[INFO ][2016-02-09 21:52:32,412][com.java.SeleniumDriver] [  213] - Execute Failed Casesfalse
[INFO ][2016-02-09 21:52:32,412][com.java.SeleniumDriver] [  214] - Browser: IE10
[INFO ][2016-02-09 21:52:32,412][com.java.SeleniumDriver] [  215] - [1, 8, 9]
[INFO ][2016-02-09 21:52:32,412][com.java.SeleniumDriver] [  216] - Total TestCases:3
[INFO ][2016-02-09 21:52:32,412][com.java.SeleniumDriver] [  217] -  Reading Properties from Property File 
[DEBUG][2016-02-09 21:52:32,413][com.java.SeleniumDriver] [  238] - url : https://clients-xuat.bankersdashboard.com
[INFO ][2016-02-09 21:52:32,414][com.java.ImportnExport.ExportTestResultsExcel] [  116] - Time Stamp Tue Feb 09 09:52:32 IST 2016
[INFO ][2016-02-09 21:52:32,414][com.java.ImportnExport.ExportTestResultsExcel] [  175] - OUT FILE : D:\BankersDashboard/TestReports/Test Results_BankersDashBoard_020916_215232_IE10_Any Bank USA.xls
[INFO ][2016-02-09 21:52:32,445][com.java.ImportnExport.ExportTestResultsExcel] [  180] - Test Result file is created
[DEBUG][2016-02-09 21:52:32,541][com.java.SeleniumDriver] [  426] - Hub ip address is-------172.17.68.34
[INFO ][2016-02-09 21:52:32,542][com.java.SeleniumDriver] [  452] - Grid URL:http://172.17.68.34:4444/wd/hub
[INFO ][2016-02-09 21:52:32,542][com.java.SeleniumDriver] [  453] - Capability:Capabilities [{platform=ANY, ensureCleanSession=true, ignoreProtectedModeSettings=true, acceptSslCerts=true, ignoreZoomSetting=true, browserName=internet explorer, browserstack.ie.noFlash=true, version=null}]
[ERROR][2016-02-09 21:52:33,903][com.java.SeleniumDriver] [  498] - Unable invoke browser in grid:Could not start a new session. Possible causes are invalid address of the remote server or browser start-up failure.
Build info: version: '2.48.2', revision: '41bccdd', time: '2015-10-09 19:59:12'
System info: host: 'FVTIII438F1D', ip: '172.17.68.34', os.name: 'Windows 7', os.arch: 'x86', os.version: '6.1', java.version: '1.7.0_55'
Driver info: driver.version: SeleniumDriver
[INFO ][2016-02-09 21:52:33,903][com.java.SeleniumDriver] [  500] - Executing on local machine
[INFO ][2016-02-09 21:52:44,239][com.java.SeleniumDriver] [  248] - IE10is opened
[INFO ][2016-02-09 21:52:45,081][com.java.SeleniumDriver] [  756] - Test cases to be executed are: [1, 8, 9]
[INFO ][2016-02-09 21:52:45,104][com.java.ImportnExport.ImportTestDataDetailsExcel] [   49] - test data details path===== D:\BankersDashboard\TestInputs\TestData.xls
[INFO ][2016-02-09 21:52:45,175][com.java.SeleniumDriver] [  856] - ------------------------------------------
[INFO ][2016-02-09 21:52:45,175][com.java.SeleniumDriver] [  857] - Test case being Executed: 1
[INFO ][2016-02-09 21:52:45,175][com.java.SeleniumDriver] [  869] - Test step:1
[INFO ][2016-02-09 21:52:45,175][com.java.SeleniumDriver] [  881] - Datavalue is----------Concept#1:1-16
[INFO ][2016-02-09 21:52:45,176][com.java.SeleniumDriver] [  905] - DataField : test
[INFO ][2016-02-09 21:52:45,176][com.java.SeleniumDriver] [  907] - DataValue : Concept#1:1-16
[INFO ][2016-02-09 21:52:45,176][com.java.SeleniumDriver] [  913] - <In Set values of the page>
[INFO ][2016-02-09 21:52:45,176][com.java.SeleniumDriver] [  916] - {Data Fields & Data Values Exist}
[INFO ][2016-02-09 21:52:45,176][com.java.SeleniumDriver] [  918] - --------------------------setting values-----------------------------
[INFO ][2016-02-09 21:52:45,176][com.java.SeleniumDriver] [  921] - Action Type : ExecuteTestCase
[INFO ][2016-02-09 21:52:45,195][com.java.TestType] [  448] - The Concept sheet name is ---------- Concept
[INFO ][2016-02-09 21:52:45,196][com.java.TestType] [  451] - The Concept ID  is ---------- 1
[DEBUG][2016-02-09 21:52:45,196][com.java.TestType] [  455] - Steps being executted in the Concept are: 1:16
[INFO ][2016-02-09 21:52:45,196][com.java.TestType] [  462] - Test data details path ---------- D:\BankersDashboard\TestInputs\TestData.xls
[INFO ][2016-02-09 21:52:45,217][com.java.TestType] [  493] -  str(1) = 1
[INFO ][2016-02-09 21:52:45,217][com.java.TestType] [  496] - Test case Id is---1
[INFO ][2016-02-09 21:52:45,217][com.java.TestType] [  498] - 1
[INFO ][2016-02-09 21:52:45,217][com.java.TestType] [  493] -  str(2) = 1
[INFO ][2016-02-09 21:52:45,219][com.java.TestType] [  493] -  str(1) = 1
[INFO ][2016-02-09 21:52:45,220][com.java.TestType] [  496] - Test case Id is---1
[INFO ][2016-02-09 21:52:45,220][com.java.TestType] [  498] - 1
[INFO ][2016-02-09 21:52:45,220][com.java.TestType] [  493] -  str(2) = 2
[INFO ][2016-02-09 21:52:45,221][com.java.TestType] [  493] -  str(1) = 1
[INFO ][2016-02-09 21:52:45,221][com.java.TestType] [  496] - Test case Id is---1
[INFO ][2016-02-09 21:52:45,221][com.java.TestType] [  498] - 1
[INFO ][2016-02-09 21:52:45,221][com.java.TestType] [  493] -  str(2) = 3
[INFO ][2016-02-09 21:52:45,223][com.java.TestType] [  493] -  str(1) = 1
[INFO ][2016-02-09 21:52:45,223][com.java.TestType] [  496] - Test case Id is---1
[INFO ][2016-02-09 21:52:45,223][com.java.TestType] [  498] - 1
[INFO ][2016-02-09 21:52:45,223][com.java.TestType] [  493] -  str(2) = 4
[INFO ][2016-02-09 21:52:45,224][com.java.TestType] [  493] -  str(1) = 1
[INFO ][2016-02-09 21:52:45,224][com.java.TestType] [  496] - Test case Id is---1
[INFO ][2016-02-09 21:52:45,224][com.java.TestType] [  498] - 1
[INFO ][2016-02-09 21:52:45,225][com.java.TestType] [  493] -  str(2) = 5
[INFO ][2016-02-09 21:52:45,227][com.java.TestType] [  493] -  str(1) = 1
[INFO ][2016-02-09 21:52:45,227][com.java.TestType] [  496] - Test case Id is---1
[INFO ][2016-02-09 21:52:45,227][com.java.TestType] [  498] - 1
[INFO ][2016-02-09 21:52:45,228][com.java.TestType] [  493] -  str(2) = 6
[INFO ][2016-02-09 21:52:45,228][com.java.TestType] [  493] -  str(1) = 1
[INFO ][2016-02-09 21:52:45,229][com.java.TestType] [  496] - Test case Id is---1
[INFO ][2016-02-09 21:52:45,229][com.java.TestType] [  498] - 1
[INFO ][2016-02-09 21:52:45,229][com.java.TestType] [  493] -  str(2) = 7
[INFO ][2016-02-09 21:52:45,229][com.java.TestType] [  493] -  str(1) = 1
[INFO ][2016-02-09 21:52:45,230][com.java.TestType] [  496] - Test case Id is---1
[INFO ][2016-02-09 21:52:45,230][com.java.TestType] [  498] - 1
[INFO ][2016-02-09 21:52:45,230][com.java.TestType] [  493] -  str(2) = 8
[INFO ][2016-02-09 21:52:45,230][com.java.TestType] [  493] -  str(1) = 1
[INFO ][2016-02-09 21:52:45,231][com.java.TestType] [  496] - Test case Id is---1
[INFO ][2016-02-09 21:52:45,231][com.java.TestType] [  498] - 1
[INFO ][2016-02-09 21:52:45,231][com.java.TestType] [  493] -  str(2) = 9
[INFO ][2016-02-09 21:52:45,231][com.java.TestType] [  493] -  str(1) = 1
[INFO ][2016-02-09 21:52:45,232][com.java.TestType] [  496] - Test case Id is---1
[INFO ][2016-02-09 21:52:45,232][com.java.TestType] [  498] - 1
[INFO ][2016-02-09 21:52:45,232][com.java.TestType] [  493] -  str(2) = 10
[INFO ][2016-02-09 21:52:45,232][com.java.TestType] [  493] -  str(1) = 1
[INFO ][2016-02-09 21:52:45,232][com.java.TestType] [  496] - Test case Id is---1
[INFO ][2016-02-09 21:52:45,233][com.java.TestType] [  498] - 1
[INFO ][2016-02-09 21:52:45,233][com.java.TestType] [  493] -  str(2) = 11
[INFO ][2016-02-09 21:52:45,233][com.java.TestType] [  493] -  str(1) = 1
[INFO ][2016-02-09 21:52:45,233][com.java.TestType] [  496] - Test case Id is---1
[INFO ][2016-02-09 21:52:45,234][com.java.TestType] [  498] - 1
[INFO ][2016-02-09 21:52:45,234][com.java.TestType] [  493] -  str(2) = 12
[INFO ][2016-02-09 21:52:45,234][com.java.TestType] [  493] -  str(1) = 1
[INFO ][2016-02-09 21:52:45,235][com.java.TestType] [  496] - Test case Id is---1
[INFO ][2016-02-09 21:52:45,235][com.java.TestType] [  498] - 1
[INFO ][2016-02-09 21:52:45,237][com.java.TestType] [  493] -  str(2) = 13
[INFO ][2016-02-09 21:52:45,237][com.java.TestType] [  493] -  str(1) = 1
[INFO ][2016-02-09 21:52:45,237][com.java.TestType] [  496] - Test case Id is---1
[INFO ][2016-02-09 21:52:45,237][com.java.TestType] [  498] - 1
[INFO ][2016-02-09 21:52:45,238][com.java.TestType] [  493] -  str(2) = 14
[INFO ][2016-02-09 21:52:45,238][com.java.TestType] [  493] -  str(1) = 1
[INFO ][2016-02-09 21:52:45,238][com.java.TestType] [  496] - Test case Id is---1
[INFO ][2016-02-09 21:52:45,238][com.java.TestType] [  498] - 1
[INFO ][2016-02-09 21:52:45,238][com.java.TestType] [  493] -  str(2) = 15
[INFO ][2016-02-09 21:52:45,239][com.java.TestType] [  493] -  str(1) = 1
[INFO ][2016-02-09 21:52:45,239][com.java.TestType] [  496] - Test case Id is---1
[INFO ][2016-02-09 21:52:45,239][com.java.TestType] [  498] - 1
[INFO ][2016-02-09 21:52:45,239][com.java.TestType] [  493] -  str(2) = 16
[INFO ][2016-02-09 21:52:45,240][com.java.TestType] [12123] - Looping 1TCID = 1
[DEBUG][2016-02-09 21:52:45,240][com.java.TestType] [12164] - Concept ID:1 :: Step being Executed: 1::1
[INFO ][2016-02-09 21:52:45,240][com.java.TestType] [12202] - dataFields : TXTusername
[DEBUG][2016-02-09 21:52:45,240][com.java.TestType] [12208] - <In Set values of the page>
[DEBUG][2016-02-09 21:52:45,240][com.java.TestType] [12213] - {Data Fields & Data Values Exist}
[INFO ][2016-02-09 21:52:45,241][com.java.TestType] [12219] - --------------------------setting values-----------------------------
[INFO ][2016-02-09 21:52:45,241][com.java.TestType] [12222] - Action Type : CLEARANDENTER
[INFO ][2016-02-09 21:52:47,536][com.java.TestType] [ 6752] - value = naresh.nayini1.00000
[INFO ][2016-02-09 21:52:49,941][com.java.TestType] [12241] -  RESULT true
[INFO ][2016-02-09 21:52:49,941][com.java.TestType] [12358] - ?   P A S S   ?
[DEBUG][2016-02-09 21:52:49,941][com.java.TestType] [12164] - Concept ID:1 :: Step being Executed: 1::2
[INFO ][2016-02-09 21:52:49,941][com.java.TestType] [12202] - dataFields : TXTpassword
[DEBUG][2016-02-09 21:52:49,942][com.java.TestType] [12208] - <In Set values of the page>
[DEBUG][2016-02-09 21:52:49,942][com.java.TestType] [12213] - {Data Fields & Data Values Exist}
[INFO ][2016-02-09 21:52:49,942][com.java.TestType] [12219] - --------------------------setting values-----------------------------
[INFO ][2016-02-09 21:52:49,942][com.java.TestType] [12222] - Action Type : CLEARANDENTER
[INFO ][2016-02-09 21:52:52,214][com.java.TestType] [ 6752] - value = Password1*
[INFO ][2016-02-09 21:52:54,757][com.java.TestType] [12241] -  RESULT true
[INFO ][2016-02-09 21:52:54,757][com.java.TestType] [12358] - ?   P A S S   ?
[DEBUG][2016-02-09 21:52:54,757][com.java.TestType] [12164] - Concept ID:1 :: Step being Executed: 1::3
[ERROR][2016-02-09 21:52:54,757][com.java.TestType] [12197] - Exception: null
[INFO ][2016-02-09 21:52:54,757][com.java.TestType] [12202] - dataFields : XPH//button[@type='submit']
[DEBUG][2016-02-09 21:52:54,757][com.java.TestType] [12208] - <In Set values of the page>
[DEBUG][2016-02-09 21:52:54,758][com.java.TestType] [12213] - {Data Fields & Data Values Exist}
[INFO ][2016-02-09 21:52:54,758][com.java.TestType] [12219] - --------------------------setting values-----------------------------
[INFO ][2016-02-09 21:52:54,758][com.java.TestType] [12222] - Action Type : Click
[INFO ][2016-02-09 21:52:54,758][com.java.TestType] [ 7153] - Field ::XPH//button[@type='submit']
[INFO ][2016-02-09 21:52:54,758][com.java.TestType] [ 6752] - value = 
[INFO ][2016-02-09 21:52:55,758][com.java.TestType] [ 7330] - BEFORE CLICK
[INFO ][2016-02-09 21:52:59,245][com.java.TestType] [ 7338] - Unable to click the object Login
[INFO ][2016-02-09 21:52:59,245][com.java.TestType] [12241] -  RESULT true
[INFO ][2016-02-09 21:52:59,245][com.java.TestType] [12358] - ?   P A S S   ?
[DEBUG][2016-02-09 21:52:59,245][com.java.TestType] [12164] - Concept ID:1 :: Step being Executed: 1::4
[INFO ][2016-02-09 21:52:59,245][com.java.TestType] [12202] - dataFields : LNKLogout
[DEBUG][2016-02-09 21:52:59,245][com.java.TestType] [12208] - <In Set values of the page>
[DEBUG][2016-02-09 21:52:59,245][com.java.TestType] [12213] - {Data Fields & Data Values Exist}
[INFO ][2016-02-09 21:52:59,245][com.java.TestType] [12219] - --------------------------setting values-----------------------------
[INFO ][2016-02-09 21:52:59,245][com.java.TestType] [12222] - Action Type : WaitForElement
[INFO ][2016-02-09 21:52:59,393][com.java.TestType] [12241] -  RESULT true
[INFO ][2016-02-09 21:52:59,393][com.java.TestType] [12358] - ?   P A S S   ?
[DEBUG][2016-02-09 21:52:59,393][com.java.TestType] [12164] - Concept ID:1 :: Step being Executed: 1::15
[INFO ][2016-02-09 21:52:59,393][com.java.TestType] [12202] - dataFields : LNK
[DEBUG][2016-02-09 21:52:59,394][com.java.TestType] [12208] - <In Set values of the page>
[DEBUG][2016-02-09 21:52:59,394][com.java.TestType] [12213] - {Data Fields & Data Values Exist}
[INFO ][2016-02-09 21:52:59,394][com.java.TestType] [12219] - --------------------------setting values-----------------------------
[INFO ][2016-02-09 21:52:59,394][com.java.TestType] [12222] - Action Type : Verify
[INFO ][2016-02-09 21:52:59,395][com.java.TestType] [ 8386] - field= LNK value= Logout
[INFO ][2016-02-09 21:52:59,396][com.java.TestType] [ 6752] - value = Logout
[INFO ][2016-02-09 21:52:59,456][com.java.TestType] [12241] -  RESULT true
[INFO ][2016-02-09 21:52:59,457][com.java.TestType] [12358] - ?   P A S S   ?
[DEBUG][2016-02-09 21:52:59,457][com.java.TestType] [12164] - Concept ID:1 :: Step being Executed: 1::16
[INFO ][2016-02-09 21:52:59,457][com.java.TestType] [12202] - dataFields : BTN
[DEBUG][2016-02-09 21:52:59,457][com.java.TestType] [12208] - <In Set values of the page>
[DEBUG][2016-02-09 21:52:59,457][com.java.TestType] [12213] - {Data Fields & Data Values Exist}
[INFO ][2016-02-09 21:52:59,457][com.java.TestType] [12219] - --------------------------setting values-----------------------------
[INFO ][2016-02-09 21:52:59,457][com.java.TestType] [12222] - Action Type : Verify
[INFO ][2016-02-09 21:52:59,457][com.java.TestType] [ 8386] - field= BTN value= //img[contains(@src,'bdlogo.jpg')]
[INFO ][2016-02-09 21:52:59,457][com.java.TestType] [ 6752] - value = //img[contains(@src,'bdlogo.jpg')]
[INFO ][2016-02-09 21:52:59,528][com.java.TestType] [12241] -  RESULT true
[INFO ][2016-02-09 21:52:59,528][com.java.TestType] [12358] - ?   P A S S   ?
[INFO ][2016-02-09 21:52:59,528][com.java.TestType] [12429] - Looping End......
[INFO ][2016-02-09 21:52:59,530][com.java.SeleniumDriver] [  930] -  RESULT true
[INFO ][2016-02-09 21:52:59,530][com.java.SeleniumDriver] [ 1136] - ?   P A S S   ?
[INFO ][2016-02-09 21:52:59,530][com.java.SeleniumDriver] [  856] - ------------------------------------------
[INFO ][2016-02-09 21:52:59,530][com.java.SeleniumDriver] [  857] - Test case being Executed: 1
[INFO ][2016-02-09 21:52:59,530][com.java.SeleniumDriver] [  869] - Test step:2
[INFO ][2016-02-09 21:52:59,530][com.java.SeleniumDriver] [  881] - Datavalue is----------Concept#2:1-2
[INFO ][2016-02-09 21:52:59,530][com.java.SeleniumDriver] [  905] - DataField : test
[INFO ][2016-02-09 21:52:59,530][com.java.SeleniumDriver] [  907] - DataValue : Concept#2:1-2
[INFO ][2016-02-09 21:52:59,530][com.java.SeleniumDriver] [  913] - <In Set values of the page>
[INFO ][2016-02-09 21:52:59,530][com.java.SeleniumDriver] [  916] - {Data Fields & Data Values Exist}
[INFO ][2016-02-09 21:52:59,531][com.java.SeleniumDriver] [  918] - --------------------------setting values-----------------------------
[INFO ][2016-02-09 21:52:59,531][com.java.SeleniumDriver] [  921] - Action Type : ExecuteTestCase
[INFO ][2016-02-09 21:52:59,531][com.java.TestType] [  448] - The Concept sheet name is ---------- Concept
[INFO ][2016-02-09 21:52:59,531][com.java.TestType] [  451] - The Concept ID  is ---------- 2
[DEBUG][2016-02-09 21:52:59,531][com.java.TestType] [  455] - Steps being executted in the Concept are: 1:2
[INFO ][2016-02-09 21:52:59,531][com.java.TestType] [  462] - Test data details path ---------- D:\BankersDashboard\TestInputs\TestData.xls
[INFO ][2016-02-09 21:52:59,550][com.java.TestType] [  493] -  str(1) = 2
[INFO ][2016-02-09 21:52:59,551][com.java.TestType] [  496] - Test case Id is---2
[INFO ][2016-02-09 21:52:59,551][com.java.TestType] [  498] - 2
[INFO ][2016-02-09 21:52:59,551][com.java.TestType] [  493] -  str(2) = 1
[INFO ][2016-02-09 21:52:59,553][com.java.TestType] [  493] -  str(1) = 2
[INFO ][2016-02-09 21:52:59,553][com.java.TestType] [  496] - Test case Id is---2
[INFO ][2016-02-09 21:52:59,553][com.java.TestType] [  498] - 2
[INFO ][2016-02-09 21:52:59,553][com.java.TestType] [  493] -  str(2) = 2
[INFO ][2016-02-09 21:52:59,553][com.java.TestType] [  493] -  str(1) = 2
[INFO ][2016-02-09 21:52:59,553][com.java.TestType] [  496] - Test case Id is---2
[INFO ][2016-02-09 21:52:59,554][com.java.TestType] [  498] - 2
[INFO ][2016-02-09 21:52:59,554][com.java.TestType] [  493] -  str(2) = 3
[INFO ][2016-02-09 21:52:59,554][com.java.TestType] [12123] - Looping 1TCID = 2
[DEBUG][2016-02-09 21:52:59,554][com.java.TestType] [12164] - Concept ID:2 :: Step being Executed: 2::1
[INFO ][2016-02-09 21:52:59,554][com.java.TestType] [12202] - dataFields : BNK//select[@id='bank']
[DEBUG][2016-02-09 21:52:59,555][com.java.TestType] [12208] - <In Set values of the page>
[DEBUG][2016-02-09 21:52:59,555][com.java.TestType] [12213] - {Data Fields & Data Values Exist}
[INFO ][2016-02-09 21:52:59,555][com.java.TestType] [12219] - --------------------------setting values-----------------------------
[INFO ][2016-02-09 21:52:59,555][com.java.TestType] [12222] - Action Type : Select
[INFO ][2016-02-09 21:52:59,555][com.java.TestType] [ 6752] - value = PFC
[INFO ][2016-02-09 21:52:59,809][com.java.TestType] [12241] -  RESULT true
[INFO ][2016-02-09 21:52:59,809][com.java.TestType] [12358] - ?   P A S S   ?
[DEBUG][2016-02-09 21:52:59,809][com.java.TestType] [12164] - Concept ID:2 :: Step being Executed: 2::2
[INFO ][2016-02-09 21:52:59,809][com.java.TestType] [12202] - dataFields : LNKLogout
[DEBUG][2016-02-09 21:52:59,809][com.java.TestType] [12208] - <In Set values of the page>
[DEBUG][2016-02-09 21:52:59,809][com.java.TestType] [12213] - {Data Fields & Data Values Exist}
[INFO ][2016-02-09 21:52:59,809][com.java.TestType] [12219] - --------------------------setting values-----------------------------
[INFO ][2016-02-09 21:52:59,809][com.java.TestType] [12222] - Action Type : WaitTime
[DEBUG][2016-02-09 21:52:59,810][com.java.TestType] [ 6561] - sleepTime: 5000
[INFO ][2016-02-09 21:53:04,810][com.java.TestType] [12241] -  RESULT true
[INFO ][2016-02-09 21:53:04,810][com.java.TestType] [12358] - ?   P A S S   ?
[INFO ][2016-02-09 21:53:04,810][com.java.TestType] [12429] - Looping End......
[INFO ][2016-02-09 21:53:04,812][com.java.SeleniumDriver] [  930] -  RESULT true
[INFO ][2016-02-09 21:53:04,812][com.java.SeleniumDriver] [ 1136] - ?   P A S S   ?
[INFO ][2016-02-09 21:53:04,812][com.java.SeleniumDriver] [  856] - ------------------------------------------
[INFO ][2016-02-09 21:53:04,812][com.java.SeleniumDriver] [  857] - Test case being Executed: 1
[INFO ][2016-02-09 21:53:04,812][com.java.SeleniumDriver] [  869] - Test step:3
[INFO ][2016-02-09 21:53:04,812][com.java.SeleniumDriver] [  881] - Datavalue is----------2
[INFO ][2016-02-09 21:53:04,812][com.java.SeleniumDriver] [  905] - DataField : XPH//button[contains(text(),'Add Content')]
[INFO ][2016-02-09 21:53:04,812][com.java.SeleniumDriver] [  907] - DataValue : 2
[INFO ][2016-02-09 21:53:04,812][com.java.SeleniumDriver] [  913] - <In Set values of the page>
[INFO ][2016-02-09 21:53:04,812][com.java.SeleniumDriver] [  916] - {Data Fields & Data Values Exist}
[INFO ][2016-02-09 21:53:04,812][com.java.SeleniumDriver] [  918] - --------------------------setting values-----------------------------
[INFO ][2016-02-09 21:53:04,812][com.java.SeleniumDriver] [  921] - Action Type : WAITFORELEMENT
[INFO ][2016-02-09 21:53:04,860][com.java.SeleniumDriver] [  930] -  RESULT true
[INFO ][2016-02-09 21:53:04,860][com.java.SeleniumDriver] [ 1136] - ?   P A S S   ?
[DEBUG][2016-02-09 21:53:04,860][com.java.SeleniumDriver] [ 1248] - Case found
[DEBUG][2016-02-09 21:53:04,860][com.java.SeleniumDriver] [ 1253] - Incrementing ReportCounters[0]:1
[INFO ][2016-02-09 21:53:04,861][com.java.SeleniumDriver] [ 1272] - The results are-------------------[1, 1, Valid Login, Pass, , Tue Feb 09 21:52:59 IST 2016, 1, 2, Valid Login, Pass, , Tue Feb 09 21:53:04 IST 2016, 1, 3, Valid Login, Pass, , Tue Feb 09 21:53:04 IST 2016]
[INFO ][2016-02-09 21:53:04,861][com.java.SeleniumDriver] [ 1276] - End time is-------34 sec
[INFO ][2016-02-09 21:53:04,861][com.java.SeleniumDriver] [ 1277] - The results are-------------------[1, 1, Valid Login, Pass, , Tue Feb 09 21:52:59 IST 2016, 1, 2, Valid Login, Pass, , Tue Feb 09 21:53:04 IST 2016, 1, 3, Valid Login, Pass, , Tue Feb 09 21:53:04 IST 2016]
[DEBUG][2016-02-09 21:53:04,861][com.java.ImportnExport.ExportTestResultsExcel] [  222] - testResultPath = D:\BankersDashboard/TestReports/Test Results_BankersDashBoard_020916_215232_IE10_Any Bank USA.xls
[DEBUG][2016-02-09 21:53:04,861][com.java.ImportnExport.ExportTestResultsExcel] [  223] - browser is------------IE10
[DEBUG][2016-02-09 21:53:04,910][com.java.ImportnExport.ExportTestResultsExcel] [  270] - result.size() = 18
[DEBUG][2016-02-09 21:53:04,910][com.java.ImportnExport.ExportTestResultsExcel] [  274] - No of rows in sheet=1
[DEBUG][2016-02-09 21:53:04,910][com.java.ImportnExport.ExportTestResultsExcel] [  301] - ..in export..1
[DEBUG][2016-02-09 21:53:04,910][com.java.ImportnExport.ExportTestResultsExcel] [  301] - ..in export..Valid Login
[DEBUG][2016-02-09 21:53:04,910][com.java.ImportnExport.ExportTestResultsExcel] [  301] - ..in export..Pass
[DEBUG][2016-02-09 21:53:04,910][com.java.ImportnExport.ExportTestResultsExcel] [  301] - ..in export..
[DEBUG][2016-02-09 21:53:04,911][com.java.ImportnExport.ExportTestResultsExcel] [  301] - ..in export..Tue Feb 09 21:52:59 IST 2016
[INFO ][2016-02-09 21:53:04,912][com.java.SeleniumDriver] [ 1337] - out loop:0 size:3 TestCases:[1, 8, 9] testcases:[1, 8, 9]
[INFO ][2016-02-09 21:53:04,913][com.java.ImportnExport.ImportTestDataDetailsExcel] [   49] - test data details path===== D:\BankersDashboard\TestInputs\TestData.xls
[INFO ][2016-02-09 21:53:20,281][com.java.SeleniumDriver] [  856] - ------------------------------------------
[INFO ][2016-02-09 21:53:20,281][com.java.SeleniumDriver] [  857] - Test case being Executed: 8
[INFO ][2016-02-09 21:53:20,281][com.java.SeleniumDriver] [  869] - Test step:1
[INFO ][2016-02-09 21:53:20,281][com.java.SeleniumDriver] [  881] - Datavalue is----------Logout
[INFO ][2016-02-09 21:53:20,281][com.java.SeleniumDriver] [  905] - DataField : BTN
[INFO ][2016-02-09 21:53:20,281][com.java.SeleniumDriver] [  907] - DataValue : Logout
[INFO ][2016-02-09 21:53:20,281][com.java.SeleniumDriver] [  913] - <In Set values of the page>
[INFO ][2016-02-09 21:53:20,281][com.java.SeleniumDriver] [  916] - {Data Fields & Data Values Exist}
[INFO ][2016-02-09 21:53:20,281][com.java.SeleniumDriver] [  918] - --------------------------setting values-----------------------------
[INFO ][2016-02-09 21:53:20,281][com.java.SeleniumDriver] [  921] - Action Type : Verify
[INFO ][2016-02-09 21:53:20,281][com.java.TestType] [ 8386] - field= BTN value= Logout
[INFO ][2016-02-09 21:53:20,281][com.java.TestType] [ 6752] - value = Logout
[INFO ][2016-02-09 21:53:20,373][com.java.SeleniumDriver] [  930] -  RESULT true
[INFO ][2016-02-09 21:53:20,373][com.java.SeleniumDriver] [ 1136] - ?   P A S S   ?
[INFO ][2016-02-09 21:53:20,373][com.java.SeleniumDriver] [ 1178] - step change to 3
[INFO ][2016-02-09 21:53:20,373][com.java.SeleniumDriver] [  856] - ------------------------------------------
[INFO ][2016-02-09 21:53:20,373][com.java.SeleniumDriver] [  857] - Test case being Executed: 8
[INFO ][2016-02-09 21:53:20,374][com.java.SeleniumDriver] [  869] - Test step:3
[INFO ][2016-02-09 21:53:20,374][com.java.SeleniumDriver] [  881] - Datavalue is----------Concept#2:1-3
[INFO ][2016-02-09 21:53:20,374][com.java.SeleniumDriver] [  905] - DataField : test
[INFO ][2016-02-09 21:53:20,374][com.java.SeleniumDriver] [  907] - DataValue : Concept#2:1-3
[INFO ][2016-02-09 21:53:20,374][com.java.SeleniumDriver] [  913] - <In Set values of the page>
[INFO ][2016-02-09 21:53:20,374][com.java.SeleniumDriver] [  916] - {Data Fields & Data Values Exist}
[INFO ][2016-02-09 21:53:20,374][com.java.SeleniumDriver] [  918] - --------------------------setting values-----------------------------
[INFO ][2016-02-09 21:53:20,374][com.java.SeleniumDriver] [  921] - Action Type : ExecuteTestCase
[INFO ][2016-02-09 21:53:20,374][com.java.TestType] [  448] - The Concept sheet name is ---------- Concept
[INFO ][2016-02-09 21:53:20,374][com.java.TestType] [  451] - The Concept ID  is ---------- 2
[DEBUG][2016-02-09 21:53:20,374][com.java.TestType] [  455] - Steps being executted in the Concept are: 1:3
[INFO ][2016-02-09 21:53:20,374][com.java.TestType] [  462] - Test data details path ---------- D:\BankersDashboard\TestInputs\TestData.xls
[INFO ][2016-02-09 21:53:20,392][com.java.TestType] [  493] -  str(1) = 2
[INFO ][2016-02-09 21:53:20,392][com.java.TestType] [  496] - Test case Id is---2
[INFO ][2016-02-09 21:53:20,392][com.java.TestType] [  498] - 2
[INFO ][2016-02-09 21:53:20,392][com.java.TestType] [  493] -  str(2) = 1
[INFO ][2016-02-09 21:53:20,393][com.java.TestType] [  493] -  str(1) = 2
[INFO ][2016-02-09 21:53:20,393][com.java.TestType] [  496] - Test case Id is---2
[INFO ][2016-02-09 21:53:20,393][com.java.TestType] [  498] - 2
[INFO ][2016-02-09 21:53:20,393][com.java.TestType] [  493] -  str(2) = 2
[INFO ][2016-02-09 21:53:20,394][com.java.TestType] [  493] -  str(1) = 2
[INFO ][2016-02-09 21:53:20,394][com.java.TestType] [  496] - Test case Id is---2
[INFO ][2016-02-09 21:53:20,394][com.java.TestType] [  498] - 2
[INFO ][2016-02-09 21:53:20,394][com.java.TestType] [  493] -  str(2) = 3
[INFO ][2016-02-09 21:53:20,395][com.java.TestType] [12123] - Looping 1TCID = 2
[DEBUG][2016-02-09 21:53:20,395][com.java.TestType] [12164] - Concept ID:2 :: Step being Executed: 2::1
[INFO ][2016-02-09 21:53:20,395][com.java.TestType] [12202] - dataFields : BNK//select[@id='bank']
[DEBUG][2016-02-09 21:53:20,395][com.java.TestType] [12208] - <In Set values of the page>
[DEBUG][2016-02-09 21:53:20,395][com.java.TestType] [12213] - {Data Fields & Data Values Exist}
[INFO ][2016-02-09 21:53:20,395][com.java.TestType] [12219] - --------------------------setting values-----------------------------
[INFO ][2016-02-09 21:53:20,395][com.java.TestType] [12222] - Action Type : Select
[INFO ][2016-02-09 21:53:20,395][com.java.TestType] [ 6752] - value = PFC
[INFO ][2016-02-09 21:53:20,698][com.java.TestType] [12241] -  RESULT true
[INFO ][2016-02-09 21:53:20,698][com.java.TestType] [12358] - ?   P A S S   ?
[DEBUG][2016-02-09 21:53:20,698][com.java.TestType] [12164] - Concept ID:2 :: Step being Executed: 2::2
[INFO ][2016-02-09 21:53:20,698][com.java.TestType] [12202] - dataFields : LNKLogout
[DEBUG][2016-02-09 21:53:20,698][com.java.TestType] [12208] - <In Set values of the page>
[DEBUG][2016-02-09 21:53:20,698][com.java.TestType] [12213] - {Data Fields & Data Values Exist}
[INFO ][2016-02-09 21:53:20,698][com.java.TestType] [12219] - --------------------------setting values-----------------------------
[INFO ][2016-02-09 21:53:20,698][com.java.TestType] [12222] - Action Type : WaitTime
[DEBUG][2016-02-09 21:53:20,698][com.java.TestType] [ 6561] - sleepTime: 5000
[INFO ][2016-02-09 21:53:25,698][com.java.TestType] [12241] -  RESULT true
[INFO ][2016-02-09 21:53:25,698][com.java.TestType] [12358] - ?   P A S S   ?
[DEBUG][2016-02-09 21:53:25,698][com.java.TestType] [12164] - Concept ID:2 :: Step being Executed: 2::3
[INFO ][2016-02-09 21:53:25,699][com.java.TestType] [12202] - dataFields : LNKLogout
[DEBUG][2016-02-09 21:53:25,699][com.java.TestType] [12208] - <In Set values of the page>
[DEBUG][2016-02-09 21:53:25,699][com.java.TestType] [12213] - {Data Fields & Data Values Exist}
[INFO ][2016-02-09 21:53:25,699][com.java.TestType] [12219] - --------------------------setting values-----------------------------
[INFO ][2016-02-09 21:53:25,699][com.java.TestType] [12222] - Action Type : WaitForElement
[INFO ][2016-02-09 21:53:25,745][com.java.TestType] [12241] -  RESULT true
[INFO ][2016-02-09 21:53:25,745][com.java.TestType] [12358] - ?   P A S S   ?
[INFO ][2016-02-09 21:53:25,745][com.java.TestType] [12429] - Looping End......
[INFO ][2016-02-09 21:53:25,747][com.java.SeleniumDriver] [  930] -  RESULT true
[INFO ][2016-02-09 21:53:25,747][com.java.SeleniumDriver] [ 1136] - ?   P A S S   ?
[INFO ][2016-02-09 21:53:25,747][com.java.SeleniumDriver] [  856] - ------------------------------------------
[INFO ][2016-02-09 21:53:25,747][com.java.SeleniumDriver] [  857] - Test case being Executed: 8
[INFO ][2016-02-09 21:53:25,747][com.java.SeleniumDriver] [  869] - Test step:4
[INFO ][2016-02-09 21:53:25,747][com.java.SeleniumDriver] [  881] - Datavalue is----------Concept#12:1-11
[INFO ][2016-02-09 21:53:25,747][com.java.SeleniumDriver] [  905] - DataField : test
[INFO ][2016-02-09 21:53:25,747][com.java.SeleniumDriver] [  907] - DataValue : Concept#12:1-11
[INFO ][2016-02-09 21:53:25,747][com.java.SeleniumDriver] [  913] - <In Set values of the page>
[INFO ][2016-02-09 21:53:25,748][com.java.SeleniumDriver] [  916] - {Data Fields & Data Values Exist}
[INFO ][2016-02-09 21:53:25,748][com.java.SeleniumDriver] [  918] - --------------------------setting values-----------------------------
[INFO ][2016-02-09 21:53:25,748][com.java.SeleniumDriver] [  921] - Action Type : ExecuteTestCase
[INFO ][2016-02-09 21:53:25,748][com.java.TestType] [  448] - The Concept sheet name is ---------- Concept
[INFO ][2016-02-09 21:53:25,748][com.java.TestType] [  451] - The Concept ID  is ---------- 12
[DEBUG][2016-02-09 21:53:25,748][com.java.TestType] [  455] - Steps being executted in the Concept are: 1:11
[INFO ][2016-02-09 21:53:25,748][com.java.TestType] [  462] - Test data details path ---------- D:\BankersDashboard\TestInputs\TestData.xls
[INFO ][2016-02-09 21:53:25,768][com.java.TestType] [  493] -  str(1) = 12
[INFO ][2016-02-09 21:53:25,768][com.java.TestType] [  496] - Test case Id is---12
[INFO ][2016-02-09 21:53:25,768][com.java.TestType] [  498] - 12
[INFO ][2016-02-09 21:53:25,768][com.java.TestType] [  493] -  str(2) = 1
[INFO ][2016-02-09 21:53:25,770][com.java.TestType] [  493] -  str(1) = 12
[INFO ][2016-02-09 21:53:25,770][com.java.TestType] [  496] - Test case Id is---12
[INFO ][2016-02-09 21:53:25,770][com.java.TestType] [  498] - 12
[INFO ][2016-02-09 21:53:25,770][com.java.TestType] [  493] -  str(2) = 2
[INFO ][2016-02-09 21:53:25,771][com.java.TestType] [  493] -  str(1) = 12
[INFO ][2016-02-09 21:53:25,771][com.java.TestType] [  496] - Test case Id is---12
[INFO ][2016-02-09 21:53:25,771][com.java.TestType] [  498] - 12
[INFO ][2016-02-09 21:53:25,771][com.java.TestType] [  493] -  str(2) = 3
[INFO ][2016-02-09 21:53:25,771][com.java.TestType] [  493] -  str(1) = 12
[INFO ][2016-02-09 21:53:25,772][com.java.TestType] [  496] - Test case Id is---12
[INFO ][2016-02-09 21:53:25,772][com.java.TestType] [  498] - 12
[INFO ][2016-02-09 21:53:25,772][com.java.TestType] [  493] -  str(2) = 4
[INFO ][2016-02-09 21:53:25,773][com.java.TestType] [  493] -  str(1) = 12
[INFO ][2016-02-09 21:53:25,773][com.java.TestType] [  496] - Test case Id is---12
[INFO ][2016-02-09 21:53:25,773][com.java.TestType] [  498] - 12
[INFO ][2016-02-09 21:53:25,773][com.java.TestType] [  493] -  str(2) = 5
[INFO ][2016-02-09 21:53:25,774][com.java.TestType] [  493] -  str(1) = 12
[INFO ][2016-02-09 21:53:25,774][com.java.TestType] [  496] - Test case Id is---12
[INFO ][2016-02-09 21:53:25,774][com.java.TestType] [  498] - 12
[INFO ][2016-02-09 21:53:25,774][com.java.TestType] [  493] -  str(2) = 6
[INFO ][2016-02-09 21:53:25,774][com.java.TestType] [  493] -  str(1) = 12
[INFO ][2016-02-09 21:53:25,774][com.java.TestType] [  496] - Test case Id is---12
[INFO ][2016-02-09 21:53:25,775][com.java.TestType] [  498] - 12
[INFO ][2016-02-09 21:53:25,775][com.java.TestType] [  493] -  str(2) = 7
[INFO ][2016-02-09 21:53:25,775][com.java.TestType] [  493] -  str(1) = 12
[INFO ][2016-02-09 21:53:25,775][com.java.TestType] [  496] - Test case Id is---12
[INFO ][2016-02-09 21:53:25,775][com.java.TestType] [  498] - 12
[INFO ][2016-02-09 21:53:25,775][com.java.TestType] [  493] -  str(2) = 8
[INFO ][2016-02-09 21:53:25,776][com.java.TestType] [  493] -  str(1) = 12
[INFO ][2016-02-09 21:53:25,776][com.java.TestType] [  496] - Test case Id is---12
[INFO ][2016-02-09 21:53:25,776][com.java.TestType] [  498] - 12
[INFO ][2016-02-09 21:53:25,776][com.java.TestType] [  493] -  str(2) = 9
[INFO ][2016-02-09 21:53:25,777][com.java.TestType] [  493] -  str(1) = 12
[INFO ][2016-02-09 21:53:25,777][com.java.TestType] [  496] - Test case Id is---12
[INFO ][2016-02-09 21:53:25,777][com.java.TestType] [  498] - 12
[INFO ][2016-02-09 21:53:25,777][com.java.TestType] [  493] -  str(2) = 10
[INFO ][2016-02-09 21:53:25,778][com.java.TestType] [  493] -  str(1) = 12
[INFO ][2016-02-09 21:53:25,778][com.java.TestType] [  496] - Test case Id is---12
[INFO ][2016-02-09 21:53:25,778][com.java.TestType] [  498] - 12
[INFO ][2016-02-09 21:53:25,778][com.java.TestType] [  493] -  str(2) = 11
[INFO ][2016-02-09 21:53:25,779][com.java.TestType] [12123] - Looping 1TCID = 12
[DEBUG][2016-02-09 21:53:25,779][com.java.TestType] [12164] - Concept ID:12 :: Step being Executed: 12::1
[ERROR][2016-02-09 21:53:25,779][com.java.TestType] [12197] - Exception: null
[INFO ][2016-02-09 21:53:25,779][com.java.TestType] [12202] - dataFields : BTNparent
[DEBUG][2016-02-09 21:53:25,779][com.java.TestType] [12208] - <In Set values of the page>
[DEBUG][2016-02-09 21:53:25,779][com.java.TestType] [12213] - {Data Fields & Data Values Exist}
[INFO ][2016-02-09 21:53:25,779][com.java.TestType] [12219] - --------------------------setting values-----------------------------
[INFO ][2016-02-09 21:53:25,779][com.java.TestType] [12222] - Action Type : SELECTFRAME
[INFO ][2016-02-09 21:53:25,795][com.java.TestType] [12241] -  RESULT true
[INFO ][2016-02-09 21:53:25,795][com.java.TestType] [12358] - ?   P A S S   ?
[DEBUG][2016-02-09 21:53:25,795][com.java.TestType] [12164] - Concept ID:12 :: Step being Executed: 12::2
[INFO ][2016-02-09 21:53:25,795][com.java.TestType] [12202] - dataFields : test
[DEBUG][2016-02-09 21:53:25,795][com.java.TestType] [12208] - <In Set values of the page>
[DEBUG][2016-02-09 21:53:25,795][com.java.TestType] [12213] - {Data Fields & Data Values Exist}
[INFO ][2016-02-09 21:53:25,795][com.java.TestType] [12219] - --------------------------setting values-----------------------------
[INFO ][2016-02-09 21:53:25,795][com.java.TestType] [12222] - Action Type : OPENURL
[INFO ][2016-02-09 21:53:25,796][com.java.TestType] [ 6752] - value = https://clients-xuat.bankersdashboard.com
[INFO ][2016-02-09 21:53:25,796][com.java.TestType] [  364] - Open URL : https://clients-xuat.bankersdashboard.com
[INFO ][2016-02-09 21:53:28,341][com.java.TestType] [12241] -  RESULT true
[INFO ][2016-02-09 21:53:28,341][com.java.TestType] [12358] - ?   P A S S   ?
[DEBUG][2016-02-09 21:53:28,341][com.java.TestType] [12164] - Concept ID:12 :: Step being Executed: 12::3
[ERROR][2016-02-09 21:53:28,341][com.java.TestType] [12197] - Exception: null
[INFO ][2016-02-09 21:53:28,341][com.java.TestType] [12202] - dataFields : //span[@class='icon-cog2']&&//a[@data-id="UserSettings"]
[DEBUG][2016-02-09 21:53:28,341][com.java.TestType] [12208] - <In Set values of the page>
[DEBUG][2016-02-09 21:53:28,341][com.java.TestType] [12213] - {Data Fields & Data Values Exist}
[INFO ][2016-02-09 21:53:28,341][com.java.TestType] [12219] - --------------------------setting values-----------------------------
[INFO ][2016-02-09 21:53:28,341][com.java.TestType] [12222] - Action Type : MOUSEOVER
[INFO ][2016-02-09 21:54:09,586][com.java.TestType] [12241] -  RESULT true
[INFO ][2016-02-09 21:54:09,586][com.java.TestType] [12358] - ?   P A S S   ?
[DEBUG][2016-02-09 21:54:09,587][com.java.TestType] [12164] - Concept ID:12 :: Step being Executed: 12::4
[INFO ][2016-02-09 21:54:09,587][com.java.TestType] [12202] - dataFields : BTNframeDialogContent
[DEBUG][2016-02-09 21:54:09,587][com.java.TestType] [12208] - <In Set values of the page>
[DEBUG][2016-02-09 21:54:09,587][com.java.TestType] [12213] - {Data Fields & Data Values Exist}
[INFO ][2016-02-09 21:54:09,587][com.java.TestType] [12219] - --------------------------setting values-----------------------------
[INFO ][2016-02-09 21:54:09,587][com.java.TestType] [12222] - Action Type : WaitForElement
[INFO ][2016-02-09 21:54:10,875][com.java.TestType] [12241] -  RESULT true
[INFO ][2016-02-09 21:54:10,875][com.java.TestType] [12358] - ?   P A S S   ?
[DEBUG][2016-02-09 21:54:10,876][com.java.TestType] [12164] - Concept ID:12 :: Step being Executed: 12::5
[ERROR][2016-02-09 21:54:10,876][com.java.TestType] [12197] - Exception: null
[INFO ][2016-02-09 21:54:10,876][com.java.TestType] [12202] - dataFields : BTNframeDialogContent
[DEBUG][2016-02-09 21:54:10,876][com.java.TestType] [12208] - <In Set values of the page>
[DEBUG][2016-02-09 21:54:10,876][com.java.TestType] [12213] - {Data Fields & Data Values Exist}
[INFO ][2016-02-09 21:54:10,876][com.java.TestType] [12219] - --------------------------setting values-----------------------------
[INFO ][2016-02-09 21:54:10,876][com.java.TestType] [12222] - Action Type : SELECTFRAME
[INFO ][2016-02-09 21:54:12,193][com.java.TestType] [12241] -  RESULT true
[INFO ][2016-02-09 21:54:12,193][com.java.TestType] [12358] - ?   P A S S   ?
[DEBUG][2016-02-09 21:54:12,193][com.java.TestType] [12164] - Concept ID:12 :: Step being Executed: 12::6
[INFO ][2016-02-09 21:54:12,194][com.java.TestType] [12202] - dataFields : SLBddlRoundingValue
[DEBUG][2016-02-09 21:54:12,194][com.java.TestType] [12208] - <In Set values of the page>
[DEBUG][2016-02-09 21:54:12,194][com.java.TestType] [12213] - {Data Fields & Data Values Exist}
[INFO ][2016-02-09 21:54:12,194][com.java.TestType] [12219] - --------------------------setting values-----------------------------
[INFO ][2016-02-09 21:54:12,195][com.java.TestType] [12222] - Action Type : SELECT
[INFO ][2016-02-09 21:54:12,195][com.java.TestType] [ 6752] - value = 1
[INFO ][2016-02-09 21:54:14,524][com.java.TestType] [12241] -  RESULT true
[INFO ][2016-02-09 21:54:14,524][com.java.TestType] [12358] - ?   P A S S   ?
[DEBUG][2016-02-09 21:54:14,524][com.java.TestType] [12164] - Concept ID:12 :: Step being Executed: 12::7
[ERROR][2016-02-09 21:54:14,524][com.java.TestType] [12197] - Exception: null
[INFO ][2016-02-09 21:54:14,524][com.java.TestType] [12202] - dataFields : BTNparent
[DEBUG][2016-02-09 21:54:14,524][com.java.TestType] [12208] - <In Set values of the page>
[DEBUG][2016-02-09 21:54:14,525][com.java.TestType] [12213] - {Data Fields & Data Values Exist}
[INFO ][2016-02-09 21:54:14,525][com.java.TestType] [12219] - --------------------------setting values-----------------------------
[INFO ][2016-02-09 21:54:14,525][com.java.TestType] [12222] - Action Type : SELECTFRAME
[INFO ][2016-02-09 21:54:14,540][com.java.TestType] [12241] -  RESULT true
[INFO ][2016-02-09 21:54:14,540][com.java.TestType] [12358] - ?   P A S S   ?
[DEBUG][2016-02-09 21:54:14,540][com.java.TestType] [12164] - Concept ID:12 :: Step being Executed: 12::8
[ERROR][2016-02-09 21:54:14,540][com.java.TestType] [12197] - Exception: null
[INFO ][2016-02-09 21:54:14,540][com.java.TestType] [12202] - dataFields : BTN//span[text()='Finished']
[DEBUG][2016-02-09 21:54:14,540][com.java.TestType] [12208] - <In Set values of the page>
[DEBUG][2016-02-09 21:54:14,541][com.java.TestType] [12213] - {Data Fields & Data Values Exist}
[INFO ][2016-02-09 21:54:14,541][com.java.TestType] [12219] - --------------------------setting values-----------------------------
[INFO ][2016-02-09 21:54:14,541][com.java.TestType] [12222] - Action Type : Click
[INFO ][2016-02-09 21:54:14,541][com.java.TestType] [ 7153] - Field ::BTN//span[text()='Finished']
[INFO ][2016-02-09 21:54:14,541][com.java.TestType] [ 6752] - value = 
[INFO ][2016-02-09 21:54:15,541][com.java.TestType] [ 7309] - BEFORE CLICK
[INFO ][2016-02-09 21:54:15,910][com.java.TestType] [ 7316] - Unable to click the object Finished button
[INFO ][2016-02-09 21:54:15,910][com.java.TestType] [12241] -  RESULT true
[INFO ][2016-02-09 21:54:15,910][com.java.TestType] [12358] - ?   P A S S   ?
[DEBUG][2016-02-09 21:54:15,910][com.java.TestType] [12164] - Concept ID:12 :: Step being Executed: 12::9
[INFO ][2016-02-09 21:54:15,910][com.java.TestType] [12202] - dataFields : XPH//div[contains(text(), 'My Dashboard')]
[DEBUG][2016-02-09 21:54:15,910][com.java.TestType] [12208] - <In Set values of the page>
[DEBUG][2016-02-09 21:54:15,910][com.java.TestType] [12213] - {Data Fields & Data Values Exist}
[INFO ][2016-02-09 21:54:15,911][com.java.TestType] [12219] - --------------------------setting values-----------------------------
[INFO ][2016-02-09 21:54:15,911][com.java.TestType] [12222] - Action Type : WAITFORELEMENT
[INFO ][2016-02-09 21:54:15,946][com.java.TestType] [12241] -  RESULT true
[INFO ][2016-02-09 21:54:15,946][com.java.TestType] [12358] - ?   P A S S   ?
[DEBUG][2016-02-09 21:54:15,946][com.java.TestType] [12164] - Concept ID:12 :: Step being Executed: 12::10
[INFO ][2016-02-09 21:54:15,946][com.java.TestType] [12202] - dataFields : null
[DEBUG][2016-02-09 21:54:15,947][com.java.TestType] [12208] - <In Set values of the page>
[INFO ][2016-02-09 21:54:15,947][com.java.TestType] [12358] - ?   P A S S   ?
[DEBUG][2016-02-09 21:54:15,947][com.java.TestType] [12164] - Concept ID:12 :: Step being Executed: 12::11
[ERROR][2016-02-09 21:54:15,947][com.java.TestType] [12197] - Exception: null
[INFO ][2016-02-09 21:54:15,947][com.java.TestType] [12202] - dataFields : BTNcloseAllTabs
[DEBUG][2016-02-09 21:54:15,947][com.java.TestType] [12208] - <In Set values of the page>
[DEBUG][2016-02-09 21:54:15,947][com.java.TestType] [12213] - {Data Fields & Data Values Exist}
[INFO ][2016-02-09 21:54:15,947][com.java.TestType] [12219] - --------------------------setting values-----------------------------
[INFO ][2016-02-09 21:54:15,947][com.java.TestType] [12222] - Action Type : CLICK
[INFO ][2016-02-09 21:54:15,947][com.java.TestType] [ 7153] - Field ::BTNcloseAllTabs
[INFO ][2016-02-09 21:54:15,947][com.java.TestType] [ 6752] - value = 
[INFO ][2016-02-09 21:54:16,947][com.java.TestType] [ 7309] - BEFORE CLICK
[INFO ][2016-02-09 21:54:18,692][com.java.TestType] [ 7316] - Unable to click the object Close all tabs button
[INFO ][2016-02-09 21:54:18,692][com.java.TestType] [12241] -  RESULT true
[INFO ][2016-02-09 21:54:18,692][com.java.TestType] [12358] - ?   P A S S   ?
[INFO ][2016-02-09 21:54:18,692][com.java.TestType] [12429] - Looping End......
[INFO ][2016-02-09 21:54:18,693][com.java.SeleniumDriver] [  930] -  RESULT true
[INFO ][2016-02-09 21:54:18,694][com.java.SeleniumDriver] [ 1136] - ?   P A S S   ?
[INFO ][2016-02-09 21:54:18,694][com.java.SeleniumDriver] [  856] - ------------------------------------------
[INFO ][2016-02-09 21:54:18,694][com.java.SeleniumDriver] [  857] - Test case being Executed: 8
[INFO ][2016-02-09 21:54:18,694][com.java.SeleniumDriver] [  869] - Test step:5
[INFO ][2016-02-09 21:54:18,694][com.java.SeleniumDriver] [  881] - Datavalue is----------null
[DEBUG][2016-02-09 21:54:18,694][com.java.SeleniumDriver] [  899] - Exception: null
[INFO ][2016-02-09 21:54:18,694][com.java.SeleniumDriver] [  905] - DataField : //span[@class="icon-cog2"]&&//a[text()='Customize']&&//a[@data-id="TabletAlerts"]
[INFO ][2016-02-09 21:54:18,694][com.java.SeleniumDriver] [  907] - DataValue : 
[INFO ][2016-02-09 21:54:18,694][com.java.SeleniumDriver] [  913] - <In Set values of the page>
[INFO ][2016-02-09 21:54:18,694][com.java.SeleniumDriver] [  916] - {Data Fields & Data Values Exist}
[INFO ][2016-02-09 21:54:18,694][com.java.SeleniumDriver] [  918] - --------------------------setting values-----------------------------
[INFO ][2016-02-09 21:54:18,694][com.java.SeleniumDriver] [  921] - Action Type : MOUSEOVER
[INFO ][2016-02-09 21:55:03,469][com.java.SeleniumDriver] [  930] -  RESULT true
[INFO ][2016-02-09 21:55:03,469][com.java.SeleniumDriver] [ 1136] - ?   P A S S   ?
[INFO ][2016-02-09 21:55:03,470][com.java.SeleniumDriver] [  856] - ------------------------------------------
[INFO ][2016-02-09 21:55:03,470][com.java.SeleniumDriver] [  857] - Test case being Executed: 8
[INFO ][2016-02-09 21:55:03,470][com.java.SeleniumDriver] [  869] - Test step:6
[INFO ][2016-02-09 21:55:03,470][com.java.SeleniumDriver] [  881] - Datavalue is----------My Alerts
[INFO ][2016-02-09 21:55:03,470][com.java.SeleniumDriver] [  905] - DataField : XPH//span[@class='ui-dialog-title']
[INFO ][2016-02-09 21:55:03,470][com.java.SeleniumDriver] [  907] - DataValue : My Alerts
[INFO ][2016-02-09 21:55:03,470][com.java.SeleniumDriver] [  913] - <In Set values of the page>
[INFO ][2016-02-09 21:55:03,470][com.java.SeleniumDriver] [  916] - {Data Fields & Data Values Exist}
[INFO ][2016-02-09 21:55:03,470][com.java.SeleniumDriver] [  918] - --------------------------setting values-----------------------------
[INFO ][2016-02-09 21:55:03,470][com.java.SeleniumDriver] [  921] - Action Type : verify
[INFO ][2016-02-09 21:55:03,470][com.java.TestType] [ 8386] - field= XPH//span[@class='ui-dialog-title'] value= My Alerts
[INFO ][2016-02-09 21:55:03,470][com.java.TestType] [ 6752] - value = My Alerts
[INFO ][2016-02-09 21:55:03,645][com.java.SeleniumDriver] [  930] -  RESULT true
[INFO ][2016-02-09 21:55:03,645][com.java.SeleniumDriver] [ 1136] - ?   P A S S   ?
[INFO ][2016-02-09 21:55:03,645][com.java.SeleniumDriver] [  856] - ------------------------------------------
[INFO ][2016-02-09 21:55:03,645][com.java.SeleniumDriver] [  857] - Test case being Executed: 8
[INFO ][2016-02-09 21:55:03,645][com.java.SeleniumDriver] [  869] - Test step:7
[INFO ][2016-02-09 21:55:03,645][com.java.SeleniumDriver] [  881] - Datavalue is----------null
[DEBUG][2016-02-09 21:55:03,646][com.java.SeleniumDriver] [  899] - Exception: null
[INFO ][2016-02-09 21:55:03,647][com.java.SeleniumDriver] [  905] - DataField : BTNframeDialogContent
[INFO ][2016-02-09 21:55:03,647][com.java.SeleniumDriver] [  907] - DataValue : 
[INFO ][2016-02-09 21:55:03,647][com.java.SeleniumDriver] [  913] - <In Set values of the page>
[INFO ][2016-02-09 21:55:03,647][com.java.SeleniumDriver] [  916] - {Data Fields & Data Values Exist}
[INFO ][2016-02-09 21:55:03,647][com.java.SeleniumDriver] [  918] - --------------------------setting values-----------------------------
[INFO ][2016-02-09 21:55:03,647][com.java.SeleniumDriver] [  921] - Action Type : SELECTFRAME
[INFO ][2016-02-09 21:55:05,039][com.java.SeleniumDriver] [  930] -  RESULT true
[INFO ][2016-02-09 21:55:05,039][com.java.SeleniumDriver] [ 1136] - ?   P A S S   ?
[INFO ][2016-02-09 21:55:05,039][com.java.SeleniumDriver] [  856] - ------------------------------------------
[INFO ][2016-02-09 21:55:05,039][com.java.SeleniumDriver] [  857] - Test case being Executed: 8
[INFO ][2016-02-09 21:55:05,039][com.java.SeleniumDriver] [  869] - Test step:8
[INFO ][2016-02-09 21:55:05,039][com.java.SeleniumDriver] [  881] - Datavalue is----------null
[DEBUG][2016-02-09 21:55:05,039][com.java.SeleniumDriver] [  899] - Exception: null
[INFO ][2016-02-09 21:55:05,040][com.java.SeleniumDriver] [  905] - DataField : XPH//span[contains(text(),'Balance Sheet')]
[INFO ][2016-02-09 21:55:05,040][com.java.SeleniumDriver] [  907] - DataValue : 
[INFO ][2016-02-09 21:55:05,040][com.java.SeleniumDriver] [  913] - <In Set values of the page>
[INFO ][2016-02-09 21:55:05,040][com.java.SeleniumDriver] [  916] - {Data Fields & Data Values Exist}
[INFO ][2016-02-09 21:55:05,040][com.java.SeleniumDriver] [  918] - --------------------------setting values-----------------------------
[INFO ][2016-02-09 21:55:05,040][com.java.SeleniumDriver] [  921] - Action Type : CLICK
[INFO ][2016-02-09 21:55:05,040][com.java.TestType] [ 7153] - Field ::XPH//span[contains(text(),'Balance Sheet')]
[INFO ][2016-02-09 21:55:05,040][com.java.TestType] [ 6752] - value = 
[INFO ][2016-02-09 21:55:06,040][com.java.TestType] [ 7330] - BEFORE CLICK
[INFO ][2016-02-09 21:55:06,854][com.java.TestType] [ 7338] - Unable to click the object Balance Sheet
[INFO ][2016-02-09 21:55:06,854][com.java.SeleniumDriver] [  930] -  RESULT true
[INFO ][2016-02-09 21:55:06,854][com.java.SeleniumDriver] [ 1136] - ?   P A S S   ?
[INFO ][2016-02-09 21:55:06,854][com.java.SeleniumDriver] [  856] - ------------------------------------------
[INFO ][2016-02-09 21:55:06,854][com.java.SeleniumDriver] [  857] - Test case being Executed: 8
[INFO ][2016-02-09 21:55:06,854][com.java.SeleniumDriver] [  869] - Test step:9
[INFO ][2016-02-09 21:55:06,854][com.java.SeleniumDriver] [  881] - Datavalue is----------5
[INFO ][2016-02-09 21:55:06,854][com.java.SeleniumDriver] [  905] - DataField : test
[INFO ][2016-02-09 21:55:06,854][com.java.SeleniumDriver] [  907] - DataValue : 5
[INFO ][2016-02-09 21:55:06,854][com.java.SeleniumDriver] [  913] - <In Set values of the page>
[INFO ][2016-02-09 21:55:06,854][com.java.SeleniumDriver] [  916] - {Data Fields & Data Values Exist}
[INFO ][2016-02-09 21:55:06,854][com.java.SeleniumDriver] [  918] - --------------------------setting values-----------------------------
[INFO ][2016-02-09 21:55:06,854][com.java.SeleniumDriver] [  921] - Action Type : WAITTIME
[DEBUG][2016-02-09 21:55:06,855][com.java.TestType] [ 6561] - sleepTime: 5000
[INFO ][2016-02-09 21:55:11,856][com.java.SeleniumDriver] [  930] -  RESULT true
[INFO ][2016-02-09 21:55:11,856][com.java.SeleniumDriver] [ 1136] - ?   P A S S   ?
[INFO ][2016-02-09 21:55:11,856][com.java.SeleniumDriver] [  856] - ------------------------------------------
[INFO ][2016-02-09 21:55:11,856][com.java.SeleniumDriver] [  857] - Test case being Executed: 8
[INFO ][2016-02-09 21:55:11,856][com.java.SeleniumDriver] [  869] - Test step:10
[INFO ][2016-02-09 21:55:11,856][com.java.SeleniumDriver] [  881] - Datavalue is----------RMD0
[INFO ][2016-02-09 21:55:11,856][com.java.SeleniumDriver] [  905] - DataField : TXT//table[@id="BalSheetTbl"]/tbody//td[4]/input[@class="perVal"]
[INFO ][2016-02-09 21:55:11,856][com.java.SeleniumDriver] [  907] - DataValue : RMD0
[INFO ][2016-02-09 21:55:11,856][com.java.SeleniumDriver] [  913] - <In Set values of the page>
[INFO ][2016-02-09 21:55:11,856][com.java.SeleniumDriver] [  916] - {Data Fields & Data Values Exist}
[INFO ][2016-02-09 21:55:11,856][com.java.SeleniumDriver] [  918] - --------------------------setting values-----------------------------
[INFO ][2016-02-09 21:55:11,856][com.java.SeleniumDriver] [  921] - Action Type : CLEARANDENTER
[INFO ][2016-02-09 21:55:11,976][com.java.TestType] [ 6752] - value = 03
[INFO ][2016-02-09 21:55:12,110][com.java.SeleniumDriver] [  930] -  RESULT true
[INFO ][2016-02-09 21:55:12,110][com.java.SeleniumDriver] [ 1136] - ?   P A S S   ?
[INFO ][2016-02-09 21:55:12,110][com.java.SeleniumDriver] [  856] - ------------------------------------------
[INFO ][2016-02-09 21:55:12,110][com.java.SeleniumDriver] [  857] - Test case being Executed: 8
[INFO ][2016-02-09 21:55:12,110][com.java.SeleniumDriver] [  869] - Test step:11
[INFO ][2016-02-09 21:55:12,111][com.java.SeleniumDriver] [  881] - Datavalue is----------null
[DEBUG][2016-02-09 21:55:12,111][com.java.SeleniumDriver] [  899] - Exception: null
[INFO ][2016-02-09 21:55:12,111][com.java.SeleniumDriver] [  905] - DataField : BTNparent
[INFO ][2016-02-09 21:55:12,111][com.java.SeleniumDriver] [  907] - DataValue : 
[INFO ][2016-02-09 21:55:12,111][com.java.SeleniumDriver] [  913] - <In Set values of the page>
[INFO ][2016-02-09 21:55:12,111][com.java.SeleniumDriver] [  916] - {Data Fields & Data Values Exist}
[INFO ][2016-02-09 21:55:12,111][com.java.SeleniumDriver] [  918] - --------------------------setting values-----------------------------
[INFO ][2016-02-09 21:55:12,111][com.java.SeleniumDriver] [  921] - Action Type : SELECTFRAME
[INFO ][2016-02-09 21:55:12,126][com.java.SeleniumDriver] [  930] -  RESULT true
[INFO ][2016-02-09 21:55:12,126][com.java.SeleniumDriver] [ 1136] - ?   P A S S   ?
[INFO ][2016-02-09 21:55:12,126][com.java.SeleniumDriver] [  856] - ------------------------------------------
[INFO ][2016-02-09 21:55:12,126][com.java.SeleniumDriver] [  857] - Test case being Executed: 8
[INFO ][2016-02-09 21:55:12,126][com.java.SeleniumDriver] [  869] - Test step:12
[INFO ][2016-02-09 21:55:12,126][com.java.SeleniumDriver] [  881] - Datavalue is----------null
[DEBUG][2016-02-09 21:55:12,126][com.java.SeleniumDriver] [  899] - Exception: null
[INFO ][2016-02-09 21:55:12,126][com.java.SeleniumDriver] [  905] - DataField : HDN//span[contains(text(),'Save')]
[INFO ][2016-02-09 21:55:12,126][com.java.SeleniumDriver] [  907] - DataValue : 
[INFO ][2016-02-09 21:55:12,126][com.java.SeleniumDriver] [  913] - <In Set values of the page>
[INFO ][2016-02-09 21:55:12,127][com.java.SeleniumDriver] [  916] - {Data Fields & Data Values Exist}
[INFO ][2016-02-09 21:55:12,127][com.java.SeleniumDriver] [  918] - --------------------------setting values-----------------------------
[INFO ][2016-02-09 21:55:12,127][com.java.SeleniumDriver] [  921] - Action Type : CLICK
[INFO ][2016-02-09 21:55:12,127][com.java.TestType] [ 7153] - Field ::HDN//span[contains(text(),'Save')]
[INFO ][2016-02-09 21:55:12,127][com.java.TestType] [ 6752] - value = 
[INFO ][2016-02-09 21:55:13,462][com.java.SeleniumDriver] [  930] -  RESULT true
[INFO ][2016-02-09 21:55:13,462][com.java.SeleniumDriver] [ 1136] - ?   P A S S   ?
[INFO ][2016-02-09 21:55:13,463][com.java.SeleniumDriver] [  856] - ------------------------------------------
[INFO ][2016-02-09 21:55:13,463][com.java.SeleniumDriver] [  857] - Test case being Executed: 8
[INFO ][2016-02-09 21:55:13,463][com.java.SeleniumDriver] [  869] - Test step:13
[INFO ][2016-02-09 21:55:13,463][com.java.SeleniumDriver] [  881] - Datavalue is----------null
[DEBUG][2016-02-09 21:55:13,463][com.java.SeleniumDriver] [  899] - Exception: null
[INFO ][2016-02-09 21:55:13,463][com.java.SeleniumDriver] [  905] - DataField : XPH//div[@class="menu"]//span[@class='glyphicon glyphicon-bell']
[INFO ][2016-02-09 21:55:13,463][com.java.SeleniumDriver] [  907] - DataValue : 
[INFO ][2016-02-09 21:55:13,463][com.java.SeleniumDriver] [  913] - <In Set values of the page>
[INFO ][2016-02-09 21:55:13,463][com.java.SeleniumDriver] [  916] - {Data Fields & Data Values Exist}
[INFO ][2016-02-09 21:55:13,463][com.java.SeleniumDriver] [  918] - --------------------------setting values-----------------------------
[INFO ][2016-02-09 21:55:13,463][com.java.SeleniumDriver] [  921] - Action Type : CLICK
[INFO ][2016-02-09 21:55:13,463][com.java.TestType] [ 7153] - Field ::XPH//div[@class="menu"]//span[@class='glyphicon glyphicon-bell']
[INFO ][2016-02-09 21:55:13,463][com.java.TestType] [ 6752] - value = 
[INFO ][2016-02-09 21:55:14,464][com.java.TestType] [ 7330] - BEFORE CLICK
[INFO ][2016-02-09 21:55:15,772][com.java.TestType] [ 7338] - Unable to click the object Click on  bell symbol
[INFO ][2016-02-09 21:55:15,772][com.java.SeleniumDriver] [  930] -  RESULT true
[INFO ][2016-02-09 21:55:15,772][com.java.SeleniumDriver] [ 1136] - ?   P A S S   ?
[INFO ][2016-02-09 21:55:15,772][com.java.SeleniumDriver] [  856] - ------------------------------------------
[INFO ][2016-02-09 21:55:15,772][com.java.SeleniumDriver] [  857] - Test case being Executed: 8
[INFO ][2016-02-09 21:55:15,772][com.java.SeleniumDriver] [  869] - Test step:14
[INFO ][2016-02-09 21:55:15,772][com.java.SeleniumDriver] [  881] - Datavalue is----------null
[DEBUG][2016-02-09 21:55:15,772][com.java.SeleniumDriver] [  899] - Exception: null
[INFO ][2016-02-09 21:55:15,772][com.java.SeleniumDriver] [  905] - DataField : XPH//div[contains(@class,'rightMenuContainer')]//div[@class="menu-drawer"]
[INFO ][2016-02-09 21:55:15,772][com.java.SeleniumDriver] [  907] - DataValue : 
[INFO ][2016-02-09 21:55:15,772][com.java.SeleniumDriver] [  913] - <In Set values of the page>
[INFO ][2016-02-09 21:55:15,772][com.java.SeleniumDriver] [  916] - {Data Fields & Data Values Exist}
[INFO ][2016-02-09 21:55:15,773][com.java.SeleniumDriver] [  918] - --------------------------setting values-----------------------------
[INFO ][2016-02-09 21:55:15,773][com.java.SeleniumDriver] [  921] - Action Type : CLICK
[INFO ][2016-02-09 21:55:15,773][com.java.TestType] [ 7153] - Field ::XPH//div[contains(@class,'rightMenuContainer')]//div[@class="menu-drawer"]
[INFO ][2016-02-09 21:55:15,773][com.java.TestType] [ 6752] - value = 
[INFO ][2016-02-09 21:55:16,773][com.java.TestType] [ 7330] - BEFORE CLICK
[INFO ][2016-02-09 21:55:17,650][com.java.TestType] [ 7338] - Unable to click the object Click on the Today's Alert Page
[INFO ][2016-02-09 21:55:17,650][com.java.SeleniumDriver] [  930] -  RESULT true
[INFO ][2016-02-09 21:55:17,650][com.java.SeleniumDriver] [ 1136] - ?   P A S S   ?
[INFO ][2016-02-09 21:55:17,650][com.java.SeleniumDriver] [  856] - ------------------------------------------
[INFO ][2016-02-09 21:55:17,650][com.java.SeleniumDriver] [  857] - Test case being Executed: 8
[INFO ][2016-02-09 21:55:17,650][com.java.SeleniumDriver] [  869] - Test step:15
[INFO ][2016-02-09 21:55:17,650][com.java.SeleniumDriver] [  881] - Datavalue is----------//div[@class="menu-drawer"]//span
[INFO ][2016-02-09 21:55:17,650][com.java.SeleniumDriver] [  905] - DataField : BTN
[INFO ][2016-02-09 21:55:17,650][com.java.SeleniumDriver] [  907] - DataValue : //div[@class="menu-drawer"]//span
[INFO ][2016-02-09 21:55:17,650][com.java.SeleniumDriver] [  913] - <In Set values of the page>
[INFO ][2016-02-09 21:55:17,650][com.java.SeleniumDriver] [  916] - {Data Fields & Data Values Exist}
[INFO ][2016-02-09 21:55:17,650][com.java.SeleniumDriver] [  918] - --------------------------setting values-----------------------------
[INFO ][2016-02-09 21:55:17,651][com.java.SeleniumDriver] [  921] - Action Type : VERIFY
[INFO ][2016-02-09 21:55:17,651][com.java.TestType] [ 8386] - field= BTN value= //div[@class="menu-drawer"]//span
[INFO ][2016-02-09 21:55:17,651][com.java.TestType] [ 6752] - value = //div[@class="menu-drawer"]//span
[INFO ][2016-02-09 21:55:17,772][com.java.SeleniumDriver] [  930] -  RESULT true
[INFO ][2016-02-09 21:55:17,772][com.java.SeleniumDriver] [ 1136] - ?   P A S S   ?
[INFO ][2016-02-09 21:55:17,772][com.java.SeleniumDriver] [  856] - ------------------------------------------
[INFO ][2016-02-09 21:55:17,772][com.java.SeleniumDriver] [  857] - Test case being Executed: 8
[INFO ][2016-02-09 21:55:17,772][com.java.SeleniumDriver] [  869] - Test step:16
[INFO ][2016-02-09 21:55:17,772][com.java.SeleniumDriver] [  881] - Datavalue is----------//div[@id='isAlertsHeading']/h4
[INFO ][2016-02-09 21:55:17,773][com.java.SeleniumDriver] [  905] - DataField : BTN
[INFO ][2016-02-09 21:55:17,773][com.java.SeleniumDriver] [  907] - DataValue : //div[@id='isAlertsHeading']/h4
[INFO ][2016-02-09 21:55:17,773][com.java.SeleniumDriver] [  913] - <In Set values of the page>
[INFO ][2016-02-09 21:55:17,773][com.java.SeleniumDriver] [  916] - {Data Fields & Data Values Exist}
[INFO ][2016-02-09 21:55:17,773][com.java.SeleniumDriver] [  918] - --------------------------setting values-----------------------------
[INFO ][2016-02-09 21:55:17,773][com.java.SeleniumDriver] [  921] - Action Type : VERIFY
[INFO ][2016-02-09 21:55:17,773][com.java.TestType] [ 8386] - field= BTN value= //div[@id='isAlertsHeading']/h4
[INFO ][2016-02-09 21:55:17,773][com.java.TestType] [ 6752] - value = //div[@id='isAlertsHeading']/h4
[INFO ][2016-02-09 21:55:17,845][com.java.SeleniumDriver] [  930] -  RESULT true
[INFO ][2016-02-09 21:55:17,845][com.java.SeleniumDriver] [ 1136] - ?   P A S S   ?
[INFO ][2016-02-09 21:55:17,845][com.java.SeleniumDriver] [  856] - ------------------------------------------
[INFO ][2016-02-09 21:55:17,845][com.java.SeleniumDriver] [  857] - Test case being Executed: 8
[INFO ][2016-02-09 21:55:17,845][com.java.SeleniumDriver] [  869] - Test step:17
[INFO ][2016-02-09 21:55:17,845][com.java.SeleniumDriver] [  881] - Datavalue is----------null
[DEBUG][2016-02-09 21:55:17,846][com.java.SeleniumDriver] [  899] - Exception: null
[INFO ][2016-02-09 21:55:17,846][com.java.SeleniumDriver] [  905] - DataField : XPH//div[@class="panel panel-default ng-scope"]/div[@id='bsAlertsHeading']/h4
[INFO ][2016-02-09 21:55:17,846][com.java.SeleniumDriver] [  907] - DataValue : 
[INFO ][2016-02-09 21:55:17,846][com.java.SeleniumDriver] [  913] - <In Set values of the page>
[INFO ][2016-02-09 21:55:17,846][com.java.SeleniumDriver] [  916] - {Data Fields & Data Values Exist}
[INFO ][2016-02-09 21:55:17,846][com.java.SeleniumDriver] [  918] - --------------------------setting values-----------------------------
[INFO ][2016-02-09 21:55:17,846][com.java.SeleniumDriver] [  921] - Action Type : CLICK
[INFO ][2016-02-09 21:55:17,846][com.java.TestType] [ 7153] - Field ::XPH//div[@class="panel panel-default ng-scope"]/div[@id='bsAlertsHeading']/h4
[INFO ][2016-02-09 21:55:17,846][com.java.TestType] [ 6752] - value = 
[INFO ][2016-02-09 21:55:18,847][com.java.TestType] [ 7330] - BEFORE CLICK
[INFO ][2016-02-09 21:55:19,784][com.java.TestType] [ 7338] - Unable to click the object Click on Income Statement tab
[INFO ][2016-02-09 21:55:19,784][com.java.SeleniumDriver] [  930] -  RESULT true
[INFO ][2016-02-09 21:55:19,784][com.java.SeleniumDriver] [ 1136] - ?   P A S S   ?
[INFO ][2016-02-09 21:55:19,784][com.java.SeleniumDriver] [  856] - ------------------------------------------
[INFO ][2016-02-09 21:55:19,784][com.java.SeleniumDriver] [  857] - Test case being Executed: 8
[INFO ][2016-02-09 21:55:19,784][com.java.SeleniumDriver] [  869] - Test step:18
[INFO ][2016-02-09 21:55:19,784][com.java.SeleniumDriver] [  881] - Datavalue is----------5
[INFO ][2016-02-09 21:55:19,784][com.java.SeleniumDriver] [  905] - DataField : null
[INFO ][2016-02-09 21:55:19,784][com.java.SeleniumDriver] [  907] - DataValue : 5
[INFO ][2016-02-09 21:55:19,784][com.java.SeleniumDriver] [  913] - <In Set values of the page>
[INFO ][2016-02-09 21:55:19,784][com.java.SeleniumDriver] [  916] - {Data Fields & Data Values Exist}
[INFO ][2016-02-09 21:55:19,784][com.java.SeleniumDriver] [  918] - --------------------------setting values-----------------------------
[INFO ][2016-02-09 21:55:19,784][com.java.SeleniumDriver] [  921] - Action Type : WAITTIME
[DEBUG][2016-02-09 21:55:19,785][com.java.TestType] [ 6561] - sleepTime: 5000
[INFO ][2016-02-09 21:55:24,785][com.java.SeleniumDriver] [  930] -  RESULT true
[INFO ][2016-02-09 21:55:24,785][com.java.SeleniumDriver] [ 1136] - ?   P A S S   ?
[INFO ][2016-02-09 21:55:24,785][com.java.SeleniumDriver] [  856] - ------------------------------------------
[INFO ][2016-02-09 21:55:24,785][com.java.SeleniumDriver] [  857] - Test case being Executed: 8
[INFO ][2016-02-09 21:55:24,785][com.java.SeleniumDriver] [  869] - Test step:19
[INFO ][2016-02-09 21:55:24,785][com.java.SeleniumDriver] [  881] - Datavalue is----------//div[@id='bsAlertsContent']//div[@class="ng-binding"]
[INFO ][2016-02-09 21:55:24,785][com.java.SeleniumDriver] [  905] - DataField : BTN
[INFO ][2016-02-09 21:55:24,785][com.java.SeleniumDriver] [  907] - DataValue : //div[@id='bsAlertsContent']//div[@class="ng-binding"]
[INFO ][2016-02-09 21:55:24,785][com.java.SeleniumDriver] [  913] - <In Set values of the page>
[INFO ][2016-02-09 21:55:24,785][com.java.SeleniumDriver] [  916] - {Data Fields & Data Values Exist}
[INFO ][2016-02-09 21:55:24,785][com.java.SeleniumDriver] [  918] - --------------------------setting values-----------------------------
[INFO ][2016-02-09 21:55:24,785][com.java.SeleniumDriver] [  921] - Action Type : VERIFY
[INFO ][2016-02-09 21:55:24,785][com.java.TestType] [ 8386] - field= BTN value= //div[@id='bsAlertsContent']//div[@class="ng-binding"]
[INFO ][2016-02-09 21:55:24,786][com.java.TestType] [ 6752] - value = //div[@id='bsAlertsContent']//div[@class="ng-binding"]
[INFO ][2016-02-09 21:55:24,868][com.java.SeleniumDriver] [  930] -  RESULT true
[INFO ][2016-02-09 21:55:24,869][com.java.SeleniumDriver] [ 1136] - ?   P A S S   ?
[INFO ][2016-02-09 21:55:24,869][com.java.SeleniumDriver] [  856] - ------------------------------------------
[INFO ][2016-02-09 21:55:24,869][com.java.SeleniumDriver] [  857] - Test case being Executed: 8
[INFO ][2016-02-09 21:55:24,869][com.java.SeleniumDriver] [  869] - Test step:20
[INFO ][2016-02-09 21:55:24,869][com.java.SeleniumDriver] [  881] - Datavalue is----------null
[DEBUG][2016-02-09 21:55:24,869][com.java.SeleniumDriver] [  899] - Exception: null
[INFO ][2016-02-09 21:55:24,869][com.java.SeleniumDriver] [  905] - DataField : XPH//div[@class="panel panel-default ng-scope"]/div[@id='bsAlertsHeading']/h4
[INFO ][2016-02-09 21:55:24,869][com.java.SeleniumDriver] [  907] - DataValue : 
[INFO ][2016-02-09 21:55:24,869][com.java.SeleniumDriver] [  913] - <In Set values of the page>
[INFO ][2016-02-09 21:55:24,869][com.java.SeleniumDriver] [  916] - {Data Fields & Data Values Exist}
[INFO ][2016-02-09 21:55:24,869][com.java.SeleniumDriver] [  918] - --------------------------setting values-----------------------------
[INFO ][2016-02-09 21:55:24,869][com.java.SeleniumDriver] [  921] - Action Type : CLICK
[INFO ][2016-02-09 21:55:24,869][com.java.TestType] [ 7153] - Field ::XPH//div[@class="panel panel-default ng-scope"]/div[@id='bsAlertsHeading']/h4
[INFO ][2016-02-09 21:55:24,870][com.java.TestType] [ 6752] - value = 
[INFO ][2016-02-09 21:55:25,870][com.java.TestType] [ 7330] - BEFORE CLICK
[INFO ][2016-02-09 21:55:26,821][com.java.TestType] [ 7338] - Unable to click the object Click on Income Statement tab
[INFO ][2016-02-09 21:55:26,821][com.java.SeleniumDriver] [  930] -  RESULT true
[INFO ][2016-02-09 21:55:26,821][com.java.SeleniumDriver] [ 1136] - ?   P A S S   ?
[INFO ][2016-02-09 21:55:26,821][com.java.SeleniumDriver] [  856] - ------------------------------------------
[INFO ][2016-02-09 21:55:26,821][com.java.SeleniumDriver] [  857] - Test case being Executed: 8
[INFO ][2016-02-09 21:55:26,821][com.java.SeleniumDriver] [  869] - Test step:21
[INFO ][2016-02-09 21:55:26,821][com.java.SeleniumDriver] [  881] - Datavalue is----------//*[@id='bsAlertsContent']/div/div[1]/div[1]
[INFO ][2016-02-09 21:55:26,821][com.java.SeleniumDriver] [  905] - DataField : MSG
[INFO ][2016-02-09 21:55:26,821][com.java.SeleniumDriver] [  907] - DataValue : //*[@id='bsAlertsContent']/div/div[1]/div[1]
[INFO ][2016-02-09 21:55:26,821][com.java.SeleniumDriver] [  913] - <In Set values of the page>
[INFO ][2016-02-09 21:55:26,821][com.java.SeleniumDriver] [  916] - {Data Fields & Data Values Exist}
[INFO ][2016-02-09 21:55:26,821][com.java.SeleniumDriver] [  918] - --------------------------setting values-----------------------------
[INFO ][2016-02-09 21:55:26,821][com.java.SeleniumDriver] [  921] - Action Type : VERIFYNOTPRESENT
[INFO ][2016-02-09 21:55:26,822][com.java.TestType] [10207] - field= MSG value= //*[@id='bsAlertsContent']/div/div[1]/div[1]
[INFO ][2016-02-09 21:55:26,922][com.java.SeleniumDriver] [  930] -  RESULT true
[INFO ][2016-02-09 21:55:26,922][com.java.SeleniumDriver] [ 1136] - ?   P A S S   ?
[INFO ][2016-02-09 21:55:26,922][com.java.SeleniumDriver] [  856] - ------------------------------------------
[INFO ][2016-02-09 21:55:26,922][com.java.SeleniumDriver] [  857] - Test case being Executed: 8
[INFO ][2016-02-09 21:55:26,922][com.java.SeleniumDriver] [  869] - Test step:22
[INFO ][2016-02-09 21:55:26,922][com.java.SeleniumDriver] [  881] - Datavalue is----------5
[INFO ][2016-02-09 21:55:26,922][com.java.SeleniumDriver] [  905] - DataField : null
[INFO ][2016-02-09 21:55:26,923][com.java.SeleniumDriver] [  907] - DataValue : 5
[INFO ][2016-02-09 21:55:26,923][com.java.SeleniumDriver] [  913] - <In Set values of the page>
[INFO ][2016-02-09 21:55:26,923][com.java.SeleniumDriver] [  916] - {Data Fields & Data Values Exist}
[INFO ][2016-02-09 21:55:26,923][com.java.SeleniumDriver] [  918] - --------------------------setting values-----------------------------
[INFO ][2016-02-09 21:55:26,923][com.java.SeleniumDriver] [  921] - Action Type : WAITTIME
[DEBUG][2016-02-09 21:55:26,923][com.java.TestType] [ 6561] - sleepTime: 5000
[INFO ][2016-02-09 21:55:31,925][com.java.SeleniumDriver] [  930] -  RESULT true
[INFO ][2016-02-09 21:55:31,925][com.java.SeleniumDriver] [ 1136] - ?   P A S S   ?
[INFO ][2016-02-09 21:55:31,925][com.java.SeleniumDriver] [  856] - ------------------------------------------
[INFO ][2016-02-09 21:55:31,925][com.java.SeleniumDriver] [  857] - Test case being Executed: 8
[INFO ][2016-02-09 21:55:31,925][com.java.SeleniumDriver] [  869] - Test step:23
[INFO ][2016-02-09 21:55:31,926][com.java.SeleniumDriver] [  881] - Datavalue is----------null
[DEBUG][2016-02-09 21:55:31,926][com.java.SeleniumDriver] [  899] - Exception: null
[INFO ][2016-02-09 21:55:31,926][com.java.SeleniumDriver] [  905] - DataField : HDN//span[@class='glyphicon glyphicon-refresh ng-scope']
[INFO ][2016-02-09 21:55:31,926][com.java.SeleniumDriver] [  907] - DataValue : 
[INFO ][2016-02-09 21:55:31,926][com.java.SeleniumDriver] [  913] - <In Set values of the page>
[INFO ][2016-02-09 21:55:31,926][com.java.SeleniumDriver] [  916] - {Data Fields & Data Values Exist}
[INFO ][2016-02-09 21:55:31,926][com.java.SeleniumDriver] [  918] - --------------------------setting values-----------------------------
[INFO ][2016-02-09 21:55:31,926][com.java.SeleniumDriver] [  921] - Action Type : CLICK
[INFO ][2016-02-09 21:55:31,926][com.java.TestType] [ 7153] - Field ::HDN//span[@class='glyphicon glyphicon-refresh ng-scope']
[INFO ][2016-02-09 21:55:31,926][com.java.TestType] [ 6752] - value = 
[INFO ][2016-02-09 21:55:33,101][com.java.SeleniumDriver] [  930] -  RESULT true
[INFO ][2016-02-09 21:55:33,101][com.java.SeleniumDriver] [ 1136] - ?   P A S S   ?
[INFO ][2016-02-09 21:55:33,101][com.java.SeleniumDriver] [  856] - ------------------------------------------
[INFO ][2016-02-09 21:55:33,101][com.java.SeleniumDriver] [  857] - Test case being Executed: 8
[INFO ][2016-02-09 21:55:33,101][com.java.SeleniumDriver] [  869] - Test step:24
[INFO ][2016-02-09 21:55:33,101][com.java.SeleniumDriver] [  881] - Datavalue is----------15
[INFO ][2016-02-09 21:55:33,101][com.java.SeleniumDriver] [  905] - DataField : null
[INFO ][2016-02-09 21:55:33,101][com.java.SeleniumDriver] [  907] - DataValue : 15
[INFO ][2016-02-09 21:55:33,101][com.java.SeleniumDriver] [  913] - <In Set values of the page>
[INFO ][2016-02-09 21:55:33,101][com.java.SeleniumDriver] [  916] - {Data Fields & Data Values Exist}
[INFO ][2016-02-09 21:55:33,102][com.java.SeleniumDriver] [  918] - --------------------------setting values-----------------------------
[INFO ][2016-02-09 21:55:33,102][com.java.SeleniumDriver] [  921] - Action Type : WAITTIME
[DEBUG][2016-02-09 21:55:33,102][com.java.TestType] [ 6561] - sleepTime: 15000
[INFO ][2016-02-09 21:55:48,103][com.java.SeleniumDriver] [  930] -  RESULT true
[INFO ][2016-02-09 21:55:48,103][com.java.SeleniumDriver] [ 1136] - ?   P A S S   ?
[INFO ][2016-02-09 21:55:48,103][com.java.SeleniumDriver] [  856] - ------------------------------------------
[INFO ][2016-02-09 21:55:48,103][com.java.SeleniumDriver] [  857] - Test case being Executed: 8
[INFO ][2016-02-09 21:55:48,103][com.java.SeleniumDriver] [  869] - Test step:25
[INFO ][2016-02-09 21:55:48,103][com.java.SeleniumDriver] [  881] - Datavalue is----------glyphicon-play down
[INFO ][2016-02-09 21:55:48,103][com.java.SeleniumDriver] [  905] - DataField : CCM//div[@class="panel panel-default ng-scope"]/div[@id='bsAlertsHeading']/h4/span
[INFO ][2016-02-09 21:55:48,103][com.java.SeleniumDriver] [  907] - DataValue : glyphicon-play down
[INFO ][2016-02-09 21:55:48,103][com.java.SeleniumDriver] [  913] - <In Set values of the page>
[INFO ][2016-02-09 21:55:48,103][com.java.SeleniumDriver] [  916] - {Data Fields & Data Values Exist}
[INFO ][2016-02-09 21:55:48,103][com.java.SeleniumDriver] [  918] - --------------------------setting values-----------------------------
[INFO ][2016-02-09 21:55:48,103][com.java.SeleniumDriver] [  921] - Action Type : VERIFY
[INFO ][2016-02-09 21:55:48,103][com.java.TestType] [ 8386] - field= CCM//div[@class="panel panel-default ng-scope"]/div[@id='bsAlertsHeading']/h4/span value= glyphicon-play down
[INFO ][2016-02-09 21:55:48,104][com.java.TestType] [ 6752] - value = glyphicon-play down
[DEBUG][2016-02-09 21:55:48,104][com.java.TestType] [ 9727] - Exception: glyphicon-play down
[DEBUG][2016-02-09 21:55:48,104][com.java.TestType] [ 9730] - Element not replaced::glyphicon-play down
[INFO ][2016-02-09 21:55:48,104][com.java.SeleniumDriver] [  930] -  RESULT false
[INFO ][2016-02-09 21:55:48,104][com.java.SeleniumDriver] [  977] - ?   F A I L   ?
[INFO ][2016-02-09 21:55:48,104][com.java.SeleniumDriver] [  985] - Browser Type : IE10
[INFO ][2016-02-09 21:55:48,104][com.java.SeleniumDriver] [  986] - Adding Failed case8
[DEBUG][2016-02-09 21:55:48,240][com.java.SeleniumDriver] [ 1054] -  tdd.getCondition() IF:28:Next
[INFO ][2016-02-09 21:55:48,240][com.java.SeleniumDriver] [ 1058] - Continue next step...
[INFO ][2016-02-09 21:55:48,241][com.java.SeleniumDriver] [  856] - ------------------------------------------
[INFO ][2016-02-09 21:55:48,241][com.java.SeleniumDriver] [  857] - Test case being Executed: 8
[INFO ][2016-02-09 21:55:48,241][com.java.SeleniumDriver] [  869] - Test step:26
[INFO ][2016-02-09 21:55:48,241][com.java.SeleniumDriver] [  881] - Datavalue is----------2
[INFO ][2016-02-09 21:55:48,241][com.java.SeleniumDriver] [  905] - DataField : null
[INFO ][2016-02-09 21:55:48,241][com.java.SeleniumDriver] [  907] - DataValue : 2
[INFO ][2016-02-09 21:55:48,241][com.java.SeleniumDriver] [  913] - <In Set values of the page>
[INFO ][2016-02-09 21:55:48,241][com.java.SeleniumDriver] [  916] - {Data Fields & Data Values Exist}
[INFO ][2016-02-09 21:55:48,241][com.java.SeleniumDriver] [  918] - --------------------------setting values-----------------------------
[INFO ][2016-02-09 21:55:48,241][com.java.SeleniumDriver] [  921] - Action Type : WAITTIME
[DEBUG][2016-02-09 21:55:48,241][com.java.TestType] [ 6561] - sleepTime: 2000
[INFO ][2016-02-09 21:55:50,242][com.java.SeleniumDriver] [  930] -  RESULT true
[INFO ][2016-02-09 21:55:50,242][com.java.SeleniumDriver] [ 1136] - ?   P A S S   ?
[INFO ][2016-02-09 21:55:50,242][com.java.SeleniumDriver] [  856] - ------------------------------------------
[INFO ][2016-02-09 21:55:50,242][com.java.SeleniumDriver] [  857] - Test case being Executed: 8
[INFO ][2016-02-09 21:55:50,242][com.java.SeleniumDriver] [  869] - Test step:27
[INFO ][2016-02-09 21:55:50,242][com.java.SeleniumDriver] [  881] - Datavalue is----------null
[DEBUG][2016-02-09 21:55:50,242][com.java.SeleniumDriver] [  899] - Exception: null
[INFO ][2016-02-09 21:55:50,242][com.java.SeleniumDriver] [  905] - DataField : XPH//div[@class="panel panel-default ng-scope"]/div[@id='bsAlertsHeading']/h4
[INFO ][2016-02-09 21:55:50,242][com.java.SeleniumDriver] [  907] - DataValue : 
[INFO ][2016-02-09 21:55:50,242][com.java.SeleniumDriver] [  913] - <In Set values of the page>
[INFO ][2016-02-09 21:55:50,242][com.java.SeleniumDriver] [  916] - {Data Fields & Data Values Exist}
[INFO ][2016-02-09 21:55:50,242][com.java.SeleniumDriver] [  918] - --------------------------setting values-----------------------------
[INFO ][2016-02-09 21:55:50,243][com.java.SeleniumDriver] [  921] - Action Type : CLICK
[INFO ][2016-02-09 21:55:50,243][com.java.TestType] [ 7153] - Field ::XPH//div[@class="panel panel-default ng-scope"]/div[@id='bsAlertsHeading']/h4
[INFO ][2016-02-09 21:55:50,243][com.java.TestType] [ 6752] - value = 
[INFO ][2016-02-09 21:55:51,243][com.java.TestType] [ 7330] - BEFORE CLICK
[INFO ][2016-02-09 21:55:52,187][com.java.TestType] [ 7338] - Unable to click the object Click on Income Statement tab
[INFO ][2016-02-09 21:55:52,187][com.java.SeleniumDriver] [  930] -  RESULT true
[INFO ][2016-02-09 21:55:52,187][com.java.SeleniumDriver] [ 1136] - ?   P A S S   ?
[INFO ][2016-02-09 21:55:52,187][com.java.SeleniumDriver] [  856] - ------------------------------------------
[INFO ][2016-02-09 21:55:52,187][com.java.SeleniumDriver] [  857] - Test case being Executed: 8
[INFO ][2016-02-09 21:55:52,187][com.java.SeleniumDriver] [  869] - Test step:28
[INFO ][2016-02-09 21:55:52,187][com.java.SeleniumDriver] [  881] - Datavalue is----------3
[INFO ][2016-02-09 21:55:52,187][com.java.SeleniumDriver] [  905] - DataField : null
[INFO ][2016-02-09 21:55:52,187][com.java.SeleniumDriver] [  907] - DataValue : 3
[INFO ][2016-02-09 21:55:52,187][com.java.SeleniumDriver] [  913] - <In Set values of the page>
[INFO ][2016-02-09 21:55:52,187][com.java.SeleniumDriver] [  916] - {Data Fields & Data Values Exist}
[INFO ][2016-02-09 21:55:52,187][com.java.SeleniumDriver] [  918] - --------------------------setting values-----------------------------
[INFO ][2016-02-09 21:55:52,187][com.java.SeleniumDriver] [  921] - Action Type : WAITTIME
[DEBUG][2016-02-09 21:55:52,188][com.java.TestType] [ 6561] - sleepTime: 3000
[INFO ][2016-02-09 21:55:55,188][com.java.SeleniumDriver] [  930] -  RESULT true
[INFO ][2016-02-09 21:55:55,188][com.java.SeleniumDriver] [ 1136] - ?   P A S S   ?
[INFO ][2016-02-09 21:55:55,188][com.java.SeleniumDriver] [  856] - ------------------------------------------
[INFO ][2016-02-09 21:55:55,188][com.java.SeleniumDriver] [  857] - Test case being Executed: 8
[INFO ][2016-02-09 21:55:55,188][com.java.SeleniumDriver] [  869] - Test step:29
[INFO ][2016-02-09 21:55:55,188][com.java.SeleniumDriver] [  881] - Datavalue is----------numberofupdatesbeforerefreshing
[INFO ][2016-02-09 21:55:55,188][com.java.SeleniumDriver] [  905] - DataField : XPH//div[@id="bsAlertsHeading"]//span[@class="badge pull-right ng-binding"]
[INFO ][2016-02-09 21:55:55,188][com.java.SeleniumDriver] [  907] - DataValue : numberofupdatesbeforerefreshing
[INFO ][2016-02-09 21:55:55,188][com.java.SeleniumDriver] [  913] - <In Set values of the page>
[INFO ][2016-02-09 21:55:55,188][com.java.SeleniumDriver] [  916] - {Data Fields & Data Values Exist}
[INFO ][2016-02-09 21:55:55,188][com.java.SeleniumDriver] [  918] - --------------------------setting values-----------------------------
[INFO ][2016-02-09 21:55:55,189][com.java.SeleniumDriver] [  921] - Action Type : STOREVALUE
[INFO ][2016-02-09 21:55:55,189][com.java.TestType] [ 9888] - field= XPH//div[@id="bsAlertsHeading"]//span[@class="badge pull-right ng-binding"]
[DEBUG][2016-02-09 21:55:55,315][com.java.TestType] [ 9943] - Key:: numberofupdatesbeforerefreshing   Value:: 1
[INFO ][2016-02-09 21:55:55,315][com.java.SeleniumDriver] [  930] -  RESULT true
[INFO ][2016-02-09 21:55:55,315][com.java.SeleniumDriver] [ 1136] - ?   P A S S   ?
[INFO ][2016-02-09 21:55:55,315][com.java.SeleniumDriver] [  856] - ------------------------------------------
[INFO ][2016-02-09 21:55:55,315][com.java.SeleniumDriver] [  857] - Test case being Executed: 8
[INFO ][2016-02-09 21:55:55,315][com.java.SeleniumDriver] [  869] - Test step:30
[INFO ][2016-02-09 21:55:55,315][com.java.SeleniumDriver] [  881] - Datavalue is----------HMVnumberofupdatesbeforerefreshing
[INFO ][2016-02-09 21:55:55,315][com.java.SeleniumDriver] [  905] - DataField : TAL//div[@id="bsAlertsContent"]//div[@class="bd-alert ng-scope"]
[INFO ][2016-02-09 21:55:55,315][com.java.SeleniumDriver] [  907] - DataValue : HMVnumberofupdatesbeforerefreshing
[INFO ][2016-02-09 21:55:55,316][com.java.SeleniumDriver] [  913] - <In Set values of the page>
[INFO ][2016-02-09 21:55:55,316][com.java.SeleniumDriver] [  916] - {Data Fields & Data Values Exist}
[INFO ][2016-02-09 21:55:55,316][com.java.SeleniumDriver] [  918] - --------------------------setting values-----------------------------
[INFO ][2016-02-09 21:55:55,316][com.java.SeleniumDriver] [  921] - Action Type : VERIFY
[INFO ][2016-02-09 21:55:55,316][com.java.TestType] [ 8386] - field= TAL//div[@id="bsAlertsContent"]//div[@class="bd-alert ng-scope"] value= HMVnumberofupdatesbeforerefreshing
[INFO ][2016-02-09 21:55:55,316][com.java.TestType] [ 6752] - value = 1
[INFO ][2016-02-09 21:55:55,352][com.java.SeleniumDriver] [  930] -  RESULT true
[INFO ][2016-02-09 21:55:55,352][com.java.SeleniumDriver] [ 1136] - ?   P A S S   ?
[INFO ][2016-02-09 21:55:55,352][com.java.SeleniumDriver] [  856] - ------------------------------------------
[INFO ][2016-02-09 21:55:55,352][com.java.SeleniumDriver] [  857] - Test case being Executed: 8
[INFO ][2016-02-09 21:55:55,352][com.java.SeleniumDriver] [  869] - Test step:31
[INFO ][2016-02-09 21:55:55,352][com.java.SeleniumDriver] [  881] - Datavalue is----------BalanceSheet
[INFO ][2016-02-09 21:55:55,352][com.java.SeleniumDriver] [  905] - DataField : XPH//div[@id="bsAlertsContent"]//div[@class="bd-alert ng-scope"][1]/div[@class="ng-binding"]
[INFO ][2016-02-09 21:55:55,352][com.java.SeleniumDriver] [  907] - DataValue : BalanceSheet
[INFO ][2016-02-09 21:55:55,352][com.java.SeleniumDriver] [  913] - <In Set values of the page>
[INFO ][2016-02-09 21:55:55,352][com.java.SeleniumDriver] [  916] - {Data Fields & Data Values Exist}
[INFO ][2016-02-09 21:55:55,352][com.java.SeleniumDriver] [  918] - --------------------------setting values-----------------------------
[INFO ][2016-02-09 21:55:55,352][com.java.SeleniumDriver] [  921] - Action Type : STOREVALUE
[INFO ][2016-02-09 21:55:55,352][com.java.TestType] [ 9888] - field= XPH//div[@id="bsAlertsContent"]//div[@class="bd-alert ng-scope"][1]/div[@class="ng-binding"]
[DEBUG][2016-02-09 21:55:55,507][com.java.TestType] [ 9943] - Key:: BalanceSheet   Value:: 
[INFO ][2016-02-09 21:55:55,507][com.java.SeleniumDriver] [  930] -  RESULT true
[INFO ][2016-02-09 21:55:55,507][com.java.SeleniumDriver] [ 1136] - ?   P A S S   ?
[INFO ][2016-02-09 21:55:55,507][com.java.SeleniumDriver] [  856] - ------------------------------------------
[INFO ][2016-02-09 21:55:55,507][com.java.SeleniumDriver] [  857] - Test case being Executed: 8
[INFO ][2016-02-09 21:55:55,507][com.java.SeleniumDriver] [  869] - Test step:32
[INFO ][2016-02-09 21:55:55,507][com.java.SeleniumDriver] [  881] - Datavalue is----------Change
[INFO ][2016-02-09 21:55:55,508][com.java.SeleniumDriver] [  905] - DataField : XPH//div[@id="bsAlertsContent"]//div[@class="bd-alert ng-scope"][1]//span[@ class="ng-binding"]
[INFO ][2016-02-09 21:55:55,508][com.java.SeleniumDriver] [  907] - DataValue : Change
[INFO ][2016-02-09 21:55:55,508][com.java.SeleniumDriver] [  913] - <In Set values of the page>
[INFO ][2016-02-09 21:55:55,508][com.java.SeleniumDriver] [  916] - {Data Fields & Data Values Exist}
[INFO ][2016-02-09 21:55:55,508][com.java.SeleniumDriver] [  918] - --------------------------setting values-----------------------------
[INFO ][2016-02-09 21:55:55,508][com.java.SeleniumDriver] [  921] - Action Type : STOREVALUE
[INFO ][2016-02-09 21:55:55,508][com.java.TestType] [ 9888] - field= XPH//div[@id="bsAlertsContent"]//div[@class="bd-alert ng-scope"][1]//span[@ class="ng-binding"]
[DEBUG][2016-02-09 21:55:55,622][com.java.TestType] [ 9943] - Key:: Change   Value:: 
[INFO ][2016-02-09 21:55:55,622][com.java.SeleniumDriver] [  930] -  RESULT true
[INFO ][2016-02-09 21:55:55,622][com.java.SeleniumDriver] [ 1136] - ?   P A S S   ?
[INFO ][2016-02-09 21:55:55,622][com.java.SeleniumDriver] [  856] - ------------------------------------------
[INFO ][2016-02-09 21:55:55,622][com.java.SeleniumDriver] [  857] - Test case being Executed: 8
[INFO ][2016-02-09 21:55:55,622][com.java.SeleniumDriver] [  869] - Test step:33
[INFO ][2016-02-09 21:55:55,622][com.java.SeleniumDriver] [  881] - Datavalue is----------Percentage
[INFO ][2016-02-09 21:55:55,622][com.java.SeleniumDriver] [  905] - DataField : XPH//div[@id="bsAlertsContent"]//div[@class="bd-alert ng-scope"][1]//span[@class="pull-right ng-binding"]
[INFO ][2016-02-09 21:55:55,623][com.java.SeleniumDriver] [  907] - DataValue : Percentage
[INFO ][2016-02-09 21:55:55,623][com.java.SeleniumDriver] [  913] - <In Set values of the page>
[INFO ][2016-02-09 21:55:55,623][com.java.SeleniumDriver] [  916] - {Data Fields & Data Values Exist}
[INFO ][2016-02-09 21:55:55,623][com.java.SeleniumDriver] [  918] - --------------------------setting values-----------------------------
[INFO ][2016-02-09 21:55:55,623][com.java.SeleniumDriver] [  921] - Action Type : STOREVALUE
[INFO ][2016-02-09 21:55:55,623][com.java.TestType] [ 9888] - field= XPH//div[@id="bsAlertsContent"]//div[@class="bd-alert ng-scope"][1]//span[@class="pull-right ng-binding"]
[DEBUG][2016-02-09 21:55:55,737][com.java.TestType] [ 9943] - Key:: Percentage   Value:: 
[INFO ][2016-02-09 21:55:55,737][com.java.SeleniumDriver] [  930] -  RESULT true
[INFO ][2016-02-09 21:55:55,737][com.java.SeleniumDriver] [ 1136] - ?   P A S S   ?
[INFO ][2016-02-09 21:55:55,737][com.java.SeleniumDriver] [  856] - ------------------------------------------
[INFO ][2016-02-09 21:55:55,737][com.java.SeleniumDriver] [  857] - Test case being Executed: 8
[INFO ][2016-02-09 21:55:55,737][com.java.SeleniumDriver] [  869] - Test step:34
[INFO ][2016-02-09 21:55:55,738][com.java.SeleniumDriver] [  881] - Datavalue is----------null
[DEBUG][2016-02-09 21:55:55,738][com.java.SeleniumDriver] [  899] - Exception: null
[INFO ][2016-02-09 21:55:55,738][com.java.SeleniumDriver] [  905] - DataField : XPH//span[@class="glyphicon glyphicon-list-alt"]
[INFO ][2016-02-09 21:55:55,738][com.java.SeleniumDriver] [  907] - DataValue : 
[INFO ][2016-02-09 21:55:55,738][com.java.SeleniumDriver] [  913] - <In Set values of the page>
[INFO ][2016-02-09 21:55:55,738][com.java.SeleniumDriver] [  916] - {Data Fields & Data Values Exist}
[INFO ][2016-02-09 21:55:55,738][com.java.SeleniumDriver] [  918] - --------------------------setting values-----------------------------
[INFO ][2016-02-09 21:55:55,738][com.java.SeleniumDriver] [  921] - Action Type : CLICK
[INFO ][2016-02-09 21:55:55,738][com.java.TestType] [ 7153] - Field ::XPH//span[@class="glyphicon glyphicon-list-alt"]
[INFO ][2016-02-09 21:55:55,738][com.java.TestType] [ 6752] - value = 
[INFO ][2016-02-09 21:55:56,738][com.java.TestType] [ 7330] - BEFORE CLICK
[INFO ][2016-02-09 21:55:57,915][com.java.TestType] [ 7338] - Unable to click the object Click on the report button
[INFO ][2016-02-09 21:55:57,915][com.java.SeleniumDriver] [  930] -  RESULT true
[INFO ][2016-02-09 21:55:57,915][com.java.SeleniumDriver] [ 1136] - ?   P A S S   ?
[INFO ][2016-02-09 21:55:57,915][com.java.SeleniumDriver] [  856] - ------------------------------------------
[INFO ][2016-02-09 21:55:57,915][com.java.SeleniumDriver] [  857] - Test case being Executed: 8
[INFO ][2016-02-09 21:55:57,915][com.java.SeleniumDriver] [  869] - Test step:35
[INFO ][2016-02-09 21:55:57,916][com.java.SeleniumDriver] [  881] - Datavalue is----------10
[INFO ][2016-02-09 21:55:57,916][com.java.SeleniumDriver] [  905] - DataField : XPH//img[@id='loading']
[INFO ][2016-02-09 21:55:57,916][com.java.SeleniumDriver] [  907] - DataValue : 10
[INFO ][2016-02-09 21:55:57,916][com.java.SeleniumDriver] [  913] - <In Set values of the page>
[INFO ][2016-02-09 21:55:57,916][com.java.SeleniumDriver] [  916] - {Data Fields & Data Values Exist}
[INFO ][2016-02-09 21:55:57,916][com.java.SeleniumDriver] [  918] - --------------------------setting values-----------------------------
[INFO ][2016-02-09 21:55:57,916][com.java.SeleniumDriver] [  921] - Action Type : WaitForElement
[INFO ][2016-02-09 21:55:57,951][com.java.SeleniumDriver] [  930] -  RESULT true
[INFO ][2016-02-09 21:55:57,951][com.java.SeleniumDriver] [ 1136] - ?   P A S S   ?
[INFO ][2016-02-09 21:55:57,951][com.java.SeleniumDriver] [  856] - ------------------------------------------
[INFO ][2016-02-09 21:55:57,951][com.java.SeleniumDriver] [  857] - Test case being Executed: 8
[INFO ][2016-02-09 21:55:57,951][com.java.SeleniumDriver] [  869] - Test step:36
[INFO ][2016-02-09 21:55:57,952][com.java.SeleniumDriver] [  881] - Datavalue is----------90
[INFO ][2016-02-09 21:55:57,952][com.java.SeleniumDriver] [  905] - DataField : XPH//img[@id='loading']
[INFO ][2016-02-09 21:55:57,952][com.java.SeleniumDriver] [  907] - DataValue : 90
[INFO ][2016-02-09 21:55:57,952][com.java.SeleniumDriver] [  913] - <In Set values of the page>
[INFO ][2016-02-09 21:55:57,952][com.java.SeleniumDriver] [  916] - {Data Fields & Data Values Exist}
[INFO ][2016-02-09 21:55:57,952][com.java.SeleniumDriver] [  918] - --------------------------setting values-----------------------------
[INFO ][2016-02-09 21:55:57,952][com.java.SeleniumDriver] [  921] - Action Type : waitForElementNotPresent
[INFO ][2016-02-09 21:55:59,126][com.java.SeleniumDriver] [  930] -  RESULT true
[INFO ][2016-02-09 21:55:59,126][com.java.SeleniumDriver] [ 1136] - ?   P A S S   ?
[INFO ][2016-02-09 21:55:59,126][com.java.SeleniumDriver] [  856] - ------------------------------------------
[INFO ][2016-02-09 21:55:59,126][com.java.SeleniumDriver] [  857] - Test case being Executed: 8
[INFO ][2016-02-09 21:55:59,126][com.java.SeleniumDriver] [  869] - Test step:37
[INFO ][2016-02-09 21:55:59,126][com.java.SeleniumDriver] [  881] - Datavalue is----------15
[INFO ][2016-02-09 21:55:59,126][com.java.SeleniumDriver] [  905] - DataField : null
[INFO ][2016-02-09 21:55:59,126][com.java.SeleniumDriver] [  907] - DataValue : 15
[INFO ][2016-02-09 21:55:59,126][com.java.SeleniumDriver] [  913] - <In Set values of the page>
[INFO ][2016-02-09 21:55:59,126][com.java.SeleniumDriver] [  916] - {Data Fields & Data Values Exist}
[INFO ][2016-02-09 21:55:59,126][com.java.SeleniumDriver] [  918] - --------------------------setting values-----------------------------
[INFO ][2016-02-09 21:55:59,126][com.java.SeleniumDriver] [  921] - Action Type : WAITTIME
[DEBUG][2016-02-09 21:55:59,126][com.java.TestType] [ 6561] - sleepTime: 15000
[INFO ][2016-02-09 21:56:14,127][com.java.SeleniumDriver] [  930] -  RESULT true
[INFO ][2016-02-09 21:56:14,127][com.java.SeleniumDriver] [ 1136] - ?   P A S S   ?
[INFO ][2016-02-09 21:56:14,127][com.java.SeleniumDriver] [  856] - ------------------------------------------
[INFO ][2016-02-09 21:56:14,127][com.java.SeleniumDriver] [  857] - Test case being Executed: 8
[INFO ][2016-02-09 21:56:14,127][com.java.SeleniumDriver] [  869] - Test step:38
[INFO ][2016-02-09 21:56:14,127][com.java.SeleniumDriver] [  881] - Datavalue is----------BalanceSheet::Change
[INFO ][2016-02-09 21:56:14,127][com.java.SeleniumDriver] [  905] - DataField : PVP//div[contains(text(),'mytext')]/following::td[3]/div
[INFO ][2016-02-09 21:56:14,127][com.java.SeleniumDriver] [  907] - DataValue : BalanceSheet::Change
[INFO ][2016-02-09 21:56:14,127][com.java.SeleniumDriver] [  913] - <In Set values of the page>
[INFO ][2016-02-09 21:56:14,127][com.java.SeleniumDriver] [  916] - {Data Fields & Data Values Exist}
[INFO ][2016-02-09 21:56:14,127][com.java.SeleniumDriver] [  918] - --------------------------setting values-----------------------------
[INFO ][2016-02-09 21:56:14,127][com.java.SeleniumDriver] [  921] - Action Type : VERIFY
[INFO ][2016-02-09 21:56:14,127][com.java.TestType] [ 8386] - field= PVP//div[contains(text(),'mytext')]/following::td[3]/div value= BalanceSheet::Change
[INFO ][2016-02-09 21:56:14,128][com.java.TestType] [ 6752] - value = BalanceSheet::Change
[INFO ][2016-02-09 21:56:14,739][com.java.SeleniumDriver] [  930] -  RESULT true
[INFO ][2016-02-09 21:56:14,739][com.java.SeleniumDriver] [ 1136] - ?   P A S S   ?
[INFO ][2016-02-09 21:56:14,741][com.java.SeleniumDriver] [  856] - ------------------------------------------
[INFO ][2016-02-09 21:56:14,741][com.java.SeleniumDriver] [  857] - Test case being Executed: 8
[INFO ][2016-02-09 21:56:14,741][com.java.SeleniumDriver] [  869] - Test step:39
[INFO ][2016-02-09 21:56:14,741][com.java.SeleniumDriver] [  881] - Datavalue is----------BalanceSheet::Percentage
[INFO ][2016-02-09 21:56:14,741][com.java.SeleniumDriver] [  905] - DataField : PVP//div[contains(text(),'mytext')]/following::td[4]/div
[INFO ][2016-02-09 21:56:14,741][com.java.SeleniumDriver] [  907] - DataValue : BalanceSheet::Percentage
[INFO ][2016-02-09 21:56:14,741][com.java.SeleniumDriver] [  913] - <In Set values of the page>
[INFO ][2016-02-09 21:56:14,741][com.java.SeleniumDriver] [  916] - {Data Fields & Data Values Exist}
[INFO ][2016-02-09 21:56:14,741][com.java.SeleniumDriver] [  918] - --------------------------setting values-----------------------------
[INFO ][2016-02-09 21:56:14,741][com.java.SeleniumDriver] [  921] - Action Type : VERIFY
[INFO ][2016-02-09 21:56:14,741][com.java.TestType] [ 8386] - field= PVP//div[contains(text(),'mytext')]/following::td[4]/div value= BalanceSheet::Percentage
[INFO ][2016-02-09 21:56:14,742][com.java.TestType] [ 6752] - value = BalanceSheet::Percentage
[DEBUG][2016-02-09 21:56:14,742][com.java.TestType] [ 9591] - Exception: BalanceSheet::Percentage
[DEBUG][2016-02-09 21:56:14,742][com.java.TestType] [ 9594] - Element not replaced::BalanceSheet::Percentage
[INFO ][2016-02-09 21:56:14,742][com.java.SeleniumDriver] [  930] -  RESULT false
[INFO ][2016-02-09 21:56:14,742][com.java.SeleniumDriver] [  977] - ?   F A I L   ?
[INFO ][2016-02-09 21:56:14,742][com.java.SeleniumDriver] [  985] - Browser Type : IE10
[INFO ][2016-02-09 21:56:14,742][com.java.SeleniumDriver] [  986] - Adding Failed case8
[INFO ][2016-02-09 21:56:14,961][com.java.SeleniumDriver] [ 1100] - failedCases = 8
[ERROR][2016-02-09 21:56:14,961][com.java.SeleniumDriver] [ 1599] - Platform Errors : Our apologies...::We have encountered an issue with your request.::Our apologies?:We encountered an issue with your request.
[INFO ][2016-02-09 21:56:14,962][com.java.SeleniumDriver] [ 1603] - Length =3
[ERROR][2016-02-09 21:56:14,962][com.java.SeleniumDriver] [ 1606] - Error 0 = Our apologies...
[ERROR][2016-02-09 21:56:15,076][com.java.SeleniumDriver] [ 1606] - Error 1 = We have encountered an issue with your request.
[ERROR][2016-02-09 21:56:15,167][com.java.SeleniumDriver] [ 1606] - Error 2 = Our apologies?:We encountered an issue with your request.
[INFO ][2016-02-09 21:56:15,256][com.java.SeleniumDriver] [ 1617] - strError:
[DEBUG][2016-02-09 21:56:15,271][com.java.SeleniumDriver] [ 1248] - Case found
[DEBUG][2016-02-09 21:56:15,271][com.java.SeleniumDriver] [ 1253] - Incrementing ReportCounters[0]:2
[INFO ][2016-02-09 21:56:15,271][com.java.SeleniumDriver] [ 1272] - The results are-------------------[8, 39, Right Hand Menu: BS Alerts-BS Alerts data correctness, Fail, 
Test case failed at Step No. :: 39   Error Message ::  Element not replaced::BalanceSheet::Percentage. Screen Shot : D:\BankersDashboard\TestReports\020916\8_020916_215614_IE10.png, Tue Feb 09 21:56:15 IST 2016]
[INFO ][2016-02-09 21:56:15,271][com.java.SeleniumDriver] [ 1276] - End time is-------3 min 45 sec
[INFO ][2016-02-09 21:56:15,271][com.java.SeleniumDriver] [ 1277] - The results are-------------------[8, 39, Right Hand Menu: BS Alerts-BS Alerts data correctness, Fail, 
Test case failed at Step No. :: 39   Error Message ::  Element not replaced::BalanceSheet::Percentage. Screen Shot : D:\BankersDashboard\TestReports\020916\8_020916_215614_IE10.png, Tue Feb 09 21:56:15 IST 2016]
[DEBUG][2016-02-09 21:56:15,272][com.java.ImportnExport.ExportTestResultsExcel] [  222] - testResultPath = D:\BankersDashboard/TestReports/Test Results_BankersDashBoard_020916_215232_IE10_Any Bank USA.xls
[DEBUG][2016-02-09 21:56:15,272][com.java.ImportnExport.ExportTestResultsExcel] [  223] - browser is------------IE10
[DEBUG][2016-02-09 21:56:15,274][com.java.ImportnExport.ExportTestResultsExcel] [  270] - result.size() = 6
[DEBUG][2016-02-09 21:56:15,274][com.java.ImportnExport.ExportTestResultsExcel] [  274] - No of rows in sheet=2
[DEBUG][2016-02-09 21:56:15,274][com.java.ImportnExport.ExportTestResultsExcel] [  301] - ..in export..8
[DEBUG][2016-02-09 21:56:15,274][com.java.ImportnExport.ExportTestResultsExcel] [  301] - ..in export..Right Hand Menu: BS Alerts-BS Alerts data correctness
[DEBUG][2016-02-09 21:56:15,274][com.java.ImportnExport.ExportTestResultsExcel] [  301] - ..in export..Fail
[DEBUG][2016-02-09 21:56:15,274][com.java.ImportnExport.ExportTestResultsExcel] [  301] - ..in export..
Test case failed at Step No. :: 39   Error Message ::  Element not replaced::BalanceSheet::Percentage. Screen Shot : D:\BankersDashboard\TestReports\020916\8_020916_215614_IE10.png
[DEBUG][2016-02-09 21:56:15,274][com.java.ImportnExport.ExportTestResultsExcel] [  301] - ..in export..Tue Feb 09 21:56:15 IST 2016
[INFO ][2016-02-09 21:56:15,276][com.java.SeleniumDriver] [ 1337] - out loop:1 size:3 TestCases:[1, 8, 9] testcases:[1, 8, 9]
[INFO ][2016-02-09 21:56:15,276][com.java.ImportnExport.ImportTestDataDetailsExcel] [   49] - test data details path===== D:\BankersDashboard\TestInputs\TestData.xls
[INFO ][2016-02-09 21:56:31,107][com.java.SeleniumDriver] [  856] - ------------------------------------------
[INFO ][2016-02-09 21:56:31,107][com.java.SeleniumDriver] [  857] - Test case being Executed: 9
[INFO ][2016-02-09 21:56:31,107][com.java.SeleniumDriver] [  869] - Test step:1
[INFO ][2016-02-09 21:56:31,107][com.java.SeleniumDriver] [  881] - Datavalue is----------Logout
[INFO ][2016-02-09 21:56:31,107][com.java.SeleniumDriver] [  905] - DataField : BTN
[INFO ][2016-02-09 21:56:31,107][com.java.SeleniumDriver] [  907] - DataValue : Logout
[INFO ][2016-02-09 21:56:31,107][com.java.SeleniumDriver] [  913] - <In Set values of the page>
[INFO ][2016-02-09 21:56:31,107][com.java.SeleniumDriver] [  916] - {Data Fields & Data Values Exist}
[INFO ][2016-02-09 21:56:31,107][com.java.SeleniumDriver] [  918] - --------------------------setting values-----------------------------
[INFO ][2016-02-09 21:56:31,107][com.java.SeleniumDriver] [  921] - Action Type : Verify
[INFO ][2016-02-09 21:56:31,107][com.java.TestType] [ 8386] - field= BTN value= Logout
[INFO ][2016-02-09 21:56:31,107][com.java.TestType] [ 6752] - value = Logout
[INFO ][2016-02-09 21:56:31,228][com.java.SeleniumDriver] [  930] -  RESULT true
[INFO ][2016-02-09 21:56:31,228][com.java.SeleniumDriver] [ 1136] - ?   P A S S   ?
[INFO ][2016-02-09 21:56:31,228][com.java.SeleniumDriver] [ 1178] - step change to 3
[INFO ][2016-02-09 21:56:31,228][com.java.SeleniumDriver] [  856] - ------------------------------------------
[INFO ][2016-02-09 21:56:31,228][com.java.SeleniumDriver] [  857] - Test case being Executed: 9
[INFO ][2016-02-09 21:56:31,228][com.java.SeleniumDriver] [  869] - Test step:3
[INFO ][2016-02-09 21:56:31,228][com.java.SeleniumDriver] [  881] - Datavalue is----------Concept#2:1-2
[INFO ][2016-02-09 21:56:31,228][com.java.SeleniumDriver] [  905] - DataField : test
[INFO ][2016-02-09 21:56:31,228][com.java.SeleniumDriver] [  907] - DataValue : Concept#2:1-2
[INFO ][2016-02-09 21:56:31,229][com.java.SeleniumDriver] [  913] - <In Set values of the page>
[INFO ][2016-02-09 21:56:31,229][com.java.SeleniumDriver] [  916] - {Data Fields & Data Values Exist}
[INFO ][2016-02-09 21:56:31,229][com.java.SeleniumDriver] [  918] - --------------------------setting values-----------------------------
[INFO ][2016-02-09 21:56:31,229][com.java.SeleniumDriver] [  921] - Action Type : ExecuteTestCase
[INFO ][2016-02-09 21:56:31,229][com.java.TestType] [  448] - The Concept sheet name is ---------- Concept
[INFO ][2016-02-09 21:56:31,229][com.java.TestType] [  451] - The Concept ID  is ---------- 2
[DEBUG][2016-02-09 21:56:31,229][com.java.TestType] [  455] - Steps being executted in the Concept are: 1:2
[INFO ][2016-02-09 21:56:31,229][com.java.TestType] [  462] - Test data details path ---------- D:\BankersDashboard\TestInputs\TestData.xls
[INFO ][2016-02-09 21:56:31,247][com.java.TestType] [  493] -  str(1) = 2
[INFO ][2016-02-09 21:56:31,247][com.java.TestType] [  496] - Test case Id is---2
[INFO ][2016-02-09 21:56:31,247][com.java.TestType] [  498] - 2
[INFO ][2016-02-09 21:56:31,247][com.java.TestType] [  493] -  str(2) = 1
[INFO ][2016-02-09 21:56:31,248][com.java.TestType] [  493] -  str(1) = 2
[INFO ][2016-02-09 21:56:31,248][com.java.TestType] [  496] - Test case Id is---2
[INFO ][2016-02-09 21:56:31,248][com.java.TestType] [  498] - 2
[INFO ][2016-02-09 21:56:31,248][com.java.TestType] [  493] -  str(2) = 2
[INFO ][2016-02-09 21:56:31,249][com.java.TestType] [  493] -  str(1) = 2
[INFO ][2016-02-09 21:56:31,249][com.java.TestType] [  496] - Test case Id is---2
[INFO ][2016-02-09 21:56:31,249][com.java.TestType] [  498] - 2
[INFO ][2016-02-09 21:56:31,249][com.java.TestType] [  493] -  str(2) = 3
[INFO ][2016-02-09 21:56:31,251][com.java.TestType] [12123] - Looping 1TCID = 2
[DEBUG][2016-02-09 21:56:31,251][com.java.TestType] [12164] - Concept ID:2 :: Step being Executed: 2::1
[INFO ][2016-02-09 21:56:31,251][com.java.TestType] [12202] - dataFields : BNK//select[@id='bank']
[DEBUG][2016-02-09 21:56:31,251][com.java.TestType] [12208] - <In Set values of the page>
[DEBUG][2016-02-09 21:56:31,251][com.java.TestType] [12213] - {Data Fields & Data Values Exist}
[INFO ][2016-02-09 21:56:31,251][com.java.TestType] [12219] - --------------------------setting values-----------------------------
[INFO ][2016-02-09 21:56:31,251][com.java.TestType] [12222] - Action Type : Select
[INFO ][2016-02-09 21:56:31,251][com.java.TestType] [ 6752] - value = PFC
[INFO ][2016-02-09 21:56:31,460][com.java.TestType] [12241] -  RESULT true
[INFO ][2016-02-09 21:56:31,460][com.java.TestType] [12358] - ?   P A S S   ?
[DEBUG][2016-02-09 21:56:31,460][com.java.TestType] [12164] - Concept ID:2 :: Step being Executed: 2::2
[INFO ][2016-02-09 21:56:31,460][com.java.TestType] [12202] - dataFields : LNKLogout
[DEBUG][2016-02-09 21:56:31,460][com.java.TestType] [12208] - <In Set values of the page>
[DEBUG][2016-02-09 21:56:31,460][com.java.TestType] [12213] - {Data Fields & Data Values Exist}
[INFO ][2016-02-09 21:56:31,460][com.java.TestType] [12219] - --------------------------setting values-----------------------------
[INFO ][2016-02-09 21:56:31,460][com.java.TestType] [12222] - Action Type : WaitTime
[DEBUG][2016-02-09 21:56:31,460][com.java.TestType] [ 6561] - sleepTime: 5000
[INFO ][2016-02-09 21:56:36,461][com.java.TestType] [12241] -  RESULT true
[INFO ][2016-02-09 21:56:36,461][com.java.TestType] [12358] - ?   P A S S   ?
[INFO ][2016-02-09 21:56:36,461][com.java.TestType] [12429] - Looping End......
[INFO ][2016-02-09 21:56:36,462][com.java.SeleniumDriver] [  930] -  RESULT true
[INFO ][2016-02-09 21:56:36,462][com.java.SeleniumDriver] [ 1136] - ?   P A S S   ?
[INFO ][2016-02-09 21:56:36,463][com.java.SeleniumDriver] [  856] - ------------------------------------------
[INFO ][2016-02-09 21:56:36,463][com.java.SeleniumDriver] [  857] - Test case being Executed: 9
[INFO ][2016-02-09 21:56:36,463][com.java.SeleniumDriver] [  869] - Test step:4
[INFO ][2016-02-09 21:56:36,463][com.java.SeleniumDriver] [  881] - Datavalue is----------2
[INFO ][2016-02-09 21:56:36,463][com.java.SeleniumDriver] [  905] - DataField : XPH//span[@class='icon-compass']
[INFO ][2016-02-09 21:56:36,463][com.java.SeleniumDriver] [  907] - DataValue : 2
[INFO ][2016-02-09 21:56:36,463][com.java.SeleniumDriver] [  913] - <In Set values of the page>
[INFO ][2016-02-09 21:56:36,463][com.java.SeleniumDriver] [  916] - {Data Fields & Data Values Exist}
[INFO ][2016-02-09 21:56:36,463][com.java.SeleniumDriver] [  918] - --------------------------setting values-----------------------------
[INFO ][2016-02-09 21:56:36,463][com.java.SeleniumDriver] [  921] - Action Type : WaitForElement
[INFO ][2016-02-09 21:56:36,499][com.java.SeleniumDriver] [  930] -  RESULT true
[INFO ][2016-02-09 21:56:36,499][com.java.SeleniumDriver] [ 1136] - ?   P A S S   ?
[INFO ][2016-02-09 21:56:36,499][com.java.SeleniumDriver] [  856] - ------------------------------------------
[INFO ][2016-02-09 21:56:36,499][com.java.SeleniumDriver] [  857] - Test case being Executed: 9
[INFO ][2016-02-09 21:56:36,499][com.java.SeleniumDriver] [  869] - Test step:5
[INFO ][2016-02-09 21:56:36,499][com.java.SeleniumDriver] [  881] - Datavalue is----------2
[INFO ][2016-02-09 21:56:36,500][com.java.SeleniumDriver] [  905] - DataField : XPH//button[contains(@class,'menu-item handle')]
[INFO ][2016-02-09 21:56:36,500][com.java.SeleniumDriver] [  907] - DataValue : 2
[INFO ][2016-02-09 21:56:36,500][com.java.SeleniumDriver] [  913] - <In Set values of the page>
[INFO ][2016-02-09 21:56:36,500][com.java.SeleniumDriver] [  916] - {Data Fields & Data Values Exist}
[INFO ][2016-02-09 21:56:36,500][com.java.SeleniumDriver] [  918] - --------------------------setting values-----------------------------
[INFO ][2016-02-09 21:56:36,500][com.java.SeleniumDriver] [  921] - Action Type : WaitForElement
[INFO ][2016-02-09 21:56:36,534][com.java.SeleniumDriver] [  930] -  RESULT true
[INFO ][2016-02-09 21:56:36,534][com.java.SeleniumDriver] [ 1136] - ?   P A S S   ?
[INFO ][2016-02-09 21:56:36,534][com.java.SeleniumDriver] [  856] - ------------------------------------------
[INFO ][2016-02-09 21:56:36,534][com.java.SeleniumDriver] [  857] - Test case being Executed: 9
[INFO ][2016-02-09 21:56:36,534][com.java.SeleniumDriver] [  869] - Test step:6
[INFO ][2016-02-09 21:56:36,534][com.java.SeleniumDriver] [  881] - Datavalue is----------null
[DEBUG][2016-02-09 21:56:36,535][com.java.SeleniumDriver] [  899] - Exception: null
[INFO ][2016-02-09 21:56:36,535][com.java.SeleniumDriver] [  905] - DataField : XPH//button[contains(@class,'menu-item handle')]
[INFO ][2016-02-09 21:56:36,535][com.java.SeleniumDriver] [  907] - DataValue : 
[INFO ][2016-02-09 21:56:36,535][com.java.SeleniumDriver] [  913] - <In Set values of the page>
[INFO ][2016-02-09 21:56:36,535][com.java.SeleniumDriver] [  916] - {Data Fields & Data Values Exist}
[INFO ][2016-02-09 21:56:36,535][com.java.SeleniumDriver] [  918] - --------------------------setting values-----------------------------
[INFO ][2016-02-09 21:56:36,535][com.java.SeleniumDriver] [  921] - Action Type : Click
[INFO ][2016-02-09 21:56:36,535][com.java.TestType] [ 7153] - Field ::XPH//button[contains(@class,'menu-item handle')]
[INFO ][2016-02-09 21:56:36,535][com.java.TestType] [ 6752] - value = 
[INFO ][2016-02-09 21:56:37,535][com.java.TestType] [ 7330] - BEFORE CLICK
[INFO ][2016-02-09 21:56:38,437][com.java.TestType] [ 7338] - Unable to click the object Collapse Menu
[INFO ][2016-02-09 21:56:38,437][com.java.SeleniumDriver] [  930] -  RESULT true
[INFO ][2016-02-09 21:56:38,437][com.java.SeleniumDriver] [ 1136] - ?   P A S S   ?
[INFO ][2016-02-09 21:56:38,437][com.java.SeleniumDriver] [  856] - ------------------------------------------
[INFO ][2016-02-09 21:56:38,437][com.java.SeleniumDriver] [  857] - Test case being Executed: 9
[INFO ][2016-02-09 21:56:38,437][com.java.SeleniumDriver] [  869] - Test step:7
[INFO ][2016-02-09 21:56:38,437][com.java.SeleniumDriver] [  881] - Datavalue is----------null
[DEBUG][2016-02-09 21:56:38,437][com.java.SeleniumDriver] [  899] - Exception: null
[INFO ][2016-02-09 21:56:38,437][com.java.SeleniumDriver] [  905] - DataField : XPH//button[@id='menu-toggle']
[INFO ][2016-02-09 21:56:38,437][com.java.SeleniumDriver] [  907] - DataValue : 
[INFO ][2016-02-09 21:56:38,437][com.java.SeleniumDriver] [  913] - <In Set values of the page>
[INFO ][2016-02-09 21:56:38,437][com.java.SeleniumDriver] [  916] - {Data Fields & Data Values Exist}
[INFO ][2016-02-09 21:56:38,437][com.java.SeleniumDriver] [  918] - --------------------------setting values-----------------------------
[INFO ][2016-02-09 21:56:38,438][com.java.SeleniumDriver] [  921] - Action Type : Click
[INFO ][2016-02-09 21:56:38,438][com.java.TestType] [ 7153] - Field ::XPH//button[@id='menu-toggle']
[INFO ][2016-02-09 21:56:38,438][com.java.TestType] [ 6752] - value = 
[INFO ][2016-02-09 21:56:39,439][com.java.TestType] [ 7330] - BEFORE CLICK
[INFO ][2016-02-09 21:56:40,826][com.java.TestType] [ 7338] - Unable to click the object Hide left menu 
[INFO ][2016-02-09 21:56:40,826][com.java.SeleniumDriver] [  930] -  RESULT true
[INFO ][2016-02-09 21:56:40,826][com.java.SeleniumDriver] [ 1136] - ?   P A S S   ?
[INFO ][2016-02-09 21:56:40,826][com.java.SeleniumDriver] [  856] - ------------------------------------------
[INFO ][2016-02-09 21:56:40,826][com.java.SeleniumDriver] [  857] - Test case being Executed: 9
[INFO ][2016-02-09 21:56:40,826][com.java.SeleniumDriver] [  869] - Test step:8
[INFO ][2016-02-09 21:56:40,826][com.java.SeleniumDriver] [  881] - Datavalue is----------null
[DEBUG][2016-02-09 21:56:40,826][com.java.SeleniumDriver] [  899] - Exception: null
[INFO ][2016-02-09 21:56:40,826][com.java.SeleniumDriver] [  905] - DataField : XPH//button[@id='menu-toggle']
[INFO ][2016-02-09 21:56:40,826][com.java.SeleniumDriver] [  907] - DataValue : 
[INFO ][2016-02-09 21:56:40,826][com.java.SeleniumDriver] [  913] - <In Set values of the page>
[INFO ][2016-02-09 21:56:40,828][com.java.SeleniumDriver] [  916] - {Data Fields & Data Values Exist}
[INFO ][2016-02-09 21:56:40,828][com.java.SeleniumDriver] [  918] - --------------------------setting values-----------------------------
[INFO ][2016-02-09 21:56:40,828][com.java.SeleniumDriver] [  921] - Action Type : Click
[INFO ][2016-02-09 21:56:40,828][com.java.TestType] [ 7153] - Field ::XPH//button[@id='menu-toggle']
[INFO ][2016-02-09 21:56:40,828][com.java.TestType] [ 6752] - value = 
[INFO ][2016-02-09 21:56:41,828][com.java.TestType] [ 7330] - BEFORE CLICK
[INFO ][2016-02-09 21:56:42,988][com.java.TestType] [ 7338] - Unable to click the object Hide left menu 
[INFO ][2016-02-09 21:56:42,988][com.java.SeleniumDriver] [  930] -  RESULT true
[INFO ][2016-02-09 21:56:42,988][com.java.SeleniumDriver] [ 1136] - ?   P A S S   ?
[INFO ][2016-02-09 21:56:42,988][com.java.SeleniumDriver] [  856] - ------------------------------------------
[INFO ][2016-02-09 21:56:42,988][com.java.SeleniumDriver] [  857] - Test case being Executed: 9
[INFO ][2016-02-09 21:56:42,988][com.java.SeleniumDriver] [  869] - Test step:9
[INFO ][2016-02-09 21:56:42,988][com.java.SeleniumDriver] [  881] - Datavalue is----------null
[DEBUG][2016-02-09 21:56:42,988][com.java.SeleniumDriver] [  899] - Exception: null
[INFO ][2016-02-09 21:56:42,988][com.java.SeleniumDriver] [  905] - DataField : XPH//button[@class='menu-item handle']
[INFO ][2016-02-09 21:56:42,988][com.java.SeleniumDriver] [  907] - DataValue : 
[INFO ][2016-02-09 21:56:42,988][com.java.SeleniumDriver] [  913] - <In Set values of the page>
[INFO ][2016-02-09 21:56:42,988][com.java.SeleniumDriver] [  916] - {Data Fields & Data Values Exist}
[INFO ][2016-02-09 21:56:42,988][com.java.SeleniumDriver] [  918] - --------------------------setting values-----------------------------
[INFO ][2016-02-09 21:56:42,989][com.java.SeleniumDriver] [  921] - Action Type : Click
[INFO ][2016-02-09 21:56:42,989][com.java.TestType] [ 7153] - Field ::XPH//button[@class='menu-item handle']
[INFO ][2016-02-09 21:56:42,989][com.java.TestType] [ 6752] - value = 
[INFO ][2016-02-09 21:56:43,989][com.java.TestType] [ 7330] - BEFORE CLICK
[INFO ][2016-02-09 21:56:45,087][com.java.TestType] [ 7338] - Unable to click the object Expand menu
[INFO ][2016-02-09 21:56:45,087][com.java.SeleniumDriver] [  930] -  RESULT true
[INFO ][2016-02-09 21:56:45,087][com.java.SeleniumDriver] [ 1136] - ?   P A S S   ?
[INFO ][2016-02-09 21:56:45,087][com.java.SeleniumDriver] [  856] - ------------------------------------------
[INFO ][2016-02-09 21:56:45,087][com.java.SeleniumDriver] [  857] - Test case being Executed: 9
[INFO ][2016-02-09 21:56:45,087][com.java.SeleniumDriver] [  869] - Test step:10
[INFO ][2016-02-09 21:56:45,087][com.java.SeleniumDriver] [  881] - Datavalue is----------2
[INFO ][2016-02-09 21:56:45,087][com.java.SeleniumDriver] [  905] - DataField : XPH//div[@class="menu"]//span[@class='glyphicon glyphicon-bell']
[INFO ][2016-02-09 21:56:45,087][com.java.SeleniumDriver] [  907] - DataValue : 2
[INFO ][2016-02-09 21:56:45,087][com.java.SeleniumDriver] [  913] - <In Set values of the page>
[INFO ][2016-02-09 21:56:45,087][com.java.SeleniumDriver] [  916] - {Data Fields & Data Values Exist}
[INFO ][2016-02-09 21:56:45,087][com.java.SeleniumDriver] [  918] - --------------------------setting values-----------------------------
[INFO ][2016-02-09 21:56:45,087][com.java.SeleniumDriver] [  921] - Action Type : WaitForElement
[INFO ][2016-02-09 21:56:45,164][com.java.SeleniumDriver] [  930] -  RESULT true
[INFO ][2016-02-09 21:56:45,164][com.java.SeleniumDriver] [ 1136] - ?   P A S S   ?
[INFO ][2016-02-09 21:56:45,164][com.java.SeleniumDriver] [  856] - ------------------------------------------
[INFO ][2016-02-09 21:56:45,164][com.java.SeleniumDriver] [  857] - Test case being Executed: 9
[INFO ][2016-02-09 21:56:45,164][com.java.SeleniumDriver] [  869] - Test step:11
[INFO ][2016-02-09 21:56:45,164][com.java.SeleniumDriver] [  881] - Datavalue is----------null
[DEBUG][2016-02-09 21:56:45,165][com.java.SeleniumDriver] [  899] - Exception: null
[INFO ][2016-02-09 21:56:45,165][com.java.SeleniumDriver] [  905] - DataField : XPH//div[@class="menu"]//span[@class='glyphicon glyphicon-bell']
[INFO ][2016-02-09 21:56:45,165][com.java.SeleniumDriver] [  907] - DataValue : 
[INFO ][2016-02-09 21:56:45,165][com.java.SeleniumDriver] [  913] - <In Set values of the page>
[INFO ][2016-02-09 21:56:45,165][com.java.SeleniumDriver] [  916] - {Data Fields & Data Values Exist}
[INFO ][2016-02-09 21:56:45,165][com.java.SeleniumDriver] [  918] - --------------------------setting values-----------------------------
[INFO ][2016-02-09 21:56:45,165][com.java.SeleniumDriver] [  921] - Action Type : Click
[INFO ][2016-02-09 21:56:45,165][com.java.TestType] [ 7153] - Field ::XPH//div[@class="menu"]//span[@class='glyphicon glyphicon-bell']
[INFO ][2016-02-09 21:56:45,165][com.java.TestType] [ 6752] - value = 
[INFO ][2016-02-09 21:56:46,165][com.java.TestType] [ 7330] - BEFORE CLICK
[INFO ][2016-02-09 21:56:47,102][com.java.TestType] [ 7338] - Unable to click the object Bell Icon
[INFO ][2016-02-09 21:56:47,102][com.java.SeleniumDriver] [  930] -  RESULT true
[INFO ][2016-02-09 21:56:47,102][com.java.SeleniumDriver] [ 1136] - ?   P A S S   ?
[INFO ][2016-02-09 21:56:47,102][com.java.SeleniumDriver] [  856] - ------------------------------------------
[INFO ][2016-02-09 21:56:47,102][com.java.SeleniumDriver] [  857] - Test case being Executed: 9
[INFO ][2016-02-09 21:56:47,102][com.java.SeleniumDriver] [  869] - Test step:12
[INFO ][2016-02-09 21:56:47,102][com.java.SeleniumDriver] [  881] - Datavalue is----------//div[@class="body"]//button[@data-original-title="Collapse Menu" ]
[INFO ][2016-02-09 21:56:47,102][com.java.SeleniumDriver] [  905] - DataField : BTN
[INFO ][2016-02-09 21:56:47,102][com.java.SeleniumDriver] [  907] - DataValue : //div[@class="body"]//button[@data-original-title="Collapse Menu" ]
[INFO ][2016-02-09 21:56:47,102][com.java.SeleniumDriver] [  913] - <In Set values of the page>
[INFO ][2016-02-09 21:56:47,102][com.java.SeleniumDriver] [  916] - {Data Fields & Data Values Exist}
[INFO ][2016-02-09 21:56:47,102][com.java.SeleniumDriver] [  918] - --------------------------setting values-----------------------------
[INFO ][2016-02-09 21:56:47,102][com.java.SeleniumDriver] [  921] - Action Type : VERIFY
[INFO ][2016-02-09 21:56:47,103][com.java.TestType] [ 8386] - field= BTN value= //div[@class="body"]//button[@data-original-title="Collapse Menu" ]
[INFO ][2016-02-09 21:56:47,103][com.java.TestType] [ 6752] - value = //div[@class="body"]//button[@data-original-title="Collapse Menu" ]
[DEBUG][2016-02-09 21:57:30,687][com.java.TestType] [ 8039] - //div[@class="body"]//button[@data-original-title="Collapse Menu" ]   :: Element not Found
[ERROR][2016-02-09 21:57:51,489][com.java.TestType] [ 9141] - Assertion Error: 
[INFO ][2016-02-09 21:57:51,489][com.java.SeleniumDriver] [  930] -  RESULT false
[INFO ][2016-02-09 21:57:51,489][com.java.SeleniumDriver] [  977] - ?   F A I L   ?
[INFO ][2016-02-09 21:57:51,489][com.java.SeleniumDriver] [  985] - Browser Type : IE10
[INFO ][2016-02-09 21:57:51,490][com.java.SeleniumDriver] [  986] - Adding Failed case9
[DEBUG][2016-02-09 21:57:51,608][com.java.SeleniumDriver] [ 1054] -  tdd.getCondition() IF:14:Next
[INFO ][2016-02-09 21:57:51,609][com.java.SeleniumDriver] [ 1058] - Continue next step...
[INFO ][2016-02-09 21:57:51,609][com.java.SeleniumDriver] [  856] - ------------------------------------------
[INFO ][2016-02-09 21:57:51,609][com.java.SeleniumDriver] [  857] - Test case being Executed: 9
[INFO ][2016-02-09 21:57:51,609][com.java.SeleniumDriver] [  869] - Test step:13
[INFO ][2016-02-09 21:57:51,609][com.java.SeleniumDriver] [  881] - Datavalue is----------null
[DEBUG][2016-02-09 21:57:51,609][com.java.SeleniumDriver] [  899] - Exception: null
[INFO ][2016-02-09 21:57:51,609][com.java.SeleniumDriver] [  905] - DataField : XPH//div[@class="menu"]//span[@class='glyphicon glyphicon-bell']
[INFO ][2016-02-09 21:57:51,610][com.java.SeleniumDriver] [  907] - DataValue : 
[INFO ][2016-02-09 21:57:51,610][com.java.SeleniumDriver] [  913] - <In Set values of the page>
[INFO ][2016-02-09 21:57:51,610][com.java.SeleniumDriver] [  916] - {Data Fields & Data Values Exist}
[INFO ][2016-02-09 21:57:51,610][com.java.SeleniumDriver] [  918] - --------------------------setting values-----------------------------
[INFO ][2016-02-09 21:57:51,610][com.java.SeleniumDriver] [  921] - Action Type : Click
[INFO ][2016-02-09 21:57:51,610][com.java.TestType] [ 7153] - Field ::XPH//div[@class="menu"]//span[@class='glyphicon glyphicon-bell']
[INFO ][2016-02-09 21:57:51,610][com.java.TestType] [ 6752] - value = 
[INFO ][2016-02-09 21:57:52,610][com.java.TestType] [ 7330] - BEFORE CLICK
[INFO ][2016-02-09 21:57:53,487][com.java.TestType] [ 7338] - Unable to click the object Bell Icon
[INFO ][2016-02-09 21:57:53,487][com.java.SeleniumDriver] [  930] -  RESULT true
[INFO ][2016-02-09 21:57:53,487][com.java.SeleniumDriver] [ 1136] - ?   P A S S   ?
[INFO ][2016-02-09 21:57:53,487][com.java.SeleniumDriver] [  856] - ------------------------------------------
[INFO ][2016-02-09 21:57:53,488][com.java.SeleniumDriver] [  857] - Test case being Executed: 9
[WARN ][2016-02-09 21:57:53,488][com.java.SeleniumDriver] [  861] - -----------------------Step Skipped:: 	TestCaseNo:  9	 StepNo: 14  	::	Action Type:  WaitForElement 	::		ClientName In TestData:  "SKIP" 	::	ClientName in config:  "Any Bank USA"-----------------------------
[INFO ][2016-02-09 21:57:53,488][com.java.SeleniumDriver] [  856] - ------------------------------------------
[INFO ][2016-02-09 21:57:53,488][com.java.SeleniumDriver] [  857] - Test case being Executed: 9
[INFO ][2016-02-09 21:57:53,488][com.java.SeleniumDriver] [  869] - Test step:15
[INFO ][2016-02-09 21:57:53,488][com.java.SeleniumDriver] [  881] - Datavalue is----------null
[DEBUG][2016-02-09 21:57:53,488][com.java.SeleniumDriver] [  899] - Exception: null
[INFO ][2016-02-09 21:57:53,488][com.java.SeleniumDriver] [  905] - DataField : XPH//div[@class='panel panel-default ng-scope'][2]//span[@class='glyphicon glyphicon-play']
[INFO ][2016-02-09 21:57:53,488][com.java.SeleniumDriver] [  907] - DataValue : 
[INFO ][2016-02-09 21:57:53,488][com.java.SeleniumDriver] [  913] - <In Set values of the page>
[INFO ][2016-02-09 21:57:53,488][com.java.SeleniumDriver] [  916] - {Data Fields & Data Values Exist}
[INFO ][2016-02-09 21:57:53,488][com.java.SeleniumDriver] [  918] - --------------------------setting values-----------------------------
[INFO ][2016-02-09 21:57:53,488][com.java.SeleniumDriver] [  921] - Action Type : Click
[INFO ][2016-02-09 21:57:53,488][com.java.TestType] [ 7153] - Field ::XPH//div[@class='panel panel-default ng-scope'][2]//span[@class='glyphicon glyphicon-play']
[INFO ][2016-02-09 21:57:53,488][com.java.TestType] [ 6752] - value = 
[INFO ][2016-02-09 21:57:54,489][com.java.TestType] [ 7330] - BEFORE CLICK
[ERROR][2016-02-09 21:57:54,925][com.java.TestType] [ 7684] - Exception in click:: Element //div[@class='panel panel-default ng-scope'][2]//span[@class='glyphicon glyphicon-play'] not found
[INFO ][2016-02-09 21:57:54,926][com.java.TestType] [ 7688] - Element :://div[@class='panel panel-default ng-scope'][2]//span[@class='glyphicon glyphicon-play']:: not found
[INFO ][2016-02-09 21:57:54,926][com.java.SeleniumDriver] [  930] -  RESULT false
[INFO ][2016-02-09 21:57:54,926][com.java.SeleniumDriver] [  977] - ?   F A I L   ?
[INFO ][2016-02-09 21:57:54,926][com.java.SeleniumDriver] [  985] - Browser Type : IE10
[INFO ][2016-02-09 21:57:54,926][com.java.SeleniumDriver] [  986] - Adding Failed case9
[INFO ][2016-02-09 21:57:55,216][com.java.SeleniumDriver] [ 1100] - failedCases = 8-9
[ERROR][2016-02-09 21:57:55,216][com.java.SeleniumDriver] [ 1599] - Platform Errors : Our apologies...::We have encountered an issue with your request.::Our apologies?:We encountered an issue with your request.
[INFO ][2016-02-09 21:57:55,216][com.java.SeleniumDriver] [ 1603] - Length =3
[ERROR][2016-02-09 21:57:55,216][com.java.SeleniumDriver] [ 1606] - Error 0 = Our apologies...
[ERROR][2016-02-09 21:57:55,278][com.java.SeleniumDriver] [ 1606] - Error 1 = We have encountered an issue with your request.
[ERROR][2016-02-09 21:57:55,363][com.java.SeleniumDriver] [ 1606] - Error 2 = Our apologies?:We encountered an issue with your request.
[INFO ][2016-02-09 21:57:55,416][com.java.SeleniumDriver] [ 1617] - strError:
[DEBUG][2016-02-09 21:57:55,431][com.java.SeleniumDriver] [ 1248] - Case found
[DEBUG][2016-02-09 21:57:55,431][com.java.SeleniumDriver] [ 1253] - Incrementing ReportCounters[0]:3
[INFO ][2016-02-09 21:57:55,431][com.java.SeleniumDriver] [ 1272] - The results are-------------------[9, 15, BD Right Hand Menu Bar: IS Alerts -IS alerts exists, Fail, 
Test case failed at Step No. :: 15   Error Message ::  Element :://div[@class='panel panel-default ng-scope'][2]//span[@class='glyphicon glyphicon-play']:: not found. Screen Shot : D:\BankersDashboard\TestReports\020916\9_020916_215754_IE10.png, Tue Feb 09 21:57:55 IST 2016]
[INFO ][2016-02-09 21:57:55,431][com.java.SeleniumDriver] [ 1276] - End time is-------5 min 25 sec
[INFO ][2016-02-09 21:57:55,431][com.java.SeleniumDriver] [ 1277] - The results are-------------------[9, 15, BD Right Hand Menu Bar: IS Alerts -IS alerts exists, Fail, 
Test case failed at Step No. :: 15   Error Message ::  Element :://div[@class='panel panel-default ng-scope'][2]//span[@class='glyphicon glyphicon-play']:: not found. Screen Shot : D:\BankersDashboard\TestReports\020916\9_020916_215754_IE10.png, Tue Feb 09 21:57:55 IST 2016]
[DEBUG][2016-02-09 21:57:55,431][com.java.ImportnExport.ExportTestResultsExcel] [  222] - testResultPath = D:\BankersDashboard/TestReports/Test Results_BankersDashBoard_020916_215232_IE10_Any Bank USA.xls
[DEBUG][2016-02-09 21:57:55,431][com.java.ImportnExport.ExportTestResultsExcel] [  223] - browser is------------IE10
[DEBUG][2016-02-09 21:57:55,434][com.java.ImportnExport.ExportTestResultsExcel] [  270] - result.size() = 6
[DEBUG][2016-02-09 21:57:55,434][com.java.ImportnExport.ExportTestResultsExcel] [  274] - No of rows in sheet=3
[DEBUG][2016-02-09 21:57:55,434][com.java.ImportnExport.ExportTestResultsExcel] [  301] - ..in export..9
[DEBUG][2016-02-09 21:57:55,434][com.java.ImportnExport.ExportTestResultsExcel] [  301] - ..in export..BD Right Hand Menu Bar: IS Alerts -IS alerts exists
[DEBUG][2016-02-09 21:57:55,434][com.java.ImportnExport.ExportTestResultsExcel] [  301] - ..in export..Fail
[DEBUG][2016-02-09 21:57:55,434][com.java.ImportnExport.ExportTestResultsExcel] [  301] - ..in export..
Test case failed at Step No. :: 15   Error Message ::  Element :://div[@class='panel panel-default ng-scope'][2]//span[@class='glyphicon glyphicon-play']:: not found. Screen Shot : D:\BankersDashboard\TestReports\020916\9_020916_215754_IE10.png
[DEBUG][2016-02-09 21:57:55,435][com.java.ImportnExport.ExportTestResultsExcel] [  301] - ..in export..Tue Feb 09 21:57:55 IST 2016
[INFO ][2016-02-09 21:57:55,436][com.java.SeleniumDriver] [ 1337] - out loop:2 size:3 TestCases:[1, 8, 9] testcases:[1, 8, 9]
[INFO ][2016-02-09 21:57:57,438][com.java.SeleniumDriver] [ 1380] - Total Number of Cases:3
[INFO ][2016-02-09 21:57:57,438][com.java.TemplateGenerator] [  302] - Executed:3
[INFO ][2016-02-09 21:57:57,438][com.java.TemplateGenerator] [  303] - Passed:1
[INFO ][2016-02-09 21:57:57,438][com.java.TemplateGenerator] [  304] - Failed:2
[INFO ][2016-02-09 21:57:57,438][com.java.TemplateGenerator] [  305] - Skipeed:0
[INFO ][2016-02-09 21:57:57,438][com.java.TemplateGenerator] [  306] - Application URL:https://clients-xuat.bankersdashboard.com
[INFO ][2016-02-09 21:57:57,438][com.java.TemplateGenerator] [  307] - Start Time:020916_215232
[INFO ][2016-02-09 21:57:57,438][com.java.TemplateGenerator] [  308] -  Creating HTML Report 
[ERROR][2016-02-09 21:57:57,439][com.java.TemplateGenerator] [  409] - Unparseable date: "Tue Feb 09 09:52:32 IST 2016"
[INFO ][2016-02-09 21:57:57,439][com.java.TemplateGenerator] [  654] -  Exporting case :: 1
[INFO ][2016-02-09 21:57:57,439][com.java.TemplateGenerator] [  654] -  Exporting case :: 8
[INFO ][2016-02-09 21:57:57,439][com.java.TemplateGenerator] [  654] -  Exporting case :: 9
[INFO ][2016-02-09 21:57:57,459][com.java.SeleniumDriver] [ 1429] - End Time:020916_215757
[INFO ][2016-02-09 21:57:57,459][com.java.SeleniumDriver] [ 1432] - Data in Test Execution Details:{1=PASS, 8=FAILTest case failed at Step No. :: 39   Error Message ::  Element not replaced::BalanceSheet::Percentage, 9=FAILTest case failed at Step No. :: 15   Error Message ::  Element :://div[@class='panel panel-default ng-scope'][2]//span[@class='glyphicon glyphicon-play']:: not found}
[INFO ][2016-02-09 21:57:57,459][com.java.SeleniumDriver] [ 1433] - Data in Failed Execution Deatils:{}
[INFO ][2016-02-09 21:57:57,459][com.java.SeleniumDriver] [ 1435] - ReportCounter:Total:3 :: PASS: 1 ::FAIL: 2
[INFO ][2016-02-09 21:57:57,459][com.java.SeleniumDriver] [ 1436] - FailedReportCounter:Total:0 :: PASS: 0 ::FAIL: 0
[INFO ][2016-02-09 21:57:57,465][com.java.EmailTestReport] [   63] - Sending report mail details:
[INFO ][2016-02-09 21:57:57,465][com.java.EmailTestReport] [   80] - Excel Report Path:D:\BankersDashboard/TestReports/Test Results_BankersDashBoard_020916_215232_IE10_Any Bank USA.xls
[INFO ][2016-02-09 21:57:57,466][com.java.EmailTestReport] [   81] - HTML Report Path:D:\BankersDashboard//TestReports//Test Results_BankersDashBoard_020916_215232_IE10_Any Bank USA.html
[INFO ][2016-02-09 21:57:57,466][com.java.EmailTestReport] [   82] - smtpHostName:mail01.valuelabs.com
[INFO ][2016-02-09 21:57:57,466][com.java.EmailTestReport] [   83] - Recipient:venkateswararao.gubbala@valuelabs.com;
[INFO ][2016-02-09 21:57:57,466][com.java.EmailTestReport] [   84] - From:venkateswararao.gubbala@valuelabs.com;
[INFO ][2016-02-09 21:57:57,466][com.java.EmailTestReport] [   85] - Subject:Deluxe Corp Bankers Dashboard Automation Test Report - Any Bank USA - IE10
[INFO ][2016-02-09 21:57:57,484][com.java.EmailTestReport] [  143] -  Added venkateswararao.gubbala@valuelabs.com
[INFO ][2016-02-09 21:58:00,595][com.java.SeleniumDriver] [  722] - quitting the browser 
[INFO ][2016-02-09 21:58:02,357][com.java.SeleniumDriver] [  264] - Execution Completed Stopping the thread
