[INFO ][2016-01-13 15:29:18,642][com.java.SeleniumDriver] [  213] - Execute Failed Casesfalse
[INFO ][2016-01-13 15:29:18,642][com.java.SeleniumDriver] [  214] - Browser: IE10
[INFO ][2016-01-13 15:29:18,642][com.java.SeleniumDriver] [  215] - [1, 11]
[INFO ][2016-01-13 15:29:18,642][com.java.SeleniumDriver] [  216] - Total TestCases:2
[INFO ][2016-01-13 15:29:18,642][com.java.SeleniumDriver] [  217] -  Reading Properties from Property File 
[DEBUG][2016-01-13 15:29:18,642][com.java.SeleniumDriver] [  238] - url : https://clients-xuat.bankersdashboard.com
[INFO ][2016-01-13 15:29:18,642][com.java.ImportnExport.ExportTestResultsExcel] [  116] - Time Stamp Wed Jan 13 03:29:18 IST 2016
[INFO ][2016-01-13 15:29:18,642][com.java.ImportnExport.ExportTestResultsExcel] [  175] - OUT FILE : D:\BankersDashboard/TestReports/Test Results_BankersDashBoard_011316_152918_IE10_Any Bank USA.xls
[INFO ][2016-01-13 15:29:18,673][com.java.ImportnExport.ExportTestResultsExcel] [  180] - Test Result file is created
[DEBUG][2016-01-13 15:29:18,773][com.java.SeleniumDriver] [  426] - Hub ip address is-------172.17.68.34
[INFO ][2016-01-13 15:29:18,783][com.java.SeleniumDriver] [  452] - Grid URL:http://172.17.68.34:4444/wd/hub
[INFO ][2016-01-13 15:29:18,783][com.java.SeleniumDriver] [  453] - Capability:Capabilities [{platform=ANY, ensureCleanSession=true, ignoreProtectedModeSettings=true, acceptSslCerts=true, ignoreZoomSetting=true, browserName=internet explorer, browserstack.ie.noFlash=true, version=null}]
[ERROR][2016-01-13 15:29:20,085][com.java.SeleniumDriver] [  498] - Unable invoke browser in grid:Could not start a new session. Possible causes are invalid address of the remote server or browser start-up failure.
Build info: version: '2.48.2', revision: '41bccdd', time: '2015-10-09 19:59:12'
System info: host: 'FVTIII438F1D', ip: '172.17.68.34', os.name: 'Windows 7', os.arch: 'x86', os.version: '6.1', java.version: '1.7.0_55'
Driver info: driver.version: SeleniumDriver
[INFO ][2016-01-13 15:29:20,085][com.java.SeleniumDriver] [  500] - Executing on local machine
[INFO ][2016-01-13 15:29:30,759][com.java.SeleniumDriver] [  248] - IE10is opened
[INFO ][2016-01-13 15:29:31,384][com.java.SeleniumDriver] [  756] - Test cases to be executed are: [1, 11]
[INFO ][2016-01-13 15:29:31,415][com.java.ImportnExport.ImportTestDataDetailsExcel] [   49] - test data details path===== D:\BankersDashboard\TestInputs\TestData.xls
[INFO ][2016-01-13 15:29:31,505][com.java.SeleniumDriver] [  856] - ------------------------------------------
[INFO ][2016-01-13 15:29:31,505][com.java.SeleniumDriver] [  857] - Test case being Executed: 1
[INFO ][2016-01-13 15:29:31,505][com.java.SeleniumDriver] [  869] - Test step:1
[INFO ][2016-01-13 15:29:31,505][com.java.SeleniumDriver] [  881] - Datavalue is----------Concept#1:1-16
[INFO ][2016-01-13 15:29:31,505][com.java.SeleniumDriver] [  905] - DataField : test
[INFO ][2016-01-13 15:29:31,505][com.java.SeleniumDriver] [  907] - DataValue : Concept#1:1-16
[INFO ][2016-01-13 15:29:31,505][com.java.SeleniumDriver] [  913] - <In Set values of the page>
[INFO ][2016-01-13 15:29:31,505][com.java.SeleniumDriver] [  916] - {Data Fields & Data Values Exist}
[INFO ][2016-01-13 15:29:31,505][com.java.SeleniumDriver] [  918] - --------------------------setting values-----------------------------
[INFO ][2016-01-13 15:29:31,505][com.java.SeleniumDriver] [  921] - Action Type : ExecuteTestCase
[INFO ][2016-01-13 15:29:31,515][com.java.TestType] [  437] - The Concept sheet name is ---------- Concept
[INFO ][2016-01-13 15:29:31,515][com.java.TestType] [  440] - The Concept ID  is ---------- 1
[DEBUG][2016-01-13 15:29:31,515][com.java.TestType] [  444] - Steps being executted in the Concept are: 1:16
[INFO ][2016-01-13 15:29:31,515][com.java.TestType] [  451] - Test data details path ---------- D:\BankersDashboard\TestInputs\TestData.xls
[INFO ][2016-01-13 15:29:31,555][com.java.TestType] [  482] -  str(1) = 1
[INFO ][2016-01-13 15:29:31,555][com.java.TestType] [  485] - Test case Id is---1
[INFO ][2016-01-13 15:29:31,555][com.java.TestType] [  487] - 1
[INFO ][2016-01-13 15:29:31,555][com.java.TestType] [  482] -  str(2) = 1
[INFO ][2016-01-13 15:29:31,565][com.java.TestType] [  482] -  str(1) = 1
[INFO ][2016-01-13 15:29:31,565][com.java.TestType] [  485] - Test case Id is---1
[INFO ][2016-01-13 15:29:31,565][com.java.TestType] [  487] - 1
[INFO ][2016-01-13 15:29:31,565][com.java.TestType] [  482] -  str(2) = 2
[INFO ][2016-01-13 15:29:31,565][com.java.TestType] [  482] -  str(1) = 1
[INFO ][2016-01-13 15:29:31,565][com.java.TestType] [  485] - Test case Id is---1
[INFO ][2016-01-13 15:29:31,565][com.java.TestType] [  487] - 1
[INFO ][2016-01-13 15:29:31,565][com.java.TestType] [  482] -  str(2) = 3
[INFO ][2016-01-13 15:29:31,565][com.java.TestType] [  482] -  str(1) = 1
[INFO ][2016-01-13 15:29:31,565][com.java.TestType] [  485] - Test case Id is---1
[INFO ][2016-01-13 15:29:31,565][com.java.TestType] [  487] - 1
[INFO ][2016-01-13 15:29:31,565][com.java.TestType] [  482] -  str(2) = 4
[INFO ][2016-01-13 15:29:31,565][com.java.TestType] [  482] -  str(1) = 1
[INFO ][2016-01-13 15:29:31,565][com.java.TestType] [  485] - Test case Id is---1
[INFO ][2016-01-13 15:29:31,565][com.java.TestType] [  487] - 1
[INFO ][2016-01-13 15:29:31,565][com.java.TestType] [  482] -  str(2) = 5
[INFO ][2016-01-13 15:29:31,565][com.java.TestType] [  482] -  str(1) = 1
[INFO ][2016-01-13 15:29:31,565][com.java.TestType] [  485] - Test case Id is---1
[INFO ][2016-01-13 15:29:31,565][com.java.TestType] [  487] - 1
[INFO ][2016-01-13 15:29:31,565][com.java.TestType] [  482] -  str(2) = 6
[INFO ][2016-01-13 15:29:31,565][com.java.TestType] [  482] -  str(1) = 1
[INFO ][2016-01-13 15:29:31,565][com.java.TestType] [  485] - Test case Id is---1
[INFO ][2016-01-13 15:29:31,565][com.java.TestType] [  487] - 1
[INFO ][2016-01-13 15:29:31,565][com.java.TestType] [  482] -  str(2) = 7
[INFO ][2016-01-13 15:29:31,575][com.java.TestType] [  482] -  str(1) = 1
[INFO ][2016-01-13 15:29:31,575][com.java.TestType] [  485] - Test case Id is---1
[INFO ][2016-01-13 15:29:31,575][com.java.TestType] [  487] - 1
[INFO ][2016-01-13 15:29:31,575][com.java.TestType] [  482] -  str(2) = 8
[INFO ][2016-01-13 15:29:31,575][com.java.TestType] [  482] -  str(1) = 1
[INFO ][2016-01-13 15:29:31,575][com.java.TestType] [  485] - Test case Id is---1
[INFO ][2016-01-13 15:29:31,575][com.java.TestType] [  487] - 1
[INFO ][2016-01-13 15:29:31,575][com.java.TestType] [  482] -  str(2) = 9
[INFO ][2016-01-13 15:29:31,575][com.java.TestType] [  482] -  str(1) = 1
[INFO ][2016-01-13 15:29:31,575][com.java.TestType] [  485] - Test case Id is---1
[INFO ][2016-01-13 15:29:31,575][com.java.TestType] [  487] - 1
[INFO ][2016-01-13 15:29:31,575][com.java.TestType] [  482] -  str(2) = 10
[INFO ][2016-01-13 15:29:31,575][com.java.TestType] [  482] -  str(1) = 1
[INFO ][2016-01-13 15:29:31,575][com.java.TestType] [  485] - Test case Id is---1
[INFO ][2016-01-13 15:29:31,575][com.java.TestType] [  487] - 1
[INFO ][2016-01-13 15:29:31,575][com.java.TestType] [  482] -  str(2) = 11
[INFO ][2016-01-13 15:29:31,575][com.java.TestType] [  482] -  str(1) = 1
[INFO ][2016-01-13 15:29:31,575][com.java.TestType] [  485] - Test case Id is---1
[INFO ][2016-01-13 15:29:31,575][com.java.TestType] [  487] - 1
[INFO ][2016-01-13 15:29:31,575][com.java.TestType] [  482] -  str(2) = 12
[INFO ][2016-01-13 15:29:31,575][com.java.TestType] [  482] -  str(1) = 1
[INFO ][2016-01-13 15:29:31,575][com.java.TestType] [  485] - Test case Id is---1
[INFO ][2016-01-13 15:29:31,575][com.java.TestType] [  487] - 1
[INFO ][2016-01-13 15:29:31,575][com.java.TestType] [  482] -  str(2) = 13
[INFO ][2016-01-13 15:29:31,575][com.java.TestType] [  482] -  str(1) = 1
[INFO ][2016-01-13 15:29:31,575][com.java.TestType] [  485] - Test case Id is---1
[INFO ][2016-01-13 15:29:31,575][com.java.TestType] [  487] - 1
[INFO ][2016-01-13 15:29:31,575][com.java.TestType] [  482] -  str(2) = 14
[INFO ][2016-01-13 15:29:31,575][com.java.TestType] [  482] -  str(1) = 1
[INFO ][2016-01-13 15:29:31,575][com.java.TestType] [  485] - Test case Id is---1
[INFO ][2016-01-13 15:29:31,575][com.java.TestType] [  487] - 1
[INFO ][2016-01-13 15:29:31,575][com.java.TestType] [  482] -  str(2) = 15
[INFO ][2016-01-13 15:29:31,585][com.java.TestType] [  482] -  str(1) = 1
[INFO ][2016-01-13 15:29:31,585][com.java.TestType] [  485] - Test case Id is---1
[INFO ][2016-01-13 15:29:31,585][com.java.TestType] [  487] - 1
[INFO ][2016-01-13 15:29:31,585][com.java.TestType] [  482] -  str(2) = 16
[INFO ][2016-01-13 15:29:31,585][com.java.TestType] [11302] - Looping 1TCID = 1
[DEBUG][2016-01-13 15:29:31,585][com.java.TestType] [11343] - Concept ID:1 :: Step being Executed: 1::1
[INFO ][2016-01-13 15:29:31,585][com.java.TestType] [11381] - dataFields : TXTusername
[DEBUG][2016-01-13 15:29:31,585][com.java.TestType] [11387] - <In Set values of the page>
[DEBUG][2016-01-13 15:29:31,585][com.java.TestType] [11392] - {Data Fields & Data Values Exist}
[INFO ][2016-01-13 15:29:31,585][com.java.TestType] [11398] - --------------------------setting values-----------------------------
[INFO ][2016-01-13 15:29:31,585][com.java.TestType] [11401] - Action Type : CLEARANDENTER
[INFO ][2016-01-13 15:29:31,585][com.java.TestType] [ 6136] - value = naresh.nayini.00000
[INFO ][2016-01-13 15:29:36,310][com.java.TestType] [11420] -  RESULT true
[INFO ][2016-01-13 15:29:36,310][com.java.TestType] [11537] - ?   P A S S   ?
[DEBUG][2016-01-13 15:29:36,310][com.java.TestType] [11343] - Concept ID:1 :: Step being Executed: 1::2
[INFO ][2016-01-13 15:29:36,310][com.java.TestType] [11381] - dataFields : TXTpassword
[DEBUG][2016-01-13 15:29:36,310][com.java.TestType] [11387] - <In Set values of the page>
[DEBUG][2016-01-13 15:29:36,310][com.java.TestType] [11392] - {Data Fields & Data Values Exist}
[INFO ][2016-01-13 15:29:36,310][com.java.TestType] [11398] - --------------------------setting values-----------------------------
[INFO ][2016-01-13 15:29:36,310][com.java.TestType] [11401] - Action Type : CLEARANDENTER
[INFO ][2016-01-13 15:29:36,310][com.java.TestType] [ 6136] - value = Password1*
[INFO ][2016-01-13 15:29:41,150][com.java.TestType] [11420] -  RESULT true
[INFO ][2016-01-13 15:29:41,150][com.java.TestType] [11537] - ?   P A S S   ?
[DEBUG][2016-01-13 15:29:41,150][com.java.TestType] [11343] - Concept ID:1 :: Step being Executed: 1::3
[ERROR][2016-01-13 15:29:41,150][com.java.TestType] [11376] - Exception: null
[INFO ][2016-01-13 15:29:41,150][com.java.TestType] [11381] - dataFields : XPH//button[@type='submit']
[DEBUG][2016-01-13 15:29:41,150][com.java.TestType] [11387] - <In Set values of the page>
[DEBUG][2016-01-13 15:29:41,150][com.java.TestType] [11392] - {Data Fields & Data Values Exist}
[INFO ][2016-01-13 15:29:41,150][com.java.TestType] [11398] - --------------------------setting values-----------------------------
[INFO ][2016-01-13 15:29:41,150][com.java.TestType] [11401] - Action Type : Click
[INFO ][2016-01-13 15:29:41,150][com.java.TestType] [ 6515] - Field ::XPH//button[@type='submit']
[INFO ][2016-01-13 15:29:41,150][com.java.TestType] [ 6136] - value = 
[INFO ][2016-01-13 15:29:42,150][com.java.TestType] [ 6652] - BEFORE CLICK
[INFO ][2016-01-13 15:29:42,985][com.java.TestType] [ 6660] - Unable to click the object Login
[INFO ][2016-01-13 15:29:42,985][com.java.TestType] [11420] -  RESULT true
[INFO ][2016-01-13 15:29:42,985][com.java.TestType] [11537] - ?   P A S S   ?
[DEBUG][2016-01-13 15:29:42,985][com.java.TestType] [11343] - Concept ID:1 :: Step being Executed: 1::4
[INFO ][2016-01-13 15:29:42,985][com.java.TestType] [11381] - dataFields : LNKLogout
[DEBUG][2016-01-13 15:29:42,985][com.java.TestType] [11387] - <In Set values of the page>
[DEBUG][2016-01-13 15:29:42,985][com.java.TestType] [11392] - {Data Fields & Data Values Exist}
[INFO ][2016-01-13 15:29:42,985][com.java.TestType] [11398] - --------------------------setting values-----------------------------
[INFO ][2016-01-13 15:29:42,985][com.java.TestType] [11401] - Action Type : WaitForElement
[INFO ][2016-01-13 15:29:46,410][com.java.TestType] [11420] -  RESULT true
[INFO ][2016-01-13 15:29:46,410][com.java.TestType] [11537] - ?   P A S S   ?
[DEBUG][2016-01-13 15:29:46,410][com.java.TestType] [11343] - Concept ID:1 :: Step being Executed: 1::15
[INFO ][2016-01-13 15:29:46,410][com.java.TestType] [11381] - dataFields : LNK
[DEBUG][2016-01-13 15:29:46,410][com.java.TestType] [11387] - <In Set values of the page>
[DEBUG][2016-01-13 15:29:46,410][com.java.TestType] [11392] - {Data Fields & Data Values Exist}
[INFO ][2016-01-13 15:29:46,410][com.java.TestType] [11398] - --------------------------setting values-----------------------------
[INFO ][2016-01-13 15:29:46,410][com.java.TestType] [11401] - Action Type : Verify
[INFO ][2016-01-13 15:29:46,410][com.java.TestType] [ 7635] - field= LNK value= Logout
[INFO ][2016-01-13 15:29:46,410][com.java.TestType] [ 6136] - value = Logout
[INFO ][2016-01-13 15:29:46,451][com.java.TestType] [11420] -  RESULT true
[INFO ][2016-01-13 15:29:46,451][com.java.TestType] [11537] - ?   P A S S   ?
[DEBUG][2016-01-13 15:29:46,451][com.java.TestType] [11343] - Concept ID:1 :: Step being Executed: 1::16
[INFO ][2016-01-13 15:29:46,451][com.java.TestType] [11381] - dataFields : BTN
[DEBUG][2016-01-13 15:29:46,451][com.java.TestType] [11387] - <In Set values of the page>
[DEBUG][2016-01-13 15:29:46,451][com.java.TestType] [11392] - {Data Fields & Data Values Exist}
[INFO ][2016-01-13 15:29:46,451][com.java.TestType] [11398] - --------------------------setting values-----------------------------
[INFO ][2016-01-13 15:29:46,451][com.java.TestType] [11401] - Action Type : Verify
[INFO ][2016-01-13 15:29:46,451][com.java.TestType] [ 7635] - field= BTN value= //img[contains(@src,'bdlogo.jpg')]
[INFO ][2016-01-13 15:29:46,451][com.java.TestType] [ 6136] - value = //img[contains(@src,'bdlogo.jpg')]
[INFO ][2016-01-13 15:29:46,521][com.java.TestType] [11420] -  RESULT true
[INFO ][2016-01-13 15:29:46,521][com.java.TestType] [11537] - ?   P A S S   ?
[INFO ][2016-01-13 15:29:46,521][com.java.TestType] [11608] - Looping End......
[INFO ][2016-01-13 15:29:46,521][com.java.SeleniumDriver] [  930] -  RESULT true
[INFO ][2016-01-13 15:29:46,521][com.java.SeleniumDriver] [ 1136] - ?   P A S S   ?
[INFO ][2016-01-13 15:29:46,521][com.java.SeleniumDriver] [  856] - ------------------------------------------
[INFO ][2016-01-13 15:29:46,521][com.java.SeleniumDriver] [  857] - Test case being Executed: 1
[INFO ][2016-01-13 15:29:46,521][com.java.SeleniumDriver] [  869] - Test step:2
[INFO ][2016-01-13 15:29:46,521][com.java.SeleniumDriver] [  881] - Datavalue is----------Concept#2:1-2
[INFO ][2016-01-13 15:29:46,521][com.java.SeleniumDriver] [  905] - DataField : test
[INFO ][2016-01-13 15:29:46,521][com.java.SeleniumDriver] [  907] - DataValue : Concept#2:1-2
[INFO ][2016-01-13 15:29:46,521][com.java.SeleniumDriver] [  913] - <In Set values of the page>
[INFO ][2016-01-13 15:29:46,521][com.java.SeleniumDriver] [  916] - {Data Fields & Data Values Exist}
[INFO ][2016-01-13 15:29:46,521][com.java.SeleniumDriver] [  918] - --------------------------setting values-----------------------------
[INFO ][2016-01-13 15:29:46,521][com.java.SeleniumDriver] [  921] - Action Type : ExecuteTestCase
[INFO ][2016-01-13 15:29:46,521][com.java.TestType] [  437] - The Concept sheet name is ---------- Concept
[INFO ][2016-01-13 15:29:46,521][com.java.TestType] [  440] - The Concept ID  is ---------- 2
[DEBUG][2016-01-13 15:29:46,521][com.java.TestType] [  444] - Steps being executted in the Concept are: 1:2
[INFO ][2016-01-13 15:29:46,521][com.java.TestType] [  451] - Test data details path ---------- D:\BankersDashboard\TestInputs\TestData.xls
[INFO ][2016-01-13 15:29:46,561][com.java.TestType] [  482] -  str(1) = 2
[INFO ][2016-01-13 15:29:46,561][com.java.TestType] [  485] - Test case Id is---2
[INFO ][2016-01-13 15:29:46,561][com.java.TestType] [  487] - 2
[INFO ][2016-01-13 15:29:46,561][com.java.TestType] [  482] -  str(2) = 1
[INFO ][2016-01-13 15:29:46,561][com.java.TestType] [  482] -  str(1) = 2
[INFO ][2016-01-13 15:29:46,561][com.java.TestType] [  485] - Test case Id is---2
[INFO ][2016-01-13 15:29:46,561][com.java.TestType] [  487] - 2
[INFO ][2016-01-13 15:29:46,561][com.java.TestType] [  482] -  str(2) = 2
[INFO ][2016-01-13 15:29:46,561][com.java.TestType] [  482] -  str(1) = 2
[INFO ][2016-01-13 15:29:46,561][com.java.TestType] [  485] - Test case Id is---2
[INFO ][2016-01-13 15:29:46,561][com.java.TestType] [  487] - 2
[INFO ][2016-01-13 15:29:46,561][com.java.TestType] [  482] -  str(2) = 3
[INFO ][2016-01-13 15:29:46,561][com.java.TestType] [11302] - Looping 1TCID = 2
[DEBUG][2016-01-13 15:29:46,561][com.java.TestType] [11343] - Concept ID:2 :: Step being Executed: 2::1
[INFO ][2016-01-13 15:29:46,561][com.java.TestType] [11381] - dataFields : BNK//select[@id='bank']
[DEBUG][2016-01-13 15:29:46,561][com.java.TestType] [11387] - <In Set values of the page>
[DEBUG][2016-01-13 15:29:46,561][com.java.TestType] [11392] - {Data Fields & Data Values Exist}
[INFO ][2016-01-13 15:29:46,561][com.java.TestType] [11398] - --------------------------setting values-----------------------------
[INFO ][2016-01-13 15:29:46,561][com.java.TestType] [11401] - Action Type : Select
[INFO ][2016-01-13 15:29:46,561][com.java.TestType] [ 6136] - value = PFC
[INFO ][2016-01-13 15:29:46,996][com.java.TestType] [11420] -  RESULT true
[INFO ][2016-01-13 15:29:46,996][com.java.TestType] [11537] - ?   P A S S   ?
[DEBUG][2016-01-13 15:29:46,996][com.java.TestType] [11343] - Concept ID:2 :: Step being Executed: 2::2
[INFO ][2016-01-13 15:29:46,996][com.java.TestType] [11381] - dataFields : LNKLogout
[DEBUG][2016-01-13 15:29:46,996][com.java.TestType] [11387] - <In Set values of the page>
[DEBUG][2016-01-13 15:29:46,996][com.java.TestType] [11392] - {Data Fields & Data Values Exist}
[INFO ][2016-01-13 15:29:46,996][com.java.TestType] [11398] - --------------------------setting values-----------------------------
[INFO ][2016-01-13 15:29:46,996][com.java.TestType] [11401] - Action Type : WaitTime
[DEBUG][2016-01-13 15:29:46,996][com.java.TestType] [ 5950] - sleepTime: 5000
[INFO ][2016-01-13 15:29:52,001][com.java.TestType] [11420] -  RESULT true
[INFO ][2016-01-13 15:29:52,001][com.java.TestType] [11537] - ?   P A S S   ?
[INFO ][2016-01-13 15:29:52,001][com.java.TestType] [11608] - Looping End......
[INFO ][2016-01-13 15:29:52,001][com.java.SeleniumDriver] [  930] -  RESULT true
[INFO ][2016-01-13 15:29:52,001][com.java.SeleniumDriver] [ 1136] - ?   P A S S   ?
[INFO ][2016-01-13 15:29:52,001][com.java.SeleniumDriver] [  856] - ------------------------------------------
[INFO ][2016-01-13 15:29:52,001][com.java.SeleniumDriver] [  857] - Test case being Executed: 1
[INFO ][2016-01-13 15:29:52,001][com.java.SeleniumDriver] [  869] - Test step:3
[INFO ][2016-01-13 15:29:52,001][com.java.SeleniumDriver] [  881] - Datavalue is----------2
[INFO ][2016-01-13 15:29:52,001][com.java.SeleniumDriver] [  905] - DataField : XPH//button[contains(text(),'Add Content')]
[INFO ][2016-01-13 15:29:52,001][com.java.SeleniumDriver] [  907] - DataValue : 2
[INFO ][2016-01-13 15:29:52,001][com.java.SeleniumDriver] [  913] - <In Set values of the page>
[INFO ][2016-01-13 15:29:52,001][com.java.SeleniumDriver] [  916] - {Data Fields & Data Values Exist}
[INFO ][2016-01-13 15:29:52,001][com.java.SeleniumDriver] [  918] - --------------------------setting values-----------------------------
[INFO ][2016-01-13 15:29:52,001][com.java.SeleniumDriver] [  921] - Action Type : WAITFORELEMENT
[INFO ][2016-01-13 15:29:52,042][com.java.SeleniumDriver] [  930] -  RESULT true
[INFO ][2016-01-13 15:29:52,042][com.java.SeleniumDriver] [ 1136] - ?   P A S S   ?
[DEBUG][2016-01-13 15:29:52,042][com.java.SeleniumDriver] [ 1248] - Case found
[DEBUG][2016-01-13 15:29:52,042][com.java.SeleniumDriver] [ 1253] - Incrementing ReportCounters[0]:1
[INFO ][2016-01-13 15:29:52,042][com.java.SeleniumDriver] [ 1272] - The results are-------------------[1, 1, Valid Login, Pass, , Wed Jan 13 15:29:46 IST 2016, 1, 2, Valid Login, Pass, , Wed Jan 13 15:29:52 IST 2016, 1, 3, Valid Login, Pass, , Wed Jan 13 15:29:52 IST 2016]
[INFO ][2016-01-13 15:29:52,042][com.java.SeleniumDriver] [ 1276] - End time is-------35 sec
[INFO ][2016-01-13 15:29:52,042][com.java.SeleniumDriver] [ 1277] - The results are-------------------[1, 1, Valid Login, Pass, , Wed Jan 13 15:29:46 IST 2016, 1, 2, Valid Login, Pass, , Wed Jan 13 15:29:52 IST 2016, 1, 3, Valid Login, Pass, , Wed Jan 13 15:29:52 IST 2016]
[DEBUG][2016-01-13 15:29:52,042][com.java.ImportnExport.ExportTestResultsExcel] [  222] - testResultPath = D:\BankersDashboard/TestReports/Test Results_BankersDashBoard_011316_152918_IE10_Any Bank USA.xls
[DEBUG][2016-01-13 15:29:52,042][com.java.ImportnExport.ExportTestResultsExcel] [  223] - browser is------------IE10
[DEBUG][2016-01-13 15:29:52,082][com.java.ImportnExport.ExportTestResultsExcel] [  270] - result.size() = 18
[DEBUG][2016-01-13 15:29:52,082][com.java.ImportnExport.ExportTestResultsExcel] [  274] - No of rows in sheet=1
[DEBUG][2016-01-13 15:29:52,082][com.java.ImportnExport.ExportTestResultsExcel] [  301] - ..in export..1
[DEBUG][2016-01-13 15:29:52,082][com.java.ImportnExport.ExportTestResultsExcel] [  301] - ..in export..Valid Login
[DEBUG][2016-01-13 15:29:52,082][com.java.ImportnExport.ExportTestResultsExcel] [  301] - ..in export..Pass
[DEBUG][2016-01-13 15:29:52,082][com.java.ImportnExport.ExportTestResultsExcel] [  301] - ..in export..
[DEBUG][2016-01-13 15:29:52,082][com.java.ImportnExport.ExportTestResultsExcel] [  301] - ..in export..Wed Jan 13 15:29:46 IST 2016
[INFO ][2016-01-13 15:29:52,092][com.java.SeleniumDriver] [ 1337] - out loop:0 size:2 TestCases:[1, 11] testcases:[1, 11]
[INFO ][2016-01-13 15:29:52,092][com.java.ImportnExport.ImportTestDataDetailsExcel] [   49] - test data details path===== D:\BankersDashboard\TestInputs\TestData.xls
[INFO ][2016-01-13 15:30:08,337][com.java.SeleniumDriver] [  856] - ------------------------------------------
[INFO ][2016-01-13 15:30:08,337][com.java.SeleniumDriver] [  857] - Test case being Executed: 11
[INFO ][2016-01-13 15:30:08,337][com.java.SeleniumDriver] [  869] - Test step:1
[INFO ][2016-01-13 15:30:08,337][com.java.SeleniumDriver] [  881] - Datavalue is----------Logout
[INFO ][2016-01-13 15:30:08,337][com.java.SeleniumDriver] [  905] - DataField : BTN
[INFO ][2016-01-13 15:30:08,337][com.java.SeleniumDriver] [  907] - DataValue : Logout
[INFO ][2016-01-13 15:30:08,337][com.java.SeleniumDriver] [  913] - <In Set values of the page>
[INFO ][2016-01-13 15:30:08,337][com.java.SeleniumDriver] [  916] - {Data Fields & Data Values Exist}
[INFO ][2016-01-13 15:30:08,337][com.java.SeleniumDriver] [  918] - --------------------------setting values-----------------------------
[INFO ][2016-01-13 15:30:08,337][com.java.SeleniumDriver] [  921] - Action Type : VERIFY
[INFO ][2016-01-13 15:30:08,337][com.java.TestType] [ 7635] - field= BTN value= Logout
[INFO ][2016-01-13 15:30:08,337][com.java.TestType] [ 6136] - value = Logout
[INFO ][2016-01-13 15:30:08,408][com.java.SeleniumDriver] [  930] -  RESULT true
[INFO ][2016-01-13 15:30:08,408][com.java.SeleniumDriver] [ 1136] - ?   P A S S   ?
[INFO ][2016-01-13 15:30:08,408][com.java.SeleniumDriver] [ 1178] - step change to 3
[INFO ][2016-01-13 15:30:08,408][com.java.SeleniumDriver] [  856] - ------------------------------------------
[INFO ][2016-01-13 15:30:08,408][com.java.SeleniumDriver] [  857] - Test case being Executed: 11
[INFO ][2016-01-13 15:30:08,408][com.java.SeleniumDriver] [  869] - Test step:3
[INFO ][2016-01-13 15:30:08,408][com.java.SeleniumDriver] [  881] - Datavalue is----------Concept#2:1-2
[INFO ][2016-01-13 15:30:08,408][com.java.SeleniumDriver] [  905] - DataField : test
[INFO ][2016-01-13 15:30:08,408][com.java.SeleniumDriver] [  907] - DataValue : Concept#2:1-2
[INFO ][2016-01-13 15:30:08,408][com.java.SeleniumDriver] [  913] - <In Set values of the page>
[INFO ][2016-01-13 15:30:08,408][com.java.SeleniumDriver] [  916] - {Data Fields & Data Values Exist}
[INFO ][2016-01-13 15:30:08,408][com.java.SeleniumDriver] [  918] - --------------------------setting values-----------------------------
[INFO ][2016-01-13 15:30:08,408][com.java.SeleniumDriver] [  921] - Action Type : ExecuteTestCase
[INFO ][2016-01-13 15:30:08,408][com.java.TestType] [  437] - The Concept sheet name is ---------- Concept
[INFO ][2016-01-13 15:30:08,408][com.java.TestType] [  440] - The Concept ID  is ---------- 2
[DEBUG][2016-01-13 15:30:08,408][com.java.TestType] [  444] - Steps being executted in the Concept are: 1:2
[INFO ][2016-01-13 15:30:08,408][com.java.TestType] [  451] - Test data details path ---------- D:\BankersDashboard\TestInputs\TestData.xls
[INFO ][2016-01-13 15:30:08,438][com.java.TestType] [  482] -  str(1) = 2
[INFO ][2016-01-13 15:30:08,438][com.java.TestType] [  485] - Test case Id is---2
[INFO ][2016-01-13 15:30:08,438][com.java.TestType] [  487] - 2
[INFO ][2016-01-13 15:30:08,438][com.java.TestType] [  482] -  str(2) = 1
[INFO ][2016-01-13 15:30:08,438][com.java.TestType] [  482] -  str(1) = 2
[INFO ][2016-01-13 15:30:08,438][com.java.TestType] [  485] - Test case Id is---2
[INFO ][2016-01-13 15:30:08,438][com.java.TestType] [  487] - 2
[INFO ][2016-01-13 15:30:08,448][com.java.TestType] [  482] -  str(2) = 2
[INFO ][2016-01-13 15:30:08,448][com.java.TestType] [  482] -  str(1) = 2
[INFO ][2016-01-13 15:30:08,448][com.java.TestType] [  485] - Test case Id is---2
[INFO ][2016-01-13 15:30:08,448][com.java.TestType] [  487] - 2
[INFO ][2016-01-13 15:30:08,448][com.java.TestType] [  482] -  str(2) = 3
[INFO ][2016-01-13 15:30:08,448][com.java.TestType] [11302] - Looping 1TCID = 2
[DEBUG][2016-01-13 15:30:08,448][com.java.TestType] [11343] - Concept ID:2 :: Step being Executed: 2::1
[INFO ][2016-01-13 15:30:08,448][com.java.TestType] [11381] - dataFields : BNK//select[@id='bank']
[DEBUG][2016-01-13 15:30:08,448][com.java.TestType] [11387] - <In Set values of the page>
[DEBUG][2016-01-13 15:30:08,448][com.java.TestType] [11392] - {Data Fields & Data Values Exist}
[INFO ][2016-01-13 15:30:08,448][com.java.TestType] [11398] - --------------------------setting values-----------------------------
[INFO ][2016-01-13 15:30:08,448][com.java.TestType] [11401] - Action Type : Select
[INFO ][2016-01-13 15:30:08,448][com.java.TestType] [ 6136] - value = PFC
[INFO ][2016-01-13 15:30:08,638][com.java.TestType] [11420] -  RESULT true
[INFO ][2016-01-13 15:30:08,638][com.java.TestType] [11537] - ?   P A S S   ?
[DEBUG][2016-01-13 15:30:08,638][com.java.TestType] [11343] - Concept ID:2 :: Step being Executed: 2::2
[INFO ][2016-01-13 15:30:08,638][com.java.TestType] [11381] - dataFields : LNKLogout
[DEBUG][2016-01-13 15:30:08,638][com.java.TestType] [11387] - <In Set values of the page>
[DEBUG][2016-01-13 15:30:08,638][com.java.TestType] [11392] - {Data Fields & Data Values Exist}
[INFO ][2016-01-13 15:30:08,638][com.java.TestType] [11398] - --------------------------setting values-----------------------------
[INFO ][2016-01-13 15:30:08,638][com.java.TestType] [11401] - Action Type : WaitTime
[DEBUG][2016-01-13 15:30:08,638][com.java.TestType] [ 5950] - sleepTime: 5000
[INFO ][2016-01-13 15:30:13,638][com.java.TestType] [11420] -  RESULT true
[INFO ][2016-01-13 15:30:13,638][com.java.TestType] [11537] - ?   P A S S   ?
[INFO ][2016-01-13 15:30:13,638][com.java.TestType] [11608] - Looping End......
[INFO ][2016-01-13 15:30:13,638][com.java.SeleniumDriver] [  930] -  RESULT true
[INFO ][2016-01-13 15:30:13,638][com.java.SeleniumDriver] [ 1136] - ?   P A S S   ?
[INFO ][2016-01-13 15:30:13,638][com.java.SeleniumDriver] [  856] - ------------------------------------------
[INFO ][2016-01-13 15:30:13,638][com.java.SeleniumDriver] [  857] - Test case being Executed: 11
[INFO ][2016-01-13 15:30:13,638][com.java.SeleniumDriver] [  869] - Test step:4
[INFO ][2016-01-13 15:30:13,638][com.java.SeleniumDriver] [  881] - Datavalue is----------null
[DEBUG][2016-01-13 15:30:13,638][com.java.SeleniumDriver] [  899] - Exception: null
[INFO ][2016-01-13 15:30:13,638][com.java.SeleniumDriver] [  905] - DataField : //span[@class='icon-user4']&&//a[text()='Company Settings']&&//a[@data-id="RatedLoans"]
[INFO ][2016-01-13 15:30:13,638][com.java.SeleniumDriver] [  907] - DataValue : 
[INFO ][2016-01-13 15:30:13,638][com.java.SeleniumDriver] [  913] - <In Set values of the page>
[INFO ][2016-01-13 15:30:13,638][com.java.SeleniumDriver] [  916] - {Data Fields & Data Values Exist}
[INFO ][2016-01-13 15:30:13,638][com.java.SeleniumDriver] [  918] - --------------------------setting values-----------------------------
[INFO ][2016-01-13 15:30:13,638][com.java.SeleniumDriver] [  921] - Action Type : MOUSEOVER
[INFO ][2016-01-13 15:30:40,408][com.java.SeleniumDriver] [  930] -  RESULT true
[INFO ][2016-01-13 15:30:40,408][com.java.SeleniumDriver] [ 1136] - ?   P A S S   ?
[INFO ][2016-01-13 15:30:40,408][com.java.SeleniumDriver] [  856] - ------------------------------------------
[INFO ][2016-01-13 15:30:40,408][com.java.SeleniumDriver] [  857] - Test case being Executed: 11
[INFO ][2016-01-13 15:30:40,408][com.java.SeleniumDriver] [  869] - Test step:5
[INFO ][2016-01-13 15:30:40,408][com.java.SeleniumDriver] [  881] - Datavalue is----------Rated Loan Categories
[INFO ][2016-01-13 15:30:40,408][com.java.SeleniumDriver] [  905] - DataField : XPH//span[contains(text(), 'Rated Loan Categories')]
[INFO ][2016-01-13 15:30:40,408][com.java.SeleniumDriver] [  907] - DataValue : Rated Loan Categories
[INFO ][2016-01-13 15:30:40,408][com.java.SeleniumDriver] [  913] - <In Set values of the page>
[INFO ][2016-01-13 15:30:40,408][com.java.SeleniumDriver] [  916] - {Data Fields & Data Values Exist}
[INFO ][2016-01-13 15:30:40,408][com.java.SeleniumDriver] [  918] - --------------------------setting values-----------------------------
[INFO ][2016-01-13 15:30:40,408][com.java.SeleniumDriver] [  921] - Action Type : VERIFY
[INFO ][2016-01-13 15:30:40,408][com.java.TestType] [ 7635] - field= XPH//span[contains(text(), 'Rated Loan Categories')] value= Rated Loan Categories
[INFO ][2016-01-13 15:30:40,408][com.java.TestType] [ 6136] - value = Rated Loan Categories
[INFO ][2016-01-13 15:30:40,519][com.java.SeleniumDriver] [  930] -  RESULT true
[INFO ][2016-01-13 15:30:40,519][com.java.SeleniumDriver] [ 1136] - ?   P A S S   ?
[INFO ][2016-01-13 15:30:40,519][com.java.SeleniumDriver] [  856] - ------------------------------------------
[INFO ][2016-01-13 15:30:40,519][com.java.SeleniumDriver] [  857] - Test case being Executed: 11
[INFO ][2016-01-13 15:30:40,519][com.java.SeleniumDriver] [  869] - Test step:6
[INFO ][2016-01-13 15:30:40,519][com.java.SeleniumDriver] [  881] - Datavalue is----------null
[DEBUG][2016-01-13 15:30:40,519][com.java.SeleniumDriver] [  899] - Exception: null
[INFO ][2016-01-13 15:30:40,519][com.java.SeleniumDriver] [  905] - DataField : BTNframeDialogContent
[INFO ][2016-01-13 15:30:40,519][com.java.SeleniumDriver] [  907] - DataValue : 
[INFO ][2016-01-13 15:30:40,519][com.java.SeleniumDriver] [  913] - <In Set values of the page>
[INFO ][2016-01-13 15:30:40,519][com.java.SeleniumDriver] [  916] - {Data Fields & Data Values Exist}
[INFO ][2016-01-13 15:30:40,519][com.java.SeleniumDriver] [  918] - --------------------------setting values-----------------------------
[INFO ][2016-01-13 15:30:40,519][com.java.SeleniumDriver] [  921] - Action Type : SELECTFRAME
[INFO ][2016-01-13 15:30:41,760][com.java.SeleniumDriver] [  930] -  RESULT true
[INFO ][2016-01-13 15:30:41,760][com.java.SeleniumDriver] [ 1136] - ?   P A S S   ?
[INFO ][2016-01-13 15:30:41,760][com.java.SeleniumDriver] [  856] - ------------------------------------------
[INFO ][2016-01-13 15:30:41,760][com.java.SeleniumDriver] [  857] - Test case being Executed: 11
[INFO ][2016-01-13 15:30:41,760][com.java.SeleniumDriver] [  869] - Test step:7
[INFO ][2016-01-13 15:30:41,760][com.java.SeleniumDriver] [  881] - Datavalue is----------null
[DEBUG][2016-01-13 15:30:41,760][com.java.SeleniumDriver] [  899] - Exception: null
[INFO ][2016-01-13 15:30:41,760][com.java.SeleniumDriver] [  905] - DataField : BTNbtnAddNew
[INFO ][2016-01-13 15:30:41,760][com.java.SeleniumDriver] [  907] - DataValue : 
[INFO ][2016-01-13 15:30:41,760][com.java.SeleniumDriver] [  913] - <In Set values of the page>
[INFO ][2016-01-13 15:30:41,760][com.java.SeleniumDriver] [  916] - {Data Fields & Data Values Exist}
[INFO ][2016-01-13 15:30:41,760][com.java.SeleniumDriver] [  918] - --------------------------setting values-----------------------------
[INFO ][2016-01-13 15:30:41,760][com.java.SeleniumDriver] [  921] - Action Type : CLICK
[INFO ][2016-01-13 15:30:41,760][com.java.TestType] [ 6515] - Field ::BTNbtnAddNew
[INFO ][2016-01-13 15:30:41,760][com.java.TestType] [ 6136] - value = 
[INFO ][2016-01-13 15:30:42,760][com.java.TestType] [ 6631] - BEFORE CLICK
[INFO ][2016-01-13 15:30:43,931][com.java.TestType] [ 6638] - Unable to click the object Add New Category button
[INFO ][2016-01-13 15:30:43,931][com.java.SeleniumDriver] [  930] -  RESULT true
[INFO ][2016-01-13 15:30:43,931][com.java.SeleniumDriver] [ 1136] - ?   P A S S   ?
[INFO ][2016-01-13 15:30:43,931][com.java.SeleniumDriver] [  856] - ------------------------------------------
[INFO ][2016-01-13 15:30:43,931][com.java.SeleniumDriver] [  857] - Test case being Executed: 11
[INFO ][2016-01-13 15:30:43,931][com.java.SeleniumDriver] [  869] - Test step:8
[INFO ][2016-01-13 15:30:43,931][com.java.SeleniumDriver] [  881] - Datavalue is----------5
[INFO ][2016-01-13 15:30:43,931][com.java.SeleniumDriver] [  905] - DataField : XPH//td[contains(text(),'Description')]
[INFO ][2016-01-13 15:30:43,931][com.java.SeleniumDriver] [  907] - DataValue : 5
[INFO ][2016-01-13 15:30:43,931][com.java.SeleniumDriver] [  913] - <In Set values of the page>
[INFO ][2016-01-13 15:30:43,931][com.java.SeleniumDriver] [  916] - {Data Fields & Data Values Exist}
[INFO ][2016-01-13 15:30:43,931][com.java.SeleniumDriver] [  918] - --------------------------setting values-----------------------------
[INFO ][2016-01-13 15:30:43,931][com.java.SeleniumDriver] [  921] - Action Type : WAITFORELEMENT
[INFO ][2016-01-13 15:30:43,961][com.java.SeleniumDriver] [  930] -  RESULT true
[INFO ][2016-01-13 15:30:43,961][com.java.SeleniumDriver] [ 1136] - ?   P A S S   ?
[INFO ][2016-01-13 15:30:43,961][com.java.SeleniumDriver] [  856] - ------------------------------------------
[INFO ][2016-01-13 15:30:43,961][com.java.SeleniumDriver] [  857] - Test case being Executed: 11
[INFO ][2016-01-13 15:30:43,961][com.java.SeleniumDriver] [  869] - Test step:9
[INFO ][2016-01-13 15:30:43,961][com.java.SeleniumDriver] [  881] - Datavalue is----------//td[contains(text(),'Description')]
[INFO ][2016-01-13 15:30:43,961][com.java.SeleniumDriver] [  905] - DataField : BTN
[INFO ][2016-01-13 15:30:43,961][com.java.SeleniumDriver] [  907] - DataValue : //td[contains(text(),'Description')]
[INFO ][2016-01-13 15:30:43,961][com.java.SeleniumDriver] [  913] - <In Set values of the page>
[INFO ][2016-01-13 15:30:43,961][com.java.SeleniumDriver] [  916] - {Data Fields & Data Values Exist}
[INFO ][2016-01-13 15:30:43,961][com.java.SeleniumDriver] [  918] - --------------------------setting values-----------------------------
[INFO ][2016-01-13 15:30:43,961][com.java.SeleniumDriver] [  921] - Action Type : VERIFY
[INFO ][2016-01-13 15:30:43,961][com.java.TestType] [ 7635] - field= BTN value= //td[contains(text(),'Description')]
[INFO ][2016-01-13 15:30:43,961][com.java.TestType] [ 6136] - value = //td[contains(text(),'Description')]
[INFO ][2016-01-13 15:30:44,001][com.java.SeleniumDriver] [  930] -  RESULT true
[INFO ][2016-01-13 15:30:44,001][com.java.SeleniumDriver] [ 1136] - ?   P A S S   ?
[INFO ][2016-01-13 15:30:44,001][com.java.SeleniumDriver] [  856] - ------------------------------------------
[INFO ][2016-01-13 15:30:44,001][com.java.SeleniumDriver] [  857] - Test case being Executed: 11
[INFO ][2016-01-13 15:30:44,001][com.java.SeleniumDriver] [  869] - Test step:10
[INFO ][2016-01-13 15:30:44,001][com.java.SeleniumDriver] [  881] - Datavalue is----------//td[contains(text(),'Rated Loan*')]
[INFO ][2016-01-13 15:30:44,001][com.java.SeleniumDriver] [  905] - DataField : BTN
[INFO ][2016-01-13 15:30:44,001][com.java.SeleniumDriver] [  907] - DataValue : //td[contains(text(),'Rated Loan*')]
[INFO ][2016-01-13 15:30:44,001][com.java.SeleniumDriver] [  913] - <In Set values of the page>
[INFO ][2016-01-13 15:30:44,001][com.java.SeleniumDriver] [  916] - {Data Fields & Data Values Exist}
[INFO ][2016-01-13 15:30:44,001][com.java.SeleniumDriver] [  918] - --------------------------setting values-----------------------------
[INFO ][2016-01-13 15:30:44,001][com.java.SeleniumDriver] [  921] - Action Type : VERIFY
[INFO ][2016-01-13 15:30:44,001][com.java.TestType] [ 7635] - field= BTN value= //td[contains(text(),'Rated Loan*')]
[INFO ][2016-01-13 15:30:44,001][com.java.TestType] [ 6136] - value = //td[contains(text(),'Rated Loan*')]
[INFO ][2016-01-13 15:30:44,051][com.java.SeleniumDriver] [  930] -  RESULT true
[INFO ][2016-01-13 15:30:44,051][com.java.SeleniumDriver] [ 1136] - ?   P A S S   ?
[INFO ][2016-01-13 15:30:44,051][com.java.SeleniumDriver] [  856] - ------------------------------------------
[INFO ][2016-01-13 15:30:44,051][com.java.SeleniumDriver] [  857] - Test case being Executed: 11
[INFO ][2016-01-13 15:30:44,051][com.java.SeleniumDriver] [  869] - Test step:11
[INFO ][2016-01-13 15:30:44,051][com.java.SeleniumDriver] [  881] - Datavalue is----------RNDTesting
[INFO ][2016-01-13 15:30:44,051][com.java.SeleniumDriver] [  905] - DataField : TXTtxtDescription
[INFO ][2016-01-13 15:30:44,051][com.java.SeleniumDriver] [  907] - DataValue : RNDTesting
[INFO ][2016-01-13 15:30:44,051][com.java.SeleniumDriver] [  913] - <In Set values of the page>
[INFO ][2016-01-13 15:30:44,051][com.java.SeleniumDriver] [  916] - {Data Fields & Data Values Exist}
[INFO ][2016-01-13 15:30:44,051][com.java.SeleniumDriver] [  918] - --------------------------setting values-----------------------------
[INFO ][2016-01-13 15:30:44,051][com.java.SeleniumDriver] [  921] - Action Type : CLEARANDENTER
[INFO ][2016-01-13 15:30:44,051][com.java.TestType] [ 6136] - value = Testing96078
[INFO ][2016-01-13 15:30:46,533][com.java.SeleniumDriver] [  930] -  RESULT true
[INFO ][2016-01-13 15:30:46,533][com.java.SeleniumDriver] [ 1136] - ?   P A S S   ?
[INFO ][2016-01-13 15:30:46,533][com.java.SeleniumDriver] [  856] - ------------------------------------------
[INFO ][2016-01-13 15:30:46,533][com.java.SeleniumDriver] [  857] - Test case being Executed: 11
[INFO ][2016-01-13 15:30:46,533][com.java.SeleniumDriver] [  869] - Test step:12
[INFO ][2016-01-13 15:30:46,533][com.java.SeleniumDriver] [  881] - Datavalue is----------2
[INFO ][2016-01-13 15:30:46,533][com.java.SeleniumDriver] [  905] - DataField : test
[INFO ][2016-01-13 15:30:46,533][com.java.SeleniumDriver] [  907] - DataValue : 2
[INFO ][2016-01-13 15:30:46,533][com.java.SeleniumDriver] [  913] - <In Set values of the page>
[INFO ][2016-01-13 15:30:46,533][com.java.SeleniumDriver] [  916] - {Data Fields & Data Values Exist}
[INFO ][2016-01-13 15:30:46,533][com.java.SeleniumDriver] [  918] - --------------------------setting values-----------------------------
[INFO ][2016-01-13 15:30:46,533][com.java.SeleniumDriver] [  921] - Action Type : WAITTIME
[DEBUG][2016-01-13 15:30:46,533][com.java.TestType] [ 5950] - sleepTime: 2000
[INFO ][2016-01-13 15:30:48,533][com.java.SeleniumDriver] [  930] -  RESULT true
[INFO ][2016-01-13 15:30:48,533][com.java.SeleniumDriver] [ 1136] - ?   P A S S   ?
[INFO ][2016-01-13 15:30:48,533][com.java.SeleniumDriver] [  856] - ------------------------------------------
[INFO ][2016-01-13 15:30:48,533][com.java.SeleniumDriver] [  857] - Test case being Executed: 11
[INFO ][2016-01-13 15:30:48,533][com.java.SeleniumDriver] [  869] - Test step:13
[INFO ][2016-01-13 15:30:48,533][com.java.SeleniumDriver] [  881] - Datavalue is----------Test
[INFO ][2016-01-13 15:30:48,533][com.java.SeleniumDriver] [  905] - DataField : TXTtxtDescription
[INFO ][2016-01-13 15:30:48,533][com.java.SeleniumDriver] [  907] - DataValue : Test
[INFO ][2016-01-13 15:30:48,533][com.java.SeleniumDriver] [  913] - <In Set values of the page>
[INFO ][2016-01-13 15:30:48,533][com.java.SeleniumDriver] [  916] - {Data Fields & Data Values Exist}
[INFO ][2016-01-13 15:30:48,533][com.java.SeleniumDriver] [  918] - --------------------------setting values-----------------------------
[INFO ][2016-01-13 15:30:48,533][com.java.SeleniumDriver] [  921] - Action Type : STOREVALUE
[INFO ][2016-01-13 15:30:48,533][com.java.TestType] [ 9062] - field= TXTtxtDescription
[DEBUG][2016-01-13 15:30:49,625][com.java.TestType] [ 9076] - Key:: Test  Value:: Testing96078
[INFO ][2016-01-13 15:30:49,625][com.java.SeleniumDriver] [  930] -  RESULT true
[INFO ][2016-01-13 15:30:49,625][com.java.SeleniumDriver] [ 1136] - ?   P A S S   ?
[INFO ][2016-01-13 15:30:49,625][com.java.SeleniumDriver] [  856] - ------------------------------------------
[INFO ][2016-01-13 15:30:49,625][com.java.SeleniumDriver] [  857] - Test case being Executed: 11
[INFO ][2016-01-13 15:30:49,625][com.java.SeleniumDriver] [  869] - Test step:14
[INFO ][2016-01-13 15:30:49,625][com.java.SeleniumDriver] [  881] - Datavalue is----------3
[INFO ][2016-01-13 15:30:49,625][com.java.SeleniumDriver] [  905] - DataField : test
[INFO ][2016-01-13 15:30:49,625][com.java.SeleniumDriver] [  907] - DataValue : 3
[INFO ][2016-01-13 15:30:49,625][com.java.SeleniumDriver] [  913] - <In Set values of the page>
[INFO ][2016-01-13 15:30:49,625][com.java.SeleniumDriver] [  916] - {Data Fields & Data Values Exist}
[INFO ][2016-01-13 15:30:49,625][com.java.SeleniumDriver] [  918] - --------------------------setting values-----------------------------
[INFO ][2016-01-13 15:30:49,625][com.java.SeleniumDriver] [  921] - Action Type : WAITTIME
[DEBUG][2016-01-13 15:30:49,625][com.java.TestType] [ 5950] - sleepTime: 3000
[INFO ][2016-01-13 15:30:52,628][com.java.SeleniumDriver] [  930] -  RESULT true
[INFO ][2016-01-13 15:30:52,628][com.java.SeleniumDriver] [ 1136] - ?   P A S S   ?
[INFO ][2016-01-13 15:30:52,628][com.java.SeleniumDriver] [  856] - ------------------------------------------
[INFO ][2016-01-13 15:30:52,628][com.java.SeleniumDriver] [  857] - Test case being Executed: 11
[INFO ][2016-01-13 15:30:52,628][com.java.SeleniumDriver] [  869] - Test step:15
[INFO ][2016-01-13 15:30:52,628][com.java.SeleniumDriver] [  881] - Datavalue is----------1.00
[INFO ][2016-01-13 15:30:52,628][com.java.SeleniumDriver] [  905] - DataField : TXTtxtWeight
[INFO ][2016-01-13 15:30:52,628][com.java.SeleniumDriver] [  907] - DataValue : 1.00
[INFO ][2016-01-13 15:30:52,628][com.java.SeleniumDriver] [  913] - <In Set values of the page>
[INFO ][2016-01-13 15:30:52,628][com.java.SeleniumDriver] [  916] - {Data Fields & Data Values Exist}
[INFO ][2016-01-13 15:30:52,628][com.java.SeleniumDriver] [  918] - --------------------------setting values-----------------------------
[INFO ][2016-01-13 15:30:52,628][com.java.SeleniumDriver] [  921] - Action Type : CLEARANDENTER
[INFO ][2016-01-13 15:30:52,628][com.java.TestType] [ 6136] - value = 1.00
[INFO ][2016-01-13 15:30:54,938][com.java.SeleniumDriver] [  930] -  RESULT true
[INFO ][2016-01-13 15:30:54,938][com.java.SeleniumDriver] [ 1136] - ?   P A S S   ?
[INFO ][2016-01-13 15:30:54,938][com.java.SeleniumDriver] [  856] - ------------------------------------------
[INFO ][2016-01-13 15:30:54,938][com.java.SeleniumDriver] [  857] - Test case being Executed: 11
[INFO ][2016-01-13 15:30:54,938][com.java.SeleniumDriver] [  869] - Test step:16
[INFO ][2016-01-13 15:30:54,938][com.java.SeleniumDriver] [  881] - Datavalue is----------Historical
[INFO ][2016-01-13 15:30:54,938][com.java.SeleniumDriver] [  905] - DataField : TXTtxtWeight
[INFO ][2016-01-13 15:30:54,938][com.java.SeleniumDriver] [  907] - DataValue : Historical
[INFO ][2016-01-13 15:30:54,938][com.java.SeleniumDriver] [  913] - <In Set values of the page>
[INFO ][2016-01-13 15:30:54,938][com.java.SeleniumDriver] [  916] - {Data Fields & Data Values Exist}
[INFO ][2016-01-13 15:30:54,938][com.java.SeleniumDriver] [  918] - --------------------------setting values-----------------------------
[INFO ][2016-01-13 15:30:54,938][com.java.SeleniumDriver] [  921] - Action Type : STOREVALUE
[INFO ][2016-01-13 15:30:54,938][com.java.TestType] [ 9062] - field= TXTtxtWeight
[DEBUG][2016-01-13 15:30:56,019][com.java.TestType] [ 9076] - Key:: Historical  Value:: 1.00
[INFO ][2016-01-13 15:30:56,019][com.java.SeleniumDriver] [  930] -  RESULT true
[INFO ][2016-01-13 15:30:56,019][com.java.SeleniumDriver] [ 1136] - ?   P A S S   ?
[INFO ][2016-01-13 15:30:56,019][com.java.SeleniumDriver] [  856] - ------------------------------------------
[INFO ][2016-01-13 15:30:56,019][com.java.SeleniumDriver] [  857] - Test case being Executed: 11
[INFO ][2016-01-13 15:30:56,019][com.java.SeleniumDriver] [  869] - Test step:17
[INFO ][2016-01-13 15:30:56,019][com.java.SeleniumDriver] [  881] - Datavalue is----------3
[INFO ][2016-01-13 15:30:56,019][com.java.SeleniumDriver] [  905] - DataField : test
[INFO ][2016-01-13 15:30:56,019][com.java.SeleniumDriver] [  907] - DataValue : 3
[INFO ][2016-01-13 15:30:56,019][com.java.SeleniumDriver] [  913] - <In Set values of the page>
[INFO ][2016-01-13 15:30:56,019][com.java.SeleniumDriver] [  916] - {Data Fields & Data Values Exist}
[INFO ][2016-01-13 15:30:56,019][com.java.SeleniumDriver] [  918] - --------------------------setting values-----------------------------
[INFO ][2016-01-13 15:30:56,019][com.java.SeleniumDriver] [  921] - Action Type : WAITTIME
[DEBUG][2016-01-13 15:30:56,019][com.java.TestType] [ 5950] - sleepTime: 3000
[INFO ][2016-01-13 15:30:59,019][com.java.SeleniumDriver] [  930] -  RESULT true
[INFO ][2016-01-13 15:30:59,019][com.java.SeleniumDriver] [ 1136] - ?   P A S S   ?
[INFO ][2016-01-13 15:30:59,019][com.java.SeleniumDriver] [  856] - ------------------------------------------
[INFO ][2016-01-13 15:30:59,019][com.java.SeleniumDriver] [  857] - Test case being Executed: 11
[INFO ][2016-01-13 15:30:59,019][com.java.SeleniumDriver] [  869] - Test step:18
[INFO ][2016-01-13 15:30:59,019][com.java.SeleniumDriver] [  881] - Datavalue is----------1.20
[INFO ][2016-01-13 15:30:59,019][com.java.SeleniumDriver] [  905] - DataField : TXTtxtWeight1
[INFO ][2016-01-13 15:30:59,019][com.java.SeleniumDriver] [  907] - DataValue : 1.20
[INFO ][2016-01-13 15:30:59,019][com.java.SeleniumDriver] [  913] - <In Set values of the page>
[INFO ][2016-01-13 15:30:59,019][com.java.SeleniumDriver] [  916] - {Data Fields & Data Values Exist}
[INFO ][2016-01-13 15:30:59,019][com.java.SeleniumDriver] [  918] - --------------------------setting values-----------------------------
[INFO ][2016-01-13 15:30:59,019][com.java.SeleniumDriver] [  921] - Action Type : CLEARANDENTER
[INFO ][2016-01-13 15:30:59,019][com.java.TestType] [ 6136] - value = 1.20
[INFO ][2016-01-13 15:31:01,302][com.java.SeleniumDriver] [  930] -  RESULT true
[INFO ][2016-01-13 15:31:01,302][com.java.SeleniumDriver] [ 1136] - ?   P A S S   ?
[INFO ][2016-01-13 15:31:01,302][com.java.SeleniumDriver] [  856] - ------------------------------------------
[INFO ][2016-01-13 15:31:01,302][com.java.SeleniumDriver] [  857] - Test case being Executed: 11
[INFO ][2016-01-13 15:31:01,302][com.java.SeleniumDriver] [  869] - Test step:19
[INFO ][2016-01-13 15:31:01,302][com.java.SeleniumDriver] [  881] - Datavalue is----------Economic
[INFO ][2016-01-13 15:31:01,302][com.java.SeleniumDriver] [  905] - DataField : TXTtxtWeight1
[INFO ][2016-01-13 15:31:01,302][com.java.SeleniumDriver] [  907] - DataValue : Economic
[INFO ][2016-01-13 15:31:01,302][com.java.SeleniumDriver] [  913] - <In Set values of the page>
[INFO ][2016-01-13 15:31:01,302][com.java.SeleniumDriver] [  916] - {Data Fields & Data Values Exist}
[INFO ][2016-01-13 15:31:01,302][com.java.SeleniumDriver] [  918] - --------------------------setting values-----------------------------
[INFO ][2016-01-13 15:31:01,302][com.java.SeleniumDriver] [  921] - Action Type : STOREVALUE
[INFO ][2016-01-13 15:31:01,302][com.java.TestType] [ 9062] - field= TXTtxtWeight1
[DEBUG][2016-01-13 15:31:02,393][com.java.TestType] [ 9076] - Key:: Economic  Value:: 1.20
[INFO ][2016-01-13 15:31:02,393][com.java.SeleniumDriver] [  930] -  RESULT true
[INFO ][2016-01-13 15:31:02,393][com.java.SeleniumDriver] [ 1136] - ?   P A S S   ?
[INFO ][2016-01-13 15:31:02,393][com.java.SeleniumDriver] [  856] - ------------------------------------------
[INFO ][2016-01-13 15:31:02,393][com.java.SeleniumDriver] [  857] - Test case being Executed: 11
[INFO ][2016-01-13 15:31:02,393][com.java.SeleniumDriver] [  869] - Test step:20
[INFO ][2016-01-13 15:31:02,393][com.java.SeleniumDriver] [  881] - Datavalue is----------3
[INFO ][2016-01-13 15:31:02,393][com.java.SeleniumDriver] [  905] - DataField : test
[INFO ][2016-01-13 15:31:02,393][com.java.SeleniumDriver] [  907] - DataValue : 3
[INFO ][2016-01-13 15:31:02,393][com.java.SeleniumDriver] [  913] - <In Set values of the page>
[INFO ][2016-01-13 15:31:02,393][com.java.SeleniumDriver] [  916] - {Data Fields & Data Values Exist}
[INFO ][2016-01-13 15:31:02,393][com.java.SeleniumDriver] [  918] - --------------------------setting values-----------------------------
[INFO ][2016-01-13 15:31:02,393][com.java.SeleniumDriver] [  921] - Action Type : WAITTIME
[DEBUG][2016-01-13 15:31:02,393][com.java.TestType] [ 5950] - sleepTime: 3000
[INFO ][2016-01-13 15:31:05,393][com.java.SeleniumDriver] [  930] -  RESULT true
[INFO ][2016-01-13 15:31:05,393][com.java.SeleniumDriver] [ 1136] - ?   P A S S   ?
[INFO ][2016-01-13 15:31:05,393][com.java.SeleniumDriver] [  856] - ------------------------------------------
[INFO ][2016-01-13 15:31:05,393][com.java.SeleniumDriver] [  857] - Test case being Executed: 11
[INFO ][2016-01-13 15:31:05,393][com.java.SeleniumDriver] [  869] - Test step:21
[INFO ][2016-01-13 15:31:05,393][com.java.SeleniumDriver] [  881] - Datavalue is----------0.50
[INFO ][2016-01-13 15:31:05,393][com.java.SeleniumDriver] [  905] - DataField : TXTtxtWeight2
[INFO ][2016-01-13 15:31:05,393][com.java.SeleniumDriver] [  907] - DataValue : 0.50
[INFO ][2016-01-13 15:31:05,393][com.java.SeleniumDriver] [  913] - <In Set values of the page>
[INFO ][2016-01-13 15:31:05,393][com.java.SeleniumDriver] [  916] - {Data Fields & Data Values Exist}
[INFO ][2016-01-13 15:31:05,393][com.java.SeleniumDriver] [  918] - --------------------------setting values-----------------------------
[INFO ][2016-01-13 15:31:05,393][com.java.SeleniumDriver] [  921] - Action Type : CLEARANDENTER
[INFO ][2016-01-13 15:31:05,393][com.java.TestType] [ 6136] - value = 0.50
[INFO ][2016-01-13 15:31:07,696][com.java.SeleniumDriver] [  930] -  RESULT true
[INFO ][2016-01-13 15:31:07,696][com.java.SeleniumDriver] [ 1136] - ?   P A S S   ?
[INFO ][2016-01-13 15:31:07,696][com.java.SeleniumDriver] [  856] - ------------------------------------------
[INFO ][2016-01-13 15:31:07,696][com.java.SeleniumDriver] [  857] - Test case being Executed: 11
[INFO ][2016-01-13 15:31:07,696][com.java.SeleniumDriver] [  869] - Test step:22
[INFO ][2016-01-13 15:31:07,696][com.java.SeleniumDriver] [  881] - Datavalue is----------Other
[INFO ][2016-01-13 15:31:07,696][com.java.SeleniumDriver] [  905] - DataField : TXTtxtWeight2
[INFO ][2016-01-13 15:31:07,696][com.java.SeleniumDriver] [  907] - DataValue : Other
[INFO ][2016-01-13 15:31:07,696][com.java.SeleniumDriver] [  913] - <In Set values of the page>
[INFO ][2016-01-13 15:31:07,696][com.java.SeleniumDriver] [  916] - {Data Fields & Data Values Exist}
[INFO ][2016-01-13 15:31:07,696][com.java.SeleniumDriver] [  918] - --------------------------setting values-----------------------------
[INFO ][2016-01-13 15:31:07,696][com.java.SeleniumDriver] [  921] - Action Type : STOREVALUE
[INFO ][2016-01-13 15:31:07,696][com.java.TestType] [ 9062] - field= TXTtxtWeight2
[DEBUG][2016-01-13 15:31:08,777][com.java.TestType] [ 9076] - Key:: Other  Value:: 0.50
[INFO ][2016-01-13 15:31:08,777][com.java.SeleniumDriver] [  930] -  RESULT true
[INFO ][2016-01-13 15:31:08,777][com.java.SeleniumDriver] [ 1136] - ?   P A S S   ?
[INFO ][2016-01-13 15:31:08,777][com.java.SeleniumDriver] [  856] - ------------------------------------------
[INFO ][2016-01-13 15:31:08,777][com.java.SeleniumDriver] [  857] - Test case being Executed: 11
[INFO ][2016-01-13 15:31:08,777][com.java.SeleniumDriver] [  869] - Test step:23
[INFO ][2016-01-13 15:31:08,777][com.java.SeleniumDriver] [  881] - Datavalue is----------3
[INFO ][2016-01-13 15:31:08,777][com.java.SeleniumDriver] [  905] - DataField : test
[INFO ][2016-01-13 15:31:08,777][com.java.SeleniumDriver] [  907] - DataValue : 3
[INFO ][2016-01-13 15:31:08,777][com.java.SeleniumDriver] [  913] - <In Set values of the page>
[INFO ][2016-01-13 15:31:08,777][com.java.SeleniumDriver] [  916] - {Data Fields & Data Values Exist}
[INFO ][2016-01-13 15:31:08,777][com.java.SeleniumDriver] [  918] - --------------------------setting values-----------------------------
[INFO ][2016-01-13 15:31:08,777][com.java.SeleniumDriver] [  921] - Action Type : WAITTIME
[DEBUG][2016-01-13 15:31:08,777][com.java.TestType] [ 5950] - sleepTime: 3000
[INFO ][2016-01-13 15:31:11,777][com.java.SeleniumDriver] [  930] -  RESULT true
[INFO ][2016-01-13 15:31:11,777][com.java.SeleniumDriver] [ 1136] - ?   P A S S   ?
[INFO ][2016-01-13 15:31:11,777][com.java.SeleniumDriver] [  856] - ------------------------------------------
[INFO ][2016-01-13 15:31:11,777][com.java.SeleniumDriver] [  857] - Test case being Executed: 11
[INFO ][2016-01-13 15:31:11,777][com.java.SeleniumDriver] [  869] - Test step:24
[INFO ][2016-01-13 15:31:11,777][com.java.SeleniumDriver] [  881] - Datavalue is----------null
[DEBUG][2016-01-13 15:31:11,777][com.java.SeleniumDriver] [  899] - Exception: null
[INFO ][2016-01-13 15:31:11,777][com.java.SeleniumDriver] [  905] - DataField : BTNchkRated
[INFO ][2016-01-13 15:31:11,777][com.java.SeleniumDriver] [  907] - DataValue : 
[INFO ][2016-01-13 15:31:11,777][com.java.SeleniumDriver] [  913] - <In Set values of the page>
[INFO ][2016-01-13 15:31:11,777][com.java.SeleniumDriver] [  916] - {Data Fields & Data Values Exist}
[INFO ][2016-01-13 15:31:11,777][com.java.SeleniumDriver] [  918] - --------------------------setting values-----------------------------
[INFO ][2016-01-13 15:31:11,777][com.java.SeleniumDriver] [  921] - Action Type : CLICK
[INFO ][2016-01-13 15:31:11,777][com.java.TestType] [ 6515] - Field ::BTNchkRated
[INFO ][2016-01-13 15:31:11,777][com.java.TestType] [ 6136] - value = 
[INFO ][2016-01-13 15:31:12,785][com.java.TestType] [ 6631] - BEFORE CLICK
[INFO ][2016-01-13 15:31:13,946][com.java.TestType] [ 6638] - Unable to click the object RatedLoan checkbox
[INFO ][2016-01-13 15:31:13,946][com.java.SeleniumDriver] [  930] -  RESULT true
[INFO ][2016-01-13 15:31:13,946][com.java.SeleniumDriver] [ 1136] - ?   P A S S   ?
[INFO ][2016-01-13 15:31:13,946][com.java.SeleniumDriver] [  856] - ------------------------------------------
[INFO ][2016-01-13 15:31:13,946][com.java.SeleniumDriver] [  857] - Test case being Executed: 11
[INFO ][2016-01-13 15:31:13,946][com.java.SeleniumDriver] [  869] - Test step:25
[INFO ][2016-01-13 15:31:13,946][com.java.SeleniumDriver] [  881] - Datavalue is----------null
[DEBUG][2016-01-13 15:31:13,946][com.java.SeleniumDriver] [  899] - Exception: null
[INFO ][2016-01-13 15:31:13,946][com.java.SeleniumDriver] [  905] - DataField : BTNparent
[INFO ][2016-01-13 15:31:13,946][com.java.SeleniumDriver] [  907] - DataValue : 
[INFO ][2016-01-13 15:31:13,946][com.java.SeleniumDriver] [  913] - <In Set values of the page>
[INFO ][2016-01-13 15:31:13,946][com.java.SeleniumDriver] [  916] - {Data Fields & Data Values Exist}
[INFO ][2016-01-13 15:31:13,946][com.java.SeleniumDriver] [  918] - --------------------------setting values-----------------------------
[INFO ][2016-01-13 15:31:13,946][com.java.SeleniumDriver] [  921] - Action Type : SELECTFRAME
[INFO ][2016-01-13 15:31:13,956][com.java.SeleniumDriver] [  930] -  RESULT true
[INFO ][2016-01-13 15:31:13,956][com.java.SeleniumDriver] [ 1136] - ?   P A S S   ?
[INFO ][2016-01-13 15:31:13,956][com.java.SeleniumDriver] [  856] - ------------------------------------------
[INFO ][2016-01-13 15:31:13,956][com.java.SeleniumDriver] [  857] - Test case being Executed: 11
[INFO ][2016-01-13 15:31:13,956][com.java.SeleniumDriver] [  869] - Test step:26
[INFO ][2016-01-13 15:31:13,956][com.java.SeleniumDriver] [  881] - Datavalue is----------5
[INFO ][2016-01-13 15:31:13,956][com.java.SeleniumDriver] [  905] - DataField : XPH//span[contains(text(), 'Update')]
[INFO ][2016-01-13 15:31:13,956][com.java.SeleniumDriver] [  907] - DataValue : 5
[INFO ][2016-01-13 15:31:13,956][com.java.SeleniumDriver] [  913] - <In Set values of the page>
[INFO ][2016-01-13 15:31:13,956][com.java.SeleniumDriver] [  916] - {Data Fields & Data Values Exist}
[INFO ][2016-01-13 15:31:13,956][com.java.SeleniumDriver] [  918] - --------------------------setting values-----------------------------
[INFO ][2016-01-13 15:31:13,956][com.java.SeleniumDriver] [  921] - Action Type : WAITFORELEMENT
[INFO ][2016-01-13 15:31:13,986][com.java.SeleniumDriver] [  930] -  RESULT true
[INFO ][2016-01-13 15:31:13,986][com.java.SeleniumDriver] [ 1136] - ?   P A S S   ?
[INFO ][2016-01-13 15:31:13,986][com.java.SeleniumDriver] [  856] - ------------------------------------------
[INFO ][2016-01-13 15:31:13,986][com.java.SeleniumDriver] [  857] - Test case being Executed: 11
[INFO ][2016-01-13 15:31:13,986][com.java.SeleniumDriver] [  869] - Test step:27
[INFO ][2016-01-13 15:31:13,986][com.java.SeleniumDriver] [  881] - Datavalue is----------null
[DEBUG][2016-01-13 15:31:13,986][com.java.SeleniumDriver] [  899] - Exception: null
[INFO ][2016-01-13 15:31:13,986][com.java.SeleniumDriver] [  905] - DataField : XPH//span[contains(text(), 'Update')]
[INFO ][2016-01-13 15:31:13,986][com.java.SeleniumDriver] [  907] - DataValue : 
[INFO ][2016-01-13 15:31:13,986][com.java.SeleniumDriver] [  913] - <In Set values of the page>
[INFO ][2016-01-13 15:31:13,986][com.java.SeleniumDriver] [  916] - {Data Fields & Data Values Exist}
[INFO ][2016-01-13 15:31:13,986][com.java.SeleniumDriver] [  918] - --------------------------setting values-----------------------------
[INFO ][2016-01-13 15:31:13,986][com.java.SeleniumDriver] [  921] - Action Type : CLICK
[INFO ][2016-01-13 15:31:13,986][com.java.TestType] [ 6515] - Field ::XPH//span[contains(text(), 'Update')]
[INFO ][2016-01-13 15:31:13,986][com.java.TestType] [ 6136] - value = 
[INFO ][2016-01-13 15:31:14,986][com.java.TestType] [ 6652] - BEFORE CLICK
[INFO ][2016-01-13 15:31:15,861][com.java.TestType] [ 6660] - Unable to click the object Update button
[INFO ][2016-01-13 15:31:15,861][com.java.SeleniumDriver] [  930] -  RESULT true
[INFO ][2016-01-13 15:31:15,861][com.java.SeleniumDriver] [ 1136] - ?   P A S S   ?
[INFO ][2016-01-13 15:31:15,861][com.java.SeleniumDriver] [  856] - ------------------------------------------
[INFO ][2016-01-13 15:31:15,861][com.java.SeleniumDriver] [  857] - Test case being Executed: 11
[INFO ][2016-01-13 15:31:15,861][com.java.SeleniumDriver] [  869] - Test step:28
[INFO ][2016-01-13 15:31:15,861][com.java.SeleniumDriver] [  881] - Datavalue is----------5
[INFO ][2016-01-13 15:31:15,861][com.java.SeleniumDriver] [  905] - DataField : XPH//span[contains(text(), 'Rated Loan Categories')]
[INFO ][2016-01-13 15:31:15,861][com.java.SeleniumDriver] [  907] - DataValue : 5
[INFO ][2016-01-13 15:31:15,861][com.java.SeleniumDriver] [  913] - <In Set values of the page>
[INFO ][2016-01-13 15:31:15,861][com.java.SeleniumDriver] [  916] - {Data Fields & Data Values Exist}
[INFO ][2016-01-13 15:31:15,861][com.java.SeleniumDriver] [  918] - --------------------------setting values-----------------------------
[INFO ][2016-01-13 15:31:15,861][com.java.SeleniumDriver] [  921] - Action Type : WAITFORELEMENT
[INFO ][2016-01-13 15:31:16,412][com.java.SeleniumDriver] [  930] -  RESULT true
[INFO ][2016-01-13 15:31:16,412][com.java.SeleniumDriver] [ 1136] - ?   P A S S   ?
[INFO ][2016-01-13 15:31:16,412][com.java.SeleniumDriver] [  856] - ------------------------------------------
[INFO ][2016-01-13 15:31:16,412][com.java.SeleniumDriver] [  857] - Test case being Executed: 11
[INFO ][2016-01-13 15:31:16,412][com.java.SeleniumDriver] [  869] - Test step:29
[INFO ][2016-01-13 15:31:16,412][com.java.SeleniumDriver] [  881] - Datavalue is----------null
[DEBUG][2016-01-13 15:31:16,412][com.java.SeleniumDriver] [  899] - Exception: null
[INFO ][2016-01-13 15:31:16,412][com.java.SeleniumDriver] [  905] - DataField : BTNframeDialogContent
[INFO ][2016-01-13 15:31:16,412][com.java.SeleniumDriver] [  907] - DataValue : 
[INFO ][2016-01-13 15:31:16,412][com.java.SeleniumDriver] [  913] - <In Set values of the page>
[INFO ][2016-01-13 15:31:16,412][com.java.SeleniumDriver] [  916] - {Data Fields & Data Values Exist}
[INFO ][2016-01-13 15:31:16,412][com.java.SeleniumDriver] [  918] - --------------------------setting values-----------------------------
[INFO ][2016-01-13 15:31:16,412][com.java.SeleniumDriver] [  921] - Action Type : SELECTFRAME
[INFO ][2016-01-13 15:31:17,653][com.java.SeleniumDriver] [  930] -  RESULT true
[INFO ][2016-01-13 15:31:17,653][com.java.SeleniumDriver] [ 1136] - ?   P A S S   ?
[INFO ][2016-01-13 15:31:17,653][com.java.SeleniumDriver] [  856] - ------------------------------------------
[INFO ][2016-01-13 15:31:17,653][com.java.SeleniumDriver] [  857] - Test case being Executed: 11
[INFO ][2016-01-13 15:31:17,653][com.java.SeleniumDriver] [  869] - Test step:30
[INFO ][2016-01-13 15:31:17,653][com.java.SeleniumDriver] [  881] - Datavalue is----------HMVTest
[INFO ][2016-01-13 15:31:17,653][com.java.SeleniumDriver] [  905] - DataField : MSG
[INFO ][2016-01-13 15:31:17,653][com.java.SeleniumDriver] [  907] - DataValue : HMVTest
[INFO ][2016-01-13 15:31:17,653][com.java.SeleniumDriver] [  913] - <In Set values of the page>
[INFO ][2016-01-13 15:31:17,653][com.java.SeleniumDriver] [  916] - {Data Fields & Data Values Exist}
[INFO ][2016-01-13 15:31:17,653][com.java.SeleniumDriver] [  918] - --------------------------setting values-----------------------------
[INFO ][2016-01-13 15:31:17,653][com.java.SeleniumDriver] [  921] - Action Type : VERIFY
[INFO ][2016-01-13 15:31:17,653][com.java.TestType] [ 7635] - field= MSG value= HMVTest
[INFO ][2016-01-13 15:31:17,653][com.java.TestType] [ 6136] - value = Testing96078
[DEBUG][2016-01-13 15:31:17,653][com.java.TestType] [ 8465] - value :: Testing96078
[INFO ][2016-01-13 15:31:17,673][com.java.SeleniumDriver] [  930] -  RESULT true
[INFO ][2016-01-13 15:31:17,673][com.java.SeleniumDriver] [ 1136] - ?   P A S S   ?
[INFO ][2016-01-13 15:31:17,673][com.java.SeleniumDriver] [  856] - ------------------------------------------
[INFO ][2016-01-13 15:31:17,673][com.java.SeleniumDriver] [  857] - Test case being Executed: 11
[INFO ][2016-01-13 15:31:17,673][com.java.SeleniumDriver] [  869] - Test step:31
[INFO ][2016-01-13 15:31:17,673][com.java.SeleniumDriver] [  881] - Datavalue is----------Test::Historical
[INFO ][2016-01-13 15:31:17,673][com.java.SeleniumDriver] [  905] - DataField : PVP//input[@value="mytext"]/following::td[1]/input
[INFO ][2016-01-13 15:31:17,673][com.java.SeleniumDriver] [  907] - DataValue : Test::Historical
[INFO ][2016-01-13 15:31:17,673][com.java.SeleniumDriver] [  913] - <In Set values of the page>
[INFO ][2016-01-13 15:31:17,673][com.java.SeleniumDriver] [  916] - {Data Fields & Data Values Exist}
[INFO ][2016-01-13 15:31:17,673][com.java.SeleniumDriver] [  918] - --------------------------setting values-----------------------------
[INFO ][2016-01-13 15:31:17,673][com.java.SeleniumDriver] [  921] - Action Type : VERIFY
[INFO ][2016-01-13 15:31:17,673][com.java.TestType] [ 7635] - field= PVP//input[@value="mytext"]/following::td[1]/input value= Test::Historical
[INFO ][2016-01-13 15:31:17,673][com.java.TestType] [ 6136] - value = Test::Historical
[INFO ][2016-01-13 15:31:17,833][com.java.SeleniumDriver] [  930] -  RESULT true
[INFO ][2016-01-13 15:31:17,833][com.java.SeleniumDriver] [ 1136] - ?   P A S S   ?
[INFO ][2016-01-13 15:31:17,833][com.java.SeleniumDriver] [  856] - ------------------------------------------
[INFO ][2016-01-13 15:31:17,833][com.java.SeleniumDriver] [  857] - Test case being Executed: 11
[INFO ][2016-01-13 15:31:17,833][com.java.SeleniumDriver] [  869] - Test step:32
[INFO ][2016-01-13 15:31:17,833][com.java.SeleniumDriver] [  881] - Datavalue is----------Test::Economic
[INFO ][2016-01-13 15:31:17,833][com.java.SeleniumDriver] [  905] - DataField : PVP//input[@value="mytext"]/following::td[2]/input
[INFO ][2016-01-13 15:31:17,833][com.java.SeleniumDriver] [  907] - DataValue : Test::Economic
[INFO ][2016-01-13 15:31:17,833][com.java.SeleniumDriver] [  913] - <In Set values of the page>
[INFO ][2016-01-13 15:31:17,833][com.java.SeleniumDriver] [  916] - {Data Fields & Data Values Exist}
[INFO ][2016-01-13 15:31:17,833][com.java.SeleniumDriver] [  918] - --------------------------setting values-----------------------------
[INFO ][2016-01-13 15:31:17,833][com.java.SeleniumDriver] [  921] - Action Type : VERIFY
[INFO ][2016-01-13 15:31:17,833][com.java.TestType] [ 7635] - field= PVP//input[@value="mytext"]/following::td[2]/input value= Test::Economic
[INFO ][2016-01-13 15:31:17,833][com.java.TestType] [ 6136] - value = Test::Economic
[INFO ][2016-01-13 15:31:17,983][com.java.SeleniumDriver] [  930] -  RESULT true
[INFO ][2016-01-13 15:31:17,983][com.java.SeleniumDriver] [ 1136] - ?   P A S S   ?
[INFO ][2016-01-13 15:31:17,983][com.java.SeleniumDriver] [  856] - ------------------------------------------
[INFO ][2016-01-13 15:31:17,983][com.java.SeleniumDriver] [  857] - Test case being Executed: 11
[INFO ][2016-01-13 15:31:17,983][com.java.SeleniumDriver] [  869] - Test step:33
[INFO ][2016-01-13 15:31:17,983][com.java.SeleniumDriver] [  881] - Datavalue is----------Test::Other
[INFO ][2016-01-13 15:31:17,983][com.java.SeleniumDriver] [  905] - DataField : PVP//input[@value="mytext"]/following::td[3]/input
[INFO ][2016-01-13 15:31:17,983][com.java.SeleniumDriver] [  907] - DataValue : Test::Other
[INFO ][2016-01-13 15:31:17,983][com.java.SeleniumDriver] [  913] - <In Set values of the page>
[INFO ][2016-01-13 15:31:17,983][com.java.SeleniumDriver] [  916] - {Data Fields & Data Values Exist}
[INFO ][2016-01-13 15:31:17,983][com.java.SeleniumDriver] [  918] - --------------------------setting values-----------------------------
[INFO ][2016-01-13 15:31:17,983][com.java.SeleniumDriver] [  921] - Action Type : VERIFY
[INFO ][2016-01-13 15:31:17,983][com.java.TestType] [ 7635] - field= PVP//input[@value="mytext"]/following::td[3]/input value= Test::Other
[INFO ][2016-01-13 15:31:17,983][com.java.TestType] [ 6136] - value = Test::Other
[INFO ][2016-01-13 15:31:18,133][com.java.SeleniumDriver] [  930] -  RESULT true
[INFO ][2016-01-13 15:31:18,133][com.java.SeleniumDriver] [ 1136] - ?   P A S S   ?
[INFO ][2016-01-13 15:31:18,133][com.java.SeleniumDriver] [  856] - ------------------------------------------
[INFO ][2016-01-13 15:31:18,133][com.java.SeleniumDriver] [  857] - Test case being Executed: 11
[INFO ][2016-01-13 15:31:18,133][com.java.SeleniumDriver] [  869] - Test step:34
[INFO ][2016-01-13 15:31:18,133][com.java.SeleniumDriver] [  881] - Datavalue is----------OK
[INFO ][2016-01-13 15:31:18,133][com.java.SeleniumDriver] [  905] - DataField : XPH//input[@value="Testing1"]/following::td[5]/span
[INFO ][2016-01-13 15:31:18,133][com.java.SeleniumDriver] [  907] - DataValue : OK
[INFO ][2016-01-13 15:31:18,133][com.java.SeleniumDriver] [  913] - <In Set values of the page>
[INFO ][2016-01-13 15:31:18,133][com.java.SeleniumDriver] [  916] - {Data Fields & Data Values Exist}
[INFO ][2016-01-13 15:31:18,133][com.java.SeleniumDriver] [  918] - --------------------------setting values-----------------------------
[INFO ][2016-01-13 15:31:18,133][com.java.SeleniumDriver] [  921] - Action Type : CLICKWITHALERT
[INFO ][2016-01-13 15:31:21,573][com.java.SeleniumDriver] [  930] -  RESULT true
[INFO ][2016-01-13 15:31:21,573][com.java.SeleniumDriver] [ 1136] - ?   P A S S   ?
[INFO ][2016-01-13 15:31:21,573][com.java.SeleniumDriver] [  856] - ------------------------------------------
[INFO ][2016-01-13 15:31:21,573][com.java.SeleniumDriver] [  857] - Test case being Executed: 11
[INFO ][2016-01-13 15:31:21,573][com.java.SeleniumDriver] [  869] - Test step:35
[INFO ][2016-01-13 15:31:21,573][com.java.SeleniumDriver] [  881] - Datavalue is----------null
[DEBUG][2016-01-13 15:31:21,573][com.java.SeleniumDriver] [  899] - Exception: null
[INFO ][2016-01-13 15:31:21,573][com.java.SeleniumDriver] [  905] - DataField : BTNparent
[INFO ][2016-01-13 15:31:21,573][com.java.SeleniumDriver] [  907] - DataValue : 
[INFO ][2016-01-13 15:31:21,573][com.java.SeleniumDriver] [  913] - <In Set values of the page>
[INFO ][2016-01-13 15:31:21,573][com.java.SeleniumDriver] [  916] - {Data Fields & Data Values Exist}
[INFO ][2016-01-13 15:31:21,573][com.java.SeleniumDriver] [  918] - --------------------------setting values-----------------------------
[INFO ][2016-01-13 15:31:21,573][com.java.SeleniumDriver] [  921] - Action Type : SELECTFRAME
[INFO ][2016-01-13 15:31:21,574][com.java.SeleniumDriver] [  930] -  RESULT true
[INFO ][2016-01-13 15:31:21,574][com.java.SeleniumDriver] [ 1136] - ?   P A S S   ?
[INFO ][2016-01-13 15:31:21,574][com.java.SeleniumDriver] [  856] - ------------------------------------------
[INFO ][2016-01-13 15:31:21,574][com.java.SeleniumDriver] [  857] - Test case being Executed: 11
[INFO ][2016-01-13 15:31:21,574][com.java.SeleniumDriver] [  869] - Test step:36
[INFO ][2016-01-13 15:31:21,574][com.java.SeleniumDriver] [  881] - Datavalue is----------null
[DEBUG][2016-01-13 15:31:21,574][com.java.SeleniumDriver] [  899] - Exception: null
[INFO ][2016-01-13 15:31:21,574][com.java.SeleniumDriver] [  905] - DataField : XPH//span[contains(text(), 'Update')]
[INFO ][2016-01-13 15:31:21,574][com.java.SeleniumDriver] [  907] - DataValue : 
[INFO ][2016-01-13 15:31:21,574][com.java.SeleniumDriver] [  913] - <In Set values of the page>
[INFO ][2016-01-13 15:31:21,574][com.java.SeleniumDriver] [  916] - {Data Fields & Data Values Exist}
[INFO ][2016-01-13 15:31:21,574][com.java.SeleniumDriver] [  918] - --------------------------setting values-----------------------------
[INFO ][2016-01-13 15:31:21,574][com.java.SeleniumDriver] [  921] - Action Type : CLICK
[INFO ][2016-01-13 15:31:21,574][com.java.TestType] [ 6515] - Field ::XPH//span[contains(text(), 'Update')]
[INFO ][2016-01-13 15:31:21,574][com.java.TestType] [ 6136] - value = 
[INFO ][2016-01-13 15:31:22,584][com.java.TestType] [ 6652] - BEFORE CLICK
[INFO ][2016-01-13 15:31:23,836][com.java.TestType] [ 6660] - Unable to click the object Update button
[INFO ][2016-01-13 15:31:23,836][com.java.SeleniumDriver] [  930] -  RESULT true
[INFO ][2016-01-13 15:31:23,836][com.java.SeleniumDriver] [ 1136] - ?   P A S S   ?
[INFO ][2016-01-13 15:31:23,836][com.java.SeleniumDriver] [  856] - ------------------------------------------
[INFO ][2016-01-13 15:31:23,836][com.java.SeleniumDriver] [  857] - Test case being Executed: 11
[INFO ][2016-01-13 15:31:23,836][com.java.SeleniumDriver] [  869] - Test step:37
[INFO ][2016-01-13 15:31:23,836][com.java.SeleniumDriver] [  881] - Datavalue is----------3
[INFO ][2016-01-13 15:31:23,836][com.java.SeleniumDriver] [  905] - DataField : XPH//div[contains(text(), 'My Dashboard')]
[INFO ][2016-01-13 15:31:23,836][com.java.SeleniumDriver] [  907] - DataValue : 3
[INFO ][2016-01-13 15:31:23,836][com.java.SeleniumDriver] [  913] - <In Set values of the page>
[INFO ][2016-01-13 15:31:23,836][com.java.SeleniumDriver] [  916] - {Data Fields & Data Values Exist}
[INFO ][2016-01-13 15:31:23,836][com.java.SeleniumDriver] [  918] - --------------------------setting values-----------------------------
[INFO ][2016-01-13 15:31:23,836][com.java.SeleniumDriver] [  921] - Action Type : WAITFORELEMENT
[INFO ][2016-01-13 15:31:23,877][com.java.SeleniumDriver] [  930] -  RESULT true
[INFO ][2016-01-13 15:31:23,877][com.java.SeleniumDriver] [ 1136] - ?   P A S S   ?
[INFO ][2016-01-13 15:31:23,877][com.java.SeleniumDriver] [  856] - ------------------------------------------
[INFO ][2016-01-13 15:31:23,877][com.java.SeleniumDriver] [  857] - Test case being Executed: 11
[INFO ][2016-01-13 15:31:23,877][com.java.SeleniumDriver] [  869] - Test step:38
[INFO ][2016-01-13 15:31:23,877][com.java.SeleniumDriver] [  881] - Datavalue is----------My Dashboard
[INFO ][2016-01-13 15:31:23,877][com.java.SeleniumDriver] [  905] - DataField : XPH//div[contains(text(), 'My Dashboard')]
[INFO ][2016-01-13 15:31:23,877][com.java.SeleniumDriver] [  907] - DataValue : My Dashboard
[INFO ][2016-01-13 15:31:23,877][com.java.SeleniumDriver] [  913] - <In Set values of the page>
[INFO ][2016-01-13 15:31:23,877][com.java.SeleniumDriver] [  916] - {Data Fields & Data Values Exist}
[INFO ][2016-01-13 15:31:23,877][com.java.SeleniumDriver] [  918] - --------------------------setting values-----------------------------
[INFO ][2016-01-13 15:31:23,877][com.java.SeleniumDriver] [  921] - Action Type : VERIFY
[INFO ][2016-01-13 15:31:23,877][com.java.TestType] [ 7635] - field= XPH//div[contains(text(), 'My Dashboard')] value= My Dashboard
[INFO ][2016-01-13 15:31:23,877][com.java.TestType] [ 6136] - value = My Dashboard
[INFO ][2016-01-13 15:31:24,047][com.java.SeleniumDriver] [  930] -  RESULT true
[INFO ][2016-01-13 15:31:24,047][com.java.SeleniumDriver] [ 1136] - ?   P A S S   ?
[DEBUG][2016-01-13 15:31:24,047][com.java.SeleniumDriver] [ 1248] - Case found
[DEBUG][2016-01-13 15:31:24,047][com.java.SeleniumDriver] [ 1253] - Incrementing ReportCounters[0]:2
[INFO ][2016-01-13 15:31:24,047][com.java.SeleniumDriver] [ 1272] - The results are-------------------[11, 1, Admin: Company Settings: Rated Loan Categories: Add New Category, Pass, , Wed Jan 13 15:30:08 IST 2016, 11, 3, Admin: Company Settings: Rated Loan Categories: Add New Category, Pass, , Wed Jan 13 15:30:13 IST 2016, 11, 4, Admin: Company Settings: Rated Loan Categories: Add New Category, Pass, , Wed Jan 13 15:30:40 IST 2016, 11, 5, Admin: Company Settings: Rated Loan Categories: Add New Category, Pass, , Wed Jan 13 15:30:40 IST 2016, 11, 6, Admin: Company Settings: Rated Loan Categories: Add New Category, Pass, , Wed Jan 13 15:30:41 IST 2016, 11, 7, Admin: Company Settings: Rated Loan Categories: Add New Category, Pass, , Wed Jan 13 15:30:43 IST 2016, 11, 8, Admin: Company Settings: Rated Loan Categories: Add New Category, Pass, , Wed Jan 13 15:30:43 IST 2016, 11, 9, Admin: Company Settings: Rated Loan Categories: Add New Category, Pass, , Wed Jan 13 15:30:44 IST 2016, 11, 10, Admin: Company Settings: Rated Loan Categories: Add New Category, Pass, , Wed Jan 13 15:30:44 IST 2016, 11, 11, Admin: Company Settings: Rated Loan Categories: Add New Category, Pass, , Wed Jan 13 15:30:46 IST 2016, 11, 12, Admin: Company Settings: Rated Loan Categories: Add New Category, Pass, , Wed Jan 13 15:30:48 IST 2016, 11, 13, Admin: Company Settings: Rated Loan Categories: Add New Category, Pass, , Wed Jan 13 15:30:49 IST 2016, 11, 14, Admin: Company Settings: Rated Loan Categories: Add New Category, Pass, , Wed Jan 13 15:30:52 IST 2016, 11, 15, Admin: Company Settings: Rated Loan Categories: Add New Category, Pass, , Wed Jan 13 15:30:54 IST 2016, 11, 16, Admin: Company Settings: Rated Loan Categories: Add New Category, Pass, , Wed Jan 13 15:30:56 IST 2016, 11, 17, Admin: Company Settings: Rated Loan Categories: Add New Category, Pass, , Wed Jan 13 15:30:59 IST 2016, 11, 18, Admin: Company Settings: Rated Loan Categories: Add New Category, Pass, , Wed Jan 13 15:31:01 IST 2016, 11, 19, Admin: Company Settings: Rated Loan Categories: Add New Category, Pass, , Wed Jan 13 15:31:02 IST 2016, 11, 20, Admin: Company Settings: Rated Loan Categories: Add New Category, Pass, , Wed Jan 13 15:31:05 IST 2016, 11, 21, Admin: Company Settings: Rated Loan Categories: Add New Category, Pass, , Wed Jan 13 15:31:07 IST 2016, 11, 22, Admin: Company Settings: Rated Loan Categories: Add New Category, Pass, , Wed Jan 13 15:31:08 IST 2016, 11, 23, Admin: Company Settings: Rated Loan Categories: Add New Category, Pass, , Wed Jan 13 15:31:11 IST 2016, 11, 24, Admin: Company Settings: Rated Loan Categories: Add New Category, Pass, , Wed Jan 13 15:31:13 IST 2016, 11, 25, Admin: Company Settings: Rated Loan Categories: Add New Category, Pass, , Wed Jan 13 15:31:13 IST 2016, 11, 26, Admin: Company Settings: Rated Loan Categories: Add New Category, Pass, , Wed Jan 13 15:31:13 IST 2016, 11, 27, Admin: Company Settings: Rated Loan Categories: Add New Category, Pass, , Wed Jan 13 15:31:15 IST 2016, 11, 28, Admin: Company Settings: Rated Loan Categories: Add New Category, Pass, , Wed Jan 13 15:31:16 IST 2016, 11, 29, Admin: Company Settings: Rated Loan Categories: Add New Category, Pass, , Wed Jan 13 15:31:17 IST 2016, 11, 30, Admin: Company Settings: Rated Loan Categories: Add New Category, Pass, , Wed Jan 13 15:31:17 IST 2016, 11, 31, Admin: Company Settings: Rated Loan Categories: Add New Category, Pass, , Wed Jan 13 15:31:17 IST 2016, 11, 32, Admin: Company Settings: Rated Loan Categories: Add New Category, Pass, , Wed Jan 13 15:31:17 IST 2016, 11, 33, Admin: Company Settings: Rated Loan Categories: Add New Category, Pass, , Wed Jan 13 15:31:18 IST 2016, 11, 34, Admin: Company Settings: Rated Loan Categories: Add New Category, Pass, , Wed Jan 13 15:31:21 IST 2016, 11, 35, Admin: Company Settings: Rated Loan Categories: Add New Category, Pass, , Wed Jan 13 15:31:21 IST 2016, 11, 36, Admin: Company Settings: Rated Loan Categories: Add New Category, Pass, , Wed Jan 13 15:31:23 IST 2016, 11, 37, Admin: Company Settings: Rated Loan Categories: Add New Category, Pass, , Wed Jan 13 15:31:23 IST 2016, 11, 38, Admin: Company Settings: Rated Loan Categories: Add New Category, Pass, , Wed Jan 13 15:31:24 IST 2016]
[INFO ][2016-01-13 15:31:24,047][com.java.SeleniumDriver] [ 1276] - End time is-------2 min 7 sec
[INFO ][2016-01-13 15:31:24,047][com.java.SeleniumDriver] [ 1277] - The results are-------------------[11, 1, Admin: Company Settings: Rated Loan Categories: Add New Category, Pass, , Wed Jan 13 15:30:08 IST 2016, 11, 3, Admin: Company Settings: Rated Loan Categories: Add New Category, Pass, , Wed Jan 13 15:30:13 IST 2016, 11, 4, Admin: Company Settings: Rated Loan Categories: Add New Category, Pass, , Wed Jan 13 15:30:40 IST 2016, 11, 5, Admin: Company Settings: Rated Loan Categories: Add New Category, Pass, , Wed Jan 13 15:30:40 IST 2016, 11, 6, Admin: Company Settings: Rated Loan Categories: Add New Category, Pass, , Wed Jan 13 15:30:41 IST 2016, 11, 7, Admin: Company Settings: Rated Loan Categories: Add New Category, Pass, , Wed Jan 13 15:30:43 IST 2016, 11, 8, Admin: Company Settings: Rated Loan Categories: Add New Category, Pass, , Wed Jan 13 15:30:43 IST 2016, 11, 9, Admin: Company Settings: Rated Loan Categories: Add New Category, Pass, , Wed Jan 13 15:30:44 IST 2016, 11, 10, Admin: Company Settings: Rated Loan Categories: Add New Category, Pass, , Wed Jan 13 15:30:44 IST 2016, 11, 11, Admin: Company Settings: Rated Loan Categories: Add New Category, Pass, , Wed Jan 13 15:30:46 IST 2016, 11, 12, Admin: Company Settings: Rated Loan Categories: Add New Category, Pass, , Wed Jan 13 15:30:48 IST 2016, 11, 13, Admin: Company Settings: Rated Loan Categories: Add New Category, Pass, , Wed Jan 13 15:30:49 IST 2016, 11, 14, Admin: Company Settings: Rated Loan Categories: Add New Category, Pass, , Wed Jan 13 15:30:52 IST 2016, 11, 15, Admin: Company Settings: Rated Loan Categories: Add New Category, Pass, , Wed Jan 13 15:30:54 IST 2016, 11, 16, Admin: Company Settings: Rated Loan Categories: Add New Category, Pass, , Wed Jan 13 15:30:56 IST 2016, 11, 17, Admin: Company Settings: Rated Loan Categories: Add New Category, Pass, , Wed Jan 13 15:30:59 IST 2016, 11, 18, Admin: Company Settings: Rated Loan Categories: Add New Category, Pass, , Wed Jan 13 15:31:01 IST 2016, 11, 19, Admin: Company Settings: Rated Loan Categories: Add New Category, Pass, , Wed Jan 13 15:31:02 IST 2016, 11, 20, Admin: Company Settings: Rated Loan Categories: Add New Category, Pass, , Wed Jan 13 15:31:05 IST 2016, 11, 21, Admin: Company Settings: Rated Loan Categories: Add New Category, Pass, , Wed Jan 13 15:31:07 IST 2016, 11, 22, Admin: Company Settings: Rated Loan Categories: Add New Category, Pass, , Wed Jan 13 15:31:08 IST 2016, 11, 23, Admin: Company Settings: Rated Loan Categories: Add New Category, Pass, , Wed Jan 13 15:31:11 IST 2016, 11, 24, Admin: Company Settings: Rated Loan Categories: Add New Category, Pass, , Wed Jan 13 15:31:13 IST 2016, 11, 25, Admin: Company Settings: Rated Loan Categories: Add New Category, Pass, , Wed Jan 13 15:31:13 IST 2016, 11, 26, Admin: Company Settings: Rated Loan Categories: Add New Category, Pass, , Wed Jan 13 15:31:13 IST 2016, 11, 27, Admin: Company Settings: Rated Loan Categories: Add New Category, Pass, , Wed Jan 13 15:31:15 IST 2016, 11, 28, Admin: Company Settings: Rated Loan Categories: Add New Category, Pass, , Wed Jan 13 15:31:16 IST 2016, 11, 29, Admin: Company Settings: Rated Loan Categories: Add New Category, Pass, , Wed Jan 13 15:31:17 IST 2016, 11, 30, Admin: Company Settings: Rated Loan Categories: Add New Category, Pass, , Wed Jan 13 15:31:17 IST 2016, 11, 31, Admin: Company Settings: Rated Loan Categories: Add New Category, Pass, , Wed Jan 13 15:31:17 IST 2016, 11, 32, Admin: Company Settings: Rated Loan Categories: Add New Category, Pass, , Wed Jan 13 15:31:17 IST 2016, 11, 33, Admin: Company Settings: Rated Loan Categories: Add New Category, Pass, , Wed Jan 13 15:31:18 IST 2016, 11, 34, Admin: Company Settings: Rated Loan Categories: Add New Category, Pass, , Wed Jan 13 15:31:21 IST 2016, 11, 35, Admin: Company Settings: Rated Loan Categories: Add New Category, Pass, , Wed Jan 13 15:31:21 IST 2016, 11, 36, Admin: Company Settings: Rated Loan Categories: Add New Category, Pass, , Wed Jan 13 15:31:23 IST 2016, 11, 37, Admin: Company Settings: Rated Loan Categories: Add New Category, Pass, , Wed Jan 13 15:31:23 IST 2016, 11, 38, Admin: Company Settings: Rated Loan Categories: Add New Category, Pass, , Wed Jan 13 15:31:24 IST 2016]
[DEBUG][2016-01-13 15:31:24,047][com.java.ImportnExport.ExportTestResultsExcel] [  222] - testResultPath = D:\BankersDashboard/TestReports/Test Results_BankersDashBoard_011316_152918_IE10_Any Bank USA.xls
[DEBUG][2016-01-13 15:31:24,047][com.java.ImportnExport.ExportTestResultsExcel] [  223] - browser is------------IE10
[DEBUG][2016-01-13 15:31:24,047][com.java.ImportnExport.ExportTestResultsExcel] [  270] - result.size() = 222
[DEBUG][2016-01-13 15:31:24,047][com.java.ImportnExport.ExportTestResultsExcel] [  274] - No of rows in sheet=2
[DEBUG][2016-01-13 15:31:24,047][com.java.ImportnExport.ExportTestResultsExcel] [  301] - ..in export..11
[DEBUG][2016-01-13 15:31:24,047][com.java.ImportnExport.ExportTestResultsExcel] [  301] - ..in export..Admin: Company Settings: Rated Loan Categories: Add New Category
[DEBUG][2016-01-13 15:31:24,047][com.java.ImportnExport.ExportTestResultsExcel] [  301] - ..in export..Pass
[DEBUG][2016-01-13 15:31:24,047][com.java.ImportnExport.ExportTestResultsExcel] [  301] - ..in export..
[DEBUG][2016-01-13 15:31:24,047][com.java.ImportnExport.ExportTestResultsExcel] [  301] - ..in export..Wed Jan 13 15:30:08 IST 2016
[INFO ][2016-01-13 15:31:24,047][com.java.SeleniumDriver] [ 1337] - out loop:1 size:2 TestCases:[1, 11] testcases:[1, 11]
[INFO ][2016-01-13 15:31:26,054][com.java.SeleniumDriver] [ 1380] - Total Number of Cases:2
[INFO ][2016-01-13 15:31:26,054][com.java.TemplateGenerator] [  302] - Executed:2
[INFO ][2016-01-13 15:31:26,054][com.java.TemplateGenerator] [  303] - Passed:2
[INFO ][2016-01-13 15:31:26,054][com.java.TemplateGenerator] [  304] - Failed:0
[INFO ][2016-01-13 15:31:26,054][com.java.TemplateGenerator] [  305] - Skipeed:0
[INFO ][2016-01-13 15:31:26,054][com.java.TemplateGenerator] [  306] - Application URL:https://clients-xuat.bankersdashboard.com
[INFO ][2016-01-13 15:31:26,054][com.java.TemplateGenerator] [  307] - Start Time:011316_152918
[INFO ][2016-01-13 15:31:26,054][com.java.TemplateGenerator] [  308] -  Creating HTML Report 
[ERROR][2016-01-13 15:31:26,054][com.java.TemplateGenerator] [  409] - Unparseable date: "Wed Jan 13 03:29:18 IST 2016"
[INFO ][2016-01-13 15:31:26,054][com.java.TemplateGenerator] [  654] -  Exporting case :: 1
[INFO ][2016-01-13 15:31:26,054][com.java.TemplateGenerator] [  654] -  Exporting case :: 11
[INFO ][2016-01-13 15:31:26,054][com.java.SeleniumDriver] [ 1429] - End Time:011316_153126
[INFO ][2016-01-13 15:31:26,054][com.java.SeleniumDriver] [ 1432] - Data in Test Execution Details:{1=PASS, 11=PASS}
[INFO ][2016-01-13 15:31:26,054][com.java.SeleniumDriver] [ 1433] - Data in Failed Execution Deatils:{}
[INFO ][2016-01-13 15:31:26,054][com.java.SeleniumDriver] [ 1435] - ReportCounter:Total:2 :: PASS: 2 ::FAIL: 0
[INFO ][2016-01-13 15:31:26,054][com.java.SeleniumDriver] [ 1436] - FailedReportCounter:Total:0 :: PASS: 0 ::FAIL: 0
[INFO ][2016-01-13 15:31:26,055][com.java.EmailTestReport] [   63] - Sending report mail details:
[INFO ][2016-01-13 15:31:26,055][com.java.EmailTestReport] [   80] - Excel Report Path:D:\BankersDashboard/TestReports/Test Results_BankersDashBoard_011316_152918_IE10_Any Bank USA.xls
[INFO ][2016-01-13 15:31:26,055][com.java.EmailTestReport] [   81] - HTML Report Path:D:\BankersDashboard//TestReports//Test Results_BankersDashBoard_011316_152918_IE10_Any Bank USA.html
[INFO ][2016-01-13 15:31:26,055][com.java.EmailTestReport] [   82] - smtpHostName:mail01.valuelabs.com
[INFO ][2016-01-13 15:31:26,055][com.java.EmailTestReport] [   83] - Recipient:venkateswararao.gubbala@valuelabs.com;
[INFO ][2016-01-13 15:31:26,055][com.java.EmailTestReport] [   84] - From:venkateswararao.gubbala@valuelabs.com;
[INFO ][2016-01-13 15:31:26,055][com.java.EmailTestReport] [   85] - Subject:Deluxe Corp Bankers Dashboard Automation Test Report - Any Bank USA - IE10
[INFO ][2016-01-13 15:31:26,085][com.java.EmailTestReport] [  143] -  Added venkateswararao.gubbala@valuelabs.com
[INFO ][2016-01-13 15:31:29,197][com.java.SeleniumDriver] [  722] - quitting the browser 
[INFO ][2016-01-13 15:31:30,432][com.java.SeleniumDriver] [  264] - Execution Completed Stopping the thread
