[INFO ][2015-11-09 14:45:56,571][com.java.SeleniumDriver] [  213] - Execute Failed Casesfalse
[INFO ][2015-11-09 14:45:56,587][com.java.SeleniumDriver] [  214] - Browser: IE11
[INFO ][2015-11-09 14:45:56,587][com.java.SeleniumDriver] [  215] - [11, 7, 10]
[INFO ][2015-11-09 14:45:56,587][com.java.SeleniumDriver] [  216] - Total TestCases:3
[INFO ][2015-11-09 14:45:56,587][com.java.SeleniumDriver] [  217] -  Reading Properties from Property File 
[DEBUG][2015-11-09 14:45:56,587][com.java.SeleniumDriver] [  238] - url : https://clients-xuat.bankersdashboard.com
[INFO ][2015-11-09 14:45:56,587][com.java.ImportnExport.ExportTestResultsExcel] [  116] - Time Stamp Mon Nov 09 02:45:56 IST 2015
[INFO ][2015-11-09 14:45:56,587][com.java.ImportnExport.ExportTestResultsExcel] [  175] - OUT FILE : D:\BankersDashboard/TestReports/Test Results_BankersDashBoard_110915_144556_IE11_Bank of North Carolina.xls
[INFO ][2015-11-09 14:45:56,619][com.java.ImportnExport.ExportTestResultsExcel] [  180] - Test Result file is created
[DEBUG][2015-11-09 14:45:56,713][com.java.SeleniumDriver] [  425] - Hub ip address is-------172.17.68.34
[INFO ][2015-11-09 14:45:56,713][com.java.SeleniumDriver] [  451] - Grid URL:http://172.17.68.34:4444/wd/hub
[INFO ][2015-11-09 14:45:56,713][com.java.SeleniumDriver] [  452] - Capability:Capabilities [{platform=ANY, ensureCleanSession=true, ignoreProtectedModeSettings=true, acceptSslCerts=true, ignoreZoomSetting=true, browserName=internet explorer, browserstack.ie.noFlash=true, version=Node1}]
[ERROR][2015-11-09 14:45:58,007][com.java.SeleniumDriver] [  496] - Unable invoke browser in grid:Could not start a new session. Possible causes are invalid address of the remote server or browser start-up failure.
Build info: version: '2.48.2', revision: '41bccdd', time: '2015-10-09 19:59:12'
System info: host: 'FVTIII438F1D', ip: '172.17.68.34', os.name: 'Windows 7', os.arch: 'x86', os.version: '6.1', java.version: '1.7.0_55'
Driver info: driver.version: SeleniumDriver
[INFO ][2015-11-09 14:45:58,007][com.java.SeleniumDriver] [  498] - Executing on local machine
[INFO ][2015-11-09 14:46:09,839][com.java.SeleniumDriver] [  248] - IE11is opened
[INFO ][2015-11-09 14:46:10,684][com.java.SeleniumDriver] [  752] - Test cases to be executed are: [11, 7, 10]
[INFO ][2015-11-09 14:46:10,684][com.java.ImportnExport.ImportTestDataDetailsExcel] [   49] - test data details path===== D:\BankersDashboard\TestInputs\TestData.xls
[INFO ][2015-11-09 14:46:21,471][com.java.SeleniumDriver] [  788] - ------------------------------------------
[INFO ][2015-11-09 14:46:21,471][com.java.SeleniumDriver] [  789] - Test case being Executed: 11
[INFO ][2015-11-09 14:46:21,472][com.java.SeleniumDriver] [  800] - Test step:1
[INFO ][2015-11-09 14:46:21,472][com.java.SeleniumDriver] [  812] - Datavalue is----------Logout
[INFO ][2015-11-09 14:46:21,472][com.java.SeleniumDriver] [  836] - DataField : BTN
[INFO ][2015-11-09 14:46:21,472][com.java.SeleniumDriver] [  838] - DataValue : Logout
[INFO ][2015-11-09 14:46:21,472][com.java.SeleniumDriver] [  844] - <In Set values of the page>
[INFO ][2015-11-09 14:46:21,472][com.java.SeleniumDriver] [  847] - {Data Fields & Data Values Exist}
[INFO ][2015-11-09 14:46:21,472][com.java.SeleniumDriver] [  849] - --------------------------setting values-----------------------------
[INFO ][2015-11-09 14:46:21,472][com.java.SeleniumDriver] [  852] - Action Type : Verify
[INFO ][2015-11-09 14:46:21,503][com.java.TestType] [ 5204] - field= BTN value= Logout
[INFO ][2015-11-09 14:46:21,503][com.java.TestType] [ 4078] - value = Logout
[ERROR][2015-11-09 14:46:39,395][com.java.TestType] [ 5673] - Assertion Error: 
[INFO ][2015-11-09 14:46:39,395][com.java.SeleniumDriver] [  861] -  RESULT false
[INFO ][2015-11-09 14:46:39,395][com.java.SeleniumDriver] [  908] - ?   F A I L   ?
[INFO ][2015-11-09 14:46:39,395][com.java.SeleniumDriver] [  916] - Browser Type : IE11
[INFO ][2015-11-09 14:46:39,395][com.java.SeleniumDriver] [  917] - Adding Failed case11
[DEBUG][2015-11-09 14:46:39,489][com.java.SeleniumDriver] [  984] -  tdd.getCondition() IF:3:Next
[INFO ][2015-11-09 14:46:39,489][com.java.SeleniumDriver] [  988] - Continue next step...
[INFO ][2015-11-09 14:46:39,489][com.java.SeleniumDriver] [  788] - ------------------------------------------
[INFO ][2015-11-09 14:46:39,489][com.java.SeleniumDriver] [  789] - Test case being Executed: 11
[INFO ][2015-11-09 14:46:39,489][com.java.SeleniumDriver] [  800] - Test step:2
[INFO ][2015-11-09 14:46:39,489][com.java.SeleniumDriver] [  812] - Datavalue is----------dt:HTTPURL
[INFO ][2015-11-09 14:46:39,489][com.java.SeleniumDriver] [  836] - DataField : null
[INFO ][2015-11-09 14:46:39,489][com.java.SeleniumDriver] [  838] - DataValue : dt:HTTPURL
[INFO ][2015-11-09 14:46:39,489][com.java.SeleniumDriver] [  844] - <In Set values of the page>
[INFO ][2015-11-09 14:46:39,489][com.java.SeleniumDriver] [  847] - {Data Fields & Data Values Exist}
[INFO ][2015-11-09 14:46:39,489][com.java.SeleniumDriver] [  849] - --------------------------setting values-----------------------------
[INFO ][2015-11-09 14:46:39,489][com.java.SeleniumDriver] [  852] - Action Type : OpenURL
[INFO ][2015-11-09 14:46:39,489][com.java.TestType] [ 4078] - value = http://clients-xuat.bankersdashboard.com
[INFO ][2015-11-09 14:46:39,489][com.java.TestType] [  340] - Open URL : http://clients-xuat.bankersdashboard.com
[INFO ][2015-11-09 14:46:40,740][com.java.SeleniumDriver] [  861] -  RESULT true
[INFO ][2015-11-09 14:46:40,740][com.java.SeleniumDriver] [ 1066] - ?   P A S S   ?
[INFO ][2015-11-09 14:46:40,740][com.java.SeleniumDriver] [  788] - ------------------------------------------
[INFO ][2015-11-09 14:46:40,740][com.java.SeleniumDriver] [  789] - Test case being Executed: 11
[INFO ][2015-11-09 14:46:40,740][com.java.SeleniumDriver] [  800] - Test step:3
[INFO ][2015-11-09 14:46:40,740][com.java.SeleniumDriver] [  812] - Datavalue is----------Concept#1:1-14
[INFO ][2015-11-09 14:46:40,740][com.java.SeleniumDriver] [  836] - DataField : test
[INFO ][2015-11-09 14:46:40,740][com.java.SeleniumDriver] [  838] - DataValue : Concept#1:1-14
[INFO ][2015-11-09 14:46:40,740][com.java.SeleniumDriver] [  844] - <In Set values of the page>
[INFO ][2015-11-09 14:46:40,740][com.java.SeleniumDriver] [  847] - {Data Fields & Data Values Exist}
[INFO ][2015-11-09 14:46:40,740][com.java.SeleniumDriver] [  849] - --------------------------setting values-----------------------------
[INFO ][2015-11-09 14:46:40,740][com.java.SeleniumDriver] [  852] - Action Type : ExecuteTestCase
[INFO ][2015-11-09 14:46:40,740][com.java.TestType] [  422] - The Concept sheet name is ---------- Concept
[INFO ][2015-11-09 14:46:40,740][com.java.TestType] [  425] - The Concept ID  is ---------- 1
[DEBUG][2015-11-09 14:46:40,740][com.java.TestType] [  429] - Steps being executted in the Concept are: 1:14
[INFO ][2015-11-09 14:46:40,740][com.java.TestType] [  436] - Test data details path ---------- D:\BankersDashboard\TestInputs\TestData.xls
[INFO ][2015-11-09 14:46:40,745][com.java.TestType] [  467] -  str(1) = 1
[INFO ][2015-11-09 14:46:40,745][com.java.TestType] [  470] - Test case Id is---1
[INFO ][2015-11-09 14:46:40,745][com.java.TestType] [  472] - 1
[INFO ][2015-11-09 14:46:40,745][com.java.TestType] [  467] -  str(2) = 1
[INFO ][2015-11-09 14:46:40,747][com.java.TestType] [  519] - row values are--------{1=com.java.Objects.TestDataDetails@159774c}
[INFO ][2015-11-09 14:46:40,747][com.java.TestType] [  467] -  str(1) = 1
[INFO ][2015-11-09 14:46:40,748][com.java.TestType] [  470] - Test case Id is---1
[INFO ][2015-11-09 14:46:40,748][com.java.TestType] [  472] - 1
[INFO ][2015-11-09 14:46:40,748][com.java.TestType] [  467] -  str(2) = 2
[INFO ][2015-11-09 14:46:40,749][com.java.TestType] [  519] - row values are--------{1=com.java.Objects.TestDataDetails@159774c, 2=com.java.Objects.TestDataDetails@1b10fd4}
[INFO ][2015-11-09 14:46:40,749][com.java.TestType] [  467] -  str(1) = 1
[INFO ][2015-11-09 14:46:40,749][com.java.TestType] [  470] - Test case Id is---1
[INFO ][2015-11-09 14:46:40,749][com.java.TestType] [  472] - 1
[INFO ][2015-11-09 14:46:40,749][com.java.TestType] [  467] -  str(2) = 3
[INFO ][2015-11-09 14:46:40,751][com.java.TestType] [  519] - row values are--------{1=com.java.Objects.TestDataDetails@159774c, 2=com.java.Objects.TestDataDetails@1b10fd4, 3=com.java.Objects.TestDataDetails@b90a40}
[INFO ][2015-11-09 14:46:40,751][com.java.TestType] [  467] -  str(1) = 1
[INFO ][2015-11-09 14:46:40,766][com.java.TestType] [  470] - Test case Id is---1
[INFO ][2015-11-09 14:46:40,766][com.java.TestType] [  472] - 1
[INFO ][2015-11-09 14:46:40,766][com.java.TestType] [  467] -  str(2) = 4
[INFO ][2015-11-09 14:46:40,782][com.java.TestType] [  519] - row values are--------{1=com.java.Objects.TestDataDetails@159774c, 2=com.java.Objects.TestDataDetails@1b10fd4, 3=com.java.Objects.TestDataDetails@b90a40, 4=com.java.Objects.TestDataDetails@e280ec}
[INFO ][2015-11-09 14:46:40,782][com.java.TestType] [  467] -  str(1) = 1
[INFO ][2015-11-09 14:46:40,782][com.java.TestType] [  470] - Test case Id is---1
[INFO ][2015-11-09 14:46:40,782][com.java.TestType] [  472] - 1
[INFO ][2015-11-09 14:46:40,782][com.java.TestType] [  467] -  str(2) = 5
[INFO ][2015-11-09 14:46:40,782][com.java.TestType] [  519] - row values are--------{1=com.java.Objects.TestDataDetails@159774c, 2=com.java.Objects.TestDataDetails@1b10fd4, 3=com.java.Objects.TestDataDetails@b90a40, 4=com.java.Objects.TestDataDetails@e280ec, 5=com.java.Objects.TestDataDetails@1577f8b}
[INFO ][2015-11-09 14:46:40,782][com.java.TestType] [  467] -  str(1) = 1
[INFO ][2015-11-09 14:46:40,782][com.java.TestType] [  470] - Test case Id is---1
[INFO ][2015-11-09 14:46:40,782][com.java.TestType] [  472] - 1
[INFO ][2015-11-09 14:46:40,782][com.java.TestType] [  467] -  str(2) = 6
[INFO ][2015-11-09 14:46:40,782][com.java.TestType] [  519] - row values are--------{1=com.java.Objects.TestDataDetails@159774c, 2=com.java.Objects.TestDataDetails@1b10fd4, 3=com.java.Objects.TestDataDetails@b90a40, 4=com.java.Objects.TestDataDetails@e280ec, 5=com.java.Objects.TestDataDetails@1577f8b, 6=com.java.Objects.TestDataDetails@45a690}
[INFO ][2015-11-09 14:46:40,782][com.java.TestType] [  467] -  str(1) = 1
[INFO ][2015-11-09 14:46:40,782][com.java.TestType] [  470] - Test case Id is---1
[INFO ][2015-11-09 14:46:40,782][com.java.TestType] [  472] - 1
[INFO ][2015-11-09 14:46:40,782][com.java.TestType] [  467] -  str(2) = 7
[INFO ][2015-11-09 14:46:40,782][com.java.TestType] [  519] - row values are--------{1=com.java.Objects.TestDataDetails@159774c, 2=com.java.Objects.TestDataDetails@1b10fd4, 3=com.java.Objects.TestDataDetails@b90a40, 4=com.java.Objects.TestDataDetails@e280ec, 5=com.java.Objects.TestDataDetails@1577f8b, 6=com.java.Objects.TestDataDetails@45a690, 7=com.java.Objects.TestDataDetails@201c15}
[INFO ][2015-11-09 14:46:40,782][com.java.TestType] [  467] -  str(1) = 1
[INFO ][2015-11-09 14:46:40,782][com.java.TestType] [  470] - Test case Id is---1
[INFO ][2015-11-09 14:46:40,782][com.java.TestType] [  472] - 1
[INFO ][2015-11-09 14:46:40,782][com.java.TestType] [  467] -  str(2) = 8
[INFO ][2015-11-09 14:46:40,782][com.java.TestType] [  519] - row values are--------{1=com.java.Objects.TestDataDetails@159774c, 2=com.java.Objects.TestDataDetails@1b10fd4, 3=com.java.Objects.TestDataDetails@b90a40, 4=com.java.Objects.TestDataDetails@e280ec, 5=com.java.Objects.TestDataDetails@1577f8b, 6=com.java.Objects.TestDataDetails@45a690, 7=com.java.Objects.TestDataDetails@201c15, 8=com.java.Objects.TestDataDetails@1182c3d}
[INFO ][2015-11-09 14:46:40,782][com.java.TestType] [  467] -  str(1) = 1
[INFO ][2015-11-09 14:46:40,782][com.java.TestType] [  470] - Test case Id is---1
[INFO ][2015-11-09 14:46:40,782][com.java.TestType] [  472] - 1
[INFO ][2015-11-09 14:46:40,782][com.java.TestType] [  467] -  str(2) = 9
[INFO ][2015-11-09 14:46:40,782][com.java.TestType] [  519] - row values are--------{1=com.java.Objects.TestDataDetails@159774c, 2=com.java.Objects.TestDataDetails@1b10fd4, 3=com.java.Objects.TestDataDetails@b90a40, 4=com.java.Objects.TestDataDetails@e280ec, 5=com.java.Objects.TestDataDetails@1577f8b, 6=com.java.Objects.TestDataDetails@45a690, 7=com.java.Objects.TestDataDetails@201c15, 8=com.java.Objects.TestDataDetails@1182c3d, 9=com.java.Objects.TestDataDetails@1af19d7}
[INFO ][2015-11-09 14:46:40,782][com.java.TestType] [  467] -  str(1) = 1
[INFO ][2015-11-09 14:46:40,782][com.java.TestType] [  470] - Test case Id is---1
[INFO ][2015-11-09 14:46:40,782][com.java.TestType] [  472] - 1
[INFO ][2015-11-09 14:46:40,782][com.java.TestType] [  467] -  str(2) = 10
[INFO ][2015-11-09 14:46:40,782][com.java.TestType] [  519] - row values are--------{1=com.java.Objects.TestDataDetails@159774c, 2=com.java.Objects.TestDataDetails@1b10fd4, 3=com.java.Objects.TestDataDetails@b90a40, 4=com.java.Objects.TestDataDetails@e280ec, 5=com.java.Objects.TestDataDetails@1577f8b, 6=com.java.Objects.TestDataDetails@45a690, 7=com.java.Objects.TestDataDetails@201c15, 8=com.java.Objects.TestDataDetails@1182c3d, 9=com.java.Objects.TestDataDetails@1af19d7, 10=com.java.Objects.TestDataDetails@d58deb}
[INFO ][2015-11-09 14:46:40,782][com.java.TestType] [  467] -  str(1) = 1
[INFO ][2015-11-09 14:46:40,782][com.java.TestType] [  470] - Test case Id is---1
[INFO ][2015-11-09 14:46:40,782][com.java.TestType] [  472] - 1
[INFO ][2015-11-09 14:46:40,782][com.java.TestType] [  467] -  str(2) = 11
[INFO ][2015-11-09 14:46:40,782][com.java.TestType] [  519] - row values are--------{1=com.java.Objects.TestDataDetails@159774c, 2=com.java.Objects.TestDataDetails@1b10fd4, 3=com.java.Objects.TestDataDetails@b90a40, 4=com.java.Objects.TestDataDetails@e280ec, 5=com.java.Objects.TestDataDetails@1577f8b, 6=com.java.Objects.TestDataDetails@45a690, 7=com.java.Objects.TestDataDetails@201c15, 8=com.java.Objects.TestDataDetails@1182c3d, 9=com.java.Objects.TestDataDetails@1af19d7, 10=com.java.Objects.TestDataDetails@d58deb, 11=com.java.Objects.TestDataDetails@192492a}
[INFO ][2015-11-09 14:46:40,782][com.java.TestType] [  467] -  str(1) = 1
[INFO ][2015-11-09 14:46:40,782][com.java.TestType] [  470] - Test case Id is---1
[INFO ][2015-11-09 14:46:40,782][com.java.TestType] [  472] - 1
[INFO ][2015-11-09 14:46:40,782][com.java.TestType] [  467] -  str(2) = 12
[INFO ][2015-11-09 14:46:40,782][com.java.TestType] [  519] - row values are--------{1=com.java.Objects.TestDataDetails@159774c, 2=com.java.Objects.TestDataDetails@1b10fd4, 3=com.java.Objects.TestDataDetails@b90a40, 4=com.java.Objects.TestDataDetails@e280ec, 5=com.java.Objects.TestDataDetails@1577f8b, 6=com.java.Objects.TestDataDetails@45a690, 7=com.java.Objects.TestDataDetails@201c15, 8=com.java.Objects.TestDataDetails@1182c3d, 9=com.java.Objects.TestDataDetails@1af19d7, 10=com.java.Objects.TestDataDetails@d58deb, 11=com.java.Objects.TestDataDetails@192492a, 12=com.java.Objects.TestDataDetails@19fd430}
[INFO ][2015-11-09 14:46:40,782][com.java.TestType] [  467] -  str(1) = 1
[INFO ][2015-11-09 14:46:40,782][com.java.TestType] [  470] - Test case Id is---1
[INFO ][2015-11-09 14:46:40,782][com.java.TestType] [  472] - 1
[INFO ][2015-11-09 14:46:40,782][com.java.TestType] [  467] -  str(2) = 13
[INFO ][2015-11-09 14:46:40,782][com.java.TestType] [  519] - row values are--------{1=com.java.Objects.TestDataDetails@159774c, 2=com.java.Objects.TestDataDetails@1b10fd4, 3=com.java.Objects.TestDataDetails@b90a40, 4=com.java.Objects.TestDataDetails@e280ec, 5=com.java.Objects.TestDataDetails@1577f8b, 6=com.java.Objects.TestDataDetails@45a690, 7=com.java.Objects.TestDataDetails@201c15, 8=com.java.Objects.TestDataDetails@1182c3d, 9=com.java.Objects.TestDataDetails@1af19d7, 10=com.java.Objects.TestDataDetails@d58deb, 11=com.java.Objects.TestDataDetails@192492a, 12=com.java.Objects.TestDataDetails@19fd430, 13=com.java.Objects.TestDataDetails@a0718c}
[INFO ][2015-11-09 14:46:40,782][com.java.TestType] [  467] -  str(1) = 1
[INFO ][2015-11-09 14:46:40,782][com.java.TestType] [  470] - Test case Id is---1
[INFO ][2015-11-09 14:46:40,782][com.java.TestType] [  472] - 1
[INFO ][2015-11-09 14:46:40,782][com.java.TestType] [  467] -  str(2) = 14
[INFO ][2015-11-09 14:46:40,782][com.java.TestType] [  519] - row values are--------{1=com.java.Objects.TestDataDetails@159774c, 2=com.java.Objects.TestDataDetails@1b10fd4, 3=com.java.Objects.TestDataDetails@b90a40, 4=com.java.Objects.TestDataDetails@e280ec, 5=com.java.Objects.TestDataDetails@1577f8b, 6=com.java.Objects.TestDataDetails@45a690, 7=com.java.Objects.TestDataDetails@201c15, 8=com.java.Objects.TestDataDetails@1182c3d, 9=com.java.Objects.TestDataDetails@1af19d7, 10=com.java.Objects.TestDataDetails@d58deb, 11=com.java.Objects.TestDataDetails@192492a, 12=com.java.Objects.TestDataDetails@19fd430, 13=com.java.Objects.TestDataDetails@a0718c, 14=com.java.Objects.TestDataDetails@156fc56}
[INFO ][2015-11-09 14:46:40,782][com.java.TestType] [ 8228] - Looping 1TCID = 1
[DEBUG][2015-11-09 14:46:40,782][com.java.TestType] [ 8269] - Concept ID:1 :: Step being Executed: 1::1
[INFO ][2015-11-09 14:46:40,782][com.java.TestType] [ 8307] - dataFields : TXTusername
[DEBUG][2015-11-09 14:46:40,782][com.java.TestType] [ 8313] - <In Set values of the page>
[DEBUG][2015-11-09 14:46:40,782][com.java.TestType] [ 8318] - {Data Fields & Data Values Exist}
[INFO ][2015-11-09 14:46:40,782][com.java.TestType] [ 8324] - --------------------------setting values-----------------------------
[INFO ][2015-11-09 14:46:40,782][com.java.TestType] [ 8327] - Action Type : CLEARANDENTER
[INFO ][2015-11-09 14:46:40,782][com.java.TestType] [ 4078] - value = valuelabs.ie11.33527
[INFO ][2015-11-09 14:46:45,843][com.java.TestType] [ 8346] -  RESULT true
[INFO ][2015-11-09 14:46:45,843][com.java.TestType] [ 8463] - ?   P A S S   ?
[DEBUG][2015-11-09 14:46:45,843][com.java.TestType] [ 8269] - Concept ID:1 :: Step being Executed: 1::2
[INFO ][2015-11-09 14:46:45,843][com.java.TestType] [ 8307] - dataFields : TXTpassword
[DEBUG][2015-11-09 14:46:45,843][com.java.TestType] [ 8313] - <In Set values of the page>
[DEBUG][2015-11-09 14:46:45,843][com.java.TestType] [ 8318] - {Data Fields & Data Values Exist}
[INFO ][2015-11-09 14:46:45,843][com.java.TestType] [ 8324] - --------------------------setting values-----------------------------
[INFO ][2015-11-09 14:46:45,843][com.java.TestType] [ 8327] - Action Type : CLEARANDENTER
[INFO ][2015-11-09 14:46:45,843][com.java.TestType] [ 4078] - value = Password1*
[INFO ][2015-11-09 14:46:51,002][com.java.TestType] [ 8346] -  RESULT true
[INFO ][2015-11-09 14:46:51,002][com.java.TestType] [ 8463] - ?   P A S S   ?
[DEBUG][2015-11-09 14:46:51,002][com.java.TestType] [ 8269] - Concept ID:1 :: Step being Executed: 1::3
[ERROR][2015-11-09 14:46:51,002][com.java.TestType] [ 8302] - Exception: null
[INFO ][2015-11-09 14:46:51,002][com.java.TestType] [ 8307] - dataFields : XPH//button[@type='submit']
[DEBUG][2015-11-09 14:46:51,002][com.java.TestType] [ 8313] - <In Set values of the page>
[DEBUG][2015-11-09 14:46:51,002][com.java.TestType] [ 8318] - {Data Fields & Data Values Exist}
[INFO ][2015-11-09 14:46:51,002][com.java.TestType] [ 8324] - --------------------------setting values-----------------------------
[INFO ][2015-11-09 14:46:51,002][com.java.TestType] [ 8327] - Action Type : Click
[INFO ][2015-11-09 14:46:51,002][com.java.TestType] [ 4391] - Field ::XPH//button[@type='submit']
[INFO ][2015-11-09 14:46:52,004][com.java.TestType] [ 4450] - BEFORE CLICK
[INFO ][2015-11-09 14:46:52,896][com.java.TestType] [ 4458] - Unable to click the object Login
[INFO ][2015-11-09 14:46:52,896][com.java.TestType] [ 8346] -  RESULT true
[INFO ][2015-11-09 14:46:52,896][com.java.TestType] [ 8463] - ?   P A S S   ?
[DEBUG][2015-11-09 14:46:52,896][com.java.TestType] [ 8269] - Concept ID:1 :: Step being Executed: 1::4
[INFO ][2015-11-09 14:46:52,896][com.java.TestType] [ 8307] - dataFields : LNKLogout
[DEBUG][2015-11-09 14:46:52,896][com.java.TestType] [ 8313] - <In Set values of the page>
[DEBUG][2015-11-09 14:46:52,896][com.java.TestType] [ 8318] - {Data Fields & Data Values Exist}
[INFO ][2015-11-09 14:46:52,896][com.java.TestType] [ 8324] - --------------------------setting values-----------------------------
[INFO ][2015-11-09 14:46:52,896][com.java.TestType] [ 8327] - Action Type : WaitForElement
[INFO ][2015-11-09 14:47:13,244][com.java.TestType] [ 8346] -  RESULT true
[INFO ][2015-11-09 14:47:13,244][com.java.TestType] [ 8463] - ?   P A S S   ?
[DEBUG][2015-11-09 14:47:13,244][com.java.TestType] [ 8269] - Concept ID:1 :: Step being Executed: 1::13
[INFO ][2015-11-09 14:47:13,244][com.java.TestType] [ 8307] - dataFields : LNK
[DEBUG][2015-11-09 14:47:13,244][com.java.TestType] [ 8313] - <In Set values of the page>
[DEBUG][2015-11-09 14:47:13,244][com.java.TestType] [ 8318] - {Data Fields & Data Values Exist}
[INFO ][2015-11-09 14:47:13,244][com.java.TestType] [ 8324] - --------------------------setting values-----------------------------
[INFO ][2015-11-09 14:47:13,244][com.java.TestType] [ 8327] - Action Type : Verify
[INFO ][2015-11-09 14:47:13,244][com.java.TestType] [ 5204] - field= LNK value= Logout
[INFO ][2015-11-09 14:47:13,244][com.java.TestType] [ 4078] - value = Logout
[INFO ][2015-11-09 14:47:13,342][com.java.TestType] [ 8346] -  RESULT true
[INFO ][2015-11-09 14:47:13,342][com.java.TestType] [ 8463] - ?   P A S S   ?
[DEBUG][2015-11-09 14:47:13,342][com.java.TestType] [ 8269] - Concept ID:1 :: Step being Executed: 1::14
[INFO ][2015-11-09 14:47:13,342][com.java.TestType] [ 8307] - dataFields : BTN
[DEBUG][2015-11-09 14:47:13,342][com.java.TestType] [ 8313] - <In Set values of the page>
[DEBUG][2015-11-09 14:47:13,342][com.java.TestType] [ 8318] - {Data Fields & Data Values Exist}
[INFO ][2015-11-09 14:47:13,342][com.java.TestType] [ 8324] - --------------------------setting values-----------------------------
[INFO ][2015-11-09 14:47:13,342][com.java.TestType] [ 8327] - Action Type : Verify
[INFO ][2015-11-09 14:47:13,342][com.java.TestType] [ 5204] - field= BTN value= //img[contains(@src,'bdlogo.jpg')]
[INFO ][2015-11-09 14:47:13,342][com.java.TestType] [ 4078] - value = //img[contains(@src,'bdlogo.jpg')]
[INFO ][2015-11-09 14:47:13,373][com.java.TestType] [ 8346] -  RESULT true
[INFO ][2015-11-09 14:47:13,373][com.java.TestType] [ 8463] - ?   P A S S   ?
[INFO ][2015-11-09 14:47:13,373][com.java.TestType] [ 8534] - Looping End......
[INFO ][2015-11-09 14:47:13,373][com.java.SeleniumDriver] [  861] -  RESULT true
[INFO ][2015-11-09 14:47:13,373][com.java.SeleniumDriver] [ 1066] - ?   P A S S   ?
[INFO ][2015-11-09 14:47:13,373][com.java.SeleniumDriver] [  788] - ------------------------------------------
[INFO ][2015-11-09 14:47:13,373][com.java.SeleniumDriver] [  789] - Test case being Executed: 11
[INFO ][2015-11-09 14:47:13,373][com.java.SeleniumDriver] [  800] - Test step:4
[INFO ][2015-11-09 14:47:13,373][com.java.SeleniumDriver] [  812] - Datavalue is----------Concept#2:1-2
[INFO ][2015-11-09 14:47:13,373][com.java.SeleniumDriver] [  836] - DataField : test
[INFO ][2015-11-09 14:47:13,373][com.java.SeleniumDriver] [  838] - DataValue : Concept#2:1-2
[INFO ][2015-11-09 14:47:13,373][com.java.SeleniumDriver] [  844] - <In Set values of the page>
[INFO ][2015-11-09 14:47:13,373][com.java.SeleniumDriver] [  847] - {Data Fields & Data Values Exist}
[INFO ][2015-11-09 14:47:13,373][com.java.SeleniumDriver] [  849] - --------------------------setting values-----------------------------
[INFO ][2015-11-09 14:47:13,373][com.java.SeleniumDriver] [  852] - Action Type : ExecuteTestCase
[INFO ][2015-11-09 14:47:13,373][com.java.TestType] [  422] - The Concept sheet name is ---------- Concept
[INFO ][2015-11-09 14:47:13,373][com.java.TestType] [  425] - The Concept ID  is ---------- 2
[DEBUG][2015-11-09 14:47:13,373][com.java.TestType] [  429] - Steps being executted in the Concept are: 1:2
[INFO ][2015-11-09 14:47:13,373][com.java.TestType] [  436] - Test data details path ---------- D:\BankersDashboard\TestInputs\TestData.xls
[INFO ][2015-11-09 14:47:13,404][com.java.TestType] [  467] -  str(1) = 2
[INFO ][2015-11-09 14:47:13,404][com.java.TestType] [  470] - Test case Id is---2
[INFO ][2015-11-09 14:47:13,404][com.java.TestType] [  472] - 2
[INFO ][2015-11-09 14:47:13,404][com.java.TestType] [  467] -  str(2) = 1
[INFO ][2015-11-09 14:47:13,404][com.java.TestType] [  519] - row values are--------{1=com.java.Objects.TestDataDetails@4df951}
[INFO ][2015-11-09 14:47:13,404][com.java.TestType] [  467] -  str(1) = 2
[INFO ][2015-11-09 14:47:13,404][com.java.TestType] [  470] - Test case Id is---2
[INFO ][2015-11-09 14:47:13,404][com.java.TestType] [  472] - 2
[INFO ][2015-11-09 14:47:13,404][com.java.TestType] [  467] -  str(2) = 2
[INFO ][2015-11-09 14:47:13,404][com.java.TestType] [  519] - row values are--------{1=com.java.Objects.TestDataDetails@4df951, 2=com.java.Objects.TestDataDetails@173d3b6}
[INFO ][2015-11-09 14:47:13,404][com.java.TestType] [  467] -  str(1) = 2
[INFO ][2015-11-09 14:47:13,404][com.java.TestType] [  470] - Test case Id is---2
[INFO ][2015-11-09 14:47:13,404][com.java.TestType] [  472] - 2
[INFO ][2015-11-09 14:47:13,404][com.java.TestType] [  467] -  str(2) = 3
[INFO ][2015-11-09 14:47:13,404][com.java.TestType] [  519] - row values are--------{1=com.java.Objects.TestDataDetails@4df951, 2=com.java.Objects.TestDataDetails@173d3b6, 3=com.java.Objects.TestDataDetails@cd9e86}
[INFO ][2015-11-09 14:47:13,404][com.java.TestType] [ 8228] - Looping 1TCID = 2
[DEBUG][2015-11-09 14:47:13,404][com.java.TestType] [ 8269] - Concept ID:2 :: Step being Executed: 2::1
[INFO ][2015-11-09 14:47:13,404][com.java.TestType] [ 8307] - dataFields : BNK//select[@id='bank']
[DEBUG][2015-11-09 14:47:13,404][com.java.TestType] [ 8313] - <In Set values of the page>
[DEBUG][2015-11-09 14:47:13,404][com.java.TestType] [ 8318] - {Data Fields & Data Values Exist}
[INFO ][2015-11-09 14:47:13,404][com.java.TestType] [ 8324] - --------------------------setting values-----------------------------
[INFO ][2015-11-09 14:47:13,404][com.java.TestType] [ 8327] - Action Type : Select
[INFO ][2015-11-09 14:47:13,404][com.java.TestType] [ 4078] - value = PFC
[INFO ][2015-11-09 14:47:13,622][com.java.TestType] [ 8346] -  RESULT true
[INFO ][2015-11-09 14:47:13,622][com.java.TestType] [ 8463] - ?   P A S S   ?
[DEBUG][2015-11-09 14:47:13,622][com.java.TestType] [ 8269] - Concept ID:2 :: Step being Executed: 2::2
[INFO ][2015-11-09 14:47:13,622][com.java.TestType] [ 8307] - dataFields : LNKLogout
[DEBUG][2015-11-09 14:47:13,622][com.java.TestType] [ 8313] - <In Set values of the page>
[DEBUG][2015-11-09 14:47:13,622][com.java.TestType] [ 8318] - {Data Fields & Data Values Exist}
[INFO ][2015-11-09 14:47:13,622][com.java.TestType] [ 8324] - --------------------------setting values-----------------------------
[INFO ][2015-11-09 14:47:13,622][com.java.TestType] [ 8327] - Action Type : WaitTime
[DEBUG][2015-11-09 14:47:13,622][com.java.TestType] [ 3913] - sleepTime: 5000
[INFO ][2015-11-09 14:47:18,630][com.java.TestType] [ 8346] -  RESULT true
[INFO ][2015-11-09 14:47:18,630][com.java.TestType] [ 8463] - ?   P A S S   ?
[INFO ][2015-11-09 14:47:18,630][com.java.TestType] [ 8534] - Looping End......
[INFO ][2015-11-09 14:47:18,630][com.java.SeleniumDriver] [  861] -  RESULT true
[INFO ][2015-11-09 14:47:18,630][com.java.SeleniumDriver] [ 1066] - ?   P A S S   ?
[INFO ][2015-11-09 14:47:18,630][com.java.SeleniumDriver] [  788] - ------------------------------------------
[INFO ][2015-11-09 14:47:18,630][com.java.SeleniumDriver] [  789] - Test case being Executed: 11
[INFO ][2015-11-09 14:47:18,630][com.java.SeleniumDriver] [  800] - Test step:5
[INFO ][2015-11-09 14:47:18,630][com.java.SeleniumDriver] [  812] - Datavalue is----------dt:HTTPSURL
[INFO ][2015-11-09 14:47:18,630][com.java.SeleniumDriver] [  836] - DataField : test
[INFO ][2015-11-09 14:47:18,630][com.java.SeleniumDriver] [  838] - DataValue : dt:HTTPSURL
[INFO ][2015-11-09 14:47:18,630][com.java.SeleniumDriver] [  844] - <In Set values of the page>
[INFO ][2015-11-09 14:47:18,630][com.java.SeleniumDriver] [  847] - {Data Fields & Data Values Exist}
[INFO ][2015-11-09 14:47:18,630][com.java.SeleniumDriver] [  849] - --------------------------setting values-----------------------------
[INFO ][2015-11-09 14:47:18,630][com.java.SeleniumDriver] [  852] - Action Type : VerifyURL
[INFO ][2015-11-09 14:47:18,662][com.java.TestType] [ 4078] - value = https://clients-xuat.bankersdashboard.com
[INFO ][2015-11-09 14:47:18,662][com.java.SeleniumDriver] [  861] -  RESULT true
[INFO ][2015-11-09 14:47:18,662][com.java.SeleniumDriver] [ 1066] - ?   P A S S   ?
[DEBUG][2015-11-09 14:47:18,662][com.java.SeleniumDriver] [ 1168] - Case found
[DEBUG][2015-11-09 14:47:18,662][com.java.SeleniumDriver] [ 1173] - Incrementing ReportCounters[0]:1
[INFO ][2015-11-09 14:47:18,662][com.java.SeleniumDriver] [ 1192] - The results are-------------------[11, 1, HTTP Url Redirect, Pass, , Mon Nov 09 14:46:39 IST 2015, 11, 2, HTTP Url Redirect, Pass, , Mon Nov 09 14:46:40 IST 2015, 11, 3, HTTP Url Redirect, Pass, , Mon Nov 09 14:47:13 IST 2015, 11, 4, HTTP Url Redirect, Pass, , Mon Nov 09 14:47:18 IST 2015, 11, 5, HTTP Url Redirect, Pass, , Mon Nov 09 14:47:18 IST 2015]
[INFO ][2015-11-09 14:47:18,662][com.java.SeleniumDriver] [ 1196] - End time is-------1 min 24 sec
[INFO ][2015-11-09 14:47:18,662][com.java.SeleniumDriver] [ 1197] - The results are-------------------[11, 1, HTTP Url Redirect, Pass, , Mon Nov 09 14:46:39 IST 2015, 11, 2, HTTP Url Redirect, Pass, , Mon Nov 09 14:46:40 IST 2015, 11, 3, HTTP Url Redirect, Pass, , Mon Nov 09 14:47:13 IST 2015, 11, 4, HTTP Url Redirect, Pass, , Mon Nov 09 14:47:18 IST 2015, 11, 5, HTTP Url Redirect, Pass, , Mon Nov 09 14:47:18 IST 2015]
[DEBUG][2015-11-09 14:47:18,662][com.java.ImportnExport.ExportTestResultsExcel] [  222] - testResultPath = D:\BankersDashboard/TestReports/Test Results_BankersDashBoard_110915_144556_IE11_Bank of North Carolina.xls
[DEBUG][2015-11-09 14:47:18,662][com.java.ImportnExport.ExportTestResultsExcel] [  223] - browser is------------IE11
[DEBUG][2015-11-09 14:47:18,693][com.java.ImportnExport.ExportTestResultsExcel] [  270] - result.size() = 30
[DEBUG][2015-11-09 14:47:18,693][com.java.ImportnExport.ExportTestResultsExcel] [  274] - No of rows in sheet=1
[DEBUG][2015-11-09 14:47:18,693][com.java.ImportnExport.ExportTestResultsExcel] [  301] - ..in export..11
[DEBUG][2015-11-09 14:47:18,693][com.java.ImportnExport.ExportTestResultsExcel] [  301] - ..in export..HTTP Url Redirect
[DEBUG][2015-11-09 14:47:18,693][com.java.ImportnExport.ExportTestResultsExcel] [  301] - ..in export..Pass
[DEBUG][2015-11-09 14:47:18,693][com.java.ImportnExport.ExportTestResultsExcel] [  301] - ..in export..
[DEBUG][2015-11-09 14:47:18,693][com.java.ImportnExport.ExportTestResultsExcel] [  301] - ..in export..Mon Nov 09 14:46:39 IST 2015
[INFO ][2015-11-09 14:47:18,693][com.java.SeleniumDriver] [ 1255] - out loop:0 size:3 TestCases:[11, 7, 10] testcases:[11, 7, 10]
[INFO ][2015-11-09 14:47:18,693][com.java.ImportnExport.ImportTestDataDetailsExcel] [   49] - test data details path===== D:\BankersDashboard\TestInputs\TestData.xls
[INFO ][2015-11-09 14:47:53,815][com.java.SeleniumDriver] [  788] - ------------------------------------------
[INFO ][2015-11-09 14:47:53,815][com.java.SeleniumDriver] [  789] - Test case being Executed: 7
[INFO ][2015-11-09 14:47:53,815][com.java.SeleniumDriver] [  800] - Test step:1
[INFO ][2015-11-09 14:47:53,815][com.java.SeleniumDriver] [  812] - Datavalue is----------Logout
[INFO ][2015-11-09 14:47:53,815][com.java.SeleniumDriver] [  836] - DataField : BTN
[INFO ][2015-11-09 14:47:53,815][com.java.SeleniumDriver] [  838] - DataValue : Logout
[INFO ][2015-11-09 14:47:53,815][com.java.SeleniumDriver] [  844] - <In Set values of the page>
[INFO ][2015-11-09 14:47:53,815][com.java.SeleniumDriver] [  847] - {Data Fields & Data Values Exist}
[INFO ][2015-11-09 14:47:53,815][com.java.SeleniumDriver] [  849] - --------------------------setting values-----------------------------
[INFO ][2015-11-09 14:47:53,815][com.java.SeleniumDriver] [  852] - Action Type : Verify
[INFO ][2015-11-09 14:47:53,815][com.java.TestType] [ 5204] - field= BTN value= Logout
[INFO ][2015-11-09 14:47:53,815][com.java.TestType] [ 4078] - value = Logout
[INFO ][2015-11-09 14:47:53,848][com.java.SeleniumDriver] [  861] -  RESULT true
[INFO ][2015-11-09 14:47:53,848][com.java.SeleniumDriver] [ 1066] - ?   P A S S   ?
[INFO ][2015-11-09 14:47:53,848][com.java.SeleniumDriver] [ 1108] - step change to 3
[INFO ][2015-11-09 14:47:53,848][com.java.SeleniumDriver] [  788] - ------------------------------------------
[INFO ][2015-11-09 14:47:53,848][com.java.SeleniumDriver] [  789] - Test case being Executed: 7
[INFO ][2015-11-09 14:47:53,848][com.java.SeleniumDriver] [  800] - Test step:3
[INFO ][2015-11-09 14:47:53,848][com.java.SeleniumDriver] [  812] - Datavalue is----------Concept#2:1-2
[INFO ][2015-11-09 14:47:53,848][com.java.SeleniumDriver] [  836] - DataField : test
[INFO ][2015-11-09 14:47:53,848][com.java.SeleniumDriver] [  838] - DataValue : Concept#2:1-2
[INFO ][2015-11-09 14:47:53,848][com.java.SeleniumDriver] [  844] - <In Set values of the page>
[INFO ][2015-11-09 14:47:53,848][com.java.SeleniumDriver] [  847] - {Data Fields & Data Values Exist}
[INFO ][2015-11-09 14:47:53,848][com.java.SeleniumDriver] [  849] - --------------------------setting values-----------------------------
[INFO ][2015-11-09 14:47:53,848][com.java.SeleniumDriver] [  852] - Action Type : ExecuteTestCase
[INFO ][2015-11-09 14:47:53,848][com.java.TestType] [  422] - The Concept sheet name is ---------- Concept
[INFO ][2015-11-09 14:47:53,848][com.java.TestType] [  425] - The Concept ID  is ---------- 2
[DEBUG][2015-11-09 14:47:53,848][com.java.TestType] [  429] - Steps being executted in the Concept are: 1:2
[INFO ][2015-11-09 14:47:53,848][com.java.TestType] [  436] - Test data details path ---------- D:\BankersDashboard\TestInputs\TestData.xls
[INFO ][2015-11-09 14:47:53,879][com.java.TestType] [  467] -  str(1) = 2
[INFO ][2015-11-09 14:47:53,879][com.java.TestType] [  470] - Test case Id is---2
[INFO ][2015-11-09 14:47:53,879][com.java.TestType] [  472] - 2
[INFO ][2015-11-09 14:47:53,879][com.java.TestType] [  467] -  str(2) = 1
[INFO ][2015-11-09 14:47:53,879][com.java.TestType] [  519] - row values are--------{1=com.java.Objects.TestDataDetails@11ea763}
[INFO ][2015-11-09 14:47:53,879][com.java.TestType] [  467] -  str(1) = 2
[INFO ][2015-11-09 14:47:53,879][com.java.TestType] [  470] - Test case Id is---2
[INFO ][2015-11-09 14:47:53,879][com.java.TestType] [  472] - 2
[INFO ][2015-11-09 14:47:53,879][com.java.TestType] [  467] -  str(2) = 2
[INFO ][2015-11-09 14:47:53,879][com.java.TestType] [  519] - row values are--------{1=com.java.Objects.TestDataDetails@11ea763, 2=com.java.Objects.TestDataDetails@17df2ba}
[INFO ][2015-11-09 14:47:53,879][com.java.TestType] [  467] -  str(1) = 2
[INFO ][2015-11-09 14:47:53,879][com.java.TestType] [  470] - Test case Id is---2
[INFO ][2015-11-09 14:47:53,879][com.java.TestType] [  472] - 2
[INFO ][2015-11-09 14:47:53,879][com.java.TestType] [  467] -  str(2) = 3
[INFO ][2015-11-09 14:47:53,879][com.java.TestType] [  519] - row values are--------{1=com.java.Objects.TestDataDetails@11ea763, 2=com.java.Objects.TestDataDetails@17df2ba, 3=com.java.Objects.TestDataDetails@1fb9d58}
[INFO ][2015-11-09 14:47:53,879][com.java.TestType] [ 8228] - Looping 1TCID = 2
[DEBUG][2015-11-09 14:47:53,879][com.java.TestType] [ 8269] - Concept ID:2 :: Step being Executed: 2::1
[INFO ][2015-11-09 14:47:53,879][com.java.TestType] [ 8307] - dataFields : BNK//select[@id='bank']
[DEBUG][2015-11-09 14:47:53,879][com.java.TestType] [ 8313] - <In Set values of the page>
[DEBUG][2015-11-09 14:47:53,879][com.java.TestType] [ 8318] - {Data Fields & Data Values Exist}
[INFO ][2015-11-09 14:47:53,879][com.java.TestType] [ 8324] - --------------------------setting values-----------------------------
[INFO ][2015-11-09 14:47:53,879][com.java.TestType] [ 8327] - Action Type : Select
[INFO ][2015-11-09 14:47:53,879][com.java.TestType] [ 4078] - value = PFC
[INFO ][2015-11-09 14:47:54,082][com.java.TestType] [ 8346] -  RESULT true
[INFO ][2015-11-09 14:47:54,082][com.java.TestType] [ 8463] - ?   P A S S   ?
[DEBUG][2015-11-09 14:47:54,082][com.java.TestType] [ 8269] - Concept ID:2 :: Step being Executed: 2::2
[INFO ][2015-11-09 14:47:54,082][com.java.TestType] [ 8307] - dataFields : LNKLogout
[DEBUG][2015-11-09 14:47:54,082][com.java.TestType] [ 8313] - <In Set values of the page>
[DEBUG][2015-11-09 14:47:54,082][com.java.TestType] [ 8318] - {Data Fields & Data Values Exist}
[INFO ][2015-11-09 14:47:54,082][com.java.TestType] [ 8324] - --------------------------setting values-----------------------------
[INFO ][2015-11-09 14:47:54,082][com.java.TestType] [ 8327] - Action Type : WaitTime
[DEBUG][2015-11-09 14:47:54,082][com.java.TestType] [ 3913] - sleepTime: 5000
[INFO ][2015-11-09 14:47:59,095][com.java.TestType] [ 8346] -  RESULT true
[INFO ][2015-11-09 14:47:59,095][com.java.TestType] [ 8463] - ?   P A S S   ?
[INFO ][2015-11-09 14:47:59,095][com.java.TestType] [ 8534] - Looping End......
[INFO ][2015-11-09 14:47:59,095][com.java.SeleniumDriver] [  861] -  RESULT true
[INFO ][2015-11-09 14:47:59,095][com.java.SeleniumDriver] [ 1066] - ?   P A S S   ?
[INFO ][2015-11-09 14:47:59,095][com.java.SeleniumDriver] [  788] - ------------------------------------------
[INFO ][2015-11-09 14:47:59,095][com.java.SeleniumDriver] [  789] - Test case being Executed: 7
[INFO ][2015-11-09 14:47:59,095][com.java.SeleniumDriver] [  800] - Test step:4
[INFO ][2015-11-09 14:47:59,095][com.java.SeleniumDriver] [  812] - Datavalue is----------null
[DEBUG][2015-11-09 14:47:59,095][com.java.SeleniumDriver] [  830] - Exception: null
[INFO ][2015-11-09 14:47:59,095][com.java.SeleniumDriver] [  836] - DataField : //span[@class='icon-user4']&&//a[text()='Users']&&//a[@data-id="ModifyUsers"]
[INFO ][2015-11-09 14:47:59,095][com.java.SeleniumDriver] [  838] - DataValue : 
[INFO ][2015-11-09 14:47:59,095][com.java.SeleniumDriver] [  844] - <In Set values of the page>
[INFO ][2015-11-09 14:47:59,095][com.java.SeleniumDriver] [  847] - {Data Fields & Data Values Exist}
[INFO ][2015-11-09 14:47:59,095][com.java.SeleniumDriver] [  849] - --------------------------setting values-----------------------------
[INFO ][2015-11-09 14:47:59,095][com.java.SeleniumDriver] [  852] - Action Type : MouseOver
[INFO ][2015-11-09 14:48:12,939][com.java.SeleniumDriver] [  861] -  RESULT true
[INFO ][2015-11-09 14:48:12,939][com.java.SeleniumDriver] [ 1066] - ?   P A S S   ?
[INFO ][2015-11-09 14:48:12,939][com.java.SeleniumDriver] [  788] - ------------------------------------------
[INFO ][2015-11-09 14:48:12,939][com.java.SeleniumDriver] [  789] - Test case being Executed: 7
[INFO ][2015-11-09 14:48:12,939][com.java.SeleniumDriver] [  800] - Test step:5
[INFO ][2015-11-09 14:48:12,939][com.java.SeleniumDriver] [  812] - Datavalue is----------2
[INFO ][2015-11-09 14:48:12,939][com.java.SeleniumDriver] [  836] - DataField : BTNframeDialogContent
[INFO ][2015-11-09 14:48:12,939][com.java.SeleniumDriver] [  838] - DataValue : 2
[INFO ][2015-11-09 14:48:12,939][com.java.SeleniumDriver] [  844] - <In Set values of the page>
[INFO ][2015-11-09 14:48:12,939][com.java.SeleniumDriver] [  847] - {Data Fields & Data Values Exist}
[INFO ][2015-11-09 14:48:12,939][com.java.SeleniumDriver] [  849] - --------------------------setting values-----------------------------
[INFO ][2015-11-09 14:48:12,939][com.java.SeleniumDriver] [  852] - Action Type : WaitForElement
[INFO ][2015-11-09 14:48:14,187][com.java.SeleniumDriver] [  861] -  RESULT true
[INFO ][2015-11-09 14:48:14,187][com.java.SeleniumDriver] [ 1066] - ?   P A S S   ?
[INFO ][2015-11-09 14:48:14,187][com.java.SeleniumDriver] [  788] - ------------------------------------------
[INFO ][2015-11-09 14:48:14,187][com.java.SeleniumDriver] [  789] - Test case being Executed: 7
[INFO ][2015-11-09 14:48:14,187][com.java.SeleniumDriver] [  800] - Test step:6
[INFO ][2015-11-09 14:48:14,187][com.java.SeleniumDriver] [  812] - Datavalue is----------null
[DEBUG][2015-11-09 14:48:14,187][com.java.SeleniumDriver] [  830] - Exception: null
[INFO ][2015-11-09 14:48:14,187][com.java.SeleniumDriver] [  836] - DataField : BTNframeDialogContent
[INFO ][2015-11-09 14:48:14,187][com.java.SeleniumDriver] [  838] - DataValue : 
[INFO ][2015-11-09 14:48:14,187][com.java.SeleniumDriver] [  844] - <In Set values of the page>
[INFO ][2015-11-09 14:48:14,187][com.java.SeleniumDriver] [  847] - {Data Fields & Data Values Exist}
[INFO ][2015-11-09 14:48:14,187][com.java.SeleniumDriver] [  849] - --------------------------setting values-----------------------------
[INFO ][2015-11-09 14:48:14,187][com.java.SeleniumDriver] [  852] - Action Type : SelectFrame
[INFO ][2015-11-09 14:48:15,468][com.java.SeleniumDriver] [  861] -  RESULT true
[INFO ][2015-11-09 14:48:15,468][com.java.SeleniumDriver] [ 1066] - ?   P A S S   ?
[INFO ][2015-11-09 14:48:15,468][com.java.SeleniumDriver] [  788] - ------------------------------------------
[INFO ][2015-11-09 14:48:15,468][com.java.SeleniumDriver] [  789] - Test case being Executed: 7
[INFO ][2015-11-09 14:48:15,468][com.java.SeleniumDriver] [  800] - Test step:7
[INFO ][2015-11-09 14:48:15,468][com.java.SeleniumDriver] [  812] - Datavalue is----------2
[INFO ][2015-11-09 14:48:15,468][com.java.SeleniumDriver] [  836] - DataField : BTNbtnAddUser
[INFO ][2015-11-09 14:48:15,468][com.java.SeleniumDriver] [  838] - DataValue : 2
[INFO ][2015-11-09 14:48:15,468][com.java.SeleniumDriver] [  844] - <In Set values of the page>
[INFO ][2015-11-09 14:48:15,468][com.java.SeleniumDriver] [  847] - {Data Fields & Data Values Exist}
[INFO ][2015-11-09 14:48:15,468][com.java.SeleniumDriver] [  849] - --------------------------setting values-----------------------------
[INFO ][2015-11-09 14:48:15,468][com.java.SeleniumDriver] [  852] - Action Type : WaitForElement
[INFO ][2015-11-09 14:48:16,950][com.java.SeleniumDriver] [  861] -  RESULT true
[INFO ][2015-11-09 14:48:16,950][com.java.SeleniumDriver] [ 1066] - ?   P A S S   ?
[INFO ][2015-11-09 14:48:16,950][com.java.SeleniumDriver] [  788] - ------------------------------------------
[INFO ][2015-11-09 14:48:16,950][com.java.SeleniumDriver] [  789] - Test case being Executed: 7
[INFO ][2015-11-09 14:48:16,950][com.java.SeleniumDriver] [  800] - Test step:8
[INFO ][2015-11-09 14:48:16,950][com.java.SeleniumDriver] [  812] - Datavalue is----------null
[DEBUG][2015-11-09 14:48:16,950][com.java.SeleniumDriver] [  830] - Exception: null
[INFO ][2015-11-09 14:48:16,950][com.java.SeleniumDriver] [  836] - DataField : BTNbtnAddUser
[INFO ][2015-11-09 14:48:16,950][com.java.SeleniumDriver] [  838] - DataValue : 
[INFO ][2015-11-09 14:48:16,950][com.java.SeleniumDriver] [  844] - <In Set values of the page>
[INFO ][2015-11-09 14:48:16,950][com.java.SeleniumDriver] [  847] - {Data Fields & Data Values Exist}
[INFO ][2015-11-09 14:48:16,950][com.java.SeleniumDriver] [  849] - --------------------------setting values-----------------------------
[INFO ][2015-11-09 14:48:16,950][com.java.SeleniumDriver] [  852] - Action Type : Click
[INFO ][2015-11-09 14:48:16,950][com.java.TestType] [ 4391] - Field ::BTNbtnAddUser
[INFO ][2015-11-09 14:48:17,965][com.java.TestType] [ 4429] - BEFORE CLICK
[INFO ][2015-11-09 14:48:19,651][com.java.TestType] [ 4436] - Unable to click the object Add user button
[INFO ][2015-11-09 14:48:19,651][com.java.SeleniumDriver] [  861] -  RESULT true
[INFO ][2015-11-09 14:48:19,651][com.java.SeleniumDriver] [ 1066] - ?   P A S S   ?
[INFO ][2015-11-09 14:48:19,651][com.java.SeleniumDriver] [  788] - ------------------------------------------
[INFO ][2015-11-09 14:48:19,651][com.java.SeleniumDriver] [  789] - Test case being Executed: 7
[INFO ][2015-11-09 14:48:19,651][com.java.SeleniumDriver] [  800] - Test step:9
[INFO ][2015-11-09 14:48:19,651][com.java.SeleniumDriver] [  812] - Datavalue is----------2
[INFO ][2015-11-09 14:48:19,651][com.java.SeleniumDriver] [  836] - DataField : BTNtxtUserName
[INFO ][2015-11-09 14:48:19,651][com.java.SeleniumDriver] [  838] - DataValue : 2
[INFO ][2015-11-09 14:48:19,651][com.java.SeleniumDriver] [  844] - <In Set values of the page>
[INFO ][2015-11-09 14:48:19,651][com.java.SeleniumDriver] [  847] - {Data Fields & Data Values Exist}
[INFO ][2015-11-09 14:48:19,651][com.java.SeleniumDriver] [  849] - --------------------------setting values-----------------------------
[INFO ][2015-11-09 14:48:19,651][com.java.SeleniumDriver] [  852] - Action Type : WaitForElement
[INFO ][2015-11-09 14:48:29,292][com.java.SeleniumDriver] [  861] -  RESULT true
[INFO ][2015-11-09 14:48:29,292][com.java.SeleniumDriver] [ 1066] - ?   P A S S   ?
[INFO ][2015-11-09 14:48:29,292][com.java.SeleniumDriver] [  788] - ------------------------------------------
[INFO ][2015-11-09 14:48:29,292][com.java.SeleniumDriver] [  789] - Test case being Executed: 7
[INFO ][2015-11-09 14:48:29,292][com.java.SeleniumDriver] [  800] - Test step:10
[INFO ][2015-11-09 14:48:29,292][com.java.SeleniumDriver] [  812] - Datavalue is----------dt:NewUserName
[INFO ][2015-11-09 14:48:29,292][com.java.SeleniumDriver] [  836] - DataField : TXTtxtUserName
[INFO ][2015-11-09 14:48:29,292][com.java.SeleniumDriver] [  838] - DataValue : dt:NewUserName
[INFO ][2015-11-09 14:48:29,292][com.java.SeleniumDriver] [  844] - <In Set values of the page>
[INFO ][2015-11-09 14:48:29,292][com.java.SeleniumDriver] [  847] - {Data Fields & Data Values Exist}
[INFO ][2015-11-09 14:48:29,292][com.java.SeleniumDriver] [  849] - --------------------------setting values-----------------------------
[INFO ][2015-11-09 14:48:29,292][com.java.SeleniumDriver] [  852] - Action Type : Enter
[INFO ][2015-11-09 14:48:29,292][com.java.TestType] [ 4711] - field = txtUserName
[INFO ][2015-11-09 14:48:29,292][com.java.TestType] [ 4078] - value = vltest.robot
[INFO ][2015-11-09 14:48:32,165][com.java.SeleniumDriver] [  861] -  RESULT true
[INFO ][2015-11-09 14:48:32,165][com.java.SeleniumDriver] [ 1066] - ?   P A S S   ?
[INFO ][2015-11-09 14:48:32,165][com.java.SeleniumDriver] [  788] - ------------------------------------------
[INFO ][2015-11-09 14:48:32,165][com.java.SeleniumDriver] [  789] - Test case being Executed: 7
[INFO ][2015-11-09 14:48:32,165][com.java.SeleniumDriver] [  800] - Test step:11
[INFO ][2015-11-09 14:48:32,165][com.java.SeleniumDriver] [  812] - Datavalue is----------VLTest
[INFO ][2015-11-09 14:48:32,165][com.java.SeleniumDriver] [  836] - DataField : TXTtxtFirstName
[INFO ][2015-11-09 14:48:32,165][com.java.SeleniumDriver] [  838] - DataValue : VLTest
[INFO ][2015-11-09 14:48:32,165][com.java.SeleniumDriver] [  844] - <In Set values of the page>
[INFO ][2015-11-09 14:48:32,165][com.java.SeleniumDriver] [  847] - {Data Fields & Data Values Exist}
[INFO ][2015-11-09 14:48:32,165][com.java.SeleniumDriver] [  849] - --------------------------setting values-----------------------------
[INFO ][2015-11-09 14:48:32,165][com.java.SeleniumDriver] [  852] - Action Type : Enter
[INFO ][2015-11-09 14:48:32,165][com.java.TestType] [ 4711] - field = txtFirstName
[INFO ][2015-11-09 14:48:32,165][com.java.TestType] [ 4078] - value = VLTest
[INFO ][2015-11-09 14:48:35,344][com.java.SeleniumDriver] [  861] -  RESULT true
[INFO ][2015-11-09 14:48:35,344][com.java.SeleniumDriver] [ 1066] - ?   P A S S   ?
[INFO ][2015-11-09 14:48:35,344][com.java.SeleniumDriver] [  788] - ------------------------------------------
[INFO ][2015-11-09 14:48:35,344][com.java.SeleniumDriver] [  789] - Test case being Executed: 7
[INFO ][2015-11-09 14:48:35,344][com.java.SeleniumDriver] [  800] - Test step:12
[INFO ][2015-11-09 14:48:35,344][com.java.SeleniumDriver] [  812] - Datavalue is----------Robot
[INFO ][2015-11-09 14:48:35,344][com.java.SeleniumDriver] [  836] - DataField : TXTtxtLastName
[INFO ][2015-11-09 14:48:35,344][com.java.SeleniumDriver] [  838] - DataValue : Robot
[INFO ][2015-11-09 14:48:35,344][com.java.SeleniumDriver] [  844] - <In Set values of the page>
[INFO ][2015-11-09 14:48:35,344][com.java.SeleniumDriver] [  847] - {Data Fields & Data Values Exist}
[INFO ][2015-11-09 14:48:35,344][com.java.SeleniumDriver] [  849] - --------------------------setting values-----------------------------
[INFO ][2015-11-09 14:48:35,344][com.java.SeleniumDriver] [  852] - Action Type : Enter
[INFO ][2015-11-09 14:48:35,344][com.java.TestType] [ 4711] - field = txtLastName
[INFO ][2015-11-09 14:48:35,344][com.java.TestType] [ 4078] - value = Robot
[INFO ][2015-11-09 14:48:38,232][com.java.SeleniumDriver] [  861] -  RESULT true
[INFO ][2015-11-09 14:48:38,232][com.java.SeleniumDriver] [ 1066] - ?   P A S S   ?
[INFO ][2015-11-09 14:48:38,232][com.java.SeleniumDriver] [  788] - ------------------------------------------
[INFO ][2015-11-09 14:48:38,232][com.java.SeleniumDriver] [  789] - Test case being Executed: 7
[INFO ][2015-11-09 14:48:38,232][com.java.SeleniumDriver] [  800] - Test step:13
[INFO ][2015-11-09 14:48:38,232][com.java.SeleniumDriver] [  812] - Datavalue is----------ValueLabs
[INFO ][2015-11-09 14:48:38,232][com.java.SeleniumDriver] [  836] - DataField : TXTtxtCompany
[INFO ][2015-11-09 14:48:38,232][com.java.SeleniumDriver] [  838] - DataValue : ValueLabs
[INFO ][2015-11-09 14:48:38,232][com.java.SeleniumDriver] [  844] - <In Set values of the page>
[INFO ][2015-11-09 14:48:38,232][com.java.SeleniumDriver] [  847] - {Data Fields & Data Values Exist}
[INFO ][2015-11-09 14:48:38,232][com.java.SeleniumDriver] [  849] - --------------------------setting values-----------------------------
[INFO ][2015-11-09 14:48:38,232][com.java.SeleniumDriver] [  852] - Action Type : Enter
[INFO ][2015-11-09 14:48:38,232][com.java.TestType] [ 4711] - field = txtCompany
[INFO ][2015-11-09 14:48:38,232][com.java.TestType] [ 4078] - value = ValueLabs
[INFO ][2015-11-09 14:48:41,326][com.java.SeleniumDriver] [  861] -  RESULT true
[INFO ][2015-11-09 14:48:41,326][com.java.SeleniumDriver] [ 1066] - ?   P A S S   ?
[INFO ][2015-11-09 14:48:41,326][com.java.SeleniumDriver] [  788] - ------------------------------------------
[INFO ][2015-11-09 14:48:41,326][com.java.SeleniumDriver] [  789] - Test case being Executed: 7
[INFO ][2015-11-09 14:48:41,326][com.java.SeleniumDriver] [  800] - Test step:14
[INFO ][2015-11-09 14:48:41,326][com.java.SeleniumDriver] [  812] - Datavalue is----------India
[INFO ][2015-11-09 14:48:41,326][com.java.SeleniumDriver] [  836] - DataField : TXTtxtLocation
[INFO ][2015-11-09 14:48:41,326][com.java.SeleniumDriver] [  838] - DataValue : India
[INFO ][2015-11-09 14:48:41,326][com.java.SeleniumDriver] [  844] - <In Set values of the page>
[INFO ][2015-11-09 14:48:41,326][com.java.SeleniumDriver] [  847] - {Data Fields & Data Values Exist}
[INFO ][2015-11-09 14:48:41,326][com.java.SeleniumDriver] [  849] - --------------------------setting values-----------------------------
[INFO ][2015-11-09 14:48:41,326][com.java.SeleniumDriver] [  852] - Action Type : Enter
[INFO ][2015-11-09 14:48:41,326][com.java.TestType] [ 4711] - field = txtLocation
[INFO ][2015-11-09 14:48:41,326][com.java.TestType] [ 4078] - value = India
[INFO ][2015-11-09 14:48:44,194][com.java.SeleniumDriver] [  861] -  RESULT true
[INFO ][2015-11-09 14:48:44,194][com.java.SeleniumDriver] [ 1066] - ?   P A S S   ?
[INFO ][2015-11-09 14:48:44,194][com.java.SeleniumDriver] [  788] - ------------------------------------------
[INFO ][2015-11-09 14:48:44,194][com.java.SeleniumDriver] [  789] - Test case being Executed: 7
[INFO ][2015-11-09 14:48:44,194][com.java.SeleniumDriver] [  800] - Test step:15
[INFO ][2015-11-09 14:48:44,194][com.java.SeleniumDriver] [  812] - Datavalue is----------vltest.robot@valuelabs.com
[INFO ][2015-11-09 14:48:44,194][com.java.SeleniumDriver] [  836] - DataField : TXTtxtEMail
[INFO ][2015-11-09 14:48:44,194][com.java.SeleniumDriver] [  838] - DataValue : vltest.robot@valuelabs.com
[INFO ][2015-11-09 14:48:44,194][com.java.SeleniumDriver] [  844] - <In Set values of the page>
[INFO ][2015-11-09 14:48:44,194][com.java.SeleniumDriver] [  847] - {Data Fields & Data Values Exist}
[INFO ][2015-11-09 14:48:44,194][com.java.SeleniumDriver] [  849] - --------------------------setting values-----------------------------
[INFO ][2015-11-09 14:48:44,194][com.java.SeleniumDriver] [  852] - Action Type : Enter
[INFO ][2015-11-09 14:48:44,194][com.java.TestType] [ 4711] - field = txtEMail
[INFO ][2015-11-09 14:48:44,194][com.java.TestType] [ 4078] - value = vltest.robot@valuelabs.com
[INFO ][2015-11-09 14:48:47,440][com.java.SeleniumDriver] [  861] -  RESULT true
[INFO ][2015-11-09 14:48:47,440][com.java.SeleniumDriver] [ 1066] - ?   P A S S   ?
[INFO ][2015-11-09 14:48:47,440][com.java.SeleniumDriver] [  788] - ------------------------------------------
[INFO ][2015-11-09 14:48:47,440][com.java.SeleniumDriver] [  789] - Test case being Executed: 7
[INFO ][2015-11-09 14:48:47,440][com.java.SeleniumDriver] [  800] - Test step:16
[INFO ][2015-11-09 14:48:47,440][com.java.SeleniumDriver] [  812] - Datavalue is----------12345678901
[INFO ][2015-11-09 14:48:47,440][com.java.SeleniumDriver] [  836] - DataField : TXTtxtPhone
[INFO ][2015-11-09 14:48:47,440][com.java.SeleniumDriver] [  838] - DataValue : 12345678901
[INFO ][2015-11-09 14:48:47,440][com.java.SeleniumDriver] [  844] - <In Set values of the page>
[INFO ][2015-11-09 14:48:47,440][com.java.SeleniumDriver] [  847] - {Data Fields & Data Values Exist}
[INFO ][2015-11-09 14:48:47,440][com.java.SeleniumDriver] [  849] - --------------------------setting values-----------------------------
[INFO ][2015-11-09 14:48:47,440][com.java.SeleniumDriver] [  852] - Action Type : Enter
[INFO ][2015-11-09 14:48:47,440][com.java.TestType] [ 4711] - field = txtPhone
[INFO ][2015-11-09 14:48:47,440][com.java.TestType] [ 4078] - value = 12345678901
[INFO ][2015-11-09 14:48:50,297][com.java.SeleniumDriver] [  861] -  RESULT true
[INFO ][2015-11-09 14:48:50,297][com.java.SeleniumDriver] [ 1066] - ?   P A S S   ?
[INFO ][2015-11-09 14:48:50,297][com.java.SeleniumDriver] [  788] - ------------------------------------------
[INFO ][2015-11-09 14:48:50,297][com.java.SeleniumDriver] [  789] - Test case being Executed: 7
[INFO ][2015-11-09 14:48:50,297][com.java.SeleniumDriver] [  800] - Test step:17
[INFO ][2015-11-09 14:48:50,297][com.java.SeleniumDriver] [  812] - Datavalue is----------dt:NewUserPswd
[INFO ][2015-11-09 14:48:50,297][com.java.SeleniumDriver] [  836] - DataField : TXTtxtPassword
[INFO ][2015-11-09 14:48:50,297][com.java.SeleniumDriver] [  838] - DataValue : dt:NewUserPswd
[INFO ][2015-11-09 14:48:50,297][com.java.SeleniumDriver] [  844] - <In Set values of the page>
[INFO ][2015-11-09 14:48:50,297][com.java.SeleniumDriver] [  847] - {Data Fields & Data Values Exist}
[INFO ][2015-11-09 14:48:50,297][com.java.SeleniumDriver] [  849] - --------------------------setting values-----------------------------
[INFO ][2015-11-09 14:48:50,297][com.java.SeleniumDriver] [  852] - Action Type : Enter
[INFO ][2015-11-09 14:48:50,297][com.java.TestType] [ 4711] - field = txtPassword
[INFO ][2015-11-09 14:48:50,297][com.java.TestType] [ 4078] - value = Password1*
[INFO ][2015-11-09 14:48:53,388][com.java.SeleniumDriver] [  861] -  RESULT true
[INFO ][2015-11-09 14:48:53,388][com.java.SeleniumDriver] [ 1066] - ?   P A S S   ?
[INFO ][2015-11-09 14:48:53,388][com.java.SeleniumDriver] [  788] - ------------------------------------------
[INFO ][2015-11-09 14:48:53,388][com.java.SeleniumDriver] [  789] - Test case being Executed: 7
[INFO ][2015-11-09 14:48:53,388][com.java.SeleniumDriver] [  800] - Test step:18
[INFO ][2015-11-09 14:48:53,388][com.java.SeleniumDriver] [  812] - Datavalue is----------dt:NewUserPswd
[INFO ][2015-11-09 14:48:53,388][com.java.SeleniumDriver] [  836] - DataField : TXTtxtPasswordConfirm
[INFO ][2015-11-09 14:48:53,388][com.java.SeleniumDriver] [  838] - DataValue : dt:NewUserPswd
[INFO ][2015-11-09 14:48:53,388][com.java.SeleniumDriver] [  844] - <In Set values of the page>
[INFO ][2015-11-09 14:48:53,388][com.java.SeleniumDriver] [  847] - {Data Fields & Data Values Exist}
[INFO ][2015-11-09 14:48:53,388][com.java.SeleniumDriver] [  849] - --------------------------setting values-----------------------------
[INFO ][2015-11-09 14:48:53,388][com.java.SeleniumDriver] [  852] - Action Type : Enter
[INFO ][2015-11-09 14:48:53,388][com.java.TestType] [ 4711] - field = txtPasswordConfirm
[INFO ][2015-11-09 14:48:53,388][com.java.TestType] [ 4078] - value = Password1*
[INFO ][2015-11-09 14:48:56,479][com.java.SeleniumDriver] [  861] -  RESULT true
[INFO ][2015-11-09 14:48:56,479][com.java.SeleniumDriver] [ 1066] - ?   P A S S   ?
[INFO ][2015-11-09 14:48:56,479][com.java.SeleniumDriver] [  788] - ------------------------------------------
[INFO ][2015-11-09 14:48:56,479][com.java.SeleniumDriver] [  789] - Test case being Executed: 7
[INFO ][2015-11-09 14:48:56,479][com.java.SeleniumDriver] [  800] - Test step:19
[INFO ][2015-11-09 14:48:56,479][com.java.SeleniumDriver] [  812] - Datavalue is----------null
[DEBUG][2015-11-09 14:48:56,479][com.java.SeleniumDriver] [  830] - Exception: null
[INFO ][2015-11-09 14:48:56,479][com.java.SeleniumDriver] [  836] - DataField : BTNparent
[INFO ][2015-11-09 14:48:56,479][com.java.SeleniumDriver] [  838] - DataValue : 
[INFO ][2015-11-09 14:48:56,479][com.java.SeleniumDriver] [  844] - <In Set values of the page>
[INFO ][2015-11-09 14:48:56,479][com.java.SeleniumDriver] [  847] - {Data Fields & Data Values Exist}
[INFO ][2015-11-09 14:48:56,479][com.java.SeleniumDriver] [  849] - --------------------------setting values-----------------------------
[INFO ][2015-11-09 14:48:56,479][com.java.SeleniumDriver] [  852] - Action Type : SelectFrame
[INFO ][2015-11-09 14:48:56,494][com.java.SeleniumDriver] [  861] -  RESULT true
[INFO ][2015-11-09 14:48:56,494][com.java.SeleniumDriver] [ 1066] - ?   P A S S   ?
[INFO ][2015-11-09 14:48:56,494][com.java.SeleniumDriver] [  788] - ------------------------------------------
[INFO ][2015-11-09 14:48:56,494][com.java.SeleniumDriver] [  789] - Test case being Executed: 7
[INFO ][2015-11-09 14:48:56,494][com.java.SeleniumDriver] [  800] - Test step:20
[INFO ][2015-11-09 14:48:56,494][com.java.SeleniumDriver] [  812] - Datavalue is----------5
[INFO ][2015-11-09 14:48:56,494][com.java.SeleniumDriver] [  836] - DataField : test
[INFO ][2015-11-09 14:48:56,494][com.java.SeleniumDriver] [  838] - DataValue : 5
[INFO ][2015-11-09 14:48:56,494][com.java.SeleniumDriver] [  844] - <In Set values of the page>
[INFO ][2015-11-09 14:48:56,494][com.java.SeleniumDriver] [  847] - {Data Fields & Data Values Exist}
[INFO ][2015-11-09 14:48:56,494][com.java.SeleniumDriver] [  849] - --------------------------setting values-----------------------------
[INFO ][2015-11-09 14:48:56,494][com.java.SeleniumDriver] [  852] - Action Type : WaitTime
[DEBUG][2015-11-09 14:48:56,494][com.java.TestType] [ 3913] - sleepTime: 5000
[INFO ][2015-11-09 14:49:01,502][com.java.SeleniumDriver] [  861] -  RESULT true
[INFO ][2015-11-09 14:49:01,502][com.java.SeleniumDriver] [ 1066] - ?   P A S S   ?
[INFO ][2015-11-09 14:49:01,502][com.java.SeleniumDriver] [  788] - ------------------------------------------
[INFO ][2015-11-09 14:49:01,502][com.java.SeleniumDriver] [  789] - Test case being Executed: 7
[INFO ][2015-11-09 14:49:01,502][com.java.SeleniumDriver] [  800] - Test step:21
[INFO ][2015-11-09 14:49:01,502][com.java.SeleniumDriver] [  812] - Datavalue is----------null
[DEBUG][2015-11-09 14:49:01,502][com.java.SeleniumDriver] [  830] - Exception: null
[INFO ][2015-11-09 14:49:01,502][com.java.SeleniumDriver] [  836] - DataField : XPH//span[contains(text(), 'Finished')]
[INFO ][2015-11-09 14:49:01,502][com.java.SeleniumDriver] [  838] - DataValue : 
[INFO ][2015-11-09 14:49:01,502][com.java.SeleniumDriver] [  844] - <In Set values of the page>
[INFO ][2015-11-09 14:49:01,502][com.java.SeleniumDriver] [  847] - {Data Fields & Data Values Exist}
[INFO ][2015-11-09 14:49:01,502][com.java.SeleniumDriver] [  849] - --------------------------setting values-----------------------------
[INFO ][2015-11-09 14:49:01,502][com.java.SeleniumDriver] [  852] - Action Type : Click
[INFO ][2015-11-09 14:49:01,502][com.java.TestType] [ 4391] - Field ::XPH//span[contains(text(), 'Finished')]
[INFO ][2015-11-09 14:49:02,517][com.java.TestType] [ 4450] - BEFORE CLICK
[INFO ][2015-11-09 14:49:03,968][com.java.TestType] [ 4458] - Unable to click the object Finished button
[INFO ][2015-11-09 14:49:03,968][com.java.SeleniumDriver] [  861] -  RESULT true
[INFO ][2015-11-09 14:49:03,968][com.java.SeleniumDriver] [ 1066] - ?   P A S S   ?
[INFO ][2015-11-09 14:49:03,968][com.java.SeleniumDriver] [  788] - ------------------------------------------
[INFO ][2015-11-09 14:49:03,968][com.java.SeleniumDriver] [  789] - Test case being Executed: 7
[INFO ][2015-11-09 14:49:03,968][com.java.SeleniumDriver] [  800] - Test step:22
[INFO ][2015-11-09 14:49:03,968][com.java.SeleniumDriver] [  812] - Datavalue is----------null
[DEBUG][2015-11-09 14:49:03,968][com.java.SeleniumDriver] [  830] - Exception: null
[INFO ][2015-11-09 14:49:03,968][com.java.SeleniumDriver] [  836] - DataField : XPH//span[contains(text(), 'Finished')]
[INFO ][2015-11-09 14:49:03,968][com.java.SeleniumDriver] [  838] - DataValue : 
[INFO ][2015-11-09 14:49:03,968][com.java.SeleniumDriver] [  844] - <In Set values of the page>
[INFO ][2015-11-09 14:49:03,968][com.java.SeleniumDriver] [  847] - {Data Fields & Data Values Exist}
[INFO ][2015-11-09 14:49:03,968][com.java.SeleniumDriver] [  849] - --------------------------setting values-----------------------------
[INFO ][2015-11-09 14:49:03,968][com.java.SeleniumDriver] [  852] - Action Type : WaitForElement
[INFO ][2015-11-09 14:49:04,000][com.java.SeleniumDriver] [  861] -  RESULT true
[INFO ][2015-11-09 14:49:04,000][com.java.SeleniumDriver] [ 1066] - ?   P A S S   ?
[INFO ][2015-11-09 14:49:04,000][com.java.SeleniumDriver] [  788] - ------------------------------------------
[INFO ][2015-11-09 14:49:04,000][com.java.SeleniumDriver] [  789] - Test case being Executed: 7
[INFO ][2015-11-09 14:49:04,000][com.java.SeleniumDriver] [  800] - Test step:23
[INFO ][2015-11-09 14:49:04,000][com.java.SeleniumDriver] [  812] - Datavalue is----------null
[DEBUG][2015-11-09 14:49:04,000][com.java.SeleniumDriver] [  830] - Exception: null
[INFO ][2015-11-09 14:49:04,000][com.java.SeleniumDriver] [  836] - DataField : BTNframeDialogContent
[INFO ][2015-11-09 14:49:04,000][com.java.SeleniumDriver] [  838] - DataValue : 
[INFO ][2015-11-09 14:49:04,000][com.java.SeleniumDriver] [  844] - <In Set values of the page>
[INFO ][2015-11-09 14:49:04,000][com.java.SeleniumDriver] [  847] - {Data Fields & Data Values Exist}
[INFO ][2015-11-09 14:49:04,000][com.java.SeleniumDriver] [  849] - --------------------------setting values-----------------------------
[INFO ][2015-11-09 14:49:04,000][com.java.SeleniumDriver] [  852] - Action Type : SelectFrame
[INFO ][2015-11-09 14:49:05,280][com.java.SeleniumDriver] [  861] -  RESULT true
[INFO ][2015-11-09 14:49:05,280][com.java.SeleniumDriver] [ 1066] - ?   P A S S   ?
[INFO ][2015-11-09 14:49:05,280][com.java.SeleniumDriver] [  788] - ------------------------------------------
[INFO ][2015-11-09 14:49:05,280][com.java.SeleniumDriver] [  789] - Test case being Executed: 7
[INFO ][2015-11-09 14:49:05,280][com.java.SeleniumDriver] [  800] - Test step:24
[INFO ][2015-11-09 14:49:05,280][com.java.SeleniumDriver] [  812] - Datavalue is----------null
[DEBUG][2015-11-09 14:49:05,280][com.java.SeleniumDriver] [  830] - Exception: null
[INFO ][2015-11-09 14:49:05,280][com.java.SeleniumDriver] [  836] - DataField : BTNchkGlobalPrivsUserAdmin
[INFO ][2015-11-09 14:49:05,280][com.java.SeleniumDriver] [  838] - DataValue : 
[INFO ][2015-11-09 14:49:05,280][com.java.SeleniumDriver] [  844] - <In Set values of the page>
[INFO ][2015-11-09 14:49:05,280][com.java.SeleniumDriver] [  847] - {Data Fields & Data Values Exist}
[INFO ][2015-11-09 14:49:05,280][com.java.SeleniumDriver] [  849] - --------------------------setting values-----------------------------
[INFO ][2015-11-09 14:49:05,280][com.java.SeleniumDriver] [  852] - Action Type : Click
[INFO ][2015-11-09 14:49:05,280][com.java.TestType] [ 4391] - Field ::BTNchkGlobalPrivsUserAdmin
[INFO ][2015-11-09 14:49:06,294][com.java.TestType] [ 4429] - BEFORE CLICK
[INFO ][2015-11-09 14:49:07,637][com.java.TestType] [ 4436] - Unable to click the object User Admin check box
[INFO ][2015-11-09 14:49:07,637][com.java.SeleniumDriver] [  861] -  RESULT true
[INFO ][2015-11-09 14:49:07,637][com.java.SeleniumDriver] [ 1066] - ?   P A S S   ?
[INFO ][2015-11-09 14:49:07,637][com.java.SeleniumDriver] [  788] - ------------------------------------------
[INFO ][2015-11-09 14:49:07,637][com.java.SeleniumDriver] [  789] - Test case being Executed: 7
[INFO ][2015-11-09 14:49:07,637][com.java.SeleniumDriver] [  800] - Test step:25
[INFO ][2015-11-09 14:49:07,637][com.java.SeleniumDriver] [  812] - Datavalue is----------null
[DEBUG][2015-11-09 14:49:07,637][com.java.SeleniumDriver] [  830] - Exception: null
[INFO ][2015-11-09 14:49:07,637][com.java.SeleniumDriver] [  836] - DataField : BTNrdoEnableEntity_Enable
[INFO ][2015-11-09 14:49:07,637][com.java.SeleniumDriver] [  838] - DataValue : 
[INFO ][2015-11-09 14:49:07,637][com.java.SeleniumDriver] [  844] - <In Set values of the page>
[INFO ][2015-11-09 14:49:07,637][com.java.SeleniumDriver] [  847] - {Data Fields & Data Values Exist}
[INFO ][2015-11-09 14:49:07,637][com.java.SeleniumDriver] [  849] - --------------------------setting values-----------------------------
[INFO ][2015-11-09 14:49:07,637][com.java.SeleniumDriver] [  852] - Action Type : Click
[INFO ][2015-11-09 14:49:07,637][com.java.TestType] [ 4391] - Field ::BTNrdoEnableEntity_Enable
[INFO ][2015-11-09 14:49:08,647][com.java.TestType] [ 4429] - BEFORE CLICK
[INFO ][2015-11-09 14:49:09,974][com.java.TestType] [ 4436] - Unable to click the object Enable radio button
[INFO ][2015-11-09 14:49:09,974][com.java.SeleniumDriver] [  861] -  RESULT true
[INFO ][2015-11-09 14:49:09,974][com.java.SeleniumDriver] [ 1066] - ?   P A S S   ?
[INFO ][2015-11-09 14:49:09,974][com.java.SeleniumDriver] [  788] - ------------------------------------------
[INFO ][2015-11-09 14:49:09,974][com.java.SeleniumDriver] [  789] - Test case being Executed: 7
[INFO ][2015-11-09 14:49:09,974][com.java.SeleniumDriver] [  800] - Test step:26
[INFO ][2015-11-09 14:49:09,974][com.java.SeleniumDriver] [  812] - Datavalue is----------null
[DEBUG][2015-11-09 14:49:09,974][com.java.SeleniumDriver] [  830] - Exception: null
[INFO ][2015-11-09 14:49:09,974][com.java.SeleniumDriver] [  836] - DataField : BTNchkProfitCenterAll
[INFO ][2015-11-09 14:49:09,974][com.java.SeleniumDriver] [  838] - DataValue : 
[INFO ][2015-11-09 14:49:09,974][com.java.SeleniumDriver] [  844] - <In Set values of the page>
[INFO ][2015-11-09 14:49:09,974][com.java.SeleniumDriver] [  847] - {Data Fields & Data Values Exist}
[INFO ][2015-11-09 14:49:09,974][com.java.SeleniumDriver] [  849] - --------------------------setting values-----------------------------
[INFO ][2015-11-09 14:49:09,974][com.java.SeleniumDriver] [  852] - Action Type : Click
[INFO ][2015-11-09 14:49:09,974][com.java.TestType] [ 4391] - Field ::BTNchkProfitCenterAll
[INFO ][2015-11-09 14:49:10,988][com.java.TestType] [ 4429] - BEFORE CLICK
[INFO ][2015-11-09 14:49:12,300][com.java.TestType] [ 4436] - Unable to click the object All Check box
[INFO ][2015-11-09 14:49:12,300][com.java.SeleniumDriver] [  861] -  RESULT true
[INFO ][2015-11-09 14:49:12,300][com.java.SeleniumDriver] [ 1066] - ?   P A S S   ?
[INFO ][2015-11-09 14:49:12,300][com.java.SeleniumDriver] [  788] - ------------------------------------------
[INFO ][2015-11-09 14:49:12,300][com.java.SeleniumDriver] [  789] - Test case being Executed: 7
[INFO ][2015-11-09 14:49:12,300][com.java.SeleniumDriver] [  800] - Test step:27
[INFO ][2015-11-09 14:49:12,300][com.java.SeleniumDriver] [  812] - Datavalue is----------null
[DEBUG][2015-11-09 14:49:12,300][com.java.SeleniumDriver] [  830] - Exception: null
[INFO ][2015-11-09 14:49:12,300][com.java.SeleniumDriver] [  836] - DataField : BTNchkPrivsAccessGL
[INFO ][2015-11-09 14:49:12,300][com.java.SeleniumDriver] [  838] - DataValue : 
[INFO ][2015-11-09 14:49:12,300][com.java.SeleniumDriver] [  844] - <In Set values of the page>
[INFO ][2015-11-09 14:49:12,300][com.java.SeleniumDriver] [  847] - {Data Fields & Data Values Exist}
[INFO ][2015-11-09 14:49:12,300][com.java.SeleniumDriver] [  849] - --------------------------setting values-----------------------------
[INFO ][2015-11-09 14:49:12,300][com.java.SeleniumDriver] [  852] - Action Type : Click
[INFO ][2015-11-09 14:49:12,300][com.java.TestType] [ 4391] - Field ::BTNchkPrivsAccessGL
[INFO ][2015-11-09 14:49:13,305][com.java.TestType] [ 4429] - BEFORE CLICK
[INFO ][2015-11-09 14:49:14,616][com.java.TestType] [ 4436] - Unable to click the object GL check box
[INFO ][2015-11-09 14:49:14,616][com.java.SeleniumDriver] [  861] -  RESULT true
[INFO ][2015-11-09 14:49:14,616][com.java.SeleniumDriver] [ 1066] - ?   P A S S   ?
[INFO ][2015-11-09 14:49:14,616][com.java.SeleniumDriver] [  788] - ------------------------------------------
[INFO ][2015-11-09 14:49:14,616][com.java.SeleniumDriver] [  789] - Test case being Executed: 7
[INFO ][2015-11-09 14:49:14,616][com.java.SeleniumDriver] [  800] - Test step:28
[INFO ][2015-11-09 14:49:14,616][com.java.SeleniumDriver] [  812] - Datavalue is----------null
[DEBUG][2015-11-09 14:49:14,616][com.java.SeleniumDriver] [  830] - Exception: null
[INFO ][2015-11-09 14:49:14,616][com.java.SeleniumDriver] [  836] - DataField : BTNparent
[INFO ][2015-11-09 14:49:14,616][com.java.SeleniumDriver] [  838] - DataValue : 
[INFO ][2015-11-09 14:49:14,616][com.java.SeleniumDriver] [  844] - <In Set values of the page>
[INFO ][2015-11-09 14:49:14,616][com.java.SeleniumDriver] [  847] - {Data Fields & Data Values Exist}
[INFO ][2015-11-09 14:49:14,616][com.java.SeleniumDriver] [  849] - --------------------------setting values-----------------------------
[INFO ][2015-11-09 14:49:14,616][com.java.SeleniumDriver] [  852] - Action Type : SelectFrame
[INFO ][2015-11-09 14:49:14,632][com.java.SeleniumDriver] [  861] -  RESULT true
[INFO ][2015-11-09 14:49:14,632][com.java.SeleniumDriver] [ 1066] - ?   P A S S   ?
[INFO ][2015-11-09 14:49:14,632][com.java.SeleniumDriver] [  788] - ------------------------------------------
[INFO ][2015-11-09 14:49:14,632][com.java.SeleniumDriver] [  789] - Test case being Executed: 7
[INFO ][2015-11-09 14:49:14,632][com.java.SeleniumDriver] [  800] - Test step:29
[INFO ][2015-11-09 14:49:14,632][com.java.SeleniumDriver] [  812] - Datavalue is----------5
[INFO ][2015-11-09 14:49:14,632][com.java.SeleniumDriver] [  836] - DataField : test
[INFO ][2015-11-09 14:49:14,632][com.java.SeleniumDriver] [  838] - DataValue : 5
[INFO ][2015-11-09 14:49:14,632][com.java.SeleniumDriver] [  844] - <In Set values of the page>
[INFO ][2015-11-09 14:49:14,632][com.java.SeleniumDriver] [  847] - {Data Fields & Data Values Exist}
[INFO ][2015-11-09 14:49:14,632][com.java.SeleniumDriver] [  849] - --------------------------setting values-----------------------------
[INFO ][2015-11-09 14:49:14,632][com.java.SeleniumDriver] [  852] - Action Type : WaitTime
[DEBUG][2015-11-09 14:49:14,632][com.java.TestType] [ 3913] - sleepTime: 5000
[INFO ][2015-11-09 14:49:19,634][com.java.SeleniumDriver] [  861] -  RESULT true
[INFO ][2015-11-09 14:49:19,634][com.java.SeleniumDriver] [ 1066] - ?   P A S S   ?
[INFO ][2015-11-09 14:49:19,634][com.java.SeleniumDriver] [  788] - ------------------------------------------
[INFO ][2015-11-09 14:49:19,634][com.java.SeleniumDriver] [  789] - Test case being Executed: 7
[INFO ][2015-11-09 14:49:19,634][com.java.SeleniumDriver] [  800] - Test step:30
[INFO ][2015-11-09 14:49:19,634][com.java.SeleniumDriver] [  812] - Datavalue is----------null
[DEBUG][2015-11-09 14:49:19,634][com.java.SeleniumDriver] [  830] - Exception: null
[INFO ][2015-11-09 14:49:19,634][com.java.SeleniumDriver] [  836] - DataField : XPH//span[contains(text(), 'Finished')]
[INFO ][2015-11-09 14:49:19,634][com.java.SeleniumDriver] [  838] - DataValue : 
[INFO ][2015-11-09 14:49:19,634][com.java.SeleniumDriver] [  844] - <In Set values of the page>
[INFO ][2015-11-09 14:49:19,634][com.java.SeleniumDriver] [  847] - {Data Fields & Data Values Exist}
[INFO ][2015-11-09 14:49:19,634][com.java.SeleniumDriver] [  849] - --------------------------setting values-----------------------------
[INFO ][2015-11-09 14:49:19,634][com.java.SeleniumDriver] [  852] - Action Type : Click
[INFO ][2015-11-09 14:49:19,634][com.java.TestType] [ 4391] - Field ::XPH//span[contains(text(), 'Finished')]
[INFO ][2015-11-09 14:49:20,649][com.java.TestType] [ 4450] - BEFORE CLICK
[INFO ][2015-11-09 14:49:28,433][com.java.TestType] [ 4458] - Unable to click the object Finished button
[INFO ][2015-11-09 14:49:28,433][com.java.SeleniumDriver] [  861] -  RESULT true
[INFO ][2015-11-09 14:49:28,433][com.java.SeleniumDriver] [ 1066] - ?   P A S S   ?
[INFO ][2015-11-09 14:49:28,433][com.java.SeleniumDriver] [  788] - ------------------------------------------
[INFO ][2015-11-09 14:49:28,433][com.java.SeleniumDriver] [  789] - Test case being Executed: 7
[INFO ][2015-11-09 14:49:28,433][com.java.SeleniumDriver] [  800] - Test step:31
[INFO ][2015-11-09 14:49:28,433][com.java.SeleniumDriver] [  812] - Datavalue is----------5
[INFO ][2015-11-09 14:49:28,433][com.java.SeleniumDriver] [  836] - DataField : BTNframeDialogContent
[INFO ][2015-11-09 14:49:28,433][com.java.SeleniumDriver] [  838] - DataValue : 5
[INFO ][2015-11-09 14:49:28,433][com.java.SeleniumDriver] [  844] - <In Set values of the page>
[INFO ][2015-11-09 14:49:28,433][com.java.SeleniumDriver] [  847] - {Data Fields & Data Values Exist}
[INFO ][2015-11-09 14:49:28,433][com.java.SeleniumDriver] [  849] - --------------------------setting values-----------------------------
[INFO ][2015-11-09 14:49:28,433][com.java.SeleniumDriver] [  852] - Action Type : WaitForElement
[INFO ][2015-11-09 14:49:29,682][com.java.SeleniumDriver] [  861] -  RESULT true
[INFO ][2015-11-09 14:49:29,682][com.java.SeleniumDriver] [ 1066] - ?   P A S S   ?
[INFO ][2015-11-09 14:49:29,682][com.java.SeleniumDriver] [  788] - ------------------------------------------
[INFO ][2015-11-09 14:49:29,682][com.java.SeleniumDriver] [  789] - Test case being Executed: 7
[INFO ][2015-11-09 14:49:29,682][com.java.SeleniumDriver] [  800] - Test step:32
[INFO ][2015-11-09 14:49:29,682][com.java.SeleniumDriver] [  812] - Datavalue is----------null
[DEBUG][2015-11-09 14:49:29,682][com.java.SeleniumDriver] [  830] - Exception: null
[INFO ][2015-11-09 14:49:29,682][com.java.SeleniumDriver] [  836] - DataField : BTNframeDialogContent
[INFO ][2015-11-09 14:49:29,682][com.java.SeleniumDriver] [  838] - DataValue : 
[INFO ][2015-11-09 14:49:29,682][com.java.SeleniumDriver] [  844] - <In Set values of the page>
[INFO ][2015-11-09 14:49:29,682][com.java.SeleniumDriver] [  847] - {Data Fields & Data Values Exist}
[INFO ][2015-11-09 14:49:29,682][com.java.SeleniumDriver] [  849] - --------------------------setting values-----------------------------
[INFO ][2015-11-09 14:49:29,682][com.java.SeleniumDriver] [  852] - Action Type : SelectFrame
[INFO ][2015-11-09 14:49:30,964][com.java.SeleniumDriver] [  861] -  RESULT true
[INFO ][2015-11-09 14:49:30,964][com.java.SeleniumDriver] [ 1066] - ?   P A S S   ?
[INFO ][2015-11-09 14:49:30,964][com.java.SeleniumDriver] [  788] - ------------------------------------------
[INFO ][2015-11-09 14:49:30,964][com.java.SeleniumDriver] [  789] - Test case being Executed: 7
[INFO ][2015-11-09 14:49:30,964][com.java.SeleniumDriver] [  800] - Test step:33
[INFO ][2015-11-09 14:49:30,964][com.java.SeleniumDriver] [  812] - Datavalue is----------null
[DEBUG][2015-11-09 14:49:30,964][com.java.SeleniumDriver] [  830] - Exception: null
[INFO ][2015-11-09 14:49:30,964][com.java.SeleniumDriver] [  836] - DataField : XPH//table[@id="tblUserListing"]//td[contains(text(),'vltest.robot')]
[INFO ][2015-11-09 14:49:30,964][com.java.SeleniumDriver] [  838] - DataValue : 
[INFO ][2015-11-09 14:49:30,964][com.java.SeleniumDriver] [  844] - <In Set values of the page>
[INFO ][2015-11-09 14:49:30,964][com.java.SeleniumDriver] [  847] - {Data Fields & Data Values Exist}
[INFO ][2015-11-09 14:49:30,964][com.java.SeleniumDriver] [  849] - --------------------------setting values-----------------------------
[INFO ][2015-11-09 14:49:30,964][com.java.SeleniumDriver] [  852] - Action Type : WaitForElement
[INFO ][2015-11-09 14:49:31,026][com.java.SeleniumDriver] [  861] -  RESULT true
[INFO ][2015-11-09 14:49:31,026][com.java.SeleniumDriver] [ 1066] - ?   P A S S   ?
[INFO ][2015-11-09 14:49:31,026][com.java.SeleniumDriver] [  788] - ------------------------------------------
[INFO ][2015-11-09 14:49:31,026][com.java.SeleniumDriver] [  789] - Test case being Executed: 7
[INFO ][2015-11-09 14:49:31,026][com.java.SeleniumDriver] [  800] - Test step:34
[INFO ][2015-11-09 14:49:31,026][com.java.SeleniumDriver] [  812] - Datavalue is----------dt:NewUserName
[INFO ][2015-11-09 14:49:31,026][com.java.SeleniumDriver] [  836] - DataField : USR
[INFO ][2015-11-09 14:49:31,026][com.java.SeleniumDriver] [  838] - DataValue : dt:NewUserName
[INFO ][2015-11-09 14:49:31,026][com.java.SeleniumDriver] [  844] - <In Set values of the page>
[INFO ][2015-11-09 14:49:31,026][com.java.SeleniumDriver] [  847] - {Data Fields & Data Values Exist}
[INFO ][2015-11-09 14:49:31,026][com.java.SeleniumDriver] [  849] - --------------------------setting values-----------------------------
[INFO ][2015-11-09 14:49:31,026][com.java.SeleniumDriver] [  852] - Action Type : Verify
[INFO ][2015-11-09 14:49:31,026][com.java.TestType] [ 5204] - field= USR value= dt:NewUserName
[INFO ][2015-11-09 14:49:31,026][com.java.TestType] [ 4078] - value = vltest.robot
[INFO ][2015-11-09 14:49:31,088][com.java.SeleniumDriver] [  861] -  RESULT true
[INFO ][2015-11-09 14:49:31,088][com.java.SeleniumDriver] [ 1066] - ?   P A S S   ?
[INFO ][2015-11-09 14:49:31,088][com.java.SeleniumDriver] [  788] - ------------------------------------------
[INFO ][2015-11-09 14:49:31,088][com.java.SeleniumDriver] [  789] - Test case being Executed: 7
[INFO ][2015-11-09 14:49:31,088][com.java.SeleniumDriver] [  800] - Test step:35
[INFO ][2015-11-09 14:49:31,088][com.java.SeleniumDriver] [  812] - Datavalue is----------Login_username
[INFO ][2015-11-09 14:49:31,088][com.java.SeleniumDriver] [  836] - DataField : XPH//table[@id="tblUserListing"]//td[contains(text(),'vltest.robot')]
[INFO ][2015-11-09 14:49:31,088][com.java.SeleniumDriver] [  838] - DataValue : Login_username
[INFO ][2015-11-09 14:49:31,088][com.java.SeleniumDriver] [  844] - <In Set values of the page>
[INFO ][2015-11-09 14:49:31,088][com.java.SeleniumDriver] [  847] - {Data Fields & Data Values Exist}
[INFO ][2015-11-09 14:49:31,088][com.java.SeleniumDriver] [  849] - --------------------------setting values-----------------------------
[INFO ][2015-11-09 14:49:31,088][com.java.SeleniumDriver] [  852] - Action Type : STOREVALUE
[INFO ][2015-11-09 14:49:31,088][com.java.TestType] [ 6138] - field= XPH//table[@id="tblUserListing"]//td[contains(text(),'vltest.robot')]
[DEBUG][2015-11-09 14:49:31,198][com.java.TestType] [ 6190] - Key:: Login_username   Value:: vltest.robot.33527
[INFO ][2015-11-09 14:49:31,198][com.java.SeleniumDriver] [  861] -  RESULT true
[INFO ][2015-11-09 14:49:31,198][com.java.SeleniumDriver] [ 1066] - ?   P A S S   ?
[INFO ][2015-11-09 14:49:31,198][com.java.SeleniumDriver] [  788] - ------------------------------------------
[INFO ][2015-11-09 14:49:31,198][com.java.SeleniumDriver] [  789] - Test case being Executed: 7
[INFO ][2015-11-09 14:49:31,198][com.java.SeleniumDriver] [  800] - Test step:36
[INFO ][2015-11-09 14:49:31,198][com.java.SeleniumDriver] [  812] - Datavalue is----------null
[DEBUG][2015-11-09 14:49:31,198][com.java.SeleniumDriver] [  830] - Exception: null
[INFO ][2015-11-09 14:49:31,198][com.java.SeleniumDriver] [  836] - DataField : BTNparent
[INFO ][2015-11-09 14:49:31,198][com.java.SeleniumDriver] [  838] - DataValue : 
[INFO ][2015-11-09 14:49:31,198][com.java.SeleniumDriver] [  844] - <In Set values of the page>
[INFO ][2015-11-09 14:49:31,198][com.java.SeleniumDriver] [  847] - {Data Fields & Data Values Exist}
[INFO ][2015-11-09 14:49:31,198][com.java.SeleniumDriver] [  849] - --------------------------setting values-----------------------------
[INFO ][2015-11-09 14:49:31,198][com.java.SeleniumDriver] [  852] - Action Type : SelectFrame
[INFO ][2015-11-09 14:49:31,213][com.java.SeleniumDriver] [  861] -  RESULT true
[INFO ][2015-11-09 14:49:31,213][com.java.SeleniumDriver] [ 1066] - ?   P A S S   ?
[INFO ][2015-11-09 14:49:31,213][com.java.SeleniumDriver] [  788] - ------------------------------------------
[INFO ][2015-11-09 14:49:31,213][com.java.SeleniumDriver] [  789] - Test case being Executed: 7
[INFO ][2015-11-09 14:49:31,213][com.java.SeleniumDriver] [  800] - Test step:37
[INFO ][2015-11-09 14:49:31,213][com.java.SeleniumDriver] [  812] - Datavalue is----------null
[DEBUG][2015-11-09 14:49:31,213][com.java.SeleniumDriver] [  830] - Exception: null
[INFO ][2015-11-09 14:49:31,213][com.java.SeleniumDriver] [  836] - DataField : XPH//span[contains(text(), 'Finished')]
[INFO ][2015-11-09 14:49:31,213][com.java.SeleniumDriver] [  838] - DataValue : 
[INFO ][2015-11-09 14:49:31,213][com.java.SeleniumDriver] [  844] - <In Set values of the page>
[INFO ][2015-11-09 14:49:31,213][com.java.SeleniumDriver] [  847] - {Data Fields & Data Values Exist}
[INFO ][2015-11-09 14:49:31,213][com.java.SeleniumDriver] [  849] - --------------------------setting values-----------------------------
[INFO ][2015-11-09 14:49:31,213][com.java.SeleniumDriver] [  852] - Action Type : Click
[INFO ][2015-11-09 14:49:31,213][com.java.TestType] [ 4391] - Field ::XPH//span[contains(text(), 'Finished')]
[INFO ][2015-11-09 14:49:32,227][com.java.TestType] [ 4450] - BEFORE CLICK
[INFO ][2015-11-09 14:49:33,366][com.java.TestType] [ 4458] - Unable to click the object Finished button
[INFO ][2015-11-09 14:49:33,366][com.java.SeleniumDriver] [  861] -  RESULT true
[INFO ][2015-11-09 14:49:33,366][com.java.SeleniumDriver] [ 1066] - ?   P A S S   ?
[INFO ][2015-11-09 14:49:33,366][com.java.SeleniumDriver] [  788] - ------------------------------------------
[INFO ][2015-11-09 14:49:33,366][com.java.SeleniumDriver] [  789] - Test case being Executed: 7
[INFO ][2015-11-09 14:49:33,366][com.java.SeleniumDriver] [  800] - Test step:38
[INFO ][2015-11-09 14:49:33,366][com.java.SeleniumDriver] [  812] - Datavalue is----------Concept#3:1-2
[INFO ][2015-11-09 14:49:33,366][com.java.SeleniumDriver] [  836] - DataField : test
[INFO ][2015-11-09 14:49:33,366][com.java.SeleniumDriver] [  838] - DataValue : Concept#3:1-2
[INFO ][2015-11-09 14:49:33,366][com.java.SeleniumDriver] [  844] - <In Set values of the page>
[INFO ][2015-11-09 14:49:33,366][com.java.SeleniumDriver] [  847] - {Data Fields & Data Values Exist}
[INFO ][2015-11-09 14:49:33,366][com.java.SeleniumDriver] [  849] - --------------------------setting values-----------------------------
[INFO ][2015-11-09 14:49:33,366][com.java.SeleniumDriver] [  852] - Action Type : ExecuteTestCase
[INFO ][2015-11-09 14:49:33,366][com.java.TestType] [  422] - The Concept sheet name is ---------- Concept
[INFO ][2015-11-09 14:49:33,366][com.java.TestType] [  425] - The Concept ID  is ---------- 3
[DEBUG][2015-11-09 14:49:33,366][com.java.TestType] [  429] - Steps being executted in the Concept are: 1:2
[INFO ][2015-11-09 14:49:33,366][com.java.TestType] [  436] - Test data details path ---------- D:\BankersDashboard\TestInputs\TestData.xls
[INFO ][2015-11-09 14:49:33,367][com.java.TestType] [  467] -  str(1) = 3
[INFO ][2015-11-09 14:49:33,367][com.java.TestType] [  470] - Test case Id is---3
[INFO ][2015-11-09 14:49:33,367][com.java.TestType] [  472] - 3
[INFO ][2015-11-09 14:49:33,367][com.java.TestType] [  467] -  str(2) = 1
[INFO ][2015-11-09 14:49:33,398][com.java.TestType] [  519] - row values are--------{1=com.java.Objects.TestDataDetails@be362b}
[INFO ][2015-11-09 14:49:33,398][com.java.TestType] [  467] -  str(1) = 3
[INFO ][2015-11-09 14:49:33,398][com.java.TestType] [  470] - Test case Id is---3
[INFO ][2015-11-09 14:49:33,398][com.java.TestType] [  472] - 3
[INFO ][2015-11-09 14:49:33,398][com.java.TestType] [  467] -  str(2) = 2
[INFO ][2015-11-09 14:49:33,398][com.java.TestType] [  519] - row values are--------{1=com.java.Objects.TestDataDetails@be362b, 2=com.java.Objects.TestDataDetails@9d1e27}
[INFO ][2015-11-09 14:49:33,398][com.java.TestType] [ 8228] - Looping 1TCID = 3
[DEBUG][2015-11-09 14:49:33,398][com.java.TestType] [ 8269] - Concept ID:3 :: Step being Executed: 3::1
[INFO ][2015-11-09 14:49:33,398][com.java.TestType] [ 8307] - dataFields : test
[DEBUG][2015-11-09 14:49:33,398][com.java.TestType] [ 8313] - <In Set values of the page>
[DEBUG][2015-11-09 14:49:33,398][com.java.TestType] [ 8318] - {Data Fields & Data Values Exist}
[INFO ][2015-11-09 14:49:33,398][com.java.TestType] [ 8324] - --------------------------setting values-----------------------------
[INFO ][2015-11-09 14:49:33,398][com.java.TestType] [ 8327] - Action Type : Logout
[INFO ][2015-11-09 14:49:35,793][com.java.TestType] [ 4391] - Field ::CNF
[INFO ][2015-11-09 14:49:37,146][com.java.TestType] [ 4446] - Click the object confirmation
[INFO ][2015-11-09 14:49:37,146][com.java.TestType] [ 4447] - Unable to click the object confirmation
[DEBUG][2015-11-09 14:49:37,151][com.java.SeleniumDriver] [  425] - Hub ip address is-------172.17.68.34
[INFO ][2015-11-09 14:49:37,151][com.java.SeleniumDriver] [  451] - Grid URL:http://172.17.68.34:4444/wd/hub
[INFO ][2015-11-09 14:49:37,151][com.java.SeleniumDriver] [  452] - Capability:Capabilities [{platform=ANY, ensureCleanSession=true, ignoreProtectedModeSettings=true, acceptSslCerts=true, ignoreZoomSetting=true, browserName=internet explorer, browserstack.ie.noFlash=true, version=Node1}]
[ERROR][2015-11-09 14:49:38,214][com.java.SeleniumDriver] [  496] - Unable invoke browser in grid:Could not start a new session. Possible causes are invalid address of the remote server or browser start-up failure.
Build info: version: '2.48.2', revision: '41bccdd', time: '2015-10-09 19:59:12'
System info: host: 'FVTIII438F1D', ip: '172.17.68.34', os.name: 'Windows 7', os.arch: 'x86', os.version: '6.1', java.version: '1.7.0_55'
Driver info: driver.version: SeleniumDriver
[INFO ][2015-11-09 14:49:38,214][com.java.SeleniumDriver] [  498] - Executing on local machine
[INFO ][2015-11-09 14:49:49,774][com.java.TestType] [ 8346] -  RESULT true
[INFO ][2015-11-09 14:49:49,774][com.java.TestType] [ 8463] - ?   P A S S   ?
[DEBUG][2015-11-09 14:49:49,774][com.java.TestType] [ 8269] - Concept ID:3 :: Step being Executed: 3::2
[INFO ][2015-11-09 14:49:49,774][com.java.TestType] [ 8307] - dataFields : test
[DEBUG][2015-11-09 14:49:49,774][com.java.TestType] [ 8313] - <In Set values of the page>
[DEBUG][2015-11-09 14:49:49,774][com.java.TestType] [ 8318] - {Data Fields & Data Values Exist}
[INFO ][2015-11-09 14:49:49,774][com.java.TestType] [ 8324] - --------------------------setting values-----------------------------
[INFO ][2015-11-09 14:49:49,774][com.java.TestType] [ 8327] - Action Type : WaitTime
[DEBUG][2015-11-09 14:49:49,774][com.java.TestType] [ 3913] - sleepTime: 2000
[INFO ][2015-11-09 14:49:51,797][com.java.TestType] [ 8346] -  RESULT true
[INFO ][2015-11-09 14:49:51,797][com.java.TestType] [ 8463] - ?   P A S S   ?
[INFO ][2015-11-09 14:49:51,797][com.java.TestType] [ 8534] - Looping End......
[INFO ][2015-11-09 14:49:51,797][com.java.SeleniumDriver] [  861] -  RESULT true
[INFO ][2015-11-09 14:49:51,797][com.java.SeleniumDriver] [ 1066] - ?   P A S S   ?
[INFO ][2015-11-09 14:49:51,797][com.java.SeleniumDriver] [  788] - ------------------------------------------
[INFO ][2015-11-09 14:49:51,797][com.java.SeleniumDriver] [  789] - Test case being Executed: 7
[INFO ][2015-11-09 14:49:51,797][com.java.SeleniumDriver] [  800] - Test step:39
[INFO ][2015-11-09 14:49:51,797][com.java.SeleniumDriver] [  812] - Datavalue is----------HMVLogin_username
[INFO ][2015-11-09 14:49:51,797][com.java.SeleniumDriver] [  836] - DataField : TXTusername
[INFO ][2015-11-09 14:49:51,797][com.java.SeleniumDriver] [  838] - DataValue : HMVLogin_username
[INFO ][2015-11-09 14:49:51,797][com.java.SeleniumDriver] [  844] - <In Set values of the page>
[INFO ][2015-11-09 14:49:51,797][com.java.SeleniumDriver] [  847] - {Data Fields & Data Values Exist}
[INFO ][2015-11-09 14:49:51,797][com.java.SeleniumDriver] [  849] - --------------------------setting values-----------------------------
[INFO ][2015-11-09 14:49:51,797][com.java.SeleniumDriver] [  852] - Action Type : CLEARANDENTER
[INFO ][2015-11-09 14:49:51,797][com.java.TestType] [ 4078] - value = vltest.robot.33527
[INFO ][2015-11-09 14:49:56,802][com.java.SeleniumDriver] [  861] -  RESULT true
[INFO ][2015-11-09 14:49:56,802][com.java.SeleniumDriver] [ 1066] - ?   P A S S   ?
[INFO ][2015-11-09 14:49:56,802][com.java.SeleniumDriver] [  788] - ------------------------------------------
[INFO ][2015-11-09 14:49:56,802][com.java.SeleniumDriver] [  789] - Test case being Executed: 7
[INFO ][2015-11-09 14:49:56,802][com.java.SeleniumDriver] [  800] - Test step:40
[INFO ][2015-11-09 14:49:56,802][com.java.SeleniumDriver] [  812] - Datavalue is----------dt:NewUserPswd
[INFO ][2015-11-09 14:49:56,802][com.java.SeleniumDriver] [  836] - DataField : TXTpassword
[INFO ][2015-11-09 14:49:56,802][com.java.SeleniumDriver] [  838] - DataValue : dt:NewUserPswd
[INFO ][2015-11-09 14:49:56,802][com.java.SeleniumDriver] [  844] - <In Set values of the page>
[INFO ][2015-11-09 14:49:56,802][com.java.SeleniumDriver] [  847] - {Data Fields & Data Values Exist}
[INFO ][2015-11-09 14:49:56,802][com.java.SeleniumDriver] [  849] - --------------------------setting values-----------------------------
[INFO ][2015-11-09 14:49:56,802][com.java.SeleniumDriver] [  852] - Action Type : CLEARANDENTER
[INFO ][2015-11-09 14:49:56,802][com.java.TestType] [ 4078] - value = Password1*
[INFO ][2015-11-09 14:50:01,992][com.java.SeleniumDriver] [  861] -  RESULT true
[INFO ][2015-11-09 14:50:01,992][com.java.SeleniumDriver] [ 1066] - ?   P A S S   ?
[INFO ][2015-11-09 14:50:01,992][com.java.SeleniumDriver] [  788] - ------------------------------------------
[INFO ][2015-11-09 14:50:01,992][com.java.SeleniumDriver] [  789] - Test case being Executed: 7
[INFO ][2015-11-09 14:50:01,992][com.java.SeleniumDriver] [  800] - Test step:41
[INFO ][2015-11-09 14:50:01,992][com.java.SeleniumDriver] [  812] - Datavalue is----------null
[DEBUG][2015-11-09 14:50:01,992][com.java.SeleniumDriver] [  830] - Exception: null
[INFO ][2015-11-09 14:50:01,992][com.java.SeleniumDriver] [  836] - DataField : XPH//button[@type='submit']
[INFO ][2015-11-09 14:50:01,992][com.java.SeleniumDriver] [  838] - DataValue : 
[INFO ][2015-11-09 14:50:01,992][com.java.SeleniumDriver] [  844] - <In Set values of the page>
[INFO ][2015-11-09 14:50:01,992][com.java.SeleniumDriver] [  847] - {Data Fields & Data Values Exist}
[INFO ][2015-11-09 14:50:01,992][com.java.SeleniumDriver] [  849] - --------------------------setting values-----------------------------
[INFO ][2015-11-09 14:50:01,992][com.java.SeleniumDriver] [  852] - Action Type : Click
[INFO ][2015-11-09 14:50:01,992][com.java.TestType] [ 4391] - Field ::XPH//button[@type='submit']
[INFO ][2015-11-09 14:50:03,006][com.java.TestType] [ 4450] - BEFORE CLICK
[INFO ][2015-11-09 14:50:15,857][com.java.TestType] [ 4458] - Unable to click the object Login
[INFO ][2015-11-09 14:50:15,857][com.java.SeleniumDriver] [  861] -  RESULT true
[INFO ][2015-11-09 14:50:15,857][com.java.SeleniumDriver] [ 1066] - ?   P A S S   ?
[INFO ][2015-11-09 14:50:15,857][com.java.SeleniumDriver] [  788] - ------------------------------------------
[INFO ][2015-11-09 14:50:15,857][com.java.SeleniumDriver] [  789] - Test case being Executed: 7
[INFO ][2015-11-09 14:50:15,857][com.java.SeleniumDriver] [  800] - Test step:42
[INFO ][2015-11-09 14:50:15,857][com.java.SeleniumDriver] [  812] - Datavalue is----------null
[DEBUG][2015-11-09 14:50:15,857][com.java.SeleniumDriver] [  830] - Exception: null
[INFO ][2015-11-09 14:50:15,857][com.java.SeleniumDriver] [  836] - DataField : test
[INFO ][2015-11-09 14:50:15,857][com.java.SeleniumDriver] [  838] - DataValue : 
[INFO ][2015-11-09 14:50:15,857][com.java.SeleniumDriver] [  844] - <In Set values of the page>
[INFO ][2015-11-09 14:50:15,857][com.java.SeleniumDriver] [  847] - {Data Fields & Data Values Exist}
[INFO ][2015-11-09 14:50:15,857][com.java.SeleniumDriver] [  849] - --------------------------setting values-----------------------------
[INFO ][2015-11-09 14:50:15,857][com.java.SeleniumDriver] [  852] - Action Type : WaitTime
[DEBUG][2015-11-09 14:50:15,857][com.java.TestType] [ 3913] - sleepTime: 10000
[INFO ][2015-11-09 14:50:25,867][com.java.SeleniumDriver] [  861] -  RESULT true
[INFO ][2015-11-09 14:50:25,867][com.java.SeleniumDriver] [ 1066] - ?   P A S S   ?
[INFO ][2015-11-09 14:50:25,867][com.java.SeleniumDriver] [  788] - ------------------------------------------
[INFO ][2015-11-09 14:50:25,867][com.java.SeleniumDriver] [  789] - Test case being Executed: 7
[INFO ][2015-11-09 14:50:25,867][com.java.SeleniumDriver] [  800] - Test step:43
[INFO ][2015-11-09 14:50:25,867][com.java.SeleniumDriver] [  812] - Datavalue is----------Banker'sDashboard
[INFO ][2015-11-09 14:50:25,867][com.java.SeleniumDriver] [  836] - DataField : TTL
[INFO ][2015-11-09 14:50:25,867][com.java.SeleniumDriver] [  838] - DataValue : Banker'sDashboard
[INFO ][2015-11-09 14:50:25,867][com.java.SeleniumDriver] [  844] - <In Set values of the page>
[INFO ][2015-11-09 14:50:25,867][com.java.SeleniumDriver] [  847] - {Data Fields & Data Values Exist}
[INFO ][2015-11-09 14:50:25,867][com.java.SeleniumDriver] [  849] - --------------------------setting values-----------------------------
[INFO ][2015-11-09 14:50:25,867][com.java.SeleniumDriver] [  852] - Action Type : SelectWindow
[INFO ][2015-11-09 14:50:38,215][com.java.SeleniumDriver] [  861] -  RESULT true
[INFO ][2015-11-09 14:50:38,215][com.java.SeleniumDriver] [ 1066] - ?   P A S S   ?
[INFO ][2015-11-09 14:50:38,215][com.java.SeleniumDriver] [  788] - ------------------------------------------
[INFO ][2015-11-09 14:50:38,215][com.java.SeleniumDriver] [  789] - Test case being Executed: 7
[INFO ][2015-11-09 14:50:38,215][com.java.SeleniumDriver] [  800] - Test step:44
[INFO ][2015-11-09 14:50:38,215][com.java.SeleniumDriver] [  812] - Datavalue is----------20
[INFO ][2015-11-09 14:50:38,215][com.java.SeleniumDriver] [  836] - DataField : test
[INFO ][2015-11-09 14:50:38,215][com.java.SeleniumDriver] [  838] - DataValue : 20
[INFO ][2015-11-09 14:50:38,215][com.java.SeleniumDriver] [  844] - <In Set values of the page>
[INFO ][2015-11-09 14:50:38,215][com.java.SeleniumDriver] [  847] - {Data Fields & Data Values Exist}
[INFO ][2015-11-09 14:50:38,215][com.java.SeleniumDriver] [  849] - --------------------------setting values-----------------------------
[INFO ][2015-11-09 14:50:38,215][com.java.SeleniumDriver] [  852] - Action Type : WaitTime
[DEBUG][2015-11-09 14:50:38,215][com.java.TestType] [ 3913] - sleepTime: 20000
[INFO ][2015-11-09 14:50:58,219][com.java.SeleniumDriver] [  861] -  RESULT true
[INFO ][2015-11-09 14:50:58,219][com.java.SeleniumDriver] [ 1066] - ?   P A S S   ?
[INFO ][2015-11-09 14:50:58,219][com.java.SeleniumDriver] [  788] - ------------------------------------------
[INFO ][2015-11-09 14:50:58,219][com.java.SeleniumDriver] [  789] - Test case being Executed: 7
[INFO ][2015-11-09 14:50:58,219][com.java.SeleniumDriver] [  800] - Test step:45
[INFO ][2015-11-09 14:50:58,219][com.java.SeleniumDriver] [  812] - Datavalue is----------null
[DEBUG][2015-11-09 14:50:58,219][com.java.SeleniumDriver] [  830] - Exception: null
[INFO ][2015-11-09 14:50:58,219][com.java.SeleniumDriver] [  836] - DataField : //span[@class='icon-cog2']&&//a[@data-id="UserSettings"]
[INFO ][2015-11-09 14:50:58,219][com.java.SeleniumDriver] [  838] - DataValue : 
[INFO ][2015-11-09 14:50:58,219][com.java.SeleniumDriver] [  844] - <In Set values of the page>
[INFO ][2015-11-09 14:50:58,219][com.java.SeleniumDriver] [  847] - {Data Fields & Data Values Exist}
[INFO ][2015-11-09 14:50:58,219][com.java.SeleniumDriver] [  849] - --------------------------setting values-----------------------------
[INFO ][2015-11-09 14:50:58,219][com.java.SeleniumDriver] [  852] - Action Type : MouseOver
[INFO ][2015-11-09 14:51:08,488][com.java.SeleniumDriver] [  861] -  RESULT true
[INFO ][2015-11-09 14:51:08,488][com.java.SeleniumDriver] [ 1066] - ?   P A S S   ?
[INFO ][2015-11-09 14:51:08,488][com.java.SeleniumDriver] [  788] - ------------------------------------------
[INFO ][2015-11-09 14:51:08,488][com.java.SeleniumDriver] [  789] - Test case being Executed: 7
[INFO ][2015-11-09 14:51:08,488][com.java.SeleniumDriver] [  800] - Test step:46
[INFO ][2015-11-09 14:51:08,488][com.java.SeleniumDriver] [  812] - Datavalue is----------null
[DEBUG][2015-11-09 14:51:08,488][com.java.SeleniumDriver] [  830] - Exception: null
[INFO ][2015-11-09 14:51:08,488][com.java.SeleniumDriver] [  836] - DataField : BTNframeDialogContent
[INFO ][2015-11-09 14:51:08,488][com.java.SeleniumDriver] [  838] - DataValue : 
[INFO ][2015-11-09 14:51:08,488][com.java.SeleniumDriver] [  844] - <In Set values of the page>
[INFO ][2015-11-09 14:51:08,488][com.java.SeleniumDriver] [  847] - {Data Fields & Data Values Exist}
[INFO ][2015-11-09 14:51:08,488][com.java.SeleniumDriver] [  849] - --------------------------setting values-----------------------------
[INFO ][2015-11-09 14:51:08,488][com.java.SeleniumDriver] [  852] - Action Type : WaitForElement
[INFO ][2015-11-09 14:51:09,704][com.java.SeleniumDriver] [  861] -  RESULT true
[INFO ][2015-11-09 14:51:09,704][com.java.SeleniumDriver] [ 1066] - ?   P A S S   ?
[INFO ][2015-11-09 14:51:09,704][com.java.SeleniumDriver] [  788] - ------------------------------------------
[INFO ][2015-11-09 14:51:09,704][com.java.SeleniumDriver] [  789] - Test case being Executed: 7
[INFO ][2015-11-09 14:51:09,704][com.java.SeleniumDriver] [  800] - Test step:47
[INFO ][2015-11-09 14:51:09,704][com.java.SeleniumDriver] [  812] - Datavalue is----------frameDialogContent
[INFO ][2015-11-09 14:51:09,704][com.java.SeleniumDriver] [  836] - DataField : BTN
[INFO ][2015-11-09 14:51:09,704][com.java.SeleniumDriver] [  838] - DataValue : frameDialogContent
[INFO ][2015-11-09 14:51:09,704][com.java.SeleniumDriver] [  844] - <In Set values of the page>
[INFO ][2015-11-09 14:51:09,704][com.java.SeleniumDriver] [  847] - {Data Fields & Data Values Exist}
[INFO ][2015-11-09 14:51:09,704][com.java.SeleniumDriver] [  849] - --------------------------setting values-----------------------------
[INFO ][2015-11-09 14:51:09,704][com.java.SeleniumDriver] [  852] - Action Type : SELECTFRAMEBYNAME
[INFO ][2015-11-09 14:51:09,704][com.java.TestType] [ 4078] - value = frameDialogContent
[INFO ][2015-11-09 14:51:09,783][com.java.SeleniumDriver] [  861] -  RESULT true
[INFO ][2015-11-09 14:51:09,783][com.java.SeleniumDriver] [ 1066] - ?   P A S S   ?
[INFO ][2015-11-09 14:51:09,783][com.java.SeleniumDriver] [  788] - ------------------------------------------
[INFO ][2015-11-09 14:51:09,783][com.java.SeleniumDriver] [  789] - Test case being Executed: 7
[INFO ][2015-11-09 14:51:09,783][com.java.SeleniumDriver] [  800] - Test step:48
[INFO ][2015-11-09 14:51:09,783][com.java.SeleniumDriver] [  812] - Datavalue is----------No
[INFO ][2015-11-09 14:51:09,783][com.java.SeleniumDriver] [  836] - DataField : SLBddlOpenBDInNewWindow
[INFO ][2015-11-09 14:51:09,783][com.java.SeleniumDriver] [  838] - DataValue : No
[INFO ][2015-11-09 14:51:09,783][com.java.SeleniumDriver] [  844] - <In Set values of the page>
[INFO ][2015-11-09 14:51:09,783][com.java.SeleniumDriver] [  847] - {Data Fields & Data Values Exist}
[INFO ][2015-11-09 14:51:09,783][com.java.SeleniumDriver] [  849] - --------------------------setting values-----------------------------
[INFO ][2015-11-09 14:51:09,783][com.java.SeleniumDriver] [  852] - Action Type : Select
[INFO ][2015-11-09 14:51:09,783][com.java.TestType] [ 4078] - value = No
[INFO ][2015-11-09 14:51:12,235][com.java.SeleniumDriver] [  861] -  RESULT true
[INFO ][2015-11-09 14:51:12,235][com.java.SeleniumDriver] [ 1066] - ?   P A S S   ?
[INFO ][2015-11-09 14:51:12,235][com.java.SeleniumDriver] [  788] - ------------------------------------------
[INFO ][2015-11-09 14:51:12,235][com.java.SeleniumDriver] [  789] - Test case being Executed: 7
[INFO ][2015-11-09 14:51:12,235][com.java.SeleniumDriver] [  800] - Test step:49
[INFO ][2015-11-09 14:51:12,235][com.java.SeleniumDriver] [  812] - Datavalue is----------null
[DEBUG][2015-11-09 14:51:12,235][com.java.SeleniumDriver] [  830] - Exception: null
[INFO ][2015-11-09 14:51:12,235][com.java.SeleniumDriver] [  836] - DataField : BTNparent
[INFO ][2015-11-09 14:51:12,235][com.java.SeleniumDriver] [  838] - DataValue : 
[INFO ][2015-11-09 14:51:12,235][com.java.SeleniumDriver] [  844] - <In Set values of the page>
[INFO ][2015-11-09 14:51:12,235][com.java.SeleniumDriver] [  847] - {Data Fields & Data Values Exist}
[INFO ][2015-11-09 14:51:12,235][com.java.SeleniumDriver] [  849] - --------------------------setting values-----------------------------
[INFO ][2015-11-09 14:51:12,235][com.java.SeleniumDriver] [  852] - Action Type : SELECTFRAME
[INFO ][2015-11-09 14:51:12,250][com.java.SeleniumDriver] [  861] -  RESULT true
[INFO ][2015-11-09 14:51:12,250][com.java.SeleniumDriver] [ 1066] - ?   P A S S   ?
[INFO ][2015-11-09 14:51:12,250][com.java.SeleniumDriver] [  788] - ------------------------------------------
[INFO ][2015-11-09 14:51:12,250][com.java.SeleniumDriver] [  789] - Test case being Executed: 7
[INFO ][2015-11-09 14:51:12,250][com.java.SeleniumDriver] [  800] - Test step:50
[INFO ][2015-11-09 14:51:12,250][com.java.SeleniumDriver] [  812] - Datavalue is----------null
[DEBUG][2015-11-09 14:51:12,250][com.java.SeleniumDriver] [  830] - Exception: null
[INFO ][2015-11-09 14:51:12,250][com.java.SeleniumDriver] [  836] - DataField : BTN//span[text()='Finished']
[INFO ][2015-11-09 14:51:12,250][com.java.SeleniumDriver] [  838] - DataValue : 
[INFO ][2015-11-09 14:51:12,250][com.java.SeleniumDriver] [  844] - <In Set values of the page>
[INFO ][2015-11-09 14:51:12,250][com.java.SeleniumDriver] [  847] - {Data Fields & Data Values Exist}
[INFO ][2015-11-09 14:51:12,250][com.java.SeleniumDriver] [  849] - --------------------------setting values-----------------------------
[INFO ][2015-11-09 14:51:12,250][com.java.SeleniumDriver] [  852] - Action Type : Click
[INFO ][2015-11-09 14:51:12,250][com.java.TestType] [ 4391] - Field ::BTN//span[text()='Finished']
[INFO ][2015-11-09 14:51:13,264][com.java.TestType] [ 4429] - BEFORE CLICK
[INFO ][2015-11-09 14:51:13,530][com.java.TestType] [ 4436] - Unable to click the object Finished button
[INFO ][2015-11-09 14:51:13,530][com.java.SeleniumDriver] [  861] -  RESULT true
[INFO ][2015-11-09 14:51:13,530][com.java.SeleniumDriver] [ 1066] - ?   P A S S   ?
[INFO ][2015-11-09 14:51:13,530][com.java.SeleniumDriver] [  788] - ------------------------------------------
[INFO ][2015-11-09 14:51:13,530][com.java.SeleniumDriver] [  789] - Test case being Executed: 7
[INFO ][2015-11-09 14:51:13,530][com.java.SeleniumDriver] [  800] - Test step:51
[INFO ][2015-11-09 14:51:13,530][com.java.SeleniumDriver] [  812] - Datavalue is----------Logout
[INFO ][2015-11-09 14:51:13,530][com.java.SeleniumDriver] [  836] - DataField : LNK
[INFO ][2015-11-09 14:51:13,530][com.java.SeleniumDriver] [  838] - DataValue : Logout
[INFO ][2015-11-09 14:51:13,530][com.java.SeleniumDriver] [  844] - <In Set values of the page>
[INFO ][2015-11-09 14:51:13,530][com.java.SeleniumDriver] [  847] - {Data Fields & Data Values Exist}
[INFO ][2015-11-09 14:51:13,530][com.java.SeleniumDriver] [  849] - --------------------------setting values-----------------------------
[INFO ][2015-11-09 14:51:13,530][com.java.SeleniumDriver] [  852] - Action Type : Verify
[INFO ][2015-11-09 14:51:13,530][com.java.TestType] [ 5204] - field= LNK value= Logout
[INFO ][2015-11-09 14:51:13,530][com.java.TestType] [ 4078] - value = Logout
[INFO ][2015-11-09 14:51:13,624][com.java.SeleniumDriver] [  861] -  RESULT true
[INFO ][2015-11-09 14:51:13,624][com.java.SeleniumDriver] [ 1066] - ?   P A S S   ?
[INFO ][2015-11-09 14:51:13,624][com.java.SeleniumDriver] [  788] - ------------------------------------------
[INFO ][2015-11-09 14:51:13,624][com.java.SeleniumDriver] [  789] - Test case being Executed: 7
[INFO ][2015-11-09 14:51:13,624][com.java.SeleniumDriver] [  800] - Test step:52
[INFO ][2015-11-09 14:51:13,624][com.java.SeleniumDriver] [  812] - Datavalue is----------//img[contains(@src,'bdlogo.jpg')]
[INFO ][2015-11-09 14:51:13,624][com.java.SeleniumDriver] [  836] - DataField : BTN
[INFO ][2015-11-09 14:51:13,624][com.java.SeleniumDriver] [  838] - DataValue : //img[contains(@src,'bdlogo.jpg')]
[INFO ][2015-11-09 14:51:13,624][com.java.SeleniumDriver] [  844] - <In Set values of the page>
[INFO ][2015-11-09 14:51:13,624][com.java.SeleniumDriver] [  847] - {Data Fields & Data Values Exist}
[INFO ][2015-11-09 14:51:13,624][com.java.SeleniumDriver] [  849] - --------------------------setting values-----------------------------
[INFO ][2015-11-09 14:51:13,624][com.java.SeleniumDriver] [  852] - Action Type : Verify
[INFO ][2015-11-09 14:51:13,624][com.java.TestType] [ 5204] - field= BTN value= //img[contains(@src,'bdlogo.jpg')]
[INFO ][2015-11-09 14:51:13,624][com.java.TestType] [ 4078] - value = //img[contains(@src,'bdlogo.jpg')]
[INFO ][2015-11-09 14:51:13,733][com.java.SeleniumDriver] [  861] -  RESULT true
[INFO ][2015-11-09 14:51:13,733][com.java.SeleniumDriver] [ 1066] - ?   P A S S   ?
[INFO ][2015-11-09 14:51:13,733][com.java.SeleniumDriver] [  788] - ------------------------------------------
[INFO ][2015-11-09 14:51:13,733][com.java.SeleniumDriver] [  789] - Test case being Executed: 7
[INFO ][2015-11-09 14:51:13,733][com.java.SeleniumDriver] [  800] - Test step:53
[INFO ][2015-11-09 14:51:13,733][com.java.SeleniumDriver] [  812] - Datavalue is----------null
[DEBUG][2015-11-09 14:51:13,733][com.java.SeleniumDriver] [  830] - Exception: null
[INFO ][2015-11-09 14:51:13,733][com.java.SeleniumDriver] [  836] - DataField : null
[INFO ][2015-11-09 14:51:13,733][com.java.SeleniumDriver] [  838] - DataValue : 
[INFO ][2015-11-09 14:51:13,733][com.java.SeleniumDriver] [  844] - <In Set values of the page>
[INFO ][2015-11-09 14:51:13,733][com.java.SeleniumDriver] [  847] - {Data Fields & Data Values Exist}
[INFO ][2015-11-09 14:51:13,733][com.java.SeleniumDriver] [  849] - --------------------------setting values-----------------------------
[INFO ][2015-11-09 14:51:13,733][com.java.SeleniumDriver] [  852] - Action Type : OPENNEWBROWSER
[DEBUG][2015-11-09 14:51:19,053][com.java.SeleniumDriver] [  425] - Hub ip address is-------172.17.68.34
[INFO ][2015-11-09 14:51:19,053][com.java.SeleniumDriver] [  451] - Grid URL:http://172.17.68.34:4444/wd/hub
[INFO ][2015-11-09 14:51:19,053][com.java.SeleniumDriver] [  452] - Capability:Capabilities [{platform=ANY, ensureCleanSession=true, ignoreProtectedModeSettings=true, acceptSslCerts=true, ignoreZoomSetting=true, browserName=internet explorer, browserstack.ie.noFlash=true, version=Node1}]
[ERROR][2015-11-09 14:51:20,083][com.java.SeleniumDriver] [  496] - Unable invoke browser in grid:Could not start a new session. Possible causes are invalid address of the remote server or browser start-up failure.
Build info: version: '2.48.2', revision: '41bccdd', time: '2015-10-09 19:59:12'
System info: host: 'FVTIII438F1D', ip: '172.17.68.34', os.name: 'Windows 7', os.arch: 'x86', os.version: '6.1', java.version: '1.7.0_55'
Driver info: driver.version: SeleniumDriver
[INFO ][2015-11-09 14:51:20,083][com.java.SeleniumDriver] [  498] - Executing on local machine
[INFO ][2015-11-09 14:51:31,357][com.java.SeleniumDriver] [  861] -  RESULT true
[INFO ][2015-11-09 14:51:31,357][com.java.SeleniumDriver] [ 1066] - ?   P A S S   ?
[INFO ][2015-11-09 14:51:31,357][com.java.SeleniumDriver] [  788] - ------------------------------------------
[INFO ][2015-11-09 14:51:31,357][com.java.SeleniumDriver] [  789] - Test case being Executed: 7
[INFO ][2015-11-09 14:51:31,357][com.java.SeleniumDriver] [  800] - Test step:54
[INFO ][2015-11-09 14:51:31,357][com.java.SeleniumDriver] [  812] - Datavalue is----------Concept#1:1-14
[INFO ][2015-11-09 14:51:31,357][com.java.SeleniumDriver] [  836] - DataField : test
[INFO ][2015-11-09 14:51:31,357][com.java.SeleniumDriver] [  838] - DataValue : Concept#1:1-14
[INFO ][2015-11-09 14:51:31,357][com.java.SeleniumDriver] [  844] - <In Set values of the page>
[INFO ][2015-11-09 14:51:31,357][com.java.SeleniumDriver] [  847] - {Data Fields & Data Values Exist}
[INFO ][2015-11-09 14:51:31,357][com.java.SeleniumDriver] [  849] - --------------------------setting values-----------------------------
[INFO ][2015-11-09 14:51:31,357][com.java.SeleniumDriver] [  852] - Action Type : ExecuteTestCase
[INFO ][2015-11-09 14:51:31,357][com.java.TestType] [  422] - The Concept sheet name is ---------- Concept
[INFO ][2015-11-09 14:51:31,357][com.java.TestType] [  425] - The Concept ID  is ---------- 1
[DEBUG][2015-11-09 14:51:31,357][com.java.TestType] [  429] - Steps being executted in the Concept are: 1:14
[INFO ][2015-11-09 14:51:31,357][com.java.TestType] [  436] - Test data details path ---------- D:\BankersDashboard\TestInputs\TestData.xls
[INFO ][2015-11-09 14:51:31,389][com.java.TestType] [  467] -  str(1) = 1
[INFO ][2015-11-09 14:51:31,389][com.java.TestType] [  470] - Test case Id is---1
[INFO ][2015-11-09 14:51:31,389][com.java.TestType] [  472] - 1
[INFO ][2015-11-09 14:51:31,389][com.java.TestType] [  467] -  str(2) = 1
[INFO ][2015-11-09 14:51:31,389][com.java.TestType] [  519] - row values are--------{1=com.java.Objects.TestDataDetails@137c278}
[INFO ][2015-11-09 14:51:31,389][com.java.TestType] [  467] -  str(1) = 1
[INFO ][2015-11-09 14:51:31,389][com.java.TestType] [  470] - Test case Id is---1
[INFO ][2015-11-09 14:51:31,389][com.java.TestType] [  472] - 1
[INFO ][2015-11-09 14:51:31,389][com.java.TestType] [  467] -  str(2) = 2
[INFO ][2015-11-09 14:51:31,389][com.java.TestType] [  519] - row values are--------{1=com.java.Objects.TestDataDetails@137c278, 2=com.java.Objects.TestDataDetails@1220536}
[INFO ][2015-11-09 14:51:31,389][com.java.TestType] [  467] -  str(1) = 1
[INFO ][2015-11-09 14:51:31,389][com.java.TestType] [  470] - Test case Id is---1
[INFO ][2015-11-09 14:51:31,389][com.java.TestType] [  472] - 1
[INFO ][2015-11-09 14:51:31,389][com.java.TestType] [  467] -  str(2) = 3
[INFO ][2015-11-09 14:51:31,389][com.java.TestType] [  519] - row values are--------{1=com.java.Objects.TestDataDetails@137c278, 2=com.java.Objects.TestDataDetails@1220536, 3=com.java.Objects.TestDataDetails@12ba0c2}
[INFO ][2015-11-09 14:51:31,389][com.java.TestType] [  467] -  str(1) = 1
[INFO ][2015-11-09 14:51:31,389][com.java.TestType] [  470] - Test case Id is---1
[INFO ][2015-11-09 14:51:31,389][com.java.TestType] [  472] - 1
[INFO ][2015-11-09 14:51:31,389][com.java.TestType] [  467] -  str(2) = 4
[INFO ][2015-11-09 14:51:31,389][com.java.TestType] [  519] - row values are--------{1=com.java.Objects.TestDataDetails@137c278, 2=com.java.Objects.TestDataDetails@1220536, 3=com.java.Objects.TestDataDetails@12ba0c2, 4=com.java.Objects.TestDataDetails@1bccaee}
[INFO ][2015-11-09 14:51:31,389][com.java.TestType] [  467] -  str(1) = 1
[INFO ][2015-11-09 14:51:31,389][com.java.TestType] [  470] - Test case Id is---1
[INFO ][2015-11-09 14:51:31,389][com.java.TestType] [  472] - 1
[INFO ][2015-11-09 14:51:31,389][com.java.TestType] [  467] -  str(2) = 5
[INFO ][2015-11-09 14:51:31,389][com.java.TestType] [  519] - row values are--------{1=com.java.Objects.TestDataDetails@137c278, 2=com.java.Objects.TestDataDetails@1220536, 3=com.java.Objects.TestDataDetails@12ba0c2, 4=com.java.Objects.TestDataDetails@1bccaee, 5=com.java.Objects.TestDataDetails@5510c5}
[INFO ][2015-11-09 14:51:31,389][com.java.TestType] [  467] -  str(1) = 1
[INFO ][2015-11-09 14:51:31,389][com.java.TestType] [  470] - Test case Id is---1
[INFO ][2015-11-09 14:51:31,389][com.java.TestType] [  472] - 1
[INFO ][2015-11-09 14:51:31,389][com.java.TestType] [  467] -  str(2) = 6
[INFO ][2015-11-09 14:51:31,389][com.java.TestType] [  519] - row values are--------{1=com.java.Objects.TestDataDetails@137c278, 2=com.java.Objects.TestDataDetails@1220536, 3=com.java.Objects.TestDataDetails@12ba0c2, 4=com.java.Objects.TestDataDetails@1bccaee, 5=com.java.Objects.TestDataDetails@5510c5, 6=com.java.Objects.TestDataDetails@1a4c44b}
[INFO ][2015-11-09 14:51:31,389][com.java.TestType] [  467] -  str(1) = 1
[INFO ][2015-11-09 14:51:31,389][com.java.TestType] [  470] - Test case Id is---1
[INFO ][2015-11-09 14:51:31,389][com.java.TestType] [  472] - 1
[INFO ][2015-11-09 14:51:31,389][com.java.TestType] [  467] -  str(2) = 7
[INFO ][2015-11-09 14:51:31,389][com.java.TestType] [  519] - row values are--------{1=com.java.Objects.TestDataDetails@137c278, 2=com.java.Objects.TestDataDetails@1220536, 3=com.java.Objects.TestDataDetails@12ba0c2, 4=com.java.Objects.TestDataDetails@1bccaee, 5=com.java.Objects.TestDataDetails@5510c5, 6=com.java.Objects.TestDataDetails@1a4c44b, 7=com.java.Objects.TestDataDetails@a36bf7}
[INFO ][2015-11-09 14:51:31,389][com.java.TestType] [  467] -  str(1) = 1
[INFO ][2015-11-09 14:51:31,389][com.java.TestType] [  470] - Test case Id is---1
[INFO ][2015-11-09 14:51:31,389][com.java.TestType] [  472] - 1
[INFO ][2015-11-09 14:51:31,389][com.java.TestType] [  467] -  str(2) = 8
[INFO ][2015-11-09 14:51:31,389][com.java.TestType] [  519] - row values are--------{1=com.java.Objects.TestDataDetails@137c278, 2=com.java.Objects.TestDataDetails@1220536, 3=com.java.Objects.TestDataDetails@12ba0c2, 4=com.java.Objects.TestDataDetails@1bccaee, 5=com.java.Objects.TestDataDetails@5510c5, 6=com.java.Objects.TestDataDetails@1a4c44b, 7=com.java.Objects.TestDataDetails@a36bf7, 8=com.java.Objects.TestDataDetails@5f1254}
[INFO ][2015-11-09 14:51:31,389][com.java.TestType] [  467] -  str(1) = 1
[INFO ][2015-11-09 14:51:31,389][com.java.TestType] [  470] - Test case Id is---1
[INFO ][2015-11-09 14:51:31,389][com.java.TestType] [  472] - 1
[INFO ][2015-11-09 14:51:31,389][com.java.TestType] [  467] -  str(2) = 9
[INFO ][2015-11-09 14:51:31,389][com.java.TestType] [  519] - row values are--------{1=com.java.Objects.TestDataDetails@137c278, 2=com.java.Objects.TestDataDetails@1220536, 3=com.java.Objects.TestDataDetails@12ba0c2, 4=com.java.Objects.TestDataDetails@1bccaee, 5=com.java.Objects.TestDataDetails@5510c5, 6=com.java.Objects.TestDataDetails@1a4c44b, 7=com.java.Objects.TestDataDetails@a36bf7, 8=com.java.Objects.TestDataDetails@5f1254, 9=com.java.Objects.TestDataDetails@3517d5}
[INFO ][2015-11-09 14:51:31,389][com.java.TestType] [  467] -  str(1) = 1
[INFO ][2015-11-09 14:51:31,389][com.java.TestType] [  470] - Test case Id is---1
[INFO ][2015-11-09 14:51:31,389][com.java.TestType] [  472] - 1
[INFO ][2015-11-09 14:51:31,389][com.java.TestType] [  467] -  str(2) = 10
[INFO ][2015-11-09 14:51:31,389][com.java.TestType] [  519] - row values are--------{1=com.java.Objects.TestDataDetails@137c278, 2=com.java.Objects.TestDataDetails@1220536, 3=com.java.Objects.TestDataDetails@12ba0c2, 4=com.java.Objects.TestDataDetails@1bccaee, 5=com.java.Objects.TestDataDetails@5510c5, 6=com.java.Objects.TestDataDetails@1a4c44b, 7=com.java.Objects.TestDataDetails@a36bf7, 8=com.java.Objects.TestDataDetails@5f1254, 9=com.java.Objects.TestDataDetails@3517d5, 10=com.java.Objects.TestDataDetails@112a02e}
[INFO ][2015-11-09 14:51:31,389][com.java.TestType] [  467] -  str(1) = 1
[INFO ][2015-11-09 14:51:31,389][com.java.TestType] [  470] - Test case Id is---1
[INFO ][2015-11-09 14:51:31,389][com.java.TestType] [  472] - 1
[INFO ][2015-11-09 14:51:31,389][com.java.TestType] [  467] -  str(2) = 11
[INFO ][2015-11-09 14:51:31,389][com.java.TestType] [  519] - row values are--------{1=com.java.Objects.TestDataDetails@137c278, 2=com.java.Objects.TestDataDetails@1220536, 3=com.java.Objects.TestDataDetails@12ba0c2, 4=com.java.Objects.TestDataDetails@1bccaee, 5=com.java.Objects.TestDataDetails@5510c5, 6=com.java.Objects.TestDataDetails@1a4c44b, 7=com.java.Objects.TestDataDetails@a36bf7, 8=com.java.Objects.TestDataDetails@5f1254, 9=com.java.Objects.TestDataDetails@3517d5, 10=com.java.Objects.TestDataDetails@112a02e, 11=com.java.Objects.TestDataDetails@194c3f0}
[INFO ][2015-11-09 14:51:31,389][com.java.TestType] [  467] -  str(1) = 1
[INFO ][2015-11-09 14:51:31,389][com.java.TestType] [  470] - Test case Id is---1
[INFO ][2015-11-09 14:51:31,389][com.java.TestType] [  472] - 1
[INFO ][2015-11-09 14:51:31,389][com.java.TestType] [  467] -  str(2) = 12
[INFO ][2015-11-09 14:51:31,389][com.java.TestType] [  519] - row values are--------{1=com.java.Objects.TestDataDetails@137c278, 2=com.java.Objects.TestDataDetails@1220536, 3=com.java.Objects.TestDataDetails@12ba0c2, 4=com.java.Objects.TestDataDetails@1bccaee, 5=com.java.Objects.TestDataDetails@5510c5, 6=com.java.Objects.TestDataDetails@1a4c44b, 7=com.java.Objects.TestDataDetails@a36bf7, 8=com.java.Objects.TestDataDetails@5f1254, 9=com.java.Objects.TestDataDetails@3517d5, 10=com.java.Objects.TestDataDetails@112a02e, 11=com.java.Objects.TestDataDetails@194c3f0, 12=com.java.Objects.TestDataDetails@ae6f3e}
[INFO ][2015-11-09 14:51:31,389][com.java.TestType] [  467] -  str(1) = 1
[INFO ][2015-11-09 14:51:31,389][com.java.TestType] [  470] - Test case Id is---1
[INFO ][2015-11-09 14:51:31,389][com.java.TestType] [  472] - 1
[INFO ][2015-11-09 14:51:31,389][com.java.TestType] [  467] -  str(2) = 13
[INFO ][2015-11-09 14:51:31,389][com.java.TestType] [  519] - row values are--------{1=com.java.Objects.TestDataDetails@137c278, 2=com.java.Objects.TestDataDetails@1220536, 3=com.java.Objects.TestDataDetails@12ba0c2, 4=com.java.Objects.TestDataDetails@1bccaee, 5=com.java.Objects.TestDataDetails@5510c5, 6=com.java.Objects.TestDataDetails@1a4c44b, 7=com.java.Objects.TestDataDetails@a36bf7, 8=com.java.Objects.TestDataDetails@5f1254, 9=com.java.Objects.TestDataDetails@3517d5, 10=com.java.Objects.TestDataDetails@112a02e, 11=com.java.Objects.TestDataDetails@194c3f0, 12=com.java.Objects.TestDataDetails@ae6f3e, 13=com.java.Objects.TestDataDetails@3e4151}
[INFO ][2015-11-09 14:51:31,389][com.java.TestType] [  467] -  str(1) = 1
[INFO ][2015-11-09 14:51:31,389][com.java.TestType] [  470] - Test case Id is---1
[INFO ][2015-11-09 14:51:31,389][com.java.TestType] [  472] - 1
[INFO ][2015-11-09 14:51:31,389][com.java.TestType] [  467] -  str(2) = 14
[INFO ][2015-11-09 14:51:31,389][com.java.TestType] [  519] - row values are--------{1=com.java.Objects.TestDataDetails@137c278, 2=com.java.Objects.TestDataDetails@1220536, 3=com.java.Objects.TestDataDetails@12ba0c2, 4=com.java.Objects.TestDataDetails@1bccaee, 5=com.java.Objects.TestDataDetails@5510c5, 6=com.java.Objects.TestDataDetails@1a4c44b, 7=com.java.Objects.TestDataDetails@a36bf7, 8=com.java.Objects.TestDataDetails@5f1254, 9=com.java.Objects.TestDataDetails@3517d5, 10=com.java.Objects.TestDataDetails@112a02e, 11=com.java.Objects.TestDataDetails@194c3f0, 12=com.java.Objects.TestDataDetails@ae6f3e, 13=com.java.Objects.TestDataDetails@3e4151, 14=com.java.Objects.TestDataDetails@13ac6fd}
[INFO ][2015-11-09 14:51:31,389][com.java.TestType] [ 8228] - Looping 1TCID = 1
[DEBUG][2015-11-09 14:51:31,389][com.java.TestType] [ 8269] - Concept ID:1 :: Step being Executed: 1::1
[INFO ][2015-11-09 14:51:31,389][com.java.TestType] [ 8307] - dataFields : TXTusername
[DEBUG][2015-11-09 14:51:31,389][com.java.TestType] [ 8313] - <In Set values of the page>
[DEBUG][2015-11-09 14:51:31,389][com.java.TestType] [ 8318] - {Data Fields & Data Values Exist}
[INFO ][2015-11-09 14:51:31,389][com.java.TestType] [ 8324] - --------------------------setting values-----------------------------
[INFO ][2015-11-09 14:51:31,405][com.java.TestType] [ 8327] - Action Type : CLEARANDENTER
[INFO ][2015-11-09 14:51:31,405][com.java.TestType] [ 4078] - value = valuelabs.ie11.33527
[INFO ][2015-11-09 14:51:36,376][com.java.TestType] [ 8346] -  RESULT true
[INFO ][2015-11-09 14:51:36,376][com.java.TestType] [ 8463] - ?   P A S S   ?
[DEBUG][2015-11-09 14:51:36,376][com.java.TestType] [ 8269] - Concept ID:1 :: Step being Executed: 1::2
[INFO ][2015-11-09 14:51:36,376][com.java.TestType] [ 8307] - dataFields : TXTpassword
[DEBUG][2015-11-09 14:51:36,376][com.java.TestType] [ 8313] - <In Set values of the page>
[DEBUG][2015-11-09 14:51:36,376][com.java.TestType] [ 8318] - {Data Fields & Data Values Exist}
[INFO ][2015-11-09 14:51:36,376][com.java.TestType] [ 8324] - --------------------------setting values-----------------------------
[INFO ][2015-11-09 14:51:36,376][com.java.TestType] [ 8327] - Action Type : CLEARANDENTER
[INFO ][2015-11-09 14:51:36,376][com.java.TestType] [ 4078] - value = Password1*
[INFO ][2015-11-09 14:51:41,563][com.java.TestType] [ 8346] -  RESULT true
[INFO ][2015-11-09 14:51:41,563][com.java.TestType] [ 8463] - ?   P A S S   ?
[DEBUG][2015-11-09 14:51:41,563][com.java.TestType] [ 8269] - Concept ID:1 :: Step being Executed: 1::3
[ERROR][2015-11-09 14:51:41,563][com.java.TestType] [ 8302] - Exception: null
[INFO ][2015-11-09 14:51:41,563][com.java.TestType] [ 8307] - dataFields : XPH//button[@type='submit']
[DEBUG][2015-11-09 14:51:41,563][com.java.TestType] [ 8313] - <In Set values of the page>
[DEBUG][2015-11-09 14:51:41,563][com.java.TestType] [ 8318] - {Data Fields & Data Values Exist}
[INFO ][2015-11-09 14:51:41,563][com.java.TestType] [ 8324] - --------------------------setting values-----------------------------
[INFO ][2015-11-09 14:51:41,563][com.java.TestType] [ 8327] - Action Type : Click
[INFO ][2015-11-09 14:51:41,563][com.java.TestType] [ 4391] - Field ::XPH//button[@type='submit']
[INFO ][2015-11-09 14:51:42,577][com.java.TestType] [ 4450] - BEFORE CLICK
[INFO ][2015-11-09 14:51:52,400][com.java.TestType] [ 4458] - Unable to click the object Login
[INFO ][2015-11-09 14:51:52,400][com.java.TestType] [ 8346] -  RESULT true
[INFO ][2015-11-09 14:51:52,400][com.java.TestType] [ 8463] - ?   P A S S   ?
[DEBUG][2015-11-09 14:51:52,400][com.java.TestType] [ 8269] - Concept ID:1 :: Step being Executed: 1::4
[INFO ][2015-11-09 14:51:52,400][com.java.TestType] [ 8307] - dataFields : LNKLogout
[DEBUG][2015-11-09 14:51:52,400][com.java.TestType] [ 8313] - <In Set values of the page>
[DEBUG][2015-11-09 14:51:52,400][com.java.TestType] [ 8318] - {Data Fields & Data Values Exist}
[INFO ][2015-11-09 14:51:52,400][com.java.TestType] [ 8324] - --------------------------setting values-----------------------------
[INFO ][2015-11-09 14:51:52,400][com.java.TestType] [ 8327] - Action Type : WaitForElement
[INFO ][2015-11-09 14:51:52,432][com.java.TestType] [ 8346] -  RESULT true
[INFO ][2015-11-09 14:51:52,432][com.java.TestType] [ 8463] - ?   P A S S   ?
[DEBUG][2015-11-09 14:51:52,432][com.java.TestType] [ 8269] - Concept ID:1 :: Step being Executed: 1::13
[INFO ][2015-11-09 14:51:52,432][com.java.TestType] [ 8307] - dataFields : LNK
[DEBUG][2015-11-09 14:51:52,432][com.java.TestType] [ 8313] - <In Set values of the page>
[DEBUG][2015-11-09 14:51:52,432][com.java.TestType] [ 8318] - {Data Fields & Data Values Exist}
[INFO ][2015-11-09 14:51:52,432][com.java.TestType] [ 8324] - --------------------------setting values-----------------------------
[INFO ][2015-11-09 14:51:52,432][com.java.TestType] [ 8327] - Action Type : Verify
[INFO ][2015-11-09 14:51:52,432][com.java.TestType] [ 5204] - field= LNK value= Logout
[INFO ][2015-11-09 14:51:52,432][com.java.TestType] [ 4078] - value = Logout
[INFO ][2015-11-09 14:51:52,463][com.java.TestType] [ 8346] -  RESULT true
[INFO ][2015-11-09 14:51:52,463][com.java.TestType] [ 8463] - ?   P A S S   ?
[DEBUG][2015-11-09 14:51:52,463][com.java.TestType] [ 8269] - Concept ID:1 :: Step being Executed: 1::14
[INFO ][2015-11-09 14:51:52,463][com.java.TestType] [ 8307] - dataFields : BTN
[DEBUG][2015-11-09 14:51:52,463][com.java.TestType] [ 8313] - <In Set values of the page>
[DEBUG][2015-11-09 14:51:52,463][com.java.TestType] [ 8318] - {Data Fields & Data Values Exist}
[INFO ][2015-11-09 14:51:52,463][com.java.TestType] [ 8324] - --------------------------setting values-----------------------------
[INFO ][2015-11-09 14:51:52,463][com.java.TestType] [ 8327] - Action Type : Verify
[INFO ][2015-11-09 14:51:52,463][com.java.TestType] [ 5204] - field= BTN value= //img[contains(@src,'bdlogo.jpg')]
[INFO ][2015-11-09 14:51:52,463][com.java.TestType] [ 4078] - value = //img[contains(@src,'bdlogo.jpg')]
[INFO ][2015-11-09 14:51:52,495][com.java.TestType] [ 8346] -  RESULT true
[INFO ][2015-11-09 14:51:52,495][com.java.TestType] [ 8463] - ?   P A S S   ?
[INFO ][2015-11-09 14:51:52,495][com.java.TestType] [ 8534] - Looping End......
[INFO ][2015-11-09 14:51:52,495][com.java.SeleniumDriver] [  861] -  RESULT true
[INFO ][2015-11-09 14:51:52,495][com.java.SeleniumDriver] [ 1066] - ?   P A S S   ?
[INFO ][2015-11-09 14:51:52,495][com.java.SeleniumDriver] [  788] - ------------------------------------------
[INFO ][2015-11-09 14:51:52,495][com.java.SeleniumDriver] [  789] - Test case being Executed: 7
[INFO ][2015-11-09 14:51:52,495][com.java.SeleniumDriver] [  800] - Test step:55
[INFO ][2015-11-09 14:51:52,495][com.java.SeleniumDriver] [  812] - Datavalue is----------null
[DEBUG][2015-11-09 14:51:52,495][com.java.SeleniumDriver] [  830] - Exception: null
[INFO ][2015-11-09 14:51:52,495][com.java.SeleniumDriver] [  836] - DataField : //span[@class='icon-user4']&&//a[text()='Users']&&//a[@data-id="ModifyUsers"]
[INFO ][2015-11-09 14:51:52,495][com.java.SeleniumDriver] [  838] - DataValue : 
[INFO ][2015-11-09 14:51:52,495][com.java.SeleniumDriver] [  844] - <In Set values of the page>
[INFO ][2015-11-09 14:51:52,495][com.java.SeleniumDriver] [  847] - {Data Fields & Data Values Exist}
[INFO ][2015-11-09 14:51:52,495][com.java.SeleniumDriver] [  849] - --------------------------setting values-----------------------------
[INFO ][2015-11-09 14:51:52,495][com.java.SeleniumDriver] [  852] - Action Type : MouseOver
[INFO ][2015-11-09 14:52:07,620][com.java.SeleniumDriver] [  861] -  RESULT true
[INFO ][2015-11-09 14:52:07,620][com.java.SeleniumDriver] [ 1066] - ?   P A S S   ?
[INFO ][2015-11-09 14:52:07,620][com.java.SeleniumDriver] [  788] - ------------------------------------------
[INFO ][2015-11-09 14:52:07,620][com.java.SeleniumDriver] [  789] - Test case being Executed: 7
[INFO ][2015-11-09 14:52:07,620][com.java.SeleniumDriver] [  800] - Test step:56
[INFO ][2015-11-09 14:52:07,620][com.java.SeleniumDriver] [  812] - Datavalue is----------null
[DEBUG][2015-11-09 14:52:07,620][com.java.SeleniumDriver] [  830] - Exception: null
[INFO ][2015-11-09 14:52:07,620][com.java.SeleniumDriver] [  836] - DataField : BTNframeDialogContent
[INFO ][2015-11-09 14:52:07,620][com.java.SeleniumDriver] [  838] - DataValue : 
[INFO ][2015-11-09 14:52:07,620][com.java.SeleniumDriver] [  844] - <In Set values of the page>
[INFO ][2015-11-09 14:52:07,620][com.java.SeleniumDriver] [  847] - {Data Fields & Data Values Exist}
[INFO ][2015-11-09 14:52:07,620][com.java.SeleniumDriver] [  849] - --------------------------setting values-----------------------------
[INFO ][2015-11-09 14:52:07,620][com.java.SeleniumDriver] [  852] - Action Type : WaitForElement
[INFO ][2015-11-09 14:52:08,843][com.java.SeleniumDriver] [  861] -  RESULT true
[INFO ][2015-11-09 14:52:08,843][com.java.SeleniumDriver] [ 1066] - ?   P A S S   ?
[INFO ][2015-11-09 14:52:08,843][com.java.SeleniumDriver] [  788] - ------------------------------------------
[INFO ][2015-11-09 14:52:08,843][com.java.SeleniumDriver] [  789] - Test case being Executed: 7
[INFO ][2015-11-09 14:52:08,843][com.java.SeleniumDriver] [  800] - Test step:57
[INFO ][2015-11-09 14:52:08,843][com.java.SeleniumDriver] [  812] - Datavalue is----------null
[DEBUG][2015-11-09 14:52:08,843][com.java.SeleniumDriver] [  830] - Exception: null
[INFO ][2015-11-09 14:52:08,843][com.java.SeleniumDriver] [  836] - DataField : BTNframeDialogContent
[INFO ][2015-11-09 14:52:08,843][com.java.SeleniumDriver] [  838] - DataValue : 
[INFO ][2015-11-09 14:52:08,843][com.java.SeleniumDriver] [  844] - <In Set values of the page>
[INFO ][2015-11-09 14:52:08,843][com.java.SeleniumDriver] [  847] - {Data Fields & Data Values Exist}
[INFO ][2015-11-09 14:52:08,843][com.java.SeleniumDriver] [  849] - --------------------------setting values-----------------------------
[INFO ][2015-11-09 14:52:08,843][com.java.SeleniumDriver] [  852] - Action Type : SelectFrame
[INFO ][2015-11-09 14:52:10,140][com.java.SeleniumDriver] [  861] -  RESULT true
[INFO ][2015-11-09 14:52:10,140][com.java.SeleniumDriver] [ 1066] - ?   P A S S   ?
[INFO ][2015-11-09 14:52:10,140][com.java.SeleniumDriver] [  788] - ------------------------------------------
[INFO ][2015-11-09 14:52:10,140][com.java.SeleniumDriver] [  789] - Test case being Executed: 7
[INFO ][2015-11-09 14:52:10,140][com.java.SeleniumDriver] [  800] - Test step:58
[INFO ][2015-11-09 14:52:10,140][com.java.SeleniumDriver] [  812] - Datavalue is----------dt:NewUserName
[INFO ][2015-11-09 14:52:10,140][com.java.SeleniumDriver] [  836] - DataField : test
[INFO ][2015-11-09 14:52:10,140][com.java.SeleniumDriver] [  838] - DataValue : dt:NewUserName
[INFO ][2015-11-09 14:52:10,140][com.java.SeleniumDriver] [  844] - <In Set values of the page>
[INFO ][2015-11-09 14:52:10,140][com.java.SeleniumDriver] [  847] - {Data Fields & Data Values Exist}
[INFO ][2015-11-09 14:52:10,140][com.java.SeleniumDriver] [  849] - --------------------------setting values-----------------------------
[INFO ][2015-11-09 14:52:10,140][com.java.SeleniumDriver] [  852] - Action Type : DelUser
[INFO ][2015-11-09 14:52:10,140][com.java.TestType] [ 4078] - value = vltest.robot
[INFO ][2015-11-09 14:52:13,603][com.java.TestType] [ 4391] - Field ::CNF
[INFO ][2015-11-09 14:52:15,007][com.java.TestType] [ 4446] - Click the object AcceptAlert
[INFO ][2015-11-09 14:52:15,007][com.java.TestType] [ 4447] - Unable to click the object AcceptAlert
[INFO ][2015-11-09 14:52:15,007][com.java.SeleniumDriver] [  861] -  RESULT true
[INFO ][2015-11-09 14:52:15,007][com.java.SeleniumDriver] [ 1066] - ?   P A S S   ?
[INFO ][2015-11-09 14:52:15,007][com.java.SeleniumDriver] [  788] - ------------------------------------------
[INFO ][2015-11-09 14:52:15,007][com.java.SeleniumDriver] [  789] - Test case being Executed: 7
[INFO ][2015-11-09 14:52:15,007][com.java.SeleniumDriver] [  800] - Test step:59
[INFO ][2015-11-09 14:52:15,007][com.java.SeleniumDriver] [  812] - Datavalue is----------null
[DEBUG][2015-11-09 14:52:15,007][com.java.SeleniumDriver] [  830] - Exception: null
[INFO ][2015-11-09 14:52:15,007][com.java.SeleniumDriver] [  836] - DataField : test
[INFO ][2015-11-09 14:52:15,007][com.java.SeleniumDriver] [  838] - DataValue : 
[INFO ][2015-11-09 14:52:15,007][com.java.SeleniumDriver] [  844] - <In Set values of the page>
[INFO ][2015-11-09 14:52:15,007][com.java.SeleniumDriver] [  847] - {Data Fields & Data Values Exist}
[INFO ][2015-11-09 14:52:15,007][com.java.SeleniumDriver] [  849] - --------------------------setting values-----------------------------
[INFO ][2015-11-09 14:52:15,007][com.java.SeleniumDriver] [  852] - Action Type : WaitTime
[DEBUG][2015-11-09 14:52:15,007][com.java.TestType] [ 3913] - sleepTime: 10000
[INFO ][2015-11-09 14:52:25,021][com.java.SeleniumDriver] [  861] -  RESULT true
[INFO ][2015-11-09 14:52:25,021][com.java.SeleniumDriver] [ 1066] - ?   P A S S   ?
[INFO ][2015-11-09 14:52:25,021][com.java.SeleniumDriver] [  788] - ------------------------------------------
[INFO ][2015-11-09 14:52:25,021][com.java.SeleniumDriver] [  789] - Test case being Executed: 7
[INFO ][2015-11-09 14:52:25,021][com.java.SeleniumDriver] [  800] - Test step:60
[INFO ][2015-11-09 14:52:25,021][com.java.SeleniumDriver] [  812] - Datavalue is----------null
[DEBUG][2015-11-09 14:52:25,021][com.java.SeleniumDriver] [  830] - Exception: null
[INFO ][2015-11-09 14:52:25,021][com.java.SeleniumDriver] [  836] - DataField : BTNbtnAddUser
[INFO ][2015-11-09 14:52:25,021][com.java.SeleniumDriver] [  838] - DataValue : 
[INFO ][2015-11-09 14:52:25,021][com.java.SeleniumDriver] [  844] - <In Set values of the page>
[INFO ][2015-11-09 14:52:25,021][com.java.SeleniumDriver] [  847] - {Data Fields & Data Values Exist}
[INFO ][2015-11-09 14:52:25,021][com.java.SeleniumDriver] [  849] - --------------------------setting values-----------------------------
[INFO ][2015-11-09 14:52:25,021][com.java.SeleniumDriver] [  852] - Action Type : WaitForElement
[INFO ][2015-11-09 14:52:26,520][com.java.SeleniumDriver] [  861] -  RESULT true
[INFO ][2015-11-09 14:52:26,520][com.java.SeleniumDriver] [ 1066] - ?   P A S S   ?
[INFO ][2015-11-09 14:52:26,520][com.java.SeleniumDriver] [  788] - ------------------------------------------
[INFO ][2015-11-09 14:52:26,520][com.java.SeleniumDriver] [  789] - Test case being Executed: 7
[INFO ][2015-11-09 14:52:26,520][com.java.SeleniumDriver] [  800] - Test step:61
[INFO ][2015-11-09 14:52:26,520][com.java.SeleniumDriver] [  812] - Datavalue is----------HMVLogin_username
[INFO ][2015-11-09 14:52:26,520][com.java.SeleniumDriver] [  836] - DataField : LNK
[INFO ][2015-11-09 14:52:26,520][com.java.SeleniumDriver] [  838] - DataValue : HMVLogin_username
[INFO ][2015-11-09 14:52:26,520][com.java.SeleniumDriver] [  844] - <In Set values of the page>
[INFO ][2015-11-09 14:52:26,520][com.java.SeleniumDriver] [  847] - {Data Fields & Data Values Exist}
[INFO ][2015-11-09 14:52:26,520][com.java.SeleniumDriver] [  849] - --------------------------setting values-----------------------------
[INFO ][2015-11-09 14:52:26,520][com.java.SeleniumDriver] [  852] - Action Type : VERIFYNOTPRESENT
[INFO ][2015-11-09 14:52:26,520][com.java.TestType] [ 6392] - field= LNK value= HMVLogin_username
[INFO ][2015-11-09 14:52:46,741][com.java.SeleniumDriver] [  861] -  RESULT true
[INFO ][2015-11-09 14:52:46,741][com.java.SeleniumDriver] [ 1066] - ?   P A S S   ?
[INFO ][2015-11-09 14:52:46,741][com.java.SeleniumDriver] [  788] - ------------------------------------------
[INFO ][2015-11-09 14:52:46,741][com.java.SeleniumDriver] [  789] - Test case being Executed: 7
[INFO ][2015-11-09 14:52:46,741][com.java.SeleniumDriver] [  800] - Test step:62
[INFO ][2015-11-09 14:52:46,741][com.java.SeleniumDriver] [  812] - Datavalue is----------null
[DEBUG][2015-11-09 14:52:46,741][com.java.SeleniumDriver] [  830] - Exception: null
[INFO ][2015-11-09 14:52:46,741][com.java.SeleniumDriver] [  836] - DataField : BTNparent
[INFO ][2015-11-09 14:52:46,741][com.java.SeleniumDriver] [  838] - DataValue : 
[INFO ][2015-11-09 14:52:46,741][com.java.SeleniumDriver] [  844] - <In Set values of the page>
[INFO ][2015-11-09 14:52:46,741][com.java.SeleniumDriver] [  847] - {Data Fields & Data Values Exist}
[INFO ][2015-11-09 14:52:46,741][com.java.SeleniumDriver] [  849] - --------------------------setting values-----------------------------
[INFO ][2015-11-09 14:52:46,741][com.java.SeleniumDriver] [  852] - Action Type : SelectFrame
[INFO ][2015-11-09 14:52:46,742][com.java.SeleniumDriver] [  861] -  RESULT true
[INFO ][2015-11-09 14:52:46,742][com.java.SeleniumDriver] [ 1066] - ?   P A S S   ?
[INFO ][2015-11-09 14:52:46,742][com.java.SeleniumDriver] [  788] - ------------------------------------------
[INFO ][2015-11-09 14:52:46,742][com.java.SeleniumDriver] [  789] - Test case being Executed: 7
[INFO ][2015-11-09 14:52:46,742][com.java.SeleniumDriver] [  800] - Test step:63
[INFO ][2015-11-09 14:52:46,742][com.java.SeleniumDriver] [  812] - Datavalue is----------null
[DEBUG][2015-11-09 14:52:46,742][com.java.SeleniumDriver] [  830] - Exception: null
[INFO ][2015-11-09 14:52:46,742][com.java.SeleniumDriver] [  836] - DataField : BTN//span[text()='Finished']
[INFO ][2015-11-09 14:52:46,742][com.java.SeleniumDriver] [  838] - DataValue : 
[INFO ][2015-11-09 14:52:46,742][com.java.SeleniumDriver] [  844] - <In Set values of the page>
[INFO ][2015-11-09 14:52:46,742][com.java.SeleniumDriver] [  847] - {Data Fields & Data Values Exist}
[INFO ][2015-11-09 14:52:46,742][com.java.SeleniumDriver] [  849] - --------------------------setting values-----------------------------
[INFO ][2015-11-09 14:52:46,742][com.java.SeleniumDriver] [  852] - Action Type : Click
[INFO ][2015-11-09 14:52:46,742][com.java.TestType] [ 4391] - Field ::BTN//span[text()='Finished']
[INFO ][2015-11-09 14:52:47,771][com.java.TestType] [ 4429] - BEFORE CLICK
[INFO ][2015-11-09 14:52:48,193][com.java.TestType] [ 4436] - Unable to click the object Finished button
[INFO ][2015-11-09 14:52:48,193][com.java.SeleniumDriver] [  861] -  RESULT true
[INFO ][2015-11-09 14:52:48,193][com.java.SeleniumDriver] [ 1066] - ?   P A S S   ?
[DEBUG][2015-11-09 14:52:48,193][com.java.SeleniumDriver] [ 1168] - Case found
[DEBUG][2015-11-09 14:52:48,193][com.java.SeleniumDriver] [ 1173] - Incrementing ReportCounters[0]:2
[INFO ][2015-11-09 14:52:48,193][com.java.SeleniumDriver] [ 1192] - The results are-------------------[7, 1, Manage Users: Add User, Pass, , Mon Nov 09 14:47:53 IST 2015, 7, 3, Manage Users: Add User, Pass, , Mon Nov 09 14:47:59 IST 2015, 7, 4, Manage Users: Add User, Pass, , Mon Nov 09 14:48:12 IST 2015, 7, 5, Manage Users: Add User, Pass, , Mon Nov 09 14:48:14 IST 2015, 7, 6, Manage Users: Add User, Pass, , Mon Nov 09 14:48:15 IST 2015, 7, 7, Manage Users: Add User, Pass, , Mon Nov 09 14:48:16 IST 2015, 7, 8, Manage Users: Add User, Pass, , Mon Nov 09 14:48:19 IST 2015, 7, 9, Manage Users: Add User, Pass, , Mon Nov 09 14:48:29 IST 2015, 7, 10, Manage Users: Add User, Pass, , Mon Nov 09 14:48:32 IST 2015, 7, 11, Manage Users: Add User, Pass, , Mon Nov 09 14:48:35 IST 2015, 7, 12, Manage Users: Add User, Pass, , Mon Nov 09 14:48:38 IST 2015, 7, 13, Manage Users: Add User, Pass, , Mon Nov 09 14:48:41 IST 2015, 7, 14, Manage Users: Add User, Pass, , Mon Nov 09 14:48:44 IST 2015, 7, 15, Manage Users: Add User, Pass, , Mon Nov 09 14:48:47 IST 2015, 7, 16, Manage Users: Add User, Pass, , Mon Nov 09 14:48:50 IST 2015, 7, 17, Manage Users: Add User, Pass, , Mon Nov 09 14:48:53 IST 2015, 7, 18, Manage Users: Add User, Pass, , Mon Nov 09 14:48:56 IST 2015, 7, 19, Manage Users: Add User, Pass, , Mon Nov 09 14:48:56 IST 2015, 7, 20, Manage Users: Add User, Pass, , Mon Nov 09 14:49:01 IST 2015, 7, 21, Manage Users: Add User, Pass, , Mon Nov 09 14:49:03 IST 2015, 7, 22, Manage Users: Add User, Pass, , Mon Nov 09 14:49:04 IST 2015, 7, 23, Manage Users: Add User, Pass, , Mon Nov 09 14:49:05 IST 2015, 7, 24, Manage Users: Add User, Pass, , Mon Nov 09 14:49:07 IST 2015, 7, 25, Manage Users: Add User, Pass, , Mon Nov 09 14:49:09 IST 2015, 7, 26, Manage Users: Add User, Pass, , Mon Nov 09 14:49:12 IST 2015, 7, 27, Manage Users: Add User, Pass, , Mon Nov 09 14:49:14 IST 2015, 7, 28, Manage Users: Add User, Pass, , Mon Nov 09 14:49:14 IST 2015, 7, 29, Manage Users: Add User, Pass, , Mon Nov 09 14:49:19 IST 2015, 7, 30, Manage Users: Add User, Pass, , Mon Nov 09 14:49:28 IST 2015, 7, 31, Manage Users: Add User, Pass, , Mon Nov 09 14:49:29 IST 2015, 7, 32, Manage Users: Add User, Pass, , Mon Nov 09 14:49:30 IST 2015, 7, 33, Manage Users: Add User, Pass, , Mon Nov 09 14:49:31 IST 2015, 7, 34, Manage Users: Add User, Pass, , Mon Nov 09 14:49:31 IST 2015, 7, 35, Manage Users: Add User, Pass, , Mon Nov 09 14:49:31 IST 2015, 7, 36, Manage Users: Add User, Pass, , Mon Nov 09 14:49:31 IST 2015, 7, 37, Manage Users: Add User, Pass, , Mon Nov 09 14:49:33 IST 2015, 7, 38, Manage Users: Add User, Pass, , Mon Nov 09 14:49:51 IST 2015, 7, 39, Manage Users: Add User, Pass, , Mon Nov 09 14:49:56 IST 2015, 7, 40, Manage Users: Add User, Pass, , Mon Nov 09 14:50:01 IST 2015, 7, 41, Manage Users: Add User, Pass, , Mon Nov 09 14:50:15 IST 2015, 7, 42, Manage Users: Add User, Pass, , Mon Nov 09 14:50:25 IST 2015, 7, 43, Manage Users: Add User, Pass, , Mon Nov 09 14:50:38 IST 2015, 7, 44, Manage Users: Add User, Pass, , Mon Nov 09 14:50:58 IST 2015, 7, 45, Manage Users: Add User, Pass, , Mon Nov 09 14:51:08 IST 2015, 7, 46, Manage Users: Add User, Pass, , Mon Nov 09 14:51:09 IST 2015, 7, 47, Manage Users: Add User, Pass, , Mon Nov 09 14:51:09 IST 2015, 7, 48, Manage Users: Add User, Pass, , Mon Nov 09 14:51:12 IST 2015, 7, 49, Manage Users: Add User, Pass, , Mon Nov 09 14:51:12 IST 2015, 7, 50, Manage Users: Add User, Pass, , Mon Nov 09 14:51:13 IST 2015, 7, 51, Manage Users: Add User, Pass, , Mon Nov 09 14:51:13 IST 2015, 7, 52, Manage Users: Add User, Pass, , Mon Nov 09 14:51:13 IST 2015, 7, 53, Manage Users: Add User, Pass, , Mon Nov 09 14:51:31 IST 2015, 7, 54, Manage Users: Add User, Pass, , Mon Nov 09 14:51:52 IST 2015, 7, 55, Manage Users: Add User, Pass, , Mon Nov 09 14:52:07 IST 2015, 7, 56, Manage Users: Add User, Pass, , Mon Nov 09 14:52:08 IST 2015, 7, 57, Manage Users: Add User, Pass, , Mon Nov 09 14:52:10 IST 2015, 7, 58, Manage Users: Add User, Pass, , Mon Nov 09 14:52:15 IST 2015, 7, 59, Manage Users: Add User, Pass, , Mon Nov 09 14:52:25 IST 2015, 7, 60, Manage Users: Add User, Pass, , Mon Nov 09 14:52:26 IST 2015, 7, 61, Manage Users: Add User, Pass, , Mon Nov 09 14:52:46 IST 2015, 7, 62, Manage Users: Add User, Pass, , Mon Nov 09 14:52:46 IST 2015, 7, 63, Valid Login, Pass, , Mon Nov 09 14:52:48 IST 2015]
[INFO ][2015-11-09 14:52:48,193][com.java.SeleniumDriver] [ 1196] - End time is-------6 min 53 sec
[INFO ][2015-11-09 14:52:48,193][com.java.SeleniumDriver] [ 1197] - The results are-------------------[7, 1, Manage Users: Add User, Pass, , Mon Nov 09 14:47:53 IST 2015, 7, 3, Manage Users: Add User, Pass, , Mon Nov 09 14:47:59 IST 2015, 7, 4, Manage Users: Add User, Pass, , Mon Nov 09 14:48:12 IST 2015, 7, 5, Manage Users: Add User, Pass, , Mon Nov 09 14:48:14 IST 2015, 7, 6, Manage Users: Add User, Pass, , Mon Nov 09 14:48:15 IST 2015, 7, 7, Manage Users: Add User, Pass, , Mon Nov 09 14:48:16 IST 2015, 7, 8, Manage Users: Add User, Pass, , Mon Nov 09 14:48:19 IST 2015, 7, 9, Manage Users: Add User, Pass, , Mon Nov 09 14:48:29 IST 2015, 7, 10, Manage Users: Add User, Pass, , Mon Nov 09 14:48:32 IST 2015, 7, 11, Manage Users: Add User, Pass, , Mon Nov 09 14:48:35 IST 2015, 7, 12, Manage Users: Add User, Pass, , Mon Nov 09 14:48:38 IST 2015, 7, 13, Manage Users: Add User, Pass, , Mon Nov 09 14:48:41 IST 2015, 7, 14, Manage Users: Add User, Pass, , Mon Nov 09 14:48:44 IST 2015, 7, 15, Manage Users: Add User, Pass, , Mon Nov 09 14:48:47 IST 2015, 7, 16, Manage Users: Add User, Pass, , Mon Nov 09 14:48:50 IST 2015, 7, 17, Manage Users: Add User, Pass, , Mon Nov 09 14:48:53 IST 2015, 7, 18, Manage Users: Add User, Pass, , Mon Nov 09 14:48:56 IST 2015, 7, 19, Manage Users: Add User, Pass, , Mon Nov 09 14:48:56 IST 2015, 7, 20, Manage Users: Add User, Pass, , Mon Nov 09 14:49:01 IST 2015, 7, 21, Manage Users: Add User, Pass, , Mon Nov 09 14:49:03 IST 2015, 7, 22, Manage Users: Add User, Pass, , Mon Nov 09 14:49:04 IST 2015, 7, 23, Manage Users: Add User, Pass, , Mon Nov 09 14:49:05 IST 2015, 7, 24, Manage Users: Add User, Pass, , Mon Nov 09 14:49:07 IST 2015, 7, 25, Manage Users: Add User, Pass, , Mon Nov 09 14:49:09 IST 2015, 7, 26, Manage Users: Add User, Pass, , Mon Nov 09 14:49:12 IST 2015, 7, 27, Manage Users: Add User, Pass, , Mon Nov 09 14:49:14 IST 2015, 7, 28, Manage Users: Add User, Pass, , Mon Nov 09 14:49:14 IST 2015, 7, 29, Manage Users: Add User, Pass, , Mon Nov 09 14:49:19 IST 2015, 7, 30, Manage Users: Add User, Pass, , Mon Nov 09 14:49:28 IST 2015, 7, 31, Manage Users: Add User, Pass, , Mon Nov 09 14:49:29 IST 2015, 7, 32, Manage Users: Add User, Pass, , Mon Nov 09 14:49:30 IST 2015, 7, 33, Manage Users: Add User, Pass, , Mon Nov 09 14:49:31 IST 2015, 7, 34, Manage Users: Add User, Pass, , Mon Nov 09 14:49:31 IST 2015, 7, 35, Manage Users: Add User, Pass, , Mon Nov 09 14:49:31 IST 2015, 7, 36, Manage Users: Add User, Pass, , Mon Nov 09 14:49:31 IST 2015, 7, 37, Manage Users: Add User, Pass, , Mon Nov 09 14:49:33 IST 2015, 7, 38, Manage Users: Add User, Pass, , Mon Nov 09 14:49:51 IST 2015, 7, 39, Manage Users: Add User, Pass, , Mon Nov 09 14:49:56 IST 2015, 7, 40, Manage Users: Add User, Pass, , Mon Nov 09 14:50:01 IST 2015, 7, 41, Manage Users: Add User, Pass, , Mon Nov 09 14:50:15 IST 2015, 7, 42, Manage Users: Add User, Pass, , Mon Nov 09 14:50:25 IST 2015, 7, 43, Manage Users: Add User, Pass, , Mon Nov 09 14:50:38 IST 2015, 7, 44, Manage Users: Add User, Pass, , Mon Nov 09 14:50:58 IST 2015, 7, 45, Manage Users: Add User, Pass, , Mon Nov 09 14:51:08 IST 2015, 7, 46, Manage Users: Add User, Pass, , Mon Nov 09 14:51:09 IST 2015, 7, 47, Manage Users: Add User, Pass, , Mon Nov 09 14:51:09 IST 2015, 7, 48, Manage Users: Add User, Pass, , Mon Nov 09 14:51:12 IST 2015, 7, 49, Manage Users: Add User, Pass, , Mon Nov 09 14:51:12 IST 2015, 7, 50, Manage Users: Add User, Pass, , Mon Nov 09 14:51:13 IST 2015, 7, 51, Manage Users: Add User, Pass, , Mon Nov 09 14:51:13 IST 2015, 7, 52, Manage Users: Add User, Pass, , Mon Nov 09 14:51:13 IST 2015, 7, 53, Manage Users: Add User, Pass, , Mon Nov 09 14:51:31 IST 2015, 7, 54, Manage Users: Add User, Pass, , Mon Nov 09 14:51:52 IST 2015, 7, 55, Manage Users: Add User, Pass, , Mon Nov 09 14:52:07 IST 2015, 7, 56, Manage Users: Add User, Pass, , Mon Nov 09 14:52:08 IST 2015, 7, 57, Manage Users: Add User, Pass, , Mon Nov 09 14:52:10 IST 2015, 7, 58, Manage Users: Add User, Pass, , Mon Nov 09 14:52:15 IST 2015, 7, 59, Manage Users: Add User, Pass, , Mon Nov 09 14:52:25 IST 2015, 7, 60, Manage Users: Add User, Pass, , Mon Nov 09 14:52:26 IST 2015, 7, 61, Manage Users: Add User, Pass, , Mon Nov 09 14:52:46 IST 2015, 7, 62, Manage Users: Add User, Pass, , Mon Nov 09 14:52:46 IST 2015, 7, 63, Valid Login, Pass, , Mon Nov 09 14:52:48 IST 2015]
[DEBUG][2015-11-09 14:52:48,193][com.java.ImportnExport.ExportTestResultsExcel] [  222] - testResultPath = D:\BankersDashboard/TestReports/Test Results_BankersDashBoard_110915_144556_IE11_Bank of North Carolina.xls
[DEBUG][2015-11-09 14:52:48,193][com.java.ImportnExport.ExportTestResultsExcel] [  223] - browser is------------IE11
[DEBUG][2015-11-09 14:52:48,193][com.java.ImportnExport.ExportTestResultsExcel] [  270] - result.size() = 372
[DEBUG][2015-11-09 14:52:48,193][com.java.ImportnExport.ExportTestResultsExcel] [  274] - No of rows in sheet=2
[DEBUG][2015-11-09 14:52:48,193][com.java.ImportnExport.ExportTestResultsExcel] [  301] - ..in export..7
[DEBUG][2015-11-09 14:52:48,193][com.java.ImportnExport.ExportTestResultsExcel] [  301] - ..in export..Manage Users: Add User
[DEBUG][2015-11-09 14:52:48,193][com.java.ImportnExport.ExportTestResultsExcel] [  301] - ..in export..Pass
[DEBUG][2015-11-09 14:52:48,193][com.java.ImportnExport.ExportTestResultsExcel] [  301] - ..in export..
[DEBUG][2015-11-09 14:52:48,193][com.java.ImportnExport.ExportTestResultsExcel] [  301] - ..in export..Mon Nov 09 14:47:53 IST 2015
[INFO ][2015-11-09 14:52:48,193][com.java.SeleniumDriver] [ 1255] - out loop:1 size:3 TestCases:[11, 7, 10] testcases:[11, 7, 10]
[INFO ][2015-11-09 14:52:48,193][com.java.ImportnExport.ImportTestDataDetailsExcel] [   49] - test data details path===== D:\BankersDashboard\TestInputs\TestData.xls
[INFO ][2015-11-09 14:53:06,159][com.java.SeleniumDriver] [  788] - ------------------------------------------
[INFO ][2015-11-09 14:53:06,159][com.java.SeleniumDriver] [  789] - Test case being Executed: 10
[INFO ][2015-11-09 14:53:06,159][com.java.SeleniumDriver] [  800] - Test step:1
[INFO ][2015-11-09 14:53:06,159][com.java.SeleniumDriver] [  812] - Datavalue is----------Logout
[INFO ][2015-11-09 14:53:06,159][com.java.SeleniumDriver] [  836] - DataField : BTN
[INFO ][2015-11-09 14:53:06,159][com.java.SeleniumDriver] [  838] - DataValue : Logout
[INFO ][2015-11-09 14:53:06,159][com.java.SeleniumDriver] [  844] - <In Set values of the page>
[INFO ][2015-11-09 14:53:06,159][com.java.SeleniumDriver] [  847] - {Data Fields & Data Values Exist}
[INFO ][2015-11-09 14:53:06,159][com.java.SeleniumDriver] [  849] - --------------------------setting values-----------------------------
[INFO ][2015-11-09 14:53:06,159][com.java.SeleniumDriver] [  852] - Action Type : Verify
[INFO ][2015-11-09 14:53:06,159][com.java.TestType] [ 5204] - field= BTN value= Logout
[INFO ][2015-11-09 14:53:06,159][com.java.TestType] [ 4078] - value = Logout
[INFO ][2015-11-09 14:53:06,191][com.java.SeleniumDriver] [  861] -  RESULT true
[INFO ][2015-11-09 14:53:06,191][com.java.SeleniumDriver] [ 1066] - ?   P A S S   ?
[INFO ][2015-11-09 14:53:06,191][com.java.SeleniumDriver] [ 1108] - step change to 3
[INFO ][2015-11-09 14:53:06,191][com.java.SeleniumDriver] [  788] - ------------------------------------------
[INFO ][2015-11-09 14:53:06,191][com.java.SeleniumDriver] [  789] - Test case being Executed: 10
[INFO ][2015-11-09 14:53:06,191][com.java.SeleniumDriver] [  800] - Test step:3
[INFO ][2015-11-09 14:53:06,191][com.java.SeleniumDriver] [  812] - Datavalue is----------Concept#2:1-2
[INFO ][2015-11-09 14:53:06,191][com.java.SeleniumDriver] [  836] - DataField : test
[INFO ][2015-11-09 14:53:06,191][com.java.SeleniumDriver] [  838] - DataValue : Concept#2:1-2
[INFO ][2015-11-09 14:53:06,191][com.java.SeleniumDriver] [  844] - <In Set values of the page>
[INFO ][2015-11-09 14:53:06,191][com.java.SeleniumDriver] [  847] - {Data Fields & Data Values Exist}
[INFO ][2015-11-09 14:53:06,191][com.java.SeleniumDriver] [  849] - --------------------------setting values-----------------------------
[INFO ][2015-11-09 14:53:06,191][com.java.SeleniumDriver] [  852] - Action Type : ExecuteTestCase
[INFO ][2015-11-09 14:53:06,191][com.java.TestType] [  422] - The Concept sheet name is ---------- Concept
[INFO ][2015-11-09 14:53:06,191][com.java.TestType] [  425] - The Concept ID  is ---------- 2
[DEBUG][2015-11-09 14:53:06,191][com.java.TestType] [  429] - Steps being executted in the Concept are: 1:2
[INFO ][2015-11-09 14:53:06,191][com.java.TestType] [  436] - Test data details path ---------- D:\BankersDashboard\TestInputs\TestData.xls
[INFO ][2015-11-09 14:53:06,207][com.java.TestType] [  467] -  str(1) = 2
[INFO ][2015-11-09 14:53:06,207][com.java.TestType] [  470] - Test case Id is---2
[INFO ][2015-11-09 14:53:06,207][com.java.TestType] [  472] - 2
[INFO ][2015-11-09 14:53:06,207][com.java.TestType] [  467] -  str(2) = 1
[INFO ][2015-11-09 14:53:06,222][com.java.TestType] [  519] - row values are--------{1=com.java.Objects.TestDataDetails@1d95385}
[INFO ][2015-11-09 14:53:06,222][com.java.TestType] [  467] -  str(1) = 2
[INFO ][2015-11-09 14:53:06,222][com.java.TestType] [  470] - Test case Id is---2
[INFO ][2015-11-09 14:53:06,222][com.java.TestType] [  472] - 2
[INFO ][2015-11-09 14:53:06,222][com.java.TestType] [  467] -  str(2) = 2
[INFO ][2015-11-09 14:53:06,222][com.java.TestType] [  519] - row values are--------{1=com.java.Objects.TestDataDetails@1d95385, 2=com.java.Objects.TestDataDetails@112376c}
[INFO ][2015-11-09 14:53:06,222][com.java.TestType] [  467] -  str(1) = 2
[INFO ][2015-11-09 14:53:06,222][com.java.TestType] [  470] - Test case Id is---2
[INFO ][2015-11-09 14:53:06,222][com.java.TestType] [  472] - 2
[INFO ][2015-11-09 14:53:06,222][com.java.TestType] [  467] -  str(2) = 3
[INFO ][2015-11-09 14:53:06,222][com.java.TestType] [  519] - row values are--------{1=com.java.Objects.TestDataDetails@1d95385, 2=com.java.Objects.TestDataDetails@112376c, 3=com.java.Objects.TestDataDetails@1978574}
[INFO ][2015-11-09 14:53:06,222][com.java.TestType] [ 8228] - Looping 1TCID = 2
[DEBUG][2015-11-09 14:53:06,222][com.java.TestType] [ 8269] - Concept ID:2 :: Step being Executed: 2::1
[INFO ][2015-11-09 14:53:06,222][com.java.TestType] [ 8307] - dataFields : BNK//select[@id='bank']
[DEBUG][2015-11-09 14:53:06,222][com.java.TestType] [ 8313] - <In Set values of the page>
[DEBUG][2015-11-09 14:53:06,222][com.java.TestType] [ 8318] - {Data Fields & Data Values Exist}
[INFO ][2015-11-09 14:53:06,222][com.java.TestType] [ 8324] - --------------------------setting values-----------------------------
[INFO ][2015-11-09 14:53:06,222][com.java.TestType] [ 8327] - Action Type : Select
[INFO ][2015-11-09 14:53:06,222][com.java.TestType] [ 4078] - value = PFC
[INFO ][2015-11-09 14:53:06,409][com.java.TestType] [ 8346] -  RESULT true
[INFO ][2015-11-09 14:53:06,409][com.java.TestType] [ 8463] - ?   P A S S   ?
[DEBUG][2015-11-09 14:53:06,409][com.java.TestType] [ 8269] - Concept ID:2 :: Step being Executed: 2::2
[INFO ][2015-11-09 14:53:06,409][com.java.TestType] [ 8307] - dataFields : LNKLogout
[DEBUG][2015-11-09 14:53:06,409][com.java.TestType] [ 8313] - <In Set values of the page>
[DEBUG][2015-11-09 14:53:06,409][com.java.TestType] [ 8318] - {Data Fields & Data Values Exist}
[INFO ][2015-11-09 14:53:06,409][com.java.TestType] [ 8324] - --------------------------setting values-----------------------------
[INFO ][2015-11-09 14:53:06,409][com.java.TestType] [ 8327] - Action Type : WaitTime
[DEBUG][2015-11-09 14:53:06,409][com.java.TestType] [ 3913] - sleepTime: 5000
[INFO ][2015-11-09 14:53:11,419][com.java.TestType] [ 8346] -  RESULT true
[INFO ][2015-11-09 14:53:11,419][com.java.TestType] [ 8463] - ?   P A S S   ?
[INFO ][2015-11-09 14:53:11,419][com.java.TestType] [ 8534] - Looping End......
[INFO ][2015-11-09 14:53:11,419][com.java.SeleniumDriver] [  861] -  RESULT true
[INFO ][2015-11-09 14:53:11,419][com.java.SeleniumDriver] [ 1066] - ?   P A S S   ?
[INFO ][2015-11-09 14:53:11,419][com.java.SeleniumDriver] [  788] - ------------------------------------------
[INFO ][2015-11-09 14:53:11,419][com.java.SeleniumDriver] [  789] - Test case being Executed: 10
[INFO ][2015-11-09 14:53:11,419][com.java.SeleniumDriver] [  800] - Test step:4
[INFO ][2015-11-09 14:53:11,419][com.java.SeleniumDriver] [  812] - Datavalue is----------2
[INFO ][2015-11-09 14:53:11,419][com.java.SeleniumDriver] [  836] - DataField : BTNG/L
[INFO ][2015-11-09 14:53:11,419][com.java.SeleniumDriver] [  838] - DataValue : 2
[INFO ][2015-11-09 14:53:11,419][com.java.SeleniumDriver] [  844] - <In Set values of the page>
[INFO ][2015-11-09 14:53:11,419][com.java.SeleniumDriver] [  847] - {Data Fields & Data Values Exist}
[INFO ][2015-11-09 14:53:11,419][com.java.SeleniumDriver] [  849] - --------------------------setting values-----------------------------
[INFO ][2015-11-09 14:53:11,419][com.java.SeleniumDriver] [  852] - Action Type : WAITFORELEMENT
[INFO ][2015-11-09 14:53:11,467][com.java.SeleniumDriver] [  861] -  RESULT true
[INFO ][2015-11-09 14:53:11,467][com.java.SeleniumDriver] [ 1066] - ?   P A S S   ?
[INFO ][2015-11-09 14:53:11,467][com.java.SeleniumDriver] [  788] - ------------------------------------------
[INFO ][2015-11-09 14:53:11,467][com.java.SeleniumDriver] [  789] - Test case being Executed: 10
[INFO ][2015-11-09 14:53:11,467][com.java.SeleniumDriver] [  800] - Test step:5
[INFO ][2015-11-09 14:53:11,467][com.java.SeleniumDriver] [  812] - Datavalue is----------CNS
[INFO ][2015-11-09 14:53:11,467][com.java.SeleniumDriver] [  836] - DataField : BNK//select[@id='bank']
[INFO ][2015-11-09 14:53:11,467][com.java.SeleniumDriver] [  838] - DataValue : CNS
[INFO ][2015-11-09 14:53:11,467][com.java.SeleniumDriver] [  844] - <In Set values of the page>
[INFO ][2015-11-09 14:53:11,467][com.java.SeleniumDriver] [  847] - {Data Fields & Data Values Exist}
[INFO ][2015-11-09 14:53:11,467][com.java.SeleniumDriver] [  849] - --------------------------setting values-----------------------------
[INFO ][2015-11-09 14:53:11,467][com.java.SeleniumDriver] [  852] - Action Type : SELECT
[INFO ][2015-11-09 14:53:11,467][com.java.TestType] [ 4078] - value = CNS
[INFO ][2015-11-09 14:53:11,966][com.java.SeleniumDriver] [  861] -  RESULT false
[INFO ][2015-11-09 14:53:11,966][com.java.SeleniumDriver] [  908] - ?   F A I L   ?
[INFO ][2015-11-09 14:53:11,966][com.java.SeleniumDriver] [  916] - Browser Type : IE11
[INFO ][2015-11-09 14:53:11,966][com.java.SeleniumDriver] [  917] - Adding Failed case10
[INFO ][2015-11-09 14:53:12,716][com.java.SeleniumDriver] [ 1030] - failedCases = 10
[ERROR][2015-11-09 14:53:12,716][com.java.SeleniumDriver] [ 1516] - Platform Errors : Our apologies...::We have encountered an issue with your request.::Our apologies?:We encountered an issue with your request.
[INFO ][2015-11-09 14:53:12,716][com.java.SeleniumDriver] [ 1520] - Length =3
[ERROR][2015-11-09 14:53:12,716][com.java.SeleniumDriver] [ 1523] - Error 0 = Our apologies...
[ERROR][2015-11-09 14:53:12,779][com.java.SeleniumDriver] [ 1523] - Error 1 = We have encountered an issue with your request.
[ERROR][2015-11-09 14:53:12,826][com.java.SeleniumDriver] [ 1523] - Error 2 = Our apologies?:We encountered an issue with your request.
[DEBUG][2015-11-09 14:53:12,888][com.java.SeleniumDriver] [ 1168] - Case found
[DEBUG][2015-11-09 14:53:12,888][com.java.SeleniumDriver] [ 1173] - Incrementing ReportCounters[0]:3
[INFO ][2015-11-09 14:53:12,888][com.java.SeleniumDriver] [ 1192] - The results are-------------------[10, 5, GL: Balance Sheet: Balance Sheet Report: Eliminations Negative Test, Fail, 
Test case failed at Step No. :: 5   Error Message ::  Failed to select item: BNC BanCorp & Subsidiaries from //select[@id='bank']. Screen Shot : D:\BankersDashboard\TestReports\110915\10_110915_145311_IE11.png, Mon Nov 09 14:53:12 IST 2015]
[INFO ][2015-11-09 14:53:12,888][com.java.SeleniumDriver] [ 1196] - End time is-------7 min 18 sec
[INFO ][2015-11-09 14:53:12,888][com.java.SeleniumDriver] [ 1197] - The results are-------------------[10, 5, GL: Balance Sheet: Balance Sheet Report: Eliminations Negative Test, Fail, 
Test case failed at Step No. :: 5   Error Message ::  Failed to select item: BNC BanCorp & Subsidiaries from //select[@id='bank']. Screen Shot : D:\BankersDashboard\TestReports\110915\10_110915_145311_IE11.png, Mon Nov 09 14:53:12 IST 2015]
[DEBUG][2015-11-09 14:53:12,888][com.java.ImportnExport.ExportTestResultsExcel] [  222] - testResultPath = D:\BankersDashboard/TestReports/Test Results_BankersDashBoard_110915_144556_IE11_Bank of North Carolina.xls
[DEBUG][2015-11-09 14:53:12,888][com.java.ImportnExport.ExportTestResultsExcel] [  223] - browser is------------IE11
[DEBUG][2015-11-09 14:53:12,888][com.java.ImportnExport.ExportTestResultsExcel] [  270] - result.size() = 6
[DEBUG][2015-11-09 14:53:12,888][com.java.ImportnExport.ExportTestResultsExcel] [  274] - No of rows in sheet=3
[DEBUG][2015-11-09 14:53:12,888][com.java.ImportnExport.ExportTestResultsExcel] [  301] - ..in export..10
[DEBUG][2015-11-09 14:53:12,888][com.java.ImportnExport.ExportTestResultsExcel] [  301] - ..in export..GL: Balance Sheet: Balance Sheet Report: Eliminations Negative Test
[DEBUG][2015-11-09 14:53:12,888][com.java.ImportnExport.ExportTestResultsExcel] [  301] - ..in export..Fail
[DEBUG][2015-11-09 14:53:12,888][com.java.ImportnExport.ExportTestResultsExcel] [  301] - ..in export..
Test case failed at Step No. :: 5   Error Message ::  Failed to select item: BNC BanCorp & Subsidiaries from //select[@id='bank']. Screen Shot : D:\BankersDashboard\TestReports\110915\10_110915_145311_IE11.png
[DEBUG][2015-11-09 14:53:12,888][com.java.ImportnExport.ExportTestResultsExcel] [  301] - ..in export..Mon Nov 09 14:53:12 IST 2015
[INFO ][2015-11-09 14:53:12,888][com.java.SeleniumDriver] [ 1255] - out loop:2 size:3 TestCases:[11, 7, 10] testcases:[11, 7, 10]
[INFO ][2015-11-09 14:53:14,901][com.java.SeleniumDriver] [ 1297] - Total Number of Cases:3
[INFO ][2015-11-09 14:53:14,901][com.java.TemplateGenerator] [  302] - Executed:3
[INFO ][2015-11-09 14:53:14,901][com.java.TemplateGenerator] [  303] - Passed:2
[INFO ][2015-11-09 14:53:14,901][com.java.TemplateGenerator] [  304] - Failed:1
[INFO ][2015-11-09 14:53:14,901][com.java.TemplateGenerator] [  305] - Skipeed:0
[INFO ][2015-11-09 14:53:14,901][com.java.TemplateGenerator] [  306] - Application URL:https://clients-xuat.bankersdashboard.com
[INFO ][2015-11-09 14:53:14,901][com.java.TemplateGenerator] [  307] - Start Time:110915_144556
[INFO ][2015-11-09 14:53:14,901][com.java.TemplateGenerator] [  308] -  Creating HTML Report 
[ERROR][2015-11-09 14:53:14,901][com.java.TemplateGenerator] [  409] - Unparseable date: "Mon Nov 09 02:45:56 IST 2015"
[INFO ][2015-11-09 14:53:14,901][com.java.TemplateGenerator] [  654] -  Exporting case :: 7
[INFO ][2015-11-09 14:53:14,901][com.java.TemplateGenerator] [  654] -  Exporting case :: 10
[INFO ][2015-11-09 14:53:14,901][com.java.TemplateGenerator] [  654] -  Exporting case :: 11
[INFO ][2015-11-09 14:53:14,901][com.java.SeleniumDriver] [ 1346] - End Time:110915_145314
[INFO ][2015-11-09 14:53:14,901][com.java.SeleniumDriver] [ 1349] - Data in Test Execution Details:{7=PASS, 10=FAILTest case failed at Step No. :: 5   Error Message ::  Failed to select item: BNC BanCorp & Subsidiaries from //select[@id='bank'], 11=PASS}
[INFO ][2015-11-09 14:53:14,901][com.java.SeleniumDriver] [ 1350] - Data in Failed Execution Deatils:{}
[INFO ][2015-11-09 14:53:14,901][com.java.SeleniumDriver] [ 1352] - ReportCounter:Total:3 :: PASS: 2 ::FAIL: 1
[INFO ][2015-11-09 14:53:14,901][com.java.SeleniumDriver] [ 1353] - FailedReportCounter:Total:0 :: PASS: 0 ::FAIL: 0
[INFO ][2015-11-09 14:53:14,901][com.java.EmailTestReport] [   63] - Sending report mail details:
[INFO ][2015-11-09 14:53:14,901][com.java.EmailTestReport] [   80] - Excel Report Path:D:\BankersDashboard/TestReports/Test Results_BankersDashBoard_110915_144556_IE11_Bank of North Carolina.xls
[INFO ][2015-11-09 14:53:14,901][com.java.EmailTestReport] [   81] - HTML Report Path:D:\BankersDashboard//TestReports//Test Results_BankersDashBoard_110915_144556_IE11_Bank of North Carolina.html
[INFO ][2015-11-09 14:53:14,901][com.java.EmailTestReport] [   82] - smtpHostName:mail01.valuelabs.com
[INFO ][2015-11-09 14:53:14,901][com.java.EmailTestReport] [   83] - Recipient:venkateswararao.gubbala@valuelabs.com
[INFO ][2015-11-09 14:53:14,901][com.java.EmailTestReport] [   84] - From:venkateswararao.gubbala@valuelabs.com
[INFO ][2015-11-09 14:53:14,901][com.java.EmailTestReport] [   85] - Subject:Deluxe Corp Bankers Dashboard Automation Test Report - Bank of North Carolina - IE11
[INFO ][2015-11-09 14:53:14,902][com.java.EmailTestReport] [  143] -  Added venkateswararao.gubbala@valuelabs.com
[INFO ][2015-11-09 14:53:18,312][com.java.SeleniumDriver] [  719] - quitting the browser 
[INFO ][2015-11-09 14:53:19,529][com.java.SeleniumDriver] [  263] - Execution Completed Stopping the thread
