[INFO ][2015-11-05 13:12:47,312][com.java.SeleniumDriver] [  213] - Execute Failed Casesfalse
[INFO ][2015-11-05 13:12:47,312][com.java.SeleniumDriver] [  214] - Browser: IE11
[INFO ][2015-11-05 13:12:47,312][com.java.SeleniumDriver] [  215] - [1, 11]
[INFO ][2015-11-05 13:12:47,312][com.java.SeleniumDriver] [  216] - Total TestCases:2
[INFO ][2015-11-05 13:12:47,312][com.java.SeleniumDriver] [  217] -  Reading Properties from Property File 
[DEBUG][2015-11-05 13:12:47,312][com.java.SeleniumDriver] [  238] - url : https://clients-xuat.bankersdashboard.com
[INFO ][2015-11-05 13:12:47,312][com.java.ImportnExport.ExportTestResultsExcel] [  116] - Time Stamp Thu Nov 05 01:12:47 IST 2015
[INFO ][2015-11-05 13:12:47,312][com.java.ImportnExport.ExportTestResultsExcel] [  175] - OUT FILE : D:\BankersDashboard/TestReports/Test Results_BankersDashBoard_110515_131247_IE11_Simmons First National Bank.xls
[INFO ][2015-11-05 13:12:47,343][com.java.ImportnExport.ExportTestResultsExcel] [  180] - Test Result file is created
[DEBUG][2015-11-05 13:12:47,453][com.java.SeleniumDriver] [  425] - Hub ip address is-------172.17.68.34
[INFO ][2015-11-05 13:12:47,453][com.java.SeleniumDriver] [  451] - Grid URL:http://172.17.68.34:4444/wd/hub
[INFO ][2015-11-05 13:12:47,453][com.java.SeleniumDriver] [  452] - Capability:Capabilities [{platform=ANY, ensureCleanSession=true, ignoreProtectedModeSettings=true, acceptSslCerts=true, ignoreZoomSetting=true, browserName=internet explorer, browserstack.ie.noFlash=true, version=Node1}]
[ERROR][2015-11-05 13:12:48,823][com.java.SeleniumDriver] [  496] - Unable invoke browser in grid:Could not start a new session. Possible causes are invalid address of the remote server or browser start-up failure.
Build info: version: '2.48.2', revision: '41bccdd', time: '2015-10-09 19:59:12'
System info: host: 'FVTIII438F1D', ip: '172.17.68.34', os.name: 'Windows 7', os.arch: 'x86', os.version: '6.1', java.version: '1.7.0_55'
Driver info: driver.version: SeleniumDriver
[INFO ][2015-11-05 13:12:48,823][com.java.SeleniumDriver] [  498] - Executing on local machine
[INFO ][2015-11-05 13:12:58,348][com.java.SeleniumDriver] [  248] - IE11is opened
[INFO ][2015-11-05 13:12:59,185][com.java.SeleniumDriver] [  752] - Test cases to be executed are: [1, 11]
[INFO ][2015-11-05 13:12:59,185][com.java.ImportnExport.ImportTestDataDetailsExcel] [   49] - test data details path===== D:\BankersDashboard\TestInputs\TestData.xls
[INFO ][2015-11-05 13:13:10,449][com.java.SeleniumDriver] [  788] - ------------------------------------------
[INFO ][2015-11-05 13:13:10,449][com.java.SeleniumDriver] [  789] - Test case being Executed: 1
[INFO ][2015-11-05 13:13:10,480][com.java.SeleniumDriver] [  800] - Test step:1
[INFO ][2015-11-05 13:13:10,480][com.java.SeleniumDriver] [  812] - Datavalue is----------Concept#1:1-14
[INFO ][2015-11-05 13:13:10,480][com.java.SeleniumDriver] [  836] - DataField : test
[INFO ][2015-11-05 13:13:10,480][com.java.SeleniumDriver] [  838] - DataValue : Concept#1:1-14
[INFO ][2015-11-05 13:13:10,480][com.java.SeleniumDriver] [  844] - <In Set values of the page>
[INFO ][2015-11-05 13:13:10,480][com.java.SeleniumDriver] [  847] - {Data Fields & Data Values Exist}
[INFO ][2015-11-05 13:13:10,480][com.java.SeleniumDriver] [  849] - --------------------------setting values-----------------------------
[INFO ][2015-11-05 13:13:10,480][com.java.SeleniumDriver] [  852] - Action Type : ExecuteTestCase
[INFO ][2015-11-05 13:13:10,510][com.java.TestType] [  411] - The Concept sheet name is ---------- Concept
[INFO ][2015-11-05 13:13:10,510][com.java.TestType] [  414] - The Concept ID  is ---------- 1
[DEBUG][2015-11-05 13:13:10,510][com.java.TestType] [  418] - Steps being executted in the Concept are: 1:14
[INFO ][2015-11-05 13:13:10,510][com.java.TestType] [  425] - Test data details path ---------- D:\BankersDashboard\TestInputs\TestData.xls
[INFO ][2015-11-05 13:13:10,540][com.java.TestType] [  456] -  str(1) = 1
[INFO ][2015-11-05 13:13:10,540][com.java.TestType] [  459] - Test case Id is---1
[INFO ][2015-11-05 13:13:10,540][com.java.TestType] [  461] - 1
[INFO ][2015-11-05 13:13:10,540][com.java.TestType] [  456] -  str(2) = 1
[INFO ][2015-11-05 13:13:10,550][com.java.TestType] [  508] - row values are--------{1=com.java.Objects.TestDataDetails@5c74dc}
[INFO ][2015-11-05 13:13:10,550][com.java.TestType] [  456] -  str(1) = 1
[INFO ][2015-11-05 13:13:10,550][com.java.TestType] [  459] - Test case Id is---1
[INFO ][2015-11-05 13:13:10,550][com.java.TestType] [  461] - 1
[INFO ][2015-11-05 13:13:10,550][com.java.TestType] [  456] -  str(2) = 2
[INFO ][2015-11-05 13:13:10,550][com.java.TestType] [  508] - row values are--------{1=com.java.Objects.TestDataDetails@5c74dc, 2=com.java.Objects.TestDataDetails@110c667}
[INFO ][2015-11-05 13:13:10,550][com.java.TestType] [  456] -  str(1) = 1
[INFO ][2015-11-05 13:13:10,550][com.java.TestType] [  459] - Test case Id is---1
[INFO ][2015-11-05 13:13:10,550][com.java.TestType] [  461] - 1
[INFO ][2015-11-05 13:13:10,550][com.java.TestType] [  456] -  str(2) = 3
[INFO ][2015-11-05 13:13:10,550][com.java.TestType] [  508] - row values are--------{1=com.java.Objects.TestDataDetails@5c74dc, 2=com.java.Objects.TestDataDetails@110c667, 3=com.java.Objects.TestDataDetails@1f926e3}
[INFO ][2015-11-05 13:13:10,550][com.java.TestType] [  456] -  str(1) = 1
[INFO ][2015-11-05 13:13:10,550][com.java.TestType] [  459] - Test case Id is---1
[INFO ][2015-11-05 13:13:10,550][com.java.TestType] [  461] - 1
[INFO ][2015-11-05 13:13:10,550][com.java.TestType] [  456] -  str(2) = 4
[INFO ][2015-11-05 13:13:10,550][com.java.TestType] [  508] - row values are--------{1=com.java.Objects.TestDataDetails@5c74dc, 2=com.java.Objects.TestDataDetails@110c667, 3=com.java.Objects.TestDataDetails@1f926e3, 4=com.java.Objects.TestDataDetails@1391cbb}
[INFO ][2015-11-05 13:13:10,550][com.java.TestType] [  456] -  str(1) = 1
[INFO ][2015-11-05 13:13:10,550][com.java.TestType] [  459] - Test case Id is---1
[INFO ][2015-11-05 13:13:10,550][com.java.TestType] [  461] - 1
[INFO ][2015-11-05 13:13:10,550][com.java.TestType] [  456] -  str(2) = 5
[INFO ][2015-11-05 13:13:10,550][com.java.TestType] [  508] - row values are--------{1=com.java.Objects.TestDataDetails@5c74dc, 2=com.java.Objects.TestDataDetails@110c667, 3=com.java.Objects.TestDataDetails@1f926e3, 4=com.java.Objects.TestDataDetails@1391cbb, 5=com.java.Objects.TestDataDetails@1e16eb2}
[INFO ][2015-11-05 13:13:10,550][com.java.TestType] [  456] -  str(1) = 1
[INFO ][2015-11-05 13:13:10,550][com.java.TestType] [  459] - Test case Id is---1
[INFO ][2015-11-05 13:13:10,550][com.java.TestType] [  461] - 1
[INFO ][2015-11-05 13:13:10,550][com.java.TestType] [  456] -  str(2) = 6
[INFO ][2015-11-05 13:13:10,550][com.java.TestType] [  508] - row values are--------{1=com.java.Objects.TestDataDetails@5c74dc, 2=com.java.Objects.TestDataDetails@110c667, 3=com.java.Objects.TestDataDetails@1f926e3, 4=com.java.Objects.TestDataDetails@1391cbb, 5=com.java.Objects.TestDataDetails@1e16eb2, 6=com.java.Objects.TestDataDetails@1aa9431}
[INFO ][2015-11-05 13:13:10,550][com.java.TestType] [  456] -  str(1) = 1
[INFO ][2015-11-05 13:13:10,550][com.java.TestType] [  459] - Test case Id is---1
[INFO ][2015-11-05 13:13:10,550][com.java.TestType] [  461] - 1
[INFO ][2015-11-05 13:13:10,550][com.java.TestType] [  456] -  str(2) = 7
[INFO ][2015-11-05 13:13:10,560][com.java.TestType] [  508] - row values are--------{1=com.java.Objects.TestDataDetails@5c74dc, 2=com.java.Objects.TestDataDetails@110c667, 3=com.java.Objects.TestDataDetails@1f926e3, 4=com.java.Objects.TestDataDetails@1391cbb, 5=com.java.Objects.TestDataDetails@1e16eb2, 6=com.java.Objects.TestDataDetails@1aa9431, 7=com.java.Objects.TestDataDetails@17d477b}
[INFO ][2015-11-05 13:13:10,560][com.java.TestType] [  456] -  str(1) = 1
[INFO ][2015-11-05 13:13:10,560][com.java.TestType] [  459] - Test case Id is---1
[INFO ][2015-11-05 13:13:10,560][com.java.TestType] [  461] - 1
[INFO ][2015-11-05 13:13:10,560][com.java.TestType] [  456] -  str(2) = 8
[INFO ][2015-11-05 13:13:10,560][com.java.TestType] [  508] - row values are--------{1=com.java.Objects.TestDataDetails@5c74dc, 2=com.java.Objects.TestDataDetails@110c667, 3=com.java.Objects.TestDataDetails@1f926e3, 4=com.java.Objects.TestDataDetails@1391cbb, 5=com.java.Objects.TestDataDetails@1e16eb2, 6=com.java.Objects.TestDataDetails@1aa9431, 7=com.java.Objects.TestDataDetails@17d477b, 8=com.java.Objects.TestDataDetails@156db07}
[INFO ][2015-11-05 13:13:10,560][com.java.TestType] [  456] -  str(1) = 1
[INFO ][2015-11-05 13:13:10,560][com.java.TestType] [  459] - Test case Id is---1
[INFO ][2015-11-05 13:13:10,560][com.java.TestType] [  461] - 1
[INFO ][2015-11-05 13:13:10,560][com.java.TestType] [  456] -  str(2) = 9
[INFO ][2015-11-05 13:13:10,560][com.java.TestType] [  508] - row values are--------{1=com.java.Objects.TestDataDetails@5c74dc, 2=com.java.Objects.TestDataDetails@110c667, 3=com.java.Objects.TestDataDetails@1f926e3, 4=com.java.Objects.TestDataDetails@1391cbb, 5=com.java.Objects.TestDataDetails@1e16eb2, 6=com.java.Objects.TestDataDetails@1aa9431, 7=com.java.Objects.TestDataDetails@17d477b, 8=com.java.Objects.TestDataDetails@156db07, 9=com.java.Objects.TestDataDetails@b61346}
[INFO ][2015-11-05 13:13:10,560][com.java.TestType] [  456] -  str(1) = 1
[INFO ][2015-11-05 13:13:10,560][com.java.TestType] [  459] - Test case Id is---1
[INFO ][2015-11-05 13:13:10,560][com.java.TestType] [  461] - 1
[INFO ][2015-11-05 13:13:10,560][com.java.TestType] [  456] -  str(2) = 10
[INFO ][2015-11-05 13:13:10,560][com.java.TestType] [  508] - row values are--------{1=com.java.Objects.TestDataDetails@5c74dc, 2=com.java.Objects.TestDataDetails@110c667, 3=com.java.Objects.TestDataDetails@1f926e3, 4=com.java.Objects.TestDataDetails@1391cbb, 5=com.java.Objects.TestDataDetails@1e16eb2, 6=com.java.Objects.TestDataDetails@1aa9431, 7=com.java.Objects.TestDataDetails@17d477b, 8=com.java.Objects.TestDataDetails@156db07, 9=com.java.Objects.TestDataDetails@b61346, 10=com.java.Objects.TestDataDetails@1f56400}
[INFO ][2015-11-05 13:13:10,560][com.java.TestType] [  456] -  str(1) = 1
[INFO ][2015-11-05 13:13:10,560][com.java.TestType] [  459] - Test case Id is---1
[INFO ][2015-11-05 13:13:10,560][com.java.TestType] [  461] - 1
[INFO ][2015-11-05 13:13:10,560][com.java.TestType] [  456] -  str(2) = 11
[INFO ][2015-11-05 13:13:10,560][com.java.TestType] [  508] - row values are--------{1=com.java.Objects.TestDataDetails@5c74dc, 2=com.java.Objects.TestDataDetails@110c667, 3=com.java.Objects.TestDataDetails@1f926e3, 4=com.java.Objects.TestDataDetails@1391cbb, 5=com.java.Objects.TestDataDetails@1e16eb2, 6=com.java.Objects.TestDataDetails@1aa9431, 7=com.java.Objects.TestDataDetails@17d477b, 8=com.java.Objects.TestDataDetails@156db07, 9=com.java.Objects.TestDataDetails@b61346, 10=com.java.Objects.TestDataDetails@1f56400, 11=com.java.Objects.TestDataDetails@18ee871}
[INFO ][2015-11-05 13:13:10,560][com.java.TestType] [  456] -  str(1) = 1
[INFO ][2015-11-05 13:13:10,560][com.java.TestType] [  459] - Test case Id is---1
[INFO ][2015-11-05 13:13:10,560][com.java.TestType] [  461] - 1
[INFO ][2015-11-05 13:13:10,560][com.java.TestType] [  456] -  str(2) = 12
[INFO ][2015-11-05 13:13:10,560][com.java.TestType] [  508] - row values are--------{1=com.java.Objects.TestDataDetails@5c74dc, 2=com.java.Objects.TestDataDetails@110c667, 3=com.java.Objects.TestDataDetails@1f926e3, 4=com.java.Objects.TestDataDetails@1391cbb, 5=com.java.Objects.TestDataDetails@1e16eb2, 6=com.java.Objects.TestDataDetails@1aa9431, 7=com.java.Objects.TestDataDetails@17d477b, 8=com.java.Objects.TestDataDetails@156db07, 9=com.java.Objects.TestDataDetails@b61346, 10=com.java.Objects.TestDataDetails@1f56400, 11=com.java.Objects.TestDataDetails@18ee871, 12=com.java.Objects.TestDataDetails@4fc9a}
[INFO ][2015-11-05 13:13:10,560][com.java.TestType] [  456] -  str(1) = 1
[INFO ][2015-11-05 13:13:10,560][com.java.TestType] [  459] - Test case Id is---1
[INFO ][2015-11-05 13:13:10,560][com.java.TestType] [  461] - 1
[INFO ][2015-11-05 13:13:10,560][com.java.TestType] [  456] -  str(2) = 13
[INFO ][2015-11-05 13:13:10,570][com.java.TestType] [  508] - row values are--------{1=com.java.Objects.TestDataDetails@5c74dc, 2=com.java.Objects.TestDataDetails@110c667, 3=com.java.Objects.TestDataDetails@1f926e3, 4=com.java.Objects.TestDataDetails@1391cbb, 5=com.java.Objects.TestDataDetails@1e16eb2, 6=com.java.Objects.TestDataDetails@1aa9431, 7=com.java.Objects.TestDataDetails@17d477b, 8=com.java.Objects.TestDataDetails@156db07, 9=com.java.Objects.TestDataDetails@b61346, 10=com.java.Objects.TestDataDetails@1f56400, 11=com.java.Objects.TestDataDetails@18ee871, 12=com.java.Objects.TestDataDetails@4fc9a, 13=com.java.Objects.TestDataDetails@21dc93}
[INFO ][2015-11-05 13:13:10,570][com.java.TestType] [  456] -  str(1) = 1
[INFO ][2015-11-05 13:13:10,570][com.java.TestType] [  459] - Test case Id is---1
[INFO ][2015-11-05 13:13:10,570][com.java.TestType] [  461] - 1
[INFO ][2015-11-05 13:13:10,570][com.java.TestType] [  456] -  str(2) = 14
[INFO ][2015-11-05 13:13:10,570][com.java.TestType] [  508] - row values are--------{1=com.java.Objects.TestDataDetails@5c74dc, 2=com.java.Objects.TestDataDetails@110c667, 3=com.java.Objects.TestDataDetails@1f926e3, 4=com.java.Objects.TestDataDetails@1391cbb, 5=com.java.Objects.TestDataDetails@1e16eb2, 6=com.java.Objects.TestDataDetails@1aa9431, 7=com.java.Objects.TestDataDetails@17d477b, 8=com.java.Objects.TestDataDetails@156db07, 9=com.java.Objects.TestDataDetails@b61346, 10=com.java.Objects.TestDataDetails@1f56400, 11=com.java.Objects.TestDataDetails@18ee871, 12=com.java.Objects.TestDataDetails@4fc9a, 13=com.java.Objects.TestDataDetails@21dc93, 14=com.java.Objects.TestDataDetails@10433ed}
[INFO ][2015-11-05 13:13:10,570][com.java.TestType] [ 7947] - Looping 1TCID = 1
[DEBUG][2015-11-05 13:13:10,570][com.java.TestType] [ 7988] - Concept ID:1 :: Step being Executed: 1::1
[INFO ][2015-11-05 13:13:10,570][com.java.TestType] [ 8026] - dataFields : TXTusername
[DEBUG][2015-11-05 13:13:10,570][com.java.TestType] [ 8032] - <In Set values of the page>
[DEBUG][2015-11-05 13:13:10,570][com.java.TestType] [ 8037] - {Data Fields & Data Values Exist}
[INFO ][2015-11-05 13:13:10,570][com.java.TestType] [ 8043] - --------------------------setting values-----------------------------
[INFO ][2015-11-05 13:13:10,570][com.java.TestType] [ 8046] - Action Type : CLEARANDENTER
[INFO ][2015-11-05 13:13:10,570][com.java.TestType] [ 3798] - value = valuelabs.ie11.03890
[INFO ][2015-11-05 13:13:15,412][com.java.TestType] [ 8065] -  RESULT true
[INFO ][2015-11-05 13:13:15,412][com.java.TestType] [ 8182] - ?   P A S S   ?
[DEBUG][2015-11-05 13:13:15,412][com.java.TestType] [ 7988] - Concept ID:1 :: Step being Executed: 1::2
[INFO ][2015-11-05 13:13:15,412][com.java.TestType] [ 8026] - dataFields : TXTpassword
[DEBUG][2015-11-05 13:13:15,412][com.java.TestType] [ 8032] - <In Set values of the page>
[DEBUG][2015-11-05 13:13:15,412][com.java.TestType] [ 8037] - {Data Fields & Data Values Exist}
[INFO ][2015-11-05 13:13:15,412][com.java.TestType] [ 8043] - --------------------------setting values-----------------------------
[INFO ][2015-11-05 13:13:15,412][com.java.TestType] [ 8046] - Action Type : CLEARANDENTER
[INFO ][2015-11-05 13:13:15,412][com.java.TestType] [ 3798] - value = Password1*
[INFO ][2015-11-05 13:13:20,349][com.java.TestType] [ 8065] -  RESULT true
[INFO ][2015-11-05 13:13:20,349][com.java.TestType] [ 8182] - ?   P A S S   ?
[DEBUG][2015-11-05 13:13:20,349][com.java.TestType] [ 7988] - Concept ID:1 :: Step being Executed: 1::3
[ERROR][2015-11-05 13:13:20,349][com.java.TestType] [ 8021] - Exception: null
[INFO ][2015-11-05 13:13:20,349][com.java.TestType] [ 8026] - dataFields : XPH//button[@type='submit']
[DEBUG][2015-11-05 13:13:20,349][com.java.TestType] [ 8032] - <In Set values of the page>
[DEBUG][2015-11-05 13:13:20,349][com.java.TestType] [ 8037] - {Data Fields & Data Values Exist}
[INFO ][2015-11-05 13:13:20,349][com.java.TestType] [ 8043] - --------------------------setting values-----------------------------
[INFO ][2015-11-05 13:13:20,349][com.java.TestType] [ 8046] - Action Type : Click
[INFO ][2015-11-05 13:13:20,349][com.java.TestType] [ 4111] - Field ::XPH//button[@type='submit']
[INFO ][2015-11-05 13:13:21,349][com.java.TestType] [ 4170] - BEFORE CLICK
[INFO ][2015-11-05 13:13:35,002][com.java.TestType] [ 4178] - Unable to click the object Login
[INFO ][2015-11-05 13:13:35,002][com.java.TestType] [ 8065] -  RESULT true
[INFO ][2015-11-05 13:13:35,002][com.java.TestType] [ 8182] - ?   P A S S   ?
[DEBUG][2015-11-05 13:13:35,002][com.java.TestType] [ 7988] - Concept ID:1 :: Step being Executed: 1::4
[INFO ][2015-11-05 13:13:35,002][com.java.TestType] [ 8026] - dataFields : LNKLogout
[DEBUG][2015-11-05 13:13:35,002][com.java.TestType] [ 8032] - <In Set values of the page>
[DEBUG][2015-11-05 13:13:35,002][com.java.TestType] [ 8037] - {Data Fields & Data Values Exist}
[INFO ][2015-11-05 13:13:35,002][com.java.TestType] [ 8043] - --------------------------setting values-----------------------------
[INFO ][2015-11-05 13:13:35,002][com.java.TestType] [ 8046] - Action Type : WaitForElement
[INFO ][2015-11-05 13:13:35,033][com.java.TestType] [ 8065] -  RESULT true
[INFO ][2015-11-05 13:13:35,033][com.java.TestType] [ 8182] - ?   P A S S   ?
[DEBUG][2015-11-05 13:13:35,033][com.java.TestType] [ 7988] - Concept ID:1 :: Step being Executed: 1::13
[INFO ][2015-11-05 13:13:35,033][com.java.TestType] [ 8026] - dataFields : LNK
[DEBUG][2015-11-05 13:13:35,033][com.java.TestType] [ 8032] - <In Set values of the page>
[DEBUG][2015-11-05 13:13:35,033][com.java.TestType] [ 8037] - {Data Fields & Data Values Exist}
[INFO ][2015-11-05 13:13:35,033][com.java.TestType] [ 8043] - --------------------------setting values-----------------------------
[INFO ][2015-11-05 13:13:35,033][com.java.TestType] [ 8046] - Action Type : Verify
[INFO ][2015-11-05 13:13:35,033][com.java.TestType] [ 4924] - field= LNK value= Logout
[INFO ][2015-11-05 13:13:35,033][com.java.TestType] [ 3798] - value = Logout
[INFO ][2015-11-05 13:13:35,073][com.java.TestType] [ 8065] -  RESULT true
[INFO ][2015-11-05 13:13:35,073][com.java.TestType] [ 8182] - ?   P A S S   ?
[DEBUG][2015-11-05 13:13:35,073][com.java.TestType] [ 7988] - Concept ID:1 :: Step being Executed: 1::14
[INFO ][2015-11-05 13:13:35,073][com.java.TestType] [ 8026] - dataFields : BTN
[DEBUG][2015-11-05 13:13:35,073][com.java.TestType] [ 8032] - <In Set values of the page>
[DEBUG][2015-11-05 13:13:35,073][com.java.TestType] [ 8037] - {Data Fields & Data Values Exist}
[INFO ][2015-11-05 13:13:35,073][com.java.TestType] [ 8043] - --------------------------setting values-----------------------------
[INFO ][2015-11-05 13:13:35,073][com.java.TestType] [ 8046] - Action Type : Verify
[INFO ][2015-11-05 13:13:35,073][com.java.TestType] [ 4924] - field= BTN value= //img[contains(@src,'bdlogo.jpg')]
[INFO ][2015-11-05 13:13:35,073][com.java.TestType] [ 3798] - value = //img[contains(@src,'bdlogo.jpg')]
[INFO ][2015-11-05 13:13:35,103][com.java.TestType] [ 8065] -  RESULT true
[INFO ][2015-11-05 13:13:35,103][com.java.TestType] [ 8182] - ?   P A S S   ?
[INFO ][2015-11-05 13:13:35,103][com.java.TestType] [ 8253] - Looping End......
[INFO ][2015-11-05 13:13:35,103][com.java.SeleniumDriver] [  861] -  RESULT true
[INFO ][2015-11-05 13:13:35,103][com.java.SeleniumDriver] [ 1066] - ?   P A S S   ?
[INFO ][2015-11-05 13:13:35,103][com.java.SeleniumDriver] [  788] - ------------------------------------------
[INFO ][2015-11-05 13:13:35,103][com.java.SeleniumDriver] [  789] - Test case being Executed: 1
[INFO ][2015-11-05 13:13:35,103][com.java.SeleniumDriver] [  800] - Test step:2
[INFO ][2015-11-05 13:13:35,103][com.java.SeleniumDriver] [  812] - Datavalue is----------Concept#2:1-2
[INFO ][2015-11-05 13:13:35,103][com.java.SeleniumDriver] [  836] - DataField : test
[INFO ][2015-11-05 13:13:35,103][com.java.SeleniumDriver] [  838] - DataValue : Concept#2:1-2
[INFO ][2015-11-05 13:13:35,103][com.java.SeleniumDriver] [  844] - <In Set values of the page>
[INFO ][2015-11-05 13:13:35,103][com.java.SeleniumDriver] [  847] - {Data Fields & Data Values Exist}
[INFO ][2015-11-05 13:13:35,103][com.java.SeleniumDriver] [  849] - --------------------------setting values-----------------------------
[INFO ][2015-11-05 13:13:35,103][com.java.SeleniumDriver] [  852] - Action Type : ExecuteTestCase
[INFO ][2015-11-05 13:13:35,103][com.java.TestType] [  411] - The Concept sheet name is ---------- Concept
[INFO ][2015-11-05 13:13:35,103][com.java.TestType] [  414] - The Concept ID  is ---------- 2
[DEBUG][2015-11-05 13:13:35,103][com.java.TestType] [  418] - Steps being executted in the Concept are: 1:2
[INFO ][2015-11-05 13:13:35,103][com.java.TestType] [  425] - Test data details path ---------- D:\BankersDashboard\TestInputs\TestData.xls
[INFO ][2015-11-05 13:13:35,143][com.java.TestType] [  456] -  str(1) = 2
[INFO ][2015-11-05 13:13:35,143][com.java.TestType] [  459] - Test case Id is---2
[INFO ][2015-11-05 13:13:35,143][com.java.TestType] [  461] - 2
[INFO ][2015-11-05 13:13:35,143][com.java.TestType] [  456] -  str(2) = 1
[INFO ][2015-11-05 13:13:35,143][com.java.TestType] [  508] - row values are--------{1=com.java.Objects.TestDataDetails@fb915d}
[INFO ][2015-11-05 13:13:35,143][com.java.TestType] [  456] -  str(1) = 2
[INFO ][2015-11-05 13:13:35,143][com.java.TestType] [  459] - Test case Id is---2
[INFO ][2015-11-05 13:13:35,143][com.java.TestType] [  461] - 2
[INFO ][2015-11-05 13:13:35,143][com.java.TestType] [  456] -  str(2) = 2
[INFO ][2015-11-05 13:13:35,143][com.java.TestType] [  508] - row values are--------{1=com.java.Objects.TestDataDetails@fb915d, 2=com.java.Objects.TestDataDetails@1aa8563}
[INFO ][2015-11-05 13:13:35,143][com.java.TestType] [  456] -  str(1) = 2
[INFO ][2015-11-05 13:13:35,143][com.java.TestType] [  459] - Test case Id is---2
[INFO ][2015-11-05 13:13:35,143][com.java.TestType] [  461] - 2
[INFO ][2015-11-05 13:13:35,143][com.java.TestType] [  456] -  str(2) = 3
[INFO ][2015-11-05 13:13:35,143][com.java.TestType] [  508] - row values are--------{1=com.java.Objects.TestDataDetails@fb915d, 2=com.java.Objects.TestDataDetails@1aa8563, 3=com.java.Objects.TestDataDetails@1204291}
[INFO ][2015-11-05 13:13:35,143][com.java.TestType] [ 7947] - Looping 1TCID = 2
[DEBUG][2015-11-05 13:13:35,143][com.java.TestType] [ 7988] - Concept ID:2 :: Step being Executed: 2::1
[INFO ][2015-11-05 13:13:35,143][com.java.TestType] [ 8026] - dataFields : BNK//select[@id='bank']
[DEBUG][2015-11-05 13:13:35,143][com.java.TestType] [ 8032] - <In Set values of the page>
[DEBUG][2015-11-05 13:13:35,143][com.java.TestType] [ 8037] - {Data Fields & Data Values Exist}
[INFO ][2015-11-05 13:13:35,143][com.java.TestType] [ 8043] - --------------------------setting values-----------------------------
[INFO ][2015-11-05 13:13:35,143][com.java.TestType] [ 8046] - Action Type : Select
[INFO ][2015-11-05 13:13:35,143][com.java.TestType] [ 3798] - value = PFC
[INFO ][2015-11-05 13:13:35,343][com.java.TestType] [ 8065] -  RESULT true
[INFO ][2015-11-05 13:13:35,343][com.java.TestType] [ 8182] - ?   P A S S   ?
[DEBUG][2015-11-05 13:13:35,343][com.java.TestType] [ 7988] - Concept ID:2 :: Step being Executed: 2::2
[INFO ][2015-11-05 13:13:35,343][com.java.TestType] [ 8026] - dataFields : LNKLogout
[DEBUG][2015-11-05 13:13:35,343][com.java.TestType] [ 8032] - <In Set values of the page>
[DEBUG][2015-11-05 13:13:35,343][com.java.TestType] [ 8037] - {Data Fields & Data Values Exist}
[INFO ][2015-11-05 13:13:35,343][com.java.TestType] [ 8043] - --------------------------setting values-----------------------------
[INFO ][2015-11-05 13:13:35,343][com.java.TestType] [ 8046] - Action Type : WaitTime
[DEBUG][2015-11-05 13:13:35,343][com.java.TestType] [ 3697] - sleepTime: 5000
[INFO ][2015-11-05 13:13:40,343][com.java.TestType] [ 8065] -  RESULT true
[INFO ][2015-11-05 13:13:40,343][com.java.TestType] [ 8182] - ?   P A S S   ?
[INFO ][2015-11-05 13:13:40,343][com.java.TestType] [ 8253] - Looping End......
[INFO ][2015-11-05 13:13:40,343][com.java.SeleniumDriver] [  861] -  RESULT true
[INFO ][2015-11-05 13:13:40,343][com.java.SeleniumDriver] [ 1066] - ?   P A S S   ?
[INFO ][2015-11-05 13:13:40,343][com.java.SeleniumDriver] [  788] - ------------------------------------------
[INFO ][2015-11-05 13:13:40,343][com.java.SeleniumDriver] [  789] - Test case being Executed: 1
[INFO ][2015-11-05 13:13:40,343][com.java.SeleniumDriver] [  800] - Test step:3
[INFO ][2015-11-05 13:13:40,343][com.java.SeleniumDriver] [  812] - Datavalue is----------2
[INFO ][2015-11-05 13:13:40,343][com.java.SeleniumDriver] [  836] - DataField : XPH//button[contains(text(),'Add Content')]
[INFO ][2015-11-05 13:13:40,343][com.java.SeleniumDriver] [  838] - DataValue : 2
[INFO ][2015-11-05 13:13:40,343][com.java.SeleniumDriver] [  844] - <In Set values of the page>
[INFO ][2015-11-05 13:13:40,343][com.java.SeleniumDriver] [  847] - {Data Fields & Data Values Exist}
[INFO ][2015-11-05 13:13:40,343][com.java.SeleniumDriver] [  849] - --------------------------setting values-----------------------------
[INFO ][2015-11-05 13:13:40,343][com.java.SeleniumDriver] [  852] - Action Type : WAITFORELEMENT
[INFO ][2015-11-05 13:13:40,384][com.java.SeleniumDriver] [  861] -  RESULT true
[INFO ][2015-11-05 13:13:40,384][com.java.SeleniumDriver] [ 1066] - ?   P A S S   ?
[DEBUG][2015-11-05 13:13:40,384][com.java.SeleniumDriver] [ 1168] - Case found
[DEBUG][2015-11-05 13:13:40,384][com.java.SeleniumDriver] [ 1173] - Incrementing ReportCounters[0]:1
[INFO ][2015-11-05 13:13:40,384][com.java.SeleniumDriver] [ 1192] - The results are-------------------[1, 1, Valid Login, Pass, , Thu Nov 05 13:13:35 IST 2015, 1, 2, Valid Login, Pass, , Thu Nov 05 13:13:40 IST 2015, 1, 3, Valid Login, Pass, , Thu Nov 05 13:13:40 IST 2015]
[INFO ][2015-11-05 13:13:40,384][com.java.SeleniumDriver] [ 1196] - End time is-------55 sec
[INFO ][2015-11-05 13:13:40,384][com.java.SeleniumDriver] [ 1197] - The results are-------------------[1, 1, Valid Login, Pass, , Thu Nov 05 13:13:35 IST 2015, 1, 2, Valid Login, Pass, , Thu Nov 05 13:13:40 IST 2015, 1, 3, Valid Login, Pass, , Thu Nov 05 13:13:40 IST 2015]
[DEBUG][2015-11-05 13:13:40,384][com.java.ImportnExport.ExportTestResultsExcel] [  222] - testResultPath = D:\BankersDashboard/TestReports/Test Results_BankersDashBoard_110515_131247_IE11_Simmons First National Bank.xls
[DEBUG][2015-11-05 13:13:40,384][com.java.ImportnExport.ExportTestResultsExcel] [  223] - browser is------------IE11
[DEBUG][2015-11-05 13:13:40,434][com.java.ImportnExport.ExportTestResultsExcel] [  270] - result.size() = 18
[DEBUG][2015-11-05 13:13:40,434][com.java.ImportnExport.ExportTestResultsExcel] [  274] - No of rows in sheet=1
[DEBUG][2015-11-05 13:13:40,434][com.java.ImportnExport.ExportTestResultsExcel] [  301] - ..in export..1
[DEBUG][2015-11-05 13:13:40,434][com.java.ImportnExport.ExportTestResultsExcel] [  301] - ..in export..Valid Login
[DEBUG][2015-11-05 13:13:40,434][com.java.ImportnExport.ExportTestResultsExcel] [  301] - ..in export..Pass
[DEBUG][2015-11-05 13:13:40,434][com.java.ImportnExport.ExportTestResultsExcel] [  301] - ..in export..
[DEBUG][2015-11-05 13:13:40,434][com.java.ImportnExport.ExportTestResultsExcel] [  301] - ..in export..Thu Nov 05 13:13:35 IST 2015
[INFO ][2015-11-05 13:13:40,434][com.java.SeleniumDriver] [ 1255] - out loop:0 size:2 TestCases:[1, 11] testcases:[1, 11]
[INFO ][2015-11-05 13:13:40,434][com.java.ImportnExport.ImportTestDataDetailsExcel] [   49] - test data details path===== D:\BankersDashboard\TestInputs\TestData.xls
[INFO ][2015-11-05 13:14:37,386][com.java.SeleniumDriver] [  788] - ------------------------------------------
[INFO ][2015-11-05 13:14:37,386][com.java.SeleniumDriver] [  789] - Test case being Executed: 11
[INFO ][2015-11-05 13:14:37,386][com.java.SeleniumDriver] [  800] - Test step:1
[INFO ][2015-11-05 13:14:37,386][com.java.SeleniumDriver] [  812] - Datavalue is----------Logout
[INFO ][2015-11-05 13:14:37,386][com.java.SeleniumDriver] [  836] - DataField : BTN
[INFO ][2015-11-05 13:14:37,386][com.java.SeleniumDriver] [  838] - DataValue : Logout
[INFO ][2015-11-05 13:14:37,386][com.java.SeleniumDriver] [  844] - <In Set values of the page>
[INFO ][2015-11-05 13:14:37,386][com.java.SeleniumDriver] [  847] - {Data Fields & Data Values Exist}
[INFO ][2015-11-05 13:14:37,386][com.java.SeleniumDriver] [  849] - --------------------------setting values-----------------------------
[INFO ][2015-11-05 13:14:37,386][com.java.SeleniumDriver] [  852] - Action Type : Verify
[INFO ][2015-11-05 13:14:37,386][com.java.TestType] [ 4924] - field= BTN value= Logout
[INFO ][2015-11-05 13:14:37,386][com.java.TestType] [ 3798] - value = Logout
[INFO ][2015-11-05 13:14:37,427][com.java.SeleniumDriver] [  861] -  RESULT true
[INFO ][2015-11-05 13:14:37,427][com.java.SeleniumDriver] [ 1066] - ?   P A S S   ?
[INFO ][2015-11-05 13:14:37,427][com.java.SeleniumDriver] [ 1108] - step change to 3
[INFO ][2015-11-05 13:14:37,427][com.java.SeleniumDriver] [  788] - ------------------------------------------
[INFO ][2015-11-05 13:14:37,427][com.java.SeleniumDriver] [  789] - Test case being Executed: 11
[INFO ][2015-11-05 13:14:37,427][com.java.SeleniumDriver] [  800] - Test step:3
[INFO ][2015-11-05 13:14:37,427][com.java.SeleniumDriver] [  812] - Datavalue is----------Concept#2:1-2
[INFO ][2015-11-05 13:14:37,427][com.java.SeleniumDriver] [  836] - DataField : test
[INFO ][2015-11-05 13:14:37,427][com.java.SeleniumDriver] [  838] - DataValue : Concept#2:1-2
[INFO ][2015-11-05 13:14:37,427][com.java.SeleniumDriver] [  844] - <In Set values of the page>
[INFO ][2015-11-05 13:14:37,427][com.java.SeleniumDriver] [  847] - {Data Fields & Data Values Exist}
[INFO ][2015-11-05 13:14:37,427][com.java.SeleniumDriver] [  849] - --------------------------setting values-----------------------------
[INFO ][2015-11-05 13:14:37,427][com.java.SeleniumDriver] [  852] - Action Type : ExecuteTestCase
[INFO ][2015-11-05 13:14:37,427][com.java.TestType] [  411] - The Concept sheet name is ---------- Concept
[INFO ][2015-11-05 13:14:37,427][com.java.TestType] [  414] - The Concept ID  is ---------- 2
[DEBUG][2015-11-05 13:14:37,427][com.java.TestType] [  418] - Steps being executted in the Concept are: 1:2
[INFO ][2015-11-05 13:14:37,427][com.java.TestType] [  425] - Test data details path ---------- D:\BankersDashboard\TestInputs\TestData.xls
[INFO ][2015-11-05 13:14:37,457][com.java.TestType] [  456] -  str(1) = 2
[INFO ][2015-11-05 13:14:37,457][com.java.TestType] [  459] - Test case Id is---2
[INFO ][2015-11-05 13:14:37,457][com.java.TestType] [  461] - 2
[INFO ][2015-11-05 13:14:37,457][com.java.TestType] [  456] -  str(2) = 1
[INFO ][2015-11-05 13:14:37,457][com.java.TestType] [  508] - row values are--------{1=com.java.Objects.TestDataDetails@3c1635}
[INFO ][2015-11-05 13:14:37,457][com.java.TestType] [  456] -  str(1) = 2
[INFO ][2015-11-05 13:14:37,457][com.java.TestType] [  459] - Test case Id is---2
[INFO ][2015-11-05 13:14:37,457][com.java.TestType] [  461] - 2
[INFO ][2015-11-05 13:14:37,457][com.java.TestType] [  456] -  str(2) = 2
[INFO ][2015-11-05 13:14:37,457][com.java.TestType] [  508] - row values are--------{1=com.java.Objects.TestDataDetails@3c1635, 2=com.java.Objects.TestDataDetails@1c647fe}
[INFO ][2015-11-05 13:14:37,457][com.java.TestType] [  456] -  str(1) = 2
[INFO ][2015-11-05 13:14:37,457][com.java.TestType] [  459] - Test case Id is---2
[INFO ][2015-11-05 13:14:37,457][com.java.TestType] [  461] - 2
[INFO ][2015-11-05 13:14:37,457][com.java.TestType] [  456] -  str(2) = 3
[INFO ][2015-11-05 13:14:37,457][com.java.TestType] [  508] - row values are--------{1=com.java.Objects.TestDataDetails@3c1635, 2=com.java.Objects.TestDataDetails@1c647fe, 3=com.java.Objects.TestDataDetails@12ea706}
[INFO ][2015-11-05 13:14:37,457][com.java.TestType] [ 7947] - Looping 1TCID = 2
[DEBUG][2015-11-05 13:14:37,457][com.java.TestType] [ 7988] - Concept ID:2 :: Step being Executed: 2::1
[INFO ][2015-11-05 13:14:37,457][com.java.TestType] [ 8026] - dataFields : BNK//select[@id='bank']
[DEBUG][2015-11-05 13:14:37,457][com.java.TestType] [ 8032] - <In Set values of the page>
[DEBUG][2015-11-05 13:14:37,457][com.java.TestType] [ 8037] - {Data Fields & Data Values Exist}
[INFO ][2015-11-05 13:14:37,457][com.java.TestType] [ 8043] - --------------------------setting values-----------------------------
[INFO ][2015-11-05 13:14:37,457][com.java.TestType] [ 8046] - Action Type : Select
[INFO ][2015-11-05 13:14:37,457][com.java.TestType] [ 3798] - value = PFC
[INFO ][2015-11-05 13:14:37,647][com.java.TestType] [ 8065] -  RESULT true
[INFO ][2015-11-05 13:14:37,647][com.java.TestType] [ 8182] - ?   P A S S   ?
[DEBUG][2015-11-05 13:14:37,647][com.java.TestType] [ 7988] - Concept ID:2 :: Step being Executed: 2::2
[INFO ][2015-11-05 13:14:37,647][com.java.TestType] [ 8026] - dataFields : LNKLogout
[DEBUG][2015-11-05 13:14:37,647][com.java.TestType] [ 8032] - <In Set values of the page>
[DEBUG][2015-11-05 13:14:37,647][com.java.TestType] [ 8037] - {Data Fields & Data Values Exist}
[INFO ][2015-11-05 13:14:37,647][com.java.TestType] [ 8043] - --------------------------setting values-----------------------------
[INFO ][2015-11-05 13:14:37,647][com.java.TestType] [ 8046] - Action Type : WaitTime
[DEBUG][2015-11-05 13:14:37,647][com.java.TestType] [ 3697] - sleepTime: 5000
[INFO ][2015-11-05 13:14:42,647][com.java.TestType] [ 8065] -  RESULT true
[INFO ][2015-11-05 13:14:42,647][com.java.TestType] [ 8182] - ?   P A S S   ?
[INFO ][2015-11-05 13:14:42,647][com.java.TestType] [ 8253] - Looping End......
[INFO ][2015-11-05 13:14:42,647][com.java.SeleniumDriver] [  861] -  RESULT true
[INFO ][2015-11-05 13:14:42,647][com.java.SeleniumDriver] [ 1066] - ?   P A S S   ?
[INFO ][2015-11-05 13:14:42,647][com.java.SeleniumDriver] [  788] - ------------------------------------------
[INFO ][2015-11-05 13:14:42,647][com.java.SeleniumDriver] [  789] - Test case being Executed: 11
[INFO ][2015-11-05 13:14:42,647][com.java.SeleniumDriver] [  800] - Test step:4
[INFO ][2015-11-05 13:14:42,647][com.java.SeleniumDriver] [  812] - Datavalue is----------null
[DEBUG][2015-11-05 13:14:42,647][com.java.SeleniumDriver] [  830] - Exception: null
[INFO ][2015-11-05 13:14:42,647][com.java.SeleniumDriver] [  836] - DataField : //span[@class='icon-user4']&&Users&&Manage Users
[INFO ][2015-11-05 13:14:42,647][com.java.SeleniumDriver] [  838] - DataValue : 
[INFO ][2015-11-05 13:14:42,647][com.java.SeleniumDriver] [  844] - <In Set values of the page>
[INFO ][2015-11-05 13:14:42,647][com.java.SeleniumDriver] [  847] - {Data Fields & Data Values Exist}
[INFO ][2015-11-05 13:14:42,647][com.java.SeleniumDriver] [  849] - --------------------------setting values-----------------------------
[INFO ][2015-11-05 13:14:42,647][com.java.SeleniumDriver] [  852] - Action Type : MouseOver
[INFO ][2015-11-05 13:15:13,799][com.java.SeleniumDriver] [  861] -  RESULT true
[INFO ][2015-11-05 13:15:13,799][com.java.SeleniumDriver] [ 1066] - ?   P A S S   ?
[INFO ][2015-11-05 13:15:13,799][com.java.SeleniumDriver] [  788] - ------------------------------------------
[INFO ][2015-11-05 13:15:13,799][com.java.SeleniumDriver] [  789] - Test case being Executed: 11
[INFO ][2015-11-05 13:15:13,799][com.java.SeleniumDriver] [  800] - Test step:5
[INFO ][2015-11-05 13:15:13,799][com.java.SeleniumDriver] [  812] - Datavalue is----------2
[INFO ][2015-11-05 13:15:13,799][com.java.SeleniumDriver] [  836] - DataField : BTNframeDialogContent
[INFO ][2015-11-05 13:15:13,799][com.java.SeleniumDriver] [  838] - DataValue : 2
[INFO ][2015-11-05 13:15:13,799][com.java.SeleniumDriver] [  844] - <In Set values of the page>
[INFO ][2015-11-05 13:15:13,799][com.java.SeleniumDriver] [  847] - {Data Fields & Data Values Exist}
[INFO ][2015-11-05 13:15:13,799][com.java.SeleniumDriver] [  849] - --------------------------setting values-----------------------------
[INFO ][2015-11-05 13:15:13,799][com.java.SeleniumDriver] [  852] - Action Type : WaitForElement
[INFO ][2015-11-05 13:15:15,010][com.java.SeleniumDriver] [  861] -  RESULT true
[INFO ][2015-11-05 13:15:15,010][com.java.SeleniumDriver] [ 1066] - ?   P A S S   ?
[INFO ][2015-11-05 13:15:15,010][com.java.SeleniumDriver] [  788] - ------------------------------------------
[INFO ][2015-11-05 13:15:15,010][com.java.SeleniumDriver] [  789] - Test case being Executed: 11
[INFO ][2015-11-05 13:15:15,010][com.java.SeleniumDriver] [  800] - Test step:6
[INFO ][2015-11-05 13:15:15,010][com.java.SeleniumDriver] [  812] - Datavalue is----------null
[DEBUG][2015-11-05 13:15:15,010][com.java.SeleniumDriver] [  830] - Exception: null
[INFO ][2015-11-05 13:15:15,010][com.java.SeleniumDriver] [  836] - DataField : BTNframeDialogContent
[INFO ][2015-11-05 13:15:15,010][com.java.SeleniumDriver] [  838] - DataValue : 
[INFO ][2015-11-05 13:15:15,010][com.java.SeleniumDriver] [  844] - <In Set values of the page>
[INFO ][2015-11-05 13:15:15,010][com.java.SeleniumDriver] [  847] - {Data Fields & Data Values Exist}
[INFO ][2015-11-05 13:15:15,010][com.java.SeleniumDriver] [  849] - --------------------------setting values-----------------------------
[INFO ][2015-11-05 13:15:15,010][com.java.SeleniumDriver] [  852] - Action Type : SelectFrame
[INFO ][2015-11-05 13:15:16,252][com.java.SeleniumDriver] [  861] -  RESULT true
[INFO ][2015-11-05 13:15:16,252][com.java.SeleniumDriver] [ 1066] - ?   P A S S   ?
[INFO ][2015-11-05 13:15:16,252][com.java.SeleniumDriver] [  788] - ------------------------------------------
[INFO ][2015-11-05 13:15:16,252][com.java.SeleniumDriver] [  789] - Test case being Executed: 11
[INFO ][2015-11-05 13:15:16,252][com.java.SeleniumDriver] [  800] - Test step:7
[INFO ][2015-11-05 13:15:16,252][com.java.SeleniumDriver] [  812] - Datavalue is----------2
[INFO ][2015-11-05 13:15:16,252][com.java.SeleniumDriver] [  836] - DataField : BTNbtnAddUser
[INFO ][2015-11-05 13:15:16,252][com.java.SeleniumDriver] [  838] - DataValue : 2
[INFO ][2015-11-05 13:15:16,252][com.java.SeleniumDriver] [  844] - <In Set values of the page>
[INFO ][2015-11-05 13:15:16,252][com.java.SeleniumDriver] [  847] - {Data Fields & Data Values Exist}
[INFO ][2015-11-05 13:15:16,252][com.java.SeleniumDriver] [  849] - --------------------------setting values-----------------------------
[INFO ][2015-11-05 13:15:16,252][com.java.SeleniumDriver] [  852] - Action Type : WaitForElement
[INFO ][2015-11-05 13:15:18,072][com.java.SeleniumDriver] [  861] -  RESULT true
[INFO ][2015-11-05 13:15:18,072][com.java.SeleniumDriver] [ 1066] - ?   P A S S   ?
[INFO ][2015-11-05 13:15:18,072][com.java.SeleniumDriver] [  788] - ------------------------------------------
[INFO ][2015-11-05 13:15:18,072][com.java.SeleniumDriver] [  789] - Test case being Executed: 11
[INFO ][2015-11-05 13:15:18,072][com.java.SeleniumDriver] [  800] - Test step:8
[INFO ][2015-11-05 13:15:18,072][com.java.SeleniumDriver] [  812] - Datavalue is----------null
[DEBUG][2015-11-05 13:15:18,072][com.java.SeleniumDriver] [  830] - Exception: null
[INFO ][2015-11-05 13:15:18,072][com.java.SeleniumDriver] [  836] - DataField : BTNbtnAddUser
[INFO ][2015-11-05 13:15:18,072][com.java.SeleniumDriver] [  838] - DataValue : 
[INFO ][2015-11-05 13:15:18,072][com.java.SeleniumDriver] [  844] - <In Set values of the page>
[INFO ][2015-11-05 13:15:18,072][com.java.SeleniumDriver] [  847] - {Data Fields & Data Values Exist}
[INFO ][2015-11-05 13:15:18,072][com.java.SeleniumDriver] [  849] - --------------------------setting values-----------------------------
[INFO ][2015-11-05 13:15:18,072][com.java.SeleniumDriver] [  852] - Action Type : Click
[INFO ][2015-11-05 13:15:18,072][com.java.TestType] [ 4111] - Field ::BTNbtnAddUser
[INFO ][2015-11-05 13:15:19,073][com.java.TestType] [ 4149] - BEFORE CLICK
[INFO ][2015-11-05 13:15:21,074][com.java.TestType] [ 4156] - Unable to click the object Add user button
[INFO ][2015-11-05 13:15:21,074][com.java.SeleniumDriver] [  861] -  RESULT true
[INFO ][2015-11-05 13:15:21,074][com.java.SeleniumDriver] [ 1066] - ?   P A S S   ?
[INFO ][2015-11-05 13:15:21,074][com.java.SeleniumDriver] [  788] - ------------------------------------------
[INFO ][2015-11-05 13:15:21,074][com.java.SeleniumDriver] [  789] - Test case being Executed: 11
[INFO ][2015-11-05 13:15:21,074][com.java.SeleniumDriver] [  800] - Test step:9
[INFO ][2015-11-05 13:15:21,074][com.java.SeleniumDriver] [  812] - Datavalue is----------2
[INFO ][2015-11-05 13:15:21,074][com.java.SeleniumDriver] [  836] - DataField : BTNtxtUserName
[INFO ][2015-11-05 13:15:21,074][com.java.SeleniumDriver] [  838] - DataValue : 2
[INFO ][2015-11-05 13:15:21,074][com.java.SeleniumDriver] [  844] - <In Set values of the page>
[INFO ][2015-11-05 13:15:21,074][com.java.SeleniumDriver] [  847] - {Data Fields & Data Values Exist}
[INFO ][2015-11-05 13:15:21,074][com.java.SeleniumDriver] [  849] - --------------------------setting values-----------------------------
[INFO ][2015-11-05 13:15:21,074][com.java.SeleniumDriver] [  852] - Action Type : WaitForElement
[INFO ][2015-11-05 13:15:29,405][com.java.SeleniumDriver] [  861] -  RESULT true
[INFO ][2015-11-05 13:15:29,405][com.java.SeleniumDriver] [ 1066] - ?   P A S S   ?
[INFO ][2015-11-05 13:15:29,405][com.java.SeleniumDriver] [  788] - ------------------------------------------
[INFO ][2015-11-05 13:15:29,405][com.java.SeleniumDriver] [  789] - Test case being Executed: 11
[INFO ][2015-11-05 13:15:29,405][com.java.SeleniumDriver] [  800] - Test step:10
[INFO ][2015-11-05 13:15:29,405][com.java.SeleniumDriver] [  812] - Datavalue is----------dt:NewUserName
[INFO ][2015-11-05 13:15:29,405][com.java.SeleniumDriver] [  836] - DataField : TXTtxtUserName
[INFO ][2015-11-05 13:15:29,405][com.java.SeleniumDriver] [  838] - DataValue : dt:NewUserName
[INFO ][2015-11-05 13:15:29,405][com.java.SeleniumDriver] [  844] - <In Set values of the page>
[INFO ][2015-11-05 13:15:29,405][com.java.SeleniumDriver] [  847] - {Data Fields & Data Values Exist}
[INFO ][2015-11-05 13:15:29,405][com.java.SeleniumDriver] [  849] - --------------------------setting values-----------------------------
[INFO ][2015-11-05 13:15:29,405][com.java.SeleniumDriver] [  852] - Action Type : Enter
[INFO ][2015-11-05 13:15:29,405][com.java.TestType] [ 4431] - field = txtUserName
[INFO ][2015-11-05 13:15:29,405][com.java.TestType] [ 3798] - value = vltest.robot
[INFO ][2015-11-05 13:15:32,218][com.java.SeleniumDriver] [  861] -  RESULT true
[INFO ][2015-11-05 13:15:32,218][com.java.SeleniumDriver] [ 1066] - ?   P A S S   ?
[INFO ][2015-11-05 13:15:32,218][com.java.SeleniumDriver] [  788] - ------------------------------------------
[INFO ][2015-11-05 13:15:32,218][com.java.SeleniumDriver] [  789] - Test case being Executed: 11
[INFO ][2015-11-05 13:15:32,218][com.java.SeleniumDriver] [  800] - Test step:11
[INFO ][2015-11-05 13:15:32,218][com.java.SeleniumDriver] [  812] - Datavalue is----------VLTest
[INFO ][2015-11-05 13:15:32,218][com.java.SeleniumDriver] [  836] - DataField : TXTtxtFirstName
[INFO ][2015-11-05 13:15:32,218][com.java.SeleniumDriver] [  838] - DataValue : VLTest
[INFO ][2015-11-05 13:15:32,218][com.java.SeleniumDriver] [  844] - <In Set values of the page>
[INFO ][2015-11-05 13:15:32,218][com.java.SeleniumDriver] [  847] - {Data Fields & Data Values Exist}
[INFO ][2015-11-05 13:15:32,218][com.java.SeleniumDriver] [  849] - --------------------------setting values-----------------------------
[INFO ][2015-11-05 13:15:32,218][com.java.SeleniumDriver] [  852] - Action Type : Enter
[INFO ][2015-11-05 13:15:32,218][com.java.TestType] [ 4431] - field = txtFirstName
[INFO ][2015-11-05 13:15:32,218][com.java.TestType] [ 3798] - value = VLTest
[INFO ][2015-11-05 13:15:35,330][com.java.SeleniumDriver] [  861] -  RESULT true
[INFO ][2015-11-05 13:15:35,330][com.java.SeleniumDriver] [ 1066] - ?   P A S S   ?
[INFO ][2015-11-05 13:15:35,330][com.java.SeleniumDriver] [  788] - ------------------------------------------
[INFO ][2015-11-05 13:15:35,330][com.java.SeleniumDriver] [  789] - Test case being Executed: 11
[INFO ][2015-11-05 13:15:35,330][com.java.SeleniumDriver] [  800] - Test step:12
[INFO ][2015-11-05 13:15:35,330][com.java.SeleniumDriver] [  812] - Datavalue is----------Robot
[INFO ][2015-11-05 13:15:35,330][com.java.SeleniumDriver] [  836] - DataField : TXTtxtLastName
[INFO ][2015-11-05 13:15:35,330][com.java.SeleniumDriver] [  838] - DataValue : Robot
[INFO ][2015-11-05 13:15:35,330][com.java.SeleniumDriver] [  844] - <In Set values of the page>
[INFO ][2015-11-05 13:15:35,330][com.java.SeleniumDriver] [  847] - {Data Fields & Data Values Exist}
[INFO ][2015-11-05 13:15:35,330][com.java.SeleniumDriver] [  849] - --------------------------setting values-----------------------------
[INFO ][2015-11-05 13:15:35,330][com.java.SeleniumDriver] [  852] - Action Type : Enter
[INFO ][2015-11-05 13:15:35,330][com.java.TestType] [ 4431] - field = txtLastName
[INFO ][2015-11-05 13:15:35,330][com.java.TestType] [ 3798] - value = Robot
[INFO ][2015-11-05 13:15:38,162][com.java.SeleniumDriver] [  861] -  RESULT true
[INFO ][2015-11-05 13:15:38,162][com.java.SeleniumDriver] [ 1066] - ?   P A S S   ?
[INFO ][2015-11-05 13:15:38,162][com.java.SeleniumDriver] [  788] - ------------------------------------------
[INFO ][2015-11-05 13:15:38,162][com.java.SeleniumDriver] [  789] - Test case being Executed: 11
[INFO ][2015-11-05 13:15:38,162][com.java.SeleniumDriver] [  800] - Test step:13
[INFO ][2015-11-05 13:15:38,162][com.java.SeleniumDriver] [  812] - Datavalue is----------ValueLabs
[INFO ][2015-11-05 13:15:38,162][com.java.SeleniumDriver] [  836] - DataField : TXTtxtCompany
[INFO ][2015-11-05 13:15:38,162][com.java.SeleniumDriver] [  838] - DataValue : ValueLabs
[INFO ][2015-11-05 13:15:38,162][com.java.SeleniumDriver] [  844] - <In Set values of the page>
[INFO ][2015-11-05 13:15:38,162][com.java.SeleniumDriver] [  847] - {Data Fields & Data Values Exist}
[INFO ][2015-11-05 13:15:38,162][com.java.SeleniumDriver] [  849] - --------------------------setting values-----------------------------
[INFO ][2015-11-05 13:15:38,162][com.java.SeleniumDriver] [  852] - Action Type : Enter
[INFO ][2015-11-05 13:15:38,162][com.java.TestType] [ 4431] - field = txtCompany
[INFO ][2015-11-05 13:15:38,162][com.java.TestType] [ 3798] - value = ValueLabs
[INFO ][2015-11-05 13:15:41,184][com.java.SeleniumDriver] [  861] -  RESULT true
[INFO ][2015-11-05 13:15:41,184][com.java.SeleniumDriver] [ 1066] - ?   P A S S   ?
[INFO ][2015-11-05 13:15:41,184][com.java.SeleniumDriver] [  788] - ------------------------------------------
[INFO ][2015-11-05 13:15:41,184][com.java.SeleniumDriver] [  789] - Test case being Executed: 11
[INFO ][2015-11-05 13:15:41,184][com.java.SeleniumDriver] [  800] - Test step:14
[INFO ][2015-11-05 13:15:41,184][com.java.SeleniumDriver] [  812] - Datavalue is----------India
[INFO ][2015-11-05 13:15:41,184][com.java.SeleniumDriver] [  836] - DataField : TXTtxtLocation
[INFO ][2015-11-05 13:15:41,184][com.java.SeleniumDriver] [  838] - DataValue : India
[INFO ][2015-11-05 13:15:41,184][com.java.SeleniumDriver] [  844] - <In Set values of the page>
[INFO ][2015-11-05 13:15:41,184][com.java.SeleniumDriver] [  847] - {Data Fields & Data Values Exist}
[INFO ][2015-11-05 13:15:41,184][com.java.SeleniumDriver] [  849] - --------------------------setting values-----------------------------
[INFO ][2015-11-05 13:15:41,184][com.java.SeleniumDriver] [  852] - Action Type : Enter
[INFO ][2015-11-05 13:15:41,184][com.java.TestType] [ 4431] - field = txtLocation
[INFO ][2015-11-05 13:15:41,184][com.java.TestType] [ 3798] - value = India
[INFO ][2015-11-05 13:15:44,036][com.java.SeleniumDriver] [  861] -  RESULT true
[INFO ][2015-11-05 13:15:44,036][com.java.SeleniumDriver] [ 1066] - ?   P A S S   ?
[INFO ][2015-11-05 13:15:44,036][com.java.SeleniumDriver] [  788] - ------------------------------------------
[INFO ][2015-11-05 13:15:44,036][com.java.SeleniumDriver] [  789] - Test case being Executed: 11
[INFO ][2015-11-05 13:15:44,036][com.java.SeleniumDriver] [  800] - Test step:15
[INFO ][2015-11-05 13:15:44,036][com.java.SeleniumDriver] [  812] - Datavalue is----------vltest.robot@valuelabs.com
[INFO ][2015-11-05 13:15:44,036][com.java.SeleniumDriver] [  836] - DataField : TXTtxtEMail
[INFO ][2015-11-05 13:15:44,036][com.java.SeleniumDriver] [  838] - DataValue : vltest.robot@valuelabs.com
[INFO ][2015-11-05 13:15:44,036][com.java.SeleniumDriver] [  844] - <In Set values of the page>
[INFO ][2015-11-05 13:15:44,036][com.java.SeleniumDriver] [  847] - {Data Fields & Data Values Exist}
[INFO ][2015-11-05 13:15:44,036][com.java.SeleniumDriver] [  849] - --------------------------setting values-----------------------------
[INFO ][2015-11-05 13:15:44,036][com.java.SeleniumDriver] [  852] - Action Type : Enter
[INFO ][2015-11-05 13:15:44,036][com.java.TestType] [ 4431] - field = txtEMail
[INFO ][2015-11-05 13:15:44,036][com.java.TestType] [ 3798] - value = vltest.robot@valuelabs.com
[INFO ][2015-11-05 13:15:47,098][com.java.SeleniumDriver] [  861] -  RESULT true
[INFO ][2015-11-05 13:15:47,098][com.java.SeleniumDriver] [ 1066] - ?   P A S S   ?
[INFO ][2015-11-05 13:15:47,098][com.java.SeleniumDriver] [  788] - ------------------------------------------
[INFO ][2015-11-05 13:15:47,098][com.java.SeleniumDriver] [  789] - Test case being Executed: 11
[INFO ][2015-11-05 13:15:47,098][com.java.SeleniumDriver] [  800] - Test step:16
[INFO ][2015-11-05 13:15:47,098][com.java.SeleniumDriver] [  812] - Datavalue is----------12345678901
[INFO ][2015-11-05 13:15:47,098][com.java.SeleniumDriver] [  836] - DataField : TXTtxtPhone
[INFO ][2015-11-05 13:15:47,098][com.java.SeleniumDriver] [  838] - DataValue : 12345678901
[INFO ][2015-11-05 13:15:47,098][com.java.SeleniumDriver] [  844] - <In Set values of the page>
[INFO ][2015-11-05 13:15:47,098][com.java.SeleniumDriver] [  847] - {Data Fields & Data Values Exist}
[INFO ][2015-11-05 13:15:47,098][com.java.SeleniumDriver] [  849] - --------------------------setting values-----------------------------
[INFO ][2015-11-05 13:15:47,098][com.java.SeleniumDriver] [  852] - Action Type : Enter
[INFO ][2015-11-05 13:15:47,098][com.java.TestType] [ 4431] - field = txtPhone
[INFO ][2015-11-05 13:15:47,098][com.java.TestType] [ 3798] - value = 12345678901
[INFO ][2015-11-05 13:15:49,880][com.java.SeleniumDriver] [  861] -  RESULT true
[INFO ][2015-11-05 13:15:49,880][com.java.SeleniumDriver] [ 1066] - ?   P A S S   ?
[INFO ][2015-11-05 13:15:49,880][com.java.SeleniumDriver] [  788] - ------------------------------------------
[INFO ][2015-11-05 13:15:49,880][com.java.SeleniumDriver] [  789] - Test case being Executed: 11
[INFO ][2015-11-05 13:15:49,880][com.java.SeleniumDriver] [  800] - Test step:17
[INFO ][2015-11-05 13:15:49,880][com.java.SeleniumDriver] [  812] - Datavalue is----------dt:NewUserPswd
[INFO ][2015-11-05 13:15:49,880][com.java.SeleniumDriver] [  836] - DataField : TXTtxtPassword
[INFO ][2015-11-05 13:15:49,880][com.java.SeleniumDriver] [  838] - DataValue : dt:NewUserPswd
[INFO ][2015-11-05 13:15:49,880][com.java.SeleniumDriver] [  844] - <In Set values of the page>
[INFO ][2015-11-05 13:15:49,880][com.java.SeleniumDriver] [  847] - {Data Fields & Data Values Exist}
[INFO ][2015-11-05 13:15:49,880][com.java.SeleniumDriver] [  849] - --------------------------setting values-----------------------------
[INFO ][2015-11-05 13:15:49,880][com.java.SeleniumDriver] [  852] - Action Type : Enter
[INFO ][2015-11-05 13:15:49,880][com.java.TestType] [ 4431] - field = txtPassword
[INFO ][2015-11-05 13:15:49,880][com.java.TestType] [ 3798] - value = Password1*
[INFO ][2015-11-05 13:15:52,892][com.java.SeleniumDriver] [  861] -  RESULT true
[INFO ][2015-11-05 13:15:52,892][com.java.SeleniumDriver] [ 1066] - ?   P A S S   ?
[INFO ][2015-11-05 13:15:52,892][com.java.SeleniumDriver] [  788] - ------------------------------------------
[INFO ][2015-11-05 13:15:52,892][com.java.SeleniumDriver] [  789] - Test case being Executed: 11
[INFO ][2015-11-05 13:15:52,892][com.java.SeleniumDriver] [  800] - Test step:18
[INFO ][2015-11-05 13:15:52,892][com.java.SeleniumDriver] [  812] - Datavalue is----------dt:NewUserPswd
[INFO ][2015-11-05 13:15:52,892][com.java.SeleniumDriver] [  836] - DataField : TXTtxtPasswordConfirm
[INFO ][2015-11-05 13:15:52,892][com.java.SeleniumDriver] [  838] - DataValue : dt:NewUserPswd
[INFO ][2015-11-05 13:15:52,892][com.java.SeleniumDriver] [  844] - <In Set values of the page>
[INFO ][2015-11-05 13:15:52,892][com.java.SeleniumDriver] [  847] - {Data Fields & Data Values Exist}
[INFO ][2015-11-05 13:15:52,892][com.java.SeleniumDriver] [  849] - --------------------------setting values-----------------------------
[INFO ][2015-11-05 13:15:52,892][com.java.SeleniumDriver] [  852] - Action Type : Enter
[INFO ][2015-11-05 13:15:52,892][com.java.TestType] [ 4431] - field = txtPasswordConfirm
[INFO ][2015-11-05 13:15:52,892][com.java.TestType] [ 3798] - value = Password1*
[INFO ][2015-11-05 13:15:55,894][com.java.SeleniumDriver] [  861] -  RESULT true
[INFO ][2015-11-05 13:15:55,894][com.java.SeleniumDriver] [ 1066] - ?   P A S S   ?
[INFO ][2015-11-05 13:15:55,894][com.java.SeleniumDriver] [  788] - ------------------------------------------
[INFO ][2015-11-05 13:15:55,894][com.java.SeleniumDriver] [  789] - Test case being Executed: 11
[INFO ][2015-11-05 13:15:55,894][com.java.SeleniumDriver] [  800] - Test step:19
[INFO ][2015-11-05 13:15:55,894][com.java.SeleniumDriver] [  812] - Datavalue is----------null
[DEBUG][2015-11-05 13:15:55,894][com.java.SeleniumDriver] [  830] - Exception: null
[INFO ][2015-11-05 13:15:55,894][com.java.SeleniumDriver] [  836] - DataField : BTNparent
[INFO ][2015-11-05 13:15:55,894][com.java.SeleniumDriver] [  838] - DataValue : 
[INFO ][2015-11-05 13:15:55,894][com.java.SeleniumDriver] [  844] - <In Set values of the page>
[INFO ][2015-11-05 13:15:55,894][com.java.SeleniumDriver] [  847] - {Data Fields & Data Values Exist}
[INFO ][2015-11-05 13:15:55,894][com.java.SeleniumDriver] [  849] - --------------------------setting values-----------------------------
[INFO ][2015-11-05 13:15:55,894][com.java.SeleniumDriver] [  852] - Action Type : SelectFrame
[INFO ][2015-11-05 13:15:55,904][com.java.SeleniumDriver] [  861] -  RESULT true
[INFO ][2015-11-05 13:15:55,904][com.java.SeleniumDriver] [ 1066] - ?   P A S S   ?
[INFO ][2015-11-05 13:15:55,904][com.java.SeleniumDriver] [  788] - ------------------------------------------
[INFO ][2015-11-05 13:15:55,904][com.java.SeleniumDriver] [  789] - Test case being Executed: 11
[INFO ][2015-11-05 13:15:55,904][com.java.SeleniumDriver] [  800] - Test step:20
[INFO ][2015-11-05 13:15:55,904][com.java.SeleniumDriver] [  812] - Datavalue is----------5
[INFO ][2015-11-05 13:15:55,904][com.java.SeleniumDriver] [  836] - DataField : test
[INFO ][2015-11-05 13:15:55,904][com.java.SeleniumDriver] [  838] - DataValue : 5
[INFO ][2015-11-05 13:15:55,904][com.java.SeleniumDriver] [  844] - <In Set values of the page>
[INFO ][2015-11-05 13:15:55,904][com.java.SeleniumDriver] [  847] - {Data Fields & Data Values Exist}
[INFO ][2015-11-05 13:15:55,904][com.java.SeleniumDriver] [  849] - --------------------------setting values-----------------------------
[INFO ][2015-11-05 13:15:55,904][com.java.SeleniumDriver] [  852] - Action Type : WaitTime
[DEBUG][2015-11-05 13:15:55,904][com.java.TestType] [ 3697] - sleepTime: 5000
[INFO ][2015-11-05 13:16:00,904][com.java.SeleniumDriver] [  861] -  RESULT true
[INFO ][2015-11-05 13:16:00,904][com.java.SeleniumDriver] [ 1066] - ?   P A S S   ?
[INFO ][2015-11-05 13:16:00,904][com.java.SeleniumDriver] [  788] - ------------------------------------------
[INFO ][2015-11-05 13:16:00,904][com.java.SeleniumDriver] [  789] - Test case being Executed: 11
[INFO ][2015-11-05 13:16:00,904][com.java.SeleniumDriver] [  800] - Test step:21
[INFO ][2015-11-05 13:16:00,904][com.java.SeleniumDriver] [  812] - Datavalue is----------null
[DEBUG][2015-11-05 13:16:00,904][com.java.SeleniumDriver] [  830] - Exception: null
[INFO ][2015-11-05 13:16:00,904][com.java.SeleniumDriver] [  836] - DataField : XPH//span[contains(text(), 'Finished')]
[INFO ][2015-11-05 13:16:00,904][com.java.SeleniumDriver] [  838] - DataValue : 
[INFO ][2015-11-05 13:16:00,904][com.java.SeleniumDriver] [  844] - <In Set values of the page>
[INFO ][2015-11-05 13:16:00,904][com.java.SeleniumDriver] [  847] - {Data Fields & Data Values Exist}
[INFO ][2015-11-05 13:16:00,904][com.java.SeleniumDriver] [  849] - --------------------------setting values-----------------------------
[INFO ][2015-11-05 13:16:00,904][com.java.SeleniumDriver] [  852] - Action Type : Click
[INFO ][2015-11-05 13:16:00,904][com.java.TestType] [ 4111] - Field ::XPH//span[contains(text(), 'Finished')]
[INFO ][2015-11-05 13:16:01,905][com.java.TestType] [ 4170] - BEFORE CLICK
[INFO ][2015-11-05 13:16:02,985][com.java.TestType] [ 4178] - Unable to click the object Finished button
[INFO ][2015-11-05 13:16:02,985][com.java.SeleniumDriver] [  861] -  RESULT true
[INFO ][2015-11-05 13:16:02,985][com.java.SeleniumDriver] [ 1066] - ?   P A S S   ?
[INFO ][2015-11-05 13:16:02,985][com.java.SeleniumDriver] [  788] - ------------------------------------------
[INFO ][2015-11-05 13:16:02,985][com.java.SeleniumDriver] [  789] - Test case being Executed: 11
[INFO ][2015-11-05 13:16:02,985][com.java.SeleniumDriver] [  800] - Test step:22
[INFO ][2015-11-05 13:16:02,985][com.java.SeleniumDriver] [  812] - Datavalue is----------null
[DEBUG][2015-11-05 13:16:02,985][com.java.SeleniumDriver] [  830] - Exception: null
[INFO ][2015-11-05 13:16:02,985][com.java.SeleniumDriver] [  836] - DataField : XPH//span[contains(text(), 'Finished')]
[INFO ][2015-11-05 13:16:02,985][com.java.SeleniumDriver] [  838] - DataValue : 
[INFO ][2015-11-05 13:16:02,985][com.java.SeleniumDriver] [  844] - <In Set values of the page>
[INFO ][2015-11-05 13:16:02,985][com.java.SeleniumDriver] [  847] - {Data Fields & Data Values Exist}
[INFO ][2015-11-05 13:16:02,985][com.java.SeleniumDriver] [  849] - --------------------------setting values-----------------------------
[INFO ][2015-11-05 13:16:02,985][com.java.SeleniumDriver] [  852] - Action Type : WaitForElement
[INFO ][2015-11-05 13:16:03,026][com.java.SeleniumDriver] [  861] -  RESULT true
[INFO ][2015-11-05 13:16:03,026][com.java.SeleniumDriver] [ 1066] - ?   P A S S   ?
[INFO ][2015-11-05 13:16:03,026][com.java.SeleniumDriver] [  788] - ------------------------------------------
[INFO ][2015-11-05 13:16:03,026][com.java.SeleniumDriver] [  789] - Test case being Executed: 11
[INFO ][2015-11-05 13:16:03,026][com.java.SeleniumDriver] [  800] - Test step:23
[INFO ][2015-11-05 13:16:03,026][com.java.SeleniumDriver] [  812] - Datavalue is----------null
[DEBUG][2015-11-05 13:16:03,026][com.java.SeleniumDriver] [  830] - Exception: null
[INFO ][2015-11-05 13:16:03,026][com.java.SeleniumDriver] [  836] - DataField : BTNframeDialogContent
[INFO ][2015-11-05 13:16:03,026][com.java.SeleniumDriver] [  838] - DataValue : 
[INFO ][2015-11-05 13:16:03,026][com.java.SeleniumDriver] [  844] - <In Set values of the page>
[INFO ][2015-11-05 13:16:03,026][com.java.SeleniumDriver] [  847] - {Data Fields & Data Values Exist}
[INFO ][2015-11-05 13:16:03,026][com.java.SeleniumDriver] [  849] - --------------------------setting values-----------------------------
[INFO ][2015-11-05 13:16:03,026][com.java.SeleniumDriver] [  852] - Action Type : SelectFrame
[INFO ][2015-11-05 13:16:04,367][com.java.SeleniumDriver] [  861] -  RESULT true
[INFO ][2015-11-05 13:16:04,367][com.java.SeleniumDriver] [ 1066] - ?   P A S S   ?
[INFO ][2015-11-05 13:16:04,367][com.java.SeleniumDriver] [  788] - ------------------------------------------
[INFO ][2015-11-05 13:16:04,367][com.java.SeleniumDriver] [  789] - Test case being Executed: 11
[INFO ][2015-11-05 13:16:04,367][com.java.SeleniumDriver] [  800] - Test step:24
[INFO ][2015-11-05 13:16:04,367][com.java.SeleniumDriver] [  812] - Datavalue is----------null
[DEBUG][2015-11-05 13:16:04,367][com.java.SeleniumDriver] [  830] - Exception: null
[INFO ][2015-11-05 13:16:04,367][com.java.SeleniumDriver] [  836] - DataField : BTNchkGlobalPrivsUserAdmin
[INFO ][2015-11-05 13:16:04,367][com.java.SeleniumDriver] [  838] - DataValue : 
[INFO ][2015-11-05 13:16:04,367][com.java.SeleniumDriver] [  844] - <In Set values of the page>
[INFO ][2015-11-05 13:16:04,367][com.java.SeleniumDriver] [  847] - {Data Fields & Data Values Exist}
[INFO ][2015-11-05 13:16:04,367][com.java.SeleniumDriver] [  849] - --------------------------setting values-----------------------------
[INFO ][2015-11-05 13:16:04,367][com.java.SeleniumDriver] [  852] - Action Type : Click
[INFO ][2015-11-05 13:16:04,367][com.java.TestType] [ 4111] - Field ::BTNchkGlobalPrivsUserAdmin
[INFO ][2015-11-05 13:16:05,367][com.java.TestType] [ 4149] - BEFORE CLICK
[INFO ][2015-11-05 13:16:06,718][com.java.TestType] [ 4156] - Unable to click the object User Admin check box
[INFO ][2015-11-05 13:16:06,718][com.java.SeleniumDriver] [  861] -  RESULT true
[INFO ][2015-11-05 13:16:06,718][com.java.SeleniumDriver] [ 1066] - ?   P A S S   ?
[INFO ][2015-11-05 13:16:06,718][com.java.SeleniumDriver] [  788] - ------------------------------------------
[INFO ][2015-11-05 13:16:06,718][com.java.SeleniumDriver] [  789] - Test case being Executed: 11
[INFO ][2015-11-05 13:16:06,718][com.java.SeleniumDriver] [  800] - Test step:25
[INFO ][2015-11-05 13:16:06,718][com.java.SeleniumDriver] [  812] - Datavalue is----------null
[DEBUG][2015-11-05 13:16:06,718][com.java.SeleniumDriver] [  830] - Exception: null
[INFO ][2015-11-05 13:16:06,718][com.java.SeleniumDriver] [  836] - DataField : BTNrdoEnableEntity_Enable
[INFO ][2015-11-05 13:16:06,718][com.java.SeleniumDriver] [  838] - DataValue : 
[INFO ][2015-11-05 13:16:06,718][com.java.SeleniumDriver] [  844] - <In Set values of the page>
[INFO ][2015-11-05 13:16:06,718][com.java.SeleniumDriver] [  847] - {Data Fields & Data Values Exist}
[INFO ][2015-11-05 13:16:06,718][com.java.SeleniumDriver] [  849] - --------------------------setting values-----------------------------
[INFO ][2015-11-05 13:16:06,718][com.java.SeleniumDriver] [  852] - Action Type : Click
[INFO ][2015-11-05 13:16:06,718][com.java.TestType] [ 4111] - Field ::BTNrdoEnableEntity_Enable
[INFO ][2015-11-05 13:16:07,718][com.java.TestType] [ 4149] - BEFORE CLICK
[INFO ][2015-11-05 13:16:09,059][com.java.TestType] [ 4156] - Unable to click the object Enable radio button
[INFO ][2015-11-05 13:16:09,059][com.java.SeleniumDriver] [  861] -  RESULT true
[INFO ][2015-11-05 13:16:09,059][com.java.SeleniumDriver] [ 1066] - ?   P A S S   ?
[INFO ][2015-11-05 13:16:09,059][com.java.SeleniumDriver] [  788] - ------------------------------------------
[INFO ][2015-11-05 13:16:09,059][com.java.SeleniumDriver] [  789] - Test case being Executed: 11
[INFO ][2015-11-05 13:16:09,059][com.java.SeleniumDriver] [  800] - Test step:26
[INFO ][2015-11-05 13:16:09,059][com.java.SeleniumDriver] [  812] - Datavalue is----------null
[DEBUG][2015-11-05 13:16:09,059][com.java.SeleniumDriver] [  830] - Exception: null
[INFO ][2015-11-05 13:16:09,059][com.java.SeleniumDriver] [  836] - DataField : BTNchkProfitCenterAll
[INFO ][2015-11-05 13:16:09,059][com.java.SeleniumDriver] [  838] - DataValue : 
[INFO ][2015-11-05 13:16:09,059][com.java.SeleniumDriver] [  844] - <In Set values of the page>
[INFO ][2015-11-05 13:16:09,059][com.java.SeleniumDriver] [  847] - {Data Fields & Data Values Exist}
[INFO ][2015-11-05 13:16:09,059][com.java.SeleniumDriver] [  849] - --------------------------setting values-----------------------------
[INFO ][2015-11-05 13:16:09,059][com.java.SeleniumDriver] [  852] - Action Type : Click
[INFO ][2015-11-05 13:16:09,059][com.java.TestType] [ 4111] - Field ::BTNchkProfitCenterAll
[INFO ][2015-11-05 13:16:10,059][com.java.TestType] [ 4149] - BEFORE CLICK
[INFO ][2015-11-05 13:16:11,380][com.java.TestType] [ 4156] - Unable to click the object All Check box
[INFO ][2015-11-05 13:16:11,380][com.java.SeleniumDriver] [  861] -  RESULT true
[INFO ][2015-11-05 13:16:11,380][com.java.SeleniumDriver] [ 1066] - ?   P A S S   ?
[INFO ][2015-11-05 13:16:11,380][com.java.SeleniumDriver] [  788] - ------------------------------------------
[INFO ][2015-11-05 13:16:11,380][com.java.SeleniumDriver] [  789] - Test case being Executed: 11
[INFO ][2015-11-05 13:16:11,380][com.java.SeleniumDriver] [  800] - Test step:27
[INFO ][2015-11-05 13:16:11,380][com.java.SeleniumDriver] [  812] - Datavalue is----------null
[DEBUG][2015-11-05 13:16:11,380][com.java.SeleniumDriver] [  830] - Exception: null
[INFO ][2015-11-05 13:16:11,380][com.java.SeleniumDriver] [  836] - DataField : BTNchkPrivsAccessGL
[INFO ][2015-11-05 13:16:11,380][com.java.SeleniumDriver] [  838] - DataValue : 
[INFO ][2015-11-05 13:16:11,380][com.java.SeleniumDriver] [  844] - <In Set values of the page>
[INFO ][2015-11-05 13:16:11,380][com.java.SeleniumDriver] [  847] - {Data Fields & Data Values Exist}
[INFO ][2015-11-05 13:16:11,380][com.java.SeleniumDriver] [  849] - --------------------------setting values-----------------------------
[INFO ][2015-11-05 13:16:11,380][com.java.SeleniumDriver] [  852] - Action Type : Click
[INFO ][2015-11-05 13:16:11,380][com.java.TestType] [ 4111] - Field ::BTNchkPrivsAccessGL
[INFO ][2015-11-05 13:16:12,380][com.java.TestType] [ 4149] - BEFORE CLICK
[INFO ][2015-11-05 13:16:13,681][com.java.TestType] [ 4156] - Unable to click the object GL check box
[INFO ][2015-11-05 13:16:13,681][com.java.SeleniumDriver] [  861] -  RESULT true
[INFO ][2015-11-05 13:16:13,681][com.java.SeleniumDriver] [ 1066] - ?   P A S S   ?
[INFO ][2015-11-05 13:16:13,681][com.java.SeleniumDriver] [  788] - ------------------------------------------
[INFO ][2015-11-05 13:16:13,681][com.java.SeleniumDriver] [  789] - Test case being Executed: 11
[INFO ][2015-11-05 13:16:13,681][com.java.SeleniumDriver] [  800] - Test step:28
[INFO ][2015-11-05 13:16:13,681][com.java.SeleniumDriver] [  812] - Datavalue is----------null
[DEBUG][2015-11-05 13:16:13,681][com.java.SeleniumDriver] [  830] - Exception: null
[INFO ][2015-11-05 13:16:13,681][com.java.SeleniumDriver] [  836] - DataField : BTNparent
[INFO ][2015-11-05 13:16:13,681][com.java.SeleniumDriver] [  838] - DataValue : 
[INFO ][2015-11-05 13:16:13,681][com.java.SeleniumDriver] [  844] - <In Set values of the page>
[INFO ][2015-11-05 13:16:13,681][com.java.SeleniumDriver] [  847] - {Data Fields & Data Values Exist}
[INFO ][2015-11-05 13:16:13,681][com.java.SeleniumDriver] [  849] - --------------------------setting values-----------------------------
[INFO ][2015-11-05 13:16:13,681][com.java.SeleniumDriver] [  852] - Action Type : SelectFrame
[INFO ][2015-11-05 13:16:13,691][com.java.SeleniumDriver] [  861] -  RESULT true
[INFO ][2015-11-05 13:16:13,691][com.java.SeleniumDriver] [ 1066] - ?   P A S S   ?
[INFO ][2015-11-05 13:16:13,691][com.java.SeleniumDriver] [  788] - ------------------------------------------
[INFO ][2015-11-05 13:16:13,691][com.java.SeleniumDriver] [  789] - Test case being Executed: 11
[INFO ][2015-11-05 13:16:13,691][com.java.SeleniumDriver] [  800] - Test step:29
[INFO ][2015-11-05 13:16:13,691][com.java.SeleniumDriver] [  812] - Datavalue is----------5
[INFO ][2015-11-05 13:16:13,691][com.java.SeleniumDriver] [  836] - DataField : test
[INFO ][2015-11-05 13:16:13,691][com.java.SeleniumDriver] [  838] - DataValue : 5
[INFO ][2015-11-05 13:16:13,691][com.java.SeleniumDriver] [  844] - <In Set values of the page>
[INFO ][2015-11-05 13:16:13,691][com.java.SeleniumDriver] [  847] - {Data Fields & Data Values Exist}
[INFO ][2015-11-05 13:16:13,691][com.java.SeleniumDriver] [  849] - --------------------------setting values-----------------------------
[INFO ][2015-11-05 13:16:13,691][com.java.SeleniumDriver] [  852] - Action Type : WaitTime
[DEBUG][2015-11-05 13:16:13,691][com.java.TestType] [ 3697] - sleepTime: 5000
[INFO ][2015-11-05 13:16:18,692][com.java.SeleniumDriver] [  861] -  RESULT true
[INFO ][2015-11-05 13:16:18,692][com.java.SeleniumDriver] [ 1066] - ?   P A S S   ?
[INFO ][2015-11-05 13:16:18,692][com.java.SeleniumDriver] [  788] - ------------------------------------------
[INFO ][2015-11-05 13:16:18,692][com.java.SeleniumDriver] [  789] - Test case being Executed: 11
[INFO ][2015-11-05 13:16:18,692][com.java.SeleniumDriver] [  800] - Test step:30
[INFO ][2015-11-05 13:16:18,692][com.java.SeleniumDriver] [  812] - Datavalue is----------null
[DEBUG][2015-11-05 13:16:18,692][com.java.SeleniumDriver] [  830] - Exception: null
[INFO ][2015-11-05 13:16:18,692][com.java.SeleniumDriver] [  836] - DataField : XPH//span[contains(text(), 'Finished')]
[INFO ][2015-11-05 13:16:18,692][com.java.SeleniumDriver] [  838] - DataValue : 
[INFO ][2015-11-05 13:16:18,692][com.java.SeleniumDriver] [  844] - <In Set values of the page>
[INFO ][2015-11-05 13:16:18,692][com.java.SeleniumDriver] [  847] - {Data Fields & Data Values Exist}
[INFO ][2015-11-05 13:16:18,692][com.java.SeleniumDriver] [  849] - --------------------------setting values-----------------------------
[INFO ][2015-11-05 13:16:18,692][com.java.SeleniumDriver] [  852] - Action Type : Click
[INFO ][2015-11-05 13:16:18,692][com.java.TestType] [ 4111] - Field ::XPH//span[contains(text(), 'Finished')]
[INFO ][2015-11-05 13:16:19,693][com.java.TestType] [ 4170] - BEFORE CLICK
[INFO ][2015-11-05 13:16:28,213][com.java.TestType] [ 4178] - Unable to click the object Finished button
[INFO ][2015-11-05 13:16:28,213][com.java.SeleniumDriver] [  861] -  RESULT true
[INFO ][2015-11-05 13:16:28,213][com.java.SeleniumDriver] [ 1066] - ?   P A S S   ?
[INFO ][2015-11-05 13:16:28,213][com.java.SeleniumDriver] [  788] - ------------------------------------------
[INFO ][2015-11-05 13:16:28,213][com.java.SeleniumDriver] [  789] - Test case being Executed: 11
[INFO ][2015-11-05 13:16:28,213][com.java.SeleniumDriver] [  800] - Test step:31
[INFO ][2015-11-05 13:16:28,213][com.java.SeleniumDriver] [  812] - Datavalue is----------5
[INFO ][2015-11-05 13:16:28,213][com.java.SeleniumDriver] [  836] - DataField : BTNframeDialogContent
[INFO ][2015-11-05 13:16:28,213][com.java.SeleniumDriver] [  838] - DataValue : 5
[INFO ][2015-11-05 13:16:28,213][com.java.SeleniumDriver] [  844] - <In Set values of the page>
[INFO ][2015-11-05 13:16:28,213][com.java.SeleniumDriver] [  847] - {Data Fields & Data Values Exist}
[INFO ][2015-11-05 13:16:28,213][com.java.SeleniumDriver] [  849] - --------------------------setting values-----------------------------
[INFO ][2015-11-05 13:16:28,213][com.java.SeleniumDriver] [  852] - Action Type : WaitForElement
[INFO ][2015-11-05 13:16:29,424][com.java.SeleniumDriver] [  861] -  RESULT true
[INFO ][2015-11-05 13:16:29,424][com.java.SeleniumDriver] [ 1066] - ?   P A S S   ?
[INFO ][2015-11-05 13:16:29,424][com.java.SeleniumDriver] [  788] - ------------------------------------------
[INFO ][2015-11-05 13:16:29,424][com.java.SeleniumDriver] [  789] - Test case being Executed: 11
[INFO ][2015-11-05 13:16:29,424][com.java.SeleniumDriver] [  800] - Test step:32
[INFO ][2015-11-05 13:16:29,424][com.java.SeleniumDriver] [  812] - Datavalue is----------null
[DEBUG][2015-11-05 13:16:29,424][com.java.SeleniumDriver] [  830] - Exception: null
[INFO ][2015-11-05 13:16:29,424][com.java.SeleniumDriver] [  836] - DataField : BTNframeDialogContent
[INFO ][2015-11-05 13:16:29,424][com.java.SeleniumDriver] [  838] - DataValue : 
[INFO ][2015-11-05 13:16:29,424][com.java.SeleniumDriver] [  844] - <In Set values of the page>
[INFO ][2015-11-05 13:16:29,424][com.java.SeleniumDriver] [  847] - {Data Fields & Data Values Exist}
[INFO ][2015-11-05 13:16:29,424][com.java.SeleniumDriver] [  849] - --------------------------setting values-----------------------------
[INFO ][2015-11-05 13:16:29,424][com.java.SeleniumDriver] [  852] - Action Type : SelectFrame
[INFO ][2015-11-05 13:16:30,677][com.java.SeleniumDriver] [  861] -  RESULT true
[INFO ][2015-11-05 13:16:30,677][com.java.SeleniumDriver] [ 1066] - ?   P A S S   ?
[INFO ][2015-11-05 13:16:30,677][com.java.SeleniumDriver] [  788] - ------------------------------------------
[INFO ][2015-11-05 13:16:30,677][com.java.SeleniumDriver] [  789] - Test case being Executed: 11
[INFO ][2015-11-05 13:16:30,677][com.java.SeleniumDriver] [  800] - Test step:33
[INFO ][2015-11-05 13:16:30,677][com.java.SeleniumDriver] [  812] - Datavalue is----------null
[DEBUG][2015-11-05 13:16:30,677][com.java.SeleniumDriver] [  830] - Exception: null
[INFO ][2015-11-05 13:16:30,677][com.java.SeleniumDriver] [  836] - DataField : XPH//table[@id="tblUserListing"]//td[contains(text(),'vltest.robot')]
[INFO ][2015-11-05 13:16:30,677][com.java.SeleniumDriver] [  838] - DataValue : 
[INFO ][2015-11-05 13:16:30,677][com.java.SeleniumDriver] [  844] - <In Set values of the page>
[INFO ][2015-11-05 13:16:30,677][com.java.SeleniumDriver] [  847] - {Data Fields & Data Values Exist}
[INFO ][2015-11-05 13:16:30,677][com.java.SeleniumDriver] [  849] - --------------------------setting values-----------------------------
[INFO ][2015-11-05 13:16:30,677][com.java.SeleniumDriver] [  852] - Action Type : WaitForElement
[INFO ][2015-11-05 13:16:30,737][com.java.SeleniumDriver] [  861] -  RESULT true
[INFO ][2015-11-05 13:16:30,737][com.java.SeleniumDriver] [ 1066] - ?   P A S S   ?
[INFO ][2015-11-05 13:16:30,737][com.java.SeleniumDriver] [  788] - ------------------------------------------
[INFO ][2015-11-05 13:16:30,737][com.java.SeleniumDriver] [  789] - Test case being Executed: 11
[INFO ][2015-11-05 13:16:30,737][com.java.SeleniumDriver] [  800] - Test step:34
[INFO ][2015-11-05 13:16:30,737][com.java.SeleniumDriver] [  812] - Datavalue is----------dt:NewUserName
[INFO ][2015-11-05 13:16:30,737][com.java.SeleniumDriver] [  836] - DataField : USR
[INFO ][2015-11-05 13:16:30,737][com.java.SeleniumDriver] [  838] - DataValue : dt:NewUserName
[INFO ][2015-11-05 13:16:30,737][com.java.SeleniumDriver] [  844] - <In Set values of the page>
[INFO ][2015-11-05 13:16:30,737][com.java.SeleniumDriver] [  847] - {Data Fields & Data Values Exist}
[INFO ][2015-11-05 13:16:30,737][com.java.SeleniumDriver] [  849] - --------------------------setting values-----------------------------
[INFO ][2015-11-05 13:16:30,737][com.java.SeleniumDriver] [  852] - Action Type : Verify
[INFO ][2015-11-05 13:16:30,737][com.java.TestType] [ 4924] - field= USR value= dt:NewUserName
[INFO ][2015-11-05 13:16:30,737][com.java.TestType] [ 3798] - value = vltest.robot
[INFO ][2015-11-05 13:16:30,797][com.java.SeleniumDriver] [  861] -  RESULT true
[INFO ][2015-11-05 13:16:30,797][com.java.SeleniumDriver] [ 1066] - ?   P A S S   ?
[INFO ][2015-11-05 13:16:30,797][com.java.SeleniumDriver] [  788] - ------------------------------------------
[INFO ][2015-11-05 13:16:30,797][com.java.SeleniumDriver] [  789] - Test case being Executed: 11
[INFO ][2015-11-05 13:16:30,797][com.java.SeleniumDriver] [  800] - Test step:35
[INFO ][2015-11-05 13:16:30,797][com.java.SeleniumDriver] [  812] - Datavalue is----------Login_username
[INFO ][2015-11-05 13:16:30,797][com.java.SeleniumDriver] [  836] - DataField : XPH//table[@id="tblUserListing"]//td[contains(text(),'vltest.robot')]
[INFO ][2015-11-05 13:16:30,797][com.java.SeleniumDriver] [  838] - DataValue : Login_username
[INFO ][2015-11-05 13:16:30,797][com.java.SeleniumDriver] [  844] - <In Set values of the page>
[INFO ][2015-11-05 13:16:30,797][com.java.SeleniumDriver] [  847] - {Data Fields & Data Values Exist}
[INFO ][2015-11-05 13:16:30,797][com.java.SeleniumDriver] [  849] - --------------------------setting values-----------------------------
[INFO ][2015-11-05 13:16:30,797][com.java.SeleniumDriver] [  852] - Action Type : STOREVALUE
[INFO ][2015-11-05 13:16:30,797][com.java.TestType] [ 5858] - field= XPH//table[@id="tblUserListing"]//td[contains(text(),'vltest.robot')]
[DEBUG][2015-11-05 13:16:30,897][com.java.TestType] [ 5910] - Key:: Login_username   Value:: vltest.robot.03890
[INFO ][2015-11-05 13:16:30,897][com.java.SeleniumDriver] [  861] -  RESULT true
[INFO ][2015-11-05 13:16:30,897][com.java.SeleniumDriver] [ 1066] - ?   P A S S   ?
[INFO ][2015-11-05 13:16:30,897][com.java.SeleniumDriver] [  788] - ------------------------------------------
[INFO ][2015-11-05 13:16:30,897][com.java.SeleniumDriver] [  789] - Test case being Executed: 11
[INFO ][2015-11-05 13:16:30,897][com.java.SeleniumDriver] [  800] - Test step:36
[INFO ][2015-11-05 13:16:30,897][com.java.SeleniumDriver] [  812] - Datavalue is----------null
[DEBUG][2015-11-05 13:16:30,897][com.java.SeleniumDriver] [  830] - Exception: null
[INFO ][2015-11-05 13:16:30,897][com.java.SeleniumDriver] [  836] - DataField : BTNparent
[INFO ][2015-11-05 13:16:30,897][com.java.SeleniumDriver] [  838] - DataValue : 
[INFO ][2015-11-05 13:16:30,897][com.java.SeleniumDriver] [  844] - <In Set values of the page>
[INFO ][2015-11-05 13:16:30,897][com.java.SeleniumDriver] [  847] - {Data Fields & Data Values Exist}
[INFO ][2015-11-05 13:16:30,897][com.java.SeleniumDriver] [  849] - --------------------------setting values-----------------------------
[INFO ][2015-11-05 13:16:30,897][com.java.SeleniumDriver] [  852] - Action Type : SelectFrame
[INFO ][2015-11-05 13:16:30,907][com.java.SeleniumDriver] [  861] -  RESULT true
[INFO ][2015-11-05 13:16:30,907][com.java.SeleniumDriver] [ 1066] - ?   P A S S   ?
[INFO ][2015-11-05 13:16:30,907][com.java.SeleniumDriver] [  788] - ------------------------------------------
[INFO ][2015-11-05 13:16:30,907][com.java.SeleniumDriver] [  789] - Test case being Executed: 11
[INFO ][2015-11-05 13:16:30,907][com.java.SeleniumDriver] [  800] - Test step:37
[INFO ][2015-11-05 13:16:30,907][com.java.SeleniumDriver] [  812] - Datavalue is----------null
[DEBUG][2015-11-05 13:16:30,907][com.java.SeleniumDriver] [  830] - Exception: null
[INFO ][2015-11-05 13:16:30,907][com.java.SeleniumDriver] [  836] - DataField : XPH//span[contains(text(), 'Finished')]
[INFO ][2015-11-05 13:16:30,907][com.java.SeleniumDriver] [  838] - DataValue : 
[INFO ][2015-11-05 13:16:30,907][com.java.SeleniumDriver] [  844] - <In Set values of the page>
[INFO ][2015-11-05 13:16:30,907][com.java.SeleniumDriver] [  847] - {Data Fields & Data Values Exist}
[INFO ][2015-11-05 13:16:30,907][com.java.SeleniumDriver] [  849] - --------------------------setting values-----------------------------
[INFO ][2015-11-05 13:16:30,907][com.java.SeleniumDriver] [  852] - Action Type : Click
[INFO ][2015-11-05 13:16:30,907][com.java.TestType] [ 4111] - Field ::XPH//span[contains(text(), 'Finished')]
[INFO ][2015-11-05 13:16:31,907][com.java.TestType] [ 4170] - BEFORE CLICK
[INFO ][2015-11-05 13:16:33,037][com.java.TestType] [ 4178] - Unable to click the object Finished button
[INFO ][2015-11-05 13:16:33,037][com.java.SeleniumDriver] [  861] -  RESULT true
[INFO ][2015-11-05 13:16:33,037][com.java.SeleniumDriver] [ 1066] - ?   P A S S   ?
[INFO ][2015-11-05 13:16:33,037][com.java.SeleniumDriver] [  788] - ------------------------------------------
[INFO ][2015-11-05 13:16:33,037][com.java.SeleniumDriver] [  789] - Test case being Executed: 11
[INFO ][2015-11-05 13:16:33,037][com.java.SeleniumDriver] [  800] - Test step:38
[INFO ][2015-11-05 13:16:33,037][com.java.SeleniumDriver] [  812] - Datavalue is----------Concept#3:1-2
[INFO ][2015-11-05 13:16:33,037][com.java.SeleniumDriver] [  836] - DataField : test
[INFO ][2015-11-05 13:16:33,037][com.java.SeleniumDriver] [  838] - DataValue : Concept#3:1-2
[INFO ][2015-11-05 13:16:33,037][com.java.SeleniumDriver] [  844] - <In Set values of the page>
[INFO ][2015-11-05 13:16:33,037][com.java.SeleniumDriver] [  847] - {Data Fields & Data Values Exist}
[INFO ][2015-11-05 13:16:33,037][com.java.SeleniumDriver] [  849] - --------------------------setting values-----------------------------
[INFO ][2015-11-05 13:16:33,037][com.java.SeleniumDriver] [  852] - Action Type : ExecuteTestCase
[INFO ][2015-11-05 13:16:33,037][com.java.TestType] [  411] - The Concept sheet name is ---------- Concept
[INFO ][2015-11-05 13:16:33,037][com.java.TestType] [  414] - The Concept ID  is ---------- 3
[DEBUG][2015-11-05 13:16:33,037][com.java.TestType] [  418] - Steps being executted in the Concept are: 1:2
[INFO ][2015-11-05 13:16:33,037][com.java.TestType] [  425] - Test data details path ---------- D:\BankersDashboard\TestInputs\TestData.xls
[INFO ][2015-11-05 13:16:33,068][com.java.TestType] [  456] -  str(1) = 3
[INFO ][2015-11-05 13:16:33,068][com.java.TestType] [  459] - Test case Id is---3
[INFO ][2015-11-05 13:16:33,068][com.java.TestType] [  461] - 3
[INFO ][2015-11-05 13:16:33,068][com.java.TestType] [  456] -  str(2) = 1
[INFO ][2015-11-05 13:16:33,068][com.java.TestType] [  508] - row values are--------{1=com.java.Objects.TestDataDetails@1b114e4}
[INFO ][2015-11-05 13:16:33,068][com.java.TestType] [  456] -  str(1) = 3
[INFO ][2015-11-05 13:16:33,068][com.java.TestType] [  459] - Test case Id is---3
[INFO ][2015-11-05 13:16:33,068][com.java.TestType] [  461] - 3
[INFO ][2015-11-05 13:16:33,068][com.java.TestType] [  456] -  str(2) = 2
[INFO ][2015-11-05 13:16:33,068][com.java.TestType] [  508] - row values are--------{1=com.java.Objects.TestDataDetails@1b114e4, 2=com.java.Objects.TestDataDetails@2b56d6}
[INFO ][2015-11-05 13:16:33,068][com.java.TestType] [ 7947] - Looping 1TCID = 3
[DEBUG][2015-11-05 13:16:33,068][com.java.TestType] [ 7988] - Concept ID:3 :: Step being Executed: 3::1
[INFO ][2015-11-05 13:16:33,068][com.java.TestType] [ 8026] - dataFields : test
[DEBUG][2015-11-05 13:16:33,068][com.java.TestType] [ 8032] - <In Set values of the page>
[DEBUG][2015-11-05 13:16:33,068][com.java.TestType] [ 8037] - {Data Fields & Data Values Exist}
[INFO ][2015-11-05 13:16:33,068][com.java.TestType] [ 8043] - --------------------------setting values-----------------------------
[INFO ][2015-11-05 13:16:33,068][com.java.TestType] [ 8046] - Action Type : Logout
[DEBUG][2015-11-05 14:13:30,856][com.java.SeleniumDriver] [  425] - Hub ip address is-------172.17.68.34
[INFO ][2015-11-05 14:13:30,857][com.java.SeleniumDriver] [  451] - Grid URL:http://172.17.68.34:4444/wd/hub
[INFO ][2015-11-05 14:13:30,857][com.java.SeleniumDriver] [  452] - Capability:Capabilities [{platform=ANY, ensureCleanSession=true, ignoreProtectedModeSettings=true, acceptSslCerts=true, ignoreZoomSetting=true, browserName=internet explorer, browserstack.ie.noFlash=true, version=Node1}]
[ERROR][2015-11-05 14:13:31,887][com.java.SeleniumDriver] [  496] - Unable invoke browser in grid:Could not start a new session. Possible causes are invalid address of the remote server or browser start-up failure.
Build info: version: '2.48.2', revision: '41bccdd', time: '2015-10-09 19:59:12'
System info: host: 'FVTIII438F1D', ip: '172.17.68.34', os.name: 'Windows 7', os.arch: 'x86', os.version: '6.1', java.version: '1.7.0_55'
Driver info: driver.version: SeleniumDriver
[INFO ][2015-11-05 14:13:31,887][com.java.SeleniumDriver] [  498] - Executing on local machine
[INFO ][2015-11-05 14:14:09,416][com.java.TestType] [ 8065] -  RESULT true
[INFO ][2015-11-05 14:14:16,617][com.java.TestType] [ 8182] - ?   P A S S   ?
[DEBUG][2015-11-05 14:14:48,938][com.java.TestType] [ 7988] - Concept ID:3 :: Step being Executed: 3::2
[INFO ][2015-11-05 14:14:50,988][com.java.TestType] [ 8026] - dataFields : test
[DEBUG][2015-11-05 14:14:50,988][com.java.TestType] [ 8032] - <In Set values of the page>
[DEBUG][2015-11-05 14:14:50,988][com.java.TestType] [ 8037] - {Data Fields & Data Values Exist}
[INFO ][2015-11-05 14:14:50,988][com.java.TestType] [ 8043] - --------------------------setting values-----------------------------
[INFO ][2015-11-05 14:14:50,988][com.java.TestType] [ 8046] - Action Type : WaitTime
[DEBUG][2015-11-05 14:14:50,988][com.java.TestType] [ 3697] - sleepTime: 2000
[INFO ][2015-11-05 14:14:52,989][com.java.TestType] [ 8065] -  RESULT true
[INFO ][2015-11-05 14:14:52,989][com.java.TestType] [ 8182] - ?   P A S S   ?
[INFO ][2015-11-05 14:14:52,989][com.java.TestType] [ 8253] - Looping End......
[INFO ][2015-11-05 14:14:52,989][com.java.SeleniumDriver] [  861] -  RESULT true
[INFO ][2015-11-05 14:14:52,989][com.java.SeleniumDriver] [ 1066] - ?   P A S S   ?
[INFO ][2015-11-05 14:14:52,989][com.java.SeleniumDriver] [  788] - ------------------------------------------
[INFO ][2015-11-05 14:14:52,989][com.java.SeleniumDriver] [  789] - Test case being Executed: 11
[INFO ][2015-11-05 14:14:52,989][com.java.SeleniumDriver] [  800] - Test step:39
[INFO ][2015-11-05 14:14:52,989][com.java.SeleniumDriver] [  812] - Datavalue is----------HMVLogin_username
[INFO ][2015-11-05 14:14:52,989][com.java.SeleniumDriver] [  836] - DataField : TXTusername
[INFO ][2015-11-05 14:14:52,989][com.java.SeleniumDriver] [  838] - DataValue : HMVLogin_username
[INFO ][2015-11-05 14:14:52,989][com.java.SeleniumDriver] [  844] - <In Set values of the page>
[INFO ][2015-11-05 14:14:52,989][com.java.SeleniumDriver] [  847] - {Data Fields & Data Values Exist}
[INFO ][2015-11-05 14:14:52,989][com.java.SeleniumDriver] [  849] - --------------------------setting values-----------------------------
[INFO ][2015-11-05 14:14:52,989][com.java.SeleniumDriver] [  852] - Action Type : CLEARANDENTER
[INFO ][2015-11-05 14:14:52,989][com.java.TestType] [ 3798] - value = vltest.robot.03890
[INFO ][2015-11-05 14:14:57,812][com.java.SeleniumDriver] [  861] -  RESULT true
[INFO ][2015-11-05 14:14:57,812][com.java.SeleniumDriver] [ 1066] - ?   P A S S   ?
[INFO ][2015-11-05 14:14:57,812][com.java.SeleniumDriver] [  788] - ------------------------------------------
[INFO ][2015-11-05 14:14:57,812][com.java.SeleniumDriver] [  789] - Test case being Executed: 11
[INFO ][2015-11-05 14:14:57,812][com.java.SeleniumDriver] [  800] - Test step:40
[INFO ][2015-11-05 14:14:57,812][com.java.SeleniumDriver] [  812] - Datavalue is----------dt:NewUserPswd
[INFO ][2015-11-05 14:14:57,812][com.java.SeleniumDriver] [  836] - DataField : TXTpassword
[INFO ][2015-11-05 14:14:57,812][com.java.SeleniumDriver] [  838] - DataValue : dt:NewUserPswd
[INFO ][2015-11-05 14:14:57,812][com.java.SeleniumDriver] [  844] - <In Set values of the page>
[INFO ][2015-11-05 14:14:57,812][com.java.SeleniumDriver] [  847] - {Data Fields & Data Values Exist}
[INFO ][2015-11-05 14:14:57,812][com.java.SeleniumDriver] [  849] - --------------------------setting values-----------------------------
[INFO ][2015-11-05 14:14:57,812][com.java.SeleniumDriver] [  852] - Action Type : CLEARANDENTER
[INFO ][2015-11-05 14:14:57,812][com.java.TestType] [ 3798] - value = Password1*
[INFO ][2015-11-05 14:15:02,759][com.java.SeleniumDriver] [  861] -  RESULT true
[INFO ][2015-11-05 14:15:02,759][com.java.SeleniumDriver] [ 1066] - ?   P A S S   ?
[INFO ][2015-11-05 14:15:02,759][com.java.SeleniumDriver] [  788] - ------------------------------------------
[INFO ][2015-11-05 14:15:02,759][com.java.SeleniumDriver] [  789] - Test case being Executed: 11
[INFO ][2015-11-05 14:15:02,759][com.java.SeleniumDriver] [  800] - Test step:41
[INFO ][2015-11-05 14:15:02,759][com.java.SeleniumDriver] [  812] - Datavalue is----------null
[DEBUG][2015-11-05 14:15:02,759][com.java.SeleniumDriver] [  830] - Exception: null
[INFO ][2015-11-05 14:15:02,759][com.java.SeleniumDriver] [  836] - DataField : XPH//button[@type='submit']
[INFO ][2015-11-05 14:15:02,759][com.java.SeleniumDriver] [  838] - DataValue : 
[INFO ][2015-11-05 14:15:02,759][com.java.SeleniumDriver] [  844] - <In Set values of the page>
[INFO ][2015-11-05 14:15:02,759][com.java.SeleniumDriver] [  847] - {Data Fields & Data Values Exist}
[INFO ][2015-11-05 14:15:02,759][com.java.SeleniumDriver] [  849] - --------------------------setting values-----------------------------
[INFO ][2015-11-05 14:15:02,759][com.java.SeleniumDriver] [  852] - Action Type : Click
[INFO ][2015-11-05 14:15:02,759][com.java.TestType] [ 4111] - Field ::XPH//button[@type='submit']
[INFO ][2015-11-05 14:15:03,759][com.java.TestType] [ 4170] - BEFORE CLICK
[INFO ][2015-11-05 14:15:04,569][com.java.TestType] [ 4178] - Unable to click the object Login
[INFO ][2015-11-05 14:15:04,569][com.java.SeleniumDriver] [  861] -  RESULT true
[INFO ][2015-11-05 14:15:04,569][com.java.SeleniumDriver] [ 1066] - ?   P A S S   ?
[INFO ][2015-11-05 14:15:04,569][com.java.SeleniumDriver] [  788] - ------------------------------------------
[INFO ][2015-11-05 14:15:04,569][com.java.SeleniumDriver] [  789] - Test case being Executed: 11
[INFO ][2015-11-05 14:15:04,569][com.java.SeleniumDriver] [  800] - Test step:42
[INFO ][2015-11-05 14:15:04,569][com.java.SeleniumDriver] [  812] - Datavalue is----------null
[DEBUG][2015-11-05 14:15:04,569][com.java.SeleniumDriver] [  830] - Exception: null
[INFO ][2015-11-05 14:15:04,569][com.java.SeleniumDriver] [  836] - DataField : test
[INFO ][2015-11-05 14:15:04,569][com.java.SeleniumDriver] [  838] - DataValue : 
[INFO ][2015-11-05 14:15:04,569][com.java.SeleniumDriver] [  844] - <In Set values of the page>
[INFO ][2015-11-05 14:15:04,569][com.java.SeleniumDriver] [  847] - {Data Fields & Data Values Exist}
[INFO ][2015-11-05 14:15:04,569][com.java.SeleniumDriver] [  849] - --------------------------setting values-----------------------------
[INFO ][2015-11-05 14:15:04,569][com.java.SeleniumDriver] [  852] - Action Type : WaitTime
[DEBUG][2015-11-05 14:15:04,569][com.java.TestType] [ 3697] - sleepTime: 10000
[INFO ][2015-11-05 14:15:14,578][com.java.SeleniumDriver] [  861] -  RESULT true
[INFO ][2015-11-05 14:15:14,578][com.java.SeleniumDriver] [ 1066] - ?   P A S S   ?
[INFO ][2015-11-05 14:15:14,578][com.java.SeleniumDriver] [  788] - ------------------------------------------
[INFO ][2015-11-05 14:15:14,578][com.java.SeleniumDriver] [  789] - Test case being Executed: 11
[INFO ][2015-11-05 14:15:14,578][com.java.SeleniumDriver] [  800] - Test step:43
[INFO ][2015-11-05 14:15:14,578][com.java.SeleniumDriver] [  812] - Datavalue is----------Banker'sDashboard
[INFO ][2015-11-05 14:15:14,578][com.java.SeleniumDriver] [  836] - DataField : TTL
[INFO ][2015-11-05 14:15:14,578][com.java.SeleniumDriver] [  838] - DataValue : Banker'sDashboard
[INFO ][2015-11-05 14:15:14,578][com.java.SeleniumDriver] [  844] - <In Set values of the page>
[INFO ][2015-11-05 14:15:14,578][com.java.SeleniumDriver] [  847] - {Data Fields & Data Values Exist}
[INFO ][2015-11-05 14:15:14,578][com.java.SeleniumDriver] [  849] - --------------------------setting values-----------------------------
[INFO ][2015-11-05 14:15:14,578][com.java.SeleniumDriver] [  852] - Action Type : SelectWindow
[INFO ][2015-11-05 14:15:35,936][com.java.SeleniumDriver] [  861] -  RESULT true
[INFO ][2015-11-05 14:15:35,936][com.java.SeleniumDriver] [ 1066] - ?   P A S S   ?
[INFO ][2015-11-05 14:15:35,936][com.java.SeleniumDriver] [  788] - ------------------------------------------
[INFO ][2015-11-05 14:15:35,936][com.java.SeleniumDriver] [  789] - Test case being Executed: 11
[INFO ][2015-11-05 14:15:35,936][com.java.SeleniumDriver] [  800] - Test step:44
[INFO ][2015-11-05 14:15:35,936][com.java.SeleniumDriver] [  812] - Datavalue is----------20
[INFO ][2015-11-05 14:15:35,936][com.java.SeleniumDriver] [  836] - DataField : test
[INFO ][2015-11-05 14:15:35,936][com.java.SeleniumDriver] [  838] - DataValue : 20
[INFO ][2015-11-05 14:15:35,936][com.java.SeleniumDriver] [  844] - <In Set values of the page>
[INFO ][2015-11-05 14:15:35,936][com.java.SeleniumDriver] [  847] - {Data Fields & Data Values Exist}
[INFO ][2015-11-05 14:15:35,936][com.java.SeleniumDriver] [  849] - --------------------------setting values-----------------------------
[INFO ][2015-11-05 14:15:35,936][com.java.SeleniumDriver] [  852] - Action Type : WaitTime
[DEBUG][2015-11-05 14:15:35,936][com.java.TestType] [ 3697] - sleepTime: 20000
[INFO ][2015-11-05 14:15:55,937][com.java.SeleniumDriver] [  861] -  RESULT true
[INFO ][2015-11-05 14:15:55,937][com.java.SeleniumDriver] [ 1066] - ?   P A S S   ?
[INFO ][2015-11-05 14:15:55,937][com.java.SeleniumDriver] [  788] - ------------------------------------------
[INFO ][2015-11-05 14:15:55,937][com.java.SeleniumDriver] [  789] - Test case being Executed: 11
[INFO ][2015-11-05 14:15:55,937][com.java.SeleniumDriver] [  800] - Test step:45
[INFO ][2015-11-05 14:15:55,937][com.java.SeleniumDriver] [  812] - Datavalue is----------null
[DEBUG][2015-11-05 14:15:55,937][com.java.SeleniumDriver] [  830] - Exception: null
[INFO ][2015-11-05 14:15:55,937][com.java.SeleniumDriver] [  836] - DataField : //span[@class='icon-cog2']&&User Settings
[INFO ][2015-11-05 14:15:55,937][com.java.SeleniumDriver] [  838] - DataValue : 
[INFO ][2015-11-05 14:15:55,937][com.java.SeleniumDriver] [  844] - <In Set values of the page>
[INFO ][2015-11-05 14:15:55,937][com.java.SeleniumDriver] [  847] - {Data Fields & Data Values Exist}
[INFO ][2015-11-05 14:15:55,937][com.java.SeleniumDriver] [  849] - --------------------------setting values-----------------------------
[INFO ][2015-11-05 14:15:55,937][com.java.SeleniumDriver] [  852] - Action Type : MouseOver
[INFO ][2015-11-05 14:16:08,103][com.java.SeleniumDriver] [  861] -  RESULT true
[INFO ][2015-11-05 14:16:08,103][com.java.SeleniumDriver] [ 1066] - ?   P A S S   ?
[INFO ][2015-11-05 14:16:08,103][com.java.SeleniumDriver] [  788] - ------------------------------------------
[INFO ][2015-11-05 14:16:08,103][com.java.SeleniumDriver] [  789] - Test case being Executed: 11
[INFO ][2015-11-05 14:16:08,103][com.java.SeleniumDriver] [  800] - Test step:46
[INFO ][2015-11-05 14:16:08,103][com.java.SeleniumDriver] [  812] - Datavalue is----------null
[DEBUG][2015-11-05 14:16:08,103][com.java.SeleniumDriver] [  830] - Exception: null
[INFO ][2015-11-05 14:16:08,103][com.java.SeleniumDriver] [  836] - DataField : BTNframeDialogContent
[INFO ][2015-11-05 14:16:08,103][com.java.SeleniumDriver] [  838] - DataValue : 
[INFO ][2015-11-05 14:16:08,103][com.java.SeleniumDriver] [  844] - <In Set values of the page>
[INFO ][2015-11-05 14:16:08,103][com.java.SeleniumDriver] [  847] - {Data Fields & Data Values Exist}
[INFO ][2015-11-05 14:16:08,103][com.java.SeleniumDriver] [  849] - --------------------------setting values-----------------------------
[INFO ][2015-11-05 14:16:08,103][com.java.SeleniumDriver] [  852] - Action Type : WaitForElement
[INFO ][2015-11-05 14:16:09,304][com.java.SeleniumDriver] [  861] -  RESULT true
[INFO ][2015-11-05 14:16:09,304][com.java.SeleniumDriver] [ 1066] - ?   P A S S   ?
[INFO ][2015-11-05 14:16:09,304][com.java.SeleniumDriver] [  788] - ------------------------------------------
[INFO ][2015-11-05 14:16:09,304][com.java.SeleniumDriver] [  789] - Test case being Executed: 11
[INFO ][2015-11-05 14:16:09,304][com.java.SeleniumDriver] [  800] - Test step:47
[INFO ][2015-11-05 14:16:09,304][com.java.SeleniumDriver] [  812] - Datavalue is----------frameDialogContent
[INFO ][2015-11-05 14:16:09,304][com.java.SeleniumDriver] [  836] - DataField : BTN
[INFO ][2015-11-05 14:16:09,304][com.java.SeleniumDriver] [  838] - DataValue : frameDialogContent
[INFO ][2015-11-05 14:16:09,304][com.java.SeleniumDriver] [  844] - <In Set values of the page>
[INFO ][2015-11-05 14:16:09,304][com.java.SeleniumDriver] [  847] - {Data Fields & Data Values Exist}
[INFO ][2015-11-05 14:16:09,304][com.java.SeleniumDriver] [  849] - --------------------------setting values-----------------------------
[INFO ][2015-11-05 14:16:09,304][com.java.SeleniumDriver] [  852] - Action Type : SELECTFRAMEBYNAME
[INFO ][2015-11-05 14:16:09,304][com.java.TestType] [ 3798] - value = frameDialogContent
[INFO ][2015-11-05 14:16:09,385][com.java.SeleniumDriver] [  861] -  RESULT true
[INFO ][2015-11-05 14:16:09,385][com.java.SeleniumDriver] [ 1066] - ?   P A S S   ?
[INFO ][2015-11-05 14:16:09,385][com.java.SeleniumDriver] [  788] - ------------------------------------------
[INFO ][2015-11-05 14:16:09,385][com.java.SeleniumDriver] [  789] - Test case being Executed: 11
[INFO ][2015-11-05 14:16:09,385][com.java.SeleniumDriver] [  800] - Test step:48
[INFO ][2015-11-05 14:16:09,385][com.java.SeleniumDriver] [  812] - Datavalue is----------No
[INFO ][2015-11-05 14:16:09,385][com.java.SeleniumDriver] [  836] - DataField : SLBddlOpenBDInNewWindow
[INFO ][2015-11-05 14:16:09,385][com.java.SeleniumDriver] [  838] - DataValue : No
[INFO ][2015-11-05 14:16:09,385][com.java.SeleniumDriver] [  844] - <In Set values of the page>
[INFO ][2015-11-05 14:16:09,385][com.java.SeleniumDriver] [  847] - {Data Fields & Data Values Exist}
[INFO ][2015-11-05 14:16:09,385][com.java.SeleniumDriver] [  849] - --------------------------setting values-----------------------------
[INFO ][2015-11-05 14:16:09,385][com.java.SeleniumDriver] [  852] - Action Type : Select
[INFO ][2015-11-05 14:16:09,385][com.java.TestType] [ 3798] - value = No
[INFO ][2015-11-05 14:16:11,662][com.java.SeleniumDriver] [  861] -  RESULT true
[INFO ][2015-11-05 14:16:11,662][com.java.SeleniumDriver] [ 1066] - ?   P A S S   ?
[INFO ][2015-11-05 14:16:11,662][com.java.SeleniumDriver] [  788] - ------------------------------------------
[INFO ][2015-11-05 14:16:11,662][com.java.SeleniumDriver] [  789] - Test case being Executed: 11
[INFO ][2015-11-05 14:16:11,662][com.java.SeleniumDriver] [  800] - Test step:49
[INFO ][2015-11-05 14:16:11,662][com.java.SeleniumDriver] [  812] - Datavalue is----------null
[DEBUG][2015-11-05 14:16:11,662][com.java.SeleniumDriver] [  830] - Exception: null
[INFO ][2015-11-05 14:16:11,662][com.java.SeleniumDriver] [  836] - DataField : BTNparent
[INFO ][2015-11-05 14:16:11,662][com.java.SeleniumDriver] [  838] - DataValue : 
[INFO ][2015-11-05 14:16:11,662][com.java.SeleniumDriver] [  844] - <In Set values of the page>
[INFO ][2015-11-05 14:16:11,662][com.java.SeleniumDriver] [  847] - {Data Fields & Data Values Exist}
[INFO ][2015-11-05 14:16:11,662][com.java.SeleniumDriver] [  849] - --------------------------setting values-----------------------------
[INFO ][2015-11-05 14:16:11,662][com.java.SeleniumDriver] [  852] - Action Type : SELECTFRAME
[INFO ][2015-11-05 14:16:11,682][com.java.SeleniumDriver] [  861] -  RESULT true
[INFO ][2015-11-05 14:16:11,682][com.java.SeleniumDriver] [ 1066] - ?   P A S S   ?
[INFO ][2015-11-05 14:16:11,682][com.java.SeleniumDriver] [  788] - ------------------------------------------
[INFO ][2015-11-05 14:16:11,682][com.java.SeleniumDriver] [  789] - Test case being Executed: 11
[INFO ][2015-11-05 14:16:11,682][com.java.SeleniumDriver] [  800] - Test step:50
[INFO ][2015-11-05 14:16:11,682][com.java.SeleniumDriver] [  812] - Datavalue is----------null
[DEBUG][2015-11-05 14:16:11,682][com.java.SeleniumDriver] [  830] - Exception: null
[INFO ][2015-11-05 14:16:11,682][com.java.SeleniumDriver] [  836] - DataField : BTN//span[text()='Finished']
[INFO ][2015-11-05 14:16:11,682][com.java.SeleniumDriver] [  838] - DataValue : 
[INFO ][2015-11-05 14:16:11,682][com.java.SeleniumDriver] [  844] - <In Set values of the page>
[INFO ][2015-11-05 14:16:11,682][com.java.SeleniumDriver] [  847] - {Data Fields & Data Values Exist}
[INFO ][2015-11-05 14:16:11,682][com.java.SeleniumDriver] [  849] - --------------------------setting values-----------------------------
[INFO ][2015-11-05 14:16:11,682][com.java.SeleniumDriver] [  852] - Action Type : Click
[INFO ][2015-11-05 14:16:11,682][com.java.TestType] [ 4111] - Field ::BTN//span[text()='Finished']
[INFO ][2015-11-05 14:16:12,682][com.java.TestType] [ 4149] - BEFORE CLICK
[INFO ][2015-11-05 14:16:12,933][com.java.TestType] [ 4156] - Unable to click the object Finished button
[INFO ][2015-11-05 14:16:12,933][com.java.SeleniumDriver] [  861] -  RESULT true
[INFO ][2015-11-05 14:16:12,933][com.java.SeleniumDriver] [ 1066] - ?   P A S S   ?
[INFO ][2015-11-05 14:16:12,933][com.java.SeleniumDriver] [  788] - ------------------------------------------
[INFO ][2015-11-05 14:16:12,933][com.java.SeleniumDriver] [  789] - Test case being Executed: 11
[INFO ][2015-11-05 14:16:12,933][com.java.SeleniumDriver] [  800] - Test step:51
[INFO ][2015-11-05 14:16:12,933][com.java.SeleniumDriver] [  812] - Datavalue is----------Logout
[INFO ][2015-11-05 14:16:12,933][com.java.SeleniumDriver] [  836] - DataField : LNK
[INFO ][2015-11-05 14:16:12,933][com.java.SeleniumDriver] [  838] - DataValue : Logout
[INFO ][2015-11-05 14:16:12,933][com.java.SeleniumDriver] [  844] - <In Set values of the page>
[INFO ][2015-11-05 14:16:12,933][com.java.SeleniumDriver] [  847] - {Data Fields & Data Values Exist}
[INFO ][2015-11-05 14:16:12,933][com.java.SeleniumDriver] [  849] - --------------------------setting values-----------------------------
[INFO ][2015-11-05 14:16:12,933][com.java.SeleniumDriver] [  852] - Action Type : Verify
[INFO ][2015-11-05 14:16:12,933][com.java.TestType] [ 4924] - field= LNK value= Logout
[INFO ][2015-11-05 14:16:12,933][com.java.TestType] [ 3798] - value = Logout
[INFO ][2015-11-05 14:16:13,023][com.java.SeleniumDriver] [  861] -  RESULT true
[INFO ][2015-11-05 14:16:13,023][com.java.SeleniumDriver] [ 1066] - ?   P A S S   ?
[INFO ][2015-11-05 14:16:13,023][com.java.SeleniumDriver] [  788] - ------------------------------------------
[INFO ][2015-11-05 14:16:13,023][com.java.SeleniumDriver] [  789] - Test case being Executed: 11
[INFO ][2015-11-05 14:16:13,023][com.java.SeleniumDriver] [  800] - Test step:52
[INFO ][2015-11-05 14:16:13,023][com.java.SeleniumDriver] [  812] - Datavalue is----------//img[contains(@src,'bdlogo.jpg')]
[INFO ][2015-11-05 14:16:13,023][com.java.SeleniumDriver] [  836] - DataField : BTN
[INFO ][2015-11-05 14:16:13,023][com.java.SeleniumDriver] [  838] - DataValue : //img[contains(@src,'bdlogo.jpg')]
[INFO ][2015-11-05 14:16:13,023][com.java.SeleniumDriver] [  844] - <In Set values of the page>
[INFO ][2015-11-05 14:16:13,023][com.java.SeleniumDriver] [  847] - {Data Fields & Data Values Exist}
[INFO ][2015-11-05 14:16:13,023][com.java.SeleniumDriver] [  849] - --------------------------setting values-----------------------------
[INFO ][2015-11-05 14:16:13,023][com.java.SeleniumDriver] [  852] - Action Type : Verify
[INFO ][2015-11-05 14:16:13,023][com.java.TestType] [ 4924] - field= BTN value= //img[contains(@src,'bdlogo.jpg')]
[INFO ][2015-11-05 14:16:13,023][com.java.TestType] [ 3798] - value = //img[contains(@src,'bdlogo.jpg')]
[INFO ][2015-11-05 14:16:13,073][com.java.SeleniumDriver] [  861] -  RESULT true
[INFO ][2015-11-05 14:16:13,073][com.java.SeleniumDriver] [ 1066] - ?   P A S S   ?
[INFO ][2015-11-05 14:16:13,073][com.java.SeleniumDriver] [  788] - ------------------------------------------
[INFO ][2015-11-05 14:16:13,073][com.java.SeleniumDriver] [  789] - Test case being Executed: 11
[INFO ][2015-11-05 14:16:13,073][com.java.SeleniumDriver] [  800] - Test step:53
[INFO ][2015-11-05 14:16:13,073][com.java.SeleniumDriver] [  812] - Datavalue is----------Concept#3:1-2
[INFO ][2015-11-05 14:16:13,073][com.java.SeleniumDriver] [  836] - DataField : test
[INFO ][2015-11-05 14:16:13,073][com.java.SeleniumDriver] [  838] - DataValue : Concept#3:1-2
[INFO ][2015-11-05 14:16:13,073][com.java.SeleniumDriver] [  844] - <In Set values of the page>
[INFO ][2015-11-05 14:16:13,073][com.java.SeleniumDriver] [  847] - {Data Fields & Data Values Exist}
[INFO ][2015-11-05 14:16:13,073][com.java.SeleniumDriver] [  849] - --------------------------setting values-----------------------------
[INFO ][2015-11-05 14:16:13,073][com.java.SeleniumDriver] [  852] - Action Type : ExecuteTestCase
[INFO ][2015-11-05 14:16:13,073][com.java.TestType] [  411] - The Concept sheet name is ---------- Concept
[INFO ][2015-11-05 14:16:13,073][com.java.TestType] [  414] - The Concept ID  is ---------- 3
[DEBUG][2015-11-05 14:16:13,073][com.java.TestType] [  418] - Steps being executted in the Concept are: 1:2
[INFO ][2015-11-05 14:16:13,073][com.java.TestType] [  425] - Test data details path ---------- D:\BankersDashboard\TestInputs\TestData.xls
[INFO ][2015-11-05 14:16:13,103][com.java.TestType] [  456] -  str(1) = 3
[INFO ][2015-11-05 14:16:13,103][com.java.TestType] [  459] - Test case Id is---3
[INFO ][2015-11-05 14:16:13,103][com.java.TestType] [  461] - 3
[INFO ][2015-11-05 14:16:13,103][com.java.TestType] [  456] -  str(2) = 1
[INFO ][2015-11-05 14:16:13,103][com.java.TestType] [  508] - row values are--------{1=com.java.Objects.TestDataDetails@1edd4cf}
[INFO ][2015-11-05 14:16:13,103][com.java.TestType] [  456] -  str(1) = 3
[INFO ][2015-11-05 14:16:13,103][com.java.TestType] [  459] - Test case Id is---3
[INFO ][2015-11-05 14:16:13,103][com.java.TestType] [  461] - 3
[INFO ][2015-11-05 14:16:13,103][com.java.TestType] [  456] -  str(2) = 2
[INFO ][2015-11-05 14:16:13,103][com.java.TestType] [  508] - row values are--------{1=com.java.Objects.TestDataDetails@1edd4cf, 2=com.java.Objects.TestDataDetails@18255e5}
[INFO ][2015-11-05 14:16:13,103][com.java.TestType] [ 7947] - Looping 1TCID = 3
[DEBUG][2015-11-05 14:16:13,103][com.java.TestType] [ 7988] - Concept ID:3 :: Step being Executed: 3::1
[INFO ][2015-11-05 14:16:13,103][com.java.TestType] [ 8026] - dataFields : test
[DEBUG][2015-11-05 14:16:13,103][com.java.TestType] [ 8032] - <In Set values of the page>
[DEBUG][2015-11-05 14:16:13,103][com.java.TestType] [ 8037] - {Data Fields & Data Values Exist}
[INFO ][2015-11-05 14:16:13,113][com.java.TestType] [ 8043] - --------------------------setting values-----------------------------
[INFO ][2015-11-05 14:16:13,113][com.java.TestType] [ 8046] - Action Type : Logout
