[INFO ][2016-02-09 19:08:48,886][com.java.SeleniumDriver] [  213] - Execute Failed Casesfalse
[INFO ][2016-02-09 19:08:48,887][com.java.SeleniumDriver] [  214] - Browser: IE10
[INFO ][2016-02-09 19:08:48,887][com.java.SeleniumDriver] [  215] - [1, 8]
[INFO ][2016-02-09 19:08:48,887][com.java.SeleniumDriver] [  216] - Total TestCases:2
[INFO ][2016-02-09 19:08:48,887][com.java.SeleniumDriver] [  217] -  Reading Properties from Property File 
[DEBUG][2016-02-09 19:08:48,887][com.java.SeleniumDriver] [  238] - url : https://clients-xuat.bankersdashboard.com
[INFO ][2016-02-09 19:08:48,888][com.java.ImportnExport.ExportTestResultsExcel] [  116] - Time Stamp Tue Feb 09 07:08:48 IST 2016
[INFO ][2016-02-09 19:08:48,889][com.java.ImportnExport.ExportTestResultsExcel] [  175] - OUT FILE : D:\BankersDashboard/TestReports/Test Results_BankersDashBoard_020916_190848_IE10_United Bank.xls
[INFO ][2016-02-09 19:08:48,944][com.java.ImportnExport.ExportTestResultsExcel] [  180] - Test Result file is created
[DEBUG][2016-02-09 19:08:49,033][com.java.SeleniumDriver] [  426] - Hub ip address is-------172.17.68.34
[INFO ][2016-02-09 19:08:49,034][com.java.SeleniumDriver] [  452] - Grid URL:http://172.17.68.34:4444/wd/hub
[INFO ][2016-02-09 19:08:49,034][com.java.SeleniumDriver] [  453] - Capability:Capabilities [{platform=ANY, ensureCleanSession=true, ignoreProtectedModeSettings=true, acceptSslCerts=true, ignoreZoomSetting=true, browserName=internet explorer, browserstack.ie.noFlash=true, version=null}]
[ERROR][2016-02-09 19:08:50,373][com.java.SeleniumDriver] [  498] - Unable invoke browser in grid:Could not start a new session. Possible causes are invalid address of the remote server or browser start-up failure.
Build info: version: '2.48.2', revision: '41bccdd', time: '2015-10-09 19:59:12'
System info: host: 'FVTIII438F1D', ip: '172.17.68.34', os.name: 'Windows 7', os.arch: 'x86', os.version: '6.1', java.version: '1.7.0_55'
Driver info: driver.version: SeleniumDriver
[INFO ][2016-02-09 19:08:50,374][com.java.SeleniumDriver] [  500] - Executing on local machine
[INFO ][2016-02-09 19:09:00,896][com.java.SeleniumDriver] [  248] - IE10is opened
[INFO ][2016-02-09 19:09:01,740][com.java.SeleniumDriver] [  756] - Test cases to be executed are: [1, 8]
[INFO ][2016-02-09 19:09:01,766][com.java.ImportnExport.ImportTestDataDetailsExcel] [   49] - test data details path===== D:\BankersDashboard\TestInputs\TestData.xls
[INFO ][2016-02-09 19:09:01,843][com.java.SeleniumDriver] [  856] - ------------------------------------------
[INFO ][2016-02-09 19:09:01,843][com.java.SeleniumDriver] [  857] - Test case being Executed: 1
[INFO ][2016-02-09 19:09:01,843][com.java.SeleniumDriver] [  869] - Test step:1
[INFO ][2016-02-09 19:09:01,845][com.java.SeleniumDriver] [  881] - Datavalue is----------Concept#1:1-16
[INFO ][2016-02-09 19:09:01,845][com.java.SeleniumDriver] [  905] - DataField : test
[INFO ][2016-02-09 19:09:01,846][com.java.SeleniumDriver] [  907] - DataValue : Concept#1:1-16
[INFO ][2016-02-09 19:09:01,846][com.java.SeleniumDriver] [  913] - <In Set values of the page>
[INFO ][2016-02-09 19:09:01,846][com.java.SeleniumDriver] [  916] - {Data Fields & Data Values Exist}
[INFO ][2016-02-09 19:09:01,846][com.java.SeleniumDriver] [  918] - --------------------------setting values-----------------------------
[INFO ][2016-02-09 19:09:01,846][com.java.SeleniumDriver] [  921] - Action Type : ExecuteTestCase
[INFO ][2016-02-09 19:09:01,864][com.java.TestType] [  448] - The Concept sheet name is ---------- Concept
[INFO ][2016-02-09 19:09:01,864][com.java.TestType] [  451] - The Concept ID  is ---------- 1
[DEBUG][2016-02-09 19:09:01,865][com.java.TestType] [  455] - Steps being executted in the Concept are: 1:16
[INFO ][2016-02-09 19:09:01,865][com.java.TestType] [  462] - Test data details path ---------- D:\BankersDashboard\TestInputs\TestData.xls
[INFO ][2016-02-09 19:09:01,887][com.java.TestType] [  493] -  str(1) = 1
[INFO ][2016-02-09 19:09:01,887][com.java.TestType] [  496] - Test case Id is---1
[INFO ][2016-02-09 19:09:01,887][com.java.TestType] [  498] - 1
[INFO ][2016-02-09 19:09:01,888][com.java.TestType] [  493] -  str(2) = 1
[INFO ][2016-02-09 19:09:01,890][com.java.TestType] [  493] -  str(1) = 1
[INFO ][2016-02-09 19:09:01,890][com.java.TestType] [  496] - Test case Id is---1
[INFO ][2016-02-09 19:09:01,890][com.java.TestType] [  498] - 1
[INFO ][2016-02-09 19:09:01,890][com.java.TestType] [  493] -  str(2) = 2
[INFO ][2016-02-09 19:09:01,891][com.java.TestType] [  493] -  str(1) = 1
[INFO ][2016-02-09 19:09:01,892][com.java.TestType] [  496] - Test case Id is---1
[INFO ][2016-02-09 19:09:01,892][com.java.TestType] [  498] - 1
[INFO ][2016-02-09 19:09:01,892][com.java.TestType] [  493] -  str(2) = 3
[INFO ][2016-02-09 19:09:01,893][com.java.TestType] [  493] -  str(1) = 1
[INFO ][2016-02-09 19:09:01,893][com.java.TestType] [  496] - Test case Id is---1
[INFO ][2016-02-09 19:09:01,893][com.java.TestType] [  498] - 1
[INFO ][2016-02-09 19:09:01,893][com.java.TestType] [  493] -  str(2) = 4
[INFO ][2016-02-09 19:09:01,895][com.java.TestType] [  493] -  str(1) = 1
[INFO ][2016-02-09 19:09:01,895][com.java.TestType] [  496] - Test case Id is---1
[INFO ][2016-02-09 19:09:01,895][com.java.TestType] [  498] - 1
[INFO ][2016-02-09 19:09:01,895][com.java.TestType] [  493] -  str(2) = 5
[INFO ][2016-02-09 19:09:01,898][com.java.TestType] [  493] -  str(1) = 1
[INFO ][2016-02-09 19:09:01,898][com.java.TestType] [  496] - Test case Id is---1
[INFO ][2016-02-09 19:09:01,898][com.java.TestType] [  498] - 1
[INFO ][2016-02-09 19:09:01,898][com.java.TestType] [  493] -  str(2) = 6
[INFO ][2016-02-09 19:09:01,900][com.java.TestType] [  493] -  str(1) = 1
[INFO ][2016-02-09 19:09:01,900][com.java.TestType] [  496] - Test case Id is---1
[INFO ][2016-02-09 19:09:01,900][com.java.TestType] [  498] - 1
[INFO ][2016-02-09 19:09:01,900][com.java.TestType] [  493] -  str(2) = 7
[INFO ][2016-02-09 19:09:01,901][com.java.TestType] [  493] -  str(1) = 1
[INFO ][2016-02-09 19:09:01,901][com.java.TestType] [  496] - Test case Id is---1
[INFO ][2016-02-09 19:09:01,901][com.java.TestType] [  498] - 1
[INFO ][2016-02-09 19:09:01,901][com.java.TestType] [  493] -  str(2) = 8
[INFO ][2016-02-09 19:09:01,902][com.java.TestType] [  493] -  str(1) = 1
[INFO ][2016-02-09 19:09:01,902][com.java.TestType] [  496] - Test case Id is---1
[INFO ][2016-02-09 19:09:01,902][com.java.TestType] [  498] - 1
[INFO ][2016-02-09 19:09:01,902][com.java.TestType] [  493] -  str(2) = 9
[INFO ][2016-02-09 19:09:01,903][com.java.TestType] [  493] -  str(1) = 1
[INFO ][2016-02-09 19:09:01,903][com.java.TestType] [  496] - Test case Id is---1
[INFO ][2016-02-09 19:09:01,903][com.java.TestType] [  498] - 1
[INFO ][2016-02-09 19:09:01,903][com.java.TestType] [  493] -  str(2) = 10
[INFO ][2016-02-09 19:09:01,904][com.java.TestType] [  493] -  str(1) = 1
[INFO ][2016-02-09 19:09:01,904][com.java.TestType] [  496] - Test case Id is---1
[INFO ][2016-02-09 19:09:01,904][com.java.TestType] [  498] - 1
[INFO ][2016-02-09 19:09:01,904][com.java.TestType] [  493] -  str(2) = 11
[INFO ][2016-02-09 19:09:01,905][com.java.TestType] [  493] -  str(1) = 1
[INFO ][2016-02-09 19:09:01,905][com.java.TestType] [  496] - Test case Id is---1
[INFO ][2016-02-09 19:09:01,905][com.java.TestType] [  498] - 1
[INFO ][2016-02-09 19:09:01,905][com.java.TestType] [  493] -  str(2) = 12
[INFO ][2016-02-09 19:09:01,907][com.java.TestType] [  493] -  str(1) = 1
[INFO ][2016-02-09 19:09:01,907][com.java.TestType] [  496] - Test case Id is---1
[INFO ][2016-02-09 19:09:01,907][com.java.TestType] [  498] - 1
[INFO ][2016-02-09 19:09:01,907][com.java.TestType] [  493] -  str(2) = 13
[INFO ][2016-02-09 19:09:01,908][com.java.TestType] [  493] -  str(1) = 1
[INFO ][2016-02-09 19:09:01,908][com.java.TestType] [  496] - Test case Id is---1
[INFO ][2016-02-09 19:09:01,908][com.java.TestType] [  498] - 1
[INFO ][2016-02-09 19:09:01,908][com.java.TestType] [  493] -  str(2) = 14
[INFO ][2016-02-09 19:09:01,909][com.java.TestType] [  493] -  str(1) = 1
[INFO ][2016-02-09 19:09:01,909][com.java.TestType] [  496] - Test case Id is---1
[INFO ][2016-02-09 19:09:01,909][com.java.TestType] [  498] - 1
[INFO ][2016-02-09 19:09:01,909][com.java.TestType] [  493] -  str(2) = 15
[INFO ][2016-02-09 19:09:01,910][com.java.TestType] [  493] -  str(1) = 1
[INFO ][2016-02-09 19:09:01,910][com.java.TestType] [  496] - Test case Id is---1
[INFO ][2016-02-09 19:09:01,910][com.java.TestType] [  498] - 1
[INFO ][2016-02-09 19:09:01,910][com.java.TestType] [  493] -  str(2) = 16
[INFO ][2016-02-09 19:09:01,911][com.java.TestType] [12119] - Looping 1TCID = 1
[DEBUG][2016-02-09 19:09:01,911][com.java.TestType] [12160] - Concept ID:1 :: Step being Executed: 1::1
[INFO ][2016-02-09 19:09:01,911][com.java.TestType] [12198] - dataFields : TXTusername
[DEBUG][2016-02-09 19:09:01,911][com.java.TestType] [12204] - <In Set values of the page>
[DEBUG][2016-02-09 19:09:01,911][com.java.TestType] [12209] - {Data Fields & Data Values Exist}
[INFO ][2016-02-09 19:09:01,911][com.java.TestType] [12215] - --------------------------setting values-----------------------------
[INFO ][2016-02-09 19:09:01,911][com.java.TestType] [12218] - Action Type : CLEARANDENTER
[INFO ][2016-02-09 19:09:04,234][com.java.TestType] [ 6747] - value = valuelabs.ie10.00058
[INFO ][2016-02-09 19:09:06,657][com.java.TestType] [12237] -  RESULT true
[INFO ][2016-02-09 19:09:06,657][com.java.TestType] [12354] - ?   P A S S   ?
[DEBUG][2016-02-09 19:09:06,657][com.java.TestType] [12160] - Concept ID:1 :: Step being Executed: 1::2
[INFO ][2016-02-09 19:09:06,658][com.java.TestType] [12198] - dataFields : TXTpassword
[DEBUG][2016-02-09 19:09:06,658][com.java.TestType] [12204] - <In Set values of the page>
[DEBUG][2016-02-09 19:09:06,658][com.java.TestType] [12209] - {Data Fields & Data Values Exist}
[INFO ][2016-02-09 19:09:06,658][com.java.TestType] [12215] - --------------------------setting values-----------------------------
[INFO ][2016-02-09 19:09:06,658][com.java.TestType] [12218] - Action Type : CLEARANDENTER
[INFO ][2016-02-09 19:09:08,954][com.java.TestType] [ 6747] - value = Password1*
[INFO ][2016-02-09 19:09:11,511][com.java.TestType] [12237] -  RESULT true
[INFO ][2016-02-09 19:09:11,511][com.java.TestType] [12354] - ?   P A S S   ?
[DEBUG][2016-02-09 19:09:11,511][com.java.TestType] [12160] - Concept ID:1 :: Step being Executed: 1::3
[ERROR][2016-02-09 19:09:11,511][com.java.TestType] [12193] - Exception: null
[INFO ][2016-02-09 19:09:11,512][com.java.TestType] [12198] - dataFields : XPH//button[@type='submit']
[DEBUG][2016-02-09 19:09:11,512][com.java.TestType] [12204] - <In Set values of the page>
[DEBUG][2016-02-09 19:09:11,512][com.java.TestType] [12209] - {Data Fields & Data Values Exist}
[INFO ][2016-02-09 19:09:11,512][com.java.TestType] [12215] - --------------------------setting values-----------------------------
[INFO ][2016-02-09 19:09:11,513][com.java.TestType] [12218] - Action Type : Click
[INFO ][2016-02-09 19:09:11,513][com.java.TestType] [ 7148] - Field ::XPH//button[@type='submit']
[INFO ][2016-02-09 19:09:11,513][com.java.TestType] [ 6747] - value = 
[INFO ][2016-02-09 19:09:12,513][com.java.TestType] [ 7325] - BEFORE CLICK
[INFO ][2016-02-09 19:09:16,020][com.java.TestType] [ 7333] - Unable to click the object Login
[INFO ][2016-02-09 19:09:16,020][com.java.TestType] [12237] -  RESULT true
[INFO ][2016-02-09 19:09:16,020][com.java.TestType] [12354] - ?   P A S S   ?
[DEBUG][2016-02-09 19:09:16,020][com.java.TestType] [12160] - Concept ID:1 :: Step being Executed: 1::4
[INFO ][2016-02-09 19:09:16,020][com.java.TestType] [12198] - dataFields : LNKLogout
[DEBUG][2016-02-09 19:09:16,020][com.java.TestType] [12204] - <In Set values of the page>
[DEBUG][2016-02-09 19:09:16,020][com.java.TestType] [12209] - {Data Fields & Data Values Exist}
[INFO ][2016-02-09 19:09:16,020][com.java.TestType] [12215] - --------------------------setting values-----------------------------
[INFO ][2016-02-09 19:09:16,020][com.java.TestType] [12218] - Action Type : WaitForElement
[INFO ][2016-02-09 19:09:16,087][com.java.TestType] [12237] -  RESULT true
[INFO ][2016-02-09 19:09:16,087][com.java.TestType] [12354] - ?   P A S S   ?
[DEBUG][2016-02-09 19:09:16,087][com.java.TestType] [12160] - Concept ID:1 :: Step being Executed: 1::15
[INFO ][2016-02-09 19:09:16,088][com.java.TestType] [12198] - dataFields : LNK
[DEBUG][2016-02-09 19:09:16,088][com.java.TestType] [12204] - <In Set values of the page>
[DEBUG][2016-02-09 19:09:16,088][com.java.TestType] [12209] - {Data Fields & Data Values Exist}
[INFO ][2016-02-09 19:09:16,088][com.java.TestType] [12215] - --------------------------setting values-----------------------------
[INFO ][2016-02-09 19:09:16,088][com.java.TestType] [12218] - Action Type : Verify
[INFO ][2016-02-09 19:09:16,088][com.java.TestType] [ 8381] - field= LNK value= Logout
[INFO ][2016-02-09 19:09:16,089][com.java.TestType] [ 6747] - value = Logout
[INFO ][2016-02-09 19:09:16,125][com.java.TestType] [12237] -  RESULT true
[INFO ][2016-02-09 19:09:16,125][com.java.TestType] [12354] - ?   P A S S   ?
[DEBUG][2016-02-09 19:09:16,125][com.java.TestType] [12160] - Concept ID:1 :: Step being Executed: 1::16
[INFO ][2016-02-09 19:09:16,125][com.java.TestType] [12198] - dataFields : BTN
[DEBUG][2016-02-09 19:09:16,126][com.java.TestType] [12204] - <In Set values of the page>
[DEBUG][2016-02-09 19:09:16,126][com.java.TestType] [12209] - {Data Fields & Data Values Exist}
[INFO ][2016-02-09 19:09:16,126][com.java.TestType] [12215] - --------------------------setting values-----------------------------
[INFO ][2016-02-09 19:09:16,126][com.java.TestType] [12218] - Action Type : Verify
[INFO ][2016-02-09 19:09:16,126][com.java.TestType] [ 8381] - field= BTN value= //img[contains(@src,'bdlogo.jpg')]
[INFO ][2016-02-09 19:09:16,126][com.java.TestType] [ 6747] - value = //img[contains(@src,'bdlogo.jpg')]
[INFO ][2016-02-09 19:09:16,197][com.java.TestType] [12237] -  RESULT true
[INFO ][2016-02-09 19:09:16,197][com.java.TestType] [12354] - ?   P A S S   ?
[INFO ][2016-02-09 19:09:16,197][com.java.TestType] [12425] - Looping End......
[INFO ][2016-02-09 19:09:16,199][com.java.SeleniumDriver] [  930] -  RESULT true
[INFO ][2016-02-09 19:09:16,199][com.java.SeleniumDriver] [ 1136] - ?   P A S S   ?
[INFO ][2016-02-09 19:09:16,199][com.java.SeleniumDriver] [  856] - ------------------------------------------
[INFO ][2016-02-09 19:09:16,199][com.java.SeleniumDriver] [  857] - Test case being Executed: 1
[INFO ][2016-02-09 19:09:16,199][com.java.SeleniumDriver] [  869] - Test step:2
[INFO ][2016-02-09 19:09:16,199][com.java.SeleniumDriver] [  881] - Datavalue is----------Concept#2:1-2
[INFO ][2016-02-09 19:09:16,199][com.java.SeleniumDriver] [  905] - DataField : test
[INFO ][2016-02-09 19:09:16,199][com.java.SeleniumDriver] [  907] - DataValue : Concept#2:1-2
[INFO ][2016-02-09 19:09:16,199][com.java.SeleniumDriver] [  913] - <In Set values of the page>
[INFO ][2016-02-09 19:09:16,199][com.java.SeleniumDriver] [  916] - {Data Fields & Data Values Exist}
[INFO ][2016-02-09 19:09:16,199][com.java.SeleniumDriver] [  918] - --------------------------setting values-----------------------------
[INFO ][2016-02-09 19:09:16,199][com.java.SeleniumDriver] [  921] - Action Type : ExecuteTestCase
[INFO ][2016-02-09 19:09:16,200][com.java.TestType] [  448] - The Concept sheet name is ---------- Concept
[INFO ][2016-02-09 19:09:16,200][com.java.TestType] [  451] - The Concept ID  is ---------- 2
[DEBUG][2016-02-09 19:09:16,200][com.java.TestType] [  455] - Steps being executted in the Concept are: 1:2
[INFO ][2016-02-09 19:09:16,200][com.java.TestType] [  462] - Test data details path ---------- D:\BankersDashboard\TestInputs\TestData.xls
[INFO ][2016-02-09 19:09:16,217][com.java.TestType] [  493] -  str(1) = 2
[INFO ][2016-02-09 19:09:16,217][com.java.TestType] [  496] - Test case Id is---2
[INFO ][2016-02-09 19:09:16,217][com.java.TestType] [  498] - 2
[INFO ][2016-02-09 19:09:16,218][com.java.TestType] [  493] -  str(2) = 1
[INFO ][2016-02-09 19:09:16,219][com.java.TestType] [  493] -  str(1) = 2
[INFO ][2016-02-09 19:09:16,220][com.java.TestType] [  496] - Test case Id is---2
[INFO ][2016-02-09 19:09:16,220][com.java.TestType] [  498] - 2
[INFO ][2016-02-09 19:09:16,220][com.java.TestType] [  493] -  str(2) = 2
[INFO ][2016-02-09 19:09:16,221][com.java.TestType] [  493] -  str(1) = 2
[INFO ][2016-02-09 19:09:16,221][com.java.TestType] [  496] - Test case Id is---2
[INFO ][2016-02-09 19:09:16,221][com.java.TestType] [  498] - 2
[INFO ][2016-02-09 19:09:16,221][com.java.TestType] [  493] -  str(2) = 3
[INFO ][2016-02-09 19:09:16,222][com.java.TestType] [12119] - Looping 1TCID = 2
[DEBUG][2016-02-09 19:09:16,222][com.java.TestType] [12160] - Concept ID:2 :: Step being Executed: 2::1
[INFO ][2016-02-09 19:09:16,222][com.java.TestType] [12198] - dataFields : BNK//select[@id='bank']
[DEBUG][2016-02-09 19:09:16,222][com.java.TestType] [12204] - <In Set values of the page>
[DEBUG][2016-02-09 19:09:16,222][com.java.TestType] [12209] - {Data Fields & Data Values Exist}
[INFO ][2016-02-09 19:09:16,222][com.java.TestType] [12215] - --------------------------setting values-----------------------------
[INFO ][2016-02-09 19:09:16,222][com.java.TestType] [12218] - Action Type : Select
[INFO ][2016-02-09 19:09:16,222][com.java.TestType] [ 6747] - value = PFC
[INFO ][2016-02-09 19:09:16,490][com.java.TestType] [12237] -  RESULT true
[INFO ][2016-02-09 19:09:16,490][com.java.TestType] [12354] - ?   P A S S   ?
[DEBUG][2016-02-09 19:09:16,490][com.java.TestType] [12160] - Concept ID:2 :: Step being Executed: 2::2
[INFO ][2016-02-09 19:09:16,490][com.java.TestType] [12198] - dataFields : LNKLogout
[DEBUG][2016-02-09 19:09:16,490][com.java.TestType] [12204] - <In Set values of the page>
[DEBUG][2016-02-09 19:09:16,491][com.java.TestType] [12209] - {Data Fields & Data Values Exist}
[INFO ][2016-02-09 19:09:16,491][com.java.TestType] [12215] - --------------------------setting values-----------------------------
[INFO ][2016-02-09 19:09:16,491][com.java.TestType] [12218] - Action Type : WaitTime
[DEBUG][2016-02-09 19:09:16,491][com.java.TestType] [ 6561] - sleepTime: 5000
[INFO ][2016-02-09 19:09:21,492][com.java.TestType] [12237] -  RESULT true
[INFO ][2016-02-09 19:09:21,492][com.java.TestType] [12354] - ?   P A S S   ?
[INFO ][2016-02-09 19:09:21,492][com.java.TestType] [12425] - Looping End......
[INFO ][2016-02-09 19:09:21,494][com.java.SeleniumDriver] [  930] -  RESULT true
[INFO ][2016-02-09 19:09:21,494][com.java.SeleniumDriver] [ 1136] - ?   P A S S   ?
[INFO ][2016-02-09 19:09:21,494][com.java.SeleniumDriver] [  856] - ------------------------------------------
[INFO ][2016-02-09 19:09:21,494][com.java.SeleniumDriver] [  857] - Test case being Executed: 1
[INFO ][2016-02-09 19:09:21,494][com.java.SeleniumDriver] [  869] - Test step:3
[INFO ][2016-02-09 19:09:21,494][com.java.SeleniumDriver] [  881] - Datavalue is----------2
[INFO ][2016-02-09 19:09:21,494][com.java.SeleniumDriver] [  905] - DataField : XPH//button[contains(text(),'Add Content')]
[INFO ][2016-02-09 19:09:21,494][com.java.SeleniumDriver] [  907] - DataValue : 2
[INFO ][2016-02-09 19:09:21,494][com.java.SeleniumDriver] [  913] - <In Set values of the page>
[INFO ][2016-02-09 19:09:21,495][com.java.SeleniumDriver] [  916] - {Data Fields & Data Values Exist}
[INFO ][2016-02-09 19:09:21,495][com.java.SeleniumDriver] [  918] - --------------------------setting values-----------------------------
[INFO ][2016-02-09 19:09:21,495][com.java.SeleniumDriver] [  921] - Action Type : WAITFORELEMENT
[INFO ][2016-02-09 19:09:21,532][com.java.SeleniumDriver] [  930] -  RESULT true
[INFO ][2016-02-09 19:09:21,532][com.java.SeleniumDriver] [ 1136] - ?   P A S S   ?
[DEBUG][2016-02-09 19:09:21,532][com.java.SeleniumDriver] [ 1248] - Case found
[DEBUG][2016-02-09 19:09:21,532][com.java.SeleniumDriver] [ 1253] - Incrementing ReportCounters[0]:1
[INFO ][2016-02-09 19:09:21,533][com.java.SeleniumDriver] [ 1272] - The results are-------------------[1, 1, Valid Login, Pass, , Tue Feb 09 19:09:16 IST 2016, 1, 2, Valid Login, Pass, , Tue Feb 09 19:09:21 IST 2016, 1, 3, Valid Login, Pass, , Tue Feb 09 19:09:21 IST 2016]
[INFO ][2016-02-09 19:09:21,533][com.java.SeleniumDriver] [ 1276] - End time is-------34 sec
[INFO ][2016-02-09 19:09:21,533][com.java.SeleniumDriver] [ 1277] - The results are-------------------[1, 1, Valid Login, Pass, , Tue Feb 09 19:09:16 IST 2016, 1, 2, Valid Login, Pass, , Tue Feb 09 19:09:21 IST 2016, 1, 3, Valid Login, Pass, , Tue Feb 09 19:09:21 IST 2016]
[DEBUG][2016-02-09 19:09:21,533][com.java.ImportnExport.ExportTestResultsExcel] [  222] - testResultPath = D:\BankersDashboard/TestReports/Test Results_BankersDashBoard_020916_190848_IE10_United Bank.xls
[DEBUG][2016-02-09 19:09:21,533][com.java.ImportnExport.ExportTestResultsExcel] [  223] - browser is------------IE10
[DEBUG][2016-02-09 19:09:21,578][com.java.ImportnExport.ExportTestResultsExcel] [  270] - result.size() = 18
[DEBUG][2016-02-09 19:09:21,578][com.java.ImportnExport.ExportTestResultsExcel] [  274] - No of rows in sheet=1
[DEBUG][2016-02-09 19:09:21,578][com.java.ImportnExport.ExportTestResultsExcel] [  301] - ..in export..1
[DEBUG][2016-02-09 19:09:21,578][com.java.ImportnExport.ExportTestResultsExcel] [  301] - ..in export..Valid Login
[DEBUG][2016-02-09 19:09:21,578][com.java.ImportnExport.ExportTestResultsExcel] [  301] - ..in export..Pass
[DEBUG][2016-02-09 19:09:21,578][com.java.ImportnExport.ExportTestResultsExcel] [  301] - ..in export..
[DEBUG][2016-02-09 19:09:21,578][com.java.ImportnExport.ExportTestResultsExcel] [  301] - ..in export..Tue Feb 09 19:09:16 IST 2016
[INFO ][2016-02-09 19:09:21,580][com.java.SeleniumDriver] [ 1337] - out loop:0 size:2 TestCases:[1, 8] testcases:[1, 8]
[INFO ][2016-02-09 19:09:21,580][com.java.ImportnExport.ImportTestDataDetailsExcel] [   49] - test data details path===== D:\BankersDashboard\TestInputs\TestData.xls
[INFO ][2016-02-09 19:09:38,988][com.java.SeleniumDriver] [  856] - ------------------------------------------
[INFO ][2016-02-09 19:09:38,988][com.java.SeleniumDriver] [  857] - Test case being Executed: 8
[INFO ][2016-02-09 19:09:38,988][com.java.SeleniumDriver] [  869] - Test step:1
[INFO ][2016-02-09 19:09:38,988][com.java.SeleniumDriver] [  881] - Datavalue is----------Logout
[INFO ][2016-02-09 19:09:38,988][com.java.SeleniumDriver] [  905] - DataField : BTN
[INFO ][2016-02-09 19:09:38,988][com.java.SeleniumDriver] [  907] - DataValue : Logout
[INFO ][2016-02-09 19:09:38,988][com.java.SeleniumDriver] [  913] - <In Set values of the page>
[INFO ][2016-02-09 19:09:38,988][com.java.SeleniumDriver] [  916] - {Data Fields & Data Values Exist}
[INFO ][2016-02-09 19:09:38,988][com.java.SeleniumDriver] [  918] - --------------------------setting values-----------------------------
[INFO ][2016-02-09 19:09:38,988][com.java.SeleniumDriver] [  921] - Action Type : Verify
[INFO ][2016-02-09 19:09:38,988][com.java.TestType] [ 8381] - field= BTN value= Logout
[INFO ][2016-02-09 19:09:38,989][com.java.TestType] [ 6747] - value = Logout
[INFO ][2016-02-09 19:09:39,062][com.java.SeleniumDriver] [  930] -  RESULT true
[INFO ][2016-02-09 19:09:39,062][com.java.SeleniumDriver] [ 1136] - ?   P A S S   ?
[INFO ][2016-02-09 19:09:39,062][com.java.SeleniumDriver] [ 1178] - step change to 3
[INFO ][2016-02-09 19:09:39,062][com.java.SeleniumDriver] [  856] - ------------------------------------------
[INFO ][2016-02-09 19:09:39,062][com.java.SeleniumDriver] [  857] - Test case being Executed: 8
[INFO ][2016-02-09 19:09:39,062][com.java.SeleniumDriver] [  869] - Test step:3
[INFO ][2016-02-09 19:09:39,062][com.java.SeleniumDriver] [  881] - Datavalue is----------Concept#2:1-3
[INFO ][2016-02-09 19:09:39,062][com.java.SeleniumDriver] [  905] - DataField : test
[INFO ][2016-02-09 19:09:39,062][com.java.SeleniumDriver] [  907] - DataValue : Concept#2:1-3
[INFO ][2016-02-09 19:09:39,063][com.java.SeleniumDriver] [  913] - <In Set values of the page>
[INFO ][2016-02-09 19:09:39,063][com.java.SeleniumDriver] [  916] - {Data Fields & Data Values Exist}
[INFO ][2016-02-09 19:09:39,063][com.java.SeleniumDriver] [  918] - --------------------------setting values-----------------------------
[INFO ][2016-02-09 19:09:39,063][com.java.SeleniumDriver] [  921] - Action Type : ExecuteTestCase
[INFO ][2016-02-09 19:09:39,063][com.java.TestType] [  448] - The Concept sheet name is ---------- Concept
[INFO ][2016-02-09 19:09:39,063][com.java.TestType] [  451] - The Concept ID  is ---------- 2
[DEBUG][2016-02-09 19:09:39,063][com.java.TestType] [  455] - Steps being executted in the Concept are: 1:3
[INFO ][2016-02-09 19:09:39,063][com.java.TestType] [  462] - Test data details path ---------- D:\BankersDashboard\TestInputs\TestData.xls
[INFO ][2016-02-09 19:09:39,080][com.java.TestType] [  493] -  str(1) = 2
[INFO ][2016-02-09 19:09:39,080][com.java.TestType] [  496] - Test case Id is---2
[INFO ][2016-02-09 19:09:39,080][com.java.TestType] [  498] - 2
[INFO ][2016-02-09 19:09:39,081][com.java.TestType] [  493] -  str(2) = 1
[INFO ][2016-02-09 19:09:39,082][com.java.TestType] [  493] -  str(1) = 2
[INFO ][2016-02-09 19:09:39,082][com.java.TestType] [  496] - Test case Id is---2
[INFO ][2016-02-09 19:09:39,082][com.java.TestType] [  498] - 2
[INFO ][2016-02-09 19:09:39,082][com.java.TestType] [  493] -  str(2) = 2
[INFO ][2016-02-09 19:09:39,083][com.java.TestType] [  493] -  str(1) = 2
[INFO ][2016-02-09 19:09:39,083][com.java.TestType] [  496] - Test case Id is---2
[INFO ][2016-02-09 19:09:39,083][com.java.TestType] [  498] - 2
[INFO ][2016-02-09 19:09:39,083][com.java.TestType] [  493] -  str(2) = 3
[INFO ][2016-02-09 19:09:39,084][com.java.TestType] [12119] - Looping 1TCID = 2
[DEBUG][2016-02-09 19:09:39,084][com.java.TestType] [12160] - Concept ID:2 :: Step being Executed: 2::1
[INFO ][2016-02-09 19:09:39,084][com.java.TestType] [12198] - dataFields : BNK//select[@id='bank']
[DEBUG][2016-02-09 19:09:39,085][com.java.TestType] [12204] - <In Set values of the page>
[DEBUG][2016-02-09 19:09:39,085][com.java.TestType] [12209] - {Data Fields & Data Values Exist}
[INFO ][2016-02-09 19:09:39,085][com.java.TestType] [12215] - --------------------------setting values-----------------------------
[INFO ][2016-02-09 19:09:39,085][com.java.TestType] [12218] - Action Type : Select
[INFO ][2016-02-09 19:09:39,085][com.java.TestType] [ 6747] - value = PFC
[INFO ][2016-02-09 19:09:39,328][com.java.TestType] [12237] -  RESULT true
[INFO ][2016-02-09 19:09:39,328][com.java.TestType] [12354] - ?   P A S S   ?
[DEBUG][2016-02-09 19:09:39,328][com.java.TestType] [12160] - Concept ID:2 :: Step being Executed: 2::2
[INFO ][2016-02-09 19:09:39,328][com.java.TestType] [12198] - dataFields : LNKLogout
[DEBUG][2016-02-09 19:09:39,328][com.java.TestType] [12204] - <In Set values of the page>
[DEBUG][2016-02-09 19:09:39,329][com.java.TestType] [12209] - {Data Fields & Data Values Exist}
[INFO ][2016-02-09 19:09:39,329][com.java.TestType] [12215] - --------------------------setting values-----------------------------
[INFO ][2016-02-09 19:09:39,329][com.java.TestType] [12218] - Action Type : WaitTime
[DEBUG][2016-02-09 19:09:39,329][com.java.TestType] [ 6561] - sleepTime: 5000
[INFO ][2016-02-09 19:09:44,329][com.java.TestType] [12237] -  RESULT true
[INFO ][2016-02-09 19:09:44,329][com.java.TestType] [12354] - ?   P A S S   ?
[DEBUG][2016-02-09 19:09:44,329][com.java.TestType] [12160] - Concept ID:2 :: Step being Executed: 2::3
[INFO ][2016-02-09 19:09:44,329][com.java.TestType] [12198] - dataFields : LNKLogout
[DEBUG][2016-02-09 19:09:44,329][com.java.TestType] [12204] - <In Set values of the page>
[DEBUG][2016-02-09 19:09:44,329][com.java.TestType] [12209] - {Data Fields & Data Values Exist}
[INFO ][2016-02-09 19:09:44,329][com.java.TestType] [12215] - --------------------------setting values-----------------------------
[INFO ][2016-02-09 19:09:44,329][com.java.TestType] [12218] - Action Type : WaitForElement
[INFO ][2016-02-09 19:09:44,365][com.java.TestType] [12237] -  RESULT true
[INFO ][2016-02-09 19:09:44,365][com.java.TestType] [12354] - ?   P A S S   ?
[INFO ][2016-02-09 19:09:44,365][com.java.TestType] [12425] - Looping End......
[INFO ][2016-02-09 19:09:44,367][com.java.SeleniumDriver] [  930] -  RESULT true
[INFO ][2016-02-09 19:09:44,367][com.java.SeleniumDriver] [ 1136] - ?   P A S S   ?
[INFO ][2016-02-09 19:09:44,367][com.java.SeleniumDriver] [  856] - ------------------------------------------
[INFO ][2016-02-09 19:09:44,367][com.java.SeleniumDriver] [  857] - Test case being Executed: 8
[INFO ][2016-02-09 19:09:44,367][com.java.SeleniumDriver] [  869] - Test step:4
[INFO ][2016-02-09 19:09:44,367][com.java.SeleniumDriver] [  881] - Datavalue is----------null
[DEBUG][2016-02-09 19:09:44,367][com.java.SeleniumDriver] [  899] - Exception: null
[INFO ][2016-02-09 19:09:44,367][com.java.SeleniumDriver] [  905] - DataField : //span[@class="icon-cog2"]&&//a[text()='Customize']&&//a[@data-id="TabletAlerts"]
[INFO ][2016-02-09 19:09:44,367][com.java.SeleniumDriver] [  907] - DataValue : 
[INFO ][2016-02-09 19:09:44,367][com.java.SeleniumDriver] [  913] - <In Set values of the page>
[INFO ][2016-02-09 19:09:44,368][com.java.SeleniumDriver] [  916] - {Data Fields & Data Values Exist}
[INFO ][2016-02-09 19:09:44,368][com.java.SeleniumDriver] [  918] - --------------------------setting values-----------------------------
[INFO ][2016-02-09 19:09:44,368][com.java.SeleniumDriver] [  921] - Action Type : MOUSEOVER
[INFO ][2016-02-09 19:10:29,171][com.java.SeleniumDriver] [  930] -  RESULT true
[INFO ][2016-02-09 19:10:29,172][com.java.SeleniumDriver] [ 1136] - ?   P A S S   ?
[INFO ][2016-02-09 19:10:29,172][com.java.SeleniumDriver] [  856] - ------------------------------------------
[INFO ][2016-02-09 19:10:29,172][com.java.SeleniumDriver] [  857] - Test case being Executed: 8
[INFO ][2016-02-09 19:10:29,172][com.java.SeleniumDriver] [  869] - Test step:5
[INFO ][2016-02-09 19:10:29,172][com.java.SeleniumDriver] [  881] - Datavalue is----------My Alerts
[INFO ][2016-02-09 19:10:29,172][com.java.SeleniumDriver] [  905] - DataField : XPH//span[@class='ui-dialog-title']
[INFO ][2016-02-09 19:10:29,172][com.java.SeleniumDriver] [  907] - DataValue : My Alerts
[INFO ][2016-02-09 19:10:29,172][com.java.SeleniumDriver] [  913] - <In Set values of the page>
[INFO ][2016-02-09 19:10:29,172][com.java.SeleniumDriver] [  916] - {Data Fields & Data Values Exist}
[INFO ][2016-02-09 19:10:29,172][com.java.SeleniumDriver] [  918] - --------------------------setting values-----------------------------
[INFO ][2016-02-09 19:10:29,172][com.java.SeleniumDriver] [  921] - Action Type : verify
[INFO ][2016-02-09 19:10:29,172][com.java.TestType] [ 8381] - field= XPH//span[@class='ui-dialog-title'] value= My Alerts
[INFO ][2016-02-09 19:10:29,172][com.java.TestType] [ 6747] - value = My Alerts
[INFO ][2016-02-09 19:10:29,357][com.java.SeleniumDriver] [  930] -  RESULT true
[INFO ][2016-02-09 19:10:29,357][com.java.SeleniumDriver] [ 1136] - ?   P A S S   ?
[INFO ][2016-02-09 19:10:29,357][com.java.SeleniumDriver] [  856] - ------------------------------------------
[INFO ][2016-02-09 19:10:29,357][com.java.SeleniumDriver] [  857] - Test case being Executed: 8
[INFO ][2016-02-09 19:10:29,357][com.java.SeleniumDriver] [  869] - Test step:6
[INFO ][2016-02-09 19:10:29,357][com.java.SeleniumDriver] [  881] - Datavalue is----------null
[DEBUG][2016-02-09 19:10:29,357][com.java.SeleniumDriver] [  899] - Exception: null
[INFO ][2016-02-09 19:10:29,357][com.java.SeleniumDriver] [  905] - DataField : BTNframeDialogContent
[INFO ][2016-02-09 19:10:29,358][com.java.SeleniumDriver] [  907] - DataValue : 
[INFO ][2016-02-09 19:10:29,358][com.java.SeleniumDriver] [  913] - <In Set values of the page>
[INFO ][2016-02-09 19:10:29,358][com.java.SeleniumDriver] [  916] - {Data Fields & Data Values Exist}
[INFO ][2016-02-09 19:10:29,358][com.java.SeleniumDriver] [  918] - --------------------------setting values-----------------------------
[INFO ][2016-02-09 19:10:29,358][com.java.SeleniumDriver] [  921] - Action Type : SELECTFRAME
[INFO ][2016-02-09 19:10:30,738][com.java.SeleniumDriver] [  930] -  RESULT true
[INFO ][2016-02-09 19:10:30,738][com.java.SeleniumDriver] [ 1136] - ?   P A S S   ?
[INFO ][2016-02-09 19:10:30,740][com.java.SeleniumDriver] [  856] - ------------------------------------------
[INFO ][2016-02-09 19:10:30,740][com.java.SeleniumDriver] [  857] - Test case being Executed: 8
[INFO ][2016-02-09 19:10:30,740][com.java.SeleniumDriver] [  869] - Test step:7
[INFO ][2016-02-09 19:10:30,740][com.java.SeleniumDriver] [  881] - Datavalue is----------null
[DEBUG][2016-02-09 19:10:30,740][com.java.SeleniumDriver] [  899] - Exception: null
[INFO ][2016-02-09 19:10:30,740][com.java.SeleniumDriver] [  905] - DataField : XPH//span[contains(text(),'Balance Sheet')]
[INFO ][2016-02-09 19:10:30,740][com.java.SeleniumDriver] [  907] - DataValue : 
[INFO ][2016-02-09 19:10:30,740][com.java.SeleniumDriver] [  913] - <In Set values of the page>
[INFO ][2016-02-09 19:10:30,740][com.java.SeleniumDriver] [  916] - {Data Fields & Data Values Exist}
[INFO ][2016-02-09 19:10:30,740][com.java.SeleniumDriver] [  918] - --------------------------setting values-----------------------------
[INFO ][2016-02-09 19:10:30,741][com.java.SeleniumDriver] [  921] - Action Type : CLICK
[INFO ][2016-02-09 19:10:30,741][com.java.TestType] [ 7148] - Field ::XPH//span[contains(text(),'Balance Sheet')]
[INFO ][2016-02-09 19:10:30,741][com.java.TestType] [ 6747] - value = 
[INFO ][2016-02-09 19:10:31,741][com.java.TestType] [ 7325] - BEFORE CLICK
[INFO ][2016-02-09 19:10:32,553][com.java.TestType] [ 7333] - Unable to click the object Balance Sheet
[INFO ][2016-02-09 19:10:32,553][com.java.SeleniumDriver] [  930] -  RESULT true
[INFO ][2016-02-09 19:10:32,553][com.java.SeleniumDriver] [ 1136] - ?   P A S S   ?
[INFO ][2016-02-09 19:10:32,553][com.java.SeleniumDriver] [  856] - ------------------------------------------
[INFO ][2016-02-09 19:10:32,553][com.java.SeleniumDriver] [  857] - Test case being Executed: 8
[INFO ][2016-02-09 19:10:32,553][com.java.SeleniumDriver] [  869] - Test step:8
[INFO ][2016-02-09 19:10:32,553][com.java.SeleniumDriver] [  881] - Datavalue is----------5
[INFO ][2016-02-09 19:10:32,553][com.java.SeleniumDriver] [  905] - DataField : test
[INFO ][2016-02-09 19:10:32,553][com.java.SeleniumDriver] [  907] - DataValue : 5
[INFO ][2016-02-09 19:10:32,553][com.java.SeleniumDriver] [  913] - <In Set values of the page>
[INFO ][2016-02-09 19:10:32,553][com.java.SeleniumDriver] [  916] - {Data Fields & Data Values Exist}
[INFO ][2016-02-09 19:10:32,553][com.java.SeleniumDriver] [  918] - --------------------------setting values-----------------------------
[INFO ][2016-02-09 19:10:32,553][com.java.SeleniumDriver] [  921] - Action Type : WAITTIME
[DEBUG][2016-02-09 19:10:32,554][com.java.TestType] [ 6561] - sleepTime: 5000
[INFO ][2016-02-09 19:10:37,555][com.java.SeleniumDriver] [  930] -  RESULT true
[INFO ][2016-02-09 19:10:37,555][com.java.SeleniumDriver] [ 1136] - ?   P A S S   ?
[INFO ][2016-02-09 19:10:37,555][com.java.SeleniumDriver] [  856] - ------------------------------------------
[INFO ][2016-02-09 19:10:37,555][com.java.SeleniumDriver] [  857] - Test case being Executed: 8
[INFO ][2016-02-09 19:10:37,555][com.java.SeleniumDriver] [  869] - Test step:9
[INFO ][2016-02-09 19:10:37,555][com.java.SeleniumDriver] [  881] - Datavalue is----------RTD0
[INFO ][2016-02-09 19:10:37,555][com.java.SeleniumDriver] [  905] - DataField : TXT//table[@id="BalSheetTbl"]/tbody//td[4]/input[@class="perVal"]
[INFO ][2016-02-09 19:10:37,555][com.java.SeleniumDriver] [  907] - DataValue : RTD0
[INFO ][2016-02-09 19:10:37,555][com.java.SeleniumDriver] [  913] - <In Set values of the page>
[INFO ][2016-02-09 19:10:37,555][com.java.SeleniumDriver] [  916] - {Data Fields & Data Values Exist}
[INFO ][2016-02-09 19:10:37,555][com.java.SeleniumDriver] [  918] - --------------------------setting values-----------------------------
[INFO ][2016-02-09 19:10:37,555][com.java.SeleniumDriver] [  921] - Action Type : CLEARANDENTER
[INFO ][2016-02-09 19:10:37,681][com.java.TestType] [ 6747] - value = 05
[INFO ][2016-02-09 19:10:37,817][com.java.SeleniumDriver] [  930] -  RESULT true
[INFO ][2016-02-09 19:10:37,817][com.java.SeleniumDriver] [ 1136] - ?   P A S S   ?
[INFO ][2016-02-09 19:10:37,817][com.java.SeleniumDriver] [  856] - ------------------------------------------
[INFO ][2016-02-09 19:10:37,817][com.java.SeleniumDriver] [  857] - Test case being Executed: 8
[INFO ][2016-02-09 19:10:37,817][com.java.SeleniumDriver] [  869] - Test step:10
[INFO ][2016-02-09 19:10:37,817][com.java.SeleniumDriver] [  881] - Datavalue is----------null
[DEBUG][2016-02-09 19:10:37,817][com.java.SeleniumDriver] [  899] - Exception: null
[INFO ][2016-02-09 19:10:37,817][com.java.SeleniumDriver] [  905] - DataField : BTNparent
[INFO ][2016-02-09 19:10:37,817][com.java.SeleniumDriver] [  907] - DataValue : 
[INFO ][2016-02-09 19:10:37,817][com.java.SeleniumDriver] [  913] - <In Set values of the page>
[INFO ][2016-02-09 19:10:37,818][com.java.SeleniumDriver] [  916] - {Data Fields & Data Values Exist}
[INFO ][2016-02-09 19:10:37,818][com.java.SeleniumDriver] [  918] - --------------------------setting values-----------------------------
[INFO ][2016-02-09 19:10:37,818][com.java.SeleniumDriver] [  921] - Action Type : SELECTFRAME
[INFO ][2016-02-09 19:10:37,834][com.java.SeleniumDriver] [  930] -  RESULT true
[INFO ][2016-02-09 19:10:37,834][com.java.SeleniumDriver] [ 1136] - ?   P A S S   ?
[INFO ][2016-02-09 19:10:37,834][com.java.SeleniumDriver] [  856] - ------------------------------------------
[INFO ][2016-02-09 19:10:37,834][com.java.SeleniumDriver] [  857] - Test case being Executed: 8
[INFO ][2016-02-09 19:10:37,834][com.java.SeleniumDriver] [  869] - Test step:11
[INFO ][2016-02-09 19:10:37,834][com.java.SeleniumDriver] [  881] - Datavalue is----------null
[DEBUG][2016-02-09 19:10:37,834][com.java.SeleniumDriver] [  899] - Exception: null
[INFO ][2016-02-09 19:10:37,834][com.java.SeleniumDriver] [  905] - DataField : HDN//span[contains(text(),'Save')]
[INFO ][2016-02-09 19:10:37,834][com.java.SeleniumDriver] [  907] - DataValue : 
[INFO ][2016-02-09 19:10:37,835][com.java.SeleniumDriver] [  913] - <In Set values of the page>
[INFO ][2016-02-09 19:10:37,835][com.java.SeleniumDriver] [  916] - {Data Fields & Data Values Exist}
[INFO ][2016-02-09 19:10:37,835][com.java.SeleniumDriver] [  918] - --------------------------setting values-----------------------------
[INFO ][2016-02-09 19:10:37,835][com.java.SeleniumDriver] [  921] - Action Type : CLICK
[INFO ][2016-02-09 19:10:37,835][com.java.TestType] [ 7148] - Field ::HDN//span[contains(text(),'Save')]
[INFO ][2016-02-09 19:10:37,835][com.java.TestType] [ 6747] - value = 
[INFO ][2016-02-09 19:10:39,151][com.java.SeleniumDriver] [  930] -  RESULT true
[INFO ][2016-02-09 19:10:39,151][com.java.SeleniumDriver] [ 1136] - ?   P A S S   ?
[INFO ][2016-02-09 19:10:39,151][com.java.SeleniumDriver] [  856] - ------------------------------------------
[INFO ][2016-02-09 19:10:39,151][com.java.SeleniumDriver] [  857] - Test case being Executed: 8
[INFO ][2016-02-09 19:10:39,151][com.java.SeleniumDriver] [  869] - Test step:12
[INFO ][2016-02-09 19:10:39,151][com.java.SeleniumDriver] [  881] - Datavalue is----------null
[DEBUG][2016-02-09 19:10:39,152][com.java.SeleniumDriver] [  899] - Exception: null
[INFO ][2016-02-09 19:10:39,152][com.java.SeleniumDriver] [  905] - DataField : XPH//div[@class="menu"]//span[@class='glyphicon glyphicon-bell']
[INFO ][2016-02-09 19:10:39,152][com.java.SeleniumDriver] [  907] - DataValue : 
[INFO ][2016-02-09 19:10:39,152][com.java.SeleniumDriver] [  913] - <In Set values of the page>
[INFO ][2016-02-09 19:10:39,152][com.java.SeleniumDriver] [  916] - {Data Fields & Data Values Exist}
[INFO ][2016-02-09 19:10:39,152][com.java.SeleniumDriver] [  918] - --------------------------setting values-----------------------------
[INFO ][2016-02-09 19:10:39,152][com.java.SeleniumDriver] [  921] - Action Type : CLICK
[INFO ][2016-02-09 19:10:39,152][com.java.TestType] [ 7148] - Field ::XPH//div[@class="menu"]//span[@class='glyphicon glyphicon-bell']
[INFO ][2016-02-09 19:10:39,152][com.java.TestType] [ 6747] - value = 
[INFO ][2016-02-09 19:10:40,152][com.java.TestType] [ 7325] - BEFORE CLICK
[INFO ][2016-02-09 19:10:41,546][com.java.TestType] [ 7333] - Unable to click the object Click on  bell symbol
[INFO ][2016-02-09 19:10:41,546][com.java.SeleniumDriver] [  930] -  RESULT true
[INFO ][2016-02-09 19:10:41,546][com.java.SeleniumDriver] [ 1136] - ?   P A S S   ?
[INFO ][2016-02-09 19:10:41,546][com.java.SeleniumDriver] [  856] - ------------------------------------------
[INFO ][2016-02-09 19:10:41,546][com.java.SeleniumDriver] [  857] - Test case being Executed: 8
[INFO ][2016-02-09 19:10:41,546][com.java.SeleniumDriver] [  869] - Test step:13
[INFO ][2016-02-09 19:10:41,546][com.java.SeleniumDriver] [  881] - Datavalue is----------null
[DEBUG][2016-02-09 19:10:41,546][com.java.SeleniumDriver] [  899] - Exception: null
[INFO ][2016-02-09 19:10:41,546][com.java.SeleniumDriver] [  905] - DataField : XPH//div[contains(@class,'rightMenuContainer')]//div[@class="menu-drawer"]
[INFO ][2016-02-09 19:10:41,546][com.java.SeleniumDriver] [  907] - DataValue : 
[INFO ][2016-02-09 19:10:41,546][com.java.SeleniumDriver] [  913] - <In Set values of the page>
[INFO ][2016-02-09 19:10:41,546][com.java.SeleniumDriver] [  916] - {Data Fields & Data Values Exist}
[INFO ][2016-02-09 19:10:41,547][com.java.SeleniumDriver] [  918] - --------------------------setting values-----------------------------
[INFO ][2016-02-09 19:10:41,547][com.java.SeleniumDriver] [  921] - Action Type : CLICK
[INFO ][2016-02-09 19:10:41,547][com.java.TestType] [ 7148] - Field ::XPH//div[contains(@class,'rightMenuContainer')]//div[@class="menu-drawer"]
[INFO ][2016-02-09 19:10:41,547][com.java.TestType] [ 6747] - value = 
[INFO ][2016-02-09 19:10:42,547][com.java.TestType] [ 7325] - BEFORE CLICK
[INFO ][2016-02-09 19:10:43,429][com.java.TestType] [ 7333] - Unable to click the object Click on the Today's Alert Page
[INFO ][2016-02-09 19:10:43,429][com.java.SeleniumDriver] [  930] -  RESULT true
[INFO ][2016-02-09 19:10:43,429][com.java.SeleniumDriver] [ 1136] - ?   P A S S   ?
[INFO ][2016-02-09 19:10:43,429][com.java.SeleniumDriver] [  856] - ------------------------------------------
[INFO ][2016-02-09 19:10:43,429][com.java.SeleniumDriver] [  857] - Test case being Executed: 8
[INFO ][2016-02-09 19:10:43,429][com.java.SeleniumDriver] [  869] - Test step:14
[INFO ][2016-02-09 19:10:43,429][com.java.SeleniumDriver] [  881] - Datavalue is----------//div[@class="menu-drawer"]//span
[INFO ][2016-02-09 19:10:43,429][com.java.SeleniumDriver] [  905] - DataField : BTN
[INFO ][2016-02-09 19:10:43,429][com.java.SeleniumDriver] [  907] - DataValue : //div[@class="menu-drawer"]//span
[INFO ][2016-02-09 19:10:43,429][com.java.SeleniumDriver] [  913] - <In Set values of the page>
[INFO ][2016-02-09 19:10:43,429][com.java.SeleniumDriver] [  916] - {Data Fields & Data Values Exist}
[INFO ][2016-02-09 19:10:43,429][com.java.SeleniumDriver] [  918] - --------------------------setting values-----------------------------
[INFO ][2016-02-09 19:10:43,429][com.java.SeleniumDriver] [  921] - Action Type : VERIFY
[INFO ][2016-02-09 19:10:43,430][com.java.TestType] [ 8381] - field= BTN value= //div[@class="menu-drawer"]//span
[INFO ][2016-02-09 19:10:43,430][com.java.TestType] [ 6747] - value = //div[@class="menu-drawer"]//span
[INFO ][2016-02-09 19:10:43,531][com.java.SeleniumDriver] [  930] -  RESULT true
[INFO ][2016-02-09 19:10:43,531][com.java.SeleniumDriver] [ 1136] - ?   P A S S   ?
[INFO ][2016-02-09 19:10:43,531][com.java.SeleniumDriver] [  856] - ------------------------------------------
[INFO ][2016-02-09 19:10:43,531][com.java.SeleniumDriver] [  857] - Test case being Executed: 8
[INFO ][2016-02-09 19:10:43,531][com.java.SeleniumDriver] [  869] - Test step:15
[INFO ][2016-02-09 19:10:43,531][com.java.SeleniumDriver] [  881] - Datavalue is----------//div[@id='isAlertsHeading']/h4
[INFO ][2016-02-09 19:10:43,531][com.java.SeleniumDriver] [  905] - DataField : BTN
[INFO ][2016-02-09 19:10:43,531][com.java.SeleniumDriver] [  907] - DataValue : //div[@id='isAlertsHeading']/h4
[INFO ][2016-02-09 19:10:43,531][com.java.SeleniumDriver] [  913] - <In Set values of the page>
[INFO ][2016-02-09 19:10:43,531][com.java.SeleniumDriver] [  916] - {Data Fields & Data Values Exist}
[INFO ][2016-02-09 19:10:43,531][com.java.SeleniumDriver] [  918] - --------------------------setting values-----------------------------
[INFO ][2016-02-09 19:10:43,531][com.java.SeleniumDriver] [  921] - Action Type : VERIFY
[INFO ][2016-02-09 19:10:43,531][com.java.TestType] [ 8381] - field= BTN value= //div[@id='isAlertsHeading']/h4
[INFO ][2016-02-09 19:10:43,532][com.java.TestType] [ 6747] - value = //div[@id='isAlertsHeading']/h4
[INFO ][2016-02-09 19:10:43,602][com.java.SeleniumDriver] [  930] -  RESULT true
[INFO ][2016-02-09 19:10:43,602][com.java.SeleniumDriver] [ 1136] - ?   P A S S   ?
[INFO ][2016-02-09 19:10:43,602][com.java.SeleniumDriver] [  856] - ------------------------------------------
[INFO ][2016-02-09 19:10:43,602][com.java.SeleniumDriver] [  857] - Test case being Executed: 8
[INFO ][2016-02-09 19:10:43,602][com.java.SeleniumDriver] [  869] - Test step:16
[INFO ][2016-02-09 19:10:43,602][com.java.SeleniumDriver] [  881] - Datavalue is----------null
[DEBUG][2016-02-09 19:10:43,602][com.java.SeleniumDriver] [  899] - Exception: null
[INFO ][2016-02-09 19:10:43,602][com.java.SeleniumDriver] [  905] - DataField : XPH//div[@class="panel panel-default ng-scope"]/div[@id='bsAlertsHeading']/h4
[INFO ][2016-02-09 19:10:43,602][com.java.SeleniumDriver] [  907] - DataValue : 
[INFO ][2016-02-09 19:10:43,602][com.java.SeleniumDriver] [  913] - <In Set values of the page>
[INFO ][2016-02-09 19:10:43,602][com.java.SeleniumDriver] [  916] - {Data Fields & Data Values Exist}
[INFO ][2016-02-09 19:10:43,602][com.java.SeleniumDriver] [  918] - --------------------------setting values-----------------------------
[INFO ][2016-02-09 19:10:43,602][com.java.SeleniumDriver] [  921] - Action Type : CLICK
[INFO ][2016-02-09 19:10:43,603][com.java.TestType] [ 7148] - Field ::XPH//div[@class="panel panel-default ng-scope"]/div[@id='bsAlertsHeading']/h4
[INFO ][2016-02-09 19:10:43,603][com.java.TestType] [ 6747] - value = 
[INFO ][2016-02-09 19:10:44,603][com.java.TestType] [ 7325] - BEFORE CLICK
[INFO ][2016-02-09 19:10:45,541][com.java.TestType] [ 7333] - Unable to click the object Click on Income Statement tab
[INFO ][2016-02-09 19:10:45,541][com.java.SeleniumDriver] [  930] -  RESULT true
[INFO ][2016-02-09 19:10:45,541][com.java.SeleniumDriver] [ 1136] - ?   P A S S   ?
[INFO ][2016-02-09 19:10:45,541][com.java.SeleniumDriver] [  856] - ------------------------------------------
[INFO ][2016-02-09 19:10:45,541][com.java.SeleniumDriver] [  857] - Test case being Executed: 8
[INFO ][2016-02-09 19:10:45,541][com.java.SeleniumDriver] [  869] - Test step:17
[INFO ][2016-02-09 19:10:45,541][com.java.SeleniumDriver] [  881] - Datavalue is----------5
[INFO ][2016-02-09 19:10:45,541][com.java.SeleniumDriver] [  905] - DataField : null
[INFO ][2016-02-09 19:10:45,542][com.java.SeleniumDriver] [  907] - DataValue : 5
[INFO ][2016-02-09 19:10:45,542][com.java.SeleniumDriver] [  913] - <In Set values of the page>
[INFO ][2016-02-09 19:10:45,542][com.java.SeleniumDriver] [  916] - {Data Fields & Data Values Exist}
[INFO ][2016-02-09 19:10:45,542][com.java.SeleniumDriver] [  918] - --------------------------setting values-----------------------------
[INFO ][2016-02-09 19:10:45,542][com.java.SeleniumDriver] [  921] - Action Type : WAITTIME
[DEBUG][2016-02-09 19:10:45,542][com.java.TestType] [ 6561] - sleepTime: 5000
[INFO ][2016-02-09 19:10:50,543][com.java.SeleniumDriver] [  930] -  RESULT true
[INFO ][2016-02-09 19:10:50,543][com.java.SeleniumDriver] [ 1136] - ?   P A S S   ?
[INFO ][2016-02-09 19:10:50,543][com.java.SeleniumDriver] [  856] - ------------------------------------------
[INFO ][2016-02-09 19:10:50,543][com.java.SeleniumDriver] [  857] - Test case being Executed: 8
[INFO ][2016-02-09 19:10:50,543][com.java.SeleniumDriver] [  869] - Test step:18
[INFO ][2016-02-09 19:10:50,543][com.java.SeleniumDriver] [  881] - Datavalue is----------//div[@id='bsAlertsContent']//div[@class="ng-binding"]
[INFO ][2016-02-09 19:10:50,543][com.java.SeleniumDriver] [  905] - DataField : BTN
[INFO ][2016-02-09 19:10:50,543][com.java.SeleniumDriver] [  907] - DataValue : //div[@id='bsAlertsContent']//div[@class="ng-binding"]
[INFO ][2016-02-09 19:10:50,543][com.java.SeleniumDriver] [  913] - <In Set values of the page>
[INFO ][2016-02-09 19:10:50,543][com.java.SeleniumDriver] [  916] - {Data Fields & Data Values Exist}
[INFO ][2016-02-09 19:10:50,543][com.java.SeleniumDriver] [  918] - --------------------------setting values-----------------------------
[INFO ][2016-02-09 19:10:50,543][com.java.SeleniumDriver] [  921] - Action Type : VERIFY
[INFO ][2016-02-09 19:10:50,544][com.java.TestType] [ 8381] - field= BTN value= //div[@id='bsAlertsContent']//div[@class="ng-binding"]
[INFO ][2016-02-09 19:10:50,544][com.java.TestType] [ 6747] - value = //div[@id='bsAlertsContent']//div[@class="ng-binding"]
[INFO ][2016-02-09 19:10:50,615][com.java.SeleniumDriver] [  930] -  RESULT true
[INFO ][2016-02-09 19:10:50,615][com.java.SeleniumDriver] [ 1136] - ?   P A S S   ?
[INFO ][2016-02-09 19:10:50,615][com.java.SeleniumDriver] [  856] - ------------------------------------------
[INFO ][2016-02-09 19:10:50,615][com.java.SeleniumDriver] [  857] - Test case being Executed: 8
[INFO ][2016-02-09 19:10:50,615][com.java.SeleniumDriver] [  869] - Test step:19
[INFO ][2016-02-09 19:10:50,615][com.java.SeleniumDriver] [  881] - Datavalue is----------null
[DEBUG][2016-02-09 19:10:50,616][com.java.SeleniumDriver] [  899] - Exception: null
[INFO ][2016-02-09 19:10:50,616][com.java.SeleniumDriver] [  905] - DataField : XPH//div[@class="panel panel-default ng-scope"]/div[@id='bsAlertsHeading']/h4
[INFO ][2016-02-09 19:10:50,616][com.java.SeleniumDriver] [  907] - DataValue : 
[INFO ][2016-02-09 19:10:50,616][com.java.SeleniumDriver] [  913] - <In Set values of the page>
[INFO ][2016-02-09 19:10:50,616][com.java.SeleniumDriver] [  916] - {Data Fields & Data Values Exist}
[INFO ][2016-02-09 19:10:50,616][com.java.SeleniumDriver] [  918] - --------------------------setting values-----------------------------
[INFO ][2016-02-09 19:10:50,616][com.java.SeleniumDriver] [  921] - Action Type : CLICK
[INFO ][2016-02-09 19:10:50,616][com.java.TestType] [ 7148] - Field ::XPH//div[@class="panel panel-default ng-scope"]/div[@id='bsAlertsHeading']/h4
[INFO ][2016-02-09 19:10:50,616][com.java.TestType] [ 6747] - value = 
[INFO ][2016-02-09 19:10:51,616][com.java.TestType] [ 7325] - BEFORE CLICK
[INFO ][2016-02-09 19:10:52,531][com.java.TestType] [ 7333] - Unable to click the object Click on Income Statement tab
[INFO ][2016-02-09 19:10:52,531][com.java.SeleniumDriver] [  930] -  RESULT true
[INFO ][2016-02-09 19:10:52,531][com.java.SeleniumDriver] [ 1136] - ?   P A S S   ?
[INFO ][2016-02-09 19:10:52,531][com.java.SeleniumDriver] [  856] - ------------------------------------------
[INFO ][2016-02-09 19:10:52,531][com.java.SeleniumDriver] [  857] - Test case being Executed: 8
[INFO ][2016-02-09 19:10:52,531][com.java.SeleniumDriver] [  869] - Test step:20
[INFO ][2016-02-09 19:10:52,531][com.java.SeleniumDriver] [  881] - Datavalue is----------//*[@id='bsAlertsContent']/div/div[1]/div[1]
[INFO ][2016-02-09 19:10:52,531][com.java.SeleniumDriver] [  905] - DataField : MSG
[INFO ][2016-02-09 19:10:52,531][com.java.SeleniumDriver] [  907] - DataValue : //*[@id='bsAlertsContent']/div/div[1]/div[1]
[INFO ][2016-02-09 19:10:52,531][com.java.SeleniumDriver] [  913] - <In Set values of the page>
[INFO ][2016-02-09 19:10:52,531][com.java.SeleniumDriver] [  916] - {Data Fields & Data Values Exist}
[INFO ][2016-02-09 19:10:52,531][com.java.SeleniumDriver] [  918] - --------------------------setting values-----------------------------
[INFO ][2016-02-09 19:10:52,531][com.java.SeleniumDriver] [  921] - Action Type : VERIFYNOTPRESENT
[INFO ][2016-02-09 19:10:52,532][com.java.TestType] [10203] - field= MSG value= //*[@id='bsAlertsContent']/div/div[1]/div[1]
[INFO ][2016-02-09 19:10:52,689][com.java.SeleniumDriver] [  930] -  RESULT true
[INFO ][2016-02-09 19:10:52,689][com.java.SeleniumDriver] [ 1136] - ?   P A S S   ?
[INFO ][2016-02-09 19:10:52,689][com.java.SeleniumDriver] [  856] - ------------------------------------------
[INFO ][2016-02-09 19:10:52,690][com.java.SeleniumDriver] [  857] - Test case being Executed: 8
[INFO ][2016-02-09 19:10:52,690][com.java.SeleniumDriver] [  869] - Test step:21
[INFO ][2016-02-09 19:10:52,690][com.java.SeleniumDriver] [  881] - Datavalue is----------15
[INFO ][2016-02-09 19:10:52,690][com.java.SeleniumDriver] [  905] - DataField : null
[INFO ][2016-02-09 19:10:52,690][com.java.SeleniumDriver] [  907] - DataValue : 15
[INFO ][2016-02-09 19:10:52,690][com.java.SeleniumDriver] [  913] - <In Set values of the page>
[INFO ][2016-02-09 19:10:52,690][com.java.SeleniumDriver] [  916] - {Data Fields & Data Values Exist}
[INFO ][2016-02-09 19:10:52,690][com.java.SeleniumDriver] [  918] - --------------------------setting values-----------------------------
[INFO ][2016-02-09 19:10:52,690][com.java.SeleniumDriver] [  921] - Action Type : WAITTIME
[DEBUG][2016-02-09 19:10:52,690][com.java.TestType] [ 6561] - sleepTime: 15000
[INFO ][2016-02-09 19:11:07,692][com.java.SeleniumDriver] [  930] -  RESULT true
[INFO ][2016-02-09 19:11:07,692][com.java.SeleniumDriver] [ 1136] - ?   P A S S   ?
[INFO ][2016-02-09 19:11:07,692][com.java.SeleniumDriver] [  856] - ------------------------------------------
[INFO ][2016-02-09 19:11:07,692][com.java.SeleniumDriver] [  857] - Test case being Executed: 8
[INFO ][2016-02-09 19:11:07,692][com.java.SeleniumDriver] [  869] - Test step:22
[INFO ][2016-02-09 19:11:07,692][com.java.SeleniumDriver] [  881] - Datavalue is----------numberofupdatesbeforerefreshing
[INFO ][2016-02-09 19:11:07,692][com.java.SeleniumDriver] [  905] - DataField : XPH//div[@id="bsAlertsHeading"]//span[@class="badge pull-right ng-binding"]
[INFO ][2016-02-09 19:11:07,692][com.java.SeleniumDriver] [  907] - DataValue : numberofupdatesbeforerefreshing
[INFO ][2016-02-09 19:11:07,692][com.java.SeleniumDriver] [  913] - <In Set values of the page>
[INFO ][2016-02-09 19:11:07,692][com.java.SeleniumDriver] [  916] - {Data Fields & Data Values Exist}
[INFO ][2016-02-09 19:11:07,692][com.java.SeleniumDriver] [  918] - --------------------------setting values-----------------------------
[INFO ][2016-02-09 19:11:07,692][com.java.SeleniumDriver] [  921] - Action Type : STOREVALUE
[INFO ][2016-02-09 19:11:07,693][com.java.TestType] [ 9884] - field= XPH//div[@id="bsAlertsHeading"]//span[@class="badge pull-right ng-binding"]
[DEBUG][2016-02-09 19:11:07,820][com.java.TestType] [ 9939] - Key:: numberofupdatesbeforerefreshing   Value:: 1
[INFO ][2016-02-09 19:11:07,820][com.java.SeleniumDriver] [  930] -  RESULT true
[INFO ][2016-02-09 19:11:07,820][com.java.SeleniumDriver] [ 1136] - ?   P A S S   ?
[INFO ][2016-02-09 19:11:07,820][com.java.SeleniumDriver] [  856] - ------------------------------------------
[INFO ][2016-02-09 19:11:07,820][com.java.SeleniumDriver] [  857] - Test case being Executed: 8
[INFO ][2016-02-09 19:11:07,820][com.java.SeleniumDriver] [  869] - Test step:23
[INFO ][2016-02-09 19:11:07,820][com.java.SeleniumDriver] [  881] - Datavalue is----------null
[DEBUG][2016-02-09 19:11:07,820][com.java.SeleniumDriver] [  899] - Exception: null
[INFO ][2016-02-09 19:11:07,821][com.java.SeleniumDriver] [  905] - DataField : HDN//span[@class='glyphicon glyphicon-refresh ng-scope']
[INFO ][2016-02-09 19:11:07,821][com.java.SeleniumDriver] [  907] - DataValue : 
[INFO ][2016-02-09 19:11:07,821][com.java.SeleniumDriver] [  913] - <In Set values of the page>
[INFO ][2016-02-09 19:11:07,821][com.java.SeleniumDriver] [  916] - {Data Fields & Data Values Exist}
[INFO ][2016-02-09 19:11:07,821][com.java.SeleniumDriver] [  918] - --------------------------setting values-----------------------------
[INFO ][2016-02-09 19:11:07,821][com.java.SeleniumDriver] [  921] - Action Type : CLICK
[INFO ][2016-02-09 19:11:07,821][com.java.TestType] [ 7148] - Field ::HDN//span[@class='glyphicon glyphicon-refresh ng-scope']
[INFO ][2016-02-09 19:11:07,821][com.java.TestType] [ 6747] - value = 
[INFO ][2016-02-09 19:11:08,997][com.java.SeleniumDriver] [  930] -  RESULT true
[INFO ][2016-02-09 19:11:08,997][com.java.SeleniumDriver] [ 1136] - ?   P A S S   ?
[INFO ][2016-02-09 19:11:08,997][com.java.SeleniumDriver] [  856] - ------------------------------------------
[INFO ][2016-02-09 19:11:08,997][com.java.SeleniumDriver] [  857] - Test case being Executed: 8
[INFO ][2016-02-09 19:11:08,997][com.java.SeleniumDriver] [  869] - Test step:24
[INFO ][2016-02-09 19:11:08,997][com.java.SeleniumDriver] [  881] - Datavalue is----------10
[INFO ][2016-02-09 19:11:08,997][com.java.SeleniumDriver] [  905] - DataField : null
[INFO ][2016-02-09 19:11:08,997][com.java.SeleniumDriver] [  907] - DataValue : 10
[INFO ][2016-02-09 19:11:08,998][com.java.SeleniumDriver] [  913] - <In Set values of the page>
[INFO ][2016-02-09 19:11:08,998][com.java.SeleniumDriver] [  916] - {Data Fields & Data Values Exist}
[INFO ][2016-02-09 19:11:08,998][com.java.SeleniumDriver] [  918] - --------------------------setting values-----------------------------
[INFO ][2016-02-09 19:11:08,998][com.java.SeleniumDriver] [  921] - Action Type : WAITTIME
[DEBUG][2016-02-09 19:11:08,998][com.java.TestType] [ 6561] - sleepTime: 10000
[INFO ][2016-02-09 19:11:18,999][com.java.SeleniumDriver] [  930] -  RESULT true
[INFO ][2016-02-09 19:11:18,999][com.java.SeleniumDriver] [ 1136] - ?   P A S S   ?
[INFO ][2016-02-09 19:11:18,999][com.java.SeleniumDriver] [  856] - ------------------------------------------
[INFO ][2016-02-09 19:11:18,999][com.java.SeleniumDriver] [  857] - Test case being Executed: 8
[INFO ][2016-02-09 19:11:18,999][com.java.SeleniumDriver] [  869] - Test step:25
[INFO ][2016-02-09 19:11:18,999][com.java.SeleniumDriver] [  881] - Datavalue is----------HMVnumberofupdatesbeforerefreshing
[INFO ][2016-02-09 19:11:18,999][com.java.SeleniumDriver] [  905] - DataField : XPH//div[@id="bsAlertsHeading"]//span[@class="badge pull-right ng-binding"]
[INFO ][2016-02-09 19:11:18,999][com.java.SeleniumDriver] [  907] - DataValue : HMVnumberofupdatesbeforerefreshing
[INFO ][2016-02-09 19:11:18,999][com.java.SeleniumDriver] [  913] - <In Set values of the page>
[INFO ][2016-02-09 19:11:18,999][com.java.SeleniumDriver] [  916] - {Data Fields & Data Values Exist}
[INFO ][2016-02-09 19:11:18,999][com.java.SeleniumDriver] [  918] - --------------------------setting values-----------------------------
[INFO ][2016-02-09 19:11:18,999][com.java.SeleniumDriver] [  921] - Action Type : VERIFY
[INFO ][2016-02-09 19:11:19,000][com.java.TestType] [ 8381] - field= XPH//div[@id="bsAlertsHeading"]//span[@class="badge pull-right ng-binding"] value= HMVnumberofupdatesbeforerefreshing
[INFO ][2016-02-09 19:11:19,000][com.java.TestType] [ 6747] - value = 1
[ERROR][2016-02-09 19:11:19,201][com.java.TestType] [ 8896] - Element  not found ://div[@id="bsAlertsHeading"]//span[@class="badge pull-right ng-binding"]
[INFO ][2016-02-09 19:11:19,201][com.java.SeleniumDriver] [  930] -  RESULT false
[INFO ][2016-02-09 19:11:19,201][com.java.SeleniumDriver] [  977] - ?   F A I L   ?
[INFO ][2016-02-09 19:11:19,201][com.java.SeleniumDriver] [  985] - Browser Type : IE10
[INFO ][2016-02-09 19:11:19,201][com.java.SeleniumDriver] [  986] - Adding Failed case8
[INFO ][2016-02-09 19:11:19,297][com.java.SeleniumDriver] [ 1100] - failedCases = 8
[ERROR][2016-02-09 19:11:19,297][com.java.SeleniumDriver] [ 1599] - Platform Errors : Our apologies...::We have encountered an issue with your request.::Our apologies?:We encountered an issue with your request.
[INFO ][2016-02-09 19:11:19,297][com.java.SeleniumDriver] [ 1603] - Length =3
[ERROR][2016-02-09 19:11:19,297][com.java.SeleniumDriver] [ 1606] - Error 0 = Our apologies...
[ERROR][2016-02-09 19:11:19,404][com.java.SeleniumDriver] [ 1606] - Error 1 = We have encountered an issue with your request.
[ERROR][2016-02-09 19:11:19,492][com.java.SeleniumDriver] [ 1606] - Error 2 = Our apologies?:We encountered an issue with your request.
[INFO ][2016-02-09 19:11:19,600][com.java.SeleniumDriver] [ 1617] - strError:
[DEBUG][2016-02-09 19:11:19,615][com.java.SeleniumDriver] [ 1248] - Case found
[DEBUG][2016-02-09 19:11:19,615][com.java.SeleniumDriver] [ 1253] - Incrementing ReportCounters[0]:2
[INFO ][2016-02-09 19:11:19,615][com.java.SeleniumDriver] [ 1272] - The results are-------------------[8, 25, Right Hand Menu: BS Alerts-BS Alerts data correctness, Fail, 
Test case failed at Step No. :: 25   Error Message ::  Element not found://div[@id="bsAlertsHeading"]//span[@class="badge pull-right ng-binding"]. Screen Shot : D:\BankersDashboard\TestReports\020916\8_020916_191119_IE10.png, Tue Feb 09 19:11:19 IST 2016]
[INFO ][2016-02-09 19:11:19,615][com.java.SeleniumDriver] [ 1276] - End time is-------2 min 33 sec
[INFO ][2016-02-09 19:11:19,615][com.java.SeleniumDriver] [ 1277] - The results are-------------------[8, 25, Right Hand Menu: BS Alerts-BS Alerts data correctness, Fail, 
Test case failed at Step No. :: 25   Error Message ::  Element not found://div[@id="bsAlertsHeading"]//span[@class="badge pull-right ng-binding"]. Screen Shot : D:\BankersDashboard\TestReports\020916\8_020916_191119_IE10.png, Tue Feb 09 19:11:19 IST 2016]
[DEBUG][2016-02-09 19:11:19,615][com.java.ImportnExport.ExportTestResultsExcel] [  222] - testResultPath = D:\BankersDashboard/TestReports/Test Results_BankersDashBoard_020916_190848_IE10_United Bank.xls
[DEBUG][2016-02-09 19:11:19,615][com.java.ImportnExport.ExportTestResultsExcel] [  223] - browser is------------IE10
[DEBUG][2016-02-09 19:11:19,617][com.java.ImportnExport.ExportTestResultsExcel] [  270] - result.size() = 6
[DEBUG][2016-02-09 19:11:19,618][com.java.ImportnExport.ExportTestResultsExcel] [  274] - No of rows in sheet=2
[DEBUG][2016-02-09 19:11:19,618][com.java.ImportnExport.ExportTestResultsExcel] [  301] - ..in export..8
[DEBUG][2016-02-09 19:11:19,618][com.java.ImportnExport.ExportTestResultsExcel] [  301] - ..in export..Right Hand Menu: BS Alerts-BS Alerts data correctness
[DEBUG][2016-02-09 19:11:19,618][com.java.ImportnExport.ExportTestResultsExcel] [  301] - ..in export..Fail
[DEBUG][2016-02-09 19:11:19,618][com.java.ImportnExport.ExportTestResultsExcel] [  301] - ..in export..
Test case failed at Step No. :: 25   Error Message ::  Element not found://div[@id="bsAlertsHeading"]//span[@class="badge pull-right ng-binding"]. Screen Shot : D:\BankersDashboard\TestReports\020916\8_020916_191119_IE10.png
[DEBUG][2016-02-09 19:11:19,618][com.java.ImportnExport.ExportTestResultsExcel] [  301] - ..in export..Tue Feb 09 19:11:19 IST 2016
[INFO ][2016-02-09 19:11:19,620][com.java.SeleniumDriver] [ 1337] - out loop:1 size:2 TestCases:[1, 8] testcases:[1, 8]
[INFO ][2016-02-09 19:11:21,620][com.java.SeleniumDriver] [ 1380] - Total Number of Cases:2
[INFO ][2016-02-09 19:11:21,620][com.java.TemplateGenerator] [  302] - Executed:2
[INFO ][2016-02-09 19:11:21,620][com.java.TemplateGenerator] [  303] - Passed:1
[INFO ][2016-02-09 19:11:21,620][com.java.TemplateGenerator] [  304] - Failed:1
[INFO ][2016-02-09 19:11:21,620][com.java.TemplateGenerator] [  305] - Skipeed:0
[INFO ][2016-02-09 19:11:21,620][com.java.TemplateGenerator] [  306] - Application URL:https://clients-xuat.bankersdashboard.com
[INFO ][2016-02-09 19:11:21,620][com.java.TemplateGenerator] [  307] - Start Time:020916_190848
[INFO ][2016-02-09 19:11:21,620][com.java.TemplateGenerator] [  308] -  Creating HTML Report 
[ERROR][2016-02-09 19:11:21,621][com.java.TemplateGenerator] [  409] - Unparseable date: "Tue Feb 09 07:08:48 IST 2016"
[INFO ][2016-02-09 19:11:21,621][com.java.TemplateGenerator] [  654] -  Exporting case :: 1
[INFO ][2016-02-09 19:11:21,621][com.java.TemplateGenerator] [  654] -  Exporting case :: 8
[INFO ][2016-02-09 19:11:21,630][com.java.SeleniumDriver] [ 1429] - End Time:020916_191121
[INFO ][2016-02-09 19:11:21,630][com.java.SeleniumDriver] [ 1432] - Data in Test Execution Details:{1=PASS, 8=FAILTest case failed at Step No. :: 25   Error Message ::  Element not found://div[@id="bsAlertsHeading"]//span[@class="badge pull-right ng-binding"]}
[INFO ][2016-02-09 19:11:21,630][com.java.SeleniumDriver] [ 1433] - Data in Failed Execution Deatils:{}
[INFO ][2016-02-09 19:11:21,630][com.java.SeleniumDriver] [ 1435] - ReportCounter:Total:2 :: PASS: 1 ::FAIL: 1
[INFO ][2016-02-09 19:11:21,630][com.java.SeleniumDriver] [ 1436] - FailedReportCounter:Total:0 :: PASS: 0 ::FAIL: 0
[INFO ][2016-02-09 19:11:21,636][com.java.EmailTestReport] [   63] - Sending report mail details:
[INFO ][2016-02-09 19:11:21,636][com.java.EmailTestReport] [   80] - Excel Report Path:D:\BankersDashboard/TestReports/Test Results_BankersDashBoard_020916_190848_IE10_United Bank.xls
[INFO ][2016-02-09 19:11:21,636][com.java.EmailTestReport] [   81] - HTML Report Path:D:\BankersDashboard//TestReports//Test Results_BankersDashBoard_020916_190848_IE10_United Bank.html
[INFO ][2016-02-09 19:11:21,636][com.java.EmailTestReport] [   82] - smtpHostName:mail01.valuelabs.com
[INFO ][2016-02-09 19:11:21,636][com.java.EmailTestReport] [   83] - Recipient:venkateswararao.gubbala@valuelabs.com;
[INFO ][2016-02-09 19:11:21,636][com.java.EmailTestReport] [   84] - From:venkateswararao.gubbala@valuelabs.com;
[INFO ][2016-02-09 19:11:21,636][com.java.EmailTestReport] [   85] - Subject:Deluxe Corp Bankers Dashboard Automation Test Report - United Bank - IE10
[INFO ][2016-02-09 19:11:21,653][com.java.EmailTestReport] [  143] -  Added venkateswararao.gubbala@valuelabs.com
[INFO ][2016-02-09 19:11:25,661][com.java.SeleniumDriver] [  722] - quitting the browser 
[INFO ][2016-02-09 19:11:26,953][com.java.SeleniumDriver] [  264] - Execution Completed Stopping the thread
