[INFO ][2015-12-11 15:48:59,803][com.java.SeleniumDriver] [  213] - Execute Failed Casesfalse
[INFO ][2015-12-11 15:48:59,803][com.java.SeleniumDriver] [  214] - Browser: IE10
[INFO ][2015-12-11 15:48:59,803][com.java.SeleniumDriver] [  215] - [1, 13]
[INFO ][2015-12-11 15:48:59,804][com.java.SeleniumDriver] [  216] - Total TestCases:2
[INFO ][2015-12-11 15:48:59,804][com.java.SeleniumDriver] [  217] -  Reading Properties from Property File 
[DEBUG][2015-12-11 15:48:59,804][com.java.SeleniumDriver] [  238] - url : https://clients-xuat.bankersdashboard.com
[INFO ][2015-12-11 15:48:59,805][com.java.ImportnExport.ExportTestResultsExcel] [  116] - Time Stamp Fri Dec 11 03:48:59 IST 2015
[INFO ][2015-12-11 15:48:59,805][com.java.ImportnExport.ExportTestResultsExcel] [  175] - OUT FILE : D:\BankersDashboard/TestReports/Test Results_BankersDashBoard_121115_154859_IE10_First Bank.xls
[INFO ][2015-12-11 15:48:59,834][com.java.ImportnExport.ExportTestResultsExcel] [  180] - Test Result file is created
[DEBUG][2015-12-11 15:48:59,941][com.java.SeleniumDriver] [  426] - Hub ip address is-------172.17.68.34
[INFO ][2015-12-11 15:48:59,942][com.java.SeleniumDriver] [  452] - Grid URL:http://172.17.68.34:4444/wd/hub
[INFO ][2015-12-11 15:48:59,943][com.java.SeleniumDriver] [  453] - Capability:Capabilities [{platform=ANY, ensureCleanSession=true, ignoreProtectedModeSettings=true, acceptSslCerts=true, ignoreZoomSetting=true, browserName=internet explorer, browserstack.ie.noFlash=true, version=null}]
[ERROR][2015-12-11 15:49:01,263][com.java.SeleniumDriver] [  497] - Unable invoke browser in grid:Could not start a new session. Possible causes are invalid address of the remote server or browser start-up failure.
Build info: version: '2.48.2', revision: '41bccdd', time: '2015-10-09 19:59:12'
System info: host: 'FVTIII438F1D', ip: '172.17.68.34', os.name: 'Windows 7', os.arch: 'x86', os.version: '6.1', java.version: '1.7.0_55'
Driver info: driver.version: SeleniumDriver
[INFO ][2015-12-11 15:49:01,263][com.java.SeleniumDriver] [  499] - Executing on local machine
[INFO ][2015-12-11 15:49:10,841][com.java.SeleniumDriver] [  248] - IE10is opened
[INFO ][2015-12-11 15:49:11,730][com.java.SeleniumDriver] [  754] - Test cases to be executed are: [1, 13]
[INFO ][2015-12-11 15:49:11,749][com.java.ImportnExport.ImportTestDataDetailsExcel] [   49] - test data details path===== D:\BankersDashboard\TestInputs\TestData.xls
[INFO ][2015-12-11 15:49:11,823][com.java.SeleniumDriver] [  821] - ------------------------------------------
[INFO ][2015-12-11 15:49:11,824][com.java.SeleniumDriver] [  822] - Test case being Executed: 1
[INFO ][2015-12-11 15:49:11,824][com.java.SeleniumDriver] [  833] - Test step:1
[INFO ][2015-12-11 15:49:11,824][com.java.SeleniumDriver] [  845] - Datavalue is----------Concept#1:1-16
[INFO ][2015-12-11 15:49:11,824][com.java.SeleniumDriver] [  869] - DataField : test
[INFO ][2015-12-11 15:49:11,824][com.java.SeleniumDriver] [  871] - DataValue : Concept#1:1-16
[INFO ][2015-12-11 15:49:11,824][com.java.SeleniumDriver] [  877] - <In Set values of the page>
[INFO ][2015-12-11 15:49:11,824][com.java.SeleniumDriver] [  880] - {Data Fields & Data Values Exist}
[INFO ][2015-12-11 15:49:11,824][com.java.SeleniumDriver] [  882] - --------------------------setting values-----------------------------
[INFO ][2015-12-11 15:49:11,824][com.java.SeleniumDriver] [  885] - Action Type : ExecuteTestCase
[INFO ][2015-12-11 15:49:11,842][com.java.TestType] [  436] - The Concept sheet name is ---------- Concept
[INFO ][2015-12-11 15:49:11,842][com.java.TestType] [  439] - The Concept ID  is ---------- 1
[DEBUG][2015-12-11 15:49:11,842][com.java.TestType] [  443] - Steps being executted in the Concept are: 1:16
[INFO ][2015-12-11 15:49:11,842][com.java.TestType] [  450] - Test data details path ---------- D:\BankersDashboard\TestInputs\TestData.xls
[INFO ][2015-12-11 15:49:11,877][com.java.TestType] [  481] -  str(1) = 1
[INFO ][2015-12-11 15:49:11,878][com.java.TestType] [  484] - Test case Id is---1
[INFO ][2015-12-11 15:49:11,878][com.java.TestType] [  486] - 1
[INFO ][2015-12-11 15:49:11,878][com.java.TestType] [  481] -  str(2) = 1
[INFO ][2015-12-11 15:49:11,880][com.java.TestType] [  533] - row values are--------{1=com.java.Objects.TestDataDetails@12ab5b8}
[INFO ][2015-12-11 15:49:11,880][com.java.TestType] [  481] -  str(1) = 1
[INFO ][2015-12-11 15:49:11,880][com.java.TestType] [  484] - Test case Id is---1
[INFO ][2015-12-11 15:49:11,881][com.java.TestType] [  486] - 1
[INFO ][2015-12-11 15:49:11,881][com.java.TestType] [  481] -  str(2) = 2
[INFO ][2015-12-11 15:49:11,882][com.java.TestType] [  533] - row values are--------{1=com.java.Objects.TestDataDetails@12ab5b8, 2=com.java.Objects.TestDataDetails@1001872}
[INFO ][2015-12-11 15:49:11,882][com.java.TestType] [  481] -  str(1) = 1
[INFO ][2015-12-11 15:49:11,882][com.java.TestType] [  484] - Test case Id is---1
[INFO ][2015-12-11 15:49:11,882][com.java.TestType] [  486] - 1
[INFO ][2015-12-11 15:49:11,882][com.java.TestType] [  481] -  str(2) = 3
[INFO ][2015-12-11 15:49:11,885][com.java.TestType] [  533] - row values are--------{1=com.java.Objects.TestDataDetails@12ab5b8, 2=com.java.Objects.TestDataDetails@1001872, 3=com.java.Objects.TestDataDetails@8629d1}
[INFO ][2015-12-11 15:49:11,886][com.java.TestType] [  481] -  str(1) = 1
[INFO ][2015-12-11 15:49:11,886][com.java.TestType] [  484] - Test case Id is---1
[INFO ][2015-12-11 15:49:11,886][com.java.TestType] [  486] - 1
[INFO ][2015-12-11 15:49:11,886][com.java.TestType] [  481] -  str(2) = 4
[INFO ][2015-12-11 15:49:11,887][com.java.TestType] [  533] - row values are--------{1=com.java.Objects.TestDataDetails@12ab5b8, 2=com.java.Objects.TestDataDetails@1001872, 3=com.java.Objects.TestDataDetails@8629d1, 4=com.java.Objects.TestDataDetails@1737301}
[INFO ][2015-12-11 15:49:11,887][com.java.TestType] [  481] -  str(1) = 1
[INFO ][2015-12-11 15:49:11,887][com.java.TestType] [  484] - Test case Id is---1
[INFO ][2015-12-11 15:49:11,887][com.java.TestType] [  486] - 1
[INFO ][2015-12-11 15:49:11,888][com.java.TestType] [  481] -  str(2) = 5
[INFO ][2015-12-11 15:49:11,889][com.java.TestType] [  533] - row values are--------{1=com.java.Objects.TestDataDetails@12ab5b8, 2=com.java.Objects.TestDataDetails@1001872, 3=com.java.Objects.TestDataDetails@8629d1, 4=com.java.Objects.TestDataDetails@1737301, 5=com.java.Objects.TestDataDetails@da95c1}
[INFO ][2015-12-11 15:49:11,889][com.java.TestType] [  481] -  str(1) = 1
[INFO ][2015-12-11 15:49:11,889][com.java.TestType] [  484] - Test case Id is---1
[INFO ][2015-12-11 15:49:11,889][com.java.TestType] [  486] - 1
[INFO ][2015-12-11 15:49:11,889][com.java.TestType] [  481] -  str(2) = 6
[INFO ][2015-12-11 15:49:11,890][com.java.TestType] [  533] - row values are--------{1=com.java.Objects.TestDataDetails@12ab5b8, 2=com.java.Objects.TestDataDetails@1001872, 3=com.java.Objects.TestDataDetails@8629d1, 4=com.java.Objects.TestDataDetails@1737301, 5=com.java.Objects.TestDataDetails@da95c1, 6=com.java.Objects.TestDataDetails@1c3599d}
[INFO ][2015-12-11 15:49:11,890][com.java.TestType] [  481] -  str(1) = 1
[INFO ][2015-12-11 15:49:11,890][com.java.TestType] [  484] - Test case Id is---1
[INFO ][2015-12-11 15:49:11,890][com.java.TestType] [  486] - 1
[INFO ][2015-12-11 15:49:11,890][com.java.TestType] [  481] -  str(2) = 7
[INFO ][2015-12-11 15:49:11,891][com.java.TestType] [  533] - row values are--------{1=com.java.Objects.TestDataDetails@12ab5b8, 2=com.java.Objects.TestDataDetails@1001872, 3=com.java.Objects.TestDataDetails@8629d1, 4=com.java.Objects.TestDataDetails@1737301, 5=com.java.Objects.TestDataDetails@da95c1, 6=com.java.Objects.TestDataDetails@1c3599d, 7=com.java.Objects.TestDataDetails@61514f}
[INFO ][2015-12-11 15:49:11,891][com.java.TestType] [  481] -  str(1) = 1
[INFO ][2015-12-11 15:49:11,892][com.java.TestType] [  484] - Test case Id is---1
[INFO ][2015-12-11 15:49:11,892][com.java.TestType] [  486] - 1
[INFO ][2015-12-11 15:49:11,892][com.java.TestType] [  481] -  str(2) = 8
[INFO ][2015-12-11 15:49:11,892][com.java.TestType] [  533] - row values are--------{1=com.java.Objects.TestDataDetails@12ab5b8, 2=com.java.Objects.TestDataDetails@1001872, 3=com.java.Objects.TestDataDetails@8629d1, 4=com.java.Objects.TestDataDetails@1737301, 5=com.java.Objects.TestDataDetails@da95c1, 6=com.java.Objects.TestDataDetails@1c3599d, 7=com.java.Objects.TestDataDetails@61514f, 8=com.java.Objects.TestDataDetails@d675ec}
[INFO ][2015-12-11 15:49:11,893][com.java.TestType] [  481] -  str(1) = 1
[INFO ][2015-12-11 15:49:11,893][com.java.TestType] [  484] - Test case Id is---1
[INFO ][2015-12-11 15:49:11,893][com.java.TestType] [  486] - 1
[INFO ][2015-12-11 15:49:11,893][com.java.TestType] [  481] -  str(2) = 9
[INFO ][2015-12-11 15:49:11,894][com.java.TestType] [  533] - row values are--------{1=com.java.Objects.TestDataDetails@12ab5b8, 2=com.java.Objects.TestDataDetails@1001872, 3=com.java.Objects.TestDataDetails@8629d1, 4=com.java.Objects.TestDataDetails@1737301, 5=com.java.Objects.TestDataDetails@da95c1, 6=com.java.Objects.TestDataDetails@1c3599d, 7=com.java.Objects.TestDataDetails@61514f, 8=com.java.Objects.TestDataDetails@d675ec, 9=com.java.Objects.TestDataDetails@183e1ad}
[INFO ][2015-12-11 15:49:11,895][com.java.TestType] [  481] -  str(1) = 1
[INFO ][2015-12-11 15:49:11,895][com.java.TestType] [  484] - Test case Id is---1
[INFO ][2015-12-11 15:49:11,895][com.java.TestType] [  486] - 1
[INFO ][2015-12-11 15:49:11,895][com.java.TestType] [  481] -  str(2) = 10
[INFO ][2015-12-11 15:49:11,896][com.java.TestType] [  533] - row values are--------{1=com.java.Objects.TestDataDetails@12ab5b8, 2=com.java.Objects.TestDataDetails@1001872, 3=com.java.Objects.TestDataDetails@8629d1, 4=com.java.Objects.TestDataDetails@1737301, 5=com.java.Objects.TestDataDetails@da95c1, 6=com.java.Objects.TestDataDetails@1c3599d, 7=com.java.Objects.TestDataDetails@61514f, 8=com.java.Objects.TestDataDetails@d675ec, 9=com.java.Objects.TestDataDetails@183e1ad, 10=com.java.Objects.TestDataDetails@1988f4b}
[INFO ][2015-12-11 15:49:11,896][com.java.TestType] [  481] -  str(1) = 1
[INFO ][2015-12-11 15:49:11,896][com.java.TestType] [  484] - Test case Id is---1
[INFO ][2015-12-11 15:49:11,896][com.java.TestType] [  486] - 1
[INFO ][2015-12-11 15:49:11,896][com.java.TestType] [  481] -  str(2) = 11
[INFO ][2015-12-11 15:49:11,897][com.java.TestType] [  533] - row values are--------{1=com.java.Objects.TestDataDetails@12ab5b8, 2=com.java.Objects.TestDataDetails@1001872, 3=com.java.Objects.TestDataDetails@8629d1, 4=com.java.Objects.TestDataDetails@1737301, 5=com.java.Objects.TestDataDetails@da95c1, 6=com.java.Objects.TestDataDetails@1c3599d, 7=com.java.Objects.TestDataDetails@61514f, 8=com.java.Objects.TestDataDetails@d675ec, 9=com.java.Objects.TestDataDetails@183e1ad, 10=com.java.Objects.TestDataDetails@1988f4b, 11=com.java.Objects.TestDataDetails@43f347}
[INFO ][2015-12-11 15:49:11,897][com.java.TestType] [  481] -  str(1) = 1
[INFO ][2015-12-11 15:49:11,897][com.java.TestType] [  484] - Test case Id is---1
[INFO ][2015-12-11 15:49:11,897][com.java.TestType] [  486] - 1
[INFO ][2015-12-11 15:49:11,897][com.java.TestType] [  481] -  str(2) = 12
[INFO ][2015-12-11 15:49:11,898][com.java.TestType] [  533] - row values are--------{1=com.java.Objects.TestDataDetails@12ab5b8, 2=com.java.Objects.TestDataDetails@1001872, 3=com.java.Objects.TestDataDetails@8629d1, 4=com.java.Objects.TestDataDetails@1737301, 5=com.java.Objects.TestDataDetails@da95c1, 6=com.java.Objects.TestDataDetails@1c3599d, 7=com.java.Objects.TestDataDetails@61514f, 8=com.java.Objects.TestDataDetails@d675ec, 9=com.java.Objects.TestDataDetails@183e1ad, 10=com.java.Objects.TestDataDetails@1988f4b, 11=com.java.Objects.TestDataDetails@43f347, 12=com.java.Objects.TestDataDetails@5de5e6}
[INFO ][2015-12-11 15:49:11,898][com.java.TestType] [  481] -  str(1) = 1
[INFO ][2015-12-11 15:49:11,898][com.java.TestType] [  484] - Test case Id is---1
[INFO ][2015-12-11 15:49:11,898][com.java.TestType] [  486] - 1
[INFO ][2015-12-11 15:49:11,898][com.java.TestType] [  481] -  str(2) = 13
[INFO ][2015-12-11 15:49:11,899][com.java.TestType] [  533] - row values are--------{1=com.java.Objects.TestDataDetails@12ab5b8, 2=com.java.Objects.TestDataDetails@1001872, 3=com.java.Objects.TestDataDetails@8629d1, 4=com.java.Objects.TestDataDetails@1737301, 5=com.java.Objects.TestDataDetails@da95c1, 6=com.java.Objects.TestDataDetails@1c3599d, 7=com.java.Objects.TestDataDetails@61514f, 8=com.java.Objects.TestDataDetails@d675ec, 9=com.java.Objects.TestDataDetails@183e1ad, 10=com.java.Objects.TestDataDetails@1988f4b, 11=com.java.Objects.TestDataDetails@43f347, 12=com.java.Objects.TestDataDetails@5de5e6, 13=com.java.Objects.TestDataDetails@1bd3d8f}
[INFO ][2015-12-11 15:49:11,899][com.java.TestType] [  481] -  str(1) = 1
[INFO ][2015-12-11 15:49:11,899][com.java.TestType] [  484] - Test case Id is---1
[INFO ][2015-12-11 15:49:11,899][com.java.TestType] [  486] - 1
[INFO ][2015-12-11 15:49:11,899][com.java.TestType] [  481] -  str(2) = 14
[INFO ][2015-12-11 15:49:11,900][com.java.TestType] [  533] - row values are--------{1=com.java.Objects.TestDataDetails@12ab5b8, 2=com.java.Objects.TestDataDetails@1001872, 3=com.java.Objects.TestDataDetails@8629d1, 4=com.java.Objects.TestDataDetails@1737301, 5=com.java.Objects.TestDataDetails@da95c1, 6=com.java.Objects.TestDataDetails@1c3599d, 7=com.java.Objects.TestDataDetails@61514f, 8=com.java.Objects.TestDataDetails@d675ec, 9=com.java.Objects.TestDataDetails@183e1ad, 10=com.java.Objects.TestDataDetails@1988f4b, 11=com.java.Objects.TestDataDetails@43f347, 12=com.java.Objects.TestDataDetails@5de5e6, 13=com.java.Objects.TestDataDetails@1bd3d8f, 14=com.java.Objects.TestDataDetails@1d23f53}
[INFO ][2015-12-11 15:49:11,900][com.java.TestType] [  481] -  str(1) = 1
[INFO ][2015-12-11 15:49:11,900][com.java.TestType] [  484] - Test case Id is---1
[INFO ][2015-12-11 15:49:11,900][com.java.TestType] [  486] - 1
[INFO ][2015-12-11 15:49:11,900][com.java.TestType] [  481] -  str(2) = 15
[INFO ][2015-12-11 15:49:11,901][com.java.TestType] [  533] - row values are--------{1=com.java.Objects.TestDataDetails@12ab5b8, 2=com.java.Objects.TestDataDetails@1001872, 3=com.java.Objects.TestDataDetails@8629d1, 4=com.java.Objects.TestDataDetails@1737301, 5=com.java.Objects.TestDataDetails@da95c1, 6=com.java.Objects.TestDataDetails@1c3599d, 7=com.java.Objects.TestDataDetails@61514f, 8=com.java.Objects.TestDataDetails@d675ec, 9=com.java.Objects.TestDataDetails@183e1ad, 10=com.java.Objects.TestDataDetails@1988f4b, 11=com.java.Objects.TestDataDetails@43f347, 12=com.java.Objects.TestDataDetails@5de5e6, 13=com.java.Objects.TestDataDetails@1bd3d8f, 14=com.java.Objects.TestDataDetails@1d23f53, 15=com.java.Objects.TestDataDetails@7aa1d2}
[INFO ][2015-12-11 15:49:11,901][com.java.TestType] [  481] -  str(1) = 1
[INFO ][2015-12-11 15:49:11,901][com.java.TestType] [  484] - Test case Id is---1
[INFO ][2015-12-11 15:49:11,901][com.java.TestType] [  486] - 1
[INFO ][2015-12-11 15:49:11,901][com.java.TestType] [  481] -  str(2) = 16
[INFO ][2015-12-11 15:49:11,903][com.java.TestType] [  533] - row values are--------{1=com.java.Objects.TestDataDetails@12ab5b8, 2=com.java.Objects.TestDataDetails@1001872, 3=com.java.Objects.TestDataDetails@8629d1, 4=com.java.Objects.TestDataDetails@1737301, 5=com.java.Objects.TestDataDetails@da95c1, 6=com.java.Objects.TestDataDetails@1c3599d, 7=com.java.Objects.TestDataDetails@61514f, 8=com.java.Objects.TestDataDetails@d675ec, 9=com.java.Objects.TestDataDetails@183e1ad, 10=com.java.Objects.TestDataDetails@1988f4b, 11=com.java.Objects.TestDataDetails@43f347, 12=com.java.Objects.TestDataDetails@5de5e6, 13=com.java.Objects.TestDataDetails@1bd3d8f, 14=com.java.Objects.TestDataDetails@1d23f53, 15=com.java.Objects.TestDataDetails@7aa1d2, 16=com.java.Objects.TestDataDetails@3c86bc}
[INFO ][2015-12-11 15:49:11,903][com.java.TestType] [10075] - Looping 1TCID = 1
[DEBUG][2015-12-11 15:49:11,903][com.java.TestType] [10116] - Concept ID:1 :: Step being Executed: 1::1
[INFO ][2015-12-11 15:49:11,903][com.java.TestType] [10154] - dataFields : TXTusername
[DEBUG][2015-12-11 15:49:11,903][com.java.TestType] [10160] - <In Set values of the page>
[DEBUG][2015-12-11 15:49:11,904][com.java.TestType] [10165] - {Data Fields & Data Values Exist}
[INFO ][2015-12-11 15:49:11,904][com.java.TestType] [10171] - --------------------------setting values-----------------------------
[INFO ][2015-12-11 15:49:11,904][com.java.TestType] [10174] - Action Type : CLEARANDENTER
[INFO ][2015-12-11 15:49:11,904][com.java.TestType] [ 5500] - value = valuelabs.ie10.15019
[INFO ][2015-12-11 15:49:16,684][com.java.TestType] [10193] -  RESULT true
[INFO ][2015-12-11 15:49:16,684][com.java.TestType] [10310] - ?   P A S S   ?
[DEBUG][2015-12-11 15:49:16,685][com.java.TestType] [10116] - Concept ID:1 :: Step being Executed: 1::2
[INFO ][2015-12-11 15:49:16,685][com.java.TestType] [10154] - dataFields : TXTpassword
[DEBUG][2015-12-11 15:49:16,685][com.java.TestType] [10160] - <In Set values of the page>
[DEBUG][2015-12-11 15:49:16,685][com.java.TestType] [10165] - {Data Fields & Data Values Exist}
[INFO ][2015-12-11 15:49:16,685][com.java.TestType] [10171] - --------------------------setting values-----------------------------
[INFO ][2015-12-11 15:49:16,685][com.java.TestType] [10174] - Action Type : CLEARANDENTER
[INFO ][2015-12-11 15:49:16,685][com.java.TestType] [ 5500] - value = Password1*
[INFO ][2015-12-11 15:49:21,563][com.java.TestType] [10193] -  RESULT true
[INFO ][2015-12-11 15:49:21,563][com.java.TestType] [10310] - ?   P A S S   ?
[DEBUG][2015-12-11 15:49:21,563][com.java.TestType] [10116] - Concept ID:1 :: Step being Executed: 1::3
[ERROR][2015-12-11 15:49:21,563][com.java.TestType] [10149] - Exception: null
[INFO ][2015-12-11 15:49:21,563][com.java.TestType] [10154] - dataFields : XPH//button[@type='submit']
[DEBUG][2015-12-11 15:49:21,563][com.java.TestType] [10160] - <In Set values of the page>
[DEBUG][2015-12-11 15:49:21,563][com.java.TestType] [10165] - {Data Fields & Data Values Exist}
[INFO ][2015-12-11 15:49:21,563][com.java.TestType] [10171] - --------------------------setting values-----------------------------
[INFO ][2015-12-11 15:49:21,564][com.java.TestType] [10174] - Action Type : Click
[INFO ][2015-12-11 15:49:21,564][com.java.TestType] [ 5850] - Field ::XPH//button[@type='submit']
[INFO ][2015-12-11 15:49:21,564][com.java.TestType] [ 5500] - value = 
[INFO ][2015-12-11 15:49:22,564][com.java.TestType] [ 5957] - BEFORE CLICK
[INFO ][2015-12-11 15:49:23,402][com.java.TestType] [ 5965] - Unable to click the object Login
[INFO ][2015-12-11 15:49:23,402][com.java.TestType] [10193] -  RESULT true
[INFO ][2015-12-11 15:49:23,402][com.java.TestType] [10310] - ?   P A S S   ?
[DEBUG][2015-12-11 15:49:23,402][com.java.TestType] [10116] - Concept ID:1 :: Step being Executed: 1::4
[INFO ][2015-12-11 15:49:23,402][com.java.TestType] [10154] - dataFields : LNKLogout
[DEBUG][2015-12-11 15:49:23,402][com.java.TestType] [10160] - <In Set values of the page>
[DEBUG][2015-12-11 15:49:23,402][com.java.TestType] [10165] - {Data Fields & Data Values Exist}
[INFO ][2015-12-11 15:49:23,402][com.java.TestType] [10171] - --------------------------setting values-----------------------------
[INFO ][2015-12-11 15:49:23,402][com.java.TestType] [10174] - Action Type : WaitForElement
[INFO ][2015-12-11 15:49:26,773][com.java.TestType] [10193] -  RESULT true
[INFO ][2015-12-11 15:49:26,773][com.java.TestType] [10310] - ?   P A S S   ?
[DEBUG][2015-12-11 15:49:26,774][com.java.TestType] [10116] - Concept ID:1 :: Step being Executed: 1::15
[INFO ][2015-12-11 15:49:26,774][com.java.TestType] [10154] - dataFields : LNK
[DEBUG][2015-12-11 15:49:26,774][com.java.TestType] [10160] - <In Set values of the page>
[DEBUG][2015-12-11 15:49:26,774][com.java.TestType] [10165] - {Data Fields & Data Values Exist}
[INFO ][2015-12-11 15:49:26,775][com.java.TestType] [10171] - --------------------------setting values-----------------------------
[INFO ][2015-12-11 15:49:26,775][com.java.TestType] [10174] - Action Type : Verify
[INFO ][2015-12-11 15:49:26,775][com.java.TestType] [ 6763] - field= LNK value= Logout
[INFO ][2015-12-11 15:49:26,776][com.java.TestType] [ 5500] - value = Logout
[INFO ][2015-12-11 15:49:26,810][com.java.TestType] [10193] -  RESULT true
[INFO ][2015-12-11 15:49:26,810][com.java.TestType] [10310] - ?   P A S S   ?
[DEBUG][2015-12-11 15:49:26,810][com.java.TestType] [10116] - Concept ID:1 :: Step being Executed: 1::16
[INFO ][2015-12-11 15:49:26,810][com.java.TestType] [10154] - dataFields : BTN
[DEBUG][2015-12-11 15:49:26,810][com.java.TestType] [10160] - <In Set values of the page>
[DEBUG][2015-12-11 15:49:26,811][com.java.TestType] [10165] - {Data Fields & Data Values Exist}
[INFO ][2015-12-11 15:49:26,811][com.java.TestType] [10171] - --------------------------setting values-----------------------------
[INFO ][2015-12-11 15:49:26,812][com.java.TestType] [10174] - Action Type : Verify
[INFO ][2015-12-11 15:49:26,812][com.java.TestType] [ 6763] - field= BTN value= //img[contains(@src,'bdlogo.jpg')]
[INFO ][2015-12-11 15:49:26,812][com.java.TestType] [ 5500] - value = //img[contains(@src,'bdlogo.jpg')]
[INFO ][2015-12-11 15:49:26,879][com.java.TestType] [10193] -  RESULT true
[INFO ][2015-12-11 15:49:26,879][com.java.TestType] [10310] - ?   P A S S   ?
[INFO ][2015-12-11 15:49:26,879][com.java.TestType] [10381] - Looping End......
[INFO ][2015-12-11 15:49:26,883][com.java.SeleniumDriver] [  894] -  RESULT true
[INFO ][2015-12-11 15:49:26,883][com.java.SeleniumDriver] [ 1100] - ?   P A S S   ?
[INFO ][2015-12-11 15:49:26,883][com.java.SeleniumDriver] [  821] - ------------------------------------------
[INFO ][2015-12-11 15:49:26,883][com.java.SeleniumDriver] [  822] - Test case being Executed: 1
[INFO ][2015-12-11 15:49:26,883][com.java.SeleniumDriver] [  833] - Test step:2
[INFO ][2015-12-11 15:49:26,883][com.java.SeleniumDriver] [  845] - Datavalue is----------Concept#2:1-2
[INFO ][2015-12-11 15:49:26,883][com.java.SeleniumDriver] [  869] - DataField : test
[INFO ][2015-12-11 15:49:26,883][com.java.SeleniumDriver] [  871] - DataValue : Concept#2:1-2
[INFO ][2015-12-11 15:49:26,883][com.java.SeleniumDriver] [  877] - <In Set values of the page>
[INFO ][2015-12-11 15:49:26,883][com.java.SeleniumDriver] [  880] - {Data Fields & Data Values Exist}
[INFO ][2015-12-11 15:49:26,883][com.java.SeleniumDriver] [  882] - --------------------------setting values-----------------------------
[INFO ][2015-12-11 15:49:26,883][com.java.SeleniumDriver] [  885] - Action Type : ExecuteTestCase
[INFO ][2015-12-11 15:49:26,884][com.java.TestType] [  436] - The Concept sheet name is ---------- Concept
[INFO ][2015-12-11 15:49:26,884][com.java.TestType] [  439] - The Concept ID  is ---------- 2
[DEBUG][2015-12-11 15:49:26,884][com.java.TestType] [  443] - Steps being executted in the Concept are: 1:2
[INFO ][2015-12-11 15:49:26,884][com.java.TestType] [  450] - Test data details path ---------- D:\BankersDashboard\TestInputs\TestData.xls
[INFO ][2015-12-11 15:49:26,915][com.java.TestType] [  481] -  str(1) = 2
[INFO ][2015-12-11 15:49:26,915][com.java.TestType] [  484] - Test case Id is---2
[INFO ][2015-12-11 15:49:26,915][com.java.TestType] [  486] - 2
[INFO ][2015-12-11 15:49:26,915][com.java.TestType] [  481] -  str(2) = 1
[INFO ][2015-12-11 15:49:26,917][com.java.TestType] [  533] - row values are--------{1=com.java.Objects.TestDataDetails@1979138}
[INFO ][2015-12-11 15:49:26,917][com.java.TestType] [  481] -  str(1) = 2
[INFO ][2015-12-11 15:49:26,917][com.java.TestType] [  484] - Test case Id is---2
[INFO ][2015-12-11 15:49:26,917][com.java.TestType] [  486] - 2
[INFO ][2015-12-11 15:49:26,917][com.java.TestType] [  481] -  str(2) = 2
[INFO ][2015-12-11 15:49:26,918][com.java.TestType] [  533] - row values are--------{1=com.java.Objects.TestDataDetails@1979138, 2=com.java.Objects.TestDataDetails@e6a4b}
[INFO ][2015-12-11 15:49:26,918][com.java.TestType] [  481] -  str(1) = 2
[INFO ][2015-12-11 15:49:26,918][com.java.TestType] [  484] - Test case Id is---2
[INFO ][2015-12-11 15:49:26,918][com.java.TestType] [  486] - 2
[INFO ][2015-12-11 15:49:26,918][com.java.TestType] [  481] -  str(2) = 3
[INFO ][2015-12-11 15:49:26,919][com.java.TestType] [  533] - row values are--------{1=com.java.Objects.TestDataDetails@1979138, 2=com.java.Objects.TestDataDetails@e6a4b, 3=com.java.Objects.TestDataDetails@10cebf7}
[INFO ][2015-12-11 15:49:26,919][com.java.TestType] [10075] - Looping 1TCID = 2
[DEBUG][2015-12-11 15:49:26,919][com.java.TestType] [10116] - Concept ID:2 :: Step being Executed: 2::1
[INFO ][2015-12-11 15:49:26,919][com.java.TestType] [10154] - dataFields : BNK//select[@id='bank']
[DEBUG][2015-12-11 15:49:26,919][com.java.TestType] [10160] - <In Set values of the page>
[DEBUG][2015-12-11 15:49:26,919][com.java.TestType] [10165] - {Data Fields & Data Values Exist}
[INFO ][2015-12-11 15:49:26,919][com.java.TestType] [10171] - --------------------------setting values-----------------------------
[INFO ][2015-12-11 15:49:26,919][com.java.TestType] [10174] - Action Type : Select
[INFO ][2015-12-11 15:49:26,919][com.java.TestType] [ 5500] - value = PFC
[INFO ][2015-12-11 15:49:27,067][com.java.TestType] [10193] -  RESULT true
[INFO ][2015-12-11 15:49:27,067][com.java.TestType] [10310] - ?   P A S S   ?
[DEBUG][2015-12-11 15:49:27,067][com.java.TestType] [10116] - Concept ID:2 :: Step being Executed: 2::2
[INFO ][2015-12-11 15:49:27,067][com.java.TestType] [10154] - dataFields : LNKLogout
[DEBUG][2015-12-11 15:49:27,067][com.java.TestType] [10160] - <In Set values of the page>
[DEBUG][2015-12-11 15:49:27,067][com.java.TestType] [10165] - {Data Fields & Data Values Exist}
[INFO ][2015-12-11 15:49:27,067][com.java.TestType] [10171] - --------------------------setting values-----------------------------
[INFO ][2015-12-11 15:49:27,067][com.java.TestType] [10174] - Action Type : WaitTime
[DEBUG][2015-12-11 15:49:27,067][com.java.TestType] [ 5320] - sleepTime: 5000
[INFO ][2015-12-11 15:49:32,067][com.java.TestType] [10193] -  RESULT true
[INFO ][2015-12-11 15:49:32,067][com.java.TestType] [10310] - ?   P A S S   ?
[INFO ][2015-12-11 15:49:32,067][com.java.TestType] [10381] - Looping End......
[INFO ][2015-12-11 15:49:32,071][com.java.SeleniumDriver] [  894] -  RESULT true
[INFO ][2015-12-11 15:49:32,071][com.java.SeleniumDriver] [ 1100] - ?   P A S S   ?
[INFO ][2015-12-11 15:49:32,071][com.java.SeleniumDriver] [  821] - ------------------------------------------
[INFO ][2015-12-11 15:49:32,071][com.java.SeleniumDriver] [  822] - Test case being Executed: 1
[INFO ][2015-12-11 15:49:32,071][com.java.SeleniumDriver] [  833] - Test step:3
[INFO ][2015-12-11 15:49:32,071][com.java.SeleniumDriver] [  845] - Datavalue is----------2
[INFO ][2015-12-11 15:49:32,071][com.java.SeleniumDriver] [  869] - DataField : XPH//button[contains(text(),'Add Content')]
[INFO ][2015-12-11 15:49:32,071][com.java.SeleniumDriver] [  871] - DataValue : 2
[INFO ][2015-12-11 15:49:32,071][com.java.SeleniumDriver] [  877] - <In Set values of the page>
[INFO ][2015-12-11 15:49:32,071][com.java.SeleniumDriver] [  880] - {Data Fields & Data Values Exist}
[INFO ][2015-12-11 15:49:32,071][com.java.SeleniumDriver] [  882] - --------------------------setting values-----------------------------
[INFO ][2015-12-11 15:49:32,072][com.java.SeleniumDriver] [  885] - Action Type : WAITFORELEMENT
[INFO ][2015-12-11 15:49:32,106][com.java.SeleniumDriver] [  894] -  RESULT true
[INFO ][2015-12-11 15:49:32,106][com.java.SeleniumDriver] [ 1100] - ?   P A S S   ?
[DEBUG][2015-12-11 15:49:32,106][com.java.SeleniumDriver] [ 1212] - Case found
[DEBUG][2015-12-11 15:49:32,106][com.java.SeleniumDriver] [ 1217] - Incrementing ReportCounters[0]:1
[INFO ][2015-12-11 15:49:32,106][com.java.SeleniumDriver] [ 1236] - The results are-------------------[1, 1, Valid Login, Pass, , Fri Dec 11 15:49:26 IST 2015, 1, 2, Valid Login, Pass, , Fri Dec 11 15:49:32 IST 2015, 1, 3, Valid Login, Pass, , Fri Dec 11 15:49:32 IST 2015]
[INFO ][2015-12-11 15:49:32,106][com.java.SeleniumDriver] [ 1240] - End time is-------34 sec
[INFO ][2015-12-11 15:49:32,106][com.java.SeleniumDriver] [ 1241] - The results are-------------------[1, 1, Valid Login, Pass, , Fri Dec 11 15:49:26 IST 2015, 1, 2, Valid Login, Pass, , Fri Dec 11 15:49:32 IST 2015, 1, 3, Valid Login, Pass, , Fri Dec 11 15:49:32 IST 2015]
[DEBUG][2015-12-11 15:49:32,106][com.java.ImportnExport.ExportTestResultsExcel] [  222] - testResultPath = D:\BankersDashboard/TestReports/Test Results_BankersDashBoard_121115_154859_IE10_First Bank.xls
[DEBUG][2015-12-11 15:49:32,107][com.java.ImportnExport.ExportTestResultsExcel] [  223] - browser is------------IE10
[DEBUG][2015-12-11 15:49:32,150][com.java.ImportnExport.ExportTestResultsExcel] [  270] - result.size() = 18
[DEBUG][2015-12-11 15:49:32,150][com.java.ImportnExport.ExportTestResultsExcel] [  274] - No of rows in sheet=1
[DEBUG][2015-12-11 15:49:32,150][com.java.ImportnExport.ExportTestResultsExcel] [  301] - ..in export..1
[DEBUG][2015-12-11 15:49:32,150][com.java.ImportnExport.ExportTestResultsExcel] [  301] - ..in export..Valid Login
[DEBUG][2015-12-11 15:49:32,150][com.java.ImportnExport.ExportTestResultsExcel] [  301] - ..in export..Pass
[DEBUG][2015-12-11 15:49:32,150][com.java.ImportnExport.ExportTestResultsExcel] [  301] - ..in export..
[DEBUG][2015-12-11 15:49:32,150][com.java.ImportnExport.ExportTestResultsExcel] [  301] - ..in export..Fri Dec 11 15:49:26 IST 2015
[INFO ][2015-12-11 15:49:32,152][com.java.SeleniumDriver] [ 1299] - out loop:0 size:2 TestCases:[1, 13] testcases:[1, 13]
[INFO ][2015-12-11 15:49:32,152][com.java.ImportnExport.ImportTestDataDetailsExcel] [   49] - test data details path===== D:\BankersDashboard\TestInputs\TestData.xls
[INFO ][2015-12-11 15:49:53,154][com.java.SeleniumDriver] [  821] - ------------------------------------------
[INFO ][2015-12-11 15:49:53,154][com.java.SeleniumDriver] [  822] - Test case being Executed: 13
[INFO ][2015-12-11 15:49:53,154][com.java.SeleniumDriver] [  833] - Test step:1
[INFO ][2015-12-11 15:49:53,154][com.java.SeleniumDriver] [  845] - Datavalue is----------Logout
[INFO ][2015-12-11 15:49:53,154][com.java.SeleniumDriver] [  869] - DataField : BTN
[INFO ][2015-12-11 15:49:53,154][com.java.SeleniumDriver] [  871] - DataValue : Logout
[INFO ][2015-12-11 15:49:53,154][com.java.SeleniumDriver] [  877] - <In Set values of the page>
[INFO ][2015-12-11 15:49:53,156][com.java.SeleniumDriver] [  880] - {Data Fields & Data Values Exist}
[INFO ][2015-12-11 15:49:53,156][com.java.SeleniumDriver] [  882] - --------------------------setting values-----------------------------
[INFO ][2015-12-11 15:49:53,156][com.java.SeleniumDriver] [  885] - Action Type : Verify
[INFO ][2015-12-11 15:49:53,156][com.java.TestType] [ 6763] - field= BTN value= Logout
[INFO ][2015-12-11 15:49:53,156][com.java.TestType] [ 5500] - value = Logout
[INFO ][2015-12-11 15:49:53,221][com.java.SeleniumDriver] [  894] -  RESULT true
[INFO ][2015-12-11 15:49:53,221][com.java.SeleniumDriver] [ 1100] - ?   P A S S   ?
[INFO ][2015-12-11 15:49:53,221][com.java.SeleniumDriver] [ 1142] - step change to 3
[INFO ][2015-12-11 15:49:53,221][com.java.SeleniumDriver] [  821] - ------------------------------------------
[INFO ][2015-12-11 15:49:53,221][com.java.SeleniumDriver] [  822] - Test case being Executed: 13
[INFO ][2015-12-11 15:49:53,221][com.java.SeleniumDriver] [  833] - Test step:3
[INFO ][2015-12-11 15:49:53,221][com.java.SeleniumDriver] [  845] - Datavalue is----------Concept#2:1-2
[INFO ][2015-12-11 15:49:53,221][com.java.SeleniumDriver] [  869] - DataField : test
[INFO ][2015-12-11 15:49:53,222][com.java.SeleniumDriver] [  871] - DataValue : Concept#2:1-2
[INFO ][2015-12-11 15:49:53,222][com.java.SeleniumDriver] [  877] - <In Set values of the page>
[INFO ][2015-12-11 15:49:53,222][com.java.SeleniumDriver] [  880] - {Data Fields & Data Values Exist}
[INFO ][2015-12-11 15:49:53,222][com.java.SeleniumDriver] [  882] - --------------------------setting values-----------------------------
[INFO ][2015-12-11 15:49:53,222][com.java.SeleniumDriver] [  885] - Action Type : ExecuteTestCase
[INFO ][2015-12-11 15:49:53,222][com.java.TestType] [  436] - The Concept sheet name is ---------- Concept
[INFO ][2015-12-11 15:49:53,222][com.java.TestType] [  439] - The Concept ID  is ---------- 2
[DEBUG][2015-12-11 15:49:53,222][com.java.TestType] [  443] - Steps being executted in the Concept are: 1:2
[INFO ][2015-12-11 15:49:53,222][com.java.TestType] [  450] - Test data details path ---------- D:\BankersDashboard\TestInputs\TestData.xls
[INFO ][2015-12-11 15:49:53,252][com.java.TestType] [  481] -  str(1) = 2
[INFO ][2015-12-11 15:49:53,252][com.java.TestType] [  484] - Test case Id is---2
[INFO ][2015-12-11 15:49:53,252][com.java.TestType] [  486] - 2
[INFO ][2015-12-11 15:49:53,252][com.java.TestType] [  481] -  str(2) = 1
[INFO ][2015-12-11 15:49:53,254][com.java.TestType] [  533] - row values are--------{1=com.java.Objects.TestDataDetails@1f36a72}
[INFO ][2015-12-11 15:49:53,254][com.java.TestType] [  481] -  str(1) = 2
[INFO ][2015-12-11 15:49:53,255][com.java.TestType] [  484] - Test case Id is---2
[INFO ][2015-12-11 15:49:53,255][com.java.TestType] [  486] - 2
[INFO ][2015-12-11 15:49:53,255][com.java.TestType] [  481] -  str(2) = 2
[INFO ][2015-12-11 15:49:53,255][com.java.TestType] [  533] - row values are--------{1=com.java.Objects.TestDataDetails@1f36a72, 2=com.java.Objects.TestDataDetails@1c77f69}
[INFO ][2015-12-11 15:49:53,256][com.java.TestType] [  481] -  str(1) = 2
[INFO ][2015-12-11 15:49:53,256][com.java.TestType] [  484] - Test case Id is---2
[INFO ][2015-12-11 15:49:53,256][com.java.TestType] [  486] - 2
[INFO ][2015-12-11 15:49:53,256][com.java.TestType] [  481] -  str(2) = 3
[INFO ][2015-12-11 15:49:53,256][com.java.TestType] [  533] - row values are--------{1=com.java.Objects.TestDataDetails@1f36a72, 2=com.java.Objects.TestDataDetails@1c77f69, 3=com.java.Objects.TestDataDetails@1eb38d2}
[INFO ][2015-12-11 15:49:53,257][com.java.TestType] [10075] - Looping 1TCID = 2
[DEBUG][2015-12-11 15:49:53,257][com.java.TestType] [10116] - Concept ID:2 :: Step being Executed: 2::1
[INFO ][2015-12-11 15:49:53,257][com.java.TestType] [10154] - dataFields : BNK//select[@id='bank']
[DEBUG][2015-12-11 15:49:53,257][com.java.TestType] [10160] - <In Set values of the page>
[DEBUG][2015-12-11 15:49:53,257][com.java.TestType] [10165] - {Data Fields & Data Values Exist}
[INFO ][2015-12-11 15:49:53,257][com.java.TestType] [10171] - --------------------------setting values-----------------------------
[INFO ][2015-12-11 15:49:53,257][com.java.TestType] [10174] - Action Type : Select
[INFO ][2015-12-11 15:49:53,257][com.java.TestType] [ 5500] - value = PFC
[INFO ][2015-12-11 15:49:53,413][com.java.TestType] [10193] -  RESULT true
[INFO ][2015-12-11 15:49:53,413][com.java.TestType] [10310] - ?   P A S S   ?
[DEBUG][2015-12-11 15:49:53,413][com.java.TestType] [10116] - Concept ID:2 :: Step being Executed: 2::2
[INFO ][2015-12-11 15:49:53,413][com.java.TestType] [10154] - dataFields : LNKLogout
[DEBUG][2015-12-11 15:49:53,413][com.java.TestType] [10160] - <In Set values of the page>
[DEBUG][2015-12-11 15:49:53,413][com.java.TestType] [10165] - {Data Fields & Data Values Exist}
[INFO ][2015-12-11 15:49:53,413][com.java.TestType] [10171] - --------------------------setting values-----------------------------
[INFO ][2015-12-11 15:49:53,413][com.java.TestType] [10174] - Action Type : WaitTime
[DEBUG][2015-12-11 15:49:53,413][com.java.TestType] [ 5320] - sleepTime: 5000
[INFO ][2015-12-11 15:49:58,414][com.java.TestType] [10193] -  RESULT true
[INFO ][2015-12-11 15:49:58,414][com.java.TestType] [10310] - ?   P A S S   ?
[INFO ][2015-12-11 15:49:58,414][com.java.TestType] [10381] - Looping End......
[INFO ][2015-12-11 15:49:58,418][com.java.SeleniumDriver] [  894] -  RESULT true
[INFO ][2015-12-11 15:49:58,418][com.java.SeleniumDriver] [ 1100] - ?   P A S S   ?
[INFO ][2015-12-11 15:49:58,418][com.java.SeleniumDriver] [  821] - ------------------------------------------
[INFO ][2015-12-11 15:49:58,418][com.java.SeleniumDriver] [  822] - Test case being Executed: 13
[INFO ][2015-12-11 15:49:58,418][com.java.SeleniumDriver] [  833] - Test step:4
[INFO ][2015-12-11 15:49:58,418][com.java.SeleniumDriver] [  845] - Datavalue is----------Concept#7:1-36
[INFO ][2015-12-11 15:49:58,419][com.java.SeleniumDriver] [  869] - DataField : test
[INFO ][2015-12-11 15:49:58,419][com.java.SeleniumDriver] [  871] - DataValue : Concept#7:1-36
[INFO ][2015-12-11 15:49:58,419][com.java.SeleniumDriver] [  877] - <In Set values of the page>
[INFO ][2015-12-11 15:49:58,419][com.java.SeleniumDriver] [  880] - {Data Fields & Data Values Exist}
[INFO ][2015-12-11 15:49:58,419][com.java.SeleniumDriver] [  882] - --------------------------setting values-----------------------------
[INFO ][2015-12-11 15:49:58,419][com.java.SeleniumDriver] [  885] - Action Type : ExecuteTestCase
[INFO ][2015-12-11 15:49:58,419][com.java.TestType] [  436] - The Concept sheet name is ---------- Concept
[INFO ][2015-12-11 15:49:58,419][com.java.TestType] [  439] - The Concept ID  is ---------- 7
[DEBUG][2015-12-11 15:49:58,419][com.java.TestType] [  443] - Steps being executted in the Concept are: 1:36
[INFO ][2015-12-11 15:49:58,419][com.java.TestType] [  450] - Test data details path ---------- D:\BankersDashboard\TestInputs\TestData.xls
[INFO ][2015-12-11 15:49:58,457][com.java.TestType] [  481] -  str(1) = 7
[INFO ][2015-12-11 15:49:58,457][com.java.TestType] [  484] - Test case Id is---7
[INFO ][2015-12-11 15:49:58,457][com.java.TestType] [  486] - 7
[INFO ][2015-12-11 15:49:58,457][com.java.TestType] [  481] -  str(2) = 1
[INFO ][2015-12-11 15:49:58,458][com.java.TestType] [  533] - row values are--------{1=com.java.Objects.TestDataDetails@e07d1d}
[INFO ][2015-12-11 15:49:58,458][com.java.TestType] [  481] -  str(1) = 7
[INFO ][2015-12-11 15:49:58,459][com.java.TestType] [  484] - Test case Id is---7
[INFO ][2015-12-11 15:49:58,459][com.java.TestType] [  486] - 7
[INFO ][2015-12-11 15:49:58,459][com.java.TestType] [  481] -  str(2) = 2
[INFO ][2015-12-11 15:49:58,459][com.java.TestType] [  533] - row values are--------{1=com.java.Objects.TestDataDetails@e07d1d, 2=com.java.Objects.TestDataDetails@15d3352}
[INFO ][2015-12-11 15:49:58,459][com.java.TestType] [  481] -  str(1) = 7
[INFO ][2015-12-11 15:49:58,459][com.java.TestType] [  484] - Test case Id is---7
[INFO ][2015-12-11 15:49:58,459][com.java.TestType] [  486] - 7
[INFO ][2015-12-11 15:49:58,460][com.java.TestType] [  481] -  str(2) = 3
[INFO ][2015-12-11 15:49:58,460][com.java.TestType] [  533] - row values are--------{1=com.java.Objects.TestDataDetails@e07d1d, 2=com.java.Objects.TestDataDetails@15d3352, 3=com.java.Objects.TestDataDetails@1f20f2b}
[INFO ][2015-12-11 15:49:58,460][com.java.TestType] [  481] -  str(1) = 7
[INFO ][2015-12-11 15:49:58,460][com.java.TestType] [  484] - Test case Id is---7
[INFO ][2015-12-11 15:49:58,460][com.java.TestType] [  486] - 7
[INFO ][2015-12-11 15:49:58,460][com.java.TestType] [  481] -  str(2) = 4
[INFO ][2015-12-11 15:49:58,461][com.java.TestType] [  533] - row values are--------{1=com.java.Objects.TestDataDetails@e07d1d, 2=com.java.Objects.TestDataDetails@15d3352, 3=com.java.Objects.TestDataDetails@1f20f2b, 4=com.java.Objects.TestDataDetails@1758595}
[INFO ][2015-12-11 15:49:58,461][com.java.TestType] [  481] -  str(1) = 7
[INFO ][2015-12-11 15:49:58,461][com.java.TestType] [  484] - Test case Id is---7
[INFO ][2015-12-11 15:49:58,461][com.java.TestType] [  486] - 7
[INFO ][2015-12-11 15:49:58,461][com.java.TestType] [  481] -  str(2) = 5
[INFO ][2015-12-11 15:49:58,463][com.java.TestType] [  533] - row values are--------{1=com.java.Objects.TestDataDetails@e07d1d, 2=com.java.Objects.TestDataDetails@15d3352, 3=com.java.Objects.TestDataDetails@1f20f2b, 4=com.java.Objects.TestDataDetails@1758595, 5=com.java.Objects.TestDataDetails@1ae303a}
[INFO ][2015-12-11 15:49:58,463][com.java.TestType] [  481] -  str(1) = 7
[INFO ][2015-12-11 15:49:58,463][com.java.TestType] [  484] - Test case Id is---7
[INFO ][2015-12-11 15:49:58,463][com.java.TestType] [  486] - 7
[INFO ][2015-12-11 15:49:58,463][com.java.TestType] [  481] -  str(2) = 6
[INFO ][2015-12-11 15:49:58,464][com.java.TestType] [  533] - row values are--------{1=com.java.Objects.TestDataDetails@e07d1d, 2=com.java.Objects.TestDataDetails@15d3352, 3=com.java.Objects.TestDataDetails@1f20f2b, 4=com.java.Objects.TestDataDetails@1758595, 5=com.java.Objects.TestDataDetails@1ae303a, 6=com.java.Objects.TestDataDetails@136b93d}
[INFO ][2015-12-11 15:49:58,464][com.java.TestType] [  481] -  str(1) = 7
[INFO ][2015-12-11 15:49:58,464][com.java.TestType] [  484] - Test case Id is---7
[INFO ][2015-12-11 15:49:58,464][com.java.TestType] [  486] - 7
[INFO ][2015-12-11 15:49:58,464][com.java.TestType] [  481] -  str(2) = 7
[INFO ][2015-12-11 15:49:58,465][com.java.TestType] [  533] - row values are--------{1=com.java.Objects.TestDataDetails@e07d1d, 2=com.java.Objects.TestDataDetails@15d3352, 3=com.java.Objects.TestDataDetails@1f20f2b, 4=com.java.Objects.TestDataDetails@1758595, 5=com.java.Objects.TestDataDetails@1ae303a, 6=com.java.Objects.TestDataDetails@136b93d, 7=com.java.Objects.TestDataDetails@160dbd}
[INFO ][2015-12-11 15:49:58,465][com.java.TestType] [  481] -  str(1) = 7
[INFO ][2015-12-11 15:49:58,465][com.java.TestType] [  484] - Test case Id is---7
[INFO ][2015-12-11 15:49:58,465][com.java.TestType] [  486] - 7
[INFO ][2015-12-11 15:49:58,465][com.java.TestType] [  481] -  str(2) = 8
[INFO ][2015-12-11 15:49:58,465][com.java.TestType] [  533] - row values are--------{1=com.java.Objects.TestDataDetails@e07d1d, 2=com.java.Objects.TestDataDetails@15d3352, 3=com.java.Objects.TestDataDetails@1f20f2b, 4=com.java.Objects.TestDataDetails@1758595, 5=com.java.Objects.TestDataDetails@1ae303a, 6=com.java.Objects.TestDataDetails@136b93d, 7=com.java.Objects.TestDataDetails@160dbd, 8=com.java.Objects.TestDataDetails@b4417d}
[INFO ][2015-12-11 15:49:58,466][com.java.TestType] [  481] -  str(1) = 7
[INFO ][2015-12-11 15:49:58,466][com.java.TestType] [  484] - Test case Id is---7
[INFO ][2015-12-11 15:49:58,466][com.java.TestType] [  486] - 7
[INFO ][2015-12-11 15:49:58,466][com.java.TestType] [  481] -  str(2) = 9
[INFO ][2015-12-11 15:49:58,466][com.java.TestType] [  533] - row values are--------{1=com.java.Objects.TestDataDetails@e07d1d, 2=com.java.Objects.TestDataDetails@15d3352, 3=com.java.Objects.TestDataDetails@1f20f2b, 4=com.java.Objects.TestDataDetails@1758595, 5=com.java.Objects.TestDataDetails@1ae303a, 6=com.java.Objects.TestDataDetails@136b93d, 7=com.java.Objects.TestDataDetails@160dbd, 8=com.java.Objects.TestDataDetails@b4417d, 9=com.java.Objects.TestDataDetails@7e413c}
[INFO ][2015-12-11 15:49:58,467][com.java.TestType] [  481] -  str(1) = 7
[INFO ][2015-12-11 15:49:58,467][com.java.TestType] [  484] - Test case Id is---7
[INFO ][2015-12-11 15:49:58,467][com.java.TestType] [  486] - 7
[INFO ][2015-12-11 15:49:58,467][com.java.TestType] [  481] -  str(2) = 10
[INFO ][2015-12-11 15:49:58,467][com.java.TestType] [  533] - row values are--------{1=com.java.Objects.TestDataDetails@e07d1d, 2=com.java.Objects.TestDataDetails@15d3352, 3=com.java.Objects.TestDataDetails@1f20f2b, 4=com.java.Objects.TestDataDetails@1758595, 5=com.java.Objects.TestDataDetails@1ae303a, 6=com.java.Objects.TestDataDetails@136b93d, 7=com.java.Objects.TestDataDetails@160dbd, 8=com.java.Objects.TestDataDetails@b4417d, 9=com.java.Objects.TestDataDetails@7e413c, 10=com.java.Objects.TestDataDetails@18a0598}
[INFO ][2015-12-11 15:49:58,467][com.java.TestType] [  481] -  str(1) = 7
[INFO ][2015-12-11 15:49:58,468][com.java.TestType] [  484] - Test case Id is---7
[INFO ][2015-12-11 15:49:58,468][com.java.TestType] [  486] - 7
[INFO ][2015-12-11 15:49:58,468][com.java.TestType] [  481] -  str(2) = 11
[INFO ][2015-12-11 15:49:58,468][com.java.TestType] [  533] - row values are--------{1=com.java.Objects.TestDataDetails@e07d1d, 2=com.java.Objects.TestDataDetails@15d3352, 3=com.java.Objects.TestDataDetails@1f20f2b, 4=com.java.Objects.TestDataDetails@1758595, 5=com.java.Objects.TestDataDetails@1ae303a, 6=com.java.Objects.TestDataDetails@136b93d, 7=com.java.Objects.TestDataDetails@160dbd, 8=com.java.Objects.TestDataDetails@b4417d, 9=com.java.Objects.TestDataDetails@7e413c, 10=com.java.Objects.TestDataDetails@18a0598, 11=com.java.Objects.TestDataDetails@1d1d4b8}
[INFO ][2015-12-11 15:49:58,468][com.java.TestType] [  481] -  str(1) = 7
[INFO ][2015-12-11 15:49:58,468][com.java.TestType] [  484] - Test case Id is---7
[INFO ][2015-12-11 15:49:58,468][com.java.TestType] [  486] - 7
[INFO ][2015-12-11 15:49:58,469][com.java.TestType] [  481] -  str(2) = 12
[INFO ][2015-12-11 15:49:58,469][com.java.TestType] [  533] - row values are--------{1=com.java.Objects.TestDataDetails@e07d1d, 2=com.java.Objects.TestDataDetails@15d3352, 3=com.java.Objects.TestDataDetails@1f20f2b, 4=com.java.Objects.TestDataDetails@1758595, 5=com.java.Objects.TestDataDetails@1ae303a, 6=com.java.Objects.TestDataDetails@136b93d, 7=com.java.Objects.TestDataDetails@160dbd, 8=com.java.Objects.TestDataDetails@b4417d, 9=com.java.Objects.TestDataDetails@7e413c, 10=com.java.Objects.TestDataDetails@18a0598, 11=com.java.Objects.TestDataDetails@1d1d4b8, 12=com.java.Objects.TestDataDetails@ec15c8}
[INFO ][2015-12-11 15:49:58,469][com.java.TestType] [  481] -  str(1) = 7
[INFO ][2015-12-11 15:49:58,469][com.java.TestType] [  484] - Test case Id is---7
[INFO ][2015-12-11 15:49:58,470][com.java.TestType] [  486] - 7
[INFO ][2015-12-11 15:49:58,470][com.java.TestType] [  481] -  str(2) = 13
[INFO ][2015-12-11 15:49:58,471][com.java.TestType] [  533] - row values are--------{1=com.java.Objects.TestDataDetails@e07d1d, 2=com.java.Objects.TestDataDetails@15d3352, 3=com.java.Objects.TestDataDetails@1f20f2b, 4=com.java.Objects.TestDataDetails@1758595, 5=com.java.Objects.TestDataDetails@1ae303a, 6=com.java.Objects.TestDataDetails@136b93d, 7=com.java.Objects.TestDataDetails@160dbd, 8=com.java.Objects.TestDataDetails@b4417d, 9=com.java.Objects.TestDataDetails@7e413c, 10=com.java.Objects.TestDataDetails@18a0598, 11=com.java.Objects.TestDataDetails@1d1d4b8, 12=com.java.Objects.TestDataDetails@ec15c8, 13=com.java.Objects.TestDataDetails@1ebfc32}
[INFO ][2015-12-11 15:49:58,471][com.java.TestType] [  481] -  str(1) = 7
[INFO ][2015-12-11 15:49:58,471][com.java.TestType] [  484] - Test case Id is---7
[INFO ][2015-12-11 15:49:58,471][com.java.TestType] [  486] - 7
[INFO ][2015-12-11 15:49:58,471][com.java.TestType] [  481] -  str(2) = 14
[INFO ][2015-12-11 15:49:58,472][com.java.TestType] [  533] - row values are--------{1=com.java.Objects.TestDataDetails@e07d1d, 2=com.java.Objects.TestDataDetails@15d3352, 3=com.java.Objects.TestDataDetails@1f20f2b, 4=com.java.Objects.TestDataDetails@1758595, 5=com.java.Objects.TestDataDetails@1ae303a, 6=com.java.Objects.TestDataDetails@136b93d, 7=com.java.Objects.TestDataDetails@160dbd, 8=com.java.Objects.TestDataDetails@b4417d, 9=com.java.Objects.TestDataDetails@7e413c, 10=com.java.Objects.TestDataDetails@18a0598, 11=com.java.Objects.TestDataDetails@1d1d4b8, 12=com.java.Objects.TestDataDetails@ec15c8, 13=com.java.Objects.TestDataDetails@1ebfc32, 14=com.java.Objects.TestDataDetails@fa544b}
[INFO ][2015-12-11 15:49:58,472][com.java.TestType] [  481] -  str(1) = 7
[INFO ][2015-12-11 15:49:58,472][com.java.TestType] [  484] - Test case Id is---7
[INFO ][2015-12-11 15:49:58,472][com.java.TestType] [  486] - 7
[INFO ][2015-12-11 15:49:58,472][com.java.TestType] [  481] -  str(2) = 15
[INFO ][2015-12-11 15:49:58,473][com.java.TestType] [  533] - row values are--------{1=com.java.Objects.TestDataDetails@e07d1d, 2=com.java.Objects.TestDataDetails@15d3352, 3=com.java.Objects.TestDataDetails@1f20f2b, 4=com.java.Objects.TestDataDetails@1758595, 5=com.java.Objects.TestDataDetails@1ae303a, 6=com.java.Objects.TestDataDetails@136b93d, 7=com.java.Objects.TestDataDetails@160dbd, 8=com.java.Objects.TestDataDetails@b4417d, 9=com.java.Objects.TestDataDetails@7e413c, 10=com.java.Objects.TestDataDetails@18a0598, 11=com.java.Objects.TestDataDetails@1d1d4b8, 12=com.java.Objects.TestDataDetails@ec15c8, 13=com.java.Objects.TestDataDetails@1ebfc32, 14=com.java.Objects.TestDataDetails@fa544b, 15=com.java.Objects.TestDataDetails@c45a8d}
[INFO ][2015-12-11 15:49:58,473][com.java.TestType] [  481] -  str(1) = 7
[INFO ][2015-12-11 15:49:58,473][com.java.TestType] [  484] - Test case Id is---7
[INFO ][2015-12-11 15:49:58,473][com.java.TestType] [  486] - 7
[INFO ][2015-12-11 15:49:58,473][com.java.TestType] [  481] -  str(2) = 16
[INFO ][2015-12-11 15:49:58,474][com.java.TestType] [  533] - row values are--------{1=com.java.Objects.TestDataDetails@e07d1d, 2=com.java.Objects.TestDataDetails@15d3352, 3=com.java.Objects.TestDataDetails@1f20f2b, 4=com.java.Objects.TestDataDetails@1758595, 5=com.java.Objects.TestDataDetails@1ae303a, 6=com.java.Objects.TestDataDetails@136b93d, 7=com.java.Objects.TestDataDetails@160dbd, 8=com.java.Objects.TestDataDetails@b4417d, 9=com.java.Objects.TestDataDetails@7e413c, 10=com.java.Objects.TestDataDetails@18a0598, 11=com.java.Objects.TestDataDetails@1d1d4b8, 12=com.java.Objects.TestDataDetails@ec15c8, 13=com.java.Objects.TestDataDetails@1ebfc32, 14=com.java.Objects.TestDataDetails@fa544b, 15=com.java.Objects.TestDataDetails@c45a8d, 16=com.java.Objects.TestDataDetails@15e975c}
[INFO ][2015-12-11 15:49:58,474][com.java.TestType] [  481] -  str(1) = 7
[INFO ][2015-12-11 15:49:58,474][com.java.TestType] [  484] - Test case Id is---7
[INFO ][2015-12-11 15:49:58,474][com.java.TestType] [  486] - 7
[INFO ][2015-12-11 15:49:58,474][com.java.TestType] [  481] -  str(2) = 17
[INFO ][2015-12-11 15:49:58,474][com.java.TestType] [  533] - row values are--------{1=com.java.Objects.TestDataDetails@e07d1d, 2=com.java.Objects.TestDataDetails@15d3352, 3=com.java.Objects.TestDataDetails@1f20f2b, 4=com.java.Objects.TestDataDetails@1758595, 5=com.java.Objects.TestDataDetails@1ae303a, 6=com.java.Objects.TestDataDetails@136b93d, 7=com.java.Objects.TestDataDetails@160dbd, 8=com.java.Objects.TestDataDetails@b4417d, 9=com.java.Objects.TestDataDetails@7e413c, 10=com.java.Objects.TestDataDetails@18a0598, 11=com.java.Objects.TestDataDetails@1d1d4b8, 12=com.java.Objects.TestDataDetails@ec15c8, 13=com.java.Objects.TestDataDetails@1ebfc32, 14=com.java.Objects.TestDataDetails@fa544b, 15=com.java.Objects.TestDataDetails@c45a8d, 17=com.java.Objects.TestDataDetails@1f9298, 16=com.java.Objects.TestDataDetails@15e975c}
[INFO ][2015-12-11 15:49:58,475][com.java.TestType] [  481] -  str(1) = 7
[INFO ][2015-12-11 15:49:58,475][com.java.TestType] [  484] - Test case Id is---7
[INFO ][2015-12-11 15:49:58,475][com.java.TestType] [  486] - 7
[INFO ][2015-12-11 15:49:58,475][com.java.TestType] [  481] -  str(2) = 18
[INFO ][2015-12-11 15:49:58,475][com.java.TestType] [  533] - row values are--------{1=com.java.Objects.TestDataDetails@e07d1d, 2=com.java.Objects.TestDataDetails@15d3352, 3=com.java.Objects.TestDataDetails@1f20f2b, 4=com.java.Objects.TestDataDetails@1758595, 5=com.java.Objects.TestDataDetails@1ae303a, 6=com.java.Objects.TestDataDetails@136b93d, 7=com.java.Objects.TestDataDetails@160dbd, 8=com.java.Objects.TestDataDetails@b4417d, 9=com.java.Objects.TestDataDetails@7e413c, 10=com.java.Objects.TestDataDetails@18a0598, 11=com.java.Objects.TestDataDetails@1d1d4b8, 12=com.java.Objects.TestDataDetails@ec15c8, 13=com.java.Objects.TestDataDetails@1ebfc32, 14=com.java.Objects.TestDataDetails@fa544b, 15=com.java.Objects.TestDataDetails@c45a8d, 17=com.java.Objects.TestDataDetails@1f9298, 16=com.java.Objects.TestDataDetails@15e975c, 18=com.java.Objects.TestDataDetails@13bcdc1}
[INFO ][2015-12-11 15:49:58,476][com.java.TestType] [  481] -  str(1) = 7
[INFO ][2015-12-11 15:49:58,476][com.java.TestType] [  484] - Test case Id is---7
[INFO ][2015-12-11 15:49:58,476][com.java.TestType] [  486] - 7
[INFO ][2015-12-11 15:49:58,476][com.java.TestType] [  481] -  str(2) = 19
[INFO ][2015-12-11 15:49:58,476][com.java.TestType] [  533] - row values are--------{1=com.java.Objects.TestDataDetails@e07d1d, 2=com.java.Objects.TestDataDetails@15d3352, 3=com.java.Objects.TestDataDetails@1f20f2b, 4=com.java.Objects.TestDataDetails@1758595, 5=com.java.Objects.TestDataDetails@1ae303a, 6=com.java.Objects.TestDataDetails@136b93d, 7=com.java.Objects.TestDataDetails@160dbd, 8=com.java.Objects.TestDataDetails@b4417d, 9=com.java.Objects.TestDataDetails@7e413c, 10=com.java.Objects.TestDataDetails@18a0598, 11=com.java.Objects.TestDataDetails@1d1d4b8, 12=com.java.Objects.TestDataDetails@ec15c8, 13=com.java.Objects.TestDataDetails@1ebfc32, 14=com.java.Objects.TestDataDetails@fa544b, 15=com.java.Objects.TestDataDetails@c45a8d, 17=com.java.Objects.TestDataDetails@1f9298, 16=com.java.Objects.TestDataDetails@15e975c, 19=com.java.Objects.TestDataDetails@50fe10, 18=com.java.Objects.TestDataDetails@13bcdc1}
[INFO ][2015-12-11 15:49:58,476][com.java.TestType] [  481] -  str(1) = 7
[INFO ][2015-12-11 15:49:58,476][com.java.TestType] [  484] - Test case Id is---7
[INFO ][2015-12-11 15:49:58,477][com.java.TestType] [  486] - 7
[INFO ][2015-12-11 15:49:58,477][com.java.TestType] [  481] -  str(2) = 20
[INFO ][2015-12-11 15:49:58,478][com.java.TestType] [  533] - row values are--------{1=com.java.Objects.TestDataDetails@e07d1d, 2=com.java.Objects.TestDataDetails@15d3352, 3=com.java.Objects.TestDataDetails@1f20f2b, 4=com.java.Objects.TestDataDetails@1758595, 5=com.java.Objects.TestDataDetails@1ae303a, 6=com.java.Objects.TestDataDetails@136b93d, 7=com.java.Objects.TestDataDetails@160dbd, 8=com.java.Objects.TestDataDetails@b4417d, 9=com.java.Objects.TestDataDetails@7e413c, 10=com.java.Objects.TestDataDetails@18a0598, 11=com.java.Objects.TestDataDetails@1d1d4b8, 12=com.java.Objects.TestDataDetails@ec15c8, 13=com.java.Objects.TestDataDetails@1ebfc32, 14=com.java.Objects.TestDataDetails@fa544b, 15=com.java.Objects.TestDataDetails@c45a8d, 17=com.java.Objects.TestDataDetails@1f9298, 16=com.java.Objects.TestDataDetails@15e975c, 19=com.java.Objects.TestDataDetails@50fe10, 18=com.java.Objects.TestDataDetails@13bcdc1, 20=com.java.Objects.TestDataDetails@321d3}
[INFO ][2015-12-11 15:49:58,478][com.java.TestType] [  481] -  str(1) = 7
[INFO ][2015-12-11 15:49:58,478][com.java.TestType] [  484] - Test case Id is---7
[INFO ][2015-12-11 15:49:58,478][com.java.TestType] [  486] - 7
[INFO ][2015-12-11 15:49:58,478][com.java.TestType] [  481] -  str(2) = 21
[INFO ][2015-12-11 15:49:58,479][com.java.TestType] [  533] - row values are--------{1=com.java.Objects.TestDataDetails@e07d1d, 2=com.java.Objects.TestDataDetails@15d3352, 3=com.java.Objects.TestDataDetails@1f20f2b, 4=com.java.Objects.TestDataDetails@1758595, 5=com.java.Objects.TestDataDetails@1ae303a, 6=com.java.Objects.TestDataDetails@136b93d, 7=com.java.Objects.TestDataDetails@160dbd, 8=com.java.Objects.TestDataDetails@b4417d, 9=com.java.Objects.TestDataDetails@7e413c, 10=com.java.Objects.TestDataDetails@18a0598, 11=com.java.Objects.TestDataDetails@1d1d4b8, 12=com.java.Objects.TestDataDetails@ec15c8, 13=com.java.Objects.TestDataDetails@1ebfc32, 14=com.java.Objects.TestDataDetails@fa544b, 15=com.java.Objects.TestDataDetails@c45a8d, 17=com.java.Objects.TestDataDetails@1f9298, 16=com.java.Objects.TestDataDetails@15e975c, 19=com.java.Objects.TestDataDetails@50fe10, 18=com.java.Objects.TestDataDetails@13bcdc1, 21=com.java.Objects.TestDataDetails@57b7a9, 20=com.java.Objects.TestDataDetails@321d3}
[INFO ][2015-12-11 15:49:58,479][com.java.TestType] [  481] -  str(1) = 7
[INFO ][2015-12-11 15:49:58,479][com.java.TestType] [  484] - Test case Id is---7
[INFO ][2015-12-11 15:49:58,479][com.java.TestType] [  486] - 7
[INFO ][2015-12-11 15:49:58,479][com.java.TestType] [  481] -  str(2) = 22
[INFO ][2015-12-11 15:49:58,480][com.java.TestType] [  533] - row values are--------{1=com.java.Objects.TestDataDetails@e07d1d, 2=com.java.Objects.TestDataDetails@15d3352, 3=com.java.Objects.TestDataDetails@1f20f2b, 4=com.java.Objects.TestDataDetails@1758595, 5=com.java.Objects.TestDataDetails@1ae303a, 6=com.java.Objects.TestDataDetails@136b93d, 7=com.java.Objects.TestDataDetails@160dbd, 8=com.java.Objects.TestDataDetails@b4417d, 9=com.java.Objects.TestDataDetails@7e413c, 10=com.java.Objects.TestDataDetails@18a0598, 11=com.java.Objects.TestDataDetails@1d1d4b8, 12=com.java.Objects.TestDataDetails@ec15c8, 13=com.java.Objects.TestDataDetails@1ebfc32, 14=com.java.Objects.TestDataDetails@fa544b, 15=com.java.Objects.TestDataDetails@c45a8d, 17=com.java.Objects.TestDataDetails@1f9298, 16=com.java.Objects.TestDataDetails@15e975c, 19=com.java.Objects.TestDataDetails@50fe10, 18=com.java.Objects.TestDataDetails@13bcdc1, 21=com.java.Objects.TestDataDetails@57b7a9, 20=com.java.Objects.TestDataDetails@321d3, 22=com.java.Objects.TestDataDetails@f69ae7}
[INFO ][2015-12-11 15:49:58,480][com.java.TestType] [  481] -  str(1) = 7
[INFO ][2015-12-11 15:49:58,480][com.java.TestType] [  484] - Test case Id is---7
[INFO ][2015-12-11 15:49:58,480][com.java.TestType] [  486] - 7
[INFO ][2015-12-11 15:49:58,480][com.java.TestType] [  481] -  str(2) = 23
[INFO ][2015-12-11 15:49:58,481][com.java.TestType] [  533] - row values are--------{1=com.java.Objects.TestDataDetails@e07d1d, 2=com.java.Objects.TestDataDetails@15d3352, 3=com.java.Objects.TestDataDetails@1f20f2b, 4=com.java.Objects.TestDataDetails@1758595, 5=com.java.Objects.TestDataDetails@1ae303a, 6=com.java.Objects.TestDataDetails@136b93d, 7=com.java.Objects.TestDataDetails@160dbd, 8=com.java.Objects.TestDataDetails@b4417d, 9=com.java.Objects.TestDataDetails@7e413c, 10=com.java.Objects.TestDataDetails@18a0598, 11=com.java.Objects.TestDataDetails@1d1d4b8, 12=com.java.Objects.TestDataDetails@ec15c8, 13=com.java.Objects.TestDataDetails@1ebfc32, 14=com.java.Objects.TestDataDetails@fa544b, 15=com.java.Objects.TestDataDetails@c45a8d, 17=com.java.Objects.TestDataDetails@1f9298, 16=com.java.Objects.TestDataDetails@15e975c, 19=com.java.Objects.TestDataDetails@50fe10, 18=com.java.Objects.TestDataDetails@13bcdc1, 21=com.java.Objects.TestDataDetails@57b7a9, 20=com.java.Objects.TestDataDetails@321d3, 23=com.java.Objects.TestDataDetails@3526f3, 22=com.java.Objects.TestDataDetails@f69ae7}
[INFO ][2015-12-11 15:49:58,481][com.java.TestType] [  481] -  str(1) = 7
[INFO ][2015-12-11 15:49:58,481][com.java.TestType] [  484] - Test case Id is---7
[INFO ][2015-12-11 15:49:58,481][com.java.TestType] [  486] - 7
[INFO ][2015-12-11 15:49:58,481][com.java.TestType] [  481] -  str(2) = 24
[INFO ][2015-12-11 15:49:58,482][com.java.TestType] [  533] - row values are--------{1=com.java.Objects.TestDataDetails@e07d1d, 2=com.java.Objects.TestDataDetails@15d3352, 3=com.java.Objects.TestDataDetails@1f20f2b, 4=com.java.Objects.TestDataDetails@1758595, 5=com.java.Objects.TestDataDetails@1ae303a, 6=com.java.Objects.TestDataDetails@136b93d, 7=com.java.Objects.TestDataDetails@160dbd, 8=com.java.Objects.TestDataDetails@b4417d, 9=com.java.Objects.TestDataDetails@7e413c, 10=com.java.Objects.TestDataDetails@18a0598, 11=com.java.Objects.TestDataDetails@1d1d4b8, 12=com.java.Objects.TestDataDetails@ec15c8, 13=com.java.Objects.TestDataDetails@1ebfc32, 14=com.java.Objects.TestDataDetails@fa544b, 15=com.java.Objects.TestDataDetails@c45a8d, 17=com.java.Objects.TestDataDetails@1f9298, 16=com.java.Objects.TestDataDetails@15e975c, 19=com.java.Objects.TestDataDetails@50fe10, 18=com.java.Objects.TestDataDetails@13bcdc1, 21=com.java.Objects.TestDataDetails@57b7a9, 20=com.java.Objects.TestDataDetails@321d3, 23=com.java.Objects.TestDataDetails@3526f3, 22=com.java.Objects.TestDataDetails@f69ae7, 24=com.java.Objects.TestDataDetails@1d1c817}
[INFO ][2015-12-11 15:49:58,482][com.java.TestType] [  481] -  str(1) = 7
[INFO ][2015-12-11 15:49:58,482][com.java.TestType] [  484] - Test case Id is---7
[INFO ][2015-12-11 15:49:58,482][com.java.TestType] [  486] - 7
[INFO ][2015-12-11 15:49:58,482][com.java.TestType] [  481] -  str(2) = 25
[INFO ][2015-12-11 15:49:58,483][com.java.TestType] [  533] - row values are--------{1=com.java.Objects.TestDataDetails@e07d1d, 2=com.java.Objects.TestDataDetails@15d3352, 3=com.java.Objects.TestDataDetails@1f20f2b, 4=com.java.Objects.TestDataDetails@1758595, 5=com.java.Objects.TestDataDetails@1ae303a, 6=com.java.Objects.TestDataDetails@136b93d, 7=com.java.Objects.TestDataDetails@160dbd, 8=com.java.Objects.TestDataDetails@b4417d, 9=com.java.Objects.TestDataDetails@7e413c, 10=com.java.Objects.TestDataDetails@18a0598, 11=com.java.Objects.TestDataDetails@1d1d4b8, 12=com.java.Objects.TestDataDetails@ec15c8, 13=com.java.Objects.TestDataDetails@1ebfc32, 14=com.java.Objects.TestDataDetails@fa544b, 15=com.java.Objects.TestDataDetails@c45a8d, 17=com.java.Objects.TestDataDetails@1f9298, 16=com.java.Objects.TestDataDetails@15e975c, 19=com.java.Objects.TestDataDetails@50fe10, 18=com.java.Objects.TestDataDetails@13bcdc1, 21=com.java.Objects.TestDataDetails@57b7a9, 20=com.java.Objects.TestDataDetails@321d3, 23=com.java.Objects.TestDataDetails@3526f3, 22=com.java.Objects.TestDataDetails@f69ae7, 25=com.java.Objects.TestDataDetails@198f6dd, 24=com.java.Objects.TestDataDetails@1d1c817}
[INFO ][2015-12-11 15:49:58,483][com.java.TestType] [  481] -  str(1) = 7
[INFO ][2015-12-11 15:49:58,483][com.java.TestType] [  484] - Test case Id is---7
[INFO ][2015-12-11 15:49:58,483][com.java.TestType] [  486] - 7
[INFO ][2015-12-11 15:49:58,483][com.java.TestType] [  481] -  str(2) = 26
[INFO ][2015-12-11 15:49:58,484][com.java.TestType] [  533] - row values are--------{1=com.java.Objects.TestDataDetails@e07d1d, 2=com.java.Objects.TestDataDetails@15d3352, 3=com.java.Objects.TestDataDetails@1f20f2b, 4=com.java.Objects.TestDataDetails@1758595, 5=com.java.Objects.TestDataDetails@1ae303a, 6=com.java.Objects.TestDataDetails@136b93d, 7=com.java.Objects.TestDataDetails@160dbd, 8=com.java.Objects.TestDataDetails@b4417d, 9=com.java.Objects.TestDataDetails@7e413c, 10=com.java.Objects.TestDataDetails@18a0598, 11=com.java.Objects.TestDataDetails@1d1d4b8, 12=com.java.Objects.TestDataDetails@ec15c8, 13=com.java.Objects.TestDataDetails@1ebfc32, 14=com.java.Objects.TestDataDetails@fa544b, 15=com.java.Objects.TestDataDetails@c45a8d, 17=com.java.Objects.TestDataDetails@1f9298, 16=com.java.Objects.TestDataDetails@15e975c, 19=com.java.Objects.TestDataDetails@50fe10, 18=com.java.Objects.TestDataDetails@13bcdc1, 21=com.java.Objects.TestDataDetails@57b7a9, 20=com.java.Objects.TestDataDetails@321d3, 23=com.java.Objects.TestDataDetails@3526f3, 22=com.java.Objects.TestDataDetails@f69ae7, 25=com.java.Objects.TestDataDetails@198f6dd, 24=com.java.Objects.TestDataDetails@1d1c817, 26=com.java.Objects.TestDataDetails@62c51}
[INFO ][2015-12-11 15:49:58,484][com.java.TestType] [  481] -  str(1) = 7
[INFO ][2015-12-11 15:49:58,484][com.java.TestType] [  484] - Test case Id is---7
[INFO ][2015-12-11 15:49:58,484][com.java.TestType] [  486] - 7
[INFO ][2015-12-11 15:49:58,484][com.java.TestType] [  481] -  str(2) = 27
[INFO ][2015-12-11 15:49:58,485][com.java.TestType] [  533] - row values are--------{1=com.java.Objects.TestDataDetails@e07d1d, 2=com.java.Objects.TestDataDetails@15d3352, 3=com.java.Objects.TestDataDetails@1f20f2b, 4=com.java.Objects.TestDataDetails@1758595, 5=com.java.Objects.TestDataDetails@1ae303a, 6=com.java.Objects.TestDataDetails@136b93d, 7=com.java.Objects.TestDataDetails@160dbd, 8=com.java.Objects.TestDataDetails@b4417d, 9=com.java.Objects.TestDataDetails@7e413c, 10=com.java.Objects.TestDataDetails@18a0598, 11=com.java.Objects.TestDataDetails@1d1d4b8, 12=com.java.Objects.TestDataDetails@ec15c8, 13=com.java.Objects.TestDataDetails@1ebfc32, 14=com.java.Objects.TestDataDetails@fa544b, 15=com.java.Objects.TestDataDetails@c45a8d, 17=com.java.Objects.TestDataDetails@1f9298, 16=com.java.Objects.TestDataDetails@15e975c, 19=com.java.Objects.TestDataDetails@50fe10, 18=com.java.Objects.TestDataDetails@13bcdc1, 21=com.java.Objects.TestDataDetails@57b7a9, 20=com.java.Objects.TestDataDetails@321d3, 23=com.java.Objects.TestDataDetails@3526f3, 22=com.java.Objects.TestDataDetails@f69ae7, 25=com.java.Objects.TestDataDetails@198f6dd, 24=com.java.Objects.TestDataDetails@1d1c817, 27=com.java.Objects.TestDataDetails@18b20a0, 26=com.java.Objects.TestDataDetails@62c51}
[INFO ][2015-12-11 15:49:58,486][com.java.TestType] [  481] -  str(1) = 7
[INFO ][2015-12-11 15:49:58,486][com.java.TestType] [  484] - Test case Id is---7
[INFO ][2015-12-11 15:49:58,486][com.java.TestType] [  486] - 7
[INFO ][2015-12-11 15:49:58,486][com.java.TestType] [  481] -  str(2) = 28
[INFO ][2015-12-11 15:49:58,486][com.java.TestType] [  533] - row values are--------{1=com.java.Objects.TestDataDetails@e07d1d, 2=com.java.Objects.TestDataDetails@15d3352, 3=com.java.Objects.TestDataDetails@1f20f2b, 4=com.java.Objects.TestDataDetails@1758595, 5=com.java.Objects.TestDataDetails@1ae303a, 6=com.java.Objects.TestDataDetails@136b93d, 7=com.java.Objects.TestDataDetails@160dbd, 8=com.java.Objects.TestDataDetails@b4417d, 9=com.java.Objects.TestDataDetails@7e413c, 10=com.java.Objects.TestDataDetails@18a0598, 11=com.java.Objects.TestDataDetails@1d1d4b8, 12=com.java.Objects.TestDataDetails@ec15c8, 13=com.java.Objects.TestDataDetails@1ebfc32, 14=com.java.Objects.TestDataDetails@fa544b, 15=com.java.Objects.TestDataDetails@c45a8d, 17=com.java.Objects.TestDataDetails@1f9298, 16=com.java.Objects.TestDataDetails@15e975c, 19=com.java.Objects.TestDataDetails@50fe10, 18=com.java.Objects.TestDataDetails@13bcdc1, 21=com.java.Objects.TestDataDetails@57b7a9, 20=com.java.Objects.TestDataDetails@321d3, 23=com.java.Objects.TestDataDetails@3526f3, 22=com.java.Objects.TestDataDetails@f69ae7, 25=com.java.Objects.TestDataDetails@198f6dd, 24=com.java.Objects.TestDataDetails@1d1c817, 27=com.java.Objects.TestDataDetails@18b20a0, 26=com.java.Objects.TestDataDetails@62c51, 28=com.java.Objects.TestDataDetails@c0c6c9}
[INFO ][2015-12-11 15:49:58,487][com.java.TestType] [  481] -  str(1) = 7
[INFO ][2015-12-11 15:49:58,487][com.java.TestType] [  484] - Test case Id is---7
[INFO ][2015-12-11 15:49:58,487][com.java.TestType] [  486] - 7
[INFO ][2015-12-11 15:49:58,487][com.java.TestType] [  481] -  str(2) = 29
[INFO ][2015-12-11 15:49:58,488][com.java.TestType] [  533] - row values are--------{1=com.java.Objects.TestDataDetails@e07d1d, 2=com.java.Objects.TestDataDetails@15d3352, 3=com.java.Objects.TestDataDetails@1f20f2b, 4=com.java.Objects.TestDataDetails@1758595, 5=com.java.Objects.TestDataDetails@1ae303a, 6=com.java.Objects.TestDataDetails@136b93d, 7=com.java.Objects.TestDataDetails@160dbd, 8=com.java.Objects.TestDataDetails@b4417d, 9=com.java.Objects.TestDataDetails@7e413c, 10=com.java.Objects.TestDataDetails@18a0598, 11=com.java.Objects.TestDataDetails@1d1d4b8, 12=com.java.Objects.TestDataDetails@ec15c8, 13=com.java.Objects.TestDataDetails@1ebfc32, 14=com.java.Objects.TestDataDetails@fa544b, 15=com.java.Objects.TestDataDetails@c45a8d, 17=com.java.Objects.TestDataDetails@1f9298, 16=com.java.Objects.TestDataDetails@15e975c, 19=com.java.Objects.TestDataDetails@50fe10, 18=com.java.Objects.TestDataDetails@13bcdc1, 21=com.java.Objects.TestDataDetails@57b7a9, 20=com.java.Objects.TestDataDetails@321d3, 23=com.java.Objects.TestDataDetails@3526f3, 22=com.java.Objects.TestDataDetails@f69ae7, 25=com.java.Objects.TestDataDetails@198f6dd, 24=com.java.Objects.TestDataDetails@1d1c817, 27=com.java.Objects.TestDataDetails@18b20a0, 26=com.java.Objects.TestDataDetails@62c51, 29=com.java.Objects.TestDataDetails@596c33, 28=com.java.Objects.TestDataDetails@c0c6c9}
[INFO ][2015-12-11 15:49:58,488][com.java.TestType] [  481] -  str(1) = 7
[INFO ][2015-12-11 15:49:58,488][com.java.TestType] [  484] - Test case Id is---7
[INFO ][2015-12-11 15:49:58,488][com.java.TestType] [  486] - 7
[INFO ][2015-12-11 15:49:58,488][com.java.TestType] [  481] -  str(2) = 30
[INFO ][2015-12-11 15:49:58,488][com.java.TestType] [  533] - row values are--------{1=com.java.Objects.TestDataDetails@e07d1d, 2=com.java.Objects.TestDataDetails@15d3352, 3=com.java.Objects.TestDataDetails@1f20f2b, 4=com.java.Objects.TestDataDetails@1758595, 5=com.java.Objects.TestDataDetails@1ae303a, 6=com.java.Objects.TestDataDetails@136b93d, 7=com.java.Objects.TestDataDetails@160dbd, 8=com.java.Objects.TestDataDetails@b4417d, 9=com.java.Objects.TestDataDetails@7e413c, 10=com.java.Objects.TestDataDetails@18a0598, 11=com.java.Objects.TestDataDetails@1d1d4b8, 12=com.java.Objects.TestDataDetails@ec15c8, 13=com.java.Objects.TestDataDetails@1ebfc32, 14=com.java.Objects.TestDataDetails@fa544b, 15=com.java.Objects.TestDataDetails@c45a8d, 17=com.java.Objects.TestDataDetails@1f9298, 16=com.java.Objects.TestDataDetails@15e975c, 19=com.java.Objects.TestDataDetails@50fe10, 18=com.java.Objects.TestDataDetails@13bcdc1, 21=com.java.Objects.TestDataDetails@57b7a9, 20=com.java.Objects.TestDataDetails@321d3, 23=com.java.Objects.TestDataDetails@3526f3, 22=com.java.Objects.TestDataDetails@f69ae7, 25=com.java.Objects.TestDataDetails@198f6dd, 24=com.java.Objects.TestDataDetails@1d1c817, 27=com.java.Objects.TestDataDetails@18b20a0, 26=com.java.Objects.TestDataDetails@62c51, 29=com.java.Objects.TestDataDetails@596c33, 28=com.java.Objects.TestDataDetails@c0c6c9, 30=com.java.Objects.TestDataDetails@1cb89bc}
[INFO ][2015-12-11 15:49:58,489][com.java.TestType] [  481] -  str(1) = 7
[INFO ][2015-12-11 15:49:58,489][com.java.TestType] [  484] - Test case Id is---7
[INFO ][2015-12-11 15:49:58,489][com.java.TestType] [  486] - 7
[INFO ][2015-12-11 15:49:58,489][com.java.TestType] [  481] -  str(2) = 31
[INFO ][2015-12-11 15:49:58,489][com.java.TestType] [  533] - row values are--------{1=com.java.Objects.TestDataDetails@e07d1d, 2=com.java.Objects.TestDataDetails@15d3352, 3=com.java.Objects.TestDataDetails@1f20f2b, 4=com.java.Objects.TestDataDetails@1758595, 5=com.java.Objects.TestDataDetails@1ae303a, 6=com.java.Objects.TestDataDetails@136b93d, 7=com.java.Objects.TestDataDetails@160dbd, 8=com.java.Objects.TestDataDetails@b4417d, 9=com.java.Objects.TestDataDetails@7e413c, 10=com.java.Objects.TestDataDetails@18a0598, 11=com.java.Objects.TestDataDetails@1d1d4b8, 12=com.java.Objects.TestDataDetails@ec15c8, 13=com.java.Objects.TestDataDetails@1ebfc32, 14=com.java.Objects.TestDataDetails@fa544b, 15=com.java.Objects.TestDataDetails@c45a8d, 17=com.java.Objects.TestDataDetails@1f9298, 16=com.java.Objects.TestDataDetails@15e975c, 19=com.java.Objects.TestDataDetails@50fe10, 18=com.java.Objects.TestDataDetails@13bcdc1, 21=com.java.Objects.TestDataDetails@57b7a9, 20=com.java.Objects.TestDataDetails@321d3, 23=com.java.Objects.TestDataDetails@3526f3, 22=com.java.Objects.TestDataDetails@f69ae7, 25=com.java.Objects.TestDataDetails@198f6dd, 24=com.java.Objects.TestDataDetails@1d1c817, 27=com.java.Objects.TestDataDetails@18b20a0, 26=com.java.Objects.TestDataDetails@62c51, 29=com.java.Objects.TestDataDetails@596c33, 28=com.java.Objects.TestDataDetails@c0c6c9, 31=com.java.Objects.TestDataDetails@1c084f, 30=com.java.Objects.TestDataDetails@1cb89bc}
[INFO ][2015-12-11 15:49:58,490][com.java.TestType] [  481] -  str(1) = 7
[INFO ][2015-12-11 15:49:58,490][com.java.TestType] [  484] - Test case Id is---7
[INFO ][2015-12-11 15:49:58,490][com.java.TestType] [  486] - 7
[INFO ][2015-12-11 15:49:58,490][com.java.TestType] [  481] -  str(2) = 32
[INFO ][2015-12-11 15:49:58,490][com.java.TestType] [  533] - row values are--------{1=com.java.Objects.TestDataDetails@e07d1d, 2=com.java.Objects.TestDataDetails@15d3352, 3=com.java.Objects.TestDataDetails@1f20f2b, 4=com.java.Objects.TestDataDetails@1758595, 5=com.java.Objects.TestDataDetails@1ae303a, 6=com.java.Objects.TestDataDetails@136b93d, 7=com.java.Objects.TestDataDetails@160dbd, 8=com.java.Objects.TestDataDetails@b4417d, 9=com.java.Objects.TestDataDetails@7e413c, 10=com.java.Objects.TestDataDetails@18a0598, 11=com.java.Objects.TestDataDetails@1d1d4b8, 12=com.java.Objects.TestDataDetails@ec15c8, 13=com.java.Objects.TestDataDetails@1ebfc32, 14=com.java.Objects.TestDataDetails@fa544b, 15=com.java.Objects.TestDataDetails@c45a8d, 17=com.java.Objects.TestDataDetails@1f9298, 16=com.java.Objects.TestDataDetails@15e975c, 19=com.java.Objects.TestDataDetails@50fe10, 18=com.java.Objects.TestDataDetails@13bcdc1, 21=com.java.Objects.TestDataDetails@57b7a9, 20=com.java.Objects.TestDataDetails@321d3, 23=com.java.Objects.TestDataDetails@3526f3, 22=com.java.Objects.TestDataDetails@f69ae7, 25=com.java.Objects.TestDataDetails@198f6dd, 24=com.java.Objects.TestDataDetails@1d1c817, 27=com.java.Objects.TestDataDetails@18b20a0, 26=com.java.Objects.TestDataDetails@62c51, 29=com.java.Objects.TestDataDetails@596c33, 28=com.java.Objects.TestDataDetails@c0c6c9, 31=com.java.Objects.TestDataDetails@1c084f, 30=com.java.Objects.TestDataDetails@1cb89bc, 32=com.java.Objects.TestDataDetails@17a8b8c}
[INFO ][2015-12-11 15:49:58,490][com.java.TestType] [  481] -  str(1) = 7
[INFO ][2015-12-11 15:49:58,491][com.java.TestType] [  484] - Test case Id is---7
[INFO ][2015-12-11 15:49:58,491][com.java.TestType] [  486] - 7
[INFO ][2015-12-11 15:49:58,491][com.java.TestType] [  481] -  str(2) = 33
[INFO ][2015-12-11 15:49:58,491][com.java.TestType] [  533] - row values are--------{1=com.java.Objects.TestDataDetails@e07d1d, 2=com.java.Objects.TestDataDetails@15d3352, 3=com.java.Objects.TestDataDetails@1f20f2b, 4=com.java.Objects.TestDataDetails@1758595, 5=com.java.Objects.TestDataDetails@1ae303a, 6=com.java.Objects.TestDataDetails@136b93d, 7=com.java.Objects.TestDataDetails@160dbd, 8=com.java.Objects.TestDataDetails@b4417d, 9=com.java.Objects.TestDataDetails@7e413c, 10=com.java.Objects.TestDataDetails@18a0598, 11=com.java.Objects.TestDataDetails@1d1d4b8, 12=com.java.Objects.TestDataDetails@ec15c8, 13=com.java.Objects.TestDataDetails@1ebfc32, 14=com.java.Objects.TestDataDetails@fa544b, 15=com.java.Objects.TestDataDetails@c45a8d, 17=com.java.Objects.TestDataDetails@1f9298, 16=com.java.Objects.TestDataDetails@15e975c, 19=com.java.Objects.TestDataDetails@50fe10, 18=com.java.Objects.TestDataDetails@13bcdc1, 21=com.java.Objects.TestDataDetails@57b7a9, 20=com.java.Objects.TestDataDetails@321d3, 23=com.java.Objects.TestDataDetails@3526f3, 22=com.java.Objects.TestDataDetails@f69ae7, 25=com.java.Objects.TestDataDetails@198f6dd, 24=com.java.Objects.TestDataDetails@1d1c817, 27=com.java.Objects.TestDataDetails@18b20a0, 26=com.java.Objects.TestDataDetails@62c51, 29=com.java.Objects.TestDataDetails@596c33, 28=com.java.Objects.TestDataDetails@c0c6c9, 31=com.java.Objects.TestDataDetails@1c084f, 30=com.java.Objects.TestDataDetails@1cb89bc, 32=com.java.Objects.TestDataDetails@17a8b8c, 33=com.java.Objects.TestDataDetails@1cf7b61}
[INFO ][2015-12-11 15:49:58,491][com.java.TestType] [  481] -  str(1) = 7
[INFO ][2015-12-11 15:49:58,491][com.java.TestType] [  484] - Test case Id is---7
[INFO ][2015-12-11 15:49:58,492][com.java.TestType] [  486] - 7
[INFO ][2015-12-11 15:49:58,492][com.java.TestType] [  481] -  str(2) = 34
[INFO ][2015-12-11 15:49:58,492][com.java.TestType] [  533] - row values are--------{1=com.java.Objects.TestDataDetails@e07d1d, 2=com.java.Objects.TestDataDetails@15d3352, 3=com.java.Objects.TestDataDetails@1f20f2b, 4=com.java.Objects.TestDataDetails@1758595, 5=com.java.Objects.TestDataDetails@1ae303a, 6=com.java.Objects.TestDataDetails@136b93d, 7=com.java.Objects.TestDataDetails@160dbd, 8=com.java.Objects.TestDataDetails@b4417d, 9=com.java.Objects.TestDataDetails@7e413c, 10=com.java.Objects.TestDataDetails@18a0598, 11=com.java.Objects.TestDataDetails@1d1d4b8, 12=com.java.Objects.TestDataDetails@ec15c8, 13=com.java.Objects.TestDataDetails@1ebfc32, 14=com.java.Objects.TestDataDetails@fa544b, 15=com.java.Objects.TestDataDetails@c45a8d, 17=com.java.Objects.TestDataDetails@1f9298, 16=com.java.Objects.TestDataDetails@15e975c, 19=com.java.Objects.TestDataDetails@50fe10, 18=com.java.Objects.TestDataDetails@13bcdc1, 21=com.java.Objects.TestDataDetails@57b7a9, 20=com.java.Objects.TestDataDetails@321d3, 23=com.java.Objects.TestDataDetails@3526f3, 22=com.java.Objects.TestDataDetails@f69ae7, 25=com.java.Objects.TestDataDetails@198f6dd, 24=com.java.Objects.TestDataDetails@1d1c817, 27=com.java.Objects.TestDataDetails@18b20a0, 26=com.java.Objects.TestDataDetails@62c51, 29=com.java.Objects.TestDataDetails@596c33, 28=com.java.Objects.TestDataDetails@c0c6c9, 31=com.java.Objects.TestDataDetails@1c084f, 30=com.java.Objects.TestDataDetails@1cb89bc, 34=com.java.Objects.TestDataDetails@1d47997, 32=com.java.Objects.TestDataDetails@17a8b8c, 33=com.java.Objects.TestDataDetails@1cf7b61}
[INFO ][2015-12-11 15:49:58,492][com.java.TestType] [  481] -  str(1) = 7
[INFO ][2015-12-11 15:49:58,493][com.java.TestType] [  484] - Test case Id is---7
[INFO ][2015-12-11 15:49:58,493][com.java.TestType] [  486] - 7
[INFO ][2015-12-11 15:49:58,493][com.java.TestType] [  481] -  str(2) = 35
[INFO ][2015-12-11 15:49:58,494][com.java.TestType] [  533] - row values are--------{1=com.java.Objects.TestDataDetails@e07d1d, 2=com.java.Objects.TestDataDetails@15d3352, 3=com.java.Objects.TestDataDetails@1f20f2b, 4=com.java.Objects.TestDataDetails@1758595, 5=com.java.Objects.TestDataDetails@1ae303a, 6=com.java.Objects.TestDataDetails@136b93d, 7=com.java.Objects.TestDataDetails@160dbd, 8=com.java.Objects.TestDataDetails@b4417d, 9=com.java.Objects.TestDataDetails@7e413c, 10=com.java.Objects.TestDataDetails@18a0598, 11=com.java.Objects.TestDataDetails@1d1d4b8, 12=com.java.Objects.TestDataDetails@ec15c8, 13=com.java.Objects.TestDataDetails@1ebfc32, 14=com.java.Objects.TestDataDetails@fa544b, 15=com.java.Objects.TestDataDetails@c45a8d, 17=com.java.Objects.TestDataDetails@1f9298, 16=com.java.Objects.TestDataDetails@15e975c, 19=com.java.Objects.TestDataDetails@50fe10, 18=com.java.Objects.TestDataDetails@13bcdc1, 21=com.java.Objects.TestDataDetails@57b7a9, 20=com.java.Objects.TestDataDetails@321d3, 23=com.java.Objects.TestDataDetails@3526f3, 22=com.java.Objects.TestDataDetails@f69ae7, 25=com.java.Objects.TestDataDetails@198f6dd, 24=com.java.Objects.TestDataDetails@1d1c817, 27=com.java.Objects.TestDataDetails@18b20a0, 26=com.java.Objects.TestDataDetails@62c51, 29=com.java.Objects.TestDataDetails@596c33, 28=com.java.Objects.TestDataDetails@c0c6c9, 31=com.java.Objects.TestDataDetails@1c084f, 30=com.java.Objects.TestDataDetails@1cb89bc, 34=com.java.Objects.TestDataDetails@1d47997, 35=com.java.Objects.TestDataDetails@1e26e3b, 32=com.java.Objects.TestDataDetails@17a8b8c, 33=com.java.Objects.TestDataDetails@1cf7b61}
[INFO ][2015-12-11 15:49:58,494][com.java.TestType] [  481] -  str(1) = 7
[INFO ][2015-12-11 15:49:58,494][com.java.TestType] [  484] - Test case Id is---7
[INFO ][2015-12-11 15:49:58,494][com.java.TestType] [  486] - 7
[INFO ][2015-12-11 15:49:58,494][com.java.TestType] [  481] -  str(2) = 36
[INFO ][2015-12-11 15:49:58,495][com.java.TestType] [  533] - row values are--------{1=com.java.Objects.TestDataDetails@e07d1d, 2=com.java.Objects.TestDataDetails@15d3352, 3=com.java.Objects.TestDataDetails@1f20f2b, 4=com.java.Objects.TestDataDetails@1758595, 5=com.java.Objects.TestDataDetails@1ae303a, 6=com.java.Objects.TestDataDetails@136b93d, 7=com.java.Objects.TestDataDetails@160dbd, 8=com.java.Objects.TestDataDetails@b4417d, 9=com.java.Objects.TestDataDetails@7e413c, 10=com.java.Objects.TestDataDetails@18a0598, 11=com.java.Objects.TestDataDetails@1d1d4b8, 12=com.java.Objects.TestDataDetails@ec15c8, 13=com.java.Objects.TestDataDetails@1ebfc32, 14=com.java.Objects.TestDataDetails@fa544b, 15=com.java.Objects.TestDataDetails@c45a8d, 17=com.java.Objects.TestDataDetails@1f9298, 16=com.java.Objects.TestDataDetails@15e975c, 19=com.java.Objects.TestDataDetails@50fe10, 18=com.java.Objects.TestDataDetails@13bcdc1, 21=com.java.Objects.TestDataDetails@57b7a9, 20=com.java.Objects.TestDataDetails@321d3, 23=com.java.Objects.TestDataDetails@3526f3, 22=com.java.Objects.TestDataDetails@f69ae7, 25=com.java.Objects.TestDataDetails@198f6dd, 24=com.java.Objects.TestDataDetails@1d1c817, 27=com.java.Objects.TestDataDetails@18b20a0, 26=com.java.Objects.TestDataDetails@62c51, 29=com.java.Objects.TestDataDetails@596c33, 28=com.java.Objects.TestDataDetails@c0c6c9, 31=com.java.Objects.TestDataDetails@1c084f, 30=com.java.Objects.TestDataDetails@1cb89bc, 34=com.java.Objects.TestDataDetails@1d47997, 35=com.java.Objects.TestDataDetails@1e26e3b, 32=com.java.Objects.TestDataDetails@17a8b8c, 33=com.java.Objects.TestDataDetails@1cf7b61, 36=com.java.Objects.TestDataDetails@10d963}
[INFO ][2015-12-11 15:49:58,495][com.java.TestType] [10075] - Looping 1TCID = 7
[DEBUG][2015-12-11 15:49:58,495][com.java.TestType] [10116] - Concept ID:7 :: Step being Executed: 7::1
[ERROR][2015-12-11 15:49:58,495][com.java.TestType] [10149] - Exception: null
[INFO ][2015-12-11 15:49:58,495][com.java.TestType] [10154] - dataFields : BTNparent
[DEBUG][2015-12-11 15:49:58,495][com.java.TestType] [10160] - <In Set values of the page>
[DEBUG][2015-12-11 15:49:58,495][com.java.TestType] [10165] - {Data Fields & Data Values Exist}
[INFO ][2015-12-11 15:49:58,495][com.java.TestType] [10171] - --------------------------setting values-----------------------------
[INFO ][2015-12-11 15:49:58,496][com.java.TestType] [10174] - Action Type : SELECTFRAME
[INFO ][2015-12-11 15:49:58,509][com.java.TestType] [10193] -  RESULT true
[INFO ][2015-12-11 15:49:58,509][com.java.TestType] [10310] - ?   P A S S   ?
[DEBUG][2015-12-11 15:49:58,509][com.java.TestType] [10116] - Concept ID:7 :: Step being Executed: 7::2
[ERROR][2015-12-11 15:49:58,509][com.java.TestType] [10149] - Exception: null
[INFO ][2015-12-11 15:49:58,509][com.java.TestType] [10154] - dataFields : //span[@class='icon-stack']&&//a[@data-id="SetupPackage"]
[DEBUG][2015-12-11 15:49:58,509][com.java.TestType] [10160] - <In Set values of the page>
[DEBUG][2015-12-11 15:49:58,509][com.java.TestType] [10165] - {Data Fields & Data Values Exist}
[INFO ][2015-12-11 15:49:58,509][com.java.TestType] [10171] - --------------------------setting values-----------------------------
[INFO ][2015-12-11 15:49:58,510][com.java.TestType] [10174] - Action Type : MOUSEOVER
[INFO ][2015-12-11 15:50:21,483][com.java.TestType] [10193] -  RESULT true
[INFO ][2015-12-11 15:50:21,483][com.java.TestType] [10310] - ?   P A S S   ?
[DEBUG][2015-12-11 15:50:21,483][com.java.TestType] [10116] - Concept ID:7 :: Step being Executed: 7::3
[INFO ][2015-12-11 15:50:21,483][com.java.TestType] [10154] - dataFields : BTNdivHelpText
[DEBUG][2015-12-11 15:50:21,483][com.java.TestType] [10160] - <In Set values of the page>
[DEBUG][2015-12-11 15:50:21,483][com.java.TestType] [10165] - {Data Fields & Data Values Exist}
[INFO ][2015-12-11 15:50:21,483][com.java.TestType] [10171] - --------------------------setting values-----------------------------
[INFO ][2015-12-11 15:50:21,483][com.java.TestType] [10174] - Action Type : WAITFORELEMENT
[INFO ][2015-12-11 15:50:22,676][com.java.TestType] [10193] -  RESULT true
[INFO ][2015-12-11 15:50:22,676][com.java.TestType] [10310] - ?   P A S S   ?
[DEBUG][2015-12-11 15:50:22,676][com.java.TestType] [10116] - Concept ID:7 :: Step being Executed: 7::4
[ERROR][2015-12-11 15:50:22,676][com.java.TestType] [10149] - Exception: null
[INFO ][2015-12-11 15:50:22,676][com.java.TestType] [10154] - dataFields : BTNframeDialogContent
[DEBUG][2015-12-11 15:50:22,676][com.java.TestType] [10160] - <In Set values of the page>
[DEBUG][2015-12-11 15:50:22,676][com.java.TestType] [10165] - {Data Fields & Data Values Exist}
[INFO ][2015-12-11 15:50:22,676][com.java.TestType] [10171] - --------------------------setting values-----------------------------
[INFO ][2015-12-11 15:50:22,676][com.java.TestType] [10174] - Action Type : SELECTFRAME
[INFO ][2015-12-11 15:50:23,904][com.java.TestType] [10193] -  RESULT true
[INFO ][2015-12-11 15:50:23,904][com.java.TestType] [10310] - ?   P A S S   ?
[DEBUG][2015-12-11 15:50:23,904][com.java.TestType] [10116] - Concept ID:7 :: Step being Executed: 7::5
[INFO ][2015-12-11 15:50:23,904][com.java.TestType] [10154] - dataFields : BTN
[DEBUG][2015-12-11 15:50:23,904][com.java.TestType] [10160] - <In Set values of the page>
[DEBUG][2015-12-11 15:50:23,904][com.java.TestType] [10165] - {Data Fields & Data Values Exist}
[INFO ][2015-12-11 15:50:23,904][com.java.TestType] [10171] - --------------------------setting values-----------------------------
[INFO ][2015-12-11 15:50:23,904][com.java.TestType] [10174] - Action Type : VERIFY
[INFO ][2015-12-11 15:50:23,904][com.java.TestType] [ 6763] - field= BTN value= //div[@class='ui-widget-content']/div/button
[INFO ][2015-12-11 15:50:23,904][com.java.TestType] [ 5500] - value = //div[@class='ui-widget-content']/div/button
[INFO ][2015-12-11 15:50:23,969][com.java.TestType] [10193] -  RESULT true
[INFO ][2015-12-11 15:50:23,969][com.java.TestType] [10310] - ?   P A S S   ?
[DEBUG][2015-12-11 15:50:23,969][com.java.TestType] [10116] - Concept ID:7 :: Step being Executed: 7::6
[INFO ][2015-12-11 15:50:23,969][com.java.TestType] [10154] - dataFields : XPH//span[@class='glyphicon glyphicon-plus']
[DEBUG][2015-12-11 15:50:23,969][com.java.TestType] [10160] - <In Set values of the page>
[DEBUG][2015-12-11 15:50:23,969][com.java.TestType] [10165] - {Data Fields & Data Values Exist}
[INFO ][2015-12-11 15:50:23,969][com.java.TestType] [10171] - --------------------------setting values-----------------------------
[INFO ][2015-12-11 15:50:23,969][com.java.TestType] [10174] - Action Type : WAITFORELEMENT
[INFO ][2015-12-11 15:50:23,992][com.java.TestType] [10193] -  RESULT true
[INFO ][2015-12-11 15:50:23,992][com.java.TestType] [10310] - ?   P A S S   ?
[DEBUG][2015-12-11 15:50:23,992][com.java.TestType] [10116] - Concept ID:7 :: Step being Executed: 7::7
[ERROR][2015-12-11 15:50:23,992][com.java.TestType] [10149] - Exception: null
[INFO ][2015-12-11 15:50:23,992][com.java.TestType] [10154] - dataFields : XPH//span[@class='glyphicon glyphicon-plus']
[DEBUG][2015-12-11 15:50:23,992][com.java.TestType] [10160] - <In Set values of the page>
[DEBUG][2015-12-11 15:50:23,992][com.java.TestType] [10165] - {Data Fields & Data Values Exist}
[INFO ][2015-12-11 15:50:23,992][com.java.TestType] [10171] - --------------------------setting values-----------------------------
[INFO ][2015-12-11 15:50:23,992][com.java.TestType] [10174] - Action Type : CLICK
[INFO ][2015-12-11 15:50:23,993][com.java.TestType] [ 5850] - Field ::XPH//span[@class='glyphicon glyphicon-plus']
[INFO ][2015-12-11 15:50:23,993][com.java.TestType] [ 5500] - value = 
[INFO ][2015-12-11 15:50:24,993][com.java.TestType] [ 5957] - BEFORE CLICK
[INFO ][2015-12-11 15:50:26,135][com.java.TestType] [ 5965] - Unable to click the object +' Button
[INFO ][2015-12-11 15:50:26,135][com.java.TestType] [10193] -  RESULT true
[INFO ][2015-12-11 15:50:26,135][com.java.TestType] [10310] - ?   P A S S   ?
[DEBUG][2015-12-11 15:50:26,135][com.java.TestType] [10116] - Concept ID:7 :: Step being Executed: 7::8
[INFO ][2015-12-11 15:50:26,135][com.java.TestType] [10154] - dataFields : XPH//span[@class='dlg_Label']
[DEBUG][2015-12-11 15:50:26,135][com.java.TestType] [10160] - <In Set values of the page>
[DEBUG][2015-12-11 15:50:26,135][com.java.TestType] [10165] - {Data Fields & Data Values Exist}
[INFO ][2015-12-11 15:50:26,135][com.java.TestType] [10171] - --------------------------setting values-----------------------------
[INFO ][2015-12-11 15:50:26,135][com.java.TestType] [10174] - Action Type : WAITFORELEMENT
[INFO ][2015-12-11 15:50:26,158][com.java.TestType] [10193] -  RESULT true
[INFO ][2015-12-11 15:50:26,159][com.java.TestType] [10310] - ?   P A S S   ?
[DEBUG][2015-12-11 15:50:26,159][com.java.TestType] [10116] - Concept ID:7 :: Step being Executed: 7::9
[INFO ][2015-12-11 15:50:26,159][com.java.TestType] [10154] - dataFields : XPH//span[@class='dlg_Label']
[DEBUG][2015-12-11 15:50:26,159][com.java.TestType] [10160] - <In Set values of the page>
[DEBUG][2015-12-11 15:50:26,159][com.java.TestType] [10165] - {Data Fields & Data Values Exist}
[INFO ][2015-12-11 15:50:26,159][com.java.TestType] [10171] - --------------------------setting values-----------------------------
[INFO ][2015-12-11 15:50:26,159][com.java.TestType] [10174] - Action Type : VERIFY
[INFO ][2015-12-11 15:50:26,159][com.java.TestType] [ 6763] - field= XPH//span[@class='dlg_Label'] value= Package Name
[INFO ][2015-12-11 15:50:26,159][com.java.TestType] [ 5500] - value = Package Name
[INFO ][2015-12-11 15:50:26,270][com.java.TestType] [10193] -  RESULT true
[INFO ][2015-12-11 15:50:26,270][com.java.TestType] [10310] - ?   P A S S   ?
[DEBUG][2015-12-11 15:50:26,270][com.java.TestType] [10116] - Concept ID:7 :: Step being Executed: 7::10
[INFO ][2015-12-11 15:50:26,270][com.java.TestType] [10154] - dataFields : XPH//div[contains(@id,'ember')]/div//input[contains(@class, 'ember-view ember-text-')]
[DEBUG][2015-12-11 15:50:26,270][com.java.TestType] [10160] - <In Set values of the page>
[DEBUG][2015-12-11 15:50:26,270][com.java.TestType] [10165] - {Data Fields & Data Values Exist}
[INFO ][2015-12-11 15:50:26,270][com.java.TestType] [10171] - --------------------------setting values-----------------------------
[INFO ][2015-12-11 15:50:26,270][com.java.TestType] [10174] - Action Type : WAITFORELEMENT
[INFO ][2015-12-11 15:50:26,303][com.java.TestType] [10193] -  RESULT true
[INFO ][2015-12-11 15:50:26,303][com.java.TestType] [10310] - ?   P A S S   ?
[DEBUG][2015-12-11 15:50:26,303][com.java.TestType] [10116] - Concept ID:7 :: Step being Executed: 7::11
[ERROR][2015-12-11 15:50:26,303][com.java.TestType] [10149] - Exception: null
[INFO ][2015-12-11 15:50:26,303][com.java.TestType] [10154] - dataFields : XPH//div[contains(@id,'ember')]/div//input[contains(@class, 'ember-view ember-text-')]
[DEBUG][2015-12-11 15:50:26,303][com.java.TestType] [10160] - <In Set values of the page>
[DEBUG][2015-12-11 15:50:26,303][com.java.TestType] [10165] - {Data Fields & Data Values Exist}
[INFO ][2015-12-11 15:50:26,304][com.java.TestType] [10171] - --------------------------setting values-----------------------------
[INFO ][2015-12-11 15:50:26,304][com.java.TestType] [10174] - Action Type : CLICK
[INFO ][2015-12-11 15:50:26,304][com.java.TestType] [ 5850] - Field ::XPH//div[contains(@id,'ember')]/div//input[contains(@class, 'ember-view ember-text-')]
[INFO ][2015-12-11 15:50:26,304][com.java.TestType] [ 5500] - value = 
[INFO ][2015-12-11 15:50:27,305][com.java.TestType] [ 5957] - BEFORE CLICK
[INFO ][2015-12-11 15:50:28,045][com.java.TestType] [ 5965] - Unable to click the object PackageName Textfield
[INFO ][2015-12-11 15:50:28,045][com.java.TestType] [10193] -  RESULT true
[INFO ][2015-12-11 15:50:28,045][com.java.TestType] [10310] - ?   P A S S   ?
[DEBUG][2015-12-11 15:50:28,045][com.java.TestType] [10116] - Concept ID:7 :: Step being Executed: 7::12
[INFO ][2015-12-11 15:50:28,045][com.java.TestType] [10154] - dataFields : TXT//div[contains(@id,'ember')]/div//input[contains(@class, 'ember-view ember-text-')]
[DEBUG][2015-12-11 15:50:28,045][com.java.TestType] [10160] - <In Set values of the page>
[DEBUG][2015-12-11 15:50:28,045][com.java.TestType] [10165] - {Data Fields & Data Values Exist}
[INFO ][2015-12-11 15:50:28,045][com.java.TestType] [10171] - --------------------------setting values-----------------------------
[INFO ][2015-12-11 15:50:28,045][com.java.TestType] [10174] - Action Type : CLEARANDENTER
[INFO ][2015-12-11 15:50:28,045][com.java.TestType] [ 5500] - value = VL_Test#17072
[INFO ][2015-12-11 15:50:28,861][com.java.TestType] [10193] -  RESULT true
[INFO ][2015-12-11 15:50:28,861][com.java.TestType] [10310] - ?   P A S S   ?
[DEBUG][2015-12-11 15:50:28,861][com.java.TestType] [10116] - Concept ID:7 :: Step being Executed: 7::13
[INFO ][2015-12-11 15:50:28,861][com.java.TestType] [10154] - dataFields : null
[DEBUG][2015-12-11 15:50:28,861][com.java.TestType] [10160] - <In Set values of the page>
[INFO ][2015-12-11 15:50:28,861][com.java.TestType] [10310] - ?   P A S S   ?
[DEBUG][2015-12-11 15:50:28,861][com.java.TestType] [10116] - Concept ID:7 :: Step being Executed: 7::14
[INFO ][2015-12-11 15:50:28,861][com.java.TestType] [10154] - dataFields : TXT//div[contains(@id,'ember')]/div//input[contains(@class, 'ember-view ember-text-')]
[DEBUG][2015-12-11 15:50:28,861][com.java.TestType] [10160] - <In Set values of the page>
[DEBUG][2015-12-11 15:50:28,861][com.java.TestType] [10165] - {Data Fields & Data Values Exist}
[INFO ][2015-12-11 15:50:28,862][com.java.TestType] [10171] - --------------------------setting values-----------------------------
[INFO ][2015-12-11 15:50:28,862][com.java.TestType] [10174] - Action Type : STOREVALUE
[INFO ][2015-12-11 15:50:28,862][com.java.TestType] [ 7941] - field= TXT//div[contains(@id,'ember')]/div//input[contains(@class, 'ember-view ember-text-')]
[DEBUG][2015-12-11 15:50:28,928][com.java.TestType] [ 7955] - Key:: PackageName  Value:: VL_Test#17072
[INFO ][2015-12-11 15:50:28,928][com.java.TestType] [10193] -  RESULT true
[INFO ][2015-12-11 15:50:28,928][com.java.TestType] [10310] - ?   P A S S   ?
[DEBUG][2015-12-11 15:50:28,928][com.java.TestType] [10116] - Concept ID:7 :: Step being Executed: 7::15
[INFO ][2015-12-11 15:50:28,928][com.java.TestType] [10154] - dataFields : XPH//span[contains(text(),'Save')]
[DEBUG][2015-12-11 15:50:28,928][com.java.TestType] [10160] - <In Set values of the page>
[DEBUG][2015-12-11 15:50:28,929][com.java.TestType] [10165] - {Data Fields & Data Values Exist}
[INFO ][2015-12-11 15:50:28,929][com.java.TestType] [10171] - --------------------------setting values-----------------------------
[INFO ][2015-12-11 15:50:28,929][com.java.TestType] [10174] - Action Type : WAITFORELEMENT
[INFO ][2015-12-11 15:50:28,952][com.java.TestType] [10193] -  RESULT true
[INFO ][2015-12-11 15:50:28,952][com.java.TestType] [10310] - ?   P A S S   ?
[DEBUG][2015-12-11 15:50:28,952][com.java.TestType] [10116] - Concept ID:7 :: Step being Executed: 7::16
[ERROR][2015-12-11 15:50:28,952][com.java.TestType] [10149] - Exception: null
[INFO ][2015-12-11 15:50:28,952][com.java.TestType] [10154] - dataFields : BTNselectionTest
[DEBUG][2015-12-11 15:50:28,952][com.java.TestType] [10160] - <In Set values of the page>
[DEBUG][2015-12-11 15:50:28,952][com.java.TestType] [10165] - {Data Fields & Data Values Exist}
[INFO ][2015-12-11 15:50:28,953][com.java.TestType] [10171] - --------------------------setting values-----------------------------
[INFO ][2015-12-11 15:50:28,953][com.java.TestType] [10174] - Action Type : CLICK
[INFO ][2015-12-11 15:50:28,953][com.java.TestType] [ 5850] - Field ::BTNselectionTest
[INFO ][2015-12-11 15:50:28,953][com.java.TestType] [ 5500] - value = 
[INFO ][2015-12-11 15:50:29,953][com.java.TestType] [ 5936] - BEFORE CLICK
[INFO ][2015-12-11 15:50:32,185][com.java.TestType] [ 5943] - Unable to click the object Yes radio button
[INFO ][2015-12-11 15:50:32,185][com.java.TestType] [10193] -  RESULT true
[INFO ][2015-12-11 15:50:32,185][com.java.TestType] [10310] - ?   P A S S   ?
[DEBUG][2015-12-11 15:50:32,185][com.java.TestType] [10116] - Concept ID:7 :: Step being Executed: 7::17
[INFO ][2015-12-11 15:50:32,185][com.java.TestType] [10154] - dataFields : XPH//span[contains(text(),'Save')]
[DEBUG][2015-12-11 15:50:32,185][com.java.TestType] [10160] - <In Set values of the page>
[DEBUG][2015-12-11 15:50:32,185][com.java.TestType] [10165] - {Data Fields & Data Values Exist}
[INFO ][2015-12-11 15:50:32,185][com.java.TestType] [10171] - --------------------------setting values-----------------------------
[INFO ][2015-12-11 15:50:32,185][com.java.TestType] [10174] - Action Type : WAITFORELEMENT
[INFO ][2015-12-11 15:50:32,208][com.java.TestType] [10193] -  RESULT true
[INFO ][2015-12-11 15:50:32,208][com.java.TestType] [10310] - ?   P A S S   ?
[DEBUG][2015-12-11 15:50:32,208][com.java.TestType] [10116] - Concept ID:7 :: Step being Executed: 7::18
[ERROR][2015-12-11 15:50:32,208][com.java.TestType] [10149] - Exception: null
[INFO ][2015-12-11 15:50:32,208][com.java.TestType] [10154] - dataFields : XPH//span[contains(text(),'Save')]
[DEBUG][2015-12-11 15:50:32,208][com.java.TestType] [10160] - <In Set values of the page>
[DEBUG][2015-12-11 15:50:32,208][com.java.TestType] [10165] - {Data Fields & Data Values Exist}
[INFO ][2015-12-11 15:50:32,208][com.java.TestType] [10171] - --------------------------setting values-----------------------------
[INFO ][2015-12-11 15:50:32,208][com.java.TestType] [10174] - Action Type : CLICK
[INFO ][2015-12-11 15:50:32,209][com.java.TestType] [ 5850] - Field ::XPH//span[contains(text(),'Save')]
[INFO ][2015-12-11 15:50:32,209][com.java.TestType] [ 5500] - value = 
[INFO ][2015-12-11 15:50:33,209][com.java.TestType] [ 5957] - BEFORE CLICK
[INFO ][2015-12-11 15:50:34,937][com.java.TestType] [ 5965] - Unable to click the object Save Button
[INFO ][2015-12-11 15:50:34,937][com.java.TestType] [10193] -  RESULT true
[INFO ][2015-12-11 15:50:34,937][com.java.TestType] [10310] - ?   P A S S   ?
[DEBUG][2015-12-11 15:50:34,937][com.java.TestType] [10116] - Concept ID:7 :: Step being Executed: 7::19
[INFO ][2015-12-11 15:50:34,937][com.java.TestType] [10154] - dataFields : XPH//span[@class='dlg_Label']
[DEBUG][2015-12-11 15:50:34,937][com.java.TestType] [10160] - <In Set values of the page>
[DEBUG][2015-12-11 15:50:34,937][com.java.TestType] [10165] - {Data Fields & Data Values Exist}
[INFO ][2015-12-11 15:50:34,937][com.java.TestType] [10171] - --------------------------setting values-----------------------------
[INFO ][2015-12-11 15:50:34,937][com.java.TestType] [10174] - Action Type : WAITFORELEMENT
[INFO ][2015-12-11 15:50:34,960][com.java.TestType] [10193] -  RESULT true
[INFO ][2015-12-11 15:50:34,961][com.java.TestType] [10310] - ?   P A S S   ?
[DEBUG][2015-12-11 15:50:34,961][com.java.TestType] [10116] - Concept ID:7 :: Step being Executed: 7::20
[INFO ][2015-12-11 15:50:34,961][com.java.TestType] [10154] - dataFields : XPH//span[@class='dlg_Label']
[DEBUG][2015-12-11 15:50:34,961][com.java.TestType] [10160] - <In Set values of the page>
[DEBUG][2015-12-11 15:50:34,961][com.java.TestType] [10165] - {Data Fields & Data Values Exist}
[INFO ][2015-12-11 15:50:34,961][com.java.TestType] [10171] - --------------------------setting values-----------------------------
[INFO ][2015-12-11 15:50:34,961][com.java.TestType] [10174] - Action Type : VERIFY
[INFO ][2015-12-11 15:50:34,961][com.java.TestType] [ 6763] - field= XPH//span[@class='dlg_Label'] value= Current Package
[INFO ][2015-12-11 15:50:34,961][com.java.TestType] [ 5500] - value = Current Package
[INFO ][2015-12-11 15:50:35,080][com.java.TestType] [10193] -  RESULT true
[INFO ][2015-12-11 15:50:35,080][com.java.TestType] [10310] - ?   P A S S   ?
[DEBUG][2015-12-11 15:50:35,080][com.java.TestType] [10116] - Concept ID:7 :: Step being Executed: 7::21
[ERROR][2015-12-11 15:50:35,080][com.java.TestType] [10149] - Exception: null
[INFO ][2015-12-11 15:50:35,080][com.java.TestType] [10154] - dataFields : XPH//option[contains(text(),'Balance Sheet')][2]
[DEBUG][2015-12-11 15:50:35,080][com.java.TestType] [10160] - <In Set values of the page>
[DEBUG][2015-12-11 15:50:35,080][com.java.TestType] [10165] - {Data Fields & Data Values Exist}
[INFO ][2015-12-11 15:50:35,080][com.java.TestType] [10171] - --------------------------setting values-----------------------------
[INFO ][2015-12-11 15:50:35,080][com.java.TestType] [10174] - Action Type : CLICK
[INFO ][2015-12-11 15:50:35,080][com.java.TestType] [ 5850] - Field ::XPH//option[contains(text(),'Balance Sheet')][2]
[INFO ][2015-12-11 15:50:35,081][com.java.TestType] [ 5500] - value = 
[INFO ][2015-12-11 15:50:36,081][com.java.TestType] [ 5957] - BEFORE CLICK
[INFO ][2015-12-11 15:50:38,714][com.java.TestType] [ 5965] - Unable to click the object Add New Report Dropdown
[INFO ][2015-12-11 15:50:38,714][com.java.TestType] [10193] -  RESULT true
[INFO ][2015-12-11 15:50:38,714][com.java.TestType] [10310] - ?   P A S S   ?
[DEBUG][2015-12-11 15:50:38,714][com.java.TestType] [10116] - Concept ID:7 :: Step being Executed: 7::22
[INFO ][2015-12-11 15:50:38,714][com.java.TestType] [10154] - dataFields : XPH//td/input[contains(@class, 'ember-view ember-')]
[DEBUG][2015-12-11 15:50:38,714][com.java.TestType] [10160] - <In Set values of the page>
[DEBUG][2015-12-11 15:50:38,714][com.java.TestType] [10165] - {Data Fields & Data Values Exist}
[INFO ][2015-12-11 15:50:38,714][com.java.TestType] [10171] - --------------------------setting values-----------------------------
[INFO ][2015-12-11 15:50:38,714][com.java.TestType] [10174] - Action Type : WAITFORELEMENT
[INFO ][2015-12-11 15:50:38,738][com.java.TestType] [10193] -  RESULT true
[INFO ][2015-12-11 15:50:38,738][com.java.TestType] [10310] - ?   P A S S   ?
[DEBUG][2015-12-11 15:50:38,738][com.java.TestType] [10116] - Concept ID:7 :: Step being Executed: 7::23
[INFO ][2015-12-11 15:50:38,738][com.java.TestType] [10154] - dataFields : RDB//td/input[contains(@class, 'ember-view ember-')]
[DEBUG][2015-12-11 15:50:38,738][com.java.TestType] [10160] - <In Set values of the page>
[DEBUG][2015-12-11 15:50:38,738][com.java.TestType] [10165] - {Data Fields & Data Values Exist}
[INFO ][2015-12-11 15:50:38,738][com.java.TestType] [10171] - --------------------------setting values-----------------------------
[INFO ][2015-12-11 15:50:38,738][com.java.TestType] [10174] - Action Type : VERIFY
[INFO ][2015-12-11 15:50:38,739][com.java.TestType] [ 6763] - field= RDB//td/input[contains(@class, 'ember-view ember-')] value= BalanceSheet
[INFO ][2015-12-11 15:50:38,739][com.java.TestType] [ 5500] - value = BalanceSheet
[ERROR][2015-12-11 15:50:38,806][com.java.TestType] [ 7268] - Assertion Error: expected:<BalanceSheet> but was:<Balance Sheet>
[INFO ][2015-12-11 15:50:38,806][com.java.TestType] [10193] -  RESULT false
[INFO ][2015-12-11 15:50:38,806][com.java.TestType] [10231] - ?   F A I L   ?
[DEBUG][2015-12-11 15:50:38,806][com.java.TestType] [10234] - Browser Type : IE10
[INFO ][2015-12-11 15:50:38,810][com.java.SeleniumDriver] [  894] -  RESULT false
[INFO ][2015-12-11 15:50:38,810][com.java.SeleniumDriver] [  941] - ?   F A I L   ?
[INFO ][2015-12-11 15:50:38,810][com.java.SeleniumDriver] [  949] - Browser Type : IE10
[INFO ][2015-12-11 15:50:38,810][com.java.SeleniumDriver] [  950] - Adding Failed case13
[INFO ][2015-12-11 15:50:39,079][com.java.SeleniumDriver] [ 1064] - failedCases = 13
[ERROR][2015-12-11 15:50:39,079][com.java.SeleniumDriver] [ 1561] - Platform Errors : Our apologies...::We have encountered an issue with your request.::Our apologies?:We encountered an issue with your request.
[INFO ][2015-12-11 15:50:39,079][com.java.SeleniumDriver] [ 1565] - Length =3
[ERROR][2015-12-11 15:50:39,080][com.java.SeleniumDriver] [ 1568] - Error 0 = Our apologies...
[ERROR][2015-12-11 15:50:39,095][com.java.SeleniumDriver] [ 1568] - Error 1 = We have encountered an issue with your request.
[ERROR][2015-12-11 15:50:39,110][com.java.SeleniumDriver] [ 1568] - Error 2 = Our apologies?:We encountered an issue with your request.
[INFO ][2015-12-11 15:50:39,125][com.java.SeleniumDriver] [ 1579] - strError:
[DEBUG][2015-12-11 15:50:39,137][com.java.SeleniumDriver] [ 1212] - Case found
[DEBUG][2015-12-11 15:50:39,138][com.java.SeleniumDriver] [ 1217] - Incrementing ReportCounters[0]:2
[INFO ][2015-12-11 15:50:39,138][com.java.SeleniumDriver] [ 1236] - The results are-------------------[13, 4, Reports Package: Drill-downs on 12 Month Balance Sheet Report, Fail, 
Test case failed at Step No. :: 4   Error Message ::  In CONCEPT: Test case failed at Step No. :: 23   Error Message ::  expected:<BalanceSheet> but was:<Balance Sheet>. Screen Shot : D:\BankersDashboard\TestReports\121115\13_121115_155038_IE10.png, Fri Dec 11 15:50:39 IST 2015]
[INFO ][2015-12-11 15:50:39,138][com.java.SeleniumDriver] [ 1240] - End time is-------1 min 41 sec
[INFO ][2015-12-11 15:50:39,138][com.java.SeleniumDriver] [ 1241] - The results are-------------------[13, 4, Reports Package: Drill-downs on 12 Month Balance Sheet Report, Fail, 
Test case failed at Step No. :: 4   Error Message ::  In CONCEPT: Test case failed at Step No. :: 23   Error Message ::  expected:<BalanceSheet> but was:<Balance Sheet>. Screen Shot : D:\BankersDashboard\TestReports\121115\13_121115_155038_IE10.png, Fri Dec 11 15:50:39 IST 2015]
[DEBUG][2015-12-11 15:50:39,138][com.java.ImportnExport.ExportTestResultsExcel] [  222] - testResultPath = D:\BankersDashboard/TestReports/Test Results_BankersDashBoard_121115_154859_IE10_First Bank.xls
[DEBUG][2015-12-11 15:50:39,138][com.java.ImportnExport.ExportTestResultsExcel] [  223] - browser is------------IE10
[DEBUG][2015-12-11 15:50:39,140][com.java.ImportnExport.ExportTestResultsExcel] [  270] - result.size() = 6
[DEBUG][2015-12-11 15:50:39,140][com.java.ImportnExport.ExportTestResultsExcel] [  274] - No of rows in sheet=2
[DEBUG][2015-12-11 15:50:39,140][com.java.ImportnExport.ExportTestResultsExcel] [  301] - ..in export..13
[DEBUG][2015-12-11 15:50:39,140][com.java.ImportnExport.ExportTestResultsExcel] [  301] - ..in export..Reports Package: Drill-downs on 12 Month Balance Sheet Report
[DEBUG][2015-12-11 15:50:39,140][com.java.ImportnExport.ExportTestResultsExcel] [  301] - ..in export..Fail
[DEBUG][2015-12-11 15:50:39,141][com.java.ImportnExport.ExportTestResultsExcel] [  301] - ..in export..
Test case failed at Step No. :: 4   Error Message ::  In CONCEPT: Test case failed at Step No. :: 23   Error Message ::  expected:<BalanceSheet> but was:<Balance Sheet>. Screen Shot : D:\BankersDashboard\TestReports\121115\13_121115_155038_IE10.png
[DEBUG][2015-12-11 15:50:39,141][com.java.ImportnExport.ExportTestResultsExcel] [  301] - ..in export..Fri Dec 11 15:50:39 IST 2015
[INFO ][2015-12-11 15:50:39,143][com.java.SeleniumDriver] [ 1299] - out loop:1 size:2 TestCases:[1, 13] testcases:[1, 13]
[INFO ][2015-12-11 15:50:41,143][com.java.SeleniumDriver] [ 1342] - Total Number of Cases:2
[INFO ][2015-12-11 15:50:41,143][com.java.TemplateGenerator] [  302] - Executed:2
[INFO ][2015-12-11 15:50:41,143][com.java.TemplateGenerator] [  303] - Passed:1
[INFO ][2015-12-11 15:50:41,143][com.java.TemplateGenerator] [  304] - Failed:1
[INFO ][2015-12-11 15:50:41,143][com.java.TemplateGenerator] [  305] - Skipeed:0
[INFO ][2015-12-11 15:50:41,143][com.java.TemplateGenerator] [  306] - Application URL:https://clients-xuat.bankersdashboard.com
[INFO ][2015-12-11 15:50:41,143][com.java.TemplateGenerator] [  307] - Start Time:121115_154859
[INFO ][2015-12-11 15:50:41,143][com.java.TemplateGenerator] [  308] -  Creating HTML Report 
[ERROR][2015-12-11 15:50:41,144][com.java.TemplateGenerator] [  409] - Unparseable date: "Fri Dec 11 03:48:59 IST 2015"
[INFO ][2015-12-11 15:50:41,144][com.java.TemplateGenerator] [  654] -  Exporting case :: 1
[INFO ][2015-12-11 15:50:41,144][com.java.TemplateGenerator] [  654] -  Exporting case :: 13
[INFO ][2015-12-11 15:50:41,148][com.java.SeleniumDriver] [ 1391] - End Time:121115_155041
[INFO ][2015-12-11 15:50:41,149][com.java.SeleniumDriver] [ 1394] - Data in Test Execution Details:{1=PASS, 13=FAILTest case failed at Step No. :: 4   Error Message ::  In CONCEPT: Test case failed at Step No. :: 23   Error Message ::  expected:<BalanceSheet> but was:<Balance Sheet>}
[INFO ][2015-12-11 15:50:41,149][com.java.SeleniumDriver] [ 1395] - Data in Failed Execution Deatils:{}
[INFO ][2015-12-11 15:50:41,149][com.java.SeleniumDriver] [ 1397] - ReportCounter:Total:2 :: PASS: 1 ::FAIL: 1
[INFO ][2015-12-11 15:50:41,149][com.java.SeleniumDriver] [ 1398] - FailedReportCounter:Total:0 :: PASS: 0 ::FAIL: 0
[INFO ][2015-12-11 15:50:41,156][com.java.EmailTestReport] [   63] - Sending report mail details:
[INFO ][2015-12-11 15:50:41,156][com.java.EmailTestReport] [   80] - Excel Report Path:D:\BankersDashboard/TestReports/Test Results_BankersDashBoard_121115_154859_IE10_First Bank.xls
[INFO ][2015-12-11 15:50:41,156][com.java.EmailTestReport] [   81] - HTML Report Path:D:\BankersDashboard//TestReports//Test Results_BankersDashBoard_121115_154859_IE10_First Bank.html
[INFO ][2015-12-11 15:50:41,156][com.java.EmailTestReport] [   82] - smtpHostName:mail01.valuelabs.com
[INFO ][2015-12-11 15:50:41,156][com.java.EmailTestReport] [   83] - Recipient:venkateswararao.gubbala@valuelabs.com;
[INFO ][2015-12-11 15:50:41,156][com.java.EmailTestReport] [   84] - From:venkateswararao.gubbala@valuelabs.com;
[INFO ][2015-12-11 15:50:41,156][com.java.EmailTestReport] [   85] - Subject:Deluxe Corp Bankers Dashboard Automation Test Report - First Bank - IE10
[INFO ][2015-12-11 15:50:41,172][com.java.EmailTestReport] [  143] -  Added venkateswararao.gubbala@valuelabs.com
[INFO ][2015-12-11 15:50:44,551][com.java.SeleniumDriver] [  720] - quitting the browser 
[INFO ][2015-12-11 15:50:45,753][com.java.SeleniumDriver] [  264] - Execution Completed Stopping the thread
