[INFO ][2015-12-11 11:53:22,754][com.java.SeleniumDriver] [  213] - Execute Failed Casesfalse
[INFO ][2015-12-11 11:53:22,754][com.java.SeleniumDriver] [  214] - Browser: IE10
[INFO ][2015-12-11 11:53:22,754][com.java.SeleniumDriver] [  215] - [1, 7, 8, 9]
[INFO ][2015-12-11 11:53:22,754][com.java.SeleniumDriver] [  216] - Total TestCases:4
[INFO ][2015-12-11 11:53:22,754][com.java.SeleniumDriver] [  217] -  Reading Properties from Property File 
[DEBUG][2015-12-11 11:53:22,754][com.java.SeleniumDriver] [  238] - url : https://clients-xuat.bankersdashboard.com
[INFO ][2015-12-11 11:53:22,754][com.java.ImportnExport.ExportTestResultsExcel] [  116] - Time Stamp Fri Dec 11 11:53:22 IST 2015
[INFO ][2015-12-11 11:53:22,754][com.java.ImportnExport.ExportTestResultsExcel] [  175] - OUT FILE : D:\BankersDashboard/TestReports/Test Results_BankersDashBoard_121115_115322_IE10_First Bank.xls
[INFO ][2015-12-11 11:53:22,786][com.java.ImportnExport.ExportTestResultsExcel] [  180] - Test Result file is created
[DEBUG][2015-12-11 11:53:22,876][com.java.SeleniumDriver] [  426] - Hub ip address is-------172.17.68.34
[INFO ][2015-12-11 11:53:22,886][com.java.SeleniumDriver] [  452] - Grid URL:http://172.17.68.34:4444/wd/hub
[INFO ][2015-12-11 11:53:22,886][com.java.SeleniumDriver] [  453] - Capability:Capabilities [{platform=ANY, ensureCleanSession=true, ignoreProtectedModeSettings=true, acceptSslCerts=true, ignoreZoomSetting=true, browserName=internet explorer, browserstack.ie.noFlash=true, version=null}]
[ERROR][2015-12-11 11:53:24,186][com.java.SeleniumDriver] [  497] - Unable invoke browser in grid:Could not start a new session. Possible causes are invalid address of the remote server or browser start-up failure.
Build info: version: '2.48.2', revision: '41bccdd', time: '2015-10-09 19:59:12'
System info: host: 'FVTIII438F1D', ip: '172.17.68.34', os.name: 'Windows 7', os.arch: 'x86', os.version: '6.1', java.version: '1.7.0_55'
Driver info: driver.version: SeleniumDriver
[INFO ][2015-12-11 11:53:24,186][com.java.SeleniumDriver] [  499] - Executing on local machine
[INFO ][2015-12-11 11:53:33,828][com.java.SeleniumDriver] [  248] - IE10is opened
[INFO ][2015-12-11 11:53:34,521][com.java.SeleniumDriver] [  754] - Test cases to be executed are: [1, 7, 8, 9]
[INFO ][2015-12-11 11:53:34,532][com.java.ImportnExport.ImportTestDataDetailsExcel] [   49] - test data details path===== D:\BankersDashboard\TestInputs\TestData.xls
[INFO ][2015-12-11 11:53:34,612][com.java.SeleniumDriver] [  821] - ------------------------------------------
[INFO ][2015-12-11 11:53:34,612][com.java.SeleniumDriver] [  822] - Test case being Executed: 1
[INFO ][2015-12-11 11:53:34,612][com.java.SeleniumDriver] [  833] - Test step:1
[INFO ][2015-12-11 11:53:34,612][com.java.SeleniumDriver] [  845] - Datavalue is----------Concept#1:1-16
[INFO ][2015-12-11 11:53:34,612][com.java.SeleniumDriver] [  869] - DataField : test
[INFO ][2015-12-11 11:53:34,612][com.java.SeleniumDriver] [  871] - DataValue : Concept#1:1-16
[INFO ][2015-12-11 11:53:34,612][com.java.SeleniumDriver] [  877] - <In Set values of the page>
[INFO ][2015-12-11 11:53:34,612][com.java.SeleniumDriver] [  880] - {Data Fields & Data Values Exist}
[INFO ][2015-12-11 11:53:34,612][com.java.SeleniumDriver] [  882] - --------------------------setting values-----------------------------
[INFO ][2015-12-11 11:53:34,612][com.java.SeleniumDriver] [  885] - Action Type : ExecuteTestCase
[INFO ][2015-12-11 11:53:34,632][com.java.TestType] [  436] - The Concept sheet name is ---------- Concept
[INFO ][2015-12-11 11:53:34,632][com.java.TestType] [  439] - The Concept ID  is ---------- 1
[DEBUG][2015-12-11 11:53:34,632][com.java.TestType] [  443] - Steps being executted in the Concept are: 1:16
[INFO ][2015-12-11 11:53:34,632][com.java.TestType] [  450] - Test data details path ---------- D:\BankersDashboard\TestInputs\TestData.xls
[INFO ][2015-12-11 11:53:34,662][com.java.TestType] [  481] -  str(1) = 1
[INFO ][2015-12-11 11:53:34,662][com.java.TestType] [  484] - Test case Id is---1
[INFO ][2015-12-11 11:53:34,662][com.java.TestType] [  486] - 1
[INFO ][2015-12-11 11:53:34,662][com.java.TestType] [  481] -  str(2) = 1
[INFO ][2015-12-11 11:53:34,662][com.java.TestType] [  533] - row values are--------{1=com.java.Objects.TestDataDetails@1b05755}
[INFO ][2015-12-11 11:53:34,662][com.java.TestType] [  481] -  str(1) = 1
[INFO ][2015-12-11 11:53:34,672][com.java.TestType] [  484] - Test case Id is---1
[INFO ][2015-12-11 11:53:34,672][com.java.TestType] [  486] - 1
[INFO ][2015-12-11 11:53:34,672][com.java.TestType] [  481] -  str(2) = 2
[INFO ][2015-12-11 11:53:34,672][com.java.TestType] [  533] - row values are--------{1=com.java.Objects.TestDataDetails@1b05755, 2=com.java.Objects.TestDataDetails@1a38fa1}
[INFO ][2015-12-11 11:53:34,672][com.java.TestType] [  481] -  str(1) = 1
[INFO ][2015-12-11 11:53:34,672][com.java.TestType] [  484] - Test case Id is---1
[INFO ][2015-12-11 11:53:34,672][com.java.TestType] [  486] - 1
[INFO ][2015-12-11 11:53:34,672][com.java.TestType] [  481] -  str(2) = 3
[INFO ][2015-12-11 11:53:34,672][com.java.TestType] [  533] - row values are--------{1=com.java.Objects.TestDataDetails@1b05755, 2=com.java.Objects.TestDataDetails@1a38fa1, 3=com.java.Objects.TestDataDetails@acb67a}
[INFO ][2015-12-11 11:53:34,672][com.java.TestType] [  481] -  str(1) = 1
[INFO ][2015-12-11 11:53:34,672][com.java.TestType] [  484] - Test case Id is---1
[INFO ][2015-12-11 11:53:34,672][com.java.TestType] [  486] - 1
[INFO ][2015-12-11 11:53:34,672][com.java.TestType] [  481] -  str(2) = 4
[INFO ][2015-12-11 11:53:34,672][com.java.TestType] [  533] - row values are--------{1=com.java.Objects.TestDataDetails@1b05755, 2=com.java.Objects.TestDataDetails@1a38fa1, 3=com.java.Objects.TestDataDetails@acb67a, 4=com.java.Objects.TestDataDetails@1668d9}
[INFO ][2015-12-11 11:53:34,672][com.java.TestType] [  481] -  str(1) = 1
[INFO ][2015-12-11 11:53:34,672][com.java.TestType] [  484] - Test case Id is---1
[INFO ][2015-12-11 11:53:34,672][com.java.TestType] [  486] - 1
[INFO ][2015-12-11 11:53:34,672][com.java.TestType] [  481] -  str(2) = 5
[INFO ][2015-12-11 11:53:34,672][com.java.TestType] [  533] - row values are--------{1=com.java.Objects.TestDataDetails@1b05755, 2=com.java.Objects.TestDataDetails@1a38fa1, 3=com.java.Objects.TestDataDetails@acb67a, 4=com.java.Objects.TestDataDetails@1668d9, 5=com.java.Objects.TestDataDetails@166f936}
[INFO ][2015-12-11 11:53:34,672][com.java.TestType] [  481] -  str(1) = 1
[INFO ][2015-12-11 11:53:34,672][com.java.TestType] [  484] - Test case Id is---1
[INFO ][2015-12-11 11:53:34,672][com.java.TestType] [  486] - 1
[INFO ][2015-12-11 11:53:34,672][com.java.TestType] [  481] -  str(2) = 6
[INFO ][2015-12-11 11:53:34,672][com.java.TestType] [  533] - row values are--------{1=com.java.Objects.TestDataDetails@1b05755, 2=com.java.Objects.TestDataDetails@1a38fa1, 3=com.java.Objects.TestDataDetails@acb67a, 4=com.java.Objects.TestDataDetails@1668d9, 5=com.java.Objects.TestDataDetails@166f936, 6=com.java.Objects.TestDataDetails@31ac15}
[INFO ][2015-12-11 11:53:34,672][com.java.TestType] [  481] -  str(1) = 1
[INFO ][2015-12-11 11:53:34,672][com.java.TestType] [  484] - Test case Id is---1
[INFO ][2015-12-11 11:53:34,672][com.java.TestType] [  486] - 1
[INFO ][2015-12-11 11:53:34,672][com.java.TestType] [  481] -  str(2) = 7
[INFO ][2015-12-11 11:53:34,682][com.java.TestType] [  533] - row values are--------{1=com.java.Objects.TestDataDetails@1b05755, 2=com.java.Objects.TestDataDetails@1a38fa1, 3=com.java.Objects.TestDataDetails@acb67a, 4=com.java.Objects.TestDataDetails@1668d9, 5=com.java.Objects.TestDataDetails@166f936, 6=com.java.Objects.TestDataDetails@31ac15, 7=com.java.Objects.TestDataDetails@1c200d0}
[INFO ][2015-12-11 11:53:34,682][com.java.TestType] [  481] -  str(1) = 1
[INFO ][2015-12-11 11:53:34,682][com.java.TestType] [  484] - Test case Id is---1
[INFO ][2015-12-11 11:53:34,682][com.java.TestType] [  486] - 1
[INFO ][2015-12-11 11:53:34,682][com.java.TestType] [  481] -  str(2) = 8
[INFO ][2015-12-11 11:53:34,682][com.java.TestType] [  533] - row values are--------{1=com.java.Objects.TestDataDetails@1b05755, 2=com.java.Objects.TestDataDetails@1a38fa1, 3=com.java.Objects.TestDataDetails@acb67a, 4=com.java.Objects.TestDataDetails@1668d9, 5=com.java.Objects.TestDataDetails@166f936, 6=com.java.Objects.TestDataDetails@31ac15, 7=com.java.Objects.TestDataDetails@1c200d0, 8=com.java.Objects.TestDataDetails@1f46631}
[INFO ][2015-12-11 11:53:34,682][com.java.TestType] [  481] -  str(1) = 1
[INFO ][2015-12-11 11:53:34,682][com.java.TestType] [  484] - Test case Id is---1
[INFO ][2015-12-11 11:53:34,682][com.java.TestType] [  486] - 1
[INFO ][2015-12-11 11:53:34,682][com.java.TestType] [  481] -  str(2) = 9
[INFO ][2015-12-11 11:53:34,682][com.java.TestType] [  533] - row values are--------{1=com.java.Objects.TestDataDetails@1b05755, 2=com.java.Objects.TestDataDetails@1a38fa1, 3=com.java.Objects.TestDataDetails@acb67a, 4=com.java.Objects.TestDataDetails@1668d9, 5=com.java.Objects.TestDataDetails@166f936, 6=com.java.Objects.TestDataDetails@31ac15, 7=com.java.Objects.TestDataDetails@1c200d0, 8=com.java.Objects.TestDataDetails@1f46631, 9=com.java.Objects.TestDataDetails@4eb331}
[INFO ][2015-12-11 11:53:34,682][com.java.TestType] [  481] -  str(1) = 1
[INFO ][2015-12-11 11:53:34,682][com.java.TestType] [  484] - Test case Id is---1
[INFO ][2015-12-11 11:53:34,682][com.java.TestType] [  486] - 1
[INFO ][2015-12-11 11:53:34,682][com.java.TestType] [  481] -  str(2) = 10
[INFO ][2015-12-11 11:53:34,682][com.java.TestType] [  533] - row values are--------{1=com.java.Objects.TestDataDetails@1b05755, 2=com.java.Objects.TestDataDetails@1a38fa1, 3=com.java.Objects.TestDataDetails@acb67a, 4=com.java.Objects.TestDataDetails@1668d9, 5=com.java.Objects.TestDataDetails@166f936, 6=com.java.Objects.TestDataDetails@31ac15, 7=com.java.Objects.TestDataDetails@1c200d0, 8=com.java.Objects.TestDataDetails@1f46631, 9=com.java.Objects.TestDataDetails@4eb331, 10=com.java.Objects.TestDataDetails@de45aa}
[INFO ][2015-12-11 11:53:34,682][com.java.TestType] [  481] -  str(1) = 1
[INFO ][2015-12-11 11:53:34,682][com.java.TestType] [  484] - Test case Id is---1
[INFO ][2015-12-11 11:53:34,682][com.java.TestType] [  486] - 1
[INFO ][2015-12-11 11:53:34,682][com.java.TestType] [  481] -  str(2) = 11
[INFO ][2015-12-11 11:53:34,682][com.java.TestType] [  533] - row values are--------{1=com.java.Objects.TestDataDetails@1b05755, 2=com.java.Objects.TestDataDetails@1a38fa1, 3=com.java.Objects.TestDataDetails@acb67a, 4=com.java.Objects.TestDataDetails@1668d9, 5=com.java.Objects.TestDataDetails@166f936, 6=com.java.Objects.TestDataDetails@31ac15, 7=com.java.Objects.TestDataDetails@1c200d0, 8=com.java.Objects.TestDataDetails@1f46631, 9=com.java.Objects.TestDataDetails@4eb331, 10=com.java.Objects.TestDataDetails@de45aa, 11=com.java.Objects.TestDataDetails@3a0946}
[INFO ][2015-12-11 11:53:34,682][com.java.TestType] [  481] -  str(1) = 1
[INFO ][2015-12-11 11:53:34,682][com.java.TestType] [  484] - Test case Id is---1
[INFO ][2015-12-11 11:53:34,682][com.java.TestType] [  486] - 1
[INFO ][2015-12-11 11:53:34,682][com.java.TestType] [  481] -  str(2) = 12
[INFO ][2015-12-11 11:53:34,682][com.java.TestType] [  533] - row values are--------{1=com.java.Objects.TestDataDetails@1b05755, 2=com.java.Objects.TestDataDetails@1a38fa1, 3=com.java.Objects.TestDataDetails@acb67a, 4=com.java.Objects.TestDataDetails@1668d9, 5=com.java.Objects.TestDataDetails@166f936, 6=com.java.Objects.TestDataDetails@31ac15, 7=com.java.Objects.TestDataDetails@1c200d0, 8=com.java.Objects.TestDataDetails@1f46631, 9=com.java.Objects.TestDataDetails@4eb331, 10=com.java.Objects.TestDataDetails@de45aa, 11=com.java.Objects.TestDataDetails@3a0946, 12=com.java.Objects.TestDataDetails@17021de}
[INFO ][2015-12-11 11:53:34,682][com.java.TestType] [  481] -  str(1) = 1
[INFO ][2015-12-11 11:53:34,682][com.java.TestType] [  484] - Test case Id is---1
[INFO ][2015-12-11 11:53:34,682][com.java.TestType] [  486] - 1
[INFO ][2015-12-11 11:53:34,682][com.java.TestType] [  481] -  str(2) = 13
[INFO ][2015-12-11 11:53:34,682][com.java.TestType] [  533] - row values are--------{1=com.java.Objects.TestDataDetails@1b05755, 2=com.java.Objects.TestDataDetails@1a38fa1, 3=com.java.Objects.TestDataDetails@acb67a, 4=com.java.Objects.TestDataDetails@1668d9, 5=com.java.Objects.TestDataDetails@166f936, 6=com.java.Objects.TestDataDetails@31ac15, 7=com.java.Objects.TestDataDetails@1c200d0, 8=com.java.Objects.TestDataDetails@1f46631, 9=com.java.Objects.TestDataDetails@4eb331, 10=com.java.Objects.TestDataDetails@de45aa, 11=com.java.Objects.TestDataDetails@3a0946, 12=com.java.Objects.TestDataDetails@17021de, 13=com.java.Objects.TestDataDetails@6637fa}
[INFO ][2015-12-11 11:53:34,682][com.java.TestType] [  481] -  str(1) = 1
[INFO ][2015-12-11 11:53:34,682][com.java.TestType] [  484] - Test case Id is---1
[INFO ][2015-12-11 11:53:34,682][com.java.TestType] [  486] - 1
[INFO ][2015-12-11 11:53:34,682][com.java.TestType] [  481] -  str(2) = 14
[INFO ][2015-12-11 11:53:34,692][com.java.TestType] [  533] - row values are--------{1=com.java.Objects.TestDataDetails@1b05755, 2=com.java.Objects.TestDataDetails@1a38fa1, 3=com.java.Objects.TestDataDetails@acb67a, 4=com.java.Objects.TestDataDetails@1668d9, 5=com.java.Objects.TestDataDetails@166f936, 6=com.java.Objects.TestDataDetails@31ac15, 7=com.java.Objects.TestDataDetails@1c200d0, 8=com.java.Objects.TestDataDetails@1f46631, 9=com.java.Objects.TestDataDetails@4eb331, 10=com.java.Objects.TestDataDetails@de45aa, 11=com.java.Objects.TestDataDetails@3a0946, 12=com.java.Objects.TestDataDetails@17021de, 13=com.java.Objects.TestDataDetails@6637fa, 14=com.java.Objects.TestDataDetails@357d6c}
[INFO ][2015-12-11 11:53:34,692][com.java.TestType] [  481] -  str(1) = 1
[INFO ][2015-12-11 11:53:34,692][com.java.TestType] [  484] - Test case Id is---1
[INFO ][2015-12-11 11:53:34,692][com.java.TestType] [  486] - 1
[INFO ][2015-12-11 11:53:34,692][com.java.TestType] [  481] -  str(2) = 15
[INFO ][2015-12-11 11:53:34,692][com.java.TestType] [  533] - row values are--------{1=com.java.Objects.TestDataDetails@1b05755, 2=com.java.Objects.TestDataDetails@1a38fa1, 3=com.java.Objects.TestDataDetails@acb67a, 4=com.java.Objects.TestDataDetails@1668d9, 5=com.java.Objects.TestDataDetails@166f936, 6=com.java.Objects.TestDataDetails@31ac15, 7=com.java.Objects.TestDataDetails@1c200d0, 8=com.java.Objects.TestDataDetails@1f46631, 9=com.java.Objects.TestDataDetails@4eb331, 10=com.java.Objects.TestDataDetails@de45aa, 11=com.java.Objects.TestDataDetails@3a0946, 12=com.java.Objects.TestDataDetails@17021de, 13=com.java.Objects.TestDataDetails@6637fa, 14=com.java.Objects.TestDataDetails@357d6c, 15=com.java.Objects.TestDataDetails@12baaac}
[INFO ][2015-12-11 11:53:34,692][com.java.TestType] [  481] -  str(1) = 1
[INFO ][2015-12-11 11:53:34,692][com.java.TestType] [  484] - Test case Id is---1
[INFO ][2015-12-11 11:53:34,692][com.java.TestType] [  486] - 1
[INFO ][2015-12-11 11:53:34,692][com.java.TestType] [  481] -  str(2) = 16
[INFO ][2015-12-11 11:53:34,692][com.java.TestType] [  533] - row values are--------{1=com.java.Objects.TestDataDetails@1b05755, 2=com.java.Objects.TestDataDetails@1a38fa1, 3=com.java.Objects.TestDataDetails@acb67a, 4=com.java.Objects.TestDataDetails@1668d9, 5=com.java.Objects.TestDataDetails@166f936, 6=com.java.Objects.TestDataDetails@31ac15, 7=com.java.Objects.TestDataDetails@1c200d0, 8=com.java.Objects.TestDataDetails@1f46631, 9=com.java.Objects.TestDataDetails@4eb331, 10=com.java.Objects.TestDataDetails@de45aa, 11=com.java.Objects.TestDataDetails@3a0946, 12=com.java.Objects.TestDataDetails@17021de, 13=com.java.Objects.TestDataDetails@6637fa, 14=com.java.Objects.TestDataDetails@357d6c, 15=com.java.Objects.TestDataDetails@12baaac, 16=com.java.Objects.TestDataDetails@193bd72}
[INFO ][2015-12-11 11:53:34,692][com.java.TestType] [10074] - Looping 1TCID = 1
[DEBUG][2015-12-11 11:53:34,692][com.java.TestType] [10115] - Concept ID:1 :: Step being Executed: 1::1
[INFO ][2015-12-11 11:53:34,692][com.java.TestType] [10153] - dataFields : TXTusername
[DEBUG][2015-12-11 11:53:34,692][com.java.TestType] [10159] - <In Set values of the page>
[DEBUG][2015-12-11 11:53:34,692][com.java.TestType] [10164] - {Data Fields & Data Values Exist}
[INFO ][2015-12-11 11:53:34,692][com.java.TestType] [10170] - --------------------------setting values-----------------------------
[INFO ][2015-12-11 11:53:34,692][com.java.TestType] [10173] - Action Type : CLEARANDENTER
[INFO ][2015-12-11 11:53:34,692][com.java.TestType] [ 5500] - value = valuelabs.ie10.15019
[INFO ][2015-12-11 11:53:39,519][com.java.TestType] [10192] -  RESULT true
[INFO ][2015-12-11 11:53:39,519][com.java.TestType] [10309] - ?   P A S S   ?
[DEBUG][2015-12-11 11:53:39,519][com.java.TestType] [10115] - Concept ID:1 :: Step being Executed: 1::2
[INFO ][2015-12-11 11:53:39,519][com.java.TestType] [10153] - dataFields : TXTpassword
[DEBUG][2015-12-11 11:53:39,519][com.java.TestType] [10159] - <In Set values of the page>
[DEBUG][2015-12-11 11:53:39,519][com.java.TestType] [10164] - {Data Fields & Data Values Exist}
[INFO ][2015-12-11 11:53:39,519][com.java.TestType] [10170] - --------------------------setting values-----------------------------
[INFO ][2015-12-11 11:53:39,519][com.java.TestType] [10173] - Action Type : CLEARANDENTER
[INFO ][2015-12-11 11:53:39,519][com.java.TestType] [ 5500] - value = Password1*
[INFO ][2015-12-11 11:53:44,436][com.java.TestType] [10192] -  RESULT true
[INFO ][2015-12-11 11:53:44,436][com.java.TestType] [10309] - ?   P A S S   ?
[DEBUG][2015-12-11 11:53:44,436][com.java.TestType] [10115] - Concept ID:1 :: Step being Executed: 1::3
[ERROR][2015-12-11 11:53:44,436][com.java.TestType] [10148] - Exception: null
[INFO ][2015-12-11 11:53:44,436][com.java.TestType] [10153] - dataFields : XPH//button[@type='submit']
[DEBUG][2015-12-11 11:53:44,436][com.java.TestType] [10159] - <In Set values of the page>
[DEBUG][2015-12-11 11:53:44,436][com.java.TestType] [10164] - {Data Fields & Data Values Exist}
[INFO ][2015-12-11 11:53:44,436][com.java.TestType] [10170] - --------------------------setting values-----------------------------
[INFO ][2015-12-11 11:53:44,436][com.java.TestType] [10173] - Action Type : Click
[INFO ][2015-12-11 11:53:44,436][com.java.TestType] [ 5849] - Field ::XPH//button[@type='submit']
[INFO ][2015-12-11 11:53:44,436][com.java.TestType] [ 5500] - value = 
[INFO ][2015-12-11 11:53:45,436][com.java.TestType] [ 5956] - BEFORE CLICK
[INFO ][2015-12-11 11:53:46,279][com.java.TestType] [ 5964] - Unable to click the object Login
[INFO ][2015-12-11 11:53:46,279][com.java.TestType] [10192] -  RESULT true
[INFO ][2015-12-11 11:53:46,279][com.java.TestType] [10309] - ?   P A S S   ?
[DEBUG][2015-12-11 11:53:46,279][com.java.TestType] [10115] - Concept ID:1 :: Step being Executed: 1::4
[INFO ][2015-12-11 11:53:46,279][com.java.TestType] [10153] - dataFields : LNKLogout
[DEBUG][2015-12-11 11:53:46,279][com.java.TestType] [10159] - <In Set values of the page>
[DEBUG][2015-12-11 11:53:46,279][com.java.TestType] [10164] - {Data Fields & Data Values Exist}
[INFO ][2015-12-11 11:53:46,279][com.java.TestType] [10170] - --------------------------setting values-----------------------------
[INFO ][2015-12-11 11:53:46,279][com.java.TestType] [10173] - Action Type : WaitForElement
[INFO ][2015-12-11 11:53:49,727][com.java.TestType] [10192] -  RESULT true
[INFO ][2015-12-11 11:53:49,727][com.java.TestType] [10309] - ?   P A S S   ?
[DEBUG][2015-12-11 11:53:49,727][com.java.TestType] [10115] - Concept ID:1 :: Step being Executed: 1::15
[INFO ][2015-12-11 11:53:49,727][com.java.TestType] [10153] - dataFields : LNK
[DEBUG][2015-12-11 11:53:49,727][com.java.TestType] [10159] - <In Set values of the page>
[DEBUG][2015-12-11 11:53:49,727][com.java.TestType] [10164] - {Data Fields & Data Values Exist}
[INFO ][2015-12-11 11:53:49,727][com.java.TestType] [10170] - --------------------------setting values-----------------------------
[INFO ][2015-12-11 11:53:49,727][com.java.TestType] [10173] - Action Type : Verify
[INFO ][2015-12-11 11:53:49,727][com.java.TestType] [ 6762] - field= LNK value= Logout
[INFO ][2015-12-11 11:53:49,727][com.java.TestType] [ 5500] - value = Logout
[INFO ][2015-12-11 11:53:49,758][com.java.TestType] [10192] -  RESULT true
[INFO ][2015-12-11 11:53:49,758][com.java.TestType] [10309] - ?   P A S S   ?
[DEBUG][2015-12-11 11:53:49,758][com.java.TestType] [10115] - Concept ID:1 :: Step being Executed: 1::16
[INFO ][2015-12-11 11:53:49,758][com.java.TestType] [10153] - dataFields : BTN
[DEBUG][2015-12-11 11:53:49,758][com.java.TestType] [10159] - <In Set values of the page>
[DEBUG][2015-12-11 11:53:49,758][com.java.TestType] [10164] - {Data Fields & Data Values Exist}
[INFO ][2015-12-11 11:53:49,758][com.java.TestType] [10170] - --------------------------setting values-----------------------------
[INFO ][2015-12-11 11:53:49,758][com.java.TestType] [10173] - Action Type : Verify
[INFO ][2015-12-11 11:53:49,758][com.java.TestType] [ 6762] - field= BTN value= //img[contains(@src,'bdlogo.jpg')]
[INFO ][2015-12-11 11:53:49,758][com.java.TestType] [ 5500] - value = //img[contains(@src,'bdlogo.jpg')]
[INFO ][2015-12-11 11:53:49,828][com.java.TestType] [10192] -  RESULT true
[INFO ][2015-12-11 11:53:49,828][com.java.TestType] [10309] - ?   P A S S   ?
[INFO ][2015-12-11 11:53:49,828][com.java.TestType] [10380] - Looping End......
[INFO ][2015-12-11 11:53:49,828][com.java.SeleniumDriver] [  894] -  RESULT true
[INFO ][2015-12-11 11:53:49,828][com.java.SeleniumDriver] [ 1100] - ?   P A S S   ?
[INFO ][2015-12-11 11:53:49,828][com.java.SeleniumDriver] [  821] - ------------------------------------------
[INFO ][2015-12-11 11:53:49,828][com.java.SeleniumDriver] [  822] - Test case being Executed: 1
[INFO ][2015-12-11 11:53:49,828][com.java.SeleniumDriver] [  833] - Test step:2
[INFO ][2015-12-11 11:53:49,828][com.java.SeleniumDriver] [  845] - Datavalue is----------Concept#2:1-2
[INFO ][2015-12-11 11:53:49,828][com.java.SeleniumDriver] [  869] - DataField : test
[INFO ][2015-12-11 11:53:49,828][com.java.SeleniumDriver] [  871] - DataValue : Concept#2:1-2
[INFO ][2015-12-11 11:53:49,828][com.java.SeleniumDriver] [  877] - <In Set values of the page>
[INFO ][2015-12-11 11:53:49,828][com.java.SeleniumDriver] [  880] - {Data Fields & Data Values Exist}
[INFO ][2015-12-11 11:53:49,828][com.java.SeleniumDriver] [  882] - --------------------------setting values-----------------------------
[INFO ][2015-12-11 11:53:49,828][com.java.SeleniumDriver] [  885] - Action Type : ExecuteTestCase
[INFO ][2015-12-11 11:53:49,828][com.java.TestType] [  436] - The Concept sheet name is ---------- Concept
[INFO ][2015-12-11 11:53:49,828][com.java.TestType] [  439] - The Concept ID  is ---------- 2
[DEBUG][2015-12-11 11:53:49,828][com.java.TestType] [  443] - Steps being executted in the Concept are: 1:2
[INFO ][2015-12-11 11:53:49,828][com.java.TestType] [  450] - Test data details path ---------- D:\BankersDashboard\TestInputs\TestData.xls
[INFO ][2015-12-11 11:53:49,858][com.java.TestType] [  481] -  str(1) = 2
[INFO ][2015-12-11 11:53:49,858][com.java.TestType] [  484] - Test case Id is---2
[INFO ][2015-12-11 11:53:49,858][com.java.TestType] [  486] - 2
[INFO ][2015-12-11 11:53:49,858][com.java.TestType] [  481] -  str(2) = 1
[INFO ][2015-12-11 11:53:49,868][com.java.TestType] [  533] - row values are--------{1=com.java.Objects.TestDataDetails@52728a}
[INFO ][2015-12-11 11:53:49,868][com.java.TestType] [  481] -  str(1) = 2
[INFO ][2015-12-11 11:53:49,868][com.java.TestType] [  484] - Test case Id is---2
[INFO ][2015-12-11 11:53:49,868][com.java.TestType] [  486] - 2
[INFO ][2015-12-11 11:53:49,868][com.java.TestType] [  481] -  str(2) = 2
[INFO ][2015-12-11 11:53:49,868][com.java.TestType] [  533] - row values are--------{1=com.java.Objects.TestDataDetails@52728a, 2=com.java.Objects.TestDataDetails@47808b}
[INFO ][2015-12-11 11:53:49,868][com.java.TestType] [  481] -  str(1) = 2
[INFO ][2015-12-11 11:53:49,868][com.java.TestType] [  484] - Test case Id is---2
[INFO ][2015-12-11 11:53:49,868][com.java.TestType] [  486] - 2
[INFO ][2015-12-11 11:53:49,868][com.java.TestType] [  481] -  str(2) = 3
[INFO ][2015-12-11 11:53:49,868][com.java.TestType] [  533] - row values are--------{1=com.java.Objects.TestDataDetails@52728a, 2=com.java.Objects.TestDataDetails@47808b, 3=com.java.Objects.TestDataDetails@1da1fb8}
[INFO ][2015-12-11 11:53:49,868][com.java.TestType] [10074] - Looping 1TCID = 2
[DEBUG][2015-12-11 11:53:49,868][com.java.TestType] [10115] - Concept ID:2 :: Step being Executed: 2::1
[INFO ][2015-12-11 11:53:49,868][com.java.TestType] [10153] - dataFields : BNK//select[@id='bank']
[DEBUG][2015-12-11 11:53:49,868][com.java.TestType] [10159] - <In Set values of the page>
[DEBUG][2015-12-11 11:53:49,868][com.java.TestType] [10164] - {Data Fields & Data Values Exist}
[INFO ][2015-12-11 11:53:49,868][com.java.TestType] [10170] - --------------------------setting values-----------------------------
[INFO ][2015-12-11 11:53:49,868][com.java.TestType] [10173] - Action Type : Select
[INFO ][2015-12-11 11:53:49,868][com.java.TestType] [ 5500] - value = PFC
[INFO ][2015-12-11 11:53:50,136][com.java.TestType] [10192] -  RESULT true
[INFO ][2015-12-11 11:53:50,136][com.java.TestType] [10309] - ?   P A S S   ?
[DEBUG][2015-12-11 11:53:50,136][com.java.TestType] [10115] - Concept ID:2 :: Step being Executed: 2::2
[INFO ][2015-12-11 11:53:50,136][com.java.TestType] [10153] - dataFields : LNKLogout
[DEBUG][2015-12-11 11:53:50,136][com.java.TestType] [10159] - <In Set values of the page>
[DEBUG][2015-12-11 11:53:50,136][com.java.TestType] [10164] - {Data Fields & Data Values Exist}
[INFO ][2015-12-11 11:53:50,136][com.java.TestType] [10170] - --------------------------setting values-----------------------------
[INFO ][2015-12-11 11:53:50,136][com.java.TestType] [10173] - Action Type : WaitTime
[DEBUG][2015-12-11 11:53:50,136][com.java.TestType] [ 5320] - sleepTime: 5000
[INFO ][2015-12-11 11:53:55,143][com.java.TestType] [10192] -  RESULT true
[INFO ][2015-12-11 11:53:55,143][com.java.TestType] [10309] - ?   P A S S   ?
[INFO ][2015-12-11 11:53:55,143][com.java.TestType] [10380] - Looping End......
[INFO ][2015-12-11 11:53:55,144][com.java.SeleniumDriver] [  894] -  RESULT true
[INFO ][2015-12-11 11:53:55,144][com.java.SeleniumDriver] [ 1100] - ?   P A S S   ?
[INFO ][2015-12-11 11:53:55,144][com.java.SeleniumDriver] [  821] - ------------------------------------------
[INFO ][2015-12-11 11:53:55,144][com.java.SeleniumDriver] [  822] - Test case being Executed: 1
[INFO ][2015-12-11 11:53:55,147][com.java.SeleniumDriver] [  833] - Test step:3
[INFO ][2015-12-11 11:53:55,147][com.java.SeleniumDriver] [  845] - Datavalue is----------2
[INFO ][2015-12-11 11:53:55,147][com.java.SeleniumDriver] [  869] - DataField : XPH//button[contains(text(),'Add Content')]
[INFO ][2015-12-11 11:53:55,147][com.java.SeleniumDriver] [  871] - DataValue : 2
[INFO ][2015-12-11 11:53:55,147][com.java.SeleniumDriver] [  877] - <In Set values of the page>
[INFO ][2015-12-11 11:53:55,147][com.java.SeleniumDriver] [  880] - {Data Fields & Data Values Exist}
[INFO ][2015-12-11 11:53:55,147][com.java.SeleniumDriver] [  882] - --------------------------setting values-----------------------------
[INFO ][2015-12-11 11:53:55,147][com.java.SeleniumDriver] [  885] - Action Type : WAITFORELEMENT
[INFO ][2015-12-11 11:53:55,222][com.java.SeleniumDriver] [  894] -  RESULT true
[INFO ][2015-12-11 11:53:55,222][com.java.SeleniumDriver] [ 1100] - ?   P A S S   ?
[DEBUG][2015-12-11 11:53:55,222][com.java.SeleniumDriver] [ 1212] - Case found
[DEBUG][2015-12-11 11:53:55,222][com.java.SeleniumDriver] [ 1217] - Incrementing ReportCounters[0]:1
[INFO ][2015-12-11 11:53:55,222][com.java.SeleniumDriver] [ 1236] - The results are-------------------[1, 1, Valid Login, Pass, , Fri Dec 11 11:53:49 IST 2015, 1, 2, Valid Login, Pass, , Fri Dec 11 11:53:55 IST 2015, 1, 3, Valid Login, Pass, , Fri Dec 11 11:53:55 IST 2015]
[INFO ][2015-12-11 11:53:55,222][com.java.SeleniumDriver] [ 1240] - End time is-------34 sec
[INFO ][2015-12-11 11:53:55,222][com.java.SeleniumDriver] [ 1241] - The results are-------------------[1, 1, Valid Login, Pass, , Fri Dec 11 11:53:49 IST 2015, 1, 2, Valid Login, Pass, , Fri Dec 11 11:53:55 IST 2015, 1, 3, Valid Login, Pass, , Fri Dec 11 11:53:55 IST 2015]
[DEBUG][2015-12-11 11:53:55,222][com.java.ImportnExport.ExportTestResultsExcel] [  222] - testResultPath = D:\BankersDashboard/TestReports/Test Results_BankersDashBoard_121115_115322_IE10_First Bank.xls
[DEBUG][2015-12-11 11:53:55,222][com.java.ImportnExport.ExportTestResultsExcel] [  223] - browser is------------IE10
[DEBUG][2015-12-11 11:53:55,267][com.java.ImportnExport.ExportTestResultsExcel] [  270] - result.size() = 18
[DEBUG][2015-12-11 11:53:55,267][com.java.ImportnExport.ExportTestResultsExcel] [  274] - No of rows in sheet=1
[DEBUG][2015-12-11 11:53:55,267][com.java.ImportnExport.ExportTestResultsExcel] [  301] - ..in export..1
[DEBUG][2015-12-11 11:53:55,267][com.java.ImportnExport.ExportTestResultsExcel] [  301] - ..in export..Valid Login
[DEBUG][2015-12-11 11:53:55,267][com.java.ImportnExport.ExportTestResultsExcel] [  301] - ..in export..Pass
[DEBUG][2015-12-11 11:53:55,267][com.java.ImportnExport.ExportTestResultsExcel] [  301] - ..in export..
[DEBUG][2015-12-11 11:53:55,267][com.java.ImportnExport.ExportTestResultsExcel] [  301] - ..in export..Fri Dec 11 11:53:49 IST 2015
[INFO ][2015-12-11 11:53:55,269][com.java.SeleniumDriver] [ 1299] - out loop:0 size:4 TestCases:[1, 7, 8, 9] testcases:[1, 7, 8, 9]
[INFO ][2015-12-11 11:53:55,269][com.java.ImportnExport.ImportTestDataDetailsExcel] [   49] - test data details path===== D:\BankersDashboard\TestInputs\TestData.xls
[DEBUG][2015-12-11 11:57:34,880][com.java.TestType] [ 6450] - //td[text()='Consolidated']   :: Element not Found
[INFO ][2015-12-11 11:57:44,881][com.java.SeleniumDriver] [  821] - ------------------------------------------
[INFO ][2015-12-11 11:57:44,881][com.java.SeleniumDriver] [  822] - Test case being Executed: 7
[INFO ][2015-12-11 11:57:44,881][com.java.SeleniumDriver] [  833] - Test step:1
[INFO ][2015-12-11 11:57:44,881][com.java.SeleniumDriver] [  845] - Datavalue is----------Logout
[INFO ][2015-12-11 11:57:44,881][com.java.SeleniumDriver] [  869] - DataField : BTN
[INFO ][2015-12-11 11:57:44,881][com.java.SeleniumDriver] [  871] - DataValue : Logout
[INFO ][2015-12-11 11:57:44,881][com.java.SeleniumDriver] [  877] - <In Set values of the page>
[INFO ][2015-12-11 11:57:44,881][com.java.SeleniumDriver] [  880] - {Data Fields & Data Values Exist}
[INFO ][2015-12-11 11:57:44,881][com.java.SeleniumDriver] [  882] - --------------------------setting values-----------------------------
[INFO ][2015-12-11 11:57:44,881][com.java.SeleniumDriver] [  885] - Action Type : Verify
[INFO ][2015-12-11 11:57:44,881][com.java.TestType] [ 6762] - field= BTN value= Logout
[INFO ][2015-12-11 11:57:44,881][com.java.TestType] [ 5500] - value = Logout
[INFO ][2015-12-11 11:57:44,948][com.java.SeleniumDriver] [  894] -  RESULT true
[INFO ][2015-12-11 11:57:44,948][com.java.SeleniumDriver] [ 1100] - ?   P A S S   ?
[INFO ][2015-12-11 11:57:44,948][com.java.SeleniumDriver] [ 1142] - step change to 3
[INFO ][2015-12-11 11:57:44,948][com.java.SeleniumDriver] [  821] - ------------------------------------------
[INFO ][2015-12-11 11:57:44,949][com.java.SeleniumDriver] [  822] - Test case being Executed: 7
[INFO ][2015-12-11 11:57:44,949][com.java.SeleniumDriver] [  833] - Test step:3
[INFO ][2015-12-11 11:57:44,950][com.java.SeleniumDriver] [  845] - Datavalue is----------Concept#2:1-2
[INFO ][2015-12-11 11:57:44,950][com.java.SeleniumDriver] [  869] - DataField : test
[INFO ][2015-12-11 11:57:44,950][com.java.SeleniumDriver] [  871] - DataValue : Concept#2:1-2
[INFO ][2015-12-11 11:57:44,950][com.java.SeleniumDriver] [  877] - <In Set values of the page>
[INFO ][2015-12-11 11:57:44,950][com.java.SeleniumDriver] [  880] - {Data Fields & Data Values Exist}
[INFO ][2015-12-11 11:57:44,950][com.java.SeleniumDriver] [  882] - --------------------------setting values-----------------------------
[INFO ][2015-12-11 11:57:44,951][com.java.SeleniumDriver] [  885] - Action Type : ExecuteTestCase
[INFO ][2015-12-11 11:57:44,951][com.java.TestType] [  436] - The Concept sheet name is ---------- Concept
[INFO ][2015-12-11 11:57:44,951][com.java.TestType] [  439] - The Concept ID  is ---------- 2
[DEBUG][2015-12-11 11:57:44,951][com.java.TestType] [  443] - Steps being executted in the Concept are: 1:2
[INFO ][2015-12-11 11:57:44,951][com.java.TestType] [  450] - Test data details path ---------- D:\BankersDashboard\TestInputs\TestData.xls
[INFO ][2015-12-11 11:57:44,981][com.java.TestType] [  481] -  str(1) = 2
[INFO ][2015-12-11 11:57:44,981][com.java.TestType] [  484] - Test case Id is---2
[INFO ][2015-12-11 11:57:44,981][com.java.TestType] [  486] - 2
[INFO ][2015-12-11 11:57:44,981][com.java.TestType] [  481] -  str(2) = 1
[INFO ][2015-12-11 11:57:44,983][com.java.TestType] [  533] - row values are--------{1=com.java.Objects.TestDataDetails@f3f7c2}
[INFO ][2015-12-11 11:57:44,983][com.java.TestType] [  481] -  str(1) = 2
[INFO ][2015-12-11 11:57:44,983][com.java.TestType] [  484] - Test case Id is---2
[INFO ][2015-12-11 11:57:44,983][com.java.TestType] [  486] - 2
[INFO ][2015-12-11 11:57:44,983][com.java.TestType] [  481] -  str(2) = 2
[INFO ][2015-12-11 11:57:44,984][com.java.TestType] [  533] - row values are--------{1=com.java.Objects.TestDataDetails@f3f7c2, 2=com.java.Objects.TestDataDetails@1cb6e54}
[INFO ][2015-12-11 11:57:44,984][com.java.TestType] [  481] -  str(1) = 2
[INFO ][2015-12-11 11:57:44,984][com.java.TestType] [  484] - Test case Id is---2
[INFO ][2015-12-11 11:57:44,984][com.java.TestType] [  486] - 2
[INFO ][2015-12-11 11:57:44,984][com.java.TestType] [  481] -  str(2) = 3
[INFO ][2015-12-11 11:57:44,985][com.java.TestType] [  533] - row values are--------{1=com.java.Objects.TestDataDetails@f3f7c2, 2=com.java.Objects.TestDataDetails@1cb6e54, 3=com.java.Objects.TestDataDetails@8b1edd}
[INFO ][2015-12-11 11:57:44,985][com.java.TestType] [10074] - Looping 1TCID = 2
[DEBUG][2015-12-11 11:57:44,985][com.java.TestType] [10115] - Concept ID:2 :: Step being Executed: 2::1
[INFO ][2015-12-11 11:57:44,985][com.java.TestType] [10153] - dataFields : BNK//select[@id='bank']
[DEBUG][2015-12-11 11:57:44,986][com.java.TestType] [10159] - <In Set values of the page>
[DEBUG][2015-12-11 11:57:44,986][com.java.TestType] [10164] - {Data Fields & Data Values Exist}
[INFO ][2015-12-11 11:57:44,986][com.java.TestType] [10170] - --------------------------setting values-----------------------------
[INFO ][2015-12-11 11:57:44,986][com.java.TestType] [10173] - Action Type : Select
[INFO ][2015-12-11 11:57:44,986][com.java.TestType] [ 5500] - value = PFC
[INFO ][2015-12-11 11:57:45,142][com.java.TestType] [10192] -  RESULT true
[INFO ][2015-12-11 11:57:45,142][com.java.TestType] [10309] - ?   P A S S   ?
[DEBUG][2015-12-11 11:57:45,142][com.java.TestType] [10115] - Concept ID:2 :: Step being Executed: 2::2
[INFO ][2015-12-11 11:57:45,142][com.java.TestType] [10153] - dataFields : LNKLogout
[DEBUG][2015-12-11 11:57:45,142][com.java.TestType] [10159] - <In Set values of the page>
[DEBUG][2015-12-11 11:57:45,142][com.java.TestType] [10164] - {Data Fields & Data Values Exist}
[INFO ][2015-12-11 11:57:45,142][com.java.TestType] [10170] - --------------------------setting values-----------------------------
[INFO ][2015-12-11 11:57:45,142][com.java.TestType] [10173] - Action Type : WaitTime
[DEBUG][2015-12-11 11:57:45,142][com.java.TestType] [ 5320] - sleepTime: 5000
[INFO ][2015-12-11 11:57:50,143][com.java.TestType] [10192] -  RESULT true
[INFO ][2015-12-11 11:57:50,143][com.java.TestType] [10309] - ?   P A S S   ?
[INFO ][2015-12-11 11:57:50,143][com.java.TestType] [10380] - Looping End......
[INFO ][2015-12-11 11:57:50,147][com.java.SeleniumDriver] [  894] -  RESULT true
[INFO ][2015-12-11 11:57:50,147][com.java.SeleniumDriver] [ 1100] - ?   P A S S   ?
[INFO ][2015-12-11 11:57:50,147][com.java.SeleniumDriver] [  821] - ------------------------------------------
[INFO ][2015-12-11 11:57:50,148][com.java.SeleniumDriver] [  822] - Test case being Executed: 7
[INFO ][2015-12-11 11:57:50,148][com.java.SeleniumDriver] [  833] - Test step:4
[INFO ][2015-12-11 11:57:50,148][com.java.SeleniumDriver] [  845] - Datavalue is----------null
[DEBUG][2015-12-11 11:57:50,148][com.java.SeleniumDriver] [  863] - Exception: null
[INFO ][2015-12-11 11:57:50,148][com.java.SeleniumDriver] [  869] - DataField : //span[@class='icon-user4']&&//a[text()='Users']&&//a[@data-id="ModifyUsers"]
[INFO ][2015-12-11 11:57:50,148][com.java.SeleniumDriver] [  871] - DataValue : 
[INFO ][2015-12-11 11:57:50,148][com.java.SeleniumDriver] [  877] - <In Set values of the page>
[INFO ][2015-12-11 11:57:50,148][com.java.SeleniumDriver] [  880] - {Data Fields & Data Values Exist}
[INFO ][2015-12-11 11:57:50,148][com.java.SeleniumDriver] [  882] - --------------------------setting values-----------------------------
[INFO ][2015-12-11 11:57:50,148][com.java.SeleniumDriver] [  885] - Action Type : MouseOver
[INFO ][2015-12-11 11:58:17,815][com.java.SeleniumDriver] [  894] -  RESULT true
[INFO ][2015-12-11 11:58:17,815][com.java.SeleniumDriver] [ 1100] - ?   P A S S   ?
[INFO ][2015-12-11 11:58:17,815][com.java.SeleniumDriver] [  821] - ------------------------------------------
[INFO ][2015-12-11 11:58:17,815][com.java.SeleniumDriver] [  822] - Test case being Executed: 7
[INFO ][2015-12-11 11:58:17,815][com.java.SeleniumDriver] [  833] - Test step:5
[INFO ][2015-12-11 11:58:17,815][com.java.SeleniumDriver] [  845] - Datavalue is----------2
[INFO ][2015-12-11 11:58:17,815][com.java.SeleniumDriver] [  869] - DataField : BTNframeDialogContent
[INFO ][2015-12-11 11:58:17,815][com.java.SeleniumDriver] [  871] - DataValue : 2
[INFO ][2015-12-11 11:58:17,815][com.java.SeleniumDriver] [  877] - <In Set values of the page>
[INFO ][2015-12-11 11:58:17,815][com.java.SeleniumDriver] [  880] - {Data Fields & Data Values Exist}
[INFO ][2015-12-11 11:58:17,815][com.java.SeleniumDriver] [  882] - --------------------------setting values-----------------------------
[INFO ][2015-12-11 11:58:17,815][com.java.SeleniumDriver] [  885] - Action Type : WaitForElement
[INFO ][2015-12-11 11:58:18,996][com.java.SeleniumDriver] [  894] -  RESULT true
[INFO ][2015-12-11 11:58:18,996][com.java.SeleniumDriver] [ 1100] - ?   P A S S   ?
[INFO ][2015-12-11 11:58:18,996][com.java.SeleniumDriver] [  821] - ------------------------------------------
[INFO ][2015-12-11 11:58:18,996][com.java.SeleniumDriver] [  822] - Test case being Executed: 7
[INFO ][2015-12-11 11:58:18,996][com.java.SeleniumDriver] [  833] - Test step:6
[INFO ][2015-12-11 11:58:18,996][com.java.SeleniumDriver] [  845] - Datavalue is----------null
[DEBUG][2015-12-11 11:58:18,996][com.java.SeleniumDriver] [  863] - Exception: null
[INFO ][2015-12-11 11:58:18,996][com.java.SeleniumDriver] [  869] - DataField : BTNframeDialogContent
[INFO ][2015-12-11 11:58:18,996][com.java.SeleniumDriver] [  871] - DataValue : 
[INFO ][2015-12-11 11:58:18,996][com.java.SeleniumDriver] [  877] - <In Set values of the page>
[INFO ][2015-12-11 11:58:18,996][com.java.SeleniumDriver] [  880] - {Data Fields & Data Values Exist}
[INFO ][2015-12-11 11:58:18,996][com.java.SeleniumDriver] [  882] - --------------------------setting values-----------------------------
[INFO ][2015-12-11 11:58:18,996][com.java.SeleniumDriver] [  885] - Action Type : SELECTFRAME
[INFO ][2015-12-11 11:58:20,208][com.java.SeleniumDriver] [  894] -  RESULT true
[INFO ][2015-12-11 11:58:20,208][com.java.SeleniumDriver] [ 1100] - ?   P A S S   ?
[INFO ][2015-12-11 11:58:20,208][com.java.SeleniumDriver] [  821] - ------------------------------------------
[INFO ][2015-12-11 11:58:20,208][com.java.SeleniumDriver] [  822] - Test case being Executed: 7
[INFO ][2015-12-11 11:58:20,208][com.java.SeleniumDriver] [  833] - Test step:7
[INFO ][2015-12-11 11:58:20,208][com.java.SeleniumDriver] [  845] - Datavalue is----------2
[INFO ][2015-12-11 11:58:20,208][com.java.SeleniumDriver] [  869] - DataField : BTNbtnAddUser
[INFO ][2015-12-11 11:58:20,208][com.java.SeleniumDriver] [  871] - DataValue : 2
[INFO ][2015-12-11 11:58:20,208][com.java.SeleniumDriver] [  877] - <In Set values of the page>
[INFO ][2015-12-11 11:58:20,208][com.java.SeleniumDriver] [  880] - {Data Fields & Data Values Exist}
[INFO ][2015-12-11 11:58:20,208][com.java.SeleniumDriver] [  882] - --------------------------setting values-----------------------------
[INFO ][2015-12-11 11:58:20,208][com.java.SeleniumDriver] [  885] - Action Type : WaitForElement
[INFO ][2015-12-11 11:58:21,788][com.java.SeleniumDriver] [  894] -  RESULT true
[INFO ][2015-12-11 11:58:21,788][com.java.SeleniumDriver] [ 1100] - ?   P A S S   ?
[INFO ][2015-12-11 11:58:21,788][com.java.SeleniumDriver] [  821] - ------------------------------------------
[INFO ][2015-12-11 11:58:21,788][com.java.SeleniumDriver] [  822] - Test case being Executed: 7
[INFO ][2015-12-11 11:58:21,788][com.java.SeleniumDriver] [  833] - Test step:8
[INFO ][2015-12-11 11:58:21,788][com.java.SeleniumDriver] [  845] - Datavalue is----------null
[DEBUG][2015-12-11 11:58:21,788][com.java.SeleniumDriver] [  863] - Exception: null
[INFO ][2015-12-11 11:58:21,788][com.java.SeleniumDriver] [  869] - DataField : BTNbtnAddUser
[INFO ][2015-12-11 11:58:21,788][com.java.SeleniumDriver] [  871] - DataValue : 
[INFO ][2015-12-11 11:58:21,788][com.java.SeleniumDriver] [  877] - <In Set values of the page>
[INFO ][2015-12-11 11:58:21,788][com.java.SeleniumDriver] [  880] - {Data Fields & Data Values Exist}
[INFO ][2015-12-11 11:58:21,788][com.java.SeleniumDriver] [  882] - --------------------------setting values-----------------------------
[INFO ][2015-12-11 11:58:21,788][com.java.SeleniumDriver] [  885] - Action Type : Click
[INFO ][2015-12-11 11:58:21,788][com.java.TestType] [ 5849] - Field ::BTNbtnAddUser
[INFO ][2015-12-11 11:58:21,788][com.java.TestType] [ 5500] - value = 
[INFO ][2015-12-11 11:58:22,789][com.java.TestType] [ 5935] - BEFORE CLICK
[INFO ][2015-12-11 11:58:24,530][com.java.TestType] [ 5942] - Unable to click the object Add user button
[INFO ][2015-12-11 11:58:24,530][com.java.SeleniumDriver] [  894] -  RESULT true
[INFO ][2015-12-11 11:58:24,530][com.java.SeleniumDriver] [ 1100] - ?   P A S S   ?
[INFO ][2015-12-11 11:58:24,530][com.java.SeleniumDriver] [  821] - ------------------------------------------
[INFO ][2015-12-11 11:58:24,530][com.java.SeleniumDriver] [  822] - Test case being Executed: 7
[INFO ][2015-12-11 11:58:24,530][com.java.SeleniumDriver] [  833] - Test step:9
[INFO ][2015-12-11 11:58:24,530][com.java.SeleniumDriver] [  845] - Datavalue is----------2
[INFO ][2015-12-11 11:58:24,530][com.java.SeleniumDriver] [  869] - DataField : BTNtxtUserName
[INFO ][2015-12-11 11:58:24,530][com.java.SeleniumDriver] [  871] - DataValue : 2
[INFO ][2015-12-11 11:58:24,530][com.java.SeleniumDriver] [  877] - <In Set values of the page>
[INFO ][2015-12-11 11:58:24,530][com.java.SeleniumDriver] [  880] - {Data Fields & Data Values Exist}
[INFO ][2015-12-11 11:58:24,530][com.java.SeleniumDriver] [  882] - --------------------------setting values-----------------------------
[INFO ][2015-12-11 11:58:24,530][com.java.SeleniumDriver] [  885] - Action Type : WaitForElement
[INFO ][2015-12-11 11:58:26,390][com.java.SeleniumDriver] [  894] -  RESULT true
[INFO ][2015-12-11 11:58:26,390][com.java.SeleniumDriver] [ 1100] - ?   P A S S   ?
[INFO ][2015-12-11 11:58:26,390][com.java.SeleniumDriver] [  821] - ------------------------------------------
[INFO ][2015-12-11 11:58:26,390][com.java.SeleniumDriver] [  822] - Test case being Executed: 7
[INFO ][2015-12-11 11:58:26,390][com.java.SeleniumDriver] [  833] - Test step:10
[INFO ][2015-12-11 11:58:26,390][com.java.SeleniumDriver] [  845] - Datavalue is----------dt:NewUserName
[INFO ][2015-12-11 11:58:26,390][com.java.SeleniumDriver] [  869] - DataField : TXTtxtUserName
[INFO ][2015-12-11 11:58:26,390][com.java.SeleniumDriver] [  871] - DataValue : dt:NewUserName
[INFO ][2015-12-11 11:58:26,390][com.java.SeleniumDriver] [  877] - <In Set values of the page>
[INFO ][2015-12-11 11:58:26,390][com.java.SeleniumDriver] [  880] - {Data Fields & Data Values Exist}
[INFO ][2015-12-11 11:58:26,390][com.java.SeleniumDriver] [  882] - --------------------------setting values-----------------------------
[INFO ][2015-12-11 11:58:26,390][com.java.SeleniumDriver] [  885] - Action Type : Enter
[INFO ][2015-12-11 11:58:26,390][com.java.TestType] [ 6217] - field = txtUserName
[INFO ][2015-12-11 11:58:26,390][com.java.TestType] [ 5500] - value = vltest.robot
[INFO ][2015-12-11 11:58:29,113][com.java.SeleniumDriver] [  894] -  RESULT true
[INFO ][2015-12-11 11:58:29,113][com.java.SeleniumDriver] [ 1100] - ?   P A S S   ?
[INFO ][2015-12-11 11:58:29,113][com.java.SeleniumDriver] [  821] - ------------------------------------------
[INFO ][2015-12-11 11:58:29,113][com.java.SeleniumDriver] [  822] - Test case being Executed: 7
[INFO ][2015-12-11 11:58:29,113][com.java.SeleniumDriver] [  833] - Test step:11
[INFO ][2015-12-11 11:58:29,113][com.java.SeleniumDriver] [  845] - Datavalue is----------VLTest
[INFO ][2015-12-11 11:58:29,113][com.java.SeleniumDriver] [  869] - DataField : TXTtxtFirstName
[INFO ][2015-12-11 11:58:29,113][com.java.SeleniumDriver] [  871] - DataValue : VLTest
[INFO ][2015-12-11 11:58:29,113][com.java.SeleniumDriver] [  877] - <In Set values of the page>
[INFO ][2015-12-11 11:58:29,113][com.java.SeleniumDriver] [  880] - {Data Fields & Data Values Exist}
[INFO ][2015-12-11 11:58:29,113][com.java.SeleniumDriver] [  882] - --------------------------setting values-----------------------------
[INFO ][2015-12-11 11:58:29,113][com.java.SeleniumDriver] [  885] - Action Type : Enter
[INFO ][2015-12-11 11:58:29,113][com.java.TestType] [ 6217] - field = txtFirstName
[INFO ][2015-12-11 11:58:29,113][com.java.TestType] [ 5500] - value = VLTest
[INFO ][2015-12-11 11:58:32,356][com.java.SeleniumDriver] [  894] -  RESULT true
[INFO ][2015-12-11 11:58:32,356][com.java.SeleniumDriver] [ 1100] - ?   P A S S   ?
[INFO ][2015-12-11 11:58:32,356][com.java.SeleniumDriver] [  821] - ------------------------------------------
[INFO ][2015-12-11 11:58:32,356][com.java.SeleniumDriver] [  822] - Test case being Executed: 7
[INFO ][2015-12-11 11:58:32,356][com.java.SeleniumDriver] [  833] - Test step:12
[INFO ][2015-12-11 11:58:32,356][com.java.SeleniumDriver] [  845] - Datavalue is----------Robot
[INFO ][2015-12-11 11:58:32,356][com.java.SeleniumDriver] [  869] - DataField : TXTtxtLastName
[INFO ][2015-12-11 11:58:32,356][com.java.SeleniumDriver] [  871] - DataValue : Robot
[INFO ][2015-12-11 11:58:32,356][com.java.SeleniumDriver] [  877] - <In Set values of the page>
[INFO ][2015-12-11 11:58:32,356][com.java.SeleniumDriver] [  880] - {Data Fields & Data Values Exist}
[INFO ][2015-12-11 11:58:32,356][com.java.SeleniumDriver] [  882] - --------------------------setting values-----------------------------
[INFO ][2015-12-11 11:58:32,356][com.java.SeleniumDriver] [  885] - Action Type : Enter
[INFO ][2015-12-11 11:58:32,356][com.java.TestType] [ 6217] - field = txtLastName
[INFO ][2015-12-11 11:58:32,356][com.java.TestType] [ 5500] - value = Robot
[INFO ][2015-12-11 11:58:35,098][com.java.SeleniumDriver] [  894] -  RESULT true
[INFO ][2015-12-11 11:58:35,098][com.java.SeleniumDriver] [ 1100] - ?   P A S S   ?
[INFO ][2015-12-11 11:58:35,098][com.java.SeleniumDriver] [  821] - ------------------------------------------
[INFO ][2015-12-11 11:58:35,098][com.java.SeleniumDriver] [  822] - Test case being Executed: 7
[INFO ][2015-12-11 11:58:35,098][com.java.SeleniumDriver] [  833] - Test step:13
[INFO ][2015-12-11 11:58:35,098][com.java.SeleniumDriver] [  845] - Datavalue is----------ValueLabs
[INFO ][2015-12-11 11:58:35,098][com.java.SeleniumDriver] [  869] - DataField : TXTtxtCompany
[INFO ][2015-12-11 11:58:35,098][com.java.SeleniumDriver] [  871] - DataValue : ValueLabs
[INFO ][2015-12-11 11:58:35,098][com.java.SeleniumDriver] [  877] - <In Set values of the page>
[INFO ][2015-12-11 11:58:35,098][com.java.SeleniumDriver] [  880] - {Data Fields & Data Values Exist}
[INFO ][2015-12-11 11:58:35,098][com.java.SeleniumDriver] [  882] - --------------------------setting values-----------------------------
[INFO ][2015-12-11 11:58:35,098][com.java.SeleniumDriver] [  885] - Action Type : Enter
[INFO ][2015-12-11 11:58:35,098][com.java.TestType] [ 6217] - field = txtCompany
[INFO ][2015-12-11 11:58:35,098][com.java.TestType] [ 5500] - value = ValueLabs
[INFO ][2015-12-11 11:58:38,000][com.java.SeleniumDriver] [  894] -  RESULT true
[INFO ][2015-12-11 11:58:38,000][com.java.SeleniumDriver] [ 1100] - ?   P A S S   ?
[INFO ][2015-12-11 11:58:38,000][com.java.SeleniumDriver] [  821] - ------------------------------------------
[INFO ][2015-12-11 11:58:38,000][com.java.SeleniumDriver] [  822] - Test case being Executed: 7
[INFO ][2015-12-11 11:58:38,000][com.java.SeleniumDriver] [  833] - Test step:14
[INFO ][2015-12-11 11:58:38,000][com.java.SeleniumDriver] [  845] - Datavalue is----------India
[INFO ][2015-12-11 11:58:38,000][com.java.SeleniumDriver] [  869] - DataField : TXTtxtLocation
[INFO ][2015-12-11 11:58:38,000][com.java.SeleniumDriver] [  871] - DataValue : India
[INFO ][2015-12-11 11:58:38,000][com.java.SeleniumDriver] [  877] - <In Set values of the page>
[INFO ][2015-12-11 11:58:38,000][com.java.SeleniumDriver] [  880] - {Data Fields & Data Values Exist}
[INFO ][2015-12-11 11:58:38,000][com.java.SeleniumDriver] [  882] - --------------------------setting values-----------------------------
[INFO ][2015-12-11 11:58:38,000][com.java.SeleniumDriver] [  885] - Action Type : Enter
[INFO ][2015-12-11 11:58:38,000][com.java.TestType] [ 6217] - field = txtLocation
[INFO ][2015-12-11 11:58:38,000][com.java.TestType] [ 5500] - value = India
[INFO ][2015-12-11 11:58:40,772][com.java.SeleniumDriver] [  894] -  RESULT true
[INFO ][2015-12-11 11:58:40,772][com.java.SeleniumDriver] [ 1100] - ?   P A S S   ?
[INFO ][2015-12-11 11:58:40,772][com.java.SeleniumDriver] [  821] - ------------------------------------------
[INFO ][2015-12-11 11:58:40,772][com.java.SeleniumDriver] [  822] - Test case being Executed: 7
[INFO ][2015-12-11 11:58:40,772][com.java.SeleniumDriver] [  833] - Test step:15
[INFO ][2015-12-11 11:58:40,772][com.java.SeleniumDriver] [  845] - Datavalue is----------vltest.robot@valuelabs.com
[INFO ][2015-12-11 11:58:40,772][com.java.SeleniumDriver] [  869] - DataField : TXTtxtEMail
[INFO ][2015-12-11 11:58:40,772][com.java.SeleniumDriver] [  871] - DataValue : vltest.robot@valuelabs.com
[INFO ][2015-12-11 11:58:40,772][com.java.SeleniumDriver] [  877] - <In Set values of the page>
[INFO ][2015-12-11 11:58:40,772][com.java.SeleniumDriver] [  880] - {Data Fields & Data Values Exist}
[INFO ][2015-12-11 11:58:40,772][com.java.SeleniumDriver] [  882] - --------------------------setting values-----------------------------
[INFO ][2015-12-11 11:58:40,772][com.java.SeleniumDriver] [  885] - Action Type : Enter
[INFO ][2015-12-11 11:58:40,772][com.java.TestType] [ 6217] - field = txtEMail
[INFO ][2015-12-11 11:58:40,772][com.java.TestType] [ 5500] - value = vltest.robot@valuelabs.com
[INFO ][2015-12-11 11:58:43,754][com.java.SeleniumDriver] [  894] -  RESULT true
[INFO ][2015-12-11 11:58:43,754][com.java.SeleniumDriver] [ 1100] - ?   P A S S   ?
[INFO ][2015-12-11 11:58:43,754][com.java.SeleniumDriver] [  821] - ------------------------------------------
[INFO ][2015-12-11 11:58:43,754][com.java.SeleniumDriver] [  822] - Test case being Executed: 7
[INFO ][2015-12-11 11:58:43,754][com.java.SeleniumDriver] [  833] - Test step:16
[INFO ][2015-12-11 11:58:43,754][com.java.SeleniumDriver] [  845] - Datavalue is----------12345678901
[INFO ][2015-12-11 11:58:43,754][com.java.SeleniumDriver] [  869] - DataField : TXTtxtPhone
[INFO ][2015-12-11 11:58:43,754][com.java.SeleniumDriver] [  871] - DataValue : 12345678901
[INFO ][2015-12-11 11:58:43,754][com.java.SeleniumDriver] [  877] - <In Set values of the page>
[INFO ][2015-12-11 11:58:43,754][com.java.SeleniumDriver] [  880] - {Data Fields & Data Values Exist}
[INFO ][2015-12-11 11:58:43,754][com.java.SeleniumDriver] [  882] - --------------------------setting values-----------------------------
[INFO ][2015-12-11 11:58:43,754][com.java.SeleniumDriver] [  885] - Action Type : Enter
[INFO ][2015-12-11 11:58:43,754][com.java.TestType] [ 6217] - field = txtPhone
[INFO ][2015-12-11 11:58:43,754][com.java.TestType] [ 5500] - value = 12345678901
[INFO ][2015-12-11 11:58:46,456][com.java.SeleniumDriver] [  894] -  RESULT true
[INFO ][2015-12-11 11:58:46,456][com.java.SeleniumDriver] [ 1100] - ?   P A S S   ?
[INFO ][2015-12-11 11:58:46,456][com.java.SeleniumDriver] [  821] - ------------------------------------------
[INFO ][2015-12-11 11:58:46,456][com.java.SeleniumDriver] [  822] - Test case being Executed: 7
[INFO ][2015-12-11 11:58:46,456][com.java.SeleniumDriver] [  833] - Test step:17
[INFO ][2015-12-11 11:58:46,456][com.java.SeleniumDriver] [  845] - Datavalue is----------dt:NewUserPswd
[INFO ][2015-12-11 11:58:46,456][com.java.SeleniumDriver] [  869] - DataField : TXTtxtPassword
[INFO ][2015-12-11 11:58:46,456][com.java.SeleniumDriver] [  871] - DataValue : dt:NewUserPswd
[INFO ][2015-12-11 11:58:46,456][com.java.SeleniumDriver] [  877] - <In Set values of the page>
[INFO ][2015-12-11 11:58:46,456][com.java.SeleniumDriver] [  880] - {Data Fields & Data Values Exist}
[INFO ][2015-12-11 11:58:46,456][com.java.SeleniumDriver] [  882] - --------------------------setting values-----------------------------
[INFO ][2015-12-11 11:58:46,456][com.java.SeleniumDriver] [  885] - Action Type : Enter
[INFO ][2015-12-11 11:58:46,456][com.java.TestType] [ 6217] - field = txtPassword
[INFO ][2015-12-11 11:58:46,456][com.java.TestType] [ 5500] - value = Password1*
[INFO ][2015-12-11 11:58:49,388][com.java.SeleniumDriver] [  894] -  RESULT true
[INFO ][2015-12-11 11:58:49,388][com.java.SeleniumDriver] [ 1100] - ?   P A S S   ?
[INFO ][2015-12-11 11:58:49,388][com.java.SeleniumDriver] [  821] - ------------------------------------------
[INFO ][2015-12-11 11:58:49,388][com.java.SeleniumDriver] [  822] - Test case being Executed: 7
[INFO ][2015-12-11 11:58:49,388][com.java.SeleniumDriver] [  833] - Test step:18
[INFO ][2015-12-11 11:58:49,388][com.java.SeleniumDriver] [  845] - Datavalue is----------dt:NewUserPswd
[INFO ][2015-12-11 11:58:49,388][com.java.SeleniumDriver] [  869] - DataField : TXTtxtPasswordConfirm
[INFO ][2015-12-11 11:58:49,388][com.java.SeleniumDriver] [  871] - DataValue : dt:NewUserPswd
[INFO ][2015-12-11 11:58:49,388][com.java.SeleniumDriver] [  877] - <In Set values of the page>
[INFO ][2015-12-11 11:58:49,388][com.java.SeleniumDriver] [  880] - {Data Fields & Data Values Exist}
[INFO ][2015-12-11 11:58:49,388][com.java.SeleniumDriver] [  882] - --------------------------setting values-----------------------------
[INFO ][2015-12-11 11:58:49,388][com.java.SeleniumDriver] [  885] - Action Type : Enter
[INFO ][2015-12-11 11:58:49,388][com.java.TestType] [ 6217] - field = txtPasswordConfirm
[INFO ][2015-12-11 11:58:49,388][com.java.TestType] [ 5500] - value = Password1*
[INFO ][2015-12-11 11:58:52,300][com.java.SeleniumDriver] [  894] -  RESULT true
[INFO ][2015-12-11 11:58:52,300][com.java.SeleniumDriver] [ 1100] - ?   P A S S   ?
[INFO ][2015-12-11 11:58:52,300][com.java.SeleniumDriver] [  821] - ------------------------------------------
[INFO ][2015-12-11 11:58:52,300][com.java.SeleniumDriver] [  822] - Test case being Executed: 7
[INFO ][2015-12-11 11:58:52,300][com.java.SeleniumDriver] [  833] - Test step:19
[INFO ][2015-12-11 11:58:52,300][com.java.SeleniumDriver] [  845] - Datavalue is----------null
[DEBUG][2015-12-11 11:58:52,300][com.java.SeleniumDriver] [  863] - Exception: null
[INFO ][2015-12-11 11:58:52,300][com.java.SeleniumDriver] [  869] - DataField : BTNparent
[INFO ][2015-12-11 11:58:52,300][com.java.SeleniumDriver] [  871] - DataValue : 
[INFO ][2015-12-11 11:58:52,300][com.java.SeleniumDriver] [  877] - <In Set values of the page>
[INFO ][2015-12-11 11:58:52,300][com.java.SeleniumDriver] [  880] - {Data Fields & Data Values Exist}
[INFO ][2015-12-11 11:58:52,300][com.java.SeleniumDriver] [  882] - --------------------------setting values-----------------------------
[INFO ][2015-12-11 11:58:52,300][com.java.SeleniumDriver] [  885] - Action Type : SELECTFRAME
[INFO ][2015-12-11 11:58:52,310][com.java.SeleniumDriver] [  894] -  RESULT true
[INFO ][2015-12-11 11:58:52,310][com.java.SeleniumDriver] [ 1100] - ?   P A S S   ?
[INFO ][2015-12-11 11:58:52,310][com.java.SeleniumDriver] [  821] - ------------------------------------------
[INFO ][2015-12-11 11:58:52,310][com.java.SeleniumDriver] [  822] - Test case being Executed: 7
[INFO ][2015-12-11 11:58:52,310][com.java.SeleniumDriver] [  833] - Test step:20
[INFO ][2015-12-11 11:58:52,310][com.java.SeleniumDriver] [  845] - Datavalue is----------5
[INFO ][2015-12-11 11:58:52,310][com.java.SeleniumDriver] [  869] - DataField : test
[INFO ][2015-12-11 11:58:52,310][com.java.SeleniumDriver] [  871] - DataValue : 5
[INFO ][2015-12-11 11:58:52,310][com.java.SeleniumDriver] [  877] - <In Set values of the page>
[INFO ][2015-12-11 11:58:52,310][com.java.SeleniumDriver] [  880] - {Data Fields & Data Values Exist}
[INFO ][2015-12-11 11:58:52,310][com.java.SeleniumDriver] [  882] - --------------------------setting values-----------------------------
[INFO ][2015-12-11 11:58:52,310][com.java.SeleniumDriver] [  885] - Action Type : WaitTime
[DEBUG][2015-12-11 11:58:52,310][com.java.TestType] [ 5320] - sleepTime: 5000
[INFO ][2015-12-11 11:58:57,310][com.java.SeleniumDriver] [  894] -  RESULT true
[INFO ][2015-12-11 11:58:57,310][com.java.SeleniumDriver] [ 1100] - ?   P A S S   ?
[INFO ][2015-12-11 11:58:57,310][com.java.SeleniumDriver] [  821] - ------------------------------------------
[INFO ][2015-12-11 11:58:57,310][com.java.SeleniumDriver] [  822] - Test case being Executed: 7
[INFO ][2015-12-11 11:58:57,310][com.java.SeleniumDriver] [  833] - Test step:21
[INFO ][2015-12-11 11:58:57,310][com.java.SeleniumDriver] [  845] - Datavalue is----------null
[DEBUG][2015-12-11 11:58:57,310][com.java.SeleniumDriver] [  863] - Exception: null
[INFO ][2015-12-11 11:58:57,310][com.java.SeleniumDriver] [  869] - DataField : XPH//span[contains(text(), 'Finished')]
[INFO ][2015-12-11 11:58:57,310][com.java.SeleniumDriver] [  871] - DataValue : 
[INFO ][2015-12-11 11:58:57,310][com.java.SeleniumDriver] [  877] - <In Set values of the page>
[INFO ][2015-12-11 11:58:57,310][com.java.SeleniumDriver] [  880] - {Data Fields & Data Values Exist}
[INFO ][2015-12-11 11:58:57,310][com.java.SeleniumDriver] [  882] - --------------------------setting values-----------------------------
[INFO ][2015-12-11 11:58:57,310][com.java.SeleniumDriver] [  885] - Action Type : Click
[INFO ][2015-12-11 11:58:57,310][com.java.TestType] [ 5849] - Field ::XPH//span[contains(text(), 'Finished')]
[INFO ][2015-12-11 11:58:57,310][com.java.TestType] [ 5500] - value = 
[INFO ][2015-12-11 11:58:58,311][com.java.TestType] [ 5956] - BEFORE CLICK
[INFO ][2015-12-11 11:58:59,151][com.java.TestType] [ 5964] - Unable to click the object Finished button
[INFO ][2015-12-11 11:58:59,151][com.java.SeleniumDriver] [  894] -  RESULT true
[INFO ][2015-12-11 11:58:59,151][com.java.SeleniumDriver] [ 1100] - ?   P A S S   ?
[INFO ][2015-12-11 11:58:59,151][com.java.SeleniumDriver] [  821] - ------------------------------------------
[INFO ][2015-12-11 11:58:59,151][com.java.SeleniumDriver] [  822] - Test case being Executed: 7
[INFO ][2015-12-11 11:58:59,151][com.java.SeleniumDriver] [  833] - Test step:22
[INFO ][2015-12-11 11:58:59,151][com.java.SeleniumDriver] [  845] - Datavalue is----------3
[INFO ][2015-12-11 11:58:59,151][com.java.SeleniumDriver] [  869] - DataField : XPH//span[contains(text(), 'Finished')]
[INFO ][2015-12-11 11:58:59,151][com.java.SeleniumDriver] [  871] - DataValue : 3
[INFO ][2015-12-11 11:58:59,151][com.java.SeleniumDriver] [  877] - <In Set values of the page>
[INFO ][2015-12-11 11:58:59,151][com.java.SeleniumDriver] [  880] - {Data Fields & Data Values Exist}
[INFO ][2015-12-11 11:58:59,151][com.java.SeleniumDriver] [  882] - --------------------------setting values-----------------------------
[INFO ][2015-12-11 11:58:59,151][com.java.SeleniumDriver] [  885] - Action Type : WaitForElement
[INFO ][2015-12-11 11:59:04,833][com.java.SeleniumDriver] [  894] -  RESULT true
[INFO ][2015-12-11 11:59:04,833][com.java.SeleniumDriver] [ 1100] - ?   P A S S   ?
[INFO ][2015-12-11 11:59:04,833][com.java.SeleniumDriver] [  821] - ------------------------------------------
[INFO ][2015-12-11 11:59:04,833][com.java.SeleniumDriver] [  822] - Test case being Executed: 7
[INFO ][2015-12-11 11:59:04,833][com.java.SeleniumDriver] [  833] - Test step:23
[INFO ][2015-12-11 11:59:04,833][com.java.SeleniumDriver] [  845] - Datavalue is----------null
[DEBUG][2015-12-11 11:59:04,833][com.java.SeleniumDriver] [  863] - Exception: null
[INFO ][2015-12-11 11:59:04,833][com.java.SeleniumDriver] [  869] - DataField : BTNframeDialogContent
[INFO ][2015-12-11 11:59:04,833][com.java.SeleniumDriver] [  871] - DataValue : 
[INFO ][2015-12-11 11:59:04,833][com.java.SeleniumDriver] [  877] - <In Set values of the page>
[INFO ][2015-12-11 11:59:04,833][com.java.SeleniumDriver] [  880] - {Data Fields & Data Values Exist}
[INFO ][2015-12-11 11:59:04,833][com.java.SeleniumDriver] [  882] - --------------------------setting values-----------------------------
[INFO ][2015-12-11 11:59:04,833][com.java.SeleniumDriver] [  885] - Action Type : SELECTFRAME
[INFO ][2015-12-11 11:59:06,065][com.java.SeleniumDriver] [  894] -  RESULT true
[INFO ][2015-12-11 11:59:06,065][com.java.SeleniumDriver] [ 1100] - ?   P A S S   ?
[INFO ][2015-12-11 11:59:06,065][com.java.SeleniumDriver] [  821] - ------------------------------------------
[INFO ][2015-12-11 11:59:06,065][com.java.SeleniumDriver] [  822] - Test case being Executed: 7
[INFO ][2015-12-11 11:59:06,065][com.java.SeleniumDriver] [  833] - Test step:24
[INFO ][2015-12-11 11:59:06,065][com.java.SeleniumDriver] [  845] - Datavalue is----------index:3
[INFO ][2015-12-11 11:59:06,065][com.java.SeleniumDriver] [  869] - DataField : BTNddlEntityAccess
[INFO ][2015-12-11 11:59:06,065][com.java.SeleniumDriver] [  871] - DataValue : index:3
[INFO ][2015-12-11 11:59:06,065][com.java.SeleniumDriver] [  877] - <In Set values of the page>
[INFO ][2015-12-11 11:59:06,065][com.java.SeleniumDriver] [  880] - {Data Fields & Data Values Exist}
[INFO ][2015-12-11 11:59:06,065][com.java.SeleniumDriver] [  882] - --------------------------setting values-----------------------------
[INFO ][2015-12-11 11:59:06,065][com.java.SeleniumDriver] [  885] - Action Type : Click
[INFO ][2015-12-11 11:59:06,065][com.java.TestType] [ 5849] - Field ::BTNddlEntityAccess
[INFO ][2015-12-11 11:59:06,065][com.java.TestType] [ 5500] - value = index:3
[INFO ][2015-12-11 11:59:07,065][com.java.TestType] [ 5935] - BEFORE CLICK
[INFO ][2015-12-11 11:59:08,466][com.java.TestType] [ 5942] - Unable to click the object Bank's dropdown
[INFO ][2015-12-11 11:59:08,466][com.java.SeleniumDriver] [  894] -  RESULT true
[INFO ][2015-12-11 11:59:08,466][com.java.SeleniumDriver] [ 1100] - ?   P A S S   ?
[INFO ][2015-12-11 11:59:08,466][com.java.SeleniumDriver] [  821] - ------------------------------------------
[INFO ][2015-12-11 11:59:08,466][com.java.SeleniumDriver] [  822] - Test case being Executed: 7
[INFO ][2015-12-11 11:59:08,466][com.java.SeleniumDriver] [  833] - Test step:25
[INFO ][2015-12-11 11:59:08,466][com.java.SeleniumDriver] [  845] - Datavalue is----------null
[DEBUG][2015-12-11 11:59:08,466][com.java.SeleniumDriver] [  863] - Exception: null
[INFO ][2015-12-11 11:59:08,466][com.java.SeleniumDriver] [  869] - DataField : BTNrdoEnableEntity_Enable
[INFO ][2015-12-11 11:59:08,466][com.java.SeleniumDriver] [  871] - DataValue : 
[INFO ][2015-12-11 11:59:08,466][com.java.SeleniumDriver] [  877] - <In Set values of the page>
[INFO ][2015-12-11 11:59:08,466][com.java.SeleniumDriver] [  880] - {Data Fields & Data Values Exist}
[INFO ][2015-12-11 11:59:08,466][com.java.SeleniumDriver] [  882] - --------------------------setting values-----------------------------
[INFO ][2015-12-11 11:59:08,466][com.java.SeleniumDriver] [  885] - Action Type : Click
[INFO ][2015-12-11 11:59:08,466][com.java.TestType] [ 5849] - Field ::BTNrdoEnableEntity_Enable
[INFO ][2015-12-11 11:59:08,466][com.java.TestType] [ 5500] - value = 
[INFO ][2015-12-11 11:59:09,466][com.java.TestType] [ 5935] - BEFORE CLICK
[INFO ][2015-12-11 11:59:10,827][com.java.TestType] [ 5942] - Unable to click the object Enable radio button
[INFO ][2015-12-11 11:59:10,827][com.java.SeleniumDriver] [  894] -  RESULT true
[INFO ][2015-12-11 11:59:10,827][com.java.SeleniumDriver] [ 1100] - ?   P A S S   ?
[INFO ][2015-12-11 11:59:10,827][com.java.SeleniumDriver] [  821] - ------------------------------------------
[INFO ][2015-12-11 11:59:10,827][com.java.SeleniumDriver] [  822] - Test case being Executed: 7
[INFO ][2015-12-11 11:59:10,827][com.java.SeleniumDriver] [  833] - Test step:26
[INFO ][2015-12-11 11:59:10,827][com.java.SeleniumDriver] [  845] - Datavalue is----------null
[DEBUG][2015-12-11 11:59:10,827][com.java.SeleniumDriver] [  863] - Exception: null
[INFO ][2015-12-11 11:59:10,827][com.java.SeleniumDriver] [  869] - DataField : BTNchkProfitCenterAll
[INFO ][2015-12-11 11:59:10,827][com.java.SeleniumDriver] [  871] - DataValue : 
[INFO ][2015-12-11 11:59:10,827][com.java.SeleniumDriver] [  877] - <In Set values of the page>
[INFO ][2015-12-11 11:59:10,827][com.java.SeleniumDriver] [  880] - {Data Fields & Data Values Exist}
[INFO ][2015-12-11 11:59:10,827][com.java.SeleniumDriver] [  882] - --------------------------setting values-----------------------------
[INFO ][2015-12-11 11:59:10,827][com.java.SeleniumDriver] [  885] - Action Type : Click
[INFO ][2015-12-11 11:59:10,827][com.java.TestType] [ 5849] - Field ::BTNchkProfitCenterAll
[INFO ][2015-12-11 11:59:10,827][com.java.TestType] [ 5500] - value = 
[INFO ][2015-12-11 11:59:11,827][com.java.TestType] [ 5935] - BEFORE CLICK
[INFO ][2015-12-11 11:59:13,179][com.java.TestType] [ 5942] - Unable to click the object All Check box
[INFO ][2015-12-11 11:59:13,179][com.java.SeleniumDriver] [  894] -  RESULT true
[INFO ][2015-12-11 11:59:13,179][com.java.SeleniumDriver] [ 1100] - ?   P A S S   ?
[INFO ][2015-12-11 11:59:13,179][com.java.SeleniumDriver] [  821] - ------------------------------------------
[INFO ][2015-12-11 11:59:13,179][com.java.SeleniumDriver] [  822] - Test case being Executed: 7
[INFO ][2015-12-11 11:59:13,179][com.java.SeleniumDriver] [  833] - Test step:27
[INFO ][2015-12-11 11:59:13,179][com.java.SeleniumDriver] [  845] - Datavalue is----------null
[DEBUG][2015-12-11 11:59:13,179][com.java.SeleniumDriver] [  863] - Exception: null
[INFO ][2015-12-11 11:59:13,179][com.java.SeleniumDriver] [  869] - DataField : BTNchkPrivsAccessGL
[INFO ][2015-12-11 11:59:13,179][com.java.SeleniumDriver] [  871] - DataValue : 
[INFO ][2015-12-11 11:59:13,179][com.java.SeleniumDriver] [  877] - <In Set values of the page>
[INFO ][2015-12-11 11:59:13,179][com.java.SeleniumDriver] [  880] - {Data Fields & Data Values Exist}
[INFO ][2015-12-11 11:59:13,179][com.java.SeleniumDriver] [  882] - --------------------------setting values-----------------------------
[INFO ][2015-12-11 11:59:13,179][com.java.SeleniumDriver] [  885] - Action Type : Click
[INFO ][2015-12-11 11:59:13,179][com.java.TestType] [ 5849] - Field ::BTNchkPrivsAccessGL
[INFO ][2015-12-11 11:59:13,179][com.java.TestType] [ 5500] - value = 
[INFO ][2015-12-11 11:59:14,179][com.java.TestType] [ 5935] - BEFORE CLICK
[INFO ][2015-12-11 11:59:15,571][com.java.TestType] [ 5942] - Unable to click the object GL check box
[INFO ][2015-12-11 11:59:15,571][com.java.SeleniumDriver] [  894] -  RESULT true
[INFO ][2015-12-11 11:59:15,571][com.java.SeleniumDriver] [ 1100] - ?   P A S S   ?
[INFO ][2015-12-11 11:59:15,571][com.java.SeleniumDriver] [  821] - ------------------------------------------
[INFO ][2015-12-11 11:59:15,571][com.java.SeleniumDriver] [  822] - Test case being Executed: 7
[INFO ][2015-12-11 11:59:15,571][com.java.SeleniumDriver] [  833] - Test step:28
[INFO ][2015-12-11 11:59:15,571][com.java.SeleniumDriver] [  845] - Datavalue is----------null
[DEBUG][2015-12-11 11:59:15,571][com.java.SeleniumDriver] [  863] - Exception: null
[INFO ][2015-12-11 11:59:15,571][com.java.SeleniumDriver] [  869] - DataField : BTNchkPrivsAccessAL
[INFO ][2015-12-11 11:59:15,571][com.java.SeleniumDriver] [  871] - DataValue : 
[INFO ][2015-12-11 11:59:15,571][com.java.SeleniumDriver] [  877] - <In Set values of the page>
[INFO ][2015-12-11 11:59:15,571][com.java.SeleniumDriver] [  880] - {Data Fields & Data Values Exist}
[INFO ][2015-12-11 11:59:15,571][com.java.SeleniumDriver] [  882] - --------------------------setting values-----------------------------
[INFO ][2015-12-11 11:59:15,571][com.java.SeleniumDriver] [  885] - Action Type : Click
[INFO ][2015-12-11 11:59:15,571][com.java.TestType] [ 5849] - Field ::BTNchkPrivsAccessAL
[INFO ][2015-12-11 11:59:15,571][com.java.TestType] [ 5500] - value = 
[INFO ][2015-12-11 11:59:16,571][com.java.TestType] [ 5935] - BEFORE CLICK
[INFO ][2015-12-11 11:59:17,882][com.java.TestType] [ 5942] - Unable to click the object AL Check box
[INFO ][2015-12-11 11:59:17,882][com.java.SeleniumDriver] [  894] -  RESULT true
[INFO ][2015-12-11 11:59:17,882][com.java.SeleniumDriver] [ 1100] - ?   P A S S   ?
[INFO ][2015-12-11 11:59:17,882][com.java.SeleniumDriver] [  821] - ------------------------------------------
[INFO ][2015-12-11 11:59:17,882][com.java.SeleniumDriver] [  822] - Test case being Executed: 7
[INFO ][2015-12-11 11:59:17,882][com.java.SeleniumDriver] [  833] - Test step:29
[INFO ][2015-12-11 11:59:17,882][com.java.SeleniumDriver] [  845] - Datavalue is----------null
[DEBUG][2015-12-11 11:59:17,882][com.java.SeleniumDriver] [  863] - Exception: null
[INFO ][2015-12-11 11:59:17,882][com.java.SeleniumDriver] [  869] - DataField : BTNchkPrivsDesignBoardPackage
[INFO ][2015-12-11 11:59:17,882][com.java.SeleniumDriver] [  871] - DataValue : 
[INFO ][2015-12-11 11:59:17,882][com.java.SeleniumDriver] [  877] - <In Set values of the page>
[INFO ][2015-12-11 11:59:17,882][com.java.SeleniumDriver] [  880] - {Data Fields & Data Values Exist}
[INFO ][2015-12-11 11:59:17,882][com.java.SeleniumDriver] [  882] - --------------------------setting values-----------------------------
[INFO ][2015-12-11 11:59:17,882][com.java.SeleniumDriver] [  885] - Action Type : Click
[INFO ][2015-12-11 11:59:17,882][com.java.TestType] [ 5849] - Field ::BTNchkPrivsDesignBoardPackage
[INFO ][2015-12-11 11:59:17,882][com.java.TestType] [ 5500] - value = 
[INFO ][2015-12-11 11:59:18,882][com.java.TestType] [ 5935] - BEFORE CLICK
[INFO ][2015-12-11 11:59:20,243][com.java.TestType] [ 5942] - Unable to click the object Design Board Package check box
[INFO ][2015-12-11 11:59:20,243][com.java.SeleniumDriver] [  894] -  RESULT true
[INFO ][2015-12-11 11:59:20,243][com.java.SeleniumDriver] [ 1100] - ?   P A S S   ?
[INFO ][2015-12-11 11:59:20,243][com.java.SeleniumDriver] [  821] - ------------------------------------------
[INFO ][2015-12-11 11:59:20,243][com.java.SeleniumDriver] [  822] - Test case being Executed: 7
[INFO ][2015-12-11 11:59:20,243][com.java.SeleniumDriver] [  833] - Test step:30
[INFO ][2015-12-11 11:59:20,243][com.java.SeleniumDriver] [  845] - Datavalue is----------null
[DEBUG][2015-12-11 11:59:20,243][com.java.SeleniumDriver] [  863] - Exception: null
[INFO ][2015-12-11 11:59:20,243][com.java.SeleniumDriver] [  869] - DataField : BTNparent
[INFO ][2015-12-11 11:59:20,243][com.java.SeleniumDriver] [  871] - DataValue : 
[INFO ][2015-12-11 11:59:20,243][com.java.SeleniumDriver] [  877] - <In Set values of the page>
[INFO ][2015-12-11 11:59:20,243][com.java.SeleniumDriver] [  880] - {Data Fields & Data Values Exist}
[INFO ][2015-12-11 11:59:20,243][com.java.SeleniumDriver] [  882] - --------------------------setting values-----------------------------
[INFO ][2015-12-11 11:59:20,243][com.java.SeleniumDriver] [  885] - Action Type : SELECTFRAME
[INFO ][2015-12-11 11:59:20,253][com.java.SeleniumDriver] [  894] -  RESULT true
[INFO ][2015-12-11 11:59:20,253][com.java.SeleniumDriver] [ 1100] - ?   P A S S   ?
[INFO ][2015-12-11 11:59:20,253][com.java.SeleniumDriver] [  821] - ------------------------------------------
[INFO ][2015-12-11 11:59:20,253][com.java.SeleniumDriver] [  822] - Test case being Executed: 7
[INFO ][2015-12-11 11:59:20,253][com.java.SeleniumDriver] [  833] - Test step:31
[INFO ][2015-12-11 11:59:20,253][com.java.SeleniumDriver] [  845] - Datavalue is----------5
[INFO ][2015-12-11 11:59:20,253][com.java.SeleniumDriver] [  869] - DataField : test
[INFO ][2015-12-11 11:59:20,253][com.java.SeleniumDriver] [  871] - DataValue : 5
[INFO ][2015-12-11 11:59:20,253][com.java.SeleniumDriver] [  877] - <In Set values of the page>
[INFO ][2015-12-11 11:59:20,253][com.java.SeleniumDriver] [  880] - {Data Fields & Data Values Exist}
[INFO ][2015-12-11 11:59:20,253][com.java.SeleniumDriver] [  882] - --------------------------setting values-----------------------------
[INFO ][2015-12-11 11:59:20,253][com.java.SeleniumDriver] [  885] - Action Type : WaitTime
[DEBUG][2015-12-11 11:59:20,253][com.java.TestType] [ 5320] - sleepTime: 5000
[INFO ][2015-12-11 11:59:25,253][com.java.SeleniumDriver] [  894] -  RESULT true
[INFO ][2015-12-11 11:59:25,253][com.java.SeleniumDriver] [ 1100] - ?   P A S S   ?
[INFO ][2015-12-11 11:59:25,253][com.java.SeleniumDriver] [  821] - ------------------------------------------
[INFO ][2015-12-11 11:59:25,253][com.java.SeleniumDriver] [  822] - Test case being Executed: 7
[INFO ][2015-12-11 11:59:25,253][com.java.SeleniumDriver] [  833] - Test step:32
[INFO ][2015-12-11 11:59:25,253][com.java.SeleniumDriver] [  845] - Datavalue is----------null
[DEBUG][2015-12-11 11:59:25,253][com.java.SeleniumDriver] [  863] - Exception: null
[INFO ][2015-12-11 11:59:25,253][com.java.SeleniumDriver] [  869] - DataField : XPH//span[contains(text(), 'Finished')]
[INFO ][2015-12-11 11:59:25,253][com.java.SeleniumDriver] [  871] - DataValue : 
[INFO ][2015-12-11 11:59:25,253][com.java.SeleniumDriver] [  877] - <In Set values of the page>
[INFO ][2015-12-11 11:59:25,253][com.java.SeleniumDriver] [  880] - {Data Fields & Data Values Exist}
[INFO ][2015-12-11 11:59:25,253][com.java.SeleniumDriver] [  882] - --------------------------setting values-----------------------------
[INFO ][2015-12-11 11:59:25,253][com.java.SeleniumDriver] [  885] - Action Type : Click
[INFO ][2015-12-11 11:59:25,253][com.java.TestType] [ 5849] - Field ::XPH//span[contains(text(), 'Finished')]
[INFO ][2015-12-11 11:59:25,253][com.java.TestType] [ 5500] - value = 
[INFO ][2015-12-11 11:59:26,254][com.java.TestType] [ 5956] - BEFORE CLICK
[INFO ][2015-12-11 11:59:29,277][com.java.TestType] [ 5964] - Unable to click the object Finished button
[INFO ][2015-12-11 11:59:29,277][com.java.SeleniumDriver] [  894] -  RESULT true
[INFO ][2015-12-11 11:59:29,277][com.java.SeleniumDriver] [ 1100] - ?   P A S S   ?
[INFO ][2015-12-11 11:59:29,277][com.java.SeleniumDriver] [  821] - ------------------------------------------
[INFO ][2015-12-11 11:59:29,277][com.java.SeleniumDriver] [  822] - Test case being Executed: 7
[INFO ][2015-12-11 11:59:29,277][com.java.SeleniumDriver] [  833] - Test step:33
[INFO ][2015-12-11 11:59:29,277][com.java.SeleniumDriver] [  845] - Datavalue is----------5
[INFO ][2015-12-11 11:59:29,277][com.java.SeleniumDriver] [  869] - DataField : BTNframeDialogContent
[INFO ][2015-12-11 11:59:29,277][com.java.SeleniumDriver] [  871] - DataValue : 5
[INFO ][2015-12-11 11:59:29,277][com.java.SeleniumDriver] [  877] - <In Set values of the page>
[INFO ][2015-12-11 11:59:29,277][com.java.SeleniumDriver] [  880] - {Data Fields & Data Values Exist}
[INFO ][2015-12-11 11:59:29,277][com.java.SeleniumDriver] [  882] - --------------------------setting values-----------------------------
[INFO ][2015-12-11 11:59:29,277][com.java.SeleniumDriver] [  885] - Action Type : WaitForElement
[INFO ][2015-12-11 11:59:30,458][com.java.SeleniumDriver] [  894] -  RESULT true
[INFO ][2015-12-11 11:59:30,458][com.java.SeleniumDriver] [ 1100] - ?   P A S S   ?
[INFO ][2015-12-11 11:59:30,458][com.java.SeleniumDriver] [  821] - ------------------------------------------
[INFO ][2015-12-11 11:59:30,458][com.java.SeleniumDriver] [  822] - Test case being Executed: 7
[INFO ][2015-12-11 11:59:30,458][com.java.SeleniumDriver] [  833] - Test step:34
[INFO ][2015-12-11 11:59:30,458][com.java.SeleniumDriver] [  845] - Datavalue is----------null
[DEBUG][2015-12-11 11:59:30,458][com.java.SeleniumDriver] [  863] - Exception: null
[INFO ][2015-12-11 11:59:30,458][com.java.SeleniumDriver] [  869] - DataField : BTNframeDialogContent
[INFO ][2015-12-11 11:59:30,458][com.java.SeleniumDriver] [  871] - DataValue : 
[INFO ][2015-12-11 11:59:30,458][com.java.SeleniumDriver] [  877] - <In Set values of the page>
[INFO ][2015-12-11 11:59:30,458][com.java.SeleniumDriver] [  880] - {Data Fields & Data Values Exist}
[INFO ][2015-12-11 11:59:30,458][com.java.SeleniumDriver] [  882] - --------------------------setting values-----------------------------
[INFO ][2015-12-11 11:59:30,458][com.java.SeleniumDriver] [  885] - Action Type : SELECTFRAME
[INFO ][2015-12-11 11:59:31,683][com.java.SeleniumDriver] [  894] -  RESULT true
[INFO ][2015-12-11 11:59:31,683][com.java.SeleniumDriver] [ 1100] - ?   P A S S   ?
[INFO ][2015-12-11 11:59:31,683][com.java.SeleniumDriver] [  821] - ------------------------------------------
[INFO ][2015-12-11 11:59:31,683][com.java.SeleniumDriver] [  822] - Test case being Executed: 7
[INFO ][2015-12-11 11:59:31,683][com.java.SeleniumDriver] [  833] - Test step:35
[INFO ][2015-12-11 11:59:31,683][com.java.SeleniumDriver] [  845] - Datavalue is----------6
[INFO ][2015-12-11 11:59:31,683][com.java.SeleniumDriver] [  869] - DataField : XPH//table[@id="tblUserListing"]//td[contains(text(),'vltest.robot')]
[INFO ][2015-12-11 11:59:31,683][com.java.SeleniumDriver] [  871] - DataValue : 6
[INFO ][2015-12-11 11:59:31,683][com.java.SeleniumDriver] [  877] - <In Set values of the page>
[INFO ][2015-12-11 11:59:31,683][com.java.SeleniumDriver] [  880] - {Data Fields & Data Values Exist}
[INFO ][2015-12-11 11:59:31,683][com.java.SeleniumDriver] [  882] - --------------------------setting values-----------------------------
[INFO ][2015-12-11 11:59:31,683][com.java.SeleniumDriver] [  885] - Action Type : WaitForElement
[INFO ][2015-12-11 11:59:31,743][com.java.SeleniumDriver] [  894] -  RESULT true
[INFO ][2015-12-11 11:59:31,743][com.java.SeleniumDriver] [ 1100] - ?   P A S S   ?
[INFO ][2015-12-11 11:59:31,743][com.java.SeleniumDriver] [  821] - ------------------------------------------
[INFO ][2015-12-11 11:59:31,743][com.java.SeleniumDriver] [  822] - Test case being Executed: 7
[INFO ][2015-12-11 11:59:31,743][com.java.SeleniumDriver] [  833] - Test step:36
[INFO ][2015-12-11 11:59:31,743][com.java.SeleniumDriver] [  845] - Datavalue is----------dt:NewUserName
[INFO ][2015-12-11 11:59:31,743][com.java.SeleniumDriver] [  869] - DataField : USR
[INFO ][2015-12-11 11:59:31,743][com.java.SeleniumDriver] [  871] - DataValue : dt:NewUserName
[INFO ][2015-12-11 11:59:31,743][com.java.SeleniumDriver] [  877] - <In Set values of the page>
[INFO ][2015-12-11 11:59:31,743][com.java.SeleniumDriver] [  880] - {Data Fields & Data Values Exist}
[INFO ][2015-12-11 11:59:31,743][com.java.SeleniumDriver] [  882] - --------------------------setting values-----------------------------
[INFO ][2015-12-11 11:59:31,743][com.java.SeleniumDriver] [  885] - Action Type : Verify
[INFO ][2015-12-11 11:59:31,743][com.java.TestType] [ 6762] - field= USR value= dt:NewUserName
[INFO ][2015-12-11 11:59:31,743][com.java.TestType] [ 5500] - value = vltest.robot
[INFO ][2015-12-11 11:59:31,803][com.java.SeleniumDriver] [  894] -  RESULT true
[INFO ][2015-12-11 11:59:31,803][com.java.SeleniumDriver] [ 1100] - ?   P A S S   ?
[INFO ][2015-12-11 11:59:31,803][com.java.SeleniumDriver] [  821] - ------------------------------------------
[INFO ][2015-12-11 11:59:31,803][com.java.SeleniumDriver] [  822] - Test case being Executed: 7
[INFO ][2015-12-11 11:59:31,803][com.java.SeleniumDriver] [  833] - Test step:37
[INFO ][2015-12-11 11:59:31,803][com.java.SeleniumDriver] [  845] - Datavalue is----------Login_username
[INFO ][2015-12-11 11:59:31,803][com.java.SeleniumDriver] [  869] - DataField : XPH//table[@id="tblUserListing"]//td[contains(text(),'vltest.robot')]
[INFO ][2015-12-11 11:59:31,803][com.java.SeleniumDriver] [  871] - DataValue : Login_username
[INFO ][2015-12-11 11:59:31,803][com.java.SeleniumDriver] [  877] - <In Set values of the page>
[INFO ][2015-12-11 11:59:31,803][com.java.SeleniumDriver] [  880] - {Data Fields & Data Values Exist}
[INFO ][2015-12-11 11:59:31,803][com.java.SeleniumDriver] [  882] - --------------------------setting values-----------------------------
[INFO ][2015-12-11 11:59:31,803][com.java.SeleniumDriver] [  885] - Action Type : STOREVALUE
[INFO ][2015-12-11 11:59:31,803][com.java.TestType] [ 7940] - field= XPH//table[@id="tblUserListing"]//td[contains(text(),'vltest.robot')]
[DEBUG][2015-12-11 11:59:31,913][com.java.TestType] [ 7992] - Key:: Login_username   Value:: vltest.robot.15019
[INFO ][2015-12-11 11:59:31,913][com.java.SeleniumDriver] [  894] -  RESULT true
[INFO ][2015-12-11 11:59:31,913][com.java.SeleniumDriver] [ 1100] - ?   P A S S   ?
[INFO ][2015-12-11 11:59:31,913][com.java.SeleniumDriver] [  821] - ------------------------------------------
[INFO ][2015-12-11 11:59:31,913][com.java.SeleniumDriver] [  822] - Test case being Executed: 7
[INFO ][2015-12-11 11:59:31,913][com.java.SeleniumDriver] [  833] - Test step:38
[INFO ][2015-12-11 11:59:31,913][com.java.SeleniumDriver] [  845] - Datavalue is----------null
[DEBUG][2015-12-11 11:59:31,913][com.java.SeleniumDriver] [  863] - Exception: null
[INFO ][2015-12-11 11:59:31,913][com.java.SeleniumDriver] [  869] - DataField : BTNparent
[INFO ][2015-12-11 11:59:31,913][com.java.SeleniumDriver] [  871] - DataValue : 
[INFO ][2015-12-11 11:59:31,913][com.java.SeleniumDriver] [  877] - <In Set values of the page>
[INFO ][2015-12-11 11:59:31,913][com.java.SeleniumDriver] [  880] - {Data Fields & Data Values Exist}
[INFO ][2015-12-11 11:59:31,913][com.java.SeleniumDriver] [  882] - --------------------------setting values-----------------------------
[INFO ][2015-12-11 11:59:31,913][com.java.SeleniumDriver] [  885] - Action Type : SelectFrame
[INFO ][2015-12-11 11:59:31,923][com.java.SeleniumDriver] [  894] -  RESULT true
[INFO ][2015-12-11 11:59:31,923][com.java.SeleniumDriver] [ 1100] - ?   P A S S   ?
[INFO ][2015-12-11 11:59:31,923][com.java.SeleniumDriver] [  821] - ------------------------------------------
[INFO ][2015-12-11 11:59:31,923][com.java.SeleniumDriver] [  822] - Test case being Executed: 7
[INFO ][2015-12-11 11:59:31,923][com.java.SeleniumDriver] [  833] - Test step:39
[INFO ][2015-12-11 11:59:31,923][com.java.SeleniumDriver] [  845] - Datavalue is----------null
[DEBUG][2015-12-11 11:59:31,923][com.java.SeleniumDriver] [  863] - Exception: null
[INFO ][2015-12-11 11:59:31,923][com.java.SeleniumDriver] [  869] - DataField : XPH//span[contains(text(), 'Finished')]
[INFO ][2015-12-11 11:59:31,923][com.java.SeleniumDriver] [  871] - DataValue : 
[INFO ][2015-12-11 11:59:31,923][com.java.SeleniumDriver] [  877] - <In Set values of the page>
[INFO ][2015-12-11 11:59:31,923][com.java.SeleniumDriver] [  880] - {Data Fields & Data Values Exist}
[INFO ][2015-12-11 11:59:31,923][com.java.SeleniumDriver] [  882] - --------------------------setting values-----------------------------
[INFO ][2015-12-11 11:59:31,923][com.java.SeleniumDriver] [  885] - Action Type : Click
[INFO ][2015-12-11 11:59:31,923][com.java.TestType] [ 5849] - Field ::XPH//span[contains(text(), 'Finished')]
[INFO ][2015-12-11 11:59:31,923][com.java.TestType] [ 5500] - value = 
[INFO ][2015-12-11 11:59:32,923][com.java.TestType] [ 5956] - BEFORE CLICK
[INFO ][2015-12-11 11:59:34,033][com.java.TestType] [ 5964] - Unable to click the object Finished button
[INFO ][2015-12-11 11:59:34,033][com.java.SeleniumDriver] [  894] -  RESULT true
[INFO ][2015-12-11 11:59:34,033][com.java.SeleniumDriver] [ 1100] - ?   P A S S   ?
[INFO ][2015-12-11 11:59:34,033][com.java.SeleniumDriver] [  821] - ------------------------------------------
[INFO ][2015-12-11 11:59:34,033][com.java.SeleniumDriver] [  822] - Test case being Executed: 7
[INFO ][2015-12-11 11:59:34,033][com.java.SeleniumDriver] [  833] - Test step:40
[INFO ][2015-12-11 11:59:34,033][com.java.SeleniumDriver] [  845] - Datavalue is----------Concept#3:1-2
[INFO ][2015-12-11 11:59:34,033][com.java.SeleniumDriver] [  869] - DataField : test
[INFO ][2015-12-11 11:59:34,033][com.java.SeleniumDriver] [  871] - DataValue : Concept#3:1-2
[INFO ][2015-12-11 11:59:34,033][com.java.SeleniumDriver] [  877] - <In Set values of the page>
[INFO ][2015-12-11 11:59:34,033][com.java.SeleniumDriver] [  880] - {Data Fields & Data Values Exist}
[INFO ][2015-12-11 11:59:34,033][com.java.SeleniumDriver] [  882] - --------------------------setting values-----------------------------
[INFO ][2015-12-11 11:59:34,033][com.java.SeleniumDriver] [  885] - Action Type : ExecuteTestCase
[INFO ][2015-12-11 11:59:34,033][com.java.TestType] [  436] - The Concept sheet name is ---------- Concept
[INFO ][2015-12-11 11:59:34,033][com.java.TestType] [  439] - The Concept ID  is ---------- 3
[DEBUG][2015-12-11 11:59:34,033][com.java.TestType] [  443] - Steps being executted in the Concept are: 1:2
[INFO ][2015-12-11 11:59:34,033][com.java.TestType] [  450] - Test data details path ---------- D:\BankersDashboard\TestInputs\TestData.xls
[INFO ][2015-12-11 11:59:34,065][com.java.TestType] [  481] -  str(1) = 3
[INFO ][2015-12-11 11:59:34,065][com.java.TestType] [  484] - Test case Id is---3
[INFO ][2015-12-11 11:59:34,065][com.java.TestType] [  486] - 3
[INFO ][2015-12-11 11:59:34,065][com.java.TestType] [  481] -  str(2) = 1
[INFO ][2015-12-11 11:59:34,065][com.java.TestType] [  533] - row values are--------{1=com.java.Objects.TestDataDetails@1b303ce}
[INFO ][2015-12-11 11:59:34,065][com.java.TestType] [  481] -  str(1) = 3
[INFO ][2015-12-11 11:59:34,065][com.java.TestType] [  484] - Test case Id is---3
[INFO ][2015-12-11 11:59:34,065][com.java.TestType] [  486] - 3
[INFO ][2015-12-11 11:59:34,065][com.java.TestType] [  481] -  str(2) = 2
[INFO ][2015-12-11 11:59:34,065][com.java.TestType] [  533] - row values are--------{1=com.java.Objects.TestDataDetails@1b303ce, 2=com.java.Objects.TestDataDetails@11136d3}
[INFO ][2015-12-11 11:59:34,065][com.java.TestType] [10074] - Looping 1TCID = 3
[DEBUG][2015-12-11 11:59:34,065][com.java.TestType] [10115] - Concept ID:3 :: Step being Executed: 3::1
[INFO ][2015-12-11 11:59:34,065][com.java.TestType] [10153] - dataFields : test
[DEBUG][2015-12-11 11:59:34,065][com.java.TestType] [10159] - <In Set values of the page>
[DEBUG][2015-12-11 11:59:34,065][com.java.TestType] [10164] - {Data Fields & Data Values Exist}
[INFO ][2015-12-11 11:59:34,065][com.java.TestType] [10170] - --------------------------setting values-----------------------------
[INFO ][2015-12-11 11:59:34,065][com.java.TestType] [10173] - Action Type : Logout
[INFO ][2015-12-11 11:59:36,427][com.java.TestType] [ 5849] - Field ::CNF
[INFO ][2015-12-11 11:59:36,427][com.java.TestType] [ 5500] - value = OK
[INFO ][2015-12-11 11:59:38,734][com.java.TestType] [ 5952] - Click the object confirmation
[INFO ][2015-12-11 11:59:38,734][com.java.TestType] [ 5953] - Unable to click the object confirmation
[DEBUG][2015-12-11 11:59:39,952][com.java.SeleniumDriver] [  426] - Hub ip address is-------172.17.68.34
[INFO ][2015-12-11 11:59:39,952][com.java.SeleniumDriver] [  452] - Grid URL:http://172.17.68.34:4444/wd/hub
[INFO ][2015-12-11 11:59:39,952][com.java.SeleniumDriver] [  453] - Capability:Capabilities [{platform=ANY, ensureCleanSession=true, ignoreProtectedModeSettings=true, acceptSslCerts=true, ignoreZoomSetting=true, browserName=internet explorer, browserstack.ie.noFlash=true, version=null}]
[ERROR][2015-12-11 11:59:40,963][com.java.SeleniumDriver] [  497] - Unable invoke browser in grid:Could not start a new session. Possible causes are invalid address of the remote server or browser start-up failure.
Build info: version: '2.48.2', revision: '41bccdd', time: '2015-10-09 19:59:12'
System info: host: 'FVTIII438F1D', ip: '172.17.68.34', os.name: 'Windows 7', os.arch: 'x86', os.version: '6.1', java.version: '1.7.0_55'
Driver info: driver.version: SeleniumDriver
[INFO ][2015-12-11 11:59:40,963][com.java.SeleniumDriver] [  499] - Executing on local machine
[INFO ][2015-12-11 11:59:50,752][com.java.TestType] [10192] -  RESULT true
[INFO ][2015-12-11 11:59:50,752][com.java.TestType] [10309] - ?   P A S S   ?
[DEBUG][2015-12-11 11:59:50,752][com.java.TestType] [10115] - Concept ID:3 :: Step being Executed: 3::2
[INFO ][2015-12-11 11:59:50,752][com.java.TestType] [10153] - dataFields : test
[DEBUG][2015-12-11 11:59:50,752][com.java.TestType] [10159] - <In Set values of the page>
[DEBUG][2015-12-11 11:59:50,752][com.java.TestType] [10164] - {Data Fields & Data Values Exist}
[INFO ][2015-12-11 11:59:50,752][com.java.TestType] [10170] - --------------------------setting values-----------------------------
[INFO ][2015-12-11 11:59:50,752][com.java.TestType] [10173] - Action Type : WaitTime
[DEBUG][2015-12-11 11:59:50,752][com.java.TestType] [ 5320] - sleepTime: 2000
[INFO ][2015-12-11 11:59:52,753][com.java.TestType] [10192] -  RESULT true
[INFO ][2015-12-11 11:59:52,753][com.java.TestType] [10309] - ?   P A S S   ?
[INFO ][2015-12-11 11:59:52,753][com.java.TestType] [10380] - Looping End......
[INFO ][2015-12-11 11:59:52,753][com.java.SeleniumDriver] [  894] -  RESULT true
[INFO ][2015-12-11 11:59:52,753][com.java.SeleniumDriver] [ 1100] - ?   P A S S   ?
[INFO ][2015-12-11 11:59:52,753][com.java.SeleniumDriver] [  821] - ------------------------------------------
[INFO ][2015-12-11 11:59:52,753][com.java.SeleniumDriver] [  822] - Test case being Executed: 7
[INFO ][2015-12-11 11:59:52,753][com.java.SeleniumDriver] [  833] - Test step:41
[INFO ][2015-12-11 11:59:52,753][com.java.SeleniumDriver] [  845] - Datavalue is----------HMVLogin_username
[INFO ][2015-12-11 11:59:52,753][com.java.SeleniumDriver] [  869] - DataField : TXTusername
[INFO ][2015-12-11 11:59:52,753][com.java.SeleniumDriver] [  871] - DataValue : HMVLogin_username
[INFO ][2015-12-11 11:59:52,753][com.java.SeleniumDriver] [  877] - <In Set values of the page>
[INFO ][2015-12-11 11:59:52,753][com.java.SeleniumDriver] [  880] - {Data Fields & Data Values Exist}
[INFO ][2015-12-11 11:59:52,753][com.java.SeleniumDriver] [  882] - --------------------------setting values-----------------------------
[INFO ][2015-12-11 11:59:52,753][com.java.SeleniumDriver] [  885] - Action Type : CLEARANDENTER
[INFO ][2015-12-11 11:59:52,753][com.java.TestType] [ 5500] - value = vltest.robot.15019
[INFO ][2015-12-11 11:59:57,496][com.java.SeleniumDriver] [  894] -  RESULT true
[INFO ][2015-12-11 11:59:57,496][com.java.SeleniumDriver] [ 1100] - ?   P A S S   ?
[INFO ][2015-12-11 11:59:57,496][com.java.SeleniumDriver] [  821] - ------------------------------------------
[INFO ][2015-12-11 11:59:57,496][com.java.SeleniumDriver] [  822] - Test case being Executed: 7
[INFO ][2015-12-11 11:59:57,496][com.java.SeleniumDriver] [  833] - Test step:42
[INFO ][2015-12-11 11:59:57,496][com.java.SeleniumDriver] [  845] - Datavalue is----------dt:NewUserPswd
[INFO ][2015-12-11 11:59:57,506][com.java.SeleniumDriver] [  869] - DataField : TXTpassword
[INFO ][2015-12-11 11:59:57,506][com.java.SeleniumDriver] [  871] - DataValue : dt:NewUserPswd
[INFO ][2015-12-11 11:59:57,506][com.java.SeleniumDriver] [  877] - <In Set values of the page>
[INFO ][2015-12-11 11:59:57,506][com.java.SeleniumDriver] [  880] - {Data Fields & Data Values Exist}
[INFO ][2015-12-11 11:59:57,506][com.java.SeleniumDriver] [  882] - --------------------------setting values-----------------------------
[INFO ][2015-12-11 11:59:57,506][com.java.SeleniumDriver] [  885] - Action Type : CLEARANDENTER
[INFO ][2015-12-11 11:59:57,506][com.java.TestType] [ 5500] - value = Password1*
[INFO ][2015-12-11 12:00:02,363][com.java.SeleniumDriver] [  894] -  RESULT true
[INFO ][2015-12-11 12:00:02,363][com.java.SeleniumDriver] [ 1100] - ?   P A S S   ?
[INFO ][2015-12-11 12:00:02,363][com.java.SeleniumDriver] [  821] - ------------------------------------------
[INFO ][2015-12-11 12:00:02,363][com.java.SeleniumDriver] [  822] - Test case being Executed: 7
[INFO ][2015-12-11 12:00:02,363][com.java.SeleniumDriver] [  833] - Test step:43
[INFO ][2015-12-11 12:00:02,363][com.java.SeleniumDriver] [  845] - Datavalue is----------null
[DEBUG][2015-12-11 12:00:02,363][com.java.SeleniumDriver] [  863] - Exception: null
[INFO ][2015-12-11 12:00:02,363][com.java.SeleniumDriver] [  869] - DataField : XPH//button[@type='submit']
[INFO ][2015-12-11 12:00:02,363][com.java.SeleniumDriver] [  871] - DataValue : 
[INFO ][2015-12-11 12:00:02,363][com.java.SeleniumDriver] [  877] - <In Set values of the page>
[INFO ][2015-12-11 12:00:02,363][com.java.SeleniumDriver] [  880] - {Data Fields & Data Values Exist}
[INFO ][2015-12-11 12:00:02,363][com.java.SeleniumDriver] [  882] - --------------------------setting values-----------------------------
[INFO ][2015-12-11 12:00:02,363][com.java.SeleniumDriver] [  885] - Action Type : Click
[INFO ][2015-12-11 12:00:02,363][com.java.TestType] [ 5849] - Field ::XPH//button[@type='submit']
[INFO ][2015-12-11 12:00:02,363][com.java.TestType] [ 5500] - value = 
[INFO ][2015-12-11 12:00:03,363][com.java.TestType] [ 5956] - BEFORE CLICK
[INFO ][2015-12-11 12:00:04,138][com.java.TestType] [ 5964] - Unable to click the object Login
[INFO ][2015-12-11 12:00:04,138][com.java.SeleniumDriver] [  894] -  RESULT true
[INFO ][2015-12-11 12:00:04,138][com.java.SeleniumDriver] [ 1100] - ?   P A S S   ?
[INFO ][2015-12-11 12:00:04,138][com.java.SeleniumDriver] [  821] - ------------------------------------------
[INFO ][2015-12-11 12:00:04,138][com.java.SeleniumDriver] [  822] - Test case being Executed: 7
[INFO ][2015-12-11 12:00:04,138][com.java.SeleniumDriver] [  833] - Test step:44
[INFO ][2015-12-11 12:00:04,138][com.java.SeleniumDriver] [  845] - Datavalue is----------20
[INFO ][2015-12-11 12:00:04,138][com.java.SeleniumDriver] [  869] - DataField : test
[INFO ][2015-12-11 12:00:04,138][com.java.SeleniumDriver] [  871] - DataValue : 20
[INFO ][2015-12-11 12:00:04,138][com.java.SeleniumDriver] [  877] - <In Set values of the page>
[INFO ][2015-12-11 12:00:04,138][com.java.SeleniumDriver] [  880] - {Data Fields & Data Values Exist}
[INFO ][2015-12-11 12:00:04,138][com.java.SeleniumDriver] [  882] - --------------------------setting values-----------------------------
[INFO ][2015-12-11 12:00:04,138][com.java.SeleniumDriver] [  885] - Action Type : WaitTime
[DEBUG][2015-12-11 12:00:04,138][com.java.TestType] [ 5320] - sleepTime: 20000
[INFO ][2015-12-11 12:00:24,160][com.java.SeleniumDriver] [  894] -  RESULT true
[INFO ][2015-12-11 12:00:24,160][com.java.SeleniumDriver] [ 1100] - ?   P A S S   ?
[INFO ][2015-12-11 12:00:24,160][com.java.SeleniumDriver] [  821] - ------------------------------------------
[INFO ][2015-12-11 12:00:24,160][com.java.SeleniumDriver] [  822] - Test case being Executed: 7
[INFO ][2015-12-11 12:00:24,160][com.java.SeleniumDriver] [  833] - Test step:45
[INFO ][2015-12-11 12:00:24,160][com.java.SeleniumDriver] [  845] - Datavalue is----------Banker'sDashboard
[INFO ][2015-12-11 12:00:24,160][com.java.SeleniumDriver] [  869] - DataField : TTL
[INFO ][2015-12-11 12:00:24,160][com.java.SeleniumDriver] [  871] - DataValue : Banker'sDashboard
[INFO ][2015-12-11 12:00:24,160][com.java.SeleniumDriver] [  877] - <In Set values of the page>
[INFO ][2015-12-11 12:00:24,160][com.java.SeleniumDriver] [  880] - {Data Fields & Data Values Exist}
[INFO ][2015-12-11 12:00:24,160][com.java.SeleniumDriver] [  882] - --------------------------setting values-----------------------------
[INFO ][2015-12-11 12:00:24,160][com.java.SeleniumDriver] [  885] - Action Type : SelectWindow
[INFO ][2015-12-11 12:00:36,757][com.java.SeleniumDriver] [  894] -  RESULT true
[INFO ][2015-12-11 12:00:36,757][com.java.SeleniumDriver] [ 1100] - ?   P A S S   ?
[INFO ][2015-12-11 12:00:36,757][com.java.SeleniumDriver] [  821] - ------------------------------------------
[INFO ][2015-12-11 12:00:36,757][com.java.SeleniumDriver] [  822] - Test case being Executed: 7
[INFO ][2015-12-11 12:00:36,757][com.java.SeleniumDriver] [  833] - Test step:46
[INFO ][2015-12-11 12:00:36,757][com.java.SeleniumDriver] [  845] - Datavalue is----------20
[INFO ][2015-12-11 12:00:36,757][com.java.SeleniumDriver] [  869] - DataField : test
[INFO ][2015-12-11 12:00:36,757][com.java.SeleniumDriver] [  871] - DataValue : 20
[INFO ][2015-12-11 12:00:36,757][com.java.SeleniumDriver] [  877] - <In Set values of the page>
[INFO ][2015-12-11 12:00:36,757][com.java.SeleniumDriver] [  880] - {Data Fields & Data Values Exist}
[INFO ][2015-12-11 12:00:36,757][com.java.SeleniumDriver] [  882] - --------------------------setting values-----------------------------
[INFO ][2015-12-11 12:00:36,757][com.java.SeleniumDriver] [  885] - Action Type : WaitTime
[DEBUG][2015-12-11 12:00:36,757][com.java.TestType] [ 5320] - sleepTime: 20000
[INFO ][2015-12-11 12:00:56,757][com.java.SeleniumDriver] [  894] -  RESULT true
[INFO ][2015-12-11 12:00:56,757][com.java.SeleniumDriver] [ 1100] - ?   P A S S   ?
[INFO ][2015-12-11 12:00:56,757][com.java.SeleniumDriver] [  821] - ------------------------------------------
[INFO ][2015-12-11 12:00:56,757][com.java.SeleniumDriver] [  822] - Test case being Executed: 7
[INFO ][2015-12-11 12:00:56,757][com.java.SeleniumDriver] [  833] - Test step:47
[INFO ][2015-12-11 12:00:56,757][com.java.SeleniumDriver] [  845] - Datavalue is----------null
[DEBUG][2015-12-11 12:00:56,757][com.java.SeleniumDriver] [  863] - Exception: null
[INFO ][2015-12-11 12:00:56,757][com.java.SeleniumDriver] [  869] - DataField : //span[@class='icon-stack']&&//a[@data-id="SetupPackage"]
[INFO ][2015-12-11 12:00:56,757][com.java.SeleniumDriver] [  871] - DataValue : 
[INFO ][2015-12-11 12:00:56,757][com.java.SeleniumDriver] [  877] - <In Set values of the page>
[INFO ][2015-12-11 12:00:56,757][com.java.SeleniumDriver] [  880] - {Data Fields & Data Values Exist}
[INFO ][2015-12-11 12:00:56,757][com.java.SeleniumDriver] [  882] - --------------------------setting values-----------------------------
[INFO ][2015-12-11 12:00:56,757][com.java.SeleniumDriver] [  885] - Action Type : MOUSEOVER
[INFO ][2015-12-11 12:01:19,737][com.java.SeleniumDriver] [  894] -  RESULT true
[INFO ][2015-12-11 12:01:19,737][com.java.SeleniumDriver] [ 1100] - ?   P A S S   ?
[INFO ][2015-12-11 12:01:19,737][com.java.SeleniumDriver] [  821] - ------------------------------------------
[INFO ][2015-12-11 12:01:19,737][com.java.SeleniumDriver] [  822] - Test case being Executed: 7
[INFO ][2015-12-11 12:01:19,737][com.java.SeleniumDriver] [  833] - Test step:48
[INFO ][2015-12-11 12:01:19,737][com.java.SeleniumDriver] [  845] - Datavalue is----------5
[INFO ][2015-12-11 12:01:19,737][com.java.SeleniumDriver] [  869] - DataField : BTNdivHelpText
[INFO ][2015-12-11 12:01:19,737][com.java.SeleniumDriver] [  871] - DataValue : 5
[INFO ][2015-12-11 12:01:19,737][com.java.SeleniumDriver] [  877] - <In Set values of the page>
[INFO ][2015-12-11 12:01:19,737][com.java.SeleniumDriver] [  880] - {Data Fields & Data Values Exist}
[INFO ][2015-12-11 12:01:19,737][com.java.SeleniumDriver] [  882] - --------------------------setting values-----------------------------
[INFO ][2015-12-11 12:01:19,737][com.java.SeleniumDriver] [  885] - Action Type : WAITFORELEMENT
[INFO ][2015-12-11 12:01:20,908][com.java.SeleniumDriver] [  894] -  RESULT true
[INFO ][2015-12-11 12:01:20,908][com.java.SeleniumDriver] [ 1100] - ?   P A S S   ?
[INFO ][2015-12-11 12:01:20,908][com.java.SeleniumDriver] [  821] - ------------------------------------------
[INFO ][2015-12-11 12:01:20,908][com.java.SeleniumDriver] [  822] - Test case being Executed: 7
[INFO ][2015-12-11 12:01:20,908][com.java.SeleniumDriver] [  833] - Test step:49
[INFO ][2015-12-11 12:01:20,908][com.java.SeleniumDriver] [  845] - Datavalue is----------null
[DEBUG][2015-12-11 12:01:20,908][com.java.SeleniumDriver] [  863] - Exception: null
[INFO ][2015-12-11 12:01:20,908][com.java.SeleniumDriver] [  869] - DataField : BTNframeDialogContent
[INFO ][2015-12-11 12:01:20,908][com.java.SeleniumDriver] [  871] - DataValue : 
[INFO ][2015-12-11 12:01:20,908][com.java.SeleniumDriver] [  877] - <In Set values of the page>
[INFO ][2015-12-11 12:01:20,908][com.java.SeleniumDriver] [  880] - {Data Fields & Data Values Exist}
[INFO ][2015-12-11 12:01:20,908][com.java.SeleniumDriver] [  882] - --------------------------setting values-----------------------------
[INFO ][2015-12-11 12:01:20,908][com.java.SeleniumDriver] [  885] - Action Type : SELECTFRAME
[INFO ][2015-12-11 12:01:22,110][com.java.SeleniumDriver] [  894] -  RESULT true
[INFO ][2015-12-11 12:01:22,110][com.java.SeleniumDriver] [ 1100] - ?   P A S S   ?
[INFO ][2015-12-11 12:01:22,110][com.java.SeleniumDriver] [  821] - ------------------------------------------
[INFO ][2015-12-11 12:01:22,110][com.java.SeleniumDriver] [  822] - Test case being Executed: 7
[INFO ][2015-12-11 12:01:22,110][com.java.SeleniumDriver] [  833] - Test step:50
[INFO ][2015-12-11 12:01:22,110][com.java.SeleniumDriver] [  845] - Datavalue is----------//div[@class='ui-widget-content']/div/button
[INFO ][2015-12-11 12:01:22,110][com.java.SeleniumDriver] [  869] - DataField : BTN
[INFO ][2015-12-11 12:01:22,110][com.java.SeleniumDriver] [  871] - DataValue : //div[@class='ui-widget-content']/div/button
[INFO ][2015-12-11 12:01:22,110][com.java.SeleniumDriver] [  877] - <In Set values of the page>
[INFO ][2015-12-11 12:01:22,110][com.java.SeleniumDriver] [  880] - {Data Fields & Data Values Exist}
[INFO ][2015-12-11 12:01:22,110][com.java.SeleniumDriver] [  882] - --------------------------setting values-----------------------------
[INFO ][2015-12-11 12:01:22,110][com.java.SeleniumDriver] [  885] - Action Type : VERIFY
[INFO ][2015-12-11 12:01:22,110][com.java.TestType] [ 6762] - field= BTN value= //div[@class='ui-widget-content']/div/button
[INFO ][2015-12-11 12:01:22,110][com.java.TestType] [ 5500] - value = //div[@class='ui-widget-content']/div/button
[INFO ][2015-12-11 12:01:22,150][com.java.SeleniumDriver] [  894] -  RESULT true
[INFO ][2015-12-11 12:01:22,150][com.java.SeleniumDriver] [ 1100] - ?   P A S S   ?
[INFO ][2015-12-11 12:01:22,150][com.java.SeleniumDriver] [  821] - ------------------------------------------
[INFO ][2015-12-11 12:01:22,150][com.java.SeleniumDriver] [  822] - Test case being Executed: 7
[INFO ][2015-12-11 12:01:22,150][com.java.SeleniumDriver] [  833] - Test step:51
[INFO ][2015-12-11 12:01:22,150][com.java.SeleniumDriver] [  845] - Datavalue is----------3
[INFO ][2015-12-11 12:01:22,150][com.java.SeleniumDriver] [  869] - DataField : XPH//span[@class='glyphicon glyphicon-plus']
[INFO ][2015-12-11 12:01:22,150][com.java.SeleniumDriver] [  871] - DataValue : 3
[INFO ][2015-12-11 12:01:22,150][com.java.SeleniumDriver] [  877] - <In Set values of the page>
[INFO ][2015-12-11 12:01:22,150][com.java.SeleniumDriver] [  880] - {Data Fields & Data Values Exist}
[INFO ][2015-12-11 12:01:22,150][com.java.SeleniumDriver] [  882] - --------------------------setting values-----------------------------
[INFO ][2015-12-11 12:01:22,150][com.java.SeleniumDriver] [  885] - Action Type : WAITFORELEMENT
[INFO ][2015-12-11 12:01:22,170][com.java.SeleniumDriver] [  894] -  RESULT true
[INFO ][2015-12-11 12:01:22,170][com.java.SeleniumDriver] [ 1100] - ?   P A S S   ?
[INFO ][2015-12-11 12:01:22,170][com.java.SeleniumDriver] [  821] - ------------------------------------------
[INFO ][2015-12-11 12:01:22,170][com.java.SeleniumDriver] [  822] - Test case being Executed: 7
[INFO ][2015-12-11 12:01:22,170][com.java.SeleniumDriver] [  833] - Test step:52
[INFO ][2015-12-11 12:01:22,170][com.java.SeleniumDriver] [  845] - Datavalue is----------null
[DEBUG][2015-12-11 12:01:22,170][com.java.SeleniumDriver] [  863] - Exception: null
[INFO ][2015-12-11 12:01:22,170][com.java.SeleniumDriver] [  869] - DataField : XPH//span[@class='glyphicon glyphicon-plus']
[INFO ][2015-12-11 12:01:22,170][com.java.SeleniumDriver] [  871] - DataValue : 
[INFO ][2015-12-11 12:01:22,170][com.java.SeleniumDriver] [  877] - <In Set values of the page>
[INFO ][2015-12-11 12:01:22,170][com.java.SeleniumDriver] [  880] - {Data Fields & Data Values Exist}
[INFO ][2015-12-11 12:01:22,170][com.java.SeleniumDriver] [  882] - --------------------------setting values-----------------------------
[INFO ][2015-12-11 12:01:22,170][com.java.SeleniumDriver] [  885] - Action Type : CLICK
[INFO ][2015-12-11 12:01:22,170][com.java.TestType] [ 5849] - Field ::XPH//span[@class='glyphicon glyphicon-plus']
[INFO ][2015-12-11 12:01:22,170][com.java.TestType] [ 5500] - value = 
[INFO ][2015-12-11 12:01:23,170][com.java.TestType] [ 5956] - BEFORE CLICK
[INFO ][2015-12-11 12:01:23,910][com.java.TestType] [ 5964] - Unable to click the object +' Button
[INFO ][2015-12-11 12:01:23,910][com.java.SeleniumDriver] [  894] -  RESULT true
[INFO ][2015-12-11 12:01:23,910][com.java.SeleniumDriver] [ 1100] - ?   P A S S   ?
[INFO ][2015-12-11 12:01:23,910][com.java.SeleniumDriver] [  821] - ------------------------------------------
[INFO ][2015-12-11 12:01:23,910][com.java.SeleniumDriver] [  822] - Test case being Executed: 7
[INFO ][2015-12-11 12:01:23,910][com.java.SeleniumDriver] [  833] - Test step:53
[INFO ][2015-12-11 12:01:23,910][com.java.SeleniumDriver] [  845] - Datavalue is----------3
[INFO ][2015-12-11 12:01:23,910][com.java.SeleniumDriver] [  869] - DataField : XPH//span[@class='dlg_Label']
[INFO ][2015-12-11 12:01:23,910][com.java.SeleniumDriver] [  871] - DataValue : 3
[INFO ][2015-12-11 12:01:23,910][com.java.SeleniumDriver] [  877] - <In Set values of the page>
[INFO ][2015-12-11 12:01:23,910][com.java.SeleniumDriver] [  880] - {Data Fields & Data Values Exist}
[INFO ][2015-12-11 12:01:23,910][com.java.SeleniumDriver] [  882] - --------------------------setting values-----------------------------
[INFO ][2015-12-11 12:01:23,910][com.java.SeleniumDriver] [  885] - Action Type : WAITFORELEMENT
[INFO ][2015-12-11 12:01:23,931][com.java.SeleniumDriver] [  894] -  RESULT true
[INFO ][2015-12-11 12:01:23,931][com.java.SeleniumDriver] [ 1100] - ?   P A S S   ?
[INFO ][2015-12-11 12:01:23,931][com.java.SeleniumDriver] [  821] - ------------------------------------------
[INFO ][2015-12-11 12:01:23,931][com.java.SeleniumDriver] [  822] - Test case being Executed: 7
[INFO ][2015-12-11 12:01:23,931][com.java.SeleniumDriver] [  833] - Test step:54
[INFO ][2015-12-11 12:01:23,931][com.java.SeleniumDriver] [  845] - Datavalue is----------Package Name
[INFO ][2015-12-11 12:01:23,931][com.java.SeleniumDriver] [  869] - DataField : XPH//span[@class='dlg_Label']
[INFO ][2015-12-11 12:01:23,931][com.java.SeleniumDriver] [  871] - DataValue : Package Name
[INFO ][2015-12-11 12:01:23,931][com.java.SeleniumDriver] [  877] - <In Set values of the page>
[INFO ][2015-12-11 12:01:23,931][com.java.SeleniumDriver] [  880] - {Data Fields & Data Values Exist}
[INFO ][2015-12-11 12:01:23,931][com.java.SeleniumDriver] [  882] - --------------------------setting values-----------------------------
[INFO ][2015-12-11 12:01:23,931][com.java.SeleniumDriver] [  885] - Action Type : VERIFY
[INFO ][2015-12-11 12:01:23,931][com.java.TestType] [ 6762] - field= XPH//span[@class='dlg_Label'] value= Package Name
[INFO ][2015-12-11 12:01:23,931][com.java.TestType] [ 5500] - value = Package Name
[ERROR][2015-12-11 12:01:24,041][com.java.TestType] [ 7250] - Element  not found :Package Name
[INFO ][2015-12-11 12:01:24,041][com.java.SeleniumDriver] [  894] -  RESULT false
[INFO ][2015-12-11 12:01:24,041][com.java.SeleniumDriver] [  941] - ?   F A I L   ?
[INFO ][2015-12-11 12:01:24,041][com.java.SeleniumDriver] [  949] - Browser Type : IE10
[INFO ][2015-12-11 12:01:24,041][com.java.SeleniumDriver] [  950] - Adding Failed case7
[INFO ][2015-12-11 12:01:24,041][com.java.SeleniumDriver] [  969] - Directory Created
[INFO ][2015-12-11 12:01:25,251][com.java.SeleniumDriver] [ 1064] - failedCases = 7
[ERROR][2015-12-11 12:01:25,251][com.java.SeleniumDriver] [ 1561] - Platform Errors : Our apologies...::We have encountered an issue with your request.::Our apologies?:We encountered an issue with your request.
[INFO ][2015-12-11 12:01:25,251][com.java.SeleniumDriver] [ 1565] - Length =3
[ERROR][2015-12-11 12:01:25,251][com.java.SeleniumDriver] [ 1568] - Error 0 = Our apologies...
[ERROR][2015-12-11 12:01:25,282][com.java.SeleniumDriver] [ 1568] - Error 1 = We have encountered an issue with your request.
[ERROR][2015-12-11 12:01:25,292][com.java.SeleniumDriver] [ 1568] - Error 2 = Our apologies?:We encountered an issue with your request.
[INFO ][2015-12-11 12:01:25,302][com.java.SeleniumDriver] [ 1579] - strError:
[DEBUG][2015-12-11 12:01:25,312][com.java.SeleniumDriver] [ 1212] - Case found
[DEBUG][2015-12-11 12:01:25,312][com.java.SeleniumDriver] [ 1217] - Incrementing ReportCounters[0]:2
[INFO ][2015-12-11 12:01:25,312][com.java.SeleniumDriver] [ 1236] - The results are-------------------[7, 54, Report Packages: Add Board Report Package then Revoke Priviledges, Fail, 
Test case failed at Step No. :: 54   Error Message ::  Element not found:Package Name. Screen Shot : D:\BankersDashboard\TestReports\121115\7_121115_120124_IE10.png, Fri Dec 11 12:01:25 IST 2015]
[INFO ][2015-12-11 12:01:25,312][com.java.SeleniumDriver] [ 1240] - End time is-------8 min 4 sec
[INFO ][2015-12-11 12:01:25,312][com.java.SeleniumDriver] [ 1241] - The results are-------------------[7, 54, Report Packages: Add Board Report Package then Revoke Priviledges, Fail, 
Test case failed at Step No. :: 54   Error Message ::  Element not found:Package Name. Screen Shot : D:\BankersDashboard\TestReports\121115\7_121115_120124_IE10.png, Fri Dec 11 12:01:25 IST 2015]
[DEBUG][2015-12-11 12:01:25,312][com.java.ImportnExport.ExportTestResultsExcel] [  222] - testResultPath = D:\BankersDashboard/TestReports/Test Results_BankersDashBoard_121115_115322_IE10_First Bank.xls
[DEBUG][2015-12-11 12:01:25,312][com.java.ImportnExport.ExportTestResultsExcel] [  223] - browser is------------IE10
[DEBUG][2015-12-11 12:01:25,312][com.java.ImportnExport.ExportTestResultsExcel] [  270] - result.size() = 6
[DEBUG][2015-12-11 12:01:25,312][com.java.ImportnExport.ExportTestResultsExcel] [  274] - No of rows in sheet=2
[DEBUG][2015-12-11 12:01:25,312][com.java.ImportnExport.ExportTestResultsExcel] [  301] - ..in export..7
[DEBUG][2015-12-11 12:01:25,312][com.java.ImportnExport.ExportTestResultsExcel] [  301] - ..in export..Report Packages: Add Board Report Package then Revoke Priviledges
[DEBUG][2015-12-11 12:01:25,312][com.java.ImportnExport.ExportTestResultsExcel] [  301] - ..in export..Fail
[DEBUG][2015-12-11 12:01:25,312][com.java.ImportnExport.ExportTestResultsExcel] [  301] - ..in export..
Test case failed at Step No. :: 54   Error Message ::  Element not found:Package Name. Screen Shot : D:\BankersDashboard\TestReports\121115\7_121115_120124_IE10.png
[DEBUG][2015-12-11 12:01:25,312][com.java.ImportnExport.ExportTestResultsExcel] [  301] - ..in export..Fri Dec 11 12:01:25 IST 2015
[INFO ][2015-12-11 12:01:25,312][com.java.SeleniumDriver] [ 1299] - out loop:1 size:4 TestCases:[1, 7, 8, 9] testcases:[1, 7, 8, 9]
[INFO ][2015-12-11 12:01:25,312][com.java.ImportnExport.ImportTestDataDetailsExcel] [   49] - test data details path===== D:\BankersDashboard\TestInputs\TestData.xls
[INFO ][2015-12-11 12:01:51,223][com.java.SeleniumDriver] [  821] - ------------------------------------------
[INFO ][2015-12-11 12:01:51,223][com.java.SeleniumDriver] [  822] - Test case being Executed: 8
[INFO ][2015-12-11 12:01:51,223][com.java.SeleniumDriver] [  833] - Test step:1
[INFO ][2015-12-11 12:01:51,223][com.java.SeleniumDriver] [  845] - Datavalue is----------Logout
[INFO ][2015-12-11 12:01:51,223][com.java.SeleniumDriver] [  869] - DataField : BTN
[INFO ][2015-12-11 12:01:51,223][com.java.SeleniumDriver] [  871] - DataValue : Logout
[INFO ][2015-12-11 12:01:51,223][com.java.SeleniumDriver] [  877] - <In Set values of the page>
[INFO ][2015-12-11 12:01:51,223][com.java.SeleniumDriver] [  880] - {Data Fields & Data Values Exist}
[INFO ][2015-12-11 12:01:51,223][com.java.SeleniumDriver] [  882] - --------------------------setting values-----------------------------
[INFO ][2015-12-11 12:01:51,223][com.java.SeleniumDriver] [  885] - Action Type : Verify
[INFO ][2015-12-11 12:01:51,223][com.java.TestType] [ 6762] - field= BTN value= Logout
[INFO ][2015-12-11 12:01:51,223][com.java.TestType] [ 5500] - value = Logout
[INFO ][2015-12-11 12:01:51,294][com.java.SeleniumDriver] [  894] -  RESULT true
[INFO ][2015-12-11 12:01:51,294][com.java.SeleniumDriver] [ 1100] - ?   P A S S   ?
[INFO ][2015-12-11 12:01:51,294][com.java.SeleniumDriver] [ 1142] - step change to 3
[INFO ][2015-12-11 12:01:51,294][com.java.SeleniumDriver] [  821] - ------------------------------------------
[INFO ][2015-12-11 12:01:51,294][com.java.SeleniumDriver] [  822] - Test case being Executed: 8
[INFO ][2015-12-11 12:01:51,294][com.java.SeleniumDriver] [  833] - Test step:3
[INFO ][2015-12-11 12:01:51,294][com.java.SeleniumDriver] [  845] - Datavalue is----------Concept#2:1-2
[INFO ][2015-12-11 12:01:51,294][com.java.SeleniumDriver] [  869] - DataField : test
[INFO ][2015-12-11 12:01:51,294][com.java.SeleniumDriver] [  871] - DataValue : Concept#2:1-2
[INFO ][2015-12-11 12:01:51,294][com.java.SeleniumDriver] [  877] - <In Set values of the page>
[INFO ][2015-12-11 12:01:51,294][com.java.SeleniumDriver] [  880] - {Data Fields & Data Values Exist}
[INFO ][2015-12-11 12:01:51,294][com.java.SeleniumDriver] [  882] - --------------------------setting values-----------------------------
[INFO ][2015-12-11 12:01:51,294][com.java.SeleniumDriver] [  885] - Action Type : ExecuteTestCase
[INFO ][2015-12-11 12:01:51,294][com.java.TestType] [  436] - The Concept sheet name is ---------- Concept
[INFO ][2015-12-11 12:01:51,294][com.java.TestType] [  439] - The Concept ID  is ---------- 2
[DEBUG][2015-12-11 12:01:51,294][com.java.TestType] [  443] - Steps being executted in the Concept are: 1:2
[INFO ][2015-12-11 12:01:51,294][com.java.TestType] [  450] - Test data details path ---------- D:\BankersDashboard\TestInputs\TestData.xls
[INFO ][2015-12-11 12:01:51,324][com.java.TestType] [  481] -  str(1) = 2
[INFO ][2015-12-11 12:01:51,324][com.java.TestType] [  484] - Test case Id is---2
[INFO ][2015-12-11 12:01:51,324][com.java.TestType] [  486] - 2
[INFO ][2015-12-11 12:01:51,324][com.java.TestType] [  481] -  str(2) = 1
[INFO ][2015-12-11 12:01:51,324][com.java.TestType] [  533] - row values are--------{1=com.java.Objects.TestDataDetails@4da3e3}
[INFO ][2015-12-11 12:01:51,324][com.java.TestType] [  481] -  str(1) = 2
[INFO ][2015-12-11 12:01:51,324][com.java.TestType] [  484] - Test case Id is---2
[INFO ][2015-12-11 12:01:51,324][com.java.TestType] [  486] - 2
[INFO ][2015-12-11 12:01:51,324][com.java.TestType] [  481] -  str(2) = 2
[INFO ][2015-12-11 12:01:51,324][com.java.TestType] [  533] - row values are--------{1=com.java.Objects.TestDataDetails@4da3e3, 2=com.java.Objects.TestDataDetails@2bf2a0}
[INFO ][2015-12-11 12:01:51,324][com.java.TestType] [  481] -  str(1) = 2
[INFO ][2015-12-11 12:01:51,324][com.java.TestType] [  484] - Test case Id is---2
[INFO ][2015-12-11 12:01:51,324][com.java.TestType] [  486] - 2
[INFO ][2015-12-11 12:01:51,324][com.java.TestType] [  481] -  str(2) = 3
[INFO ][2015-12-11 12:01:51,324][com.java.TestType] [  533] - row values are--------{1=com.java.Objects.TestDataDetails@4da3e3, 2=com.java.Objects.TestDataDetails@2bf2a0, 3=com.java.Objects.TestDataDetails@1e2105f}
[INFO ][2015-12-11 12:01:51,324][com.java.TestType] [10074] - Looping 1TCID = 2
[DEBUG][2015-12-11 12:01:51,324][com.java.TestType] [10115] - Concept ID:2 :: Step being Executed: 2::1
[INFO ][2015-12-11 12:01:51,324][com.java.TestType] [10153] - dataFields : BNK//select[@id='bank']
[DEBUG][2015-12-11 12:01:51,324][com.java.TestType] [10159] - <In Set values of the page>
[DEBUG][2015-12-11 12:01:51,324][com.java.TestType] [10164] - {Data Fields & Data Values Exist}
[INFO ][2015-12-11 12:01:51,324][com.java.TestType] [10170] - --------------------------setting values-----------------------------
[INFO ][2015-12-11 12:01:51,324][com.java.TestType] [10173] - Action Type : Select
[INFO ][2015-12-11 12:01:51,324][com.java.TestType] [ 5500] - value = PFC
[INFO ][2015-12-11 12:01:51,504][com.java.TestType] [10192] -  RESULT true
[INFO ][2015-12-11 12:01:51,504][com.java.TestType] [10309] - ?   P A S S   ?
[DEBUG][2015-12-11 12:01:51,504][com.java.TestType] [10115] - Concept ID:2 :: Step being Executed: 2::2
[INFO ][2015-12-11 12:01:51,504][com.java.TestType] [10153] - dataFields : LNKLogout
[DEBUG][2015-12-11 12:01:51,504][com.java.TestType] [10159] - <In Set values of the page>
[DEBUG][2015-12-11 12:01:51,504][com.java.TestType] [10164] - {Data Fields & Data Values Exist}
[INFO ][2015-12-11 12:01:51,504][com.java.TestType] [10170] - --------------------------setting values-----------------------------
[INFO ][2015-12-11 12:01:51,504][com.java.TestType] [10173] - Action Type : WaitTime
[DEBUG][2015-12-11 12:01:51,504][com.java.TestType] [ 5320] - sleepTime: 5000
[INFO ][2015-12-11 12:01:56,504][com.java.TestType] [10192] -  RESULT true
[INFO ][2015-12-11 12:01:56,504][com.java.TestType] [10309] - ?   P A S S   ?
[INFO ][2015-12-11 12:01:56,504][com.java.TestType] [10380] - Looping End......
[INFO ][2015-12-11 12:01:56,504][com.java.SeleniumDriver] [  894] -  RESULT true
[INFO ][2015-12-11 12:01:56,504][com.java.SeleniumDriver] [ 1100] - ?   P A S S   ?
[INFO ][2015-12-11 12:01:56,504][com.java.SeleniumDriver] [  821] - ------------------------------------------
[INFO ][2015-12-11 12:01:56,504][com.java.SeleniumDriver] [  822] - Test case being Executed: 8
[INFO ][2015-12-11 12:01:56,504][com.java.SeleniumDriver] [  833] - Test step:4
[INFO ][2015-12-11 12:01:56,504][com.java.SeleniumDriver] [  845] - Datavalue is----------Concept#5:3-12
[INFO ][2015-12-11 12:01:56,504][com.java.SeleniumDriver] [  869] - DataField : test
[INFO ][2015-12-11 12:01:56,504][com.java.SeleniumDriver] [  871] - DataValue : Concept#5:3-12
[INFO ][2015-12-11 12:01:56,504][com.java.SeleniumDriver] [  877] - <In Set values of the page>
[INFO ][2015-12-11 12:01:56,504][com.java.SeleniumDriver] [  880] - {Data Fields & Data Values Exist}
[INFO ][2015-12-11 12:01:56,504][com.java.SeleniumDriver] [  882] - --------------------------setting values-----------------------------
[INFO ][2015-12-11 12:01:56,504][com.java.SeleniumDriver] [  885] - Action Type : ExecuteTestCase
[INFO ][2015-12-11 12:01:56,504][com.java.TestType] [  436] - The Concept sheet name is ---------- Concept
[INFO ][2015-12-11 12:01:56,504][com.java.TestType] [  439] - The Concept ID  is ---------- 5
[DEBUG][2015-12-11 12:01:56,504][com.java.TestType] [  443] - Steps being executted in the Concept are: 3:12
[INFO ][2015-12-11 12:01:56,504][com.java.TestType] [  450] - Test data details path ---------- D:\BankersDashboard\TestInputs\TestData.xls
[INFO ][2015-12-11 12:01:56,545][com.java.TestType] [  481] -  str(1) = 5
[INFO ][2015-12-11 12:01:56,545][com.java.TestType] [  484] - Test case Id is---5
[INFO ][2015-12-11 12:01:56,545][com.java.TestType] [  486] - 5
[INFO ][2015-12-11 12:01:56,545][com.java.TestType] [  481] -  str(2) = 1
[INFO ][2015-12-11 12:01:56,545][com.java.TestType] [  533] - row values are--------{1=com.java.Objects.TestDataDetails@91b50f}
[INFO ][2015-12-11 12:01:56,545][com.java.TestType] [  481] -  str(1) = 5
[INFO ][2015-12-11 12:01:56,545][com.java.TestType] [  484] - Test case Id is---5
[INFO ][2015-12-11 12:01:56,545][com.java.TestType] [  486] - 5
[INFO ][2015-12-11 12:01:56,545][com.java.TestType] [  481] -  str(2) = 2
[INFO ][2015-12-11 12:01:56,545][com.java.TestType] [  533] - row values are--------{1=com.java.Objects.TestDataDetails@91b50f, 2=com.java.Objects.TestDataDetails@1a4c512}
[INFO ][2015-12-11 12:01:56,545][com.java.TestType] [  481] -  str(1) = 5
[INFO ][2015-12-11 12:01:56,545][com.java.TestType] [  484] - Test case Id is---5
[INFO ][2015-12-11 12:01:56,545][com.java.TestType] [  486] - 5
[INFO ][2015-12-11 12:01:56,545][com.java.TestType] [  481] -  str(2) = 3
[INFO ][2015-12-11 12:01:56,545][com.java.TestType] [  533] - row values are--------{1=com.java.Objects.TestDataDetails@91b50f, 2=com.java.Objects.TestDataDetails@1a4c512, 3=com.java.Objects.TestDataDetails@c8ab35}
[INFO ][2015-12-11 12:01:56,545][com.java.TestType] [  481] -  str(1) = 5
[INFO ][2015-12-11 12:01:56,545][com.java.TestType] [  484] - Test case Id is---5
[INFO ][2015-12-11 12:01:56,545][com.java.TestType] [  486] - 5
[INFO ][2015-12-11 12:01:56,545][com.java.TestType] [  481] -  str(2) = 4
[INFO ][2015-12-11 12:01:56,545][com.java.TestType] [  533] - row values are--------{1=com.java.Objects.TestDataDetails@91b50f, 2=com.java.Objects.TestDataDetails@1a4c512, 3=com.java.Objects.TestDataDetails@c8ab35, 4=com.java.Objects.TestDataDetails@5f532e}
[INFO ][2015-12-11 12:01:56,545][com.java.TestType] [  481] -  str(1) = 5
[INFO ][2015-12-11 12:01:56,545][com.java.TestType] [  484] - Test case Id is---5
[INFO ][2015-12-11 12:01:56,545][com.java.TestType] [  486] - 5
[INFO ][2015-12-11 12:01:56,545][com.java.TestType] [  481] -  str(2) = 5
[INFO ][2015-12-11 12:01:56,545][com.java.TestType] [  533] - row values are--------{1=com.java.Objects.TestDataDetails@91b50f, 2=com.java.Objects.TestDataDetails@1a4c512, 3=com.java.Objects.TestDataDetails@c8ab35, 4=com.java.Objects.TestDataDetails@5f532e, 5=com.java.Objects.TestDataDetails@7c2ed9}
[INFO ][2015-12-11 12:01:56,545][com.java.TestType] [  481] -  str(1) = 5
[INFO ][2015-12-11 12:01:56,545][com.java.TestType] [  484] - Test case Id is---5
[INFO ][2015-12-11 12:01:56,545][com.java.TestType] [  486] - 5
[INFO ][2015-12-11 12:01:56,545][com.java.TestType] [  481] -  str(2) = 6
[INFO ][2015-12-11 12:01:56,545][com.java.TestType] [  533] - row values are--------{1=com.java.Objects.TestDataDetails@91b50f, 2=com.java.Objects.TestDataDetails@1a4c512, 3=com.java.Objects.TestDataDetails@c8ab35, 4=com.java.Objects.TestDataDetails@5f532e, 5=com.java.Objects.TestDataDetails@7c2ed9, 6=com.java.Objects.TestDataDetails@1ffef5a}
[INFO ][2015-12-11 12:01:56,545][com.java.TestType] [  481] -  str(1) = 5
[INFO ][2015-12-11 12:01:56,545][com.java.TestType] [  484] - Test case Id is---5
[INFO ][2015-12-11 12:01:56,545][com.java.TestType] [  486] - 5
[INFO ][2015-12-11 12:01:56,545][com.java.TestType] [  481] -  str(2) = 7
[INFO ][2015-12-11 12:01:56,545][com.java.TestType] [  533] - row values are--------{1=com.java.Objects.TestDataDetails@91b50f, 2=com.java.Objects.TestDataDetails@1a4c512, 3=com.java.Objects.TestDataDetails@c8ab35, 4=com.java.Objects.TestDataDetails@5f532e, 5=com.java.Objects.TestDataDetails@7c2ed9, 6=com.java.Objects.TestDataDetails@1ffef5a, 7=com.java.Objects.TestDataDetails@183f9df}
[INFO ][2015-12-11 12:01:56,545][com.java.TestType] [  481] -  str(1) = 5
[INFO ][2015-12-11 12:01:56,545][com.java.TestType] [  484] - Test case Id is---5
[INFO ][2015-12-11 12:01:56,545][com.java.TestType] [  486] - 5
[INFO ][2015-12-11 12:01:56,545][com.java.TestType] [  481] -  str(2) = 8
[INFO ][2015-12-11 12:01:56,545][com.java.TestType] [  533] - row values are--------{1=com.java.Objects.TestDataDetails@91b50f, 2=com.java.Objects.TestDataDetails@1a4c512, 3=com.java.Objects.TestDataDetails@c8ab35, 4=com.java.Objects.TestDataDetails@5f532e, 5=com.java.Objects.TestDataDetails@7c2ed9, 6=com.java.Objects.TestDataDetails@1ffef5a, 7=com.java.Objects.TestDataDetails@183f9df, 8=com.java.Objects.TestDataDetails@863cf9}
[INFO ][2015-12-11 12:01:56,545][com.java.TestType] [  481] -  str(1) = 5
[INFO ][2015-12-11 12:01:56,545][com.java.TestType] [  484] - Test case Id is---5
[INFO ][2015-12-11 12:01:56,545][com.java.TestType] [  486] - 5
[INFO ][2015-12-11 12:01:56,545][com.java.TestType] [  481] -  str(2) = 9
[INFO ][2015-12-11 12:01:56,545][com.java.TestType] [  533] - row values are--------{1=com.java.Objects.TestDataDetails@91b50f, 2=com.java.Objects.TestDataDetails@1a4c512, 3=com.java.Objects.TestDataDetails@c8ab35, 4=com.java.Objects.TestDataDetails@5f532e, 5=com.java.Objects.TestDataDetails@7c2ed9, 6=com.java.Objects.TestDataDetails@1ffef5a, 7=com.java.Objects.TestDataDetails@183f9df, 8=com.java.Objects.TestDataDetails@863cf9, 9=com.java.Objects.TestDataDetails@b37537}
[INFO ][2015-12-11 12:01:56,545][com.java.TestType] [  481] -  str(1) = 5
[INFO ][2015-12-11 12:01:56,545][com.java.TestType] [  484] - Test case Id is---5
[INFO ][2015-12-11 12:01:56,545][com.java.TestType] [  486] - 5
[INFO ][2015-12-11 12:01:56,545][com.java.TestType] [  481] -  str(2) = 10
[INFO ][2015-12-11 12:01:56,555][com.java.TestType] [  533] - row values are--------{1=com.java.Objects.TestDataDetails@91b50f, 2=com.java.Objects.TestDataDetails@1a4c512, 3=com.java.Objects.TestDataDetails@c8ab35, 4=com.java.Objects.TestDataDetails@5f532e, 5=com.java.Objects.TestDataDetails@7c2ed9, 6=com.java.Objects.TestDataDetails@1ffef5a, 7=com.java.Objects.TestDataDetails@183f9df, 8=com.java.Objects.TestDataDetails@863cf9, 9=com.java.Objects.TestDataDetails@b37537, 10=com.java.Objects.TestDataDetails@55eb0e}
[INFO ][2015-12-11 12:01:56,555][com.java.TestType] [  481] -  str(1) = 5
[INFO ][2015-12-11 12:01:56,555][com.java.TestType] [  484] - Test case Id is---5
[INFO ][2015-12-11 12:01:56,555][com.java.TestType] [  486] - 5
[INFO ][2015-12-11 12:01:56,555][com.java.TestType] [  481] -  str(2) = 11
[INFO ][2015-12-11 12:01:56,555][com.java.TestType] [  533] - row values are--------{1=com.java.Objects.TestDataDetails@91b50f, 2=com.java.Objects.TestDataDetails@1a4c512, 3=com.java.Objects.TestDataDetails@c8ab35, 4=com.java.Objects.TestDataDetails@5f532e, 5=com.java.Objects.TestDataDetails@7c2ed9, 6=com.java.Objects.TestDataDetails@1ffef5a, 7=com.java.Objects.TestDataDetails@183f9df, 8=com.java.Objects.TestDataDetails@863cf9, 9=com.java.Objects.TestDataDetails@b37537, 10=com.java.Objects.TestDataDetails@55eb0e, 11=com.java.Objects.TestDataDetails@23e7c4}
[INFO ][2015-12-11 12:01:56,555][com.java.TestType] [  481] -  str(1) = 5
[INFO ][2015-12-11 12:01:56,555][com.java.TestType] [  484] - Test case Id is---5
[INFO ][2015-12-11 12:01:56,555][com.java.TestType] [  486] - 5
[INFO ][2015-12-11 12:01:56,555][com.java.TestType] [  481] -  str(2) = 12
[INFO ][2015-12-11 12:01:56,555][com.java.TestType] [  533] - row values are--------{1=com.java.Objects.TestDataDetails@91b50f, 2=com.java.Objects.TestDataDetails@1a4c512, 3=com.java.Objects.TestDataDetails@c8ab35, 4=com.java.Objects.TestDataDetails@5f532e, 5=com.java.Objects.TestDataDetails@7c2ed9, 6=com.java.Objects.TestDataDetails@1ffef5a, 7=com.java.Objects.TestDataDetails@183f9df, 8=com.java.Objects.TestDataDetails@863cf9, 9=com.java.Objects.TestDataDetails@b37537, 10=com.java.Objects.TestDataDetails@55eb0e, 11=com.java.Objects.TestDataDetails@23e7c4, 12=com.java.Objects.TestDataDetails@db0359}
[INFO ][2015-12-11 12:01:56,555][com.java.TestType] [  481] -  str(1) = 5
[INFO ][2015-12-11 12:01:56,555][com.java.TestType] [  484] - Test case Id is---5
[INFO ][2015-12-11 12:01:56,555][com.java.TestType] [  486] - 5
[INFO ][2015-12-11 12:01:56,555][com.java.TestType] [  481] -  str(2) = 13
[INFO ][2015-12-11 12:01:56,555][com.java.TestType] [  533] - row values are--------{1=com.java.Objects.TestDataDetails@91b50f, 2=com.java.Objects.TestDataDetails@1a4c512, 3=com.java.Objects.TestDataDetails@c8ab35, 4=com.java.Objects.TestDataDetails@5f532e, 5=com.java.Objects.TestDataDetails@7c2ed9, 6=com.java.Objects.TestDataDetails@1ffef5a, 7=com.java.Objects.TestDataDetails@183f9df, 8=com.java.Objects.TestDataDetails@863cf9, 9=com.java.Objects.TestDataDetails@b37537, 10=com.java.Objects.TestDataDetails@55eb0e, 11=com.java.Objects.TestDataDetails@23e7c4, 12=com.java.Objects.TestDataDetails@db0359, 13=com.java.Objects.TestDataDetails@885c6a}
[INFO ][2015-12-11 12:01:56,555][com.java.TestType] [  481] -  str(1) = 5
[INFO ][2015-12-11 12:01:56,555][com.java.TestType] [  484] - Test case Id is---5
[INFO ][2015-12-11 12:01:56,555][com.java.TestType] [  486] - 5
[INFO ][2015-12-11 12:01:56,555][com.java.TestType] [  481] -  str(2) = 14
[INFO ][2015-12-11 12:01:56,555][com.java.TestType] [  533] - row values are--------{1=com.java.Objects.TestDataDetails@91b50f, 2=com.java.Objects.TestDataDetails@1a4c512, 3=com.java.Objects.TestDataDetails@c8ab35, 4=com.java.Objects.TestDataDetails@5f532e, 5=com.java.Objects.TestDataDetails@7c2ed9, 6=com.java.Objects.TestDataDetails@1ffef5a, 7=com.java.Objects.TestDataDetails@183f9df, 8=com.java.Objects.TestDataDetails@863cf9, 9=com.java.Objects.TestDataDetails@b37537, 10=com.java.Objects.TestDataDetails@55eb0e, 11=com.java.Objects.TestDataDetails@23e7c4, 12=com.java.Objects.TestDataDetails@db0359, 13=com.java.Objects.TestDataDetails@885c6a, 14=com.java.Objects.TestDataDetails@e51242}
[INFO ][2015-12-11 12:01:56,555][com.java.TestType] [  481] -  str(1) = 5
[INFO ][2015-12-11 12:01:56,555][com.java.TestType] [  484] - Test case Id is---5
[INFO ][2015-12-11 12:01:56,555][com.java.TestType] [  486] - 5
[INFO ][2015-12-11 12:01:56,555][com.java.TestType] [  481] -  str(2) = 15
[INFO ][2015-12-11 12:01:56,555][com.java.TestType] [  533] - row values are--------{1=com.java.Objects.TestDataDetails@91b50f, 2=com.java.Objects.TestDataDetails@1a4c512, 3=com.java.Objects.TestDataDetails@c8ab35, 4=com.java.Objects.TestDataDetails@5f532e, 5=com.java.Objects.TestDataDetails@7c2ed9, 6=com.java.Objects.TestDataDetails@1ffef5a, 7=com.java.Objects.TestDataDetails@183f9df, 8=com.java.Objects.TestDataDetails@863cf9, 9=com.java.Objects.TestDataDetails@b37537, 10=com.java.Objects.TestDataDetails@55eb0e, 11=com.java.Objects.TestDataDetails@23e7c4, 12=com.java.Objects.TestDataDetails@db0359, 13=com.java.Objects.TestDataDetails@885c6a, 14=com.java.Objects.TestDataDetails@e51242, 15=com.java.Objects.TestDataDetails@1d3f1cb}
[INFO ][2015-12-11 12:01:56,555][com.java.TestType] [  481] -  str(1) = 5
[INFO ][2015-12-11 12:01:56,555][com.java.TestType] [  484] - Test case Id is---5
[INFO ][2015-12-11 12:01:56,555][com.java.TestType] [  486] - 5
[INFO ][2015-12-11 12:01:56,555][com.java.TestType] [  481] -  str(2) = 16
[INFO ][2015-12-11 12:01:56,555][com.java.TestType] [  533] - row values are--------{1=com.java.Objects.TestDataDetails@91b50f, 2=com.java.Objects.TestDataDetails@1a4c512, 3=com.java.Objects.TestDataDetails@c8ab35, 4=com.java.Objects.TestDataDetails@5f532e, 5=com.java.Objects.TestDataDetails@7c2ed9, 6=com.java.Objects.TestDataDetails@1ffef5a, 7=com.java.Objects.TestDataDetails@183f9df, 8=com.java.Objects.TestDataDetails@863cf9, 9=com.java.Objects.TestDataDetails@b37537, 10=com.java.Objects.TestDataDetails@55eb0e, 11=com.java.Objects.TestDataDetails@23e7c4, 12=com.java.Objects.TestDataDetails@db0359, 13=com.java.Objects.TestDataDetails@885c6a, 14=com.java.Objects.TestDataDetails@e51242, 15=com.java.Objects.TestDataDetails@1d3f1cb, 16=com.java.Objects.TestDataDetails@f9b0e3}
[INFO ][2015-12-11 12:01:56,555][com.java.TestType] [  481] -  str(1) = 5
[INFO ][2015-12-11 12:01:56,555][com.java.TestType] [  484] - Test case Id is---5
[INFO ][2015-12-11 12:01:56,555][com.java.TestType] [  486] - 5
[INFO ][2015-12-11 12:01:56,555][com.java.TestType] [  481] -  str(2) = 17
[INFO ][2015-12-11 12:01:56,555][com.java.TestType] [  533] - row values are--------{1=com.java.Objects.TestDataDetails@91b50f, 2=com.java.Objects.TestDataDetails@1a4c512, 3=com.java.Objects.TestDataDetails@c8ab35, 4=com.java.Objects.TestDataDetails@5f532e, 5=com.java.Objects.TestDataDetails@7c2ed9, 6=com.java.Objects.TestDataDetails@1ffef5a, 7=com.java.Objects.TestDataDetails@183f9df, 8=com.java.Objects.TestDataDetails@863cf9, 9=com.java.Objects.TestDataDetails@b37537, 10=com.java.Objects.TestDataDetails@55eb0e, 11=com.java.Objects.TestDataDetails@23e7c4, 12=com.java.Objects.TestDataDetails@db0359, 13=com.java.Objects.TestDataDetails@885c6a, 14=com.java.Objects.TestDataDetails@e51242, 15=com.java.Objects.TestDataDetails@1d3f1cb, 17=com.java.Objects.TestDataDetails@4ceb56, 16=com.java.Objects.TestDataDetails@f9b0e3}
[INFO ][2015-12-11 12:01:56,555][com.java.TestType] [  481] -  str(1) = 5
[INFO ][2015-12-11 12:01:56,555][com.java.TestType] [  484] - Test case Id is---5
[INFO ][2015-12-11 12:01:56,555][com.java.TestType] [  486] - 5
[INFO ][2015-12-11 12:01:56,555][com.java.TestType] [  481] -  str(2) = 18
[INFO ][2015-12-11 12:01:56,555][com.java.TestType] [  533] - row values are--------{1=com.java.Objects.TestDataDetails@91b50f, 2=com.java.Objects.TestDataDetails@1a4c512, 3=com.java.Objects.TestDataDetails@c8ab35, 4=com.java.Objects.TestDataDetails@5f532e, 5=com.java.Objects.TestDataDetails@7c2ed9, 6=com.java.Objects.TestDataDetails@1ffef5a, 7=com.java.Objects.TestDataDetails@183f9df, 8=com.java.Objects.TestDataDetails@863cf9, 9=com.java.Objects.TestDataDetails@b37537, 10=com.java.Objects.TestDataDetails@55eb0e, 11=com.java.Objects.TestDataDetails@23e7c4, 12=com.java.Objects.TestDataDetails@db0359, 13=com.java.Objects.TestDataDetails@885c6a, 14=com.java.Objects.TestDataDetails@e51242, 15=com.java.Objects.TestDataDetails@1d3f1cb, 17=com.java.Objects.TestDataDetails@4ceb56, 16=com.java.Objects.TestDataDetails@f9b0e3, 18=com.java.Objects.TestDataDetails@183786}
[INFO ][2015-12-11 12:01:56,555][com.java.TestType] [  481] -  str(1) = 5
[INFO ][2015-12-11 12:01:56,555][com.java.TestType] [  484] - Test case Id is---5
[INFO ][2015-12-11 12:01:56,555][com.java.TestType] [  486] - 5
[INFO ][2015-12-11 12:01:56,555][com.java.TestType] [  481] -  str(2) = 19
[INFO ][2015-12-11 12:01:56,555][com.java.TestType] [  533] - row values are--------{1=com.java.Objects.TestDataDetails@91b50f, 2=com.java.Objects.TestDataDetails@1a4c512, 3=com.java.Objects.TestDataDetails@c8ab35, 4=com.java.Objects.TestDataDetails@5f532e, 5=com.java.Objects.TestDataDetails@7c2ed9, 6=com.java.Objects.TestDataDetails@1ffef5a, 7=com.java.Objects.TestDataDetails@183f9df, 8=com.java.Objects.TestDataDetails@863cf9, 9=com.java.Objects.TestDataDetails@b37537, 10=com.java.Objects.TestDataDetails@55eb0e, 11=com.java.Objects.TestDataDetails@23e7c4, 12=com.java.Objects.TestDataDetails@db0359, 13=com.java.Objects.TestDataDetails@885c6a, 14=com.java.Objects.TestDataDetails@e51242, 15=com.java.Objects.TestDataDetails@1d3f1cb, 17=com.java.Objects.TestDataDetails@4ceb56, 16=com.java.Objects.TestDataDetails@f9b0e3, 19=com.java.Objects.TestDataDetails@fe544, 18=com.java.Objects.TestDataDetails@183786}
[INFO ][2015-12-11 12:01:56,555][com.java.TestType] [  481] -  str(1) = 5
[INFO ][2015-12-11 12:01:56,555][com.java.TestType] [  484] - Test case Id is---5
[INFO ][2015-12-11 12:01:56,555][com.java.TestType] [  486] - 5
[INFO ][2015-12-11 12:01:56,555][com.java.TestType] [  481] -  str(2) = 20
[INFO ][2015-12-11 12:01:56,565][com.java.TestType] [  533] - row values are--------{1=com.java.Objects.TestDataDetails@91b50f, 2=com.java.Objects.TestDataDetails@1a4c512, 3=com.java.Objects.TestDataDetails@c8ab35, 4=com.java.Objects.TestDataDetails@5f532e, 5=com.java.Objects.TestDataDetails@7c2ed9, 6=com.java.Objects.TestDataDetails@1ffef5a, 7=com.java.Objects.TestDataDetails@183f9df, 8=com.java.Objects.TestDataDetails@863cf9, 9=com.java.Objects.TestDataDetails@b37537, 10=com.java.Objects.TestDataDetails@55eb0e, 11=com.java.Objects.TestDataDetails@23e7c4, 12=com.java.Objects.TestDataDetails@db0359, 13=com.java.Objects.TestDataDetails@885c6a, 14=com.java.Objects.TestDataDetails@e51242, 15=com.java.Objects.TestDataDetails@1d3f1cb, 17=com.java.Objects.TestDataDetails@4ceb56, 16=com.java.Objects.TestDataDetails@f9b0e3, 19=com.java.Objects.TestDataDetails@fe544, 18=com.java.Objects.TestDataDetails@183786, 20=com.java.Objects.TestDataDetails@22b6f7}
[INFO ][2015-12-11 12:01:56,565][com.java.TestType] [  481] -  str(1) = 5
[INFO ][2015-12-11 12:01:56,565][com.java.TestType] [  484] - Test case Id is---5
[INFO ][2015-12-11 12:01:56,565][com.java.TestType] [  486] - 5
[INFO ][2015-12-11 12:01:56,565][com.java.TestType] [  481] -  str(2) = 21
[INFO ][2015-12-11 12:01:56,565][com.java.TestType] [  533] - row values are--------{1=com.java.Objects.TestDataDetails@91b50f, 2=com.java.Objects.TestDataDetails@1a4c512, 3=com.java.Objects.TestDataDetails@c8ab35, 4=com.java.Objects.TestDataDetails@5f532e, 5=com.java.Objects.TestDataDetails@7c2ed9, 6=com.java.Objects.TestDataDetails@1ffef5a, 7=com.java.Objects.TestDataDetails@183f9df, 8=com.java.Objects.TestDataDetails@863cf9, 9=com.java.Objects.TestDataDetails@b37537, 10=com.java.Objects.TestDataDetails@55eb0e, 11=com.java.Objects.TestDataDetails@23e7c4, 12=com.java.Objects.TestDataDetails@db0359, 13=com.java.Objects.TestDataDetails@885c6a, 14=com.java.Objects.TestDataDetails@e51242, 15=com.java.Objects.TestDataDetails@1d3f1cb, 17=com.java.Objects.TestDataDetails@4ceb56, 16=com.java.Objects.TestDataDetails@f9b0e3, 19=com.java.Objects.TestDataDetails@fe544, 18=com.java.Objects.TestDataDetails@183786, 21=com.java.Objects.TestDataDetails@1e4472f, 20=com.java.Objects.TestDataDetails@22b6f7}
[INFO ][2015-12-11 12:01:56,565][com.java.TestType] [  481] -  str(1) = 5
[INFO ][2015-12-11 12:01:56,565][com.java.TestType] [  484] - Test case Id is---5
[INFO ][2015-12-11 12:01:56,565][com.java.TestType] [  486] - 5
[INFO ][2015-12-11 12:01:56,565][com.java.TestType] [  481] -  str(2) = 22
[INFO ][2015-12-11 12:01:56,565][com.java.TestType] [  533] - row values are--------{1=com.java.Objects.TestDataDetails@91b50f, 2=com.java.Objects.TestDataDetails@1a4c512, 3=com.java.Objects.TestDataDetails@c8ab35, 4=com.java.Objects.TestDataDetails@5f532e, 5=com.java.Objects.TestDataDetails@7c2ed9, 6=com.java.Objects.TestDataDetails@1ffef5a, 7=com.java.Objects.TestDataDetails@183f9df, 8=com.java.Objects.TestDataDetails@863cf9, 9=com.java.Objects.TestDataDetails@b37537, 10=com.java.Objects.TestDataDetails@55eb0e, 11=com.java.Objects.TestDataDetails@23e7c4, 12=com.java.Objects.TestDataDetails@db0359, 13=com.java.Objects.TestDataDetails@885c6a, 14=com.java.Objects.TestDataDetails@e51242, 15=com.java.Objects.TestDataDetails@1d3f1cb, 17=com.java.Objects.TestDataDetails@4ceb56, 16=com.java.Objects.TestDataDetails@f9b0e3, 19=com.java.Objects.TestDataDetails@fe544, 18=com.java.Objects.TestDataDetails@183786, 21=com.java.Objects.TestDataDetails@1e4472f, 20=com.java.Objects.TestDataDetails@22b6f7, 22=com.java.Objects.TestDataDetails@ada2b5}
[INFO ][2015-12-11 12:01:56,565][com.java.TestType] [  481] -  str(1) = 5
[INFO ][2015-12-11 12:01:56,565][com.java.TestType] [  484] - Test case Id is---5
[INFO ][2015-12-11 12:01:56,565][com.java.TestType] [  486] - 5
[INFO ][2015-12-11 12:01:56,565][com.java.TestType] [  481] -  str(2) = 23
[INFO ][2015-12-11 12:01:56,565][com.java.TestType] [  533] - row values are--------{1=com.java.Objects.TestDataDetails@91b50f, 2=com.java.Objects.TestDataDetails@1a4c512, 3=com.java.Objects.TestDataDetails@c8ab35, 4=com.java.Objects.TestDataDetails@5f532e, 5=com.java.Objects.TestDataDetails@7c2ed9, 6=com.java.Objects.TestDataDetails@1ffef5a, 7=com.java.Objects.TestDataDetails@183f9df, 8=com.java.Objects.TestDataDetails@863cf9, 9=com.java.Objects.TestDataDetails@b37537, 10=com.java.Objects.TestDataDetails@55eb0e, 11=com.java.Objects.TestDataDetails@23e7c4, 12=com.java.Objects.TestDataDetails@db0359, 13=com.java.Objects.TestDataDetails@885c6a, 14=com.java.Objects.TestDataDetails@e51242, 15=com.java.Objects.TestDataDetails@1d3f1cb, 17=com.java.Objects.TestDataDetails@4ceb56, 16=com.java.Objects.TestDataDetails@f9b0e3, 19=com.java.Objects.TestDataDetails@fe544, 18=com.java.Objects.TestDataDetails@183786, 21=com.java.Objects.TestDataDetails@1e4472f, 20=com.java.Objects.TestDataDetails@22b6f7, 23=com.java.Objects.TestDataDetails@1aa0439, 22=com.java.Objects.TestDataDetails@ada2b5}
[INFO ][2015-12-11 12:01:56,565][com.java.TestType] [  481] -  str(1) = 5
[INFO ][2015-12-11 12:01:56,565][com.java.TestType] [  484] - Test case Id is---5
[INFO ][2015-12-11 12:01:56,565][com.java.TestType] [  486] - 5
[INFO ][2015-12-11 12:01:56,565][com.java.TestType] [  481] -  str(2) = 24
[INFO ][2015-12-11 12:01:56,565][com.java.TestType] [  533] - row values are--------{1=com.java.Objects.TestDataDetails@91b50f, 2=com.java.Objects.TestDataDetails@1a4c512, 3=com.java.Objects.TestDataDetails@c8ab35, 4=com.java.Objects.TestDataDetails@5f532e, 5=com.java.Objects.TestDataDetails@7c2ed9, 6=com.java.Objects.TestDataDetails@1ffef5a, 7=com.java.Objects.TestDataDetails@183f9df, 8=com.java.Objects.TestDataDetails@863cf9, 9=com.java.Objects.TestDataDetails@b37537, 10=com.java.Objects.TestDataDetails@55eb0e, 11=com.java.Objects.TestDataDetails@23e7c4, 12=com.java.Objects.TestDataDetails@db0359, 13=com.java.Objects.TestDataDetails@885c6a, 14=com.java.Objects.TestDataDetails@e51242, 15=com.java.Objects.TestDataDetails@1d3f1cb, 17=com.java.Objects.TestDataDetails@4ceb56, 16=com.java.Objects.TestDataDetails@f9b0e3, 19=com.java.Objects.TestDataDetails@fe544, 18=com.java.Objects.TestDataDetails@183786, 21=com.java.Objects.TestDataDetails@1e4472f, 20=com.java.Objects.TestDataDetails@22b6f7, 23=com.java.Objects.TestDataDetails@1aa0439, 22=com.java.Objects.TestDataDetails@ada2b5, 24=com.java.Objects.TestDataDetails@115391f}
[INFO ][2015-12-11 12:01:56,565][com.java.TestType] [  481] -  str(1) = 5
[INFO ][2015-12-11 12:01:56,565][com.java.TestType] [  484] - Test case Id is---5
[INFO ][2015-12-11 12:01:56,565][com.java.TestType] [  486] - 5
[INFO ][2015-12-11 12:01:56,565][com.java.TestType] [  481] -  str(2) = 25
[INFO ][2015-12-11 12:01:56,565][com.java.TestType] [  533] - row values are--------{1=com.java.Objects.TestDataDetails@91b50f, 2=com.java.Objects.TestDataDetails@1a4c512, 3=com.java.Objects.TestDataDetails@c8ab35, 4=com.java.Objects.TestDataDetails@5f532e, 5=com.java.Objects.TestDataDetails@7c2ed9, 6=com.java.Objects.TestDataDetails@1ffef5a, 7=com.java.Objects.TestDataDetails@183f9df, 8=com.java.Objects.TestDataDetails@863cf9, 9=com.java.Objects.TestDataDetails@b37537, 10=com.java.Objects.TestDataDetails@55eb0e, 11=com.java.Objects.TestDataDetails@23e7c4, 12=com.java.Objects.TestDataDetails@db0359, 13=com.java.Objects.TestDataDetails@885c6a, 14=com.java.Objects.TestDataDetails@e51242, 15=com.java.Objects.TestDataDetails@1d3f1cb, 17=com.java.Objects.TestDataDetails@4ceb56, 16=com.java.Objects.TestDataDetails@f9b0e3, 19=com.java.Objects.TestDataDetails@fe544, 18=com.java.Objects.TestDataDetails@183786, 21=com.java.Objects.TestDataDetails@1e4472f, 20=com.java.Objects.TestDataDetails@22b6f7, 23=com.java.Objects.TestDataDetails@1aa0439, 22=com.java.Objects.TestDataDetails@ada2b5, 25=com.java.Objects.TestDataDetails@20b053, 24=com.java.Objects.TestDataDetails@115391f}
[INFO ][2015-12-11 12:01:56,565][com.java.TestType] [  481] -  str(1) = 5
[INFO ][2015-12-11 12:01:56,565][com.java.TestType] [  484] - Test case Id is---5
[INFO ][2015-12-11 12:01:56,565][com.java.TestType] [  486] - 5
[INFO ][2015-12-11 12:01:56,565][com.java.TestType] [  481] -  str(2) = 26
[INFO ][2015-12-11 12:01:56,565][com.java.TestType] [  533] - row values are--------{1=com.java.Objects.TestDataDetails@91b50f, 2=com.java.Objects.TestDataDetails@1a4c512, 3=com.java.Objects.TestDataDetails@c8ab35, 4=com.java.Objects.TestDataDetails@5f532e, 5=com.java.Objects.TestDataDetails@7c2ed9, 6=com.java.Objects.TestDataDetails@1ffef5a, 7=com.java.Objects.TestDataDetails@183f9df, 8=com.java.Objects.TestDataDetails@863cf9, 9=com.java.Objects.TestDataDetails@b37537, 10=com.java.Objects.TestDataDetails@55eb0e, 11=com.java.Objects.TestDataDetails@23e7c4, 12=com.java.Objects.TestDataDetails@db0359, 13=com.java.Objects.TestDataDetails@885c6a, 14=com.java.Objects.TestDataDetails@e51242, 15=com.java.Objects.TestDataDetails@1d3f1cb, 17=com.java.Objects.TestDataDetails@4ceb56, 16=com.java.Objects.TestDataDetails@f9b0e3, 19=com.java.Objects.TestDataDetails@fe544, 18=com.java.Objects.TestDataDetails@183786, 21=com.java.Objects.TestDataDetails@1e4472f, 20=com.java.Objects.TestDataDetails@22b6f7, 23=com.java.Objects.TestDataDetails@1aa0439, 22=com.java.Objects.TestDataDetails@ada2b5, 25=com.java.Objects.TestDataDetails@20b053, 24=com.java.Objects.TestDataDetails@115391f, 26=com.java.Objects.TestDataDetails@5cb24d}
[INFO ][2015-12-11 12:01:56,565][com.java.TestType] [  481] -  str(1) = 5
[INFO ][2015-12-11 12:01:56,565][com.java.TestType] [  484] - Test case Id is---5
[INFO ][2015-12-11 12:01:56,565][com.java.TestType] [  486] - 5
[INFO ][2015-12-11 12:01:56,565][com.java.TestType] [  481] -  str(2) = 27
[INFO ][2015-12-11 12:01:56,565][com.java.TestType] [  533] - row values are--------{1=com.java.Objects.TestDataDetails@91b50f, 2=com.java.Objects.TestDataDetails@1a4c512, 3=com.java.Objects.TestDataDetails@c8ab35, 4=com.java.Objects.TestDataDetails@5f532e, 5=com.java.Objects.TestDataDetails@7c2ed9, 6=com.java.Objects.TestDataDetails@1ffef5a, 7=com.java.Objects.TestDataDetails@183f9df, 8=com.java.Objects.TestDataDetails@863cf9, 9=com.java.Objects.TestDataDetails@b37537, 10=com.java.Objects.TestDataDetails@55eb0e, 11=com.java.Objects.TestDataDetails@23e7c4, 12=com.java.Objects.TestDataDetails@db0359, 13=com.java.Objects.TestDataDetails@885c6a, 14=com.java.Objects.TestDataDetails@e51242, 15=com.java.Objects.TestDataDetails@1d3f1cb, 17=com.java.Objects.TestDataDetails@4ceb56, 16=com.java.Objects.TestDataDetails@f9b0e3, 19=com.java.Objects.TestDataDetails@fe544, 18=com.java.Objects.TestDataDetails@183786, 21=com.java.Objects.TestDataDetails@1e4472f, 20=com.java.Objects.TestDataDetails@22b6f7, 23=com.java.Objects.TestDataDetails@1aa0439, 22=com.java.Objects.TestDataDetails@ada2b5, 25=com.java.Objects.TestDataDetails@20b053, 24=com.java.Objects.TestDataDetails@115391f, 27=com.java.Objects.TestDataDetails@93458a, 26=com.java.Objects.TestDataDetails@5cb24d}
[INFO ][2015-12-11 12:01:56,565][com.java.TestType] [  481] -  str(1) = 5
[INFO ][2015-12-11 12:01:56,565][com.java.TestType] [  484] - Test case Id is---5
[INFO ][2015-12-11 12:01:56,565][com.java.TestType] [  486] - 5
[INFO ][2015-12-11 12:01:56,565][com.java.TestType] [  481] -  str(2) = 28
[INFO ][2015-12-11 12:01:56,565][com.java.TestType] [  533] - row values are--------{1=com.java.Objects.TestDataDetails@91b50f, 2=com.java.Objects.TestDataDetails@1a4c512, 3=com.java.Objects.TestDataDetails@c8ab35, 4=com.java.Objects.TestDataDetails@5f532e, 5=com.java.Objects.TestDataDetails@7c2ed9, 6=com.java.Objects.TestDataDetails@1ffef5a, 7=com.java.Objects.TestDataDetails@183f9df, 8=com.java.Objects.TestDataDetails@863cf9, 9=com.java.Objects.TestDataDetails@b37537, 10=com.java.Objects.TestDataDetails@55eb0e, 11=com.java.Objects.TestDataDetails@23e7c4, 12=com.java.Objects.TestDataDetails@db0359, 13=com.java.Objects.TestDataDetails@885c6a, 14=com.java.Objects.TestDataDetails@e51242, 15=com.java.Objects.TestDataDetails@1d3f1cb, 17=com.java.Objects.TestDataDetails@4ceb56, 16=com.java.Objects.TestDataDetails@f9b0e3, 19=com.java.Objects.TestDataDetails@fe544, 18=com.java.Objects.TestDataDetails@183786, 21=com.java.Objects.TestDataDetails@1e4472f, 20=com.java.Objects.TestDataDetails@22b6f7, 23=com.java.Objects.TestDataDetails@1aa0439, 22=com.java.Objects.TestDataDetails@ada2b5, 25=com.java.Objects.TestDataDetails@20b053, 24=com.java.Objects.TestDataDetails@115391f, 27=com.java.Objects.TestDataDetails@93458a, 26=com.java.Objects.TestDataDetails@5cb24d, 28=com.java.Objects.TestDataDetails@12a6774}
[INFO ][2015-12-11 12:01:56,565][com.java.TestType] [  481] -  str(1) = 5
[INFO ][2015-12-11 12:01:56,565][com.java.TestType] [  484] - Test case Id is---5
[INFO ][2015-12-11 12:01:56,565][com.java.TestType] [  486] - 5
[INFO ][2015-12-11 12:01:56,565][com.java.TestType] [  481] -  str(2) = 29
[INFO ][2015-12-11 12:01:56,565][com.java.TestType] [  533] - row values are--------{1=com.java.Objects.TestDataDetails@91b50f, 2=com.java.Objects.TestDataDetails@1a4c512, 3=com.java.Objects.TestDataDetails@c8ab35, 4=com.java.Objects.TestDataDetails@5f532e, 5=com.java.Objects.TestDataDetails@7c2ed9, 6=com.java.Objects.TestDataDetails@1ffef5a, 7=com.java.Objects.TestDataDetails@183f9df, 8=com.java.Objects.TestDataDetails@863cf9, 9=com.java.Objects.TestDataDetails@b37537, 10=com.java.Objects.TestDataDetails@55eb0e, 11=com.java.Objects.TestDataDetails@23e7c4, 12=com.java.Objects.TestDataDetails@db0359, 13=com.java.Objects.TestDataDetails@885c6a, 14=com.java.Objects.TestDataDetails@e51242, 15=com.java.Objects.TestDataDetails@1d3f1cb, 17=com.java.Objects.TestDataDetails@4ceb56, 16=com.java.Objects.TestDataDetails@f9b0e3, 19=com.java.Objects.TestDataDetails@fe544, 18=com.java.Objects.TestDataDetails@183786, 21=com.java.Objects.TestDataDetails@1e4472f, 20=com.java.Objects.TestDataDetails@22b6f7, 23=com.java.Objects.TestDataDetails@1aa0439, 22=com.java.Objects.TestDataDetails@ada2b5, 25=com.java.Objects.TestDataDetails@20b053, 24=com.java.Objects.TestDataDetails@115391f, 27=com.java.Objects.TestDataDetails@93458a, 26=com.java.Objects.TestDataDetails@5cb24d, 29=com.java.Objects.TestDataDetails@795e57, 28=com.java.Objects.TestDataDetails@12a6774}
[INFO ][2015-12-11 12:01:56,565][com.java.TestType] [  481] -  str(1) = 5
[INFO ][2015-12-11 12:01:56,565][com.java.TestType] [  484] - Test case Id is---5
[INFO ][2015-12-11 12:01:56,565][com.java.TestType] [  486] - 5
[INFO ][2015-12-11 12:01:56,565][com.java.TestType] [  481] -  str(2) = 30
[INFO ][2015-12-11 12:01:56,575][com.java.TestType] [  533] - row values are--------{1=com.java.Objects.TestDataDetails@91b50f, 2=com.java.Objects.TestDataDetails@1a4c512, 3=com.java.Objects.TestDataDetails@c8ab35, 4=com.java.Objects.TestDataDetails@5f532e, 5=com.java.Objects.TestDataDetails@7c2ed9, 6=com.java.Objects.TestDataDetails@1ffef5a, 7=com.java.Objects.TestDataDetails@183f9df, 8=com.java.Objects.TestDataDetails@863cf9, 9=com.java.Objects.TestDataDetails@b37537, 10=com.java.Objects.TestDataDetails@55eb0e, 11=com.java.Objects.TestDataDetails@23e7c4, 12=com.java.Objects.TestDataDetails@db0359, 13=com.java.Objects.TestDataDetails@885c6a, 14=com.java.Objects.TestDataDetails@e51242, 15=com.java.Objects.TestDataDetails@1d3f1cb, 17=com.java.Objects.TestDataDetails@4ceb56, 16=com.java.Objects.TestDataDetails@f9b0e3, 19=com.java.Objects.TestDataDetails@fe544, 18=com.java.Objects.TestDataDetails@183786, 21=com.java.Objects.TestDataDetails@1e4472f, 20=com.java.Objects.TestDataDetails@22b6f7, 23=com.java.Objects.TestDataDetails@1aa0439, 22=com.java.Objects.TestDataDetails@ada2b5, 25=com.java.Objects.TestDataDetails@20b053, 24=com.java.Objects.TestDataDetails@115391f, 27=com.java.Objects.TestDataDetails@93458a, 26=com.java.Objects.TestDataDetails@5cb24d, 29=com.java.Objects.TestDataDetails@795e57, 28=com.java.Objects.TestDataDetails@12a6774, 30=com.java.Objects.TestDataDetails@73010c}
[INFO ][2015-12-11 12:01:56,575][com.java.TestType] [  481] -  str(1) = 5
[INFO ][2015-12-11 12:01:56,575][com.java.TestType] [  484] - Test case Id is---5
[INFO ][2015-12-11 12:01:56,575][com.java.TestType] [  486] - 5
[INFO ][2015-12-11 12:01:56,575][com.java.TestType] [  481] -  str(2) = 31
[INFO ][2015-12-11 12:01:56,575][com.java.TestType] [  533] - row values are--------{1=com.java.Objects.TestDataDetails@91b50f, 2=com.java.Objects.TestDataDetails@1a4c512, 3=com.java.Objects.TestDataDetails@c8ab35, 4=com.java.Objects.TestDataDetails@5f532e, 5=com.java.Objects.TestDataDetails@7c2ed9, 6=com.java.Objects.TestDataDetails@1ffef5a, 7=com.java.Objects.TestDataDetails@183f9df, 8=com.java.Objects.TestDataDetails@863cf9, 9=com.java.Objects.TestDataDetails@b37537, 10=com.java.Objects.TestDataDetails@55eb0e, 11=com.java.Objects.TestDataDetails@23e7c4, 12=com.java.Objects.TestDataDetails@db0359, 13=com.java.Objects.TestDataDetails@885c6a, 14=com.java.Objects.TestDataDetails@e51242, 15=com.java.Objects.TestDataDetails@1d3f1cb, 17=com.java.Objects.TestDataDetails@4ceb56, 16=com.java.Objects.TestDataDetails@f9b0e3, 19=com.java.Objects.TestDataDetails@fe544, 18=com.java.Objects.TestDataDetails@183786, 21=com.java.Objects.TestDataDetails@1e4472f, 20=com.java.Objects.TestDataDetails@22b6f7, 23=com.java.Objects.TestDataDetails@1aa0439, 22=com.java.Objects.TestDataDetails@ada2b5, 25=com.java.Objects.TestDataDetails@20b053, 24=com.java.Objects.TestDataDetails@115391f, 27=com.java.Objects.TestDataDetails@93458a, 26=com.java.Objects.TestDataDetails@5cb24d, 29=com.java.Objects.TestDataDetails@795e57, 28=com.java.Objects.TestDataDetails@12a6774, 31=com.java.Objects.TestDataDetails@1341bc7, 30=com.java.Objects.TestDataDetails@73010c}
[INFO ][2015-12-11 12:01:56,575][com.java.TestType] [  481] -  str(1) = 5
[INFO ][2015-12-11 12:01:56,575][com.java.TestType] [  484] - Test case Id is---5
[INFO ][2015-12-11 12:01:56,575][com.java.TestType] [  486] - 5
[INFO ][2015-12-11 12:01:56,575][com.java.TestType] [  481] -  str(2) = 32
[INFO ][2015-12-11 12:01:56,575][com.java.TestType] [  533] - row values are--------{1=com.java.Objects.TestDataDetails@91b50f, 2=com.java.Objects.TestDataDetails@1a4c512, 3=com.java.Objects.TestDataDetails@c8ab35, 4=com.java.Objects.TestDataDetails@5f532e, 5=com.java.Objects.TestDataDetails@7c2ed9, 6=com.java.Objects.TestDataDetails@1ffef5a, 7=com.java.Objects.TestDataDetails@183f9df, 8=com.java.Objects.TestDataDetails@863cf9, 9=com.java.Objects.TestDataDetails@b37537, 10=com.java.Objects.TestDataDetails@55eb0e, 11=com.java.Objects.TestDataDetails@23e7c4, 12=com.java.Objects.TestDataDetails@db0359, 13=com.java.Objects.TestDataDetails@885c6a, 14=com.java.Objects.TestDataDetails@e51242, 15=com.java.Objects.TestDataDetails@1d3f1cb, 17=com.java.Objects.TestDataDetails@4ceb56, 16=com.java.Objects.TestDataDetails@f9b0e3, 19=com.java.Objects.TestDataDetails@fe544, 18=com.java.Objects.TestDataDetails@183786, 21=com.java.Objects.TestDataDetails@1e4472f, 20=com.java.Objects.TestDataDetails@22b6f7, 23=com.java.Objects.TestDataDetails@1aa0439, 22=com.java.Objects.TestDataDetails@ada2b5, 25=com.java.Objects.TestDataDetails@20b053, 24=com.java.Objects.TestDataDetails@115391f, 27=com.java.Objects.TestDataDetails@93458a, 26=com.java.Objects.TestDataDetails@5cb24d, 29=com.java.Objects.TestDataDetails@795e57, 28=com.java.Objects.TestDataDetails@12a6774, 31=com.java.Objects.TestDataDetails@1341bc7, 30=com.java.Objects.TestDataDetails@73010c, 32=com.java.Objects.TestDataDetails@19ca8fe}
[INFO ][2015-12-11 12:01:56,575][com.java.TestType] [  481] -  str(1) = 5
[INFO ][2015-12-11 12:01:56,575][com.java.TestType] [  484] - Test case Id is---5
[INFO ][2015-12-11 12:01:56,575][com.java.TestType] [  486] - 5
[INFO ][2015-12-11 12:01:56,575][com.java.TestType] [  481] -  str(2) = 33
[INFO ][2015-12-11 12:01:56,575][com.java.TestType] [  533] - row values are--------{1=com.java.Objects.TestDataDetails@91b50f, 2=com.java.Objects.TestDataDetails@1a4c512, 3=com.java.Objects.TestDataDetails@c8ab35, 4=com.java.Objects.TestDataDetails@5f532e, 5=com.java.Objects.TestDataDetails@7c2ed9, 6=com.java.Objects.TestDataDetails@1ffef5a, 7=com.java.Objects.TestDataDetails@183f9df, 8=com.java.Objects.TestDataDetails@863cf9, 9=com.java.Objects.TestDataDetails@b37537, 10=com.java.Objects.TestDataDetails@55eb0e, 11=com.java.Objects.TestDataDetails@23e7c4, 12=com.java.Objects.TestDataDetails@db0359, 13=com.java.Objects.TestDataDetails@885c6a, 14=com.java.Objects.TestDataDetails@e51242, 15=com.java.Objects.TestDataDetails@1d3f1cb, 17=com.java.Objects.TestDataDetails@4ceb56, 16=com.java.Objects.TestDataDetails@f9b0e3, 19=com.java.Objects.TestDataDetails@fe544, 18=com.java.Objects.TestDataDetails@183786, 21=com.java.Objects.TestDataDetails@1e4472f, 20=com.java.Objects.TestDataDetails@22b6f7, 23=com.java.Objects.TestDataDetails@1aa0439, 22=com.java.Objects.TestDataDetails@ada2b5, 25=com.java.Objects.TestDataDetails@20b053, 24=com.java.Objects.TestDataDetails@115391f, 27=com.java.Objects.TestDataDetails@93458a, 26=com.java.Objects.TestDataDetails@5cb24d, 29=com.java.Objects.TestDataDetails@795e57, 28=com.java.Objects.TestDataDetails@12a6774, 31=com.java.Objects.TestDataDetails@1341bc7, 30=com.java.Objects.TestDataDetails@73010c, 32=com.java.Objects.TestDataDetails@19ca8fe, 33=com.java.Objects.TestDataDetails@190c85b}
[INFO ][2015-12-11 12:01:56,575][com.java.TestType] [10074] - Looping 1TCID = 5
[DEBUG][2015-12-11 12:01:56,575][com.java.TestType] [10115] - Concept ID:5 :: Step being Executed: 5::3
[ERROR][2015-12-11 12:01:56,575][com.java.TestType] [10148] - Exception: null
[INFO ][2015-12-11 12:01:56,575][com.java.TestType] [10153] - dataFields : //span[@class='icon-stack']&&//a[@data-id="SetupPackage"]
[DEBUG][2015-12-11 12:01:56,575][com.java.TestType] [10159] - <In Set values of the page>
[DEBUG][2015-12-11 12:01:56,575][com.java.TestType] [10164] - {Data Fields & Data Values Exist}
[INFO ][2015-12-11 12:01:56,575][com.java.TestType] [10170] - --------------------------setting values-----------------------------
[INFO ][2015-12-11 12:01:56,575][com.java.TestType] [10173] - Action Type : MOUSEOVER
[INFO ][2015-12-11 12:02:19,676][com.java.TestType] [10192] -  RESULT true
[INFO ][2015-12-11 12:02:19,676][com.java.TestType] [10309] - ?   P A S S   ?
[DEBUG][2015-12-11 12:02:19,676][com.java.TestType] [10115] - Concept ID:5 :: Step being Executed: 5::4
[INFO ][2015-12-11 12:02:19,676][com.java.TestType] [10153] - dataFields : XPH//span[contains(text(),'Set Up Report Packages')]
[DEBUG][2015-12-11 12:02:19,676][com.java.TestType] [10159] - <In Set values of the page>
[DEBUG][2015-12-11 12:02:19,676][com.java.TestType] [10164] - {Data Fields & Data Values Exist}
[INFO ][2015-12-11 12:02:19,676][com.java.TestType] [10170] - --------------------------setting values-----------------------------
[INFO ][2015-12-11 12:02:19,676][com.java.TestType] [10173] - Action Type : VERIFY
[INFO ][2015-12-11 12:02:19,676][com.java.TestType] [ 6762] - field= XPH//span[contains(text(),'Set Up Report Packages')] value= Set Up Report Packages
[INFO ][2015-12-11 12:02:19,676][com.java.TestType] [ 5500] - value = Set Up Report Packages
[INFO ][2015-12-11 12:02:19,827][com.java.TestType] [10192] -  RESULT true
[INFO ][2015-12-11 12:02:19,827][com.java.TestType] [10309] - ?   P A S S   ?
[DEBUG][2015-12-11 12:02:19,827][com.java.TestType] [10115] - Concept ID:5 :: Step being Executed: 5::5
[ERROR][2015-12-11 12:02:19,827][com.java.TestType] [10148] - Exception: null
[INFO ][2015-12-11 12:02:19,827][com.java.TestType] [10153] - dataFields : BTNframeDialogContent
[DEBUG][2015-12-11 12:02:19,827][com.java.TestType] [10159] - <In Set values of the page>
[DEBUG][2015-12-11 12:02:19,827][com.java.TestType] [10164] - {Data Fields & Data Values Exist}
[INFO ][2015-12-11 12:02:19,827][com.java.TestType] [10170] - --------------------------setting values-----------------------------
[INFO ][2015-12-11 12:02:19,827][com.java.TestType] [10173] - Action Type : SELECTFRAME
[INFO ][2015-12-11 12:02:21,058][com.java.TestType] [10192] -  RESULT true
[INFO ][2015-12-11 12:02:21,058][com.java.TestType] [10309] - ?   P A S S   ?
[DEBUG][2015-12-11 12:02:21,058][com.java.TestType] [10115] - Concept ID:5 :: Step being Executed: 5::6
[ERROR][2015-12-11 12:02:21,058][com.java.TestType] [10148] - Exception: null
[INFO ][2015-12-11 12:02:21,058][com.java.TestType] [10153] - dataFields : HDN//span[@class='glyphicon glyphicon-plus']
[DEBUG][2015-12-11 12:02:21,058][com.java.TestType] [10159] - <In Set values of the page>
[DEBUG][2015-12-11 12:02:21,058][com.java.TestType] [10164] - {Data Fields & Data Values Exist}
[INFO ][2015-12-11 12:02:21,058][com.java.TestType] [10170] - --------------------------setting values-----------------------------
[INFO ][2015-12-11 12:02:21,058][com.java.TestType] [10173] - Action Type : CLICK
[INFO ][2015-12-11 12:02:21,058][com.java.TestType] [ 5849] - Field ::HDN//span[@class='glyphicon glyphicon-plus']
[INFO ][2015-12-11 12:02:21,058][com.java.TestType] [ 5500] - value = 
[INFO ][2015-12-11 12:02:22,299][com.java.TestType] [10192] -  RESULT true
[INFO ][2015-12-11 12:02:22,299][com.java.TestType] [10309] - ?   P A S S   ?
[DEBUG][2015-12-11 12:02:22,299][com.java.TestType] [10115] - Concept ID:5 :: Step being Executed: 5::7
[INFO ][2015-12-11 12:02:22,299][com.java.TestType] [10153] - dataFields : XPH//span[@class='dlg_Label']
[DEBUG][2015-12-11 12:02:22,299][com.java.TestType] [10159] - <In Set values of the page>
[DEBUG][2015-12-11 12:02:22,299][com.java.TestType] [10164] - {Data Fields & Data Values Exist}
[INFO ][2015-12-11 12:02:22,299][com.java.TestType] [10170] - --------------------------setting values-----------------------------
[INFO ][2015-12-11 12:02:22,299][com.java.TestType] [10173] - Action Type : WAITFORELEMENT
[INFO ][2015-12-11 12:02:22,319][com.java.TestType] [10192] -  RESULT true
[INFO ][2015-12-11 12:02:22,319][com.java.TestType] [10309] - ?   P A S S   ?
[DEBUG][2015-12-11 12:02:22,319][com.java.TestType] [10115] - Concept ID:5 :: Step being Executed: 5::8
[INFO ][2015-12-11 12:02:22,319][com.java.TestType] [10153] - dataFields : XPH//span[@class='dlg_Label']
[DEBUG][2015-12-11 12:02:22,319][com.java.TestType] [10159] - <In Set values of the page>
[DEBUG][2015-12-11 12:02:22,319][com.java.TestType] [10164] - {Data Fields & Data Values Exist}
[INFO ][2015-12-11 12:02:22,319][com.java.TestType] [10170] - --------------------------setting values-----------------------------
[INFO ][2015-12-11 12:02:22,319][com.java.TestType] [10173] - Action Type : VERIFY
[INFO ][2015-12-11 12:02:22,319][com.java.TestType] [ 6762] - field= XPH//span[@class='dlg_Label'] value= Package Name
[INFO ][2015-12-11 12:02:22,319][com.java.TestType] [ 5500] - value = Package Name
[INFO ][2015-12-11 12:02:22,429][com.java.TestType] [10192] -  RESULT true
[INFO ][2015-12-11 12:02:22,429][com.java.TestType] [10309] - ?   P A S S   ?
[DEBUG][2015-12-11 12:02:22,429][com.java.TestType] [10115] - Concept ID:5 :: Step being Executed: 5::9
[ERROR][2015-12-11 12:02:22,429][com.java.TestType] [10148] - Exception: null
[INFO ][2015-12-11 12:02:22,429][com.java.TestType] [10153] - dataFields : XPH//div[contains(@id,'ember')]/div//input[contains(@class, 'ember-view ember-text-')]
[DEBUG][2015-12-11 12:02:22,429][com.java.TestType] [10159] - <In Set values of the page>
[DEBUG][2015-12-11 12:02:22,429][com.java.TestType] [10164] - {Data Fields & Data Values Exist}
[INFO ][2015-12-11 12:02:22,429][com.java.TestType] [10170] - --------------------------setting values-----------------------------
[INFO ][2015-12-11 12:02:22,429][com.java.TestType] [10173] - Action Type : CLICK
[INFO ][2015-12-11 12:02:22,429][com.java.TestType] [ 5849] - Field ::XPH//div[contains(@id,'ember')]/div//input[contains(@class, 'ember-view ember-text-')]
[INFO ][2015-12-11 12:02:22,429][com.java.TestType] [ 5500] - value = 
[INFO ][2015-12-11 12:02:23,429][com.java.TestType] [ 5956] - BEFORE CLICK
[INFO ][2015-12-11 12:02:24,179][com.java.TestType] [ 5964] - Unable to click the object PackageName Textfield
[INFO ][2015-12-11 12:02:24,179][com.java.TestType] [10192] -  RESULT true
[INFO ][2015-12-11 12:02:24,179][com.java.TestType] [10309] - ?   P A S S   ?
[DEBUG][2015-12-11 12:02:24,179][com.java.TestType] [10115] - Concept ID:5 :: Step being Executed: 5::10
[INFO ][2015-12-11 12:02:24,179][com.java.TestType] [10153] - dataFields : TXT//div[contains(@id,'ember')]/div//input[contains(@class, 'ember-view ember-text-')]
[DEBUG][2015-12-11 12:02:24,179][com.java.TestType] [10159] - <In Set values of the page>
[DEBUG][2015-12-11 12:02:24,179][com.java.TestType] [10164] - {Data Fields & Data Values Exist}
[INFO ][2015-12-11 12:02:24,179][com.java.TestType] [10170] - --------------------------setting values-----------------------------
[INFO ][2015-12-11 12:02:24,179][com.java.TestType] [10173] - Action Type : CLEARANDENTER
[INFO ][2015-12-11 12:02:24,179][com.java.TestType] [ 5500] - value = VL_Test#61825
[INFO ][2015-12-11 12:02:25,130][com.java.TestType] [10192] -  RESULT true
[INFO ][2015-12-11 12:02:25,130][com.java.TestType] [10309] - ?   P A S S   ?
[DEBUG][2015-12-11 12:02:25,130][com.java.TestType] [10115] - Concept ID:5 :: Step being Executed: 5::11
[INFO ][2015-12-11 12:02:25,130][com.java.TestType] [10153] - dataFields : TXT//input[@class="ember-view ember-text-field form-control"]
[DEBUG][2015-12-11 12:02:25,130][com.java.TestType] [10159] - <In Set values of the page>
[DEBUG][2015-12-11 12:02:25,130][com.java.TestType] [10164] - {Data Fields & Data Values Exist}
[INFO ][2015-12-11 12:02:25,130][com.java.TestType] [10170] - --------------------------setting values-----------------------------
[INFO ][2015-12-11 12:02:25,130][com.java.TestType] [10173] - Action Type : STOREVALUE
[INFO ][2015-12-11 12:02:25,130][com.java.TestType] [ 7940] - field= TXT//input[@class="ember-view ember-text-field form-control"]
[DEBUG][2015-12-11 12:02:25,190][com.java.TestType] [ 7954] - Key:: PackageName  Value:: VL_Test#61825
[INFO ][2015-12-11 12:02:25,190][com.java.TestType] [10192] -  RESULT true
[INFO ][2015-12-11 12:02:25,190][com.java.TestType] [10309] - ?   P A S S   ?
[DEBUG][2015-12-11 12:02:25,190][com.java.TestType] [10115] - Concept ID:5 :: Step being Executed: 5::12
[INFO ][2015-12-11 12:02:25,190][com.java.TestType] [10153] - dataFields : null
[DEBUG][2015-12-11 12:02:25,190][com.java.TestType] [10159] - <In Set values of the page>
[INFO ][2015-12-11 12:02:25,190][com.java.TestType] [10309] - ?   P A S S   ?
[INFO ][2015-12-11 12:02:25,190][com.java.TestType] [10380] - Looping End......
[INFO ][2015-12-11 12:02:25,190][com.java.SeleniumDriver] [  894] -  RESULT true
[INFO ][2015-12-11 12:02:25,190][com.java.SeleniumDriver] [ 1100] - ?   P A S S   ?
[INFO ][2015-12-11 12:02:25,190][com.java.SeleniumDriver] [  821] - ------------------------------------------
[INFO ][2015-12-11 12:02:25,190][com.java.SeleniumDriver] [  822] - Test case being Executed: 8
[INFO ][2015-12-11 12:02:25,190][com.java.SeleniumDriver] [  833] - Test step:5
[INFO ][2015-12-11 12:02:25,190][com.java.SeleniumDriver] [  845] - Datavalue is----------3
[INFO ][2015-12-11 12:02:25,190][com.java.SeleniumDriver] [  869] - DataField : null
[INFO ][2015-12-11 12:02:25,190][com.java.SeleniumDriver] [  871] - DataValue : 3
[INFO ][2015-12-11 12:02:25,190][com.java.SeleniumDriver] [  877] - <In Set values of the page>
[INFO ][2015-12-11 12:02:25,190][com.java.SeleniumDriver] [  880] - {Data Fields & Data Values Exist}
[INFO ][2015-12-11 12:02:25,190][com.java.SeleniumDriver] [  882] - --------------------------setting values-----------------------------
[INFO ][2015-12-11 12:02:25,190][com.java.SeleniumDriver] [  885] - Action Type : WAITTIME
[DEBUG][2015-12-11 12:02:25,190][com.java.TestType] [ 5320] - sleepTime: 3000
[INFO ][2015-12-11 12:02:28,191][com.java.SeleniumDriver] [  894] -  RESULT true
[INFO ][2015-12-11 12:02:28,191][com.java.SeleniumDriver] [ 1100] - ?   P A S S   ?
[INFO ][2015-12-11 12:02:28,191][com.java.SeleniumDriver] [  821] - ------------------------------------------
[INFO ][2015-12-11 12:02:28,191][com.java.SeleniumDriver] [  822] - Test case being Executed: 8
[INFO ][2015-12-11 12:02:28,191][com.java.SeleniumDriver] [  833] - Test step:6
[INFO ][2015-12-11 12:02:28,191][com.java.SeleniumDriver] [  845] - Datavalue is----------FEW:Executive Summary|Ratio Analysis|Balance Sheet|Funding Mix
[INFO ][2015-12-11 12:02:28,191][com.java.SeleniumDriver] [  869] - DataField : SLB//select[@action='goToNewReport']
[INFO ][2015-12-11 12:02:28,191][com.java.SeleniumDriver] [  871] - DataValue : FEW:Executive Summary|Ratio Analysis|Balance Sheet|Funding Mix
[INFO ][2015-12-11 12:02:28,191][com.java.SeleniumDriver] [  877] - <In Set values of the page>
[INFO ][2015-12-11 12:02:28,191][com.java.SeleniumDriver] [  880] - {Data Fields & Data Values Exist}
[INFO ][2015-12-11 12:02:28,191][com.java.SeleniumDriver] [  882] - --------------------------setting values-----------------------------
[INFO ][2015-12-11 12:02:28,191][com.java.SeleniumDriver] [  885] - Action Type : VERIFY
[INFO ][2015-12-11 12:02:28,191][com.java.TestType] [ 6762] - field= SLB//select[@action='goToNewReport'] value= FEW:Executive Summary|Ratio Analysis|Balance Sheet|Funding Mix
[INFO ][2015-12-11 12:02:28,191][com.java.TestType] [ 5500] - value = FEW:Executive Summary|Ratio Analysis|Balance Sheet|Funding Mix
[INFO ][2015-12-11 12:02:28,191][com.java.TestType] [ 5500] - value = Executive Summary|Ratio Analysis|Balance Sheet|Funding Mix
[DEBUG][2015-12-11 12:02:48,593][com.java.TestType] [  871] - Unable to perform actionSLB//select[@action='goToNewReport']
[ERROR][2015-12-11 12:02:48,593][com.java.TestType] [  872] - Exception: null
[INFO ][2015-12-11 12:02:48,593][com.java.SeleniumDriver] [  894] -  RESULT false
[INFO ][2015-12-11 12:02:48,593][com.java.SeleniumDriver] [  941] - ?   F A I L   ?
[INFO ][2015-12-11 12:02:48,593][com.java.SeleniumDriver] [  949] - Browser Type : IE10
[INFO ][2015-12-11 12:02:48,593][com.java.SeleniumDriver] [  950] - Adding Failed case8
[INFO ][2015-12-11 12:02:49,374][com.java.SeleniumDriver] [ 1064] - failedCases = 7-8
[ERROR][2015-12-11 12:02:49,374][com.java.SeleniumDriver] [ 1561] - Platform Errors : Our apologies...::We have encountered an issue with your request.::Our apologies?:We encountered an issue with your request.
[INFO ][2015-12-11 12:02:49,374][com.java.SeleniumDriver] [ 1565] - Length =3
[ERROR][2015-12-11 12:02:49,374][com.java.SeleniumDriver] [ 1568] - Error 0 = Our apologies...
[ERROR][2015-12-11 12:02:49,404][com.java.SeleniumDriver] [ 1568] - Error 1 = We have encountered an issue with your request.
[ERROR][2015-12-11 12:02:49,414][com.java.SeleniumDriver] [ 1568] - Error 2 = Our apologies?:We encountered an issue with your request.
[INFO ][2015-12-11 12:02:49,424][com.java.SeleniumDriver] [ 1579] - strError:
[DEBUG][2015-12-11 12:02:49,434][com.java.SeleniumDriver] [ 1212] - Case found
[DEBUG][2015-12-11 12:02:49,434][com.java.SeleniumDriver] [ 1217] - Incrementing ReportCounters[0]:3
[INFO ][2015-12-11 12:02:49,434][com.java.SeleniumDriver] [ 1236] - The results are-------------------[8, 6, Report Packages: Set Up, Fail, 
Test case failed at Step No. :: 6. Screen Shot : D:\BankersDashboard\TestReports\121115\8_121115_120248_IE10.png, Fri Dec 11 12:02:49 IST 2015]
[INFO ][2015-12-11 12:02:49,434][com.java.SeleniumDriver] [ 1240] - End time is-------9 min 28 sec
[INFO ][2015-12-11 12:02:49,434][com.java.SeleniumDriver] [ 1241] - The results are-------------------[8, 6, Report Packages: Set Up, Fail, 
Test case failed at Step No. :: 6. Screen Shot : D:\BankersDashboard\TestReports\121115\8_121115_120248_IE10.png, Fri Dec 11 12:02:49 IST 2015]
[DEBUG][2015-12-11 12:02:49,434][com.java.ImportnExport.ExportTestResultsExcel] [  222] - testResultPath = D:\BankersDashboard/TestReports/Test Results_BankersDashBoard_121115_115322_IE10_First Bank.xls
[DEBUG][2015-12-11 12:02:49,434][com.java.ImportnExport.ExportTestResultsExcel] [  223] - browser is------------IE10
[DEBUG][2015-12-11 12:02:49,434][com.java.ImportnExport.ExportTestResultsExcel] [  270] - result.size() = 6
[DEBUG][2015-12-11 12:02:49,434][com.java.ImportnExport.ExportTestResultsExcel] [  274] - No of rows in sheet=3
[DEBUG][2015-12-11 12:02:49,434][com.java.ImportnExport.ExportTestResultsExcel] [  301] - ..in export..8
[DEBUG][2015-12-11 12:02:49,434][com.java.ImportnExport.ExportTestResultsExcel] [  301] - ..in export..Report Packages: Set Up
[DEBUG][2015-12-11 12:02:49,434][com.java.ImportnExport.ExportTestResultsExcel] [  301] - ..in export..Fail
[DEBUG][2015-12-11 12:02:49,434][com.java.ImportnExport.ExportTestResultsExcel] [  301] - ..in export..
Test case failed at Step No. :: 6. Screen Shot : D:\BankersDashboard\TestReports\121115\8_121115_120248_IE10.png
[DEBUG][2015-12-11 12:02:49,434][com.java.ImportnExport.ExportTestResultsExcel] [  301] - ..in export..Fri Dec 11 12:02:49 IST 2015
[INFO ][2015-12-11 12:02:49,434][com.java.SeleniumDriver] [ 1299] - out loop:2 size:4 TestCases:[1, 7, 8, 9] testcases:[1, 7, 8, 9]
[INFO ][2015-12-11 12:02:49,434][com.java.ImportnExport.ImportTestDataDetailsExcel] [   49] - test data details path===== D:\BankersDashboard\TestInputs\TestData.xls
[INFO ][2015-12-11 12:03:18,861][com.java.SeleniumDriver] [  821] - ------------------------------------------
[INFO ][2015-12-11 12:03:18,861][com.java.SeleniumDriver] [  822] - Test case being Executed: 9
[INFO ][2015-12-11 12:03:18,861][com.java.SeleniumDriver] [  833] - Test step:1
[INFO ][2015-12-11 12:03:18,861][com.java.SeleniumDriver] [  845] - Datavalue is----------Logout
[INFO ][2015-12-11 12:03:18,861][com.java.SeleniumDriver] [  869] - DataField : BTN
[INFO ][2015-12-11 12:03:18,861][com.java.SeleniumDriver] [  871] - DataValue : Logout
[INFO ][2015-12-11 12:03:18,861][com.java.SeleniumDriver] [  877] - <In Set values of the page>
[INFO ][2015-12-11 12:03:18,861][com.java.SeleniumDriver] [  880] - {Data Fields & Data Values Exist}
[INFO ][2015-12-11 12:03:18,861][com.java.SeleniumDriver] [  882] - --------------------------setting values-----------------------------
[INFO ][2015-12-11 12:03:18,861][com.java.SeleniumDriver] [  885] - Action Type : Verify
[INFO ][2015-12-11 12:03:18,861][com.java.TestType] [ 6762] - field= BTN value= Logout
[INFO ][2015-12-11 12:03:18,861][com.java.TestType] [ 5500] - value = Logout
[INFO ][2015-12-11 12:03:18,952][com.java.SeleniumDriver] [  894] -  RESULT true
[INFO ][2015-12-11 12:03:18,952][com.java.SeleniumDriver] [ 1100] - ?   P A S S   ?
[INFO ][2015-12-11 12:03:18,952][com.java.SeleniumDriver] [ 1142] - step change to 3
[INFO ][2015-12-11 12:03:18,952][com.java.SeleniumDriver] [  821] - ------------------------------------------
[INFO ][2015-12-11 12:03:18,952][com.java.SeleniumDriver] [  822] - Test case being Executed: 9
[INFO ][2015-12-11 12:03:18,952][com.java.SeleniumDriver] [  833] - Test step:3
[INFO ][2015-12-11 12:03:18,952][com.java.SeleniumDriver] [  845] - Datavalue is----------Concept#2:1-2
[INFO ][2015-12-11 12:03:18,952][com.java.SeleniumDriver] [  869] - DataField : test
[INFO ][2015-12-11 12:03:18,952][com.java.SeleniumDriver] [  871] - DataValue : Concept#2:1-2
[INFO ][2015-12-11 12:03:18,952][com.java.SeleniumDriver] [  877] - <In Set values of the page>
[INFO ][2015-12-11 12:03:18,952][com.java.SeleniumDriver] [  880] - {Data Fields & Data Values Exist}
[INFO ][2015-12-11 12:03:18,952][com.java.SeleniumDriver] [  882] - --------------------------setting values-----------------------------
[INFO ][2015-12-11 12:03:18,952][com.java.SeleniumDriver] [  885] - Action Type : ExecuteTestCase
[INFO ][2015-12-11 12:03:18,952][com.java.TestType] [  436] - The Concept sheet name is ---------- Concept
[INFO ][2015-12-11 12:03:18,952][com.java.TestType] [  439] - The Concept ID  is ---------- 2
[DEBUG][2015-12-11 12:03:18,952][com.java.TestType] [  443] - Steps being executted in the Concept are: 1:2
[INFO ][2015-12-11 12:03:18,952][com.java.TestType] [  450] - Test data details path ---------- D:\BankersDashboard\TestInputs\TestData.xls
[INFO ][2015-12-11 12:03:18,982][com.java.TestType] [  481] -  str(1) = 2
[INFO ][2015-12-11 12:03:18,982][com.java.TestType] [  484] - Test case Id is---2
[INFO ][2015-12-11 12:03:18,982][com.java.TestType] [  486] - 2
[INFO ][2015-12-11 12:03:18,982][com.java.TestType] [  481] -  str(2) = 1
[INFO ][2015-12-11 12:03:18,982][com.java.TestType] [  533] - row values are--------{1=com.java.Objects.TestDataDetails@972cc3}
[INFO ][2015-12-11 12:03:18,982][com.java.TestType] [  481] -  str(1) = 2
[INFO ][2015-12-11 12:03:18,982][com.java.TestType] [  484] - Test case Id is---2
[INFO ][2015-12-11 12:03:18,982][com.java.TestType] [  486] - 2
[INFO ][2015-12-11 12:03:18,982][com.java.TestType] [  481] -  str(2) = 2
[INFO ][2015-12-11 12:03:18,982][com.java.TestType] [  533] - row values are--------{1=com.java.Objects.TestDataDetails@972cc3, 2=com.java.Objects.TestDataDetails@2d6940}
[INFO ][2015-12-11 12:03:18,982][com.java.TestType] [  481] -  str(1) = 2
[INFO ][2015-12-11 12:03:18,982][com.java.TestType] [  484] - Test case Id is---2
[INFO ][2015-12-11 12:03:18,982][com.java.TestType] [  486] - 2
[INFO ][2015-12-11 12:03:18,982][com.java.TestType] [  481] -  str(2) = 3
[INFO ][2015-12-11 12:03:18,982][com.java.TestType] [  533] - row values are--------{1=com.java.Objects.TestDataDetails@972cc3, 2=com.java.Objects.TestDataDetails@2d6940, 3=com.java.Objects.TestDataDetails@1e961de}
[INFO ][2015-12-11 12:03:18,982][com.java.TestType] [10074] - Looping 1TCID = 2
[DEBUG][2015-12-11 12:03:18,982][com.java.TestType] [10115] - Concept ID:2 :: Step being Executed: 2::1
[INFO ][2015-12-11 12:03:18,982][com.java.TestType] [10153] - dataFields : BNK//select[@id='bank']
[DEBUG][2015-12-11 12:03:18,982][com.java.TestType] [10159] - <In Set values of the page>
[DEBUG][2015-12-11 12:03:18,982][com.java.TestType] [10164] - {Data Fields & Data Values Exist}
[INFO ][2015-12-11 12:03:18,982][com.java.TestType] [10170] - --------------------------setting values-----------------------------
[INFO ][2015-12-11 12:03:18,982][com.java.TestType] [10173] - Action Type : Select
[INFO ][2015-12-11 12:03:18,982][com.java.TestType] [ 5500] - value = PFC
[INFO ][2015-12-11 12:03:19,182][com.java.TestType] [10192] -  RESULT true
[INFO ][2015-12-11 12:03:19,182][com.java.TestType] [10309] - ?   P A S S   ?
[DEBUG][2015-12-11 12:03:19,182][com.java.TestType] [10115] - Concept ID:2 :: Step being Executed: 2::2
[INFO ][2015-12-11 12:03:19,182][com.java.TestType] [10153] - dataFields : LNKLogout
[DEBUG][2015-12-11 12:03:19,182][com.java.TestType] [10159] - <In Set values of the page>
[DEBUG][2015-12-11 12:03:19,182][com.java.TestType] [10164] - {Data Fields & Data Values Exist}
[INFO ][2015-12-11 12:03:19,182][com.java.TestType] [10170] - --------------------------setting values-----------------------------
[INFO ][2015-12-11 12:03:19,182][com.java.TestType] [10173] - Action Type : WaitTime
[DEBUG][2015-12-11 12:03:19,182][com.java.TestType] [ 5320] - sleepTime: 5000
[INFO ][2015-12-11 12:03:24,182][com.java.TestType] [10192] -  RESULT true
[INFO ][2015-12-11 12:03:24,182][com.java.TestType] [10309] - ?   P A S S   ?
[INFO ][2015-12-11 12:03:24,182][com.java.TestType] [10380] - Looping End......
[INFO ][2015-12-11 12:03:24,182][com.java.SeleniumDriver] [  894] -  RESULT true
[INFO ][2015-12-11 12:03:24,182][com.java.SeleniumDriver] [ 1100] - ?   P A S S   ?
[INFO ][2015-12-11 12:03:24,182][com.java.SeleniumDriver] [  821] - ------------------------------------------
[INFO ][2015-12-11 12:03:24,182][com.java.SeleniumDriver] [  822] - Test case being Executed: 9
[INFO ][2015-12-11 12:03:24,182][com.java.SeleniumDriver] [  833] - Test step:4
[INFO ][2015-12-11 12:03:24,182][com.java.SeleniumDriver] [  845] - Datavalue is----------null
[DEBUG][2015-12-11 12:03:24,182][com.java.SeleniumDriver] [  863] - Exception: null
[INFO ][2015-12-11 12:03:24,182][com.java.SeleniumDriver] [  869] - DataField : //span[@class='icon-stack']&&//a[@data-id='RunPackage']
[INFO ][2015-12-11 12:03:24,182][com.java.SeleniumDriver] [  871] - DataValue : 
[INFO ][2015-12-11 12:03:24,182][com.java.SeleniumDriver] [  877] - <In Set values of the page>
[INFO ][2015-12-11 12:03:24,182][com.java.SeleniumDriver] [  880] - {Data Fields & Data Values Exist}
[INFO ][2015-12-11 12:03:24,182][com.java.SeleniumDriver] [  882] - --------------------------setting values-----------------------------
[INFO ][2015-12-11 12:03:24,182][com.java.SeleniumDriver] [  885] - Action Type : MOUSEOVER
[INFO ][2015-12-11 12:03:47,189][com.java.SeleniumDriver] [  894] -  RESULT true
[INFO ][2015-12-11 12:03:47,189][com.java.SeleniumDriver] [ 1100] - ?   P A S S   ?
[INFO ][2015-12-11 12:03:47,189][com.java.SeleniumDriver] [  821] - ------------------------------------------
[INFO ][2015-12-11 12:03:47,189][com.java.SeleniumDriver] [  822] - Test case being Executed: 9
[INFO ][2015-12-11 12:03:47,189][com.java.SeleniumDriver] [  833] - Test step:5
[INFO ][2015-12-11 12:03:47,189][com.java.SeleniumDriver] [  845] - Datavalue is----------Run Report Package
[INFO ][2015-12-11 12:03:47,189][com.java.SeleniumDriver] [  869] - DataField : XPH//span[contains(text(),'Run Report Package')]
[INFO ][2015-12-11 12:03:47,189][com.java.SeleniumDriver] [  871] - DataValue : Run Report Package
[INFO ][2015-12-11 12:03:47,189][com.java.SeleniumDriver] [  877] - <In Set values of the page>
[INFO ][2015-12-11 12:03:47,189][com.java.SeleniumDriver] [  880] - {Data Fields & Data Values Exist}
[INFO ][2015-12-11 12:03:47,189][com.java.SeleniumDriver] [  882] - --------------------------setting values-----------------------------
[INFO ][2015-12-11 12:03:47,189][com.java.SeleniumDriver] [  885] - Action Type : VERIFY
[INFO ][2015-12-11 12:03:47,189][com.java.TestType] [ 6762] - field= XPH//span[contains(text(),'Run Report Package')] value= Run Report Package
[INFO ][2015-12-11 12:03:47,189][com.java.TestType] [ 5500] - value = Run Report Package
[INFO ][2015-12-11 12:03:47,351][com.java.SeleniumDriver] [  894] -  RESULT true
[INFO ][2015-12-11 12:03:47,351][com.java.SeleniumDriver] [ 1100] - ?   P A S S   ?
[INFO ][2015-12-11 12:03:47,351][com.java.SeleniumDriver] [  821] - ------------------------------------------
[INFO ][2015-12-11 12:03:47,351][com.java.SeleniumDriver] [  822] - Test case being Executed: 9
[INFO ][2015-12-11 12:03:47,351][com.java.SeleniumDriver] [  833] - Test step:6
[INFO ][2015-12-11 12:03:47,351][com.java.SeleniumDriver] [  845] - Datavalue is----------null
[DEBUG][2015-12-11 12:03:47,351][com.java.SeleniumDriver] [  863] - Exception: null
[INFO ][2015-12-11 12:03:47,351][com.java.SeleniumDriver] [  869] - DataField : BTNframeDialogContent
[INFO ][2015-12-11 12:03:47,351][com.java.SeleniumDriver] [  871] - DataValue : 
[INFO ][2015-12-11 12:03:47,351][com.java.SeleniumDriver] [  877] - <In Set values of the page>
[INFO ][2015-12-11 12:03:47,351][com.java.SeleniumDriver] [  880] - {Data Fields & Data Values Exist}
[INFO ][2015-12-11 12:03:47,351][com.java.SeleniumDriver] [  882] - --------------------------setting values-----------------------------
[INFO ][2015-12-11 12:03:47,351][com.java.SeleniumDriver] [  885] - Action Type : SELECTFRAME
