[INFO ][2016-02-09 22:04:44,606][com.java.SeleniumDriver] [  213] - Execute Failed Casesfalse
[INFO ][2016-02-09 22:04:44,606][com.java.SeleniumDriver] [  214] - Browser: IE10
[INFO ][2016-02-09 22:04:44,611][com.java.SeleniumDriver] [  215] - [1, 8, 9]
[INFO ][2016-02-09 22:04:44,611][com.java.SeleniumDriver] [  216] - Total TestCases:3
[INFO ][2016-02-09 22:04:44,611][com.java.SeleniumDriver] [  217] -  Reading Properties from Property File 
[DEBUG][2016-02-09 22:04:44,611][com.java.SeleniumDriver] [  238] - url : https://clients-xuat.bankersdashboard.com
[INFO ][2016-02-09 22:04:44,613][com.java.ImportnExport.ExportTestResultsExcel] [  116] - Time Stamp Tue Feb 09 10:04:44 IST 2016
[INFO ][2016-02-09 22:04:44,613][com.java.ImportnExport.ExportTestResultsExcel] [  175] - OUT FILE : D:\BankersDashboard/TestReports/Test Results_BankersDashBoard_020916_220444_IE10_Any Bank USA.xls
[INFO ][2016-02-09 22:04:44,643][com.java.ImportnExport.ExportTestResultsExcel] [  180] - Test Result file is created
[DEBUG][2016-02-09 22:04:44,737][com.java.SeleniumDriver] [  426] - Hub ip address is-------172.17.68.34
[INFO ][2016-02-09 22:04:44,738][com.java.SeleniumDriver] [  452] - Grid URL:http://172.17.68.34:4444/wd/hub
[INFO ][2016-02-09 22:04:44,738][com.java.SeleniumDriver] [  453] - Capability:Capabilities [{platform=ANY, ensureCleanSession=true, ignoreProtectedModeSettings=true, acceptSslCerts=true, ignoreZoomSetting=true, browserName=internet explorer, browserstack.ie.noFlash=true, version=null}]
[ERROR][2016-02-09 22:04:46,079][com.java.SeleniumDriver] [  498] - Unable invoke browser in grid:Could not start a new session. Possible causes are invalid address of the remote server or browser start-up failure.
Build info: version: '2.48.2', revision: '41bccdd', time: '2015-10-09 19:59:12'
System info: host: 'FVTIII438F1D', ip: '172.17.68.34', os.name: 'Windows 7', os.arch: 'x86', os.version: '6.1', java.version: '1.7.0_55'
Driver info: driver.version: SeleniumDriver
[INFO ][2016-02-09 22:04:46,079][com.java.SeleniumDriver] [  500] - Executing on local machine
[INFO ][2016-02-09 22:04:56,443][com.java.SeleniumDriver] [  248] - IE10is opened
[INFO ][2016-02-09 22:04:57,300][com.java.SeleniumDriver] [  756] - Test cases to be executed are: [1, 8, 9]
[INFO ][2016-02-09 22:04:57,327][com.java.ImportnExport.ImportTestDataDetailsExcel] [   49] - test data details path===== D:\BankersDashboard\TestInputs\TestData.xls
[INFO ][2016-02-09 22:04:57,407][com.java.SeleniumDriver] [  856] - ------------------------------------------
[INFO ][2016-02-09 22:04:57,407][com.java.SeleniumDriver] [  857] - Test case being Executed: 1
[INFO ][2016-02-09 22:04:57,407][com.java.SeleniumDriver] [  869] - Test step:1
[INFO ][2016-02-09 22:04:57,407][com.java.SeleniumDriver] [  881] - Datavalue is----------Concept#1:1-16
[INFO ][2016-02-09 22:04:57,408][com.java.SeleniumDriver] [  905] - DataField : test
[INFO ][2016-02-09 22:04:57,408][com.java.SeleniumDriver] [  907] - DataValue : Concept#1:1-16
[INFO ][2016-02-09 22:04:57,408][com.java.SeleniumDriver] [  913] - <In Set values of the page>
[INFO ][2016-02-09 22:04:57,408][com.java.SeleniumDriver] [  916] - {Data Fields & Data Values Exist}
[INFO ][2016-02-09 22:04:57,408][com.java.SeleniumDriver] [  918] - --------------------------setting values-----------------------------
[INFO ][2016-02-09 22:04:57,408][com.java.SeleniumDriver] [  921] - Action Type : ExecuteTestCase
[INFO ][2016-02-09 22:04:57,429][com.java.TestType] [  448] - The Concept sheet name is ---------- Concept
[INFO ][2016-02-09 22:04:57,429][com.java.TestType] [  451] - The Concept ID  is ---------- 1
[DEBUG][2016-02-09 22:04:57,429][com.java.TestType] [  455] - Steps being executted in the Concept are: 1:16
[INFO ][2016-02-09 22:04:57,429][com.java.TestType] [  462] - Test data details path ---------- D:\BankersDashboard\TestInputs\TestData.xls
[INFO ][2016-02-09 22:04:57,450][com.java.TestType] [  493] -  str(1) = 1
[INFO ][2016-02-09 22:04:57,451][com.java.TestType] [  496] - Test case Id is---1
[INFO ][2016-02-09 22:04:57,451][com.java.TestType] [  498] - 1
[INFO ][2016-02-09 22:04:57,451][com.java.TestType] [  493] -  str(2) = 1
[INFO ][2016-02-09 22:04:57,453][com.java.TestType] [  493] -  str(1) = 1
[INFO ][2016-02-09 22:04:57,453][com.java.TestType] [  496] - Test case Id is---1
[INFO ][2016-02-09 22:04:57,453][com.java.TestType] [  498] - 1
[INFO ][2016-02-09 22:04:57,453][com.java.TestType] [  493] -  str(2) = 2
[INFO ][2016-02-09 22:04:57,455][com.java.TestType] [  493] -  str(1) = 1
[INFO ][2016-02-09 22:04:57,455][com.java.TestType] [  496] - Test case Id is---1
[INFO ][2016-02-09 22:04:57,455][com.java.TestType] [  498] - 1
[INFO ][2016-02-09 22:04:57,455][com.java.TestType] [  493] -  str(2) = 3
[INFO ][2016-02-09 22:04:57,456][com.java.TestType] [  493] -  str(1) = 1
[INFO ][2016-02-09 22:04:57,456][com.java.TestType] [  496] - Test case Id is---1
[INFO ][2016-02-09 22:04:57,456][com.java.TestType] [  498] - 1
[INFO ][2016-02-09 22:04:57,456][com.java.TestType] [  493] -  str(2) = 4
[INFO ][2016-02-09 22:04:57,459][com.java.TestType] [  493] -  str(1) = 1
[INFO ][2016-02-09 22:04:57,460][com.java.TestType] [  496] - Test case Id is---1
[INFO ][2016-02-09 22:04:57,460][com.java.TestType] [  498] - 1
[INFO ][2016-02-09 22:04:57,460][com.java.TestType] [  493] -  str(2) = 5
[INFO ][2016-02-09 22:04:57,461][com.java.TestType] [  493] -  str(1) = 1
[INFO ][2016-02-09 22:04:57,461][com.java.TestType] [  496] - Test case Id is---1
[INFO ][2016-02-09 22:04:57,461][com.java.TestType] [  498] - 1
[INFO ][2016-02-09 22:04:57,461][com.java.TestType] [  493] -  str(2) = 6
[INFO ][2016-02-09 22:04:57,463][com.java.TestType] [  493] -  str(1) = 1
[INFO ][2016-02-09 22:04:57,463][com.java.TestType] [  496] - Test case Id is---1
[INFO ][2016-02-09 22:04:57,463][com.java.TestType] [  498] - 1
[INFO ][2016-02-09 22:04:57,463][com.java.TestType] [  493] -  str(2) = 7
[INFO ][2016-02-09 22:04:57,464][com.java.TestType] [  493] -  str(1) = 1
[INFO ][2016-02-09 22:04:57,464][com.java.TestType] [  496] - Test case Id is---1
[INFO ][2016-02-09 22:04:57,464][com.java.TestType] [  498] - 1
[INFO ][2016-02-09 22:04:57,464][com.java.TestType] [  493] -  str(2) = 8
[INFO ][2016-02-09 22:04:57,465][com.java.TestType] [  493] -  str(1) = 1
[INFO ][2016-02-09 22:04:57,466][com.java.TestType] [  496] - Test case Id is---1
[INFO ][2016-02-09 22:04:57,466][com.java.TestType] [  498] - 1
[INFO ][2016-02-09 22:04:57,466][com.java.TestType] [  493] -  str(2) = 9
[INFO ][2016-02-09 22:04:57,467][com.java.TestType] [  493] -  str(1) = 1
[INFO ][2016-02-09 22:04:57,467][com.java.TestType] [  496] - Test case Id is---1
[INFO ][2016-02-09 22:04:57,467][com.java.TestType] [  498] - 1
[INFO ][2016-02-09 22:04:57,467][com.java.TestType] [  493] -  str(2) = 10
[INFO ][2016-02-09 22:04:57,468][com.java.TestType] [  493] -  str(1) = 1
[INFO ][2016-02-09 22:04:57,468][com.java.TestType] [  496] - Test case Id is---1
[INFO ][2016-02-09 22:04:57,470][com.java.TestType] [  498] - 1
[INFO ][2016-02-09 22:04:57,470][com.java.TestType] [  493] -  str(2) = 11
[INFO ][2016-02-09 22:04:57,471][com.java.TestType] [  493] -  str(1) = 1
[INFO ][2016-02-09 22:04:57,471][com.java.TestType] [  496] - Test case Id is---1
[INFO ][2016-02-09 22:04:57,471][com.java.TestType] [  498] - 1
[INFO ][2016-02-09 22:04:57,471][com.java.TestType] [  493] -  str(2) = 12
[INFO ][2016-02-09 22:04:57,472][com.java.TestType] [  493] -  str(1) = 1
[INFO ][2016-02-09 22:04:57,472][com.java.TestType] [  496] - Test case Id is---1
[INFO ][2016-02-09 22:04:57,472][com.java.TestType] [  498] - 1
[INFO ][2016-02-09 22:04:57,472][com.java.TestType] [  493] -  str(2) = 13
[INFO ][2016-02-09 22:04:57,473][com.java.TestType] [  493] -  str(1) = 1
[INFO ][2016-02-09 22:04:57,473][com.java.TestType] [  496] - Test case Id is---1
[INFO ][2016-02-09 22:04:57,473][com.java.TestType] [  498] - 1
[INFO ][2016-02-09 22:04:57,473][com.java.TestType] [  493] -  str(2) = 14
[INFO ][2016-02-09 22:04:57,474][com.java.TestType] [  493] -  str(1) = 1
[INFO ][2016-02-09 22:04:57,474][com.java.TestType] [  496] - Test case Id is---1
[INFO ][2016-02-09 22:04:57,474][com.java.TestType] [  498] - 1
[INFO ][2016-02-09 22:04:57,475][com.java.TestType] [  493] -  str(2) = 15
[INFO ][2016-02-09 22:04:57,475][com.java.TestType] [  493] -  str(1) = 1
[INFO ][2016-02-09 22:04:57,475][com.java.TestType] [  496] - Test case Id is---1
[INFO ][2016-02-09 22:04:57,475][com.java.TestType] [  498] - 1
[INFO ][2016-02-09 22:04:57,475][com.java.TestType] [  493] -  str(2) = 16
[INFO ][2016-02-09 22:04:57,476][com.java.TestType] [12135] - Looping 1TCID = 1
[DEBUG][2016-02-09 22:04:57,476][com.java.TestType] [12176] - Concept ID:1 :: Step being Executed: 1::1
[INFO ][2016-02-09 22:04:57,476][com.java.TestType] [12214] - dataFields : TXTusername
[DEBUG][2016-02-09 22:04:57,477][com.java.TestType] [12220] - <In Set values of the page>
[DEBUG][2016-02-09 22:04:57,477][com.java.TestType] [12225] - {Data Fields & Data Values Exist}
[INFO ][2016-02-09 22:04:57,477][com.java.TestType] [12231] - --------------------------setting values-----------------------------
[INFO ][2016-02-09 22:04:57,477][com.java.TestType] [12234] - Action Type : CLEARANDENTER
[INFO ][2016-02-09 22:04:59,767][com.java.TestType] [ 6752] - value = naresh.nayini1.00000
[INFO ][2016-02-09 22:05:02,180][com.java.TestType] [12253] -  RESULT true
[INFO ][2016-02-09 22:05:02,180][com.java.TestType] [12370] - ?   P A S S   ?
[DEBUG][2016-02-09 22:05:02,180][com.java.TestType] [12176] - Concept ID:1 :: Step being Executed: 1::2
[INFO ][2016-02-09 22:05:02,180][com.java.TestType] [12214] - dataFields : TXTpassword
[DEBUG][2016-02-09 22:05:02,180][com.java.TestType] [12220] - <In Set values of the page>
[DEBUG][2016-02-09 22:05:02,181][com.java.TestType] [12225] - {Data Fields & Data Values Exist}
[INFO ][2016-02-09 22:05:02,181][com.java.TestType] [12231] - --------------------------setting values-----------------------------
[INFO ][2016-02-09 22:05:02,181][com.java.TestType] [12234] - Action Type : CLEARANDENTER
[INFO ][2016-02-09 22:05:04,438][com.java.TestType] [ 6752] - value = Password1*
[INFO ][2016-02-09 22:05:06,958][com.java.TestType] [12253] -  RESULT true
[INFO ][2016-02-09 22:05:06,958][com.java.TestType] [12370] - ?   P A S S   ?
[DEBUG][2016-02-09 22:05:06,958][com.java.TestType] [12176] - Concept ID:1 :: Step being Executed: 1::3
[ERROR][2016-02-09 22:05:06,959][com.java.TestType] [12209] - Exception: null
[INFO ][2016-02-09 22:05:06,959][com.java.TestType] [12214] - dataFields : XPH//button[@type='submit']
[DEBUG][2016-02-09 22:05:06,959][com.java.TestType] [12220] - <In Set values of the page>
[DEBUG][2016-02-09 22:05:06,959][com.java.TestType] [12225] - {Data Fields & Data Values Exist}
[INFO ][2016-02-09 22:05:06,959][com.java.TestType] [12231] - --------------------------setting values-----------------------------
[INFO ][2016-02-09 22:05:06,959][com.java.TestType] [12234] - Action Type : Click
[INFO ][2016-02-09 22:05:06,959][com.java.TestType] [ 7153] - Field ::XPH//button[@type='submit']
[INFO ][2016-02-09 22:05:06,959][com.java.TestType] [ 6752] - value = 
[INFO ][2016-02-09 22:05:07,959][com.java.TestType] [ 7330] - BEFORE CLICK
[INFO ][2016-02-09 22:05:11,452][com.java.TestType] [ 7338] - Unable to click the object Login
[INFO ][2016-02-09 22:05:11,452][com.java.TestType] [12253] -  RESULT true
[INFO ][2016-02-09 22:05:11,452][com.java.TestType] [12370] - ?   P A S S   ?
[DEBUG][2016-02-09 22:05:11,452][com.java.TestType] [12176] - Concept ID:1 :: Step being Executed: 1::4
[INFO ][2016-02-09 22:05:11,452][com.java.TestType] [12214] - dataFields : LNKLogout
[DEBUG][2016-02-09 22:05:11,452][com.java.TestType] [12220] - <In Set values of the page>
[DEBUG][2016-02-09 22:05:11,452][com.java.TestType] [12225] - {Data Fields & Data Values Exist}
[INFO ][2016-02-09 22:05:11,452][com.java.TestType] [12231] - --------------------------setting values-----------------------------
[INFO ][2016-02-09 22:05:11,452][com.java.TestType] [12234] - Action Type : WaitForElement
[INFO ][2016-02-09 22:05:11,613][com.java.TestType] [12253] -  RESULT true
[INFO ][2016-02-09 22:05:11,613][com.java.TestType] [12370] - ?   P A S S   ?
[DEBUG][2016-02-09 22:05:11,614][com.java.TestType] [12176] - Concept ID:1 :: Step being Executed: 1::15
[INFO ][2016-02-09 22:05:11,614][com.java.TestType] [12214] - dataFields : LNK
[DEBUG][2016-02-09 22:05:11,614][com.java.TestType] [12220] - <In Set values of the page>
[DEBUG][2016-02-09 22:05:11,614][com.java.TestType] [12225] - {Data Fields & Data Values Exist}
[INFO ][2016-02-09 22:05:11,614][com.java.TestType] [12231] - --------------------------setting values-----------------------------
[INFO ][2016-02-09 22:05:11,614][com.java.TestType] [12234] - Action Type : Verify
[INFO ][2016-02-09 22:05:11,614][com.java.TestType] [ 8386] - field= LNK value= Logout
[INFO ][2016-02-09 22:05:11,617][com.java.TestType] [ 6752] - value = Logout
[INFO ][2016-02-09 22:05:11,653][com.java.TestType] [12253] -  RESULT true
[INFO ][2016-02-09 22:05:11,654][com.java.TestType] [12370] - ?   P A S S   ?
[DEBUG][2016-02-09 22:05:11,654][com.java.TestType] [12176] - Concept ID:1 :: Step being Executed: 1::16
[INFO ][2016-02-09 22:05:11,654][com.java.TestType] [12214] - dataFields : BTN
[DEBUG][2016-02-09 22:05:11,654][com.java.TestType] [12220] - <In Set values of the page>
[DEBUG][2016-02-09 22:05:11,654][com.java.TestType] [12225] - {Data Fields & Data Values Exist}
[INFO ][2016-02-09 22:05:11,654][com.java.TestType] [12231] - --------------------------setting values-----------------------------
[INFO ][2016-02-09 22:05:11,654][com.java.TestType] [12234] - Action Type : Verify
[INFO ][2016-02-09 22:05:11,654][com.java.TestType] [ 8386] - field= BTN value= //img[contains(@src,'bdlogo.jpg')]
[INFO ][2016-02-09 22:05:11,654][com.java.TestType] [ 6752] - value = //img[contains(@src,'bdlogo.jpg')]
[INFO ][2016-02-09 22:05:11,724][com.java.TestType] [12253] -  RESULT true
[INFO ][2016-02-09 22:05:11,724][com.java.TestType] [12370] - ?   P A S S   ?
[INFO ][2016-02-09 22:05:11,724][com.java.TestType] [12441] - Looping End......
[INFO ][2016-02-09 22:05:11,726][com.java.SeleniumDriver] [  930] -  RESULT true
[INFO ][2016-02-09 22:05:11,726][com.java.SeleniumDriver] [ 1136] - ?   P A S S   ?
[INFO ][2016-02-09 22:05:11,726][com.java.SeleniumDriver] [  856] - ------------------------------------------
[INFO ][2016-02-09 22:05:11,726][com.java.SeleniumDriver] [  857] - Test case being Executed: 1
[INFO ][2016-02-09 22:05:11,726][com.java.SeleniumDriver] [  869] - Test step:2
[INFO ][2016-02-09 22:05:11,726][com.java.SeleniumDriver] [  881] - Datavalue is----------Concept#2:1-2
[INFO ][2016-02-09 22:05:11,726][com.java.SeleniumDriver] [  905] - DataField : test
[INFO ][2016-02-09 22:05:11,728][com.java.SeleniumDriver] [  907] - DataValue : Concept#2:1-2
[INFO ][2016-02-09 22:05:11,728][com.java.SeleniumDriver] [  913] - <In Set values of the page>
[INFO ][2016-02-09 22:05:11,728][com.java.SeleniumDriver] [  916] - {Data Fields & Data Values Exist}
[INFO ][2016-02-09 22:05:11,728][com.java.SeleniumDriver] [  918] - --------------------------setting values-----------------------------
[INFO ][2016-02-09 22:05:11,728][com.java.SeleniumDriver] [  921] - Action Type : ExecuteTestCase
[INFO ][2016-02-09 22:05:11,729][com.java.TestType] [  448] - The Concept sheet name is ---------- Concept
[INFO ][2016-02-09 22:05:11,729][com.java.TestType] [  451] - The Concept ID  is ---------- 2
[DEBUG][2016-02-09 22:05:11,729][com.java.TestType] [  455] - Steps being executted in the Concept are: 1:2
[INFO ][2016-02-09 22:05:11,729][com.java.TestType] [  462] - Test data details path ---------- D:\BankersDashboard\TestInputs\TestData.xls
[INFO ][2016-02-09 22:05:11,746][com.java.TestType] [  493] -  str(1) = 2
[INFO ][2016-02-09 22:05:11,746][com.java.TestType] [  496] - Test case Id is---2
[INFO ][2016-02-09 22:05:11,746][com.java.TestType] [  498] - 2
[INFO ][2016-02-09 22:05:11,747][com.java.TestType] [  493] -  str(2) = 1
[INFO ][2016-02-09 22:05:11,748][com.java.TestType] [  493] -  str(1) = 2
[INFO ][2016-02-09 22:05:11,748][com.java.TestType] [  496] - Test case Id is---2
[INFO ][2016-02-09 22:05:11,748][com.java.TestType] [  498] - 2
[INFO ][2016-02-09 22:05:11,748][com.java.TestType] [  493] -  str(2) = 2
[INFO ][2016-02-09 22:05:11,749][com.java.TestType] [  493] -  str(1) = 2
[INFO ][2016-02-09 22:05:11,749][com.java.TestType] [  496] - Test case Id is---2
[INFO ][2016-02-09 22:05:11,749][com.java.TestType] [  498] - 2
[INFO ][2016-02-09 22:05:11,749][com.java.TestType] [  493] -  str(2) = 3
[INFO ][2016-02-09 22:05:11,750][com.java.TestType] [12135] - Looping 1TCID = 2
[DEBUG][2016-02-09 22:05:11,750][com.java.TestType] [12176] - Concept ID:2 :: Step being Executed: 2::1
[INFO ][2016-02-09 22:05:11,751][com.java.TestType] [12214] - dataFields : BNK//select[@id='bank']
[DEBUG][2016-02-09 22:05:11,751][com.java.TestType] [12220] - <In Set values of the page>
[DEBUG][2016-02-09 22:05:11,751][com.java.TestType] [12225] - {Data Fields & Data Values Exist}
[INFO ][2016-02-09 22:05:11,751][com.java.TestType] [12231] - --------------------------setting values-----------------------------
[INFO ][2016-02-09 22:05:11,751][com.java.TestType] [12234] - Action Type : Select
[INFO ][2016-02-09 22:05:11,752][com.java.TestType] [ 6752] - value = PFC
[INFO ][2016-02-09 22:05:11,999][com.java.TestType] [12253] -  RESULT true
[INFO ][2016-02-09 22:05:11,999][com.java.TestType] [12370] - ?   P A S S   ?
[DEBUG][2016-02-09 22:05:11,999][com.java.TestType] [12176] - Concept ID:2 :: Step being Executed: 2::2
[INFO ][2016-02-09 22:05:11,999][com.java.TestType] [12214] - dataFields : LNKLogout
[DEBUG][2016-02-09 22:05:11,999][com.java.TestType] [12220] - <In Set values of the page>
[DEBUG][2016-02-09 22:05:11,999][com.java.TestType] [12225] - {Data Fields & Data Values Exist}
[INFO ][2016-02-09 22:05:12,000][com.java.TestType] [12231] - --------------------------setting values-----------------------------
[INFO ][2016-02-09 22:05:12,000][com.java.TestType] [12234] - Action Type : WaitTime
[DEBUG][2016-02-09 22:05:12,000][com.java.TestType] [ 6561] - sleepTime: 5000
[INFO ][2016-02-09 22:05:17,000][com.java.TestType] [12253] -  RESULT true
[INFO ][2016-02-09 22:05:17,000][com.java.TestType] [12370] - ?   P A S S   ?
[INFO ][2016-02-09 22:05:17,000][com.java.TestType] [12441] - Looping End......
[INFO ][2016-02-09 22:05:17,001][com.java.SeleniumDriver] [  930] -  RESULT true
[INFO ][2016-02-09 22:05:17,001][com.java.SeleniumDriver] [ 1136] - ?   P A S S   ?
[INFO ][2016-02-09 22:05:17,003][com.java.SeleniumDriver] [  856] - ------------------------------------------
[INFO ][2016-02-09 22:05:17,003][com.java.SeleniumDriver] [  857] - Test case being Executed: 1
[INFO ][2016-02-09 22:05:17,003][com.java.SeleniumDriver] [  869] - Test step:3
[INFO ][2016-02-09 22:05:17,003][com.java.SeleniumDriver] [  881] - Datavalue is----------2
[INFO ][2016-02-09 22:05:17,003][com.java.SeleniumDriver] [  905] - DataField : XPH//button[contains(text(),'Add Content')]
[INFO ][2016-02-09 22:05:17,004][com.java.SeleniumDriver] [  907] - DataValue : 2
[INFO ][2016-02-09 22:05:17,004][com.java.SeleniumDriver] [  913] - <In Set values of the page>
[INFO ][2016-02-09 22:05:17,004][com.java.SeleniumDriver] [  916] - {Data Fields & Data Values Exist}
[INFO ][2016-02-09 22:05:17,004][com.java.SeleniumDriver] [  918] - --------------------------setting values-----------------------------
[INFO ][2016-02-09 22:05:17,004][com.java.SeleniumDriver] [  921] - Action Type : WAITFORELEMENT
[INFO ][2016-02-09 22:05:17,041][com.java.SeleniumDriver] [  930] -  RESULT true
[INFO ][2016-02-09 22:05:17,041][com.java.SeleniumDriver] [ 1136] - ?   P A S S   ?
[DEBUG][2016-02-09 22:05:17,041][com.java.SeleniumDriver] [ 1248] - Case found
[DEBUG][2016-02-09 22:05:17,041][com.java.SeleniumDriver] [ 1253] - Incrementing ReportCounters[0]:1
[INFO ][2016-02-09 22:05:17,041][com.java.SeleniumDriver] [ 1272] - The results are-------------------[1, 1, Valid Login, Pass, , Tue Feb 09 22:05:11 IST 2016, 1, 2, Valid Login, Pass, , Tue Feb 09 22:05:17 IST 2016, 1, 3, Valid Login, Pass, , Tue Feb 09 22:05:17 IST 2016]
[INFO ][2016-02-09 22:05:17,042][com.java.SeleniumDriver] [ 1276] - End time is-------34 sec
[INFO ][2016-02-09 22:05:17,042][com.java.SeleniumDriver] [ 1277] - The results are-------------------[1, 1, Valid Login, Pass, , Tue Feb 09 22:05:11 IST 2016, 1, 2, Valid Login, Pass, , Tue Feb 09 22:05:17 IST 2016, 1, 3, Valid Login, Pass, , Tue Feb 09 22:05:17 IST 2016]
[DEBUG][2016-02-09 22:05:17,042][com.java.ImportnExport.ExportTestResultsExcel] [  222] - testResultPath = D:\BankersDashboard/TestReports/Test Results_BankersDashBoard_020916_220444_IE10_Any Bank USA.xls
[DEBUG][2016-02-09 22:05:17,042][com.java.ImportnExport.ExportTestResultsExcel] [  223] - browser is------------IE10
[DEBUG][2016-02-09 22:05:17,086][com.java.ImportnExport.ExportTestResultsExcel] [  270] - result.size() = 18
[DEBUG][2016-02-09 22:05:17,087][com.java.ImportnExport.ExportTestResultsExcel] [  274] - No of rows in sheet=1
[DEBUG][2016-02-09 22:05:17,088][com.java.ImportnExport.ExportTestResultsExcel] [  301] - ..in export..1
[DEBUG][2016-02-09 22:05:17,088][com.java.ImportnExport.ExportTestResultsExcel] [  301] - ..in export..Valid Login
[DEBUG][2016-02-09 22:05:17,088][com.java.ImportnExport.ExportTestResultsExcel] [  301] - ..in export..Pass
[DEBUG][2016-02-09 22:05:17,088][com.java.ImportnExport.ExportTestResultsExcel] [  301] - ..in export..
[DEBUG][2016-02-09 22:05:17,088][com.java.ImportnExport.ExportTestResultsExcel] [  301] - ..in export..Tue Feb 09 22:05:11 IST 2016
[INFO ][2016-02-09 22:05:17,090][com.java.SeleniumDriver] [ 1337] - out loop:0 size:3 TestCases:[1, 8, 9] testcases:[1, 8, 9]
[INFO ][2016-02-09 22:05:17,090][com.java.ImportnExport.ImportTestDataDetailsExcel] [   49] - test data details path===== D:\BankersDashboard\TestInputs\TestData.xls
[INFO ][2016-02-09 22:05:32,332][com.java.SeleniumDriver] [  856] - ------------------------------------------
[INFO ][2016-02-09 22:05:32,332][com.java.SeleniumDriver] [  857] - Test case being Executed: 8
[INFO ][2016-02-09 22:05:32,332][com.java.SeleniumDriver] [  869] - Test step:1
[INFO ][2016-02-09 22:05:32,332][com.java.SeleniumDriver] [  881] - Datavalue is----------Logout
[INFO ][2016-02-09 22:05:32,332][com.java.SeleniumDriver] [  905] - DataField : BTN
[INFO ][2016-02-09 22:05:32,332][com.java.SeleniumDriver] [  907] - DataValue : Logout
[INFO ][2016-02-09 22:05:32,332][com.java.SeleniumDriver] [  913] - <In Set values of the page>
[INFO ][2016-02-09 22:05:32,332][com.java.SeleniumDriver] [  916] - {Data Fields & Data Values Exist}
[INFO ][2016-02-09 22:05:32,332][com.java.SeleniumDriver] [  918] - --------------------------setting values-----------------------------
[INFO ][2016-02-09 22:05:32,332][com.java.SeleniumDriver] [  921] - Action Type : Verify
[INFO ][2016-02-09 22:05:32,332][com.java.TestType] [ 8386] - field= BTN value= Logout
[INFO ][2016-02-09 22:05:32,332][com.java.TestType] [ 6752] - value = Logout
[INFO ][2016-02-09 22:05:32,445][com.java.SeleniumDriver] [  930] -  RESULT true
[INFO ][2016-02-09 22:05:32,445][com.java.SeleniumDriver] [ 1136] - ?   P A S S   ?
[INFO ][2016-02-09 22:05:32,446][com.java.SeleniumDriver] [ 1178] - step change to 3
[INFO ][2016-02-09 22:05:32,446][com.java.SeleniumDriver] [  856] - ------------------------------------------
[INFO ][2016-02-09 22:05:32,446][com.java.SeleniumDriver] [  857] - Test case being Executed: 8
[INFO ][2016-02-09 22:05:32,446][com.java.SeleniumDriver] [  869] - Test step:3
[INFO ][2016-02-09 22:05:32,446][com.java.SeleniumDriver] [  881] - Datavalue is----------Concept#2:1-3
[INFO ][2016-02-09 22:05:32,446][com.java.SeleniumDriver] [  905] - DataField : test
[INFO ][2016-02-09 22:05:32,446][com.java.SeleniumDriver] [  907] - DataValue : Concept#2:1-3
[INFO ][2016-02-09 22:05:32,446][com.java.SeleniumDriver] [  913] - <In Set values of the page>
[INFO ][2016-02-09 22:05:32,446][com.java.SeleniumDriver] [  916] - {Data Fields & Data Values Exist}
[INFO ][2016-02-09 22:05:32,446][com.java.SeleniumDriver] [  918] - --------------------------setting values-----------------------------
[INFO ][2016-02-09 22:05:32,446][com.java.SeleniumDriver] [  921] - Action Type : ExecuteTestCase
[INFO ][2016-02-09 22:05:32,446][com.java.TestType] [  448] - The Concept sheet name is ---------- Concept
[INFO ][2016-02-09 22:05:32,447][com.java.TestType] [  451] - The Concept ID  is ---------- 2
[DEBUG][2016-02-09 22:05:32,447][com.java.TestType] [  455] - Steps being executted in the Concept are: 1:3
[INFO ][2016-02-09 22:05:32,447][com.java.TestType] [  462] - Test data details path ---------- D:\BankersDashboard\TestInputs\TestData.xls
[INFO ][2016-02-09 22:05:32,464][com.java.TestType] [  493] -  str(1) = 2
[INFO ][2016-02-09 22:05:32,464][com.java.TestType] [  496] - Test case Id is---2
[INFO ][2016-02-09 22:05:32,464][com.java.TestType] [  498] - 2
[INFO ][2016-02-09 22:05:32,464][com.java.TestType] [  493] -  str(2) = 1
[INFO ][2016-02-09 22:05:32,466][com.java.TestType] [  493] -  str(1) = 2
[INFO ][2016-02-09 22:05:32,466][com.java.TestType] [  496] - Test case Id is---2
[INFO ][2016-02-09 22:05:32,466][com.java.TestType] [  498] - 2
[INFO ][2016-02-09 22:05:32,466][com.java.TestType] [  493] -  str(2) = 2
[INFO ][2016-02-09 22:05:32,466][com.java.TestType] [  493] -  str(1) = 2
[INFO ][2016-02-09 22:05:32,467][com.java.TestType] [  496] - Test case Id is---2
[INFO ][2016-02-09 22:05:32,467][com.java.TestType] [  498] - 2
[INFO ][2016-02-09 22:05:32,467][com.java.TestType] [  493] -  str(2) = 3
[INFO ][2016-02-09 22:05:32,468][com.java.TestType] [12135] - Looping 1TCID = 2
[DEBUG][2016-02-09 22:05:32,468][com.java.TestType] [12176] - Concept ID:2 :: Step being Executed: 2::1
[INFO ][2016-02-09 22:05:32,468][com.java.TestType] [12214] - dataFields : BNK//select[@id='bank']
[DEBUG][2016-02-09 22:05:32,468][com.java.TestType] [12220] - <In Set values of the page>
[DEBUG][2016-02-09 22:05:32,469][com.java.TestType] [12225] - {Data Fields & Data Values Exist}
[INFO ][2016-02-09 22:05:32,469][com.java.TestType] [12231] - --------------------------setting values-----------------------------
[INFO ][2016-02-09 22:05:32,469][com.java.TestType] [12234] - Action Type : Select
[INFO ][2016-02-09 22:05:32,469][com.java.TestType] [ 6752] - value = PFC
[INFO ][2016-02-09 22:05:32,666][com.java.TestType] [12253] -  RESULT true
[INFO ][2016-02-09 22:05:32,666][com.java.TestType] [12370] - ?   P A S S   ?
[DEBUG][2016-02-09 22:05:32,666][com.java.TestType] [12176] - Concept ID:2 :: Step being Executed: 2::2
[INFO ][2016-02-09 22:05:32,667][com.java.TestType] [12214] - dataFields : LNKLogout
[DEBUG][2016-02-09 22:05:32,667][com.java.TestType] [12220] - <In Set values of the page>
[DEBUG][2016-02-09 22:05:32,667][com.java.TestType] [12225] - {Data Fields & Data Values Exist}
[INFO ][2016-02-09 22:05:32,667][com.java.TestType] [12231] - --------------------------setting values-----------------------------
[INFO ][2016-02-09 22:05:32,667][com.java.TestType] [12234] - Action Type : WaitTime
[DEBUG][2016-02-09 22:05:32,668][com.java.TestType] [ 6561] - sleepTime: 5000
[INFO ][2016-02-09 22:05:37,668][com.java.TestType] [12253] -  RESULT true
[INFO ][2016-02-09 22:05:37,668][com.java.TestType] [12370] - ?   P A S S   ?
[DEBUG][2016-02-09 22:05:37,668][com.java.TestType] [12176] - Concept ID:2 :: Step being Executed: 2::3
[INFO ][2016-02-09 22:05:37,668][com.java.TestType] [12214] - dataFields : LNKLogout
[DEBUG][2016-02-09 22:05:37,668][com.java.TestType] [12220] - <In Set values of the page>
[DEBUG][2016-02-09 22:05:37,668][com.java.TestType] [12225] - {Data Fields & Data Values Exist}
[INFO ][2016-02-09 22:05:37,668][com.java.TestType] [12231] - --------------------------setting values-----------------------------
[INFO ][2016-02-09 22:05:37,668][com.java.TestType] [12234] - Action Type : WaitForElement
[INFO ][2016-02-09 22:05:37,704][com.java.TestType] [12253] -  RESULT true
[INFO ][2016-02-09 22:05:37,704][com.java.TestType] [12370] - ?   P A S S   ?
[INFO ][2016-02-09 22:05:37,704][com.java.TestType] [12441] - Looping End......
[INFO ][2016-02-09 22:05:37,706][com.java.SeleniumDriver] [  930] -  RESULT true
[INFO ][2016-02-09 22:05:37,706][com.java.SeleniumDriver] [ 1136] - ?   P A S S   ?
[INFO ][2016-02-09 22:05:37,706][com.java.SeleniumDriver] [  856] - ------------------------------------------
[INFO ][2016-02-09 22:05:37,706][com.java.SeleniumDriver] [  857] - Test case being Executed: 8
[INFO ][2016-02-09 22:05:37,706][com.java.SeleniumDriver] [  869] - Test step:4
[INFO ][2016-02-09 22:05:37,706][com.java.SeleniumDriver] [  881] - Datavalue is----------Concept#12:1-11
[INFO ][2016-02-09 22:05:37,706][com.java.SeleniumDriver] [  905] - DataField : test
[INFO ][2016-02-09 22:05:37,706][com.java.SeleniumDriver] [  907] - DataValue : Concept#12:1-11
[INFO ][2016-02-09 22:05:37,706][com.java.SeleniumDriver] [  913] - <In Set values of the page>
[INFO ][2016-02-09 22:05:37,706][com.java.SeleniumDriver] [  916] - {Data Fields & Data Values Exist}
[INFO ][2016-02-09 22:05:37,706][com.java.SeleniumDriver] [  918] - --------------------------setting values-----------------------------
[INFO ][2016-02-09 22:05:37,706][com.java.SeleniumDriver] [  921] - Action Type : ExecuteTestCase
[INFO ][2016-02-09 22:05:37,707][com.java.TestType] [  448] - The Concept sheet name is ---------- Concept
[INFO ][2016-02-09 22:05:37,707][com.java.TestType] [  451] - The Concept ID  is ---------- 12
[DEBUG][2016-02-09 22:05:37,707][com.java.TestType] [  455] - Steps being executted in the Concept are: 1:11
[INFO ][2016-02-09 22:05:37,707][com.java.TestType] [  462] - Test data details path ---------- D:\BankersDashboard\TestInputs\TestData.xls
[INFO ][2016-02-09 22:05:37,727][com.java.TestType] [  493] -  str(1) = 12
[INFO ][2016-02-09 22:05:37,728][com.java.TestType] [  496] - Test case Id is---12
[INFO ][2016-02-09 22:05:37,728][com.java.TestType] [  498] - 12
[INFO ][2016-02-09 22:05:37,728][com.java.TestType] [  493] -  str(2) = 1
[INFO ][2016-02-09 22:05:37,729][com.java.TestType] [  493] -  str(1) = 12
[INFO ][2016-02-09 22:05:37,729][com.java.TestType] [  496] - Test case Id is---12
[INFO ][2016-02-09 22:05:37,729][com.java.TestType] [  498] - 12
[INFO ][2016-02-09 22:05:37,729][com.java.TestType] [  493] -  str(2) = 2
[INFO ][2016-02-09 22:05:37,730][com.java.TestType] [  493] -  str(1) = 12
[INFO ][2016-02-09 22:05:37,730][com.java.TestType] [  496] - Test case Id is---12
[INFO ][2016-02-09 22:05:37,730][com.java.TestType] [  498] - 12
[INFO ][2016-02-09 22:05:37,730][com.java.TestType] [  493] -  str(2) = 3
[INFO ][2016-02-09 22:05:37,731][com.java.TestType] [  493] -  str(1) = 12
[INFO ][2016-02-09 22:05:37,731][com.java.TestType] [  496] - Test case Id is---12
[INFO ][2016-02-09 22:05:37,731][com.java.TestType] [  498] - 12
[INFO ][2016-02-09 22:05:37,731][com.java.TestType] [  493] -  str(2) = 4
[INFO ][2016-02-09 22:05:37,731][com.java.TestType] [  493] -  str(1) = 12
[INFO ][2016-02-09 22:05:37,732][com.java.TestType] [  496] - Test case Id is---12
[INFO ][2016-02-09 22:05:37,732][com.java.TestType] [  498] - 12
[INFO ][2016-02-09 22:05:37,732][com.java.TestType] [  493] -  str(2) = 5
[INFO ][2016-02-09 22:05:37,733][com.java.TestType] [  493] -  str(1) = 12
[INFO ][2016-02-09 22:05:37,733][com.java.TestType] [  496] - Test case Id is---12
[INFO ][2016-02-09 22:05:37,733][com.java.TestType] [  498] - 12
[INFO ][2016-02-09 22:05:37,733][com.java.TestType] [  493] -  str(2) = 6
[INFO ][2016-02-09 22:05:37,734][com.java.TestType] [  493] -  str(1) = 12
[INFO ][2016-02-09 22:05:37,734][com.java.TestType] [  496] - Test case Id is---12
[INFO ][2016-02-09 22:05:37,734][com.java.TestType] [  498] - 12
[INFO ][2016-02-09 22:05:37,734][com.java.TestType] [  493] -  str(2) = 7
[INFO ][2016-02-09 22:05:37,735][com.java.TestType] [  493] -  str(1) = 12
[INFO ][2016-02-09 22:05:37,735][com.java.TestType] [  496] - Test case Id is---12
[INFO ][2016-02-09 22:05:37,735][com.java.TestType] [  498] - 12
[INFO ][2016-02-09 22:05:37,735][com.java.TestType] [  493] -  str(2) = 8
[INFO ][2016-02-09 22:05:37,735][com.java.TestType] [  493] -  str(1) = 12
[INFO ][2016-02-09 22:05:37,736][com.java.TestType] [  496] - Test case Id is---12
[INFO ][2016-02-09 22:05:37,736][com.java.TestType] [  498] - 12
[INFO ][2016-02-09 22:05:37,736][com.java.TestType] [  493] -  str(2) = 9
[INFO ][2016-02-09 22:05:37,736][com.java.TestType] [  493] -  str(1) = 12
[INFO ][2016-02-09 22:05:37,736][com.java.TestType] [  496] - Test case Id is---12
[INFO ][2016-02-09 22:05:37,736][com.java.TestType] [  498] - 12
[INFO ][2016-02-09 22:05:37,736][com.java.TestType] [  493] -  str(2) = 10
[INFO ][2016-02-09 22:05:37,737][com.java.TestType] [  493] -  str(1) = 12
[INFO ][2016-02-09 22:05:37,737][com.java.TestType] [  496] - Test case Id is---12
[INFO ][2016-02-09 22:05:37,737][com.java.TestType] [  498] - 12
[INFO ][2016-02-09 22:05:37,737][com.java.TestType] [  493] -  str(2) = 11
[INFO ][2016-02-09 22:05:37,738][com.java.TestType] [12135] - Looping 1TCID = 12
[DEBUG][2016-02-09 22:05:37,738][com.java.TestType] [12176] - Concept ID:12 :: Step being Executed: 12::1
[ERROR][2016-02-09 22:05:37,738][com.java.TestType] [12209] - Exception: null
[INFO ][2016-02-09 22:05:37,738][com.java.TestType] [12214] - dataFields : BTNparent
[DEBUG][2016-02-09 22:05:37,738][com.java.TestType] [12220] - <In Set values of the page>
[DEBUG][2016-02-09 22:05:37,738][com.java.TestType] [12225] - {Data Fields & Data Values Exist}
[INFO ][2016-02-09 22:05:37,738][com.java.TestType] [12231] - --------------------------setting values-----------------------------
[INFO ][2016-02-09 22:05:37,739][com.java.TestType] [12234] - Action Type : SELECTFRAME
[INFO ][2016-02-09 22:05:37,755][com.java.TestType] [12253] -  RESULT true
[INFO ][2016-02-09 22:05:37,755][com.java.TestType] [12370] - ?   P A S S   ?
[DEBUG][2016-02-09 22:05:37,755][com.java.TestType] [12176] - Concept ID:12 :: Step being Executed: 12::2
[INFO ][2016-02-09 22:05:37,755][com.java.TestType] [12214] - dataFields : test
[DEBUG][2016-02-09 22:05:37,755][com.java.TestType] [12220] - <In Set values of the page>
[DEBUG][2016-02-09 22:05:37,756][com.java.TestType] [12225] - {Data Fields & Data Values Exist}
[INFO ][2016-02-09 22:05:37,756][com.java.TestType] [12231] - --------------------------setting values-----------------------------
[INFO ][2016-02-09 22:05:37,756][com.java.TestType] [12234] - Action Type : OPENURL
[INFO ][2016-02-09 22:05:37,756][com.java.TestType] [ 6752] - value = https://clients-xuat.bankersdashboard.com
[INFO ][2016-02-09 22:05:37,756][com.java.TestType] [  364] - Open URL : https://clients-xuat.bankersdashboard.com
[INFO ][2016-02-09 22:05:40,504][com.java.TestType] [12253] -  RESULT true
[INFO ][2016-02-09 22:05:40,504][com.java.TestType] [12370] - ?   P A S S   ?
[DEBUG][2016-02-09 22:05:40,504][com.java.TestType] [12176] - Concept ID:12 :: Step being Executed: 12::3
[ERROR][2016-02-09 22:05:40,504][com.java.TestType] [12209] - Exception: null
[INFO ][2016-02-09 22:05:40,504][com.java.TestType] [12214] - dataFields : //span[@class='icon-cog2']&&//a[@data-id="UserSettings"]
[DEBUG][2016-02-09 22:05:40,504][com.java.TestType] [12220] - <In Set values of the page>
[DEBUG][2016-02-09 22:05:40,504][com.java.TestType] [12225] - {Data Fields & Data Values Exist}
[INFO ][2016-02-09 22:05:40,504][com.java.TestType] [12231] - --------------------------setting values-----------------------------
[INFO ][2016-02-09 22:05:40,505][com.java.TestType] [12234] - Action Type : MOUSEOVER
[INFO ][2016-02-09 22:06:21,422][com.java.TestType] [12253] -  RESULT true
[INFO ][2016-02-09 22:06:21,422][com.java.TestType] [12370] - ?   P A S S   ?
[DEBUG][2016-02-09 22:06:21,422][com.java.TestType] [12176] - Concept ID:12 :: Step being Executed: 12::4
[INFO ][2016-02-09 22:06:21,422][com.java.TestType] [12214] - dataFields : BTNframeDialogContent
[DEBUG][2016-02-09 22:06:21,422][com.java.TestType] [12220] - <In Set values of the page>
[DEBUG][2016-02-09 22:06:21,422][com.java.TestType] [12225] - {Data Fields & Data Values Exist}
[INFO ][2016-02-09 22:06:21,422][com.java.TestType] [12231] - --------------------------setting values-----------------------------
[INFO ][2016-02-09 22:06:21,423][com.java.TestType] [12234] - Action Type : WaitForElement
[INFO ][2016-02-09 22:06:22,704][com.java.TestType] [12253] -  RESULT true
[INFO ][2016-02-09 22:06:22,704][com.java.TestType] [12370] - ?   P A S S   ?
[DEBUG][2016-02-09 22:06:22,704][com.java.TestType] [12176] - Concept ID:12 :: Step being Executed: 12::5
[ERROR][2016-02-09 22:06:22,704][com.java.TestType] [12209] - Exception: null
[INFO ][2016-02-09 22:06:22,704][com.java.TestType] [12214] - dataFields : BTNframeDialogContent
[DEBUG][2016-02-09 22:06:22,705][com.java.TestType] [12220] - <In Set values of the page>
[DEBUG][2016-02-09 22:06:22,705][com.java.TestType] [12225] - {Data Fields & Data Values Exist}
[INFO ][2016-02-09 22:06:22,705][com.java.TestType] [12231] - --------------------------setting values-----------------------------
[INFO ][2016-02-09 22:06:22,705][com.java.TestType] [12234] - Action Type : SELECTFRAME
[INFO ][2016-02-09 22:06:24,013][com.java.TestType] [12253] -  RESULT true
[INFO ][2016-02-09 22:06:24,013][com.java.TestType] [12370] - ?   P A S S   ?
[DEBUG][2016-02-09 22:06:24,013][com.java.TestType] [12176] - Concept ID:12 :: Step being Executed: 12::6
[INFO ][2016-02-09 22:06:24,013][com.java.TestType] [12214] - dataFields : SLBddlRoundingValue
[DEBUG][2016-02-09 22:06:24,013][com.java.TestType] [12220] - <In Set values of the page>
[DEBUG][2016-02-09 22:06:24,013][com.java.TestType] [12225] - {Data Fields & Data Values Exist}
[INFO ][2016-02-09 22:06:24,013][com.java.TestType] [12231] - --------------------------setting values-----------------------------
[INFO ][2016-02-09 22:06:24,014][com.java.TestType] [12234] - Action Type : SELECT
[INFO ][2016-02-09 22:06:24,014][com.java.TestType] [ 6752] - value = 1
[INFO ][2016-02-09 22:06:26,327][com.java.TestType] [12253] -  RESULT true
[INFO ][2016-02-09 22:06:26,327][com.java.TestType] [12370] - ?   P A S S   ?
[DEBUG][2016-02-09 22:06:26,327][com.java.TestType] [12176] - Concept ID:12 :: Step being Executed: 12::7
[ERROR][2016-02-09 22:06:26,328][com.java.TestType] [12209] - Exception: null
[INFO ][2016-02-09 22:06:26,328][com.java.TestType] [12214] - dataFields : BTNparent
[DEBUG][2016-02-09 22:06:26,328][com.java.TestType] [12220] - <In Set values of the page>
[DEBUG][2016-02-09 22:06:26,328][com.java.TestType] [12225] - {Data Fields & Data Values Exist}
[INFO ][2016-02-09 22:06:26,328][com.java.TestType] [12231] - --------------------------setting values-----------------------------
[INFO ][2016-02-09 22:06:26,328][com.java.TestType] [12234] - Action Type : SELECTFRAME
[INFO ][2016-02-09 22:06:26,343][com.java.TestType] [12253] -  RESULT true
[INFO ][2016-02-09 22:06:26,343][com.java.TestType] [12370] - ?   P A S S   ?
[DEBUG][2016-02-09 22:06:26,343][com.java.TestType] [12176] - Concept ID:12 :: Step being Executed: 12::8
[ERROR][2016-02-09 22:06:26,343][com.java.TestType] [12209] - Exception: null
[INFO ][2016-02-09 22:06:26,343][com.java.TestType] [12214] - dataFields : BTN//span[text()='Finished']
[DEBUG][2016-02-09 22:06:26,343][com.java.TestType] [12220] - <In Set values of the page>
[DEBUG][2016-02-09 22:06:26,343][com.java.TestType] [12225] - {Data Fields & Data Values Exist}
[INFO ][2016-02-09 22:06:26,343][com.java.TestType] [12231] - --------------------------setting values-----------------------------
[INFO ][2016-02-09 22:06:26,344][com.java.TestType] [12234] - Action Type : Click
[INFO ][2016-02-09 22:06:26,344][com.java.TestType] [ 7153] - Field ::BTN//span[text()='Finished']
[INFO ][2016-02-09 22:06:26,344][com.java.TestType] [ 6752] - value = 
[INFO ][2016-02-09 22:06:27,344][com.java.TestType] [ 7309] - BEFORE CLICK
[INFO ][2016-02-09 22:06:27,703][com.java.TestType] [ 7316] - Unable to click the object Finished button
[INFO ][2016-02-09 22:06:27,703][com.java.TestType] [12253] -  RESULT true
[INFO ][2016-02-09 22:06:27,703][com.java.TestType] [12370] - ?   P A S S   ?
[DEBUG][2016-02-09 22:06:27,703][com.java.TestType] [12176] - Concept ID:12 :: Step being Executed: 12::9
[INFO ][2016-02-09 22:06:27,703][com.java.TestType] [12214] - dataFields : XPH//div[contains(text(), 'My Dashboard')]
[DEBUG][2016-02-09 22:06:27,703][com.java.TestType] [12220] - <In Set values of the page>
[DEBUG][2016-02-09 22:06:27,703][com.java.TestType] [12225] - {Data Fields & Data Values Exist}
[INFO ][2016-02-09 22:06:27,704][com.java.TestType] [12231] - --------------------------setting values-----------------------------
[INFO ][2016-02-09 22:06:27,704][com.java.TestType] [12234] - Action Type : WAITFORELEMENT
[INFO ][2016-02-09 22:06:27,739][com.java.TestType] [12253] -  RESULT true
[INFO ][2016-02-09 22:06:27,739][com.java.TestType] [12370] - ?   P A S S   ?
[DEBUG][2016-02-09 22:06:27,739][com.java.TestType] [12176] - Concept ID:12 :: Step being Executed: 12::10
[INFO ][2016-02-09 22:06:27,739][com.java.TestType] [12214] - dataFields : null
[DEBUG][2016-02-09 22:06:27,739][com.java.TestType] [12220] - <In Set values of the page>
[INFO ][2016-02-09 22:06:27,739][com.java.TestType] [12370] - ?   P A S S   ?
[DEBUG][2016-02-09 22:06:27,740][com.java.TestType] [12176] - Concept ID:12 :: Step being Executed: 12::11
[ERROR][2016-02-09 22:06:27,740][com.java.TestType] [12209] - Exception: null
[INFO ][2016-02-09 22:06:27,740][com.java.TestType] [12214] - dataFields : BTNcloseAllTabs
[DEBUG][2016-02-09 22:06:27,740][com.java.TestType] [12220] - <In Set values of the page>
[DEBUG][2016-02-09 22:06:27,740][com.java.TestType] [12225] - {Data Fields & Data Values Exist}
[INFO ][2016-02-09 22:06:27,740][com.java.TestType] [12231] - --------------------------setting values-----------------------------
[INFO ][2016-02-09 22:06:27,740][com.java.TestType] [12234] - Action Type : CLICK
[INFO ][2016-02-09 22:06:27,740][com.java.TestType] [ 7153] - Field ::BTNcloseAllTabs
[INFO ][2016-02-09 22:06:27,740][com.java.TestType] [ 6752] - value = 
[INFO ][2016-02-09 22:06:28,741][com.java.TestType] [ 7309] - BEFORE CLICK
[INFO ][2016-02-09 22:06:30,453][com.java.TestType] [ 7316] - Unable to click the object Close all tabs button
[INFO ][2016-02-09 22:06:30,453][com.java.TestType] [12253] -  RESULT true
[INFO ][2016-02-09 22:06:30,453][com.java.TestType] [12370] - ?   P A S S   ?
[INFO ][2016-02-09 22:06:30,453][com.java.TestType] [12441] - Looping End......
[INFO ][2016-02-09 22:06:30,454][com.java.SeleniumDriver] [  930] -  RESULT true
[INFO ][2016-02-09 22:06:30,454][com.java.SeleniumDriver] [ 1136] - ?   P A S S   ?
[INFO ][2016-02-09 22:06:30,455][com.java.SeleniumDriver] [  856] - ------------------------------------------
[INFO ][2016-02-09 22:06:30,455][com.java.SeleniumDriver] [  857] - Test case being Executed: 8
[INFO ][2016-02-09 22:06:30,455][com.java.SeleniumDriver] [  869] - Test step:5
[INFO ][2016-02-09 22:06:30,455][com.java.SeleniumDriver] [  881] - Datavalue is----------null
[DEBUG][2016-02-09 22:06:30,455][com.java.SeleniumDriver] [  899] - Exception: null
[INFO ][2016-02-09 22:06:30,455][com.java.SeleniumDriver] [  905] - DataField : //span[@class="icon-cog2"]&&//a[text()='Customize']&&//a[@data-id="TabletAlerts"]
[INFO ][2016-02-09 22:06:30,455][com.java.SeleniumDriver] [  907] - DataValue : 
[INFO ][2016-02-09 22:06:30,455][com.java.SeleniumDriver] [  913] - <In Set values of the page>
[INFO ][2016-02-09 22:06:30,455][com.java.SeleniumDriver] [  916] - {Data Fields & Data Values Exist}
[INFO ][2016-02-09 22:06:30,455][com.java.SeleniumDriver] [  918] - --------------------------setting values-----------------------------
[INFO ][2016-02-09 22:06:30,455][com.java.SeleniumDriver] [  921] - Action Type : MOUSEOVER
[INFO ][2016-02-09 22:07:15,161][com.java.SeleniumDriver] [  930] -  RESULT true
[INFO ][2016-02-09 22:07:15,161][com.java.SeleniumDriver] [ 1136] - ?   P A S S   ?
[INFO ][2016-02-09 22:07:15,161][com.java.SeleniumDriver] [  856] - ------------------------------------------
[INFO ][2016-02-09 22:07:15,162][com.java.SeleniumDriver] [  857] - Test case being Executed: 8
[INFO ][2016-02-09 22:07:15,162][com.java.SeleniumDriver] [  869] - Test step:6
[INFO ][2016-02-09 22:07:15,162][com.java.SeleniumDriver] [  881] - Datavalue is----------My Alerts
[INFO ][2016-02-09 22:07:15,162][com.java.SeleniumDriver] [  905] - DataField : XPH//span[@class='ui-dialog-title']
[INFO ][2016-02-09 22:07:15,162][com.java.SeleniumDriver] [  907] - DataValue : My Alerts
[INFO ][2016-02-09 22:07:15,162][com.java.SeleniumDriver] [  913] - <In Set values of the page>
[INFO ][2016-02-09 22:07:15,162][com.java.SeleniumDriver] [  916] - {Data Fields & Data Values Exist}
[INFO ][2016-02-09 22:07:15,162][com.java.SeleniumDriver] [  918] - --------------------------setting values-----------------------------
[INFO ][2016-02-09 22:07:15,162][com.java.SeleniumDriver] [  921] - Action Type : verify
[INFO ][2016-02-09 22:07:15,162][com.java.TestType] [ 8386] - field= XPH//span[@class='ui-dialog-title'] value= My Alerts
[INFO ][2016-02-09 22:07:15,162][com.java.TestType] [ 6752] - value = My Alerts
[INFO ][2016-02-09 22:07:15,346][com.java.SeleniumDriver] [  930] -  RESULT true
[INFO ][2016-02-09 22:07:15,346][com.java.SeleniumDriver] [ 1136] - ?   P A S S   ?
[INFO ][2016-02-09 22:07:15,346][com.java.SeleniumDriver] [  856] - ------------------------------------------
[INFO ][2016-02-09 22:07:15,346][com.java.SeleniumDriver] [  857] - Test case being Executed: 8
[INFO ][2016-02-09 22:07:15,346][com.java.SeleniumDriver] [  869] - Test step:7
[INFO ][2016-02-09 22:07:15,346][com.java.SeleniumDriver] [  881] - Datavalue is----------null
[DEBUG][2016-02-09 22:07:15,347][com.java.SeleniumDriver] [  899] - Exception: null
[INFO ][2016-02-09 22:07:15,347][com.java.SeleniumDriver] [  905] - DataField : BTNframeDialogContent
[INFO ][2016-02-09 22:07:15,347][com.java.SeleniumDriver] [  907] - DataValue : 
[INFO ][2016-02-09 22:07:15,347][com.java.SeleniumDriver] [  913] - <In Set values of the page>
[INFO ][2016-02-09 22:07:15,347][com.java.SeleniumDriver] [  916] - {Data Fields & Data Values Exist}
[INFO ][2016-02-09 22:07:15,347][com.java.SeleniumDriver] [  918] - --------------------------setting values-----------------------------
[INFO ][2016-02-09 22:07:15,347][com.java.SeleniumDriver] [  921] - Action Type : SELECTFRAME
[INFO ][2016-02-09 22:07:16,721][com.java.SeleniumDriver] [  930] -  RESULT true
[INFO ][2016-02-09 22:07:16,721][com.java.SeleniumDriver] [ 1136] - ?   P A S S   ?
[INFO ][2016-02-09 22:07:16,721][com.java.SeleniumDriver] [  856] - ------------------------------------------
[INFO ][2016-02-09 22:07:16,721][com.java.SeleniumDriver] [  857] - Test case being Executed: 8
[INFO ][2016-02-09 22:07:16,721][com.java.SeleniumDriver] [  869] - Test step:8
[INFO ][2016-02-09 22:07:16,721][com.java.SeleniumDriver] [  881] - Datavalue is----------null
[DEBUG][2016-02-09 22:07:16,721][com.java.SeleniumDriver] [  899] - Exception: null
[INFO ][2016-02-09 22:07:16,721][com.java.SeleniumDriver] [  905] - DataField : XPH//span[contains(text(),'Balance Sheet')]
[INFO ][2016-02-09 22:07:16,721][com.java.SeleniumDriver] [  907] - DataValue : 
[INFO ][2016-02-09 22:07:16,721][com.java.SeleniumDriver] [  913] - <In Set values of the page>
[INFO ][2016-02-09 22:07:16,721][com.java.SeleniumDriver] [  916] - {Data Fields & Data Values Exist}
[INFO ][2016-02-09 22:07:16,721][com.java.SeleniumDriver] [  918] - --------------------------setting values-----------------------------
[INFO ][2016-02-09 22:07:16,721][com.java.SeleniumDriver] [  921] - Action Type : CLICK
[INFO ][2016-02-09 22:07:16,722][com.java.TestType] [ 7153] - Field ::XPH//span[contains(text(),'Balance Sheet')]
[INFO ][2016-02-09 22:07:16,722][com.java.TestType] [ 6752] - value = 
[INFO ][2016-02-09 22:07:17,722][com.java.TestType] [ 7330] - BEFORE CLICK
[INFO ][2016-02-09 22:07:18,531][com.java.TestType] [ 7338] - Unable to click the object Balance Sheet
[INFO ][2016-02-09 22:07:18,531][com.java.SeleniumDriver] [  930] -  RESULT true
[INFO ][2016-02-09 22:07:18,531][com.java.SeleniumDriver] [ 1136] - ?   P A S S   ?
[INFO ][2016-02-09 22:07:18,531][com.java.SeleniumDriver] [  856] - ------------------------------------------
[INFO ][2016-02-09 22:07:18,531][com.java.SeleniumDriver] [  857] - Test case being Executed: 8
[INFO ][2016-02-09 22:07:18,531][com.java.SeleniumDriver] [  869] - Test step:9
[INFO ][2016-02-09 22:07:18,531][com.java.SeleniumDriver] [  881] - Datavalue is----------5
[INFO ][2016-02-09 22:07:18,531][com.java.SeleniumDriver] [  905] - DataField : test
[INFO ][2016-02-09 22:07:18,531][com.java.SeleniumDriver] [  907] - DataValue : 5
[INFO ][2016-02-09 22:07:18,531][com.java.SeleniumDriver] [  913] - <In Set values of the page>
[INFO ][2016-02-09 22:07:18,531][com.java.SeleniumDriver] [  916] - {Data Fields & Data Values Exist}
[INFO ][2016-02-09 22:07:18,531][com.java.SeleniumDriver] [  918] - --------------------------setting values-----------------------------
[INFO ][2016-02-09 22:07:18,531][com.java.SeleniumDriver] [  921] - Action Type : WAITTIME
[DEBUG][2016-02-09 22:07:18,532][com.java.TestType] [ 6561] - sleepTime: 5000
[INFO ][2016-02-09 22:07:23,532][com.java.SeleniumDriver] [  930] -  RESULT true
[INFO ][2016-02-09 22:07:23,532][com.java.SeleniumDriver] [ 1136] - ?   P A S S   ?
[INFO ][2016-02-09 22:07:23,532][com.java.SeleniumDriver] [  856] - ------------------------------------------
[INFO ][2016-02-09 22:07:23,532][com.java.SeleniumDriver] [  857] - Test case being Executed: 8
[INFO ][2016-02-09 22:07:23,532][com.java.SeleniumDriver] [  869] - Test step:10
[INFO ][2016-02-09 22:07:23,532][com.java.SeleniumDriver] [  881] - Datavalue is----------RMD0
[INFO ][2016-02-09 22:07:23,532][com.java.SeleniumDriver] [  905] - DataField : TXT//table[@id="BalSheetTbl"]/tbody//td[4]/input[@class="perVal"]
[INFO ][2016-02-09 22:07:23,532][com.java.SeleniumDriver] [  907] - DataValue : RMD0
[INFO ][2016-02-09 22:07:23,532][com.java.SeleniumDriver] [  913] - <In Set values of the page>
[INFO ][2016-02-09 22:07:23,532][com.java.SeleniumDriver] [  916] - {Data Fields & Data Values Exist}
[INFO ][2016-02-09 22:07:23,532][com.java.SeleniumDriver] [  918] - --------------------------setting values-----------------------------
[INFO ][2016-02-09 22:07:23,532][com.java.SeleniumDriver] [  921] - Action Type : CLEARANDENTER
[INFO ][2016-02-09 22:07:23,661][com.java.TestType] [ 6752] - value = 04
[INFO ][2016-02-09 22:07:23,796][com.java.SeleniumDriver] [  930] -  RESULT true
[INFO ][2016-02-09 22:07:23,796][com.java.SeleniumDriver] [ 1136] - ?   P A S S   ?
[INFO ][2016-02-09 22:07:23,796][com.java.SeleniumDriver] [  856] - ------------------------------------------
[INFO ][2016-02-09 22:07:23,796][com.java.SeleniumDriver] [  857] - Test case being Executed: 8
[INFO ][2016-02-09 22:07:23,796][com.java.SeleniumDriver] [  869] - Test step:11
[INFO ][2016-02-09 22:07:23,796][com.java.SeleniumDriver] [  881] - Datavalue is----------null
[DEBUG][2016-02-09 22:07:23,796][com.java.SeleniumDriver] [  899] - Exception: null
[INFO ][2016-02-09 22:07:23,796][com.java.SeleniumDriver] [  905] - DataField : BTNparent
[INFO ][2016-02-09 22:07:23,796][com.java.SeleniumDriver] [  907] - DataValue : 
[INFO ][2016-02-09 22:07:23,796][com.java.SeleniumDriver] [  913] - <In Set values of the page>
[INFO ][2016-02-09 22:07:23,797][com.java.SeleniumDriver] [  916] - {Data Fields & Data Values Exist}
[INFO ][2016-02-09 22:07:23,797][com.java.SeleniumDriver] [  918] - --------------------------setting values-----------------------------
[INFO ][2016-02-09 22:07:23,797][com.java.SeleniumDriver] [  921] - Action Type : SELECTFRAME
[INFO ][2016-02-09 22:07:23,812][com.java.SeleniumDriver] [  930] -  RESULT true
[INFO ][2016-02-09 22:07:23,812][com.java.SeleniumDriver] [ 1136] - ?   P A S S   ?
[INFO ][2016-02-09 22:07:23,812][com.java.SeleniumDriver] [  856] - ------------------------------------------
[INFO ][2016-02-09 22:07:23,812][com.java.SeleniumDriver] [  857] - Test case being Executed: 8
[INFO ][2016-02-09 22:07:23,812][com.java.SeleniumDriver] [  869] - Test step:12
[INFO ][2016-02-09 22:07:23,812][com.java.SeleniumDriver] [  881] - Datavalue is----------null
[DEBUG][2016-02-09 22:07:23,812][com.java.SeleniumDriver] [  899] - Exception: null
[INFO ][2016-02-09 22:07:23,812][com.java.SeleniumDriver] [  905] - DataField : HDN//span[contains(text(),'Save')]
[INFO ][2016-02-09 22:07:23,812][com.java.SeleniumDriver] [  907] - DataValue : 
[INFO ][2016-02-09 22:07:23,812][com.java.SeleniumDriver] [  913] - <In Set values of the page>
[INFO ][2016-02-09 22:07:23,812][com.java.SeleniumDriver] [  916] - {Data Fields & Data Values Exist}
[INFO ][2016-02-09 22:07:23,813][com.java.SeleniumDriver] [  918] - --------------------------setting values-----------------------------
[INFO ][2016-02-09 22:07:23,813][com.java.SeleniumDriver] [  921] - Action Type : CLICK
[INFO ][2016-02-09 22:07:23,813][com.java.TestType] [ 7153] - Field ::HDN//span[contains(text(),'Save')]
[INFO ][2016-02-09 22:07:23,813][com.java.TestType] [ 6752] - value = 
[INFO ][2016-02-09 22:07:25,148][com.java.SeleniumDriver] [  930] -  RESULT true
[INFO ][2016-02-09 22:07:25,148][com.java.SeleniumDriver] [ 1136] - ?   P A S S   ?
[INFO ][2016-02-09 22:07:25,148][com.java.SeleniumDriver] [  856] - ------------------------------------------
[INFO ][2016-02-09 22:07:25,148][com.java.SeleniumDriver] [  857] - Test case being Executed: 8
[INFO ][2016-02-09 22:07:25,148][com.java.SeleniumDriver] [  869] - Test step:13
[INFO ][2016-02-09 22:07:25,148][com.java.SeleniumDriver] [  881] - Datavalue is----------null
[DEBUG][2016-02-09 22:07:25,148][com.java.SeleniumDriver] [  899] - Exception: null
[INFO ][2016-02-09 22:07:25,148][com.java.SeleniumDriver] [  905] - DataField : XPH//div[@class="menu"]//span[@class='glyphicon glyphicon-bell']
[INFO ][2016-02-09 22:07:25,148][com.java.SeleniumDriver] [  907] - DataValue : 
[INFO ][2016-02-09 22:07:25,148][com.java.SeleniumDriver] [  913] - <In Set values of the page>
[INFO ][2016-02-09 22:07:25,149][com.java.SeleniumDriver] [  916] - {Data Fields & Data Values Exist}
[INFO ][2016-02-09 22:07:25,149][com.java.SeleniumDriver] [  918] - --------------------------setting values-----------------------------
[INFO ][2016-02-09 22:07:25,149][com.java.SeleniumDriver] [  921] - Action Type : CLICK
[INFO ][2016-02-09 22:07:25,149][com.java.TestType] [ 7153] - Field ::XPH//div[@class="menu"]//span[@class='glyphicon glyphicon-bell']
[INFO ][2016-02-09 22:07:25,149][com.java.TestType] [ 6752] - value = 
[INFO ][2016-02-09 22:07:26,149][com.java.TestType] [ 7330] - BEFORE CLICK
[INFO ][2016-02-09 22:07:27,373][com.java.TestType] [ 7338] - Unable to click the object Click on  bell symbol
[INFO ][2016-02-09 22:07:27,374][com.java.SeleniumDriver] [  930] -  RESULT true
[INFO ][2016-02-09 22:07:27,374][com.java.SeleniumDriver] [ 1136] - ?   P A S S   ?
[INFO ][2016-02-09 22:07:27,374][com.java.SeleniumDriver] [  856] - ------------------------------------------
[INFO ][2016-02-09 22:07:27,374][com.java.SeleniumDriver] [  857] - Test case being Executed: 8
[INFO ][2016-02-09 22:07:27,374][com.java.SeleniumDriver] [  869] - Test step:14
[INFO ][2016-02-09 22:07:27,374][com.java.SeleniumDriver] [  881] - Datavalue is----------null
[DEBUG][2016-02-09 22:07:27,375][com.java.SeleniumDriver] [  899] - Exception: null
[INFO ][2016-02-09 22:07:27,375][com.java.SeleniumDriver] [  905] - DataField : XPH//div[contains(@class,'rightMenuContainer')]//div[@class="menu-drawer"]
[INFO ][2016-02-09 22:07:27,375][com.java.SeleniumDriver] [  907] - DataValue : 
[INFO ][2016-02-09 22:07:27,375][com.java.SeleniumDriver] [  913] - <In Set values of the page>
[INFO ][2016-02-09 22:07:27,375][com.java.SeleniumDriver] [  916] - {Data Fields & Data Values Exist}
[INFO ][2016-02-09 22:07:27,375][com.java.SeleniumDriver] [  918] - --------------------------setting values-----------------------------
[INFO ][2016-02-09 22:07:27,375][com.java.SeleniumDriver] [  921] - Action Type : CLICK
[INFO ][2016-02-09 22:07:27,375][com.java.TestType] [ 7153] - Field ::XPH//div[contains(@class,'rightMenuContainer')]//div[@class="menu-drawer"]
[INFO ][2016-02-09 22:07:27,375][com.java.TestType] [ 6752] - value = 
[INFO ][2016-02-09 22:07:28,375][com.java.TestType] [ 7330] - BEFORE CLICK
[INFO ][2016-02-09 22:07:29,256][com.java.TestType] [ 7338] - Unable to click the object Click on the Today's Alert Page
[INFO ][2016-02-09 22:07:29,256][com.java.SeleniumDriver] [  930] -  RESULT true
[INFO ][2016-02-09 22:07:29,256][com.java.SeleniumDriver] [ 1136] - ?   P A S S   ?
[INFO ][2016-02-09 22:07:29,256][com.java.SeleniumDriver] [  856] - ------------------------------------------
[INFO ][2016-02-09 22:07:29,256][com.java.SeleniumDriver] [  857] - Test case being Executed: 8
[INFO ][2016-02-09 22:07:29,256][com.java.SeleniumDriver] [  869] - Test step:15
[INFO ][2016-02-09 22:07:29,256][com.java.SeleniumDriver] [  881] - Datavalue is----------//div[@class="menu-drawer"]//span
[INFO ][2016-02-09 22:07:29,256][com.java.SeleniumDriver] [  905] - DataField : BTN
[INFO ][2016-02-09 22:07:29,256][com.java.SeleniumDriver] [  907] - DataValue : //div[@class="menu-drawer"]//span
[INFO ][2016-02-09 22:07:29,256][com.java.SeleniumDriver] [  913] - <In Set values of the page>
[INFO ][2016-02-09 22:07:29,256][com.java.SeleniumDriver] [  916] - {Data Fields & Data Values Exist}
[INFO ][2016-02-09 22:07:29,256][com.java.SeleniumDriver] [  918] - --------------------------setting values-----------------------------
[INFO ][2016-02-09 22:07:29,256][com.java.SeleniumDriver] [  921] - Action Type : VERIFY
[INFO ][2016-02-09 22:07:29,257][com.java.TestType] [ 8386] - field= BTN value= //div[@class="menu-drawer"]//span
[INFO ][2016-02-09 22:07:29,259][com.java.TestType] [ 6752] - value = //div[@class="menu-drawer"]//span
[INFO ][2016-02-09 22:07:29,381][com.java.SeleniumDriver] [  930] -  RESULT true
[INFO ][2016-02-09 22:07:29,381][com.java.SeleniumDriver] [ 1136] - ?   P A S S   ?
[INFO ][2016-02-09 22:07:29,381][com.java.SeleniumDriver] [  856] - ------------------------------------------
[INFO ][2016-02-09 22:07:29,381][com.java.SeleniumDriver] [  857] - Test case being Executed: 8
[INFO ][2016-02-09 22:07:29,382][com.java.SeleniumDriver] [  869] - Test step:16
[INFO ][2016-02-09 22:07:29,382][com.java.SeleniumDriver] [  881] - Datavalue is----------//div[@id='isAlertsHeading']/h4
[INFO ][2016-02-09 22:07:29,382][com.java.SeleniumDriver] [  905] - DataField : BTN
[INFO ][2016-02-09 22:07:29,382][com.java.SeleniumDriver] [  907] - DataValue : //div[@id='isAlertsHeading']/h4
[INFO ][2016-02-09 22:07:29,382][com.java.SeleniumDriver] [  913] - <In Set values of the page>
[INFO ][2016-02-09 22:07:29,382][com.java.SeleniumDriver] [  916] - {Data Fields & Data Values Exist}
[INFO ][2016-02-09 22:07:29,383][com.java.SeleniumDriver] [  918] - --------------------------setting values-----------------------------
[INFO ][2016-02-09 22:07:29,383][com.java.SeleniumDriver] [  921] - Action Type : VERIFY
[INFO ][2016-02-09 22:07:29,383][com.java.TestType] [ 8386] - field= BTN value= //div[@id='isAlertsHeading']/h4
[INFO ][2016-02-09 22:07:29,383][com.java.TestType] [ 6752] - value = //div[@id='isAlertsHeading']/h4
[INFO ][2016-02-09 22:07:29,453][com.java.SeleniumDriver] [  930] -  RESULT true
[INFO ][2016-02-09 22:07:29,453][com.java.SeleniumDriver] [ 1136] - ?   P A S S   ?
[INFO ][2016-02-09 22:07:29,453][com.java.SeleniumDriver] [  856] - ------------------------------------------
[INFO ][2016-02-09 22:07:29,453][com.java.SeleniumDriver] [  857] - Test case being Executed: 8
[INFO ][2016-02-09 22:07:29,453][com.java.SeleniumDriver] [  869] - Test step:17
[INFO ][2016-02-09 22:07:29,453][com.java.SeleniumDriver] [  881] - Datavalue is----------null
[DEBUG][2016-02-09 22:07:29,454][com.java.SeleniumDriver] [  899] - Exception: null
[INFO ][2016-02-09 22:07:29,454][com.java.SeleniumDriver] [  905] - DataField : XPH//div[@class="panel panel-default ng-scope"]/div[@id='bsAlertsHeading']/h4
[INFO ][2016-02-09 22:07:29,454][com.java.SeleniumDriver] [  907] - DataValue : 
[INFO ][2016-02-09 22:07:29,454][com.java.SeleniumDriver] [  913] - <In Set values of the page>
[INFO ][2016-02-09 22:07:29,454][com.java.SeleniumDriver] [  916] - {Data Fields & Data Values Exist}
[INFO ][2016-02-09 22:07:29,454][com.java.SeleniumDriver] [  918] - --------------------------setting values-----------------------------
[INFO ][2016-02-09 22:07:29,454][com.java.SeleniumDriver] [  921] - Action Type : CLICK
[INFO ][2016-02-09 22:07:29,454][com.java.TestType] [ 7153] - Field ::XPH//div[@class="panel panel-default ng-scope"]/div[@id='bsAlertsHeading']/h4
[INFO ][2016-02-09 22:07:29,454][com.java.TestType] [ 6752] - value = 
[INFO ][2016-02-09 22:07:30,454][com.java.TestType] [ 7330] - BEFORE CLICK
[INFO ][2016-02-09 22:07:31,374][com.java.TestType] [ 7338] - Unable to click the object Click on Income Statement tab
[INFO ][2016-02-09 22:07:31,374][com.java.SeleniumDriver] [  930] -  RESULT true
[INFO ][2016-02-09 22:07:31,374][com.java.SeleniumDriver] [ 1136] - ?   P A S S   ?
[INFO ][2016-02-09 22:07:31,374][com.java.SeleniumDriver] [  856] - ------------------------------------------
[INFO ][2016-02-09 22:07:31,374][com.java.SeleniumDriver] [  857] - Test case being Executed: 8
[INFO ][2016-02-09 22:07:31,374][com.java.SeleniumDriver] [  869] - Test step:18
[INFO ][2016-02-09 22:07:31,374][com.java.SeleniumDriver] [  881] - Datavalue is----------5
[INFO ][2016-02-09 22:07:31,374][com.java.SeleniumDriver] [  905] - DataField : null
[INFO ][2016-02-09 22:07:31,374][com.java.SeleniumDriver] [  907] - DataValue : 5
[INFO ][2016-02-09 22:07:31,374][com.java.SeleniumDriver] [  913] - <In Set values of the page>
[INFO ][2016-02-09 22:07:31,374][com.java.SeleniumDriver] [  916] - {Data Fields & Data Values Exist}
[INFO ][2016-02-09 22:07:31,374][com.java.SeleniumDriver] [  918] - --------------------------setting values-----------------------------
[INFO ][2016-02-09 22:07:31,374][com.java.SeleniumDriver] [  921] - Action Type : WAITTIME
[DEBUG][2016-02-09 22:07:31,375][com.java.TestType] [ 6561] - sleepTime: 5000
[INFO ][2016-02-09 22:07:36,375][com.java.SeleniumDriver] [  930] -  RESULT true
[INFO ][2016-02-09 22:07:36,375][com.java.SeleniumDriver] [ 1136] - ?   P A S S   ?
[INFO ][2016-02-09 22:07:36,375][com.java.SeleniumDriver] [  856] - ------------------------------------------
[INFO ][2016-02-09 22:07:36,375][com.java.SeleniumDriver] [  857] - Test case being Executed: 8
[INFO ][2016-02-09 22:07:36,375][com.java.SeleniumDriver] [  869] - Test step:19
[INFO ][2016-02-09 22:07:36,375][com.java.SeleniumDriver] [  881] - Datavalue is----------//div[@id='bsAlertsContent']//div[@class="ng-binding"]
[INFO ][2016-02-09 22:07:36,375][com.java.SeleniumDriver] [  905] - DataField : BTN
[INFO ][2016-02-09 22:07:36,375][com.java.SeleniumDriver] [  907] - DataValue : //div[@id='bsAlertsContent']//div[@class="ng-binding"]
[INFO ][2016-02-09 22:07:36,375][com.java.SeleniumDriver] [  913] - <In Set values of the page>
[INFO ][2016-02-09 22:07:36,375][com.java.SeleniumDriver] [  916] - {Data Fields & Data Values Exist}
[INFO ][2016-02-09 22:07:36,375][com.java.SeleniumDriver] [  918] - --------------------------setting values-----------------------------
[INFO ][2016-02-09 22:07:36,375][com.java.SeleniumDriver] [  921] - Action Type : VERIFY
[INFO ][2016-02-09 22:07:36,376][com.java.TestType] [ 8386] - field= BTN value= //div[@id='bsAlertsContent']//div[@class="ng-binding"]
[INFO ][2016-02-09 22:07:36,376][com.java.TestType] [ 6752] - value = //div[@id='bsAlertsContent']//div[@class="ng-binding"]
[INFO ][2016-02-09 22:07:36,459][com.java.SeleniumDriver] [  930] -  RESULT true
[INFO ][2016-02-09 22:07:36,459][com.java.SeleniumDriver] [ 1136] - ?   P A S S   ?
[INFO ][2016-02-09 22:07:36,459][com.java.SeleniumDriver] [  856] - ------------------------------------------
[INFO ][2016-02-09 22:07:36,459][com.java.SeleniumDriver] [  857] - Test case being Executed: 8
[INFO ][2016-02-09 22:07:36,459][com.java.SeleniumDriver] [  869] - Test step:20
[INFO ][2016-02-09 22:07:36,460][com.java.SeleniumDriver] [  881] - Datavalue is----------null
[DEBUG][2016-02-09 22:07:36,460][com.java.SeleniumDriver] [  899] - Exception: null
[INFO ][2016-02-09 22:07:36,460][com.java.SeleniumDriver] [  905] - DataField : XPH//div[@class="panel panel-default ng-scope"]/div[@id='bsAlertsHeading']/h4
[INFO ][2016-02-09 22:07:36,460][com.java.SeleniumDriver] [  907] - DataValue : 
[INFO ][2016-02-09 22:07:36,460][com.java.SeleniumDriver] [  913] - <In Set values of the page>
[INFO ][2016-02-09 22:07:36,460][com.java.SeleniumDriver] [  916] - {Data Fields & Data Values Exist}
[INFO ][2016-02-09 22:07:36,460][com.java.SeleniumDriver] [  918] - --------------------------setting values-----------------------------
[INFO ][2016-02-09 22:07:36,460][com.java.SeleniumDriver] [  921] - Action Type : CLICK
[INFO ][2016-02-09 22:07:36,460][com.java.TestType] [ 7153] - Field ::XPH//div[@class="panel panel-default ng-scope"]/div[@id='bsAlertsHeading']/h4
[INFO ][2016-02-09 22:07:36,460][com.java.TestType] [ 6752] - value = 
[INFO ][2016-02-09 22:07:37,460][com.java.TestType] [ 7330] - BEFORE CLICK
[INFO ][2016-02-09 22:07:38,395][com.java.TestType] [ 7338] - Unable to click the object Click on Income Statement tab
[INFO ][2016-02-09 22:07:38,395][com.java.SeleniumDriver] [  930] -  RESULT true
[INFO ][2016-02-09 22:07:38,395][com.java.SeleniumDriver] [ 1136] - ?   P A S S   ?
[INFO ][2016-02-09 22:07:38,395][com.java.SeleniumDriver] [  856] - ------------------------------------------
[INFO ][2016-02-09 22:07:38,395][com.java.SeleniumDriver] [  857] - Test case being Executed: 8
[INFO ][2016-02-09 22:07:38,395][com.java.SeleniumDriver] [  869] - Test step:21
[INFO ][2016-02-09 22:07:38,395][com.java.SeleniumDriver] [  881] - Datavalue is----------//*[@id='bsAlertsContent']/div/div[1]/div[1]
[INFO ][2016-02-09 22:07:38,397][com.java.SeleniumDriver] [  905] - DataField : MSG
[INFO ][2016-02-09 22:07:38,397][com.java.SeleniumDriver] [  907] - DataValue : //*[@id='bsAlertsContent']/div/div[1]/div[1]
[INFO ][2016-02-09 22:07:38,397][com.java.SeleniumDriver] [  913] - <In Set values of the page>
[INFO ][2016-02-09 22:07:38,397][com.java.SeleniumDriver] [  916] - {Data Fields & Data Values Exist}
[INFO ][2016-02-09 22:07:38,397][com.java.SeleniumDriver] [  918] - --------------------------setting values-----------------------------
[INFO ][2016-02-09 22:07:38,397][com.java.SeleniumDriver] [  921] - Action Type : VERIFYNOTPRESENT
[INFO ][2016-02-09 22:07:38,397][com.java.TestType] [10219] - field= MSG value= //*[@id='bsAlertsContent']/div/div[1]/div[1]
[INFO ][2016-02-09 22:07:38,497][com.java.SeleniumDriver] [  930] -  RESULT true
[INFO ][2016-02-09 22:07:38,497][com.java.SeleniumDriver] [ 1136] - ?   P A S S   ?
[INFO ][2016-02-09 22:07:38,497][com.java.SeleniumDriver] [  856] - ------------------------------------------
[INFO ][2016-02-09 22:07:38,498][com.java.SeleniumDriver] [  857] - Test case being Executed: 8
[INFO ][2016-02-09 22:07:38,498][com.java.SeleniumDriver] [  869] - Test step:22
[INFO ][2016-02-09 22:07:38,498][com.java.SeleniumDriver] [  881] - Datavalue is----------5
[INFO ][2016-02-09 22:07:38,498][com.java.SeleniumDriver] [  905] - DataField : null
[INFO ][2016-02-09 22:07:38,498][com.java.SeleniumDriver] [  907] - DataValue : 5
[INFO ][2016-02-09 22:07:38,498][com.java.SeleniumDriver] [  913] - <In Set values of the page>
[INFO ][2016-02-09 22:07:38,498][com.java.SeleniumDriver] [  916] - {Data Fields & Data Values Exist}
[INFO ][2016-02-09 22:07:38,498][com.java.SeleniumDriver] [  918] - --------------------------setting values-----------------------------
[INFO ][2016-02-09 22:07:38,498][com.java.SeleniumDriver] [  921] - Action Type : WAITTIME
[DEBUG][2016-02-09 22:07:38,498][com.java.TestType] [ 6561] - sleepTime: 5000
[INFO ][2016-02-09 22:07:43,499][com.java.SeleniumDriver] [  930] -  RESULT true
[INFO ][2016-02-09 22:07:43,500][com.java.SeleniumDriver] [ 1136] - ?   P A S S   ?
[INFO ][2016-02-09 22:07:43,500][com.java.SeleniumDriver] [  856] - ------------------------------------------
[INFO ][2016-02-09 22:07:43,500][com.java.SeleniumDriver] [  857] - Test case being Executed: 8
[INFO ][2016-02-09 22:07:43,500][com.java.SeleniumDriver] [  869] - Test step:23
[INFO ][2016-02-09 22:07:43,500][com.java.SeleniumDriver] [  881] - Datavalue is----------null
[DEBUG][2016-02-09 22:07:43,501][com.java.SeleniumDriver] [  899] - Exception: null
[INFO ][2016-02-09 22:07:43,501][com.java.SeleniumDriver] [  905] - DataField : HDN//span[@class='glyphicon glyphicon-refresh ng-scope']
[INFO ][2016-02-09 22:07:43,501][com.java.SeleniumDriver] [  907] - DataValue : 
[INFO ][2016-02-09 22:07:43,501][com.java.SeleniumDriver] [  913] - <In Set values of the page>
[INFO ][2016-02-09 22:07:43,501][com.java.SeleniumDriver] [  916] - {Data Fields & Data Values Exist}
[INFO ][2016-02-09 22:07:43,501][com.java.SeleniumDriver] [  918] - --------------------------setting values-----------------------------
[INFO ][2016-02-09 22:07:43,501][com.java.SeleniumDriver] [  921] - Action Type : CLICK
[INFO ][2016-02-09 22:07:43,501][com.java.TestType] [ 7153] - Field ::HDN//span[@class='glyphicon glyphicon-refresh ng-scope']
[INFO ][2016-02-09 22:07:43,501][com.java.TestType] [ 6752] - value = 
[INFO ][2016-02-09 22:07:44,676][com.java.SeleniumDriver] [  930] -  RESULT true
[INFO ][2016-02-09 22:07:44,676][com.java.SeleniumDriver] [ 1136] - ?   P A S S   ?
[INFO ][2016-02-09 22:07:44,676][com.java.SeleniumDriver] [  856] - ------------------------------------------
[INFO ][2016-02-09 22:07:44,676][com.java.SeleniumDriver] [  857] - Test case being Executed: 8
[INFO ][2016-02-09 22:07:44,676][com.java.SeleniumDriver] [  869] - Test step:24
[INFO ][2016-02-09 22:07:44,676][com.java.SeleniumDriver] [  881] - Datavalue is----------15
[INFO ][2016-02-09 22:07:44,676][com.java.SeleniumDriver] [  905] - DataField : null
[INFO ][2016-02-09 22:07:44,676][com.java.SeleniumDriver] [  907] - DataValue : 15
[INFO ][2016-02-09 22:07:44,676][com.java.SeleniumDriver] [  913] - <In Set values of the page>
[INFO ][2016-02-09 22:07:44,677][com.java.SeleniumDriver] [  916] - {Data Fields & Data Values Exist}
[INFO ][2016-02-09 22:07:44,677][com.java.SeleniumDriver] [  918] - --------------------------setting values-----------------------------
[INFO ][2016-02-09 22:07:44,677][com.java.SeleniumDriver] [  921] - Action Type : WAITTIME
[DEBUG][2016-02-09 22:07:44,677][com.java.TestType] [ 6561] - sleepTime: 15000
[INFO ][2016-02-09 22:07:59,679][com.java.SeleniumDriver] [  930] -  RESULT true
[INFO ][2016-02-09 22:07:59,679][com.java.SeleniumDriver] [ 1136] - ?   P A S S   ?
[INFO ][2016-02-09 22:07:59,679][com.java.SeleniumDriver] [  856] - ------------------------------------------
[INFO ][2016-02-09 22:07:59,679][com.java.SeleniumDriver] [  857] - Test case being Executed: 8
[INFO ][2016-02-09 22:07:59,679][com.java.SeleniumDriver] [  869] - Test step:25
[INFO ][2016-02-09 22:07:59,679][com.java.SeleniumDriver] [  881] - Datavalue is----------glyphicon-play down
[INFO ][2016-02-09 22:07:59,679][com.java.SeleniumDriver] [  905] - DataField : CCM//div[@class="panel panel-default ng-scope"]/div[@id='bsAlertsHeading']/h4/span
[INFO ][2016-02-09 22:07:59,679][com.java.SeleniumDriver] [  907] - DataValue : glyphicon-play down
[INFO ][2016-02-09 22:07:59,679][com.java.SeleniumDriver] [  913] - <In Set values of the page>
[INFO ][2016-02-09 22:07:59,679][com.java.SeleniumDriver] [  916] - {Data Fields & Data Values Exist}
[INFO ][2016-02-09 22:07:59,679][com.java.SeleniumDriver] [  918] - --------------------------setting values-----------------------------
[INFO ][2016-02-09 22:07:59,679][com.java.SeleniumDriver] [  921] - Action Type : VERIFY
[INFO ][2016-02-09 22:07:59,679][com.java.TestType] [ 8386] - field= CCM//div[@class="panel panel-default ng-scope"]/div[@id='bsAlertsHeading']/h4/span value= glyphicon-play down
[INFO ][2016-02-09 22:07:59,680][com.java.TestType] [ 6752] - value = glyphicon-play down
[DEBUG][2016-02-09 22:07:59,680][com.java.TestType] [ 9739] - Exception: glyphicon-play down
[DEBUG][2016-02-09 22:07:59,680][com.java.TestType] [ 9742] - Element not replaced::glyphicon-play down
[INFO ][2016-02-09 22:07:59,680][com.java.SeleniumDriver] [  930] -  RESULT false
[INFO ][2016-02-09 22:07:59,680][com.java.SeleniumDriver] [  977] - ?   F A I L   ?
[INFO ][2016-02-09 22:07:59,680][com.java.SeleniumDriver] [  985] - Browser Type : IE10
[INFO ][2016-02-09 22:07:59,680][com.java.SeleniumDriver] [  986] - Adding Failed case8
[DEBUG][2016-02-09 22:07:59,818][com.java.SeleniumDriver] [ 1054] -  tdd.getCondition() IF:28:Next
[INFO ][2016-02-09 22:07:59,818][com.java.SeleniumDriver] [ 1058] - Continue next step...
[INFO ][2016-02-09 22:07:59,818][com.java.SeleniumDriver] [  856] - ------------------------------------------
[INFO ][2016-02-09 22:07:59,818][com.java.SeleniumDriver] [  857] - Test case being Executed: 8
[INFO ][2016-02-09 22:07:59,818][com.java.SeleniumDriver] [  869] - Test step:26
[INFO ][2016-02-09 22:07:59,818][com.java.SeleniumDriver] [  881] - Datavalue is----------2
[INFO ][2016-02-09 22:07:59,818][com.java.SeleniumDriver] [  905] - DataField : null
[INFO ][2016-02-09 22:07:59,818][com.java.SeleniumDriver] [  907] - DataValue : 2
[INFO ][2016-02-09 22:07:59,818][com.java.SeleniumDriver] [  913] - <In Set values of the page>
[INFO ][2016-02-09 22:07:59,818][com.java.SeleniumDriver] [  916] - {Data Fields & Data Values Exist}
[INFO ][2016-02-09 22:07:59,818][com.java.SeleniumDriver] [  918] - --------------------------setting values-----------------------------
[INFO ][2016-02-09 22:07:59,818][com.java.SeleniumDriver] [  921] - Action Type : WAITTIME
[DEBUG][2016-02-09 22:07:59,819][com.java.TestType] [ 6561] - sleepTime: 2000
[INFO ][2016-02-09 22:08:01,819][com.java.SeleniumDriver] [  930] -  RESULT true
[INFO ][2016-02-09 22:08:01,819][com.java.SeleniumDriver] [ 1136] - ?   P A S S   ?
[INFO ][2016-02-09 22:08:01,819][com.java.SeleniumDriver] [  856] - ------------------------------------------
[INFO ][2016-02-09 22:08:01,819][com.java.SeleniumDriver] [  857] - Test case being Executed: 8
[INFO ][2016-02-09 22:08:01,819][com.java.SeleniumDriver] [  869] - Test step:27
[INFO ][2016-02-09 22:08:01,819][com.java.SeleniumDriver] [  881] - Datavalue is----------null
[DEBUG][2016-02-09 22:08:01,819][com.java.SeleniumDriver] [  899] - Exception: null
[INFO ][2016-02-09 22:08:01,819][com.java.SeleniumDriver] [  905] - DataField : XPH//div[@class="panel panel-default ng-scope"]/div[@id='bsAlertsHeading']/h4
[INFO ][2016-02-09 22:08:01,819][com.java.SeleniumDriver] [  907] - DataValue : 
[INFO ][2016-02-09 22:08:01,821][com.java.SeleniumDriver] [  913] - <In Set values of the page>
[INFO ][2016-02-09 22:08:01,821][com.java.SeleniumDriver] [  916] - {Data Fields & Data Values Exist}
[INFO ][2016-02-09 22:08:01,821][com.java.SeleniumDriver] [  918] - --------------------------setting values-----------------------------
[INFO ][2016-02-09 22:08:01,821][com.java.SeleniumDriver] [  921] - Action Type : CLICK
[INFO ][2016-02-09 22:08:01,821][com.java.TestType] [ 7153] - Field ::XPH//div[@class="panel panel-default ng-scope"]/div[@id='bsAlertsHeading']/h4
[INFO ][2016-02-09 22:08:01,821][com.java.TestType] [ 6752] - value = 
[INFO ][2016-02-09 22:08:02,821][com.java.TestType] [ 7330] - BEFORE CLICK
[INFO ][2016-02-09 22:08:03,748][com.java.TestType] [ 7338] - Unable to click the object Click on Income Statement tab
[INFO ][2016-02-09 22:08:03,748][com.java.SeleniumDriver] [  930] -  RESULT true
[INFO ][2016-02-09 22:08:03,748][com.java.SeleniumDriver] [ 1136] - ?   P A S S   ?
[INFO ][2016-02-09 22:08:03,748][com.java.SeleniumDriver] [  856] - ------------------------------------------
[INFO ][2016-02-09 22:08:03,748][com.java.SeleniumDriver] [  857] - Test case being Executed: 8
[INFO ][2016-02-09 22:08:03,748][com.java.SeleniumDriver] [  869] - Test step:28
[INFO ][2016-02-09 22:08:03,748][com.java.SeleniumDriver] [  881] - Datavalue is----------3
[INFO ][2016-02-09 22:08:03,748][com.java.SeleniumDriver] [  905] - DataField : null
[INFO ][2016-02-09 22:08:03,748][com.java.SeleniumDriver] [  907] - DataValue : 3
[INFO ][2016-02-09 22:08:03,748][com.java.SeleniumDriver] [  913] - <In Set values of the page>
[INFO ][2016-02-09 22:08:03,748][com.java.SeleniumDriver] [  916] - {Data Fields & Data Values Exist}
[INFO ][2016-02-09 22:08:03,748][com.java.SeleniumDriver] [  918] - --------------------------setting values-----------------------------
[INFO ][2016-02-09 22:08:03,748][com.java.SeleniumDriver] [  921] - Action Type : WAITTIME
[DEBUG][2016-02-09 22:08:03,749][com.java.TestType] [ 6561] - sleepTime: 3000
[INFO ][2016-02-09 22:08:06,749][com.java.SeleniumDriver] [  930] -  RESULT true
[INFO ][2016-02-09 22:08:06,749][com.java.SeleniumDriver] [ 1136] - ?   P A S S   ?
[INFO ][2016-02-09 22:08:06,749][com.java.SeleniumDriver] [  856] - ------------------------------------------
[INFO ][2016-02-09 22:08:06,749][com.java.SeleniumDriver] [  857] - Test case being Executed: 8
[INFO ][2016-02-09 22:08:06,749][com.java.SeleniumDriver] [  869] - Test step:29
[INFO ][2016-02-09 22:08:06,749][com.java.SeleniumDriver] [  881] - Datavalue is----------numberofupdatesbeforerefreshing
[INFO ][2016-02-09 22:08:06,749][com.java.SeleniumDriver] [  905] - DataField : XPH//div[@id="bsAlertsHeading"]//span[@class="badge pull-right ng-binding"]
[INFO ][2016-02-09 22:08:06,749][com.java.SeleniumDriver] [  907] - DataValue : numberofupdatesbeforerefreshing
[INFO ][2016-02-09 22:08:06,749][com.java.SeleniumDriver] [  913] - <In Set values of the page>
[INFO ][2016-02-09 22:08:06,749][com.java.SeleniumDriver] [  916] - {Data Fields & Data Values Exist}
[INFO ][2016-02-09 22:08:06,749][com.java.SeleniumDriver] [  918] - --------------------------setting values-----------------------------
[INFO ][2016-02-09 22:08:06,749][com.java.SeleniumDriver] [  921] - Action Type : STOREVALUE
[INFO ][2016-02-09 22:08:06,750][com.java.TestType] [ 9900] - field= XPH//div[@id="bsAlertsHeading"]//span[@class="badge pull-right ng-binding"]
[DEBUG][2016-02-09 22:08:06,876][com.java.TestType] [ 9955] - Key:: numberofupdatesbeforerefreshing   Value:: 1
[INFO ][2016-02-09 22:08:06,876][com.java.SeleniumDriver] [  930] -  RESULT true
[INFO ][2016-02-09 22:08:06,876][com.java.SeleniumDriver] [ 1136] - ?   P A S S   ?
[INFO ][2016-02-09 22:08:06,876][com.java.SeleniumDriver] [  856] - ------------------------------------------
[INFO ][2016-02-09 22:08:06,876][com.java.SeleniumDriver] [  857] - Test case being Executed: 8
[INFO ][2016-02-09 22:08:06,876][com.java.SeleniumDriver] [  869] - Test step:30
[INFO ][2016-02-09 22:08:06,876][com.java.SeleniumDriver] [  881] - Datavalue is----------HMVnumberofupdatesbeforerefreshing
[INFO ][2016-02-09 22:08:06,877][com.java.SeleniumDriver] [  905] - DataField : TAL//div[@id="bsAlertsContent"]//div[@class="bd-alert ng-scope"]
[INFO ][2016-02-09 22:08:06,877][com.java.SeleniumDriver] [  907] - DataValue : HMVnumberofupdatesbeforerefreshing
[INFO ][2016-02-09 22:08:06,877][com.java.SeleniumDriver] [  913] - <In Set values of the page>
[INFO ][2016-02-09 22:08:06,877][com.java.SeleniumDriver] [  916] - {Data Fields & Data Values Exist}
[INFO ][2016-02-09 22:08:06,877][com.java.SeleniumDriver] [  918] - --------------------------setting values-----------------------------
[INFO ][2016-02-09 22:08:06,877][com.java.SeleniumDriver] [  921] - Action Type : VERIFY
[INFO ][2016-02-09 22:08:06,877][com.java.TestType] [ 8386] - field= TAL//div[@id="bsAlertsContent"]//div[@class="bd-alert ng-scope"] value= HMVnumberofupdatesbeforerefreshing
[INFO ][2016-02-09 22:08:06,877][com.java.TestType] [ 6752] - value = 1
[INFO ][2016-02-09 22:08:06,913][com.java.SeleniumDriver] [  930] -  RESULT true
[INFO ][2016-02-09 22:08:06,913][com.java.SeleniumDriver] [ 1136] - ?   P A S S   ?
[INFO ][2016-02-09 22:08:06,913][com.java.SeleniumDriver] [  856] - ------------------------------------------
[INFO ][2016-02-09 22:08:06,913][com.java.SeleniumDriver] [  857] - Test case being Executed: 8
[INFO ][2016-02-09 22:08:06,913][com.java.SeleniumDriver] [  869] - Test step:31
[INFO ][2016-02-09 22:08:06,913][com.java.SeleniumDriver] [  881] - Datavalue is----------BalanceSheet
[INFO ][2016-02-09 22:08:06,913][com.java.SeleniumDriver] [  905] - DataField : XPH//div[@id="bsAlertsContent"]//div[@class="bd-alert ng-scope"][1]/div[@class="ng-binding"]
[INFO ][2016-02-09 22:08:06,913][com.java.SeleniumDriver] [  907] - DataValue : BalanceSheet
[INFO ][2016-02-09 22:08:06,913][com.java.SeleniumDriver] [  913] - <In Set values of the page>
[INFO ][2016-02-09 22:08:06,913][com.java.SeleniumDriver] [  916] - {Data Fields & Data Values Exist}
[INFO ][2016-02-09 22:08:06,913][com.java.SeleniumDriver] [  918] - --------------------------setting values-----------------------------
[INFO ][2016-02-09 22:08:06,913][com.java.SeleniumDriver] [  921] - Action Type : STOREVALUE
[INFO ][2016-02-09 22:08:06,913][com.java.TestType] [ 9900] - field= XPH//div[@id="bsAlertsContent"]//div[@class="bd-alert ng-scope"][1]/div[@class="ng-binding"]
[DEBUG][2016-02-09 22:08:07,058][com.java.TestType] [ 9955] - Key:: BalanceSheet   Value:: 
[INFO ][2016-02-09 22:08:07,058][com.java.SeleniumDriver] [  930] -  RESULT true
[INFO ][2016-02-09 22:08:07,058][com.java.SeleniumDriver] [ 1136] - ?   P A S S   ?
[INFO ][2016-02-09 22:08:07,058][com.java.SeleniumDriver] [  856] - ------------------------------------------
[INFO ][2016-02-09 22:08:07,058][com.java.SeleniumDriver] [  857] - Test case being Executed: 8
[INFO ][2016-02-09 22:08:07,058][com.java.SeleniumDriver] [  869] - Test step:32
[INFO ][2016-02-09 22:08:07,058][com.java.SeleniumDriver] [  881] - Datavalue is----------Change
[INFO ][2016-02-09 22:08:07,058][com.java.SeleniumDriver] [  905] - DataField : XPH//div[@id="bsAlertsContent"]//div[@class="bd-alert ng-scope"][1]//span[@ class="ng-binding"]
[INFO ][2016-02-09 22:08:07,058][com.java.SeleniumDriver] [  907] - DataValue : Change
[INFO ][2016-02-09 22:08:07,058][com.java.SeleniumDriver] [  913] - <In Set values of the page>
[INFO ][2016-02-09 22:08:07,058][com.java.SeleniumDriver] [  916] - {Data Fields & Data Values Exist}
[INFO ][2016-02-09 22:08:07,059][com.java.SeleniumDriver] [  918] - --------------------------setting values-----------------------------
[INFO ][2016-02-09 22:08:07,059][com.java.SeleniumDriver] [  921] - Action Type : STOREVALUE
[INFO ][2016-02-09 22:08:07,059][com.java.TestType] [ 9900] - field= XPH//div[@id="bsAlertsContent"]//div[@class="bd-alert ng-scope"][1]//span[@ class="ng-binding"]
[DEBUG][2016-02-09 22:08:07,171][com.java.TestType] [ 9955] - Key:: Change   Value:: 
[INFO ][2016-02-09 22:08:07,171][com.java.SeleniumDriver] [  930] -  RESULT true
[INFO ][2016-02-09 22:08:07,171][com.java.SeleniumDriver] [ 1136] - ?   P A S S   ?
[INFO ][2016-02-09 22:08:07,171][com.java.SeleniumDriver] [  856] - ------------------------------------------
[INFO ][2016-02-09 22:08:07,171][com.java.SeleniumDriver] [  857] - Test case being Executed: 8
[INFO ][2016-02-09 22:08:07,171][com.java.SeleniumDriver] [  869] - Test step:33
[INFO ][2016-02-09 22:08:07,171][com.java.SeleniumDriver] [  881] - Datavalue is----------Percentage
[INFO ][2016-02-09 22:08:07,171][com.java.SeleniumDriver] [  905] - DataField : XPH//div[@id="bsAlertsContent"]//div[@class="bd-alert ng-scope"][1]//span[@class="pull-right ng-binding"]
[INFO ][2016-02-09 22:08:07,172][com.java.SeleniumDriver] [  907] - DataValue : Percentage
[INFO ][2016-02-09 22:08:07,172][com.java.SeleniumDriver] [  913] - <In Set values of the page>
[INFO ][2016-02-09 22:08:07,172][com.java.SeleniumDriver] [  916] - {Data Fields & Data Values Exist}
[INFO ][2016-02-09 22:08:07,172][com.java.SeleniumDriver] [  918] - --------------------------setting values-----------------------------
[INFO ][2016-02-09 22:08:07,172][com.java.SeleniumDriver] [  921] - Action Type : STOREVALUE
[INFO ][2016-02-09 22:08:07,172][com.java.TestType] [ 9900] - field= XPH//div[@id="bsAlertsContent"]//div[@class="bd-alert ng-scope"][1]//span[@class="pull-right ng-binding"]
[DEBUG][2016-02-09 22:08:07,287][com.java.TestType] [ 9955] - Key:: Percentage   Value:: 
[INFO ][2016-02-09 22:08:07,287][com.java.SeleniumDriver] [  930] -  RESULT true
[INFO ][2016-02-09 22:08:07,287][com.java.SeleniumDriver] [ 1136] - ?   P A S S   ?
[INFO ][2016-02-09 22:08:07,287][com.java.SeleniumDriver] [  856] - ------------------------------------------
[INFO ][2016-02-09 22:08:07,287][com.java.SeleniumDriver] [  857] - Test case being Executed: 8
[INFO ][2016-02-09 22:08:07,287][com.java.SeleniumDriver] [  869] - Test step:34
[INFO ][2016-02-09 22:08:07,289][com.java.SeleniumDriver] [  881] - Datavalue is----------null
[DEBUG][2016-02-09 22:08:07,289][com.java.SeleniumDriver] [  899] - Exception: null
[INFO ][2016-02-09 22:08:07,289][com.java.SeleniumDriver] [  905] - DataField : XPH//span[@class="glyphicon glyphicon-list-alt"]
[INFO ][2016-02-09 22:08:07,289][com.java.SeleniumDriver] [  907] - DataValue : 
[INFO ][2016-02-09 22:08:07,289][com.java.SeleniumDriver] [  913] - <In Set values of the page>
[INFO ][2016-02-09 22:08:07,289][com.java.SeleniumDriver] [  916] - {Data Fields & Data Values Exist}
[INFO ][2016-02-09 22:08:07,289][com.java.SeleniumDriver] [  918] - --------------------------setting values-----------------------------
[INFO ][2016-02-09 22:08:07,289][com.java.SeleniumDriver] [  921] - Action Type : CLICK
[INFO ][2016-02-09 22:08:07,289][com.java.TestType] [ 7153] - Field ::XPH//span[@class="glyphicon glyphicon-list-alt"]
[INFO ][2016-02-09 22:08:07,290][com.java.TestType] [ 6752] - value = 
[INFO ][2016-02-09 22:08:08,290][com.java.TestType] [ 7330] - BEFORE CLICK
[INFO ][2016-02-09 22:08:09,476][com.java.TestType] [ 7338] - Unable to click the object Click on the report button
[INFO ][2016-02-09 22:08:09,476][com.java.SeleniumDriver] [  930] -  RESULT true
[INFO ][2016-02-09 22:08:09,476][com.java.SeleniumDriver] [ 1136] - ?   P A S S   ?
[INFO ][2016-02-09 22:08:09,476][com.java.SeleniumDriver] [  856] - ------------------------------------------
[INFO ][2016-02-09 22:08:09,476][com.java.SeleniumDriver] [  857] - Test case being Executed: 8
[INFO ][2016-02-09 22:08:09,476][com.java.SeleniumDriver] [  869] - Test step:35
[INFO ][2016-02-09 22:08:09,476][com.java.SeleniumDriver] [  881] - Datavalue is----------10
[INFO ][2016-02-09 22:08:09,476][com.java.SeleniumDriver] [  905] - DataField : XPH//img[@id='loading']
[INFO ][2016-02-09 22:08:09,476][com.java.SeleniumDriver] [  907] - DataValue : 10
[INFO ][2016-02-09 22:08:09,476][com.java.SeleniumDriver] [  913] - <In Set values of the page>
[INFO ][2016-02-09 22:08:09,476][com.java.SeleniumDriver] [  916] - {Data Fields & Data Values Exist}
[INFO ][2016-02-09 22:08:09,476][com.java.SeleniumDriver] [  918] - --------------------------setting values-----------------------------
[INFO ][2016-02-09 22:08:09,476][com.java.SeleniumDriver] [  921] - Action Type : WaitForElement
[INFO ][2016-02-09 22:08:09,532][com.java.SeleniumDriver] [  930] -  RESULT true
[INFO ][2016-02-09 22:08:09,532][com.java.SeleniumDriver] [ 1136] - ?   P A S S   ?
[INFO ][2016-02-09 22:08:09,532][com.java.SeleniumDriver] [  856] - ------------------------------------------
[INFO ][2016-02-09 22:08:09,532][com.java.SeleniumDriver] [  857] - Test case being Executed: 8
[INFO ][2016-02-09 22:08:09,532][com.java.SeleniumDriver] [  869] - Test step:36
[INFO ][2016-02-09 22:08:09,532][com.java.SeleniumDriver] [  881] - Datavalue is----------90
[INFO ][2016-02-09 22:08:09,533][com.java.SeleniumDriver] [  905] - DataField : XPH//img[@id='loading']
[INFO ][2016-02-09 22:08:09,533][com.java.SeleniumDriver] [  907] - DataValue : 90
[INFO ][2016-02-09 22:08:09,533][com.java.SeleniumDriver] [  913] - <In Set values of the page>
[INFO ][2016-02-09 22:08:09,533][com.java.SeleniumDriver] [  916] - {Data Fields & Data Values Exist}
[INFO ][2016-02-09 22:08:09,533][com.java.SeleniumDriver] [  918] - --------------------------setting values-----------------------------
[INFO ][2016-02-09 22:08:09,533][com.java.SeleniumDriver] [  921] - Action Type : waitForElementNotPresent
[INFO ][2016-02-09 22:08:10,695][com.java.SeleniumDriver] [  930] -  RESULT true
[INFO ][2016-02-09 22:08:10,695][com.java.SeleniumDriver] [ 1136] - ?   P A S S   ?
[INFO ][2016-02-09 22:08:10,695][com.java.SeleniumDriver] [  856] - ------------------------------------------
[INFO ][2016-02-09 22:08:10,695][com.java.SeleniumDriver] [  857] - Test case being Executed: 8
[INFO ][2016-02-09 22:08:10,695][com.java.SeleniumDriver] [  869] - Test step:37
[INFO ][2016-02-09 22:08:10,695][com.java.SeleniumDriver] [  881] - Datavalue is----------15
[INFO ][2016-02-09 22:08:10,696][com.java.SeleniumDriver] [  905] - DataField : null
[INFO ][2016-02-09 22:08:10,696][com.java.SeleniumDriver] [  907] - DataValue : 15
[INFO ][2016-02-09 22:08:10,696][com.java.SeleniumDriver] [  913] - <In Set values of the page>
[INFO ][2016-02-09 22:08:10,696][com.java.SeleniumDriver] [  916] - {Data Fields & Data Values Exist}
[INFO ][2016-02-09 22:08:10,696][com.java.SeleniumDriver] [  918] - --------------------------setting values-----------------------------
[INFO ][2016-02-09 22:08:10,696][com.java.SeleniumDriver] [  921] - Action Type : WAITTIME
[DEBUG][2016-02-09 22:08:10,696][com.java.TestType] [ 6561] - sleepTime: 15000
[INFO ][2016-02-09 22:08:25,697][com.java.SeleniumDriver] [  930] -  RESULT true
[INFO ][2016-02-09 22:08:25,697][com.java.SeleniumDriver] [ 1136] - ?   P A S S   ?
[INFO ][2016-02-09 22:08:25,697][com.java.SeleniumDriver] [  856] - ------------------------------------------
[INFO ][2016-02-09 22:08:25,697][com.java.SeleniumDriver] [  857] - Test case being Executed: 8
[INFO ][2016-02-09 22:08:25,697][com.java.SeleniumDriver] [  869] - Test step:38
[INFO ][2016-02-09 22:08:25,697][com.java.SeleniumDriver] [  881] - Datavalue is----------BalanceSheet::Change
[INFO ][2016-02-09 22:08:25,697][com.java.SeleniumDriver] [  905] - DataField : PVP//div[contains(text(),'mytext')]/following::td[3]/div
[INFO ][2016-02-09 22:08:25,697][com.java.SeleniumDriver] [  907] - DataValue : BalanceSheet::Change
[INFO ][2016-02-09 22:08:25,697][com.java.SeleniumDriver] [  913] - <In Set values of the page>
[INFO ][2016-02-09 22:08:25,697][com.java.SeleniumDriver] [  916] - {Data Fields & Data Values Exist}
[INFO ][2016-02-09 22:08:25,697][com.java.SeleniumDriver] [  918] - --------------------------setting values-----------------------------
[INFO ][2016-02-09 22:08:25,697][com.java.SeleniumDriver] [  921] - Action Type : VERIFY
[INFO ][2016-02-09 22:08:25,697][com.java.TestType] [ 8386] - field= PVP//div[contains(text(),'mytext')]/following::td[3]/div value= BalanceSheet::Change
[INFO ][2016-02-09 22:08:25,698][com.java.TestType] [ 6752] - value = BalanceSheet::Change
[DEBUG][2016-02-09 22:08:25,698][com.java.TestType] [ 9603] - Exception: BalanceSheet::Change
[DEBUG][2016-02-09 22:08:25,698][com.java.TestType] [ 9606] - Element not replaced::BalanceSheet::Change
[INFO ][2016-02-09 22:08:25,698][com.java.SeleniumDriver] [  930] -  RESULT false
[INFO ][2016-02-09 22:08:25,698][com.java.SeleniumDriver] [  977] - ?   F A I L   ?
[INFO ][2016-02-09 22:08:25,698][com.java.SeleniumDriver] [  985] - Browser Type : IE10
[INFO ][2016-02-09 22:08:25,698][com.java.SeleniumDriver] [  986] - Adding Failed case8
[INFO ][2016-02-09 22:08:25,939][com.java.SeleniumDriver] [ 1100] - failedCases = 8
[ERROR][2016-02-09 22:08:25,939][com.java.SeleniumDriver] [ 1599] - Platform Errors : Our apologies...::We have encountered an issue with your request.::Our apologies?:We encountered an issue with your request.
[INFO ][2016-02-09 22:08:25,939][com.java.SeleniumDriver] [ 1603] - Length =3
[ERROR][2016-02-09 22:08:25,939][com.java.SeleniumDriver] [ 1606] - Error 0 = Our apologies...
[ERROR][2016-02-09 22:08:26,053][com.java.SeleniumDriver] [ 1606] - Error 1 = We have encountered an issue with your request.
[ERROR][2016-02-09 22:08:26,115][com.java.SeleniumDriver] [ 1606] - Error 2 = Our apologies?:We encountered an issue with your request.
[INFO ][2016-02-09 22:08:26,176][com.java.SeleniumDriver] [ 1617] - strError:
[DEBUG][2016-02-09 22:08:26,191][com.java.SeleniumDriver] [ 1248] - Case found
[DEBUG][2016-02-09 22:08:26,191][com.java.SeleniumDriver] [ 1253] - Incrementing ReportCounters[0]:2
[INFO ][2016-02-09 22:08:26,191][com.java.SeleniumDriver] [ 1272] - The results are-------------------[8, 38, Right Hand Menu: BS Alerts-BS Alerts data correctness, Fail, 
Test case failed at Step No. :: 38   Error Message ::  Element not replaced::BalanceSheet::Change. Screen Shot : D:\BankersDashboard\TestReports\020916\8_020916_220825_IE10.png, Tue Feb 09 22:08:26 IST 2016]
[INFO ][2016-02-09 22:08:26,191][com.java.SeleniumDriver] [ 1276] - End time is-------3 min 43 sec
[INFO ][2016-02-09 22:08:26,191][com.java.SeleniumDriver] [ 1277] - The results are-------------------[8, 38, Right Hand Menu: BS Alerts-BS Alerts data correctness, Fail, 
Test case failed at Step No. :: 38   Error Message ::  Element not replaced::BalanceSheet::Change. Screen Shot : D:\BankersDashboard\TestReports\020916\8_020916_220825_IE10.png, Tue Feb 09 22:08:26 IST 2016]
[DEBUG][2016-02-09 22:08:26,191][com.java.ImportnExport.ExportTestResultsExcel] [  222] - testResultPath = D:\BankersDashboard/TestReports/Test Results_BankersDashBoard_020916_220444_IE10_Any Bank USA.xls
[DEBUG][2016-02-09 22:08:26,191][com.java.ImportnExport.ExportTestResultsExcel] [  223] - browser is------------IE10
[DEBUG][2016-02-09 22:08:26,194][com.java.ImportnExport.ExportTestResultsExcel] [  270] - result.size() = 6
[DEBUG][2016-02-09 22:08:26,194][com.java.ImportnExport.ExportTestResultsExcel] [  274] - No of rows in sheet=2
[DEBUG][2016-02-09 22:08:26,194][com.java.ImportnExport.ExportTestResultsExcel] [  301] - ..in export..8
[DEBUG][2016-02-09 22:08:26,195][com.java.ImportnExport.ExportTestResultsExcel] [  301] - ..in export..Right Hand Menu: BS Alerts-BS Alerts data correctness
[DEBUG][2016-02-09 22:08:26,195][com.java.ImportnExport.ExportTestResultsExcel] [  301] - ..in export..Fail
[DEBUG][2016-02-09 22:08:26,195][com.java.ImportnExport.ExportTestResultsExcel] [  301] - ..in export..
Test case failed at Step No. :: 38   Error Message ::  Element not replaced::BalanceSheet::Change. Screen Shot : D:\BankersDashboard\TestReports\020916\8_020916_220825_IE10.png
[DEBUG][2016-02-09 22:08:26,195][com.java.ImportnExport.ExportTestResultsExcel] [  301] - ..in export..Tue Feb 09 22:08:26 IST 2016
[INFO ][2016-02-09 22:08:26,196][com.java.SeleniumDriver] [ 1337] - out loop:1 size:3 TestCases:[1, 8, 9] testcases:[1, 8, 9]
[INFO ][2016-02-09 22:08:26,196][com.java.ImportnExport.ImportTestDataDetailsExcel] [   49] - test data details path===== D:\BankersDashboard\TestInputs\TestData.xls
[INFO ][2016-02-09 22:08:42,412][com.java.SeleniumDriver] [  856] - ------------------------------------------
[INFO ][2016-02-09 22:08:42,412][com.java.SeleniumDriver] [  857] - Test case being Executed: 9
[INFO ][2016-02-09 22:08:42,412][com.java.SeleniumDriver] [  869] - Test step:1
[INFO ][2016-02-09 22:08:42,412][com.java.SeleniumDriver] [  881] - Datavalue is----------Logout
[INFO ][2016-02-09 22:08:42,412][com.java.SeleniumDriver] [  905] - DataField : BTN
[INFO ][2016-02-09 22:08:42,412][com.java.SeleniumDriver] [  907] - DataValue : Logout
[INFO ][2016-02-09 22:08:42,412][com.java.SeleniumDriver] [  913] - <In Set values of the page>
[INFO ][2016-02-09 22:08:42,412][com.java.SeleniumDriver] [  916] - {Data Fields & Data Values Exist}
[INFO ][2016-02-09 22:08:42,412][com.java.SeleniumDriver] [  918] - --------------------------setting values-----------------------------
[INFO ][2016-02-09 22:08:42,412][com.java.SeleniumDriver] [  921] - Action Type : Verify
[INFO ][2016-02-09 22:08:42,412][com.java.TestType] [ 8386] - field= BTN value= Logout
[INFO ][2016-02-09 22:08:42,412][com.java.TestType] [ 6752] - value = Logout
[INFO ][2016-02-09 22:08:42,484][com.java.SeleniumDriver] [  930] -  RESULT true
[INFO ][2016-02-09 22:08:42,484][com.java.SeleniumDriver] [ 1136] - ?   P A S S   ?
[INFO ][2016-02-09 22:08:42,484][com.java.SeleniumDriver] [ 1178] - step change to 3
[INFO ][2016-02-09 22:08:42,485][com.java.SeleniumDriver] [  856] - ------------------------------------------
[INFO ][2016-02-09 22:08:42,485][com.java.SeleniumDriver] [  857] - Test case being Executed: 9
[INFO ][2016-02-09 22:08:42,485][com.java.SeleniumDriver] [  869] - Test step:3
[INFO ][2016-02-09 22:08:42,485][com.java.SeleniumDriver] [  881] - Datavalue is----------Concept#2:1-2
[INFO ][2016-02-09 22:08:42,485][com.java.SeleniumDriver] [  905] - DataField : test
[INFO ][2016-02-09 22:08:42,485][com.java.SeleniumDriver] [  907] - DataValue : Concept#2:1-2
[INFO ][2016-02-09 22:08:42,485][com.java.SeleniumDriver] [  913] - <In Set values of the page>
[INFO ][2016-02-09 22:08:42,485][com.java.SeleniumDriver] [  916] - {Data Fields & Data Values Exist}
[INFO ][2016-02-09 22:08:42,485][com.java.SeleniumDriver] [  918] - --------------------------setting values-----------------------------
[INFO ][2016-02-09 22:08:42,485][com.java.SeleniumDriver] [  921] - Action Type : ExecuteTestCase
[INFO ][2016-02-09 22:08:42,485][com.java.TestType] [  448] - The Concept sheet name is ---------- Concept
[INFO ][2016-02-09 22:08:42,486][com.java.TestType] [  451] - The Concept ID  is ---------- 2
[DEBUG][2016-02-09 22:08:42,486][com.java.TestType] [  455] - Steps being executted in the Concept are: 1:2
[INFO ][2016-02-09 22:08:42,486][com.java.TestType] [  462] - Test data details path ---------- D:\BankersDashboard\TestInputs\TestData.xls
[INFO ][2016-02-09 22:08:42,504][com.java.TestType] [  493] -  str(1) = 2
[INFO ][2016-02-09 22:08:42,504][com.java.TestType] [  496] - Test case Id is---2
[INFO ][2016-02-09 22:08:42,505][com.java.TestType] [  498] - 2
[INFO ][2016-02-09 22:08:42,505][com.java.TestType] [  493] -  str(2) = 1
[INFO ][2016-02-09 22:08:42,506][com.java.TestType] [  493] -  str(1) = 2
[INFO ][2016-02-09 22:08:42,506][com.java.TestType] [  496] - Test case Id is---2
[INFO ][2016-02-09 22:08:42,506][com.java.TestType] [  498] - 2
[INFO ][2016-02-09 22:08:42,506][com.java.TestType] [  493] -  str(2) = 2
[INFO ][2016-02-09 22:08:42,507][com.java.TestType] [  493] -  str(1) = 2
[INFO ][2016-02-09 22:08:42,507][com.java.TestType] [  496] - Test case Id is---2
[INFO ][2016-02-09 22:08:42,507][com.java.TestType] [  498] - 2
[INFO ][2016-02-09 22:08:42,507][com.java.TestType] [  493] -  str(2) = 3
[INFO ][2016-02-09 22:08:42,507][com.java.TestType] [12135] - Looping 1TCID = 2
[DEBUG][2016-02-09 22:08:42,508][com.java.TestType] [12176] - Concept ID:2 :: Step being Executed: 2::1
[INFO ][2016-02-09 22:08:42,508][com.java.TestType] [12214] - dataFields : BNK//select[@id='bank']
[DEBUG][2016-02-09 22:08:42,508][com.java.TestType] [12220] - <In Set values of the page>
[DEBUG][2016-02-09 22:08:42,508][com.java.TestType] [12225] - {Data Fields & Data Values Exist}
[INFO ][2016-02-09 22:08:42,508][com.java.TestType] [12231] - --------------------------setting values-----------------------------
[INFO ][2016-02-09 22:08:42,508][com.java.TestType] [12234] - Action Type : Select
[INFO ][2016-02-09 22:08:42,508][com.java.TestType] [ 6752] - value = PFC
[INFO ][2016-02-09 22:08:42,747][com.java.TestType] [12253] -  RESULT true
[INFO ][2016-02-09 22:08:42,747][com.java.TestType] [12370] - ?   P A S S   ?
[DEBUG][2016-02-09 22:08:42,747][com.java.TestType] [12176] - Concept ID:2 :: Step being Executed: 2::2
[INFO ][2016-02-09 22:08:42,747][com.java.TestType] [12214] - dataFields : LNKLogout
[DEBUG][2016-02-09 22:08:42,747][com.java.TestType] [12220] - <In Set values of the page>
[DEBUG][2016-02-09 22:08:42,747][com.java.TestType] [12225] - {Data Fields & Data Values Exist}
[INFO ][2016-02-09 22:08:42,747][com.java.TestType] [12231] - --------------------------setting values-----------------------------
[INFO ][2016-02-09 22:08:42,747][com.java.TestType] [12234] - Action Type : WaitTime
[DEBUG][2016-02-09 22:08:42,747][com.java.TestType] [ 6561] - sleepTime: 5000
[INFO ][2016-02-09 22:08:47,748][com.java.TestType] [12253] -  RESULT true
[INFO ][2016-02-09 22:08:47,748][com.java.TestType] [12370] - ?   P A S S   ?
[INFO ][2016-02-09 22:08:47,748][com.java.TestType] [12441] - Looping End......
[INFO ][2016-02-09 22:08:47,749][com.java.SeleniumDriver] [  930] -  RESULT true
[INFO ][2016-02-09 22:08:47,749][com.java.SeleniumDriver] [ 1136] - ?   P A S S   ?
[INFO ][2016-02-09 22:08:47,749][com.java.SeleniumDriver] [  856] - ------------------------------------------
[INFO ][2016-02-09 22:08:47,750][com.java.SeleniumDriver] [  857] - Test case being Executed: 9
[INFO ][2016-02-09 22:08:47,750][com.java.SeleniumDriver] [  869] - Test step:4
[INFO ][2016-02-09 22:08:47,750][com.java.SeleniumDriver] [  881] - Datavalue is----------2
[INFO ][2016-02-09 22:08:47,750][com.java.SeleniumDriver] [  905] - DataField : XPH//span[@class='icon-compass']
[INFO ][2016-02-09 22:08:47,750][com.java.SeleniumDriver] [  907] - DataValue : 2
[INFO ][2016-02-09 22:08:47,750][com.java.SeleniumDriver] [  913] - <In Set values of the page>
[INFO ][2016-02-09 22:08:47,750][com.java.SeleniumDriver] [  916] - {Data Fields & Data Values Exist}
[INFO ][2016-02-09 22:08:47,750][com.java.SeleniumDriver] [  918] - --------------------------setting values-----------------------------
[INFO ][2016-02-09 22:08:47,750][com.java.SeleniumDriver] [  921] - Action Type : WaitForElement
[INFO ][2016-02-09 22:08:47,785][com.java.SeleniumDriver] [  930] -  RESULT true
[INFO ][2016-02-09 22:08:47,785][com.java.SeleniumDriver] [ 1136] - ?   P A S S   ?
[INFO ][2016-02-09 22:08:47,785][com.java.SeleniumDriver] [  856] - ------------------------------------------
[INFO ][2016-02-09 22:08:47,785][com.java.SeleniumDriver] [  857] - Test case being Executed: 9
[INFO ][2016-02-09 22:08:47,785][com.java.SeleniumDriver] [  869] - Test step:5
[INFO ][2016-02-09 22:08:47,785][com.java.SeleniumDriver] [  881] - Datavalue is----------2
[INFO ][2016-02-09 22:08:47,785][com.java.SeleniumDriver] [  905] - DataField : XPH//button[contains(@class,'menu-item handle')]
[INFO ][2016-02-09 22:08:47,785][com.java.SeleniumDriver] [  907] - DataValue : 2
[INFO ][2016-02-09 22:08:47,785][com.java.SeleniumDriver] [  913] - <In Set values of the page>
[INFO ][2016-02-09 22:08:47,786][com.java.SeleniumDriver] [  916] - {Data Fields & Data Values Exist}
[INFO ][2016-02-09 22:08:47,786][com.java.SeleniumDriver] [  918] - --------------------------setting values-----------------------------
[INFO ][2016-02-09 22:08:47,786][com.java.SeleniumDriver] [  921] - Action Type : WaitForElement
[INFO ][2016-02-09 22:08:47,821][com.java.SeleniumDriver] [  930] -  RESULT true
[INFO ][2016-02-09 22:08:47,821][com.java.SeleniumDriver] [ 1136] - ?   P A S S   ?
[INFO ][2016-02-09 22:08:47,821][com.java.SeleniumDriver] [  856] - ------------------------------------------
[INFO ][2016-02-09 22:08:47,821][com.java.SeleniumDriver] [  857] - Test case being Executed: 9
[INFO ][2016-02-09 22:08:47,821][com.java.SeleniumDriver] [  869] - Test step:6
[INFO ][2016-02-09 22:08:47,821][com.java.SeleniumDriver] [  881] - Datavalue is----------null
[DEBUG][2016-02-09 22:08:47,821][com.java.SeleniumDriver] [  899] - Exception: null
[INFO ][2016-02-09 22:08:47,821][com.java.SeleniumDriver] [  905] - DataField : XPH//button[contains(@class,'menu-item handle')]
[INFO ][2016-02-09 22:08:47,821][com.java.SeleniumDriver] [  907] - DataValue : 
[INFO ][2016-02-09 22:08:47,821][com.java.SeleniumDriver] [  913] - <In Set values of the page>
[INFO ][2016-02-09 22:08:47,822][com.java.SeleniumDriver] [  916] - {Data Fields & Data Values Exist}
[INFO ][2016-02-09 22:08:47,822][com.java.SeleniumDriver] [  918] - --------------------------setting values-----------------------------
[INFO ][2016-02-09 22:08:47,822][com.java.SeleniumDriver] [  921] - Action Type : Click
[INFO ][2016-02-09 22:08:47,822][com.java.TestType] [ 7153] - Field ::XPH//button[contains(@class,'menu-item handle')]
[INFO ][2016-02-09 22:08:47,822][com.java.TestType] [ 6752] - value = 
[INFO ][2016-02-09 22:08:48,823][com.java.TestType] [ 7330] - BEFORE CLICK
[INFO ][2016-02-09 22:08:49,761][com.java.TestType] [ 7338] - Unable to click the object Collapse Menu
[INFO ][2016-02-09 22:08:49,761][com.java.SeleniumDriver] [  930] -  RESULT true
[INFO ][2016-02-09 22:08:49,761][com.java.SeleniumDriver] [ 1136] - ?   P A S S   ?
[INFO ][2016-02-09 22:08:49,761][com.java.SeleniumDriver] [  856] - ------------------------------------------
[INFO ][2016-02-09 22:08:49,761][com.java.SeleniumDriver] [  857] - Test case being Executed: 9
[INFO ][2016-02-09 22:08:49,761][com.java.SeleniumDriver] [  869] - Test step:7
[INFO ][2016-02-09 22:08:49,761][com.java.SeleniumDriver] [  881] - Datavalue is----------null
[DEBUG][2016-02-09 22:08:49,761][com.java.SeleniumDriver] [  899] - Exception: null
[INFO ][2016-02-09 22:08:49,763][com.java.SeleniumDriver] [  905] - DataField : XPH//button[@id='menu-toggle']
[INFO ][2016-02-09 22:08:49,763][com.java.SeleniumDriver] [  907] - DataValue : 
[INFO ][2016-02-09 22:08:49,763][com.java.SeleniumDriver] [  913] - <In Set values of the page>
[INFO ][2016-02-09 22:08:49,763][com.java.SeleniumDriver] [  916] - {Data Fields & Data Values Exist}
[INFO ][2016-02-09 22:08:49,763][com.java.SeleniumDriver] [  918] - --------------------------setting values-----------------------------
[INFO ][2016-02-09 22:08:49,763][com.java.SeleniumDriver] [  921] - Action Type : Click
[INFO ][2016-02-09 22:08:49,763][com.java.TestType] [ 7153] - Field ::XPH//button[@id='menu-toggle']
[INFO ][2016-02-09 22:08:49,763][com.java.TestType] [ 6752] - value = 
[INFO ][2016-02-09 22:08:50,764][com.java.TestType] [ 7330] - BEFORE CLICK
[INFO ][2016-02-09 22:08:52,180][com.java.TestType] [ 7338] - Unable to click the object Hide left menu 
[INFO ][2016-02-09 22:08:52,180][com.java.SeleniumDriver] [  930] -  RESULT true
[INFO ][2016-02-09 22:08:52,180][com.java.SeleniumDriver] [ 1136] - ?   P A S S   ?
[INFO ][2016-02-09 22:08:52,180][com.java.SeleniumDriver] [  856] - ------------------------------------------
[INFO ][2016-02-09 22:08:52,182][com.java.SeleniumDriver] [  857] - Test case being Executed: 9
[INFO ][2016-02-09 22:08:52,182][com.java.SeleniumDriver] [  869] - Test step:8
[INFO ][2016-02-09 22:08:52,182][com.java.SeleniumDriver] [  881] - Datavalue is----------null
[DEBUG][2016-02-09 22:08:52,182][com.java.SeleniumDriver] [  899] - Exception: null
[INFO ][2016-02-09 22:08:52,182][com.java.SeleniumDriver] [  905] - DataField : XPH//button[@id='menu-toggle']
[INFO ][2016-02-09 22:08:52,182][com.java.SeleniumDriver] [  907] - DataValue : 
[INFO ][2016-02-09 22:08:52,182][com.java.SeleniumDriver] [  913] - <In Set values of the page>
[INFO ][2016-02-09 22:08:52,182][com.java.SeleniumDriver] [  916] - {Data Fields & Data Values Exist}
[INFO ][2016-02-09 22:08:52,182][com.java.SeleniumDriver] [  918] - --------------------------setting values-----------------------------
[INFO ][2016-02-09 22:08:52,182][com.java.SeleniumDriver] [  921] - Action Type : Click
[INFO ][2016-02-09 22:08:52,182][com.java.TestType] [ 7153] - Field ::XPH//button[@id='menu-toggle']
[INFO ][2016-02-09 22:08:52,182][com.java.TestType] [ 6752] - value = 
[INFO ][2016-02-09 22:08:53,182][com.java.TestType] [ 7330] - BEFORE CLICK
[INFO ][2016-02-09 22:08:54,363][com.java.TestType] [ 7338] - Unable to click the object Hide left menu 
[INFO ][2016-02-09 22:08:54,363][com.java.SeleniumDriver] [  930] -  RESULT true
[INFO ][2016-02-09 22:08:54,363][com.java.SeleniumDriver] [ 1136] - ?   P A S S   ?
[INFO ][2016-02-09 22:08:54,363][com.java.SeleniumDriver] [  856] - ------------------------------------------
[INFO ][2016-02-09 22:08:54,363][com.java.SeleniumDriver] [  857] - Test case being Executed: 9
[INFO ][2016-02-09 22:08:54,363][com.java.SeleniumDriver] [  869] - Test step:9
[INFO ][2016-02-09 22:08:54,363][com.java.SeleniumDriver] [  881] - Datavalue is----------null
[DEBUG][2016-02-09 22:08:54,363][com.java.SeleniumDriver] [  899] - Exception: null
[INFO ][2016-02-09 22:08:54,363][com.java.SeleniumDriver] [  905] - DataField : XPH//button[@class='menu-item handle']
[INFO ][2016-02-09 22:08:54,363][com.java.SeleniumDriver] [  907] - DataValue : 
[INFO ][2016-02-09 22:08:54,363][com.java.SeleniumDriver] [  913] - <In Set values of the page>
[INFO ][2016-02-09 22:08:54,363][com.java.SeleniumDriver] [  916] - {Data Fields & Data Values Exist}
[INFO ][2016-02-09 22:08:54,363][com.java.SeleniumDriver] [  918] - --------------------------setting values-----------------------------
[INFO ][2016-02-09 22:08:54,364][com.java.SeleniumDriver] [  921] - Action Type : Click
[INFO ][2016-02-09 22:08:54,364][com.java.TestType] [ 7153] - Field ::XPH//button[@class='menu-item handle']
[INFO ][2016-02-09 22:08:54,364][com.java.TestType] [ 6752] - value = 
[INFO ][2016-02-09 22:08:55,364][com.java.TestType] [ 7330] - BEFORE CLICK
[INFO ][2016-02-09 22:08:56,384][com.java.TestType] [ 7338] - Unable to click the object Expand menu
[INFO ][2016-02-09 22:08:56,384][com.java.SeleniumDriver] [  930] -  RESULT true
[INFO ][2016-02-09 22:08:56,384][com.java.SeleniumDriver] [ 1136] - ?   P A S S   ?
[INFO ][2016-02-09 22:08:56,384][com.java.SeleniumDriver] [  856] - ------------------------------------------
[INFO ][2016-02-09 22:08:56,384][com.java.SeleniumDriver] [  857] - Test case being Executed: 9
[INFO ][2016-02-09 22:08:56,384][com.java.SeleniumDriver] [  869] - Test step:10
[INFO ][2016-02-09 22:08:56,384][com.java.SeleniumDriver] [  881] - Datavalue is----------2
[INFO ][2016-02-09 22:08:56,384][com.java.SeleniumDriver] [  905] - DataField : XPH//div[@class="menu"]//span[@class='glyphicon glyphicon-bell']
[INFO ][2016-02-09 22:08:56,384][com.java.SeleniumDriver] [  907] - DataValue : 2
[INFO ][2016-02-09 22:08:56,384][com.java.SeleniumDriver] [  913] - <In Set values of the page>
[INFO ][2016-02-09 22:08:56,384][com.java.SeleniumDriver] [  916] - {Data Fields & Data Values Exist}
[INFO ][2016-02-09 22:08:56,384][com.java.SeleniumDriver] [  918] - --------------------------setting values-----------------------------
[INFO ][2016-02-09 22:08:56,384][com.java.SeleniumDriver] [  921] - Action Type : WaitForElement
[INFO ][2016-02-09 22:08:56,440][com.java.SeleniumDriver] [  930] -  RESULT true
[INFO ][2016-02-09 22:08:56,440][com.java.SeleniumDriver] [ 1136] - ?   P A S S   ?
[INFO ][2016-02-09 22:08:56,440][com.java.SeleniumDriver] [  856] - ------------------------------------------
[INFO ][2016-02-09 22:08:56,440][com.java.SeleniumDriver] [  857] - Test case being Executed: 9
[INFO ][2016-02-09 22:08:56,440][com.java.SeleniumDriver] [  869] - Test step:11
[INFO ][2016-02-09 22:08:56,440][com.java.SeleniumDriver] [  881] - Datavalue is----------null
[DEBUG][2016-02-09 22:08:56,440][com.java.SeleniumDriver] [  899] - Exception: null
[INFO ][2016-02-09 22:08:56,441][com.java.SeleniumDriver] [  905] - DataField : XPH//div[@class="menu"]//span[@class='glyphicon glyphicon-bell']
[INFO ][2016-02-09 22:08:56,441][com.java.SeleniumDriver] [  907] - DataValue : 
[INFO ][2016-02-09 22:08:56,441][com.java.SeleniumDriver] [  913] - <In Set values of the page>
[INFO ][2016-02-09 22:08:56,442][com.java.SeleniumDriver] [  916] - {Data Fields & Data Values Exist}
[INFO ][2016-02-09 22:08:56,442][com.java.SeleniumDriver] [  918] - --------------------------setting values-----------------------------
[INFO ][2016-02-09 22:08:56,442][com.java.SeleniumDriver] [  921] - Action Type : Click
[INFO ][2016-02-09 22:08:56,442][com.java.TestType] [ 7153] - Field ::XPH//div[@class="menu"]//span[@class='glyphicon glyphicon-bell']
[INFO ][2016-02-09 22:08:56,443][com.java.TestType] [ 6752] - value = 
[INFO ][2016-02-09 22:08:57,443][com.java.TestType] [ 7330] - BEFORE CLICK
[INFO ][2016-02-09 22:08:58,397][com.java.TestType] [ 7338] - Unable to click the object Bell Icon
[INFO ][2016-02-09 22:08:58,397][com.java.SeleniumDriver] [  930] -  RESULT true
[INFO ][2016-02-09 22:08:58,397][com.java.SeleniumDriver] [ 1136] - ?   P A S S   ?
[INFO ][2016-02-09 22:08:58,397][com.java.SeleniumDriver] [  856] - ------------------------------------------
[INFO ][2016-02-09 22:08:58,397][com.java.SeleniumDriver] [  857] - Test case being Executed: 9
[INFO ][2016-02-09 22:08:58,397][com.java.SeleniumDriver] [  869] - Test step:12
[INFO ][2016-02-09 22:08:58,397][com.java.SeleniumDriver] [  881] - Datavalue is----------//div[@class="body"]//button[@data-original-title="Collapse Menu" ]
[INFO ][2016-02-09 22:08:58,397][com.java.SeleniumDriver] [  905] - DataField : BTN
[INFO ][2016-02-09 22:08:58,397][com.java.SeleniumDriver] [  907] - DataValue : //div[@class="body"]//button[@data-original-title="Collapse Menu" ]
[INFO ][2016-02-09 22:08:58,397][com.java.SeleniumDriver] [  913] - <In Set values of the page>
[INFO ][2016-02-09 22:08:58,397][com.java.SeleniumDriver] [  916] - {Data Fields & Data Values Exist}
[INFO ][2016-02-09 22:08:58,397][com.java.SeleniumDriver] [  918] - --------------------------setting values-----------------------------
[INFO ][2016-02-09 22:08:58,397][com.java.SeleniumDriver] [  921] - Action Type : VERIFY
[INFO ][2016-02-09 22:08:58,398][com.java.TestType] [ 8386] - field= BTN value= //div[@class="body"]//button[@data-original-title="Collapse Menu" ]
[INFO ][2016-02-09 22:08:58,398][com.java.TestType] [ 6752] - value = //div[@class="body"]//button[@data-original-title="Collapse Menu" ]
[INFO ][2016-02-09 22:08:58,469][com.java.SeleniumDriver] [  930] -  RESULT true
[INFO ][2016-02-09 22:08:58,469][com.java.SeleniumDriver] [ 1136] - ?   P A S S   ?
[INFO ][2016-02-09 22:08:58,469][com.java.SeleniumDriver] [ 1178] - step change to 14
[INFO ][2016-02-09 22:08:58,469][com.java.SeleniumDriver] [  856] - ------------------------------------------
[INFO ][2016-02-09 22:08:58,469][com.java.SeleniumDriver] [  857] - Test case being Executed: 9
[WARN ][2016-02-09 22:08:58,469][com.java.SeleniumDriver] [  861] - -----------------------Step Skipped:: 	TestCaseNo:  9	 StepNo: 14  	::	Action Type:  WaitForElement 	::		ClientName In TestData:  "SKIP" 	::	ClientName in config:  "Any Bank USA"-----------------------------
[INFO ][2016-02-09 22:08:58,469][com.java.SeleniumDriver] [  856] - ------------------------------------------
[INFO ][2016-02-09 22:08:58,469][com.java.SeleniumDriver] [  857] - Test case being Executed: 9
[INFO ][2016-02-09 22:08:58,469][com.java.SeleniumDriver] [  869] - Test step:15
[INFO ][2016-02-09 22:08:58,469][com.java.SeleniumDriver] [  881] - Datavalue is----------null
[DEBUG][2016-02-09 22:08:58,469][com.java.SeleniumDriver] [  899] - Exception: null
[INFO ][2016-02-09 22:08:58,470][com.java.SeleniumDriver] [  905] - DataField : XPH//div[@class='panel panel-default ng-scope'][2]//span[@class='glyphicon glyphicon-play']
[INFO ][2016-02-09 22:08:58,470][com.java.SeleniumDriver] [  907] - DataValue : 
[INFO ][2016-02-09 22:08:58,470][com.java.SeleniumDriver] [  913] - <In Set values of the page>
[INFO ][2016-02-09 22:08:58,470][com.java.SeleniumDriver] [  916] - {Data Fields & Data Values Exist}
[INFO ][2016-02-09 22:08:58,470][com.java.SeleniumDriver] [  918] - --------------------------setting values-----------------------------
[INFO ][2016-02-09 22:08:58,470][com.java.SeleniumDriver] [  921] - Action Type : Click
[INFO ][2016-02-09 22:08:58,470][com.java.TestType] [ 7153] - Field ::XPH//div[@class='panel panel-default ng-scope'][2]//span[@class='glyphicon glyphicon-play']
[INFO ][2016-02-09 22:08:58,470][com.java.TestType] [ 6752] - value = 
[INFO ][2016-02-09 22:08:59,471][com.java.TestType] [ 7330] - BEFORE CLICK
[INFO ][2016-02-09 22:09:00,377][com.java.TestType] [ 7338] - Unable to click the object Click BS triangle
[INFO ][2016-02-09 22:09:00,377][com.java.SeleniumDriver] [  930] -  RESULT true
[INFO ][2016-02-09 22:09:00,377][com.java.SeleniumDriver] [ 1136] - ?   P A S S   ?
[INFO ][2016-02-09 22:09:00,377][com.java.SeleniumDriver] [  856] - ------------------------------------------
[INFO ][2016-02-09 22:09:00,377][com.java.SeleniumDriver] [  857] - Test case being Executed: 9
[INFO ][2016-02-09 22:09:00,377][com.java.SeleniumDriver] [  869] - Test step:16
[INFO ][2016-02-09 22:09:00,377][com.java.SeleniumDriver] [  881] - Datavalue is----------null
[DEBUG][2016-02-09 22:09:00,377][com.java.SeleniumDriver] [  899] - Exception: null
[INFO ][2016-02-09 22:09:00,377][com.java.SeleniumDriver] [  905] - DataField : XPH//div[@class='panel panel-default ng-scope'][2]//span[@class='glyphicon glyphicon-play down']
[INFO ][2016-02-09 22:09:00,377][com.java.SeleniumDriver] [  907] - DataValue : 
[INFO ][2016-02-09 22:09:00,377][com.java.SeleniumDriver] [  913] - <In Set values of the page>
[INFO ][2016-02-09 22:09:00,377][com.java.SeleniumDriver] [  916] - {Data Fields & Data Values Exist}
[INFO ][2016-02-09 22:09:00,377][com.java.SeleniumDriver] [  918] - --------------------------setting values-----------------------------
[INFO ][2016-02-09 22:09:00,378][com.java.SeleniumDriver] [  921] - Action Type : Click
[INFO ][2016-02-09 22:09:00,378][com.java.TestType] [ 7153] - Field ::XPH//div[@class='panel panel-default ng-scope'][2]//span[@class='glyphicon glyphicon-play down']
[INFO ][2016-02-09 22:09:00,378][com.java.TestType] [ 6752] - value = 
[INFO ][2016-02-09 22:09:01,378][com.java.TestType] [ 7330] - BEFORE CLICK
[INFO ][2016-02-09 22:09:02,296][com.java.TestType] [ 7338] - Unable to click the object Click BS triangle
[INFO ][2016-02-09 22:09:02,296][com.java.SeleniumDriver] [  930] -  RESULT true
[INFO ][2016-02-09 22:09:02,296][com.java.SeleniumDriver] [ 1136] - ?   P A S S   ?
[INFO ][2016-02-09 22:09:02,296][com.java.SeleniumDriver] [  856] - ------------------------------------------
[INFO ][2016-02-09 22:09:02,296][com.java.SeleniumDriver] [  857] - Test case being Executed: 9
[INFO ][2016-02-09 22:09:02,296][com.java.SeleniumDriver] [  869] - Test step:17
[INFO ][2016-02-09 22:09:02,296][com.java.SeleniumDriver] [  881] - Datavalue is----------//div[@id='isAlertsHeading']//span[@title='Show Report']
[INFO ][2016-02-09 22:09:02,296][com.java.SeleniumDriver] [  905] - DataField : BTN
[INFO ][2016-02-09 22:09:02,296][com.java.SeleniumDriver] [  907] - DataValue : //div[@id='isAlertsHeading']//span[@title='Show Report']
[INFO ][2016-02-09 22:09:02,296][com.java.SeleniumDriver] [  913] - <In Set values of the page>
[INFO ][2016-02-09 22:09:02,296][com.java.SeleniumDriver] [  916] - {Data Fields & Data Values Exist}
[INFO ][2016-02-09 22:09:02,296][com.java.SeleniumDriver] [  918] - --------------------------setting values-----------------------------
[INFO ][2016-02-09 22:09:02,296][com.java.SeleniumDriver] [  921] - Action Type : VERIFY
[INFO ][2016-02-09 22:09:02,297][com.java.TestType] [ 8386] - field= BTN value= //div[@id='isAlertsHeading']//span[@title='Show Report']
[INFO ][2016-02-09 22:09:02,297][com.java.TestType] [ 6752] - value = //div[@id='isAlertsHeading']//span[@title='Show Report']
[INFO ][2016-02-09 22:09:02,397][com.java.SeleniumDriver] [  930] -  RESULT true
[INFO ][2016-02-09 22:09:02,397][com.java.SeleniumDriver] [ 1136] - ?   P A S S   ?
[INFO ][2016-02-09 22:09:02,397][com.java.SeleniumDriver] [ 1173] - Continue next step...
[INFO ][2016-02-09 22:09:02,397][com.java.SeleniumDriver] [  856] - ------------------------------------------
[INFO ][2016-02-09 22:09:02,397][com.java.SeleniumDriver] [  857] - Test case being Executed: 9
[INFO ][2016-02-09 22:09:02,398][com.java.SeleniumDriver] [  869] - Test step:18
[INFO ][2016-02-09 22:09:02,398][com.java.SeleniumDriver] [  881] - Datavalue is----------numberofupdatesbeforerefreshing
[INFO ][2016-02-09 22:09:02,398][com.java.SeleniumDriver] [  905] - DataField : XPH//span[@class='badge ng-binding ng-scope']
[INFO ][2016-02-09 22:09:02,398][com.java.SeleniumDriver] [  907] - DataValue : numberofupdatesbeforerefreshing
[INFO ][2016-02-09 22:09:02,398][com.java.SeleniumDriver] [  913] - <In Set values of the page>
[INFO ][2016-02-09 22:09:02,398][com.java.SeleniumDriver] [  916] - {Data Fields & Data Values Exist}
[INFO ][2016-02-09 22:09:02,398][com.java.SeleniumDriver] [  918] - --------------------------setting values-----------------------------
[INFO ][2016-02-09 22:09:02,398][com.java.SeleniumDriver] [  921] - Action Type : storevalue
[INFO ][2016-02-09 22:09:02,398][com.java.TestType] [ 9900] - field= XPH//span[@class='badge ng-binding ng-scope']
[DEBUG][2016-02-09 22:09:02,513][com.java.TestType] [ 9955] - Key:: numberofupdatesbeforerefreshing   Value:: 16
[INFO ][2016-02-09 22:09:02,513][com.java.SeleniumDriver] [  930] -  RESULT true
[INFO ][2016-02-09 22:09:02,513][com.java.SeleniumDriver] [ 1136] - ?   P A S S   ?
[INFO ][2016-02-09 22:09:02,513][com.java.SeleniumDriver] [  856] - ------------------------------------------
[INFO ][2016-02-09 22:09:02,513][com.java.SeleniumDriver] [  857] - Test case being Executed: 9
[INFO ][2016-02-09 22:09:02,513][com.java.SeleniumDriver] [  869] - Test step:19
[INFO ][2016-02-09 22:09:02,513][com.java.SeleniumDriver] [  881] - Datavalue is----------2
[INFO ][2016-02-09 22:09:02,513][com.java.SeleniumDriver] [  905] - DataField : XPH//span[contains(text(), "Today's Alerts")]
[INFO ][2016-02-09 22:09:02,513][com.java.SeleniumDriver] [  907] - DataValue : 2
[INFO ][2016-02-09 22:09:02,514][com.java.SeleniumDriver] [  913] - <In Set values of the page>
[INFO ][2016-02-09 22:09:02,514][com.java.SeleniumDriver] [  916] - {Data Fields & Data Values Exist}
[INFO ][2016-02-09 22:09:02,514][com.java.SeleniumDriver] [  918] - --------------------------setting values-----------------------------
[INFO ][2016-02-09 22:09:02,514][com.java.SeleniumDriver] [  921] - Action Type : WaitForElement
[INFO ][2016-02-09 22:09:02,549][com.java.SeleniumDriver] [  930] -  RESULT true
[INFO ][2016-02-09 22:09:02,549][com.java.SeleniumDriver] [ 1136] - ?   P A S S   ?
[INFO ][2016-02-09 22:09:02,549][com.java.SeleniumDriver] [  856] - ------------------------------------------
[INFO ][2016-02-09 22:09:02,549][com.java.SeleniumDriver] [  857] - Test case being Executed: 9
[INFO ][2016-02-09 22:09:02,549][com.java.SeleniumDriver] [  869] - Test step:20
[INFO ][2016-02-09 22:09:02,549][com.java.SeleniumDriver] [  881] - Datavalue is----------Today's Alerts
[INFO ][2016-02-09 22:09:02,550][com.java.SeleniumDriver] [  905] - DataField : XPH//span[contains(text(), "Today's Alerts")]
[INFO ][2016-02-09 22:09:02,550][com.java.SeleniumDriver] [  907] - DataValue : Today's Alerts
[INFO ][2016-02-09 22:09:02,550][com.java.SeleniumDriver] [  913] - <In Set values of the page>
[INFO ][2016-02-09 22:09:02,550][com.java.SeleniumDriver] [  916] - {Data Fields & Data Values Exist}
[INFO ][2016-02-09 22:09:02,550][com.java.SeleniumDriver] [  918] - --------------------------setting values-----------------------------
[INFO ][2016-02-09 22:09:02,550][com.java.SeleniumDriver] [  921] - Action Type : VERIFY
[INFO ][2016-02-09 22:09:02,550][com.java.TestType] [ 8386] - field= XPH//span[contains(text(), "Today's Alerts")] value= Today's Alerts
[INFO ][2016-02-09 22:09:02,550][com.java.TestType] [ 6752] - value = Today's Alerts
[INFO ][2016-02-09 22:09:02,695][com.java.SeleniumDriver] [  930] -  RESULT true
[INFO ][2016-02-09 22:09:02,695][com.java.SeleniumDriver] [ 1136] - ?   P A S S   ?
[INFO ][2016-02-09 22:09:02,695][com.java.SeleniumDriver] [  856] - ------------------------------------------
[INFO ][2016-02-09 22:09:02,695][com.java.SeleniumDriver] [  857] - Test case being Executed: 9
[WARN ][2016-02-09 22:09:02,695][com.java.SeleniumDriver] [  861] - -----------------------Step Skipped:: 	TestCaseNo:  9	 StepNo: 21  	::	Action Type:  verifypresent 	::		ClientName In TestData:  "SKIP" 	::	ClientName in config:  "Any Bank USA"-----------------------------
[INFO ][2016-02-09 22:09:02,695][com.java.SeleniumDriver] [  856] - ------------------------------------------
[INFO ][2016-02-09 22:09:02,695][com.java.SeleniumDriver] [  857] - Test case being Executed: 9
[INFO ][2016-02-09 22:09:02,695][com.java.SeleniumDriver] [  869] - Test step:22
[INFO ][2016-02-09 22:09:02,695][com.java.SeleniumDriver] [  881] - Datavalue is----------null
[DEBUG][2016-02-09 22:09:02,695][com.java.SeleniumDriver] [  899] - Exception: null
[INFO ][2016-02-09 22:09:02,696][com.java.SeleniumDriver] [  905] - DataField : XPH//div[@id='isAlertsHeading']//span[@title='Show Report']
[INFO ][2016-02-09 22:09:02,696][com.java.SeleniumDriver] [  907] - DataValue : 
[INFO ][2016-02-09 22:09:02,696][com.java.SeleniumDriver] [  913] - <In Set values of the page>
[INFO ][2016-02-09 22:09:02,696][com.java.SeleniumDriver] [  916] - {Data Fields & Data Values Exist}
[INFO ][2016-02-09 22:09:02,696][com.java.SeleniumDriver] [  918] - --------------------------setting values-----------------------------
[INFO ][2016-02-09 22:09:02,696][com.java.SeleniumDriver] [  921] - Action Type : Click
[INFO ][2016-02-09 22:09:02,696][com.java.TestType] [ 7153] - Field ::XPH//div[@id='isAlertsHeading']//span[@title='Show Report']
[INFO ][2016-02-09 22:09:02,696][com.java.TestType] [ 6752] - value = 
[INFO ][2016-02-09 22:09:03,696][com.java.TestType] [ 7330] - BEFORE CLICK
[INFO ][2016-02-09 22:09:05,035][com.java.TestType] [ 7338] - Unable to click the object Show Report Icon
[INFO ][2016-02-09 22:09:05,035][com.java.SeleniumDriver] [  930] -  RESULT true
[INFO ][2016-02-09 22:09:05,035][com.java.SeleniumDriver] [ 1136] - ?   P A S S   ?
[INFO ][2016-02-09 22:09:05,035][com.java.SeleniumDriver] [  856] - ------------------------------------------
[INFO ][2016-02-09 22:09:05,035][com.java.SeleniumDriver] [  857] - Test case being Executed: 9
[INFO ][2016-02-09 22:09:05,035][com.java.SeleniumDriver] [  869] - Test step:23
[INFO ][2016-02-09 22:09:05,035][com.java.SeleniumDriver] [  881] - Datavalue is----------null
[DEBUG][2016-02-09 22:09:05,035][com.java.SeleniumDriver] [  899] - Exception: null
[INFO ][2016-02-09 22:09:05,035][com.java.SeleniumDriver] [  905] - DataField : XPH//a[@id='aTab2']
[INFO ][2016-02-09 22:09:05,035][com.java.SeleniumDriver] [  907] - DataValue : 
[INFO ][2016-02-09 22:09:05,035][com.java.SeleniumDriver] [  913] - <In Set values of the page>
[INFO ][2016-02-09 22:09:05,035][com.java.SeleniumDriver] [  916] - {Data Fields & Data Values Exist}
[INFO ][2016-02-09 22:09:05,035][com.java.SeleniumDriver] [  918] - --------------------------setting values-----------------------------
[INFO ][2016-02-09 22:09:05,036][com.java.SeleniumDriver] [  921] - Action Type : Click
[INFO ][2016-02-09 22:09:05,036][com.java.TestType] [ 7153] - Field ::XPH//a[@id='aTab2']
[INFO ][2016-02-09 22:09:05,036][com.java.TestType] [ 6752] - value = 
[INFO ][2016-02-09 22:09:06,036][com.java.TestType] [ 7330] - BEFORE CLICK
[INFO ][2016-02-09 22:09:06,975][com.java.TestType] [ 7338] - Unable to click the object Balance Sheet Compare report on second tab
[INFO ][2016-02-09 22:09:06,975][com.java.SeleniumDriver] [  930] -  RESULT true
[INFO ][2016-02-09 22:09:06,975][com.java.SeleniumDriver] [ 1136] - ?   P A S S   ?
[INFO ][2016-02-09 22:09:06,975][com.java.SeleniumDriver] [  856] - ------------------------------------------
[INFO ][2016-02-09 22:09:06,975][com.java.SeleniumDriver] [  857] - Test case being Executed: 9
[INFO ][2016-02-09 22:09:06,975][com.java.SeleniumDriver] [  869] - Test step:24
[INFO ][2016-02-09 22:09:06,975][com.java.SeleniumDriver] [  881] - Datavalue is----------2
[INFO ][2016-02-09 22:09:06,975][com.java.SeleniumDriver] [  905] - DataField : XPH//td[contains(text(),'Income Statement Compare')]
[INFO ][2016-02-09 22:09:06,975][com.java.SeleniumDriver] [  907] - DataValue : 2
[INFO ][2016-02-09 22:09:06,975][com.java.SeleniumDriver] [  913] - <In Set values of the page>
[INFO ][2016-02-09 22:09:06,975][com.java.SeleniumDriver] [  916] - {Data Fields & Data Values Exist}
[INFO ][2016-02-09 22:09:06,975][com.java.SeleniumDriver] [  918] - --------------------------setting values-----------------------------
[INFO ][2016-02-09 22:09:06,975][com.java.SeleniumDriver] [  921] - Action Type : WaitForElement
[INFO ][2016-02-09 22:09:07,041][com.java.SeleniumDriver] [  930] -  RESULT true
[INFO ][2016-02-09 22:09:07,041][com.java.SeleniumDriver] [ 1136] - ?   P A S S   ?
[INFO ][2016-02-09 22:09:07,041][com.java.SeleniumDriver] [  856] - ------------------------------------------
[INFO ][2016-02-09 22:09:07,041][com.java.SeleniumDriver] [  857] - Test case being Executed: 9
[INFO ][2016-02-09 22:09:07,041][com.java.SeleniumDriver] [  869] - Test step:25
[INFO ][2016-02-09 22:09:07,041][com.java.SeleniumDriver] [  881] - Datavalue is----------//td[contains(text(),'Income Statement Compare')]
[INFO ][2016-02-09 22:09:07,041][com.java.SeleniumDriver] [  905] - DataField : BTN
[INFO ][2016-02-09 22:09:07,042][com.java.SeleniumDriver] [  907] - DataValue : //td[contains(text(),'Income Statement Compare')]
[INFO ][2016-02-09 22:09:07,042][com.java.SeleniumDriver] [  913] - <In Set values of the page>
[INFO ][2016-02-09 22:09:07,042][com.java.SeleniumDriver] [  916] - {Data Fields & Data Values Exist}
[INFO ][2016-02-09 22:09:07,042][com.java.SeleniumDriver] [  918] - --------------------------setting values-----------------------------
[INFO ][2016-02-09 22:09:07,042][com.java.SeleniumDriver] [  921] - Action Type : VERIFY
[INFO ][2016-02-09 22:09:07,042][com.java.TestType] [ 8386] - field= BTN value= //td[contains(text(),'Income Statement Compare')]
[INFO ][2016-02-09 22:09:07,042][com.java.TestType] [ 6752] - value = //td[contains(text(),'Income Statement Compare')]
[INFO ][2016-02-09 22:09:07,122][com.java.SeleniumDriver] [  930] -  RESULT true
[INFO ][2016-02-09 22:09:07,122][com.java.SeleniumDriver] [ 1136] - ?   P A S S   ?
[INFO ][2016-02-09 22:09:07,122][com.java.SeleniumDriver] [  856] - ------------------------------------------
[INFO ][2016-02-09 22:09:07,122][com.java.SeleniumDriver] [  857] - Test case being Executed: 9
[INFO ][2016-02-09 22:09:07,122][com.java.SeleniumDriver] [  869] - Test step:26
[INFO ][2016-02-09 22:09:07,122][com.java.SeleniumDriver] [  881] - Datavalue is----------null
[DEBUG][2016-02-09 22:09:07,122][com.java.SeleniumDriver] [  899] - Exception: null
[INFO ][2016-02-09 22:09:07,123][com.java.SeleniumDriver] [  905] - DataField : BTNparent
[INFO ][2016-02-09 22:09:07,123][com.java.SeleniumDriver] [  907] - DataValue : 
[INFO ][2016-02-09 22:09:07,123][com.java.SeleniumDriver] [  913] - <In Set values of the page>
[INFO ][2016-02-09 22:09:07,123][com.java.SeleniumDriver] [  916] - {Data Fields & Data Values Exist}
[INFO ][2016-02-09 22:09:07,123][com.java.SeleniumDriver] [  918] - --------------------------setting values-----------------------------
[INFO ][2016-02-09 22:09:07,123][com.java.SeleniumDriver] [  921] - Action Type : SELECTFRAME
[INFO ][2016-02-09 22:09:07,138][com.java.SeleniumDriver] [  930] -  RESULT true
[INFO ][2016-02-09 22:09:07,138][com.java.SeleniumDriver] [ 1136] - ?   P A S S   ?
[INFO ][2016-02-09 22:09:07,138][com.java.SeleniumDriver] [  856] - ------------------------------------------
[INFO ][2016-02-09 22:09:07,138][com.java.SeleniumDriver] [  857] - Test case being Executed: 9
[INFO ][2016-02-09 22:09:07,138][com.java.SeleniumDriver] [  869] - Test step:27
[INFO ][2016-02-09 22:09:07,138][com.java.SeleniumDriver] [  881] - Datavalue is----------null
[DEBUG][2016-02-09 22:09:07,138][com.java.SeleniumDriver] [  899] - Exception: null
[INFO ][2016-02-09 22:09:07,138][com.java.SeleniumDriver] [  905] - DataField : XPH//a[@id='newTab']
[INFO ][2016-02-09 22:09:07,138][com.java.SeleniumDriver] [  907] - DataValue : 
[INFO ][2016-02-09 22:09:07,138][com.java.SeleniumDriver] [  913] - <In Set values of the page>
[INFO ][2016-02-09 22:09:07,139][com.java.SeleniumDriver] [  916] - {Data Fields & Data Values Exist}
[INFO ][2016-02-09 22:09:07,139][com.java.SeleniumDriver] [  918] - --------------------------setting values-----------------------------
[INFO ][2016-02-09 22:09:07,139][com.java.SeleniumDriver] [  921] - Action Type : Click
[INFO ][2016-02-09 22:09:07,139][com.java.TestType] [ 7153] - Field ::XPH//a[@id='newTab']
[INFO ][2016-02-09 22:09:07,139][com.java.TestType] [ 6752] - value = 
[INFO ][2016-02-09 22:09:08,139][com.java.TestType] [ 7330] - BEFORE CLICK
[INFO ][2016-02-09 22:09:09,129][com.java.TestType] [ 7338] - Unable to click the object New Tab
[INFO ][2016-02-09 22:09:09,129][com.java.SeleniumDriver] [  930] -  RESULT true
[INFO ][2016-02-09 22:09:09,129][com.java.SeleniumDriver] [ 1136] - ?   P A S S   ?
[INFO ][2016-02-09 22:09:09,129][com.java.SeleniumDriver] [  856] - ------------------------------------------
[INFO ][2016-02-09 22:09:09,129][com.java.SeleniumDriver] [  857] - Test case being Executed: 9
[INFO ][2016-02-09 22:09:09,129][com.java.SeleniumDriver] [  869] - Test step:28
[INFO ][2016-02-09 22:09:09,129][com.java.SeleniumDriver] [  881] - Datavalue is----------null
[DEBUG][2016-02-09 22:09:09,129][com.java.SeleniumDriver] [  899] - Exception: null
[INFO ][2016-02-09 22:09:09,129][com.java.SeleniumDriver] [  905] - DataField : //span[@class="icon-coin"]&&//a[text()='Income Statement']&&//a[@data-id="ISCompare"]
[INFO ][2016-02-09 22:09:09,129][com.java.SeleniumDriver] [  907] - DataValue : 
[INFO ][2016-02-09 22:09:09,129][com.java.SeleniumDriver] [  913] - <In Set values of the page>
[INFO ][2016-02-09 22:09:09,129][com.java.SeleniumDriver] [  916] - {Data Fields & Data Values Exist}
[INFO ][2016-02-09 22:09:09,130][com.java.SeleniumDriver] [  918] - --------------------------setting values-----------------------------
[INFO ][2016-02-09 22:09:09,130][com.java.SeleniumDriver] [  921] - Action Type : MOUSEOVER
[INFO ][2016-02-09 22:09:33,518][com.java.SeleniumDriver] [  930] -  RESULT true
[INFO ][2016-02-09 22:09:33,518][com.java.SeleniumDriver] [ 1136] - ?   P A S S   ?
[INFO ][2016-02-09 22:09:33,518][com.java.SeleniumDriver] [  856] - ------------------------------------------
[INFO ][2016-02-09 22:09:33,518][com.java.SeleniumDriver] [  857] - Test case being Executed: 9
[INFO ][2016-02-09 22:09:33,518][com.java.SeleniumDriver] [  869] - Test step:29
[INFO ][2016-02-09 22:09:33,518][com.java.SeleniumDriver] [  881] - Datavalue is----------4
[INFO ][2016-02-09 22:09:33,518][com.java.SeleniumDriver] [  905] - DataField : XPH//span[contains(text(),'Show Report')]
[INFO ][2016-02-09 22:09:33,518][com.java.SeleniumDriver] [  907] - DataValue : 4
[INFO ][2016-02-09 22:09:33,518][com.java.SeleniumDriver] [  913] - <In Set values of the page>
[INFO ][2016-02-09 22:09:33,518][com.java.SeleniumDriver] [  916] - {Data Fields & Data Values Exist}
[INFO ][2016-02-09 22:09:33,519][com.java.SeleniumDriver] [  918] - --------------------------setting values-----------------------------
[INFO ][2016-02-09 22:09:33,519][com.java.SeleniumDriver] [  921] - Action Type : WAITFORELEMENT
[INFO ][2016-02-09 22:09:33,553][com.java.SeleniumDriver] [  930] -  RESULT true
[INFO ][2016-02-09 22:09:33,553][com.java.SeleniumDriver] [ 1136] - ?   P A S S   ?
[INFO ][2016-02-09 22:09:33,553][com.java.SeleniumDriver] [  856] - ------------------------------------------
[INFO ][2016-02-09 22:09:33,553][com.java.SeleniumDriver] [  857] - Test case being Executed: 9
[INFO ][2016-02-09 22:09:33,553][com.java.SeleniumDriver] [  869] - Test step:30
[INFO ][2016-02-09 22:09:33,553][com.java.SeleniumDriver] [  881] - Datavalue is----------2
[INFO ][2016-02-09 22:09:33,553][com.java.SeleniumDriver] [  905] - DataField : BTNframeDialogContent
[INFO ][2016-02-09 22:09:33,553][com.java.SeleniumDriver] [  907] - DataValue : 2
[INFO ][2016-02-09 22:09:33,554][com.java.SeleniumDriver] [  913] - <In Set values of the page>
[INFO ][2016-02-09 22:09:33,554][com.java.SeleniumDriver] [  916] - {Data Fields & Data Values Exist}
[INFO ][2016-02-09 22:09:33,554][com.java.SeleniumDriver] [  918] - --------------------------setting values-----------------------------
[INFO ][2016-02-09 22:09:33,554][com.java.SeleniumDriver] [  921] - Action Type : WAITFORELEMENT
[INFO ][2016-02-09 22:09:34,788][com.java.SeleniumDriver] [  930] -  RESULT true
[INFO ][2016-02-09 22:09:34,788][com.java.SeleniumDriver] [ 1136] - ?   P A S S   ?
[INFO ][2016-02-09 22:09:34,788][com.java.SeleniumDriver] [  856] - ------------------------------------------
[INFO ][2016-02-09 22:09:34,788][com.java.SeleniumDriver] [  857] - Test case being Executed: 9
[INFO ][2016-02-09 22:09:34,788][com.java.SeleniumDriver] [  869] - Test step:31
[INFO ][2016-02-09 22:09:34,788][com.java.SeleniumDriver] [  881] - Datavalue is----------income statement compare
[INFO ][2016-02-09 22:09:34,789][com.java.SeleniumDriver] [  905] - DataField : XPH//span[contains(text(),'Income Statement Compare')]
[INFO ][2016-02-09 22:09:34,789][com.java.SeleniumDriver] [  907] - DataValue : income statement compare
[INFO ][2016-02-09 22:09:34,789][com.java.SeleniumDriver] [  913] - <In Set values of the page>
[INFO ][2016-02-09 22:09:34,789][com.java.SeleniumDriver] [  916] - {Data Fields & Data Values Exist}
[INFO ][2016-02-09 22:09:34,789][com.java.SeleniumDriver] [  918] - --------------------------setting values-----------------------------
[INFO ][2016-02-09 22:09:34,789][com.java.SeleniumDriver] [  921] - Action Type : VERIFY
[INFO ][2016-02-09 22:09:34,789][com.java.TestType] [ 8386] - field= XPH//span[contains(text(),'Income Statement Compare')] value= income statement compare
[INFO ][2016-02-09 22:09:34,789][com.java.TestType] [ 6752] - value = income statement compare
[INFO ][2016-02-09 22:09:34,904][com.java.SeleniumDriver] [  930] -  RESULT true
[INFO ][2016-02-09 22:09:34,904][com.java.SeleniumDriver] [ 1136] - ?   P A S S   ?
[INFO ][2016-02-09 22:09:34,904][com.java.SeleniumDriver] [  856] - ------------------------------------------
[INFO ][2016-02-09 22:09:34,904][com.java.SeleniumDriver] [  857] - Test case being Executed: 9
[INFO ][2016-02-09 22:09:34,904][com.java.SeleniumDriver] [  869] - Test step:32
[INFO ][2016-02-09 22:09:34,904][com.java.SeleniumDriver] [  881] - Datavalue is----------null
[DEBUG][2016-02-09 22:09:34,904][com.java.SeleniumDriver] [  899] - Exception: null
[INFO ][2016-02-09 22:09:34,905][com.java.SeleniumDriver] [  905] - DataField : BTNframeDialogContent
[INFO ][2016-02-09 22:09:34,905][com.java.SeleniumDriver] [  907] - DataValue : 
[INFO ][2016-02-09 22:09:34,905][com.java.SeleniumDriver] [  913] - <In Set values of the page>
[INFO ][2016-02-09 22:09:34,905][com.java.SeleniumDriver] [  916] - {Data Fields & Data Values Exist}
[INFO ][2016-02-09 22:09:34,905][com.java.SeleniumDriver] [  918] - --------------------------setting values-----------------------------
[INFO ][2016-02-09 22:09:34,905][com.java.SeleniumDriver] [  921] - Action Type : SELECTFRAME
[INFO ][2016-02-09 22:09:36,220][com.java.SeleniumDriver] [  930] -  RESULT true
[INFO ][2016-02-09 22:09:36,220][com.java.SeleniumDriver] [ 1136] - ?   P A S S   ?
[INFO ][2016-02-09 22:09:36,220][com.java.SeleniumDriver] [  856] - ------------------------------------------
[INFO ][2016-02-09 22:09:36,220][com.java.SeleniumDriver] [  857] - Test case being Executed: 9
[INFO ][2016-02-09 22:09:36,220][com.java.SeleniumDriver] [  869] - Test step:33
[INFO ][2016-02-09 22:09:36,220][com.java.SeleniumDriver] [  881] - Datavalue is----------4
[INFO ][2016-02-09 22:09:36,220][com.java.SeleniumDriver] [  905] - DataField : BTNcbExpandCenters
[INFO ][2016-02-09 22:09:36,221][com.java.SeleniumDriver] [  907] - DataValue : 4
[INFO ][2016-02-09 22:09:36,221][com.java.SeleniumDriver] [  913] - <In Set values of the page>
[INFO ][2016-02-09 22:09:36,221][com.java.SeleniumDriver] [  916] - {Data Fields & Data Values Exist}
[INFO ][2016-02-09 22:09:36,221][com.java.SeleniumDriver] [  918] - --------------------------setting values-----------------------------
[INFO ][2016-02-09 22:09:36,221][com.java.SeleniumDriver] [  921] - Action Type : WAITFORELEMENT
[INFO ][2016-02-09 22:09:37,292][com.java.SeleniumDriver] [  930] -  RESULT true
[INFO ][2016-02-09 22:09:37,292][com.java.SeleniumDriver] [ 1136] - ?   P A S S   ?
[INFO ][2016-02-09 22:09:37,292][com.java.SeleniumDriver] [  856] - ------------------------------------------
[INFO ][2016-02-09 22:09:37,292][com.java.SeleniumDriver] [  857] - Test case being Executed: 9
[INFO ][2016-02-09 22:09:37,292][com.java.SeleniumDriver] [  869] - Test step:34
[INFO ][2016-02-09 22:09:37,292][com.java.SeleniumDriver] [  881] - Datavalue is----------index:0
[INFO ][2016-02-09 22:09:37,292][com.java.SeleniumDriver] [  905] - DataField : COBddlView
[INFO ][2016-02-09 22:09:37,293][com.java.SeleniumDriver] [  907] - DataValue : index:0
[INFO ][2016-02-09 22:09:37,293][com.java.SeleniumDriver] [  913] - <In Set values of the page>
[INFO ][2016-02-09 22:09:37,293][com.java.SeleniumDriver] [  916] - {Data Fields & Data Values Exist}
[INFO ][2016-02-09 22:09:37,293][com.java.SeleniumDriver] [  918] - --------------------------setting values-----------------------------
[INFO ][2016-02-09 22:09:37,293][com.java.SeleniumDriver] [  921] - Action Type : SELECT
[INFO ][2016-02-09 22:09:37,293][com.java.TestType] [ 6752] - value = 0
[INFO ][2016-02-09 22:09:38,416][com.java.TestType] [ 6892] -  In COB ddlView : 0
[INFO ][2016-02-09 22:09:38,479][com.java.SeleniumDriver] [  930] -  RESULT true
[INFO ][2016-02-09 22:09:38,479][com.java.SeleniumDriver] [ 1136] - ?   P A S S   ?
[INFO ][2016-02-09 22:09:38,479][com.java.SeleniumDriver] [  856] - ------------------------------------------
[INFO ][2016-02-09 22:09:38,479][com.java.SeleniumDriver] [  857] - Test case being Executed: 9
[INFO ][2016-02-09 22:09:38,479][com.java.SeleniumDriver] [  869] - Test step:35
[INFO ][2016-02-09 22:09:38,479][com.java.SeleniumDriver] [  881] - Datavalue is----------index:0
[INFO ][2016-02-09 22:09:38,479][com.java.SeleniumDriver] [  905] - DataField : COBddlProfitCenter
[INFO ][2016-02-09 22:09:38,479][com.java.SeleniumDriver] [  907] - DataValue : index:0
[INFO ][2016-02-09 22:09:38,479][com.java.SeleniumDriver] [  913] - <In Set values of the page>
[INFO ][2016-02-09 22:09:38,479][com.java.SeleniumDriver] [  916] - {Data Fields & Data Values Exist}
[INFO ][2016-02-09 22:09:38,479][com.java.SeleniumDriver] [  918] - --------------------------setting values-----------------------------
[INFO ][2016-02-09 22:09:38,479][com.java.SeleniumDriver] [  921] - Action Type : SELECT
[INFO ][2016-02-09 22:09:38,480][com.java.TestType] [ 6752] - value = 0
[INFO ][2016-02-09 22:09:39,608][com.java.TestType] [ 6892] -  In COB ddlProfitCenter : 0
[INFO ][2016-02-09 22:09:39,714][com.java.SeleniumDriver] [  930] -  RESULT true
[INFO ][2016-02-09 22:09:39,714][com.java.SeleniumDriver] [ 1136] - ?   P A S S   ?
[INFO ][2016-02-09 22:09:39,714][com.java.SeleniumDriver] [  856] - ------------------------------------------
[INFO ][2016-02-09 22:09:39,714][com.java.SeleniumDriver] [  857] - Test case being Executed: 9
[INFO ][2016-02-09 22:09:39,714][com.java.SeleniumDriver] [  869] - Test step:36
[INFO ][2016-02-09 22:09:39,714][com.java.SeleniumDriver] [  881] - Datavalue is----------index:3
[INFO ][2016-02-09 22:09:39,714][com.java.SeleniumDriver] [  905] - DataField : COBddlDataSource2
[INFO ][2016-02-09 22:09:39,714][com.java.SeleniumDriver] [  907] - DataValue : index:3
[INFO ][2016-02-09 22:09:39,714][com.java.SeleniumDriver] [  913] - <In Set values of the page>
[INFO ][2016-02-09 22:09:39,715][com.java.SeleniumDriver] [  916] - {Data Fields & Data Values Exist}
[INFO ][2016-02-09 22:09:39,715][com.java.SeleniumDriver] [  918] - --------------------------setting values-----------------------------
[INFO ][2016-02-09 22:09:39,715][com.java.SeleniumDriver] [  921] - Action Type : SELECT
[INFO ][2016-02-09 22:09:39,715][com.java.TestType] [ 6752] - value = 3
[INFO ][2016-02-09 22:09:40,841][com.java.TestType] [ 6892] -  In COB ddlDataSource2 : 3
[INFO ][2016-02-09 22:09:41,073][com.java.SeleniumDriver] [  930] -  RESULT true
[INFO ][2016-02-09 22:09:41,073][com.java.SeleniumDriver] [ 1136] - ?   P A S S   ?
[INFO ][2016-02-09 22:09:41,073][com.java.SeleniumDriver] [  856] - ------------------------------------------
[INFO ][2016-02-09 22:09:41,073][com.java.SeleniumDriver] [  857] - Test case being Executed: 9
[INFO ][2016-02-09 22:09:41,073][com.java.SeleniumDriver] [  869] - Test step:37
[INFO ][2016-02-09 22:09:41,073][com.java.SeleniumDriver] [  881] - Datavalue is----------null
[DEBUG][2016-02-09 22:09:41,073][com.java.SeleniumDriver] [  899] - Exception: null
[INFO ][2016-02-09 22:09:41,073][com.java.SeleniumDriver] [  905] - DataField : BTNparent
[INFO ][2016-02-09 22:09:41,073][com.java.SeleniumDriver] [  907] - DataValue : 
[INFO ][2016-02-09 22:09:41,074][com.java.SeleniumDriver] [  913] - <In Set values of the page>
[INFO ][2016-02-09 22:09:41,074][com.java.SeleniumDriver] [  916] - {Data Fields & Data Values Exist}
[INFO ][2016-02-09 22:09:41,074][com.java.SeleniumDriver] [  918] - --------------------------setting values-----------------------------
[INFO ][2016-02-09 22:09:41,074][com.java.SeleniumDriver] [  921] - Action Type : SELECTFRAME
[INFO ][2016-02-09 22:09:41,099][com.java.SeleniumDriver] [  930] -  RESULT true
[INFO ][2016-02-09 22:09:41,099][com.java.SeleniumDriver] [ 1136] - ?   P A S S   ?
[INFO ][2016-02-09 22:09:41,099][com.java.SeleniumDriver] [  856] - ------------------------------------------
[INFO ][2016-02-09 22:09:41,099][com.java.SeleniumDriver] [  857] - Test case being Executed: 9
[INFO ][2016-02-09 22:09:41,099][com.java.SeleniumDriver] [  869] - Test step:38
[INFO ][2016-02-09 22:09:41,099][com.java.SeleniumDriver] [  881] - Datavalue is----------null
[DEBUG][2016-02-09 22:09:41,099][com.java.SeleniumDriver] [  899] - Exception: null
[INFO ][2016-02-09 22:09:41,100][com.java.SeleniumDriver] [  905] - DataField : XPH//span[contains(text(),'Show Report')]
[INFO ][2016-02-09 22:09:41,100][com.java.SeleniumDriver] [  907] - DataValue : 
[INFO ][2016-02-09 22:09:41,100][com.java.SeleniumDriver] [  913] - <In Set values of the page>
[INFO ][2016-02-09 22:09:41,100][com.java.SeleniumDriver] [  916] - {Data Fields & Data Values Exist}
[INFO ][2016-02-09 22:09:41,100][com.java.SeleniumDriver] [  918] - --------------------------setting values-----------------------------
[INFO ][2016-02-09 22:09:41,100][com.java.SeleniumDriver] [  921] - Action Type : CLICK
[INFO ][2016-02-09 22:09:41,100][com.java.TestType] [ 7153] - Field ::XPH//span[contains(text(),'Show Report')]
[INFO ][2016-02-09 22:09:41,100][com.java.TestType] [ 6752] - value = 
[INFO ][2016-02-09 22:09:42,100][com.java.TestType] [ 7330] - BEFORE CLICK
[INFO ][2016-02-09 22:09:43,294][com.java.TestType] [ 7338] - Unable to click the object Show Report button
[INFO ][2016-02-09 22:09:43,294][com.java.SeleniumDriver] [  930] -  RESULT true
[INFO ][2016-02-09 22:09:43,294][com.java.SeleniumDriver] [ 1136] - ?   P A S S   ?
[INFO ][2016-02-09 22:09:43,294][com.java.SeleniumDriver] [  856] - ------------------------------------------
[INFO ][2016-02-09 22:09:43,294][com.java.SeleniumDriver] [  857] - Test case being Executed: 9
[INFO ][2016-02-09 22:09:43,294][com.java.SeleniumDriver] [  869] - Test step:39
[INFO ][2016-02-09 22:09:43,294][com.java.SeleniumDriver] [  881] - Datavalue is----------3
[INFO ][2016-02-09 22:09:43,294][com.java.SeleniumDriver] [  905] - DataField : XPH//img[@id='loading']
[INFO ][2016-02-09 22:09:43,294][com.java.SeleniumDriver] [  907] - DataValue : 3
[INFO ][2016-02-09 22:09:43,294][com.java.SeleniumDriver] [  913] - <In Set values of the page>
[INFO ][2016-02-09 22:09:43,294][com.java.SeleniumDriver] [  916] - {Data Fields & Data Values Exist}
[INFO ][2016-02-09 22:09:43,294][com.java.SeleniumDriver] [  918] - --------------------------setting values-----------------------------
[INFO ][2016-02-09 22:09:43,294][com.java.SeleniumDriver] [  921] - Action Type : WaitForElement
[INFO ][2016-02-09 22:09:43,351][com.java.SeleniumDriver] [  930] -  RESULT true
[INFO ][2016-02-09 22:09:43,351][com.java.SeleniumDriver] [ 1136] - ?   P A S S   ?
[INFO ][2016-02-09 22:09:43,351][com.java.SeleniumDriver] [  856] - ------------------------------------------
[INFO ][2016-02-09 22:09:43,351][com.java.SeleniumDriver] [  857] - Test case being Executed: 9
[INFO ][2016-02-09 22:09:43,351][com.java.SeleniumDriver] [  869] - Test step:40
[INFO ][2016-02-09 22:09:43,352][com.java.SeleniumDriver] [  881] - Datavalue is----------90
[INFO ][2016-02-09 22:09:43,352][com.java.SeleniumDriver] [  905] - DataField : XPH//img[@id='loading']
[INFO ][2016-02-09 22:09:43,352][com.java.SeleniumDriver] [  907] - DataValue : 90
[INFO ][2016-02-09 22:09:43,352][com.java.SeleniumDriver] [  913] - <In Set values of the page>
[INFO ][2016-02-09 22:09:43,352][com.java.SeleniumDriver] [  916] - {Data Fields & Data Values Exist}
[INFO ][2016-02-09 22:09:43,352][com.java.SeleniumDriver] [  918] - --------------------------setting values-----------------------------
[INFO ][2016-02-09 22:09:43,352][com.java.SeleniumDriver] [  921] - Action Type : waitForElementNotPresent
[INFO ][2016-02-09 22:09:44,621][com.java.SeleniumDriver] [  930] -  RESULT true
[INFO ][2016-02-09 22:09:44,621][com.java.SeleniumDriver] [ 1136] - ?   P A S S   ?
[INFO ][2016-02-09 22:09:44,621][com.java.SeleniumDriver] [  856] - ------------------------------------------
[INFO ][2016-02-09 22:09:44,621][com.java.SeleniumDriver] [  857] - Test case being Executed: 9
[INFO ][2016-02-09 22:09:44,621][com.java.SeleniumDriver] [  869] - Test step:41
[INFO ][2016-02-09 22:09:44,621][com.java.SeleniumDriver] [  881] - Datavalue is----------null
[DEBUG][2016-02-09 22:09:44,621][com.java.SeleniumDriver] [  899] - Exception: null
[INFO ][2016-02-09 22:09:44,621][com.java.SeleniumDriver] [  905] - DataField : XPH//a[@id='aTab2']/span
[INFO ][2016-02-09 22:09:44,621][com.java.SeleniumDriver] [  907] - DataValue : 
[INFO ][2016-02-09 22:09:44,621][com.java.SeleniumDriver] [  913] - <In Set values of the page>
[INFO ][2016-02-09 22:09:44,621][com.java.SeleniumDriver] [  916] - {Data Fields & Data Values Exist}
[INFO ][2016-02-09 22:09:44,622][com.java.SeleniumDriver] [  918] - --------------------------setting values-----------------------------
[INFO ][2016-02-09 22:09:44,622][com.java.SeleniumDriver] [  921] - Action Type : Click
[INFO ][2016-02-09 22:09:44,622][com.java.TestType] [ 7153] - Field ::XPH//a[@id='aTab2']/span
[INFO ][2016-02-09 22:09:44,622][com.java.TestType] [ 6752] - value = 
[INFO ][2016-02-09 22:09:45,622][com.java.TestType] [ 7330] - BEFORE CLICK
[INFO ][2016-02-09 22:09:46,781][com.java.TestType] [ 7338] - Unable to click the object Click
[INFO ][2016-02-09 22:09:46,781][com.java.SeleniumDriver] [  930] -  RESULT true
[INFO ][2016-02-09 22:09:46,781][com.java.SeleniumDriver] [ 1136] - ?   P A S S   ?
[INFO ][2016-02-09 22:09:46,781][com.java.SeleniumDriver] [  856] - ------------------------------------------
[INFO ][2016-02-09 22:09:46,781][com.java.SeleniumDriver] [  857] - Test case being Executed: 9
[INFO ][2016-02-09 22:09:46,781][com.java.SeleniumDriver] [  869] - Test step:42
[INFO ][2016-02-09 22:09:46,781][com.java.SeleniumDriver] [  881] - Datavalue is----------//td[contains(text(),'Income Statement Compare')]
[INFO ][2016-02-09 22:09:46,781][com.java.SeleniumDriver] [  905] - DataField : BTN
[INFO ][2016-02-09 22:09:46,781][com.java.SeleniumDriver] [  907] - DataValue : //td[contains(text(),'Income Statement Compare')]
[INFO ][2016-02-09 22:09:46,781][com.java.SeleniumDriver] [  913] - <In Set values of the page>
[INFO ][2016-02-09 22:09:46,781][com.java.SeleniumDriver] [  916] - {Data Fields & Data Values Exist}
[INFO ][2016-02-09 22:09:46,781][com.java.SeleniumDriver] [  918] - --------------------------setting values-----------------------------
[INFO ][2016-02-09 22:09:46,781][com.java.SeleniumDriver] [  921] - Action Type : VERIFY
[INFO ][2016-02-09 22:09:46,782][com.java.TestType] [ 8386] - field= BTN value= //td[contains(text(),'Income Statement Compare')]
[INFO ][2016-02-09 22:09:46,782][com.java.TestType] [ 6752] - value = //td[contains(text(),'Income Statement Compare')]
[INFO ][2016-02-09 22:09:46,901][com.java.SeleniumDriver] [  930] -  RESULT true
[INFO ][2016-02-09 22:09:46,901][com.java.SeleniumDriver] [ 1136] - ?   P A S S   ?
[INFO ][2016-02-09 22:09:46,902][com.java.SeleniumDriver] [  856] - ------------------------------------------
[INFO ][2016-02-09 22:09:46,902][com.java.SeleniumDriver] [  857] - Test case being Executed: 9
[WARN ][2016-02-09 22:09:46,902][com.java.SeleniumDriver] [  861] - -----------------------Step Skipped:: 	TestCaseNo:  9	 StepNo: 43  	::	Action Type:  VERIFY 	::		ClientName In TestData:  "SKIP" 	::	ClientName in config:  "Any Bank USA"-----------------------------
[INFO ][2016-02-09 22:09:46,902][com.java.SeleniumDriver] [  856] - ------------------------------------------
[INFO ][2016-02-09 22:09:46,902][com.java.SeleniumDriver] [  857] - Test case being Executed: 9
[WARN ][2016-02-09 22:09:46,902][com.java.SeleniumDriver] [  861] - -----------------------Step Skipped:: 	TestCaseNo:  9	 StepNo: 44  	::	Action Type:  VERIFY 	::		ClientName In TestData:  "SKIP" 	::	ClientName in config:  "Any Bank USA"-----------------------------
[INFO ][2016-02-09 22:09:46,902][com.java.SeleniumDriver] [  856] - ------------------------------------------
[INFO ][2016-02-09 22:09:46,902][com.java.SeleniumDriver] [  857] - Test case being Executed: 9
[WARN ][2016-02-09 22:09:46,902][com.java.SeleniumDriver] [  861] - -----------------------Step Skipped:: 	TestCaseNo:  9	 StepNo: 45  	::	Action Type:  VERIFY 	::		ClientName In TestData:  "SKIP" 	::	ClientName in config:  "Any Bank USA"-----------------------------
[INFO ][2016-02-09 22:09:46,902][com.java.SeleniumDriver] [  856] - ------------------------------------------
[INFO ][2016-02-09 22:09:46,902][com.java.SeleniumDriver] [  857] - Test case being Executed: 9
[INFO ][2016-02-09 22:09:46,902][com.java.SeleniumDriver] [  869] - Test step:46
[INFO ][2016-02-09 22:09:46,903][com.java.SeleniumDriver] [  881] - Datavalue is----------null
[DEBUG][2016-02-09 22:09:46,903][com.java.SeleniumDriver] [  899] - Exception: null
[INFO ][2016-02-09 22:09:46,903][com.java.SeleniumDriver] [  905] - DataField : XPH//div[@class="menu"]//span[@class='glyphicon glyphicon-bell']
[INFO ][2016-02-09 22:09:46,903][com.java.SeleniumDriver] [  907] - DataValue : 
[INFO ][2016-02-09 22:09:46,903][com.java.SeleniumDriver] [  913] - <In Set values of the page>
[INFO ][2016-02-09 22:09:46,903][com.java.SeleniumDriver] [  916] - {Data Fields & Data Values Exist}
[INFO ][2016-02-09 22:09:46,903][com.java.SeleniumDriver] [  918] - --------------------------setting values-----------------------------
[INFO ][2016-02-09 22:09:46,903][com.java.SeleniumDriver] [  921] - Action Type : Click
[INFO ][2016-02-09 22:09:46,903][com.java.TestType] [ 7153] - Field ::XPH//div[@class="menu"]//span[@class='glyphicon glyphicon-bell']
[INFO ][2016-02-09 22:09:46,903][com.java.TestType] [ 6752] - value = 
[INFO ][2016-02-09 22:09:47,903][com.java.TestType] [ 7330] - BEFORE CLICK
[INFO ][2016-02-09 22:09:49,190][com.java.TestType] [ 7338] - Unable to click the object Bell Icon
[INFO ][2016-02-09 22:09:49,190][com.java.SeleniumDriver] [  930] -  RESULT true
[INFO ][2016-02-09 22:09:49,190][com.java.SeleniumDriver] [ 1136] - ?   P A S S   ?
[INFO ][2016-02-09 22:09:49,190][com.java.SeleniumDriver] [  856] - ------------------------------------------
[INFO ][2016-02-09 22:09:49,190][com.java.SeleniumDriver] [  857] - Test case being Executed: 9
[INFO ][2016-02-09 22:09:49,190][com.java.SeleniumDriver] [  869] - Test step:47
[INFO ][2016-02-09 22:09:49,190][com.java.SeleniumDriver] [  881] - Datavalue is----------null
[DEBUG][2016-02-09 22:09:49,190][com.java.SeleniumDriver] [  899] - Exception: null
[INFO ][2016-02-09 22:09:49,190][com.java.SeleniumDriver] [  905] - DataField : XPH//div[@class="menu"]//span[@class='glyphicon glyphicon-bell']
[INFO ][2016-02-09 22:09:49,190][com.java.SeleniumDriver] [  907] - DataValue : 
[INFO ][2016-02-09 22:09:49,190][com.java.SeleniumDriver] [  913] - <In Set values of the page>
[INFO ][2016-02-09 22:09:49,190][com.java.SeleniumDriver] [  916] - {Data Fields & Data Values Exist}
[INFO ][2016-02-09 22:09:49,190][com.java.SeleniumDriver] [  918] - --------------------------setting values-----------------------------
[INFO ][2016-02-09 22:09:49,191][com.java.SeleniumDriver] [  921] - Action Type : Click
[INFO ][2016-02-09 22:09:49,191][com.java.TestType] [ 7153] - Field ::XPH//div[@class="menu"]//span[@class='glyphicon glyphicon-bell']
[INFO ][2016-02-09 22:09:49,191][com.java.TestType] [ 6752] - value = 
[INFO ][2016-02-09 22:09:50,191][com.java.TestType] [ 7330] - BEFORE CLICK
[INFO ][2016-02-09 22:09:51,152][com.java.TestType] [ 7338] - Unable to click the object Bell Icon
[INFO ][2016-02-09 22:09:51,152][com.java.SeleniumDriver] [  930] -  RESULT true
[INFO ][2016-02-09 22:09:51,152][com.java.SeleniumDriver] [ 1136] - ?   P A S S   ?
[INFO ][2016-02-09 22:09:51,152][com.java.SeleniumDriver] [  856] - ------------------------------------------
[INFO ][2016-02-09 22:09:51,152][com.java.SeleniumDriver] [  857] - Test case being Executed: 9
[WARN ][2016-02-09 22:09:51,152][com.java.SeleniumDriver] [  861] - -----------------------Step Skipped:: 	TestCaseNo:  9	 StepNo: 48  	::	Action Type:  Click 	::		ClientName In TestData:  "SKIP" 	::	ClientName in config:  "Any Bank USA"-----------------------------
[INFO ][2016-02-09 22:09:51,152][com.java.SeleniumDriver] [  856] - ------------------------------------------
[INFO ][2016-02-09 22:09:51,152][com.java.SeleniumDriver] [  857] - Test case being Executed: 9
[INFO ][2016-02-09 22:09:51,152][com.java.SeleniumDriver] [  869] - Test step:49
[INFO ][2016-02-09 22:09:51,152][com.java.SeleniumDriver] [  881] - Datavalue is----------No alerts to display
[INFO ][2016-02-09 22:09:51,152][com.java.SeleniumDriver] [  905] - DataField : XPH//div[@id='bsAlertsContent']//div[contains(text(),'No alerts to display')]
[INFO ][2016-02-09 22:09:51,152][com.java.SeleniumDriver] [  907] - DataValue : No alerts to display
[INFO ][2016-02-09 22:09:51,152][com.java.SeleniumDriver] [  913] - <In Set values of the page>
[INFO ][2016-02-09 22:09:51,152][com.java.SeleniumDriver] [  916] - {Data Fields & Data Values Exist}
[INFO ][2016-02-09 22:09:51,153][com.java.SeleniumDriver] [  918] - --------------------------setting values-----------------------------
[INFO ][2016-02-09 22:09:51,153][com.java.SeleniumDriver] [  921] - Action Type : Verify
[INFO ][2016-02-09 22:09:51,153][com.java.TestType] [ 8386] - field= XPH//div[@id='bsAlertsContent']//div[contains(text(),'No alerts to display')] value= No alerts to display
[INFO ][2016-02-09 22:09:51,153][com.java.TestType] [ 6752] - value = No alerts to display
[ERROR][2016-02-09 22:10:11,929][com.java.TestType] [ 8901] - Element  not found ://div[@id='bsAlertsContent']//div[contains(text(),'No alerts to display')]
[INFO ][2016-02-09 22:10:11,929][com.java.SeleniumDriver] [  930] -  RESULT false
[INFO ][2016-02-09 22:10:11,930][com.java.SeleniumDriver] [  977] - ?   F A I L   ?
[INFO ][2016-02-09 22:10:11,930][com.java.SeleniumDriver] [  985] - Browser Type : IE10
[INFO ][2016-02-09 22:10:11,930][com.java.SeleniumDriver] [  986] - Adding Failed case9
[DEBUG][2016-02-09 22:10:12,050][com.java.SeleniumDriver] [ 1054] -  tdd.getCondition() IF:Next:Next
[INFO ][2016-02-09 22:10:12,050][com.java.SeleniumDriver] [ 1058] - Continue next step...
[INFO ][2016-02-09 22:10:12,050][com.java.SeleniumDriver] [  856] - ------------------------------------------
[INFO ][2016-02-09 22:10:12,050][com.java.SeleniumDriver] [  857] - Test case being Executed: 9
[INFO ][2016-02-09 22:10:12,050][com.java.SeleniumDriver] [  869] - Test step:50
[INFO ][2016-02-09 22:10:12,050][com.java.SeleniumDriver] [  881] - Datavalue is----------null
[DEBUG][2016-02-09 22:10:12,050][com.java.SeleniumDriver] [  899] - Exception: null
[INFO ][2016-02-09 22:10:12,050][com.java.SeleniumDriver] [  905] - DataField : BTNcloseAllTabs
[INFO ][2016-02-09 22:10:12,050][com.java.SeleniumDriver] [  907] - DataValue : 
[INFO ][2016-02-09 22:10:12,050][com.java.SeleniumDriver] [  913] - <In Set values of the page>
[INFO ][2016-02-09 22:10:12,050][com.java.SeleniumDriver] [  916] - {Data Fields & Data Values Exist}
[INFO ][2016-02-09 22:10:12,050][com.java.SeleniumDriver] [  918] - --------------------------setting values-----------------------------
[INFO ][2016-02-09 22:10:12,050][com.java.SeleniumDriver] [  921] - Action Type : CLICK
[INFO ][2016-02-09 22:10:12,051][com.java.TestType] [ 7153] - Field ::BTNcloseAllTabs
[INFO ][2016-02-09 22:10:12,051][com.java.TestType] [ 6752] - value = 
[INFO ][2016-02-09 22:10:13,051][com.java.TestType] [ 7309] - BEFORE CLICK
[INFO ][2016-02-09 22:10:14,914][com.java.TestType] [ 7316] - Unable to click the object Click X
[INFO ][2016-02-09 22:10:14,914][com.java.SeleniumDriver] [  930] -  RESULT true
[INFO ][2016-02-09 22:10:14,914][com.java.SeleniumDriver] [ 1136] - ?   P A S S   ?
[DEBUG][2016-02-09 22:10:14,914][com.java.SeleniumDriver] [ 1248] - Case found
[DEBUG][2016-02-09 22:10:14,914][com.java.SeleniumDriver] [ 1253] - Incrementing ReportCounters[0]:3
[INFO ][2016-02-09 22:10:14,914][com.java.SeleniumDriver] [ 1272] - The results are-------------------[9, 1, BD Right Hand Menu Bar: IS Alerts -IS alerts exists, Pass, , Tue Feb 09 22:08:42 IST 2016, 9, 3, BD Right Hand Menu Bar: IS Alerts -IS alerts exists, Pass, , Tue Feb 09 22:08:47 IST 2016, 9, 4, BD Right Hand Menu Bar: IS Alerts -IS alerts exists, Pass, , Tue Feb 09 22:08:47 IST 2016, 9, 5, BD Right Hand Menu Bar: IS Alerts -IS alerts exists, Pass, , Tue Feb 09 22:08:47 IST 2016, 9, 6, BD Right Hand Menu Bar: IS Alerts -IS alerts exists, Pass, , Tue Feb 09 22:08:49 IST 2016, 9, 7, BD Right Hand Menu Bar: IS Alerts -IS alerts exists, Pass, , Tue Feb 09 22:08:52 IST 2016, 9, 8, BD Right Hand Menu Bar: IS Alerts -IS alerts exists, Pass, , Tue Feb 09 22:08:54 IST 2016, 9, 9, BD Right Hand Menu Bar: IS Alerts -IS alerts exists, Pass, , Tue Feb 09 22:08:56 IST 2016, 9, 10, BD Right Hand Menu Bar: IS Alerts -IS alerts exists, Pass, , Tue Feb 09 22:08:56 IST 2016, 9, 11, BD Right Hand Menu Bar: IS Alerts -IS alerts exists, Pass, , Tue Feb 09 22:08:58 IST 2016, 9, 12, BD Right Hand Menu Bar: IS Alerts -IS alerts exists, Pass, , Tue Feb 09 22:08:58 IST 2016, 9, 15, BD Right Hand Menu Bar: IS Alerts -IS alerts exists, Pass, , Tue Feb 09 22:09:00 IST 2016, 9, 16, BD Right Hand Menu Bar: IS Alerts -IS alerts exists, Pass, , Tue Feb 09 22:09:02 IST 2016, 9, 17, BD Right Hand Menu Bar: IS Alerts -IS alerts exists, Pass, , Tue Feb 09 22:09:02 IST 2016, 9, 18, BD Right Hand Menu Bar: IS Alerts -IS alerts exists, Pass, , Tue Feb 09 22:09:02 IST 2016, 9, 19, BD Right Hand Menu Bar: IS Alerts -IS alerts exists, Pass, , Tue Feb 09 22:09:02 IST 2016, 9, 20, BD Right Hand Menu Bar: IS Alerts -IS alerts exists, Pass, , Tue Feb 09 22:09:02 IST 2016, 9, 22, BD Right Hand Menu Bar: IS Alerts -IS alerts exists, Pass, , Tue Feb 09 22:09:05 IST 2016, 9, 23, BD Right Hand Menu Bar: IS Alerts -IS alerts exists, Pass, , Tue Feb 09 22:09:06 IST 2016, 9, 24, BD Right Hand Menu Bar: IS Alerts -IS alerts exists, Pass, , Tue Feb 09 22:09:07 IST 2016, 9, 25, BD Right Hand Menu Bar: IS Alerts -IS alerts exists, Pass, , Tue Feb 09 22:09:07 IST 2016, 9, 26, BD Right Hand Menu Bar: IS Alerts -IS alerts exists, Pass, , Tue Feb 09 22:09:07 IST 2016, 9, 27, BD Right Hand Menu Bar: IS Alerts -IS alerts exists, Pass, , Tue Feb 09 22:09:09 IST 2016, 9, 28, BD Right Hand Menu Bar: IS Alerts -IS alerts exists, Pass, , Tue Feb 09 22:09:33 IST 2016, 9, 29, BD Right Hand Menu Bar: IS Alerts -IS alerts exists, Pass, , Tue Feb 09 22:09:33 IST 2016, 9, 30, BD Right Hand Menu Bar: IS Alerts -IS alerts exists, Pass, , Tue Feb 09 22:09:34 IST 2016, 9, 31, BD Right Hand Menu Bar: IS Alerts -IS alerts exists, Pass, , Tue Feb 09 22:09:34 IST 2016, 9, 32, BD Right Hand Menu Bar: IS Alerts -IS alerts exists, Pass, , Tue Feb 09 22:09:36 IST 2016, 9, 33, BD Right Hand Menu Bar: IS Alerts -IS alerts exists, Pass, , Tue Feb 09 22:09:37 IST 2016, 9, 34, BD Right Hand Menu Bar: IS Alerts -IS alerts exists, Pass, , Tue Feb 09 22:09:38 IST 2016, 9, 35, BD Right Hand Menu Bar: IS Alerts -IS alerts exists, Pass, , Tue Feb 09 22:09:39 IST 2016, 9, 36, BD Right Hand Menu Bar: IS Alerts -IS alerts exists, Pass, , Tue Feb 09 22:09:41 IST 2016, 9, 37, BD Right Hand Menu Bar: IS Alerts -IS alerts exists, Pass, , Tue Feb 09 22:09:41 IST 2016, 9, 38, BD Right Hand Menu Bar: IS Alerts -IS alerts exists, Pass, , Tue Feb 09 22:09:43 IST 2016, 9, 39, BD Right Hand Menu Bar: IS Alerts -IS alerts exists, Pass, , Tue Feb 09 22:09:43 IST 2016, 9, 40, BD Right Hand Menu Bar: IS Alerts -IS alerts exists, Pass, , Tue Feb 09 22:09:44 IST 2016, 9, 41, BD Right Hand Menu Bar: IS Alerts -IS alerts exists, Pass, , Tue Feb 09 22:09:46 IST 2016, 9, 42, BD Right Hand Menu Bar: IS Alerts -IS alerts exists, Pass, , Tue Feb 09 22:09:46 IST 2016, 9, 46, BD Right Hand Menu Bar: IS Alerts -IS alerts exists, Pass, , Tue Feb 09 22:09:49 IST 2016, 9, 47, BD Right Hand Menu Bar: IS Alerts -IS alerts exists, Pass, , Tue Feb 09 22:09:51 IST 2016, 9, 49, BD Right Hand Menu Bar: IS Alerts -IS alerts exists, Pass, , Tue Feb 09 22:10:12 IST 2016, 9, 50, BD Right Hand Menu Bar: IS Alerts -IS alerts exists, Pass, , Tue Feb 09 22:10:14 IST 2016]
[INFO ][2016-02-09 22:10:14,914][com.java.SeleniumDriver] [ 1276] - End time is-------5 min 32 sec
[INFO ][2016-02-09 22:10:14,914][com.java.SeleniumDriver] [ 1277] - The results are-------------------[9, 1, BD Right Hand Menu Bar: IS Alerts -IS alerts exists, Pass, , Tue Feb 09 22:08:42 IST 2016, 9, 3, BD Right Hand Menu Bar: IS Alerts -IS alerts exists, Pass, , Tue Feb 09 22:08:47 IST 2016, 9, 4, BD Right Hand Menu Bar: IS Alerts -IS alerts exists, Pass, , Tue Feb 09 22:08:47 IST 2016, 9, 5, BD Right Hand Menu Bar: IS Alerts -IS alerts exists, Pass, , Tue Feb 09 22:08:47 IST 2016, 9, 6, BD Right Hand Menu Bar: IS Alerts -IS alerts exists, Pass, , Tue Feb 09 22:08:49 IST 2016, 9, 7, BD Right Hand Menu Bar: IS Alerts -IS alerts exists, Pass, , Tue Feb 09 22:08:52 IST 2016, 9, 8, BD Right Hand Menu Bar: IS Alerts -IS alerts exists, Pass, , Tue Feb 09 22:08:54 IST 2016, 9, 9, BD Right Hand Menu Bar: IS Alerts -IS alerts exists, Pass, , Tue Feb 09 22:08:56 IST 2016, 9, 10, BD Right Hand Menu Bar: IS Alerts -IS alerts exists, Pass, , Tue Feb 09 22:08:56 IST 2016, 9, 11, BD Right Hand Menu Bar: IS Alerts -IS alerts exists, Pass, , Tue Feb 09 22:08:58 IST 2016, 9, 12, BD Right Hand Menu Bar: IS Alerts -IS alerts exists, Pass, , Tue Feb 09 22:08:58 IST 2016, 9, 15, BD Right Hand Menu Bar: IS Alerts -IS alerts exists, Pass, , Tue Feb 09 22:09:00 IST 2016, 9, 16, BD Right Hand Menu Bar: IS Alerts -IS alerts exists, Pass, , Tue Feb 09 22:09:02 IST 2016, 9, 17, BD Right Hand Menu Bar: IS Alerts -IS alerts exists, Pass, , Tue Feb 09 22:09:02 IST 2016, 9, 18, BD Right Hand Menu Bar: IS Alerts -IS alerts exists, Pass, , Tue Feb 09 22:09:02 IST 2016, 9, 19, BD Right Hand Menu Bar: IS Alerts -IS alerts exists, Pass, , Tue Feb 09 22:09:02 IST 2016, 9, 20, BD Right Hand Menu Bar: IS Alerts -IS alerts exists, Pass, , Tue Feb 09 22:09:02 IST 2016, 9, 22, BD Right Hand Menu Bar: IS Alerts -IS alerts exists, Pass, , Tue Feb 09 22:09:05 IST 2016, 9, 23, BD Right Hand Menu Bar: IS Alerts -IS alerts exists, Pass, , Tue Feb 09 22:09:06 IST 2016, 9, 24, BD Right Hand Menu Bar: IS Alerts -IS alerts exists, Pass, , Tue Feb 09 22:09:07 IST 2016, 9, 25, BD Right Hand Menu Bar: IS Alerts -IS alerts exists, Pass, , Tue Feb 09 22:09:07 IST 2016, 9, 26, BD Right Hand Menu Bar: IS Alerts -IS alerts exists, Pass, , Tue Feb 09 22:09:07 IST 2016, 9, 27, BD Right Hand Menu Bar: IS Alerts -IS alerts exists, Pass, , Tue Feb 09 22:09:09 IST 2016, 9, 28, BD Right Hand Menu Bar: IS Alerts -IS alerts exists, Pass, , Tue Feb 09 22:09:33 IST 2016, 9, 29, BD Right Hand Menu Bar: IS Alerts -IS alerts exists, Pass, , Tue Feb 09 22:09:33 IST 2016, 9, 30, BD Right Hand Menu Bar: IS Alerts -IS alerts exists, Pass, , Tue Feb 09 22:09:34 IST 2016, 9, 31, BD Right Hand Menu Bar: IS Alerts -IS alerts exists, Pass, , Tue Feb 09 22:09:34 IST 2016, 9, 32, BD Right Hand Menu Bar: IS Alerts -IS alerts exists, Pass, , Tue Feb 09 22:09:36 IST 2016, 9, 33, BD Right Hand Menu Bar: IS Alerts -IS alerts exists, Pass, , Tue Feb 09 22:09:37 IST 2016, 9, 34, BD Right Hand Menu Bar: IS Alerts -IS alerts exists, Pass, , Tue Feb 09 22:09:38 IST 2016, 9, 35, BD Right Hand Menu Bar: IS Alerts -IS alerts exists, Pass, , Tue Feb 09 22:09:39 IST 2016, 9, 36, BD Right Hand Menu Bar: IS Alerts -IS alerts exists, Pass, , Tue Feb 09 22:09:41 IST 2016, 9, 37, BD Right Hand Menu Bar: IS Alerts -IS alerts exists, Pass, , Tue Feb 09 22:09:41 IST 2016, 9, 38, BD Right Hand Menu Bar: IS Alerts -IS alerts exists, Pass, , Tue Feb 09 22:09:43 IST 2016, 9, 39, BD Right Hand Menu Bar: IS Alerts -IS alerts exists, Pass, , Tue Feb 09 22:09:43 IST 2016, 9, 40, BD Right Hand Menu Bar: IS Alerts -IS alerts exists, Pass, , Tue Feb 09 22:09:44 IST 2016, 9, 41, BD Right Hand Menu Bar: IS Alerts -IS alerts exists, Pass, , Tue Feb 09 22:09:46 IST 2016, 9, 42, BD Right Hand Menu Bar: IS Alerts -IS alerts exists, Pass, , Tue Feb 09 22:09:46 IST 2016, 9, 46, BD Right Hand Menu Bar: IS Alerts -IS alerts exists, Pass, , Tue Feb 09 22:09:49 IST 2016, 9, 47, BD Right Hand Menu Bar: IS Alerts -IS alerts exists, Pass, , Tue Feb 09 22:09:51 IST 2016, 9, 49, BD Right Hand Menu Bar: IS Alerts -IS alerts exists, Pass, , Tue Feb 09 22:10:12 IST 2016, 9, 50, BD Right Hand Menu Bar: IS Alerts -IS alerts exists, Pass, , Tue Feb 09 22:10:14 IST 2016]
[DEBUG][2016-02-09 22:10:14,914][com.java.ImportnExport.ExportTestResultsExcel] [  222] - testResultPath = D:\BankersDashboard/TestReports/Test Results_BankersDashBoard_020916_220444_IE10_Any Bank USA.xls
[DEBUG][2016-02-09 22:10:14,915][com.java.ImportnExport.ExportTestResultsExcel] [  223] - browser is------------IE10
[DEBUG][2016-02-09 22:10:14,917][com.java.ImportnExport.ExportTestResultsExcel] [  270] - result.size() = 252
[DEBUG][2016-02-09 22:10:14,917][com.java.ImportnExport.ExportTestResultsExcel] [  274] - No of rows in sheet=3
[DEBUG][2016-02-09 22:10:14,917][com.java.ImportnExport.ExportTestResultsExcel] [  301] - ..in export..9
[DEBUG][2016-02-09 22:10:14,917][com.java.ImportnExport.ExportTestResultsExcel] [  301] - ..in export..BD Right Hand Menu Bar: IS Alerts -IS alerts exists
[DEBUG][2016-02-09 22:10:14,917][com.java.ImportnExport.ExportTestResultsExcel] [  301] - ..in export..Pass
[DEBUG][2016-02-09 22:10:14,918][com.java.ImportnExport.ExportTestResultsExcel] [  301] - ..in export..
[DEBUG][2016-02-09 22:10:14,918][com.java.ImportnExport.ExportTestResultsExcel] [  301] - ..in export..Tue Feb 09 22:08:42 IST 2016
[INFO ][2016-02-09 22:10:14,919][com.java.SeleniumDriver] [ 1337] - out loop:2 size:3 TestCases:[1, 8, 9] testcases:[1, 8, 9]
[INFO ][2016-02-09 22:10:16,920][com.java.SeleniumDriver] [ 1380] - Total Number of Cases:3
[INFO ][2016-02-09 22:10:16,921][com.java.TemplateGenerator] [  302] - Executed:3
[INFO ][2016-02-09 22:10:16,921][com.java.TemplateGenerator] [  303] - Passed:2
[INFO ][2016-02-09 22:10:16,921][com.java.TemplateGenerator] [  304] - Failed:1
[INFO ][2016-02-09 22:10:16,921][com.java.TemplateGenerator] [  305] - Skipeed:0
[INFO ][2016-02-09 22:10:16,921][com.java.TemplateGenerator] [  306] - Application URL:https://clients-xuat.bankersdashboard.com
[INFO ][2016-02-09 22:10:16,921][com.java.TemplateGenerator] [  307] - Start Time:020916_220444
[INFO ][2016-02-09 22:10:16,921][com.java.TemplateGenerator] [  308] -  Creating HTML Report 
[ERROR][2016-02-09 22:10:16,921][com.java.TemplateGenerator] [  409] - Unparseable date: "Tue Feb 09 10:04:44 IST 2016"
[INFO ][2016-02-09 22:10:16,922][com.java.TemplateGenerator] [  654] -  Exporting case :: 1
[INFO ][2016-02-09 22:10:16,922][com.java.TemplateGenerator] [  654] -  Exporting case :: 8
[INFO ][2016-02-09 22:10:16,922][com.java.TemplateGenerator] [  654] -  Exporting case :: 9
[INFO ][2016-02-09 22:10:16,928][com.java.SeleniumDriver] [ 1429] - End Time:020916_221016
[INFO ][2016-02-09 22:10:16,928][com.java.SeleniumDriver] [ 1432] - Data in Test Execution Details:{1=PASS, 8=FAILTest case failed at Step No. :: 38   Error Message ::  Element not replaced::BalanceSheet::Change, 9=PASS}
[INFO ][2016-02-09 22:10:16,928][com.java.SeleniumDriver] [ 1433] - Data in Failed Execution Deatils:{}
[INFO ][2016-02-09 22:10:16,928][com.java.SeleniumDriver] [ 1435] - ReportCounter:Total:3 :: PASS: 2 ::FAIL: 1
[INFO ][2016-02-09 22:10:16,928][com.java.SeleniumDriver] [ 1436] - FailedReportCounter:Total:0 :: PASS: 0 ::FAIL: 0
[INFO ][2016-02-09 22:10:16,936][com.java.EmailTestReport] [   63] - Sending report mail details:
[INFO ][2016-02-09 22:10:16,936][com.java.EmailTestReport] [   80] - Excel Report Path:D:\BankersDashboard/TestReports/Test Results_BankersDashBoard_020916_220444_IE10_Any Bank USA.xls
[INFO ][2016-02-09 22:10:16,936][com.java.EmailTestReport] [   81] - HTML Report Path:D:\BankersDashboard//TestReports//Test Results_BankersDashBoard_020916_220444_IE10_Any Bank USA.html
[INFO ][2016-02-09 22:10:16,936][com.java.EmailTestReport] [   82] - smtpHostName:mail01.valuelabs.com
[INFO ][2016-02-09 22:10:16,936][com.java.EmailTestReport] [   83] - Recipient:venkateswararao.gubbala@valuelabs.com;
[INFO ][2016-02-09 22:10:16,936][com.java.EmailTestReport] [   84] - From:venkateswararao.gubbala@valuelabs.com;
[INFO ][2016-02-09 22:10:16,936][com.java.EmailTestReport] [   85] - Subject:Deluxe Corp Bankers Dashboard Automation Test Report - Any Bank USA - IE10
[INFO ][2016-02-09 22:10:16,953][com.java.EmailTestReport] [  143] -  Added venkateswararao.gubbala@valuelabs.com
[INFO ][2016-02-09 22:10:20,072][com.java.SeleniumDriver] [  722] - quitting the browser 
[INFO ][2016-02-09 22:10:21,824][com.java.SeleniumDriver] [  264] - Execution Completed Stopping the thread
