[INFO ][2015-11-10 18:25:44,448][com.java.SeleniumDriver] [  213] - Execute Failed Casesfalse
[INFO ][2015-11-10 18:25:44,448][com.java.SeleniumDriver] [  214] - Browser: IE11
[INFO ][2015-11-10 18:25:44,448][com.java.SeleniumDriver] [  215] - [3]
[INFO ][2015-11-10 18:25:44,458][com.java.SeleniumDriver] [  216] - Total TestCases:1
[INFO ][2015-11-10 18:25:44,458][com.java.SeleniumDriver] [  217] -  Reading Properties from Property File 
[DEBUG][2015-11-10 18:25:44,458][com.java.SeleniumDriver] [  238] - url : https://clients-xuat.bankersdashboard.com
[INFO ][2015-11-10 18:25:44,458][com.java.ImportnExport.ExportTestResultsExcel] [  116] - Time Stamp Tue Nov 10 06:25:44 IST 2015
[INFO ][2015-11-10 18:25:44,458][com.java.ImportnExport.ExportTestResultsExcel] [  175] - OUT FILE : D:\BankersDashboard/TestReports/Test Results_BankersDashBoard_111015_182544_IE11_Any Bank USA.xls
[INFO ][2015-11-10 18:25:44,489][com.java.ImportnExport.ExportTestResultsExcel] [  180] - Test Result file is created
[DEBUG][2015-11-10 18:25:44,589][com.java.SeleniumDriver] [  425] - Hub ip address is-------172.17.68.34
[INFO ][2015-11-10 18:25:44,589][com.java.SeleniumDriver] [  451] - Grid URL:http://172.17.68.34:4444/wd/hub
[INFO ][2015-11-10 18:25:44,589][com.java.SeleniumDriver] [  452] - Capability:Capabilities [{platform=ANY, ensureCleanSession=true, ignoreProtectedModeSettings=true, acceptSslCerts=true, ignoreZoomSetting=true, browserName=internet explorer, browserstack.ie.noFlash=true, version=Node1}]
[ERROR][2015-11-10 18:25:45,939][com.java.SeleniumDriver] [  496] - Unable invoke browser in grid:Could not start a new session. Possible causes are invalid address of the remote server or browser start-up failure.
Build info: version: '2.48.2', revision: '41bccdd', time: '2015-10-09 19:59:12'
System info: host: 'FVTIII438F1D', ip: '172.17.68.34', os.name: 'Windows 7', os.arch: 'x86', os.version: '6.1', java.version: '1.7.0_55'
Driver info: driver.version: SeleniumDriver
[INFO ][2015-11-10 18:25:45,939][com.java.SeleniumDriver] [  498] - Executing on local machine
[INFO ][2015-11-10 18:25:55,344][com.java.SeleniumDriver] [  248] - IE11is opened
[INFO ][2015-11-10 18:25:55,974][com.java.SeleniumDriver] [  753] - Test cases to be executed are: [3]
[INFO ][2015-11-10 18:25:56,015][com.java.ImportnExport.ImportTestDataDetailsExcel] [   49] - test data details path===== D:\BankersDashboard\TestInputs\TestData.xls
[INFO ][2015-11-10 18:25:56,085][com.java.SeleniumDriver] [  796] - ------------------------------------------
[INFO ][2015-11-10 18:25:56,085][com.java.SeleniumDriver] [  797] - Test case being Executed: 3
[INFO ][2015-11-10 18:25:56,085][com.java.SeleniumDriver] [  808] - Test step:1
[INFO ][2015-11-10 18:25:56,085][com.java.SeleniumDriver] [  820] - Datavalue is----------Logout
[INFO ][2015-11-10 18:25:56,085][com.java.SeleniumDriver] [  844] - DataField : BTN
[INFO ][2015-11-10 18:25:56,085][com.java.SeleniumDriver] [  846] - DataValue : Logout
[INFO ][2015-11-10 18:25:56,085][com.java.SeleniumDriver] [  852] - <In Set values of the page>
[INFO ][2015-11-10 18:25:56,085][com.java.SeleniumDriver] [  855] - {Data Fields & Data Values Exist}
[INFO ][2015-11-10 18:25:56,085][com.java.SeleniumDriver] [  857] - --------------------------setting values-----------------------------
[INFO ][2015-11-10 18:25:56,085][com.java.SeleniumDriver] [  860] - Action Type : Verify
[INFO ][2015-11-10 18:25:56,145][com.java.TestType] [ 5247] - field= BTN value= Logout
[INFO ][2015-11-10 18:25:56,155][com.java.TestType] [ 4140] - value = Logout
[ERROR][2015-11-10 18:26:13,395][com.java.TestType] [ 5771] - Assertion Error: 
[INFO ][2015-11-10 18:26:13,395][com.java.SeleniumDriver] [  869] -  RESULT false
[INFO ][2015-11-10 18:26:13,395][com.java.SeleniumDriver] [  916] - ?   F A I L   ?
[INFO ][2015-11-10 18:26:13,395][com.java.SeleniumDriver] [  924] - Browser Type : IE11
[INFO ][2015-11-10 18:26:13,395][com.java.SeleniumDriver] [  925] - Adding Failed case3
[DEBUG][2015-11-10 18:26:14,087][com.java.SeleniumDriver] [  992] -  tdd.getCondition() IF:3:Next
[INFO ][2015-11-10 18:26:14,087][com.java.SeleniumDriver] [  996] - Continue next step...
[INFO ][2015-11-10 18:26:14,087][com.java.SeleniumDriver] [  796] - ------------------------------------------
[INFO ][2015-11-10 18:26:14,087][com.java.SeleniumDriver] [  797] - Test case being Executed: 3
[INFO ][2015-11-10 18:26:14,087][com.java.SeleniumDriver] [  808] - Test step:2
[INFO ][2015-11-10 18:26:14,087][com.java.SeleniumDriver] [  820] - Datavalue is----------Concept#1:1-14
[INFO ][2015-11-10 18:26:14,087][com.java.SeleniumDriver] [  844] - DataField : test
[INFO ][2015-11-10 18:26:14,087][com.java.SeleniumDriver] [  846] - DataValue : Concept#1:1-14
[INFO ][2015-11-10 18:26:14,087][com.java.SeleniumDriver] [  852] - <In Set values of the page>
[INFO ][2015-11-10 18:26:14,087][com.java.SeleniumDriver] [  855] - {Data Fields & Data Values Exist}
[INFO ][2015-11-10 18:26:14,087][com.java.SeleniumDriver] [  857] - --------------------------setting values-----------------------------
[INFO ][2015-11-10 18:26:14,087][com.java.SeleniumDriver] [  860] - Action Type : ExecuteTestCase
[INFO ][2015-11-10 18:26:14,087][com.java.TestType] [  423] - The Concept sheet name is ---------- Concept
[INFO ][2015-11-10 18:26:14,087][com.java.TestType] [  426] - The Concept ID  is ---------- 1
[DEBUG][2015-11-10 18:26:14,087][com.java.TestType] [  430] - Steps being executted in the Concept are: 1:14
[INFO ][2015-11-10 18:26:14,087][com.java.TestType] [  437] - Test data details path ---------- D:\BankersDashboard\TestInputs\TestData.xls
[INFO ][2015-11-10 18:26:14,127][com.java.TestType] [  468] -  str(1) = 1
[INFO ][2015-11-10 18:26:14,127][com.java.TestType] [  471] - Test case Id is---1
[INFO ][2015-11-10 18:26:14,127][com.java.TestType] [  473] - 1
[INFO ][2015-11-10 18:26:14,127][com.java.TestType] [  468] -  str(2) = 1
[INFO ][2015-11-10 18:26:14,127][com.java.TestType] [  520] - row values are--------{1=com.java.Objects.TestDataDetails@1866c25}
[INFO ][2015-11-10 18:26:14,127][com.java.TestType] [  468] -  str(1) = 1
[INFO ][2015-11-10 18:26:14,127][com.java.TestType] [  471] - Test case Id is---1
[INFO ][2015-11-10 18:26:14,127][com.java.TestType] [  473] - 1
[INFO ][2015-11-10 18:26:14,127][com.java.TestType] [  468] -  str(2) = 2
[INFO ][2015-11-10 18:26:14,127][com.java.TestType] [  520] - row values are--------{1=com.java.Objects.TestDataDetails@1866c25, 2=com.java.Objects.TestDataDetails@a4f1d0}
[INFO ][2015-11-10 18:26:14,127][com.java.TestType] [  468] -  str(1) = 1
[INFO ][2015-11-10 18:26:14,127][com.java.TestType] [  471] - Test case Id is---1
[INFO ][2015-11-10 18:26:14,127][com.java.TestType] [  473] - 1
[INFO ][2015-11-10 18:26:14,127][com.java.TestType] [  468] -  str(2) = 3
[INFO ][2015-11-10 18:26:14,127][com.java.TestType] [  520] - row values are--------{1=com.java.Objects.TestDataDetails@1866c25, 2=com.java.Objects.TestDataDetails@a4f1d0, 3=com.java.Objects.TestDataDetails@ac5f11}
[INFO ][2015-11-10 18:26:14,127][com.java.TestType] [  468] -  str(1) = 1
[INFO ][2015-11-10 18:26:14,127][com.java.TestType] [  471] - Test case Id is---1
[INFO ][2015-11-10 18:26:14,127][com.java.TestType] [  473] - 1
[INFO ][2015-11-10 18:26:14,127][com.java.TestType] [  468] -  str(2) = 4
[INFO ][2015-11-10 18:26:14,127][com.java.TestType] [  520] - row values are--------{1=com.java.Objects.TestDataDetails@1866c25, 2=com.java.Objects.TestDataDetails@a4f1d0, 3=com.java.Objects.TestDataDetails@ac5f11, 4=com.java.Objects.TestDataDetails@9a98b9}
[INFO ][2015-11-10 18:26:14,127][com.java.TestType] [  468] -  str(1) = 1
[INFO ][2015-11-10 18:26:14,127][com.java.TestType] [  471] - Test case Id is---1
[INFO ][2015-11-10 18:26:14,127][com.java.TestType] [  473] - 1
[INFO ][2015-11-10 18:26:14,127][com.java.TestType] [  468] -  str(2) = 5
[INFO ][2015-11-10 18:26:14,127][com.java.TestType] [  520] - row values are--------{1=com.java.Objects.TestDataDetails@1866c25, 2=com.java.Objects.TestDataDetails@a4f1d0, 3=com.java.Objects.TestDataDetails@ac5f11, 4=com.java.Objects.TestDataDetails@9a98b9, 5=com.java.Objects.TestDataDetails@12305e8}
[INFO ][2015-11-10 18:26:14,127][com.java.TestType] [  468] -  str(1) = 1
[INFO ][2015-11-10 18:26:14,127][com.java.TestType] [  471] - Test case Id is---1
[INFO ][2015-11-10 18:26:14,127][com.java.TestType] [  473] - 1
[INFO ][2015-11-10 18:26:14,127][com.java.TestType] [  468] -  str(2) = 6
[INFO ][2015-11-10 18:26:14,127][com.java.TestType] [  520] - row values are--------{1=com.java.Objects.TestDataDetails@1866c25, 2=com.java.Objects.TestDataDetails@a4f1d0, 3=com.java.Objects.TestDataDetails@ac5f11, 4=com.java.Objects.TestDataDetails@9a98b9, 5=com.java.Objects.TestDataDetails@12305e8, 6=com.java.Objects.TestDataDetails@56e5d8}
[INFO ][2015-11-10 18:26:14,127][com.java.TestType] [  468] -  str(1) = 1
[INFO ][2015-11-10 18:26:14,137][com.java.TestType] [  471] - Test case Id is---1
[INFO ][2015-11-10 18:26:14,137][com.java.TestType] [  473] - 1
[INFO ][2015-11-10 18:26:14,137][com.java.TestType] [  468] -  str(2) = 7
[INFO ][2015-11-10 18:26:14,137][com.java.TestType] [  520] - row values are--------{1=com.java.Objects.TestDataDetails@1866c25, 2=com.java.Objects.TestDataDetails@a4f1d0, 3=com.java.Objects.TestDataDetails@ac5f11, 4=com.java.Objects.TestDataDetails@9a98b9, 5=com.java.Objects.TestDataDetails@12305e8, 6=com.java.Objects.TestDataDetails@56e5d8, 7=com.java.Objects.TestDataDetails@54177e}
[INFO ][2015-11-10 18:26:14,137][com.java.TestType] [  468] -  str(1) = 1
[INFO ][2015-11-10 18:26:14,137][com.java.TestType] [  471] - Test case Id is---1
[INFO ][2015-11-10 18:26:14,137][com.java.TestType] [  473] - 1
[INFO ][2015-11-10 18:26:14,137][com.java.TestType] [  468] -  str(2) = 8
[INFO ][2015-11-10 18:26:14,137][com.java.TestType] [  520] - row values are--------{1=com.java.Objects.TestDataDetails@1866c25, 2=com.java.Objects.TestDataDetails@a4f1d0, 3=com.java.Objects.TestDataDetails@ac5f11, 4=com.java.Objects.TestDataDetails@9a98b9, 5=com.java.Objects.TestDataDetails@12305e8, 6=com.java.Objects.TestDataDetails@56e5d8, 7=com.java.Objects.TestDataDetails@54177e, 8=com.java.Objects.TestDataDetails@6b7485}
[INFO ][2015-11-10 18:26:14,137][com.java.TestType] [  468] -  str(1) = 1
[INFO ][2015-11-10 18:26:14,137][com.java.TestType] [  471] - Test case Id is---1
[INFO ][2015-11-10 18:26:14,137][com.java.TestType] [  473] - 1
[INFO ][2015-11-10 18:26:14,137][com.java.TestType] [  468] -  str(2) = 9
[INFO ][2015-11-10 18:26:14,137][com.java.TestType] [  520] - row values are--------{1=com.java.Objects.TestDataDetails@1866c25, 2=com.java.Objects.TestDataDetails@a4f1d0, 3=com.java.Objects.TestDataDetails@ac5f11, 4=com.java.Objects.TestDataDetails@9a98b9, 5=com.java.Objects.TestDataDetails@12305e8, 6=com.java.Objects.TestDataDetails@56e5d8, 7=com.java.Objects.TestDataDetails@54177e, 8=com.java.Objects.TestDataDetails@6b7485, 9=com.java.Objects.TestDataDetails@223ed2}
[INFO ][2015-11-10 18:26:14,137][com.java.TestType] [  468] -  str(1) = 1
[INFO ][2015-11-10 18:26:14,137][com.java.TestType] [  471] - Test case Id is---1
[INFO ][2015-11-10 18:26:14,137][com.java.TestType] [  473] - 1
[INFO ][2015-11-10 18:26:14,137][com.java.TestType] [  468] -  str(2) = 10
[INFO ][2015-11-10 18:26:14,137][com.java.TestType] [  520] - row values are--------{1=com.java.Objects.TestDataDetails@1866c25, 2=com.java.Objects.TestDataDetails@a4f1d0, 3=com.java.Objects.TestDataDetails@ac5f11, 4=com.java.Objects.TestDataDetails@9a98b9, 5=com.java.Objects.TestDataDetails@12305e8, 6=com.java.Objects.TestDataDetails@56e5d8, 7=com.java.Objects.TestDataDetails@54177e, 8=com.java.Objects.TestDataDetails@6b7485, 9=com.java.Objects.TestDataDetails@223ed2, 10=com.java.Objects.TestDataDetails@1c8704e}
[INFO ][2015-11-10 18:26:14,137][com.java.TestType] [  468] -  str(1) = 1
[INFO ][2015-11-10 18:26:14,137][com.java.TestType] [  471] - Test case Id is---1
[INFO ][2015-11-10 18:26:14,137][com.java.TestType] [  473] - 1
[INFO ][2015-11-10 18:26:14,137][com.java.TestType] [  468] -  str(2) = 11
[INFO ][2015-11-10 18:26:14,137][com.java.TestType] [  520] - row values are--------{1=com.java.Objects.TestDataDetails@1866c25, 2=com.java.Objects.TestDataDetails@a4f1d0, 3=com.java.Objects.TestDataDetails@ac5f11, 4=com.java.Objects.TestDataDetails@9a98b9, 5=com.java.Objects.TestDataDetails@12305e8, 6=com.java.Objects.TestDataDetails@56e5d8, 7=com.java.Objects.TestDataDetails@54177e, 8=com.java.Objects.TestDataDetails@6b7485, 9=com.java.Objects.TestDataDetails@223ed2, 10=com.java.Objects.TestDataDetails@1c8704e, 11=com.java.Objects.TestDataDetails@b519aa}
[INFO ][2015-11-10 18:26:14,137][com.java.TestType] [  468] -  str(1) = 1
[INFO ][2015-11-10 18:26:14,137][com.java.TestType] [  471] - Test case Id is---1
[INFO ][2015-11-10 18:26:14,137][com.java.TestType] [  473] - 1
[INFO ][2015-11-10 18:26:14,137][com.java.TestType] [  468] -  str(2) = 12
[INFO ][2015-11-10 18:26:14,137][com.java.TestType] [  520] - row values are--------{1=com.java.Objects.TestDataDetails@1866c25, 2=com.java.Objects.TestDataDetails@a4f1d0, 3=com.java.Objects.TestDataDetails@ac5f11, 4=com.java.Objects.TestDataDetails@9a98b9, 5=com.java.Objects.TestDataDetails@12305e8, 6=com.java.Objects.TestDataDetails@56e5d8, 7=com.java.Objects.TestDataDetails@54177e, 8=com.java.Objects.TestDataDetails@6b7485, 9=com.java.Objects.TestDataDetails@223ed2, 10=com.java.Objects.TestDataDetails@1c8704e, 11=com.java.Objects.TestDataDetails@b519aa, 12=com.java.Objects.TestDataDetails@1ab0137}
[INFO ][2015-11-10 18:26:14,137][com.java.TestType] [  468] -  str(1) = 1
[INFO ][2015-11-10 18:26:14,137][com.java.TestType] [  471] - Test case Id is---1
[INFO ][2015-11-10 18:26:14,137][com.java.TestType] [  473] - 1
[INFO ][2015-11-10 18:26:14,137][com.java.TestType] [  468] -  str(2) = 13
[INFO ][2015-11-10 18:26:14,137][com.java.TestType] [  520] - row values are--------{1=com.java.Objects.TestDataDetails@1866c25, 2=com.java.Objects.TestDataDetails@a4f1d0, 3=com.java.Objects.TestDataDetails@ac5f11, 4=com.java.Objects.TestDataDetails@9a98b9, 5=com.java.Objects.TestDataDetails@12305e8, 6=com.java.Objects.TestDataDetails@56e5d8, 7=com.java.Objects.TestDataDetails@54177e, 8=com.java.Objects.TestDataDetails@6b7485, 9=com.java.Objects.TestDataDetails@223ed2, 10=com.java.Objects.TestDataDetails@1c8704e, 11=com.java.Objects.TestDataDetails@b519aa, 12=com.java.Objects.TestDataDetails@1ab0137, 13=com.java.Objects.TestDataDetails@d232a}
[INFO ][2015-11-10 18:26:14,137][com.java.TestType] [  468] -  str(1) = 1
[INFO ][2015-11-10 18:26:14,137][com.java.TestType] [  471] - Test case Id is---1
[INFO ][2015-11-10 18:26:14,137][com.java.TestType] [  473] - 1
[INFO ][2015-11-10 18:26:14,137][com.java.TestType] [  468] -  str(2) = 14
[INFO ][2015-11-10 18:26:14,137][com.java.TestType] [  520] - row values are--------{1=com.java.Objects.TestDataDetails@1866c25, 2=com.java.Objects.TestDataDetails@a4f1d0, 3=com.java.Objects.TestDataDetails@ac5f11, 4=com.java.Objects.TestDataDetails@9a98b9, 5=com.java.Objects.TestDataDetails@12305e8, 6=com.java.Objects.TestDataDetails@56e5d8, 7=com.java.Objects.TestDataDetails@54177e, 8=com.java.Objects.TestDataDetails@6b7485, 9=com.java.Objects.TestDataDetails@223ed2, 10=com.java.Objects.TestDataDetails@1c8704e, 11=com.java.Objects.TestDataDetails@b519aa, 12=com.java.Objects.TestDataDetails@1ab0137, 13=com.java.Objects.TestDataDetails@d232a, 14=com.java.Objects.TestDataDetails@f7f845}
[INFO ][2015-11-10 18:26:14,137][com.java.TestType] [ 8348] - Looping 1TCID = 1
[DEBUG][2015-11-10 18:26:14,137][com.java.TestType] [ 8389] - Concept ID:1 :: Step being Executed: 1::1
[INFO ][2015-11-10 18:26:14,137][com.java.TestType] [ 8427] - dataFields : TXTusername
[DEBUG][2015-11-10 18:26:14,137][com.java.TestType] [ 8433] - <In Set values of the page>
[DEBUG][2015-11-10 18:26:14,137][com.java.TestType] [ 8438] - {Data Fields & Data Values Exist}
[INFO ][2015-11-10 18:26:14,137][com.java.TestType] [ 8444] - --------------------------setting values-----------------------------
[INFO ][2015-11-10 18:26:14,137][com.java.TestType] [ 8447] - Action Type : CLEARANDENTER
[INFO ][2015-11-10 18:26:14,137][com.java.TestType] [ 4140] - value = naresh.nayini.00000
[INFO ][2015-11-10 18:26:18,986][com.java.TestType] [ 8466] -  RESULT true
[INFO ][2015-11-10 18:26:18,986][com.java.TestType] [ 8583] - ?   P A S S   ?
[DEBUG][2015-11-10 18:26:18,986][com.java.TestType] [ 8389] - Concept ID:1 :: Step being Executed: 1::2
[INFO ][2015-11-10 18:26:18,986][com.java.TestType] [ 8427] - dataFields : TXTpassword
[DEBUG][2015-11-10 18:26:18,986][com.java.TestType] [ 8433] - <In Set values of the page>
[DEBUG][2015-11-10 18:26:18,986][com.java.TestType] [ 8438] - {Data Fields & Data Values Exist}
[INFO ][2015-11-10 18:26:18,986][com.java.TestType] [ 8444] - --------------------------setting values-----------------------------
[INFO ][2015-11-10 18:26:18,986][com.java.TestType] [ 8447] - Action Type : CLEARANDENTER
[INFO ][2015-11-10 18:26:18,986][com.java.TestType] [ 4140] - value = Password1*
[INFO ][2015-11-10 18:26:23,979][com.java.TestType] [ 8466] -  RESULT true
[INFO ][2015-11-10 18:26:23,979][com.java.TestType] [ 8583] - ?   P A S S   ?
[DEBUG][2015-11-10 18:26:23,979][com.java.TestType] [ 8389] - Concept ID:1 :: Step being Executed: 1::3
[ERROR][2015-11-10 18:26:23,979][com.java.TestType] [ 8422] - Exception: null
[INFO ][2015-11-10 18:26:23,979][com.java.TestType] [ 8427] - dataFields : XPH//button[@type='submit']
[DEBUG][2015-11-10 18:26:23,979][com.java.TestType] [ 8433] - <In Set values of the page>
[DEBUG][2015-11-10 18:26:23,979][com.java.TestType] [ 8438] - {Data Fields & Data Values Exist}
[INFO ][2015-11-10 18:26:23,979][com.java.TestType] [ 8444] - --------------------------setting values-----------------------------
[INFO ][2015-11-10 18:26:23,979][com.java.TestType] [ 8447] - Action Type : Click
[INFO ][2015-11-10 18:26:23,979][com.java.TestType] [ 4453] - Field ::XPH//button[@type='submit']
[INFO ][2015-11-10 18:26:24,979][com.java.TestType] [ 4512] - BEFORE CLICK
[INFO ][2015-11-10 18:26:35,309][com.java.TestType] [ 4520] - Unable to click the object Login
[INFO ][2015-11-10 18:26:35,309][com.java.TestType] [ 8466] -  RESULT true
[INFO ][2015-11-10 18:26:35,309][com.java.TestType] [ 8583] - ?   P A S S   ?
[DEBUG][2015-11-10 18:26:35,309][com.java.TestType] [ 8389] - Concept ID:1 :: Step being Executed: 1::4
[INFO ][2015-11-10 18:26:35,309][com.java.TestType] [ 8427] - dataFields : LNKLogout
[DEBUG][2015-11-10 18:26:35,309][com.java.TestType] [ 8433] - <In Set values of the page>
[DEBUG][2015-11-10 18:26:35,309][com.java.TestType] [ 8438] - {Data Fields & Data Values Exist}
[INFO ][2015-11-10 18:26:35,309][com.java.TestType] [ 8444] - --------------------------setting values-----------------------------
[INFO ][2015-11-10 18:26:35,309][com.java.TestType] [ 8447] - Action Type : WaitForElement
[INFO ][2015-11-10 18:26:35,350][com.java.TestType] [ 8466] -  RESULT true
[INFO ][2015-11-10 18:26:35,350][com.java.TestType] [ 8583] - ?   P A S S   ?
[DEBUG][2015-11-10 18:26:35,350][com.java.TestType] [ 8389] - Concept ID:1 :: Step being Executed: 1::13
[INFO ][2015-11-10 18:26:35,350][com.java.TestType] [ 8427] - dataFields : LNK
[DEBUG][2015-11-10 18:26:35,350][com.java.TestType] [ 8433] - <In Set values of the page>
[DEBUG][2015-11-10 18:26:35,350][com.java.TestType] [ 8438] - {Data Fields & Data Values Exist}
[INFO ][2015-11-10 18:26:35,350][com.java.TestType] [ 8444] - --------------------------setting values-----------------------------
[INFO ][2015-11-10 18:26:35,350][com.java.TestType] [ 8447] - Action Type : Verify
[INFO ][2015-11-10 18:26:35,350][com.java.TestType] [ 5247] - field= LNK value= Logout
[INFO ][2015-11-10 18:26:35,350][com.java.TestType] [ 4140] - value = Logout
[INFO ][2015-11-10 18:26:35,380][com.java.TestType] [ 8466] -  RESULT true
[INFO ][2015-11-10 18:26:35,380][com.java.TestType] [ 8583] - ?   P A S S   ?
[DEBUG][2015-11-10 18:26:35,380][com.java.TestType] [ 8389] - Concept ID:1 :: Step being Executed: 1::14
[INFO ][2015-11-10 18:26:35,380][com.java.TestType] [ 8427] - dataFields : BTN
[DEBUG][2015-11-10 18:26:35,380][com.java.TestType] [ 8433] - <In Set values of the page>
[DEBUG][2015-11-10 18:26:35,380][com.java.TestType] [ 8438] - {Data Fields & Data Values Exist}
[INFO ][2015-11-10 18:26:35,380][com.java.TestType] [ 8444] - --------------------------setting values-----------------------------
[INFO ][2015-11-10 18:26:35,380][com.java.TestType] [ 8447] - Action Type : Verify
[INFO ][2015-11-10 18:26:35,380][com.java.TestType] [ 5247] - field= BTN value= //img[contains(@src,'bdlogo.jpg')]
[INFO ][2015-11-10 18:26:35,380][com.java.TestType] [ 4140] - value = //img[contains(@src,'bdlogo.jpg')]
[INFO ][2015-11-10 18:26:35,410][com.java.TestType] [ 8466] -  RESULT true
[INFO ][2015-11-10 18:26:35,410][com.java.TestType] [ 8583] - ?   P A S S   ?
[INFO ][2015-11-10 18:26:35,410][com.java.TestType] [ 8654] - Looping End......
[INFO ][2015-11-10 18:26:35,410][com.java.SeleniumDriver] [  869] -  RESULT true
[INFO ][2015-11-10 18:26:35,410][com.java.SeleniumDriver] [ 1074] - ?   P A S S   ?
[INFO ][2015-11-10 18:26:35,410][com.java.SeleniumDriver] [  796] - ------------------------------------------
[INFO ][2015-11-10 18:26:35,410][com.java.SeleniumDriver] [  797] - Test case being Executed: 3
[INFO ][2015-11-10 18:26:35,410][com.java.SeleniumDriver] [  808] - Test step:3
[INFO ][2015-11-10 18:26:35,410][com.java.SeleniumDriver] [  820] - Datavalue is----------Concept#2:1-2
[INFO ][2015-11-10 18:26:35,410][com.java.SeleniumDriver] [  844] - DataField : test
[INFO ][2015-11-10 18:26:35,410][com.java.SeleniumDriver] [  846] - DataValue : Concept#2:1-2
[INFO ][2015-11-10 18:26:35,410][com.java.SeleniumDriver] [  852] - <In Set values of the page>
[INFO ][2015-11-10 18:26:35,410][com.java.SeleniumDriver] [  855] - {Data Fields & Data Values Exist}
[INFO ][2015-11-10 18:26:35,410][com.java.SeleniumDriver] [  857] - --------------------------setting values-----------------------------
[INFO ][2015-11-10 18:26:35,410][com.java.SeleniumDriver] [  860] - Action Type : ExecuteTestCase
[INFO ][2015-11-10 18:26:35,410][com.java.TestType] [  423] - The Concept sheet name is ---------- Concept
[INFO ][2015-11-10 18:26:35,410][com.java.TestType] [  426] - The Concept ID  is ---------- 2
[DEBUG][2015-11-10 18:26:35,410][com.java.TestType] [  430] - Steps being executted in the Concept are: 1:2
[INFO ][2015-11-10 18:26:35,410][com.java.TestType] [  437] - Test data details path ---------- D:\BankersDashboard\TestInputs\TestData.xls
[INFO ][2015-11-10 18:26:35,440][com.java.TestType] [  468] -  str(1) = 2
[INFO ][2015-11-10 18:26:35,440][com.java.TestType] [  471] - Test case Id is---2
[INFO ][2015-11-10 18:26:35,440][com.java.TestType] [  473] - 2
[INFO ][2015-11-10 18:26:35,440][com.java.TestType] [  468] -  str(2) = 1
[INFO ][2015-11-10 18:26:35,440][com.java.TestType] [  520] - row values are--------{1=com.java.Objects.TestDataDetails@1ede357}
[INFO ][2015-11-10 18:26:35,440][com.java.TestType] [  468] -  str(1) = 2
[INFO ][2015-11-10 18:26:35,440][com.java.TestType] [  471] - Test case Id is---2
[INFO ][2015-11-10 18:26:35,440][com.java.TestType] [  473] - 2
[INFO ][2015-11-10 18:26:35,440][com.java.TestType] [  468] -  str(2) = 2
[INFO ][2015-11-10 18:26:35,440][com.java.TestType] [  520] - row values are--------{1=com.java.Objects.TestDataDetails@1ede357, 2=com.java.Objects.TestDataDetails@4c55b9}
[INFO ][2015-11-10 18:26:35,440][com.java.TestType] [  468] -  str(1) = 2
[INFO ][2015-11-10 18:26:35,440][com.java.TestType] [  471] - Test case Id is---2
[INFO ][2015-11-10 18:26:35,450][com.java.TestType] [  473] - 2
[INFO ][2015-11-10 18:26:35,450][com.java.TestType] [  468] -  str(2) = 3
[INFO ][2015-11-10 18:26:35,450][com.java.TestType] [  520] - row values are--------{1=com.java.Objects.TestDataDetails@1ede357, 2=com.java.Objects.TestDataDetails@4c55b9, 3=com.java.Objects.TestDataDetails@af011}
[INFO ][2015-11-10 18:26:35,450][com.java.TestType] [ 8348] - Looping 1TCID = 2
[DEBUG][2015-11-10 18:26:35,450][com.java.TestType] [ 8389] - Concept ID:2 :: Step being Executed: 2::1
[INFO ][2015-11-10 18:26:35,450][com.java.TestType] [ 8427] - dataFields : BNK//select[@id='bank']
[DEBUG][2015-11-10 18:26:35,450][com.java.TestType] [ 8433] - <In Set values of the page>
[DEBUG][2015-11-10 18:26:35,450][com.java.TestType] [ 8438] - {Data Fields & Data Values Exist}
[INFO ][2015-11-10 18:26:35,450][com.java.TestType] [ 8444] - --------------------------setting values-----------------------------
[INFO ][2015-11-10 18:26:35,450][com.java.TestType] [ 8447] - Action Type : Select
[INFO ][2015-11-10 18:26:35,450][com.java.TestType] [ 4140] - value = PFC
[INFO ][2015-11-10 18:26:35,640][com.java.TestType] [ 8466] -  RESULT true
[INFO ][2015-11-10 18:26:35,640][com.java.TestType] [ 8583] - ?   P A S S   ?
[DEBUG][2015-11-10 18:26:35,640][com.java.TestType] [ 8389] - Concept ID:2 :: Step being Executed: 2::2
[INFO ][2015-11-10 18:26:35,640][com.java.TestType] [ 8427] - dataFields : LNKLogout
[DEBUG][2015-11-10 18:26:35,640][com.java.TestType] [ 8433] - <In Set values of the page>
[DEBUG][2015-11-10 18:26:35,640][com.java.TestType] [ 8438] - {Data Fields & Data Values Exist}
[INFO ][2015-11-10 18:26:35,640][com.java.TestType] [ 8444] - --------------------------setting values-----------------------------
[INFO ][2015-11-10 18:26:35,640][com.java.TestType] [ 8447] - Action Type : WaitTime
[DEBUG][2015-11-10 18:26:35,640][com.java.TestType] [ 3975] - sleepTime: 5000
[INFO ][2015-11-10 18:26:40,640][com.java.TestType] [ 8466] -  RESULT true
[INFO ][2015-11-10 18:26:40,640][com.java.TestType] [ 8583] - ?   P A S S   ?
[INFO ][2015-11-10 18:26:40,640][com.java.TestType] [ 8654] - Looping End......
[INFO ][2015-11-10 18:26:40,640][com.java.SeleniumDriver] [  869] -  RESULT true
[INFO ][2015-11-10 18:26:40,640][com.java.SeleniumDriver] [ 1074] - ?   P A S S   ?
[INFO ][2015-11-10 18:26:40,640][com.java.SeleniumDriver] [  796] - ------------------------------------------
[INFO ][2015-11-10 18:26:40,640][com.java.SeleniumDriver] [  797] - Test case being Executed: 3
[INFO ][2015-11-10 18:26:40,640][com.java.SeleniumDriver] [  808] - Test step:4
[INFO ][2015-11-10 18:26:40,640][com.java.SeleniumDriver] [  820] - Datavalue is----------2
[INFO ][2015-11-10 18:26:40,640][com.java.SeleniumDriver] [  844] - DataField : BTNG/L
[INFO ][2015-11-10 18:26:40,640][com.java.SeleniumDriver] [  846] - DataValue : 2
[INFO ][2015-11-10 18:26:40,640][com.java.SeleniumDriver] [  852] - <In Set values of the page>
[INFO ][2015-11-10 18:26:40,640][com.java.SeleniumDriver] [  855] - {Data Fields & Data Values Exist}
[INFO ][2015-11-10 18:26:40,640][com.java.SeleniumDriver] [  857] - --------------------------setting values-----------------------------
[INFO ][2015-11-10 18:26:40,640][com.java.SeleniumDriver] [  860] - Action Type : WAITFORELEMENT
[INFO ][2015-11-10 18:26:40,691][com.java.SeleniumDriver] [  869] -  RESULT true
[INFO ][2015-11-10 18:26:40,691][com.java.SeleniumDriver] [ 1074] - ?   P A S S   ?
[INFO ][2015-11-10 18:26:40,691][com.java.SeleniumDriver] [  796] - ------------------------------------------
[INFO ][2015-11-10 18:26:40,691][com.java.SeleniumDriver] [  797] - Test case being Executed: 3
[INFO ][2015-11-10 18:26:40,691][com.java.SeleniumDriver] [  808] - Test step:5
[INFO ][2015-11-10 18:26:40,691][com.java.SeleniumDriver] [  820] - Datavalue is----------null
[DEBUG][2015-11-10 18:26:40,691][com.java.SeleniumDriver] [  838] - Exception: null
[INFO ][2015-11-10 18:26:40,691][com.java.SeleniumDriver] [  844] - DataField : //span[@class="icon-coin"]&&//a[text()='Summaries']&&//a[@data-id="ExecutiveSummary"]
[INFO ][2015-11-10 18:26:40,691][com.java.SeleniumDriver] [  846] - DataValue : 
[INFO ][2015-11-10 18:26:40,691][com.java.SeleniumDriver] [  852] - <In Set values of the page>
[INFO ][2015-11-10 18:26:40,691][com.java.SeleniumDriver] [  855] - {Data Fields & Data Values Exist}
[INFO ][2015-11-10 18:26:40,691][com.java.SeleniumDriver] [  857] - --------------------------setting values-----------------------------
[INFO ][2015-11-10 18:26:40,691][com.java.SeleniumDriver] [  860] - Action Type : MOUSEOVER
[INFO ][2015-11-10 18:27:12,439][com.java.SeleniumDriver] [  869] -  RESULT true
[INFO ][2015-11-10 18:27:12,439][com.java.SeleniumDriver] [ 1074] - ?   P A S S   ?
[INFO ][2015-11-10 18:27:12,439][com.java.SeleniumDriver] [  796] - ------------------------------------------
[INFO ][2015-11-10 18:27:12,439][com.java.SeleniumDriver] [  797] - Test case being Executed: 3
[INFO ][2015-11-10 18:27:12,439][com.java.SeleniumDriver] [  808] - Test step:6
[INFO ][2015-11-10 18:27:12,439][com.java.SeleniumDriver] [  820] - Datavalue is----------3
[INFO ][2015-11-10 18:27:12,439][com.java.SeleniumDriver] [  844] - DataField : XPH//span[contains(text(),'Show Report')]
[INFO ][2015-11-10 18:27:12,439][com.java.SeleniumDriver] [  846] - DataValue : 3
[INFO ][2015-11-10 18:27:12,439][com.java.SeleniumDriver] [  852] - <In Set values of the page>
[INFO ][2015-11-10 18:27:12,439][com.java.SeleniumDriver] [  855] - {Data Fields & Data Values Exist}
[INFO ][2015-11-10 18:27:12,439][com.java.SeleniumDriver] [  857] - --------------------------setting values-----------------------------
[INFO ][2015-11-10 18:27:12,439][com.java.SeleniumDriver] [  860] - Action Type : WAITFORELEMENT
[INFO ][2015-11-10 18:27:12,470][com.java.SeleniumDriver] [  869] -  RESULT true
[INFO ][2015-11-10 18:27:12,470][com.java.SeleniumDriver] [ 1074] - ?   P A S S   ?
[INFO ][2015-11-10 18:27:12,470][com.java.SeleniumDriver] [  796] - ------------------------------------------
[INFO ][2015-11-10 18:27:12,470][com.java.SeleniumDriver] [  797] - Test case being Executed: 3
[INFO ][2015-11-10 18:27:12,470][com.java.SeleniumDriver] [  808] - Test step:7
[INFO ][2015-11-10 18:27:12,470][com.java.SeleniumDriver] [  820] - Datavalue is----------3
[INFO ][2015-11-10 18:27:12,470][com.java.SeleniumDriver] [  844] - DataField : BTNframeDialogContent
[INFO ][2015-11-10 18:27:12,470][com.java.SeleniumDriver] [  846] - DataValue : 3
[INFO ][2015-11-10 18:27:12,470][com.java.SeleniumDriver] [  852] - <In Set values of the page>
[INFO ][2015-11-10 18:27:12,470][com.java.SeleniumDriver] [  855] - {Data Fields & Data Values Exist}
[INFO ][2015-11-10 18:27:12,470][com.java.SeleniumDriver] [  857] - --------------------------setting values-----------------------------
[INFO ][2015-11-10 18:27:12,470][com.java.SeleniumDriver] [  860] - Action Type : WAITFORELEMENT
[INFO ][2015-11-10 18:27:13,680][com.java.SeleniumDriver] [  869] -  RESULT true
[INFO ][2015-11-10 18:27:13,680][com.java.SeleniumDriver] [ 1074] - ?   P A S S   ?
[INFO ][2015-11-10 18:27:13,680][com.java.SeleniumDriver] [  796] - ------------------------------------------
[INFO ][2015-11-10 18:27:13,680][com.java.SeleniumDriver] [  797] - Test case being Executed: 3
[INFO ][2015-11-10 18:27:13,680][com.java.SeleniumDriver] [  808] - Test step:8
[INFO ][2015-11-10 18:27:13,680][com.java.SeleniumDriver] [  820] - Datavalue is----------Executive Summary
[INFO ][2015-11-10 18:27:13,680][com.java.SeleniumDriver] [  844] - DataField : XPH//div[contains(@class,'ui-dialog-titlebar')]/span[@class="ui-dialog-title"]
[INFO ][2015-11-10 18:27:13,680][com.java.SeleniumDriver] [  846] - DataValue : Executive Summary
[INFO ][2015-11-10 18:27:13,680][com.java.SeleniumDriver] [  852] - <In Set values of the page>
[INFO ][2015-11-10 18:27:13,680][com.java.SeleniumDriver] [  855] - {Data Fields & Data Values Exist}
[INFO ][2015-11-10 18:27:13,680][com.java.SeleniumDriver] [  857] - --------------------------setting values-----------------------------
[INFO ][2015-11-10 18:27:13,680][com.java.SeleniumDriver] [  860] - Action Type : VERIFY
[INFO ][2015-11-10 18:27:13,680][com.java.TestType] [ 5247] - field= XPH//div[contains(@class,'ui-dialog-titlebar')]/span[@class="ui-dialog-title"] value= Executive Summary
[INFO ][2015-11-10 18:27:13,680][com.java.TestType] [ 4140] - value = Executive Summary
