[INFO ][2015-11-04 19:50:48,135][com.java.SeleniumDriver] [  213] - Execute Failed Casesfalse
[INFO ][2015-11-04 19:50:48,135][com.java.SeleniumDriver] [  214] - Browser: IE11
[INFO ][2015-11-04 19:50:48,135][com.java.SeleniumDriver] [  215] - [1, 11]
[INFO ][2015-11-04 19:50:48,135][com.java.SeleniumDriver] [  216] - Total TestCases:2
[INFO ][2015-11-04 19:50:48,135][com.java.SeleniumDriver] [  217] -  Reading Properties from Property File 
[DEBUG][2015-11-04 19:50:48,136][com.java.SeleniumDriver] [  238] - url : https://clients-xuat.bankersdashboard.com
[INFO ][2015-11-04 19:50:48,138][com.java.ImportnExport.ExportTestResultsExcel] [  116] - Time Stamp Wed Nov 04 07:50:48 IST 2015
[INFO ][2015-11-04 19:50:48,138][com.java.ImportnExport.ExportTestResultsExcel] [  175] - OUT FILE : D:\BankersDashboard/TestReports/Test Results_BankersDashBoard_110415_195048_IE11_Simmons First National Bank.xls
[INFO ][2015-11-04 19:50:48,168][com.java.ImportnExport.ExportTestResultsExcel] [  180] - Test Result file is created
[DEBUG][2015-11-04 19:50:48,277][com.java.SeleniumDriver] [  425] - Hub ip address is-------172.17.68.34
[INFO ][2015-11-04 19:50:48,278][com.java.SeleniumDriver] [  451] - Grid URL:http://172.17.68.34:4444/wd/hub
[INFO ][2015-11-04 19:50:48,278][com.java.SeleniumDriver] [  452] - Capability:Capabilities [{platform=ANY, ensureCleanSession=true, ignoreProtectedModeSettings=true, acceptSslCerts=true, ignoreZoomSetting=true, browserName=internet explorer, browserstack.ie.noFlash=true, version=Node1}]
[ERROR][2015-11-04 19:50:49,626][com.java.SeleniumDriver] [  496] - Unable invoke browser in grid:Could not start a new session. Possible causes are invalid address of the remote server or browser start-up failure.
Build info: version: '2.48.2', revision: '41bccdd', time: '2015-10-09 19:59:12'
System info: host: 'FVTIII438F1D', ip: '172.17.68.34', os.name: 'Windows 7', os.arch: 'x86', os.version: '6.1', java.version: '1.7.0_55'
Driver info: driver.version: SeleniumDriver
[INFO ][2015-11-04 19:50:49,626][com.java.SeleniumDriver] [  498] - Executing on local machine
[INFO ][2015-11-04 19:50:58,854][com.java.SeleniumDriver] [  248] - IE11is opened
[INFO ][2015-11-04 19:50:59,745][com.java.SeleniumDriver] [  752] - Test cases to be executed are: [1, 11]
[INFO ][2015-11-04 19:50:59,745][com.java.ImportnExport.ImportTestDataDetailsExcel] [   49] - test data details path===== D:\BankersDashboard\TestInputs\TestData.xls
[INFO ][2015-11-04 19:51:10,776][com.java.SeleniumDriver] [  788] - ------------------------------------------
[INFO ][2015-11-04 19:51:10,776][com.java.SeleniumDriver] [  789] - Test case being Executed: 1
[INFO ][2015-11-04 19:51:10,811][com.java.SeleniumDriver] [  800] - Test step:1
[INFO ][2015-11-04 19:51:10,812][com.java.SeleniumDriver] [  812] - Datavalue is----------Concept#1:1-14
[INFO ][2015-11-04 19:51:10,812][com.java.SeleniumDriver] [  836] - DataField : test
[INFO ][2015-11-04 19:51:10,812][com.java.SeleniumDriver] [  838] - DataValue : Concept#1:1-14
[INFO ][2015-11-04 19:51:10,812][com.java.SeleniumDriver] [  844] - <In Set values of the page>
[INFO ][2015-11-04 19:51:10,812][com.java.SeleniumDriver] [  847] - {Data Fields & Data Values Exist}
[INFO ][2015-11-04 19:51:10,812][com.java.SeleniumDriver] [  849] - --------------------------setting values-----------------------------
[INFO ][2015-11-04 19:51:10,812][com.java.SeleniumDriver] [  852] - Action Type : ExecuteTestCase
[INFO ][2015-11-04 19:51:10,847][com.java.TestType] [  411] - The Concept sheet name is ---------- Concept
[INFO ][2015-11-04 19:51:10,847][com.java.TestType] [  414] - The Concept ID  is ---------- 1
[DEBUG][2015-11-04 19:51:10,847][com.java.TestType] [  418] - Steps being executted in the Concept are: 1:14
[INFO ][2015-11-04 19:51:10,848][com.java.TestType] [  425] - Test data details path ---------- D:\BankersDashboard\TestInputs\TestData.xls
[INFO ][2015-11-04 19:51:10,880][com.java.TestType] [  456] -  str(1) = 1
[INFO ][2015-11-04 19:51:10,880][com.java.TestType] [  459] - Test case Id is---1
[INFO ][2015-11-04 19:51:10,880][com.java.TestType] [  461] - 1
[INFO ][2015-11-04 19:51:10,880][com.java.TestType] [  456] -  str(2) = 1
[INFO ][2015-11-04 19:51:10,882][com.java.TestType] [  508] - row values are--------{1=com.java.Objects.TestDataDetails@a1c81e}
[INFO ][2015-11-04 19:51:10,883][com.java.TestType] [  456] -  str(1) = 1
[INFO ][2015-11-04 19:51:10,883][com.java.TestType] [  459] - Test case Id is---1
[INFO ][2015-11-04 19:51:10,883][com.java.TestType] [  461] - 1
[INFO ][2015-11-04 19:51:10,883][com.java.TestType] [  456] -  str(2) = 2
[INFO ][2015-11-04 19:51:10,884][com.java.TestType] [  508] - row values are--------{1=com.java.Objects.TestDataDetails@a1c81e, 2=com.java.Objects.TestDataDetails@156b4b}
[INFO ][2015-11-04 19:51:10,884][com.java.TestType] [  456] -  str(1) = 1
[INFO ][2015-11-04 19:51:10,885][com.java.TestType] [  459] - Test case Id is---1
[INFO ][2015-11-04 19:51:10,885][com.java.TestType] [  461] - 1
[INFO ][2015-11-04 19:51:10,885][com.java.TestType] [  456] -  str(2) = 3
[INFO ][2015-11-04 19:51:10,886][com.java.TestType] [  508] - row values are--------{1=com.java.Objects.TestDataDetails@a1c81e, 2=com.java.Objects.TestDataDetails@156b4b, 3=com.java.Objects.TestDataDetails@84731c}
[INFO ][2015-11-04 19:51:10,886][com.java.TestType] [  456] -  str(1) = 1
[INFO ][2015-11-04 19:51:10,886][com.java.TestType] [  459] - Test case Id is---1
[INFO ][2015-11-04 19:51:10,886][com.java.TestType] [  461] - 1
[INFO ][2015-11-04 19:51:10,887][com.java.TestType] [  456] -  str(2) = 4
[INFO ][2015-11-04 19:51:10,888][com.java.TestType] [  508] - row values are--------{1=com.java.Objects.TestDataDetails@a1c81e, 2=com.java.Objects.TestDataDetails@156b4b, 3=com.java.Objects.TestDataDetails@84731c, 4=com.java.Objects.TestDataDetails@1b17d6}
[INFO ][2015-11-04 19:51:10,888][com.java.TestType] [  456] -  str(1) = 1
[INFO ][2015-11-04 19:51:10,888][com.java.TestType] [  459] - Test case Id is---1
[INFO ][2015-11-04 19:51:10,888][com.java.TestType] [  461] - 1
[INFO ][2015-11-04 19:51:10,888][com.java.TestType] [  456] -  str(2) = 5
[INFO ][2015-11-04 19:51:10,889][com.java.TestType] [  508] - row values are--------{1=com.java.Objects.TestDataDetails@a1c81e, 2=com.java.Objects.TestDataDetails@156b4b, 3=com.java.Objects.TestDataDetails@84731c, 4=com.java.Objects.TestDataDetails@1b17d6, 5=com.java.Objects.TestDataDetails@2ec80b}
[INFO ][2015-11-04 19:51:10,890][com.java.TestType] [  456] -  str(1) = 1
[INFO ][2015-11-04 19:51:10,890][com.java.TestType] [  459] - Test case Id is---1
[INFO ][2015-11-04 19:51:10,890][com.java.TestType] [  461] - 1
[INFO ][2015-11-04 19:51:10,890][com.java.TestType] [  456] -  str(2) = 6
[INFO ][2015-11-04 19:51:10,891][com.java.TestType] [  508] - row values are--------{1=com.java.Objects.TestDataDetails@a1c81e, 2=com.java.Objects.TestDataDetails@156b4b, 3=com.java.Objects.TestDataDetails@84731c, 4=com.java.Objects.TestDataDetails@1b17d6, 5=com.java.Objects.TestDataDetails@2ec80b, 6=com.java.Objects.TestDataDetails@d7ad74}
[INFO ][2015-11-04 19:51:10,891][com.java.TestType] [  456] -  str(1) = 1
[INFO ][2015-11-04 19:51:10,891][com.java.TestType] [  459] - Test case Id is---1
[INFO ][2015-11-04 19:51:10,891][com.java.TestType] [  461] - 1
[INFO ][2015-11-04 19:51:10,891][com.java.TestType] [  456] -  str(2) = 7
[INFO ][2015-11-04 19:51:10,892][com.java.TestType] [  508] - row values are--------{1=com.java.Objects.TestDataDetails@a1c81e, 2=com.java.Objects.TestDataDetails@156b4b, 3=com.java.Objects.TestDataDetails@84731c, 4=com.java.Objects.TestDataDetails@1b17d6, 5=com.java.Objects.TestDataDetails@2ec80b, 6=com.java.Objects.TestDataDetails@d7ad74, 7=com.java.Objects.TestDataDetails@1f01f1c}
[INFO ][2015-11-04 19:51:10,892][com.java.TestType] [  456] -  str(1) = 1
[INFO ][2015-11-04 19:51:10,892][com.java.TestType] [  459] - Test case Id is---1
[INFO ][2015-11-04 19:51:10,892][com.java.TestType] [  461] - 1
[INFO ][2015-11-04 19:51:10,892][com.java.TestType] [  456] -  str(2) = 8
[INFO ][2015-11-04 19:51:10,893][com.java.TestType] [  508] - row values are--------{1=com.java.Objects.TestDataDetails@a1c81e, 2=com.java.Objects.TestDataDetails@156b4b, 3=com.java.Objects.TestDataDetails@84731c, 4=com.java.Objects.TestDataDetails@1b17d6, 5=com.java.Objects.TestDataDetails@2ec80b, 6=com.java.Objects.TestDataDetails@d7ad74, 7=com.java.Objects.TestDataDetails@1f01f1c, 8=com.java.Objects.TestDataDetails@18f46d2}
[INFO ][2015-11-04 19:51:10,893][com.java.TestType] [  456] -  str(1) = 1
[INFO ][2015-11-04 19:51:10,893][com.java.TestType] [  459] - Test case Id is---1
[INFO ][2015-11-04 19:51:10,894][com.java.TestType] [  461] - 1
[INFO ][2015-11-04 19:51:10,894][com.java.TestType] [  456] -  str(2) = 9
[INFO ][2015-11-04 19:51:10,895][com.java.TestType] [  508] - row values are--------{1=com.java.Objects.TestDataDetails@a1c81e, 2=com.java.Objects.TestDataDetails@156b4b, 3=com.java.Objects.TestDataDetails@84731c, 4=com.java.Objects.TestDataDetails@1b17d6, 5=com.java.Objects.TestDataDetails@2ec80b, 6=com.java.Objects.TestDataDetails@d7ad74, 7=com.java.Objects.TestDataDetails@1f01f1c, 8=com.java.Objects.TestDataDetails@18f46d2, 9=com.java.Objects.TestDataDetails@381d76}
[INFO ][2015-11-04 19:51:10,895][com.java.TestType] [  456] -  str(1) = 1
[INFO ][2015-11-04 19:51:10,895][com.java.TestType] [  459] - Test case Id is---1
[INFO ][2015-11-04 19:51:10,895][com.java.TestType] [  461] - 1
[INFO ][2015-11-04 19:51:10,895][com.java.TestType] [  456] -  str(2) = 10
[INFO ][2015-11-04 19:51:10,896][com.java.TestType] [  508] - row values are--------{1=com.java.Objects.TestDataDetails@a1c81e, 2=com.java.Objects.TestDataDetails@156b4b, 3=com.java.Objects.TestDataDetails@84731c, 4=com.java.Objects.TestDataDetails@1b17d6, 5=com.java.Objects.TestDataDetails@2ec80b, 6=com.java.Objects.TestDataDetails@d7ad74, 7=com.java.Objects.TestDataDetails@1f01f1c, 8=com.java.Objects.TestDataDetails@18f46d2, 9=com.java.Objects.TestDataDetails@381d76, 10=com.java.Objects.TestDataDetails@1118948}
[INFO ][2015-11-04 19:51:10,896][com.java.TestType] [  456] -  str(1) = 1
[INFO ][2015-11-04 19:51:10,896][com.java.TestType] [  459] - Test case Id is---1
[INFO ][2015-11-04 19:51:10,896][com.java.TestType] [  461] - 1
[INFO ][2015-11-04 19:51:10,896][com.java.TestType] [  456] -  str(2) = 11
[INFO ][2015-11-04 19:51:10,899][com.java.TestType] [  508] - row values are--------{1=com.java.Objects.TestDataDetails@a1c81e, 2=com.java.Objects.TestDataDetails@156b4b, 3=com.java.Objects.TestDataDetails@84731c, 4=com.java.Objects.TestDataDetails@1b17d6, 5=com.java.Objects.TestDataDetails@2ec80b, 6=com.java.Objects.TestDataDetails@d7ad74, 7=com.java.Objects.TestDataDetails@1f01f1c, 8=com.java.Objects.TestDataDetails@18f46d2, 9=com.java.Objects.TestDataDetails@381d76, 10=com.java.Objects.TestDataDetails@1118948, 11=com.java.Objects.TestDataDetails@f9efe0}
[INFO ][2015-11-04 19:51:10,899][com.java.TestType] [  456] -  str(1) = 1
[INFO ][2015-11-04 19:51:10,899][com.java.TestType] [  459] - Test case Id is---1
[INFO ][2015-11-04 19:51:10,899][com.java.TestType] [  461] - 1
[INFO ][2015-11-04 19:51:10,899][com.java.TestType] [  456] -  str(2) = 12
[INFO ][2015-11-04 19:51:10,900][com.java.TestType] [  508] - row values are--------{1=com.java.Objects.TestDataDetails@a1c81e, 2=com.java.Objects.TestDataDetails@156b4b, 3=com.java.Objects.TestDataDetails@84731c, 4=com.java.Objects.TestDataDetails@1b17d6, 5=com.java.Objects.TestDataDetails@2ec80b, 6=com.java.Objects.TestDataDetails@d7ad74, 7=com.java.Objects.TestDataDetails@1f01f1c, 8=com.java.Objects.TestDataDetails@18f46d2, 9=com.java.Objects.TestDataDetails@381d76, 10=com.java.Objects.TestDataDetails@1118948, 11=com.java.Objects.TestDataDetails@f9efe0, 12=com.java.Objects.TestDataDetails@70b2f8}
[INFO ][2015-11-04 19:51:10,900][com.java.TestType] [  456] -  str(1) = 1
[INFO ][2015-11-04 19:51:10,900][com.java.TestType] [  459] - Test case Id is---1
[INFO ][2015-11-04 19:51:10,900][com.java.TestType] [  461] - 1
[INFO ][2015-11-04 19:51:10,900][com.java.TestType] [  456] -  str(2) = 13
[INFO ][2015-11-04 19:51:10,901][com.java.TestType] [  508] - row values are--------{1=com.java.Objects.TestDataDetails@a1c81e, 2=com.java.Objects.TestDataDetails@156b4b, 3=com.java.Objects.TestDataDetails@84731c, 4=com.java.Objects.TestDataDetails@1b17d6, 5=com.java.Objects.TestDataDetails@2ec80b, 6=com.java.Objects.TestDataDetails@d7ad74, 7=com.java.Objects.TestDataDetails@1f01f1c, 8=com.java.Objects.TestDataDetails@18f46d2, 9=com.java.Objects.TestDataDetails@381d76, 10=com.java.Objects.TestDataDetails@1118948, 11=com.java.Objects.TestDataDetails@f9efe0, 12=com.java.Objects.TestDataDetails@70b2f8, 13=com.java.Objects.TestDataDetails@1dff7ac}
[INFO ][2015-11-04 19:51:10,901][com.java.TestType] [  456] -  str(1) = 1
[INFO ][2015-11-04 19:51:10,901][com.java.TestType] [  459] - Test case Id is---1
[INFO ][2015-11-04 19:51:10,901][com.java.TestType] [  461] - 1
[INFO ][2015-11-04 19:51:10,901][com.java.TestType] [  456] -  str(2) = 14
[INFO ][2015-11-04 19:51:10,902][com.java.TestType] [  508] - row values are--------{1=com.java.Objects.TestDataDetails@a1c81e, 2=com.java.Objects.TestDataDetails@156b4b, 3=com.java.Objects.TestDataDetails@84731c, 4=com.java.Objects.TestDataDetails@1b17d6, 5=com.java.Objects.TestDataDetails@2ec80b, 6=com.java.Objects.TestDataDetails@d7ad74, 7=com.java.Objects.TestDataDetails@1f01f1c, 8=com.java.Objects.TestDataDetails@18f46d2, 9=com.java.Objects.TestDataDetails@381d76, 10=com.java.Objects.TestDataDetails@1118948, 11=com.java.Objects.TestDataDetails@f9efe0, 12=com.java.Objects.TestDataDetails@70b2f8, 13=com.java.Objects.TestDataDetails@1dff7ac, 14=com.java.Objects.TestDataDetails@145bbb7}
[INFO ][2015-11-04 19:51:10,902][com.java.TestType] [ 7901] - Looping 1TCID = 1
[DEBUG][2015-11-04 19:51:10,902][com.java.TestType] [ 7942] - Concept ID:1 :: Step being Executed: 1::1
[INFO ][2015-11-04 19:51:10,903][com.java.TestType] [ 7980] - dataFields : TXTusername
[DEBUG][2015-11-04 19:51:10,903][com.java.TestType] [ 7986] - <In Set values of the page>
[DEBUG][2015-11-04 19:51:10,903][com.java.TestType] [ 7991] - {Data Fields & Data Values Exist}
[INFO ][2015-11-04 19:51:10,903][com.java.TestType] [ 7997] - --------------------------setting values-----------------------------
[INFO ][2015-11-04 19:51:10,903][com.java.TestType] [ 8000] - Action Type : CLEARANDENTER
[INFO ][2015-11-04 19:51:10,903][com.java.TestType] [ 3752] - value = valuelabs.ie11.03890
[INFO ][2015-11-04 19:51:15,745][com.java.TestType] [ 8019] -  RESULT true
[INFO ][2015-11-04 19:51:15,746][com.java.TestType] [ 8136] - ?   P A S S   ?
[DEBUG][2015-11-04 19:51:15,746][com.java.TestType] [ 7942] - Concept ID:1 :: Step being Executed: 1::2
[INFO ][2015-11-04 19:51:15,746][com.java.TestType] [ 7980] - dataFields : TXTpassword
[DEBUG][2015-11-04 19:51:15,746][com.java.TestType] [ 7986] - <In Set values of the page>
[DEBUG][2015-11-04 19:51:15,746][com.java.TestType] [ 7991] - {Data Fields & Data Values Exist}
[INFO ][2015-11-04 19:51:15,746][com.java.TestType] [ 7997] - --------------------------setting values-----------------------------
[INFO ][2015-11-04 19:51:15,747][com.java.TestType] [ 8000] - Action Type : CLEARANDENTER
[INFO ][2015-11-04 19:51:15,747][com.java.TestType] [ 3752] - value = Password1*
[INFO ][2015-11-04 19:51:20,690][com.java.TestType] [ 8019] -  RESULT true
[INFO ][2015-11-04 19:51:20,690][com.java.TestType] [ 8136] - ?   P A S S   ?
[DEBUG][2015-11-04 19:51:20,690][com.java.TestType] [ 7942] - Concept ID:1 :: Step being Executed: 1::3
[ERROR][2015-11-04 19:51:20,691][com.java.TestType] [ 7975] - Exception: null
[INFO ][2015-11-04 19:51:20,691][com.java.TestType] [ 7980] - dataFields : XPH//button[@type='submit']
[DEBUG][2015-11-04 19:51:20,691][com.java.TestType] [ 7986] - <In Set values of the page>
[DEBUG][2015-11-04 19:51:20,691][com.java.TestType] [ 7991] - {Data Fields & Data Values Exist}
[INFO ][2015-11-04 19:51:20,691][com.java.TestType] [ 7997] - --------------------------setting values-----------------------------
[INFO ][2015-11-04 19:51:20,691][com.java.TestType] [ 8000] - Action Type : Click
[INFO ][2015-11-04 19:51:20,691][com.java.TestType] [ 4065] - Field ::XPH//button[@type='submit']
[INFO ][2015-11-04 19:51:21,695][com.java.TestType] [ 4124] - BEFORE CLICK
[INFO ][2015-11-04 19:51:22,590][com.java.TestType] [ 4132] - Unable to click the object Login
[INFO ][2015-11-04 19:51:22,590][com.java.TestType] [ 8019] -  RESULT true
[INFO ][2015-11-04 19:51:22,590][com.java.TestType] [ 8136] - ?   P A S S   ?
[DEBUG][2015-11-04 19:51:22,590][com.java.TestType] [ 7942] - Concept ID:1 :: Step being Executed: 1::4
[INFO ][2015-11-04 19:51:22,590][com.java.TestType] [ 7980] - dataFields : LNKLogout
[DEBUG][2015-11-04 19:51:22,590][com.java.TestType] [ 7986] - <In Set values of the page>
[DEBUG][2015-11-04 19:51:22,590][com.java.TestType] [ 7991] - {Data Fields & Data Values Exist}
[INFO ][2015-11-04 19:51:22,590][com.java.TestType] [ 7997] - --------------------------setting values-----------------------------
[INFO ][2015-11-04 19:51:22,590][com.java.TestType] [ 8000] - Action Type : WaitForElement
[INFO ][2015-11-04 19:51:35,782][com.java.TestType] [ 8019] -  RESULT true
[INFO ][2015-11-04 19:51:35,782][com.java.TestType] [ 8136] - ?   P A S S   ?
[DEBUG][2015-11-04 19:51:35,783][com.java.TestType] [ 7942] - Concept ID:1 :: Step being Executed: 1::13
[INFO ][2015-11-04 19:51:35,783][com.java.TestType] [ 7980] - dataFields : LNK
[DEBUG][2015-11-04 19:51:35,783][com.java.TestType] [ 7986] - <In Set values of the page>
[DEBUG][2015-11-04 19:51:35,783][com.java.TestType] [ 7991] - {Data Fields & Data Values Exist}
[INFO ][2015-11-04 19:51:35,783][com.java.TestType] [ 7997] - --------------------------setting values-----------------------------
[INFO ][2015-11-04 19:51:35,783][com.java.TestType] [ 8000] - Action Type : Verify
[INFO ][2015-11-04 19:51:35,783][com.java.TestType] [ 4878] - field= LNK value= Logout
[INFO ][2015-11-04 19:51:35,787][com.java.TestType] [ 3752] - value = Logout
[INFO ][2015-11-04 19:51:35,825][com.java.TestType] [ 8019] -  RESULT true
[INFO ][2015-11-04 19:51:35,825][com.java.TestType] [ 8136] - ?   P A S S   ?
[DEBUG][2015-11-04 19:51:35,825][com.java.TestType] [ 7942] - Concept ID:1 :: Step being Executed: 1::14
[INFO ][2015-11-04 19:51:35,825][com.java.TestType] [ 7980] - dataFields : BTN
[DEBUG][2015-11-04 19:51:35,825][com.java.TestType] [ 7986] - <In Set values of the page>
[DEBUG][2015-11-04 19:51:35,825][com.java.TestType] [ 7991] - {Data Fields & Data Values Exist}
[INFO ][2015-11-04 19:51:35,826][com.java.TestType] [ 7997] - --------------------------setting values-----------------------------
[INFO ][2015-11-04 19:51:35,826][com.java.TestType] [ 8000] - Action Type : Verify
[INFO ][2015-11-04 19:51:35,826][com.java.TestType] [ 4878] - field= BTN value= //img[contains(@src,'bdlogo.jpg')]
[INFO ][2015-11-04 19:51:35,826][com.java.TestType] [ 3752] - value = //img[contains(@src,'bdlogo.jpg')]
[INFO ][2015-11-04 19:51:35,859][com.java.TestType] [ 8019] -  RESULT true
[INFO ][2015-11-04 19:51:35,859][com.java.TestType] [ 8136] - ?   P A S S   ?
[INFO ][2015-11-04 19:51:35,859][com.java.TestType] [ 8207] - Looping End......
[INFO ][2015-11-04 19:51:35,863][com.java.SeleniumDriver] [  861] -  RESULT true
[INFO ][2015-11-04 19:51:35,864][com.java.SeleniumDriver] [ 1066] - ?   P A S S   ?
[INFO ][2015-11-04 19:51:35,864][com.java.SeleniumDriver] [  788] - ------------------------------------------
[INFO ][2015-11-04 19:51:35,864][com.java.SeleniumDriver] [  789] - Test case being Executed: 1
[INFO ][2015-11-04 19:51:35,864][com.java.SeleniumDriver] [  800] - Test step:2
[INFO ][2015-11-04 19:51:35,864][com.java.SeleniumDriver] [  812] - Datavalue is----------Concept#2:1-2
[INFO ][2015-11-04 19:51:35,864][com.java.SeleniumDriver] [  836] - DataField : test
[INFO ][2015-11-04 19:51:35,864][com.java.SeleniumDriver] [  838] - DataValue : Concept#2:1-2
[INFO ][2015-11-04 19:51:35,864][com.java.SeleniumDriver] [  844] - <In Set values of the page>
[INFO ][2015-11-04 19:51:35,864][com.java.SeleniumDriver] [  847] - {Data Fields & Data Values Exist}
[INFO ][2015-11-04 19:51:35,864][com.java.SeleniumDriver] [  849] - --------------------------setting values-----------------------------
[INFO ][2015-11-04 19:51:35,865][com.java.SeleniumDriver] [  852] - Action Type : ExecuteTestCase
[INFO ][2015-11-04 19:51:35,865][com.java.TestType] [  411] - The Concept sheet name is ---------- Concept
[INFO ][2015-11-04 19:51:35,865][com.java.TestType] [  414] - The Concept ID  is ---------- 2
[DEBUG][2015-11-04 19:51:35,865][com.java.TestType] [  418] - Steps being executted in the Concept are: 1:2
[INFO ][2015-11-04 19:51:35,865][com.java.TestType] [  425] - Test data details path ---------- D:\BankersDashboard\TestInputs\TestData.xls
[INFO ][2015-11-04 19:51:35,906][com.java.TestType] [  456] -  str(1) = 2
[INFO ][2015-11-04 19:51:35,907][com.java.TestType] [  459] - Test case Id is---2
[INFO ][2015-11-04 19:51:35,907][com.java.TestType] [  461] - 2
[INFO ][2015-11-04 19:51:35,907][com.java.TestType] [  456] -  str(2) = 1
[INFO ][2015-11-04 19:51:35,908][com.java.TestType] [  508] - row values are--------{1=com.java.Objects.TestDataDetails@15e7f59}
[INFO ][2015-11-04 19:51:35,909][com.java.TestType] [  456] -  str(1) = 2
[INFO ][2015-11-04 19:51:35,909][com.java.TestType] [  459] - Test case Id is---2
[INFO ][2015-11-04 19:51:35,909][com.java.TestType] [  461] - 2
[INFO ][2015-11-04 19:51:35,909][com.java.TestType] [  456] -  str(2) = 2
[INFO ][2015-11-04 19:51:35,909][com.java.TestType] [  508] - row values are--------{1=com.java.Objects.TestDataDetails@15e7f59, 2=com.java.Objects.TestDataDetails@6873d5}
[INFO ][2015-11-04 19:51:35,910][com.java.TestType] [  456] -  str(1) = 2
[INFO ][2015-11-04 19:51:35,910][com.java.TestType] [  459] - Test case Id is---2
[INFO ][2015-11-04 19:51:35,910][com.java.TestType] [  461] - 2
[INFO ][2015-11-04 19:51:35,910][com.java.TestType] [  456] -  str(2) = 3
[INFO ][2015-11-04 19:51:35,910][com.java.TestType] [  508] - row values are--------{1=com.java.Objects.TestDataDetails@15e7f59, 2=com.java.Objects.TestDataDetails@6873d5, 3=com.java.Objects.TestDataDetails@32f62c}
[INFO ][2015-11-04 19:51:35,911][com.java.TestType] [ 7901] - Looping 1TCID = 2
[DEBUG][2015-11-04 19:51:35,911][com.java.TestType] [ 7942] - Concept ID:2 :: Step being Executed: 2::1
[INFO ][2015-11-04 19:51:35,911][com.java.TestType] [ 7980] - dataFields : BNK//select[@id='bank']
[DEBUG][2015-11-04 19:51:35,911][com.java.TestType] [ 7986] - <In Set values of the page>
[DEBUG][2015-11-04 19:51:35,911][com.java.TestType] [ 7991] - {Data Fields & Data Values Exist}
[INFO ][2015-11-04 19:51:35,911][com.java.TestType] [ 7997] - --------------------------setting values-----------------------------
[INFO ][2015-11-04 19:51:35,911][com.java.TestType] [ 8000] - Action Type : Select
[INFO ][2015-11-04 19:51:35,911][com.java.TestType] [ 3752] - value = PFC
[INFO ][2015-11-04 19:51:36,112][com.java.TestType] [ 8019] -  RESULT true
[INFO ][2015-11-04 19:51:36,112][com.java.TestType] [ 8136] - ?   P A S S   ?
[DEBUG][2015-11-04 19:51:36,113][com.java.TestType] [ 7942] - Concept ID:2 :: Step being Executed: 2::2
[INFO ][2015-11-04 19:51:36,113][com.java.TestType] [ 7980] - dataFields : LNKLogout
[DEBUG][2015-11-04 19:51:36,113][com.java.TestType] [ 7986] - <In Set values of the page>
[DEBUG][2015-11-04 19:51:36,113][com.java.TestType] [ 7991] - {Data Fields & Data Values Exist}
[INFO ][2015-11-04 19:51:36,113][com.java.TestType] [ 7997] - --------------------------setting values-----------------------------
[INFO ][2015-11-04 19:51:36,113][com.java.TestType] [ 8000] - Action Type : WaitTime
[DEBUG][2015-11-04 19:51:36,113][com.java.TestType] [ 3656] - sleepTime: 5000
[INFO ][2015-11-04 19:51:41,113][com.java.TestType] [ 8019] -  RESULT true
[INFO ][2015-11-04 19:51:41,113][com.java.TestType] [ 8136] - ?   P A S S   ?
[INFO ][2015-11-04 19:51:41,113][com.java.TestType] [ 8207] - Looping End......
[INFO ][2015-11-04 19:51:41,117][com.java.SeleniumDriver] [  861] -  RESULT true
[INFO ][2015-11-04 19:51:41,117][com.java.SeleniumDriver] [ 1066] - ?   P A S S   ?
[INFO ][2015-11-04 19:51:41,117][com.java.SeleniumDriver] [  788] - ------------------------------------------
[INFO ][2015-11-04 19:51:41,117][com.java.SeleniumDriver] [  789] - Test case being Executed: 1
[INFO ][2015-11-04 19:51:41,117][com.java.SeleniumDriver] [  800] - Test step:3
[INFO ][2015-11-04 19:51:41,117][com.java.SeleniumDriver] [  812] - Datavalue is----------2
[INFO ][2015-11-04 19:51:41,117][com.java.SeleniumDriver] [  836] - DataField : XPH//button[contains(text(),'Add Content')]
[INFO ][2015-11-04 19:51:41,117][com.java.SeleniumDriver] [  838] - DataValue : 2
[INFO ][2015-11-04 19:51:41,117][com.java.SeleniumDriver] [  844] - <In Set values of the page>
[INFO ][2015-11-04 19:51:41,117][com.java.SeleniumDriver] [  847] - {Data Fields & Data Values Exist}
[INFO ][2015-11-04 19:51:41,118][com.java.SeleniumDriver] [  849] - --------------------------setting values-----------------------------
[INFO ][2015-11-04 19:51:41,118][com.java.SeleniumDriver] [  852] - Action Type : WAITFORELEMENT
[INFO ][2015-11-04 19:51:41,154][com.java.SeleniumDriver] [  861] -  RESULT true
[INFO ][2015-11-04 19:51:41,154][com.java.SeleniumDriver] [ 1066] - ?   P A S S   ?
[DEBUG][2015-11-04 19:51:41,154][com.java.SeleniumDriver] [ 1168] - Case found
[DEBUG][2015-11-04 19:51:41,154][com.java.SeleniumDriver] [ 1173] - Incrementing ReportCounters[0]:1
[INFO ][2015-11-04 19:51:41,154][com.java.SeleniumDriver] [ 1192] - The results are-------------------[1, 1, Valid Login, Pass, , Wed Nov 04 19:51:35 IST 2015, 1, 2, Valid Login, Pass, , Wed Nov 04 19:51:41 IST 2015, 1, 3, Valid Login, Pass, , Wed Nov 04 19:51:41 IST 2015]
[INFO ][2015-11-04 19:51:41,154][com.java.SeleniumDriver] [ 1196] - End time is-------55 sec
[INFO ][2015-11-04 19:51:41,154][com.java.SeleniumDriver] [ 1197] - The results are-------------------[1, 1, Valid Login, Pass, , Wed Nov 04 19:51:35 IST 2015, 1, 2, Valid Login, Pass, , Wed Nov 04 19:51:41 IST 2015, 1, 3, Valid Login, Pass, , Wed Nov 04 19:51:41 IST 2015]
[DEBUG][2015-11-04 19:51:41,154][com.java.ImportnExport.ExportTestResultsExcel] [  222] - testResultPath = D:\BankersDashboard/TestReports/Test Results_BankersDashBoard_110415_195048_IE11_Simmons First National Bank.xls
[DEBUG][2015-11-04 19:51:41,155][com.java.ImportnExport.ExportTestResultsExcel] [  223] - browser is------------IE11
[DEBUG][2015-11-04 19:51:41,206][com.java.ImportnExport.ExportTestResultsExcel] [  270] - result.size() = 18
[DEBUG][2015-11-04 19:51:41,206][com.java.ImportnExport.ExportTestResultsExcel] [  274] - No of rows in sheet=1
[DEBUG][2015-11-04 19:51:41,207][com.java.ImportnExport.ExportTestResultsExcel] [  301] - ..in export..1
[DEBUG][2015-11-04 19:51:41,207][com.java.ImportnExport.ExportTestResultsExcel] [  301] - ..in export..Valid Login
[DEBUG][2015-11-04 19:51:41,207][com.java.ImportnExport.ExportTestResultsExcel] [  301] - ..in export..Pass
[DEBUG][2015-11-04 19:51:41,207][com.java.ImportnExport.ExportTestResultsExcel] [  301] - ..in export..
[DEBUG][2015-11-04 19:51:41,207][com.java.ImportnExport.ExportTestResultsExcel] [  301] - ..in export..Wed Nov 04 19:51:35 IST 2015
[INFO ][2015-11-04 19:51:41,209][com.java.SeleniumDriver] [ 1255] - out loop:0 size:2 TestCases:[1, 11] testcases:[1, 11]
[INFO ][2015-11-04 19:51:41,209][com.java.ImportnExport.ImportTestDataDetailsExcel] [   49] - test data details path===== D:\BankersDashboard\TestInputs\TestData.xls
[INFO ][2015-11-04 19:52:37,162][com.java.SeleniumDriver] [  788] - ------------------------------------------
[INFO ][2015-11-04 19:52:37,162][com.java.SeleniumDriver] [  789] - Test case being Executed: 11
[INFO ][2015-11-04 19:52:37,162][com.java.SeleniumDriver] [  800] - Test step:1
[INFO ][2015-11-04 19:52:37,162][com.java.SeleniumDriver] [  812] - Datavalue is----------Logout
[INFO ][2015-11-04 19:52:37,162][com.java.SeleniumDriver] [  836] - DataField : BTN
[INFO ][2015-11-04 19:52:37,162][com.java.SeleniumDriver] [  838] - DataValue : Logout
[INFO ][2015-11-04 19:52:37,162][com.java.SeleniumDriver] [  844] - <In Set values of the page>
[INFO ][2015-11-04 19:52:37,162][com.java.SeleniumDriver] [  847] - {Data Fields & Data Values Exist}
[INFO ][2015-11-04 19:52:37,162][com.java.SeleniumDriver] [  849] - --------------------------setting values-----------------------------
[INFO ][2015-11-04 19:52:37,162][com.java.SeleniumDriver] [  852] - Action Type : Verify
[INFO ][2015-11-04 19:52:37,162][com.java.TestType] [ 4878] - field= BTN value= Logout
[INFO ][2015-11-04 19:52:37,163][com.java.TestType] [ 3752] - value = Logout
[INFO ][2015-11-04 19:52:37,201][com.java.SeleniumDriver] [  861] -  RESULT true
[INFO ][2015-11-04 19:52:37,201][com.java.SeleniumDriver] [ 1066] - ?   P A S S   ?
[INFO ][2015-11-04 19:52:37,201][com.java.SeleniumDriver] [ 1108] - step change to 3
[INFO ][2015-11-04 19:52:37,201][com.java.SeleniumDriver] [  788] - ------------------------------------------
[INFO ][2015-11-04 19:52:37,201][com.java.SeleniumDriver] [  789] - Test case being Executed: 11
[INFO ][2015-11-04 19:52:37,201][com.java.SeleniumDriver] [  800] - Test step:3
[INFO ][2015-11-04 19:52:37,201][com.java.SeleniumDriver] [  812] - Datavalue is----------Concept#2:1-2
[INFO ][2015-11-04 19:52:37,201][com.java.SeleniumDriver] [  836] - DataField : test
[INFO ][2015-11-04 19:52:37,201][com.java.SeleniumDriver] [  838] - DataValue : Concept#2:1-2
[INFO ][2015-11-04 19:52:37,202][com.java.SeleniumDriver] [  844] - <In Set values of the page>
[INFO ][2015-11-04 19:52:37,202][com.java.SeleniumDriver] [  847] - {Data Fields & Data Values Exist}
[INFO ][2015-11-04 19:52:37,202][com.java.SeleniumDriver] [  849] - --------------------------setting values-----------------------------
[INFO ][2015-11-04 19:52:37,202][com.java.SeleniumDriver] [  852] - Action Type : ExecuteTestCase
[INFO ][2015-11-04 19:52:37,202][com.java.TestType] [  411] - The Concept sheet name is ---------- Concept
[INFO ][2015-11-04 19:52:37,202][com.java.TestType] [  414] - The Concept ID  is ---------- 2
[DEBUG][2015-11-04 19:52:37,202][com.java.TestType] [  418] - Steps being executted in the Concept are: 1:2
[INFO ][2015-11-04 19:52:37,202][com.java.TestType] [  425] - Test data details path ---------- D:\BankersDashboard\TestInputs\TestData.xls
[INFO ][2015-11-04 19:52:37,232][com.java.TestType] [  456] -  str(1) = 2
[INFO ][2015-11-04 19:52:37,233][com.java.TestType] [  459] - Test case Id is---2
[INFO ][2015-11-04 19:52:37,233][com.java.TestType] [  461] - 2
[INFO ][2015-11-04 19:52:37,233][com.java.TestType] [  456] -  str(2) = 1
[INFO ][2015-11-04 19:52:37,234][com.java.TestType] [  508] - row values are--------{1=com.java.Objects.TestDataDetails@1dfafd6}
[INFO ][2015-11-04 19:52:37,234][com.java.TestType] [  456] -  str(1) = 2
[INFO ][2015-11-04 19:52:37,234][com.java.TestType] [  459] - Test case Id is---2
[INFO ][2015-11-04 19:52:37,234][com.java.TestType] [  461] - 2
[INFO ][2015-11-04 19:52:37,234][com.java.TestType] [  456] -  str(2) = 2
[INFO ][2015-11-04 19:52:37,235][com.java.TestType] [  508] - row values are--------{1=com.java.Objects.TestDataDetails@1dfafd6, 2=com.java.Objects.TestDataDetails@15fe2d8}
[INFO ][2015-11-04 19:52:37,235][com.java.TestType] [  456] -  str(1) = 2
[INFO ][2015-11-04 19:52:37,235][com.java.TestType] [  459] - Test case Id is---2
[INFO ][2015-11-04 19:52:37,235][com.java.TestType] [  461] - 2
[INFO ][2015-11-04 19:52:37,235][com.java.TestType] [  456] -  str(2) = 3
[INFO ][2015-11-04 19:52:37,236][com.java.TestType] [  508] - row values are--------{1=com.java.Objects.TestDataDetails@1dfafd6, 2=com.java.Objects.TestDataDetails@15fe2d8, 3=com.java.Objects.TestDataDetails@3d07e}
[INFO ][2015-11-04 19:52:37,236][com.java.TestType] [ 7901] - Looping 1TCID = 2
[DEBUG][2015-11-04 19:52:37,236][com.java.TestType] [ 7942] - Concept ID:2 :: Step being Executed: 2::1
[INFO ][2015-11-04 19:52:37,236][com.java.TestType] [ 7980] - dataFields : BNK//select[@id='bank']
[DEBUG][2015-11-04 19:52:37,236][com.java.TestType] [ 7986] - <In Set values of the page>
[DEBUG][2015-11-04 19:52:37,236][com.java.TestType] [ 7991] - {Data Fields & Data Values Exist}
[INFO ][2015-11-04 19:52:37,237][com.java.TestType] [ 7997] - --------------------------setting values-----------------------------
[INFO ][2015-11-04 19:52:37,237][com.java.TestType] [ 8000] - Action Type : Select
[INFO ][2015-11-04 19:52:37,237][com.java.TestType] [ 3752] - value = PFC
[INFO ][2015-11-04 19:52:37,437][com.java.TestType] [ 8019] -  RESULT true
[INFO ][2015-11-04 19:52:37,438][com.java.TestType] [ 8136] - ?   P A S S   ?
[DEBUG][2015-11-04 19:52:37,438][com.java.TestType] [ 7942] - Concept ID:2 :: Step being Executed: 2::2
[INFO ][2015-11-04 19:52:37,438][com.java.TestType] [ 7980] - dataFields : LNKLogout
[DEBUG][2015-11-04 19:52:37,438][com.java.TestType] [ 7986] - <In Set values of the page>
[DEBUG][2015-11-04 19:52:37,438][com.java.TestType] [ 7991] - {Data Fields & Data Values Exist}
[INFO ][2015-11-04 19:52:37,438][com.java.TestType] [ 7997] - --------------------------setting values-----------------------------
[INFO ][2015-11-04 19:52:37,438][com.java.TestType] [ 8000] - Action Type : WaitTime
[DEBUG][2015-11-04 19:52:37,438][com.java.TestType] [ 3656] - sleepTime: 5000
[INFO ][2015-11-04 19:52:42,438][com.java.TestType] [ 8019] -  RESULT true
[INFO ][2015-11-04 19:52:42,438][com.java.TestType] [ 8136] - ?   P A S S   ?
[INFO ][2015-11-04 19:52:42,438][com.java.TestType] [ 8207] - Looping End......
[INFO ][2015-11-04 19:52:42,442][com.java.SeleniumDriver] [  861] -  RESULT true
[INFO ][2015-11-04 19:52:42,442][com.java.SeleniumDriver] [ 1066] - ?   P A S S   ?
[INFO ][2015-11-04 19:52:42,442][com.java.SeleniumDriver] [  788] - ------------------------------------------
[INFO ][2015-11-04 19:52:42,442][com.java.SeleniumDriver] [  789] - Test case being Executed: 11
[INFO ][2015-11-04 19:52:42,442][com.java.SeleniumDriver] [  800] - Test step:4
[INFO ][2015-11-04 19:52:42,443][com.java.SeleniumDriver] [  812] - Datavalue is----------null
[DEBUG][2015-11-04 19:52:42,445][com.java.SeleniumDriver] [  830] - Exception: null
[INFO ][2015-11-04 19:52:42,445][com.java.SeleniumDriver] [  836] - DataField : //span[@class='icon-user4']&&Users&&Manage Users
[INFO ][2015-11-04 19:52:42,445][com.java.SeleniumDriver] [  838] - DataValue : 
[INFO ][2015-11-04 19:52:42,445][com.java.SeleniumDriver] [  844] - <In Set values of the page>
[INFO ][2015-11-04 19:52:42,445][com.java.SeleniumDriver] [  847] - {Data Fields & Data Values Exist}
[INFO ][2015-11-04 19:52:42,445][com.java.SeleniumDriver] [  849] - --------------------------setting values-----------------------------
[INFO ][2015-11-04 19:52:42,445][com.java.SeleniumDriver] [  852] - Action Type : MouseOver
[INFO ][2015-11-04 19:53:26,643][com.java.SeleniumDriver] [  861] -  RESULT true
[INFO ][2015-11-04 19:53:26,643][com.java.SeleniumDriver] [ 1066] - ?   P A S S   ?
[INFO ][2015-11-04 19:53:26,643][com.java.SeleniumDriver] [  788] - ------------------------------------------
[INFO ][2015-11-04 19:53:26,643][com.java.SeleniumDriver] [  789] - Test case being Executed: 11
[INFO ][2015-11-04 19:53:26,643][com.java.SeleniumDriver] [  800] - Test step:5
[INFO ][2015-11-04 19:53:26,643][com.java.SeleniumDriver] [  812] - Datavalue is----------2
[INFO ][2015-11-04 19:53:26,643][com.java.SeleniumDriver] [  836] - DataField : BTNframeDialogContent
[INFO ][2015-11-04 19:53:26,643][com.java.SeleniumDriver] [  838] - DataValue : 2
[INFO ][2015-11-04 19:53:26,643][com.java.SeleniumDriver] [  844] - <In Set values of the page>
[INFO ][2015-11-04 19:53:26,643][com.java.SeleniumDriver] [  847] - {Data Fields & Data Values Exist}
[INFO ][2015-11-04 19:53:26,643][com.java.SeleniumDriver] [  849] - --------------------------setting values-----------------------------
[INFO ][2015-11-04 19:53:26,644][com.java.SeleniumDriver] [  852] - Action Type : WaitForElement
[INFO ][2015-11-04 19:53:27,864][com.java.SeleniumDriver] [  861] -  RESULT true
[INFO ][2015-11-04 19:53:27,864][com.java.SeleniumDriver] [ 1066] - ?   P A S S   ?
[INFO ][2015-11-04 19:53:27,864][com.java.SeleniumDriver] [  788] - ------------------------------------------
[INFO ][2015-11-04 19:53:27,864][com.java.SeleniumDriver] [  789] - Test case being Executed: 11
[INFO ][2015-11-04 19:53:27,864][com.java.SeleniumDriver] [  800] - Test step:6
[INFO ][2015-11-04 19:53:27,864][com.java.SeleniumDriver] [  812] - Datavalue is----------null
[DEBUG][2015-11-04 19:53:27,864][com.java.SeleniumDriver] [  830] - Exception: null
[INFO ][2015-11-04 19:53:27,864][com.java.SeleniumDriver] [  836] - DataField : BTNframeDialogContent
[INFO ][2015-11-04 19:53:27,865][com.java.SeleniumDriver] [  838] - DataValue : 
[INFO ][2015-11-04 19:53:27,865][com.java.SeleniumDriver] [  844] - <In Set values of the page>
[INFO ][2015-11-04 19:53:27,865][com.java.SeleniumDriver] [  847] - {Data Fields & Data Values Exist}
[INFO ][2015-11-04 19:53:27,865][com.java.SeleniumDriver] [  849] - --------------------------setting values-----------------------------
[INFO ][2015-11-04 19:53:27,865][com.java.SeleniumDriver] [  852] - Action Type : SelectFrame
[INFO ][2015-11-04 19:53:29,126][com.java.SeleniumDriver] [  861] -  RESULT true
[INFO ][2015-11-04 19:53:29,126][com.java.SeleniumDriver] [ 1066] - ?   P A S S   ?
[INFO ][2015-11-04 19:53:29,128][com.java.SeleniumDriver] [  788] - ------------------------------------------
[INFO ][2015-11-04 19:53:29,128][com.java.SeleniumDriver] [  789] - Test case being Executed: 11
[INFO ][2015-11-04 19:53:29,128][com.java.SeleniumDriver] [  800] - Test step:7
[INFO ][2015-11-04 19:53:29,128][com.java.SeleniumDriver] [  812] - Datavalue is----------2
[INFO ][2015-11-04 19:53:29,128][com.java.SeleniumDriver] [  836] - DataField : BTNbtnAddUser
[INFO ][2015-11-04 19:53:29,128][com.java.SeleniumDriver] [  838] - DataValue : 2
[INFO ][2015-11-04 19:53:29,128][com.java.SeleniumDriver] [  844] - <In Set values of the page>
[INFO ][2015-11-04 19:53:29,128][com.java.SeleniumDriver] [  847] - {Data Fields & Data Values Exist}
[INFO ][2015-11-04 19:53:29,128][com.java.SeleniumDriver] [  849] - --------------------------setting values-----------------------------
[INFO ][2015-11-04 19:53:29,128][com.java.SeleniumDriver] [  852] - Action Type : WaitForElement
[INFO ][2015-11-04 19:53:30,998][com.java.SeleniumDriver] [  861] -  RESULT true
[INFO ][2015-11-04 19:53:30,998][com.java.SeleniumDriver] [ 1066] - ?   P A S S   ?
[INFO ][2015-11-04 19:53:30,998][com.java.SeleniumDriver] [  788] - ------------------------------------------
[INFO ][2015-11-04 19:53:30,998][com.java.SeleniumDriver] [  789] - Test case being Executed: 11
[INFO ][2015-11-04 19:53:30,998][com.java.SeleniumDriver] [  800] - Test step:8
[INFO ][2015-11-04 19:53:30,998][com.java.SeleniumDriver] [  812] - Datavalue is----------null
[DEBUG][2015-11-04 19:53:30,998][com.java.SeleniumDriver] [  830] - Exception: null
[INFO ][2015-11-04 19:53:30,999][com.java.SeleniumDriver] [  836] - DataField : BTNbtnAddUser
[INFO ][2015-11-04 19:53:31,000][com.java.SeleniumDriver] [  838] - DataValue : 
[INFO ][2015-11-04 19:53:31,000][com.java.SeleniumDriver] [  844] - <In Set values of the page>
[INFO ][2015-11-04 19:53:31,000][com.java.SeleniumDriver] [  847] - {Data Fields & Data Values Exist}
[INFO ][2015-11-04 19:53:31,000][com.java.SeleniumDriver] [  849] - --------------------------setting values-----------------------------
[INFO ][2015-11-04 19:53:31,000][com.java.SeleniumDriver] [  852] - Action Type : Click
[INFO ][2015-11-04 19:53:31,000][com.java.TestType] [ 4065] - Field ::BTNbtnAddUser
[INFO ][2015-11-04 19:53:32,001][com.java.TestType] [ 4103] - BEFORE CLICK
[INFO ][2015-11-04 19:53:34,068][com.java.TestType] [ 4110] - Unable to click the object Add user button
[INFO ][2015-11-04 19:53:34,068][com.java.SeleniumDriver] [  861] -  RESULT true
[INFO ][2015-11-04 19:53:34,068][com.java.SeleniumDriver] [ 1066] - ?   P A S S   ?
[INFO ][2015-11-04 19:53:34,068][com.java.SeleniumDriver] [  788] - ------------------------------------------
[INFO ][2015-11-04 19:53:34,068][com.java.SeleniumDriver] [  789] - Test case being Executed: 11
[INFO ][2015-11-04 19:53:34,068][com.java.SeleniumDriver] [  800] - Test step:9
[INFO ][2015-11-04 19:53:34,068][com.java.SeleniumDriver] [  812] - Datavalue is----------2
[INFO ][2015-11-04 19:53:34,068][com.java.SeleniumDriver] [  836] - DataField : BTNtxtUserName
[INFO ][2015-11-04 19:53:34,068][com.java.SeleniumDriver] [  838] - DataValue : 2
[INFO ][2015-11-04 19:53:34,068][com.java.SeleniumDriver] [  844] - <In Set values of the page>
[INFO ][2015-11-04 19:53:34,069][com.java.SeleniumDriver] [  847] - {Data Fields & Data Values Exist}
[INFO ][2015-11-04 19:53:34,069][com.java.SeleniumDriver] [  849] - --------------------------setting values-----------------------------
[INFO ][2015-11-04 19:53:34,069][com.java.SeleniumDriver] [  852] - Action Type : WaitForElement
[INFO ][2015-11-04 19:53:42,240][com.java.SeleniumDriver] [  861] -  RESULT true
[INFO ][2015-11-04 19:53:42,240][com.java.SeleniumDriver] [ 1066] - ?   P A S S   ?
[INFO ][2015-11-04 19:53:42,240][com.java.SeleniumDriver] [  788] - ------------------------------------------
[INFO ][2015-11-04 19:53:42,240][com.java.SeleniumDriver] [  789] - Test case being Executed: 11
[INFO ][2015-11-04 19:53:42,240][com.java.SeleniumDriver] [  800] - Test step:10
[INFO ][2015-11-04 19:53:42,240][com.java.SeleniumDriver] [  812] - Datavalue is----------dt:NewUserName
[INFO ][2015-11-04 19:53:42,240][com.java.SeleniumDriver] [  836] - DataField : TXTtxtUserName
[INFO ][2015-11-04 19:53:42,240][com.java.SeleniumDriver] [  838] - DataValue : dt:NewUserName
[INFO ][2015-11-04 19:53:42,240][com.java.SeleniumDriver] [  844] - <In Set values of the page>
[INFO ][2015-11-04 19:53:42,241][com.java.SeleniumDriver] [  847] - {Data Fields & Data Values Exist}
[INFO ][2015-11-04 19:53:42,241][com.java.SeleniumDriver] [  849] - --------------------------setting values-----------------------------
[INFO ][2015-11-04 19:53:42,241][com.java.SeleniumDriver] [  852] - Action Type : Enter
[INFO ][2015-11-04 19:53:42,241][com.java.TestType] [ 4385] - field = txtUserName
[INFO ][2015-11-04 19:53:42,241][com.java.TestType] [ 3752] - value = vltest.robot
[INFO ][2015-11-04 19:53:45,028][com.java.SeleniumDriver] [  861] -  RESULT true
[INFO ][2015-11-04 19:53:45,028][com.java.SeleniumDriver] [ 1066] - ?   P A S S   ?
[INFO ][2015-11-04 19:53:45,028][com.java.SeleniumDriver] [  788] - ------------------------------------------
[INFO ][2015-11-04 19:53:45,028][com.java.SeleniumDriver] [  789] - Test case being Executed: 11
[INFO ][2015-11-04 19:53:45,028][com.java.SeleniumDriver] [  800] - Test step:11
[INFO ][2015-11-04 19:53:45,028][com.java.SeleniumDriver] [  812] - Datavalue is----------VLTest
[INFO ][2015-11-04 19:53:45,028][com.java.SeleniumDriver] [  836] - DataField : TXTtxtFirstName
[INFO ][2015-11-04 19:53:45,028][com.java.SeleniumDriver] [  838] - DataValue : VLTest
[INFO ][2015-11-04 19:53:45,028][com.java.SeleniumDriver] [  844] - <In Set values of the page>
[INFO ][2015-11-04 19:53:45,028][com.java.SeleniumDriver] [  847] - {Data Fields & Data Values Exist}
[INFO ][2015-11-04 19:53:45,029][com.java.SeleniumDriver] [  849] - --------------------------setting values-----------------------------
[INFO ][2015-11-04 19:53:45,029][com.java.SeleniumDriver] [  852] - Action Type : Enter
[INFO ][2015-11-04 19:53:45,029][com.java.TestType] [ 4385] - field = txtFirstName
[INFO ][2015-11-04 19:53:45,029][com.java.TestType] [ 3752] - value = VLTest
[INFO ][2015-11-04 19:53:48,095][com.java.SeleniumDriver] [  861] -  RESULT true
[INFO ][2015-11-04 19:53:48,095][com.java.SeleniumDriver] [ 1066] - ?   P A S S   ?
[INFO ][2015-11-04 19:53:48,095][com.java.SeleniumDriver] [  788] - ------------------------------------------
[INFO ][2015-11-04 19:53:48,095][com.java.SeleniumDriver] [  789] - Test case being Executed: 11
[INFO ][2015-11-04 19:53:48,095][com.java.SeleniumDriver] [  800] - Test step:12
[INFO ][2015-11-04 19:53:48,095][com.java.SeleniumDriver] [  812] - Datavalue is----------Robot
[INFO ][2015-11-04 19:53:48,095][com.java.SeleniumDriver] [  836] - DataField : TXTtxtLastName
[INFO ][2015-11-04 19:53:48,095][com.java.SeleniumDriver] [  838] - DataValue : Robot
[INFO ][2015-11-04 19:53:48,095][com.java.SeleniumDriver] [  844] - <In Set values of the page>
[INFO ][2015-11-04 19:53:48,095][com.java.SeleniumDriver] [  847] - {Data Fields & Data Values Exist}
[INFO ][2015-11-04 19:53:48,096][com.java.SeleniumDriver] [  849] - --------------------------setting values-----------------------------
[INFO ][2015-11-04 19:53:48,097][com.java.SeleniumDriver] [  852] - Action Type : Enter
[INFO ][2015-11-04 19:53:48,097][com.java.TestType] [ 4385] - field = txtLastName
[INFO ][2015-11-04 19:53:48,097][com.java.TestType] [ 3752] - value = Robot
[INFO ][2015-11-04 19:53:50,934][com.java.SeleniumDriver] [  861] -  RESULT true
[INFO ][2015-11-04 19:53:50,934][com.java.SeleniumDriver] [ 1066] - ?   P A S S   ?
[INFO ][2015-11-04 19:53:50,934][com.java.SeleniumDriver] [  788] - ------------------------------------------
[INFO ][2015-11-04 19:53:50,934][com.java.SeleniumDriver] [  789] - Test case being Executed: 11
[INFO ][2015-11-04 19:53:50,934][com.java.SeleniumDriver] [  800] - Test step:13
[INFO ][2015-11-04 19:53:50,934][com.java.SeleniumDriver] [  812] - Datavalue is----------ValueLabs
[INFO ][2015-11-04 19:53:50,934][com.java.SeleniumDriver] [  836] - DataField : TXTtxtCompany
[INFO ][2015-11-04 19:53:50,934][com.java.SeleniumDriver] [  838] - DataValue : ValueLabs
[INFO ][2015-11-04 19:53:50,934][com.java.SeleniumDriver] [  844] - <In Set values of the page>
[INFO ][2015-11-04 19:53:50,934][com.java.SeleniumDriver] [  847] - {Data Fields & Data Values Exist}
[INFO ][2015-11-04 19:53:50,934][com.java.SeleniumDriver] [  849] - --------------------------setting values-----------------------------
[INFO ][2015-11-04 19:53:50,935][com.java.SeleniumDriver] [  852] - Action Type : Enter
[INFO ][2015-11-04 19:53:50,935][com.java.TestType] [ 4385] - field = txtCompany
[INFO ][2015-11-04 19:53:50,935][com.java.TestType] [ 3752] - value = ValueLabs
[INFO ][2015-11-04 19:53:53,899][com.java.SeleniumDriver] [  861] -  RESULT true
[INFO ][2015-11-04 19:53:53,899][com.java.SeleniumDriver] [ 1066] - ?   P A S S   ?
[INFO ][2015-11-04 19:53:53,899][com.java.SeleniumDriver] [  788] - ------------------------------------------
[INFO ][2015-11-04 19:53:53,899][com.java.SeleniumDriver] [  789] - Test case being Executed: 11
[INFO ][2015-11-04 19:53:53,899][com.java.SeleniumDriver] [  800] - Test step:14
[INFO ][2015-11-04 19:53:53,899][com.java.SeleniumDriver] [  812] - Datavalue is----------India
[INFO ][2015-11-04 19:53:53,899][com.java.SeleniumDriver] [  836] - DataField : TXTtxtLocation
[INFO ][2015-11-04 19:53:53,899][com.java.SeleniumDriver] [  838] - DataValue : India
[INFO ][2015-11-04 19:53:53,899][com.java.SeleniumDriver] [  844] - <In Set values of the page>
[INFO ][2015-11-04 19:53:53,899][com.java.SeleniumDriver] [  847] - {Data Fields & Data Values Exist}
[INFO ][2015-11-04 19:53:53,899][com.java.SeleniumDriver] [  849] - --------------------------setting values-----------------------------
[INFO ][2015-11-04 19:53:53,899][com.java.SeleniumDriver] [  852] - Action Type : Enter
[INFO ][2015-11-04 19:53:53,900][com.java.TestType] [ 4385] - field = txtLocation
[INFO ][2015-11-04 19:53:53,900][com.java.TestType] [ 3752] - value = India
[INFO ][2015-11-04 19:53:56,733][com.java.SeleniumDriver] [  861] -  RESULT true
[INFO ][2015-11-04 19:53:56,733][com.java.SeleniumDriver] [ 1066] - ?   P A S S   ?
[INFO ][2015-11-04 19:53:56,733][com.java.SeleniumDriver] [  788] - ------------------------------------------
[INFO ][2015-11-04 19:53:56,733][com.java.SeleniumDriver] [  789] - Test case being Executed: 11
[INFO ][2015-11-04 19:53:56,733][com.java.SeleniumDriver] [  800] - Test step:15
[INFO ][2015-11-04 19:53:56,733][com.java.SeleniumDriver] [  812] - Datavalue is----------vltest.robot@valuelabs.com
[INFO ][2015-11-04 19:53:56,733][com.java.SeleniumDriver] [  836] - DataField : TXTtxtEMail
[INFO ][2015-11-04 19:53:56,733][com.java.SeleniumDriver] [  838] - DataValue : vltest.robot@valuelabs.com
[INFO ][2015-11-04 19:53:56,733][com.java.SeleniumDriver] [  844] - <In Set values of the page>
[INFO ][2015-11-04 19:53:56,733][com.java.SeleniumDriver] [  847] - {Data Fields & Data Values Exist}
[INFO ][2015-11-04 19:53:56,733][com.java.SeleniumDriver] [  849] - --------------------------setting values-----------------------------
[INFO ][2015-11-04 19:53:56,733][com.java.SeleniumDriver] [  852] - Action Type : Enter
[INFO ][2015-11-04 19:53:56,734][com.java.TestType] [ 4385] - field = txtEMail
[INFO ][2015-11-04 19:53:56,734][com.java.TestType] [ 3752] - value = vltest.robot@valuelabs.com
[INFO ][2015-11-04 19:53:59,700][com.java.SeleniumDriver] [  861] -  RESULT true
[INFO ][2015-11-04 19:53:59,700][com.java.SeleniumDriver] [ 1066] - ?   P A S S   ?
[INFO ][2015-11-04 19:53:59,700][com.java.SeleniumDriver] [  788] - ------------------------------------------
[INFO ][2015-11-04 19:53:59,700][com.java.SeleniumDriver] [  789] - Test case being Executed: 11
[INFO ][2015-11-04 19:53:59,700][com.java.SeleniumDriver] [  800] - Test step:16
[INFO ][2015-11-04 19:53:59,700][com.java.SeleniumDriver] [  812] - Datavalue is----------12345678901
[INFO ][2015-11-04 19:53:59,700][com.java.SeleniumDriver] [  836] - DataField : TXTtxtPhone
[INFO ][2015-11-04 19:53:59,700][com.java.SeleniumDriver] [  838] - DataValue : 12345678901
[INFO ][2015-11-04 19:53:59,700][com.java.SeleniumDriver] [  844] - <In Set values of the page>
[INFO ][2015-11-04 19:53:59,700][com.java.SeleniumDriver] [  847] - {Data Fields & Data Values Exist}
[INFO ][2015-11-04 19:53:59,700][com.java.SeleniumDriver] [  849] - --------------------------setting values-----------------------------
[INFO ][2015-11-04 19:53:59,701][com.java.SeleniumDriver] [  852] - Action Type : Enter
[INFO ][2015-11-04 19:53:59,701][com.java.TestType] [ 4385] - field = txtPhone
[INFO ][2015-11-04 19:53:59,701][com.java.TestType] [ 3752] - value = 12345678901
[INFO ][2015-11-04 19:54:02,488][com.java.SeleniumDriver] [  861] -  RESULT true
[INFO ][2015-11-04 19:54:02,488][com.java.SeleniumDriver] [ 1066] - ?   P A S S   ?
[INFO ][2015-11-04 19:54:02,488][com.java.SeleniumDriver] [  788] - ------------------------------------------
[INFO ][2015-11-04 19:54:02,488][com.java.SeleniumDriver] [  789] - Test case being Executed: 11
[INFO ][2015-11-04 19:54:02,488][com.java.SeleniumDriver] [  800] - Test step:17
[INFO ][2015-11-04 19:54:02,488][com.java.SeleniumDriver] [  812] - Datavalue is----------dt:NewUserPswd
[INFO ][2015-11-04 19:54:02,488][com.java.SeleniumDriver] [  836] - DataField : TXTtxtPassword
[INFO ][2015-11-04 19:54:02,488][com.java.SeleniumDriver] [  838] - DataValue : dt:NewUserPswd
[INFO ][2015-11-04 19:54:02,489][com.java.SeleniumDriver] [  844] - <In Set values of the page>
[INFO ][2015-11-04 19:54:02,489][com.java.SeleniumDriver] [  847] - {Data Fields & Data Values Exist}
[INFO ][2015-11-04 19:54:02,489][com.java.SeleniumDriver] [  849] - --------------------------setting values-----------------------------
[INFO ][2015-11-04 19:54:02,489][com.java.SeleniumDriver] [  852] - Action Type : Enter
[INFO ][2015-11-04 19:54:02,489][com.java.TestType] [ 4385] - field = txtPassword
[INFO ][2015-11-04 19:54:02,489][com.java.TestType] [ 3752] - value = Password1*
[INFO ][2015-11-04 19:54:05,453][com.java.SeleniumDriver] [  861] -  RESULT true
[INFO ][2015-11-04 19:54:05,454][com.java.SeleniumDriver] [ 1066] - ?   P A S S   ?
[INFO ][2015-11-04 19:54:05,454][com.java.SeleniumDriver] [  788] - ------------------------------------------
[INFO ][2015-11-04 19:54:05,454][com.java.SeleniumDriver] [  789] - Test case being Executed: 11
[INFO ][2015-11-04 19:54:05,454][com.java.SeleniumDriver] [  800] - Test step:18
[INFO ][2015-11-04 19:54:05,454][com.java.SeleniumDriver] [  812] - Datavalue is----------dt:NewUserPswd
[INFO ][2015-11-04 19:54:05,454][com.java.SeleniumDriver] [  836] - DataField : TXTtxtPasswordConfirm
[INFO ][2015-11-04 19:54:05,454][com.java.SeleniumDriver] [  838] - DataValue : dt:NewUserPswd
[INFO ][2015-11-04 19:54:05,454][com.java.SeleniumDriver] [  844] - <In Set values of the page>
[INFO ][2015-11-04 19:54:05,454][com.java.SeleniumDriver] [  847] - {Data Fields & Data Values Exist}
[INFO ][2015-11-04 19:54:05,454][com.java.SeleniumDriver] [  849] - --------------------------setting values-----------------------------
[INFO ][2015-11-04 19:54:05,454][com.java.SeleniumDriver] [  852] - Action Type : Enter
[INFO ][2015-11-04 19:54:05,455][com.java.TestType] [ 4385] - field = txtPasswordConfirm
[INFO ][2015-11-04 19:54:05,455][com.java.TestType] [ 3752] - value = Password1*
[INFO ][2015-11-04 19:54:08,444][com.java.SeleniumDriver] [  861] -  RESULT true
[INFO ][2015-11-04 19:54:08,444][com.java.SeleniumDriver] [ 1066] - ?   P A S S   ?
[INFO ][2015-11-04 19:54:08,444][com.java.SeleniumDriver] [  788] - ------------------------------------------
[INFO ][2015-11-04 19:54:08,444][com.java.SeleniumDriver] [  789] - Test case being Executed: 11
[INFO ][2015-11-04 19:54:08,444][com.java.SeleniumDriver] [  800] - Test step:19
[INFO ][2015-11-04 19:54:08,444][com.java.SeleniumDriver] [  812] - Datavalue is----------null
[DEBUG][2015-11-04 19:54:08,444][com.java.SeleniumDriver] [  830] - Exception: null
[INFO ][2015-11-04 19:54:08,444][com.java.SeleniumDriver] [  836] - DataField : BTNparent
[INFO ][2015-11-04 19:54:08,444][com.java.SeleniumDriver] [  838] - DataValue : 
[INFO ][2015-11-04 19:54:08,444][com.java.SeleniumDriver] [  844] - <In Set values of the page>
[INFO ][2015-11-04 19:54:08,444][com.java.SeleniumDriver] [  847] - {Data Fields & Data Values Exist}
[INFO ][2015-11-04 19:54:08,445][com.java.SeleniumDriver] [  849] - --------------------------setting values-----------------------------
[INFO ][2015-11-04 19:54:08,445][com.java.SeleniumDriver] [  852] - Action Type : SelectFrame
[INFO ][2015-11-04 19:54:08,459][com.java.SeleniumDriver] [  861] -  RESULT true
[INFO ][2015-11-04 19:54:08,460][com.java.SeleniumDriver] [ 1066] - ?   P A S S   ?
[INFO ][2015-11-04 19:54:08,460][com.java.SeleniumDriver] [  788] - ------------------------------------------
[INFO ][2015-11-04 19:54:08,460][com.java.SeleniumDriver] [  789] - Test case being Executed: 11
[INFO ][2015-11-04 19:54:08,460][com.java.SeleniumDriver] [  800] - Test step:20
[INFO ][2015-11-04 19:54:08,460][com.java.SeleniumDriver] [  812] - Datavalue is----------5
[INFO ][2015-11-04 19:54:08,460][com.java.SeleniumDriver] [  836] - DataField : test
[INFO ][2015-11-04 19:54:08,460][com.java.SeleniumDriver] [  838] - DataValue : 5
[INFO ][2015-11-04 19:54:08,460][com.java.SeleniumDriver] [  844] - <In Set values of the page>
[INFO ][2015-11-04 19:54:08,460][com.java.SeleniumDriver] [  847] - {Data Fields & Data Values Exist}
[INFO ][2015-11-04 19:54:08,460][com.java.SeleniumDriver] [  849] - --------------------------setting values-----------------------------
[INFO ][2015-11-04 19:54:08,460][com.java.SeleniumDriver] [  852] - Action Type : WaitTime
[DEBUG][2015-11-04 19:54:08,461][com.java.TestType] [ 3656] - sleepTime: 5000
[INFO ][2015-11-04 19:54:13,461][com.java.SeleniumDriver] [  861] -  RESULT true
[INFO ][2015-11-04 19:54:13,461][com.java.SeleniumDriver] [ 1066] - ?   P A S S   ?
[INFO ][2015-11-04 19:54:13,461][com.java.SeleniumDriver] [  788] - ------------------------------------------
[INFO ][2015-11-04 19:54:13,461][com.java.SeleniumDriver] [  789] - Test case being Executed: 11
[INFO ][2015-11-04 19:54:13,461][com.java.SeleniumDriver] [  800] - Test step:21
[INFO ][2015-11-04 19:54:13,461][com.java.SeleniumDriver] [  812] - Datavalue is----------null
[DEBUG][2015-11-04 19:54:13,463][com.java.SeleniumDriver] [  830] - Exception: null
[INFO ][2015-11-04 19:54:13,463][com.java.SeleniumDriver] [  836] - DataField : XPH//span[contains(text(), 'Finished')]
[INFO ][2015-11-04 19:54:13,463][com.java.SeleniumDriver] [  838] - DataValue : 
[INFO ][2015-11-04 19:54:13,463][com.java.SeleniumDriver] [  844] - <In Set values of the page>
[INFO ][2015-11-04 19:54:13,463][com.java.SeleniumDriver] [  847] - {Data Fields & Data Values Exist}
[INFO ][2015-11-04 19:54:13,464][com.java.SeleniumDriver] [  849] - --------------------------setting values-----------------------------
[INFO ][2015-11-04 19:54:13,464][com.java.SeleniumDriver] [  852] - Action Type : Click
[INFO ][2015-11-04 19:54:13,464][com.java.TestType] [ 4065] - Field ::XPH//span[contains(text(), 'Finished')]
[INFO ][2015-11-04 19:54:14,464][com.java.TestType] [ 4124] - BEFORE CLICK
[INFO ][2015-11-04 19:54:15,895][com.java.TestType] [ 4132] - Unable to click the object Finished button
[INFO ][2015-11-04 19:54:15,895][com.java.SeleniumDriver] [  861] -  RESULT true
[INFO ][2015-11-04 19:54:15,895][com.java.SeleniumDriver] [ 1066] - ?   P A S S   ?
[INFO ][2015-11-04 19:54:15,895][com.java.SeleniumDriver] [  788] - ------------------------------------------
[INFO ][2015-11-04 19:54:15,895][com.java.SeleniumDriver] [  789] - Test case being Executed: 11
[INFO ][2015-11-04 19:54:15,895][com.java.SeleniumDriver] [  800] - Test step:22
[INFO ][2015-11-04 19:54:15,895][com.java.SeleniumDriver] [  812] - Datavalue is----------null
[DEBUG][2015-11-04 19:54:15,897][com.java.SeleniumDriver] [  830] - Exception: null
[INFO ][2015-11-04 19:54:15,897][com.java.SeleniumDriver] [  836] - DataField : XPH//span[contains(text(), 'Finished')]
[INFO ][2015-11-04 19:54:15,897][com.java.SeleniumDriver] [  838] - DataValue : 
[INFO ][2015-11-04 19:54:15,897][com.java.SeleniumDriver] [  844] - <In Set values of the page>
[INFO ][2015-11-04 19:54:15,897][com.java.SeleniumDriver] [  847] - {Data Fields & Data Values Exist}
[INFO ][2015-11-04 19:54:15,897][com.java.SeleniumDriver] [  849] - --------------------------setting values-----------------------------
[INFO ][2015-11-04 19:54:15,897][com.java.SeleniumDriver] [  852] - Action Type : WaitForElement
[INFO ][2015-11-04 19:54:15,954][com.java.SeleniumDriver] [  861] -  RESULT true
[INFO ][2015-11-04 19:54:15,954][com.java.SeleniumDriver] [ 1066] - ?   P A S S   ?
[INFO ][2015-11-04 19:54:15,954][com.java.SeleniumDriver] [  788] - ------------------------------------------
[INFO ][2015-11-04 19:54:15,955][com.java.SeleniumDriver] [  789] - Test case being Executed: 11
[INFO ][2015-11-04 19:54:15,955][com.java.SeleniumDriver] [  800] - Test step:23
[INFO ][2015-11-04 19:54:15,956][com.java.SeleniumDriver] [  812] - Datavalue is----------null
[DEBUG][2015-11-04 19:54:15,957][com.java.SeleniumDriver] [  830] - Exception: null
[INFO ][2015-11-04 19:54:15,957][com.java.SeleniumDriver] [  836] - DataField : BTNframeDialogContent
[INFO ][2015-11-04 19:54:15,958][com.java.SeleniumDriver] [  838] - DataValue : 
[INFO ][2015-11-04 19:54:15,958][com.java.SeleniumDriver] [  844] - <In Set values of the page>
[INFO ][2015-11-04 19:54:15,958][com.java.SeleniumDriver] [  847] - {Data Fields & Data Values Exist}
[INFO ][2015-11-04 19:54:15,958][com.java.SeleniumDriver] [  849] - --------------------------setting values-----------------------------
[INFO ][2015-11-04 19:54:15,958][com.java.SeleniumDriver] [  852] - Action Type : SelectFrame
[INFO ][2015-11-04 19:54:17,253][com.java.SeleniumDriver] [  861] -  RESULT true
[INFO ][2015-11-04 19:54:17,253][com.java.SeleniumDriver] [ 1066] - ?   P A S S   ?
[INFO ][2015-11-04 19:54:17,253][com.java.SeleniumDriver] [  788] - ------------------------------------------
[INFO ][2015-11-04 19:54:17,253][com.java.SeleniumDriver] [  789] - Test case being Executed: 11
[INFO ][2015-11-04 19:54:17,253][com.java.SeleniumDriver] [  800] - Test step:24
[INFO ][2015-11-04 19:54:17,253][com.java.SeleniumDriver] [  812] - Datavalue is----------null
[DEBUG][2015-11-04 19:54:17,253][com.java.SeleniumDriver] [  830] - Exception: null
[INFO ][2015-11-04 19:54:17,253][com.java.SeleniumDriver] [  836] - DataField : BTNchkGlobalPrivsUserAdmin
[INFO ][2015-11-04 19:54:17,253][com.java.SeleniumDriver] [  838] - DataValue : 
[INFO ][2015-11-04 19:54:17,253][com.java.SeleniumDriver] [  844] - <In Set values of the page>
[INFO ][2015-11-04 19:54:17,254][com.java.SeleniumDriver] [  847] - {Data Fields & Data Values Exist}
[INFO ][2015-11-04 19:54:17,254][com.java.SeleniumDriver] [  849] - --------------------------setting values-----------------------------
[INFO ][2015-11-04 19:54:17,254][com.java.SeleniumDriver] [  852] - Action Type : Click
[INFO ][2015-11-04 19:54:17,254][com.java.TestType] [ 4065] - Field ::BTNchkGlobalPrivsUserAdmin
[INFO ][2015-11-04 19:54:18,254][com.java.TestType] [ 4103] - BEFORE CLICK
[INFO ][2015-11-04 19:54:19,625][com.java.TestType] [ 4110] - Unable to click the object User Admin check box
[INFO ][2015-11-04 19:54:19,625][com.java.SeleniumDriver] [  861] -  RESULT true
[INFO ][2015-11-04 19:54:19,625][com.java.SeleniumDriver] [ 1066] - ?   P A S S   ?
[INFO ][2015-11-04 19:54:19,625][com.java.SeleniumDriver] [  788] - ------------------------------------------
[INFO ][2015-11-04 19:54:19,625][com.java.SeleniumDriver] [  789] - Test case being Executed: 11
[INFO ][2015-11-04 19:54:19,625][com.java.SeleniumDriver] [  800] - Test step:25
[INFO ][2015-11-04 19:54:19,625][com.java.SeleniumDriver] [  812] - Datavalue is----------null
[DEBUG][2015-11-04 19:54:19,625][com.java.SeleniumDriver] [  830] - Exception: null
[INFO ][2015-11-04 19:54:19,625][com.java.SeleniumDriver] [  836] - DataField : BTNrdoEnableEntity_Enable
[INFO ][2015-11-04 19:54:19,625][com.java.SeleniumDriver] [  838] - DataValue : 
[INFO ][2015-11-04 19:54:19,625][com.java.SeleniumDriver] [  844] - <In Set values of the page>
[INFO ][2015-11-04 19:54:19,626][com.java.SeleniumDriver] [  847] - {Data Fields & Data Values Exist}
[INFO ][2015-11-04 19:54:19,626][com.java.SeleniumDriver] [  849] - --------------------------setting values-----------------------------
[INFO ][2015-11-04 19:54:19,626][com.java.SeleniumDriver] [  852] - Action Type : Click
[INFO ][2015-11-04 19:54:19,626][com.java.TestType] [ 4065] - Field ::BTNrdoEnableEntity_Enable
[INFO ][2015-11-04 19:54:20,626][com.java.TestType] [ 4103] - BEFORE CLICK
[INFO ][2015-11-04 19:54:21,985][com.java.TestType] [ 4110] - Unable to click the object Enable radio button
[INFO ][2015-11-04 19:54:21,985][com.java.SeleniumDriver] [  861] -  RESULT true
[INFO ][2015-11-04 19:54:21,985][com.java.SeleniumDriver] [ 1066] - ?   P A S S   ?
[INFO ][2015-11-04 19:54:21,985][com.java.SeleniumDriver] [  788] - ------------------------------------------
[INFO ][2015-11-04 19:54:21,985][com.java.SeleniumDriver] [  789] - Test case being Executed: 11
[INFO ][2015-11-04 19:54:21,985][com.java.SeleniumDriver] [  800] - Test step:26
[INFO ][2015-11-04 19:54:21,985][com.java.SeleniumDriver] [  812] - Datavalue is----------null
[DEBUG][2015-11-04 19:54:21,986][com.java.SeleniumDriver] [  830] - Exception: null
[INFO ][2015-11-04 19:54:21,986][com.java.SeleniumDriver] [  836] - DataField : BTNchkProfitCenterAll
[INFO ][2015-11-04 19:54:21,986][com.java.SeleniumDriver] [  838] - DataValue : 
[INFO ][2015-11-04 19:54:21,986][com.java.SeleniumDriver] [  844] - <In Set values of the page>
[INFO ][2015-11-04 19:54:21,986][com.java.SeleniumDriver] [  847] - {Data Fields & Data Values Exist}
[INFO ][2015-11-04 19:54:21,986][com.java.SeleniumDriver] [  849] - --------------------------setting values-----------------------------
[INFO ][2015-11-04 19:54:21,986][com.java.SeleniumDriver] [  852] - Action Type : Click
[INFO ][2015-11-04 19:54:21,986][com.java.TestType] [ 4065] - Field ::BTNchkProfitCenterAll
[INFO ][2015-11-04 19:54:22,986][com.java.TestType] [ 4103] - BEFORE CLICK
[INFO ][2015-11-04 19:54:24,334][com.java.TestType] [ 4110] - Unable to click the object All Check box
[INFO ][2015-11-04 19:54:24,334][com.java.SeleniumDriver] [  861] -  RESULT true
[INFO ][2015-11-04 19:54:24,334][com.java.SeleniumDriver] [ 1066] - ?   P A S S   ?
[INFO ][2015-11-04 19:54:24,334][com.java.SeleniumDriver] [  788] - ------------------------------------------
[INFO ][2015-11-04 19:54:24,334][com.java.SeleniumDriver] [  789] - Test case being Executed: 11
[INFO ][2015-11-04 19:54:24,334][com.java.SeleniumDriver] [  800] - Test step:27
[INFO ][2015-11-04 19:54:24,334][com.java.SeleniumDriver] [  812] - Datavalue is----------null
[DEBUG][2015-11-04 19:54:24,334][com.java.SeleniumDriver] [  830] - Exception: null
[INFO ][2015-11-04 19:54:24,334][com.java.SeleniumDriver] [  836] - DataField : BTNchkPrivsAccessGL
[INFO ][2015-11-04 19:54:24,335][com.java.SeleniumDriver] [  838] - DataValue : 
[INFO ][2015-11-04 19:54:24,335][com.java.SeleniumDriver] [  844] - <In Set values of the page>
[INFO ][2015-11-04 19:54:24,335][com.java.SeleniumDriver] [  847] - {Data Fields & Data Values Exist}
[INFO ][2015-11-04 19:54:24,335][com.java.SeleniumDriver] [  849] - --------------------------setting values-----------------------------
[INFO ][2015-11-04 19:54:24,335][com.java.SeleniumDriver] [  852] - Action Type : Click
[INFO ][2015-11-04 19:54:24,335][com.java.TestType] [ 4065] - Field ::BTNchkPrivsAccessGL
[INFO ][2015-11-04 19:54:25,335][com.java.TestType] [ 4103] - BEFORE CLICK
[INFO ][2015-11-04 19:54:26,668][com.java.TestType] [ 4110] - Unable to click the object GL check box
[INFO ][2015-11-04 19:54:26,668][com.java.SeleniumDriver] [  861] -  RESULT true
[INFO ][2015-11-04 19:54:26,668][com.java.SeleniumDriver] [ 1066] - ?   P A S S   ?
[INFO ][2015-11-04 19:54:26,668][com.java.SeleniumDriver] [  788] - ------------------------------------------
[INFO ][2015-11-04 19:54:26,668][com.java.SeleniumDriver] [  789] - Test case being Executed: 11
[INFO ][2015-11-04 19:54:26,668][com.java.SeleniumDriver] [  800] - Test step:28
[INFO ][2015-11-04 19:54:26,668][com.java.SeleniumDriver] [  812] - Datavalue is----------null
[DEBUG][2015-11-04 19:54:26,668][com.java.SeleniumDriver] [  830] - Exception: null
[INFO ][2015-11-04 19:54:26,668][com.java.SeleniumDriver] [  836] - DataField : BTNparent
[INFO ][2015-11-04 19:54:26,668][com.java.SeleniumDriver] [  838] - DataValue : 
[INFO ][2015-11-04 19:54:26,669][com.java.SeleniumDriver] [  844] - <In Set values of the page>
[INFO ][2015-11-04 19:54:26,669][com.java.SeleniumDriver] [  847] - {Data Fields & Data Values Exist}
[INFO ][2015-11-04 19:54:26,669][com.java.SeleniumDriver] [  849] - --------------------------setting values-----------------------------
[INFO ][2015-11-04 19:54:26,669][com.java.SeleniumDriver] [  852] - Action Type : SelectFrame
[INFO ][2015-11-04 19:54:26,682][com.java.SeleniumDriver] [  861] -  RESULT true
[INFO ][2015-11-04 19:54:26,683][com.java.SeleniumDriver] [ 1066] - ?   P A S S   ?
[INFO ][2015-11-04 19:54:26,683][com.java.SeleniumDriver] [  788] - ------------------------------------------
[INFO ][2015-11-04 19:54:26,683][com.java.SeleniumDriver] [  789] - Test case being Executed: 11
[INFO ][2015-11-04 19:54:26,683][com.java.SeleniumDriver] [  800] - Test step:29
[INFO ][2015-11-04 19:54:26,683][com.java.SeleniumDriver] [  812] - Datavalue is----------5
[INFO ][2015-11-04 19:54:26,683][com.java.SeleniumDriver] [  836] - DataField : test
[INFO ][2015-11-04 19:54:26,683][com.java.SeleniumDriver] [  838] - DataValue : 5
[INFO ][2015-11-04 19:54:26,683][com.java.SeleniumDriver] [  844] - <In Set values of the page>
[INFO ][2015-11-04 19:54:26,684][com.java.SeleniumDriver] [  847] - {Data Fields & Data Values Exist}
[INFO ][2015-11-04 19:54:26,684][com.java.SeleniumDriver] [  849] - --------------------------setting values-----------------------------
[INFO ][2015-11-04 19:54:26,684][com.java.SeleniumDriver] [  852] - Action Type : WaitTime
[DEBUG][2015-11-04 19:54:26,684][com.java.TestType] [ 3656] - sleepTime: 5000
[INFO ][2015-11-04 19:54:31,684][com.java.SeleniumDriver] [  861] -  RESULT true
[INFO ][2015-11-04 19:54:31,684][com.java.SeleniumDriver] [ 1066] - ?   P A S S   ?
[INFO ][2015-11-04 19:54:31,684][com.java.SeleniumDriver] [  788] - ------------------------------------------
[INFO ][2015-11-04 19:54:31,684][com.java.SeleniumDriver] [  789] - Test case being Executed: 11
[INFO ][2015-11-04 19:54:31,684][com.java.SeleniumDriver] [  800] - Test step:30
[INFO ][2015-11-04 19:54:31,684][com.java.SeleniumDriver] [  812] - Datavalue is----------null
[DEBUG][2015-11-04 19:54:31,686][com.java.SeleniumDriver] [  830] - Exception: null
[INFO ][2015-11-04 19:54:31,686][com.java.SeleniumDriver] [  836] - DataField : XPH//span[contains(text(), 'Finished')]
[INFO ][2015-11-04 19:54:31,686][com.java.SeleniumDriver] [  838] - DataValue : 
[INFO ][2015-11-04 19:54:31,686][com.java.SeleniumDriver] [  844] - <In Set values of the page>
[INFO ][2015-11-04 19:54:31,686][com.java.SeleniumDriver] [  847] - {Data Fields & Data Values Exist}
[INFO ][2015-11-04 19:54:31,686][com.java.SeleniumDriver] [  849] - --------------------------setting values-----------------------------
[INFO ][2015-11-04 19:54:31,686][com.java.SeleniumDriver] [  852] - Action Type : Click
[INFO ][2015-11-04 19:54:31,686][com.java.TestType] [ 4065] - Field ::XPH//span[contains(text(), 'Finished')]
[INFO ][2015-11-04 19:54:32,687][com.java.TestType] [ 4124] - BEFORE CLICK
[INFO ][2015-11-04 19:54:41,762][com.java.TestType] [ 4132] - Unable to click the object Finished button
[INFO ][2015-11-04 19:54:41,762][com.java.SeleniumDriver] [  861] -  RESULT true
[INFO ][2015-11-04 19:54:41,762][com.java.SeleniumDriver] [ 1066] - ?   P A S S   ?
[INFO ][2015-11-04 19:54:41,762][com.java.SeleniumDriver] [  788] - ------------------------------------------
[INFO ][2015-11-04 19:54:41,762][com.java.SeleniumDriver] [  789] - Test case being Executed: 11
[INFO ][2015-11-04 19:54:41,762][com.java.SeleniumDriver] [  800] - Test step:31
[INFO ][2015-11-04 19:54:41,762][com.java.SeleniumDriver] [  812] - Datavalue is----------5
[INFO ][2015-11-04 19:54:41,762][com.java.SeleniumDriver] [  836] - DataField : BTNframeDialogContent
[INFO ][2015-11-04 19:54:41,762][com.java.SeleniumDriver] [  838] - DataValue : 5
[INFO ][2015-11-04 19:54:41,762][com.java.SeleniumDriver] [  844] - <In Set values of the page>
[INFO ][2015-11-04 19:54:41,762][com.java.SeleniumDriver] [  847] - {Data Fields & Data Values Exist}
[INFO ][2015-11-04 19:54:41,763][com.java.SeleniumDriver] [  849] - --------------------------setting values-----------------------------
[INFO ][2015-11-04 19:54:41,763][com.java.SeleniumDriver] [  852] - Action Type : WaitForElement
[INFO ][2015-11-04 19:54:43,024][com.java.SeleniumDriver] [  861] -  RESULT true
[INFO ][2015-11-04 19:54:43,024][com.java.SeleniumDriver] [ 1066] - ?   P A S S   ?
[INFO ][2015-11-04 19:54:43,024][com.java.SeleniumDriver] [  788] - ------------------------------------------
[INFO ][2015-11-04 19:54:43,024][com.java.SeleniumDriver] [  789] - Test case being Executed: 11
[INFO ][2015-11-04 19:54:43,024][com.java.SeleniumDriver] [  800] - Test step:32
[INFO ][2015-11-04 19:54:43,024][com.java.SeleniumDriver] [  812] - Datavalue is----------null
[DEBUG][2015-11-04 19:54:43,025][com.java.SeleniumDriver] [  830] - Exception: null
[INFO ][2015-11-04 19:54:43,025][com.java.SeleniumDriver] [  836] - DataField : BTNframeDialogContent
[INFO ][2015-11-04 19:54:43,025][com.java.SeleniumDriver] [  838] - DataValue : 
[INFO ][2015-11-04 19:54:43,025][com.java.SeleniumDriver] [  844] - <In Set values of the page>
[INFO ][2015-11-04 19:54:43,025][com.java.SeleniumDriver] [  847] - {Data Fields & Data Values Exist}
[INFO ][2015-11-04 19:54:43,025][com.java.SeleniumDriver] [  849] - --------------------------setting values-----------------------------
[INFO ][2015-11-04 19:54:43,025][com.java.SeleniumDriver] [  852] - Action Type : SelectFrame
[INFO ][2015-11-04 19:54:44,297][com.java.SeleniumDriver] [  861] -  RESULT true
[INFO ][2015-11-04 19:54:44,297][com.java.SeleniumDriver] [ 1066] - ?   P A S S   ?
[INFO ][2015-11-04 19:54:44,297][com.java.SeleniumDriver] [  788] - ------------------------------------------
[INFO ][2015-11-04 19:54:44,297][com.java.SeleniumDriver] [  789] - Test case being Executed: 11
[INFO ][2015-11-04 19:54:44,297][com.java.SeleniumDriver] [  800] - Test step:33
[INFO ][2015-11-04 19:54:44,297][com.java.SeleniumDriver] [  812] - Datavalue is----------null
[DEBUG][2015-11-04 19:54:44,297][com.java.SeleniumDriver] [  830] - Exception: null
[INFO ][2015-11-04 19:54:44,297][com.java.SeleniumDriver] [  836] - DataField : XPH//table[@id="tblUserListing"]//td[contains(text(),'vltest.robot')]
[INFO ][2015-11-04 19:54:44,297][com.java.SeleniumDriver] [  838] - DataValue : 
[INFO ][2015-11-04 19:54:44,297][com.java.SeleniumDriver] [  844] - <In Set values of the page>
[INFO ][2015-11-04 19:54:44,298][com.java.SeleniumDriver] [  847] - {Data Fields & Data Values Exist}
[INFO ][2015-11-04 19:54:44,298][com.java.SeleniumDriver] [  849] - --------------------------setting values-----------------------------
[INFO ][2015-11-04 19:54:44,298][com.java.SeleniumDriver] [  852] - Action Type : WaitForElement
[INFO ][2015-11-04 19:54:44,363][com.java.SeleniumDriver] [  861] -  RESULT true
[INFO ][2015-11-04 19:54:44,363][com.java.SeleniumDriver] [ 1066] - ?   P A S S   ?
[INFO ][2015-11-04 19:54:44,363][com.java.SeleniumDriver] [  788] - ------------------------------------------
[INFO ][2015-11-04 19:54:44,363][com.java.SeleniumDriver] [  789] - Test case being Executed: 11
[INFO ][2015-11-04 19:54:44,363][com.java.SeleniumDriver] [  800] - Test step:34
[INFO ][2015-11-04 19:54:44,363][com.java.SeleniumDriver] [  812] - Datavalue is----------dt:NewUserName
[INFO ][2015-11-04 19:54:44,363][com.java.SeleniumDriver] [  836] - DataField : USR
[INFO ][2015-11-04 19:54:44,363][com.java.SeleniumDriver] [  838] - DataValue : dt:NewUserName
[INFO ][2015-11-04 19:54:44,363][com.java.SeleniumDriver] [  844] - <In Set values of the page>
[INFO ][2015-11-04 19:54:44,363][com.java.SeleniumDriver] [  847] - {Data Fields & Data Values Exist}
[INFO ][2015-11-04 19:54:44,364][com.java.SeleniumDriver] [  849] - --------------------------setting values-----------------------------
[INFO ][2015-11-04 19:54:44,364][com.java.SeleniumDriver] [  852] - Action Type : Verify
[INFO ][2015-11-04 19:54:44,364][com.java.TestType] [ 4878] - field= USR value= dt:NewUserName
[INFO ][2015-11-04 19:54:44,364][com.java.TestType] [ 3752] - value = vltest.robot
[INFO ][2015-11-04 19:54:44,429][com.java.SeleniumDriver] [  861] -  RESULT true
[INFO ][2015-11-04 19:54:44,429][com.java.SeleniumDriver] [ 1066] - ?   P A S S   ?
[INFO ][2015-11-04 19:54:44,429][com.java.SeleniumDriver] [  788] - ------------------------------------------
[INFO ][2015-11-04 19:54:44,429][com.java.SeleniumDriver] [  789] - Test case being Executed: 11
[INFO ][2015-11-04 19:54:44,429][com.java.SeleniumDriver] [  800] - Test step:35
[INFO ][2015-11-04 19:54:44,431][com.java.SeleniumDriver] [  812] - Datavalue is----------Login_username
[INFO ][2015-11-04 19:54:44,431][com.java.SeleniumDriver] [  836] - DataField : XPH//table[@id="tblUserListing"]//td[contains(text(),'vltest.robot')]
[INFO ][2015-11-04 19:54:44,431][com.java.SeleniumDriver] [  838] - DataValue : Login_username
[INFO ][2015-11-04 19:54:44,431][com.java.SeleniumDriver] [  844] - <In Set values of the page>
[INFO ][2015-11-04 19:54:44,431][com.java.SeleniumDriver] [  847] - {Data Fields & Data Values Exist}
[INFO ][2015-11-04 19:54:44,431][com.java.SeleniumDriver] [  849] - --------------------------setting values-----------------------------
[INFO ][2015-11-04 19:54:44,431][com.java.SeleniumDriver] [  852] - Action Type : STOREVALUE
[INFO ][2015-11-04 19:54:44,431][com.java.TestType] [ 5812] - field= XPH//table[@id="tblUserListing"]//td[contains(text(),'vltest.robot')]
[DEBUG][2015-11-04 19:54:44,545][com.java.TestType] [ 5864] - Key:: Login_username   Value:: vltest.robot.03890
[INFO ][2015-11-04 19:54:44,545][com.java.SeleniumDriver] [  861] -  RESULT true
[INFO ][2015-11-04 19:54:44,545][com.java.SeleniumDriver] [ 1066] - ?   P A S S   ?
[INFO ][2015-11-04 19:54:44,545][com.java.SeleniumDriver] [  788] - ------------------------------------------
[INFO ][2015-11-04 19:54:44,545][com.java.SeleniumDriver] [  789] - Test case being Executed: 11
[INFO ][2015-11-04 19:54:44,545][com.java.SeleniumDriver] [  800] - Test step:36
[INFO ][2015-11-04 19:54:44,545][com.java.SeleniumDriver] [  812] - Datavalue is----------null
[DEBUG][2015-11-04 19:54:44,545][com.java.SeleniumDriver] [  830] - Exception: null
[INFO ][2015-11-04 19:54:44,546][com.java.SeleniumDriver] [  836] - DataField : BTNparent
[INFO ][2015-11-04 19:54:44,547][com.java.SeleniumDriver] [  838] - DataValue : 
[INFO ][2015-11-04 19:54:44,547][com.java.SeleniumDriver] [  844] - <In Set values of the page>
[INFO ][2015-11-04 19:54:44,547][com.java.SeleniumDriver] [  847] - {Data Fields & Data Values Exist}
[INFO ][2015-11-04 19:54:44,547][com.java.SeleniumDriver] [  849] - --------------------------setting values-----------------------------
[INFO ][2015-11-04 19:54:44,547][com.java.SeleniumDriver] [  852] - Action Type : SelectFrame
[INFO ][2015-11-04 19:54:44,561][com.java.SeleniumDriver] [  861] -  RESULT true
[INFO ][2015-11-04 19:54:44,561][com.java.SeleniumDriver] [ 1066] - ?   P A S S   ?
[INFO ][2015-11-04 19:54:44,561][com.java.SeleniumDriver] [  788] - ------------------------------------------
[INFO ][2015-11-04 19:54:44,561][com.java.SeleniumDriver] [  789] - Test case being Executed: 11
[INFO ][2015-11-04 19:54:44,561][com.java.SeleniumDriver] [  800] - Test step:37
[INFO ][2015-11-04 19:54:44,561][com.java.SeleniumDriver] [  812] - Datavalue is----------null
[DEBUG][2015-11-04 19:54:44,561][com.java.SeleniumDriver] [  830] - Exception: null
[INFO ][2015-11-04 19:54:44,561][com.java.SeleniumDriver] [  836] - DataField : XPH//span[contains(text(), 'Finished')]
[INFO ][2015-11-04 19:54:44,561][com.java.SeleniumDriver] [  838] - DataValue : 
[INFO ][2015-11-04 19:54:44,561][com.java.SeleniumDriver] [  844] - <In Set values of the page>
[INFO ][2015-11-04 19:54:44,561][com.java.SeleniumDriver] [  847] - {Data Fields & Data Values Exist}
[INFO ][2015-11-04 19:54:44,561][com.java.SeleniumDriver] [  849] - --------------------------setting values-----------------------------
[INFO ][2015-11-04 19:54:44,561][com.java.SeleniumDriver] [  852] - Action Type : Click
[INFO ][2015-11-04 19:54:44,562][com.java.TestType] [ 4065] - Field ::XPH//span[contains(text(), 'Finished')]
[INFO ][2015-11-04 19:54:45,562][com.java.TestType] [ 4124] - BEFORE CLICK
[INFO ][2015-11-04 19:54:46,695][com.java.TestType] [ 4132] - Unable to click the object Finished button
[INFO ][2015-11-04 19:54:46,695][com.java.SeleniumDriver] [  861] -  RESULT true
[INFO ][2015-11-04 19:54:46,695][com.java.SeleniumDriver] [ 1066] - ?   P A S S   ?
[INFO ][2015-11-04 19:54:46,695][com.java.SeleniumDriver] [  788] - ------------------------------------------
[INFO ][2015-11-04 19:54:46,695][com.java.SeleniumDriver] [  789] - Test case being Executed: 11
[INFO ][2015-11-04 19:54:46,695][com.java.SeleniumDriver] [  800] - Test step:38
[INFO ][2015-11-04 19:54:46,695][com.java.SeleniumDriver] [  812] - Datavalue is----------Concept#3:1-2
[INFO ][2015-11-04 19:54:46,695][com.java.SeleniumDriver] [  836] - DataField : test
[INFO ][2015-11-04 19:54:46,695][com.java.SeleniumDriver] [  838] - DataValue : Concept#3:1-2
[INFO ][2015-11-04 19:54:46,695][com.java.SeleniumDriver] [  844] - <In Set values of the page>
[INFO ][2015-11-04 19:54:46,695][com.java.SeleniumDriver] [  847] - {Data Fields & Data Values Exist}
[INFO ][2015-11-04 19:54:46,695][com.java.SeleniumDriver] [  849] - --------------------------setting values-----------------------------
[INFO ][2015-11-04 19:54:46,696][com.java.SeleniumDriver] [  852] - Action Type : ExecuteTestCase
[INFO ][2015-11-04 19:54:46,696][com.java.TestType] [  411] - The Concept sheet name is ---------- Concept
[INFO ][2015-11-04 19:54:46,696][com.java.TestType] [  414] - The Concept ID  is ---------- 3
[DEBUG][2015-11-04 19:54:46,696][com.java.TestType] [  418] - Steps being executted in the Concept are: 1:2
[INFO ][2015-11-04 19:54:46,696][com.java.TestType] [  425] - Test data details path ---------- D:\BankersDashboard\TestInputs\TestData.xls
[INFO ][2015-11-04 19:54:46,729][com.java.TestType] [  456] -  str(1) = 3
[INFO ][2015-11-04 19:54:46,729][com.java.TestType] [  459] - Test case Id is---3
[INFO ][2015-11-04 19:54:46,729][com.java.TestType] [  461] - 3
[INFO ][2015-11-04 19:54:46,729][com.java.TestType] [  456] -  str(2) = 1
[INFO ][2015-11-04 19:54:46,730][com.java.TestType] [  508] - row values are--------{1=com.java.Objects.TestDataDetails@199c59a}
[INFO ][2015-11-04 19:54:46,731][com.java.TestType] [  456] -  str(1) = 3
[INFO ][2015-11-04 19:54:46,731][com.java.TestType] [  459] - Test case Id is---3
[INFO ][2015-11-04 19:54:46,731][com.java.TestType] [  461] - 3
[INFO ][2015-11-04 19:54:46,731][com.java.TestType] [  456] -  str(2) = 2
[INFO ][2015-11-04 19:54:46,731][com.java.TestType] [  508] - row values are--------{1=com.java.Objects.TestDataDetails@199c59a, 2=com.java.Objects.TestDataDetails@12e6b15}
[INFO ][2015-11-04 19:54:46,732][com.java.TestType] [ 7901] - Looping 1TCID = 3
[DEBUG][2015-11-04 19:54:46,732][com.java.TestType] [ 7942] - Concept ID:3 :: Step being Executed: 3::1
[INFO ][2015-11-04 19:54:46,732][com.java.TestType] [ 7980] - dataFields : test
[DEBUG][2015-11-04 19:54:46,732][com.java.TestType] [ 7986] - <In Set values of the page>
[DEBUG][2015-11-04 19:54:46,732][com.java.TestType] [ 7991] - {Data Fields & Data Values Exist}
[INFO ][2015-11-04 19:54:46,732][com.java.TestType] [ 7997] - --------------------------setting values-----------------------------
[INFO ][2015-11-04 19:54:46,732][com.java.TestType] [ 8000] - Action Type : Logout
[INFO ][2015-11-04 19:54:46,924][com.java.TestType] [ 4065] - Field ::HDNbtnLogout
[ERROR][2015-11-04 19:54:47,998][com.java.TestType] [ 4298] - Exception in click:: null
[INFO ][2015-11-04 19:54:47,999][com.java.TestType] [ 4302] - Element ::btnLogout:: not found
[INFO ][2015-11-04 19:54:49,999][com.java.TestType] [ 4065] - Field ::CNF
[ERROR][2015-11-04 19:54:51,105][com.java.TestType] [ 4298] - Exception in click:: No alert is active (WARNING: The server did not provide any stacktrace information)
Command duration or timeout: 106 milliseconds
Build info: version: '2.48.2', revision: '41bccdd', time: '2015-10-09 19:59:12'
System info: host: 'FVTIII438F1D', ip: '172.17.68.34', os.name: 'Windows 7', os.arch: 'x86', os.version: '6.1', java.version: '1.7.0_55'
Session ID: 560748b9-5ba8-440c-9f14-0a861f80bb06
Driver info: org.openqa.selenium.ie.InternetExplorerDriver
Capabilities [{platform=WINDOWS, javascriptEnabled=true, elementScrollBehavior=0, ignoreZoomSetting=false, enablePersistentHover=true, ie.ensureCleanSession=false, browserName=internet explorer, enableElementCacheCleanup=true, unexpectedAlertBehaviour=dismiss, version=11, ie.usePerProcessProxy=false, ignoreProtectedModeSettings=true, cssSelectorsEnabled=true, requireWindowFocus=false, initialBrowserUrl=http://localhost:13143/, handlesAlerts=true, ie.forceCreateProcessApi=false, nativeEvents=true, browserAttachTimeout=0, ie.browserCommandLineSwitches=, takesScreenshot=true}]
[INFO ][2015-11-04 19:54:51,106][com.java.TestType] [ 4302] - Element :::: not found
[INFO ][2015-11-04 19:58:13,709][com.java.TestType] [ 4068] - Field ::HDNbtnLogout
[ERROR][2015-11-04 19:58:14,803][com.java.TestType] [ 4301] - Exception in click:: null
[INFO ][2015-11-04 19:58:14,804][com.java.TestType] [ 4305] - Element ::btnLogout:: not found
[DEBUG][2015-11-04 19:58:37,428][com.java.SeleniumDriver] [  425] - Hub ip address is-------172.17.68.34
[INFO ][2015-11-04 19:58:37,429][com.java.SeleniumDriver] [  451] - Grid URL:http://172.17.68.34:4444/wd/hub
[INFO ][2015-11-04 19:58:37,429][com.java.SeleniumDriver] [  452] - Capability:Capabilities [{platform=ANY, ensureCleanSession=true, ignoreProtectedModeSettings=true, acceptSslCerts=true, ignoreZoomSetting=true, browserName=internet explorer, browserstack.ie.noFlash=true, version=Node1}]
[ERROR][2015-11-04 19:58:38,434][com.java.SeleniumDriver] [  496] - Unable invoke browser in grid:Could not start a new session. Possible causes are invalid address of the remote server or browser start-up failure.
Build info: version: '2.48.2', revision: '41bccdd', time: '2015-10-09 19:59:12'
System info: host: 'FVTIII438F1D', ip: '172.17.68.34', os.name: 'Windows 7', os.arch: 'x86', os.version: '6.1', java.version: '1.7.0_55'
Driver info: driver.version: SeleniumDriver
[INFO ][2015-11-04 19:58:38,435][com.java.SeleniumDriver] [  498] - Executing on local machine
[INFO ][2015-11-04 19:58:47,098][com.java.TestType] [ 8019] -  RESULT true
[INFO ][2015-11-04 19:58:47,098][com.java.TestType] [ 8136] - ?   P A S S   ?
[DEBUG][2015-11-04 19:58:47,098][com.java.TestType] [ 7942] - Concept ID:3 :: Step being Executed: 3::2
[INFO ][2015-11-04 19:58:47,098][com.java.TestType] [ 7980] - dataFields : test
[DEBUG][2015-11-04 19:58:47,098][com.java.TestType] [ 7986] - <In Set values of the page>
[DEBUG][2015-11-04 19:58:47,098][com.java.TestType] [ 7991] - {Data Fields & Data Values Exist}
[INFO ][2015-11-04 19:58:47,098][com.java.TestType] [ 7997] - --------------------------setting values-----------------------------
[INFO ][2015-11-04 19:58:47,098][com.java.TestType] [ 8000] - Action Type : WaitTime
[DEBUG][2015-11-04 19:58:47,098][com.java.TestType] [ 3659] - sleepTime: 2000
[INFO ][2015-11-04 19:58:49,099][com.java.TestType] [ 8019] -  RESULT true
[INFO ][2015-11-04 19:58:49,099][com.java.TestType] [ 8136] - ?   P A S S   ?
[INFO ][2015-11-04 19:58:49,099][com.java.TestType] [ 8207] - Looping End......
[INFO ][2015-11-04 19:58:49,103][com.java.SeleniumDriver] [  861] -  RESULT true
[INFO ][2015-11-04 19:58:49,104][com.java.SeleniumDriver] [ 1066] - ?   P A S S   ?
[INFO ][2015-11-04 19:58:49,104][com.java.SeleniumDriver] [  788] - ------------------------------------------
[INFO ][2015-11-04 19:58:49,104][com.java.SeleniumDriver] [  789] - Test case being Executed: 11
[INFO ][2015-11-04 19:58:49,104][com.java.SeleniumDriver] [  800] - Test step:39
[INFO ][2015-11-04 19:58:49,104][com.java.SeleniumDriver] [  812] - Datavalue is----------HMVLogin_username
[INFO ][2015-11-04 19:58:49,104][com.java.SeleniumDriver] [  836] - DataField : TXTusername
[INFO ][2015-11-04 19:58:49,104][com.java.SeleniumDriver] [  838] - DataValue : HMVLogin_username
[INFO ][2015-11-04 19:58:49,104][com.java.SeleniumDriver] [  844] - <In Set values of the page>
[INFO ][2015-11-04 19:58:49,104][com.java.SeleniumDriver] [  847] - {Data Fields & Data Values Exist}
[INFO ][2015-11-04 19:58:49,104][com.java.SeleniumDriver] [  849] - --------------------------setting values-----------------------------
[INFO ][2015-11-04 19:58:49,104][com.java.SeleniumDriver] [  852] - Action Type : CLEARANDENTER
[INFO ][2015-11-04 19:58:49,104][com.java.TestType] [ 3755] - value = vltest.robot.03890
[INFO ][2015-11-04 19:58:53,931][com.java.SeleniumDriver] [  861] -  RESULT true
[INFO ][2015-11-04 19:58:53,931][com.java.SeleniumDriver] [ 1066] - ?   P A S S   ?
[INFO ][2015-11-04 19:58:53,931][com.java.SeleniumDriver] [  788] - ------------------------------------------
[INFO ][2015-11-04 19:58:53,931][com.java.SeleniumDriver] [  789] - Test case being Executed: 11
[INFO ][2015-11-04 19:58:53,931][com.java.SeleniumDriver] [  800] - Test step:40
[INFO ][2015-11-04 19:58:53,931][com.java.SeleniumDriver] [  812] - Datavalue is----------dt:NewUserPswd
[INFO ][2015-11-04 19:58:53,931][com.java.SeleniumDriver] [  836] - DataField : TXTpassword
[INFO ][2015-11-04 19:58:53,931][com.java.SeleniumDriver] [  838] - DataValue : dt:NewUserPswd
[INFO ][2015-11-04 19:58:53,931][com.java.SeleniumDriver] [  844] - <In Set values of the page>
[INFO ][2015-11-04 19:58:53,931][com.java.SeleniumDriver] [  847] - {Data Fields & Data Values Exist}
[INFO ][2015-11-04 19:58:53,931][com.java.SeleniumDriver] [  849] - --------------------------setting values-----------------------------
[INFO ][2015-11-04 19:58:53,931][com.java.SeleniumDriver] [  852] - Action Type : CLEARANDENTER
[INFO ][2015-11-04 19:58:53,932][com.java.TestType] [ 3755] - value = Password1*
[INFO ][2015-11-04 19:58:58,873][com.java.SeleniumDriver] [  861] -  RESULT true
[INFO ][2015-11-04 19:58:58,873][com.java.SeleniumDriver] [ 1066] - ?   P A S S   ?
[INFO ][2015-11-04 19:58:58,873][com.java.SeleniumDriver] [  788] - ------------------------------------------
[INFO ][2015-11-04 19:58:58,873][com.java.SeleniumDriver] [  789] - Test case being Executed: 11
[INFO ][2015-11-04 19:58:58,873][com.java.SeleniumDriver] [  800] - Test step:41
[INFO ][2015-11-04 19:58:58,873][com.java.SeleniumDriver] [  812] - Datavalue is----------null
[DEBUG][2015-11-04 19:58:58,873][com.java.SeleniumDriver] [  830] - Exception: null
[INFO ][2015-11-04 19:58:58,874][com.java.SeleniumDriver] [  836] - DataField : XPH//button[@type='submit']
[INFO ][2015-11-04 19:58:58,874][com.java.SeleniumDriver] [  838] - DataValue : 
[INFO ][2015-11-04 19:58:58,874][com.java.SeleniumDriver] [  844] - <In Set values of the page>
[INFO ][2015-11-04 19:58:58,874][com.java.SeleniumDriver] [  847] - {Data Fields & Data Values Exist}
[INFO ][2015-11-04 19:58:58,874][com.java.SeleniumDriver] [  849] - --------------------------setting values-----------------------------
[INFO ][2015-11-04 19:58:58,874][com.java.SeleniumDriver] [  852] - Action Type : Click
[INFO ][2015-11-04 19:58:58,874][com.java.TestType] [ 4068] - Field ::XPH//button[@type='submit']
[INFO ][2015-11-04 19:58:59,874][com.java.TestType] [ 4127] - BEFORE CLICK
[INFO ][2015-11-04 19:59:00,723][com.java.TestType] [ 4135] - Unable to click the object Login
[INFO ][2015-11-04 19:59:00,723][com.java.SeleniumDriver] [  861] -  RESULT true
[INFO ][2015-11-04 19:59:00,723][com.java.SeleniumDriver] [ 1066] - ?   P A S S   ?
[INFO ][2015-11-04 19:59:00,723][com.java.SeleniumDriver] [  788] - ------------------------------------------
[INFO ][2015-11-04 19:59:00,723][com.java.SeleniumDriver] [  789] - Test case being Executed: 11
[INFO ][2015-11-04 19:59:00,723][com.java.SeleniumDriver] [  800] - Test step:42
[INFO ][2015-11-04 19:59:00,723][com.java.SeleniumDriver] [  812] - Datavalue is----------2
[INFO ][2015-11-04 19:59:00,723][com.java.SeleniumDriver] [  836] - DataField : LNKLogout
[INFO ][2015-11-04 19:59:00,723][com.java.SeleniumDriver] [  838] - DataValue : 2
[INFO ][2015-11-04 19:59:00,723][com.java.SeleniumDriver] [  844] - <In Set values of the page>
[INFO ][2015-11-04 19:59:00,723][com.java.SeleniumDriver] [  847] - {Data Fields & Data Values Exist}
[INFO ][2015-11-04 19:59:00,723][com.java.SeleniumDriver] [  849] - --------------------------setting values-----------------------------
[INFO ][2015-11-04 19:59:00,723][com.java.SeleniumDriver] [  852] - Action Type : WaitForElement
[INFO ][2015-11-04 19:59:21,702][com.java.SeleniumDriver] [  861] -  RESULT true
[INFO ][2015-11-04 19:59:21,703][com.java.SeleniumDriver] [ 1066] - ?   P A S S   ?
[INFO ][2015-11-04 19:59:21,703][com.java.SeleniumDriver] [  788] - ------------------------------------------
[INFO ][2015-11-04 19:59:21,703][com.java.SeleniumDriver] [  789] - Test case being Executed: 11
[INFO ][2015-11-04 19:59:21,703][com.java.SeleniumDriver] [  800] - Test step:43
[INFO ][2015-11-04 19:59:21,703][com.java.SeleniumDriver] [  812] - Datavalue is----------Banker'sDashboard
[INFO ][2015-11-04 19:59:21,703][com.java.SeleniumDriver] [  836] - DataField : TTL
[INFO ][2015-11-04 19:59:21,703][com.java.SeleniumDriver] [  838] - DataValue : Banker'sDashboard
[INFO ][2015-11-04 19:59:21,703][com.java.SeleniumDriver] [  844] - <In Set values of the page>
[INFO ][2015-11-04 19:59:21,703][com.java.SeleniumDriver] [  847] - {Data Fields & Data Values Exist}
[INFO ][2015-11-04 19:59:21,703][com.java.SeleniumDriver] [  849] - --------------------------setting values-----------------------------
[INFO ][2015-11-04 19:59:21,703][com.java.SeleniumDriver] [  852] - Action Type : SelectWindow
[INFO ][2015-11-04 19:59:33,868][com.java.SeleniumDriver] [  861] -  RESULT true
[INFO ][2015-11-04 19:59:33,869][com.java.SeleniumDriver] [ 1066] - ?   P A S S   ?
[INFO ][2015-11-04 19:59:33,869][com.java.SeleniumDriver] [  788] - ------------------------------------------
[INFO ][2015-11-04 19:59:33,869][com.java.SeleniumDriver] [  789] - Test case being Executed: 11
[INFO ][2015-11-04 19:59:33,869][com.java.SeleniumDriver] [  800] - Test step:44
[INFO ][2015-11-04 19:59:33,869][com.java.SeleniumDriver] [  812] - Datavalue is----------20
[INFO ][2015-11-04 19:59:33,869][com.java.SeleniumDriver] [  836] - DataField : test
[INFO ][2015-11-04 19:59:33,869][com.java.SeleniumDriver] [  838] - DataValue : 20
[INFO ][2015-11-04 19:59:33,869][com.java.SeleniumDriver] [  844] - <In Set values of the page>
[INFO ][2015-11-04 19:59:33,869][com.java.SeleniumDriver] [  847] - {Data Fields & Data Values Exist}
[INFO ][2015-11-04 19:59:33,869][com.java.SeleniumDriver] [  849] - --------------------------setting values-----------------------------
[INFO ][2015-11-04 19:59:33,869][com.java.SeleniumDriver] [  852] - Action Type : WaitTime
[DEBUG][2015-11-04 19:59:33,869][com.java.TestType] [ 3659] - sleepTime: 20000
[INFO ][2015-11-04 19:59:53,868][com.java.SeleniumDriver] [  861] -  RESULT true
[INFO ][2015-11-04 19:59:53,868][com.java.SeleniumDriver] [ 1066] - ?   P A S S   ?
[INFO ][2015-11-04 19:59:53,868][com.java.SeleniumDriver] [  788] - ------------------------------------------
[INFO ][2015-11-04 19:59:53,868][com.java.SeleniumDriver] [  789] - Test case being Executed: 11
[INFO ][2015-11-04 19:59:53,868][com.java.SeleniumDriver] [  800] - Test step:45
[INFO ][2015-11-04 19:59:53,868][com.java.SeleniumDriver] [  812] - Datavalue is----------null
[DEBUG][2015-11-04 19:59:53,870][com.java.SeleniumDriver] [  830] - Exception: null
[INFO ][2015-11-04 19:59:53,870][com.java.SeleniumDriver] [  836] - DataField : //span[@class='icon-cog2']&&User Settings
[INFO ][2015-11-04 19:59:53,870][com.java.SeleniumDriver] [  838] - DataValue : 
[INFO ][2015-11-04 19:59:53,870][com.java.SeleniumDriver] [  844] - <In Set values of the page>
[INFO ][2015-11-04 19:59:53,870][com.java.SeleniumDriver] [  847] - {Data Fields & Data Values Exist}
[INFO ][2015-11-04 19:59:53,870][com.java.SeleniumDriver] [  849] - --------------------------setting values-----------------------------
[INFO ][2015-11-04 19:59:53,870][com.java.SeleniumDriver] [  852] - Action Type : MouseOver
[INFO ][2015-11-04 20:00:10,270][com.java.SeleniumDriver] [  861] -  RESULT true
[INFO ][2015-11-04 20:00:10,270][com.java.SeleniumDriver] [ 1066] - ?   P A S S   ?
[INFO ][2015-11-04 20:00:10,270][com.java.SeleniumDriver] [  788] - ------------------------------------------
[INFO ][2015-11-04 20:00:10,270][com.java.SeleniumDriver] [  789] - Test case being Executed: 11
[INFO ][2015-11-04 20:00:10,270][com.java.SeleniumDriver] [  800] - Test step:46
[INFO ][2015-11-04 20:00:10,271][com.java.SeleniumDriver] [  812] - Datavalue is----------2
[INFO ][2015-11-04 20:00:10,271][com.java.SeleniumDriver] [  836] - DataField : BTNframeDialogContent
[INFO ][2015-11-04 20:00:10,271][com.java.SeleniumDriver] [  838] - DataValue : 2
[INFO ][2015-11-04 20:00:10,271][com.java.SeleniumDriver] [  844] - <In Set values of the page>
[INFO ][2015-11-04 20:00:10,271][com.java.SeleniumDriver] [  847] - {Data Fields & Data Values Exist}
[INFO ][2015-11-04 20:00:10,271][com.java.SeleniumDriver] [  849] - --------------------------setting values-----------------------------
[INFO ][2015-11-04 20:00:10,271][com.java.SeleniumDriver] [  852] - Action Type : WaitForElement
[INFO ][2015-11-04 20:00:11,476][com.java.SeleniumDriver] [  861] -  RESULT true
[INFO ][2015-11-04 20:00:11,476][com.java.SeleniumDriver] [ 1066] - ?   P A S S   ?
[INFO ][2015-11-04 20:00:11,476][com.java.SeleniumDriver] [  788] - ------------------------------------------
[INFO ][2015-11-04 20:00:11,476][com.java.SeleniumDriver] [  789] - Test case being Executed: 11
[INFO ][2015-11-04 20:00:11,476][com.java.SeleniumDriver] [  800] - Test step:47
[INFO ][2015-11-04 20:00:11,476][com.java.SeleniumDriver] [  812] - Datavalue is----------frameDialogContent
[INFO ][2015-11-04 20:00:11,476][com.java.SeleniumDriver] [  836] - DataField : BTN
[INFO ][2015-11-04 20:00:11,477][com.java.SeleniumDriver] [  838] - DataValue : frameDialogContent
[INFO ][2015-11-04 20:00:11,477][com.java.SeleniumDriver] [  844] - <In Set values of the page>
[INFO ][2015-11-04 20:00:11,477][com.java.SeleniumDriver] [  847] - {Data Fields & Data Values Exist}
[INFO ][2015-11-04 20:00:11,477][com.java.SeleniumDriver] [  849] - --------------------------setting values-----------------------------
[INFO ][2015-11-04 20:00:11,477][com.java.SeleniumDriver] [  852] - Action Type : SELECTFRAMEBYNAME
[INFO ][2015-11-04 20:00:11,477][com.java.TestType] [ 3755] - value = frameDialogContent
[INFO ][2015-11-04 20:00:11,547][com.java.SeleniumDriver] [  861] -  RESULT true
[INFO ][2015-11-04 20:00:11,547][com.java.SeleniumDriver] [ 1066] - ?   P A S S   ?
[INFO ][2015-11-04 20:00:11,547][com.java.SeleniumDriver] [  788] - ------------------------------------------
[INFO ][2015-11-04 20:00:11,547][com.java.SeleniumDriver] [  789] - Test case being Executed: 11
[INFO ][2015-11-04 20:00:11,547][com.java.SeleniumDriver] [  800] - Test step:48
[INFO ][2015-11-04 20:00:11,547][com.java.SeleniumDriver] [  812] - Datavalue is----------No
[INFO ][2015-11-04 20:00:11,547][com.java.SeleniumDriver] [  836] - DataField : SLBddlOpenBDInNewWindow
[INFO ][2015-11-04 20:00:11,547][com.java.SeleniumDriver] [  838] - DataValue : No
[INFO ][2015-11-04 20:00:11,547][com.java.SeleniumDriver] [  844] - <In Set values of the page>
[INFO ][2015-11-04 20:00:11,547][com.java.SeleniumDriver] [  847] - {Data Fields & Data Values Exist}
[INFO ][2015-11-04 20:00:11,548][com.java.SeleniumDriver] [  849] - --------------------------setting values-----------------------------
[INFO ][2015-11-04 20:00:11,548][com.java.SeleniumDriver] [  852] - Action Type : Select
[INFO ][2015-11-04 20:00:11,548][com.java.TestType] [ 3755] - value = No
[INFO ][2015-11-04 20:00:13,874][com.java.SeleniumDriver] [  861] -  RESULT true
[INFO ][2015-11-04 20:00:13,874][com.java.SeleniumDriver] [ 1066] - ?   P A S S   ?
[INFO ][2015-11-04 20:00:13,874][com.java.SeleniumDriver] [  788] - ------------------------------------------
[INFO ][2015-11-04 20:00:13,874][com.java.SeleniumDriver] [  789] - Test case being Executed: 11
[INFO ][2015-11-04 20:00:13,874][com.java.SeleniumDriver] [  800] - Test step:49
[INFO ][2015-11-04 20:00:13,874][com.java.SeleniumDriver] [  812] - Datavalue is----------null
[DEBUG][2015-11-04 20:00:13,874][com.java.SeleniumDriver] [  830] - Exception: null
[INFO ][2015-11-04 20:00:13,874][com.java.SeleniumDriver] [  836] - DataField : BTNparent
[INFO ][2015-11-04 20:00:13,874][com.java.SeleniumDriver] [  838] - DataValue : 
[INFO ][2015-11-04 20:00:13,874][com.java.SeleniumDriver] [  844] - <In Set values of the page>
[INFO ][2015-11-04 20:00:13,875][com.java.SeleniumDriver] [  847] - {Data Fields & Data Values Exist}
[INFO ][2015-11-04 20:00:13,875][com.java.SeleniumDriver] [  849] - --------------------------setting values-----------------------------
[INFO ][2015-11-04 20:00:13,875][com.java.SeleniumDriver] [  852] - Action Type : SELECTFRAME
[INFO ][2015-11-04 20:00:13,890][com.java.SeleniumDriver] [  861] -  RESULT true
[INFO ][2015-11-04 20:00:13,891][com.java.SeleniumDriver] [ 1066] - ?   P A S S   ?
[INFO ][2015-11-04 20:00:13,891][com.java.SeleniumDriver] [  788] - ------------------------------------------
[INFO ][2015-11-04 20:00:13,891][com.java.SeleniumDriver] [  789] - Test case being Executed: 11
[INFO ][2015-11-04 20:00:13,891][com.java.SeleniumDriver] [  800] - Test step:50
[INFO ][2015-11-04 20:00:13,891][com.java.SeleniumDriver] [  812] - Datavalue is----------null
[DEBUG][2015-11-04 20:00:13,891][com.java.SeleniumDriver] [  830] - Exception: null
[INFO ][2015-11-04 20:00:13,891][com.java.SeleniumDriver] [  836] - DataField : BTN//span[text()='Finished']
[INFO ][2015-11-04 20:00:13,891][com.java.SeleniumDriver] [  838] - DataValue : 
[INFO ][2015-11-04 20:00:13,891][com.java.SeleniumDriver] [  844] - <In Set values of the page>
[INFO ][2015-11-04 20:00:13,891][com.java.SeleniumDriver] [  847] - {Data Fields & Data Values Exist}
[INFO ][2015-11-04 20:00:13,891][com.java.SeleniumDriver] [  849] - --------------------------setting values-----------------------------
[INFO ][2015-11-04 20:00:13,891][com.java.SeleniumDriver] [  852] - Action Type : Click
[INFO ][2015-11-04 20:00:13,892][com.java.TestType] [ 4068] - Field ::BTN//span[text()='Finished']
[INFO ][2015-11-04 20:00:14,892][com.java.TestType] [ 4106] - BEFORE CLICK
[INFO ][2015-11-04 20:00:15,170][com.java.TestType] [ 4113] - Unable to click the object Finished button
[INFO ][2015-11-04 20:00:15,170][com.java.SeleniumDriver] [  861] -  RESULT true
[INFO ][2015-11-04 20:00:15,170][com.java.SeleniumDriver] [ 1066] - ?   P A S S   ?
[INFO ][2015-11-04 20:00:15,170][com.java.SeleniumDriver] [  788] - ------------------------------------------
[INFO ][2015-11-04 20:00:15,170][com.java.SeleniumDriver] [  789] - Test case being Executed: 11
[INFO ][2015-11-04 20:00:15,170][com.java.SeleniumDriver] [  800] - Test step:51
[INFO ][2015-11-04 20:00:15,170][com.java.SeleniumDriver] [  812] - Datavalue is----------Logout
[INFO ][2015-11-04 20:00:15,170][com.java.SeleniumDriver] [  836] - DataField : LNK
[INFO ][2015-11-04 20:00:15,170][com.java.SeleniumDriver] [  838] - DataValue : Logout
[INFO ][2015-11-04 20:00:15,170][com.java.SeleniumDriver] [  844] - <In Set values of the page>
[INFO ][2015-11-04 20:00:15,171][com.java.SeleniumDriver] [  847] - {Data Fields & Data Values Exist}
[INFO ][2015-11-04 20:00:15,171][com.java.SeleniumDriver] [  849] - --------------------------setting values-----------------------------
[INFO ][2015-11-04 20:00:15,171][com.java.SeleniumDriver] [  852] - Action Type : Verify
[INFO ][2015-11-04 20:00:15,171][com.java.TestType] [ 4881] - field= LNK value= Logout
[INFO ][2015-11-04 20:00:15,171][com.java.TestType] [ 3755] - value = Logout
[INFO ][2015-11-04 20:00:15,315][com.java.SeleniumDriver] [  861] -  RESULT true
[INFO ][2015-11-04 20:00:15,316][com.java.SeleniumDriver] [ 1066] - ?   P A S S   ?
[INFO ][2015-11-04 20:00:15,316][com.java.SeleniumDriver] [  788] - ------------------------------------------
[INFO ][2015-11-04 20:00:15,316][com.java.SeleniumDriver] [  789] - Test case being Executed: 11
[INFO ][2015-11-04 20:00:15,316][com.java.SeleniumDriver] [  800] - Test step:52
[INFO ][2015-11-04 20:00:15,316][com.java.SeleniumDriver] [  812] - Datavalue is----------//img[contains(@src,'bdlogo.jpg')]
[INFO ][2015-11-04 20:00:15,316][com.java.SeleniumDriver] [  836] - DataField : BTN
[INFO ][2015-11-04 20:00:15,316][com.java.SeleniumDriver] [  838] - DataValue : //img[contains(@src,'bdlogo.jpg')]
[INFO ][2015-11-04 20:00:15,316][com.java.SeleniumDriver] [  844] - <In Set values of the page>
[INFO ][2015-11-04 20:00:15,316][com.java.SeleniumDriver] [  847] - {Data Fields & Data Values Exist}
[INFO ][2015-11-04 20:00:15,316][com.java.SeleniumDriver] [  849] - --------------------------setting values-----------------------------
[INFO ][2015-11-04 20:00:15,316][com.java.SeleniumDriver] [  852] - Action Type : Verify
[INFO ][2015-11-04 20:00:15,316][com.java.TestType] [ 4881] - field= BTN value= //img[contains(@src,'bdlogo.jpg')]
[INFO ][2015-11-04 20:00:15,316][com.java.TestType] [ 3755] - value = //img[contains(@src,'bdlogo.jpg')]
[INFO ][2015-11-04 20:00:15,440][com.java.SeleniumDriver] [  861] -  RESULT true
[INFO ][2015-11-04 20:00:15,441][com.java.SeleniumDriver] [ 1066] - ?   P A S S   ?
[INFO ][2015-11-04 20:00:15,441][com.java.SeleniumDriver] [  788] - ------------------------------------------
[INFO ][2015-11-04 20:00:15,441][com.java.SeleniumDriver] [  789] - Test case being Executed: 11
[INFO ][2015-11-04 20:00:15,441][com.java.SeleniumDriver] [  800] - Test step:53
[INFO ][2015-11-04 20:00:15,441][com.java.SeleniumDriver] [  812] - Datavalue is----------Concept#3:1-2
[INFO ][2015-11-04 20:00:15,441][com.java.SeleniumDriver] [  836] - DataField : test
[INFO ][2015-11-04 20:00:15,441][com.java.SeleniumDriver] [  838] - DataValue : Concept#3:1-2
[INFO ][2015-11-04 20:00:15,441][com.java.SeleniumDriver] [  844] - <In Set values of the page>
[INFO ][2015-11-04 20:00:15,441][com.java.SeleniumDriver] [  847] - {Data Fields & Data Values Exist}
[INFO ][2015-11-04 20:00:15,441][com.java.SeleniumDriver] [  849] - --------------------------setting values-----------------------------
[INFO ][2015-11-04 20:00:15,441][com.java.SeleniumDriver] [  852] - Action Type : ExecuteTestCase
[INFO ][2015-11-04 20:00:15,442][com.java.TestType] [  411] - The Concept sheet name is ---------- Concept
[INFO ][2015-11-04 20:00:15,442][com.java.TestType] [  414] - The Concept ID  is ---------- 3
[DEBUG][2015-11-04 20:00:15,442][com.java.TestType] [  418] - Steps being executted in the Concept are: 1:2
[INFO ][2015-11-04 20:00:15,442][com.java.TestType] [  425] - Test data details path ---------- D:\BankersDashboard\TestInputs\TestData.xls
[INFO ][2015-11-04 20:00:15,474][com.java.TestType] [  456] -  str(1) = 3
[INFO ][2015-11-04 20:00:15,474][com.java.TestType] [  459] - Test case Id is---3
[INFO ][2015-11-04 20:00:15,475][com.java.TestType] [  461] - 3
[INFO ][2015-11-04 20:00:15,475][com.java.TestType] [  456] -  str(2) = 1
[INFO ][2015-11-04 20:00:15,476][com.java.TestType] [  508] - row values are--------{1=com.java.Objects.TestDataDetails@19025a2}
[INFO ][2015-11-04 20:00:15,476][com.java.TestType] [  456] -  str(1) = 3
[INFO ][2015-11-04 20:00:15,476][com.java.TestType] [  459] - Test case Id is---3
[INFO ][2015-11-04 20:00:15,476][com.java.TestType] [  461] - 3
[INFO ][2015-11-04 20:00:15,476][com.java.TestType] [  456] -  str(2) = 2
[INFO ][2015-11-04 20:00:15,477][com.java.TestType] [  508] - row values are--------{1=com.java.Objects.TestDataDetails@19025a2, 2=com.java.Objects.TestDataDetails@19289fb}
[INFO ][2015-11-04 20:00:15,477][com.java.TestType] [ 7904] - Looping 1TCID = 3
[DEBUG][2015-11-04 20:00:15,477][com.java.TestType] [ 7945] - Concept ID:3 :: Step being Executed: 3::1
[INFO ][2015-11-04 20:00:15,477][com.java.TestType] [ 7983] - dataFields : test
[DEBUG][2015-11-04 20:00:15,478][com.java.TestType] [ 7989] - <In Set values of the page>
[DEBUG][2015-11-04 20:00:15,478][com.java.TestType] [ 7994] - {Data Fields & Data Values Exist}
[INFO ][2015-11-04 20:00:15,478][com.java.TestType] [ 8000] - --------------------------setting values-----------------------------
[INFO ][2015-11-04 20:00:15,478][com.java.TestType] [ 8003] - Action Type : Logout
[INFO ][2015-11-04 20:00:15,692][com.java.TestType] [ 4068] - Field ::HDNbtnLogout
[ERROR][2015-11-04 20:00:16,763][com.java.TestType] [ 4301] - Exception in click:: null
[INFO ][2015-11-04 20:00:16,763][com.java.TestType] [ 4305] - Element ::btnLogout:: not found
[INFO ][2015-11-04 20:01:51,767][com.java.TestType] [ 4068] - Field ::HDNbtnLogout
