[INFO ][2015-12-21 18:49:22,563][com.java.SeleniumDriver] [  213] - Execute Failed Casesfalse
[INFO ][2015-12-21 18:49:22,563][com.java.SeleniumDriver] [  214] - Browser: IE10
[INFO ][2015-12-21 18:49:22,563][com.java.SeleniumDriver] [  215] - [1, 26]
[INFO ][2015-12-21 18:49:22,573][com.java.SeleniumDriver] [  216] - Total TestCases:2
[INFO ][2015-12-21 18:49:22,573][com.java.SeleniumDriver] [  217] -  Reading Properties from Property File 
[DEBUG][2015-12-21 18:49:22,573][com.java.SeleniumDriver] [  238] - url : https://clients-xuat.bankersdashboard.com
[INFO ][2015-12-21 18:49:22,573][com.java.ImportnExport.ExportTestResultsExcel] [  116] - Time Stamp Mon Dec 21 06:49:22 IST 2015
[INFO ][2015-12-21 18:49:22,573][com.java.ImportnExport.ExportTestResultsExcel] [  175] - OUT FILE : D:\BankersDashboard/TestReports/Test Results_BankersDashBoard_122115_184922_IE10_Bank of North Carolina.xls
[INFO ][2015-12-21 18:49:22,604][com.java.ImportnExport.ExportTestResultsExcel] [  180] - Test Result file is created
[DEBUG][2015-12-21 18:49:22,694][com.java.SeleniumDriver] [  426] - Hub ip address is-------172.17.68.34
[INFO ][2015-12-21 18:49:22,694][com.java.SeleniumDriver] [  452] - Grid URL:http://172.17.68.34:4444/wd/hub
[INFO ][2015-12-21 18:49:22,694][com.java.SeleniumDriver] [  453] - Capability:Capabilities [{platform=ANY, ensureCleanSession=true, ignoreProtectedModeSettings=true, acceptSslCerts=true, ignoreZoomSetting=true, browserName=internet explorer, browserstack.ie.noFlash=true, version=null}]
[ERROR][2015-12-21 18:49:23,994][com.java.SeleniumDriver] [  497] - Unable invoke browser in grid:Could not start a new session. Possible causes are invalid address of the remote server or browser start-up failure.
Build info: version: '2.48.2', revision: '41bccdd', time: '2015-10-09 19:59:12'
System info: host: 'FVTIII438F1D', ip: '172.17.68.34', os.name: 'Windows 7', os.arch: 'x86', os.version: '6.1', java.version: '1.7.0_55'
Driver info: driver.version: SeleniumDriver
[INFO ][2015-12-21 18:49:23,994][com.java.SeleniumDriver] [  499] - Executing on local machine
[INFO ][2015-12-21 18:49:34,311][com.java.SeleniumDriver] [  248] - IE10is opened
[INFO ][2015-12-21 18:49:35,144][com.java.SeleniumDriver] [  754] - Test cases to be executed are: [1, 26]
[INFO ][2015-12-21 18:49:35,165][com.java.ImportnExport.ImportTestDataDetailsExcel] [   49] - test data details path===== D:\BankersDashboard\TestInputs\TestData.xls
[INFO ][2015-12-21 18:49:35,235][com.java.SeleniumDriver] [  821] - ------------------------------------------
[INFO ][2015-12-21 18:49:35,235][com.java.SeleniumDriver] [  822] - Test case being Executed: 1
[INFO ][2015-12-21 18:49:35,235][com.java.SeleniumDriver] [  833] - Test step:1
[INFO ][2015-12-21 18:49:35,235][com.java.SeleniumDriver] [  845] - Datavalue is----------Concept#1:1-16
[INFO ][2015-12-21 18:49:35,235][com.java.SeleniumDriver] [  869] - DataField : test
[INFO ][2015-12-21 18:49:35,235][com.java.SeleniumDriver] [  871] - DataValue : Concept#1:1-16
[INFO ][2015-12-21 18:49:35,235][com.java.SeleniumDriver] [  877] - <In Set values of the page>
[INFO ][2015-12-21 18:49:35,235][com.java.SeleniumDriver] [  880] - {Data Fields & Data Values Exist}
[INFO ][2015-12-21 18:49:35,235][com.java.SeleniumDriver] [  882] - --------------------------setting values-----------------------------
[INFO ][2015-12-21 18:49:35,235][com.java.SeleniumDriver] [  885] - Action Type : ExecuteTestCase
[INFO ][2015-12-21 18:49:35,255][com.java.TestType] [  437] - The Concept sheet name is ---------- Concept
[INFO ][2015-12-21 18:49:35,255][com.java.TestType] [  440] - The Concept ID  is ---------- 1
[DEBUG][2015-12-21 18:49:35,255][com.java.TestType] [  444] - Steps being executted in the Concept are: 1:16
[INFO ][2015-12-21 18:49:35,255][com.java.TestType] [  451] - Test data details path ---------- D:\BankersDashboard\TestInputs\TestData.xls
[INFO ][2015-12-21 18:49:35,285][com.java.TestType] [  482] -  str(1) = 1
[INFO ][2015-12-21 18:49:35,285][com.java.TestType] [  485] - Test case Id is---1
[INFO ][2015-12-21 18:49:35,285][com.java.TestType] [  487] - 1
[INFO ][2015-12-21 18:49:35,285][com.java.TestType] [  482] -  str(2) = 1
[INFO ][2015-12-21 18:49:35,285][com.java.TestType] [  534] - row values are--------{1=com.java.Objects.TestDataDetails@3a0946}
[INFO ][2015-12-21 18:49:35,285][com.java.TestType] [  482] -  str(1) = 1
[INFO ][2015-12-21 18:49:35,285][com.java.TestType] [  485] - Test case Id is---1
[INFO ][2015-12-21 18:49:35,285][com.java.TestType] [  487] - 1
[INFO ][2015-12-21 18:49:35,285][com.java.TestType] [  482] -  str(2) = 2
[INFO ][2015-12-21 18:49:35,295][com.java.TestType] [  534] - row values are--------{1=com.java.Objects.TestDataDetails@3a0946, 2=com.java.Objects.TestDataDetails@17021de}
[INFO ][2015-12-21 18:49:35,295][com.java.TestType] [  482] -  str(1) = 1
[INFO ][2015-12-21 18:49:35,295][com.java.TestType] [  485] - Test case Id is---1
[INFO ][2015-12-21 18:49:35,295][com.java.TestType] [  487] - 1
[INFO ][2015-12-21 18:49:35,295][com.java.TestType] [  482] -  str(2) = 3
[INFO ][2015-12-21 18:49:35,295][com.java.TestType] [  534] - row values are--------{1=com.java.Objects.TestDataDetails@3a0946, 2=com.java.Objects.TestDataDetails@17021de, 3=com.java.Objects.TestDataDetails@6637fa}
[INFO ][2015-12-21 18:49:35,295][com.java.TestType] [  482] -  str(1) = 1
[INFO ][2015-12-21 18:49:35,295][com.java.TestType] [  485] - Test case Id is---1
[INFO ][2015-12-21 18:49:35,295][com.java.TestType] [  487] - 1
[INFO ][2015-12-21 18:49:35,295][com.java.TestType] [  482] -  str(2) = 4
[INFO ][2015-12-21 18:49:35,295][com.java.TestType] [  534] - row values are--------{1=com.java.Objects.TestDataDetails@3a0946, 2=com.java.Objects.TestDataDetails@17021de, 3=com.java.Objects.TestDataDetails@6637fa, 4=com.java.Objects.TestDataDetails@17c6e6c}
[INFO ][2015-12-21 18:49:35,295][com.java.TestType] [  482] -  str(1) = 1
[INFO ][2015-12-21 18:49:35,295][com.java.TestType] [  485] - Test case Id is---1
[INFO ][2015-12-21 18:49:35,295][com.java.TestType] [  487] - 1
[INFO ][2015-12-21 18:49:35,295][com.java.TestType] [  482] -  str(2) = 5
[INFO ][2015-12-21 18:49:35,295][com.java.TestType] [  534] - row values are--------{1=com.java.Objects.TestDataDetails@3a0946, 2=com.java.Objects.TestDataDetails@17021de, 3=com.java.Objects.TestDataDetails@6637fa, 4=com.java.Objects.TestDataDetails@17c6e6c, 5=com.java.Objects.TestDataDetails@12baaac}
[INFO ][2015-12-21 18:49:35,295][com.java.TestType] [  482] -  str(1) = 1
[INFO ][2015-12-21 18:49:35,295][com.java.TestType] [  485] - Test case Id is---1
[INFO ][2015-12-21 18:49:35,295][com.java.TestType] [  487] - 1
[INFO ][2015-12-21 18:49:35,295][com.java.TestType] [  482] -  str(2) = 6
[INFO ][2015-12-21 18:49:35,295][com.java.TestType] [  534] - row values are--------{1=com.java.Objects.TestDataDetails@3a0946, 2=com.java.Objects.TestDataDetails@17021de, 3=com.java.Objects.TestDataDetails@6637fa, 4=com.java.Objects.TestDataDetails@17c6e6c, 5=com.java.Objects.TestDataDetails@12baaac, 6=com.java.Objects.TestDataDetails@7aa1d2}
[INFO ][2015-12-21 18:49:35,295][com.java.TestType] [  482] -  str(1) = 1
[INFO ][2015-12-21 18:49:35,295][com.java.TestType] [  485] - Test case Id is---1
[INFO ][2015-12-21 18:49:35,295][com.java.TestType] [  487] - 1
[INFO ][2015-12-21 18:49:35,295][com.java.TestType] [  482] -  str(2) = 7
[INFO ][2015-12-21 18:49:35,295][com.java.TestType] [  534] - row values are--------{1=com.java.Objects.TestDataDetails@3a0946, 2=com.java.Objects.TestDataDetails@17021de, 3=com.java.Objects.TestDataDetails@6637fa, 4=com.java.Objects.TestDataDetails@17c6e6c, 5=com.java.Objects.TestDataDetails@12baaac, 6=com.java.Objects.TestDataDetails@7aa1d2, 7=com.java.Objects.TestDataDetails@1643e65}
[INFO ][2015-12-21 18:49:35,295][com.java.TestType] [  482] -  str(1) = 1
[INFO ][2015-12-21 18:49:35,295][com.java.TestType] [  485] - Test case Id is---1
[INFO ][2015-12-21 18:49:35,305][com.java.TestType] [  487] - 1
[INFO ][2015-12-21 18:49:35,305][com.java.TestType] [  482] -  str(2) = 8
[INFO ][2015-12-21 18:49:35,305][com.java.TestType] [  534] - row values are--------{1=com.java.Objects.TestDataDetails@3a0946, 2=com.java.Objects.TestDataDetails@17021de, 3=com.java.Objects.TestDataDetails@6637fa, 4=com.java.Objects.TestDataDetails@17c6e6c, 5=com.java.Objects.TestDataDetails@12baaac, 6=com.java.Objects.TestDataDetails@7aa1d2, 7=com.java.Objects.TestDataDetails@1643e65, 8=com.java.Objects.TestDataDetails@163780b}
[INFO ][2015-12-21 18:49:35,305][com.java.TestType] [  482] -  str(1) = 1
[INFO ][2015-12-21 18:49:35,305][com.java.TestType] [  485] - Test case Id is---1
[INFO ][2015-12-21 18:49:35,305][com.java.TestType] [  487] - 1
[INFO ][2015-12-21 18:49:35,305][com.java.TestType] [  482] -  str(2) = 9
[INFO ][2015-12-21 18:49:35,305][com.java.TestType] [  534] - row values are--------{1=com.java.Objects.TestDataDetails@3a0946, 2=com.java.Objects.TestDataDetails@17021de, 3=com.java.Objects.TestDataDetails@6637fa, 4=com.java.Objects.TestDataDetails@17c6e6c, 5=com.java.Objects.TestDataDetails@12baaac, 6=com.java.Objects.TestDataDetails@7aa1d2, 7=com.java.Objects.TestDataDetails@1643e65, 8=com.java.Objects.TestDataDetails@163780b, 9=com.java.Objects.TestDataDetails@42d6f4}
[INFO ][2015-12-21 18:49:35,305][com.java.TestType] [  482] -  str(1) = 1
[INFO ][2015-12-21 18:49:35,305][com.java.TestType] [  485] - Test case Id is---1
[INFO ][2015-12-21 18:49:35,305][com.java.TestType] [  487] - 1
[INFO ][2015-12-21 18:49:35,305][com.java.TestType] [  482] -  str(2) = 10
[INFO ][2015-12-21 18:49:35,305][com.java.TestType] [  534] - row values are--------{1=com.java.Objects.TestDataDetails@3a0946, 2=com.java.Objects.TestDataDetails@17021de, 3=com.java.Objects.TestDataDetails@6637fa, 4=com.java.Objects.TestDataDetails@17c6e6c, 5=com.java.Objects.TestDataDetails@12baaac, 6=com.java.Objects.TestDataDetails@7aa1d2, 7=com.java.Objects.TestDataDetails@1643e65, 8=com.java.Objects.TestDataDetails@163780b, 9=com.java.Objects.TestDataDetails@42d6f4, 10=com.java.Objects.TestDataDetails@19bf480}
[INFO ][2015-12-21 18:49:35,305][com.java.TestType] [  482] -  str(1) = 1
[INFO ][2015-12-21 18:49:35,305][com.java.TestType] [  485] - Test case Id is---1
[INFO ][2015-12-21 18:49:35,305][com.java.TestType] [  487] - 1
[INFO ][2015-12-21 18:49:35,305][com.java.TestType] [  482] -  str(2) = 11
[INFO ][2015-12-21 18:49:35,305][com.java.TestType] [  534] - row values are--------{1=com.java.Objects.TestDataDetails@3a0946, 2=com.java.Objects.TestDataDetails@17021de, 3=com.java.Objects.TestDataDetails@6637fa, 4=com.java.Objects.TestDataDetails@17c6e6c, 5=com.java.Objects.TestDataDetails@12baaac, 6=com.java.Objects.TestDataDetails@7aa1d2, 7=com.java.Objects.TestDataDetails@1643e65, 8=com.java.Objects.TestDataDetails@163780b, 9=com.java.Objects.TestDataDetails@42d6f4, 10=com.java.Objects.TestDataDetails@19bf480, 11=com.java.Objects.TestDataDetails@7a64dd}
[INFO ][2015-12-21 18:49:35,305][com.java.TestType] [  482] -  str(1) = 1
[INFO ][2015-12-21 18:49:35,305][com.java.TestType] [  485] - Test case Id is---1
[INFO ][2015-12-21 18:49:35,305][com.java.TestType] [  487] - 1
[INFO ][2015-12-21 18:49:35,305][com.java.TestType] [  482] -  str(2) = 12
[INFO ][2015-12-21 18:49:35,305][com.java.TestType] [  534] - row values are--------{1=com.java.Objects.TestDataDetails@3a0946, 2=com.java.Objects.TestDataDetails@17021de, 3=com.java.Objects.TestDataDetails@6637fa, 4=com.java.Objects.TestDataDetails@17c6e6c, 5=com.java.Objects.TestDataDetails@12baaac, 6=com.java.Objects.TestDataDetails@7aa1d2, 7=com.java.Objects.TestDataDetails@1643e65, 8=com.java.Objects.TestDataDetails@163780b, 9=com.java.Objects.TestDataDetails@42d6f4, 10=com.java.Objects.TestDataDetails@19bf480, 11=com.java.Objects.TestDataDetails@7a64dd, 12=com.java.Objects.TestDataDetails@121bf53}
[INFO ][2015-12-21 18:49:35,305][com.java.TestType] [  482] -  str(1) = 1
[INFO ][2015-12-21 18:49:35,305][com.java.TestType] [  485] - Test case Id is---1
[INFO ][2015-12-21 18:49:35,305][com.java.TestType] [  487] - 1
[INFO ][2015-12-21 18:49:35,305][com.java.TestType] [  482] -  str(2) = 13
[INFO ][2015-12-21 18:49:35,305][com.java.TestType] [  534] - row values are--------{1=com.java.Objects.TestDataDetails@3a0946, 2=com.java.Objects.TestDataDetails@17021de, 3=com.java.Objects.TestDataDetails@6637fa, 4=com.java.Objects.TestDataDetails@17c6e6c, 5=com.java.Objects.TestDataDetails@12baaac, 6=com.java.Objects.TestDataDetails@7aa1d2, 7=com.java.Objects.TestDataDetails@1643e65, 8=com.java.Objects.TestDataDetails@163780b, 9=com.java.Objects.TestDataDetails@42d6f4, 10=com.java.Objects.TestDataDetails@19bf480, 11=com.java.Objects.TestDataDetails@7a64dd, 12=com.java.Objects.TestDataDetails@121bf53, 13=com.java.Objects.TestDataDetails@1dcaa65}
[INFO ][2015-12-21 18:49:35,305][com.java.TestType] [  482] -  str(1) = 1
[INFO ][2015-12-21 18:49:35,305][com.java.TestType] [  485] - Test case Id is---1
[INFO ][2015-12-21 18:49:35,305][com.java.TestType] [  487] - 1
[INFO ][2015-12-21 18:49:35,305][com.java.TestType] [  482] -  str(2) = 14
[INFO ][2015-12-21 18:49:35,305][com.java.TestType] [  534] - row values are--------{1=com.java.Objects.TestDataDetails@3a0946, 2=com.java.Objects.TestDataDetails@17021de, 3=com.java.Objects.TestDataDetails@6637fa, 4=com.java.Objects.TestDataDetails@17c6e6c, 5=com.java.Objects.TestDataDetails@12baaac, 6=com.java.Objects.TestDataDetails@7aa1d2, 7=com.java.Objects.TestDataDetails@1643e65, 8=com.java.Objects.TestDataDetails@163780b, 9=com.java.Objects.TestDataDetails@42d6f4, 10=com.java.Objects.TestDataDetails@19bf480, 11=com.java.Objects.TestDataDetails@7a64dd, 12=com.java.Objects.TestDataDetails@121bf53, 13=com.java.Objects.TestDataDetails@1dcaa65, 14=com.java.Objects.TestDataDetails@39e3dd}
[INFO ][2015-12-21 18:49:35,305][com.java.TestType] [  482] -  str(1) = 1
[INFO ][2015-12-21 18:49:35,305][com.java.TestType] [  485] - Test case Id is---1
[INFO ][2015-12-21 18:49:35,305][com.java.TestType] [  487] - 1
[INFO ][2015-12-21 18:49:35,305][com.java.TestType] [  482] -  str(2) = 15
[INFO ][2015-12-21 18:49:35,305][com.java.TestType] [  534] - row values are--------{1=com.java.Objects.TestDataDetails@3a0946, 2=com.java.Objects.TestDataDetails@17021de, 3=com.java.Objects.TestDataDetails@6637fa, 4=com.java.Objects.TestDataDetails@17c6e6c, 5=com.java.Objects.TestDataDetails@12baaac, 6=com.java.Objects.TestDataDetails@7aa1d2, 7=com.java.Objects.TestDataDetails@1643e65, 8=com.java.Objects.TestDataDetails@163780b, 9=com.java.Objects.TestDataDetails@42d6f4, 10=com.java.Objects.TestDataDetails@19bf480, 11=com.java.Objects.TestDataDetails@7a64dd, 12=com.java.Objects.TestDataDetails@121bf53, 13=com.java.Objects.TestDataDetails@1dcaa65, 14=com.java.Objects.TestDataDetails@39e3dd, 15=com.java.Objects.TestDataDetails@af6cb1}
[INFO ][2015-12-21 18:49:35,305][com.java.TestType] [  482] -  str(1) = 1
[INFO ][2015-12-21 18:49:35,305][com.java.TestType] [  485] - Test case Id is---1
[INFO ][2015-12-21 18:49:35,305][com.java.TestType] [  487] - 1
[INFO ][2015-12-21 18:49:35,305][com.java.TestType] [  482] -  str(2) = 16
[INFO ][2015-12-21 18:49:35,315][com.java.TestType] [  534] - row values are--------{1=com.java.Objects.TestDataDetails@3a0946, 2=com.java.Objects.TestDataDetails@17021de, 3=com.java.Objects.TestDataDetails@6637fa, 4=com.java.Objects.TestDataDetails@17c6e6c, 5=com.java.Objects.TestDataDetails@12baaac, 6=com.java.Objects.TestDataDetails@7aa1d2, 7=com.java.Objects.TestDataDetails@1643e65, 8=com.java.Objects.TestDataDetails@163780b, 9=com.java.Objects.TestDataDetails@42d6f4, 10=com.java.Objects.TestDataDetails@19bf480, 11=com.java.Objects.TestDataDetails@7a64dd, 12=com.java.Objects.TestDataDetails@121bf53, 13=com.java.Objects.TestDataDetails@1dcaa65, 14=com.java.Objects.TestDataDetails@39e3dd, 15=com.java.Objects.TestDataDetails@af6cb1, 16=com.java.Objects.TestDataDetails@fc3ac5}
[INFO ][2015-12-21 18:49:35,315][com.java.TestType] [10239] - Looping 1TCID = 1
[DEBUG][2015-12-21 18:49:35,315][com.java.TestType] [10280] - Concept ID:1 :: Step being Executed: 1::1
[INFO ][2015-12-21 18:49:35,315][com.java.TestType] [10318] - dataFields : TXTusername
[DEBUG][2015-12-21 18:49:35,315][com.java.TestType] [10324] - <In Set values of the page>
[DEBUG][2015-12-21 18:49:35,315][com.java.TestType] [10329] - {Data Fields & Data Values Exist}
[INFO ][2015-12-21 18:49:35,315][com.java.TestType] [10335] - --------------------------setting values-----------------------------
[INFO ][2015-12-21 18:49:35,315][com.java.TestType] [10338] - Action Type : CLEARANDENTER
[INFO ][2015-12-21 18:49:35,315][com.java.TestType] [ 5577] - value = valuelabs.ie10.33527
[INFO ][2015-12-21 18:49:40,044][com.java.TestType] [10357] -  RESULT true
[INFO ][2015-12-21 18:49:40,054][com.java.TestType] [10474] - ?   P A S S   ?
[DEBUG][2015-12-21 18:49:40,054][com.java.TestType] [10280] - Concept ID:1 :: Step being Executed: 1::2
[INFO ][2015-12-21 18:49:40,054][com.java.TestType] [10318] - dataFields : TXTpassword
[DEBUG][2015-12-21 18:49:40,054][com.java.TestType] [10324] - <In Set values of the page>
[DEBUG][2015-12-21 18:49:40,054][com.java.TestType] [10329] - {Data Fields & Data Values Exist}
[INFO ][2015-12-21 18:49:40,054][com.java.TestType] [10335] - --------------------------setting values-----------------------------
[INFO ][2015-12-21 18:49:40,054][com.java.TestType] [10338] - Action Type : CLEARANDENTER
[INFO ][2015-12-21 18:49:40,054][com.java.TestType] [ 5577] - value = Password1*
[INFO ][2015-12-21 18:49:44,861][com.java.TestType] [10357] -  RESULT true
[INFO ][2015-12-21 18:49:44,861][com.java.TestType] [10474] - ?   P A S S   ?
[DEBUG][2015-12-21 18:49:44,861][com.java.TestType] [10280] - Concept ID:1 :: Step being Executed: 1::3
[ERROR][2015-12-21 18:49:44,861][com.java.TestType] [10313] - Exception: null
[INFO ][2015-12-21 18:49:44,861][com.java.TestType] [10318] - dataFields : XPH//button[@type='submit']
[DEBUG][2015-12-21 18:49:44,861][com.java.TestType] [10324] - <In Set values of the page>
[DEBUG][2015-12-21 18:49:44,861][com.java.TestType] [10329] - {Data Fields & Data Values Exist}
[INFO ][2015-12-21 18:49:44,861][com.java.TestType] [10335] - --------------------------setting values-----------------------------
[INFO ][2015-12-21 18:49:44,861][com.java.TestType] [10338] - Action Type : Click
[INFO ][2015-12-21 18:49:44,861][com.java.TestType] [ 5956] - Field ::XPH//button[@type='submit']
[INFO ][2015-12-21 18:49:44,861][com.java.TestType] [ 5577] - value = 
[INFO ][2015-12-21 18:49:45,863][com.java.TestType] [ 6093] - BEFORE CLICK
[INFO ][2015-12-21 18:49:46,653][com.java.TestType] [ 6101] - Unable to click the object Login
[INFO ][2015-12-21 18:49:46,653][com.java.TestType] [10357] -  RESULT true
[INFO ][2015-12-21 18:49:46,653][com.java.TestType] [10474] - ?   P A S S   ?
[DEBUG][2015-12-21 18:49:46,653][com.java.TestType] [10280] - Concept ID:1 :: Step being Executed: 1::4
[INFO ][2015-12-21 18:49:46,653][com.java.TestType] [10318] - dataFields : LNKLogout
[DEBUG][2015-12-21 18:49:46,653][com.java.TestType] [10324] - <In Set values of the page>
[DEBUG][2015-12-21 18:49:46,653][com.java.TestType] [10329] - {Data Fields & Data Values Exist}
[INFO ][2015-12-21 18:49:46,653][com.java.TestType] [10335] - --------------------------setting values-----------------------------
[INFO ][2015-12-21 18:49:46,653][com.java.TestType] [10338] - Action Type : WaitForElement
[INFO ][2015-12-21 18:51:01,968][com.java.TestType] [10357] -  RESULT true
[INFO ][2015-12-21 18:51:01,968][com.java.TestType] [10474] - ?   P A S S   ?
[DEBUG][2015-12-21 18:51:01,968][com.java.TestType] [10280] - Concept ID:1 :: Step being Executed: 1::15
[INFO ][2015-12-21 18:51:01,968][com.java.TestType] [10318] - dataFields : LNK
[DEBUG][2015-12-21 18:51:01,968][com.java.TestType] [10324] - <In Set values of the page>
[DEBUG][2015-12-21 18:51:01,968][com.java.TestType] [10329] - {Data Fields & Data Values Exist}
[INFO ][2015-12-21 18:51:01,968][com.java.TestType] [10335] - --------------------------setting values-----------------------------
[INFO ][2015-12-21 18:51:01,968][com.java.TestType] [10338] - Action Type : Verify
[INFO ][2015-12-21 18:51:01,968][com.java.TestType] [ 6925] - field= LNK value= Logout
[INFO ][2015-12-21 18:51:01,968][com.java.TestType] [ 5577] - value = Logout
[INFO ][2015-12-21 18:51:02,009][com.java.TestType] [10357] -  RESULT true
[INFO ][2015-12-21 18:51:02,009][com.java.TestType] [10474] - ?   P A S S   ?
[DEBUG][2015-12-21 18:51:02,009][com.java.TestType] [10280] - Concept ID:1 :: Step being Executed: 1::16
[INFO ][2015-12-21 18:51:02,009][com.java.TestType] [10318] - dataFields : BTN
[DEBUG][2015-12-21 18:51:02,009][com.java.TestType] [10324] - <In Set values of the page>
[DEBUG][2015-12-21 18:51:02,009][com.java.TestType] [10329] - {Data Fields & Data Values Exist}
[INFO ][2015-12-21 18:51:02,009][com.java.TestType] [10335] - --------------------------setting values-----------------------------
[INFO ][2015-12-21 18:51:02,009][com.java.TestType] [10338] - Action Type : Verify
[INFO ][2015-12-21 18:51:02,009][com.java.TestType] [ 6925] - field= BTN value= //img[contains(@src,'bdlogo.jpg')]
[INFO ][2015-12-21 18:51:02,009][com.java.TestType] [ 5577] - value = //img[contains(@src,'bdlogo.jpg')]
[INFO ][2015-12-21 18:51:02,069][com.java.TestType] [10357] -  RESULT true
[INFO ][2015-12-21 18:51:02,069][com.java.TestType] [10474] - ?   P A S S   ?
[INFO ][2015-12-21 18:51:02,069][com.java.TestType] [10545] - Looping End......
[INFO ][2015-12-21 18:51:02,069][com.java.SeleniumDriver] [  894] -  RESULT true
[INFO ][2015-12-21 18:51:02,069][com.java.SeleniumDriver] [ 1100] - ?   P A S S   ?
[INFO ][2015-12-21 18:51:02,069][com.java.SeleniumDriver] [  821] - ------------------------------------------
[INFO ][2015-12-21 18:51:02,069][com.java.SeleniumDriver] [  822] - Test case being Executed: 1
[INFO ][2015-12-21 18:51:02,069][com.java.SeleniumDriver] [  833] - Test step:2
[INFO ][2015-12-21 18:51:02,069][com.java.SeleniumDriver] [  845] - Datavalue is----------Concept#2:1-2
[INFO ][2015-12-21 18:51:02,069][com.java.SeleniumDriver] [  869] - DataField : test
[INFO ][2015-12-21 18:51:02,069][com.java.SeleniumDriver] [  871] - DataValue : Concept#2:1-2
[INFO ][2015-12-21 18:51:02,069][com.java.SeleniumDriver] [  877] - <In Set values of the page>
[INFO ][2015-12-21 18:51:02,069][com.java.SeleniumDriver] [  880] - {Data Fields & Data Values Exist}
[INFO ][2015-12-21 18:51:02,069][com.java.SeleniumDriver] [  882] - --------------------------setting values-----------------------------
[INFO ][2015-12-21 18:51:02,069][com.java.SeleniumDriver] [  885] - Action Type : ExecuteTestCase
[INFO ][2015-12-21 18:51:02,069][com.java.TestType] [  437] - The Concept sheet name is ---------- Concept
[INFO ][2015-12-21 18:51:02,069][com.java.TestType] [  440] - The Concept ID  is ---------- 2
[DEBUG][2015-12-21 18:51:02,069][com.java.TestType] [  444] - Steps being executted in the Concept are: 1:2
[INFO ][2015-12-21 18:51:02,069][com.java.TestType] [  451] - Test data details path ---------- D:\BankersDashboard\TestInputs\TestData.xls
[INFO ][2015-12-21 18:51:02,092][com.java.TestType] [  482] -  str(1) = 2
[INFO ][2015-12-21 18:51:02,092][com.java.TestType] [  485] - Test case Id is---2
[INFO ][2015-12-21 18:51:02,092][com.java.TestType] [  487] - 2
[INFO ][2015-12-21 18:51:02,092][com.java.TestType] [  482] -  str(2) = 1
[INFO ][2015-12-21 18:51:02,092][com.java.TestType] [  534] - row values are--------{1=com.java.Objects.TestDataDetails@aec55a}
[INFO ][2015-12-21 18:51:02,092][com.java.TestType] [  482] -  str(1) = 2
[INFO ][2015-12-21 18:51:02,092][com.java.TestType] [  485] - Test case Id is---2
[INFO ][2015-12-21 18:51:02,092][com.java.TestType] [  487] - 2
[INFO ][2015-12-21 18:51:02,092][com.java.TestType] [  482] -  str(2) = 2
[INFO ][2015-12-21 18:51:02,092][com.java.TestType] [  534] - row values are--------{1=com.java.Objects.TestDataDetails@aec55a, 2=com.java.Objects.TestDataDetails@db16d7}
[INFO ][2015-12-21 18:51:02,092][com.java.TestType] [  482] -  str(1) = 2
[INFO ][2015-12-21 18:51:02,092][com.java.TestType] [  485] - Test case Id is---2
[INFO ][2015-12-21 18:51:02,092][com.java.TestType] [  487] - 2
[INFO ][2015-12-21 18:51:02,092][com.java.TestType] [  482] -  str(2) = 3
[INFO ][2015-12-21 18:51:02,092][com.java.TestType] [  534] - row values are--------{1=com.java.Objects.TestDataDetails@aec55a, 2=com.java.Objects.TestDataDetails@db16d7, 3=com.java.Objects.TestDataDetails@3b6645}
[INFO ][2015-12-21 18:51:02,092][com.java.TestType] [10239] - Looping 1TCID = 2
[DEBUG][2015-12-21 18:51:02,092][com.java.TestType] [10280] - Concept ID:2 :: Step being Executed: 2::1
[INFO ][2015-12-21 18:51:02,092][com.java.TestType] [10318] - dataFields : BNK//select[@id='bank']
[DEBUG][2015-12-21 18:51:02,092][com.java.TestType] [10324] - <In Set values of the page>
[DEBUG][2015-12-21 18:51:02,092][com.java.TestType] [10329] - {Data Fields & Data Values Exist}
[INFO ][2015-12-21 18:51:02,092][com.java.TestType] [10335] - --------------------------setting values-----------------------------
[INFO ][2015-12-21 18:51:02,092][com.java.TestType] [10338] - Action Type : Select
[INFO ][2015-12-21 18:51:02,092][com.java.TestType] [ 5577] - value = PFC
[INFO ][2015-12-21 18:51:02,394][com.java.TestType] [10357] -  RESULT true
[INFO ][2015-12-21 18:51:02,394][com.java.TestType] [10474] - ?   P A S S   ?
[DEBUG][2015-12-21 18:51:02,394][com.java.TestType] [10280] - Concept ID:2 :: Step being Executed: 2::2
[INFO ][2015-12-21 18:51:02,394][com.java.TestType] [10318] - dataFields : LNKLogout
[DEBUG][2015-12-21 18:51:02,394][com.java.TestType] [10324] - <In Set values of the page>
[DEBUG][2015-12-21 18:51:02,394][com.java.TestType] [10329] - {Data Fields & Data Values Exist}
[INFO ][2015-12-21 18:51:02,394][com.java.TestType] [10335] - --------------------------setting values-----------------------------
[INFO ][2015-12-21 18:51:02,394][com.java.TestType] [10338] - Action Type : WaitTime
[DEBUG][2015-12-21 18:51:02,394][com.java.TestType] [ 5397] - sleepTime: 5000
[INFO ][2015-12-21 18:51:07,402][com.java.TestType] [10357] -  RESULT true
[INFO ][2015-12-21 18:51:07,402][com.java.TestType] [10474] - ?   P A S S   ?
[INFO ][2015-12-21 18:51:07,402][com.java.TestType] [10545] - Looping End......
[INFO ][2015-12-21 18:51:07,402][com.java.SeleniumDriver] [  894] -  RESULT true
[INFO ][2015-12-21 18:51:07,402][com.java.SeleniumDriver] [ 1100] - ?   P A S S   ?
[INFO ][2015-12-21 18:51:07,402][com.java.SeleniumDriver] [  821] - ------------------------------------------
[INFO ][2015-12-21 18:51:07,402][com.java.SeleniumDriver] [  822] - Test case being Executed: 1
[INFO ][2015-12-21 18:51:07,402][com.java.SeleniumDriver] [  833] - Test step:3
[INFO ][2015-12-21 18:51:07,402][com.java.SeleniumDriver] [  845] - Datavalue is----------2
[INFO ][2015-12-21 18:51:07,402][com.java.SeleniumDriver] [  869] - DataField : XPH//button[contains(text(),'Add Content')]
[INFO ][2015-12-21 18:51:07,402][com.java.SeleniumDriver] [  871] - DataValue : 2
[INFO ][2015-12-21 18:51:07,402][com.java.SeleniumDriver] [  877] - <In Set values of the page>
[INFO ][2015-12-21 18:51:07,402][com.java.SeleniumDriver] [  880] - {Data Fields & Data Values Exist}
[INFO ][2015-12-21 18:51:07,402][com.java.SeleniumDriver] [  882] - --------------------------setting values-----------------------------
[INFO ][2015-12-21 18:51:07,402][com.java.SeleniumDriver] [  885] - Action Type : WAITFORELEMENT
[INFO ][2015-12-21 18:51:07,548][com.java.SeleniumDriver] [  894] -  RESULT true
[INFO ][2015-12-21 18:51:07,548][com.java.SeleniumDriver] [ 1100] - ?   P A S S   ?
[DEBUG][2015-12-21 18:51:07,548][com.java.SeleniumDriver] [ 1212] - Case found
[DEBUG][2015-12-21 18:51:07,548][com.java.SeleniumDriver] [ 1217] - Incrementing ReportCounters[0]:1
[INFO ][2015-12-21 18:51:07,548][com.java.SeleniumDriver] [ 1236] - The results are-------------------[1, 1, Valid Login, Pass, , Mon Dec 21 18:51:02 IST 2015, 1, 2, Valid Login, Pass, , Mon Dec 21 18:51:07 IST 2015, 1, 3, Valid Login, Pass, , Mon Dec 21 18:51:07 IST 2015]
[INFO ][2015-12-21 18:51:07,548][com.java.SeleniumDriver] [ 1240] - End time is-------1 min 47 sec
[INFO ][2015-12-21 18:51:07,548][com.java.SeleniumDriver] [ 1241] - The results are-------------------[1, 1, Valid Login, Pass, , Mon Dec 21 18:51:02 IST 2015, 1, 2, Valid Login, Pass, , Mon Dec 21 18:51:07 IST 2015, 1, 3, Valid Login, Pass, , Mon Dec 21 18:51:07 IST 2015]
[DEBUG][2015-12-21 18:51:07,548][com.java.ImportnExport.ExportTestResultsExcel] [  222] - testResultPath = D:\BankersDashboard/TestReports/Test Results_BankersDashBoard_122115_184922_IE10_Bank of North Carolina.xls
[DEBUG][2015-12-21 18:51:07,548][com.java.ImportnExport.ExportTestResultsExcel] [  223] - browser is------------IE10
[DEBUG][2015-12-21 18:51:07,593][com.java.ImportnExport.ExportTestResultsExcel] [  270] - result.size() = 18
[DEBUG][2015-12-21 18:51:07,593][com.java.ImportnExport.ExportTestResultsExcel] [  274] - No of rows in sheet=1
[DEBUG][2015-12-21 18:51:07,593][com.java.ImportnExport.ExportTestResultsExcel] [  301] - ..in export..1
[DEBUG][2015-12-21 18:51:07,593][com.java.ImportnExport.ExportTestResultsExcel] [  301] - ..in export..Valid Login
[DEBUG][2015-12-21 18:51:07,595][com.java.ImportnExport.ExportTestResultsExcel] [  301] - ..in export..Pass
[DEBUG][2015-12-21 18:51:07,595][com.java.ImportnExport.ExportTestResultsExcel] [  301] - ..in export..
[DEBUG][2015-12-21 18:51:07,595][com.java.ImportnExport.ExportTestResultsExcel] [  301] - ..in export..Mon Dec 21 18:51:02 IST 2015
[INFO ][2015-12-21 18:51:07,595][com.java.SeleniumDriver] [ 1299] - out loop:0 size:2 TestCases:[1, 26] testcases:[1, 26]
[INFO ][2015-12-21 18:51:07,595][com.java.ImportnExport.ImportTestDataDetailsExcel] [   49] - test data details path===== D:\BankersDashboard\TestInputs\TestData.xls
[INFO ][2015-12-21 18:51:26,625][com.java.SeleniumDriver] [  821] - ------------------------------------------
[INFO ][2015-12-21 18:51:26,625][com.java.SeleniumDriver] [  822] - Test case being Executed: 26
[INFO ][2015-12-21 18:51:26,625][com.java.SeleniumDriver] [  833] - Test step:1
[INFO ][2015-12-21 18:51:26,625][com.java.SeleniumDriver] [  845] - Datavalue is----------Logout
[INFO ][2015-12-21 18:51:26,625][com.java.SeleniumDriver] [  869] - DataField : BTN
[INFO ][2015-12-21 18:51:26,625][com.java.SeleniumDriver] [  871] - DataValue : Logout
[INFO ][2015-12-21 18:51:26,625][com.java.SeleniumDriver] [  877] - <In Set values of the page>
[INFO ][2015-12-21 18:51:26,625][com.java.SeleniumDriver] [  880] - {Data Fields & Data Values Exist}
[INFO ][2015-12-21 18:51:26,625][com.java.SeleniumDriver] [  882] - --------------------------setting values-----------------------------
[INFO ][2015-12-21 18:51:26,625][com.java.SeleniumDriver] [  885] - Action Type : Verify
[INFO ][2015-12-21 18:51:26,625][com.java.TestType] [ 6925] - field= BTN value= Logout
[INFO ][2015-12-21 18:51:26,625][com.java.TestType] [ 5577] - value = Logout
[INFO ][2015-12-21 18:51:26,706][com.java.SeleniumDriver] [  894] -  RESULT true
[INFO ][2015-12-21 18:51:26,706][com.java.SeleniumDriver] [ 1100] - ?   P A S S   ?
[INFO ][2015-12-21 18:51:26,706][com.java.SeleniumDriver] [ 1142] - step change to 3
[INFO ][2015-12-21 18:51:26,706][com.java.SeleniumDriver] [  821] - ------------------------------------------
[INFO ][2015-12-21 18:51:26,706][com.java.SeleniumDriver] [  822] - Test case being Executed: 26
[INFO ][2015-12-21 18:51:26,706][com.java.SeleniumDriver] [  833] - Test step:3
[INFO ][2015-12-21 18:51:26,706][com.java.SeleniumDriver] [  845] - Datavalue is----------Concept#2:1-2
[INFO ][2015-12-21 18:51:26,706][com.java.SeleniumDriver] [  869] - DataField : test
[INFO ][2015-12-21 18:51:26,706][com.java.SeleniumDriver] [  871] - DataValue : Concept#2:1-2
[INFO ][2015-12-21 18:51:26,706][com.java.SeleniumDriver] [  877] - <In Set values of the page>
[INFO ][2015-12-21 18:51:26,706][com.java.SeleniumDriver] [  880] - {Data Fields & Data Values Exist}
[INFO ][2015-12-21 18:51:26,706][com.java.SeleniumDriver] [  882] - --------------------------setting values-----------------------------
[INFO ][2015-12-21 18:51:26,706][com.java.SeleniumDriver] [  885] - Action Type : ExecuteTestCase
[INFO ][2015-12-21 18:51:26,706][com.java.TestType] [  437] - The Concept sheet name is ---------- Concept
[INFO ][2015-12-21 18:51:26,706][com.java.TestType] [  440] - The Concept ID  is ---------- 2
[DEBUG][2015-12-21 18:51:26,706][com.java.TestType] [  444] - Steps being executted in the Concept are: 1:2
[INFO ][2015-12-21 18:51:26,706][com.java.TestType] [  451] - Test data details path ---------- D:\BankersDashboard\TestInputs\TestData.xls
[INFO ][2015-12-21 18:51:26,736][com.java.TestType] [  482] -  str(1) = 2
[INFO ][2015-12-21 18:51:26,736][com.java.TestType] [  485] - Test case Id is---2
[INFO ][2015-12-21 18:51:26,736][com.java.TestType] [  487] - 2
[INFO ][2015-12-21 18:51:26,736][com.java.TestType] [  482] -  str(2) = 1
[INFO ][2015-12-21 18:51:26,736][com.java.TestType] [  534] - row values are--------{1=com.java.Objects.TestDataDetails@1475cbd}
[INFO ][2015-12-21 18:51:26,736][com.java.TestType] [  482] -  str(1) = 2
[INFO ][2015-12-21 18:51:26,736][com.java.TestType] [  485] - Test case Id is---2
[INFO ][2015-12-21 18:51:26,736][com.java.TestType] [  487] - 2
[INFO ][2015-12-21 18:51:26,736][com.java.TestType] [  482] -  str(2) = 2
[INFO ][2015-12-21 18:51:26,736][com.java.TestType] [  534] - row values are--------{1=com.java.Objects.TestDataDetails@1475cbd, 2=com.java.Objects.TestDataDetails@efeed2}
[INFO ][2015-12-21 18:51:26,736][com.java.TestType] [  482] -  str(1) = 2
[INFO ][2015-12-21 18:51:26,736][com.java.TestType] [  485] - Test case Id is---2
[INFO ][2015-12-21 18:51:26,736][com.java.TestType] [  487] - 2
[INFO ][2015-12-21 18:51:26,736][com.java.TestType] [  482] -  str(2) = 3
[INFO ][2015-12-21 18:51:26,736][com.java.TestType] [  534] - row values are--------{1=com.java.Objects.TestDataDetails@1475cbd, 2=com.java.Objects.TestDataDetails@efeed2, 3=com.java.Objects.TestDataDetails@f3a7d9}
[INFO ][2015-12-21 18:51:26,736][com.java.TestType] [10239] - Looping 1TCID = 2
[DEBUG][2015-12-21 18:51:26,736][com.java.TestType] [10280] - Concept ID:2 :: Step being Executed: 2::1
[INFO ][2015-12-21 18:51:26,736][com.java.TestType] [10318] - dataFields : BNK//select[@id='bank']
[DEBUG][2015-12-21 18:51:26,736][com.java.TestType] [10324] - <In Set values of the page>
[DEBUG][2015-12-21 18:51:26,736][com.java.TestType] [10329] - {Data Fields & Data Values Exist}
[INFO ][2015-12-21 18:51:26,736][com.java.TestType] [10335] - --------------------------setting values-----------------------------
[INFO ][2015-12-21 18:51:26,736][com.java.TestType] [10338] - Action Type : Select
[INFO ][2015-12-21 18:51:26,736][com.java.TestType] [ 5577] - value = PFC
[INFO ][2015-12-21 18:51:26,926][com.java.TestType] [10357] -  RESULT true
[INFO ][2015-12-21 18:51:26,926][com.java.TestType] [10474] - ?   P A S S   ?
[DEBUG][2015-12-21 18:51:26,926][com.java.TestType] [10280] - Concept ID:2 :: Step being Executed: 2::2
[INFO ][2015-12-21 18:51:26,926][com.java.TestType] [10318] - dataFields : LNKLogout
[DEBUG][2015-12-21 18:51:26,926][com.java.TestType] [10324] - <In Set values of the page>
[DEBUG][2015-12-21 18:51:26,926][com.java.TestType] [10329] - {Data Fields & Data Values Exist}
[INFO ][2015-12-21 18:51:26,926][com.java.TestType] [10335] - --------------------------setting values-----------------------------
[INFO ][2015-12-21 18:51:26,926][com.java.TestType] [10338] - Action Type : WaitTime
[DEBUG][2015-12-21 18:51:26,926][com.java.TestType] [ 5397] - sleepTime: 5000
[INFO ][2015-12-21 18:51:31,927][com.java.TestType] [10357] -  RESULT true
[INFO ][2015-12-21 18:51:31,927][com.java.TestType] [10474] - ?   P A S S   ?
[INFO ][2015-12-21 18:51:31,927][com.java.TestType] [10545] - Looping End......
[INFO ][2015-12-21 18:51:31,927][com.java.SeleniumDriver] [  894] -  RESULT true
[INFO ][2015-12-21 18:51:31,927][com.java.SeleniumDriver] [ 1100] - ?   P A S S   ?
[INFO ][2015-12-21 18:51:31,927][com.java.SeleniumDriver] [  821] - ------------------------------------------
[INFO ][2015-12-21 18:51:31,927][com.java.SeleniumDriver] [  822] - Test case being Executed: 26
[INFO ][2015-12-21 18:51:31,927][com.java.SeleniumDriver] [  833] - Test step:4
[INFO ][2015-12-21 18:51:31,927][com.java.SeleniumDriver] [  845] - Datavalue is----------null
[DEBUG][2015-12-21 18:51:31,927][com.java.SeleniumDriver] [  863] - Exception: null
[INFO ][2015-12-21 18:51:31,927][com.java.SeleniumDriver] [  869] - DataField : //span[@class='icon-cog2']&&//a[@data-id="UserSettings"]
[INFO ][2015-12-21 18:51:31,927][com.java.SeleniumDriver] [  871] - DataValue : 
[INFO ][2015-12-21 18:51:31,927][com.java.SeleniumDriver] [  877] - <In Set values of the page>
[INFO ][2015-12-21 18:51:31,927][com.java.SeleniumDriver] [  880] - {Data Fields & Data Values Exist}
[INFO ][2015-12-21 18:51:31,927][com.java.SeleniumDriver] [  882] - --------------------------setting values-----------------------------
[INFO ][2015-12-21 18:51:31,927][com.java.SeleniumDriver] [  885] - Action Type : MOUSEOVER
[INFO ][2015-12-21 18:51:55,196][com.java.SeleniumDriver] [  894] -  RESULT true
[INFO ][2015-12-21 18:51:55,196][com.java.SeleniumDriver] [ 1100] - ?   P A S S   ?
[INFO ][2015-12-21 18:51:55,196][com.java.SeleniumDriver] [  821] - ------------------------------------------
[INFO ][2015-12-21 18:51:55,196][com.java.SeleniumDriver] [  822] - Test case being Executed: 26
[INFO ][2015-12-21 18:51:55,196][com.java.SeleniumDriver] [  833] - Test step:5
[INFO ][2015-12-21 18:51:55,196][com.java.SeleniumDriver] [  845] - Datavalue is----------2
[INFO ][2015-12-21 18:51:55,196][com.java.SeleniumDriver] [  869] - DataField : BTNframeDialogContent
[INFO ][2015-12-21 18:51:55,196][com.java.SeleniumDriver] [  871] - DataValue : 2
[INFO ][2015-12-21 18:51:55,196][com.java.SeleniumDriver] [  877] - <In Set values of the page>
[INFO ][2015-12-21 18:51:55,196][com.java.SeleniumDriver] [  880] - {Data Fields & Data Values Exist}
[INFO ][2015-12-21 18:51:55,196][com.java.SeleniumDriver] [  882] - --------------------------setting values-----------------------------
[INFO ][2015-12-21 18:51:55,196][com.java.SeleniumDriver] [  885] - Action Type : WAITFORELEMENT
[INFO ][2015-12-21 18:51:56,387][com.java.SeleniumDriver] [  894] -  RESULT true
[INFO ][2015-12-21 18:51:56,387][com.java.SeleniumDriver] [ 1100] - ?   P A S S   ?
[INFO ][2015-12-21 18:51:56,387][com.java.SeleniumDriver] [  821] - ------------------------------------------
[INFO ][2015-12-21 18:51:56,387][com.java.SeleniumDriver] [  822] - Test case being Executed: 26
[INFO ][2015-12-21 18:51:56,387][com.java.SeleniumDriver] [  833] - Test step:6
[INFO ][2015-12-21 18:51:56,387][com.java.SeleniumDriver] [  845] - Datavalue is----------User Settings
[INFO ][2015-12-21 18:51:56,387][com.java.SeleniumDriver] [  869] - DataField : XPH//span[@class="ui-dialog-title"]
[INFO ][2015-12-21 18:51:56,387][com.java.SeleniumDriver] [  871] - DataValue : User Settings
[INFO ][2015-12-21 18:51:56,387][com.java.SeleniumDriver] [  877] - <In Set values of the page>
[INFO ][2015-12-21 18:51:56,387][com.java.SeleniumDriver] [  880] - {Data Fields & Data Values Exist}
[INFO ][2015-12-21 18:51:56,387][com.java.SeleniumDriver] [  882] - --------------------------setting values-----------------------------
[INFO ][2015-12-21 18:51:56,387][com.java.SeleniumDriver] [  885] - Action Type : VERIFY
[INFO ][2015-12-21 18:51:56,387][com.java.TestType] [ 6925] - field= XPH//span[@class="ui-dialog-title"] value= User Settings
[INFO ][2015-12-21 18:51:56,387][com.java.TestType] [ 5577] - value = User Settings
[INFO ][2015-12-21 18:51:56,528][com.java.SeleniumDriver] [  894] -  RESULT true
[INFO ][2015-12-21 18:51:56,528][com.java.SeleniumDriver] [ 1100] - ?   P A S S   ?
[INFO ][2015-12-21 18:51:56,528][com.java.SeleniumDriver] [  821] - ------------------------------------------
[INFO ][2015-12-21 18:51:56,528][com.java.SeleniumDriver] [  822] - Test case being Executed: 26
[INFO ][2015-12-21 18:51:56,528][com.java.SeleniumDriver] [  833] - Test step:7
[INFO ][2015-12-21 18:51:56,528][com.java.SeleniumDriver] [  845] - Datavalue is----------null
[DEBUG][2015-12-21 18:51:56,528][com.java.SeleniumDriver] [  863] - Exception: null
[INFO ][2015-12-21 18:51:56,528][com.java.SeleniumDriver] [  869] - DataField : BTNframeDialogContent
[INFO ][2015-12-21 18:51:56,528][com.java.SeleniumDriver] [  871] - DataValue : 
[INFO ][2015-12-21 18:51:56,528][com.java.SeleniumDriver] [  877] - <In Set values of the page>
[INFO ][2015-12-21 18:51:56,528][com.java.SeleniumDriver] [  880] - {Data Fields & Data Values Exist}
[INFO ][2015-12-21 18:51:56,528][com.java.SeleniumDriver] [  882] - --------------------------setting values-----------------------------
[INFO ][2015-12-21 18:51:56,528][com.java.SeleniumDriver] [  885] - Action Type : SELECTFRAME
[INFO ][2015-12-21 18:51:57,759][com.java.SeleniumDriver] [  894] -  RESULT true
[INFO ][2015-12-21 18:51:57,759][com.java.SeleniumDriver] [ 1100] - ?   P A S S   ?
[INFO ][2015-12-21 18:51:57,759][com.java.SeleniumDriver] [  821] - ------------------------------------------
[INFO ][2015-12-21 18:51:57,759][com.java.SeleniumDriver] [  822] - Test case being Executed: 26
[INFO ][2015-12-21 18:51:57,759][com.java.SeleniumDriver] [  833] - Test step:8
[INFO ][2015-12-21 18:51:57,759][com.java.SeleniumDriver] [  845] - Datavalue is----------No
[INFO ][2015-12-21 18:51:57,759][com.java.SeleniumDriver] [  869] - DataField : SLBddlPDFToScreen
[INFO ][2015-12-21 18:51:57,759][com.java.SeleniumDriver] [  871] - DataValue : No
[INFO ][2015-12-21 18:51:57,759][com.java.SeleniumDriver] [  877] - <In Set values of the page>
[INFO ][2015-12-21 18:51:57,759][com.java.SeleniumDriver] [  880] - {Data Fields & Data Values Exist}
[INFO ][2015-12-21 18:51:57,759][com.java.SeleniumDriver] [  882] - --------------------------setting values-----------------------------
[INFO ][2015-12-21 18:51:57,759][com.java.SeleniumDriver] [  885] - Action Type : SELECT
[INFO ][2015-12-21 18:51:57,759][com.java.TestType] [ 5577] - value = No
[INFO ][2015-12-21 18:52:00,061][com.java.SeleniumDriver] [  894] -  RESULT true
[INFO ][2015-12-21 18:52:00,061][com.java.SeleniumDriver] [ 1100] - ?   P A S S   ?
[INFO ][2015-12-21 18:52:00,061][com.java.SeleniumDriver] [  821] - ------------------------------------------
[INFO ][2015-12-21 18:52:00,061][com.java.SeleniumDriver] [  822] - Test case being Executed: 26
[INFO ][2015-12-21 18:52:00,061][com.java.SeleniumDriver] [  833] - Test step:9
[INFO ][2015-12-21 18:52:00,061][com.java.SeleniumDriver] [  845] - Datavalue is----------null
[DEBUG][2015-12-21 18:52:00,061][com.java.SeleniumDriver] [  863] - Exception: null
[INFO ][2015-12-21 18:52:00,061][com.java.SeleniumDriver] [  869] - DataField : BTNparent
[INFO ][2015-12-21 18:52:00,061][com.java.SeleniumDriver] [  871] - DataValue : 
[INFO ][2015-12-21 18:52:00,061][com.java.SeleniumDriver] [  877] - <In Set values of the page>
[INFO ][2015-12-21 18:52:00,061][com.java.SeleniumDriver] [  880] - {Data Fields & Data Values Exist}
[INFO ][2015-12-21 18:52:00,061][com.java.SeleniumDriver] [  882] - --------------------------setting values-----------------------------
[INFO ][2015-12-21 18:52:00,061][com.java.SeleniumDriver] [  885] - Action Type : SELECTFRAME
[INFO ][2015-12-21 18:52:00,071][com.java.SeleniumDriver] [  894] -  RESULT true
[INFO ][2015-12-21 18:52:00,071][com.java.SeleniumDriver] [ 1100] - ?   P A S S   ?
[INFO ][2015-12-21 18:52:00,071][com.java.SeleniumDriver] [  821] - ------------------------------------------
[INFO ][2015-12-21 18:52:00,071][com.java.SeleniumDriver] [  822] - Test case being Executed: 26
[INFO ][2015-12-21 18:52:00,071][com.java.SeleniumDriver] [  833] - Test step:10
[INFO ][2015-12-21 18:52:00,071][com.java.SeleniumDriver] [  845] - Datavalue is----------null
[DEBUG][2015-12-21 18:52:00,071][com.java.SeleniumDriver] [  863] - Exception: null
[INFO ][2015-12-21 18:52:00,071][com.java.SeleniumDriver] [  869] - DataField : XPH//span[@class="ui-button-text" and contains(text(),'Finished')]
[INFO ][2015-12-21 18:52:00,071][com.java.SeleniumDriver] [  871] - DataValue : 
[INFO ][2015-12-21 18:52:00,071][com.java.SeleniumDriver] [  877] - <In Set values of the page>
[INFO ][2015-12-21 18:52:00,071][com.java.SeleniumDriver] [  880] - {Data Fields & Data Values Exist}
[INFO ][2015-12-21 18:52:00,071][com.java.SeleniumDriver] [  882] - --------------------------setting values-----------------------------
[INFO ][2015-12-21 18:52:00,071][com.java.SeleniumDriver] [  885] - Action Type : CLICK
[INFO ][2015-12-21 18:52:00,071][com.java.TestType] [ 5956] - Field ::XPH//span[@class="ui-button-text" and contains(text(),'Finished')]
[INFO ][2015-12-21 18:52:00,071][com.java.TestType] [ 5577] - value = 
[INFO ][2015-12-21 18:52:01,071][com.java.TestType] [ 6093] - BEFORE CLICK
[INFO ][2015-12-21 18:52:02,091][com.java.TestType] [ 6101] - Unable to click the object Finish Button
[INFO ][2015-12-21 18:52:02,091][com.java.SeleniumDriver] [  894] -  RESULT true
[INFO ][2015-12-21 18:52:02,091][com.java.SeleniumDriver] [ 1100] - ?   P A S S   ?
[INFO ][2015-12-21 18:52:02,091][com.java.SeleniumDriver] [  821] - ------------------------------------------
[INFO ][2015-12-21 18:52:02,091][com.java.SeleniumDriver] [  822] - Test case being Executed: 26
[INFO ][2015-12-21 18:52:02,091][com.java.SeleniumDriver] [  833] - Test step:11
[INFO ][2015-12-21 18:52:02,091][com.java.SeleniumDriver] [  845] - Datavalue is----------null
[DEBUG][2015-12-21 18:52:02,091][com.java.SeleniumDriver] [  863] - Exception: null
[INFO ][2015-12-21 18:52:02,091][com.java.SeleniumDriver] [  869] - DataField : BTNcloseAllTabs
[INFO ][2015-12-21 18:52:02,091][com.java.SeleniumDriver] [  871] - DataValue : 
[INFO ][2015-12-21 18:52:02,091][com.java.SeleniumDriver] [  877] - <In Set values of the page>
[INFO ][2015-12-21 18:52:02,091][com.java.SeleniumDriver] [  880] - {Data Fields & Data Values Exist}
[INFO ][2015-12-21 18:52:02,091][com.java.SeleniumDriver] [  882] - --------------------------setting values-----------------------------
[INFO ][2015-12-21 18:52:02,091][com.java.SeleniumDriver] [  885] - Action Type : CLICK
[INFO ][2015-12-21 18:52:02,091][com.java.TestType] [ 5956] - Field ::BTNcloseAllTabs
[INFO ][2015-12-21 18:52:02,091][com.java.TestType] [ 5577] - value = 
[INFO ][2015-12-21 18:52:03,095][com.java.TestType] [ 6072] - BEFORE CLICK
[INFO ][2015-12-21 18:52:04,620][com.java.TestType] [ 6079] - Unable to click the object Close all tabs
[INFO ][2015-12-21 18:52:04,620][com.java.SeleniumDriver] [  894] -  RESULT true
[INFO ][2015-12-21 18:52:04,620][com.java.SeleniumDriver] [ 1100] - ?   P A S S   ?
[INFO ][2015-12-21 18:52:04,620][com.java.SeleniumDriver] [  821] - ------------------------------------------
[INFO ][2015-12-21 18:52:04,620][com.java.SeleniumDriver] [  822] - Test case being Executed: 26
[INFO ][2015-12-21 18:52:04,620][com.java.SeleniumDriver] [  833] - Test step:12
[INFO ][2015-12-21 18:52:04,620][com.java.SeleniumDriver] [  845] - Datavalue is----------5
[INFO ][2015-12-21 18:52:04,620][com.java.SeleniumDriver] [  869] - DataField : XPH//span[@class="icon-coin"]
[INFO ][2015-12-21 18:52:04,620][com.java.SeleniumDriver] [  871] - DataValue : 5
[INFO ][2015-12-21 18:52:04,620][com.java.SeleniumDriver] [  877] - <In Set values of the page>
[INFO ][2015-12-21 18:52:04,620][com.java.SeleniumDriver] [  880] - {Data Fields & Data Values Exist}
[INFO ][2015-12-21 18:52:04,620][com.java.SeleniumDriver] [  882] - --------------------------setting values-----------------------------
[INFO ][2015-12-21 18:52:04,620][com.java.SeleniumDriver] [  885] - Action Type : WAITFORELEMENT
[INFO ][2015-12-21 18:52:04,650][com.java.SeleniumDriver] [  894] -  RESULT true
[INFO ][2015-12-21 18:52:04,650][com.java.SeleniumDriver] [ 1100] - ?   P A S S   ?
[INFO ][2015-12-21 18:52:04,650][com.java.SeleniumDriver] [  821] - ------------------------------------------
[INFO ][2015-12-21 18:52:04,650][com.java.SeleniumDriver] [  822] - Test case being Executed: 26
[INFO ][2015-12-21 18:52:04,650][com.java.SeleniumDriver] [  833] - Test step:13
[INFO ][2015-12-21 18:52:04,650][com.java.SeleniumDriver] [  845] - Datavalue is----------null
[DEBUG][2015-12-21 18:52:04,650][com.java.SeleniumDriver] [  863] - Exception: null
[INFO ][2015-12-21 18:52:04,650][com.java.SeleniumDriver] [  869] - DataField : //span[@class="icon-coin"]&&//a[text()='Balance Sheet']&&//a[@data-id="BSCompare"]
[INFO ][2015-12-21 18:52:04,650][com.java.SeleniumDriver] [  871] - DataValue : 
[INFO ][2015-12-21 18:52:04,650][com.java.SeleniumDriver] [  877] - <In Set values of the page>
[INFO ][2015-12-21 18:52:04,650][com.java.SeleniumDriver] [  880] - {Data Fields & Data Values Exist}
[INFO ][2015-12-21 18:52:04,650][com.java.SeleniumDriver] [  882] - --------------------------setting values-----------------------------
[INFO ][2015-12-21 18:52:04,650][com.java.SeleniumDriver] [  885] - Action Type : MOUSEOVER
[INFO ][2015-12-21 18:52:31,911][com.java.SeleniumDriver] [  894] -  RESULT true
[INFO ][2015-12-21 18:52:31,911][com.java.SeleniumDriver] [ 1100] - ?   P A S S   ?
[INFO ][2015-12-21 18:52:31,911][com.java.SeleniumDriver] [  821] - ------------------------------------------
[INFO ][2015-12-21 18:52:31,911][com.java.SeleniumDriver] [  822] - Test case being Executed: 26
[INFO ][2015-12-21 18:52:31,911][com.java.SeleniumDriver] [  833] - Test step:14
[INFO ][2015-12-21 18:52:31,911][com.java.SeleniumDriver] [  845] - Datavalue is----------4
[INFO ][2015-12-21 18:52:31,911][com.java.SeleniumDriver] [  869] - DataField : XPH//span[contains(text(),'Show Report')]
[INFO ][2015-12-21 18:52:31,911][com.java.SeleniumDriver] [  871] - DataValue : 4
[INFO ][2015-12-21 18:52:31,911][com.java.SeleniumDriver] [  877] - <In Set values of the page>
[INFO ][2015-12-21 18:52:31,911][com.java.SeleniumDriver] [  880] - {Data Fields & Data Values Exist}
[INFO ][2015-12-21 18:52:31,911][com.java.SeleniumDriver] [  882] - --------------------------setting values-----------------------------
[INFO ][2015-12-21 18:52:31,911][com.java.SeleniumDriver] [  885] - Action Type : WAITFORELEMENT
[INFO ][2015-12-21 18:52:31,952][com.java.SeleniumDriver] [  894] -  RESULT true
[INFO ][2015-12-21 18:52:31,952][com.java.SeleniumDriver] [ 1100] - ?   P A S S   ?
[INFO ][2015-12-21 18:52:31,952][com.java.SeleniumDriver] [  821] - ------------------------------------------
[INFO ][2015-12-21 18:52:31,952][com.java.SeleniumDriver] [  822] - Test case being Executed: 26
[INFO ][2015-12-21 18:52:31,952][com.java.SeleniumDriver] [  833] - Test step:15
[INFO ][2015-12-21 18:52:31,952][com.java.SeleniumDriver] [  845] - Datavalue is----------2
[INFO ][2015-12-21 18:52:31,952][com.java.SeleniumDriver] [  869] - DataField : BTNframeDialogContent
[INFO ][2015-12-21 18:52:31,952][com.java.SeleniumDriver] [  871] - DataValue : 2
[INFO ][2015-12-21 18:52:31,952][com.java.SeleniumDriver] [  877] - <In Set values of the page>
[INFO ][2015-12-21 18:52:31,952][com.java.SeleniumDriver] [  880] - {Data Fields & Data Values Exist}
[INFO ][2015-12-21 18:52:31,952][com.java.SeleniumDriver] [  882] - --------------------------setting values-----------------------------
[INFO ][2015-12-21 18:52:31,952][com.java.SeleniumDriver] [  885] - Action Type : WAITFORELEMENT
[INFO ][2015-12-21 18:52:33,152][com.java.SeleniumDriver] [  894] -  RESULT true
[INFO ][2015-12-21 18:52:33,152][com.java.SeleniumDriver] [ 1100] - ?   P A S S   ?
[INFO ][2015-12-21 18:52:33,152][com.java.SeleniumDriver] [  821] - ------------------------------------------
[INFO ][2015-12-21 18:52:33,152][com.java.SeleniumDriver] [  822] - Test case being Executed: 26
[INFO ][2015-12-21 18:52:33,152][com.java.SeleniumDriver] [  833] - Test step:16
[INFO ][2015-12-21 18:52:33,152][com.java.SeleniumDriver] [  845] - Datavalue is----------dt:BSCompare
[INFO ][2015-12-21 18:52:33,152][com.java.SeleniumDriver] [  869] - DataField : XPH//span[@class="ui-dialog-title"]
[INFO ][2015-12-21 18:52:33,152][com.java.SeleniumDriver] [  871] - DataValue : dt:BSCompare
[INFO ][2015-12-21 18:52:33,152][com.java.SeleniumDriver] [  877] - <In Set values of the page>
[INFO ][2015-12-21 18:52:33,152][com.java.SeleniumDriver] [  880] - {Data Fields & Data Values Exist}
[INFO ][2015-12-21 18:52:33,152][com.java.SeleniumDriver] [  882] - --------------------------setting values-----------------------------
[INFO ][2015-12-21 18:52:33,152][com.java.SeleniumDriver] [  885] - Action Type : VERIFY
[INFO ][2015-12-21 18:52:33,152][com.java.TestType] [ 6925] - field= XPH//span[@class="ui-dialog-title"] value= dt:BSCompare
[INFO ][2015-12-21 18:52:33,152][com.java.TestType] [ 5577] - value = Balance Sheet Compare
[INFO ][2015-12-21 18:52:33,293][com.java.SeleniumDriver] [  894] -  RESULT true
[INFO ][2015-12-21 18:52:33,293][com.java.SeleniumDriver] [ 1100] - ?   P A S S   ?
[INFO ][2015-12-21 18:52:33,293][com.java.SeleniumDriver] [  821] - ------------------------------------------
[INFO ][2015-12-21 18:52:33,293][com.java.SeleniumDriver] [  822] - Test case being Executed: 26
[INFO ][2015-12-21 18:52:33,293][com.java.SeleniumDriver] [  833] - Test step:17
[INFO ][2015-12-21 18:52:33,293][com.java.SeleniumDriver] [  845] - Datavalue is----------null
[DEBUG][2015-12-21 18:52:33,293][com.java.SeleniumDriver] [  863] - Exception: null
[INFO ][2015-12-21 18:52:33,293][com.java.SeleniumDriver] [  869] - DataField : BTNframeDialogContent
[INFO ][2015-12-21 18:52:33,293][com.java.SeleniumDriver] [  871] - DataValue : 
[INFO ][2015-12-21 18:52:33,293][com.java.SeleniumDriver] [  877] - <In Set values of the page>
[INFO ][2015-12-21 18:52:33,293][com.java.SeleniumDriver] [  880] - {Data Fields & Data Values Exist}
[INFO ][2015-12-21 18:52:33,293][com.java.SeleniumDriver] [  882] - --------------------------setting values-----------------------------
[INFO ][2015-12-21 18:52:33,293][com.java.SeleniumDriver] [  885] - Action Type : SELECTFRAME
[INFO ][2015-12-21 18:52:34,534][com.java.SeleniumDriver] [  894] -  RESULT true
[INFO ][2015-12-21 18:52:34,534][com.java.SeleniumDriver] [ 1100] - ?   P A S S   ?
[INFO ][2015-12-21 18:52:34,534][com.java.SeleniumDriver] [  821] - ------------------------------------------
[INFO ][2015-12-21 18:52:34,534][com.java.SeleniumDriver] [  822] - Test case being Executed: 26
[INFO ][2015-12-21 18:52:34,534][com.java.SeleniumDriver] [  833] - Test step:18
[INFO ][2015-12-21 18:52:34,534][com.java.SeleniumDriver] [  845] - Datavalue is----------4
[INFO ][2015-12-21 18:52:34,534][com.java.SeleniumDriver] [  869] - DataField : BTNcbExpandCenters
[INFO ][2015-12-21 18:52:34,534][com.java.SeleniumDriver] [  871] - DataValue : 4
[INFO ][2015-12-21 18:52:34,534][com.java.SeleniumDriver] [  877] - <In Set values of the page>
[INFO ][2015-12-21 18:52:34,534][com.java.SeleniumDriver] [  880] - {Data Fields & Data Values Exist}
[INFO ][2015-12-21 18:52:34,534][com.java.SeleniumDriver] [  882] - --------------------------setting values-----------------------------
[INFO ][2015-12-21 18:52:34,534][com.java.SeleniumDriver] [  885] - Action Type : WAITFORELEMENT
[INFO ][2015-12-21 18:52:35,574][com.java.SeleniumDriver] [  894] -  RESULT true
[INFO ][2015-12-21 18:52:35,574][com.java.SeleniumDriver] [ 1100] - ?   P A S S   ?
[INFO ][2015-12-21 18:52:35,574][com.java.SeleniumDriver] [  821] - ------------------------------------------
[INFO ][2015-12-21 18:52:35,574][com.java.SeleniumDriver] [  822] - Test case being Executed: 26
[INFO ][2015-12-21 18:52:35,574][com.java.SeleniumDriver] [  833] - Test step:19
[INFO ][2015-12-21 18:52:35,574][com.java.SeleniumDriver] [  845] - Datavalue is----------index:1
[INFO ][2015-12-21 18:52:35,574][com.java.SeleniumDriver] [  869] - DataField : COBddlView
[INFO ][2015-12-21 18:52:35,574][com.java.SeleniumDriver] [  871] - DataValue : index:1
[INFO ][2015-12-21 18:52:35,574][com.java.SeleniumDriver] [  877] - <In Set values of the page>
[INFO ][2015-12-21 18:52:35,574][com.java.SeleniumDriver] [  880] - {Data Fields & Data Values Exist}
[INFO ][2015-12-21 18:52:35,574][com.java.SeleniumDriver] [  882] - --------------------------setting values-----------------------------
[INFO ][2015-12-21 18:52:35,574][com.java.SeleniumDriver] [  885] - Action Type : SELECT
[INFO ][2015-12-21 18:52:35,574][com.java.TestType] [ 5577] - value = 1
[INFO ][2015-12-21 18:52:36,666][com.java.TestType] [ 5695] -  In COB ddlView : 1
[INFO ][2015-12-21 18:52:36,826][com.java.SeleniumDriver] [  894] -  RESULT true
[INFO ][2015-12-21 18:52:36,826][com.java.SeleniumDriver] [ 1100] - ?   P A S S   ?
[INFO ][2015-12-21 18:52:36,826][com.java.SeleniumDriver] [  821] - ------------------------------------------
[INFO ][2015-12-21 18:52:36,826][com.java.SeleniumDriver] [  822] - Test case being Executed: 26
[INFO ][2015-12-21 18:52:36,826][com.java.SeleniumDriver] [  833] - Test step:20
[INFO ][2015-12-21 18:52:36,826][com.java.SeleniumDriver] [  845] - Datavalue is----------index:0
[INFO ][2015-12-21 18:52:36,826][com.java.SeleniumDriver] [  869] - DataField : COBddlProfitCenter
[INFO ][2015-12-21 18:52:36,826][com.java.SeleniumDriver] [  871] - DataValue : index:0
[INFO ][2015-12-21 18:52:36,826][com.java.SeleniumDriver] [  877] - <In Set values of the page>
[INFO ][2015-12-21 18:52:36,826][com.java.SeleniumDriver] [  880] - {Data Fields & Data Values Exist}
[INFO ][2015-12-21 18:52:36,826][com.java.SeleniumDriver] [  882] - --------------------------setting values-----------------------------
[INFO ][2015-12-21 18:52:36,826][com.java.SeleniumDriver] [  885] - Action Type : SELECT
[INFO ][2015-12-21 18:52:36,826][com.java.TestType] [ 5577] - value = 0
[INFO ][2015-12-21 18:52:37,985][com.java.TestType] [ 5695] -  In COB ddlProfitCenter : 0
[INFO ][2015-12-21 18:52:38,065][com.java.SeleniumDriver] [  894] -  RESULT true
[INFO ][2015-12-21 18:52:38,065][com.java.SeleniumDriver] [ 1100] - ?   P A S S   ?
[INFO ][2015-12-21 18:52:38,065][com.java.SeleniumDriver] [  821] - ------------------------------------------
[INFO ][2015-12-21 18:52:38,065][com.java.SeleniumDriver] [  822] - Test case being Executed: 26
[INFO ][2015-12-21 18:52:38,065][com.java.SeleniumDriver] [  833] - Test step:21
[INFO ][2015-12-21 18:52:38,065][com.java.SeleniumDriver] [  845] - Datavalue is----------null
[DEBUG][2015-12-21 18:52:38,065][com.java.SeleniumDriver] [  863] - Exception: null
[INFO ][2015-12-21 18:52:38,065][com.java.SeleniumDriver] [  869] - DataField : HDNcbExpandCenters
[INFO ][2015-12-21 18:52:38,065][com.java.SeleniumDriver] [  871] - DataValue : 
[INFO ][2015-12-21 18:52:38,065][com.java.SeleniumDriver] [  877] - <In Set values of the page>
[INFO ][2015-12-21 18:52:38,065][com.java.SeleniumDriver] [  880] - {Data Fields & Data Values Exist}
[INFO ][2015-12-21 18:52:38,065][com.java.SeleniumDriver] [  882] - --------------------------setting values-----------------------------
[INFO ][2015-12-21 18:52:38,065][com.java.SeleniumDriver] [  885] - Action Type : CLICK
[INFO ][2015-12-21 18:52:38,065][com.java.TestType] [ 5956] - Field ::HDNcbExpandCenters
[INFO ][2015-12-21 18:52:38,065][com.java.TestType] [ 5577] - value = 
[INFO ][2015-12-21 18:52:40,148][com.java.SeleniumDriver] [  894] -  RESULT true
[INFO ][2015-12-21 18:52:40,148][com.java.SeleniumDriver] [ 1100] - ?   P A S S   ?
[INFO ][2015-12-21 18:52:40,148][com.java.SeleniumDriver] [  821] - ------------------------------------------
[INFO ][2015-12-21 18:52:40,148][com.java.SeleniumDriver] [  822] - Test case being Executed: 26
[INFO ][2015-12-21 18:52:40,148][com.java.SeleniumDriver] [  833] - Test step:22
[INFO ][2015-12-21 18:52:40,148][com.java.SeleniumDriver] [  845] - Datavalue is----------null
[DEBUG][2015-12-21 18:52:40,148][com.java.SeleniumDriver] [  863] - Exception: null
[INFO ][2015-12-21 18:52:40,148][com.java.SeleniumDriver] [  869] - DataField : BTNparent
[INFO ][2015-12-21 18:52:40,148][com.java.SeleniumDriver] [  871] - DataValue : 
[INFO ][2015-12-21 18:52:40,148][com.java.SeleniumDriver] [  877] - <In Set values of the page>
[INFO ][2015-12-21 18:52:40,148][com.java.SeleniumDriver] [  880] - {Data Fields & Data Values Exist}
[INFO ][2015-12-21 18:52:40,148][com.java.SeleniumDriver] [  882] - --------------------------setting values-----------------------------
[INFO ][2015-12-21 18:52:40,148][com.java.SeleniumDriver] [  885] - Action Type : SELECTFRAME
[INFO ][2015-12-21 18:52:40,158][com.java.SeleniumDriver] [  894] -  RESULT true
[INFO ][2015-12-21 18:52:40,158][com.java.SeleniumDriver] [ 1100] - ?   P A S S   ?
[INFO ][2015-12-21 18:52:40,158][com.java.SeleniumDriver] [  821] - ------------------------------------------
[INFO ][2015-12-21 18:52:40,158][com.java.SeleniumDriver] [  822] - Test case being Executed: 26
[INFO ][2015-12-21 18:52:40,158][com.java.SeleniumDriver] [  833] - Test step:23
[INFO ][2015-12-21 18:52:40,158][com.java.SeleniumDriver] [  845] - Datavalue is----------null
[DEBUG][2015-12-21 18:52:40,158][com.java.SeleniumDriver] [  863] - Exception: null
[INFO ][2015-12-21 18:52:40,158][com.java.SeleniumDriver] [  869] - DataField : XPH//span[contains(text(),'Show Report')]
[INFO ][2015-12-21 18:52:40,158][com.java.SeleniumDriver] [  871] - DataValue : 
[INFO ][2015-12-21 18:52:40,158][com.java.SeleniumDriver] [  877] - <In Set values of the page>
[INFO ][2015-12-21 18:52:40,158][com.java.SeleniumDriver] [  880] - {Data Fields & Data Values Exist}
[INFO ][2015-12-21 18:52:40,158][com.java.SeleniumDriver] [  882] - --------------------------setting values-----------------------------
[INFO ][2015-12-21 18:52:40,158][com.java.SeleniumDriver] [  885] - Action Type : CLICK
[INFO ][2015-12-21 18:52:40,158][com.java.TestType] [ 5956] - Field ::XPH//span[contains(text(),'Show Report')]
[INFO ][2015-12-21 18:52:40,158][com.java.TestType] [ 5577] - value = 
[INFO ][2015-12-21 18:52:41,161][com.java.TestType] [ 6093] - BEFORE CLICK
[INFO ][2015-12-21 18:52:42,711][com.java.TestType] [ 6101] - Unable to click the object Show Report button
[INFO ][2015-12-21 18:52:42,711][com.java.SeleniumDriver] [  894] -  RESULT true
[INFO ][2015-12-21 18:52:42,711][com.java.SeleniumDriver] [ 1100] - ?   P A S S   ?
[INFO ][2015-12-21 18:52:42,711][com.java.SeleniumDriver] [  821] - ------------------------------------------
[INFO ][2015-12-21 18:52:42,711][com.java.SeleniumDriver] [  822] - Test case being Executed: 26
[INFO ][2015-12-21 18:52:42,711][com.java.SeleniumDriver] [  833] - Test step:24
[INFO ][2015-12-21 18:52:42,711][com.java.SeleniumDriver] [  845] - Datavalue is----------3
[INFO ][2015-12-21 18:52:42,711][com.java.SeleniumDriver] [  869] - DataField : XPH//img[@id='loading']
[INFO ][2015-12-21 18:52:42,711][com.java.SeleniumDriver] [  871] - DataValue : 3
[INFO ][2015-12-21 18:52:42,711][com.java.SeleniumDriver] [  877] - <In Set values of the page>
[INFO ][2015-12-21 18:52:42,711][com.java.SeleniumDriver] [  880] - {Data Fields & Data Values Exist}
[INFO ][2015-12-21 18:52:42,711][com.java.SeleniumDriver] [  882] - --------------------------setting values-----------------------------
[INFO ][2015-12-21 18:52:42,711][com.java.SeleniumDriver] [  885] - Action Type : WaitForElement
[INFO ][2015-12-21 18:52:42,742][com.java.SeleniumDriver] [  894] -  RESULT true
[INFO ][2015-12-21 18:52:42,742][com.java.SeleniumDriver] [ 1100] - ?   P A S S   ?
[INFO ][2015-12-21 18:52:42,742][com.java.SeleniumDriver] [  821] - ------------------------------------------
[INFO ][2015-12-21 18:52:42,742][com.java.SeleniumDriver] [  822] - Test case being Executed: 26
[INFO ][2015-12-21 18:52:42,742][com.java.SeleniumDriver] [  833] - Test step:25
[INFO ][2015-12-21 18:52:42,742][com.java.SeleniumDriver] [  845] - Datavalue is----------90
[INFO ][2015-12-21 18:52:42,742][com.java.SeleniumDriver] [  869] - DataField : XPH//img[@id='loading']
[INFO ][2015-12-21 18:52:42,742][com.java.SeleniumDriver] [  871] - DataValue : 90
[INFO ][2015-12-21 18:52:42,742][com.java.SeleniumDriver] [  877] - <In Set values of the page>
[INFO ][2015-12-21 18:52:42,742][com.java.SeleniumDriver] [  880] - {Data Fields & Data Values Exist}
[INFO ][2015-12-21 18:52:42,742][com.java.SeleniumDriver] [  882] - --------------------------setting values-----------------------------
[INFO ][2015-12-21 18:52:42,742][com.java.SeleniumDriver] [  885] - Action Type : waitForElementNotPresent
[INFO ][2015-12-21 18:52:45,028][com.java.SeleniumDriver] [  894] -  RESULT true
[INFO ][2015-12-21 18:52:45,028][com.java.SeleniumDriver] [ 1100] - ?   P A S S   ?
[INFO ][2015-12-21 18:52:45,028][com.java.SeleniumDriver] [  821] - ------------------------------------------
[INFO ][2015-12-21 18:52:45,028][com.java.SeleniumDriver] [  822] - Test case being Executed: 26
[INFO ][2015-12-21 18:52:45,028][com.java.SeleniumDriver] [  833] - Test step:26
[INFO ][2015-12-21 18:52:45,028][com.java.SeleniumDriver] [  845] - Datavalue is----------dt:BSCompare
[INFO ][2015-12-21 18:52:45,028][com.java.SeleniumDriver] [  869] - DataField : XPH//td[@class="ReportTitle"]
[INFO ][2015-12-21 18:52:45,028][com.java.SeleniumDriver] [  871] - DataValue : dt:BSCompare
[INFO ][2015-12-21 18:52:45,028][com.java.SeleniumDriver] [  877] - <In Set values of the page>
[INFO ][2015-12-21 18:52:45,028][com.java.SeleniumDriver] [  880] - {Data Fields & Data Values Exist}
[INFO ][2015-12-21 18:52:45,028][com.java.SeleniumDriver] [  882] - --------------------------setting values-----------------------------
[INFO ][2015-12-21 18:52:45,028][com.java.SeleniumDriver] [  885] - Action Type : VERIFY
[INFO ][2015-12-21 18:52:45,028][com.java.TestType] [ 6925] - field= XPH//td[@class="ReportTitle"] value= dt:BSCompare
[INFO ][2015-12-21 18:52:45,028][com.java.TestType] [ 5577] - value = Balance Sheet Compare
[INFO ][2015-12-21 18:52:45,199][com.java.SeleniumDriver] [  894] -  RESULT true
[INFO ][2015-12-21 18:52:45,199][com.java.SeleniumDriver] [ 1100] - ?   P A S S   ?
[INFO ][2015-12-21 18:52:45,199][com.java.SeleniumDriver] [  821] - ------------------------------------------
[INFO ][2015-12-21 18:52:45,199][com.java.SeleniumDriver] [  822] - Test case being Executed: 26
[INFO ][2015-12-21 18:52:45,199][com.java.SeleniumDriver] [  833] - Test step:27
[INFO ][2015-12-21 18:52:45,199][com.java.SeleniumDriver] [  845] - Datavalue is----------null
[DEBUG][2015-12-21 18:52:45,199][com.java.SeleniumDriver] [  863] - Exception: null
[INFO ][2015-12-21 18:52:45,199][com.java.SeleniumDriver] [  869] - DataField : HDN//div[@class="menu"]//span[@class="icon-file-pdf"]
[INFO ][2015-12-21 18:52:45,199][com.java.SeleniumDriver] [  871] - DataValue : 
[INFO ][2015-12-21 18:52:45,199][com.java.SeleniumDriver] [  877] - <In Set values of the page>
[INFO ][2015-12-21 18:52:45,199][com.java.SeleniumDriver] [  880] - {Data Fields & Data Values Exist}
[INFO ][2015-12-21 18:52:45,199][com.java.SeleniumDriver] [  882] - --------------------------setting values-----------------------------
[INFO ][2015-12-21 18:52:45,199][com.java.SeleniumDriver] [  885] - Action Type : CLICK
[INFO ][2015-12-21 18:52:45,199][com.java.TestType] [ 5956] - Field ::HDN//div[@class="menu"]//span[@class="icon-file-pdf"]
[INFO ][2015-12-21 18:52:45,199][com.java.TestType] [ 5577] - value = 
[INFO ][2015-12-21 18:52:46,740][com.java.SeleniumDriver] [  894] -  RESULT true
[INFO ][2015-12-21 18:52:46,740][com.java.SeleniumDriver] [ 1100] - ?   P A S S   ?
[INFO ][2015-12-21 18:52:46,740][com.java.SeleniumDriver] [  821] - ------------------------------------------
[INFO ][2015-12-21 18:52:46,740][com.java.SeleniumDriver] [  822] - Test case being Executed: 26
[INFO ][2015-12-21 18:52:46,740][com.java.SeleniumDriver] [  833] - Test step:28
[INFO ][2015-12-21 18:52:46,740][com.java.SeleniumDriver] [  845] - Datavalue is----------3
[INFO ][2015-12-21 18:52:46,740][com.java.SeleniumDriver] [  869] - DataField : XPH//img[@id='loading']
[INFO ][2015-12-21 18:52:46,740][com.java.SeleniumDriver] [  871] - DataValue : 3
[INFO ][2015-12-21 18:52:46,740][com.java.SeleniumDriver] [  877] - <In Set values of the page>
[INFO ][2015-12-21 18:52:46,740][com.java.SeleniumDriver] [  880] - {Data Fields & Data Values Exist}
[INFO ][2015-12-21 18:52:46,740][com.java.SeleniumDriver] [  882] - --------------------------setting values-----------------------------
[INFO ][2015-12-21 18:52:46,740][com.java.SeleniumDriver] [  885] - Action Type : WaitForElement
[INFO ][2015-12-21 18:52:46,770][com.java.SeleniumDriver] [  894] -  RESULT true
[INFO ][2015-12-21 18:52:46,770][com.java.SeleniumDriver] [ 1100] - ?   P A S S   ?
[INFO ][2015-12-21 18:52:46,770][com.java.SeleniumDriver] [  821] - ------------------------------------------
[INFO ][2015-12-21 18:52:46,770][com.java.SeleniumDriver] [  822] - Test case being Executed: 26
[INFO ][2015-12-21 18:52:46,770][com.java.SeleniumDriver] [  833] - Test step:29
[INFO ][2015-12-21 18:52:46,770][com.java.SeleniumDriver] [  845] - Datavalue is----------90
[INFO ][2015-12-21 18:52:46,770][com.java.SeleniumDriver] [  869] - DataField : XPH//img[@id='loading']
[INFO ][2015-12-21 18:52:46,770][com.java.SeleniumDriver] [  871] - DataValue : 90
[INFO ][2015-12-21 18:52:46,770][com.java.SeleniumDriver] [  877] - <In Set values of the page>
[INFO ][2015-12-21 18:52:46,770][com.java.SeleniumDriver] [  880] - {Data Fields & Data Values Exist}
[INFO ][2015-12-21 18:52:46,770][com.java.SeleniumDriver] [  882] - --------------------------setting values-----------------------------
[INFO ][2015-12-21 18:52:46,770][com.java.SeleniumDriver] [  885] - Action Type : waitForElementNotPresent
[INFO ][2015-12-21 18:52:52,290][com.java.SeleniumDriver] [  894] -  RESULT true
[INFO ][2015-12-21 18:52:52,290][com.java.SeleniumDriver] [ 1100] - ?   P A S S   ?
[INFO ][2015-12-21 18:52:52,290][com.java.SeleniumDriver] [  821] - ------------------------------------------
[INFO ][2015-12-21 18:52:52,290][com.java.SeleniumDriver] [  822] - Test case being Executed: 26
[INFO ][2015-12-21 18:52:52,290][com.java.SeleniumDriver] [  833] - Test step:30
[INFO ][2015-12-21 18:52:52,290][com.java.SeleniumDriver] [  845] - Datavalue is----------dt:BSCompare
[INFO ][2015-12-21 18:52:52,290][com.java.SeleniumDriver] [  869] - DataField : XPH//td[@class="ReportTitle"]
[INFO ][2015-12-21 18:52:52,290][com.java.SeleniumDriver] [  871] - DataValue : dt:BSCompare
[INFO ][2015-12-21 18:52:52,290][com.java.SeleniumDriver] [  877] - <In Set values of the page>
[INFO ][2015-12-21 18:52:52,290][com.java.SeleniumDriver] [  880] - {Data Fields & Data Values Exist}
[INFO ][2015-12-21 18:52:52,290][com.java.SeleniumDriver] [  882] - --------------------------setting values-----------------------------
[INFO ][2015-12-21 18:52:52,290][com.java.SeleniumDriver] [  885] - Action Type : VERIFY
[INFO ][2015-12-21 18:52:52,290][com.java.TestType] [ 6925] - field= XPH//td[@class="ReportTitle"] value= dt:BSCompare
[INFO ][2015-12-21 18:52:52,290][com.java.TestType] [ 5577] - value = Balance Sheet Compare
[INFO ][2015-12-21 18:52:52,441][com.java.SeleniumDriver] [  894] -  RESULT true
[INFO ][2015-12-21 18:52:52,441][com.java.SeleniumDriver] [ 1100] - ?   P A S S   ?
[INFO ][2015-12-21 18:52:52,441][com.java.SeleniumDriver] [  821] - ------------------------------------------
[INFO ][2015-12-21 18:52:52,441][com.java.SeleniumDriver] [  822] - Test case being Executed: 26
[INFO ][2015-12-21 18:52:52,441][com.java.SeleniumDriver] [  833] - Test step:31
[INFO ][2015-12-21 18:52:52,441][com.java.SeleniumDriver] [  845] - Datavalue is----------null
[DEBUG][2015-12-21 18:52:52,441][com.java.SeleniumDriver] [  863] - Exception: null
[INFO ][2015-12-21 18:52:52,441][com.java.SeleniumDriver] [  869] - DataField : //span[@class='icon-cog2']&&//a[@data-id="UserSettings"]
[INFO ][2015-12-21 18:52:52,441][com.java.SeleniumDriver] [  871] - DataValue : 
[INFO ][2015-12-21 18:52:52,441][com.java.SeleniumDriver] [  877] - <In Set values of the page>
[INFO ][2015-12-21 18:52:52,441][com.java.SeleniumDriver] [  880] - {Data Fields & Data Values Exist}
[INFO ][2015-12-21 18:52:52,441][com.java.SeleniumDriver] [  882] - --------------------------setting values-----------------------------
[INFO ][2015-12-21 18:52:52,441][com.java.SeleniumDriver] [  885] - Action Type : MOUSEOVER
[INFO ][2015-12-21 18:53:16,028][com.java.SeleniumDriver] [  894] -  RESULT true
[INFO ][2015-12-21 18:53:16,028][com.java.SeleniumDriver] [ 1100] - ?   P A S S   ?
[INFO ][2015-12-21 18:53:16,028][com.java.SeleniumDriver] [  821] - ------------------------------------------
[INFO ][2015-12-21 18:53:16,028][com.java.SeleniumDriver] [  822] - Test case being Executed: 26
[INFO ][2015-12-21 18:53:16,028][com.java.SeleniumDriver] [  833] - Test step:32
[INFO ][2015-12-21 18:53:16,028][com.java.SeleniumDriver] [  845] - Datavalue is----------2
[INFO ][2015-12-21 18:53:16,028][com.java.SeleniumDriver] [  869] - DataField : BTNframeDialogContent
[INFO ][2015-12-21 18:53:16,028][com.java.SeleniumDriver] [  871] - DataValue : 2
[INFO ][2015-12-21 18:53:16,028][com.java.SeleniumDriver] [  877] - <In Set values of the page>
[INFO ][2015-12-21 18:53:16,028][com.java.SeleniumDriver] [  880] - {Data Fields & Data Values Exist}
[INFO ][2015-12-21 18:53:16,028][com.java.SeleniumDriver] [  882] - --------------------------setting values-----------------------------
[INFO ][2015-12-21 18:53:16,028][com.java.SeleniumDriver] [  885] - Action Type : WAITFORELEMENT
[INFO ][2015-12-21 18:53:17,219][com.java.SeleniumDriver] [  894] -  RESULT true
[INFO ][2015-12-21 18:53:17,219][com.java.SeleniumDriver] [ 1100] - ?   P A S S   ?
[INFO ][2015-12-21 18:53:17,219][com.java.SeleniumDriver] [  821] - ------------------------------------------
[INFO ][2015-12-21 18:53:17,219][com.java.SeleniumDriver] [  822] - Test case being Executed: 26
[INFO ][2015-12-21 18:53:17,219][com.java.SeleniumDriver] [  833] - Test step:33
[INFO ][2015-12-21 18:53:17,219][com.java.SeleniumDriver] [  845] - Datavalue is----------User Settings
[INFO ][2015-12-21 18:53:17,219][com.java.SeleniumDriver] [  869] - DataField : XPH//span[@class="ui-dialog-title"]
[INFO ][2015-12-21 18:53:17,219][com.java.SeleniumDriver] [  871] - DataValue : User Settings
[INFO ][2015-12-21 18:53:17,219][com.java.SeleniumDriver] [  877] - <In Set values of the page>
[INFO ][2015-12-21 18:53:17,219][com.java.SeleniumDriver] [  880] - {Data Fields & Data Values Exist}
[INFO ][2015-12-21 18:53:17,219][com.java.SeleniumDriver] [  882] - --------------------------setting values-----------------------------
[INFO ][2015-12-21 18:53:17,219][com.java.SeleniumDriver] [  885] - Action Type : VERIFY
[INFO ][2015-12-21 18:53:17,219][com.java.TestType] [ 6925] - field= XPH//span[@class="ui-dialog-title"] value= User Settings
[INFO ][2015-12-21 18:53:17,219][com.java.TestType] [ 5577] - value = User Settings
[INFO ][2015-12-21 18:53:17,360][com.java.SeleniumDriver] [  894] -  RESULT true
[INFO ][2015-12-21 18:53:17,360][com.java.SeleniumDriver] [ 1100] - ?   P A S S   ?
[INFO ][2015-12-21 18:53:17,360][com.java.SeleniumDriver] [  821] - ------------------------------------------
[INFO ][2015-12-21 18:53:17,360][com.java.SeleniumDriver] [  822] - Test case being Executed: 26
[INFO ][2015-12-21 18:53:17,360][com.java.SeleniumDriver] [  833] - Test step:34
[INFO ][2015-12-21 18:53:17,360][com.java.SeleniumDriver] [  845] - Datavalue is----------null
[DEBUG][2015-12-21 18:53:17,360][com.java.SeleniumDriver] [  863] - Exception: null
[INFO ][2015-12-21 18:53:17,360][com.java.SeleniumDriver] [  869] - DataField : BTNframeDialogContent
[INFO ][2015-12-21 18:53:17,360][com.java.SeleniumDriver] [  871] - DataValue : 
[INFO ][2015-12-21 18:53:17,360][com.java.SeleniumDriver] [  877] - <In Set values of the page>
[INFO ][2015-12-21 18:53:17,360][com.java.SeleniumDriver] [  880] - {Data Fields & Data Values Exist}
[INFO ][2015-12-21 18:53:17,360][com.java.SeleniumDriver] [  882] - --------------------------setting values-----------------------------
[INFO ][2015-12-21 18:53:17,360][com.java.SeleniumDriver] [  885] - Action Type : SELECTFRAME
[INFO ][2015-12-21 18:53:18,581][com.java.SeleniumDriver] [  894] -  RESULT true
[INFO ][2015-12-21 18:53:18,581][com.java.SeleniumDriver] [ 1100] - ?   P A S S   ?
[INFO ][2015-12-21 18:53:18,581][com.java.SeleniumDriver] [  821] - ------------------------------------------
[INFO ][2015-12-21 18:53:18,581][com.java.SeleniumDriver] [  822] - Test case being Executed: 26
[INFO ][2015-12-21 18:53:18,581][com.java.SeleniumDriver] [  833] - Test step:35
[INFO ][2015-12-21 18:53:18,581][com.java.SeleniumDriver] [  845] - Datavalue is----------Yes
[INFO ][2015-12-21 18:53:18,581][com.java.SeleniumDriver] [  869] - DataField : SLBddlPDFToScreen
[INFO ][2015-12-21 18:53:18,581][com.java.SeleniumDriver] [  871] - DataValue : Yes
[INFO ][2015-12-21 18:53:18,581][com.java.SeleniumDriver] [  877] - <In Set values of the page>
[INFO ][2015-12-21 18:53:18,581][com.java.SeleniumDriver] [  880] - {Data Fields & Data Values Exist}
[INFO ][2015-12-21 18:53:18,581][com.java.SeleniumDriver] [  882] - --------------------------setting values-----------------------------
[INFO ][2015-12-21 18:53:18,581][com.java.SeleniumDriver] [  885] - Action Type : SELECT
[INFO ][2015-12-21 18:53:18,581][com.java.TestType] [ 5577] - value = Yes
[INFO ][2015-12-21 18:53:20,886][com.java.SeleniumDriver] [  894] -  RESULT true
[INFO ][2015-12-21 18:53:20,886][com.java.SeleniumDriver] [ 1100] - ?   P A S S   ?
[INFO ][2015-12-21 18:53:20,886][com.java.SeleniumDriver] [  821] - ------------------------------------------
[INFO ][2015-12-21 18:53:20,886][com.java.SeleniumDriver] [  822] - Test case being Executed: 26
[INFO ][2015-12-21 18:53:20,886][com.java.SeleniumDriver] [  833] - Test step:36
[INFO ][2015-12-21 18:53:20,886][com.java.SeleniumDriver] [  845] - Datavalue is----------null
[DEBUG][2015-12-21 18:53:20,886][com.java.SeleniumDriver] [  863] - Exception: null
[INFO ][2015-12-21 18:53:20,886][com.java.SeleniumDriver] [  869] - DataField : BTNparent
[INFO ][2015-12-21 18:53:20,886][com.java.SeleniumDriver] [  871] - DataValue : 
[INFO ][2015-12-21 18:53:20,886][com.java.SeleniumDriver] [  877] - <In Set values of the page>
[INFO ][2015-12-21 18:53:20,886][com.java.SeleniumDriver] [  880] - {Data Fields & Data Values Exist}
[INFO ][2015-12-21 18:53:20,886][com.java.SeleniumDriver] [  882] - --------------------------setting values-----------------------------
[INFO ][2015-12-21 18:53:20,886][com.java.SeleniumDriver] [  885] - Action Type : SELECTFRAME
[INFO ][2015-12-21 18:53:20,896][com.java.SeleniumDriver] [  894] -  RESULT true
[INFO ][2015-12-21 18:53:20,896][com.java.SeleniumDriver] [ 1100] - ?   P A S S   ?
[INFO ][2015-12-21 18:53:20,896][com.java.SeleniumDriver] [  821] - ------------------------------------------
[INFO ][2015-12-21 18:53:20,896][com.java.SeleniumDriver] [  822] - Test case being Executed: 26
[INFO ][2015-12-21 18:53:20,896][com.java.SeleniumDriver] [  833] - Test step:37
[INFO ][2015-12-21 18:53:20,896][com.java.SeleniumDriver] [  845] - Datavalue is----------null
[DEBUG][2015-12-21 18:53:20,896][com.java.SeleniumDriver] [  863] - Exception: null
[INFO ][2015-12-21 18:53:20,896][com.java.SeleniumDriver] [  869] - DataField : XPH//span[@class="ui-button-text" and contains(text(),'Finished')]
[INFO ][2015-12-21 18:53:20,896][com.java.SeleniumDriver] [  871] - DataValue : 
[INFO ][2015-12-21 18:53:20,896][com.java.SeleniumDriver] [  877] - <In Set values of the page>
[INFO ][2015-12-21 18:53:20,896][com.java.SeleniumDriver] [  880] - {Data Fields & Data Values Exist}
[INFO ][2015-12-21 18:53:20,896][com.java.SeleniumDriver] [  882] - --------------------------setting values-----------------------------
[INFO ][2015-12-21 18:53:20,896][com.java.SeleniumDriver] [  885] - Action Type : CLICK
[INFO ][2015-12-21 18:53:20,896][com.java.TestType] [ 5956] - Field ::XPH//span[@class="ui-button-text" and contains(text(),'Finished')]
[INFO ][2015-12-21 18:53:20,896][com.java.TestType] [ 5577] - value = 
[INFO ][2015-12-21 18:53:21,896][com.java.TestType] [ 6093] - BEFORE CLICK
[INFO ][2015-12-21 18:53:22,856][com.java.TestType] [ 6101] - Unable to click the object Finish Button
[INFO ][2015-12-21 18:53:22,856][com.java.SeleniumDriver] [  894] -  RESULT true
[INFO ][2015-12-21 18:53:22,856][com.java.SeleniumDriver] [ 1100] - ?   P A S S   ?
[INFO ][2015-12-21 18:53:22,856][com.java.SeleniumDriver] [  821] - ------------------------------------------
[INFO ][2015-12-21 18:53:22,856][com.java.SeleniumDriver] [  822] - Test case being Executed: 26
[INFO ][2015-12-21 18:53:22,856][com.java.SeleniumDriver] [  833] - Test step:38
[INFO ][2015-12-21 18:53:22,856][com.java.SeleniumDriver] [  845] - Datavalue is----------5
[INFO ][2015-12-21 18:53:22,856][com.java.SeleniumDriver] [  869] - DataField : XPH//span[@class="icon-coin"]
[INFO ][2015-12-21 18:53:22,856][com.java.SeleniumDriver] [  871] - DataValue : 5
[INFO ][2015-12-21 18:53:22,856][com.java.SeleniumDriver] [  877] - <In Set values of the page>
[INFO ][2015-12-21 18:53:22,856][com.java.SeleniumDriver] [  880] - {Data Fields & Data Values Exist}
[INFO ][2015-12-21 18:53:22,856][com.java.SeleniumDriver] [  882] - --------------------------setting values-----------------------------
[INFO ][2015-12-21 18:53:22,856][com.java.SeleniumDriver] [  885] - Action Type : WAITFORELEMENT
[INFO ][2015-12-21 18:53:22,887][com.java.SeleniumDriver] [  894] -  RESULT true
[INFO ][2015-12-21 18:53:22,887][com.java.SeleniumDriver] [ 1100] - ?   P A S S   ?
[INFO ][2015-12-21 18:53:22,887][com.java.SeleniumDriver] [  821] - ------------------------------------------
[INFO ][2015-12-21 18:53:22,887][com.java.SeleniumDriver] [  822] - Test case being Executed: 26
[INFO ][2015-12-21 18:53:22,887][com.java.SeleniumDriver] [  833] - Test step:39
[INFO ][2015-12-21 18:53:22,887][com.java.SeleniumDriver] [  845] - Datavalue is----------null
[DEBUG][2015-12-21 18:53:22,887][com.java.SeleniumDriver] [  863] - Exception: null
[INFO ][2015-12-21 18:53:22,887][com.java.SeleniumDriver] [  869] - DataField : HDN//div[@class="menu"]//span[@class="icon-file-pdf"]
[INFO ][2015-12-21 18:53:22,887][com.java.SeleniumDriver] [  871] - DataValue : 
[INFO ][2015-12-21 18:53:22,887][com.java.SeleniumDriver] [  877] - <In Set values of the page>
[INFO ][2015-12-21 18:53:22,887][com.java.SeleniumDriver] [  880] - {Data Fields & Data Values Exist}
[INFO ][2015-12-21 18:53:22,887][com.java.SeleniumDriver] [  882] - --------------------------setting values-----------------------------
[INFO ][2015-12-21 18:53:22,887][com.java.SeleniumDriver] [  885] - Action Type : CLICK
[INFO ][2015-12-21 18:53:22,887][com.java.TestType] [ 5956] - Field ::HDN//div[@class="menu"]//span[@class="icon-file-pdf"]
[INFO ][2015-12-21 18:53:22,887][com.java.TestType] [ 5577] - value = 
[INFO ][2015-12-21 18:53:28,166][com.java.SeleniumDriver] [  894] -  RESULT true
[INFO ][2015-12-21 18:53:28,166][com.java.SeleniumDriver] [ 1100] - ?   P A S S   ?
[INFO ][2015-12-21 18:53:28,166][com.java.SeleniumDriver] [  821] - ------------------------------------------
[INFO ][2015-12-21 18:53:28,166][com.java.SeleniumDriver] [  822] - Test case being Executed: 26
[INFO ][2015-12-21 18:53:28,166][com.java.SeleniumDriver] [  833] - Test step:40
[INFO ][2015-12-21 18:53:28,166][com.java.SeleniumDriver] [  845] - Datavalue is----------3
[INFO ][2015-12-21 18:53:28,166][com.java.SeleniumDriver] [  869] - DataField : XPH//img[@id='loading']
[INFO ][2015-12-21 18:53:28,166][com.java.SeleniumDriver] [  871] - DataValue : 3
[INFO ][2015-12-21 18:53:28,166][com.java.SeleniumDriver] [  877] - <In Set values of the page>
[INFO ][2015-12-21 18:53:28,166][com.java.SeleniumDriver] [  880] - {Data Fields & Data Values Exist}
[INFO ][2015-12-21 18:53:28,166][com.java.SeleniumDriver] [  882] - --------------------------setting values-----------------------------
[INFO ][2015-12-21 18:53:28,166][com.java.SeleniumDriver] [  885] - Action Type : WaitForElement
[INFO ][2015-12-21 18:53:28,270][com.java.SeleniumDriver] [  894] -  RESULT true
[INFO ][2015-12-21 18:53:28,270][com.java.SeleniumDriver] [ 1100] - ?   P A S S   ?
[INFO ][2015-12-21 18:53:28,270][com.java.SeleniumDriver] [  821] - ------------------------------------------
[INFO ][2015-12-21 18:53:28,270][com.java.SeleniumDriver] [  822] - Test case being Executed: 26
[INFO ][2015-12-21 18:53:28,270][com.java.SeleniumDriver] [  833] - Test step:41
[INFO ][2015-12-21 18:53:28,270][com.java.SeleniumDriver] [  845] - Datavalue is----------90
[INFO ][2015-12-21 18:53:28,270][com.java.SeleniumDriver] [  869] - DataField : XPH//img[@id='loading']
[INFO ][2015-12-21 18:53:28,270][com.java.SeleniumDriver] [  871] - DataValue : 90
[INFO ][2015-12-21 18:53:28,270][com.java.SeleniumDriver] [  877] - <In Set values of the page>
[INFO ][2015-12-21 18:53:28,270][com.java.SeleniumDriver] [  880] - {Data Fields & Data Values Exist}
[INFO ][2015-12-21 18:53:28,270][com.java.SeleniumDriver] [  882] - --------------------------setting values-----------------------------
[INFO ][2015-12-21 18:53:28,270][com.java.SeleniumDriver] [  885] - Action Type : waitForElementNotPresent
[INFO ][2015-12-21 18:53:32,810][com.java.SeleniumDriver] [  894] -  RESULT true
[INFO ][2015-12-21 18:53:32,810][com.java.SeleniumDriver] [ 1100] - ?   P A S S   ?
[INFO ][2015-12-21 18:53:32,810][com.java.SeleniumDriver] [  821] - ------------------------------------------
[INFO ][2015-12-21 18:53:32,810][com.java.SeleniumDriver] [  822] - Test case being Executed: 26
[INFO ][2015-12-21 18:53:32,810][com.java.SeleniumDriver] [  833] - Test step:42
[INFO ][2015-12-21 18:53:32,810][com.java.SeleniumDriver] [  845] - Datavalue is----------15
[INFO ][2015-12-21 18:53:32,810][com.java.SeleniumDriver] [  869] - DataField : test
[INFO ][2015-12-21 18:53:32,810][com.java.SeleniumDriver] [  871] - DataValue : 15
[INFO ][2015-12-21 18:53:32,810][com.java.SeleniumDriver] [  877] - <In Set values of the page>
[INFO ][2015-12-21 18:53:32,810][com.java.SeleniumDriver] [  880] - {Data Fields & Data Values Exist}
[INFO ][2015-12-21 18:53:32,810][com.java.SeleniumDriver] [  882] - --------------------------setting values-----------------------------
[INFO ][2015-12-21 18:53:32,810][com.java.SeleniumDriver] [  885] - Action Type : WaitTime
[DEBUG][2015-12-21 18:53:32,810][com.java.TestType] [ 5397] - sleepTime: 15000
[INFO ][2015-12-21 18:53:47,814][com.java.SeleniumDriver] [  894] -  RESULT true
[INFO ][2015-12-21 18:53:47,814][com.java.SeleniumDriver] [ 1100] - ?   P A S S   ?
[INFO ][2015-12-21 18:53:47,814][com.java.SeleniumDriver] [  821] - ------------------------------------------
[INFO ][2015-12-21 18:53:47,814][com.java.SeleniumDriver] [  822] - Test case being Executed: 26
[INFO ][2015-12-21 18:53:47,814][com.java.SeleniumDriver] [  833] - Test step:43
[INFO ][2015-12-21 18:53:47,814][com.java.SeleniumDriver] [  845] - Datavalue is----------Banker'sDashboard
[INFO ][2015-12-21 18:53:47,814][com.java.SeleniumDriver] [  869] - DataField : DYN
[INFO ][2015-12-21 18:53:47,814][com.java.SeleniumDriver] [  871] - DataValue : Banker'sDashboard
[INFO ][2015-12-21 18:53:47,814][com.java.SeleniumDriver] [  877] - <In Set values of the page>
[INFO ][2015-12-21 18:53:47,814][com.java.SeleniumDriver] [  880] - {Data Fields & Data Values Exist}
[INFO ][2015-12-21 18:53:47,814][com.java.SeleniumDriver] [  882] - --------------------------setting values-----------------------------
[INFO ][2015-12-21 18:53:47,814][com.java.SeleniumDriver] [  885] - Action Type : SelectWindow
[DEBUG][2015-12-21 18:53:51,145][com.java.TestType] [ 6808] - Window with title   ::+Banker'sDashboard:: not Found
[INFO ][2015-12-21 18:53:51,145][com.java.SeleniumDriver] [  894] -  RESULT false
[INFO ][2015-12-21 18:53:51,145][com.java.SeleniumDriver] [  941] - ?   F A I L   ?
[INFO ][2015-12-21 18:53:51,145][com.java.SeleniumDriver] [  949] - Browser Type : IE10
[INFO ][2015-12-21 18:53:51,145][com.java.SeleniumDriver] [  950] - Adding Failed case26
[WARN ][2015-12-21 18:53:51,146][com.java.SeleniumDriver] [ 1010] - Source 'D:\BankersDashboard\TestReports\122115' exists but is a directory
[INFO ][2015-12-21 18:53:51,146][com.java.SeleniumDriver] [ 1064] - failedCases = 26
[ERROR][2015-12-21 18:53:51,146][com.java.SeleniumDriver] [ 1561] - Platform Errors : Our apologies...::We have encountered an issue with your request.::Our apologies?:We encountered an issue with your request.
[INFO ][2015-12-21 18:53:51,146][com.java.SeleniumDriver] [ 1565] - Length =3
[ERROR][2015-12-21 18:53:51,146][com.java.SeleniumDriver] [ 1568] - Error 0 = Our apologies...
[ERROR][2015-12-21 18:53:51,166][com.java.SeleniumDriver] [ 1582] - Unable to get browser (WARNING: The server did not provide any stacktrace information)
Command duration or timeout: 20 milliseconds
Build info: version: '2.48.2', revision: '41bccdd', time: '2015-10-09 19:59:12'
System info: host: 'FVTIII438F1D', ip: '172.17.68.34', os.name: 'Windows 7', os.arch: 'x86', os.version: '6.1', java.version: '1.7.0_55'
Session ID: 87be0ed2-c6e8-41b4-bfbc-bab72dad7e75
Driver info: org.openqa.selenium.ie.InternetExplorerDriver
Capabilities [{platform=WINDOWS, javascriptEnabled=true, elementScrollBehavior=0, ignoreZoomSetting=false, enablePersistentHover=true, ie.ensureCleanSession=false, browserName=internet explorer, enableElementCacheCleanup=true, unexpectedAlertBehaviour=dismiss, version=10, ie.usePerProcessProxy=false, ignoreProtectedModeSettings=true, cssSelectorsEnabled=true, requireWindowFocus=false, initialBrowserUrl=http://localhost:45589/, handlesAlerts=true, ie.forceCreateProcessApi=false, nativeEvents=true, browserAttachTimeout=0, ie.browserCommandLineSwitches=, takesScreenshot=true}]
[INFO ][2015-12-21 18:53:51,166][com.java.SeleniumDriver] [ 1584] - FindPlatformErrors exception: Unable to get browser (WARNING: The server did not provide any stacktrace information)
Command duration or timeout: 20 milliseconds
Build info: version: '2.48.2', revision: '41bccdd', time: '2015-10-09 19:59:12'
System info: host: 'FVTIII438F1D', ip: '172.17.68.34', os.name: 'Windows 7', os.arch: 'x86', os.version: '6.1', java.version: '1.7.0_55'
Session ID: 87be0ed2-c6e8-41b4-bfbc-bab72dad7e75
Driver info: org.openqa.selenium.ie.InternetExplorerDriver
Capabilities [{platform=WINDOWS, javascriptEnabled=true, elementScrollBehavior=0, ignoreZoomSetting=false, enablePersistentHover=true, ie.ensureCleanSession=false, browserName=internet explorer, enableElementCacheCleanup=true, unexpectedAlertBehaviour=dismiss, version=10, ie.usePerProcessProxy=false, ignoreProtectedModeSettings=true, cssSelectorsEnabled=true, requireWindowFocus=false, initialBrowserUrl=http://localhost:45589/, handlesAlerts=true, ie.forceCreateProcessApi=false, nativeEvents=true, browserAttachTimeout=0, ie.browserCommandLineSwitches=, takesScreenshot=true}]
[DEBUG][2015-12-21 18:53:51,166][com.java.SeleniumDriver] [ 1586] - Unable to get the Platform Error list from Hash Map.
[ERROR][2015-12-21 18:53:51,166][com.java.SeleniumDriver] [ 1182] - 
[INFO ][2015-12-21 18:53:51,166][com.java.SeleniumDriver] [  821] - ------------------------------------------
[INFO ][2015-12-21 18:53:51,166][com.java.SeleniumDriver] [  822] - Test case being Executed: 26
[INFO ][2015-12-21 18:53:51,166][com.java.SeleniumDriver] [  833] - Test step:44
[INFO ][2015-12-21 18:53:51,166][com.java.SeleniumDriver] [  845] - Datavalue is----------10
[INFO ][2015-12-21 18:53:51,166][com.java.SeleniumDriver] [  869] - DataField : test
[INFO ][2015-12-21 18:53:51,166][com.java.SeleniumDriver] [  871] - DataValue : 10
[INFO ][2015-12-21 18:53:51,166][com.java.SeleniumDriver] [  877] - <In Set values of the page>
[INFO ][2015-12-21 18:53:51,166][com.java.SeleniumDriver] [  880] - {Data Fields & Data Values Exist}
[INFO ][2015-12-21 18:53:51,166][com.java.SeleniumDriver] [  882] - --------------------------setting values-----------------------------
[INFO ][2015-12-21 18:53:51,166][com.java.SeleniumDriver] [  885] - Action Type : WaitTime
[DEBUG][2015-12-21 18:53:51,166][com.java.TestType] [ 5397] - sleepTime: 10000
[INFO ][2015-12-21 18:54:01,167][com.java.SeleniumDriver] [  894] -  RESULT true
[INFO ][2015-12-21 18:54:01,167][com.java.SeleniumDriver] [ 1100] - ?   P A S S   ?
[DEBUG][2015-12-21 18:54:01,167][com.java.SeleniumDriver] [ 1212] - Case found
[DEBUG][2015-12-21 18:54:01,167][com.java.SeleniumDriver] [ 1217] - Incrementing ReportCounters[0]:2
[INFO ][2015-12-21 18:54:01,167][com.java.SeleniumDriver] [ 1236] - The results are-------------------[26, 43, Settings : User Settings : Output PDF to screen, Fail, 
Test case failed at Step No. :: 43   Error Message ::  Window with title   ::+Banker'sDashboard:: not FoundException. Screen Shot : D:\BankersDashboard\TestReports\122115\26_122115_185351_IE10.png, Mon Dec 21 18:53:51 IST 2015]
[INFO ][2015-12-21 18:54:01,167][com.java.SeleniumDriver] [ 1240] - End time is-------4 min 40 sec
[INFO ][2015-12-21 18:54:01,167][com.java.SeleniumDriver] [ 1241] - The results are-------------------[26, 43, Settings : User Settings : Output PDF to screen, Fail, 
Test case failed at Step No. :: 43   Error Message ::  Window with title   ::+Banker'sDashboard:: not FoundException. Screen Shot : D:\BankersDashboard\TestReports\122115\26_122115_185351_IE10.png, Mon Dec 21 18:53:51 IST 2015]
[DEBUG][2015-12-21 18:54:01,167][com.java.ImportnExport.ExportTestResultsExcel] [  222] - testResultPath = D:\BankersDashboard/TestReports/Test Results_BankersDashBoard_122115_184922_IE10_Bank of North Carolina.xls
[DEBUG][2015-12-21 18:54:01,167][com.java.ImportnExport.ExportTestResultsExcel] [  223] - browser is------------IE10
[DEBUG][2015-12-21 18:54:01,167][com.java.ImportnExport.ExportTestResultsExcel] [  270] - result.size() = 6
[DEBUG][2015-12-21 18:54:01,167][com.java.ImportnExport.ExportTestResultsExcel] [  274] - No of rows in sheet=2
[DEBUG][2015-12-21 18:54:01,167][com.java.ImportnExport.ExportTestResultsExcel] [  301] - ..in export..26
[DEBUG][2015-12-21 18:54:01,167][com.java.ImportnExport.ExportTestResultsExcel] [  301] - ..in export..Settings : User Settings : Output PDF to screen
[DEBUG][2015-12-21 18:54:01,167][com.java.ImportnExport.ExportTestResultsExcel] [  301] - ..in export..Fail
[DEBUG][2015-12-21 18:54:01,167][com.java.ImportnExport.ExportTestResultsExcel] [  301] - ..in export..
Test case failed at Step No. :: 43   Error Message ::  Window with title   ::+Banker'sDashboard:: not FoundException. Screen Shot : D:\BankersDashboard\TestReports\122115\26_122115_185351_IE10.png
[DEBUG][2015-12-21 18:54:01,167][com.java.ImportnExport.ExportTestResultsExcel] [  301] - ..in export..Mon Dec 21 18:53:51 IST 2015
[INFO ][2015-12-21 18:54:01,167][com.java.SeleniumDriver] [ 1299] - out loop:1 size:2 TestCases:[1, 26] testcases:[1, 26]
[INFO ][2015-12-21 18:54:03,168][com.java.SeleniumDriver] [ 1342] - Total Number of Cases:2
[INFO ][2015-12-21 18:54:03,168][com.java.TemplateGenerator] [  302] - Executed:2
[INFO ][2015-12-21 18:54:03,168][com.java.TemplateGenerator] [  303] - Passed:1
[INFO ][2015-12-21 18:54:03,168][com.java.TemplateGenerator] [  304] - Failed:1
[INFO ][2015-12-21 18:54:03,168][com.java.TemplateGenerator] [  305] - Skipeed:0
[INFO ][2015-12-21 18:54:03,168][com.java.TemplateGenerator] [  306] - Application URL:https://clients-xuat.bankersdashboard.com
[INFO ][2015-12-21 18:54:03,168][com.java.TemplateGenerator] [  307] - Start Time:122115_184922
[INFO ][2015-12-21 18:54:03,168][com.java.TemplateGenerator] [  308] -  Creating HTML Report 
[ERROR][2015-12-21 18:54:03,168][com.java.TemplateGenerator] [  409] - Unparseable date: "Mon Dec 21 06:49:22 IST 2015"
[INFO ][2015-12-21 18:54:03,168][com.java.TemplateGenerator] [  654] -  Exporting case :: 1
[INFO ][2015-12-21 18:54:03,168][com.java.TemplateGenerator] [  654] -  Exporting case :: 26
[INFO ][2015-12-21 18:54:03,168][com.java.SeleniumDriver] [ 1391] - End Time:122115_185403
[INFO ][2015-12-21 18:54:03,168][com.java.SeleniumDriver] [ 1394] - Data in Test Execution Details:{1=PASS, 26=PASS}
[INFO ][2015-12-21 18:54:03,168][com.java.SeleniumDriver] [ 1395] - Data in Failed Execution Deatils:{}
[INFO ][2015-12-21 18:54:03,168][com.java.SeleniumDriver] [ 1397] - ReportCounter:Total:2 :: PASS: 1 ::FAIL: 1
[INFO ][2015-12-21 18:54:03,168][com.java.SeleniumDriver] [ 1398] - FailedReportCounter:Total:0 :: PASS: 0 ::FAIL: 0
[INFO ][2015-12-21 18:54:03,169][com.java.EmailTestReport] [   63] - Sending report mail details:
[INFO ][2015-12-21 18:54:03,169][com.java.EmailTestReport] [   80] - Excel Report Path:D:\BankersDashboard/TestReports/Test Results_BankersDashBoard_122115_184922_IE10_Bank of North Carolina.xls
[INFO ][2015-12-21 18:54:03,169][com.java.EmailTestReport] [   81] - HTML Report Path:D:\BankersDashboard//TestReports//Test Results_BankersDashBoard_122115_184922_IE10_Bank of North Carolina.html
[INFO ][2015-12-21 18:54:03,169][com.java.EmailTestReport] [   82] - smtpHostName:mail01.valuelabs.com
[INFO ][2015-12-21 18:54:03,169][com.java.EmailTestReport] [   83] - Recipient:venkateswararao.gubbala@valuelabs.com;
[INFO ][2015-12-21 18:54:03,169][com.java.EmailTestReport] [   84] - From:venkateswararao.gubbala@valuelabs.com;
[INFO ][2015-12-21 18:54:03,169][com.java.EmailTestReport] [   85] - Subject:Deluxe Corp Bankers Dashboard Automation Test Report - Bank of North Carolina - IE10
[INFO ][2015-12-21 18:54:03,199][com.java.EmailTestReport] [  143] -  Added venkateswararao.gubbala@valuelabs.com
[INFO ][2015-12-21 18:54:08,303][com.java.SeleniumDriver] [  720] - quitting the browser 
[INFO ][2015-12-21 18:54:09,575][com.java.SeleniumDriver] [  264] - Execution Completed Stopping the thread
