[INFO ][2015-12-22 18:47:36,800][com.java.SeleniumDriver] [  213] - Execute Failed Casesfalse
[INFO ][2015-12-22 18:47:36,801][com.java.SeleniumDriver] [  214] - Browser: IE10
[INFO ][2015-12-22 18:47:36,801][com.java.SeleniumDriver] [  215] - [17]
[INFO ][2015-12-22 18:47:36,801][com.java.SeleniumDriver] [  216] - Total TestCases:1
[INFO ][2015-12-22 18:47:36,801][com.java.SeleniumDriver] [  217] -  Reading Properties from Property File 
[DEBUG][2015-12-22 18:47:36,801][com.java.SeleniumDriver] [  238] - url : https://clients-xuat.bankersdashboard.com
[INFO ][2015-12-22 18:47:36,802][com.java.ImportnExport.ExportTestResultsExcel] [  116] - Time Stamp Tue Dec 22 06:47:36 IST 2015
[INFO ][2015-12-22 18:47:36,803][com.java.ImportnExport.ExportTestResultsExcel] [  175] - OUT FILE : D:\BankersDashboard/TestReports/Test Results_BankersDashBoard_122215_184736_IE10_Bank of North Carolina.xls
[INFO ][2015-12-22 18:47:36,832][com.java.ImportnExport.ExportTestResultsExcel] [  180] - Test Result file is created
[DEBUG][2015-12-22 18:47:36,937][com.java.SeleniumDriver] [  426] - Hub ip address is-------172.17.68.34
[INFO ][2015-12-22 18:47:36,937][com.java.SeleniumDriver] [  452] - Grid URL:http://172.17.68.34:4444/wd/hub
[INFO ][2015-12-22 18:47:36,938][com.java.SeleniumDriver] [  453] - Capability:Capabilities [{platform=ANY, ensureCleanSession=true, ignoreProtectedModeSettings=true, acceptSslCerts=true, ignoreZoomSetting=true, browserName=internet explorer, browserstack.ie.noFlash=true, version=null}]
[ERROR][2015-12-22 18:47:38,269][com.java.SeleniumDriver] [  497] - Unable invoke browser in grid:Could not start a new session. Possible causes are invalid address of the remote server or browser start-up failure.
Build info: version: '2.48.2', revision: '41bccdd', time: '2015-10-09 19:59:12'
System info: host: 'FVTIII438F1D', ip: '172.17.68.34', os.name: 'Windows 7', os.arch: 'x86', os.version: '6.1', java.version: '1.7.0_55'
Driver info: driver.version: SeleniumDriver
[INFO ][2015-12-22 18:47:38,269][com.java.SeleniumDriver] [  499] - Executing on local machine
[INFO ][2015-12-22 18:47:48,824][com.java.SeleniumDriver] [  248] - IE10is opened
[INFO ][2015-12-22 18:47:49,699][com.java.SeleniumDriver] [  754] - Test cases to be executed are: [17]
[INFO ][2015-12-22 18:47:49,718][com.java.ImportnExport.ImportTestDataDetailsExcel] [   49] - test data details path===== D:\BankersDashboard\TestInputs\TestData.xls
[INFO ][2015-12-22 18:47:49,820][com.java.SeleniumDriver] [  821] - ------------------------------------------
[INFO ][2015-12-22 18:47:49,821][com.java.SeleniumDriver] [  822] - Test case being Executed: 17
[INFO ][2015-12-22 18:47:49,821][com.java.SeleniumDriver] [  833] - Test step:1
[INFO ][2015-12-22 18:47:49,821][com.java.SeleniumDriver] [  845] - Datavalue is----------Logout
[INFO ][2015-12-22 18:47:49,821][com.java.SeleniumDriver] [  869] - DataField : BTN
[INFO ][2015-12-22 18:47:49,821][com.java.SeleniumDriver] [  871] - DataValue : Logout
[INFO ][2015-12-22 18:47:49,821][com.java.SeleniumDriver] [  877] - <In Set values of the page>
[INFO ][2015-12-22 18:47:49,821][com.java.SeleniumDriver] [  880] - {Data Fields & Data Values Exist}
[INFO ][2015-12-22 18:47:49,821][com.java.SeleniumDriver] [  882] - --------------------------setting values-----------------------------
[INFO ][2015-12-22 18:47:49,821][com.java.SeleniumDriver] [  885] - Action Type : Verify
[INFO ][2015-12-22 18:47:49,841][com.java.TestType] [ 6946] - field= BTN value= Logout
[INFO ][2015-12-22 18:47:49,842][com.java.TestType] [ 5596] - value = Logout
[DEBUG][2015-12-22 18:48:25,982][com.java.TestType] [ 6607] - Logout   :: Element not Found
[ERROR][2015-12-22 18:48:43,041][com.java.TestType] [ 7659] - Assertion Error: 
[INFO ][2015-12-22 18:48:43,041][com.java.SeleniumDriver] [  894] -  RESULT false
[INFO ][2015-12-22 18:48:43,041][com.java.SeleniumDriver] [  941] - ?   F A I L   ?
[INFO ][2015-12-22 18:48:43,041][com.java.SeleniumDriver] [  949] - Browser Type : IE10
[INFO ][2015-12-22 18:48:43,041][com.java.SeleniumDriver] [  950] - Adding Failed case17
[DEBUG][2015-12-22 18:48:43,688][com.java.SeleniumDriver] [ 1018] -  tdd.getCondition() IF:Next:3
[INFO ][2015-12-22 18:48:43,688][com.java.SeleniumDriver] [ 1027] - step change to 3
[INFO ][2015-12-22 18:48:43,688][com.java.SeleniumDriver] [  821] - ------------------------------------------
[INFO ][2015-12-22 18:48:43,688][com.java.SeleniumDriver] [  822] - Test case being Executed: 17
[INFO ][2015-12-22 18:48:43,688][com.java.SeleniumDriver] [  833] - Test step:3
[INFO ][2015-12-22 18:48:43,688][com.java.SeleniumDriver] [  845] - Datavalue is----------Concept#1:1-2
[INFO ][2015-12-22 18:48:43,688][com.java.SeleniumDriver] [  869] - DataField : test
[INFO ][2015-12-22 18:48:43,689][com.java.SeleniumDriver] [  871] - DataValue : Concept#1:1-2
[INFO ][2015-12-22 18:48:43,689][com.java.SeleniumDriver] [  877] - <In Set values of the page>
[INFO ][2015-12-22 18:48:43,689][com.java.SeleniumDriver] [  880] - {Data Fields & Data Values Exist}
[INFO ][2015-12-22 18:48:43,689][com.java.SeleniumDriver] [  882] - --------------------------setting values-----------------------------
[INFO ][2015-12-22 18:48:43,689][com.java.SeleniumDriver] [  885] - Action Type : ExecuteTestCase
[INFO ][2015-12-22 18:48:43,689][com.java.TestType] [  437] - The Concept sheet name is ---------- Concept
[INFO ][2015-12-22 18:48:43,689][com.java.TestType] [  440] - The Concept ID  is ---------- 1
[DEBUG][2015-12-22 18:48:43,689][com.java.TestType] [  444] - Steps being executted in the Concept are: 1:2
[INFO ][2015-12-22 18:48:43,689][com.java.TestType] [  451] - Test data details path ---------- D:\BankersDashboard\TestInputs\TestData.xls
[INFO ][2015-12-22 18:48:43,719][com.java.TestType] [  482] -  str(1) = 1
[INFO ][2015-12-22 18:48:43,719][com.java.TestType] [  485] - Test case Id is---1
[INFO ][2015-12-22 18:48:43,719][com.java.TestType] [  487] - 1
[INFO ][2015-12-22 18:48:43,720][com.java.TestType] [  482] -  str(2) = 1
[INFO ][2015-12-22 18:48:43,722][com.java.TestType] [  534] - row values are--------{1=com.java.Objects.TestDataDetails@1f8254f}
[INFO ][2015-12-22 18:48:43,722][com.java.TestType] [  482] -  str(1) = 1
[INFO ][2015-12-22 18:48:43,722][com.java.TestType] [  485] - Test case Id is---1
[INFO ][2015-12-22 18:48:43,722][com.java.TestType] [  487] - 1
[INFO ][2015-12-22 18:48:43,722][com.java.TestType] [  482] -  str(2) = 2
[INFO ][2015-12-22 18:48:43,724][com.java.TestType] [  534] - row values are--------{1=com.java.Objects.TestDataDetails@1f8254f, 2=com.java.Objects.TestDataDetails@5f6757}
[INFO ][2015-12-22 18:48:43,724][com.java.TestType] [  482] -  str(1) = 1
[INFO ][2015-12-22 18:48:43,724][com.java.TestType] [  485] - Test case Id is---1
[INFO ][2015-12-22 18:48:43,724][com.java.TestType] [  487] - 1
[INFO ][2015-12-22 18:48:43,724][com.java.TestType] [  482] -  str(2) = 3
[INFO ][2015-12-22 18:48:43,725][com.java.TestType] [  534] - row values are--------{1=com.java.Objects.TestDataDetails@1f8254f, 2=com.java.Objects.TestDataDetails@5f6757, 3=com.java.Objects.TestDataDetails@7a99fb}
[INFO ][2015-12-22 18:48:43,725][com.java.TestType] [  482] -  str(1) = 1
[INFO ][2015-12-22 18:48:43,725][com.java.TestType] [  485] - Test case Id is---1
[INFO ][2015-12-22 18:48:43,725][com.java.TestType] [  487] - 1
[INFO ][2015-12-22 18:48:43,726][com.java.TestType] [  482] -  str(2) = 4
[INFO ][2015-12-22 18:48:43,726][com.java.TestType] [  534] - row values are--------{1=com.java.Objects.TestDataDetails@1f8254f, 2=com.java.Objects.TestDataDetails@5f6757, 3=com.java.Objects.TestDataDetails@7a99fb, 4=com.java.Objects.TestDataDetails@47ab39}
[INFO ][2015-12-22 18:48:43,726][com.java.TestType] [  482] -  str(1) = 1
[INFO ][2015-12-22 18:48:43,727][com.java.TestType] [  485] - Test case Id is---1
[INFO ][2015-12-22 18:48:43,727][com.java.TestType] [  487] - 1
[INFO ][2015-12-22 18:48:43,727][com.java.TestType] [  482] -  str(2) = 5
[INFO ][2015-12-22 18:48:43,727][com.java.TestType] [  534] - row values are--------{1=com.java.Objects.TestDataDetails@1f8254f, 2=com.java.Objects.TestDataDetails@5f6757, 3=com.java.Objects.TestDataDetails@7a99fb, 4=com.java.Objects.TestDataDetails@47ab39, 5=com.java.Objects.TestDataDetails@1a21b3e}
[INFO ][2015-12-22 18:48:43,728][com.java.TestType] [  482] -  str(1) = 1
[INFO ][2015-12-22 18:48:43,728][com.java.TestType] [  485] - Test case Id is---1
[INFO ][2015-12-22 18:48:43,728][com.java.TestType] [  487] - 1
[INFO ][2015-12-22 18:48:43,728][com.java.TestType] [  482] -  str(2) = 6
[INFO ][2015-12-22 18:48:43,729][com.java.TestType] [  534] - row values are--------{1=com.java.Objects.TestDataDetails@1f8254f, 2=com.java.Objects.TestDataDetails@5f6757, 3=com.java.Objects.TestDataDetails@7a99fb, 4=com.java.Objects.TestDataDetails@47ab39, 5=com.java.Objects.TestDataDetails@1a21b3e, 6=com.java.Objects.TestDataDetails@b860b7}
[INFO ][2015-12-22 18:48:43,729][com.java.TestType] [  482] -  str(1) = 1
[INFO ][2015-12-22 18:48:43,729][com.java.TestType] [  485] - Test case Id is---1
[INFO ][2015-12-22 18:48:43,729][com.java.TestType] [  487] - 1
[INFO ][2015-12-22 18:48:43,729][com.java.TestType] [  482] -  str(2) = 7
[INFO ][2015-12-22 18:48:43,730][com.java.TestType] [  534] - row values are--------{1=com.java.Objects.TestDataDetails@1f8254f, 2=com.java.Objects.TestDataDetails@5f6757, 3=com.java.Objects.TestDataDetails@7a99fb, 4=com.java.Objects.TestDataDetails@47ab39, 5=com.java.Objects.TestDataDetails@1a21b3e, 6=com.java.Objects.TestDataDetails@b860b7, 7=com.java.Objects.TestDataDetails@15c560a}
[INFO ][2015-12-22 18:48:43,730][com.java.TestType] [  482] -  str(1) = 1
[INFO ][2015-12-22 18:48:43,730][com.java.TestType] [  485] - Test case Id is---1
[INFO ][2015-12-22 18:48:43,730][com.java.TestType] [  487] - 1
[INFO ][2015-12-22 18:48:43,730][com.java.TestType] [  482] -  str(2) = 8
[INFO ][2015-12-22 18:48:43,731][com.java.TestType] [  534] - row values are--------{1=com.java.Objects.TestDataDetails@1f8254f, 2=com.java.Objects.TestDataDetails@5f6757, 3=com.java.Objects.TestDataDetails@7a99fb, 4=com.java.Objects.TestDataDetails@47ab39, 5=com.java.Objects.TestDataDetails@1a21b3e, 6=com.java.Objects.TestDataDetails@b860b7, 7=com.java.Objects.TestDataDetails@15c560a, 8=com.java.Objects.TestDataDetails@1d55c36}
[INFO ][2015-12-22 18:48:43,731][com.java.TestType] [  482] -  str(1) = 1
[INFO ][2015-12-22 18:48:43,731][com.java.TestType] [  485] - Test case Id is---1
[INFO ][2015-12-22 18:48:43,731][com.java.TestType] [  487] - 1
[INFO ][2015-12-22 18:48:43,731][com.java.TestType] [  482] -  str(2) = 9
[INFO ][2015-12-22 18:48:43,732][com.java.TestType] [  534] - row values are--------{1=com.java.Objects.TestDataDetails@1f8254f, 2=com.java.Objects.TestDataDetails@5f6757, 3=com.java.Objects.TestDataDetails@7a99fb, 4=com.java.Objects.TestDataDetails@47ab39, 5=com.java.Objects.TestDataDetails@1a21b3e, 6=com.java.Objects.TestDataDetails@b860b7, 7=com.java.Objects.TestDataDetails@15c560a, 8=com.java.Objects.TestDataDetails@1d55c36, 9=com.java.Objects.TestDataDetails@150e6e9}
[INFO ][2015-12-22 18:48:43,732][com.java.TestType] [  482] -  str(1) = 1
[INFO ][2015-12-22 18:48:43,732][com.java.TestType] [  485] - Test case Id is---1
[INFO ][2015-12-22 18:48:43,732][com.java.TestType] [  487] - 1
[INFO ][2015-12-22 18:48:43,734][com.java.TestType] [  482] -  str(2) = 10
[INFO ][2015-12-22 18:48:43,735][com.java.TestType] [  534] - row values are--------{1=com.java.Objects.TestDataDetails@1f8254f, 2=com.java.Objects.TestDataDetails@5f6757, 3=com.java.Objects.TestDataDetails@7a99fb, 4=com.java.Objects.TestDataDetails@47ab39, 5=com.java.Objects.TestDataDetails@1a21b3e, 6=com.java.Objects.TestDataDetails@b860b7, 7=com.java.Objects.TestDataDetails@15c560a, 8=com.java.Objects.TestDataDetails@1d55c36, 9=com.java.Objects.TestDataDetails@150e6e9, 10=com.java.Objects.TestDataDetails@1f7b377}
[INFO ][2015-12-22 18:48:43,735][com.java.TestType] [  482] -  str(1) = 1
[INFO ][2015-12-22 18:48:43,735][com.java.TestType] [  485] - Test case Id is---1
[INFO ][2015-12-22 18:48:43,735][com.java.TestType] [  487] - 1
[INFO ][2015-12-22 18:48:43,735][com.java.TestType] [  482] -  str(2) = 11
[INFO ][2015-12-22 18:48:43,736][com.java.TestType] [  534] - row values are--------{1=com.java.Objects.TestDataDetails@1f8254f, 2=com.java.Objects.TestDataDetails@5f6757, 3=com.java.Objects.TestDataDetails@7a99fb, 4=com.java.Objects.TestDataDetails@47ab39, 5=com.java.Objects.TestDataDetails@1a21b3e, 6=com.java.Objects.TestDataDetails@b860b7, 7=com.java.Objects.TestDataDetails@15c560a, 8=com.java.Objects.TestDataDetails@1d55c36, 9=com.java.Objects.TestDataDetails@150e6e9, 10=com.java.Objects.TestDataDetails@1f7b377, 11=com.java.Objects.TestDataDetails@16626e3}
[INFO ][2015-12-22 18:48:43,736][com.java.TestType] [  482] -  str(1) = 1
[INFO ][2015-12-22 18:48:43,736][com.java.TestType] [  485] - Test case Id is---1
[INFO ][2015-12-22 18:48:43,736][com.java.TestType] [  487] - 1
[INFO ][2015-12-22 18:48:43,736][com.java.TestType] [  482] -  str(2) = 12
[INFO ][2015-12-22 18:48:43,737][com.java.TestType] [  534] - row values are--------{1=com.java.Objects.TestDataDetails@1f8254f, 2=com.java.Objects.TestDataDetails@5f6757, 3=com.java.Objects.TestDataDetails@7a99fb, 4=com.java.Objects.TestDataDetails@47ab39, 5=com.java.Objects.TestDataDetails@1a21b3e, 6=com.java.Objects.TestDataDetails@b860b7, 7=com.java.Objects.TestDataDetails@15c560a, 8=com.java.Objects.TestDataDetails@1d55c36, 9=com.java.Objects.TestDataDetails@150e6e9, 10=com.java.Objects.TestDataDetails@1f7b377, 11=com.java.Objects.TestDataDetails@16626e3, 12=com.java.Objects.TestDataDetails@142a38e}
[INFO ][2015-12-22 18:48:43,737][com.java.TestType] [  482] -  str(1) = 1
[INFO ][2015-12-22 18:48:43,737][com.java.TestType] [  485] - Test case Id is---1
[INFO ][2015-12-22 18:48:43,737][com.java.TestType] [  487] - 1
[INFO ][2015-12-22 18:48:43,737][com.java.TestType] [  482] -  str(2) = 13
[INFO ][2015-12-22 18:48:43,738][com.java.TestType] [  534] - row values are--------{1=com.java.Objects.TestDataDetails@1f8254f, 2=com.java.Objects.TestDataDetails@5f6757, 3=com.java.Objects.TestDataDetails@7a99fb, 4=com.java.Objects.TestDataDetails@47ab39, 5=com.java.Objects.TestDataDetails@1a21b3e, 6=com.java.Objects.TestDataDetails@b860b7, 7=com.java.Objects.TestDataDetails@15c560a, 8=com.java.Objects.TestDataDetails@1d55c36, 9=com.java.Objects.TestDataDetails@150e6e9, 10=com.java.Objects.TestDataDetails@1f7b377, 11=com.java.Objects.TestDataDetails@16626e3, 12=com.java.Objects.TestDataDetails@142a38e, 13=com.java.Objects.TestDataDetails@148e8c}
[INFO ][2015-12-22 18:48:43,738][com.java.TestType] [  482] -  str(1) = 1
[INFO ][2015-12-22 18:48:43,738][com.java.TestType] [  485] - Test case Id is---1
[INFO ][2015-12-22 18:48:43,738][com.java.TestType] [  487] - 1
[INFO ][2015-12-22 18:48:43,738][com.java.TestType] [  482] -  str(2) = 14
[INFO ][2015-12-22 18:48:43,739][com.java.TestType] [  534] - row values are--------{1=com.java.Objects.TestDataDetails@1f8254f, 2=com.java.Objects.TestDataDetails@5f6757, 3=com.java.Objects.TestDataDetails@7a99fb, 4=com.java.Objects.TestDataDetails@47ab39, 5=com.java.Objects.TestDataDetails@1a21b3e, 6=com.java.Objects.TestDataDetails@b860b7, 7=com.java.Objects.TestDataDetails@15c560a, 8=com.java.Objects.TestDataDetails@1d55c36, 9=com.java.Objects.TestDataDetails@150e6e9, 10=com.java.Objects.TestDataDetails@1f7b377, 11=com.java.Objects.TestDataDetails@16626e3, 12=com.java.Objects.TestDataDetails@142a38e, 13=com.java.Objects.TestDataDetails@148e8c, 14=com.java.Objects.TestDataDetails@f67e9}
[INFO ][2015-12-22 18:48:43,739][com.java.TestType] [  482] -  str(1) = 1
[INFO ][2015-12-22 18:48:43,739][com.java.TestType] [  485] - Test case Id is---1
[INFO ][2015-12-22 18:48:43,739][com.java.TestType] [  487] - 1
[INFO ][2015-12-22 18:48:43,739][com.java.TestType] [  482] -  str(2) = 15
[INFO ][2015-12-22 18:48:43,740][com.java.TestType] [  534] - row values are--------{1=com.java.Objects.TestDataDetails@1f8254f, 2=com.java.Objects.TestDataDetails@5f6757, 3=com.java.Objects.TestDataDetails@7a99fb, 4=com.java.Objects.TestDataDetails@47ab39, 5=com.java.Objects.TestDataDetails@1a21b3e, 6=com.java.Objects.TestDataDetails@b860b7, 7=com.java.Objects.TestDataDetails@15c560a, 8=com.java.Objects.TestDataDetails@1d55c36, 9=com.java.Objects.TestDataDetails@150e6e9, 10=com.java.Objects.TestDataDetails@1f7b377, 11=com.java.Objects.TestDataDetails@16626e3, 12=com.java.Objects.TestDataDetails@142a38e, 13=com.java.Objects.TestDataDetails@148e8c, 14=com.java.Objects.TestDataDetails@f67e9, 15=com.java.Objects.TestDataDetails@134a4c3}
[INFO ][2015-12-22 18:48:43,740][com.java.TestType] [  482] -  str(1) = 1
[INFO ][2015-12-22 18:48:43,740][com.java.TestType] [  485] - Test case Id is---1
[INFO ][2015-12-22 18:48:43,740][com.java.TestType] [  487] - 1
[INFO ][2015-12-22 18:48:43,740][com.java.TestType] [  482] -  str(2) = 16
[INFO ][2015-12-22 18:48:43,741][com.java.TestType] [  534] - row values are--------{1=com.java.Objects.TestDataDetails@1f8254f, 2=com.java.Objects.TestDataDetails@5f6757, 3=com.java.Objects.TestDataDetails@7a99fb, 4=com.java.Objects.TestDataDetails@47ab39, 5=com.java.Objects.TestDataDetails@1a21b3e, 6=com.java.Objects.TestDataDetails@b860b7, 7=com.java.Objects.TestDataDetails@15c560a, 8=com.java.Objects.TestDataDetails@1d55c36, 9=com.java.Objects.TestDataDetails@150e6e9, 10=com.java.Objects.TestDataDetails@1f7b377, 11=com.java.Objects.TestDataDetails@16626e3, 12=com.java.Objects.TestDataDetails@142a38e, 13=com.java.Objects.TestDataDetails@148e8c, 14=com.java.Objects.TestDataDetails@f67e9, 15=com.java.Objects.TestDataDetails@134a4c3, 16=com.java.Objects.TestDataDetails@16afedb}
[INFO ][2015-12-22 18:48:43,741][com.java.TestType] [10274] - Looping 1TCID = 1
[DEBUG][2015-12-22 18:48:43,741][com.java.TestType] [10315] - Concept ID:1 :: Step being Executed: 1::1
[INFO ][2015-12-22 18:48:43,741][com.java.TestType] [10353] - dataFields : TXTusername
[DEBUG][2015-12-22 18:48:43,741][com.java.TestType] [10359] - <In Set values of the page>
[DEBUG][2015-12-22 18:48:43,741][com.java.TestType] [10364] - {Data Fields & Data Values Exist}
[INFO ][2015-12-22 18:48:43,741][com.java.TestType] [10370] - --------------------------setting values-----------------------------
[INFO ][2015-12-22 18:48:43,741][com.java.TestType] [10373] - Action Type : CLEARANDENTER
[INFO ][2015-12-22 18:48:43,743][com.java.TestType] [ 5596] - value = valuelabs.ie10.33527
[INFO ][2015-12-22 18:48:48,444][com.java.TestType] [10392] -  RESULT true
[INFO ][2015-12-22 18:48:48,444][com.java.TestType] [10509] - ?   P A S S   ?
[DEBUG][2015-12-22 18:48:48,444][com.java.TestType] [10315] - Concept ID:1 :: Step being Executed: 1::2
[INFO ][2015-12-22 18:48:48,444][com.java.TestType] [10353] - dataFields : TXTpassword
[DEBUG][2015-12-22 18:48:48,444][com.java.TestType] [10359] - <In Set values of the page>
[DEBUG][2015-12-22 18:48:48,444][com.java.TestType] [10364] - {Data Fields & Data Values Exist}
[INFO ][2015-12-22 18:48:48,444][com.java.TestType] [10370] - --------------------------setting values-----------------------------
[INFO ][2015-12-22 18:48:48,444][com.java.TestType] [10373] - Action Type : CLEARANDENTER
[INFO ][2015-12-22 18:48:48,445][com.java.TestType] [ 5596] - value = Password1*
[INFO ][2015-12-22 18:48:53,256][com.java.TestType] [10392] -  RESULT true
[INFO ][2015-12-22 18:48:53,256][com.java.TestType] [10509] - ?   P A S S   ?
[INFO ][2015-12-22 18:48:53,256][com.java.TestType] [10580] - Looping End......
[INFO ][2015-12-22 18:48:53,260][com.java.SeleniumDriver] [  894] -  RESULT true
[INFO ][2015-12-22 18:48:53,260][com.java.SeleniumDriver] [ 1100] - ?   P A S S   ?
[INFO ][2015-12-22 18:48:53,260][com.java.SeleniumDriver] [  821] - ------------------------------------------
[INFO ][2015-12-22 18:48:53,260][com.java.SeleniumDriver] [  822] - Test case being Executed: 17
[INFO ][2015-12-22 18:48:53,260][com.java.SeleniumDriver] [  833] - Test step:4
[INFO ][2015-12-22 18:48:53,260][com.java.SeleniumDriver] [  845] - Datavalue is----------null
[DEBUG][2015-12-22 18:48:53,260][com.java.SeleniumDriver] [  863] - Exception: null
[INFO ][2015-12-22 18:48:53,260][com.java.SeleniumDriver] [  869] - DataField : CHK//div[@id="loginbox"]//input[@ng-click='vm.rememberMe()']
[INFO ][2015-12-22 18:48:53,261][com.java.SeleniumDriver] [  871] - DataValue : 
[INFO ][2015-12-22 18:48:53,261][com.java.SeleniumDriver] [  877] - <In Set values of the page>
[INFO ][2015-12-22 18:48:53,261][com.java.SeleniumDriver] [  880] - {Data Fields & Data Values Exist}
[INFO ][2015-12-22 18:48:53,261][com.java.SeleniumDriver] [  882] - --------------------------setting values-----------------------------
[INFO ][2015-12-22 18:48:53,261][com.java.SeleniumDriver] [  885] - Action Type : Check
[INFO ][2015-12-22 18:48:54,570][com.java.SeleniumDriver] [  894] -  RESULT true
[INFO ][2015-12-22 18:48:54,570][com.java.SeleniumDriver] [ 1100] - ?   P A S S   ?
[INFO ][2015-12-22 18:48:54,570][com.java.SeleniumDriver] [  821] - ------------------------------------------
[INFO ][2015-12-22 18:48:54,570][com.java.SeleniumDriver] [  822] - Test case being Executed: 17
[INFO ][2015-12-22 18:48:54,570][com.java.SeleniumDriver] [  833] - Test step:5
[INFO ][2015-12-22 18:48:54,570][com.java.SeleniumDriver] [  845] - Datavalue is----------null
[DEBUG][2015-12-22 18:48:54,570][com.java.SeleniumDriver] [  863] - Exception: null
[INFO ][2015-12-22 18:48:54,570][com.java.SeleniumDriver] [  869] - DataField : XPH//button[@type='submit']
[INFO ][2015-12-22 18:48:54,570][com.java.SeleniumDriver] [  871] - DataValue : 
[INFO ][2015-12-22 18:48:54,570][com.java.SeleniumDriver] [  877] - <In Set values of the page>
[INFO ][2015-12-22 18:48:54,570][com.java.SeleniumDriver] [  880] - {Data Fields & Data Values Exist}
[INFO ][2015-12-22 18:48:54,571][com.java.SeleniumDriver] [  882] - --------------------------setting values-----------------------------
[INFO ][2015-12-22 18:48:54,571][com.java.SeleniumDriver] [  885] - Action Type : Click
[INFO ][2015-12-22 18:48:54,571][com.java.TestType] [ 5975] - Field ::XPH//button[@type='submit']
[INFO ][2015-12-22 18:48:54,571][com.java.TestType] [ 5596] - value = 
[INFO ][2015-12-22 18:48:55,571][com.java.TestType] [ 6112] - BEFORE CLICK
[INFO ][2015-12-22 18:48:56,457][com.java.TestType] [ 6120] - Unable to click the object Login
[INFO ][2015-12-22 18:48:56,457][com.java.SeleniumDriver] [  894] -  RESULT true
[INFO ][2015-12-22 18:48:56,457][com.java.SeleniumDriver] [ 1100] - ?   P A S S   ?
[INFO ][2015-12-22 18:48:56,457][com.java.SeleniumDriver] [  821] - ------------------------------------------
[INFO ][2015-12-22 18:48:56,457][com.java.SeleniumDriver] [  822] - Test case being Executed: 17
[INFO ][2015-12-22 18:48:56,457][com.java.SeleniumDriver] [  833] - Test step:6
[INFO ][2015-12-22 18:48:56,457][com.java.SeleniumDriver] [  845] - Datavalue is----------10
[INFO ][2015-12-22 18:48:56,457][com.java.SeleniumDriver] [  869] - DataField : LNKLogout
[INFO ][2015-12-22 18:48:56,457][com.java.SeleniumDriver] [  871] - DataValue : 10
[INFO ][2015-12-22 18:48:56,457][com.java.SeleniumDriver] [  877] - <In Set values of the page>
[INFO ][2015-12-22 18:48:56,457][com.java.SeleniumDriver] [  880] - {Data Fields & Data Values Exist}
[INFO ][2015-12-22 18:48:56,457][com.java.SeleniumDriver] [  882] - --------------------------setting values-----------------------------
[INFO ][2015-12-22 18:48:56,457][com.java.SeleniumDriver] [  885] - Action Type : WaitTime
[DEBUG][2015-12-22 18:48:56,458][com.java.TestType] [ 5416] - sleepTime: 10000
[INFO ][2015-12-22 18:49:06,459][com.java.SeleniumDriver] [  894] -  RESULT true
[INFO ][2015-12-22 18:49:06,459][com.java.SeleniumDriver] [ 1100] - ?   P A S S   ?
[INFO ][2015-12-22 18:49:06,459][com.java.SeleniumDriver] [  821] - ------------------------------------------
[INFO ][2015-12-22 18:49:06,459][com.java.SeleniumDriver] [  822] - Test case being Executed: 17
[INFO ][2015-12-22 18:49:06,460][com.java.SeleniumDriver] [  833] - Test step:7
[INFO ][2015-12-22 18:49:06,460][com.java.SeleniumDriver] [  845] - Datavalue is----------Banker's Dashboard
[INFO ][2015-12-22 18:49:06,460][com.java.SeleniumDriver] [  869] - DataField : TTL
[INFO ][2015-12-22 18:49:06,460][com.java.SeleniumDriver] [  871] - DataValue : Banker's Dashboard
[INFO ][2015-12-22 18:49:06,460][com.java.SeleniumDriver] [  877] - <In Set values of the page>
[INFO ][2015-12-22 18:49:06,460][com.java.SeleniumDriver] [  880] - {Data Fields & Data Values Exist}
[INFO ][2015-12-22 18:49:06,460][com.java.SeleniumDriver] [  882] - --------------------------setting values-----------------------------
[INFO ][2015-12-22 18:49:06,460][com.java.SeleniumDriver] [  885] - Action Type : SelectWindow
[INFO ][2015-12-22 18:49:18,722][com.java.SeleniumDriver] [  894] -  RESULT true
[INFO ][2015-12-22 18:49:18,722][com.java.SeleniumDriver] [ 1100] - ?   P A S S   ?
[INFO ][2015-12-22 18:49:18,722][com.java.SeleniumDriver] [  821] - ------------------------------------------
[INFO ][2015-12-22 18:49:18,722][com.java.SeleniumDriver] [  822] - Test case being Executed: 17
[INFO ][2015-12-22 18:49:18,722][com.java.SeleniumDriver] [  833] - Test step:8
[INFO ][2015-12-22 18:49:18,722][com.java.SeleniumDriver] [  845] - Datavalue is----------null
[DEBUG][2015-12-22 18:49:18,722][com.java.SeleniumDriver] [  863] - Exception: null
[INFO ][2015-12-22 18:49:18,722][com.java.SeleniumDriver] [  869] - DataField : //span[@class='icon-cog2']&&//a[@data-id="UserSettings"]
[INFO ][2015-12-22 18:49:18,722][com.java.SeleniumDriver] [  871] - DataValue : 
[INFO ][2015-12-22 18:49:18,723][com.java.SeleniumDriver] [  877] - <In Set values of the page>
[INFO ][2015-12-22 18:49:18,723][com.java.SeleniumDriver] [  880] - {Data Fields & Data Values Exist}
[INFO ][2015-12-22 18:49:18,723][com.java.SeleniumDriver] [  882] - --------------------------setting values-----------------------------
[INFO ][2015-12-22 18:49:18,723][com.java.SeleniumDriver] [  885] - Action Type : MouseOver
[INFO ][2015-12-22 18:49:44,307][com.java.SeleniumDriver] [  894] -  RESULT true
[INFO ][2015-12-22 18:49:44,307][com.java.SeleniumDriver] [ 1100] - ?   P A S S   ?
[INFO ][2015-12-22 18:49:44,307][com.java.SeleniumDriver] [  821] - ------------------------------------------
[INFO ][2015-12-22 18:49:44,307][com.java.SeleniumDriver] [  822] - Test case being Executed: 17
[INFO ][2015-12-22 18:49:44,307][com.java.SeleniumDriver] [  833] - Test step:9
[INFO ][2015-12-22 18:49:44,307][com.java.SeleniumDriver] [  845] - Datavalue is----------1
[INFO ][2015-12-22 18:49:44,307][com.java.SeleniumDriver] [  869] - DataField : BTNframeDialogContent
[INFO ][2015-12-22 18:49:44,307][com.java.SeleniumDriver] [  871] - DataValue : 1
[INFO ][2015-12-22 18:49:44,307][com.java.SeleniumDriver] [  877] - <In Set values of the page>
[INFO ][2015-12-22 18:49:44,307][com.java.SeleniumDriver] [  880] - {Data Fields & Data Values Exist}
[INFO ][2015-12-22 18:49:44,307][com.java.SeleniumDriver] [  882] - --------------------------setting values-----------------------------
[INFO ][2015-12-22 18:49:44,307][com.java.SeleniumDriver] [  885] - Action Type : WaitForElement
[INFO ][2015-12-22 18:49:45,519][com.java.SeleniumDriver] [  894] -  RESULT true
[INFO ][2015-12-22 18:49:45,519][com.java.SeleniumDriver] [ 1100] - ?   P A S S   ?
[INFO ][2015-12-22 18:49:45,519][com.java.SeleniumDriver] [  821] - ------------------------------------------
[INFO ][2015-12-22 18:49:45,519][com.java.SeleniumDriver] [  822] - Test case being Executed: 17
[INFO ][2015-12-22 18:49:45,519][com.java.SeleniumDriver] [  833] - Test step:10
[INFO ][2015-12-22 18:49:45,520][com.java.SeleniumDriver] [  845] - Datavalue is----------frameDialogContent
[INFO ][2015-12-22 18:49:45,520][com.java.SeleniumDriver] [  869] - DataField : BTN
[INFO ][2015-12-22 18:49:45,520][com.java.SeleniumDriver] [  871] - DataValue : frameDialogContent
[INFO ][2015-12-22 18:49:45,520][com.java.SeleniumDriver] [  877] - <In Set values of the page>
[INFO ][2015-12-22 18:49:45,520][com.java.SeleniumDriver] [  880] - {Data Fields & Data Values Exist}
[INFO ][2015-12-22 18:49:45,520][com.java.SeleniumDriver] [  882] - --------------------------setting values-----------------------------
[INFO ][2015-12-22 18:49:45,520][com.java.SeleniumDriver] [  885] - Action Type : SELECTFRAMEBYNAME
[INFO ][2015-12-22 18:49:45,520][com.java.TestType] [ 5596] - value = frameDialogContent
[INFO ][2015-12-22 18:49:45,591][com.java.SeleniumDriver] [  894] -  RESULT true
[INFO ][2015-12-22 18:49:45,591][com.java.SeleniumDriver] [ 1100] - ?   P A S S   ?
[INFO ][2015-12-22 18:49:45,591][com.java.SeleniumDriver] [  821] - ------------------------------------------
[INFO ][2015-12-22 18:49:45,591][com.java.SeleniumDriver] [  822] - Test case being Executed: 17
[INFO ][2015-12-22 18:49:45,591][com.java.SeleniumDriver] [  833] - Test step:11
[INFO ][2015-12-22 18:49:45,591][com.java.SeleniumDriver] [  845] - Datavalue is----------Yes
[INFO ][2015-12-22 18:49:45,592][com.java.SeleniumDriver] [  869] - DataField : COBddlOpenBDInNewWindow
[INFO ][2015-12-22 18:49:45,592][com.java.SeleniumDriver] [  871] - DataValue : Yes
[INFO ][2015-12-22 18:49:45,593][com.java.SeleniumDriver] [  877] - <In Set values of the page>
[INFO ][2015-12-22 18:49:45,593][com.java.SeleniumDriver] [  880] - {Data Fields & Data Values Exist}
[INFO ][2015-12-22 18:49:45,593][com.java.SeleniumDriver] [  882] - --------------------------setting values-----------------------------
[INFO ][2015-12-22 18:49:45,593][com.java.SeleniumDriver] [  885] - Action Type : Verify
[INFO ][2015-12-22 18:49:45,593][com.java.TestType] [ 6946] - field= COBddlOpenBDInNewWindow value= Yes
[INFO ][2015-12-22 18:49:45,594][com.java.TestType] [ 5596] - value = Yes
[ERROR][2015-12-22 18:49:45,807][com.java.TestType] [ 7477] - Assertion error: expected:<Yes> but was:<No>
[INFO ][2015-12-22 18:49:45,807][com.java.SeleniumDriver] [  894] -  RESULT false
[INFO ][2015-12-22 18:49:45,807][com.java.SeleniumDriver] [  941] - ?   F A I L   ?
[INFO ][2015-12-22 18:49:45,807][com.java.SeleniumDriver] [  949] - Browser Type : IE10
[INFO ][2015-12-22 18:49:45,807][com.java.SeleniumDriver] [  950] - Adding Failed case17
[DEBUG][2015-12-22 18:49:46,568][com.java.SeleniumDriver] [ 1018] -  tdd.getCondition() IF:19:Next
[INFO ][2015-12-22 18:49:46,568][com.java.SeleniumDriver] [ 1022] - Continue next step...
[INFO ][2015-12-22 18:49:46,569][com.java.SeleniumDriver] [  821] - ------------------------------------------
[INFO ][2015-12-22 18:49:46,569][com.java.SeleniumDriver] [  822] - Test case being Executed: 17
[INFO ][2015-12-22 18:49:46,569][com.java.SeleniumDriver] [  833] - Test step:12
[INFO ][2015-12-22 18:49:46,569][com.java.SeleniumDriver] [  845] - Datavalue is----------Yes
[INFO ][2015-12-22 18:49:46,569][com.java.SeleniumDriver] [  869] - DataField : SLBddlOpenBDInNewWindow
[INFO ][2015-12-22 18:49:46,569][com.java.SeleniumDriver] [  871] - DataValue : Yes
[INFO ][2015-12-22 18:49:46,569][com.java.SeleniumDriver] [  877] - <In Set values of the page>
[INFO ][2015-12-22 18:49:46,569][com.java.SeleniumDriver] [  880] - {Data Fields & Data Values Exist}
[INFO ][2015-12-22 18:49:46,569][com.java.SeleniumDriver] [  882] - --------------------------setting values-----------------------------
[INFO ][2015-12-22 18:49:46,569][com.java.SeleniumDriver] [  885] - Action Type : Select
[INFO ][2015-12-22 18:49:46,569][com.java.TestType] [ 5596] - value = Yes
[INFO ][2015-12-22 18:49:48,898][com.java.SeleniumDriver] [  894] -  RESULT true
[INFO ][2015-12-22 18:49:48,898][com.java.SeleniumDriver] [ 1100] - ?   P A S S   ?
[INFO ][2015-12-22 18:49:48,898][com.java.SeleniumDriver] [  821] - ------------------------------------------
[INFO ][2015-12-22 18:49:48,898][com.java.SeleniumDriver] [  822] - Test case being Executed: 17
[INFO ][2015-12-22 18:49:48,898][com.java.SeleniumDriver] [  833] - Test step:13
[INFO ][2015-12-22 18:49:48,898][com.java.SeleniumDriver] [  845] - Datavalue is----------null
[DEBUG][2015-12-22 18:49:48,898][com.java.SeleniumDriver] [  863] - Exception: null
[INFO ][2015-12-22 18:49:48,898][com.java.SeleniumDriver] [  869] - DataField : BTNparent
[INFO ][2015-12-22 18:49:48,899][com.java.SeleniumDriver] [  871] - DataValue : 
[INFO ][2015-12-22 18:49:48,899][com.java.SeleniumDriver] [  877] - <In Set values of the page>
[INFO ][2015-12-22 18:49:48,899][com.java.SeleniumDriver] [  880] - {Data Fields & Data Values Exist}
[INFO ][2015-12-22 18:49:48,899][com.java.SeleniumDriver] [  882] - --------------------------setting values-----------------------------
[INFO ][2015-12-22 18:49:48,899][com.java.SeleniumDriver] [  885] - Action Type : SELECTFRAME
[INFO ][2015-12-22 18:49:48,916][com.java.SeleniumDriver] [  894] -  RESULT true
[INFO ][2015-12-22 18:49:48,916][com.java.SeleniumDriver] [ 1100] - ?   P A S S   ?
[INFO ][2015-12-22 18:49:48,916][com.java.SeleniumDriver] [  821] - ------------------------------------------
[INFO ][2015-12-22 18:49:48,916][com.java.SeleniumDriver] [  822] - Test case being Executed: 17
[INFO ][2015-12-22 18:49:48,916][com.java.SeleniumDriver] [  833] - Test step:14
[INFO ][2015-12-22 18:49:48,916][com.java.SeleniumDriver] [  845] - Datavalue is----------null
[DEBUG][2015-12-22 18:49:48,916][com.java.SeleniumDriver] [  863] - Exception: null
[INFO ][2015-12-22 18:49:48,916][com.java.SeleniumDriver] [  869] - DataField : BTN//span[text()='Finished']
[INFO ][2015-12-22 18:49:48,916][com.java.SeleniumDriver] [  871] - DataValue : 
[INFO ][2015-12-22 18:49:48,916][com.java.SeleniumDriver] [  877] - <In Set values of the page>
[INFO ][2015-12-22 18:49:48,916][com.java.SeleniumDriver] [  880] - {Data Fields & Data Values Exist}
[INFO ][2015-12-22 18:49:48,916][com.java.SeleniumDriver] [  882] - --------------------------setting values-----------------------------
[INFO ][2015-12-22 18:49:48,917][com.java.SeleniumDriver] [  885] - Action Type : Click
[INFO ][2015-12-22 18:49:48,917][com.java.TestType] [ 5975] - Field ::BTN//span[text()='Finished']
[INFO ][2015-12-22 18:49:48,917][com.java.TestType] [ 5596] - value = 
[INFO ][2015-12-22 18:49:49,917][com.java.TestType] [ 6091] - BEFORE CLICK
[INFO ][2015-12-22 18:49:50,249][com.java.TestType] [ 6098] - Unable to click the object Finished button
[INFO ][2015-12-22 18:49:50,249][com.java.SeleniumDriver] [  894] -  RESULT true
[INFO ][2015-12-22 18:49:50,249][com.java.SeleniumDriver] [ 1100] - ?   P A S S   ?
[INFO ][2015-12-22 18:49:50,249][com.java.SeleniumDriver] [  821] - ------------------------------------------
[INFO ][2015-12-22 18:49:50,249][com.java.SeleniumDriver] [  822] - Test case being Executed: 17
[INFO ][2015-12-22 18:49:50,249][com.java.SeleniumDriver] [  833] - Test step:15
[INFO ][2015-12-22 18:49:50,250][com.java.SeleniumDriver] [  845] - Datavalue is----------Logout
[INFO ][2015-12-22 18:49:50,250][com.java.SeleniumDriver] [  869] - DataField : LNK
[INFO ][2015-12-22 18:49:50,250][com.java.SeleniumDriver] [  871] - DataValue : Logout
[INFO ][2015-12-22 18:49:50,250][com.java.SeleniumDriver] [  877] - <In Set values of the page>
[INFO ][2015-12-22 18:49:50,250][com.java.SeleniumDriver] [  880] - {Data Fields & Data Values Exist}
[INFO ][2015-12-22 18:49:50,250][com.java.SeleniumDriver] [  882] - --------------------------setting values-----------------------------
[INFO ][2015-12-22 18:49:50,250][com.java.SeleniumDriver] [  885] - Action Type : Verify
[INFO ][2015-12-22 18:49:50,250][com.java.TestType] [ 6946] - field= LNK value= Logout
[INFO ][2015-12-22 18:49:50,250][com.java.TestType] [ 5596] - value = Logout
[INFO ][2015-12-22 18:49:50,365][com.java.SeleniumDriver] [  894] -  RESULT true
[INFO ][2015-12-22 18:49:50,365][com.java.SeleniumDriver] [ 1100] - ?   P A S S   ?
[INFO ][2015-12-22 18:49:50,365][com.java.SeleniumDriver] [  821] - ------------------------------------------
[INFO ][2015-12-22 18:49:50,365][com.java.SeleniumDriver] [  822] - Test case being Executed: 17
[INFO ][2015-12-22 18:49:50,365][com.java.SeleniumDriver] [  833] - Test step:16
[INFO ][2015-12-22 18:49:50,365][com.java.SeleniumDriver] [  845] - Datavalue is----------//img[contains(@src,'bdlogo.jpg')]
[INFO ][2015-12-22 18:49:50,365][com.java.SeleniumDriver] [  869] - DataField : BTN
[INFO ][2015-12-22 18:49:50,366][com.java.SeleniumDriver] [  871] - DataValue : //img[contains(@src,'bdlogo.jpg')]
[INFO ][2015-12-22 18:49:50,366][com.java.SeleniumDriver] [  877] - <In Set values of the page>
[INFO ][2015-12-22 18:49:50,366][com.java.SeleniumDriver] [  880] - {Data Fields & Data Values Exist}
[INFO ][2015-12-22 18:49:50,366][com.java.SeleniumDriver] [  882] - --------------------------setting values-----------------------------
[INFO ][2015-12-22 18:49:50,366][com.java.SeleniumDriver] [  885] - Action Type : Verify
[INFO ][2015-12-22 18:49:50,366][com.java.TestType] [ 6946] - field= BTN value= //img[contains(@src,'bdlogo.jpg')]
[INFO ][2015-12-22 18:49:50,366][com.java.TestType] [ 5596] - value = //img[contains(@src,'bdlogo.jpg')]
[INFO ][2015-12-22 18:49:50,718][com.java.SeleniumDriver] [  894] -  RESULT true
[INFO ][2015-12-22 18:49:50,718][com.java.SeleniumDriver] [ 1100] - ?   P A S S   ?
[INFO ][2015-12-22 18:49:50,718][com.java.SeleniumDriver] [  821] - ------------------------------------------
[INFO ][2015-12-22 18:49:50,718][com.java.SeleniumDriver] [  822] - Test case being Executed: 17
[INFO ][2015-12-22 18:49:50,718][com.java.SeleniumDriver] [  833] - Test step:17
[INFO ][2015-12-22 18:49:50,719][com.java.SeleniumDriver] [  845] - Datavalue is----------close
[INFO ][2015-12-22 18:49:50,719][com.java.SeleniumDriver] [  869] - DataField : test
[INFO ][2015-12-22 18:49:50,719][com.java.SeleniumDriver] [  871] - DataValue : close
[INFO ][2015-12-22 18:49:50,719][com.java.SeleniumDriver] [  877] - <In Set values of the page>
[INFO ][2015-12-22 18:49:50,719][com.java.SeleniumDriver] [  880] - {Data Fields & Data Values Exist}
[INFO ][2015-12-22 18:49:50,719][com.java.SeleniumDriver] [  882] - --------------------------setting values-----------------------------
[INFO ][2015-12-22 18:49:50,719][com.java.SeleniumDriver] [  885] - Action Type : Logout
[INFO ][2015-12-22 18:49:53,195][com.java.TestType] [ 5975] - Field ::CNF
[INFO ][2015-12-22 18:49:53,195][com.java.TestType] [ 5596] - value = OK
[INFO ][2015-12-22 18:49:55,509][com.java.TestType] [ 6108] - Click the object confirmation
[INFO ][2015-12-22 18:49:55,509][com.java.TestType] [ 6109] - Unable to click the object confirmation
[DEBUG][2015-12-22 18:49:55,528][com.java.SeleniumDriver] [  426] - Hub ip address is-------172.17.68.34
[INFO ][2015-12-22 18:49:55,528][com.java.SeleniumDriver] [  452] - Grid URL:http://172.17.68.34:4444/wd/hub
[INFO ][2015-12-22 18:49:55,528][com.java.SeleniumDriver] [  453] - Capability:Capabilities [{platform=ANY, ensureCleanSession=true, ignoreProtectedModeSettings=true, acceptSslCerts=true, ignoreZoomSetting=true, browserName=internet explorer, browserstack.ie.noFlash=true, version=null}]
[ERROR][2015-12-22 18:49:56,536][com.java.SeleniumDriver] [  497] - Unable invoke browser in grid:Could not start a new session. Possible causes are invalid address of the remote server or browser start-up failure.
Build info: version: '2.48.2', revision: '41bccdd', time: '2015-10-09 19:59:12'
System info: host: 'FVTIII438F1D', ip: '172.17.68.34', os.name: 'Windows 7', os.arch: 'x86', os.version: '6.1', java.version: '1.7.0_55'
Driver info: driver.version: SeleniumDriver
[INFO ][2015-12-22 18:49:56,537][com.java.SeleniumDriver] [  499] - Executing on local machine
[INFO ][2015-12-22 18:50:06,917][com.java.SeleniumDriver] [  894] -  RESULT true
[INFO ][2015-12-22 18:50:06,917][com.java.SeleniumDriver] [ 1100] - ?   P A S S   ?
[INFO ][2015-12-22 18:50:06,917][com.java.SeleniumDriver] [  821] - ------------------------------------------
[INFO ][2015-12-22 18:50:06,917][com.java.SeleniumDriver] [  822] - Test case being Executed: 17
[INFO ][2015-12-22 18:50:06,917][com.java.SeleniumDriver] [  833] - Test step:18
[INFO ][2015-12-22 18:50:06,917][com.java.SeleniumDriver] [  845] - Datavalue is----------Concept#1:1-4
[INFO ][2015-12-22 18:50:06,917][com.java.SeleniumDriver] [  869] - DataField : test
[INFO ][2015-12-22 18:50:06,917][com.java.SeleniumDriver] [  871] - DataValue : Concept#1:1-4
[INFO ][2015-12-22 18:50:06,918][com.java.SeleniumDriver] [  877] - <In Set values of the page>
[INFO ][2015-12-22 18:50:06,918][com.java.SeleniumDriver] [  880] - {Data Fields & Data Values Exist}
[INFO ][2015-12-22 18:50:06,918][com.java.SeleniumDriver] [  882] - --------------------------setting values-----------------------------
[INFO ][2015-12-22 18:50:06,918][com.java.SeleniumDriver] [  885] - Action Type : ExecuteTestCase
[INFO ][2015-12-22 18:50:06,918][com.java.TestType] [  437] - The Concept sheet name is ---------- Concept
[INFO ][2015-12-22 18:50:06,918][com.java.TestType] [  440] - The Concept ID  is ---------- 1
[DEBUG][2015-12-22 18:50:06,918][com.java.TestType] [  444] - Steps being executted in the Concept are: 1:4
[INFO ][2015-12-22 18:50:06,919][com.java.TestType] [  451] - Test data details path ---------- D:\BankersDashboard\TestInputs\TestData.xls
[INFO ][2015-12-22 18:50:06,949][com.java.TestType] [  482] -  str(1) = 1
[INFO ][2015-12-22 18:50:06,949][com.java.TestType] [  485] - Test case Id is---1
[INFO ][2015-12-22 18:50:06,949][com.java.TestType] [  487] - 1
[INFO ][2015-12-22 18:50:06,949][com.java.TestType] [  482] -  str(2) = 1
[INFO ][2015-12-22 18:50:06,951][com.java.TestType] [  534] - row values are--------{1=com.java.Objects.TestDataDetails@1fe704e}
[INFO ][2015-12-22 18:50:06,951][com.java.TestType] [  482] -  str(1) = 1
[INFO ][2015-12-22 18:50:06,951][com.java.TestType] [  485] - Test case Id is---1
[INFO ][2015-12-22 18:50:06,951][com.java.TestType] [  487] - 1
[INFO ][2015-12-22 18:50:06,951][com.java.TestType] [  482] -  str(2) = 2
[INFO ][2015-12-22 18:50:06,951][com.java.TestType] [  534] - row values are--------{1=com.java.Objects.TestDataDetails@1fe704e, 2=com.java.Objects.TestDataDetails@53b56f}
[INFO ][2015-12-22 18:50:06,952][com.java.TestType] [  482] -  str(1) = 1
[INFO ][2015-12-22 18:50:06,952][com.java.TestType] [  485] - Test case Id is---1
[INFO ][2015-12-22 18:50:06,952][com.java.TestType] [  487] - 1
[INFO ][2015-12-22 18:50:06,952][com.java.TestType] [  482] -  str(2) = 3
[INFO ][2015-12-22 18:50:06,952][com.java.TestType] [  534] - row values are--------{1=com.java.Objects.TestDataDetails@1fe704e, 2=com.java.Objects.TestDataDetails@53b56f, 3=com.java.Objects.TestDataDetails@b78623}
[INFO ][2015-12-22 18:50:06,952][com.java.TestType] [  482] -  str(1) = 1
[INFO ][2015-12-22 18:50:06,952][com.java.TestType] [  485] - Test case Id is---1
[INFO ][2015-12-22 18:50:06,953][com.java.TestType] [  487] - 1
[INFO ][2015-12-22 18:50:06,953][com.java.TestType] [  482] -  str(2) = 4
[INFO ][2015-12-22 18:50:06,953][com.java.TestType] [  534] - row values are--------{1=com.java.Objects.TestDataDetails@1fe704e, 2=com.java.Objects.TestDataDetails@53b56f, 3=com.java.Objects.TestDataDetails@b78623, 4=com.java.Objects.TestDataDetails@a0804}
[INFO ][2015-12-22 18:50:06,953][com.java.TestType] [  482] -  str(1) = 1
[INFO ][2015-12-22 18:50:06,953][com.java.TestType] [  485] - Test case Id is---1
[INFO ][2015-12-22 18:50:06,953][com.java.TestType] [  487] - 1
[INFO ][2015-12-22 18:50:06,954][com.java.TestType] [  482] -  str(2) = 5
[INFO ][2015-12-22 18:50:06,954][com.java.TestType] [  534] - row values are--------{1=com.java.Objects.TestDataDetails@1fe704e, 2=com.java.Objects.TestDataDetails@53b56f, 3=com.java.Objects.TestDataDetails@b78623, 4=com.java.Objects.TestDataDetails@a0804, 5=com.java.Objects.TestDataDetails@9a2f1a}
[INFO ][2015-12-22 18:50:06,954][com.java.TestType] [  482] -  str(1) = 1
[INFO ][2015-12-22 18:50:06,954][com.java.TestType] [  485] - Test case Id is---1
[INFO ][2015-12-22 18:50:06,954][com.java.TestType] [  487] - 1
[INFO ][2015-12-22 18:50:06,955][com.java.TestType] [  482] -  str(2) = 6
[INFO ][2015-12-22 18:50:06,955][com.java.TestType] [  534] - row values are--------{1=com.java.Objects.TestDataDetails@1fe704e, 2=com.java.Objects.TestDataDetails@53b56f, 3=com.java.Objects.TestDataDetails@b78623, 4=com.java.Objects.TestDataDetails@a0804, 5=com.java.Objects.TestDataDetails@9a2f1a, 6=com.java.Objects.TestDataDetails@7556d1}
[INFO ][2015-12-22 18:50:06,955][com.java.TestType] [  482] -  str(1) = 1
[INFO ][2015-12-22 18:50:06,955][com.java.TestType] [  485] - Test case Id is---1
[INFO ][2015-12-22 18:50:06,955][com.java.TestType] [  487] - 1
[INFO ][2015-12-22 18:50:06,955][com.java.TestType] [  482] -  str(2) = 7
[INFO ][2015-12-22 18:50:06,956][com.java.TestType] [  534] - row values are--------{1=com.java.Objects.TestDataDetails@1fe704e, 2=com.java.Objects.TestDataDetails@53b56f, 3=com.java.Objects.TestDataDetails@b78623, 4=com.java.Objects.TestDataDetails@a0804, 5=com.java.Objects.TestDataDetails@9a2f1a, 6=com.java.Objects.TestDataDetails@7556d1, 7=com.java.Objects.TestDataDetails@18c2c04}
[INFO ][2015-12-22 18:50:06,956][com.java.TestType] [  482] -  str(1) = 1
[INFO ][2015-12-22 18:50:06,956][com.java.TestType] [  485] - Test case Id is---1
[INFO ][2015-12-22 18:50:06,956][com.java.TestType] [  487] - 1
[INFO ][2015-12-22 18:50:06,956][com.java.TestType] [  482] -  str(2) = 8
[INFO ][2015-12-22 18:50:06,958][com.java.TestType] [  534] - row values are--------{1=com.java.Objects.TestDataDetails@1fe704e, 2=com.java.Objects.TestDataDetails@53b56f, 3=com.java.Objects.TestDataDetails@b78623, 4=com.java.Objects.TestDataDetails@a0804, 5=com.java.Objects.TestDataDetails@9a2f1a, 6=com.java.Objects.TestDataDetails@7556d1, 7=com.java.Objects.TestDataDetails@18c2c04, 8=com.java.Objects.TestDataDetails@2108c2}
[INFO ][2015-12-22 18:50:06,958][com.java.TestType] [  482] -  str(1) = 1
[INFO ][2015-12-22 18:50:06,958][com.java.TestType] [  485] - Test case Id is---1
[INFO ][2015-12-22 18:50:06,958][com.java.TestType] [  487] - 1
[INFO ][2015-12-22 18:50:06,958][com.java.TestType] [  482] -  str(2) = 9
[INFO ][2015-12-22 18:50:06,959][com.java.TestType] [  534] - row values are--------{1=com.java.Objects.TestDataDetails@1fe704e, 2=com.java.Objects.TestDataDetails@53b56f, 3=com.java.Objects.TestDataDetails@b78623, 4=com.java.Objects.TestDataDetails@a0804, 5=com.java.Objects.TestDataDetails@9a2f1a, 6=com.java.Objects.TestDataDetails@7556d1, 7=com.java.Objects.TestDataDetails@18c2c04, 8=com.java.Objects.TestDataDetails@2108c2, 9=com.java.Objects.TestDataDetails@a874d9}
[INFO ][2015-12-22 18:50:06,959][com.java.TestType] [  482] -  str(1) = 1
[INFO ][2015-12-22 18:50:06,959][com.java.TestType] [  485] - Test case Id is---1
[INFO ][2015-12-22 18:50:06,959][com.java.TestType] [  487] - 1
[INFO ][2015-12-22 18:50:06,959][com.java.TestType] [  482] -  str(2) = 10
[INFO ][2015-12-22 18:50:06,960][com.java.TestType] [  534] - row values are--------{1=com.java.Objects.TestDataDetails@1fe704e, 2=com.java.Objects.TestDataDetails@53b56f, 3=com.java.Objects.TestDataDetails@b78623, 4=com.java.Objects.TestDataDetails@a0804, 5=com.java.Objects.TestDataDetails@9a2f1a, 6=com.java.Objects.TestDataDetails@7556d1, 7=com.java.Objects.TestDataDetails@18c2c04, 8=com.java.Objects.TestDataDetails@2108c2, 9=com.java.Objects.TestDataDetails@a874d9, 10=com.java.Objects.TestDataDetails@7be35c}
[INFO ][2015-12-22 18:50:06,960][com.java.TestType] [  482] -  str(1) = 1
[INFO ][2015-12-22 18:50:06,960][com.java.TestType] [  485] - Test case Id is---1
[INFO ][2015-12-22 18:50:06,960][com.java.TestType] [  487] - 1
[INFO ][2015-12-22 18:50:06,960][com.java.TestType] [  482] -  str(2) = 11
[INFO ][2015-12-22 18:50:06,960][com.java.TestType] [  534] - row values are--------{1=com.java.Objects.TestDataDetails@1fe704e, 2=com.java.Objects.TestDataDetails@53b56f, 3=com.java.Objects.TestDataDetails@b78623, 4=com.java.Objects.TestDataDetails@a0804, 5=com.java.Objects.TestDataDetails@9a2f1a, 6=com.java.Objects.TestDataDetails@7556d1, 7=com.java.Objects.TestDataDetails@18c2c04, 8=com.java.Objects.TestDataDetails@2108c2, 9=com.java.Objects.TestDataDetails@a874d9, 10=com.java.Objects.TestDataDetails@7be35c, 11=com.java.Objects.TestDataDetails@8e732a}
[INFO ][2015-12-22 18:50:06,961][com.java.TestType] [  482] -  str(1) = 1
[INFO ][2015-12-22 18:50:06,961][com.java.TestType] [  485] - Test case Id is---1
[INFO ][2015-12-22 18:50:06,961][com.java.TestType] [  487] - 1
[INFO ][2015-12-22 18:50:06,961][com.java.TestType] [  482] -  str(2) = 12
[INFO ][2015-12-22 18:50:06,961][com.java.TestType] [  534] - row values are--------{1=com.java.Objects.TestDataDetails@1fe704e, 2=com.java.Objects.TestDataDetails@53b56f, 3=com.java.Objects.TestDataDetails@b78623, 4=com.java.Objects.TestDataDetails@a0804, 5=com.java.Objects.TestDataDetails@9a2f1a, 6=com.java.Objects.TestDataDetails@7556d1, 7=com.java.Objects.TestDataDetails@18c2c04, 8=com.java.Objects.TestDataDetails@2108c2, 9=com.java.Objects.TestDataDetails@a874d9, 10=com.java.Objects.TestDataDetails@7be35c, 11=com.java.Objects.TestDataDetails@8e732a, 12=com.java.Objects.TestDataDetails@12d7628}
[INFO ][2015-12-22 18:50:06,961][com.java.TestType] [  482] -  str(1) = 1
[INFO ][2015-12-22 18:50:06,962][com.java.TestType] [  485] - Test case Id is---1
[INFO ][2015-12-22 18:50:06,962][com.java.TestType] [  487] - 1
[INFO ][2015-12-22 18:50:06,962][com.java.TestType] [  482] -  str(2) = 13
[INFO ][2015-12-22 18:50:06,962][com.java.TestType] [  534] - row values are--------{1=com.java.Objects.TestDataDetails@1fe704e, 2=com.java.Objects.TestDataDetails@53b56f, 3=com.java.Objects.TestDataDetails@b78623, 4=com.java.Objects.TestDataDetails@a0804, 5=com.java.Objects.TestDataDetails@9a2f1a, 6=com.java.Objects.TestDataDetails@7556d1, 7=com.java.Objects.TestDataDetails@18c2c04, 8=com.java.Objects.TestDataDetails@2108c2, 9=com.java.Objects.TestDataDetails@a874d9, 10=com.java.Objects.TestDataDetails@7be35c, 11=com.java.Objects.TestDataDetails@8e732a, 12=com.java.Objects.TestDataDetails@12d7628, 13=com.java.Objects.TestDataDetails@4a7c17}
[INFO ][2015-12-22 18:50:06,962][com.java.TestType] [  482] -  str(1) = 1
[INFO ][2015-12-22 18:50:06,963][com.java.TestType] [  485] - Test case Id is---1
[INFO ][2015-12-22 18:50:06,963][com.java.TestType] [  487] - 1
[INFO ][2015-12-22 18:50:06,963][com.java.TestType] [  482] -  str(2) = 14
[INFO ][2015-12-22 18:50:06,963][com.java.TestType] [  534] - row values are--------{1=com.java.Objects.TestDataDetails@1fe704e, 2=com.java.Objects.TestDataDetails@53b56f, 3=com.java.Objects.TestDataDetails@b78623, 4=com.java.Objects.TestDataDetails@a0804, 5=com.java.Objects.TestDataDetails@9a2f1a, 6=com.java.Objects.TestDataDetails@7556d1, 7=com.java.Objects.TestDataDetails@18c2c04, 8=com.java.Objects.TestDataDetails@2108c2, 9=com.java.Objects.TestDataDetails@a874d9, 10=com.java.Objects.TestDataDetails@7be35c, 11=com.java.Objects.TestDataDetails@8e732a, 12=com.java.Objects.TestDataDetails@12d7628, 13=com.java.Objects.TestDataDetails@4a7c17, 14=com.java.Objects.TestDataDetails@fcd689}
[INFO ][2015-12-22 18:50:06,963][com.java.TestType] [  482] -  str(1) = 1
[INFO ][2015-12-22 18:50:06,963][com.java.TestType] [  485] - Test case Id is---1
[INFO ][2015-12-22 18:50:06,963][com.java.TestType] [  487] - 1
[INFO ][2015-12-22 18:50:06,964][com.java.TestType] [  482] -  str(2) = 15
[INFO ][2015-12-22 18:50:06,964][com.java.TestType] [  534] - row values are--------{1=com.java.Objects.TestDataDetails@1fe704e, 2=com.java.Objects.TestDataDetails@53b56f, 3=com.java.Objects.TestDataDetails@b78623, 4=com.java.Objects.TestDataDetails@a0804, 5=com.java.Objects.TestDataDetails@9a2f1a, 6=com.java.Objects.TestDataDetails@7556d1, 7=com.java.Objects.TestDataDetails@18c2c04, 8=com.java.Objects.TestDataDetails@2108c2, 9=com.java.Objects.TestDataDetails@a874d9, 10=com.java.Objects.TestDataDetails@7be35c, 11=com.java.Objects.TestDataDetails@8e732a, 12=com.java.Objects.TestDataDetails@12d7628, 13=com.java.Objects.TestDataDetails@4a7c17, 14=com.java.Objects.TestDataDetails@fcd689, 15=com.java.Objects.TestDataDetails@147fcb5}
[INFO ][2015-12-22 18:50:06,964][com.java.TestType] [  482] -  str(1) = 1
[INFO ][2015-12-22 18:50:06,964][com.java.TestType] [  485] - Test case Id is---1
[INFO ][2015-12-22 18:50:06,964][com.java.TestType] [  487] - 1
[INFO ][2015-12-22 18:50:06,964][com.java.TestType] [  482] -  str(2) = 16
[INFO ][2015-12-22 18:50:06,965][com.java.TestType] [  534] - row values are--------{1=com.java.Objects.TestDataDetails@1fe704e, 2=com.java.Objects.TestDataDetails@53b56f, 3=com.java.Objects.TestDataDetails@b78623, 4=com.java.Objects.TestDataDetails@a0804, 5=com.java.Objects.TestDataDetails@9a2f1a, 6=com.java.Objects.TestDataDetails@7556d1, 7=com.java.Objects.TestDataDetails@18c2c04, 8=com.java.Objects.TestDataDetails@2108c2, 9=com.java.Objects.TestDataDetails@a874d9, 10=com.java.Objects.TestDataDetails@7be35c, 11=com.java.Objects.TestDataDetails@8e732a, 12=com.java.Objects.TestDataDetails@12d7628, 13=com.java.Objects.TestDataDetails@4a7c17, 14=com.java.Objects.TestDataDetails@fcd689, 15=com.java.Objects.TestDataDetails@147fcb5, 16=com.java.Objects.TestDataDetails@1f56040}
[INFO ][2015-12-22 18:50:06,965][com.java.TestType] [10274] - Looping 1TCID = 1
[DEBUG][2015-12-22 18:50:06,965][com.java.TestType] [10315] - Concept ID:1 :: Step being Executed: 1::1
[INFO ][2015-12-22 18:50:06,965][com.java.TestType] [10353] - dataFields : TXTusername
[DEBUG][2015-12-22 18:50:06,966][com.java.TestType] [10359] - <In Set values of the page>
[DEBUG][2015-12-22 18:50:06,966][com.java.TestType] [10364] - {Data Fields & Data Values Exist}
[INFO ][2015-12-22 18:50:06,966][com.java.TestType] [10370] - --------------------------setting values-----------------------------
[INFO ][2015-12-22 18:50:06,967][com.java.TestType] [10373] - Action Type : CLEARANDENTER
[INFO ][2015-12-22 18:50:06,967][com.java.TestType] [ 5596] - value = valuelabs.ie10.33527
[INFO ][2015-12-22 18:50:11,650][com.java.TestType] [10392] -  RESULT true
[INFO ][2015-12-22 18:50:11,650][com.java.TestType] [10509] - ?   P A S S   ?
[DEBUG][2015-12-22 18:50:11,650][com.java.TestType] [10315] - Concept ID:1 :: Step being Executed: 1::2
[INFO ][2015-12-22 18:50:11,650][com.java.TestType] [10353] - dataFields : TXTpassword
[DEBUG][2015-12-22 18:50:11,650][com.java.TestType] [10359] - <In Set values of the page>
[DEBUG][2015-12-22 18:50:11,650][com.java.TestType] [10364] - {Data Fields & Data Values Exist}
[INFO ][2015-12-22 18:50:11,650][com.java.TestType] [10370] - --------------------------setting values-----------------------------
[INFO ][2015-12-22 18:50:11,651][com.java.TestType] [10373] - Action Type : CLEARANDENTER
[INFO ][2015-12-22 18:50:11,651][com.java.TestType] [ 5596] - value = Password1*
[INFO ][2015-12-22 18:50:16,458][com.java.TestType] [10392] -  RESULT true
[INFO ][2015-12-22 18:50:16,458][com.java.TestType] [10509] - ?   P A S S   ?
[DEBUG][2015-12-22 18:50:16,458][com.java.TestType] [10315] - Concept ID:1 :: Step being Executed: 1::3
[ERROR][2015-12-22 18:50:16,458][com.java.TestType] [10348] - Exception: null
[INFO ][2015-12-22 18:50:16,458][com.java.TestType] [10353] - dataFields : XPH//button[@type='submit']
[DEBUG][2015-12-22 18:50:16,458][com.java.TestType] [10359] - <In Set values of the page>
[DEBUG][2015-12-22 18:50:16,458][com.java.TestType] [10364] - {Data Fields & Data Values Exist}
[INFO ][2015-12-22 18:50:16,458][com.java.TestType] [10370] - --------------------------setting values-----------------------------
[INFO ][2015-12-22 18:50:16,458][com.java.TestType] [10373] - Action Type : Click
[INFO ][2015-12-22 18:50:16,458][com.java.TestType] [ 5975] - Field ::XPH//button[@type='submit']
[INFO ][2015-12-22 18:50:16,458][com.java.TestType] [ 5596] - value = 
[INFO ][2015-12-22 18:50:17,459][com.java.TestType] [ 6112] - BEFORE CLICK
[INFO ][2015-12-22 18:50:18,269][com.java.TestType] [ 6120] - Unable to click the object Login
[INFO ][2015-12-22 18:50:18,269][com.java.TestType] [10392] -  RESULT true
[INFO ][2015-12-22 18:50:18,269][com.java.TestType] [10509] - ?   P A S S   ?
[DEBUG][2015-12-22 18:50:18,269][com.java.TestType] [10315] - Concept ID:1 :: Step being Executed: 1::4
[INFO ][2015-12-22 18:50:18,269][com.java.TestType] [10353] - dataFields : LNKLogout
[DEBUG][2015-12-22 18:50:18,269][com.java.TestType] [10359] - <In Set values of the page>
[DEBUG][2015-12-22 18:50:18,269][com.java.TestType] [10364] - {Data Fields & Data Values Exist}
[INFO ][2015-12-22 18:50:18,269][com.java.TestType] [10370] - --------------------------setting values-----------------------------
[INFO ][2015-12-22 18:50:18,269][com.java.TestType] [10373] - Action Type : WaitForElement
[DEBUG][2015-12-22 18:51:52,477][com.java.TestType] [ 6631] - link=Logout   :: Link not Found
[INFO ][2015-12-22 18:51:52,477][com.java.TestType] [10392] -  RESULT false
[INFO ][2015-12-22 18:51:52,477][com.java.TestType] [10430] - ?   F A I L   ?
[DEBUG][2015-12-22 18:51:52,477][com.java.TestType] [10433] - Browser Type : IE10
[INFO ][2015-12-22 18:51:52,477][com.java.TestType] [10580] - Looping End......
[INFO ][2015-12-22 18:51:52,481][com.java.SeleniumDriver] [  894] -  RESULT true
[INFO ][2015-12-22 18:51:52,481][com.java.SeleniumDriver] [ 1100] - ?   P A S S   ?
[INFO ][2015-12-22 18:51:52,481][com.java.SeleniumDriver] [  821] - ------------------------------------------
[INFO ][2015-12-22 18:51:52,484][com.java.SeleniumDriver] [  822] - Test case being Executed: 17
[INFO ][2015-12-22 18:51:52,484][com.java.SeleniumDriver] [  833] - Test step:19
[INFO ][2015-12-22 18:51:52,484][com.java.SeleniumDriver] [  845] - Datavalue is----------Banker's Dashboard
[INFO ][2015-12-22 18:51:52,484][com.java.SeleniumDriver] [  869] - DataField : TTL
[INFO ][2015-12-22 18:51:52,484][com.java.SeleniumDriver] [  871] - DataValue : Banker's Dashboard
[INFO ][2015-12-22 18:51:52,484][com.java.SeleniumDriver] [  877] - <In Set values of the page>
[INFO ][2015-12-22 18:51:52,484][com.java.SeleniumDriver] [  880] - {Data Fields & Data Values Exist}
[INFO ][2015-12-22 18:51:52,484][com.java.SeleniumDriver] [  882] - --------------------------setting values-----------------------------
[INFO ][2015-12-22 18:51:52,485][com.java.SeleniumDriver] [  885] - Action Type : SelectWindow
[INFO ][2015-12-22 18:53:21,815][com.java.SeleniumDriver] [  894] -  RESULT true
[INFO ][2015-12-22 18:53:21,815][com.java.SeleniumDriver] [ 1100] - ?   P A S S   ?
[INFO ][2015-12-22 18:53:21,815][com.java.SeleniumDriver] [  821] - ------------------------------------------
[INFO ][2015-12-22 18:53:21,815][com.java.SeleniumDriver] [  822] - Test case being Executed: 17
[INFO ][2015-12-22 18:53:21,816][com.java.SeleniumDriver] [  833] - Test step:20
[INFO ][2015-12-22 18:53:21,816][com.java.SeleniumDriver] [  845] - Datavalue is----------10
[INFO ][2015-12-22 18:53:21,816][com.java.SeleniumDriver] [  869] - DataField : test
[INFO ][2015-12-22 18:53:21,816][com.java.SeleniumDriver] [  871] - DataValue : 10
[INFO ][2015-12-22 18:53:21,816][com.java.SeleniumDriver] [  877] - <In Set values of the page>
[INFO ][2015-12-22 18:53:21,816][com.java.SeleniumDriver] [  880] - {Data Fields & Data Values Exist}
[INFO ][2015-12-22 18:53:21,816][com.java.SeleniumDriver] [  882] - --------------------------setting values-----------------------------
[INFO ][2015-12-22 18:53:21,816][com.java.SeleniumDriver] [  885] - Action Type : WaitTime
[DEBUG][2015-12-22 18:53:21,816][com.java.TestType] [ 5416] - sleepTime: 10000
[INFO ][2015-12-22 18:53:31,817][com.java.SeleniumDriver] [  894] -  RESULT true
[INFO ][2015-12-22 18:53:31,817][com.java.SeleniumDriver] [ 1100] - ?   P A S S   ?
[INFO ][2015-12-22 18:53:31,817][com.java.SeleniumDriver] [  821] - ------------------------------------------
[INFO ][2015-12-22 18:53:31,817][com.java.SeleniumDriver] [  822] - Test case being Executed: 17
[INFO ][2015-12-22 18:53:31,817][com.java.SeleniumDriver] [  833] - Test step:21
[INFO ][2015-12-22 18:53:31,817][com.java.SeleniumDriver] [  845] - Datavalue is----------appurl
[INFO ][2015-12-22 18:53:31,817][com.java.SeleniumDriver] [  869] - DataField : test
[INFO ][2015-12-22 18:53:31,817][com.java.SeleniumDriver] [  871] - DataValue : https://clients-xuat.bankersdashboard.com
[INFO ][2015-12-22 18:53:31,817][com.java.SeleniumDriver] [  877] - <In Set values of the page>
[INFO ][2015-12-22 18:53:31,817][com.java.SeleniumDriver] [  880] - {Data Fields & Data Values Exist}
[INFO ][2015-12-22 18:53:31,817][com.java.SeleniumDriver] [  882] - --------------------------setting values-----------------------------
[INFO ][2015-12-22 18:53:31,818][com.java.SeleniumDriver] [  885] - Action Type : OPENURL
[INFO ][2015-12-22 18:53:31,818][com.java.TestType] [ 5596] - value = https://clients-xuat.bankersdashboard.com
[INFO ][2015-12-22 18:53:31,818][com.java.TestType] [  353] - Open URL : https://clients-xuat.bankersdashboard.com
[INFO ][2015-12-22 18:53:39,436][com.java.SeleniumDriver] [  894] -  RESULT true
[INFO ][2015-12-22 18:53:39,436][com.java.SeleniumDriver] [ 1100] - ?   P A S S   ?
[INFO ][2015-12-22 18:53:39,436][com.java.SeleniumDriver] [  821] - ------------------------------------------
[INFO ][2015-12-22 18:53:39,436][com.java.SeleniumDriver] [  822] - Test case being Executed: 17
[INFO ][2015-12-22 18:53:39,436][com.java.SeleniumDriver] [  833] - Test step:22
[INFO ][2015-12-22 18:53:39,436][com.java.SeleniumDriver] [  845] - Datavalue is----------Concept#1:9-16
[INFO ][2015-12-22 18:53:39,436][com.java.SeleniumDriver] [  869] - DataField : test
[INFO ][2015-12-22 18:53:39,436][com.java.SeleniumDriver] [  871] - DataValue : Concept#1:9-16
[INFO ][2015-12-22 18:53:39,436][com.java.SeleniumDriver] [  877] - <In Set values of the page>
[INFO ][2015-12-22 18:53:39,436][com.java.SeleniumDriver] [  880] - {Data Fields & Data Values Exist}
[INFO ][2015-12-22 18:53:39,437][com.java.SeleniumDriver] [  882] - --------------------------setting values-----------------------------
[INFO ][2015-12-22 18:53:39,437][com.java.SeleniumDriver] [  885] - Action Type : ExecuteTestCase
[INFO ][2015-12-22 18:53:39,437][com.java.TestType] [  437] - The Concept sheet name is ---------- Concept
[INFO ][2015-12-22 18:53:39,437][com.java.TestType] [  440] - The Concept ID  is ---------- 1
[DEBUG][2015-12-22 18:53:39,437][com.java.TestType] [  444] - Steps being executted in the Concept are: 9:16
[INFO ][2015-12-22 18:53:39,437][com.java.TestType] [  451] - Test data details path ---------- D:\BankersDashboard\TestInputs\TestData.xls
[INFO ][2015-12-22 18:53:39,468][com.java.TestType] [  482] -  str(1) = 1
[INFO ][2015-12-22 18:53:39,468][com.java.TestType] [  485] - Test case Id is---1
[INFO ][2015-12-22 18:53:39,468][com.java.TestType] [  487] - 1
[INFO ][2015-12-22 18:53:39,468][com.java.TestType] [  482] -  str(2) = 1
[INFO ][2015-12-22 18:53:39,470][com.java.TestType] [  534] - row values are--------{1=com.java.Objects.TestDataDetails@19d7949}
[INFO ][2015-12-22 18:53:39,470][com.java.TestType] [  482] -  str(1) = 1
[INFO ][2015-12-22 18:53:39,470][com.java.TestType] [  485] - Test case Id is---1
[INFO ][2015-12-22 18:53:39,470][com.java.TestType] [  487] - 1
[INFO ][2015-12-22 18:53:39,470][com.java.TestType] [  482] -  str(2) = 2
[INFO ][2015-12-22 18:53:39,471][com.java.TestType] [  534] - row values are--------{1=com.java.Objects.TestDataDetails@19d7949, 2=com.java.Objects.TestDataDetails@1c5a9f9}
[INFO ][2015-12-22 18:53:39,471][com.java.TestType] [  482] -  str(1) = 1
[INFO ][2015-12-22 18:53:39,471][com.java.TestType] [  485] - Test case Id is---1
[INFO ][2015-12-22 18:53:39,471][com.java.TestType] [  487] - 1
[INFO ][2015-12-22 18:53:39,471][com.java.TestType] [  482] -  str(2) = 3
[INFO ][2015-12-22 18:53:39,473][com.java.TestType] [  534] - row values are--------{1=com.java.Objects.TestDataDetails@19d7949, 2=com.java.Objects.TestDataDetails@1c5a9f9, 3=com.java.Objects.TestDataDetails@1e663d2}
[INFO ][2015-12-22 18:53:39,473][com.java.TestType] [  482] -  str(1) = 1
[INFO ][2015-12-22 18:53:39,473][com.java.TestType] [  485] - Test case Id is---1
[INFO ][2015-12-22 18:53:39,473][com.java.TestType] [  487] - 1
[INFO ][2015-12-22 18:53:39,473][com.java.TestType] [  482] -  str(2) = 4
[INFO ][2015-12-22 18:53:39,474][com.java.TestType] [  534] - row values are--------{1=com.java.Objects.TestDataDetails@19d7949, 2=com.java.Objects.TestDataDetails@1c5a9f9, 3=com.java.Objects.TestDataDetails@1e663d2, 4=com.java.Objects.TestDataDetails@1660fdf}
[INFO ][2015-12-22 18:53:39,474][com.java.TestType] [  482] -  str(1) = 1
[INFO ][2015-12-22 18:53:39,474][com.java.TestType] [  485] - Test case Id is---1
[INFO ][2015-12-22 18:53:39,475][com.java.TestType] [  487] - 1
[INFO ][2015-12-22 18:53:39,475][com.java.TestType] [  482] -  str(2) = 5
[INFO ][2015-12-22 18:53:39,475][com.java.TestType] [  534] - row values are--------{1=com.java.Objects.TestDataDetails@19d7949, 2=com.java.Objects.TestDataDetails@1c5a9f9, 3=com.java.Objects.TestDataDetails@1e663d2, 4=com.java.Objects.TestDataDetails@1660fdf, 5=com.java.Objects.TestDataDetails@de96e1}
[INFO ][2015-12-22 18:53:39,475][com.java.TestType] [  482] -  str(1) = 1
[INFO ][2015-12-22 18:53:39,476][com.java.TestType] [  485] - Test case Id is---1
[INFO ][2015-12-22 18:53:39,476][com.java.TestType] [  487] - 1
[INFO ][2015-12-22 18:53:39,476][com.java.TestType] [  482] -  str(2) = 6
[INFO ][2015-12-22 18:53:39,476][com.java.TestType] [  534] - row values are--------{1=com.java.Objects.TestDataDetails@19d7949, 2=com.java.Objects.TestDataDetails@1c5a9f9, 3=com.java.Objects.TestDataDetails@1e663d2, 4=com.java.Objects.TestDataDetails@1660fdf, 5=com.java.Objects.TestDataDetails@de96e1, 6=com.java.Objects.TestDataDetails@7c489b}
[INFO ][2015-12-22 18:53:39,476][com.java.TestType] [  482] -  str(1) = 1
[INFO ][2015-12-22 18:53:39,476][com.java.TestType] [  485] - Test case Id is---1
[INFO ][2015-12-22 18:53:39,477][com.java.TestType] [  487] - 1
[INFO ][2015-12-22 18:53:39,477][com.java.TestType] [  482] -  str(2) = 7
[INFO ][2015-12-22 18:53:39,477][com.java.TestType] [  534] - row values are--------{1=com.java.Objects.TestDataDetails@19d7949, 2=com.java.Objects.TestDataDetails@1c5a9f9, 3=com.java.Objects.TestDataDetails@1e663d2, 4=com.java.Objects.TestDataDetails@1660fdf, 5=com.java.Objects.TestDataDetails@de96e1, 6=com.java.Objects.TestDataDetails@7c489b, 7=com.java.Objects.TestDataDetails@2e365e}
[INFO ][2015-12-22 18:53:39,478][com.java.TestType] [  482] -  str(1) = 1
[INFO ][2015-12-22 18:53:39,478][com.java.TestType] [  485] - Test case Id is---1
[INFO ][2015-12-22 18:53:39,478][com.java.TestType] [  487] - 1
[INFO ][2015-12-22 18:53:39,478][com.java.TestType] [  482] -  str(2) = 8
[INFO ][2015-12-22 18:53:39,479][com.java.TestType] [  534] - row values are--------{1=com.java.Objects.TestDataDetails@19d7949, 2=com.java.Objects.TestDataDetails@1c5a9f9, 3=com.java.Objects.TestDataDetails@1e663d2, 4=com.java.Objects.TestDataDetails@1660fdf, 5=com.java.Objects.TestDataDetails@de96e1, 6=com.java.Objects.TestDataDetails@7c489b, 7=com.java.Objects.TestDataDetails@2e365e, 8=com.java.Objects.TestDataDetails@12aa33d}
[INFO ][2015-12-22 18:53:39,479][com.java.TestType] [  482] -  str(1) = 1
[INFO ][2015-12-22 18:53:39,479][com.java.TestType] [  485] - Test case Id is---1
[INFO ][2015-12-22 18:53:39,479][com.java.TestType] [  487] - 1
[INFO ][2015-12-22 18:53:39,479][com.java.TestType] [  482] -  str(2) = 9
[INFO ][2015-12-22 18:53:39,480][com.java.TestType] [  534] - row values are--------{1=com.java.Objects.TestDataDetails@19d7949, 2=com.java.Objects.TestDataDetails@1c5a9f9, 3=com.java.Objects.TestDataDetails@1e663d2, 4=com.java.Objects.TestDataDetails@1660fdf, 5=com.java.Objects.TestDataDetails@de96e1, 6=com.java.Objects.TestDataDetails@7c489b, 7=com.java.Objects.TestDataDetails@2e365e, 8=com.java.Objects.TestDataDetails@12aa33d, 9=com.java.Objects.TestDataDetails@1e2cae3}
[INFO ][2015-12-22 18:53:39,480][com.java.TestType] [  482] -  str(1) = 1
[INFO ][2015-12-22 18:53:39,480][com.java.TestType] [  485] - Test case Id is---1
[INFO ][2015-12-22 18:53:39,480][com.java.TestType] [  487] - 1
[INFO ][2015-12-22 18:53:39,480][com.java.TestType] [  482] -  str(2) = 10
[INFO ][2015-12-22 18:53:39,481][com.java.TestType] [  534] - row values are--------{1=com.java.Objects.TestDataDetails@19d7949, 2=com.java.Objects.TestDataDetails@1c5a9f9, 3=com.java.Objects.TestDataDetails@1e663d2, 4=com.java.Objects.TestDataDetails@1660fdf, 5=com.java.Objects.TestDataDetails@de96e1, 6=com.java.Objects.TestDataDetails@7c489b, 7=com.java.Objects.TestDataDetails@2e365e, 8=com.java.Objects.TestDataDetails@12aa33d, 9=com.java.Objects.TestDataDetails@1e2cae3, 10=com.java.Objects.TestDataDetails@448e3f}
[INFO ][2015-12-22 18:53:39,481][com.java.TestType] [  482] -  str(1) = 1
[INFO ][2015-12-22 18:53:39,481][com.java.TestType] [  485] - Test case Id is---1
[INFO ][2015-12-22 18:53:39,481][com.java.TestType] [  487] - 1
[INFO ][2015-12-22 18:53:39,481][com.java.TestType] [  482] -  str(2) = 11
[INFO ][2015-12-22 18:53:39,482][com.java.TestType] [  534] - row values are--------{1=com.java.Objects.TestDataDetails@19d7949, 2=com.java.Objects.TestDataDetails@1c5a9f9, 3=com.java.Objects.TestDataDetails@1e663d2, 4=com.java.Objects.TestDataDetails@1660fdf, 5=com.java.Objects.TestDataDetails@de96e1, 6=com.java.Objects.TestDataDetails@7c489b, 7=com.java.Objects.TestDataDetails@2e365e, 8=com.java.Objects.TestDataDetails@12aa33d, 9=com.java.Objects.TestDataDetails@1e2cae3, 10=com.java.Objects.TestDataDetails@448e3f, 11=com.java.Objects.TestDataDetails@6f72d4}
[INFO ][2015-12-22 18:53:39,482][com.java.TestType] [  482] -  str(1) = 1
[INFO ][2015-12-22 18:53:39,482][com.java.TestType] [  485] - Test case Id is---1
[INFO ][2015-12-22 18:53:39,482][com.java.TestType] [  487] - 1
[INFO ][2015-12-22 18:53:39,482][com.java.TestType] [  482] -  str(2) = 12
[INFO ][2015-12-22 18:53:39,483][com.java.TestType] [  534] - row values are--------{1=com.java.Objects.TestDataDetails@19d7949, 2=com.java.Objects.TestDataDetails@1c5a9f9, 3=com.java.Objects.TestDataDetails@1e663d2, 4=com.java.Objects.TestDataDetails@1660fdf, 5=com.java.Objects.TestDataDetails@de96e1, 6=com.java.Objects.TestDataDetails@7c489b, 7=com.java.Objects.TestDataDetails@2e365e, 8=com.java.Objects.TestDataDetails@12aa33d, 9=com.java.Objects.TestDataDetails@1e2cae3, 10=com.java.Objects.TestDataDetails@448e3f, 11=com.java.Objects.TestDataDetails@6f72d4, 12=com.java.Objects.TestDataDetails@1cfffa2}
[INFO ][2015-12-22 18:53:39,483][com.java.TestType] [  482] -  str(1) = 1
[INFO ][2015-12-22 18:53:39,483][com.java.TestType] [  485] - Test case Id is---1
[INFO ][2015-12-22 18:53:39,483][com.java.TestType] [  487] - 1
[INFO ][2015-12-22 18:53:39,483][com.java.TestType] [  482] -  str(2) = 13
[INFO ][2015-12-22 18:53:39,484][com.java.TestType] [  534] - row values are--------{1=com.java.Objects.TestDataDetails@19d7949, 2=com.java.Objects.TestDataDetails@1c5a9f9, 3=com.java.Objects.TestDataDetails@1e663d2, 4=com.java.Objects.TestDataDetails@1660fdf, 5=com.java.Objects.TestDataDetails@de96e1, 6=com.java.Objects.TestDataDetails@7c489b, 7=com.java.Objects.TestDataDetails@2e365e, 8=com.java.Objects.TestDataDetails@12aa33d, 9=com.java.Objects.TestDataDetails@1e2cae3, 10=com.java.Objects.TestDataDetails@448e3f, 11=com.java.Objects.TestDataDetails@6f72d4, 12=com.java.Objects.TestDataDetails@1cfffa2, 13=com.java.Objects.TestDataDetails@c5c2e7}
[INFO ][2015-12-22 18:53:39,484][com.java.TestType] [  482] -  str(1) = 1
[INFO ][2015-12-22 18:53:39,484][com.java.TestType] [  485] - Test case Id is---1
[INFO ][2015-12-22 18:53:39,484][com.java.TestType] [  487] - 1
[INFO ][2015-12-22 18:53:39,484][com.java.TestType] [  482] -  str(2) = 14
[INFO ][2015-12-22 18:53:39,485][com.java.TestType] [  534] - row values are--------{1=com.java.Objects.TestDataDetails@19d7949, 2=com.java.Objects.TestDataDetails@1c5a9f9, 3=com.java.Objects.TestDataDetails@1e663d2, 4=com.java.Objects.TestDataDetails@1660fdf, 5=com.java.Objects.TestDataDetails@de96e1, 6=com.java.Objects.TestDataDetails@7c489b, 7=com.java.Objects.TestDataDetails@2e365e, 8=com.java.Objects.TestDataDetails@12aa33d, 9=com.java.Objects.TestDataDetails@1e2cae3, 10=com.java.Objects.TestDataDetails@448e3f, 11=com.java.Objects.TestDataDetails@6f72d4, 12=com.java.Objects.TestDataDetails@1cfffa2, 13=com.java.Objects.TestDataDetails@c5c2e7, 14=com.java.Objects.TestDataDetails@104628c}
[INFO ][2015-12-22 18:53:39,485][com.java.TestType] [  482] -  str(1) = 1
[INFO ][2015-12-22 18:53:39,485][com.java.TestType] [  485] - Test case Id is---1
[INFO ][2015-12-22 18:53:39,485][com.java.TestType] [  487] - 1
[INFO ][2015-12-22 18:53:39,485][com.java.TestType] [  482] -  str(2) = 15
[INFO ][2015-12-22 18:53:39,486][com.java.TestType] [  534] - row values are--------{1=com.java.Objects.TestDataDetails@19d7949, 2=com.java.Objects.TestDataDetails@1c5a9f9, 3=com.java.Objects.TestDataDetails@1e663d2, 4=com.java.Objects.TestDataDetails@1660fdf, 5=com.java.Objects.TestDataDetails@de96e1, 6=com.java.Objects.TestDataDetails@7c489b, 7=com.java.Objects.TestDataDetails@2e365e, 8=com.java.Objects.TestDataDetails@12aa33d, 9=com.java.Objects.TestDataDetails@1e2cae3, 10=com.java.Objects.TestDataDetails@448e3f, 11=com.java.Objects.TestDataDetails@6f72d4, 12=com.java.Objects.TestDataDetails@1cfffa2, 13=com.java.Objects.TestDataDetails@c5c2e7, 14=com.java.Objects.TestDataDetails@104628c, 15=com.java.Objects.TestDataDetails@d938e0}
[INFO ][2015-12-22 18:53:39,486][com.java.TestType] [  482] -  str(1) = 1
[INFO ][2015-12-22 18:53:39,486][com.java.TestType] [  485] - Test case Id is---1
[INFO ][2015-12-22 18:53:39,486][com.java.TestType] [  487] - 1
[INFO ][2015-12-22 18:53:39,486][com.java.TestType] [  482] -  str(2) = 16
[INFO ][2015-12-22 18:53:39,487][com.java.TestType] [  534] - row values are--------{1=com.java.Objects.TestDataDetails@19d7949, 2=com.java.Objects.TestDataDetails@1c5a9f9, 3=com.java.Objects.TestDataDetails@1e663d2, 4=com.java.Objects.TestDataDetails@1660fdf, 5=com.java.Objects.TestDataDetails@de96e1, 6=com.java.Objects.TestDataDetails@7c489b, 7=com.java.Objects.TestDataDetails@2e365e, 8=com.java.Objects.TestDataDetails@12aa33d, 9=com.java.Objects.TestDataDetails@1e2cae3, 10=com.java.Objects.TestDataDetails@448e3f, 11=com.java.Objects.TestDataDetails@6f72d4, 12=com.java.Objects.TestDataDetails@1cfffa2, 13=com.java.Objects.TestDataDetails@c5c2e7, 14=com.java.Objects.TestDataDetails@104628c, 15=com.java.Objects.TestDataDetails@d938e0, 16=com.java.Objects.TestDataDetails@1e4c806}
[INFO ][2015-12-22 18:53:39,487][com.java.TestType] [10274] - Looping 1TCID = 1
[DEBUG][2015-12-22 18:53:39,487][com.java.TestType] [10315] - Concept ID:1 :: Step being Executed: 1::9
[ERROR][2015-12-22 18:53:39,487][com.java.TestType] [10348] - Exception: null
[INFO ][2015-12-22 18:53:39,487][com.java.TestType] [10353] - dataFields : //span[@class='icon-cog2']&&//a[@data-id="UserSettings"]
[DEBUG][2015-12-22 18:53:39,488][com.java.TestType] [10359] - <In Set values of the page>
[DEBUG][2015-12-22 18:53:39,488][com.java.TestType] [10364] - {Data Fields & Data Values Exist}
[INFO ][2015-12-22 18:53:39,488][com.java.TestType] [10370] - --------------------------setting values-----------------------------
[INFO ][2015-12-22 18:53:39,488][com.java.TestType] [10373] - Action Type : MouseOver
[INFO ][2015-12-22 18:54:02,541][com.java.TestType] [10392] -  RESULT true
[INFO ][2015-12-22 18:54:02,541][com.java.TestType] [10509] - ?   P A S S   ?
[DEBUG][2015-12-22 18:54:02,541][com.java.TestType] [10315] - Concept ID:1 :: Step being Executed: 1::10
[INFO ][2015-12-22 18:54:02,541][com.java.TestType] [10353] - dataFields : BTNframeDialogContent
[DEBUG][2015-12-22 18:54:02,541][com.java.TestType] [10359] - <In Set values of the page>
[DEBUG][2015-12-22 18:54:02,541][com.java.TestType] [10364] - {Data Fields & Data Values Exist}
[INFO ][2015-12-22 18:54:02,541][com.java.TestType] [10370] - --------------------------setting values-----------------------------
[INFO ][2015-12-22 18:54:02,541][com.java.TestType] [10373] - Action Type : WaitForElement
[INFO ][2015-12-22 18:54:03,760][com.java.TestType] [10392] -  RESULT true
[INFO ][2015-12-22 18:54:03,760][com.java.TestType] [10509] - ?   P A S S   ?
[DEBUG][2015-12-22 18:54:03,760][com.java.TestType] [10315] - Concept ID:1 :: Step being Executed: 1::11
[INFO ][2015-12-22 18:54:03,760][com.java.TestType] [10353] - dataFields : BTN
[DEBUG][2015-12-22 18:54:03,760][com.java.TestType] [10359] - <In Set values of the page>
[DEBUG][2015-12-22 18:54:03,760][com.java.TestType] [10364] - {Data Fields & Data Values Exist}
[INFO ][2015-12-22 18:54:03,760][com.java.TestType] [10370] - --------------------------setting values-----------------------------
[INFO ][2015-12-22 18:54:03,761][com.java.TestType] [10373] - Action Type : SELECTFRAMEBYNAME
[INFO ][2015-12-22 18:54:03,761][com.java.TestType] [ 5596] - value = frameDialogContent
[INFO ][2015-12-22 18:54:03,831][com.java.TestType] [10392] -  RESULT true
[INFO ][2015-12-22 18:54:03,832][com.java.TestType] [10509] - ?   P A S S   ?
[DEBUG][2015-12-22 18:54:03,832][com.java.TestType] [10315] - Concept ID:1 :: Step being Executed: 1::12
[INFO ][2015-12-22 18:54:03,832][com.java.TestType] [10353] - dataFields : SLBddlOpenBDInNewWindow
[DEBUG][2015-12-22 18:54:03,832][com.java.TestType] [10359] - <In Set values of the page>
[DEBUG][2015-12-22 18:54:03,832][com.java.TestType] [10364] - {Data Fields & Data Values Exist}
[INFO ][2015-12-22 18:54:03,832][com.java.TestType] [10370] - --------------------------setting values-----------------------------
[INFO ][2015-12-22 18:54:03,832][com.java.TestType] [10373] - Action Type : Select
[INFO ][2015-12-22 18:54:03,832][com.java.TestType] [ 5596] - value = No
[INFO ][2015-12-22 18:54:06,162][com.java.TestType] [10392] -  RESULT true
[INFO ][2015-12-22 18:54:06,162][com.java.TestType] [10509] - ?   P A S S   ?
[DEBUG][2015-12-22 18:54:06,162][com.java.TestType] [10315] - Concept ID:1 :: Step being Executed: 1::13
[ERROR][2015-12-22 18:54:06,162][com.java.TestType] [10348] - Exception: null
[INFO ][2015-12-22 18:54:06,162][com.java.TestType] [10353] - dataFields : BTNparent
[DEBUG][2015-12-22 18:54:06,162][com.java.TestType] [10359] - <In Set values of the page>
[DEBUG][2015-12-22 18:54:06,163][com.java.TestType] [10364] - {Data Fields & Data Values Exist}
[INFO ][2015-12-22 18:54:06,163][com.java.TestType] [10370] - --------------------------setting values-----------------------------
[INFO ][2015-12-22 18:54:06,163][com.java.TestType] [10373] - Action Type : SELECTFRAME
[INFO ][2015-12-22 18:54:06,178][com.java.TestType] [10392] -  RESULT true
[INFO ][2015-12-22 18:54:06,178][com.java.TestType] [10509] - ?   P A S S   ?
[DEBUG][2015-12-22 18:54:06,178][com.java.TestType] [10315] - Concept ID:1 :: Step being Executed: 1::14
[ERROR][2015-12-22 18:54:06,178][com.java.TestType] [10348] - Exception: null
[INFO ][2015-12-22 18:54:06,178][com.java.TestType] [10353] - dataFields : BTN//span[text()='Finished']
[DEBUG][2015-12-22 18:54:06,179][com.java.TestType] [10359] - <In Set values of the page>
[DEBUG][2015-12-22 18:54:06,179][com.java.TestType] [10364] - {Data Fields & Data Values Exist}
[INFO ][2015-12-22 18:54:06,179][com.java.TestType] [10370] - --------------------------setting values-----------------------------
[INFO ][2015-12-22 18:54:06,179][com.java.TestType] [10373] - Action Type : Click
[INFO ][2015-12-22 18:54:06,179][com.java.TestType] [ 5975] - Field ::BTN//span[text()='Finished']
[INFO ][2015-12-22 18:54:06,179][com.java.TestType] [ 5596] - value = 
[INFO ][2015-12-22 18:54:07,179][com.java.TestType] [ 6091] - BEFORE CLICK
[INFO ][2015-12-22 18:54:07,485][com.java.TestType] [ 6098] - Unable to click the object Finished button
[INFO ][2015-12-22 18:54:07,486][com.java.TestType] [10392] -  RESULT true
[INFO ][2015-12-22 18:54:07,486][com.java.TestType] [10509] - ?   P A S S   ?
[DEBUG][2015-12-22 18:54:07,486][com.java.TestType] [10315] - Concept ID:1 :: Step being Executed: 1::15
[INFO ][2015-12-22 18:54:07,486][com.java.TestType] [10353] - dataFields : LNK
[DEBUG][2015-12-22 18:54:07,487][com.java.TestType] [10359] - <In Set values of the page>
[DEBUG][2015-12-22 18:54:07,487][com.java.TestType] [10364] - {Data Fields & Data Values Exist}
[INFO ][2015-12-22 18:54:07,487][com.java.TestType] [10370] - --------------------------setting values-----------------------------
[INFO ][2015-12-22 18:54:07,487][com.java.TestType] [10373] - Action Type : Verify
[INFO ][2015-12-22 18:54:07,487][com.java.TestType] [ 6946] - field= LNK value= Logout
[INFO ][2015-12-22 18:54:07,487][com.java.TestType] [ 5596] - value = Logout
[INFO ][2015-12-22 18:54:07,564][com.java.TestType] [10392] -  RESULT true
[INFO ][2015-12-22 18:54:07,564][com.java.TestType] [10509] - ?   P A S S   ?
[DEBUG][2015-12-22 18:54:07,564][com.java.TestType] [10315] - Concept ID:1 :: Step being Executed: 1::16
[INFO ][2015-12-22 18:54:07,564][com.java.TestType] [10353] - dataFields : BTN
[DEBUG][2015-12-22 18:54:07,564][com.java.TestType] [10359] - <In Set values of the page>
[DEBUG][2015-12-22 18:54:07,564][com.java.TestType] [10364] - {Data Fields & Data Values Exist}
[INFO ][2015-12-22 18:54:07,564][com.java.TestType] [10370] - --------------------------setting values-----------------------------
[INFO ][2015-12-22 18:54:07,565][com.java.TestType] [10373] - Action Type : Verify
[INFO ][2015-12-22 18:54:07,565][com.java.TestType] [ 6946] - field= BTN value= //img[contains(@src,'bdlogo.jpg')]
[INFO ][2015-12-22 18:54:07,565][com.java.TestType] [ 5596] - value = //img[contains(@src,'bdlogo.jpg')]
[INFO ][2015-12-22 18:54:07,634][com.java.TestType] [10392] -  RESULT true
[INFO ][2015-12-22 18:54:07,634][com.java.TestType] [10509] - ?   P A S S   ?
[INFO ][2015-12-22 18:54:07,634][com.java.TestType] [10580] - Looping End......
[INFO ][2015-12-22 18:54:07,638][com.java.SeleniumDriver] [  894] -  RESULT true
[INFO ][2015-12-22 18:54:07,638][com.java.SeleniumDriver] [ 1100] - ?   P A S S   ?
[INFO ][2015-12-22 18:54:07,638][com.java.SeleniumDriver] [  821] - ------------------------------------------
[INFO ][2015-12-22 18:54:07,638][com.java.SeleniumDriver] [  822] - Test case being Executed: 17
[INFO ][2015-12-22 18:54:07,638][com.java.SeleniumDriver] [  833] - Test step:23
[INFO ][2015-12-22 18:54:07,638][com.java.SeleniumDriver] [  845] - Datavalue is----------close
[INFO ][2015-12-22 18:54:07,638][com.java.SeleniumDriver] [  869] - DataField : test
[INFO ][2015-12-22 18:54:07,638][com.java.SeleniumDriver] [  871] - DataValue : close
[INFO ][2015-12-22 18:54:07,638][com.java.SeleniumDriver] [  877] - <In Set values of the page>
[INFO ][2015-12-22 18:54:07,638][com.java.SeleniumDriver] [  880] - {Data Fields & Data Values Exist}
[INFO ][2015-12-22 18:54:07,638][com.java.SeleniumDriver] [  882] - --------------------------setting values-----------------------------
[INFO ][2015-12-22 18:54:07,639][com.java.SeleniumDriver] [  885] - Action Type : Logout
[INFO ][2015-12-22 18:54:10,507][com.java.TestType] [ 5975] - Field ::CNF
[INFO ][2015-12-22 18:54:10,507][com.java.TestType] [ 5596] - value = OK
[ERROR][2015-12-22 18:54:11,523][com.java.TestType] [ 6286] - Exception in click:: Unable to get browser (WARNING: The server did not provide any stacktrace information)
Command duration or timeout: 15 milliseconds
Build info: version: '2.48.2', revision: '41bccdd', time: '2015-10-09 19:59:12'
System info: host: 'FVTIII438F1D', ip: '172.17.68.34', os.name: 'Windows 7', os.arch: 'x86', os.version: '6.1', java.version: '1.7.0_55'
Session ID: 776e02e0-4e26-48e9-aa80-7e3b43003353
Driver info: org.openqa.selenium.ie.InternetExplorerDriver
Capabilities [{platform=WINDOWS, javascriptEnabled=true, elementScrollBehavior=0, ignoreZoomSetting=false, enablePersistentHover=true, ie.ensureCleanSession=false, browserName=internet explorer, enableElementCacheCleanup=true, unexpectedAlertBehaviour=dismiss, version=10, ie.usePerProcessProxy=false, ignoreProtectedModeSettings=true, cssSelectorsEnabled=true, requireWindowFocus=false, initialBrowserUrl=http://localhost:32214/, handlesAlerts=true, ie.forceCreateProcessApi=false, nativeEvents=true, browserAttachTimeout=0, ie.browserCommandLineSwitches=, takesScreenshot=true}]
[INFO ][2015-12-22 18:54:11,524][com.java.TestType] [ 6290] - Element :::: not found
[DEBUG][2015-12-22 18:54:11,540][com.java.SeleniumDriver] [  426] - Hub ip address is-------172.17.68.34
[INFO ][2015-12-22 18:54:11,540][com.java.SeleniumDriver] [  452] - Grid URL:http://172.17.68.34:4444/wd/hub
[INFO ][2015-12-22 18:54:11,540][com.java.SeleniumDriver] [  453] - Capability:Capabilities [{platform=ANY, ensureCleanSession=true, ignoreProtectedModeSettings=true, acceptSslCerts=true, ignoreZoomSetting=true, browserName=internet explorer, browserstack.ie.noFlash=true, version=null}]
[ERROR][2015-12-22 18:54:12,544][com.java.SeleniumDriver] [  497] - Unable invoke browser in grid:Could not start a new session. Possible causes are invalid address of the remote server or browser start-up failure.
Build info: version: '2.48.2', revision: '41bccdd', time: '2015-10-09 19:59:12'
System info: host: 'FVTIII438F1D', ip: '172.17.68.34', os.name: 'Windows 7', os.arch: 'x86', os.version: '6.1', java.version: '1.7.0_55'
Driver info: driver.version: SeleniumDriver
[INFO ][2015-12-22 18:54:12,545][com.java.SeleniumDriver] [  499] - Executing on local machine
[INFO ][2015-12-22 18:54:23,173][com.java.SeleniumDriver] [  894] -  RESULT true
[INFO ][2015-12-22 18:54:23,173][com.java.SeleniumDriver] [ 1100] - ?   P A S S   ?
[INFO ][2015-12-22 18:54:23,173][com.java.SeleniumDriver] [  821] - ------------------------------------------
[INFO ][2015-12-22 18:54:23,173][com.java.SeleniumDriver] [  822] - Test case being Executed: 17
[INFO ][2015-12-22 18:54:23,173][com.java.SeleniumDriver] [  833] - Test step:24
[INFO ][2015-12-22 18:54:23,173][com.java.SeleniumDriver] [  845] - Datavalue is----------10
[INFO ][2015-12-22 18:54:23,173][com.java.SeleniumDriver] [  869] - DataField : LNKLogout
[INFO ][2015-12-22 18:54:23,173][com.java.SeleniumDriver] [  871] - DataValue : 10
[INFO ][2015-12-22 18:54:23,173][com.java.SeleniumDriver] [  877] - <In Set values of the page>
[INFO ][2015-12-22 18:54:23,173][com.java.SeleniumDriver] [  880] - {Data Fields & Data Values Exist}
[INFO ][2015-12-22 18:54:23,173][com.java.SeleniumDriver] [  882] - --------------------------setting values-----------------------------
[INFO ][2015-12-22 18:54:23,175][com.java.SeleniumDriver] [  885] - Action Type : WaitTime
[DEBUG][2015-12-22 18:54:23,175][com.java.TestType] [ 5416] - sleepTime: 10000
[INFO ][2015-12-22 18:54:33,176][com.java.SeleniumDriver] [  894] -  RESULT true
[INFO ][2015-12-22 18:54:33,176][com.java.SeleniumDriver] [ 1100] - ?   P A S S   ?
[INFO ][2015-12-22 18:54:33,176][com.java.SeleniumDriver] [  821] - ------------------------------------------
[INFO ][2015-12-22 18:54:33,176][com.java.SeleniumDriver] [  822] - Test case being Executed: 17
[INFO ][2015-12-22 18:54:33,176][com.java.SeleniumDriver] [  833] - Test step:25
[INFO ][2015-12-22 18:54:33,176][com.java.SeleniumDriver] [  845] - Datavalue is----------null
[DEBUG][2015-12-22 18:54:33,176][com.java.SeleniumDriver] [  863] - Exception: null
[INFO ][2015-12-22 18:54:33,176][com.java.SeleniumDriver] [  869] - DataField : CHK//div[@id="loginbox"]//input[@ng-click='vm.rememberMe()']
[INFO ][2015-12-22 18:54:33,176][com.java.SeleniumDriver] [  871] - DataValue : 
[INFO ][2015-12-22 18:54:33,176][com.java.SeleniumDriver] [  877] - <In Set values of the page>
[INFO ][2015-12-22 18:54:33,176][com.java.SeleniumDriver] [  880] - {Data Fields & Data Values Exist}
[INFO ][2015-12-22 18:54:33,177][com.java.SeleniumDriver] [  882] - --------------------------setting values-----------------------------
[INFO ][2015-12-22 18:54:33,177][com.java.SeleniumDriver] [  885] - Action Type : Check
[INFO ][2015-12-22 18:54:34,345][com.java.SeleniumDriver] [  894] -  RESULT true
[INFO ][2015-12-22 18:54:34,345][com.java.SeleniumDriver] [ 1100] - ?   P A S S   ?
[INFO ][2015-12-22 18:54:34,345][com.java.SeleniumDriver] [  821] - ------------------------------------------
[INFO ][2015-12-22 18:54:34,345][com.java.SeleniumDriver] [  822] - Test case being Executed: 17
[INFO ][2015-12-22 18:54:34,345][com.java.SeleniumDriver] [  833] - Test step:26
[INFO ][2015-12-22 18:54:34,345][com.java.SeleniumDriver] [  845] - Datavalue is----------Concept#1:2-4
[INFO ][2015-12-22 18:54:34,345][com.java.SeleniumDriver] [  869] - DataField : test
[INFO ][2015-12-22 18:54:34,345][com.java.SeleniumDriver] [  871] - DataValue : Concept#1:2-4
[INFO ][2015-12-22 18:54:34,345][com.java.SeleniumDriver] [  877] - <In Set values of the page>
[INFO ][2015-12-22 18:54:34,345][com.java.SeleniumDriver] [  880] - {Data Fields & Data Values Exist}
[INFO ][2015-12-22 18:54:34,345][com.java.SeleniumDriver] [  882] - --------------------------setting values-----------------------------
[INFO ][2015-12-22 18:54:34,345][com.java.SeleniumDriver] [  885] - Action Type : ExecuteTestCase
[INFO ][2015-12-22 18:54:34,346][com.java.TestType] [  437] - The Concept sheet name is ---------- Concept
[INFO ][2015-12-22 18:54:34,346][com.java.TestType] [  440] - The Concept ID  is ---------- 1
[DEBUG][2015-12-22 18:54:34,346][com.java.TestType] [  444] - Steps being executted in the Concept are: 2:4
[INFO ][2015-12-22 18:54:34,346][com.java.TestType] [  451] - Test data details path ---------- D:\BankersDashboard\TestInputs\TestData.xls
[INFO ][2015-12-22 18:54:34,376][com.java.TestType] [  482] -  str(1) = 1
[INFO ][2015-12-22 18:54:34,377][com.java.TestType] [  485] - Test case Id is---1
[INFO ][2015-12-22 18:54:34,377][com.java.TestType] [  487] - 1
[INFO ][2015-12-22 18:54:34,377][com.java.TestType] [  482] -  str(2) = 1
[INFO ][2015-12-22 18:54:34,378][com.java.TestType] [  534] - row values are--------{1=com.java.Objects.TestDataDetails@1cff279}
[INFO ][2015-12-22 18:54:34,378][com.java.TestType] [  482] -  str(1) = 1
[INFO ][2015-12-22 18:54:34,378][com.java.TestType] [  485] - Test case Id is---1
[INFO ][2015-12-22 18:54:34,379][com.java.TestType] [  487] - 1
[INFO ][2015-12-22 18:54:34,379][com.java.TestType] [  482] -  str(2) = 2
[INFO ][2015-12-22 18:54:34,379][com.java.TestType] [  534] - row values are--------{1=com.java.Objects.TestDataDetails@1cff279, 2=com.java.Objects.TestDataDetails@b20dda}
[INFO ][2015-12-22 18:54:34,379][com.java.TestType] [  482] -  str(1) = 1
[INFO ][2015-12-22 18:54:34,379][com.java.TestType] [  485] - Test case Id is---1
[INFO ][2015-12-22 18:54:34,379][com.java.TestType] [  487] - 1
[INFO ][2015-12-22 18:54:34,380][com.java.TestType] [  482] -  str(2) = 3
[INFO ][2015-12-22 18:54:34,380][com.java.TestType] [  534] - row values are--------{1=com.java.Objects.TestDataDetails@1cff279, 2=com.java.Objects.TestDataDetails@b20dda, 3=com.java.Objects.TestDataDetails@998e4b}
[INFO ][2015-12-22 18:54:34,380][com.java.TestType] [  482] -  str(1) = 1
[INFO ][2015-12-22 18:54:34,380][com.java.TestType] [  485] - Test case Id is---1
[INFO ][2015-12-22 18:54:34,380][com.java.TestType] [  487] - 1
[INFO ][2015-12-22 18:54:34,380][com.java.TestType] [  482] -  str(2) = 4
[INFO ][2015-12-22 18:54:34,382][com.java.TestType] [  534] - row values are--------{1=com.java.Objects.TestDataDetails@1cff279, 2=com.java.Objects.TestDataDetails@b20dda, 3=com.java.Objects.TestDataDetails@998e4b, 4=com.java.Objects.TestDataDetails@c85072}
[INFO ][2015-12-22 18:54:34,382][com.java.TestType] [  482] -  str(1) = 1
[INFO ][2015-12-22 18:54:34,382][com.java.TestType] [  485] - Test case Id is---1
[INFO ][2015-12-22 18:54:34,382][com.java.TestType] [  487] - 1
[INFO ][2015-12-22 18:54:34,382][com.java.TestType] [  482] -  str(2) = 5
[INFO ][2015-12-22 18:54:34,383][com.java.TestType] [  534] - row values are--------{1=com.java.Objects.TestDataDetails@1cff279, 2=com.java.Objects.TestDataDetails@b20dda, 3=com.java.Objects.TestDataDetails@998e4b, 4=com.java.Objects.TestDataDetails@c85072, 5=com.java.Objects.TestDataDetails@7bdb49}
[INFO ][2015-12-22 18:54:34,383][com.java.TestType] [  482] -  str(1) = 1
[INFO ][2015-12-22 18:54:34,383][com.java.TestType] [  485] - Test case Id is---1
[INFO ][2015-12-22 18:54:34,383][com.java.TestType] [  487] - 1
[INFO ][2015-12-22 18:54:34,383][com.java.TestType] [  482] -  str(2) = 6
[INFO ][2015-12-22 18:54:34,384][com.java.TestType] [  534] - row values are--------{1=com.java.Objects.TestDataDetails@1cff279, 2=com.java.Objects.TestDataDetails@b20dda, 3=com.java.Objects.TestDataDetails@998e4b, 4=com.java.Objects.TestDataDetails@c85072, 5=com.java.Objects.TestDataDetails@7bdb49, 6=com.java.Objects.TestDataDetails@773d93}
[INFO ][2015-12-22 18:54:34,384][com.java.TestType] [  482] -  str(1) = 1
[INFO ][2015-12-22 18:54:34,384][com.java.TestType] [  485] - Test case Id is---1
[INFO ][2015-12-22 18:54:34,384][com.java.TestType] [  487] - 1
[INFO ][2015-12-22 18:54:34,384][com.java.TestType] [  482] -  str(2) = 7
[INFO ][2015-12-22 18:54:34,384][com.java.TestType] [  534] - row values are--------{1=com.java.Objects.TestDataDetails@1cff279, 2=com.java.Objects.TestDataDetails@b20dda, 3=com.java.Objects.TestDataDetails@998e4b, 4=com.java.Objects.TestDataDetails@c85072, 5=com.java.Objects.TestDataDetails@7bdb49, 6=com.java.Objects.TestDataDetails@773d93, 7=com.java.Objects.TestDataDetails@899af8}
[INFO ][2015-12-22 18:54:34,385][com.java.TestType] [  482] -  str(1) = 1
[INFO ][2015-12-22 18:54:34,385][com.java.TestType] [  485] - Test case Id is---1
[INFO ][2015-12-22 18:54:34,385][com.java.TestType] [  487] - 1
[INFO ][2015-12-22 18:54:34,385][com.java.TestType] [  482] -  str(2) = 8
[INFO ][2015-12-22 18:54:34,385][com.java.TestType] [  534] - row values are--------{1=com.java.Objects.TestDataDetails@1cff279, 2=com.java.Objects.TestDataDetails@b20dda, 3=com.java.Objects.TestDataDetails@998e4b, 4=com.java.Objects.TestDataDetails@c85072, 5=com.java.Objects.TestDataDetails@7bdb49, 6=com.java.Objects.TestDataDetails@773d93, 7=com.java.Objects.TestDataDetails@899af8, 8=com.java.Objects.TestDataDetails@1b86bf8}
[INFO ][2015-12-22 18:54:34,385][com.java.TestType] [  482] -  str(1) = 1
[INFO ][2015-12-22 18:54:34,385][com.java.TestType] [  485] - Test case Id is---1
[INFO ][2015-12-22 18:54:34,386][com.java.TestType] [  487] - 1
[INFO ][2015-12-22 18:54:34,386][com.java.TestType] [  482] -  str(2) = 9
[INFO ][2015-12-22 18:54:34,386][com.java.TestType] [  534] - row values are--------{1=com.java.Objects.TestDataDetails@1cff279, 2=com.java.Objects.TestDataDetails@b20dda, 3=com.java.Objects.TestDataDetails@998e4b, 4=com.java.Objects.TestDataDetails@c85072, 5=com.java.Objects.TestDataDetails@7bdb49, 6=com.java.Objects.TestDataDetails@773d93, 7=com.java.Objects.TestDataDetails@899af8, 8=com.java.Objects.TestDataDetails@1b86bf8, 9=com.java.Objects.TestDataDetails@26efb8}
[INFO ][2015-12-22 18:54:34,386][com.java.TestType] [  482] -  str(1) = 1
[INFO ][2015-12-22 18:54:34,386][com.java.TestType] [  485] - Test case Id is---1
[INFO ][2015-12-22 18:54:34,386][com.java.TestType] [  487] - 1
[INFO ][2015-12-22 18:54:34,386][com.java.TestType] [  482] -  str(2) = 10
[INFO ][2015-12-22 18:54:34,387][com.java.TestType] [  534] - row values are--------{1=com.java.Objects.TestDataDetails@1cff279, 2=com.java.Objects.TestDataDetails@b20dda, 3=com.java.Objects.TestDataDetails@998e4b, 4=com.java.Objects.TestDataDetails@c85072, 5=com.java.Objects.TestDataDetails@7bdb49, 6=com.java.Objects.TestDataDetails@773d93, 7=com.java.Objects.TestDataDetails@899af8, 8=com.java.Objects.TestDataDetails@1b86bf8, 9=com.java.Objects.TestDataDetails@26efb8, 10=com.java.Objects.TestDataDetails@1e834f8}
[INFO ][2015-12-22 18:54:34,387][com.java.TestType] [  482] -  str(1) = 1
[INFO ][2015-12-22 18:54:34,387][com.java.TestType] [  485] - Test case Id is---1
[INFO ][2015-12-22 18:54:34,387][com.java.TestType] [  487] - 1
[INFO ][2015-12-22 18:54:34,388][com.java.TestType] [  482] -  str(2) = 11
[INFO ][2015-12-22 18:54:34,388][com.java.TestType] [  534] - row values are--------{1=com.java.Objects.TestDataDetails@1cff279, 2=com.java.Objects.TestDataDetails@b20dda, 3=com.java.Objects.TestDataDetails@998e4b, 4=com.java.Objects.TestDataDetails@c85072, 5=com.java.Objects.TestDataDetails@7bdb49, 6=com.java.Objects.TestDataDetails@773d93, 7=com.java.Objects.TestDataDetails@899af8, 8=com.java.Objects.TestDataDetails@1b86bf8, 9=com.java.Objects.TestDataDetails@26efb8, 10=com.java.Objects.TestDataDetails@1e834f8, 11=com.java.Objects.TestDataDetails@f00092}
[INFO ][2015-12-22 18:54:34,388][com.java.TestType] [  482] -  str(1) = 1
[INFO ][2015-12-22 18:54:34,388][com.java.TestType] [  485] - Test case Id is---1
[INFO ][2015-12-22 18:54:34,388][com.java.TestType] [  487] - 1
[INFO ][2015-12-22 18:54:34,388][com.java.TestType] [  482] -  str(2) = 12
[INFO ][2015-12-22 18:54:34,389][com.java.TestType] [  534] - row values are--------{1=com.java.Objects.TestDataDetails@1cff279, 2=com.java.Objects.TestDataDetails@b20dda, 3=com.java.Objects.TestDataDetails@998e4b, 4=com.java.Objects.TestDataDetails@c85072, 5=com.java.Objects.TestDataDetails@7bdb49, 6=com.java.Objects.TestDataDetails@773d93, 7=com.java.Objects.TestDataDetails@899af8, 8=com.java.Objects.TestDataDetails@1b86bf8, 9=com.java.Objects.TestDataDetails@26efb8, 10=com.java.Objects.TestDataDetails@1e834f8, 11=com.java.Objects.TestDataDetails@f00092, 12=com.java.Objects.TestDataDetails@d30037}
[INFO ][2015-12-22 18:54:34,389][com.java.TestType] [  482] -  str(1) = 1
[INFO ][2015-12-22 18:54:34,389][com.java.TestType] [  485] - Test case Id is---1
[INFO ][2015-12-22 18:54:34,389][com.java.TestType] [  487] - 1
[INFO ][2015-12-22 18:54:34,389][com.java.TestType] [  482] -  str(2) = 13
[INFO ][2015-12-22 18:54:34,391][com.java.TestType] [  534] - row values are--------{1=com.java.Objects.TestDataDetails@1cff279, 2=com.java.Objects.TestDataDetails@b20dda, 3=com.java.Objects.TestDataDetails@998e4b, 4=com.java.Objects.TestDataDetails@c85072, 5=com.java.Objects.TestDataDetails@7bdb49, 6=com.java.Objects.TestDataDetails@773d93, 7=com.java.Objects.TestDataDetails@899af8, 8=com.java.Objects.TestDataDetails@1b86bf8, 9=com.java.Objects.TestDataDetails@26efb8, 10=com.java.Objects.TestDataDetails@1e834f8, 11=com.java.Objects.TestDataDetails@f00092, 12=com.java.Objects.TestDataDetails@d30037, 13=com.java.Objects.TestDataDetails@1311630}
[INFO ][2015-12-22 18:54:34,391][com.java.TestType] [  482] -  str(1) = 1
[INFO ][2015-12-22 18:54:34,391][com.java.TestType] [  485] - Test case Id is---1
[INFO ][2015-12-22 18:54:34,391][com.java.TestType] [  487] - 1
[INFO ][2015-12-22 18:54:34,391][com.java.TestType] [  482] -  str(2) = 14
[INFO ][2015-12-22 18:54:34,392][com.java.TestType] [  534] - row values are--------{1=com.java.Objects.TestDataDetails@1cff279, 2=com.java.Objects.TestDataDetails@b20dda, 3=com.java.Objects.TestDataDetails@998e4b, 4=com.java.Objects.TestDataDetails@c85072, 5=com.java.Objects.TestDataDetails@7bdb49, 6=com.java.Objects.TestDataDetails@773d93, 7=com.java.Objects.TestDataDetails@899af8, 8=com.java.Objects.TestDataDetails@1b86bf8, 9=com.java.Objects.TestDataDetails@26efb8, 10=com.java.Objects.TestDataDetails@1e834f8, 11=com.java.Objects.TestDataDetails@f00092, 12=com.java.Objects.TestDataDetails@d30037, 13=com.java.Objects.TestDataDetails@1311630, 14=com.java.Objects.TestDataDetails@c5eff0}
[INFO ][2015-12-22 18:54:34,392][com.java.TestType] [  482] -  str(1) = 1
[INFO ][2015-12-22 18:54:34,392][com.java.TestType] [  485] - Test case Id is---1
[INFO ][2015-12-22 18:54:34,392][com.java.TestType] [  487] - 1
[INFO ][2015-12-22 18:54:34,392][com.java.TestType] [  482] -  str(2) = 15
[INFO ][2015-12-22 18:54:34,393][com.java.TestType] [  534] - row values are--------{1=com.java.Objects.TestDataDetails@1cff279, 2=com.java.Objects.TestDataDetails@b20dda, 3=com.java.Objects.TestDataDetails@998e4b, 4=com.java.Objects.TestDataDetails@c85072, 5=com.java.Objects.TestDataDetails@7bdb49, 6=com.java.Objects.TestDataDetails@773d93, 7=com.java.Objects.TestDataDetails@899af8, 8=com.java.Objects.TestDataDetails@1b86bf8, 9=com.java.Objects.TestDataDetails@26efb8, 10=com.java.Objects.TestDataDetails@1e834f8, 11=com.java.Objects.TestDataDetails@f00092, 12=com.java.Objects.TestDataDetails@d30037, 13=com.java.Objects.TestDataDetails@1311630, 14=com.java.Objects.TestDataDetails@c5eff0, 15=com.java.Objects.TestDataDetails@2760db}
[INFO ][2015-12-22 18:54:34,393][com.java.TestType] [  482] -  str(1) = 1
[INFO ][2015-12-22 18:54:34,393][com.java.TestType] [  485] - Test case Id is---1
[INFO ][2015-12-22 18:54:34,393][com.java.TestType] [  487] - 1
[INFO ][2015-12-22 18:54:34,393][com.java.TestType] [  482] -  str(2) = 16
[INFO ][2015-12-22 18:54:34,394][com.java.TestType] [  534] - row values are--------{1=com.java.Objects.TestDataDetails@1cff279, 2=com.java.Objects.TestDataDetails@b20dda, 3=com.java.Objects.TestDataDetails@998e4b, 4=com.java.Objects.TestDataDetails@c85072, 5=com.java.Objects.TestDataDetails@7bdb49, 6=com.java.Objects.TestDataDetails@773d93, 7=com.java.Objects.TestDataDetails@899af8, 8=com.java.Objects.TestDataDetails@1b86bf8, 9=com.java.Objects.TestDataDetails@26efb8, 10=com.java.Objects.TestDataDetails@1e834f8, 11=com.java.Objects.TestDataDetails@f00092, 12=com.java.Objects.TestDataDetails@d30037, 13=com.java.Objects.TestDataDetails@1311630, 14=com.java.Objects.TestDataDetails@c5eff0, 15=com.java.Objects.TestDataDetails@2760db, 16=com.java.Objects.TestDataDetails@dc5132}
[INFO ][2015-12-22 18:54:34,394][com.java.TestType] [10274] - Looping 1TCID = 1
[DEBUG][2015-12-22 18:54:34,394][com.java.TestType] [10315] - Concept ID:1 :: Step being Executed: 1::2
[INFO ][2015-12-22 18:54:34,394][com.java.TestType] [10353] - dataFields : TXTpassword
[DEBUG][2015-12-22 18:54:34,394][com.java.TestType] [10359] - <In Set values of the page>
[DEBUG][2015-12-22 18:54:34,394][com.java.TestType] [10364] - {Data Fields & Data Values Exist}
[INFO ][2015-12-22 18:54:34,394][com.java.TestType] [10370] - --------------------------setting values-----------------------------
[INFO ][2015-12-22 18:54:34,394][com.java.TestType] [10373] - Action Type : CLEARANDENTER
[INFO ][2015-12-22 18:54:34,394][com.java.TestType] [ 5596] - value = Password1*
[INFO ][2015-12-22 18:54:39,207][com.java.TestType] [10392] -  RESULT true
[INFO ][2015-12-22 18:54:39,208][com.java.TestType] [10509] - ?   P A S S   ?
[DEBUG][2015-12-22 18:54:39,208][com.java.TestType] [10315] - Concept ID:1 :: Step being Executed: 1::3
[ERROR][2015-12-22 18:54:39,208][com.java.TestType] [10348] - Exception: null
[INFO ][2015-12-22 18:54:39,208][com.java.TestType] [10353] - dataFields : XPH//button[@type='submit']
[DEBUG][2015-12-22 18:54:39,208][com.java.TestType] [10359] - <In Set values of the page>
[DEBUG][2015-12-22 18:54:39,208][com.java.TestType] [10364] - {Data Fields & Data Values Exist}
[INFO ][2015-12-22 18:54:39,208][com.java.TestType] [10370] - --------------------------setting values-----------------------------
[INFO ][2015-12-22 18:54:39,208][com.java.TestType] [10373] - Action Type : Click
[INFO ][2015-12-22 18:54:39,208][com.java.TestType] [ 5975] - Field ::XPH//button[@type='submit']
[INFO ][2015-12-22 18:54:39,208][com.java.TestType] [ 5596] - value = 
[INFO ][2015-12-22 18:54:40,209][com.java.TestType] [ 6112] - BEFORE CLICK
[INFO ][2015-12-22 18:54:43,785][com.java.TestType] [ 6120] - Unable to click the object Login
[INFO ][2015-12-22 18:54:43,785][com.java.TestType] [10392] -  RESULT true
[INFO ][2015-12-22 18:54:43,785][com.java.TestType] [10509] - ?   P A S S   ?
[DEBUG][2015-12-22 18:54:43,785][com.java.TestType] [10315] - Concept ID:1 :: Step being Executed: 1::4
[INFO ][2015-12-22 18:54:43,785][com.java.TestType] [10353] - dataFields : LNKLogout
[DEBUG][2015-12-22 18:54:43,785][com.java.TestType] [10359] - <In Set values of the page>
[DEBUG][2015-12-22 18:54:43,785][com.java.TestType] [10364] - {Data Fields & Data Values Exist}
[INFO ][2015-12-22 18:54:43,785][com.java.TestType] [10370] - --------------------------setting values-----------------------------
[INFO ][2015-12-22 18:54:43,785][com.java.TestType] [10373] - Action Type : WaitForElement
[INFO ][2015-12-22 18:54:43,822][com.java.TestType] [10392] -  RESULT true
[INFO ][2015-12-22 18:54:43,822][com.java.TestType] [10509] - ?   P A S S   ?
[INFO ][2015-12-22 18:54:43,822][com.java.TestType] [10580] - Looping End......
[INFO ][2015-12-22 18:54:43,826][com.java.SeleniumDriver] [  894] -  RESULT true
[INFO ][2015-12-22 18:54:43,826][com.java.SeleniumDriver] [ 1100] - ?   P A S S   ?
[INFO ][2015-12-22 18:54:43,826][com.java.SeleniumDriver] [  821] - ------------------------------------------
[INFO ][2015-12-22 18:54:43,826][com.java.SeleniumDriver] [  822] - Test case being Executed: 17
[INFO ][2015-12-22 18:54:43,826][com.java.SeleniumDriver] [  833] - Test step:27
[INFO ][2015-12-22 18:54:43,826][com.java.SeleniumDriver] [  845] - Datavalue is----------10
[INFO ][2015-12-22 18:54:43,826][com.java.SeleniumDriver] [  869] - DataField : LNKLogout
[INFO ][2015-12-22 18:54:43,826][com.java.SeleniumDriver] [  871] - DataValue : 10
[INFO ][2015-12-22 18:54:43,827][com.java.SeleniumDriver] [  877] - <In Set values of the page>
[INFO ][2015-12-22 18:54:43,827][com.java.SeleniumDriver] [  880] - {Data Fields & Data Values Exist}
[INFO ][2015-12-22 18:54:43,827][com.java.SeleniumDriver] [  882] - --------------------------setting values-----------------------------
[INFO ][2015-12-22 18:54:43,827][com.java.SeleniumDriver] [  885] - Action Type : WaitTime
[DEBUG][2015-12-22 18:54:43,827][com.java.TestType] [ 5416] - sleepTime: 10000
[INFO ][2015-12-22 18:54:53,828][com.java.SeleniumDriver] [  894] -  RESULT true
[INFO ][2015-12-22 18:54:53,828][com.java.SeleniumDriver] [ 1100] - ?   P A S S   ?
[INFO ][2015-12-22 18:54:53,828][com.java.SeleniumDriver] [  821] - ------------------------------------------
[INFO ][2015-12-22 18:54:53,828][com.java.SeleniumDriver] [  822] - Test case being Executed: 17
[INFO ][2015-12-22 18:54:53,828][com.java.SeleniumDriver] [  833] - Test step:28
[INFO ][2015-12-22 18:54:53,828][com.java.SeleniumDriver] [  845] - Datavalue is----------Banker's Dashboard
[INFO ][2015-12-22 18:54:53,828][com.java.SeleniumDriver] [  869] - DataField : TTL
[INFO ][2015-12-22 18:54:53,828][com.java.SeleniumDriver] [  871] - DataValue : Banker's Dashboard
[INFO ][2015-12-22 18:54:53,828][com.java.SeleniumDriver] [  877] - <In Set values of the page>
[INFO ][2015-12-22 18:54:53,828][com.java.SeleniumDriver] [  880] - {Data Fields & Data Values Exist}
[INFO ][2015-12-22 18:54:53,828][com.java.SeleniumDriver] [  882] - --------------------------setting values-----------------------------
[INFO ][2015-12-22 18:54:53,829][com.java.SeleniumDriver] [  885] - Action Type : SelectWindow
[INFO ][2015-12-22 18:55:06,022][com.java.SeleniumDriver] [  894] -  RESULT true
[INFO ][2015-12-22 18:55:06,022][com.java.SeleniumDriver] [ 1100] - ?   P A S S   ?
[INFO ][2015-12-22 18:55:06,022][com.java.SeleniumDriver] [  821] - ------------------------------------------
[INFO ][2015-12-22 18:55:06,022][com.java.SeleniumDriver] [  822] - Test case being Executed: 17
[INFO ][2015-12-22 18:55:06,022][com.java.SeleniumDriver] [  833] - Test step:29
[INFO ][2015-12-22 18:55:06,022][com.java.SeleniumDriver] [  845] - Datavalue is----------test
[INFO ][2015-12-22 18:55:06,022][com.java.SeleniumDriver] [  869] - DataField : test
[INFO ][2015-12-22 18:55:06,022][com.java.SeleniumDriver] [  871] - DataValue : test
[INFO ][2015-12-22 18:55:06,022][com.java.SeleniumDriver] [  877] - <In Set values of the page>
[INFO ][2015-12-22 18:55:06,023][com.java.SeleniumDriver] [  880] - {Data Fields & Data Values Exist}
[INFO ][2015-12-22 18:55:06,023][com.java.SeleniumDriver] [  882] - --------------------------setting values-----------------------------
[INFO ][2015-12-22 18:55:06,023][com.java.SeleniumDriver] [  885] - Action Type : CLEARBROWSERCACHE
[INFO ][2015-12-22 18:55:11,109][com.java.SeleniumDriver] [  894] -  RESULT true
[INFO ][2015-12-22 18:55:11,109][com.java.SeleniumDriver] [ 1100] - ?   P A S S   ?
[INFO ][2015-12-22 18:55:11,109][com.java.SeleniumDriver] [  821] - ------------------------------------------
[INFO ][2015-12-22 18:55:11,109][com.java.SeleniumDriver] [  822] - Test case being Executed: 17
[INFO ][2015-12-22 18:55:11,109][com.java.SeleniumDriver] [  833] - Test step:30
[INFO ][2015-12-22 18:55:11,109][com.java.SeleniumDriver] [  845] - Datavalue is----------Concept#3:1-2
[INFO ][2015-12-22 18:55:11,109][com.java.SeleniumDriver] [  869] - DataField : test
[INFO ][2015-12-22 18:55:11,109][com.java.SeleniumDriver] [  871] - DataValue : Concept#3:1-2
[INFO ][2015-12-22 18:55:11,109][com.java.SeleniumDriver] [  877] - <In Set values of the page>
[INFO ][2015-12-22 18:55:11,109][com.java.SeleniumDriver] [  880] - {Data Fields & Data Values Exist}
[INFO ][2015-12-22 18:55:11,109][com.java.SeleniumDriver] [  882] - --------------------------setting values-----------------------------
[INFO ][2015-12-22 18:55:11,109][com.java.SeleniumDriver] [  885] - Action Type : ExecuteTestCase
[INFO ][2015-12-22 18:55:11,110][com.java.TestType] [  437] - The Concept sheet name is ---------- Concept
[INFO ][2015-12-22 18:55:11,110][com.java.TestType] [  440] - The Concept ID  is ---------- 3
[DEBUG][2015-12-22 18:55:11,110][com.java.TestType] [  444] - Steps being executted in the Concept are: 1:2
[INFO ][2015-12-22 18:55:11,110][com.java.TestType] [  451] - Test data details path ---------- D:\BankersDashboard\TestInputs\TestData.xls
[INFO ][2015-12-22 18:55:11,138][com.java.TestType] [  482] -  str(1) = 3
[INFO ][2015-12-22 18:55:11,138][com.java.TestType] [  485] - Test case Id is---3
[INFO ][2015-12-22 18:55:11,138][com.java.TestType] [  487] - 3
[INFO ][2015-12-22 18:55:11,138][com.java.TestType] [  482] -  str(2) = 1
[INFO ][2015-12-22 18:55:11,141][com.java.TestType] [  534] - row values are--------{1=com.java.Objects.TestDataDetails@1a9f0bb}
[INFO ][2015-12-22 18:55:11,141][com.java.TestType] [  482] -  str(1) = 3
[INFO ][2015-12-22 18:55:11,141][com.java.TestType] [  485] - Test case Id is---3
[INFO ][2015-12-22 18:55:11,141][com.java.TestType] [  487] - 3
[INFO ][2015-12-22 18:55:11,141][com.java.TestType] [  482] -  str(2) = 2
[INFO ][2015-12-22 18:55:11,142][com.java.TestType] [  534] - row values are--------{1=com.java.Objects.TestDataDetails@1a9f0bb, 2=com.java.Objects.TestDataDetails@d809e7}
[INFO ][2015-12-22 18:55:11,142][com.java.TestType] [10274] - Looping 1TCID = 3
[DEBUG][2015-12-22 18:55:11,142][com.java.TestType] [10315] - Concept ID:3 :: Step being Executed: 3::1
[INFO ][2015-12-22 18:55:11,142][com.java.TestType] [10353] - dataFields : test
[DEBUG][2015-12-22 18:55:11,142][com.java.TestType] [10359] - <In Set values of the page>
[DEBUG][2015-12-22 18:55:11,142][com.java.TestType] [10364] - {Data Fields & Data Values Exist}
[INFO ][2015-12-22 18:55:11,142][com.java.TestType] [10370] - --------------------------setting values-----------------------------
[INFO ][2015-12-22 18:55:11,142][com.java.TestType] [10373] - Action Type : Logout
[INFO ][2015-12-22 18:55:13,456][com.java.TestType] [ 5975] - Field ::CNF
[INFO ][2015-12-22 18:55:13,456][com.java.TestType] [ 5596] - value = OK
[INFO ][2015-12-22 18:55:15,768][com.java.TestType] [ 6108] - Click the object confirmation
[INFO ][2015-12-22 18:55:15,768][com.java.TestType] [ 6109] - Unable to click the object confirmation
[DEBUG][2015-12-22 18:55:16,983][com.java.SeleniumDriver] [  426] - Hub ip address is-------172.17.68.34
[INFO ][2015-12-22 18:55:16,983][com.java.SeleniumDriver] [  452] - Grid URL:http://172.17.68.34:4444/wd/hub
[INFO ][2015-12-22 18:55:16,984][com.java.SeleniumDriver] [  453] - Capability:Capabilities [{platform=ANY, ensureCleanSession=true, ignoreProtectedModeSettings=true, acceptSslCerts=true, ignoreZoomSetting=true, browserName=internet explorer, browserstack.ie.noFlash=true, version=null}]
[ERROR][2015-12-22 18:55:17,986][com.java.SeleniumDriver] [  497] - Unable invoke browser in grid:Could not start a new session. Possible causes are invalid address of the remote server or browser start-up failure.
Build info: version: '2.48.2', revision: '41bccdd', time: '2015-10-09 19:59:12'
System info: host: 'FVTIII438F1D', ip: '172.17.68.34', os.name: 'Windows 7', os.arch: 'x86', os.version: '6.1', java.version: '1.7.0_55'
Driver info: driver.version: SeleniumDriver
[INFO ][2015-12-22 18:55:17,986][com.java.SeleniumDriver] [  499] - Executing on local machine
[INFO ][2015-12-22 18:55:28,717][com.java.TestType] [10392] -  RESULT true
[INFO ][2015-12-22 18:55:28,717][com.java.TestType] [10509] - ?   P A S S   ?
[DEBUG][2015-12-22 18:55:28,717][com.java.TestType] [10315] - Concept ID:3 :: Step being Executed: 3::2
[INFO ][2015-12-22 18:55:28,717][com.java.TestType] [10353] - dataFields : test
[DEBUG][2015-12-22 18:55:28,717][com.java.TestType] [10359] - <In Set values of the page>
[DEBUG][2015-12-22 18:55:28,717][com.java.TestType] [10364] - {Data Fields & Data Values Exist}
[INFO ][2015-12-22 18:55:28,717][com.java.TestType] [10370] - --------------------------setting values-----------------------------
[INFO ][2015-12-22 18:55:28,717][com.java.TestType] [10373] - Action Type : WaitTime
[DEBUG][2015-12-22 18:55:28,718][com.java.TestType] [ 5416] - sleepTime: 2000
[INFO ][2015-12-22 18:55:30,719][com.java.TestType] [10392] -  RESULT true
[INFO ][2015-12-22 18:55:30,719][com.java.TestType] [10509] - ?   P A S S   ?
[INFO ][2015-12-22 18:55:30,719][com.java.TestType] [10580] - Looping End......
[INFO ][2015-12-22 18:55:30,723][com.java.SeleniumDriver] [  894] -  RESULT true
[INFO ][2015-12-22 18:55:30,723][com.java.SeleniumDriver] [ 1100] - ?   P A S S   ?
[INFO ][2015-12-22 18:55:30,723][com.java.SeleniumDriver] [  821] - ------------------------------------------
[INFO ][2015-12-22 18:55:30,723][com.java.SeleniumDriver] [  822] - Test case being Executed: 17
[INFO ][2015-12-22 18:55:30,723][com.java.SeleniumDriver] [  833] - Test step:31
[INFO ][2015-12-22 18:55:30,723][com.java.SeleniumDriver] [  845] - Datavalue is----------//input[@ng-model="vm.rememberUsername"]
[INFO ][2015-12-22 18:55:30,723][com.java.SeleniumDriver] [  869] - DataField : SLT
[INFO ][2015-12-22 18:55:30,723][com.java.SeleniumDriver] [  871] - DataValue : //input[@ng-model="vm.rememberUsername"]
[INFO ][2015-12-22 18:55:30,723][com.java.SeleniumDriver] [  877] - <In Set values of the page>
[INFO ][2015-12-22 18:55:30,723][com.java.SeleniumDriver] [  880] - {Data Fields & Data Values Exist}
[INFO ][2015-12-22 18:55:30,723][com.java.SeleniumDriver] [  882] - --------------------------setting values-----------------------------
[INFO ][2015-12-22 18:55:30,723][com.java.SeleniumDriver] [  885] - Action Type : Verify
[INFO ][2015-12-22 18:55:30,723][com.java.TestType] [ 6946] - field= SLT value= //input[@ng-model="vm.rememberUsername"]
[INFO ][2015-12-22 18:55:30,724][com.java.TestType] [ 5596] - value = //input[@ng-model="vm.rememberUsername"]
[INFO ][2015-12-22 18:55:30,820][com.java.SeleniumDriver] [  894] -  RESULT true
[INFO ][2015-12-22 18:55:30,820][com.java.SeleniumDriver] [ 1100] - ?   P A S S   ?
[DEBUG][2015-12-22 18:55:30,820][com.java.SeleniumDriver] [ 1212] - Case found
[DEBUG][2015-12-22 18:55:30,820][com.java.SeleniumDriver] [ 1217] - Incrementing ReportCounters[0]:1
[INFO ][2015-12-22 18:55:30,820][com.java.SeleniumDriver] [ 1236] - The results are-------------------[17, 1, BD-LOGIN: Disable Autocomplete HTML - No Save, Logout & Leave Browser Open, Pass, , Tue Dec 22 18:48:43 IST 2015, 17, 3, BD-LOGIN: Disable Autocomplete HTML - No Save, Logout & Leave Browser Open, Pass, , Tue Dec 22 18:48:53 IST 2015, 17, 4, BD-LOGIN: Disable Autocomplete HTML - No Save, Logout & Leave Browser Open, Pass, , Tue Dec 22 18:48:54 IST 2015, 17, 5, BD-LOGIN: Disable Autocomplete HTML - No Save, Logout & Leave Browser Open, Pass, , Tue Dec 22 18:48:56 IST 2015, 17, 6, BD-LOGIN: Disable Autocomplete HTML - No Save, Logout & Leave Browser Open, Pass, , Tue Dec 22 18:49:06 IST 2015, 17, 7, BD-LOGIN: Disable Autocomplete HTML - No Save, Logout & Leave Browser Open, Pass, , Tue Dec 22 18:49:18 IST 2015, 17, 8, BD-LOGIN: Disable Autocomplete HTML - No Save, Logout & Leave Browser Open, Pass, , Tue Dec 22 18:49:44 IST 2015, 17, 9, BD-LOGIN: Disable Autocomplete HTML - No Save, Logout & Leave Browser Open, Pass, , Tue Dec 22 18:49:45 IST 2015, 17, 10, BD-LOGIN: Disable Autocomplete HTML - No Save, Logout & Leave Browser Open, Pass, , Tue Dec 22 18:49:45 IST 2015, 17, 11, BD-LOGIN: Disable Autocomplete HTML - No Save, Logout & Leave Browser Open, Pass, , Tue Dec 22 18:49:46 IST 2015, 17, 12, BD-LOGIN: Disable Autocomplete HTML - No Save, Logout & Leave Browser Open, Pass, , Tue Dec 22 18:49:48 IST 2015, 17, 13, BD-LOGIN: Disable Autocomplete HTML - No Save, Logout & Leave Browser Open, Pass, , Tue Dec 22 18:49:48 IST 2015, 17, 14, BD-LOGIN: Disable Autocomplete HTML - No Save, Logout & Leave Browser Open, Pass, , Tue Dec 22 18:49:50 IST 2015, 17, 15, BD-LOGIN: Disable Autocomplete HTML - No Save, Logout & Leave Browser Open, Pass, , Tue Dec 22 18:49:50 IST 2015, 17, 16, BD-LOGIN: Disable Autocomplete HTML - No Save, Logout & Leave Browser Open, Pass, , Tue Dec 22 18:49:50 IST 2015, 17, 17, BD-LOGIN: Disable Autocomplete HTML - No Save, Logout & Leave Browser Open, Pass, , Tue Dec 22 18:50:06 IST 2015, 17, 18, BD-LOGIN: Disable Autocomplete HTML - No Save, Logout & Leave Browser Open, Pass, , Tue Dec 22 18:51:52 IST 2015, 17, 19, BD-LOGIN: Disable Autocomplete HTML - No Save, Logout & Leave Browser Open, Pass, , Tue Dec 22 18:53:21 IST 2015, 17, 20, BD-LOGIN: Disable Autocomplete HTML - No Save, Logout & Leave Browser Open, Pass, , Tue Dec 22 18:53:31 IST 2015, 17, 21, BD-LOGIN: Disable Autocomplete HTML - No Save, Logout & Leave Browser Open, Pass, , Tue Dec 22 18:53:39 IST 2015, 17, 22, BD-LOGIN: Disable Autocomplete HTML - No Save, Logout & Leave Browser Open, Pass, , Tue Dec 22 18:54:07 IST 2015, 17, 23, BD-LOGIN: Disable Autocomplete HTML - No Save, Logout & Leave Browser Open, Pass, , Tue Dec 22 18:54:23 IST 2015, 17, 24, BD-LOGIN: Disable Autocomplete HTML - No Save, Logout & Leave Browser Open, Pass, , Tue Dec 22 18:54:33 IST 2015, 17, 25, BD-LOGIN: Disable Autocomplete HTML - No Save, Logout & Leave Browser Open, Pass, , Tue Dec 22 18:54:34 IST 2015, 17, 26, BD-LOGIN: Disable Autocomplete HTML - No Save, Logout & Leave Browser Open, Pass, , Tue Dec 22 18:54:43 IST 2015, 17, 27, BD-LOGIN: Disable Autocomplete HTML - No Save, Logout & Leave Browser Open, Pass, , Tue Dec 22 18:54:53 IST 2015, 17, 28, BD-LOGIN: Disable Autocomplete HTML - No Save, Logout & Leave Browser Open, Pass, , Tue Dec 22 18:55:06 IST 2015, 17, 29, BD-LOGIN: Disable Autocomplete HTML - No Save, Logout & Leave Browser Open, Pass, , Tue Dec 22 18:55:11 IST 2015, 17, 30, BD-LOGIN: Disable Autocomplete HTML - No Save, Logout & Leave Browser Open, Pass, , Tue Dec 22 18:55:30 IST 2015, 17, 31, BD-LOGIN: Disable Autocomplete HTML - No Save, Logout & Leave Browser Open, Pass, , Tue Dec 22 18:55:30 IST 2015]
[INFO ][2015-12-22 18:55:30,820][com.java.SeleniumDriver] [ 1240] - End time is-------7 min 56 sec
[INFO ][2015-12-22 18:55:30,821][com.java.SeleniumDriver] [ 1241] - The results are-------------------[17, 1, BD-LOGIN: Disable Autocomplete HTML - No Save, Logout & Leave Browser Open, Pass, , Tue Dec 22 18:48:43 IST 2015, 17, 3, BD-LOGIN: Disable Autocomplete HTML - No Save, Logout & Leave Browser Open, Pass, , Tue Dec 22 18:48:53 IST 2015, 17, 4, BD-LOGIN: Disable Autocomplete HTML - No Save, Logout & Leave Browser Open, Pass, , Tue Dec 22 18:48:54 IST 2015, 17, 5, BD-LOGIN: Disable Autocomplete HTML - No Save, Logout & Leave Browser Open, Pass, , Tue Dec 22 18:48:56 IST 2015, 17, 6, BD-LOGIN: Disable Autocomplete HTML - No Save, Logout & Leave Browser Open, Pass, , Tue Dec 22 18:49:06 IST 2015, 17, 7, BD-LOGIN: Disable Autocomplete HTML - No Save, Logout & Leave Browser Open, Pass, , Tue Dec 22 18:49:18 IST 2015, 17, 8, BD-LOGIN: Disable Autocomplete HTML - No Save, Logout & Leave Browser Open, Pass, , Tue Dec 22 18:49:44 IST 2015, 17, 9, BD-LOGIN: Disable Autocomplete HTML - No Save, Logout & Leave Browser Open, Pass, , Tue Dec 22 18:49:45 IST 2015, 17, 10, BD-LOGIN: Disable Autocomplete HTML - No Save, Logout & Leave Browser Open, Pass, , Tue Dec 22 18:49:45 IST 2015, 17, 11, BD-LOGIN: Disable Autocomplete HTML - No Save, Logout & Leave Browser Open, Pass, , Tue Dec 22 18:49:46 IST 2015, 17, 12, BD-LOGIN: Disable Autocomplete HTML - No Save, Logout & Leave Browser Open, Pass, , Tue Dec 22 18:49:48 IST 2015, 17, 13, BD-LOGIN: Disable Autocomplete HTML - No Save, Logout & Leave Browser Open, Pass, , Tue Dec 22 18:49:48 IST 2015, 17, 14, BD-LOGIN: Disable Autocomplete HTML - No Save, Logout & Leave Browser Open, Pass, , Tue Dec 22 18:49:50 IST 2015, 17, 15, BD-LOGIN: Disable Autocomplete HTML - No Save, Logout & Leave Browser Open, Pass, , Tue Dec 22 18:49:50 IST 2015, 17, 16, BD-LOGIN: Disable Autocomplete HTML - No Save, Logout & Leave Browser Open, Pass, , Tue Dec 22 18:49:50 IST 2015, 17, 17, BD-LOGIN: Disable Autocomplete HTML - No Save, Logout & Leave Browser Open, Pass, , Tue Dec 22 18:50:06 IST 2015, 17, 18, BD-LOGIN: Disable Autocomplete HTML - No Save, Logout & Leave Browser Open, Pass, , Tue Dec 22 18:51:52 IST 2015, 17, 19, BD-LOGIN: Disable Autocomplete HTML - No Save, Logout & Leave Browser Open, Pass, , Tue Dec 22 18:53:21 IST 2015, 17, 20, BD-LOGIN: Disable Autocomplete HTML - No Save, Logout & Leave Browser Open, Pass, , Tue Dec 22 18:53:31 IST 2015, 17, 21, BD-LOGIN: Disable Autocomplete HTML - No Save, Logout & Leave Browser Open, Pass, , Tue Dec 22 18:53:39 IST 2015, 17, 22, BD-LOGIN: Disable Autocomplete HTML - No Save, Logout & Leave Browser Open, Pass, , Tue Dec 22 18:54:07 IST 2015, 17, 23, BD-LOGIN: Disable Autocomplete HTML - No Save, Logout & Leave Browser Open, Pass, , Tue Dec 22 18:54:23 IST 2015, 17, 24, BD-LOGIN: Disable Autocomplete HTML - No Save, Logout & Leave Browser Open, Pass, , Tue Dec 22 18:54:33 IST 2015, 17, 25, BD-LOGIN: Disable Autocomplete HTML - No Save, Logout & Leave Browser Open, Pass, , Tue Dec 22 18:54:34 IST 2015, 17, 26, BD-LOGIN: Disable Autocomplete HTML - No Save, Logout & Leave Browser Open, Pass, , Tue Dec 22 18:54:43 IST 2015, 17, 27, BD-LOGIN: Disable Autocomplete HTML - No Save, Logout & Leave Browser Open, Pass, , Tue Dec 22 18:54:53 IST 2015, 17, 28, BD-LOGIN: Disable Autocomplete HTML - No Save, Logout & Leave Browser Open, Pass, , Tue Dec 22 18:55:06 IST 2015, 17, 29, BD-LOGIN: Disable Autocomplete HTML - No Save, Logout & Leave Browser Open, Pass, , Tue Dec 22 18:55:11 IST 2015, 17, 30, BD-LOGIN: Disable Autocomplete HTML - No Save, Logout & Leave Browser Open, Pass, , Tue Dec 22 18:55:30 IST 2015, 17, 31, BD-LOGIN: Disable Autocomplete HTML - No Save, Logout & Leave Browser Open, Pass, , Tue Dec 22 18:55:30 IST 2015]
[DEBUG][2015-12-22 18:55:30,821][com.java.ImportnExport.ExportTestResultsExcel] [  222] - testResultPath = D:\BankersDashboard/TestReports/Test Results_BankersDashBoard_122215_184736_IE10_Bank of North Carolina.xls
[DEBUG][2015-12-22 18:55:30,821][com.java.ImportnExport.ExportTestResultsExcel] [  223] - browser is------------IE10
[DEBUG][2015-12-22 18:55:30,867][com.java.ImportnExport.ExportTestResultsExcel] [  270] - result.size() = 180
[DEBUG][2015-12-22 18:55:30,867][com.java.ImportnExport.ExportTestResultsExcel] [  274] - No of rows in sheet=1
[DEBUG][2015-12-22 18:55:30,867][com.java.ImportnExport.ExportTestResultsExcel] [  301] - ..in export..17
[DEBUG][2015-12-22 18:55:30,867][com.java.ImportnExport.ExportTestResultsExcel] [  301] - ..in export..BD-LOGIN: Disable Autocomplete HTML - No Save, Logout & Leave Browser Open
[DEBUG][2015-12-22 18:55:30,867][com.java.ImportnExport.ExportTestResultsExcel] [  301] - ..in export..Pass
[DEBUG][2015-12-22 18:55:30,867][com.java.ImportnExport.ExportTestResultsExcel] [  301] - ..in export..
[DEBUG][2015-12-22 18:55:30,867][com.java.ImportnExport.ExportTestResultsExcel] [  301] - ..in export..Tue Dec 22 18:48:43 IST 2015
[INFO ][2015-12-22 18:55:30,869][com.java.SeleniumDriver] [ 1299] - out loop:0 size:1 TestCases:[17] testcases:[17]
[INFO ][2015-12-22 18:55:32,869][com.java.SeleniumDriver] [ 1342] - Total Number of Cases:1
[INFO ][2015-12-22 18:55:32,869][com.java.TemplateGenerator] [  302] - Executed:1
[INFO ][2015-12-22 18:55:32,869][com.java.TemplateGenerator] [  303] - Passed:1
[INFO ][2015-12-22 18:55:32,869][com.java.TemplateGenerator] [  304] - Failed:0
[INFO ][2015-12-22 18:55:32,869][com.java.TemplateGenerator] [  305] - Skipeed:0
[INFO ][2015-12-22 18:55:32,869][com.java.TemplateGenerator] [  306] - Application URL:https://clients-xuat.bankersdashboard.com
[INFO ][2015-12-22 18:55:32,869][com.java.TemplateGenerator] [  307] - Start Time:122215_184736
[INFO ][2015-12-22 18:55:32,869][com.java.TemplateGenerator] [  308] -  Creating HTML Report 
[ERROR][2015-12-22 18:55:32,870][com.java.TemplateGenerator] [  409] - Unparseable date: "Tue Dec 22 06:47:36 IST 2015"
[INFO ][2015-12-22 18:55:32,870][com.java.TemplateGenerator] [  654] -  Exporting case :: 17
[INFO ][2015-12-22 18:55:32,883][com.java.SeleniumDriver] [ 1391] - End Time:122215_185532
[INFO ][2015-12-22 18:55:32,883][com.java.SeleniumDriver] [ 1394] - Data in Test Execution Details:{17=PASS}
[INFO ][2015-12-22 18:55:32,883][com.java.SeleniumDriver] [ 1395] - Data in Failed Execution Deatils:{}
[INFO ][2015-12-22 18:55:32,883][com.java.SeleniumDriver] [ 1397] - ReportCounter:Total:1 :: PASS: 1 ::FAIL: 0
[INFO ][2015-12-22 18:55:32,883][com.java.SeleniumDriver] [ 1398] - FailedReportCounter:Total:0 :: PASS: 0 ::FAIL: 0
[INFO ][2015-12-22 18:55:32,891][com.java.EmailTestReport] [   63] - Sending report mail details:
[INFO ][2015-12-22 18:55:32,891][com.java.EmailTestReport] [   80] - Excel Report Path:D:\BankersDashboard/TestReports/Test Results_BankersDashBoard_122215_184736_IE10_Bank of North Carolina.xls
[INFO ][2015-12-22 18:55:32,891][com.java.EmailTestReport] [   81] - HTML Report Path:D:\BankersDashboard//TestReports//Test Results_BankersDashBoard_122215_184736_IE10_Bank of North Carolina.html
[INFO ][2015-12-22 18:55:32,892][com.java.EmailTestReport] [   82] - smtpHostName:mail01.valuelabs.com
[INFO ][2015-12-22 18:55:32,892][com.java.EmailTestReport] [   83] - Recipient:venkateswararao.gubbala@valuelabs.com;
[INFO ][2015-12-22 18:55:32,892][com.java.EmailTestReport] [   84] - From:venkateswararao.gubbala@valuelabs.com;
[INFO ][2015-12-22 18:55:32,892][com.java.EmailTestReport] [   85] - Subject:Deluxe Corp Bankers Dashboard Automation Test Report - Bank of North Carolina - IE10
[INFO ][2015-12-22 18:55:32,908][com.java.EmailTestReport] [  143] -  Added venkateswararao.gubbala@valuelabs.com
[INFO ][2015-12-22 18:55:36,274][com.java.SeleniumDriver] [  720] - quitting the browser 
[INFO ][2015-12-22 18:55:37,393][com.java.SeleniumDriver] [  264] - Execution Completed Stopping the thread
