[INFO ][2015-12-11 15:43:52,308][com.java.SeleniumDriver] [  213] - Execute Failed Casesfalse
[INFO ][2015-12-11 15:43:52,308][com.java.SeleniumDriver] [  214] - Browser: IE10
[INFO ][2015-12-11 15:43:52,308][com.java.SeleniumDriver] [  215] - [1, 13]
[INFO ][2015-12-11 15:43:52,308][com.java.SeleniumDriver] [  216] - Total TestCases:2
[INFO ][2015-12-11 15:43:52,308][com.java.SeleniumDriver] [  217] -  Reading Properties from Property File 
[DEBUG][2015-12-11 15:43:52,309][com.java.SeleniumDriver] [  238] - url : https://clients-xuat.bankersdashboard.com
[INFO ][2015-12-11 15:43:52,310][com.java.ImportnExport.ExportTestResultsExcel] [  116] - Time Stamp Fri Dec 11 03:43:52 IST 2015
[INFO ][2015-12-11 15:43:52,310][com.java.ImportnExport.ExportTestResultsExcel] [  175] - OUT FILE : D:\BankersDashboard/TestReports/Test Results_BankersDashBoard_121115_154352_IE10_First Bank.xls
[INFO ][2015-12-11 15:43:52,339][com.java.ImportnExport.ExportTestResultsExcel] [  180] - Test Result file is created
[DEBUG][2015-12-11 15:43:52,441][com.java.SeleniumDriver] [  426] - Hub ip address is-------172.17.68.34
[INFO ][2015-12-11 15:43:52,441][com.java.SeleniumDriver] [  452] - Grid URL:http://172.17.68.34:4444/wd/hub
[INFO ][2015-12-11 15:43:52,442][com.java.SeleniumDriver] [  453] - Capability:Capabilities [{platform=ANY, ensureCleanSession=true, ignoreProtectedModeSettings=true, acceptSslCerts=true, ignoreZoomSetting=true, browserName=internet explorer, browserstack.ie.noFlash=true, version=null}]
[ERROR][2015-12-11 15:43:53,752][com.java.SeleniumDriver] [  497] - Unable invoke browser in grid:Could not start a new session. Possible causes are invalid address of the remote server or browser start-up failure.
Build info: version: '2.48.2', revision: '41bccdd', time: '2015-10-09 19:59:12'
System info: host: 'FVTIII438F1D', ip: '172.17.68.34', os.name: 'Windows 7', os.arch: 'x86', os.version: '6.1', java.version: '1.7.0_55'
Driver info: driver.version: SeleniumDriver
[INFO ][2015-12-11 15:43:53,752][com.java.SeleniumDriver] [  499] - Executing on local machine
[INFO ][2015-12-11 15:44:03,746][com.java.SeleniumDriver] [  248] - IE10is opened
[INFO ][2015-12-11 15:44:04,613][com.java.SeleniumDriver] [  754] - Test cases to be executed are: [1, 13]
[INFO ][2015-12-11 15:44:04,633][com.java.ImportnExport.ImportTestDataDetailsExcel] [   49] - test data details path===== D:\BankersDashboard\TestInputs\TestData.xls
[INFO ][2015-12-11 15:44:04,711][com.java.SeleniumDriver] [  821] - ------------------------------------------
[INFO ][2015-12-11 15:44:04,711][com.java.SeleniumDriver] [  822] - Test case being Executed: 1
[INFO ][2015-12-11 15:44:04,711][com.java.SeleniumDriver] [  833] - Test step:1
[INFO ][2015-12-11 15:44:04,711][com.java.SeleniumDriver] [  845] - Datavalue is----------Concept#1:1-16
[INFO ][2015-12-11 15:44:04,712][com.java.SeleniumDriver] [  869] - DataField : test
[INFO ][2015-12-11 15:44:04,712][com.java.SeleniumDriver] [  871] - DataValue : Concept#1:1-16
[INFO ][2015-12-11 15:44:04,712][com.java.SeleniumDriver] [  877] - <In Set values of the page>
[INFO ][2015-12-11 15:44:04,712][com.java.SeleniumDriver] [  880] - {Data Fields & Data Values Exist}
[INFO ][2015-12-11 15:44:04,712][com.java.SeleniumDriver] [  882] - --------------------------setting values-----------------------------
[INFO ][2015-12-11 15:44:04,712][com.java.SeleniumDriver] [  885] - Action Type : ExecuteTestCase
[INFO ][2015-12-11 15:44:04,729][com.java.TestType] [  436] - The Concept sheet name is ---------- Concept
[INFO ][2015-12-11 15:44:04,729][com.java.TestType] [  439] - The Concept ID  is ---------- 1
[DEBUG][2015-12-11 15:44:04,729][com.java.TestType] [  443] - Steps being executted in the Concept are: 1:16
[INFO ][2015-12-11 15:44:04,729][com.java.TestType] [  450] - Test data details path ---------- D:\BankersDashboard\TestInputs\TestData.xls
[INFO ][2015-12-11 15:44:04,764][com.java.TestType] [  481] -  str(1) = 1
[INFO ][2015-12-11 15:44:04,764][com.java.TestType] [  484] - Test case Id is---1
[INFO ][2015-12-11 15:44:04,764][com.java.TestType] [  486] - 1
[INFO ][2015-12-11 15:44:04,764][com.java.TestType] [  481] -  str(2) = 1
[INFO ][2015-12-11 15:44:04,767][com.java.TestType] [  533] - row values are--------{1=com.java.Objects.TestDataDetails@6a67ab}
[INFO ][2015-12-11 15:44:04,767][com.java.TestType] [  481] -  str(1) = 1
[INFO ][2015-12-11 15:44:04,767][com.java.TestType] [  484] - Test case Id is---1
[INFO ][2015-12-11 15:44:04,767][com.java.TestType] [  486] - 1
[INFO ][2015-12-11 15:44:04,767][com.java.TestType] [  481] -  str(2) = 2
[INFO ][2015-12-11 15:44:04,768][com.java.TestType] [  533] - row values are--------{1=com.java.Objects.TestDataDetails@6a67ab, 2=com.java.Objects.TestDataDetails@185555c}
[INFO ][2015-12-11 15:44:04,769][com.java.TestType] [  481] -  str(1) = 1
[INFO ][2015-12-11 15:44:04,769][com.java.TestType] [  484] - Test case Id is---1
[INFO ][2015-12-11 15:44:04,769][com.java.TestType] [  486] - 1
[INFO ][2015-12-11 15:44:04,769][com.java.TestType] [  481] -  str(2) = 3
[INFO ][2015-12-11 15:44:04,770][com.java.TestType] [  533] - row values are--------{1=com.java.Objects.TestDataDetails@6a67ab, 2=com.java.Objects.TestDataDetails@185555c, 3=com.java.Objects.TestDataDetails@1e9e2ac}
[INFO ][2015-12-11 15:44:04,770][com.java.TestType] [  481] -  str(1) = 1
[INFO ][2015-12-11 15:44:04,770][com.java.TestType] [  484] - Test case Id is---1
[INFO ][2015-12-11 15:44:04,771][com.java.TestType] [  486] - 1
[INFO ][2015-12-11 15:44:04,771][com.java.TestType] [  481] -  str(2) = 4
[INFO ][2015-12-11 15:44:04,772][com.java.TestType] [  533] - row values are--------{1=com.java.Objects.TestDataDetails@6a67ab, 2=com.java.Objects.TestDataDetails@185555c, 3=com.java.Objects.TestDataDetails@1e9e2ac, 4=com.java.Objects.TestDataDetails@363f95}
[INFO ][2015-12-11 15:44:04,774][com.java.TestType] [  481] -  str(1) = 1
[INFO ][2015-12-11 15:44:04,774][com.java.TestType] [  484] - Test case Id is---1
[INFO ][2015-12-11 15:44:04,774][com.java.TestType] [  486] - 1
[INFO ][2015-12-11 15:44:04,774][com.java.TestType] [  481] -  str(2) = 5
[INFO ][2015-12-11 15:44:04,775][com.java.TestType] [  533] - row values are--------{1=com.java.Objects.TestDataDetails@6a67ab, 2=com.java.Objects.TestDataDetails@185555c, 3=com.java.Objects.TestDataDetails@1e9e2ac, 4=com.java.Objects.TestDataDetails@363f95, 5=com.java.Objects.TestDataDetails@3a9d7f}
[INFO ][2015-12-11 15:44:04,775][com.java.TestType] [  481] -  str(1) = 1
[INFO ][2015-12-11 15:44:04,776][com.java.TestType] [  484] - Test case Id is---1
[INFO ][2015-12-11 15:44:04,776][com.java.TestType] [  486] - 1
[INFO ][2015-12-11 15:44:04,776][com.java.TestType] [  481] -  str(2) = 6
[INFO ][2015-12-11 15:44:04,777][com.java.TestType] [  533] - row values are--------{1=com.java.Objects.TestDataDetails@6a67ab, 2=com.java.Objects.TestDataDetails@185555c, 3=com.java.Objects.TestDataDetails@1e9e2ac, 4=com.java.Objects.TestDataDetails@363f95, 5=com.java.Objects.TestDataDetails@3a9d7f, 6=com.java.Objects.TestDataDetails@314fd4}
[INFO ][2015-12-11 15:44:04,777][com.java.TestType] [  481] -  str(1) = 1
[INFO ][2015-12-11 15:44:04,777][com.java.TestType] [  484] - Test case Id is---1
[INFO ][2015-12-11 15:44:04,777][com.java.TestType] [  486] - 1
[INFO ][2015-12-11 15:44:04,777][com.java.TestType] [  481] -  str(2) = 7
[INFO ][2015-12-11 15:44:04,778][com.java.TestType] [  533] - row values are--------{1=com.java.Objects.TestDataDetails@6a67ab, 2=com.java.Objects.TestDataDetails@185555c, 3=com.java.Objects.TestDataDetails@1e9e2ac, 4=com.java.Objects.TestDataDetails@363f95, 5=com.java.Objects.TestDataDetails@3a9d7f, 6=com.java.Objects.TestDataDetails@314fd4, 7=com.java.Objects.TestDataDetails@79cc94}
[INFO ][2015-12-11 15:44:04,778][com.java.TestType] [  481] -  str(1) = 1
[INFO ][2015-12-11 15:44:04,778][com.java.TestType] [  484] - Test case Id is---1
[INFO ][2015-12-11 15:44:04,778][com.java.TestType] [  486] - 1
[INFO ][2015-12-11 15:44:04,778][com.java.TestType] [  481] -  str(2) = 8
[INFO ][2015-12-11 15:44:04,779][com.java.TestType] [  533] - row values are--------{1=com.java.Objects.TestDataDetails@6a67ab, 2=com.java.Objects.TestDataDetails@185555c, 3=com.java.Objects.TestDataDetails@1e9e2ac, 4=com.java.Objects.TestDataDetails@363f95, 5=com.java.Objects.TestDataDetails@3a9d7f, 6=com.java.Objects.TestDataDetails@314fd4, 7=com.java.Objects.TestDataDetails@79cc94, 8=com.java.Objects.TestDataDetails@1157426}
[INFO ][2015-12-11 15:44:04,779][com.java.TestType] [  481] -  str(1) = 1
[INFO ][2015-12-11 15:44:04,779][com.java.TestType] [  484] - Test case Id is---1
[INFO ][2015-12-11 15:44:04,779][com.java.TestType] [  486] - 1
[INFO ][2015-12-11 15:44:04,779][com.java.TestType] [  481] -  str(2) = 9
[INFO ][2015-12-11 15:44:04,780][com.java.TestType] [  533] - row values are--------{1=com.java.Objects.TestDataDetails@6a67ab, 2=com.java.Objects.TestDataDetails@185555c, 3=com.java.Objects.TestDataDetails@1e9e2ac, 4=com.java.Objects.TestDataDetails@363f95, 5=com.java.Objects.TestDataDetails@3a9d7f, 6=com.java.Objects.TestDataDetails@314fd4, 7=com.java.Objects.TestDataDetails@79cc94, 8=com.java.Objects.TestDataDetails@1157426, 9=com.java.Objects.TestDataDetails@1c2c35}
[INFO ][2015-12-11 15:44:04,780][com.java.TestType] [  481] -  str(1) = 1
[INFO ][2015-12-11 15:44:04,780][com.java.TestType] [  484] - Test case Id is---1
[INFO ][2015-12-11 15:44:04,780][com.java.TestType] [  486] - 1
[INFO ][2015-12-11 15:44:04,780][com.java.TestType] [  481] -  str(2) = 10
[INFO ][2015-12-11 15:44:04,781][com.java.TestType] [  533] - row values are--------{1=com.java.Objects.TestDataDetails@6a67ab, 2=com.java.Objects.TestDataDetails@185555c, 3=com.java.Objects.TestDataDetails@1e9e2ac, 4=com.java.Objects.TestDataDetails@363f95, 5=com.java.Objects.TestDataDetails@3a9d7f, 6=com.java.Objects.TestDataDetails@314fd4, 7=com.java.Objects.TestDataDetails@79cc94, 8=com.java.Objects.TestDataDetails@1157426, 9=com.java.Objects.TestDataDetails@1c2c35, 10=com.java.Objects.TestDataDetails@16e68a0}
[INFO ][2015-12-11 15:44:04,781][com.java.TestType] [  481] -  str(1) = 1
[INFO ][2015-12-11 15:44:04,781][com.java.TestType] [  484] - Test case Id is---1
[INFO ][2015-12-11 15:44:04,781][com.java.TestType] [  486] - 1
[INFO ][2015-12-11 15:44:04,781][com.java.TestType] [  481] -  str(2) = 11
[INFO ][2015-12-11 15:44:04,784][com.java.TestType] [  533] - row values are--------{1=com.java.Objects.TestDataDetails@6a67ab, 2=com.java.Objects.TestDataDetails@185555c, 3=com.java.Objects.TestDataDetails@1e9e2ac, 4=com.java.Objects.TestDataDetails@363f95, 5=com.java.Objects.TestDataDetails@3a9d7f, 6=com.java.Objects.TestDataDetails@314fd4, 7=com.java.Objects.TestDataDetails@79cc94, 8=com.java.Objects.TestDataDetails@1157426, 9=com.java.Objects.TestDataDetails@1c2c35, 10=com.java.Objects.TestDataDetails@16e68a0, 11=com.java.Objects.TestDataDetails@1bf3708}
[INFO ][2015-12-11 15:44:04,784][com.java.TestType] [  481] -  str(1) = 1
[INFO ][2015-12-11 15:44:04,784][com.java.TestType] [  484] - Test case Id is---1
[INFO ][2015-12-11 15:44:04,784][com.java.TestType] [  486] - 1
[INFO ][2015-12-11 15:44:04,784][com.java.TestType] [  481] -  str(2) = 12
[INFO ][2015-12-11 15:44:04,785][com.java.TestType] [  533] - row values are--------{1=com.java.Objects.TestDataDetails@6a67ab, 2=com.java.Objects.TestDataDetails@185555c, 3=com.java.Objects.TestDataDetails@1e9e2ac, 4=com.java.Objects.TestDataDetails@363f95, 5=com.java.Objects.TestDataDetails@3a9d7f, 6=com.java.Objects.TestDataDetails@314fd4, 7=com.java.Objects.TestDataDetails@79cc94, 8=com.java.Objects.TestDataDetails@1157426, 9=com.java.Objects.TestDataDetails@1c2c35, 10=com.java.Objects.TestDataDetails@16e68a0, 11=com.java.Objects.TestDataDetails@1bf3708, 12=com.java.Objects.TestDataDetails@1c7d517}
[INFO ][2015-12-11 15:44:04,785][com.java.TestType] [  481] -  str(1) = 1
[INFO ][2015-12-11 15:44:04,785][com.java.TestType] [  484] - Test case Id is---1
[INFO ][2015-12-11 15:44:04,785][com.java.TestType] [  486] - 1
[INFO ][2015-12-11 15:44:04,785][com.java.TestType] [  481] -  str(2) = 13
[INFO ][2015-12-11 15:44:04,786][com.java.TestType] [  533] - row values are--------{1=com.java.Objects.TestDataDetails@6a67ab, 2=com.java.Objects.TestDataDetails@185555c, 3=com.java.Objects.TestDataDetails@1e9e2ac, 4=com.java.Objects.TestDataDetails@363f95, 5=com.java.Objects.TestDataDetails@3a9d7f, 6=com.java.Objects.TestDataDetails@314fd4, 7=com.java.Objects.TestDataDetails@79cc94, 8=com.java.Objects.TestDataDetails@1157426, 9=com.java.Objects.TestDataDetails@1c2c35, 10=com.java.Objects.TestDataDetails@16e68a0, 11=com.java.Objects.TestDataDetails@1bf3708, 12=com.java.Objects.TestDataDetails@1c7d517, 13=com.java.Objects.TestDataDetails@16215d4}
[INFO ][2015-12-11 15:44:04,786][com.java.TestType] [  481] -  str(1) = 1
[INFO ][2015-12-11 15:44:04,786][com.java.TestType] [  484] - Test case Id is---1
[INFO ][2015-12-11 15:44:04,786][com.java.TestType] [  486] - 1
[INFO ][2015-12-11 15:44:04,786][com.java.TestType] [  481] -  str(2) = 14
[INFO ][2015-12-11 15:44:04,787][com.java.TestType] [  533] - row values are--------{1=com.java.Objects.TestDataDetails@6a67ab, 2=com.java.Objects.TestDataDetails@185555c, 3=com.java.Objects.TestDataDetails@1e9e2ac, 4=com.java.Objects.TestDataDetails@363f95, 5=com.java.Objects.TestDataDetails@3a9d7f, 6=com.java.Objects.TestDataDetails@314fd4, 7=com.java.Objects.TestDataDetails@79cc94, 8=com.java.Objects.TestDataDetails@1157426, 9=com.java.Objects.TestDataDetails@1c2c35, 10=com.java.Objects.TestDataDetails@16e68a0, 11=com.java.Objects.TestDataDetails@1bf3708, 12=com.java.Objects.TestDataDetails@1c7d517, 13=com.java.Objects.TestDataDetails@16215d4, 14=com.java.Objects.TestDataDetails@16fcad2}
[INFO ][2015-12-11 15:44:04,787][com.java.TestType] [  481] -  str(1) = 1
[INFO ][2015-12-11 15:44:04,787][com.java.TestType] [  484] - Test case Id is---1
[INFO ][2015-12-11 15:44:04,787][com.java.TestType] [  486] - 1
[INFO ][2015-12-11 15:44:04,787][com.java.TestType] [  481] -  str(2) = 15
[INFO ][2015-12-11 15:44:04,788][com.java.TestType] [  533] - row values are--------{1=com.java.Objects.TestDataDetails@6a67ab, 2=com.java.Objects.TestDataDetails@185555c, 3=com.java.Objects.TestDataDetails@1e9e2ac, 4=com.java.Objects.TestDataDetails@363f95, 5=com.java.Objects.TestDataDetails@3a9d7f, 6=com.java.Objects.TestDataDetails@314fd4, 7=com.java.Objects.TestDataDetails@79cc94, 8=com.java.Objects.TestDataDetails@1157426, 9=com.java.Objects.TestDataDetails@1c2c35, 10=com.java.Objects.TestDataDetails@16e68a0, 11=com.java.Objects.TestDataDetails@1bf3708, 12=com.java.Objects.TestDataDetails@1c7d517, 13=com.java.Objects.TestDataDetails@16215d4, 14=com.java.Objects.TestDataDetails@16fcad2, 15=com.java.Objects.TestDataDetails@f61e2}
[INFO ][2015-12-11 15:44:04,788][com.java.TestType] [  481] -  str(1) = 1
[INFO ][2015-12-11 15:44:04,788][com.java.TestType] [  484] - Test case Id is---1
[INFO ][2015-12-11 15:44:04,788][com.java.TestType] [  486] - 1
[INFO ][2015-12-11 15:44:04,788][com.java.TestType] [  481] -  str(2) = 16
[INFO ][2015-12-11 15:44:04,789][com.java.TestType] [  533] - row values are--------{1=com.java.Objects.TestDataDetails@6a67ab, 2=com.java.Objects.TestDataDetails@185555c, 3=com.java.Objects.TestDataDetails@1e9e2ac, 4=com.java.Objects.TestDataDetails@363f95, 5=com.java.Objects.TestDataDetails@3a9d7f, 6=com.java.Objects.TestDataDetails@314fd4, 7=com.java.Objects.TestDataDetails@79cc94, 8=com.java.Objects.TestDataDetails@1157426, 9=com.java.Objects.TestDataDetails@1c2c35, 10=com.java.Objects.TestDataDetails@16e68a0, 11=com.java.Objects.TestDataDetails@1bf3708, 12=com.java.Objects.TestDataDetails@1c7d517, 13=com.java.Objects.TestDataDetails@16215d4, 14=com.java.Objects.TestDataDetails@16fcad2, 15=com.java.Objects.TestDataDetails@f61e2, 16=com.java.Objects.TestDataDetails@238a4d}
[INFO ][2015-12-11 15:44:04,789][com.java.TestType] [10075] - Looping 1TCID = 1
[DEBUG][2015-12-11 15:44:04,789][com.java.TestType] [10116] - Concept ID:1 :: Step being Executed: 1::1
[INFO ][2015-12-11 15:44:04,789][com.java.TestType] [10154] - dataFields : TXTusername
[DEBUG][2015-12-11 15:44:04,790][com.java.TestType] [10160] - <In Set values of the page>
[DEBUG][2015-12-11 15:44:04,790][com.java.TestType] [10165] - {Data Fields & Data Values Exist}
[INFO ][2015-12-11 15:44:04,790][com.java.TestType] [10171] - --------------------------setting values-----------------------------
[INFO ][2015-12-11 15:44:04,790][com.java.TestType] [10174] - Action Type : CLEARANDENTER
[INFO ][2015-12-11 15:44:04,790][com.java.TestType] [ 5500] - value = valuelabs.ie10.15019
[INFO ][2015-12-11 15:44:09,569][com.java.TestType] [10193] -  RESULT true
[INFO ][2015-12-11 15:44:09,569][com.java.TestType] [10310] - ?   P A S S   ?
[DEBUG][2015-12-11 15:44:09,569][com.java.TestType] [10116] - Concept ID:1 :: Step being Executed: 1::2
[INFO ][2015-12-11 15:44:09,569][com.java.TestType] [10154] - dataFields : TXTpassword
[DEBUG][2015-12-11 15:44:09,569][com.java.TestType] [10160] - <In Set values of the page>
[DEBUG][2015-12-11 15:44:09,569][com.java.TestType] [10165] - {Data Fields & Data Values Exist}
[INFO ][2015-12-11 15:44:09,569][com.java.TestType] [10171] - --------------------------setting values-----------------------------
[INFO ][2015-12-11 15:44:09,570][com.java.TestType] [10174] - Action Type : CLEARANDENTER
[INFO ][2015-12-11 15:44:09,570][com.java.TestType] [ 5500] - value = Password1*
[INFO ][2015-12-11 15:44:14,433][com.java.TestType] [10193] -  RESULT true
[INFO ][2015-12-11 15:44:14,433][com.java.TestType] [10310] - ?   P A S S   ?
[DEBUG][2015-12-11 15:44:14,433][com.java.TestType] [10116] - Concept ID:1 :: Step being Executed: 1::3
[ERROR][2015-12-11 15:44:14,433][com.java.TestType] [10149] - Exception: null
[INFO ][2015-12-11 15:44:14,433][com.java.TestType] [10154] - dataFields : XPH//button[@type='submit']
[DEBUG][2015-12-11 15:44:14,433][com.java.TestType] [10160] - <In Set values of the page>
[DEBUG][2015-12-11 15:44:14,433][com.java.TestType] [10165] - {Data Fields & Data Values Exist}
[INFO ][2015-12-11 15:44:14,433][com.java.TestType] [10171] - --------------------------setting values-----------------------------
[INFO ][2015-12-11 15:44:14,434][com.java.TestType] [10174] - Action Type : Click
[INFO ][2015-12-11 15:44:14,434][com.java.TestType] [ 5850] - Field ::XPH//button[@type='submit']
[INFO ][2015-12-11 15:44:14,434][com.java.TestType] [ 5500] - value = 
[INFO ][2015-12-11 15:44:15,434][com.java.TestType] [ 5957] - BEFORE CLICK
[INFO ][2015-12-11 15:44:16,283][com.java.TestType] [ 5965] - Unable to click the object Login
[INFO ][2015-12-11 15:44:16,283][com.java.TestType] [10193] -  RESULT true
[INFO ][2015-12-11 15:44:16,283][com.java.TestType] [10310] - ?   P A S S   ?
[DEBUG][2015-12-11 15:44:16,283][com.java.TestType] [10116] - Concept ID:1 :: Step being Executed: 1::4
[INFO ][2015-12-11 15:44:16,283][com.java.TestType] [10154] - dataFields : LNKLogout
[DEBUG][2015-12-11 15:44:16,283][com.java.TestType] [10160] - <In Set values of the page>
[DEBUG][2015-12-11 15:44:16,283][com.java.TestType] [10165] - {Data Fields & Data Values Exist}
[INFO ][2015-12-11 15:44:16,283][com.java.TestType] [10171] - --------------------------setting values-----------------------------
[INFO ][2015-12-11 15:44:16,283][com.java.TestType] [10174] - Action Type : WaitForElement
[INFO ][2015-12-11 15:44:19,681][com.java.TestType] [10193] -  RESULT true
[INFO ][2015-12-11 15:44:19,681][com.java.TestType] [10310] - ?   P A S S   ?
[DEBUG][2015-12-11 15:44:19,681][com.java.TestType] [10116] - Concept ID:1 :: Step being Executed: 1::15
[INFO ][2015-12-11 15:44:19,681][com.java.TestType] [10154] - dataFields : LNK
[DEBUG][2015-12-11 15:44:19,681][com.java.TestType] [10160] - <In Set values of the page>
[DEBUG][2015-12-11 15:44:19,681][com.java.TestType] [10165] - {Data Fields & Data Values Exist}
[INFO ][2015-12-11 15:44:19,681][com.java.TestType] [10171] - --------------------------setting values-----------------------------
[INFO ][2015-12-11 15:44:19,682][com.java.TestType] [10174] - Action Type : Verify
[INFO ][2015-12-11 15:44:19,682][com.java.TestType] [ 6763] - field= LNK value= Logout
[INFO ][2015-12-11 15:44:19,682][com.java.TestType] [ 5500] - value = Logout
[INFO ][2015-12-11 15:44:19,718][com.java.TestType] [10193] -  RESULT true
[INFO ][2015-12-11 15:44:19,718][com.java.TestType] [10310] - ?   P A S S   ?
[DEBUG][2015-12-11 15:44:19,718][com.java.TestType] [10116] - Concept ID:1 :: Step being Executed: 1::16
[INFO ][2015-12-11 15:44:19,718][com.java.TestType] [10154] - dataFields : BTN
[DEBUG][2015-12-11 15:44:19,718][com.java.TestType] [10160] - <In Set values of the page>
[DEBUG][2015-12-11 15:44:19,719][com.java.TestType] [10165] - {Data Fields & Data Values Exist}
[INFO ][2015-12-11 15:44:19,719][com.java.TestType] [10171] - --------------------------setting values-----------------------------
[INFO ][2015-12-11 15:44:19,719][com.java.TestType] [10174] - Action Type : Verify
[INFO ][2015-12-11 15:44:19,719][com.java.TestType] [ 6763] - field= BTN value= //img[contains(@src,'bdlogo.jpg')]
[INFO ][2015-12-11 15:44:19,719][com.java.TestType] [ 5500] - value = //img[contains(@src,'bdlogo.jpg')]
[INFO ][2015-12-11 15:44:19,794][com.java.TestType] [10193] -  RESULT true
[INFO ][2015-12-11 15:44:19,794][com.java.TestType] [10310] - ?   P A S S   ?
[INFO ][2015-12-11 15:44:19,794][com.java.TestType] [10381] - Looping End......
[INFO ][2015-12-11 15:44:19,798][com.java.SeleniumDriver] [  894] -  RESULT true
[INFO ][2015-12-11 15:44:19,798][com.java.SeleniumDriver] [ 1100] - ?   P A S S   ?
[INFO ][2015-12-11 15:44:19,798][com.java.SeleniumDriver] [  821] - ------------------------------------------
[INFO ][2015-12-11 15:44:19,798][com.java.SeleniumDriver] [  822] - Test case being Executed: 1
[INFO ][2015-12-11 15:44:19,798][com.java.SeleniumDriver] [  833] - Test step:2
[INFO ][2015-12-11 15:44:19,798][com.java.SeleniumDriver] [  845] - Datavalue is----------Concept#2:1-2
[INFO ][2015-12-11 15:44:19,798][com.java.SeleniumDriver] [  869] - DataField : test
[INFO ][2015-12-11 15:44:19,798][com.java.SeleniumDriver] [  871] - DataValue : Concept#2:1-2
[INFO ][2015-12-11 15:44:19,798][com.java.SeleniumDriver] [  877] - <In Set values of the page>
[INFO ][2015-12-11 15:44:19,798][com.java.SeleniumDriver] [  880] - {Data Fields & Data Values Exist}
[INFO ][2015-12-11 15:44:19,798][com.java.SeleniumDriver] [  882] - --------------------------setting values-----------------------------
[INFO ][2015-12-11 15:44:19,798][com.java.SeleniumDriver] [  885] - Action Type : ExecuteTestCase
[INFO ][2015-12-11 15:44:19,799][com.java.TestType] [  436] - The Concept sheet name is ---------- Concept
[INFO ][2015-12-11 15:44:19,799][com.java.TestType] [  439] - The Concept ID  is ---------- 2
[DEBUG][2015-12-11 15:44:19,799][com.java.TestType] [  443] - Steps being executted in the Concept are: 1:2
[INFO ][2015-12-11 15:44:19,799][com.java.TestType] [  450] - Test data details path ---------- D:\BankersDashboard\TestInputs\TestData.xls
[INFO ][2015-12-11 15:44:19,829][com.java.TestType] [  481] -  str(1) = 2
[INFO ][2015-12-11 15:44:19,829][com.java.TestType] [  484] - Test case Id is---2
[INFO ][2015-12-11 15:44:19,829][com.java.TestType] [  486] - 2
[INFO ][2015-12-11 15:44:19,829][com.java.TestType] [  481] -  str(2) = 1
[INFO ][2015-12-11 15:44:19,831][com.java.TestType] [  533] - row values are--------{1=com.java.Objects.TestDataDetails@162c756}
[INFO ][2015-12-11 15:44:19,831][com.java.TestType] [  481] -  str(1) = 2
[INFO ][2015-12-11 15:44:19,831][com.java.TestType] [  484] - Test case Id is---2
[INFO ][2015-12-11 15:44:19,831][com.java.TestType] [  486] - 2
[INFO ][2015-12-11 15:44:19,831][com.java.TestType] [  481] -  str(2) = 2
[INFO ][2015-12-11 15:44:19,832][com.java.TestType] [  533] - row values are--------{1=com.java.Objects.TestDataDetails@162c756, 2=com.java.Objects.TestDataDetails@1f32e51}
[INFO ][2015-12-11 15:44:19,832][com.java.TestType] [  481] -  str(1) = 2
[INFO ][2015-12-11 15:44:19,832][com.java.TestType] [  484] - Test case Id is---2
[INFO ][2015-12-11 15:44:19,832][com.java.TestType] [  486] - 2
[INFO ][2015-12-11 15:44:19,832][com.java.TestType] [  481] -  str(2) = 3
[INFO ][2015-12-11 15:44:19,833][com.java.TestType] [  533] - row values are--------{1=com.java.Objects.TestDataDetails@162c756, 2=com.java.Objects.TestDataDetails@1f32e51, 3=com.java.Objects.TestDataDetails@430830}
[INFO ][2015-12-11 15:44:19,833][com.java.TestType] [10075] - Looping 1TCID = 2
[DEBUG][2015-12-11 15:44:19,833][com.java.TestType] [10116] - Concept ID:2 :: Step being Executed: 2::1
[INFO ][2015-12-11 15:44:19,833][com.java.TestType] [10154] - dataFields : BNK//select[@id='bank']
[DEBUG][2015-12-11 15:44:19,833][com.java.TestType] [10160] - <In Set values of the page>
[DEBUG][2015-12-11 15:44:19,833][com.java.TestType] [10165] - {Data Fields & Data Values Exist}
[INFO ][2015-12-11 15:44:19,834][com.java.TestType] [10171] - --------------------------setting values-----------------------------
[INFO ][2015-12-11 15:44:19,834][com.java.TestType] [10174] - Action Type : Select
[INFO ][2015-12-11 15:44:19,834][com.java.TestType] [ 5500] - value = PFC
[INFO ][2015-12-11 15:44:19,980][com.java.TestType] [10193] -  RESULT true
[INFO ][2015-12-11 15:44:19,980][com.java.TestType] [10310] - ?   P A S S   ?
[DEBUG][2015-12-11 15:44:19,980][com.java.TestType] [10116] - Concept ID:2 :: Step being Executed: 2::2
[INFO ][2015-12-11 15:44:19,981][com.java.TestType] [10154] - dataFields : LNKLogout
[DEBUG][2015-12-11 15:44:19,981][com.java.TestType] [10160] - <In Set values of the page>
[DEBUG][2015-12-11 15:44:19,981][com.java.TestType] [10165] - {Data Fields & Data Values Exist}
[INFO ][2015-12-11 15:44:19,981][com.java.TestType] [10171] - --------------------------setting values-----------------------------
[INFO ][2015-12-11 15:44:19,981][com.java.TestType] [10174] - Action Type : WaitTime
[DEBUG][2015-12-11 15:44:19,981][com.java.TestType] [ 5320] - sleepTime: 5000
[INFO ][2015-12-11 15:44:24,982][com.java.TestType] [10193] -  RESULT true
[INFO ][2015-12-11 15:44:24,982][com.java.TestType] [10310] - ?   P A S S   ?
[INFO ][2015-12-11 15:44:24,982][com.java.TestType] [10381] - Looping End......
[INFO ][2015-12-11 15:44:24,986][com.java.SeleniumDriver] [  894] -  RESULT true
[INFO ][2015-12-11 15:44:24,986][com.java.SeleniumDriver] [ 1100] - ?   P A S S   ?
[INFO ][2015-12-11 15:44:24,987][com.java.SeleniumDriver] [  821] - ------------------------------------------
[INFO ][2015-12-11 15:44:24,987][com.java.SeleniumDriver] [  822] - Test case being Executed: 1
[INFO ][2015-12-11 15:44:24,987][com.java.SeleniumDriver] [  833] - Test step:3
[INFO ][2015-12-11 15:44:24,987][com.java.SeleniumDriver] [  845] - Datavalue is----------2
[INFO ][2015-12-11 15:44:24,987][com.java.SeleniumDriver] [  869] - DataField : XPH//button[contains(text(),'Add Content')]
[INFO ][2015-12-11 15:44:24,987][com.java.SeleniumDriver] [  871] - DataValue : 2
[INFO ][2015-12-11 15:44:24,987][com.java.SeleniumDriver] [  877] - <In Set values of the page>
[INFO ][2015-12-11 15:44:24,987][com.java.SeleniumDriver] [  880] - {Data Fields & Data Values Exist}
[INFO ][2015-12-11 15:44:24,987][com.java.SeleniumDriver] [  882] - --------------------------setting values-----------------------------
[INFO ][2015-12-11 15:44:24,987][com.java.SeleniumDriver] [  885] - Action Type : WAITFORELEMENT
[INFO ][2015-12-11 15:44:25,021][com.java.SeleniumDriver] [  894] -  RESULT true
[INFO ][2015-12-11 15:44:25,021][com.java.SeleniumDriver] [ 1100] - ?   P A S S   ?
[DEBUG][2015-12-11 15:44:25,021][com.java.SeleniumDriver] [ 1212] - Case found
[DEBUG][2015-12-11 15:44:25,021][com.java.SeleniumDriver] [ 1217] - Incrementing ReportCounters[0]:1
[INFO ][2015-12-11 15:44:25,023][com.java.SeleniumDriver] [ 1236] - The results are-------------------[1, 1, Valid Login, Pass, , Fri Dec 11 15:44:19 IST 2015, 1, 2, Valid Login, Pass, , Fri Dec 11 15:44:24 IST 2015, 1, 3, Valid Login, Pass, , Fri Dec 11 15:44:25 IST 2015]
[INFO ][2015-12-11 15:44:25,023][com.java.SeleniumDriver] [ 1240] - End time is-------34 sec
[INFO ][2015-12-11 15:44:25,023][com.java.SeleniumDriver] [ 1241] - The results are-------------------[1, 1, Valid Login, Pass, , Fri Dec 11 15:44:19 IST 2015, 1, 2, Valid Login, Pass, , Fri Dec 11 15:44:24 IST 2015, 1, 3, Valid Login, Pass, , Fri Dec 11 15:44:25 IST 2015]
[DEBUG][2015-12-11 15:44:25,023][com.java.ImportnExport.ExportTestResultsExcel] [  222] - testResultPath = D:\BankersDashboard/TestReports/Test Results_BankersDashBoard_121115_154352_IE10_First Bank.xls
[DEBUG][2015-12-11 15:44:25,023][com.java.ImportnExport.ExportTestResultsExcel] [  223] - browser is------------IE10
[DEBUG][2015-12-11 15:44:25,067][com.java.ImportnExport.ExportTestResultsExcel] [  270] - result.size() = 18
[DEBUG][2015-12-11 15:44:25,067][com.java.ImportnExport.ExportTestResultsExcel] [  274] - No of rows in sheet=1
[DEBUG][2015-12-11 15:44:25,068][com.java.ImportnExport.ExportTestResultsExcel] [  301] - ..in export..1
[DEBUG][2015-12-11 15:44:25,068][com.java.ImportnExport.ExportTestResultsExcel] [  301] - ..in export..Valid Login
[DEBUG][2015-12-11 15:44:25,068][com.java.ImportnExport.ExportTestResultsExcel] [  301] - ..in export..Pass
[DEBUG][2015-12-11 15:44:25,068][com.java.ImportnExport.ExportTestResultsExcel] [  301] - ..in export..
[DEBUG][2015-12-11 15:44:25,068][com.java.ImportnExport.ExportTestResultsExcel] [  301] - ..in export..Fri Dec 11 15:44:19 IST 2015
[INFO ][2015-12-11 15:44:25,071][com.java.SeleniumDriver] [ 1299] - out loop:0 size:2 TestCases:[1, 13] testcases:[1, 13]
[INFO ][2015-12-11 15:44:25,071][com.java.ImportnExport.ImportTestDataDetailsExcel] [   49] - test data details path===== D:\BankersDashboard\TestInputs\TestData.xls
[INFO ][2015-12-11 15:44:45,946][com.java.SeleniumDriver] [  821] - ------------------------------------------
[INFO ][2015-12-11 15:44:45,946][com.java.SeleniumDriver] [  822] - Test case being Executed: 13
[INFO ][2015-12-11 15:44:45,946][com.java.SeleniumDriver] [  833] - Test step:1
[INFO ][2015-12-11 15:44:45,946][com.java.SeleniumDriver] [  845] - Datavalue is----------Logout
[INFO ][2015-12-11 15:44:45,946][com.java.SeleniumDriver] [  869] - DataField : BTN
[INFO ][2015-12-11 15:44:45,946][com.java.SeleniumDriver] [  871] - DataValue : Logout
[INFO ][2015-12-11 15:44:45,946][com.java.SeleniumDriver] [  877] - <In Set values of the page>
[INFO ][2015-12-11 15:44:45,946][com.java.SeleniumDriver] [  880] - {Data Fields & Data Values Exist}
[INFO ][2015-12-11 15:44:45,946][com.java.SeleniumDriver] [  882] - --------------------------setting values-----------------------------
[INFO ][2015-12-11 15:44:45,946][com.java.SeleniumDriver] [  885] - Action Type : Verify
[INFO ][2015-12-11 15:44:45,946][com.java.TestType] [ 6763] - field= BTN value= Logout
[INFO ][2015-12-11 15:44:45,946][com.java.TestType] [ 5500] - value = Logout
[INFO ][2015-12-11 15:44:46,015][com.java.SeleniumDriver] [  894] -  RESULT true
[INFO ][2015-12-11 15:44:46,015][com.java.SeleniumDriver] [ 1100] - ?   P A S S   ?
[INFO ][2015-12-11 15:44:46,015][com.java.SeleniumDriver] [ 1142] - step change to 3
[INFO ][2015-12-11 15:44:46,015][com.java.SeleniumDriver] [  821] - ------------------------------------------
[INFO ][2015-12-11 15:44:46,015][com.java.SeleniumDriver] [  822] - Test case being Executed: 13
[INFO ][2015-12-11 15:44:46,015][com.java.SeleniumDriver] [  833] - Test step:3
[INFO ][2015-12-11 15:44:46,016][com.java.SeleniumDriver] [  845] - Datavalue is----------Concept#2:1-2
[INFO ][2015-12-11 15:44:46,016][com.java.SeleniumDriver] [  869] - DataField : test
[INFO ][2015-12-11 15:44:46,016][com.java.SeleniumDriver] [  871] - DataValue : Concept#2:1-2
[INFO ][2015-12-11 15:44:46,016][com.java.SeleniumDriver] [  877] - <In Set values of the page>
[INFO ][2015-12-11 15:44:46,016][com.java.SeleniumDriver] [  880] - {Data Fields & Data Values Exist}
[INFO ][2015-12-11 15:44:46,016][com.java.SeleniumDriver] [  882] - --------------------------setting values-----------------------------
[INFO ][2015-12-11 15:44:46,016][com.java.SeleniumDriver] [  885] - Action Type : ExecuteTestCase
[INFO ][2015-12-11 15:44:46,016][com.java.TestType] [  436] - The Concept sheet name is ---------- Concept
[INFO ][2015-12-11 15:44:46,016][com.java.TestType] [  439] - The Concept ID  is ---------- 2
[DEBUG][2015-12-11 15:44:46,016][com.java.TestType] [  443] - Steps being executted in the Concept are: 1:2
[INFO ][2015-12-11 15:44:46,016][com.java.TestType] [  450] - Test data details path ---------- D:\BankersDashboard\TestInputs\TestData.xls
[INFO ][2015-12-11 15:44:46,046][com.java.TestType] [  481] -  str(1) = 2
[INFO ][2015-12-11 15:44:46,046][com.java.TestType] [  484] - Test case Id is---2
[INFO ][2015-12-11 15:44:46,046][com.java.TestType] [  486] - 2
[INFO ][2015-12-11 15:44:46,046][com.java.TestType] [  481] -  str(2) = 1
[INFO ][2015-12-11 15:44:46,048][com.java.TestType] [  533] - row values are--------{1=com.java.Objects.TestDataDetails@11d4dc0}
[INFO ][2015-12-11 15:44:46,048][com.java.TestType] [  481] -  str(1) = 2
[INFO ][2015-12-11 15:44:46,048][com.java.TestType] [  484] - Test case Id is---2
[INFO ][2015-12-11 15:44:46,048][com.java.TestType] [  486] - 2
[INFO ][2015-12-11 15:44:46,048][com.java.TestType] [  481] -  str(2) = 2
[INFO ][2015-12-11 15:44:46,048][com.java.TestType] [  533] - row values are--------{1=com.java.Objects.TestDataDetails@11d4dc0, 2=com.java.Objects.TestDataDetails@93f60}
[INFO ][2015-12-11 15:44:46,049][com.java.TestType] [  481] -  str(1) = 2
[INFO ][2015-12-11 15:44:46,049][com.java.TestType] [  484] - Test case Id is---2
[INFO ][2015-12-11 15:44:46,049][com.java.TestType] [  486] - 2
[INFO ][2015-12-11 15:44:46,049][com.java.TestType] [  481] -  str(2) = 3
[INFO ][2015-12-11 15:44:46,049][com.java.TestType] [  533] - row values are--------{1=com.java.Objects.TestDataDetails@11d4dc0, 2=com.java.Objects.TestDataDetails@93f60, 3=com.java.Objects.TestDataDetails@1b9b677}
[INFO ][2015-12-11 15:44:46,049][com.java.TestType] [10075] - Looping 1TCID = 2
[DEBUG][2015-12-11 15:44:46,050][com.java.TestType] [10116] - Concept ID:2 :: Step being Executed: 2::1
[INFO ][2015-12-11 15:44:46,050][com.java.TestType] [10154] - dataFields : BNK//select[@id='bank']
[DEBUG][2015-12-11 15:44:46,050][com.java.TestType] [10160] - <In Set values of the page>
[DEBUG][2015-12-11 15:44:46,050][com.java.TestType] [10165] - {Data Fields & Data Values Exist}
[INFO ][2015-12-11 15:44:46,050][com.java.TestType] [10171] - --------------------------setting values-----------------------------
[INFO ][2015-12-11 15:44:46,050][com.java.TestType] [10174] - Action Type : Select
[INFO ][2015-12-11 15:44:46,050][com.java.TestType] [ 5500] - value = PFC
[INFO ][2015-12-11 15:44:46,184][com.java.TestType] [10193] -  RESULT true
[INFO ][2015-12-11 15:44:46,184][com.java.TestType] [10310] - ?   P A S S   ?
[DEBUG][2015-12-11 15:44:46,184][com.java.TestType] [10116] - Concept ID:2 :: Step being Executed: 2::2
[INFO ][2015-12-11 15:44:46,184][com.java.TestType] [10154] - dataFields : LNKLogout
[DEBUG][2015-12-11 15:44:46,184][com.java.TestType] [10160] - <In Set values of the page>
[DEBUG][2015-12-11 15:44:46,184][com.java.TestType] [10165] - {Data Fields & Data Values Exist}
[INFO ][2015-12-11 15:44:46,184][com.java.TestType] [10171] - --------------------------setting values-----------------------------
[INFO ][2015-12-11 15:44:46,184][com.java.TestType] [10174] - Action Type : WaitTime
[DEBUG][2015-12-11 15:44:46,184][com.java.TestType] [ 5320] - sleepTime: 5000
[INFO ][2015-12-11 15:44:51,185][com.java.TestType] [10193] -  RESULT true
[INFO ][2015-12-11 15:44:51,186][com.java.TestType] [10310] - ?   P A S S   ?
[INFO ][2015-12-11 15:44:51,186][com.java.TestType] [10381] - Looping End......
[INFO ][2015-12-11 15:44:51,190][com.java.SeleniumDriver] [  894] -  RESULT true
[INFO ][2015-12-11 15:44:51,190][com.java.SeleniumDriver] [ 1100] - ?   P A S S   ?
[INFO ][2015-12-11 15:44:51,190][com.java.SeleniumDriver] [  821] - ------------------------------------------
[INFO ][2015-12-11 15:44:51,190][com.java.SeleniumDriver] [  822] - Test case being Executed: 13
[INFO ][2015-12-11 15:44:51,190][com.java.SeleniumDriver] [  833] - Test step:4
[INFO ][2015-12-11 15:44:51,190][com.java.SeleniumDriver] [  845] - Datavalue is----------Concept#7:1-36
[INFO ][2015-12-11 15:44:51,190][com.java.SeleniumDriver] [  869] - DataField : test
[INFO ][2015-12-11 15:44:51,190][com.java.SeleniumDriver] [  871] - DataValue : Concept#7:1-36
[INFO ][2015-12-11 15:44:51,190][com.java.SeleniumDriver] [  877] - <In Set values of the page>
[INFO ][2015-12-11 15:44:51,190][com.java.SeleniumDriver] [  880] - {Data Fields & Data Values Exist}
[INFO ][2015-12-11 15:44:51,190][com.java.SeleniumDriver] [  882] - --------------------------setting values-----------------------------
[INFO ][2015-12-11 15:44:51,190][com.java.SeleniumDriver] [  885] - Action Type : ExecuteTestCase
[INFO ][2015-12-11 15:44:51,191][com.java.TestType] [  436] - The Concept sheet name is ---------- Concept
[INFO ][2015-12-11 15:44:51,191][com.java.TestType] [  439] - The Concept ID  is ---------- 7
[DEBUG][2015-12-11 15:44:51,191][com.java.TestType] [  443] - Steps being executted in the Concept are: 1:36
[INFO ][2015-12-11 15:44:51,191][com.java.TestType] [  450] - Test data details path ---------- D:\BankersDashboard\TestInputs\TestData.xls
[INFO ][2015-12-11 15:44:51,230][com.java.TestType] [  481] -  str(1) = 7
[INFO ][2015-12-11 15:44:51,230][com.java.TestType] [  484] - Test case Id is---7
[INFO ][2015-12-11 15:44:51,230][com.java.TestType] [  486] - 7
[INFO ][2015-12-11 15:44:51,231][com.java.TestType] [  481] -  str(2) = 1
[INFO ][2015-12-11 15:44:51,233][com.java.TestType] [  533] - row values are--------{1=com.java.Objects.TestDataDetails@628653}
[INFO ][2015-12-11 15:44:51,233][com.java.TestType] [  481] -  str(1) = 7
[INFO ][2015-12-11 15:44:51,233][com.java.TestType] [  484] - Test case Id is---7
[INFO ][2015-12-11 15:44:51,233][com.java.TestType] [  486] - 7
[INFO ][2015-12-11 15:44:51,233][com.java.TestType] [  481] -  str(2) = 2
[INFO ][2015-12-11 15:44:51,234][com.java.TestType] [  533] - row values are--------{1=com.java.Objects.TestDataDetails@628653, 2=com.java.Objects.TestDataDetails@19ba07}
[INFO ][2015-12-11 15:44:51,234][com.java.TestType] [  481] -  str(1) = 7
[INFO ][2015-12-11 15:44:51,234][com.java.TestType] [  484] - Test case Id is---7
[INFO ][2015-12-11 15:44:51,234][com.java.TestType] [  486] - 7
[INFO ][2015-12-11 15:44:51,234][com.java.TestType] [  481] -  str(2) = 3
[INFO ][2015-12-11 15:44:51,236][com.java.TestType] [  533] - row values are--------{1=com.java.Objects.TestDataDetails@628653, 2=com.java.Objects.TestDataDetails@19ba07, 3=com.java.Objects.TestDataDetails@12cdff2}
[INFO ][2015-12-11 15:44:51,236][com.java.TestType] [  481] -  str(1) = 7
[INFO ][2015-12-11 15:44:51,236][com.java.TestType] [  484] - Test case Id is---7
[INFO ][2015-12-11 15:44:51,236][com.java.TestType] [  486] - 7
[INFO ][2015-12-11 15:44:51,236][com.java.TestType] [  481] -  str(2) = 4
[INFO ][2015-12-11 15:44:51,237][com.java.TestType] [  533] - row values are--------{1=com.java.Objects.TestDataDetails@628653, 2=com.java.Objects.TestDataDetails@19ba07, 3=com.java.Objects.TestDataDetails@12cdff2, 4=com.java.Objects.TestDataDetails@e69757}
[INFO ][2015-12-11 15:44:51,237][com.java.TestType] [  481] -  str(1) = 7
[INFO ][2015-12-11 15:44:51,237][com.java.TestType] [  484] - Test case Id is---7
[INFO ][2015-12-11 15:44:51,237][com.java.TestType] [  486] - 7
[INFO ][2015-12-11 15:44:51,237][com.java.TestType] [  481] -  str(2) = 5
[INFO ][2015-12-11 15:44:51,238][com.java.TestType] [  533] - row values are--------{1=com.java.Objects.TestDataDetails@628653, 2=com.java.Objects.TestDataDetails@19ba07, 3=com.java.Objects.TestDataDetails@12cdff2, 4=com.java.Objects.TestDataDetails@e69757, 5=com.java.Objects.TestDataDetails@1463cd0}
[INFO ][2015-12-11 15:44:51,238][com.java.TestType] [  481] -  str(1) = 7
[INFO ][2015-12-11 15:44:51,238][com.java.TestType] [  484] - Test case Id is---7
[INFO ][2015-12-11 15:44:51,238][com.java.TestType] [  486] - 7
[INFO ][2015-12-11 15:44:51,239][com.java.TestType] [  481] -  str(2) = 6
[INFO ][2015-12-11 15:44:51,240][com.java.TestType] [  533] - row values are--------{1=com.java.Objects.TestDataDetails@628653, 2=com.java.Objects.TestDataDetails@19ba07, 3=com.java.Objects.TestDataDetails@12cdff2, 4=com.java.Objects.TestDataDetails@e69757, 5=com.java.Objects.TestDataDetails@1463cd0, 6=com.java.Objects.TestDataDetails@1e287e5}
[INFO ][2015-12-11 15:44:51,240][com.java.TestType] [  481] -  str(1) = 7
[INFO ][2015-12-11 15:44:51,240][com.java.TestType] [  484] - Test case Id is---7
[INFO ][2015-12-11 15:44:51,240][com.java.TestType] [  486] - 7
[INFO ][2015-12-11 15:44:51,240][com.java.TestType] [  481] -  str(2) = 7
[INFO ][2015-12-11 15:44:51,241][com.java.TestType] [  533] - row values are--------{1=com.java.Objects.TestDataDetails@628653, 2=com.java.Objects.TestDataDetails@19ba07, 3=com.java.Objects.TestDataDetails@12cdff2, 4=com.java.Objects.TestDataDetails@e69757, 5=com.java.Objects.TestDataDetails@1463cd0, 6=com.java.Objects.TestDataDetails@1e287e5, 7=com.java.Objects.TestDataDetails@1e10abe}
[INFO ][2015-12-11 15:44:51,241][com.java.TestType] [  481] -  str(1) = 7
[INFO ][2015-12-11 15:44:51,241][com.java.TestType] [  484] - Test case Id is---7
[INFO ][2015-12-11 15:44:51,241][com.java.TestType] [  486] - 7
[INFO ][2015-12-11 15:44:51,241][com.java.TestType] [  481] -  str(2) = 8
[INFO ][2015-12-11 15:44:51,242][com.java.TestType] [  533] - row values are--------{1=com.java.Objects.TestDataDetails@628653, 2=com.java.Objects.TestDataDetails@19ba07, 3=com.java.Objects.TestDataDetails@12cdff2, 4=com.java.Objects.TestDataDetails@e69757, 5=com.java.Objects.TestDataDetails@1463cd0, 6=com.java.Objects.TestDataDetails@1e287e5, 7=com.java.Objects.TestDataDetails@1e10abe, 8=com.java.Objects.TestDataDetails@38041f}
[INFO ][2015-12-11 15:44:51,242][com.java.TestType] [  481] -  str(1) = 7
[INFO ][2015-12-11 15:44:51,242][com.java.TestType] [  484] - Test case Id is---7
[INFO ][2015-12-11 15:44:51,242][com.java.TestType] [  486] - 7
[INFO ][2015-12-11 15:44:51,242][com.java.TestType] [  481] -  str(2) = 9
[INFO ][2015-12-11 15:44:51,243][com.java.TestType] [  533] - row values are--------{1=com.java.Objects.TestDataDetails@628653, 2=com.java.Objects.TestDataDetails@19ba07, 3=com.java.Objects.TestDataDetails@12cdff2, 4=com.java.Objects.TestDataDetails@e69757, 5=com.java.Objects.TestDataDetails@1463cd0, 6=com.java.Objects.TestDataDetails@1e287e5, 7=com.java.Objects.TestDataDetails@1e10abe, 8=com.java.Objects.TestDataDetails@38041f, 9=com.java.Objects.TestDataDetails@e07d1d}
[INFO ][2015-12-11 15:44:51,243][com.java.TestType] [  481] -  str(1) = 7
[INFO ][2015-12-11 15:44:51,243][com.java.TestType] [  484] - Test case Id is---7
[INFO ][2015-12-11 15:44:51,243][com.java.TestType] [  486] - 7
[INFO ][2015-12-11 15:44:51,243][com.java.TestType] [  481] -  str(2) = 10
[INFO ][2015-12-11 15:44:51,244][com.java.TestType] [  533] - row values are--------{1=com.java.Objects.TestDataDetails@628653, 2=com.java.Objects.TestDataDetails@19ba07, 3=com.java.Objects.TestDataDetails@12cdff2, 4=com.java.Objects.TestDataDetails@e69757, 5=com.java.Objects.TestDataDetails@1463cd0, 6=com.java.Objects.TestDataDetails@1e287e5, 7=com.java.Objects.TestDataDetails@1e10abe, 8=com.java.Objects.TestDataDetails@38041f, 9=com.java.Objects.TestDataDetails@e07d1d, 10=com.java.Objects.TestDataDetails@1d4838f}
[INFO ][2015-12-11 15:44:51,244][com.java.TestType] [  481] -  str(1) = 7
[INFO ][2015-12-11 15:44:51,244][com.java.TestType] [  484] - Test case Id is---7
[INFO ][2015-12-11 15:44:51,245][com.java.TestType] [  486] - 7
[INFO ][2015-12-11 15:44:51,245][com.java.TestType] [  481] -  str(2) = 11
[INFO ][2015-12-11 15:44:51,245][com.java.TestType] [  533] - row values are--------{1=com.java.Objects.TestDataDetails@628653, 2=com.java.Objects.TestDataDetails@19ba07, 3=com.java.Objects.TestDataDetails@12cdff2, 4=com.java.Objects.TestDataDetails@e69757, 5=com.java.Objects.TestDataDetails@1463cd0, 6=com.java.Objects.TestDataDetails@1e287e5, 7=com.java.Objects.TestDataDetails@1e10abe, 8=com.java.Objects.TestDataDetails@38041f, 9=com.java.Objects.TestDataDetails@e07d1d, 10=com.java.Objects.TestDataDetails@1d4838f, 11=com.java.Objects.TestDataDetails@c1d10c}
[INFO ][2015-12-11 15:44:51,245][com.java.TestType] [  481] -  str(1) = 7
[INFO ][2015-12-11 15:44:51,245][com.java.TestType] [  484] - Test case Id is---7
[INFO ][2015-12-11 15:44:51,245][com.java.TestType] [  486] - 7
[INFO ][2015-12-11 15:44:51,246][com.java.TestType] [  481] -  str(2) = 12
[INFO ][2015-12-11 15:44:51,246][com.java.TestType] [  533] - row values are--------{1=com.java.Objects.TestDataDetails@628653, 2=com.java.Objects.TestDataDetails@19ba07, 3=com.java.Objects.TestDataDetails@12cdff2, 4=com.java.Objects.TestDataDetails@e69757, 5=com.java.Objects.TestDataDetails@1463cd0, 6=com.java.Objects.TestDataDetails@1e287e5, 7=com.java.Objects.TestDataDetails@1e10abe, 8=com.java.Objects.TestDataDetails@38041f, 9=com.java.Objects.TestDataDetails@e07d1d, 10=com.java.Objects.TestDataDetails@1d4838f, 11=com.java.Objects.TestDataDetails@c1d10c, 12=com.java.Objects.TestDataDetails@95149e}
[INFO ][2015-12-11 15:44:51,246][com.java.TestType] [  481] -  str(1) = 7
[INFO ][2015-12-11 15:44:51,246][com.java.TestType] [  484] - Test case Id is---7
[INFO ][2015-12-11 15:44:51,246][com.java.TestType] [  486] - 7
[INFO ][2015-12-11 15:44:51,246][com.java.TestType] [  481] -  str(2) = 13
[INFO ][2015-12-11 15:44:51,247][com.java.TestType] [  533] - row values are--------{1=com.java.Objects.TestDataDetails@628653, 2=com.java.Objects.TestDataDetails@19ba07, 3=com.java.Objects.TestDataDetails@12cdff2, 4=com.java.Objects.TestDataDetails@e69757, 5=com.java.Objects.TestDataDetails@1463cd0, 6=com.java.Objects.TestDataDetails@1e287e5, 7=com.java.Objects.TestDataDetails@1e10abe, 8=com.java.Objects.TestDataDetails@38041f, 9=com.java.Objects.TestDataDetails@e07d1d, 10=com.java.Objects.TestDataDetails@1d4838f, 11=com.java.Objects.TestDataDetails@c1d10c, 12=com.java.Objects.TestDataDetails@95149e, 13=com.java.Objects.TestDataDetails@1ae303a}
[INFO ][2015-12-11 15:44:51,247][com.java.TestType] [  481] -  str(1) = 7
[INFO ][2015-12-11 15:44:51,247][com.java.TestType] [  484] - Test case Id is---7
[INFO ][2015-12-11 15:44:51,247][com.java.TestType] [  486] - 7
[INFO ][2015-12-11 15:44:51,247][com.java.TestType] [  481] -  str(2) = 14
[INFO ][2015-12-11 15:44:51,248][com.java.TestType] [  533] - row values are--------{1=com.java.Objects.TestDataDetails@628653, 2=com.java.Objects.TestDataDetails@19ba07, 3=com.java.Objects.TestDataDetails@12cdff2, 4=com.java.Objects.TestDataDetails@e69757, 5=com.java.Objects.TestDataDetails@1463cd0, 6=com.java.Objects.TestDataDetails@1e287e5, 7=com.java.Objects.TestDataDetails@1e10abe, 8=com.java.Objects.TestDataDetails@38041f, 9=com.java.Objects.TestDataDetails@e07d1d, 10=com.java.Objects.TestDataDetails@1d4838f, 11=com.java.Objects.TestDataDetails@c1d10c, 12=com.java.Objects.TestDataDetails@95149e, 13=com.java.Objects.TestDataDetails@1ae303a, 14=com.java.Objects.TestDataDetails@136b93d}
[INFO ][2015-12-11 15:44:51,248][com.java.TestType] [  481] -  str(1) = 7
[INFO ][2015-12-11 15:44:51,248][com.java.TestType] [  484] - Test case Id is---7
[INFO ][2015-12-11 15:44:51,248][com.java.TestType] [  486] - 7
[INFO ][2015-12-11 15:44:51,248][com.java.TestType] [  481] -  str(2) = 15
[INFO ][2015-12-11 15:44:51,249][com.java.TestType] [  533] - row values are--------{1=com.java.Objects.TestDataDetails@628653, 2=com.java.Objects.TestDataDetails@19ba07, 3=com.java.Objects.TestDataDetails@12cdff2, 4=com.java.Objects.TestDataDetails@e69757, 5=com.java.Objects.TestDataDetails@1463cd0, 6=com.java.Objects.TestDataDetails@1e287e5, 7=com.java.Objects.TestDataDetails@1e10abe, 8=com.java.Objects.TestDataDetails@38041f, 9=com.java.Objects.TestDataDetails@e07d1d, 10=com.java.Objects.TestDataDetails@1d4838f, 11=com.java.Objects.TestDataDetails@c1d10c, 12=com.java.Objects.TestDataDetails@95149e, 13=com.java.Objects.TestDataDetails@1ae303a, 14=com.java.Objects.TestDataDetails@136b93d, 15=com.java.Objects.TestDataDetails@160dbd}
[INFO ][2015-12-11 15:44:51,249][com.java.TestType] [  481] -  str(1) = 7
[INFO ][2015-12-11 15:44:51,249][com.java.TestType] [  484] - Test case Id is---7
[INFO ][2015-12-11 15:44:51,249][com.java.TestType] [  486] - 7
[INFO ][2015-12-11 15:44:51,249][com.java.TestType] [  481] -  str(2) = 16
[INFO ][2015-12-11 15:44:51,250][com.java.TestType] [  533] - row values are--------{1=com.java.Objects.TestDataDetails@628653, 2=com.java.Objects.TestDataDetails@19ba07, 3=com.java.Objects.TestDataDetails@12cdff2, 4=com.java.Objects.TestDataDetails@e69757, 5=com.java.Objects.TestDataDetails@1463cd0, 6=com.java.Objects.TestDataDetails@1e287e5, 7=com.java.Objects.TestDataDetails@1e10abe, 8=com.java.Objects.TestDataDetails@38041f, 9=com.java.Objects.TestDataDetails@e07d1d, 10=com.java.Objects.TestDataDetails@1d4838f, 11=com.java.Objects.TestDataDetails@c1d10c, 12=com.java.Objects.TestDataDetails@95149e, 13=com.java.Objects.TestDataDetails@1ae303a, 14=com.java.Objects.TestDataDetails@136b93d, 15=com.java.Objects.TestDataDetails@160dbd, 16=com.java.Objects.TestDataDetails@b4417d}
[INFO ][2015-12-11 15:44:51,250][com.java.TestType] [  481] -  str(1) = 7
[INFO ][2015-12-11 15:44:51,250][com.java.TestType] [  484] - Test case Id is---7
[INFO ][2015-12-11 15:44:51,250][com.java.TestType] [  486] - 7
[INFO ][2015-12-11 15:44:51,250][com.java.TestType] [  481] -  str(2) = 17
[INFO ][2015-12-11 15:44:51,251][com.java.TestType] [  533] - row values are--------{1=com.java.Objects.TestDataDetails@628653, 2=com.java.Objects.TestDataDetails@19ba07, 3=com.java.Objects.TestDataDetails@12cdff2, 4=com.java.Objects.TestDataDetails@e69757, 5=com.java.Objects.TestDataDetails@1463cd0, 6=com.java.Objects.TestDataDetails@1e287e5, 7=com.java.Objects.TestDataDetails@1e10abe, 8=com.java.Objects.TestDataDetails@38041f, 9=com.java.Objects.TestDataDetails@e07d1d, 10=com.java.Objects.TestDataDetails@1d4838f, 11=com.java.Objects.TestDataDetails@c1d10c, 12=com.java.Objects.TestDataDetails@95149e, 13=com.java.Objects.TestDataDetails@1ae303a, 14=com.java.Objects.TestDataDetails@136b93d, 15=com.java.Objects.TestDataDetails@160dbd, 17=com.java.Objects.TestDataDetails@7e413c, 16=com.java.Objects.TestDataDetails@b4417d}
[INFO ][2015-12-11 15:44:51,251][com.java.TestType] [  481] -  str(1) = 7
[INFO ][2015-12-11 15:44:51,251][com.java.TestType] [  484] - Test case Id is---7
[INFO ][2015-12-11 15:44:51,251][com.java.TestType] [  486] - 7
[INFO ][2015-12-11 15:44:51,251][com.java.TestType] [  481] -  str(2) = 18
[INFO ][2015-12-11 15:44:51,253][com.java.TestType] [  533] - row values are--------{1=com.java.Objects.TestDataDetails@628653, 2=com.java.Objects.TestDataDetails@19ba07, 3=com.java.Objects.TestDataDetails@12cdff2, 4=com.java.Objects.TestDataDetails@e69757, 5=com.java.Objects.TestDataDetails@1463cd0, 6=com.java.Objects.TestDataDetails@1e287e5, 7=com.java.Objects.TestDataDetails@1e10abe, 8=com.java.Objects.TestDataDetails@38041f, 9=com.java.Objects.TestDataDetails@e07d1d, 10=com.java.Objects.TestDataDetails@1d4838f, 11=com.java.Objects.TestDataDetails@c1d10c, 12=com.java.Objects.TestDataDetails@95149e, 13=com.java.Objects.TestDataDetails@1ae303a, 14=com.java.Objects.TestDataDetails@136b93d, 15=com.java.Objects.TestDataDetails@160dbd, 17=com.java.Objects.TestDataDetails@7e413c, 16=com.java.Objects.TestDataDetails@b4417d, 18=com.java.Objects.TestDataDetails@7562d9}
[INFO ][2015-12-11 15:44:51,253][com.java.TestType] [  481] -  str(1) = 7
[INFO ][2015-12-11 15:44:51,253][com.java.TestType] [  484] - Test case Id is---7
[INFO ][2015-12-11 15:44:51,253][com.java.TestType] [  486] - 7
[INFO ][2015-12-11 15:44:51,253][com.java.TestType] [  481] -  str(2) = 19
[INFO ][2015-12-11 15:44:51,253][com.java.TestType] [  533] - row values are--------{1=com.java.Objects.TestDataDetails@628653, 2=com.java.Objects.TestDataDetails@19ba07, 3=com.java.Objects.TestDataDetails@12cdff2, 4=com.java.Objects.TestDataDetails@e69757, 5=com.java.Objects.TestDataDetails@1463cd0, 6=com.java.Objects.TestDataDetails@1e287e5, 7=com.java.Objects.TestDataDetails@1e10abe, 8=com.java.Objects.TestDataDetails@38041f, 9=com.java.Objects.TestDataDetails@e07d1d, 10=com.java.Objects.TestDataDetails@1d4838f, 11=com.java.Objects.TestDataDetails@c1d10c, 12=com.java.Objects.TestDataDetails@95149e, 13=com.java.Objects.TestDataDetails@1ae303a, 14=com.java.Objects.TestDataDetails@136b93d, 15=com.java.Objects.TestDataDetails@160dbd, 17=com.java.Objects.TestDataDetails@7e413c, 16=com.java.Objects.TestDataDetails@b4417d, 19=com.java.Objects.TestDataDetails@e49bbd, 18=com.java.Objects.TestDataDetails@7562d9}
[INFO ][2015-12-11 15:44:51,254][com.java.TestType] [  481] -  str(1) = 7
[INFO ][2015-12-11 15:44:51,254][com.java.TestType] [  484] - Test case Id is---7
[INFO ][2015-12-11 15:44:51,254][com.java.TestType] [  486] - 7
[INFO ][2015-12-11 15:44:51,254][com.java.TestType] [  481] -  str(2) = 20
[INFO ][2015-12-11 15:44:51,254][com.java.TestType] [  533] - row values are--------{1=com.java.Objects.TestDataDetails@628653, 2=com.java.Objects.TestDataDetails@19ba07, 3=com.java.Objects.TestDataDetails@12cdff2, 4=com.java.Objects.TestDataDetails@e69757, 5=com.java.Objects.TestDataDetails@1463cd0, 6=com.java.Objects.TestDataDetails@1e287e5, 7=com.java.Objects.TestDataDetails@1e10abe, 8=com.java.Objects.TestDataDetails@38041f, 9=com.java.Objects.TestDataDetails@e07d1d, 10=com.java.Objects.TestDataDetails@1d4838f, 11=com.java.Objects.TestDataDetails@c1d10c, 12=com.java.Objects.TestDataDetails@95149e, 13=com.java.Objects.TestDataDetails@1ae303a, 14=com.java.Objects.TestDataDetails@136b93d, 15=com.java.Objects.TestDataDetails@160dbd, 17=com.java.Objects.TestDataDetails@7e413c, 16=com.java.Objects.TestDataDetails@b4417d, 19=com.java.Objects.TestDataDetails@e49bbd, 18=com.java.Objects.TestDataDetails@7562d9, 20=com.java.Objects.TestDataDetails@18a1068}
[INFO ][2015-12-11 15:44:51,254][com.java.TestType] [  481] -  str(1) = 7
[INFO ][2015-12-11 15:44:51,255][com.java.TestType] [  484] - Test case Id is---7
[INFO ][2015-12-11 15:44:51,255][com.java.TestType] [  486] - 7
[INFO ][2015-12-11 15:44:51,255][com.java.TestType] [  481] -  str(2) = 21
[INFO ][2015-12-11 15:44:51,255][com.java.TestType] [  533] - row values are--------{1=com.java.Objects.TestDataDetails@628653, 2=com.java.Objects.TestDataDetails@19ba07, 3=com.java.Objects.TestDataDetails@12cdff2, 4=com.java.Objects.TestDataDetails@e69757, 5=com.java.Objects.TestDataDetails@1463cd0, 6=com.java.Objects.TestDataDetails@1e287e5, 7=com.java.Objects.TestDataDetails@1e10abe, 8=com.java.Objects.TestDataDetails@38041f, 9=com.java.Objects.TestDataDetails@e07d1d, 10=com.java.Objects.TestDataDetails@1d4838f, 11=com.java.Objects.TestDataDetails@c1d10c, 12=com.java.Objects.TestDataDetails@95149e, 13=com.java.Objects.TestDataDetails@1ae303a, 14=com.java.Objects.TestDataDetails@136b93d, 15=com.java.Objects.TestDataDetails@160dbd, 17=com.java.Objects.TestDataDetails@7e413c, 16=com.java.Objects.TestDataDetails@b4417d, 19=com.java.Objects.TestDataDetails@e49bbd, 18=com.java.Objects.TestDataDetails@7562d9, 21=com.java.Objects.TestDataDetails@1ebfc32, 20=com.java.Objects.TestDataDetails@18a1068}
[INFO ][2015-12-11 15:44:51,255][com.java.TestType] [  481] -  str(1) = 7
[INFO ][2015-12-11 15:44:51,255][com.java.TestType] [  484] - Test case Id is---7
[INFO ][2015-12-11 15:44:51,256][com.java.TestType] [  486] - 7
[INFO ][2015-12-11 15:44:51,256][com.java.TestType] [  481] -  str(2) = 22
[INFO ][2015-12-11 15:44:51,256][com.java.TestType] [  533] - row values are--------{1=com.java.Objects.TestDataDetails@628653, 2=com.java.Objects.TestDataDetails@19ba07, 3=com.java.Objects.TestDataDetails@12cdff2, 4=com.java.Objects.TestDataDetails@e69757, 5=com.java.Objects.TestDataDetails@1463cd0, 6=com.java.Objects.TestDataDetails@1e287e5, 7=com.java.Objects.TestDataDetails@1e10abe, 8=com.java.Objects.TestDataDetails@38041f, 9=com.java.Objects.TestDataDetails@e07d1d, 10=com.java.Objects.TestDataDetails@1d4838f, 11=com.java.Objects.TestDataDetails@c1d10c, 12=com.java.Objects.TestDataDetails@95149e, 13=com.java.Objects.TestDataDetails@1ae303a, 14=com.java.Objects.TestDataDetails@136b93d, 15=com.java.Objects.TestDataDetails@160dbd, 17=com.java.Objects.TestDataDetails@7e413c, 16=com.java.Objects.TestDataDetails@b4417d, 19=com.java.Objects.TestDataDetails@e49bbd, 18=com.java.Objects.TestDataDetails@7562d9, 21=com.java.Objects.TestDataDetails@1ebfc32, 20=com.java.Objects.TestDataDetails@18a1068, 22=com.java.Objects.TestDataDetails@fa544b}
[INFO ][2015-12-11 15:44:51,256][com.java.TestType] [  481] -  str(1) = 7
[INFO ][2015-12-11 15:44:51,257][com.java.TestType] [  484] - Test case Id is---7
[INFO ][2015-12-11 15:44:51,257][com.java.TestType] [  486] - 7
[INFO ][2015-12-11 15:44:51,257][com.java.TestType] [  481] -  str(2) = 23
[INFO ][2015-12-11 15:44:51,257][com.java.TestType] [  533] - row values are--------{1=com.java.Objects.TestDataDetails@628653, 2=com.java.Objects.TestDataDetails@19ba07, 3=com.java.Objects.TestDataDetails@12cdff2, 4=com.java.Objects.TestDataDetails@e69757, 5=com.java.Objects.TestDataDetails@1463cd0, 6=com.java.Objects.TestDataDetails@1e287e5, 7=com.java.Objects.TestDataDetails@1e10abe, 8=com.java.Objects.TestDataDetails@38041f, 9=com.java.Objects.TestDataDetails@e07d1d, 10=com.java.Objects.TestDataDetails@1d4838f, 11=com.java.Objects.TestDataDetails@c1d10c, 12=com.java.Objects.TestDataDetails@95149e, 13=com.java.Objects.TestDataDetails@1ae303a, 14=com.java.Objects.TestDataDetails@136b93d, 15=com.java.Objects.TestDataDetails@160dbd, 17=com.java.Objects.TestDataDetails@7e413c, 16=com.java.Objects.TestDataDetails@b4417d, 19=com.java.Objects.TestDataDetails@e49bbd, 18=com.java.Objects.TestDataDetails@7562d9, 21=com.java.Objects.TestDataDetails@1ebfc32, 20=com.java.Objects.TestDataDetails@18a1068, 23=com.java.Objects.TestDataDetails@c45a8d, 22=com.java.Objects.TestDataDetails@fa544b}
[INFO ][2015-12-11 15:44:51,258][com.java.TestType] [  481] -  str(1) = 7
[INFO ][2015-12-11 15:44:51,258][com.java.TestType] [  484] - Test case Id is---7
[INFO ][2015-12-11 15:44:51,258][com.java.TestType] [  486] - 7
[INFO ][2015-12-11 15:44:51,258][com.java.TestType] [  481] -  str(2) = 24
[INFO ][2015-12-11 15:44:51,258][com.java.TestType] [  533] - row values are--------{1=com.java.Objects.TestDataDetails@628653, 2=com.java.Objects.TestDataDetails@19ba07, 3=com.java.Objects.TestDataDetails@12cdff2, 4=com.java.Objects.TestDataDetails@e69757, 5=com.java.Objects.TestDataDetails@1463cd0, 6=com.java.Objects.TestDataDetails@1e287e5, 7=com.java.Objects.TestDataDetails@1e10abe, 8=com.java.Objects.TestDataDetails@38041f, 9=com.java.Objects.TestDataDetails@e07d1d, 10=com.java.Objects.TestDataDetails@1d4838f, 11=com.java.Objects.TestDataDetails@c1d10c, 12=com.java.Objects.TestDataDetails@95149e, 13=com.java.Objects.TestDataDetails@1ae303a, 14=com.java.Objects.TestDataDetails@136b93d, 15=com.java.Objects.TestDataDetails@160dbd, 17=com.java.Objects.TestDataDetails@7e413c, 16=com.java.Objects.TestDataDetails@b4417d, 19=com.java.Objects.TestDataDetails@e49bbd, 18=com.java.Objects.TestDataDetails@7562d9, 21=com.java.Objects.TestDataDetails@1ebfc32, 20=com.java.Objects.TestDataDetails@18a1068, 23=com.java.Objects.TestDataDetails@c45a8d, 22=com.java.Objects.TestDataDetails@fa544b, 24=com.java.Objects.TestDataDetails@15e975c}
[INFO ][2015-12-11 15:44:51,258][com.java.TestType] [  481] -  str(1) = 7
[INFO ][2015-12-11 15:44:51,259][com.java.TestType] [  484] - Test case Id is---7
[INFO ][2015-12-11 15:44:51,259][com.java.TestType] [  486] - 7
[INFO ][2015-12-11 15:44:51,259][com.java.TestType] [  481] -  str(2) = 25
[INFO ][2015-12-11 15:44:51,259][com.java.TestType] [  533] - row values are--------{1=com.java.Objects.TestDataDetails@628653, 2=com.java.Objects.TestDataDetails@19ba07, 3=com.java.Objects.TestDataDetails@12cdff2, 4=com.java.Objects.TestDataDetails@e69757, 5=com.java.Objects.TestDataDetails@1463cd0, 6=com.java.Objects.TestDataDetails@1e287e5, 7=com.java.Objects.TestDataDetails@1e10abe, 8=com.java.Objects.TestDataDetails@38041f, 9=com.java.Objects.TestDataDetails@e07d1d, 10=com.java.Objects.TestDataDetails@1d4838f, 11=com.java.Objects.TestDataDetails@c1d10c, 12=com.java.Objects.TestDataDetails@95149e, 13=com.java.Objects.TestDataDetails@1ae303a, 14=com.java.Objects.TestDataDetails@136b93d, 15=com.java.Objects.TestDataDetails@160dbd, 17=com.java.Objects.TestDataDetails@7e413c, 16=com.java.Objects.TestDataDetails@b4417d, 19=com.java.Objects.TestDataDetails@e49bbd, 18=com.java.Objects.TestDataDetails@7562d9, 21=com.java.Objects.TestDataDetails@1ebfc32, 20=com.java.Objects.TestDataDetails@18a1068, 23=com.java.Objects.TestDataDetails@c45a8d, 22=com.java.Objects.TestDataDetails@fa544b, 25=com.java.Objects.TestDataDetails@1f9298, 24=com.java.Objects.TestDataDetails@15e975c}
[INFO ][2015-12-11 15:44:51,260][com.java.TestType] [  481] -  str(1) = 7
[INFO ][2015-12-11 15:44:51,260][com.java.TestType] [  484] - Test case Id is---7
[INFO ][2015-12-11 15:44:51,260][com.java.TestType] [  486] - 7
[INFO ][2015-12-11 15:44:51,260][com.java.TestType] [  481] -  str(2) = 26
[INFO ][2015-12-11 15:44:51,261][com.java.TestType] [  533] - row values are--------{1=com.java.Objects.TestDataDetails@628653, 2=com.java.Objects.TestDataDetails@19ba07, 3=com.java.Objects.TestDataDetails@12cdff2, 4=com.java.Objects.TestDataDetails@e69757, 5=com.java.Objects.TestDataDetails@1463cd0, 6=com.java.Objects.TestDataDetails@1e287e5, 7=com.java.Objects.TestDataDetails@1e10abe, 8=com.java.Objects.TestDataDetails@38041f, 9=com.java.Objects.TestDataDetails@e07d1d, 10=com.java.Objects.TestDataDetails@1d4838f, 11=com.java.Objects.TestDataDetails@c1d10c, 12=com.java.Objects.TestDataDetails@95149e, 13=com.java.Objects.TestDataDetails@1ae303a, 14=com.java.Objects.TestDataDetails@136b93d, 15=com.java.Objects.TestDataDetails@160dbd, 17=com.java.Objects.TestDataDetails@7e413c, 16=com.java.Objects.TestDataDetails@b4417d, 19=com.java.Objects.TestDataDetails@e49bbd, 18=com.java.Objects.TestDataDetails@7562d9, 21=com.java.Objects.TestDataDetails@1ebfc32, 20=com.java.Objects.TestDataDetails@18a1068, 23=com.java.Objects.TestDataDetails@c45a8d, 22=com.java.Objects.TestDataDetails@fa544b, 25=com.java.Objects.TestDataDetails@1f9298, 24=com.java.Objects.TestDataDetails@15e975c, 26=com.java.Objects.TestDataDetails@1417b29}
[INFO ][2015-12-11 15:44:51,261][com.java.TestType] [  481] -  str(1) = 7
[INFO ][2015-12-11 15:44:51,261][com.java.TestType] [  484] - Test case Id is---7
[INFO ][2015-12-11 15:44:51,261][com.java.TestType] [  486] - 7
[INFO ][2015-12-11 15:44:51,261][com.java.TestType] [  481] -  str(2) = 27
[INFO ][2015-12-11 15:44:51,262][com.java.TestType] [  533] - row values are--------{1=com.java.Objects.TestDataDetails@628653, 2=com.java.Objects.TestDataDetails@19ba07, 3=com.java.Objects.TestDataDetails@12cdff2, 4=com.java.Objects.TestDataDetails@e69757, 5=com.java.Objects.TestDataDetails@1463cd0, 6=com.java.Objects.TestDataDetails@1e287e5, 7=com.java.Objects.TestDataDetails@1e10abe, 8=com.java.Objects.TestDataDetails@38041f, 9=com.java.Objects.TestDataDetails@e07d1d, 10=com.java.Objects.TestDataDetails@1d4838f, 11=com.java.Objects.TestDataDetails@c1d10c, 12=com.java.Objects.TestDataDetails@95149e, 13=com.java.Objects.TestDataDetails@1ae303a, 14=com.java.Objects.TestDataDetails@136b93d, 15=com.java.Objects.TestDataDetails@160dbd, 17=com.java.Objects.TestDataDetails@7e413c, 16=com.java.Objects.TestDataDetails@b4417d, 19=com.java.Objects.TestDataDetails@e49bbd, 18=com.java.Objects.TestDataDetails@7562d9, 21=com.java.Objects.TestDataDetails@1ebfc32, 20=com.java.Objects.TestDataDetails@18a1068, 23=com.java.Objects.TestDataDetails@c45a8d, 22=com.java.Objects.TestDataDetails@fa544b, 25=com.java.Objects.TestDataDetails@1f9298, 24=com.java.Objects.TestDataDetails@15e975c, 27=com.java.Objects.TestDataDetails@157fcd0, 26=com.java.Objects.TestDataDetails@1417b29}
[INFO ][2015-12-11 15:44:51,262][com.java.TestType] [  481] -  str(1) = 7
[INFO ][2015-12-11 15:44:51,262][com.java.TestType] [  484] - Test case Id is---7
[INFO ][2015-12-11 15:44:51,262][com.java.TestType] [  486] - 7
[INFO ][2015-12-11 15:44:51,262][com.java.TestType] [  481] -  str(2) = 28
[INFO ][2015-12-11 15:44:51,263][com.java.TestType] [  533] - row values are--------{1=com.java.Objects.TestDataDetails@628653, 2=com.java.Objects.TestDataDetails@19ba07, 3=com.java.Objects.TestDataDetails@12cdff2, 4=com.java.Objects.TestDataDetails@e69757, 5=com.java.Objects.TestDataDetails@1463cd0, 6=com.java.Objects.TestDataDetails@1e287e5, 7=com.java.Objects.TestDataDetails@1e10abe, 8=com.java.Objects.TestDataDetails@38041f, 9=com.java.Objects.TestDataDetails@e07d1d, 10=com.java.Objects.TestDataDetails@1d4838f, 11=com.java.Objects.TestDataDetails@c1d10c, 12=com.java.Objects.TestDataDetails@95149e, 13=com.java.Objects.TestDataDetails@1ae303a, 14=com.java.Objects.TestDataDetails@136b93d, 15=com.java.Objects.TestDataDetails@160dbd, 17=com.java.Objects.TestDataDetails@7e413c, 16=com.java.Objects.TestDataDetails@b4417d, 19=com.java.Objects.TestDataDetails@e49bbd, 18=com.java.Objects.TestDataDetails@7562d9, 21=com.java.Objects.TestDataDetails@1ebfc32, 20=com.java.Objects.TestDataDetails@18a1068, 23=com.java.Objects.TestDataDetails@c45a8d, 22=com.java.Objects.TestDataDetails@fa544b, 25=com.java.Objects.TestDataDetails@1f9298, 24=com.java.Objects.TestDataDetails@15e975c, 27=com.java.Objects.TestDataDetails@157fcd0, 26=com.java.Objects.TestDataDetails@1417b29, 28=com.java.Objects.TestDataDetails@321d3}
[INFO ][2015-12-11 15:44:51,263][com.java.TestType] [  481] -  str(1) = 7
[INFO ][2015-12-11 15:44:51,263][com.java.TestType] [  484] - Test case Id is---7
[INFO ][2015-12-11 15:44:51,263][com.java.TestType] [  486] - 7
[INFO ][2015-12-11 15:44:51,263][com.java.TestType] [  481] -  str(2) = 29
[INFO ][2015-12-11 15:44:51,264][com.java.TestType] [  533] - row values are--------{1=com.java.Objects.TestDataDetails@628653, 2=com.java.Objects.TestDataDetails@19ba07, 3=com.java.Objects.TestDataDetails@12cdff2, 4=com.java.Objects.TestDataDetails@e69757, 5=com.java.Objects.TestDataDetails@1463cd0, 6=com.java.Objects.TestDataDetails@1e287e5, 7=com.java.Objects.TestDataDetails@1e10abe, 8=com.java.Objects.TestDataDetails@38041f, 9=com.java.Objects.TestDataDetails@e07d1d, 10=com.java.Objects.TestDataDetails@1d4838f, 11=com.java.Objects.TestDataDetails@c1d10c, 12=com.java.Objects.TestDataDetails@95149e, 13=com.java.Objects.TestDataDetails@1ae303a, 14=com.java.Objects.TestDataDetails@136b93d, 15=com.java.Objects.TestDataDetails@160dbd, 17=com.java.Objects.TestDataDetails@7e413c, 16=com.java.Objects.TestDataDetails@b4417d, 19=com.java.Objects.TestDataDetails@e49bbd, 18=com.java.Objects.TestDataDetails@7562d9, 21=com.java.Objects.TestDataDetails@1ebfc32, 20=com.java.Objects.TestDataDetails@18a1068, 23=com.java.Objects.TestDataDetails@c45a8d, 22=com.java.Objects.TestDataDetails@fa544b, 25=com.java.Objects.TestDataDetails@1f9298, 24=com.java.Objects.TestDataDetails@15e975c, 27=com.java.Objects.TestDataDetails@157fcd0, 26=com.java.Objects.TestDataDetails@1417b29, 29=com.java.Objects.TestDataDetails@57b7a9, 28=com.java.Objects.TestDataDetails@321d3}
[INFO ][2015-12-11 15:44:51,264][com.java.TestType] [  481] -  str(1) = 7
[INFO ][2015-12-11 15:44:51,264][com.java.TestType] [  484] - Test case Id is---7
[INFO ][2015-12-11 15:44:51,264][com.java.TestType] [  486] - 7
[INFO ][2015-12-11 15:44:51,264][com.java.TestType] [  481] -  str(2) = 30
[INFO ][2015-12-11 15:44:51,265][com.java.TestType] [  533] - row values are--------{1=com.java.Objects.TestDataDetails@628653, 2=com.java.Objects.TestDataDetails@19ba07, 3=com.java.Objects.TestDataDetails@12cdff2, 4=com.java.Objects.TestDataDetails@e69757, 5=com.java.Objects.TestDataDetails@1463cd0, 6=com.java.Objects.TestDataDetails@1e287e5, 7=com.java.Objects.TestDataDetails@1e10abe, 8=com.java.Objects.TestDataDetails@38041f, 9=com.java.Objects.TestDataDetails@e07d1d, 10=com.java.Objects.TestDataDetails@1d4838f, 11=com.java.Objects.TestDataDetails@c1d10c, 12=com.java.Objects.TestDataDetails@95149e, 13=com.java.Objects.TestDataDetails@1ae303a, 14=com.java.Objects.TestDataDetails@136b93d, 15=com.java.Objects.TestDataDetails@160dbd, 17=com.java.Objects.TestDataDetails@7e413c, 16=com.java.Objects.TestDataDetails@b4417d, 19=com.java.Objects.TestDataDetails@e49bbd, 18=com.java.Objects.TestDataDetails@7562d9, 21=com.java.Objects.TestDataDetails@1ebfc32, 20=com.java.Objects.TestDataDetails@18a1068, 23=com.java.Objects.TestDataDetails@c45a8d, 22=com.java.Objects.TestDataDetails@fa544b, 25=com.java.Objects.TestDataDetails@1f9298, 24=com.java.Objects.TestDataDetails@15e975c, 27=com.java.Objects.TestDataDetails@157fcd0, 26=com.java.Objects.TestDataDetails@1417b29, 29=com.java.Objects.TestDataDetails@57b7a9, 28=com.java.Objects.TestDataDetails@321d3, 30=com.java.Objects.TestDataDetails@f69ae7}
[INFO ][2015-12-11 15:44:51,265][com.java.TestType] [  481] -  str(1) = 7
[INFO ][2015-12-11 15:44:51,265][com.java.TestType] [  484] - Test case Id is---7
[INFO ][2015-12-11 15:44:51,265][com.java.TestType] [  486] - 7
[INFO ][2015-12-11 15:44:51,265][com.java.TestType] [  481] -  str(2) = 31
[INFO ][2015-12-11 15:44:51,266][com.java.TestType] [  533] - row values are--------{1=com.java.Objects.TestDataDetails@628653, 2=com.java.Objects.TestDataDetails@19ba07, 3=com.java.Objects.TestDataDetails@12cdff2, 4=com.java.Objects.TestDataDetails@e69757, 5=com.java.Objects.TestDataDetails@1463cd0, 6=com.java.Objects.TestDataDetails@1e287e5, 7=com.java.Objects.TestDataDetails@1e10abe, 8=com.java.Objects.TestDataDetails@38041f, 9=com.java.Objects.TestDataDetails@e07d1d, 10=com.java.Objects.TestDataDetails@1d4838f, 11=com.java.Objects.TestDataDetails@c1d10c, 12=com.java.Objects.TestDataDetails@95149e, 13=com.java.Objects.TestDataDetails@1ae303a, 14=com.java.Objects.TestDataDetails@136b93d, 15=com.java.Objects.TestDataDetails@160dbd, 17=com.java.Objects.TestDataDetails@7e413c, 16=com.java.Objects.TestDataDetails@b4417d, 19=com.java.Objects.TestDataDetails@e49bbd, 18=com.java.Objects.TestDataDetails@7562d9, 21=com.java.Objects.TestDataDetails@1ebfc32, 20=com.java.Objects.TestDataDetails@18a1068, 23=com.java.Objects.TestDataDetails@c45a8d, 22=com.java.Objects.TestDataDetails@fa544b, 25=com.java.Objects.TestDataDetails@1f9298, 24=com.java.Objects.TestDataDetails@15e975c, 27=com.java.Objects.TestDataDetails@157fcd0, 26=com.java.Objects.TestDataDetails@1417b29, 29=com.java.Objects.TestDataDetails@57b7a9, 28=com.java.Objects.TestDataDetails@321d3, 31=com.java.Objects.TestDataDetails@3526f3, 30=com.java.Objects.TestDataDetails@f69ae7}
[INFO ][2015-12-11 15:44:51,266][com.java.TestType] [  481] -  str(1) = 7
[INFO ][2015-12-11 15:44:51,266][com.java.TestType] [  484] - Test case Id is---7
[INFO ][2015-12-11 15:44:51,266][com.java.TestType] [  486] - 7
[INFO ][2015-12-11 15:44:51,266][com.java.TestType] [  481] -  str(2) = 32
[INFO ][2015-12-11 15:44:51,267][com.java.TestType] [  533] - row values are--------{1=com.java.Objects.TestDataDetails@628653, 2=com.java.Objects.TestDataDetails@19ba07, 3=com.java.Objects.TestDataDetails@12cdff2, 4=com.java.Objects.TestDataDetails@e69757, 5=com.java.Objects.TestDataDetails@1463cd0, 6=com.java.Objects.TestDataDetails@1e287e5, 7=com.java.Objects.TestDataDetails@1e10abe, 8=com.java.Objects.TestDataDetails@38041f, 9=com.java.Objects.TestDataDetails@e07d1d, 10=com.java.Objects.TestDataDetails@1d4838f, 11=com.java.Objects.TestDataDetails@c1d10c, 12=com.java.Objects.TestDataDetails@95149e, 13=com.java.Objects.TestDataDetails@1ae303a, 14=com.java.Objects.TestDataDetails@136b93d, 15=com.java.Objects.TestDataDetails@160dbd, 17=com.java.Objects.TestDataDetails@7e413c, 16=com.java.Objects.TestDataDetails@b4417d, 19=com.java.Objects.TestDataDetails@e49bbd, 18=com.java.Objects.TestDataDetails@7562d9, 21=com.java.Objects.TestDataDetails@1ebfc32, 20=com.java.Objects.TestDataDetails@18a1068, 23=com.java.Objects.TestDataDetails@c45a8d, 22=com.java.Objects.TestDataDetails@fa544b, 25=com.java.Objects.TestDataDetails@1f9298, 24=com.java.Objects.TestDataDetails@15e975c, 27=com.java.Objects.TestDataDetails@157fcd0, 26=com.java.Objects.TestDataDetails@1417b29, 29=com.java.Objects.TestDataDetails@57b7a9, 28=com.java.Objects.TestDataDetails@321d3, 31=com.java.Objects.TestDataDetails@3526f3, 30=com.java.Objects.TestDataDetails@f69ae7, 32=com.java.Objects.TestDataDetails@1d1c817}
[INFO ][2015-12-11 15:44:51,267][com.java.TestType] [  481] -  str(1) = 7
[INFO ][2015-12-11 15:44:51,267][com.java.TestType] [  484] - Test case Id is---7
[INFO ][2015-12-11 15:44:51,267][com.java.TestType] [  486] - 7
[INFO ][2015-12-11 15:44:51,267][com.java.TestType] [  481] -  str(2) = 33
[INFO ][2015-12-11 15:44:51,268][com.java.TestType] [  533] - row values are--------{1=com.java.Objects.TestDataDetails@628653, 2=com.java.Objects.TestDataDetails@19ba07, 3=com.java.Objects.TestDataDetails@12cdff2, 4=com.java.Objects.TestDataDetails@e69757, 5=com.java.Objects.TestDataDetails@1463cd0, 6=com.java.Objects.TestDataDetails@1e287e5, 7=com.java.Objects.TestDataDetails@1e10abe, 8=com.java.Objects.TestDataDetails@38041f, 9=com.java.Objects.TestDataDetails@e07d1d, 10=com.java.Objects.TestDataDetails@1d4838f, 11=com.java.Objects.TestDataDetails@c1d10c, 12=com.java.Objects.TestDataDetails@95149e, 13=com.java.Objects.TestDataDetails@1ae303a, 14=com.java.Objects.TestDataDetails@136b93d, 15=com.java.Objects.TestDataDetails@160dbd, 17=com.java.Objects.TestDataDetails@7e413c, 16=com.java.Objects.TestDataDetails@b4417d, 19=com.java.Objects.TestDataDetails@e49bbd, 18=com.java.Objects.TestDataDetails@7562d9, 21=com.java.Objects.TestDataDetails@1ebfc32, 20=com.java.Objects.TestDataDetails@18a1068, 23=com.java.Objects.TestDataDetails@c45a8d, 22=com.java.Objects.TestDataDetails@fa544b, 25=com.java.Objects.TestDataDetails@1f9298, 24=com.java.Objects.TestDataDetails@15e975c, 27=com.java.Objects.TestDataDetails@157fcd0, 26=com.java.Objects.TestDataDetails@1417b29, 29=com.java.Objects.TestDataDetails@57b7a9, 28=com.java.Objects.TestDataDetails@321d3, 31=com.java.Objects.TestDataDetails@3526f3, 30=com.java.Objects.TestDataDetails@f69ae7, 32=com.java.Objects.TestDataDetails@1d1c817, 33=com.java.Objects.TestDataDetails@1775d54}
[INFO ][2015-12-11 15:44:51,269][com.java.TestType] [  481] -  str(1) = 7
[INFO ][2015-12-11 15:44:51,269][com.java.TestType] [  484] - Test case Id is---7
[INFO ][2015-12-11 15:44:51,269][com.java.TestType] [  486] - 7
[INFO ][2015-12-11 15:44:51,269][com.java.TestType] [  481] -  str(2) = 34
[INFO ][2015-12-11 15:44:51,269][com.java.TestType] [  533] - row values are--------{1=com.java.Objects.TestDataDetails@628653, 2=com.java.Objects.TestDataDetails@19ba07, 3=com.java.Objects.TestDataDetails@12cdff2, 4=com.java.Objects.TestDataDetails@e69757, 5=com.java.Objects.TestDataDetails@1463cd0, 6=com.java.Objects.TestDataDetails@1e287e5, 7=com.java.Objects.TestDataDetails@1e10abe, 8=com.java.Objects.TestDataDetails@38041f, 9=com.java.Objects.TestDataDetails@e07d1d, 10=com.java.Objects.TestDataDetails@1d4838f, 11=com.java.Objects.TestDataDetails@c1d10c, 12=com.java.Objects.TestDataDetails@95149e, 13=com.java.Objects.TestDataDetails@1ae303a, 14=com.java.Objects.TestDataDetails@136b93d, 15=com.java.Objects.TestDataDetails@160dbd, 17=com.java.Objects.TestDataDetails@7e413c, 16=com.java.Objects.TestDataDetails@b4417d, 19=com.java.Objects.TestDataDetails@e49bbd, 18=com.java.Objects.TestDataDetails@7562d9, 21=com.java.Objects.TestDataDetails@1ebfc32, 20=com.java.Objects.TestDataDetails@18a1068, 23=com.java.Objects.TestDataDetails@c45a8d, 22=com.java.Objects.TestDataDetails@fa544b, 25=com.java.Objects.TestDataDetails@1f9298, 24=com.java.Objects.TestDataDetails@15e975c, 27=com.java.Objects.TestDataDetails@157fcd0, 26=com.java.Objects.TestDataDetails@1417b29, 29=com.java.Objects.TestDataDetails@57b7a9, 28=com.java.Objects.TestDataDetails@321d3, 31=com.java.Objects.TestDataDetails@3526f3, 30=com.java.Objects.TestDataDetails@f69ae7, 34=com.java.Objects.TestDataDetails@147a1db, 32=com.java.Objects.TestDataDetails@1d1c817, 33=com.java.Objects.TestDataDetails@1775d54}
[INFO ][2015-12-11 15:44:51,269][com.java.TestType] [  481] -  str(1) = 7
[INFO ][2015-12-11 15:44:51,270][com.java.TestType] [  484] - Test case Id is---7
[INFO ][2015-12-11 15:44:51,270][com.java.TestType] [  486] - 7
[INFO ][2015-12-11 15:44:51,270][com.java.TestType] [  481] -  str(2) = 35
[INFO ][2015-12-11 15:44:51,270][com.java.TestType] [  533] - row values are--------{1=com.java.Objects.TestDataDetails@628653, 2=com.java.Objects.TestDataDetails@19ba07, 3=com.java.Objects.TestDataDetails@12cdff2, 4=com.java.Objects.TestDataDetails@e69757, 5=com.java.Objects.TestDataDetails@1463cd0, 6=com.java.Objects.TestDataDetails@1e287e5, 7=com.java.Objects.TestDataDetails@1e10abe, 8=com.java.Objects.TestDataDetails@38041f, 9=com.java.Objects.TestDataDetails@e07d1d, 10=com.java.Objects.TestDataDetails@1d4838f, 11=com.java.Objects.TestDataDetails@c1d10c, 12=com.java.Objects.TestDataDetails@95149e, 13=com.java.Objects.TestDataDetails@1ae303a, 14=com.java.Objects.TestDataDetails@136b93d, 15=com.java.Objects.TestDataDetails@160dbd, 17=com.java.Objects.TestDataDetails@7e413c, 16=com.java.Objects.TestDataDetails@b4417d, 19=com.java.Objects.TestDataDetails@e49bbd, 18=com.java.Objects.TestDataDetails@7562d9, 21=com.java.Objects.TestDataDetails@1ebfc32, 20=com.java.Objects.TestDataDetails@18a1068, 23=com.java.Objects.TestDataDetails@c45a8d, 22=com.java.Objects.TestDataDetails@fa544b, 25=com.java.Objects.TestDataDetails@1f9298, 24=com.java.Objects.TestDataDetails@15e975c, 27=com.java.Objects.TestDataDetails@157fcd0, 26=com.java.Objects.TestDataDetails@1417b29, 29=com.java.Objects.TestDataDetails@57b7a9, 28=com.java.Objects.TestDataDetails@321d3, 31=com.java.Objects.TestDataDetails@3526f3, 30=com.java.Objects.TestDataDetails@f69ae7, 34=com.java.Objects.TestDataDetails@147a1db, 35=com.java.Objects.TestDataDetails@10affbc, 32=com.java.Objects.TestDataDetails@1d1c817, 33=com.java.Objects.TestDataDetails@1775d54}
[INFO ][2015-12-11 15:44:51,270][com.java.TestType] [  481] -  str(1) = 7
[INFO ][2015-12-11 15:44:51,270][com.java.TestType] [  484] - Test case Id is---7
[INFO ][2015-12-11 15:44:51,271][com.java.TestType] [  486] - 7
[INFO ][2015-12-11 15:44:51,271][com.java.TestType] [  481] -  str(2) = 36
[INFO ][2015-12-11 15:44:51,271][com.java.TestType] [  533] - row values are--------{1=com.java.Objects.TestDataDetails@628653, 2=com.java.Objects.TestDataDetails@19ba07, 3=com.java.Objects.TestDataDetails@12cdff2, 4=com.java.Objects.TestDataDetails@e69757, 5=com.java.Objects.TestDataDetails@1463cd0, 6=com.java.Objects.TestDataDetails@1e287e5, 7=com.java.Objects.TestDataDetails@1e10abe, 8=com.java.Objects.TestDataDetails@38041f, 9=com.java.Objects.TestDataDetails@e07d1d, 10=com.java.Objects.TestDataDetails@1d4838f, 11=com.java.Objects.TestDataDetails@c1d10c, 12=com.java.Objects.TestDataDetails@95149e, 13=com.java.Objects.TestDataDetails@1ae303a, 14=com.java.Objects.TestDataDetails@136b93d, 15=com.java.Objects.TestDataDetails@160dbd, 17=com.java.Objects.TestDataDetails@7e413c, 16=com.java.Objects.TestDataDetails@b4417d, 19=com.java.Objects.TestDataDetails@e49bbd, 18=com.java.Objects.TestDataDetails@7562d9, 21=com.java.Objects.TestDataDetails@1ebfc32, 20=com.java.Objects.TestDataDetails@18a1068, 23=com.java.Objects.TestDataDetails@c45a8d, 22=com.java.Objects.TestDataDetails@fa544b, 25=com.java.Objects.TestDataDetails@1f9298, 24=com.java.Objects.TestDataDetails@15e975c, 27=com.java.Objects.TestDataDetails@157fcd0, 26=com.java.Objects.TestDataDetails@1417b29, 29=com.java.Objects.TestDataDetails@57b7a9, 28=com.java.Objects.TestDataDetails@321d3, 31=com.java.Objects.TestDataDetails@3526f3, 30=com.java.Objects.TestDataDetails@f69ae7, 34=com.java.Objects.TestDataDetails@147a1db, 35=com.java.Objects.TestDataDetails@10affbc, 32=com.java.Objects.TestDataDetails@1d1c817, 33=com.java.Objects.TestDataDetails@1775d54, 36=com.java.Objects.TestDataDetails@c0c6c9}
[INFO ][2015-12-11 15:44:51,271][com.java.TestType] [10075] - Looping 1TCID = 7
[DEBUG][2015-12-11 15:44:51,271][com.java.TestType] [10116] - Concept ID:7 :: Step being Executed: 7::1
[ERROR][2015-12-11 15:44:51,272][com.java.TestType] [10149] - Exception: null
[INFO ][2015-12-11 15:44:51,272][com.java.TestType] [10154] - dataFields : BTNparent
[DEBUG][2015-12-11 15:44:51,272][com.java.TestType] [10160] - <In Set values of the page>
[DEBUG][2015-12-11 15:44:51,272][com.java.TestType] [10165] - {Data Fields & Data Values Exist}
[INFO ][2015-12-11 15:44:51,272][com.java.TestType] [10171] - --------------------------setting values-----------------------------
[INFO ][2015-12-11 15:44:51,272][com.java.TestType] [10174] - Action Type : SELECTFRAME
[INFO ][2015-12-11 15:44:51,285][com.java.TestType] [10193] -  RESULT true
[INFO ][2015-12-11 15:44:51,285][com.java.TestType] [10310] - ?   P A S S   ?
[DEBUG][2015-12-11 15:44:51,285][com.java.TestType] [10116] - Concept ID:7 :: Step being Executed: 7::2
[ERROR][2015-12-11 15:44:51,285][com.java.TestType] [10149] - Exception: null
[INFO ][2015-12-11 15:44:51,285][com.java.TestType] [10154] - dataFields : //span[@class='icon-stack']&&//a[@data-id="SetupPackage"]
[DEBUG][2015-12-11 15:44:51,285][com.java.TestType] [10160] - <In Set values of the page>
[DEBUG][2015-12-11 15:44:51,285][com.java.TestType] [10165] - {Data Fields & Data Values Exist}
[INFO ][2015-12-11 15:44:51,285][com.java.TestType] [10171] - --------------------------setting values-----------------------------
[INFO ][2015-12-11 15:44:51,285][com.java.TestType] [10174] - Action Type : MOUSEOVER
[INFO ][2015-12-11 15:45:14,294][com.java.TestType] [10193] -  RESULT true
[INFO ][2015-12-11 15:45:14,294][com.java.TestType] [10310] - ?   P A S S   ?
[DEBUG][2015-12-11 15:45:14,294][com.java.TestType] [10116] - Concept ID:7 :: Step being Executed: 7::3
[INFO ][2015-12-11 15:45:14,294][com.java.TestType] [10154] - dataFields : BTNdivHelpText
[DEBUG][2015-12-11 15:45:14,294][com.java.TestType] [10160] - <In Set values of the page>
[DEBUG][2015-12-11 15:45:14,294][com.java.TestType] [10165] - {Data Fields & Data Values Exist}
[INFO ][2015-12-11 15:45:14,294][com.java.TestType] [10171] - --------------------------setting values-----------------------------
[INFO ][2015-12-11 15:45:14,294][com.java.TestType] [10174] - Action Type : WAITFORELEMENT
[INFO ][2015-12-11 15:45:15,489][com.java.TestType] [10193] -  RESULT true
[INFO ][2015-12-11 15:45:15,489][com.java.TestType] [10310] - ?   P A S S   ?
[DEBUG][2015-12-11 15:45:15,489][com.java.TestType] [10116] - Concept ID:7 :: Step being Executed: 7::4
[ERROR][2015-12-11 15:45:15,489][com.java.TestType] [10149] - Exception: null
[INFO ][2015-12-11 15:45:15,489][com.java.TestType] [10154] - dataFields : BTNframeDialogContent
[DEBUG][2015-12-11 15:45:15,489][com.java.TestType] [10160] - <In Set values of the page>
[DEBUG][2015-12-11 15:45:15,489][com.java.TestType] [10165] - {Data Fields & Data Values Exist}
[INFO ][2015-12-11 15:45:15,489][com.java.TestType] [10171] - --------------------------setting values-----------------------------
[INFO ][2015-12-11 15:45:15,489][com.java.TestType] [10174] - Action Type : SELECTFRAME
[INFO ][2015-12-11 15:45:16,708][com.java.TestType] [10193] -  RESULT true
[INFO ][2015-12-11 15:45:16,708][com.java.TestType] [10310] - ?   P A S S   ?
[DEBUG][2015-12-11 15:45:16,708][com.java.TestType] [10116] - Concept ID:7 :: Step being Executed: 7::5
[INFO ][2015-12-11 15:45:16,708][com.java.TestType] [10154] - dataFields : BTN
[DEBUG][2015-12-11 15:45:16,708][com.java.TestType] [10160] - <In Set values of the page>
[DEBUG][2015-12-11 15:45:16,708][com.java.TestType] [10165] - {Data Fields & Data Values Exist}
[INFO ][2015-12-11 15:45:16,708][com.java.TestType] [10171] - --------------------------setting values-----------------------------
[INFO ][2015-12-11 15:45:16,708][com.java.TestType] [10174] - Action Type : VERIFY
[INFO ][2015-12-11 15:45:16,708][com.java.TestType] [ 6763] - field= BTN value= //div[@class='ui-widget-content']/div/button
[INFO ][2015-12-11 15:45:16,708][com.java.TestType] [ 5500] - value = //div[@class='ui-widget-content']/div/button
[INFO ][2015-12-11 15:45:16,773][com.java.TestType] [10193] -  RESULT true
[INFO ][2015-12-11 15:45:16,773][com.java.TestType] [10310] - ?   P A S S   ?
[DEBUG][2015-12-11 15:45:16,773][com.java.TestType] [10116] - Concept ID:7 :: Step being Executed: 7::6
[INFO ][2015-12-11 15:45:16,773][com.java.TestType] [10154] - dataFields : XPH//span[@class='glyphicon glyphicon-plus']
[DEBUG][2015-12-11 15:45:16,773][com.java.TestType] [10160] - <In Set values of the page>
[DEBUG][2015-12-11 15:45:16,773][com.java.TestType] [10165] - {Data Fields & Data Values Exist}
[INFO ][2015-12-11 15:45:16,773][com.java.TestType] [10171] - --------------------------setting values-----------------------------
[INFO ][2015-12-11 15:45:16,773][com.java.TestType] [10174] - Action Type : WAITFORELEMENT
[INFO ][2015-12-11 15:45:16,798][com.java.TestType] [10193] -  RESULT true
[INFO ][2015-12-11 15:45:16,798][com.java.TestType] [10310] - ?   P A S S   ?
[DEBUG][2015-12-11 15:45:16,798][com.java.TestType] [10116] - Concept ID:7 :: Step being Executed: 7::7
[ERROR][2015-12-11 15:45:16,798][com.java.TestType] [10149] - Exception: null
[INFO ][2015-12-11 15:45:16,798][com.java.TestType] [10154] - dataFields : XPH//span[@class='glyphicon glyphicon-plus']
[DEBUG][2015-12-11 15:45:16,798][com.java.TestType] [10160] - <In Set values of the page>
[DEBUG][2015-12-11 15:45:16,798][com.java.TestType] [10165] - {Data Fields & Data Values Exist}
[INFO ][2015-12-11 15:45:16,798][com.java.TestType] [10171] - --------------------------setting values-----------------------------
[INFO ][2015-12-11 15:45:16,798][com.java.TestType] [10174] - Action Type : CLICK
[INFO ][2015-12-11 15:45:16,799][com.java.TestType] [ 5850] - Field ::XPH//span[@class='glyphicon glyphicon-plus']
[INFO ][2015-12-11 15:45:16,799][com.java.TestType] [ 5500] - value = 
[INFO ][2015-12-11 15:45:17,799][com.java.TestType] [ 5957] - BEFORE CLICK
[INFO ][2015-12-11 15:45:18,954][com.java.TestType] [ 5965] - Unable to click the object +' Button
[INFO ][2015-12-11 15:45:18,954][com.java.TestType] [10193] -  RESULT true
[INFO ][2015-12-11 15:45:18,954][com.java.TestType] [10310] - ?   P A S S   ?
[DEBUG][2015-12-11 15:45:18,954][com.java.TestType] [10116] - Concept ID:7 :: Step being Executed: 7::8
[INFO ][2015-12-11 15:45:18,954][com.java.TestType] [10154] - dataFields : XPH//span[@class='dlg_Label']
[DEBUG][2015-12-11 15:45:18,954][com.java.TestType] [10160] - <In Set values of the page>
[DEBUG][2015-12-11 15:45:18,954][com.java.TestType] [10165] - {Data Fields & Data Values Exist}
[INFO ][2015-12-11 15:45:18,954][com.java.TestType] [10171] - --------------------------setting values-----------------------------
[INFO ][2015-12-11 15:45:18,954][com.java.TestType] [10174] - Action Type : WAITFORELEMENT
[INFO ][2015-12-11 15:45:18,977][com.java.TestType] [10193] -  RESULT true
[INFO ][2015-12-11 15:45:18,977][com.java.TestType] [10310] - ?   P A S S   ?
[DEBUG][2015-12-11 15:45:18,977][com.java.TestType] [10116] - Concept ID:7 :: Step being Executed: 7::9
[INFO ][2015-12-11 15:45:18,977][com.java.TestType] [10154] - dataFields : XPH//span[@class='dlg_Label']
[DEBUG][2015-12-11 15:45:18,977][com.java.TestType] [10160] - <In Set values of the page>
[DEBUG][2015-12-11 15:45:18,977][com.java.TestType] [10165] - {Data Fields & Data Values Exist}
[INFO ][2015-12-11 15:45:18,977][com.java.TestType] [10171] - --------------------------setting values-----------------------------
[INFO ][2015-12-11 15:45:18,977][com.java.TestType] [10174] - Action Type : VERIFY
[INFO ][2015-12-11 15:45:18,977][com.java.TestType] [ 6763] - field= XPH//span[@class='dlg_Label'] value= Package Name
[INFO ][2015-12-11 15:45:18,978][com.java.TestType] [ 5500] - value = Package Name
[INFO ][2015-12-11 15:45:19,087][com.java.TestType] [10193] -  RESULT true
[INFO ][2015-12-11 15:45:19,087][com.java.TestType] [10310] - ?   P A S S   ?
[DEBUG][2015-12-11 15:45:19,087][com.java.TestType] [10116] - Concept ID:7 :: Step being Executed: 7::10
[INFO ][2015-12-11 15:45:19,087][com.java.TestType] [10154] - dataFields : XPH//div[contains(@id,'ember')]/div//input[contains(@class, 'ember-view ember-text-')]
[DEBUG][2015-12-11 15:45:19,087][com.java.TestType] [10160] - <In Set values of the page>
[DEBUG][2015-12-11 15:45:19,087][com.java.TestType] [10165] - {Data Fields & Data Values Exist}
[INFO ][2015-12-11 15:45:19,087][com.java.TestType] [10171] - --------------------------setting values-----------------------------
[INFO ][2015-12-11 15:45:19,087][com.java.TestType] [10174] - Action Type : WAITFORELEMENT
[INFO ][2015-12-11 15:45:19,120][com.java.TestType] [10193] -  RESULT true
[INFO ][2015-12-11 15:45:19,120][com.java.TestType] [10310] - ?   P A S S   ?
[DEBUG][2015-12-11 15:45:19,120][com.java.TestType] [10116] - Concept ID:7 :: Step being Executed: 7::11
[ERROR][2015-12-11 15:45:19,120][com.java.TestType] [10149] - Exception: null
[INFO ][2015-12-11 15:45:19,120][com.java.TestType] [10154] - dataFields : XPH//div[contains(@id,'ember')]/div//input[contains(@class, 'ember-view ember-text-')]
[DEBUG][2015-12-11 15:45:19,120][com.java.TestType] [10160] - <In Set values of the page>
[DEBUG][2015-12-11 15:45:19,120][com.java.TestType] [10165] - {Data Fields & Data Values Exist}
[INFO ][2015-12-11 15:45:19,121][com.java.TestType] [10171] - --------------------------setting values-----------------------------
[INFO ][2015-12-11 15:45:19,121][com.java.TestType] [10174] - Action Type : CLICK
[INFO ][2015-12-11 15:45:19,121][com.java.TestType] [ 5850] - Field ::XPH//div[contains(@id,'ember')]/div//input[contains(@class, 'ember-view ember-text-')]
[INFO ][2015-12-11 15:45:19,121][com.java.TestType] [ 5500] - value = 
[INFO ][2015-12-11 15:45:20,121][com.java.TestType] [ 5957] - BEFORE CLICK
[INFO ][2015-12-11 15:45:20,883][com.java.TestType] [ 5965] - Unable to click the object PackageName Textfield
[INFO ][2015-12-11 15:45:20,883][com.java.TestType] [10193] -  RESULT true
[INFO ][2015-12-11 15:45:20,883][com.java.TestType] [10310] - ?   P A S S   ?
[DEBUG][2015-12-11 15:45:20,883][com.java.TestType] [10116] - Concept ID:7 :: Step being Executed: 7::12
[INFO ][2015-12-11 15:45:20,883][com.java.TestType] [10154] - dataFields : TXT//div[contains(@id,'ember')]/div//input[contains(@class, 'ember-view ember-text-')]
[DEBUG][2015-12-11 15:45:20,883][com.java.TestType] [10160] - <In Set values of the page>
[DEBUG][2015-12-11 15:45:20,883][com.java.TestType] [10165] - {Data Fields & Data Values Exist}
[INFO ][2015-12-11 15:45:20,883][com.java.TestType] [10171] - --------------------------setting values-----------------------------
[INFO ][2015-12-11 15:45:20,883][com.java.TestType] [10174] - Action Type : CLEARANDENTER
[INFO ][2015-12-11 15:45:20,883][com.java.TestType] [ 5500] - value = VL_Test#71274
[INFO ][2015-12-11 15:45:21,697][com.java.TestType] [10193] -  RESULT true
[INFO ][2015-12-11 15:45:21,697][com.java.TestType] [10310] - ?   P A S S   ?
[DEBUG][2015-12-11 15:45:21,697][com.java.TestType] [10116] - Concept ID:7 :: Step being Executed: 7::13
[INFO ][2015-12-11 15:45:21,697][com.java.TestType] [10154] - dataFields : null
[DEBUG][2015-12-11 15:45:21,698][com.java.TestType] [10160] - <In Set values of the page>
[INFO ][2015-12-11 15:45:21,698][com.java.TestType] [10310] - ?   P A S S   ?
[DEBUG][2015-12-11 15:45:21,698][com.java.TestType] [10116] - Concept ID:7 :: Step being Executed: 7::14
[INFO ][2015-12-11 15:45:21,698][com.java.TestType] [10154] - dataFields : TXT//div[contains(@id,'ember')]/div//input[contains(@class, 'ember-view ember-text-')]
[DEBUG][2015-12-11 15:45:21,698][com.java.TestType] [10160] - <In Set values of the page>
[DEBUG][2015-12-11 15:45:21,698][com.java.TestType] [10165] - {Data Fields & Data Values Exist}
[INFO ][2015-12-11 15:45:21,698][com.java.TestType] [10171] - --------------------------setting values-----------------------------
[INFO ][2015-12-11 15:45:21,698][com.java.TestType] [10174] - Action Type : STOREVALUE
[INFO ][2015-12-11 15:45:21,698][com.java.TestType] [ 7941] - field= TXT//div[contains(@id,'ember')]/div//input[contains(@class, 'ember-view ember-text-')]
[DEBUG][2015-12-11 15:45:21,766][com.java.TestType] [ 7955] - Key:: PackageName  Value:: VL_Test#71274
[INFO ][2015-12-11 15:45:21,766][com.java.TestType] [10193] -  RESULT true
[INFO ][2015-12-11 15:45:21,766][com.java.TestType] [10310] - ?   P A S S   ?
[DEBUG][2015-12-11 15:45:21,766][com.java.TestType] [10116] - Concept ID:7 :: Step being Executed: 7::15
[INFO ][2015-12-11 15:45:21,766][com.java.TestType] [10154] - dataFields : XPH//span[contains(text(),'Save')]
[DEBUG][2015-12-11 15:45:21,766][com.java.TestType] [10160] - <In Set values of the page>
[DEBUG][2015-12-11 15:45:21,766][com.java.TestType] [10165] - {Data Fields & Data Values Exist}
[INFO ][2015-12-11 15:45:21,766][com.java.TestType] [10171] - --------------------------setting values-----------------------------
[INFO ][2015-12-11 15:45:21,766][com.java.TestType] [10174] - Action Type : WAITFORELEMENT
[INFO ][2015-12-11 15:45:21,789][com.java.TestType] [10193] -  RESULT true
[INFO ][2015-12-11 15:45:21,789][com.java.TestType] [10310] - ?   P A S S   ?
[DEBUG][2015-12-11 15:45:21,789][com.java.TestType] [10116] - Concept ID:7 :: Step being Executed: 7::16
[ERROR][2015-12-11 15:45:21,789][com.java.TestType] [10149] - Exception: null
[INFO ][2015-12-11 15:45:21,789][com.java.TestType] [10154] - dataFields : BTNselectionTest
[DEBUG][2015-12-11 15:45:21,789][com.java.TestType] [10160] - <In Set values of the page>
[DEBUG][2015-12-11 15:45:21,789][com.java.TestType] [10165] - {Data Fields & Data Values Exist}
[INFO ][2015-12-11 15:45:21,789][com.java.TestType] [10171] - --------------------------setting values-----------------------------
[INFO ][2015-12-11 15:45:21,789][com.java.TestType] [10174] - Action Type : CLICK
[INFO ][2015-12-11 15:45:21,789][com.java.TestType] [ 5850] - Field ::BTNselectionTest
[INFO ][2015-12-11 15:45:21,790][com.java.TestType] [ 5500] - value = 
[INFO ][2015-12-11 15:45:22,790][com.java.TestType] [ 5936] - BEFORE CLICK
[INFO ][2015-12-11 15:45:25,030][com.java.TestType] [ 5943] - Unable to click the object Yes radio button
[INFO ][2015-12-11 15:45:25,030][com.java.TestType] [10193] -  RESULT true
[INFO ][2015-12-11 15:45:25,030][com.java.TestType] [10310] - ?   P A S S   ?
[DEBUG][2015-12-11 15:45:25,030][com.java.TestType] [10116] - Concept ID:7 :: Step being Executed: 7::17
[INFO ][2015-12-11 15:45:25,030][com.java.TestType] [10154] - dataFields : XPH//span[contains(text(),'Save')]
[DEBUG][2015-12-11 15:45:25,030][com.java.TestType] [10160] - <In Set values of the page>
[DEBUG][2015-12-11 15:45:25,030][com.java.TestType] [10165] - {Data Fields & Data Values Exist}
[INFO ][2015-12-11 15:45:25,030][com.java.TestType] [10171] - --------------------------setting values-----------------------------
[INFO ][2015-12-11 15:45:25,030][com.java.TestType] [10174] - Action Type : WAITFORELEMENT
[INFO ][2015-12-11 15:45:25,053][com.java.TestType] [10193] -  RESULT true
[INFO ][2015-12-11 15:45:25,053][com.java.TestType] [10310] - ?   P A S S   ?
[DEBUG][2015-12-11 15:45:25,053][com.java.TestType] [10116] - Concept ID:7 :: Step being Executed: 7::18
[ERROR][2015-12-11 15:45:25,053][com.java.TestType] [10149] - Exception: null
[INFO ][2015-12-11 15:45:25,053][com.java.TestType] [10154] - dataFields : XPH//span[contains(text(),'Save')]
[DEBUG][2015-12-11 15:45:25,053][com.java.TestType] [10160] - <In Set values of the page>
[DEBUG][2015-12-11 15:45:25,053][com.java.TestType] [10165] - {Data Fields & Data Values Exist}
[INFO ][2015-12-11 15:45:25,053][com.java.TestType] [10171] - --------------------------setting values-----------------------------
[INFO ][2015-12-11 15:45:25,053][com.java.TestType] [10174] - Action Type : CLICK
[INFO ][2015-12-11 15:45:25,054][com.java.TestType] [ 5850] - Field ::XPH//span[contains(text(),'Save')]
[INFO ][2015-12-11 15:45:25,054][com.java.TestType] [ 5500] - value = 
[INFO ][2015-12-11 15:45:26,054][com.java.TestType] [ 5957] - BEFORE CLICK
[INFO ][2015-12-11 15:45:27,750][com.java.TestType] [ 5965] - Unable to click the object Save Button
[INFO ][2015-12-11 15:45:27,750][com.java.TestType] [10193] -  RESULT true
[INFO ][2015-12-11 15:45:27,750][com.java.TestType] [10310] - ?   P A S S   ?
[DEBUG][2015-12-11 15:45:27,750][com.java.TestType] [10116] - Concept ID:7 :: Step being Executed: 7::19
[INFO ][2015-12-11 15:45:27,750][com.java.TestType] [10154] - dataFields : XPH//span[@class='dlg_Label']
[DEBUG][2015-12-11 15:45:27,750][com.java.TestType] [10160] - <In Set values of the page>
[DEBUG][2015-12-11 15:45:27,750][com.java.TestType] [10165] - {Data Fields & Data Values Exist}
[INFO ][2015-12-11 15:45:27,750][com.java.TestType] [10171] - --------------------------setting values-----------------------------
[INFO ][2015-12-11 15:45:27,750][com.java.TestType] [10174] - Action Type : WAITFORELEMENT
[INFO ][2015-12-11 15:45:27,773][com.java.TestType] [10193] -  RESULT true
[INFO ][2015-12-11 15:45:27,773][com.java.TestType] [10310] - ?   P A S S   ?
[DEBUG][2015-12-11 15:45:27,773][com.java.TestType] [10116] - Concept ID:7 :: Step being Executed: 7::20
[INFO ][2015-12-11 15:45:27,773][com.java.TestType] [10154] - dataFields : XPH//span[@class='dlg_Label']
[DEBUG][2015-12-11 15:45:27,773][com.java.TestType] [10160] - <In Set values of the page>
[DEBUG][2015-12-11 15:45:27,773][com.java.TestType] [10165] - {Data Fields & Data Values Exist}
[INFO ][2015-12-11 15:45:27,773][com.java.TestType] [10171] - --------------------------setting values-----------------------------
[INFO ][2015-12-11 15:45:27,773][com.java.TestType] [10174] - Action Type : VERIFY
[INFO ][2015-12-11 15:45:27,773][com.java.TestType] [ 6763] - field= XPH//span[@class='dlg_Label'] value= Current Package
[INFO ][2015-12-11 15:45:27,774][com.java.TestType] [ 5500] - value = Current Package
[INFO ][2015-12-11 15:45:27,883][com.java.TestType] [10193] -  RESULT true
[INFO ][2015-12-11 15:45:27,883][com.java.TestType] [10310] - ?   P A S S   ?
[DEBUG][2015-12-11 15:45:27,883][com.java.TestType] [10116] - Concept ID:7 :: Step being Executed: 7::21
[ERROR][2015-12-11 15:45:27,883][com.java.TestType] [10149] - Exception: null
[INFO ][2015-12-11 15:45:27,883][com.java.TestType] [10154] - dataFields : XPH//option[contains(text(),'Balance Sheet')][2]
[DEBUG][2015-12-11 15:45:27,883][com.java.TestType] [10160] - <In Set values of the page>
[DEBUG][2015-12-11 15:45:27,883][com.java.TestType] [10165] - {Data Fields & Data Values Exist}
[INFO ][2015-12-11 15:45:27,883][com.java.TestType] [10171] - --------------------------setting values-----------------------------
[INFO ][2015-12-11 15:45:27,883][com.java.TestType] [10174] - Action Type : CLICK
[INFO ][2015-12-11 15:45:27,883][com.java.TestType] [ 5850] - Field ::XPH//option[contains(text(),'Balance Sheet')][2]
[INFO ][2015-12-11 15:45:27,884][com.java.TestType] [ 5500] - value = 
[INFO ][2015-12-11 15:45:28,884][com.java.TestType] [ 5957] - BEFORE CLICK
[INFO ][2015-12-11 15:45:31,540][com.java.TestType] [ 5965] - Unable to click the object Add New Report Dropdown
[INFO ][2015-12-11 15:45:31,540][com.java.TestType] [10193] -  RESULT true
[INFO ][2015-12-11 15:45:31,540][com.java.TestType] [10310] - ?   P A S S   ?
[DEBUG][2015-12-11 15:45:31,540][com.java.TestType] [10116] - Concept ID:7 :: Step being Executed: 7::22
[INFO ][2015-12-11 15:45:31,540][com.java.TestType] [10154] - dataFields : XPH//td/input[contains(@class, 'ember-view ember-')]
[DEBUG][2015-12-11 15:45:31,540][com.java.TestType] [10160] - <In Set values of the page>
[DEBUG][2015-12-11 15:45:31,540][com.java.TestType] [10165] - {Data Fields & Data Values Exist}
[INFO ][2015-12-11 15:45:31,540][com.java.TestType] [10171] - --------------------------setting values-----------------------------
[INFO ][2015-12-11 15:45:31,540][com.java.TestType] [10174] - Action Type : WAITFORELEMENT
[INFO ][2015-12-11 15:45:31,564][com.java.TestType] [10193] -  RESULT true
[INFO ][2015-12-11 15:45:31,564][com.java.TestType] [10310] - ?   P A S S   ?
[DEBUG][2015-12-11 15:45:31,564][com.java.TestType] [10116] - Concept ID:7 :: Step being Executed: 7::23
[INFO ][2015-12-11 15:45:31,564][com.java.TestType] [10154] - dataFields : TXT//td/input[contains(@class, 'ember-view ember-')]
[DEBUG][2015-12-11 15:45:31,564][com.java.TestType] [10160] - <In Set values of the page>
[DEBUG][2015-12-11 15:45:31,564][com.java.TestType] [10165] - {Data Fields & Data Values Exist}
[INFO ][2015-12-11 15:45:31,564][com.java.TestType] [10171] - --------------------------setting values-----------------------------
[INFO ][2015-12-11 15:45:31,564][com.java.TestType] [10174] - Action Type : VERIFY
[INFO ][2015-12-11 15:45:31,564][com.java.TestType] [ 6763] - field= TXT//td/input[contains(@class, 'ember-view ember-')] value= BalanceSheet
[INFO ][2015-12-11 15:45:31,565][com.java.TestType] [ 5500] - value = BalanceSheet
[ERROR][2015-12-11 15:45:31,643][com.java.TestType] [ 7217] - Exception: empty String
[INFO ][2015-12-11 15:45:31,643][com.java.TestType] [10193] -  RESULT false
[INFO ][2015-12-11 15:45:31,643][com.java.TestType] [10231] - ?   F A I L   ?
[DEBUG][2015-12-11 15:45:31,643][com.java.TestType] [10234] - Browser Type : IE10
[INFO ][2015-12-11 15:45:31,647][com.java.SeleniumDriver] [  894] -  RESULT false
[INFO ][2015-12-11 15:45:31,647][com.java.SeleniumDriver] [  941] - ?   F A I L   ?
[INFO ][2015-12-11 15:45:31,647][com.java.SeleniumDriver] [  949] - Browser Type : IE10
[INFO ][2015-12-11 15:45:31,647][com.java.SeleniumDriver] [  950] - Adding Failed case13
[INFO ][2015-12-11 15:45:32,009][com.java.SeleniumDriver] [ 1064] - failedCases = 13
[ERROR][2015-12-11 15:45:32,009][com.java.SeleniumDriver] [ 1561] - Platform Errors : Our apologies...::We have encountered an issue with your request.::Our apologies?:We encountered an issue with your request.
[INFO ][2015-12-11 15:45:32,009][com.java.SeleniumDriver] [ 1565] - Length =3
[ERROR][2015-12-11 15:45:32,009][com.java.SeleniumDriver] [ 1568] - Error 0 = Our apologies...
[ERROR][2015-12-11 15:45:32,025][com.java.SeleniumDriver] [ 1568] - Error 1 = We have encountered an issue with your request.
[ERROR][2015-12-11 15:45:32,041][com.java.SeleniumDriver] [ 1568] - Error 2 = Our apologies?:We encountered an issue with your request.
[INFO ][2015-12-11 15:45:32,056][com.java.SeleniumDriver] [ 1579] - strError:
[DEBUG][2015-12-11 15:45:32,070][com.java.SeleniumDriver] [ 1212] - Case found
[DEBUG][2015-12-11 15:45:32,070][com.java.SeleniumDriver] [ 1217] - Incrementing ReportCounters[0]:2
[INFO ][2015-12-11 15:45:32,070][com.java.SeleniumDriver] [ 1236] - The results are-------------------[13, 4, Reports Package: Drill-downs on 12 Month Balance Sheet Report, Fail, 
Test case failed at Step No. :: 4   Error Message ::  In CONCEPT: Test case failed at Step No. :: 23   Error Message ::  Text not found ::  Report Name Textfield. Screen Shot : D:\BankersDashboard\TestReports\121115\13_121115_154531_IE10.png, Fri Dec 11 15:45:32 IST 2015]
[INFO ][2015-12-11 15:45:32,071][com.java.SeleniumDriver] [ 1240] - End time is-------1 min 41 sec
[INFO ][2015-12-11 15:45:32,071][com.java.SeleniumDriver] [ 1241] - The results are-------------------[13, 4, Reports Package: Drill-downs on 12 Month Balance Sheet Report, Fail, 
Test case failed at Step No. :: 4   Error Message ::  In CONCEPT: Test case failed at Step No. :: 23   Error Message ::  Text not found ::  Report Name Textfield. Screen Shot : D:\BankersDashboard\TestReports\121115\13_121115_154531_IE10.png, Fri Dec 11 15:45:32 IST 2015]
[DEBUG][2015-12-11 15:45:32,071][com.java.ImportnExport.ExportTestResultsExcel] [  222] - testResultPath = D:\BankersDashboard/TestReports/Test Results_BankersDashBoard_121115_154352_IE10_First Bank.xls
[DEBUG][2015-12-11 15:45:32,071][com.java.ImportnExport.ExportTestResultsExcel] [  223] - browser is------------IE10
[DEBUG][2015-12-11 15:45:32,073][com.java.ImportnExport.ExportTestResultsExcel] [  270] - result.size() = 6
[DEBUG][2015-12-11 15:45:32,073][com.java.ImportnExport.ExportTestResultsExcel] [  274] - No of rows in sheet=2
[DEBUG][2015-12-11 15:45:32,073][com.java.ImportnExport.ExportTestResultsExcel] [  301] - ..in export..13
[DEBUG][2015-12-11 15:45:32,073][com.java.ImportnExport.ExportTestResultsExcel] [  301] - ..in export..Reports Package: Drill-downs on 12 Month Balance Sheet Report
[DEBUG][2015-12-11 15:45:32,073][com.java.ImportnExport.ExportTestResultsExcel] [  301] - ..in export..Fail
[DEBUG][2015-12-11 15:45:32,073][com.java.ImportnExport.ExportTestResultsExcel] [  301] - ..in export..
Test case failed at Step No. :: 4   Error Message ::  In CONCEPT: Test case failed at Step No. :: 23   Error Message ::  Text not found ::  Report Name Textfield. Screen Shot : D:\BankersDashboard\TestReports\121115\13_121115_154531_IE10.png
[DEBUG][2015-12-11 15:45:32,073][com.java.ImportnExport.ExportTestResultsExcel] [  301] - ..in export..Fri Dec 11 15:45:32 IST 2015
[INFO ][2015-12-11 15:45:32,075][com.java.SeleniumDriver] [ 1299] - out loop:1 size:2 TestCases:[1, 13] testcases:[1, 13]
[INFO ][2015-12-11 15:45:34,075][com.java.SeleniumDriver] [ 1342] - Total Number of Cases:2
[INFO ][2015-12-11 15:45:34,075][com.java.TemplateGenerator] [  302] - Executed:2
[INFO ][2015-12-11 15:45:34,075][com.java.TemplateGenerator] [  303] - Passed:1
[INFO ][2015-12-11 15:45:34,075][com.java.TemplateGenerator] [  304] - Failed:1
[INFO ][2015-12-11 15:45:34,075][com.java.TemplateGenerator] [  305] - Skipeed:0
[INFO ][2015-12-11 15:45:34,075][com.java.TemplateGenerator] [  306] - Application URL:https://clients-xuat.bankersdashboard.com
[INFO ][2015-12-11 15:45:34,075][com.java.TemplateGenerator] [  307] - Start Time:121115_154352
[INFO ][2015-12-11 15:45:34,075][com.java.TemplateGenerator] [  308] -  Creating HTML Report 
[ERROR][2015-12-11 15:45:34,076][com.java.TemplateGenerator] [  409] - Unparseable date: "Fri Dec 11 03:43:52 IST 2015"
[INFO ][2015-12-11 15:45:34,076][com.java.TemplateGenerator] [  654] -  Exporting case :: 1
[INFO ][2015-12-11 15:45:34,076][com.java.TemplateGenerator] [  654] -  Exporting case :: 13
[INFO ][2015-12-11 15:45:34,081][com.java.SeleniumDriver] [ 1391] - End Time:121115_154534
[INFO ][2015-12-11 15:45:34,081][com.java.SeleniumDriver] [ 1394] - Data in Test Execution Details:{1=PASS, 13=FAILTest case failed at Step No. :: 4   Error Message ::  In CONCEPT: Test case failed at Step No. :: 23   Error Message ::  Text not found ::  Report Name Textfield}
[INFO ][2015-12-11 15:45:34,081][com.java.SeleniumDriver] [ 1395] - Data in Failed Execution Deatils:{}
[INFO ][2015-12-11 15:45:34,081][com.java.SeleniumDriver] [ 1397] - ReportCounter:Total:2 :: PASS: 1 ::FAIL: 1
[INFO ][2015-12-11 15:45:34,081][com.java.SeleniumDriver] [ 1398] - FailedReportCounter:Total:0 :: PASS: 0 ::FAIL: 0
[INFO ][2015-12-11 15:45:34,088][com.java.EmailTestReport] [   63] - Sending report mail details:
[INFO ][2015-12-11 15:45:34,088][com.java.EmailTestReport] [   80] - Excel Report Path:D:\BankersDashboard/TestReports/Test Results_BankersDashBoard_121115_154352_IE10_First Bank.xls
[INFO ][2015-12-11 15:45:34,088][com.java.EmailTestReport] [   81] - HTML Report Path:D:\BankersDashboard//TestReports//Test Results_BankersDashBoard_121115_154352_IE10_First Bank.html
[INFO ][2015-12-11 15:45:34,088][com.java.EmailTestReport] [   82] - smtpHostName:mail01.valuelabs.com
[INFO ][2015-12-11 15:45:34,088][com.java.EmailTestReport] [   83] - Recipient:venkateswararao.gubbala@valuelabs.com;
[INFO ][2015-12-11 15:45:34,088][com.java.EmailTestReport] [   84] - From:venkateswararao.gubbala@valuelabs.com;
[INFO ][2015-12-11 15:45:34,088][com.java.EmailTestReport] [   85] - Subject:Deluxe Corp Bankers Dashboard Automation Test Report - First Bank - IE10
[INFO ][2015-12-11 15:45:34,104][com.java.EmailTestReport] [  143] -  Added venkateswararao.gubbala@valuelabs.com
[INFO ][2015-12-11 15:45:37,481][com.java.SeleniumDriver] [  720] - quitting the browser 
[INFO ][2015-12-11 15:45:39,185][com.java.SeleniumDriver] [  264] - Execution Completed Stopping the thread
