[INFO ][2015-11-05 11:07:44,134][com.java.SeleniumDriver] [  213] - Execute Failed Casesfalse
[INFO ][2015-11-05 11:07:44,134][com.java.SeleniumDriver] [  214] - Browser: IE11
[INFO ][2015-11-05 11:07:44,134][com.java.SeleniumDriver] [  215] - [1, 11]
[INFO ][2015-11-05 11:07:44,134][com.java.SeleniumDriver] [  216] - Total TestCases:2
[INFO ][2015-11-05 11:07:44,134][com.java.SeleniumDriver] [  217] -  Reading Properties from Property File 
[DEBUG][2015-11-05 11:07:44,134][com.java.SeleniumDriver] [  238] - url : https://clients-xuat.bankersdashboard.com
[INFO ][2015-11-05 11:07:44,134][com.java.ImportnExport.ExportTestResultsExcel] [  116] - Time Stamp Thu Nov 05 11:07:44 IST 2015
[INFO ][2015-11-05 11:07:44,134][com.java.ImportnExport.ExportTestResultsExcel] [  175] - OUT FILE : D:\BankersDashboard/TestReports/Test Results_BankersDashBoard_110515_110744_IE11_Simmons First National Bank.xls
[INFO ][2015-11-05 11:07:44,166][com.java.ImportnExport.ExportTestResultsExcel] [  180] - Test Result file is created
[DEBUG][2015-11-05 11:07:44,338][com.java.SeleniumDriver] [  425] - Hub ip address is-------172.17.68.34
[INFO ][2015-11-05 11:07:44,338][com.java.SeleniumDriver] [  451] - Grid URL:http://172.17.68.34:4444/wd/hub
[INFO ][2015-11-05 11:07:44,338][com.java.SeleniumDriver] [  452] - Capability:Capabilities [{platform=ANY, ensureCleanSession=true, ignoreProtectedModeSettings=true, acceptSslCerts=true, ignoreZoomSetting=true, browserName=internet explorer, browserstack.ie.noFlash=true, version=Node1}]
[ERROR][2015-11-05 11:07:46,116][com.java.SeleniumDriver] [  496] - Unable invoke browser in grid:Could not start a new session. Possible causes are invalid address of the remote server or browser start-up failure.
Build info: version: '2.48.2', revision: '41bccdd', time: '2015-10-09 19:59:12'
System info: host: 'FVTIII438F1D', ip: '172.17.68.34', os.name: 'Windows 7', os.arch: 'x86', os.version: '6.1', java.version: '1.7.0_55'
Driver info: driver.version: SeleniumDriver
[INFO ][2015-11-05 11:07:46,116][com.java.SeleniumDriver] [  498] - Executing on local machine
[INFO ][2015-11-05 11:08:04,289][com.java.SeleniumDriver] [  248] - IE11is opened
[INFO ][2015-11-05 11:08:04,974][com.java.SeleniumDriver] [  752] - Test cases to be executed are: [1, 11]
[INFO ][2015-11-05 11:08:04,974][com.java.ImportnExport.ImportTestDataDetailsExcel] [   49] - test data details path===== D:\BankersDashboard\TestInputs\TestData.xls
[INFO ][2015-11-05 11:08:15,798][com.java.SeleniumDriver] [  788] - ------------------------------------------
[INFO ][2015-11-05 11:08:15,798][com.java.SeleniumDriver] [  789] - Test case being Executed: 1
[INFO ][2015-11-05 11:08:15,798][com.java.SeleniumDriver] [  800] - Test step:1
[INFO ][2015-11-05 11:08:15,798][com.java.SeleniumDriver] [  812] - Datavalue is----------Concept#1:1-14
[INFO ][2015-11-05 11:08:15,799][com.java.SeleniumDriver] [  836] - DataField : test
[INFO ][2015-11-05 11:08:15,799][com.java.SeleniumDriver] [  838] - DataValue : Concept#1:1-14
[INFO ][2015-11-05 11:08:15,799][com.java.SeleniumDriver] [  844] - <In Set values of the page>
[INFO ][2015-11-05 11:08:15,799][com.java.SeleniumDriver] [  847] - {Data Fields & Data Values Exist}
[INFO ][2015-11-05 11:08:15,799][com.java.SeleniumDriver] [  849] - --------------------------setting values-----------------------------
[INFO ][2015-11-05 11:08:15,799][com.java.SeleniumDriver] [  852] - Action Type : ExecuteTestCase
[INFO ][2015-11-05 11:08:15,877][com.java.TestType] [  411] - The Concept sheet name is ---------- Concept
[INFO ][2015-11-05 11:08:15,877][com.java.TestType] [  414] - The Concept ID  is ---------- 1
[DEBUG][2015-11-05 11:08:15,877][com.java.TestType] [  418] - Steps being executted in the Concept are: 1:14
[INFO ][2015-11-05 11:08:15,877][com.java.TestType] [  425] - Test data details path ---------- D:\BankersDashboard\TestInputs\TestData.xls
[INFO ][2015-11-05 11:08:15,909][com.java.TestType] [  456] -  str(1) = 1
[INFO ][2015-11-05 11:08:15,909][com.java.TestType] [  459] - Test case Id is---1
[INFO ][2015-11-05 11:08:15,909][com.java.TestType] [  461] - 1
[INFO ][2015-11-05 11:08:15,909][com.java.TestType] [  456] -  str(2) = 1
[INFO ][2015-11-05 11:08:15,909][com.java.TestType] [  508] - row values are--------{1=com.java.Objects.TestDataDetails@13c52ee}
[INFO ][2015-11-05 11:08:15,909][com.java.TestType] [  456] -  str(1) = 1
[INFO ][2015-11-05 11:08:15,909][com.java.TestType] [  459] - Test case Id is---1
[INFO ][2015-11-05 11:08:15,909][com.java.TestType] [  461] - 1
[INFO ][2015-11-05 11:08:15,909][com.java.TestType] [  456] -  str(2) = 2
[INFO ][2015-11-05 11:08:15,909][com.java.TestType] [  508] - row values are--------{1=com.java.Objects.TestDataDetails@13c52ee, 2=com.java.Objects.TestDataDetails@1ab2fa4}
[INFO ][2015-11-05 11:08:15,909][com.java.TestType] [  456] -  str(1) = 1
[INFO ][2015-11-05 11:08:15,909][com.java.TestType] [  459] - Test case Id is---1
[INFO ][2015-11-05 11:08:15,909][com.java.TestType] [  461] - 1
[INFO ][2015-11-05 11:08:15,909][com.java.TestType] [  456] -  str(2) = 3
[INFO ][2015-11-05 11:08:15,924][com.java.TestType] [  508] - row values are--------{1=com.java.Objects.TestDataDetails@13c52ee, 2=com.java.Objects.TestDataDetails@1ab2fa4, 3=com.java.Objects.TestDataDetails@48447c}
[INFO ][2015-11-05 11:08:15,924][com.java.TestType] [  456] -  str(1) = 1
[INFO ][2015-11-05 11:08:15,924][com.java.TestType] [  459] - Test case Id is---1
[INFO ][2015-11-05 11:08:15,924][com.java.TestType] [  461] - 1
[INFO ][2015-11-05 11:08:15,924][com.java.TestType] [  456] -  str(2) = 4
[INFO ][2015-11-05 11:08:15,924][com.java.TestType] [  508] - row values are--------{1=com.java.Objects.TestDataDetails@13c52ee, 2=com.java.Objects.TestDataDetails@1ab2fa4, 3=com.java.Objects.TestDataDetails@48447c, 4=com.java.Objects.TestDataDetails@c2ea31}
[INFO ][2015-11-05 11:08:15,924][com.java.TestType] [  456] -  str(1) = 1
[INFO ][2015-11-05 11:08:15,924][com.java.TestType] [  459] - Test case Id is---1
[INFO ][2015-11-05 11:08:15,924][com.java.TestType] [  461] - 1
[INFO ][2015-11-05 11:08:15,924][com.java.TestType] [  456] -  str(2) = 5
[INFO ][2015-11-05 11:08:15,924][com.java.TestType] [  508] - row values are--------{1=com.java.Objects.TestDataDetails@13c52ee, 2=com.java.Objects.TestDataDetails@1ab2fa4, 3=com.java.Objects.TestDataDetails@48447c, 4=com.java.Objects.TestDataDetails@c2ea31, 5=com.java.Objects.TestDataDetails@a5fce7}
[INFO ][2015-11-05 11:08:15,924][com.java.TestType] [  456] -  str(1) = 1
[INFO ][2015-11-05 11:08:15,924][com.java.TestType] [  459] - Test case Id is---1
[INFO ][2015-11-05 11:08:15,924][com.java.TestType] [  461] - 1
[INFO ][2015-11-05 11:08:15,924][com.java.TestType] [  456] -  str(2) = 6
[INFO ][2015-11-05 11:08:15,924][com.java.TestType] [  508] - row values are--------{1=com.java.Objects.TestDataDetails@13c52ee, 2=com.java.Objects.TestDataDetails@1ab2fa4, 3=com.java.Objects.TestDataDetails@48447c, 4=com.java.Objects.TestDataDetails@c2ea31, 5=com.java.Objects.TestDataDetails@a5fce7, 6=com.java.Objects.TestDataDetails@1a9629b}
[INFO ][2015-11-05 11:08:15,924][com.java.TestType] [  456] -  str(1) = 1
[INFO ][2015-11-05 11:08:15,924][com.java.TestType] [  459] - Test case Id is---1
[INFO ][2015-11-05 11:08:15,924][com.java.TestType] [  461] - 1
[INFO ][2015-11-05 11:08:15,924][com.java.TestType] [  456] -  str(2) = 7
[INFO ][2015-11-05 11:08:15,924][com.java.TestType] [  508] - row values are--------{1=com.java.Objects.TestDataDetails@13c52ee, 2=com.java.Objects.TestDataDetails@1ab2fa4, 3=com.java.Objects.TestDataDetails@48447c, 4=com.java.Objects.TestDataDetails@c2ea31, 5=com.java.Objects.TestDataDetails@a5fce7, 6=com.java.Objects.TestDataDetails@1a9629b, 7=com.java.Objects.TestDataDetails@1e2eace}
[INFO ][2015-11-05 11:08:15,924][com.java.TestType] [  456] -  str(1) = 1
[INFO ][2015-11-05 11:08:15,924][com.java.TestType] [  459] - Test case Id is---1
[INFO ][2015-11-05 11:08:15,924][com.java.TestType] [  461] - 1
[INFO ][2015-11-05 11:08:15,924][com.java.TestType] [  456] -  str(2) = 8
[INFO ][2015-11-05 11:08:15,924][com.java.TestType] [  508] - row values are--------{1=com.java.Objects.TestDataDetails@13c52ee, 2=com.java.Objects.TestDataDetails@1ab2fa4, 3=com.java.Objects.TestDataDetails@48447c, 4=com.java.Objects.TestDataDetails@c2ea31, 5=com.java.Objects.TestDataDetails@a5fce7, 6=com.java.Objects.TestDataDetails@1a9629b, 7=com.java.Objects.TestDataDetails@1e2eace, 8=com.java.Objects.TestDataDetails@1bd5093}
[INFO ][2015-11-05 11:08:15,924][com.java.TestType] [  456] -  str(1) = 1
[INFO ][2015-11-05 11:08:15,924][com.java.TestType] [  459] - Test case Id is---1
[INFO ][2015-11-05 11:08:15,924][com.java.TestType] [  461] - 1
[INFO ][2015-11-05 11:08:15,924][com.java.TestType] [  456] -  str(2) = 9
[INFO ][2015-11-05 11:08:15,924][com.java.TestType] [  508] - row values are--------{1=com.java.Objects.TestDataDetails@13c52ee, 2=com.java.Objects.TestDataDetails@1ab2fa4, 3=com.java.Objects.TestDataDetails@48447c, 4=com.java.Objects.TestDataDetails@c2ea31, 5=com.java.Objects.TestDataDetails@a5fce7, 6=com.java.Objects.TestDataDetails@1a9629b, 7=com.java.Objects.TestDataDetails@1e2eace, 8=com.java.Objects.TestDataDetails@1bd5093, 9=com.java.Objects.TestDataDetails@1d87daa}
[INFO ][2015-11-05 11:08:15,924][com.java.TestType] [  456] -  str(1) = 1
[INFO ][2015-11-05 11:08:15,924][com.java.TestType] [  459] - Test case Id is---1
[INFO ][2015-11-05 11:08:15,924][com.java.TestType] [  461] - 1
[INFO ][2015-11-05 11:08:15,924][com.java.TestType] [  456] -  str(2) = 10
[INFO ][2015-11-05 11:08:15,924][com.java.TestType] [  508] - row values are--------{1=com.java.Objects.TestDataDetails@13c52ee, 2=com.java.Objects.TestDataDetails@1ab2fa4, 3=com.java.Objects.TestDataDetails@48447c, 4=com.java.Objects.TestDataDetails@c2ea31, 5=com.java.Objects.TestDataDetails@a5fce7, 6=com.java.Objects.TestDataDetails@1a9629b, 7=com.java.Objects.TestDataDetails@1e2eace, 8=com.java.Objects.TestDataDetails@1bd5093, 9=com.java.Objects.TestDataDetails@1d87daa, 10=com.java.Objects.TestDataDetails@1290a1d}
[INFO ][2015-11-05 11:08:15,924][com.java.TestType] [  456] -  str(1) = 1
[INFO ][2015-11-05 11:08:15,924][com.java.TestType] [  459] - Test case Id is---1
[INFO ][2015-11-05 11:08:15,924][com.java.TestType] [  461] - 1
[INFO ][2015-11-05 11:08:15,924][com.java.TestType] [  456] -  str(2) = 11
[INFO ][2015-11-05 11:08:15,924][com.java.TestType] [  508] - row values are--------{1=com.java.Objects.TestDataDetails@13c52ee, 2=com.java.Objects.TestDataDetails@1ab2fa4, 3=com.java.Objects.TestDataDetails@48447c, 4=com.java.Objects.TestDataDetails@c2ea31, 5=com.java.Objects.TestDataDetails@a5fce7, 6=com.java.Objects.TestDataDetails@1a9629b, 7=com.java.Objects.TestDataDetails@1e2eace, 8=com.java.Objects.TestDataDetails@1bd5093, 9=com.java.Objects.TestDataDetails@1d87daa, 10=com.java.Objects.TestDataDetails@1290a1d, 11=com.java.Objects.TestDataDetails@17e0655}
[INFO ][2015-11-05 11:08:15,924][com.java.TestType] [  456] -  str(1) = 1
[INFO ][2015-11-05 11:08:15,924][com.java.TestType] [  459] - Test case Id is---1
[INFO ][2015-11-05 11:08:15,924][com.java.TestType] [  461] - 1
[INFO ][2015-11-05 11:08:15,924][com.java.TestType] [  456] -  str(2) = 12
[INFO ][2015-11-05 11:08:15,924][com.java.TestType] [  508] - row values are--------{1=com.java.Objects.TestDataDetails@13c52ee, 2=com.java.Objects.TestDataDetails@1ab2fa4, 3=com.java.Objects.TestDataDetails@48447c, 4=com.java.Objects.TestDataDetails@c2ea31, 5=com.java.Objects.TestDataDetails@a5fce7, 6=com.java.Objects.TestDataDetails@1a9629b, 7=com.java.Objects.TestDataDetails@1e2eace, 8=com.java.Objects.TestDataDetails@1bd5093, 9=com.java.Objects.TestDataDetails@1d87daa, 10=com.java.Objects.TestDataDetails@1290a1d, 11=com.java.Objects.TestDataDetails@17e0655, 12=com.java.Objects.TestDataDetails@1301e56}
[INFO ][2015-11-05 11:08:15,924][com.java.TestType] [  456] -  str(1) = 1
[INFO ][2015-11-05 11:08:15,924][com.java.TestType] [  459] - Test case Id is---1
[INFO ][2015-11-05 11:08:15,924][com.java.TestType] [  461] - 1
[INFO ][2015-11-05 11:08:15,924][com.java.TestType] [  456] -  str(2) = 13
[INFO ][2015-11-05 11:08:15,924][com.java.TestType] [  508] - row values are--------{1=com.java.Objects.TestDataDetails@13c52ee, 2=com.java.Objects.TestDataDetails@1ab2fa4, 3=com.java.Objects.TestDataDetails@48447c, 4=com.java.Objects.TestDataDetails@c2ea31, 5=com.java.Objects.TestDataDetails@a5fce7, 6=com.java.Objects.TestDataDetails@1a9629b, 7=com.java.Objects.TestDataDetails@1e2eace, 8=com.java.Objects.TestDataDetails@1bd5093, 9=com.java.Objects.TestDataDetails@1d87daa, 10=com.java.Objects.TestDataDetails@1290a1d, 11=com.java.Objects.TestDataDetails@17e0655, 12=com.java.Objects.TestDataDetails@1301e56, 13=com.java.Objects.TestDataDetails@23a187}
[INFO ][2015-11-05 11:08:15,924][com.java.TestType] [  456] -  str(1) = 1
[INFO ][2015-11-05 11:08:15,924][com.java.TestType] [  459] - Test case Id is---1
[INFO ][2015-11-05 11:08:15,924][com.java.TestType] [  461] - 1
[INFO ][2015-11-05 11:08:15,924][com.java.TestType] [  456] -  str(2) = 14
[INFO ][2015-11-05 11:08:15,940][com.java.TestType] [  508] - row values are--------{1=com.java.Objects.TestDataDetails@13c52ee, 2=com.java.Objects.TestDataDetails@1ab2fa4, 3=com.java.Objects.TestDataDetails@48447c, 4=com.java.Objects.TestDataDetails@c2ea31, 5=com.java.Objects.TestDataDetails@a5fce7, 6=com.java.Objects.TestDataDetails@1a9629b, 7=com.java.Objects.TestDataDetails@1e2eace, 8=com.java.Objects.TestDataDetails@1bd5093, 9=com.java.Objects.TestDataDetails@1d87daa, 10=com.java.Objects.TestDataDetails@1290a1d, 11=com.java.Objects.TestDataDetails@17e0655, 12=com.java.Objects.TestDataDetails@1301e56, 13=com.java.Objects.TestDataDetails@23a187, 14=com.java.Objects.TestDataDetails@1662250}
[INFO ][2015-11-05 11:08:15,940][com.java.TestType] [ 7910] - Looping 1TCID = 1
[DEBUG][2015-11-05 11:08:15,940][com.java.TestType] [ 7951] - Concept ID:1 :: Step being Executed: 1::1
[INFO ][2015-11-05 11:08:15,940][com.java.TestType] [ 7989] - dataFields : TXTusername
[DEBUG][2015-11-05 11:08:15,940][com.java.TestType] [ 7995] - <In Set values of the page>
[DEBUG][2015-11-05 11:08:15,940][com.java.TestType] [ 8000] - {Data Fields & Data Values Exist}
[INFO ][2015-11-05 11:08:15,940][com.java.TestType] [ 8006] - --------------------------setting values-----------------------------
[INFO ][2015-11-05 11:08:15,940][com.java.TestType] [ 8009] - Action Type : CLEARANDENTER
[INFO ][2015-11-05 11:08:15,940][com.java.TestType] [ 3761] - value = valuelabs.ie11.03890
[INFO ][2015-11-05 11:08:20,935][com.java.TestType] [ 8028] -  RESULT true
[INFO ][2015-11-05 11:08:20,938][com.java.TestType] [ 8145] - ?   P A S S   ?
[DEBUG][2015-11-05 11:08:20,938][com.java.TestType] [ 7951] - Concept ID:1 :: Step being Executed: 1::2
[INFO ][2015-11-05 11:08:20,938][com.java.TestType] [ 7989] - dataFields : TXTpassword
[DEBUG][2015-11-05 11:08:20,938][com.java.TestType] [ 7995] - <In Set values of the page>
[DEBUG][2015-11-05 11:08:20,938][com.java.TestType] [ 8000] - {Data Fields & Data Values Exist}
[INFO ][2015-11-05 11:08:20,938][com.java.TestType] [ 8006] - --------------------------setting values-----------------------------
[INFO ][2015-11-05 11:08:20,938][com.java.TestType] [ 8009] - Action Type : CLEARANDENTER
[INFO ][2015-11-05 11:08:20,938][com.java.TestType] [ 3761] - value = Password1*
[INFO ][2015-11-05 11:08:26,088][com.java.TestType] [ 8028] -  RESULT true
[INFO ][2015-11-05 11:08:26,088][com.java.TestType] [ 8145] - ?   P A S S   ?
[DEBUG][2015-11-05 11:08:26,088][com.java.TestType] [ 7951] - Concept ID:1 :: Step being Executed: 1::3
[ERROR][2015-11-05 11:08:26,088][com.java.TestType] [ 7984] - Exception: null
[INFO ][2015-11-05 11:08:26,088][com.java.TestType] [ 7989] - dataFields : XPH//button[@type='submit']
[DEBUG][2015-11-05 11:08:26,088][com.java.TestType] [ 7995] - <In Set values of the page>
[DEBUG][2015-11-05 11:08:26,088][com.java.TestType] [ 8000] - {Data Fields & Data Values Exist}
[INFO ][2015-11-05 11:08:26,088][com.java.TestType] [ 8006] - --------------------------setting values-----------------------------
[INFO ][2015-11-05 11:08:26,088][com.java.TestType] [ 8009] - Action Type : Click
[INFO ][2015-11-05 11:08:26,088][com.java.TestType] [ 4074] - Field ::XPH//button[@type='submit']
[INFO ][2015-11-05 11:08:27,102][com.java.TestType] [ 4133] - BEFORE CLICK
[INFO ][2015-11-05 11:08:33,654][com.java.TestType] [ 4141] - Unable to click the object Login
[INFO ][2015-11-05 11:08:33,654][com.java.TestType] [ 8028] -  RESULT true
[INFO ][2015-11-05 11:08:33,654][com.java.TestType] [ 8145] - ?   P A S S   ?
[DEBUG][2015-11-05 11:08:33,654][com.java.TestType] [ 7951] - Concept ID:1 :: Step being Executed: 1::4
[INFO ][2015-11-05 11:08:33,654][com.java.TestType] [ 7989] - dataFields : LNKLogout
[DEBUG][2015-11-05 11:08:33,654][com.java.TestType] [ 7995] - <In Set values of the page>
[DEBUG][2015-11-05 11:08:33,654][com.java.TestType] [ 8000] - {Data Fields & Data Values Exist}
[INFO ][2015-11-05 11:08:33,654][com.java.TestType] [ 8006] - --------------------------setting values-----------------------------
[INFO ][2015-11-05 11:08:33,654][com.java.TestType] [ 8009] - Action Type : WaitForElement
[INFO ][2015-11-05 11:08:33,686][com.java.TestType] [ 8028] -  RESULT true
[INFO ][2015-11-05 11:08:33,686][com.java.TestType] [ 8145] - ?   P A S S   ?
[DEBUG][2015-11-05 11:08:33,686][com.java.TestType] [ 7951] - Concept ID:1 :: Step being Executed: 1::13
[INFO ][2015-11-05 11:08:33,686][com.java.TestType] [ 7989] - dataFields : LNK
[DEBUG][2015-11-05 11:08:33,686][com.java.TestType] [ 7995] - <In Set values of the page>
[DEBUG][2015-11-05 11:08:33,686][com.java.TestType] [ 8000] - {Data Fields & Data Values Exist}
[INFO ][2015-11-05 11:08:33,686][com.java.TestType] [ 8006] - --------------------------setting values-----------------------------
[INFO ][2015-11-05 11:08:33,686][com.java.TestType] [ 8009] - Action Type : Verify
[INFO ][2015-11-05 11:08:33,686][com.java.TestType] [ 4887] - field= LNK value= Logout
[INFO ][2015-11-05 11:08:33,686][com.java.TestType] [ 3761] - value = Logout
[INFO ][2015-11-05 11:08:33,718][com.java.TestType] [ 8028] -  RESULT true
[INFO ][2015-11-05 11:08:33,718][com.java.TestType] [ 8145] - ?   P A S S   ?
[DEBUG][2015-11-05 11:08:33,718][com.java.TestType] [ 7951] - Concept ID:1 :: Step being Executed: 1::14
[INFO ][2015-11-05 11:08:33,718][com.java.TestType] [ 7989] - dataFields : BTN
[DEBUG][2015-11-05 11:08:33,718][com.java.TestType] [ 7995] - <In Set values of the page>
[DEBUG][2015-11-05 11:08:33,718][com.java.TestType] [ 8000] - {Data Fields & Data Values Exist}
[INFO ][2015-11-05 11:08:33,718][com.java.TestType] [ 8006] - --------------------------setting values-----------------------------
[INFO ][2015-11-05 11:08:33,718][com.java.TestType] [ 8009] - Action Type : Verify
[INFO ][2015-11-05 11:08:33,718][com.java.TestType] [ 4887] - field= BTN value= //img[contains(@src,'bdlogo.jpg')]
[INFO ][2015-11-05 11:08:33,718][com.java.TestType] [ 3761] - value = //img[contains(@src,'bdlogo.jpg')]
[INFO ][2015-11-05 11:08:33,749][com.java.TestType] [ 8028] -  RESULT true
[INFO ][2015-11-05 11:08:33,749][com.java.TestType] [ 8145] - ?   P A S S   ?
[INFO ][2015-11-05 11:08:33,749][com.java.TestType] [ 8216] - Looping End......
[INFO ][2015-11-05 11:08:33,749][com.java.SeleniumDriver] [  861] -  RESULT true
[INFO ][2015-11-05 11:08:33,749][com.java.SeleniumDriver] [ 1066] - ?   P A S S   ?
[INFO ][2015-11-05 11:08:33,749][com.java.SeleniumDriver] [  788] - ------------------------------------------
[INFO ][2015-11-05 11:08:33,749][com.java.SeleniumDriver] [  789] - Test case being Executed: 1
[INFO ][2015-11-05 11:08:33,749][com.java.SeleniumDriver] [  800] - Test step:2
[INFO ][2015-11-05 11:08:33,749][com.java.SeleniumDriver] [  812] - Datavalue is----------Concept#2:1-2
[INFO ][2015-11-05 11:08:33,749][com.java.SeleniumDriver] [  836] - DataField : test
[INFO ][2015-11-05 11:08:33,749][com.java.SeleniumDriver] [  838] - DataValue : Concept#2:1-2
[INFO ][2015-11-05 11:08:33,749][com.java.SeleniumDriver] [  844] - <In Set values of the page>
[INFO ][2015-11-05 11:08:33,749][com.java.SeleniumDriver] [  847] - {Data Fields & Data Values Exist}
[INFO ][2015-11-05 11:08:33,749][com.java.SeleniumDriver] [  849] - --------------------------setting values-----------------------------
[INFO ][2015-11-05 11:08:33,749][com.java.SeleniumDriver] [  852] - Action Type : ExecuteTestCase
[INFO ][2015-11-05 11:08:33,749][com.java.TestType] [  411] - The Concept sheet name is ---------- Concept
[INFO ][2015-11-05 11:08:33,749][com.java.TestType] [  414] - The Concept ID  is ---------- 2
[DEBUG][2015-11-05 11:08:33,749][com.java.TestType] [  418] - Steps being executted in the Concept are: 1:2
[INFO ][2015-11-05 11:08:33,749][com.java.TestType] [  425] - Test data details path ---------- D:\BankersDashboard\TestInputs\TestData.xls
[INFO ][2015-11-05 11:08:33,780][com.java.TestType] [  456] -  str(1) = 2
[INFO ][2015-11-05 11:08:33,780][com.java.TestType] [  459] - Test case Id is---2
[INFO ][2015-11-05 11:08:33,780][com.java.TestType] [  461] - 2
[INFO ][2015-11-05 11:08:33,780][com.java.TestType] [  456] -  str(2) = 1
[INFO ][2015-11-05 11:08:33,780][com.java.TestType] [  508] - row values are--------{1=com.java.Objects.TestDataDetails@a18141}
[INFO ][2015-11-05 11:08:33,780][com.java.TestType] [  456] -  str(1) = 2
[INFO ][2015-11-05 11:08:33,780][com.java.TestType] [  459] - Test case Id is---2
[INFO ][2015-11-05 11:08:33,780][com.java.TestType] [  461] - 2
[INFO ][2015-11-05 11:08:33,780][com.java.TestType] [  456] -  str(2) = 2
[INFO ][2015-11-05 11:08:33,780][com.java.TestType] [  508] - row values are--------{1=com.java.Objects.TestDataDetails@a18141, 2=com.java.Objects.TestDataDetails@10ae842}
[INFO ][2015-11-05 11:08:33,780][com.java.TestType] [  456] -  str(1) = 2
[INFO ][2015-11-05 11:08:33,780][com.java.TestType] [  459] - Test case Id is---2
[INFO ][2015-11-05 11:08:33,780][com.java.TestType] [  461] - 2
[INFO ][2015-11-05 11:08:33,780][com.java.TestType] [  456] -  str(2) = 3
[INFO ][2015-11-05 11:08:33,780][com.java.TestType] [  508] - row values are--------{1=com.java.Objects.TestDataDetails@a18141, 2=com.java.Objects.TestDataDetails@10ae842, 3=com.java.Objects.TestDataDetails@6816b7}
[INFO ][2015-11-05 11:08:33,780][com.java.TestType] [ 7910] - Looping 1TCID = 2
[DEBUG][2015-11-05 11:08:33,780][com.java.TestType] [ 7951] - Concept ID:2 :: Step being Executed: 2::1
[INFO ][2015-11-05 11:08:33,780][com.java.TestType] [ 7989] - dataFields : BNK//select[@id='bank']
[DEBUG][2015-11-05 11:08:33,780][com.java.TestType] [ 7995] - <In Set values of the page>
[DEBUG][2015-11-05 11:08:33,780][com.java.TestType] [ 8000] - {Data Fields & Data Values Exist}
[INFO ][2015-11-05 11:08:33,780][com.java.TestType] [ 8006] - --------------------------setting values-----------------------------
[INFO ][2015-11-05 11:08:33,780][com.java.TestType] [ 8009] - Action Type : Select
[INFO ][2015-11-05 11:08:33,780][com.java.TestType] [ 3761] - value = PFC
[INFO ][2015-11-05 11:08:34,029][com.java.TestType] [ 8028] -  RESULT true
[INFO ][2015-11-05 11:08:34,029][com.java.TestType] [ 8145] - ?   P A S S   ?
[DEBUG][2015-11-05 11:08:34,029][com.java.TestType] [ 7951] - Concept ID:2 :: Step being Executed: 2::2
[INFO ][2015-11-05 11:08:34,029][com.java.TestType] [ 7989] - dataFields : LNKLogout
[DEBUG][2015-11-05 11:08:34,031][com.java.TestType] [ 7995] - <In Set values of the page>
[DEBUG][2015-11-05 11:08:34,031][com.java.TestType] [ 8000] - {Data Fields & Data Values Exist}
[INFO ][2015-11-05 11:08:34,031][com.java.TestType] [ 8006] - --------------------------setting values-----------------------------
[INFO ][2015-11-05 11:08:34,031][com.java.TestType] [ 8009] - Action Type : WaitTime
[DEBUG][2015-11-05 11:08:34,031][com.java.TestType] [ 3660] - sleepTime: 5000
[INFO ][2015-11-05 11:08:39,064][com.java.TestType] [ 8028] -  RESULT true
[INFO ][2015-11-05 11:08:39,064][com.java.TestType] [ 8145] - ?   P A S S   ?
[INFO ][2015-11-05 11:08:39,064][com.java.TestType] [ 8216] - Looping End......
[INFO ][2015-11-05 11:08:39,064][com.java.SeleniumDriver] [  861] -  RESULT true
[INFO ][2015-11-05 11:08:39,064][com.java.SeleniumDriver] [ 1066] - ?   P A S S   ?
[INFO ][2015-11-05 11:08:39,064][com.java.SeleniumDriver] [  788] - ------------------------------------------
[INFO ][2015-11-05 11:08:39,064][com.java.SeleniumDriver] [  789] - Test case being Executed: 1
[INFO ][2015-11-05 11:08:39,064][com.java.SeleniumDriver] [  800] - Test step:3
[INFO ][2015-11-05 11:08:39,064][com.java.SeleniumDriver] [  812] - Datavalue is----------2
[INFO ][2015-11-05 11:08:39,064][com.java.SeleniumDriver] [  836] - DataField : XPH//button[contains(text(),'Add Content')]
[INFO ][2015-11-05 11:08:39,064][com.java.SeleniumDriver] [  838] - DataValue : 2
[INFO ][2015-11-05 11:08:39,064][com.java.SeleniumDriver] [  844] - <In Set values of the page>
[INFO ][2015-11-05 11:08:39,064][com.java.SeleniumDriver] [  847] - {Data Fields & Data Values Exist}
[INFO ][2015-11-05 11:08:39,064][com.java.SeleniumDriver] [  849] - --------------------------setting values-----------------------------
[INFO ][2015-11-05 11:08:39,064][com.java.SeleniumDriver] [  852] - Action Type : WAITFORELEMENT
[INFO ][2015-11-05 11:08:39,112][com.java.SeleniumDriver] [  861] -  RESULT true
[INFO ][2015-11-05 11:08:39,112][com.java.SeleniumDriver] [ 1066] - ?   P A S S   ?
[DEBUG][2015-11-05 11:08:39,112][com.java.SeleniumDriver] [ 1168] - Case found
[DEBUG][2015-11-05 11:08:39,112][com.java.SeleniumDriver] [ 1173] - Incrementing ReportCounters[0]:1
[INFO ][2015-11-05 11:08:39,112][com.java.SeleniumDriver] [ 1192] - The results are-------------------[1, 1, Valid Login, Pass, , Thu Nov 05 11:08:33 IST 2015, 1, 2, Valid Login, Pass, , Thu Nov 05 11:08:39 IST 2015, 1, 3, Valid Login, Pass, , Thu Nov 05 11:08:39 IST 2015]
[INFO ][2015-11-05 11:08:39,112][com.java.SeleniumDriver] [ 1196] - End time is-------57 sec
[INFO ][2015-11-05 11:08:39,112][com.java.SeleniumDriver] [ 1197] - The results are-------------------[1, 1, Valid Login, Pass, , Thu Nov 05 11:08:33 IST 2015, 1, 2, Valid Login, Pass, , Thu Nov 05 11:08:39 IST 2015, 1, 3, Valid Login, Pass, , Thu Nov 05 11:08:39 IST 2015]
[DEBUG][2015-11-05 11:08:39,112][com.java.ImportnExport.ExportTestResultsExcel] [  222] - testResultPath = D:\BankersDashboard/TestReports/Test Results_BankersDashBoard_110515_110744_IE11_Simmons First National Bank.xls
[DEBUG][2015-11-05 11:08:39,112][com.java.ImportnExport.ExportTestResultsExcel] [  223] - browser is------------IE11
[DEBUG][2015-11-05 11:08:39,158][com.java.ImportnExport.ExportTestResultsExcel] [  270] - result.size() = 18
[DEBUG][2015-11-05 11:08:39,158][com.java.ImportnExport.ExportTestResultsExcel] [  274] - No of rows in sheet=1
[DEBUG][2015-11-05 11:08:39,158][com.java.ImportnExport.ExportTestResultsExcel] [  301] - ..in export..1
[DEBUG][2015-11-05 11:08:39,158][com.java.ImportnExport.ExportTestResultsExcel] [  301] - ..in export..Valid Login
[DEBUG][2015-11-05 11:08:39,158][com.java.ImportnExport.ExportTestResultsExcel] [  301] - ..in export..Pass
[DEBUG][2015-11-05 11:08:39,158][com.java.ImportnExport.ExportTestResultsExcel] [  301] - ..in export..
[DEBUG][2015-11-05 11:08:39,158][com.java.ImportnExport.ExportTestResultsExcel] [  301] - ..in export..Thu Nov 05 11:08:33 IST 2015
[INFO ][2015-11-05 11:08:39,174][com.java.SeleniumDriver] [ 1255] - out loop:0 size:2 TestCases:[1, 11] testcases:[1, 11]
[INFO ][2015-11-05 11:08:39,174][com.java.ImportnExport.ImportTestDataDetailsExcel] [   49] - test data details path===== D:\BankersDashboard\TestInputs\TestData.xls
[INFO ][2015-11-05 11:09:14,802][com.java.SeleniumDriver] [  788] - ------------------------------------------
[INFO ][2015-11-05 11:09:14,802][com.java.SeleniumDriver] [  789] - Test case being Executed: 11
[INFO ][2015-11-05 11:09:14,802][com.java.SeleniumDriver] [  800] - Test step:1
[INFO ][2015-11-05 11:09:14,802][com.java.SeleniumDriver] [  812] - Datavalue is----------Logout
[INFO ][2015-11-05 11:09:14,802][com.java.SeleniumDriver] [  836] - DataField : BTN
[INFO ][2015-11-05 11:09:14,802][com.java.SeleniumDriver] [  838] - DataValue : Logout
[INFO ][2015-11-05 11:09:14,802][com.java.SeleniumDriver] [  844] - <In Set values of the page>
[INFO ][2015-11-05 11:09:14,802][com.java.SeleniumDriver] [  847] - {Data Fields & Data Values Exist}
[INFO ][2015-11-05 11:09:14,802][com.java.SeleniumDriver] [  849] - --------------------------setting values-----------------------------
[INFO ][2015-11-05 11:09:14,802][com.java.SeleniumDriver] [  852] - Action Type : Verify
[INFO ][2015-11-05 11:09:14,802][com.java.TestType] [ 4887] - field= BTN value= Logout
[INFO ][2015-11-05 11:09:14,802][com.java.TestType] [ 3761] - value = Logout
[INFO ][2015-11-05 11:09:14,834][com.java.SeleniumDriver] [  861] -  RESULT true
[INFO ][2015-11-05 11:09:14,834][com.java.SeleniumDriver] [ 1066] - ?   P A S S   ?
[INFO ][2015-11-05 11:09:14,834][com.java.SeleniumDriver] [ 1108] - step change to 3
[INFO ][2015-11-05 11:09:14,834][com.java.SeleniumDriver] [  788] - ------------------------------------------
[INFO ][2015-11-05 11:09:14,834][com.java.SeleniumDriver] [  789] - Test case being Executed: 11
[INFO ][2015-11-05 11:09:14,834][com.java.SeleniumDriver] [  800] - Test step:3
[INFO ][2015-11-05 11:09:14,834][com.java.SeleniumDriver] [  812] - Datavalue is----------Concept#2:1-2
[INFO ][2015-11-05 11:09:14,834][com.java.SeleniumDriver] [  836] - DataField : test
[INFO ][2015-11-05 11:09:14,834][com.java.SeleniumDriver] [  838] - DataValue : Concept#2:1-2
[INFO ][2015-11-05 11:09:14,834][com.java.SeleniumDriver] [  844] - <In Set values of the page>
[INFO ][2015-11-05 11:09:14,834][com.java.SeleniumDriver] [  847] - {Data Fields & Data Values Exist}
[INFO ][2015-11-05 11:09:14,834][com.java.SeleniumDriver] [  849] - --------------------------setting values-----------------------------
[INFO ][2015-11-05 11:09:14,834][com.java.SeleniumDriver] [  852] - Action Type : ExecuteTestCase
[INFO ][2015-11-05 11:09:14,834][com.java.TestType] [  411] - The Concept sheet name is ---------- Concept
[INFO ][2015-11-05 11:09:14,834][com.java.TestType] [  414] - The Concept ID  is ---------- 2
[DEBUG][2015-11-05 11:09:14,834][com.java.TestType] [  418] - Steps being executted in the Concept are: 1:2
[INFO ][2015-11-05 11:09:14,834][com.java.TestType] [  425] - Test data details path ---------- D:\BankersDashboard\TestInputs\TestData.xls
[INFO ][2015-11-05 11:09:14,865][com.java.TestType] [  456] -  str(1) = 2
[INFO ][2015-11-05 11:09:14,865][com.java.TestType] [  459] - Test case Id is---2
[INFO ][2015-11-05 11:09:14,865][com.java.TestType] [  461] - 2
[INFO ][2015-11-05 11:09:14,865][com.java.TestType] [  456] -  str(2) = 1
[INFO ][2015-11-05 11:09:14,865][com.java.TestType] [  508] - row values are--------{1=com.java.Objects.TestDataDetails@8d9915}
[INFO ][2015-11-05 11:09:14,865][com.java.TestType] [  456] -  str(1) = 2
[INFO ][2015-11-05 11:09:14,865][com.java.TestType] [  459] - Test case Id is---2
[INFO ][2015-11-05 11:09:14,865][com.java.TestType] [  461] - 2
[INFO ][2015-11-05 11:09:14,865][com.java.TestType] [  456] -  str(2) = 2
[INFO ][2015-11-05 11:09:14,865][com.java.TestType] [  508] - row values are--------{1=com.java.Objects.TestDataDetails@8d9915, 2=com.java.Objects.TestDataDetails@e8cdbb}
[INFO ][2015-11-05 11:09:14,865][com.java.TestType] [  456] -  str(1) = 2
[INFO ][2015-11-05 11:09:14,865][com.java.TestType] [  459] - Test case Id is---2
[INFO ][2015-11-05 11:09:14,865][com.java.TestType] [  461] - 2
[INFO ][2015-11-05 11:09:14,865][com.java.TestType] [  456] -  str(2) = 3
[INFO ][2015-11-05 11:09:14,865][com.java.TestType] [  508] - row values are--------{1=com.java.Objects.TestDataDetails@8d9915, 2=com.java.Objects.TestDataDetails@e8cdbb, 3=com.java.Objects.TestDataDetails@781f2a}
[INFO ][2015-11-05 11:09:14,865][com.java.TestType] [ 7910] - Looping 1TCID = 2
[DEBUG][2015-11-05 11:09:14,865][com.java.TestType] [ 7951] - Concept ID:2 :: Step being Executed: 2::1
[INFO ][2015-11-05 11:09:14,865][com.java.TestType] [ 7989] - dataFields : BNK//select[@id='bank']
[DEBUG][2015-11-05 11:09:14,865][com.java.TestType] [ 7995] - <In Set values of the page>
[DEBUG][2015-11-05 11:09:14,865][com.java.TestType] [ 8000] - {Data Fields & Data Values Exist}
[INFO ][2015-11-05 11:09:14,865][com.java.TestType] [ 8006] - --------------------------setting values-----------------------------
[INFO ][2015-11-05 11:09:14,865][com.java.TestType] [ 8009] - Action Type : Select
[INFO ][2015-11-05 11:09:14,865][com.java.TestType] [ 3761] - value = PFC
[INFO ][2015-11-05 11:09:15,132][com.java.TestType] [ 8028] -  RESULT true
[INFO ][2015-11-05 11:09:15,132][com.java.TestType] [ 8145] - ?   P A S S   ?
[DEBUG][2015-11-05 11:09:15,132][com.java.TestType] [ 7951] - Concept ID:2 :: Step being Executed: 2::2
[INFO ][2015-11-05 11:09:15,132][com.java.TestType] [ 7989] - dataFields : LNKLogout
[DEBUG][2015-11-05 11:09:15,132][com.java.TestType] [ 7995] - <In Set values of the page>
[DEBUG][2015-11-05 11:09:15,132][com.java.TestType] [ 8000] - {Data Fields & Data Values Exist}
[INFO ][2015-11-05 11:09:15,132][com.java.TestType] [ 8006] - --------------------------setting values-----------------------------
[INFO ][2015-11-05 11:09:15,132][com.java.TestType] [ 8009] - Action Type : WaitTime
[DEBUG][2015-11-05 11:09:15,132][com.java.TestType] [ 3660] - sleepTime: 5000
[INFO ][2015-11-05 11:09:20,165][com.java.TestType] [ 8028] -  RESULT true
[INFO ][2015-11-05 11:09:20,165][com.java.TestType] [ 8145] - ?   P A S S   ?
[INFO ][2015-11-05 11:09:20,165][com.java.TestType] [ 8216] - Looping End......
[INFO ][2015-11-05 11:09:20,165][com.java.SeleniumDriver] [  861] -  RESULT true
[INFO ][2015-11-05 11:09:20,165][com.java.SeleniumDriver] [ 1066] - ?   P A S S   ?
[INFO ][2015-11-05 11:09:20,165][com.java.SeleniumDriver] [  788] - ------------------------------------------
[INFO ][2015-11-05 11:09:20,165][com.java.SeleniumDriver] [  789] - Test case being Executed: 11
[INFO ][2015-11-05 11:09:20,165][com.java.SeleniumDriver] [  800] - Test step:4
[INFO ][2015-11-05 11:09:20,165][com.java.SeleniumDriver] [  812] - Datavalue is----------null
[DEBUG][2015-11-05 11:09:20,165][com.java.SeleniumDriver] [  830] - Exception: null
[INFO ][2015-11-05 11:09:20,165][com.java.SeleniumDriver] [  836] - DataField : //span[@class='icon-user4']&&Users&&Manage Users
[INFO ][2015-11-05 11:09:20,165][com.java.SeleniumDriver] [  838] - DataValue : 
[INFO ][2015-11-05 11:09:20,165][com.java.SeleniumDriver] [  844] - <In Set values of the page>
[INFO ][2015-11-05 11:09:20,165][com.java.SeleniumDriver] [  847] - {Data Fields & Data Values Exist}
[INFO ][2015-11-05 11:09:20,165][com.java.SeleniumDriver] [  849] - --------------------------setting values-----------------------------
[INFO ][2015-11-05 11:09:20,165][com.java.SeleniumDriver] [  852] - Action Type : MouseOver
[INFO ][2015-11-05 11:11:29,777][com.java.SeleniumDriver] [  861] -  RESULT true
[INFO ][2015-11-05 11:11:29,777][com.java.SeleniumDriver] [ 1066] - ?   P A S S   ?
[INFO ][2015-11-05 11:11:29,777][com.java.SeleniumDriver] [  788] - ------------------------------------------
[INFO ][2015-11-05 11:11:29,777][com.java.SeleniumDriver] [  789] - Test case being Executed: 11
[INFO ][2015-11-05 11:11:29,777][com.java.SeleniumDriver] [  800] - Test step:5
[INFO ][2015-11-05 11:11:29,777][com.java.SeleniumDriver] [  812] - Datavalue is----------2
[INFO ][2015-11-05 11:11:29,777][com.java.SeleniumDriver] [  836] - DataField : BTNframeDialogContent
[INFO ][2015-11-05 11:11:29,777][com.java.SeleniumDriver] [  838] - DataValue : 2
[INFO ][2015-11-05 11:11:29,777][com.java.SeleniumDriver] [  844] - <In Set values of the page>
[INFO ][2015-11-05 11:11:29,777][com.java.SeleniumDriver] [  847] - {Data Fields & Data Values Exist}
[INFO ][2015-11-05 11:11:29,777][com.java.SeleniumDriver] [  849] - --------------------------setting values-----------------------------
[INFO ][2015-11-05 11:11:29,777][com.java.SeleniumDriver] [  852] - Action Type : WaitForElement
[INFO ][2015-11-05 11:11:31,011][com.java.SeleniumDriver] [  861] -  RESULT true
[INFO ][2015-11-05 11:11:31,011][com.java.SeleniumDriver] [ 1066] - ?   P A S S   ?
[INFO ][2015-11-05 11:11:31,011][com.java.SeleniumDriver] [  788] - ------------------------------------------
[INFO ][2015-11-05 11:11:31,011][com.java.SeleniumDriver] [  789] - Test case being Executed: 11
[INFO ][2015-11-05 11:11:31,011][com.java.SeleniumDriver] [  800] - Test step:6
[INFO ][2015-11-05 11:11:31,011][com.java.SeleniumDriver] [  812] - Datavalue is----------null
[DEBUG][2015-11-05 11:11:31,011][com.java.SeleniumDriver] [  830] - Exception: null
[INFO ][2015-11-05 11:11:31,011][com.java.SeleniumDriver] [  836] - DataField : BTNframeDialogContent
[INFO ][2015-11-05 11:11:31,011][com.java.SeleniumDriver] [  838] - DataValue : 
[INFO ][2015-11-05 11:11:31,011][com.java.SeleniumDriver] [  844] - <In Set values of the page>
[INFO ][2015-11-05 11:11:31,011][com.java.SeleniumDriver] [  847] - {Data Fields & Data Values Exist}
[INFO ][2015-11-05 11:11:31,011][com.java.SeleniumDriver] [  849] - --------------------------setting values-----------------------------
[INFO ][2015-11-05 11:11:31,011][com.java.SeleniumDriver] [  852] - Action Type : SelectFrame
[INFO ][2015-11-05 11:11:32,339][com.java.SeleniumDriver] [  861] -  RESULT true
[INFO ][2015-11-05 11:11:32,339][com.java.SeleniumDriver] [ 1066] - ?   P A S S   ?
[INFO ][2015-11-05 11:11:32,339][com.java.SeleniumDriver] [  788] - ------------------------------------------
[INFO ][2015-11-05 11:11:32,339][com.java.SeleniumDriver] [  789] - Test case being Executed: 11
[INFO ][2015-11-05 11:11:32,339][com.java.SeleniumDriver] [  800] - Test step:7
[INFO ][2015-11-05 11:11:32,339][com.java.SeleniumDriver] [  812] - Datavalue is----------2
[INFO ][2015-11-05 11:11:32,339][com.java.SeleniumDriver] [  836] - DataField : BTNbtnAddUser
[INFO ][2015-11-05 11:11:32,339][com.java.SeleniumDriver] [  838] - DataValue : 2
[INFO ][2015-11-05 11:11:32,339][com.java.SeleniumDriver] [  844] - <In Set values of the page>
[INFO ][2015-11-05 11:11:32,339][com.java.SeleniumDriver] [  847] - {Data Fields & Data Values Exist}
[INFO ][2015-11-05 11:11:32,339][com.java.SeleniumDriver] [  849] - --------------------------setting values-----------------------------
[INFO ][2015-11-05 11:11:32,339][com.java.SeleniumDriver] [  852] - Action Type : WaitForElement
[INFO ][2015-11-05 11:11:34,195][com.java.SeleniumDriver] [  861] -  RESULT true
[INFO ][2015-11-05 11:11:34,195][com.java.SeleniumDriver] [ 1066] - ?   P A S S   ?
[INFO ][2015-11-05 11:11:34,195][com.java.SeleniumDriver] [  788] - ------------------------------------------
[INFO ][2015-11-05 11:11:34,195][com.java.SeleniumDriver] [  789] - Test case being Executed: 11
[INFO ][2015-11-05 11:11:34,195][com.java.SeleniumDriver] [  800] - Test step:8
[INFO ][2015-11-05 11:11:34,195][com.java.SeleniumDriver] [  812] - Datavalue is----------null
[DEBUG][2015-11-05 11:11:34,195][com.java.SeleniumDriver] [  830] - Exception: null
[INFO ][2015-11-05 11:11:34,195][com.java.SeleniumDriver] [  836] - DataField : BTNbtnAddUser
[INFO ][2015-11-05 11:11:34,195][com.java.SeleniumDriver] [  838] - DataValue : 
[INFO ][2015-11-05 11:11:34,195][com.java.SeleniumDriver] [  844] - <In Set values of the page>
[INFO ][2015-11-05 11:11:34,195][com.java.SeleniumDriver] [  847] - {Data Fields & Data Values Exist}
[INFO ][2015-11-05 11:11:34,195][com.java.SeleniumDriver] [  849] - --------------------------setting values-----------------------------
[INFO ][2015-11-05 11:11:34,195][com.java.SeleniumDriver] [  852] - Action Type : Click
[INFO ][2015-11-05 11:11:34,195][com.java.TestType] [ 4074] - Field ::BTNbtnAddUser
[INFO ][2015-11-05 11:11:35,210][com.java.TestType] [ 4112] - BEFORE CLICK
[INFO ][2015-11-05 11:11:37,239][com.java.TestType] [ 4119] - Unable to click the object Add user button
[INFO ][2015-11-05 11:11:37,239][com.java.SeleniumDriver] [  861] -  RESULT true
[INFO ][2015-11-05 11:11:37,239][com.java.SeleniumDriver] [ 1066] - ?   P A S S   ?
[INFO ][2015-11-05 11:11:37,239][com.java.SeleniumDriver] [  788] - ------------------------------------------
[INFO ][2015-11-05 11:11:37,239][com.java.SeleniumDriver] [  789] - Test case being Executed: 11
[INFO ][2015-11-05 11:11:37,239][com.java.SeleniumDriver] [  800] - Test step:9
[INFO ][2015-11-05 11:11:37,239][com.java.SeleniumDriver] [  812] - Datavalue is----------2
[INFO ][2015-11-05 11:11:37,239][com.java.SeleniumDriver] [  836] - DataField : BTNtxtUserName
[INFO ][2015-11-05 11:11:37,239][com.java.SeleniumDriver] [  838] - DataValue : 2
[INFO ][2015-11-05 11:11:37,239][com.java.SeleniumDriver] [  844] - <In Set values of the page>
[INFO ][2015-11-05 11:11:37,239][com.java.SeleniumDriver] [  847] - {Data Fields & Data Values Exist}
[INFO ][2015-11-05 11:11:37,239][com.java.SeleniumDriver] [  849] - --------------------------setting values-----------------------------
[INFO ][2015-11-05 11:11:37,239][com.java.SeleniumDriver] [  852] - Action Type : WaitForElement
[INFO ][2015-11-05 11:11:53,010][com.java.SeleniumDriver] [  861] -  RESULT true
[INFO ][2015-11-05 11:11:53,010][com.java.SeleniumDriver] [ 1066] - ?   P A S S   ?
[INFO ][2015-11-05 11:11:53,010][com.java.SeleniumDriver] [  788] - ------------------------------------------
[INFO ][2015-11-05 11:11:53,010][com.java.SeleniumDriver] [  789] - Test case being Executed: 11
[INFO ][2015-11-05 11:11:53,010][com.java.SeleniumDriver] [  800] - Test step:10
[INFO ][2015-11-05 11:11:53,010][com.java.SeleniumDriver] [  812] - Datavalue is----------dt:NewUserName
[INFO ][2015-11-05 11:11:53,010][com.java.SeleniumDriver] [  836] - DataField : TXTtxtUserName
[INFO ][2015-11-05 11:11:53,010][com.java.SeleniumDriver] [  838] - DataValue : dt:NewUserName
[INFO ][2015-11-05 11:11:53,010][com.java.SeleniumDriver] [  844] - <In Set values of the page>
[INFO ][2015-11-05 11:11:53,010][com.java.SeleniumDriver] [  847] - {Data Fields & Data Values Exist}
[INFO ][2015-11-05 11:11:53,010][com.java.SeleniumDriver] [  849] - --------------------------setting values-----------------------------
[INFO ][2015-11-05 11:11:53,010][com.java.SeleniumDriver] [  852] - Action Type : Enter
[INFO ][2015-11-05 11:11:53,010][com.java.TestType] [ 4394] - field = txtUserName
[INFO ][2015-11-05 11:11:53,010][com.java.TestType] [ 3761] - value = vltest.robot
[INFO ][2015-11-05 11:11:55,976][com.java.SeleniumDriver] [  861] -  RESULT true
[INFO ][2015-11-05 11:11:55,976][com.java.SeleniumDriver] [ 1066] - ?   P A S S   ?
[INFO ][2015-11-05 11:11:55,976][com.java.SeleniumDriver] [  788] - ------------------------------------------
[INFO ][2015-11-05 11:11:55,976][com.java.SeleniumDriver] [  789] - Test case being Executed: 11
[INFO ][2015-11-05 11:11:55,976][com.java.SeleniumDriver] [  800] - Test step:11
[INFO ][2015-11-05 11:11:55,976][com.java.SeleniumDriver] [  812] - Datavalue is----------VLTest
[INFO ][2015-11-05 11:11:55,976][com.java.SeleniumDriver] [  836] - DataField : TXTtxtFirstName
[INFO ][2015-11-05 11:11:55,976][com.java.SeleniumDriver] [  838] - DataValue : VLTest
[INFO ][2015-11-05 11:11:55,976][com.java.SeleniumDriver] [  844] - <In Set values of the page>
[INFO ][2015-11-05 11:11:55,976][com.java.SeleniumDriver] [  847] - {Data Fields & Data Values Exist}
[INFO ][2015-11-05 11:11:55,976][com.java.SeleniumDriver] [  849] - --------------------------setting values-----------------------------
[INFO ][2015-11-05 11:11:55,976][com.java.SeleniumDriver] [  852] - Action Type : Enter
[INFO ][2015-11-05 11:11:55,976][com.java.TestType] [ 4394] - field = txtFirstName
[INFO ][2015-11-05 11:11:55,976][com.java.TestType] [ 3761] - value = VLTest
[INFO ][2015-11-05 11:11:59,239][com.java.SeleniumDriver] [  861] -  RESULT true
[INFO ][2015-11-05 11:11:59,239][com.java.SeleniumDriver] [ 1066] - ?   P A S S   ?
[INFO ][2015-11-05 11:11:59,239][com.java.SeleniumDriver] [  788] - ------------------------------------------
[INFO ][2015-11-05 11:11:59,239][com.java.SeleniumDriver] [  789] - Test case being Executed: 11
[INFO ][2015-11-05 11:11:59,239][com.java.SeleniumDriver] [  800] - Test step:12
[INFO ][2015-11-05 11:11:59,239][com.java.SeleniumDriver] [  812] - Datavalue is----------Robot
[INFO ][2015-11-05 11:11:59,239][com.java.SeleniumDriver] [  836] - DataField : TXTtxtLastName
[INFO ][2015-11-05 11:11:59,239][com.java.SeleniumDriver] [  838] - DataValue : Robot
[INFO ][2015-11-05 11:11:59,239][com.java.SeleniumDriver] [  844] - <In Set values of the page>
[INFO ][2015-11-05 11:11:59,239][com.java.SeleniumDriver] [  847] - {Data Fields & Data Values Exist}
[INFO ][2015-11-05 11:11:59,239][com.java.SeleniumDriver] [  849] - --------------------------setting values-----------------------------
[INFO ][2015-11-05 11:11:59,239][com.java.SeleniumDriver] [  852] - Action Type : Enter
[INFO ][2015-11-05 11:11:59,239][com.java.TestType] [ 4394] - field = txtLastName
[INFO ][2015-11-05 11:11:59,239][com.java.TestType] [ 3761] - value = Robot
[INFO ][2015-11-05 11:12:02,204][com.java.SeleniumDriver] [  861] -  RESULT true
[INFO ][2015-11-05 11:12:02,204][com.java.SeleniumDriver] [ 1066] - ?   P A S S   ?
[INFO ][2015-11-05 11:12:02,204][com.java.SeleniumDriver] [  788] - ------------------------------------------
[INFO ][2015-11-05 11:12:02,204][com.java.SeleniumDriver] [  789] - Test case being Executed: 11
[INFO ][2015-11-05 11:12:02,204][com.java.SeleniumDriver] [  800] - Test step:13
[INFO ][2015-11-05 11:12:02,204][com.java.SeleniumDriver] [  812] - Datavalue is----------ValueLabs
[INFO ][2015-11-05 11:12:02,204][com.java.SeleniumDriver] [  836] - DataField : TXTtxtCompany
[INFO ][2015-11-05 11:12:02,204][com.java.SeleniumDriver] [  838] - DataValue : ValueLabs
[INFO ][2015-11-05 11:12:02,204][com.java.SeleniumDriver] [  844] - <In Set values of the page>
[INFO ][2015-11-05 11:12:02,204][com.java.SeleniumDriver] [  847] - {Data Fields & Data Values Exist}
[INFO ][2015-11-05 11:12:02,204][com.java.SeleniumDriver] [  849] - --------------------------setting values-----------------------------
[INFO ][2015-11-05 11:12:02,204][com.java.SeleniumDriver] [  852] - Action Type : Enter
[INFO ][2015-11-05 11:12:02,204][com.java.TestType] [ 4394] - field = txtCompany
[INFO ][2015-11-05 11:12:02,204][com.java.TestType] [ 3761] - value = ValueLabs
[INFO ][2015-11-05 11:12:05,389][com.java.SeleniumDriver] [  861] -  RESULT true
[INFO ][2015-11-05 11:12:05,389][com.java.SeleniumDriver] [ 1066] - ?   P A S S   ?
[INFO ][2015-11-05 11:12:05,389][com.java.SeleniumDriver] [  788] - ------------------------------------------
[INFO ][2015-11-05 11:12:05,389][com.java.SeleniumDriver] [  789] - Test case being Executed: 11
[INFO ][2015-11-05 11:12:05,389][com.java.SeleniumDriver] [  800] - Test step:14
[INFO ][2015-11-05 11:12:05,389][com.java.SeleniumDriver] [  812] - Datavalue is----------India
[INFO ][2015-11-05 11:12:05,389][com.java.SeleniumDriver] [  836] - DataField : TXTtxtLocation
[INFO ][2015-11-05 11:12:05,389][com.java.SeleniumDriver] [  838] - DataValue : India
[INFO ][2015-11-05 11:12:05,389][com.java.SeleniumDriver] [  844] - <In Set values of the page>
[INFO ][2015-11-05 11:12:05,389][com.java.SeleniumDriver] [  847] - {Data Fields & Data Values Exist}
[INFO ][2015-11-05 11:12:05,389][com.java.SeleniumDriver] [  849] - --------------------------setting values-----------------------------
[INFO ][2015-11-05 11:12:05,389][com.java.SeleniumDriver] [  852] - Action Type : Enter
[INFO ][2015-11-05 11:12:05,389][com.java.TestType] [ 4394] - field = txtLocation
[INFO ][2015-11-05 11:12:05,389][com.java.TestType] [ 3761] - value = India
[INFO ][2015-11-05 11:12:08,370][com.java.SeleniumDriver] [  861] -  RESULT true
[INFO ][2015-11-05 11:12:08,370][com.java.SeleniumDriver] [ 1066] - ?   P A S S   ?
[INFO ][2015-11-05 11:12:08,370][com.java.SeleniumDriver] [  788] - ------------------------------------------
[INFO ][2015-11-05 11:12:08,370][com.java.SeleniumDriver] [  789] - Test case being Executed: 11
[INFO ][2015-11-05 11:12:08,370][com.java.SeleniumDriver] [  800] - Test step:15
[INFO ][2015-11-05 11:12:08,370][com.java.SeleniumDriver] [  812] - Datavalue is----------vltest.robot@valuelabs.com
[INFO ][2015-11-05 11:12:08,370][com.java.SeleniumDriver] [  836] - DataField : TXTtxtEMail
[INFO ][2015-11-05 11:12:08,370][com.java.SeleniumDriver] [  838] - DataValue : vltest.robot@valuelabs.com
[INFO ][2015-11-05 11:12:08,370][com.java.SeleniumDriver] [  844] - <In Set values of the page>
[INFO ][2015-11-05 11:12:08,370][com.java.SeleniumDriver] [  847] - {Data Fields & Data Values Exist}
[INFO ][2015-11-05 11:12:08,370][com.java.SeleniumDriver] [  849] - --------------------------setting values-----------------------------
[INFO ][2015-11-05 11:12:08,370][com.java.SeleniumDriver] [  852] - Action Type : Enter
[INFO ][2015-11-05 11:12:08,370][com.java.TestType] [ 4394] - field = txtEMail
[INFO ][2015-11-05 11:12:08,370][com.java.TestType] [ 3761] - value = vltest.robot@valuelabs.com
[INFO ][2015-11-05 11:12:11,695][com.java.SeleniumDriver] [  861] -  RESULT true
[INFO ][2015-11-05 11:12:11,695][com.java.SeleniumDriver] [ 1066] - ?   P A S S   ?
[INFO ][2015-11-05 11:12:11,695][com.java.SeleniumDriver] [  788] - ------------------------------------------
[INFO ][2015-11-05 11:12:11,695][com.java.SeleniumDriver] [  789] - Test case being Executed: 11
[INFO ][2015-11-05 11:12:11,695][com.java.SeleniumDriver] [  800] - Test step:16
[INFO ][2015-11-05 11:12:11,695][com.java.SeleniumDriver] [  812] - Datavalue is----------12345678901
[INFO ][2015-11-05 11:12:11,695][com.java.SeleniumDriver] [  836] - DataField : TXTtxtPhone
[INFO ][2015-11-05 11:12:11,695][com.java.SeleniumDriver] [  838] - DataValue : 12345678901
[INFO ][2015-11-05 11:12:11,695][com.java.SeleniumDriver] [  844] - <In Set values of the page>
[INFO ][2015-11-05 11:12:11,695][com.java.SeleniumDriver] [  847] - {Data Fields & Data Values Exist}
[INFO ][2015-11-05 11:12:11,695][com.java.SeleniumDriver] [  849] - --------------------------setting values-----------------------------
[INFO ][2015-11-05 11:12:11,695][com.java.SeleniumDriver] [  852] - Action Type : Enter
[INFO ][2015-11-05 11:12:11,695][com.java.TestType] [ 4394] - field = txtPhone
[INFO ][2015-11-05 11:12:11,695][com.java.TestType] [ 3761] - value = 12345678901
[INFO ][2015-11-05 11:12:14,645][com.java.SeleniumDriver] [  861] -  RESULT true
[INFO ][2015-11-05 11:12:14,645][com.java.SeleniumDriver] [ 1066] - ?   P A S S   ?
[INFO ][2015-11-05 11:12:14,645][com.java.SeleniumDriver] [  788] - ------------------------------------------
[INFO ][2015-11-05 11:12:14,645][com.java.SeleniumDriver] [  789] - Test case being Executed: 11
[INFO ][2015-11-05 11:12:14,645][com.java.SeleniumDriver] [  800] - Test step:17
[INFO ][2015-11-05 11:12:14,645][com.java.SeleniumDriver] [  812] - Datavalue is----------dt:NewUserPswd
[INFO ][2015-11-05 11:12:14,645][com.java.SeleniumDriver] [  836] - DataField : TXTtxtPassword
[INFO ][2015-11-05 11:12:14,645][com.java.SeleniumDriver] [  838] - DataValue : dt:NewUserPswd
[INFO ][2015-11-05 11:12:14,645][com.java.SeleniumDriver] [  844] - <In Set values of the page>
[INFO ][2015-11-05 11:12:14,645][com.java.SeleniumDriver] [  847] - {Data Fields & Data Values Exist}
[INFO ][2015-11-05 11:12:14,645][com.java.SeleniumDriver] [  849] - --------------------------setting values-----------------------------
[INFO ][2015-11-05 11:12:14,645][com.java.SeleniumDriver] [  852] - Action Type : Enter
[INFO ][2015-11-05 11:12:14,645][com.java.TestType] [ 4394] - field = txtPassword
[INFO ][2015-11-05 11:12:14,645][com.java.TestType] [ 3761] - value = Password1*
[INFO ][2015-11-05 11:12:17,829][com.java.SeleniumDriver] [  861] -  RESULT true
[INFO ][2015-11-05 11:12:17,829][com.java.SeleniumDriver] [ 1066] - ?   P A S S   ?
[INFO ][2015-11-05 11:12:17,829][com.java.SeleniumDriver] [  788] - ------------------------------------------
[INFO ][2015-11-05 11:12:17,829][com.java.SeleniumDriver] [  789] - Test case being Executed: 11
[INFO ][2015-11-05 11:12:17,829][com.java.SeleniumDriver] [  800] - Test step:18
[INFO ][2015-11-05 11:12:17,829][com.java.SeleniumDriver] [  812] - Datavalue is----------dt:NewUserPswd
[INFO ][2015-11-05 11:12:17,829][com.java.SeleniumDriver] [  836] - DataField : TXTtxtPasswordConfirm
[INFO ][2015-11-05 11:12:17,829][com.java.SeleniumDriver] [  838] - DataValue : dt:NewUserPswd
[INFO ][2015-11-05 11:12:17,829][com.java.SeleniumDriver] [  844] - <In Set values of the page>
[INFO ][2015-11-05 11:12:17,829][com.java.SeleniumDriver] [  847] - {Data Fields & Data Values Exist}
[INFO ][2015-11-05 11:12:17,829][com.java.SeleniumDriver] [  849] - --------------------------setting values-----------------------------
[INFO ][2015-11-05 11:12:17,829][com.java.SeleniumDriver] [  852] - Action Type : Enter
[INFO ][2015-11-05 11:12:17,829][com.java.TestType] [ 4394] - field = txtPasswordConfirm
[INFO ][2015-11-05 11:12:17,829][com.java.TestType] [ 3761] - value = Password1*
[INFO ][2015-11-05 11:12:21,029][com.java.SeleniumDriver] [  861] -  RESULT true
[INFO ][2015-11-05 11:12:21,029][com.java.SeleniumDriver] [ 1066] - ?   P A S S   ?
[INFO ][2015-11-05 11:12:21,029][com.java.SeleniumDriver] [  788] - ------------------------------------------
[INFO ][2015-11-05 11:12:21,029][com.java.SeleniumDriver] [  789] - Test case being Executed: 11
[INFO ][2015-11-05 11:12:21,029][com.java.SeleniumDriver] [  800] - Test step:19
[INFO ][2015-11-05 11:12:21,029][com.java.SeleniumDriver] [  812] - Datavalue is----------null
[DEBUG][2015-11-05 11:12:21,029][com.java.SeleniumDriver] [  830] - Exception: null
[INFO ][2015-11-05 11:12:21,029][com.java.SeleniumDriver] [  836] - DataField : BTNparent
[INFO ][2015-11-05 11:12:21,029][com.java.SeleniumDriver] [  838] - DataValue : 
[INFO ][2015-11-05 11:12:21,029][com.java.SeleniumDriver] [  844] - <In Set values of the page>
[INFO ][2015-11-05 11:12:21,029][com.java.SeleniumDriver] [  847] - {Data Fields & Data Values Exist}
[INFO ][2015-11-05 11:12:21,029][com.java.SeleniumDriver] [  849] - --------------------------setting values-----------------------------
[INFO ][2015-11-05 11:12:21,029][com.java.SeleniumDriver] [  852] - Action Type : SelectFrame
[INFO ][2015-11-05 11:12:21,045][com.java.SeleniumDriver] [  861] -  RESULT true
[INFO ][2015-11-05 11:12:21,045][com.java.SeleniumDriver] [ 1066] - ?   P A S S   ?
[INFO ][2015-11-05 11:12:21,045][com.java.SeleniumDriver] [  788] - ------------------------------------------
[INFO ][2015-11-05 11:12:21,045][com.java.SeleniumDriver] [  789] - Test case being Executed: 11
[INFO ][2015-11-05 11:12:21,045][com.java.SeleniumDriver] [  800] - Test step:20
[INFO ][2015-11-05 11:12:21,045][com.java.SeleniumDriver] [  812] - Datavalue is----------5
[INFO ][2015-11-05 11:12:21,045][com.java.SeleniumDriver] [  836] - DataField : test
[INFO ][2015-11-05 11:12:21,045][com.java.SeleniumDriver] [  838] - DataValue : 5
[INFO ][2015-11-05 11:12:21,045][com.java.SeleniumDriver] [  844] - <In Set values of the page>
[INFO ][2015-11-05 11:12:21,045][com.java.SeleniumDriver] [  847] - {Data Fields & Data Values Exist}
[INFO ][2015-11-05 11:12:21,045][com.java.SeleniumDriver] [  849] - --------------------------setting values-----------------------------
[INFO ][2015-11-05 11:12:21,045][com.java.SeleniumDriver] [  852] - Action Type : WaitTime
[DEBUG][2015-11-05 11:12:21,045][com.java.TestType] [ 3660] - sleepTime: 5000
[INFO ][2015-11-05 11:12:26,052][com.java.SeleniumDriver] [  861] -  RESULT true
[INFO ][2015-11-05 11:12:26,052][com.java.SeleniumDriver] [ 1066] - ?   P A S S   ?
[INFO ][2015-11-05 11:12:26,052][com.java.SeleniumDriver] [  788] - ------------------------------------------
[INFO ][2015-11-05 11:12:26,052][com.java.SeleniumDriver] [  789] - Test case being Executed: 11
[INFO ][2015-11-05 11:12:26,052][com.java.SeleniumDriver] [  800] - Test step:21
[INFO ][2015-11-05 11:12:26,052][com.java.SeleniumDriver] [  812] - Datavalue is----------null
[DEBUG][2015-11-05 11:12:26,052][com.java.SeleniumDriver] [  830] - Exception: null
[INFO ][2015-11-05 11:12:26,052][com.java.SeleniumDriver] [  836] - DataField : XPH//span[contains(text(), 'Finished')]
[INFO ][2015-11-05 11:12:26,052][com.java.SeleniumDriver] [  838] - DataValue : 
[INFO ][2015-11-05 11:12:26,052][com.java.SeleniumDriver] [  844] - <In Set values of the page>
[INFO ][2015-11-05 11:12:26,052][com.java.SeleniumDriver] [  847] - {Data Fields & Data Values Exist}
[INFO ][2015-11-05 11:12:26,052][com.java.SeleniumDriver] [  849] - --------------------------setting values-----------------------------
[INFO ][2015-11-05 11:12:26,052][com.java.SeleniumDriver] [  852] - Action Type : Click
[INFO ][2015-11-05 11:12:26,052][com.java.TestType] [ 4074] - Field ::XPH//span[contains(text(), 'Finished')]
[INFO ][2015-11-05 11:12:27,067][com.java.TestType] [ 4133] - BEFORE CLICK
[INFO ][2015-11-05 11:12:28,814][com.java.TestType] [ 4141] - Unable to click the object Finished button
[INFO ][2015-11-05 11:12:28,814][com.java.SeleniumDriver] [  861] -  RESULT true
[INFO ][2015-11-05 11:12:28,814][com.java.SeleniumDriver] [ 1066] - ?   P A S S   ?
[INFO ][2015-11-05 11:12:28,814][com.java.SeleniumDriver] [  788] - ------------------------------------------
[INFO ][2015-11-05 11:12:28,814][com.java.SeleniumDriver] [  789] - Test case being Executed: 11
[INFO ][2015-11-05 11:12:28,814][com.java.SeleniumDriver] [  800] - Test step:22
[INFO ][2015-11-05 11:12:28,814][com.java.SeleniumDriver] [  812] - Datavalue is----------null
[DEBUG][2015-11-05 11:12:28,814][com.java.SeleniumDriver] [  830] - Exception: null
[INFO ][2015-11-05 11:12:28,814][com.java.SeleniumDriver] [  836] - DataField : XPH//span[contains(text(), 'Finished')]
[INFO ][2015-11-05 11:12:28,814][com.java.SeleniumDriver] [  838] - DataValue : 
[INFO ][2015-11-05 11:12:28,814][com.java.SeleniumDriver] [  844] - <In Set values of the page>
[INFO ][2015-11-05 11:12:28,814][com.java.SeleniumDriver] [  847] - {Data Fields & Data Values Exist}
[INFO ][2015-11-05 11:12:28,814][com.java.SeleniumDriver] [  849] - --------------------------setting values-----------------------------
[INFO ][2015-11-05 11:12:28,814][com.java.SeleniumDriver] [  852] - Action Type : WaitForElement
[INFO ][2015-11-05 11:12:28,846][com.java.SeleniumDriver] [  861] -  RESULT true
[INFO ][2015-11-05 11:12:28,846][com.java.SeleniumDriver] [ 1066] - ?   P A S S   ?
[INFO ][2015-11-05 11:12:28,846][com.java.SeleniumDriver] [  788] - ------------------------------------------
[INFO ][2015-11-05 11:12:28,846][com.java.SeleniumDriver] [  789] - Test case being Executed: 11
[INFO ][2015-11-05 11:12:28,846][com.java.SeleniumDriver] [  800] - Test step:23
[INFO ][2015-11-05 11:12:28,846][com.java.SeleniumDriver] [  812] - Datavalue is----------null
[DEBUG][2015-11-05 11:12:28,846][com.java.SeleniumDriver] [  830] - Exception: null
[INFO ][2015-11-05 11:12:28,846][com.java.SeleniumDriver] [  836] - DataField : BTNframeDialogContent
[INFO ][2015-11-05 11:12:28,846][com.java.SeleniumDriver] [  838] - DataValue : 
[INFO ][2015-11-05 11:12:28,846][com.java.SeleniumDriver] [  844] - <In Set values of the page>
[INFO ][2015-11-05 11:12:28,846][com.java.SeleniumDriver] [  847] - {Data Fields & Data Values Exist}
[INFO ][2015-11-05 11:12:28,846][com.java.SeleniumDriver] [  849] - --------------------------setting values-----------------------------
[INFO ][2015-11-05 11:12:28,846][com.java.SeleniumDriver] [  852] - Action Type : SelectFrame
[INFO ][2015-11-05 11:12:30,142][com.java.SeleniumDriver] [  861] -  RESULT true
[INFO ][2015-11-05 11:12:30,142][com.java.SeleniumDriver] [ 1066] - ?   P A S S   ?
[INFO ][2015-11-05 11:12:30,142][com.java.SeleniumDriver] [  788] - ------------------------------------------
[INFO ][2015-11-05 11:12:30,142][com.java.SeleniumDriver] [  789] - Test case being Executed: 11
[INFO ][2015-11-05 11:12:30,142][com.java.SeleniumDriver] [  800] - Test step:24
[INFO ][2015-11-05 11:12:30,142][com.java.SeleniumDriver] [  812] - Datavalue is----------null
[DEBUG][2015-11-05 11:12:30,142][com.java.SeleniumDriver] [  830] - Exception: null
[INFO ][2015-11-05 11:12:30,142][com.java.SeleniumDriver] [  836] - DataField : BTNchkGlobalPrivsUserAdmin
[INFO ][2015-11-05 11:12:30,142][com.java.SeleniumDriver] [  838] - DataValue : 
[INFO ][2015-11-05 11:12:30,142][com.java.SeleniumDriver] [  844] - <In Set values of the page>
[INFO ][2015-11-05 11:12:30,142][com.java.SeleniumDriver] [  847] - {Data Fields & Data Values Exist}
[INFO ][2015-11-05 11:12:30,142][com.java.SeleniumDriver] [  849] - --------------------------setting values-----------------------------
[INFO ][2015-11-05 11:12:30,142][com.java.SeleniumDriver] [  852] - Action Type : Click
[INFO ][2015-11-05 11:12:30,142][com.java.TestType] [ 4074] - Field ::BTNchkGlobalPrivsUserAdmin
[INFO ][2015-11-05 11:12:31,156][com.java.TestType] [ 4112] - BEFORE CLICK
[INFO ][2015-11-05 11:12:32,561][com.java.TestType] [ 4119] - Unable to click the object User Admin check box
[INFO ][2015-11-05 11:12:32,561][com.java.SeleniumDriver] [  861] -  RESULT true
[INFO ][2015-11-05 11:12:32,561][com.java.SeleniumDriver] [ 1066] - ?   P A S S   ?
[INFO ][2015-11-05 11:12:32,561][com.java.SeleniumDriver] [  788] - ------------------------------------------
[INFO ][2015-11-05 11:12:32,561][com.java.SeleniumDriver] [  789] - Test case being Executed: 11
[INFO ][2015-11-05 11:12:32,561][com.java.SeleniumDriver] [  800] - Test step:25
[INFO ][2015-11-05 11:12:32,561][com.java.SeleniumDriver] [  812] - Datavalue is----------null
[DEBUG][2015-11-05 11:12:32,561][com.java.SeleniumDriver] [  830] - Exception: null
[INFO ][2015-11-05 11:12:32,561][com.java.SeleniumDriver] [  836] - DataField : BTNrdoEnableEntity_Enable
[INFO ][2015-11-05 11:12:32,561][com.java.SeleniumDriver] [  838] - DataValue : 
[INFO ][2015-11-05 11:12:32,561][com.java.SeleniumDriver] [  844] - <In Set values of the page>
[INFO ][2015-11-05 11:12:32,561][com.java.SeleniumDriver] [  847] - {Data Fields & Data Values Exist}
[INFO ][2015-11-05 11:12:32,561][com.java.SeleniumDriver] [  849] - --------------------------setting values-----------------------------
[INFO ][2015-11-05 11:12:32,561][com.java.SeleniumDriver] [  852] - Action Type : Click
[INFO ][2015-11-05 11:12:32,561][com.java.TestType] [ 4074] - Field ::BTNrdoEnableEntity_Enable
[INFO ][2015-11-05 11:12:33,575][com.java.TestType] [ 4112] - BEFORE CLICK
[INFO ][2015-11-05 11:12:34,933][com.java.TestType] [ 4119] - Unable to click the object Enable radio button
[INFO ][2015-11-05 11:12:34,933][com.java.SeleniumDriver] [  861] -  RESULT true
[INFO ][2015-11-05 11:12:34,933][com.java.SeleniumDriver] [ 1066] - ?   P A S S   ?
[INFO ][2015-11-05 11:12:34,933][com.java.SeleniumDriver] [  788] - ------------------------------------------
[INFO ][2015-11-05 11:12:34,933][com.java.SeleniumDriver] [  789] - Test case being Executed: 11
[INFO ][2015-11-05 11:12:34,933][com.java.SeleniumDriver] [  800] - Test step:26
[INFO ][2015-11-05 11:12:34,933][com.java.SeleniumDriver] [  812] - Datavalue is----------null
[DEBUG][2015-11-05 11:12:34,933][com.java.SeleniumDriver] [  830] - Exception: null
[INFO ][2015-11-05 11:12:34,933][com.java.SeleniumDriver] [  836] - DataField : BTNchkProfitCenterAll
[INFO ][2015-11-05 11:12:34,933][com.java.SeleniumDriver] [  838] - DataValue : 
[INFO ][2015-11-05 11:12:34,933][com.java.SeleniumDriver] [  844] - <In Set values of the page>
[INFO ][2015-11-05 11:12:34,933][com.java.SeleniumDriver] [  847] - {Data Fields & Data Values Exist}
[INFO ][2015-11-05 11:12:34,933][com.java.SeleniumDriver] [  849] - --------------------------setting values-----------------------------
[INFO ][2015-11-05 11:12:34,933][com.java.SeleniumDriver] [  852] - Action Type : Click
[INFO ][2015-11-05 11:12:34,933][com.java.TestType] [ 4074] - Field ::BTNchkProfitCenterAll
[INFO ][2015-11-05 11:12:35,947][com.java.TestType] [ 4112] - BEFORE CLICK
[INFO ][2015-11-05 11:12:37,321][com.java.TestType] [ 4119] - Unable to click the object All Check box
[INFO ][2015-11-05 11:12:37,321][com.java.SeleniumDriver] [  861] -  RESULT true
[INFO ][2015-11-05 11:12:37,321][com.java.SeleniumDriver] [ 1066] - ?   P A S S   ?
[INFO ][2015-11-05 11:12:37,321][com.java.SeleniumDriver] [  788] - ------------------------------------------
[INFO ][2015-11-05 11:12:37,321][com.java.SeleniumDriver] [  789] - Test case being Executed: 11
[INFO ][2015-11-05 11:12:37,321][com.java.SeleniumDriver] [  800] - Test step:27
[INFO ][2015-11-05 11:12:37,321][com.java.SeleniumDriver] [  812] - Datavalue is----------null
[DEBUG][2015-11-05 11:12:37,321][com.java.SeleniumDriver] [  830] - Exception: null
[INFO ][2015-11-05 11:12:37,321][com.java.SeleniumDriver] [  836] - DataField : BTNchkPrivsAccessGL
[INFO ][2015-11-05 11:12:37,321][com.java.SeleniumDriver] [  838] - DataValue : 
[INFO ][2015-11-05 11:12:37,321][com.java.SeleniumDriver] [  844] - <In Set values of the page>
[INFO ][2015-11-05 11:12:37,321][com.java.SeleniumDriver] [  847] - {Data Fields & Data Values Exist}
[INFO ][2015-11-05 11:12:37,321][com.java.SeleniumDriver] [  849] - --------------------------setting values-----------------------------
[INFO ][2015-11-05 11:12:37,321][com.java.SeleniumDriver] [  852] - Action Type : Click
[INFO ][2015-11-05 11:12:37,321][com.java.TestType] [ 4074] - Field ::BTNchkPrivsAccessGL
[INFO ][2015-11-05 11:12:38,335][com.java.TestType] [ 4112] - BEFORE CLICK
[INFO ][2015-11-05 11:12:39,708][com.java.TestType] [ 4119] - Unable to click the object GL check box
[INFO ][2015-11-05 11:12:39,708][com.java.SeleniumDriver] [  861] -  RESULT true
[INFO ][2015-11-05 11:12:39,708][com.java.SeleniumDriver] [ 1066] - ?   P A S S   ?
[INFO ][2015-11-05 11:12:39,708][com.java.SeleniumDriver] [  788] - ------------------------------------------
[INFO ][2015-11-05 11:12:39,708][com.java.SeleniumDriver] [  789] - Test case being Executed: 11
[INFO ][2015-11-05 11:12:39,708][com.java.SeleniumDriver] [  800] - Test step:28
[INFO ][2015-11-05 11:12:39,708][com.java.SeleniumDriver] [  812] - Datavalue is----------null
[DEBUG][2015-11-05 11:12:39,708][com.java.SeleniumDriver] [  830] - Exception: null
[INFO ][2015-11-05 11:12:39,708][com.java.SeleniumDriver] [  836] - DataField : BTNparent
[INFO ][2015-11-05 11:12:39,708][com.java.SeleniumDriver] [  838] - DataValue : 
[INFO ][2015-11-05 11:12:39,708][com.java.SeleniumDriver] [  844] - <In Set values of the page>
[INFO ][2015-11-05 11:12:39,708][com.java.SeleniumDriver] [  847] - {Data Fields & Data Values Exist}
[INFO ][2015-11-05 11:12:39,708][com.java.SeleniumDriver] [  849] - --------------------------setting values-----------------------------
[INFO ][2015-11-05 11:12:39,708][com.java.SeleniumDriver] [  852] - Action Type : SelectFrame
[INFO ][2015-11-05 11:12:39,724][com.java.SeleniumDriver] [  861] -  RESULT true
[INFO ][2015-11-05 11:12:39,724][com.java.SeleniumDriver] [ 1066] - ?   P A S S   ?
[INFO ][2015-11-05 11:12:39,724][com.java.SeleniumDriver] [  788] - ------------------------------------------
[INFO ][2015-11-05 11:12:39,724][com.java.SeleniumDriver] [  789] - Test case being Executed: 11
[INFO ][2015-11-05 11:12:39,724][com.java.SeleniumDriver] [  800] - Test step:29
[INFO ][2015-11-05 11:12:39,724][com.java.SeleniumDriver] [  812] - Datavalue is----------5
[INFO ][2015-11-05 11:12:39,724][com.java.SeleniumDriver] [  836] - DataField : test
[INFO ][2015-11-05 11:12:39,724][com.java.SeleniumDriver] [  838] - DataValue : 5
[INFO ][2015-11-05 11:12:39,724][com.java.SeleniumDriver] [  844] - <In Set values of the page>
[INFO ][2015-11-05 11:12:39,724][com.java.SeleniumDriver] [  847] - {Data Fields & Data Values Exist}
[INFO ][2015-11-05 11:12:39,724][com.java.SeleniumDriver] [  849] - --------------------------setting values-----------------------------
[INFO ][2015-11-05 11:12:39,724][com.java.SeleniumDriver] [  852] - Action Type : WaitTime
[DEBUG][2015-11-05 11:12:39,724][com.java.TestType] [ 3660] - sleepTime: 5000
[INFO ][2015-11-05 11:12:44,731][com.java.SeleniumDriver] [  861] -  RESULT true
[INFO ][2015-11-05 11:12:44,731][com.java.SeleniumDriver] [ 1066] - ?   P A S S   ?
[INFO ][2015-11-05 11:12:44,731][com.java.SeleniumDriver] [  788] - ------------------------------------------
[INFO ][2015-11-05 11:12:44,731][com.java.SeleniumDriver] [  789] - Test case being Executed: 11
[INFO ][2015-11-05 11:12:44,731][com.java.SeleniumDriver] [  800] - Test step:30
[INFO ][2015-11-05 11:12:44,731][com.java.SeleniumDriver] [  812] - Datavalue is----------null
[DEBUG][2015-11-05 11:12:44,731][com.java.SeleniumDriver] [  830] - Exception: null
[INFO ][2015-11-05 11:12:44,731][com.java.SeleniumDriver] [  836] - DataField : XPH//span[contains(text(), 'Finished')]
[INFO ][2015-11-05 11:12:44,731][com.java.SeleniumDriver] [  838] - DataValue : 
[INFO ][2015-11-05 11:12:44,731][com.java.SeleniumDriver] [  844] - <In Set values of the page>
[INFO ][2015-11-05 11:12:44,731][com.java.SeleniumDriver] [  847] - {Data Fields & Data Values Exist}
[INFO ][2015-11-05 11:12:44,731][com.java.SeleniumDriver] [  849] - --------------------------setting values-----------------------------
[INFO ][2015-11-05 11:12:44,731][com.java.SeleniumDriver] [  852] - Action Type : Click
[INFO ][2015-11-05 11:12:44,731][com.java.TestType] [ 4074] - Field ::XPH//span[contains(text(), 'Finished')]
[INFO ][2015-11-05 11:12:45,746][com.java.TestType] [ 4133] - BEFORE CLICK
[INFO ][2015-11-05 11:12:53,686][com.java.TestType] [ 4141] - Unable to click the object Finished button
[INFO ][2015-11-05 11:12:53,686][com.java.SeleniumDriver] [  861] -  RESULT true
[INFO ][2015-11-05 11:12:53,686][com.java.SeleniumDriver] [ 1066] - ?   P A S S   ?
[INFO ][2015-11-05 11:12:53,686][com.java.SeleniumDriver] [  788] - ------------------------------------------
[INFO ][2015-11-05 11:12:53,686][com.java.SeleniumDriver] [  789] - Test case being Executed: 11
[INFO ][2015-11-05 11:12:53,686][com.java.SeleniumDriver] [  800] - Test step:31
[INFO ][2015-11-05 11:12:53,686][com.java.SeleniumDriver] [  812] - Datavalue is----------5
[INFO ][2015-11-05 11:12:53,686][com.java.SeleniumDriver] [  836] - DataField : BTNframeDialogContent
[INFO ][2015-11-05 11:12:53,686][com.java.SeleniumDriver] [  838] - DataValue : 5
[INFO ][2015-11-05 11:12:53,686][com.java.SeleniumDriver] [  844] - <In Set values of the page>
[INFO ][2015-11-05 11:12:53,686][com.java.SeleniumDriver] [  847] - {Data Fields & Data Values Exist}
[INFO ][2015-11-05 11:12:53,686][com.java.SeleniumDriver] [  849] - --------------------------setting values-----------------------------
[INFO ][2015-11-05 11:12:53,686][com.java.SeleniumDriver] [  852] - Action Type : WaitForElement
[INFO ][2015-11-05 11:12:54,935][com.java.SeleniumDriver] [  861] -  RESULT true
[INFO ][2015-11-05 11:12:54,935][com.java.SeleniumDriver] [ 1066] - ?   P A S S   ?
[INFO ][2015-11-05 11:12:54,935][com.java.SeleniumDriver] [  788] - ------------------------------------------
[INFO ][2015-11-05 11:12:54,935][com.java.SeleniumDriver] [  789] - Test case being Executed: 11
[INFO ][2015-11-05 11:12:54,935][com.java.SeleniumDriver] [  800] - Test step:32
[INFO ][2015-11-05 11:12:54,935][com.java.SeleniumDriver] [  812] - Datavalue is----------null
[DEBUG][2015-11-05 11:12:54,935][com.java.SeleniumDriver] [  830] - Exception: null
[INFO ][2015-11-05 11:12:54,935][com.java.SeleniumDriver] [  836] - DataField : BTNframeDialogContent
[INFO ][2015-11-05 11:12:54,935][com.java.SeleniumDriver] [  838] - DataValue : 
[INFO ][2015-11-05 11:12:54,935][com.java.SeleniumDriver] [  844] - <In Set values of the page>
[INFO ][2015-11-05 11:12:54,935][com.java.SeleniumDriver] [  847] - {Data Fields & Data Values Exist}
[INFO ][2015-11-05 11:12:54,935][com.java.SeleniumDriver] [  849] - --------------------------setting values-----------------------------
[INFO ][2015-11-05 11:12:54,935][com.java.SeleniumDriver] [  852] - Action Type : SelectFrame
[INFO ][2015-11-05 11:12:56,216][com.java.SeleniumDriver] [  861] -  RESULT true
[INFO ][2015-11-05 11:12:56,216][com.java.SeleniumDriver] [ 1066] - ?   P A S S   ?
[INFO ][2015-11-05 11:12:56,216][com.java.SeleniumDriver] [  788] - ------------------------------------------
[INFO ][2015-11-05 11:12:56,216][com.java.SeleniumDriver] [  789] - Test case being Executed: 11
[INFO ][2015-11-05 11:12:56,216][com.java.SeleniumDriver] [  800] - Test step:33
[INFO ][2015-11-05 11:12:56,216][com.java.SeleniumDriver] [  812] - Datavalue is----------null
[DEBUG][2015-11-05 11:12:56,216][com.java.SeleniumDriver] [  830] - Exception: null
[INFO ][2015-11-05 11:12:56,216][com.java.SeleniumDriver] [  836] - DataField : XPH//table[@id="tblUserListing"]//td[contains(text(),'vltest.robot')]
[INFO ][2015-11-05 11:12:56,216][com.java.SeleniumDriver] [  838] - DataValue : 
[INFO ][2015-11-05 11:12:56,216][com.java.SeleniumDriver] [  844] - <In Set values of the page>
[INFO ][2015-11-05 11:12:56,216][com.java.SeleniumDriver] [  847] - {Data Fields & Data Values Exist}
[INFO ][2015-11-05 11:12:56,216][com.java.SeleniumDriver] [  849] - --------------------------setting values-----------------------------
[INFO ][2015-11-05 11:12:56,216][com.java.SeleniumDriver] [  852] - Action Type : WaitForElement
[INFO ][2015-11-05 11:12:56,279][com.java.SeleniumDriver] [  861] -  RESULT true
[INFO ][2015-11-05 11:12:56,279][com.java.SeleniumDriver] [ 1066] - ?   P A S S   ?
[INFO ][2015-11-05 11:12:56,279][com.java.SeleniumDriver] [  788] - ------------------------------------------
[INFO ][2015-11-05 11:12:56,279][com.java.SeleniumDriver] [  789] - Test case being Executed: 11
[INFO ][2015-11-05 11:12:56,279][com.java.SeleniumDriver] [  800] - Test step:34
[INFO ][2015-11-05 11:12:56,279][com.java.SeleniumDriver] [  812] - Datavalue is----------dt:NewUserName
[INFO ][2015-11-05 11:12:56,279][com.java.SeleniumDriver] [  836] - DataField : USR
[INFO ][2015-11-05 11:12:56,279][com.java.SeleniumDriver] [  838] - DataValue : dt:NewUserName
[INFO ][2015-11-05 11:12:56,279][com.java.SeleniumDriver] [  844] - <In Set values of the page>
[INFO ][2015-11-05 11:12:56,279][com.java.SeleniumDriver] [  847] - {Data Fields & Data Values Exist}
[INFO ][2015-11-05 11:12:56,279][com.java.SeleniumDriver] [  849] - --------------------------setting values-----------------------------
[INFO ][2015-11-05 11:12:56,279][com.java.SeleniumDriver] [  852] - Action Type : Verify
[INFO ][2015-11-05 11:12:56,279][com.java.TestType] [ 4887] - field= USR value= dt:NewUserName
[INFO ][2015-11-05 11:12:56,279][com.java.TestType] [ 3761] - value = vltest.robot
[INFO ][2015-11-05 11:12:56,357][com.java.SeleniumDriver] [  861] -  RESULT true
[INFO ][2015-11-05 11:12:56,357][com.java.SeleniumDriver] [ 1066] - ?   P A S S   ?
[INFO ][2015-11-05 11:12:56,357][com.java.SeleniumDriver] [  788] - ------------------------------------------
[INFO ][2015-11-05 11:12:56,357][com.java.SeleniumDriver] [  789] - Test case being Executed: 11
[INFO ][2015-11-05 11:12:56,357][com.java.SeleniumDriver] [  800] - Test step:35
[INFO ][2015-11-05 11:12:56,357][com.java.SeleniumDriver] [  812] - Datavalue is----------Login_username
[INFO ][2015-11-05 11:12:56,357][com.java.SeleniumDriver] [  836] - DataField : XPH//table[@id="tblUserListing"]//td[contains(text(),'vltest.robot')]
[INFO ][2015-11-05 11:12:56,357][com.java.SeleniumDriver] [  838] - DataValue : Login_username
[INFO ][2015-11-05 11:12:56,357][com.java.SeleniumDriver] [  844] - <In Set values of the page>
[INFO ][2015-11-05 11:12:56,357][com.java.SeleniumDriver] [  847] - {Data Fields & Data Values Exist}
[INFO ][2015-11-05 11:12:56,357][com.java.SeleniumDriver] [  849] - --------------------------setting values-----------------------------
[INFO ][2015-11-05 11:12:56,357][com.java.SeleniumDriver] [  852] - Action Type : STOREVALUE
[INFO ][2015-11-05 11:12:56,357][com.java.TestType] [ 5821] - field= XPH//table[@id="tblUserListing"]//td[contains(text(),'vltest.robot')]
[DEBUG][2015-11-05 11:12:56,450][com.java.TestType] [ 5873] - Key:: Login_username   Value:: vltest.robot.03890
[INFO ][2015-11-05 11:12:56,450][com.java.SeleniumDriver] [  861] -  RESULT true
[INFO ][2015-11-05 11:12:56,450][com.java.SeleniumDriver] [ 1066] - ?   P A S S   ?
[INFO ][2015-11-05 11:12:56,450][com.java.SeleniumDriver] [  788] - ------------------------------------------
[INFO ][2015-11-05 11:12:56,450][com.java.SeleniumDriver] [  789] - Test case being Executed: 11
[INFO ][2015-11-05 11:12:56,450][com.java.SeleniumDriver] [  800] - Test step:36
[INFO ][2015-11-05 11:12:56,450][com.java.SeleniumDriver] [  812] - Datavalue is----------null
[DEBUG][2015-11-05 11:12:56,450][com.java.SeleniumDriver] [  830] - Exception: null
[INFO ][2015-11-05 11:12:56,450][com.java.SeleniumDriver] [  836] - DataField : BTNparent
[INFO ][2015-11-05 11:12:56,450][com.java.SeleniumDriver] [  838] - DataValue : 
[INFO ][2015-11-05 11:12:56,450][com.java.SeleniumDriver] [  844] - <In Set values of the page>
[INFO ][2015-11-05 11:12:56,450][com.java.SeleniumDriver] [  847] - {Data Fields & Data Values Exist}
[INFO ][2015-11-05 11:12:56,450][com.java.SeleniumDriver] [  849] - --------------------------setting values-----------------------------
[INFO ][2015-11-05 11:12:56,450][com.java.SeleniumDriver] [  852] - Action Type : SelectFrame
[INFO ][2015-11-05 11:12:56,466][com.java.SeleniumDriver] [  861] -  RESULT true
[INFO ][2015-11-05 11:12:56,466][com.java.SeleniumDriver] [ 1066] - ?   P A S S   ?
[INFO ][2015-11-05 11:12:56,466][com.java.SeleniumDriver] [  788] - ------------------------------------------
[INFO ][2015-11-05 11:12:56,466][com.java.SeleniumDriver] [  789] - Test case being Executed: 11
[INFO ][2015-11-05 11:12:56,466][com.java.SeleniumDriver] [  800] - Test step:37
[INFO ][2015-11-05 11:12:56,466][com.java.SeleniumDriver] [  812] - Datavalue is----------null
[DEBUG][2015-11-05 11:12:56,466][com.java.SeleniumDriver] [  830] - Exception: null
[INFO ][2015-11-05 11:12:56,466][com.java.SeleniumDriver] [  836] - DataField : XPH//span[contains(text(), 'Finished')]
[INFO ][2015-11-05 11:12:56,466][com.java.SeleniumDriver] [  838] - DataValue : 
[INFO ][2015-11-05 11:12:56,466][com.java.SeleniumDriver] [  844] - <In Set values of the page>
[INFO ][2015-11-05 11:12:56,466][com.java.SeleniumDriver] [  847] - {Data Fields & Data Values Exist}
[INFO ][2015-11-05 11:12:56,466][com.java.SeleniumDriver] [  849] - --------------------------setting values-----------------------------
[INFO ][2015-11-05 11:12:56,466][com.java.SeleniumDriver] [  852] - Action Type : Click
[INFO ][2015-11-05 11:12:56,466][com.java.TestType] [ 4074] - Field ::XPH//span[contains(text(), 'Finished')]
[INFO ][2015-11-05 11:12:57,480][com.java.TestType] [ 4133] - BEFORE CLICK
[INFO ][2015-11-05 11:12:58,619][com.java.TestType] [ 4141] - Unable to click the object Finished button
[INFO ][2015-11-05 11:12:58,619][com.java.SeleniumDriver] [  861] -  RESULT true
[INFO ][2015-11-05 11:12:58,619][com.java.SeleniumDriver] [ 1066] - ?   P A S S   ?
[INFO ][2015-11-05 11:12:58,619][com.java.SeleniumDriver] [  788] - ------------------------------------------
[INFO ][2015-11-05 11:12:58,619][com.java.SeleniumDriver] [  789] - Test case being Executed: 11
[INFO ][2015-11-05 11:12:58,619][com.java.SeleniumDriver] [  800] - Test step:38
[INFO ][2015-11-05 11:12:58,619][com.java.SeleniumDriver] [  812] - Datavalue is----------Concept#3:1-2
[INFO ][2015-11-05 11:12:58,619][com.java.SeleniumDriver] [  836] - DataField : test
[INFO ][2015-11-05 11:12:58,619][com.java.SeleniumDriver] [  838] - DataValue : Concept#3:1-2
[INFO ][2015-11-05 11:12:58,619][com.java.SeleniumDriver] [  844] - <In Set values of the page>
[INFO ][2015-11-05 11:12:58,619][com.java.SeleniumDriver] [  847] - {Data Fields & Data Values Exist}
[INFO ][2015-11-05 11:12:58,619][com.java.SeleniumDriver] [  849] - --------------------------setting values-----------------------------
[INFO ][2015-11-05 11:12:58,619][com.java.SeleniumDriver] [  852] - Action Type : ExecuteTestCase
[INFO ][2015-11-05 11:12:58,619][com.java.TestType] [  411] - The Concept sheet name is ---------- Concept
[INFO ][2015-11-05 11:12:58,619][com.java.TestType] [  414] - The Concept ID  is ---------- 3
[DEBUG][2015-11-05 11:12:58,619][com.java.TestType] [  418] - Steps being executted in the Concept are: 1:2
[INFO ][2015-11-05 11:12:58,619][com.java.TestType] [  425] - Test data details path ---------- D:\BankersDashboard\TestInputs\TestData.xls
[INFO ][2015-11-05 11:12:58,620][com.java.TestType] [  456] -  str(1) = 3
[INFO ][2015-11-05 11:12:58,651][com.java.TestType] [  459] - Test case Id is---3
[INFO ][2015-11-05 11:12:58,651][com.java.TestType] [  461] - 3
[INFO ][2015-11-05 11:12:58,651][com.java.TestType] [  456] -  str(2) = 1
[INFO ][2015-11-05 11:12:58,666][com.java.TestType] [  508] - row values are--------{1=com.java.Objects.TestDataDetails@166432}
[INFO ][2015-11-05 11:12:58,666][com.java.TestType] [  456] -  str(1) = 3
[INFO ][2015-11-05 11:12:58,666][com.java.TestType] [  459] - Test case Id is---3
[INFO ][2015-11-05 11:12:58,666][com.java.TestType] [  461] - 3
[INFO ][2015-11-05 11:12:58,666][com.java.TestType] [  456] -  str(2) = 2
[INFO ][2015-11-05 11:12:58,666][com.java.TestType] [  508] - row values are--------{1=com.java.Objects.TestDataDetails@166432, 2=com.java.Objects.TestDataDetails@1a38051}
[INFO ][2015-11-05 11:12:58,666][com.java.TestType] [ 7910] - Looping 1TCID = 3
[DEBUG][2015-11-05 11:12:58,666][com.java.TestType] [ 7951] - Concept ID:3 :: Step being Executed: 3::1
[INFO ][2015-11-05 11:12:58,666][com.java.TestType] [ 7989] - dataFields : test
[DEBUG][2015-11-05 11:12:58,666][com.java.TestType] [ 7995] - <In Set values of the page>
[DEBUG][2015-11-05 11:12:58,666][com.java.TestType] [ 8000] - {Data Fields & Data Values Exist}
[INFO ][2015-11-05 11:12:58,666][com.java.TestType] [ 8006] - --------------------------setting values-----------------------------
[INFO ][2015-11-05 11:12:58,666][com.java.TestType] [ 8009] - Action Type : Logout
[DEBUG][2015-11-05 11:13:02,148][com.java.SeleniumDriver] [  425] - Hub ip address is-------172.17.68.34
[INFO ][2015-11-05 11:13:02,148][com.java.SeleniumDriver] [  451] - Grid URL:http://172.17.68.34:4444/wd/hub
[INFO ][2015-11-05 11:13:02,148][com.java.SeleniumDriver] [  452] - Capability:Capabilities [{platform=ANY, ensureCleanSession=true, ignoreProtectedModeSettings=true, acceptSslCerts=true, ignoreZoomSetting=true, browserName=internet explorer, browserstack.ie.noFlash=true, version=Node1}]
[ERROR][2015-11-05 11:13:03,215][com.java.SeleniumDriver] [  496] - Unable invoke browser in grid:Could not start a new session. Possible causes are invalid address of the remote server or browser start-up failure.
Build info: version: '2.48.2', revision: '41bccdd', time: '2015-10-09 19:59:12'
System info: host: 'FVTIII438F1D', ip: '172.17.68.34', os.name: 'Windows 7', os.arch: 'x86', os.version: '6.1', java.version: '1.7.0_55'
Driver info: driver.version: SeleniumDriver
[INFO ][2015-11-05 11:13:03,215][com.java.SeleniumDriver] [  498] - Executing on local machine
[INFO ][2015-11-05 11:13:14,591][com.java.TestType] [ 8028] -  RESULT true
[INFO ][2015-11-05 11:13:14,591][com.java.TestType] [ 8145] - ?   P A S S   ?
[DEBUG][2015-11-05 11:13:14,591][com.java.TestType] [ 7951] - Concept ID:3 :: Step being Executed: 3::2
[INFO ][2015-11-05 11:13:14,591][com.java.TestType] [ 7989] - dataFields : test
[DEBUG][2015-11-05 11:13:14,591][com.java.TestType] [ 7995] - <In Set values of the page>
[DEBUG][2015-11-05 11:13:14,591][com.java.TestType] [ 8000] - {Data Fields & Data Values Exist}
[INFO ][2015-11-05 11:13:14,591][com.java.TestType] [ 8006] - --------------------------setting values-----------------------------
[INFO ][2015-11-05 11:13:14,591][com.java.TestType] [ 8009] - Action Type : WaitTime
[DEBUG][2015-11-05 11:13:14,591][com.java.TestType] [ 3660] - sleepTime: 2000
[INFO ][2015-11-05 11:13:16,604][com.java.TestType] [ 8028] -  RESULT true
[INFO ][2015-11-05 11:13:16,604][com.java.TestType] [ 8145] - ?   P A S S   ?
[INFO ][2015-11-05 11:13:16,604][com.java.TestType] [ 8216] - Looping End......
[INFO ][2015-11-05 11:13:16,604][com.java.SeleniumDriver] [  861] -  RESULT true
[INFO ][2015-11-05 11:13:16,604][com.java.SeleniumDriver] [ 1066] - ?   P A S S   ?
[INFO ][2015-11-05 11:13:16,604][com.java.SeleniumDriver] [  788] - ------------------------------------------
[INFO ][2015-11-05 11:13:16,604][com.java.SeleniumDriver] [  789] - Test case being Executed: 11
[INFO ][2015-11-05 11:13:16,604][com.java.SeleniumDriver] [  800] - Test step:39
[INFO ][2015-11-05 11:13:16,604][com.java.SeleniumDriver] [  812] - Datavalue is----------HMVLogin_username
[INFO ][2015-11-05 11:13:16,604][com.java.SeleniumDriver] [  836] - DataField : TXTusername
[INFO ][2015-11-05 11:13:16,604][com.java.SeleniumDriver] [  838] - DataValue : HMVLogin_username
[INFO ][2015-11-05 11:13:16,604][com.java.SeleniumDriver] [  844] - <In Set values of the page>
[INFO ][2015-11-05 11:13:16,604][com.java.SeleniumDriver] [  847] - {Data Fields & Data Values Exist}
[INFO ][2015-11-05 11:13:16,604][com.java.SeleniumDriver] [  849] - --------------------------setting values-----------------------------
[INFO ][2015-11-05 11:13:16,604][com.java.SeleniumDriver] [  852] - Action Type : CLEARANDENTER
[INFO ][2015-11-05 11:13:16,604][com.java.TestType] [ 3761] - value = vltest.robot.03890
[INFO ][2015-11-05 11:13:21,557][com.java.SeleniumDriver] [  861] -  RESULT true
[INFO ][2015-11-05 11:13:21,557][com.java.SeleniumDriver] [ 1066] - ?   P A S S   ?
[INFO ][2015-11-05 11:13:21,557][com.java.SeleniumDriver] [  788] - ------------------------------------------
[INFO ][2015-11-05 11:13:21,557][com.java.SeleniumDriver] [  789] - Test case being Executed: 11
[INFO ][2015-11-05 11:13:21,557][com.java.SeleniumDriver] [  800] - Test step:40
[INFO ][2015-11-05 11:13:21,557][com.java.SeleniumDriver] [  812] - Datavalue is----------dt:NewUserPswd
[INFO ][2015-11-05 11:13:21,557][com.java.SeleniumDriver] [  836] - DataField : TXTpassword
[INFO ][2015-11-05 11:13:21,557][com.java.SeleniumDriver] [  838] - DataValue : dt:NewUserPswd
[INFO ][2015-11-05 11:13:21,557][com.java.SeleniumDriver] [  844] - <In Set values of the page>
[INFO ][2015-11-05 11:13:21,557][com.java.SeleniumDriver] [  847] - {Data Fields & Data Values Exist}
[INFO ][2015-11-05 11:13:21,557][com.java.SeleniumDriver] [  849] - --------------------------setting values-----------------------------
[INFO ][2015-11-05 11:13:21,557][com.java.SeleniumDriver] [  852] - Action Type : CLEARANDENTER
[INFO ][2015-11-05 11:13:21,557][com.java.TestType] [ 3761] - value = Password1*
[INFO ][2015-11-05 11:13:26,666][com.java.SeleniumDriver] [  861] -  RESULT true
[INFO ][2015-11-05 11:13:26,666][com.java.SeleniumDriver] [ 1066] - ?   P A S S   ?
[INFO ][2015-11-05 11:13:26,666][com.java.SeleniumDriver] [  788] - ------------------------------------------
[INFO ][2015-11-05 11:13:26,666][com.java.SeleniumDriver] [  789] - Test case being Executed: 11
[INFO ][2015-11-05 11:13:26,666][com.java.SeleniumDriver] [  800] - Test step:41
[INFO ][2015-11-05 11:13:26,666][com.java.SeleniumDriver] [  812] - Datavalue is----------null
[DEBUG][2015-11-05 11:13:26,666][com.java.SeleniumDriver] [  830] - Exception: null
[INFO ][2015-11-05 11:13:26,666][com.java.SeleniumDriver] [  836] - DataField : XPH//button[@type='submit']
[INFO ][2015-11-05 11:13:26,666][com.java.SeleniumDriver] [  838] - DataValue : 
[INFO ][2015-11-05 11:13:26,666][com.java.SeleniumDriver] [  844] - <In Set values of the page>
[INFO ][2015-11-05 11:13:26,666][com.java.SeleniumDriver] [  847] - {Data Fields & Data Values Exist}
[INFO ][2015-11-05 11:13:26,666][com.java.SeleniumDriver] [  849] - --------------------------setting values-----------------------------
[INFO ][2015-11-05 11:13:26,666][com.java.SeleniumDriver] [  852] - Action Type : Click
[INFO ][2015-11-05 11:13:26,666][com.java.TestType] [ 4074] - Field ::XPH//button[@type='submit']
[INFO ][2015-11-05 11:13:27,680][com.java.TestType] [ 4133] - BEFORE CLICK
[INFO ][2015-11-05 11:13:28,838][com.java.TestType] [ 4141] - Unable to click the object Login
[INFO ][2015-11-05 11:13:28,838][com.java.SeleniumDriver] [  861] -  RESULT true
[INFO ][2015-11-05 11:13:28,838][com.java.SeleniumDriver] [ 1066] - ?   P A S S   ?
[INFO ][2015-11-05 11:13:28,838][com.java.SeleniumDriver] [  788] - ------------------------------------------
[INFO ][2015-11-05 11:13:28,838][com.java.SeleniumDriver] [  789] - Test case being Executed: 11
[INFO ][2015-11-05 11:13:28,838][com.java.SeleniumDriver] [  800] - Test step:42
[INFO ][2015-11-05 11:13:28,838][com.java.SeleniumDriver] [  812] - Datavalue is----------null
[DEBUG][2015-11-05 11:13:28,838][com.java.SeleniumDriver] [  830] - Exception: null
[INFO ][2015-11-05 11:13:28,838][com.java.SeleniumDriver] [  836] - DataField : test
[INFO ][2015-11-05 11:13:28,838][com.java.SeleniumDriver] [  838] - DataValue : 
[INFO ][2015-11-05 11:13:28,838][com.java.SeleniumDriver] [  844] - <In Set values of the page>
[INFO ][2015-11-05 11:13:28,838][com.java.SeleniumDriver] [  847] - {Data Fields & Data Values Exist}
[INFO ][2015-11-05 11:13:28,838][com.java.SeleniumDriver] [  849] - --------------------------setting values-----------------------------
[INFO ][2015-11-05 11:13:28,838][com.java.SeleniumDriver] [  852] - Action Type : WaitTime
[DEBUG][2015-11-05 11:13:28,838][com.java.TestType] [ 3660] - sleepTime: 10000
[INFO ][2015-11-05 11:13:38,827][com.java.SeleniumDriver] [  861] -  RESULT true
[INFO ][2015-11-05 11:13:38,827][com.java.SeleniumDriver] [ 1066] - ?   P A S S   ?
[INFO ][2015-11-05 11:13:38,827][com.java.SeleniumDriver] [  788] - ------------------------------------------
[INFO ][2015-11-05 11:13:38,827][com.java.SeleniumDriver] [  789] - Test case being Executed: 11
[INFO ][2015-11-05 11:13:38,827][com.java.SeleniumDriver] [  800] - Test step:43
[INFO ][2015-11-05 11:13:38,827][com.java.SeleniumDriver] [  812] - Datavalue is----------Banker'sDashboard
[INFO ][2015-11-05 11:13:38,827][com.java.SeleniumDriver] [  836] - DataField : TTL
[INFO ][2015-11-05 11:13:38,827][com.java.SeleniumDriver] [  838] - DataValue : Banker'sDashboard
[INFO ][2015-11-05 11:13:38,827][com.java.SeleniumDriver] [  844] - <In Set values of the page>
[INFO ][2015-11-05 11:13:38,827][com.java.SeleniumDriver] [  847] - {Data Fields & Data Values Exist}
[INFO ][2015-11-05 11:13:38,827][com.java.SeleniumDriver] [  849] - --------------------------setting values-----------------------------
[INFO ][2015-11-05 11:13:38,827][com.java.SeleniumDriver] [  852] - Action Type : SelectWindow
[INFO ][2015-11-05 11:13:51,369][com.java.SeleniumDriver] [  861] -  RESULT true
[INFO ][2015-11-05 11:13:51,369][com.java.SeleniumDriver] [ 1066] - ?   P A S S   ?
[INFO ][2015-11-05 11:13:51,369][com.java.SeleniumDriver] [  788] - ------------------------------------------
[INFO ][2015-11-05 11:13:51,369][com.java.SeleniumDriver] [  789] - Test case being Executed: 11
[INFO ][2015-11-05 11:13:51,369][com.java.SeleniumDriver] [  800] - Test step:44
[INFO ][2015-11-05 11:13:51,369][com.java.SeleniumDriver] [  812] - Datavalue is----------20
[INFO ][2015-11-05 11:13:51,369][com.java.SeleniumDriver] [  836] - DataField : test
[INFO ][2015-11-05 11:13:51,369][com.java.SeleniumDriver] [  838] - DataValue : 20
[INFO ][2015-11-05 11:13:51,369][com.java.SeleniumDriver] [  844] - <In Set values of the page>
[INFO ][2015-11-05 11:13:51,369][com.java.SeleniumDriver] [  847] - {Data Fields & Data Values Exist}
[INFO ][2015-11-05 11:13:51,369][com.java.SeleniumDriver] [  849] - --------------------------setting values-----------------------------
[INFO ][2015-11-05 11:13:51,369][com.java.SeleniumDriver] [  852] - Action Type : WaitTime
[DEBUG][2015-11-05 11:13:51,369][com.java.TestType] [ 3660] - sleepTime: 20000
[INFO ][2015-11-05 11:14:11,374][com.java.SeleniumDriver] [  861] -  RESULT true
[INFO ][2015-11-05 11:14:11,374][com.java.SeleniumDriver] [ 1066] - ?   P A S S   ?
[INFO ][2015-11-05 11:14:11,374][com.java.SeleniumDriver] [  788] - ------------------------------------------
[INFO ][2015-11-05 11:14:11,374][com.java.SeleniumDriver] [  789] - Test case being Executed: 11
[INFO ][2015-11-05 11:14:11,374][com.java.SeleniumDriver] [  800] - Test step:45
[INFO ][2015-11-05 11:14:11,374][com.java.SeleniumDriver] [  812] - Datavalue is----------null
[DEBUG][2015-11-05 11:14:11,374][com.java.SeleniumDriver] [  830] - Exception: null
[INFO ][2015-11-05 11:14:11,374][com.java.SeleniumDriver] [  836] - DataField : //span[@class='icon-cog2']&&User Settings
[INFO ][2015-11-05 11:14:11,374][com.java.SeleniumDriver] [  838] - DataValue : 
[INFO ][2015-11-05 11:14:11,374][com.java.SeleniumDriver] [  844] - <In Set values of the page>
[INFO ][2015-11-05 11:14:11,374][com.java.SeleniumDriver] [  847] - {Data Fields & Data Values Exist}
[INFO ][2015-11-05 11:14:11,374][com.java.SeleniumDriver] [  849] - --------------------------setting values-----------------------------
[INFO ][2015-11-05 11:14:11,374][com.java.SeleniumDriver] [  852] - Action Type : MouseOver
[INFO ][2015-11-05 11:14:27,432][com.java.SeleniumDriver] [  861] -  RESULT true
[INFO ][2015-11-05 11:14:27,432][com.java.SeleniumDriver] [ 1066] - ?   P A S S   ?
[INFO ][2015-11-05 11:14:27,432][com.java.SeleniumDriver] [  788] - ------------------------------------------
[INFO ][2015-11-05 11:14:27,432][com.java.SeleniumDriver] [  789] - Test case being Executed: 11
[INFO ][2015-11-05 11:14:27,432][com.java.SeleniumDriver] [  800] - Test step:46
[INFO ][2015-11-05 11:14:27,432][com.java.SeleniumDriver] [  812] - Datavalue is----------null
[DEBUG][2015-11-05 11:14:27,432][com.java.SeleniumDriver] [  830] - Exception: null
[INFO ][2015-11-05 11:14:27,432][com.java.SeleniumDriver] [  836] - DataField : BTNframeDialogContent
[INFO ][2015-11-05 11:14:27,432][com.java.SeleniumDriver] [  838] - DataValue : 
[INFO ][2015-11-05 11:14:27,432][com.java.SeleniumDriver] [  844] - <In Set values of the page>
[INFO ][2015-11-05 11:14:27,432][com.java.SeleniumDriver] [  847] - {Data Fields & Data Values Exist}
[INFO ][2015-11-05 11:14:27,432][com.java.SeleniumDriver] [  849] - --------------------------setting values-----------------------------
[INFO ][2015-11-05 11:14:27,432][com.java.SeleniumDriver] [  852] - Action Type : WaitForElement
[INFO ][2015-11-05 11:14:28,593][com.java.SeleniumDriver] [  861] -  RESULT true
[INFO ][2015-11-05 11:14:28,593][com.java.SeleniumDriver] [ 1066] - ?   P A S S   ?
[INFO ][2015-11-05 11:14:28,593][com.java.SeleniumDriver] [  788] - ------------------------------------------
[INFO ][2015-11-05 11:14:28,593][com.java.SeleniumDriver] [  789] - Test case being Executed: 11
[INFO ][2015-11-05 11:14:28,593][com.java.SeleniumDriver] [  800] - Test step:47
[INFO ][2015-11-05 11:14:28,593][com.java.SeleniumDriver] [  812] - Datavalue is----------frameDialogContent
[INFO ][2015-11-05 11:14:28,593][com.java.SeleniumDriver] [  836] - DataField : BTN
[INFO ][2015-11-05 11:14:28,593][com.java.SeleniumDriver] [  838] - DataValue : frameDialogContent
[INFO ][2015-11-05 11:14:28,593][com.java.SeleniumDriver] [  844] - <In Set values of the page>
[INFO ][2015-11-05 11:14:28,593][com.java.SeleniumDriver] [  847] - {Data Fields & Data Values Exist}
[INFO ][2015-11-05 11:14:28,593][com.java.SeleniumDriver] [  849] - --------------------------setting values-----------------------------
[INFO ][2015-11-05 11:14:28,593][com.java.SeleniumDriver] [  852] - Action Type : SELECTFRAMEBYNAME
[INFO ][2015-11-05 11:14:28,593][com.java.TestType] [ 3761] - value = frameDialogContent
[INFO ][2015-11-05 11:14:28,654][com.java.SeleniumDriver] [  861] -  RESULT true
[INFO ][2015-11-05 11:14:28,654][com.java.SeleniumDriver] [ 1066] - ?   P A S S   ?
[INFO ][2015-11-05 11:14:28,654][com.java.SeleniumDriver] [  788] - ------------------------------------------
[INFO ][2015-11-05 11:14:28,654][com.java.SeleniumDriver] [  789] - Test case being Executed: 11
[INFO ][2015-11-05 11:14:28,654][com.java.SeleniumDriver] [  800] - Test step:48
[INFO ][2015-11-05 11:14:28,654][com.java.SeleniumDriver] [  812] - Datavalue is----------No
[INFO ][2015-11-05 11:14:28,654][com.java.SeleniumDriver] [  836] - DataField : SLBddlOpenBDInNewWindow
[INFO ][2015-11-05 11:14:28,654][com.java.SeleniumDriver] [  838] - DataValue : No
[INFO ][2015-11-05 11:14:28,654][com.java.SeleniumDriver] [  844] - <In Set values of the page>
[INFO ][2015-11-05 11:14:28,654][com.java.SeleniumDriver] [  847] - {Data Fields & Data Values Exist}
[INFO ][2015-11-05 11:14:28,654][com.java.SeleniumDriver] [  849] - --------------------------setting values-----------------------------
[INFO ][2015-11-05 11:14:28,654][com.java.SeleniumDriver] [  852] - Action Type : Select
[INFO ][2015-11-05 11:14:28,654][com.java.TestType] [ 3761] - value = No
[INFO ][2015-11-05 11:14:30,855][com.java.SeleniumDriver] [  861] -  RESULT true
[INFO ][2015-11-05 11:14:30,855][com.java.SeleniumDriver] [ 1066] - ?   P A S S   ?
[INFO ][2015-11-05 11:14:30,855][com.java.SeleniumDriver] [  788] - ------------------------------------------
[INFO ][2015-11-05 11:14:30,855][com.java.SeleniumDriver] [  789] - Test case being Executed: 11
[INFO ][2015-11-05 11:14:30,855][com.java.SeleniumDriver] [  800] - Test step:49
[INFO ][2015-11-05 11:14:30,855][com.java.SeleniumDriver] [  812] - Datavalue is----------null
[DEBUG][2015-11-05 11:14:30,855][com.java.SeleniumDriver] [  830] - Exception: null
[INFO ][2015-11-05 11:14:30,855][com.java.SeleniumDriver] [  836] - DataField : BTNparent
[INFO ][2015-11-05 11:14:30,855][com.java.SeleniumDriver] [  838] - DataValue : 
[INFO ][2015-11-05 11:14:30,855][com.java.SeleniumDriver] [  844] - <In Set values of the page>
[INFO ][2015-11-05 11:14:30,855][com.java.SeleniumDriver] [  847] - {Data Fields & Data Values Exist}
[INFO ][2015-11-05 11:14:30,855][com.java.SeleniumDriver] [  849] - --------------------------setting values-----------------------------
[INFO ][2015-11-05 11:14:30,855][com.java.SeleniumDriver] [  852] - Action Type : SELECTFRAME
[INFO ][2015-11-05 11:14:30,865][com.java.SeleniumDriver] [  861] -  RESULT true
[INFO ][2015-11-05 11:14:30,865][com.java.SeleniumDriver] [ 1066] - ?   P A S S   ?
[INFO ][2015-11-05 11:14:30,865][com.java.SeleniumDriver] [  788] - ------------------------------------------
[INFO ][2015-11-05 11:14:30,865][com.java.SeleniumDriver] [  789] - Test case being Executed: 11
[INFO ][2015-11-05 11:14:30,865][com.java.SeleniumDriver] [  800] - Test step:50
[INFO ][2015-11-05 11:14:30,865][com.java.SeleniumDriver] [  812] - Datavalue is----------null
[DEBUG][2015-11-05 11:14:30,865][com.java.SeleniumDriver] [  830] - Exception: null
[INFO ][2015-11-05 11:14:30,865][com.java.SeleniumDriver] [  836] - DataField : BTN//span[text()='Finished']
[INFO ][2015-11-05 11:14:30,865][com.java.SeleniumDriver] [  838] - DataValue : 
[INFO ][2015-11-05 11:14:30,865][com.java.SeleniumDriver] [  844] - <In Set values of the page>
[INFO ][2015-11-05 11:14:30,865][com.java.SeleniumDriver] [  847] - {Data Fields & Data Values Exist}
[INFO ][2015-11-05 11:14:30,865][com.java.SeleniumDriver] [  849] - --------------------------setting values-----------------------------
[INFO ][2015-11-05 11:14:30,865][com.java.SeleniumDriver] [  852] - Action Type : Click
[INFO ][2015-11-05 11:14:30,865][com.java.TestType] [ 4074] - Field ::BTN//span[text()='Finished']
[INFO ][2015-11-05 11:14:31,865][com.java.TestType] [ 4112] - BEFORE CLICK
[INFO ][2015-11-05 11:14:32,116][com.java.TestType] [ 4119] - Unable to click the object Finished button
[INFO ][2015-11-05 11:14:32,116][com.java.SeleniumDriver] [  861] -  RESULT true
[INFO ][2015-11-05 11:14:32,116][com.java.SeleniumDriver] [ 1066] - ?   P A S S   ?
[INFO ][2015-11-05 11:14:32,116][com.java.SeleniumDriver] [  788] - ------------------------------------------
[INFO ][2015-11-05 11:14:32,116][com.java.SeleniumDriver] [  789] - Test case being Executed: 11
[INFO ][2015-11-05 11:14:32,116][com.java.SeleniumDriver] [  800] - Test step:51
[INFO ][2015-11-05 11:14:32,116][com.java.SeleniumDriver] [  812] - Datavalue is----------Logout
[INFO ][2015-11-05 11:14:32,116][com.java.SeleniumDriver] [  836] - DataField : LNK
[INFO ][2015-11-05 11:14:32,116][com.java.SeleniumDriver] [  838] - DataValue : Logout
[INFO ][2015-11-05 11:14:32,116][com.java.SeleniumDriver] [  844] - <In Set values of the page>
[INFO ][2015-11-05 11:14:32,116][com.java.SeleniumDriver] [  847] - {Data Fields & Data Values Exist}
[INFO ][2015-11-05 11:14:32,116][com.java.SeleniumDriver] [  849] - --------------------------setting values-----------------------------
[INFO ][2015-11-05 11:14:32,116][com.java.SeleniumDriver] [  852] - Action Type : Verify
[INFO ][2015-11-05 11:14:32,116][com.java.TestType] [ 4887] - field= LNK value= Logout
[INFO ][2015-11-05 11:14:32,116][com.java.TestType] [ 3761] - value = Logout
[INFO ][2015-11-05 11:14:32,166][com.java.SeleniumDriver] [  861] -  RESULT true
[INFO ][2015-11-05 11:14:32,166][com.java.SeleniumDriver] [ 1066] - ?   P A S S   ?
[INFO ][2015-11-05 11:14:32,166][com.java.SeleniumDriver] [  788] - ------------------------------------------
[INFO ][2015-11-05 11:14:32,166][com.java.SeleniumDriver] [  789] - Test case being Executed: 11
[INFO ][2015-11-05 11:14:32,166][com.java.SeleniumDriver] [  800] - Test step:52
[INFO ][2015-11-05 11:14:32,166][com.java.SeleniumDriver] [  812] - Datavalue is----------//img[contains(@src,'bdlogo.jpg')]
[INFO ][2015-11-05 11:14:32,166][com.java.SeleniumDriver] [  836] - DataField : BTN
[INFO ][2015-11-05 11:14:32,166][com.java.SeleniumDriver] [  838] - DataValue : //img[contains(@src,'bdlogo.jpg')]
[INFO ][2015-11-05 11:14:32,166][com.java.SeleniumDriver] [  844] - <In Set values of the page>
[INFO ][2015-11-05 11:14:32,166][com.java.SeleniumDriver] [  847] - {Data Fields & Data Values Exist}
[INFO ][2015-11-05 11:14:32,166][com.java.SeleniumDriver] [  849] - --------------------------setting values-----------------------------
[INFO ][2015-11-05 11:14:32,166][com.java.SeleniumDriver] [  852] - Action Type : Verify
[INFO ][2015-11-05 11:14:32,166][com.java.TestType] [ 4887] - field= BTN value= //img[contains(@src,'bdlogo.jpg')]
[INFO ][2015-11-05 11:14:32,166][com.java.TestType] [ 3761] - value = //img[contains(@src,'bdlogo.jpg')]
[INFO ][2015-11-05 11:14:32,206][com.java.SeleniumDriver] [  861] -  RESULT true
[INFO ][2015-11-05 11:14:32,206][com.java.SeleniumDriver] [ 1066] - ?   P A S S   ?
[INFO ][2015-11-05 11:14:32,206][com.java.SeleniumDriver] [  788] - ------------------------------------------
[INFO ][2015-11-05 11:14:32,206][com.java.SeleniumDriver] [  789] - Test case being Executed: 11
[INFO ][2015-11-05 11:14:32,206][com.java.SeleniumDriver] [  800] - Test step:53
[INFO ][2015-11-05 11:14:32,206][com.java.SeleniumDriver] [  812] - Datavalue is----------Concept#3:1-2
[INFO ][2015-11-05 11:14:32,206][com.java.SeleniumDriver] [  836] - DataField : test
[INFO ][2015-11-05 11:14:32,206][com.java.SeleniumDriver] [  838] - DataValue : Concept#3:1-2
[INFO ][2015-11-05 11:14:32,206][com.java.SeleniumDriver] [  844] - <In Set values of the page>
[INFO ][2015-11-05 11:14:32,206][com.java.SeleniumDriver] [  847] - {Data Fields & Data Values Exist}
[INFO ][2015-11-05 11:14:32,206][com.java.SeleniumDriver] [  849] - --------------------------setting values-----------------------------
[INFO ][2015-11-05 11:14:32,206][com.java.SeleniumDriver] [  852] - Action Type : ExecuteTestCase
[INFO ][2015-11-05 11:14:32,206][com.java.TestType] [  411] - The Concept sheet name is ---------- Concept
[INFO ][2015-11-05 11:14:32,206][com.java.TestType] [  414] - The Concept ID  is ---------- 3
[DEBUG][2015-11-05 11:14:32,206][com.java.TestType] [  418] - Steps being executted in the Concept are: 1:2
[INFO ][2015-11-05 11:14:32,206][com.java.TestType] [  425] - Test data details path ---------- D:\BankersDashboard\TestInputs\TestData.xls
[INFO ][2015-11-05 11:14:32,236][com.java.TestType] [  456] -  str(1) = 3
[INFO ][2015-11-05 11:14:32,236][com.java.TestType] [  459] - Test case Id is---3
[INFO ][2015-11-05 11:14:32,236][com.java.TestType] [  461] - 3
[INFO ][2015-11-05 11:14:32,236][com.java.TestType] [  456] -  str(2) = 1
[INFO ][2015-11-05 11:14:32,236][com.java.TestType] [  508] - row values are--------{1=com.java.Objects.TestDataDetails@1783e3e}
[INFO ][2015-11-05 11:14:32,236][com.java.TestType] [  456] -  str(1) = 3
[INFO ][2015-11-05 11:14:32,236][com.java.TestType] [  459] - Test case Id is---3
[INFO ][2015-11-05 11:14:32,236][com.java.TestType] [  461] - 3
[INFO ][2015-11-05 11:14:32,236][com.java.TestType] [  456] -  str(2) = 2
[INFO ][2015-11-05 11:14:32,236][com.java.TestType] [  508] - row values are--------{1=com.java.Objects.TestDataDetails@1783e3e, 2=com.java.Objects.TestDataDetails@15872b6}
[INFO ][2015-11-05 11:14:32,236][com.java.TestType] [ 7910] - Looping 1TCID = 3
[DEBUG][2015-11-05 11:14:32,236][com.java.TestType] [ 7951] - Concept ID:3 :: Step being Executed: 3::1
[INFO ][2015-11-05 11:14:32,236][com.java.TestType] [ 7989] - dataFields : test
[DEBUG][2015-11-05 11:14:32,236][com.java.TestType] [ 7995] - <In Set values of the page>
[DEBUG][2015-11-05 11:14:32,236][com.java.TestType] [ 8000] - {Data Fields & Data Values Exist}
[INFO ][2015-11-05 11:14:32,236][com.java.TestType] [ 8006] - --------------------------setting values-----------------------------
[INFO ][2015-11-05 11:14:32,236][com.java.TestType] [ 8009] - Action Type : Logout
[INFO ][2015-11-05 11:14:34,579][com.java.TestType] [ 8028] -  RESULT false
[INFO ][2015-11-05 11:14:34,579][com.java.TestType] [ 8066] - ?   F A I L   ?
[DEBUG][2015-11-05 11:14:34,579][com.java.TestType] [ 8069] - Browser Type : IE11
[INFO ][2015-11-05 11:14:34,579][com.java.SeleniumDriver] [  861] -  RESULT false
[INFO ][2015-11-05 11:14:34,579][com.java.SeleniumDriver] [  908] - ?   F A I L   ?
[INFO ][2015-11-05 11:14:34,579][com.java.SeleniumDriver] [  916] - Browser Type : IE11
[INFO ][2015-11-05 11:14:34,579][com.java.SeleniumDriver] [  917] - Adding Failed case11
[INFO ][2015-11-05 11:14:34,579][com.java.SeleniumDriver] [  935] - Directory Created
[INFO ][2015-11-05 11:14:35,382][com.java.SeleniumDriver] [ 1030] - failedCases = 11
[ERROR][2015-11-05 11:14:35,392][com.java.SeleniumDriver] [ 1516] - Platform Errors : Our apologies...::We have encountered an issue with your request.::Our apologies?:We encountered an issue with your request.
[INFO ][2015-11-05 11:14:35,392][com.java.SeleniumDriver] [ 1520] - Length =3
[ERROR][2015-11-05 11:14:35,392][com.java.SeleniumDriver] [ 1523] - Error 0 = Our apologies...
[ERROR][2015-11-05 11:14:35,432][com.java.SeleniumDriver] [ 1523] - Error 1 = We have encountered an issue with your request.
[ERROR][2015-11-05 11:14:35,462][com.java.SeleniumDriver] [ 1523] - Error 2 = Our apologies?:We encountered an issue with your request.
[DEBUG][2015-11-05 11:14:35,512][com.java.SeleniumDriver] [ 1168] - Case found
[DEBUG][2015-11-05 11:14:35,512][com.java.SeleniumDriver] [ 1173] - Incrementing ReportCounters[0]:2
[INFO ][2015-11-05 11:14:35,512][com.java.SeleniumDriver] [ 1192] - The results are-------------------[11, 53, Manage Users: Add User, Fail, 
Test case failed at Step No. :: 53   Error Message ::  In CONCEPT: Test case failed at Step No. :: 1   Error Message ::  Failed to logout from applicaiton. Screen Shot : D:\BankersDashboard\TestReports\110515\11_110515_111434_IE11.png, Thu Nov 05 11:14:35 IST 2015]
[INFO ][2015-11-05 11:14:35,512][com.java.SeleniumDriver] [ 1196] - End time is-------6 min 54 sec
[INFO ][2015-11-05 11:14:35,512][com.java.SeleniumDriver] [ 1197] - The results are-------------------[11, 53, Manage Users: Add User, Fail, 
Test case failed at Step No. :: 53   Error Message ::  In CONCEPT: Test case failed at Step No. :: 1   Error Message ::  Failed to logout from applicaiton. Screen Shot : D:\BankersDashboard\TestReports\110515\11_110515_111434_IE11.png, Thu Nov 05 11:14:35 IST 2015]
[DEBUG][2015-11-05 11:14:35,512][com.java.ImportnExport.ExportTestResultsExcel] [  222] - testResultPath = D:\BankersDashboard/TestReports/Test Results_BankersDashBoard_110515_110744_IE11_Simmons First National Bank.xls
[DEBUG][2015-11-05 11:14:35,512][com.java.ImportnExport.ExportTestResultsExcel] [  223] - browser is------------IE11
[DEBUG][2015-11-05 11:14:35,512][com.java.ImportnExport.ExportTestResultsExcel] [  270] - result.size() = 6
[DEBUG][2015-11-05 11:14:35,512][com.java.ImportnExport.ExportTestResultsExcel] [  274] - No of rows in sheet=2
[DEBUG][2015-11-05 11:14:35,512][com.java.ImportnExport.ExportTestResultsExcel] [  301] - ..in export..11
[DEBUG][2015-11-05 11:14:35,512][com.java.ImportnExport.ExportTestResultsExcel] [  301] - ..in export..Manage Users: Add User
[DEBUG][2015-11-05 11:14:35,512][com.java.ImportnExport.ExportTestResultsExcel] [  301] - ..in export..Fail
[DEBUG][2015-11-05 11:14:35,512][com.java.ImportnExport.ExportTestResultsExcel] [  301] - ..in export..
Test case failed at Step No. :: 53   Error Message ::  In CONCEPT: Test case failed at Step No. :: 1   Error Message ::  Failed to logout from applicaiton. Screen Shot : D:\BankersDashboard\TestReports\110515\11_110515_111434_IE11.png
[DEBUG][2015-11-05 11:14:35,512][com.java.ImportnExport.ExportTestResultsExcel] [  301] - ..in export..Thu Nov 05 11:14:35 IST 2015
[INFO ][2015-11-05 11:14:35,512][com.java.SeleniumDriver] [ 1255] - out loop:1 size:2 TestCases:[1, 11] testcases:[1, 11]
[INFO ][2015-11-05 11:14:37,512][com.java.SeleniumDriver] [ 1297] - Total Number of Cases:2
[INFO ][2015-11-05 11:14:37,512][com.java.TemplateGenerator] [  302] - Executed:2
[INFO ][2015-11-05 11:14:37,512][com.java.TemplateGenerator] [  303] - Passed:1
[INFO ][2015-11-05 11:14:37,512][com.java.TemplateGenerator] [  304] - Failed:1
[INFO ][2015-11-05 11:14:37,512][com.java.TemplateGenerator] [  305] - Skipeed:0
[INFO ][2015-11-05 11:14:37,512][com.java.TemplateGenerator] [  306] - Application URL:https://clients-xuat.bankersdashboard.com
[INFO ][2015-11-05 11:14:37,512][com.java.TemplateGenerator] [  307] - Start Time:110515_110744
[INFO ][2015-11-05 11:14:37,512][com.java.TemplateGenerator] [  308] -  Creating HTML Report 
[ERROR][2015-11-05 11:14:37,512][com.java.TemplateGenerator] [  409] - Unparseable date: "Thu Nov 05 11:07:44 IST 2015"
[INFO ][2015-11-05 11:14:37,512][com.java.TemplateGenerator] [  654] -  Exporting case :: 1
[INFO ][2015-11-05 11:14:37,512][com.java.TemplateGenerator] [  654] -  Exporting case :: 11
[INFO ][2015-11-05 11:14:37,512][com.java.SeleniumDriver] [ 1346] - End Time:110515_111437
[INFO ][2015-11-05 11:14:37,513][com.java.SeleniumDriver] [ 1349] - Data in Test Execution Details:{1=PASS, 11=FAILTest case failed at Step No. :: 53   Error Message ::  In CONCEPT: Test case failed at Step No. :: 1   Error Message ::  Failed to logout from applicaiton}
[INFO ][2015-11-05 11:14:37,513][com.java.SeleniumDriver] [ 1350] - Data in Failed Execution Deatils:{}
[INFO ][2015-11-05 11:14:37,513][com.java.SeleniumDriver] [ 1352] - ReportCounter:Total:2 :: PASS: 1 ::FAIL: 1
[INFO ][2015-11-05 11:14:37,513][com.java.SeleniumDriver] [ 1353] - FailedReportCounter:Total:0 :: PASS: 0 ::FAIL: 0
[INFO ][2015-11-05 11:14:37,513][com.java.EmailTestReport] [   63] - Sending report mail details:
[INFO ][2015-11-05 11:14:37,513][com.java.EmailTestReport] [   80] - Excel Report Path:D:\BankersDashboard/TestReports/Test Results_BankersDashBoard_110515_110744_IE11_Simmons First National Bank.xls
[INFO ][2015-11-05 11:14:37,513][com.java.EmailTestReport] [   81] - HTML Report Path:D:\BankersDashboard//TestReports//Test Results_BankersDashBoard_110515_110744_IE11_Simmons First National Bank.html
[INFO ][2015-11-05 11:14:37,513][com.java.EmailTestReport] [   82] - smtpHostName:mail01.valuelabs.com
[INFO ][2015-11-05 11:14:37,513][com.java.EmailTestReport] [   83] - Recipient:venkateswararao.gubbala@valuelabs.com
[INFO ][2015-11-05 11:14:37,513][com.java.EmailTestReport] [   84] - From:venkateswararao.gubbala@valuelabs.com
[INFO ][2015-11-05 11:14:37,513][com.java.EmailTestReport] [   85] - Subject:Deluxe Corp Bankers Dashboard Automation Test Report - Simmons First National Bank - IE11
[INFO ][2015-11-05 11:14:37,533][com.java.EmailTestReport] [  143] -  Added venkateswararao.gubbala@valuelabs.com
[INFO ][2015-11-05 11:14:40,947][com.java.SeleniumDriver] [  719] - quitting the browser 
[INFO ][2015-11-05 11:14:42,493][com.java.SeleniumDriver] [  263] - Execution Completed Stopping the thread
