[INFO ][2015-12-16 12:28:12,288][com.java.SeleniumDriver] [  213] - Execute Failed Casesfalse
[INFO ][2015-12-16 12:28:12,288][com.java.SeleniumDriver] [  214] - Browser: IE10
[INFO ][2015-12-16 12:28:12,288][com.java.SeleniumDriver] [  215] - [1, 3, 4, 5]
[INFO ][2015-12-16 12:28:12,288][com.java.SeleniumDriver] [  216] - Total TestCases:4
[INFO ][2015-12-16 12:28:12,288][com.java.SeleniumDriver] [  217] -  Reading Properties from Property File 
[DEBUG][2015-12-16 12:28:12,288][com.java.SeleniumDriver] [  238] - url : https://clients-xuat.bankersdashboard.com
[INFO ][2015-12-16 12:28:12,288][com.java.ImportnExport.ExportTestResultsExcel] [  116] - Time Stamp Wed Dec 16 12:28:12 IST 2015
[INFO ][2015-12-16 12:28:12,288][com.java.ImportnExport.ExportTestResultsExcel] [  175] - OUT FILE : D:\BankersDashboard/TestReports/Test Results_BankersDashBoard_121615_122812_IE10_Any Bank USA.xls
[INFO ][2015-12-16 12:28:12,309][com.java.ImportnExport.ExportTestResultsExcel] [  180] - Test Result file is created
[DEBUG][2015-12-16 12:28:12,419][com.java.SeleniumDriver] [  426] - Hub ip address is-------172.17.68.34
[INFO ][2015-12-16 12:28:12,419][com.java.SeleniumDriver] [  452] - Grid URL:http://172.17.68.34:4444/wd/hub
[INFO ][2015-12-16 12:28:12,419][com.java.SeleniumDriver] [  453] - Capability:Capabilities [{platform=ANY, ensureCleanSession=true, ignoreProtectedModeSettings=true, acceptSslCerts=true, ignoreZoomSetting=true, browserName=internet explorer, browserstack.ie.noFlash=true, version=null}]
[ERROR][2015-12-16 12:28:13,719][com.java.SeleniumDriver] [  497] - Unable invoke browser in grid:Could not start a new session. Possible causes are invalid address of the remote server or browser start-up failure.
Build info: version: '2.48.2', revision: '41bccdd', time: '2015-10-09 19:59:12'
System info: host: 'FVTIII438F1D', ip: '172.17.68.34', os.name: 'Windows 7', os.arch: 'x86', os.version: '6.1', java.version: '1.7.0_55'
Driver info: driver.version: SeleniumDriver
[INFO ][2015-12-16 12:28:13,719][com.java.SeleniumDriver] [  499] - Executing on local machine
[INFO ][2015-12-16 12:28:24,250][com.java.SeleniumDriver] [  248] - IE10is opened
[INFO ][2015-12-16 12:28:25,575][com.java.SeleniumDriver] [  754] - Test cases to be executed are: [1, 3, 4, 5]
[INFO ][2015-12-16 12:28:25,586][com.java.ImportnExport.ImportTestDataDetailsExcel] [   49] - test data details path===== D:\BankersDashboard\TestInputs\TestData.xls
[INFO ][2015-12-16 12:28:25,666][com.java.SeleniumDriver] [  821] - ------------------------------------------
[INFO ][2015-12-16 12:28:25,666][com.java.SeleniumDriver] [  822] - Test case being Executed: 1
[INFO ][2015-12-16 12:28:25,666][com.java.SeleniumDriver] [  833] - Test step:1
[INFO ][2015-12-16 12:28:25,666][com.java.SeleniumDriver] [  845] - Datavalue is----------Concept#1:1-16
[INFO ][2015-12-16 12:28:25,666][com.java.SeleniumDriver] [  869] - DataField : test
[INFO ][2015-12-16 12:28:25,666][com.java.SeleniumDriver] [  871] - DataValue : Concept#1:1-16
[INFO ][2015-12-16 12:28:25,666][com.java.SeleniumDriver] [  877] - <In Set values of the page>
[INFO ][2015-12-16 12:28:25,666][com.java.SeleniumDriver] [  880] - {Data Fields & Data Values Exist}
[INFO ][2015-12-16 12:28:25,666][com.java.SeleniumDriver] [  882] - --------------------------setting values-----------------------------
[INFO ][2015-12-16 12:28:25,666][com.java.SeleniumDriver] [  885] - Action Type : ExecuteTestCase
[INFO ][2015-12-16 12:28:25,686][com.java.TestType] [  437] - The Concept sheet name is ---------- Concept
[INFO ][2015-12-16 12:28:25,686][com.java.TestType] [  440] - The Concept ID  is ---------- 1
[DEBUG][2015-12-16 12:28:25,686][com.java.TestType] [  444] - Steps being executted in the Concept are: 1:16
[INFO ][2015-12-16 12:28:25,686][com.java.TestType] [  451] - Test data details path ---------- D:\BankersDashboard\TestInputs\TestData.xls
[INFO ][2015-12-16 12:28:25,716][com.java.TestType] [  482] -  str(1) = 1
[INFO ][2015-12-16 12:28:25,716][com.java.TestType] [  485] - Test case Id is---1
[INFO ][2015-12-16 12:28:25,716][com.java.TestType] [  487] - 1
[INFO ][2015-12-16 12:28:25,716][com.java.TestType] [  482] -  str(2) = 1
[INFO ][2015-12-16 12:28:25,726][com.java.TestType] [  534] - row values are--------{1=com.java.Objects.TestDataDetails@35ef07}
[INFO ][2015-12-16 12:28:25,726][com.java.TestType] [  482] -  str(1) = 1
[INFO ][2015-12-16 12:28:25,726][com.java.TestType] [  485] - Test case Id is---1
[INFO ][2015-12-16 12:28:25,726][com.java.TestType] [  487] - 1
[INFO ][2015-12-16 12:28:25,726][com.java.TestType] [  482] -  str(2) = 2
[INFO ][2015-12-16 12:28:25,726][com.java.TestType] [  534] - row values are--------{1=com.java.Objects.TestDataDetails@35ef07, 2=com.java.Objects.TestDataDetails@1b5889c}
[INFO ][2015-12-16 12:28:25,726][com.java.TestType] [  482] -  str(1) = 1
[INFO ][2015-12-16 12:28:25,726][com.java.TestType] [  485] - Test case Id is---1
[INFO ][2015-12-16 12:28:25,726][com.java.TestType] [  487] - 1
[INFO ][2015-12-16 12:28:25,726][com.java.TestType] [  482] -  str(2) = 3
[INFO ][2015-12-16 12:28:25,726][com.java.TestType] [  534] - row values are--------{1=com.java.Objects.TestDataDetails@35ef07, 2=com.java.Objects.TestDataDetails@1b5889c, 3=com.java.Objects.TestDataDetails@544c70}
[INFO ][2015-12-16 12:28:25,726][com.java.TestType] [  482] -  str(1) = 1
[INFO ][2015-12-16 12:28:25,726][com.java.TestType] [  485] - Test case Id is---1
[INFO ][2015-12-16 12:28:25,726][com.java.TestType] [  487] - 1
[INFO ][2015-12-16 12:28:25,726][com.java.TestType] [  482] -  str(2) = 4
[INFO ][2015-12-16 12:28:25,726][com.java.TestType] [  534] - row values are--------{1=com.java.Objects.TestDataDetails@35ef07, 2=com.java.Objects.TestDataDetails@1b5889c, 3=com.java.Objects.TestDataDetails@544c70, 4=com.java.Objects.TestDataDetails@1877a44}
[INFO ][2015-12-16 12:28:25,726][com.java.TestType] [  482] -  str(1) = 1
[INFO ][2015-12-16 12:28:25,726][com.java.TestType] [  485] - Test case Id is---1
[INFO ][2015-12-16 12:28:25,726][com.java.TestType] [  487] - 1
[INFO ][2015-12-16 12:28:25,726][com.java.TestType] [  482] -  str(2) = 5
[INFO ][2015-12-16 12:28:25,726][com.java.TestType] [  534] - row values are--------{1=com.java.Objects.TestDataDetails@35ef07, 2=com.java.Objects.TestDataDetails@1b5889c, 3=com.java.Objects.TestDataDetails@544c70, 4=com.java.Objects.TestDataDetails@1877a44, 5=com.java.Objects.TestDataDetails@59e710}
[INFO ][2015-12-16 12:28:25,726][com.java.TestType] [  482] -  str(1) = 1
[INFO ][2015-12-16 12:28:25,726][com.java.TestType] [  485] - Test case Id is---1
[INFO ][2015-12-16 12:28:25,726][com.java.TestType] [  487] - 1
[INFO ][2015-12-16 12:28:25,726][com.java.TestType] [  482] -  str(2) = 6
[INFO ][2015-12-16 12:28:25,736][com.java.TestType] [  534] - row values are--------{1=com.java.Objects.TestDataDetails@35ef07, 2=com.java.Objects.TestDataDetails@1b5889c, 3=com.java.Objects.TestDataDetails@544c70, 4=com.java.Objects.TestDataDetails@1877a44, 5=com.java.Objects.TestDataDetails@59e710, 6=com.java.Objects.TestDataDetails@8493c9}
[INFO ][2015-12-16 12:28:25,736][com.java.TestType] [  482] -  str(1) = 1
[INFO ][2015-12-16 12:28:25,736][com.java.TestType] [  485] - Test case Id is---1
[INFO ][2015-12-16 12:28:25,736][com.java.TestType] [  487] - 1
[INFO ][2015-12-16 12:28:25,736][com.java.TestType] [  482] -  str(2) = 7
[INFO ][2015-12-16 12:28:25,736][com.java.TestType] [  534] - row values are--------{1=com.java.Objects.TestDataDetails@35ef07, 2=com.java.Objects.TestDataDetails@1b5889c, 3=com.java.Objects.TestDataDetails@544c70, 4=com.java.Objects.TestDataDetails@1877a44, 5=com.java.Objects.TestDataDetails@59e710, 6=com.java.Objects.TestDataDetails@8493c9, 7=com.java.Objects.TestDataDetails@135c14f}
[INFO ][2015-12-16 12:28:25,736][com.java.TestType] [  482] -  str(1) = 1
[INFO ][2015-12-16 12:28:25,736][com.java.TestType] [  485] - Test case Id is---1
[INFO ][2015-12-16 12:28:25,736][com.java.TestType] [  487] - 1
[INFO ][2015-12-16 12:28:25,736][com.java.TestType] [  482] -  str(2) = 8
[INFO ][2015-12-16 12:28:25,736][com.java.TestType] [  534] - row values are--------{1=com.java.Objects.TestDataDetails@35ef07, 2=com.java.Objects.TestDataDetails@1b5889c, 3=com.java.Objects.TestDataDetails@544c70, 4=com.java.Objects.TestDataDetails@1877a44, 5=com.java.Objects.TestDataDetails@59e710, 6=com.java.Objects.TestDataDetails@8493c9, 7=com.java.Objects.TestDataDetails@135c14f, 8=com.java.Objects.TestDataDetails@13033a}
[INFO ][2015-12-16 12:28:25,736][com.java.TestType] [  482] -  str(1) = 1
[INFO ][2015-12-16 12:28:25,736][com.java.TestType] [  485] - Test case Id is---1
[INFO ][2015-12-16 12:28:25,736][com.java.TestType] [  487] - 1
[INFO ][2015-12-16 12:28:25,736][com.java.TestType] [  482] -  str(2) = 9
[INFO ][2015-12-16 12:28:25,736][com.java.TestType] [  534] - row values are--------{1=com.java.Objects.TestDataDetails@35ef07, 2=com.java.Objects.TestDataDetails@1b5889c, 3=com.java.Objects.TestDataDetails@544c70, 4=com.java.Objects.TestDataDetails@1877a44, 5=com.java.Objects.TestDataDetails@59e710, 6=com.java.Objects.TestDataDetails@8493c9, 7=com.java.Objects.TestDataDetails@135c14f, 8=com.java.Objects.TestDataDetails@13033a, 9=com.java.Objects.TestDataDetails@1d4997}
[INFO ][2015-12-16 12:28:25,736][com.java.TestType] [  482] -  str(1) = 1
[INFO ][2015-12-16 12:28:25,736][com.java.TestType] [  485] - Test case Id is---1
[INFO ][2015-12-16 12:28:25,736][com.java.TestType] [  487] - 1
[INFO ][2015-12-16 12:28:25,736][com.java.TestType] [  482] -  str(2) = 10
[INFO ][2015-12-16 12:28:25,736][com.java.TestType] [  534] - row values are--------{1=com.java.Objects.TestDataDetails@35ef07, 2=com.java.Objects.TestDataDetails@1b5889c, 3=com.java.Objects.TestDataDetails@544c70, 4=com.java.Objects.TestDataDetails@1877a44, 5=com.java.Objects.TestDataDetails@59e710, 6=com.java.Objects.TestDataDetails@8493c9, 7=com.java.Objects.TestDataDetails@135c14f, 8=com.java.Objects.TestDataDetails@13033a, 9=com.java.Objects.TestDataDetails@1d4997, 10=com.java.Objects.TestDataDetails@5dc6a8}
[INFO ][2015-12-16 12:28:25,736][com.java.TestType] [  482] -  str(1) = 1
[INFO ][2015-12-16 12:28:25,736][com.java.TestType] [  485] - Test case Id is---1
[INFO ][2015-12-16 12:28:25,736][com.java.TestType] [  487] - 1
[INFO ][2015-12-16 12:28:25,736][com.java.TestType] [  482] -  str(2) = 11
[INFO ][2015-12-16 12:28:25,736][com.java.TestType] [  534] - row values are--------{1=com.java.Objects.TestDataDetails@35ef07, 2=com.java.Objects.TestDataDetails@1b5889c, 3=com.java.Objects.TestDataDetails@544c70, 4=com.java.Objects.TestDataDetails@1877a44, 5=com.java.Objects.TestDataDetails@59e710, 6=com.java.Objects.TestDataDetails@8493c9, 7=com.java.Objects.TestDataDetails@135c14f, 8=com.java.Objects.TestDataDetails@13033a, 9=com.java.Objects.TestDataDetails@1d4997, 10=com.java.Objects.TestDataDetails@5dc6a8, 11=com.java.Objects.TestDataDetails@a354d1}
[INFO ][2015-12-16 12:28:25,736][com.java.TestType] [  482] -  str(1) = 1
[INFO ][2015-12-16 12:28:25,736][com.java.TestType] [  485] - Test case Id is---1
[INFO ][2015-12-16 12:28:25,736][com.java.TestType] [  487] - 1
[INFO ][2015-12-16 12:28:25,736][com.java.TestType] [  482] -  str(2) = 12
[INFO ][2015-12-16 12:28:25,736][com.java.TestType] [  534] - row values are--------{1=com.java.Objects.TestDataDetails@35ef07, 2=com.java.Objects.TestDataDetails@1b5889c, 3=com.java.Objects.TestDataDetails@544c70, 4=com.java.Objects.TestDataDetails@1877a44, 5=com.java.Objects.TestDataDetails@59e710, 6=com.java.Objects.TestDataDetails@8493c9, 7=com.java.Objects.TestDataDetails@135c14f, 8=com.java.Objects.TestDataDetails@13033a, 9=com.java.Objects.TestDataDetails@1d4997, 10=com.java.Objects.TestDataDetails@5dc6a8, 11=com.java.Objects.TestDataDetails@a354d1, 12=com.java.Objects.TestDataDetails@74bff1}
[INFO ][2015-12-16 12:28:25,736][com.java.TestType] [  482] -  str(1) = 1
[INFO ][2015-12-16 12:28:25,736][com.java.TestType] [  485] - Test case Id is---1
[INFO ][2015-12-16 12:28:25,736][com.java.TestType] [  487] - 1
[INFO ][2015-12-16 12:28:25,736][com.java.TestType] [  482] -  str(2) = 13
[INFO ][2015-12-16 12:28:25,736][com.java.TestType] [  534] - row values are--------{1=com.java.Objects.TestDataDetails@35ef07, 2=com.java.Objects.TestDataDetails@1b5889c, 3=com.java.Objects.TestDataDetails@544c70, 4=com.java.Objects.TestDataDetails@1877a44, 5=com.java.Objects.TestDataDetails@59e710, 6=com.java.Objects.TestDataDetails@8493c9, 7=com.java.Objects.TestDataDetails@135c14f, 8=com.java.Objects.TestDataDetails@13033a, 9=com.java.Objects.TestDataDetails@1d4997, 10=com.java.Objects.TestDataDetails@5dc6a8, 11=com.java.Objects.TestDataDetails@a354d1, 12=com.java.Objects.TestDataDetails@74bff1, 13=com.java.Objects.TestDataDetails@11f470c}
[INFO ][2015-12-16 12:28:25,736][com.java.TestType] [  482] -  str(1) = 1
[INFO ][2015-12-16 12:28:25,736][com.java.TestType] [  485] - Test case Id is---1
[INFO ][2015-12-16 12:28:25,736][com.java.TestType] [  487] - 1
[INFO ][2015-12-16 12:28:25,736][com.java.TestType] [  482] -  str(2) = 14
[INFO ][2015-12-16 12:28:25,746][com.java.TestType] [  534] - row values are--------{1=com.java.Objects.TestDataDetails@35ef07, 2=com.java.Objects.TestDataDetails@1b5889c, 3=com.java.Objects.TestDataDetails@544c70, 4=com.java.Objects.TestDataDetails@1877a44, 5=com.java.Objects.TestDataDetails@59e710, 6=com.java.Objects.TestDataDetails@8493c9, 7=com.java.Objects.TestDataDetails@135c14f, 8=com.java.Objects.TestDataDetails@13033a, 9=com.java.Objects.TestDataDetails@1d4997, 10=com.java.Objects.TestDataDetails@5dc6a8, 11=com.java.Objects.TestDataDetails@a354d1, 12=com.java.Objects.TestDataDetails@74bff1, 13=com.java.Objects.TestDataDetails@11f470c, 14=com.java.Objects.TestDataDetails@1744cf}
[INFO ][2015-12-16 12:28:25,746][com.java.TestType] [  482] -  str(1) = 1
[INFO ][2015-12-16 12:28:25,746][com.java.TestType] [  485] - Test case Id is---1
[INFO ][2015-12-16 12:28:25,746][com.java.TestType] [  487] - 1
[INFO ][2015-12-16 12:28:25,746][com.java.TestType] [  482] -  str(2) = 15
[INFO ][2015-12-16 12:28:25,746][com.java.TestType] [  534] - row values are--------{1=com.java.Objects.TestDataDetails@35ef07, 2=com.java.Objects.TestDataDetails@1b5889c, 3=com.java.Objects.TestDataDetails@544c70, 4=com.java.Objects.TestDataDetails@1877a44, 5=com.java.Objects.TestDataDetails@59e710, 6=com.java.Objects.TestDataDetails@8493c9, 7=com.java.Objects.TestDataDetails@135c14f, 8=com.java.Objects.TestDataDetails@13033a, 9=com.java.Objects.TestDataDetails@1d4997, 10=com.java.Objects.TestDataDetails@5dc6a8, 11=com.java.Objects.TestDataDetails@a354d1, 12=com.java.Objects.TestDataDetails@74bff1, 13=com.java.Objects.TestDataDetails@11f470c, 14=com.java.Objects.TestDataDetails@1744cf, 15=com.java.Objects.TestDataDetails@5d2406}
[INFO ][2015-12-16 12:28:25,746][com.java.TestType] [  482] -  str(1) = 1
[INFO ][2015-12-16 12:28:25,746][com.java.TestType] [  485] - Test case Id is---1
[INFO ][2015-12-16 12:28:25,746][com.java.TestType] [  487] - 1
[INFO ][2015-12-16 12:28:25,746][com.java.TestType] [  482] -  str(2) = 16
[INFO ][2015-12-16 12:28:25,746][com.java.TestType] [  534] - row values are--------{1=com.java.Objects.TestDataDetails@35ef07, 2=com.java.Objects.TestDataDetails@1b5889c, 3=com.java.Objects.TestDataDetails@544c70, 4=com.java.Objects.TestDataDetails@1877a44, 5=com.java.Objects.TestDataDetails@59e710, 6=com.java.Objects.TestDataDetails@8493c9, 7=com.java.Objects.TestDataDetails@135c14f, 8=com.java.Objects.TestDataDetails@13033a, 9=com.java.Objects.TestDataDetails@1d4997, 10=com.java.Objects.TestDataDetails@5dc6a8, 11=com.java.Objects.TestDataDetails@a354d1, 12=com.java.Objects.TestDataDetails@74bff1, 13=com.java.Objects.TestDataDetails@11f470c, 14=com.java.Objects.TestDataDetails@1744cf, 15=com.java.Objects.TestDataDetails@5d2406, 16=com.java.Objects.TestDataDetails@9c5304}
[INFO ][2015-12-16 12:28:25,746][com.java.TestType] [10136] - Looping 1TCID = 1
[DEBUG][2015-12-16 12:28:25,746][com.java.TestType] [10177] - Concept ID:1 :: Step being Executed: 1::1
[INFO ][2015-12-16 12:28:25,746][com.java.TestType] [10215] - dataFields : TXTusername
[DEBUG][2015-12-16 12:28:25,746][com.java.TestType] [10221] - <In Set values of the page>
[DEBUG][2015-12-16 12:28:25,746][com.java.TestType] [10226] - {Data Fields & Data Values Exist}
[INFO ][2015-12-16 12:28:25,746][com.java.TestType] [10232] - --------------------------setting values-----------------------------
[INFO ][2015-12-16 12:28:25,746][com.java.TestType] [10235] - Action Type : CLEARANDENTER
[INFO ][2015-12-16 12:28:25,746][com.java.TestType] [ 5513] - value = naresh.nayini.00000
[INFO ][2015-12-16 12:28:30,568][com.java.TestType] [10254] -  RESULT true
[INFO ][2015-12-16 12:28:30,568][com.java.TestType] [10371] - ?   P A S S   ?
[DEBUG][2015-12-16 12:28:30,568][com.java.TestType] [10177] - Concept ID:1 :: Step being Executed: 1::2
[INFO ][2015-12-16 12:28:30,568][com.java.TestType] [10215] - dataFields : TXTpassword
[DEBUG][2015-12-16 12:28:30,568][com.java.TestType] [10221] - <In Set values of the page>
[DEBUG][2015-12-16 12:28:30,568][com.java.TestType] [10226] - {Data Fields & Data Values Exist}
[INFO ][2015-12-16 12:28:30,568][com.java.TestType] [10232] - --------------------------setting values-----------------------------
[INFO ][2015-12-16 12:28:30,568][com.java.TestType] [10235] - Action Type : CLEARANDENTER
[INFO ][2015-12-16 12:28:30,568][com.java.TestType] [ 5513] - value = Password1*
[INFO ][2015-12-16 12:28:35,485][com.java.TestType] [10254] -  RESULT true
[INFO ][2015-12-16 12:28:35,485][com.java.TestType] [10371] - ?   P A S S   ?
[DEBUG][2015-12-16 12:28:35,485][com.java.TestType] [10177] - Concept ID:1 :: Step being Executed: 1::3
[ERROR][2015-12-16 12:28:35,485][com.java.TestType] [10210] - Exception: null
[INFO ][2015-12-16 12:28:35,485][com.java.TestType] [10215] - dataFields : XPH//button[@type='submit']
[DEBUG][2015-12-16 12:28:35,485][com.java.TestType] [10221] - <In Set values of the page>
[DEBUG][2015-12-16 12:28:35,485][com.java.TestType] [10226] - {Data Fields & Data Values Exist}
[INFO ][2015-12-16 12:28:35,485][com.java.TestType] [10232] - --------------------------setting values-----------------------------
[INFO ][2015-12-16 12:28:35,485][com.java.TestType] [10235] - Action Type : Click
[INFO ][2015-12-16 12:28:35,485][com.java.TestType] [ 5879] - Field ::XPH//button[@type='submit']
[INFO ][2015-12-16 12:28:35,485][com.java.TestType] [ 5513] - value = 
[INFO ][2015-12-16 12:28:36,485][com.java.TestType] [ 6016] - BEFORE CLICK
[INFO ][2015-12-16 12:28:37,330][com.java.TestType] [ 6024] - Unable to click the object Login
[INFO ][2015-12-16 12:28:37,330][com.java.TestType] [10254] -  RESULT true
[INFO ][2015-12-16 12:28:37,330][com.java.TestType] [10371] - ?   P A S S   ?
[DEBUG][2015-12-16 12:28:37,330][com.java.TestType] [10177] - Concept ID:1 :: Step being Executed: 1::4
[INFO ][2015-12-16 12:28:37,330][com.java.TestType] [10215] - dataFields : LNKLogout
[DEBUG][2015-12-16 12:28:37,330][com.java.TestType] [10221] - <In Set values of the page>
[DEBUG][2015-12-16 12:28:37,330][com.java.TestType] [10226] - {Data Fields & Data Values Exist}
[INFO ][2015-12-16 12:28:37,330][com.java.TestType] [10232] - --------------------------setting values-----------------------------
[INFO ][2015-12-16 12:28:37,330][com.java.TestType] [10235] - Action Type : WaitForElement
[INFO ][2015-12-16 12:28:40,828][com.java.TestType] [10254] -  RESULT true
[INFO ][2015-12-16 12:28:40,828][com.java.TestType] [10371] - ?   P A S S   ?
[DEBUG][2015-12-16 12:28:40,828][com.java.TestType] [10177] - Concept ID:1 :: Step being Executed: 1::15
[INFO ][2015-12-16 12:28:40,828][com.java.TestType] [10215] - dataFields : LNK
[DEBUG][2015-12-16 12:28:40,828][com.java.TestType] [10221] - <In Set values of the page>
[DEBUG][2015-12-16 12:28:40,828][com.java.TestType] [10226] - {Data Fields & Data Values Exist}
[INFO ][2015-12-16 12:28:40,828][com.java.TestType] [10232] - --------------------------setting values-----------------------------
[INFO ][2015-12-16 12:28:40,828][com.java.TestType] [10235] - Action Type : Verify
[INFO ][2015-12-16 12:28:40,828][com.java.TestType] [ 6822] - field= LNK value= Logout
[INFO ][2015-12-16 12:28:40,828][com.java.TestType] [ 5513] - value = Logout
[INFO ][2015-12-16 12:28:40,859][com.java.TestType] [10254] -  RESULT true
[INFO ][2015-12-16 12:28:40,859][com.java.TestType] [10371] - ?   P A S S   ?
[DEBUG][2015-12-16 12:28:40,859][com.java.TestType] [10177] - Concept ID:1 :: Step being Executed: 1::16
[INFO ][2015-12-16 12:28:40,859][com.java.TestType] [10215] - dataFields : BTN
[DEBUG][2015-12-16 12:28:40,859][com.java.TestType] [10221] - <In Set values of the page>
[DEBUG][2015-12-16 12:28:40,859][com.java.TestType] [10226] - {Data Fields & Data Values Exist}
[INFO ][2015-12-16 12:28:40,859][com.java.TestType] [10232] - --------------------------setting values-----------------------------
[INFO ][2015-12-16 12:28:40,859][com.java.TestType] [10235] - Action Type : Verify
[INFO ][2015-12-16 12:28:40,859][com.java.TestType] [ 6822] - field= BTN value= //img[contains(@src,'bdlogo.jpg')]
[INFO ][2015-12-16 12:28:40,859][com.java.TestType] [ 5513] - value = //img[contains(@src,'bdlogo.jpg')]
[INFO ][2015-12-16 12:28:40,939][com.java.TestType] [10254] -  RESULT true
[INFO ][2015-12-16 12:28:40,939][com.java.TestType] [10371] - ?   P A S S   ?
[INFO ][2015-12-16 12:28:40,939][com.java.TestType] [10442] - Looping End......
[INFO ][2015-12-16 12:28:40,939][com.java.SeleniumDriver] [  894] -  RESULT true
[INFO ][2015-12-16 12:28:40,939][com.java.SeleniumDriver] [ 1100] - ?   P A S S   ?
[INFO ][2015-12-16 12:28:40,939][com.java.SeleniumDriver] [  821] - ------------------------------------------
[INFO ][2015-12-16 12:28:40,939][com.java.SeleniumDriver] [  822] - Test case being Executed: 1
[INFO ][2015-12-16 12:28:40,939][com.java.SeleniumDriver] [  833] - Test step:2
[INFO ][2015-12-16 12:28:40,939][com.java.SeleniumDriver] [  845] - Datavalue is----------Concept#2:1-2
[INFO ][2015-12-16 12:28:40,939][com.java.SeleniumDriver] [  869] - DataField : test
[INFO ][2015-12-16 12:28:40,939][com.java.SeleniumDriver] [  871] - DataValue : Concept#2:1-2
[INFO ][2015-12-16 12:28:40,939][com.java.SeleniumDriver] [  877] - <In Set values of the page>
[INFO ][2015-12-16 12:28:40,939][com.java.SeleniumDriver] [  880] - {Data Fields & Data Values Exist}
[INFO ][2015-12-16 12:28:40,939][com.java.SeleniumDriver] [  882] - --------------------------setting values-----------------------------
[INFO ][2015-12-16 12:28:40,939][com.java.SeleniumDriver] [  885] - Action Type : ExecuteTestCase
[INFO ][2015-12-16 12:28:40,939][com.java.TestType] [  437] - The Concept sheet name is ---------- Concept
[INFO ][2015-12-16 12:28:40,939][com.java.TestType] [  440] - The Concept ID  is ---------- 2
[DEBUG][2015-12-16 12:28:40,939][com.java.TestType] [  444] - Steps being executted in the Concept are: 1:2
[INFO ][2015-12-16 12:28:40,939][com.java.TestType] [  451] - Test data details path ---------- D:\BankersDashboard\TestInputs\TestData.xls
[INFO ][2015-12-16 12:28:40,969][com.java.TestType] [  482] -  str(1) = 2
[INFO ][2015-12-16 12:28:40,969][com.java.TestType] [  485] - Test case Id is---2
[INFO ][2015-12-16 12:28:40,969][com.java.TestType] [  487] - 2
[INFO ][2015-12-16 12:28:40,969][com.java.TestType] [  482] -  str(2) = 1
[INFO ][2015-12-16 12:28:40,979][com.java.TestType] [  534] - row values are--------{1=com.java.Objects.TestDataDetails@1428e24}
[INFO ][2015-12-16 12:28:40,979][com.java.TestType] [  482] -  str(1) = 2
[INFO ][2015-12-16 12:28:40,979][com.java.TestType] [  485] - Test case Id is---2
[INFO ][2015-12-16 12:28:40,979][com.java.TestType] [  487] - 2
[INFO ][2015-12-16 12:28:40,979][com.java.TestType] [  482] -  str(2) = 2
[INFO ][2015-12-16 12:28:40,979][com.java.TestType] [  534] - row values are--------{1=com.java.Objects.TestDataDetails@1428e24, 2=com.java.Objects.TestDataDetails@12a0b2f}
[INFO ][2015-12-16 12:28:40,979][com.java.TestType] [  482] -  str(1) = 2
[INFO ][2015-12-16 12:28:40,979][com.java.TestType] [  485] - Test case Id is---2
[INFO ][2015-12-16 12:28:40,979][com.java.TestType] [  487] - 2
[INFO ][2015-12-16 12:28:40,979][com.java.TestType] [  482] -  str(2) = 3
[INFO ][2015-12-16 12:28:40,979][com.java.TestType] [  534] - row values are--------{1=com.java.Objects.TestDataDetails@1428e24, 2=com.java.Objects.TestDataDetails@12a0b2f, 3=com.java.Objects.TestDataDetails@1203b65}
[INFO ][2015-12-16 12:28:40,979][com.java.TestType] [10136] - Looping 1TCID = 2
[DEBUG][2015-12-16 12:28:40,979][com.java.TestType] [10177] - Concept ID:2 :: Step being Executed: 2::1
[INFO ][2015-12-16 12:28:40,979][com.java.TestType] [10215] - dataFields : BNK//select[@id='bank']
[DEBUG][2015-12-16 12:28:40,979][com.java.TestType] [10221] - <In Set values of the page>
[DEBUG][2015-12-16 12:28:40,979][com.java.TestType] [10226] - {Data Fields & Data Values Exist}
[INFO ][2015-12-16 12:28:40,979][com.java.TestType] [10232] - --------------------------setting values-----------------------------
[INFO ][2015-12-16 12:28:40,979][com.java.TestType] [10235] - Action Type : Select
[INFO ][2015-12-16 12:28:40,979][com.java.TestType] [ 5513] - value = PFC
[INFO ][2015-12-16 12:28:41,159][com.java.TestType] [10254] -  RESULT true
[INFO ][2015-12-16 12:28:41,159][com.java.TestType] [10371] - ?   P A S S   ?
[DEBUG][2015-12-16 12:28:41,159][com.java.TestType] [10177] - Concept ID:2 :: Step being Executed: 2::2
[INFO ][2015-12-16 12:28:41,159][com.java.TestType] [10215] - dataFields : LNKLogout
[DEBUG][2015-12-16 12:28:41,159][com.java.TestType] [10221] - <In Set values of the page>
[DEBUG][2015-12-16 12:28:41,159][com.java.TestType] [10226] - {Data Fields & Data Values Exist}
[INFO ][2015-12-16 12:28:41,159][com.java.TestType] [10232] - --------------------------setting values-----------------------------
[INFO ][2015-12-16 12:28:41,159][com.java.TestType] [10235] - Action Type : WaitTime
[DEBUG][2015-12-16 12:28:41,159][com.java.TestType] [ 5333] - sleepTime: 5000
[INFO ][2015-12-16 12:28:46,162][com.java.TestType] [10254] -  RESULT true
[INFO ][2015-12-16 12:28:46,162][com.java.TestType] [10371] - ?   P A S S   ?
[INFO ][2015-12-16 12:28:46,162][com.java.TestType] [10442] - Looping End......
[INFO ][2015-12-16 12:28:46,162][com.java.SeleniumDriver] [  894] -  RESULT true
[INFO ][2015-12-16 12:28:46,162][com.java.SeleniumDriver] [ 1100] - ?   P A S S   ?
[INFO ][2015-12-16 12:28:46,162][com.java.SeleniumDriver] [  821] - ------------------------------------------
[INFO ][2015-12-16 12:28:46,162][com.java.SeleniumDriver] [  822] - Test case being Executed: 1
[INFO ][2015-12-16 12:28:46,162][com.java.SeleniumDriver] [  833] - Test step:3
[INFO ][2015-12-16 12:28:46,162][com.java.SeleniumDriver] [  845] - Datavalue is----------2
[INFO ][2015-12-16 12:28:46,162][com.java.SeleniumDriver] [  869] - DataField : XPH//button[contains(text(),'Add Content')]
[INFO ][2015-12-16 12:28:46,162][com.java.SeleniumDriver] [  871] - DataValue : 2
[INFO ][2015-12-16 12:28:46,162][com.java.SeleniumDriver] [  877] - <In Set values of the page>
[INFO ][2015-12-16 12:28:46,162][com.java.SeleniumDriver] [  880] - {Data Fields & Data Values Exist}
[INFO ][2015-12-16 12:28:46,162][com.java.SeleniumDriver] [  882] - --------------------------setting values-----------------------------
[INFO ][2015-12-16 12:28:46,162][com.java.SeleniumDriver] [  885] - Action Type : WAITFORELEMENT
[INFO ][2015-12-16 12:28:46,203][com.java.SeleniumDriver] [  894] -  RESULT true
[INFO ][2015-12-16 12:28:46,203][com.java.SeleniumDriver] [ 1100] - ?   P A S S   ?
[DEBUG][2015-12-16 12:28:46,203][com.java.SeleniumDriver] [ 1212] - Case found
[DEBUG][2015-12-16 12:28:46,203][com.java.SeleniumDriver] [ 1217] - Incrementing ReportCounters[0]:1
[INFO ][2015-12-16 12:28:46,203][com.java.SeleniumDriver] [ 1236] - The results are-------------------[1, 1, Valid Login, Pass, , Wed Dec 16 12:28:40 IST 2015, 1, 2, Valid Login, Pass, , Wed Dec 16 12:28:46 IST 2015, 1, 3, Valid Login, Pass, , Wed Dec 16 12:28:46 IST 2015]
[INFO ][2015-12-16 12:28:46,203][com.java.SeleniumDriver] [ 1240] - End time is-------36 sec
[INFO ][2015-12-16 12:28:46,203][com.java.SeleniumDriver] [ 1241] - The results are-------------------[1, 1, Valid Login, Pass, , Wed Dec 16 12:28:40 IST 2015, 1, 2, Valid Login, Pass, , Wed Dec 16 12:28:46 IST 2015, 1, 3, Valid Login, Pass, , Wed Dec 16 12:28:46 IST 2015]
[DEBUG][2015-12-16 12:28:46,203][com.java.ImportnExport.ExportTestResultsExcel] [  222] - testResultPath = D:\BankersDashboard/TestReports/Test Results_BankersDashBoard_121615_122812_IE10_Any Bank USA.xls
[DEBUG][2015-12-16 12:28:46,203][com.java.ImportnExport.ExportTestResultsExcel] [  223] - browser is------------IE10
[DEBUG][2015-12-16 12:28:46,243][com.java.ImportnExport.ExportTestResultsExcel] [  270] - result.size() = 18
[DEBUG][2015-12-16 12:28:46,243][com.java.ImportnExport.ExportTestResultsExcel] [  274] - No of rows in sheet=1
[DEBUG][2015-12-16 12:28:46,243][com.java.ImportnExport.ExportTestResultsExcel] [  301] - ..in export..1
[DEBUG][2015-12-16 12:28:46,243][com.java.ImportnExport.ExportTestResultsExcel] [  301] - ..in export..Valid Login
[DEBUG][2015-12-16 12:28:46,243][com.java.ImportnExport.ExportTestResultsExcel] [  301] - ..in export..Pass
[DEBUG][2015-12-16 12:28:46,243][com.java.ImportnExport.ExportTestResultsExcel] [  301] - ..in export..
[DEBUG][2015-12-16 12:28:46,243][com.java.ImportnExport.ExportTestResultsExcel] [  301] - ..in export..Wed Dec 16 12:28:40 IST 2015
[INFO ][2015-12-16 12:28:46,253][com.java.SeleniumDriver] [ 1299] - out loop:0 size:4 TestCases:[1, 3, 4, 5] testcases:[1, 3, 4, 5]
[INFO ][2015-12-16 12:28:46,253][com.java.ImportnExport.ImportTestDataDetailsExcel] [   49] - test data details path===== D:\BankersDashboard\TestInputs\TestData.xls
[INFO ][2015-12-16 12:29:01,949][com.java.SeleniumDriver] [  821] - ------------------------------------------
[INFO ][2015-12-16 12:29:01,949][com.java.SeleniumDriver] [  822] - Test case being Executed: 3
[INFO ][2015-12-16 12:29:01,949][com.java.SeleniumDriver] [  833] - Test step:1
[INFO ][2015-12-16 12:29:01,949][com.java.SeleniumDriver] [  845] - Datavalue is----------Logout
[INFO ][2015-12-16 12:29:01,949][com.java.SeleniumDriver] [  869] - DataField : BTN
[INFO ][2015-12-16 12:29:01,949][com.java.SeleniumDriver] [  871] - DataValue : Logout
[INFO ][2015-12-16 12:29:01,949][com.java.SeleniumDriver] [  877] - <In Set values of the page>
[INFO ][2015-12-16 12:29:01,949][com.java.SeleniumDriver] [  880] - {Data Fields & Data Values Exist}
[INFO ][2015-12-16 12:29:01,949][com.java.SeleniumDriver] [  882] - --------------------------setting values-----------------------------
[INFO ][2015-12-16 12:29:01,949][com.java.SeleniumDriver] [  885] - Action Type : Verify
[INFO ][2015-12-16 12:29:01,949][com.java.TestType] [ 6822] - field= BTN value= Logout
[INFO ][2015-12-16 12:29:01,949][com.java.TestType] [ 5513] - value = Logout
[INFO ][2015-12-16 12:29:02,030][com.java.SeleniumDriver] [  894] -  RESULT true
[INFO ][2015-12-16 12:29:02,030][com.java.SeleniumDriver] [ 1100] - ?   P A S S   ?
[INFO ][2015-12-16 12:29:02,030][com.java.SeleniumDriver] [ 1142] - step change to 3
[INFO ][2015-12-16 12:29:02,030][com.java.SeleniumDriver] [  821] - ------------------------------------------
[INFO ][2015-12-16 12:29:02,030][com.java.SeleniumDriver] [  822] - Test case being Executed: 3
[INFO ][2015-12-16 12:29:02,030][com.java.SeleniumDriver] [  833] - Test step:3
[INFO ][2015-12-16 12:29:02,030][com.java.SeleniumDriver] [  845] - Datavalue is----------Concept#2:1-2
[INFO ][2015-12-16 12:29:02,030][com.java.SeleniumDriver] [  869] - DataField : test
[INFO ][2015-12-16 12:29:02,030][com.java.SeleniumDriver] [  871] - DataValue : Concept#2:1-2
[INFO ][2015-12-16 12:29:02,030][com.java.SeleniumDriver] [  877] - <In Set values of the page>
[INFO ][2015-12-16 12:29:02,030][com.java.SeleniumDriver] [  880] - {Data Fields & Data Values Exist}
[INFO ][2015-12-16 12:29:02,030][com.java.SeleniumDriver] [  882] - --------------------------setting values-----------------------------
[INFO ][2015-12-16 12:29:02,030][com.java.SeleniumDriver] [  885] - Action Type : ExecuteTestCase
[INFO ][2015-12-16 12:29:02,030][com.java.TestType] [  437] - The Concept sheet name is ---------- Concept
[INFO ][2015-12-16 12:29:02,030][com.java.TestType] [  440] - The Concept ID  is ---------- 2
[DEBUG][2015-12-16 12:29:02,030][com.java.TestType] [  444] - Steps being executted in the Concept are: 1:2
[INFO ][2015-12-16 12:29:02,030][com.java.TestType] [  451] - Test data details path ---------- D:\BankersDashboard\TestInputs\TestData.xls
[INFO ][2015-12-16 12:29:02,060][com.java.TestType] [  482] -  str(1) = 2
[INFO ][2015-12-16 12:29:02,060][com.java.TestType] [  485] - Test case Id is---2
[INFO ][2015-12-16 12:29:02,060][com.java.TestType] [  487] - 2
[INFO ][2015-12-16 12:29:02,060][com.java.TestType] [  482] -  str(2) = 1
[INFO ][2015-12-16 12:29:02,060][com.java.TestType] [  534] - row values are--------{1=com.java.Objects.TestDataDetails@14041ec}
[INFO ][2015-12-16 12:29:02,060][com.java.TestType] [  482] -  str(1) = 2
[INFO ][2015-12-16 12:29:02,060][com.java.TestType] [  485] - Test case Id is---2
[INFO ][2015-12-16 12:29:02,060][com.java.TestType] [  487] - 2
[INFO ][2015-12-16 12:29:02,060][com.java.TestType] [  482] -  str(2) = 2
[INFO ][2015-12-16 12:29:02,060][com.java.TestType] [  534] - row values are--------{1=com.java.Objects.TestDataDetails@14041ec, 2=com.java.Objects.TestDataDetails@18fc1a}
[INFO ][2015-12-16 12:29:02,060][com.java.TestType] [  482] -  str(1) = 2
[INFO ][2015-12-16 12:29:02,060][com.java.TestType] [  485] - Test case Id is---2
[INFO ][2015-12-16 12:29:02,060][com.java.TestType] [  487] - 2
[INFO ][2015-12-16 12:29:02,060][com.java.TestType] [  482] -  str(2) = 3
[INFO ][2015-12-16 12:29:02,070][com.java.TestType] [  534] - row values are--------{1=com.java.Objects.TestDataDetails@14041ec, 2=com.java.Objects.TestDataDetails@18fc1a, 3=com.java.Objects.TestDataDetails@1b06467}
[INFO ][2015-12-16 12:29:02,070][com.java.TestType] [10136] - Looping 1TCID = 2
[DEBUG][2015-12-16 12:29:02,070][com.java.TestType] [10177] - Concept ID:2 :: Step being Executed: 2::1
[INFO ][2015-12-16 12:29:02,070][com.java.TestType] [10215] - dataFields : BNK//select[@id='bank']
[DEBUG][2015-12-16 12:29:02,070][com.java.TestType] [10221] - <In Set values of the page>
[DEBUG][2015-12-16 12:29:02,070][com.java.TestType] [10226] - {Data Fields & Data Values Exist}
[INFO ][2015-12-16 12:29:02,070][com.java.TestType] [10232] - --------------------------setting values-----------------------------
[INFO ][2015-12-16 12:29:02,070][com.java.TestType] [10235] - Action Type : Select
[INFO ][2015-12-16 12:29:02,070][com.java.TestType] [ 5513] - value = PFC
[INFO ][2015-12-16 12:29:02,250][com.java.TestType] [10254] -  RESULT true
[INFO ][2015-12-16 12:29:02,250][com.java.TestType] [10371] - ?   P A S S   ?
[DEBUG][2015-12-16 12:29:02,250][com.java.TestType] [10177] - Concept ID:2 :: Step being Executed: 2::2
[INFO ][2015-12-16 12:29:02,250][com.java.TestType] [10215] - dataFields : LNKLogout
[DEBUG][2015-12-16 12:29:02,250][com.java.TestType] [10221] - <In Set values of the page>
[DEBUG][2015-12-16 12:29:02,250][com.java.TestType] [10226] - {Data Fields & Data Values Exist}
[INFO ][2015-12-16 12:29:02,250][com.java.TestType] [10232] - --------------------------setting values-----------------------------
[INFO ][2015-12-16 12:29:02,250][com.java.TestType] [10235] - Action Type : WaitTime
[DEBUG][2015-12-16 12:29:02,250][com.java.TestType] [ 5333] - sleepTime: 5000
[INFO ][2015-12-16 12:29:07,252][com.java.TestType] [10254] -  RESULT true
[INFO ][2015-12-16 12:29:07,252][com.java.TestType] [10371] - ?   P A S S   ?
[INFO ][2015-12-16 12:29:07,252][com.java.TestType] [10442] - Looping End......
[INFO ][2015-12-16 12:29:07,252][com.java.SeleniumDriver] [  894] -  RESULT true
[INFO ][2015-12-16 12:29:07,252][com.java.SeleniumDriver] [ 1100] - ?   P A S S   ?
[INFO ][2015-12-16 12:29:07,252][com.java.SeleniumDriver] [  821] - ------------------------------------------
[INFO ][2015-12-16 12:29:07,252][com.java.SeleniumDriver] [  822] - Test case being Executed: 3
[INFO ][2015-12-16 12:29:07,252][com.java.SeleniumDriver] [  833] - Test step:4
[INFO ][2015-12-16 12:29:07,252][com.java.SeleniumDriver] [  845] - Datavalue is----------null
[DEBUG][2015-12-16 12:29:07,252][com.java.SeleniumDriver] [  863] - Exception: null
[INFO ][2015-12-16 12:29:07,252][com.java.SeleniumDriver] [  869] - DataField : //span[@class='icon-stats']&&//a[@data-id="Forecasting"]
[INFO ][2015-12-16 12:29:07,252][com.java.SeleniumDriver] [  871] - DataValue : 
[INFO ][2015-12-16 12:29:07,252][com.java.SeleniumDriver] [  877] - <In Set values of the page>
[INFO ][2015-12-16 12:29:07,252][com.java.SeleniumDriver] [  880] - {Data Fields & Data Values Exist}
[INFO ][2015-12-16 12:29:07,252][com.java.SeleniumDriver] [  882] - --------------------------setting values-----------------------------
[INFO ][2015-12-16 12:29:07,252][com.java.SeleniumDriver] [  885] - Action Type : MOUSEOVER
[INFO ][2015-12-16 12:29:27,452][com.java.SeleniumDriver] [  894] -  RESULT true
[INFO ][2015-12-16 12:29:27,452][com.java.SeleniumDriver] [ 1100] - ?   P A S S   ?
[INFO ][2015-12-16 12:29:27,452][com.java.SeleniumDriver] [  821] - ------------------------------------------
[INFO ][2015-12-16 12:29:27,452][com.java.SeleniumDriver] [  822] - Test case being Executed: 3
[INFO ][2015-12-16 12:29:27,452][com.java.SeleniumDriver] [  833] - Test step:5
[INFO ][2015-12-16 12:29:27,452][com.java.SeleniumDriver] [  845] - Datavalue is----------5
[INFO ][2015-12-16 12:29:27,452][com.java.SeleniumDriver] [  869] - DataField : null
[INFO ][2015-12-16 12:29:27,452][com.java.SeleniumDriver] [  871] - DataValue : 5
[INFO ][2015-12-16 12:29:27,452][com.java.SeleniumDriver] [  877] - <In Set values of the page>
[INFO ][2015-12-16 12:29:27,452][com.java.SeleniumDriver] [  880] - {Data Fields & Data Values Exist}
[INFO ][2015-12-16 12:29:27,452][com.java.SeleniumDriver] [  882] - --------------------------setting values-----------------------------
[INFO ][2015-12-16 12:29:27,452][com.java.SeleniumDriver] [  885] - Action Type : WAITTIME
[DEBUG][2015-12-16 12:29:27,452][com.java.TestType] [ 5333] - sleepTime: 5000
[INFO ][2015-12-16 12:29:32,453][com.java.SeleniumDriver] [  894] -  RESULT true
[INFO ][2015-12-16 12:29:32,453][com.java.SeleniumDriver] [ 1100] - ?   P A S S   ?
[INFO ][2015-12-16 12:29:32,453][com.java.SeleniumDriver] [  821] - ------------------------------------------
[INFO ][2015-12-16 12:29:32,453][com.java.SeleniumDriver] [  822] - Test case being Executed: 3
[INFO ][2015-12-16 12:29:32,453][com.java.SeleniumDriver] [  833] - Test step:6
[INFO ][2015-12-16 12:29:32,453][com.java.SeleniumDriver] [  845] - Datavalue is----------Forecasting 
[INFO ][2015-12-16 12:29:32,453][com.java.SeleniumDriver] [  869] - DataField : TTL
[INFO ][2015-12-16 12:29:32,453][com.java.SeleniumDriver] [  871] - DataValue : Forecasting 
[INFO ][2015-12-16 12:29:32,453][com.java.SeleniumDriver] [  877] - <In Set values of the page>
[INFO ][2015-12-16 12:29:32,453][com.java.SeleniumDriver] [  880] - {Data Fields & Data Values Exist}
[INFO ][2015-12-16 12:29:32,453][com.java.SeleniumDriver] [  882] - --------------------------setting values-----------------------------
[INFO ][2015-12-16 12:29:32,453][com.java.SeleniumDriver] [  885] - Action Type : SELECTWINDOW
[INFO ][2015-12-16 12:29:45,018][com.java.SeleniumDriver] [  894] -  RESULT true
[INFO ][2015-12-16 12:29:45,018][com.java.SeleniumDriver] [ 1100] - ?   P A S S   ?
[INFO ][2015-12-16 12:29:45,018][com.java.SeleniumDriver] [  821] - ------------------------------------------
[INFO ][2015-12-16 12:29:45,018][com.java.SeleniumDriver] [  822] - Test case being Executed: 3
[INFO ][2015-12-16 12:29:45,018][com.java.SeleniumDriver] [  833] - Test step:7
[INFO ][2015-12-16 12:29:45,018][com.java.SeleniumDriver] [  845] - Datavalue is----------2
[INFO ][2015-12-16 12:29:45,018][com.java.SeleniumDriver] [  869] - DataField : DSPframeDialogContent
[INFO ][2015-12-16 12:29:45,018][com.java.SeleniumDriver] [  871] - DataValue : 2
[INFO ][2015-12-16 12:29:45,018][com.java.SeleniumDriver] [  877] - <In Set values of the page>
[INFO ][2015-12-16 12:29:45,018][com.java.SeleniumDriver] [  880] - {Data Fields & Data Values Exist}
[INFO ][2015-12-16 12:29:45,018][com.java.SeleniumDriver] [  882] - --------------------------setting values-----------------------------
[INFO ][2015-12-16 12:29:45,018][com.java.SeleniumDriver] [  885] - Action Type : WAITFORELEMENT
[INFO ][2015-12-16 12:29:46,179][com.java.SeleniumDriver] [  894] -  RESULT true
[INFO ][2015-12-16 12:29:46,179][com.java.SeleniumDriver] [ 1100] - ?   P A S S   ?
[INFO ][2015-12-16 12:29:46,179][com.java.SeleniumDriver] [  821] - ------------------------------------------
[INFO ][2015-12-16 12:29:46,179][com.java.SeleniumDriver] [  822] - Test case being Executed: 3
[INFO ][2015-12-16 12:29:46,179][com.java.SeleniumDriver] [  833] - Test step:8
[INFO ][2015-12-16 12:29:46,179][com.java.SeleniumDriver] [  845] - Datavalue is----------Forecasting 
[INFO ][2015-12-16 12:29:46,179][com.java.SeleniumDriver] [  869] - DataField : XPH//span[contains(text(),'Forecasting')]
[INFO ][2015-12-16 12:29:46,179][com.java.SeleniumDriver] [  871] - DataValue : Forecasting 
[INFO ][2015-12-16 12:29:46,179][com.java.SeleniumDriver] [  877] - <In Set values of the page>
[INFO ][2015-12-16 12:29:46,179][com.java.SeleniumDriver] [  880] - {Data Fields & Data Values Exist}
[INFO ][2015-12-16 12:29:46,179][com.java.SeleniumDriver] [  882] - --------------------------setting values-----------------------------
[INFO ][2015-12-16 12:29:46,179][com.java.SeleniumDriver] [  885] - Action Type : VERIFY
[INFO ][2015-12-16 12:29:46,179][com.java.TestType] [ 6822] - field= XPH//span[contains(text(),'Forecasting')] value= Forecasting 
[INFO ][2015-12-16 12:29:46,179][com.java.TestType] [ 5513] - value = Forecasting 
[INFO ][2015-12-16 12:29:46,299][com.java.SeleniumDriver] [  894] -  RESULT true
[INFO ][2015-12-16 12:29:46,299][com.java.SeleniumDriver] [ 1100] - ?   P A S S   ?
[INFO ][2015-12-16 12:29:46,299][com.java.SeleniumDriver] [  821] - ------------------------------------------
[INFO ][2015-12-16 12:29:46,299][com.java.SeleniumDriver] [  822] - Test case being Executed: 3
[INFO ][2015-12-16 12:29:46,299][com.java.SeleniumDriver] [  833] - Test step:9
[INFO ][2015-12-16 12:29:46,299][com.java.SeleniumDriver] [  845] - Datavalue is----------null
[DEBUG][2015-12-16 12:29:46,299][com.java.SeleniumDriver] [  863] - Exception: null
[INFO ][2015-12-16 12:29:46,299][com.java.SeleniumDriver] [  869] - DataField : BTNframeDialogContent
[INFO ][2015-12-16 12:29:46,299][com.java.SeleniumDriver] [  871] - DataValue : 
[INFO ][2015-12-16 12:29:46,299][com.java.SeleniumDriver] [  877] - <In Set values of the page>
[INFO ][2015-12-16 12:29:46,299][com.java.SeleniumDriver] [  880] - {Data Fields & Data Values Exist}
[INFO ][2015-12-16 12:29:46,299][com.java.SeleniumDriver] [  882] - --------------------------setting values-----------------------------
[INFO ][2015-12-16 12:29:46,299][com.java.SeleniumDriver] [  885] - Action Type : SELECTFRAME
[INFO ][2015-12-16 12:29:47,420][com.java.SeleniumDriver] [  894] -  RESULT true
[INFO ][2015-12-16 12:29:47,420][com.java.SeleniumDriver] [ 1100] - ?   P A S S   ?
[INFO ][2015-12-16 12:29:47,420][com.java.SeleniumDriver] [  821] - ------------------------------------------
[INFO ][2015-12-16 12:29:47,420][com.java.SeleniumDriver] [  822] - Test case being Executed: 3
[INFO ][2015-12-16 12:29:47,420][com.java.SeleniumDriver] [  833] - Test step:10
[INFO ][2015-12-16 12:29:47,420][com.java.SeleniumDriver] [  845] - Datavalue is----------10
[INFO ][2015-12-16 12:29:47,420][com.java.SeleniumDriver] [  869] - DataField : DSPddlProjects
[INFO ][2015-12-16 12:29:47,420][com.java.SeleniumDriver] [  871] - DataValue : 10
[INFO ][2015-12-16 12:29:47,420][com.java.SeleniumDriver] [  877] - <In Set values of the page>
[INFO ][2015-12-16 12:29:47,420][com.java.SeleniumDriver] [  880] - {Data Fields & Data Values Exist}
[INFO ][2015-12-16 12:29:47,420][com.java.SeleniumDriver] [  882] - --------------------------setting values-----------------------------
[INFO ][2015-12-16 12:29:47,420][com.java.SeleniumDriver] [  885] - Action Type : WAITFORELEMENT
[INFO ][2015-12-16 12:29:48,521][com.java.SeleniumDriver] [  894] -  RESULT true
[INFO ][2015-12-16 12:29:48,521][com.java.SeleniumDriver] [ 1100] - ?   P A S S   ?
[INFO ][2015-12-16 12:29:48,521][com.java.SeleniumDriver] [  821] - ------------------------------------------
[INFO ][2015-12-16 12:29:48,521][com.java.SeleniumDriver] [  822] - Test case being Executed: 3
[INFO ][2015-12-16 12:29:48,521][com.java.SeleniumDriver] [  833] - Test step:11
[INFO ][2015-12-16 12:29:48,521][com.java.SeleniumDriver] [  845] - Datavalue is----------index:last
[INFO ][2015-12-16 12:29:48,521][com.java.SeleniumDriver] [  869] - DataField : COBddlProjects
[INFO ][2015-12-16 12:29:48,521][com.java.SeleniumDriver] [  871] - DataValue : index:last
[INFO ][2015-12-16 12:29:48,521][com.java.SeleniumDriver] [  877] - <In Set values of the page>
[INFO ][2015-12-16 12:29:48,521][com.java.SeleniumDriver] [  880] - {Data Fields & Data Values Exist}
[INFO ][2015-12-16 12:29:48,521][com.java.SeleniumDriver] [  882] - --------------------------setting values-----------------------------
[INFO ][2015-12-16 12:29:48,521][com.java.SeleniumDriver] [  885] - Action Type : SELECT
[INFO ][2015-12-16 12:29:48,521][com.java.TestType] [ 5513] - value = last
[INFO ][2015-12-16 12:29:49,614][com.java.TestType] [ 5631] -  In COB ddlProjects : last
[INFO ][2015-12-16 12:29:49,834][com.java.SeleniumDriver] [  894] -  RESULT true
[INFO ][2015-12-16 12:29:49,834][com.java.SeleniumDriver] [ 1100] - ?   P A S S   ?
[INFO ][2015-12-16 12:29:49,834][com.java.SeleniumDriver] [ 1137] - Continue next step...
[INFO ][2015-12-16 12:29:49,834][com.java.SeleniumDriver] [  821] - ------------------------------------------
[INFO ][2015-12-16 12:29:49,834][com.java.SeleniumDriver] [  822] - Test case being Executed: 3
[INFO ][2015-12-16 12:29:49,834][com.java.SeleniumDriver] [  833] - Test step:12
[INFO ][2015-12-16 12:29:49,834][com.java.SeleniumDriver] [  845] - Datavalue is----------CurrentProject
[INFO ][2015-12-16 12:29:49,834][com.java.SeleniumDriver] [  869] - DataField : SLBddlProjects
[INFO ][2015-12-16 12:29:49,834][com.java.SeleniumDriver] [  871] - DataValue : CurrentProject
[INFO ][2015-12-16 12:29:49,834][com.java.SeleniumDriver] [  877] - <In Set values of the page>
[INFO ][2015-12-16 12:29:49,834][com.java.SeleniumDriver] [  880] - {Data Fields & Data Values Exist}
[INFO ][2015-12-16 12:29:49,834][com.java.SeleniumDriver] [  882] - --------------------------setting values-----------------------------
[INFO ][2015-12-16 12:29:49,834][com.java.SeleniumDriver] [  885] - Action Type : storevalue
[INFO ][2015-12-16 12:29:49,834][com.java.TestType] [ 8002] - field= SLBddlProjects
[INFO ][2015-12-16 12:29:51,065][com.java.SeleniumDriver] [  894] -  RESULT true
[INFO ][2015-12-16 12:29:51,065][com.java.SeleniumDriver] [ 1100] - ?   P A S S   ?
[INFO ][2015-12-16 12:29:51,065][com.java.SeleniumDriver] [  821] - ------------------------------------------
[INFO ][2015-12-16 12:29:51,065][com.java.SeleniumDriver] [  822] - Test case being Executed: 3
[INFO ][2015-12-16 12:29:51,065][com.java.SeleniumDriver] [  833] - Test step:13
[INFO ][2015-12-16 12:29:51,065][com.java.SeleniumDriver] [  845] - Datavalue is----------null
[DEBUG][2015-12-16 12:29:51,065][com.java.SeleniumDriver] [  863] - Exception: null
[INFO ][2015-12-16 12:29:51,065][com.java.SeleniumDriver] [  869] - DataField : BTNbtnOpenProject
[INFO ][2015-12-16 12:29:51,065][com.java.SeleniumDriver] [  871] - DataValue : 
[INFO ][2015-12-16 12:29:51,065][com.java.SeleniumDriver] [  877] - <In Set values of the page>
[INFO ][2015-12-16 12:29:51,065][com.java.SeleniumDriver] [  880] - {Data Fields & Data Values Exist}
[INFO ][2015-12-16 12:29:51,065][com.java.SeleniumDriver] [  882] - --------------------------setting values-----------------------------
[INFO ][2015-12-16 12:29:51,065][com.java.SeleniumDriver] [  885] - Action Type : CLICKWITHALERT
[INFO ][2015-12-16 12:29:51,065][com.java.TestType] [ 5879] - Field ::BTNbtnOpenProject
[INFO ][2015-12-16 12:29:51,065][com.java.TestType] [ 5513] - value = 
[INFO ][2015-12-16 12:29:52,065][com.java.TestType] [ 5995] - BEFORE CLICK
[INFO ][2015-12-16 12:29:54,276][com.java.TestType] [ 6002] - Unable to click the object common
[INFO ][2015-12-16 12:29:54,876][com.java.SeleniumDriver] [  894] -  RESULT true
[INFO ][2015-12-16 12:29:54,876][com.java.SeleniumDriver] [ 1100] - ?   P A S S   ?
[INFO ][2015-12-16 12:29:54,876][com.java.SeleniumDriver] [  821] - ------------------------------------------
[INFO ][2015-12-16 12:29:54,876][com.java.SeleniumDriver] [  822] - Test case being Executed: 3
[INFO ][2015-12-16 12:29:54,876][com.java.SeleniumDriver] [  833] - Test step:14
[INFO ][2015-12-16 12:29:54,876][com.java.SeleniumDriver] [  845] - Datavalue is----------2
[INFO ][2015-12-16 12:29:54,876][com.java.SeleniumDriver] [  869] - DataField : null
[INFO ][2015-12-16 12:29:54,876][com.java.SeleniumDriver] [  871] - DataValue : 2
[INFO ][2015-12-16 12:29:54,876][com.java.SeleniumDriver] [  877] - <In Set values of the page>
[INFO ][2015-12-16 12:29:54,876][com.java.SeleniumDriver] [  880] - {Data Fields & Data Values Exist}
[INFO ][2015-12-16 12:29:54,876][com.java.SeleniumDriver] [  882] - --------------------------setting values-----------------------------
[INFO ][2015-12-16 12:29:54,876][com.java.SeleniumDriver] [  885] - Action Type : WAITTIME
[DEBUG][2015-12-16 12:29:54,876][com.java.TestType] [ 5333] - sleepTime: 2000
[INFO ][2015-12-16 12:29:56,877][com.java.SeleniumDriver] [  894] -  RESULT true
[INFO ][2015-12-16 12:29:56,877][com.java.SeleniumDriver] [ 1100] - ?   P A S S   ?
[INFO ][2015-12-16 12:29:56,877][com.java.SeleniumDriver] [  821] - ------------------------------------------
[INFO ][2015-12-16 12:29:56,877][com.java.SeleniumDriver] [  822] - Test case being Executed: 3
[INFO ][2015-12-16 12:29:56,877][com.java.SeleniumDriver] [  833] - Test step:15
[INFO ][2015-12-16 12:29:56,877][com.java.SeleniumDriver] [  845] - Datavalue is----------null
[DEBUG][2015-12-16 12:29:56,877][com.java.SeleniumDriver] [  863] - Exception: null
[INFO ][2015-12-16 12:29:56,877][com.java.SeleniumDriver] [  869] - DataField : BTNParent
[INFO ][2015-12-16 12:29:56,877][com.java.SeleniumDriver] [  871] - DataValue : 
[INFO ][2015-12-16 12:29:56,877][com.java.SeleniumDriver] [  877] - <In Set values of the page>
[INFO ][2015-12-16 12:29:56,877][com.java.SeleniumDriver] [  880] - {Data Fields & Data Values Exist}
[INFO ][2015-12-16 12:29:56,877][com.java.SeleniumDriver] [  882] - --------------------------setting values-----------------------------
[INFO ][2015-12-16 12:29:56,877][com.java.SeleniumDriver] [  885] - Action Type : SELECTFRAME
[INFO ][2015-12-16 12:29:56,878][com.java.SeleniumDriver] [  894] -  RESULT true
[INFO ][2015-12-16 12:29:56,878][com.java.SeleniumDriver] [ 1100] - ?   P A S S   ?
[INFO ][2015-12-16 12:29:56,878][com.java.SeleniumDriver] [  821] - ------------------------------------------
[INFO ][2015-12-16 12:29:56,878][com.java.SeleniumDriver] [  822] - Test case being Executed: 3
[INFO ][2015-12-16 12:29:56,878][com.java.SeleniumDriver] [  833] - Test step:16
[INFO ][2015-12-16 12:29:56,878][com.java.SeleniumDriver] [  845] - Datavalue is----------10
[INFO ][2015-12-16 12:29:56,878][com.java.SeleniumDriver] [  869] - DataField : DSPFile
[INFO ][2015-12-16 12:29:56,878][com.java.SeleniumDriver] [  871] - DataValue : 10
[INFO ][2015-12-16 12:29:56,878][com.java.SeleniumDriver] [  877] - <In Set values of the page>
[INFO ][2015-12-16 12:29:56,878][com.java.SeleniumDriver] [  880] - {Data Fields & Data Values Exist}
[INFO ][2015-12-16 12:29:56,878][com.java.SeleniumDriver] [  882] - --------------------------setting values-----------------------------
[INFO ][2015-12-16 12:29:56,878][com.java.SeleniumDriver] [  885] - Action Type : WAITFORELEMENT
[INFO ][2015-12-16 12:29:57,068][com.java.SeleniumDriver] [  894] -  RESULT true
[INFO ][2015-12-16 12:29:57,068][com.java.SeleniumDriver] [ 1100] - ?   P A S S   ?
[INFO ][2015-12-16 12:29:57,068][com.java.SeleniumDriver] [  821] - ------------------------------------------
[INFO ][2015-12-16 12:29:57,068][com.java.SeleniumDriver] [  822] - Test case being Executed: 3
[INFO ][2015-12-16 12:29:57,068][com.java.SeleniumDriver] [  833] - Test step:17
[INFO ][2015-12-16 12:29:57,068][com.java.SeleniumDriver] [  845] - Datavalue is----------null
[DEBUG][2015-12-16 12:29:57,068][com.java.SeleniumDriver] [  863] - Exception: null
[INFO ][2015-12-16 12:29:57,068][com.java.SeleniumDriver] [  869] - DataField : HDNFile
[INFO ][2015-12-16 12:29:57,068][com.java.SeleniumDriver] [  871] - DataValue : 
[INFO ][2015-12-16 12:29:57,068][com.java.SeleniumDriver] [  877] - <In Set values of the page>
[INFO ][2015-12-16 12:29:57,068][com.java.SeleniumDriver] [  880] - {Data Fields & Data Values Exist}
[INFO ][2015-12-16 12:29:57,068][com.java.SeleniumDriver] [  882] - --------------------------setting values-----------------------------
[INFO ][2015-12-16 12:29:57,068][com.java.SeleniumDriver] [  885] - Action Type : Click
[INFO ][2015-12-16 12:29:57,068][com.java.TestType] [ 5879] - Field ::HDNFile
[INFO ][2015-12-16 12:29:57,068][com.java.TestType] [ 5513] - value = 
[INFO ][2015-12-16 12:29:58,159][com.java.SeleniumDriver] [  894] -  RESULT true
[INFO ][2015-12-16 12:29:58,159][com.java.SeleniumDriver] [ 1100] - ?   P A S S   ?
[INFO ][2015-12-16 12:29:58,159][com.java.SeleniumDriver] [  821] - ------------------------------------------
[INFO ][2015-12-16 12:29:58,159][com.java.SeleniumDriver] [  822] - Test case being Executed: 3
[INFO ][2015-12-16 12:29:58,159][com.java.SeleniumDriver] [  833] - Test step:18
[INFO ][2015-12-16 12:29:58,159][com.java.SeleniumDriver] [  845] - Datavalue is----------10
[INFO ][2015-12-16 12:29:58,159][com.java.SeleniumDriver] [  869] - DataField : DSP//a[@id='menuNewProject']
[INFO ][2015-12-16 12:29:58,159][com.java.SeleniumDriver] [  871] - DataValue : 10
[INFO ][2015-12-16 12:29:58,159][com.java.SeleniumDriver] [  877] - <In Set values of the page>
[INFO ][2015-12-16 12:29:58,159][com.java.SeleniumDriver] [  880] - {Data Fields & Data Values Exist}
[INFO ][2015-12-16 12:29:58,159][com.java.SeleniumDriver] [  882] - --------------------------setting values-----------------------------
[INFO ][2015-12-16 12:29:58,159][com.java.SeleniumDriver] [  885] - Action Type : WAITFORELEMENT
[INFO ][2015-12-16 12:29:58,296][com.java.SeleniumDriver] [  894] -  RESULT true
[INFO ][2015-12-16 12:29:58,296][com.java.SeleniumDriver] [ 1100] - ?   P A S S   ?
[INFO ][2015-12-16 12:29:58,296][com.java.SeleniumDriver] [  821] - ------------------------------------------
[INFO ][2015-12-16 12:29:58,296][com.java.SeleniumDriver] [  822] - Test case being Executed: 3
[INFO ][2015-12-16 12:29:58,296][com.java.SeleniumDriver] [  833] - Test step:19
[INFO ][2015-12-16 12:29:58,296][com.java.SeleniumDriver] [  845] - Datavalue is----------null
[DEBUG][2015-12-16 12:29:58,296][com.java.SeleniumDriver] [  863] - Exception: null
[INFO ][2015-12-16 12:29:58,296][com.java.SeleniumDriver] [  869] - DataField : HDN//a[@id='menuNewProject']
[INFO ][2015-12-16 12:29:58,296][com.java.SeleniumDriver] [  871] - DataValue : 
[INFO ][2015-12-16 12:29:58,296][com.java.SeleniumDriver] [  877] - <In Set values of the page>
[INFO ][2015-12-16 12:29:58,296][com.java.SeleniumDriver] [  880] - {Data Fields & Data Values Exist}
[INFO ][2015-12-16 12:29:58,296][com.java.SeleniumDriver] [  882] - --------------------------setting values-----------------------------
[INFO ][2015-12-16 12:29:58,296][com.java.SeleniumDriver] [  885] - Action Type : Click
[INFO ][2015-12-16 12:29:58,296][com.java.TestType] [ 5879] - Field ::HDN//a[@id='menuNewProject']
[INFO ][2015-12-16 12:29:58,296][com.java.TestType] [ 5513] - value = 
[INFO ][2015-12-16 12:29:59,387][com.java.SeleniumDriver] [  894] -  RESULT true
[INFO ][2015-12-16 12:29:59,387][com.java.SeleniumDriver] [ 1100] - ?   P A S S   ?
[INFO ][2015-12-16 12:29:59,387][com.java.SeleniumDriver] [  821] - ------------------------------------------
[INFO ][2015-12-16 12:29:59,387][com.java.SeleniumDriver] [  822] - Test case being Executed: 3
[INFO ][2015-12-16 12:29:59,387][com.java.SeleniumDriver] [  833] - Test step:20
[INFO ][2015-12-16 12:29:59,387][com.java.SeleniumDriver] [  845] - Datavalue is----------5
[INFO ][2015-12-16 12:29:59,387][com.java.SeleniumDriver] [  869] - DataField : null
[INFO ][2015-12-16 12:29:59,387][com.java.SeleniumDriver] [  871] - DataValue : 5
[INFO ][2015-12-16 12:29:59,387][com.java.SeleniumDriver] [  877] - <In Set values of the page>
[INFO ][2015-12-16 12:29:59,387][com.java.SeleniumDriver] [  880] - {Data Fields & Data Values Exist}
[INFO ][2015-12-16 12:29:59,387][com.java.SeleniumDriver] [  882] - --------------------------setting values-----------------------------
[INFO ][2015-12-16 12:29:59,387][com.java.SeleniumDriver] [  885] - Action Type : WAITTIME
[DEBUG][2015-12-16 12:29:59,387][com.java.TestType] [ 5333] - sleepTime: 5000
[INFO ][2015-12-16 12:30:04,372][com.java.SeleniumDriver] [  894] -  RESULT true
[INFO ][2015-12-16 12:30:04,372][com.java.SeleniumDriver] [ 1100] - ?   P A S S   ?
[INFO ][2015-12-16 12:30:04,372][com.java.SeleniumDriver] [  821] - ------------------------------------------
[INFO ][2015-12-16 12:30:04,372][com.java.SeleniumDriver] [  822] - Test case being Executed: 3
[INFO ][2015-12-16 12:30:04,372][com.java.SeleniumDriver] [  833] - Test step:21
[INFO ][2015-12-16 12:30:04,372][com.java.SeleniumDriver] [  845] - Datavalue is----------OK
[INFO ][2015-12-16 12:30:04,372][com.java.SeleniumDriver] [  869] - DataField : CNF
[INFO ][2015-12-16 12:30:04,372][com.java.SeleniumDriver] [  871] - DataValue : OK
[INFO ][2015-12-16 12:30:04,372][com.java.SeleniumDriver] [  877] - <In Set values of the page>
[INFO ][2015-12-16 12:30:04,372][com.java.SeleniumDriver] [  880] - {Data Fields & Data Values Exist}
[INFO ][2015-12-16 12:30:04,372][com.java.SeleniumDriver] [  882] - --------------------------setting values-----------------------------
[INFO ][2015-12-16 12:30:04,372][com.java.SeleniumDriver] [  885] - Action Type : Click
[INFO ][2015-12-16 12:30:04,372][com.java.TestType] [ 5879] - Field ::CNF
[INFO ][2015-12-16 12:30:04,372][com.java.TestType] [ 5513] - value = OK
[INFO ][2015-12-16 12:30:06,198][com.java.TestType] [ 6012] - Click the object Only one project create dialog
[INFO ][2015-12-16 12:30:06,198][com.java.TestType] [ 6013] - Unable to click the object Only one project create dialog
[INFO ][2015-12-16 12:30:06,198][com.java.SeleniumDriver] [  894] -  RESULT true
[INFO ][2015-12-16 12:30:06,198][com.java.SeleniumDriver] [ 1100] - ?   P A S S   ?
[INFO ][2015-12-16 12:30:06,198][com.java.SeleniumDriver] [ 1142] - step change to 42
[INFO ][2015-12-16 12:30:06,198][com.java.SeleniumDriver] [  821] - ------------------------------------------
[INFO ][2015-12-16 12:30:06,198][com.java.SeleniumDriver] [  822] - Test case being Executed: 3
[INFO ][2015-12-16 12:30:06,198][com.java.SeleniumDriver] [  833] - Test step:42
[INFO ][2015-12-16 12:30:06,198][com.java.SeleniumDriver] [  845] - Datavalue is----------1
[INFO ][2015-12-16 12:30:06,198][com.java.SeleniumDriver] [  869] - DataField : null
[INFO ][2015-12-16 12:30:06,198][com.java.SeleniumDriver] [  871] - DataValue : 1
[INFO ][2015-12-16 12:30:06,198][com.java.SeleniumDriver] [  877] - <In Set values of the page>
[INFO ][2015-12-16 12:30:06,198][com.java.SeleniumDriver] [  880] - {Data Fields & Data Values Exist}
[INFO ][2015-12-16 12:30:06,198][com.java.SeleniumDriver] [  882] - --------------------------setting values-----------------------------
[INFO ][2015-12-16 12:30:06,198][com.java.SeleniumDriver] [  885] - Action Type : WAITTIME
[DEBUG][2015-12-16 12:30:06,198][com.java.TestType] [ 5333] - sleepTime: 1000
[INFO ][2015-12-16 12:30:07,199][com.java.SeleniumDriver] [  894] -  RESULT true
[INFO ][2015-12-16 12:30:07,199][com.java.SeleniumDriver] [ 1100] - ?   P A S S   ?
[DEBUG][2015-12-16 12:30:07,199][com.java.SeleniumDriver] [ 1212] - Case found
[DEBUG][2015-12-16 12:30:07,199][com.java.SeleniumDriver] [ 1217] - Incrementing ReportCounters[0]:2
[INFO ][2015-12-16 12:30:07,199][com.java.SeleniumDriver] [ 1236] - The results are-------------------[3, 1, Copy Of Existinf FC Project, Pass, , Wed Dec 16 12:29:02 IST 2015, 3, 3, Copy Of Existinf FC Project, Pass, , Wed Dec 16 12:29:07 IST 2015, 3, 4, Copy Of Existinf FC Project, Pass, , Wed Dec 16 12:29:27 IST 2015, 3, 5, Copy Of Existinf FC Project, Pass, , Wed Dec 16 12:29:32 IST 2015, 3, 6, Copy Of Existinf FC Project, Pass, , Wed Dec 16 12:29:45 IST 2015, 3, 7, Copy Of Existinf FC Project, Pass, , Wed Dec 16 12:29:46 IST 2015, 3, 8, Copy Of Existinf FC Project, Pass, , Wed Dec 16 12:29:46 IST 2015, 3, 9, Copy Of Existinf FC Project, Pass, , Wed Dec 16 12:29:47 IST 2015, 3, 10, Copy Of Existinf FC Project, Pass, , Wed Dec 16 12:29:48 IST 2015, 3, 11, Copy Of Existinf FC Project, Pass, , Wed Dec 16 12:29:49 IST 2015, 3, 12, Copy Of Existinf FC Project, Pass, , Wed Dec 16 12:29:51 IST 2015, 3, 13, Copy Of Existinf FC Project, Pass, , Wed Dec 16 12:29:54 IST 2015, 3, 14, Copy Of Existinf FC Project, Pass, , Wed Dec 16 12:29:56 IST 2015, 3, 15, Copy Of Existinf FC Project, Pass, , Wed Dec 16 12:29:56 IST 2015, 3, 16, Copy Of Existinf FC Project, Pass, , Wed Dec 16 12:29:57 IST 2015, 3, 17, Copy Of Existinf FC Project, Pass, , Wed Dec 16 12:29:58 IST 2015, 3, 18, Copy Of Existinf FC Project, Pass, , Wed Dec 16 12:29:58 IST 2015, 3, 19, Copy Of Existinf FC Project, Pass, , Wed Dec 16 12:29:59 IST 2015, 3, 20, Copy Of Existinf FC Project, Pass, , Wed Dec 16 12:30:04 IST 2015, 3, 21, Copy Of Existinf FC Project, Pass, , Wed Dec 16 12:30:06 IST 2015, 3, 42, Copy Of Existinf FC Project, Pass, , Wed Dec 16 12:30:07 IST 2015]
[INFO ][2015-12-16 12:30:07,199][com.java.SeleniumDriver] [ 1240] - End time is-------1 min 57 sec
[INFO ][2015-12-16 12:30:07,199][com.java.SeleniumDriver] [ 1241] - The results are-------------------[3, 1, Copy Of Existinf FC Project, Pass, , Wed Dec 16 12:29:02 IST 2015, 3, 3, Copy Of Existinf FC Project, Pass, , Wed Dec 16 12:29:07 IST 2015, 3, 4, Copy Of Existinf FC Project, Pass, , Wed Dec 16 12:29:27 IST 2015, 3, 5, Copy Of Existinf FC Project, Pass, , Wed Dec 16 12:29:32 IST 2015, 3, 6, Copy Of Existinf FC Project, Pass, , Wed Dec 16 12:29:45 IST 2015, 3, 7, Copy Of Existinf FC Project, Pass, , Wed Dec 16 12:29:46 IST 2015, 3, 8, Copy Of Existinf FC Project, Pass, , Wed Dec 16 12:29:46 IST 2015, 3, 9, Copy Of Existinf FC Project, Pass, , Wed Dec 16 12:29:47 IST 2015, 3, 10, Copy Of Existinf FC Project, Pass, , Wed Dec 16 12:29:48 IST 2015, 3, 11, Copy Of Existinf FC Project, Pass, , Wed Dec 16 12:29:49 IST 2015, 3, 12, Copy Of Existinf FC Project, Pass, , Wed Dec 16 12:29:51 IST 2015, 3, 13, Copy Of Existinf FC Project, Pass, , Wed Dec 16 12:29:54 IST 2015, 3, 14, Copy Of Existinf FC Project, Pass, , Wed Dec 16 12:29:56 IST 2015, 3, 15, Copy Of Existinf FC Project, Pass, , Wed Dec 16 12:29:56 IST 2015, 3, 16, Copy Of Existinf FC Project, Pass, , Wed Dec 16 12:29:57 IST 2015, 3, 17, Copy Of Existinf FC Project, Pass, , Wed Dec 16 12:29:58 IST 2015, 3, 18, Copy Of Existinf FC Project, Pass, , Wed Dec 16 12:29:58 IST 2015, 3, 19, Copy Of Existinf FC Project, Pass, , Wed Dec 16 12:29:59 IST 2015, 3, 20, Copy Of Existinf FC Project, Pass, , Wed Dec 16 12:30:04 IST 2015, 3, 21, Copy Of Existinf FC Project, Pass, , Wed Dec 16 12:30:06 IST 2015, 3, 42, Copy Of Existinf FC Project, Pass, , Wed Dec 16 12:30:07 IST 2015]
[DEBUG][2015-12-16 12:30:07,199][com.java.ImportnExport.ExportTestResultsExcel] [  222] - testResultPath = D:\BankersDashboard/TestReports/Test Results_BankersDashBoard_121615_122812_IE10_Any Bank USA.xls
[DEBUG][2015-12-16 12:30:07,199][com.java.ImportnExport.ExportTestResultsExcel] [  223] - browser is------------IE10
[DEBUG][2015-12-16 12:30:07,199][com.java.ImportnExport.ExportTestResultsExcel] [  270] - result.size() = 126
[DEBUG][2015-12-16 12:30:07,199][com.java.ImportnExport.ExportTestResultsExcel] [  274] - No of rows in sheet=2
[DEBUG][2015-12-16 12:30:07,199][com.java.ImportnExport.ExportTestResultsExcel] [  301] - ..in export..3
[DEBUG][2015-12-16 12:30:07,199][com.java.ImportnExport.ExportTestResultsExcel] [  301] - ..in export..Copy Of Existinf FC Project
[DEBUG][2015-12-16 12:30:07,199][com.java.ImportnExport.ExportTestResultsExcel] [  301] - ..in export..Pass
[DEBUG][2015-12-16 12:30:07,199][com.java.ImportnExport.ExportTestResultsExcel] [  301] - ..in export..
[DEBUG][2015-12-16 12:30:07,199][com.java.ImportnExport.ExportTestResultsExcel] [  301] - ..in export..Wed Dec 16 12:29:02 IST 2015
[INFO ][2015-12-16 12:30:07,199][com.java.SeleniumDriver] [ 1299] - out loop:1 size:4 TestCases:[1, 3, 4, 5] testcases:[1, 3, 4, 5]
[INFO ][2015-12-16 12:30:07,199][com.java.ImportnExport.ImportTestDataDetailsExcel] [   49] - test data details path===== D:\BankersDashboard\TestInputs\TestData.xls
[INFO ][2015-12-16 12:30:30,173][com.java.SeleniumDriver] [  821] - ------------------------------------------
[INFO ][2015-12-16 12:30:30,173][com.java.SeleniumDriver] [  822] - Test case being Executed: 4
[INFO ][2015-12-16 12:30:30,173][com.java.SeleniumDriver] [  833] - Test step:1
[INFO ][2015-12-16 12:30:30,173][com.java.SeleniumDriver] [  845] - Datavalue is----------Logout
[INFO ][2015-12-16 12:30:30,173][com.java.SeleniumDriver] [  869] - DataField : BTN
[INFO ][2015-12-16 12:30:30,173][com.java.SeleniumDriver] [  871] - DataValue : Logout
[INFO ][2015-12-16 12:30:30,173][com.java.SeleniumDriver] [  877] - <In Set values of the page>
[INFO ][2015-12-16 12:30:30,173][com.java.SeleniumDriver] [  880] - {Data Fields & Data Values Exist}
[INFO ][2015-12-16 12:30:30,173][com.java.SeleniumDriver] [  882] - --------------------------setting values-----------------------------
[INFO ][2015-12-16 12:30:30,173][com.java.SeleniumDriver] [  885] - Action Type : Verify
[INFO ][2015-12-16 12:30:30,173][com.java.TestType] [ 6822] - field= BTN value= Logout
[INFO ][2015-12-16 12:30:30,173][com.java.TestType] [ 5513] - value = Logout
[INFO ][2015-12-16 12:30:30,234][com.java.SeleniumDriver] [  894] -  RESULT true
[INFO ][2015-12-16 12:30:30,234][com.java.SeleniumDriver] [ 1100] - ?   P A S S   ?
[INFO ][2015-12-16 12:30:30,234][com.java.SeleniumDriver] [ 1142] - step change to 3
[INFO ][2015-12-16 12:30:30,234][com.java.SeleniumDriver] [  821] - ------------------------------------------
[INFO ][2015-12-16 12:30:30,234][com.java.SeleniumDriver] [  822] - Test case being Executed: 4
[INFO ][2015-12-16 12:30:30,234][com.java.SeleniumDriver] [  833] - Test step:3
[INFO ][2015-12-16 12:30:30,234][com.java.SeleniumDriver] [  845] - Datavalue is----------Concept#2:1-2
[INFO ][2015-12-16 12:30:30,234][com.java.SeleniumDriver] [  869] - DataField : test
[INFO ][2015-12-16 12:30:30,234][com.java.SeleniumDriver] [  871] - DataValue : Concept#2:1-2
[INFO ][2015-12-16 12:30:30,234][com.java.SeleniumDriver] [  877] - <In Set values of the page>
[INFO ][2015-12-16 12:30:30,234][com.java.SeleniumDriver] [  880] - {Data Fields & Data Values Exist}
[INFO ][2015-12-16 12:30:30,234][com.java.SeleniumDriver] [  882] - --------------------------setting values-----------------------------
[INFO ][2015-12-16 12:30:30,234][com.java.SeleniumDriver] [  885] - Action Type : ExecuteTestCase
[INFO ][2015-12-16 12:30:30,234][com.java.TestType] [  437] - The Concept sheet name is ---------- Concept
[INFO ][2015-12-16 12:30:30,234][com.java.TestType] [  440] - The Concept ID  is ---------- 2
[DEBUG][2015-12-16 12:30:30,234][com.java.TestType] [  444] - Steps being executted in the Concept are: 1:2
[INFO ][2015-12-16 12:30:30,234][com.java.TestType] [  451] - Test data details path ---------- D:\BankersDashboard\TestInputs\TestData.xls
[INFO ][2015-12-16 12:30:30,264][com.java.TestType] [  482] -  str(1) = 2
[INFO ][2015-12-16 12:30:30,264][com.java.TestType] [  485] - Test case Id is---2
[INFO ][2015-12-16 12:30:30,264][com.java.TestType] [  487] - 2
[INFO ][2015-12-16 12:30:30,264][com.java.TestType] [  482] -  str(2) = 1
[INFO ][2015-12-16 12:30:30,264][com.java.TestType] [  534] - row values are--------{1=com.java.Objects.TestDataDetails@d2796e}
[INFO ][2015-12-16 12:30:30,264][com.java.TestType] [  482] -  str(1) = 2
[INFO ][2015-12-16 12:30:30,264][com.java.TestType] [  485] - Test case Id is---2
[INFO ][2015-12-16 12:30:30,264][com.java.TestType] [  487] - 2
[INFO ][2015-12-16 12:30:30,264][com.java.TestType] [  482] -  str(2) = 2
[INFO ][2015-12-16 12:30:30,264][com.java.TestType] [  534] - row values are--------{1=com.java.Objects.TestDataDetails@d2796e, 2=com.java.Objects.TestDataDetails@6ef176}
[INFO ][2015-12-16 12:30:30,264][com.java.TestType] [  482] -  str(1) = 2
[INFO ][2015-12-16 12:30:30,264][com.java.TestType] [  485] - Test case Id is---2
[INFO ][2015-12-16 12:30:30,264][com.java.TestType] [  487] - 2
[INFO ][2015-12-16 12:30:30,264][com.java.TestType] [  482] -  str(2) = 3
[INFO ][2015-12-16 12:30:30,264][com.java.TestType] [  534] - row values are--------{1=com.java.Objects.TestDataDetails@d2796e, 2=com.java.Objects.TestDataDetails@6ef176, 3=com.java.Objects.TestDataDetails@157f40a}
[INFO ][2015-12-16 12:30:30,264][com.java.TestType] [10136] - Looping 1TCID = 2
[DEBUG][2015-12-16 12:30:30,264][com.java.TestType] [10177] - Concept ID:2 :: Step being Executed: 2::1
[INFO ][2015-12-16 12:30:30,264][com.java.TestType] [10215] - dataFields : BNK//select[@id='bank']
[DEBUG][2015-12-16 12:30:30,264][com.java.TestType] [10221] - <In Set values of the page>
[DEBUG][2015-12-16 12:30:30,264][com.java.TestType] [10226] - {Data Fields & Data Values Exist}
[INFO ][2015-12-16 12:30:30,264][com.java.TestType] [10232] - --------------------------setting values-----------------------------
[INFO ][2015-12-16 12:30:30,264][com.java.TestType] [10235] - Action Type : Select
[INFO ][2015-12-16 12:30:30,264][com.java.TestType] [ 5513] - value = PFC
[INFO ][2015-12-16 12:30:30,464][com.java.TestType] [10254] -  RESULT true
[INFO ][2015-12-16 12:30:30,464][com.java.TestType] [10371] - ?   P A S S   ?
[DEBUG][2015-12-16 12:30:30,464][com.java.TestType] [10177] - Concept ID:2 :: Step being Executed: 2::2
[INFO ][2015-12-16 12:30:30,464][com.java.TestType] [10215] - dataFields : LNKLogout
[DEBUG][2015-12-16 12:30:30,464][com.java.TestType] [10221] - <In Set values of the page>
[DEBUG][2015-12-16 12:30:30,464][com.java.TestType] [10226] - {Data Fields & Data Values Exist}
[INFO ][2015-12-16 12:30:30,464][com.java.TestType] [10232] - --------------------------setting values-----------------------------
[INFO ][2015-12-16 12:30:30,464][com.java.TestType] [10235] - Action Type : WaitTime
[DEBUG][2015-12-16 12:30:30,464][com.java.TestType] [ 5333] - sleepTime: 5000
[INFO ][2015-12-16 12:30:35,464][com.java.TestType] [10254] -  RESULT true
[INFO ][2015-12-16 12:30:35,464][com.java.TestType] [10371] - ?   P A S S   ?
[INFO ][2015-12-16 12:30:35,464][com.java.TestType] [10442] - Looping End......
[INFO ][2015-12-16 12:30:35,464][com.java.SeleniumDriver] [  894] -  RESULT true
[INFO ][2015-12-16 12:30:35,464][com.java.SeleniumDriver] [ 1100] - ?   P A S S   ?
[INFO ][2015-12-16 12:30:35,464][com.java.SeleniumDriver] [  821] - ------------------------------------------
[INFO ][2015-12-16 12:30:35,464][com.java.SeleniumDriver] [  822] - Test case being Executed: 4
[INFO ][2015-12-16 12:30:35,464][com.java.SeleniumDriver] [  833] - Test step:4
[INFO ][2015-12-16 12:30:35,464][com.java.SeleniumDriver] [  845] - Datavalue is----------3
[INFO ][2015-12-16 12:30:35,464][com.java.SeleniumDriver] [  869] - DataField : XPH//img[@id='loading']
[INFO ][2015-12-16 12:30:35,464][com.java.SeleniumDriver] [  871] - DataValue : 3
[INFO ][2015-12-16 12:30:35,464][com.java.SeleniumDriver] [  877] - <In Set values of the page>
[INFO ][2015-12-16 12:30:35,464][com.java.SeleniumDriver] [  880] - {Data Fields & Data Values Exist}
[INFO ][2015-12-16 12:30:35,464][com.java.SeleniumDriver] [  882] - --------------------------setting values-----------------------------
[INFO ][2015-12-16 12:30:35,464][com.java.SeleniumDriver] [  885] - Action Type : WaitForElement
[INFO ][2015-12-16 12:30:35,495][com.java.SeleniumDriver] [  894] -  RESULT true
[INFO ][2015-12-16 12:30:35,495][com.java.SeleniumDriver] [ 1100] - ?   P A S S   ?
[INFO ][2015-12-16 12:30:35,495][com.java.SeleniumDriver] [  821] - ------------------------------------------
[INFO ][2015-12-16 12:30:35,495][com.java.SeleniumDriver] [  822] - Test case being Executed: 4
[INFO ][2015-12-16 12:30:35,495][com.java.SeleniumDriver] [  833] - Test step:5
[INFO ][2015-12-16 12:30:35,495][com.java.SeleniumDriver] [  845] - Datavalue is----------90
[INFO ][2015-12-16 12:30:35,495][com.java.SeleniumDriver] [  869] - DataField : XPH//img[@id='loading']
[INFO ][2015-12-16 12:30:35,495][com.java.SeleniumDriver] [  871] - DataValue : 90
[INFO ][2015-12-16 12:30:35,495][com.java.SeleniumDriver] [  877] - <In Set values of the page>
[INFO ][2015-12-16 12:30:35,495][com.java.SeleniumDriver] [  880] - {Data Fields & Data Values Exist}
[INFO ][2015-12-16 12:30:35,495][com.java.SeleniumDriver] [  882] - --------------------------setting values-----------------------------
[INFO ][2015-12-16 12:30:35,495][com.java.SeleniumDriver] [  885] - Action Type : waitForElementNotPresent
[INFO ][2015-12-16 12:30:35,595][com.java.SeleniumDriver] [  894] -  RESULT true
[INFO ][2015-12-16 12:30:35,595][com.java.SeleniumDriver] [ 1100] - ?   P A S S   ?
[INFO ][2015-12-16 12:30:35,595][com.java.SeleniumDriver] [  821] - ------------------------------------------
[INFO ][2015-12-16 12:30:35,595][com.java.SeleniumDriver] [  822] - Test case being Executed: 4
[INFO ][2015-12-16 12:30:35,595][com.java.SeleniumDriver] [  833] - Test step:6
[INFO ][2015-12-16 12:30:35,595][com.java.SeleniumDriver] [  845] - Datavalue is----------null
[DEBUG][2015-12-16 12:30:35,595][com.java.SeleniumDriver] [  863] - Exception: null
[INFO ][2015-12-16 12:30:35,595][com.java.SeleniumDriver] [  869] - DataField : //span[@class='icon-stats']&&//a[@data-id="Forecasting"]
[INFO ][2015-12-16 12:30:35,595][com.java.SeleniumDriver] [  871] - DataValue : 
[INFO ][2015-12-16 12:30:35,595][com.java.SeleniumDriver] [  877] - <In Set values of the page>
[INFO ][2015-12-16 12:30:35,595][com.java.SeleniumDriver] [  880] - {Data Fields & Data Values Exist}
[INFO ][2015-12-16 12:30:35,595][com.java.SeleniumDriver] [  882] - --------------------------setting values-----------------------------
[INFO ][2015-12-16 12:30:35,595][com.java.SeleniumDriver] [  885] - Action Type : MOUSEOVER
[INFO ][2015-12-16 12:30:55,672][com.java.SeleniumDriver] [  894] -  RESULT true
[INFO ][2015-12-16 12:30:55,672][com.java.SeleniumDriver] [ 1100] - ?   P A S S   ?
[INFO ][2015-12-16 12:30:55,672][com.java.SeleniumDriver] [  821] - ------------------------------------------
[INFO ][2015-12-16 12:30:55,672][com.java.SeleniumDriver] [  822] - Test case being Executed: 4
[INFO ][2015-12-16 12:30:55,672][com.java.SeleniumDriver] [  833] - Test step:7
[INFO ][2015-12-16 12:30:55,672][com.java.SeleniumDriver] [  845] - Datavalue is----------5
[INFO ][2015-12-16 12:30:55,672][com.java.SeleniumDriver] [  869] - DataField : null
[INFO ][2015-12-16 12:30:55,672][com.java.SeleniumDriver] [  871] - DataValue : 5
[INFO ][2015-12-16 12:30:55,672][com.java.SeleniumDriver] [  877] - <In Set values of the page>
[INFO ][2015-12-16 12:30:55,672][com.java.SeleniumDriver] [  880] - {Data Fields & Data Values Exist}
[INFO ][2015-12-16 12:30:55,672][com.java.SeleniumDriver] [  882] - --------------------------setting values-----------------------------
[INFO ][2015-12-16 12:30:55,672][com.java.SeleniumDriver] [  885] - Action Type : WAITTIME
[DEBUG][2015-12-16 12:30:55,672][com.java.TestType] [ 5333] - sleepTime: 5000
[INFO ][2015-12-16 12:31:00,673][com.java.SeleniumDriver] [  894] -  RESULT true
[INFO ][2015-12-16 12:31:00,673][com.java.SeleniumDriver] [ 1100] - ?   P A S S   ?
[INFO ][2015-12-16 12:31:00,673][com.java.SeleniumDriver] [  821] - ------------------------------------------
[INFO ][2015-12-16 12:31:00,673][com.java.SeleniumDriver] [  822] - Test case being Executed: 4
[INFO ][2015-12-16 12:31:00,673][com.java.SeleniumDriver] [  833] - Test step:8
[INFO ][2015-12-16 12:31:00,673][com.java.SeleniumDriver] [  845] - Datavalue is----------Forecasting 
[INFO ][2015-12-16 12:31:00,673][com.java.SeleniumDriver] [  869] - DataField : TTL
[INFO ][2015-12-16 12:31:00,673][com.java.SeleniumDriver] [  871] - DataValue : Forecasting 
[INFO ][2015-12-16 12:31:00,673][com.java.SeleniumDriver] [  877] - <In Set values of the page>
[INFO ][2015-12-16 12:31:00,673][com.java.SeleniumDriver] [  880] - {Data Fields & Data Values Exist}
[INFO ][2015-12-16 12:31:00,673][com.java.SeleniumDriver] [  882] - --------------------------setting values-----------------------------
[INFO ][2015-12-16 12:31:00,673][com.java.SeleniumDriver] [  885] - Action Type : SELECTWINDOW
[INFO ][2015-12-16 12:31:13,246][com.java.SeleniumDriver] [  894] -  RESULT true
[INFO ][2015-12-16 12:31:13,246][com.java.SeleniumDriver] [ 1100] - ?   P A S S   ?
[INFO ][2015-12-16 12:31:13,246][com.java.SeleniumDriver] [  821] - ------------------------------------------
[INFO ][2015-12-16 12:31:13,246][com.java.SeleniumDriver] [  822] - Test case being Executed: 4
[INFO ][2015-12-16 12:31:13,246][com.java.SeleniumDriver] [  833] - Test step:9
[INFO ][2015-12-16 12:31:13,246][com.java.SeleniumDriver] [  845] - Datavalue is----------10
[INFO ][2015-12-16 12:31:13,246][com.java.SeleniumDriver] [  869] - DataField : DSP//span[contains(text(),'Forecasting')]
[INFO ][2015-12-16 12:31:13,246][com.java.SeleniumDriver] [  871] - DataValue : 10
[INFO ][2015-12-16 12:31:13,246][com.java.SeleniumDriver] [  877] - <In Set values of the page>
[INFO ][2015-12-16 12:31:13,246][com.java.SeleniumDriver] [  880] - {Data Fields & Data Values Exist}
[INFO ][2015-12-16 12:31:13,246][com.java.SeleniumDriver] [  882] - --------------------------setting values-----------------------------
[INFO ][2015-12-16 12:31:13,246][com.java.SeleniumDriver] [  885] - Action Type : WAITFORELEMENT
[INFO ][2015-12-16 12:31:13,366][com.java.SeleniumDriver] [  894] -  RESULT true
[INFO ][2015-12-16 12:31:13,366][com.java.SeleniumDriver] [ 1100] - ?   P A S S   ?
[INFO ][2015-12-16 12:31:13,366][com.java.SeleniumDriver] [  821] - ------------------------------------------
[INFO ][2015-12-16 12:31:13,366][com.java.SeleniumDriver] [  822] - Test case being Executed: 4
[INFO ][2015-12-16 12:31:13,366][com.java.SeleniumDriver] [  833] - Test step:10
[INFO ][2015-12-16 12:31:13,366][com.java.SeleniumDriver] [  845] - Datavalue is----------Forecasting 
[INFO ][2015-12-16 12:31:13,366][com.java.SeleniumDriver] [  869] - DataField : XPH//span[contains(text(),'Forecasting')]
[INFO ][2015-12-16 12:31:13,366][com.java.SeleniumDriver] [  871] - DataValue : Forecasting 
[INFO ][2015-12-16 12:31:13,366][com.java.SeleniumDriver] [  877] - <In Set values of the page>
[INFO ][2015-12-16 12:31:13,366][com.java.SeleniumDriver] [  880] - {Data Fields & Data Values Exist}
[INFO ][2015-12-16 12:31:13,366][com.java.SeleniumDriver] [  882] - --------------------------setting values-----------------------------
[INFO ][2015-12-16 12:31:13,366][com.java.SeleniumDriver] [  885] - Action Type : VERIFY
[INFO ][2015-12-16 12:31:13,366][com.java.TestType] [ 6822] - field= XPH//span[contains(text(),'Forecasting')] value= Forecasting 
[INFO ][2015-12-16 12:31:13,366][com.java.TestType] [ 5513] - value = Forecasting 
[INFO ][2015-12-16 12:31:13,476][com.java.SeleniumDriver] [  894] -  RESULT true
[INFO ][2015-12-16 12:31:13,476][com.java.SeleniumDriver] [ 1100] - ?   P A S S   ?
[INFO ][2015-12-16 12:31:13,476][com.java.SeleniumDriver] [  821] - ------------------------------------------
[INFO ][2015-12-16 12:31:13,476][com.java.SeleniumDriver] [  822] - Test case being Executed: 4
[INFO ][2015-12-16 12:31:13,476][com.java.SeleniumDriver] [  833] - Test step:11
[INFO ][2015-12-16 12:31:13,476][com.java.SeleniumDriver] [  845] - Datavalue is----------null
[DEBUG][2015-12-16 12:31:13,476][com.java.SeleniumDriver] [  863] - Exception: null
[INFO ][2015-12-16 12:31:13,476][com.java.SeleniumDriver] [  869] - DataField : BTNframeDialogContent
[INFO ][2015-12-16 12:31:13,476][com.java.SeleniumDriver] [  871] - DataValue : 
[INFO ][2015-12-16 12:31:13,476][com.java.SeleniumDriver] [  877] - <In Set values of the page>
[INFO ][2015-12-16 12:31:13,476][com.java.SeleniumDriver] [  880] - {Data Fields & Data Values Exist}
[INFO ][2015-12-16 12:31:13,476][com.java.SeleniumDriver] [  882] - --------------------------setting values-----------------------------
[INFO ][2015-12-16 12:31:13,476][com.java.SeleniumDriver] [  885] - Action Type : SELECTFRAME
[INFO ][2015-12-16 12:31:14,597][com.java.SeleniumDriver] [  894] -  RESULT true
[INFO ][2015-12-16 12:31:14,597][com.java.SeleniumDriver] [ 1100] - ?   P A S S   ?
[INFO ][2015-12-16 12:31:14,597][com.java.SeleniumDriver] [  821] - ------------------------------------------
[INFO ][2015-12-16 12:31:14,597][com.java.SeleniumDriver] [  822] - Test case being Executed: 4
[INFO ][2015-12-16 12:31:14,597][com.java.SeleniumDriver] [  833] - Test step:12
[INFO ][2015-12-16 12:31:14,597][com.java.SeleniumDriver] [  845] - Datavalue is----------10
[INFO ][2015-12-16 12:31:14,597][com.java.SeleniumDriver] [  869] - DataField : DSPddlProjects
[INFO ][2015-12-16 12:31:14,597][com.java.SeleniumDriver] [  871] - DataValue : 10
[INFO ][2015-12-16 12:31:14,597][com.java.SeleniumDriver] [  877] - <In Set values of the page>
[INFO ][2015-12-16 12:31:14,597][com.java.SeleniumDriver] [  880] - {Data Fields & Data Values Exist}
[INFO ][2015-12-16 12:31:14,597][com.java.SeleniumDriver] [  882] - --------------------------setting values-----------------------------
[INFO ][2015-12-16 12:31:14,597][com.java.SeleniumDriver] [  885] - Action Type : WAITFORELEMENT
[INFO ][2015-12-16 12:31:15,688][com.java.SeleniumDriver] [  894] -  RESULT true
[INFO ][2015-12-16 12:31:15,688][com.java.SeleniumDriver] [ 1100] - ?   P A S S   ?
[INFO ][2015-12-16 12:31:15,688][com.java.SeleniumDriver] [  821] - ------------------------------------------
[INFO ][2015-12-16 12:31:15,688][com.java.SeleniumDriver] [  822] - Test case being Executed: 4
[INFO ][2015-12-16 12:31:15,688][com.java.SeleniumDriver] [  833] - Test step:13
[INFO ][2015-12-16 12:31:15,688][com.java.SeleniumDriver] [  845] - Datavalue is----------index:last
[INFO ][2015-12-16 12:31:15,688][com.java.SeleniumDriver] [  869] - DataField : COBddlProjects
[INFO ][2015-12-16 12:31:15,688][com.java.SeleniumDriver] [  871] - DataValue : index:last
[INFO ][2015-12-16 12:31:15,688][com.java.SeleniumDriver] [  877] - <In Set values of the page>
[INFO ][2015-12-16 12:31:15,688][com.java.SeleniumDriver] [  880] - {Data Fields & Data Values Exist}
[INFO ][2015-12-16 12:31:15,688][com.java.SeleniumDriver] [  882] - --------------------------setting values-----------------------------
[INFO ][2015-12-16 12:31:15,688][com.java.SeleniumDriver] [  885] - Action Type : SELECT
[INFO ][2015-12-16 12:31:15,688][com.java.TestType] [ 5513] - value = last
[INFO ][2015-12-16 12:31:16,779][com.java.TestType] [ 5631] -  In COB ddlProjects : last
[INFO ][2015-12-16 12:31:16,989][com.java.SeleniumDriver] [  894] -  RESULT true
[INFO ][2015-12-16 12:31:16,989][com.java.SeleniumDriver] [ 1100] - ?   P A S S   ?
[INFO ][2015-12-16 12:31:16,989][com.java.SeleniumDriver] [ 1137] - Continue next step...
[INFO ][2015-12-16 12:31:16,989][com.java.SeleniumDriver] [  821] - ------------------------------------------
[INFO ][2015-12-16 12:31:16,989][com.java.SeleniumDriver] [  822] - Test case being Executed: 4
[INFO ][2015-12-16 12:31:16,989][com.java.SeleniumDriver] [  833] - Test step:14
[INFO ][2015-12-16 12:31:16,989][com.java.SeleniumDriver] [  845] - Datavalue is----------CurrentProject
[INFO ][2015-12-16 12:31:16,989][com.java.SeleniumDriver] [  869] - DataField : SLBddlProjects
[INFO ][2015-12-16 12:31:16,989][com.java.SeleniumDriver] [  871] - DataValue : CurrentProject
[INFO ][2015-12-16 12:31:16,989][com.java.SeleniumDriver] [  877] - <In Set values of the page>
[INFO ][2015-12-16 12:31:16,989][com.java.SeleniumDriver] [  880] - {Data Fields & Data Values Exist}
[INFO ][2015-12-16 12:31:16,989][com.java.SeleniumDriver] [  882] - --------------------------setting values-----------------------------
[INFO ][2015-12-16 12:31:16,989][com.java.SeleniumDriver] [  885] - Action Type : storevalue
[INFO ][2015-12-16 12:31:16,989][com.java.TestType] [ 8002] - field= SLBddlProjects
[INFO ][2015-12-16 12:31:18,210][com.java.SeleniumDriver] [  894] -  RESULT true
[INFO ][2015-12-16 12:31:18,210][com.java.SeleniumDriver] [ 1100] - ?   P A S S   ?
[INFO ][2015-12-16 12:31:18,210][com.java.SeleniumDriver] [  821] - ------------------------------------------
[INFO ][2015-12-16 12:31:18,210][com.java.SeleniumDriver] [  822] - Test case being Executed: 4
[INFO ][2015-12-16 12:31:18,210][com.java.SeleniumDriver] [  833] - Test step:15
[INFO ][2015-12-16 12:31:18,210][com.java.SeleniumDriver] [  845] - Datavalue is----------null
[DEBUG][2015-12-16 12:31:18,210][com.java.SeleniumDriver] [  863] - Exception: null
[INFO ][2015-12-16 12:31:18,210][com.java.SeleniumDriver] [  869] - DataField : HDNbtnOpenProject
[INFO ][2015-12-16 12:31:18,210][com.java.SeleniumDriver] [  871] - DataValue : 
[INFO ][2015-12-16 12:31:18,210][com.java.SeleniumDriver] [  877] - <In Set values of the page>
[INFO ][2015-12-16 12:31:18,210][com.java.SeleniumDriver] [  880] - {Data Fields & Data Values Exist}
[INFO ][2015-12-16 12:31:18,210][com.java.SeleniumDriver] [  882] - --------------------------setting values-----------------------------
[INFO ][2015-12-16 12:31:18,210][com.java.SeleniumDriver] [  885] - Action Type : CLICKWITHALERT
[INFO ][2015-12-16 12:31:18,210][com.java.TestType] [ 5879] - Field ::HDNbtnOpenProject
[INFO ][2015-12-16 12:31:18,210][com.java.TestType] [ 5513] - value = 
[INFO ][2015-12-16 12:31:21,171][com.java.SeleniumDriver] [  894] -  RESULT true
[INFO ][2015-12-16 12:31:21,171][com.java.SeleniumDriver] [ 1100] - ?   P A S S   ?
[INFO ][2015-12-16 12:31:21,171][com.java.SeleniumDriver] [  821] - ------------------------------------------
[INFO ][2015-12-16 12:31:21,171][com.java.SeleniumDriver] [  822] - Test case being Executed: 4
[INFO ][2015-12-16 12:31:21,171][com.java.SeleniumDriver] [  833] - Test step:16
[INFO ][2015-12-16 12:31:21,171][com.java.SeleniumDriver] [  845] - Datavalue is----------2
[INFO ][2015-12-16 12:31:21,171][com.java.SeleniumDriver] [  869] - DataField : null
[INFO ][2015-12-16 12:31:21,171][com.java.SeleniumDriver] [  871] - DataValue : 2
[INFO ][2015-12-16 12:31:21,171][com.java.SeleniumDriver] [  877] - <In Set values of the page>
[INFO ][2015-12-16 12:31:21,171][com.java.SeleniumDriver] [  880] - {Data Fields & Data Values Exist}
[INFO ][2015-12-16 12:31:21,171][com.java.SeleniumDriver] [  882] - --------------------------setting values-----------------------------
[INFO ][2015-12-16 12:31:21,171][com.java.SeleniumDriver] [  885] - Action Type : WAITTIME
[DEBUG][2015-12-16 12:31:21,171][com.java.TestType] [ 5333] - sleepTime: 2000
[INFO ][2015-12-16 12:31:23,172][com.java.SeleniumDriver] [  894] -  RESULT true
[INFO ][2015-12-16 12:31:23,172][com.java.SeleniumDriver] [ 1100] - ?   P A S S   ?
[INFO ][2015-12-16 12:31:23,172][com.java.SeleniumDriver] [  821] - ------------------------------------------
[INFO ][2015-12-16 12:31:23,172][com.java.SeleniumDriver] [  822] - Test case being Executed: 4
[INFO ][2015-12-16 12:31:23,172][com.java.SeleniumDriver] [  833] - Test step:17
[INFO ][2015-12-16 12:31:23,172][com.java.SeleniumDriver] [  845] - Datavalue is----------null
[DEBUG][2015-12-16 12:31:23,172][com.java.SeleniumDriver] [  863] - Exception: null
[INFO ][2015-12-16 12:31:23,172][com.java.SeleniumDriver] [  869] - DataField : BTNParent
[INFO ][2015-12-16 12:31:23,172][com.java.SeleniumDriver] [  871] - DataValue : 
[INFO ][2015-12-16 12:31:23,172][com.java.SeleniumDriver] [  877] - <In Set values of the page>
[INFO ][2015-12-16 12:31:23,172][com.java.SeleniumDriver] [  880] - {Data Fields & Data Values Exist}
[INFO ][2015-12-16 12:31:23,172][com.java.SeleniumDriver] [  882] - --------------------------setting values-----------------------------
[INFO ][2015-12-16 12:31:23,172][com.java.SeleniumDriver] [  885] - Action Type : SELECTFRAME
[INFO ][2015-12-16 12:31:23,173][com.java.SeleniumDriver] [  894] -  RESULT true
[INFO ][2015-12-16 12:31:23,173][com.java.SeleniumDriver] [ 1100] - ?   P A S S   ?
[INFO ][2015-12-16 12:31:23,173][com.java.SeleniumDriver] [  821] - ------------------------------------------
[INFO ][2015-12-16 12:31:23,173][com.java.SeleniumDriver] [  822] - Test case being Executed: 4
[INFO ][2015-12-16 12:31:23,173][com.java.SeleniumDriver] [  833] - Test step:18
[INFO ][2015-12-16 12:31:23,173][com.java.SeleniumDriver] [  845] - Datavalue is----------10
[INFO ][2015-12-16 12:31:23,173][com.java.SeleniumDriver] [  869] - DataField : DSPFile
[INFO ][2015-12-16 12:31:23,173][com.java.SeleniumDriver] [  871] - DataValue : 10
[INFO ][2015-12-16 12:31:23,173][com.java.SeleniumDriver] [  877] - <In Set values of the page>
[INFO ][2015-12-16 12:31:23,173][com.java.SeleniumDriver] [  880] - {Data Fields & Data Values Exist}
[INFO ][2015-12-16 12:31:23,173][com.java.SeleniumDriver] [  882] - --------------------------setting values-----------------------------
[INFO ][2015-12-16 12:31:23,173][com.java.SeleniumDriver] [  885] - Action Type : WAITFORELEMENT
[INFO ][2015-12-16 12:31:23,373][com.java.SeleniumDriver] [  894] -  RESULT true
[INFO ][2015-12-16 12:31:23,373][com.java.SeleniumDriver] [ 1100] - ?   P A S S   ?
[INFO ][2015-12-16 12:31:23,373][com.java.SeleniumDriver] [  821] - ------------------------------------------
[INFO ][2015-12-16 12:31:23,373][com.java.SeleniumDriver] [  822] - Test case being Executed: 4
[INFO ][2015-12-16 12:31:23,373][com.java.SeleniumDriver] [  833] - Test step:19
[INFO ][2015-12-16 12:31:23,373][com.java.SeleniumDriver] [  845] - Datavalue is----------10
[INFO ][2015-12-16 12:31:23,373][com.java.SeleniumDriver] [  869] - DataField : null
[INFO ][2015-12-16 12:31:23,373][com.java.SeleniumDriver] [  871] - DataValue : 10
[INFO ][2015-12-16 12:31:23,373][com.java.SeleniumDriver] [  877] - <In Set values of the page>
[INFO ][2015-12-16 12:31:23,373][com.java.SeleniumDriver] [  880] - {Data Fields & Data Values Exist}
[INFO ][2015-12-16 12:31:23,373][com.java.SeleniumDriver] [  882] - --------------------------setting values-----------------------------
[INFO ][2015-12-16 12:31:23,373][com.java.SeleniumDriver] [  885] - Action Type : WAITTIME
[DEBUG][2015-12-16 12:31:23,373][com.java.TestType] [ 5333] - sleepTime: 10000
[INFO ][2015-12-16 12:31:33,378][com.java.SeleniumDriver] [  894] -  RESULT true
[INFO ][2015-12-16 12:31:33,378][com.java.SeleniumDriver] [ 1100] - ?   P A S S   ?
[INFO ][2015-12-16 12:31:33,378][com.java.SeleniumDriver] [  821] - ------------------------------------------
[INFO ][2015-12-16 12:31:33,378][com.java.SeleniumDriver] [  822] - Test case being Executed: 4
[INFO ][2015-12-16 12:31:33,378][com.java.SeleniumDriver] [  833] - Test step:20
[INFO ][2015-12-16 12:31:33,378][com.java.SeleniumDriver] [  845] - Datavalue is----------Assets
[INFO ][2015-12-16 12:31:33,378][com.java.SeleniumDriver] [  869] - DataField : MSG
[INFO ][2015-12-16 12:31:33,378][com.java.SeleniumDriver] [  871] - DataValue : Assets
[INFO ][2015-12-16 12:31:33,378][com.java.SeleniumDriver] [  877] - <In Set values of the page>
[INFO ][2015-12-16 12:31:33,378][com.java.SeleniumDriver] [  880] - {Data Fields & Data Values Exist}
[INFO ][2015-12-16 12:31:33,378][com.java.SeleniumDriver] [  882] - --------------------------setting values-----------------------------
[INFO ][2015-12-16 12:31:33,378][com.java.SeleniumDriver] [  885] - Action Type : VERIFY
[INFO ][2015-12-16 12:31:33,378][com.java.TestType] [ 6822] - field= MSG value= Assets
[INFO ][2015-12-16 12:31:33,378][com.java.TestType] [ 5513] - value = Assets
[DEBUG][2015-12-16 12:31:33,378][com.java.TestType] [ 7643] - value :: Assets
[INFO ][2015-12-16 12:31:33,399][com.java.SeleniumDriver] [  894] -  RESULT true
[INFO ][2015-12-16 12:31:33,399][com.java.SeleniumDriver] [ 1100] - ?   P A S S   ?
[INFO ][2015-12-16 12:31:33,399][com.java.SeleniumDriver] [  821] - ------------------------------------------
[INFO ][2015-12-16 12:31:33,399][com.java.SeleniumDriver] [  822] - Test case being Executed: 4
[INFO ][2015-12-16 12:31:33,399][com.java.SeleniumDriver] [  833] - Test step:21
[INFO ][2015-12-16 12:31:33,399][com.java.SeleniumDriver] [  845] - Datavalue is----------null
[DEBUG][2015-12-16 12:31:33,399][com.java.SeleniumDriver] [  863] - Exception: null
[INFO ][2015-12-16 12:31:33,399][com.java.SeleniumDriver] [  869] - DataField : HDNmenuTools
[INFO ][2015-12-16 12:31:33,399][com.java.SeleniumDriver] [  871] - DataValue : 
[INFO ][2015-12-16 12:31:33,399][com.java.SeleniumDriver] [  877] - <In Set values of the page>
[INFO ][2015-12-16 12:31:33,399][com.java.SeleniumDriver] [  880] - {Data Fields & Data Values Exist}
[INFO ][2015-12-16 12:31:33,399][com.java.SeleniumDriver] [  882] - --------------------------setting values-----------------------------
[INFO ][2015-12-16 12:31:33,399][com.java.SeleniumDriver] [  885] - Action Type : CLICK
[INFO ][2015-12-16 12:31:33,399][com.java.TestType] [ 5879] - Field ::HDNmenuTools
[INFO ][2015-12-16 12:31:33,399][com.java.TestType] [ 5513] - value = 
[INFO ][2015-12-16 12:31:35,530][com.java.SeleniumDriver] [  894] -  RESULT true
[INFO ][2015-12-16 12:31:35,530][com.java.SeleniumDriver] [ 1100] - ?   P A S S   ?
[INFO ][2015-12-16 12:31:35,530][com.java.SeleniumDriver] [  821] - ------------------------------------------
[INFO ][2015-12-16 12:31:35,530][com.java.SeleniumDriver] [  822] - Test case being Executed: 4
[INFO ][2015-12-16 12:31:35,530][com.java.SeleniumDriver] [  833] - Test step:22
[INFO ][2015-12-16 12:31:35,530][com.java.SeleniumDriver] [  845] - Datavalue is----------10
[INFO ][2015-12-16 12:31:35,530][com.java.SeleniumDriver] [  869] - DataField : DSPmenuCopyToForecast
[INFO ][2015-12-16 12:31:35,530][com.java.SeleniumDriver] [  871] - DataValue : 10
[INFO ][2015-12-16 12:31:35,530][com.java.SeleniumDriver] [  877] - <In Set values of the page>
[INFO ][2015-12-16 12:31:35,530][com.java.SeleniumDriver] [  880] - {Data Fields & Data Values Exist}
[INFO ][2015-12-16 12:31:35,530][com.java.SeleniumDriver] [  882] - --------------------------setting values-----------------------------
[INFO ][2015-12-16 12:31:35,530][com.java.SeleniumDriver] [  885] - Action Type : WAITFORELEMENT
[INFO ][2015-12-16 12:31:36,733][com.java.SeleniumDriver] [  894] -  RESULT true
[INFO ][2015-12-16 12:31:36,733][com.java.SeleniumDriver] [ 1100] - ?   P A S S   ?
[INFO ][2015-12-16 12:31:36,733][com.java.SeleniumDriver] [  821] - ------------------------------------------
[INFO ][2015-12-16 12:31:36,733][com.java.SeleniumDriver] [  822] - Test case being Executed: 4
[INFO ][2015-12-16 12:31:36,733][com.java.SeleniumDriver] [  833] - Test step:23
[INFO ][2015-12-16 12:31:36,733][com.java.SeleniumDriver] [  845] - Datavalue is----------null
[DEBUG][2015-12-16 12:31:36,733][com.java.SeleniumDriver] [  863] - Exception: null
[INFO ][2015-12-16 12:31:36,733][com.java.SeleniumDriver] [  869] - DataField : HDNmenuCopyToForecast
[INFO ][2015-12-16 12:31:36,733][com.java.SeleniumDriver] [  871] - DataValue : 
[INFO ][2015-12-16 12:31:36,733][com.java.SeleniumDriver] [  877] - <In Set values of the page>
[INFO ][2015-12-16 12:31:36,733][com.java.SeleniumDriver] [  880] - {Data Fields & Data Values Exist}
[INFO ][2015-12-16 12:31:36,733][com.java.SeleniumDriver] [  882] - --------------------------setting values-----------------------------
[INFO ][2015-12-16 12:31:36,733][com.java.SeleniumDriver] [  885] - Action Type : CLICK
[INFO ][2015-12-16 12:31:36,733][com.java.TestType] [ 5879] - Field ::HDNmenuCopyToForecast
[INFO ][2015-12-16 12:31:36,733][com.java.TestType] [ 5513] - value = 
[INFO ][2015-12-16 12:31:38,894][com.java.SeleniumDriver] [  894] -  RESULT true
[INFO ][2015-12-16 12:31:38,894][com.java.SeleniumDriver] [ 1100] - ?   P A S S   ?
[INFO ][2015-12-16 12:31:38,894][com.java.SeleniumDriver] [  821] - ------------------------------------------
[INFO ][2015-12-16 12:31:38,894][com.java.SeleniumDriver] [  822] - Test case being Executed: 4
[INFO ][2015-12-16 12:31:38,894][com.java.SeleniumDriver] [  833] - Test step:24
[INFO ][2015-12-16 12:31:38,894][com.java.SeleniumDriver] [  845] - Datavalue is----------2
[INFO ][2015-12-16 12:31:38,894][com.java.SeleniumDriver] [  869] - DataField : null
[INFO ][2015-12-16 12:31:38,894][com.java.SeleniumDriver] [  871] - DataValue : 2
[INFO ][2015-12-16 12:31:38,894][com.java.SeleniumDriver] [  877] - <In Set values of the page>
[INFO ][2015-12-16 12:31:38,894][com.java.SeleniumDriver] [  880] - {Data Fields & Data Values Exist}
[INFO ][2015-12-16 12:31:38,894][com.java.SeleniumDriver] [  882] - --------------------------setting values-----------------------------
[INFO ][2015-12-16 12:31:38,894][com.java.SeleniumDriver] [  885] - Action Type : WAITTIME
[DEBUG][2015-12-16 12:31:38,894][com.java.TestType] [ 5333] - sleepTime: 2000
[INFO ][2015-12-16 12:31:40,898][com.java.SeleniumDriver] [  894] -  RESULT true
[INFO ][2015-12-16 12:31:40,898][com.java.SeleniumDriver] [ 1100] - ?   P A S S   ?
[INFO ][2015-12-16 12:31:40,898][com.java.SeleniumDriver] [  821] - ------------------------------------------
[INFO ][2015-12-16 12:31:40,898][com.java.SeleniumDriver] [  822] - Test case being Executed: 4
[INFO ][2015-12-16 12:31:40,898][com.java.SeleniumDriver] [  833] - Test step:25
[INFO ][2015-12-16 12:31:40,898][com.java.SeleniumDriver] [  845] - Datavalue is----------Forecasting
[INFO ][2015-12-16 12:31:40,898][com.java.SeleniumDriver] [  869] - DataField : XPH//span[@id='ui-dialog-title-mdDialog']
[INFO ][2015-12-16 12:31:40,898][com.java.SeleniumDriver] [  871] - DataValue : Forecasting
[INFO ][2015-12-16 12:31:40,898][com.java.SeleniumDriver] [  877] - <In Set values of the page>
[INFO ][2015-12-16 12:31:40,898][com.java.SeleniumDriver] [  880] - {Data Fields & Data Values Exist}
[INFO ][2015-12-16 12:31:40,898][com.java.SeleniumDriver] [  882] - --------------------------setting values-----------------------------
[INFO ][2015-12-16 12:31:40,898][com.java.SeleniumDriver] [  885] - Action Type : VERIFY
[INFO ][2015-12-16 12:31:40,898][com.java.TestType] [ 6822] - field= XPH//span[@id='ui-dialog-title-mdDialog'] value= Forecasting
[INFO ][2015-12-16 12:31:40,898][com.java.TestType] [ 5513] - value = Forecasting
[INFO ][2015-12-16 12:31:41,029][com.java.SeleniumDriver] [  894] -  RESULT true
[INFO ][2015-12-16 12:31:41,029][com.java.SeleniumDriver] [ 1100] - ?   P A S S   ?
[INFO ][2015-12-16 12:31:41,029][com.java.SeleniumDriver] [  821] - ------------------------------------------
[INFO ][2015-12-16 12:31:41,029][com.java.SeleniumDriver] [  822] - Test case being Executed: 4
[INFO ][2015-12-16 12:31:41,029][com.java.SeleniumDriver] [  833] - Test step:26
[INFO ][2015-12-16 12:31:41,029][com.java.SeleniumDriver] [  845] - Datavalue is----------null
[DEBUG][2015-12-16 12:31:41,029][com.java.SeleniumDriver] [  863] - Exception: null
[INFO ][2015-12-16 12:31:41,029][com.java.SeleniumDriver] [  869] - DataField : BTNframeDialogContent
[INFO ][2015-12-16 12:31:41,029][com.java.SeleniumDriver] [  871] - DataValue : 
[INFO ][2015-12-16 12:31:41,029][com.java.SeleniumDriver] [  877] - <In Set values of the page>
[INFO ][2015-12-16 12:31:41,029][com.java.SeleniumDriver] [  880] - {Data Fields & Data Values Exist}
[INFO ][2015-12-16 12:31:41,029][com.java.SeleniumDriver] [  882] - --------------------------setting values-----------------------------
[INFO ][2015-12-16 12:31:41,029][com.java.SeleniumDriver] [  885] - Action Type : SELECTFRAME
[INFO ][2015-12-16 12:31:42,170][com.java.SeleniumDriver] [  894] -  RESULT true
[INFO ][2015-12-16 12:31:42,170][com.java.SeleniumDriver] [ 1100] - ?   P A S S   ?
[INFO ][2015-12-16 12:31:42,170][com.java.SeleniumDriver] [  821] - ------------------------------------------
[INFO ][2015-12-16 12:31:42,170][com.java.SeleniumDriver] [  822] - Test case being Executed: 4
[INFO ][2015-12-16 12:31:42,170][com.java.SeleniumDriver] [  833] - Test step:27
[INFO ][2015-12-16 12:31:42,170][com.java.SeleniumDriver] [  845] - Datavalue is----------Copying Project
[INFO ][2015-12-16 12:31:42,170][com.java.SeleniumDriver] [  869] - DataField : XPH//td[@class='dlg_Label']
[INFO ][2015-12-16 12:31:42,170][com.java.SeleniumDriver] [  871] - DataValue : Copying Project
[INFO ][2015-12-16 12:31:42,170][com.java.SeleniumDriver] [  877] - <In Set values of the page>
[INFO ][2015-12-16 12:31:42,170][com.java.SeleniumDriver] [  880] - {Data Fields & Data Values Exist}
[INFO ][2015-12-16 12:31:42,170][com.java.SeleniumDriver] [  882] - --------------------------setting values-----------------------------
[INFO ][2015-12-16 12:31:42,170][com.java.SeleniumDriver] [  885] - Action Type : VERIFY
[INFO ][2015-12-16 12:31:42,170][com.java.TestType] [ 6822] - field= XPH//td[@class='dlg_Label'] value= Copying Project
[INFO ][2015-12-16 12:31:42,170][com.java.TestType] [ 5513] - value = Copying Project
[INFO ][2015-12-16 12:31:42,250][com.java.SeleniumDriver] [  894] -  RESULT true
[INFO ][2015-12-16 12:31:42,250][com.java.SeleniumDriver] [ 1100] - ?   P A S S   ?
[INFO ][2015-12-16 12:31:42,250][com.java.SeleniumDriver] [  821] - ------------------------------------------
[INFO ][2015-12-16 12:31:42,250][com.java.SeleniumDriver] [  822] - Test case being Executed: 4
[INFO ][2015-12-16 12:31:42,250][com.java.SeleniumDriver] [  833] - Test step:28
[INFO ][2015-12-16 12:31:42,250][com.java.SeleniumDriver] [  845] - Datavalue is----------Your project is now being processed.
[INFO ][2015-12-16 12:31:42,250][com.java.SeleniumDriver] [  869] - DataField : XPH//TD[@ID='lblEmail']
[INFO ][2015-12-16 12:31:42,250][com.java.SeleniumDriver] [  871] - DataValue : Your project is now being processed.
[INFO ][2015-12-16 12:31:42,250][com.java.SeleniumDriver] [  877] - <In Set values of the page>
[INFO ][2015-12-16 12:31:42,250][com.java.SeleniumDriver] [  880] - {Data Fields & Data Values Exist}
[INFO ][2015-12-16 12:31:42,250][com.java.SeleniumDriver] [  882] - --------------------------setting values-----------------------------
[INFO ][2015-12-16 12:31:42,250][com.java.SeleniumDriver] [  885] - Action Type : VERIFY
[INFO ][2015-12-16 12:31:42,250][com.java.TestType] [ 6822] - field= XPH//TD[@ID='lblEmail'] value= Your project is now being processed.
[INFO ][2015-12-16 12:31:42,250][com.java.TestType] [ 5513] - value = Your project is now being processed.
[INFO ][2015-12-16 12:31:42,340][com.java.SeleniumDriver] [  894] -  RESULT true
[INFO ][2015-12-16 12:31:42,340][com.java.SeleniumDriver] [ 1100] - ?   P A S S   ?
[INFO ][2015-12-16 12:31:42,340][com.java.SeleniumDriver] [  821] - ------------------------------------------
[INFO ][2015-12-16 12:31:42,340][com.java.SeleniumDriver] [  822] - Test case being Executed: 4
[INFO ][2015-12-16 12:31:42,340][com.java.SeleniumDriver] [  833] - Test step:29
[INFO ][2015-12-16 12:31:42,340][com.java.SeleniumDriver] [  845] - Datavalue is----------null
[DEBUG][2015-12-16 12:31:42,340][com.java.SeleniumDriver] [  863] - Exception: null
[INFO ][2015-12-16 12:31:42,340][com.java.SeleniumDriver] [  869] - DataField : BTNParent
[INFO ][2015-12-16 12:31:42,340][com.java.SeleniumDriver] [  871] - DataValue : 
[INFO ][2015-12-16 12:31:42,340][com.java.SeleniumDriver] [  877] - <In Set values of the page>
[INFO ][2015-12-16 12:31:42,340][com.java.SeleniumDriver] [  880] - {Data Fields & Data Values Exist}
[INFO ][2015-12-16 12:31:42,340][com.java.SeleniumDriver] [  882] - --------------------------setting values-----------------------------
[INFO ][2015-12-16 12:31:42,340][com.java.SeleniumDriver] [  885] - Action Type : SELECTFRAME
[INFO ][2015-12-16 12:31:42,350][com.java.SeleniumDriver] [  894] -  RESULT true
[INFO ][2015-12-16 12:31:42,350][com.java.SeleniumDriver] [ 1100] - ?   P A S S   ?
[INFO ][2015-12-16 12:31:42,350][com.java.SeleniumDriver] [  821] - ------------------------------------------
[INFO ][2015-12-16 12:31:42,350][com.java.SeleniumDriver] [  822] - Test case being Executed: 4
[INFO ][2015-12-16 12:31:42,350][com.java.SeleniumDriver] [  833] - Test step:30
[INFO ][2015-12-16 12:31:42,350][com.java.SeleniumDriver] [  845] - Datavalue is----------null
[DEBUG][2015-12-16 12:31:42,350][com.java.SeleniumDriver] [  863] - Exception: null
[INFO ][2015-12-16 12:31:42,350][com.java.SeleniumDriver] [  869] - DataField : HDN//span[text()='close']
[INFO ][2015-12-16 12:31:42,350][com.java.SeleniumDriver] [  871] - DataValue : 
[INFO ][2015-12-16 12:31:42,350][com.java.SeleniumDriver] [  877] - <In Set values of the page>
[INFO ][2015-12-16 12:31:42,350][com.java.SeleniumDriver] [  880] - {Data Fields & Data Values Exist}
[INFO ][2015-12-16 12:31:42,350][com.java.SeleniumDriver] [  882] - --------------------------setting values-----------------------------
[INFO ][2015-12-16 12:31:42,350][com.java.SeleniumDriver] [  885] - Action Type : CLICK
[INFO ][2015-12-16 12:31:42,350][com.java.TestType] [ 5879] - Field ::HDN//span[text()='close']
[INFO ][2015-12-16 12:31:42,350][com.java.TestType] [ 5513] - value = 
[INFO ][2015-12-16 12:31:43,461][com.java.SeleniumDriver] [  894] -  RESULT true
[INFO ][2015-12-16 12:31:43,461][com.java.SeleniumDriver] [ 1100] - ?   P A S S   ?
[INFO ][2015-12-16 12:31:43,461][com.java.SeleniumDriver] [  821] - ------------------------------------------
[INFO ][2015-12-16 12:31:43,461][com.java.SeleniumDriver] [  822] - Test case being Executed: 4
[INFO ][2015-12-16 12:31:43,461][com.java.SeleniumDriver] [  833] - Test step:31
[INFO ][2015-12-16 12:31:43,461][com.java.SeleniumDriver] [  845] - Datavalue is----------null
[DEBUG][2015-12-16 12:31:43,461][com.java.SeleniumDriver] [  863] - Exception: null
[INFO ][2015-12-16 12:31:43,461][com.java.SeleniumDriver] [  869] - DataField : HDNmenuTools
[INFO ][2015-12-16 12:31:43,461][com.java.SeleniumDriver] [  871] - DataValue : 
[INFO ][2015-12-16 12:31:43,461][com.java.SeleniumDriver] [  877] - <In Set values of the page>
[INFO ][2015-12-16 12:31:43,461][com.java.SeleniumDriver] [  880] - {Data Fields & Data Values Exist}
[INFO ][2015-12-16 12:31:43,461][com.java.SeleniumDriver] [  882] - --------------------------setting values-----------------------------
[INFO ][2015-12-16 12:31:43,461][com.java.SeleniumDriver] [  885] - Action Type : CLICK
[INFO ][2015-12-16 12:31:43,461][com.java.TestType] [ 5879] - Field ::HDNmenuTools
[INFO ][2015-12-16 12:31:43,461][com.java.TestType] [ 5513] - value = 
[INFO ][2015-12-16 12:31:45,622][com.java.SeleniumDriver] [  894] -  RESULT true
[INFO ][2015-12-16 12:31:45,622][com.java.SeleniumDriver] [ 1100] - ?   P A S S   ?
[INFO ][2015-12-16 12:31:45,622][com.java.SeleniumDriver] [  821] - ------------------------------------------
[INFO ][2015-12-16 12:31:45,622][com.java.SeleniumDriver] [  822] - Test case being Executed: 4
[INFO ][2015-12-16 12:31:45,622][com.java.SeleniumDriver] [  833] - Test step:32
[INFO ][2015-12-16 12:31:45,622][com.java.SeleniumDriver] [  845] - Datavalue is----------10
[INFO ][2015-12-16 12:31:45,622][com.java.SeleniumDriver] [  869] - DataField : DSPmenuProjectOptions
[INFO ][2015-12-16 12:31:45,622][com.java.SeleniumDriver] [  871] - DataValue : 10
[INFO ][2015-12-16 12:31:45,622][com.java.SeleniumDriver] [  877] - <In Set values of the page>
[INFO ][2015-12-16 12:31:45,622][com.java.SeleniumDriver] [  880] - {Data Fields & Data Values Exist}
[INFO ][2015-12-16 12:31:45,622][com.java.SeleniumDriver] [  882] - --------------------------setting values-----------------------------
[INFO ][2015-12-16 12:31:45,622][com.java.SeleniumDriver] [  885] - Action Type : WAITFORELEMENT
[INFO ][2015-12-16 12:31:46,833][com.java.SeleniumDriver] [  894] -  RESULT true
[INFO ][2015-12-16 12:31:46,833][com.java.SeleniumDriver] [ 1100] - ?   P A S S   ?
[INFO ][2015-12-16 12:31:46,833][com.java.SeleniumDriver] [  821] - ------------------------------------------
[INFO ][2015-12-16 12:31:46,833][com.java.SeleniumDriver] [  822] - Test case being Executed: 4
[INFO ][2015-12-16 12:31:46,833][com.java.SeleniumDriver] [  833] - Test step:33
[INFO ][2015-12-16 12:31:46,833][com.java.SeleniumDriver] [  845] - Datavalue is----------null
[DEBUG][2015-12-16 12:31:46,833][com.java.SeleniumDriver] [  863] - Exception: null
[INFO ][2015-12-16 12:31:46,833][com.java.SeleniumDriver] [  869] - DataField : BTNmenuProjectOptions
[INFO ][2015-12-16 12:31:46,833][com.java.SeleniumDriver] [  871] - DataValue : 
[INFO ][2015-12-16 12:31:46,833][com.java.SeleniumDriver] [  877] - <In Set values of the page>
[INFO ][2015-12-16 12:31:46,833][com.java.SeleniumDriver] [  880] - {Data Fields & Data Values Exist}
[INFO ][2015-12-16 12:31:46,833][com.java.SeleniumDriver] [  882] - --------------------------setting values-----------------------------
[INFO ][2015-12-16 12:31:46,833][com.java.SeleniumDriver] [  885] - Action Type : CLICK
[INFO ][2015-12-16 12:31:46,833][com.java.TestType] [ 5879] - Field ::BTNmenuProjectOptions
[INFO ][2015-12-16 12:31:46,833][com.java.TestType] [ 5513] - value = 
[INFO ][2015-12-16 12:31:47,833][com.java.TestType] [ 5995] - BEFORE CLICK
[INFO ][2015-12-16 12:31:50,704][com.java.TestType] [ 6002] - Unable to click the object ProjectOptions
[INFO ][2015-12-16 12:31:50,704][com.java.SeleniumDriver] [  894] -  RESULT true
[INFO ][2015-12-16 12:31:50,704][com.java.SeleniumDriver] [ 1100] - ?   P A S S   ?
[INFO ][2015-12-16 12:31:50,704][com.java.SeleniumDriver] [  821] - ------------------------------------------
[INFO ][2015-12-16 12:31:50,704][com.java.SeleniumDriver] [  822] - Test case being Executed: 4
[INFO ][2015-12-16 12:31:50,704][com.java.SeleniumDriver] [  833] - Test step:34
[INFO ][2015-12-16 12:31:50,704][com.java.SeleniumDriver] [  845] - Datavalue is----------null
[DEBUG][2015-12-16 12:31:50,704][com.java.SeleniumDriver] [  863] - Exception: null
[INFO ][2015-12-16 12:31:50,704][com.java.SeleniumDriver] [  869] - DataField : BTNframeDialogContent
[INFO ][2015-12-16 12:31:50,704][com.java.SeleniumDriver] [  871] - DataValue : 
[INFO ][2015-12-16 12:31:50,704][com.java.SeleniumDriver] [  877] - <In Set values of the page>
[INFO ][2015-12-16 12:31:50,704][com.java.SeleniumDriver] [  880] - {Data Fields & Data Values Exist}
[INFO ][2015-12-16 12:31:50,704][com.java.SeleniumDriver] [  882] - --------------------------setting values-----------------------------
[INFO ][2015-12-16 12:31:50,704][com.java.SeleniumDriver] [  885] - Action Type : SELECTFRAME
[INFO ][2015-12-16 12:31:51,846][com.java.SeleniumDriver] [  894] -  RESULT true
[INFO ][2015-12-16 12:31:51,846][com.java.SeleniumDriver] [ 1100] - ?   P A S S   ?
[INFO ][2015-12-16 12:31:51,846][com.java.SeleniumDriver] [  821] - ------------------------------------------
[INFO ][2015-12-16 12:31:51,846][com.java.SeleniumDriver] [  822] - Test case being Executed: 4
[INFO ][2015-12-16 12:31:51,846][com.java.SeleniumDriver] [  833] - Test step:35
[INFO ][2015-12-16 12:31:51,846][com.java.SeleniumDriver] [  845] - Datavalue is----------10
[INFO ][2015-12-16 12:31:51,846][com.java.SeleniumDriver] [  869] - DataField : DSP//li[text()='Project History']
[INFO ][2015-12-16 12:31:51,846][com.java.SeleniumDriver] [  871] - DataValue : 10
[INFO ][2015-12-16 12:31:51,846][com.java.SeleniumDriver] [  877] - <In Set values of the page>
[INFO ][2015-12-16 12:31:51,846][com.java.SeleniumDriver] [  880] - {Data Fields & Data Values Exist}
[INFO ][2015-12-16 12:31:51,846][com.java.SeleniumDriver] [  882] - --------------------------setting values-----------------------------
[INFO ][2015-12-16 12:31:51,846][com.java.SeleniumDriver] [  885] - Action Type : WAITFORELEMENT
[INFO ][2015-12-16 12:31:51,926][com.java.SeleniumDriver] [  894] -  RESULT true
[INFO ][2015-12-16 12:31:51,926][com.java.SeleniumDriver] [ 1100] - ?   P A S S   ?
[INFO ][2015-12-16 12:31:51,926][com.java.SeleniumDriver] [  821] - ------------------------------------------
[INFO ][2015-12-16 12:31:51,926][com.java.SeleniumDriver] [  822] - Test case being Executed: 4
[INFO ][2015-12-16 12:31:51,926][com.java.SeleniumDriver] [  833] - Test step:36
[INFO ][2015-12-16 12:31:51,926][com.java.SeleniumDriver] [  845] - Datavalue is----------null
[DEBUG][2015-12-16 12:31:51,926][com.java.SeleniumDriver] [  863] - Exception: null
[INFO ][2015-12-16 12:31:51,926][com.java.SeleniumDriver] [  869] - DataField : XPH//li[text()='Project History']
[INFO ][2015-12-16 12:31:51,926][com.java.SeleniumDriver] [  871] - DataValue : 
[INFO ][2015-12-16 12:31:51,926][com.java.SeleniumDriver] [  877] - <In Set values of the page>
[INFO ][2015-12-16 12:31:51,926][com.java.SeleniumDriver] [  880] - {Data Fields & Data Values Exist}
[INFO ][2015-12-16 12:31:51,926][com.java.SeleniumDriver] [  882] - --------------------------setting values-----------------------------
[INFO ][2015-12-16 12:31:51,926][com.java.SeleniumDriver] [  885] - Action Type : CLICK
[INFO ][2015-12-16 12:31:51,926][com.java.TestType] [ 5879] - Field ::XPH//li[text()='Project History']
[INFO ][2015-12-16 12:31:51,926][com.java.TestType] [ 5513] - value = 
[INFO ][2015-12-16 12:31:52,932][com.java.TestType] [ 6016] - BEFORE CLICK
[INFO ][2015-12-16 12:31:53,642][com.java.TestType] [ 6024] - Unable to click the object ProjectHistory
[INFO ][2015-12-16 12:31:53,642][com.java.SeleniumDriver] [  894] -  RESULT true
[INFO ][2015-12-16 12:31:53,642][com.java.SeleniumDriver] [ 1100] - ?   P A S S   ?
[INFO ][2015-12-16 12:31:53,642][com.java.SeleniumDriver] [  821] - ------------------------------------------
[INFO ][2015-12-16 12:31:53,642][com.java.SeleniumDriver] [  822] - Test case being Executed: 4
[INFO ][2015-12-16 12:31:53,642][com.java.SeleniumDriver] [  833] - Test step:37
[INFO ][2015-12-16 12:31:53,642][com.java.SeleniumDriver] [  845] - Datavalue is----------//span[text()='Copy to Forecast']
[INFO ][2015-12-16 12:31:53,642][com.java.SeleniumDriver] [  869] - DataField : BTN
[INFO ][2015-12-16 12:31:53,642][com.java.SeleniumDriver] [  871] - DataValue : //span[text()='Copy to Forecast']
[INFO ][2015-12-16 12:31:53,642][com.java.SeleniumDriver] [  877] - <In Set values of the page>
[INFO ][2015-12-16 12:31:53,642][com.java.SeleniumDriver] [  880] - {Data Fields & Data Values Exist}
[INFO ][2015-12-16 12:31:53,642][com.java.SeleniumDriver] [  882] - --------------------------setting values-----------------------------
[INFO ][2015-12-16 12:31:53,642][com.java.SeleniumDriver] [  885] - Action Type : VERIFY
[INFO ][2015-12-16 12:31:53,642][com.java.TestType] [ 6822] - field= BTN value= //span[text()='Copy to Forecast']
[INFO ][2015-12-16 12:31:53,642][com.java.TestType] [ 5513] - value = //span[text()='Copy to Forecast']
[INFO ][2015-12-16 12:31:53,684][com.java.SeleniumDriver] [  894] -  RESULT true
[INFO ][2015-12-16 12:31:53,684][com.java.SeleniumDriver] [ 1100] - ?   P A S S   ?
[INFO ][2015-12-16 12:31:53,684][com.java.SeleniumDriver] [  821] - ------------------------------------------
[INFO ][2015-12-16 12:31:53,684][com.java.SeleniumDriver] [  822] - Test case being Executed: 4
[INFO ][2015-12-16 12:31:53,684][com.java.SeleniumDriver] [  833] - Test step:38
[INFO ][2015-12-16 12:31:53,684][com.java.SeleniumDriver] [  845] - Datavalue is----------null
[DEBUG][2015-12-16 12:31:53,684][com.java.SeleniumDriver] [  863] - Exception: null
[INFO ][2015-12-16 12:31:53,684][com.java.SeleniumDriver] [  869] - DataField : BTNparent
[INFO ][2015-12-16 12:31:53,684][com.java.SeleniumDriver] [  871] - DataValue : 
[INFO ][2015-12-16 12:31:53,684][com.java.SeleniumDriver] [  877] - <In Set values of the page>
[INFO ][2015-12-16 12:31:53,684][com.java.SeleniumDriver] [  880] - {Data Fields & Data Values Exist}
[INFO ][2015-12-16 12:31:53,684][com.java.SeleniumDriver] [  882] - --------------------------setting values-----------------------------
[INFO ][2015-12-16 12:31:53,684][com.java.SeleniumDriver] [  885] - Action Type : SELECTFRAME
[INFO ][2015-12-16 12:31:53,694][com.java.SeleniumDriver] [  894] -  RESULT true
[INFO ][2015-12-16 12:31:53,694][com.java.SeleniumDriver] [ 1100] - ?   P A S S   ?
[INFO ][2015-12-16 12:31:53,694][com.java.SeleniumDriver] [  821] - ------------------------------------------
[INFO ][2015-12-16 12:31:53,694][com.java.SeleniumDriver] [  822] - Test case being Executed: 4
[INFO ][2015-12-16 12:31:53,694][com.java.SeleniumDriver] [  833] - Test step:39
[INFO ][2015-12-16 12:31:53,694][com.java.SeleniumDriver] [  845] - Datavalue is----------Forecasting 
[INFO ][2015-12-16 12:31:53,694][com.java.SeleniumDriver] [  869] - DataField : TTL
[INFO ][2015-12-16 12:31:53,694][com.java.SeleniumDriver] [  871] - DataValue : Forecasting 
[INFO ][2015-12-16 12:31:53,694][com.java.SeleniumDriver] [  877] - <In Set values of the page>
[INFO ][2015-12-16 12:31:53,694][com.java.SeleniumDriver] [  880] - {Data Fields & Data Values Exist}
[INFO ][2015-12-16 12:31:53,694][com.java.SeleniumDriver] [  882] - --------------------------setting values-----------------------------
[INFO ][2015-12-16 12:31:53,694][com.java.SeleniumDriver] [  885] - Action Type : CLOSEWINDOW
[INFO ][2015-12-16 12:31:53,984][com.java.SeleniumDriver] [  894] -  RESULT true
[INFO ][2015-12-16 12:31:53,984][com.java.SeleniumDriver] [ 1100] - ?   P A S S   ?
[INFO ][2015-12-16 12:31:53,984][com.java.SeleniumDriver] [  821] - ------------------------------------------
[INFO ][2015-12-16 12:31:53,984][com.java.SeleniumDriver] [  822] - Test case being Executed: 4
[INFO ][2015-12-16 12:31:53,984][com.java.SeleniumDriver] [  833] - Test step:40
[INFO ][2015-12-16 12:31:53,984][com.java.SeleniumDriver] [  845] - Datavalue is----------Banker'sDashboard
[INFO ][2015-12-16 12:31:53,984][com.java.SeleniumDriver] [  869] - DataField : TTL
[INFO ][2015-12-16 12:31:53,984][com.java.SeleniumDriver] [  871] - DataValue : Banker'sDashboard
[INFO ][2015-12-16 12:31:53,984][com.java.SeleniumDriver] [  877] - <In Set values of the page>
[INFO ][2015-12-16 12:31:53,984][com.java.SeleniumDriver] [  880] - {Data Fields & Data Values Exist}
[INFO ][2015-12-16 12:31:53,984][com.java.SeleniumDriver] [  882] - --------------------------setting values-----------------------------
[INFO ][2015-12-16 12:31:53,984][com.java.SeleniumDriver] [  885] - Action Type : SelectWindow
[INFO ][2015-12-16 12:32:06,125][com.java.SeleniumDriver] [  894] -  RESULT true
[INFO ][2015-12-16 12:32:06,135][com.java.SeleniumDriver] [ 1100] - ?   P A S S   ?
[INFO ][2015-12-16 12:32:06,135][com.java.SeleniumDriver] [  821] - ------------------------------------------
[INFO ][2015-12-16 12:32:06,135][com.java.SeleniumDriver] [  822] - Test case being Executed: 4
[INFO ][2015-12-16 12:32:06,135][com.java.SeleniumDriver] [  833] - Test step:41
[INFO ][2015-12-16 12:32:06,135][com.java.SeleniumDriver] [  845] - Datavalue is----------1
[INFO ][2015-12-16 12:32:06,135][com.java.SeleniumDriver] [  869] - DataField : null
[INFO ][2015-12-16 12:32:06,135][com.java.SeleniumDriver] [  871] - DataValue : 1
[INFO ][2015-12-16 12:32:06,135][com.java.SeleniumDriver] [  877] - <In Set values of the page>
[INFO ][2015-12-16 12:32:06,135][com.java.SeleniumDriver] [  880] - {Data Fields & Data Values Exist}
[INFO ][2015-12-16 12:32:06,135][com.java.SeleniumDriver] [  882] - --------------------------setting values-----------------------------
[INFO ][2015-12-16 12:32:06,135][com.java.SeleniumDriver] [  885] - Action Type : WAITTIME
[DEBUG][2015-12-16 12:32:06,135][com.java.TestType] [ 5333] - sleepTime: 1000
[INFO ][2015-12-16 12:32:07,135][com.java.SeleniumDriver] [  894] -  RESULT true
[INFO ][2015-12-16 12:32:07,135][com.java.SeleniumDriver] [ 1100] - ?   P A S S   ?
[DEBUG][2015-12-16 12:32:07,135][com.java.SeleniumDriver] [ 1212] - Case found
[DEBUG][2015-12-16 12:32:07,135][com.java.SeleniumDriver] [ 1217] - Incrementing ReportCounters[0]:3
[INFO ][2015-12-16 12:32:07,135][com.java.SeleniumDriver] [ 1236] - The results are-------------------[4, 1, Copy to Forecast project, Pass, , Wed Dec 16 12:30:30 IST 2015, 4, 3, Copy to Forecast project, Pass, , Wed Dec 16 12:30:35 IST 2015, 4, 4, Copy to Forecast project, Pass, , Wed Dec 16 12:30:35 IST 2015, 4, 5, Copy to Forecast project, Pass, , Wed Dec 16 12:30:35 IST 2015, 4, 6, Copy to Forecast project, Pass, , Wed Dec 16 12:30:55 IST 2015, 4, 7, Copy to Forecast project, Pass, , Wed Dec 16 12:31:00 IST 2015, 4, 8, Copy to Forecast project, Pass, , Wed Dec 16 12:31:13 IST 2015, 4, 9, Copy to Forecast project, Pass, , Wed Dec 16 12:31:13 IST 2015, 4, 10, Copy to Forecast project, Pass, , Wed Dec 16 12:31:13 IST 2015, 4, 11, Copy to Forecast project, Pass, , Wed Dec 16 12:31:14 IST 2015, 4, 12, Copy to Forecast project, Pass, , Wed Dec 16 12:31:15 IST 2015, 4, 13, Copy to Forecast project, Pass, , Wed Dec 16 12:31:16 IST 2015, 4, 14, Copy to Forecast project, Pass, , Wed Dec 16 12:31:18 IST 2015, 4, 15, Copy to Forecast project, Pass, , Wed Dec 16 12:31:21 IST 2015, 4, 16, Copy to Forecast project, Pass, , Wed Dec 16 12:31:23 IST 2015, 4, 17, Copy to Forecast project, Pass, , Wed Dec 16 12:31:23 IST 2015, 4, 18, Copy to Forecast project, Pass, , Wed Dec 16 12:31:23 IST 2015, 4, 19, Copy to Forecast project, Pass, , Wed Dec 16 12:31:33 IST 2015, 4, 20, Copy to Forecast project, Pass, , Wed Dec 16 12:31:33 IST 2015, 4, 21, Copy to Forecast project, Pass, , Wed Dec 16 12:31:35 IST 2015, 4, 22, Copy to Forecast project, Pass, , Wed Dec 16 12:31:36 IST 2015, 4, 23, Copy to Forecast project, Pass, , Wed Dec 16 12:31:38 IST 2015, 4, 24, Copy to Forecast project, Pass, , Wed Dec 16 12:31:40 IST 2015, 4, 25, Copy to Forecast project, Pass, , Wed Dec 16 12:31:41 IST 2015, 4, 26, Copy to Forecast project, Pass, , Wed Dec 16 12:31:42 IST 2015, 4, 27, Copy to Forecast project, Pass, , Wed Dec 16 12:31:42 IST 2015, 4, 28, Copy to Forecast project, Pass, , Wed Dec 16 12:31:42 IST 2015, 4, 29, Copy to Forecast project, Pass, , Wed Dec 16 12:31:42 IST 2015, 4, 30, Copy to Forecast project, Pass, , Wed Dec 16 12:31:43 IST 2015, 4, 31, Copy to Forecast project, Pass, , Wed Dec 16 12:31:45 IST 2015, 4, 32, Copy to Forecast project, Pass, , Wed Dec 16 12:31:46 IST 2015, 4, 33, Copy to Forecast project, Pass, , Wed Dec 16 12:31:50 IST 2015, 4, 34, Copy to Forecast project, Pass, , Wed Dec 16 12:31:51 IST 2015, 4, 35, Copy to Forecast project, Pass, , Wed Dec 16 12:31:51 IST 2015, 4, 36, Copy to Forecast project, Pass, , Wed Dec 16 12:31:53 IST 2015, 4, 37, Copy to Forecast project, Pass, , Wed Dec 16 12:31:53 IST 2015, 4, 38, Copy to Forecast project, Pass, , Wed Dec 16 12:31:53 IST 2015, 4, 39, Copy to Forecast project, Pass, , Wed Dec 16 12:31:53 IST 2015, 4, 40, Copy to Forecast project, Pass, , Wed Dec 16 12:32:06 IST 2015, 4, 41, Copy to Forecast project, Pass, , Wed Dec 16 12:32:07 IST 2015]
[INFO ][2015-12-16 12:32:07,135][com.java.SeleniumDriver] [ 1240] - End time is-------3 min 57 sec
[INFO ][2015-12-16 12:32:07,135][com.java.SeleniumDriver] [ 1241] - The results are-------------------[4, 1, Copy to Forecast project, Pass, , Wed Dec 16 12:30:30 IST 2015, 4, 3, Copy to Forecast project, Pass, , Wed Dec 16 12:30:35 IST 2015, 4, 4, Copy to Forecast project, Pass, , Wed Dec 16 12:30:35 IST 2015, 4, 5, Copy to Forecast project, Pass, , Wed Dec 16 12:30:35 IST 2015, 4, 6, Copy to Forecast project, Pass, , Wed Dec 16 12:30:55 IST 2015, 4, 7, Copy to Forecast project, Pass, , Wed Dec 16 12:31:00 IST 2015, 4, 8, Copy to Forecast project, Pass, , Wed Dec 16 12:31:13 IST 2015, 4, 9, Copy to Forecast project, Pass, , Wed Dec 16 12:31:13 IST 2015, 4, 10, Copy to Forecast project, Pass, , Wed Dec 16 12:31:13 IST 2015, 4, 11, Copy to Forecast project, Pass, , Wed Dec 16 12:31:14 IST 2015, 4, 12, Copy to Forecast project, Pass, , Wed Dec 16 12:31:15 IST 2015, 4, 13, Copy to Forecast project, Pass, , Wed Dec 16 12:31:16 IST 2015, 4, 14, Copy to Forecast project, Pass, , Wed Dec 16 12:31:18 IST 2015, 4, 15, Copy to Forecast project, Pass, , Wed Dec 16 12:31:21 IST 2015, 4, 16, Copy to Forecast project, Pass, , Wed Dec 16 12:31:23 IST 2015, 4, 17, Copy to Forecast project, Pass, , Wed Dec 16 12:31:23 IST 2015, 4, 18, Copy to Forecast project, Pass, , Wed Dec 16 12:31:23 IST 2015, 4, 19, Copy to Forecast project, Pass, , Wed Dec 16 12:31:33 IST 2015, 4, 20, Copy to Forecast project, Pass, , Wed Dec 16 12:31:33 IST 2015, 4, 21, Copy to Forecast project, Pass, , Wed Dec 16 12:31:35 IST 2015, 4, 22, Copy to Forecast project, Pass, , Wed Dec 16 12:31:36 IST 2015, 4, 23, Copy to Forecast project, Pass, , Wed Dec 16 12:31:38 IST 2015, 4, 24, Copy to Forecast project, Pass, , Wed Dec 16 12:31:40 IST 2015, 4, 25, Copy to Forecast project, Pass, , Wed Dec 16 12:31:41 IST 2015, 4, 26, Copy to Forecast project, Pass, , Wed Dec 16 12:31:42 IST 2015, 4, 27, Copy to Forecast project, Pass, , Wed Dec 16 12:31:42 IST 2015, 4, 28, Copy to Forecast project, Pass, , Wed Dec 16 12:31:42 IST 2015, 4, 29, Copy to Forecast project, Pass, , Wed Dec 16 12:31:42 IST 2015, 4, 30, Copy to Forecast project, Pass, , Wed Dec 16 12:31:43 IST 2015, 4, 31, Copy to Forecast project, Pass, , Wed Dec 16 12:31:45 IST 2015, 4, 32, Copy to Forecast project, Pass, , Wed Dec 16 12:31:46 IST 2015, 4, 33, Copy to Forecast project, Pass, , Wed Dec 16 12:31:50 IST 2015, 4, 34, Copy to Forecast project, Pass, , Wed Dec 16 12:31:51 IST 2015, 4, 35, Copy to Forecast project, Pass, , Wed Dec 16 12:31:51 IST 2015, 4, 36, Copy to Forecast project, Pass, , Wed Dec 16 12:31:53 IST 2015, 4, 37, Copy to Forecast project, Pass, , Wed Dec 16 12:31:53 IST 2015, 4, 38, Copy to Forecast project, Pass, , Wed Dec 16 12:31:53 IST 2015, 4, 39, Copy to Forecast project, Pass, , Wed Dec 16 12:31:53 IST 2015, 4, 40, Copy to Forecast project, Pass, , Wed Dec 16 12:32:06 IST 2015, 4, 41, Copy to Forecast project, Pass, , Wed Dec 16 12:32:07 IST 2015]
[DEBUG][2015-12-16 12:32:07,135][com.java.ImportnExport.ExportTestResultsExcel] [  222] - testResultPath = D:\BankersDashboard/TestReports/Test Results_BankersDashBoard_121615_122812_IE10_Any Bank USA.xls
[DEBUG][2015-12-16 12:32:07,135][com.java.ImportnExport.ExportTestResultsExcel] [  223] - browser is------------IE10
[DEBUG][2015-12-16 12:32:07,135][com.java.ImportnExport.ExportTestResultsExcel] [  270] - result.size() = 240
[DEBUG][2015-12-16 12:32:07,135][com.java.ImportnExport.ExportTestResultsExcel] [  274] - No of rows in sheet=3
[DEBUG][2015-12-16 12:32:07,135][com.java.ImportnExport.ExportTestResultsExcel] [  301] - ..in export..4
[DEBUG][2015-12-16 12:32:07,135][com.java.ImportnExport.ExportTestResultsExcel] [  301] - ..in export..Copy to Forecast project
[DEBUG][2015-12-16 12:32:07,135][com.java.ImportnExport.ExportTestResultsExcel] [  301] - ..in export..Pass
[DEBUG][2015-12-16 12:32:07,135][com.java.ImportnExport.ExportTestResultsExcel] [  301] - ..in export..
[DEBUG][2015-12-16 12:32:07,135][com.java.ImportnExport.ExportTestResultsExcel] [  301] - ..in export..Wed Dec 16 12:30:30 IST 2015
[INFO ][2015-12-16 12:32:07,135][com.java.SeleniumDriver] [ 1299] - out loop:2 size:4 TestCases:[1, 3, 4, 5] testcases:[1, 3, 4, 5]
[INFO ][2015-12-16 12:32:07,135][com.java.ImportnExport.ImportTestDataDetailsExcel] [   49] - test data details path===== D:\BankersDashboard\TestInputs\TestData.xls
[INFO ][2015-12-16 12:32:28,051][com.java.SeleniumDriver] [  821] - ------------------------------------------
[INFO ][2015-12-16 12:32:28,051][com.java.SeleniumDriver] [  822] - Test case being Executed: 5
[INFO ][2015-12-16 12:32:28,051][com.java.SeleniumDriver] [  833] - Test step:1
[INFO ][2015-12-16 12:32:28,051][com.java.SeleniumDriver] [  845] - Datavalue is----------Logout
[INFO ][2015-12-16 12:32:28,051][com.java.SeleniumDriver] [  869] - DataField : BTN
[INFO ][2015-12-16 12:32:28,051][com.java.SeleniumDriver] [  871] - DataValue : Logout
[INFO ][2015-12-16 12:32:28,051][com.java.SeleniumDriver] [  877] - <In Set values of the page>
[INFO ][2015-12-16 12:32:28,051][com.java.SeleniumDriver] [  880] - {Data Fields & Data Values Exist}
[INFO ][2015-12-16 12:32:28,051][com.java.SeleniumDriver] [  882] - --------------------------setting values-----------------------------
[INFO ][2015-12-16 12:32:28,051][com.java.SeleniumDriver] [  885] - Action Type : Verify
[INFO ][2015-12-16 12:32:28,051][com.java.TestType] [ 6822] - field= BTN value= Logout
[INFO ][2015-12-16 12:32:28,051][com.java.TestType] [ 5513] - value = Logout
[INFO ][2015-12-16 12:32:28,112][com.java.SeleniumDriver] [  894] -  RESULT true
[INFO ][2015-12-16 12:32:28,112][com.java.SeleniumDriver] [ 1100] - ?   P A S S   ?
[INFO ][2015-12-16 12:32:28,112][com.java.SeleniumDriver] [ 1142] - step change to 3
[INFO ][2015-12-16 12:32:28,112][com.java.SeleniumDriver] [  821] - ------------------------------------------
[INFO ][2015-12-16 12:32:28,112][com.java.SeleniumDriver] [  822] - Test case being Executed: 5
[INFO ][2015-12-16 12:32:28,112][com.java.SeleniumDriver] [  833] - Test step:3
[INFO ][2015-12-16 12:32:28,112][com.java.SeleniumDriver] [  845] - Datavalue is----------Concept#2:1-2
[INFO ][2015-12-16 12:32:28,112][com.java.SeleniumDriver] [  869] - DataField : test
[INFO ][2015-12-16 12:32:28,112][com.java.SeleniumDriver] [  871] - DataValue : Concept#2:1-2
[INFO ][2015-12-16 12:32:28,112][com.java.SeleniumDriver] [  877] - <In Set values of the page>
[INFO ][2015-12-16 12:32:28,112][com.java.SeleniumDriver] [  880] - {Data Fields & Data Values Exist}
[INFO ][2015-12-16 12:32:28,112][com.java.SeleniumDriver] [  882] - --------------------------setting values-----------------------------
[INFO ][2015-12-16 12:32:28,112][com.java.SeleniumDriver] [  885] - Action Type : ExecuteTestCase
[INFO ][2015-12-16 12:32:28,112][com.java.TestType] [  437] - The Concept sheet name is ---------- Concept
[INFO ][2015-12-16 12:32:28,112][com.java.TestType] [  440] - The Concept ID  is ---------- 2
[DEBUG][2015-12-16 12:32:28,112][com.java.TestType] [  444] - Steps being executted in the Concept are: 1:2
[INFO ][2015-12-16 12:32:28,112][com.java.TestType] [  451] - Test data details path ---------- D:\BankersDashboard\TestInputs\TestData.xls
[INFO ][2015-12-16 12:32:28,142][com.java.TestType] [  482] -  str(1) = 2
[INFO ][2015-12-16 12:32:28,142][com.java.TestType] [  485] - Test case Id is---2
[INFO ][2015-12-16 12:32:28,142][com.java.TestType] [  487] - 2
[INFO ][2015-12-16 12:32:28,142][com.java.TestType] [  482] -  str(2) = 1
[INFO ][2015-12-16 12:32:28,142][com.java.TestType] [  534] - row values are--------{1=com.java.Objects.TestDataDetails@da395d}
[INFO ][2015-12-16 12:32:28,142][com.java.TestType] [  482] -  str(1) = 2
[INFO ][2015-12-16 12:32:28,142][com.java.TestType] [  485] - Test case Id is---2
[INFO ][2015-12-16 12:32:28,142][com.java.TestType] [  487] - 2
[INFO ][2015-12-16 12:32:28,142][com.java.TestType] [  482] -  str(2) = 2
[INFO ][2015-12-16 12:32:28,142][com.java.TestType] [  534] - row values are--------{1=com.java.Objects.TestDataDetails@da395d, 2=com.java.Objects.TestDataDetails@1c64183}
[INFO ][2015-12-16 12:32:28,142][com.java.TestType] [  482] -  str(1) = 2
[INFO ][2015-12-16 12:32:28,142][com.java.TestType] [  485] - Test case Id is---2
[INFO ][2015-12-16 12:32:28,142][com.java.TestType] [  487] - 2
[INFO ][2015-12-16 12:32:28,142][com.java.TestType] [  482] -  str(2) = 3
[INFO ][2015-12-16 12:32:28,142][com.java.TestType] [  534] - row values are--------{1=com.java.Objects.TestDataDetails@da395d, 2=com.java.Objects.TestDataDetails@1c64183, 3=com.java.Objects.TestDataDetails@148d6f2}
[INFO ][2015-12-16 12:32:28,142][com.java.TestType] [10136] - Looping 1TCID = 2
[DEBUG][2015-12-16 12:32:28,142][com.java.TestType] [10177] - Concept ID:2 :: Step being Executed: 2::1
[INFO ][2015-12-16 12:32:28,142][com.java.TestType] [10215] - dataFields : BNK//select[@id='bank']
[DEBUG][2015-12-16 12:32:28,142][com.java.TestType] [10221] - <In Set values of the page>
[DEBUG][2015-12-16 12:32:28,142][com.java.TestType] [10226] - {Data Fields & Data Values Exist}
[INFO ][2015-12-16 12:32:28,142][com.java.TestType] [10232] - --------------------------setting values-----------------------------
[INFO ][2015-12-16 12:32:28,142][com.java.TestType] [10235] - Action Type : Select
[INFO ][2015-12-16 12:32:28,142][com.java.TestType] [ 5513] - value = PFC
[INFO ][2015-12-16 12:32:28,342][com.java.TestType] [10254] -  RESULT true
[INFO ][2015-12-16 12:32:28,342][com.java.TestType] [10371] - ?   P A S S   ?
[DEBUG][2015-12-16 12:32:28,342][com.java.TestType] [10177] - Concept ID:2 :: Step being Executed: 2::2
[INFO ][2015-12-16 12:32:28,342][com.java.TestType] [10215] - dataFields : LNKLogout
[DEBUG][2015-12-16 12:32:28,342][com.java.TestType] [10221] - <In Set values of the page>
[DEBUG][2015-12-16 12:32:28,342][com.java.TestType] [10226] - {Data Fields & Data Values Exist}
[INFO ][2015-12-16 12:32:28,342][com.java.TestType] [10232] - --------------------------setting values-----------------------------
[INFO ][2015-12-16 12:32:28,342][com.java.TestType] [10235] - Action Type : WaitTime
[DEBUG][2015-12-16 12:32:28,342][com.java.TestType] [ 5333] - sleepTime: 5000
[INFO ][2015-12-16 12:32:33,342][com.java.TestType] [10254] -  RESULT true
[INFO ][2015-12-16 12:32:33,342][com.java.TestType] [10371] - ?   P A S S   ?
[INFO ][2015-12-16 12:32:33,342][com.java.TestType] [10442] - Looping End......
[INFO ][2015-12-16 12:32:33,342][com.java.SeleniumDriver] [  894] -  RESULT true
[INFO ][2015-12-16 12:32:33,342][com.java.SeleniumDriver] [ 1100] - ?   P A S S   ?
[INFO ][2015-12-16 12:32:33,342][com.java.SeleniumDriver] [  821] - ------------------------------------------
[INFO ][2015-12-16 12:32:33,342][com.java.SeleniumDriver] [  822] - Test case being Executed: 5
[INFO ][2015-12-16 12:32:33,342][com.java.SeleniumDriver] [  833] - Test step:4
[INFO ][2015-12-16 12:32:33,342][com.java.SeleniumDriver] [  845] - Datavalue is----------3
[INFO ][2015-12-16 12:32:33,342][com.java.SeleniumDriver] [  869] - DataField : XPH//img[@id='loading']
[INFO ][2015-12-16 12:32:33,342][com.java.SeleniumDriver] [  871] - DataValue : 3
[INFO ][2015-12-16 12:32:33,342][com.java.SeleniumDriver] [  877] - <In Set values of the page>
[INFO ][2015-12-16 12:32:33,342][com.java.SeleniumDriver] [  880] - {Data Fields & Data Values Exist}
[INFO ][2015-12-16 12:32:33,342][com.java.SeleniumDriver] [  882] - --------------------------setting values-----------------------------
[INFO ][2015-12-16 12:32:33,342][com.java.SeleniumDriver] [  885] - Action Type : WaitForElement
[INFO ][2015-12-16 12:32:33,373][com.java.SeleniumDriver] [  894] -  RESULT true
[INFO ][2015-12-16 12:32:33,373][com.java.SeleniumDriver] [ 1100] - ?   P A S S   ?
[INFO ][2015-12-16 12:32:33,373][com.java.SeleniumDriver] [  821] - ------------------------------------------
[INFO ][2015-12-16 12:32:33,373][com.java.SeleniumDriver] [  822] - Test case being Executed: 5
[INFO ][2015-12-16 12:32:33,373][com.java.SeleniumDriver] [  833] - Test step:5
[INFO ][2015-12-16 12:32:33,373][com.java.SeleniumDriver] [  845] - Datavalue is----------90
[INFO ][2015-12-16 12:32:33,373][com.java.SeleniumDriver] [  869] - DataField : XPH//img[@id='loading']
[INFO ][2015-12-16 12:32:33,373][com.java.SeleniumDriver] [  871] - DataValue : 90
[INFO ][2015-12-16 12:32:33,373][com.java.SeleniumDriver] [  877] - <In Set values of the page>
[INFO ][2015-12-16 12:32:33,373][com.java.SeleniumDriver] [  880] - {Data Fields & Data Values Exist}
[INFO ][2015-12-16 12:32:33,373][com.java.SeleniumDriver] [  882] - --------------------------setting values-----------------------------
[INFO ][2015-12-16 12:32:33,373][com.java.SeleniumDriver] [  885] - Action Type : waitForElementNotPresent
[INFO ][2015-12-16 12:32:33,473][com.java.SeleniumDriver] [  894] -  RESULT true
[INFO ][2015-12-16 12:32:33,473][com.java.SeleniumDriver] [ 1100] - ?   P A S S   ?
[INFO ][2015-12-16 12:32:33,473][com.java.SeleniumDriver] [  821] - ------------------------------------------
[INFO ][2015-12-16 12:32:33,473][com.java.SeleniumDriver] [  822] - Test case being Executed: 5
[INFO ][2015-12-16 12:32:33,473][com.java.SeleniumDriver] [  833] - Test step:6
[INFO ][2015-12-16 12:32:33,473][com.java.SeleniumDriver] [  845] - Datavalue is----------null
[DEBUG][2015-12-16 12:32:33,473][com.java.SeleniumDriver] [  863] - Exception: null
[INFO ][2015-12-16 12:32:33,473][com.java.SeleniumDriver] [  869] - DataField : //span[@class='icon-stats']&&//a[@data-id="Forecasting"]
[INFO ][2015-12-16 12:32:33,473][com.java.SeleniumDriver] [  871] - DataValue : 
[INFO ][2015-12-16 12:32:33,473][com.java.SeleniumDriver] [  877] - <In Set values of the page>
[INFO ][2015-12-16 12:32:33,473][com.java.SeleniumDriver] [  880] - {Data Fields & Data Values Exist}
[INFO ][2015-12-16 12:32:33,473][com.java.SeleniumDriver] [  882] - --------------------------setting values-----------------------------
[INFO ][2015-12-16 12:32:33,473][com.java.SeleniumDriver] [  885] - Action Type : MOUSEOVER
[INFO ][2015-12-16 12:32:53,516][com.java.SeleniumDriver] [  894] -  RESULT true
[INFO ][2015-12-16 12:32:53,516][com.java.SeleniumDriver] [ 1100] - ?   P A S S   ?
[INFO ][2015-12-16 12:32:53,516][com.java.SeleniumDriver] [  821] - ------------------------------------------
[INFO ][2015-12-16 12:32:53,516][com.java.SeleniumDriver] [  822] - Test case being Executed: 5
[INFO ][2015-12-16 12:32:53,516][com.java.SeleniumDriver] [  833] - Test step:7
[INFO ][2015-12-16 12:32:53,516][com.java.SeleniumDriver] [  845] - Datavalue is----------5
[INFO ][2015-12-16 12:32:53,516][com.java.SeleniumDriver] [  869] - DataField : null
[INFO ][2015-12-16 12:32:53,516][com.java.SeleniumDriver] [  871] - DataValue : 5
[INFO ][2015-12-16 12:32:53,516][com.java.SeleniumDriver] [  877] - <In Set values of the page>
[INFO ][2015-12-16 12:32:53,516][com.java.SeleniumDriver] [  880] - {Data Fields & Data Values Exist}
[INFO ][2015-12-16 12:32:53,516][com.java.SeleniumDriver] [  882] - --------------------------setting values-----------------------------
[INFO ][2015-12-16 12:32:53,516][com.java.SeleniumDriver] [  885] - Action Type : WAITTIME
[DEBUG][2015-12-16 12:32:53,516][com.java.TestType] [ 5333] - sleepTime: 5000
[INFO ][2015-12-16 12:32:58,522][com.java.SeleniumDriver] [  894] -  RESULT true
[INFO ][2015-12-16 12:32:58,522][com.java.SeleniumDriver] [ 1100] - ?   P A S S   ?
[INFO ][2015-12-16 12:32:58,522][com.java.SeleniumDriver] [  821] - ------------------------------------------
[INFO ][2015-12-16 12:32:58,522][com.java.SeleniumDriver] [  822] - Test case being Executed: 5
[INFO ][2015-12-16 12:32:58,522][com.java.SeleniumDriver] [  833] - Test step:8
[INFO ][2015-12-16 12:32:58,522][com.java.SeleniumDriver] [  845] - Datavalue is----------Forecasting 
[INFO ][2015-12-16 12:32:58,522][com.java.SeleniumDriver] [  869] - DataField : TTL
[INFO ][2015-12-16 12:32:58,522][com.java.SeleniumDriver] [  871] - DataValue : Forecasting 
[INFO ][2015-12-16 12:32:58,522][com.java.SeleniumDriver] [  877] - <In Set values of the page>
[INFO ][2015-12-16 12:32:58,522][com.java.SeleniumDriver] [  880] - {Data Fields & Data Values Exist}
[INFO ][2015-12-16 12:32:58,522][com.java.SeleniumDriver] [  882] - --------------------------setting values-----------------------------
[INFO ][2015-12-16 12:32:58,522][com.java.SeleniumDriver] [  885] - Action Type : SELECTWINDOW
[INFO ][2015-12-16 12:33:11,094][com.java.SeleniumDriver] [  894] -  RESULT true
[INFO ][2015-12-16 12:33:11,094][com.java.SeleniumDriver] [ 1100] - ?   P A S S   ?
[INFO ][2015-12-16 12:33:11,094][com.java.SeleniumDriver] [  821] - ------------------------------------------
[INFO ][2015-12-16 12:33:11,094][com.java.SeleniumDriver] [  822] - Test case being Executed: 5
[INFO ][2015-12-16 12:33:11,094][com.java.SeleniumDriver] [  833] - Test step:9
[INFO ][2015-12-16 12:33:11,094][com.java.SeleniumDriver] [  845] - Datavalue is----------10
[INFO ][2015-12-16 12:33:11,094][com.java.SeleniumDriver] [  869] - DataField : DSP//span[contains(text(),'Forecasting')]
[INFO ][2015-12-16 12:33:11,094][com.java.SeleniumDriver] [  871] - DataValue : 10
[INFO ][2015-12-16 12:33:11,094][com.java.SeleniumDriver] [  877] - <In Set values of the page>
[INFO ][2015-12-16 12:33:11,094][com.java.SeleniumDriver] [  880] - {Data Fields & Data Values Exist}
[INFO ][2015-12-16 12:33:11,094][com.java.SeleniumDriver] [  882] - --------------------------setting values-----------------------------
[INFO ][2015-12-16 12:33:11,094][com.java.SeleniumDriver] [  885] - Action Type : WAITFORELEMENT
[INFO ][2015-12-16 12:33:11,204][com.java.SeleniumDriver] [  894] -  RESULT true
[INFO ][2015-12-16 12:33:11,204][com.java.SeleniumDriver] [ 1100] - ?   P A S S   ?
[INFO ][2015-12-16 12:33:11,204][com.java.SeleniumDriver] [  821] - ------------------------------------------
[INFO ][2015-12-16 12:33:11,204][com.java.SeleniumDriver] [  822] - Test case being Executed: 5
[INFO ][2015-12-16 12:33:11,204][com.java.SeleniumDriver] [  833] - Test step:10
[INFO ][2015-12-16 12:33:11,204][com.java.SeleniumDriver] [  845] - Datavalue is----------Forecasting 
[INFO ][2015-12-16 12:33:11,204][com.java.SeleniumDriver] [  869] - DataField : XPH//span[contains(text(),'Forecasting')]
[INFO ][2015-12-16 12:33:11,204][com.java.SeleniumDriver] [  871] - DataValue : Forecasting 
[INFO ][2015-12-16 12:33:11,204][com.java.SeleniumDriver] [  877] - <In Set values of the page>
[INFO ][2015-12-16 12:33:11,204][com.java.SeleniumDriver] [  880] - {Data Fields & Data Values Exist}
[INFO ][2015-12-16 12:33:11,204][com.java.SeleniumDriver] [  882] - --------------------------setting values-----------------------------
[INFO ][2015-12-16 12:33:11,204][com.java.SeleniumDriver] [  885] - Action Type : VERIFY
[INFO ][2015-12-16 12:33:11,204][com.java.TestType] [ 6822] - field= XPH//span[contains(text(),'Forecasting')] value= Forecasting 
[INFO ][2015-12-16 12:33:11,204][com.java.TestType] [ 5513] - value = Forecasting 
[INFO ][2015-12-16 12:33:11,304][com.java.SeleniumDriver] [  894] -  RESULT true
[INFO ][2015-12-16 12:33:11,304][com.java.SeleniumDriver] [ 1100] - ?   P A S S   ?
[INFO ][2015-12-16 12:33:11,304][com.java.SeleniumDriver] [  821] - ------------------------------------------
[INFO ][2015-12-16 12:33:11,304][com.java.SeleniumDriver] [  822] - Test case being Executed: 5
[INFO ][2015-12-16 12:33:11,304][com.java.SeleniumDriver] [  833] - Test step:11
[INFO ][2015-12-16 12:33:11,304][com.java.SeleniumDriver] [  845] - Datavalue is----------null
[DEBUG][2015-12-16 12:33:11,304][com.java.SeleniumDriver] [  863] - Exception: null
[INFO ][2015-12-16 12:33:11,304][com.java.SeleniumDriver] [  869] - DataField : BTNframeDialogContent
[INFO ][2015-12-16 12:33:11,304][com.java.SeleniumDriver] [  871] - DataValue : 
[INFO ][2015-12-16 12:33:11,304][com.java.SeleniumDriver] [  877] - <In Set values of the page>
[INFO ][2015-12-16 12:33:11,304][com.java.SeleniumDriver] [  880] - {Data Fields & Data Values Exist}
[INFO ][2015-12-16 12:33:11,304][com.java.SeleniumDriver] [  882] - --------------------------setting values-----------------------------
[INFO ][2015-12-16 12:33:11,304][com.java.SeleniumDriver] [  885] - Action Type : SELECTFRAME
[INFO ][2015-12-16 12:33:12,425][com.java.SeleniumDriver] [  894] -  RESULT true
[INFO ][2015-12-16 12:33:12,425][com.java.SeleniumDriver] [ 1100] - ?   P A S S   ?
[INFO ][2015-12-16 12:33:12,425][com.java.SeleniumDriver] [  821] - ------------------------------------------
[INFO ][2015-12-16 12:33:12,425][com.java.SeleniumDriver] [  822] - Test case being Executed: 5
[INFO ][2015-12-16 12:33:12,425][com.java.SeleniumDriver] [  833] - Test step:12
[INFO ][2015-12-16 12:33:12,425][com.java.SeleniumDriver] [  845] - Datavalue is----------10
[INFO ][2015-12-16 12:33:12,425][com.java.SeleniumDriver] [  869] - DataField : DSPddlProjects
[INFO ][2015-12-16 12:33:12,425][com.java.SeleniumDriver] [  871] - DataValue : 10
[INFO ][2015-12-16 12:33:12,425][com.java.SeleniumDriver] [  877] - <In Set values of the page>
[INFO ][2015-12-16 12:33:12,425][com.java.SeleniumDriver] [  880] - {Data Fields & Data Values Exist}
[INFO ][2015-12-16 12:33:12,425][com.java.SeleniumDriver] [  882] - --------------------------setting values-----------------------------
[INFO ][2015-12-16 12:33:12,425][com.java.SeleniumDriver] [  885] - Action Type : WAITFORELEMENT
[INFO ][2015-12-16 12:33:13,516][com.java.SeleniumDriver] [  894] -  RESULT true
[INFO ][2015-12-16 12:33:13,516][com.java.SeleniumDriver] [ 1100] - ?   P A S S   ?
[INFO ][2015-12-16 12:33:13,516][com.java.SeleniumDriver] [  821] - ------------------------------------------
[INFO ][2015-12-16 12:33:13,516][com.java.SeleniumDriver] [  822] - Test case being Executed: 5
[INFO ][2015-12-16 12:33:13,516][com.java.SeleniumDriver] [  833] - Test step:13
[INFO ][2015-12-16 12:33:13,516][com.java.SeleniumDriver] [  845] - Datavalue is----------index:last
[INFO ][2015-12-16 12:33:13,516][com.java.SeleniumDriver] [  869] - DataField : COBddlProjects
[INFO ][2015-12-16 12:33:13,516][com.java.SeleniumDriver] [  871] - DataValue : index:last
[INFO ][2015-12-16 12:33:13,516][com.java.SeleniumDriver] [  877] - <In Set values of the page>
[INFO ][2015-12-16 12:33:13,516][com.java.SeleniumDriver] [  880] - {Data Fields & Data Values Exist}
[INFO ][2015-12-16 12:33:13,516][com.java.SeleniumDriver] [  882] - --------------------------setting values-----------------------------
[INFO ][2015-12-16 12:33:13,516][com.java.SeleniumDriver] [  885] - Action Type : SELECT
[INFO ][2015-12-16 12:33:13,516][com.java.TestType] [ 5513] - value = last
[INFO ][2015-12-16 12:33:14,607][com.java.TestType] [ 5631] -  In COB ddlProjects : last
[INFO ][2015-12-16 12:33:14,817][com.java.SeleniumDriver] [  894] -  RESULT true
[INFO ][2015-12-16 12:33:14,817][com.java.SeleniumDriver] [ 1100] - ?   P A S S   ?
[INFO ][2015-12-16 12:33:14,817][com.java.SeleniumDriver] [ 1137] - Continue next step...
[INFO ][2015-12-16 12:33:14,817][com.java.SeleniumDriver] [  821] - ------------------------------------------
[INFO ][2015-12-16 12:33:14,817][com.java.SeleniumDriver] [  822] - Test case being Executed: 5
[INFO ][2015-12-16 12:33:14,817][com.java.SeleniumDriver] [  833] - Test step:14
[INFO ][2015-12-16 12:33:14,817][com.java.SeleniumDriver] [  845] - Datavalue is----------CurrentProject
[INFO ][2015-12-16 12:33:14,817][com.java.SeleniumDriver] [  869] - DataField : SLBddlProjects
[INFO ][2015-12-16 12:33:14,817][com.java.SeleniumDriver] [  871] - DataValue : CurrentProject
[INFO ][2015-12-16 12:33:14,817][com.java.SeleniumDriver] [  877] - <In Set values of the page>
[INFO ][2015-12-16 12:33:14,817][com.java.SeleniumDriver] [  880] - {Data Fields & Data Values Exist}
[INFO ][2015-12-16 12:33:14,817][com.java.SeleniumDriver] [  882] - --------------------------setting values-----------------------------
[INFO ][2015-12-16 12:33:14,817][com.java.SeleniumDriver] [  885] - Action Type : storevalue
[INFO ][2015-12-16 12:33:14,817][com.java.TestType] [ 8002] - field= SLBddlProjects
[INFO ][2015-12-16 12:33:16,058][com.java.SeleniumDriver] [  894] -  RESULT true
[INFO ][2015-12-16 12:33:16,058][com.java.SeleniumDriver] [ 1100] - ?   P A S S   ?
[INFO ][2015-12-16 12:33:16,058][com.java.SeleniumDriver] [  821] - ------------------------------------------
[INFO ][2015-12-16 12:33:16,058][com.java.SeleniumDriver] [  822] - Test case being Executed: 5
[INFO ][2015-12-16 12:33:16,058][com.java.SeleniumDriver] [  833] - Test step:15
[INFO ][2015-12-16 12:33:16,058][com.java.SeleniumDriver] [  845] - Datavalue is----------null
[DEBUG][2015-12-16 12:33:16,058][com.java.SeleniumDriver] [  863] - Exception: null
[INFO ][2015-12-16 12:33:16,058][com.java.SeleniumDriver] [  869] - DataField : HDNbtnOpenProject
[INFO ][2015-12-16 12:33:16,058][com.java.SeleniumDriver] [  871] - DataValue : 
[INFO ][2015-12-16 12:33:16,058][com.java.SeleniumDriver] [  877] - <In Set values of the page>
[INFO ][2015-12-16 12:33:16,058][com.java.SeleniumDriver] [  880] - {Data Fields & Data Values Exist}
[INFO ][2015-12-16 12:33:16,058][com.java.SeleniumDriver] [  882] - --------------------------setting values-----------------------------
[INFO ][2015-12-16 12:33:16,058][com.java.SeleniumDriver] [  885] - Action Type : CLICKWITHALERT
[INFO ][2015-12-16 12:33:16,058][com.java.TestType] [ 5879] - Field ::HDNbtnOpenProject
[INFO ][2015-12-16 12:33:16,058][com.java.TestType] [ 5513] - value = 
[INFO ][2015-12-16 12:33:19,760][com.java.SeleniumDriver] [  894] -  RESULT true
[INFO ][2015-12-16 12:33:19,760][com.java.SeleniumDriver] [ 1100] - ?   P A S S   ?
[INFO ][2015-12-16 12:33:19,760][com.java.SeleniumDriver] [  821] - ------------------------------------------
[INFO ][2015-12-16 12:33:19,760][com.java.SeleniumDriver] [  822] - Test case being Executed: 5
[INFO ][2015-12-16 12:33:19,760][com.java.SeleniumDriver] [  833] - Test step:16
[INFO ][2015-12-16 12:33:19,760][com.java.SeleniumDriver] [  845] - Datavalue is----------2
[INFO ][2015-12-16 12:33:19,760][com.java.SeleniumDriver] [  869] - DataField : null
[INFO ][2015-12-16 12:33:19,760][com.java.SeleniumDriver] [  871] - DataValue : 2
[INFO ][2015-12-16 12:33:19,760][com.java.SeleniumDriver] [  877] - <In Set values of the page>
[INFO ][2015-12-16 12:33:19,760][com.java.SeleniumDriver] [  880] - {Data Fields & Data Values Exist}
[INFO ][2015-12-16 12:33:19,760][com.java.SeleniumDriver] [  882] - --------------------------setting values-----------------------------
[INFO ][2015-12-16 12:33:19,760][com.java.SeleniumDriver] [  885] - Action Type : WAITTIME
[DEBUG][2015-12-16 12:33:19,760][com.java.TestType] [ 5333] - sleepTime: 2000
[INFO ][2015-12-16 12:33:21,761][com.java.SeleniumDriver] [  894] -  RESULT true
[INFO ][2015-12-16 12:33:21,761][com.java.SeleniumDriver] [ 1100] - ?   P A S S   ?
[INFO ][2015-12-16 12:33:21,761][com.java.SeleniumDriver] [  821] - ------------------------------------------
[INFO ][2015-12-16 12:33:21,761][com.java.SeleniumDriver] [  822] - Test case being Executed: 5
[INFO ][2015-12-16 12:33:21,761][com.java.SeleniumDriver] [  833] - Test step:17
[INFO ][2015-12-16 12:33:21,761][com.java.SeleniumDriver] [  845] - Datavalue is----------null
[DEBUG][2015-12-16 12:33:21,761][com.java.SeleniumDriver] [  863] - Exception: null
[INFO ][2015-12-16 12:33:21,761][com.java.SeleniumDriver] [  869] - DataField : BTNParent
[INFO ][2015-12-16 12:33:21,761][com.java.SeleniumDriver] [  871] - DataValue : 
[INFO ][2015-12-16 12:33:21,761][com.java.SeleniumDriver] [  877] - <In Set values of the page>
[INFO ][2015-12-16 12:33:21,761][com.java.SeleniumDriver] [  880] - {Data Fields & Data Values Exist}
[INFO ][2015-12-16 12:33:21,761][com.java.SeleniumDriver] [  882] - --------------------------setting values-----------------------------
[INFO ][2015-12-16 12:33:21,761][com.java.SeleniumDriver] [  885] - Action Type : SELECTFRAME
[INFO ][2015-12-16 12:33:21,762][com.java.SeleniumDriver] [  894] -  RESULT true
[INFO ][2015-12-16 12:33:21,762][com.java.SeleniumDriver] [ 1100] - ?   P A S S   ?
[INFO ][2015-12-16 12:33:21,762][com.java.SeleniumDriver] [  821] - ------------------------------------------
[INFO ][2015-12-16 12:33:21,762][com.java.SeleniumDriver] [  822] - Test case being Executed: 5
[INFO ][2015-12-16 12:33:21,762][com.java.SeleniumDriver] [  833] - Test step:18
[INFO ][2015-12-16 12:33:21,762][com.java.SeleniumDriver] [  845] - Datavalue is----------10
[INFO ][2015-12-16 12:33:21,762][com.java.SeleniumDriver] [  869] - DataField : DSPFile
[INFO ][2015-12-16 12:33:21,762][com.java.SeleniumDriver] [  871] - DataValue : 10
[INFO ][2015-12-16 12:33:21,762][com.java.SeleniumDriver] [  877] - <In Set values of the page>
[INFO ][2015-12-16 12:33:21,762][com.java.SeleniumDriver] [  880] - {Data Fields & Data Values Exist}
[INFO ][2015-12-16 12:33:21,762][com.java.SeleniumDriver] [  882] - --------------------------setting values-----------------------------
[INFO ][2015-12-16 12:33:21,762][com.java.SeleniumDriver] [  885] - Action Type : WAITFORELEMENT
[INFO ][2015-12-16 12:33:21,882][com.java.SeleniumDriver] [  894] -  RESULT true
[INFO ][2015-12-16 12:33:21,882][com.java.SeleniumDriver] [ 1100] - ?   P A S S   ?
[INFO ][2015-12-16 12:33:21,882][com.java.SeleniumDriver] [  821] - ------------------------------------------
[INFO ][2015-12-16 12:33:21,882][com.java.SeleniumDriver] [  822] - Test case being Executed: 5
[INFO ][2015-12-16 12:33:21,882][com.java.SeleniumDriver] [  833] - Test step:19
[INFO ][2015-12-16 12:33:21,882][com.java.SeleniumDriver] [  845] - Datavalue is----------10
[INFO ][2015-12-16 12:33:21,882][com.java.SeleniumDriver] [  869] - DataField : null
[INFO ][2015-12-16 12:33:21,882][com.java.SeleniumDriver] [  871] - DataValue : 10
[INFO ][2015-12-16 12:33:21,882][com.java.SeleniumDriver] [  877] - <In Set values of the page>
[INFO ][2015-12-16 12:33:21,882][com.java.SeleniumDriver] [  880] - {Data Fields & Data Values Exist}
[INFO ][2015-12-16 12:33:21,882][com.java.SeleniumDriver] [  882] - --------------------------setting values-----------------------------
[INFO ][2015-12-16 12:33:21,882][com.java.SeleniumDriver] [  885] - Action Type : WAITTIME
[DEBUG][2015-12-16 12:33:21,882][com.java.TestType] [ 5333] - sleepTime: 10000
[INFO ][2015-12-16 12:33:31,887][com.java.SeleniumDriver] [  894] -  RESULT true
[INFO ][2015-12-16 12:33:31,887][com.java.SeleniumDriver] [ 1100] - ?   P A S S   ?
[INFO ][2015-12-16 12:33:31,887][com.java.SeleniumDriver] [  821] - ------------------------------------------
[INFO ][2015-12-16 12:33:31,887][com.java.SeleniumDriver] [  822] - Test case being Executed: 5
[INFO ][2015-12-16 12:33:31,887][com.java.SeleniumDriver] [  833] - Test step:20
[INFO ][2015-12-16 12:33:31,887][com.java.SeleniumDriver] [  845] - Datavalue is----------Assets
[INFO ][2015-12-16 12:33:31,887][com.java.SeleniumDriver] [  869] - DataField : MSG
[INFO ][2015-12-16 12:33:31,887][com.java.SeleniumDriver] [  871] - DataValue : Assets
[INFO ][2015-12-16 12:33:31,887][com.java.SeleniumDriver] [  877] - <In Set values of the page>
[INFO ][2015-12-16 12:33:31,887][com.java.SeleniumDriver] [  880] - {Data Fields & Data Values Exist}
[INFO ][2015-12-16 12:33:31,887][com.java.SeleniumDriver] [  882] - --------------------------setting values-----------------------------
[INFO ][2015-12-16 12:33:31,887][com.java.SeleniumDriver] [  885] - Action Type : VERIFY
[INFO ][2015-12-16 12:33:31,887][com.java.TestType] [ 6822] - field= MSG value= Assets
[INFO ][2015-12-16 12:33:31,887][com.java.TestType] [ 5513] - value = Assets
[DEBUG][2015-12-16 12:33:31,887][com.java.TestType] [ 7643] - value :: Assets
[INFO ][2015-12-16 12:33:31,908][com.java.SeleniumDriver] [  894] -  RESULT true
[INFO ][2015-12-16 12:33:31,908][com.java.SeleniumDriver] [ 1100] - ?   P A S S   ?
[INFO ][2015-12-16 12:33:31,908][com.java.SeleniumDriver] [  821] - ------------------------------------------
[INFO ][2015-12-16 12:33:31,908][com.java.SeleniumDriver] [  822] - Test case being Executed: 5
[INFO ][2015-12-16 12:33:31,908][com.java.SeleniumDriver] [  833] - Test step:21
[INFO ][2015-12-16 12:33:31,908][com.java.SeleniumDriver] [  845] - Datavalue is----------null
[DEBUG][2015-12-16 12:33:31,908][com.java.SeleniumDriver] [  863] - Exception: null
[INFO ][2015-12-16 12:33:31,908][com.java.SeleniumDriver] [  869] - DataField : HDNmenuTools
[INFO ][2015-12-16 12:33:31,908][com.java.SeleniumDriver] [  871] - DataValue : 
[INFO ][2015-12-16 12:33:31,908][com.java.SeleniumDriver] [  877] - <In Set values of the page>
[INFO ][2015-12-16 12:33:31,908][com.java.SeleniumDriver] [  880] - {Data Fields & Data Values Exist}
[INFO ][2015-12-16 12:33:31,908][com.java.SeleniumDriver] [  882] - --------------------------setting values-----------------------------
[INFO ][2015-12-16 12:33:31,908][com.java.SeleniumDriver] [  885] - Action Type : CLICK
[INFO ][2015-12-16 12:33:31,908][com.java.TestType] [ 5879] - Field ::HDNmenuTools
[INFO ][2015-12-16 12:33:31,908][com.java.TestType] [ 5513] - value = 
[INFO ][2015-12-16 12:33:34,039][com.java.SeleniumDriver] [  894] -  RESULT true
[INFO ][2015-12-16 12:33:34,039][com.java.SeleniumDriver] [ 1100] - ?   P A S S   ?
[INFO ][2015-12-16 12:33:34,039][com.java.SeleniumDriver] [  821] - ------------------------------------------
[INFO ][2015-12-16 12:33:34,039][com.java.SeleniumDriver] [  822] - Test case being Executed: 5
[INFO ][2015-12-16 12:33:34,039][com.java.SeleniumDriver] [  833] - Test step:22
[INFO ][2015-12-16 12:33:34,039][com.java.SeleniumDriver] [  845] - Datavalue is----------3
[INFO ][2015-12-16 12:33:34,039][com.java.SeleniumDriver] [  869] - DataField : DSPmenuCopyToBudget
[INFO ][2015-12-16 12:33:34,039][com.java.SeleniumDriver] [  871] - DataValue : 3
[INFO ][2015-12-16 12:33:34,039][com.java.SeleniumDriver] [  877] - <In Set values of the page>
[INFO ][2015-12-16 12:33:34,039][com.java.SeleniumDriver] [  880] - {Data Fields & Data Values Exist}
[INFO ][2015-12-16 12:33:34,039][com.java.SeleniumDriver] [  882] - --------------------------setting values-----------------------------
[INFO ][2015-12-16 12:33:34,039][com.java.SeleniumDriver] [  885] - Action Type : WAITFORELEMENT
[INFO ][2015-12-16 12:33:35,247][com.java.SeleniumDriver] [  894] -  RESULT true
[INFO ][2015-12-16 12:33:35,247][com.java.SeleniumDriver] [ 1100] - ?   P A S S   ?
[INFO ][2015-12-16 12:33:35,247][com.java.SeleniumDriver] [  821] - ------------------------------------------
[INFO ][2015-12-16 12:33:35,247][com.java.SeleniumDriver] [  822] - Test case being Executed: 5
[INFO ][2015-12-16 12:33:35,247][com.java.SeleniumDriver] [  833] - Test step:23
[INFO ][2015-12-16 12:33:35,247][com.java.SeleniumDriver] [  845] - Datavalue is----------null
[DEBUG][2015-12-16 12:33:35,247][com.java.SeleniumDriver] [  863] - Exception: null
[INFO ][2015-12-16 12:33:35,247][com.java.SeleniumDriver] [  869] - DataField : HDNmenuCopyToBudget
[INFO ][2015-12-16 12:33:35,247][com.java.SeleniumDriver] [  871] - DataValue : 
[INFO ][2015-12-16 12:33:35,247][com.java.SeleniumDriver] [  877] - <In Set values of the page>
[INFO ][2015-12-16 12:33:35,247][com.java.SeleniumDriver] [  880] - {Data Fields & Data Values Exist}
[INFO ][2015-12-16 12:33:35,247][com.java.SeleniumDriver] [  882] - --------------------------setting values-----------------------------
[INFO ][2015-12-16 12:33:35,247][com.java.SeleniumDriver] [  885] - Action Type : CLICK
[INFO ][2015-12-16 12:33:35,247][com.java.TestType] [ 5879] - Field ::HDNmenuCopyToBudget
[INFO ][2015-12-16 12:33:35,247][com.java.TestType] [ 5513] - value = 
[INFO ][2015-12-16 12:33:37,433][com.java.SeleniumDriver] [  894] -  RESULT true
[INFO ][2015-12-16 12:33:37,433][com.java.SeleniumDriver] [ 1100] - ?   P A S S   ?
[INFO ][2015-12-16 12:33:37,433][com.java.SeleniumDriver] [  821] - ------------------------------------------
[INFO ][2015-12-16 12:33:37,433][com.java.SeleniumDriver] [  822] - Test case being Executed: 5
[INFO ][2015-12-16 12:33:37,433][com.java.SeleniumDriver] [  833] - Test step:24
[INFO ][2015-12-16 12:33:37,433][com.java.SeleniumDriver] [  845] - Datavalue is----------2
[INFO ][2015-12-16 12:33:37,433][com.java.SeleniumDriver] [  869] - DataField : null
[INFO ][2015-12-16 12:33:37,433][com.java.SeleniumDriver] [  871] - DataValue : 2
[INFO ][2015-12-16 12:33:37,433][com.java.SeleniumDriver] [  877] - <In Set values of the page>
[INFO ][2015-12-16 12:33:37,433][com.java.SeleniumDriver] [  880] - {Data Fields & Data Values Exist}
[INFO ][2015-12-16 12:33:37,433][com.java.SeleniumDriver] [  882] - --------------------------setting values-----------------------------
[INFO ][2015-12-16 12:33:37,433][com.java.SeleniumDriver] [  885] - Action Type : WAITTIME
[DEBUG][2015-12-16 12:33:37,433][com.java.TestType] [ 5333] - sleepTime: 2000
[INFO ][2015-12-16 12:33:39,433][com.java.SeleniumDriver] [  894] -  RESULT true
[INFO ][2015-12-16 12:33:39,433][com.java.SeleniumDriver] [ 1100] - ?   P A S S   ?
[INFO ][2015-12-16 12:33:39,433][com.java.SeleniumDriver] [  821] - ------------------------------------------
[INFO ][2015-12-16 12:33:39,433][com.java.SeleniumDriver] [  822] - Test case being Executed: 5
[INFO ][2015-12-16 12:33:39,433][com.java.SeleniumDriver] [  833] - Test step:25
[INFO ][2015-12-16 12:33:39,433][com.java.SeleniumDriver] [  845] - Datavalue is----------Copy To Budget
[INFO ][2015-12-16 12:33:39,433][com.java.SeleniumDriver] [  869] - DataField : XPH//span[@id='ui-dialog-title-mdDialog']
[INFO ][2015-12-16 12:33:39,433][com.java.SeleniumDriver] [  871] - DataValue : Copy To Budget
[INFO ][2015-12-16 12:33:39,433][com.java.SeleniumDriver] [  877] - <In Set values of the page>
[INFO ][2015-12-16 12:33:39,433][com.java.SeleniumDriver] [  880] - {Data Fields & Data Values Exist}
[INFO ][2015-12-16 12:33:39,433][com.java.SeleniumDriver] [  882] - --------------------------setting values-----------------------------
[INFO ][2015-12-16 12:33:39,433][com.java.SeleniumDriver] [  885] - Action Type : VERIFY
[INFO ][2015-12-16 12:33:39,433][com.java.TestType] [ 6822] - field= XPH//span[@id='ui-dialog-title-mdDialog'] value= Copy To Budget
[INFO ][2015-12-16 12:33:39,433][com.java.TestType] [ 5513] - value = Copy To Budget
[INFO ][2015-12-16 12:33:39,554][com.java.SeleniumDriver] [  894] -  RESULT true
[INFO ][2015-12-16 12:33:39,554][com.java.SeleniumDriver] [ 1100] - ?   P A S S   ?
[INFO ][2015-12-16 12:33:39,554][com.java.SeleniumDriver] [  821] - ------------------------------------------
[INFO ][2015-12-16 12:33:39,554][com.java.SeleniumDriver] [  822] - Test case being Executed: 5
[INFO ][2015-12-16 12:33:39,554][com.java.SeleniumDriver] [  833] - Test step:26
[INFO ][2015-12-16 12:33:39,554][com.java.SeleniumDriver] [  845] - Datavalue is----------null
[DEBUG][2015-12-16 12:33:39,554][com.java.SeleniumDriver] [  863] - Exception: null
[INFO ][2015-12-16 12:33:39,554][com.java.SeleniumDriver] [  869] - DataField : BTNframeDialogContent
[INFO ][2015-12-16 12:33:39,554][com.java.SeleniumDriver] [  871] - DataValue : 
[INFO ][2015-12-16 12:33:39,554][com.java.SeleniumDriver] [  877] - <In Set values of the page>
[INFO ][2015-12-16 12:33:39,554][com.java.SeleniumDriver] [  880] - {Data Fields & Data Values Exist}
[INFO ][2015-12-16 12:33:39,554][com.java.SeleniumDriver] [  882] - --------------------------setting values-----------------------------
[INFO ][2015-12-16 12:33:39,554][com.java.SeleniumDriver] [  885] - Action Type : SELECTFRAME
[INFO ][2015-12-16 12:33:40,695][com.java.SeleniumDriver] [  894] -  RESULT true
[INFO ][2015-12-16 12:33:40,695][com.java.SeleniumDriver] [ 1100] - ?   P A S S   ?
[INFO ][2015-12-16 12:33:40,695][com.java.SeleniumDriver] [  821] - ------------------------------------------
[INFO ][2015-12-16 12:33:40,695][com.java.SeleniumDriver] [  822] - Test case being Executed: 5
[INFO ][2015-12-16 12:33:40,695][com.java.SeleniumDriver] [  833] - Test step:27
[INFO ][2015-12-16 12:33:40,695][com.java.SeleniumDriver] [  845] - Datavalue is----------index:1
[INFO ][2015-12-16 12:33:40,695][com.java.SeleniumDriver] [  869] - DataField : COBddlBudgetYear
[INFO ][2015-12-16 12:33:40,695][com.java.SeleniumDriver] [  871] - DataValue : index:1
[INFO ][2015-12-16 12:33:40,695][com.java.SeleniumDriver] [  877] - <In Set values of the page>
[INFO ][2015-12-16 12:33:40,695][com.java.SeleniumDriver] [  880] - {Data Fields & Data Values Exist}
[INFO ][2015-12-16 12:33:40,695][com.java.SeleniumDriver] [  882] - --------------------------setting values-----------------------------
[INFO ][2015-12-16 12:33:40,695][com.java.SeleniumDriver] [  885] - Action Type : SELECT
[INFO ][2015-12-16 12:33:40,695][com.java.TestType] [ 5513] - value = 1
[INFO ][2015-12-16 12:33:41,786][com.java.TestType] [ 5631] -  In COB ddlBudgetYear : 1
[INFO ][2015-12-16 12:33:41,926][com.java.SeleniumDriver] [  894] -  RESULT true
[INFO ][2015-12-16 12:33:41,926][com.java.SeleniumDriver] [ 1100] - ?   P A S S   ?
[INFO ][2015-12-16 12:33:41,926][com.java.SeleniumDriver] [  821] - ------------------------------------------
[INFO ][2015-12-16 12:33:41,926][com.java.SeleniumDriver] [  822] - Test case being Executed: 5
[INFO ][2015-12-16 12:33:41,926][com.java.SeleniumDriver] [  833] - Test step:28
[INFO ][2015-12-16 12:33:41,926][com.java.SeleniumDriver] [  845] - Datavalue is----------null
[DEBUG][2015-12-16 12:33:41,926][com.java.SeleniumDriver] [  863] - Exception: null
[INFO ][2015-12-16 12:33:41,926][com.java.SeleniumDriver] [  869] - DataField : HDNbtnCopyToBudget
[INFO ][2015-12-16 12:33:41,926][com.java.SeleniumDriver] [  871] - DataValue : 
[INFO ][2015-12-16 12:33:41,926][com.java.SeleniumDriver] [  877] - <In Set values of the page>
[INFO ][2015-12-16 12:33:41,926][com.java.SeleniumDriver] [  880] - {Data Fields & Data Values Exist}
[INFO ][2015-12-16 12:33:41,926][com.java.SeleniumDriver] [  882] - --------------------------setting values-----------------------------
[INFO ][2015-12-16 12:33:41,926][com.java.SeleniumDriver] [  885] - Action Type : CLICK
[INFO ][2015-12-16 12:33:41,926][com.java.TestType] [ 5879] - Field ::HDNbtnCopyToBudget
[INFO ][2015-12-16 12:33:41,926][com.java.TestType] [ 5513] - value = 
[INFO ][2015-12-16 12:33:44,262][com.java.SeleniumDriver] [  894] -  RESULT true
[INFO ][2015-12-16 12:33:44,262][com.java.SeleniumDriver] [ 1100] - ?   P A S S   ?
[INFO ][2015-12-16 12:33:44,262][com.java.SeleniumDriver] [  821] - ------------------------------------------
[INFO ][2015-12-16 12:33:44,262][com.java.SeleniumDriver] [  822] - Test case being Executed: 5
[INFO ][2015-12-16 12:33:44,262][com.java.SeleniumDriver] [  833] - Test step:29
[INFO ][2015-12-16 12:33:44,262][com.java.SeleniumDriver] [  845] - Datavalue is----------2
[INFO ][2015-12-16 12:33:44,262][com.java.SeleniumDriver] [  869] - DataField : null
[INFO ][2015-12-16 12:33:44,262][com.java.SeleniumDriver] [  871] - DataValue : 2
[INFO ][2015-12-16 12:33:44,262][com.java.SeleniumDriver] [  877] - <In Set values of the page>
[INFO ][2015-12-16 12:33:44,262][com.java.SeleniumDriver] [  880] - {Data Fields & Data Values Exist}
[INFO ][2015-12-16 12:33:44,262][com.java.SeleniumDriver] [  882] - --------------------------setting values-----------------------------
[INFO ][2015-12-16 12:33:44,262][com.java.SeleniumDriver] [  885] - Action Type : WAITTIME
[DEBUG][2015-12-16 12:33:44,262][com.java.TestType] [ 5333] - sleepTime: 2000
[INFO ][2015-12-16 12:33:46,283][com.java.SeleniumDriver] [  894] -  RESULT true
[INFO ][2015-12-16 12:33:46,283][com.java.SeleniumDriver] [ 1100] - ?   P A S S   ?
[INFO ][2015-12-16 12:33:46,283][com.java.SeleniumDriver] [  821] - ------------------------------------------
[INFO ][2015-12-16 12:33:46,283][com.java.SeleniumDriver] [  822] - Test case being Executed: 5
[INFO ][2015-12-16 12:33:46,283][com.java.SeleniumDriver] [  833] - Test step:30
[INFO ][2015-12-16 12:33:46,283][com.java.SeleniumDriver] [  845] - Datavalue is----------null
[DEBUG][2015-12-16 12:33:46,283][com.java.SeleniumDriver] [  863] - Exception: null
[INFO ][2015-12-16 12:33:46,283][com.java.SeleniumDriver] [  869] - DataField : BTNParent
[INFO ][2015-12-16 12:33:46,283][com.java.SeleniumDriver] [  871] - DataValue : 
[INFO ][2015-12-16 12:33:46,283][com.java.SeleniumDriver] [  877] - <In Set values of the page>
[INFO ][2015-12-16 12:33:46,283][com.java.SeleniumDriver] [  880] - {Data Fields & Data Values Exist}
[INFO ][2015-12-16 12:33:46,283][com.java.SeleniumDriver] [  882] - --------------------------setting values-----------------------------
[INFO ][2015-12-16 12:33:46,283][com.java.SeleniumDriver] [  885] - Action Type : SELECTFRAME
[INFO ][2015-12-16 12:33:46,284][com.java.SeleniumDriver] [  894] -  RESULT true
[INFO ][2015-12-16 12:33:46,284][com.java.SeleniumDriver] [ 1100] - ?   P A S S   ?
[INFO ][2015-12-16 12:33:46,284][com.java.SeleniumDriver] [  821] - ------------------------------------------
[INFO ][2015-12-16 12:33:46,284][com.java.SeleniumDriver] [  822] - Test case being Executed: 5
[INFO ][2015-12-16 12:33:46,284][com.java.SeleniumDriver] [  833] - Test step:31
[INFO ][2015-12-16 12:33:46,284][com.java.SeleniumDriver] [  845] - Datavalue is----------Copy To Budget in Progress
[INFO ][2015-12-16 12:33:46,284][com.java.SeleniumDriver] [  869] - DataField : XPH//span[@id='ui-dialog-title-mdDialog']
[INFO ][2015-12-16 12:33:46,284][com.java.SeleniumDriver] [  871] - DataValue : Copy To Budget in Progress
[INFO ][2015-12-16 12:33:46,284][com.java.SeleniumDriver] [  877] - <In Set values of the page>
[INFO ][2015-12-16 12:33:46,284][com.java.SeleniumDriver] [  880] - {Data Fields & Data Values Exist}
[INFO ][2015-12-16 12:33:46,284][com.java.SeleniumDriver] [  882] - --------------------------setting values-----------------------------
[INFO ][2015-12-16 12:33:46,284][com.java.SeleniumDriver] [  885] - Action Type : VERIFY
[INFO ][2015-12-16 12:33:46,284][com.java.TestType] [ 6822] - field= XPH//span[@id='ui-dialog-title-mdDialog'] value= Copy To Budget in Progress
[INFO ][2015-12-16 12:33:46,284][com.java.TestType] [ 5513] - value = Copy To Budget in Progress
[INFO ][2015-12-16 12:33:46,424][com.java.SeleniumDriver] [  894] -  RESULT true
[INFO ][2015-12-16 12:33:46,424][com.java.SeleniumDriver] [ 1100] - ?   P A S S   ?
[INFO ][2015-12-16 12:33:46,424][com.java.SeleniumDriver] [  821] - ------------------------------------------
[INFO ][2015-12-16 12:33:46,424][com.java.SeleniumDriver] [  822] - Test case being Executed: 5
[INFO ][2015-12-16 12:33:46,424][com.java.SeleniumDriver] [  833] - Test step:32
[INFO ][2015-12-16 12:33:46,424][com.java.SeleniumDriver] [  845] - Datavalue is----------null
[DEBUG][2015-12-16 12:33:46,424][com.java.SeleniumDriver] [  863] - Exception: null
[INFO ][2015-12-16 12:33:46,424][com.java.SeleniumDriver] [  869] - DataField : BTNframeDialogContent
[INFO ][2015-12-16 12:33:46,424][com.java.SeleniumDriver] [  871] - DataValue : 
[INFO ][2015-12-16 12:33:46,424][com.java.SeleniumDriver] [  877] - <In Set values of the page>
[INFO ][2015-12-16 12:33:46,424][com.java.SeleniumDriver] [  880] - {Data Fields & Data Values Exist}
[INFO ][2015-12-16 12:33:46,424][com.java.SeleniumDriver] [  882] - --------------------------setting values-----------------------------
[INFO ][2015-12-16 12:33:46,424][com.java.SeleniumDriver] [  885] - Action Type : SELECTFRAME
[INFO ][2015-12-16 12:33:47,565][com.java.SeleniumDriver] [  894] -  RESULT true
[INFO ][2015-12-16 12:33:47,565][com.java.SeleniumDriver] [ 1100] - ?   P A S S   ?
[INFO ][2015-12-16 12:33:47,565][com.java.SeleniumDriver] [  821] - ------------------------------------------
[INFO ][2015-12-16 12:33:47,565][com.java.SeleniumDriver] [  822] - Test case being Executed: 5
[INFO ][2015-12-16 12:33:47,565][com.java.SeleniumDriver] [  833] - Test step:33
[INFO ][2015-12-16 12:33:47,565][com.java.SeleniumDriver] [  845] - Datavalue is----------Your project is now being processed.
[INFO ][2015-12-16 12:33:47,565][com.java.SeleniumDriver] [  869] - DataField : XPH//td[@id='lblEmail']
[INFO ][2015-12-16 12:33:47,565][com.java.SeleniumDriver] [  871] - DataValue : Your project is now being processed.
[INFO ][2015-12-16 12:33:47,565][com.java.SeleniumDriver] [  877] - <In Set values of the page>
[INFO ][2015-12-16 12:33:47,565][com.java.SeleniumDriver] [  880] - {Data Fields & Data Values Exist}
[INFO ][2015-12-16 12:33:47,565][com.java.SeleniumDriver] [  882] - --------------------------setting values-----------------------------
[INFO ][2015-12-16 12:33:47,565][com.java.SeleniumDriver] [  885] - Action Type : VERIFY
[INFO ][2015-12-16 12:33:47,565][com.java.TestType] [ 6822] - field= XPH//td[@id='lblEmail'] value= Your project is now being processed.
[INFO ][2015-12-16 12:33:47,565][com.java.TestType] [ 5513] - value = Your project is now being processed.
[INFO ][2015-12-16 12:33:47,655][com.java.SeleniumDriver] [  894] -  RESULT true
[INFO ][2015-12-16 12:33:47,655][com.java.SeleniumDriver] [ 1100] - ?   P A S S   ?
[INFO ][2015-12-16 12:33:47,655][com.java.SeleniumDriver] [  821] - ------------------------------------------
[INFO ][2015-12-16 12:33:47,655][com.java.SeleniumDriver] [  822] - Test case being Executed: 5
[INFO ][2015-12-16 12:33:47,655][com.java.SeleniumDriver] [  833] - Test step:34
[INFO ][2015-12-16 12:33:47,655][com.java.SeleniumDriver] [  845] - Datavalue is----------null
[DEBUG][2015-12-16 12:33:47,655][com.java.SeleniumDriver] [  863] - Exception: null
[INFO ][2015-12-16 12:33:47,655][com.java.SeleniumDriver] [  869] - DataField : HDNbtnClose
[INFO ][2015-12-16 12:33:47,655][com.java.SeleniumDriver] [  871] - DataValue : 
[INFO ][2015-12-16 12:33:47,655][com.java.SeleniumDriver] [  877] - <In Set values of the page>
[INFO ][2015-12-16 12:33:47,655][com.java.SeleniumDriver] [  880] - {Data Fields & Data Values Exist}
[INFO ][2015-12-16 12:33:47,655][com.java.SeleniumDriver] [  882] - --------------------------setting values-----------------------------
[INFO ][2015-12-16 12:33:47,655][com.java.SeleniumDriver] [  885] - Action Type : CLICK
[INFO ][2015-12-16 12:33:47,655][com.java.TestType] [ 5879] - Field ::HDNbtnClose
[INFO ][2015-12-16 12:33:47,655][com.java.TestType] [ 5513] - value = 
[INFO ][2015-12-16 12:33:49,736][com.java.SeleniumDriver] [  894] -  RESULT true
[INFO ][2015-12-16 12:33:49,736][com.java.SeleniumDriver] [ 1100] - ?   P A S S   ?
[INFO ][2015-12-16 12:33:49,736][com.java.SeleniumDriver] [  821] - ------------------------------------------
[INFO ][2015-12-16 12:33:49,736][com.java.SeleniumDriver] [  822] - Test case being Executed: 5
[INFO ][2015-12-16 12:33:49,736][com.java.SeleniumDriver] [  833] - Test step:35
[INFO ][2015-12-16 12:33:49,736][com.java.SeleniumDriver] [  845] - Datavalue is----------null
[DEBUG][2015-12-16 12:33:49,736][com.java.SeleniumDriver] [  863] - Exception: null
[INFO ][2015-12-16 12:33:49,736][com.java.SeleniumDriver] [  869] - DataField : BTNParent
[INFO ][2015-12-16 12:33:49,736][com.java.SeleniumDriver] [  871] - DataValue : 
[INFO ][2015-12-16 12:33:49,736][com.java.SeleniumDriver] [  877] - <In Set values of the page>
[INFO ][2015-12-16 12:33:49,736][com.java.SeleniumDriver] [  880] - {Data Fields & Data Values Exist}
[INFO ][2015-12-16 12:33:49,736][com.java.SeleniumDriver] [  882] - --------------------------setting values-----------------------------
[INFO ][2015-12-16 12:33:49,736][com.java.SeleniumDriver] [  885] - Action Type : SELECTFRAME
[INFO ][2015-12-16 12:33:49,746][com.java.SeleniumDriver] [  894] -  RESULT true
[INFO ][2015-12-16 12:33:49,746][com.java.SeleniumDriver] [ 1100] - ?   P A S S   ?
[INFO ][2015-12-16 12:33:49,746][com.java.SeleniumDriver] [  821] - ------------------------------------------
[INFO ][2015-12-16 12:33:49,746][com.java.SeleniumDriver] [  822] - Test case being Executed: 5
[INFO ][2015-12-16 12:33:49,746][com.java.SeleniumDriver] [  833] - Test step:36
[INFO ][2015-12-16 12:33:49,746][com.java.SeleniumDriver] [  845] - Datavalue is----------null
[DEBUG][2015-12-16 12:33:49,746][com.java.SeleniumDriver] [  863] - Exception: null
[INFO ][2015-12-16 12:33:49,746][com.java.SeleniumDriver] [  869] - DataField : HDNmenuTools
[INFO ][2015-12-16 12:33:49,746][com.java.SeleniumDriver] [  871] - DataValue : 
[INFO ][2015-12-16 12:33:49,746][com.java.SeleniumDriver] [  877] - <In Set values of the page>
[INFO ][2015-12-16 12:33:49,746][com.java.SeleniumDriver] [  880] - {Data Fields & Data Values Exist}
[INFO ][2015-12-16 12:33:49,746][com.java.SeleniumDriver] [  882] - --------------------------setting values-----------------------------
[INFO ][2015-12-16 12:33:49,746][com.java.SeleniumDriver] [  885] - Action Type : CLICK
[INFO ][2015-12-16 12:33:49,746][com.java.TestType] [ 5879] - Field ::HDNmenuTools
[INFO ][2015-12-16 12:33:49,746][com.java.TestType] [ 5513] - value = 
[INFO ][2015-12-16 12:33:51,887][com.java.SeleniumDriver] [  894] -  RESULT true
[INFO ][2015-12-16 12:33:51,887][com.java.SeleniumDriver] [ 1100] - ?   P A S S   ?
[INFO ][2015-12-16 12:33:51,887][com.java.SeleniumDriver] [  821] - ------------------------------------------
[INFO ][2015-12-16 12:33:51,887][com.java.SeleniumDriver] [  822] - Test case being Executed: 5
[INFO ][2015-12-16 12:33:51,887][com.java.SeleniumDriver] [  833] - Test step:37
[INFO ][2015-12-16 12:33:51,887][com.java.SeleniumDriver] [  845] - Datavalue is----------10
[INFO ][2015-12-16 12:33:51,887][com.java.SeleniumDriver] [  869] - DataField : DSPmenuProjectOptions
[INFO ][2015-12-16 12:33:51,887][com.java.SeleniumDriver] [  871] - DataValue : 10
[INFO ][2015-12-16 12:33:51,887][com.java.SeleniumDriver] [  877] - <In Set values of the page>
[INFO ][2015-12-16 12:33:51,887][com.java.SeleniumDriver] [  880] - {Data Fields & Data Values Exist}
[INFO ][2015-12-16 12:33:51,887][com.java.SeleniumDriver] [  882] - --------------------------setting values-----------------------------
[INFO ][2015-12-16 12:33:51,887][com.java.SeleniumDriver] [  885] - Action Type : WAITFORELEMENT
[INFO ][2015-12-16 12:33:53,138][com.java.SeleniumDriver] [  894] -  RESULT true
[INFO ][2015-12-16 12:33:53,138][com.java.SeleniumDriver] [ 1100] - ?   P A S S   ?
[INFO ][2015-12-16 12:33:53,138][com.java.SeleniumDriver] [  821] - ------------------------------------------
[INFO ][2015-12-16 12:33:53,138][com.java.SeleniumDriver] [  822] - Test case being Executed: 5
[INFO ][2015-12-16 12:33:53,138][com.java.SeleniumDriver] [  833] - Test step:38
[INFO ][2015-12-16 12:33:53,138][com.java.SeleniumDriver] [  845] - Datavalue is----------null
[DEBUG][2015-12-16 12:33:53,138][com.java.SeleniumDriver] [  863] - Exception: null
[INFO ][2015-12-16 12:33:53,138][com.java.SeleniumDriver] [  869] - DataField : HDNmenuProjectOptions
[INFO ][2015-12-16 12:33:53,138][com.java.SeleniumDriver] [  871] - DataValue : 
[INFO ][2015-12-16 12:33:53,138][com.java.SeleniumDriver] [  877] - <In Set values of the page>
[INFO ][2015-12-16 12:33:53,138][com.java.SeleniumDriver] [  880] - {Data Fields & Data Values Exist}
[INFO ][2015-12-16 12:33:53,138][com.java.SeleniumDriver] [  882] - --------------------------setting values-----------------------------
[INFO ][2015-12-16 12:33:53,138][com.java.SeleniumDriver] [  885] - Action Type : CLICK
[INFO ][2015-12-16 12:33:53,138][com.java.TestType] [ 5879] - Field ::HDNmenuProjectOptions
[INFO ][2015-12-16 12:33:53,138][com.java.TestType] [ 5513] - value = 
[INFO ][2015-12-16 12:33:55,324][com.java.SeleniumDriver] [  894] -  RESULT true
[INFO ][2015-12-16 12:33:55,324][com.java.SeleniumDriver] [ 1100] - ?   P A S S   ?
[INFO ][2015-12-16 12:33:55,324][com.java.SeleniumDriver] [  821] - ------------------------------------------
[INFO ][2015-12-16 12:33:55,324][com.java.SeleniumDriver] [  822] - Test case being Executed: 5
[INFO ][2015-12-16 12:33:55,324][com.java.SeleniumDriver] [  833] - Test step:39
[INFO ][2015-12-16 12:33:55,324][com.java.SeleniumDriver] [  845] - Datavalue is----------null
[DEBUG][2015-12-16 12:33:55,324][com.java.SeleniumDriver] [  863] - Exception: null
[INFO ][2015-12-16 12:33:55,324][com.java.SeleniumDriver] [  869] - DataField : BTNframeDialogContent
[INFO ][2015-12-16 12:33:55,324][com.java.SeleniumDriver] [  871] - DataValue : 
[INFO ][2015-12-16 12:33:55,324][com.java.SeleniumDriver] [  877] - <In Set values of the page>
[INFO ][2015-12-16 12:33:55,324][com.java.SeleniumDriver] [  880] - {Data Fields & Data Values Exist}
[INFO ][2015-12-16 12:33:55,324][com.java.SeleniumDriver] [  882] - --------------------------setting values-----------------------------
[INFO ][2015-12-16 12:33:55,324][com.java.SeleniumDriver] [  885] - Action Type : SELECTFRAME
[INFO ][2015-12-16 12:33:57,182][com.java.SeleniumDriver] [  894] -  RESULT true
[INFO ][2015-12-16 12:33:57,182][com.java.SeleniumDriver] [ 1100] - ?   P A S S   ?
[INFO ][2015-12-16 12:33:57,182][com.java.SeleniumDriver] [  821] - ------------------------------------------
[INFO ][2015-12-16 12:33:57,182][com.java.SeleniumDriver] [  822] - Test case being Executed: 5
[INFO ][2015-12-16 12:33:57,182][com.java.SeleniumDriver] [  833] - Test step:40
[INFO ][2015-12-16 12:33:57,182][com.java.SeleniumDriver] [  845] - Datavalue is----------10
[INFO ][2015-12-16 12:33:57,182][com.java.SeleniumDriver] [  869] - DataField : DSP//li[text()='Project History']
[INFO ][2015-12-16 12:33:57,182][com.java.SeleniumDriver] [  871] - DataValue : 10
[INFO ][2015-12-16 12:33:57,182][com.java.SeleniumDriver] [  877] - <In Set values of the page>
[INFO ][2015-12-16 12:33:57,182][com.java.SeleniumDriver] [  880] - {Data Fields & Data Values Exist}
[INFO ][2015-12-16 12:33:57,182][com.java.SeleniumDriver] [  882] - --------------------------setting values-----------------------------
[INFO ][2015-12-16 12:33:57,182][com.java.SeleniumDriver] [  885] - Action Type : WAITFORELEMENT
[INFO ][2015-12-16 12:33:57,262][com.java.SeleniumDriver] [  894] -  RESULT true
[INFO ][2015-12-16 12:33:57,262][com.java.SeleniumDriver] [ 1100] - ?   P A S S   ?
[INFO ][2015-12-16 12:33:57,262][com.java.SeleniumDriver] [  821] - ------------------------------------------
[INFO ][2015-12-16 12:33:57,262][com.java.SeleniumDriver] [  822] - Test case being Executed: 5
[INFO ][2015-12-16 12:33:57,262][com.java.SeleniumDriver] [  833] - Test step:41
[INFO ][2015-12-16 12:33:57,262][com.java.SeleniumDriver] [  845] - Datavalue is----------null
[DEBUG][2015-12-16 12:33:57,262][com.java.SeleniumDriver] [  863] - Exception: null
[INFO ][2015-12-16 12:33:57,262][com.java.SeleniumDriver] [  869] - DataField : XPH//li[text()='Project History']
[INFO ][2015-12-16 12:33:57,262][com.java.SeleniumDriver] [  871] - DataValue : 
[INFO ][2015-12-16 12:33:57,262][com.java.SeleniumDriver] [  877] - <In Set values of the page>
[INFO ][2015-12-16 12:33:57,262][com.java.SeleniumDriver] [  880] - {Data Fields & Data Values Exist}
[INFO ][2015-12-16 12:33:57,262][com.java.SeleniumDriver] [  882] - --------------------------setting values-----------------------------
[INFO ][2015-12-16 12:33:57,262][com.java.SeleniumDriver] [  885] - Action Type : CLICK
[INFO ][2015-12-16 12:33:57,262][com.java.TestType] [ 5879] - Field ::XPH//li[text()='Project History']
[INFO ][2015-12-16 12:33:57,262][com.java.TestType] [ 5513] - value = 
[INFO ][2015-12-16 12:33:58,262][com.java.TestType] [ 6016] - BEFORE CLICK
[INFO ][2015-12-16 12:33:58,942][com.java.TestType] [ 6024] - Unable to click the object ProjectHistory
[INFO ][2015-12-16 12:33:58,942][com.java.SeleniumDriver] [  894] -  RESULT true
[INFO ][2015-12-16 12:33:58,942][com.java.SeleniumDriver] [ 1100] - ?   P A S S   ?
[INFO ][2015-12-16 12:33:58,942][com.java.SeleniumDriver] [  821] - ------------------------------------------
[INFO ][2015-12-16 12:33:58,942][com.java.SeleniumDriver] [  822] - Test case being Executed: 5
[INFO ][2015-12-16 12:33:58,942][com.java.SeleniumDriver] [  833] - Test step:42
[INFO ][2015-12-16 12:33:58,942][com.java.SeleniumDriver] [  845] - Datavalue is----------//span[text()='Copy to Budget']
[INFO ][2015-12-16 12:33:58,942][com.java.SeleniumDriver] [  869] - DataField : BTN
[INFO ][2015-12-16 12:33:58,942][com.java.SeleniumDriver] [  871] - DataValue : //span[text()='Copy to Budget']
[INFO ][2015-12-16 12:33:58,942][com.java.SeleniumDriver] [  877] - <In Set values of the page>
[INFO ][2015-12-16 12:33:58,942][com.java.SeleniumDriver] [  880] - {Data Fields & Data Values Exist}
[INFO ][2015-12-16 12:33:58,942][com.java.SeleniumDriver] [  882] - --------------------------setting values-----------------------------
[INFO ][2015-12-16 12:33:58,942][com.java.SeleniumDriver] [  885] - Action Type : VERIFY
[INFO ][2015-12-16 12:33:58,942][com.java.TestType] [ 6822] - field= BTN value= //span[text()='Copy to Budget']
[INFO ][2015-12-16 12:33:58,942][com.java.TestType] [ 5513] - value = //span[text()='Copy to Budget']
[INFO ][2015-12-16 12:33:58,983][com.java.SeleniumDriver] [  894] -  RESULT true
[INFO ][2015-12-16 12:33:58,983][com.java.SeleniumDriver] [ 1100] - ?   P A S S   ?
[INFO ][2015-12-16 12:33:58,983][com.java.SeleniumDriver] [  821] - ------------------------------------------
[INFO ][2015-12-16 12:33:58,983][com.java.SeleniumDriver] [  822] - Test case being Executed: 5
[INFO ][2015-12-16 12:33:58,983][com.java.SeleniumDriver] [  833] - Test step:43
[INFO ][2015-12-16 12:33:58,983][com.java.SeleniumDriver] [  845] - Datavalue is----------null
[DEBUG][2015-12-16 12:33:58,983][com.java.SeleniumDriver] [  863] - Exception: null
[INFO ][2015-12-16 12:33:58,983][com.java.SeleniumDriver] [  869] - DataField : BTNParent
[INFO ][2015-12-16 12:33:58,983][com.java.SeleniumDriver] [  871] - DataValue : 
[INFO ][2015-12-16 12:33:58,983][com.java.SeleniumDriver] [  877] - <In Set values of the page>
[INFO ][2015-12-16 12:33:58,983][com.java.SeleniumDriver] [  880] - {Data Fields & Data Values Exist}
[INFO ][2015-12-16 12:33:58,983][com.java.SeleniumDriver] [  882] - --------------------------setting values-----------------------------
[INFO ][2015-12-16 12:33:58,983][com.java.SeleniumDriver] [  885] - Action Type : SELECTFRAME
[INFO ][2015-12-16 12:33:58,993][com.java.SeleniumDriver] [  894] -  RESULT true
[INFO ][2015-12-16 12:33:58,993][com.java.SeleniumDriver] [ 1100] - ?   P A S S   ?
[INFO ][2015-12-16 12:33:58,993][com.java.SeleniumDriver] [  821] - ------------------------------------------
[INFO ][2015-12-16 12:33:58,993][com.java.SeleniumDriver] [  822] - Test case being Executed: 5
[INFO ][2015-12-16 12:33:58,993][com.java.SeleniumDriver] [  833] - Test step:44
[INFO ][2015-12-16 12:33:58,993][com.java.SeleniumDriver] [  845] - Datavalue is----------Forecasting 
[INFO ][2015-12-16 12:33:58,993][com.java.SeleniumDriver] [  869] - DataField : TTL
[INFO ][2015-12-16 12:33:58,993][com.java.SeleniumDriver] [  871] - DataValue : Forecasting 
[INFO ][2015-12-16 12:33:58,993][com.java.SeleniumDriver] [  877] - <In Set values of the page>
[INFO ][2015-12-16 12:33:58,993][com.java.SeleniumDriver] [  880] - {Data Fields & Data Values Exist}
[INFO ][2015-12-16 12:33:58,993][com.java.SeleniumDriver] [  882] - --------------------------setting values-----------------------------
[INFO ][2015-12-16 12:33:58,993][com.java.SeleniumDriver] [  885] - Action Type : CLOSEWINDOW
[INFO ][2015-12-16 12:33:59,283][com.java.SeleniumDriver] [  894] -  RESULT true
[INFO ][2015-12-16 12:33:59,283][com.java.SeleniumDriver] [ 1100] - ?   P A S S   ?
[INFO ][2015-12-16 12:33:59,283][com.java.SeleniumDriver] [  821] - ------------------------------------------
[INFO ][2015-12-16 12:33:59,283][com.java.SeleniumDriver] [  822] - Test case being Executed: 5
[INFO ][2015-12-16 12:33:59,283][com.java.SeleniumDriver] [  833] - Test step:45
[INFO ][2015-12-16 12:33:59,283][com.java.SeleniumDriver] [  845] - Datavalue is----------Banker'sDashboard
[INFO ][2015-12-16 12:33:59,283][com.java.SeleniumDriver] [  869] - DataField : TTL
[INFO ][2015-12-16 12:33:59,283][com.java.SeleniumDriver] [  871] - DataValue : Banker'sDashboard
[INFO ][2015-12-16 12:33:59,283][com.java.SeleniumDriver] [  877] - <In Set values of the page>
[INFO ][2015-12-16 12:33:59,283][com.java.SeleniumDriver] [  880] - {Data Fields & Data Values Exist}
[INFO ][2015-12-16 12:33:59,283][com.java.SeleniumDriver] [  882] - --------------------------setting values-----------------------------
[INFO ][2015-12-16 12:33:59,283][com.java.SeleniumDriver] [  885] - Action Type : SelectWindow
[INFO ][2015-12-16 12:34:11,424][com.java.SeleniumDriver] [  894] -  RESULT true
[INFO ][2015-12-16 12:34:11,434][com.java.SeleniumDriver] [ 1100] - ?   P A S S   ?
[INFO ][2015-12-16 12:34:11,434][com.java.SeleniumDriver] [  821] - ------------------------------------------
[INFO ][2015-12-16 12:34:11,434][com.java.SeleniumDriver] [  822] - Test case being Executed: 5
[INFO ][2015-12-16 12:34:11,434][com.java.SeleniumDriver] [  833] - Test step:46
[INFO ][2015-12-16 12:34:11,434][com.java.SeleniumDriver] [  845] - Datavalue is----------1
[INFO ][2015-12-16 12:34:11,434][com.java.SeleniumDriver] [  869] - DataField : null
[INFO ][2015-12-16 12:34:11,434][com.java.SeleniumDriver] [  871] - DataValue : 1
[INFO ][2015-12-16 12:34:11,434][com.java.SeleniumDriver] [  877] - <In Set values of the page>
[INFO ][2015-12-16 12:34:11,434][com.java.SeleniumDriver] [  880] - {Data Fields & Data Values Exist}
[INFO ][2015-12-16 12:34:11,434][com.java.SeleniumDriver] [  882] - --------------------------setting values-----------------------------
[INFO ][2015-12-16 12:34:11,434][com.java.SeleniumDriver] [  885] - Action Type : WAITTIME
[DEBUG][2015-12-16 12:34:11,434][com.java.TestType] [ 5333] - sleepTime: 1000
[INFO ][2015-12-16 12:34:12,434][com.java.SeleniumDriver] [  894] -  RESULT true
[INFO ][2015-12-16 12:34:12,434][com.java.SeleniumDriver] [ 1100] - ?   P A S S   ?
[DEBUG][2015-12-16 12:34:12,434][com.java.SeleniumDriver] [ 1212] - Case found
[DEBUG][2015-12-16 12:34:12,434][com.java.SeleniumDriver] [ 1217] - Incrementing ReportCounters[0]:4
[INFO ][2015-12-16 12:34:12,434][com.java.SeleniumDriver] [ 1236] - The results are-------------------[5, 1, Copy to Budget, Pass, , Wed Dec 16 12:32:28 IST 2015, 5, 3, Copy to Budget, Pass, , Wed Dec 16 12:32:33 IST 2015, 5, 4, Copy to Budget, Pass, , Wed Dec 16 12:32:33 IST 2015, 5, 5, Copy to Budget, Pass, , Wed Dec 16 12:32:33 IST 2015, 5, 6, Copy to Budget, Pass, , Wed Dec 16 12:32:53 IST 2015, 5, 7, Copy to Budget, Pass, , Wed Dec 16 12:32:58 IST 2015, 5, 8, Copy to Budget, Pass, , Wed Dec 16 12:33:11 IST 2015, 5, 9, Copy to Budget, Pass, , Wed Dec 16 12:33:11 IST 2015, 5, 10, Copy to Budget, Pass, , Wed Dec 16 12:33:11 IST 2015, 5, 11, Copy to Budget, Pass, , Wed Dec 16 12:33:12 IST 2015, 5, 12, Copy to Budget, Pass, , Wed Dec 16 12:33:13 IST 2015, 5, 13, Copy to Budget, Pass, , Wed Dec 16 12:33:14 IST 2015, 5, 14, Copy to Budget, Pass, , Wed Dec 16 12:33:16 IST 2015, 5, 15, Copy to Budget, Pass, , Wed Dec 16 12:33:19 IST 2015, 5, 16, Copy to Budget, Pass, , Wed Dec 16 12:33:21 IST 2015, 5, 17, Copy to Budget, Pass, , Wed Dec 16 12:33:21 IST 2015, 5, 18, Copy to Budget, Pass, , Wed Dec 16 12:33:21 IST 2015, 5, 19, Copy to Budget, Pass, , Wed Dec 16 12:33:31 IST 2015, 5, 20, Copy to Budget, Pass, , Wed Dec 16 12:33:31 IST 2015, 5, 21, Copy to Budget, Pass, , Wed Dec 16 12:33:34 IST 2015, 5, 22, Copy to Budget, Pass, , Wed Dec 16 12:33:35 IST 2015, 5, 23, Copy to Budget, Pass, , Wed Dec 16 12:33:37 IST 2015, 5, 24, Copy to Budget, Pass, , Wed Dec 16 12:33:39 IST 2015, 5, 25, Copy to Budget, Pass, , Wed Dec 16 12:33:39 IST 2015, 5, 26, Copy to Budget, Pass, , Wed Dec 16 12:33:40 IST 2015, 5, 27, Copy to Budget, Pass, , Wed Dec 16 12:33:41 IST 2015, 5, 28, Copy to Budget, Pass, , Wed Dec 16 12:33:44 IST 2015, 5, 29, Copy to Budget, Pass, , Wed Dec 16 12:33:46 IST 2015, 5, 30, Copy to Budget, Pass, , Wed Dec 16 12:33:46 IST 2015, 5, 31, Copy to Budget, Pass, , Wed Dec 16 12:33:46 IST 2015, 5, 32, Copy to Budget, Pass, , Wed Dec 16 12:33:47 IST 2015, 5, 33, Copy to Budget, Pass, , Wed Dec 16 12:33:47 IST 2015, 5, 34, Copy to Budget, Pass, , Wed Dec 16 12:33:49 IST 2015, 5, 35, Copy to Budget, Pass, , Wed Dec 16 12:33:49 IST 2015, 5, 36, Copy to Budget, Pass, , Wed Dec 16 12:33:51 IST 2015, 5, 37, Copy to Budget, Pass, , Wed Dec 16 12:33:53 IST 2015, 5, 38, Copy to Budget, Pass, , Wed Dec 16 12:33:55 IST 2015, 5, 39, Copy to Budget, Pass, , Wed Dec 16 12:33:57 IST 2015, 5, 40, Copy to Budget, Pass, , Wed Dec 16 12:33:57 IST 2015, 5, 41, Copy to Budget, Pass, , Wed Dec 16 12:33:58 IST 2015, 5, 42, Copy to Budget, Pass, , Wed Dec 16 12:33:58 IST 2015, 5, 43, Copy to Budget, Pass, , Wed Dec 16 12:33:58 IST 2015, 5, 44, Copy to Budget, Pass, , Wed Dec 16 12:33:59 IST 2015, 5, 45, Copy to Budget, Pass, , Wed Dec 16 12:34:11 IST 2015, 5, 46, Copy to Budget, Pass, , Wed Dec 16 12:34:12 IST 2015]
[INFO ][2015-12-16 12:34:12,434][com.java.SeleniumDriver] [ 1240] - End time is-------6 min 2 sec
[INFO ][2015-12-16 12:34:12,434][com.java.SeleniumDriver] [ 1241] - The results are-------------------[5, 1, Copy to Budget, Pass, , Wed Dec 16 12:32:28 IST 2015, 5, 3, Copy to Budget, Pass, , Wed Dec 16 12:32:33 IST 2015, 5, 4, Copy to Budget, Pass, , Wed Dec 16 12:32:33 IST 2015, 5, 5, Copy to Budget, Pass, , Wed Dec 16 12:32:33 IST 2015, 5, 6, Copy to Budget, Pass, , Wed Dec 16 12:32:53 IST 2015, 5, 7, Copy to Budget, Pass, , Wed Dec 16 12:32:58 IST 2015, 5, 8, Copy to Budget, Pass, , Wed Dec 16 12:33:11 IST 2015, 5, 9, Copy to Budget, Pass, , Wed Dec 16 12:33:11 IST 2015, 5, 10, Copy to Budget, Pass, , Wed Dec 16 12:33:11 IST 2015, 5, 11, Copy to Budget, Pass, , Wed Dec 16 12:33:12 IST 2015, 5, 12, Copy to Budget, Pass, , Wed Dec 16 12:33:13 IST 2015, 5, 13, Copy to Budget, Pass, , Wed Dec 16 12:33:14 IST 2015, 5, 14, Copy to Budget, Pass, , Wed Dec 16 12:33:16 IST 2015, 5, 15, Copy to Budget, Pass, , Wed Dec 16 12:33:19 IST 2015, 5, 16, Copy to Budget, Pass, , Wed Dec 16 12:33:21 IST 2015, 5, 17, Copy to Budget, Pass, , Wed Dec 16 12:33:21 IST 2015, 5, 18, Copy to Budget, Pass, , Wed Dec 16 12:33:21 IST 2015, 5, 19, Copy to Budget, Pass, , Wed Dec 16 12:33:31 IST 2015, 5, 20, Copy to Budget, Pass, , Wed Dec 16 12:33:31 IST 2015, 5, 21, Copy to Budget, Pass, , Wed Dec 16 12:33:34 IST 2015, 5, 22, Copy to Budget, Pass, , Wed Dec 16 12:33:35 IST 2015, 5, 23, Copy to Budget, Pass, , Wed Dec 16 12:33:37 IST 2015, 5, 24, Copy to Budget, Pass, , Wed Dec 16 12:33:39 IST 2015, 5, 25, Copy to Budget, Pass, , Wed Dec 16 12:33:39 IST 2015, 5, 26, Copy to Budget, Pass, , Wed Dec 16 12:33:40 IST 2015, 5, 27, Copy to Budget, Pass, , Wed Dec 16 12:33:41 IST 2015, 5, 28, Copy to Budget, Pass, , Wed Dec 16 12:33:44 IST 2015, 5, 29, Copy to Budget, Pass, , Wed Dec 16 12:33:46 IST 2015, 5, 30, Copy to Budget, Pass, , Wed Dec 16 12:33:46 IST 2015, 5, 31, Copy to Budget, Pass, , Wed Dec 16 12:33:46 IST 2015, 5, 32, Copy to Budget, Pass, , Wed Dec 16 12:33:47 IST 2015, 5, 33, Copy to Budget, Pass, , Wed Dec 16 12:33:47 IST 2015, 5, 34, Copy to Budget, Pass, , Wed Dec 16 12:33:49 IST 2015, 5, 35, Copy to Budget, Pass, , Wed Dec 16 12:33:49 IST 2015, 5, 36, Copy to Budget, Pass, , Wed Dec 16 12:33:51 IST 2015, 5, 37, Copy to Budget, Pass, , Wed Dec 16 12:33:53 IST 2015, 5, 38, Copy to Budget, Pass, , Wed Dec 16 12:33:55 IST 2015, 5, 39, Copy to Budget, Pass, , Wed Dec 16 12:33:57 IST 2015, 5, 40, Copy to Budget, Pass, , Wed Dec 16 12:33:57 IST 2015, 5, 41, Copy to Budget, Pass, , Wed Dec 16 12:33:58 IST 2015, 5, 42, Copy to Budget, Pass, , Wed Dec 16 12:33:58 IST 2015, 5, 43, Copy to Budget, Pass, , Wed Dec 16 12:33:58 IST 2015, 5, 44, Copy to Budget, Pass, , Wed Dec 16 12:33:59 IST 2015, 5, 45, Copy to Budget, Pass, , Wed Dec 16 12:34:11 IST 2015, 5, 46, Copy to Budget, Pass, , Wed Dec 16 12:34:12 IST 2015]
[DEBUG][2015-12-16 12:34:12,434][com.java.ImportnExport.ExportTestResultsExcel] [  222] - testResultPath = D:\BankersDashboard/TestReports/Test Results_BankersDashBoard_121615_122812_IE10_Any Bank USA.xls
[DEBUG][2015-12-16 12:34:12,434][com.java.ImportnExport.ExportTestResultsExcel] [  223] - browser is------------IE10
[DEBUG][2015-12-16 12:34:12,434][com.java.ImportnExport.ExportTestResultsExcel] [  270] - result.size() = 270
[DEBUG][2015-12-16 12:34:12,434][com.java.ImportnExport.ExportTestResultsExcel] [  274] - No of rows in sheet=4
[DEBUG][2015-12-16 12:34:12,434][com.java.ImportnExport.ExportTestResultsExcel] [  301] - ..in export..5
[DEBUG][2015-12-16 12:34:12,434][com.java.ImportnExport.ExportTestResultsExcel] [  301] - ..in export..Copy to Budget
[DEBUG][2015-12-16 12:34:12,434][com.java.ImportnExport.ExportTestResultsExcel] [  301] - ..in export..Pass
[DEBUG][2015-12-16 12:34:12,434][com.java.ImportnExport.ExportTestResultsExcel] [  301] - ..in export..
[DEBUG][2015-12-16 12:34:12,434][com.java.ImportnExport.ExportTestResultsExcel] [  301] - ..in export..Wed Dec 16 12:32:28 IST 2015
[INFO ][2015-12-16 12:34:12,434][com.java.SeleniumDriver] [ 1299] - out loop:3 size:4 TestCases:[1, 3, 4, 5] testcases:[1, 3, 4, 5]
[INFO ][2015-12-16 12:34:14,435][com.java.SeleniumDriver] [ 1342] - Total Number of Cases:4
[INFO ][2015-12-16 12:34:14,435][com.java.TemplateGenerator] [  302] - Executed:4
[INFO ][2015-12-16 12:34:14,435][com.java.TemplateGenerator] [  303] - Passed:4
[INFO ][2015-12-16 12:34:14,435][com.java.TemplateGenerator] [  304] - Failed:0
[INFO ][2015-12-16 12:34:14,435][com.java.TemplateGenerator] [  305] - Skipeed:0
[INFO ][2015-12-16 12:34:14,435][com.java.TemplateGenerator] [  306] - Application URL:https://clients-xuat.bankersdashboard.com
[INFO ][2015-12-16 12:34:14,435][com.java.TemplateGenerator] [  307] - Start Time:121615_122812
[INFO ][2015-12-16 12:34:14,435][com.java.TemplateGenerator] [  308] -  Creating HTML Report 
[ERROR][2015-12-16 12:34:14,435][com.java.TemplateGenerator] [  409] - Unparseable date: "Wed Dec 16 12:28:12 IST 2015"
[INFO ][2015-12-16 12:34:14,435][com.java.TemplateGenerator] [  654] -  Exporting case :: 1
[INFO ][2015-12-16 12:34:14,435][com.java.TemplateGenerator] [  654] -  Exporting case :: 3
[INFO ][2015-12-16 12:34:14,435][com.java.TemplateGenerator] [  654] -  Exporting case :: 4
[INFO ][2015-12-16 12:34:14,435][com.java.TemplateGenerator] [  654] -  Exporting case :: 5
[INFO ][2015-12-16 12:34:14,435][com.java.SeleniumDriver] [ 1391] - End Time:121615_123414
[INFO ][2015-12-16 12:34:14,435][com.java.SeleniumDriver] [ 1394] - Data in Test Execution Details:{1=PASS, 3=PASS, 4=PASS, 5=PASS}
[INFO ][2015-12-16 12:34:14,435][com.java.SeleniumDriver] [ 1395] - Data in Failed Execution Deatils:{}
[INFO ][2015-12-16 12:34:14,435][com.java.SeleniumDriver] [ 1397] - ReportCounter:Total:4 :: PASS: 4 ::FAIL: 0
[INFO ][2015-12-16 12:34:14,435][com.java.SeleniumDriver] [ 1398] - FailedReportCounter:Total:0 :: PASS: 0 ::FAIL: 0
[INFO ][2015-12-16 12:34:14,445][com.java.EmailTestReport] [   63] - Sending report mail details:
[INFO ][2015-12-16 12:34:14,445][com.java.EmailTestReport] [   80] - Excel Report Path:D:\BankersDashboard/TestReports/Test Results_BankersDashBoard_121615_122812_IE10_Any Bank USA.xls
[INFO ][2015-12-16 12:34:14,445][com.java.EmailTestReport] [   81] - HTML Report Path:D:\BankersDashboard//TestReports//Test Results_BankersDashBoard_121615_122812_IE10_Any Bank USA.html
[INFO ][2015-12-16 12:34:14,445][com.java.EmailTestReport] [   82] - smtpHostName:mail01.valuelabs.com
[INFO ][2015-12-16 12:34:14,445][com.java.EmailTestReport] [   83] - Recipient:venkateswararao.gubbala@valuelabs.com;
[INFO ][2015-12-16 12:34:14,445][com.java.EmailTestReport] [   84] - From:venkateswararao.gubbala@valuelabs.com;
[INFO ][2015-12-16 12:34:14,445][com.java.EmailTestReport] [   85] - Subject:Deluxe Corp Bankers Dashboard Automation Test Report - Any Bank USA - IE10
[INFO ][2015-12-16 12:34:14,456][com.java.EmailTestReport] [  143] -  Added venkateswararao.gubbala@valuelabs.com
[INFO ][2015-12-16 12:34:17,826][com.java.SeleniumDriver] [  720] - quitting the browser 
[INFO ][2015-12-16 12:34:19,024][com.java.SeleniumDriver] [  264] - Execution Completed Stopping the thread
