[INFO ][2016-01-12 19:59:10,919][com.java.SeleniumDriver] [  213] - Execute Failed Casesfalse
[INFO ][2016-01-12 19:59:10,919][com.java.SeleniumDriver] [  214] - Browser: IE10
[INFO ][2016-01-12 19:59:10,919][com.java.SeleniumDriver] [  215] - [1, 12]
[INFO ][2016-01-12 19:59:10,919][com.java.SeleniumDriver] [  216] - Total TestCases:2
[INFO ][2016-01-12 19:59:10,919][com.java.SeleniumDriver] [  217] -  Reading Properties from Property File 
[DEBUG][2016-01-12 19:59:10,919][com.java.SeleniumDriver] [  238] - url : https://clients-xuat.bankersdashboard.com
[INFO ][2016-01-12 19:59:10,919][com.java.ImportnExport.ExportTestResultsExcel] [  116] - Time Stamp Tue Jan 12 07:59:10 IST 2016
[INFO ][2016-01-12 19:59:10,919][com.java.ImportnExport.ExportTestResultsExcel] [  175] - OUT FILE : D:\BankersDashboard/TestReports/Test Results_BankersDashBoard_011216_195910_IE10_Bank of North Carolina.xls
[INFO ][2016-01-12 19:59:10,960][com.java.ImportnExport.ExportTestResultsExcel] [  180] - Test Result file is created
[DEBUG][2016-01-12 19:59:11,070][com.java.SeleniumDriver] [  426] - Hub ip address is-------172.17.68.34
[INFO ][2016-01-12 19:59:11,070][com.java.SeleniumDriver] [  452] - Grid URL:http://172.17.68.34:4444/wd/hub
[INFO ][2016-01-12 19:59:11,070][com.java.SeleniumDriver] [  453] - Capability:Capabilities [{platform=ANY, ensureCleanSession=true, ignoreProtectedModeSettings=true, acceptSslCerts=true, ignoreZoomSetting=true, browserName=internet explorer, browserstack.ie.noFlash=true, version=null}]
[ERROR][2016-01-12 19:59:12,430][com.java.SeleniumDriver] [  498] - Unable invoke browser in grid:Could not start a new session. Possible causes are invalid address of the remote server or browser start-up failure.
Build info: version: '2.48.2', revision: '41bccdd', time: '2015-10-09 19:59:12'
System info: host: 'FVTIII438F1D', ip: '172.17.68.34', os.name: 'Windows 7', os.arch: 'x86', os.version: '6.1', java.version: '1.7.0_55'
Driver info: driver.version: SeleniumDriver
[INFO ][2016-01-12 19:59:12,430][com.java.SeleniumDriver] [  500] - Executing on local machine
[INFO ][2016-01-12 19:59:22,887][com.java.SeleniumDriver] [  248] - IE10is opened
[INFO ][2016-01-12 19:59:23,717][com.java.SeleniumDriver] [  756] - Test cases to be executed are: [1, 12]
[INFO ][2016-01-12 19:59:23,778][com.java.ImportnExport.ImportTestDataDetailsExcel] [   49] - test data details path===== D:\BankersDashboard\TestInputs\TestData.xls
[INFO ][2016-01-12 19:59:23,868][com.java.SeleniumDriver] [  856] - ------------------------------------------
[INFO ][2016-01-12 19:59:23,868][com.java.SeleniumDriver] [  857] - Test case being Executed: 1
[INFO ][2016-01-12 19:59:23,868][com.java.SeleniumDriver] [  869] - Test step:1
[INFO ][2016-01-12 19:59:23,868][com.java.SeleniumDriver] [  881] - Datavalue is----------Concept#1:1-16
[INFO ][2016-01-12 19:59:23,868][com.java.SeleniumDriver] [  905] - DataField : test
[INFO ][2016-01-12 19:59:23,868][com.java.SeleniumDriver] [  907] - DataValue : Concept#1:1-16
[INFO ][2016-01-12 19:59:23,868][com.java.SeleniumDriver] [  913] - <In Set values of the page>
[INFO ][2016-01-12 19:59:23,868][com.java.SeleniumDriver] [  916] - {Data Fields & Data Values Exist}
[INFO ][2016-01-12 19:59:23,868][com.java.SeleniumDriver] [  918] - --------------------------setting values-----------------------------
[INFO ][2016-01-12 19:59:23,868][com.java.SeleniumDriver] [  921] - Action Type : ExecuteTestCase
[INFO ][2016-01-12 19:59:23,898][com.java.TestType] [  437] - The Concept sheet name is ---------- Concept
[INFO ][2016-01-12 19:59:23,898][com.java.TestType] [  440] - The Concept ID  is ---------- 1
[DEBUG][2016-01-12 19:59:23,898][com.java.TestType] [  444] - Steps being executted in the Concept are: 1:16
[INFO ][2016-01-12 19:59:23,898][com.java.TestType] [  451] - Test data details path ---------- D:\BankersDashboard\TestInputs\TestData.xls
[INFO ][2016-01-12 19:59:23,948][com.java.TestType] [  482] -  str(1) = 1
[INFO ][2016-01-12 19:59:23,948][com.java.TestType] [  485] - Test case Id is---1
[INFO ][2016-01-12 19:59:23,948][com.java.TestType] [  487] - 1
[INFO ][2016-01-12 19:59:23,948][com.java.TestType] [  482] -  str(2) = 1
[INFO ][2016-01-12 19:59:23,948][com.java.TestType] [  482] -  str(1) = 1
[INFO ][2016-01-12 19:59:23,948][com.java.TestType] [  485] - Test case Id is---1
[INFO ][2016-01-12 19:59:23,948][com.java.TestType] [  487] - 1
[INFO ][2016-01-12 19:59:23,948][com.java.TestType] [  482] -  str(2) = 2
[INFO ][2016-01-12 19:59:23,948][com.java.TestType] [  482] -  str(1) = 1
[INFO ][2016-01-12 19:59:23,948][com.java.TestType] [  485] - Test case Id is---1
[INFO ][2016-01-12 19:59:23,948][com.java.TestType] [  487] - 1
[INFO ][2016-01-12 19:59:23,948][com.java.TestType] [  482] -  str(2) = 3
[INFO ][2016-01-12 19:59:23,958][com.java.TestType] [  482] -  str(1) = 1
[INFO ][2016-01-12 19:59:23,958][com.java.TestType] [  485] - Test case Id is---1
[INFO ][2016-01-12 19:59:23,958][com.java.TestType] [  487] - 1
[INFO ][2016-01-12 19:59:23,958][com.java.TestType] [  482] -  str(2) = 4
[INFO ][2016-01-12 19:59:23,958][com.java.TestType] [  482] -  str(1) = 1
[INFO ][2016-01-12 19:59:23,958][com.java.TestType] [  485] - Test case Id is---1
[INFO ][2016-01-12 19:59:23,958][com.java.TestType] [  487] - 1
[INFO ][2016-01-12 19:59:23,958][com.java.TestType] [  482] -  str(2) = 5
[INFO ][2016-01-12 19:59:23,958][com.java.TestType] [  482] -  str(1) = 1
[INFO ][2016-01-12 19:59:23,958][com.java.TestType] [  485] - Test case Id is---1
[INFO ][2016-01-12 19:59:23,958][com.java.TestType] [  487] - 1
[INFO ][2016-01-12 19:59:23,958][com.java.TestType] [  482] -  str(2) = 6
[INFO ][2016-01-12 19:59:23,958][com.java.TestType] [  482] -  str(1) = 1
[INFO ][2016-01-12 19:59:23,958][com.java.TestType] [  485] - Test case Id is---1
[INFO ][2016-01-12 19:59:23,958][com.java.TestType] [  487] - 1
[INFO ][2016-01-12 19:59:23,958][com.java.TestType] [  482] -  str(2) = 7
[INFO ][2016-01-12 19:59:23,958][com.java.TestType] [  482] -  str(1) = 1
[INFO ][2016-01-12 19:59:23,958][com.java.TestType] [  485] - Test case Id is---1
[INFO ][2016-01-12 19:59:23,958][com.java.TestType] [  487] - 1
[INFO ][2016-01-12 19:59:23,958][com.java.TestType] [  482] -  str(2) = 8
[INFO ][2016-01-12 19:59:23,958][com.java.TestType] [  482] -  str(1) = 1
[INFO ][2016-01-12 19:59:23,958][com.java.TestType] [  485] - Test case Id is---1
[INFO ][2016-01-12 19:59:23,958][com.java.TestType] [  487] - 1
[INFO ][2016-01-12 19:59:23,958][com.java.TestType] [  482] -  str(2) = 9
[INFO ][2016-01-12 19:59:23,958][com.java.TestType] [  482] -  str(1) = 1
[INFO ][2016-01-12 19:59:23,958][com.java.TestType] [  485] - Test case Id is---1
[INFO ][2016-01-12 19:59:23,958][com.java.TestType] [  487] - 1
[INFO ][2016-01-12 19:59:23,958][com.java.TestType] [  482] -  str(2) = 10
[INFO ][2016-01-12 19:59:23,958][com.java.TestType] [  482] -  str(1) = 1
[INFO ][2016-01-12 19:59:23,958][com.java.TestType] [  485] - Test case Id is---1
[INFO ][2016-01-12 19:59:23,958][com.java.TestType] [  487] - 1
[INFO ][2016-01-12 19:59:23,958][com.java.TestType] [  482] -  str(2) = 11
[INFO ][2016-01-12 19:59:23,958][com.java.TestType] [  482] -  str(1) = 1
[INFO ][2016-01-12 19:59:23,958][com.java.TestType] [  485] - Test case Id is---1
[INFO ][2016-01-12 19:59:23,958][com.java.TestType] [  487] - 1
[INFO ][2016-01-12 19:59:23,958][com.java.TestType] [  482] -  str(2) = 12
[INFO ][2016-01-12 19:59:23,968][com.java.TestType] [  482] -  str(1) = 1
[INFO ][2016-01-12 19:59:23,968][com.java.TestType] [  485] - Test case Id is---1
[INFO ][2016-01-12 19:59:23,968][com.java.TestType] [  487] - 1
[INFO ][2016-01-12 19:59:23,968][com.java.TestType] [  482] -  str(2) = 13
[INFO ][2016-01-12 19:59:23,968][com.java.TestType] [  482] -  str(1) = 1
[INFO ][2016-01-12 19:59:23,968][com.java.TestType] [  485] - Test case Id is---1
[INFO ][2016-01-12 19:59:23,968][com.java.TestType] [  487] - 1
[INFO ][2016-01-12 19:59:23,968][com.java.TestType] [  482] -  str(2) = 14
[INFO ][2016-01-12 19:59:23,968][com.java.TestType] [  482] -  str(1) = 1
[INFO ][2016-01-12 19:59:23,968][com.java.TestType] [  485] - Test case Id is---1
[INFO ][2016-01-12 19:59:23,968][com.java.TestType] [  487] - 1
[INFO ][2016-01-12 19:59:23,968][com.java.TestType] [  482] -  str(2) = 15
[INFO ][2016-01-12 19:59:23,968][com.java.TestType] [  482] -  str(1) = 1
[INFO ][2016-01-12 19:59:23,968][com.java.TestType] [  485] - Test case Id is---1
[INFO ][2016-01-12 19:59:23,968][com.java.TestType] [  487] - 1
[INFO ][2016-01-12 19:59:23,968][com.java.TestType] [  482] -  str(2) = 16
[INFO ][2016-01-12 19:59:23,968][com.java.TestType] [11196] - Looping 1TCID = 1
[DEBUG][2016-01-12 19:59:23,968][com.java.TestType] [11237] - Concept ID:1 :: Step being Executed: 1::1
[INFO ][2016-01-12 19:59:23,968][com.java.TestType] [11275] - dataFields : TXTusername
[DEBUG][2016-01-12 19:59:23,968][com.java.TestType] [11281] - <In Set values of the page>
[DEBUG][2016-01-12 19:59:23,968][com.java.TestType] [11286] - {Data Fields & Data Values Exist}
[INFO ][2016-01-12 19:59:23,968][com.java.TestType] [11292] - --------------------------setting values-----------------------------
[INFO ][2016-01-12 19:59:23,968][com.java.TestType] [11295] - Action Type : CLEARANDENTER
[INFO ][2016-01-12 19:59:23,968][com.java.TestType] [ 6136] - value = valuelabs.ie10.33527
[INFO ][2016-01-12 19:59:28,687][com.java.TestType] [11314] -  RESULT true
[INFO ][2016-01-12 19:59:28,687][com.java.TestType] [11431] - ?   P A S S   ?
[DEBUG][2016-01-12 19:59:28,687][com.java.TestType] [11237] - Concept ID:1 :: Step being Executed: 1::2
[INFO ][2016-01-12 19:59:28,687][com.java.TestType] [11275] - dataFields : TXTpassword
[DEBUG][2016-01-12 19:59:28,687][com.java.TestType] [11281] - <In Set values of the page>
[DEBUG][2016-01-12 19:59:28,687][com.java.TestType] [11286] - {Data Fields & Data Values Exist}
[INFO ][2016-01-12 19:59:28,687][com.java.TestType] [11292] - --------------------------setting values-----------------------------
[INFO ][2016-01-12 19:59:28,687][com.java.TestType] [11295] - Action Type : CLEARANDENTER
[INFO ][2016-01-12 19:59:28,687][com.java.TestType] [ 6136] - value = Password1*
[INFO ][2016-01-12 19:59:33,514][com.java.TestType] [11314] -  RESULT true
[INFO ][2016-01-12 19:59:33,514][com.java.TestType] [11431] - ?   P A S S   ?
[DEBUG][2016-01-12 19:59:33,514][com.java.TestType] [11237] - Concept ID:1 :: Step being Executed: 1::3
[ERROR][2016-01-12 19:59:33,514][com.java.TestType] [11270] - Exception: null
[INFO ][2016-01-12 19:59:33,514][com.java.TestType] [11275] - dataFields : XPH//button[@type='submit']
[DEBUG][2016-01-12 19:59:33,514][com.java.TestType] [11281] - <In Set values of the page>
[DEBUG][2016-01-12 19:59:33,514][com.java.TestType] [11286] - {Data Fields & Data Values Exist}
[INFO ][2016-01-12 19:59:33,514][com.java.TestType] [11292] - --------------------------setting values-----------------------------
[INFO ][2016-01-12 19:59:33,514][com.java.TestType] [11295] - Action Type : Click
[INFO ][2016-01-12 19:59:33,514][com.java.TestType] [ 6515] - Field ::XPH//button[@type='submit']
[INFO ][2016-01-12 19:59:33,514][com.java.TestType] [ 6136] - value = 
[INFO ][2016-01-12 19:59:34,514][com.java.TestType] [ 6652] - BEFORE CLICK
[INFO ][2016-01-12 19:59:37,699][com.java.TestType] [ 6660] - Unable to click the object Login
[INFO ][2016-01-12 19:59:37,699][com.java.TestType] [11314] -  RESULT true
[INFO ][2016-01-12 19:59:37,699][com.java.TestType] [11431] - ?   P A S S   ?
[DEBUG][2016-01-12 19:59:37,699][com.java.TestType] [11237] - Concept ID:1 :: Step being Executed: 1::4
[INFO ][2016-01-12 19:59:37,699][com.java.TestType] [11275] - dataFields : LNKLogout
[DEBUG][2016-01-12 19:59:37,699][com.java.TestType] [11281] - <In Set values of the page>
[DEBUG][2016-01-12 19:59:37,699][com.java.TestType] [11286] - {Data Fields & Data Values Exist}
[INFO ][2016-01-12 19:59:37,699][com.java.TestType] [11292] - --------------------------setting values-----------------------------
[INFO ][2016-01-12 19:59:37,699][com.java.TestType] [11295] - Action Type : WaitForElement
[INFO ][2016-01-12 19:59:37,741][com.java.TestType] [11314] -  RESULT true
[INFO ][2016-01-12 19:59:37,741][com.java.TestType] [11431] - ?   P A S S   ?
[DEBUG][2016-01-12 19:59:37,741][com.java.TestType] [11237] - Concept ID:1 :: Step being Executed: 1::15
[INFO ][2016-01-12 19:59:37,741][com.java.TestType] [11275] - dataFields : LNK
[DEBUG][2016-01-12 19:59:37,741][com.java.TestType] [11281] - <In Set values of the page>
[DEBUG][2016-01-12 19:59:37,741][com.java.TestType] [11286] - {Data Fields & Data Values Exist}
[INFO ][2016-01-12 19:59:37,741][com.java.TestType] [11292] - --------------------------setting values-----------------------------
[INFO ][2016-01-12 19:59:37,741][com.java.TestType] [11295] - Action Type : Verify
[INFO ][2016-01-12 19:59:37,741][com.java.TestType] [ 7605] - field= LNK value= Logout
[INFO ][2016-01-12 19:59:37,741][com.java.TestType] [ 6136] - value = Logout
[INFO ][2016-01-12 19:59:37,781][com.java.TestType] [11314] -  RESULT true
[INFO ][2016-01-12 19:59:37,781][com.java.TestType] [11431] - ?   P A S S   ?
[DEBUG][2016-01-12 19:59:37,781][com.java.TestType] [11237] - Concept ID:1 :: Step being Executed: 1::16
[INFO ][2016-01-12 19:59:37,781][com.java.TestType] [11275] - dataFields : BTN
[DEBUG][2016-01-12 19:59:37,781][com.java.TestType] [11281] - <In Set values of the page>
[DEBUG][2016-01-12 19:59:37,781][com.java.TestType] [11286] - {Data Fields & Data Values Exist}
[INFO ][2016-01-12 19:59:37,781][com.java.TestType] [11292] - --------------------------setting values-----------------------------
[INFO ][2016-01-12 19:59:37,781][com.java.TestType] [11295] - Action Type : Verify
[INFO ][2016-01-12 19:59:37,781][com.java.TestType] [ 7605] - field= BTN value= //img[contains(@src,'bdlogo.jpg')]
[INFO ][2016-01-12 19:59:37,781][com.java.TestType] [ 6136] - value = //img[contains(@src,'bdlogo.jpg')]
[INFO ][2016-01-12 19:59:37,851][com.java.TestType] [11314] -  RESULT true
[INFO ][2016-01-12 19:59:37,851][com.java.TestType] [11431] - ?   P A S S   ?
[INFO ][2016-01-12 19:59:37,851][com.java.TestType] [11502] - Looping End......
[INFO ][2016-01-12 19:59:37,851][com.java.SeleniumDriver] [  930] -  RESULT true
[INFO ][2016-01-12 19:59:37,851][com.java.SeleniumDriver] [ 1136] - ?   P A S S   ?
[INFO ][2016-01-12 19:59:37,851][com.java.SeleniumDriver] [  856] - ------------------------------------------
[INFO ][2016-01-12 19:59:37,851][com.java.SeleniumDriver] [  857] - Test case being Executed: 1
[INFO ][2016-01-12 19:59:37,851][com.java.SeleniumDriver] [  869] - Test step:2
[INFO ][2016-01-12 19:59:37,851][com.java.SeleniumDriver] [  881] - Datavalue is----------Concept#2:1-2
[INFO ][2016-01-12 19:59:37,851][com.java.SeleniumDriver] [  905] - DataField : test
[INFO ][2016-01-12 19:59:37,851][com.java.SeleniumDriver] [  907] - DataValue : Concept#2:1-2
[INFO ][2016-01-12 19:59:37,851][com.java.SeleniumDriver] [  913] - <In Set values of the page>
[INFO ][2016-01-12 19:59:37,851][com.java.SeleniumDriver] [  916] - {Data Fields & Data Values Exist}
[INFO ][2016-01-12 19:59:37,851][com.java.SeleniumDriver] [  918] - --------------------------setting values-----------------------------
[INFO ][2016-01-12 19:59:37,851][com.java.SeleniumDriver] [  921] - Action Type : ExecuteTestCase
[INFO ][2016-01-12 19:59:37,851][com.java.TestType] [  437] - The Concept sheet name is ---------- Concept
[INFO ][2016-01-12 19:59:37,851][com.java.TestType] [  440] - The Concept ID  is ---------- 2
[DEBUG][2016-01-12 19:59:37,851][com.java.TestType] [  444] - Steps being executted in the Concept are: 1:2
[INFO ][2016-01-12 19:59:37,851][com.java.TestType] [  451] - Test data details path ---------- D:\BankersDashboard\TestInputs\TestData.xls
[INFO ][2016-01-12 19:59:37,891][com.java.TestType] [  482] -  str(1) = 2
[INFO ][2016-01-12 19:59:37,891][com.java.TestType] [  485] - Test case Id is---2
[INFO ][2016-01-12 19:59:37,891][com.java.TestType] [  487] - 2
[INFO ][2016-01-12 19:59:37,891][com.java.TestType] [  482] -  str(2) = 1
[INFO ][2016-01-12 19:59:37,891][com.java.TestType] [  482] -  str(1) = 2
[INFO ][2016-01-12 19:59:37,891][com.java.TestType] [  485] - Test case Id is---2
[INFO ][2016-01-12 19:59:37,891][com.java.TestType] [  487] - 2
[INFO ][2016-01-12 19:59:37,891][com.java.TestType] [  482] -  str(2) = 2
[INFO ][2016-01-12 19:59:37,891][com.java.TestType] [  482] -  str(1) = 2
[INFO ][2016-01-12 19:59:37,891][com.java.TestType] [  485] - Test case Id is---2
[INFO ][2016-01-12 19:59:37,891][com.java.TestType] [  487] - 2
[INFO ][2016-01-12 19:59:37,891][com.java.TestType] [  482] -  str(2) = 3
[INFO ][2016-01-12 19:59:37,891][com.java.TestType] [11196] - Looping 1TCID = 2
[DEBUG][2016-01-12 19:59:37,891][com.java.TestType] [11237] - Concept ID:2 :: Step being Executed: 2::1
[INFO ][2016-01-12 19:59:37,891][com.java.TestType] [11275] - dataFields : BNK//select[@id='bank']
[DEBUG][2016-01-12 19:59:37,891][com.java.TestType] [11281] - <In Set values of the page>
[DEBUG][2016-01-12 19:59:37,891][com.java.TestType] [11286] - {Data Fields & Data Values Exist}
[INFO ][2016-01-12 19:59:37,891][com.java.TestType] [11292] - --------------------------setting values-----------------------------
[INFO ][2016-01-12 19:59:37,891][com.java.TestType] [11295] - Action Type : Select
[INFO ][2016-01-12 19:59:37,891][com.java.TestType] [ 6136] - value = PFC
[INFO ][2016-01-12 19:59:38,204][com.java.TestType] [11314] -  RESULT true
[INFO ][2016-01-12 19:59:38,204][com.java.TestType] [11431] - ?   P A S S   ?
[DEBUG][2016-01-12 19:59:38,204][com.java.TestType] [11237] - Concept ID:2 :: Step being Executed: 2::2
[INFO ][2016-01-12 19:59:38,204][com.java.TestType] [11275] - dataFields : LNKLogout
[DEBUG][2016-01-12 19:59:38,204][com.java.TestType] [11281] - <In Set values of the page>
[DEBUG][2016-01-12 19:59:38,204][com.java.TestType] [11286] - {Data Fields & Data Values Exist}
[INFO ][2016-01-12 19:59:38,204][com.java.TestType] [11292] - --------------------------setting values-----------------------------
[INFO ][2016-01-12 19:59:38,204][com.java.TestType] [11295] - Action Type : WaitTime
[DEBUG][2016-01-12 19:59:38,204][com.java.TestType] [ 5950] - sleepTime: 5000
[INFO ][2016-01-12 19:59:43,206][com.java.TestType] [11314] -  RESULT true
[INFO ][2016-01-12 19:59:43,206][com.java.TestType] [11431] - ?   P A S S   ?
[INFO ][2016-01-12 19:59:43,206][com.java.TestType] [11502] - Looping End......
[INFO ][2016-01-12 19:59:43,206][com.java.SeleniumDriver] [  930] -  RESULT true
[INFO ][2016-01-12 19:59:43,206][com.java.SeleniumDriver] [ 1136] - ?   P A S S   ?
[INFO ][2016-01-12 19:59:43,206][com.java.SeleniumDriver] [  856] - ------------------------------------------
[INFO ][2016-01-12 19:59:43,206][com.java.SeleniumDriver] [  857] - Test case being Executed: 1
[INFO ][2016-01-12 19:59:43,206][com.java.SeleniumDriver] [  869] - Test step:3
[INFO ][2016-01-12 19:59:43,206][com.java.SeleniumDriver] [  881] - Datavalue is----------2
[INFO ][2016-01-12 19:59:43,206][com.java.SeleniumDriver] [  905] - DataField : XPH//button[contains(text(),'Add Content')]
[INFO ][2016-01-12 19:59:43,206][com.java.SeleniumDriver] [  907] - DataValue : 2
[INFO ][2016-01-12 19:59:43,206][com.java.SeleniumDriver] [  913] - <In Set values of the page>
[INFO ][2016-01-12 19:59:43,206][com.java.SeleniumDriver] [  916] - {Data Fields & Data Values Exist}
[INFO ][2016-01-12 19:59:43,206][com.java.SeleniumDriver] [  918] - --------------------------setting values-----------------------------
[INFO ][2016-01-12 19:59:43,206][com.java.SeleniumDriver] [  921] - Action Type : WAITFORELEMENT
[INFO ][2016-01-12 19:59:43,257][com.java.SeleniumDriver] [  930] -  RESULT true
[INFO ][2016-01-12 19:59:43,257][com.java.SeleniumDriver] [ 1136] - ?   P A S S   ?
[DEBUG][2016-01-12 19:59:43,257][com.java.SeleniumDriver] [ 1248] - Case found
[DEBUG][2016-01-12 19:59:43,257][com.java.SeleniumDriver] [ 1253] - Incrementing ReportCounters[0]:1
[INFO ][2016-01-12 19:59:43,257][com.java.SeleniumDriver] [ 1272] - The results are-------------------[1, 1, Valid Login, Pass, , Tue Jan 12 19:59:37 IST 2016, 1, 2, Valid Login, Pass, , Tue Jan 12 19:59:43 IST 2016, 1, 3, Valid Login, Pass, , Tue Jan 12 19:59:43 IST 2016]
[INFO ][2016-01-12 19:59:43,257][com.java.SeleniumDriver] [ 1276] - End time is-------34 sec
[INFO ][2016-01-12 19:59:43,257][com.java.SeleniumDriver] [ 1277] - The results are-------------------[1, 1, Valid Login, Pass, , Tue Jan 12 19:59:37 IST 2016, 1, 2, Valid Login, Pass, , Tue Jan 12 19:59:43 IST 2016, 1, 3, Valid Login, Pass, , Tue Jan 12 19:59:43 IST 2016]
[DEBUG][2016-01-12 19:59:43,257][com.java.ImportnExport.ExportTestResultsExcel] [  222] - testResultPath = D:\BankersDashboard/TestReports/Test Results_BankersDashBoard_011216_195910_IE10_Bank of North Carolina.xls
[DEBUG][2016-01-12 19:59:43,257][com.java.ImportnExport.ExportTestResultsExcel] [  223] - browser is------------IE10
[DEBUG][2016-01-12 19:59:43,307][com.java.ImportnExport.ExportTestResultsExcel] [  270] - result.size() = 18
[DEBUG][2016-01-12 19:59:43,307][com.java.ImportnExport.ExportTestResultsExcel] [  274] - No of rows in sheet=1
[DEBUG][2016-01-12 19:59:43,307][com.java.ImportnExport.ExportTestResultsExcel] [  301] - ..in export..1
[DEBUG][2016-01-12 19:59:43,307][com.java.ImportnExport.ExportTestResultsExcel] [  301] - ..in export..Valid Login
[DEBUG][2016-01-12 19:59:43,307][com.java.ImportnExport.ExportTestResultsExcel] [  301] - ..in export..Pass
[DEBUG][2016-01-12 19:59:43,307][com.java.ImportnExport.ExportTestResultsExcel] [  301] - ..in export..
[DEBUG][2016-01-12 19:59:43,307][com.java.ImportnExport.ExportTestResultsExcel] [  301] - ..in export..Tue Jan 12 19:59:37 IST 2016
[INFO ][2016-01-12 19:59:43,317][com.java.SeleniumDriver] [ 1337] - out loop:0 size:2 TestCases:[1, 12] testcases:[1, 12]
[INFO ][2016-01-12 19:59:43,317][com.java.ImportnExport.ImportTestDataDetailsExcel] [   49] - test data details path===== D:\BankersDashboard\TestInputs\TestData.xls
[INFO ][2016-01-12 20:00:01,790][com.java.SeleniumDriver] [  856] - ------------------------------------------
[INFO ][2016-01-12 20:00:01,790][com.java.SeleniumDriver] [  857] - Test case being Executed: 12
[INFO ][2016-01-12 20:00:01,790][com.java.SeleniumDriver] [  869] - Test step:1
[INFO ][2016-01-12 20:00:01,790][com.java.SeleniumDriver] [  881] - Datavalue is----------Logout
[INFO ][2016-01-12 20:00:01,790][com.java.SeleniumDriver] [  905] - DataField : BTN
[INFO ][2016-01-12 20:00:01,790][com.java.SeleniumDriver] [  907] - DataValue : Logout
[INFO ][2016-01-12 20:00:01,790][com.java.SeleniumDriver] [  913] - <In Set values of the page>
[INFO ][2016-01-12 20:00:01,790][com.java.SeleniumDriver] [  916] - {Data Fields & Data Values Exist}
[INFO ][2016-01-12 20:00:01,790][com.java.SeleniumDriver] [  918] - --------------------------setting values-----------------------------
[INFO ][2016-01-12 20:00:01,790][com.java.SeleniumDriver] [  921] - Action Type : VERIFY
[INFO ][2016-01-12 20:00:01,790][com.java.TestType] [ 7605] - field= BTN value= Logout
[INFO ][2016-01-12 20:00:01,790][com.java.TestType] [ 6136] - value = Logout
[INFO ][2016-01-12 20:00:01,871][com.java.SeleniumDriver] [  930] -  RESULT true
[INFO ][2016-01-12 20:00:01,871][com.java.SeleniumDriver] [ 1136] - ?   P A S S   ?
[INFO ][2016-01-12 20:00:01,871][com.java.SeleniumDriver] [ 1178] - step change to 3
[INFO ][2016-01-12 20:00:01,871][com.java.SeleniumDriver] [  856] - ------------------------------------------
[INFO ][2016-01-12 20:00:01,871][com.java.SeleniumDriver] [  857] - Test case being Executed: 12
[INFO ][2016-01-12 20:00:01,871][com.java.SeleniumDriver] [  869] - Test step:3
[INFO ][2016-01-12 20:00:01,871][com.java.SeleniumDriver] [  881] - Datavalue is----------Concept#2:1-2
[INFO ][2016-01-12 20:00:01,871][com.java.SeleniumDriver] [  905] - DataField : test
[INFO ][2016-01-12 20:00:01,871][com.java.SeleniumDriver] [  907] - DataValue : Concept#2:1-2
[INFO ][2016-01-12 20:00:01,871][com.java.SeleniumDriver] [  913] - <In Set values of the page>
[INFO ][2016-01-12 20:00:01,871][com.java.SeleniumDriver] [  916] - {Data Fields & Data Values Exist}
[INFO ][2016-01-12 20:00:01,871][com.java.SeleniumDriver] [  918] - --------------------------setting values-----------------------------
[INFO ][2016-01-12 20:00:01,871][com.java.SeleniumDriver] [  921] - Action Type : ExecuteTestCase
[INFO ][2016-01-12 20:00:01,871][com.java.TestType] [  437] - The Concept sheet name is ---------- Concept
[INFO ][2016-01-12 20:00:01,871][com.java.TestType] [  440] - The Concept ID  is ---------- 2
[DEBUG][2016-01-12 20:00:01,871][com.java.TestType] [  444] - Steps being executted in the Concept are: 1:2
[INFO ][2016-01-12 20:00:01,871][com.java.TestType] [  451] - Test data details path ---------- D:\BankersDashboard\TestInputs\TestData.xls
[INFO ][2016-01-12 20:00:01,901][com.java.TestType] [  482] -  str(1) = 2
[INFO ][2016-01-12 20:00:01,901][com.java.TestType] [  485] - Test case Id is---2
[INFO ][2016-01-12 20:00:01,901][com.java.TestType] [  487] - 2
[INFO ][2016-01-12 20:00:01,901][com.java.TestType] [  482] -  str(2) = 1
[INFO ][2016-01-12 20:00:01,901][com.java.TestType] [  482] -  str(1) = 2
[INFO ][2016-01-12 20:00:01,901][com.java.TestType] [  485] - Test case Id is---2
[INFO ][2016-01-12 20:00:01,911][com.java.TestType] [  487] - 2
[INFO ][2016-01-12 20:00:01,911][com.java.TestType] [  482] -  str(2) = 2
[INFO ][2016-01-12 20:00:01,911][com.java.TestType] [  482] -  str(1) = 2
[INFO ][2016-01-12 20:00:01,911][com.java.TestType] [  485] - Test case Id is---2
[INFO ][2016-01-12 20:00:01,911][com.java.TestType] [  487] - 2
[INFO ][2016-01-12 20:00:01,911][com.java.TestType] [  482] -  str(2) = 3
[INFO ][2016-01-12 20:00:01,911][com.java.TestType] [11196] - Looping 1TCID = 2
[DEBUG][2016-01-12 20:00:01,911][com.java.TestType] [11237] - Concept ID:2 :: Step being Executed: 2::1
[INFO ][2016-01-12 20:00:01,911][com.java.TestType] [11275] - dataFields : BNK//select[@id='bank']
[DEBUG][2016-01-12 20:00:01,911][com.java.TestType] [11281] - <In Set values of the page>
[DEBUG][2016-01-12 20:00:01,911][com.java.TestType] [11286] - {Data Fields & Data Values Exist}
[INFO ][2016-01-12 20:00:01,911][com.java.TestType] [11292] - --------------------------setting values-----------------------------
[INFO ][2016-01-12 20:00:01,911][com.java.TestType] [11295] - Action Type : Select
[INFO ][2016-01-12 20:00:01,911][com.java.TestType] [ 6136] - value = PFC
[INFO ][2016-01-12 20:00:02,091][com.java.TestType] [11314] -  RESULT true
[INFO ][2016-01-12 20:00:02,091][com.java.TestType] [11431] - ?   P A S S   ?
[DEBUG][2016-01-12 20:00:02,091][com.java.TestType] [11237] - Concept ID:2 :: Step being Executed: 2::2
[INFO ][2016-01-12 20:00:02,091][com.java.TestType] [11275] - dataFields : LNKLogout
[DEBUG][2016-01-12 20:00:02,091][com.java.TestType] [11281] - <In Set values of the page>
[DEBUG][2016-01-12 20:00:02,091][com.java.TestType] [11286] - {Data Fields & Data Values Exist}
[INFO ][2016-01-12 20:00:02,091][com.java.TestType] [11292] - --------------------------setting values-----------------------------
[INFO ][2016-01-12 20:00:02,101][com.java.TestType] [11295] - Action Type : WaitTime
[DEBUG][2016-01-12 20:00:02,101][com.java.TestType] [ 5950] - sleepTime: 5000
[INFO ][2016-01-12 20:00:07,101][com.java.TestType] [11314] -  RESULT true
[INFO ][2016-01-12 20:00:07,101][com.java.TestType] [11431] - ?   P A S S   ?
[INFO ][2016-01-12 20:00:07,101][com.java.TestType] [11502] - Looping End......
[INFO ][2016-01-12 20:00:07,101][com.java.SeleniumDriver] [  930] -  RESULT true
[INFO ][2016-01-12 20:00:07,101][com.java.SeleniumDriver] [ 1136] - ?   P A S S   ?
[INFO ][2016-01-12 20:00:07,101][com.java.SeleniumDriver] [  856] - ------------------------------------------
[INFO ][2016-01-12 20:00:07,101][com.java.SeleniumDriver] [  857] - Test case being Executed: 12
[INFO ][2016-01-12 20:00:07,101][com.java.SeleniumDriver] [  869] - Test step:4
[INFO ][2016-01-12 20:00:07,101][com.java.SeleniumDriver] [  881] - Datavalue is----------null
[DEBUG][2016-01-12 20:00:07,101][com.java.SeleniumDriver] [  899] - Exception: null
[INFO ][2016-01-12 20:00:07,101][com.java.SeleniumDriver] [  905] - DataField : //span[@class='icon-user4']&&//a[text()='Company Settings']&&//a[@data-id="RatedLoans"]
[INFO ][2016-01-12 20:00:07,101][com.java.SeleniumDriver] [  907] - DataValue : 
[INFO ][2016-01-12 20:00:07,101][com.java.SeleniumDriver] [  913] - <In Set values of the page>
[INFO ][2016-01-12 20:00:07,101][com.java.SeleniumDriver] [  916] - {Data Fields & Data Values Exist}
[INFO ][2016-01-12 20:00:07,101][com.java.SeleniumDriver] [  918] - --------------------------setting values-----------------------------
[INFO ][2016-01-12 20:00:07,101][com.java.SeleniumDriver] [  921] - Action Type : MOUSEOVER
[INFO ][2016-01-12 20:00:33,922][com.java.SeleniumDriver] [  930] -  RESULT true
[INFO ][2016-01-12 20:00:33,922][com.java.SeleniumDriver] [ 1136] - ?   P A S S   ?
[INFO ][2016-01-12 20:00:33,922][com.java.SeleniumDriver] [  856] - ------------------------------------------
[INFO ][2016-01-12 20:00:33,922][com.java.SeleniumDriver] [  857] - Test case being Executed: 12
[INFO ][2016-01-12 20:00:33,922][com.java.SeleniumDriver] [  869] - Test step:5
[INFO ][2016-01-12 20:00:33,922][com.java.SeleniumDriver] [  881] - Datavalue is----------Rated Loan Categories
[INFO ][2016-01-12 20:00:33,922][com.java.SeleniumDriver] [  905] - DataField : XPH//span[contains(text(), 'Rated Loan Categories')]
[INFO ][2016-01-12 20:00:33,922][com.java.SeleniumDriver] [  907] - DataValue : Rated Loan Categories
[INFO ][2016-01-12 20:00:33,922][com.java.SeleniumDriver] [  913] - <In Set values of the page>
[INFO ][2016-01-12 20:00:33,922][com.java.SeleniumDriver] [  916] - {Data Fields & Data Values Exist}
[INFO ][2016-01-12 20:00:33,922][com.java.SeleniumDriver] [  918] - --------------------------setting values-----------------------------
[INFO ][2016-01-12 20:00:33,922][com.java.SeleniumDriver] [  921] - Action Type : VERIFY
[INFO ][2016-01-12 20:00:33,922][com.java.TestType] [ 7605] - field= XPH//span[contains(text(), 'Rated Loan Categories')] value= Rated Loan Categories
[INFO ][2016-01-12 20:00:33,922][com.java.TestType] [ 6136] - value = Rated Loan Categories
[INFO ][2016-01-12 20:00:34,033][com.java.SeleniumDriver] [  930] -  RESULT true
[INFO ][2016-01-12 20:00:34,033][com.java.SeleniumDriver] [ 1136] - ?   P A S S   ?
[INFO ][2016-01-12 20:00:34,033][com.java.SeleniumDriver] [  856] - ------------------------------------------
[INFO ][2016-01-12 20:00:34,033][com.java.SeleniumDriver] [  857] - Test case being Executed: 12
[INFO ][2016-01-12 20:00:34,033][com.java.SeleniumDriver] [  869] - Test step:6
[INFO ][2016-01-12 20:00:34,033][com.java.SeleniumDriver] [  881] - Datavalue is----------null
[DEBUG][2016-01-12 20:00:34,033][com.java.SeleniumDriver] [  899] - Exception: null
[INFO ][2016-01-12 20:00:34,033][com.java.SeleniumDriver] [  905] - DataField : BTNframeDialogContent
[INFO ][2016-01-12 20:00:34,033][com.java.SeleniumDriver] [  907] - DataValue : 
[INFO ][2016-01-12 20:00:34,033][com.java.SeleniumDriver] [  913] - <In Set values of the page>
[INFO ][2016-01-12 20:00:34,033][com.java.SeleniumDriver] [  916] - {Data Fields & Data Values Exist}
[INFO ][2016-01-12 20:00:34,033][com.java.SeleniumDriver] [  918] - --------------------------setting values-----------------------------
[INFO ][2016-01-12 20:00:34,033][com.java.SeleniumDriver] [  921] - Action Type : SELECTFRAME
[INFO ][2016-01-12 20:00:35,275][com.java.SeleniumDriver] [  930] -  RESULT true
[INFO ][2016-01-12 20:00:35,275][com.java.SeleniumDriver] [ 1136] - ?   P A S S   ?
[INFO ][2016-01-12 20:00:35,275][com.java.SeleniumDriver] [  856] - ------------------------------------------
[INFO ][2016-01-12 20:00:35,275][com.java.SeleniumDriver] [  857] - Test case being Executed: 12
[INFO ][2016-01-12 20:00:35,275][com.java.SeleniumDriver] [  869] - Test step:7
[INFO ][2016-01-12 20:00:35,275][com.java.SeleniumDriver] [  881] - Datavalue is----------null
[DEBUG][2016-01-12 20:00:35,275][com.java.SeleniumDriver] [  899] - Exception: null
[INFO ][2016-01-12 20:00:35,275][com.java.SeleniumDriver] [  905] - DataField : BTNbtnAddNew
[INFO ][2016-01-12 20:00:35,275][com.java.SeleniumDriver] [  907] - DataValue : 
[INFO ][2016-01-12 20:00:35,275][com.java.SeleniumDriver] [  913] - <In Set values of the page>
[INFO ][2016-01-12 20:00:35,275][com.java.SeleniumDriver] [  916] - {Data Fields & Data Values Exist}
[INFO ][2016-01-12 20:00:35,275][com.java.SeleniumDriver] [  918] - --------------------------setting values-----------------------------
[INFO ][2016-01-12 20:00:35,275][com.java.SeleniumDriver] [  921] - Action Type : CLICK
[INFO ][2016-01-12 20:00:35,275][com.java.TestType] [ 6515] - Field ::BTNbtnAddNew
[INFO ][2016-01-12 20:00:35,275][com.java.TestType] [ 6136] - value = 
[INFO ][2016-01-12 20:00:36,275][com.java.TestType] [ 6631] - BEFORE CLICK
[INFO ][2016-01-12 20:00:37,437][com.java.TestType] [ 6638] - Unable to click the object Add New Category button
[INFO ][2016-01-12 20:00:37,437][com.java.SeleniumDriver] [  930] -  RESULT true
[INFO ][2016-01-12 20:00:37,437][com.java.SeleniumDriver] [ 1136] - ?   P A S S   ?
[INFO ][2016-01-12 20:00:37,437][com.java.SeleniumDriver] [  856] - ------------------------------------------
[INFO ][2016-01-12 20:00:37,437][com.java.SeleniumDriver] [  857] - Test case being Executed: 12
[INFO ][2016-01-12 20:00:37,437][com.java.SeleniumDriver] [  869] - Test step:8
[INFO ][2016-01-12 20:00:37,437][com.java.SeleniumDriver] [  881] - Datavalue is----------5
[INFO ][2016-01-12 20:00:37,437][com.java.SeleniumDriver] [  905] - DataField : XPH//td[contains(text(),'Description')]
[INFO ][2016-01-12 20:00:37,437][com.java.SeleniumDriver] [  907] - DataValue : 5
[INFO ][2016-01-12 20:00:37,437][com.java.SeleniumDriver] [  913] - <In Set values of the page>
[INFO ][2016-01-12 20:00:37,437][com.java.SeleniumDriver] [  916] - {Data Fields & Data Values Exist}
[INFO ][2016-01-12 20:00:37,437][com.java.SeleniumDriver] [  918] - --------------------------setting values-----------------------------
[INFO ][2016-01-12 20:00:37,437][com.java.SeleniumDriver] [  921] - Action Type : WAITFORELEMENT
[INFO ][2016-01-12 20:00:37,467][com.java.SeleniumDriver] [  930] -  RESULT true
[INFO ][2016-01-12 20:00:37,467][com.java.SeleniumDriver] [ 1136] - ?   P A S S   ?
[INFO ][2016-01-12 20:00:37,467][com.java.SeleniumDriver] [  856] - ------------------------------------------
[INFO ][2016-01-12 20:00:37,467][com.java.SeleniumDriver] [  857] - Test case being Executed: 12
[INFO ][2016-01-12 20:00:37,467][com.java.SeleniumDriver] [  869] - Test step:9
[INFO ][2016-01-12 20:00:37,467][com.java.SeleniumDriver] [  881] - Datavalue is----------//td[contains(text(),'Description')]
[INFO ][2016-01-12 20:00:37,467][com.java.SeleniumDriver] [  905] - DataField : BTN
[INFO ][2016-01-12 20:00:37,467][com.java.SeleniumDriver] [  907] - DataValue : //td[contains(text(),'Description')]
[INFO ][2016-01-12 20:00:37,467][com.java.SeleniumDriver] [  913] - <In Set values of the page>
[INFO ][2016-01-12 20:00:37,467][com.java.SeleniumDriver] [  916] - {Data Fields & Data Values Exist}
[INFO ][2016-01-12 20:00:37,467][com.java.SeleniumDriver] [  918] - --------------------------setting values-----------------------------
[INFO ][2016-01-12 20:00:37,467][com.java.SeleniumDriver] [  921] - Action Type : VERIFY
[INFO ][2016-01-12 20:00:37,467][com.java.TestType] [ 7605] - field= BTN value= //td[contains(text(),'Description')]
[INFO ][2016-01-12 20:00:37,467][com.java.TestType] [ 6136] - value = //td[contains(text(),'Description')]
[INFO ][2016-01-12 20:00:37,507][com.java.SeleniumDriver] [  930] -  RESULT true
[INFO ][2016-01-12 20:00:37,507][com.java.SeleniumDriver] [ 1136] - ?   P A S S   ?
[INFO ][2016-01-12 20:00:37,507][com.java.SeleniumDriver] [  856] - ------------------------------------------
[INFO ][2016-01-12 20:00:37,507][com.java.SeleniumDriver] [  857] - Test case being Executed: 12
[INFO ][2016-01-12 20:00:37,507][com.java.SeleniumDriver] [  869] - Test step:10
[INFO ][2016-01-12 20:00:37,507][com.java.SeleniumDriver] [  881] - Datavalue is----------//td[contains(text(),'Rated Loan*')]
[INFO ][2016-01-12 20:00:37,507][com.java.SeleniumDriver] [  905] - DataField : BTN
[INFO ][2016-01-12 20:00:37,507][com.java.SeleniumDriver] [  907] - DataValue : //td[contains(text(),'Rated Loan*')]
[INFO ][2016-01-12 20:00:37,507][com.java.SeleniumDriver] [  913] - <In Set values of the page>
[INFO ][2016-01-12 20:00:37,507][com.java.SeleniumDriver] [  916] - {Data Fields & Data Values Exist}
[INFO ][2016-01-12 20:00:37,507][com.java.SeleniumDriver] [  918] - --------------------------setting values-----------------------------
[INFO ][2016-01-12 20:00:37,507][com.java.SeleniumDriver] [  921] - Action Type : VERIFY
[INFO ][2016-01-12 20:00:37,507][com.java.TestType] [ 7605] - field= BTN value= //td[contains(text(),'Rated Loan*')]
[INFO ][2016-01-12 20:00:37,507][com.java.TestType] [ 6136] - value = //td[contains(text(),'Rated Loan*')]
[INFO ][2016-01-12 20:00:37,547][com.java.SeleniumDriver] [  930] -  RESULT true
[INFO ][2016-01-12 20:00:37,547][com.java.SeleniumDriver] [ 1136] - ?   P A S S   ?
[INFO ][2016-01-12 20:00:37,547][com.java.SeleniumDriver] [  856] - ------------------------------------------
[INFO ][2016-01-12 20:00:37,547][com.java.SeleniumDriver] [  857] - Test case being Executed: 12
[INFO ][2016-01-12 20:00:37,547][com.java.SeleniumDriver] [  869] - Test step:11
[INFO ][2016-01-12 20:00:37,547][com.java.SeleniumDriver] [  881] - Datavalue is----------RNDTesting
[INFO ][2016-01-12 20:00:37,547][com.java.SeleniumDriver] [  905] - DataField : TXTtxtDescription
[INFO ][2016-01-12 20:00:37,547][com.java.SeleniumDriver] [  907] - DataValue : RNDTesting
[INFO ][2016-01-12 20:00:37,547][com.java.SeleniumDriver] [  913] - <In Set values of the page>
[INFO ][2016-01-12 20:00:37,547][com.java.SeleniumDriver] [  916] - {Data Fields & Data Values Exist}
[INFO ][2016-01-12 20:00:37,547][com.java.SeleniumDriver] [  918] - --------------------------setting values-----------------------------
[INFO ][2016-01-12 20:00:37,547][com.java.SeleniumDriver] [  921] - Action Type : CLEARANDENTER
[INFO ][2016-01-12 20:00:37,547][com.java.TestType] [ 6136] - value = Testing68575
[INFO ][2016-01-12 20:00:40,030][com.java.SeleniumDriver] [  930] -  RESULT true
[INFO ][2016-01-12 20:00:40,030][com.java.SeleniumDriver] [ 1136] - ?   P A S S   ?
[INFO ][2016-01-12 20:00:40,030][com.java.SeleniumDriver] [  856] - ------------------------------------------
[INFO ][2016-01-12 20:00:40,030][com.java.SeleniumDriver] [  857] - Test case being Executed: 12
[INFO ][2016-01-12 20:00:40,030][com.java.SeleniumDriver] [  869] - Test step:12
[INFO ][2016-01-12 20:00:40,030][com.java.SeleniumDriver] [  881] - Datavalue is----------2
[INFO ][2016-01-12 20:00:40,030][com.java.SeleniumDriver] [  905] - DataField : test
[INFO ][2016-01-12 20:00:40,030][com.java.SeleniumDriver] [  907] - DataValue : 2
[INFO ][2016-01-12 20:00:40,030][com.java.SeleniumDriver] [  913] - <In Set values of the page>
[INFO ][2016-01-12 20:00:40,030][com.java.SeleniumDriver] [  916] - {Data Fields & Data Values Exist}
[INFO ][2016-01-12 20:00:40,030][com.java.SeleniumDriver] [  918] - --------------------------setting values-----------------------------
[INFO ][2016-01-12 20:00:40,030][com.java.SeleniumDriver] [  921] - Action Type : WAITTIME
[DEBUG][2016-01-12 20:00:40,030][com.java.TestType] [ 5950] - sleepTime: 2000
[INFO ][2016-01-12 20:00:42,030][com.java.SeleniumDriver] [  930] -  RESULT true
[INFO ][2016-01-12 20:00:42,030][com.java.SeleniumDriver] [ 1136] - ?   P A S S   ?
[INFO ][2016-01-12 20:00:42,030][com.java.SeleniumDriver] [  856] - ------------------------------------------
[INFO ][2016-01-12 20:00:42,030][com.java.SeleniumDriver] [  857] - Test case being Executed: 12
[INFO ][2016-01-12 20:00:42,030][com.java.SeleniumDriver] [  869] - Test step:13
[INFO ][2016-01-12 20:00:42,030][com.java.SeleniumDriver] [  881] - Datavalue is----------Test
[INFO ][2016-01-12 20:00:42,030][com.java.SeleniumDriver] [  905] - DataField : TXTtxtDescription
[INFO ][2016-01-12 20:00:42,030][com.java.SeleniumDriver] [  907] - DataValue : Test
[INFO ][2016-01-12 20:00:42,030][com.java.SeleniumDriver] [  913] - <In Set values of the page>
[INFO ][2016-01-12 20:00:42,030][com.java.SeleniumDriver] [  916] - {Data Fields & Data Values Exist}
[INFO ][2016-01-12 20:00:42,030][com.java.SeleniumDriver] [  918] - --------------------------setting values-----------------------------
[INFO ][2016-01-12 20:00:42,030][com.java.SeleniumDriver] [  921] - Action Type : STOREVALUE
[INFO ][2016-01-12 20:00:42,030][com.java.TestType] [ 8956] - field= TXTtxtDescription
[DEBUG][2016-01-12 20:00:43,122][com.java.TestType] [ 8970] - Key:: Test  Value:: Testing68575
[INFO ][2016-01-12 20:00:43,122][com.java.SeleniumDriver] [  930] -  RESULT true
[INFO ][2016-01-12 20:00:43,122][com.java.SeleniumDriver] [ 1136] - ?   P A S S   ?
[INFO ][2016-01-12 20:00:43,122][com.java.SeleniumDriver] [  856] - ------------------------------------------
[INFO ][2016-01-12 20:00:43,122][com.java.SeleniumDriver] [  857] - Test case being Executed: 12
[INFO ][2016-01-12 20:00:43,122][com.java.SeleniumDriver] [  869] - Test step:14
[INFO ][2016-01-12 20:00:43,122][com.java.SeleniumDriver] [  881] - Datavalue is----------3
[INFO ][2016-01-12 20:00:43,122][com.java.SeleniumDriver] [  905] - DataField : test
[INFO ][2016-01-12 20:00:43,122][com.java.SeleniumDriver] [  907] - DataValue : 3
[INFO ][2016-01-12 20:00:43,122][com.java.SeleniumDriver] [  913] - <In Set values of the page>
[INFO ][2016-01-12 20:00:43,122][com.java.SeleniumDriver] [  916] - {Data Fields & Data Values Exist}
[INFO ][2016-01-12 20:00:43,122][com.java.SeleniumDriver] [  918] - --------------------------setting values-----------------------------
[INFO ][2016-01-12 20:00:43,122][com.java.SeleniumDriver] [  921] - Action Type : WAITTIME
[DEBUG][2016-01-12 20:00:43,122][com.java.TestType] [ 5950] - sleepTime: 3000
[INFO ][2016-01-12 20:00:46,122][com.java.SeleniumDriver] [  930] -  RESULT true
[INFO ][2016-01-12 20:00:46,122][com.java.SeleniumDriver] [ 1136] - ?   P A S S   ?
[INFO ][2016-01-12 20:00:46,122][com.java.SeleniumDriver] [  856] - ------------------------------------------
[INFO ][2016-01-12 20:00:46,122][com.java.SeleniumDriver] [  857] - Test case being Executed: 12
[INFO ][2016-01-12 20:00:46,122][com.java.SeleniumDriver] [  869] - Test step:15
[INFO ][2016-01-12 20:00:46,122][com.java.SeleniumDriver] [  881] - Datavalue is----------1.00
[INFO ][2016-01-12 20:00:46,122][com.java.SeleniumDriver] [  905] - DataField : TXTtxtWeight
[INFO ][2016-01-12 20:00:46,122][com.java.SeleniumDriver] [  907] - DataValue : 1.00
[INFO ][2016-01-12 20:00:46,122][com.java.SeleniumDriver] [  913] - <In Set values of the page>
[INFO ][2016-01-12 20:00:46,122][com.java.SeleniumDriver] [  916] - {Data Fields & Data Values Exist}
[INFO ][2016-01-12 20:00:46,122][com.java.SeleniumDriver] [  918] - --------------------------setting values-----------------------------
[INFO ][2016-01-12 20:00:46,122][com.java.SeleniumDriver] [  921] - Action Type : CLEARANDENTER
[INFO ][2016-01-12 20:00:46,122][com.java.TestType] [ 6136] - value = 1.00
[INFO ][2016-01-12 20:00:48,448][com.java.SeleniumDriver] [  930] -  RESULT true
[INFO ][2016-01-12 20:00:48,448][com.java.SeleniumDriver] [ 1136] - ?   P A S S   ?
[INFO ][2016-01-12 20:00:48,448][com.java.SeleniumDriver] [  856] - ------------------------------------------
[INFO ][2016-01-12 20:00:48,448][com.java.SeleniumDriver] [  857] - Test case being Executed: 12
[INFO ][2016-01-12 20:00:48,448][com.java.SeleniumDriver] [  869] - Test step:16
[INFO ][2016-01-12 20:00:48,448][com.java.SeleniumDriver] [  881] - Datavalue is----------Historical
[INFO ][2016-01-12 20:00:48,448][com.java.SeleniumDriver] [  905] - DataField : TXTtxtWeight
[INFO ][2016-01-12 20:00:48,448][com.java.SeleniumDriver] [  907] - DataValue : Historical
[INFO ][2016-01-12 20:00:48,448][com.java.SeleniumDriver] [  913] - <In Set values of the page>
[INFO ][2016-01-12 20:00:48,448][com.java.SeleniumDriver] [  916] - {Data Fields & Data Values Exist}
[INFO ][2016-01-12 20:00:48,448][com.java.SeleniumDriver] [  918] - --------------------------setting values-----------------------------
[INFO ][2016-01-12 20:00:48,448][com.java.SeleniumDriver] [  921] - Action Type : STOREVALUE
[INFO ][2016-01-12 20:00:48,448][com.java.TestType] [ 8956] - field= TXTtxtWeight
[DEBUG][2016-01-12 20:00:49,539][com.java.TestType] [ 8970] - Key:: Historical  Value:: 1.00
[INFO ][2016-01-12 20:00:49,539][com.java.SeleniumDriver] [  930] -  RESULT true
[INFO ][2016-01-12 20:00:49,539][com.java.SeleniumDriver] [ 1136] - ?   P A S S   ?
[INFO ][2016-01-12 20:00:49,539][com.java.SeleniumDriver] [  856] - ------------------------------------------
[INFO ][2016-01-12 20:00:49,539][com.java.SeleniumDriver] [  857] - Test case being Executed: 12
[INFO ][2016-01-12 20:00:49,539][com.java.SeleniumDriver] [  869] - Test step:17
[INFO ][2016-01-12 20:00:49,539][com.java.SeleniumDriver] [  881] - Datavalue is----------3
[INFO ][2016-01-12 20:00:49,539][com.java.SeleniumDriver] [  905] - DataField : test
[INFO ][2016-01-12 20:00:49,539][com.java.SeleniumDriver] [  907] - DataValue : 3
[INFO ][2016-01-12 20:00:49,539][com.java.SeleniumDriver] [  913] - <In Set values of the page>
[INFO ][2016-01-12 20:00:49,539][com.java.SeleniumDriver] [  916] - {Data Fields & Data Values Exist}
[INFO ][2016-01-12 20:00:49,539][com.java.SeleniumDriver] [  918] - --------------------------setting values-----------------------------
[INFO ][2016-01-12 20:00:49,539][com.java.SeleniumDriver] [  921] - Action Type : WAITTIME
[DEBUG][2016-01-12 20:00:49,539][com.java.TestType] [ 5950] - sleepTime: 3000
[INFO ][2016-01-12 20:00:52,539][com.java.SeleniumDriver] [  930] -  RESULT true
[INFO ][2016-01-12 20:00:52,539][com.java.SeleniumDriver] [ 1136] - ?   P A S S   ?
[INFO ][2016-01-12 20:00:52,539][com.java.SeleniumDriver] [  856] - ------------------------------------------
[INFO ][2016-01-12 20:00:52,539][com.java.SeleniumDriver] [  857] - Test case being Executed: 12
[INFO ][2016-01-12 20:00:52,539][com.java.SeleniumDriver] [  869] - Test step:18
[INFO ][2016-01-12 20:00:52,539][com.java.SeleniumDriver] [  881] - Datavalue is----------1.20
[INFO ][2016-01-12 20:00:52,539][com.java.SeleniumDriver] [  905] - DataField : TXTtxtWeight1
[INFO ][2016-01-12 20:00:52,539][com.java.SeleniumDriver] [  907] - DataValue : 1.20
[INFO ][2016-01-12 20:00:52,539][com.java.SeleniumDriver] [  913] - <In Set values of the page>
[INFO ][2016-01-12 20:00:52,539][com.java.SeleniumDriver] [  916] - {Data Fields & Data Values Exist}
[INFO ][2016-01-12 20:00:52,539][com.java.SeleniumDriver] [  918] - --------------------------setting values-----------------------------
[INFO ][2016-01-12 20:00:52,539][com.java.SeleniumDriver] [  921] - Action Type : CLEARANDENTER
[INFO ][2016-01-12 20:00:52,539][com.java.TestType] [ 6136] - value = 1.20
[INFO ][2016-01-12 20:00:54,855][com.java.SeleniumDriver] [  930] -  RESULT true
[INFO ][2016-01-12 20:00:54,855][com.java.SeleniumDriver] [ 1136] - ?   P A S S   ?
[INFO ][2016-01-12 20:00:54,855][com.java.SeleniumDriver] [  856] - ------------------------------------------
[INFO ][2016-01-12 20:00:54,855][com.java.SeleniumDriver] [  857] - Test case being Executed: 12
[INFO ][2016-01-12 20:00:54,855][com.java.SeleniumDriver] [  869] - Test step:19
[INFO ][2016-01-12 20:00:54,855][com.java.SeleniumDriver] [  881] - Datavalue is----------Economic
[INFO ][2016-01-12 20:00:54,855][com.java.SeleniumDriver] [  905] - DataField : TXTtxtWeight1
[INFO ][2016-01-12 20:00:54,855][com.java.SeleniumDriver] [  907] - DataValue : Economic
[INFO ][2016-01-12 20:00:54,855][com.java.SeleniumDriver] [  913] - <In Set values of the page>
[INFO ][2016-01-12 20:00:54,855][com.java.SeleniumDriver] [  916] - {Data Fields & Data Values Exist}
[INFO ][2016-01-12 20:00:54,855][com.java.SeleniumDriver] [  918] - --------------------------setting values-----------------------------
[INFO ][2016-01-12 20:00:54,855][com.java.SeleniumDriver] [  921] - Action Type : STOREVALUE
[INFO ][2016-01-12 20:00:54,855][com.java.TestType] [ 8956] - field= TXTtxtWeight1
[DEBUG][2016-01-12 20:00:55,936][com.java.TestType] [ 8970] - Key:: Economic  Value:: 1.20
[INFO ][2016-01-12 20:00:55,936][com.java.SeleniumDriver] [  930] -  RESULT true
[INFO ][2016-01-12 20:00:55,936][com.java.SeleniumDriver] [ 1136] - ?   P A S S   ?
[INFO ][2016-01-12 20:00:55,936][com.java.SeleniumDriver] [  856] - ------------------------------------------
[INFO ][2016-01-12 20:00:55,936][com.java.SeleniumDriver] [  857] - Test case being Executed: 12
[INFO ][2016-01-12 20:00:55,936][com.java.SeleniumDriver] [  869] - Test step:20
[INFO ][2016-01-12 20:00:55,936][com.java.SeleniumDriver] [  881] - Datavalue is----------3
[INFO ][2016-01-12 20:00:55,936][com.java.SeleniumDriver] [  905] - DataField : test
[INFO ][2016-01-12 20:00:55,936][com.java.SeleniumDriver] [  907] - DataValue : 3
[INFO ][2016-01-12 20:00:55,936][com.java.SeleniumDriver] [  913] - <In Set values of the page>
[INFO ][2016-01-12 20:00:55,936][com.java.SeleniumDriver] [  916] - {Data Fields & Data Values Exist}
[INFO ][2016-01-12 20:00:55,936][com.java.SeleniumDriver] [  918] - --------------------------setting values-----------------------------
[INFO ][2016-01-12 20:00:55,936][com.java.SeleniumDriver] [  921] - Action Type : WAITTIME
[DEBUG][2016-01-12 20:00:55,936][com.java.TestType] [ 5950] - sleepTime: 3000
[INFO ][2016-01-12 20:00:58,936][com.java.SeleniumDriver] [  930] -  RESULT true
[INFO ][2016-01-12 20:00:58,936][com.java.SeleniumDriver] [ 1136] - ?   P A S S   ?
[INFO ][2016-01-12 20:00:58,936][com.java.SeleniumDriver] [  856] - ------------------------------------------
[INFO ][2016-01-12 20:00:58,936][com.java.SeleniumDriver] [  857] - Test case being Executed: 12
[INFO ][2016-01-12 20:00:58,936][com.java.SeleniumDriver] [  869] - Test step:21
[INFO ][2016-01-12 20:00:58,936][com.java.SeleniumDriver] [  881] - Datavalue is----------0.50
[INFO ][2016-01-12 20:00:58,936][com.java.SeleniumDriver] [  905] - DataField : TXTtxtWeight2
[INFO ][2016-01-12 20:00:58,936][com.java.SeleniumDriver] [  907] - DataValue : 0.50
[INFO ][2016-01-12 20:00:58,936][com.java.SeleniumDriver] [  913] - <In Set values of the page>
[INFO ][2016-01-12 20:00:58,936][com.java.SeleniumDriver] [  916] - {Data Fields & Data Values Exist}
[INFO ][2016-01-12 20:00:58,936][com.java.SeleniumDriver] [  918] - --------------------------setting values-----------------------------
[INFO ][2016-01-12 20:00:58,936][com.java.SeleniumDriver] [  921] - Action Type : CLEARANDENTER
[INFO ][2016-01-12 20:00:58,936][com.java.TestType] [ 6136] - value = 0.50
[INFO ][2016-01-12 20:01:01,230][com.java.SeleniumDriver] [  930] -  RESULT true
[INFO ][2016-01-12 20:01:01,230][com.java.SeleniumDriver] [ 1136] - ?   P A S S   ?
[INFO ][2016-01-12 20:01:01,230][com.java.SeleniumDriver] [  856] - ------------------------------------------
[INFO ][2016-01-12 20:01:01,230][com.java.SeleniumDriver] [  857] - Test case being Executed: 12
[INFO ][2016-01-12 20:01:01,230][com.java.SeleniumDriver] [  869] - Test step:22
[INFO ][2016-01-12 20:01:01,230][com.java.SeleniumDriver] [  881] - Datavalue is----------Other
[INFO ][2016-01-12 20:01:01,230][com.java.SeleniumDriver] [  905] - DataField : TXTtxtWeight2
[INFO ][2016-01-12 20:01:01,230][com.java.SeleniumDriver] [  907] - DataValue : Other
[INFO ][2016-01-12 20:01:01,230][com.java.SeleniumDriver] [  913] - <In Set values of the page>
[INFO ][2016-01-12 20:01:01,230][com.java.SeleniumDriver] [  916] - {Data Fields & Data Values Exist}
[INFO ][2016-01-12 20:01:01,230][com.java.SeleniumDriver] [  918] - --------------------------setting values-----------------------------
[INFO ][2016-01-12 20:01:01,230][com.java.SeleniumDriver] [  921] - Action Type : STOREVALUE
[INFO ][2016-01-12 20:01:01,230][com.java.TestType] [ 8956] - field= TXTtxtWeight2
[DEBUG][2016-01-12 20:01:02,321][com.java.TestType] [ 8970] - Key:: Other  Value:: 0.50
[INFO ][2016-01-12 20:01:02,321][com.java.SeleniumDriver] [  930] -  RESULT true
[INFO ][2016-01-12 20:01:02,321][com.java.SeleniumDriver] [ 1136] - ?   P A S S   ?
[INFO ][2016-01-12 20:01:02,321][com.java.SeleniumDriver] [  856] - ------------------------------------------
[INFO ][2016-01-12 20:01:02,321][com.java.SeleniumDriver] [  857] - Test case being Executed: 12
[INFO ][2016-01-12 20:01:02,321][com.java.SeleniumDriver] [  869] - Test step:23
[INFO ][2016-01-12 20:01:02,321][com.java.SeleniumDriver] [  881] - Datavalue is----------3
[INFO ][2016-01-12 20:01:02,321][com.java.SeleniumDriver] [  905] - DataField : test
[INFO ][2016-01-12 20:01:02,321][com.java.SeleniumDriver] [  907] - DataValue : 3
[INFO ][2016-01-12 20:01:02,321][com.java.SeleniumDriver] [  913] - <In Set values of the page>
[INFO ][2016-01-12 20:01:02,321][com.java.SeleniumDriver] [  916] - {Data Fields & Data Values Exist}
[INFO ][2016-01-12 20:01:02,321][com.java.SeleniumDriver] [  918] - --------------------------setting values-----------------------------
[INFO ][2016-01-12 20:01:02,321][com.java.SeleniumDriver] [  921] - Action Type : WAITTIME
[DEBUG][2016-01-12 20:01:02,321][com.java.TestType] [ 5950] - sleepTime: 3000
[INFO ][2016-01-12 20:01:05,321][com.java.SeleniumDriver] [  930] -  RESULT true
[INFO ][2016-01-12 20:01:05,321][com.java.SeleniumDriver] [ 1136] - ?   P A S S   ?
[INFO ][2016-01-12 20:01:05,321][com.java.SeleniumDriver] [  856] - ------------------------------------------
[INFO ][2016-01-12 20:01:05,321][com.java.SeleniumDriver] [  857] - Test case being Executed: 12
[INFO ][2016-01-12 20:01:05,321][com.java.SeleniumDriver] [  869] - Test step:24
[INFO ][2016-01-12 20:01:05,321][com.java.SeleniumDriver] [  881] - Datavalue is----------null
[DEBUG][2016-01-12 20:01:05,321][com.java.SeleniumDriver] [  899] - Exception: null
[INFO ][2016-01-12 20:01:05,321][com.java.SeleniumDriver] [  905] - DataField : BTNchkRated
[INFO ][2016-01-12 20:01:05,321][com.java.SeleniumDriver] [  907] - DataValue : 
[INFO ][2016-01-12 20:01:05,321][com.java.SeleniumDriver] [  913] - <In Set values of the page>
[INFO ][2016-01-12 20:01:05,321][com.java.SeleniumDriver] [  916] - {Data Fields & Data Values Exist}
[INFO ][2016-01-12 20:01:05,321][com.java.SeleniumDriver] [  918] - --------------------------setting values-----------------------------
[INFO ][2016-01-12 20:01:05,321][com.java.SeleniumDriver] [  921] - Action Type : CLICK
[INFO ][2016-01-12 20:01:05,321][com.java.TestType] [ 6515] - Field ::BTNchkRated
[INFO ][2016-01-12 20:01:05,321][com.java.TestType] [ 6136] - value = 
[INFO ][2016-01-12 20:01:06,323][com.java.TestType] [ 6631] - BEFORE CLICK
[INFO ][2016-01-12 20:01:07,483][com.java.TestType] [ 6638] - Unable to click the object RatedLoan checkbox
[INFO ][2016-01-12 20:01:07,483][com.java.SeleniumDriver] [  930] -  RESULT true
[INFO ][2016-01-12 20:01:07,483][com.java.SeleniumDriver] [ 1136] - ?   P A S S   ?
[INFO ][2016-01-12 20:01:07,483][com.java.SeleniumDriver] [  856] - ------------------------------------------
[INFO ][2016-01-12 20:01:07,483][com.java.SeleniumDriver] [  857] - Test case being Executed: 12
[INFO ][2016-01-12 20:01:07,483][com.java.SeleniumDriver] [  869] - Test step:25
[INFO ][2016-01-12 20:01:07,483][com.java.SeleniumDriver] [  881] - Datavalue is----------null
[DEBUG][2016-01-12 20:01:07,483][com.java.SeleniumDriver] [  899] - Exception: null
[INFO ][2016-01-12 20:01:07,483][com.java.SeleniumDriver] [  905] - DataField : BTNparent
[INFO ][2016-01-12 20:01:07,483][com.java.SeleniumDriver] [  907] - DataValue : 
[INFO ][2016-01-12 20:01:07,483][com.java.SeleniumDriver] [  913] - <In Set values of the page>
[INFO ][2016-01-12 20:01:07,483][com.java.SeleniumDriver] [  916] - {Data Fields & Data Values Exist}
[INFO ][2016-01-12 20:01:07,483][com.java.SeleniumDriver] [  918] - --------------------------setting values-----------------------------
[INFO ][2016-01-12 20:01:07,483][com.java.SeleniumDriver] [  921] - Action Type : SELECTFRAME
[INFO ][2016-01-12 20:01:07,493][com.java.SeleniumDriver] [  930] -  RESULT true
[INFO ][2016-01-12 20:01:07,493][com.java.SeleniumDriver] [ 1136] - ?   P A S S   ?
[INFO ][2016-01-12 20:01:07,493][com.java.SeleniumDriver] [  856] - ------------------------------------------
[INFO ][2016-01-12 20:01:07,493][com.java.SeleniumDriver] [  857] - Test case being Executed: 12
[INFO ][2016-01-12 20:01:07,493][com.java.SeleniumDriver] [  869] - Test step:26
[INFO ][2016-01-12 20:01:07,493][com.java.SeleniumDriver] [  881] - Datavalue is----------5
[INFO ][2016-01-12 20:01:07,493][com.java.SeleniumDriver] [  905] - DataField : XPH//span[contains(text(), 'Update')]
[INFO ][2016-01-12 20:01:07,493][com.java.SeleniumDriver] [  907] - DataValue : 5
[INFO ][2016-01-12 20:01:07,493][com.java.SeleniumDriver] [  913] - <In Set values of the page>
[INFO ][2016-01-12 20:01:07,493][com.java.SeleniumDriver] [  916] - {Data Fields & Data Values Exist}
[INFO ][2016-01-12 20:01:07,493][com.java.SeleniumDriver] [  918] - --------------------------setting values-----------------------------
[INFO ][2016-01-12 20:01:07,493][com.java.SeleniumDriver] [  921] - Action Type : WAITFORELEMENT
[INFO ][2016-01-12 20:01:07,533][com.java.SeleniumDriver] [  930] -  RESULT true
[INFO ][2016-01-12 20:01:07,533][com.java.SeleniumDriver] [ 1136] - ?   P A S S   ?
[INFO ][2016-01-12 20:01:07,533][com.java.SeleniumDriver] [  856] - ------------------------------------------
[INFO ][2016-01-12 20:01:07,533][com.java.SeleniumDriver] [  857] - Test case being Executed: 12
[INFO ][2016-01-12 20:01:07,533][com.java.SeleniumDriver] [  869] - Test step:27
[INFO ][2016-01-12 20:01:07,533][com.java.SeleniumDriver] [  881] - Datavalue is----------null
[DEBUG][2016-01-12 20:01:07,533][com.java.SeleniumDriver] [  899] - Exception: null
[INFO ][2016-01-12 20:01:07,533][com.java.SeleniumDriver] [  905] - DataField : XPH//span[contains(text(), 'Update')]
[INFO ][2016-01-12 20:01:07,533][com.java.SeleniumDriver] [  907] - DataValue : 
[INFO ][2016-01-12 20:01:07,533][com.java.SeleniumDriver] [  913] - <In Set values of the page>
[INFO ][2016-01-12 20:01:07,533][com.java.SeleniumDriver] [  916] - {Data Fields & Data Values Exist}
[INFO ][2016-01-12 20:01:07,533][com.java.SeleniumDriver] [  918] - --------------------------setting values-----------------------------
[INFO ][2016-01-12 20:01:07,533][com.java.SeleniumDriver] [  921] - Action Type : CLICK
[INFO ][2016-01-12 20:01:07,533][com.java.TestType] [ 6515] - Field ::XPH//span[contains(text(), 'Update')]
[INFO ][2016-01-12 20:01:07,533][com.java.TestType] [ 6136] - value = 
[INFO ][2016-01-12 20:01:08,533][com.java.TestType] [ 6652] - BEFORE CLICK
[INFO ][2016-01-12 20:01:09,425][com.java.TestType] [ 6660] - Unable to click the object Update button
[INFO ][2016-01-12 20:01:09,425][com.java.SeleniumDriver] [  930] -  RESULT true
[INFO ][2016-01-12 20:01:09,425][com.java.SeleniumDriver] [ 1136] - ?   P A S S   ?
[INFO ][2016-01-12 20:01:09,425][com.java.SeleniumDriver] [  856] - ------------------------------------------
[INFO ][2016-01-12 20:01:09,425][com.java.SeleniumDriver] [  857] - Test case being Executed: 12
[INFO ][2016-01-12 20:01:09,425][com.java.SeleniumDriver] [  869] - Test step:28
[INFO ][2016-01-12 20:01:09,425][com.java.SeleniumDriver] [  881] - Datavalue is----------5
[INFO ][2016-01-12 20:01:09,425][com.java.SeleniumDriver] [  905] - DataField : XPH//span[contains(text(), 'Rated Loan Categories')]
[INFO ][2016-01-12 20:01:09,425][com.java.SeleniumDriver] [  907] - DataValue : 5
[INFO ][2016-01-12 20:01:09,425][com.java.SeleniumDriver] [  913] - <In Set values of the page>
[INFO ][2016-01-12 20:01:09,425][com.java.SeleniumDriver] [  916] - {Data Fields & Data Values Exist}
[INFO ][2016-01-12 20:01:09,425][com.java.SeleniumDriver] [  918] - --------------------------setting values-----------------------------
[INFO ][2016-01-12 20:01:09,425][com.java.SeleniumDriver] [  921] - Action Type : WAITFORELEMENT
[INFO ][2016-01-12 20:01:09,909][com.java.SeleniumDriver] [  930] -  RESULT true
[INFO ][2016-01-12 20:01:09,909][com.java.SeleniumDriver] [ 1136] - ?   P A S S   ?
[INFO ][2016-01-12 20:01:09,909][com.java.SeleniumDriver] [  856] - ------------------------------------------
[INFO ][2016-01-12 20:01:09,909][com.java.SeleniumDriver] [  857] - Test case being Executed: 12
[INFO ][2016-01-12 20:01:09,909][com.java.SeleniumDriver] [  869] - Test step:29
[INFO ][2016-01-12 20:01:09,909][com.java.SeleniumDriver] [  881] - Datavalue is----------null
[DEBUG][2016-01-12 20:01:09,909][com.java.SeleniumDriver] [  899] - Exception: null
[INFO ][2016-01-12 20:01:09,909][com.java.SeleniumDriver] [  905] - DataField : BTNframeDialogContent
[INFO ][2016-01-12 20:01:09,909][com.java.SeleniumDriver] [  907] - DataValue : 
[INFO ][2016-01-12 20:01:09,909][com.java.SeleniumDriver] [  913] - <In Set values of the page>
[INFO ][2016-01-12 20:01:09,909][com.java.SeleniumDriver] [  916] - {Data Fields & Data Values Exist}
[INFO ][2016-01-12 20:01:09,909][com.java.SeleniumDriver] [  918] - --------------------------setting values-----------------------------
[INFO ][2016-01-12 20:01:09,909][com.java.SeleniumDriver] [  921] - Action Type : SELECTFRAME
[INFO ][2016-01-12 20:01:11,141][com.java.SeleniumDriver] [  930] -  RESULT true
[INFO ][2016-01-12 20:01:11,141][com.java.SeleniumDriver] [ 1136] - ?   P A S S   ?
[INFO ][2016-01-12 20:01:11,141][com.java.SeleniumDriver] [  856] - ------------------------------------------
[INFO ][2016-01-12 20:01:11,141][com.java.SeleniumDriver] [  857] - Test case being Executed: 12
[INFO ][2016-01-12 20:01:11,141][com.java.SeleniumDriver] [  869] - Test step:30
[INFO ][2016-01-12 20:01:11,141][com.java.SeleniumDriver] [  881] - Datavalue is----------HMVTest
[INFO ][2016-01-12 20:01:11,141][com.java.SeleniumDriver] [  905] - DataField : MSG
[INFO ][2016-01-12 20:01:11,141][com.java.SeleniumDriver] [  907] - DataValue : HMVTest
[INFO ][2016-01-12 20:01:11,141][com.java.SeleniumDriver] [  913] - <In Set values of the page>
[INFO ][2016-01-12 20:01:11,141][com.java.SeleniumDriver] [  916] - {Data Fields & Data Values Exist}
[INFO ][2016-01-12 20:01:11,141][com.java.SeleniumDriver] [  918] - --------------------------setting values-----------------------------
[INFO ][2016-01-12 20:01:11,141][com.java.SeleniumDriver] [  921] - Action Type : VERIFY
[INFO ][2016-01-12 20:01:11,141][com.java.TestType] [ 7605] - field= MSG value= HMVTest
[INFO ][2016-01-12 20:01:11,141][com.java.TestType] [ 6136] - value = Testing68575
[DEBUG][2016-01-12 20:01:11,141][com.java.TestType] [ 8411] - value :: Testing68575
[INFO ][2016-01-12 20:01:11,161][com.java.SeleniumDriver] [  930] -  RESULT true
[INFO ][2016-01-12 20:01:11,161][com.java.SeleniumDriver] [ 1136] - ?   P A S S   ?
[INFO ][2016-01-12 20:01:11,161][com.java.SeleniumDriver] [  856] - ------------------------------------------
[INFO ][2016-01-12 20:01:11,161][com.java.SeleniumDriver] [  857] - Test case being Executed: 12
[INFO ][2016-01-12 20:01:11,161][com.java.SeleniumDriver] [  869] - Test step:31
[INFO ][2016-01-12 20:01:11,161][com.java.SeleniumDriver] [  881] - Datavalue is----------null
[DEBUG][2016-01-12 20:01:11,161][com.java.SeleniumDriver] [  899] - Exception: null
[INFO ][2016-01-12 20:01:11,161][com.java.SeleniumDriver] [  905] - DataField : BTNparent
[INFO ][2016-01-12 20:01:11,161][com.java.SeleniumDriver] [  907] - DataValue : 
[INFO ][2016-01-12 20:01:11,161][com.java.SeleniumDriver] [  913] - <In Set values of the page>
[INFO ][2016-01-12 20:01:11,161][com.java.SeleniumDriver] [  916] - {Data Fields & Data Values Exist}
[INFO ][2016-01-12 20:01:11,161][com.java.SeleniumDriver] [  918] - --------------------------setting values-----------------------------
[INFO ][2016-01-12 20:01:11,161][com.java.SeleniumDriver] [  921] - Action Type : SELECTFRAME
[INFO ][2016-01-12 20:01:11,181][com.java.SeleniumDriver] [  930] -  RESULT true
[INFO ][2016-01-12 20:01:11,181][com.java.SeleniumDriver] [ 1136] - ?   P A S S   ?
[INFO ][2016-01-12 20:01:11,181][com.java.SeleniumDriver] [  856] - ------------------------------------------
[INFO ][2016-01-12 20:01:11,181][com.java.SeleniumDriver] [  857] - Test case being Executed: 12
[INFO ][2016-01-12 20:01:11,181][com.java.SeleniumDriver] [  869] - Test step:32
[INFO ][2016-01-12 20:01:11,181][com.java.SeleniumDriver] [  881] - Datavalue is----------null
[DEBUG][2016-01-12 20:01:11,181][com.java.SeleniumDriver] [  899] - Exception: null
[INFO ][2016-01-12 20:01:11,181][com.java.SeleniumDriver] [  905] - DataField : XPH//span[contains(text(), 'Update')]
[INFO ][2016-01-12 20:01:11,181][com.java.SeleniumDriver] [  907] - DataValue : 
[INFO ][2016-01-12 20:01:11,181][com.java.SeleniumDriver] [  913] - <In Set values of the page>
[INFO ][2016-01-12 20:01:11,181][com.java.SeleniumDriver] [  916] - {Data Fields & Data Values Exist}
[INFO ][2016-01-12 20:01:11,181][com.java.SeleniumDriver] [  918] - --------------------------setting values-----------------------------
[INFO ][2016-01-12 20:01:11,181][com.java.SeleniumDriver] [  921] - Action Type : CLICK
[INFO ][2016-01-12 20:01:11,181][com.java.TestType] [ 6515] - Field ::XPH//span[contains(text(), 'Update')]
[INFO ][2016-01-12 20:01:11,181][com.java.TestType] [ 6136] - value = 
[INFO ][2016-01-12 20:01:12,181][com.java.TestType] [ 6652] - BEFORE CLICK
[INFO ][2016-01-12 20:01:13,561][com.java.TestType] [ 6660] - Unable to click the object Update button
[INFO ][2016-01-12 20:01:13,561][com.java.SeleniumDriver] [  930] -  RESULT true
[INFO ][2016-01-12 20:01:13,561][com.java.SeleniumDriver] [ 1136] - ?   P A S S   ?
[INFO ][2016-01-12 20:01:13,561][com.java.SeleniumDriver] [  856] - ------------------------------------------
[INFO ][2016-01-12 20:01:13,561][com.java.SeleniumDriver] [  857] - Test case being Executed: 12
[INFO ][2016-01-12 20:01:13,561][com.java.SeleniumDriver] [  869] - Test step:33
[INFO ][2016-01-12 20:01:13,561][com.java.SeleniumDriver] [  881] - Datavalue is----------3
[INFO ][2016-01-12 20:01:13,561][com.java.SeleniumDriver] [  905] - DataField : XPH//div[contains(text(), 'My Dashboard')]
[INFO ][2016-01-12 20:01:13,561][com.java.SeleniumDriver] [  907] - DataValue : 3
[INFO ][2016-01-12 20:01:13,561][com.java.SeleniumDriver] [  913] - <In Set values of the page>
[INFO ][2016-01-12 20:01:13,561][com.java.SeleniumDriver] [  916] - {Data Fields & Data Values Exist}
[INFO ][2016-01-12 20:01:13,561][com.java.SeleniumDriver] [  918] - --------------------------setting values-----------------------------
[INFO ][2016-01-12 20:01:13,561][com.java.SeleniumDriver] [  921] - Action Type : WAITFORELEMENT
[INFO ][2016-01-12 20:01:13,602][com.java.SeleniumDriver] [  930] -  RESULT true
[INFO ][2016-01-12 20:01:13,602][com.java.SeleniumDriver] [ 1136] - ?   P A S S   ?
[INFO ][2016-01-12 20:01:13,602][com.java.SeleniumDriver] [  856] - ------------------------------------------
[INFO ][2016-01-12 20:01:13,602][com.java.SeleniumDriver] [  857] - Test case being Executed: 12
[INFO ][2016-01-12 20:01:13,602][com.java.SeleniumDriver] [  869] - Test step:34
[INFO ][2016-01-12 20:01:13,602][com.java.SeleniumDriver] [  881] - Datavalue is----------My Dashboard
[INFO ][2016-01-12 20:01:13,602][com.java.SeleniumDriver] [  905] - DataField : XPH//div[contains(text(), 'My Dashboard')]
[INFO ][2016-01-12 20:01:13,602][com.java.SeleniumDriver] [  907] - DataValue : My Dashboard
[INFO ][2016-01-12 20:01:13,602][com.java.SeleniumDriver] [  913] - <In Set values of the page>
[INFO ][2016-01-12 20:01:13,602][com.java.SeleniumDriver] [  916] - {Data Fields & Data Values Exist}
[INFO ][2016-01-12 20:01:13,602][com.java.SeleniumDriver] [  918] - --------------------------setting values-----------------------------
[INFO ][2016-01-12 20:01:13,602][com.java.SeleniumDriver] [  921] - Action Type : VERIFY
[INFO ][2016-01-12 20:01:13,602][com.java.TestType] [ 7605] - field= XPH//div[contains(text(), 'My Dashboard')] value= My Dashboard
[INFO ][2016-01-12 20:01:13,602][com.java.TestType] [ 6136] - value = My Dashboard
[INFO ][2016-01-12 20:01:13,712][com.java.SeleniumDriver] [  930] -  RESULT true
[INFO ][2016-01-12 20:01:13,712][com.java.SeleniumDriver] [ 1136] - ?   P A S S   ?
[INFO ][2016-01-12 20:01:13,712][com.java.SeleniumDriver] [  856] - ------------------------------------------
[INFO ][2016-01-12 20:01:13,712][com.java.SeleniumDriver] [  857] - Test case being Executed: 12
[INFO ][2016-01-12 20:01:13,712][com.java.SeleniumDriver] [  869] - Test step:35
[INFO ][2016-01-12 20:01:13,712][com.java.SeleniumDriver] [  881] - Datavalue is----------null
[DEBUG][2016-01-12 20:01:13,712][com.java.SeleniumDriver] [  899] - Exception: null
[INFO ][2016-01-12 20:01:13,712][com.java.SeleniumDriver] [  905] - DataField : //span[@class='icon-user4']&&//a[text()='Company Settings']&&//a[@data-id="RatedLoans"]
[INFO ][2016-01-12 20:01:13,712][com.java.SeleniumDriver] [  907] - DataValue : 
[INFO ][2016-01-12 20:01:13,712][com.java.SeleniumDriver] [  913] - <In Set values of the page>
[INFO ][2016-01-12 20:01:13,712][com.java.SeleniumDriver] [  916] - {Data Fields & Data Values Exist}
[INFO ][2016-01-12 20:01:13,712][com.java.SeleniumDriver] [  918] - --------------------------setting values-----------------------------
[INFO ][2016-01-12 20:01:13,712][com.java.SeleniumDriver] [  921] - Action Type : MOUSEOVER
[INFO ][2016-01-12 20:01:40,524][com.java.SeleniumDriver] [  930] -  RESULT true
[INFO ][2016-01-12 20:01:40,524][com.java.SeleniumDriver] [ 1136] - ?   P A S S   ?
[INFO ][2016-01-12 20:01:40,524][com.java.SeleniumDriver] [  856] - ------------------------------------------
[INFO ][2016-01-12 20:01:40,524][com.java.SeleniumDriver] [  857] - Test case being Executed: 12
[INFO ][2016-01-12 20:01:40,524][com.java.SeleniumDriver] [  869] - Test step:36
[INFO ][2016-01-12 20:01:40,524][com.java.SeleniumDriver] [  881] - Datavalue is----------Rated Loan Categories
[INFO ][2016-01-12 20:01:40,524][com.java.SeleniumDriver] [  905] - DataField : XPH//span[contains(text(), 'Rated Loan Categories')]
[INFO ][2016-01-12 20:01:40,524][com.java.SeleniumDriver] [  907] - DataValue : Rated Loan Categories
[INFO ][2016-01-12 20:01:40,524][com.java.SeleniumDriver] [  913] - <In Set values of the page>
[INFO ][2016-01-12 20:01:40,524][com.java.SeleniumDriver] [  916] - {Data Fields & Data Values Exist}
[INFO ][2016-01-12 20:01:40,524][com.java.SeleniumDriver] [  918] - --------------------------setting values-----------------------------
[INFO ][2016-01-12 20:01:40,524][com.java.SeleniumDriver] [  921] - Action Type : VERIFY
[INFO ][2016-01-12 20:01:40,524][com.java.TestType] [ 7605] - field= XPH//span[contains(text(), 'Rated Loan Categories')] value= Rated Loan Categories
[INFO ][2016-01-12 20:01:40,524][com.java.TestType] [ 6136] - value = Rated Loan Categories
[INFO ][2016-01-12 20:01:40,645][com.java.SeleniumDriver] [  930] -  RESULT true
[INFO ][2016-01-12 20:01:40,645][com.java.SeleniumDriver] [ 1136] - ?   P A S S   ?
[INFO ][2016-01-12 20:01:40,645][com.java.SeleniumDriver] [  856] - ------------------------------------------
[INFO ][2016-01-12 20:01:40,645][com.java.SeleniumDriver] [  857] - Test case being Executed: 12
[INFO ][2016-01-12 20:01:40,645][com.java.SeleniumDriver] [  869] - Test step:37
[INFO ][2016-01-12 20:01:40,645][com.java.SeleniumDriver] [  881] - Datavalue is----------null
[DEBUG][2016-01-12 20:01:40,645][com.java.SeleniumDriver] [  899] - Exception: null
[INFO ][2016-01-12 20:01:40,645][com.java.SeleniumDriver] [  905] - DataField : BTNframeDialogContent
[INFO ][2016-01-12 20:01:40,645][com.java.SeleniumDriver] [  907] - DataValue : 
[INFO ][2016-01-12 20:01:40,645][com.java.SeleniumDriver] [  913] - <In Set values of the page>
[INFO ][2016-01-12 20:01:40,645][com.java.SeleniumDriver] [  916] - {Data Fields & Data Values Exist}
[INFO ][2016-01-12 20:01:40,645][com.java.SeleniumDriver] [  918] - --------------------------setting values-----------------------------
[INFO ][2016-01-12 20:01:40,645][com.java.SeleniumDriver] [  921] - Action Type : SELECTFRAME
[INFO ][2016-01-12 20:01:41,896][com.java.SeleniumDriver] [  930] -  RESULT true
[INFO ][2016-01-12 20:01:41,896][com.java.SeleniumDriver] [ 1136] - ?   P A S S   ?
[INFO ][2016-01-12 20:01:41,896][com.java.SeleniumDriver] [  856] - ------------------------------------------
[INFO ][2016-01-12 20:01:41,896][com.java.SeleniumDriver] [  857] - Test case being Executed: 12
[INFO ][2016-01-12 20:01:41,896][com.java.SeleniumDriver] [  869] - Test step:38
[INFO ][2016-01-12 20:01:41,896][com.java.SeleniumDriver] [  881] - Datavalue is----------Test
[INFO ][2016-01-12 20:01:41,896][com.java.SeleniumDriver] [  905] - DataField : MNC//table[@id="tblRatedLoans"]//input[@value='mytext']
[INFO ][2016-01-12 20:01:41,896][com.java.SeleniumDriver] [  907] - DataValue : Test
[INFO ][2016-01-12 20:01:41,896][com.java.SeleniumDriver] [  913] - <In Set values of the page>
[INFO ][2016-01-12 20:01:41,896][com.java.SeleniumDriver] [  916] - {Data Fields & Data Values Exist}
[INFO ][2016-01-12 20:01:41,896][com.java.SeleniumDriver] [  918] - --------------------------setting values-----------------------------
[INFO ][2016-01-12 20:01:41,896][com.java.SeleniumDriver] [  921] - Action Type : CLICK
[INFO ][2016-01-12 20:01:41,896][com.java.TestType] [ 6515] - Field ::MNC//table[@id="tblRatedLoans"]//input[@value='mytext']
[INFO ][2016-01-12 20:01:41,896][com.java.TestType] [ 6136] - value = Test
[INFO ][2016-01-12 20:01:43,027][com.java.SeleniumDriver] [  930] -  RESULT true
[INFO ][2016-01-12 20:01:43,027][com.java.SeleniumDriver] [ 1136] - ?   P A S S   ?
[INFO ][2016-01-12 20:01:43,027][com.java.SeleniumDriver] [  856] - ------------------------------------------
[INFO ][2016-01-12 20:01:43,027][com.java.SeleniumDriver] [  857] - Test case being Executed: 12
[INFO ][2016-01-12 20:01:43,027][com.java.SeleniumDriver] [  869] - Test step:39
[INFO ][2016-01-12 20:01:43,027][com.java.SeleniumDriver] [  881] - Datavalue is----------Test::Test1$%^2*
[INFO ][2016-01-12 20:01:43,027][com.java.SeleniumDriver] [  905] - DataField : PVP//table[@id="tblRatedLoans"]//input[@value='mytext']
[INFO ][2016-01-12 20:01:43,027][com.java.SeleniumDriver] [  907] - DataValue : Test::Test1$%^2*
[INFO ][2016-01-12 20:01:43,027][com.java.SeleniumDriver] [  913] - <In Set values of the page>
[INFO ][2016-01-12 20:01:43,027][com.java.SeleniumDriver] [  916] - {Data Fields & Data Values Exist}
[INFO ][2016-01-12 20:01:43,027][com.java.SeleniumDriver] [  918] - --------------------------setting values-----------------------------
[INFO ][2016-01-12 20:01:43,027][com.java.SeleniumDriver] [  921] - Action Type : CLEARANDENTER
[INFO ][2016-01-12 20:01:43,027][com.java.TestType] [ 6136] - value = Test::Test1$%^2*
[ERROR][2016-01-12 20:02:03,427][com.java.TestType] [ 7209] - Exception in clearAndEnter: null
[DEBUG][2016-01-12 20:02:03,427][com.java.TestType] [ 7213] - For ENTER action type the data field should be TXT
[INFO ][2016-01-12 20:02:03,427][com.java.SeleniumDriver] [  930] -  RESULT false
[INFO ][2016-01-12 20:02:03,427][com.java.SeleniumDriver] [  977] - ?   F A I L   ?
[INFO ][2016-01-12 20:02:03,427][com.java.SeleniumDriver] [  985] - Browser Type : IE10
[INFO ][2016-01-12 20:02:03,427][com.java.SeleniumDriver] [  986] - Adding Failed case12
[INFO ][2016-01-12 20:02:04,309][com.java.SeleniumDriver] [ 1100] - failedCases = 12
[ERROR][2016-01-12 20:02:04,309][com.java.SeleniumDriver] [ 1599] - Platform Errors : Our apologies...::We have encountered an issue with your request.::Our apologies?:We encountered an issue with your request.
[INFO ][2016-01-12 20:02:04,309][com.java.SeleniumDriver] [ 1603] - Length =3
[ERROR][2016-01-12 20:02:04,309][com.java.SeleniumDriver] [ 1606] - Error 0 = Our apologies...
[ERROR][2016-01-12 20:02:04,329][com.java.SeleniumDriver] [ 1606] - Error 1 = We have encountered an issue with your request.
[ERROR][2016-01-12 20:02:04,349][com.java.SeleniumDriver] [ 1606] - Error 2 = Our apologies?:We encountered an issue with your request.
[INFO ][2016-01-12 20:02:04,369][com.java.SeleniumDriver] [ 1617] - strError:
[DEBUG][2016-01-12 20:02:04,379][com.java.SeleniumDriver] [ 1248] - Case found
[DEBUG][2016-01-12 20:02:04,379][com.java.SeleniumDriver] [ 1253] - Incrementing ReportCounters[0]:2
[INFO ][2016-01-12 20:02:04,379][com.java.SeleniumDriver] [ 1272] - The results are-------------------[12, 39, Admin: Company Settings: Rated Loan Categories: Modify Existing Category, Fail, 
Test case failed at Step No. :: 39   Error Message ::  For ENTER action type the data field should be TXT. Screen Shot : D:\BankersDashboard\TestReports\011216\12_011216_200203_IE10.png, Tue Jan 12 20:02:04 IST 2016]
[INFO ][2016-01-12 20:02:04,379][com.java.SeleniumDriver] [ 1276] - End time is-------2 min 55 sec
[INFO ][2016-01-12 20:02:04,379][com.java.SeleniumDriver] [ 1277] - The results are-------------------[12, 39, Admin: Company Settings: Rated Loan Categories: Modify Existing Category, Fail, 
Test case failed at Step No. :: 39   Error Message ::  For ENTER action type the data field should be TXT. Screen Shot : D:\BankersDashboard\TestReports\011216\12_011216_200203_IE10.png, Tue Jan 12 20:02:04 IST 2016]
[DEBUG][2016-01-12 20:02:04,379][com.java.ImportnExport.ExportTestResultsExcel] [  222] - testResultPath = D:\BankersDashboard/TestReports/Test Results_BankersDashBoard_011216_195910_IE10_Bank of North Carolina.xls
[DEBUG][2016-01-12 20:02:04,379][com.java.ImportnExport.ExportTestResultsExcel] [  223] - browser is------------IE10
[DEBUG][2016-01-12 20:02:04,379][com.java.ImportnExport.ExportTestResultsExcel] [  270] - result.size() = 6
[DEBUG][2016-01-12 20:02:04,379][com.java.ImportnExport.ExportTestResultsExcel] [  274] - No of rows in sheet=2
[DEBUG][2016-01-12 20:02:04,379][com.java.ImportnExport.ExportTestResultsExcel] [  301] - ..in export..12
[DEBUG][2016-01-12 20:02:04,379][com.java.ImportnExport.ExportTestResultsExcel] [  301] - ..in export..Admin: Company Settings: Rated Loan Categories: Modify Existing Category
[DEBUG][2016-01-12 20:02:04,379][com.java.ImportnExport.ExportTestResultsExcel] [  301] - ..in export..Fail
[DEBUG][2016-01-12 20:02:04,379][com.java.ImportnExport.ExportTestResultsExcel] [  301] - ..in export..
Test case failed at Step No. :: 39   Error Message ::  For ENTER action type the data field should be TXT. Screen Shot : D:\BankersDashboard\TestReports\011216\12_011216_200203_IE10.png
[DEBUG][2016-01-12 20:02:04,379][com.java.ImportnExport.ExportTestResultsExcel] [  301] - ..in export..Tue Jan 12 20:02:04 IST 2016
[INFO ][2016-01-12 20:02:04,379][com.java.SeleniumDriver] [ 1337] - out loop:1 size:2 TestCases:[1, 12] testcases:[1, 12]
[INFO ][2016-01-12 20:02:06,379][com.java.SeleniumDriver] [ 1380] - Total Number of Cases:2
[INFO ][2016-01-12 20:02:06,379][com.java.TemplateGenerator] [  302] - Executed:2
[INFO ][2016-01-12 20:02:06,379][com.java.TemplateGenerator] [  303] - Passed:1
[INFO ][2016-01-12 20:02:06,379][com.java.TemplateGenerator] [  304] - Failed:1
[INFO ][2016-01-12 20:02:06,379][com.java.TemplateGenerator] [  305] - Skipeed:0
[INFO ][2016-01-12 20:02:06,379][com.java.TemplateGenerator] [  306] - Application URL:https://clients-xuat.bankersdashboard.com
[INFO ][2016-01-12 20:02:06,379][com.java.TemplateGenerator] [  307] - Start Time:011216_195910
[INFO ][2016-01-12 20:02:06,379][com.java.TemplateGenerator] [  308] -  Creating HTML Report 
[ERROR][2016-01-12 20:02:06,379][com.java.TemplateGenerator] [  409] - Unparseable date: "Tue Jan 12 07:59:10 IST 2016"
[INFO ][2016-01-12 20:02:06,379][com.java.TemplateGenerator] [  654] -  Exporting case :: 1
[INFO ][2016-01-12 20:02:06,379][com.java.TemplateGenerator] [  654] -  Exporting case :: 12
[INFO ][2016-01-12 20:02:06,379][com.java.SeleniumDriver] [ 1429] - End Time:011216_200206
[INFO ][2016-01-12 20:02:06,379][com.java.SeleniumDriver] [ 1432] - Data in Test Execution Details:{1=PASS, 12=FAILTest case failed at Step No. :: 39   Error Message ::  For ENTER action type the data field should be TXT}
[INFO ][2016-01-12 20:02:06,379][com.java.SeleniumDriver] [ 1433] - Data in Failed Execution Deatils:{}
[INFO ][2016-01-12 20:02:06,379][com.java.SeleniumDriver] [ 1435] - ReportCounter:Total:2 :: PASS: 1 ::FAIL: 1
[INFO ][2016-01-12 20:02:06,379][com.java.SeleniumDriver] [ 1436] - FailedReportCounter:Total:0 :: PASS: 0 ::FAIL: 0
[INFO ][2016-01-12 20:02:06,380][com.java.EmailTestReport] [   63] - Sending report mail details:
[INFO ][2016-01-12 20:02:06,380][com.java.EmailTestReport] [   80] - Excel Report Path:D:\BankersDashboard/TestReports/Test Results_BankersDashBoard_011216_195910_IE10_Bank of North Carolina.xls
[INFO ][2016-01-12 20:02:06,380][com.java.EmailTestReport] [   81] - HTML Report Path:D:\BankersDashboard//TestReports//Test Results_BankersDashBoard_011216_195910_IE10_Bank of North Carolina.html
[INFO ][2016-01-12 20:02:06,380][com.java.EmailTestReport] [   82] - smtpHostName:mail01.valuelabs.com
[INFO ][2016-01-12 20:02:06,380][com.java.EmailTestReport] [   83] - Recipient:venkateswararao.gubbala@valuelabs.com;
[INFO ][2016-01-12 20:02:06,380][com.java.EmailTestReport] [   84] - From:venkateswararao.gubbala@valuelabs.com;
[INFO ][2016-01-12 20:02:06,380][com.java.EmailTestReport] [   85] - Subject:Deluxe Corp Bankers Dashboard Automation Test Report - Bank of North Carolina - IE10
[INFO ][2016-01-12 20:02:06,410][com.java.EmailTestReport] [  143] -  Added venkateswararao.gubbala@valuelabs.com
[INFO ][2016-01-12 20:02:09,530][com.java.SeleniumDriver] [  722] - quitting the browser 
[INFO ][2016-01-12 20:02:10,790][com.java.SeleniumDriver] [  264] - Execution Completed Stopping the thread
