[INFO ][2016-01-07 15:57:39,020][com.java.SeleniumDriver] [  213] - Execute Failed Casesfalse
[INFO ][2016-01-07 15:57:39,020][com.java.SeleniumDriver] [  214] - Browser: IE10
[INFO ][2016-01-07 15:57:39,020][com.java.SeleniumDriver] [  215] - [1, 2, 3]
[INFO ][2016-01-07 15:57:39,021][com.java.SeleniumDriver] [  216] - Total TestCases:3
[INFO ][2016-01-07 15:57:39,021][com.java.SeleniumDriver] [  217] -  Reading Properties from Property File 
[DEBUG][2016-01-07 15:57:39,021][com.java.SeleniumDriver] [  238] - url : https://clients-xuat.bankersdashboard.com
[INFO ][2016-01-07 15:57:39,022][com.java.ImportnExport.ExportTestResultsExcel] [  116] - Time Stamp Thu Jan 07 03:57:39 IST 2016
[INFO ][2016-01-07 15:57:39,022][com.java.ImportnExport.ExportTestResultsExcel] [  175] - OUT FILE : D:\BankersDashboard/TestReports/Test Results_BankersDashBoard_010716_155739_IE10_First Bank.xls
[INFO ][2016-01-07 15:57:39,052][com.java.ImportnExport.ExportTestResultsExcel] [  180] - Test Result file is created
[DEBUG][2016-01-07 15:57:39,155][com.java.SeleniumDriver] [  426] - Hub ip address is-------172.17.68.34
[INFO ][2016-01-07 15:57:39,156][com.java.SeleniumDriver] [  452] - Grid URL:http://172.17.68.34:4444/wd/hub
[INFO ][2016-01-07 15:57:39,157][com.java.SeleniumDriver] [  453] - Capability:Capabilities [{platform=ANY, ensureCleanSession=true, ignoreProtectedModeSettings=true, acceptSslCerts=true, ignoreZoomSetting=true, browserName=internet explorer, browserstack.ie.noFlash=true, version=null}]
[ERROR][2016-01-07 15:57:40,477][com.java.SeleniumDriver] [  498] - Unable invoke browser in grid:Could not start a new session. Possible causes are invalid address of the remote server or browser start-up failure.
Build info: version: '2.48.2', revision: '41bccdd', time: '2015-10-09 19:59:12'
System info: host: 'FVTIII438F1D', ip: '172.17.68.34', os.name: 'Windows 7', os.arch: 'x86', os.version: '6.1', java.version: '1.7.0_55'
Driver info: driver.version: SeleniumDriver
[INFO ][2016-01-07 15:57:40,478][com.java.SeleniumDriver] [  500] - Executing on local machine
[INFO ][2016-01-07 15:57:51,167][com.java.SeleniumDriver] [  248] - IE10is opened
[INFO ][2016-01-07 15:57:52,026][com.java.SeleniumDriver] [  756] - Test cases to be executed are: [1, 2, 3]
[INFO ][2016-01-07 15:57:52,047][com.java.ImportnExport.ImportTestDataDetailsExcel] [   49] - test data details path===== D:\BankersDashboard\TestInputs\TestData.xls
[INFO ][2016-01-07 15:57:52,139][com.java.SeleniumDriver] [  832] - ------------------------------------------
[INFO ][2016-01-07 15:57:52,139][com.java.SeleniumDriver] [  833] - Test case being Executed: 1
[INFO ][2016-01-07 15:57:52,139][com.java.SeleniumDriver] [  845] - Test step:1
[INFO ][2016-01-07 15:57:52,139][com.java.SeleniumDriver] [  857] - Datavalue is----------Concept#1:1-16
[INFO ][2016-01-07 15:57:52,139][com.java.SeleniumDriver] [  881] - DataField : test
[INFO ][2016-01-07 15:57:52,140][com.java.SeleniumDriver] [  883] - DataValue : Concept#1:1-16
[INFO ][2016-01-07 15:57:52,140][com.java.SeleniumDriver] [  889] - <In Set values of the page>
[INFO ][2016-01-07 15:57:52,140][com.java.SeleniumDriver] [  892] - {Data Fields & Data Values Exist}
[INFO ][2016-01-07 15:57:52,140][com.java.SeleniumDriver] [  894] - --------------------------setting values-----------------------------
[INFO ][2016-01-07 15:57:52,140][com.java.SeleniumDriver] [  897] - Action Type : ExecuteTestCase
[INFO ][2016-01-07 15:57:52,157][com.java.TestType] [  437] - The Concept sheet name is ---------- Concept
[INFO ][2016-01-07 15:57:52,157][com.java.TestType] [  440] - The Concept ID  is ---------- 1
[DEBUG][2016-01-07 15:57:52,157][com.java.TestType] [  444] - Steps being executted in the Concept are: 1:16
[INFO ][2016-01-07 15:57:52,158][com.java.TestType] [  451] - Test data details path ---------- D:\BankersDashboard\TestInputs\TestData.xls
[INFO ][2016-01-07 15:57:52,189][com.java.TestType] [  482] -  str(1) = 1
[INFO ][2016-01-07 15:57:52,189][com.java.TestType] [  485] - Test case Id is---1
[INFO ][2016-01-07 15:57:52,189][com.java.TestType] [  487] - 1
[INFO ][2016-01-07 15:57:52,189][com.java.TestType] [  482] -  str(2) = 1
[INFO ][2016-01-07 15:57:52,193][com.java.TestType] [  482] -  str(1) = 1
[INFO ][2016-01-07 15:57:52,194][com.java.TestType] [  485] - Test case Id is---1
[INFO ][2016-01-07 15:57:52,194][com.java.TestType] [  487] - 1
[INFO ][2016-01-07 15:57:52,194][com.java.TestType] [  482] -  str(2) = 2
[INFO ][2016-01-07 15:57:52,195][com.java.TestType] [  482] -  str(1) = 1
[INFO ][2016-01-07 15:57:52,195][com.java.TestType] [  485] - Test case Id is---1
[INFO ][2016-01-07 15:57:52,195][com.java.TestType] [  487] - 1
[INFO ][2016-01-07 15:57:52,195][com.java.TestType] [  482] -  str(2) = 3
[INFO ][2016-01-07 15:57:52,197][com.java.TestType] [  482] -  str(1) = 1
[INFO ][2016-01-07 15:57:52,197][com.java.TestType] [  485] - Test case Id is---1
[INFO ][2016-01-07 15:57:52,197][com.java.TestType] [  487] - 1
[INFO ][2016-01-07 15:57:52,197][com.java.TestType] [  482] -  str(2) = 4
[INFO ][2016-01-07 15:57:52,198][com.java.TestType] [  482] -  str(1) = 1
[INFO ][2016-01-07 15:57:52,199][com.java.TestType] [  485] - Test case Id is---1
[INFO ][2016-01-07 15:57:52,199][com.java.TestType] [  487] - 1
[INFO ][2016-01-07 15:57:52,199][com.java.TestType] [  482] -  str(2) = 5
[INFO ][2016-01-07 15:57:52,200][com.java.TestType] [  482] -  str(1) = 1
[INFO ][2016-01-07 15:57:52,200][com.java.TestType] [  485] - Test case Id is---1
[INFO ][2016-01-07 15:57:52,200][com.java.TestType] [  487] - 1
[INFO ][2016-01-07 15:57:52,200][com.java.TestType] [  482] -  str(2) = 6
[INFO ][2016-01-07 15:57:52,203][com.java.TestType] [  482] -  str(1) = 1
[INFO ][2016-01-07 15:57:52,204][com.java.TestType] [  485] - Test case Id is---1
[INFO ][2016-01-07 15:57:52,204][com.java.TestType] [  487] - 1
[INFO ][2016-01-07 15:57:52,204][com.java.TestType] [  482] -  str(2) = 7
[INFO ][2016-01-07 15:57:52,205][com.java.TestType] [  482] -  str(1) = 1
[INFO ][2016-01-07 15:57:52,205][com.java.TestType] [  485] - Test case Id is---1
[INFO ][2016-01-07 15:57:52,205][com.java.TestType] [  487] - 1
[INFO ][2016-01-07 15:57:52,205][com.java.TestType] [  482] -  str(2) = 8
[INFO ][2016-01-07 15:57:52,206][com.java.TestType] [  482] -  str(1) = 1
[INFO ][2016-01-07 15:57:52,206][com.java.TestType] [  485] - Test case Id is---1
[INFO ][2016-01-07 15:57:52,206][com.java.TestType] [  487] - 1
[INFO ][2016-01-07 15:57:52,206][com.java.TestType] [  482] -  str(2) = 9
[INFO ][2016-01-07 15:57:52,207][com.java.TestType] [  482] -  str(1) = 1
[INFO ][2016-01-07 15:57:52,207][com.java.TestType] [  485] - Test case Id is---1
[INFO ][2016-01-07 15:57:52,207][com.java.TestType] [  487] - 1
[INFO ][2016-01-07 15:57:52,207][com.java.TestType] [  482] -  str(2) = 10
[INFO ][2016-01-07 15:57:52,208][com.java.TestType] [  482] -  str(1) = 1
[INFO ][2016-01-07 15:57:52,208][com.java.TestType] [  485] - Test case Id is---1
[INFO ][2016-01-07 15:57:52,208][com.java.TestType] [  487] - 1
[INFO ][2016-01-07 15:57:52,208][com.java.TestType] [  482] -  str(2) = 11
[INFO ][2016-01-07 15:57:52,209][com.java.TestType] [  482] -  str(1) = 1
[INFO ][2016-01-07 15:57:52,209][com.java.TestType] [  485] - Test case Id is---1
[INFO ][2016-01-07 15:57:52,209][com.java.TestType] [  487] - 1
[INFO ][2016-01-07 15:57:52,209][com.java.TestType] [  482] -  str(2) = 12
[INFO ][2016-01-07 15:57:52,210][com.java.TestType] [  482] -  str(1) = 1
[INFO ][2016-01-07 15:57:52,210][com.java.TestType] [  485] - Test case Id is---1
[INFO ][2016-01-07 15:57:52,210][com.java.TestType] [  487] - 1
[INFO ][2016-01-07 15:57:52,210][com.java.TestType] [  482] -  str(2) = 13
[INFO ][2016-01-07 15:57:52,212][com.java.TestType] [  482] -  str(1) = 1
[INFO ][2016-01-07 15:57:52,212][com.java.TestType] [  485] - Test case Id is---1
[INFO ][2016-01-07 15:57:52,212][com.java.TestType] [  487] - 1
[INFO ][2016-01-07 15:57:52,212][com.java.TestType] [  482] -  str(2) = 14
[INFO ][2016-01-07 15:57:52,213][com.java.TestType] [  482] -  str(1) = 1
[INFO ][2016-01-07 15:57:52,213][com.java.TestType] [  485] - Test case Id is---1
[INFO ][2016-01-07 15:57:52,213][com.java.TestType] [  487] - 1
[INFO ][2016-01-07 15:57:52,213][com.java.TestType] [  482] -  str(2) = 15
[INFO ][2016-01-07 15:57:52,214][com.java.TestType] [  482] -  str(1) = 1
[INFO ][2016-01-07 15:57:52,214][com.java.TestType] [  485] - Test case Id is---1
[INFO ][2016-01-07 15:57:52,214][com.java.TestType] [  487] - 1
[INFO ][2016-01-07 15:57:52,214][com.java.TestType] [  482] -  str(2) = 16
[INFO ][2016-01-07 15:57:52,215][com.java.TestType] [10822] - Looping 1TCID = 1
[DEBUG][2016-01-07 15:57:52,215][com.java.TestType] [10863] - Concept ID:1 :: Step being Executed: 1::1
[INFO ][2016-01-07 15:57:52,215][com.java.TestType] [10901] - dataFields : TXTusername
[DEBUG][2016-01-07 15:57:52,215][com.java.TestType] [10907] - <In Set values of the page>
[DEBUG][2016-01-07 15:57:52,215][com.java.TestType] [10912] - {Data Fields & Data Values Exist}
[INFO ][2016-01-07 15:57:52,215][com.java.TestType] [10918] - --------------------------setting values-----------------------------
[INFO ][2016-01-07 15:57:52,215][com.java.TestType] [10921] - Action Type : CLEARANDENTER
[INFO ][2016-01-07 15:57:52,215][com.java.TestType] [ 5895] - value = valuelabs.ie10.15019
[INFO ][2016-01-07 15:57:56,975][com.java.TestType] [10940] -  RESULT true
[INFO ][2016-01-07 15:57:56,975][com.java.TestType] [11057] - ?   P A S S   ?
[DEBUG][2016-01-07 15:57:56,975][com.java.TestType] [10863] - Concept ID:1 :: Step being Executed: 1::2
[INFO ][2016-01-07 15:57:56,976][com.java.TestType] [10901] - dataFields : TXTpassword
[DEBUG][2016-01-07 15:57:56,976][com.java.TestType] [10907] - <In Set values of the page>
[DEBUG][2016-01-07 15:57:56,976][com.java.TestType] [10912] - {Data Fields & Data Values Exist}
[INFO ][2016-01-07 15:57:56,976][com.java.TestType] [10918] - --------------------------setting values-----------------------------
[INFO ][2016-01-07 15:57:56,976][com.java.TestType] [10921] - Action Type : CLEARANDENTER
[INFO ][2016-01-07 15:57:56,976][com.java.TestType] [ 5895] - value = Password1*
[INFO ][2016-01-07 15:58:01,855][com.java.TestType] [10940] -  RESULT true
[INFO ][2016-01-07 15:58:01,855][com.java.TestType] [11057] - ?   P A S S   ?
[DEBUG][2016-01-07 15:58:01,855][com.java.TestType] [10863] - Concept ID:1 :: Step being Executed: 1::3
[ERROR][2016-01-07 15:58:01,855][com.java.TestType] [10896] - Exception: null
[INFO ][2016-01-07 15:58:01,856][com.java.TestType] [10901] - dataFields : XPH//button[@type='submit']
[DEBUG][2016-01-07 15:58:01,856][com.java.TestType] [10907] - <In Set values of the page>
[DEBUG][2016-01-07 15:58:01,856][com.java.TestType] [10912] - {Data Fields & Data Values Exist}
[INFO ][2016-01-07 15:58:01,856][com.java.TestType] [10918] - --------------------------setting values-----------------------------
[INFO ][2016-01-07 15:58:01,856][com.java.TestType] [10921] - Action Type : Click
[INFO ][2016-01-07 15:58:01,856][com.java.TestType] [ 6274] - Field ::XPH//button[@type='submit']
[INFO ][2016-01-07 15:58:01,856][com.java.TestType] [ 5895] - value = 
[INFO ][2016-01-07 15:58:02,856][com.java.TestType] [ 6411] - BEFORE CLICK
[INFO ][2016-01-07 15:58:03,713][com.java.TestType] [ 6419] - Unable to click the object Login
[INFO ][2016-01-07 15:58:03,714][com.java.TestType] [10940] -  RESULT true
[INFO ][2016-01-07 15:58:03,714][com.java.TestType] [11057] - ?   P A S S   ?
[DEBUG][2016-01-07 15:58:03,714][com.java.TestType] [10863] - Concept ID:1 :: Step being Executed: 1::4
[INFO ][2016-01-07 15:58:03,714][com.java.TestType] [10901] - dataFields : LNKLogout
[DEBUG][2016-01-07 15:58:03,714][com.java.TestType] [10907] - <In Set values of the page>
[DEBUG][2016-01-07 15:58:03,714][com.java.TestType] [10912] - {Data Fields & Data Values Exist}
[INFO ][2016-01-07 15:58:03,714][com.java.TestType] [10918] - --------------------------setting values-----------------------------
[INFO ][2016-01-07 15:58:03,715][com.java.TestType] [10921] - Action Type : WaitForElement
[INFO ][2016-01-07 15:58:08,245][com.java.TestType] [10940] -  RESULT true
[INFO ][2016-01-07 15:58:08,245][com.java.TestType] [11057] - ?   P A S S   ?
[DEBUG][2016-01-07 15:58:08,246][com.java.TestType] [10863] - Concept ID:1 :: Step being Executed: 1::15
[INFO ][2016-01-07 15:58:08,246][com.java.TestType] [10901] - dataFields : LNK
[DEBUG][2016-01-07 15:58:08,246][com.java.TestType] [10907] - <In Set values of the page>
[DEBUG][2016-01-07 15:58:08,246][com.java.TestType] [10912] - {Data Fields & Data Values Exist}
[INFO ][2016-01-07 15:58:08,246][com.java.TestType] [10918] - --------------------------setting values-----------------------------
[INFO ][2016-01-07 15:58:08,246][com.java.TestType] [10921] - Action Type : Verify
[INFO ][2016-01-07 15:58:08,246][com.java.TestType] [ 7269] - field= LNK value= Logout
[INFO ][2016-01-07 15:58:08,247][com.java.TestType] [ 5895] - value = Logout
[INFO ][2016-01-07 15:58:08,283][com.java.TestType] [10940] -  RESULT true
[INFO ][2016-01-07 15:58:08,283][com.java.TestType] [11057] - ?   P A S S   ?
[DEBUG][2016-01-07 15:58:08,283][com.java.TestType] [10863] - Concept ID:1 :: Step being Executed: 1::16
[INFO ][2016-01-07 15:58:08,283][com.java.TestType] [10901] - dataFields : BTN
[DEBUG][2016-01-07 15:58:08,284][com.java.TestType] [10907] - <In Set values of the page>
[DEBUG][2016-01-07 15:58:08,284][com.java.TestType] [10912] - {Data Fields & Data Values Exist}
[INFO ][2016-01-07 15:58:08,284][com.java.TestType] [10918] - --------------------------setting values-----------------------------
[INFO ][2016-01-07 15:58:08,284][com.java.TestType] [10921] - Action Type : Verify
[INFO ][2016-01-07 15:58:08,284][com.java.TestType] [ 7269] - field= BTN value= //img[contains(@src,'bdlogo.jpg')]
[INFO ][2016-01-07 15:58:08,284][com.java.TestType] [ 5895] - value = //img[contains(@src,'bdlogo.jpg')]
[INFO ][2016-01-07 15:58:08,355][com.java.TestType] [10940] -  RESULT true
[INFO ][2016-01-07 15:58:08,355][com.java.TestType] [11057] - ?   P A S S   ?
[INFO ][2016-01-07 15:58:08,355][com.java.TestType] [11128] - Looping End......
[INFO ][2016-01-07 15:58:08,360][com.java.SeleniumDriver] [  906] -  RESULT true
[INFO ][2016-01-07 15:58:08,360][com.java.SeleniumDriver] [ 1112] - ?   P A S S   ?
[INFO ][2016-01-07 15:58:08,360][com.java.SeleniumDriver] [  832] - ------------------------------------------
[INFO ][2016-01-07 15:58:08,360][com.java.SeleniumDriver] [  833] - Test case being Executed: 1
[INFO ][2016-01-07 15:58:08,360][com.java.SeleniumDriver] [  845] - Test step:2
[INFO ][2016-01-07 15:58:08,360][com.java.SeleniumDriver] [  857] - Datavalue is----------Concept#2:1-2
[INFO ][2016-01-07 15:58:08,360][com.java.SeleniumDriver] [  881] - DataField : test
[INFO ][2016-01-07 15:58:08,360][com.java.SeleniumDriver] [  883] - DataValue : Concept#2:1-2
[INFO ][2016-01-07 15:58:08,360][com.java.SeleniumDriver] [  889] - <In Set values of the page>
[INFO ][2016-01-07 15:58:08,360][com.java.SeleniumDriver] [  892] - {Data Fields & Data Values Exist}
[INFO ][2016-01-07 15:58:08,360][com.java.SeleniumDriver] [  894] - --------------------------setting values-----------------------------
[INFO ][2016-01-07 15:58:08,360][com.java.SeleniumDriver] [  897] - Action Type : ExecuteTestCase
[INFO ][2016-01-07 15:58:08,361][com.java.TestType] [  437] - The Concept sheet name is ---------- Concept
[INFO ][2016-01-07 15:58:08,361][com.java.TestType] [  440] - The Concept ID  is ---------- 2
[DEBUG][2016-01-07 15:58:08,361][com.java.TestType] [  444] - Steps being executted in the Concept are: 1:2
[INFO ][2016-01-07 15:58:08,361][com.java.TestType] [  451] - Test data details path ---------- D:\BankersDashboard\TestInputs\TestData.xls
[INFO ][2016-01-07 15:58:08,388][com.java.TestType] [  482] -  str(1) = 2
[INFO ][2016-01-07 15:58:08,389][com.java.TestType] [  485] - Test case Id is---2
[INFO ][2016-01-07 15:58:08,389][com.java.TestType] [  487] - 2
[INFO ][2016-01-07 15:58:08,389][com.java.TestType] [  482] -  str(2) = 1
[INFO ][2016-01-07 15:58:08,390][com.java.TestType] [  482] -  str(1) = 2
[INFO ][2016-01-07 15:58:08,391][com.java.TestType] [  485] - Test case Id is---2
[INFO ][2016-01-07 15:58:08,391][com.java.TestType] [  487] - 2
[INFO ][2016-01-07 15:58:08,391][com.java.TestType] [  482] -  str(2) = 2
[INFO ][2016-01-07 15:58:08,391][com.java.TestType] [  482] -  str(1) = 2
[INFO ][2016-01-07 15:58:08,391][com.java.TestType] [  485] - Test case Id is---2
[INFO ][2016-01-07 15:58:08,391][com.java.TestType] [  487] - 2
[INFO ][2016-01-07 15:58:08,392][com.java.TestType] [  482] -  str(2) = 3
[INFO ][2016-01-07 15:58:08,392][com.java.TestType] [10822] - Looping 1TCID = 2
[DEBUG][2016-01-07 15:58:08,392][com.java.TestType] [10863] - Concept ID:2 :: Step being Executed: 2::1
[INFO ][2016-01-07 15:58:08,392][com.java.TestType] [10901] - dataFields : BNK//select[@id='bank']
[DEBUG][2016-01-07 15:58:08,392][com.java.TestType] [10907] - <In Set values of the page>
[DEBUG][2016-01-07 15:58:08,393][com.java.TestType] [10912] - {Data Fields & Data Values Exist}
[INFO ][2016-01-07 15:58:08,393][com.java.TestType] [10918] - --------------------------setting values-----------------------------
[INFO ][2016-01-07 15:58:08,393][com.java.TestType] [10921] - Action Type : Select
[INFO ][2016-01-07 15:58:08,393][com.java.TestType] [ 5895] - value = PFC
[INFO ][2016-01-07 15:58:08,708][com.java.TestType] [10940] -  RESULT true
[INFO ][2016-01-07 15:58:08,708][com.java.TestType] [11057] - ?   P A S S   ?
[DEBUG][2016-01-07 15:58:08,708][com.java.TestType] [10863] - Concept ID:2 :: Step being Executed: 2::2
[INFO ][2016-01-07 15:58:08,708][com.java.TestType] [10901] - dataFields : LNKLogout
[DEBUG][2016-01-07 15:58:08,708][com.java.TestType] [10907] - <In Set values of the page>
[DEBUG][2016-01-07 15:58:08,709][com.java.TestType] [10912] - {Data Fields & Data Values Exist}
[INFO ][2016-01-07 15:58:08,709][com.java.TestType] [10918] - --------------------------setting values-----------------------------
[INFO ][2016-01-07 15:58:08,709][com.java.TestType] [10921] - Action Type : WaitTime
[DEBUG][2016-01-07 15:58:08,709][com.java.TestType] [ 5715] - sleepTime: 5000
[INFO ][2016-01-07 15:58:13,709][com.java.TestType] [10940] -  RESULT true
[INFO ][2016-01-07 15:58:13,710][com.java.TestType] [11057] - ?   P A S S   ?
[INFO ][2016-01-07 15:58:13,710][com.java.TestType] [11128] - Looping End......
[INFO ][2016-01-07 15:58:13,713][com.java.SeleniumDriver] [  906] -  RESULT true
[INFO ][2016-01-07 15:58:13,713][com.java.SeleniumDriver] [ 1112] - ?   P A S S   ?
[INFO ][2016-01-07 15:58:13,713][com.java.SeleniumDriver] [  832] - ------------------------------------------
[INFO ][2016-01-07 15:58:13,713][com.java.SeleniumDriver] [  833] - Test case being Executed: 1
[INFO ][2016-01-07 15:58:13,714][com.java.SeleniumDriver] [  845] - Test step:3
[INFO ][2016-01-07 15:58:13,714][com.java.SeleniumDriver] [  857] - Datavalue is----------2
[INFO ][2016-01-07 15:58:13,714][com.java.SeleniumDriver] [  881] - DataField : XPH//button[contains(text(),'Add Content')]
[INFO ][2016-01-07 15:58:13,714][com.java.SeleniumDriver] [  883] - DataValue : 2
[INFO ][2016-01-07 15:58:13,714][com.java.SeleniumDriver] [  889] - <In Set values of the page>
[INFO ][2016-01-07 15:58:13,714][com.java.SeleniumDriver] [  892] - {Data Fields & Data Values Exist}
[INFO ][2016-01-07 15:58:13,714][com.java.SeleniumDriver] [  894] - --------------------------setting values-----------------------------
[INFO ][2016-01-07 15:58:13,714][com.java.SeleniumDriver] [  897] - Action Type : WAITFORELEMENT
[INFO ][2016-01-07 15:58:13,752][com.java.SeleniumDriver] [  906] -  RESULT true
[INFO ][2016-01-07 15:58:13,752][com.java.SeleniumDriver] [ 1112] - ?   P A S S   ?
[DEBUG][2016-01-07 15:58:13,752][com.java.SeleniumDriver] [ 1224] - Case found
[DEBUG][2016-01-07 15:58:13,752][com.java.SeleniumDriver] [ 1229] - Incrementing ReportCounters[0]:1
[INFO ][2016-01-07 15:58:13,752][com.java.SeleniumDriver] [ 1248] - The results are-------------------[1, 1, Valid Login, Pass, , Thu Jan 07 15:58:08 IST 2016, 1, 2, Valid Login, Pass, , Thu Jan 07 15:58:13 IST 2016, 1, 3, Valid Login, Pass, , Thu Jan 07 15:58:13 IST 2016]
[INFO ][2016-01-07 15:58:13,753][com.java.SeleniumDriver] [ 1252] - End time is-------36 sec
[INFO ][2016-01-07 15:58:13,753][com.java.SeleniumDriver] [ 1253] - The results are-------------------[1, 1, Valid Login, Pass, , Thu Jan 07 15:58:08 IST 2016, 1, 2, Valid Login, Pass, , Thu Jan 07 15:58:13 IST 2016, 1, 3, Valid Login, Pass, , Thu Jan 07 15:58:13 IST 2016]
[DEBUG][2016-01-07 15:58:13,753][com.java.ImportnExport.ExportTestResultsExcel] [  222] - testResultPath = D:\BankersDashboard/TestReports/Test Results_BankersDashBoard_010716_155739_IE10_First Bank.xls
[DEBUG][2016-01-07 15:58:13,753][com.java.ImportnExport.ExportTestResultsExcel] [  223] - browser is------------IE10
[DEBUG][2016-01-07 15:58:13,801][com.java.ImportnExport.ExportTestResultsExcel] [  270] - result.size() = 18
[DEBUG][2016-01-07 15:58:13,801][com.java.ImportnExport.ExportTestResultsExcel] [  274] - No of rows in sheet=1
[DEBUG][2016-01-07 15:58:13,801][com.java.ImportnExport.ExportTestResultsExcel] [  301] - ..in export..1
[DEBUG][2016-01-07 15:58:13,801][com.java.ImportnExport.ExportTestResultsExcel] [  301] - ..in export..Valid Login
[DEBUG][2016-01-07 15:58:13,801][com.java.ImportnExport.ExportTestResultsExcel] [  301] - ..in export..Pass
[DEBUG][2016-01-07 15:58:13,801][com.java.ImportnExport.ExportTestResultsExcel] [  301] - ..in export..
[DEBUG][2016-01-07 15:58:13,801][com.java.ImportnExport.ExportTestResultsExcel] [  301] - ..in export..Thu Jan 07 15:58:08 IST 2016
[INFO ][2016-01-07 15:58:13,803][com.java.SeleniumDriver] [ 1313] - out loop:0 size:3 TestCases:[1, 2, 3] testcases:[1, 2, 3]
[INFO ][2016-01-07 15:58:13,803][com.java.ImportnExport.ImportTestDataDetailsExcel] [   49] - test data details path===== D:\BankersDashboard\TestInputs\TestData.xls
[INFO ][2016-01-07 15:58:45,932][com.java.SeleniumDriver] [  832] - ------------------------------------------
[INFO ][2016-01-07 15:58:45,932][com.java.SeleniumDriver] [  833] - Test case being Executed: 2
[INFO ][2016-01-07 15:58:45,932][com.java.SeleniumDriver] [  845] - Test step:1
[INFO ][2016-01-07 15:58:45,932][com.java.SeleniumDriver] [  857] - Datavalue is----------Logout
[INFO ][2016-01-07 15:58:45,932][com.java.SeleniumDriver] [  881] - DataField : BTN
[INFO ][2016-01-07 15:58:45,932][com.java.SeleniumDriver] [  883] - DataValue : Logout
[INFO ][2016-01-07 15:58:45,934][com.java.SeleniumDriver] [  889] - <In Set values of the page>
[INFO ][2016-01-07 15:58:45,934][com.java.SeleniumDriver] [  892] - {Data Fields & Data Values Exist}
[INFO ][2016-01-07 15:58:45,934][com.java.SeleniumDriver] [  894] - --------------------------setting values-----------------------------
[INFO ][2016-01-07 15:58:45,934][com.java.SeleniumDriver] [  897] - Action Type : Verify
[INFO ][2016-01-07 15:58:45,934][com.java.TestType] [ 7269] - field= BTN value= Logout
[INFO ][2016-01-07 15:58:45,934][com.java.TestType] [ 5895] - value = Logout
[INFO ][2016-01-07 15:58:46,023][com.java.SeleniumDriver] [  906] -  RESULT true
[INFO ][2016-01-07 15:58:46,023][com.java.SeleniumDriver] [ 1112] - ?   P A S S   ?
[INFO ][2016-01-07 15:58:46,023][com.java.SeleniumDriver] [ 1154] - step change to 3
[INFO ][2016-01-07 15:58:46,023][com.java.SeleniumDriver] [  832] - ------------------------------------------
[INFO ][2016-01-07 15:58:46,023][com.java.SeleniumDriver] [  833] - Test case being Executed: 2
[INFO ][2016-01-07 15:58:46,023][com.java.SeleniumDriver] [  845] - Test step:3
[INFO ][2016-01-07 15:58:46,023][com.java.SeleniumDriver] [  857] - Datavalue is----------null
[DEBUG][2016-01-07 15:58:46,023][com.java.SeleniumDriver] [  875] - Exception: null
[INFO ][2016-01-07 15:58:46,024][com.java.SeleniumDriver] [  881] - DataField : //span[@class='icon-user4']&&//a[text()='Users']&&//a[@data-id="ModifyUsers"]
[INFO ][2016-01-07 15:58:46,024][com.java.SeleniumDriver] [  883] - DataValue : 
[INFO ][2016-01-07 15:58:46,024][com.java.SeleniumDriver] [  889] - <In Set values of the page>
[INFO ][2016-01-07 15:58:46,024][com.java.SeleniumDriver] [  892] - {Data Fields & Data Values Exist}
[INFO ][2016-01-07 15:58:46,024][com.java.SeleniumDriver] [  894] - --------------------------setting values-----------------------------
[INFO ][2016-01-07 15:58:46,024][com.java.SeleniumDriver] [  897] - Action Type : MouseOver
[INFO ][2016-01-07 15:59:12,859][com.java.SeleniumDriver] [  906] -  RESULT true
[INFO ][2016-01-07 15:59:12,859][com.java.SeleniumDriver] [ 1112] - ?   P A S S   ?
[INFO ][2016-01-07 15:59:12,859][com.java.SeleniumDriver] [  832] - ------------------------------------------
[INFO ][2016-01-07 15:59:12,859][com.java.SeleniumDriver] [  833] - Test case being Executed: 2
[INFO ][2016-01-07 15:59:12,859][com.java.SeleniumDriver] [  845] - Test step:4
[INFO ][2016-01-07 15:59:12,859][com.java.SeleniumDriver] [  857] - Datavalue is----------2
[INFO ][2016-01-07 15:59:12,859][com.java.SeleniumDriver] [  881] - DataField : BTNframeDialogContent
[INFO ][2016-01-07 15:59:12,859][com.java.SeleniumDriver] [  883] - DataValue : 2
[INFO ][2016-01-07 15:59:12,859][com.java.SeleniumDriver] [  889] - <In Set values of the page>
[INFO ][2016-01-07 15:59:12,859][com.java.SeleniumDriver] [  892] - {Data Fields & Data Values Exist}
[INFO ][2016-01-07 15:59:12,859][com.java.SeleniumDriver] [  894] - --------------------------setting values-----------------------------
[INFO ][2016-01-07 15:59:12,860][com.java.SeleniumDriver] [  897] - Action Type : WaitForElement
[INFO ][2016-01-07 15:59:14,081][com.java.SeleniumDriver] [  906] -  RESULT true
[INFO ][2016-01-07 15:59:14,081][com.java.SeleniumDriver] [ 1112] - ?   P A S S   ?
[INFO ][2016-01-07 15:59:14,082][com.java.SeleniumDriver] [  832] - ------------------------------------------
[INFO ][2016-01-07 15:59:14,082][com.java.SeleniumDriver] [  833] - Test case being Executed: 2
[INFO ][2016-01-07 15:59:14,082][com.java.SeleniumDriver] [  845] - Test step:5
[INFO ][2016-01-07 15:59:14,082][com.java.SeleniumDriver] [  857] - Datavalue is----------null
[DEBUG][2016-01-07 15:59:14,082][com.java.SeleniumDriver] [  875] - Exception: null
[INFO ][2016-01-07 15:59:14,082][com.java.SeleniumDriver] [  881] - DataField : BTNframeDialogContent
[INFO ][2016-01-07 15:59:14,082][com.java.SeleniumDriver] [  883] - DataValue : 
[INFO ][2016-01-07 15:59:14,082][com.java.SeleniumDriver] [  889] - <In Set values of the page>
[INFO ][2016-01-07 15:59:14,082][com.java.SeleniumDriver] [  892] - {Data Fields & Data Values Exist}
[INFO ][2016-01-07 15:59:14,082][com.java.SeleniumDriver] [  894] - --------------------------setting values-----------------------------
[INFO ][2016-01-07 15:59:14,082][com.java.SeleniumDriver] [  897] - Action Type : SelectFrame
[INFO ][2016-01-07 15:59:15,346][com.java.SeleniumDriver] [  906] -  RESULT true
[INFO ][2016-01-07 15:59:15,346][com.java.SeleniumDriver] [ 1112] - ?   P A S S   ?
[INFO ][2016-01-07 15:59:15,346][com.java.SeleniumDriver] [  832] - ------------------------------------------
[INFO ][2016-01-07 15:59:15,346][com.java.SeleniumDriver] [  833] - Test case being Executed: 2
[INFO ][2016-01-07 15:59:15,346][com.java.SeleniumDriver] [  845] - Test step:6
[INFO ][2016-01-07 15:59:15,346][com.java.SeleniumDriver] [  857] - Datavalue is----------2
[INFO ][2016-01-07 15:59:15,346][com.java.SeleniumDriver] [  881] - DataField : BTNbtnAddUser
[INFO ][2016-01-07 15:59:15,346][com.java.SeleniumDriver] [  883] - DataValue : 2
[INFO ][2016-01-07 15:59:15,346][com.java.SeleniumDriver] [  889] - <In Set values of the page>
[INFO ][2016-01-07 15:59:15,347][com.java.SeleniumDriver] [  892] - {Data Fields & Data Values Exist}
[INFO ][2016-01-07 15:59:15,347][com.java.SeleniumDriver] [  894] - --------------------------setting values-----------------------------
[INFO ][2016-01-07 15:59:15,347][com.java.SeleniumDriver] [  897] - Action Type : WaitForElement
[INFO ][2016-01-07 15:59:17,001][com.java.SeleniumDriver] [  906] -  RESULT true
[INFO ][2016-01-07 15:59:17,002][com.java.SeleniumDriver] [ 1112] - ?   P A S S   ?
[INFO ][2016-01-07 15:59:17,002][com.java.SeleniumDriver] [  832] - ------------------------------------------
[INFO ][2016-01-07 15:59:17,002][com.java.SeleniumDriver] [  833] - Test case being Executed: 2
[INFO ][2016-01-07 15:59:17,002][com.java.SeleniumDriver] [  845] - Test step:7
[INFO ][2016-01-07 15:59:17,002][com.java.SeleniumDriver] [  857] - Datavalue is----------null
[DEBUG][2016-01-07 15:59:17,002][com.java.SeleniumDriver] [  875] - Exception: null
[INFO ][2016-01-07 15:59:17,002][com.java.SeleniumDriver] [  881] - DataField : BTNbtnAddUser
[INFO ][2016-01-07 15:59:17,002][com.java.SeleniumDriver] [  883] - DataValue : 
[INFO ][2016-01-07 15:59:17,002][com.java.SeleniumDriver] [  889] - <In Set values of the page>
[INFO ][2016-01-07 15:59:17,002][com.java.SeleniumDriver] [  892] - {Data Fields & Data Values Exist}
[INFO ][2016-01-07 15:59:17,002][com.java.SeleniumDriver] [  894] - --------------------------setting values-----------------------------
[INFO ][2016-01-07 15:59:17,002][com.java.SeleniumDriver] [  897] - Action Type : Click
[INFO ][2016-01-07 15:59:17,002][com.java.TestType] [ 6274] - Field ::BTNbtnAddUser
[INFO ][2016-01-07 15:59:17,003][com.java.TestType] [ 5895] - value = 
[INFO ][2016-01-07 15:59:18,003][com.java.TestType] [ 6390] - BEFORE CLICK
[INFO ][2016-01-07 15:59:19,777][com.java.TestType] [ 6397] - Unable to click the object Add user button
[INFO ][2016-01-07 15:59:19,777][com.java.SeleniumDriver] [  906] -  RESULT true
[INFO ][2016-01-07 15:59:19,777][com.java.SeleniumDriver] [ 1112] - ?   P A S S   ?
[INFO ][2016-01-07 15:59:19,777][com.java.SeleniumDriver] [  832] - ------------------------------------------
[INFO ][2016-01-07 15:59:19,777][com.java.SeleniumDriver] [  833] - Test case being Executed: 2
[INFO ][2016-01-07 15:59:19,777][com.java.SeleniumDriver] [  845] - Test step:8
[INFO ][2016-01-07 15:59:19,779][com.java.SeleniumDriver] [  857] - Datavalue is----------2
[INFO ][2016-01-07 15:59:19,779][com.java.SeleniumDriver] [  881] - DataField : BTNtxtUserName
[INFO ][2016-01-07 15:59:19,779][com.java.SeleniumDriver] [  883] - DataValue : 2
[INFO ][2016-01-07 15:59:19,779][com.java.SeleniumDriver] [  889] - <In Set values of the page>
[INFO ][2016-01-07 15:59:19,779][com.java.SeleniumDriver] [  892] - {Data Fields & Data Values Exist}
[INFO ][2016-01-07 15:59:19,779][com.java.SeleniumDriver] [  894] - --------------------------setting values-----------------------------
[INFO ][2016-01-07 15:59:19,779][com.java.SeleniumDriver] [  897] - Action Type : WaitForElement
[INFO ][2016-01-07 15:59:20,936][com.java.SeleniumDriver] [  906] -  RESULT true
[INFO ][2016-01-07 15:59:20,936][com.java.SeleniumDriver] [ 1112] - ?   P A S S   ?
[INFO ][2016-01-07 15:59:20,936][com.java.SeleniumDriver] [  832] - ------------------------------------------
[INFO ][2016-01-07 15:59:20,936][com.java.SeleniumDriver] [  833] - Test case being Executed: 2
[INFO ][2016-01-07 15:59:20,936][com.java.SeleniumDriver] [  845] - Test step:9
[INFO ][2016-01-07 15:59:20,936][com.java.SeleniumDriver] [  857] - Datavalue is----------5
[INFO ][2016-01-07 15:59:20,936][com.java.SeleniumDriver] [  881] - DataField : TXTtxtUserName
[INFO ][2016-01-07 15:59:20,937][com.java.SeleniumDriver] [  883] - DataValue : 5
[INFO ][2016-01-07 15:59:20,937][com.java.SeleniumDriver] [  889] - <In Set values of the page>
[INFO ][2016-01-07 15:59:20,937][com.java.SeleniumDriver] [  892] - {Data Fields & Data Values Exist}
[INFO ][2016-01-07 15:59:20,937][com.java.SeleniumDriver] [  894] - --------------------------setting values-----------------------------
[INFO ][2016-01-07 15:59:20,937][com.java.SeleniumDriver] [  897] - Action Type : WaitForElement
[INFO ][2016-01-07 15:59:22,078][com.java.SeleniumDriver] [  906] -  RESULT true
[INFO ][2016-01-07 15:59:22,078][com.java.SeleniumDriver] [ 1112] - ?   P A S S   ?
[INFO ][2016-01-07 15:59:22,078][com.java.SeleniumDriver] [  832] - ------------------------------------------
[INFO ][2016-01-07 15:59:22,078][com.java.SeleniumDriver] [  833] - Test case being Executed: 2
[INFO ][2016-01-07 15:59:22,079][com.java.SeleniumDriver] [  845] - Test step:10
[INFO ][2016-01-07 15:59:22,079][com.java.SeleniumDriver] [  857] - Datavalue is----------RNDvltest.robot
[INFO ][2016-01-07 15:59:22,079][com.java.SeleniumDriver] [  881] - DataField : TXTtxtUserName
[INFO ][2016-01-07 15:59:22,079][com.java.SeleniumDriver] [  883] - DataValue : RNDvltest.robot
[INFO ][2016-01-07 15:59:22,079][com.java.SeleniumDriver] [  889] - <In Set values of the page>
[INFO ][2016-01-07 15:59:22,079][com.java.SeleniumDriver] [  892] - {Data Fields & Data Values Exist}
[INFO ][2016-01-07 15:59:22,079][com.java.SeleniumDriver] [  894] - --------------------------setting values-----------------------------
[INFO ][2016-01-07 15:59:22,079][com.java.SeleniumDriver] [  897] - Action Type : CLEARANDENTER
[INFO ][2016-01-07 15:59:22,079][com.java.TestType] [ 5895] - value = vltest.robot73100
[INFO ][2016-01-07 15:59:24,641][com.java.SeleniumDriver] [  906] -  RESULT true
[INFO ][2016-01-07 15:59:24,641][com.java.SeleniumDriver] [ 1112] - ?   P A S S   ?
[INFO ][2016-01-07 15:59:24,641][com.java.SeleniumDriver] [  832] - ------------------------------------------
[INFO ][2016-01-07 15:59:24,641][com.java.SeleniumDriver] [  833] - Test case being Executed: 2
[INFO ][2016-01-07 15:59:24,641][com.java.SeleniumDriver] [  845] - Test step:11
[INFO ][2016-01-07 15:59:24,641][com.java.SeleniumDriver] [  857] - Datavalue is----------5
[INFO ][2016-01-07 15:59:24,641][com.java.SeleniumDriver] [  881] - DataField : TXTtxtFirstName
[INFO ][2016-01-07 15:59:24,642][com.java.SeleniumDriver] [  883] - DataValue : 5
[INFO ][2016-01-07 15:59:24,642][com.java.SeleniumDriver] [  889] - <In Set values of the page>
[INFO ][2016-01-07 15:59:24,642][com.java.SeleniumDriver] [  892] - {Data Fields & Data Values Exist}
[INFO ][2016-01-07 15:59:24,642][com.java.SeleniumDriver] [  894] - --------------------------setting values-----------------------------
[INFO ][2016-01-07 15:59:24,642][com.java.SeleniumDriver] [  897] - Action Type : WaitForElement
[INFO ][2016-01-07 15:59:25,799][com.java.SeleniumDriver] [  906] -  RESULT true
[INFO ][2016-01-07 15:59:25,799][com.java.SeleniumDriver] [ 1112] - ?   P A S S   ?
[INFO ][2016-01-07 15:59:25,799][com.java.SeleniumDriver] [  832] - ------------------------------------------
[INFO ][2016-01-07 15:59:25,799][com.java.SeleniumDriver] [  833] - Test case being Executed: 2
[INFO ][2016-01-07 15:59:25,802][com.java.SeleniumDriver] [  845] - Test step:12
[INFO ][2016-01-07 15:59:25,802][com.java.SeleniumDriver] [  857] - Datavalue is----------GivenNewUserName
[INFO ][2016-01-07 15:59:25,802][com.java.SeleniumDriver] [  881] - DataField : TXTtxtUserName
[INFO ][2016-01-07 15:59:25,802][com.java.SeleniumDriver] [  883] - DataValue : GivenNewUserName
[INFO ][2016-01-07 15:59:25,802][com.java.SeleniumDriver] [  889] - <In Set values of the page>
[INFO ][2016-01-07 15:59:25,802][com.java.SeleniumDriver] [  892] - {Data Fields & Data Values Exist}
[INFO ][2016-01-07 15:59:25,802][com.java.SeleniumDriver] [  894] - --------------------------setting values-----------------------------
[INFO ][2016-01-07 15:59:25,802][com.java.SeleniumDriver] [  897] - Action Type : STOREVALUE
[INFO ][2016-01-07 15:59:25,802][com.java.TestType] [ 8612] - field= TXTtxtUserName
[DEBUG][2016-01-07 15:59:26,993][com.java.TestType] [ 8626] - Key:: GivenNewUserName  Value:: vltest.robot73100
[INFO ][2016-01-07 15:59:26,993][com.java.SeleniumDriver] [  906] -  RESULT true
[INFO ][2016-01-07 15:59:26,993][com.java.SeleniumDriver] [ 1112] - ?   P A S S   ?
[INFO ][2016-01-07 15:59:26,993][com.java.SeleniumDriver] [  832] - ------------------------------------------
[INFO ][2016-01-07 15:59:26,993][com.java.SeleniumDriver] [  833] - Test case being Executed: 2
[INFO ][2016-01-07 15:59:26,993][com.java.SeleniumDriver] [  845] - Test step:13
[INFO ][2016-01-07 15:59:26,994][com.java.SeleniumDriver] [  857] - Datavalue is----------VLTest
[INFO ][2016-01-07 15:59:26,994][com.java.SeleniumDriver] [  881] - DataField : TXTtxtFirstName
[INFO ][2016-01-07 15:59:26,994][com.java.SeleniumDriver] [  883] - DataValue : VLTest
[INFO ][2016-01-07 15:59:26,994][com.java.SeleniumDriver] [  889] - <In Set values of the page>
[INFO ][2016-01-07 15:59:26,994][com.java.SeleniumDriver] [  892] - {Data Fields & Data Values Exist}
[INFO ][2016-01-07 15:59:26,994][com.java.SeleniumDriver] [  894] - --------------------------setting values-----------------------------
[INFO ][2016-01-07 15:59:26,994][com.java.SeleniumDriver] [  897] - Action Type : Enter
[INFO ][2016-01-07 15:59:26,994][com.java.TestType] [ 6696] - field = txtFirstName
[INFO ][2016-01-07 15:59:26,994][com.java.TestType] [ 5895] - value = VLTest
[INFO ][2016-01-07 15:59:28,680][com.java.SeleniumDriver] [  906] -  RESULT true
[INFO ][2016-01-07 15:59:28,681][com.java.SeleniumDriver] [ 1112] - ?   P A S S   ?
[INFO ][2016-01-07 15:59:28,681][com.java.SeleniumDriver] [  832] - ------------------------------------------
[INFO ][2016-01-07 15:59:28,681][com.java.SeleniumDriver] [  833] - Test case being Executed: 2
[INFO ][2016-01-07 15:59:28,681][com.java.SeleniumDriver] [  845] - Test step:14
[INFO ][2016-01-07 15:59:28,681][com.java.SeleniumDriver] [  857] - Datavalue is----------5
[INFO ][2016-01-07 15:59:28,681][com.java.SeleniumDriver] [  881] - DataField : TXTtxtLastName
[INFO ][2016-01-07 15:59:28,681][com.java.SeleniumDriver] [  883] - DataValue : 5
[INFO ][2016-01-07 15:59:28,681][com.java.SeleniumDriver] [  889] - <In Set values of the page>
[INFO ][2016-01-07 15:59:28,681][com.java.SeleniumDriver] [  892] - {Data Fields & Data Values Exist}
[INFO ][2016-01-07 15:59:28,681][com.java.SeleniumDriver] [  894] - --------------------------setting values-----------------------------
[INFO ][2016-01-07 15:59:28,681][com.java.SeleniumDriver] [  897] - Action Type : WaitForElement
[INFO ][2016-01-07 15:59:29,836][com.java.SeleniumDriver] [  906] -  RESULT true
[INFO ][2016-01-07 15:59:29,836][com.java.SeleniumDriver] [ 1112] - ?   P A S S   ?
[INFO ][2016-01-07 15:59:29,837][com.java.SeleniumDriver] [  832] - ------------------------------------------
[INFO ][2016-01-07 15:59:29,837][com.java.SeleniumDriver] [  833] - Test case being Executed: 2
[INFO ][2016-01-07 15:59:29,837][com.java.SeleniumDriver] [  845] - Test step:15
[INFO ][2016-01-07 15:59:29,837][com.java.SeleniumDriver] [  857] - Datavalue is----------Robot
[INFO ][2016-01-07 15:59:29,837][com.java.SeleniumDriver] [  881] - DataField : TXTtxtLastName
[INFO ][2016-01-07 15:59:29,837][com.java.SeleniumDriver] [  883] - DataValue : Robot
[INFO ][2016-01-07 15:59:29,837][com.java.SeleniumDriver] [  889] - <In Set values of the page>
[INFO ][2016-01-07 15:59:29,837][com.java.SeleniumDriver] [  892] - {Data Fields & Data Values Exist}
[INFO ][2016-01-07 15:59:29,837][com.java.SeleniumDriver] [  894] - --------------------------setting values-----------------------------
[INFO ][2016-01-07 15:59:29,837][com.java.SeleniumDriver] [  897] - Action Type : Enter
[INFO ][2016-01-07 15:59:29,837][com.java.TestType] [ 6696] - field = txtLastName
[INFO ][2016-01-07 15:59:29,837][com.java.TestType] [ 5895] - value = Robot
[INFO ][2016-01-07 15:59:31,302][com.java.SeleniumDriver] [  906] -  RESULT true
[INFO ][2016-01-07 15:59:31,302][com.java.SeleniumDriver] [ 1112] - ?   P A S S   ?
[INFO ][2016-01-07 15:59:31,302][com.java.SeleniumDriver] [  832] - ------------------------------------------
[INFO ][2016-01-07 15:59:31,302][com.java.SeleniumDriver] [  833] - Test case being Executed: 2
[INFO ][2016-01-07 15:59:31,302][com.java.SeleniumDriver] [  845] - Test step:16
[INFO ][2016-01-07 15:59:31,303][com.java.SeleniumDriver] [  857] - Datavalue is----------5
[INFO ][2016-01-07 15:59:31,303][com.java.SeleniumDriver] [  881] - DataField : TXTtxtCompany
[INFO ][2016-01-07 15:59:31,303][com.java.SeleniumDriver] [  883] - DataValue : 5
[INFO ][2016-01-07 15:59:31,303][com.java.SeleniumDriver] [  889] - <In Set values of the page>
[INFO ][2016-01-07 15:59:31,303][com.java.SeleniumDriver] [  892] - {Data Fields & Data Values Exist}
[INFO ][2016-01-07 15:59:31,303][com.java.SeleniumDriver] [  894] - --------------------------setting values-----------------------------
[INFO ][2016-01-07 15:59:31,303][com.java.SeleniumDriver] [  897] - Action Type : WaitForElement
[INFO ][2016-01-07 15:59:32,461][com.java.SeleniumDriver] [  906] -  RESULT true
[INFO ][2016-01-07 15:59:32,461][com.java.SeleniumDriver] [ 1112] - ?   P A S S   ?
[INFO ][2016-01-07 15:59:32,461][com.java.SeleniumDriver] [  832] - ------------------------------------------
[INFO ][2016-01-07 15:59:32,461][com.java.SeleniumDriver] [  833] - Test case being Executed: 2
[INFO ][2016-01-07 15:59:32,461][com.java.SeleniumDriver] [  845] - Test step:17
[INFO ][2016-01-07 15:59:32,461][com.java.SeleniumDriver] [  857] - Datavalue is----------ValueLabs
[INFO ][2016-01-07 15:59:32,462][com.java.SeleniumDriver] [  881] - DataField : TXTtxtCompany
[INFO ][2016-01-07 15:59:32,462][com.java.SeleniumDriver] [  883] - DataValue : ValueLabs
[INFO ][2016-01-07 15:59:32,462][com.java.SeleniumDriver] [  889] - <In Set values of the page>
[INFO ][2016-01-07 15:59:32,462][com.java.SeleniumDriver] [  892] - {Data Fields & Data Values Exist}
[INFO ][2016-01-07 15:59:32,462][com.java.SeleniumDriver] [  894] - --------------------------setting values-----------------------------
[INFO ][2016-01-07 15:59:32,462][com.java.SeleniumDriver] [  897] - Action Type : Enter
[INFO ][2016-01-07 15:59:32,462][com.java.TestType] [ 6696] - field = txtCompany
[INFO ][2016-01-07 15:59:32,462][com.java.TestType] [ 5895] - value = ValueLabs
[INFO ][2016-01-07 15:59:34,071][com.java.SeleniumDriver] [  906] -  RESULT true
[INFO ][2016-01-07 15:59:34,071][com.java.SeleniumDriver] [ 1112] - ?   P A S S   ?
[INFO ][2016-01-07 15:59:34,071][com.java.SeleniumDriver] [  832] - ------------------------------------------
[INFO ][2016-01-07 15:59:34,071][com.java.SeleniumDriver] [  833] - Test case being Executed: 2
[INFO ][2016-01-07 15:59:34,071][com.java.SeleniumDriver] [  845] - Test step:18
[INFO ][2016-01-07 15:59:34,072][com.java.SeleniumDriver] [  857] - Datavalue is----------5
[INFO ][2016-01-07 15:59:34,072][com.java.SeleniumDriver] [  881] - DataField : TXTtxtLocation
[INFO ][2016-01-07 15:59:34,073][com.java.SeleniumDriver] [  883] - DataValue : 5
[INFO ][2016-01-07 15:59:34,073][com.java.SeleniumDriver] [  889] - <In Set values of the page>
[INFO ][2016-01-07 15:59:34,073][com.java.SeleniumDriver] [  892] - {Data Fields & Data Values Exist}
[INFO ][2016-01-07 15:59:34,073][com.java.SeleniumDriver] [  894] - --------------------------setting values-----------------------------
[INFO ][2016-01-07 15:59:34,073][com.java.SeleniumDriver] [  897] - Action Type : WaitForElement
[INFO ][2016-01-07 15:59:35,230][com.java.SeleniumDriver] [  906] -  RESULT true
[INFO ][2016-01-07 15:59:35,230][com.java.SeleniumDriver] [ 1112] - ?   P A S S   ?
[INFO ][2016-01-07 15:59:35,230][com.java.SeleniumDriver] [  832] - ------------------------------------------
[INFO ][2016-01-07 15:59:35,230][com.java.SeleniumDriver] [  833] - Test case being Executed: 2
[INFO ][2016-01-07 15:59:35,230][com.java.SeleniumDriver] [  845] - Test step:19
[INFO ][2016-01-07 15:59:35,231][com.java.SeleniumDriver] [  857] - Datavalue is----------India
[INFO ][2016-01-07 15:59:35,231][com.java.SeleniumDriver] [  881] - DataField : TXTtxtLocation
[INFO ][2016-01-07 15:59:35,231][com.java.SeleniumDriver] [  883] - DataValue : India
[INFO ][2016-01-07 15:59:35,231][com.java.SeleniumDriver] [  889] - <In Set values of the page>
[INFO ][2016-01-07 15:59:35,231][com.java.SeleniumDriver] [  892] - {Data Fields & Data Values Exist}
[INFO ][2016-01-07 15:59:35,231][com.java.SeleniumDriver] [  894] - --------------------------setting values-----------------------------
[INFO ][2016-01-07 15:59:35,231][com.java.SeleniumDriver] [  897] - Action Type : Enter
[INFO ][2016-01-07 15:59:35,231][com.java.TestType] [ 6696] - field = txtLocation
[INFO ][2016-01-07 15:59:35,231][com.java.TestType] [ 5895] - value = India
[INFO ][2016-01-07 15:59:36,725][com.java.SeleniumDriver] [  906] -  RESULT true
[INFO ][2016-01-07 15:59:36,725][com.java.SeleniumDriver] [ 1112] - ?   P A S S   ?
[INFO ][2016-01-07 15:59:36,725][com.java.SeleniumDriver] [  832] - ------------------------------------------
[INFO ][2016-01-07 15:59:36,725][com.java.SeleniumDriver] [  833] - Test case being Executed: 2
[INFO ][2016-01-07 15:59:36,725][com.java.SeleniumDriver] [  845] - Test step:20
[INFO ][2016-01-07 15:59:36,725][com.java.SeleniumDriver] [  857] - Datavalue is----------5
[INFO ][2016-01-07 15:59:36,725][com.java.SeleniumDriver] [  881] - DataField : TXTtxtEMail
[INFO ][2016-01-07 15:59:36,725][com.java.SeleniumDriver] [  883] - DataValue : 5
[INFO ][2016-01-07 15:59:36,725][com.java.SeleniumDriver] [  889] - <In Set values of the page>
[INFO ][2016-01-07 15:59:36,725][com.java.SeleniumDriver] [  892] - {Data Fields & Data Values Exist}
[INFO ][2016-01-07 15:59:36,726][com.java.SeleniumDriver] [  894] - --------------------------setting values-----------------------------
[INFO ][2016-01-07 15:59:36,726][com.java.SeleniumDriver] [  897] - Action Type : WaitForElement
[INFO ][2016-01-07 15:59:37,883][com.java.SeleniumDriver] [  906] -  RESULT true
[INFO ][2016-01-07 15:59:37,883][com.java.SeleniumDriver] [ 1112] - ?   P A S S   ?
[INFO ][2016-01-07 15:59:37,883][com.java.SeleniumDriver] [  832] - ------------------------------------------
[INFO ][2016-01-07 15:59:37,883][com.java.SeleniumDriver] [  833] - Test case being Executed: 2
[INFO ][2016-01-07 15:59:37,883][com.java.SeleniumDriver] [  845] - Test step:21
[INFO ][2016-01-07 15:59:37,884][com.java.SeleniumDriver] [  857] - Datavalue is----------vltest.robot@valuelabs.com
[INFO ][2016-01-07 15:59:37,884][com.java.SeleniumDriver] [  881] - DataField : TXTtxtEMail
[INFO ][2016-01-07 15:59:37,884][com.java.SeleniumDriver] [  883] - DataValue : vltest.robot@valuelabs.com
[INFO ][2016-01-07 15:59:37,884][com.java.SeleniumDriver] [  889] - <In Set values of the page>
[INFO ][2016-01-07 15:59:37,884][com.java.SeleniumDriver] [  892] - {Data Fields & Data Values Exist}
[INFO ][2016-01-07 15:59:37,884][com.java.SeleniumDriver] [  894] - --------------------------setting values-----------------------------
[INFO ][2016-01-07 15:59:37,884][com.java.SeleniumDriver] [  897] - Action Type : Enter
[INFO ][2016-01-07 15:59:37,884][com.java.TestType] [ 6696] - field = txtEMail
[INFO ][2016-01-07 15:59:37,884][com.java.TestType] [ 5895] - value = vltest.robot@valuelabs.com
[INFO ][2016-01-07 15:59:39,490][com.java.SeleniumDriver] [  906] -  RESULT true
[INFO ][2016-01-07 15:59:39,491][com.java.SeleniumDriver] [ 1112] - ?   P A S S   ?
[INFO ][2016-01-07 15:59:39,491][com.java.SeleniumDriver] [  832] - ------------------------------------------
[INFO ][2016-01-07 15:59:39,491][com.java.SeleniumDriver] [  833] - Test case being Executed: 2
[INFO ][2016-01-07 15:59:39,491][com.java.SeleniumDriver] [  845] - Test step:22
[INFO ][2016-01-07 15:59:39,491][com.java.SeleniumDriver] [  857] - Datavalue is----------5
[INFO ][2016-01-07 15:59:39,491][com.java.SeleniumDriver] [  881] - DataField : TXTtxtPhone
[INFO ][2016-01-07 15:59:39,491][com.java.SeleniumDriver] [  883] - DataValue : 5
[INFO ][2016-01-07 15:59:39,491][com.java.SeleniumDriver] [  889] - <In Set values of the page>
[INFO ][2016-01-07 15:59:39,491][com.java.SeleniumDriver] [  892] - {Data Fields & Data Values Exist}
[INFO ][2016-01-07 15:59:39,491][com.java.SeleniumDriver] [  894] - --------------------------setting values-----------------------------
[INFO ][2016-01-07 15:59:39,491][com.java.SeleniumDriver] [  897] - Action Type : WaitForElement
[INFO ][2016-01-07 15:59:40,649][com.java.SeleniumDriver] [  906] -  RESULT true
[INFO ][2016-01-07 15:59:40,649][com.java.SeleniumDriver] [ 1112] - ?   P A S S   ?
[INFO ][2016-01-07 15:59:40,649][com.java.SeleniumDriver] [  832] - ------------------------------------------
[INFO ][2016-01-07 15:59:40,649][com.java.SeleniumDriver] [  833] - Test case being Executed: 2
[INFO ][2016-01-07 15:59:40,650][com.java.SeleniumDriver] [  845] - Test step:23
[INFO ][2016-01-07 15:59:40,650][com.java.SeleniumDriver] [  857] - Datavalue is----------12345678901
[INFO ][2016-01-07 15:59:40,650][com.java.SeleniumDriver] [  881] - DataField : TXTtxtPhone
[INFO ][2016-01-07 15:59:40,650][com.java.SeleniumDriver] [  883] - DataValue : 12345678901
[INFO ][2016-01-07 15:59:40,650][com.java.SeleniumDriver] [  889] - <In Set values of the page>
[INFO ][2016-01-07 15:59:40,650][com.java.SeleniumDriver] [  892] - {Data Fields & Data Values Exist}
[INFO ][2016-01-07 15:59:40,650][com.java.SeleniumDriver] [  894] - --------------------------setting values-----------------------------
[INFO ][2016-01-07 15:59:40,650][com.java.SeleniumDriver] [  897] - Action Type : Enter
[INFO ][2016-01-07 15:59:40,650][com.java.TestType] [ 6696] - field = txtPhone
[INFO ][2016-01-07 15:59:40,650][com.java.TestType] [ 5895] - value = 12345678901
[INFO ][2016-01-07 15:59:42,068][com.java.SeleniumDriver] [  906] -  RESULT true
[INFO ][2016-01-07 15:59:42,068][com.java.SeleniumDriver] [ 1112] - ?   P A S S   ?
[INFO ][2016-01-07 15:59:42,068][com.java.SeleniumDriver] [  832] - ------------------------------------------
[INFO ][2016-01-07 15:59:42,068][com.java.SeleniumDriver] [  833] - Test case being Executed: 2
[INFO ][2016-01-07 15:59:42,068][com.java.SeleniumDriver] [  845] - Test step:24
[INFO ][2016-01-07 15:59:42,068][com.java.SeleniumDriver] [  857] - Datavalue is----------5
[INFO ][2016-01-07 15:59:42,068][com.java.SeleniumDriver] [  881] - DataField : TXTtxtPassword
[INFO ][2016-01-07 15:59:42,068][com.java.SeleniumDriver] [  883] - DataValue : 5
[INFO ][2016-01-07 15:59:42,068][com.java.SeleniumDriver] [  889] - <In Set values of the page>
[INFO ][2016-01-07 15:59:42,068][com.java.SeleniumDriver] [  892] - {Data Fields & Data Values Exist}
[INFO ][2016-01-07 15:59:42,068][com.java.SeleniumDriver] [  894] - --------------------------setting values-----------------------------
[INFO ][2016-01-07 15:59:42,068][com.java.SeleniumDriver] [  897] - Action Type : WaitForElement
[INFO ][2016-01-07 15:59:43,221][com.java.SeleniumDriver] [  906] -  RESULT true
[INFO ][2016-01-07 15:59:43,221][com.java.SeleniumDriver] [ 1112] - ?   P A S S   ?
[INFO ][2016-01-07 15:59:43,221][com.java.SeleniumDriver] [  832] - ------------------------------------------
[INFO ][2016-01-07 15:59:43,221][com.java.SeleniumDriver] [  833] - Test case being Executed: 2
[INFO ][2016-01-07 15:59:43,221][com.java.SeleniumDriver] [  845] - Test step:25
[INFO ][2016-01-07 15:59:43,221][com.java.SeleniumDriver] [  857] - Datavalue is----------dt:NewUserPswd
[INFO ][2016-01-07 15:59:43,222][com.java.SeleniumDriver] [  881] - DataField : TXTtxtPassword
[INFO ][2016-01-07 15:59:43,222][com.java.SeleniumDriver] [  883] - DataValue : dt:NewUserPswd
[INFO ][2016-01-07 15:59:43,222][com.java.SeleniumDriver] [  889] - <In Set values of the page>
[INFO ][2016-01-07 15:59:43,222][com.java.SeleniumDriver] [  892] - {Data Fields & Data Values Exist}
[INFO ][2016-01-07 15:59:43,222][com.java.SeleniumDriver] [  894] - --------------------------setting values-----------------------------
[INFO ][2016-01-07 15:59:43,222][com.java.SeleniumDriver] [  897] - Action Type : CLEARANDENTER
[INFO ][2016-01-07 15:59:43,223][com.java.TestType] [ 5895] - value = Password1*
[INFO ][2016-01-07 15:59:46,013][com.java.SeleniumDriver] [  906] -  RESULT true
[INFO ][2016-01-07 15:59:46,013][com.java.SeleniumDriver] [ 1112] - ?   P A S S   ?
[INFO ][2016-01-07 15:59:46,013][com.java.SeleniumDriver] [  832] - ------------------------------------------
[INFO ][2016-01-07 15:59:46,013][com.java.SeleniumDriver] [  833] - Test case being Executed: 2
[INFO ][2016-01-07 15:59:46,014][com.java.SeleniumDriver] [  845] - Test step:26
[INFO ][2016-01-07 15:59:46,014][com.java.SeleniumDriver] [  857] - Datavalue is----------5
[INFO ][2016-01-07 15:59:46,014][com.java.SeleniumDriver] [  881] - DataField : TXTtxtPasswordConfirm
[INFO ][2016-01-07 15:59:46,014][com.java.SeleniumDriver] [  883] - DataValue : 5
[INFO ][2016-01-07 15:59:46,014][com.java.SeleniumDriver] [  889] - <In Set values of the page>
[INFO ][2016-01-07 15:59:46,014][com.java.SeleniumDriver] [  892] - {Data Fields & Data Values Exist}
[INFO ][2016-01-07 15:59:46,014][com.java.SeleniumDriver] [  894] - --------------------------setting values-----------------------------
[INFO ][2016-01-07 15:59:46,014][com.java.SeleniumDriver] [  897] - Action Type : WaitForElement
[INFO ][2016-01-07 15:59:47,178][com.java.SeleniumDriver] [  906] -  RESULT true
[INFO ][2016-01-07 15:59:47,178][com.java.SeleniumDriver] [ 1112] - ?   P A S S   ?
[INFO ][2016-01-07 15:59:47,178][com.java.SeleniumDriver] [  832] - ------------------------------------------
[INFO ][2016-01-07 15:59:47,178][com.java.SeleniumDriver] [  833] - Test case being Executed: 2
[INFO ][2016-01-07 15:59:47,178][com.java.SeleniumDriver] [  845] - Test step:27
[INFO ][2016-01-07 15:59:47,178][com.java.SeleniumDriver] [  857] - Datavalue is----------dt:NewUserPswd
[INFO ][2016-01-07 15:59:47,178][com.java.SeleniumDriver] [  881] - DataField : TXTtxtPasswordConfirm
[INFO ][2016-01-07 15:59:47,179][com.java.SeleniumDriver] [  883] - DataValue : dt:NewUserPswd
[INFO ][2016-01-07 15:59:47,179][com.java.SeleniumDriver] [  889] - <In Set values of the page>
[INFO ][2016-01-07 15:59:47,179][com.java.SeleniumDriver] [  892] - {Data Fields & Data Values Exist}
[INFO ][2016-01-07 15:59:47,179][com.java.SeleniumDriver] [  894] - --------------------------setting values-----------------------------
[INFO ][2016-01-07 15:59:47,179][com.java.SeleniumDriver] [  897] - Action Type : CLEARANDENTER
[INFO ][2016-01-07 15:59:47,179][com.java.TestType] [ 5895] - value = Password1*
[INFO ][2016-01-07 15:59:49,925][com.java.SeleniumDriver] [  906] -  RESULT true
[INFO ][2016-01-07 15:59:49,925][com.java.SeleniumDriver] [ 1112] - ?   P A S S   ?
[INFO ][2016-01-07 15:59:49,925][com.java.SeleniumDriver] [  832] - ------------------------------------------
[INFO ][2016-01-07 15:59:49,925][com.java.SeleniumDriver] [  833] - Test case being Executed: 2
[INFO ][2016-01-07 15:59:49,925][com.java.SeleniumDriver] [  845] - Test step:28
[INFO ][2016-01-07 15:59:49,925][com.java.SeleniumDriver] [  857] - Datavalue is----------5
[INFO ][2016-01-07 15:59:49,925][com.java.SeleniumDriver] [  881] - DataField : test
[INFO ][2016-01-07 15:59:49,925][com.java.SeleniumDriver] [  883] - DataValue : 5
[INFO ][2016-01-07 15:59:49,926][com.java.SeleniumDriver] [  889] - <In Set values of the page>
[INFO ][2016-01-07 15:59:49,926][com.java.SeleniumDriver] [  892] - {Data Fields & Data Values Exist}
[INFO ][2016-01-07 15:59:49,926][com.java.SeleniumDriver] [  894] - --------------------------setting values-----------------------------
[INFO ][2016-01-07 15:59:49,926][com.java.SeleniumDriver] [  897] - Action Type : WaitTime
[DEBUG][2016-01-07 15:59:49,926][com.java.TestType] [ 5715] - sleepTime: 5000
[INFO ][2016-01-07 15:59:54,926][com.java.SeleniumDriver] [  906] -  RESULT true
[INFO ][2016-01-07 15:59:54,926][com.java.SeleniumDriver] [ 1112] - ?   P A S S   ?
[INFO ][2016-01-07 15:59:54,926][com.java.SeleniumDriver] [  832] - ------------------------------------------
[INFO ][2016-01-07 15:59:54,927][com.java.SeleniumDriver] [  833] - Test case being Executed: 2
[INFO ][2016-01-07 15:59:54,927][com.java.SeleniumDriver] [  845] - Test step:29
[INFO ][2016-01-07 15:59:54,928][com.java.SeleniumDriver] [  857] - Datavalue is----------null
[DEBUG][2016-01-07 15:59:54,928][com.java.SeleniumDriver] [  875] - Exception: null
[INFO ][2016-01-07 15:59:54,928][com.java.SeleniumDriver] [  881] - DataField : BTNparent
[INFO ][2016-01-07 15:59:54,928][com.java.SeleniumDriver] [  883] - DataValue : 
[INFO ][2016-01-07 15:59:54,928][com.java.SeleniumDriver] [  889] - <In Set values of the page>
[INFO ][2016-01-07 15:59:54,928][com.java.SeleniumDriver] [  892] - {Data Fields & Data Values Exist}
[INFO ][2016-01-07 15:59:54,928][com.java.SeleniumDriver] [  894] - --------------------------setting values-----------------------------
[INFO ][2016-01-07 15:59:54,928][com.java.SeleniumDriver] [  897] - Action Type : SelectFrame
[INFO ][2016-01-07 15:59:54,944][com.java.SeleniumDriver] [  906] -  RESULT true
[INFO ][2016-01-07 15:59:54,944][com.java.SeleniumDriver] [ 1112] - ?   P A S S   ?
[INFO ][2016-01-07 15:59:54,944][com.java.SeleniumDriver] [  832] - ------------------------------------------
[INFO ][2016-01-07 15:59:54,944][com.java.SeleniumDriver] [  833] - Test case being Executed: 2
[INFO ][2016-01-07 15:59:54,944][com.java.SeleniumDriver] [  845] - Test step:30
[INFO ][2016-01-07 15:59:54,944][com.java.SeleniumDriver] [  857] - Datavalue is----------null
[DEBUG][2016-01-07 15:59:54,945][com.java.SeleniumDriver] [  875] - Exception: null
[INFO ][2016-01-07 15:59:54,945][com.java.SeleniumDriver] [  881] - DataField : XPH//span[contains(text(), 'Finished')]
[INFO ][2016-01-07 15:59:54,945][com.java.SeleniumDriver] [  883] - DataValue : 
[INFO ][2016-01-07 15:59:54,945][com.java.SeleniumDriver] [  889] - <In Set values of the page>
[INFO ][2016-01-07 15:59:54,945][com.java.SeleniumDriver] [  892] - {Data Fields & Data Values Exist}
[INFO ][2016-01-07 15:59:54,945][com.java.SeleniumDriver] [  894] - --------------------------setting values-----------------------------
[INFO ][2016-01-07 15:59:54,945][com.java.SeleniumDriver] [  897] - Action Type : Click
[INFO ][2016-01-07 15:59:54,945][com.java.TestType] [ 6274] - Field ::XPH//span[contains(text(), 'Finished')]
[INFO ][2016-01-07 15:59:54,945][com.java.TestType] [ 5895] - value = 
[INFO ][2016-01-07 15:59:55,945][com.java.TestType] [ 6411] - BEFORE CLICK
[INFO ][2016-01-07 15:59:56,833][com.java.TestType] [ 6419] - Unable to click the object Finished button
[INFO ][2016-01-07 15:59:56,833][com.java.SeleniumDriver] [  906] -  RESULT true
[INFO ][2016-01-07 15:59:56,833][com.java.SeleniumDriver] [ 1112] - ?   P A S S   ?
[INFO ][2016-01-07 15:59:56,833][com.java.SeleniumDriver] [  832] - ------------------------------------------
[INFO ][2016-01-07 15:59:56,833][com.java.SeleniumDriver] [  833] - Test case being Executed: 2
[INFO ][2016-01-07 15:59:56,833][com.java.SeleniumDriver] [  845] - Test step:31
[INFO ][2016-01-07 15:59:56,833][com.java.SeleniumDriver] [  857] - Datavalue is----------5
[INFO ][2016-01-07 15:59:56,833][com.java.SeleniumDriver] [  881] - DataField : test
[INFO ][2016-01-07 15:59:56,833][com.java.SeleniumDriver] [  883] - DataValue : 5
[INFO ][2016-01-07 15:59:56,833][com.java.SeleniumDriver] [  889] - <In Set values of the page>
[INFO ][2016-01-07 15:59:56,833][com.java.SeleniumDriver] [  892] - {Data Fields & Data Values Exist}
[INFO ][2016-01-07 15:59:56,833][com.java.SeleniumDriver] [  894] - --------------------------setting values-----------------------------
[INFO ][2016-01-07 15:59:56,834][com.java.SeleniumDriver] [  897] - Action Type : WaitTime
[DEBUG][2016-01-07 15:59:56,834][com.java.TestType] [ 5715] - sleepTime: 5000
[INFO ][2016-01-07 16:00:01,835][com.java.SeleniumDriver] [  906] -  RESULT true
[INFO ][2016-01-07 16:00:01,835][com.java.SeleniumDriver] [ 1112] - ?   P A S S   ?
[INFO ][2016-01-07 16:00:01,835][com.java.SeleniumDriver] [  832] - ------------------------------------------
[INFO ][2016-01-07 16:00:01,835][com.java.SeleniumDriver] [  833] - Test case being Executed: 2
[INFO ][2016-01-07 16:00:01,835][com.java.SeleniumDriver] [  845] - Test step:32
[INFO ][2016-01-07 16:00:01,835][com.java.SeleniumDriver] [  857] - Datavalue is----------null
[DEBUG][2016-01-07 16:00:01,835][com.java.SeleniumDriver] [  875] - Exception: null
[INFO ][2016-01-07 16:00:01,835][com.java.SeleniumDriver] [  881] - DataField : BTNframeDialogContent
[INFO ][2016-01-07 16:00:01,835][com.java.SeleniumDriver] [  883] - DataValue : 
[INFO ][2016-01-07 16:00:01,835][com.java.SeleniumDriver] [  889] - <In Set values of the page>
[INFO ][2016-01-07 16:00:01,835][com.java.SeleniumDriver] [  892] - {Data Fields & Data Values Exist}
[INFO ][2016-01-07 16:00:01,835][com.java.SeleniumDriver] [  894] - --------------------------setting values-----------------------------
[INFO ][2016-01-07 16:00:01,836][com.java.SeleniumDriver] [  897] - Action Type : SelectFrame
[INFO ][2016-01-07 16:00:03,125][com.java.SeleniumDriver] [  906] -  RESULT true
[INFO ][2016-01-07 16:00:03,125][com.java.SeleniumDriver] [ 1112] - ?   P A S S   ?
[INFO ][2016-01-07 16:00:03,125][com.java.SeleniumDriver] [  832] - ------------------------------------------
[INFO ][2016-01-07 16:00:03,125][com.java.SeleniumDriver] [  833] - Test case being Executed: 2
[INFO ][2016-01-07 16:00:03,126][com.java.SeleniumDriver] [  845] - Test step:33
[INFO ][2016-01-07 16:00:03,126][com.java.SeleniumDriver] [  857] - Datavalue is----------null
[DEBUG][2016-01-07 16:00:03,126][com.java.SeleniumDriver] [  875] - Exception: null
[INFO ][2016-01-07 16:00:03,126][com.java.SeleniumDriver] [  881] - DataField : BTNchkGlobalPrivsUserAdmin
[INFO ][2016-01-07 16:00:03,126][com.java.SeleniumDriver] [  883] - DataValue : 
[INFO ][2016-01-07 16:00:03,126][com.java.SeleniumDriver] [  889] - <In Set values of the page>
[INFO ][2016-01-07 16:00:03,126][com.java.SeleniumDriver] [  892] - {Data Fields & Data Values Exist}
[INFO ][2016-01-07 16:00:03,126][com.java.SeleniumDriver] [  894] - --------------------------setting values-----------------------------
[INFO ][2016-01-07 16:00:03,126][com.java.SeleniumDriver] [  897] - Action Type : Click
[INFO ][2016-01-07 16:00:03,126][com.java.TestType] [ 6274] - Field ::BTNchkGlobalPrivsUserAdmin
[INFO ][2016-01-07 16:00:03,126][com.java.TestType] [ 5895] - value = 
[INFO ][2016-01-07 16:00:04,126][com.java.TestType] [ 6390] - BEFORE CLICK
[INFO ][2016-01-07 16:00:05,555][com.java.TestType] [ 6397] - Unable to click the object User Admin check box
[INFO ][2016-01-07 16:00:05,555][com.java.SeleniumDriver] [  906] -  RESULT true
[INFO ][2016-01-07 16:00:05,556][com.java.SeleniumDriver] [ 1112] - ?   P A S S   ?
[INFO ][2016-01-07 16:00:05,556][com.java.SeleniumDriver] [  832] - ------------------------------------------
[INFO ][2016-01-07 16:00:05,556][com.java.SeleniumDriver] [  833] - Test case being Executed: 2
[INFO ][2016-01-07 16:00:05,556][com.java.SeleniumDriver] [  845] - Test step:34
[INFO ][2016-01-07 16:00:05,556][com.java.SeleniumDriver] [  857] - Datavalue is----------index:1
[INFO ][2016-01-07 16:00:05,556][com.java.SeleniumDriver] [  881] - DataField : COBddlEntityAccess
[INFO ][2016-01-07 16:00:05,556][com.java.SeleniumDriver] [  883] - DataValue : index:1
[INFO ][2016-01-07 16:00:05,556][com.java.SeleniumDriver] [  889] - <In Set values of the page>
[INFO ][2016-01-07 16:00:05,556][com.java.SeleniumDriver] [  892] - {Data Fields & Data Values Exist}
[INFO ][2016-01-07 16:00:05,556][com.java.SeleniumDriver] [  894] - --------------------------setting values-----------------------------
[INFO ][2016-01-07 16:00:05,556][com.java.SeleniumDriver] [  897] - Action Type : select
[INFO ][2016-01-07 16:00:05,556][com.java.TestType] [ 5895] - value = 1
[INFO ][2016-01-07 16:00:06,766][com.java.TestType] [ 6013] -  In COB ddlEntityAccess : 1
[ERROR][2016-01-07 16:00:06,816][com.java.TestType] [ 6160] - Unable to perform Action Select Cannot locate option with index: 1
For documentation on this error, please visit: http://seleniumhq.org/exceptions/no_such_element.html
Build info: version: '2.48.2', revision: '41bccdd', time: '2015-10-09 19:59:12'
System info: host: 'FVTIII438F1D', ip: '172.17.68.34', os.name: 'Windows 7', os.arch: 'x86', os.version: '6.1', java.version: '1.7.0_55'
Driver info: driver.version: SeleniumDriver
[INFO ][2016-01-07 16:00:06,816][com.java.SeleniumDriver] [  906] -  RESULT false
[INFO ][2016-01-07 16:00:06,816][com.java.SeleniumDriver] [  953] - ?   F A I L   ?
[INFO ][2016-01-07 16:00:06,816][com.java.SeleniumDriver] [  961] - Browser Type : IE10
[INFO ][2016-01-07 16:00:06,816][com.java.SeleniumDriver] [  962] - Adding Failed case2
[DEBUG][2016-01-07 16:00:07,679][com.java.SeleniumDriver] [ 1030] -  tdd.getCondition() IF:36:Next
[INFO ][2016-01-07 16:00:07,680][com.java.SeleniumDriver] [ 1034] - Continue next step...
[INFO ][2016-01-07 16:00:07,680][com.java.SeleniumDriver] [  832] - ------------------------------------------
[INFO ][2016-01-07 16:00:07,680][com.java.SeleniumDriver] [  833] - Test case being Executed: 2
[INFO ][2016-01-07 16:00:07,680][com.java.SeleniumDriver] [  845] - Test step:35
[INFO ][2016-01-07 16:00:07,680][com.java.SeleniumDriver] [  857] - Datavalue is----------index:0
[INFO ][2016-01-07 16:00:07,680][com.java.SeleniumDriver] [  881] - DataField : COBddlEntityAccess
[INFO ][2016-01-07 16:00:07,680][com.java.SeleniumDriver] [  883] - DataValue : index:0
[INFO ][2016-01-07 16:00:07,680][com.java.SeleniumDriver] [  889] - <In Set values of the page>
[INFO ][2016-01-07 16:00:07,680][com.java.SeleniumDriver] [  892] - {Data Fields & Data Values Exist}
[INFO ][2016-01-07 16:00:07,680][com.java.SeleniumDriver] [  894] - --------------------------setting values-----------------------------
[INFO ][2016-01-07 16:00:07,680][com.java.SeleniumDriver] [  897] - Action Type : select
[INFO ][2016-01-07 16:00:07,681][com.java.TestType] [ 5895] - value = 0
[INFO ][2016-01-07 16:00:09,038][com.java.TestType] [ 6013] -  In COB ddlEntityAccess : 0
[INFO ][2016-01-07 16:00:09,112][com.java.SeleniumDriver] [  906] -  RESULT true
[INFO ][2016-01-07 16:00:09,112][com.java.SeleniumDriver] [ 1112] - ?   P A S S   ?
[INFO ][2016-01-07 16:00:09,112][com.java.SeleniumDriver] [  832] - ------------------------------------------
[INFO ][2016-01-07 16:00:09,112][com.java.SeleniumDriver] [  833] - Test case being Executed: 2
[INFO ][2016-01-07 16:00:09,112][com.java.SeleniumDriver] [  845] - Test step:36
[INFO ][2016-01-07 16:00:09,112][com.java.SeleniumDriver] [  857] - Datavalue is----------null
[DEBUG][2016-01-07 16:00:09,113][com.java.SeleniumDriver] [  875] - Exception: null
[INFO ][2016-01-07 16:00:09,113][com.java.SeleniumDriver] [  881] - DataField : BTNrdoEnableEntity_Enable
[INFO ][2016-01-07 16:00:09,113][com.java.SeleniumDriver] [  883] - DataValue : 
[INFO ][2016-01-07 16:00:09,113][com.java.SeleniumDriver] [  889] - <In Set values of the page>
[INFO ][2016-01-07 16:00:09,113][com.java.SeleniumDriver] [  892] - {Data Fields & Data Values Exist}
[INFO ][2016-01-07 16:00:09,113][com.java.SeleniumDriver] [  894] - --------------------------setting values-----------------------------
[INFO ][2016-01-07 16:00:09,113][com.java.SeleniumDriver] [  897] - Action Type : Click
[INFO ][2016-01-07 16:00:09,113][com.java.TestType] [ 6274] - Field ::BTNrdoEnableEntity_Enable
[INFO ][2016-01-07 16:00:09,113][com.java.TestType] [ 5895] - value = 
[INFO ][2016-01-07 16:00:10,113][com.java.TestType] [ 6390] - BEFORE CLICK
[INFO ][2016-01-07 16:00:11,485][com.java.TestType] [ 6397] - Unable to click the object Enable radio button
[INFO ][2016-01-07 16:00:11,485][com.java.SeleniumDriver] [  906] -  RESULT true
[INFO ][2016-01-07 16:00:11,485][com.java.SeleniumDriver] [ 1112] - ?   P A S S   ?
[INFO ][2016-01-07 16:00:11,485][com.java.SeleniumDriver] [  832] - ------------------------------------------
[INFO ][2016-01-07 16:00:11,485][com.java.SeleniumDriver] [  833] - Test case being Executed: 2
[INFO ][2016-01-07 16:00:11,485][com.java.SeleniumDriver] [  845] - Test step:37
[INFO ][2016-01-07 16:00:11,485][com.java.SeleniumDriver] [  857] - Datavalue is----------null
[DEBUG][2016-01-07 16:00:11,485][com.java.SeleniumDriver] [  875] - Exception: null
[INFO ][2016-01-07 16:00:11,485][com.java.SeleniumDriver] [  881] - DataField : BTNchkProfitCenterAll
[INFO ][2016-01-07 16:00:11,486][com.java.SeleniumDriver] [  883] - DataValue : 
[INFO ][2016-01-07 16:00:11,486][com.java.SeleniumDriver] [  889] - <In Set values of the page>
[INFO ][2016-01-07 16:00:11,486][com.java.SeleniumDriver] [  892] - {Data Fields & Data Values Exist}
[INFO ][2016-01-07 16:00:11,486][com.java.SeleniumDriver] [  894] - --------------------------setting values-----------------------------
[INFO ][2016-01-07 16:00:11,486][com.java.SeleniumDriver] [  897] - Action Type : Click
[INFO ][2016-01-07 16:00:11,486][com.java.TestType] [ 6274] - Field ::BTNchkProfitCenterAll
[INFO ][2016-01-07 16:00:11,486][com.java.TestType] [ 5895] - value = 
[INFO ][2016-01-07 16:00:12,487][com.java.TestType] [ 6390] - BEFORE CLICK
[INFO ][2016-01-07 16:00:13,867][com.java.TestType] [ 6397] - Unable to click the object All Check box
[INFO ][2016-01-07 16:00:13,867][com.java.SeleniumDriver] [  906] -  RESULT true
[INFO ][2016-01-07 16:00:13,867][com.java.SeleniumDriver] [ 1112] - ?   P A S S   ?
[INFO ][2016-01-07 16:00:13,867][com.java.SeleniumDriver] [  832] - ------------------------------------------
[INFO ][2016-01-07 16:00:13,867][com.java.SeleniumDriver] [  833] - Test case being Executed: 2
[INFO ][2016-01-07 16:00:13,867][com.java.SeleniumDriver] [  845] - Test step:38
[INFO ][2016-01-07 16:00:13,867][com.java.SeleniumDriver] [  857] - Datavalue is----------null
[DEBUG][2016-01-07 16:00:13,868][com.java.SeleniumDriver] [  875] - Exception: null
[INFO ][2016-01-07 16:00:13,868][com.java.SeleniumDriver] [  881] - DataField : BTNchkPrivsAccessGL
[INFO ][2016-01-07 16:00:13,868][com.java.SeleniumDriver] [  883] - DataValue : 
[INFO ][2016-01-07 16:00:13,868][com.java.SeleniumDriver] [  889] - <In Set values of the page>
[INFO ][2016-01-07 16:00:13,868][com.java.SeleniumDriver] [  892] - {Data Fields & Data Values Exist}
[INFO ][2016-01-07 16:00:13,868][com.java.SeleniumDriver] [  894] - --------------------------setting values-----------------------------
[INFO ][2016-01-07 16:00:13,868][com.java.SeleniumDriver] [  897] - Action Type : Click
[INFO ][2016-01-07 16:00:13,868][com.java.TestType] [ 6274] - Field ::BTNchkPrivsAccessGL
[INFO ][2016-01-07 16:00:13,868][com.java.TestType] [ 5895] - value = 
[INFO ][2016-01-07 16:00:14,868][com.java.TestType] [ 6390] - BEFORE CLICK
[INFO ][2016-01-07 16:00:16,269][com.java.TestType] [ 6397] - Unable to click the object GL check box
[INFO ][2016-01-07 16:00:16,269][com.java.SeleniumDriver] [  906] -  RESULT true
[INFO ][2016-01-07 16:00:16,269][com.java.SeleniumDriver] [ 1112] - ?   P A S S   ?
[INFO ][2016-01-07 16:00:16,269][com.java.SeleniumDriver] [  832] - ------------------------------------------
[INFO ][2016-01-07 16:00:16,269][com.java.SeleniumDriver] [  833] - Test case being Executed: 2
[INFO ][2016-01-07 16:00:16,269][com.java.SeleniumDriver] [  845] - Test step:39
[INFO ][2016-01-07 16:00:16,269][com.java.SeleniumDriver] [  857] - Datavalue is----------null
[DEBUG][2016-01-07 16:00:16,270][com.java.SeleniumDriver] [  875] - Exception: null
[INFO ][2016-01-07 16:00:16,270][com.java.SeleniumDriver] [  881] - DataField : BTNparent
[INFO ][2016-01-07 16:00:16,270][com.java.SeleniumDriver] [  883] - DataValue : 
[INFO ][2016-01-07 16:00:16,270][com.java.SeleniumDriver] [  889] - <In Set values of the page>
[INFO ][2016-01-07 16:00:16,270][com.java.SeleniumDriver] [  892] - {Data Fields & Data Values Exist}
[INFO ][2016-01-07 16:00:16,270][com.java.SeleniumDriver] [  894] - --------------------------setting values-----------------------------
[INFO ][2016-01-07 16:00:16,270][com.java.SeleniumDriver] [  897] - Action Type : SelectFrame
[INFO ][2016-01-07 16:00:16,286][com.java.SeleniumDriver] [  906] -  RESULT true
[INFO ][2016-01-07 16:00:16,286][com.java.SeleniumDriver] [ 1112] - ?   P A S S   ?
[INFO ][2016-01-07 16:00:16,286][com.java.SeleniumDriver] [  832] - ------------------------------------------
[INFO ][2016-01-07 16:00:16,286][com.java.SeleniumDriver] [  833] - Test case being Executed: 2
[INFO ][2016-01-07 16:00:16,286][com.java.SeleniumDriver] [  845] - Test step:40
[INFO ][2016-01-07 16:00:16,286][com.java.SeleniumDriver] [  857] - Datavalue is----------5
[INFO ][2016-01-07 16:00:16,286][com.java.SeleniumDriver] [  881] - DataField : test
[INFO ][2016-01-07 16:00:16,286][com.java.SeleniumDriver] [  883] - DataValue : 5
[INFO ][2016-01-07 16:00:16,286][com.java.SeleniumDriver] [  889] - <In Set values of the page>
[INFO ][2016-01-07 16:00:16,286][com.java.SeleniumDriver] [  892] - {Data Fields & Data Values Exist}
[INFO ][2016-01-07 16:00:16,286][com.java.SeleniumDriver] [  894] - --------------------------setting values-----------------------------
[INFO ][2016-01-07 16:00:16,286][com.java.SeleniumDriver] [  897] - Action Type : WaitTime
[DEBUG][2016-01-07 16:00:16,287][com.java.TestType] [ 5715] - sleepTime: 5000
[INFO ][2016-01-07 16:00:21,288][com.java.SeleniumDriver] [  906] -  RESULT true
[INFO ][2016-01-07 16:00:21,288][com.java.SeleniumDriver] [ 1112] - ?   P A S S   ?
[INFO ][2016-01-07 16:00:21,288][com.java.SeleniumDriver] [  832] - ------------------------------------------
[INFO ][2016-01-07 16:00:21,288][com.java.SeleniumDriver] [  833] - Test case being Executed: 2
[INFO ][2016-01-07 16:00:21,288][com.java.SeleniumDriver] [  845] - Test step:41
[INFO ][2016-01-07 16:00:21,288][com.java.SeleniumDriver] [  857] - Datavalue is----------null
[DEBUG][2016-01-07 16:00:21,288][com.java.SeleniumDriver] [  875] - Exception: null
[INFO ][2016-01-07 16:00:21,288][com.java.SeleniumDriver] [  881] - DataField : XPH//span[contains(text(), 'Finished')]
[INFO ][2016-01-07 16:00:21,288][com.java.SeleniumDriver] [  883] - DataValue : 
[INFO ][2016-01-07 16:00:21,288][com.java.SeleniumDriver] [  889] - <In Set values of the page>
[INFO ][2016-01-07 16:00:21,288][com.java.SeleniumDriver] [  892] - {Data Fields & Data Values Exist}
[INFO ][2016-01-07 16:00:21,289][com.java.SeleniumDriver] [  894] - --------------------------setting values-----------------------------
[INFO ][2016-01-07 16:00:21,289][com.java.SeleniumDriver] [  897] - Action Type : Click
[INFO ][2016-01-07 16:00:21,289][com.java.TestType] [ 6274] - Field ::XPH//span[contains(text(), 'Finished')]
[INFO ][2016-01-07 16:00:21,289][com.java.TestType] [ 5895] - value = 
[INFO ][2016-01-07 16:00:22,289][com.java.TestType] [ 6411] - BEFORE CLICK
[INFO ][2016-01-07 16:00:25,528][com.java.TestType] [ 6419] - Unable to click the object Finished button
[INFO ][2016-01-07 16:00:25,528][com.java.SeleniumDriver] [  906] -  RESULT true
[INFO ][2016-01-07 16:00:25,528][com.java.SeleniumDriver] [ 1112] - ?   P A S S   ?
[INFO ][2016-01-07 16:00:25,528][com.java.SeleniumDriver] [  832] - ------------------------------------------
[INFO ][2016-01-07 16:00:25,528][com.java.SeleniumDriver] [  833] - Test case being Executed: 2
[INFO ][2016-01-07 16:00:25,528][com.java.SeleniumDriver] [  845] - Test step:42
[INFO ][2016-01-07 16:00:25,528][com.java.SeleniumDriver] [  857] - Datavalue is----------5
[INFO ][2016-01-07 16:00:25,528][com.java.SeleniumDriver] [  881] - DataField : BTNframeDialogContent
[INFO ][2016-01-07 16:00:25,528][com.java.SeleniumDriver] [  883] - DataValue : 5
[INFO ][2016-01-07 16:00:25,528][com.java.SeleniumDriver] [  889] - <In Set values of the page>
[INFO ][2016-01-07 16:00:25,528][com.java.SeleniumDriver] [  892] - {Data Fields & Data Values Exist}
[INFO ][2016-01-07 16:00:25,528][com.java.SeleniumDriver] [  894] - --------------------------setting values-----------------------------
[INFO ][2016-01-07 16:00:25,528][com.java.SeleniumDriver] [  897] - Action Type : WaitForElement
[INFO ][2016-01-07 16:00:26,755][com.java.SeleniumDriver] [  906] -  RESULT true
[INFO ][2016-01-07 16:00:26,755][com.java.SeleniumDriver] [ 1112] - ?   P A S S   ?
[INFO ][2016-01-07 16:00:26,755][com.java.SeleniumDriver] [  832] - ------------------------------------------
[INFO ][2016-01-07 16:00:26,755][com.java.SeleniumDriver] [  833] - Test case being Executed: 2
[INFO ][2016-01-07 16:00:26,756][com.java.SeleniumDriver] [  845] - Test step:43
[INFO ][2016-01-07 16:00:26,756][com.java.SeleniumDriver] [  857] - Datavalue is----------null
[DEBUG][2016-01-07 16:00:26,756][com.java.SeleniumDriver] [  875] - Exception: null
[INFO ][2016-01-07 16:00:26,756][com.java.SeleniumDriver] [  881] - DataField : BTNframeDialogContent
[INFO ][2016-01-07 16:00:26,756][com.java.SeleniumDriver] [  883] - DataValue : 
[INFO ][2016-01-07 16:00:26,756][com.java.SeleniumDriver] [  889] - <In Set values of the page>
[INFO ][2016-01-07 16:00:26,756][com.java.SeleniumDriver] [  892] - {Data Fields & Data Values Exist}
[INFO ][2016-01-07 16:00:26,756][com.java.SeleniumDriver] [  894] - --------------------------setting values-----------------------------
[INFO ][2016-01-07 16:00:26,756][com.java.SeleniumDriver] [  897] - Action Type : SelectFrame
[INFO ][2016-01-07 16:00:28,019][com.java.SeleniumDriver] [  906] -  RESULT true
[INFO ][2016-01-07 16:00:28,019][com.java.SeleniumDriver] [ 1112] - ?   P A S S   ?
[INFO ][2016-01-07 16:00:28,019][com.java.SeleniumDriver] [  832] - ------------------------------------------
[INFO ][2016-01-07 16:00:28,019][com.java.SeleniumDriver] [  833] - Test case being Executed: 2
[INFO ][2016-01-07 16:00:28,019][com.java.SeleniumDriver] [  845] - Test step:44
[INFO ][2016-01-07 16:00:28,019][com.java.SeleniumDriver] [  857] - Datavalue is----------null
[DEBUG][2016-01-07 16:00:28,020][com.java.SeleniumDriver] [  875] - Exception: null
[INFO ][2016-01-07 16:00:28,020][com.java.SeleniumDriver] [  881] - DataField : XPH//table[@id="tblUserListing"]//td[contains(text(),'vltest.robot')]
[INFO ][2016-01-07 16:00:28,020][com.java.SeleniumDriver] [  883] - DataValue : 
[INFO ][2016-01-07 16:00:28,020][com.java.SeleniumDriver] [  889] - <In Set values of the page>
[INFO ][2016-01-07 16:00:28,020][com.java.SeleniumDriver] [  892] - {Data Fields & Data Values Exist}
[INFO ][2016-01-07 16:00:28,020][com.java.SeleniumDriver] [  894] - --------------------------setting values-----------------------------
[INFO ][2016-01-07 16:00:28,020][com.java.SeleniumDriver] [  897] - Action Type : WaitForElement
[INFO ][2016-01-07 16:00:28,056][com.java.SeleniumDriver] [  906] -  RESULT true
[INFO ][2016-01-07 16:00:28,056][com.java.SeleniumDriver] [ 1112] - ?   P A S S   ?
[INFO ][2016-01-07 16:00:28,056][com.java.SeleniumDriver] [  832] - ------------------------------------------
[INFO ][2016-01-07 16:00:28,056][com.java.SeleniumDriver] [  833] - Test case being Executed: 2
[INFO ][2016-01-07 16:00:28,057][com.java.SeleniumDriver] [  845] - Test step:45
[INFO ][2016-01-07 16:00:28,057][com.java.SeleniumDriver] [  857] - Datavalue is----------HMVGivenNewUserName
[INFO ][2016-01-07 16:00:28,057][com.java.SeleniumDriver] [  881] - DataField : USR
[INFO ][2016-01-07 16:00:28,057][com.java.SeleniumDriver] [  883] - DataValue : HMVGivenNewUserName
[INFO ][2016-01-07 16:00:28,057][com.java.SeleniumDriver] [  889] - <In Set values of the page>
[INFO ][2016-01-07 16:00:28,057][com.java.SeleniumDriver] [  892] - {Data Fields & Data Values Exist}
[INFO ][2016-01-07 16:00:28,057][com.java.SeleniumDriver] [  894] - --------------------------setting values-----------------------------
[INFO ][2016-01-07 16:00:28,057][com.java.SeleniumDriver] [  897] - Action Type : Verify
[INFO ][2016-01-07 16:00:28,057][com.java.TestType] [ 7269] - field= USR value= HMVGivenNewUserName
[INFO ][2016-01-07 16:00:28,057][com.java.TestType] [ 5895] - value = vltest.robot73100
[INFO ][2016-01-07 16:00:28,107][com.java.SeleniumDriver] [  906] -  RESULT true
[INFO ][2016-01-07 16:00:28,107][com.java.SeleniumDriver] [ 1112] - ?   P A S S   ?
[INFO ][2016-01-07 16:00:28,107][com.java.SeleniumDriver] [  832] - ------------------------------------------
[INFO ][2016-01-07 16:00:28,107][com.java.SeleniumDriver] [  833] - Test case being Executed: 2
[INFO ][2016-01-07 16:00:28,107][com.java.SeleniumDriver] [  845] - Test step:46
[INFO ][2016-01-07 16:00:28,107][com.java.SeleniumDriver] [  857] - Datavalue is----------GivenNewUserName::Login_username
[INFO ][2016-01-07 16:00:28,107][com.java.SeleniumDriver] [  881] - DataField : PVP//table[@id="tblUserListing"]//td[contains(text(),'mytext')]
[INFO ][2016-01-07 16:00:28,108][com.java.SeleniumDriver] [  883] - DataValue : GivenNewUserName::Login_username
[INFO ][2016-01-07 16:00:28,108][com.java.SeleniumDriver] [  889] - <In Set values of the page>
[INFO ][2016-01-07 16:00:28,108][com.java.SeleniumDriver] [  892] - {Data Fields & Data Values Exist}
[INFO ][2016-01-07 16:00:28,108][com.java.SeleniumDriver] [  894] - --------------------------setting values-----------------------------
[INFO ][2016-01-07 16:00:28,108][com.java.SeleniumDriver] [  897] - Action Type : STOREVALUE
[INFO ][2016-01-07 16:00:28,108][com.java.TestType] [ 8612] - field= PVP//table[@id="tblUserListing"]//td[contains(text(),'mytext')]
[DEBUG][2016-01-07 16:00:28,228][com.java.TestType] [ 8903] - Key:: GivenNewUserName::Login_username  Value:: vltest.robot73100.15019
[INFO ][2016-01-07 16:00:28,228][com.java.SeleniumDriver] [  906] -  RESULT true
[INFO ][2016-01-07 16:00:28,228][com.java.SeleniumDriver] [ 1112] - ?   P A S S   ?
[INFO ][2016-01-07 16:00:28,228][com.java.SeleniumDriver] [  832] - ------------------------------------------
[INFO ][2016-01-07 16:00:28,228][com.java.SeleniumDriver] [  833] - Test case being Executed: 2
[INFO ][2016-01-07 16:00:28,228][com.java.SeleniumDriver] [  845] - Test step:47
[INFO ][2016-01-07 16:00:28,228][com.java.SeleniumDriver] [  857] - Datavalue is----------10
[INFO ][2016-01-07 16:00:28,228][com.java.SeleniumDriver] [  881] - DataField : test
[INFO ][2016-01-07 16:00:28,229][com.java.SeleniumDriver] [  883] - DataValue : 10
[INFO ][2016-01-07 16:00:28,229][com.java.SeleniumDriver] [  889] - <In Set values of the page>
[INFO ][2016-01-07 16:00:28,229][com.java.SeleniumDriver] [  892] - {Data Fields & Data Values Exist}
[INFO ][2016-01-07 16:00:28,229][com.java.SeleniumDriver] [  894] - --------------------------setting values-----------------------------
[INFO ][2016-01-07 16:00:28,229][com.java.SeleniumDriver] [  897] - Action Type : WaitTime
[DEBUG][2016-01-07 16:00:28,229][com.java.TestType] [ 5715] - sleepTime: 10000
[INFO ][2016-01-07 16:00:38,230][com.java.SeleniumDriver] [  906] -  RESULT true
[INFO ][2016-01-07 16:00:38,230][com.java.SeleniumDriver] [ 1112] - ?   P A S S   ?
[INFO ][2016-01-07 16:00:38,230][com.java.SeleniumDriver] [  832] - ------------------------------------------
[INFO ][2016-01-07 16:00:38,230][com.java.SeleniumDriver] [  833] - Test case being Executed: 2
[INFO ][2016-01-07 16:00:38,230][com.java.SeleniumDriver] [  845] - Test step:48
[INFO ][2016-01-07 16:00:38,230][com.java.SeleniumDriver] [  857] - Datavalue is----------Login_username
[INFO ][2016-01-07 16:00:38,230][com.java.SeleniumDriver] [  881] - DataField : MNC//div[@id="divUserListing"]//td//a[@id='modifyUser.mytext']
[INFO ][2016-01-07 16:00:38,230][com.java.SeleniumDriver] [  883] - DataValue : Login_username
[INFO ][2016-01-07 16:00:38,230][com.java.SeleniumDriver] [  889] - <In Set values of the page>
[INFO ][2016-01-07 16:00:38,230][com.java.SeleniumDriver] [  892] - {Data Fields & Data Values Exist}
[INFO ][2016-01-07 16:00:38,230][com.java.SeleniumDriver] [  894] - --------------------------setting values-----------------------------
[INFO ][2016-01-07 16:00:38,230][com.java.SeleniumDriver] [  897] - Action Type : Click
[INFO ][2016-01-07 16:00:38,231][com.java.TestType] [ 6274] - Field ::MNC//div[@id="divUserListing"]//td//a[@id='modifyUser.mytext']
[INFO ][2016-01-07 16:00:38,231][com.java.TestType] [ 5895] - value = Login_username
[INFO ][2016-01-07 16:00:39,560][com.java.SeleniumDriver] [  906] -  RESULT true
[INFO ][2016-01-07 16:00:39,560][com.java.SeleniumDriver] [ 1112] - ?   P A S S   ?
[INFO ][2016-01-07 16:00:39,560][com.java.SeleniumDriver] [  832] - ------------------------------------------
[INFO ][2016-01-07 16:00:39,560][com.java.SeleniumDriver] [  833] - Test case being Executed: 2
[INFO ][2016-01-07 16:00:39,560][com.java.SeleniumDriver] [  845] - Test step:49
[INFO ][2016-01-07 16:00:39,560][com.java.SeleniumDriver] [  857] - Datavalue is----------2
[INFO ][2016-01-07 16:00:39,560][com.java.SeleniumDriver] [  881] - DataField : BTNtxtFirstName
[INFO ][2016-01-07 16:00:39,560][com.java.SeleniumDriver] [  883] - DataValue : 2
[INFO ][2016-01-07 16:00:39,561][com.java.SeleniumDriver] [  889] - <In Set values of the page>
[INFO ][2016-01-07 16:00:39,561][com.java.SeleniumDriver] [  892] - {Data Fields & Data Values Exist}
[INFO ][2016-01-07 16:00:39,561][com.java.SeleniumDriver] [  894] - --------------------------setting values-----------------------------
[INFO ][2016-01-07 16:00:39,561][com.java.SeleniumDriver] [  897] - Action Type : WaitForElement
[INFO ][2016-01-07 16:00:41,402][com.java.SeleniumDriver] [  906] -  RESULT true
[INFO ][2016-01-07 16:00:41,402][com.java.SeleniumDriver] [ 1112] - ?   P A S S   ?
[INFO ][2016-01-07 16:00:41,402][com.java.SeleniumDriver] [  832] - ------------------------------------------
[INFO ][2016-01-07 16:00:41,402][com.java.SeleniumDriver] [  833] - Test case being Executed: 2
[INFO ][2016-01-07 16:00:41,402][com.java.SeleniumDriver] [  845] - Test step:50
[INFO ][2016-01-07 16:00:41,402][com.java.SeleniumDriver] [  857] - Datavalue is----------dt:ResetNewPswd
[INFO ][2016-01-07 16:00:41,402][com.java.SeleniumDriver] [  881] - DataField : TXTtxtPassword
[INFO ][2016-01-07 16:00:41,403][com.java.SeleniumDriver] [  883] - DataValue : dt:ResetNewPswd
[INFO ][2016-01-07 16:00:41,403][com.java.SeleniumDriver] [  889] - <In Set values of the page>
[INFO ][2016-01-07 16:00:41,403][com.java.SeleniumDriver] [  892] - {Data Fields & Data Values Exist}
[INFO ][2016-01-07 16:00:41,403][com.java.SeleniumDriver] [  894] - --------------------------setting values-----------------------------
[INFO ][2016-01-07 16:00:41,403][com.java.SeleniumDriver] [  897] - Action Type : CLEARANDENTER
[INFO ][2016-01-07 16:00:41,403][com.java.TestType] [ 5895] - value = Password#1
[INFO ][2016-01-07 16:00:44,142][com.java.SeleniumDriver] [  906] -  RESULT true
[INFO ][2016-01-07 16:00:44,142][com.java.SeleniumDriver] [ 1112] - ?   P A S S   ?
[INFO ][2016-01-07 16:00:44,142][com.java.SeleniumDriver] [  832] - ------------------------------------------
[INFO ][2016-01-07 16:00:44,142][com.java.SeleniumDriver] [  833] - Test case being Executed: 2
[INFO ][2016-01-07 16:00:44,142][com.java.SeleniumDriver] [  845] - Test step:51
[INFO ][2016-01-07 16:00:44,144][com.java.SeleniumDriver] [  857] - Datavalue is----------5
[INFO ][2016-01-07 16:00:44,144][com.java.SeleniumDriver] [  881] - DataField : TXTtxtPasswordConfirm
[INFO ][2016-01-07 16:00:44,144][com.java.SeleniumDriver] [  883] - DataValue : 5
[INFO ][2016-01-07 16:00:44,144][com.java.SeleniumDriver] [  889] - <In Set values of the page>
[INFO ][2016-01-07 16:00:44,144][com.java.SeleniumDriver] [  892] - {Data Fields & Data Values Exist}
[INFO ][2016-01-07 16:00:44,144][com.java.SeleniumDriver] [  894] - --------------------------setting values-----------------------------
[INFO ][2016-01-07 16:00:44,144][com.java.SeleniumDriver] [  897] - Action Type : WaitForElement
[INFO ][2016-01-07 16:00:45,308][com.java.SeleniumDriver] [  906] -  RESULT true
[INFO ][2016-01-07 16:00:45,308][com.java.SeleniumDriver] [ 1112] - ?   P A S S   ?
[INFO ][2016-01-07 16:00:45,308][com.java.SeleniumDriver] [  832] - ------------------------------------------
[INFO ][2016-01-07 16:00:45,308][com.java.SeleniumDriver] [  833] - Test case being Executed: 2
[INFO ][2016-01-07 16:00:45,309][com.java.SeleniumDriver] [  845] - Test step:52
[INFO ][2016-01-07 16:00:45,309][com.java.SeleniumDriver] [  857] - Datavalue is----------dt:ResetNewPswd
[INFO ][2016-01-07 16:00:45,309][com.java.SeleniumDriver] [  881] - DataField : TXTtxtPasswordConfirm
[INFO ][2016-01-07 16:00:45,309][com.java.SeleniumDriver] [  883] - DataValue : dt:ResetNewPswd
[INFO ][2016-01-07 16:00:45,309][com.java.SeleniumDriver] [  889] - <In Set values of the page>
[INFO ][2016-01-07 16:00:45,309][com.java.SeleniumDriver] [  892] - {Data Fields & Data Values Exist}
[INFO ][2016-01-07 16:00:45,309][com.java.SeleniumDriver] [  894] - --------------------------setting values-----------------------------
[INFO ][2016-01-07 16:00:45,309][com.java.SeleniumDriver] [  897] - Action Type : CLEARANDENTER
[INFO ][2016-01-07 16:00:45,309][com.java.TestType] [ 5895] - value = Password#1
[INFO ][2016-01-07 16:00:48,045][com.java.SeleniumDriver] [  906] -  RESULT true
[INFO ][2016-01-07 16:00:48,045][com.java.SeleniumDriver] [ 1112] - ?   P A S S   ?
[INFO ][2016-01-07 16:00:48,045][com.java.SeleniumDriver] [  832] - ------------------------------------------
[INFO ][2016-01-07 16:00:48,045][com.java.SeleniumDriver] [  833] - Test case being Executed: 2
[INFO ][2016-01-07 16:00:48,045][com.java.SeleniumDriver] [  845] - Test step:53
[INFO ][2016-01-07 16:00:48,045][com.java.SeleniumDriver] [  857] - Datavalue is----------5
[INFO ][2016-01-07 16:00:48,045][com.java.SeleniumDriver] [  881] - DataField : test
[INFO ][2016-01-07 16:00:48,045][com.java.SeleniumDriver] [  883] - DataValue : 5
[INFO ][2016-01-07 16:00:48,045][com.java.SeleniumDriver] [  889] - <In Set values of the page>
[INFO ][2016-01-07 16:00:48,045][com.java.SeleniumDriver] [  892] - {Data Fields & Data Values Exist}
[INFO ][2016-01-07 16:00:48,046][com.java.SeleniumDriver] [  894] - --------------------------setting values-----------------------------
[INFO ][2016-01-07 16:00:48,046][com.java.SeleniumDriver] [  897] - Action Type : WaitTime
[DEBUG][2016-01-07 16:00:48,046][com.java.TestType] [ 5715] - sleepTime: 5000
[INFO ][2016-01-07 16:00:53,046][com.java.SeleniumDriver] [  906] -  RESULT true
[INFO ][2016-01-07 16:00:53,046][com.java.SeleniumDriver] [ 1112] - ?   P A S S   ?
[INFO ][2016-01-07 16:00:53,046][com.java.SeleniumDriver] [  832] - ------------------------------------------
[INFO ][2016-01-07 16:00:53,046][com.java.SeleniumDriver] [  833] - Test case being Executed: 2
[INFO ][2016-01-07 16:00:53,046][com.java.SeleniumDriver] [  845] - Test step:54
[INFO ][2016-01-07 16:00:53,046][com.java.SeleniumDriver] [  857] - Datavalue is----------null
[DEBUG][2016-01-07 16:00:53,046][com.java.SeleniumDriver] [  875] - Exception: null
[INFO ][2016-01-07 16:00:53,046][com.java.SeleniumDriver] [  881] - DataField : BTNrdoResendYes
[INFO ][2016-01-07 16:00:53,046][com.java.SeleniumDriver] [  883] - DataValue : 
[INFO ][2016-01-07 16:00:53,046][com.java.SeleniumDriver] [  889] - <In Set values of the page>
[INFO ][2016-01-07 16:00:53,046][com.java.SeleniumDriver] [  892] - {Data Fields & Data Values Exist}
[INFO ][2016-01-07 16:00:53,046][com.java.SeleniumDriver] [  894] - --------------------------setting values-----------------------------
[INFO ][2016-01-07 16:00:53,047][com.java.SeleniumDriver] [  897] - Action Type : Click
[INFO ][2016-01-07 16:00:53,047][com.java.TestType] [ 6274] - Field ::BTNrdoResendYes
[INFO ][2016-01-07 16:00:53,047][com.java.TestType] [ 5895] - value = 
[INFO ][2016-01-07 16:00:54,048][com.java.TestType] [ 6390] - BEFORE CLICK
[INFO ][2016-01-07 16:00:55,370][com.java.TestType] [ 6397] - Unable to click the object Yes Radio button
[INFO ][2016-01-07 16:00:55,370][com.java.SeleniumDriver] [  906] -  RESULT true
[INFO ][2016-01-07 16:00:55,370][com.java.SeleniumDriver] [ 1112] - ?   P A S S   ?
[INFO ][2016-01-07 16:00:55,370][com.java.SeleniumDriver] [  832] - ------------------------------------------
[INFO ][2016-01-07 16:00:55,370][com.java.SeleniumDriver] [  833] - Test case being Executed: 2
[INFO ][2016-01-07 16:00:55,370][com.java.SeleniumDriver] [  845] - Test step:55
[INFO ][2016-01-07 16:00:55,370][com.java.SeleniumDriver] [  857] - Datavalue is----------null
[DEBUG][2016-01-07 16:00:55,371][com.java.SeleniumDriver] [  875] - Exception: null
[INFO ][2016-01-07 16:00:55,371][com.java.SeleniumDriver] [  881] - DataField : BTNparent
[INFO ][2016-01-07 16:00:55,371][com.java.SeleniumDriver] [  883] - DataValue : 
[INFO ][2016-01-07 16:00:55,371][com.java.SeleniumDriver] [  889] - <In Set values of the page>
[INFO ][2016-01-07 16:00:55,371][com.java.SeleniumDriver] [  892] - {Data Fields & Data Values Exist}
[INFO ][2016-01-07 16:00:55,371][com.java.SeleniumDriver] [  894] - --------------------------setting values-----------------------------
[INFO ][2016-01-07 16:00:55,371][com.java.SeleniumDriver] [  897] - Action Type : SelectFrame
[INFO ][2016-01-07 16:00:55,386][com.java.SeleniumDriver] [  906] -  RESULT true
[INFO ][2016-01-07 16:00:55,386][com.java.SeleniumDriver] [ 1112] - ?   P A S S   ?
[INFO ][2016-01-07 16:00:55,386][com.java.SeleniumDriver] [  832] - ------------------------------------------
[INFO ][2016-01-07 16:00:55,386][com.java.SeleniumDriver] [  833] - Test case being Executed: 2
[INFO ][2016-01-07 16:00:55,386][com.java.SeleniumDriver] [  845] - Test step:56
[INFO ][2016-01-07 16:00:55,386][com.java.SeleniumDriver] [  857] - Datavalue is----------null
[DEBUG][2016-01-07 16:00:55,386][com.java.SeleniumDriver] [  875] - Exception: null
[INFO ][2016-01-07 16:00:55,387][com.java.SeleniumDriver] [  881] - DataField : XPH//span[contains(text(), 'Finished')]
[INFO ][2016-01-07 16:00:55,387][com.java.SeleniumDriver] [  883] - DataValue : 
[INFO ][2016-01-07 16:00:55,387][com.java.SeleniumDriver] [  889] - <In Set values of the page>
[INFO ][2016-01-07 16:00:55,387][com.java.SeleniumDriver] [  892] - {Data Fields & Data Values Exist}
[INFO ][2016-01-07 16:00:55,388][com.java.SeleniumDriver] [  894] - --------------------------setting values-----------------------------
[INFO ][2016-01-07 16:00:55,388][com.java.SeleniumDriver] [  897] - Action Type : Click
[INFO ][2016-01-07 16:00:55,388][com.java.TestType] [ 6274] - Field ::XPH//span[contains(text(), 'Finished')]
[INFO ][2016-01-07 16:00:55,388][com.java.TestType] [ 5895] - value = 
[INFO ][2016-01-07 16:00:56,389][com.java.TestType] [ 6411] - BEFORE CLICK
[INFO ][2016-01-07 16:00:57,253][com.java.TestType] [ 6419] - Unable to click the object Finished button
[INFO ][2016-01-07 16:00:57,253][com.java.SeleniumDriver] [  906] -  RESULT true
[INFO ][2016-01-07 16:00:57,253][com.java.SeleniumDriver] [ 1112] - ?   P A S S   ?
[INFO ][2016-01-07 16:00:57,253][com.java.SeleniumDriver] [  832] - ------------------------------------------
[INFO ][2016-01-07 16:00:57,253][com.java.SeleniumDriver] [  833] - Test case being Executed: 2
[INFO ][2016-01-07 16:00:57,253][com.java.SeleniumDriver] [  845] - Test step:57
[INFO ][2016-01-07 16:00:57,253][com.java.SeleniumDriver] [  857] - Datavalue is----------20
[INFO ][2016-01-07 16:00:57,253][com.java.SeleniumDriver] [  881] - DataField : test
[INFO ][2016-01-07 16:00:57,253][com.java.SeleniumDriver] [  883] - DataValue : 20
[INFO ][2016-01-07 16:00:57,253][com.java.SeleniumDriver] [  889] - <In Set values of the page>
[INFO ][2016-01-07 16:00:57,253][com.java.SeleniumDriver] [  892] - {Data Fields & Data Values Exist}
[INFO ][2016-01-07 16:00:57,253][com.java.SeleniumDriver] [  894] - --------------------------setting values-----------------------------
[INFO ][2016-01-07 16:00:57,254][com.java.SeleniumDriver] [  897] - Action Type : WaitTime
[DEBUG][2016-01-07 16:00:57,254][com.java.TestType] [ 5715] - sleepTime: 20000
[INFO ][2016-01-07 16:01:17,254][com.java.SeleniumDriver] [  906] -  RESULT true
[INFO ][2016-01-07 16:01:17,254][com.java.SeleniumDriver] [ 1112] - ?   P A S S   ?
[INFO ][2016-01-07 16:01:17,254][com.java.SeleniumDriver] [  832] - ------------------------------------------
[INFO ][2016-01-07 16:01:17,254][com.java.SeleniumDriver] [  833] - Test case being Executed: 2
[INFO ][2016-01-07 16:01:17,254][com.java.SeleniumDriver] [  845] - Test step:58
[INFO ][2016-01-07 16:01:17,254][com.java.SeleniumDriver] [  857] - Datavalue is----------5
[INFO ][2016-01-07 16:01:17,254][com.java.SeleniumDriver] [  881] - DataField : XPH//span[contains(text(), 'Finished')]
[INFO ][2016-01-07 16:01:17,254][com.java.SeleniumDriver] [  883] - DataValue : 5
[INFO ][2016-01-07 16:01:17,254][com.java.SeleniumDriver] [  889] - <In Set values of the page>
[INFO ][2016-01-07 16:01:17,254][com.java.SeleniumDriver] [  892] - {Data Fields & Data Values Exist}
[INFO ][2016-01-07 16:01:17,254][com.java.SeleniumDriver] [  894] - --------------------------setting values-----------------------------
[INFO ][2016-01-07 16:01:17,254][com.java.SeleniumDriver] [  897] - Action Type : WaitForElement
[INFO ][2016-01-07 16:01:17,293][com.java.SeleniumDriver] [  906] -  RESULT true
[INFO ][2016-01-07 16:01:17,293][com.java.SeleniumDriver] [ 1112] - ?   P A S S   ?
[INFO ][2016-01-07 16:01:17,293][com.java.SeleniumDriver] [  832] - ------------------------------------------
[INFO ][2016-01-07 16:01:17,293][com.java.SeleniumDriver] [  833] - Test case being Executed: 2
[INFO ][2016-01-07 16:01:17,294][com.java.SeleniumDriver] [  845] - Test step:59
[INFO ][2016-01-07 16:01:17,294][com.java.SeleniumDriver] [  857] - Datavalue is----------null
[DEBUG][2016-01-07 16:01:17,294][com.java.SeleniumDriver] [  875] - Exception: null
[INFO ][2016-01-07 16:01:17,294][com.java.SeleniumDriver] [  881] - DataField : XPH//span[contains(text(), 'Finished')]
[INFO ][2016-01-07 16:01:17,294][com.java.SeleniumDriver] [  883] - DataValue : 
[INFO ][2016-01-07 16:01:17,294][com.java.SeleniumDriver] [  889] - <In Set values of the page>
[INFO ][2016-01-07 16:01:17,294][com.java.SeleniumDriver] [  892] - {Data Fields & Data Values Exist}
[INFO ][2016-01-07 16:01:17,294][com.java.SeleniumDriver] [  894] - --------------------------setting values-----------------------------
[INFO ][2016-01-07 16:01:17,294][com.java.SeleniumDriver] [  897] - Action Type : Click
[INFO ][2016-01-07 16:01:17,294][com.java.TestType] [ 6274] - Field ::XPH//span[contains(text(), 'Finished')]
[INFO ][2016-01-07 16:01:17,294][com.java.TestType] [ 5895] - value = 
[INFO ][2016-01-07 16:01:18,294][com.java.TestType] [ 6411] - BEFORE CLICK
[INFO ][2016-01-07 16:01:19,478][com.java.TestType] [ 6419] - Unable to click the object Finished button
[INFO ][2016-01-07 16:01:19,478][com.java.SeleniumDriver] [  906] -  RESULT true
[INFO ][2016-01-07 16:01:19,478][com.java.SeleniumDriver] [ 1112] - ?   P A S S   ?
[INFO ][2016-01-07 16:01:19,478][com.java.SeleniumDriver] [  832] - ------------------------------------------
[INFO ][2016-01-07 16:01:19,478][com.java.SeleniumDriver] [  833] - Test case being Executed: 2
[INFO ][2016-01-07 16:01:19,478][com.java.SeleniumDriver] [  845] - Test step:60
[INFO ][2016-01-07 16:01:19,478][com.java.SeleniumDriver] [  857] - Datavalue is----------10
[INFO ][2016-01-07 16:01:19,478][com.java.SeleniumDriver] [  881] - DataField : XPH//div[contains(text(), 'My Dashboard')]
[INFO ][2016-01-07 16:01:19,478][com.java.SeleniumDriver] [  883] - DataValue : 10
[INFO ][2016-01-07 16:01:19,478][com.java.SeleniumDriver] [  889] - <In Set values of the page>
[INFO ][2016-01-07 16:01:19,478][com.java.SeleniumDriver] [  892] - {Data Fields & Data Values Exist}
[INFO ][2016-01-07 16:01:19,478][com.java.SeleniumDriver] [  894] - --------------------------setting values-----------------------------
[INFO ][2016-01-07 16:01:19,478][com.java.SeleniumDriver] [  897] - Action Type : WAITFORELEMENT
[INFO ][2016-01-07 16:01:19,514][com.java.SeleniumDriver] [  906] -  RESULT true
[INFO ][2016-01-07 16:01:19,514][com.java.SeleniumDriver] [ 1112] - ?   P A S S   ?
[INFO ][2016-01-07 16:01:19,514][com.java.SeleniumDriver] [  832] - ------------------------------------------
[INFO ][2016-01-07 16:01:19,514][com.java.SeleniumDriver] [  833] - Test case being Executed: 2
[INFO ][2016-01-07 16:01:19,514][com.java.SeleniumDriver] [  845] - Test step:61
[INFO ][2016-01-07 16:01:19,514][com.java.SeleniumDriver] [  857] - Datavalue is----------Concept#3:1-2
[INFO ][2016-01-07 16:01:19,515][com.java.SeleniumDriver] [  881] - DataField : test
[INFO ][2016-01-07 16:01:19,515][com.java.SeleniumDriver] [  883] - DataValue : Concept#3:1-2
[INFO ][2016-01-07 16:01:19,515][com.java.SeleniumDriver] [  889] - <In Set values of the page>
[INFO ][2016-01-07 16:01:19,515][com.java.SeleniumDriver] [  892] - {Data Fields & Data Values Exist}
[INFO ][2016-01-07 16:01:19,515][com.java.SeleniumDriver] [  894] - --------------------------setting values-----------------------------
[INFO ][2016-01-07 16:01:19,515][com.java.SeleniumDriver] [  897] - Action Type : ExecuteTestCase
[INFO ][2016-01-07 16:01:19,515][com.java.TestType] [  437] - The Concept sheet name is ---------- Concept
[INFO ][2016-01-07 16:01:19,515][com.java.TestType] [  440] - The Concept ID  is ---------- 3
[DEBUG][2016-01-07 16:01:19,515][com.java.TestType] [  444] - Steps being executted in the Concept are: 1:2
[INFO ][2016-01-07 16:01:19,515][com.java.TestType] [  451] - Test data details path ---------- D:\BankersDashboard\TestInputs\TestData.xls
[INFO ][2016-01-07 16:01:19,542][com.java.TestType] [  482] -  str(1) = 3
[INFO ][2016-01-07 16:01:19,542][com.java.TestType] [  485] - Test case Id is---3
[INFO ][2016-01-07 16:01:19,542][com.java.TestType] [  487] - 3
[INFO ][2016-01-07 16:01:19,543][com.java.TestType] [  482] -  str(2) = 1
[INFO ][2016-01-07 16:01:19,544][com.java.TestType] [  482] -  str(1) = 3
[INFO ][2016-01-07 16:01:19,544][com.java.TestType] [  485] - Test case Id is---3
[INFO ][2016-01-07 16:01:19,545][com.java.TestType] [  487] - 3
[INFO ][2016-01-07 16:01:19,545][com.java.TestType] [  482] -  str(2) = 2
[INFO ][2016-01-07 16:01:19,545][com.java.TestType] [10822] - Looping 1TCID = 3
[DEBUG][2016-01-07 16:01:19,545][com.java.TestType] [10863] - Concept ID:3 :: Step being Executed: 3::1
[INFO ][2016-01-07 16:01:19,545][com.java.TestType] [10901] - dataFields : test
[DEBUG][2016-01-07 16:01:19,545][com.java.TestType] [10907] - <In Set values of the page>
[DEBUG][2016-01-07 16:01:19,546][com.java.TestType] [10912] - {Data Fields & Data Values Exist}
[INFO ][2016-01-07 16:01:19,546][com.java.TestType] [10918] - --------------------------setting values-----------------------------
[INFO ][2016-01-07 16:01:19,546][com.java.TestType] [10921] - Action Type : Logout
[INFO ][2016-01-07 16:01:21,763][com.java.TestType] [ 6274] - Field ::CNF
[INFO ][2016-01-07 16:01:21,763][com.java.TestType] [ 5895] - value = OK
[INFO ][2016-01-07 16:01:24,077][com.java.TestType] [ 6407] - Click the object confirmation
[INFO ][2016-01-07 16:01:24,077][com.java.TestType] [ 6408] - Unable to click the object confirmation
[DEBUG][2016-01-07 16:01:25,346][com.java.SeleniumDriver] [  426] - Hub ip address is-------172.17.68.34
[INFO ][2016-01-07 16:01:25,346][com.java.SeleniumDriver] [  452] - Grid URL:http://172.17.68.34:4444/wd/hub
[INFO ][2016-01-07 16:01:25,346][com.java.SeleniumDriver] [  453] - Capability:Capabilities [{platform=ANY, ensureCleanSession=true, ignoreProtectedModeSettings=true, acceptSslCerts=true, ignoreZoomSetting=true, browserName=internet explorer, browserstack.ie.noFlash=true, version=null}]
[ERROR][2016-01-07 16:01:26,349][com.java.SeleniumDriver] [  498] - Unable invoke browser in grid:Could not start a new session. Possible causes are invalid address of the remote server or browser start-up failure.
Build info: version: '2.48.2', revision: '41bccdd', time: '2015-10-09 19:59:12'
System info: host: 'FVTIII438F1D', ip: '172.17.68.34', os.name: 'Windows 7', os.arch: 'x86', os.version: '6.1', java.version: '1.7.0_55'
Driver info: driver.version: SeleniumDriver
[INFO ][2016-01-07 16:01:26,350][com.java.SeleniumDriver] [  500] - Executing on local machine
[INFO ][2016-01-07 16:01:36,520][com.java.TestType] [10940] -  RESULT true
[INFO ][2016-01-07 16:01:36,520][com.java.TestType] [11057] - ?   P A S S   ?
[DEBUG][2016-01-07 16:01:36,520][com.java.TestType] [10863] - Concept ID:3 :: Step being Executed: 3::2
[INFO ][2016-01-07 16:01:36,520][com.java.TestType] [10901] - dataFields : test
[DEBUG][2016-01-07 16:01:36,520][com.java.TestType] [10907] - <In Set values of the page>
[DEBUG][2016-01-07 16:01:36,520][com.java.TestType] [10912] - {Data Fields & Data Values Exist}
[INFO ][2016-01-07 16:01:36,520][com.java.TestType] [10918] - --------------------------setting values-----------------------------
[INFO ][2016-01-07 16:01:36,520][com.java.TestType] [10921] - Action Type : WaitTime
[DEBUG][2016-01-07 16:01:36,521][com.java.TestType] [ 5715] - sleepTime: 2000
[INFO ][2016-01-07 16:01:38,521][com.java.TestType] [10940] -  RESULT true
[INFO ][2016-01-07 16:01:38,521][com.java.TestType] [11057] - ?   P A S S   ?
[INFO ][2016-01-07 16:01:38,521][com.java.TestType] [11128] - Looping End......
[INFO ][2016-01-07 16:01:38,524][com.java.SeleniumDriver] [  906] -  RESULT true
[INFO ][2016-01-07 16:01:38,525][com.java.SeleniumDriver] [ 1112] - ?   P A S S   ?
[INFO ][2016-01-07 16:01:38,525][com.java.SeleniumDriver] [  832] - ------------------------------------------
[INFO ][2016-01-07 16:01:38,525][com.java.SeleniumDriver] [  833] - Test case being Executed: 2
[INFO ][2016-01-07 16:01:38,525][com.java.SeleniumDriver] [  845] - Test step:62
[INFO ][2016-01-07 16:01:38,525][com.java.SeleniumDriver] [  857] - Datavalue is----------dt:HTTPSURL
[INFO ][2016-01-07 16:01:38,525][com.java.SeleniumDriver] [  881] - DataField : test
[INFO ][2016-01-07 16:01:38,525][com.java.SeleniumDriver] [  883] - DataValue : dt:HTTPSURL
[INFO ][2016-01-07 16:01:38,525][com.java.SeleniumDriver] [  889] - <In Set values of the page>
[INFO ][2016-01-07 16:01:38,525][com.java.SeleniumDriver] [  892] - {Data Fields & Data Values Exist}
[INFO ][2016-01-07 16:01:38,525][com.java.SeleniumDriver] [  894] - --------------------------setting values-----------------------------
[INFO ][2016-01-07 16:01:38,525][com.java.SeleniumDriver] [  897] - Action Type : OpenURL
[INFO ][2016-01-07 16:01:38,525][com.java.TestType] [ 5895] - value = https://clients-xuat.bankersdashboard.com
[INFO ][2016-01-07 16:01:38,525][com.java.TestType] [  353] - Open URL : https://clients-xuat.bankersdashboard.com
[INFO ][2016-01-07 16:01:39,362][com.java.SeleniumDriver] [  906] -  RESULT true
[INFO ][2016-01-07 16:01:39,362][com.java.SeleniumDriver] [ 1112] - ?   P A S S   ?
[INFO ][2016-01-07 16:01:39,362][com.java.SeleniumDriver] [  832] - ------------------------------------------
[INFO ][2016-01-07 16:01:39,362][com.java.SeleniumDriver] [  833] - Test case being Executed: 2
[INFO ][2016-01-07 16:01:39,362][com.java.SeleniumDriver] [  845] - Test step:63
[INFO ][2016-01-07 16:01:39,363][com.java.SeleniumDriver] [  857] - Datavalue is----------15
[INFO ][2016-01-07 16:01:39,363][com.java.SeleniumDriver] [  881] - DataField : TXTusername
[INFO ][2016-01-07 16:01:39,363][com.java.SeleniumDriver] [  883] - DataValue : 15
[INFO ][2016-01-07 16:01:39,363][com.java.SeleniumDriver] [  889] - <In Set values of the page>
[INFO ][2016-01-07 16:01:39,363][com.java.SeleniumDriver] [  892] - {Data Fields & Data Values Exist}
[INFO ][2016-01-07 16:01:39,363][com.java.SeleniumDriver] [  894] - --------------------------setting values-----------------------------
[INFO ][2016-01-07 16:01:39,363][com.java.SeleniumDriver] [  897] - Action Type : WAITFORELEMENT
[INFO ][2016-01-07 16:01:41,540][com.java.SeleniumDriver] [  906] -  RESULT true
[INFO ][2016-01-07 16:01:41,540][com.java.SeleniumDriver] [ 1112] - ?   P A S S   ?
[INFO ][2016-01-07 16:01:41,540][com.java.SeleniumDriver] [  832] - ------------------------------------------
[INFO ][2016-01-07 16:01:41,540][com.java.SeleniumDriver] [  833] - Test case being Executed: 2
[INFO ][2016-01-07 16:01:41,540][com.java.SeleniumDriver] [  845] - Test step:64
[INFO ][2016-01-07 16:01:41,540][com.java.SeleniumDriver] [  857] - Datavalue is----------HMVLogin_username
[INFO ][2016-01-07 16:01:41,540][com.java.SeleniumDriver] [  881] - DataField : TXTusername
[INFO ][2016-01-07 16:01:41,541][com.java.SeleniumDriver] [  883] - DataValue : HMVLogin_username
[INFO ][2016-01-07 16:01:41,541][com.java.SeleniumDriver] [  889] - <In Set values of the page>
[INFO ][2016-01-07 16:01:41,541][com.java.SeleniumDriver] [  892] - {Data Fields & Data Values Exist}
[INFO ][2016-01-07 16:01:41,541][com.java.SeleniumDriver] [  894] - --------------------------setting values-----------------------------
[INFO ][2016-01-07 16:01:41,541][com.java.SeleniumDriver] [  897] - Action Type : CLEARANDENTER
[INFO ][2016-01-07 16:01:41,541][com.java.TestType] [ 5895] - value = vltest.robot73100.15019
[INFO ][2016-01-07 16:01:46,302][com.java.SeleniumDriver] [  906] -  RESULT true
[INFO ][2016-01-07 16:01:46,302][com.java.SeleniumDriver] [ 1112] - ?   P A S S   ?
[INFO ][2016-01-07 16:01:46,302][com.java.SeleniumDriver] [  832] - ------------------------------------------
[INFO ][2016-01-07 16:01:46,302][com.java.SeleniumDriver] [  833] - Test case being Executed: 2
[INFO ][2016-01-07 16:01:46,302][com.java.SeleniumDriver] [  845] - Test step:65
[INFO ][2016-01-07 16:01:46,302][com.java.SeleniumDriver] [  857] - Datavalue is----------dt:ResetNewPswd
[INFO ][2016-01-07 16:01:46,302][com.java.SeleniumDriver] [  881] - DataField : TXTpassword
[INFO ][2016-01-07 16:01:46,302][com.java.SeleniumDriver] [  883] - DataValue : dt:ResetNewPswd
[INFO ][2016-01-07 16:01:46,302][com.java.SeleniumDriver] [  889] - <In Set values of the page>
[INFO ][2016-01-07 16:01:46,302][com.java.SeleniumDriver] [  892] - {Data Fields & Data Values Exist}
[INFO ][2016-01-07 16:01:46,302][com.java.SeleniumDriver] [  894] - --------------------------setting values-----------------------------
[INFO ][2016-01-07 16:01:46,303][com.java.SeleniumDriver] [  897] - Action Type : CLEARANDENTER
[INFO ][2016-01-07 16:01:46,303][com.java.TestType] [ 5895] - value = Password#1
[INFO ][2016-01-07 16:01:51,158][com.java.SeleniumDriver] [  906] -  RESULT true
[INFO ][2016-01-07 16:01:51,158][com.java.SeleniumDriver] [ 1112] - ?   P A S S   ?
[INFO ][2016-01-07 16:01:51,158][com.java.SeleniumDriver] [  832] - ------------------------------------------
[INFO ][2016-01-07 16:01:51,158][com.java.SeleniumDriver] [  833] - Test case being Executed: 2
[INFO ][2016-01-07 16:01:51,158][com.java.SeleniumDriver] [  845] - Test step:66
[INFO ][2016-01-07 16:01:51,158][com.java.SeleniumDriver] [  857] - Datavalue is----------null
[DEBUG][2016-01-07 16:01:51,158][com.java.SeleniumDriver] [  875] - Exception: null
[INFO ][2016-01-07 16:01:51,158][com.java.SeleniumDriver] [  881] - DataField : XPH//button[@type='submit']
[INFO ][2016-01-07 16:01:51,159][com.java.SeleniumDriver] [  883] - DataValue : 
[INFO ][2016-01-07 16:01:51,159][com.java.SeleniumDriver] [  889] - <In Set values of the page>
[INFO ][2016-01-07 16:01:51,159][com.java.SeleniumDriver] [  892] - {Data Fields & Data Values Exist}
[INFO ][2016-01-07 16:01:51,159][com.java.SeleniumDriver] [  894] - --------------------------setting values-----------------------------
[INFO ][2016-01-07 16:01:51,159][com.java.SeleniumDriver] [  897] - Action Type : Click
[INFO ][2016-01-07 16:01:51,159][com.java.TestType] [ 6274] - Field ::XPH//button[@type='submit']
[INFO ][2016-01-07 16:01:51,159][com.java.TestType] [ 5895] - value = 
[INFO ][2016-01-07 16:01:52,159][com.java.TestType] [ 6411] - BEFORE CLICK
[INFO ][2016-01-07 16:01:52,997][com.java.TestType] [ 6419] - Unable to click the object Login
[INFO ][2016-01-07 16:01:52,997][com.java.SeleniumDriver] [  906] -  RESULT true
[INFO ][2016-01-07 16:01:52,997][com.java.SeleniumDriver] [ 1112] - ?   P A S S   ?
[INFO ][2016-01-07 16:01:52,997][com.java.SeleniumDriver] [  832] - ------------------------------------------
[INFO ][2016-01-07 16:01:52,997][com.java.SeleniumDriver] [  833] - Test case being Executed: 2
[INFO ][2016-01-07 16:01:52,997][com.java.SeleniumDriver] [  845] - Test step:67
[INFO ][2016-01-07 16:01:52,997][com.java.SeleniumDriver] [  857] - Datavalue is----------20
[INFO ][2016-01-07 16:01:52,997][com.java.SeleniumDriver] [  881] - DataField : test
[INFO ][2016-01-07 16:01:52,997][com.java.SeleniumDriver] [  883] - DataValue : 20
[INFO ][2016-01-07 16:01:52,997][com.java.SeleniumDriver] [  889] - <In Set values of the page>
[INFO ][2016-01-07 16:01:52,997][com.java.SeleniumDriver] [  892] - {Data Fields & Data Values Exist}
[INFO ][2016-01-07 16:01:52,997][com.java.SeleniumDriver] [  894] - --------------------------setting values-----------------------------
[INFO ][2016-01-07 16:01:52,998][com.java.SeleniumDriver] [  897] - Action Type : WaitTime
[DEBUG][2016-01-07 16:01:52,998][com.java.TestType] [ 5715] - sleepTime: 20000
[INFO ][2016-01-07 16:02:12,998][com.java.SeleniumDriver] [  906] -  RESULT true
[INFO ][2016-01-07 16:02:12,998][com.java.SeleniumDriver] [ 1112] - ?   P A S S   ?
[INFO ][2016-01-07 16:02:12,998][com.java.SeleniumDriver] [  832] - ------------------------------------------
[INFO ][2016-01-07 16:02:12,998][com.java.SeleniumDriver] [  833] - Test case being Executed: 2
[INFO ][2016-01-07 16:02:12,998][com.java.SeleniumDriver] [  845] - Test step:68
[INFO ][2016-01-07 16:02:12,999][com.java.SeleniumDriver] [  857] - Datavalue is----------Banker'sDashboard
[INFO ][2016-01-07 16:02:12,999][com.java.SeleniumDriver] [  881] - DataField : TTL
[INFO ][2016-01-07 16:02:12,999][com.java.SeleniumDriver] [  883] - DataValue : Banker'sDashboard
[INFO ][2016-01-07 16:02:12,999][com.java.SeleniumDriver] [  889] - <In Set values of the page>
[INFO ][2016-01-07 16:02:12,999][com.java.SeleniumDriver] [  892] - {Data Fields & Data Values Exist}
[INFO ][2016-01-07 16:02:12,999][com.java.SeleniumDriver] [  894] - --------------------------setting values-----------------------------
[INFO ][2016-01-07 16:02:12,999][com.java.SeleniumDriver] [  897] - Action Type : SelectWindow
[DEBUG][2016-01-07 16:02:26,288][com.java.TestType] [ 7110] - Window with title   ::+Banker'sDashboard:: not Found
[INFO ][2016-01-07 16:02:26,288][com.java.SeleniumDriver] [  906] -  RESULT false
[INFO ][2016-01-07 16:02:26,288][com.java.SeleniumDriver] [  953] - ?   F A I L   ?
[INFO ][2016-01-07 16:02:26,288][com.java.SeleniumDriver] [  961] - Browser Type : IE10
[INFO ][2016-01-07 16:02:26,288][com.java.SeleniumDriver] [  962] - Adding Failed case2
[WARN ][2016-01-07 16:02:26,310][com.java.SeleniumDriver] [ 1022] - Source 'D:\BankersDashboard\TestReports\010716' exists but is a directory
[INFO ][2016-01-07 16:02:26,310][com.java.SeleniumDriver] [ 1076] - failedCases = 2
[ERROR][2016-01-07 16:02:26,310][com.java.SeleniumDriver] [ 1575] - Platform Errors : Our apologies...::We have encountered an issue with your request.::Our apologies?:We encountered an issue with your request.
[INFO ][2016-01-07 16:02:26,311][com.java.SeleniumDriver] [ 1579] - Length =3
[ERROR][2016-01-07 16:02:26,311][com.java.SeleniumDriver] [ 1582] - Error 0 = Our apologies...
[ERROR][2016-01-07 16:02:26,328][com.java.SeleniumDriver] [ 1596] - Unable to get browser (WARNING: The server did not provide any stacktrace information)
Command duration or timeout: 15 milliseconds
Build info: version: '2.48.2', revision: '41bccdd', time: '2015-10-09 19:59:12'
System info: host: 'FVTIII438F1D', ip: '172.17.68.34', os.name: 'Windows 7', os.arch: 'x86', os.version: '6.1', java.version: '1.7.0_55'
Session ID: 352d7bb0-0536-41ac-9cbe-0f22cd8b559b
Driver info: org.openqa.selenium.ie.InternetExplorerDriver
Capabilities [{platform=WINDOWS, javascriptEnabled=true, elementScrollBehavior=0, ignoreZoomSetting=false, enablePersistentHover=true, ie.ensureCleanSession=false, browserName=internet explorer, enableElementCacheCleanup=true, unexpectedAlertBehaviour=dismiss, version=10, ie.usePerProcessProxy=false, ignoreProtectedModeSettings=true, cssSelectorsEnabled=true, requireWindowFocus=false, initialBrowserUrl=http://localhost:29327/, handlesAlerts=true, ie.forceCreateProcessApi=false, nativeEvents=true, browserAttachTimeout=0, ie.browserCommandLineSwitches=, takesScreenshot=true}]
[INFO ][2016-01-07 16:02:26,329][com.java.SeleniumDriver] [ 1598] - FindPlatformErrors exception: Unable to get browser (WARNING: The server did not provide any stacktrace information)
Command duration or timeout: 15 milliseconds
Build info: version: '2.48.2', revision: '41bccdd', time: '2015-10-09 19:59:12'
System info: host: 'FVTIII438F1D', ip: '172.17.68.34', os.name: 'Windows 7', os.arch: 'x86', os.version: '6.1', java.version: '1.7.0_55'
Session ID: 352d7bb0-0536-41ac-9cbe-0f22cd8b559b
Driver info: org.openqa.selenium.ie.InternetExplorerDriver
Capabilities [{platform=WINDOWS, javascriptEnabled=true, elementScrollBehavior=0, ignoreZoomSetting=false, enablePersistentHover=true, ie.ensureCleanSession=false, browserName=internet explorer, enableElementCacheCleanup=true, unexpectedAlertBehaviour=dismiss, version=10, ie.usePerProcessProxy=false, ignoreProtectedModeSettings=true, cssSelectorsEnabled=true, requireWindowFocus=false, initialBrowserUrl=http://localhost:29327/, handlesAlerts=true, ie.forceCreateProcessApi=false, nativeEvents=true, browserAttachTimeout=0, ie.browserCommandLineSwitches=, takesScreenshot=true}]
[DEBUG][2016-01-07 16:02:26,329][com.java.SeleniumDriver] [ 1600] - Unable to get the Platform Error list from Hash Map.
[ERROR][2016-01-07 16:02:26,344][com.java.SeleniumDriver] [ 1194] - Unable to get browser (WARNING: The server did not provide any stacktrace information)
Command duration or timeout: 15 milliseconds
Build info: version: '2.48.2', revision: '41bccdd', time: '2015-10-09 19:59:12'
System info: host: 'FVTIII438F1D', ip: '172.17.68.34', os.name: 'Windows 7', os.arch: 'x86', os.version: '6.1', java.version: '1.7.0_55'
Session ID: 352d7bb0-0536-41ac-9cbe-0f22cd8b559b
Driver info: org.openqa.selenium.ie.InternetExplorerDriver
Capabilities [{platform=WINDOWS, javascriptEnabled=true, elementScrollBehavior=0, ignoreZoomSetting=false, enablePersistentHover=true, ie.ensureCleanSession=false, browserName=internet explorer, enableElementCacheCleanup=true, unexpectedAlertBehaviour=dismiss, version=10, ie.usePerProcessProxy=false, ignoreProtectedModeSettings=true, cssSelectorsEnabled=true, requireWindowFocus=false, initialBrowserUrl=http://localhost:29327/, handlesAlerts=true, ie.forceCreateProcessApi=false, nativeEvents=true, browserAttachTimeout=0, ie.browserCommandLineSwitches=, takesScreenshot=true}]
[INFO ][2016-01-07 16:02:26,345][com.java.SeleniumDriver] [  832] - ------------------------------------------
[INFO ][2016-01-07 16:02:26,345][com.java.SeleniumDriver] [  833] - Test case being Executed: 2
[INFO ][2016-01-07 16:02:26,345][com.java.SeleniumDriver] [  845] - Test step:69
[INFO ][2016-01-07 16:02:26,345][com.java.SeleniumDriver] [  857] - Datavalue is----------10
[INFO ][2016-01-07 16:02:26,345][com.java.SeleniumDriver] [  881] - DataField : XPH//div[contains(text(), 'My Dashboard')]
[INFO ][2016-01-07 16:02:26,345][com.java.SeleniumDriver] [  883] - DataValue : 10
[INFO ][2016-01-07 16:02:26,345][com.java.SeleniumDriver] [  889] - <In Set values of the page>
[INFO ][2016-01-07 16:02:26,345][com.java.SeleniumDriver] [  892] - {Data Fields & Data Values Exist}
[INFO ][2016-01-07 16:02:26,345][com.java.SeleniumDriver] [  894] - --------------------------setting values-----------------------------
[INFO ][2016-01-07 16:02:26,345][com.java.SeleniumDriver] [  897] - Action Type : WAITFORELEMENT
