[INFO ][2015-11-05 15:11:18,604][com.java.SeleniumDriver] [  213] - Execute Failed Casesfalse
[INFO ][2015-11-05 15:11:18,604][com.java.SeleniumDriver] [  214] - Browser: IE11
[INFO ][2015-11-05 15:11:18,604][com.java.SeleniumDriver] [  215] - [1, 11]
[INFO ][2015-11-05 15:11:18,604][com.java.SeleniumDriver] [  216] - Total TestCases:2
[INFO ][2015-11-05 15:11:18,604][com.java.SeleniumDriver] [  217] -  Reading Properties from Property File 
[DEBUG][2015-11-05 15:11:18,604][com.java.SeleniumDriver] [  238] - url : https://clients-xuat.bankersdashboard.com
[INFO ][2015-11-05 15:11:18,604][com.java.ImportnExport.ExportTestResultsExcel] [  116] - Time Stamp Thu Nov 05 03:11:18 IST 2015
[INFO ][2015-11-05 15:11:18,604][com.java.ImportnExport.ExportTestResultsExcel] [  175] - OUT FILE : D:\BankersDashboard/TestReports/Test Results_BankersDashBoard_110515_151118_IE11_Simmons First National Bank.xls
[INFO ][2015-11-05 15:11:18,645][com.java.ImportnExport.ExportTestResultsExcel] [  180] - Test Result file is created
[DEBUG][2015-11-05 15:11:18,745][com.java.SeleniumDriver] [  425] - Hub ip address is-------172.17.68.34
[INFO ][2015-11-05 15:11:18,745][com.java.SeleniumDriver] [  451] - Grid URL:http://172.17.68.34:4444/wd/hub
[INFO ][2015-11-05 15:11:18,745][com.java.SeleniumDriver] [  452] - Capability:Capabilities [{platform=ANY, ensureCleanSession=true, ignoreProtectedModeSettings=true, acceptSslCerts=true, ignoreZoomSetting=true, browserName=internet explorer, browserstack.ie.noFlash=true, version=Node1}]
[ERROR][2015-11-05 15:11:20,045][com.java.SeleniumDriver] [  496] - Unable invoke browser in grid:Could not start a new session. Possible causes are invalid address of the remote server or browser start-up failure.
Build info: version: '2.48.2', revision: '41bccdd', time: '2015-10-09 19:59:12'
System info: host: 'FVTIII438F1D', ip: '172.17.68.34', os.name: 'Windows 7', os.arch: 'x86', os.version: '6.1', java.version: '1.7.0_55'
Driver info: driver.version: SeleniumDriver
[INFO ][2015-11-05 15:11:20,045][com.java.SeleniumDriver] [  498] - Executing on local machine
[INFO ][2015-11-05 15:11:29,202][com.java.SeleniumDriver] [  248] - IE11is opened
[INFO ][2015-11-05 15:11:30,047][com.java.SeleniumDriver] [  752] - Test cases to be executed are: [1, 11]
[INFO ][2015-11-05 15:11:30,047][com.java.ImportnExport.ImportTestDataDetailsExcel] [   49] - test data details path===== D:\BankersDashboard\TestInputs\TestData.xls
[INFO ][2015-11-05 15:11:41,070][com.java.SeleniumDriver] [  788] - ------------------------------------------
[INFO ][2015-11-05 15:11:41,070][com.java.SeleniumDriver] [  789] - Test case being Executed: 1
[INFO ][2015-11-05 15:11:41,071][com.java.SeleniumDriver] [  800] - Test step:1
[INFO ][2015-11-05 15:11:41,071][com.java.SeleniumDriver] [  812] - Datavalue is----------Concept#1:1-14
[INFO ][2015-11-05 15:11:41,071][com.java.SeleniumDriver] [  836] - DataField : test
[INFO ][2015-11-05 15:11:41,071][com.java.SeleniumDriver] [  838] - DataValue : Concept#1:1-14
[INFO ][2015-11-05 15:11:41,071][com.java.SeleniumDriver] [  844] - <In Set values of the page>
[INFO ][2015-11-05 15:11:41,071][com.java.SeleniumDriver] [  847] - {Data Fields & Data Values Exist}
[INFO ][2015-11-05 15:11:41,071][com.java.SeleniumDriver] [  849] - --------------------------setting values-----------------------------
[INFO ][2015-11-05 15:11:41,071][com.java.SeleniumDriver] [  852] - Action Type : ExecuteTestCase
[INFO ][2015-11-05 15:11:41,101][com.java.TestType] [  414] - The Concept sheet name is ---------- Concept
[INFO ][2015-11-05 15:11:41,101][com.java.TestType] [  417] - The Concept ID  is ---------- 1
[DEBUG][2015-11-05 15:11:41,101][com.java.TestType] [  421] - Steps being executted in the Concept are: 1:14
[INFO ][2015-11-05 15:11:41,101][com.java.TestType] [  428] - Test data details path ---------- D:\BankersDashboard\TestInputs\TestData.xls
[INFO ][2015-11-05 15:11:41,131][com.java.TestType] [  459] -  str(1) = 1
[INFO ][2015-11-05 15:11:41,131][com.java.TestType] [  462] - Test case Id is---1
[INFO ][2015-11-05 15:11:41,131][com.java.TestType] [  464] - 1
[INFO ][2015-11-05 15:11:41,131][com.java.TestType] [  459] -  str(2) = 1
[INFO ][2015-11-05 15:11:41,131][com.java.TestType] [  511] - row values are--------{1=com.java.Objects.TestDataDetails@28842f}
[INFO ][2015-11-05 15:11:41,131][com.java.TestType] [  459] -  str(1) = 1
[INFO ][2015-11-05 15:11:41,131][com.java.TestType] [  462] - Test case Id is---1
[INFO ][2015-11-05 15:11:41,131][com.java.TestType] [  464] - 1
[INFO ][2015-11-05 15:11:41,131][com.java.TestType] [  459] -  str(2) = 2
[INFO ][2015-11-05 15:11:41,131][com.java.TestType] [  511] - row values are--------{1=com.java.Objects.TestDataDetails@28842f, 2=com.java.Objects.TestDataDetails@8c6997}
[INFO ][2015-11-05 15:11:41,131][com.java.TestType] [  459] -  str(1) = 1
[INFO ][2015-11-05 15:11:41,131][com.java.TestType] [  462] - Test case Id is---1
[INFO ][2015-11-05 15:11:41,141][com.java.TestType] [  464] - 1
[INFO ][2015-11-05 15:11:41,141][com.java.TestType] [  459] -  str(2) = 3
[INFO ][2015-11-05 15:11:41,141][com.java.TestType] [  511] - row values are--------{1=com.java.Objects.TestDataDetails@28842f, 2=com.java.Objects.TestDataDetails@8c6997, 3=com.java.Objects.TestDataDetails@18eccb7}
[INFO ][2015-11-05 15:11:41,141][com.java.TestType] [  459] -  str(1) = 1
[INFO ][2015-11-05 15:11:41,141][com.java.TestType] [  462] - Test case Id is---1
[INFO ][2015-11-05 15:11:41,141][com.java.TestType] [  464] - 1
[INFO ][2015-11-05 15:11:41,141][com.java.TestType] [  459] -  str(2) = 4
[INFO ][2015-11-05 15:11:41,141][com.java.TestType] [  511] - row values are--------{1=com.java.Objects.TestDataDetails@28842f, 2=com.java.Objects.TestDataDetails@8c6997, 3=com.java.Objects.TestDataDetails@18eccb7, 4=com.java.Objects.TestDataDetails@1654df1}
[INFO ][2015-11-05 15:11:41,141][com.java.TestType] [  459] -  str(1) = 1
[INFO ][2015-11-05 15:11:41,141][com.java.TestType] [  462] - Test case Id is---1
[INFO ][2015-11-05 15:11:41,141][com.java.TestType] [  464] - 1
[INFO ][2015-11-05 15:11:41,141][com.java.TestType] [  459] -  str(2) = 5
[INFO ][2015-11-05 15:11:41,141][com.java.TestType] [  511] - row values are--------{1=com.java.Objects.TestDataDetails@28842f, 2=com.java.Objects.TestDataDetails@8c6997, 3=com.java.Objects.TestDataDetails@18eccb7, 4=com.java.Objects.TestDataDetails@1654df1, 5=com.java.Objects.TestDataDetails@1961e2a}
[INFO ][2015-11-05 15:11:41,141][com.java.TestType] [  459] -  str(1) = 1
[INFO ][2015-11-05 15:11:41,141][com.java.TestType] [  462] - Test case Id is---1
[INFO ][2015-11-05 15:11:41,141][com.java.TestType] [  464] - 1
[INFO ][2015-11-05 15:11:41,141][com.java.TestType] [  459] -  str(2) = 6
[INFO ][2015-11-05 15:11:41,141][com.java.TestType] [  511] - row values are--------{1=com.java.Objects.TestDataDetails@28842f, 2=com.java.Objects.TestDataDetails@8c6997, 3=com.java.Objects.TestDataDetails@18eccb7, 4=com.java.Objects.TestDataDetails@1654df1, 5=com.java.Objects.TestDataDetails@1961e2a, 6=com.java.Objects.TestDataDetails@16f77b6}
[INFO ][2015-11-05 15:11:41,141][com.java.TestType] [  459] -  str(1) = 1
[INFO ][2015-11-05 15:11:41,141][com.java.TestType] [  462] - Test case Id is---1
[INFO ][2015-11-05 15:11:41,141][com.java.TestType] [  464] - 1
[INFO ][2015-11-05 15:11:41,141][com.java.TestType] [  459] -  str(2) = 7
[INFO ][2015-11-05 15:11:41,141][com.java.TestType] [  511] - row values are--------{1=com.java.Objects.TestDataDetails@28842f, 2=com.java.Objects.TestDataDetails@8c6997, 3=com.java.Objects.TestDataDetails@18eccb7, 4=com.java.Objects.TestDataDetails@1654df1, 5=com.java.Objects.TestDataDetails@1961e2a, 6=com.java.Objects.TestDataDetails@16f77b6, 7=com.java.Objects.TestDataDetails@3f09f4}
[INFO ][2015-11-05 15:11:41,141][com.java.TestType] [  459] -  str(1) = 1
[INFO ][2015-11-05 15:11:41,141][com.java.TestType] [  462] - Test case Id is---1
[INFO ][2015-11-05 15:11:41,141][com.java.TestType] [  464] - 1
[INFO ][2015-11-05 15:11:41,141][com.java.TestType] [  459] -  str(2) = 8
[INFO ][2015-11-05 15:11:41,141][com.java.TestType] [  511] - row values are--------{1=com.java.Objects.TestDataDetails@28842f, 2=com.java.Objects.TestDataDetails@8c6997, 3=com.java.Objects.TestDataDetails@18eccb7, 4=com.java.Objects.TestDataDetails@1654df1, 5=com.java.Objects.TestDataDetails@1961e2a, 6=com.java.Objects.TestDataDetails@16f77b6, 7=com.java.Objects.TestDataDetails@3f09f4, 8=com.java.Objects.TestDataDetails@7209a3}
[INFO ][2015-11-05 15:11:41,141][com.java.TestType] [  459] -  str(1) = 1
[INFO ][2015-11-05 15:11:41,141][com.java.TestType] [  462] - Test case Id is---1
[INFO ][2015-11-05 15:11:41,141][com.java.TestType] [  464] - 1
[INFO ][2015-11-05 15:11:41,141][com.java.TestType] [  459] -  str(2) = 9
[INFO ][2015-11-05 15:11:41,151][com.java.TestType] [  511] - row values are--------{1=com.java.Objects.TestDataDetails@28842f, 2=com.java.Objects.TestDataDetails@8c6997, 3=com.java.Objects.TestDataDetails@18eccb7, 4=com.java.Objects.TestDataDetails@1654df1, 5=com.java.Objects.TestDataDetails@1961e2a, 6=com.java.Objects.TestDataDetails@16f77b6, 7=com.java.Objects.TestDataDetails@3f09f4, 8=com.java.Objects.TestDataDetails@7209a3, 9=com.java.Objects.TestDataDetails@9156c3}
[INFO ][2015-11-05 15:11:41,151][com.java.TestType] [  459] -  str(1) = 1
[INFO ][2015-11-05 15:11:41,151][com.java.TestType] [  462] - Test case Id is---1
[INFO ][2015-11-05 15:11:41,151][com.java.TestType] [  464] - 1
[INFO ][2015-11-05 15:11:41,151][com.java.TestType] [  459] -  str(2) = 10
[INFO ][2015-11-05 15:11:41,151][com.java.TestType] [  511] - row values are--------{1=com.java.Objects.TestDataDetails@28842f, 2=com.java.Objects.TestDataDetails@8c6997, 3=com.java.Objects.TestDataDetails@18eccb7, 4=com.java.Objects.TestDataDetails@1654df1, 5=com.java.Objects.TestDataDetails@1961e2a, 6=com.java.Objects.TestDataDetails@16f77b6, 7=com.java.Objects.TestDataDetails@3f09f4, 8=com.java.Objects.TestDataDetails@7209a3, 9=com.java.Objects.TestDataDetails@9156c3, 10=com.java.Objects.TestDataDetails@62a8d2}
[INFO ][2015-11-05 15:11:41,151][com.java.TestType] [  459] -  str(1) = 1
[INFO ][2015-11-05 15:11:41,151][com.java.TestType] [  462] - Test case Id is---1
[INFO ][2015-11-05 15:11:41,151][com.java.TestType] [  464] - 1
[INFO ][2015-11-05 15:11:41,151][com.java.TestType] [  459] -  str(2) = 11
[INFO ][2015-11-05 15:11:41,151][com.java.TestType] [  511] - row values are--------{1=com.java.Objects.TestDataDetails@28842f, 2=com.java.Objects.TestDataDetails@8c6997, 3=com.java.Objects.TestDataDetails@18eccb7, 4=com.java.Objects.TestDataDetails@1654df1, 5=com.java.Objects.TestDataDetails@1961e2a, 6=com.java.Objects.TestDataDetails@16f77b6, 7=com.java.Objects.TestDataDetails@3f09f4, 8=com.java.Objects.TestDataDetails@7209a3, 9=com.java.Objects.TestDataDetails@9156c3, 10=com.java.Objects.TestDataDetails@62a8d2, 11=com.java.Objects.TestDataDetails@6d5af1}
[INFO ][2015-11-05 15:11:41,151][com.java.TestType] [  459] -  str(1) = 1
[INFO ][2015-11-05 15:11:41,151][com.java.TestType] [  462] - Test case Id is---1
[INFO ][2015-11-05 15:11:41,151][com.java.TestType] [  464] - 1
[INFO ][2015-11-05 15:11:41,151][com.java.TestType] [  459] -  str(2) = 12
[INFO ][2015-11-05 15:11:41,151][com.java.TestType] [  511] - row values are--------{1=com.java.Objects.TestDataDetails@28842f, 2=com.java.Objects.TestDataDetails@8c6997, 3=com.java.Objects.TestDataDetails@18eccb7, 4=com.java.Objects.TestDataDetails@1654df1, 5=com.java.Objects.TestDataDetails@1961e2a, 6=com.java.Objects.TestDataDetails@16f77b6, 7=com.java.Objects.TestDataDetails@3f09f4, 8=com.java.Objects.TestDataDetails@7209a3, 9=com.java.Objects.TestDataDetails@9156c3, 10=com.java.Objects.TestDataDetails@62a8d2, 11=com.java.Objects.TestDataDetails@6d5af1, 12=com.java.Objects.TestDataDetails@111c0d7}
[INFO ][2015-11-05 15:11:41,151][com.java.TestType] [  459] -  str(1) = 1
[INFO ][2015-11-05 15:11:41,151][com.java.TestType] [  462] - Test case Id is---1
[INFO ][2015-11-05 15:11:41,151][com.java.TestType] [  464] - 1
[INFO ][2015-11-05 15:11:41,151][com.java.TestType] [  459] -  str(2) = 13
[INFO ][2015-11-05 15:11:41,151][com.java.TestType] [  511] - row values are--------{1=com.java.Objects.TestDataDetails@28842f, 2=com.java.Objects.TestDataDetails@8c6997, 3=com.java.Objects.TestDataDetails@18eccb7, 4=com.java.Objects.TestDataDetails@1654df1, 5=com.java.Objects.TestDataDetails@1961e2a, 6=com.java.Objects.TestDataDetails@16f77b6, 7=com.java.Objects.TestDataDetails@3f09f4, 8=com.java.Objects.TestDataDetails@7209a3, 9=com.java.Objects.TestDataDetails@9156c3, 10=com.java.Objects.TestDataDetails@62a8d2, 11=com.java.Objects.TestDataDetails@6d5af1, 12=com.java.Objects.TestDataDetails@111c0d7, 13=com.java.Objects.TestDataDetails@dc8a29}
[INFO ][2015-11-05 15:11:41,151][com.java.TestType] [  459] -  str(1) = 1
[INFO ][2015-11-05 15:11:41,151][com.java.TestType] [  462] - Test case Id is---1
[INFO ][2015-11-05 15:11:41,151][com.java.TestType] [  464] - 1
[INFO ][2015-11-05 15:11:41,151][com.java.TestType] [  459] -  str(2) = 14
[INFO ][2015-11-05 15:11:41,151][com.java.TestType] [  511] - row values are--------{1=com.java.Objects.TestDataDetails@28842f, 2=com.java.Objects.TestDataDetails@8c6997, 3=com.java.Objects.TestDataDetails@18eccb7, 4=com.java.Objects.TestDataDetails@1654df1, 5=com.java.Objects.TestDataDetails@1961e2a, 6=com.java.Objects.TestDataDetails@16f77b6, 7=com.java.Objects.TestDataDetails@3f09f4, 8=com.java.Objects.TestDataDetails@7209a3, 9=com.java.Objects.TestDataDetails@9156c3, 10=com.java.Objects.TestDataDetails@62a8d2, 11=com.java.Objects.TestDataDetails@6d5af1, 12=com.java.Objects.TestDataDetails@111c0d7, 13=com.java.Objects.TestDataDetails@dc8a29, 14=com.java.Objects.TestDataDetails@1192410}
[INFO ][2015-11-05 15:11:41,151][com.java.TestType] [ 7928] - Looping 1TCID = 1
[DEBUG][2015-11-05 15:11:41,151][com.java.TestType] [ 7969] - Concept ID:1 :: Step being Executed: 1::1
[INFO ][2015-11-05 15:11:41,151][com.java.TestType] [ 8007] - dataFields : TXTusername
[DEBUG][2015-11-05 15:11:41,151][com.java.TestType] [ 8013] - <In Set values of the page>
[DEBUG][2015-11-05 15:11:41,151][com.java.TestType] [ 8018] - {Data Fields & Data Values Exist}
[INFO ][2015-11-05 15:11:41,151][com.java.TestType] [ 8024] - --------------------------setting values-----------------------------
[INFO ][2015-11-05 15:11:41,151][com.java.TestType] [ 8027] - Action Type : CLEARANDENTER
[INFO ][2015-11-05 15:11:41,151][com.java.TestType] [ 3779] - value = valuelabs.ie11.03890
[INFO ][2015-11-05 15:11:45,996][com.java.TestType] [ 8046] -  RESULT true
[INFO ][2015-11-05 15:11:45,996][com.java.TestType] [ 8163] - ?   P A S S   ?
[DEBUG][2015-11-05 15:11:45,996][com.java.TestType] [ 7969] - Concept ID:1 :: Step being Executed: 1::2
[INFO ][2015-11-05 15:11:45,996][com.java.TestType] [ 8007] - dataFields : TXTpassword
[DEBUG][2015-11-05 15:11:45,996][com.java.TestType] [ 8013] - <In Set values of the page>
[DEBUG][2015-11-05 15:11:45,996][com.java.TestType] [ 8018] - {Data Fields & Data Values Exist}
[INFO ][2015-11-05 15:11:45,996][com.java.TestType] [ 8024] - --------------------------setting values-----------------------------
[INFO ][2015-11-05 15:11:45,996][com.java.TestType] [ 8027] - Action Type : CLEARANDENTER
[INFO ][2015-11-05 15:11:45,996][com.java.TestType] [ 3779] - value = Password1*
[INFO ][2015-11-05 15:11:50,933][com.java.TestType] [ 8046] -  RESULT true
[INFO ][2015-11-05 15:11:50,933][com.java.TestType] [ 8163] - ?   P A S S   ?
[DEBUG][2015-11-05 15:11:50,933][com.java.TestType] [ 7969] - Concept ID:1 :: Step being Executed: 1::3
[ERROR][2015-11-05 15:11:50,933][com.java.TestType] [ 8002] - Exception: null
[INFO ][2015-11-05 15:11:50,933][com.java.TestType] [ 8007] - dataFields : XPH//button[@type='submit']
[DEBUG][2015-11-05 15:11:50,933][com.java.TestType] [ 8013] - <In Set values of the page>
[DEBUG][2015-11-05 15:11:50,933][com.java.TestType] [ 8018] - {Data Fields & Data Values Exist}
[INFO ][2015-11-05 15:11:50,933][com.java.TestType] [ 8024] - --------------------------setting values-----------------------------
[INFO ][2015-11-05 15:11:50,933][com.java.TestType] [ 8027] - Action Type : Click
[INFO ][2015-11-05 15:11:50,933][com.java.TestType] [ 4092] - Field ::XPH//button[@type='submit']
[INFO ][2015-11-05 15:11:51,933][com.java.TestType] [ 4151] - BEFORE CLICK
[INFO ][2015-11-05 15:11:52,795][com.java.TestType] [ 4159] - Unable to click the object Login
[INFO ][2015-11-05 15:11:52,795][com.java.TestType] [ 8046] -  RESULT true
[INFO ][2015-11-05 15:11:52,795][com.java.TestType] [ 8163] - ?   P A S S   ?
[DEBUG][2015-11-05 15:11:52,795][com.java.TestType] [ 7969] - Concept ID:1 :: Step being Executed: 1::4
[INFO ][2015-11-05 15:11:52,795][com.java.TestType] [ 8007] - dataFields : LNKLogout
[DEBUG][2015-11-05 15:11:52,795][com.java.TestType] [ 8013] - <In Set values of the page>
[DEBUG][2015-11-05 15:11:52,795][com.java.TestType] [ 8018] - {Data Fields & Data Values Exist}
[INFO ][2015-11-05 15:11:52,795][com.java.TestType] [ 8024] - --------------------------setting values-----------------------------
[INFO ][2015-11-05 15:11:52,795][com.java.TestType] [ 8027] - Action Type : WaitForElement
[INFO ][2015-11-05 15:11:57,902][com.java.TestType] [ 8046] -  RESULT true
[INFO ][2015-11-05 15:11:57,902][com.java.TestType] [ 8163] - ?   P A S S   ?
[DEBUG][2015-11-05 15:11:57,902][com.java.TestType] [ 7969] - Concept ID:1 :: Step being Executed: 1::13
[INFO ][2015-11-05 15:11:57,902][com.java.TestType] [ 8007] - dataFields : LNK
[DEBUG][2015-11-05 15:11:57,902][com.java.TestType] [ 8013] - <In Set values of the page>
[DEBUG][2015-11-05 15:11:57,902][com.java.TestType] [ 8018] - {Data Fields & Data Values Exist}
[INFO ][2015-11-05 15:11:57,902][com.java.TestType] [ 8024] - --------------------------setting values-----------------------------
[INFO ][2015-11-05 15:11:57,902][com.java.TestType] [ 8027] - Action Type : Verify
[INFO ][2015-11-05 15:11:57,902][com.java.TestType] [ 4905] - field= LNK value= Logout
[INFO ][2015-11-05 15:11:57,902][com.java.TestType] [ 3779] - value = Logout
[INFO ][2015-11-05 15:11:57,943][com.java.TestType] [ 8046] -  RESULT true
[INFO ][2015-11-05 15:11:57,943][com.java.TestType] [ 8163] - ?   P A S S   ?
[DEBUG][2015-11-05 15:11:57,943][com.java.TestType] [ 7969] - Concept ID:1 :: Step being Executed: 1::14
[INFO ][2015-11-05 15:11:57,943][com.java.TestType] [ 8007] - dataFields : BTN
[DEBUG][2015-11-05 15:11:57,943][com.java.TestType] [ 8013] - <In Set values of the page>
[DEBUG][2015-11-05 15:11:57,943][com.java.TestType] [ 8018] - {Data Fields & Data Values Exist}
[INFO ][2015-11-05 15:11:57,943][com.java.TestType] [ 8024] - --------------------------setting values-----------------------------
[INFO ][2015-11-05 15:11:57,943][com.java.TestType] [ 8027] - Action Type : Verify
[INFO ][2015-11-05 15:11:57,943][com.java.TestType] [ 4905] - field= BTN value= //img[contains(@src,'bdlogo.jpg')]
[INFO ][2015-11-05 15:11:57,943][com.java.TestType] [ 3779] - value = //img[contains(@src,'bdlogo.jpg')]
[INFO ][2015-11-05 15:11:57,973][com.java.TestType] [ 8046] -  RESULT true
[INFO ][2015-11-05 15:11:57,973][com.java.TestType] [ 8163] - ?   P A S S   ?
[INFO ][2015-11-05 15:11:57,973][com.java.TestType] [ 8234] - Looping End......
[INFO ][2015-11-05 15:11:57,973][com.java.SeleniumDriver] [  861] -  RESULT true
[INFO ][2015-11-05 15:11:57,973][com.java.SeleniumDriver] [ 1066] - ?   P A S S   ?
[INFO ][2015-11-05 15:11:57,973][com.java.SeleniumDriver] [  788] - ------------------------------------------
[INFO ][2015-11-05 15:11:57,973][com.java.SeleniumDriver] [  789] - Test case being Executed: 1
[INFO ][2015-11-05 15:11:57,973][com.java.SeleniumDriver] [  800] - Test step:2
[INFO ][2015-11-05 15:11:57,973][com.java.SeleniumDriver] [  812] - Datavalue is----------Concept#2:1-2
[INFO ][2015-11-05 15:11:57,973][com.java.SeleniumDriver] [  836] - DataField : test
[INFO ][2015-11-05 15:11:57,973][com.java.SeleniumDriver] [  838] - DataValue : Concept#2:1-2
[INFO ][2015-11-05 15:11:57,973][com.java.SeleniumDriver] [  844] - <In Set values of the page>
[INFO ][2015-11-05 15:11:57,973][com.java.SeleniumDriver] [  847] - {Data Fields & Data Values Exist}
[INFO ][2015-11-05 15:11:57,973][com.java.SeleniumDriver] [  849] - --------------------------setting values-----------------------------
[INFO ][2015-11-05 15:11:57,973][com.java.SeleniumDriver] [  852] - Action Type : ExecuteTestCase
[INFO ][2015-11-05 15:11:57,973][com.java.TestType] [  414] - The Concept sheet name is ---------- Concept
[INFO ][2015-11-05 15:11:57,973][com.java.TestType] [  417] - The Concept ID  is ---------- 2
[DEBUG][2015-11-05 15:11:57,973][com.java.TestType] [  421] - Steps being executted in the Concept are: 1:2
[INFO ][2015-11-05 15:11:57,973][com.java.TestType] [  428] - Test data details path ---------- D:\BankersDashboard\TestInputs\TestData.xls
[INFO ][2015-11-05 15:11:58,003][com.java.TestType] [  459] -  str(1) = 2
[INFO ][2015-11-05 15:11:58,003][com.java.TestType] [  462] - Test case Id is---2
[INFO ][2015-11-05 15:11:58,003][com.java.TestType] [  464] - 2
[INFO ][2015-11-05 15:11:58,003][com.java.TestType] [  459] -  str(2) = 1
[INFO ][2015-11-05 15:11:58,013][com.java.TestType] [  511] - row values are--------{1=com.java.Objects.TestDataDetails@1438980}
[INFO ][2015-11-05 15:11:58,013][com.java.TestType] [  459] -  str(1) = 2
[INFO ][2015-11-05 15:11:58,013][com.java.TestType] [  462] - Test case Id is---2
[INFO ][2015-11-05 15:11:58,013][com.java.TestType] [  464] - 2
[INFO ][2015-11-05 15:11:58,013][com.java.TestType] [  459] -  str(2) = 2
[INFO ][2015-11-05 15:11:58,013][com.java.TestType] [  511] - row values are--------{1=com.java.Objects.TestDataDetails@1438980, 2=com.java.Objects.TestDataDetails@175e41}
[INFO ][2015-11-05 15:11:58,013][com.java.TestType] [  459] -  str(1) = 2
[INFO ][2015-11-05 15:11:58,013][com.java.TestType] [  462] - Test case Id is---2
[INFO ][2015-11-05 15:11:58,013][com.java.TestType] [  464] - 2
[INFO ][2015-11-05 15:11:58,013][com.java.TestType] [  459] -  str(2) = 3
[INFO ][2015-11-05 15:11:58,013][com.java.TestType] [  511] - row values are--------{1=com.java.Objects.TestDataDetails@1438980, 2=com.java.Objects.TestDataDetails@175e41, 3=com.java.Objects.TestDataDetails@1855a27}
[INFO ][2015-11-05 15:11:58,013][com.java.TestType] [ 7928] - Looping 1TCID = 2
[DEBUG][2015-11-05 15:11:58,013][com.java.TestType] [ 7969] - Concept ID:2 :: Step being Executed: 2::1
[INFO ][2015-11-05 15:11:58,013][com.java.TestType] [ 8007] - dataFields : BNK//select[@id='bank']
[DEBUG][2015-11-05 15:11:58,013][com.java.TestType] [ 8013] - <In Set values of the page>
[DEBUG][2015-11-05 15:11:58,013][com.java.TestType] [ 8018] - {Data Fields & Data Values Exist}
[INFO ][2015-11-05 15:11:58,013][com.java.TestType] [ 8024] - --------------------------setting values-----------------------------
[INFO ][2015-11-05 15:11:58,013][com.java.TestType] [ 8027] - Action Type : Select
[INFO ][2015-11-05 15:11:58,013][com.java.TestType] [ 3779] - value = PFC
[INFO ][2015-11-05 15:11:58,203][com.java.TestType] [ 8046] -  RESULT true
[INFO ][2015-11-05 15:11:58,203][com.java.TestType] [ 8163] - ?   P A S S   ?
[DEBUG][2015-11-05 15:11:58,203][com.java.TestType] [ 7969] - Concept ID:2 :: Step being Executed: 2::2
[INFO ][2015-11-05 15:11:58,203][com.java.TestType] [ 8007] - dataFields : LNKLogout
[DEBUG][2015-11-05 15:11:58,203][com.java.TestType] [ 8013] - <In Set values of the page>
[DEBUG][2015-11-05 15:11:58,203][com.java.TestType] [ 8018] - {Data Fields & Data Values Exist}
[INFO ][2015-11-05 15:11:58,203][com.java.TestType] [ 8024] - --------------------------setting values-----------------------------
[INFO ][2015-11-05 15:11:58,203][com.java.TestType] [ 8027] - Action Type : WaitTime
[DEBUG][2015-11-05 15:11:58,203][com.java.TestType] [ 3678] - sleepTime: 5000
[INFO ][2015-11-05 15:12:03,208][com.java.TestType] [ 8046] -  RESULT true
[INFO ][2015-11-05 15:12:03,208][com.java.TestType] [ 8163] - ?   P A S S   ?
[INFO ][2015-11-05 15:12:03,208][com.java.TestType] [ 8234] - Looping End......
[INFO ][2015-11-05 15:12:03,208][com.java.SeleniumDriver] [  861] -  RESULT true
[INFO ][2015-11-05 15:12:03,208][com.java.SeleniumDriver] [ 1066] - ?   P A S S   ?
[INFO ][2015-11-05 15:12:03,208][com.java.SeleniumDriver] [  788] - ------------------------------------------
[INFO ][2015-11-05 15:12:03,208][com.java.SeleniumDriver] [  789] - Test case being Executed: 1
[INFO ][2015-11-05 15:12:03,208][com.java.SeleniumDriver] [  800] - Test step:3
[INFO ][2015-11-05 15:12:03,208][com.java.SeleniumDriver] [  812] - Datavalue is----------2
[INFO ][2015-11-05 15:12:03,208][com.java.SeleniumDriver] [  836] - DataField : XPH//button[contains(text(),'Add Content')]
[INFO ][2015-11-05 15:12:03,208][com.java.SeleniumDriver] [  838] - DataValue : 2
[INFO ][2015-11-05 15:12:03,208][com.java.SeleniumDriver] [  844] - <In Set values of the page>
[INFO ][2015-11-05 15:12:03,208][com.java.SeleniumDriver] [  847] - {Data Fields & Data Values Exist}
[INFO ][2015-11-05 15:12:03,208][com.java.SeleniumDriver] [  849] - --------------------------setting values-----------------------------
[INFO ][2015-11-05 15:12:03,208][com.java.SeleniumDriver] [  852] - Action Type : WAITFORELEMENT
[INFO ][2015-11-05 15:12:03,249][com.java.SeleniumDriver] [  861] -  RESULT true
[INFO ][2015-11-05 15:12:03,249][com.java.SeleniumDriver] [ 1066] - ?   P A S S   ?
[DEBUG][2015-11-05 15:12:03,249][com.java.SeleniumDriver] [ 1168] - Case found
[DEBUG][2015-11-05 15:12:03,249][com.java.SeleniumDriver] [ 1173] - Incrementing ReportCounters[0]:1
[INFO ][2015-11-05 15:12:03,249][com.java.SeleniumDriver] [ 1192] - The results are-------------------[1, 1, Valid Login, Pass, , Thu Nov 05 15:11:57 IST 2015, 1, 2, Valid Login, Pass, , Thu Nov 05 15:12:03 IST 2015, 1, 3, Valid Login, Pass, , Thu Nov 05 15:12:03 IST 2015]
[INFO ][2015-11-05 15:12:03,249][com.java.SeleniumDriver] [ 1196] - End time is-------46 sec
[INFO ][2015-11-05 15:12:03,249][com.java.SeleniumDriver] [ 1197] - The results are-------------------[1, 1, Valid Login, Pass, , Thu Nov 05 15:11:57 IST 2015, 1, 2, Valid Login, Pass, , Thu Nov 05 15:12:03 IST 2015, 1, 3, Valid Login, Pass, , Thu Nov 05 15:12:03 IST 2015]
[DEBUG][2015-11-05 15:12:03,249][com.java.ImportnExport.ExportTestResultsExcel] [  222] - testResultPath = D:\BankersDashboard/TestReports/Test Results_BankersDashBoard_110515_151118_IE11_Simmons First National Bank.xls
[DEBUG][2015-11-05 15:12:03,249][com.java.ImportnExport.ExportTestResultsExcel] [  223] - browser is------------IE11
[DEBUG][2015-11-05 15:12:03,289][com.java.ImportnExport.ExportTestResultsExcel] [  270] - result.size() = 18
[DEBUG][2015-11-05 15:12:03,289][com.java.ImportnExport.ExportTestResultsExcel] [  274] - No of rows in sheet=1
[DEBUG][2015-11-05 15:12:03,289][com.java.ImportnExport.ExportTestResultsExcel] [  301] - ..in export..1
[DEBUG][2015-11-05 15:12:03,289][com.java.ImportnExport.ExportTestResultsExcel] [  301] - ..in export..Valid Login
[DEBUG][2015-11-05 15:12:03,289][com.java.ImportnExport.ExportTestResultsExcel] [  301] - ..in export..Pass
[DEBUG][2015-11-05 15:12:03,289][com.java.ImportnExport.ExportTestResultsExcel] [  301] - ..in export..
[DEBUG][2015-11-05 15:12:03,289][com.java.ImportnExport.ExportTestResultsExcel] [  301] - ..in export..Thu Nov 05 15:11:57 IST 2015
[INFO ][2015-11-05 15:12:03,289][com.java.SeleniumDriver] [ 1255] - out loop:0 size:2 TestCases:[1, 11] testcases:[1, 11]
[INFO ][2015-11-05 15:12:03,289][com.java.ImportnExport.ImportTestDataDetailsExcel] [   49] - test data details path===== D:\BankersDashboard\TestInputs\TestData.xls
[INFO ][2015-11-05 15:13:14,193][com.java.SeleniumDriver] [  788] - ------------------------------------------
[INFO ][2015-11-05 15:13:14,193][com.java.SeleniumDriver] [  789] - Test case being Executed: 11
[INFO ][2015-11-05 15:13:14,193][com.java.SeleniumDriver] [  800] - Test step:1
[INFO ][2015-11-05 15:13:14,193][com.java.SeleniumDriver] [  812] - Datavalue is----------Logout
[INFO ][2015-11-05 15:13:14,193][com.java.SeleniumDriver] [  836] - DataField : BTN
[INFO ][2015-11-05 15:13:14,193][com.java.SeleniumDriver] [  838] - DataValue : Logout
[INFO ][2015-11-05 15:13:14,193][com.java.SeleniumDriver] [  844] - <In Set values of the page>
[INFO ][2015-11-05 15:13:14,193][com.java.SeleniumDriver] [  847] - {Data Fields & Data Values Exist}
[INFO ][2015-11-05 15:13:14,193][com.java.SeleniumDriver] [  849] - --------------------------setting values-----------------------------
[INFO ][2015-11-05 15:13:14,193][com.java.SeleniumDriver] [  852] - Action Type : Verify
[INFO ][2015-11-05 15:13:14,193][com.java.TestType] [ 4905] - field= BTN value= Logout
[INFO ][2015-11-05 15:13:14,193][com.java.TestType] [ 3779] - value = Logout
[INFO ][2015-11-05 15:13:14,224][com.java.SeleniumDriver] [  861] -  RESULT true
[INFO ][2015-11-05 15:13:14,224][com.java.SeleniumDriver] [ 1066] - ?   P A S S   ?
[INFO ][2015-11-05 15:13:14,224][com.java.SeleniumDriver] [ 1108] - step change to 3
[INFO ][2015-11-05 15:13:14,224][com.java.SeleniumDriver] [  788] - ------------------------------------------
[INFO ][2015-11-05 15:13:14,224][com.java.SeleniumDriver] [  789] - Test case being Executed: 11
[INFO ][2015-11-05 15:13:14,224][com.java.SeleniumDriver] [  800] - Test step:3
[INFO ][2015-11-05 15:13:14,224][com.java.SeleniumDriver] [  812] - Datavalue is----------Concept#2:1-2
[INFO ][2015-11-05 15:13:14,224][com.java.SeleniumDriver] [  836] - DataField : test
[INFO ][2015-11-05 15:13:14,224][com.java.SeleniumDriver] [  838] - DataValue : Concept#2:1-2
[INFO ][2015-11-05 15:13:14,224][com.java.SeleniumDriver] [  844] - <In Set values of the page>
[INFO ][2015-11-05 15:13:14,224][com.java.SeleniumDriver] [  847] - {Data Fields & Data Values Exist}
[INFO ][2015-11-05 15:13:14,224][com.java.SeleniumDriver] [  849] - --------------------------setting values-----------------------------
[INFO ][2015-11-05 15:13:14,224][com.java.SeleniumDriver] [  852] - Action Type : ExecuteTestCase
[INFO ][2015-11-05 15:13:14,224][com.java.TestType] [  414] - The Concept sheet name is ---------- Concept
[INFO ][2015-11-05 15:13:14,224][com.java.TestType] [  417] - The Concept ID  is ---------- 2
[DEBUG][2015-11-05 15:13:14,224][com.java.TestType] [  421] - Steps being executted in the Concept are: 1:2
[INFO ][2015-11-05 15:13:14,224][com.java.TestType] [  428] - Test data details path ---------- D:\BankersDashboard\TestInputs\TestData.xls
[INFO ][2015-11-05 15:13:14,254][com.java.TestType] [  459] -  str(1) = 2
[INFO ][2015-11-05 15:13:14,254][com.java.TestType] [  462] - Test case Id is---2
[INFO ][2015-11-05 15:13:14,254][com.java.TestType] [  464] - 2
[INFO ][2015-11-05 15:13:14,254][com.java.TestType] [  459] -  str(2) = 1
[INFO ][2015-11-05 15:13:14,254][com.java.TestType] [  511] - row values are--------{1=com.java.Objects.TestDataDetails@13c3737}
[INFO ][2015-11-05 15:13:14,254][com.java.TestType] [  459] -  str(1) = 2
[INFO ][2015-11-05 15:13:14,254][com.java.TestType] [  462] - Test case Id is---2
[INFO ][2015-11-05 15:13:14,254][com.java.TestType] [  464] - 2
[INFO ][2015-11-05 15:13:14,254][com.java.TestType] [  459] -  str(2) = 2
[INFO ][2015-11-05 15:13:14,254][com.java.TestType] [  511] - row values are--------{1=com.java.Objects.TestDataDetails@13c3737, 2=com.java.Objects.TestDataDetails@1e235b2}
[INFO ][2015-11-05 15:13:14,254][com.java.TestType] [  459] -  str(1) = 2
[INFO ][2015-11-05 15:13:14,254][com.java.TestType] [  462] - Test case Id is---2
[INFO ][2015-11-05 15:13:14,254][com.java.TestType] [  464] - 2
[INFO ][2015-11-05 15:13:14,254][com.java.TestType] [  459] -  str(2) = 3
[INFO ][2015-11-05 15:13:14,254][com.java.TestType] [  511] - row values are--------{1=com.java.Objects.TestDataDetails@13c3737, 2=com.java.Objects.TestDataDetails@1e235b2, 3=com.java.Objects.TestDataDetails@4dd30b}
[INFO ][2015-11-05 15:13:14,254][com.java.TestType] [ 7928] - Looping 1TCID = 2
[DEBUG][2015-11-05 15:13:14,254][com.java.TestType] [ 7969] - Concept ID:2 :: Step being Executed: 2::1
[INFO ][2015-11-05 15:13:14,254][com.java.TestType] [ 8007] - dataFields : BNK//select[@id='bank']
[DEBUG][2015-11-05 15:13:14,254][com.java.TestType] [ 8013] - <In Set values of the page>
[DEBUG][2015-11-05 15:13:14,254][com.java.TestType] [ 8018] - {Data Fields & Data Values Exist}
[INFO ][2015-11-05 15:13:14,254][com.java.TestType] [ 8024] - --------------------------setting values-----------------------------
[INFO ][2015-11-05 15:13:14,254][com.java.TestType] [ 8027] - Action Type : Select
[INFO ][2015-11-05 15:13:14,254][com.java.TestType] [ 3779] - value = PFC
[INFO ][2015-11-05 15:13:14,444][com.java.TestType] [ 8046] -  RESULT true
[INFO ][2015-11-05 15:13:14,444][com.java.TestType] [ 8163] - ?   P A S S   ?
[DEBUG][2015-11-05 15:13:14,444][com.java.TestType] [ 7969] - Concept ID:2 :: Step being Executed: 2::2
[INFO ][2015-11-05 15:13:14,444][com.java.TestType] [ 8007] - dataFields : LNKLogout
[DEBUG][2015-11-05 15:13:14,444][com.java.TestType] [ 8013] - <In Set values of the page>
[DEBUG][2015-11-05 15:13:14,444][com.java.TestType] [ 8018] - {Data Fields & Data Values Exist}
[INFO ][2015-11-05 15:13:14,444][com.java.TestType] [ 8024] - --------------------------setting values-----------------------------
[INFO ][2015-11-05 15:13:14,444][com.java.TestType] [ 8027] - Action Type : WaitTime
[DEBUG][2015-11-05 15:13:14,444][com.java.TestType] [ 3678] - sleepTime: 5000
[INFO ][2015-11-05 15:13:19,444][com.java.TestType] [ 8046] -  RESULT true
[INFO ][2015-11-05 15:13:19,444][com.java.TestType] [ 8163] - ?   P A S S   ?
[INFO ][2015-11-05 15:13:19,444][com.java.TestType] [ 8234] - Looping End......
[INFO ][2015-11-05 15:13:19,444][com.java.SeleniumDriver] [  861] -  RESULT true
[INFO ][2015-11-05 15:13:19,444][com.java.SeleniumDriver] [ 1066] - ?   P A S S   ?
[INFO ][2015-11-05 15:13:19,444][com.java.SeleniumDriver] [  788] - ------------------------------------------
[INFO ][2015-11-05 15:13:19,444][com.java.SeleniumDriver] [  789] - Test case being Executed: 11
[INFO ][2015-11-05 15:13:19,444][com.java.SeleniumDriver] [  800] - Test step:4
[INFO ][2015-11-05 15:13:19,444][com.java.SeleniumDriver] [  812] - Datavalue is----------null
[DEBUG][2015-11-05 15:13:19,444][com.java.SeleniumDriver] [  830] - Exception: null
[INFO ][2015-11-05 15:13:19,444][com.java.SeleniumDriver] [  836] - DataField : //span[@class='icon-user4']&&Users&&Manage Users
[INFO ][2015-11-05 15:13:19,444][com.java.SeleniumDriver] [  838] - DataValue : 
[INFO ][2015-11-05 15:13:19,444][com.java.SeleniumDriver] [  844] - <In Set values of the page>
[INFO ][2015-11-05 15:13:19,444][com.java.SeleniumDriver] [  847] - {Data Fields & Data Values Exist}
[INFO ][2015-11-05 15:13:19,444][com.java.SeleniumDriver] [  849] - --------------------------setting values-----------------------------
[INFO ][2015-11-05 15:13:19,444][com.java.SeleniumDriver] [  852] - Action Type : MouseOver
[INFO ][2015-11-05 15:13:38,600][com.java.SeleniumDriver] [  861] -  RESULT true
[INFO ][2015-11-05 15:13:38,600][com.java.SeleniumDriver] [ 1066] - ?   P A S S   ?
[INFO ][2015-11-05 15:13:38,600][com.java.SeleniumDriver] [  788] - ------------------------------------------
[INFO ][2015-11-05 15:13:38,600][com.java.SeleniumDriver] [  789] - Test case being Executed: 11
[INFO ][2015-11-05 15:13:38,600][com.java.SeleniumDriver] [  800] - Test step:5
[INFO ][2015-11-05 15:13:38,600][com.java.SeleniumDriver] [  812] - Datavalue is----------2
[INFO ][2015-11-05 15:13:38,600][com.java.SeleniumDriver] [  836] - DataField : BTNframeDialogContent
[INFO ][2015-11-05 15:13:38,600][com.java.SeleniumDriver] [  838] - DataValue : 2
[INFO ][2015-11-05 15:13:38,600][com.java.SeleniumDriver] [  844] - <In Set values of the page>
[INFO ][2015-11-05 15:13:38,600][com.java.SeleniumDriver] [  847] - {Data Fields & Data Values Exist}
[INFO ][2015-11-05 15:13:38,600][com.java.SeleniumDriver] [  849] - --------------------------setting values-----------------------------
[INFO ][2015-11-05 15:13:38,600][com.java.SeleniumDriver] [  852] - Action Type : WaitForElement
[INFO ][2015-11-05 15:13:39,844][com.java.SeleniumDriver] [  861] -  RESULT true
[INFO ][2015-11-05 15:13:39,844][com.java.SeleniumDriver] [ 1066] - ?   P A S S   ?
[INFO ][2015-11-05 15:13:39,844][com.java.SeleniumDriver] [  788] - ------------------------------------------
[INFO ][2015-11-05 15:13:39,844][com.java.SeleniumDriver] [  789] - Test case being Executed: 11
[INFO ][2015-11-05 15:13:39,844][com.java.SeleniumDriver] [  800] - Test step:6
[INFO ][2015-11-05 15:13:39,844][com.java.SeleniumDriver] [  812] - Datavalue is----------null
[DEBUG][2015-11-05 15:13:39,844][com.java.SeleniumDriver] [  830] - Exception: null
[INFO ][2015-11-05 15:13:39,844][com.java.SeleniumDriver] [  836] - DataField : BTNframeDialogContent
[INFO ][2015-11-05 15:13:39,844][com.java.SeleniumDriver] [  838] - DataValue : 
[INFO ][2015-11-05 15:13:39,844][com.java.SeleniumDriver] [  844] - <In Set values of the page>
[INFO ][2015-11-05 15:13:39,844][com.java.SeleniumDriver] [  847] - {Data Fields & Data Values Exist}
[INFO ][2015-11-05 15:13:39,844][com.java.SeleniumDriver] [  849] - --------------------------setting values-----------------------------
[INFO ][2015-11-05 15:13:39,844][com.java.SeleniumDriver] [  852] - Action Type : SelectFrame
[INFO ][2015-11-05 15:13:41,086][com.java.SeleniumDriver] [  861] -  RESULT true
[INFO ][2015-11-05 15:13:41,086][com.java.SeleniumDriver] [ 1066] - ?   P A S S   ?
[INFO ][2015-11-05 15:13:41,086][com.java.SeleniumDriver] [  788] - ------------------------------------------
[INFO ][2015-11-05 15:13:41,086][com.java.SeleniumDriver] [  789] - Test case being Executed: 11
[INFO ][2015-11-05 15:13:41,086][com.java.SeleniumDriver] [  800] - Test step:7
[INFO ][2015-11-05 15:13:41,086][com.java.SeleniumDriver] [  812] - Datavalue is----------2
[INFO ][2015-11-05 15:13:41,086][com.java.SeleniumDriver] [  836] - DataField : BTNbtnAddUser
[INFO ][2015-11-05 15:13:41,086][com.java.SeleniumDriver] [  838] - DataValue : 2
[INFO ][2015-11-05 15:13:41,086][com.java.SeleniumDriver] [  844] - <In Set values of the page>
[INFO ][2015-11-05 15:13:41,086][com.java.SeleniumDriver] [  847] - {Data Fields & Data Values Exist}
[INFO ][2015-11-05 15:13:41,086][com.java.SeleniumDriver] [  849] - --------------------------setting values-----------------------------
[INFO ][2015-11-05 15:13:41,086][com.java.SeleniumDriver] [  852] - Action Type : WaitForElement
[INFO ][2015-11-05 15:13:42,926][com.java.SeleniumDriver] [  861] -  RESULT true
[INFO ][2015-11-05 15:13:42,926][com.java.SeleniumDriver] [ 1066] - ?   P A S S   ?
[INFO ][2015-11-05 15:13:42,926][com.java.SeleniumDriver] [  788] - ------------------------------------------
[INFO ][2015-11-05 15:13:42,926][com.java.SeleniumDriver] [  789] - Test case being Executed: 11
[INFO ][2015-11-05 15:13:42,926][com.java.SeleniumDriver] [  800] - Test step:8
[INFO ][2015-11-05 15:13:42,926][com.java.SeleniumDriver] [  812] - Datavalue is----------null
[DEBUG][2015-11-05 15:13:42,926][com.java.SeleniumDriver] [  830] - Exception: null
[INFO ][2015-11-05 15:13:42,926][com.java.SeleniumDriver] [  836] - DataField : BTNbtnAddUser
[INFO ][2015-11-05 15:13:42,926][com.java.SeleniumDriver] [  838] - DataValue : 
[INFO ][2015-11-05 15:13:42,926][com.java.SeleniumDriver] [  844] - <In Set values of the page>
[INFO ][2015-11-05 15:13:42,926][com.java.SeleniumDriver] [  847] - {Data Fields & Data Values Exist}
[INFO ][2015-11-05 15:13:42,926][com.java.SeleniumDriver] [  849] - --------------------------setting values-----------------------------
[INFO ][2015-11-05 15:13:42,926][com.java.SeleniumDriver] [  852] - Action Type : Click
[INFO ][2015-11-05 15:13:42,926][com.java.TestType] [ 4092] - Field ::BTNbtnAddUser
[INFO ][2015-11-05 15:13:43,927][com.java.TestType] [ 4130] - BEFORE CLICK
[INFO ][2015-11-05 15:13:45,888][com.java.TestType] [ 4137] - Unable to click the object Add user button
[INFO ][2015-11-05 15:13:45,888][com.java.SeleniumDriver] [  861] -  RESULT true
[INFO ][2015-11-05 15:13:45,888][com.java.SeleniumDriver] [ 1066] - ?   P A S S   ?
[INFO ][2015-11-05 15:13:45,888][com.java.SeleniumDriver] [  788] - ------------------------------------------
[INFO ][2015-11-05 15:13:45,888][com.java.SeleniumDriver] [  789] - Test case being Executed: 11
[INFO ][2015-11-05 15:13:45,888][com.java.SeleniumDriver] [  800] - Test step:9
[INFO ][2015-11-05 15:13:45,888][com.java.SeleniumDriver] [  812] - Datavalue is----------2
[INFO ][2015-11-05 15:13:45,888][com.java.SeleniumDriver] [  836] - DataField : BTNtxtUserName
[INFO ][2015-11-05 15:13:45,888][com.java.SeleniumDriver] [  838] - DataValue : 2
[INFO ][2015-11-05 15:13:45,888][com.java.SeleniumDriver] [  844] - <In Set values of the page>
[INFO ][2015-11-05 15:13:45,888][com.java.SeleniumDriver] [  847] - {Data Fields & Data Values Exist}
[INFO ][2015-11-05 15:13:45,888][com.java.SeleniumDriver] [  849] - --------------------------setting values-----------------------------
[INFO ][2015-11-05 15:13:45,888][com.java.SeleniumDriver] [  852] - Action Type : WaitForElement
[INFO ][2015-11-05 15:13:47,053][com.java.SeleniumDriver] [  861] -  RESULT true
[INFO ][2015-11-05 15:13:47,053][com.java.SeleniumDriver] [ 1066] - ?   P A S S   ?
[INFO ][2015-11-05 15:13:47,053][com.java.SeleniumDriver] [  788] - ------------------------------------------
[INFO ][2015-11-05 15:13:47,053][com.java.SeleniumDriver] [  789] - Test case being Executed: 11
[INFO ][2015-11-05 15:13:47,053][com.java.SeleniumDriver] [  800] - Test step:10
[INFO ][2015-11-05 15:13:47,053][com.java.SeleniumDriver] [  812] - Datavalue is----------dt:NewUserName
[INFO ][2015-11-05 15:13:47,053][com.java.SeleniumDriver] [  836] - DataField : TXTtxtUserName
[INFO ][2015-11-05 15:13:47,053][com.java.SeleniumDriver] [  838] - DataValue : dt:NewUserName
[INFO ][2015-11-05 15:13:47,053][com.java.SeleniumDriver] [  844] - <In Set values of the page>
[INFO ][2015-11-05 15:13:47,053][com.java.SeleniumDriver] [  847] - {Data Fields & Data Values Exist}
[INFO ][2015-11-05 15:13:47,054][com.java.SeleniumDriver] [  849] - --------------------------setting values-----------------------------
[INFO ][2015-11-05 15:13:47,054][com.java.SeleniumDriver] [  852] - Action Type : Enter
[INFO ][2015-11-05 15:13:47,054][com.java.TestType] [ 4412] - field = txtUserName
[INFO ][2015-11-05 15:13:47,054][com.java.TestType] [ 3779] - value = vltest.robot
[INFO ][2015-11-05 15:13:49,814][com.java.SeleniumDriver] [  861] -  RESULT true
[INFO ][2015-11-05 15:13:49,814][com.java.SeleniumDriver] [ 1066] - ?   P A S S   ?
[INFO ][2015-11-05 15:13:49,814][com.java.SeleniumDriver] [  788] - ------------------------------------------
[INFO ][2015-11-05 15:13:49,814][com.java.SeleniumDriver] [  789] - Test case being Executed: 11
[INFO ][2015-11-05 15:13:49,814][com.java.SeleniumDriver] [  800] - Test step:11
[INFO ][2015-11-05 15:13:49,814][com.java.SeleniumDriver] [  812] - Datavalue is----------VLTest
[INFO ][2015-11-05 15:13:49,814][com.java.SeleniumDriver] [  836] - DataField : TXTtxtFirstName
[INFO ][2015-11-05 15:13:49,814][com.java.SeleniumDriver] [  838] - DataValue : VLTest
[INFO ][2015-11-05 15:13:49,814][com.java.SeleniumDriver] [  844] - <In Set values of the page>
[INFO ][2015-11-05 15:13:49,814][com.java.SeleniumDriver] [  847] - {Data Fields & Data Values Exist}
[INFO ][2015-11-05 15:13:49,814][com.java.SeleniumDriver] [  849] - --------------------------setting values-----------------------------
[INFO ][2015-11-05 15:13:49,814][com.java.SeleniumDriver] [  852] - Action Type : Enter
[INFO ][2015-11-05 15:13:49,815][com.java.TestType] [ 4412] - field = txtFirstName
[INFO ][2015-11-05 15:13:49,815][com.java.TestType] [ 3779] - value = VLTest
[INFO ][2015-11-05 15:13:52,974][com.java.SeleniumDriver] [  861] -  RESULT true
[INFO ][2015-11-05 15:13:52,974][com.java.SeleniumDriver] [ 1066] - ?   P A S S   ?
[INFO ][2015-11-05 15:13:52,974][com.java.SeleniumDriver] [  788] - ------------------------------------------
[INFO ][2015-11-05 15:13:52,974][com.java.SeleniumDriver] [  789] - Test case being Executed: 11
[INFO ][2015-11-05 15:13:52,974][com.java.SeleniumDriver] [  800] - Test step:12
[INFO ][2015-11-05 15:13:52,974][com.java.SeleniumDriver] [  812] - Datavalue is----------Robot
[INFO ][2015-11-05 15:13:52,974][com.java.SeleniumDriver] [  836] - DataField : TXTtxtLastName
[INFO ][2015-11-05 15:13:52,974][com.java.SeleniumDriver] [  838] - DataValue : Robot
[INFO ][2015-11-05 15:13:52,974][com.java.SeleniumDriver] [  844] - <In Set values of the page>
[INFO ][2015-11-05 15:13:52,974][com.java.SeleniumDriver] [  847] - {Data Fields & Data Values Exist}
[INFO ][2015-11-05 15:13:52,974][com.java.SeleniumDriver] [  849] - --------------------------setting values-----------------------------
[INFO ][2015-11-05 15:13:52,974][com.java.SeleniumDriver] [  852] - Action Type : Enter
[INFO ][2015-11-05 15:13:52,974][com.java.TestType] [ 4412] - field = txtLastName
[INFO ][2015-11-05 15:13:52,974][com.java.TestType] [ 3779] - value = Robot
[INFO ][2015-11-05 15:14:11,075][com.java.SeleniumDriver] [  861] -  RESULT true
[INFO ][2015-11-05 15:14:11,075][com.java.SeleniumDriver] [ 1066] - ?   P A S S   ?
[INFO ][2015-11-05 15:14:11,075][com.java.SeleniumDriver] [  788] - ------------------------------------------
[INFO ][2015-11-05 15:14:11,075][com.java.SeleniumDriver] [  789] - Test case being Executed: 11
[INFO ][2015-11-05 15:14:11,075][com.java.SeleniumDriver] [  800] - Test step:13
[INFO ][2015-11-05 15:14:11,075][com.java.SeleniumDriver] [  812] - Datavalue is----------ValueLabs
[INFO ][2015-11-05 15:14:11,075][com.java.SeleniumDriver] [  836] - DataField : TXTtxtCompany
[INFO ][2015-11-05 15:14:11,075][com.java.SeleniumDriver] [  838] - DataValue : ValueLabs
[INFO ][2015-11-05 15:14:11,075][com.java.SeleniumDriver] [  844] - <In Set values of the page>
[INFO ][2015-11-05 15:14:11,075][com.java.SeleniumDriver] [  847] - {Data Fields & Data Values Exist}
[INFO ][2015-11-05 15:14:11,075][com.java.SeleniumDriver] [  849] - --------------------------setting values-----------------------------
[INFO ][2015-11-05 15:14:11,075][com.java.SeleniumDriver] [  852] - Action Type : Enter
[INFO ][2015-11-05 15:14:11,075][com.java.TestType] [ 4412] - field = txtCompany
[INFO ][2015-11-05 15:14:11,075][com.java.TestType] [ 3779] - value = ValueLabs
[INFO ][2015-11-05 15:14:14,047][com.java.SeleniumDriver] [  861] -  RESULT true
[INFO ][2015-11-05 15:14:14,047][com.java.SeleniumDriver] [ 1066] - ?   P A S S   ?
[INFO ][2015-11-05 15:14:14,047][com.java.SeleniumDriver] [  788] - ------------------------------------------
[INFO ][2015-11-05 15:14:14,047][com.java.SeleniumDriver] [  789] - Test case being Executed: 11
[INFO ][2015-11-05 15:14:14,047][com.java.SeleniumDriver] [  800] - Test step:14
[INFO ][2015-11-05 15:14:14,047][com.java.SeleniumDriver] [  812] - Datavalue is----------India
[INFO ][2015-11-05 15:14:14,047][com.java.SeleniumDriver] [  836] - DataField : TXTtxtLocation
[INFO ][2015-11-05 15:14:14,047][com.java.SeleniumDriver] [  838] - DataValue : India
[INFO ][2015-11-05 15:14:14,047][com.java.SeleniumDriver] [  844] - <In Set values of the page>
[INFO ][2015-11-05 15:14:14,047][com.java.SeleniumDriver] [  847] - {Data Fields & Data Values Exist}
[INFO ][2015-11-05 15:14:14,047][com.java.SeleniumDriver] [  849] - --------------------------setting values-----------------------------
[INFO ][2015-11-05 15:14:14,047][com.java.SeleniumDriver] [  852] - Action Type : Enter
[INFO ][2015-11-05 15:14:14,047][com.java.TestType] [ 4412] - field = txtLocation
[INFO ][2015-11-05 15:14:14,047][com.java.TestType] [ 3779] - value = India
[INFO ][2015-11-05 15:14:16,849][com.java.SeleniumDriver] [  861] -  RESULT true
[INFO ][2015-11-05 15:14:16,849][com.java.SeleniumDriver] [ 1066] - ?   P A S S   ?
[INFO ][2015-11-05 15:14:16,849][com.java.SeleniumDriver] [  788] - ------------------------------------------
[INFO ][2015-11-05 15:14:16,849][com.java.SeleniumDriver] [  789] - Test case being Executed: 11
[INFO ][2015-11-05 15:14:16,849][com.java.SeleniumDriver] [  800] - Test step:15
[INFO ][2015-11-05 15:14:16,849][com.java.SeleniumDriver] [  812] - Datavalue is----------vltest.robot@valuelabs.com
[INFO ][2015-11-05 15:14:16,849][com.java.SeleniumDriver] [  836] - DataField : TXTtxtEMail
[INFO ][2015-11-05 15:14:16,849][com.java.SeleniumDriver] [  838] - DataValue : vltest.robot@valuelabs.com
[INFO ][2015-11-05 15:14:16,849][com.java.SeleniumDriver] [  844] - <In Set values of the page>
[INFO ][2015-11-05 15:14:16,849][com.java.SeleniumDriver] [  847] - {Data Fields & Data Values Exist}
[INFO ][2015-11-05 15:14:16,849][com.java.SeleniumDriver] [  849] - --------------------------setting values-----------------------------
[INFO ][2015-11-05 15:14:16,849][com.java.SeleniumDriver] [  852] - Action Type : Enter
[INFO ][2015-11-05 15:14:16,849][com.java.TestType] [ 4412] - field = txtEMail
[INFO ][2015-11-05 15:14:16,849][com.java.TestType] [ 3779] - value = vltest.robot@valuelabs.com
[INFO ][2015-11-05 15:14:19,871][com.java.SeleniumDriver] [  861] -  RESULT true
[INFO ][2015-11-05 15:14:19,871][com.java.SeleniumDriver] [ 1066] - ?   P A S S   ?
[INFO ][2015-11-05 15:14:19,871][com.java.SeleniumDriver] [  788] - ------------------------------------------
[INFO ][2015-11-05 15:14:19,871][com.java.SeleniumDriver] [  789] - Test case being Executed: 11
[INFO ][2015-11-05 15:14:19,871][com.java.SeleniumDriver] [  800] - Test step:16
[INFO ][2015-11-05 15:14:19,871][com.java.SeleniumDriver] [  812] - Datavalue is----------12345678901
[INFO ][2015-11-05 15:14:19,871][com.java.SeleniumDriver] [  836] - DataField : TXTtxtPhone
[INFO ][2015-11-05 15:14:19,871][com.java.SeleniumDriver] [  838] - DataValue : 12345678901
[INFO ][2015-11-05 15:14:19,871][com.java.SeleniumDriver] [  844] - <In Set values of the page>
[INFO ][2015-11-05 15:14:19,871][com.java.SeleniumDriver] [  847] - {Data Fields & Data Values Exist}
[INFO ][2015-11-05 15:14:19,871][com.java.SeleniumDriver] [  849] - --------------------------setting values-----------------------------
[INFO ][2015-11-05 15:14:19,871][com.java.SeleniumDriver] [  852] - Action Type : Enter
[INFO ][2015-11-05 15:14:19,871][com.java.TestType] [ 4412] - field = txtPhone
[INFO ][2015-11-05 15:14:19,871][com.java.TestType] [ 3779] - value = 12345678901
[INFO ][2015-11-05 15:14:22,613][com.java.SeleniumDriver] [  861] -  RESULT true
[INFO ][2015-11-05 15:14:22,613][com.java.SeleniumDriver] [ 1066] - ?   P A S S   ?
[INFO ][2015-11-05 15:14:22,613][com.java.SeleniumDriver] [  788] - ------------------------------------------
[INFO ][2015-11-05 15:14:22,613][com.java.SeleniumDriver] [  789] - Test case being Executed: 11
[INFO ][2015-11-05 15:14:22,613][com.java.SeleniumDriver] [  800] - Test step:17
[INFO ][2015-11-05 15:14:22,613][com.java.SeleniumDriver] [  812] - Datavalue is----------dt:NewUserPswd
[INFO ][2015-11-05 15:14:22,613][com.java.SeleniumDriver] [  836] - DataField : TXTtxtPassword
[INFO ][2015-11-05 15:14:22,613][com.java.SeleniumDriver] [  838] - DataValue : dt:NewUserPswd
[INFO ][2015-11-05 15:14:22,613][com.java.SeleniumDriver] [  844] - <In Set values of the page>
[INFO ][2015-11-05 15:14:22,613][com.java.SeleniumDriver] [  847] - {Data Fields & Data Values Exist}
[INFO ][2015-11-05 15:14:22,613][com.java.SeleniumDriver] [  849] - --------------------------setting values-----------------------------
[INFO ][2015-11-05 15:14:22,613][com.java.SeleniumDriver] [  852] - Action Type : Enter
[INFO ][2015-11-05 15:14:22,613][com.java.TestType] [ 4412] - field = txtPassword
[INFO ][2015-11-05 15:14:22,613][com.java.TestType] [ 3779] - value = Password1*
[INFO ][2015-11-05 15:14:25,575][com.java.SeleniumDriver] [  861] -  RESULT true
[INFO ][2015-11-05 15:14:25,575][com.java.SeleniumDriver] [ 1066] - ?   P A S S   ?
[INFO ][2015-11-05 15:14:25,575][com.java.SeleniumDriver] [  788] - ------------------------------------------
[INFO ][2015-11-05 15:14:25,575][com.java.SeleniumDriver] [  789] - Test case being Executed: 11
[INFO ][2015-11-05 15:14:25,575][com.java.SeleniumDriver] [  800] - Test step:18
[INFO ][2015-11-05 15:14:25,575][com.java.SeleniumDriver] [  812] - Datavalue is----------dt:NewUserPswd
[INFO ][2015-11-05 15:14:25,575][com.java.SeleniumDriver] [  836] - DataField : TXTtxtPasswordConfirm
[INFO ][2015-11-05 15:14:25,575][com.java.SeleniumDriver] [  838] - DataValue : dt:NewUserPswd
[INFO ][2015-11-05 15:14:25,575][com.java.SeleniumDriver] [  844] - <In Set values of the page>
[INFO ][2015-11-05 15:14:25,575][com.java.SeleniumDriver] [  847] - {Data Fields & Data Values Exist}
[INFO ][2015-11-05 15:14:25,575][com.java.SeleniumDriver] [  849] - --------------------------setting values-----------------------------
[INFO ][2015-11-05 15:14:25,575][com.java.SeleniumDriver] [  852] - Action Type : Enter
[INFO ][2015-11-05 15:14:25,575][com.java.TestType] [ 4412] - field = txtPasswordConfirm
[INFO ][2015-11-05 15:14:25,575][com.java.TestType] [ 3779] - value = Password1*
[INFO ][2015-11-05 15:14:28,557][com.java.SeleniumDriver] [  861] -  RESULT true
[INFO ][2015-11-05 15:14:28,557][com.java.SeleniumDriver] [ 1066] - ?   P A S S   ?
[INFO ][2015-11-05 15:14:28,557][com.java.SeleniumDriver] [  788] - ------------------------------------------
[INFO ][2015-11-05 15:14:28,557][com.java.SeleniumDriver] [  789] - Test case being Executed: 11
[INFO ][2015-11-05 15:14:28,557][com.java.SeleniumDriver] [  800] - Test step:19
[INFO ][2015-11-05 15:14:28,557][com.java.SeleniumDriver] [  812] - Datavalue is----------null
[DEBUG][2015-11-05 15:14:28,557][com.java.SeleniumDriver] [  830] - Exception: null
[INFO ][2015-11-05 15:14:28,557][com.java.SeleniumDriver] [  836] - DataField : BTNparent
[INFO ][2015-11-05 15:14:28,557][com.java.SeleniumDriver] [  838] - DataValue : 
[INFO ][2015-11-05 15:14:28,557][com.java.SeleniumDriver] [  844] - <In Set values of the page>
[INFO ][2015-11-05 15:14:28,557][com.java.SeleniumDriver] [  847] - {Data Fields & Data Values Exist}
[INFO ][2015-11-05 15:14:28,557][com.java.SeleniumDriver] [  849] - --------------------------setting values-----------------------------
[INFO ][2015-11-05 15:14:28,557][com.java.SeleniumDriver] [  852] - Action Type : SelectFrame
[INFO ][2015-11-05 15:14:28,567][com.java.SeleniumDriver] [  861] -  RESULT true
[INFO ][2015-11-05 15:14:28,567][com.java.SeleniumDriver] [ 1066] - ?   P A S S   ?
[INFO ][2015-11-05 15:14:28,567][com.java.SeleniumDriver] [  788] - ------------------------------------------
[INFO ][2015-11-05 15:14:28,567][com.java.SeleniumDriver] [  789] - Test case being Executed: 11
[INFO ][2015-11-05 15:14:28,567][com.java.SeleniumDriver] [  800] - Test step:20
[INFO ][2015-11-05 15:14:28,567][com.java.SeleniumDriver] [  812] - Datavalue is----------5
[INFO ][2015-11-05 15:14:28,567][com.java.SeleniumDriver] [  836] - DataField : test
[INFO ][2015-11-05 15:14:28,567][com.java.SeleniumDriver] [  838] - DataValue : 5
[INFO ][2015-11-05 15:14:28,567][com.java.SeleniumDriver] [  844] - <In Set values of the page>
[INFO ][2015-11-05 15:14:28,567][com.java.SeleniumDriver] [  847] - {Data Fields & Data Values Exist}
[INFO ][2015-11-05 15:14:28,567][com.java.SeleniumDriver] [  849] - --------------------------setting values-----------------------------
[INFO ][2015-11-05 15:14:28,567][com.java.SeleniumDriver] [  852] - Action Type : WaitTime
[DEBUG][2015-11-05 15:14:28,567][com.java.TestType] [ 3678] - sleepTime: 5000
[INFO ][2015-11-05 15:14:33,567][com.java.SeleniumDriver] [  861] -  RESULT true
[INFO ][2015-11-05 15:14:33,567][com.java.SeleniumDriver] [ 1066] - ?   P A S S   ?
[INFO ][2015-11-05 15:14:33,567][com.java.SeleniumDriver] [  788] - ------------------------------------------
[INFO ][2015-11-05 15:14:33,567][com.java.SeleniumDriver] [  789] - Test case being Executed: 11
[INFO ][2015-11-05 15:14:33,567][com.java.SeleniumDriver] [  800] - Test step:21
[INFO ][2015-11-05 15:14:33,567][com.java.SeleniumDriver] [  812] - Datavalue is----------null
[DEBUG][2015-11-05 15:14:33,567][com.java.SeleniumDriver] [  830] - Exception: null
[INFO ][2015-11-05 15:14:33,567][com.java.SeleniumDriver] [  836] - DataField : XPH//span[contains(text(), 'Finished')]
[INFO ][2015-11-05 15:14:33,567][com.java.SeleniumDriver] [  838] - DataValue : 
[INFO ][2015-11-05 15:14:33,567][com.java.SeleniumDriver] [  844] - <In Set values of the page>
[INFO ][2015-11-05 15:14:33,567][com.java.SeleniumDriver] [  847] - {Data Fields & Data Values Exist}
[INFO ][2015-11-05 15:14:33,567][com.java.SeleniumDriver] [  849] - --------------------------setting values-----------------------------
[INFO ][2015-11-05 15:14:33,567][com.java.SeleniumDriver] [  852] - Action Type : Click
[INFO ][2015-11-05 15:14:33,567][com.java.TestType] [ 4092] - Field ::XPH//span[contains(text(), 'Finished')]
[INFO ][2015-11-05 15:14:34,568][com.java.TestType] [ 4151] - BEFORE CLICK
[INFO ][2015-11-05 15:14:35,558][com.java.TestType] [ 4159] - Unable to click the object Finished button
[INFO ][2015-11-05 15:14:35,558][com.java.SeleniumDriver] [  861] -  RESULT true
[INFO ][2015-11-05 15:14:35,558][com.java.SeleniumDriver] [ 1066] - ?   P A S S   ?
[INFO ][2015-11-05 15:14:35,558][com.java.SeleniumDriver] [  788] - ------------------------------------------
[INFO ][2015-11-05 15:14:35,558][com.java.SeleniumDriver] [  789] - Test case being Executed: 11
[INFO ][2015-11-05 15:14:35,558][com.java.SeleniumDriver] [  800] - Test step:22
[INFO ][2015-11-05 15:14:35,558][com.java.SeleniumDriver] [  812] - Datavalue is----------null
[DEBUG][2015-11-05 15:14:35,558][com.java.SeleniumDriver] [  830] - Exception: null
[INFO ][2015-11-05 15:14:35,558][com.java.SeleniumDriver] [  836] - DataField : XPH//span[contains(text(), 'Finished')]
[INFO ][2015-11-05 15:14:35,558][com.java.SeleniumDriver] [  838] - DataValue : 
[INFO ][2015-11-05 15:14:35,558][com.java.SeleniumDriver] [  844] - <In Set values of the page>
[INFO ][2015-11-05 15:14:35,558][com.java.SeleniumDriver] [  847] - {Data Fields & Data Values Exist}
[INFO ][2015-11-05 15:14:35,558][com.java.SeleniumDriver] [  849] - --------------------------setting values-----------------------------
[INFO ][2015-11-05 15:14:35,558][com.java.SeleniumDriver] [  852] - Action Type : WaitForElement
[INFO ][2015-11-05 15:14:35,599][com.java.SeleniumDriver] [  861] -  RESULT true
[INFO ][2015-11-05 15:14:35,599][com.java.SeleniumDriver] [ 1066] - ?   P A S S   ?
[INFO ][2015-11-05 15:14:35,599][com.java.SeleniumDriver] [  788] - ------------------------------------------
[INFO ][2015-11-05 15:14:35,599][com.java.SeleniumDriver] [  789] - Test case being Executed: 11
[INFO ][2015-11-05 15:14:35,599][com.java.SeleniumDriver] [  800] - Test step:23
[INFO ][2015-11-05 15:14:35,599][com.java.SeleniumDriver] [  812] - Datavalue is----------null
[DEBUG][2015-11-05 15:14:35,599][com.java.SeleniumDriver] [  830] - Exception: null
[INFO ][2015-11-05 15:14:35,599][com.java.SeleniumDriver] [  836] - DataField : BTNframeDialogContent
[INFO ][2015-11-05 15:14:35,599][com.java.SeleniumDriver] [  838] - DataValue : 
[INFO ][2015-11-05 15:14:35,599][com.java.SeleniumDriver] [  844] - <In Set values of the page>
[INFO ][2015-11-05 15:14:35,599][com.java.SeleniumDriver] [  847] - {Data Fields & Data Values Exist}
[INFO ][2015-11-05 15:14:35,599][com.java.SeleniumDriver] [  849] - --------------------------setting values-----------------------------
[INFO ][2015-11-05 15:14:35,599][com.java.SeleniumDriver] [  852] - Action Type : SelectFrame
[INFO ][2015-11-05 15:14:37,160][com.java.SeleniumDriver] [  861] -  RESULT true
[INFO ][2015-11-05 15:14:37,160][com.java.SeleniumDriver] [ 1066] - ?   P A S S   ?
[INFO ][2015-11-05 15:14:37,160][com.java.SeleniumDriver] [  788] - ------------------------------------------
[INFO ][2015-11-05 15:14:37,160][com.java.SeleniumDriver] [  789] - Test case being Executed: 11
[INFO ][2015-11-05 15:14:37,160][com.java.SeleniumDriver] [  800] - Test step:24
[INFO ][2015-11-05 15:14:37,160][com.java.SeleniumDriver] [  812] - Datavalue is----------null
[DEBUG][2015-11-05 15:14:37,160][com.java.SeleniumDriver] [  830] - Exception: null
[INFO ][2015-11-05 15:14:37,160][com.java.SeleniumDriver] [  836] - DataField : BTNchkGlobalPrivsUserAdmin
[INFO ][2015-11-05 15:14:37,160][com.java.SeleniumDriver] [  838] - DataValue : 
[INFO ][2015-11-05 15:14:37,160][com.java.SeleniumDriver] [  844] - <In Set values of the page>
[INFO ][2015-11-05 15:14:37,160][com.java.SeleniumDriver] [  847] - {Data Fields & Data Values Exist}
[INFO ][2015-11-05 15:14:37,160][com.java.SeleniumDriver] [  849] - --------------------------setting values-----------------------------
[INFO ][2015-11-05 15:14:37,160][com.java.SeleniumDriver] [  852] - Action Type : Click
[INFO ][2015-11-05 15:14:37,160][com.java.TestType] [ 4092] - Field ::BTNchkGlobalPrivsUserAdmin
[INFO ][2015-11-05 15:14:38,160][com.java.TestType] [ 4130] - BEFORE CLICK
[INFO ][2015-11-05 15:14:39,471][com.java.TestType] [ 4137] - Unable to click the object User Admin check box
[INFO ][2015-11-05 15:14:39,471][com.java.SeleniumDriver] [  861] -  RESULT true
[INFO ][2015-11-05 15:14:39,471][com.java.SeleniumDriver] [ 1066] - ?   P A S S   ?
[INFO ][2015-11-05 15:14:39,471][com.java.SeleniumDriver] [  788] - ------------------------------------------
[INFO ][2015-11-05 15:14:39,471][com.java.SeleniumDriver] [  789] - Test case being Executed: 11
[INFO ][2015-11-05 15:14:39,471][com.java.SeleniumDriver] [  800] - Test step:25
[INFO ][2015-11-05 15:14:39,471][com.java.SeleniumDriver] [  812] - Datavalue is----------null
[DEBUG][2015-11-05 15:14:39,471][com.java.SeleniumDriver] [  830] - Exception: null
[INFO ][2015-11-05 15:14:39,471][com.java.SeleniumDriver] [  836] - DataField : BTNrdoEnableEntity_Enable
[INFO ][2015-11-05 15:14:39,471][com.java.SeleniumDriver] [  838] - DataValue : 
[INFO ][2015-11-05 15:14:39,471][com.java.SeleniumDriver] [  844] - <In Set values of the page>
[INFO ][2015-11-05 15:14:39,471][com.java.SeleniumDriver] [  847] - {Data Fields & Data Values Exist}
[INFO ][2015-11-05 15:14:39,471][com.java.SeleniumDriver] [  849] - --------------------------setting values-----------------------------
[INFO ][2015-11-05 15:14:39,471][com.java.SeleniumDriver] [  852] - Action Type : Click
[INFO ][2015-11-05 15:14:39,471][com.java.TestType] [ 4092] - Field ::BTNrdoEnableEntity_Enable
[INFO ][2015-11-05 15:14:40,471][com.java.TestType] [ 4130] - BEFORE CLICK
[INFO ][2015-11-05 15:14:41,772][com.java.TestType] [ 4137] - Unable to click the object Enable radio button
[INFO ][2015-11-05 15:14:41,772][com.java.SeleniumDriver] [  861] -  RESULT true
[INFO ][2015-11-05 15:14:41,772][com.java.SeleniumDriver] [ 1066] - ?   P A S S   ?
[INFO ][2015-11-05 15:14:41,772][com.java.SeleniumDriver] [  788] - ------------------------------------------
[INFO ][2015-11-05 15:14:41,772][com.java.SeleniumDriver] [  789] - Test case being Executed: 11
[INFO ][2015-11-05 15:14:41,772][com.java.SeleniumDriver] [  800] - Test step:26
[INFO ][2015-11-05 15:14:41,772][com.java.SeleniumDriver] [  812] - Datavalue is----------null
[DEBUG][2015-11-05 15:14:41,772][com.java.SeleniumDriver] [  830] - Exception: null
[INFO ][2015-11-05 15:14:41,772][com.java.SeleniumDriver] [  836] - DataField : BTNchkProfitCenterAll
[INFO ][2015-11-05 15:14:41,772][com.java.SeleniumDriver] [  838] - DataValue : 
[INFO ][2015-11-05 15:14:41,772][com.java.SeleniumDriver] [  844] - <In Set values of the page>
[INFO ][2015-11-05 15:14:41,772][com.java.SeleniumDriver] [  847] - {Data Fields & Data Values Exist}
[INFO ][2015-11-05 15:14:41,772][com.java.SeleniumDriver] [  849] - --------------------------setting values-----------------------------
[INFO ][2015-11-05 15:14:41,772][com.java.SeleniumDriver] [  852] - Action Type : Click
[INFO ][2015-11-05 15:14:41,772][com.java.TestType] [ 4092] - Field ::BTNchkProfitCenterAll
[INFO ][2015-11-05 15:14:42,772][com.java.TestType] [ 4130] - BEFORE CLICK
[INFO ][2015-11-05 15:14:44,063][com.java.TestType] [ 4137] - Unable to click the object All Check box
[INFO ][2015-11-05 15:14:44,063][com.java.SeleniumDriver] [  861] -  RESULT true
[INFO ][2015-11-05 15:14:44,063][com.java.SeleniumDriver] [ 1066] - ?   P A S S   ?
[INFO ][2015-11-05 15:14:44,063][com.java.SeleniumDriver] [  788] - ------------------------------------------
[INFO ][2015-11-05 15:14:44,063][com.java.SeleniumDriver] [  789] - Test case being Executed: 11
[INFO ][2015-11-05 15:14:44,063][com.java.SeleniumDriver] [  800] - Test step:27
[INFO ][2015-11-05 15:14:44,063][com.java.SeleniumDriver] [  812] - Datavalue is----------null
[DEBUG][2015-11-05 15:14:44,063][com.java.SeleniumDriver] [  830] - Exception: null
[INFO ][2015-11-05 15:14:44,063][com.java.SeleniumDriver] [  836] - DataField : BTNchkPrivsAccessGL
[INFO ][2015-11-05 15:14:44,063][com.java.SeleniumDriver] [  838] - DataValue : 
[INFO ][2015-11-05 15:14:44,063][com.java.SeleniumDriver] [  844] - <In Set values of the page>
[INFO ][2015-11-05 15:14:44,063][com.java.SeleniumDriver] [  847] - {Data Fields & Data Values Exist}
[INFO ][2015-11-05 15:14:44,063][com.java.SeleniumDriver] [  849] - --------------------------setting values-----------------------------
[INFO ][2015-11-05 15:14:44,063][com.java.SeleniumDriver] [  852] - Action Type : Click
[INFO ][2015-11-05 15:14:44,063][com.java.TestType] [ 4092] - Field ::BTNchkPrivsAccessGL
[INFO ][2015-11-05 15:14:45,063][com.java.TestType] [ 4130] - BEFORE CLICK
[INFO ][2015-11-05 15:14:46,354][com.java.TestType] [ 4137] - Unable to click the object GL check box
[INFO ][2015-11-05 15:14:46,354][com.java.SeleniumDriver] [  861] -  RESULT true
[INFO ][2015-11-05 15:14:46,354][com.java.SeleniumDriver] [ 1066] - ?   P A S S   ?
[INFO ][2015-11-05 15:14:46,354][com.java.SeleniumDriver] [  788] - ------------------------------------------
[INFO ][2015-11-05 15:14:46,354][com.java.SeleniumDriver] [  789] - Test case being Executed: 11
[INFO ][2015-11-05 15:14:46,354][com.java.SeleniumDriver] [  800] - Test step:28
[INFO ][2015-11-05 15:14:46,354][com.java.SeleniumDriver] [  812] - Datavalue is----------null
[DEBUG][2015-11-05 15:14:46,354][com.java.SeleniumDriver] [  830] - Exception: null
[INFO ][2015-11-05 15:14:46,354][com.java.SeleniumDriver] [  836] - DataField : BTNparent
[INFO ][2015-11-05 15:14:46,354][com.java.SeleniumDriver] [  838] - DataValue : 
[INFO ][2015-11-05 15:14:46,354][com.java.SeleniumDriver] [  844] - <In Set values of the page>
[INFO ][2015-11-05 15:14:46,354][com.java.SeleniumDriver] [  847] - {Data Fields & Data Values Exist}
[INFO ][2015-11-05 15:14:46,354][com.java.SeleniumDriver] [  849] - --------------------------setting values-----------------------------
[INFO ][2015-11-05 15:14:46,354][com.java.SeleniumDriver] [  852] - Action Type : SelectFrame
[INFO ][2015-11-05 15:14:46,364][com.java.SeleniumDriver] [  861] -  RESULT true
[INFO ][2015-11-05 15:14:46,364][com.java.SeleniumDriver] [ 1066] - ?   P A S S   ?
[INFO ][2015-11-05 15:14:46,364][com.java.SeleniumDriver] [  788] - ------------------------------------------
[INFO ][2015-11-05 15:14:46,364][com.java.SeleniumDriver] [  789] - Test case being Executed: 11
[INFO ][2015-11-05 15:14:46,364][com.java.SeleniumDriver] [  800] - Test step:29
[INFO ][2015-11-05 15:14:46,364][com.java.SeleniumDriver] [  812] - Datavalue is----------5
[INFO ][2015-11-05 15:14:46,364][com.java.SeleniumDriver] [  836] - DataField : test
[INFO ][2015-11-05 15:14:46,364][com.java.SeleniumDriver] [  838] - DataValue : 5
[INFO ][2015-11-05 15:14:46,364][com.java.SeleniumDriver] [  844] - <In Set values of the page>
[INFO ][2015-11-05 15:14:46,364][com.java.SeleniumDriver] [  847] - {Data Fields & Data Values Exist}
[INFO ][2015-11-05 15:14:46,364][com.java.SeleniumDriver] [  849] - --------------------------setting values-----------------------------
[INFO ][2015-11-05 15:14:46,364][com.java.SeleniumDriver] [  852] - Action Type : WaitTime
[DEBUG][2015-11-05 15:14:46,364][com.java.TestType] [ 3678] - sleepTime: 5000
[INFO ][2015-11-05 15:14:51,364][com.java.SeleniumDriver] [  861] -  RESULT true
[INFO ][2015-11-05 15:14:51,364][com.java.SeleniumDriver] [ 1066] - ?   P A S S   ?
[INFO ][2015-11-05 15:14:51,364][com.java.SeleniumDriver] [  788] - ------------------------------------------
[INFO ][2015-11-05 15:14:51,364][com.java.SeleniumDriver] [  789] - Test case being Executed: 11
[INFO ][2015-11-05 15:14:51,364][com.java.SeleniumDriver] [  800] - Test step:30
[INFO ][2015-11-05 15:14:51,364][com.java.SeleniumDriver] [  812] - Datavalue is----------null
[DEBUG][2015-11-05 15:14:51,364][com.java.SeleniumDriver] [  830] - Exception: null
[INFO ][2015-11-05 15:14:51,364][com.java.SeleniumDriver] [  836] - DataField : XPH//span[contains(text(), 'Finished')]
[INFO ][2015-11-05 15:14:51,364][com.java.SeleniumDriver] [  838] - DataValue : 
[INFO ][2015-11-05 15:14:51,364][com.java.SeleniumDriver] [  844] - <In Set values of the page>
[INFO ][2015-11-05 15:14:51,364][com.java.SeleniumDriver] [  847] - {Data Fields & Data Values Exist}
[INFO ][2015-11-05 15:14:51,364][com.java.SeleniumDriver] [  849] - --------------------------setting values-----------------------------
[INFO ][2015-11-05 15:14:51,364][com.java.SeleniumDriver] [  852] - Action Type : Click
[INFO ][2015-11-05 15:14:51,364][com.java.TestType] [ 4092] - Field ::XPH//span[contains(text(), 'Finished')]
[INFO ][2015-11-05 15:14:52,365][com.java.TestType] [ 4151] - BEFORE CLICK
[INFO ][2015-11-05 15:15:00,715][com.java.TestType] [ 4159] - Unable to click the object Finished button
[INFO ][2015-11-05 15:15:00,715][com.java.SeleniumDriver] [  861] -  RESULT true
[INFO ][2015-11-05 15:15:00,715][com.java.SeleniumDriver] [ 1066] - ?   P A S S   ?
[INFO ][2015-11-05 15:15:00,715][com.java.SeleniumDriver] [  788] - ------------------------------------------
[INFO ][2015-11-05 15:15:00,715][com.java.SeleniumDriver] [  789] - Test case being Executed: 11
[INFO ][2015-11-05 15:15:00,715][com.java.SeleniumDriver] [  800] - Test step:31
[INFO ][2015-11-05 15:15:00,715][com.java.SeleniumDriver] [  812] - Datavalue is----------5
[INFO ][2015-11-05 15:15:00,715][com.java.SeleniumDriver] [  836] - DataField : BTNframeDialogContent
[INFO ][2015-11-05 15:15:00,715][com.java.SeleniumDriver] [  838] - DataValue : 5
[INFO ][2015-11-05 15:15:00,715][com.java.SeleniumDriver] [  844] - <In Set values of the page>
[INFO ][2015-11-05 15:15:00,715][com.java.SeleniumDriver] [  847] - {Data Fields & Data Values Exist}
[INFO ][2015-11-05 15:15:00,715][com.java.SeleniumDriver] [  849] - --------------------------setting values-----------------------------
[INFO ][2015-11-05 15:15:00,715][com.java.SeleniumDriver] [  852] - Action Type : WaitForElement
[INFO ][2015-11-05 15:15:01,916][com.java.SeleniumDriver] [  861] -  RESULT true
[INFO ][2015-11-05 15:15:01,916][com.java.SeleniumDriver] [ 1066] - ?   P A S S   ?
[INFO ][2015-11-05 15:15:01,916][com.java.SeleniumDriver] [  788] - ------------------------------------------
[INFO ][2015-11-05 15:15:01,916][com.java.SeleniumDriver] [  789] - Test case being Executed: 11
[INFO ][2015-11-05 15:15:01,916][com.java.SeleniumDriver] [  800] - Test step:32
[INFO ][2015-11-05 15:15:01,916][com.java.SeleniumDriver] [  812] - Datavalue is----------null
[DEBUG][2015-11-05 15:15:01,916][com.java.SeleniumDriver] [  830] - Exception: null
[INFO ][2015-11-05 15:15:01,916][com.java.SeleniumDriver] [  836] - DataField : BTNframeDialogContent
[INFO ][2015-11-05 15:15:01,916][com.java.SeleniumDriver] [  838] - DataValue : 
[INFO ][2015-11-05 15:15:01,916][com.java.SeleniumDriver] [  844] - <In Set values of the page>
[INFO ][2015-11-05 15:15:01,916][com.java.SeleniumDriver] [  847] - {Data Fields & Data Values Exist}
[INFO ][2015-11-05 15:15:01,916][com.java.SeleniumDriver] [  849] - --------------------------setting values-----------------------------
[INFO ][2015-11-05 15:15:01,916][com.java.SeleniumDriver] [  852] - Action Type : SelectFrame
[INFO ][2015-11-05 15:15:03,148][com.java.SeleniumDriver] [  861] -  RESULT true
[INFO ][2015-11-05 15:15:03,148][com.java.SeleniumDriver] [ 1066] - ?   P A S S   ?
[INFO ][2015-11-05 15:15:03,148][com.java.SeleniumDriver] [  788] - ------------------------------------------
[INFO ][2015-11-05 15:15:03,148][com.java.SeleniumDriver] [  789] - Test case being Executed: 11
[INFO ][2015-11-05 15:15:03,148][com.java.SeleniumDriver] [  800] - Test step:33
[INFO ][2015-11-05 15:15:03,148][com.java.SeleniumDriver] [  812] - Datavalue is----------null
[DEBUG][2015-11-05 15:15:03,148][com.java.SeleniumDriver] [  830] - Exception: null
[INFO ][2015-11-05 15:15:03,148][com.java.SeleniumDriver] [  836] - DataField : XPH//table[@id="tblUserListing"]//td[contains(text(),'vltest.robot')]
[INFO ][2015-11-05 15:15:03,148][com.java.SeleniumDriver] [  838] - DataValue : 
[INFO ][2015-11-05 15:15:03,148][com.java.SeleniumDriver] [  844] - <In Set values of the page>
[INFO ][2015-11-05 15:15:03,148][com.java.SeleniumDriver] [  847] - {Data Fields & Data Values Exist}
[INFO ][2015-11-05 15:15:03,148][com.java.SeleniumDriver] [  849] - --------------------------setting values-----------------------------
[INFO ][2015-11-05 15:15:03,148][com.java.SeleniumDriver] [  852] - Action Type : WaitForElement
[INFO ][2015-11-05 15:15:03,208][com.java.SeleniumDriver] [  861] -  RESULT true
[INFO ][2015-11-05 15:15:03,208][com.java.SeleniumDriver] [ 1066] - ?   P A S S   ?
[INFO ][2015-11-05 15:15:03,208][com.java.SeleniumDriver] [  788] - ------------------------------------------
[INFO ][2015-11-05 15:15:03,208][com.java.SeleniumDriver] [  789] - Test case being Executed: 11
[INFO ][2015-11-05 15:15:03,208][com.java.SeleniumDriver] [  800] - Test step:34
[INFO ][2015-11-05 15:15:03,208][com.java.SeleniumDriver] [  812] - Datavalue is----------dt:NewUserName
[INFO ][2015-11-05 15:15:03,208][com.java.SeleniumDriver] [  836] - DataField : USR
[INFO ][2015-11-05 15:15:03,208][com.java.SeleniumDriver] [  838] - DataValue : dt:NewUserName
[INFO ][2015-11-05 15:15:03,208][com.java.SeleniumDriver] [  844] - <In Set values of the page>
[INFO ][2015-11-05 15:15:03,208][com.java.SeleniumDriver] [  847] - {Data Fields & Data Values Exist}
[INFO ][2015-11-05 15:15:03,208][com.java.SeleniumDriver] [  849] - --------------------------setting values-----------------------------
[INFO ][2015-11-05 15:15:03,208][com.java.SeleniumDriver] [  852] - Action Type : Verify
[INFO ][2015-11-05 15:15:03,208][com.java.TestType] [ 4905] - field= USR value= dt:NewUserName
[INFO ][2015-11-05 15:15:03,208][com.java.TestType] [ 3779] - value = vltest.robot
[INFO ][2015-11-05 15:15:03,268][com.java.SeleniumDriver] [  861] -  RESULT true
[INFO ][2015-11-05 15:15:03,268][com.java.SeleniumDriver] [ 1066] - ?   P A S S   ?
[INFO ][2015-11-05 15:15:03,268][com.java.SeleniumDriver] [  788] - ------------------------------------------
[INFO ][2015-11-05 15:15:03,268][com.java.SeleniumDriver] [  789] - Test case being Executed: 11
[INFO ][2015-11-05 15:15:03,268][com.java.SeleniumDriver] [  800] - Test step:35
[INFO ][2015-11-05 15:15:03,268][com.java.SeleniumDriver] [  812] - Datavalue is----------Login_username
[INFO ][2015-11-05 15:15:03,268][com.java.SeleniumDriver] [  836] - DataField : XPH//table[@id="tblUserListing"]//td[contains(text(),'vltest.robot')]
[INFO ][2015-11-05 15:15:03,268][com.java.SeleniumDriver] [  838] - DataValue : Login_username
[INFO ][2015-11-05 15:15:03,268][com.java.SeleniumDriver] [  844] - <In Set values of the page>
[INFO ][2015-11-05 15:15:03,268][com.java.SeleniumDriver] [  847] - {Data Fields & Data Values Exist}
[INFO ][2015-11-05 15:15:03,268][com.java.SeleniumDriver] [  849] - --------------------------setting values-----------------------------
[INFO ][2015-11-05 15:15:03,268][com.java.SeleniumDriver] [  852] - Action Type : STOREVALUE
[INFO ][2015-11-05 15:15:03,268][com.java.TestType] [ 5839] - field= XPH//table[@id="tblUserListing"]//td[contains(text(),'vltest.robot')]
[DEBUG][2015-11-05 15:15:03,368][com.java.TestType] [ 5891] - Key:: Login_username   Value:: vltest.robot.03890
[INFO ][2015-11-05 15:15:03,368][com.java.SeleniumDriver] [  861] -  RESULT true
[INFO ][2015-11-05 15:15:03,368][com.java.SeleniumDriver] [ 1066] - ?   P A S S   ?
[INFO ][2015-11-05 15:15:03,368][com.java.SeleniumDriver] [  788] - ------------------------------------------
[INFO ][2015-11-05 15:15:03,368][com.java.SeleniumDriver] [  789] - Test case being Executed: 11
[INFO ][2015-11-05 15:15:03,368][com.java.SeleniumDriver] [  800] - Test step:36
[INFO ][2015-11-05 15:15:03,368][com.java.SeleniumDriver] [  812] - Datavalue is----------null
[DEBUG][2015-11-05 15:15:03,368][com.java.SeleniumDriver] [  830] - Exception: null
[INFO ][2015-11-05 15:15:03,368][com.java.SeleniumDriver] [  836] - DataField : BTNparent
[INFO ][2015-11-05 15:15:03,368][com.java.SeleniumDriver] [  838] - DataValue : 
[INFO ][2015-11-05 15:15:03,368][com.java.SeleniumDriver] [  844] - <In Set values of the page>
[INFO ][2015-11-05 15:15:03,368][com.java.SeleniumDriver] [  847] - {Data Fields & Data Values Exist}
[INFO ][2015-11-05 15:15:03,368][com.java.SeleniumDriver] [  849] - --------------------------setting values-----------------------------
[INFO ][2015-11-05 15:15:03,368][com.java.SeleniumDriver] [  852] - Action Type : SelectFrame
[INFO ][2015-11-05 15:15:03,378][com.java.SeleniumDriver] [  861] -  RESULT true
[INFO ][2015-11-05 15:15:03,378][com.java.SeleniumDriver] [ 1066] - ?   P A S S   ?
[INFO ][2015-11-05 15:15:03,378][com.java.SeleniumDriver] [  788] - ------------------------------------------
[INFO ][2015-11-05 15:15:03,378][com.java.SeleniumDriver] [  789] - Test case being Executed: 11
[INFO ][2015-11-05 15:15:03,378][com.java.SeleniumDriver] [  800] - Test step:37
[INFO ][2015-11-05 15:15:03,378][com.java.SeleniumDriver] [  812] - Datavalue is----------null
[DEBUG][2015-11-05 15:15:03,378][com.java.SeleniumDriver] [  830] - Exception: null
[INFO ][2015-11-05 15:15:03,378][com.java.SeleniumDriver] [  836] - DataField : XPH//span[contains(text(), 'Finished')]
[INFO ][2015-11-05 15:15:03,378][com.java.SeleniumDriver] [  838] - DataValue : 
[INFO ][2015-11-05 15:15:03,378][com.java.SeleniumDriver] [  844] - <In Set values of the page>
[INFO ][2015-11-05 15:15:03,378][com.java.SeleniumDriver] [  847] - {Data Fields & Data Values Exist}
[INFO ][2015-11-05 15:15:03,378][com.java.SeleniumDriver] [  849] - --------------------------setting values-----------------------------
[INFO ][2015-11-05 15:15:03,378][com.java.SeleniumDriver] [  852] - Action Type : Click
[INFO ][2015-11-05 15:15:03,378][com.java.TestType] [ 4092] - Field ::XPH//span[contains(text(), 'Finished')]
[INFO ][2015-11-05 15:15:04,378][com.java.TestType] [ 4151] - BEFORE CLICK
[INFO ][2015-11-05 15:15:05,478][com.java.TestType] [ 4159] - Unable to click the object Finished button
[INFO ][2015-11-05 15:15:05,478][com.java.SeleniumDriver] [  861] -  RESULT true
[INFO ][2015-11-05 15:15:05,478][com.java.SeleniumDriver] [ 1066] - ?   P A S S   ?
[INFO ][2015-11-05 15:15:05,478][com.java.SeleniumDriver] [  788] - ------------------------------------------
[INFO ][2015-11-05 15:15:05,478][com.java.SeleniumDriver] [  789] - Test case being Executed: 11
[INFO ][2015-11-05 15:15:05,478][com.java.SeleniumDriver] [  800] - Test step:38
[INFO ][2015-11-05 15:15:05,478][com.java.SeleniumDriver] [  812] - Datavalue is----------Concept#3:1-2
[INFO ][2015-11-05 15:15:05,478][com.java.SeleniumDriver] [  836] - DataField : test
[INFO ][2015-11-05 15:15:05,478][com.java.SeleniumDriver] [  838] - DataValue : Concept#3:1-2
[INFO ][2015-11-05 15:15:05,478][com.java.SeleniumDriver] [  844] - <In Set values of the page>
[INFO ][2015-11-05 15:15:05,478][com.java.SeleniumDriver] [  847] - {Data Fields & Data Values Exist}
[INFO ][2015-11-05 15:15:05,478][com.java.SeleniumDriver] [  849] - --------------------------setting values-----------------------------
[INFO ][2015-11-05 15:15:05,478][com.java.SeleniumDriver] [  852] - Action Type : ExecuteTestCase
[INFO ][2015-11-05 15:15:05,478][com.java.TestType] [  414] - The Concept sheet name is ---------- Concept
[INFO ][2015-11-05 15:15:05,478][com.java.TestType] [  417] - The Concept ID  is ---------- 3
[DEBUG][2015-11-05 15:15:05,478][com.java.TestType] [  421] - Steps being executted in the Concept are: 1:2
[INFO ][2015-11-05 15:15:05,478][com.java.TestType] [  428] - Test data details path ---------- D:\BankersDashboard\TestInputs\TestData.xls
[INFO ][2015-11-05 15:15:05,499][com.java.TestType] [  459] -  str(1) = 3
[INFO ][2015-11-05 15:15:05,499][com.java.TestType] [  462] - Test case Id is---3
[INFO ][2015-11-05 15:15:05,499][com.java.TestType] [  464] - 3
[INFO ][2015-11-05 15:15:05,499][com.java.TestType] [  459] -  str(2) = 1
[INFO ][2015-11-05 15:15:05,509][com.java.TestType] [  511] - row values are--------{1=com.java.Objects.TestDataDetails@ecb4cb}
[INFO ][2015-11-05 15:15:05,509][com.java.TestType] [  459] -  str(1) = 3
[INFO ][2015-11-05 15:15:05,509][com.java.TestType] [  462] - Test case Id is---3
[INFO ][2015-11-05 15:15:05,509][com.java.TestType] [  464] - 3
[INFO ][2015-11-05 15:15:05,509][com.java.TestType] [  459] -  str(2) = 2
[INFO ][2015-11-05 15:15:05,509][com.java.TestType] [  511] - row values are--------{1=com.java.Objects.TestDataDetails@ecb4cb, 2=com.java.Objects.TestDataDetails@e8b0bf}
[INFO ][2015-11-05 15:15:05,509][com.java.TestType] [ 7928] - Looping 1TCID = 3
[DEBUG][2015-11-05 15:15:05,509][com.java.TestType] [ 7969] - Concept ID:3 :: Step being Executed: 3::1
[INFO ][2015-11-05 15:15:05,509][com.java.TestType] [ 8007] - dataFields : test
[DEBUG][2015-11-05 15:15:05,509][com.java.TestType] [ 8013] - <In Set values of the page>
[DEBUG][2015-11-05 15:15:05,509][com.java.TestType] [ 8018] - {Data Fields & Data Values Exist}
[INFO ][2015-11-05 15:15:05,509][com.java.TestType] [ 8024] - --------------------------setting values-----------------------------
[INFO ][2015-11-05 15:15:05,509][com.java.TestType] [ 8027] - Action Type : Logout
[INFO ][2015-11-05 15:15:07,664][com.java.TestType] [ 4092] - Field ::CNF
[INFO ][2015-11-05 15:15:09,967][com.java.TestType] [ 4147] - Click the object confirmation
[INFO ][2015-11-05 15:15:09,967][com.java.TestType] [ 4148] - Unable to click the object confirmation
[DEBUG][2015-11-05 15:15:09,968][com.java.SeleniumDriver] [  425] - Hub ip address is-------172.17.68.34
[INFO ][2015-11-05 15:15:09,968][com.java.SeleniumDriver] [  451] - Grid URL:http://172.17.68.34:4444/wd/hub
[INFO ][2015-11-05 15:15:09,968][com.java.SeleniumDriver] [  452] - Capability:Capabilities [{platform=ANY, ensureCleanSession=true, ignoreProtectedModeSettings=true, acceptSslCerts=true, ignoreZoomSetting=true, browserName=internet explorer, browserstack.ie.noFlash=true, version=Node1}]
[ERROR][2015-11-05 15:15:10,988][com.java.SeleniumDriver] [  496] - Unable invoke browser in grid:Could not start a new session. Possible causes are invalid address of the remote server or browser start-up failure.
Build info: version: '2.48.2', revision: '41bccdd', time: '2015-10-09 19:59:12'
System info: host: 'FVTIII438F1D', ip: '172.17.68.34', os.name: 'Windows 7', os.arch: 'x86', os.version: '6.1', java.version: '1.7.0_55'
Driver info: driver.version: SeleniumDriver
[INFO ][2015-11-05 15:15:10,988][com.java.SeleniumDriver] [  498] - Executing on local machine
[INFO ][2015-11-05 15:15:20,042][com.java.TestType] [ 8046] -  RESULT true
[INFO ][2015-11-05 15:15:20,042][com.java.TestType] [ 8163] - ?   P A S S   ?
[DEBUG][2015-11-05 15:15:20,042][com.java.TestType] [ 7969] - Concept ID:3 :: Step being Executed: 3::2
[INFO ][2015-11-05 15:15:20,042][com.java.TestType] [ 8007] - dataFields : test
[DEBUG][2015-11-05 15:15:20,042][com.java.TestType] [ 8013] - <In Set values of the page>
[DEBUG][2015-11-05 15:15:20,042][com.java.TestType] [ 8018] - {Data Fields & Data Values Exist}
[INFO ][2015-11-05 15:15:20,042][com.java.TestType] [ 8024] - --------------------------setting values-----------------------------
[INFO ][2015-11-05 15:15:20,042][com.java.TestType] [ 8027] - Action Type : WaitTime
[DEBUG][2015-11-05 15:15:20,042][com.java.TestType] [ 3678] - sleepTime: 2000
[INFO ][2015-11-05 15:15:22,043][com.java.TestType] [ 8046] -  RESULT true
[INFO ][2015-11-05 15:15:22,043][com.java.TestType] [ 8163] - ?   P A S S   ?
[INFO ][2015-11-05 15:15:22,043][com.java.TestType] [ 8234] - Looping End......
[INFO ][2015-11-05 15:15:22,043][com.java.SeleniumDriver] [  861] -  RESULT true
[INFO ][2015-11-05 15:15:22,043][com.java.SeleniumDriver] [ 1066] - ?   P A S S   ?
[INFO ][2015-11-05 15:15:22,043][com.java.SeleniumDriver] [  788] - ------------------------------------------
[INFO ][2015-11-05 15:15:22,043][com.java.SeleniumDriver] [  789] - Test case being Executed: 11
[INFO ][2015-11-05 15:15:22,043][com.java.SeleniumDriver] [  800] - Test step:39
[INFO ][2015-11-05 15:15:22,043][com.java.SeleniumDriver] [  812] - Datavalue is----------HMVLogin_username
[INFO ][2015-11-05 15:15:22,043][com.java.SeleniumDriver] [  836] - DataField : TXTusername
[INFO ][2015-11-05 15:15:22,043][com.java.SeleniumDriver] [  838] - DataValue : HMVLogin_username
[INFO ][2015-11-05 15:15:22,043][com.java.SeleniumDriver] [  844] - <In Set values of the page>
[INFO ][2015-11-05 15:15:22,043][com.java.SeleniumDriver] [  847] - {Data Fields & Data Values Exist}
[INFO ][2015-11-05 15:15:22,043][com.java.SeleniumDriver] [  849] - --------------------------setting values-----------------------------
[INFO ][2015-11-05 15:15:22,043][com.java.SeleniumDriver] [  852] - Action Type : CLEARANDENTER
[INFO ][2015-11-05 15:15:22,043][com.java.TestType] [ 3779] - value = vltest.robot.03890
[INFO ][2015-11-05 15:15:26,841][com.java.SeleniumDriver] [  861] -  RESULT true
[INFO ][2015-11-05 15:15:26,841][com.java.SeleniumDriver] [ 1066] - ?   P A S S   ?
[INFO ][2015-11-05 15:15:26,841][com.java.SeleniumDriver] [  788] - ------------------------------------------
[INFO ][2015-11-05 15:15:26,841][com.java.SeleniumDriver] [  789] - Test case being Executed: 11
[INFO ][2015-11-05 15:15:26,841][com.java.SeleniumDriver] [  800] - Test step:40
[INFO ][2015-11-05 15:15:26,841][com.java.SeleniumDriver] [  812] - Datavalue is----------dt:NewUserPswd
[INFO ][2015-11-05 15:15:26,841][com.java.SeleniumDriver] [  836] - DataField : TXTpassword
[INFO ][2015-11-05 15:15:26,841][com.java.SeleniumDriver] [  838] - DataValue : dt:NewUserPswd
[INFO ][2015-11-05 15:15:26,841][com.java.SeleniumDriver] [  844] - <In Set values of the page>
[INFO ][2015-11-05 15:15:26,841][com.java.SeleniumDriver] [  847] - {Data Fields & Data Values Exist}
[INFO ][2015-11-05 15:15:26,841][com.java.SeleniumDriver] [  849] - --------------------------setting values-----------------------------
[INFO ][2015-11-05 15:15:26,841][com.java.SeleniumDriver] [  852] - Action Type : CLEARANDENTER
[INFO ][2015-11-05 15:15:26,841][com.java.TestType] [ 3779] - value = Password1*
[INFO ][2015-11-05 15:15:31,748][com.java.SeleniumDriver] [  861] -  RESULT true
[INFO ][2015-11-05 15:15:31,748][com.java.SeleniumDriver] [ 1066] - ?   P A S S   ?
[INFO ][2015-11-05 15:15:31,748][com.java.SeleniumDriver] [  788] - ------------------------------------------
[INFO ][2015-11-05 15:15:31,748][com.java.SeleniumDriver] [  789] - Test case being Executed: 11
[INFO ][2015-11-05 15:15:31,748][com.java.SeleniumDriver] [  800] - Test step:41
[INFO ][2015-11-05 15:15:31,748][com.java.SeleniumDriver] [  812] - Datavalue is----------null
[DEBUG][2015-11-05 15:15:31,748][com.java.SeleniumDriver] [  830] - Exception: null
[INFO ][2015-11-05 15:15:31,748][com.java.SeleniumDriver] [  836] - DataField : XPH//button[@type='submit']
[INFO ][2015-11-05 15:15:31,748][com.java.SeleniumDriver] [  838] - DataValue : 
[INFO ][2015-11-05 15:15:31,748][com.java.SeleniumDriver] [  844] - <In Set values of the page>
[INFO ][2015-11-05 15:15:31,748][com.java.SeleniumDriver] [  847] - {Data Fields & Data Values Exist}
[INFO ][2015-11-05 15:15:31,748][com.java.SeleniumDriver] [  849] - --------------------------setting values-----------------------------
[INFO ][2015-11-05 15:15:31,748][com.java.SeleniumDriver] [  852] - Action Type : Click
[INFO ][2015-11-05 15:15:31,748][com.java.TestType] [ 4092] - Field ::XPH//button[@type='submit']
[INFO ][2015-11-05 15:15:32,748][com.java.TestType] [ 4151] - BEFORE CLICK
[INFO ][2015-11-05 15:15:33,568][com.java.TestType] [ 4159] - Unable to click the object Login
[INFO ][2015-11-05 15:15:33,568][com.java.SeleniumDriver] [  861] -  RESULT true
[INFO ][2015-11-05 15:15:33,568][com.java.SeleniumDriver] [ 1066] - ?   P A S S   ?
[INFO ][2015-11-05 15:15:33,568][com.java.SeleniumDriver] [  788] - ------------------------------------------
[INFO ][2015-11-05 15:15:33,568][com.java.SeleniumDriver] [  789] - Test case being Executed: 11
[INFO ][2015-11-05 15:15:33,568][com.java.SeleniumDriver] [  800] - Test step:42
[INFO ][2015-11-05 15:15:33,568][com.java.SeleniumDriver] [  812] - Datavalue is----------null
[DEBUG][2015-11-05 15:15:33,568][com.java.SeleniumDriver] [  830] - Exception: null
[INFO ][2015-11-05 15:15:33,568][com.java.SeleniumDriver] [  836] - DataField : test
[INFO ][2015-11-05 15:15:33,568][com.java.SeleniumDriver] [  838] - DataValue : 
[INFO ][2015-11-05 15:15:33,568][com.java.SeleniumDriver] [  844] - <In Set values of the page>
[INFO ][2015-11-05 15:15:33,568][com.java.SeleniumDriver] [  847] - {Data Fields & Data Values Exist}
[INFO ][2015-11-05 15:15:33,568][com.java.SeleniumDriver] [  849] - --------------------------setting values-----------------------------
[INFO ][2015-11-05 15:15:33,568][com.java.SeleniumDriver] [  852] - Action Type : WaitTime
[DEBUG][2015-11-05 15:15:33,568][com.java.TestType] [ 3678] - sleepTime: 10000
[INFO ][2015-11-05 15:15:43,572][com.java.SeleniumDriver] [  861] -  RESULT true
[INFO ][2015-11-05 15:15:43,572][com.java.SeleniumDriver] [ 1066] - ?   P A S S   ?
[INFO ][2015-11-05 15:15:43,572][com.java.SeleniumDriver] [  788] - ------------------------------------------
[INFO ][2015-11-05 15:15:43,572][com.java.SeleniumDriver] [  789] - Test case being Executed: 11
[INFO ][2015-11-05 15:15:43,572][com.java.SeleniumDriver] [  800] - Test step:43
[INFO ][2015-11-05 15:15:43,572][com.java.SeleniumDriver] [  812] - Datavalue is----------Banker'sDashboard
[INFO ][2015-11-05 15:15:43,572][com.java.SeleniumDriver] [  836] - DataField : TTL
[INFO ][2015-11-05 15:15:43,572][com.java.SeleniumDriver] [  838] - DataValue : Banker'sDashboard
[INFO ][2015-11-05 15:15:43,572][com.java.SeleniumDriver] [  844] - <In Set values of the page>
[INFO ][2015-11-05 15:15:43,572][com.java.SeleniumDriver] [  847] - {Data Fields & Data Values Exist}
[INFO ][2015-11-05 15:15:43,572][com.java.SeleniumDriver] [  849] - --------------------------setting values-----------------------------
[INFO ][2015-11-05 15:15:43,572][com.java.SeleniumDriver] [  852] - Action Type : SelectWindow
[INFO ][2015-11-05 15:15:56,143][com.java.SeleniumDriver] [  861] -  RESULT true
[INFO ][2015-11-05 15:15:56,143][com.java.SeleniumDriver] [ 1066] - ?   P A S S   ?
[INFO ][2015-11-05 15:15:56,143][com.java.SeleniumDriver] [  788] - ------------------------------------------
[INFO ][2015-11-05 15:15:56,143][com.java.SeleniumDriver] [  789] - Test case being Executed: 11
[INFO ][2015-11-05 15:15:56,143][com.java.SeleniumDriver] [  800] - Test step:44
[INFO ][2015-11-05 15:15:56,143][com.java.SeleniumDriver] [  812] - Datavalue is----------20
[INFO ][2015-11-05 15:15:56,143][com.java.SeleniumDriver] [  836] - DataField : test
[INFO ][2015-11-05 15:15:56,143][com.java.SeleniumDriver] [  838] - DataValue : 20
[INFO ][2015-11-05 15:15:56,143][com.java.SeleniumDriver] [  844] - <In Set values of the page>
[INFO ][2015-11-05 15:15:56,143][com.java.SeleniumDriver] [  847] - {Data Fields & Data Values Exist}
[INFO ][2015-11-05 15:15:56,143][com.java.SeleniumDriver] [  849] - --------------------------setting values-----------------------------
[INFO ][2015-11-05 15:15:56,143][com.java.SeleniumDriver] [  852] - Action Type : WaitTime
[DEBUG][2015-11-05 15:15:56,143][com.java.TestType] [ 3678] - sleepTime: 20000
[INFO ][2015-11-05 15:16:16,151][com.java.SeleniumDriver] [  861] -  RESULT true
[INFO ][2015-11-05 15:16:16,151][com.java.SeleniumDriver] [ 1066] - ?   P A S S   ?
[INFO ][2015-11-05 15:16:16,151][com.java.SeleniumDriver] [  788] - ------------------------------------------
[INFO ][2015-11-05 15:16:16,151][com.java.SeleniumDriver] [  789] - Test case being Executed: 11
[INFO ][2015-11-05 15:16:16,151][com.java.SeleniumDriver] [  800] - Test step:45
[INFO ][2015-11-05 15:16:16,151][com.java.SeleniumDriver] [  812] - Datavalue is----------null
[DEBUG][2015-11-05 15:16:16,151][com.java.SeleniumDriver] [  830] - Exception: null
[INFO ][2015-11-05 15:16:16,151][com.java.SeleniumDriver] [  836] - DataField : //span[@class='icon-cog2']&&User Settings
[INFO ][2015-11-05 15:16:16,151][com.java.SeleniumDriver] [  838] - DataValue : 
[INFO ][2015-11-05 15:16:16,151][com.java.SeleniumDriver] [  844] - <In Set values of the page>
[INFO ][2015-11-05 15:16:16,151][com.java.SeleniumDriver] [  847] - {Data Fields & Data Values Exist}
[INFO ][2015-11-05 15:16:16,151][com.java.SeleniumDriver] [  849] - --------------------------setting values-----------------------------
[INFO ][2015-11-05 15:16:16,151][com.java.SeleniumDriver] [  852] - Action Type : MouseOver
[INFO ][2015-11-05 15:16:45,422][com.java.SeleniumDriver] [  861] -  RESULT true
[INFO ][2015-11-05 15:16:45,422][com.java.SeleniumDriver] [ 1066] - ?   P A S S   ?
[INFO ][2015-11-05 15:16:45,422][com.java.SeleniumDriver] [  788] - ------------------------------------------
[INFO ][2015-11-05 15:16:45,422][com.java.SeleniumDriver] [  789] - Test case being Executed: 11
[INFO ][2015-11-05 15:16:45,422][com.java.SeleniumDriver] [  800] - Test step:46
[INFO ][2015-11-05 15:16:45,422][com.java.SeleniumDriver] [  812] - Datavalue is----------null
[DEBUG][2015-11-05 15:16:45,422][com.java.SeleniumDriver] [  830] - Exception: null
[INFO ][2015-11-05 15:16:45,422][com.java.SeleniumDriver] [  836] - DataField : BTNframeDialogContent
[INFO ][2015-11-05 15:16:45,422][com.java.SeleniumDriver] [  838] - DataValue : 
[INFO ][2015-11-05 15:16:45,422][com.java.SeleniumDriver] [  844] - <In Set values of the page>
[INFO ][2015-11-05 15:16:45,422][com.java.SeleniumDriver] [  847] - {Data Fields & Data Values Exist}
[INFO ][2015-11-05 15:16:45,422][com.java.SeleniumDriver] [  849] - --------------------------setting values-----------------------------
[INFO ][2015-11-05 15:16:45,422][com.java.SeleniumDriver] [  852] - Action Type : WaitForElement
[INFO ][2015-11-05 15:16:46,593][com.java.SeleniumDriver] [  861] -  RESULT true
[INFO ][2015-11-05 15:16:46,593][com.java.SeleniumDriver] [ 1066] - ?   P A S S   ?
[INFO ][2015-11-05 15:16:46,593][com.java.SeleniumDriver] [  788] - ------------------------------------------
[INFO ][2015-11-05 15:16:46,593][com.java.SeleniumDriver] [  789] - Test case being Executed: 11
[INFO ][2015-11-05 15:16:46,593][com.java.SeleniumDriver] [  800] - Test step:47
[INFO ][2015-11-05 15:16:46,593][com.java.SeleniumDriver] [  812] - Datavalue is----------frameDialogContent
[INFO ][2015-11-05 15:16:46,593][com.java.SeleniumDriver] [  836] - DataField : BTN
[INFO ][2015-11-05 15:16:46,593][com.java.SeleniumDriver] [  838] - DataValue : frameDialogContent
[INFO ][2015-11-05 15:16:46,593][com.java.SeleniumDriver] [  844] - <In Set values of the page>
[INFO ][2015-11-05 15:16:46,593][com.java.SeleniumDriver] [  847] - {Data Fields & Data Values Exist}
[INFO ][2015-11-05 15:16:46,593][com.java.SeleniumDriver] [  849] - --------------------------setting values-----------------------------
[INFO ][2015-11-05 15:16:46,593][com.java.SeleniumDriver] [  852] - Action Type : SELECTFRAMEBYNAME
[INFO ][2015-11-05 15:16:46,593][com.java.TestType] [ 3779] - value = frameDialogContent
[INFO ][2015-11-05 15:16:46,654][com.java.SeleniumDriver] [  861] -  RESULT true
[INFO ][2015-11-05 15:16:46,654][com.java.SeleniumDriver] [ 1066] - ?   P A S S   ?
[INFO ][2015-11-05 15:16:46,654][com.java.SeleniumDriver] [  788] - ------------------------------------------
[INFO ][2015-11-05 15:16:46,654][com.java.SeleniumDriver] [  789] - Test case being Executed: 11
[INFO ][2015-11-05 15:16:46,654][com.java.SeleniumDriver] [  800] - Test step:48
[INFO ][2015-11-05 15:16:46,654][com.java.SeleniumDriver] [  812] - Datavalue is----------No
[INFO ][2015-11-05 15:16:46,654][com.java.SeleniumDriver] [  836] - DataField : SLBddlOpenBDInNewWindow
[INFO ][2015-11-05 15:16:46,654][com.java.SeleniumDriver] [  838] - DataValue : No
[INFO ][2015-11-05 15:16:46,654][com.java.SeleniumDriver] [  844] - <In Set values of the page>
[INFO ][2015-11-05 15:16:46,654][com.java.SeleniumDriver] [  847] - {Data Fields & Data Values Exist}
[INFO ][2015-11-05 15:16:46,654][com.java.SeleniumDriver] [  849] - --------------------------setting values-----------------------------
[INFO ][2015-11-05 15:16:46,654][com.java.SeleniumDriver] [  852] - Action Type : Select
[INFO ][2015-11-05 15:16:46,654][com.java.TestType] [ 3779] - value = No
[INFO ][2015-11-05 15:16:48,936][com.java.SeleniumDriver] [  861] -  RESULT true
[INFO ][2015-11-05 15:16:48,936][com.java.SeleniumDriver] [ 1066] - ?   P A S S   ?
[INFO ][2015-11-05 15:16:48,936][com.java.SeleniumDriver] [  788] - ------------------------------------------
[INFO ][2015-11-05 15:16:48,936][com.java.SeleniumDriver] [  789] - Test case being Executed: 11
[INFO ][2015-11-05 15:16:48,936][com.java.SeleniumDriver] [  800] - Test step:49
[INFO ][2015-11-05 15:16:48,936][com.java.SeleniumDriver] [  812] - Datavalue is----------null
[DEBUG][2015-11-05 15:16:48,936][com.java.SeleniumDriver] [  830] - Exception: null
[INFO ][2015-11-05 15:16:48,936][com.java.SeleniumDriver] [  836] - DataField : BTNparent
[INFO ][2015-11-05 15:16:48,936][com.java.SeleniumDriver] [  838] - DataValue : 
[INFO ][2015-11-05 15:16:48,936][com.java.SeleniumDriver] [  844] - <In Set values of the page>
[INFO ][2015-11-05 15:16:48,936][com.java.SeleniumDriver] [  847] - {Data Fields & Data Values Exist}
[INFO ][2015-11-05 15:16:48,936][com.java.SeleniumDriver] [  849] - --------------------------setting values-----------------------------
[INFO ][2015-11-05 15:16:48,936][com.java.SeleniumDriver] [  852] - Action Type : SELECTFRAME
[INFO ][2015-11-05 15:16:48,946][com.java.SeleniumDriver] [  861] -  RESULT true
[INFO ][2015-11-05 15:16:48,946][com.java.SeleniumDriver] [ 1066] - ?   P A S S   ?
[INFO ][2015-11-05 15:16:48,946][com.java.SeleniumDriver] [  788] - ------------------------------------------
[INFO ][2015-11-05 15:16:48,946][com.java.SeleniumDriver] [  789] - Test case being Executed: 11
[INFO ][2015-11-05 15:16:48,946][com.java.SeleniumDriver] [  800] - Test step:50
[INFO ][2015-11-05 15:16:48,946][com.java.SeleniumDriver] [  812] - Datavalue is----------null
[DEBUG][2015-11-05 15:16:48,946][com.java.SeleniumDriver] [  830] - Exception: null
[INFO ][2015-11-05 15:16:48,946][com.java.SeleniumDriver] [  836] - DataField : BTN//span[text()='Finished']
[INFO ][2015-11-05 15:16:48,946][com.java.SeleniumDriver] [  838] - DataValue : 
[INFO ][2015-11-05 15:16:48,946][com.java.SeleniumDriver] [  844] - <In Set values of the page>
[INFO ][2015-11-05 15:16:48,946][com.java.SeleniumDriver] [  847] - {Data Fields & Data Values Exist}
[INFO ][2015-11-05 15:16:48,946][com.java.SeleniumDriver] [  849] - --------------------------setting values-----------------------------
[INFO ][2015-11-05 15:16:48,946][com.java.SeleniumDriver] [  852] - Action Type : Click
[INFO ][2015-11-05 15:16:48,946][com.java.TestType] [ 4092] - Field ::BTN//span[text()='Finished']
[INFO ][2015-11-05 15:16:49,946][com.java.TestType] [ 4130] - BEFORE CLICK
[INFO ][2015-11-05 15:16:50,217][com.java.TestType] [ 4137] - Unable to click the object Finished button
[INFO ][2015-11-05 15:16:50,217][com.java.SeleniumDriver] [  861] -  RESULT true
[INFO ][2015-11-05 15:16:50,217][com.java.SeleniumDriver] [ 1066] - ?   P A S S   ?
[INFO ][2015-11-05 15:16:50,217][com.java.SeleniumDriver] [  788] - ------------------------------------------
[INFO ][2015-11-05 15:16:50,217][com.java.SeleniumDriver] [  789] - Test case being Executed: 11
[INFO ][2015-11-05 15:16:50,217][com.java.SeleniumDriver] [  800] - Test step:51
[INFO ][2015-11-05 15:16:50,217][com.java.SeleniumDriver] [  812] - Datavalue is----------Logout
[INFO ][2015-11-05 15:16:50,217][com.java.SeleniumDriver] [  836] - DataField : LNK
[INFO ][2015-11-05 15:16:50,217][com.java.SeleniumDriver] [  838] - DataValue : Logout
[INFO ][2015-11-05 15:16:50,217][com.java.SeleniumDriver] [  844] - <In Set values of the page>
[INFO ][2015-11-05 15:16:50,217][com.java.SeleniumDriver] [  847] - {Data Fields & Data Values Exist}
[INFO ][2015-11-05 15:16:50,217][com.java.SeleniumDriver] [  849] - --------------------------setting values-----------------------------
[INFO ][2015-11-05 15:16:50,217][com.java.SeleniumDriver] [  852] - Action Type : Verify
[INFO ][2015-11-05 15:16:50,217][com.java.TestType] [ 4905] - field= LNK value= Logout
[INFO ][2015-11-05 15:16:50,217][com.java.TestType] [ 3779] - value = Logout
[INFO ][2015-11-05 15:16:50,287][com.java.SeleniumDriver] [  861] -  RESULT true
[INFO ][2015-11-05 15:16:50,287][com.java.SeleniumDriver] [ 1066] - ?   P A S S   ?
[INFO ][2015-11-05 15:16:50,287][com.java.SeleniumDriver] [  788] - ------------------------------------------
[INFO ][2015-11-05 15:16:50,287][com.java.SeleniumDriver] [  789] - Test case being Executed: 11
[INFO ][2015-11-05 15:16:50,287][com.java.SeleniumDriver] [  800] - Test step:52
[INFO ][2015-11-05 15:16:50,287][com.java.SeleniumDriver] [  812] - Datavalue is----------//img[contains(@src,'bdlogo.jpg')]
[INFO ][2015-11-05 15:16:50,287][com.java.SeleniumDriver] [  836] - DataField : BTN
[INFO ][2015-11-05 15:16:50,287][com.java.SeleniumDriver] [  838] - DataValue : //img[contains(@src,'bdlogo.jpg')]
[INFO ][2015-11-05 15:16:50,287][com.java.SeleniumDriver] [  844] - <In Set values of the page>
[INFO ][2015-11-05 15:16:50,287][com.java.SeleniumDriver] [  847] - {Data Fields & Data Values Exist}
[INFO ][2015-11-05 15:16:50,287][com.java.SeleniumDriver] [  849] - --------------------------setting values-----------------------------
[INFO ][2015-11-05 15:16:50,287][com.java.SeleniumDriver] [  852] - Action Type : Verify
[INFO ][2015-11-05 15:16:50,287][com.java.TestType] [ 4905] - field= BTN value= //img[contains(@src,'bdlogo.jpg')]
[INFO ][2015-11-05 15:16:50,287][com.java.TestType] [ 3779] - value = //img[contains(@src,'bdlogo.jpg')]
[INFO ][2015-11-05 15:16:50,347][com.java.SeleniumDriver] [  861] -  RESULT true
[INFO ][2015-11-05 15:16:50,347][com.java.SeleniumDriver] [ 1066] - ?   P A S S   ?
[INFO ][2015-11-05 15:16:50,347][com.java.SeleniumDriver] [  788] - ------------------------------------------
[INFO ][2015-11-05 15:16:50,347][com.java.SeleniumDriver] [  789] - Test case being Executed: 11
[INFO ][2015-11-05 15:16:50,347][com.java.SeleniumDriver] [  800] - Test step:53
[INFO ][2015-11-05 15:16:50,347][com.java.SeleniumDriver] [  812] - Datavalue is----------null
[DEBUG][2015-11-05 15:16:50,347][com.java.SeleniumDriver] [  830] - Exception: null
[INFO ][2015-11-05 15:16:50,347][com.java.SeleniumDriver] [  836] - DataField : null
[INFO ][2015-11-05 15:16:50,347][com.java.SeleniumDriver] [  838] - DataValue : 
[INFO ][2015-11-05 15:16:50,347][com.java.SeleniumDriver] [  844] - <In Set values of the page>
[INFO ][2015-11-05 15:16:50,347][com.java.SeleniumDriver] [  847] - {Data Fields & Data Values Exist}
[INFO ][2015-11-05 15:16:50,347][com.java.SeleniumDriver] [  849] - --------------------------setting values-----------------------------
[INFO ][2015-11-05 15:16:50,347][com.java.SeleniumDriver] [  852] - Action Type : OPENNEWBROWSER
[DEBUG][2015-11-05 15:16:53,682][com.java.SeleniumDriver] [  425] - Hub ip address is-------172.17.68.34
[INFO ][2015-11-05 15:16:53,682][com.java.SeleniumDriver] [  451] - Grid URL:http://172.17.68.34:4444/wd/hub
[INFO ][2015-11-05 15:16:53,682][com.java.SeleniumDriver] [  452] - Capability:Capabilities [{platform=ANY, ensureCleanSession=true, ignoreProtectedModeSettings=true, acceptSslCerts=true, ignoreZoomSetting=true, browserName=internet explorer, browserstack.ie.noFlash=true, version=Node1}]
[ERROR][2015-11-05 15:16:54,693][com.java.SeleniumDriver] [  496] - Unable invoke browser in grid:Could not start a new session. Possible causes are invalid address of the remote server or browser start-up failure.
Build info: version: '2.48.2', revision: '41bccdd', time: '2015-10-09 19:59:12'
System info: host: 'FVTIII438F1D', ip: '172.17.68.34', os.name: 'Windows 7', os.arch: 'x86', os.version: '6.1', java.version: '1.7.0_55'
Driver info: driver.version: SeleniumDriver
[INFO ][2015-11-05 15:16:54,693][com.java.SeleniumDriver] [  498] - Executing on local machine
[INFO ][2015-11-05 15:17:03,570][com.java.TestType] [ 4905] - field= null value= 
[DEBUG][2015-11-05 15:17:03,570][com.java.TestType] [  798] - Unable to perform actionnull
[ERROR][2015-11-05 15:17:03,570][com.java.TestType] [  799] - Exception: null
[INFO ][2015-11-05 15:17:03,570][com.java.SeleniumDriver] [  861] -  RESULT false
[INFO ][2015-11-05 15:17:03,570][com.java.SeleniumDriver] [  908] - ?   F A I L   ?
[INFO ][2015-11-05 15:17:03,570][com.java.SeleniumDriver] [  916] - Browser Type : IE11
[INFO ][2015-11-05 15:17:03,570][com.java.SeleniumDriver] [  917] - Adding Failed case11
[INFO ][2015-11-05 15:17:04,191][com.java.SeleniumDriver] [ 1030] - failedCases = 11
[ERROR][2015-11-05 15:17:04,191][com.java.SeleniumDriver] [ 1516] - Platform Errors : Our apologies...::We have encountered an issue with your request.::Our apologies?:We encountered an issue with your request.
[INFO ][2015-11-05 15:17:04,191][com.java.SeleniumDriver] [ 1520] - Length =3
[ERROR][2015-11-05 15:17:04,191][com.java.SeleniumDriver] [ 1523] - Error 0 = Our apologies...
[ERROR][2015-11-05 15:17:04,211][com.java.SeleniumDriver] [ 1523] - Error 1 = We have encountered an issue with your request.
[ERROR][2015-11-05 15:17:04,231][com.java.SeleniumDriver] [ 1523] - Error 2 = Our apologies?:We encountered an issue with your request.
[DEBUG][2015-11-05 15:17:04,261][com.java.SeleniumDriver] [ 1168] - Case found
[DEBUG][2015-11-05 15:17:04,261][com.java.SeleniumDriver] [ 1173] - Incrementing ReportCounters[0]:2
[INFO ][2015-11-05 15:17:04,261][com.java.SeleniumDriver] [ 1192] - The results are-------------------[11, 53, Manage Users: Add User, Fail, 
Test case failed at Step No. :: 53. Screen Shot : D:\BankersDashboard\TestReports\110515\11_110515_151703_IE11.png, Thu Nov 05 15:17:04 IST 2015]
[INFO ][2015-11-05 15:17:04,261][com.java.SeleniumDriver] [ 1196] - End time is-------5 min 47 sec
[INFO ][2015-11-05 15:17:04,261][com.java.SeleniumDriver] [ 1197] - The results are-------------------[11, 53, Manage Users: Add User, Fail, 
Test case failed at Step No. :: 53. Screen Shot : D:\BankersDashboard\TestReports\110515\11_110515_151703_IE11.png, Thu Nov 05 15:17:04 IST 2015]
[DEBUG][2015-11-05 15:17:04,261][com.java.ImportnExport.ExportTestResultsExcel] [  222] - testResultPath = D:\BankersDashboard/TestReports/Test Results_BankersDashBoard_110515_151118_IE11_Simmons First National Bank.xls
[DEBUG][2015-11-05 15:17:04,261][com.java.ImportnExport.ExportTestResultsExcel] [  223] - browser is------------IE11
[DEBUG][2015-11-05 15:17:04,261][com.java.ImportnExport.ExportTestResultsExcel] [  270] - result.size() = 6
[DEBUG][2015-11-05 15:17:04,261][com.java.ImportnExport.ExportTestResultsExcel] [  274] - No of rows in sheet=2
[DEBUG][2015-11-05 15:17:04,261][com.java.ImportnExport.ExportTestResultsExcel] [  301] - ..in export..11
[DEBUG][2015-11-05 15:17:04,261][com.java.ImportnExport.ExportTestResultsExcel] [  301] - ..in export..Manage Users: Add User
[DEBUG][2015-11-05 15:17:04,261][com.java.ImportnExport.ExportTestResultsExcel] [  301] - ..in export..Fail
[DEBUG][2015-11-05 15:17:04,261][com.java.ImportnExport.ExportTestResultsExcel] [  301] - ..in export..
Test case failed at Step No. :: 53. Screen Shot : D:\BankersDashboard\TestReports\110515\11_110515_151703_IE11.png
[DEBUG][2015-11-05 15:17:04,261][com.java.ImportnExport.ExportTestResultsExcel] [  301] - ..in export..Thu Nov 05 15:17:04 IST 2015
[INFO ][2015-11-05 15:17:04,261][com.java.SeleniumDriver] [ 1255] - out loop:1 size:2 TestCases:[1, 11] testcases:[1, 11]
[INFO ][2015-11-05 15:17:06,261][com.java.SeleniumDriver] [ 1297] - Total Number of Cases:2
[INFO ][2015-11-05 15:17:06,261][com.java.TemplateGenerator] [  302] - Executed:2
[INFO ][2015-11-05 15:17:06,261][com.java.TemplateGenerator] [  303] - Passed:1
[INFO ][2015-11-05 15:17:06,261][com.java.TemplateGenerator] [  304] - Failed:1
[INFO ][2015-11-05 15:17:06,261][com.java.TemplateGenerator] [  305] - Skipeed:0
[INFO ][2015-11-05 15:17:06,261][com.java.TemplateGenerator] [  306] - Application URL:https://clients-xuat.bankersdashboard.com
[INFO ][2015-11-05 15:17:06,261][com.java.TemplateGenerator] [  307] - Start Time:110515_151118
[INFO ][2015-11-05 15:17:06,261][com.java.TemplateGenerator] [  308] -  Creating HTML Report 
[ERROR][2015-11-05 15:17:06,261][com.java.TemplateGenerator] [  409] - Unparseable date: "Thu Nov 05 03:11:18 IST 2015"
[INFO ][2015-11-05 15:17:06,261][com.java.TemplateGenerator] [  654] -  Exporting case :: 1
[INFO ][2015-11-05 15:17:06,261][com.java.TemplateGenerator] [  654] -  Exporting case :: 11
[INFO ][2015-11-05 15:17:06,261][com.java.SeleniumDriver] [ 1346] - End Time:110515_151706
[INFO ][2015-11-05 15:17:06,261][com.java.SeleniumDriver] [ 1349] - Data in Test Execution Details:{1=PASS, 11=FAILTest case failed at Step No. :: 53}
[INFO ][2015-11-05 15:17:06,261][com.java.SeleniumDriver] [ 1350] - Data in Failed Execution Deatils:{}
[INFO ][2015-11-05 15:17:06,261][com.java.SeleniumDriver] [ 1352] - ReportCounter:Total:2 :: PASS: 1 ::FAIL: 1
[INFO ][2015-11-05 15:17:06,261][com.java.SeleniumDriver] [ 1353] - FailedReportCounter:Total:0 :: PASS: 0 ::FAIL: 0
[INFO ][2015-11-05 15:17:06,262][com.java.EmailTestReport] [   63] - Sending report mail details:
[INFO ][2015-11-05 15:17:06,262][com.java.EmailTestReport] [   80] - Excel Report Path:D:\BankersDashboard/TestReports/Test Results_BankersDashBoard_110515_151118_IE11_Simmons First National Bank.xls
[INFO ][2015-11-05 15:17:06,262][com.java.EmailTestReport] [   81] - HTML Report Path:D:\BankersDashboard//TestReports//Test Results_BankersDashBoard_110515_151118_IE11_Simmons First National Bank.html
[INFO ][2015-11-05 15:17:06,262][com.java.EmailTestReport] [   82] - smtpHostName:mail01.valuelabs.com
[INFO ][2015-11-05 15:17:06,262][com.java.EmailTestReport] [   83] - Recipient:venkateswararao.gubbala@valuelabs.com
[INFO ][2015-11-05 15:17:06,262][com.java.EmailTestReport] [   84] - From:venkateswararao.gubbala@valuelabs.com
[INFO ][2015-11-05 15:17:06,262][com.java.EmailTestReport] [   85] - Subject:Deluxe Corp Bankers Dashboard Automation Test Report - Simmons First National Bank - IE11
[INFO ][2015-11-05 15:17:06,282][com.java.EmailTestReport] [  143] -  Added venkateswararao.gubbala@valuelabs.com
[INFO ][2015-11-05 15:17:09,722][com.java.SeleniumDriver] [  719] - quitting the browser 
[INFO ][2015-11-05 15:17:10,832][com.java.SeleniumDriver] [  263] - Execution Completed Stopping the thread
