[INFO ][2016-01-14 12:59:43,720][com.java.SeleniumDriver] [  213] - Execute Failed Casesfalse
[INFO ][2016-01-14 12:59:43,721][com.java.SeleniumDriver] [  214] - Browser: IE10
[INFO ][2016-01-14 12:59:43,721][com.java.SeleniumDriver] [  215] - [1, 12]
[INFO ][2016-01-14 12:59:43,721][com.java.SeleniumDriver] [  216] - Total TestCases:2
[INFO ][2016-01-14 12:59:43,721][com.java.SeleniumDriver] [  217] -  Reading Properties from Property File 
[DEBUG][2016-01-14 12:59:43,721][com.java.SeleniumDriver] [  238] - url : https://clients-xuat.bankersdashboard.com
[INFO ][2016-01-14 12:59:43,722][com.java.ImportnExport.ExportTestResultsExcel] [  116] - Time Stamp Thu Jan 14 12:59:43 IST 2016
[INFO ][2016-01-14 12:59:43,723][com.java.ImportnExport.ExportTestResultsExcel] [  175] - OUT FILE : D:\BankersDashboard/TestReports/Test Results_BankersDashBoard_011416_125943_IE10_Any Bank USA.xls
[INFO ][2016-01-14 12:59:43,753][com.java.ImportnExport.ExportTestResultsExcel] [  180] - Test Result file is created
[DEBUG][2016-01-14 12:59:43,863][com.java.SeleniumDriver] [  426] - Hub ip address is-------172.17.68.34
[INFO ][2016-01-14 12:59:43,864][com.java.SeleniumDriver] [  452] - Grid URL:http://172.17.68.34:4444/wd/hub
[INFO ][2016-01-14 12:59:43,864][com.java.SeleniumDriver] [  453] - Capability:Capabilities [{platform=ANY, ensureCleanSession=true, ignoreProtectedModeSettings=true, acceptSslCerts=true, ignoreZoomSetting=true, browserName=internet explorer, browserstack.ie.noFlash=true, version=null}]
[ERROR][2016-01-14 12:59:45,193][com.java.SeleniumDriver] [  498] - Unable invoke browser in grid:Could not start a new session. Possible causes are invalid address of the remote server or browser start-up failure.
Build info: version: '2.48.2', revision: '41bccdd', time: '2015-10-09 19:59:12'
System info: host: 'FVTIII438F1D', ip: '172.17.68.34', os.name: 'Windows 7', os.arch: 'x86', os.version: '6.1', java.version: '1.7.0_55'
Driver info: driver.version: SeleniumDriver
[INFO ][2016-01-14 12:59:45,193][com.java.SeleniumDriver] [  500] - Executing on local machine
[INFO ][2016-01-14 12:59:55,739][com.java.SeleniumDriver] [  248] - IE10is opened
[INFO ][2016-01-14 12:59:56,381][com.java.SeleniumDriver] [  756] - Test cases to be executed are: [1, 12]
[INFO ][2016-01-14 12:59:56,403][com.java.ImportnExport.ImportTestDataDetailsExcel] [   49] - test data details path===== D:\BankersDashboard\TestInputs\TestData.xls
[INFO ][2016-01-14 12:59:56,507][com.java.SeleniumDriver] [  856] - ------------------------------------------
[INFO ][2016-01-14 12:59:56,507][com.java.SeleniumDriver] [  857] - Test case being Executed: 1
[INFO ][2016-01-14 12:59:56,507][com.java.SeleniumDriver] [  869] - Test step:1
[INFO ][2016-01-14 12:59:56,507][com.java.SeleniumDriver] [  881] - Datavalue is----------Concept#1:1-16
[INFO ][2016-01-14 12:59:56,507][com.java.SeleniumDriver] [  905] - DataField : test
[INFO ][2016-01-14 12:59:56,508][com.java.SeleniumDriver] [  907] - DataValue : Concept#1:1-16
[INFO ][2016-01-14 12:59:56,508][com.java.SeleniumDriver] [  913] - <In Set values of the page>
[INFO ][2016-01-14 12:59:56,508][com.java.SeleniumDriver] [  916] - {Data Fields & Data Values Exist}
[INFO ][2016-01-14 12:59:56,508][com.java.SeleniumDriver] [  918] - --------------------------setting values-----------------------------
[INFO ][2016-01-14 12:59:56,508][com.java.SeleniumDriver] [  921] - Action Type : ExecuteTestCase
[INFO ][2016-01-14 12:59:56,526][com.java.TestType] [  437] - The Concept sheet name is ---------- Concept
[INFO ][2016-01-14 12:59:56,526][com.java.TestType] [  440] - The Concept ID  is ---------- 1
[DEBUG][2016-01-14 12:59:56,527][com.java.TestType] [  444] - Steps being executted in the Concept are: 1:16
[INFO ][2016-01-14 12:59:56,527][com.java.TestType] [  451] - Test data details path ---------- D:\BankersDashboard\TestInputs\TestData.xls
[INFO ][2016-01-14 12:59:56,565][com.java.TestType] [  482] -  str(1) = 1
[INFO ][2016-01-14 12:59:56,565][com.java.TestType] [  485] - Test case Id is---1
[INFO ][2016-01-14 12:59:56,565][com.java.TestType] [  487] - 1
[INFO ][2016-01-14 12:59:56,566][com.java.TestType] [  482] -  str(2) = 1
[INFO ][2016-01-14 12:59:56,568][com.java.TestType] [  482] -  str(1) = 1
[INFO ][2016-01-14 12:59:56,568][com.java.TestType] [  485] - Test case Id is---1
[INFO ][2016-01-14 12:59:56,568][com.java.TestType] [  487] - 1
[INFO ][2016-01-14 12:59:56,569][com.java.TestType] [  482] -  str(2) = 2
[INFO ][2016-01-14 12:59:56,572][com.java.TestType] [  482] -  str(1) = 1
[INFO ][2016-01-14 12:59:56,572][com.java.TestType] [  485] - Test case Id is---1
[INFO ][2016-01-14 12:59:56,572][com.java.TestType] [  487] - 1
[INFO ][2016-01-14 12:59:56,572][com.java.TestType] [  482] -  str(2) = 3
[INFO ][2016-01-14 12:59:56,573][com.java.TestType] [  482] -  str(1) = 1
[INFO ][2016-01-14 12:59:56,573][com.java.TestType] [  485] - Test case Id is---1
[INFO ][2016-01-14 12:59:56,574][com.java.TestType] [  487] - 1
[INFO ][2016-01-14 12:59:56,574][com.java.TestType] [  482] -  str(2) = 4
[INFO ][2016-01-14 12:59:56,575][com.java.TestType] [  482] -  str(1) = 1
[INFO ][2016-01-14 12:59:56,575][com.java.TestType] [  485] - Test case Id is---1
[INFO ][2016-01-14 12:59:56,575][com.java.TestType] [  487] - 1
[INFO ][2016-01-14 12:59:56,575][com.java.TestType] [  482] -  str(2) = 5
[INFO ][2016-01-14 12:59:56,576][com.java.TestType] [  482] -  str(1) = 1
[INFO ][2016-01-14 12:59:56,576][com.java.TestType] [  485] - Test case Id is---1
[INFO ][2016-01-14 12:59:56,576][com.java.TestType] [  487] - 1
[INFO ][2016-01-14 12:59:56,577][com.java.TestType] [  482] -  str(2) = 6
[INFO ][2016-01-14 12:59:56,578][com.java.TestType] [  482] -  str(1) = 1
[INFO ][2016-01-14 12:59:56,578][com.java.TestType] [  485] - Test case Id is---1
[INFO ][2016-01-14 12:59:56,578][com.java.TestType] [  487] - 1
[INFO ][2016-01-14 12:59:56,578][com.java.TestType] [  482] -  str(2) = 7
[INFO ][2016-01-14 12:59:56,579][com.java.TestType] [  482] -  str(1) = 1
[INFO ][2016-01-14 12:59:56,579][com.java.TestType] [  485] - Test case Id is---1
[INFO ][2016-01-14 12:59:56,579][com.java.TestType] [  487] - 1
[INFO ][2016-01-14 12:59:56,579][com.java.TestType] [  482] -  str(2) = 8
[INFO ][2016-01-14 12:59:56,580][com.java.TestType] [  482] -  str(1) = 1
[INFO ][2016-01-14 12:59:56,580][com.java.TestType] [  485] - Test case Id is---1
[INFO ][2016-01-14 12:59:56,580][com.java.TestType] [  487] - 1
[INFO ][2016-01-14 12:59:56,580][com.java.TestType] [  482] -  str(2) = 9
[INFO ][2016-01-14 12:59:56,582][com.java.TestType] [  482] -  str(1) = 1
[INFO ][2016-01-14 12:59:56,582][com.java.TestType] [  485] - Test case Id is---1
[INFO ][2016-01-14 12:59:56,582][com.java.TestType] [  487] - 1
[INFO ][2016-01-14 12:59:56,582][com.java.TestType] [  482] -  str(2) = 10
[INFO ][2016-01-14 12:59:56,583][com.java.TestType] [  482] -  str(1) = 1
[INFO ][2016-01-14 12:59:56,583][com.java.TestType] [  485] - Test case Id is---1
[INFO ][2016-01-14 12:59:56,583][com.java.TestType] [  487] - 1
[INFO ][2016-01-14 12:59:56,583][com.java.TestType] [  482] -  str(2) = 11
[INFO ][2016-01-14 12:59:56,584][com.java.TestType] [  482] -  str(1) = 1
[INFO ][2016-01-14 12:59:56,584][com.java.TestType] [  485] - Test case Id is---1
[INFO ][2016-01-14 12:59:56,584][com.java.TestType] [  487] - 1
[INFO ][2016-01-14 12:59:56,584][com.java.TestType] [  482] -  str(2) = 12
[INFO ][2016-01-14 12:59:56,585][com.java.TestType] [  482] -  str(1) = 1
[INFO ][2016-01-14 12:59:56,585][com.java.TestType] [  485] - Test case Id is---1
[INFO ][2016-01-14 12:59:56,585][com.java.TestType] [  487] - 1
[INFO ][2016-01-14 12:59:56,585][com.java.TestType] [  482] -  str(2) = 13
[INFO ][2016-01-14 12:59:56,586][com.java.TestType] [  482] -  str(1) = 1
[INFO ][2016-01-14 12:59:56,586][com.java.TestType] [  485] - Test case Id is---1
[INFO ][2016-01-14 12:59:56,586][com.java.TestType] [  487] - 1
[INFO ][2016-01-14 12:59:56,586][com.java.TestType] [  482] -  str(2) = 14
[INFO ][2016-01-14 12:59:56,587][com.java.TestType] [  482] -  str(1) = 1
[INFO ][2016-01-14 12:59:56,587][com.java.TestType] [  485] - Test case Id is---1
[INFO ][2016-01-14 12:59:56,587][com.java.TestType] [  487] - 1
[INFO ][2016-01-14 12:59:56,588][com.java.TestType] [  482] -  str(2) = 15
[INFO ][2016-01-14 12:59:56,588][com.java.TestType] [  482] -  str(1) = 1
[INFO ][2016-01-14 12:59:56,588][com.java.TestType] [  485] - Test case Id is---1
[INFO ][2016-01-14 12:59:56,588][com.java.TestType] [  487] - 1
[INFO ][2016-01-14 12:59:56,588][com.java.TestType] [  482] -  str(2) = 16
[INFO ][2016-01-14 12:59:56,589][com.java.TestType] [11310] - Looping 1TCID = 1
[DEBUG][2016-01-14 12:59:56,589][com.java.TestType] [11351] - Concept ID:1 :: Step being Executed: 1::1
[INFO ][2016-01-14 12:59:56,589][com.java.TestType] [11389] - dataFields : TXTusername
[DEBUG][2016-01-14 12:59:56,591][com.java.TestType] [11395] - <In Set values of the page>
[DEBUG][2016-01-14 12:59:56,592][com.java.TestType] [11400] - {Data Fields & Data Values Exist}
[INFO ][2016-01-14 12:59:56,592][com.java.TestType] [11406] - --------------------------setting values-----------------------------
[INFO ][2016-01-14 12:59:56,592][com.java.TestType] [11409] - Action Type : CLEARANDENTER
[INFO ][2016-01-14 12:59:58,895][com.java.TestType] [ 6136] - value = naresh.nayini.00000
[INFO ][2016-01-14 13:00:01,307][com.java.TestType] [11428] -  RESULT true
[INFO ][2016-01-14 13:00:01,307][com.java.TestType] [11545] - ?   P A S S   ?
[DEBUG][2016-01-14 13:00:01,307][com.java.TestType] [11351] - Concept ID:1 :: Step being Executed: 1::2
[INFO ][2016-01-14 13:00:01,307][com.java.TestType] [11389] - dataFields : TXTpassword
[DEBUG][2016-01-14 13:00:01,308][com.java.TestType] [11395] - <In Set values of the page>
[DEBUG][2016-01-14 13:00:01,308][com.java.TestType] [11400] - {Data Fields & Data Values Exist}
[INFO ][2016-01-14 13:00:01,308][com.java.TestType] [11406] - --------------------------setting values-----------------------------
[INFO ][2016-01-14 13:00:01,308][com.java.TestType] [11409] - Action Type : CLEARANDENTER
[INFO ][2016-01-14 13:00:03,588][com.java.TestType] [ 6136] - value = Password1*
[INFO ][2016-01-14 13:00:06,132][com.java.TestType] [11428] -  RESULT true
[INFO ][2016-01-14 13:00:06,132][com.java.TestType] [11545] - ?   P A S S   ?
[DEBUG][2016-01-14 13:00:06,132][com.java.TestType] [11351] - Concept ID:1 :: Step being Executed: 1::3
[ERROR][2016-01-14 13:00:06,132][com.java.TestType] [11384] - Exception: null
[INFO ][2016-01-14 13:00:06,132][com.java.TestType] [11389] - dataFields : XPH//button[@type='submit']
[DEBUG][2016-01-14 13:00:06,132][com.java.TestType] [11395] - <In Set values of the page>
[DEBUG][2016-01-14 13:00:06,133][com.java.TestType] [11400] - {Data Fields & Data Values Exist}
[INFO ][2016-01-14 13:00:06,133][com.java.TestType] [11406] - --------------------------setting values-----------------------------
[INFO ][2016-01-14 13:00:06,133][com.java.TestType] [11409] - Action Type : Click
[INFO ][2016-01-14 13:00:06,133][com.java.TestType] [ 6515] - Field ::XPH//button[@type='submit']
[INFO ][2016-01-14 13:00:06,133][com.java.TestType] [ 6136] - value = 
[INFO ][2016-01-14 13:00:07,132][com.java.TestType] [ 6652] - BEFORE CLICK
[INFO ][2016-01-14 13:00:10,635][com.java.TestType] [ 6660] - Unable to click the object Login
[INFO ][2016-01-14 13:00:10,635][com.java.TestType] [11428] -  RESULT true
[INFO ][2016-01-14 13:00:10,635][com.java.TestType] [11545] - ?   P A S S   ?
[DEBUG][2016-01-14 13:00:10,635][com.java.TestType] [11351] - Concept ID:1 :: Step being Executed: 1::4
[INFO ][2016-01-14 13:00:10,635][com.java.TestType] [11389] - dataFields : LNKLogout
[DEBUG][2016-01-14 13:00:10,635][com.java.TestType] [11395] - <In Set values of the page>
[DEBUG][2016-01-14 13:00:10,635][com.java.TestType] [11400] - {Data Fields & Data Values Exist}
[INFO ][2016-01-14 13:00:10,635][com.java.TestType] [11406] - --------------------------setting values-----------------------------
[INFO ][2016-01-14 13:00:10,636][com.java.TestType] [11409] - Action Type : WaitForElement
[INFO ][2016-01-14 13:00:10,672][com.java.TestType] [11428] -  RESULT true
[INFO ][2016-01-14 13:00:10,672][com.java.TestType] [11545] - ?   P A S S   ?
[DEBUG][2016-01-14 13:00:10,673][com.java.TestType] [11351] - Concept ID:1 :: Step being Executed: 1::15
[INFO ][2016-01-14 13:00:10,673][com.java.TestType] [11389] - dataFields : LNK
[DEBUG][2016-01-14 13:00:10,673][com.java.TestType] [11395] - <In Set values of the page>
[DEBUG][2016-01-14 13:00:10,673][com.java.TestType] [11400] - {Data Fields & Data Values Exist}
[INFO ][2016-01-14 13:00:10,673][com.java.TestType] [11406] - --------------------------setting values-----------------------------
[INFO ][2016-01-14 13:00:10,673][com.java.TestType] [11409] - Action Type : Verify
[INFO ][2016-01-14 13:00:10,673][com.java.TestType] [ 7643] - field= LNK value= Logout
[INFO ][2016-01-14 13:00:10,674][com.java.TestType] [ 6136] - value = Logout
[INFO ][2016-01-14 13:00:10,710][com.java.TestType] [11428] -  RESULT true
[INFO ][2016-01-14 13:00:10,710][com.java.TestType] [11545] - ?   P A S S   ?
[DEBUG][2016-01-14 13:00:10,710][com.java.TestType] [11351] - Concept ID:1 :: Step being Executed: 1::16
[INFO ][2016-01-14 13:00:10,711][com.java.TestType] [11389] - dataFields : BTN
[DEBUG][2016-01-14 13:00:10,711][com.java.TestType] [11395] - <In Set values of the page>
[DEBUG][2016-01-14 13:00:10,711][com.java.TestType] [11400] - {Data Fields & Data Values Exist}
[INFO ][2016-01-14 13:00:10,711][com.java.TestType] [11406] - --------------------------setting values-----------------------------
[INFO ][2016-01-14 13:00:10,711][com.java.TestType] [11409] - Action Type : Verify
[INFO ][2016-01-14 13:00:10,711][com.java.TestType] [ 7643] - field= BTN value= //img[contains(@src,'bdlogo.jpg')]
[INFO ][2016-01-14 13:00:10,711][com.java.TestType] [ 6136] - value = //img[contains(@src,'bdlogo.jpg')]
[INFO ][2016-01-14 13:00:10,874][com.java.TestType] [11428] -  RESULT true
[INFO ][2016-01-14 13:00:10,874][com.java.TestType] [11545] - ?   P A S S   ?
[INFO ][2016-01-14 13:00:10,874][com.java.TestType] [11616] - Looping End......
[INFO ][2016-01-14 13:00:10,878][com.java.SeleniumDriver] [  930] -  RESULT true
[INFO ][2016-01-14 13:00:10,878][com.java.SeleniumDriver] [ 1136] - ?   P A S S   ?
[INFO ][2016-01-14 13:00:10,878][com.java.SeleniumDriver] [  856] - ------------------------------------------
[INFO ][2016-01-14 13:00:10,878][com.java.SeleniumDriver] [  857] - Test case being Executed: 1
[INFO ][2016-01-14 13:00:10,878][com.java.SeleniumDriver] [  869] - Test step:2
[INFO ][2016-01-14 13:00:10,878][com.java.SeleniumDriver] [  881] - Datavalue is----------Concept#2:1-2
[INFO ][2016-01-14 13:00:10,878][com.java.SeleniumDriver] [  905] - DataField : test
[INFO ][2016-01-14 13:00:10,879][com.java.SeleniumDriver] [  907] - DataValue : Concept#2:1-2
[INFO ][2016-01-14 13:00:10,879][com.java.SeleniumDriver] [  913] - <In Set values of the page>
[INFO ][2016-01-14 13:00:10,879][com.java.SeleniumDriver] [  916] - {Data Fields & Data Values Exist}
[INFO ][2016-01-14 13:00:10,879][com.java.SeleniumDriver] [  918] - --------------------------setting values-----------------------------
[INFO ][2016-01-14 13:00:10,879][com.java.SeleniumDriver] [  921] - Action Type : ExecuteTestCase
[INFO ][2016-01-14 13:00:10,879][com.java.TestType] [  437] - The Concept sheet name is ---------- Concept
[INFO ][2016-01-14 13:00:10,879][com.java.TestType] [  440] - The Concept ID  is ---------- 2
[DEBUG][2016-01-14 13:00:10,880][com.java.TestType] [  444] - Steps being executted in the Concept are: 1:2
[INFO ][2016-01-14 13:00:10,880][com.java.TestType] [  451] - Test data details path ---------- D:\BankersDashboard\TestInputs\TestData.xls
[INFO ][2016-01-14 13:00:10,913][com.java.TestType] [  482] -  str(1) = 2
[INFO ][2016-01-14 13:00:10,913][com.java.TestType] [  485] - Test case Id is---2
[INFO ][2016-01-14 13:00:10,914][com.java.TestType] [  487] - 2
[INFO ][2016-01-14 13:00:10,914][com.java.TestType] [  482] -  str(2) = 1
[INFO ][2016-01-14 13:00:10,915][com.java.TestType] [  482] -  str(1) = 2
[INFO ][2016-01-14 13:00:10,915][com.java.TestType] [  485] - Test case Id is---2
[INFO ][2016-01-14 13:00:10,915][com.java.TestType] [  487] - 2
[INFO ][2016-01-14 13:00:10,916][com.java.TestType] [  482] -  str(2) = 2
[INFO ][2016-01-14 13:00:10,917][com.java.TestType] [  482] -  str(1) = 2
[INFO ][2016-01-14 13:00:10,917][com.java.TestType] [  485] - Test case Id is---2
[INFO ][2016-01-14 13:00:10,917][com.java.TestType] [  487] - 2
[INFO ][2016-01-14 13:00:10,917][com.java.TestType] [  482] -  str(2) = 3
[INFO ][2016-01-14 13:00:10,918][com.java.TestType] [11310] - Looping 1TCID = 2
[DEBUG][2016-01-14 13:00:10,918][com.java.TestType] [11351] - Concept ID:2 :: Step being Executed: 2::1
[INFO ][2016-01-14 13:00:10,918][com.java.TestType] [11389] - dataFields : BNK//select[@id='bank']
[DEBUG][2016-01-14 13:00:10,918][com.java.TestType] [11395] - <In Set values of the page>
[DEBUG][2016-01-14 13:00:10,918][com.java.TestType] [11400] - {Data Fields & Data Values Exist}
[INFO ][2016-01-14 13:00:10,918][com.java.TestType] [11406] - --------------------------setting values-----------------------------
[INFO ][2016-01-14 13:00:10,918][com.java.TestType] [11409] - Action Type : Select
[INFO ][2016-01-14 13:00:10,919][com.java.TestType] [ 6136] - value = PFC
[INFO ][2016-01-14 13:00:11,129][com.java.TestType] [11428] -  RESULT true
[INFO ][2016-01-14 13:00:11,129][com.java.TestType] [11545] - ?   P A S S   ?
[DEBUG][2016-01-14 13:00:11,129][com.java.TestType] [11351] - Concept ID:2 :: Step being Executed: 2::2
[INFO ][2016-01-14 13:00:11,129][com.java.TestType] [11389] - dataFields : LNKLogout
[DEBUG][2016-01-14 13:00:11,129][com.java.TestType] [11395] - <In Set values of the page>
[DEBUG][2016-01-14 13:00:11,129][com.java.TestType] [11400] - {Data Fields & Data Values Exist}
[INFO ][2016-01-14 13:00:11,130][com.java.TestType] [11406] - --------------------------setting values-----------------------------
[INFO ][2016-01-14 13:00:11,130][com.java.TestType] [11409] - Action Type : WaitTime
[DEBUG][2016-01-14 13:00:11,130][com.java.TestType] [ 5950] - sleepTime: 5000
[INFO ][2016-01-14 13:00:16,128][com.java.TestType] [11428] -  RESULT true
[INFO ][2016-01-14 13:00:16,128][com.java.TestType] [11545] - ?   P A S S   ?
[INFO ][2016-01-14 13:00:16,128][com.java.TestType] [11616] - Looping End......
[INFO ][2016-01-14 13:00:16,132][com.java.SeleniumDriver] [  930] -  RESULT true
[INFO ][2016-01-14 13:00:16,132][com.java.SeleniumDriver] [ 1136] - ?   P A S S   ?
[INFO ][2016-01-14 13:00:16,132][com.java.SeleniumDriver] [  856] - ------------------------------------------
[INFO ][2016-01-14 13:00:16,133][com.java.SeleniumDriver] [  857] - Test case being Executed: 1
[INFO ][2016-01-14 13:00:16,133][com.java.SeleniumDriver] [  869] - Test step:3
[INFO ][2016-01-14 13:00:16,133][com.java.SeleniumDriver] [  881] - Datavalue is----------2
[INFO ][2016-01-14 13:00:16,133][com.java.SeleniumDriver] [  905] - DataField : XPH//button[contains(text(),'Add Content')]
[INFO ][2016-01-14 13:00:16,133][com.java.SeleniumDriver] [  907] - DataValue : 2
[INFO ][2016-01-14 13:00:16,133][com.java.SeleniumDriver] [  913] - <In Set values of the page>
[INFO ][2016-01-14 13:00:16,133][com.java.SeleniumDriver] [  916] - {Data Fields & Data Values Exist}
[INFO ][2016-01-14 13:00:16,133][com.java.SeleniumDriver] [  918] - --------------------------setting values-----------------------------
[INFO ][2016-01-14 13:00:16,133][com.java.SeleniumDriver] [  921] - Action Type : WAITFORELEMENT
[INFO ][2016-01-14 13:00:16,181][com.java.SeleniumDriver] [  930] -  RESULT true
[INFO ][2016-01-14 13:00:16,181][com.java.SeleniumDriver] [ 1136] - ?   P A S S   ?
[DEBUG][2016-01-14 13:00:16,181][com.java.SeleniumDriver] [ 1248] - Case found
[DEBUG][2016-01-14 13:00:16,181][com.java.SeleniumDriver] [ 1253] - Incrementing ReportCounters[0]:1
[INFO ][2016-01-14 13:00:16,181][com.java.SeleniumDriver] [ 1272] - The results are-------------------[1, 1, Valid Login, Pass, , Thu Jan 14 13:00:10 IST 2016, 1, 2, Valid Login, Pass, , Thu Jan 14 13:00:16 IST 2016, 1, 3, Valid Login, Pass, , Thu Jan 14 13:00:16 IST 2016]
[INFO ][2016-01-14 13:00:16,181][com.java.SeleniumDriver] [ 1276] - End time is-------34 sec
[INFO ][2016-01-14 13:00:16,182][com.java.SeleniumDriver] [ 1277] - The results are-------------------[1, 1, Valid Login, Pass, , Thu Jan 14 13:00:10 IST 2016, 1, 2, Valid Login, Pass, , Thu Jan 14 13:00:16 IST 2016, 1, 3, Valid Login, Pass, , Thu Jan 14 13:00:16 IST 2016]
[DEBUG][2016-01-14 13:00:16,182][com.java.ImportnExport.ExportTestResultsExcel] [  222] - testResultPath = D:\BankersDashboard/TestReports/Test Results_BankersDashBoard_011416_125943_IE10_Any Bank USA.xls
[DEBUG][2016-01-14 13:00:16,182][com.java.ImportnExport.ExportTestResultsExcel] [  223] - browser is------------IE10
[DEBUG][2016-01-14 13:00:16,227][com.java.ImportnExport.ExportTestResultsExcel] [  270] - result.size() = 18
[DEBUG][2016-01-14 13:00:16,227][com.java.ImportnExport.ExportTestResultsExcel] [  274] - No of rows in sheet=1
[DEBUG][2016-01-14 13:00:16,227][com.java.ImportnExport.ExportTestResultsExcel] [  301] - ..in export..1
[DEBUG][2016-01-14 13:00:16,227][com.java.ImportnExport.ExportTestResultsExcel] [  301] - ..in export..Valid Login
[DEBUG][2016-01-14 13:00:16,227][com.java.ImportnExport.ExportTestResultsExcel] [  301] - ..in export..Pass
[DEBUG][2016-01-14 13:00:16,227][com.java.ImportnExport.ExportTestResultsExcel] [  301] - ..in export..
[DEBUG][2016-01-14 13:00:16,227][com.java.ImportnExport.ExportTestResultsExcel] [  301] - ..in export..Thu Jan 14 13:00:10 IST 2016
[INFO ][2016-01-14 13:00:16,229][com.java.SeleniumDriver] [ 1337] - out loop:0 size:2 TestCases:[1, 12] testcases:[1, 12]
[INFO ][2016-01-14 13:00:16,229][com.java.ImportnExport.ImportTestDataDetailsExcel] [   49] - test data details path===== D:\BankersDashboard\TestInputs\TestData.xls
[INFO ][2016-01-14 13:00:31,927][com.java.SeleniumDriver] [  856] - ------------------------------------------
[INFO ][2016-01-14 13:00:31,927][com.java.SeleniumDriver] [  857] - Test case being Executed: 12
[INFO ][2016-01-14 13:00:31,927][com.java.SeleniumDriver] [  869] - Test step:1
[INFO ][2016-01-14 13:00:31,927][com.java.SeleniumDriver] [  881] - Datavalue is----------Logout
[INFO ][2016-01-14 13:00:31,927][com.java.SeleniumDriver] [  905] - DataField : BTN
[INFO ][2016-01-14 13:00:31,927][com.java.SeleniumDriver] [  907] - DataValue : Logout
[INFO ][2016-01-14 13:00:31,927][com.java.SeleniumDriver] [  913] - <In Set values of the page>
[INFO ][2016-01-14 13:00:31,927][com.java.SeleniumDriver] [  916] - {Data Fields & Data Values Exist}
[INFO ][2016-01-14 13:00:31,927][com.java.SeleniumDriver] [  918] - --------------------------setting values-----------------------------
[INFO ][2016-01-14 13:00:31,927][com.java.SeleniumDriver] [  921] - Action Type : VERIFY
[INFO ][2016-01-14 13:00:31,927][com.java.TestType] [ 7643] - field= BTN value= Logout
[INFO ][2016-01-14 13:00:31,927][com.java.TestType] [ 6136] - value = Logout
[INFO ][2016-01-14 13:00:32,001][com.java.SeleniumDriver] [  930] -  RESULT true
[INFO ][2016-01-14 13:00:32,001][com.java.SeleniumDriver] [ 1136] - ?   P A S S   ?
[INFO ][2016-01-14 13:00:32,001][com.java.SeleniumDriver] [ 1178] - step change to 3
[INFO ][2016-01-14 13:00:32,001][com.java.SeleniumDriver] [  856] - ------------------------------------------
[INFO ][2016-01-14 13:00:32,001][com.java.SeleniumDriver] [  857] - Test case being Executed: 12
[INFO ][2016-01-14 13:00:32,001][com.java.SeleniumDriver] [  869] - Test step:3
[INFO ][2016-01-14 13:00:32,002][com.java.SeleniumDriver] [  881] - Datavalue is----------Concept#2:1-2
[INFO ][2016-01-14 13:00:32,002][com.java.SeleniumDriver] [  905] - DataField : test
[INFO ][2016-01-14 13:00:32,002][com.java.SeleniumDriver] [  907] - DataValue : Concept#2:1-2
[INFO ][2016-01-14 13:00:32,002][com.java.SeleniumDriver] [  913] - <In Set values of the page>
[INFO ][2016-01-14 13:00:32,002][com.java.SeleniumDriver] [  916] - {Data Fields & Data Values Exist}
[INFO ][2016-01-14 13:00:32,002][com.java.SeleniumDriver] [  918] - --------------------------setting values-----------------------------
[INFO ][2016-01-14 13:00:32,002][com.java.SeleniumDriver] [  921] - Action Type : ExecuteTestCase
[INFO ][2016-01-14 13:00:32,002][com.java.TestType] [  437] - The Concept sheet name is ---------- Concept
[INFO ][2016-01-14 13:00:32,002][com.java.TestType] [  440] - The Concept ID  is ---------- 2
[DEBUG][2016-01-14 13:00:32,002][com.java.TestType] [  444] - Steps being executted in the Concept are: 1:2
[INFO ][2016-01-14 13:00:32,002][com.java.TestType] [  451] - Test data details path ---------- D:\BankersDashboard\TestInputs\TestData.xls
[INFO ][2016-01-14 13:00:32,036][com.java.TestType] [  482] -  str(1) = 2
[INFO ][2016-01-14 13:00:32,036][com.java.TestType] [  485] - Test case Id is---2
[INFO ][2016-01-14 13:00:32,036][com.java.TestType] [  487] - 2
[INFO ][2016-01-14 13:00:32,036][com.java.TestType] [  482] -  str(2) = 1
[INFO ][2016-01-14 13:00:32,038][com.java.TestType] [  482] -  str(1) = 2
[INFO ][2016-01-14 13:00:32,038][com.java.TestType] [  485] - Test case Id is---2
[INFO ][2016-01-14 13:00:32,038][com.java.TestType] [  487] - 2
[INFO ][2016-01-14 13:00:32,038][com.java.TestType] [  482] -  str(2) = 2
[INFO ][2016-01-14 13:00:32,039][com.java.TestType] [  482] -  str(1) = 2
[INFO ][2016-01-14 13:00:32,039][com.java.TestType] [  485] - Test case Id is---2
[INFO ][2016-01-14 13:00:32,039][com.java.TestType] [  487] - 2
[INFO ][2016-01-14 13:00:32,039][com.java.TestType] [  482] -  str(2) = 3
[INFO ][2016-01-14 13:00:32,039][com.java.TestType] [11310] - Looping 1TCID = 2
[DEBUG][2016-01-14 13:00:32,039][com.java.TestType] [11351] - Concept ID:2 :: Step being Executed: 2::1
[INFO ][2016-01-14 13:00:32,040][com.java.TestType] [11389] - dataFields : BNK//select[@id='bank']
[DEBUG][2016-01-14 13:00:32,040][com.java.TestType] [11395] - <In Set values of the page>
[DEBUG][2016-01-14 13:00:32,040][com.java.TestType] [11400] - {Data Fields & Data Values Exist}
[INFO ][2016-01-14 13:00:32,040][com.java.TestType] [11406] - --------------------------setting values-----------------------------
[INFO ][2016-01-14 13:00:32,040][com.java.TestType] [11409] - Action Type : Select
[INFO ][2016-01-14 13:00:32,040][com.java.TestType] [ 6136] - value = PFC
[INFO ][2016-01-14 13:00:32,250][com.java.TestType] [11428] -  RESULT true
[INFO ][2016-01-14 13:00:32,250][com.java.TestType] [11545] - ?   P A S S   ?
[DEBUG][2016-01-14 13:00:32,250][com.java.TestType] [11351] - Concept ID:2 :: Step being Executed: 2::2
[INFO ][2016-01-14 13:00:32,250][com.java.TestType] [11389] - dataFields : LNKLogout
[DEBUG][2016-01-14 13:00:32,250][com.java.TestType] [11395] - <In Set values of the page>
[DEBUG][2016-01-14 13:00:32,250][com.java.TestType] [11400] - {Data Fields & Data Values Exist}
[INFO ][2016-01-14 13:00:32,250][com.java.TestType] [11406] - --------------------------setting values-----------------------------
[INFO ][2016-01-14 13:00:32,250][com.java.TestType] [11409] - Action Type : WaitTime
[DEBUG][2016-01-14 13:00:32,251][com.java.TestType] [ 5950] - sleepTime: 5000
[INFO ][2016-01-14 13:00:37,248][com.java.TestType] [11428] -  RESULT true
[INFO ][2016-01-14 13:00:37,248][com.java.TestType] [11545] - ?   P A S S   ?
[INFO ][2016-01-14 13:00:37,248][com.java.TestType] [11616] - Looping End......
[INFO ][2016-01-14 13:00:37,252][com.java.SeleniumDriver] [  930] -  RESULT true
[INFO ][2016-01-14 13:00:37,252][com.java.SeleniumDriver] [ 1136] - ?   P A S S   ?
[INFO ][2016-01-14 13:00:37,253][com.java.SeleniumDriver] [  856] - ------------------------------------------
[INFO ][2016-01-14 13:00:37,253][com.java.SeleniumDriver] [  857] - Test case being Executed: 12
[INFO ][2016-01-14 13:00:37,253][com.java.SeleniumDriver] [  869] - Test step:4
[INFO ][2016-01-14 13:00:37,253][com.java.SeleniumDriver] [  881] - Datavalue is----------null
[DEBUG][2016-01-14 13:00:37,253][com.java.SeleniumDriver] [  899] - Exception: null
[INFO ][2016-01-14 13:00:37,253][com.java.SeleniumDriver] [  905] - DataField : //span[@class='icon-user4']&&//a[text()='Company Settings']&&//a[@data-id="RatedLoans"]
[INFO ][2016-01-14 13:00:37,253][com.java.SeleniumDriver] [  907] - DataValue : 
[INFO ][2016-01-14 13:00:37,253][com.java.SeleniumDriver] [  913] - <In Set values of the page>
[INFO ][2016-01-14 13:00:37,253][com.java.SeleniumDriver] [  916] - {Data Fields & Data Values Exist}
[INFO ][2016-01-14 13:00:37,253][com.java.SeleniumDriver] [  918] - --------------------------setting values-----------------------------
[INFO ][2016-01-14 13:00:37,253][com.java.SeleniumDriver] [  921] - Action Type : MOUSEOVER
[INFO ][2016-01-14 13:01:04,819][com.java.SeleniumDriver] [  930] -  RESULT true
[INFO ][2016-01-14 13:01:04,819][com.java.SeleniumDriver] [ 1136] - ?   P A S S   ?
[INFO ][2016-01-14 13:01:04,819][com.java.SeleniumDriver] [  856] - ------------------------------------------
[INFO ][2016-01-14 13:01:04,819][com.java.SeleniumDriver] [  857] - Test case being Executed: 12
[INFO ][2016-01-14 13:01:04,819][com.java.SeleniumDriver] [  869] - Test step:5
[INFO ][2016-01-14 13:01:04,819][com.java.SeleniumDriver] [  881] - Datavalue is----------Rated Loan Categories
[INFO ][2016-01-14 13:01:04,819][com.java.SeleniumDriver] [  905] - DataField : XPH//span[contains(text(), 'Rated Loan Categories')]
[INFO ][2016-01-14 13:01:04,819][com.java.SeleniumDriver] [  907] - DataValue : Rated Loan Categories
[INFO ][2016-01-14 13:01:04,819][com.java.SeleniumDriver] [  913] - <In Set values of the page>
[INFO ][2016-01-14 13:01:04,819][com.java.SeleniumDriver] [  916] - {Data Fields & Data Values Exist}
[INFO ][2016-01-14 13:01:04,819][com.java.SeleniumDriver] [  918] - --------------------------setting values-----------------------------
[INFO ][2016-01-14 13:01:04,819][com.java.SeleniumDriver] [  921] - Action Type : VERIFY
[INFO ][2016-01-14 13:01:04,820][com.java.TestType] [ 7643] - field= XPH//span[contains(text(), 'Rated Loan Categories')] value= Rated Loan Categories
[INFO ][2016-01-14 13:01:04,820][com.java.TestType] [ 6136] - value = Rated Loan Categories
[INFO ][2016-01-14 13:01:04,948][com.java.SeleniumDriver] [  930] -  RESULT true
[INFO ][2016-01-14 13:01:04,948][com.java.SeleniumDriver] [ 1136] - ?   P A S S   ?
[INFO ][2016-01-14 13:01:04,948][com.java.SeleniumDriver] [  856] - ------------------------------------------
[INFO ][2016-01-14 13:01:04,948][com.java.SeleniumDriver] [  857] - Test case being Executed: 12
[INFO ][2016-01-14 13:01:04,948][com.java.SeleniumDriver] [  869] - Test step:6
[INFO ][2016-01-14 13:01:04,948][com.java.SeleniumDriver] [  881] - Datavalue is----------null
[DEBUG][2016-01-14 13:01:04,949][com.java.SeleniumDriver] [  899] - Exception: null
[INFO ][2016-01-14 13:01:04,949][com.java.SeleniumDriver] [  905] - DataField : BTNframeDialogContent
[INFO ][2016-01-14 13:01:04,949][com.java.SeleniumDriver] [  907] - DataValue : 
[INFO ][2016-01-14 13:01:04,949][com.java.SeleniumDriver] [  913] - <In Set values of the page>
[INFO ][2016-01-14 13:01:04,949][com.java.SeleniumDriver] [  916] - {Data Fields & Data Values Exist}
[INFO ][2016-01-14 13:01:04,949][com.java.SeleniumDriver] [  918] - --------------------------setting values-----------------------------
[INFO ][2016-01-14 13:01:04,949][com.java.SeleniumDriver] [  921] - Action Type : SELECTFRAME
[INFO ][2016-01-14 13:01:06,241][com.java.SeleniumDriver] [  930] -  RESULT true
[INFO ][2016-01-14 13:01:06,241][com.java.SeleniumDriver] [ 1136] - ?   P A S S   ?
[INFO ][2016-01-14 13:01:06,241][com.java.SeleniumDriver] [  856] - ------------------------------------------
[INFO ][2016-01-14 13:01:06,241][com.java.SeleniumDriver] [  857] - Test case being Executed: 12
[INFO ][2016-01-14 13:01:06,241][com.java.SeleniumDriver] [  869] - Test step:7
[INFO ][2016-01-14 13:01:06,241][com.java.SeleniumDriver] [  881] - Datavalue is----------null
[DEBUG][2016-01-14 13:01:06,241][com.java.SeleniumDriver] [  899] - Exception: null
[INFO ][2016-01-14 13:01:06,242][com.java.SeleniumDriver] [  905] - DataField : BTNbtnAddNew
[INFO ][2016-01-14 13:01:06,242][com.java.SeleniumDriver] [  907] - DataValue : 
[INFO ][2016-01-14 13:01:06,242][com.java.SeleniumDriver] [  913] - <In Set values of the page>
[INFO ][2016-01-14 13:01:06,242][com.java.SeleniumDriver] [  916] - {Data Fields & Data Values Exist}
[INFO ][2016-01-14 13:01:06,242][com.java.SeleniumDriver] [  918] - --------------------------setting values-----------------------------
[INFO ][2016-01-14 13:01:06,242][com.java.SeleniumDriver] [  921] - Action Type : CLICK
[INFO ][2016-01-14 13:01:06,242][com.java.TestType] [ 6515] - Field ::BTNbtnAddNew
[INFO ][2016-01-14 13:01:06,242][com.java.TestType] [ 6136] - value = 
[INFO ][2016-01-14 13:01:07,241][com.java.TestType] [ 6631] - BEFORE CLICK
[INFO ][2016-01-14 13:01:08,445][com.java.TestType] [ 6638] - Unable to click the object Add New Category button
[INFO ][2016-01-14 13:01:08,445][com.java.SeleniumDriver] [  930] -  RESULT true
[INFO ][2016-01-14 13:01:08,445][com.java.SeleniumDriver] [ 1136] - ?   P A S S   ?
[INFO ][2016-01-14 13:01:08,445][com.java.SeleniumDriver] [  856] - ------------------------------------------
[INFO ][2016-01-14 13:01:08,445][com.java.SeleniumDriver] [  857] - Test case being Executed: 12
[INFO ][2016-01-14 13:01:08,445][com.java.SeleniumDriver] [  869] - Test step:8
[INFO ][2016-01-14 13:01:08,445][com.java.SeleniumDriver] [  881] - Datavalue is----------5
[INFO ][2016-01-14 13:01:08,445][com.java.SeleniumDriver] [  905] - DataField : XPH//td[contains(text(),'Description')]
[INFO ][2016-01-14 13:01:08,445][com.java.SeleniumDriver] [  907] - DataValue : 5
[INFO ][2016-01-14 13:01:08,445][com.java.SeleniumDriver] [  913] - <In Set values of the page>
[INFO ][2016-01-14 13:01:08,446][com.java.SeleniumDriver] [  916] - {Data Fields & Data Values Exist}
[INFO ][2016-01-14 13:01:08,446][com.java.SeleniumDriver] [  918] - --------------------------setting values-----------------------------
[INFO ][2016-01-14 13:01:08,446][com.java.SeleniumDriver] [  921] - Action Type : WAITFORELEMENT
[INFO ][2016-01-14 13:01:08,471][com.java.SeleniumDriver] [  930] -  RESULT true
[INFO ][2016-01-14 13:01:08,471][com.java.SeleniumDriver] [ 1136] - ?   P A S S   ?
[INFO ][2016-01-14 13:01:08,471][com.java.SeleniumDriver] [  856] - ------------------------------------------
[INFO ][2016-01-14 13:01:08,471][com.java.SeleniumDriver] [  857] - Test case being Executed: 12
[INFO ][2016-01-14 13:01:08,471][com.java.SeleniumDriver] [  869] - Test step:9
[INFO ][2016-01-14 13:01:08,471][com.java.SeleniumDriver] [  881] - Datavalue is----------//td[contains(text(),'Description')]
[INFO ][2016-01-14 13:01:08,471][com.java.SeleniumDriver] [  905] - DataField : BTN
[INFO ][2016-01-14 13:01:08,472][com.java.SeleniumDriver] [  907] - DataValue : //td[contains(text(),'Description')]
[INFO ][2016-01-14 13:01:08,472][com.java.SeleniumDriver] [  913] - <In Set values of the page>
[INFO ][2016-01-14 13:01:08,473][com.java.SeleniumDriver] [  916] - {Data Fields & Data Values Exist}
[INFO ][2016-01-14 13:01:08,473][com.java.SeleniumDriver] [  918] - --------------------------setting values-----------------------------
[INFO ][2016-01-14 13:01:08,473][com.java.SeleniumDriver] [  921] - Action Type : VERIFY
[INFO ][2016-01-14 13:01:08,473][com.java.TestType] [ 7643] - field= BTN value= //td[contains(text(),'Description')]
[INFO ][2016-01-14 13:01:08,473][com.java.TestType] [ 6136] - value = //td[contains(text(),'Description')]
[INFO ][2016-01-14 13:01:08,524][com.java.SeleniumDriver] [  930] -  RESULT true
[INFO ][2016-01-14 13:01:08,525][com.java.SeleniumDriver] [ 1136] - ?   P A S S   ?
[INFO ][2016-01-14 13:01:08,525][com.java.SeleniumDriver] [  856] - ------------------------------------------
[INFO ][2016-01-14 13:01:08,525][com.java.SeleniumDriver] [  857] - Test case being Executed: 12
[INFO ][2016-01-14 13:01:08,525][com.java.SeleniumDriver] [  869] - Test step:10
[INFO ][2016-01-14 13:01:08,525][com.java.SeleniumDriver] [  881] - Datavalue is----------//td[contains(text(),'Rated Loan*')]
[INFO ][2016-01-14 13:01:08,525][com.java.SeleniumDriver] [  905] - DataField : BTN
[INFO ][2016-01-14 13:01:08,525][com.java.SeleniumDriver] [  907] - DataValue : //td[contains(text(),'Rated Loan*')]
[INFO ][2016-01-14 13:01:08,525][com.java.SeleniumDriver] [  913] - <In Set values of the page>
[INFO ][2016-01-14 13:01:08,525][com.java.SeleniumDriver] [  916] - {Data Fields & Data Values Exist}
[INFO ][2016-01-14 13:01:08,525][com.java.SeleniumDriver] [  918] - --------------------------setting values-----------------------------
[INFO ][2016-01-14 13:01:08,525][com.java.SeleniumDriver] [  921] - Action Type : VERIFY
[INFO ][2016-01-14 13:01:08,525][com.java.TestType] [ 7643] - field= BTN value= //td[contains(text(),'Rated Loan*')]
[INFO ][2016-01-14 13:01:08,525][com.java.TestType] [ 6136] - value = //td[contains(text(),'Rated Loan*')]
[INFO ][2016-01-14 13:01:08,565][com.java.SeleniumDriver] [  930] -  RESULT true
[INFO ][2016-01-14 13:01:08,565][com.java.SeleniumDriver] [ 1136] - ?   P A S S   ?
[INFO ][2016-01-14 13:01:08,565][com.java.SeleniumDriver] [  856] - ------------------------------------------
[INFO ][2016-01-14 13:01:08,565][com.java.SeleniumDriver] [  857] - Test case being Executed: 12
[INFO ][2016-01-14 13:01:08,565][com.java.SeleniumDriver] [  869] - Test step:11
[INFO ][2016-01-14 13:01:08,565][com.java.SeleniumDriver] [  881] - Datavalue is----------RNDVLTest
[INFO ][2016-01-14 13:01:08,565][com.java.SeleniumDriver] [  905] - DataField : TXTtxtDescription
[INFO ][2016-01-14 13:01:08,566][com.java.SeleniumDriver] [  907] - DataValue : RNDVLTest
[INFO ][2016-01-14 13:01:08,566][com.java.SeleniumDriver] [  913] - <In Set values of the page>
[INFO ][2016-01-14 13:01:08,566][com.java.SeleniumDriver] [  916] - {Data Fields & Data Values Exist}
[INFO ][2016-01-14 13:01:08,566][com.java.SeleniumDriver] [  918] - --------------------------setting values-----------------------------
[INFO ][2016-01-14 13:01:08,566][com.java.SeleniumDriver] [  921] - Action Type : CLEARANDENTER
[INFO ][2016-01-14 13:01:09,691][com.java.TestType] [ 6136] - value = VLTest23886
[INFO ][2016-01-14 13:01:11,180][com.java.SeleniumDriver] [  930] -  RESULT true
[INFO ][2016-01-14 13:01:11,180][com.java.SeleniumDriver] [ 1136] - ?   P A S S   ?
[INFO ][2016-01-14 13:01:11,180][com.java.SeleniumDriver] [  856] - ------------------------------------------
[INFO ][2016-01-14 13:01:11,180][com.java.SeleniumDriver] [  857] - Test case being Executed: 12
[INFO ][2016-01-14 13:01:11,180][com.java.SeleniumDriver] [  869] - Test step:12
[INFO ][2016-01-14 13:01:11,180][com.java.SeleniumDriver] [  881] - Datavalue is----------2
[INFO ][2016-01-14 13:01:11,180][com.java.SeleniumDriver] [  905] - DataField : test
[INFO ][2016-01-14 13:01:11,180][com.java.SeleniumDriver] [  907] - DataValue : 2
[INFO ][2016-01-14 13:01:11,180][com.java.SeleniumDriver] [  913] - <In Set values of the page>
[INFO ][2016-01-14 13:01:11,180][com.java.SeleniumDriver] [  916] - {Data Fields & Data Values Exist}
[INFO ][2016-01-14 13:01:11,180][com.java.SeleniumDriver] [  918] - --------------------------setting values-----------------------------
[INFO ][2016-01-14 13:01:11,180][com.java.SeleniumDriver] [  921] - Action Type : WAITTIME
[DEBUG][2016-01-14 13:01:11,181][com.java.TestType] [ 5950] - sleepTime: 2000
[INFO ][2016-01-14 13:01:13,180][com.java.SeleniumDriver] [  930] -  RESULT true
[INFO ][2016-01-14 13:01:13,180][com.java.SeleniumDriver] [ 1136] - ?   P A S S   ?
[INFO ][2016-01-14 13:01:13,180][com.java.SeleniumDriver] [  856] - ------------------------------------------
[INFO ][2016-01-14 13:01:13,180][com.java.SeleniumDriver] [  857] - Test case being Executed: 12
[INFO ][2016-01-14 13:01:13,180][com.java.SeleniumDriver] [  869] - Test step:13
[INFO ][2016-01-14 13:01:13,180][com.java.SeleniumDriver] [  881] - Datavalue is----------Test
[INFO ][2016-01-14 13:01:13,180][com.java.SeleniumDriver] [  905] - DataField : TXTtxtDescription
[INFO ][2016-01-14 13:01:13,180][com.java.SeleniumDriver] [  907] - DataValue : Test
[INFO ][2016-01-14 13:01:13,180][com.java.SeleniumDriver] [  913] - <In Set values of the page>
[INFO ][2016-01-14 13:01:13,180][com.java.SeleniumDriver] [  916] - {Data Fields & Data Values Exist}
[INFO ][2016-01-14 13:01:13,181][com.java.SeleniumDriver] [  918] - --------------------------setting values-----------------------------
[INFO ][2016-01-14 13:01:13,181][com.java.SeleniumDriver] [  921] - Action Type : STOREVALUE
[INFO ][2016-01-14 13:01:13,181][com.java.TestType] [ 9070] - field= TXTtxtDescription
[DEBUG][2016-01-14 13:01:14,272][com.java.TestType] [ 9084] - Key:: Test  Value:: VLTest23886
[INFO ][2016-01-14 13:01:14,272][com.java.SeleniumDriver] [  930] -  RESULT true
[INFO ][2016-01-14 13:01:14,272][com.java.SeleniumDriver] [ 1136] - ?   P A S S   ?
[INFO ][2016-01-14 13:01:14,274][com.java.SeleniumDriver] [  856] - ------------------------------------------
[INFO ][2016-01-14 13:01:14,274][com.java.SeleniumDriver] [  857] - Test case being Executed: 12
[INFO ][2016-01-14 13:01:14,274][com.java.SeleniumDriver] [  869] - Test step:14
[INFO ][2016-01-14 13:01:14,274][com.java.SeleniumDriver] [  881] - Datavalue is----------3
[INFO ][2016-01-14 13:01:14,274][com.java.SeleniumDriver] [  905] - DataField : test
[INFO ][2016-01-14 13:01:14,274][com.java.SeleniumDriver] [  907] - DataValue : 3
[INFO ][2016-01-14 13:01:14,274][com.java.SeleniumDriver] [  913] - <In Set values of the page>
[INFO ][2016-01-14 13:01:14,274][com.java.SeleniumDriver] [  916] - {Data Fields & Data Values Exist}
[INFO ][2016-01-14 13:01:14,274][com.java.SeleniumDriver] [  918] - --------------------------setting values-----------------------------
[INFO ][2016-01-14 13:01:14,274][com.java.SeleniumDriver] [  921] - Action Type : WAITTIME
[DEBUG][2016-01-14 13:01:14,274][com.java.TestType] [ 5950] - sleepTime: 3000
[INFO ][2016-01-14 13:01:17,273][com.java.SeleniumDriver] [  930] -  RESULT true
[INFO ][2016-01-14 13:01:17,273][com.java.SeleniumDriver] [ 1136] - ?   P A S S   ?
[INFO ][2016-01-14 13:01:17,273][com.java.SeleniumDriver] [  856] - ------------------------------------------
[INFO ][2016-01-14 13:01:17,273][com.java.SeleniumDriver] [  857] - Test case being Executed: 12
[INFO ][2016-01-14 13:01:17,273][com.java.SeleniumDriver] [  869] - Test step:15
[INFO ][2016-01-14 13:01:17,273][com.java.SeleniumDriver] [  881] - Datavalue is----------1.00
[INFO ][2016-01-14 13:01:17,273][com.java.SeleniumDriver] [  905] - DataField : TXTtxtWeight
[INFO ][2016-01-14 13:01:17,273][com.java.SeleniumDriver] [  907] - DataValue : 1.00
[INFO ][2016-01-14 13:01:17,273][com.java.SeleniumDriver] [  913] - <In Set values of the page>
[INFO ][2016-01-14 13:01:17,273][com.java.SeleniumDriver] [  916] - {Data Fields & Data Values Exist}
[INFO ][2016-01-14 13:01:17,273][com.java.SeleniumDriver] [  918] - --------------------------setting values-----------------------------
[INFO ][2016-01-14 13:01:17,273][com.java.SeleniumDriver] [  921] - Action Type : CLEARANDENTER
[INFO ][2016-01-14 13:01:18,432][com.java.TestType] [ 6136] - value = 1.00
[INFO ][2016-01-14 13:01:19,577][com.java.SeleniumDriver] [  930] -  RESULT true
[INFO ][2016-01-14 13:01:19,577][com.java.SeleniumDriver] [ 1136] - ?   P A S S   ?
[INFO ][2016-01-14 13:01:19,577][com.java.SeleniumDriver] [  856] - ------------------------------------------
[INFO ][2016-01-14 13:01:19,577][com.java.SeleniumDriver] [  857] - Test case being Executed: 12
[INFO ][2016-01-14 13:01:19,578][com.java.SeleniumDriver] [  869] - Test step:16
[INFO ][2016-01-14 13:01:19,578][com.java.SeleniumDriver] [  881] - Datavalue is----------Historical
[INFO ][2016-01-14 13:01:19,578][com.java.SeleniumDriver] [  905] - DataField : TXTtxtWeight
[INFO ][2016-01-14 13:01:19,578][com.java.SeleniumDriver] [  907] - DataValue : Historical
[INFO ][2016-01-14 13:01:19,578][com.java.SeleniumDriver] [  913] - <In Set values of the page>
[INFO ][2016-01-14 13:01:19,578][com.java.SeleniumDriver] [  916] - {Data Fields & Data Values Exist}
[INFO ][2016-01-14 13:01:19,578][com.java.SeleniumDriver] [  918] - --------------------------setting values-----------------------------
[INFO ][2016-01-14 13:01:19,578][com.java.SeleniumDriver] [  921] - Action Type : STOREVALUE
[INFO ][2016-01-14 13:01:19,578][com.java.TestType] [ 9070] - field= TXTtxtWeight
[DEBUG][2016-01-14 13:01:20,666][com.java.TestType] [ 9084] - Key:: Historical  Value:: 1.00
[INFO ][2016-01-14 13:01:20,666][com.java.SeleniumDriver] [  930] -  RESULT true
[INFO ][2016-01-14 13:01:20,666][com.java.SeleniumDriver] [ 1136] - ?   P A S S   ?
[INFO ][2016-01-14 13:01:20,666][com.java.SeleniumDriver] [  856] - ------------------------------------------
[INFO ][2016-01-14 13:01:20,666][com.java.SeleniumDriver] [  857] - Test case being Executed: 12
[INFO ][2016-01-14 13:01:20,666][com.java.SeleniumDriver] [  869] - Test step:17
[INFO ][2016-01-14 13:01:20,666][com.java.SeleniumDriver] [  881] - Datavalue is----------3
[INFO ][2016-01-14 13:01:20,666][com.java.SeleniumDriver] [  905] - DataField : test
[INFO ][2016-01-14 13:01:20,667][com.java.SeleniumDriver] [  907] - DataValue : 3
[INFO ][2016-01-14 13:01:20,667][com.java.SeleniumDriver] [  913] - <In Set values of the page>
[INFO ][2016-01-14 13:01:20,667][com.java.SeleniumDriver] [  916] - {Data Fields & Data Values Exist}
[INFO ][2016-01-14 13:01:20,667][com.java.SeleniumDriver] [  918] - --------------------------setting values-----------------------------
[INFO ][2016-01-14 13:01:20,667][com.java.SeleniumDriver] [  921] - Action Type : WAITTIME
[DEBUG][2016-01-14 13:01:20,667][com.java.TestType] [ 5950] - sleepTime: 3000
[INFO ][2016-01-14 13:01:23,666][com.java.SeleniumDriver] [  930] -  RESULT true
[INFO ][2016-01-14 13:01:23,666][com.java.SeleniumDriver] [ 1136] - ?   P A S S   ?
[INFO ][2016-01-14 13:01:23,666][com.java.SeleniumDriver] [  856] - ------------------------------------------
[INFO ][2016-01-14 13:01:23,666][com.java.SeleniumDriver] [  857] - Test case being Executed: 12
[INFO ][2016-01-14 13:01:23,667][com.java.SeleniumDriver] [  869] - Test step:18
[INFO ][2016-01-14 13:01:23,667][com.java.SeleniumDriver] [  881] - Datavalue is----------1.20
[INFO ][2016-01-14 13:01:23,667][com.java.SeleniumDriver] [  905] - DataField : TXTtxtWeight1
[INFO ][2016-01-14 13:01:23,667][com.java.SeleniumDriver] [  907] - DataValue : 1.20
[INFO ][2016-01-14 13:01:23,667][com.java.SeleniumDriver] [  913] - <In Set values of the page>
[INFO ][2016-01-14 13:01:23,667][com.java.SeleniumDriver] [  916] - {Data Fields & Data Values Exist}
[INFO ][2016-01-14 13:01:23,667][com.java.SeleniumDriver] [  918] - --------------------------setting values-----------------------------
[INFO ][2016-01-14 13:01:23,667][com.java.SeleniumDriver] [  921] - Action Type : CLEARANDENTER
[INFO ][2016-01-14 13:01:24,812][com.java.TestType] [ 6136] - value = 1.20
[INFO ][2016-01-14 13:01:25,966][com.java.SeleniumDriver] [  930] -  RESULT true
[INFO ][2016-01-14 13:01:25,966][com.java.SeleniumDriver] [ 1136] - ?   P A S S   ?
[INFO ][2016-01-14 13:01:25,966][com.java.SeleniumDriver] [  856] - ------------------------------------------
[INFO ][2016-01-14 13:01:25,966][com.java.SeleniumDriver] [  857] - Test case being Executed: 12
[INFO ][2016-01-14 13:01:25,966][com.java.SeleniumDriver] [  869] - Test step:19
[INFO ][2016-01-14 13:01:25,966][com.java.SeleniumDriver] [  881] - Datavalue is----------Economic
[INFO ][2016-01-14 13:01:25,966][com.java.SeleniumDriver] [  905] - DataField : TXTtxtWeight1
[INFO ][2016-01-14 13:01:25,966][com.java.SeleniumDriver] [  907] - DataValue : Economic
[INFO ][2016-01-14 13:01:25,966][com.java.SeleniumDriver] [  913] - <In Set values of the page>
[INFO ][2016-01-14 13:01:25,966][com.java.SeleniumDriver] [  916] - {Data Fields & Data Values Exist}
[INFO ][2016-01-14 13:01:25,967][com.java.SeleniumDriver] [  918] - --------------------------setting values-----------------------------
[INFO ][2016-01-14 13:01:25,967][com.java.SeleniumDriver] [  921] - Action Type : STOREVALUE
[INFO ][2016-01-14 13:01:25,967][com.java.TestType] [ 9070] - field= TXTtxtWeight1
[DEBUG][2016-01-14 13:01:27,039][com.java.TestType] [ 9084] - Key:: Economic  Value:: 1.20
[INFO ][2016-01-14 13:01:27,039][com.java.SeleniumDriver] [  930] -  RESULT true
[INFO ][2016-01-14 13:01:27,039][com.java.SeleniumDriver] [ 1136] - ?   P A S S   ?
[INFO ][2016-01-14 13:01:27,039][com.java.SeleniumDriver] [  856] - ------------------------------------------
[INFO ][2016-01-14 13:01:27,039][com.java.SeleniumDriver] [  857] - Test case being Executed: 12
[INFO ][2016-01-14 13:01:27,039][com.java.SeleniumDriver] [  869] - Test step:20
[INFO ][2016-01-14 13:01:27,039][com.java.SeleniumDriver] [  881] - Datavalue is----------3
[INFO ][2016-01-14 13:01:27,039][com.java.SeleniumDriver] [  905] - DataField : test
[INFO ][2016-01-14 13:01:27,040][com.java.SeleniumDriver] [  907] - DataValue : 3
[INFO ][2016-01-14 13:01:27,040][com.java.SeleniumDriver] [  913] - <In Set values of the page>
[INFO ][2016-01-14 13:01:27,040][com.java.SeleniumDriver] [  916] - {Data Fields & Data Values Exist}
[INFO ][2016-01-14 13:01:27,040][com.java.SeleniumDriver] [  918] - --------------------------setting values-----------------------------
[INFO ][2016-01-14 13:01:27,040][com.java.SeleniumDriver] [  921] - Action Type : WAITTIME
[DEBUG][2016-01-14 13:01:27,040][com.java.TestType] [ 5950] - sleepTime: 3000
[INFO ][2016-01-14 13:01:30,039][com.java.SeleniumDriver] [  930] -  RESULT true
[INFO ][2016-01-14 13:01:30,039][com.java.SeleniumDriver] [ 1136] - ?   P A S S   ?
[INFO ][2016-01-14 13:01:30,039][com.java.SeleniumDriver] [  856] - ------------------------------------------
[INFO ][2016-01-14 13:01:30,039][com.java.SeleniumDriver] [  857] - Test case being Executed: 12
[INFO ][2016-01-14 13:01:30,039][com.java.SeleniumDriver] [  869] - Test step:21
[INFO ][2016-01-14 13:01:30,039][com.java.SeleniumDriver] [  881] - Datavalue is----------0.50
[INFO ][2016-01-14 13:01:30,039][com.java.SeleniumDriver] [  905] - DataField : TXTtxtWeight2
[INFO ][2016-01-14 13:01:30,039][com.java.SeleniumDriver] [  907] - DataValue : 0.50
[INFO ][2016-01-14 13:01:30,039][com.java.SeleniumDriver] [  913] - <In Set values of the page>
[INFO ][2016-01-14 13:01:30,039][com.java.SeleniumDriver] [  916] - {Data Fields & Data Values Exist}
[INFO ][2016-01-14 13:01:30,039][com.java.SeleniumDriver] [  918] - --------------------------setting values-----------------------------
[INFO ][2016-01-14 13:01:30,039][com.java.SeleniumDriver] [  921] - Action Type : CLEARANDENTER
[INFO ][2016-01-14 13:01:31,183][com.java.TestType] [ 6136] - value = 0.50
[INFO ][2016-01-14 13:01:32,335][com.java.SeleniumDriver] [  930] -  RESULT true
[INFO ][2016-01-14 13:01:32,335][com.java.SeleniumDriver] [ 1136] - ?   P A S S   ?
[INFO ][2016-01-14 13:01:32,335][com.java.SeleniumDriver] [  856] - ------------------------------------------
[INFO ][2016-01-14 13:01:32,335][com.java.SeleniumDriver] [  857] - Test case being Executed: 12
[INFO ][2016-01-14 13:01:32,335][com.java.SeleniumDriver] [  869] - Test step:22
[INFO ][2016-01-14 13:01:32,337][com.java.SeleniumDriver] [  881] - Datavalue is----------Other
[INFO ][2016-01-14 13:01:32,337][com.java.SeleniumDriver] [  905] - DataField : TXTtxtWeight2
[INFO ][2016-01-14 13:01:32,337][com.java.SeleniumDriver] [  907] - DataValue : Other
[INFO ][2016-01-14 13:01:32,337][com.java.SeleniumDriver] [  913] - <In Set values of the page>
[INFO ][2016-01-14 13:01:32,337][com.java.SeleniumDriver] [  916] - {Data Fields & Data Values Exist}
[INFO ][2016-01-14 13:01:32,337][com.java.SeleniumDriver] [  918] - --------------------------setting values-----------------------------
[INFO ][2016-01-14 13:01:32,337][com.java.SeleniumDriver] [  921] - Action Type : STOREVALUE
[INFO ][2016-01-14 13:01:32,338][com.java.TestType] [ 9070] - field= TXTtxtWeight2
[DEBUG][2016-01-14 13:01:33,411][com.java.TestType] [ 9084] - Key:: Other  Value:: 0.50
[INFO ][2016-01-14 13:01:33,411][com.java.SeleniumDriver] [  930] -  RESULT true
[INFO ][2016-01-14 13:01:33,411][com.java.SeleniumDriver] [ 1136] - ?   P A S S   ?
[INFO ][2016-01-14 13:01:33,411][com.java.SeleniumDriver] [  856] - ------------------------------------------
[INFO ][2016-01-14 13:01:33,411][com.java.SeleniumDriver] [  857] - Test case being Executed: 12
[INFO ][2016-01-14 13:01:33,411][com.java.SeleniumDriver] [  869] - Test step:23
[INFO ][2016-01-14 13:01:33,411][com.java.SeleniumDriver] [  881] - Datavalue is----------3
[INFO ][2016-01-14 13:01:33,411][com.java.SeleniumDriver] [  905] - DataField : test
[INFO ][2016-01-14 13:01:33,411][com.java.SeleniumDriver] [  907] - DataValue : 3
[INFO ][2016-01-14 13:01:33,411][com.java.SeleniumDriver] [  913] - <In Set values of the page>
[INFO ][2016-01-14 13:01:33,412][com.java.SeleniumDriver] [  916] - {Data Fields & Data Values Exist}
[INFO ][2016-01-14 13:01:33,412][com.java.SeleniumDriver] [  918] - --------------------------setting values-----------------------------
[INFO ][2016-01-14 13:01:33,412][com.java.SeleniumDriver] [  921] - Action Type : WAITTIME
[DEBUG][2016-01-14 13:01:33,412][com.java.TestType] [ 5950] - sleepTime: 3000
[INFO ][2016-01-14 13:01:36,411][com.java.SeleniumDriver] [  930] -  RESULT true
[INFO ][2016-01-14 13:01:36,411][com.java.SeleniumDriver] [ 1136] - ?   P A S S   ?
[INFO ][2016-01-14 13:01:36,411][com.java.SeleniumDriver] [  856] - ------------------------------------------
[INFO ][2016-01-14 13:01:36,411][com.java.SeleniumDriver] [  857] - Test case being Executed: 12
[INFO ][2016-01-14 13:01:36,411][com.java.SeleniumDriver] [  869] - Test step:24
[INFO ][2016-01-14 13:01:36,411][com.java.SeleniumDriver] [  881] - Datavalue is----------null
[DEBUG][2016-01-14 13:01:36,411][com.java.SeleniumDriver] [  899] - Exception: null
[INFO ][2016-01-14 13:01:36,411][com.java.SeleniumDriver] [  905] - DataField : BTNchkRated
[INFO ][2016-01-14 13:01:36,411][com.java.SeleniumDriver] [  907] - DataValue : 
[INFO ][2016-01-14 13:01:36,411][com.java.SeleniumDriver] [  913] - <In Set values of the page>
[INFO ][2016-01-14 13:01:36,411][com.java.SeleniumDriver] [  916] - {Data Fields & Data Values Exist}
[INFO ][2016-01-14 13:01:36,411][com.java.SeleniumDriver] [  918] - --------------------------setting values-----------------------------
[INFO ][2016-01-14 13:01:36,412][com.java.SeleniumDriver] [  921] - Action Type : CLICK
[INFO ][2016-01-14 13:01:36,412][com.java.TestType] [ 6515] - Field ::BTNchkRated
[INFO ][2016-01-14 13:01:36,412][com.java.TestType] [ 6136] - value = 
[INFO ][2016-01-14 13:01:37,411][com.java.TestType] [ 6631] - BEFORE CLICK
[INFO ][2016-01-14 13:01:38,591][com.java.TestType] [ 6638] - Unable to click the object RatedLoan checkbox
[INFO ][2016-01-14 13:01:38,592][com.java.SeleniumDriver] [  930] -  RESULT true
[INFO ][2016-01-14 13:01:38,592][com.java.SeleniumDriver] [ 1136] - ?   P A S S   ?
[INFO ][2016-01-14 13:01:38,592][com.java.SeleniumDriver] [  856] - ------------------------------------------
[INFO ][2016-01-14 13:01:38,592][com.java.SeleniumDriver] [  857] - Test case being Executed: 12
[INFO ][2016-01-14 13:01:38,592][com.java.SeleniumDriver] [  869] - Test step:25
[INFO ][2016-01-14 13:01:38,592][com.java.SeleniumDriver] [  881] - Datavalue is----------null
[DEBUG][2016-01-14 13:01:38,592][com.java.SeleniumDriver] [  899] - Exception: null
[INFO ][2016-01-14 13:01:38,592][com.java.SeleniumDriver] [  905] - DataField : BTNparent
[INFO ][2016-01-14 13:01:38,592][com.java.SeleniumDriver] [  907] - DataValue : 
[INFO ][2016-01-14 13:01:38,592][com.java.SeleniumDriver] [  913] - <In Set values of the page>
[INFO ][2016-01-14 13:01:38,592][com.java.SeleniumDriver] [  916] - {Data Fields & Data Values Exist}
[INFO ][2016-01-14 13:01:38,592][com.java.SeleniumDriver] [  918] - --------------------------setting values-----------------------------
[INFO ][2016-01-14 13:01:38,592][com.java.SeleniumDriver] [  921] - Action Type : SELECTFRAME
[INFO ][2016-01-14 13:01:38,608][com.java.SeleniumDriver] [  930] -  RESULT true
[INFO ][2016-01-14 13:01:38,608][com.java.SeleniumDriver] [ 1136] - ?   P A S S   ?
[INFO ][2016-01-14 13:01:38,608][com.java.SeleniumDriver] [  856] - ------------------------------------------
[INFO ][2016-01-14 13:01:38,608][com.java.SeleniumDriver] [  857] - Test case being Executed: 12
[INFO ][2016-01-14 13:01:38,608][com.java.SeleniumDriver] [  869] - Test step:26
[INFO ][2016-01-14 13:01:38,608][com.java.SeleniumDriver] [  881] - Datavalue is----------5
[INFO ][2016-01-14 13:01:38,608][com.java.SeleniumDriver] [  905] - DataField : XPH//span[contains(text(), 'Update')]
[INFO ][2016-01-14 13:01:38,608][com.java.SeleniumDriver] [  907] - DataValue : 5
[INFO ][2016-01-14 13:01:38,608][com.java.SeleniumDriver] [  913] - <In Set values of the page>
[INFO ][2016-01-14 13:01:38,609][com.java.SeleniumDriver] [  916] - {Data Fields & Data Values Exist}
[INFO ][2016-01-14 13:01:38,609][com.java.SeleniumDriver] [  918] - --------------------------setting values-----------------------------
[INFO ][2016-01-14 13:01:38,609][com.java.SeleniumDriver] [  921] - Action Type : WAITFORELEMENT
[INFO ][2016-01-14 13:01:38,644][com.java.SeleniumDriver] [  930] -  RESULT true
[INFO ][2016-01-14 13:01:38,644][com.java.SeleniumDriver] [ 1136] - ?   P A S S   ?
[INFO ][2016-01-14 13:01:38,644][com.java.SeleniumDriver] [  856] - ------------------------------------------
[INFO ][2016-01-14 13:01:38,644][com.java.SeleniumDriver] [  857] - Test case being Executed: 12
[INFO ][2016-01-14 13:01:38,644][com.java.SeleniumDriver] [  869] - Test step:27
[INFO ][2016-01-14 13:01:38,644][com.java.SeleniumDriver] [  881] - Datavalue is----------null
[DEBUG][2016-01-14 13:01:38,644][com.java.SeleniumDriver] [  899] - Exception: null
[INFO ][2016-01-14 13:01:38,645][com.java.SeleniumDriver] [  905] - DataField : HDN//span[contains(text(), 'Update')]
[INFO ][2016-01-14 13:01:38,645][com.java.SeleniumDriver] [  907] - DataValue : 
[INFO ][2016-01-14 13:01:38,645][com.java.SeleniumDriver] [  913] - <In Set values of the page>
[INFO ][2016-01-14 13:01:38,645][com.java.SeleniumDriver] [  916] - {Data Fields & Data Values Exist}
[INFO ][2016-01-14 13:01:38,645][com.java.SeleniumDriver] [  918] - --------------------------setting values-----------------------------
[INFO ][2016-01-14 13:01:38,645][com.java.SeleniumDriver] [  921] - Action Type : CLICK
[INFO ][2016-01-14 13:01:38,645][com.java.TestType] [ 6515] - Field ::HDN//span[contains(text(), 'Update')]
[INFO ][2016-01-14 13:01:38,645][com.java.TestType] [ 6136] - value = 
[INFO ][2016-01-14 13:01:39,800][com.java.SeleniumDriver] [  930] -  RESULT true
[INFO ][2016-01-14 13:01:39,800][com.java.SeleniumDriver] [ 1136] - ?   P A S S   ?
[INFO ][2016-01-14 13:01:39,800][com.java.SeleniumDriver] [  856] - ------------------------------------------
[INFO ][2016-01-14 13:01:39,800][com.java.SeleniumDriver] [  857] - Test case being Executed: 12
[INFO ][2016-01-14 13:01:39,800][com.java.SeleniumDriver] [  869] - Test step:28
[INFO ][2016-01-14 13:01:39,800][com.java.SeleniumDriver] [  881] - Datavalue is----------5
[INFO ][2016-01-14 13:01:39,800][com.java.SeleniumDriver] [  905] - DataField : XPH//span[contains(text(), 'Rated Loan Categories')]
[INFO ][2016-01-14 13:01:39,802][com.java.SeleniumDriver] [  907] - DataValue : 5
[INFO ][2016-01-14 13:01:39,802][com.java.SeleniumDriver] [  913] - <In Set values of the page>
[INFO ][2016-01-14 13:01:39,802][com.java.SeleniumDriver] [  916] - {Data Fields & Data Values Exist}
[INFO ][2016-01-14 13:01:39,802][com.java.SeleniumDriver] [  918] - --------------------------setting values-----------------------------
[INFO ][2016-01-14 13:01:39,802][com.java.SeleniumDriver] [  921] - Action Type : WAITFORELEMENT
[INFO ][2016-01-14 13:01:39,837][com.java.SeleniumDriver] [  930] -  RESULT true
[INFO ][2016-01-14 13:01:39,837][com.java.SeleniumDriver] [ 1136] - ?   P A S S   ?
[INFO ][2016-01-14 13:01:39,837][com.java.SeleniumDriver] [  856] - ------------------------------------------
[INFO ][2016-01-14 13:01:39,837][com.java.SeleniumDriver] [  857] - Test case being Executed: 12
[INFO ][2016-01-14 13:01:39,837][com.java.SeleniumDriver] [  869] - Test step:29
[INFO ][2016-01-14 13:01:39,837][com.java.SeleniumDriver] [  881] - Datavalue is----------null
[DEBUG][2016-01-14 13:01:39,838][com.java.SeleniumDriver] [  899] - Exception: null
[INFO ][2016-01-14 13:01:39,838][com.java.SeleniumDriver] [  905] - DataField : BTNframeDialogContent
[INFO ][2016-01-14 13:01:39,838][com.java.SeleniumDriver] [  907] - DataValue : 
[INFO ][2016-01-14 13:01:39,839][com.java.SeleniumDriver] [  913] - <In Set values of the page>
[INFO ][2016-01-14 13:01:39,839][com.java.SeleniumDriver] [  916] - {Data Fields & Data Values Exist}
[INFO ][2016-01-14 13:01:39,839][com.java.SeleniumDriver] [  918] - --------------------------setting values-----------------------------
[INFO ][2016-01-14 13:01:39,839][com.java.SeleniumDriver] [  921] - Action Type : SELECTFRAME
[INFO ][2016-01-14 13:01:41,420][com.java.SeleniumDriver] [  930] -  RESULT true
[INFO ][2016-01-14 13:01:41,420][com.java.SeleniumDriver] [ 1136] - ?   P A S S   ?
[INFO ][2016-01-14 13:01:41,420][com.java.SeleniumDriver] [  856] - ------------------------------------------
[INFO ][2016-01-14 13:01:41,420][com.java.SeleniumDriver] [  857] - Test case being Executed: 12
[INFO ][2016-01-14 13:01:41,420][com.java.SeleniumDriver] [  869] - Test step:30
[INFO ][2016-01-14 13:01:41,420][com.java.SeleniumDriver] [  881] - Datavalue is----------HMVTest
[INFO ][2016-01-14 13:01:41,420][com.java.SeleniumDriver] [  905] - DataField : MSG
[INFO ][2016-01-14 13:01:41,420][com.java.SeleniumDriver] [  907] - DataValue : HMVTest
[INFO ][2016-01-14 13:01:41,420][com.java.SeleniumDriver] [  913] - <In Set values of the page>
[INFO ][2016-01-14 13:01:41,420][com.java.SeleniumDriver] [  916] - {Data Fields & Data Values Exist}
[INFO ][2016-01-14 13:01:41,420][com.java.SeleniumDriver] [  918] - --------------------------setting values-----------------------------
[INFO ][2016-01-14 13:01:41,421][com.java.SeleniumDriver] [  921] - Action Type : VERIFY
[INFO ][2016-01-14 13:01:41,421][com.java.TestType] [ 7643] - field= MSG value= HMVTest
[INFO ][2016-01-14 13:01:41,421][com.java.TestType] [ 6136] - value = VLTest23886
[DEBUG][2016-01-14 13:01:41,421][com.java.TestType] [ 8473] - value :: VLTest23886
[INFO ][2016-01-14 13:01:41,438][com.java.SeleniumDriver] [  930] -  RESULT true
[INFO ][2016-01-14 13:01:41,440][com.java.SeleniumDriver] [ 1136] - ?   P A S S   ?
[INFO ][2016-01-14 13:01:41,440][com.java.SeleniumDriver] [  856] - ------------------------------------------
[INFO ][2016-01-14 13:01:41,440][com.java.SeleniumDriver] [  857] - Test case being Executed: 12
[INFO ][2016-01-14 13:01:41,440][com.java.SeleniumDriver] [  869] - Test step:31
[INFO ][2016-01-14 13:01:41,440][com.java.SeleniumDriver] [  881] - Datavalue is----------null
[DEBUG][2016-01-14 13:01:41,440][com.java.SeleniumDriver] [  899] - Exception: null
[INFO ][2016-01-14 13:01:41,440][com.java.SeleniumDriver] [  905] - DataField : BTNparent
[INFO ][2016-01-14 13:01:41,440][com.java.SeleniumDriver] [  907] - DataValue : 
[INFO ][2016-01-14 13:01:41,440][com.java.SeleniumDriver] [  913] - <In Set values of the page>
[INFO ][2016-01-14 13:01:41,440][com.java.SeleniumDriver] [  916] - {Data Fields & Data Values Exist}
[INFO ][2016-01-14 13:01:41,440][com.java.SeleniumDriver] [  918] - --------------------------setting values-----------------------------
[INFO ][2016-01-14 13:01:41,440][com.java.SeleniumDriver] [  921] - Action Type : SELECTFRAME
[INFO ][2016-01-14 13:01:41,456][com.java.SeleniumDriver] [  930] -  RESULT true
[INFO ][2016-01-14 13:01:41,456][com.java.SeleniumDriver] [ 1136] - ?   P A S S   ?
[INFO ][2016-01-14 13:01:41,456][com.java.SeleniumDriver] [  856] - ------------------------------------------
[INFO ][2016-01-14 13:01:41,456][com.java.SeleniumDriver] [  857] - Test case being Executed: 12
[INFO ][2016-01-14 13:01:41,456][com.java.SeleniumDriver] [  869] - Test step:32
[INFO ][2016-01-14 13:01:41,456][com.java.SeleniumDriver] [  881] - Datavalue is----------null
[DEBUG][2016-01-14 13:01:41,456][com.java.SeleniumDriver] [  899] - Exception: null
[INFO ][2016-01-14 13:01:41,456][com.java.SeleniumDriver] [  905] - DataField : HDN//span[contains(text(), 'Update')]
[INFO ][2016-01-14 13:01:41,457][com.java.SeleniumDriver] [  907] - DataValue : 
[INFO ][2016-01-14 13:01:41,457][com.java.SeleniumDriver] [  913] - <In Set values of the page>
[INFO ][2016-01-14 13:01:41,457][com.java.SeleniumDriver] [  916] - {Data Fields & Data Values Exist}
[INFO ][2016-01-14 13:01:41,457][com.java.SeleniumDriver] [  918] - --------------------------setting values-----------------------------
[INFO ][2016-01-14 13:01:41,457][com.java.SeleniumDriver] [  921] - Action Type : CLICK
[INFO ][2016-01-14 13:01:41,457][com.java.TestType] [ 6515] - Field ::HDN//span[contains(text(), 'Update')]
[INFO ][2016-01-14 13:01:41,457][com.java.TestType] [ 6136] - value = 
[INFO ][2016-01-14 13:01:42,775][com.java.SeleniumDriver] [  930] -  RESULT true
[INFO ][2016-01-14 13:01:42,775][com.java.SeleniumDriver] [ 1136] - ?   P A S S   ?
[INFO ][2016-01-14 13:01:42,775][com.java.SeleniumDriver] [  856] - ------------------------------------------
[INFO ][2016-01-14 13:01:42,775][com.java.SeleniumDriver] [  857] - Test case being Executed: 12
[INFO ][2016-01-14 13:01:42,775][com.java.SeleniumDriver] [  869] - Test step:33
[INFO ][2016-01-14 13:01:42,775][com.java.SeleniumDriver] [  881] - Datavalue is----------3
[INFO ][2016-01-14 13:01:42,775][com.java.SeleniumDriver] [  905] - DataField : XPH//div[contains(text(), 'My Dashboard')]
[INFO ][2016-01-14 13:01:42,775][com.java.SeleniumDriver] [  907] - DataValue : 3
[INFO ][2016-01-14 13:01:42,776][com.java.SeleniumDriver] [  913] - <In Set values of the page>
[INFO ][2016-01-14 13:01:42,776][com.java.SeleniumDriver] [  916] - {Data Fields & Data Values Exist}
[INFO ][2016-01-14 13:01:42,776][com.java.SeleniumDriver] [  918] - --------------------------setting values-----------------------------
[INFO ][2016-01-14 13:01:42,776][com.java.SeleniumDriver] [  921] - Action Type : WAITFORELEMENT
[INFO ][2016-01-14 13:01:42,861][com.java.SeleniumDriver] [  930] -  RESULT true
[INFO ][2016-01-14 13:01:42,861][com.java.SeleniumDriver] [ 1136] - ?   P A S S   ?
[INFO ][2016-01-14 13:01:42,861][com.java.SeleniumDriver] [  856] - ------------------------------------------
[INFO ][2016-01-14 13:01:42,861][com.java.SeleniumDriver] [  857] - Test case being Executed: 12
[INFO ][2016-01-14 13:01:42,861][com.java.SeleniumDriver] [  869] - Test step:34
[INFO ][2016-01-14 13:01:42,861][com.java.SeleniumDriver] [  881] - Datavalue is----------My Dashboard
[INFO ][2016-01-14 13:01:42,861][com.java.SeleniumDriver] [  905] - DataField : XPH//div[contains(text(), 'My Dashboard')]
[INFO ][2016-01-14 13:01:42,861][com.java.SeleniumDriver] [  907] - DataValue : My Dashboard
[INFO ][2016-01-14 13:01:42,862][com.java.SeleniumDriver] [  913] - <In Set values of the page>
[INFO ][2016-01-14 13:01:42,862][com.java.SeleniumDriver] [  916] - {Data Fields & Data Values Exist}
[INFO ][2016-01-14 13:01:42,862][com.java.SeleniumDriver] [  918] - --------------------------setting values-----------------------------
[INFO ][2016-01-14 13:01:42,862][com.java.SeleniumDriver] [  921] - Action Type : VERIFY
[INFO ][2016-01-14 13:01:42,862][com.java.TestType] [ 7643] - field= XPH//div[contains(text(), 'My Dashboard')] value= My Dashboard
[INFO ][2016-01-14 13:01:42,862][com.java.TestType] [ 6136] - value = My Dashboard
[INFO ][2016-01-14 13:01:42,976][com.java.SeleniumDriver] [  930] -  RESULT true
[INFO ][2016-01-14 13:01:42,976][com.java.SeleniumDriver] [ 1136] - ?   P A S S   ?
[INFO ][2016-01-14 13:01:42,976][com.java.SeleniumDriver] [  856] - ------------------------------------------
[INFO ][2016-01-14 13:01:42,976][com.java.SeleniumDriver] [  857] - Test case being Executed: 12
[INFO ][2016-01-14 13:01:42,976][com.java.SeleniumDriver] [  869] - Test step:35
[INFO ][2016-01-14 13:01:42,976][com.java.SeleniumDriver] [  881] - Datavalue is----------null
[DEBUG][2016-01-14 13:01:42,976][com.java.SeleniumDriver] [  899] - Exception: null
[INFO ][2016-01-14 13:01:42,977][com.java.SeleniumDriver] [  905] - DataField : //span[@class='icon-user4']&&//a[text()='Company Settings']&&//a[@data-id="RatedLoans"]
[INFO ][2016-01-14 13:01:42,977][com.java.SeleniumDriver] [  907] - DataValue : 
[INFO ][2016-01-14 13:01:42,977][com.java.SeleniumDriver] [  913] - <In Set values of the page>
[INFO ][2016-01-14 13:01:42,977][com.java.SeleniumDriver] [  916] - {Data Fields & Data Values Exist}
[INFO ][2016-01-14 13:01:42,977][com.java.SeleniumDriver] [  918] - --------------------------setting values-----------------------------
[INFO ][2016-01-14 13:01:42,977][com.java.SeleniumDriver] [  921] - Action Type : MOUSEOVER
[INFO ][2016-01-14 13:02:10,366][com.java.SeleniumDriver] [  930] -  RESULT true
[INFO ][2016-01-14 13:02:10,366][com.java.SeleniumDriver] [ 1136] - ?   P A S S   ?
[INFO ][2016-01-14 13:02:10,366][com.java.SeleniumDriver] [  856] - ------------------------------------------
[INFO ][2016-01-14 13:02:10,366][com.java.SeleniumDriver] [  857] - Test case being Executed: 12
[INFO ][2016-01-14 13:02:10,366][com.java.SeleniumDriver] [  869] - Test step:36
[INFO ][2016-01-14 13:02:10,366][com.java.SeleniumDriver] [  881] - Datavalue is----------Rated Loan Categories
[INFO ][2016-01-14 13:02:10,366][com.java.SeleniumDriver] [  905] - DataField : XPH//span[contains(text(), 'Rated Loan Categories')]
[INFO ][2016-01-14 13:02:10,366][com.java.SeleniumDriver] [  907] - DataValue : Rated Loan Categories
[INFO ][2016-01-14 13:02:10,366][com.java.SeleniumDriver] [  913] - <In Set values of the page>
[INFO ][2016-01-14 13:02:10,366][com.java.SeleniumDriver] [  916] - {Data Fields & Data Values Exist}
[INFO ][2016-01-14 13:02:10,366][com.java.SeleniumDriver] [  918] - --------------------------setting values-----------------------------
[INFO ][2016-01-14 13:02:10,366][com.java.SeleniumDriver] [  921] - Action Type : VERIFY
[INFO ][2016-01-14 13:02:10,366][com.java.TestType] [ 7643] - field= XPH//span[contains(text(), 'Rated Loan Categories')] value= Rated Loan Categories
[INFO ][2016-01-14 13:02:10,368][com.java.TestType] [ 6136] - value = Rated Loan Categories
[INFO ][2016-01-14 13:02:10,495][com.java.SeleniumDriver] [  930] -  RESULT true
[INFO ][2016-01-14 13:02:10,495][com.java.SeleniumDriver] [ 1136] - ?   P A S S   ?
[INFO ][2016-01-14 13:02:10,495][com.java.SeleniumDriver] [  856] - ------------------------------------------
[INFO ][2016-01-14 13:02:10,495][com.java.SeleniumDriver] [  857] - Test case being Executed: 12
[INFO ][2016-01-14 13:02:10,495][com.java.SeleniumDriver] [  869] - Test step:37
[INFO ][2016-01-14 13:02:10,495][com.java.SeleniumDriver] [  881] - Datavalue is----------null
[DEBUG][2016-01-14 13:02:10,495][com.java.SeleniumDriver] [  899] - Exception: null
[INFO ][2016-01-14 13:02:10,495][com.java.SeleniumDriver] [  905] - DataField : BTNframeDialogContent
[INFO ][2016-01-14 13:02:10,495][com.java.SeleniumDriver] [  907] - DataValue : 
[INFO ][2016-01-14 13:02:10,496][com.java.SeleniumDriver] [  913] - <In Set values of the page>
[INFO ][2016-01-14 13:02:10,496][com.java.SeleniumDriver] [  916] - {Data Fields & Data Values Exist}
[INFO ][2016-01-14 13:02:10,496][com.java.SeleniumDriver] [  918] - --------------------------setting values-----------------------------
[INFO ][2016-01-14 13:02:10,496][com.java.SeleniumDriver] [  921] - Action Type : SELECTFRAME
[INFO ][2016-01-14 13:02:11,774][com.java.SeleniumDriver] [  930] -  RESULT true
[INFO ][2016-01-14 13:02:11,774][com.java.SeleniumDriver] [ 1136] - ?   P A S S   ?
[INFO ][2016-01-14 13:02:11,774][com.java.SeleniumDriver] [  856] - ------------------------------------------
[INFO ][2016-01-14 13:02:11,774][com.java.SeleniumDriver] [  857] - Test case being Executed: 12
[INFO ][2016-01-14 13:02:11,774][com.java.SeleniumDriver] [  869] - Test step:38
[INFO ][2016-01-14 13:02:11,774][com.java.SeleniumDriver] [  881] - Datavalue is----------Test
[INFO ][2016-01-14 13:02:11,774][com.java.SeleniumDriver] [  905] - DataField : MNC//table[@id="tblRatedLoans"]//input[@value='mytext']
[INFO ][2016-01-14 13:02:11,774][com.java.SeleniumDriver] [  907] - DataValue : Test
[INFO ][2016-01-14 13:02:11,774][com.java.SeleniumDriver] [  913] - <In Set values of the page>
[INFO ][2016-01-14 13:02:11,774][com.java.SeleniumDriver] [  916] - {Data Fields & Data Values Exist}
[INFO ][2016-01-14 13:02:11,775][com.java.SeleniumDriver] [  918] - --------------------------setting values-----------------------------
[INFO ][2016-01-14 13:02:11,775][com.java.SeleniumDriver] [  921] - Action Type : CLICK
[INFO ][2016-01-14 13:02:11,775][com.java.TestType] [ 6515] - Field ::MNC//table[@id="tblRatedLoans"]//input[@value='mytext']
[INFO ][2016-01-14 13:02:11,775][com.java.TestType] [ 6136] - value = Test
[INFO ][2016-01-14 13:02:12,920][com.java.SeleniumDriver] [  930] -  RESULT true
[INFO ][2016-01-14 13:02:12,920][com.java.SeleniumDriver] [ 1136] - ?   P A S S   ?
[INFO ][2016-01-14 13:02:12,920][com.java.SeleniumDriver] [  856] - ------------------------------------------
[INFO ][2016-01-14 13:02:12,920][com.java.SeleniumDriver] [  857] - Test case being Executed: 12
[INFO ][2016-01-14 13:02:12,920][com.java.SeleniumDriver] [  869] - Test step:39
[INFO ][2016-01-14 13:02:12,920][com.java.SeleniumDriver] [  881] - Datavalue is----------Test::RNDVLRobot
[INFO ][2016-01-14 13:02:12,920][com.java.SeleniumDriver] [  905] - DataField : PVP//table[@id="tblRatedLoans"]//input[@value='mytext']
[INFO ][2016-01-14 13:02:12,920][com.java.SeleniumDriver] [  907] - DataValue : Test::RNDVLRobot
[INFO ][2016-01-14 13:02:12,920][com.java.SeleniumDriver] [  913] - <In Set values of the page>
[INFO ][2016-01-14 13:02:12,920][com.java.SeleniumDriver] [  916] - {Data Fields & Data Values Exist}
[INFO ][2016-01-14 13:02:12,920][com.java.SeleniumDriver] [  918] - --------------------------setting values-----------------------------
[INFO ][2016-01-14 13:02:12,921][com.java.SeleniumDriver] [  921] - Action Type : CLEARANDENTER
[INFO ][2016-01-14 13:02:13,508][com.java.SeleniumDriver] [  930] -  RESULT true
[INFO ][2016-01-14 13:02:13,508][com.java.SeleniumDriver] [ 1136] - ?   P A S S   ?
[INFO ][2016-01-14 13:02:13,508][com.java.SeleniumDriver] [  856] - ------------------------------------------
[INFO ][2016-01-14 13:02:13,508][com.java.SeleniumDriver] [  857] - Test case being Executed: 12
[INFO ][2016-01-14 13:02:13,508][com.java.SeleniumDriver] [  869] - Test step:40
[INFO ][2016-01-14 13:02:13,508][com.java.SeleniumDriver] [  881] - Datavalue is----------Test::Description
[INFO ][2016-01-14 13:02:13,508][com.java.SeleniumDriver] [  905] - DataField : PVP//table[@id="tblRatedLoans"]//input[@value='mytext']
[INFO ][2016-01-14 13:02:13,508][com.java.SeleniumDriver] [  907] - DataValue : Test::Description
[INFO ][2016-01-14 13:02:13,508][com.java.SeleniumDriver] [  913] - <In Set values of the page>
[INFO ][2016-01-14 13:02:13,508][com.java.SeleniumDriver] [  916] - {Data Fields & Data Values Exist}
[INFO ][2016-01-14 13:02:13,508][com.java.SeleniumDriver] [  918] - --------------------------setting values-----------------------------
[INFO ][2016-01-14 13:02:13,508][com.java.SeleniumDriver] [  921] - Action Type : STOREVALUE
[INFO ][2016-01-14 13:02:13,508][com.java.TestType] [ 9070] - field= PVP//table[@id="tblRatedLoans"]//input[@value='mytext']
[DEBUG][2016-01-14 13:02:13,634][com.java.TestType] [ 9364] - Key:: Test::Description  Value:: VLRobot19585
[INFO ][2016-01-14 13:02:13,634][com.java.SeleniumDriver] [  930] -  RESULT true
[INFO ][2016-01-14 13:02:13,634][com.java.SeleniumDriver] [ 1136] - ?   P A S S   ?
[INFO ][2016-01-14 13:02:13,634][com.java.SeleniumDriver] [  856] - ------------------------------------------
[INFO ][2016-01-14 13:02:13,634][com.java.SeleniumDriver] [  857] - Test case being Executed: 12
[INFO ][2016-01-14 13:02:13,634][com.java.SeleniumDriver] [  869] - Test step:41
[INFO ][2016-01-14 13:02:13,634][com.java.SeleniumDriver] [  881] - Datavalue is----------Test
[INFO ][2016-01-14 13:02:13,634][com.java.SeleniumDriver] [  905] - DataField : MNC//table[@id="tblRatedLoans"]//input[@value='mytext']/parent::td/following-sibling::td[1]/input
[INFO ][2016-01-14 13:02:13,634][com.java.SeleniumDriver] [  907] - DataValue : Test
[INFO ][2016-01-14 13:02:13,635][com.java.SeleniumDriver] [  913] - <In Set values of the page>
[INFO ][2016-01-14 13:02:13,635][com.java.SeleniumDriver] [  916] - {Data Fields & Data Values Exist}
[INFO ][2016-01-14 13:02:13,635][com.java.SeleniumDriver] [  918] - --------------------------setting values-----------------------------
[INFO ][2016-01-14 13:02:13,635][com.java.SeleniumDriver] [  921] - Action Type : CLICK
[INFO ][2016-01-14 13:02:13,635][com.java.TestType] [ 6515] - Field ::MNC//table[@id="tblRatedLoans"]//input[@value='mytext']/parent::td/following-sibling::td[1]/input
[INFO ][2016-01-14 13:02:13,635][com.java.TestType] [ 6136] - value = Test
[INFO ][2016-01-14 13:02:14,790][com.java.SeleniumDriver] [  930] -  RESULT true
[INFO ][2016-01-14 13:02:14,790][com.java.SeleniumDriver] [ 1136] - ?   P A S S   ?
[INFO ][2016-01-14 13:02:14,790][com.java.SeleniumDriver] [  856] - ------------------------------------------
[INFO ][2016-01-14 13:02:14,790][com.java.SeleniumDriver] [  857] - Test case being Executed: 12
[INFO ][2016-01-14 13:02:14,790][com.java.SeleniumDriver] [  869] - Test step:42
[INFO ][2016-01-14 13:02:14,790][com.java.SeleniumDriver] [  881] - Datavalue is----------Test::1.01
[INFO ][2016-01-14 13:02:14,790][com.java.SeleniumDriver] [  905] - DataField : PVP//table[@id="tblRatedLoans"]//input[@value='mytext']/parent::td/following-sibling::td[1]/input
[INFO ][2016-01-14 13:02:14,790][com.java.SeleniumDriver] [  907] - DataValue : Test::1.01
[INFO ][2016-01-14 13:02:14,790][com.java.SeleniumDriver] [  913] - <In Set values of the page>
[INFO ][2016-01-14 13:02:14,791][com.java.SeleniumDriver] [  916] - {Data Fields & Data Values Exist}
[INFO ][2016-01-14 13:02:14,791][com.java.SeleniumDriver] [  918] - --------------------------setting values-----------------------------
[INFO ][2016-01-14 13:02:14,791][com.java.SeleniumDriver] [  921] - Action Type : CLEARANDENTER
[INFO ][2016-01-14 13:02:15,013][com.java.SeleniumDriver] [  930] -  RESULT true
[INFO ][2016-01-14 13:02:15,014][com.java.SeleniumDriver] [ 1136] - ?   P A S S   ?
[INFO ][2016-01-14 13:02:15,014][com.java.SeleniumDriver] [  856] - ------------------------------------------
[INFO ][2016-01-14 13:02:15,014][com.java.SeleniumDriver] [  857] - Test case being Executed: 12
[INFO ][2016-01-14 13:02:15,014][com.java.SeleniumDriver] [  869] - Test step:43
[INFO ][2016-01-14 13:02:15,014][com.java.SeleniumDriver] [  881] - Datavalue is----------Test::Historical
[INFO ][2016-01-14 13:02:15,014][com.java.SeleniumDriver] [  905] - DataField : PVP//table[@id="tblRatedLoans"]//input[@value='mytext']/parent::td/following-sibling::td[1]/input
[INFO ][2016-01-14 13:02:15,014][com.java.SeleniumDriver] [  907] - DataValue : Test::Historical
[INFO ][2016-01-14 13:02:15,014][com.java.SeleniumDriver] [  913] - <In Set values of the page>
[INFO ][2016-01-14 13:02:15,014][com.java.SeleniumDriver] [  916] - {Data Fields & Data Values Exist}
[INFO ][2016-01-14 13:02:15,014][com.java.SeleniumDriver] [  918] - --------------------------setting values-----------------------------
[INFO ][2016-01-14 13:02:15,014][com.java.SeleniumDriver] [  921] - Action Type : STOREVALUE
[INFO ][2016-01-14 13:02:15,014][com.java.TestType] [ 9070] - field= PVP//table[@id="tblRatedLoans"]//input[@value='mytext']/parent::td/following-sibling::td[1]/input
[DEBUG][2016-01-14 13:02:15,137][com.java.TestType] [ 9364] - Key:: Test::Historical  Value:: 1.01
[INFO ][2016-01-14 13:02:15,137][com.java.SeleniumDriver] [  930] -  RESULT true
[INFO ][2016-01-14 13:02:15,137][com.java.SeleniumDriver] [ 1136] - ?   P A S S   ?
[INFO ][2016-01-14 13:02:15,137][com.java.SeleniumDriver] [  856] - ------------------------------------------
[INFO ][2016-01-14 13:02:15,137][com.java.SeleniumDriver] [  857] - Test case being Executed: 12
[INFO ][2016-01-14 13:02:15,137][com.java.SeleniumDriver] [  869] - Test step:44
[INFO ][2016-01-14 13:02:15,137][com.java.SeleniumDriver] [  881] - Datavalue is----------Test
[INFO ][2016-01-14 13:02:15,137][com.java.SeleniumDriver] [  905] - DataField : MNC//table[@id="tblRatedLoans"]//input[@value='mytext']/parent::td/following-sibling::td[2]/input
[INFO ][2016-01-14 13:02:15,137][com.java.SeleniumDriver] [  907] - DataValue : Test
[INFO ][2016-01-14 13:02:15,137][com.java.SeleniumDriver] [  913] - <In Set values of the page>
[INFO ][2016-01-14 13:02:15,137][com.java.SeleniumDriver] [  916] - {Data Fields & Data Values Exist}
[INFO ][2016-01-14 13:02:15,137][com.java.SeleniumDriver] [  918] - --------------------------setting values-----------------------------
[INFO ][2016-01-14 13:02:15,138][com.java.SeleniumDriver] [  921] - Action Type : CLICK
[INFO ][2016-01-14 13:02:15,138][com.java.TestType] [ 6515] - Field ::MNC//table[@id="tblRatedLoans"]//input[@value='mytext']/parent::td/following-sibling::td[2]/input
[INFO ][2016-01-14 13:02:15,138][com.java.TestType] [ 6136] - value = Test
[INFO ][2016-01-14 13:02:16,289][com.java.SeleniumDriver] [  930] -  RESULT true
[INFO ][2016-01-14 13:02:16,289][com.java.SeleniumDriver] [ 1136] - ?   P A S S   ?
[INFO ][2016-01-14 13:02:16,289][com.java.SeleniumDriver] [  856] - ------------------------------------------
[INFO ][2016-01-14 13:02:16,289][com.java.SeleniumDriver] [  857] - Test case being Executed: 12
[INFO ][2016-01-14 13:02:16,289][com.java.SeleniumDriver] [  869] - Test step:45
[INFO ][2016-01-14 13:02:16,289][com.java.SeleniumDriver] [  881] - Datavalue is----------Test::1.21
[INFO ][2016-01-14 13:02:16,289][com.java.SeleniumDriver] [  905] - DataField : PVP//table[@id="tblRatedLoans"]//input[@value='mytext']/parent::td/following-sibling::td[2]/input
[INFO ][2016-01-14 13:02:16,289][com.java.SeleniumDriver] [  907] - DataValue : Test::1.21
[INFO ][2016-01-14 13:02:16,289][com.java.SeleniumDriver] [  913] - <In Set values of the page>
[INFO ][2016-01-14 13:02:16,289][com.java.SeleniumDriver] [  916] - {Data Fields & Data Values Exist}
[INFO ][2016-01-14 13:02:16,290][com.java.SeleniumDriver] [  918] - --------------------------setting values-----------------------------
[INFO ][2016-01-14 13:02:16,290][com.java.SeleniumDriver] [  921] - Action Type : CLEARANDENTER
[INFO ][2016-01-14 13:02:16,522][com.java.SeleniumDriver] [  930] -  RESULT true
[INFO ][2016-01-14 13:02:16,523][com.java.SeleniumDriver] [ 1136] - ?   P A S S   ?
[INFO ][2016-01-14 13:02:16,523][com.java.SeleniumDriver] [  856] - ------------------------------------------
[INFO ][2016-01-14 13:02:16,523][com.java.SeleniumDriver] [  857] - Test case being Executed: 12
[INFO ][2016-01-14 13:02:16,523][com.java.SeleniumDriver] [  869] - Test step:46
[INFO ][2016-01-14 13:02:16,523][com.java.SeleniumDriver] [  881] - Datavalue is----------Test::Economic
[INFO ][2016-01-14 13:02:16,523][com.java.SeleniumDriver] [  905] - DataField : PVP//table[@id="tblRatedLoans"]//input[@value='mytext']/parent::td/following-sibling::td[2]/input
[INFO ][2016-01-14 13:02:16,523][com.java.SeleniumDriver] [  907] - DataValue : Test::Economic
[INFO ][2016-01-14 13:02:16,523][com.java.SeleniumDriver] [  913] - <In Set values of the page>
[INFO ][2016-01-14 13:02:16,523][com.java.SeleniumDriver] [  916] - {Data Fields & Data Values Exist}
[INFO ][2016-01-14 13:02:16,523][com.java.SeleniumDriver] [  918] - --------------------------setting values-----------------------------
[INFO ][2016-01-14 13:02:16,523][com.java.SeleniumDriver] [  921] - Action Type : STOREVALUE
[INFO ][2016-01-14 13:02:16,523][com.java.TestType] [ 9070] - field= PVP//table[@id="tblRatedLoans"]//input[@value='mytext']/parent::td/following-sibling::td[2]/input
[DEBUG][2016-01-14 13:02:16,654][com.java.TestType] [ 9364] - Key:: Test::Economic  Value:: 1.21
[INFO ][2016-01-14 13:02:16,654][com.java.SeleniumDriver] [  930] -  RESULT true
[INFO ][2016-01-14 13:02:16,654][com.java.SeleniumDriver] [ 1136] - ?   P A S S   ?
[INFO ][2016-01-14 13:02:16,654][com.java.SeleniumDriver] [  856] - ------------------------------------------
[INFO ][2016-01-14 13:02:16,654][com.java.SeleniumDriver] [  857] - Test case being Executed: 12
[INFO ][2016-01-14 13:02:16,654][com.java.SeleniumDriver] [  869] - Test step:47
[INFO ][2016-01-14 13:02:16,654][com.java.SeleniumDriver] [  881] - Datavalue is----------Test
[INFO ][2016-01-14 13:02:16,654][com.java.SeleniumDriver] [  905] - DataField : MNC//table[@id="tblRatedLoans"]//input[@value='mytext']/parent::td/following-sibling::td[3]/input
[INFO ][2016-01-14 13:02:16,654][com.java.SeleniumDriver] [  907] - DataValue : Test
[INFO ][2016-01-14 13:02:16,654][com.java.SeleniumDriver] [  913] - <In Set values of the page>
[INFO ][2016-01-14 13:02:16,655][com.java.SeleniumDriver] [  916] - {Data Fields & Data Values Exist}
[INFO ][2016-01-14 13:02:16,655][com.java.SeleniumDriver] [  918] - --------------------------setting values-----------------------------
[INFO ][2016-01-14 13:02:16,655][com.java.SeleniumDriver] [  921] - Action Type : CLICK
[INFO ][2016-01-14 13:02:16,655][com.java.TestType] [ 6515] - Field ::MNC//table[@id="tblRatedLoans"]//input[@value='mytext']/parent::td/following-sibling::td[3]/input
[INFO ][2016-01-14 13:02:16,655][com.java.TestType] [ 6136] - value = Test
[INFO ][2016-01-14 13:02:17,795][com.java.SeleniumDriver] [  930] -  RESULT true
[INFO ][2016-01-14 13:02:17,795][com.java.SeleniumDriver] [ 1136] - ?   P A S S   ?
[INFO ][2016-01-14 13:02:17,795][com.java.SeleniumDriver] [  856] - ------------------------------------------
[INFO ][2016-01-14 13:02:17,795][com.java.SeleniumDriver] [  857] - Test case being Executed: 12
[INFO ][2016-01-14 13:02:17,795][com.java.SeleniumDriver] [  869] - Test step:48
[INFO ][2016-01-14 13:02:17,795][com.java.SeleniumDriver] [  881] - Datavalue is----------Test::0.51
[INFO ][2016-01-14 13:02:17,795][com.java.SeleniumDriver] [  905] - DataField : PVP//table[@id="tblRatedLoans"]//input[@value='mytext']/parent::td/following-sibling::td[3]/input
[INFO ][2016-01-14 13:02:17,795][com.java.SeleniumDriver] [  907] - DataValue : Test::0.51
[INFO ][2016-01-14 13:02:17,795][com.java.SeleniumDriver] [  913] - <In Set values of the page>
[INFO ][2016-01-14 13:02:17,795][com.java.SeleniumDriver] [  916] - {Data Fields & Data Values Exist}
[INFO ][2016-01-14 13:02:17,796][com.java.SeleniumDriver] [  918] - --------------------------setting values-----------------------------
[INFO ][2016-01-14 13:02:17,796][com.java.SeleniumDriver] [  921] - Action Type : CLEARANDENTER
[INFO ][2016-01-14 13:02:18,040][com.java.SeleniumDriver] [  930] -  RESULT true
[INFO ][2016-01-14 13:02:18,040][com.java.SeleniumDriver] [ 1136] - ?   P A S S   ?
[INFO ][2016-01-14 13:02:18,040][com.java.SeleniumDriver] [  856] - ------------------------------------------
[INFO ][2016-01-14 13:02:18,042][com.java.SeleniumDriver] [  857] - Test case being Executed: 12
[INFO ][2016-01-14 13:02:18,042][com.java.SeleniumDriver] [  869] - Test step:49
[INFO ][2016-01-14 13:02:18,042][com.java.SeleniumDriver] [  881] - Datavalue is----------Test::Other
[INFO ][2016-01-14 13:02:18,042][com.java.SeleniumDriver] [  905] - DataField : PVP//table[@id="tblRatedLoans"]//input[@value='mytext']/parent::td/following-sibling::td[3]/input
[INFO ][2016-01-14 13:02:18,042][com.java.SeleniumDriver] [  907] - DataValue : Test::Other
[INFO ][2016-01-14 13:02:18,042][com.java.SeleniumDriver] [  913] - <In Set values of the page>
[INFO ][2016-01-14 13:02:18,042][com.java.SeleniumDriver] [  916] - {Data Fields & Data Values Exist}
[INFO ][2016-01-14 13:02:18,042][com.java.SeleniumDriver] [  918] - --------------------------setting values-----------------------------
[INFO ][2016-01-14 13:02:18,042][com.java.SeleniumDriver] [  921] - Action Type : STOREVALUE
[INFO ][2016-01-14 13:02:18,042][com.java.TestType] [ 9070] - field= PVP//table[@id="tblRatedLoans"]//input[@value='mytext']/parent::td/following-sibling::td[3]/input
[DEBUG][2016-01-14 13:02:18,163][com.java.TestType] [ 9364] - Key:: Test::Other  Value:: 0.51
[INFO ][2016-01-14 13:02:18,163][com.java.SeleniumDriver] [  930] -  RESULT true
[INFO ][2016-01-14 13:02:18,163][com.java.SeleniumDriver] [ 1136] - ?   P A S S   ?
[INFO ][2016-01-14 13:02:18,163][com.java.SeleniumDriver] [  856] - ------------------------------------------
[INFO ][2016-01-14 13:02:18,163][com.java.SeleniumDriver] [  857] - Test case being Executed: 12
[INFO ][2016-01-14 13:02:18,163][com.java.SeleniumDriver] [  869] - Test step:50
[INFO ][2016-01-14 13:02:18,163][com.java.SeleniumDriver] [  881] - Datavalue is----------Test
[INFO ][2016-01-14 13:02:18,163][com.java.SeleniumDriver] [  905] - DataField : MNC//table[@id="tblRatedLoans"]//input[@value='mytext']/parent::td/following-sibling::td[4]/input
[INFO ][2016-01-14 13:02:18,163][com.java.SeleniumDriver] [  907] - DataValue : Test
[INFO ][2016-01-14 13:02:18,163][com.java.SeleniumDriver] [  913] - <In Set values of the page>
[INFO ][2016-01-14 13:02:18,164][com.java.SeleniumDriver] [  916] - {Data Fields & Data Values Exist}
[INFO ][2016-01-14 13:02:18,164][com.java.SeleniumDriver] [  918] - --------------------------setting values-----------------------------
[INFO ][2016-01-14 13:02:18,164][com.java.SeleniumDriver] [  921] - Action Type : CLICK
[INFO ][2016-01-14 13:02:18,164][com.java.TestType] [ 6515] - Field ::MNC//table[@id="tblRatedLoans"]//input[@value='mytext']/parent::td/following-sibling::td[4]/input
[INFO ][2016-01-14 13:02:18,164][com.java.TestType] [ 6136] - value = Test
[INFO ][2016-01-14 13:02:19,328][com.java.SeleniumDriver] [  930] -  RESULT true
[INFO ][2016-01-14 13:02:19,328][com.java.SeleniumDriver] [ 1136] - ?   P A S S   ?
[INFO ][2016-01-14 13:02:19,328][com.java.SeleniumDriver] [  856] - ------------------------------------------
[INFO ][2016-01-14 13:02:19,328][com.java.SeleniumDriver] [  857] - Test case being Executed: 12
[INFO ][2016-01-14 13:02:19,328][com.java.SeleniumDriver] [  869] - Test step:51
[INFO ][2016-01-14 13:02:19,328][com.java.SeleniumDriver] [  881] - Datavalue is----------null
[DEBUG][2016-01-14 13:02:19,328][com.java.SeleniumDriver] [  899] - Exception: null
[INFO ][2016-01-14 13:02:19,328][com.java.SeleniumDriver] [  905] - DataField : BTNparent
[INFO ][2016-01-14 13:02:19,328][com.java.SeleniumDriver] [  907] - DataValue : 
[INFO ][2016-01-14 13:02:19,329][com.java.SeleniumDriver] [  913] - <In Set values of the page>
[INFO ][2016-01-14 13:02:19,329][com.java.SeleniumDriver] [  916] - {Data Fields & Data Values Exist}
[INFO ][2016-01-14 13:02:19,329][com.java.SeleniumDriver] [  918] - --------------------------setting values-----------------------------
[INFO ][2016-01-14 13:02:19,329][com.java.SeleniumDriver] [  921] - Action Type : SELECTFRAME
[INFO ][2016-01-14 13:02:19,344][com.java.SeleniumDriver] [  930] -  RESULT true
[INFO ][2016-01-14 13:02:19,344][com.java.SeleniumDriver] [ 1136] - ?   P A S S   ?
[INFO ][2016-01-14 13:02:19,344][com.java.SeleniumDriver] [  856] - ------------------------------------------
[INFO ][2016-01-14 13:02:19,344][com.java.SeleniumDriver] [  857] - Test case being Executed: 12
[INFO ][2016-01-14 13:02:19,344][com.java.SeleniumDriver] [  869] - Test step:52
[INFO ][2016-01-14 13:02:19,344][com.java.SeleniumDriver] [  881] - Datavalue is----------5
[INFO ][2016-01-14 13:02:19,344][com.java.SeleniumDriver] [  905] - DataField : XPH//span[contains(text(), 'Update')]
[INFO ][2016-01-14 13:02:19,344][com.java.SeleniumDriver] [  907] - DataValue : 5
[INFO ][2016-01-14 13:02:19,344][com.java.SeleniumDriver] [  913] - <In Set values of the page>
[INFO ][2016-01-14 13:02:19,344][com.java.SeleniumDriver] [  916] - {Data Fields & Data Values Exist}
[INFO ][2016-01-14 13:02:19,345][com.java.SeleniumDriver] [  918] - --------------------------setting values-----------------------------
[INFO ][2016-01-14 13:02:19,345][com.java.SeleniumDriver] [  921] - Action Type : WAITFORELEMENT
[INFO ][2016-01-14 13:02:19,391][com.java.SeleniumDriver] [  930] -  RESULT true
[INFO ][2016-01-14 13:02:19,391][com.java.SeleniumDriver] [ 1136] - ?   P A S S   ?
[INFO ][2016-01-14 13:02:19,391][com.java.SeleniumDriver] [  856] - ------------------------------------------
[INFO ][2016-01-14 13:02:19,391][com.java.SeleniumDriver] [  857] - Test case being Executed: 12
[INFO ][2016-01-14 13:02:19,391][com.java.SeleniumDriver] [  869] - Test step:53
[INFO ][2016-01-14 13:02:19,391][com.java.SeleniumDriver] [  881] - Datavalue is----------null
[DEBUG][2016-01-14 13:02:19,392][com.java.SeleniumDriver] [  899] - Exception: null
[INFO ][2016-01-14 13:02:19,392][com.java.SeleniumDriver] [  905] - DataField : HDN//span[contains(text(), 'Update')]
[INFO ][2016-01-14 13:02:19,392][com.java.SeleniumDriver] [  907] - DataValue : 
[INFO ][2016-01-14 13:02:19,392][com.java.SeleniumDriver] [  913] - <In Set values of the page>
[INFO ][2016-01-14 13:02:19,392][com.java.SeleniumDriver] [  916] - {Data Fields & Data Values Exist}
[INFO ][2016-01-14 13:02:19,392][com.java.SeleniumDriver] [  918] - --------------------------setting values-----------------------------
[INFO ][2016-01-14 13:02:19,392][com.java.SeleniumDriver] [  921] - Action Type : CLICK
[INFO ][2016-01-14 13:02:19,392][com.java.TestType] [ 6515] - Field ::HDN//span[contains(text(), 'Update')]
[INFO ][2016-01-14 13:02:19,392][com.java.TestType] [ 6136] - value = 
[INFO ][2016-01-14 13:02:20,739][com.java.SeleniumDriver] [  930] -  RESULT true
[INFO ][2016-01-14 13:02:20,739][com.java.SeleniumDriver] [ 1136] - ?   P A S S   ?
[INFO ][2016-01-14 13:02:20,739][com.java.SeleniumDriver] [  856] - ------------------------------------------
[INFO ][2016-01-14 13:02:20,739][com.java.SeleniumDriver] [  857] - Test case being Executed: 12
[INFO ][2016-01-14 13:02:20,739][com.java.SeleniumDriver] [  869] - Test step:54
[INFO ][2016-01-14 13:02:20,739][com.java.SeleniumDriver] [  881] - Datavalue is----------3
[INFO ][2016-01-14 13:02:20,739][com.java.SeleniumDriver] [  905] - DataField : XPH//div[contains(text(), 'My Dashboard')]
[INFO ][2016-01-14 13:02:20,739][com.java.SeleniumDriver] [  907] - DataValue : 3
[INFO ][2016-01-14 13:02:20,739][com.java.SeleniumDriver] [  913] - <In Set values of the page>
[INFO ][2016-01-14 13:02:20,739][com.java.SeleniumDriver] [  916] - {Data Fields & Data Values Exist}
[INFO ][2016-01-14 13:02:20,739][com.java.SeleniumDriver] [  918] - --------------------------setting values-----------------------------
[INFO ][2016-01-14 13:02:20,739][com.java.SeleniumDriver] [  921] - Action Type : WAITFORELEMENT
[INFO ][2016-01-14 13:02:20,795][com.java.SeleniumDriver] [  930] -  RESULT true
[INFO ][2016-01-14 13:02:20,795][com.java.SeleniumDriver] [ 1136] - ?   P A S S   ?
[INFO ][2016-01-14 13:02:20,795][com.java.SeleniumDriver] [  856] - ------------------------------------------
[INFO ][2016-01-14 13:02:20,795][com.java.SeleniumDriver] [  857] - Test case being Executed: 12
[INFO ][2016-01-14 13:02:20,795][com.java.SeleniumDriver] [  869] - Test step:55
[INFO ][2016-01-14 13:02:20,795][com.java.SeleniumDriver] [  881] - Datavalue is----------My Dashboard
[INFO ][2016-01-14 13:02:20,795][com.java.SeleniumDriver] [  905] - DataField : XPH//div[contains(text(), 'My Dashboard')]
[INFO ][2016-01-14 13:02:20,795][com.java.SeleniumDriver] [  907] - DataValue : My Dashboard
[INFO ][2016-01-14 13:02:20,795][com.java.SeleniumDriver] [  913] - <In Set values of the page>
[INFO ][2016-01-14 13:02:20,796][com.java.SeleniumDriver] [  916] - {Data Fields & Data Values Exist}
[INFO ][2016-01-14 13:02:20,796][com.java.SeleniumDriver] [  918] - --------------------------setting values-----------------------------
[INFO ][2016-01-14 13:02:20,796][com.java.SeleniumDriver] [  921] - Action Type : VERIFY
[INFO ][2016-01-14 13:02:20,796][com.java.TestType] [ 7643] - field= XPH//div[contains(text(), 'My Dashboard')] value= My Dashboard
[INFO ][2016-01-14 13:02:20,796][com.java.TestType] [ 6136] - value = My Dashboard
[INFO ][2016-01-14 13:02:20,910][com.java.SeleniumDriver] [  930] -  RESULT true
[INFO ][2016-01-14 13:02:20,910][com.java.SeleniumDriver] [ 1136] - ?   P A S S   ?
[INFO ][2016-01-14 13:02:20,910][com.java.SeleniumDriver] [  856] - ------------------------------------------
[INFO ][2016-01-14 13:02:20,910][com.java.SeleniumDriver] [  857] - Test case being Executed: 12
[INFO ][2016-01-14 13:02:20,910][com.java.SeleniumDriver] [  869] - Test step:56
[INFO ][2016-01-14 13:02:20,910][com.java.SeleniumDriver] [  881] - Datavalue is----------null
[DEBUG][2016-01-14 13:02:20,910][com.java.SeleniumDriver] [  899] - Exception: null
[INFO ][2016-01-14 13:02:20,910][com.java.SeleniumDriver] [  905] - DataField : //span[@class='icon-user4']&&//a[text()='Company Settings']&&//a[@data-id="RatedLoans"]
[INFO ][2016-01-14 13:02:20,910][com.java.SeleniumDriver] [  907] - DataValue : 
[INFO ][2016-01-14 13:02:20,911][com.java.SeleniumDriver] [  913] - <In Set values of the page>
[INFO ][2016-01-14 13:02:20,911][com.java.SeleniumDriver] [  916] - {Data Fields & Data Values Exist}
[INFO ][2016-01-14 13:02:20,911][com.java.SeleniumDriver] [  918] - --------------------------setting values-----------------------------
[INFO ][2016-01-14 13:02:20,911][com.java.SeleniumDriver] [  921] - Action Type : MOUSEOVER
[INFO ][2016-01-14 13:02:48,605][com.java.SeleniumDriver] [  930] -  RESULT true
[INFO ][2016-01-14 13:02:48,605][com.java.SeleniumDriver] [ 1136] - ?   P A S S   ?
[INFO ][2016-01-14 13:02:48,605][com.java.SeleniumDriver] [  856] - ------------------------------------------
[INFO ][2016-01-14 13:02:48,605][com.java.SeleniumDriver] [  857] - Test case being Executed: 12
[INFO ][2016-01-14 13:02:48,605][com.java.SeleniumDriver] [  869] - Test step:57
[INFO ][2016-01-14 13:02:48,605][com.java.SeleniumDriver] [  881] - Datavalue is----------Rated Loan Categories
[INFO ][2016-01-14 13:02:48,605][com.java.SeleniumDriver] [  905] - DataField : XPH//span[contains(text(), 'Rated Loan Categories')]
[INFO ][2016-01-14 13:02:48,605][com.java.SeleniumDriver] [  907] - DataValue : Rated Loan Categories
[INFO ][2016-01-14 13:02:48,605][com.java.SeleniumDriver] [  913] - <In Set values of the page>
[INFO ][2016-01-14 13:02:48,605][com.java.SeleniumDriver] [  916] - {Data Fields & Data Values Exist}
[INFO ][2016-01-14 13:02:48,605][com.java.SeleniumDriver] [  918] - --------------------------setting values-----------------------------
[INFO ][2016-01-14 13:02:48,605][com.java.SeleniumDriver] [  921] - Action Type : VERIFY
[INFO ][2016-01-14 13:02:48,607][com.java.TestType] [ 7643] - field= XPH//span[contains(text(), 'Rated Loan Categories')] value= Rated Loan Categories
[INFO ][2016-01-14 13:02:48,607][com.java.TestType] [ 6136] - value = Rated Loan Categories
[INFO ][2016-01-14 13:02:48,732][com.java.SeleniumDriver] [  930] -  RESULT true
[INFO ][2016-01-14 13:02:48,732][com.java.SeleniumDriver] [ 1136] - ?   P A S S   ?
[INFO ][2016-01-14 13:02:48,732][com.java.SeleniumDriver] [  856] - ------------------------------------------
[INFO ][2016-01-14 13:02:48,732][com.java.SeleniumDriver] [  857] - Test case being Executed: 12
[INFO ][2016-01-14 13:02:48,732][com.java.SeleniumDriver] [  869] - Test step:58
[INFO ][2016-01-14 13:02:48,732][com.java.SeleniumDriver] [  881] - Datavalue is----------null
[DEBUG][2016-01-14 13:02:48,732][com.java.SeleniumDriver] [  899] - Exception: null
[INFO ][2016-01-14 13:02:48,732][com.java.SeleniumDriver] [  905] - DataField : BTNframeDialogContent
[INFO ][2016-01-14 13:02:48,732][com.java.SeleniumDriver] [  907] - DataValue : 
[INFO ][2016-01-14 13:02:48,732][com.java.SeleniumDriver] [  913] - <In Set values of the page>
[INFO ][2016-01-14 13:02:48,732][com.java.SeleniumDriver] [  916] - {Data Fields & Data Values Exist}
[INFO ][2016-01-14 13:02:48,733][com.java.SeleniumDriver] [  918] - --------------------------setting values-----------------------------
[INFO ][2016-01-14 13:02:48,733][com.java.SeleniumDriver] [  921] - Action Type : SELECTFRAME
[INFO ][2016-01-14 13:02:50,013][com.java.SeleniumDriver] [  930] -  RESULT true
[INFO ][2016-01-14 13:02:50,013][com.java.SeleniumDriver] [ 1136] - ?   P A S S   ?
[INFO ][2016-01-14 13:02:50,013][com.java.SeleniumDriver] [  856] - ------------------------------------------
[INFO ][2016-01-14 13:02:50,013][com.java.SeleniumDriver] [  857] - Test case being Executed: 12
[INFO ][2016-01-14 13:02:50,013][com.java.SeleniumDriver] [  869] - Test step:59
[INFO ][2016-01-14 13:02:50,013][com.java.SeleniumDriver] [  881] - Datavalue is----------Description::Description
[INFO ][2016-01-14 13:02:50,013][com.java.SeleniumDriver] [  905] - DataField : PVP//table[@id="tblRatedLoans"]//input[@value='mytext']/parent::td/input[1]
[INFO ][2016-01-14 13:02:50,013][com.java.SeleniumDriver] [  907] - DataValue : Description::Description
[INFO ][2016-01-14 13:02:50,013][com.java.SeleniumDriver] [  913] - <In Set values of the page>
[INFO ][2016-01-14 13:02:50,014][com.java.SeleniumDriver] [  916] - {Data Fields & Data Values Exist}
[INFO ][2016-01-14 13:02:50,014][com.java.SeleniumDriver] [  918] - --------------------------setting values-----------------------------
[INFO ][2016-01-14 13:02:50,014][com.java.SeleniumDriver] [  921] - Action Type : VERIFY
[INFO ][2016-01-14 13:02:50,014][com.java.TestType] [ 7643] - field= PVP//table[@id="tblRatedLoans"]//input[@value='mytext']/parent::td/input[1] value= Description::Description
[INFO ][2016-01-14 13:02:50,014][com.java.TestType] [ 6136] - value = Description::Description
[INFO ][2016-01-14 13:02:50,146][com.java.SeleniumDriver] [  930] -  RESULT true
[INFO ][2016-01-14 13:02:50,146][com.java.SeleniumDriver] [ 1136] - ?   P A S S   ?
[INFO ][2016-01-14 13:02:50,146][com.java.SeleniumDriver] [  856] - ------------------------------------------
[INFO ][2016-01-14 13:02:50,146][com.java.SeleniumDriver] [  857] - Test case being Executed: 12
[INFO ][2016-01-14 13:02:50,146][com.java.SeleniumDriver] [  869] - Test step:60
[INFO ][2016-01-14 13:02:50,146][com.java.SeleniumDriver] [  881] - Datavalue is----------Description::Historical
[INFO ][2016-01-14 13:02:50,146][com.java.SeleniumDriver] [  905] - DataField : PVP//table[@id="tblRatedLoans"]//input[@value='mytext']/parent::td/following-sibling::td[1]/input
[INFO ][2016-01-14 13:02:50,146][com.java.SeleniumDriver] [  907] - DataValue : Description::Historical
[INFO ][2016-01-14 13:02:50,146][com.java.SeleniumDriver] [  913] - <In Set values of the page>
[INFO ][2016-01-14 13:02:50,146][com.java.SeleniumDriver] [  916] - {Data Fields & Data Values Exist}
[INFO ][2016-01-14 13:02:50,146][com.java.SeleniumDriver] [  918] - --------------------------setting values-----------------------------
[INFO ][2016-01-14 13:02:50,147][com.java.SeleniumDriver] [  921] - Action Type : VERIFY
[INFO ][2016-01-14 13:02:50,147][com.java.TestType] [ 7643] - field= PVP//table[@id="tblRatedLoans"]//input[@value='mytext']/parent::td/following-sibling::td[1]/input value= Description::Historical
[INFO ][2016-01-14 13:02:50,147][com.java.TestType] [ 6136] - value = Description::Historical
[INFO ][2016-01-14 13:02:50,267][com.java.SeleniumDriver] [  930] -  RESULT true
[INFO ][2016-01-14 13:02:50,267][com.java.SeleniumDriver] [ 1136] - ?   P A S S   ?
[INFO ][2016-01-14 13:02:50,267][com.java.SeleniumDriver] [  856] - ------------------------------------------
[INFO ][2016-01-14 13:02:50,267][com.java.SeleniumDriver] [  857] - Test case being Executed: 12
[INFO ][2016-01-14 13:02:50,267][com.java.SeleniumDriver] [  869] - Test step:61
[INFO ][2016-01-14 13:02:50,267][com.java.SeleniumDriver] [  881] - Datavalue is----------Description::Economic
[INFO ][2016-01-14 13:02:50,267][com.java.SeleniumDriver] [  905] - DataField : PVP//table[@id="tblRatedLoans"]//input[@value='mytext']/parent::td/following-sibling::td[2]/input
[INFO ][2016-01-14 13:02:50,267][com.java.SeleniumDriver] [  907] - DataValue : Description::Economic
[INFO ][2016-01-14 13:02:50,267][com.java.SeleniumDriver] [  913] - <In Set values of the page>
[INFO ][2016-01-14 13:02:50,267][com.java.SeleniumDriver] [  916] - {Data Fields & Data Values Exist}
[INFO ][2016-01-14 13:02:50,267][com.java.SeleniumDriver] [  918] - --------------------------setting values-----------------------------
[INFO ][2016-01-14 13:02:50,267][com.java.SeleniumDriver] [  921] - Action Type : VERIFY
[INFO ][2016-01-14 13:02:50,268][com.java.TestType] [ 7643] - field= PVP//table[@id="tblRatedLoans"]//input[@value='mytext']/parent::td/following-sibling::td[2]/input value= Description::Economic
[INFO ][2016-01-14 13:02:50,268][com.java.TestType] [ 6136] - value = Description::Economic
[INFO ][2016-01-14 13:02:50,401][com.java.SeleniumDriver] [  930] -  RESULT true
[INFO ][2016-01-14 13:02:50,401][com.java.SeleniumDriver] [ 1136] - ?   P A S S   ?
[INFO ][2016-01-14 13:02:50,401][com.java.SeleniumDriver] [  856] - ------------------------------------------
[INFO ][2016-01-14 13:02:50,401][com.java.SeleniumDriver] [  857] - Test case being Executed: 12
[INFO ][2016-01-14 13:02:50,401][com.java.SeleniumDriver] [  869] - Test step:62
[INFO ][2016-01-14 13:02:50,401][com.java.SeleniumDriver] [  881] - Datavalue is----------Description::Other
[INFO ][2016-01-14 13:02:50,401][com.java.SeleniumDriver] [  905] - DataField : PVP//table[@id="tblRatedLoans"]//input[@value='mytext']/parent::td/following-sibling::td[3]/input
[INFO ][2016-01-14 13:02:50,401][com.java.SeleniumDriver] [  907] - DataValue : Description::Other
[INFO ][2016-01-14 13:02:50,401][com.java.SeleniumDriver] [  913] - <In Set values of the page>
[INFO ][2016-01-14 13:02:50,401][com.java.SeleniumDriver] [  916] - {Data Fields & Data Values Exist}
[INFO ][2016-01-14 13:02:50,401][com.java.SeleniumDriver] [  918] - --------------------------setting values-----------------------------
[INFO ][2016-01-14 13:02:50,401][com.java.SeleniumDriver] [  921] - Action Type : VERIFY
[INFO ][2016-01-14 13:02:50,401][com.java.TestType] [ 7643] - field= PVP//table[@id="tblRatedLoans"]//input[@value='mytext']/parent::td/following-sibling::td[3]/input value= Description::Other
[INFO ][2016-01-14 13:02:50,402][com.java.TestType] [ 6136] - value = Description::Other
[INFO ][2016-01-14 13:02:50,530][com.java.SeleniumDriver] [  930] -  RESULT true
[INFO ][2016-01-14 13:02:50,530][com.java.SeleniumDriver] [ 1136] - ?   P A S S   ?
[INFO ][2016-01-14 13:02:50,530][com.java.SeleniumDriver] [  856] - ------------------------------------------
[INFO ][2016-01-14 13:02:50,530][com.java.SeleniumDriver] [  857] - Test case being Executed: 12
[INFO ][2016-01-14 13:02:50,530][com.java.SeleniumDriver] [  869] - Test step:63
[INFO ][2016-01-14 13:02:50,530][com.java.SeleniumDriver] [  881] - Datavalue is----------10
[INFO ][2016-01-14 13:02:50,530][com.java.SeleniumDriver] [  905] - DataField : test
[INFO ][2016-01-14 13:02:50,530][com.java.SeleniumDriver] [  907] - DataValue : 10
[INFO ][2016-01-14 13:02:50,530][com.java.SeleniumDriver] [  913] - <In Set values of the page>
[INFO ][2016-01-14 13:02:50,530][com.java.SeleniumDriver] [  916] - {Data Fields & Data Values Exist}
[INFO ][2016-01-14 13:02:50,530][com.java.SeleniumDriver] [  918] - --------------------------setting values-----------------------------
[INFO ][2016-01-14 13:02:50,530][com.java.SeleniumDriver] [  921] - Action Type : WAITTIME
[DEBUG][2016-01-14 13:02:50,530][com.java.TestType] [ 5950] - sleepTime: 10000
[INFO ][2016-01-14 13:03:00,526][com.java.SeleniumDriver] [  930] -  RESULT true
[INFO ][2016-01-14 13:03:00,526][com.java.SeleniumDriver] [ 1136] - ?   P A S S   ?
[INFO ][2016-01-14 13:03:00,526][com.java.SeleniumDriver] [  856] - ------------------------------------------
[INFO ][2016-01-14 13:03:00,526][com.java.SeleniumDriver] [  857] - Test case being Executed: 12
[INFO ][2016-01-14 13:03:00,526][com.java.SeleniumDriver] [  869] - Test step:64
[INFO ][2016-01-14 13:03:00,526][com.java.SeleniumDriver] [  881] - Datavalue is----------Description
[INFO ][2016-01-14 13:03:00,526][com.java.SeleniumDriver] [  905] - DataField : MNC//table[@ id="tblRatedLoans"]//input[@value='mytext']/parent::td/parent::tr//span[@class="glyphicon glyphicon-remove"]
[INFO ][2016-01-14 13:03:00,526][com.java.SeleniumDriver] [  907] - DataValue : Description
[INFO ][2016-01-14 13:03:00,526][com.java.SeleniumDriver] [  913] - <In Set values of the page>
[INFO ][2016-01-14 13:03:00,526][com.java.SeleniumDriver] [  916] - {Data Fields & Data Values Exist}
[INFO ][2016-01-14 13:03:00,526][com.java.SeleniumDriver] [  918] - --------------------------setting values-----------------------------
[INFO ][2016-01-14 13:03:00,526][com.java.SeleniumDriver] [  921] - Action Type : CLICKWITHALERT
[INFO ][2016-01-14 13:03:00,527][com.java.TestType] [ 6515] - Field ::MNC//table[@ id="tblRatedLoans"]//input[@value='mytext']/parent::td/parent::tr//span[@class="glyphicon glyphicon-remove"]
[INFO ][2016-01-14 13:03:00,527][com.java.TestType] [ 6136] - value = Description
[INFO ][2016-01-14 13:03:05,000][com.java.SeleniumDriver] [  930] -  RESULT true
[INFO ][2016-01-14 13:03:05,000][com.java.SeleniumDriver] [ 1136] - ?   P A S S   ?
[INFO ][2016-01-14 13:03:05,000][com.java.SeleniumDriver] [  856] - ------------------------------------------
[INFO ][2016-01-14 13:03:05,000][com.java.SeleniumDriver] [  857] - Test case being Executed: 12
[INFO ][2016-01-14 13:03:05,000][com.java.SeleniumDriver] [  869] - Test step:65
[INFO ][2016-01-14 13:03:05,000][com.java.SeleniumDriver] [  881] - Datavalue is----------5
[INFO ][2016-01-14 13:03:05,000][com.java.SeleniumDriver] [  905] - DataField : test
[INFO ][2016-01-14 13:03:05,001][com.java.SeleniumDriver] [  907] - DataValue : 5
[INFO ][2016-01-14 13:03:05,001][com.java.SeleniumDriver] [  913] - <In Set values of the page>
[INFO ][2016-01-14 13:03:05,001][com.java.SeleniumDriver] [  916] - {Data Fields & Data Values Exist}
[INFO ][2016-01-14 13:03:05,001][com.java.SeleniumDriver] [  918] - --------------------------setting values-----------------------------
[INFO ][2016-01-14 13:03:05,001][com.java.SeleniumDriver] [  921] - Action Type : WAITTIME
[DEBUG][2016-01-14 13:03:05,001][com.java.TestType] [ 5950] - sleepTime: 5000
[INFO ][2016-01-14 13:03:09,999][com.java.SeleniumDriver] [  930] -  RESULT true
[INFO ][2016-01-14 13:03:09,999][com.java.SeleniumDriver] [ 1136] - ?   P A S S   ?
[INFO ][2016-01-14 13:03:09,999][com.java.SeleniumDriver] [  856] - ------------------------------------------
[INFO ][2016-01-14 13:03:09,999][com.java.SeleniumDriver] [  857] - Test case being Executed: 12
[INFO ][2016-01-14 13:03:09,999][com.java.SeleniumDriver] [  869] - Test step:66
[INFO ][2016-01-14 13:03:09,999][com.java.SeleniumDriver] [  881] - Datavalue is----------null
[DEBUG][2016-01-14 13:03:09,999][com.java.SeleniumDriver] [  899] - Exception: null
[INFO ][2016-01-14 13:03:09,999][com.java.SeleniumDriver] [  905] - DataField : BTNparent
[INFO ][2016-01-14 13:03:09,999][com.java.SeleniumDriver] [  907] - DataValue : 
[INFO ][2016-01-14 13:03:09,999][com.java.SeleniumDriver] [  913] - <In Set values of the page>
[INFO ][2016-01-14 13:03:09,999][com.java.SeleniumDriver] [  916] - {Data Fields & Data Values Exist}
[INFO ][2016-01-14 13:03:09,999][com.java.SeleniumDriver] [  918] - --------------------------setting values-----------------------------
[INFO ][2016-01-14 13:03:09,999][com.java.SeleniumDriver] [  921] - Action Type : SELECTFRAME
[INFO ][2016-01-14 13:03:10,015][com.java.SeleniumDriver] [  930] -  RESULT true
[INFO ][2016-01-14 13:03:10,015][com.java.SeleniumDriver] [ 1136] - ?   P A S S   ?
[INFO ][2016-01-14 13:03:10,015][com.java.SeleniumDriver] [  856] - ------------------------------------------
[INFO ][2016-01-14 13:03:10,015][com.java.SeleniumDriver] [  857] - Test case being Executed: 12
[INFO ][2016-01-14 13:03:10,015][com.java.SeleniumDriver] [  869] - Test step:67
[INFO ][2016-01-14 13:03:10,015][com.java.SeleniumDriver] [  881] - Datavalue is----------5
[INFO ][2016-01-14 13:03:10,015][com.java.SeleniumDriver] [  905] - DataField : XPH//span[contains(text(), 'Update')]
[INFO ][2016-01-14 13:03:10,015][com.java.SeleniumDriver] [  907] - DataValue : 5
[INFO ][2016-01-14 13:03:10,015][com.java.SeleniumDriver] [  913] - <In Set values of the page>
[INFO ][2016-01-14 13:03:10,015][com.java.SeleniumDriver] [  916] - {Data Fields & Data Values Exist}
[INFO ][2016-01-14 13:03:10,016][com.java.SeleniumDriver] [  918] - --------------------------setting values-----------------------------
[INFO ][2016-01-14 13:03:10,016][com.java.SeleniumDriver] [  921] - Action Type : WAITFORELEMENT
[INFO ][2016-01-14 13:03:10,062][com.java.SeleniumDriver] [  930] -  RESULT true
[INFO ][2016-01-14 13:03:10,062][com.java.SeleniumDriver] [ 1136] - ?   P A S S   ?
[INFO ][2016-01-14 13:03:10,062][com.java.SeleniumDriver] [  856] - ------------------------------------------
[INFO ][2016-01-14 13:03:10,062][com.java.SeleniumDriver] [  857] - Test case being Executed: 12
[INFO ][2016-01-14 13:03:10,062][com.java.SeleniumDriver] [  869] - Test step:68
[INFO ][2016-01-14 13:03:10,062][com.java.SeleniumDriver] [  881] - Datavalue is----------null
[DEBUG][2016-01-14 13:03:10,062][com.java.SeleniumDriver] [  899] - Exception: null
[INFO ][2016-01-14 13:03:10,062][com.java.SeleniumDriver] [  905] - DataField : HDN//span[contains(text(), 'Update')]
[INFO ][2016-01-14 13:03:10,062][com.java.SeleniumDriver] [  907] - DataValue : 
[INFO ][2016-01-14 13:03:10,062][com.java.SeleniumDriver] [  913] - <In Set values of the page>
[INFO ][2016-01-14 13:03:10,062][com.java.SeleniumDriver] [  916] - {Data Fields & Data Values Exist}
[INFO ][2016-01-14 13:03:10,062][com.java.SeleniumDriver] [  918] - --------------------------setting values-----------------------------
[INFO ][2016-01-14 13:03:10,062][com.java.SeleniumDriver] [  921] - Action Type : CLICK
[INFO ][2016-01-14 13:03:10,062][com.java.TestType] [ 6515] - Field ::HDN//span[contains(text(), 'Update')]
[INFO ][2016-01-14 13:03:10,063][com.java.TestType] [ 6136] - value = 
[INFO ][2016-01-14 13:03:11,419][com.java.SeleniumDriver] [  930] -  RESULT true
[INFO ][2016-01-14 13:03:11,419][com.java.SeleniumDriver] [ 1136] - ?   P A S S   ?
[INFO ][2016-01-14 13:03:11,419][com.java.SeleniumDriver] [  856] - ------------------------------------------
[INFO ][2016-01-14 13:03:11,419][com.java.SeleniumDriver] [  857] - Test case being Executed: 12
[INFO ][2016-01-14 13:03:11,419][com.java.SeleniumDriver] [  869] - Test step:69
[INFO ][2016-01-14 13:03:11,419][com.java.SeleniumDriver] [  881] - Datavalue is----------3
[INFO ][2016-01-14 13:03:11,419][com.java.SeleniumDriver] [  905] - DataField : XPH//div[contains(text(), 'My Dashboard')]
[INFO ][2016-01-14 13:03:11,419][com.java.SeleniumDriver] [  907] - DataValue : 3
[INFO ][2016-01-14 13:03:11,419][com.java.SeleniumDriver] [  913] - <In Set values of the page>
[INFO ][2016-01-14 13:03:11,420][com.java.SeleniumDriver] [  916] - {Data Fields & Data Values Exist}
[INFO ][2016-01-14 13:03:11,420][com.java.SeleniumDriver] [  918] - --------------------------setting values-----------------------------
[INFO ][2016-01-14 13:03:11,420][com.java.SeleniumDriver] [  921] - Action Type : WAITFORELEMENT
[INFO ][2016-01-14 13:03:11,465][com.java.SeleniumDriver] [  930] -  RESULT true
[INFO ][2016-01-14 13:03:11,465][com.java.SeleniumDriver] [ 1136] - ?   P A S S   ?
[INFO ][2016-01-14 13:03:11,465][com.java.SeleniumDriver] [  856] - ------------------------------------------
[INFO ][2016-01-14 13:03:11,465][com.java.SeleniumDriver] [  857] - Test case being Executed: 12
[INFO ][2016-01-14 13:03:11,465][com.java.SeleniumDriver] [  869] - Test step:70
[INFO ][2016-01-14 13:03:11,465][com.java.SeleniumDriver] [  881] - Datavalue is----------My Dashboard
[INFO ][2016-01-14 13:03:11,465][com.java.SeleniumDriver] [  905] - DataField : XPH//div[contains(text(), 'My Dashboard')]
[INFO ][2016-01-14 13:03:11,465][com.java.SeleniumDriver] [  907] - DataValue : My Dashboard
[INFO ][2016-01-14 13:03:11,465][com.java.SeleniumDriver] [  913] - <In Set values of the page>
[INFO ][2016-01-14 13:03:11,466][com.java.SeleniumDriver] [  916] - {Data Fields & Data Values Exist}
[INFO ][2016-01-14 13:03:11,466][com.java.SeleniumDriver] [  918] - --------------------------setting values-----------------------------
[INFO ][2016-01-14 13:03:11,466][com.java.SeleniumDriver] [  921] - Action Type : VERIFY
[INFO ][2016-01-14 13:03:11,466][com.java.TestType] [ 7643] - field= XPH//div[contains(text(), 'My Dashboard')] value= My Dashboard
[INFO ][2016-01-14 13:03:11,466][com.java.TestType] [ 6136] - value = My Dashboard
[INFO ][2016-01-14 13:03:11,578][com.java.SeleniumDriver] [  930] -  RESULT true
[INFO ][2016-01-14 13:03:11,578][com.java.SeleniumDriver] [ 1136] - ?   P A S S   ?
[DEBUG][2016-01-14 13:03:11,578][com.java.SeleniumDriver] [ 1248] - Case found
[DEBUG][2016-01-14 13:03:11,578][com.java.SeleniumDriver] [ 1253] - Incrementing ReportCounters[0]:2
[INFO ][2016-01-14 13:03:11,578][com.java.SeleniumDriver] [ 1272] - The results are-------------------[12, 1, Admin: Company Settings: Rated Loan Categories: Modify Existing Category, Pass, , Thu Jan 14 13:00:32 IST 2016, 12, 3, Admin: Company Settings: Rated Loan Categories: Modify Existing Category, Pass, , Thu Jan 14 13:00:37 IST 2016, 12, 4, Admin: Company Settings: Rated Loan Categories: Modify Existing Category, Pass, , Thu Jan 14 13:01:04 IST 2016, 12, 5, Admin: Company Settings: Rated Loan Categories: Modify Existing Category, Pass, , Thu Jan 14 13:01:04 IST 2016, 12, 6, Admin: Company Settings: Rated Loan Categories: Modify Existing Category, Pass, , Thu Jan 14 13:01:06 IST 2016, 12, 7, Admin: Company Settings: Rated Loan Categories: Modify Existing Category, Pass, , Thu Jan 14 13:01:08 IST 2016, 12, 8, Admin: Company Settings: Rated Loan Categories: Modify Existing Category, Pass, , Thu Jan 14 13:01:08 IST 2016, 12, 9, Admin: Company Settings: Rated Loan Categories: Modify Existing Category, Pass, , Thu Jan 14 13:01:08 IST 2016, 12, 10, Admin: Company Settings: Rated Loan Categories: Modify Existing Category, Pass, , Thu Jan 14 13:01:08 IST 2016, 12, 11, Admin: Company Settings: Rated Loan Categories: Modify Existing Category, Pass, , Thu Jan 14 13:01:11 IST 2016, 12, 12, Admin: Company Settings: Rated Loan Categories: Modify Existing Category, Pass, , Thu Jan 14 13:01:13 IST 2016, 12, 13, Admin: Company Settings: Rated Loan Categories: Modify Existing Category, Pass, , Thu Jan 14 13:01:14 IST 2016, 12, 14, Admin: Company Settings: Rated Loan Categories: Modify Existing Category, Pass, , Thu Jan 14 13:01:17 IST 2016, 12, 15, Admin: Company Settings: Rated Loan Categories: Modify Existing Category, Pass, , Thu Jan 14 13:01:19 IST 2016, 12, 16, Admin: Company Settings: Rated Loan Categories: Modify Existing Category, Pass, , Thu Jan 14 13:01:20 IST 2016, 12, 17, Admin: Company Settings: Rated Loan Categories: Modify Existing Category, Pass, , Thu Jan 14 13:01:23 IST 2016, 12, 18, Admin: Company Settings: Rated Loan Categories: Modify Existing Category, Pass, , Thu Jan 14 13:01:25 IST 2016, 12, 19, Admin: Company Settings: Rated Loan Categories: Modify Existing Category, Pass, , Thu Jan 14 13:01:27 IST 2016, 12, 20, Admin: Company Settings: Rated Loan Categories: Modify Existing Category, Pass, , Thu Jan 14 13:01:30 IST 2016, 12, 21, Admin: Company Settings: Rated Loan Categories: Modify Existing Category, Pass, , Thu Jan 14 13:01:32 IST 2016, 12, 22, Admin: Company Settings: Rated Loan Categories: Modify Existing Category, Pass, , Thu Jan 14 13:01:33 IST 2016, 12, 23, Admin: Company Settings: Rated Loan Categories: Modify Existing Category, Pass, , Thu Jan 14 13:01:36 IST 2016, 12, 24, Admin: Company Settings: Rated Loan Categories: Modify Existing Category, Pass, , Thu Jan 14 13:01:38 IST 2016, 12, 25, Admin: Company Settings: Rated Loan Categories: Modify Existing Category, Pass, , Thu Jan 14 13:01:38 IST 2016, 12, 26, Admin: Company Settings: Rated Loan Categories: Modify Existing Category, Pass, , Thu Jan 14 13:01:38 IST 2016, 12, 27, Admin: Company Settings: Rated Loan Categories: Modify Existing Category, Pass, , Thu Jan 14 13:01:39 IST 2016, 12, 28, Admin: Company Settings: Rated Loan Categories: Modify Existing Category, Pass, , Thu Jan 14 13:01:39 IST 2016, 12, 29, Admin: Company Settings: Rated Loan Categories: Modify Existing Category, Pass, , Thu Jan 14 13:01:41 IST 2016, 12, 30, Admin: Company Settings: Rated Loan Categories: Modify Existing Category, Pass, , Thu Jan 14 13:01:41 IST 2016, 12, 31, Admin: Company Settings: Rated Loan Categories: Modify Existing Category, Pass, , Thu Jan 14 13:01:41 IST 2016, 12, 32, Admin: Company Settings: Rated Loan Categories: Modify Existing Category, Pass, , Thu Jan 14 13:01:42 IST 2016, 12, 33, Admin: Company Settings: Rated Loan Categories: Modify Existing Category, Pass, , Thu Jan 14 13:01:42 IST 2016, 12, 34, Admin: Company Settings: Rated Loan Categories: Modify Existing Category, Pass, , Thu Jan 14 13:01:42 IST 2016, 12, 35, Admin: Company Settings: Rated Loan Categories: Modify Existing Category, Pass, , Thu Jan 14 13:02:10 IST 2016, 12, 36, Admin: Company Settings: Rated Loan Categories: Modify Existing Category, Pass, , Thu Jan 14 13:02:10 IST 2016, 12, 37, Admin: Company Settings: Rated Loan Categories: Modify Existing Category, Pass, , Thu Jan 14 13:02:11 IST 2016, 12, 38, Admin: Company Settings: Rated Loan Categories: Modify Existing Category, Pass, , Thu Jan 14 13:02:12 IST 2016, 12, 39, Admin: Company Settings: Rated Loan Categories: Modify Existing Category, Pass, , Thu Jan 14 13:02:13 IST 2016, 12, 40, Admin: Company Settings: Rated Loan Categories: Modify Existing Category, Pass, , Thu Jan 14 13:02:13 IST 2016, 12, 41, Admin: Company Settings: Rated Loan Categories: Modify Existing Category, Pass, , Thu Jan 14 13:02:14 IST 2016, 12, 42, Admin: Company Settings: Rated Loan Categories: Modify Existing Category, Pass, , Thu Jan 14 13:02:15 IST 2016, 12, 43, Admin: Company Settings: Rated Loan Categories: Modify Existing Category, Pass, , Thu Jan 14 13:02:15 IST 2016, 12, 44, Admin: Company Settings: Rated Loan Categories: Modify Existing Category, Pass, , Thu Jan 14 13:02:16 IST 2016, 12, 45, Admin: Company Settings: Rated Loan Categories: Modify Existing Category, Pass, , Thu Jan 14 13:02:16 IST 2016, 12, 46, Admin: Company Settings: Rated Loan Categories: Modify Existing Category, Pass, , Thu Jan 14 13:02:16 IST 2016, 12, 47, Admin: Company Settings: Rated Loan Categories: Modify Existing Category, Pass, , Thu Jan 14 13:02:17 IST 2016, 12, 48, Admin: Company Settings: Rated Loan Categories: Modify Existing Category, Pass, , Thu Jan 14 13:02:18 IST 2016, 12, 49, Admin: Company Settings: Rated Loan Categories: Modify Existing Category, Pass, , Thu Jan 14 13:02:18 IST 2016, 12, 50, Admin: Company Settings: Rated Loan Categories: Modify Existing Category, Pass, , Thu Jan 14 13:02:19 IST 2016, 12, 51, Admin: Company Settings: Rated Loan Categories: Modify Existing Category, Pass, , Thu Jan 14 13:02:19 IST 2016, 12, 52, Admin: Company Settings: Rated Loan Categories: Modify Existing Category, Pass, , Thu Jan 14 13:02:19 IST 2016, 12, 53, Admin: Company Settings: Rated Loan Categories: Modify Existing Category, Pass, , Thu Jan 14 13:02:20 IST 2016, 12, 54, Admin: Company Settings: Rated Loan Categories: Modify Existing Category, Pass, , Thu Jan 14 13:02:20 IST 2016, 12, 55, Admin: Company Settings: Rated Loan Categories: Modify Existing Category, Pass, , Thu Jan 14 13:02:20 IST 2016, 12, 56, Admin: Company Settings: Rated Loan Categories: Modify Existing Category, Pass, , Thu Jan 14 13:02:48 IST 2016, 12, 57, Admin: Company Settings: Rated Loan Categories: Modify Existing Category, Pass, , Thu Jan 14 13:02:48 IST 2016, 12, 58, Admin: Company Settings: Rated Loan Categories: Modify Existing Category, Pass, , Thu Jan 14 13:02:50 IST 2016, 12, 59, Admin: Company Settings: Rated Loan Categories: Modify Existing Category, Pass, , Thu Jan 14 13:02:50 IST 2016, 12, 60, Admin: Company Settings: Rated Loan Categories: Modify Existing Category, Pass, , Thu Jan 14 13:02:50 IST 2016, 12, 61, Admin: Company Settings: Rated Loan Categories: Modify Existing Category, Pass, , Thu Jan 14 13:02:50 IST 2016, 12, 62, Admin: Company Settings: Rated Loan Categories: Modify Existing Category, Pass, , Thu Jan 14 13:02:50 IST 2016, 12, 63, Admin: Company Settings: Rated Loan Categories: Modify Existing Category, Pass, , Thu Jan 14 13:03:00 IST 2016, 12, 64, Admin: Company Settings: Rated Loan Categories: Modify Existing Category, Pass, , Thu Jan 14 13:03:05 IST 2016, 12, 65, Admin: Company Settings: Rated Loan Categories: Modify Existing Category, Pass, , Thu Jan 14 13:03:09 IST 2016, 12, 66, Admin: Company Settings: Rated Loan Categories: Modify Existing Category, Pass, , Thu Jan 14 13:03:10 IST 2016, 12, 67, Admin: Company Settings: Rated Loan Categories: Modify Existing Category, Pass, , Thu Jan 14 13:03:10 IST 2016, 12, 68, Admin: Company Settings: Rated Loan Categories: Modify Existing Category, Pass, , Thu Jan 14 13:03:11 IST 2016, 12, 69, Admin: Company Settings: Rated Loan Categories: Modify Existing Category, Pass, , Thu Jan 14 13:03:11 IST 2016, 12, 70, Admin: Company Settings: Rated Loan Categories: Modify Existing Category, Pass, , Thu Jan 14 13:03:11 IST 2016]
[INFO ][2016-01-14 13:03:11,578][com.java.SeleniumDriver] [ 1276] - End time is-------3 min 30 sec
[INFO ][2016-01-14 13:03:11,578][com.java.SeleniumDriver] [ 1277] - The results are-------------------[12, 1, Admin: Company Settings: Rated Loan Categories: Modify Existing Category, Pass, , Thu Jan 14 13:00:32 IST 2016, 12, 3, Admin: Company Settings: Rated Loan Categories: Modify Existing Category, Pass, , Thu Jan 14 13:00:37 IST 2016, 12, 4, Admin: Company Settings: Rated Loan Categories: Modify Existing Category, Pass, , Thu Jan 14 13:01:04 IST 2016, 12, 5, Admin: Company Settings: Rated Loan Categories: Modify Existing Category, Pass, , Thu Jan 14 13:01:04 IST 2016, 12, 6, Admin: Company Settings: Rated Loan Categories: Modify Existing Category, Pass, , Thu Jan 14 13:01:06 IST 2016, 12, 7, Admin: Company Settings: Rated Loan Categories: Modify Existing Category, Pass, , Thu Jan 14 13:01:08 IST 2016, 12, 8, Admin: Company Settings: Rated Loan Categories: Modify Existing Category, Pass, , Thu Jan 14 13:01:08 IST 2016, 12, 9, Admin: Company Settings: Rated Loan Categories: Modify Existing Category, Pass, , Thu Jan 14 13:01:08 IST 2016, 12, 10, Admin: Company Settings: Rated Loan Categories: Modify Existing Category, Pass, , Thu Jan 14 13:01:08 IST 2016, 12, 11, Admin: Company Settings: Rated Loan Categories: Modify Existing Category, Pass, , Thu Jan 14 13:01:11 IST 2016, 12, 12, Admin: Company Settings: Rated Loan Categories: Modify Existing Category, Pass, , Thu Jan 14 13:01:13 IST 2016, 12, 13, Admin: Company Settings: Rated Loan Categories: Modify Existing Category, Pass, , Thu Jan 14 13:01:14 IST 2016, 12, 14, Admin: Company Settings: Rated Loan Categories: Modify Existing Category, Pass, , Thu Jan 14 13:01:17 IST 2016, 12, 15, Admin: Company Settings: Rated Loan Categories: Modify Existing Category, Pass, , Thu Jan 14 13:01:19 IST 2016, 12, 16, Admin: Company Settings: Rated Loan Categories: Modify Existing Category, Pass, , Thu Jan 14 13:01:20 IST 2016, 12, 17, Admin: Company Settings: Rated Loan Categories: Modify Existing Category, Pass, , Thu Jan 14 13:01:23 IST 2016, 12, 18, Admin: Company Settings: Rated Loan Categories: Modify Existing Category, Pass, , Thu Jan 14 13:01:25 IST 2016, 12, 19, Admin: Company Settings: Rated Loan Categories: Modify Existing Category, Pass, , Thu Jan 14 13:01:27 IST 2016, 12, 20, Admin: Company Settings: Rated Loan Categories: Modify Existing Category, Pass, , Thu Jan 14 13:01:30 IST 2016, 12, 21, Admin: Company Settings: Rated Loan Categories: Modify Existing Category, Pass, , Thu Jan 14 13:01:32 IST 2016, 12, 22, Admin: Company Settings: Rated Loan Categories: Modify Existing Category, Pass, , Thu Jan 14 13:01:33 IST 2016, 12, 23, Admin: Company Settings: Rated Loan Categories: Modify Existing Category, Pass, , Thu Jan 14 13:01:36 IST 2016, 12, 24, Admin: Company Settings: Rated Loan Categories: Modify Existing Category, Pass, , Thu Jan 14 13:01:38 IST 2016, 12, 25, Admin: Company Settings: Rated Loan Categories: Modify Existing Category, Pass, , Thu Jan 14 13:01:38 IST 2016, 12, 26, Admin: Company Settings: Rated Loan Categories: Modify Existing Category, Pass, , Thu Jan 14 13:01:38 IST 2016, 12, 27, Admin: Company Settings: Rated Loan Categories: Modify Existing Category, Pass, , Thu Jan 14 13:01:39 IST 2016, 12, 28, Admin: Company Settings: Rated Loan Categories: Modify Existing Category, Pass, , Thu Jan 14 13:01:39 IST 2016, 12, 29, Admin: Company Settings: Rated Loan Categories: Modify Existing Category, Pass, , Thu Jan 14 13:01:41 IST 2016, 12, 30, Admin: Company Settings: Rated Loan Categories: Modify Existing Category, Pass, , Thu Jan 14 13:01:41 IST 2016, 12, 31, Admin: Company Settings: Rated Loan Categories: Modify Existing Category, Pass, , Thu Jan 14 13:01:41 IST 2016, 12, 32, Admin: Company Settings: Rated Loan Categories: Modify Existing Category, Pass, , Thu Jan 14 13:01:42 IST 2016, 12, 33, Admin: Company Settings: Rated Loan Categories: Modify Existing Category, Pass, , Thu Jan 14 13:01:42 IST 2016, 12, 34, Admin: Company Settings: Rated Loan Categories: Modify Existing Category, Pass, , Thu Jan 14 13:01:42 IST 2016, 12, 35, Admin: Company Settings: Rated Loan Categories: Modify Existing Category, Pass, , Thu Jan 14 13:02:10 IST 2016, 12, 36, Admin: Company Settings: Rated Loan Categories: Modify Existing Category, Pass, , Thu Jan 14 13:02:10 IST 2016, 12, 37, Admin: Company Settings: Rated Loan Categories: Modify Existing Category, Pass, , Thu Jan 14 13:02:11 IST 2016, 12, 38, Admin: Company Settings: Rated Loan Categories: Modify Existing Category, Pass, , Thu Jan 14 13:02:12 IST 2016, 12, 39, Admin: Company Settings: Rated Loan Categories: Modify Existing Category, Pass, , Thu Jan 14 13:02:13 IST 2016, 12, 40, Admin: Company Settings: Rated Loan Categories: Modify Existing Category, Pass, , Thu Jan 14 13:02:13 IST 2016, 12, 41, Admin: Company Settings: Rated Loan Categories: Modify Existing Category, Pass, , Thu Jan 14 13:02:14 IST 2016, 12, 42, Admin: Company Settings: Rated Loan Categories: Modify Existing Category, Pass, , Thu Jan 14 13:02:15 IST 2016, 12, 43, Admin: Company Settings: Rated Loan Categories: Modify Existing Category, Pass, , Thu Jan 14 13:02:15 IST 2016, 12, 44, Admin: Company Settings: Rated Loan Categories: Modify Existing Category, Pass, , Thu Jan 14 13:02:16 IST 2016, 12, 45, Admin: Company Settings: Rated Loan Categories: Modify Existing Category, Pass, , Thu Jan 14 13:02:16 IST 2016, 12, 46, Admin: Company Settings: Rated Loan Categories: Modify Existing Category, Pass, , Thu Jan 14 13:02:16 IST 2016, 12, 47, Admin: Company Settings: Rated Loan Categories: Modify Existing Category, Pass, , Thu Jan 14 13:02:17 IST 2016, 12, 48, Admin: Company Settings: Rated Loan Categories: Modify Existing Category, Pass, , Thu Jan 14 13:02:18 IST 2016, 12, 49, Admin: Company Settings: Rated Loan Categories: Modify Existing Category, Pass, , Thu Jan 14 13:02:18 IST 2016, 12, 50, Admin: Company Settings: Rated Loan Categories: Modify Existing Category, Pass, , Thu Jan 14 13:02:19 IST 2016, 12, 51, Admin: Company Settings: Rated Loan Categories: Modify Existing Category, Pass, , Thu Jan 14 13:02:19 IST 2016, 12, 52, Admin: Company Settings: Rated Loan Categories: Modify Existing Category, Pass, , Thu Jan 14 13:02:19 IST 2016, 12, 53, Admin: Company Settings: Rated Loan Categories: Modify Existing Category, Pass, , Thu Jan 14 13:02:20 IST 2016, 12, 54, Admin: Company Settings: Rated Loan Categories: Modify Existing Category, Pass, , Thu Jan 14 13:02:20 IST 2016, 12, 55, Admin: Company Settings: Rated Loan Categories: Modify Existing Category, Pass, , Thu Jan 14 13:02:20 IST 2016, 12, 56, Admin: Company Settings: Rated Loan Categories: Modify Existing Category, Pass, , Thu Jan 14 13:02:48 IST 2016, 12, 57, Admin: Company Settings: Rated Loan Categories: Modify Existing Category, Pass, , Thu Jan 14 13:02:48 IST 2016, 12, 58, Admin: Company Settings: Rated Loan Categories: Modify Existing Category, Pass, , Thu Jan 14 13:02:50 IST 2016, 12, 59, Admin: Company Settings: Rated Loan Categories: Modify Existing Category, Pass, , Thu Jan 14 13:02:50 IST 2016, 12, 60, Admin: Company Settings: Rated Loan Categories: Modify Existing Category, Pass, , Thu Jan 14 13:02:50 IST 2016, 12, 61, Admin: Company Settings: Rated Loan Categories: Modify Existing Category, Pass, , Thu Jan 14 13:02:50 IST 2016, 12, 62, Admin: Company Settings: Rated Loan Categories: Modify Existing Category, Pass, , Thu Jan 14 13:02:50 IST 2016, 12, 63, Admin: Company Settings: Rated Loan Categories: Modify Existing Category, Pass, , Thu Jan 14 13:03:00 IST 2016, 12, 64, Admin: Company Settings: Rated Loan Categories: Modify Existing Category, Pass, , Thu Jan 14 13:03:05 IST 2016, 12, 65, Admin: Company Settings: Rated Loan Categories: Modify Existing Category, Pass, , Thu Jan 14 13:03:09 IST 2016, 12, 66, Admin: Company Settings: Rated Loan Categories: Modify Existing Category, Pass, , Thu Jan 14 13:03:10 IST 2016, 12, 67, Admin: Company Settings: Rated Loan Categories: Modify Existing Category, Pass, , Thu Jan 14 13:03:10 IST 2016, 12, 68, Admin: Company Settings: Rated Loan Categories: Modify Existing Category, Pass, , Thu Jan 14 13:03:11 IST 2016, 12, 69, Admin: Company Settings: Rated Loan Categories: Modify Existing Category, Pass, , Thu Jan 14 13:03:11 IST 2016, 12, 70, Admin: Company Settings: Rated Loan Categories: Modify Existing Category, Pass, , Thu Jan 14 13:03:11 IST 2016]
[DEBUG][2016-01-14 13:03:11,579][com.java.ImportnExport.ExportTestResultsExcel] [  222] - testResultPath = D:\BankersDashboard/TestReports/Test Results_BankersDashBoard_011416_125943_IE10_Any Bank USA.xls
[DEBUG][2016-01-14 13:03:11,579][com.java.ImportnExport.ExportTestResultsExcel] [  223] - browser is------------IE10
[DEBUG][2016-01-14 13:03:11,583][com.java.ImportnExport.ExportTestResultsExcel] [  270] - result.size() = 414
[DEBUG][2016-01-14 13:03:11,583][com.java.ImportnExport.ExportTestResultsExcel] [  274] - No of rows in sheet=2
[DEBUG][2016-01-14 13:03:11,583][com.java.ImportnExport.ExportTestResultsExcel] [  301] - ..in export..12
[DEBUG][2016-01-14 13:03:11,583][com.java.ImportnExport.ExportTestResultsExcel] [  301] - ..in export..Admin: Company Settings: Rated Loan Categories: Modify Existing Category
[DEBUG][2016-01-14 13:03:11,583][com.java.ImportnExport.ExportTestResultsExcel] [  301] - ..in export..Pass
[DEBUG][2016-01-14 13:03:11,584][com.java.ImportnExport.ExportTestResultsExcel] [  301] - ..in export..
[DEBUG][2016-01-14 13:03:11,584][com.java.ImportnExport.ExportTestResultsExcel] [  301] - ..in export..Thu Jan 14 13:00:32 IST 2016
[INFO ][2016-01-14 13:03:11,585][com.java.SeleniumDriver] [ 1337] - out loop:1 size:2 TestCases:[1, 12] testcases:[1, 12]
[INFO ][2016-01-14 13:03:13,584][com.java.SeleniumDriver] [ 1380] - Total Number of Cases:2
[INFO ][2016-01-14 13:03:13,584][com.java.TemplateGenerator] [  302] - Executed:2
[INFO ][2016-01-14 13:03:13,584][com.java.TemplateGenerator] [  303] - Passed:2
[INFO ][2016-01-14 13:03:13,584][com.java.TemplateGenerator] [  304] - Failed:0
[INFO ][2016-01-14 13:03:13,584][com.java.TemplateGenerator] [  305] - Skipeed:0
[INFO ][2016-01-14 13:03:13,584][com.java.TemplateGenerator] [  306] - Application URL:https://clients-xuat.bankersdashboard.com
[INFO ][2016-01-14 13:03:13,584][com.java.TemplateGenerator] [  307] - Start Time:011416_125943
[INFO ][2016-01-14 13:03:13,584][com.java.TemplateGenerator] [  308] -  Creating HTML Report 
[ERROR][2016-01-14 13:03:13,585][com.java.TemplateGenerator] [  409] - Unparseable date: "Thu Jan 14 12:59:43 IST 2016"
[INFO ][2016-01-14 13:03:13,585][com.java.TemplateGenerator] [  654] -  Exporting case :: 1
[INFO ][2016-01-14 13:03:13,585][com.java.TemplateGenerator] [  654] -  Exporting case :: 12
[INFO ][2016-01-14 13:03:13,591][com.java.SeleniumDriver] [ 1429] - End Time:011416_130313
[INFO ][2016-01-14 13:03:13,592][com.java.SeleniumDriver] [ 1432] - Data in Test Execution Details:{1=PASS, 12=PASS}
[INFO ][2016-01-14 13:03:13,592][com.java.SeleniumDriver] [ 1433] - Data in Failed Execution Deatils:{}
[INFO ][2016-01-14 13:03:13,592][com.java.SeleniumDriver] [ 1435] - ReportCounter:Total:2 :: PASS: 2 ::FAIL: 0
[INFO ][2016-01-14 13:03:13,592][com.java.SeleniumDriver] [ 1436] - FailedReportCounter:Total:0 :: PASS: 0 ::FAIL: 0
[INFO ][2016-01-14 13:03:13,599][com.java.EmailTestReport] [   63] - Sending report mail details:
[INFO ][2016-01-14 13:03:13,599][com.java.EmailTestReport] [   80] - Excel Report Path:D:\BankersDashboard/TestReports/Test Results_BankersDashBoard_011416_125943_IE10_Any Bank USA.xls
[INFO ][2016-01-14 13:03:13,599][com.java.EmailTestReport] [   81] - HTML Report Path:D:\BankersDashboard//TestReports//Test Results_BankersDashBoard_011416_125943_IE10_Any Bank USA.html
[INFO ][2016-01-14 13:03:13,599][com.java.EmailTestReport] [   82] - smtpHostName:mail01.valuelabs.com
[INFO ][2016-01-14 13:03:13,600][com.java.EmailTestReport] [   83] - Recipient:venkateswararao.gubbala@valuelabs.com;
[INFO ][2016-01-14 13:03:13,600][com.java.EmailTestReport] [   84] - From:venkateswararao.gubbala@valuelabs.com;
[INFO ][2016-01-14 13:03:13,600][com.java.EmailTestReport] [   85] - Subject:Deluxe Corp Bankers Dashboard Automation Test Report - Any Bank USA - IE10
[INFO ][2016-01-14 13:03:13,616][com.java.EmailTestReport] [  143] -  Added venkateswararao.gubbala@valuelabs.com
[INFO ][2016-01-14 13:03:16,730][com.java.SeleniumDriver] [  722] - quitting the browser 
[INFO ][2016-01-14 13:03:18,430][com.java.SeleniumDriver] [  264] - Execution Completed Stopping the thread
