[INFO ][2016-02-09 22:22:36,038][com.java.SeleniumDriver] [  213] - Execute Failed Casesfalse
[INFO ][2016-02-09 22:22:36,038][com.java.SeleniumDriver] [  214] - Browser: IE10
[INFO ][2016-02-09 22:22:36,038][com.java.SeleniumDriver] [  215] - [1, 8, 9]
[INFO ][2016-02-09 22:22:36,038][com.java.SeleniumDriver] [  216] - Total TestCases:3
[INFO ][2016-02-09 22:22:36,038][com.java.SeleniumDriver] [  217] -  Reading Properties from Property File 
[DEBUG][2016-02-09 22:22:36,039][com.java.SeleniumDriver] [  238] - url : https://clients-xuat.bankersdashboard.com
[INFO ][2016-02-09 22:22:36,040][com.java.ImportnExport.ExportTestResultsExcel] [  116] - Time Stamp Tue Feb 09 10:22:36 IST 2016
[INFO ][2016-02-09 22:22:36,040][com.java.ImportnExport.ExportTestResultsExcel] [  175] - OUT FILE : D:\BankersDashboard/TestReports/Test Results_BankersDashBoard_020916_222236_IE10_Any Bank USA.xls
[INFO ][2016-02-09 22:22:36,070][com.java.ImportnExport.ExportTestResultsExcel] [  180] - Test Result file is created
[DEBUG][2016-02-09 22:22:36,162][com.java.SeleniumDriver] [  426] - Hub ip address is-------172.17.68.34
[INFO ][2016-02-09 22:22:36,163][com.java.SeleniumDriver] [  452] - Grid URL:http://172.17.68.34:4444/wd/hub
[INFO ][2016-02-09 22:22:36,163][com.java.SeleniumDriver] [  453] - Capability:Capabilities [{platform=ANY, ensureCleanSession=true, ignoreProtectedModeSettings=true, acceptSslCerts=true, ignoreZoomSetting=true, browserName=internet explorer, browserstack.ie.noFlash=true, version=null}]
[ERROR][2016-02-09 22:22:37,501][com.java.SeleniumDriver] [  498] - Unable invoke browser in grid:Could not start a new session. Possible causes are invalid address of the remote server or browser start-up failure.
Build info: version: '2.48.2', revision: '41bccdd', time: '2015-10-09 19:59:12'
System info: host: 'FVTIII438F1D', ip: '172.17.68.34', os.name: 'Windows 7', os.arch: 'x86', os.version: '6.1', java.version: '1.7.0_55'
Driver info: driver.version: SeleniumDriver
[INFO ][2016-02-09 22:22:37,502][com.java.SeleniumDriver] [  500] - Executing on local machine
[INFO ][2016-02-09 22:22:48,015][com.java.SeleniumDriver] [  248] - IE10is opened
[INFO ][2016-02-09 22:22:48,859][com.java.SeleniumDriver] [  756] - Test cases to be executed are: [1, 8, 9]
[INFO ][2016-02-09 22:22:48,884][com.java.ImportnExport.ImportTestDataDetailsExcel] [   49] - test data details path===== D:\BankersDashboard\TestInputs\TestData.xls
[INFO ][2016-02-09 22:22:48,962][com.java.SeleniumDriver] [  856] - ------------------------------------------
[INFO ][2016-02-09 22:22:48,962][com.java.SeleniumDriver] [  857] - Test case being Executed: 1
[INFO ][2016-02-09 22:22:48,962][com.java.SeleniumDriver] [  869] - Test step:1
[INFO ][2016-02-09 22:22:48,962][com.java.SeleniumDriver] [  881] - Datavalue is----------Concept#1:1-16
[INFO ][2016-02-09 22:22:48,963][com.java.SeleniumDriver] [  905] - DataField : test
[INFO ][2016-02-09 22:22:48,963][com.java.SeleniumDriver] [  907] - DataValue : Concept#1:1-16
[INFO ][2016-02-09 22:22:48,963][com.java.SeleniumDriver] [  913] - <In Set values of the page>
[INFO ][2016-02-09 22:22:48,963][com.java.SeleniumDriver] [  916] - {Data Fields & Data Values Exist}
[INFO ][2016-02-09 22:22:48,965][com.java.SeleniumDriver] [  918] - --------------------------setting values-----------------------------
[INFO ][2016-02-09 22:22:48,965][com.java.SeleniumDriver] [  921] - Action Type : ExecuteTestCase
[INFO ][2016-02-09 22:22:48,985][com.java.TestType] [  448] - The Concept sheet name is ---------- Concept
[INFO ][2016-02-09 22:22:48,985][com.java.TestType] [  451] - The Concept ID  is ---------- 1
[DEBUG][2016-02-09 22:22:48,985][com.java.TestType] [  455] - Steps being executted in the Concept are: 1:16
[INFO ][2016-02-09 22:22:48,986][com.java.TestType] [  462] - Test data details path ---------- D:\BankersDashboard\TestInputs\TestData.xls
[INFO ][2016-02-09 22:22:49,007][com.java.TestType] [  493] -  str(1) = 1
[INFO ][2016-02-09 22:22:49,007][com.java.TestType] [  496] - Test case Id is---1
[INFO ][2016-02-09 22:22:49,007][com.java.TestType] [  498] - 1
[INFO ][2016-02-09 22:22:49,007][com.java.TestType] [  493] -  str(2) = 1
[INFO ][2016-02-09 22:22:49,010][com.java.TestType] [  493] -  str(1) = 1
[INFO ][2016-02-09 22:22:49,010][com.java.TestType] [  496] - Test case Id is---1
[INFO ][2016-02-09 22:22:49,010][com.java.TestType] [  498] - 1
[INFO ][2016-02-09 22:22:49,010][com.java.TestType] [  493] -  str(2) = 2
[INFO ][2016-02-09 22:22:49,011][com.java.TestType] [  493] -  str(1) = 1
[INFO ][2016-02-09 22:22:49,011][com.java.TestType] [  496] - Test case Id is---1
[INFO ][2016-02-09 22:22:49,011][com.java.TestType] [  498] - 1
[INFO ][2016-02-09 22:22:49,011][com.java.TestType] [  493] -  str(2) = 3
[INFO ][2016-02-09 22:22:49,013][com.java.TestType] [  493] -  str(1) = 1
[INFO ][2016-02-09 22:22:49,013][com.java.TestType] [  496] - Test case Id is---1
[INFO ][2016-02-09 22:22:49,013][com.java.TestType] [  498] - 1
[INFO ][2016-02-09 22:22:49,013][com.java.TestType] [  493] -  str(2) = 4
[INFO ][2016-02-09 22:22:49,014][com.java.TestType] [  493] -  str(1) = 1
[INFO ][2016-02-09 22:22:49,015][com.java.TestType] [  496] - Test case Id is---1
[INFO ][2016-02-09 22:22:49,015][com.java.TestType] [  498] - 1
[INFO ][2016-02-09 22:22:49,015][com.java.TestType] [  493] -  str(2) = 5
[INFO ][2016-02-09 22:22:49,016][com.java.TestType] [  493] -  str(1) = 1
[INFO ][2016-02-09 22:22:49,016][com.java.TestType] [  496] - Test case Id is---1
[INFO ][2016-02-09 22:22:49,018][com.java.TestType] [  498] - 1
[INFO ][2016-02-09 22:22:49,018][com.java.TestType] [  493] -  str(2) = 6
[INFO ][2016-02-09 22:22:49,020][com.java.TestType] [  493] -  str(1) = 1
[INFO ][2016-02-09 22:22:49,020][com.java.TestType] [  496] - Test case Id is---1
[INFO ][2016-02-09 22:22:49,020][com.java.TestType] [  498] - 1
[INFO ][2016-02-09 22:22:49,020][com.java.TestType] [  493] -  str(2) = 7
[INFO ][2016-02-09 22:22:49,021][com.java.TestType] [  493] -  str(1) = 1
[INFO ][2016-02-09 22:22:49,021][com.java.TestType] [  496] - Test case Id is---1
[INFO ][2016-02-09 22:22:49,021][com.java.TestType] [  498] - 1
[INFO ][2016-02-09 22:22:49,021][com.java.TestType] [  493] -  str(2) = 8
[INFO ][2016-02-09 22:22:49,022][com.java.TestType] [  493] -  str(1) = 1
[INFO ][2016-02-09 22:22:49,022][com.java.TestType] [  496] - Test case Id is---1
[INFO ][2016-02-09 22:22:49,022][com.java.TestType] [  498] - 1
[INFO ][2016-02-09 22:22:49,022][com.java.TestType] [  493] -  str(2) = 9
[INFO ][2016-02-09 22:22:49,023][com.java.TestType] [  493] -  str(1) = 1
[INFO ][2016-02-09 22:22:49,023][com.java.TestType] [  496] - Test case Id is---1
[INFO ][2016-02-09 22:22:49,023][com.java.TestType] [  498] - 1
[INFO ][2016-02-09 22:22:49,023][com.java.TestType] [  493] -  str(2) = 10
[INFO ][2016-02-09 22:22:49,024][com.java.TestType] [  493] -  str(1) = 1
[INFO ][2016-02-09 22:22:49,024][com.java.TestType] [  496] - Test case Id is---1
[INFO ][2016-02-09 22:22:49,024][com.java.TestType] [  498] - 1
[INFO ][2016-02-09 22:22:49,024][com.java.TestType] [  493] -  str(2) = 11
[INFO ][2016-02-09 22:22:49,025][com.java.TestType] [  493] -  str(1) = 1
[INFO ][2016-02-09 22:22:49,025][com.java.TestType] [  496] - Test case Id is---1
[INFO ][2016-02-09 22:22:49,025][com.java.TestType] [  498] - 1
[INFO ][2016-02-09 22:22:49,025][com.java.TestType] [  493] -  str(2) = 12
[INFO ][2016-02-09 22:22:49,026][com.java.TestType] [  493] -  str(1) = 1
[INFO ][2016-02-09 22:22:49,026][com.java.TestType] [  496] - Test case Id is---1
[INFO ][2016-02-09 22:22:49,026][com.java.TestType] [  498] - 1
[INFO ][2016-02-09 22:22:49,028][com.java.TestType] [  493] -  str(2) = 13
[INFO ][2016-02-09 22:22:49,028][com.java.TestType] [  493] -  str(1) = 1
[INFO ][2016-02-09 22:22:49,029][com.java.TestType] [  496] - Test case Id is---1
[INFO ][2016-02-09 22:22:49,029][com.java.TestType] [  498] - 1
[INFO ][2016-02-09 22:22:49,029][com.java.TestType] [  493] -  str(2) = 14
[INFO ][2016-02-09 22:22:49,030][com.java.TestType] [  493] -  str(1) = 1
[INFO ][2016-02-09 22:22:49,030][com.java.TestType] [  496] - Test case Id is---1
[INFO ][2016-02-09 22:22:49,030][com.java.TestType] [  498] - 1
[INFO ][2016-02-09 22:22:49,030][com.java.TestType] [  493] -  str(2) = 15
[INFO ][2016-02-09 22:22:49,030][com.java.TestType] [  493] -  str(1) = 1
[INFO ][2016-02-09 22:22:49,031][com.java.TestType] [  496] - Test case Id is---1
[INFO ][2016-02-09 22:22:49,031][com.java.TestType] [  498] - 1
[INFO ][2016-02-09 22:22:49,031][com.java.TestType] [  493] -  str(2) = 16
[INFO ][2016-02-09 22:22:49,031][com.java.TestType] [12138] - Looping 1TCID = 1
[DEBUG][2016-02-09 22:22:49,031][com.java.TestType] [12179] - Concept ID:1 :: Step being Executed: 1::1
[INFO ][2016-02-09 22:22:49,032][com.java.TestType] [12217] - dataFields : TXTusername
[DEBUG][2016-02-09 22:22:49,032][com.java.TestType] [12223] - <In Set values of the page>
[DEBUG][2016-02-09 22:22:49,032][com.java.TestType] [12228] - {Data Fields & Data Values Exist}
[INFO ][2016-02-09 22:22:49,032][com.java.TestType] [12234] - --------------------------setting values-----------------------------
[INFO ][2016-02-09 22:22:49,032][com.java.TestType] [12237] - Action Type : CLEARANDENTER
[INFO ][2016-02-09 22:22:51,328][com.java.TestType] [ 6752] - value = naresh.nayini1.00000
[INFO ][2016-02-09 22:22:53,732][com.java.TestType] [12256] -  RESULT true
[INFO ][2016-02-09 22:22:53,732][com.java.TestType] [12373] - ?   P A S S   ?
[DEBUG][2016-02-09 22:22:53,732][com.java.TestType] [12179] - Concept ID:1 :: Step being Executed: 1::2
[INFO ][2016-02-09 22:22:53,732][com.java.TestType] [12217] - dataFields : TXTpassword
[DEBUG][2016-02-09 22:22:53,732][com.java.TestType] [12223] - <In Set values of the page>
[DEBUG][2016-02-09 22:22:53,732][com.java.TestType] [12228] - {Data Fields & Data Values Exist}
[INFO ][2016-02-09 22:22:53,732][com.java.TestType] [12234] - --------------------------setting values-----------------------------
[INFO ][2016-02-09 22:22:53,733][com.java.TestType] [12237] - Action Type : CLEARANDENTER
[INFO ][2016-02-09 22:22:55,995][com.java.TestType] [ 6752] - value = Password1*
[INFO ][2016-02-09 22:22:58,528][com.java.TestType] [12256] -  RESULT true
[INFO ][2016-02-09 22:22:58,528][com.java.TestType] [12373] - ?   P A S S   ?
[DEBUG][2016-02-09 22:22:58,528][com.java.TestType] [12179] - Concept ID:1 :: Step being Executed: 1::3
[ERROR][2016-02-09 22:22:58,528][com.java.TestType] [12212] - Exception: null
[INFO ][2016-02-09 22:22:58,528][com.java.TestType] [12217] - dataFields : XPH//button[@type='submit']
[DEBUG][2016-02-09 22:22:58,529][com.java.TestType] [12223] - <In Set values of the page>
[DEBUG][2016-02-09 22:22:58,529][com.java.TestType] [12228] - {Data Fields & Data Values Exist}
[INFO ][2016-02-09 22:22:58,529][com.java.TestType] [12234] - --------------------------setting values-----------------------------
[INFO ][2016-02-09 22:22:58,529][com.java.TestType] [12237] - Action Type : Click
[INFO ][2016-02-09 22:22:58,529][com.java.TestType] [ 7153] - Field ::XPH//button[@type='submit']
[INFO ][2016-02-09 22:22:58,529][com.java.TestType] [ 6752] - value = 
[INFO ][2016-02-09 22:22:59,530][com.java.TestType] [ 7330] - BEFORE CLICK
[INFO ][2016-02-09 22:23:00,369][com.java.TestType] [ 7338] - Unable to click the object Login
[INFO ][2016-02-09 22:23:00,369][com.java.TestType] [12256] -  RESULT true
[INFO ][2016-02-09 22:23:00,369][com.java.TestType] [12373] - ?   P A S S   ?
[DEBUG][2016-02-09 22:23:00,369][com.java.TestType] [12179] - Concept ID:1 :: Step being Executed: 1::4
[INFO ][2016-02-09 22:23:00,369][com.java.TestType] [12217] - dataFields : LNKLogout
[DEBUG][2016-02-09 22:23:00,369][com.java.TestType] [12223] - <In Set values of the page>
[DEBUG][2016-02-09 22:23:00,369][com.java.TestType] [12228] - {Data Fields & Data Values Exist}
[INFO ][2016-02-09 22:23:00,369][com.java.TestType] [12234] - --------------------------setting values-----------------------------
[INFO ][2016-02-09 22:23:00,369][com.java.TestType] [12237] - Action Type : WaitForElement
[INFO ][2016-02-09 22:23:03,853][com.java.TestType] [12256] -  RESULT true
[INFO ][2016-02-09 22:23:03,854][com.java.TestType] [12373] - ?   P A S S   ?
[DEBUG][2016-02-09 22:23:03,854][com.java.TestType] [12179] - Concept ID:1 :: Step being Executed: 1::15
[INFO ][2016-02-09 22:23:03,854][com.java.TestType] [12217] - dataFields : LNK
[DEBUG][2016-02-09 22:23:03,854][com.java.TestType] [12223] - <In Set values of the page>
[DEBUG][2016-02-09 22:23:03,854][com.java.TestType] [12228] - {Data Fields & Data Values Exist}
[INFO ][2016-02-09 22:23:03,854][com.java.TestType] [12234] - --------------------------setting values-----------------------------
[INFO ][2016-02-09 22:23:03,854][com.java.TestType] [12237] - Action Type : Verify
[INFO ][2016-02-09 22:23:03,854][com.java.TestType] [ 8386] - field= LNK value= Logout
[INFO ][2016-02-09 22:23:03,857][com.java.TestType] [ 6752] - value = Logout
[INFO ][2016-02-09 22:23:04,104][com.java.TestType] [12256] -  RESULT true
[INFO ][2016-02-09 22:23:04,104][com.java.TestType] [12373] - ?   P A S S   ?
[DEBUG][2016-02-09 22:23:04,104][com.java.TestType] [12179] - Concept ID:1 :: Step being Executed: 1::16
[INFO ][2016-02-09 22:23:04,104][com.java.TestType] [12217] - dataFields : BTN
[DEBUG][2016-02-09 22:23:04,104][com.java.TestType] [12223] - <In Set values of the page>
[DEBUG][2016-02-09 22:23:04,105][com.java.TestType] [12228] - {Data Fields & Data Values Exist}
[INFO ][2016-02-09 22:23:04,105][com.java.TestType] [12234] - --------------------------setting values-----------------------------
[INFO ][2016-02-09 22:23:04,105][com.java.TestType] [12237] - Action Type : Verify
[INFO ][2016-02-09 22:23:04,105][com.java.TestType] [ 8386] - field= BTN value= //img[contains(@src,'bdlogo.jpg')]
[INFO ][2016-02-09 22:23:04,105][com.java.TestType] [ 6752] - value = //img[contains(@src,'bdlogo.jpg')]
[INFO ][2016-02-09 22:23:04,246][com.java.TestType] [12256] -  RESULT true
[INFO ][2016-02-09 22:23:04,246][com.java.TestType] [12373] - ?   P A S S   ?
[INFO ][2016-02-09 22:23:04,246][com.java.TestType] [12444] - Looping End......
[INFO ][2016-02-09 22:23:04,249][com.java.SeleniumDriver] [  930] -  RESULT true
[INFO ][2016-02-09 22:23:04,249][com.java.SeleniumDriver] [ 1136] - ?   P A S S   ?
[INFO ][2016-02-09 22:23:04,249][com.java.SeleniumDriver] [  856] - ------------------------------------------
[INFO ][2016-02-09 22:23:04,249][com.java.SeleniumDriver] [  857] - Test case being Executed: 1
[INFO ][2016-02-09 22:23:04,249][com.java.SeleniumDriver] [  869] - Test step:2
[INFO ][2016-02-09 22:23:04,249][com.java.SeleniumDriver] [  881] - Datavalue is----------Concept#2:1-2
[INFO ][2016-02-09 22:23:04,249][com.java.SeleniumDriver] [  905] - DataField : test
[INFO ][2016-02-09 22:23:04,249][com.java.SeleniumDriver] [  907] - DataValue : Concept#2:1-2
[INFO ][2016-02-09 22:23:04,249][com.java.SeleniumDriver] [  913] - <In Set values of the page>
[INFO ][2016-02-09 22:23:04,249][com.java.SeleniumDriver] [  916] - {Data Fields & Data Values Exist}
[INFO ][2016-02-09 22:23:04,249][com.java.SeleniumDriver] [  918] - --------------------------setting values-----------------------------
[INFO ][2016-02-09 22:23:04,249][com.java.SeleniumDriver] [  921] - Action Type : ExecuteTestCase
[INFO ][2016-02-09 22:23:04,250][com.java.TestType] [  448] - The Concept sheet name is ---------- Concept
[INFO ][2016-02-09 22:23:04,250][com.java.TestType] [  451] - The Concept ID  is ---------- 2
[DEBUG][2016-02-09 22:23:04,250][com.java.TestType] [  455] - Steps being executted in the Concept are: 1:2
[INFO ][2016-02-09 22:23:04,250][com.java.TestType] [  462] - Test data details path ---------- D:\BankersDashboard\TestInputs\TestData.xls
[INFO ][2016-02-09 22:23:04,268][com.java.TestType] [  493] -  str(1) = 2
[INFO ][2016-02-09 22:23:04,268][com.java.TestType] [  496] - Test case Id is---2
[INFO ][2016-02-09 22:23:04,268][com.java.TestType] [  498] - 2
[INFO ][2016-02-09 22:23:04,269][com.java.TestType] [  493] -  str(2) = 1
[INFO ][2016-02-09 22:23:04,270][com.java.TestType] [  493] -  str(1) = 2
[INFO ][2016-02-09 22:23:04,270][com.java.TestType] [  496] - Test case Id is---2
[INFO ][2016-02-09 22:23:04,270][com.java.TestType] [  498] - 2
[INFO ][2016-02-09 22:23:04,271][com.java.TestType] [  493] -  str(2) = 2
[INFO ][2016-02-09 22:23:04,271][com.java.TestType] [  493] -  str(1) = 2
[INFO ][2016-02-09 22:23:04,272][com.java.TestType] [  496] - Test case Id is---2
[INFO ][2016-02-09 22:23:04,272][com.java.TestType] [  498] - 2
[INFO ][2016-02-09 22:23:04,272][com.java.TestType] [  493] -  str(2) = 3
[INFO ][2016-02-09 22:23:04,273][com.java.TestType] [12138] - Looping 1TCID = 2
[DEBUG][2016-02-09 22:23:04,273][com.java.TestType] [12179] - Concept ID:2 :: Step being Executed: 2::1
[INFO ][2016-02-09 22:23:04,273][com.java.TestType] [12217] - dataFields : BNK//select[@id='bank']
[DEBUG][2016-02-09 22:23:04,273][com.java.TestType] [12223] - <In Set values of the page>
[DEBUG][2016-02-09 22:23:04,273][com.java.TestType] [12228] - {Data Fields & Data Values Exist}
[INFO ][2016-02-09 22:23:04,273][com.java.TestType] [12234] - --------------------------setting values-----------------------------
[INFO ][2016-02-09 22:23:04,273][com.java.TestType] [12237] - Action Type : Select
[INFO ][2016-02-09 22:23:04,273][com.java.TestType] [ 6752] - value = PFC
[INFO ][2016-02-09 22:23:04,516][com.java.TestType] [12256] -  RESULT true
[INFO ][2016-02-09 22:23:04,517][com.java.TestType] [12373] - ?   P A S S   ?
[DEBUG][2016-02-09 22:23:04,517][com.java.TestType] [12179] - Concept ID:2 :: Step being Executed: 2::2
[INFO ][2016-02-09 22:23:04,517][com.java.TestType] [12217] - dataFields : LNKLogout
[DEBUG][2016-02-09 22:23:04,517][com.java.TestType] [12223] - <In Set values of the page>
[DEBUG][2016-02-09 22:23:04,517][com.java.TestType] [12228] - {Data Fields & Data Values Exist}
[INFO ][2016-02-09 22:23:04,517][com.java.TestType] [12234] - --------------------------setting values-----------------------------
[INFO ][2016-02-09 22:23:04,517][com.java.TestType] [12237] - Action Type : WaitTime
[DEBUG][2016-02-09 22:23:04,517][com.java.TestType] [ 6561] - sleepTime: 5000
[INFO ][2016-02-09 22:23:09,510][com.java.TestType] [12256] -  RESULT true
[INFO ][2016-02-09 22:23:09,510][com.java.TestType] [12373] - ?   P A S S   ?
[INFO ][2016-02-09 22:23:09,510][com.java.TestType] [12444] - Looping End......
[INFO ][2016-02-09 22:23:09,512][com.java.SeleniumDriver] [  930] -  RESULT true
[INFO ][2016-02-09 22:23:09,512][com.java.SeleniumDriver] [ 1136] - ?   P A S S   ?
[INFO ][2016-02-09 22:23:09,512][com.java.SeleniumDriver] [  856] - ------------------------------------------
[INFO ][2016-02-09 22:23:09,512][com.java.SeleniumDriver] [  857] - Test case being Executed: 1
[INFO ][2016-02-09 22:23:09,512][com.java.SeleniumDriver] [  869] - Test step:3
[INFO ][2016-02-09 22:23:09,512][com.java.SeleniumDriver] [  881] - Datavalue is----------2
[INFO ][2016-02-09 22:23:09,512][com.java.SeleniumDriver] [  905] - DataField : XPH//button[contains(text(),'Add Content')]
[INFO ][2016-02-09 22:23:09,512][com.java.SeleniumDriver] [  907] - DataValue : 2
[INFO ][2016-02-09 22:23:09,512][com.java.SeleniumDriver] [  913] - <In Set values of the page>
[INFO ][2016-02-09 22:23:09,512][com.java.SeleniumDriver] [  916] - {Data Fields & Data Values Exist}
[INFO ][2016-02-09 22:23:09,512][com.java.SeleniumDriver] [  918] - --------------------------setting values-----------------------------
[INFO ][2016-02-09 22:23:09,512][com.java.SeleniumDriver] [  921] - Action Type : WAITFORELEMENT
[INFO ][2016-02-09 22:23:09,549][com.java.SeleniumDriver] [  930] -  RESULT true
[INFO ][2016-02-09 22:23:09,549][com.java.SeleniumDriver] [ 1136] - ?   P A S S   ?
[DEBUG][2016-02-09 22:23:09,549][com.java.SeleniumDriver] [ 1248] - Case found
[DEBUG][2016-02-09 22:23:09,549][com.java.SeleniumDriver] [ 1253] - Incrementing ReportCounters[0]:1
[INFO ][2016-02-09 22:23:09,549][com.java.SeleniumDriver] [ 1272] - The results are-------------------[1, 1, Valid Login, Pass, , Tue Feb 09 22:23:04 IST 2016, 1, 2, Valid Login, Pass, , Tue Feb 09 22:23:09 IST 2016, 1, 3, Valid Login, Pass, , Tue Feb 09 22:23:09 IST 2016]
[INFO ][2016-02-09 22:23:09,550][com.java.SeleniumDriver] [ 1276] - End time is-------35 sec
[INFO ][2016-02-09 22:23:09,550][com.java.SeleniumDriver] [ 1277] - The results are-------------------[1, 1, Valid Login, Pass, , Tue Feb 09 22:23:04 IST 2016, 1, 2, Valid Login, Pass, , Tue Feb 09 22:23:09 IST 2016, 1, 3, Valid Login, Pass, , Tue Feb 09 22:23:09 IST 2016]
[DEBUG][2016-02-09 22:23:09,550][com.java.ImportnExport.ExportTestResultsExcel] [  222] - testResultPath = D:\BankersDashboard/TestReports/Test Results_BankersDashBoard_020916_222236_IE10_Any Bank USA.xls
[DEBUG][2016-02-09 22:23:09,550][com.java.ImportnExport.ExportTestResultsExcel] [  223] - browser is------------IE10
[DEBUG][2016-02-09 22:23:09,595][com.java.ImportnExport.ExportTestResultsExcel] [  270] - result.size() = 18
[DEBUG][2016-02-09 22:23:09,595][com.java.ImportnExport.ExportTestResultsExcel] [  274] - No of rows in sheet=1
[DEBUG][2016-02-09 22:23:09,595][com.java.ImportnExport.ExportTestResultsExcel] [  301] - ..in export..1
[DEBUG][2016-02-09 22:23:09,595][com.java.ImportnExport.ExportTestResultsExcel] [  301] - ..in export..Valid Login
[DEBUG][2016-02-09 22:23:09,595][com.java.ImportnExport.ExportTestResultsExcel] [  301] - ..in export..Pass
[DEBUG][2016-02-09 22:23:09,595][com.java.ImportnExport.ExportTestResultsExcel] [  301] - ..in export..
[DEBUG][2016-02-09 22:23:09,595][com.java.ImportnExport.ExportTestResultsExcel] [  301] - ..in export..Tue Feb 09 22:23:04 IST 2016
[INFO ][2016-02-09 22:23:09,597][com.java.SeleniumDriver] [ 1337] - out loop:0 size:3 TestCases:[1, 8, 9] testcases:[1, 8, 9]
[INFO ][2016-02-09 22:23:09,597][com.java.ImportnExport.ImportTestDataDetailsExcel] [   49] - test data details path===== D:\BankersDashboard\TestInputs\TestData.xls
[INFO ][2016-02-09 22:23:24,642][com.java.SeleniumDriver] [  856] - ------------------------------------------
[INFO ][2016-02-09 22:23:24,642][com.java.SeleniumDriver] [  857] - Test case being Executed: 8
[INFO ][2016-02-09 22:23:24,642][com.java.SeleniumDriver] [  869] - Test step:1
[INFO ][2016-02-09 22:23:24,642][com.java.SeleniumDriver] [  881] - Datavalue is----------Logout
[INFO ][2016-02-09 22:23:24,644][com.java.SeleniumDriver] [  905] - DataField : BTN
[INFO ][2016-02-09 22:23:24,644][com.java.SeleniumDriver] [  907] - DataValue : Logout
[INFO ][2016-02-09 22:23:24,644][com.java.SeleniumDriver] [  913] - <In Set values of the page>
[INFO ][2016-02-09 22:23:24,644][com.java.SeleniumDriver] [  916] - {Data Fields & Data Values Exist}
[INFO ][2016-02-09 22:23:24,644][com.java.SeleniumDriver] [  918] - --------------------------setting values-----------------------------
[INFO ][2016-02-09 22:23:24,644][com.java.SeleniumDriver] [  921] - Action Type : Verify
[INFO ][2016-02-09 22:23:24,644][com.java.TestType] [ 8386] - field= BTN value= Logout
[INFO ][2016-02-09 22:23:24,644][com.java.TestType] [ 6752] - value = Logout
[INFO ][2016-02-09 22:23:24,718][com.java.SeleniumDriver] [  930] -  RESULT true
[INFO ][2016-02-09 22:23:24,718][com.java.SeleniumDriver] [ 1136] - ?   P A S S   ?
[INFO ][2016-02-09 22:23:24,718][com.java.SeleniumDriver] [ 1178] - step change to 3
[INFO ][2016-02-09 22:23:24,718][com.java.SeleniumDriver] [  856] - ------------------------------------------
[INFO ][2016-02-09 22:23:24,718][com.java.SeleniumDriver] [  857] - Test case being Executed: 8
[INFO ][2016-02-09 22:23:24,718][com.java.SeleniumDriver] [  869] - Test step:3
[INFO ][2016-02-09 22:23:24,718][com.java.SeleniumDriver] [  881] - Datavalue is----------Concept#2:1-3
[INFO ][2016-02-09 22:23:24,719][com.java.SeleniumDriver] [  905] - DataField : test
[INFO ][2016-02-09 22:23:24,719][com.java.SeleniumDriver] [  907] - DataValue : Concept#2:1-3
[INFO ][2016-02-09 22:23:24,719][com.java.SeleniumDriver] [  913] - <In Set values of the page>
[INFO ][2016-02-09 22:23:24,719][com.java.SeleniumDriver] [  916] - {Data Fields & Data Values Exist}
[INFO ][2016-02-09 22:23:24,719][com.java.SeleniumDriver] [  918] - --------------------------setting values-----------------------------
[INFO ][2016-02-09 22:23:24,719][com.java.SeleniumDriver] [  921] - Action Type : ExecuteTestCase
[INFO ][2016-02-09 22:23:24,719][com.java.TestType] [  448] - The Concept sheet name is ---------- Concept
[INFO ][2016-02-09 22:23:24,719][com.java.TestType] [  451] - The Concept ID  is ---------- 2
[DEBUG][2016-02-09 22:23:24,719][com.java.TestType] [  455] - Steps being executted in the Concept are: 1:3
[INFO ][2016-02-09 22:23:24,719][com.java.TestType] [  462] - Test data details path ---------- D:\BankersDashboard\TestInputs\TestData.xls
[INFO ][2016-02-09 22:23:24,736][com.java.TestType] [  493] -  str(1) = 2
[INFO ][2016-02-09 22:23:24,736][com.java.TestType] [  496] - Test case Id is---2
[INFO ][2016-02-09 22:23:24,737][com.java.TestType] [  498] - 2
[INFO ][2016-02-09 22:23:24,737][com.java.TestType] [  493] -  str(2) = 1
[INFO ][2016-02-09 22:23:24,738][com.java.TestType] [  493] -  str(1) = 2
[INFO ][2016-02-09 22:23:24,738][com.java.TestType] [  496] - Test case Id is---2
[INFO ][2016-02-09 22:23:24,738][com.java.TestType] [  498] - 2
[INFO ][2016-02-09 22:23:24,738][com.java.TestType] [  493] -  str(2) = 2
[INFO ][2016-02-09 22:23:24,739][com.java.TestType] [  493] -  str(1) = 2
[INFO ][2016-02-09 22:23:24,739][com.java.TestType] [  496] - Test case Id is---2
[INFO ][2016-02-09 22:23:24,739][com.java.TestType] [  498] - 2
[INFO ][2016-02-09 22:23:24,739][com.java.TestType] [  493] -  str(2) = 3
[INFO ][2016-02-09 22:23:24,740][com.java.TestType] [12138] - Looping 1TCID = 2
[DEBUG][2016-02-09 22:23:24,740][com.java.TestType] [12179] - Concept ID:2 :: Step being Executed: 2::1
[INFO ][2016-02-09 22:23:24,740][com.java.TestType] [12217] - dataFields : BNK//select[@id='bank']
[DEBUG][2016-02-09 22:23:24,740][com.java.TestType] [12223] - <In Set values of the page>
[DEBUG][2016-02-09 22:23:24,740][com.java.TestType] [12228] - {Data Fields & Data Values Exist}
[INFO ][2016-02-09 22:23:24,740][com.java.TestType] [12234] - --------------------------setting values-----------------------------
[INFO ][2016-02-09 22:23:24,740][com.java.TestType] [12237] - Action Type : Select
[INFO ][2016-02-09 22:23:24,740][com.java.TestType] [ 6752] - value = PFC
[INFO ][2016-02-09 22:23:24,970][com.java.TestType] [12256] -  RESULT true
[INFO ][2016-02-09 22:23:24,970][com.java.TestType] [12373] - ?   P A S S   ?
[DEBUG][2016-02-09 22:23:24,971][com.java.TestType] [12179] - Concept ID:2 :: Step being Executed: 2::2
[INFO ][2016-02-09 22:23:24,971][com.java.TestType] [12217] - dataFields : LNKLogout
[DEBUG][2016-02-09 22:23:24,971][com.java.TestType] [12223] - <In Set values of the page>
[DEBUG][2016-02-09 22:23:24,971][com.java.TestType] [12228] - {Data Fields & Data Values Exist}
[INFO ][2016-02-09 22:23:24,971][com.java.TestType] [12234] - --------------------------setting values-----------------------------
[INFO ][2016-02-09 22:23:24,971][com.java.TestType] [12237] - Action Type : WaitTime
[DEBUG][2016-02-09 22:23:24,971][com.java.TestType] [ 6561] - sleepTime: 5000
[INFO ][2016-02-09 22:23:29,964][com.java.TestType] [12256] -  RESULT true
[INFO ][2016-02-09 22:23:29,964][com.java.TestType] [12373] - ?   P A S S   ?
[DEBUG][2016-02-09 22:23:29,964][com.java.TestType] [12179] - Concept ID:2 :: Step being Executed: 2::3
[INFO ][2016-02-09 22:23:29,964][com.java.TestType] [12217] - dataFields : LNKLogout
[DEBUG][2016-02-09 22:23:29,964][com.java.TestType] [12223] - <In Set values of the page>
[DEBUG][2016-02-09 22:23:29,964][com.java.TestType] [12228] - {Data Fields & Data Values Exist}
[INFO ][2016-02-09 22:23:29,964][com.java.TestType] [12234] - --------------------------setting values-----------------------------
[INFO ][2016-02-09 22:23:29,965][com.java.TestType] [12237] - Action Type : WaitForElement
[INFO ][2016-02-09 22:23:30,012][com.java.TestType] [12256] -  RESULT true
[INFO ][2016-02-09 22:23:30,012][com.java.TestType] [12373] - ?   P A S S   ?
[INFO ][2016-02-09 22:23:30,012][com.java.TestType] [12444] - Looping End......
[INFO ][2016-02-09 22:23:30,014][com.java.SeleniumDriver] [  930] -  RESULT true
[INFO ][2016-02-09 22:23:30,014][com.java.SeleniumDriver] [ 1136] - ?   P A S S   ?
[INFO ][2016-02-09 22:23:30,014][com.java.SeleniumDriver] [  856] - ------------------------------------------
[INFO ][2016-02-09 22:23:30,014][com.java.SeleniumDriver] [  857] - Test case being Executed: 8
[INFO ][2016-02-09 22:23:30,014][com.java.SeleniumDriver] [  869] - Test step:4
[INFO ][2016-02-09 22:23:30,014][com.java.SeleniumDriver] [  881] - Datavalue is----------Concept#12:1-11
[INFO ][2016-02-09 22:23:30,014][com.java.SeleniumDriver] [  905] - DataField : test
[INFO ][2016-02-09 22:23:30,014][com.java.SeleniumDriver] [  907] - DataValue : Concept#12:1-11
[INFO ][2016-02-09 22:23:30,014][com.java.SeleniumDriver] [  913] - <In Set values of the page>
[INFO ][2016-02-09 22:23:30,014][com.java.SeleniumDriver] [  916] - {Data Fields & Data Values Exist}
[INFO ][2016-02-09 22:23:30,015][com.java.SeleniumDriver] [  918] - --------------------------setting values-----------------------------
[INFO ][2016-02-09 22:23:30,015][com.java.SeleniumDriver] [  921] - Action Type : ExecuteTestCase
[INFO ][2016-02-09 22:23:30,015][com.java.TestType] [  448] - The Concept sheet name is ---------- Concept
[INFO ][2016-02-09 22:23:30,015][com.java.TestType] [  451] - The Concept ID  is ---------- 12
[DEBUG][2016-02-09 22:23:30,015][com.java.TestType] [  455] - Steps being executted in the Concept are: 1:11
[INFO ][2016-02-09 22:23:30,015][com.java.TestType] [  462] - Test data details path ---------- D:\BankersDashboard\TestInputs\TestData.xls
[INFO ][2016-02-09 22:23:30,035][com.java.TestType] [  493] -  str(1) = 12
[INFO ][2016-02-09 22:23:30,035][com.java.TestType] [  496] - Test case Id is---12
[INFO ][2016-02-09 22:23:30,035][com.java.TestType] [  498] - 12
[INFO ][2016-02-09 22:23:30,035][com.java.TestType] [  493] -  str(2) = 1
[INFO ][2016-02-09 22:23:30,036][com.java.TestType] [  493] -  str(1) = 12
[INFO ][2016-02-09 22:23:30,036][com.java.TestType] [  496] - Test case Id is---12
[INFO ][2016-02-09 22:23:30,037][com.java.TestType] [  498] - 12
[INFO ][2016-02-09 22:23:30,037][com.java.TestType] [  493] -  str(2) = 2
[INFO ][2016-02-09 22:23:30,037][com.java.TestType] [  493] -  str(1) = 12
[INFO ][2016-02-09 22:23:30,037][com.java.TestType] [  496] - Test case Id is---12
[INFO ][2016-02-09 22:23:30,037][com.java.TestType] [  498] - 12
[INFO ][2016-02-09 22:23:30,037][com.java.TestType] [  493] -  str(2) = 3
[INFO ][2016-02-09 22:23:30,038][com.java.TestType] [  493] -  str(1) = 12
[INFO ][2016-02-09 22:23:30,038][com.java.TestType] [  496] - Test case Id is---12
[INFO ][2016-02-09 22:23:30,038][com.java.TestType] [  498] - 12
[INFO ][2016-02-09 22:23:30,038][com.java.TestType] [  493] -  str(2) = 4
[INFO ][2016-02-09 22:23:30,039][com.java.TestType] [  493] -  str(1) = 12
[INFO ][2016-02-09 22:23:30,039][com.java.TestType] [  496] - Test case Id is---12
[INFO ][2016-02-09 22:23:30,039][com.java.TestType] [  498] - 12
[INFO ][2016-02-09 22:23:30,039][com.java.TestType] [  493] -  str(2) = 5
[INFO ][2016-02-09 22:23:30,040][com.java.TestType] [  493] -  str(1) = 12
[INFO ][2016-02-09 22:23:30,040][com.java.TestType] [  496] - Test case Id is---12
[INFO ][2016-02-09 22:23:30,040][com.java.TestType] [  498] - 12
[INFO ][2016-02-09 22:23:30,040][com.java.TestType] [  493] -  str(2) = 6
[INFO ][2016-02-09 22:23:30,041][com.java.TestType] [  493] -  str(1) = 12
[INFO ][2016-02-09 22:23:30,041][com.java.TestType] [  496] - Test case Id is---12
[INFO ][2016-02-09 22:23:30,041][com.java.TestType] [  498] - 12
[INFO ][2016-02-09 22:23:30,041][com.java.TestType] [  493] -  str(2) = 7
[INFO ][2016-02-09 22:23:30,042][com.java.TestType] [  493] -  str(1) = 12
[INFO ][2016-02-09 22:23:30,042][com.java.TestType] [  496] - Test case Id is---12
[INFO ][2016-02-09 22:23:30,042][com.java.TestType] [  498] - 12
[INFO ][2016-02-09 22:23:30,042][com.java.TestType] [  493] -  str(2) = 8
[INFO ][2016-02-09 22:23:30,043][com.java.TestType] [  493] -  str(1) = 12
[INFO ][2016-02-09 22:23:30,043][com.java.TestType] [  496] - Test case Id is---12
[INFO ][2016-02-09 22:23:30,043][com.java.TestType] [  498] - 12
[INFO ][2016-02-09 22:23:30,043][com.java.TestType] [  493] -  str(2) = 9
[INFO ][2016-02-09 22:23:30,044][com.java.TestType] [  493] -  str(1) = 12
[INFO ][2016-02-09 22:23:30,044][com.java.TestType] [  496] - Test case Id is---12
[INFO ][2016-02-09 22:23:30,044][com.java.TestType] [  498] - 12
[INFO ][2016-02-09 22:23:30,044][com.java.TestType] [  493] -  str(2) = 10
[INFO ][2016-02-09 22:23:30,045][com.java.TestType] [  493] -  str(1) = 12
[INFO ][2016-02-09 22:23:30,045][com.java.TestType] [  496] - Test case Id is---12
[INFO ][2016-02-09 22:23:30,045][com.java.TestType] [  498] - 12
[INFO ][2016-02-09 22:23:30,045][com.java.TestType] [  493] -  str(2) = 11
[INFO ][2016-02-09 22:23:30,045][com.java.TestType] [12138] - Looping 1TCID = 12
[DEBUG][2016-02-09 22:23:30,045][com.java.TestType] [12179] - Concept ID:12 :: Step being Executed: 12::1
[ERROR][2016-02-09 22:23:30,046][com.java.TestType] [12212] - Exception: null
[INFO ][2016-02-09 22:23:30,046][com.java.TestType] [12217] - dataFields : BTNparent
[DEBUG][2016-02-09 22:23:30,046][com.java.TestType] [12223] - <In Set values of the page>
[DEBUG][2016-02-09 22:23:30,046][com.java.TestType] [12228] - {Data Fields & Data Values Exist}
[INFO ][2016-02-09 22:23:30,046][com.java.TestType] [12234] - --------------------------setting values-----------------------------
[INFO ][2016-02-09 22:23:30,046][com.java.TestType] [12237] - Action Type : SELECTFRAME
[INFO ][2016-02-09 22:23:30,061][com.java.TestType] [12256] -  RESULT true
[INFO ][2016-02-09 22:23:30,061][com.java.TestType] [12373] - ?   P A S S   ?
[DEBUG][2016-02-09 22:23:30,061][com.java.TestType] [12179] - Concept ID:12 :: Step being Executed: 12::2
[INFO ][2016-02-09 22:23:30,061][com.java.TestType] [12217] - dataFields : test
[DEBUG][2016-02-09 22:23:30,061][com.java.TestType] [12223] - <In Set values of the page>
[DEBUG][2016-02-09 22:23:30,061][com.java.TestType] [12228] - {Data Fields & Data Values Exist}
[INFO ][2016-02-09 22:23:30,061][com.java.TestType] [12234] - --------------------------setting values-----------------------------
[INFO ][2016-02-09 22:23:30,062][com.java.TestType] [12237] - Action Type : OPENURL
[INFO ][2016-02-09 22:23:30,062][com.java.TestType] [ 6752] - value = https://clients-xuat.bankersdashboard.com
[INFO ][2016-02-09 22:23:30,062][com.java.TestType] [  364] - Open URL : https://clients-xuat.bankersdashboard.com
[INFO ][2016-02-09 22:23:32,902][com.java.TestType] [12256] -  RESULT true
[INFO ][2016-02-09 22:23:32,902][com.java.TestType] [12373] - ?   P A S S   ?
[DEBUG][2016-02-09 22:23:32,902][com.java.TestType] [12179] - Concept ID:12 :: Step being Executed: 12::3
[ERROR][2016-02-09 22:23:32,902][com.java.TestType] [12212] - Exception: null
[INFO ][2016-02-09 22:23:32,902][com.java.TestType] [12217] - dataFields : //span[@class='icon-cog2']&&//a[@data-id="UserSettings"]
[DEBUG][2016-02-09 22:23:32,902][com.java.TestType] [12223] - <In Set values of the page>
[DEBUG][2016-02-09 22:23:32,902][com.java.TestType] [12228] - {Data Fields & Data Values Exist}
[INFO ][2016-02-09 22:23:32,902][com.java.TestType] [12234] - --------------------------setting values-----------------------------
[INFO ][2016-02-09 22:23:32,902][com.java.TestType] [12237] - Action Type : MOUSEOVER
[INFO ][2016-02-09 22:24:13,819][com.java.TestType] [12256] -  RESULT true
[INFO ][2016-02-09 22:24:13,820][com.java.TestType] [12373] - ?   P A S S   ?
[DEBUG][2016-02-09 22:24:13,820][com.java.TestType] [12179] - Concept ID:12 :: Step being Executed: 12::4
[INFO ][2016-02-09 22:24:13,820][com.java.TestType] [12217] - dataFields : BTNframeDialogContent
[DEBUG][2016-02-09 22:24:13,820][com.java.TestType] [12223] - <In Set values of the page>
[DEBUG][2016-02-09 22:24:13,820][com.java.TestType] [12228] - {Data Fields & Data Values Exist}
[INFO ][2016-02-09 22:24:13,820][com.java.TestType] [12234] - --------------------------setting values-----------------------------
[INFO ][2016-02-09 22:24:13,820][com.java.TestType] [12237] - Action Type : WaitForElement
[INFO ][2016-02-09 22:24:15,101][com.java.TestType] [12256] -  RESULT true
[INFO ][2016-02-09 22:24:15,101][com.java.TestType] [12373] - ?   P A S S   ?
[DEBUG][2016-02-09 22:24:15,101][com.java.TestType] [12179] - Concept ID:12 :: Step being Executed: 12::5
[ERROR][2016-02-09 22:24:15,101][com.java.TestType] [12212] - Exception: null
[INFO ][2016-02-09 22:24:15,101][com.java.TestType] [12217] - dataFields : BTNframeDialogContent
[DEBUG][2016-02-09 22:24:15,101][com.java.TestType] [12223] - <In Set values of the page>
[DEBUG][2016-02-09 22:24:15,102][com.java.TestType] [12228] - {Data Fields & Data Values Exist}
[INFO ][2016-02-09 22:24:15,102][com.java.TestType] [12234] - --------------------------setting values-----------------------------
[INFO ][2016-02-09 22:24:15,102][com.java.TestType] [12237] - Action Type : SELECTFRAME
[INFO ][2016-02-09 22:24:16,413][com.java.TestType] [12256] -  RESULT true
[INFO ][2016-02-09 22:24:16,413][com.java.TestType] [12373] - ?   P A S S   ?
[DEBUG][2016-02-09 22:24:16,413][com.java.TestType] [12179] - Concept ID:12 :: Step being Executed: 12::6
[INFO ][2016-02-09 22:24:16,413][com.java.TestType] [12217] - dataFields : SLBddlRoundingValue
[DEBUG][2016-02-09 22:24:16,413][com.java.TestType] [12223] - <In Set values of the page>
[DEBUG][2016-02-09 22:24:16,413][com.java.TestType] [12228] - {Data Fields & Data Values Exist}
[INFO ][2016-02-09 22:24:16,413][com.java.TestType] [12234] - --------------------------setting values-----------------------------
[INFO ][2016-02-09 22:24:16,413][com.java.TestType] [12237] - Action Type : SELECT
[INFO ][2016-02-09 22:24:16,414][com.java.TestType] [ 6752] - value = 1
[INFO ][2016-02-09 22:24:18,727][com.java.TestType] [12256] -  RESULT true
[INFO ][2016-02-09 22:24:18,728][com.java.TestType] [12373] - ?   P A S S   ?
[DEBUG][2016-02-09 22:24:18,728][com.java.TestType] [12179] - Concept ID:12 :: Step being Executed: 12::7
[ERROR][2016-02-09 22:24:18,728][com.java.TestType] [12212] - Exception: null
[INFO ][2016-02-09 22:24:18,728][com.java.TestType] [12217] - dataFields : BTNparent
[DEBUG][2016-02-09 22:24:18,728][com.java.TestType] [12223] - <In Set values of the page>
[DEBUG][2016-02-09 22:24:18,728][com.java.TestType] [12228] - {Data Fields & Data Values Exist}
[INFO ][2016-02-09 22:24:18,728][com.java.TestType] [12234] - --------------------------setting values-----------------------------
[INFO ][2016-02-09 22:24:18,728][com.java.TestType] [12237] - Action Type : SELECTFRAME
[INFO ][2016-02-09 22:24:18,743][com.java.TestType] [12256] -  RESULT true
[INFO ][2016-02-09 22:24:18,743][com.java.TestType] [12373] - ?   P A S S   ?
[DEBUG][2016-02-09 22:24:18,743][com.java.TestType] [12179] - Concept ID:12 :: Step being Executed: 12::8
[ERROR][2016-02-09 22:24:18,743][com.java.TestType] [12212] - Exception: null
[INFO ][2016-02-09 22:24:18,743][com.java.TestType] [12217] - dataFields : BTN//span[text()='Finished']
[DEBUG][2016-02-09 22:24:18,743][com.java.TestType] [12223] - <In Set values of the page>
[DEBUG][2016-02-09 22:24:18,743][com.java.TestType] [12228] - {Data Fields & Data Values Exist}
[INFO ][2016-02-09 22:24:18,744][com.java.TestType] [12234] - --------------------------setting values-----------------------------
[INFO ][2016-02-09 22:24:18,744][com.java.TestType] [12237] - Action Type : Click
[INFO ][2016-02-09 22:24:18,744][com.java.TestType] [ 7153] - Field ::BTN//span[text()='Finished']
[INFO ][2016-02-09 22:24:18,744][com.java.TestType] [ 6752] - value = 
[INFO ][2016-02-09 22:24:19,742][com.java.TestType] [ 7309] - BEFORE CLICK
[INFO ][2016-02-09 22:24:20,101][com.java.TestType] [ 7316] - Unable to click the object Finished button
[INFO ][2016-02-09 22:24:20,101][com.java.TestType] [12256] -  RESULT true
[INFO ][2016-02-09 22:24:20,101][com.java.TestType] [12373] - ?   P A S S   ?
[DEBUG][2016-02-09 22:24:20,101][com.java.TestType] [12179] - Concept ID:12 :: Step being Executed: 12::9
[INFO ][2016-02-09 22:24:20,101][com.java.TestType] [12217] - dataFields : XPH//div[contains(text(), 'My Dashboard')]
[DEBUG][2016-02-09 22:24:20,101][com.java.TestType] [12223] - <In Set values of the page>
[DEBUG][2016-02-09 22:24:20,102][com.java.TestType] [12228] - {Data Fields & Data Values Exist}
[INFO ][2016-02-09 22:24:20,102][com.java.TestType] [12234] - --------------------------setting values-----------------------------
[INFO ][2016-02-09 22:24:20,102][com.java.TestType] [12237] - Action Type : WAITFORELEMENT
[INFO ][2016-02-09 22:24:20,137][com.java.TestType] [12256] -  RESULT true
[INFO ][2016-02-09 22:24:20,137][com.java.TestType] [12373] - ?   P A S S   ?
[DEBUG][2016-02-09 22:24:20,137][com.java.TestType] [12179] - Concept ID:12 :: Step being Executed: 12::10
[INFO ][2016-02-09 22:24:20,137][com.java.TestType] [12217] - dataFields : null
[DEBUG][2016-02-09 22:24:20,137][com.java.TestType] [12223] - <In Set values of the page>
[INFO ][2016-02-09 22:24:20,137][com.java.TestType] [12373] - ?   P A S S   ?
[DEBUG][2016-02-09 22:24:20,138][com.java.TestType] [12179] - Concept ID:12 :: Step being Executed: 12::11
[ERROR][2016-02-09 22:24:20,138][com.java.TestType] [12212] - Exception: null
[INFO ][2016-02-09 22:24:20,138][com.java.TestType] [12217] - dataFields : BTNcloseAllTabs
[DEBUG][2016-02-09 22:24:20,138][com.java.TestType] [12223] - <In Set values of the page>
[DEBUG][2016-02-09 22:24:20,138][com.java.TestType] [12228] - {Data Fields & Data Values Exist}
[INFO ][2016-02-09 22:24:20,138][com.java.TestType] [12234] - --------------------------setting values-----------------------------
[INFO ][2016-02-09 22:24:20,138][com.java.TestType] [12237] - Action Type : CLICK
[INFO ][2016-02-09 22:24:20,138][com.java.TestType] [ 7153] - Field ::BTNcloseAllTabs
[INFO ][2016-02-09 22:24:20,138][com.java.TestType] [ 6752] - value = 
[INFO ][2016-02-09 22:24:21,137][com.java.TestType] [ 7309] - BEFORE CLICK
[INFO ][2016-02-09 22:24:22,835][com.java.TestType] [ 7316] - Unable to click the object Close all tabs button
[INFO ][2016-02-09 22:24:22,835][com.java.TestType] [12256] -  RESULT true
[INFO ][2016-02-09 22:24:22,835][com.java.TestType] [12373] - ?   P A S S   ?
[INFO ][2016-02-09 22:24:22,835][com.java.TestType] [12444] - Looping End......
[INFO ][2016-02-09 22:24:22,837][com.java.SeleniumDriver] [  930] -  RESULT true
[INFO ][2016-02-09 22:24:22,837][com.java.SeleniumDriver] [ 1136] - ?   P A S S   ?
[INFO ][2016-02-09 22:24:22,837][com.java.SeleniumDriver] [  856] - ------------------------------------------
[INFO ][2016-02-09 22:24:22,837][com.java.SeleniumDriver] [  857] - Test case being Executed: 8
[INFO ][2016-02-09 22:24:22,837][com.java.SeleniumDriver] [  869] - Test step:5
[INFO ][2016-02-09 22:24:22,837][com.java.SeleniumDriver] [  881] - Datavalue is----------null
[DEBUG][2016-02-09 22:24:22,837][com.java.SeleniumDriver] [  899] - Exception: null
[INFO ][2016-02-09 22:24:22,837][com.java.SeleniumDriver] [  905] - DataField : //span[@class="icon-cog2"]&&//a[text()='Customize']&&//a[@data-id="TabletAlerts"]
[INFO ][2016-02-09 22:24:22,837][com.java.SeleniumDriver] [  907] - DataValue : 
[INFO ][2016-02-09 22:24:22,837][com.java.SeleniumDriver] [  913] - <In Set values of the page>
[INFO ][2016-02-09 22:24:22,837][com.java.SeleniumDriver] [  916] - {Data Fields & Data Values Exist}
[INFO ][2016-02-09 22:24:22,837][com.java.SeleniumDriver] [  918] - --------------------------setting values-----------------------------
[INFO ][2016-02-09 22:24:22,837][com.java.SeleniumDriver] [  921] - Action Type : MOUSEOVER
[INFO ][2016-02-09 22:25:07,616][com.java.SeleniumDriver] [  930] -  RESULT true
[INFO ][2016-02-09 22:25:07,617][com.java.SeleniumDriver] [ 1136] - ?   P A S S   ?
[INFO ][2016-02-09 22:25:07,617][com.java.SeleniumDriver] [  856] - ------------------------------------------
[INFO ][2016-02-09 22:25:07,617][com.java.SeleniumDriver] [  857] - Test case being Executed: 8
[INFO ][2016-02-09 22:25:07,617][com.java.SeleniumDriver] [  869] - Test step:6
[INFO ][2016-02-09 22:25:07,617][com.java.SeleniumDriver] [  881] - Datavalue is----------My Alerts
[INFO ][2016-02-09 22:25:07,617][com.java.SeleniumDriver] [  905] - DataField : XPH//span[@class='ui-dialog-title']
[INFO ][2016-02-09 22:25:07,617][com.java.SeleniumDriver] [  907] - DataValue : My Alerts
[INFO ][2016-02-09 22:25:07,617][com.java.SeleniumDriver] [  913] - <In Set values of the page>
[INFO ][2016-02-09 22:25:07,617][com.java.SeleniumDriver] [  916] - {Data Fields & Data Values Exist}
[INFO ][2016-02-09 22:25:07,617][com.java.SeleniumDriver] [  918] - --------------------------setting values-----------------------------
[INFO ][2016-02-09 22:25:07,617][com.java.SeleniumDriver] [  921] - Action Type : verify
[INFO ][2016-02-09 22:25:07,617][com.java.TestType] [ 8386] - field= XPH//span[@class='ui-dialog-title'] value= My Alerts
[INFO ][2016-02-09 22:25:07,617][com.java.TestType] [ 6752] - value = My Alerts
[INFO ][2016-02-09 22:25:07,804][com.java.SeleniumDriver] [  930] -  RESULT true
[INFO ][2016-02-09 22:25:07,804][com.java.SeleniumDriver] [ 1136] - ?   P A S S   ?
[INFO ][2016-02-09 22:25:07,804][com.java.SeleniumDriver] [  856] - ------------------------------------------
[INFO ][2016-02-09 22:25:07,804][com.java.SeleniumDriver] [  857] - Test case being Executed: 8
[INFO ][2016-02-09 22:25:07,804][com.java.SeleniumDriver] [  869] - Test step:7
[INFO ][2016-02-09 22:25:07,804][com.java.SeleniumDriver] [  881] - Datavalue is----------null
[DEBUG][2016-02-09 22:25:07,804][com.java.SeleniumDriver] [  899] - Exception: null
[INFO ][2016-02-09 22:25:07,804][com.java.SeleniumDriver] [  905] - DataField : BTNframeDialogContent
[INFO ][2016-02-09 22:25:07,804][com.java.SeleniumDriver] [  907] - DataValue : 
[INFO ][2016-02-09 22:25:07,805][com.java.SeleniumDriver] [  913] - <In Set values of the page>
[INFO ][2016-02-09 22:25:07,805][com.java.SeleniumDriver] [  916] - {Data Fields & Data Values Exist}
[INFO ][2016-02-09 22:25:07,805][com.java.SeleniumDriver] [  918] - --------------------------setting values-----------------------------
[INFO ][2016-02-09 22:25:07,805][com.java.SeleniumDriver] [  921] - Action Type : SELECTFRAME
[INFO ][2016-02-09 22:25:09,123][com.java.SeleniumDriver] [  930] -  RESULT true
[INFO ][2016-02-09 22:25:09,123][com.java.SeleniumDriver] [ 1136] - ?   P A S S   ?
[INFO ][2016-02-09 22:25:09,123][com.java.SeleniumDriver] [  856] - ------------------------------------------
[INFO ][2016-02-09 22:25:09,125][com.java.SeleniumDriver] [  857] - Test case being Executed: 8
[INFO ][2016-02-09 22:25:09,125][com.java.SeleniumDriver] [  869] - Test step:8
[INFO ][2016-02-09 22:25:09,125][com.java.SeleniumDriver] [  881] - Datavalue is----------null
[DEBUG][2016-02-09 22:25:09,125][com.java.SeleniumDriver] [  899] - Exception: null
[INFO ][2016-02-09 22:25:09,125][com.java.SeleniumDriver] [  905] - DataField : XPH//span[contains(text(),'Balance Sheet')]
[INFO ][2016-02-09 22:25:09,125][com.java.SeleniumDriver] [  907] - DataValue : 
[INFO ][2016-02-09 22:25:09,125][com.java.SeleniumDriver] [  913] - <In Set values of the page>
[INFO ][2016-02-09 22:25:09,125][com.java.SeleniumDriver] [  916] - {Data Fields & Data Values Exist}
[INFO ][2016-02-09 22:25:09,125][com.java.SeleniumDriver] [  918] - --------------------------setting values-----------------------------
[INFO ][2016-02-09 22:25:09,126][com.java.SeleniumDriver] [  921] - Action Type : CLICK
[INFO ][2016-02-09 22:25:09,126][com.java.TestType] [ 7153] - Field ::XPH//span[contains(text(),'Balance Sheet')]
[INFO ][2016-02-09 22:25:09,126][com.java.TestType] [ 6752] - value = 
[INFO ][2016-02-09 22:25:10,125][com.java.TestType] [ 7330] - BEFORE CLICK
[INFO ][2016-02-09 22:25:10,933][com.java.TestType] [ 7338] - Unable to click the object Balance Sheet
[INFO ][2016-02-09 22:25:10,933][com.java.SeleniumDriver] [  930] -  RESULT true
[INFO ][2016-02-09 22:25:10,933][com.java.SeleniumDriver] [ 1136] - ?   P A S S   ?
[INFO ][2016-02-09 22:25:10,933][com.java.SeleniumDriver] [  856] - ------------------------------------------
[INFO ][2016-02-09 22:25:10,933][com.java.SeleniumDriver] [  857] - Test case being Executed: 8
[INFO ][2016-02-09 22:25:10,933][com.java.SeleniumDriver] [  869] - Test step:9
[INFO ][2016-02-09 22:25:10,933][com.java.SeleniumDriver] [  881] - Datavalue is----------5
[INFO ][2016-02-09 22:25:10,933][com.java.SeleniumDriver] [  905] - DataField : test
[INFO ][2016-02-09 22:25:10,933][com.java.SeleniumDriver] [  907] - DataValue : 5
[INFO ][2016-02-09 22:25:10,933][com.java.SeleniumDriver] [  913] - <In Set values of the page>
[INFO ][2016-02-09 22:25:10,933][com.java.SeleniumDriver] [  916] - {Data Fields & Data Values Exist}
[INFO ][2016-02-09 22:25:10,933][com.java.SeleniumDriver] [  918] - --------------------------setting values-----------------------------
[INFO ][2016-02-09 22:25:10,933][com.java.SeleniumDriver] [  921] - Action Type : WAITTIME
[DEBUG][2016-02-09 22:25:10,934][com.java.TestType] [ 6561] - sleepTime: 5000
[INFO ][2016-02-09 22:25:15,931][com.java.SeleniumDriver] [  930] -  RESULT true
[INFO ][2016-02-09 22:25:15,931][com.java.SeleniumDriver] [ 1136] - ?   P A S S   ?
[INFO ][2016-02-09 22:25:15,931][com.java.SeleniumDriver] [  856] - ------------------------------------------
[INFO ][2016-02-09 22:25:15,931][com.java.SeleniumDriver] [  857] - Test case being Executed: 8
[INFO ][2016-02-09 22:25:15,931][com.java.SeleniumDriver] [  869] - Test step:10
[INFO ][2016-02-09 22:25:15,931][com.java.SeleniumDriver] [  881] - Datavalue is----------RMD0
[INFO ][2016-02-09 22:25:15,931][com.java.SeleniumDriver] [  905] - DataField : TXT//table[@id="BalSheetTbl"]/tbody//td[4]/input[@class="perVal"]
[INFO ][2016-02-09 22:25:15,931][com.java.SeleniumDriver] [  907] - DataValue : RMD0
[INFO ][2016-02-09 22:25:15,931][com.java.SeleniumDriver] [  913] - <In Set values of the page>
[INFO ][2016-02-09 22:25:15,931][com.java.SeleniumDriver] [  916] - {Data Fields & Data Values Exist}
[INFO ][2016-02-09 22:25:15,931][com.java.SeleniumDriver] [  918] - --------------------------setting values-----------------------------
[INFO ][2016-02-09 22:25:15,931][com.java.SeleniumDriver] [  921] - Action Type : CLEARANDENTER
[INFO ][2016-02-09 22:25:16,055][com.java.TestType] [ 6752] - value = 02
[INFO ][2016-02-09 22:25:16,190][com.java.SeleniumDriver] [  930] -  RESULT true
[INFO ][2016-02-09 22:25:16,190][com.java.SeleniumDriver] [ 1136] - ?   P A S S   ?
[INFO ][2016-02-09 22:25:16,190][com.java.SeleniumDriver] [  856] - ------------------------------------------
[INFO ][2016-02-09 22:25:16,190][com.java.SeleniumDriver] [  857] - Test case being Executed: 8
[INFO ][2016-02-09 22:25:16,190][com.java.SeleniumDriver] [  869] - Test step:11
[INFO ][2016-02-09 22:25:16,190][com.java.SeleniumDriver] [  881] - Datavalue is----------null
[DEBUG][2016-02-09 22:25:16,190][com.java.SeleniumDriver] [  899] - Exception: null
[INFO ][2016-02-09 22:25:16,190][com.java.SeleniumDriver] [  905] - DataField : BTNparent
[INFO ][2016-02-09 22:25:16,190][com.java.SeleniumDriver] [  907] - DataValue : 
[INFO ][2016-02-09 22:25:16,191][com.java.SeleniumDriver] [  913] - <In Set values of the page>
[INFO ][2016-02-09 22:25:16,191][com.java.SeleniumDriver] [  916] - {Data Fields & Data Values Exist}
[INFO ][2016-02-09 22:25:16,191][com.java.SeleniumDriver] [  918] - --------------------------setting values-----------------------------
[INFO ][2016-02-09 22:25:16,191][com.java.SeleniumDriver] [  921] - Action Type : SELECTFRAME
[INFO ][2016-02-09 22:25:16,206][com.java.SeleniumDriver] [  930] -  RESULT true
[INFO ][2016-02-09 22:25:16,206][com.java.SeleniumDriver] [ 1136] - ?   P A S S   ?
[INFO ][2016-02-09 22:25:16,207][com.java.SeleniumDriver] [  856] - ------------------------------------------
[INFO ][2016-02-09 22:25:16,207][com.java.SeleniumDriver] [  857] - Test case being Executed: 8
[INFO ][2016-02-09 22:25:16,207][com.java.SeleniumDriver] [  869] - Test step:12
[INFO ][2016-02-09 22:25:16,207][com.java.SeleniumDriver] [  881] - Datavalue is----------null
[DEBUG][2016-02-09 22:25:16,207][com.java.SeleniumDriver] [  899] - Exception: null
[INFO ][2016-02-09 22:25:16,207][com.java.SeleniumDriver] [  905] - DataField : HDN//span[contains(text(),'Save')]
[INFO ][2016-02-09 22:25:16,207][com.java.SeleniumDriver] [  907] - DataValue : 
[INFO ][2016-02-09 22:25:16,207][com.java.SeleniumDriver] [  913] - <In Set values of the page>
[INFO ][2016-02-09 22:25:16,207][com.java.SeleniumDriver] [  916] - {Data Fields & Data Values Exist}
[INFO ][2016-02-09 22:25:16,207][com.java.SeleniumDriver] [  918] - --------------------------setting values-----------------------------
[INFO ][2016-02-09 22:25:16,207][com.java.SeleniumDriver] [  921] - Action Type : CLICK
[INFO ][2016-02-09 22:25:16,207][com.java.TestType] [ 7153] - Field ::HDN//span[contains(text(),'Save')]
[INFO ][2016-02-09 22:25:16,207][com.java.TestType] [ 6752] - value = 
[INFO ][2016-02-09 22:25:17,543][com.java.SeleniumDriver] [  930] -  RESULT true
[INFO ][2016-02-09 22:25:17,543][com.java.SeleniumDriver] [ 1136] - ?   P A S S   ?
[INFO ][2016-02-09 22:25:17,543][com.java.SeleniumDriver] [  856] - ------------------------------------------
[INFO ][2016-02-09 22:25:17,543][com.java.SeleniumDriver] [  857] - Test case being Executed: 8
[INFO ][2016-02-09 22:25:17,543][com.java.SeleniumDriver] [  869] - Test step:13
[INFO ][2016-02-09 22:25:17,543][com.java.SeleniumDriver] [  881] - Datavalue is----------null
[DEBUG][2016-02-09 22:25:17,543][com.java.SeleniumDriver] [  899] - Exception: null
[INFO ][2016-02-09 22:25:17,543][com.java.SeleniumDriver] [  905] - DataField : XPH//div[@class="menu"]//span[@class='glyphicon glyphicon-bell']
[INFO ][2016-02-09 22:25:17,544][com.java.SeleniumDriver] [  907] - DataValue : 
[INFO ][2016-02-09 22:25:17,544][com.java.SeleniumDriver] [  913] - <In Set values of the page>
[INFO ][2016-02-09 22:25:17,544][com.java.SeleniumDriver] [  916] - {Data Fields & Data Values Exist}
[INFO ][2016-02-09 22:25:17,544][com.java.SeleniumDriver] [  918] - --------------------------setting values-----------------------------
[INFO ][2016-02-09 22:25:17,544][com.java.SeleniumDriver] [  921] - Action Type : CLICK
[INFO ][2016-02-09 22:25:17,544][com.java.TestType] [ 7153] - Field ::XPH//div[@class="menu"]//span[@class='glyphicon glyphicon-bell']
[INFO ][2016-02-09 22:25:17,544][com.java.TestType] [ 6752] - value = 
[INFO ][2016-02-09 22:25:18,543][com.java.TestType] [ 7330] - BEFORE CLICK
[INFO ][2016-02-09 22:25:19,786][com.java.TestType] [ 7338] - Unable to click the object Click on  bell symbol
[INFO ][2016-02-09 22:25:19,786][com.java.SeleniumDriver] [  930] -  RESULT true
[INFO ][2016-02-09 22:25:19,786][com.java.SeleniumDriver] [ 1136] - ?   P A S S   ?
[INFO ][2016-02-09 22:25:19,786][com.java.SeleniumDriver] [  856] - ------------------------------------------
[INFO ][2016-02-09 22:25:19,786][com.java.SeleniumDriver] [  857] - Test case being Executed: 8
[INFO ][2016-02-09 22:25:19,786][com.java.SeleniumDriver] [  869] - Test step:14
[INFO ][2016-02-09 22:25:19,786][com.java.SeleniumDriver] [  881] - Datavalue is----------null
[DEBUG][2016-02-09 22:25:19,786][com.java.SeleniumDriver] [  899] - Exception: null
[INFO ][2016-02-09 22:25:19,786][com.java.SeleniumDriver] [  905] - DataField : XPH//div[contains(@class,'rightMenuContainer')]//div[@class="menu-drawer"]
[INFO ][2016-02-09 22:25:19,786][com.java.SeleniumDriver] [  907] - DataValue : 
[INFO ][2016-02-09 22:25:19,786][com.java.SeleniumDriver] [  913] - <In Set values of the page>
[INFO ][2016-02-09 22:25:19,787][com.java.SeleniumDriver] [  916] - {Data Fields & Data Values Exist}
[INFO ][2016-02-09 22:25:19,787][com.java.SeleniumDriver] [  918] - --------------------------setting values-----------------------------
[INFO ][2016-02-09 22:25:19,787][com.java.SeleniumDriver] [  921] - Action Type : CLICK
[INFO ][2016-02-09 22:25:19,787][com.java.TestType] [ 7153] - Field ::XPH//div[contains(@class,'rightMenuContainer')]//div[@class="menu-drawer"]
[INFO ][2016-02-09 22:25:19,787][com.java.TestType] [ 6752] - value = 
[INFO ][2016-02-09 22:25:20,786][com.java.TestType] [ 7330] - BEFORE CLICK
[INFO ][2016-02-09 22:25:21,697][com.java.TestType] [ 7338] - Unable to click the object Click on the Today's Alert Page
[INFO ][2016-02-09 22:25:21,697][com.java.SeleniumDriver] [  930] -  RESULT true
[INFO ][2016-02-09 22:25:21,697][com.java.SeleniumDriver] [ 1136] - ?   P A S S   ?
[INFO ][2016-02-09 22:25:21,697][com.java.SeleniumDriver] [  856] - ------------------------------------------
[INFO ][2016-02-09 22:25:21,697][com.java.SeleniumDriver] [  857] - Test case being Executed: 8
[INFO ][2016-02-09 22:25:21,697][com.java.SeleniumDriver] [  869] - Test step:15
[INFO ][2016-02-09 22:25:21,697][com.java.SeleniumDriver] [  881] - Datavalue is----------//div[@class="menu-drawer"]//span
[INFO ][2016-02-09 22:25:21,697][com.java.SeleniumDriver] [  905] - DataField : BTN
[INFO ][2016-02-09 22:25:21,697][com.java.SeleniumDriver] [  907] - DataValue : //div[@class="menu-drawer"]//span
[INFO ][2016-02-09 22:25:21,697][com.java.SeleniumDriver] [  913] - <In Set values of the page>
[INFO ][2016-02-09 22:25:21,697][com.java.SeleniumDriver] [  916] - {Data Fields & Data Values Exist}
[INFO ][2016-02-09 22:25:21,697][com.java.SeleniumDriver] [  918] - --------------------------setting values-----------------------------
[INFO ][2016-02-09 22:25:21,697][com.java.SeleniumDriver] [  921] - Action Type : VERIFY
[INFO ][2016-02-09 22:25:21,698][com.java.TestType] [ 8386] - field= BTN value= //div[@class="menu-drawer"]//span
[INFO ][2016-02-09 22:25:21,698][com.java.TestType] [ 6752] - value = //div[@class="menu-drawer"]//span
[INFO ][2016-02-09 22:25:21,778][com.java.SeleniumDriver] [  930] -  RESULT true
[INFO ][2016-02-09 22:25:21,778][com.java.SeleniumDriver] [ 1136] - ?   P A S S   ?
[INFO ][2016-02-09 22:25:21,778][com.java.SeleniumDriver] [  856] - ------------------------------------------
[INFO ][2016-02-09 22:25:21,778][com.java.SeleniumDriver] [  857] - Test case being Executed: 8
[INFO ][2016-02-09 22:25:21,779][com.java.SeleniumDriver] [  869] - Test step:16
[INFO ][2016-02-09 22:25:21,779][com.java.SeleniumDriver] [  881] - Datavalue is----------//div[@id='isAlertsHeading']/h4
[INFO ][2016-02-09 22:25:21,779][com.java.SeleniumDriver] [  905] - DataField : BTN
[INFO ][2016-02-09 22:25:21,779][com.java.SeleniumDriver] [  907] - DataValue : //div[@id='isAlertsHeading']/h4
[INFO ][2016-02-09 22:25:21,779][com.java.SeleniumDriver] [  913] - <In Set values of the page>
[INFO ][2016-02-09 22:25:21,779][com.java.SeleniumDriver] [  916] - {Data Fields & Data Values Exist}
[INFO ][2016-02-09 22:25:21,779][com.java.SeleniumDriver] [  918] - --------------------------setting values-----------------------------
[INFO ][2016-02-09 22:25:21,779][com.java.SeleniumDriver] [  921] - Action Type : VERIFY
[INFO ][2016-02-09 22:25:21,779][com.java.TestType] [ 8386] - field= BTN value= //div[@id='isAlertsHeading']/h4
[INFO ][2016-02-09 22:25:21,779][com.java.TestType] [ 6752] - value = //div[@id='isAlertsHeading']/h4
[INFO ][2016-02-09 22:25:21,849][com.java.SeleniumDriver] [  930] -  RESULT true
[INFO ][2016-02-09 22:25:21,849][com.java.SeleniumDriver] [ 1136] - ?   P A S S   ?
[INFO ][2016-02-09 22:25:21,849][com.java.SeleniumDriver] [  856] - ------------------------------------------
[INFO ][2016-02-09 22:25:21,849][com.java.SeleniumDriver] [  857] - Test case being Executed: 8
[INFO ][2016-02-09 22:25:21,849][com.java.SeleniumDriver] [  869] - Test step:17
[INFO ][2016-02-09 22:25:21,849][com.java.SeleniumDriver] [  881] - Datavalue is----------null
[DEBUG][2016-02-09 22:25:21,849][com.java.SeleniumDriver] [  899] - Exception: null
[INFO ][2016-02-09 22:25:21,849][com.java.SeleniumDriver] [  905] - DataField : XPH//div[@class="panel panel-default ng-scope"]/div[@id='bsAlertsHeading']/h4
[INFO ][2016-02-09 22:25:21,850][com.java.SeleniumDriver] [  907] - DataValue : 
[INFO ][2016-02-09 22:25:21,850][com.java.SeleniumDriver] [  913] - <In Set values of the page>
[INFO ][2016-02-09 22:25:21,850][com.java.SeleniumDriver] [  916] - {Data Fields & Data Values Exist}
[INFO ][2016-02-09 22:25:21,850][com.java.SeleniumDriver] [  918] - --------------------------setting values-----------------------------
[INFO ][2016-02-09 22:25:21,850][com.java.SeleniumDriver] [  921] - Action Type : CLICK
[INFO ][2016-02-09 22:25:21,850][com.java.TestType] [ 7153] - Field ::XPH//div[@class="panel panel-default ng-scope"]/div[@id='bsAlertsHeading']/h4
[INFO ][2016-02-09 22:25:21,850][com.java.TestType] [ 6752] - value = 
[INFO ][2016-02-09 22:25:22,849][com.java.TestType] [ 7330] - BEFORE CLICK
[INFO ][2016-02-09 22:25:23,764][com.java.TestType] [ 7338] - Unable to click the object Click on Income Statement tab
[INFO ][2016-02-09 22:25:23,764][com.java.SeleniumDriver] [  930] -  RESULT true
[INFO ][2016-02-09 22:25:23,764][com.java.SeleniumDriver] [ 1136] - ?   P A S S   ?
[INFO ][2016-02-09 22:25:23,764][com.java.SeleniumDriver] [  856] - ------------------------------------------
[INFO ][2016-02-09 22:25:23,764][com.java.SeleniumDriver] [  857] - Test case being Executed: 8
[INFO ][2016-02-09 22:25:23,764][com.java.SeleniumDriver] [  869] - Test step:18
[INFO ][2016-02-09 22:25:23,764][com.java.SeleniumDriver] [  881] - Datavalue is----------5
[INFO ][2016-02-09 22:25:23,764][com.java.SeleniumDriver] [  905] - DataField : null
[INFO ][2016-02-09 22:25:23,764][com.java.SeleniumDriver] [  907] - DataValue : 5
[INFO ][2016-02-09 22:25:23,764][com.java.SeleniumDriver] [  913] - <In Set values of the page>
[INFO ][2016-02-09 22:25:23,764][com.java.SeleniumDriver] [  916] - {Data Fields & Data Values Exist}
[INFO ][2016-02-09 22:25:23,764][com.java.SeleniumDriver] [  918] - --------------------------setting values-----------------------------
[INFO ][2016-02-09 22:25:23,764][com.java.SeleniumDriver] [  921] - Action Type : WAITTIME
[DEBUG][2016-02-09 22:25:23,765][com.java.TestType] [ 6561] - sleepTime: 5000
[INFO ][2016-02-09 22:25:28,762][com.java.SeleniumDriver] [  930] -  RESULT true
[INFO ][2016-02-09 22:25:28,762][com.java.SeleniumDriver] [ 1136] - ?   P A S S   ?
[INFO ][2016-02-09 22:25:28,762][com.java.SeleniumDriver] [  856] - ------------------------------------------
[INFO ][2016-02-09 22:25:28,762][com.java.SeleniumDriver] [  857] - Test case being Executed: 8
[INFO ][2016-02-09 22:25:28,762][com.java.SeleniumDriver] [  869] - Test step:19
[INFO ][2016-02-09 22:25:28,762][com.java.SeleniumDriver] [  881] - Datavalue is----------//div[@id='bsAlertsContent']//div[@class="ng-binding"]
[INFO ][2016-02-09 22:25:28,762][com.java.SeleniumDriver] [  905] - DataField : BTN
[INFO ][2016-02-09 22:25:28,762][com.java.SeleniumDriver] [  907] - DataValue : //div[@id='bsAlertsContent']//div[@class="ng-binding"]
[INFO ][2016-02-09 22:25:28,762][com.java.SeleniumDriver] [  913] - <In Set values of the page>
[INFO ][2016-02-09 22:25:28,762][com.java.SeleniumDriver] [  916] - {Data Fields & Data Values Exist}
[INFO ][2016-02-09 22:25:28,762][com.java.SeleniumDriver] [  918] - --------------------------setting values-----------------------------
[INFO ][2016-02-09 22:25:28,762][com.java.SeleniumDriver] [  921] - Action Type : VERIFY
[INFO ][2016-02-09 22:25:28,763][com.java.TestType] [ 8386] - field= BTN value= //div[@id='bsAlertsContent']//div[@class="ng-binding"]
[INFO ][2016-02-09 22:25:28,763][com.java.TestType] [ 6752] - value = //div[@id='bsAlertsContent']//div[@class="ng-binding"]
[INFO ][2016-02-09 22:25:28,833][com.java.SeleniumDriver] [  930] -  RESULT true
[INFO ][2016-02-09 22:25:28,835][com.java.SeleniumDriver] [ 1136] - ?   P A S S   ?
[INFO ][2016-02-09 22:25:28,835][com.java.SeleniumDriver] [  856] - ------------------------------------------
[INFO ][2016-02-09 22:25:28,835][com.java.SeleniumDriver] [  857] - Test case being Executed: 8
[INFO ][2016-02-09 22:25:28,835][com.java.SeleniumDriver] [  869] - Test step:20
[INFO ][2016-02-09 22:25:28,835][com.java.SeleniumDriver] [  881] - Datavalue is----------null
[DEBUG][2016-02-09 22:25:28,835][com.java.SeleniumDriver] [  899] - Exception: null
[INFO ][2016-02-09 22:25:28,835][com.java.SeleniumDriver] [  905] - DataField : XPH//div[@class="panel panel-default ng-scope"]/div[@id='bsAlertsHeading']/h4
[INFO ][2016-02-09 22:25:28,835][com.java.SeleniumDriver] [  907] - DataValue : 
[INFO ][2016-02-09 22:25:28,835][com.java.SeleniumDriver] [  913] - <In Set values of the page>
[INFO ][2016-02-09 22:25:28,835][com.java.SeleniumDriver] [  916] - {Data Fields & Data Values Exist}
[INFO ][2016-02-09 22:25:28,835][com.java.SeleniumDriver] [  918] - --------------------------setting values-----------------------------
[INFO ][2016-02-09 22:25:28,835][com.java.SeleniumDriver] [  921] - Action Type : CLICK
[INFO ][2016-02-09 22:25:28,836][com.java.TestType] [ 7153] - Field ::XPH//div[@class="panel panel-default ng-scope"]/div[@id='bsAlertsHeading']/h4
[INFO ][2016-02-09 22:25:28,836][com.java.TestType] [ 6752] - value = 
[INFO ][2016-02-09 22:25:29,836][com.java.TestType] [ 7330] - BEFORE CLICK
[INFO ][2016-02-09 22:25:30,776][com.java.TestType] [ 7338] - Unable to click the object Click on Income Statement tab
[INFO ][2016-02-09 22:25:30,776][com.java.SeleniumDriver] [  930] -  RESULT true
[INFO ][2016-02-09 22:25:30,776][com.java.SeleniumDriver] [ 1136] - ?   P A S S   ?
[INFO ][2016-02-09 22:25:30,776][com.java.SeleniumDriver] [  856] - ------------------------------------------
[INFO ][2016-02-09 22:25:30,776][com.java.SeleniumDriver] [  857] - Test case being Executed: 8
[INFO ][2016-02-09 22:25:30,776][com.java.SeleniumDriver] [  869] - Test step:21
[INFO ][2016-02-09 22:25:30,776][com.java.SeleniumDriver] [  881] - Datavalue is----------//*[@id='bsAlertsContent']/div/div[1]/div[1]
[INFO ][2016-02-09 22:25:30,776][com.java.SeleniumDriver] [  905] - DataField : MSG
[INFO ][2016-02-09 22:25:30,776][com.java.SeleniumDriver] [  907] - DataValue : //*[@id='bsAlertsContent']/div/div[1]/div[1]
[INFO ][2016-02-09 22:25:30,776][com.java.SeleniumDriver] [  913] - <In Set values of the page>
[INFO ][2016-02-09 22:25:30,776][com.java.SeleniumDriver] [  916] - {Data Fields & Data Values Exist}
[INFO ][2016-02-09 22:25:30,776][com.java.SeleniumDriver] [  918] - --------------------------setting values-----------------------------
[INFO ][2016-02-09 22:25:30,776][com.java.SeleniumDriver] [  921] - Action Type : VERIFYNOTPRESENT
[INFO ][2016-02-09 22:25:30,777][com.java.TestType] [10222] - field= MSG value= //*[@id='bsAlertsContent']/div/div[1]/div[1]
[INFO ][2016-02-09 22:25:30,879][com.java.SeleniumDriver] [  930] -  RESULT true
[INFO ][2016-02-09 22:25:30,879][com.java.SeleniumDriver] [ 1136] - ?   P A S S   ?
[INFO ][2016-02-09 22:25:30,879][com.java.SeleniumDriver] [  856] - ------------------------------------------
[INFO ][2016-02-09 22:25:30,879][com.java.SeleniumDriver] [  857] - Test case being Executed: 8
[INFO ][2016-02-09 22:25:30,879][com.java.SeleniumDriver] [  869] - Test step:22
[INFO ][2016-02-09 22:25:30,879][com.java.SeleniumDriver] [  881] - Datavalue is----------5
[INFO ][2016-02-09 22:25:30,880][com.java.SeleniumDriver] [  905] - DataField : null
[INFO ][2016-02-09 22:25:30,880][com.java.SeleniumDriver] [  907] - DataValue : 5
[INFO ][2016-02-09 22:25:30,880][com.java.SeleniumDriver] [  913] - <In Set values of the page>
[INFO ][2016-02-09 22:25:30,880][com.java.SeleniumDriver] [  916] - {Data Fields & Data Values Exist}
[INFO ][2016-02-09 22:25:30,880][com.java.SeleniumDriver] [  918] - --------------------------setting values-----------------------------
[INFO ][2016-02-09 22:25:30,880][com.java.SeleniumDriver] [  921] - Action Type : WAITTIME
[DEBUG][2016-02-09 22:25:30,880][com.java.TestType] [ 6561] - sleepTime: 5000
[INFO ][2016-02-09 22:25:35,878][com.java.SeleniumDriver] [  930] -  RESULT true
[INFO ][2016-02-09 22:25:35,878][com.java.SeleniumDriver] [ 1136] - ?   P A S S   ?
[INFO ][2016-02-09 22:25:35,878][com.java.SeleniumDriver] [  856] - ------------------------------------------
[INFO ][2016-02-09 22:25:35,878][com.java.SeleniumDriver] [  857] - Test case being Executed: 8
[INFO ][2016-02-09 22:25:35,878][com.java.SeleniumDriver] [  869] - Test step:23
[INFO ][2016-02-09 22:25:35,878][com.java.SeleniumDriver] [  881] - Datavalue is----------null
[DEBUG][2016-02-09 22:25:35,878][com.java.SeleniumDriver] [  899] - Exception: null
[INFO ][2016-02-09 22:25:35,878][com.java.SeleniumDriver] [  905] - DataField : HDN//span[@class='glyphicon glyphicon-refresh ng-scope']
[INFO ][2016-02-09 22:25:35,878][com.java.SeleniumDriver] [  907] - DataValue : 
[INFO ][2016-02-09 22:25:35,878][com.java.SeleniumDriver] [  913] - <In Set values of the page>
[INFO ][2016-02-09 22:25:35,879][com.java.SeleniumDriver] [  916] - {Data Fields & Data Values Exist}
[INFO ][2016-02-09 22:25:35,879][com.java.SeleniumDriver] [  918] - --------------------------setting values-----------------------------
[INFO ][2016-02-09 22:25:35,879][com.java.SeleniumDriver] [  921] - Action Type : CLICK
[INFO ][2016-02-09 22:25:35,879][com.java.TestType] [ 7153] - Field ::HDN//span[@class='glyphicon glyphicon-refresh ng-scope']
[INFO ][2016-02-09 22:25:35,879][com.java.TestType] [ 6752] - value = 
[INFO ][2016-02-09 22:25:37,013][com.java.SeleniumDriver] [  930] -  RESULT true
[INFO ][2016-02-09 22:25:37,014][com.java.SeleniumDriver] [ 1136] - ?   P A S S   ?
[INFO ][2016-02-09 22:25:37,014][com.java.SeleniumDriver] [  856] - ------------------------------------------
[INFO ][2016-02-09 22:25:37,014][com.java.SeleniumDriver] [  857] - Test case being Executed: 8
[INFO ][2016-02-09 22:25:37,014][com.java.SeleniumDriver] [  869] - Test step:24
[INFO ][2016-02-09 22:25:37,014][com.java.SeleniumDriver] [  881] - Datavalue is----------15
[INFO ][2016-02-09 22:25:37,014][com.java.SeleniumDriver] [  905] - DataField : null
[INFO ][2016-02-09 22:25:37,014][com.java.SeleniumDriver] [  907] - DataValue : 15
[INFO ][2016-02-09 22:25:37,014][com.java.SeleniumDriver] [  913] - <In Set values of the page>
[INFO ][2016-02-09 22:25:37,014][com.java.SeleniumDriver] [  916] - {Data Fields & Data Values Exist}
[INFO ][2016-02-09 22:25:37,014][com.java.SeleniumDriver] [  918] - --------------------------setting values-----------------------------
[INFO ][2016-02-09 22:25:37,014][com.java.SeleniumDriver] [  921] - Action Type : WAITTIME
[DEBUG][2016-02-09 22:25:37,014][com.java.TestType] [ 6561] - sleepTime: 15000
[INFO ][2016-02-09 22:25:52,007][com.java.SeleniumDriver] [  930] -  RESULT true
[INFO ][2016-02-09 22:25:52,007][com.java.SeleniumDriver] [ 1136] - ?   P A S S   ?
[INFO ][2016-02-09 22:25:52,007][com.java.SeleniumDriver] [  856] - ------------------------------------------
[INFO ][2016-02-09 22:25:52,007][com.java.SeleniumDriver] [  857] - Test case being Executed: 8
[INFO ][2016-02-09 22:25:52,007][com.java.SeleniumDriver] [  869] - Test step:25
[INFO ][2016-02-09 22:25:52,007][com.java.SeleniumDriver] [  881] - Datavalue is----------glyphicon-play down
[INFO ][2016-02-09 22:25:52,007][com.java.SeleniumDriver] [  905] - DataField : CCM//div[@class="panel panel-default ng-scope"]/div[@id='bsAlertsHeading']/h4/span
[INFO ][2016-02-09 22:25:52,007][com.java.SeleniumDriver] [  907] - DataValue : glyphicon-play down
[INFO ][2016-02-09 22:25:52,007][com.java.SeleniumDriver] [  913] - <In Set values of the page>
[INFO ][2016-02-09 22:25:52,007][com.java.SeleniumDriver] [  916] - {Data Fields & Data Values Exist}
[INFO ][2016-02-09 22:25:52,007][com.java.SeleniumDriver] [  918] - --------------------------setting values-----------------------------
[INFO ][2016-02-09 22:25:52,007][com.java.SeleniumDriver] [  921] - Action Type : VERIFY
[INFO ][2016-02-09 22:25:52,008][com.java.TestType] [ 8386] - field= CCM//div[@class="panel panel-default ng-scope"]/div[@id='bsAlertsHeading']/h4/span value= glyphicon-play down
[INFO ][2016-02-09 22:25:52,008][com.java.TestType] [ 6752] - value = glyphicon-play down
[DEBUG][2016-02-09 22:25:52,008][com.java.TestType] [ 9742] - Exception: glyphicon-play down
[DEBUG][2016-02-09 22:25:52,008][com.java.TestType] [ 9745] - Element not replaced::glyphicon-play down
[INFO ][2016-02-09 22:25:52,008][com.java.SeleniumDriver] [  930] -  RESULT false
[INFO ][2016-02-09 22:25:52,008][com.java.SeleniumDriver] [  977] - ?   F A I L   ?
[INFO ][2016-02-09 22:25:52,008][com.java.SeleniumDriver] [  985] - Browser Type : IE10
[INFO ][2016-02-09 22:25:52,008][com.java.SeleniumDriver] [  986] - Adding Failed case8
[DEBUG][2016-02-09 22:25:52,101][com.java.SeleniumDriver] [ 1054] -  tdd.getCondition() IF:28:Next
[INFO ][2016-02-09 22:25:52,102][com.java.SeleniumDriver] [ 1058] - Continue next step...
[INFO ][2016-02-09 22:25:52,102][com.java.SeleniumDriver] [  856] - ------------------------------------------
[INFO ][2016-02-09 22:25:52,102][com.java.SeleniumDriver] [  857] - Test case being Executed: 8
[INFO ][2016-02-09 22:25:52,102][com.java.SeleniumDriver] [  869] - Test step:26
[INFO ][2016-02-09 22:25:52,102][com.java.SeleniumDriver] [  881] - Datavalue is----------2
[INFO ][2016-02-09 22:25:52,102][com.java.SeleniumDriver] [  905] - DataField : null
[INFO ][2016-02-09 22:25:52,102][com.java.SeleniumDriver] [  907] - DataValue : 2
[INFO ][2016-02-09 22:25:52,102][com.java.SeleniumDriver] [  913] - <In Set values of the page>
[INFO ][2016-02-09 22:25:52,102][com.java.SeleniumDriver] [  916] - {Data Fields & Data Values Exist}
[INFO ][2016-02-09 22:25:52,102][com.java.SeleniumDriver] [  918] - --------------------------setting values-----------------------------
[INFO ][2016-02-09 22:25:52,102][com.java.SeleniumDriver] [  921] - Action Type : WAITTIME
[DEBUG][2016-02-09 22:25:52,102][com.java.TestType] [ 6561] - sleepTime: 2000
[INFO ][2016-02-09 22:25:54,101][com.java.SeleniumDriver] [  930] -  RESULT true
[INFO ][2016-02-09 22:25:54,101][com.java.SeleniumDriver] [ 1136] - ?   P A S S   ?
[INFO ][2016-02-09 22:25:54,101][com.java.SeleniumDriver] [  856] - ------------------------------------------
[INFO ][2016-02-09 22:25:54,101][com.java.SeleniumDriver] [  857] - Test case being Executed: 8
[INFO ][2016-02-09 22:25:54,101][com.java.SeleniumDriver] [  869] - Test step:27
[INFO ][2016-02-09 22:25:54,101][com.java.SeleniumDriver] [  881] - Datavalue is----------null
[DEBUG][2016-02-09 22:25:54,101][com.java.SeleniumDriver] [  899] - Exception: null
[INFO ][2016-02-09 22:25:54,101][com.java.SeleniumDriver] [  905] - DataField : XPH//div[@class="panel panel-default ng-scope"]/div[@id='bsAlertsHeading']/h4
[INFO ][2016-02-09 22:25:54,101][com.java.SeleniumDriver] [  907] - DataValue : 
[INFO ][2016-02-09 22:25:54,101][com.java.SeleniumDriver] [  913] - <In Set values of the page>
[INFO ][2016-02-09 22:25:54,101][com.java.SeleniumDriver] [  916] - {Data Fields & Data Values Exist}
[INFO ][2016-02-09 22:25:54,101][com.java.SeleniumDriver] [  918] - --------------------------setting values-----------------------------
[INFO ][2016-02-09 22:25:54,102][com.java.SeleniumDriver] [  921] - Action Type : CLICK
[INFO ][2016-02-09 22:25:54,102][com.java.TestType] [ 7153] - Field ::XPH//div[@class="panel panel-default ng-scope"]/div[@id='bsAlertsHeading']/h4
[INFO ][2016-02-09 22:25:54,102][com.java.TestType] [ 6752] - value = 
[INFO ][2016-02-09 22:25:55,102][com.java.TestType] [ 7330] - BEFORE CLICK
[INFO ][2016-02-09 22:25:56,003][com.java.TestType] [ 7338] - Unable to click the object Click on Income Statement tab
[INFO ][2016-02-09 22:25:56,003][com.java.SeleniumDriver] [  930] -  RESULT true
[INFO ][2016-02-09 22:25:56,003][com.java.SeleniumDriver] [ 1136] - ?   P A S S   ?
[INFO ][2016-02-09 22:25:56,003][com.java.SeleniumDriver] [  856] - ------------------------------------------
[INFO ][2016-02-09 22:25:56,003][com.java.SeleniumDriver] [  857] - Test case being Executed: 8
[INFO ][2016-02-09 22:25:56,003][com.java.SeleniumDriver] [  869] - Test step:28
[INFO ][2016-02-09 22:25:56,003][com.java.SeleniumDriver] [  881] - Datavalue is----------3
[INFO ][2016-02-09 22:25:56,003][com.java.SeleniumDriver] [  905] - DataField : null
[INFO ][2016-02-09 22:25:56,003][com.java.SeleniumDriver] [  907] - DataValue : 3
[INFO ][2016-02-09 22:25:56,003][com.java.SeleniumDriver] [  913] - <In Set values of the page>
[INFO ][2016-02-09 22:25:56,003][com.java.SeleniumDriver] [  916] - {Data Fields & Data Values Exist}
[INFO ][2016-02-09 22:25:56,003][com.java.SeleniumDriver] [  918] - --------------------------setting values-----------------------------
[INFO ][2016-02-09 22:25:56,004][com.java.SeleniumDriver] [  921] - Action Type : WAITTIME
[DEBUG][2016-02-09 22:25:56,004][com.java.TestType] [ 6561] - sleepTime: 3000
