[INFO ][2016-01-14 12:24:36,900][com.java.SeleniumDriver] [  213] - Execute Failed Casesfalse
[INFO ][2016-01-14 12:24:36,900][com.java.SeleniumDriver] [  214] - Browser: IE10
[INFO ][2016-01-14 12:24:36,900][com.java.SeleniumDriver] [  215] - [1, 12]
[INFO ][2016-01-14 12:24:36,900][com.java.SeleniumDriver] [  216] - Total TestCases:2
[INFO ][2016-01-14 12:24:36,900][com.java.SeleniumDriver] [  217] -  Reading Properties from Property File 
[DEBUG][2016-01-14 12:24:36,901][com.java.SeleniumDriver] [  238] - url : https://clients-xuat.bankersdashboard.com
[INFO ][2016-01-14 12:24:36,902][com.java.ImportnExport.ExportTestResultsExcel] [  116] - Time Stamp Thu Jan 14 12:24:36 IST 2016
[INFO ][2016-01-14 12:24:36,902][com.java.ImportnExport.ExportTestResultsExcel] [  175] - OUT FILE : D:\BankersDashboard/TestReports/Test Results_BankersDashBoard_011416_122436_IE10_Any Bank USA.xls
[INFO ][2016-01-14 12:24:36,932][com.java.ImportnExport.ExportTestResultsExcel] [  180] - Test Result file is created
[DEBUG][2016-01-14 12:24:37,044][com.java.SeleniumDriver] [  426] - Hub ip address is-------172.17.68.34
[INFO ][2016-01-14 12:24:37,044][com.java.SeleniumDriver] [  452] - Grid URL:http://172.17.68.34:4444/wd/hub
[INFO ][2016-01-14 12:24:37,045][com.java.SeleniumDriver] [  453] - Capability:Capabilities [{platform=ANY, ensureCleanSession=true, ignoreProtectedModeSettings=true, acceptSslCerts=true, ignoreZoomSetting=true, browserName=internet explorer, browserstack.ie.noFlash=true, version=null}]
[ERROR][2016-01-14 12:24:38,374][com.java.SeleniumDriver] [  498] - Unable invoke browser in grid:Could not start a new session. Possible causes are invalid address of the remote server or browser start-up failure.
Build info: version: '2.48.2', revision: '41bccdd', time: '2015-10-09 19:59:12'
System info: host: 'FVTIII438F1D', ip: '172.17.68.34', os.name: 'Windows 7', os.arch: 'x86', os.version: '6.1', java.version: '1.7.0_55'
Driver info: driver.version: SeleniumDriver
[INFO ][2016-01-14 12:24:38,374][com.java.SeleniumDriver] [  500] - Executing on local machine
[INFO ][2016-01-14 12:24:48,613][com.java.SeleniumDriver] [  248] - IE10is opened
[INFO ][2016-01-14 12:24:49,258][com.java.SeleniumDriver] [  756] - Test cases to be executed are: [1, 12]
[INFO ][2016-01-14 12:24:49,280][com.java.ImportnExport.ImportTestDataDetailsExcel] [   49] - test data details path===== D:\BankersDashboard\TestInputs\TestData.xls
[INFO ][2016-01-14 12:24:49,383][com.java.SeleniumDriver] [  856] - ------------------------------------------
[INFO ][2016-01-14 12:24:49,383][com.java.SeleniumDriver] [  857] - Test case being Executed: 1
[INFO ][2016-01-14 12:24:49,383][com.java.SeleniumDriver] [  869] - Test step:1
[INFO ][2016-01-14 12:24:49,383][com.java.SeleniumDriver] [  881] - Datavalue is----------Concept#1:1-16
[INFO ][2016-01-14 12:24:49,384][com.java.SeleniumDriver] [  905] - DataField : test
[INFO ][2016-01-14 12:24:49,384][com.java.SeleniumDriver] [  907] - DataValue : Concept#1:1-16
[INFO ][2016-01-14 12:24:49,384][com.java.SeleniumDriver] [  913] - <In Set values of the page>
[INFO ][2016-01-14 12:24:49,386][com.java.SeleniumDriver] [  916] - {Data Fields & Data Values Exist}
[INFO ][2016-01-14 12:24:49,386][com.java.SeleniumDriver] [  918] - --------------------------setting values-----------------------------
[INFO ][2016-01-14 12:24:49,386][com.java.SeleniumDriver] [  921] - Action Type : ExecuteTestCase
[INFO ][2016-01-14 12:24:49,405][com.java.TestType] [  437] - The Concept sheet name is ---------- Concept
[INFO ][2016-01-14 12:24:49,406][com.java.TestType] [  440] - The Concept ID  is ---------- 1
[DEBUG][2016-01-14 12:24:49,406][com.java.TestType] [  444] - Steps being executted in the Concept are: 1:16
[INFO ][2016-01-14 12:24:49,406][com.java.TestType] [  451] - Test data details path ---------- D:\BankersDashboard\TestInputs\TestData.xls
[INFO ][2016-01-14 12:24:49,444][com.java.TestType] [  482] -  str(1) = 1
[INFO ][2016-01-14 12:24:49,444][com.java.TestType] [  485] - Test case Id is---1
[INFO ][2016-01-14 12:24:49,445][com.java.TestType] [  487] - 1
[INFO ][2016-01-14 12:24:49,445][com.java.TestType] [  482] -  str(2) = 1
[INFO ][2016-01-14 12:24:49,447][com.java.TestType] [  482] -  str(1) = 1
[INFO ][2016-01-14 12:24:49,447][com.java.TestType] [  485] - Test case Id is---1
[INFO ][2016-01-14 12:24:49,447][com.java.TestType] [  487] - 1
[INFO ][2016-01-14 12:24:49,448][com.java.TestType] [  482] -  str(2) = 2
[INFO ][2016-01-14 12:24:49,449][com.java.TestType] [  482] -  str(1) = 1
[INFO ][2016-01-14 12:24:49,449][com.java.TestType] [  485] - Test case Id is---1
[INFO ][2016-01-14 12:24:49,449][com.java.TestType] [  487] - 1
[INFO ][2016-01-14 12:24:49,449][com.java.TestType] [  482] -  str(2) = 3
[INFO ][2016-01-14 12:24:49,452][com.java.TestType] [  482] -  str(1) = 1
[INFO ][2016-01-14 12:24:49,452][com.java.TestType] [  485] - Test case Id is---1
[INFO ][2016-01-14 12:24:49,453][com.java.TestType] [  487] - 1
[INFO ][2016-01-14 12:24:49,453][com.java.TestType] [  482] -  str(2) = 4
[INFO ][2016-01-14 12:24:49,454][com.java.TestType] [  482] -  str(1) = 1
[INFO ][2016-01-14 12:24:49,454][com.java.TestType] [  485] - Test case Id is---1
[INFO ][2016-01-14 12:24:49,454][com.java.TestType] [  487] - 1
[INFO ][2016-01-14 12:24:49,454][com.java.TestType] [  482] -  str(2) = 5
[INFO ][2016-01-14 12:24:49,455][com.java.TestType] [  482] -  str(1) = 1
[INFO ][2016-01-14 12:24:49,455][com.java.TestType] [  485] - Test case Id is---1
[INFO ][2016-01-14 12:24:49,455][com.java.TestType] [  487] - 1
[INFO ][2016-01-14 12:24:49,456][com.java.TestType] [  482] -  str(2) = 6
[INFO ][2016-01-14 12:24:49,457][com.java.TestType] [  482] -  str(1) = 1
[INFO ][2016-01-14 12:24:49,457][com.java.TestType] [  485] - Test case Id is---1
[INFO ][2016-01-14 12:24:49,457][com.java.TestType] [  487] - 1
[INFO ][2016-01-14 12:24:49,457][com.java.TestType] [  482] -  str(2) = 7
[INFO ][2016-01-14 12:24:49,458][com.java.TestType] [  482] -  str(1) = 1
[INFO ][2016-01-14 12:24:49,458][com.java.TestType] [  485] - Test case Id is---1
[INFO ][2016-01-14 12:24:49,458][com.java.TestType] [  487] - 1
[INFO ][2016-01-14 12:24:49,458][com.java.TestType] [  482] -  str(2) = 8
[INFO ][2016-01-14 12:24:49,459][com.java.TestType] [  482] -  str(1) = 1
[INFO ][2016-01-14 12:24:49,459][com.java.TestType] [  485] - Test case Id is---1
[INFO ][2016-01-14 12:24:49,459][com.java.TestType] [  487] - 1
[INFO ][2016-01-14 12:24:49,460][com.java.TestType] [  482] -  str(2) = 9
[INFO ][2016-01-14 12:24:49,460][com.java.TestType] [  482] -  str(1) = 1
[INFO ][2016-01-14 12:24:49,460][com.java.TestType] [  485] - Test case Id is---1
[INFO ][2016-01-14 12:24:49,462][com.java.TestType] [  487] - 1
[INFO ][2016-01-14 12:24:49,462][com.java.TestType] [  482] -  str(2) = 10
[INFO ][2016-01-14 12:24:49,463][com.java.TestType] [  482] -  str(1) = 1
[INFO ][2016-01-14 12:24:49,463][com.java.TestType] [  485] - Test case Id is---1
[INFO ][2016-01-14 12:24:49,463][com.java.TestType] [  487] - 1
[INFO ][2016-01-14 12:24:49,463][com.java.TestType] [  482] -  str(2) = 11
[INFO ][2016-01-14 12:24:49,464][com.java.TestType] [  482] -  str(1) = 1
[INFO ][2016-01-14 12:24:49,464][com.java.TestType] [  485] - Test case Id is---1
[INFO ][2016-01-14 12:24:49,464][com.java.TestType] [  487] - 1
[INFO ][2016-01-14 12:24:49,464][com.java.TestType] [  482] -  str(2) = 12
[INFO ][2016-01-14 12:24:49,465][com.java.TestType] [  482] -  str(1) = 1
[INFO ][2016-01-14 12:24:49,465][com.java.TestType] [  485] - Test case Id is---1
[INFO ][2016-01-14 12:24:49,465][com.java.TestType] [  487] - 1
[INFO ][2016-01-14 12:24:49,465][com.java.TestType] [  482] -  str(2) = 13
[INFO ][2016-01-14 12:24:49,466][com.java.TestType] [  482] -  str(1) = 1
[INFO ][2016-01-14 12:24:49,466][com.java.TestType] [  485] - Test case Id is---1
[INFO ][2016-01-14 12:24:49,466][com.java.TestType] [  487] - 1
[INFO ][2016-01-14 12:24:49,466][com.java.TestType] [  482] -  str(2) = 14
[INFO ][2016-01-14 12:24:49,467][com.java.TestType] [  482] -  str(1) = 1
[INFO ][2016-01-14 12:24:49,467][com.java.TestType] [  485] - Test case Id is---1
[INFO ][2016-01-14 12:24:49,467][com.java.TestType] [  487] - 1
[INFO ][2016-01-14 12:24:49,467][com.java.TestType] [  482] -  str(2) = 15
[INFO ][2016-01-14 12:24:49,468][com.java.TestType] [  482] -  str(1) = 1
[INFO ][2016-01-14 12:24:49,468][com.java.TestType] [  485] - Test case Id is---1
[INFO ][2016-01-14 12:24:49,468][com.java.TestType] [  487] - 1
[INFO ][2016-01-14 12:24:49,468][com.java.TestType] [  482] -  str(2) = 16
[INFO ][2016-01-14 12:24:49,469][com.java.TestType] [11305] - Looping 1TCID = 1
[DEBUG][2016-01-14 12:24:49,469][com.java.TestType] [11346] - Concept ID:1 :: Step being Executed: 1::1
[INFO ][2016-01-14 12:24:49,469][com.java.TestType] [11384] - dataFields : TXTusername
[DEBUG][2016-01-14 12:24:49,469][com.java.TestType] [11390] - <In Set values of the page>
[DEBUG][2016-01-14 12:24:49,470][com.java.TestType] [11395] - {Data Fields & Data Values Exist}
[INFO ][2016-01-14 12:24:49,470][com.java.TestType] [11401] - --------------------------setting values-----------------------------
[INFO ][2016-01-14 12:24:49,470][com.java.TestType] [11404] - Action Type : CLEARANDENTER
[INFO ][2016-01-14 12:24:51,768][com.java.TestType] [ 6136] - value = naresh.nayini.00000
[INFO ][2016-01-14 12:24:54,167][com.java.TestType] [11423] -  RESULT true
[INFO ][2016-01-14 12:24:54,167][com.java.TestType] [11540] - ?   P A S S   ?
[DEBUG][2016-01-14 12:24:54,167][com.java.TestType] [11346] - Concept ID:1 :: Step being Executed: 1::2
[INFO ][2016-01-14 12:24:54,167][com.java.TestType] [11384] - dataFields : TXTpassword
[DEBUG][2016-01-14 12:24:54,167][com.java.TestType] [11390] - <In Set values of the page>
[DEBUG][2016-01-14 12:24:54,168][com.java.TestType] [11395] - {Data Fields & Data Values Exist}
[INFO ][2016-01-14 12:24:54,168][com.java.TestType] [11401] - --------------------------setting values-----------------------------
[INFO ][2016-01-14 12:24:54,168][com.java.TestType] [11404] - Action Type : CLEARANDENTER
[INFO ][2016-01-14 12:24:56,445][com.java.TestType] [ 6136] - value = Password1*
[INFO ][2016-01-14 12:24:58,978][com.java.TestType] [11423] -  RESULT true
[INFO ][2016-01-14 12:24:58,978][com.java.TestType] [11540] - ?   P A S S   ?
[DEBUG][2016-01-14 12:24:58,978][com.java.TestType] [11346] - Concept ID:1 :: Step being Executed: 1::3
[ERROR][2016-01-14 12:24:58,978][com.java.TestType] [11379] - Exception: null
[INFO ][2016-01-14 12:24:58,978][com.java.TestType] [11384] - dataFields : XPH//button[@type='submit']
[DEBUG][2016-01-14 12:24:58,979][com.java.TestType] [11390] - <In Set values of the page>
[DEBUG][2016-01-14 12:24:58,979][com.java.TestType] [11395] - {Data Fields & Data Values Exist}
[INFO ][2016-01-14 12:24:58,980][com.java.TestType] [11401] - --------------------------setting values-----------------------------
[INFO ][2016-01-14 12:24:58,980][com.java.TestType] [11404] - Action Type : Click
[INFO ][2016-01-14 12:24:58,980][com.java.TestType] [ 6515] - Field ::XPH//button[@type='submit']
[INFO ][2016-01-14 12:24:58,980][com.java.TestType] [ 6136] - value = 
[INFO ][2016-01-14 12:24:59,980][com.java.TestType] [ 6652] - BEFORE CLICK
[INFO ][2016-01-14 12:25:00,802][com.java.TestType] [ 6660] - Unable to click the object Login
[INFO ][2016-01-14 12:25:00,802][com.java.TestType] [11423] -  RESULT true
[INFO ][2016-01-14 12:25:00,802][com.java.TestType] [11540] - ?   P A S S   ?
[DEBUG][2016-01-14 12:25:00,802][com.java.TestType] [11346] - Concept ID:1 :: Step being Executed: 1::4
[INFO ][2016-01-14 12:25:00,802][com.java.TestType] [11384] - dataFields : LNKLogout
[DEBUG][2016-01-14 12:25:00,802][com.java.TestType] [11390] - <In Set values of the page>
[DEBUG][2016-01-14 12:25:00,802][com.java.TestType] [11395] - {Data Fields & Data Values Exist}
[INFO ][2016-01-14 12:25:00,802][com.java.TestType] [11401] - --------------------------setting values-----------------------------
[INFO ][2016-01-14 12:25:00,802][com.java.TestType] [11404] - Action Type : WaitForElement
[INFO ][2016-01-14 12:25:12,785][com.java.TestType] [11423] -  RESULT true
[INFO ][2016-01-14 12:25:12,785][com.java.TestType] [11540] - ?   P A S S   ?
[DEBUG][2016-01-14 12:25:12,786][com.java.TestType] [11346] - Concept ID:1 :: Step being Executed: 1::15
[INFO ][2016-01-14 12:25:12,786][com.java.TestType] [11384] - dataFields : LNK
[DEBUG][2016-01-14 12:25:12,786][com.java.TestType] [11390] - <In Set values of the page>
[DEBUG][2016-01-14 12:25:12,786][com.java.TestType] [11395] - {Data Fields & Data Values Exist}
[INFO ][2016-01-14 12:25:12,786][com.java.TestType] [11401] - --------------------------setting values-----------------------------
[INFO ][2016-01-14 12:25:12,786][com.java.TestType] [11404] - Action Type : Verify
[INFO ][2016-01-14 12:25:12,786][com.java.TestType] [ 7638] - field= LNK value= Logout
[INFO ][2016-01-14 12:25:12,789][com.java.TestType] [ 6136] - value = Logout
[INFO ][2016-01-14 12:25:12,830][com.java.TestType] [11423] -  RESULT true
[INFO ][2016-01-14 12:25:12,830][com.java.TestType] [11540] - ?   P A S S   ?
[DEBUG][2016-01-14 12:25:12,830][com.java.TestType] [11346] - Concept ID:1 :: Step being Executed: 1::16
[INFO ][2016-01-14 12:25:12,830][com.java.TestType] [11384] - dataFields : BTN
[DEBUG][2016-01-14 12:25:12,830][com.java.TestType] [11390] - <In Set values of the page>
[DEBUG][2016-01-14 12:25:12,830][com.java.TestType] [11395] - {Data Fields & Data Values Exist}
[INFO ][2016-01-14 12:25:12,831][com.java.TestType] [11401] - --------------------------setting values-----------------------------
[INFO ][2016-01-14 12:25:12,831][com.java.TestType] [11404] - Action Type : Verify
[INFO ][2016-01-14 12:25:12,831][com.java.TestType] [ 7638] - field= BTN value= //img[contains(@src,'bdlogo.jpg')]
[INFO ][2016-01-14 12:25:12,831][com.java.TestType] [ 6136] - value = //img[contains(@src,'bdlogo.jpg')]
[INFO ][2016-01-14 12:25:12,902][com.java.TestType] [11423] -  RESULT true
[INFO ][2016-01-14 12:25:12,902][com.java.TestType] [11540] - ?   P A S S   ?
[INFO ][2016-01-14 12:25:12,902][com.java.TestType] [11611] - Looping End......
[INFO ][2016-01-14 12:25:12,906][com.java.SeleniumDriver] [  930] -  RESULT true
[INFO ][2016-01-14 12:25:12,908][com.java.SeleniumDriver] [ 1136] - ?   P A S S   ?
[INFO ][2016-01-14 12:25:12,908][com.java.SeleniumDriver] [  856] - ------------------------------------------
[INFO ][2016-01-14 12:25:12,908][com.java.SeleniumDriver] [  857] - Test case being Executed: 1
[INFO ][2016-01-14 12:25:12,908][com.java.SeleniumDriver] [  869] - Test step:2
[INFO ][2016-01-14 12:25:12,908][com.java.SeleniumDriver] [  881] - Datavalue is----------Concept#2:1-2
[INFO ][2016-01-14 12:25:12,908][com.java.SeleniumDriver] [  905] - DataField : test
[INFO ][2016-01-14 12:25:12,909][com.java.SeleniumDriver] [  907] - DataValue : Concept#2:1-2
[INFO ][2016-01-14 12:25:12,909][com.java.SeleniumDriver] [  913] - <In Set values of the page>
[INFO ][2016-01-14 12:25:12,909][com.java.SeleniumDriver] [  916] - {Data Fields & Data Values Exist}
[INFO ][2016-01-14 12:25:12,909][com.java.SeleniumDriver] [  918] - --------------------------setting values-----------------------------
[INFO ][2016-01-14 12:25:12,909][com.java.SeleniumDriver] [  921] - Action Type : ExecuteTestCase
[INFO ][2016-01-14 12:25:12,909][com.java.TestType] [  437] - The Concept sheet name is ---------- Concept
[INFO ][2016-01-14 12:25:12,909][com.java.TestType] [  440] - The Concept ID  is ---------- 2
[DEBUG][2016-01-14 12:25:12,909][com.java.TestType] [  444] - Steps being executted in the Concept are: 1:2
[INFO ][2016-01-14 12:25:12,910][com.java.TestType] [  451] - Test data details path ---------- D:\BankersDashboard\TestInputs\TestData.xls
[INFO ][2016-01-14 12:25:12,945][com.java.TestType] [  482] -  str(1) = 2
[INFO ][2016-01-14 12:25:12,945][com.java.TestType] [  485] - Test case Id is---2
[INFO ][2016-01-14 12:25:12,945][com.java.TestType] [  487] - 2
[INFO ][2016-01-14 12:25:12,945][com.java.TestType] [  482] -  str(2) = 1
[INFO ][2016-01-14 12:25:12,947][com.java.TestType] [  482] -  str(1) = 2
[INFO ][2016-01-14 12:25:12,947][com.java.TestType] [  485] - Test case Id is---2
[INFO ][2016-01-14 12:25:12,947][com.java.TestType] [  487] - 2
[INFO ][2016-01-14 12:25:12,947][com.java.TestType] [  482] -  str(2) = 2
[INFO ][2016-01-14 12:25:12,948][com.java.TestType] [  482] -  str(1) = 2
[INFO ][2016-01-14 12:25:12,948][com.java.TestType] [  485] - Test case Id is---2
[INFO ][2016-01-14 12:25:12,948][com.java.TestType] [  487] - 2
[INFO ][2016-01-14 12:25:12,948][com.java.TestType] [  482] -  str(2) = 3
[INFO ][2016-01-14 12:25:12,948][com.java.TestType] [11305] - Looping 1TCID = 2
[DEBUG][2016-01-14 12:25:12,948][com.java.TestType] [11346] - Concept ID:2 :: Step being Executed: 2::1
[INFO ][2016-01-14 12:25:12,949][com.java.TestType] [11384] - dataFields : BNK//select[@id='bank']
[DEBUG][2016-01-14 12:25:12,949][com.java.TestType] [11390] - <In Set values of the page>
[DEBUG][2016-01-14 12:25:12,949][com.java.TestType] [11395] - {Data Fields & Data Values Exist}
[INFO ][2016-01-14 12:25:12,949][com.java.TestType] [11401] - --------------------------setting values-----------------------------
[INFO ][2016-01-14 12:25:12,949][com.java.TestType] [11404] - Action Type : Select
[INFO ][2016-01-14 12:25:12,949][com.java.TestType] [ 6136] - value = PFC
[INFO ][2016-01-14 12:25:13,256][com.java.TestType] [11423] -  RESULT true
[INFO ][2016-01-14 12:25:13,256][com.java.TestType] [11540] - ?   P A S S   ?
[DEBUG][2016-01-14 12:25:13,256][com.java.TestType] [11346] - Concept ID:2 :: Step being Executed: 2::2
[INFO ][2016-01-14 12:25:13,256][com.java.TestType] [11384] - dataFields : LNKLogout
[DEBUG][2016-01-14 12:25:13,256][com.java.TestType] [11390] - <In Set values of the page>
[DEBUG][2016-01-14 12:25:13,257][com.java.TestType] [11395] - {Data Fields & Data Values Exist}
[INFO ][2016-01-14 12:25:13,257][com.java.TestType] [11401] - --------------------------setting values-----------------------------
[INFO ][2016-01-14 12:25:13,257][com.java.TestType] [11404] - Action Type : WaitTime
[DEBUG][2016-01-14 12:25:13,257][com.java.TestType] [ 5950] - sleepTime: 5000
[INFO ][2016-01-14 12:25:18,257][com.java.TestType] [11423] -  RESULT true
[INFO ][2016-01-14 12:25:18,257][com.java.TestType] [11540] - ?   P A S S   ?
[INFO ][2016-01-14 12:25:18,257][com.java.TestType] [11611] - Looping End......
[INFO ][2016-01-14 12:25:18,261][com.java.SeleniumDriver] [  930] -  RESULT true
[INFO ][2016-01-14 12:25:18,261][com.java.SeleniumDriver] [ 1136] - ?   P A S S   ?
[INFO ][2016-01-14 12:25:18,261][com.java.SeleniumDriver] [  856] - ------------------------------------------
[INFO ][2016-01-14 12:25:18,261][com.java.SeleniumDriver] [  857] - Test case being Executed: 1
[INFO ][2016-01-14 12:25:18,261][com.java.SeleniumDriver] [  869] - Test step:3
[INFO ][2016-01-14 12:25:18,261][com.java.SeleniumDriver] [  881] - Datavalue is----------2
[INFO ][2016-01-14 12:25:18,263][com.java.SeleniumDriver] [  905] - DataField : XPH//button[contains(text(),'Add Content')]
[INFO ][2016-01-14 12:25:18,263][com.java.SeleniumDriver] [  907] - DataValue : 2
[INFO ][2016-01-14 12:25:18,263][com.java.SeleniumDriver] [  913] - <In Set values of the page>
[INFO ][2016-01-14 12:25:18,263][com.java.SeleniumDriver] [  916] - {Data Fields & Data Values Exist}
[INFO ][2016-01-14 12:25:18,263][com.java.SeleniumDriver] [  918] - --------------------------setting values-----------------------------
[INFO ][2016-01-14 12:25:18,263][com.java.SeleniumDriver] [  921] - Action Type : WAITFORELEMENT
[INFO ][2016-01-14 12:25:18,301][com.java.SeleniumDriver] [  930] -  RESULT true
[INFO ][2016-01-14 12:25:18,301][com.java.SeleniumDriver] [ 1136] - ?   P A S S   ?
[DEBUG][2016-01-14 12:25:18,301][com.java.SeleniumDriver] [ 1248] - Case found
[DEBUG][2016-01-14 12:25:18,301][com.java.SeleniumDriver] [ 1253] - Incrementing ReportCounters[0]:1
[INFO ][2016-01-14 12:25:18,301][com.java.SeleniumDriver] [ 1272] - The results are-------------------[1, 1, Valid Login, Pass, , Thu Jan 14 12:25:12 IST 2016, 1, 2, Valid Login, Pass, , Thu Jan 14 12:25:18 IST 2016, 1, 3, Valid Login, Pass, , Thu Jan 14 12:25:18 IST 2016]
[INFO ][2016-01-14 12:25:18,301][com.java.SeleniumDriver] [ 1276] - End time is-------43 sec
[INFO ][2016-01-14 12:25:18,301][com.java.SeleniumDriver] [ 1277] - The results are-------------------[1, 1, Valid Login, Pass, , Thu Jan 14 12:25:12 IST 2016, 1, 2, Valid Login, Pass, , Thu Jan 14 12:25:18 IST 2016, 1, 3, Valid Login, Pass, , Thu Jan 14 12:25:18 IST 2016]
[DEBUG][2016-01-14 12:25:18,301][com.java.ImportnExport.ExportTestResultsExcel] [  222] - testResultPath = D:\BankersDashboard/TestReports/Test Results_BankersDashBoard_011416_122436_IE10_Any Bank USA.xls
[DEBUG][2016-01-14 12:25:18,301][com.java.ImportnExport.ExportTestResultsExcel] [  223] - browser is------------IE10
[DEBUG][2016-01-14 12:25:18,345][com.java.ImportnExport.ExportTestResultsExcel] [  270] - result.size() = 18
[DEBUG][2016-01-14 12:25:18,345][com.java.ImportnExport.ExportTestResultsExcel] [  274] - No of rows in sheet=1
[DEBUG][2016-01-14 12:25:18,345][com.java.ImportnExport.ExportTestResultsExcel] [  301] - ..in export..1
[DEBUG][2016-01-14 12:25:18,345][com.java.ImportnExport.ExportTestResultsExcel] [  301] - ..in export..Valid Login
[DEBUG][2016-01-14 12:25:18,346][com.java.ImportnExport.ExportTestResultsExcel] [  301] - ..in export..Pass
[DEBUG][2016-01-14 12:25:18,346][com.java.ImportnExport.ExportTestResultsExcel] [  301] - ..in export..
[DEBUG][2016-01-14 12:25:18,346][com.java.ImportnExport.ExportTestResultsExcel] [  301] - ..in export..Thu Jan 14 12:25:12 IST 2016
[INFO ][2016-01-14 12:25:18,348][com.java.SeleniumDriver] [ 1337] - out loop:0 size:2 TestCases:[1, 12] testcases:[1, 12]
[INFO ][2016-01-14 12:25:18,348][com.java.ImportnExport.ImportTestDataDetailsExcel] [   49] - test data details path===== D:\BankersDashboard\TestInputs\TestData.xls
[INFO ][2016-01-14 12:25:33,533][com.java.SeleniumDriver] [  856] - ------------------------------------------
[INFO ][2016-01-14 12:25:33,533][com.java.SeleniumDriver] [  857] - Test case being Executed: 12
[INFO ][2016-01-14 12:25:33,533][com.java.SeleniumDriver] [  869] - Test step:1
[INFO ][2016-01-14 12:25:33,533][com.java.SeleniumDriver] [  881] - Datavalue is----------Logout
[INFO ][2016-01-14 12:25:33,533][com.java.SeleniumDriver] [  905] - DataField : BTN
[INFO ][2016-01-14 12:25:33,533][com.java.SeleniumDriver] [  907] - DataValue : Logout
[INFO ][2016-01-14 12:25:33,533][com.java.SeleniumDriver] [  913] - <In Set values of the page>
[INFO ][2016-01-14 12:25:33,533][com.java.SeleniumDriver] [  916] - {Data Fields & Data Values Exist}
[INFO ][2016-01-14 12:25:33,533][com.java.SeleniumDriver] [  918] - --------------------------setting values-----------------------------
[INFO ][2016-01-14 12:25:33,533][com.java.SeleniumDriver] [  921] - Action Type : VERIFY
[INFO ][2016-01-14 12:25:33,533][com.java.TestType] [ 7638] - field= BTN value= Logout
[INFO ][2016-01-14 12:25:33,533][com.java.TestType] [ 6136] - value = Logout
[INFO ][2016-01-14 12:25:33,606][com.java.SeleniumDriver] [  930] -  RESULT true
[INFO ][2016-01-14 12:25:33,606][com.java.SeleniumDriver] [ 1136] - ?   P A S S   ?
[INFO ][2016-01-14 12:25:33,606][com.java.SeleniumDriver] [ 1178] - step change to 3
[INFO ][2016-01-14 12:25:33,606][com.java.SeleniumDriver] [  856] - ------------------------------------------
[INFO ][2016-01-14 12:25:33,606][com.java.SeleniumDriver] [  857] - Test case being Executed: 12
[INFO ][2016-01-14 12:25:33,607][com.java.SeleniumDriver] [  869] - Test step:3
[INFO ][2016-01-14 12:25:33,607][com.java.SeleniumDriver] [  881] - Datavalue is----------Concept#2:1-2
[INFO ][2016-01-14 12:25:33,607][com.java.SeleniumDriver] [  905] - DataField : test
[INFO ][2016-01-14 12:25:33,607][com.java.SeleniumDriver] [  907] - DataValue : Concept#2:1-2
[INFO ][2016-01-14 12:25:33,607][com.java.SeleniumDriver] [  913] - <In Set values of the page>
[INFO ][2016-01-14 12:25:33,607][com.java.SeleniumDriver] [  916] - {Data Fields & Data Values Exist}
[INFO ][2016-01-14 12:25:33,607][com.java.SeleniumDriver] [  918] - --------------------------setting values-----------------------------
[INFO ][2016-01-14 12:25:33,607][com.java.SeleniumDriver] [  921] - Action Type : ExecuteTestCase
[INFO ][2016-01-14 12:25:33,607][com.java.TestType] [  437] - The Concept sheet name is ---------- Concept
[INFO ][2016-01-14 12:25:33,607][com.java.TestType] [  440] - The Concept ID  is ---------- 2
[DEBUG][2016-01-14 12:25:33,607][com.java.TestType] [  444] - Steps being executted in the Concept are: 1:2
[INFO ][2016-01-14 12:25:33,607][com.java.TestType] [  451] - Test data details path ---------- D:\BankersDashboard\TestInputs\TestData.xls
[INFO ][2016-01-14 12:25:33,641][com.java.TestType] [  482] -  str(1) = 2
[INFO ][2016-01-14 12:25:33,642][com.java.TestType] [  485] - Test case Id is---2
[INFO ][2016-01-14 12:25:33,642][com.java.TestType] [  487] - 2
[INFO ][2016-01-14 12:25:33,642][com.java.TestType] [  482] -  str(2) = 1
[INFO ][2016-01-14 12:25:33,643][com.java.TestType] [  482] -  str(1) = 2
[INFO ][2016-01-14 12:25:33,643][com.java.TestType] [  485] - Test case Id is---2
[INFO ][2016-01-14 12:25:33,643][com.java.TestType] [  487] - 2
[INFO ][2016-01-14 12:25:33,643][com.java.TestType] [  482] -  str(2) = 2
[INFO ][2016-01-14 12:25:33,644][com.java.TestType] [  482] -  str(1) = 2
[INFO ][2016-01-14 12:25:33,644][com.java.TestType] [  485] - Test case Id is---2
[INFO ][2016-01-14 12:25:33,644][com.java.TestType] [  487] - 2
[INFO ][2016-01-14 12:25:33,644][com.java.TestType] [  482] -  str(2) = 3
[INFO ][2016-01-14 12:25:33,645][com.java.TestType] [11305] - Looping 1TCID = 2
[DEBUG][2016-01-14 12:25:33,645][com.java.TestType] [11346] - Concept ID:2 :: Step being Executed: 2::1
[INFO ][2016-01-14 12:25:33,645][com.java.TestType] [11384] - dataFields : BNK//select[@id='bank']
[DEBUG][2016-01-14 12:25:33,645][com.java.TestType] [11390] - <In Set values of the page>
[DEBUG][2016-01-14 12:25:33,645][com.java.TestType] [11395] - {Data Fields & Data Values Exist}
[INFO ][2016-01-14 12:25:33,645][com.java.TestType] [11401] - --------------------------setting values-----------------------------
[INFO ][2016-01-14 12:25:33,646][com.java.TestType] [11404] - Action Type : Select
[INFO ][2016-01-14 12:25:33,647][com.java.TestType] [ 6136] - value = PFC
[INFO ][2016-01-14 12:25:33,858][com.java.TestType] [11423] -  RESULT true
[INFO ][2016-01-14 12:25:33,858][com.java.TestType] [11540] - ?   P A S S   ?
[DEBUG][2016-01-14 12:25:33,858][com.java.TestType] [11346] - Concept ID:2 :: Step being Executed: 2::2
[INFO ][2016-01-14 12:25:33,858][com.java.TestType] [11384] - dataFields : LNKLogout
[DEBUG][2016-01-14 12:25:33,858][com.java.TestType] [11390] - <In Set values of the page>
[DEBUG][2016-01-14 12:25:33,858][com.java.TestType] [11395] - {Data Fields & Data Values Exist}
[INFO ][2016-01-14 12:25:33,858][com.java.TestType] [11401] - --------------------------setting values-----------------------------
[INFO ][2016-01-14 12:25:33,858][com.java.TestType] [11404] - Action Type : WaitTime
[DEBUG][2016-01-14 12:25:33,859][com.java.TestType] [ 5950] - sleepTime: 5000
[INFO ][2016-01-14 12:25:38,859][com.java.TestType] [11423] -  RESULT true
[INFO ][2016-01-14 12:25:38,859][com.java.TestType] [11540] - ?   P A S S   ?
[INFO ][2016-01-14 12:25:38,859][com.java.TestType] [11611] - Looping End......
[INFO ][2016-01-14 12:25:38,863][com.java.SeleniumDriver] [  930] -  RESULT true
[INFO ][2016-01-14 12:25:38,863][com.java.SeleniumDriver] [ 1136] - ?   P A S S   ?
[INFO ][2016-01-14 12:25:38,863][com.java.SeleniumDriver] [  856] - ------------------------------------------
[INFO ][2016-01-14 12:25:38,863][com.java.SeleniumDriver] [  857] - Test case being Executed: 12
[INFO ][2016-01-14 12:25:38,863][com.java.SeleniumDriver] [  869] - Test step:4
[INFO ][2016-01-14 12:25:38,863][com.java.SeleniumDriver] [  881] - Datavalue is----------null
[DEBUG][2016-01-14 12:25:38,863][com.java.SeleniumDriver] [  899] - Exception: null
[INFO ][2016-01-14 12:25:38,865][com.java.SeleniumDriver] [  905] - DataField : //span[@class='icon-user4']&&//a[text()='Company Settings']&&//a[@data-id="RatedLoans"]
[INFO ][2016-01-14 12:25:38,865][com.java.SeleniumDriver] [  907] - DataValue : 
[INFO ][2016-01-14 12:25:38,865][com.java.SeleniumDriver] [  913] - <In Set values of the page>
[INFO ][2016-01-14 12:25:38,865][com.java.SeleniumDriver] [  916] - {Data Fields & Data Values Exist}
[INFO ][2016-01-14 12:25:38,865][com.java.SeleniumDriver] [  918] - --------------------------setting values-----------------------------
[INFO ][2016-01-14 12:25:38,865][com.java.SeleniumDriver] [  921] - Action Type : MOUSEOVER
[INFO ][2016-01-14 12:26:06,144][com.java.SeleniumDriver] [  930] -  RESULT true
[INFO ][2016-01-14 12:26:06,144][com.java.SeleniumDriver] [ 1136] - ?   P A S S   ?
[INFO ][2016-01-14 12:26:06,144][com.java.SeleniumDriver] [  856] - ------------------------------------------
[INFO ][2016-01-14 12:26:06,144][com.java.SeleniumDriver] [  857] - Test case being Executed: 12
[INFO ][2016-01-14 12:26:06,144][com.java.SeleniumDriver] [  869] - Test step:5
[INFO ][2016-01-14 12:26:06,144][com.java.SeleniumDriver] [  881] - Datavalue is----------Rated Loan Categories
[INFO ][2016-01-14 12:26:06,144][com.java.SeleniumDriver] [  905] - DataField : XPH//span[contains(text(), 'Rated Loan Categories')]
[INFO ][2016-01-14 12:26:06,144][com.java.SeleniumDriver] [  907] - DataValue : Rated Loan Categories
[INFO ][2016-01-14 12:26:06,144][com.java.SeleniumDriver] [  913] - <In Set values of the page>
[INFO ][2016-01-14 12:26:06,144][com.java.SeleniumDriver] [  916] - {Data Fields & Data Values Exist}
[INFO ][2016-01-14 12:26:06,144][com.java.SeleniumDriver] [  918] - --------------------------setting values-----------------------------
[INFO ][2016-01-14 12:26:06,144][com.java.SeleniumDriver] [  921] - Action Type : VERIFY
[INFO ][2016-01-14 12:26:06,145][com.java.TestType] [ 7638] - field= XPH//span[contains(text(), 'Rated Loan Categories')] value= Rated Loan Categories
[INFO ][2016-01-14 12:26:06,145][com.java.TestType] [ 6136] - value = Rated Loan Categories
[INFO ][2016-01-14 12:26:06,271][com.java.SeleniumDriver] [  930] -  RESULT true
[INFO ][2016-01-14 12:26:06,272][com.java.SeleniumDriver] [ 1136] - ?   P A S S   ?
[INFO ][2016-01-14 12:26:06,272][com.java.SeleniumDriver] [  856] - ------------------------------------------
[INFO ][2016-01-14 12:26:06,272][com.java.SeleniumDriver] [  857] - Test case being Executed: 12
[INFO ][2016-01-14 12:26:06,272][com.java.SeleniumDriver] [  869] - Test step:6
[INFO ][2016-01-14 12:26:06,272][com.java.SeleniumDriver] [  881] - Datavalue is----------null
[DEBUG][2016-01-14 12:26:06,272][com.java.SeleniumDriver] [  899] - Exception: null
[INFO ][2016-01-14 12:26:06,272][com.java.SeleniumDriver] [  905] - DataField : BTNframeDialogContent
[INFO ][2016-01-14 12:26:06,272][com.java.SeleniumDriver] [  907] - DataValue : 
[INFO ][2016-01-14 12:26:06,272][com.java.SeleniumDriver] [  913] - <In Set values of the page>
[INFO ][2016-01-14 12:26:06,272][com.java.SeleniumDriver] [  916] - {Data Fields & Data Values Exist}
[INFO ][2016-01-14 12:26:06,272][com.java.SeleniumDriver] [  918] - --------------------------setting values-----------------------------
[INFO ][2016-01-14 12:26:06,272][com.java.SeleniumDriver] [  921] - Action Type : SELECTFRAME
[INFO ][2016-01-14 12:26:07,539][com.java.SeleniumDriver] [  930] -  RESULT true
[INFO ][2016-01-14 12:26:07,539][com.java.SeleniumDriver] [ 1136] - ?   P A S S   ?
[INFO ][2016-01-14 12:26:07,539][com.java.SeleniumDriver] [  856] - ------------------------------------------
[INFO ][2016-01-14 12:26:07,539][com.java.SeleniumDriver] [  857] - Test case being Executed: 12
[INFO ][2016-01-14 12:26:07,539][com.java.SeleniumDriver] [  869] - Test step:7
[INFO ][2016-01-14 12:26:07,539][com.java.SeleniumDriver] [  881] - Datavalue is----------null
[DEBUG][2016-01-14 12:26:07,539][com.java.SeleniumDriver] [  899] - Exception: null
[INFO ][2016-01-14 12:26:07,539][com.java.SeleniumDriver] [  905] - DataField : BTNbtnAddNew
[INFO ][2016-01-14 12:26:07,539][com.java.SeleniumDriver] [  907] - DataValue : 
[INFO ][2016-01-14 12:26:07,539][com.java.SeleniumDriver] [  913] - <In Set values of the page>
[INFO ][2016-01-14 12:26:07,539][com.java.SeleniumDriver] [  916] - {Data Fields & Data Values Exist}
[INFO ][2016-01-14 12:26:07,539][com.java.SeleniumDriver] [  918] - --------------------------setting values-----------------------------
[INFO ][2016-01-14 12:26:07,540][com.java.SeleniumDriver] [  921] - Action Type : CLICK
[INFO ][2016-01-14 12:26:07,540][com.java.TestType] [ 6515] - Field ::BTNbtnAddNew
[INFO ][2016-01-14 12:26:07,540][com.java.TestType] [ 6136] - value = 
[INFO ][2016-01-14 12:26:08,540][com.java.TestType] [ 6631] - BEFORE CLICK
[INFO ][2016-01-14 12:26:09,728][com.java.TestType] [ 6638] - Unable to click the object Add New Category button
[INFO ][2016-01-14 12:26:09,728][com.java.SeleniumDriver] [  930] -  RESULT true
[INFO ][2016-01-14 12:26:09,728][com.java.SeleniumDriver] [ 1136] - ?   P A S S   ?
[INFO ][2016-01-14 12:26:09,728][com.java.SeleniumDriver] [  856] - ------------------------------------------
[INFO ][2016-01-14 12:26:09,728][com.java.SeleniumDriver] [  857] - Test case being Executed: 12
[INFO ][2016-01-14 12:26:09,728][com.java.SeleniumDriver] [  869] - Test step:8
[INFO ][2016-01-14 12:26:09,728][com.java.SeleniumDriver] [  881] - Datavalue is----------5
[INFO ][2016-01-14 12:26:09,728][com.java.SeleniumDriver] [  905] - DataField : XPH//td[contains(text(),'Description')]
[INFO ][2016-01-14 12:26:09,730][com.java.SeleniumDriver] [  907] - DataValue : 5
[INFO ][2016-01-14 12:26:09,730][com.java.SeleniumDriver] [  913] - <In Set values of the page>
[INFO ][2016-01-14 12:26:09,730][com.java.SeleniumDriver] [  916] - {Data Fields & Data Values Exist}
[INFO ][2016-01-14 12:26:09,730][com.java.SeleniumDriver] [  918] - --------------------------setting values-----------------------------
[INFO ][2016-01-14 12:26:09,730][com.java.SeleniumDriver] [  921] - Action Type : WAITFORELEMENT
[INFO ][2016-01-14 12:26:09,756][com.java.SeleniumDriver] [  930] -  RESULT true
[INFO ][2016-01-14 12:26:09,756][com.java.SeleniumDriver] [ 1136] - ?   P A S S   ?
[INFO ][2016-01-14 12:26:09,756][com.java.SeleniumDriver] [  856] - ------------------------------------------
[INFO ][2016-01-14 12:26:09,756][com.java.SeleniumDriver] [  857] - Test case being Executed: 12
[INFO ][2016-01-14 12:26:09,756][com.java.SeleniumDriver] [  869] - Test step:9
[INFO ][2016-01-14 12:26:09,756][com.java.SeleniumDriver] [  881] - Datavalue is----------//td[contains(text(),'Description')]
[INFO ][2016-01-14 12:26:09,756][com.java.SeleniumDriver] [  905] - DataField : BTN
[INFO ][2016-01-14 12:26:09,756][com.java.SeleniumDriver] [  907] - DataValue : //td[contains(text(),'Description')]
[INFO ][2016-01-14 12:26:09,756][com.java.SeleniumDriver] [  913] - <In Set values of the page>
[INFO ][2016-01-14 12:26:09,756][com.java.SeleniumDriver] [  916] - {Data Fields & Data Values Exist}
[INFO ][2016-01-14 12:26:09,756][com.java.SeleniumDriver] [  918] - --------------------------setting values-----------------------------
[INFO ][2016-01-14 12:26:09,756][com.java.SeleniumDriver] [  921] - Action Type : VERIFY
[INFO ][2016-01-14 12:26:09,757][com.java.TestType] [ 7638] - field= BTN value= //td[contains(text(),'Description')]
[INFO ][2016-01-14 12:26:09,757][com.java.TestType] [ 6136] - value = //td[contains(text(),'Description')]
[INFO ][2016-01-14 12:26:09,797][com.java.SeleniumDriver] [  930] -  RESULT true
[INFO ][2016-01-14 12:26:09,797][com.java.SeleniumDriver] [ 1136] - ?   P A S S   ?
[INFO ][2016-01-14 12:26:09,797][com.java.SeleniumDriver] [  856] - ------------------------------------------
[INFO ][2016-01-14 12:26:09,797][com.java.SeleniumDriver] [  857] - Test case being Executed: 12
[INFO ][2016-01-14 12:26:09,797][com.java.SeleniumDriver] [  869] - Test step:10
[INFO ][2016-01-14 12:26:09,797][com.java.SeleniumDriver] [  881] - Datavalue is----------//td[contains(text(),'Rated Loan*')]
[INFO ][2016-01-14 12:26:09,797][com.java.SeleniumDriver] [  905] - DataField : BTN
[INFO ][2016-01-14 12:26:09,798][com.java.SeleniumDriver] [  907] - DataValue : //td[contains(text(),'Rated Loan*')]
[INFO ][2016-01-14 12:26:09,798][com.java.SeleniumDriver] [  913] - <In Set values of the page>
[INFO ][2016-01-14 12:26:09,798][com.java.SeleniumDriver] [  916] - {Data Fields & Data Values Exist}
[INFO ][2016-01-14 12:26:09,798][com.java.SeleniumDriver] [  918] - --------------------------setting values-----------------------------
[INFO ][2016-01-14 12:26:09,798][com.java.SeleniumDriver] [  921] - Action Type : VERIFY
[INFO ][2016-01-14 12:26:09,798][com.java.TestType] [ 7638] - field= BTN value= //td[contains(text(),'Rated Loan*')]
[INFO ][2016-01-14 12:26:09,798][com.java.TestType] [ 6136] - value = //td[contains(text(),'Rated Loan*')]
[INFO ][2016-01-14 12:26:09,828][com.java.SeleniumDriver] [  930] -  RESULT true
[INFO ][2016-01-14 12:26:09,828][com.java.SeleniumDriver] [ 1136] - ?   P A S S   ?
[INFO ][2016-01-14 12:26:09,828][com.java.SeleniumDriver] [  856] - ------------------------------------------
[INFO ][2016-01-14 12:26:09,828][com.java.SeleniumDriver] [  857] - Test case being Executed: 12
[INFO ][2016-01-14 12:26:09,828][com.java.SeleniumDriver] [  869] - Test step:11
[INFO ][2016-01-14 12:26:09,828][com.java.SeleniumDriver] [  881] - Datavalue is----------RNDVLTest
[INFO ][2016-01-14 12:26:09,829][com.java.SeleniumDriver] [  905] - DataField : TXTtxtDescription
[INFO ][2016-01-14 12:26:09,829][com.java.SeleniumDriver] [  907] - DataValue : RNDVLTest
[INFO ][2016-01-14 12:26:09,829][com.java.SeleniumDriver] [  913] - <In Set values of the page>
[INFO ][2016-01-14 12:26:09,829][com.java.SeleniumDriver] [  916] - {Data Fields & Data Values Exist}
[INFO ][2016-01-14 12:26:09,829][com.java.SeleniumDriver] [  918] - --------------------------setting values-----------------------------
[INFO ][2016-01-14 12:26:09,829][com.java.SeleniumDriver] [  921] - Action Type : CLEARANDENTER
[INFO ][2016-01-14 12:26:10,944][com.java.TestType] [ 6136] - value = VLTest70129
[INFO ][2016-01-14 12:26:12,458][com.java.SeleniumDriver] [  930] -  RESULT true
[INFO ][2016-01-14 12:26:12,458][com.java.SeleniumDriver] [ 1136] - ?   P A S S   ?
[INFO ][2016-01-14 12:26:12,458][com.java.SeleniumDriver] [  856] - ------------------------------------------
[INFO ][2016-01-14 12:26:12,458][com.java.SeleniumDriver] [  857] - Test case being Executed: 12
[INFO ][2016-01-14 12:26:12,458][com.java.SeleniumDriver] [  869] - Test step:12
[INFO ][2016-01-14 12:26:12,458][com.java.SeleniumDriver] [  881] - Datavalue is----------2
[INFO ][2016-01-14 12:26:12,458][com.java.SeleniumDriver] [  905] - DataField : test
[INFO ][2016-01-14 12:26:12,458][com.java.SeleniumDriver] [  907] - DataValue : 2
[INFO ][2016-01-14 12:26:12,458][com.java.SeleniumDriver] [  913] - <In Set values of the page>
[INFO ][2016-01-14 12:26:12,459][com.java.SeleniumDriver] [  916] - {Data Fields & Data Values Exist}
[INFO ][2016-01-14 12:26:12,459][com.java.SeleniumDriver] [  918] - --------------------------setting values-----------------------------
[INFO ][2016-01-14 12:26:12,459][com.java.SeleniumDriver] [  921] - Action Type : WAITTIME
[DEBUG][2016-01-14 12:26:12,459][com.java.TestType] [ 5950] - sleepTime: 2000
[INFO ][2016-01-14 12:26:14,459][com.java.SeleniumDriver] [  930] -  RESULT true
[INFO ][2016-01-14 12:26:14,459][com.java.SeleniumDriver] [ 1136] - ?   P A S S   ?
[INFO ][2016-01-14 12:26:14,459][com.java.SeleniumDriver] [  856] - ------------------------------------------
[INFO ][2016-01-14 12:26:14,459][com.java.SeleniumDriver] [  857] - Test case being Executed: 12
[INFO ][2016-01-14 12:26:14,459][com.java.SeleniumDriver] [  869] - Test step:13
[INFO ][2016-01-14 12:26:14,459][com.java.SeleniumDriver] [  881] - Datavalue is----------Test
[INFO ][2016-01-14 12:26:14,459][com.java.SeleniumDriver] [  905] - DataField : TXTtxtDescription
[INFO ][2016-01-14 12:26:14,459][com.java.SeleniumDriver] [  907] - DataValue : Test
[INFO ][2016-01-14 12:26:14,459][com.java.SeleniumDriver] [  913] - <In Set values of the page>
[INFO ][2016-01-14 12:26:14,459][com.java.SeleniumDriver] [  916] - {Data Fields & Data Values Exist}
[INFO ][2016-01-14 12:26:14,459][com.java.SeleniumDriver] [  918] - --------------------------setting values-----------------------------
[INFO ][2016-01-14 12:26:14,459][com.java.SeleniumDriver] [  921] - Action Type : STOREVALUE
[INFO ][2016-01-14 12:26:14,460][com.java.TestType] [ 9065] - field= TXTtxtDescription
[DEBUG][2016-01-14 12:26:15,549][com.java.TestType] [ 9079] - Key:: Test  Value:: VLTest70129
[INFO ][2016-01-14 12:26:15,549][com.java.SeleniumDriver] [  930] -  RESULT true
[INFO ][2016-01-14 12:26:15,549][com.java.SeleniumDriver] [ 1136] - ?   P A S S   ?
[INFO ][2016-01-14 12:26:15,549][com.java.SeleniumDriver] [  856] - ------------------------------------------
[INFO ][2016-01-14 12:26:15,549][com.java.SeleniumDriver] [  857] - Test case being Executed: 12
[INFO ][2016-01-14 12:26:15,549][com.java.SeleniumDriver] [  869] - Test step:14
[INFO ][2016-01-14 12:26:15,549][com.java.SeleniumDriver] [  881] - Datavalue is----------3
[INFO ][2016-01-14 12:26:15,549][com.java.SeleniumDriver] [  905] - DataField : test
[INFO ][2016-01-14 12:26:15,549][com.java.SeleniumDriver] [  907] - DataValue : 3
[INFO ][2016-01-14 12:26:15,549][com.java.SeleniumDriver] [  913] - <In Set values of the page>
[INFO ][2016-01-14 12:26:15,549][com.java.SeleniumDriver] [  916] - {Data Fields & Data Values Exist}
[INFO ][2016-01-14 12:26:15,549][com.java.SeleniumDriver] [  918] - --------------------------setting values-----------------------------
[INFO ][2016-01-14 12:26:15,549][com.java.SeleniumDriver] [  921] - Action Type : WAITTIME
[DEBUG][2016-01-14 12:26:15,550][com.java.TestType] [ 5950] - sleepTime: 3000
[INFO ][2016-01-14 12:26:18,550][com.java.SeleniumDriver] [  930] -  RESULT true
[INFO ][2016-01-14 12:26:18,550][com.java.SeleniumDriver] [ 1136] - ?   P A S S   ?
[INFO ][2016-01-14 12:26:18,550][com.java.SeleniumDriver] [  856] - ------------------------------------------
[INFO ][2016-01-14 12:26:18,550][com.java.SeleniumDriver] [  857] - Test case being Executed: 12
[INFO ][2016-01-14 12:26:18,550][com.java.SeleniumDriver] [  869] - Test step:15
[INFO ][2016-01-14 12:26:18,550][com.java.SeleniumDriver] [  881] - Datavalue is----------1.00
[INFO ][2016-01-14 12:26:18,550][com.java.SeleniumDriver] [  905] - DataField : TXTtxtWeight
[INFO ][2016-01-14 12:26:18,550][com.java.SeleniumDriver] [  907] - DataValue : 1.00
[INFO ][2016-01-14 12:26:18,550][com.java.SeleniumDriver] [  913] - <In Set values of the page>
[INFO ][2016-01-14 12:26:18,550][com.java.SeleniumDriver] [  916] - {Data Fields & Data Values Exist}
[INFO ][2016-01-14 12:26:18,550][com.java.SeleniumDriver] [  918] - --------------------------setting values-----------------------------
[INFO ][2016-01-14 12:26:18,550][com.java.SeleniumDriver] [  921] - Action Type : CLEARANDENTER
[INFO ][2016-01-14 12:26:19,694][com.java.TestType] [ 6136] - value = 1.00
[INFO ][2016-01-14 12:26:20,859][com.java.SeleniumDriver] [  930] -  RESULT true
[INFO ][2016-01-14 12:26:20,859][com.java.SeleniumDriver] [ 1136] - ?   P A S S   ?
[INFO ][2016-01-14 12:26:20,859][com.java.SeleniumDriver] [  856] - ------------------------------------------
[INFO ][2016-01-14 12:26:20,859][com.java.SeleniumDriver] [  857] - Test case being Executed: 12
[INFO ][2016-01-14 12:26:20,859][com.java.SeleniumDriver] [  869] - Test step:16
[INFO ][2016-01-14 12:26:20,859][com.java.SeleniumDriver] [  881] - Datavalue is----------Historical
[INFO ][2016-01-14 12:26:20,859][com.java.SeleniumDriver] [  905] - DataField : TXTtxtWeight
[INFO ][2016-01-14 12:26:20,859][com.java.SeleniumDriver] [  907] - DataValue : Historical
[INFO ][2016-01-14 12:26:20,860][com.java.SeleniumDriver] [  913] - <In Set values of the page>
[INFO ][2016-01-14 12:26:20,860][com.java.SeleniumDriver] [  916] - {Data Fields & Data Values Exist}
[INFO ][2016-01-14 12:26:20,860][com.java.SeleniumDriver] [  918] - --------------------------setting values-----------------------------
[INFO ][2016-01-14 12:26:20,860][com.java.SeleniumDriver] [  921] - Action Type : STOREVALUE
[INFO ][2016-01-14 12:26:20,860][com.java.TestType] [ 9065] - field= TXTtxtWeight
[DEBUG][2016-01-14 12:26:21,942][com.java.TestType] [ 9079] - Key:: Historical  Value:: 1.00
[INFO ][2016-01-14 12:26:21,942][com.java.SeleniumDriver] [  930] -  RESULT true
[INFO ][2016-01-14 12:26:21,942][com.java.SeleniumDriver] [ 1136] - ?   P A S S   ?
[INFO ][2016-01-14 12:26:21,942][com.java.SeleniumDriver] [  856] - ------------------------------------------
[INFO ][2016-01-14 12:26:21,942][com.java.SeleniumDriver] [  857] - Test case being Executed: 12
[INFO ][2016-01-14 12:26:21,942][com.java.SeleniumDriver] [  869] - Test step:17
[INFO ][2016-01-14 12:26:21,942][com.java.SeleniumDriver] [  881] - Datavalue is----------3
[INFO ][2016-01-14 12:26:21,942][com.java.SeleniumDriver] [  905] - DataField : test
[INFO ][2016-01-14 12:26:21,942][com.java.SeleniumDriver] [  907] - DataValue : 3
[INFO ][2016-01-14 12:26:21,943][com.java.SeleniumDriver] [  913] - <In Set values of the page>
[INFO ][2016-01-14 12:26:21,943][com.java.SeleniumDriver] [  916] - {Data Fields & Data Values Exist}
[INFO ][2016-01-14 12:26:21,943][com.java.SeleniumDriver] [  918] - --------------------------setting values-----------------------------
[INFO ][2016-01-14 12:26:21,943][com.java.SeleniumDriver] [  921] - Action Type : WAITTIME
[DEBUG][2016-01-14 12:26:21,943][com.java.TestType] [ 5950] - sleepTime: 3000
[INFO ][2016-01-14 12:26:24,944][com.java.SeleniumDriver] [  930] -  RESULT true
[INFO ][2016-01-14 12:26:24,944][com.java.SeleniumDriver] [ 1136] - ?   P A S S   ?
[INFO ][2016-01-14 12:26:24,944][com.java.SeleniumDriver] [  856] - ------------------------------------------
[INFO ][2016-01-14 12:26:24,944][com.java.SeleniumDriver] [  857] - Test case being Executed: 12
[INFO ][2016-01-14 12:26:24,944][com.java.SeleniumDriver] [  869] - Test step:18
[INFO ][2016-01-14 12:26:24,944][com.java.SeleniumDriver] [  881] - Datavalue is----------1.20
[INFO ][2016-01-14 12:26:24,944][com.java.SeleniumDriver] [  905] - DataField : TXTtxtWeight1
[INFO ][2016-01-14 12:26:24,944][com.java.SeleniumDriver] [  907] - DataValue : 1.20
[INFO ][2016-01-14 12:26:24,944][com.java.SeleniumDriver] [  913] - <In Set values of the page>
[INFO ][2016-01-14 12:26:24,944][com.java.SeleniumDriver] [  916] - {Data Fields & Data Values Exist}
[INFO ][2016-01-14 12:26:24,944][com.java.SeleniumDriver] [  918] - --------------------------setting values-----------------------------
[INFO ][2016-01-14 12:26:24,944][com.java.SeleniumDriver] [  921] - Action Type : CLEARANDENTER
[INFO ][2016-01-14 12:26:26,089][com.java.TestType] [ 6136] - value = 1.20
[INFO ][2016-01-14 12:26:27,242][com.java.SeleniumDriver] [  930] -  RESULT true
[INFO ][2016-01-14 12:26:27,242][com.java.SeleniumDriver] [ 1136] - ?   P A S S   ?
[INFO ][2016-01-14 12:26:27,242][com.java.SeleniumDriver] [  856] - ------------------------------------------
[INFO ][2016-01-14 12:26:27,242][com.java.SeleniumDriver] [  857] - Test case being Executed: 12
[INFO ][2016-01-14 12:26:27,242][com.java.SeleniumDriver] [  869] - Test step:19
[INFO ][2016-01-14 12:26:27,242][com.java.SeleniumDriver] [  881] - Datavalue is----------Economic
[INFO ][2016-01-14 12:26:27,242][com.java.SeleniumDriver] [  905] - DataField : TXTtxtWeight1
[INFO ][2016-01-14 12:26:27,242][com.java.SeleniumDriver] [  907] - DataValue : Economic
[INFO ][2016-01-14 12:26:27,242][com.java.SeleniumDriver] [  913] - <In Set values of the page>
[INFO ][2016-01-14 12:26:27,242][com.java.SeleniumDriver] [  916] - {Data Fields & Data Values Exist}
[INFO ][2016-01-14 12:26:27,243][com.java.SeleniumDriver] [  918] - --------------------------setting values-----------------------------
[INFO ][2016-01-14 12:26:27,243][com.java.SeleniumDriver] [  921] - Action Type : STOREVALUE
[INFO ][2016-01-14 12:26:27,243][com.java.TestType] [ 9065] - field= TXTtxtWeight1
[DEBUG][2016-01-14 12:26:28,327][com.java.TestType] [ 9079] - Key:: Economic  Value:: 1.20
[INFO ][2016-01-14 12:26:28,328][com.java.SeleniumDriver] [  930] -  RESULT true
[INFO ][2016-01-14 12:26:28,328][com.java.SeleniumDriver] [ 1136] - ?   P A S S   ?
[INFO ][2016-01-14 12:26:28,328][com.java.SeleniumDriver] [  856] - ------------------------------------------
[INFO ][2016-01-14 12:26:28,328][com.java.SeleniumDriver] [  857] - Test case being Executed: 12
[INFO ][2016-01-14 12:26:28,328][com.java.SeleniumDriver] [  869] - Test step:20
[INFO ][2016-01-14 12:26:28,328][com.java.SeleniumDriver] [  881] - Datavalue is----------3
[INFO ][2016-01-14 12:26:28,328][com.java.SeleniumDriver] [  905] - DataField : test
[INFO ][2016-01-14 12:26:28,328][com.java.SeleniumDriver] [  907] - DataValue : 3
[INFO ][2016-01-14 12:26:28,329][com.java.SeleniumDriver] [  913] - <In Set values of the page>
[INFO ][2016-01-14 12:26:28,329][com.java.SeleniumDriver] [  916] - {Data Fields & Data Values Exist}
[INFO ][2016-01-14 12:26:28,329][com.java.SeleniumDriver] [  918] - --------------------------setting values-----------------------------
[INFO ][2016-01-14 12:26:28,329][com.java.SeleniumDriver] [  921] - Action Type : WAITTIME
[DEBUG][2016-01-14 12:26:28,329][com.java.TestType] [ 5950] - sleepTime: 3000
[INFO ][2016-01-14 12:26:31,329][com.java.SeleniumDriver] [  930] -  RESULT true
[INFO ][2016-01-14 12:26:31,329][com.java.SeleniumDriver] [ 1136] - ?   P A S S   ?
[INFO ][2016-01-14 12:26:31,329][com.java.SeleniumDriver] [  856] - ------------------------------------------
[INFO ][2016-01-14 12:26:31,329][com.java.SeleniumDriver] [  857] - Test case being Executed: 12
[INFO ][2016-01-14 12:26:31,329][com.java.SeleniumDriver] [  869] - Test step:21
[INFO ][2016-01-14 12:26:31,329][com.java.SeleniumDriver] [  881] - Datavalue is----------0.50
[INFO ][2016-01-14 12:26:31,329][com.java.SeleniumDriver] [  905] - DataField : TXTtxtWeight2
[INFO ][2016-01-14 12:26:31,329][com.java.SeleniumDriver] [  907] - DataValue : 0.50
[INFO ][2016-01-14 12:26:31,329][com.java.SeleniumDriver] [  913] - <In Set values of the page>
[INFO ][2016-01-14 12:26:31,329][com.java.SeleniumDriver] [  916] - {Data Fields & Data Values Exist}
[INFO ][2016-01-14 12:26:31,329][com.java.SeleniumDriver] [  918] - --------------------------setting values-----------------------------
[INFO ][2016-01-14 12:26:31,329][com.java.SeleniumDriver] [  921] - Action Type : CLEARANDENTER
[INFO ][2016-01-14 12:26:32,474][com.java.TestType] [ 6136] - value = 0.50
[INFO ][2016-01-14 12:26:33,627][com.java.SeleniumDriver] [  930] -  RESULT true
[INFO ][2016-01-14 12:26:33,627][com.java.SeleniumDriver] [ 1136] - ?   P A S S   ?
[INFO ][2016-01-14 12:26:33,627][com.java.SeleniumDriver] [  856] - ------------------------------------------
[INFO ][2016-01-14 12:26:33,627][com.java.SeleniumDriver] [  857] - Test case being Executed: 12
[INFO ][2016-01-14 12:26:33,627][com.java.SeleniumDriver] [  869] - Test step:22
[INFO ][2016-01-14 12:26:33,627][com.java.SeleniumDriver] [  881] - Datavalue is----------Other
[INFO ][2016-01-14 12:26:33,627][com.java.SeleniumDriver] [  905] - DataField : TXTtxtWeight2
[INFO ][2016-01-14 12:26:33,627][com.java.SeleniumDriver] [  907] - DataValue : Other
[INFO ][2016-01-14 12:26:33,627][com.java.SeleniumDriver] [  913] - <In Set values of the page>
[INFO ][2016-01-14 12:26:33,628][com.java.SeleniumDriver] [  916] - {Data Fields & Data Values Exist}
[INFO ][2016-01-14 12:26:33,629][com.java.SeleniumDriver] [  918] - --------------------------setting values-----------------------------
[INFO ][2016-01-14 12:26:33,629][com.java.SeleniumDriver] [  921] - Action Type : STOREVALUE
[INFO ][2016-01-14 12:26:33,629][com.java.TestType] [ 9065] - field= TXTtxtWeight2
[DEBUG][2016-01-14 12:26:34,701][com.java.TestType] [ 9079] - Key:: Other  Value:: 0.50
[INFO ][2016-01-14 12:26:34,701][com.java.SeleniumDriver] [  930] -  RESULT true
[INFO ][2016-01-14 12:26:34,701][com.java.SeleniumDriver] [ 1136] - ?   P A S S   ?
[INFO ][2016-01-14 12:26:34,701][com.java.SeleniumDriver] [  856] - ------------------------------------------
[INFO ][2016-01-14 12:26:34,701][com.java.SeleniumDriver] [  857] - Test case being Executed: 12
[INFO ][2016-01-14 12:26:34,701][com.java.SeleniumDriver] [  869] - Test step:23
[INFO ][2016-01-14 12:26:34,701][com.java.SeleniumDriver] [  881] - Datavalue is----------3
[INFO ][2016-01-14 12:26:34,701][com.java.SeleniumDriver] [  905] - DataField : test
[INFO ][2016-01-14 12:26:34,701][com.java.SeleniumDriver] [  907] - DataValue : 3
[INFO ][2016-01-14 12:26:34,701][com.java.SeleniumDriver] [  913] - <In Set values of the page>
[INFO ][2016-01-14 12:26:34,701][com.java.SeleniumDriver] [  916] - {Data Fields & Data Values Exist}
[INFO ][2016-01-14 12:26:34,702][com.java.SeleniumDriver] [  918] - --------------------------setting values-----------------------------
[INFO ][2016-01-14 12:26:34,702][com.java.SeleniumDriver] [  921] - Action Type : WAITTIME
[DEBUG][2016-01-14 12:26:34,702][com.java.TestType] [ 5950] - sleepTime: 3000
[INFO ][2016-01-14 12:26:37,702][com.java.SeleniumDriver] [  930] -  RESULT true
[INFO ][2016-01-14 12:26:37,702][com.java.SeleniumDriver] [ 1136] - ?   P A S S   ?
[INFO ][2016-01-14 12:26:37,702][com.java.SeleniumDriver] [  856] - ------------------------------------------
[INFO ][2016-01-14 12:26:37,702][com.java.SeleniumDriver] [  857] - Test case being Executed: 12
[INFO ][2016-01-14 12:26:37,702][com.java.SeleniumDriver] [  869] - Test step:24
[INFO ][2016-01-14 12:26:37,702][com.java.SeleniumDriver] [  881] - Datavalue is----------null
[DEBUG][2016-01-14 12:26:37,702][com.java.SeleniumDriver] [  899] - Exception: null
[INFO ][2016-01-14 12:26:37,702][com.java.SeleniumDriver] [  905] - DataField : BTNchkRated
[INFO ][2016-01-14 12:26:37,702][com.java.SeleniumDriver] [  907] - DataValue : 
[INFO ][2016-01-14 12:26:37,702][com.java.SeleniumDriver] [  913] - <In Set values of the page>
[INFO ][2016-01-14 12:26:37,702][com.java.SeleniumDriver] [  916] - {Data Fields & Data Values Exist}
[INFO ][2016-01-14 12:26:37,703][com.java.SeleniumDriver] [  918] - --------------------------setting values-----------------------------
[INFO ][2016-01-14 12:26:37,703][com.java.SeleniumDriver] [  921] - Action Type : CLICK
[INFO ][2016-01-14 12:26:37,703][com.java.TestType] [ 6515] - Field ::BTNchkRated
[INFO ][2016-01-14 12:26:37,703][com.java.TestType] [ 6136] - value = 
[INFO ][2016-01-14 12:26:38,703][com.java.TestType] [ 6631] - BEFORE CLICK
[INFO ][2016-01-14 12:26:39,885][com.java.TestType] [ 6638] - Unable to click the object RatedLoan checkbox
[INFO ][2016-01-14 12:26:39,885][com.java.SeleniumDriver] [  930] -  RESULT true
[INFO ][2016-01-14 12:26:39,885][com.java.SeleniumDriver] [ 1136] - ?   P A S S   ?
[INFO ][2016-01-14 12:26:39,885][com.java.SeleniumDriver] [  856] - ------------------------------------------
[INFO ][2016-01-14 12:26:39,885][com.java.SeleniumDriver] [  857] - Test case being Executed: 12
[INFO ][2016-01-14 12:26:39,885][com.java.SeleniumDriver] [  869] - Test step:25
[INFO ][2016-01-14 12:26:39,885][com.java.SeleniumDriver] [  881] - Datavalue is----------null
[DEBUG][2016-01-14 12:26:39,886][com.java.SeleniumDriver] [  899] - Exception: null
[INFO ][2016-01-14 12:26:39,886][com.java.SeleniumDriver] [  905] - DataField : BTNparent
[INFO ][2016-01-14 12:26:39,886][com.java.SeleniumDriver] [  907] - DataValue : 
[INFO ][2016-01-14 12:26:39,886][com.java.SeleniumDriver] [  913] - <In Set values of the page>
[INFO ][2016-01-14 12:26:39,886][com.java.SeleniumDriver] [  916] - {Data Fields & Data Values Exist}
[INFO ][2016-01-14 12:26:39,886][com.java.SeleniumDriver] [  918] - --------------------------setting values-----------------------------
[INFO ][2016-01-14 12:26:39,886][com.java.SeleniumDriver] [  921] - Action Type : SELECTFRAME
[INFO ][2016-01-14 12:26:39,901][com.java.SeleniumDriver] [  930] -  RESULT true
[INFO ][2016-01-14 12:26:39,901][com.java.SeleniumDriver] [ 1136] - ?   P A S S   ?
[INFO ][2016-01-14 12:26:39,901][com.java.SeleniumDriver] [  856] - ------------------------------------------
[INFO ][2016-01-14 12:26:39,901][com.java.SeleniumDriver] [  857] - Test case being Executed: 12
[INFO ][2016-01-14 12:26:39,901][com.java.SeleniumDriver] [  869] - Test step:26
[INFO ][2016-01-14 12:26:39,901][com.java.SeleniumDriver] [  881] - Datavalue is----------5
[INFO ][2016-01-14 12:26:39,901][com.java.SeleniumDriver] [  905] - DataField : XPH//span[contains(text(), 'Update')]
[INFO ][2016-01-14 12:26:39,903][com.java.SeleniumDriver] [  907] - DataValue : 5
[INFO ][2016-01-14 12:26:39,903][com.java.SeleniumDriver] [  913] - <In Set values of the page>
[INFO ][2016-01-14 12:26:39,903][com.java.SeleniumDriver] [  916] - {Data Fields & Data Values Exist}
[INFO ][2016-01-14 12:26:39,903][com.java.SeleniumDriver] [  918] - --------------------------setting values-----------------------------
[INFO ][2016-01-14 12:26:39,903][com.java.SeleniumDriver] [  921] - Action Type : WAITFORELEMENT
[INFO ][2016-01-14 12:26:39,938][com.java.SeleniumDriver] [  930] -  RESULT true
[INFO ][2016-01-14 12:26:39,938][com.java.SeleniumDriver] [ 1136] - ?   P A S S   ?
[INFO ][2016-01-14 12:26:39,938][com.java.SeleniumDriver] [  856] - ------------------------------------------
[INFO ][2016-01-14 12:26:39,938][com.java.SeleniumDriver] [  857] - Test case being Executed: 12
[INFO ][2016-01-14 12:26:39,938][com.java.SeleniumDriver] [  869] - Test step:27
[INFO ][2016-01-14 12:26:39,938][com.java.SeleniumDriver] [  881] - Datavalue is----------null
[DEBUG][2016-01-14 12:26:39,938][com.java.SeleniumDriver] [  899] - Exception: null
[INFO ][2016-01-14 12:26:39,939][com.java.SeleniumDriver] [  905] - DataField : XPH//span[contains(text(), 'Update')]
[INFO ][2016-01-14 12:26:39,939][com.java.SeleniumDriver] [  907] - DataValue : 
[INFO ][2016-01-14 12:26:39,939][com.java.SeleniumDriver] [  913] - <In Set values of the page>
[INFO ][2016-01-14 12:26:39,939][com.java.SeleniumDriver] [  916] - {Data Fields & Data Values Exist}
[INFO ][2016-01-14 12:26:39,939][com.java.SeleniumDriver] [  918] - --------------------------setting values-----------------------------
[INFO ][2016-01-14 12:26:39,939][com.java.SeleniumDriver] [  921] - Action Type : CLICK
[INFO ][2016-01-14 12:26:39,940][com.java.TestType] [ 6515] - Field ::XPH//span[contains(text(), 'Update')]
[INFO ][2016-01-14 12:26:39,940][com.java.TestType] [ 6136] - value = 
[INFO ][2016-01-14 12:26:40,940][com.java.TestType] [ 6652] - BEFORE CLICK
[INFO ][2016-01-14 12:26:41,829][com.java.TestType] [ 6660] - Unable to click the object Update button
[INFO ][2016-01-14 12:26:41,829][com.java.SeleniumDriver] [  930] -  RESULT true
[INFO ][2016-01-14 12:26:41,829][com.java.SeleniumDriver] [ 1136] - ?   P A S S   ?
[INFO ][2016-01-14 12:26:41,829][com.java.SeleniumDriver] [  856] - ------------------------------------------
[INFO ][2016-01-14 12:26:41,829][com.java.SeleniumDriver] [  857] - Test case being Executed: 12
[INFO ][2016-01-14 12:26:41,829][com.java.SeleniumDriver] [  869] - Test step:28
[INFO ][2016-01-14 12:26:41,829][com.java.SeleniumDriver] [  881] - Datavalue is----------5
[INFO ][2016-01-14 12:26:41,829][com.java.SeleniumDriver] [  905] - DataField : XPH//span[contains(text(), 'Rated Loan Categories')]
[INFO ][2016-01-14 12:26:41,829][com.java.SeleniumDriver] [  907] - DataValue : 5
[INFO ][2016-01-14 12:26:41,829][com.java.SeleniumDriver] [  913] - <In Set values of the page>
[INFO ][2016-01-14 12:26:41,829][com.java.SeleniumDriver] [  916] - {Data Fields & Data Values Exist}
[INFO ][2016-01-14 12:26:41,829][com.java.SeleniumDriver] [  918] - --------------------------setting values-----------------------------
[INFO ][2016-01-14 12:26:41,829][com.java.SeleniumDriver] [  921] - Action Type : WAITFORELEMENT
[INFO ][2016-01-14 12:26:41,866][com.java.SeleniumDriver] [  930] -  RESULT true
[INFO ][2016-01-14 12:26:41,866][com.java.SeleniumDriver] [ 1136] - ?   P A S S   ?
[INFO ][2016-01-14 12:26:41,866][com.java.SeleniumDriver] [  856] - ------------------------------------------
[INFO ][2016-01-14 12:26:41,866][com.java.SeleniumDriver] [  857] - Test case being Executed: 12
[INFO ][2016-01-14 12:26:41,866][com.java.SeleniumDriver] [  869] - Test step:29
[INFO ][2016-01-14 12:26:41,866][com.java.SeleniumDriver] [  881] - Datavalue is----------null
[DEBUG][2016-01-14 12:26:41,866][com.java.SeleniumDriver] [  899] - Exception: null
[INFO ][2016-01-14 12:26:41,867][com.java.SeleniumDriver] [  905] - DataField : BTNframeDialogContent
[INFO ][2016-01-14 12:26:41,867][com.java.SeleniumDriver] [  907] - DataValue : 
[INFO ][2016-01-14 12:26:41,867][com.java.SeleniumDriver] [  913] - <In Set values of the page>
[INFO ][2016-01-14 12:26:41,867][com.java.SeleniumDriver] [  916] - {Data Fields & Data Values Exist}
[INFO ][2016-01-14 12:26:41,867][com.java.SeleniumDriver] [  918] - --------------------------setting values-----------------------------
[INFO ][2016-01-14 12:26:41,867][com.java.SeleniumDriver] [  921] - Action Type : SELECTFRAME
[INFO ][2016-01-14 12:26:43,222][com.java.SeleniumDriver] [  930] -  RESULT true
[INFO ][2016-01-14 12:26:43,222][com.java.SeleniumDriver] [ 1136] - ?   P A S S   ?
[INFO ][2016-01-14 12:26:43,222][com.java.SeleniumDriver] [  856] - ------------------------------------------
[INFO ][2016-01-14 12:26:43,222][com.java.SeleniumDriver] [  857] - Test case being Executed: 12
[INFO ][2016-01-14 12:26:43,224][com.java.SeleniumDriver] [  869] - Test step:30
[INFO ][2016-01-14 12:26:43,224][com.java.SeleniumDriver] [  881] - Datavalue is----------HMVTest
[INFO ][2016-01-14 12:26:43,224][com.java.SeleniumDriver] [  905] - DataField : MSG
[INFO ][2016-01-14 12:26:43,224][com.java.SeleniumDriver] [  907] - DataValue : HMVTest
[INFO ][2016-01-14 12:26:43,224][com.java.SeleniumDriver] [  913] - <In Set values of the page>
[INFO ][2016-01-14 12:26:43,224][com.java.SeleniumDriver] [  916] - {Data Fields & Data Values Exist}
[INFO ][2016-01-14 12:26:43,225][com.java.SeleniumDriver] [  918] - --------------------------setting values-----------------------------
[INFO ][2016-01-14 12:26:43,225][com.java.SeleniumDriver] [  921] - Action Type : VERIFY
[INFO ][2016-01-14 12:26:43,225][com.java.TestType] [ 7638] - field= MSG value= HMVTest
[INFO ][2016-01-14 12:26:43,225][com.java.TestType] [ 6136] - value = VLTest70129
[DEBUG][2016-01-14 12:26:43,225][com.java.TestType] [ 8468] - value :: VLTest70129
[INFO ][2016-01-14 12:26:43,242][com.java.SeleniumDriver] [  930] -  RESULT true
[INFO ][2016-01-14 12:26:43,242][com.java.SeleniumDriver] [ 1136] - ?   P A S S   ?
[INFO ][2016-01-14 12:26:43,242][com.java.SeleniumDriver] [  856] - ------------------------------------------
[INFO ][2016-01-14 12:26:43,242][com.java.SeleniumDriver] [  857] - Test case being Executed: 12
[INFO ][2016-01-14 12:26:43,242][com.java.SeleniumDriver] [  869] - Test step:31
[INFO ][2016-01-14 12:26:43,242][com.java.SeleniumDriver] [  881] - Datavalue is----------null
[DEBUG][2016-01-14 12:26:43,242][com.java.SeleniumDriver] [  899] - Exception: null
[INFO ][2016-01-14 12:26:43,243][com.java.SeleniumDriver] [  905] - DataField : BTNparent
[INFO ][2016-01-14 12:26:43,243][com.java.SeleniumDriver] [  907] - DataValue : 
[INFO ][2016-01-14 12:26:43,243][com.java.SeleniumDriver] [  913] - <In Set values of the page>
[INFO ][2016-01-14 12:26:43,243][com.java.SeleniumDriver] [  916] - {Data Fields & Data Values Exist}
[INFO ][2016-01-14 12:26:43,243][com.java.SeleniumDriver] [  918] - --------------------------setting values-----------------------------
[INFO ][2016-01-14 12:26:43,243][com.java.SeleniumDriver] [  921] - Action Type : SELECTFRAME
[INFO ][2016-01-14 12:26:43,258][com.java.SeleniumDriver] [  930] -  RESULT true
[INFO ][2016-01-14 12:26:43,258][com.java.SeleniumDriver] [ 1136] - ?   P A S S   ?
[INFO ][2016-01-14 12:26:43,258][com.java.SeleniumDriver] [  856] - ------------------------------------------
[INFO ][2016-01-14 12:26:43,258][com.java.SeleniumDriver] [  857] - Test case being Executed: 12
[INFO ][2016-01-14 12:26:43,259][com.java.SeleniumDriver] [  869] - Test step:32
[INFO ][2016-01-14 12:26:43,259][com.java.SeleniumDriver] [  881] - Datavalue is----------null
[DEBUG][2016-01-14 12:26:43,259][com.java.SeleniumDriver] [  899] - Exception: null
[INFO ][2016-01-14 12:26:43,259][com.java.SeleniumDriver] [  905] - DataField : XPH//span[contains(text(), 'Update')]
[INFO ][2016-01-14 12:26:43,259][com.java.SeleniumDriver] [  907] - DataValue : 
[INFO ][2016-01-14 12:26:43,259][com.java.SeleniumDriver] [  913] - <In Set values of the page>
[INFO ][2016-01-14 12:26:43,259][com.java.SeleniumDriver] [  916] - {Data Fields & Data Values Exist}
[INFO ][2016-01-14 12:26:43,259][com.java.SeleniumDriver] [  918] - --------------------------setting values-----------------------------
[INFO ][2016-01-14 12:26:43,259][com.java.SeleniumDriver] [  921] - Action Type : CLICK
[INFO ][2016-01-14 12:26:43,260][com.java.TestType] [ 6515] - Field ::XPH//span[contains(text(), 'Update')]
[INFO ][2016-01-14 12:26:43,260][com.java.TestType] [ 6136] - value = 
[INFO ][2016-01-14 12:26:44,260][com.java.TestType] [ 6652] - BEFORE CLICK
[INFO ][2016-01-14 12:26:45,446][com.java.TestType] [ 6660] - Unable to click the object Update button
[INFO ][2016-01-14 12:26:45,446][com.java.SeleniumDriver] [  930] -  RESULT true
[INFO ][2016-01-14 12:26:45,446][com.java.SeleniumDriver] [ 1136] - ?   P A S S   ?
[INFO ][2016-01-14 12:26:45,446][com.java.SeleniumDriver] [  856] - ------------------------------------------
[INFO ][2016-01-14 12:26:45,446][com.java.SeleniumDriver] [  857] - Test case being Executed: 12
[INFO ][2016-01-14 12:26:45,447][com.java.SeleniumDriver] [  869] - Test step:33
[INFO ][2016-01-14 12:26:45,447][com.java.SeleniumDriver] [  881] - Datavalue is----------3
[INFO ][2016-01-14 12:26:45,447][com.java.SeleniumDriver] [  905] - DataField : XPH//div[contains(text(), 'My Dashboard')]
[INFO ][2016-01-14 12:26:45,447][com.java.SeleniumDriver] [  907] - DataValue : 3
[INFO ][2016-01-14 12:26:45,447][com.java.SeleniumDriver] [  913] - <In Set values of the page>
[INFO ][2016-01-14 12:26:45,447][com.java.SeleniumDriver] [  916] - {Data Fields & Data Values Exist}
[INFO ][2016-01-14 12:26:45,447][com.java.SeleniumDriver] [  918] - --------------------------setting values-----------------------------
[INFO ][2016-01-14 12:26:45,447][com.java.SeleniumDriver] [  921] - Action Type : WAITFORELEMENT
[INFO ][2016-01-14 12:26:45,482][com.java.SeleniumDriver] [  930] -  RESULT true
[INFO ][2016-01-14 12:26:45,482][com.java.SeleniumDriver] [ 1136] - ?   P A S S   ?
[INFO ][2016-01-14 12:26:45,482][com.java.SeleniumDriver] [  856] - ------------------------------------------
[INFO ][2016-01-14 12:26:45,482][com.java.SeleniumDriver] [  857] - Test case being Executed: 12
[INFO ][2016-01-14 12:26:45,482][com.java.SeleniumDriver] [  869] - Test step:34
[INFO ][2016-01-14 12:26:45,484][com.java.SeleniumDriver] [  881] - Datavalue is----------My Dashboard
[INFO ][2016-01-14 12:26:45,484][com.java.SeleniumDriver] [  905] - DataField : XPH//div[contains(text(), 'My Dashboard')]
[INFO ][2016-01-14 12:26:45,484][com.java.SeleniumDriver] [  907] - DataValue : My Dashboard
[INFO ][2016-01-14 12:26:45,484][com.java.SeleniumDriver] [  913] - <In Set values of the page>
[INFO ][2016-01-14 12:26:45,484][com.java.SeleniumDriver] [  916] - {Data Fields & Data Values Exist}
[INFO ][2016-01-14 12:26:45,484][com.java.SeleniumDriver] [  918] - --------------------------setting values-----------------------------
[INFO ][2016-01-14 12:26:45,484][com.java.SeleniumDriver] [  921] - Action Type : VERIFY
[INFO ][2016-01-14 12:26:45,484][com.java.TestType] [ 7638] - field= XPH//div[contains(text(), 'My Dashboard')] value= My Dashboard
[INFO ][2016-01-14 12:26:45,485][com.java.TestType] [ 6136] - value = My Dashboard
[INFO ][2016-01-14 12:26:45,621][com.java.SeleniumDriver] [  930] -  RESULT true
[INFO ][2016-01-14 12:26:45,621][com.java.SeleniumDriver] [ 1136] - ?   P A S S   ?
[INFO ][2016-01-14 12:26:45,621][com.java.SeleniumDriver] [  856] - ------------------------------------------
[INFO ][2016-01-14 12:26:45,621][com.java.SeleniumDriver] [  857] - Test case being Executed: 12
[INFO ][2016-01-14 12:26:45,621][com.java.SeleniumDriver] [  869] - Test step:35
[INFO ][2016-01-14 12:26:45,621][com.java.SeleniumDriver] [  881] - Datavalue is----------null
[DEBUG][2016-01-14 12:26:45,622][com.java.SeleniumDriver] [  899] - Exception: null
[INFO ][2016-01-14 12:26:45,622][com.java.SeleniumDriver] [  905] - DataField : //span[@class='icon-user4']&&//a[text()='Company Settings']&&//a[@data-id="RatedLoans"]
[INFO ][2016-01-14 12:26:45,622][com.java.SeleniumDriver] [  907] - DataValue : 
[INFO ][2016-01-14 12:26:45,622][com.java.SeleniumDriver] [  913] - <In Set values of the page>
[INFO ][2016-01-14 12:26:45,622][com.java.SeleniumDriver] [  916] - {Data Fields & Data Values Exist}
[INFO ][2016-01-14 12:26:45,622][com.java.SeleniumDriver] [  918] - --------------------------setting values-----------------------------
[INFO ][2016-01-14 12:26:45,622][com.java.SeleniumDriver] [  921] - Action Type : MOUSEOVER
[INFO ][2016-01-14 12:27:12,416][com.java.SeleniumDriver] [  930] -  RESULT true
[INFO ][2016-01-14 12:27:12,416][com.java.SeleniumDriver] [ 1136] - ?   P A S S   ?
[INFO ][2016-01-14 12:27:12,416][com.java.SeleniumDriver] [  856] - ------------------------------------------
[INFO ][2016-01-14 12:27:12,416][com.java.SeleniumDriver] [  857] - Test case being Executed: 12
[INFO ][2016-01-14 12:27:12,416][com.java.SeleniumDriver] [  869] - Test step:36
[INFO ][2016-01-14 12:27:12,416][com.java.SeleniumDriver] [  881] - Datavalue is----------Rated Loan Categories
[INFO ][2016-01-14 12:27:12,416][com.java.SeleniumDriver] [  905] - DataField : XPH//span[contains(text(), 'Rated Loan Categories')]
[INFO ][2016-01-14 12:27:12,416][com.java.SeleniumDriver] [  907] - DataValue : Rated Loan Categories
[INFO ][2016-01-14 12:27:12,416][com.java.SeleniumDriver] [  913] - <In Set values of the page>
[INFO ][2016-01-14 12:27:12,416][com.java.SeleniumDriver] [  916] - {Data Fields & Data Values Exist}
[INFO ][2016-01-14 12:27:12,416][com.java.SeleniumDriver] [  918] - --------------------------setting values-----------------------------
[INFO ][2016-01-14 12:27:12,418][com.java.SeleniumDriver] [  921] - Action Type : VERIFY
[INFO ][2016-01-14 12:27:12,418][com.java.TestType] [ 7638] - field= XPH//span[contains(text(), 'Rated Loan Categories')] value= Rated Loan Categories
[INFO ][2016-01-14 12:27:12,418][com.java.TestType] [ 6136] - value = Rated Loan Categories
[INFO ][2016-01-14 12:27:12,535][com.java.SeleniumDriver] [  930] -  RESULT true
[INFO ][2016-01-14 12:27:12,535][com.java.SeleniumDriver] [ 1136] - ?   P A S S   ?
[INFO ][2016-01-14 12:27:12,535][com.java.SeleniumDriver] [  856] - ------------------------------------------
[INFO ][2016-01-14 12:27:12,535][com.java.SeleniumDriver] [  857] - Test case being Executed: 12
[INFO ][2016-01-14 12:27:12,535][com.java.SeleniumDriver] [  869] - Test step:37
[INFO ][2016-01-14 12:27:12,535][com.java.SeleniumDriver] [  881] - Datavalue is----------null
[DEBUG][2016-01-14 12:27:12,535][com.java.SeleniumDriver] [  899] - Exception: null
[INFO ][2016-01-14 12:27:12,535][com.java.SeleniumDriver] [  905] - DataField : BTNframeDialogContent
[INFO ][2016-01-14 12:27:12,535][com.java.SeleniumDriver] [  907] - DataValue : 
[INFO ][2016-01-14 12:27:12,536][com.java.SeleniumDriver] [  913] - <In Set values of the page>
[INFO ][2016-01-14 12:27:12,536][com.java.SeleniumDriver] [  916] - {Data Fields & Data Values Exist}
[INFO ][2016-01-14 12:27:12,536][com.java.SeleniumDriver] [  918] - --------------------------setting values-----------------------------
[INFO ][2016-01-14 12:27:12,536][com.java.SeleniumDriver] [  921] - Action Type : SELECTFRAME
[INFO ][2016-01-14 12:27:13,795][com.java.SeleniumDriver] [  930] -  RESULT true
[INFO ][2016-01-14 12:27:13,795][com.java.SeleniumDriver] [ 1136] - ?   P A S S   ?
[INFO ][2016-01-14 12:27:13,795][com.java.SeleniumDriver] [  856] - ------------------------------------------
[INFO ][2016-01-14 12:27:13,797][com.java.SeleniumDriver] [  857] - Test case being Executed: 12
[INFO ][2016-01-14 12:27:13,797][com.java.SeleniumDriver] [  869] - Test step:38
[INFO ][2016-01-14 12:27:13,797][com.java.SeleniumDriver] [  881] - Datavalue is----------Test
[INFO ][2016-01-14 12:27:13,797][com.java.SeleniumDriver] [  905] - DataField : MNC//table[@id="tblRatedLoans"]//input[@value='mytext']
[INFO ][2016-01-14 12:27:13,797][com.java.SeleniumDriver] [  907] - DataValue : Test
[INFO ][2016-01-14 12:27:13,797][com.java.SeleniumDriver] [  913] - <In Set values of the page>
[INFO ][2016-01-14 12:27:13,797][com.java.SeleniumDriver] [  916] - {Data Fields & Data Values Exist}
[INFO ][2016-01-14 12:27:13,798][com.java.SeleniumDriver] [  918] - --------------------------setting values-----------------------------
[INFO ][2016-01-14 12:27:13,798][com.java.SeleniumDriver] [  921] - Action Type : CLICK
[INFO ][2016-01-14 12:27:13,798][com.java.TestType] [ 6515] - Field ::MNC//table[@id="tblRatedLoans"]//input[@value='mytext']
[INFO ][2016-01-14 12:27:13,798][com.java.TestType] [ 6136] - value = Test
[INFO ][2016-01-14 12:27:14,941][com.java.SeleniumDriver] [  930] -  RESULT true
[INFO ][2016-01-14 12:27:14,941][com.java.SeleniumDriver] [ 1136] - ?   P A S S   ?
[INFO ][2016-01-14 12:27:14,941][com.java.SeleniumDriver] [  856] - ------------------------------------------
[INFO ][2016-01-14 12:27:14,941][com.java.SeleniumDriver] [  857] - Test case being Executed: 12
[INFO ][2016-01-14 12:27:14,941][com.java.SeleniumDriver] [  869] - Test step:39
[INFO ][2016-01-14 12:27:14,941][com.java.SeleniumDriver] [  881] - Datavalue is----------Test::Test1$%^2*
[INFO ][2016-01-14 12:27:14,941][com.java.SeleniumDriver] [  905] - DataField : PVP//table[@id="tblRatedLoans"]//input[@value='mytext']
[INFO ][2016-01-14 12:27:14,941][com.java.SeleniumDriver] [  907] - DataValue : Test::Test1$%^2*
[INFO ][2016-01-14 12:27:14,941][com.java.SeleniumDriver] [  913] - <In Set values of the page>
[INFO ][2016-01-14 12:27:14,941][com.java.SeleniumDriver] [  916] - {Data Fields & Data Values Exist}
[INFO ][2016-01-14 12:27:14,941][com.java.SeleniumDriver] [  918] - --------------------------setting values-----------------------------
[INFO ][2016-01-14 12:27:14,941][com.java.SeleniumDriver] [  921] - Action Type : CLEARANDENTER
[INFO ][2016-01-14 12:27:15,718][com.java.SeleniumDriver] [  930] -  RESULT true
[INFO ][2016-01-14 12:27:15,719][com.java.SeleniumDriver] [ 1136] - ?   P A S S   ?
[INFO ][2016-01-14 12:27:15,719][com.java.SeleniumDriver] [  856] - ------------------------------------------
[INFO ][2016-01-14 12:27:15,719][com.java.SeleniumDriver] [  857] - Test case being Executed: 12
[INFO ][2016-01-14 12:27:15,719][com.java.SeleniumDriver] [  869] - Test step:40
[INFO ][2016-01-14 12:27:15,719][com.java.SeleniumDriver] [  881] - Datavalue is----------Test::Description
[INFO ][2016-01-14 12:27:15,719][com.java.SeleniumDriver] [  905] - DataField : PVP//table[@id="tblRatedLoans"]//input[@value='mytext']
[INFO ][2016-01-14 12:27:15,719][com.java.SeleniumDriver] [  907] - DataValue : Test::Description
[INFO ][2016-01-14 12:27:15,719][com.java.SeleniumDriver] [  913] - <In Set values of the page>
[INFO ][2016-01-14 12:27:15,719][com.java.SeleniumDriver] [  916] - {Data Fields & Data Values Exist}
[INFO ][2016-01-14 12:27:15,719][com.java.SeleniumDriver] [  918] - --------------------------setting values-----------------------------
[INFO ][2016-01-14 12:27:15,719][com.java.SeleniumDriver] [  921] - Action Type : STOREVALUE
[INFO ][2016-01-14 12:27:15,719][com.java.TestType] [ 9065] - field= PVP//table[@id="tblRatedLoans"]//input[@value='mytext']
[DEBUG][2016-01-14 12:27:15,839][com.java.TestType] [ 9359] - Key:: Test::Description  Value:: Test1$%^2*
[INFO ][2016-01-14 12:27:15,839][com.java.SeleniumDriver] [  930] -  RESULT true
[INFO ][2016-01-14 12:27:15,839][com.java.SeleniumDriver] [ 1136] - ?   P A S S   ?
[INFO ][2016-01-14 12:27:15,839][com.java.SeleniumDriver] [  856] - ------------------------------------------
[INFO ][2016-01-14 12:27:15,839][com.java.SeleniumDriver] [  857] - Test case being Executed: 12
[INFO ][2016-01-14 12:27:15,839][com.java.SeleniumDriver] [  869] - Test step:41
[INFO ][2016-01-14 12:27:15,839][com.java.SeleniumDriver] [  881] - Datavalue is----------Test
[INFO ][2016-01-14 12:27:15,839][com.java.SeleniumDriver] [  905] - DataField : MNC//table[@id="tblRatedLoans"]//input[@value='mytext']/parent::td/following-sibling::td[1]/input
[INFO ][2016-01-14 12:27:15,839][com.java.SeleniumDriver] [  907] - DataValue : Test
[INFO ][2016-01-14 12:27:15,839][com.java.SeleniumDriver] [  913] - <In Set values of the page>
[INFO ][2016-01-14 12:27:15,840][com.java.SeleniumDriver] [  916] - {Data Fields & Data Values Exist}
[INFO ][2016-01-14 12:27:15,840][com.java.SeleniumDriver] [  918] - --------------------------setting values-----------------------------
[INFO ][2016-01-14 12:27:15,840][com.java.SeleniumDriver] [  921] - Action Type : CLICK
[INFO ][2016-01-14 12:27:15,840][com.java.TestType] [ 6515] - Field ::MNC//table[@id="tblRatedLoans"]//input[@value='mytext']/parent::td/following-sibling::td[1]/input
[INFO ][2016-01-14 12:27:15,840][com.java.TestType] [ 6136] - value = Test
[INFO ][2016-01-14 12:27:16,983][com.java.SeleniumDriver] [  930] -  RESULT true
[INFO ][2016-01-14 12:27:16,983][com.java.SeleniumDriver] [ 1136] - ?   P A S S   ?
[INFO ][2016-01-14 12:27:16,983][com.java.SeleniumDriver] [  856] - ------------------------------------------
[INFO ][2016-01-14 12:27:16,983][com.java.SeleniumDriver] [  857] - Test case being Executed: 12
[INFO ][2016-01-14 12:27:16,983][com.java.SeleniumDriver] [  869] - Test step:42
[INFO ][2016-01-14 12:27:16,983][com.java.SeleniumDriver] [  881] - Datavalue is----------Test::1.01
[INFO ][2016-01-14 12:27:16,983][com.java.SeleniumDriver] [  905] - DataField : PVP//table[@id="tblRatedLoans"]//input[@value='mytext']/parent::td/following-sibling::td[1]/input
[INFO ][2016-01-14 12:27:16,983][com.java.SeleniumDriver] [  907] - DataValue : Test::1.01
[INFO ][2016-01-14 12:27:16,983][com.java.SeleniumDriver] [  913] - <In Set values of the page>
[INFO ][2016-01-14 12:27:16,983][com.java.SeleniumDriver] [  916] - {Data Fields & Data Values Exist}
[INFO ][2016-01-14 12:27:16,983][com.java.SeleniumDriver] [  918] - --------------------------setting values-----------------------------
[INFO ][2016-01-14 12:27:16,984][com.java.SeleniumDriver] [  921] - Action Type : CLEARANDENTER
[INFO ][2016-01-14 12:27:17,217][com.java.SeleniumDriver] [  930] -  RESULT true
[INFO ][2016-01-14 12:27:17,217][com.java.SeleniumDriver] [ 1136] - ?   P A S S   ?
[INFO ][2016-01-14 12:27:17,217][com.java.SeleniumDriver] [  856] - ------------------------------------------
[INFO ][2016-01-14 12:27:17,217][com.java.SeleniumDriver] [  857] - Test case being Executed: 12
[INFO ][2016-01-14 12:27:17,217][com.java.SeleniumDriver] [  869] - Test step:43
[INFO ][2016-01-14 12:27:17,217][com.java.SeleniumDriver] [  881] - Datavalue is----------Test::Historical
[INFO ][2016-01-14 12:27:17,217][com.java.SeleniumDriver] [  905] - DataField : PVP//table[@id="tblRatedLoans"]//input[@value='mytext']/parent::td/following-sibling::td[1]/input
[INFO ][2016-01-14 12:27:17,217][com.java.SeleniumDriver] [  907] - DataValue : Test::Historical
[INFO ][2016-01-14 12:27:17,217][com.java.SeleniumDriver] [  913] - <In Set values of the page>
[INFO ][2016-01-14 12:27:17,217][com.java.SeleniumDriver] [  916] - {Data Fields & Data Values Exist}
[INFO ][2016-01-14 12:27:17,217][com.java.SeleniumDriver] [  918] - --------------------------setting values-----------------------------
[INFO ][2016-01-14 12:27:17,218][com.java.SeleniumDriver] [  921] - Action Type : STOREVALUE
[INFO ][2016-01-14 12:27:17,218][com.java.TestType] [ 9065] - field= PVP//table[@id="tblRatedLoans"]//input[@value='mytext']/parent::td/following-sibling::td[1]/input
[DEBUG][2016-01-14 12:27:17,329][com.java.TestType] [ 9359] - Key:: Test::Historical  Value:: 1.01
[INFO ][2016-01-14 12:27:17,329][com.java.SeleniumDriver] [  930] -  RESULT true
[INFO ][2016-01-14 12:27:17,329][com.java.SeleniumDriver] [ 1136] - ?   P A S S   ?
[INFO ][2016-01-14 12:27:17,329][com.java.SeleniumDriver] [  856] - ------------------------------------------
[INFO ][2016-01-14 12:27:17,329][com.java.SeleniumDriver] [  857] - Test case being Executed: 12
[INFO ][2016-01-14 12:27:17,329][com.java.SeleniumDriver] [  869] - Test step:44
[INFO ][2016-01-14 12:27:17,329][com.java.SeleniumDriver] [  881] - Datavalue is----------Test
[INFO ][2016-01-14 12:27:17,329][com.java.SeleniumDriver] [  905] - DataField : MNC//table[@id="tblRatedLoans"]//input[@value='mytext']/parent::td/following-sibling::td[2]/input
[INFO ][2016-01-14 12:27:17,329][com.java.SeleniumDriver] [  907] - DataValue : Test
[INFO ][2016-01-14 12:27:17,329][com.java.SeleniumDriver] [  913] - <In Set values of the page>
[INFO ][2016-01-14 12:27:17,330][com.java.SeleniumDriver] [  916] - {Data Fields & Data Values Exist}
[INFO ][2016-01-14 12:27:17,330][com.java.SeleniumDriver] [  918] - --------------------------setting values-----------------------------
[INFO ][2016-01-14 12:27:17,330][com.java.SeleniumDriver] [  921] - Action Type : CLICK
[INFO ][2016-01-14 12:27:17,330][com.java.TestType] [ 6515] - Field ::MNC//table[@id="tblRatedLoans"]//input[@value='mytext']/parent::td/following-sibling::td[2]/input
[INFO ][2016-01-14 12:27:17,330][com.java.TestType] [ 6136] - value = Test
[INFO ][2016-01-14 12:27:18,470][com.java.SeleniumDriver] [  930] -  RESULT true
[INFO ][2016-01-14 12:27:18,470][com.java.SeleniumDriver] [ 1136] - ?   P A S S   ?
[INFO ][2016-01-14 12:27:18,470][com.java.SeleniumDriver] [  856] - ------------------------------------------
[INFO ][2016-01-14 12:27:18,470][com.java.SeleniumDriver] [  857] - Test case being Executed: 12
[INFO ][2016-01-14 12:27:18,470][com.java.SeleniumDriver] [  869] - Test step:45
[INFO ][2016-01-14 12:27:18,470][com.java.SeleniumDriver] [  881] - Datavalue is----------Test::1.21
[INFO ][2016-01-14 12:27:18,470][com.java.SeleniumDriver] [  905] - DataField : PVP//table[@id="tblRatedLoans"]//input[@value='mytext']/parent::td/following-sibling::td[2]/input
[INFO ][2016-01-14 12:27:18,470][com.java.SeleniumDriver] [  907] - DataValue : Test::1.21
[INFO ][2016-01-14 12:27:18,470][com.java.SeleniumDriver] [  913] - <In Set values of the page>
[INFO ][2016-01-14 12:27:18,471][com.java.SeleniumDriver] [  916] - {Data Fields & Data Values Exist}
[INFO ][2016-01-14 12:27:18,471][com.java.SeleniumDriver] [  918] - --------------------------setting values-----------------------------
[INFO ][2016-01-14 12:27:18,471][com.java.SeleniumDriver] [  921] - Action Type : CLEARANDENTER
[INFO ][2016-01-14 12:27:18,696][com.java.SeleniumDriver] [  930] -  RESULT true
[INFO ][2016-01-14 12:27:18,696][com.java.SeleniumDriver] [ 1136] - ?   P A S S   ?
[INFO ][2016-01-14 12:27:18,697][com.java.SeleniumDriver] [  856] - ------------------------------------------
[INFO ][2016-01-14 12:27:18,698][com.java.SeleniumDriver] [  857] - Test case being Executed: 12
[INFO ][2016-01-14 12:27:18,698][com.java.SeleniumDriver] [  869] - Test step:46
[INFO ][2016-01-14 12:27:18,698][com.java.SeleniumDriver] [  881] - Datavalue is----------Test::Economic
[INFO ][2016-01-14 12:27:18,698][com.java.SeleniumDriver] [  905] - DataField : PVP//table[@id="tblRatedLoans"]//input[@value='mytext']/parent::td/following-sibling::td[2]/input
[INFO ][2016-01-14 12:27:18,698][com.java.SeleniumDriver] [  907] - DataValue : Test::Economic
[INFO ][2016-01-14 12:27:18,698][com.java.SeleniumDriver] [  913] - <In Set values of the page>
[INFO ][2016-01-14 12:27:18,698][com.java.SeleniumDriver] [  916] - {Data Fields & Data Values Exist}
[INFO ][2016-01-14 12:27:18,698][com.java.SeleniumDriver] [  918] - --------------------------setting values-----------------------------
[INFO ][2016-01-14 12:27:18,698][com.java.SeleniumDriver] [  921] - Action Type : STOREVALUE
[INFO ][2016-01-14 12:27:18,698][com.java.TestType] [ 9065] - field= PVP//table[@id="tblRatedLoans"]//input[@value='mytext']/parent::td/following-sibling::td[2]/input
[DEBUG][2016-01-14 12:27:18,807][com.java.TestType] [ 9359] - Key:: Test::Economic  Value:: 1.21
[INFO ][2016-01-14 12:27:18,808][com.java.SeleniumDriver] [  930] -  RESULT true
[INFO ][2016-01-14 12:27:18,808][com.java.SeleniumDriver] [ 1136] - ?   P A S S   ?
[INFO ][2016-01-14 12:27:18,808][com.java.SeleniumDriver] [  856] - ------------------------------------------
[INFO ][2016-01-14 12:27:18,808][com.java.SeleniumDriver] [  857] - Test case being Executed: 12
[INFO ][2016-01-14 12:27:18,808][com.java.SeleniumDriver] [  869] - Test step:47
[INFO ][2016-01-14 12:27:18,808][com.java.SeleniumDriver] [  881] - Datavalue is----------Test
[INFO ][2016-01-14 12:27:18,808][com.java.SeleniumDriver] [  905] - DataField : MNC//table[@id="tblRatedLoans"]//input[@value='mytext']/parent::td/following-sibling::td[3]/input
[INFO ][2016-01-14 12:27:18,808][com.java.SeleniumDriver] [  907] - DataValue : Test
[INFO ][2016-01-14 12:27:18,808][com.java.SeleniumDriver] [  913] - <In Set values of the page>
[INFO ][2016-01-14 12:27:18,808][com.java.SeleniumDriver] [  916] - {Data Fields & Data Values Exist}
[INFO ][2016-01-14 12:27:18,808][com.java.SeleniumDriver] [  918] - --------------------------setting values-----------------------------
[INFO ][2016-01-14 12:27:18,808][com.java.SeleniumDriver] [  921] - Action Type : CLICK
[INFO ][2016-01-14 12:27:18,808][com.java.TestType] [ 6515] - Field ::MNC//table[@id="tblRatedLoans"]//input[@value='mytext']/parent::td/following-sibling::td[3]/input
[INFO ][2016-01-14 12:27:18,808][com.java.TestType] [ 6136] - value = Test
[INFO ][2016-01-14 12:27:19,961][com.java.SeleniumDriver] [  930] -  RESULT true
[INFO ][2016-01-14 12:27:19,961][com.java.SeleniumDriver] [ 1136] - ?   P A S S   ?
[INFO ][2016-01-14 12:27:19,961][com.java.SeleniumDriver] [  856] - ------------------------------------------
[INFO ][2016-01-14 12:27:19,961][com.java.SeleniumDriver] [  857] - Test case being Executed: 12
[INFO ][2016-01-14 12:27:19,961][com.java.SeleniumDriver] [  869] - Test step:48
[INFO ][2016-01-14 12:27:19,961][com.java.SeleniumDriver] [  881] - Datavalue is----------Test::0.51
[INFO ][2016-01-14 12:27:19,961][com.java.SeleniumDriver] [  905] - DataField : PVP//table[@id="tblRatedLoans"]//input[@value='mytext']/parent::td/following-sibling::td[3]/input
[INFO ][2016-01-14 12:27:19,961][com.java.SeleniumDriver] [  907] - DataValue : Test::0.51
[INFO ][2016-01-14 12:27:19,961][com.java.SeleniumDriver] [  913] - <In Set values of the page>
[INFO ][2016-01-14 12:27:19,961][com.java.SeleniumDriver] [  916] - {Data Fields & Data Values Exist}
[INFO ][2016-01-14 12:27:19,961][com.java.SeleniumDriver] [  918] - --------------------------setting values-----------------------------
[INFO ][2016-01-14 12:27:19,962][com.java.SeleniumDriver] [  921] - Action Type : CLEARANDENTER
[INFO ][2016-01-14 12:27:20,211][com.java.SeleniumDriver] [  930] -  RESULT true
[INFO ][2016-01-14 12:27:20,211][com.java.SeleniumDriver] [ 1136] - ?   P A S S   ?
[INFO ][2016-01-14 12:27:20,211][com.java.SeleniumDriver] [  856] - ------------------------------------------
[INFO ][2016-01-14 12:27:20,211][com.java.SeleniumDriver] [  857] - Test case being Executed: 12
[INFO ][2016-01-14 12:27:20,211][com.java.SeleniumDriver] [  869] - Test step:49
[INFO ][2016-01-14 12:27:20,211][com.java.SeleniumDriver] [  881] - Datavalue is----------Test::Other
[INFO ][2016-01-14 12:27:20,211][com.java.SeleniumDriver] [  905] - DataField : PVP//table[@id="tblRatedLoans"]//input[@value='mytext']/parent::td/following-sibling::td[3]/input
[INFO ][2016-01-14 12:27:20,211][com.java.SeleniumDriver] [  907] - DataValue : Test::Other
[INFO ][2016-01-14 12:27:20,211][com.java.SeleniumDriver] [  913] - <In Set values of the page>
[INFO ][2016-01-14 12:27:20,211][com.java.SeleniumDriver] [  916] - {Data Fields & Data Values Exist}
[INFO ][2016-01-14 12:27:20,211][com.java.SeleniumDriver] [  918] - --------------------------setting values-----------------------------
[INFO ][2016-01-14 12:27:20,212][com.java.SeleniumDriver] [  921] - Action Type : STOREVALUE
[INFO ][2016-01-14 12:27:20,212][com.java.TestType] [ 9065] - field= PVP//table[@id="tblRatedLoans"]//input[@value='mytext']/parent::td/following-sibling::td[3]/input
[DEBUG][2016-01-14 12:27:20,344][com.java.TestType] [ 9359] - Key:: Test::Other  Value:: 0.51
[INFO ][2016-01-14 12:27:20,344][com.java.SeleniumDriver] [  930] -  RESULT true
[INFO ][2016-01-14 12:27:20,344][com.java.SeleniumDriver] [ 1136] - ?   P A S S   ?
[INFO ][2016-01-14 12:27:20,344][com.java.SeleniumDriver] [  856] - ------------------------------------------
[INFO ][2016-01-14 12:27:20,344][com.java.SeleniumDriver] [  857] - Test case being Executed: 12
[INFO ][2016-01-14 12:27:20,344][com.java.SeleniumDriver] [  869] - Test step:50
[INFO ][2016-01-14 12:27:20,344][com.java.SeleniumDriver] [  881] - Datavalue is----------Test
[INFO ][2016-01-14 12:27:20,344][com.java.SeleniumDriver] [  905] - DataField : MNC//table[@id="tblRatedLoans"]//input[@value='mytext']/parent::td/following-sibling::td[4]/input
[INFO ][2016-01-14 12:27:20,344][com.java.SeleniumDriver] [  907] - DataValue : Test
[INFO ][2016-01-14 12:27:20,344][com.java.SeleniumDriver] [  913] - <In Set values of the page>
[INFO ][2016-01-14 12:27:20,344][com.java.SeleniumDriver] [  916] - {Data Fields & Data Values Exist}
[INFO ][2016-01-14 12:27:20,344][com.java.SeleniumDriver] [  918] - --------------------------setting values-----------------------------
[INFO ][2016-01-14 12:27:20,344][com.java.SeleniumDriver] [  921] - Action Type : CLICK
[INFO ][2016-01-14 12:27:20,345][com.java.TestType] [ 6515] - Field ::MNC//table[@id="tblRatedLoans"]//input[@value='mytext']/parent::td/following-sibling::td[4]/input
[INFO ][2016-01-14 12:27:20,345][com.java.TestType] [ 6136] - value = Test
[INFO ][2016-01-14 12:27:21,496][com.java.SeleniumDriver] [  930] -  RESULT true
[INFO ][2016-01-14 12:27:21,496][com.java.SeleniumDriver] [ 1136] - ?   P A S S   ?
[INFO ][2016-01-14 12:27:21,496][com.java.SeleniumDriver] [  856] - ------------------------------------------
[INFO ][2016-01-14 12:27:21,497][com.java.SeleniumDriver] [  857] - Test case being Executed: 12
[INFO ][2016-01-14 12:27:21,497][com.java.SeleniumDriver] [  869] - Test step:51
[INFO ][2016-01-14 12:27:21,497][com.java.SeleniumDriver] [  881] - Datavalue is----------null
[DEBUG][2016-01-14 12:27:21,497][com.java.SeleniumDriver] [  899] - Exception: null
[INFO ][2016-01-14 12:27:21,497][com.java.SeleniumDriver] [  905] - DataField : BTNparent
[INFO ][2016-01-14 12:27:21,497][com.java.SeleniumDriver] [  907] - DataValue : 
[INFO ][2016-01-14 12:27:21,497][com.java.SeleniumDriver] [  913] - <In Set values of the page>
[INFO ][2016-01-14 12:27:21,497][com.java.SeleniumDriver] [  916] - {Data Fields & Data Values Exist}
[INFO ][2016-01-14 12:27:21,497][com.java.SeleniumDriver] [  918] - --------------------------setting values-----------------------------
[INFO ][2016-01-14 12:27:21,497][com.java.SeleniumDriver] [  921] - Action Type : SELECTFRAME
[INFO ][2016-01-14 12:27:21,512][com.java.SeleniumDriver] [  930] -  RESULT true
[INFO ][2016-01-14 12:27:21,512][com.java.SeleniumDriver] [ 1136] - ?   P A S S   ?
[INFO ][2016-01-14 12:27:21,512][com.java.SeleniumDriver] [  856] - ------------------------------------------
[INFO ][2016-01-14 12:27:21,512][com.java.SeleniumDriver] [  857] - Test case being Executed: 12
[INFO ][2016-01-14 12:27:21,512][com.java.SeleniumDriver] [  869] - Test step:52
[INFO ][2016-01-14 12:27:21,512][com.java.SeleniumDriver] [  881] - Datavalue is----------5
[INFO ][2016-01-14 12:27:21,512][com.java.SeleniumDriver] [  905] - DataField : XPH//span[contains(text(), 'Update')]
[INFO ][2016-01-14 12:27:21,512][com.java.SeleniumDriver] [  907] - DataValue : 5
[INFO ][2016-01-14 12:27:21,512][com.java.SeleniumDriver] [  913] - <In Set values of the page>
[INFO ][2016-01-14 12:27:21,512][com.java.SeleniumDriver] [  916] - {Data Fields & Data Values Exist}
[INFO ][2016-01-14 12:27:21,512][com.java.SeleniumDriver] [  918] - --------------------------setting values-----------------------------
[INFO ][2016-01-14 12:27:21,512][com.java.SeleniumDriver] [  921] - Action Type : WAITFORELEMENT
[INFO ][2016-01-14 12:27:21,547][com.java.SeleniumDriver] [  930] -  RESULT true
[INFO ][2016-01-14 12:27:21,547][com.java.SeleniumDriver] [ 1136] - ?   P A S S   ?
[INFO ][2016-01-14 12:27:21,547][com.java.SeleniumDriver] [  856] - ------------------------------------------
[INFO ][2016-01-14 12:27:21,547][com.java.SeleniumDriver] [  857] - Test case being Executed: 12
[INFO ][2016-01-14 12:27:21,547][com.java.SeleniumDriver] [  869] - Test step:53
[INFO ][2016-01-14 12:27:21,547][com.java.SeleniumDriver] [  881] - Datavalue is----------null
[DEBUG][2016-01-14 12:27:21,547][com.java.SeleniumDriver] [  899] - Exception: null
[INFO ][2016-01-14 12:27:21,548][com.java.SeleniumDriver] [  905] - DataField : XPH//span[contains(text(), 'Update')]
[INFO ][2016-01-14 12:27:21,548][com.java.SeleniumDriver] [  907] - DataValue : 
[INFO ][2016-01-14 12:27:21,548][com.java.SeleniumDriver] [  913] - <In Set values of the page>
[INFO ][2016-01-14 12:27:21,548][com.java.SeleniumDriver] [  916] - {Data Fields & Data Values Exist}
[INFO ][2016-01-14 12:27:21,548][com.java.SeleniumDriver] [  918] - --------------------------setting values-----------------------------
[INFO ][2016-01-14 12:27:21,548][com.java.SeleniumDriver] [  921] - Action Type : CLICK
[INFO ][2016-01-14 12:27:21,548][com.java.TestType] [ 6515] - Field ::XPH//span[contains(text(), 'Update')]
[INFO ][2016-01-14 12:27:21,548][com.java.TestType] [ 6136] - value = 
[INFO ][2016-01-14 12:27:22,549][com.java.TestType] [ 6652] - BEFORE CLICK
[INFO ][2016-01-14 12:27:23,547][com.java.TestType] [ 6660] - Unable to click the object Update button
[INFO ][2016-01-14 12:27:23,547][com.java.SeleniumDriver] [  930] -  RESULT true
[INFO ][2016-01-14 12:27:23,547][com.java.SeleniumDriver] [ 1136] - ?   P A S S   ?
[INFO ][2016-01-14 12:27:23,547][com.java.SeleniumDriver] [  856] - ------------------------------------------
[INFO ][2016-01-14 12:27:23,547][com.java.SeleniumDriver] [  857] - Test case being Executed: 12
[INFO ][2016-01-14 12:27:23,547][com.java.SeleniumDriver] [  869] - Test step:54
[INFO ][2016-01-14 12:27:23,547][com.java.SeleniumDriver] [  881] - Datavalue is----------3
[INFO ][2016-01-14 12:27:23,547][com.java.SeleniumDriver] [  905] - DataField : XPH//div[contains(text(), 'My Dashboard')]
[INFO ][2016-01-14 12:27:23,547][com.java.SeleniumDriver] [  907] - DataValue : 3
[INFO ][2016-01-14 12:27:23,547][com.java.SeleniumDriver] [  913] - <In Set values of the page>
[INFO ][2016-01-14 12:27:23,547][com.java.SeleniumDriver] [  916] - {Data Fields & Data Values Exist}
[INFO ][2016-01-14 12:27:23,547][com.java.SeleniumDriver] [  918] - --------------------------setting values-----------------------------
[INFO ][2016-01-14 12:27:23,547][com.java.SeleniumDriver] [  921] - Action Type : WAITFORELEMENT
[INFO ][2016-01-14 12:27:23,583][com.java.SeleniumDriver] [  930] -  RESULT true
[INFO ][2016-01-14 12:27:23,583][com.java.SeleniumDriver] [ 1136] - ?   P A S S   ?
[INFO ][2016-01-14 12:27:23,583][com.java.SeleniumDriver] [  856] - ------------------------------------------
[INFO ][2016-01-14 12:27:23,583][com.java.SeleniumDriver] [  857] - Test case being Executed: 12
[INFO ][2016-01-14 12:27:23,583][com.java.SeleniumDriver] [  869] - Test step:55
[INFO ][2016-01-14 12:27:23,583][com.java.SeleniumDriver] [  881] - Datavalue is----------My Dashboard
[INFO ][2016-01-14 12:27:23,583][com.java.SeleniumDriver] [  905] - DataField : XPH//div[contains(text(), 'My Dashboard')]
[INFO ][2016-01-14 12:27:23,583][com.java.SeleniumDriver] [  907] - DataValue : My Dashboard
[INFO ][2016-01-14 12:27:23,583][com.java.SeleniumDriver] [  913] - <In Set values of the page>
[INFO ][2016-01-14 12:27:23,584][com.java.SeleniumDriver] [  916] - {Data Fields & Data Values Exist}
[INFO ][2016-01-14 12:27:23,584][com.java.SeleniumDriver] [  918] - --------------------------setting values-----------------------------
[INFO ][2016-01-14 12:27:23,584][com.java.SeleniumDriver] [  921] - Action Type : VERIFY
[INFO ][2016-01-14 12:27:23,584][com.java.TestType] [ 7638] - field= XPH//div[contains(text(), 'My Dashboard')] value= My Dashboard
[INFO ][2016-01-14 12:27:23,584][com.java.TestType] [ 6136] - value = My Dashboard
[INFO ][2016-01-14 12:27:23,699][com.java.SeleniumDriver] [  930] -  RESULT true
[INFO ][2016-01-14 12:27:23,699][com.java.SeleniumDriver] [ 1136] - ?   P A S S   ?
[INFO ][2016-01-14 12:27:23,699][com.java.SeleniumDriver] [  856] - ------------------------------------------
[INFO ][2016-01-14 12:27:23,699][com.java.SeleniumDriver] [  857] - Test case being Executed: 12
[INFO ][2016-01-14 12:27:23,699][com.java.SeleniumDriver] [  869] - Test step:56
[INFO ][2016-01-14 12:27:23,699][com.java.SeleniumDriver] [  881] - Datavalue is----------null
[DEBUG][2016-01-14 12:27:23,699][com.java.SeleniumDriver] [  899] - Exception: null
[INFO ][2016-01-14 12:27:23,699][com.java.SeleniumDriver] [  905] - DataField : //span[@class='icon-user4']&&//a[text()='Company Settings']&&//a[@data-id="RatedLoans"]
[INFO ][2016-01-14 12:27:23,700][com.java.SeleniumDriver] [  907] - DataValue : 
[INFO ][2016-01-14 12:27:23,700][com.java.SeleniumDriver] [  913] - <In Set values of the page>
[INFO ][2016-01-14 12:27:23,700][com.java.SeleniumDriver] [  916] - {Data Fields & Data Values Exist}
[INFO ][2016-01-14 12:27:23,700][com.java.SeleniumDriver] [  918] - --------------------------setting values-----------------------------
[INFO ][2016-01-14 12:27:23,700][com.java.SeleniumDriver] [  921] - Action Type : MOUSEOVER
[INFO ][2016-01-14 12:27:50,482][com.java.SeleniumDriver] [  930] -  RESULT true
[INFO ][2016-01-14 12:27:50,482][com.java.SeleniumDriver] [ 1136] - ?   P A S S   ?
[INFO ][2016-01-14 12:27:50,482][com.java.SeleniumDriver] [  856] - ------------------------------------------
[INFO ][2016-01-14 12:27:50,482][com.java.SeleniumDriver] [  857] - Test case being Executed: 12
[INFO ][2016-01-14 12:27:50,482][com.java.SeleniumDriver] [  869] - Test step:57
[INFO ][2016-01-14 12:27:50,482][com.java.SeleniumDriver] [  881] - Datavalue is----------Rated Loan Categories
[INFO ][2016-01-14 12:27:50,482][com.java.SeleniumDriver] [  905] - DataField : XPH//span[contains(text(), 'Rated Loan Categories')]
[INFO ][2016-01-14 12:27:50,482][com.java.SeleniumDriver] [  907] - DataValue : Rated Loan Categories
[INFO ][2016-01-14 12:27:50,482][com.java.SeleniumDriver] [  913] - <In Set values of the page>
[INFO ][2016-01-14 12:27:50,482][com.java.SeleniumDriver] [  916] - {Data Fields & Data Values Exist}
[INFO ][2016-01-14 12:27:50,482][com.java.SeleniumDriver] [  918] - --------------------------setting values-----------------------------
[INFO ][2016-01-14 12:27:50,482][com.java.SeleniumDriver] [  921] - Action Type : VERIFY
[INFO ][2016-01-14 12:27:50,483][com.java.TestType] [ 7638] - field= XPH//span[contains(text(), 'Rated Loan Categories')] value= Rated Loan Categories
[INFO ][2016-01-14 12:27:50,483][com.java.TestType] [ 6136] - value = Rated Loan Categories
[INFO ][2016-01-14 12:27:50,608][com.java.SeleniumDriver] [  930] -  RESULT true
[INFO ][2016-01-14 12:27:50,608][com.java.SeleniumDriver] [ 1136] - ?   P A S S   ?
[INFO ][2016-01-14 12:27:50,608][com.java.SeleniumDriver] [  856] - ------------------------------------------
[INFO ][2016-01-14 12:27:50,608][com.java.SeleniumDriver] [  857] - Test case being Executed: 12
[INFO ][2016-01-14 12:27:50,608][com.java.SeleniumDriver] [  869] - Test step:58
[INFO ][2016-01-14 12:27:50,608][com.java.SeleniumDriver] [  881] - Datavalue is----------null
[DEBUG][2016-01-14 12:27:50,608][com.java.SeleniumDriver] [  899] - Exception: null
[INFO ][2016-01-14 12:27:50,608][com.java.SeleniumDriver] [  905] - DataField : BTNframeDialogContent
[INFO ][2016-01-14 12:27:50,608][com.java.SeleniumDriver] [  907] - DataValue : 
[INFO ][2016-01-14 12:27:50,609][com.java.SeleniumDriver] [  913] - <In Set values of the page>
[INFO ][2016-01-14 12:27:50,609][com.java.SeleniumDriver] [  916] - {Data Fields & Data Values Exist}
[INFO ][2016-01-14 12:27:50,609][com.java.SeleniumDriver] [  918] - --------------------------setting values-----------------------------
[INFO ][2016-01-14 12:27:50,609][com.java.SeleniumDriver] [  921] - Action Type : SELECTFRAME
[INFO ][2016-01-14 12:27:51,868][com.java.SeleniumDriver] [  930] -  RESULT true
[INFO ][2016-01-14 12:27:51,868][com.java.SeleniumDriver] [ 1136] - ?   P A S S   ?
[INFO ][2016-01-14 12:27:51,869][com.java.SeleniumDriver] [  856] - ------------------------------------------
[INFO ][2016-01-14 12:27:51,869][com.java.SeleniumDriver] [  857] - Test case being Executed: 12
[INFO ][2016-01-14 12:27:51,869][com.java.SeleniumDriver] [  869] - Test step:59
[INFO ][2016-01-14 12:27:51,869][com.java.SeleniumDriver] [  881] - Datavalue is----------Description::Description
[INFO ][2016-01-14 12:27:51,869][com.java.SeleniumDriver] [  905] - DataField : PVP//table[@id="tblRatedLoans"]//input[@value='mytext']/parent::td/following-sibling::td[1]
[INFO ][2016-01-14 12:27:51,869][com.java.SeleniumDriver] [  907] - DataValue : Description::Description
[INFO ][2016-01-14 12:27:51,869][com.java.SeleniumDriver] [  913] - <In Set values of the page>
[INFO ][2016-01-14 12:27:51,869][com.java.SeleniumDriver] [  916] - {Data Fields & Data Values Exist}
[INFO ][2016-01-14 12:27:51,869][com.java.SeleniumDriver] [  918] - --------------------------setting values-----------------------------
[INFO ][2016-01-14 12:27:51,869][com.java.SeleniumDriver] [  921] - Action Type : VERIFY
[INFO ][2016-01-14 12:27:51,869][com.java.TestType] [ 7638] - field= PVP//table[@id="tblRatedLoans"]//input[@value='mytext']/parent::td/following-sibling::td[1] value= Description::Description
[INFO ][2016-01-14 12:27:51,869][com.java.TestType] [ 6136] - value = Description::Description
[DEBUG][2016-01-14 12:27:51,869][com.java.TestType] [ 8795] - Exception: Description::Description
[DEBUG][2016-01-14 12:27:51,869][com.java.TestType] [ 8798] - Element not replaced::Description::Description
[INFO ][2016-01-14 12:27:51,870][com.java.SeleniumDriver] [  930] -  RESULT false
[INFO ][2016-01-14 12:27:51,870][com.java.SeleniumDriver] [  977] - ?   F A I L   ?
[INFO ][2016-01-14 12:27:51,870][com.java.SeleniumDriver] [  985] - Browser Type : IE10
[INFO ][2016-01-14 12:27:51,870][com.java.SeleniumDriver] [  986] - Adding Failed case12
[INFO ][2016-01-14 12:27:52,178][com.java.SeleniumDriver] [ 1100] - failedCases = 12
[ERROR][2016-01-14 12:27:52,178][com.java.SeleniumDriver] [ 1599] - Platform Errors : Our apologies...::We have encountered an issue with your request.::Our apologies?:We encountered an issue with your request.
[INFO ][2016-01-14 12:27:52,178][com.java.SeleniumDriver] [ 1603] - Length =3
[ERROR][2016-01-14 12:27:52,178][com.java.SeleniumDriver] [ 1606] - Error 0 = Our apologies...
[ERROR][2016-01-14 12:27:52,264][com.java.SeleniumDriver] [ 1606] - Error 1 = We have encountered an issue with your request.
[ERROR][2016-01-14 12:27:52,280][com.java.SeleniumDriver] [ 1606] - Error 2 = Our apologies?:We encountered an issue with your request.
[INFO ][2016-01-14 12:27:52,297][com.java.SeleniumDriver] [ 1617] - strError:
[DEBUG][2016-01-14 12:27:52,312][com.java.SeleniumDriver] [ 1248] - Case found
[DEBUG][2016-01-14 12:27:52,312][com.java.SeleniumDriver] [ 1253] - Incrementing ReportCounters[0]:2
[INFO ][2016-01-14 12:27:52,312][com.java.SeleniumDriver] [ 1272] - The results are-------------------[12, 59, Admin: Company Settings: Rated Loan Categories: Modify Existing Category, Fail, 
Test case failed at Step No. :: 59   Error Message ::  Element not replaced::Description::Description. Screen Shot : D:\BankersDashboard\TestReports\011416\12_011416_122751_IE10.png, Thu Jan 14 12:27:52 IST 2016]
[INFO ][2016-01-14 12:27:52,312][com.java.SeleniumDriver] [ 1276] - End time is-------3 min 17 sec
[INFO ][2016-01-14 12:27:52,312][com.java.SeleniumDriver] [ 1277] - The results are-------------------[12, 59, Admin: Company Settings: Rated Loan Categories: Modify Existing Category, Fail, 
Test case failed at Step No. :: 59   Error Message ::  Element not replaced::Description::Description. Screen Shot : D:\BankersDashboard\TestReports\011416\12_011416_122751_IE10.png, Thu Jan 14 12:27:52 IST 2016]
[DEBUG][2016-01-14 12:27:52,312][com.java.ImportnExport.ExportTestResultsExcel] [  222] - testResultPath = D:\BankersDashboard/TestReports/Test Results_BankersDashBoard_011416_122436_IE10_Any Bank USA.xls
[DEBUG][2016-01-14 12:27:52,312][com.java.ImportnExport.ExportTestResultsExcel] [  223] - browser is------------IE10
[DEBUG][2016-01-14 12:27:52,314][com.java.ImportnExport.ExportTestResultsExcel] [  270] - result.size() = 6
[DEBUG][2016-01-14 12:27:52,315][com.java.ImportnExport.ExportTestResultsExcel] [  274] - No of rows in sheet=2
[DEBUG][2016-01-14 12:27:52,315][com.java.ImportnExport.ExportTestResultsExcel] [  301] - ..in export..12
[DEBUG][2016-01-14 12:27:52,315][com.java.ImportnExport.ExportTestResultsExcel] [  301] - ..in export..Admin: Company Settings: Rated Loan Categories: Modify Existing Category
[DEBUG][2016-01-14 12:27:52,315][com.java.ImportnExport.ExportTestResultsExcel] [  301] - ..in export..Fail
[DEBUG][2016-01-14 12:27:52,315][com.java.ImportnExport.ExportTestResultsExcel] [  301] - ..in export..
Test case failed at Step No. :: 59   Error Message ::  Element not replaced::Description::Description. Screen Shot : D:\BankersDashboard\TestReports\011416\12_011416_122751_IE10.png
[DEBUG][2016-01-14 12:27:52,315][com.java.ImportnExport.ExportTestResultsExcel] [  301] - ..in export..Thu Jan 14 12:27:52 IST 2016
[INFO ][2016-01-14 12:27:52,317][com.java.SeleniumDriver] [ 1337] - out loop:1 size:2 TestCases:[1, 12] testcases:[1, 12]
[INFO ][2016-01-14 12:27:54,317][com.java.SeleniumDriver] [ 1380] - Total Number of Cases:2
[INFO ][2016-01-14 12:27:54,317][com.java.TemplateGenerator] [  302] - Executed:2
[INFO ][2016-01-14 12:27:54,317][com.java.TemplateGenerator] [  303] - Passed:1
[INFO ][2016-01-14 12:27:54,317][com.java.TemplateGenerator] [  304] - Failed:1
[INFO ][2016-01-14 12:27:54,317][com.java.TemplateGenerator] [  305] - Skipeed:0
[INFO ][2016-01-14 12:27:54,317][com.java.TemplateGenerator] [  306] - Application URL:https://clients-xuat.bankersdashboard.com
[INFO ][2016-01-14 12:27:54,317][com.java.TemplateGenerator] [  307] - Start Time:011416_122436
[INFO ][2016-01-14 12:27:54,317][com.java.TemplateGenerator] [  308] -  Creating HTML Report 
[ERROR][2016-01-14 12:27:54,318][com.java.TemplateGenerator] [  409] - Unparseable date: "Thu Jan 14 12:24:36 IST 2016"
[INFO ][2016-01-14 12:27:54,318][com.java.TemplateGenerator] [  654] -  Exporting case :: 1
[INFO ][2016-01-14 12:27:54,318][com.java.TemplateGenerator] [  654] -  Exporting case :: 12
[INFO ][2016-01-14 12:27:54,323][com.java.SeleniumDriver] [ 1429] - End Time:011416_122754
[INFO ][2016-01-14 12:27:54,323][com.java.SeleniumDriver] [ 1432] - Data in Test Execution Details:{1=PASS, 12=FAILTest case failed at Step No. :: 59   Error Message ::  Element not replaced::Description::Description}
[INFO ][2016-01-14 12:27:54,323][com.java.SeleniumDriver] [ 1433] - Data in Failed Execution Deatils:{}
[INFO ][2016-01-14 12:27:54,323][com.java.SeleniumDriver] [ 1435] - ReportCounter:Total:2 :: PASS: 1 ::FAIL: 1
[INFO ][2016-01-14 12:27:54,323][com.java.SeleniumDriver] [ 1436] - FailedReportCounter:Total:0 :: PASS: 0 ::FAIL: 0
[INFO ][2016-01-14 12:27:54,331][com.java.EmailTestReport] [   63] - Sending report mail details:
[INFO ][2016-01-14 12:27:54,331][com.java.EmailTestReport] [   80] - Excel Report Path:D:\BankersDashboard/TestReports/Test Results_BankersDashBoard_011416_122436_IE10_Any Bank USA.xls
[INFO ][2016-01-14 12:27:54,331][com.java.EmailTestReport] [   81] - HTML Report Path:D:\BankersDashboard//TestReports//Test Results_BankersDashBoard_011416_122436_IE10_Any Bank USA.html
[INFO ][2016-01-14 12:27:54,331][com.java.EmailTestReport] [   82] - smtpHostName:mail01.valuelabs.com
[INFO ][2016-01-14 12:27:54,331][com.java.EmailTestReport] [   83] - Recipient:venkateswararao.gubbala@valuelabs.com;
[INFO ][2016-01-14 12:27:54,331][com.java.EmailTestReport] [   84] - From:venkateswararao.gubbala@valuelabs.com;
[INFO ][2016-01-14 12:27:54,331][com.java.EmailTestReport] [   85] - Subject:Deluxe Corp Bankers Dashboard Automation Test Report - Any Bank USA - IE10
[INFO ][2016-01-14 12:27:54,348][com.java.EmailTestReport] [  143] -  Added venkateswararao.gubbala@valuelabs.com
[INFO ][2016-01-14 12:27:57,467][com.java.SeleniumDriver] [  722] - quitting the browser 
[INFO ][2016-01-14 12:27:59,178][com.java.SeleniumDriver] [  264] - Execution Completed Stopping the thread
