[INFO ][2015-12-04 18:05:23,934][com.java.SeleniumDriver] [  213] - Execute Failed Casesfalse
[INFO ][2015-12-04 18:05:23,934][com.java.SeleniumDriver] [  214] - Browser: IE10
[INFO ][2015-12-04 18:05:23,934][com.java.SeleniumDriver] [  215] - [1, 7]
[INFO ][2015-12-04 18:05:23,934][com.java.SeleniumDriver] [  216] - Total TestCases:2
[INFO ][2015-12-04 18:05:23,934][com.java.SeleniumDriver] [  217] -  Reading Properties from Property File 
[DEBUG][2015-12-04 18:05:23,935][com.java.SeleniumDriver] [  238] - url : https://clients-xuat.bankersdashboard.com
[INFO ][2015-12-04 18:05:23,936][com.java.ImportnExport.ExportTestResultsExcel] [  116] - Time Stamp Fri Dec 04 06:05:23 IST 2015
[INFO ][2015-12-04 18:05:23,936][com.java.ImportnExport.ExportTestResultsExcel] [  175] - OUT FILE : D:\BankersDashboard/TestReports/Test Results_BankersDashBoard_120415_180523_IE10_Any Bank USA.xls
[INFO ][2015-12-04 18:05:23,965][com.java.ImportnExport.ExportTestResultsExcel] [  180] - Test Result file is created
[DEBUG][2015-12-04 18:05:24,052][com.java.SeleniumDriver] [  426] - Hub ip address is-------172.17.68.34
[INFO ][2015-12-04 18:05:24,053][com.java.SeleniumDriver] [  452] - Grid URL:http://172.17.68.34:4444/wd/hub
[INFO ][2015-12-04 18:05:24,053][com.java.SeleniumDriver] [  453] - Capability:Capabilities [{platform=ANY, ensureCleanSession=true, ignoreProtectedModeSettings=true, acceptSslCerts=true, ignoreZoomSetting=true, browserName=internet explorer, browserstack.ie.noFlash=true, version=null}]
[ERROR][2015-12-04 18:05:25,370][com.java.SeleniumDriver] [  497] - Unable invoke browser in grid:Could not start a new session. Possible causes are invalid address of the remote server or browser start-up failure.
Build info: version: '2.48.2', revision: '41bccdd', time: '2015-10-09 19:59:12'
System info: host: 'FVTIII438F1D', ip: '172.17.68.34', os.name: 'Windows 7', os.arch: 'x86', os.version: '6.1', java.version: '1.7.0_55'
Driver info: driver.version: SeleniumDriver
[INFO ][2015-12-04 18:05:25,370][com.java.SeleniumDriver] [  499] - Executing on local machine
[INFO ][2015-12-04 18:05:35,082][com.java.SeleniumDriver] [  248] - IE10is opened
[INFO ][2015-12-04 18:05:36,208][com.java.SeleniumDriver] [  754] - Test cases to be executed are: [1, 7]
[INFO ][2015-12-04 18:05:36,229][com.java.ImportnExport.ImportTestDataDetailsExcel] [   49] - test data details path===== D:\BankersDashboard\TestInputs\TestData.xls
[INFO ][2015-12-04 18:05:36,272][com.java.SeleniumDriver] [  804] - ------------------------------------------
[INFO ][2015-12-04 18:05:36,272][com.java.SeleniumDriver] [  805] - Test case being Executed: 1
[INFO ][2015-12-04 18:05:36,272][com.java.SeleniumDriver] [  816] - Test step:1
[INFO ][2015-12-04 18:05:36,272][com.java.SeleniumDriver] [  828] - Datavalue is----------Concept#1:1-14
[INFO ][2015-12-04 18:05:36,272][com.java.SeleniumDriver] [  852] - DataField : test
[INFO ][2015-12-04 18:05:36,273][com.java.SeleniumDriver] [  854] - DataValue : Concept#1:1-14
[INFO ][2015-12-04 18:05:36,273][com.java.SeleniumDriver] [  860] - <In Set values of the page>
[INFO ][2015-12-04 18:05:36,273][com.java.SeleniumDriver] [  863] - {Data Fields & Data Values Exist}
[INFO ][2015-12-04 18:05:36,273][com.java.SeleniumDriver] [  865] - --------------------------setting values-----------------------------
[INFO ][2015-12-04 18:05:36,273][com.java.SeleniumDriver] [  868] - Action Type : ExecuteTestCase
[INFO ][2015-12-04 18:05:36,294][com.java.TestType] [  436] - The Concept sheet name is ---------- Concept
[INFO ][2015-12-04 18:05:36,295][com.java.TestType] [  439] - The Concept ID  is ---------- 1
[DEBUG][2015-12-04 18:05:36,295][com.java.TestType] [  443] - Steps being executted in the Concept are: 1:14
[INFO ][2015-12-04 18:05:36,295][com.java.TestType] [  450] - Test data details path ---------- D:\BankersDashboard\TestInputs\TestData.xls
[INFO ][2015-12-04 18:05:36,317][com.java.TestType] [  481] -  str(1) = 1
[INFO ][2015-12-04 18:05:36,317][com.java.TestType] [  484] - Test case Id is---1
[INFO ][2015-12-04 18:05:36,317][com.java.TestType] [  486] - 1
[INFO ][2015-12-04 18:05:36,317][com.java.TestType] [  481] -  str(2) = 1
[INFO ][2015-12-04 18:05:36,321][com.java.TestType] [  533] - row values are--------{1=com.java.Objects.TestDataDetails@1f9b42c}
[INFO ][2015-12-04 18:05:36,321][com.java.TestType] [  481] -  str(1) = 1
[INFO ][2015-12-04 18:05:36,322][com.java.TestType] [  484] - Test case Id is---1
[INFO ][2015-12-04 18:05:36,322][com.java.TestType] [  486] - 1
[INFO ][2015-12-04 18:05:36,322][com.java.TestType] [  481] -  str(2) = 2
[INFO ][2015-12-04 18:05:36,323][com.java.TestType] [  533] - row values are--------{1=com.java.Objects.TestDataDetails@1f9b42c, 2=com.java.Objects.TestDataDetails@11c2b6c}
[INFO ][2015-12-04 18:05:36,323][com.java.TestType] [  481] -  str(1) = 1
[INFO ][2015-12-04 18:05:36,323][com.java.TestType] [  484] - Test case Id is---1
[INFO ][2015-12-04 18:05:36,323][com.java.TestType] [  486] - 1
[INFO ][2015-12-04 18:05:36,324][com.java.TestType] [  481] -  str(2) = 3
[INFO ][2015-12-04 18:05:36,325][com.java.TestType] [  533] - row values are--------{1=com.java.Objects.TestDataDetails@1f9b42c, 2=com.java.Objects.TestDataDetails@11c2b6c, 3=com.java.Objects.TestDataDetails@1a40a9f}
[INFO ][2015-12-04 18:05:36,325][com.java.TestType] [  481] -  str(1) = 1
[INFO ][2015-12-04 18:05:36,325][com.java.TestType] [  484] - Test case Id is---1
[INFO ][2015-12-04 18:05:36,325][com.java.TestType] [  486] - 1
[INFO ][2015-12-04 18:05:36,325][com.java.TestType] [  481] -  str(2) = 4
[INFO ][2015-12-04 18:05:36,327][com.java.TestType] [  533] - row values are--------{1=com.java.Objects.TestDataDetails@1f9b42c, 2=com.java.Objects.TestDataDetails@11c2b6c, 3=com.java.Objects.TestDataDetails@1a40a9f, 4=com.java.Objects.TestDataDetails@1e4607}
[INFO ][2015-12-04 18:05:36,327][com.java.TestType] [  481] -  str(1) = 1
[INFO ][2015-12-04 18:05:36,327][com.java.TestType] [  484] - Test case Id is---1
[INFO ][2015-12-04 18:05:36,327][com.java.TestType] [  486] - 1
[INFO ][2015-12-04 18:05:36,327][com.java.TestType] [  481] -  str(2) = 5
[INFO ][2015-12-04 18:05:36,328][com.java.TestType] [  533] - row values are--------{1=com.java.Objects.TestDataDetails@1f9b42c, 2=com.java.Objects.TestDataDetails@11c2b6c, 3=com.java.Objects.TestDataDetails@1a40a9f, 4=com.java.Objects.TestDataDetails@1e4607, 5=com.java.Objects.TestDataDetails@10b8fa2}
[INFO ][2015-12-04 18:05:36,328][com.java.TestType] [  481] -  str(1) = 1
[INFO ][2015-12-04 18:05:36,329][com.java.TestType] [  484] - Test case Id is---1
[INFO ][2015-12-04 18:05:36,329][com.java.TestType] [  486] - 1
[INFO ][2015-12-04 18:05:36,329][com.java.TestType] [  481] -  str(2) = 6
[INFO ][2015-12-04 18:05:36,330][com.java.TestType] [  533] - row values are--------{1=com.java.Objects.TestDataDetails@1f9b42c, 2=com.java.Objects.TestDataDetails@11c2b6c, 3=com.java.Objects.TestDataDetails@1a40a9f, 4=com.java.Objects.TestDataDetails@1e4607, 5=com.java.Objects.TestDataDetails@10b8fa2, 6=com.java.Objects.TestDataDetails@e88006}
[INFO ][2015-12-04 18:05:36,331][com.java.TestType] [  481] -  str(1) = 1
[INFO ][2015-12-04 18:05:36,331][com.java.TestType] [  484] - Test case Id is---1
[INFO ][2015-12-04 18:05:36,331][com.java.TestType] [  486] - 1
[INFO ][2015-12-04 18:05:36,331][com.java.TestType] [  481] -  str(2) = 7
[INFO ][2015-12-04 18:05:36,332][com.java.TestType] [  533] - row values are--------{1=com.java.Objects.TestDataDetails@1f9b42c, 2=com.java.Objects.TestDataDetails@11c2b6c, 3=com.java.Objects.TestDataDetails@1a40a9f, 4=com.java.Objects.TestDataDetails@1e4607, 5=com.java.Objects.TestDataDetails@10b8fa2, 6=com.java.Objects.TestDataDetails@e88006, 7=com.java.Objects.TestDataDetails@35b652}
[INFO ][2015-12-04 18:05:36,332][com.java.TestType] [  481] -  str(1) = 1
[INFO ][2015-12-04 18:05:36,332][com.java.TestType] [  484] - Test case Id is---1
[INFO ][2015-12-04 18:05:36,332][com.java.TestType] [  486] - 1
[INFO ][2015-12-04 18:05:36,332][com.java.TestType] [  481] -  str(2) = 8
[INFO ][2015-12-04 18:05:36,333][com.java.TestType] [  533] - row values are--------{1=com.java.Objects.TestDataDetails@1f9b42c, 2=com.java.Objects.TestDataDetails@11c2b6c, 3=com.java.Objects.TestDataDetails@1a40a9f, 4=com.java.Objects.TestDataDetails@1e4607, 5=com.java.Objects.TestDataDetails@10b8fa2, 6=com.java.Objects.TestDataDetails@e88006, 7=com.java.Objects.TestDataDetails@35b652, 8=com.java.Objects.TestDataDetails@1a38fa1}
[INFO ][2015-12-04 18:05:36,333][com.java.TestType] [  481] -  str(1) = 1
[INFO ][2015-12-04 18:05:36,333][com.java.TestType] [  484] - Test case Id is---1
[INFO ][2015-12-04 18:05:36,333][com.java.TestType] [  486] - 1
[INFO ][2015-12-04 18:05:36,333][com.java.TestType] [  481] -  str(2) = 9
[INFO ][2015-12-04 18:05:36,334][com.java.TestType] [  533] - row values are--------{1=com.java.Objects.TestDataDetails@1f9b42c, 2=com.java.Objects.TestDataDetails@11c2b6c, 3=com.java.Objects.TestDataDetails@1a40a9f, 4=com.java.Objects.TestDataDetails@1e4607, 5=com.java.Objects.TestDataDetails@10b8fa2, 6=com.java.Objects.TestDataDetails@e88006, 7=com.java.Objects.TestDataDetails@35b652, 8=com.java.Objects.TestDataDetails@1a38fa1, 9=com.java.Objects.TestDataDetails@acb67a}
[INFO ][2015-12-04 18:05:36,334][com.java.TestType] [  481] -  str(1) = 1
[INFO ][2015-12-04 18:05:36,334][com.java.TestType] [  484] - Test case Id is---1
[INFO ][2015-12-04 18:05:36,334][com.java.TestType] [  486] - 1
[INFO ][2015-12-04 18:05:36,334][com.java.TestType] [  481] -  str(2) = 10
[INFO ][2015-12-04 18:05:36,335][com.java.TestType] [  533] - row values are--------{1=com.java.Objects.TestDataDetails@1f9b42c, 2=com.java.Objects.TestDataDetails@11c2b6c, 3=com.java.Objects.TestDataDetails@1a40a9f, 4=com.java.Objects.TestDataDetails@1e4607, 5=com.java.Objects.TestDataDetails@10b8fa2, 6=com.java.Objects.TestDataDetails@e88006, 7=com.java.Objects.TestDataDetails@35b652, 8=com.java.Objects.TestDataDetails@1a38fa1, 9=com.java.Objects.TestDataDetails@acb67a, 10=com.java.Objects.TestDataDetails@1668d9}
[INFO ][2015-12-04 18:05:36,335][com.java.TestType] [  481] -  str(1) = 1
[INFO ][2015-12-04 18:05:36,335][com.java.TestType] [  484] - Test case Id is---1
[INFO ][2015-12-04 18:05:36,336][com.java.TestType] [  486] - 1
[INFO ][2015-12-04 18:05:36,336][com.java.TestType] [  481] -  str(2) = 11
[INFO ][2015-12-04 18:05:36,336][com.java.TestType] [  533] - row values are--------{1=com.java.Objects.TestDataDetails@1f9b42c, 2=com.java.Objects.TestDataDetails@11c2b6c, 3=com.java.Objects.TestDataDetails@1a40a9f, 4=com.java.Objects.TestDataDetails@1e4607, 5=com.java.Objects.TestDataDetails@10b8fa2, 6=com.java.Objects.TestDataDetails@e88006, 7=com.java.Objects.TestDataDetails@35b652, 8=com.java.Objects.TestDataDetails@1a38fa1, 9=com.java.Objects.TestDataDetails@acb67a, 10=com.java.Objects.TestDataDetails@1668d9, 11=com.java.Objects.TestDataDetails@55b715}
[INFO ][2015-12-04 18:05:36,337][com.java.TestType] [  481] -  str(1) = 1
[INFO ][2015-12-04 18:05:36,337][com.java.TestType] [  484] - Test case Id is---1
[INFO ][2015-12-04 18:05:36,337][com.java.TestType] [  486] - 1
[INFO ][2015-12-04 18:05:36,337][com.java.TestType] [  481] -  str(2) = 12
[INFO ][2015-12-04 18:05:36,337][com.java.TestType] [  533] - row values are--------{1=com.java.Objects.TestDataDetails@1f9b42c, 2=com.java.Objects.TestDataDetails@11c2b6c, 3=com.java.Objects.TestDataDetails@1a40a9f, 4=com.java.Objects.TestDataDetails@1e4607, 5=com.java.Objects.TestDataDetails@10b8fa2, 6=com.java.Objects.TestDataDetails@e88006, 7=com.java.Objects.TestDataDetails@35b652, 8=com.java.Objects.TestDataDetails@1a38fa1, 9=com.java.Objects.TestDataDetails@acb67a, 10=com.java.Objects.TestDataDetails@1668d9, 11=com.java.Objects.TestDataDetails@55b715, 12=com.java.Objects.TestDataDetails@3540ce}
[INFO ][2015-12-04 18:05:36,338][com.java.TestType] [  481] -  str(1) = 1
[INFO ][2015-12-04 18:05:36,338][com.java.TestType] [  484] - Test case Id is---1
[INFO ][2015-12-04 18:05:36,339][com.java.TestType] [  486] - 1
[INFO ][2015-12-04 18:05:36,340][com.java.TestType] [  481] -  str(2) = 13
[INFO ][2015-12-04 18:05:36,340][com.java.TestType] [  533] - row values are--------{1=com.java.Objects.TestDataDetails@1f9b42c, 2=com.java.Objects.TestDataDetails@11c2b6c, 3=com.java.Objects.TestDataDetails@1a40a9f, 4=com.java.Objects.TestDataDetails@1e4607, 5=com.java.Objects.TestDataDetails@10b8fa2, 6=com.java.Objects.TestDataDetails@e88006, 7=com.java.Objects.TestDataDetails@35b652, 8=com.java.Objects.TestDataDetails@1a38fa1, 9=com.java.Objects.TestDataDetails@acb67a, 10=com.java.Objects.TestDataDetails@1668d9, 11=com.java.Objects.TestDataDetails@55b715, 12=com.java.Objects.TestDataDetails@3540ce, 13=com.java.Objects.TestDataDetails@113727f}
[INFO ][2015-12-04 18:05:36,340][com.java.TestType] [  481] -  str(1) = 1
[INFO ][2015-12-04 18:05:36,340][com.java.TestType] [  484] - Test case Id is---1
[INFO ][2015-12-04 18:05:36,340][com.java.TestType] [  486] - 1
[INFO ][2015-12-04 18:05:36,341][com.java.TestType] [  481] -  str(2) = 14
[INFO ][2015-12-04 18:05:36,341][com.java.TestType] [  533] - row values are--------{1=com.java.Objects.TestDataDetails@1f9b42c, 2=com.java.Objects.TestDataDetails@11c2b6c, 3=com.java.Objects.TestDataDetails@1a40a9f, 4=com.java.Objects.TestDataDetails@1e4607, 5=com.java.Objects.TestDataDetails@10b8fa2, 6=com.java.Objects.TestDataDetails@e88006, 7=com.java.Objects.TestDataDetails@35b652, 8=com.java.Objects.TestDataDetails@1a38fa1, 9=com.java.Objects.TestDataDetails@acb67a, 10=com.java.Objects.TestDataDetails@1668d9, 11=com.java.Objects.TestDataDetails@55b715, 12=com.java.Objects.TestDataDetails@3540ce, 13=com.java.Objects.TestDataDetails@113727f, 14=com.java.Objects.TestDataDetails@e99fb6}
[INFO ][2015-12-04 18:05:36,341][com.java.TestType] [ 9925] - Looping 1TCID = 1
[DEBUG][2015-12-04 18:05:36,341][com.java.TestType] [ 9966] - Concept ID:1 :: Step being Executed: 1::1
[INFO ][2015-12-04 18:05:36,342][com.java.TestType] [10004] - dataFields : TXTusername
[DEBUG][2015-12-04 18:05:36,342][com.java.TestType] [10010] - <In Set values of the page>
[DEBUG][2015-12-04 18:05:36,342][com.java.TestType] [10015] - {Data Fields & Data Values Exist}
[INFO ][2015-12-04 18:05:36,342][com.java.TestType] [10021] - --------------------------setting values-----------------------------
[INFO ][2015-12-04 18:05:36,342][com.java.TestType] [10024] - Action Type : CLEARANDENTER
[INFO ][2015-12-04 18:05:36,342][com.java.TestType] [ 5426] - value = naresh.nayini.00000
[INFO ][2015-12-04 18:05:41,163][com.java.TestType] [10043] -  RESULT true
[INFO ][2015-12-04 18:05:41,163][com.java.TestType] [10160] - ?   P A S S   ?
[DEBUG][2015-12-04 18:05:41,163][com.java.TestType] [ 9966] - Concept ID:1 :: Step being Executed: 1::2
[INFO ][2015-12-04 18:05:41,163][com.java.TestType] [10004] - dataFields : TXTpassword
[DEBUG][2015-12-04 18:05:41,164][com.java.TestType] [10010] - <In Set values of the page>
[DEBUG][2015-12-04 18:05:41,164][com.java.TestType] [10015] - {Data Fields & Data Values Exist}
[INFO ][2015-12-04 18:05:41,164][com.java.TestType] [10021] - --------------------------setting values-----------------------------
[INFO ][2015-12-04 18:05:41,164][com.java.TestType] [10024] - Action Type : CLEARANDENTER
[INFO ][2015-12-04 18:05:41,164][com.java.TestType] [ 5426] - value = Password1*
[INFO ][2015-12-04 18:05:46,061][com.java.TestType] [10043] -  RESULT true
[INFO ][2015-12-04 18:05:46,061][com.java.TestType] [10160] - ?   P A S S   ?
[DEBUG][2015-12-04 18:05:46,061][com.java.TestType] [ 9966] - Concept ID:1 :: Step being Executed: 1::3
[ERROR][2015-12-04 18:05:46,061][com.java.TestType] [ 9999] - Exception: null
[INFO ][2015-12-04 18:05:46,061][com.java.TestType] [10004] - dataFields : XPH//button[@type='submit']
[DEBUG][2015-12-04 18:05:46,061][com.java.TestType] [10010] - <In Set values of the page>
[DEBUG][2015-12-04 18:05:46,061][com.java.TestType] [10015] - {Data Fields & Data Values Exist}
[INFO ][2015-12-04 18:05:46,061][com.java.TestType] [10021] - --------------------------setting values-----------------------------
[INFO ][2015-12-04 18:05:46,061][com.java.TestType] [10024] - Action Type : Click
[INFO ][2015-12-04 18:05:46,062][com.java.TestType] [ 5754] - Field ::XPH//button[@type='submit']
[INFO ][2015-12-04 18:05:47,062][com.java.TestType] [ 5841] - BEFORE CLICK
[INFO ][2015-12-04 18:05:47,927][com.java.TestType] [ 5849] - Unable to click the object Login
[INFO ][2015-12-04 18:05:47,927][com.java.TestType] [10043] -  RESULT true
[INFO ][2015-12-04 18:05:47,927][com.java.TestType] [10160] - ?   P A S S   ?
[DEBUG][2015-12-04 18:05:47,927][com.java.TestType] [ 9966] - Concept ID:1 :: Step being Executed: 1::4
[INFO ][2015-12-04 18:05:47,927][com.java.TestType] [10004] - dataFields : LNKLogout
[DEBUG][2015-12-04 18:05:47,927][com.java.TestType] [10010] - <In Set values of the page>
[DEBUG][2015-12-04 18:05:47,927][com.java.TestType] [10015] - {Data Fields & Data Values Exist}
[INFO ][2015-12-04 18:05:47,927][com.java.TestType] [10021] - --------------------------setting values-----------------------------
[INFO ][2015-12-04 18:05:47,927][com.java.TestType] [10024] - Action Type : WaitForElement
[INFO ][2015-12-04 18:05:51,368][com.java.TestType] [10043] -  RESULT true
[INFO ][2015-12-04 18:05:51,368][com.java.TestType] [10160] - ?   P A S S   ?
[DEBUG][2015-12-04 18:05:51,368][com.java.TestType] [ 9966] - Concept ID:1 :: Step being Executed: 1::13
[INFO ][2015-12-04 18:05:51,368][com.java.TestType] [10004] - dataFields : LNK
[DEBUG][2015-12-04 18:05:51,368][com.java.TestType] [10010] - <In Set values of the page>
[DEBUG][2015-12-04 18:05:51,369][com.java.TestType] [10015] - {Data Fields & Data Values Exist}
[INFO ][2015-12-04 18:05:51,369][com.java.TestType] [10021] - --------------------------setting values-----------------------------
[INFO ][2015-12-04 18:05:51,369][com.java.TestType] [10024] - Action Type : Verify
[INFO ][2015-12-04 18:05:51,369][com.java.TestType] [ 6617] - field= LNK value= Logout
[INFO ][2015-12-04 18:05:51,371][com.java.TestType] [ 5426] - value = Logout
[INFO ][2015-12-04 18:05:51,407][com.java.TestType] [10043] -  RESULT true
[INFO ][2015-12-04 18:05:51,407][com.java.TestType] [10160] - ?   P A S S   ?
[DEBUG][2015-12-04 18:05:51,407][com.java.TestType] [ 9966] - Concept ID:1 :: Step being Executed: 1::14
[INFO ][2015-12-04 18:05:51,407][com.java.TestType] [10004] - dataFields : BTN
[DEBUG][2015-12-04 18:05:51,407][com.java.TestType] [10010] - <In Set values of the page>
[DEBUG][2015-12-04 18:05:51,408][com.java.TestType] [10015] - {Data Fields & Data Values Exist}
[INFO ][2015-12-04 18:05:51,408][com.java.TestType] [10021] - --------------------------setting values-----------------------------
[INFO ][2015-12-04 18:05:51,408][com.java.TestType] [10024] - Action Type : Verify
[INFO ][2015-12-04 18:05:51,408][com.java.TestType] [ 6617] - field= BTN value= //img[contains(@src,'bdlogo.jpg')]
[INFO ][2015-12-04 18:05:51,408][com.java.TestType] [ 5426] - value = //img[contains(@src,'bdlogo.jpg')]
[INFO ][2015-12-04 18:05:51,487][com.java.TestType] [10043] -  RESULT true
[INFO ][2015-12-04 18:05:51,487][com.java.TestType] [10160] - ?   P A S S   ?
[INFO ][2015-12-04 18:05:51,487][com.java.TestType] [10231] - Looping End......
[INFO ][2015-12-04 18:05:51,488][com.java.SeleniumDriver] [  877] -  RESULT true
[INFO ][2015-12-04 18:05:51,489][com.java.SeleniumDriver] [ 1083] - ?   P A S S   ?
[INFO ][2015-12-04 18:05:51,489][com.java.SeleniumDriver] [  804] - ------------------------------------------
[INFO ][2015-12-04 18:05:51,489][com.java.SeleniumDriver] [  805] - Test case being Executed: 1
[INFO ][2015-12-04 18:05:51,489][com.java.SeleniumDriver] [  816] - Test step:2
[INFO ][2015-12-04 18:05:51,489][com.java.SeleniumDriver] [  828] - Datavalue is----------Concept#2:1-2
[INFO ][2015-12-04 18:05:51,489][com.java.SeleniumDriver] [  852] - DataField : test
[INFO ][2015-12-04 18:05:51,489][com.java.SeleniumDriver] [  854] - DataValue : Concept#2:1-2
[INFO ][2015-12-04 18:05:51,489][com.java.SeleniumDriver] [  860] - <In Set values of the page>
[INFO ][2015-12-04 18:05:51,489][com.java.SeleniumDriver] [  863] - {Data Fields & Data Values Exist}
[INFO ][2015-12-04 18:05:51,489][com.java.SeleniumDriver] [  865] - --------------------------setting values-----------------------------
[INFO ][2015-12-04 18:05:51,489][com.java.SeleniumDriver] [  868] - Action Type : ExecuteTestCase
[INFO ][2015-12-04 18:05:51,490][com.java.TestType] [  436] - The Concept sheet name is ---------- Concept
[INFO ][2015-12-04 18:05:51,490][com.java.TestType] [  439] - The Concept ID  is ---------- 2
[DEBUG][2015-12-04 18:05:51,490][com.java.TestType] [  443] - Steps being executted in the Concept are: 1:2
[INFO ][2015-12-04 18:05:51,490][com.java.TestType] [  450] - Test data details path ---------- D:\BankersDashboard\TestInputs\TestData.xls
[INFO ][2015-12-04 18:05:51,507][com.java.TestType] [  481] -  str(1) = 2
[INFO ][2015-12-04 18:05:51,508][com.java.TestType] [  484] - Test case Id is---2
[INFO ][2015-12-04 18:05:51,508][com.java.TestType] [  486] - 2
[INFO ][2015-12-04 18:05:51,508][com.java.TestType] [  481] -  str(2) = 1
[INFO ][2015-12-04 18:05:51,509][com.java.TestType] [  533] - row values are--------{1=com.java.Objects.TestDataDetails@1bf07d6}
[INFO ][2015-12-04 18:05:51,510][com.java.TestType] [  481] -  str(1) = 2
[INFO ][2015-12-04 18:05:51,510][com.java.TestType] [  484] - Test case Id is---2
[INFO ][2015-12-04 18:05:51,510][com.java.TestType] [  486] - 2
[INFO ][2015-12-04 18:05:51,510][com.java.TestType] [  481] -  str(2) = 2
[INFO ][2015-12-04 18:05:51,510][com.java.TestType] [  533] - row values are--------{1=com.java.Objects.TestDataDetails@1bf07d6, 2=com.java.Objects.TestDataDetails@646a29}
[INFO ][2015-12-04 18:05:51,510][com.java.TestType] [  481] -  str(1) = 2
[INFO ][2015-12-04 18:05:51,511][com.java.TestType] [  484] - Test case Id is---2
[INFO ][2015-12-04 18:05:51,511][com.java.TestType] [  486] - 2
[INFO ][2015-12-04 18:05:51,511][com.java.TestType] [  481] -  str(2) = 3
[INFO ][2015-12-04 18:05:51,511][com.java.TestType] [  533] - row values are--------{1=com.java.Objects.TestDataDetails@1bf07d6, 2=com.java.Objects.TestDataDetails@646a29, 3=com.java.Objects.TestDataDetails@157a8be}
[INFO ][2015-12-04 18:05:51,511][com.java.TestType] [ 9925] - Looping 1TCID = 2
[DEBUG][2015-12-04 18:05:51,512][com.java.TestType] [ 9966] - Concept ID:2 :: Step being Executed: 2::1
[INFO ][2015-12-04 18:05:51,512][com.java.TestType] [10004] - dataFields : BNK//select[@id='bank']
[DEBUG][2015-12-04 18:05:51,512][com.java.TestType] [10010] - <In Set values of the page>
[DEBUG][2015-12-04 18:05:51,512][com.java.TestType] [10015] - {Data Fields & Data Values Exist}
[INFO ][2015-12-04 18:05:51,512][com.java.TestType] [10021] - --------------------------setting values-----------------------------
[INFO ][2015-12-04 18:05:51,512][com.java.TestType] [10024] - Action Type : Select
[INFO ][2015-12-04 18:05:51,512][com.java.TestType] [ 5426] - value = PFC
[INFO ][2015-12-04 18:05:51,708][com.java.TestType] [10043] -  RESULT true
[INFO ][2015-12-04 18:05:51,708][com.java.TestType] [10160] - ?   P A S S   ?
[DEBUG][2015-12-04 18:05:51,708][com.java.TestType] [ 9966] - Concept ID:2 :: Step being Executed: 2::2
[INFO ][2015-12-04 18:05:51,708][com.java.TestType] [10004] - dataFields : LNKLogout
[DEBUG][2015-12-04 18:05:51,708][com.java.TestType] [10010] - <In Set values of the page>
[DEBUG][2015-12-04 18:05:51,708][com.java.TestType] [10015] - {Data Fields & Data Values Exist}
[INFO ][2015-12-04 18:05:51,708][com.java.TestType] [10021] - --------------------------setting values-----------------------------
[INFO ][2015-12-04 18:05:51,708][com.java.TestType] [10024] - Action Type : WaitTime
[DEBUG][2015-12-04 18:05:51,708][com.java.TestType] [ 5246] - sleepTime: 5000
[INFO ][2015-12-04 18:05:56,709][com.java.TestType] [10043] -  RESULT true
[INFO ][2015-12-04 18:05:56,709][com.java.TestType] [10160] - ?   P A S S   ?
[INFO ][2015-12-04 18:05:56,709][com.java.TestType] [10231] - Looping End......
[INFO ][2015-12-04 18:05:56,710][com.java.SeleniumDriver] [  877] -  RESULT true
[INFO ][2015-12-04 18:05:56,710][com.java.SeleniumDriver] [ 1083] - ?   P A S S   ?
[INFO ][2015-12-04 18:05:56,710][com.java.SeleniumDriver] [  804] - ------------------------------------------
[INFO ][2015-12-04 18:05:56,711][com.java.SeleniumDriver] [  805] - Test case being Executed: 1
[INFO ][2015-12-04 18:05:56,711][com.java.SeleniumDriver] [  816] - Test step:3
[INFO ][2015-12-04 18:05:56,711][com.java.SeleniumDriver] [  828] - Datavalue is----------2
[INFO ][2015-12-04 18:05:56,711][com.java.SeleniumDriver] [  852] - DataField : XPH//button[contains(text(),'Add Content')]
[INFO ][2015-12-04 18:05:56,711][com.java.SeleniumDriver] [  854] - DataValue : 2
[INFO ][2015-12-04 18:05:56,711][com.java.SeleniumDriver] [  860] - <In Set values of the page>
[INFO ][2015-12-04 18:05:56,711][com.java.SeleniumDriver] [  863] - {Data Fields & Data Values Exist}
[INFO ][2015-12-04 18:05:56,711][com.java.SeleniumDriver] [  865] - --------------------------setting values-----------------------------
[INFO ][2015-12-04 18:05:56,711][com.java.SeleniumDriver] [  868] - Action Type : WAITFORELEMENT
[INFO ][2015-12-04 18:05:56,746][com.java.SeleniumDriver] [  877] -  RESULT true
[INFO ][2015-12-04 18:05:56,746][com.java.SeleniumDriver] [ 1083] - ?   P A S S   ?
[DEBUG][2015-12-04 18:05:56,746][com.java.SeleniumDriver] [ 1195] - Case found
[DEBUG][2015-12-04 18:05:56,746][com.java.SeleniumDriver] [ 1200] - Incrementing ReportCounters[0]:1
[INFO ][2015-12-04 18:05:56,746][com.java.SeleniumDriver] [ 1219] - The results are-------------------[1, 1, Valid Login, Pass, , Fri Dec 04 18:05:51 IST 2015, 1, 2, Valid Login, Pass, , Fri Dec 04 18:05:56 IST 2015, 1, 3, Valid Login, Pass, , Fri Dec 04 18:05:56 IST 2015]
[INFO ][2015-12-04 18:05:56,746][com.java.SeleniumDriver] [ 1223] - End time is-------35 sec
[INFO ][2015-12-04 18:05:56,746][com.java.SeleniumDriver] [ 1224] - The results are-------------------[1, 1, Valid Login, Pass, , Fri Dec 04 18:05:51 IST 2015, 1, 2, Valid Login, Pass, , Fri Dec 04 18:05:56 IST 2015, 1, 3, Valid Login, Pass, , Fri Dec 04 18:05:56 IST 2015]
[DEBUG][2015-12-04 18:05:56,746][com.java.ImportnExport.ExportTestResultsExcel] [  222] - testResultPath = D:\BankersDashboard/TestReports/Test Results_BankersDashBoard_120415_180523_IE10_Any Bank USA.xls
[DEBUG][2015-12-04 18:05:56,746][com.java.ImportnExport.ExportTestResultsExcel] [  223] - browser is------------IE10
[DEBUG][2015-12-04 18:05:56,789][com.java.ImportnExport.ExportTestResultsExcel] [  270] - result.size() = 18
[DEBUG][2015-12-04 18:05:56,789][com.java.ImportnExport.ExportTestResultsExcel] [  274] - No of rows in sheet=1
[DEBUG][2015-12-04 18:05:56,790][com.java.ImportnExport.ExportTestResultsExcel] [  301] - ..in export..1
[DEBUG][2015-12-04 18:05:56,790][com.java.ImportnExport.ExportTestResultsExcel] [  301] - ..in export..Valid Login
[DEBUG][2015-12-04 18:05:56,790][com.java.ImportnExport.ExportTestResultsExcel] [  301] - ..in export..Pass
[DEBUG][2015-12-04 18:05:56,790][com.java.ImportnExport.ExportTestResultsExcel] [  301] - ..in export..
[DEBUG][2015-12-04 18:05:56,790][com.java.ImportnExport.ExportTestResultsExcel] [  301] - ..in export..Fri Dec 04 18:05:51 IST 2015
[INFO ][2015-12-04 18:05:56,793][com.java.SeleniumDriver] [ 1282] - out loop:0 size:2 TestCases:[1, 7] testcases:[1, 7]
[INFO ][2015-12-04 18:05:56,793][com.java.ImportnExport.ImportTestDataDetailsExcel] [   49] - test data details path===== D:\BankersDashboard\TestInputs\TestData.xls
[INFO ][2015-12-04 18:06:12,684][com.java.SeleniumDriver] [  804] - ------------------------------------------
[INFO ][2015-12-04 18:06:12,684][com.java.SeleniumDriver] [  805] - Test case being Executed: 7
[INFO ][2015-12-04 18:06:12,684][com.java.SeleniumDriver] [  816] - Test step:1
[INFO ][2015-12-04 18:06:12,684][com.java.SeleniumDriver] [  828] - Datavalue is----------test
[INFO ][2015-12-04 18:06:12,684][com.java.SeleniumDriver] [  852] - DataField : test
[INFO ][2015-12-04 18:06:12,684][com.java.SeleniumDriver] [  854] - DataValue : test
[INFO ][2015-12-04 18:06:12,684][com.java.SeleniumDriver] [  860] - <In Set values of the page>
[INFO ][2015-12-04 18:06:12,684][com.java.SeleniumDriver] [  863] - {Data Fields & Data Values Exist}
[INFO ][2015-12-04 18:06:12,684][com.java.SeleniumDriver] [  865] - --------------------------setting values-----------------------------
[INFO ][2015-12-04 18:06:12,684][com.java.SeleniumDriver] [  868] - Action Type : SELECTMAINWINDOWANDCLOSEOTHER
[INFO ][2015-12-04 18:06:22,841][com.java.SeleniumDriver] [  877] -  RESULT true
[INFO ][2015-12-04 18:06:22,841][com.java.SeleniumDriver] [ 1083] - ?   P A S S   ?
[INFO ][2015-12-04 18:06:22,841][com.java.SeleniumDriver] [  804] - ------------------------------------------
[INFO ][2015-12-04 18:06:22,841][com.java.SeleniumDriver] [  805] - Test case being Executed: 7
[INFO ][2015-12-04 18:06:22,841][com.java.SeleniumDriver] [  816] - Test step:2
[INFO ][2015-12-04 18:06:22,841][com.java.SeleniumDriver] [  828] - Datavalue is----------Logout
[INFO ][2015-12-04 18:06:22,841][com.java.SeleniumDriver] [  852] - DataField : BTN
[INFO ][2015-12-04 18:06:22,841][com.java.SeleniumDriver] [  854] - DataValue : Logout
[INFO ][2015-12-04 18:06:22,841][com.java.SeleniumDriver] [  860] - <In Set values of the page>
[INFO ][2015-12-04 18:06:22,841][com.java.SeleniumDriver] [  863] - {Data Fields & Data Values Exist}
[INFO ][2015-12-04 18:06:22,841][com.java.SeleniumDriver] [  865] - --------------------------setting values-----------------------------
[INFO ][2015-12-04 18:06:22,841][com.java.SeleniumDriver] [  868] - Action Type : Verify
[INFO ][2015-12-04 18:06:22,842][com.java.TestType] [ 6617] - field= BTN value= Logout
[INFO ][2015-12-04 18:06:22,842][com.java.TestType] [ 5426] - value = Logout
[INFO ][2015-12-04 18:06:22,918][com.java.SeleniumDriver] [  877] -  RESULT true
[INFO ][2015-12-04 18:06:22,918][com.java.SeleniumDriver] [ 1083] - ?   P A S S   ?
[INFO ][2015-12-04 18:06:22,918][com.java.SeleniumDriver] [ 1125] - step change to 4
[INFO ][2015-12-04 18:06:22,918][com.java.SeleniumDriver] [  804] - ------------------------------------------
[INFO ][2015-12-04 18:06:22,918][com.java.SeleniumDriver] [  805] - Test case being Executed: 7
[INFO ][2015-12-04 18:06:22,918][com.java.SeleniumDriver] [  816] - Test step:4
[INFO ][2015-12-04 18:06:22,918][com.java.SeleniumDriver] [  828] - Datavalue is----------Concept#2:1-2
[INFO ][2015-12-04 18:06:22,918][com.java.SeleniumDriver] [  852] - DataField : test
[INFO ][2015-12-04 18:06:22,919][com.java.SeleniumDriver] [  854] - DataValue : Concept#2:1-2
[INFO ][2015-12-04 18:06:22,919][com.java.SeleniumDriver] [  860] - <In Set values of the page>
[INFO ][2015-12-04 18:06:22,919][com.java.SeleniumDriver] [  863] - {Data Fields & Data Values Exist}
[INFO ][2015-12-04 18:06:22,919][com.java.SeleniumDriver] [  865] - --------------------------setting values-----------------------------
[INFO ][2015-12-04 18:06:22,919][com.java.SeleniumDriver] [  868] - Action Type : ExecuteTestCase
[INFO ][2015-12-04 18:06:22,919][com.java.TestType] [  436] - The Concept sheet name is ---------- Concept
[INFO ][2015-12-04 18:06:22,919][com.java.TestType] [  439] - The Concept ID  is ---------- 2
[DEBUG][2015-12-04 18:06:22,919][com.java.TestType] [  443] - Steps being executted in the Concept are: 1:2
[INFO ][2015-12-04 18:06:22,919][com.java.TestType] [  450] - Test data details path ---------- D:\BankersDashboard\TestInputs\TestData.xls
[INFO ][2015-12-04 18:06:22,937][com.java.TestType] [  481] -  str(1) = 2
[INFO ][2015-12-04 18:06:22,938][com.java.TestType] [  484] - Test case Id is---2
[INFO ][2015-12-04 18:06:22,938][com.java.TestType] [  486] - 2
[INFO ][2015-12-04 18:06:22,938][com.java.TestType] [  481] -  str(2) = 1
[INFO ][2015-12-04 18:06:22,939][com.java.TestType] [  533] - row values are--------{1=com.java.Objects.TestDataDetails@93a0d7}
[INFO ][2015-12-04 18:06:22,939][com.java.TestType] [  481] -  str(1) = 2
[INFO ][2015-12-04 18:06:22,939][com.java.TestType] [  484] - Test case Id is---2
[INFO ][2015-12-04 18:06:22,939][com.java.TestType] [  486] - 2
[INFO ][2015-12-04 18:06:22,939][com.java.TestType] [  481] -  str(2) = 2
[INFO ][2015-12-04 18:06:22,940][com.java.TestType] [  533] - row values are--------{1=com.java.Objects.TestDataDetails@93a0d7, 2=com.java.Objects.TestDataDetails@16b7537}
[INFO ][2015-12-04 18:06:22,940][com.java.TestType] [  481] -  str(1) = 2
[INFO ][2015-12-04 18:06:22,940][com.java.TestType] [  484] - Test case Id is---2
[INFO ][2015-12-04 18:06:22,940][com.java.TestType] [  486] - 2
[INFO ][2015-12-04 18:06:22,940][com.java.TestType] [  481] -  str(2) = 3
[INFO ][2015-12-04 18:06:22,941][com.java.TestType] [  533] - row values are--------{1=com.java.Objects.TestDataDetails@93a0d7, 2=com.java.Objects.TestDataDetails@16b7537, 3=com.java.Objects.TestDataDetails@1bf1042}
[INFO ][2015-12-04 18:06:22,941][com.java.TestType] [ 9925] - Looping 1TCID = 2
[DEBUG][2015-12-04 18:06:22,941][com.java.TestType] [ 9966] - Concept ID:2 :: Step being Executed: 2::1
[INFO ][2015-12-04 18:06:22,941][com.java.TestType] [10004] - dataFields : BNK//select[@id='bank']
[DEBUG][2015-12-04 18:06:22,941][com.java.TestType] [10010] - <In Set values of the page>
[DEBUG][2015-12-04 18:06:22,941][com.java.TestType] [10015] - {Data Fields & Data Values Exist}
[INFO ][2015-12-04 18:06:22,941][com.java.TestType] [10021] - --------------------------setting values-----------------------------
[INFO ][2015-12-04 18:06:22,942][com.java.TestType] [10024] - Action Type : Select
[INFO ][2015-12-04 18:06:22,942][com.java.TestType] [ 5426] - value = PFC
[INFO ][2015-12-04 18:06:23,138][com.java.TestType] [10043] -  RESULT true
[INFO ][2015-12-04 18:06:23,138][com.java.TestType] [10160] - ?   P A S S   ?
[DEBUG][2015-12-04 18:06:23,138][com.java.TestType] [ 9966] - Concept ID:2 :: Step being Executed: 2::2
[INFO ][2015-12-04 18:06:23,138][com.java.TestType] [10004] - dataFields : LNKLogout
[DEBUG][2015-12-04 18:06:23,138][com.java.TestType] [10010] - <In Set values of the page>
[DEBUG][2015-12-04 18:06:23,138][com.java.TestType] [10015] - {Data Fields & Data Values Exist}
[INFO ][2015-12-04 18:06:23,139][com.java.TestType] [10021] - --------------------------setting values-----------------------------
[INFO ][2015-12-04 18:06:23,139][com.java.TestType] [10024] - Action Type : WaitTime
[DEBUG][2015-12-04 18:06:23,139][com.java.TestType] [ 5246] - sleepTime: 5000
[INFO ][2015-12-04 18:06:28,139][com.java.TestType] [10043] -  RESULT true
[INFO ][2015-12-04 18:06:28,139][com.java.TestType] [10160] - ?   P A S S   ?
[INFO ][2015-12-04 18:06:28,139][com.java.TestType] [10231] - Looping End......
[INFO ][2015-12-04 18:06:28,140][com.java.SeleniumDriver] [  877] -  RESULT true
[INFO ][2015-12-04 18:06:28,140][com.java.SeleniumDriver] [ 1083] - ?   P A S S   ?
[INFO ][2015-12-04 18:06:28,141][com.java.SeleniumDriver] [  804] - ------------------------------------------
[INFO ][2015-12-04 18:06:28,141][com.java.SeleniumDriver] [  805] - Test case being Executed: 7
[INFO ][2015-12-04 18:06:28,141][com.java.SeleniumDriver] [  816] - Test step:5
[INFO ][2015-12-04 18:06:28,141][com.java.SeleniumDriver] [  828] - Datavalue is----------null
[DEBUG][2015-12-04 18:06:28,141][com.java.SeleniumDriver] [  846] - Exception: null
[INFO ][2015-12-04 18:06:28,141][com.java.SeleniumDriver] [  852] - DataField : //span[@class='icon-stats']&&//a[@data-id="Forecasting"]
[INFO ][2015-12-04 18:06:28,141][com.java.SeleniumDriver] [  854] - DataValue : 
[INFO ][2015-12-04 18:06:28,141][com.java.SeleniumDriver] [  860] - <In Set values of the page>
[INFO ][2015-12-04 18:06:28,141][com.java.SeleniumDriver] [  863] - {Data Fields & Data Values Exist}
[INFO ][2015-12-04 18:06:28,141][com.java.SeleniumDriver] [  865] - --------------------------setting values-----------------------------
[INFO ][2015-12-04 18:06:28,141][com.java.SeleniumDriver] [  868] - Action Type : MOUSEOVER
[INFO ][2015-12-04 18:06:51,203][com.java.SeleniumDriver] [  877] -  RESULT true
[INFO ][2015-12-04 18:06:51,203][com.java.SeleniumDriver] [ 1083] - ?   P A S S   ?
[INFO ][2015-12-04 18:06:51,203][com.java.SeleniumDriver] [  804] - ------------------------------------------
[INFO ][2015-12-04 18:06:51,203][com.java.SeleniumDriver] [  805] - Test case being Executed: 7
[INFO ][2015-12-04 18:06:51,203][com.java.SeleniumDriver] [  816] - Test step:6
[INFO ][2015-12-04 18:06:51,203][com.java.SeleniumDriver] [  828] - Datavalue is----------5
[INFO ][2015-12-04 18:06:51,203][com.java.SeleniumDriver] [  852] - DataField : null
[INFO ][2015-12-04 18:06:51,203][com.java.SeleniumDriver] [  854] - DataValue : 5
[INFO ][2015-12-04 18:06:51,203][com.java.SeleniumDriver] [  860] - <In Set values of the page>
[INFO ][2015-12-04 18:06:51,203][com.java.SeleniumDriver] [  863] - {Data Fields & Data Values Exist}
[INFO ][2015-12-04 18:06:51,203][com.java.SeleniumDriver] [  865] - --------------------------setting values-----------------------------
[INFO ][2015-12-04 18:06:51,203][com.java.SeleniumDriver] [  868] - Action Type : WAITTIME
[DEBUG][2015-12-04 18:06:51,204][com.java.TestType] [ 5246] - sleepTime: 5000
[INFO ][2015-12-04 18:06:56,204][com.java.SeleniumDriver] [  877] -  RESULT true
[INFO ][2015-12-04 18:06:56,204][com.java.SeleniumDriver] [ 1083] - ?   P A S S   ?
[INFO ][2015-12-04 18:06:56,204][com.java.SeleniumDriver] [  804] - ------------------------------------------
[INFO ][2015-12-04 18:06:56,204][com.java.SeleniumDriver] [  805] - Test case being Executed: 7
[INFO ][2015-12-04 18:06:56,204][com.java.SeleniumDriver] [  816] - Test step:7
[INFO ][2015-12-04 18:06:56,204][com.java.SeleniumDriver] [  828] - Datavalue is----------Forecasting 
[INFO ][2015-12-04 18:06:56,204][com.java.SeleniumDriver] [  852] - DataField : TTL
[INFO ][2015-12-04 18:06:56,204][com.java.SeleniumDriver] [  854] - DataValue : Forecasting 
[INFO ][2015-12-04 18:06:56,204][com.java.SeleniumDriver] [  860] - <In Set values of the page>
[INFO ][2015-12-04 18:06:56,204][com.java.SeleniumDriver] [  863] - {Data Fields & Data Values Exist}
[INFO ][2015-12-04 18:06:56,204][com.java.SeleniumDriver] [  865] - --------------------------setting values-----------------------------
[INFO ][2015-12-04 18:06:56,204][com.java.SeleniumDriver] [  868] - Action Type : SELECTWINDOW
[INFO ][2015-12-04 18:07:08,749][com.java.SeleniumDriver] [  877] -  RESULT true
[INFO ][2015-12-04 18:07:08,749][com.java.SeleniumDriver] [ 1083] - ?   P A S S   ?
[INFO ][2015-12-04 18:07:08,749][com.java.SeleniumDriver] [  804] - ------------------------------------------
[INFO ][2015-12-04 18:07:08,749][com.java.SeleniumDriver] [  805] - Test case being Executed: 7
[INFO ][2015-12-04 18:07:08,749][com.java.SeleniumDriver] [  816] - Test step:8
[INFO ][2015-12-04 18:07:08,749][com.java.SeleniumDriver] [  828] - Datavalue is----------null
[DEBUG][2015-12-04 18:07:08,750][com.java.SeleniumDriver] [  846] - Exception: null
[INFO ][2015-12-04 18:07:08,750][com.java.SeleniumDriver] [  852] - DataField : BTNframeDialogContent
[INFO ][2015-12-04 18:07:08,750][com.java.SeleniumDriver] [  854] - DataValue : 
[INFO ][2015-12-04 18:07:08,750][com.java.SeleniumDriver] [  860] - <In Set values of the page>
[INFO ][2015-12-04 18:07:08,750][com.java.SeleniumDriver] [  863] - {Data Fields & Data Values Exist}
[INFO ][2015-12-04 18:07:08,750][com.java.SeleniumDriver] [  865] - --------------------------setting values-----------------------------
[INFO ][2015-12-04 18:07:08,750][com.java.SeleniumDriver] [  868] - Action Type : SELECTFRAME
[INFO ][2015-12-04 18:07:09,895][com.java.SeleniumDriver] [  877] -  RESULT true
[INFO ][2015-12-04 18:07:09,895][com.java.SeleniumDriver] [ 1083] - ?   P A S S   ?
[INFO ][2015-12-04 18:07:09,895][com.java.SeleniumDriver] [  804] - ------------------------------------------
[INFO ][2015-12-04 18:07:09,895][com.java.SeleniumDriver] [  805] - Test case being Executed: 7
[INFO ][2015-12-04 18:07:09,895][com.java.SeleniumDriver] [  816] - Test step:9
[INFO ][2015-12-04 18:07:09,895][com.java.SeleniumDriver] [  828] - Datavalue is----------2
[INFO ][2015-12-04 18:07:09,895][com.java.SeleniumDriver] [  852] - DataField : DSPddlProjects
[INFO ][2015-12-04 18:07:09,895][com.java.SeleniumDriver] [  854] - DataValue : 2
[INFO ][2015-12-04 18:07:09,895][com.java.SeleniumDriver] [  860] - <In Set values of the page>
[INFO ][2015-12-04 18:07:09,895][com.java.SeleniumDriver] [  863] - {Data Fields & Data Values Exist}
[INFO ][2015-12-04 18:07:09,895][com.java.SeleniumDriver] [  865] - --------------------------setting values-----------------------------
[INFO ][2015-12-04 18:07:09,895][com.java.SeleniumDriver] [  868] - Action Type : WAITFORELEMENT
[INFO ][2015-12-04 18:07:10,978][com.java.SeleniumDriver] [  877] -  RESULT true
[INFO ][2015-12-04 18:07:10,978][com.java.SeleniumDriver] [ 1083] - ?   P A S S   ?
[INFO ][2015-12-04 18:07:10,978][com.java.SeleniumDriver] [  804] - ------------------------------------------
[INFO ][2015-12-04 18:07:10,978][com.java.SeleniumDriver] [  805] - Test case being Executed: 7
[INFO ][2015-12-04 18:07:10,978][com.java.SeleniumDriver] [  816] - Test step:10
[INFO ][2015-12-04 18:07:10,978][com.java.SeleniumDriver] [  828] - Datavalue is----------index:1
[INFO ][2015-12-04 18:07:10,978][com.java.SeleniumDriver] [  852] - DataField : COBddlProjects
[INFO ][2015-12-04 18:07:10,978][com.java.SeleniumDriver] [  854] - DataValue : index:1
[INFO ][2015-12-04 18:07:10,978][com.java.SeleniumDriver] [  860] - <In Set values of the page>
[INFO ][2015-12-04 18:07:10,978][com.java.SeleniumDriver] [  863] - {Data Fields & Data Values Exist}
[INFO ][2015-12-04 18:07:10,978][com.java.SeleniumDriver] [  865] - --------------------------setting values-----------------------------
[INFO ][2015-12-04 18:07:10,978][com.java.SeleniumDriver] [  868] - Action Type : SELECT
[INFO ][2015-12-04 18:07:10,978][com.java.TestType] [ 5426] - value = 1
[INFO ][2015-12-04 18:07:12,050][com.java.TestType] [ 5544] -  In COB ddlProjects : 1
[INFO ][2015-12-04 18:07:12,180][com.java.SeleniumDriver] [  877] -  RESULT true
[INFO ][2015-12-04 18:07:12,180][com.java.SeleniumDriver] [ 1083] - ?   P A S S   ?
[INFO ][2015-12-04 18:07:12,180][com.java.SeleniumDriver] [  804] - ------------------------------------------
[INFO ][2015-12-04 18:07:12,180][com.java.SeleniumDriver] [  805] - Test case being Executed: 7
[INFO ][2015-12-04 18:07:12,180][com.java.SeleniumDriver] [  816] - Test step:11
[INFO ][2015-12-04 18:07:12,180][com.java.SeleniumDriver] [  828] - Datavalue is----------CurrentProject
[INFO ][2015-12-04 18:07:12,180][com.java.SeleniumDriver] [  852] - DataField : SLBddlProjects
[INFO ][2015-12-04 18:07:12,180][com.java.SeleniumDriver] [  854] - DataValue : CurrentProject
[INFO ][2015-12-04 18:07:12,180][com.java.SeleniumDriver] [  860] - <In Set values of the page>
[INFO ][2015-12-04 18:07:12,180][com.java.SeleniumDriver] [  863] - {Data Fields & Data Values Exist}
[INFO ][2015-12-04 18:07:12,180][com.java.SeleniumDriver] [  865] - --------------------------setting values-----------------------------
[INFO ][2015-12-04 18:07:12,180][com.java.SeleniumDriver] [  868] - Action Type : storevalue
[INFO ][2015-12-04 18:07:12,181][com.java.TestType] [ 7795] - field= SLBddlProjects
[INFO ][2015-12-04 18:07:13,354][com.java.SeleniumDriver] [  877] -  RESULT true
[INFO ][2015-12-04 18:07:13,354][com.java.SeleniumDriver] [ 1083] - ?   P A S S   ?
[INFO ][2015-12-04 18:07:13,355][com.java.SeleniumDriver] [  804] - ------------------------------------------
[INFO ][2015-12-04 18:07:13,355][com.java.SeleniumDriver] [  805] - Test case being Executed: 7
[INFO ][2015-12-04 18:07:13,356][com.java.SeleniumDriver] [  816] - Test step:12
[INFO ][2015-12-04 18:07:13,356][com.java.SeleniumDriver] [  828] - Datavalue is----------null
[DEBUG][2015-12-04 18:07:13,356][com.java.SeleniumDriver] [  846] - Exception: null
[INFO ][2015-12-04 18:07:13,356][com.java.SeleniumDriver] [  852] - DataField : HDNbtnOpenProject
[INFO ][2015-12-04 18:07:13,356][com.java.SeleniumDriver] [  854] - DataValue : 
[INFO ][2015-12-04 18:07:13,356][com.java.SeleniumDriver] [  860] - <In Set values of the page>
[INFO ][2015-12-04 18:07:13,356][com.java.SeleniumDriver] [  863] - {Data Fields & Data Values Exist}
[INFO ][2015-12-04 18:07:13,356][com.java.SeleniumDriver] [  865] - --------------------------setting values-----------------------------
[INFO ][2015-12-04 18:07:13,356][com.java.SeleniumDriver] [  868] - Action Type : CLICK
[INFO ][2015-12-04 18:07:13,356][com.java.TestType] [ 5754] - Field ::HDNbtnOpenProject
[INFO ][2015-12-04 18:07:16,496][com.java.SeleniumDriver] [  877] -  RESULT true
[INFO ][2015-12-04 18:07:16,496][com.java.SeleniumDriver] [ 1083] - ?   P A S S   ?
[INFO ][2015-12-04 18:07:16,497][com.java.SeleniumDriver] [  804] - ------------------------------------------
[INFO ][2015-12-04 18:07:16,497][com.java.SeleniumDriver] [  805] - Test case being Executed: 7
[INFO ][2015-12-04 18:07:16,497][com.java.SeleniumDriver] [  816] - Test step:13
[INFO ][2015-12-04 18:07:16,497][com.java.SeleniumDriver] [  828] - Datavalue is----------2
[INFO ][2015-12-04 18:07:16,497][com.java.SeleniumDriver] [  852] - DataField : null
[INFO ][2015-12-04 18:07:16,497][com.java.SeleniumDriver] [  854] - DataValue : 2
[INFO ][2015-12-04 18:07:16,497][com.java.SeleniumDriver] [  860] - <In Set values of the page>
[INFO ][2015-12-04 18:07:16,497][com.java.SeleniumDriver] [  863] - {Data Fields & Data Values Exist}
[INFO ][2015-12-04 18:07:16,499][com.java.SeleniumDriver] [  865] - --------------------------setting values-----------------------------
[INFO ][2015-12-04 18:07:16,499][com.java.SeleniumDriver] [  868] - Action Type : WAITTIME
[DEBUG][2015-12-04 18:07:16,499][com.java.TestType] [ 5246] - sleepTime: 2000
[INFO ][2015-12-04 18:07:18,499][com.java.SeleniumDriver] [  877] -  RESULT true
[INFO ][2015-12-04 18:07:18,499][com.java.SeleniumDriver] [ 1083] - ?   P A S S   ?
[INFO ][2015-12-04 18:07:18,499][com.java.SeleniumDriver] [  804] - ------------------------------------------
[INFO ][2015-12-04 18:07:18,499][com.java.SeleniumDriver] [  805] - Test case being Executed: 7
[INFO ][2015-12-04 18:07:18,500][com.java.SeleniumDriver] [  816] - Test step:14
[INFO ][2015-12-04 18:07:18,500][com.java.SeleniumDriver] [  828] - Datavalue is----------null
[DEBUG][2015-12-04 18:07:18,501][com.java.SeleniumDriver] [  846] - Exception: null
[INFO ][2015-12-04 18:07:18,501][com.java.SeleniumDriver] [  852] - DataField : BTNParent
[INFO ][2015-12-04 18:07:18,501][com.java.SeleniumDriver] [  854] - DataValue : 
[INFO ][2015-12-04 18:07:18,501][com.java.SeleniumDriver] [  860] - <In Set values of the page>
[INFO ][2015-12-04 18:07:18,501][com.java.SeleniumDriver] [  863] - {Data Fields & Data Values Exist}
[INFO ][2015-12-04 18:07:18,501][com.java.SeleniumDriver] [  865] - --------------------------setting values-----------------------------
[INFO ][2015-12-04 18:07:18,501][com.java.SeleniumDriver] [  868] - Action Type : SELECTFRAME
[INFO ][2015-12-04 18:07:18,514][com.java.SeleniumDriver] [  877] -  RESULT true
[INFO ][2015-12-04 18:07:18,514][com.java.SeleniumDriver] [ 1083] - ?   P A S S   ?
[INFO ][2015-12-04 18:07:18,514][com.java.SeleniumDriver] [  804] - ------------------------------------------
[INFO ][2015-12-04 18:07:18,514][com.java.SeleniumDriver] [  805] - Test case being Executed: 7
[INFO ][2015-12-04 18:07:18,514][com.java.SeleniumDriver] [  816] - Test step:15
[INFO ][2015-12-04 18:07:18,514][com.java.SeleniumDriver] [  828] - Datavalue is----------2
[INFO ][2015-12-04 18:07:18,514][com.java.SeleniumDriver] [  852] - DataField : DSPFile
[INFO ][2015-12-04 18:07:18,514][com.java.SeleniumDriver] [  854] - DataValue : 2
[INFO ][2015-12-04 18:07:18,514][com.java.SeleniumDriver] [  860] - <In Set values of the page>
[INFO ][2015-12-04 18:07:18,514][com.java.SeleniumDriver] [  863] - {Data Fields & Data Values Exist}
[INFO ][2015-12-04 18:07:18,515][com.java.SeleniumDriver] [  865] - --------------------------setting values-----------------------------
[INFO ][2015-12-04 18:07:18,515][com.java.SeleniumDriver] [  868] - Action Type : WAITFORELEMENT
[INFO ][2015-12-04 18:07:18,644][com.java.SeleniumDriver] [  877] -  RESULT true
[INFO ][2015-12-04 18:07:18,644][com.java.SeleniumDriver] [ 1083] - ?   P A S S   ?
[INFO ][2015-12-04 18:07:18,644][com.java.SeleniumDriver] [  804] - ------------------------------------------
[INFO ][2015-12-04 18:07:18,644][com.java.SeleniumDriver] [  805] - Test case being Executed: 7
[INFO ][2015-12-04 18:07:18,644][com.java.SeleniumDriver] [  816] - Test step:16
[INFO ][2015-12-04 18:07:18,644][com.java.SeleniumDriver] [  828] - Datavalue is----------10
[INFO ][2015-12-04 18:07:18,644][com.java.SeleniumDriver] [  852] - DataField : null
[INFO ][2015-12-04 18:07:18,644][com.java.SeleniumDriver] [  854] - DataValue : 10
[INFO ][2015-12-04 18:07:18,644][com.java.SeleniumDriver] [  860] - <In Set values of the page>
[INFO ][2015-12-04 18:07:18,644][com.java.SeleniumDriver] [  863] - {Data Fields & Data Values Exist}
[INFO ][2015-12-04 18:07:18,644][com.java.SeleniumDriver] [  865] - --------------------------setting values-----------------------------
[INFO ][2015-12-04 18:07:18,644][com.java.SeleniumDriver] [  868] - Action Type : WAITTIME
[DEBUG][2015-12-04 18:07:18,645][com.java.TestType] [ 5246] - sleepTime: 10000
[INFO ][2015-12-04 18:07:28,645][com.java.SeleniumDriver] [  877] -  RESULT true
[INFO ][2015-12-04 18:07:28,645][com.java.SeleniumDriver] [ 1083] - ?   P A S S   ?
[INFO ][2015-12-04 18:07:28,645][com.java.SeleniumDriver] [  804] - ------------------------------------------
[INFO ][2015-12-04 18:07:28,645][com.java.SeleniumDriver] [  805] - Test case being Executed: 7
[INFO ][2015-12-04 18:07:28,645][com.java.SeleniumDriver] [  816] - Test step:17
[INFO ][2015-12-04 18:07:28,645][com.java.SeleniumDriver] [  828] - Datavalue is----------HMVCurrentProject
[INFO ][2015-12-04 18:07:28,645][com.java.SeleniumDriver] [  852] - DataField : XPH//span[@id='lblProject']
[INFO ][2015-12-04 18:07:28,645][com.java.SeleniumDriver] [  854] - DataValue : HMVCurrentProject
[INFO ][2015-12-04 18:07:28,645][com.java.SeleniumDriver] [  860] - <In Set values of the page>
[INFO ][2015-12-04 18:07:28,645][com.java.SeleniumDriver] [  863] - {Data Fields & Data Values Exist}
[INFO ][2015-12-04 18:07:28,645][com.java.SeleniumDriver] [  865] - --------------------------setting values-----------------------------
[INFO ][2015-12-04 18:07:28,645][com.java.SeleniumDriver] [  868] - Action Type : VERIFY
[INFO ][2015-12-04 18:07:28,645][com.java.TestType] [ 6617] - field= XPH//span[@id='lblProject'] value= HMVCurrentProject
[INFO ][2015-12-04 18:07:28,646][com.java.TestType] [ 5426] - value = Dallas User Group
[INFO ][2015-12-04 18:07:28,801][com.java.SeleniumDriver] [  877] -  RESULT true
[INFO ][2015-12-04 18:07:28,801][com.java.SeleniumDriver] [ 1083] - ?   P A S S   ?
[INFO ][2015-12-04 18:07:28,801][com.java.SeleniumDriver] [  804] - ------------------------------------------
[INFO ][2015-12-04 18:07:28,801][com.java.SeleniumDriver] [  805] - Test case being Executed: 7
[INFO ][2015-12-04 18:07:28,801][com.java.SeleniumDriver] [  816] - Test step:18
[INFO ][2015-12-04 18:07:28,801][com.java.SeleniumDriver] [  828] - Datavalue is----------null
[DEBUG][2015-12-04 18:07:28,801][com.java.SeleniumDriver] [  846] - Exception: null
[INFO ][2015-12-04 18:07:28,801][com.java.SeleniumDriver] [  852] - DataField : HDNmenuTools
[INFO ][2015-12-04 18:07:28,801][com.java.SeleniumDriver] [  854] - DataValue : 
[INFO ][2015-12-04 18:07:28,801][com.java.SeleniumDriver] [  860] - <In Set values of the page>
[INFO ][2015-12-04 18:07:28,801][com.java.SeleniumDriver] [  863] - {Data Fields & Data Values Exist}
[INFO ][2015-12-04 18:07:28,801][com.java.SeleniumDriver] [  865] - --------------------------setting values-----------------------------
[INFO ][2015-12-04 18:07:28,802][com.java.SeleniumDriver] [  868] - Action Type : CLICK
[INFO ][2015-12-04 18:07:28,802][com.java.TestType] [ 5754] - Field ::HDNmenuTools
[INFO ][2015-12-04 18:07:30,948][com.java.SeleniumDriver] [  877] -  RESULT true
[INFO ][2015-12-04 18:07:30,948][com.java.SeleniumDriver] [ 1083] - ?   P A S S   ?
[INFO ][2015-12-04 18:07:30,948][com.java.SeleniumDriver] [  804] - ------------------------------------------
[INFO ][2015-12-04 18:07:30,948][com.java.SeleniumDriver] [  805] - Test case being Executed: 7
[INFO ][2015-12-04 18:07:30,948][com.java.SeleniumDriver] [  816] - Test step:19
[INFO ][2015-12-04 18:07:30,948][com.java.SeleniumDriver] [  828] - Datavalue is----------3
[INFO ][2015-12-04 18:07:30,948][com.java.SeleniumDriver] [  852] - DataField : DSPmenuBalance
[INFO ][2015-12-04 18:07:30,948][com.java.SeleniumDriver] [  854] - DataValue : 3
[INFO ][2015-12-04 18:07:30,948][com.java.SeleniumDriver] [  860] - <In Set values of the page>
[INFO ][2015-12-04 18:07:30,948][com.java.SeleniumDriver] [  863] - {Data Fields & Data Values Exist}
[INFO ][2015-12-04 18:07:30,948][com.java.SeleniumDriver] [  865] - --------------------------setting values-----------------------------
[INFO ][2015-12-04 18:07:30,949][com.java.SeleniumDriver] [  868] - Action Type : WAITFORELEMENT
[INFO ][2015-12-04 18:07:32,164][com.java.SeleniumDriver] [  877] -  RESULT true
[INFO ][2015-12-04 18:07:32,164][com.java.SeleniumDriver] [ 1083] - ?   P A S S   ?
[INFO ][2015-12-04 18:07:32,164][com.java.SeleniumDriver] [  804] - ------------------------------------------
[INFO ][2015-12-04 18:07:32,164][com.java.SeleniumDriver] [  805] - Test case being Executed: 7
[INFO ][2015-12-04 18:07:32,164][com.java.SeleniumDriver] [  816] - Test step:20
[INFO ][2015-12-04 18:07:32,164][com.java.SeleniumDriver] [  828] - Datavalue is----------null
[DEBUG][2015-12-04 18:07:32,164][com.java.SeleniumDriver] [  846] - Exception: null
[INFO ][2015-12-04 18:07:32,164][com.java.SeleniumDriver] [  852] - DataField : HDNmenuBalance
[INFO ][2015-12-04 18:07:32,164][com.java.SeleniumDriver] [  854] - DataValue : 
[INFO ][2015-12-04 18:07:32,164][com.java.SeleniumDriver] [  860] - <In Set values of the page>
[INFO ][2015-12-04 18:07:32,164][com.java.SeleniumDriver] [  863] - {Data Fields & Data Values Exist}
[INFO ][2015-12-04 18:07:32,165][com.java.SeleniumDriver] [  865] - --------------------------setting values-----------------------------
[INFO ][2015-12-04 18:07:32,165][com.java.SeleniumDriver] [  868] - Action Type : CLICK
[INFO ][2015-12-04 18:07:32,165][com.java.TestType] [ 5754] - Field ::HDNmenuBalance
[INFO ][2015-12-04 18:07:34,335][com.java.SeleniumDriver] [  877] -  RESULT true
[INFO ][2015-12-04 18:07:34,335][com.java.SeleniumDriver] [ 1083] - ?   P A S S   ?
[INFO ][2015-12-04 18:07:34,335][com.java.SeleniumDriver] [  804] - ------------------------------------------
[INFO ][2015-12-04 18:07:34,335][com.java.SeleniumDriver] [  805] - Test case being Executed: 7
[INFO ][2015-12-04 18:07:34,335][com.java.SeleniumDriver] [  816] - Test step:21
[INFO ][2015-12-04 18:07:34,335][com.java.SeleniumDriver] [  828] - Datavalue is----------6
[INFO ][2015-12-04 18:07:34,335][com.java.SeleniumDriver] [  852] - DataField : null
[INFO ][2015-12-04 18:07:34,335][com.java.SeleniumDriver] [  854] - DataValue : 6
[INFO ][2015-12-04 18:07:34,335][com.java.SeleniumDriver] [  860] - <In Set values of the page>
[INFO ][2015-12-04 18:07:34,337][com.java.SeleniumDriver] [  863] - {Data Fields & Data Values Exist}
[INFO ][2015-12-04 18:07:34,337][com.java.SeleniumDriver] [  865] - --------------------------setting values-----------------------------
[INFO ][2015-12-04 18:07:34,337][com.java.SeleniumDriver] [  868] - Action Type : WAITTIME
[DEBUG][2015-12-04 18:07:34,337][com.java.TestType] [ 5246] - sleepTime: 6000
[INFO ][2015-12-04 18:07:40,337][com.java.SeleniumDriver] [  877] -  RESULT true
[INFO ][2015-12-04 18:07:40,337][com.java.SeleniumDriver] [ 1083] - ?   P A S S   ?
[INFO ][2015-12-04 18:07:40,337][com.java.SeleniumDriver] [  804] - ------------------------------------------
[INFO ][2015-12-04 18:07:40,337][com.java.SeleniumDriver] [  805] - Test case being Executed: 7
[INFO ][2015-12-04 18:07:40,337][com.java.SeleniumDriver] [  816] - Test step:22
[INFO ][2015-12-04 18:07:40,337][com.java.SeleniumDriver] [  828] - Datavalue is---------- Forecasting 
[INFO ][2015-12-04 18:07:40,337][com.java.SeleniumDriver] [  852] - DataField : TTL
[INFO ][2015-12-04 18:07:40,337][com.java.SeleniumDriver] [  854] - DataValue :  Forecasting 
[INFO ][2015-12-04 18:07:40,337][com.java.SeleniumDriver] [  860] - <In Set values of the page>
[INFO ][2015-12-04 18:07:40,337][com.java.SeleniumDriver] [  863] - {Data Fields & Data Values Exist}
[INFO ][2015-12-04 18:07:40,337][com.java.SeleniumDriver] [  865] - --------------------------setting values-----------------------------
[INFO ][2015-12-04 18:07:40,337][com.java.SeleniumDriver] [  868] - Action Type : CLOSEWINDOW
[INFO ][2015-12-04 18:07:40,630][com.java.SeleniumDriver] [  877] -  RESULT true
[INFO ][2015-12-04 18:07:40,630][com.java.SeleniumDriver] [ 1083] - ?   P A S S   ?
[INFO ][2015-12-04 18:07:40,630][com.java.SeleniumDriver] [  804] - ------------------------------------------
[INFO ][2015-12-04 18:07:40,630][com.java.SeleniumDriver] [  805] - Test case being Executed: 7
[INFO ][2015-12-04 18:07:40,630][com.java.SeleniumDriver] [  816] - Test step:23
[INFO ][2015-12-04 18:07:40,630][com.java.SeleniumDriver] [  828] - Datavalue is----------Banker'sDashboard
[INFO ][2015-12-04 18:07:40,630][com.java.SeleniumDriver] [  852] - DataField : TTL
[INFO ][2015-12-04 18:07:40,630][com.java.SeleniumDriver] [  854] - DataValue : Banker'sDashboard
[INFO ][2015-12-04 18:07:40,630][com.java.SeleniumDriver] [  860] - <In Set values of the page>
[INFO ][2015-12-04 18:07:40,631][com.java.SeleniumDriver] [  863] - {Data Fields & Data Values Exist}
[INFO ][2015-12-04 18:07:40,631][com.java.SeleniumDriver] [  865] - --------------------------setting values-----------------------------
[INFO ][2015-12-04 18:07:40,631][com.java.SeleniumDriver] [  868] - Action Type : SelectWindow
[INFO ][2015-12-04 18:07:52,799][com.java.SeleniumDriver] [  877] -  RESULT true
[INFO ][2015-12-04 18:07:52,799][com.java.SeleniumDriver] [ 1083] - ?   P A S S   ?
[INFO ][2015-12-04 18:07:52,799][com.java.SeleniumDriver] [  804] - ------------------------------------------
[INFO ][2015-12-04 18:07:52,799][com.java.SeleniumDriver] [  805] - Test case being Executed: 7
[INFO ][2015-12-04 18:07:52,799][com.java.SeleniumDriver] [  816] - Test step:24
[INFO ][2015-12-04 18:07:52,799][com.java.SeleniumDriver] [  828] - Datavalue is----------5
[INFO ][2015-12-04 18:07:52,799][com.java.SeleniumDriver] [  852] - DataField : null
[INFO ][2015-12-04 18:07:52,799][com.java.SeleniumDriver] [  854] - DataValue : 5
[INFO ][2015-12-04 18:07:52,799][com.java.SeleniumDriver] [  860] - <In Set values of the page>
[INFO ][2015-12-04 18:07:52,799][com.java.SeleniumDriver] [  863] - {Data Fields & Data Values Exist}
[INFO ][2015-12-04 18:07:52,799][com.java.SeleniumDriver] [  865] - --------------------------setting values-----------------------------
[INFO ][2015-12-04 18:07:52,799][com.java.SeleniumDriver] [  868] - Action Type : WAITTIME
[DEBUG][2015-12-04 18:07:52,800][com.java.TestType] [ 5246] - sleepTime: 5000
[INFO ][2015-12-04 18:07:57,800][com.java.SeleniumDriver] [  877] -  RESULT true
[INFO ][2015-12-04 18:07:57,800][com.java.SeleniumDriver] [ 1083] - ?   P A S S   ?
[INFO ][2015-12-04 18:07:57,800][com.java.SeleniumDriver] [  804] - ------------------------------------------
[INFO ][2015-12-04 18:07:57,800][com.java.SeleniumDriver] [  805] - Test case being Executed: 7
[INFO ][2015-12-04 18:07:57,800][com.java.SeleniumDriver] [  816] - Test step:25
[INFO ][2015-12-04 18:07:57,800][com.java.SeleniumDriver] [  828] - Datavalue is----------null
[DEBUG][2015-12-04 18:07:57,800][com.java.SeleniumDriver] [  846] - Exception: null
[INFO ][2015-12-04 18:07:57,800][com.java.SeleniumDriver] [  852] - DataField : //span[@class='icon-stats']&&//a[@data-id="Forecasting"]
[INFO ][2015-12-04 18:07:57,800][com.java.SeleniumDriver] [  854] - DataValue : 
[INFO ][2015-12-04 18:07:57,800][com.java.SeleniumDriver] [  860] - <In Set values of the page>
[INFO ][2015-12-04 18:07:57,800][com.java.SeleniumDriver] [  863] - {Data Fields & Data Values Exist}
[INFO ][2015-12-04 18:07:57,800][com.java.SeleniumDriver] [  865] - --------------------------setting values-----------------------------
[INFO ][2015-12-04 18:07:57,800][com.java.SeleniumDriver] [  868] - Action Type : MOUSEOVER
[INFO ][2015-12-04 18:08:20,768][com.java.SeleniumDriver] [  877] -  RESULT true
[INFO ][2015-12-04 18:08:20,768][com.java.SeleniumDriver] [ 1083] - ?   P A S S   ?
[INFO ][2015-12-04 18:08:20,768][com.java.SeleniumDriver] [  804] - ------------------------------------------
[INFO ][2015-12-04 18:08:20,768][com.java.SeleniumDriver] [  805] - Test case being Executed: 7
[INFO ][2015-12-04 18:08:20,768][com.java.SeleniumDriver] [  816] - Test step:26
[INFO ][2015-12-04 18:08:20,768][com.java.SeleniumDriver] [  828] - Datavalue is----------5
[INFO ][2015-12-04 18:08:20,768][com.java.SeleniumDriver] [  852] - DataField : null
[INFO ][2015-12-04 18:08:20,768][com.java.SeleniumDriver] [  854] - DataValue : 5
[INFO ][2015-12-04 18:08:20,768][com.java.SeleniumDriver] [  860] - <In Set values of the page>
[INFO ][2015-12-04 18:08:20,768][com.java.SeleniumDriver] [  863] - {Data Fields & Data Values Exist}
[INFO ][2015-12-04 18:08:20,768][com.java.SeleniumDriver] [  865] - --------------------------setting values-----------------------------
[INFO ][2015-12-04 18:08:20,770][com.java.SeleniumDriver] [  868] - Action Type : WAITTIME
[DEBUG][2015-12-04 18:08:20,770][com.java.TestType] [ 5246] - sleepTime: 5000
[INFO ][2015-12-04 18:08:25,770][com.java.SeleniumDriver] [  877] -  RESULT true
[INFO ][2015-12-04 18:08:25,770][com.java.SeleniumDriver] [ 1083] - ?   P A S S   ?
[INFO ][2015-12-04 18:08:25,770][com.java.SeleniumDriver] [  804] - ------------------------------------------
[INFO ][2015-12-04 18:08:25,770][com.java.SeleniumDriver] [  805] - Test case being Executed: 7
[INFO ][2015-12-04 18:08:25,770][com.java.SeleniumDriver] [  816] - Test step:27
[INFO ][2015-12-04 18:08:25,770][com.java.SeleniumDriver] [  828] - Datavalue is----------Forecasting 
[INFO ][2015-12-04 18:08:25,770][com.java.SeleniumDriver] [  852] - DataField : TTL
[INFO ][2015-12-04 18:08:25,770][com.java.SeleniumDriver] [  854] - DataValue : Forecasting 
[INFO ][2015-12-04 18:08:25,770][com.java.SeleniumDriver] [  860] - <In Set values of the page>
[INFO ][2015-12-04 18:08:25,770][com.java.SeleniumDriver] [  863] - {Data Fields & Data Values Exist}
[INFO ][2015-12-04 18:08:25,770][com.java.SeleniumDriver] [  865] - --------------------------setting values-----------------------------
[INFO ][2015-12-04 18:08:25,770][com.java.SeleniumDriver] [  868] - Action Type : SELECTWINDOW
[INFO ][2015-12-04 18:08:38,330][com.java.SeleniumDriver] [  877] -  RESULT true
[INFO ][2015-12-04 18:08:38,330][com.java.SeleniumDriver] [ 1083] - ?   P A S S   ?
[INFO ][2015-12-04 18:08:38,330][com.java.SeleniumDriver] [  804] - ------------------------------------------
[INFO ][2015-12-04 18:08:38,330][com.java.SeleniumDriver] [  805] - Test case being Executed: 7
[INFO ][2015-12-04 18:08:38,331][com.java.SeleniumDriver] [  816] - Test step:28
[INFO ][2015-12-04 18:08:38,331][com.java.SeleniumDriver] [  828] - Datavalue is----------2
[INFO ][2015-12-04 18:08:38,331][com.java.SeleniumDriver] [  852] - DataField : DSP//span[@id='ui-dialog-title-mdDialog']
[INFO ][2015-12-04 18:08:38,331][com.java.SeleniumDriver] [  854] - DataValue : 2
[INFO ][2015-12-04 18:08:38,331][com.java.SeleniumDriver] [  860] - <In Set values of the page>
[INFO ][2015-12-04 18:08:38,331][com.java.SeleniumDriver] [  863] - {Data Fields & Data Values Exist}
[INFO ][2015-12-04 18:08:38,331][com.java.SeleniumDriver] [  865] - --------------------------setting values-----------------------------
[INFO ][2015-12-04 18:08:38,331][com.java.SeleniumDriver] [  868] - Action Type : WAITFORELEMENT
[INFO ][2015-12-04 18:08:38,460][com.java.SeleniumDriver] [  877] -  RESULT true
[INFO ][2015-12-04 18:08:38,460][com.java.SeleniumDriver] [ 1083] - ?   P A S S   ?
[INFO ][2015-12-04 18:08:38,460][com.java.SeleniumDriver] [  804] - ------------------------------------------
[INFO ][2015-12-04 18:08:38,460][com.java.SeleniumDriver] [  805] - Test case being Executed: 7
[INFO ][2015-12-04 18:08:38,460][com.java.SeleniumDriver] [  816] - Test step:29
[INFO ][2015-12-04 18:08:38,460][com.java.SeleniumDriver] [  828] - Datavalue is----------Forecasting 
[INFO ][2015-12-04 18:08:38,460][com.java.SeleniumDriver] [  852] - DataField : XPH//span[@id='ui-dialog-title-mdDialog']
[INFO ][2015-12-04 18:08:38,460][com.java.SeleniumDriver] [  854] - DataValue : Forecasting 
[INFO ][2015-12-04 18:08:38,460][com.java.SeleniumDriver] [  860] - <In Set values of the page>
[INFO ][2015-12-04 18:08:38,460][com.java.SeleniumDriver] [  863] - {Data Fields & Data Values Exist}
[INFO ][2015-12-04 18:08:38,460][com.java.SeleniumDriver] [  865] - --------------------------setting values-----------------------------
[INFO ][2015-12-04 18:08:38,461][com.java.SeleniumDriver] [  868] - Action Type : VERIFY
[INFO ][2015-12-04 18:08:38,461][com.java.TestType] [ 6617] - field= XPH//span[@id='ui-dialog-title-mdDialog'] value= Forecasting 
[INFO ][2015-12-04 18:08:38,461][com.java.TestType] [ 5426] - value = Forecasting 
[INFO ][2015-12-04 18:08:38,574][com.java.SeleniumDriver] [  877] -  RESULT true
[INFO ][2015-12-04 18:08:38,574][com.java.SeleniumDriver] [ 1083] - ?   P A S S   ?
[INFO ][2015-12-04 18:08:38,574][com.java.SeleniumDriver] [  804] - ------------------------------------------
[INFO ][2015-12-04 18:08:38,574][com.java.SeleniumDriver] [  805] - Test case being Executed: 7
[INFO ][2015-12-04 18:08:38,574][com.java.SeleniumDriver] [  816] - Test step:30
[INFO ][2015-12-04 18:08:38,574][com.java.SeleniumDriver] [  828] - Datavalue is----------5
[INFO ][2015-12-04 18:08:38,574][com.java.SeleniumDriver] [  852] - DataField : DSP//span[contains(text(),'Forecasting')]
[INFO ][2015-12-04 18:08:38,574][com.java.SeleniumDriver] [  854] - DataValue : 5
[INFO ][2015-12-04 18:08:38,574][com.java.SeleniumDriver] [  860] - <In Set values of the page>
[INFO ][2015-12-04 18:08:38,574][com.java.SeleniumDriver] [  863] - {Data Fields & Data Values Exist}
[INFO ][2015-12-04 18:08:38,574][com.java.SeleniumDriver] [  865] - --------------------------setting values-----------------------------
[INFO ][2015-12-04 18:08:38,575][com.java.SeleniumDriver] [  868] - Action Type : WAITFORELEMENT
[INFO ][2015-12-04 18:08:38,673][com.java.SeleniumDriver] [  877] -  RESULT true
[INFO ][2015-12-04 18:08:38,674][com.java.SeleniumDriver] [ 1083] - ?   P A S S   ?
[INFO ][2015-12-04 18:08:38,674][com.java.SeleniumDriver] [  804] - ------------------------------------------
[INFO ][2015-12-04 18:08:38,674][com.java.SeleniumDriver] [  805] - Test case being Executed: 7
[INFO ][2015-12-04 18:08:38,674][com.java.SeleniumDriver] [  816] - Test step:31
[INFO ][2015-12-04 18:08:38,674][com.java.SeleniumDriver] [  828] - Datavalue is----------null
[DEBUG][2015-12-04 18:08:38,674][com.java.SeleniumDriver] [  846] - Exception: null
[INFO ][2015-12-04 18:08:38,674][com.java.SeleniumDriver] [  852] - DataField : BTNframeDialogContent
[INFO ][2015-12-04 18:08:38,674][com.java.SeleniumDriver] [  854] - DataValue : 
[INFO ][2015-12-04 18:08:38,674][com.java.SeleniumDriver] [  860] - <In Set values of the page>
[INFO ][2015-12-04 18:08:38,674][com.java.SeleniumDriver] [  863] - {Data Fields & Data Values Exist}
[INFO ][2015-12-04 18:08:38,674][com.java.SeleniumDriver] [  865] - --------------------------setting values-----------------------------
[INFO ][2015-12-04 18:08:38,674][com.java.SeleniumDriver] [  868] - Action Type : SELECTFRAME
[INFO ][2015-12-04 18:08:39,804][com.java.SeleniumDriver] [  877] -  RESULT true
[INFO ][2015-12-04 18:08:39,804][com.java.SeleniumDriver] [ 1083] - ?   P A S S   ?
[INFO ][2015-12-04 18:08:39,804][com.java.SeleniumDriver] [  804] - ------------------------------------------
[INFO ][2015-12-04 18:08:39,804][com.java.SeleniumDriver] [  805] - Test case being Executed: 7
[INFO ][2015-12-04 18:08:39,804][com.java.SeleniumDriver] [  816] - Test step:32
[INFO ][2015-12-04 18:08:39,804][com.java.SeleniumDriver] [  828] - Datavalue is----------2
[INFO ][2015-12-04 18:08:39,804][com.java.SeleniumDriver] [  852] - DataField : DSPddlProjects
[INFO ][2015-12-04 18:08:39,804][com.java.SeleniumDriver] [  854] - DataValue : 2
[INFO ][2015-12-04 18:08:39,804][com.java.SeleniumDriver] [  860] - <In Set values of the page>
[INFO ][2015-12-04 18:08:39,804][com.java.SeleniumDriver] [  863] - {Data Fields & Data Values Exist}
[INFO ][2015-12-04 18:08:39,804][com.java.SeleniumDriver] [  865] - --------------------------setting values-----------------------------
[INFO ][2015-12-04 18:08:39,805][com.java.SeleniumDriver] [  868] - Action Type : WAITFORELEMENT
[INFO ][2015-12-04 18:08:40,886][com.java.SeleniumDriver] [  877] -  RESULT true
[INFO ][2015-12-04 18:08:40,886][com.java.SeleniumDriver] [ 1083] - ?   P A S S   ?
[INFO ][2015-12-04 18:08:40,886][com.java.SeleniumDriver] [  804] - ------------------------------------------
[INFO ][2015-12-04 18:08:40,886][com.java.SeleniumDriver] [  805] - Test case being Executed: 7
[INFO ][2015-12-04 18:08:40,886][com.java.SeleniumDriver] [  816] - Test step:33
[INFO ][2015-12-04 18:08:40,886][com.java.SeleniumDriver] [  828] - Datavalue is----------HMVCurrentProject
[INFO ][2015-12-04 18:08:40,886][com.java.SeleniumDriver] [  852] - DataField : COBddlProjects
[INFO ][2015-12-04 18:08:40,886][com.java.SeleniumDriver] [  854] - DataValue : HMVCurrentProject
[INFO ][2015-12-04 18:08:40,886][com.java.SeleniumDriver] [  860] - <In Set values of the page>
[INFO ][2015-12-04 18:08:40,886][com.java.SeleniumDriver] [  863] - {Data Fields & Data Values Exist}
[INFO ][2015-12-04 18:08:40,886][com.java.SeleniumDriver] [  865] - --------------------------setting values-----------------------------
[INFO ][2015-12-04 18:08:40,886][com.java.SeleniumDriver] [  868] - Action Type : SELECT
[INFO ][2015-12-04 18:08:40,886][com.java.TestType] [ 5426] - value = Dallas User Group
[INFO ][2015-12-04 18:08:41,969][com.java.TestType] [ 5544] -  In COB ddlProjects : Dallas User Group
[DEBUG][2015-12-04 18:08:43,037][com.java.TestType] [ 5569] - Java Script : javascript:var s = document.getElementById('ddlProjects');for (i = 0; i< s.options.length; i++){   if (s.options[i].text.trim().toUpperCase() == 'DALLAS USER GROUP'){      s.options[i].selected = true;      s.click();      break;   }}
[INFO ][2015-12-04 18:08:45,050][com.java.SeleniumDriver] [  877] -  RESULT true
[INFO ][2015-12-04 18:08:45,050][com.java.SeleniumDriver] [ 1083] - ?   P A S S   ?
[INFO ][2015-12-04 18:08:45,050][com.java.SeleniumDriver] [  804] - ------------------------------------------
[INFO ][2015-12-04 18:08:45,050][com.java.SeleniumDriver] [  805] - Test case being Executed: 7
[INFO ][2015-12-04 18:08:45,050][com.java.SeleniumDriver] [  816] - Test step:34
[INFO ][2015-12-04 18:08:45,050][com.java.SeleniumDriver] [  828] - Datavalue is----------null
[DEBUG][2015-12-04 18:08:45,050][com.java.SeleniumDriver] [  846] - Exception: null
[INFO ][2015-12-04 18:08:45,050][com.java.SeleniumDriver] [  852] - DataField : HDNbtnOpenProject
[INFO ][2015-12-04 18:08:45,050][com.java.SeleniumDriver] [  854] - DataValue : 
[INFO ][2015-12-04 18:08:45,050][com.java.SeleniumDriver] [  860] - <In Set values of the page>
[INFO ][2015-12-04 18:08:45,050][com.java.SeleniumDriver] [  863] - {Data Fields & Data Values Exist}
[INFO ][2015-12-04 18:08:45,050][com.java.SeleniumDriver] [  865] - --------------------------setting values-----------------------------
[INFO ][2015-12-04 18:08:45,050][com.java.SeleniumDriver] [  868] - Action Type : CLICK
[INFO ][2015-12-04 18:08:45,051][com.java.TestType] [ 5754] - Field ::HDNbtnOpenProject
[INFO ][2015-12-04 18:08:47,921][com.java.SeleniumDriver] [  877] -  RESULT true
[INFO ][2015-12-04 18:08:47,921][com.java.SeleniumDriver] [ 1083] - ?   P A S S   ?
[INFO ][2015-12-04 18:08:47,921][com.java.SeleniumDriver] [  804] - ------------------------------------------
[INFO ][2015-12-04 18:08:47,921][com.java.SeleniumDriver] [  805] - Test case being Executed: 7
[INFO ][2015-12-04 18:08:47,921][com.java.SeleniumDriver] [  816] - Test step:35
[INFO ][2015-12-04 18:08:47,921][com.java.SeleniumDriver] [  828] - Datavalue is----------2
[INFO ][2015-12-04 18:08:47,921][com.java.SeleniumDriver] [  852] - DataField : null
[INFO ][2015-12-04 18:08:47,921][com.java.SeleniumDriver] [  854] - DataValue : 2
[INFO ][2015-12-04 18:08:47,921][com.java.SeleniumDriver] [  860] - <In Set values of the page>
[INFO ][2015-12-04 18:08:47,921][com.java.SeleniumDriver] [  863] - {Data Fields & Data Values Exist}
[INFO ][2015-12-04 18:08:47,921][com.java.SeleniumDriver] [  865] - --------------------------setting values-----------------------------
[INFO ][2015-12-04 18:08:47,921][com.java.SeleniumDriver] [  868] - Action Type : WAITTIME
[DEBUG][2015-12-04 18:08:47,922][com.java.TestType] [ 5246] - sleepTime: 2000
[INFO ][2015-12-04 18:08:49,922][com.java.SeleniumDriver] [  877] -  RESULT true
[INFO ][2015-12-04 18:08:49,922][com.java.SeleniumDriver] [ 1083] - ?   P A S S   ?
[INFO ][2015-12-04 18:08:49,922][com.java.SeleniumDriver] [  804] - ------------------------------------------
[INFO ][2015-12-04 18:08:49,922][com.java.SeleniumDriver] [  805] - Test case being Executed: 7
[INFO ][2015-12-04 18:08:49,922][com.java.SeleniumDriver] [  816] - Test step:36
[INFO ][2015-12-04 18:08:49,922][com.java.SeleniumDriver] [  828] - Datavalue is----------null
[DEBUG][2015-12-04 18:08:49,922][com.java.SeleniumDriver] [  846] - Exception: null
[INFO ][2015-12-04 18:08:49,922][com.java.SeleniumDriver] [  852] - DataField : BTNParent
[INFO ][2015-12-04 18:08:49,922][com.java.SeleniumDriver] [  854] - DataValue : 
[INFO ][2015-12-04 18:08:49,922][com.java.SeleniumDriver] [  860] - <In Set values of the page>
[INFO ][2015-12-04 18:08:49,922][com.java.SeleniumDriver] [  863] - {Data Fields & Data Values Exist}
[INFO ][2015-12-04 18:08:49,922][com.java.SeleniumDriver] [  865] - --------------------------setting values-----------------------------
[INFO ][2015-12-04 18:08:49,923][com.java.SeleniumDriver] [  868] - Action Type : SELECTFRAME
[INFO ][2015-12-04 18:08:49,936][com.java.SeleniumDriver] [  877] -  RESULT true
[INFO ][2015-12-04 18:08:49,936][com.java.SeleniumDriver] [ 1083] - ?   P A S S   ?
[INFO ][2015-12-04 18:08:49,937][com.java.SeleniumDriver] [  804] - ------------------------------------------
[INFO ][2015-12-04 18:08:49,937][com.java.SeleniumDriver] [  805] - Test case being Executed: 7
[INFO ][2015-12-04 18:08:49,938][com.java.SeleniumDriver] [  816] - Test step:37
[INFO ][2015-12-04 18:08:49,938][com.java.SeleniumDriver] [  828] - Datavalue is----------null
[DEBUG][2015-12-04 18:08:49,938][com.java.SeleniumDriver] [  846] - Exception: null
[INFO ][2015-12-04 18:08:49,938][com.java.SeleniumDriver] [  852] - DataField : HDNmenuTools
[INFO ][2015-12-04 18:08:49,938][com.java.SeleniumDriver] [  854] - DataValue : 
[INFO ][2015-12-04 18:08:49,938][com.java.SeleniumDriver] [  860] - <In Set values of the page>
[INFO ][2015-12-04 18:08:49,938][com.java.SeleniumDriver] [  863] - {Data Fields & Data Values Exist}
[INFO ][2015-12-04 18:08:49,938][com.java.SeleniumDriver] [  865] - --------------------------setting values-----------------------------
[INFO ][2015-12-04 18:08:49,938][com.java.SeleniumDriver] [  868] - Action Type : CLICK
[INFO ][2015-12-04 18:08:49,938][com.java.TestType] [ 5754] - Field ::HDNmenuTools
[INFO ][2015-12-04 18:08:52,100][com.java.SeleniumDriver] [  877] -  RESULT true
[INFO ][2015-12-04 18:08:52,100][com.java.SeleniumDriver] [ 1083] - ?   P A S S   ?
[INFO ][2015-12-04 18:08:52,100][com.java.SeleniumDriver] [  804] - ------------------------------------------
[INFO ][2015-12-04 18:08:52,100][com.java.SeleniumDriver] [  805] - Test case being Executed: 7
[INFO ][2015-12-04 18:08:52,100][com.java.SeleniumDriver] [  816] - Test step:38
[INFO ][2015-12-04 18:08:52,100][com.java.SeleniumDriver] [  828] - Datavalue is----------2
[INFO ][2015-12-04 18:08:52,100][com.java.SeleniumDriver] [  852] - DataField : DSPmenuProjectOptions
[INFO ][2015-12-04 18:08:52,100][com.java.SeleniumDriver] [  854] - DataValue : 2
[INFO ][2015-12-04 18:08:52,100][com.java.SeleniumDriver] [  860] - <In Set values of the page>
[INFO ][2015-12-04 18:08:52,100][com.java.SeleniumDriver] [  863] - {Data Fields & Data Values Exist}
[INFO ][2015-12-04 18:08:52,100][com.java.SeleniumDriver] [  865] - --------------------------setting values-----------------------------
[INFO ][2015-12-04 18:08:52,101][com.java.SeleniumDriver] [  868] - Action Type : WAITFORELEMENT
[INFO ][2015-12-04 18:08:53,305][com.java.SeleniumDriver] [  877] -  RESULT true
[INFO ][2015-12-04 18:08:53,305][com.java.SeleniumDriver] [ 1083] - ?   P A S S   ?
[INFO ][2015-12-04 18:08:53,305][com.java.SeleniumDriver] [  804] - ------------------------------------------
[INFO ][2015-12-04 18:08:53,305][com.java.SeleniumDriver] [  805] - Test case being Executed: 7
[INFO ][2015-12-04 18:08:53,305][com.java.SeleniumDriver] [  816] - Test step:39
[INFO ][2015-12-04 18:08:53,305][com.java.SeleniumDriver] [  828] - Datavalue is----------null
[DEBUG][2015-12-04 18:08:53,305][com.java.SeleniumDriver] [  846] - Exception: null
[INFO ][2015-12-04 18:08:53,305][com.java.SeleniumDriver] [  852] - DataField : HDNmenuProjectOptions
[INFO ][2015-12-04 18:08:53,305][com.java.SeleniumDriver] [  854] - DataValue : 
[INFO ][2015-12-04 18:08:53,305][com.java.SeleniumDriver] [  860] - <In Set values of the page>
[INFO ][2015-12-04 18:08:53,305][com.java.SeleniumDriver] [  863] - {Data Fields & Data Values Exist}
[INFO ][2015-12-04 18:08:53,305][com.java.SeleniumDriver] [  865] - --------------------------setting values-----------------------------
[INFO ][2015-12-04 18:08:53,305][com.java.SeleniumDriver] [  868] - Action Type : CLICK
[INFO ][2015-12-04 18:08:53,306][com.java.TestType] [ 5754] - Field ::HDNmenuProjectOptions
[INFO ][2015-12-04 18:08:55,486][com.java.SeleniumDriver] [  877] -  RESULT true
[INFO ][2015-12-04 18:08:55,486][com.java.SeleniumDriver] [ 1083] - ?   P A S S   ?
[INFO ][2015-12-04 18:08:55,486][com.java.SeleniumDriver] [  804] - ------------------------------------------
[INFO ][2015-12-04 18:08:55,486][com.java.SeleniumDriver] [  805] - Test case being Executed: 7
[INFO ][2015-12-04 18:08:55,486][com.java.SeleniumDriver] [  816] - Test step:40
[INFO ][2015-12-04 18:08:55,486][com.java.SeleniumDriver] [  828] - Datavalue is----------null
[DEBUG][2015-12-04 18:08:55,486][com.java.SeleniumDriver] [  846] - Exception: null
[INFO ][2015-12-04 18:08:55,486][com.java.SeleniumDriver] [  852] - DataField : BTNframeDialogContent
[INFO ][2015-12-04 18:08:55,487][com.java.SeleniumDriver] [  854] - DataValue : 
[INFO ][2015-12-04 18:08:55,487][com.java.SeleniumDriver] [  860] - <In Set values of the page>
[INFO ][2015-12-04 18:08:55,487][com.java.SeleniumDriver] [  863] - {Data Fields & Data Values Exist}
[INFO ][2015-12-04 18:08:55,487][com.java.SeleniumDriver] [  865] - --------------------------setting values-----------------------------
[INFO ][2015-12-04 18:08:55,487][com.java.SeleniumDriver] [  868] - Action Type : SELECTFRAME
[INFO ][2015-12-04 18:08:57,355][com.java.SeleniumDriver] [  877] -  RESULT true
[INFO ][2015-12-04 18:08:57,355][com.java.SeleniumDriver] [ 1083] - ?   P A S S   ?
[INFO ][2015-12-04 18:08:57,356][com.java.SeleniumDriver] [  804] - ------------------------------------------
[INFO ][2015-12-04 18:08:57,356][com.java.SeleniumDriver] [  805] - Test case being Executed: 7
[INFO ][2015-12-04 18:08:57,356][com.java.SeleniumDriver] [  816] - Test step:41
[INFO ][2015-12-04 18:08:57,356][com.java.SeleniumDriver] [  828] - Datavalue is----------2
[INFO ][2015-12-04 18:08:57,356][com.java.SeleniumDriver] [  852] - DataField : DSP//li[text()='Project History']
[INFO ][2015-12-04 18:08:57,356][com.java.SeleniumDriver] [  854] - DataValue : 2
[INFO ][2015-12-04 18:08:57,356][com.java.SeleniumDriver] [  860] - <In Set values of the page>
[INFO ][2015-12-04 18:08:57,356][com.java.SeleniumDriver] [  863] - {Data Fields & Data Values Exist}
[INFO ][2015-12-04 18:08:57,356][com.java.SeleniumDriver] [  865] - --------------------------setting values-----------------------------
[INFO ][2015-12-04 18:08:57,356][com.java.SeleniumDriver] [  868] - Action Type : WAITFORELEMENT
[INFO ][2015-12-04 18:08:57,427][com.java.SeleniumDriver] [  877] -  RESULT true
[INFO ][2015-12-04 18:08:57,427][com.java.SeleniumDriver] [ 1083] - ?   P A S S   ?
[INFO ][2015-12-04 18:08:57,427][com.java.SeleniumDriver] [  804] - ------------------------------------------
[INFO ][2015-12-04 18:08:57,427][com.java.SeleniumDriver] [  805] - Test case being Executed: 7
[INFO ][2015-12-04 18:08:57,427][com.java.SeleniumDriver] [  816] - Test step:42
[INFO ][2015-12-04 18:08:57,427][com.java.SeleniumDriver] [  828] - Datavalue is----------null
[DEBUG][2015-12-04 18:08:57,427][com.java.SeleniumDriver] [  846] - Exception: null
[INFO ][2015-12-04 18:08:57,427][com.java.SeleniumDriver] [  852] - DataField : XPH//li[text()='Project History']
[INFO ][2015-12-04 18:08:57,427][com.java.SeleniumDriver] [  854] - DataValue : 
[INFO ][2015-12-04 18:08:57,427][com.java.SeleniumDriver] [  860] - <In Set values of the page>
[INFO ][2015-12-04 18:08:57,427][com.java.SeleniumDriver] [  863] - {Data Fields & Data Values Exist}
[INFO ][2015-12-04 18:08:57,428][com.java.SeleniumDriver] [  865] - --------------------------setting values-----------------------------
[INFO ][2015-12-04 18:08:57,428][com.java.SeleniumDriver] [  868] - Action Type : CLICK
[INFO ][2015-12-04 18:08:57,428][com.java.TestType] [ 5754] - Field ::XPH//li[text()='Project History']
[INFO ][2015-12-04 18:08:58,428][com.java.TestType] [ 5841] - BEFORE CLICK
[INFO ][2015-12-04 18:08:59,150][com.java.TestType] [ 5849] - Unable to click the object ProjectHistory
[INFO ][2015-12-04 18:08:59,150][com.java.SeleniumDriver] [  877] -  RESULT true
[INFO ][2015-12-04 18:08:59,150][com.java.SeleniumDriver] [ 1083] - ?   P A S S   ?
[INFO ][2015-12-04 18:08:59,150][com.java.SeleniumDriver] [  804] - ------------------------------------------
[INFO ][2015-12-04 18:08:59,150][com.java.SeleniumDriver] [  805] - Test case being Executed: 7
[INFO ][2015-12-04 18:08:59,150][com.java.SeleniumDriver] [  816] - Test step:43
[INFO ][2015-12-04 18:08:59,150][com.java.SeleniumDriver] [  828] - Datavalue is----------null
[DEBUG][2015-12-04 18:08:59,150][com.java.SeleniumDriver] [  846] - Exception: null
[INFO ][2015-12-04 18:08:59,150][com.java.SeleniumDriver] [  852] - DataField : //table[@id='tblProjectHistoryRec']/tbody/tr[1]/td[2]
[INFO ][2015-12-04 18:08:59,150][com.java.SeleniumDriver] [  854] - DataValue : 
[INFO ][2015-12-04 18:08:59,150][com.java.SeleniumDriver] [  860] - <In Set values of the page>
[INFO ][2015-12-04 18:08:59,150][com.java.SeleniumDriver] [  863] - {Data Fields & Data Values Exist}
[INFO ][2015-12-04 18:08:59,151][com.java.SeleniumDriver] [  865] - --------------------------setting values-----------------------------
[INFO ][2015-12-04 18:08:59,151][com.java.SeleniumDriver] [  868] - Action Type : GETTABLESIZEAFTER
[INFO ][2015-12-04 18:08:59,200][com.java.SeleniumDriver] [  877] -  RESULT true
[INFO ][2015-12-04 18:08:59,201][com.java.SeleniumDriver] [ 1083] - ?   P A S S   ?
[INFO ][2015-12-04 18:08:59,201][com.java.SeleniumDriver] [  804] - ------------------------------------------
[INFO ][2015-12-04 18:08:59,201][com.java.SeleniumDriver] [  805] - Test case being Executed: 7
[INFO ][2015-12-04 18:08:59,201][com.java.SeleniumDriver] [  816] - Test step:44
[INFO ][2015-12-04 18:08:59,201][com.java.SeleniumDriver] [  828] - Datavalue is---------- Forecasting 
[INFO ][2015-12-04 18:08:59,201][com.java.SeleniumDriver] [  852] - DataField : TTL
[INFO ][2015-12-04 18:08:59,202][com.java.SeleniumDriver] [  854] - DataValue :  Forecasting 
[INFO ][2015-12-04 18:08:59,202][com.java.SeleniumDriver] [  860] - <In Set values of the page>
[INFO ][2015-12-04 18:08:59,203][com.java.SeleniumDriver] [  863] - {Data Fields & Data Values Exist}
[INFO ][2015-12-04 18:08:59,203][com.java.SeleniumDriver] [  865] - --------------------------setting values-----------------------------
[INFO ][2015-12-04 18:08:59,203][com.java.SeleniumDriver] [  868] - Action Type : CLOSEWINDOW
[INFO ][2015-12-04 18:08:59,491][com.java.SeleniumDriver] [  877] -  RESULT true
[INFO ][2015-12-04 18:08:59,491][com.java.SeleniumDriver] [ 1083] - ?   P A S S   ?
[INFO ][2015-12-04 18:08:59,491][com.java.SeleniumDriver] [  804] - ------------------------------------------
[INFO ][2015-12-04 18:08:59,491][com.java.SeleniumDriver] [  805] - Test case being Executed: 7
[INFO ][2015-12-04 18:08:59,491][com.java.SeleniumDriver] [  816] - Test step:45
[INFO ][2015-12-04 18:08:59,491][com.java.SeleniumDriver] [  828] - Datavalue is----------Banker'sDashboard
[INFO ][2015-12-04 18:08:59,491][com.java.SeleniumDriver] [  852] - DataField : TTL
[INFO ][2015-12-04 18:08:59,491][com.java.SeleniumDriver] [  854] - DataValue : Banker'sDashboard
[INFO ][2015-12-04 18:08:59,491][com.java.SeleniumDriver] [  860] - <In Set values of the page>
[INFO ][2015-12-04 18:08:59,491][com.java.SeleniumDriver] [  863] - {Data Fields & Data Values Exist}
[INFO ][2015-12-04 18:08:59,491][com.java.SeleniumDriver] [  865] - --------------------------setting values-----------------------------
[INFO ][2015-12-04 18:08:59,491][com.java.SeleniumDriver] [  868] - Action Type : SelectWindow
[INFO ][2015-12-04 18:09:11,648][com.java.SeleniumDriver] [  877] -  RESULT true
[INFO ][2015-12-04 18:09:11,648][com.java.SeleniumDriver] [ 1083] - ?   P A S S   ?
[DEBUG][2015-12-04 18:09:11,648][com.java.SeleniumDriver] [ 1195] - Case found
[DEBUG][2015-12-04 18:09:11,648][com.java.SeleniumDriver] [ 1200] - Incrementing ReportCounters[0]:2
[INFO ][2015-12-04 18:09:11,648][com.java.SeleniumDriver] [ 1219] - The results are-------------------[7, 1, Copy to Forecast project, Pass, , Fri Dec 04 18:06:22 IST 2015, 7, 2, Reconcile option, Pass, , Fri Dec 04 18:06:22 IST 2015, 7, 4, Reconcile option, Pass, , Fri Dec 04 18:06:28 IST 2015, 7, 5, Reconcile option, Pass, , Fri Dec 04 18:06:51 IST 2015, 7, 6, Reconcile option, Pass, , Fri Dec 04 18:06:56 IST 2015, 7, 7, Reconcile option, Pass, , Fri Dec 04 18:07:08 IST 2015, 7, 8, Reconcile option, Pass, , Fri Dec 04 18:07:09 IST 2015, 7, 9, Reconcile option, Pass, , Fri Dec 04 18:07:10 IST 2015, 7, 10, Reconcile option, Pass, , Fri Dec 04 18:07:12 IST 2015, 7, 11, Reconcile option, Pass, , Fri Dec 04 18:07:13 IST 2015, 7, 12, Reconcile option, Pass, , Fri Dec 04 18:07:16 IST 2015, 7, 13, Reconcile option, Pass, , Fri Dec 04 18:07:18 IST 2015, 7, 14, Reconcile option, Pass, , Fri Dec 04 18:07:18 IST 2015, 7, 15, Reconcile option, Pass, , Fri Dec 04 18:07:18 IST 2015, 7, 16, Reconcile option, Pass, , Fri Dec 04 18:07:28 IST 2015, 7, 17, Reconcile option, Pass, , Fri Dec 04 18:07:28 IST 2015, 7, 18, Reconcile option, Pass, , Fri Dec 04 18:07:30 IST 2015, 7, 19, Reconcile option, Pass, , Fri Dec 04 18:07:32 IST 2015, 7, 20, Reconcile option, Pass, , Fri Dec 04 18:07:34 IST 2015, 7, 21, Reconcile option, Pass, , Fri Dec 04 18:07:40 IST 2015, 7, 22, Reconcile option, Pass, , Fri Dec 04 18:07:40 IST 2015, 7, 23, Reconcile option, Pass, , Fri Dec 04 18:07:52 IST 2015, 7, 24, Reconcile option, Pass, , Fri Dec 04 18:07:57 IST 2015, 7, 25, Reconcile option, Pass, , Fri Dec 04 18:08:20 IST 2015, 7, 26, Reconcile option, Pass, , Fri Dec 04 18:08:25 IST 2015, 7, 27, Reconcile option, Pass, , Fri Dec 04 18:08:38 IST 2015, 7, 28, Reconcile option, Pass, , Fri Dec 04 18:08:38 IST 2015, 7, 29, Reconcile option, Pass, , Fri Dec 04 18:08:38 IST 2015, 7, 30, Reconcile option, Pass, , Fri Dec 04 18:08:38 IST 2015, 7, 31, Reconcile option, Pass, , Fri Dec 04 18:08:39 IST 2015, 7, 32, Reconcile option, Pass, , Fri Dec 04 18:08:40 IST 2015, 7, 33, Reconcile option, Pass, , Fri Dec 04 18:08:45 IST 2015, 7, 34, Reconcile option, Pass, , Fri Dec 04 18:08:47 IST 2015, 7, 35, Reconcile option, Pass, , Fri Dec 04 18:08:49 IST 2015, 7, 36, Reconcile option, Pass, , Fri Dec 04 18:08:49 IST 2015, 7, 37, Reconcile option, Pass, , Fri Dec 04 18:08:52 IST 2015, 7, 38, Reconcile option, Pass, , Fri Dec 04 18:08:53 IST 2015, 7, 39, Reconcile option, Pass, , Fri Dec 04 18:08:55 IST 2015, 7, 40, Reconcile option, Pass, , Fri Dec 04 18:08:57 IST 2015, 7, 41, Reconcile option, Pass, , Fri Dec 04 18:08:57 IST 2015, 7, 42, Reconcile option, Pass, , Fri Dec 04 18:08:59 IST 2015, 7, 43, Reconcile option, Pass, , Fri Dec 04 18:08:59 IST 2015, 7, 44, Reconcile option, Pass, , Fri Dec 04 18:08:59 IST 2015, 7, 45, Reconcile option, Pass, , Fri Dec 04 18:09:11 IST 2015]
[INFO ][2015-12-04 18:09:11,648][com.java.SeleniumDriver] [ 1223] - End time is-------3 min 49 sec
[INFO ][2015-12-04 18:09:11,648][com.java.SeleniumDriver] [ 1224] - The results are-------------------[7, 1, Copy to Forecast project, Pass, , Fri Dec 04 18:06:22 IST 2015, 7, 2, Reconcile option, Pass, , Fri Dec 04 18:06:22 IST 2015, 7, 4, Reconcile option, Pass, , Fri Dec 04 18:06:28 IST 2015, 7, 5, Reconcile option, Pass, , Fri Dec 04 18:06:51 IST 2015, 7, 6, Reconcile option, Pass, , Fri Dec 04 18:06:56 IST 2015, 7, 7, Reconcile option, Pass, , Fri Dec 04 18:07:08 IST 2015, 7, 8, Reconcile option, Pass, , Fri Dec 04 18:07:09 IST 2015, 7, 9, Reconcile option, Pass, , Fri Dec 04 18:07:10 IST 2015, 7, 10, Reconcile option, Pass, , Fri Dec 04 18:07:12 IST 2015, 7, 11, Reconcile option, Pass, , Fri Dec 04 18:07:13 IST 2015, 7, 12, Reconcile option, Pass, , Fri Dec 04 18:07:16 IST 2015, 7, 13, Reconcile option, Pass, , Fri Dec 04 18:07:18 IST 2015, 7, 14, Reconcile option, Pass, , Fri Dec 04 18:07:18 IST 2015, 7, 15, Reconcile option, Pass, , Fri Dec 04 18:07:18 IST 2015, 7, 16, Reconcile option, Pass, , Fri Dec 04 18:07:28 IST 2015, 7, 17, Reconcile option, Pass, , Fri Dec 04 18:07:28 IST 2015, 7, 18, Reconcile option, Pass, , Fri Dec 04 18:07:30 IST 2015, 7, 19, Reconcile option, Pass, , Fri Dec 04 18:07:32 IST 2015, 7, 20, Reconcile option, Pass, , Fri Dec 04 18:07:34 IST 2015, 7, 21, Reconcile option, Pass, , Fri Dec 04 18:07:40 IST 2015, 7, 22, Reconcile option, Pass, , Fri Dec 04 18:07:40 IST 2015, 7, 23, Reconcile option, Pass, , Fri Dec 04 18:07:52 IST 2015, 7, 24, Reconcile option, Pass, , Fri Dec 04 18:07:57 IST 2015, 7, 25, Reconcile option, Pass, , Fri Dec 04 18:08:20 IST 2015, 7, 26, Reconcile option, Pass, , Fri Dec 04 18:08:25 IST 2015, 7, 27, Reconcile option, Pass, , Fri Dec 04 18:08:38 IST 2015, 7, 28, Reconcile option, Pass, , Fri Dec 04 18:08:38 IST 2015, 7, 29, Reconcile option, Pass, , Fri Dec 04 18:08:38 IST 2015, 7, 30, Reconcile option, Pass, , Fri Dec 04 18:08:38 IST 2015, 7, 31, Reconcile option, Pass, , Fri Dec 04 18:08:39 IST 2015, 7, 32, Reconcile option, Pass, , Fri Dec 04 18:08:40 IST 2015, 7, 33, Reconcile option, Pass, , Fri Dec 04 18:08:45 IST 2015, 7, 34, Reconcile option, Pass, , Fri Dec 04 18:08:47 IST 2015, 7, 35, Reconcile option, Pass, , Fri Dec 04 18:08:49 IST 2015, 7, 36, Reconcile option, Pass, , Fri Dec 04 18:08:49 IST 2015, 7, 37, Reconcile option, Pass, , Fri Dec 04 18:08:52 IST 2015, 7, 38, Reconcile option, Pass, , Fri Dec 04 18:08:53 IST 2015, 7, 39, Reconcile option, Pass, , Fri Dec 04 18:08:55 IST 2015, 7, 40, Reconcile option, Pass, , Fri Dec 04 18:08:57 IST 2015, 7, 41, Reconcile option, Pass, , Fri Dec 04 18:08:57 IST 2015, 7, 42, Reconcile option, Pass, , Fri Dec 04 18:08:59 IST 2015, 7, 43, Reconcile option, Pass, , Fri Dec 04 18:08:59 IST 2015, 7, 44, Reconcile option, Pass, , Fri Dec 04 18:08:59 IST 2015, 7, 45, Reconcile option, Pass, , Fri Dec 04 18:09:11 IST 2015]
[DEBUG][2015-12-04 18:09:11,648][com.java.ImportnExport.ExportTestResultsExcel] [  222] - testResultPath = D:\BankersDashboard/TestReports/Test Results_BankersDashBoard_120415_180523_IE10_Any Bank USA.xls
[DEBUG][2015-12-04 18:09:11,648][com.java.ImportnExport.ExportTestResultsExcel] [  223] - browser is------------IE10
[DEBUG][2015-12-04 18:09:11,653][com.java.ImportnExport.ExportTestResultsExcel] [  270] - result.size() = 264
[DEBUG][2015-12-04 18:09:11,653][com.java.ImportnExport.ExportTestResultsExcel] [  274] - No of rows in sheet=2
[DEBUG][2015-12-04 18:09:11,653][com.java.ImportnExport.ExportTestResultsExcel] [  301] - ..in export..7
[DEBUG][2015-12-04 18:09:11,654][com.java.ImportnExport.ExportTestResultsExcel] [  301] - ..in export..Copy to Forecast project
[DEBUG][2015-12-04 18:09:11,654][com.java.ImportnExport.ExportTestResultsExcel] [  301] - ..in export..Pass
[DEBUG][2015-12-04 18:09:11,654][com.java.ImportnExport.ExportTestResultsExcel] [  301] - ..in export..
[DEBUG][2015-12-04 18:09:11,654][com.java.ImportnExport.ExportTestResultsExcel] [  301] - ..in export..Fri Dec 04 18:06:22 IST 2015
[INFO ][2015-12-04 18:09:11,655][com.java.SeleniumDriver] [ 1282] - out loop:1 size:2 TestCases:[1, 7] testcases:[1, 7]
[INFO ][2015-12-04 18:09:13,655][com.java.SeleniumDriver] [ 1325] - Total Number of Cases:2
[INFO ][2015-12-04 18:09:13,655][com.java.TemplateGenerator] [  302] - Executed:2
[INFO ][2015-12-04 18:09:13,655][com.java.TemplateGenerator] [  303] - Passed:2
[INFO ][2015-12-04 18:09:13,655][com.java.TemplateGenerator] [  304] - Failed:0
[INFO ][2015-12-04 18:09:13,655][com.java.TemplateGenerator] [  305] - Skipeed:0
[INFO ][2015-12-04 18:09:13,655][com.java.TemplateGenerator] [  306] - Application URL:https://clients-xuat.bankersdashboard.com
[INFO ][2015-12-04 18:09:13,655][com.java.TemplateGenerator] [  307] - Start Time:120415_180523
[INFO ][2015-12-04 18:09:13,655][com.java.TemplateGenerator] [  308] -  Creating HTML Report 
[ERROR][2015-12-04 18:09:13,656][com.java.TemplateGenerator] [  409] - Unparseable date: "Fri Dec 04 06:05:23 IST 2015"
[INFO ][2015-12-04 18:09:13,656][com.java.TemplateGenerator] [  654] -  Exporting case :: 1
[INFO ][2015-12-04 18:09:13,656][com.java.TemplateGenerator] [  654] -  Exporting case :: 7
[INFO ][2015-12-04 18:09:13,662][com.java.SeleniumDriver] [ 1374] - End Time:120415_180913
[INFO ][2015-12-04 18:09:13,662][com.java.SeleniumDriver] [ 1377] - Data in Test Execution Details:{1=PASS, 7=PASS}
[INFO ][2015-12-04 18:09:13,662][com.java.SeleniumDriver] [ 1378] - Data in Failed Execution Deatils:{}
[INFO ][2015-12-04 18:09:13,662][com.java.SeleniumDriver] [ 1380] - ReportCounter:Total:2 :: PASS: 2 ::FAIL: 0
[INFO ][2015-12-04 18:09:13,662][com.java.SeleniumDriver] [ 1381] - FailedReportCounter:Total:0 :: PASS: 0 ::FAIL: 0
[INFO ][2015-12-04 18:09:13,668][com.java.EmailTestReport] [   63] - Sending report mail details:
[INFO ][2015-12-04 18:09:13,668][com.java.EmailTestReport] [   80] - Excel Report Path:D:\BankersDashboard/TestReports/Test Results_BankersDashBoard_120415_180523_IE10_Any Bank USA.xls
[INFO ][2015-12-04 18:09:13,668][com.java.EmailTestReport] [   81] - HTML Report Path:D:\BankersDashboard//TestReports//Test Results_BankersDashBoard_120415_180523_IE10_Any Bank USA.html
[INFO ][2015-12-04 18:09:13,668][com.java.EmailTestReport] [   82] - smtpHostName:mail01.valuelabs.com
[INFO ][2015-12-04 18:09:13,668][com.java.EmailTestReport] [   83] - Recipient:venkateswararao.gubbala@valuelabs.com;
[INFO ][2015-12-04 18:09:13,668][com.java.EmailTestReport] [   84] - From:venkateswararao.gubbala@valuelabs.com;
[INFO ][2015-12-04 18:09:13,670][com.java.EmailTestReport] [   85] - Subject:Deluxe Corp Bankers Dashboard Automation Test Report - Any Bank USA - IE10
[INFO ][2015-12-04 18:09:13,684][com.java.EmailTestReport] [  143] -  Added venkateswararao.gubbala@valuelabs.com
[INFO ][2015-12-04 18:09:16,802][com.java.SeleniumDriver] [  720] - quitting the browser 
[INFO ][2015-12-04 18:09:18,062][com.java.SeleniumDriver] [  264] - Execution Completed Stopping the thread
