[INFO ][2016-01-14 12:18:24,756][com.java.SeleniumDriver] [  213] - Execute Failed Casesfalse
[INFO ][2016-01-14 12:18:24,756][com.java.SeleniumDriver] [  214] - Browser: IE10
[INFO ][2016-01-14 12:18:24,757][com.java.SeleniumDriver] [  215] - [1, 12]
[INFO ][2016-01-14 12:18:24,757][com.java.SeleniumDriver] [  216] - Total TestCases:2
[INFO ][2016-01-14 12:18:24,757][com.java.SeleniumDriver] [  217] -  Reading Properties from Property File 
[DEBUG][2016-01-14 12:18:24,757][com.java.SeleniumDriver] [  238] - url : https://clients-xuat.bankersdashboard.com
[INFO ][2016-01-14 12:18:24,758][com.java.ImportnExport.ExportTestResultsExcel] [  116] - Time Stamp Thu Jan 14 12:18:24 IST 2016
[INFO ][2016-01-14 12:18:24,758][com.java.ImportnExport.ExportTestResultsExcel] [  175] - OUT FILE : D:\BankersDashboard/TestReports/Test Results_BankersDashBoard_011416_121824_IE10_Any Bank USA.xls
[INFO ][2016-01-14 12:18:24,788][com.java.ImportnExport.ExportTestResultsExcel] [  180] - Test Result file is created
[DEBUG][2016-01-14 12:18:24,899][com.java.SeleniumDriver] [  426] - Hub ip address is-------172.17.68.34
[INFO ][2016-01-14 12:18:24,899][com.java.SeleniumDriver] [  452] - Grid URL:http://172.17.68.34:4444/wd/hub
[INFO ][2016-01-14 12:18:24,900][com.java.SeleniumDriver] [  453] - Capability:Capabilities [{platform=ANY, ensureCleanSession=true, ignoreProtectedModeSettings=true, acceptSslCerts=true, ignoreZoomSetting=true, browserName=internet explorer, browserstack.ie.noFlash=true, version=null}]
[ERROR][2016-01-14 12:18:26,238][com.java.SeleniumDriver] [  498] - Unable invoke browser in grid:Could not start a new session. Possible causes are invalid address of the remote server or browser start-up failure.
Build info: version: '2.48.2', revision: '41bccdd', time: '2015-10-09 19:59:12'
System info: host: 'FVTIII438F1D', ip: '172.17.68.34', os.name: 'Windows 7', os.arch: 'x86', os.version: '6.1', java.version: '1.7.0_55'
Driver info: driver.version: SeleniumDriver
[INFO ][2016-01-14 12:18:26,238][com.java.SeleniumDriver] [  500] - Executing on local machine
[INFO ][2016-01-14 12:18:36,510][com.java.SeleniumDriver] [  248] - IE10is opened
[INFO ][2016-01-14 12:18:37,344][com.java.SeleniumDriver] [  756] - Test cases to be executed are: [1, 12]
[INFO ][2016-01-14 12:18:37,368][com.java.ImportnExport.ImportTestDataDetailsExcel] [   49] - test data details path===== D:\BankersDashboard\TestInputs\TestData.xls
[INFO ][2016-01-14 12:18:37,476][com.java.SeleniumDriver] [  856] - ------------------------------------------
[INFO ][2016-01-14 12:18:37,476][com.java.SeleniumDriver] [  857] - Test case being Executed: 1
[INFO ][2016-01-14 12:18:37,476][com.java.SeleniumDriver] [  869] - Test step:1
[INFO ][2016-01-14 12:18:37,476][com.java.SeleniumDriver] [  881] - Datavalue is----------Concept#1:1-16
[INFO ][2016-01-14 12:18:37,477][com.java.SeleniumDriver] [  905] - DataField : test
[INFO ][2016-01-14 12:18:37,477][com.java.SeleniumDriver] [  907] - DataValue : Concept#1:1-16
[INFO ][2016-01-14 12:18:37,477][com.java.SeleniumDriver] [  913] - <In Set values of the page>
[INFO ][2016-01-14 12:18:37,477][com.java.SeleniumDriver] [  916] - {Data Fields & Data Values Exist}
[INFO ][2016-01-14 12:18:37,477][com.java.SeleniumDriver] [  918] - --------------------------setting values-----------------------------
[INFO ][2016-01-14 12:18:37,477][com.java.SeleniumDriver] [  921] - Action Type : ExecuteTestCase
[INFO ][2016-01-14 12:18:37,497][com.java.TestType] [  437] - The Concept sheet name is ---------- Concept
[INFO ][2016-01-14 12:18:37,497][com.java.TestType] [  440] - The Concept ID  is ---------- 1
[DEBUG][2016-01-14 12:18:37,497][com.java.TestType] [  444] - Steps being executted in the Concept are: 1:16
[INFO ][2016-01-14 12:18:37,497][com.java.TestType] [  451] - Test data details path ---------- D:\BankersDashboard\TestInputs\TestData.xls
[INFO ][2016-01-14 12:18:37,536][com.java.TestType] [  482] -  str(1) = 1
[INFO ][2016-01-14 12:18:37,536][com.java.TestType] [  485] - Test case Id is---1
[INFO ][2016-01-14 12:18:37,536][com.java.TestType] [  487] - 1
[INFO ][2016-01-14 12:18:37,536][com.java.TestType] [  482] -  str(2) = 1
[INFO ][2016-01-14 12:18:37,539][com.java.TestType] [  482] -  str(1) = 1
[INFO ][2016-01-14 12:18:37,539][com.java.TestType] [  485] - Test case Id is---1
[INFO ][2016-01-14 12:18:37,539][com.java.TestType] [  487] - 1
[INFO ][2016-01-14 12:18:37,539][com.java.TestType] [  482] -  str(2) = 2
[INFO ][2016-01-14 12:18:37,542][com.java.TestType] [  482] -  str(1) = 1
[INFO ][2016-01-14 12:18:37,542][com.java.TestType] [  485] - Test case Id is---1
[INFO ][2016-01-14 12:18:37,542][com.java.TestType] [  487] - 1
[INFO ][2016-01-14 12:18:37,542][com.java.TestType] [  482] -  str(2) = 3
[INFO ][2016-01-14 12:18:37,544][com.java.TestType] [  482] -  str(1) = 1
[INFO ][2016-01-14 12:18:37,544][com.java.TestType] [  485] - Test case Id is---1
[INFO ][2016-01-14 12:18:37,544][com.java.TestType] [  487] - 1
[INFO ][2016-01-14 12:18:37,544][com.java.TestType] [  482] -  str(2) = 4
[INFO ][2016-01-14 12:18:37,545][com.java.TestType] [  482] -  str(1) = 1
[INFO ][2016-01-14 12:18:37,545][com.java.TestType] [  485] - Test case Id is---1
[INFO ][2016-01-14 12:18:37,545][com.java.TestType] [  487] - 1
[INFO ][2016-01-14 12:18:37,545][com.java.TestType] [  482] -  str(2) = 5
[INFO ][2016-01-14 12:18:37,546][com.java.TestType] [  482] -  str(1) = 1
[INFO ][2016-01-14 12:18:37,546][com.java.TestType] [  485] - Test case Id is---1
[INFO ][2016-01-14 12:18:37,547][com.java.TestType] [  487] - 1
[INFO ][2016-01-14 12:18:37,548][com.java.TestType] [  482] -  str(2) = 6
[INFO ][2016-01-14 12:18:37,548][com.java.TestType] [  482] -  str(1) = 1
[INFO ][2016-01-14 12:18:37,549][com.java.TestType] [  485] - Test case Id is---1
[INFO ][2016-01-14 12:18:37,549][com.java.TestType] [  487] - 1
[INFO ][2016-01-14 12:18:37,549][com.java.TestType] [  482] -  str(2) = 7
[INFO ][2016-01-14 12:18:37,550][com.java.TestType] [  482] -  str(1) = 1
[INFO ][2016-01-14 12:18:37,550][com.java.TestType] [  485] - Test case Id is---1
[INFO ][2016-01-14 12:18:37,550][com.java.TestType] [  487] - 1
[INFO ][2016-01-14 12:18:37,550][com.java.TestType] [  482] -  str(2) = 8
[INFO ][2016-01-14 12:18:37,551][com.java.TestType] [  482] -  str(1) = 1
[INFO ][2016-01-14 12:18:37,551][com.java.TestType] [  485] - Test case Id is---1
[INFO ][2016-01-14 12:18:37,551][com.java.TestType] [  487] - 1
[INFO ][2016-01-14 12:18:37,551][com.java.TestType] [  482] -  str(2) = 9
[INFO ][2016-01-14 12:18:37,552][com.java.TestType] [  482] -  str(1) = 1
[INFO ][2016-01-14 12:18:37,553][com.java.TestType] [  485] - Test case Id is---1
[INFO ][2016-01-14 12:18:37,553][com.java.TestType] [  487] - 1
[INFO ][2016-01-14 12:18:37,553][com.java.TestType] [  482] -  str(2) = 10
[INFO ][2016-01-14 12:18:37,553][com.java.TestType] [  482] -  str(1) = 1
[INFO ][2016-01-14 12:18:37,554][com.java.TestType] [  485] - Test case Id is---1
[INFO ][2016-01-14 12:18:37,554][com.java.TestType] [  487] - 1
[INFO ][2016-01-14 12:18:37,554][com.java.TestType] [  482] -  str(2) = 11
[INFO ][2016-01-14 12:18:37,554][com.java.TestType] [  482] -  str(1) = 1
[INFO ][2016-01-14 12:18:37,555][com.java.TestType] [  485] - Test case Id is---1
[INFO ][2016-01-14 12:18:37,555][com.java.TestType] [  487] - 1
[INFO ][2016-01-14 12:18:37,555][com.java.TestType] [  482] -  str(2) = 12
[INFO ][2016-01-14 12:18:37,556][com.java.TestType] [  482] -  str(1) = 1
[INFO ][2016-01-14 12:18:37,556][com.java.TestType] [  485] - Test case Id is---1
[INFO ][2016-01-14 12:18:37,556][com.java.TestType] [  487] - 1
[INFO ][2016-01-14 12:18:37,556][com.java.TestType] [  482] -  str(2) = 13
[INFO ][2016-01-14 12:18:37,557][com.java.TestType] [  482] -  str(1) = 1
[INFO ][2016-01-14 12:18:37,557][com.java.TestType] [  485] - Test case Id is---1
[INFO ][2016-01-14 12:18:37,557][com.java.TestType] [  487] - 1
[INFO ][2016-01-14 12:18:37,557][com.java.TestType] [  482] -  str(2) = 14
[INFO ][2016-01-14 12:18:37,558][com.java.TestType] [  482] -  str(1) = 1
[INFO ][2016-01-14 12:18:37,558][com.java.TestType] [  485] - Test case Id is---1
[INFO ][2016-01-14 12:18:37,558][com.java.TestType] [  487] - 1
[INFO ][2016-01-14 12:18:37,558][com.java.TestType] [  482] -  str(2) = 15
[INFO ][2016-01-14 12:18:37,559][com.java.TestType] [  482] -  str(1) = 1
[INFO ][2016-01-14 12:18:37,559][com.java.TestType] [  485] - Test case Id is---1
[INFO ][2016-01-14 12:18:37,559][com.java.TestType] [  487] - 1
[INFO ][2016-01-14 12:18:37,559][com.java.TestType] [  482] -  str(2) = 16
[INFO ][2016-01-14 12:18:37,560][com.java.TestType] [11305] - Looping 1TCID = 1
[DEBUG][2016-01-14 12:18:37,560][com.java.TestType] [11346] - Concept ID:1 :: Step being Executed: 1::1
[INFO ][2016-01-14 12:18:37,560][com.java.TestType] [11384] - dataFields : TXTusername
[DEBUG][2016-01-14 12:18:37,560][com.java.TestType] [11390] - <In Set values of the page>
[DEBUG][2016-01-14 12:18:37,560][com.java.TestType] [11395] - {Data Fields & Data Values Exist}
[INFO ][2016-01-14 12:18:37,560][com.java.TestType] [11401] - --------------------------setting values-----------------------------
[INFO ][2016-01-14 12:18:37,562][com.java.TestType] [11404] - Action Type : CLEARANDENTER
[INFO ][2016-01-14 12:18:39,877][com.java.TestType] [ 6136] - value = naresh.nayini.00000
[INFO ][2016-01-14 12:18:42,304][com.java.TestType] [11423] -  RESULT true
[INFO ][2016-01-14 12:18:42,304][com.java.TestType] [11540] - ?   P A S S   ?
[DEBUG][2016-01-14 12:18:42,304][com.java.TestType] [11346] - Concept ID:1 :: Step being Executed: 1::2
[INFO ][2016-01-14 12:18:42,304][com.java.TestType] [11384] - dataFields : TXTpassword
[DEBUG][2016-01-14 12:18:42,304][com.java.TestType] [11390] - <In Set values of the page>
[DEBUG][2016-01-14 12:18:42,305][com.java.TestType] [11395] - {Data Fields & Data Values Exist}
[INFO ][2016-01-14 12:18:42,305][com.java.TestType] [11401] - --------------------------setting values-----------------------------
[INFO ][2016-01-14 12:18:42,305][com.java.TestType] [11404] - Action Type : CLEARANDENTER
[INFO ][2016-01-14 12:18:44,598][com.java.TestType] [ 6136] - value = Password1*
[INFO ][2016-01-14 12:18:47,148][com.java.TestType] [11423] -  RESULT true
[INFO ][2016-01-14 12:18:47,148][com.java.TestType] [11540] - ?   P A S S   ?
[DEBUG][2016-01-14 12:18:47,148][com.java.TestType] [11346] - Concept ID:1 :: Step being Executed: 1::3
[ERROR][2016-01-14 12:18:47,149][com.java.TestType] [11379] - Exception: null
[INFO ][2016-01-14 12:18:47,149][com.java.TestType] [11384] - dataFields : XPH//button[@type='submit']
[DEBUG][2016-01-14 12:18:47,149][com.java.TestType] [11390] - <In Set values of the page>
[DEBUG][2016-01-14 12:18:47,149][com.java.TestType] [11395] - {Data Fields & Data Values Exist}
[INFO ][2016-01-14 12:18:47,149][com.java.TestType] [11401] - --------------------------setting values-----------------------------
[INFO ][2016-01-14 12:18:47,149][com.java.TestType] [11404] - Action Type : Click
[INFO ][2016-01-14 12:18:47,149][com.java.TestType] [ 6515] - Field ::XPH//button[@type='submit']
[INFO ][2016-01-14 12:18:47,149][com.java.TestType] [ 6136] - value = 
[INFO ][2016-01-14 12:18:48,151][com.java.TestType] [ 6652] - BEFORE CLICK
[INFO ][2016-01-14 12:18:49,010][com.java.TestType] [ 6660] - Unable to click the object Login
[INFO ][2016-01-14 12:18:49,010][com.java.TestType] [11423] -  RESULT true
[INFO ][2016-01-14 12:18:49,010][com.java.TestType] [11540] - ?   P A S S   ?
[DEBUG][2016-01-14 12:18:49,010][com.java.TestType] [11346] - Concept ID:1 :: Step being Executed: 1::4
[INFO ][2016-01-14 12:18:49,010][com.java.TestType] [11384] - dataFields : LNKLogout
[DEBUG][2016-01-14 12:18:49,010][com.java.TestType] [11390] - <In Set values of the page>
[DEBUG][2016-01-14 12:18:49,010][com.java.TestType] [11395] - {Data Fields & Data Values Exist}
[INFO ][2016-01-14 12:18:49,010][com.java.TestType] [11401] - --------------------------setting values-----------------------------
[INFO ][2016-01-14 12:18:49,010][com.java.TestType] [11404] - Action Type : WaitForElement
[INFO ][2016-01-14 12:18:52,505][com.java.TestType] [11423] -  RESULT true
[INFO ][2016-01-14 12:18:52,505][com.java.TestType] [11540] - ?   P A S S   ?
[DEBUG][2016-01-14 12:18:52,506][com.java.TestType] [11346] - Concept ID:1 :: Step being Executed: 1::15
[INFO ][2016-01-14 12:18:52,506][com.java.TestType] [11384] - dataFields : LNK
[DEBUG][2016-01-14 12:18:52,506][com.java.TestType] [11390] - <In Set values of the page>
[DEBUG][2016-01-14 12:18:52,506][com.java.TestType] [11395] - {Data Fields & Data Values Exist}
[INFO ][2016-01-14 12:18:52,506][com.java.TestType] [11401] - --------------------------setting values-----------------------------
[INFO ][2016-01-14 12:18:52,506][com.java.TestType] [11404] - Action Type : Verify
[INFO ][2016-01-14 12:18:52,506][com.java.TestType] [ 7638] - field= LNK value= Logout
[INFO ][2016-01-14 12:18:52,509][com.java.TestType] [ 6136] - value = Logout
[INFO ][2016-01-14 12:18:52,546][com.java.TestType] [11423] -  RESULT true
[INFO ][2016-01-14 12:18:52,547][com.java.TestType] [11540] - ?   P A S S   ?
[DEBUG][2016-01-14 12:18:52,547][com.java.TestType] [11346] - Concept ID:1 :: Step being Executed: 1::16
[INFO ][2016-01-14 12:18:52,547][com.java.TestType] [11384] - dataFields : BTN
[DEBUG][2016-01-14 12:18:52,547][com.java.TestType] [11390] - <In Set values of the page>
[DEBUG][2016-01-14 12:18:52,547][com.java.TestType] [11395] - {Data Fields & Data Values Exist}
[INFO ][2016-01-14 12:18:52,547][com.java.TestType] [11401] - --------------------------setting values-----------------------------
[INFO ][2016-01-14 12:18:52,547][com.java.TestType] [11404] - Action Type : Verify
[INFO ][2016-01-14 12:18:52,547][com.java.TestType] [ 7638] - field= BTN value= //img[contains(@src,'bdlogo.jpg')]
[INFO ][2016-01-14 12:18:52,547][com.java.TestType] [ 6136] - value = //img[contains(@src,'bdlogo.jpg')]
[INFO ][2016-01-14 12:18:52,620][com.java.TestType] [11423] -  RESULT true
[INFO ][2016-01-14 12:18:52,620][com.java.TestType] [11540] - ?   P A S S   ?
[INFO ][2016-01-14 12:18:52,621][com.java.TestType] [11611] - Looping End......
[INFO ][2016-01-14 12:18:52,625][com.java.SeleniumDriver] [  930] -  RESULT true
[INFO ][2016-01-14 12:18:52,625][com.java.SeleniumDriver] [ 1136] - ?   P A S S   ?
[INFO ][2016-01-14 12:18:52,625][com.java.SeleniumDriver] [  856] - ------------------------------------------
[INFO ][2016-01-14 12:18:52,625][com.java.SeleniumDriver] [  857] - Test case being Executed: 1
[INFO ][2016-01-14 12:18:52,625][com.java.SeleniumDriver] [  869] - Test step:2
[INFO ][2016-01-14 12:18:52,625][com.java.SeleniumDriver] [  881] - Datavalue is----------Concept#2:1-2
[INFO ][2016-01-14 12:18:52,625][com.java.SeleniumDriver] [  905] - DataField : test
[INFO ][2016-01-14 12:18:52,625][com.java.SeleniumDriver] [  907] - DataValue : Concept#2:1-2
[INFO ][2016-01-14 12:18:52,625][com.java.SeleniumDriver] [  913] - <In Set values of the page>
[INFO ][2016-01-14 12:18:52,625][com.java.SeleniumDriver] [  916] - {Data Fields & Data Values Exist}
[INFO ][2016-01-14 12:18:52,625][com.java.SeleniumDriver] [  918] - --------------------------setting values-----------------------------
[INFO ][2016-01-14 12:18:52,625][com.java.SeleniumDriver] [  921] - Action Type : ExecuteTestCase
[INFO ][2016-01-14 12:18:52,626][com.java.TestType] [  437] - The Concept sheet name is ---------- Concept
[INFO ][2016-01-14 12:18:52,626][com.java.TestType] [  440] - The Concept ID  is ---------- 2
[DEBUG][2016-01-14 12:18:52,626][com.java.TestType] [  444] - Steps being executted in the Concept are: 1:2
[INFO ][2016-01-14 12:18:52,626][com.java.TestType] [  451] - Test data details path ---------- D:\BankersDashboard\TestInputs\TestData.xls
[INFO ][2016-01-14 12:18:52,661][com.java.TestType] [  482] -  str(1) = 2
[INFO ][2016-01-14 12:18:52,661][com.java.TestType] [  485] - Test case Id is---2
[INFO ][2016-01-14 12:18:52,661][com.java.TestType] [  487] - 2
[INFO ][2016-01-14 12:18:52,662][com.java.TestType] [  482] -  str(2) = 1
[INFO ][2016-01-14 12:18:52,663][com.java.TestType] [  482] -  str(1) = 2
[INFO ][2016-01-14 12:18:52,663][com.java.TestType] [  485] - Test case Id is---2
[INFO ][2016-01-14 12:18:52,663][com.java.TestType] [  487] - 2
[INFO ][2016-01-14 12:18:52,664][com.java.TestType] [  482] -  str(2) = 2
[INFO ][2016-01-14 12:18:52,664][com.java.TestType] [  482] -  str(1) = 2
[INFO ][2016-01-14 12:18:52,664][com.java.TestType] [  485] - Test case Id is---2
[INFO ][2016-01-14 12:18:52,664][com.java.TestType] [  487] - 2
[INFO ][2016-01-14 12:18:52,665][com.java.TestType] [  482] -  str(2) = 3
[INFO ][2016-01-14 12:18:52,665][com.java.TestType] [11305] - Looping 1TCID = 2
[DEBUG][2016-01-14 12:18:52,665][com.java.TestType] [11346] - Concept ID:2 :: Step being Executed: 2::1
[INFO ][2016-01-14 12:18:52,665][com.java.TestType] [11384] - dataFields : BNK//select[@id='bank']
[DEBUG][2016-01-14 12:18:52,665][com.java.TestType] [11390] - <In Set values of the page>
[DEBUG][2016-01-14 12:18:52,666][com.java.TestType] [11395] - {Data Fields & Data Values Exist}
[INFO ][2016-01-14 12:18:52,666][com.java.TestType] [11401] - --------------------------setting values-----------------------------
[INFO ][2016-01-14 12:18:52,666][com.java.TestType] [11404] - Action Type : Select
[INFO ][2016-01-14 12:18:52,666][com.java.TestType] [ 6136] - value = PFC
[INFO ][2016-01-14 12:18:53,115][com.java.TestType] [11423] -  RESULT true
[INFO ][2016-01-14 12:18:53,115][com.java.TestType] [11540] - ?   P A S S   ?
[DEBUG][2016-01-14 12:18:53,115][com.java.TestType] [11346] - Concept ID:2 :: Step being Executed: 2::2
[INFO ][2016-01-14 12:18:53,115][com.java.TestType] [11384] - dataFields : LNKLogout
[DEBUG][2016-01-14 12:18:53,115][com.java.TestType] [11390] - <In Set values of the page>
[DEBUG][2016-01-14 12:18:53,115][com.java.TestType] [11395] - {Data Fields & Data Values Exist}
[INFO ][2016-01-14 12:18:53,116][com.java.TestType] [11401] - --------------------------setting values-----------------------------
[INFO ][2016-01-14 12:18:53,116][com.java.TestType] [11404] - Action Type : WaitTime
[DEBUG][2016-01-14 12:18:53,116][com.java.TestType] [ 5950] - sleepTime: 5000
[INFO ][2016-01-14 12:18:58,116][com.java.TestType] [11423] -  RESULT true
[INFO ][2016-01-14 12:18:58,117][com.java.TestType] [11540] - ?   P A S S   ?
[INFO ][2016-01-14 12:18:58,117][com.java.TestType] [11611] - Looping End......
[INFO ][2016-01-14 12:18:58,121][com.java.SeleniumDriver] [  930] -  RESULT true
[INFO ][2016-01-14 12:18:58,121][com.java.SeleniumDriver] [ 1136] - ?   P A S S   ?
[INFO ][2016-01-14 12:18:58,121][com.java.SeleniumDriver] [  856] - ------------------------------------------
[INFO ][2016-01-14 12:18:58,122][com.java.SeleniumDriver] [  857] - Test case being Executed: 1
[INFO ][2016-01-14 12:18:58,122][com.java.SeleniumDriver] [  869] - Test step:3
[INFO ][2016-01-14 12:18:58,122][com.java.SeleniumDriver] [  881] - Datavalue is----------2
[INFO ][2016-01-14 12:18:58,122][com.java.SeleniumDriver] [  905] - DataField : XPH//button[contains(text(),'Add Content')]
[INFO ][2016-01-14 12:18:58,122][com.java.SeleniumDriver] [  907] - DataValue : 2
[INFO ][2016-01-14 12:18:58,122][com.java.SeleniumDriver] [  913] - <In Set values of the page>
[INFO ][2016-01-14 12:18:58,122][com.java.SeleniumDriver] [  916] - {Data Fields & Data Values Exist}
[INFO ][2016-01-14 12:18:58,122][com.java.SeleniumDriver] [  918] - --------------------------setting values-----------------------------
[INFO ][2016-01-14 12:18:58,122][com.java.SeleniumDriver] [  921] - Action Type : WAITFORELEMENT
[INFO ][2016-01-14 12:18:58,160][com.java.SeleniumDriver] [  930] -  RESULT true
[INFO ][2016-01-14 12:18:58,160][com.java.SeleniumDriver] [ 1136] - ?   P A S S   ?
[DEBUG][2016-01-14 12:18:58,161][com.java.SeleniumDriver] [ 1248] - Case found
[DEBUG][2016-01-14 12:18:58,161][com.java.SeleniumDriver] [ 1253] - Incrementing ReportCounters[0]:1
[INFO ][2016-01-14 12:18:58,161][com.java.SeleniumDriver] [ 1272] - The results are-------------------[1, 1, Valid Login, Pass, , Thu Jan 14 12:18:52 IST 2016, 1, 2, Valid Login, Pass, , Thu Jan 14 12:18:58 IST 2016, 1, 3, Valid Login, Pass, , Thu Jan 14 12:18:58 IST 2016]
[INFO ][2016-01-14 12:18:58,161][com.java.SeleniumDriver] [ 1276] - End time is-------35 sec
[INFO ][2016-01-14 12:18:58,161][com.java.SeleniumDriver] [ 1277] - The results are-------------------[1, 1, Valid Login, Pass, , Thu Jan 14 12:18:52 IST 2016, 1, 2, Valid Login, Pass, , Thu Jan 14 12:18:58 IST 2016, 1, 3, Valid Login, Pass, , Thu Jan 14 12:18:58 IST 2016]
[DEBUG][2016-01-14 12:18:58,161][com.java.ImportnExport.ExportTestResultsExcel] [  222] - testResultPath = D:\BankersDashboard/TestReports/Test Results_BankersDashBoard_011416_121824_IE10_Any Bank USA.xls
[DEBUG][2016-01-14 12:18:58,161][com.java.ImportnExport.ExportTestResultsExcel] [  223] - browser is------------IE10
[DEBUG][2016-01-14 12:18:58,208][com.java.ImportnExport.ExportTestResultsExcel] [  270] - result.size() = 18
[DEBUG][2016-01-14 12:18:58,208][com.java.ImportnExport.ExportTestResultsExcel] [  274] - No of rows in sheet=1
[DEBUG][2016-01-14 12:18:58,208][com.java.ImportnExport.ExportTestResultsExcel] [  301] - ..in export..1
[DEBUG][2016-01-14 12:18:58,208][com.java.ImportnExport.ExportTestResultsExcel] [  301] - ..in export..Valid Login
[DEBUG][2016-01-14 12:18:58,208][com.java.ImportnExport.ExportTestResultsExcel] [  301] - ..in export..Pass
[DEBUG][2016-01-14 12:18:58,208][com.java.ImportnExport.ExportTestResultsExcel] [  301] - ..in export..
[DEBUG][2016-01-14 12:18:58,208][com.java.ImportnExport.ExportTestResultsExcel] [  301] - ..in export..Thu Jan 14 12:18:52 IST 2016
[INFO ][2016-01-14 12:18:58,210][com.java.SeleniumDriver] [ 1337] - out loop:0 size:2 TestCases:[1, 12] testcases:[1, 12]
[INFO ][2016-01-14 12:18:58,210][com.java.ImportnExport.ImportTestDataDetailsExcel] [   49] - test data details path===== D:\BankersDashboard\TestInputs\TestData.xls
[INFO ][2016-01-14 12:19:13,786][com.java.SeleniumDriver] [  856] - ------------------------------------------
[INFO ][2016-01-14 12:19:13,786][com.java.SeleniumDriver] [  857] - Test case being Executed: 12
[INFO ][2016-01-14 12:19:13,786][com.java.SeleniumDriver] [  869] - Test step:1
[INFO ][2016-01-14 12:19:13,786][com.java.SeleniumDriver] [  881] - Datavalue is----------Logout
[INFO ][2016-01-14 12:19:13,786][com.java.SeleniumDriver] [  905] - DataField : BTN
[INFO ][2016-01-14 12:19:13,786][com.java.SeleniumDriver] [  907] - DataValue : Logout
[INFO ][2016-01-14 12:19:13,786][com.java.SeleniumDriver] [  913] - <In Set values of the page>
[INFO ][2016-01-14 12:19:13,786][com.java.SeleniumDriver] [  916] - {Data Fields & Data Values Exist}
[INFO ][2016-01-14 12:19:13,786][com.java.SeleniumDriver] [  918] - --------------------------setting values-----------------------------
[INFO ][2016-01-14 12:19:13,786][com.java.SeleniumDriver] [  921] - Action Type : VERIFY
[INFO ][2016-01-14 12:19:13,786][com.java.TestType] [ 7638] - field= BTN value= Logout
[INFO ][2016-01-14 12:19:13,787][com.java.TestType] [ 6136] - value = Logout
[INFO ][2016-01-14 12:19:13,869][com.java.SeleniumDriver] [  930] -  RESULT true
[INFO ][2016-01-14 12:19:13,869][com.java.SeleniumDriver] [ 1136] - ?   P A S S   ?
[INFO ][2016-01-14 12:19:13,869][com.java.SeleniumDriver] [ 1178] - step change to 3
[INFO ][2016-01-14 12:19:13,870][com.java.SeleniumDriver] [  856] - ------------------------------------------
[INFO ][2016-01-14 12:19:13,870][com.java.SeleniumDriver] [  857] - Test case being Executed: 12
[INFO ][2016-01-14 12:19:13,870][com.java.SeleniumDriver] [  869] - Test step:3
[INFO ][2016-01-14 12:19:13,870][com.java.SeleniumDriver] [  881] - Datavalue is----------Concept#2:1-2
[INFO ][2016-01-14 12:19:13,870][com.java.SeleniumDriver] [  905] - DataField : test
[INFO ][2016-01-14 12:19:13,870][com.java.SeleniumDriver] [  907] - DataValue : Concept#2:1-2
[INFO ][2016-01-14 12:19:13,870][com.java.SeleniumDriver] [  913] - <In Set values of the page>
[INFO ][2016-01-14 12:19:13,870][com.java.SeleniumDriver] [  916] - {Data Fields & Data Values Exist}
[INFO ][2016-01-14 12:19:13,870][com.java.SeleniumDriver] [  918] - --------------------------setting values-----------------------------
[INFO ][2016-01-14 12:19:13,870][com.java.SeleniumDriver] [  921] - Action Type : ExecuteTestCase
[INFO ][2016-01-14 12:19:13,870][com.java.TestType] [  437] - The Concept sheet name is ---------- Concept
[INFO ][2016-01-14 12:19:13,870][com.java.TestType] [  440] - The Concept ID  is ---------- 2
[DEBUG][2016-01-14 12:19:13,870][com.java.TestType] [  444] - Steps being executted in the Concept are: 1:2
[INFO ][2016-01-14 12:19:13,870][com.java.TestType] [  451] - Test data details path ---------- D:\BankersDashboard\TestInputs\TestData.xls
[INFO ][2016-01-14 12:19:13,905][com.java.TestType] [  482] -  str(1) = 2
[INFO ][2016-01-14 12:19:13,905][com.java.TestType] [  485] - Test case Id is---2
[INFO ][2016-01-14 12:19:13,905][com.java.TestType] [  487] - 2
[INFO ][2016-01-14 12:19:13,905][com.java.TestType] [  482] -  str(2) = 1
[INFO ][2016-01-14 12:19:13,906][com.java.TestType] [  482] -  str(1) = 2
[INFO ][2016-01-14 12:19:13,906][com.java.TestType] [  485] - Test case Id is---2
[INFO ][2016-01-14 12:19:13,907][com.java.TestType] [  487] - 2
[INFO ][2016-01-14 12:19:13,907][com.java.TestType] [  482] -  str(2) = 2
[INFO ][2016-01-14 12:19:13,907][com.java.TestType] [  482] -  str(1) = 2
[INFO ][2016-01-14 12:19:13,907][com.java.TestType] [  485] - Test case Id is---2
[INFO ][2016-01-14 12:19:13,907][com.java.TestType] [  487] - 2
[INFO ][2016-01-14 12:19:13,908][com.java.TestType] [  482] -  str(2) = 3
[INFO ][2016-01-14 12:19:13,908][com.java.TestType] [11305] - Looping 1TCID = 2
[DEBUG][2016-01-14 12:19:13,908][com.java.TestType] [11346] - Concept ID:2 :: Step being Executed: 2::1
[INFO ][2016-01-14 12:19:13,908][com.java.TestType] [11384] - dataFields : BNK//select[@id='bank']
[DEBUG][2016-01-14 12:19:13,908][com.java.TestType] [11390] - <In Set values of the page>
[DEBUG][2016-01-14 12:19:13,909][com.java.TestType] [11395] - {Data Fields & Data Values Exist}
[INFO ][2016-01-14 12:19:13,909][com.java.TestType] [11401] - --------------------------setting values-----------------------------
[INFO ][2016-01-14 12:19:13,909][com.java.TestType] [11404] - Action Type : Select
[INFO ][2016-01-14 12:19:13,909][com.java.TestType] [ 6136] - value = PFC
[INFO ][2016-01-14 12:19:14,124][com.java.TestType] [11423] -  RESULT true
[INFO ][2016-01-14 12:19:14,124][com.java.TestType] [11540] - ?   P A S S   ?
[DEBUG][2016-01-14 12:19:14,124][com.java.TestType] [11346] - Concept ID:2 :: Step being Executed: 2::2
[INFO ][2016-01-14 12:19:14,124][com.java.TestType] [11384] - dataFields : LNKLogout
[DEBUG][2016-01-14 12:19:14,124][com.java.TestType] [11390] - <In Set values of the page>
[DEBUG][2016-01-14 12:19:14,124][com.java.TestType] [11395] - {Data Fields & Data Values Exist}
[INFO ][2016-01-14 12:19:14,124][com.java.TestType] [11401] - --------------------------setting values-----------------------------
[INFO ][2016-01-14 12:19:14,125][com.java.TestType] [11404] - Action Type : WaitTime
[DEBUG][2016-01-14 12:19:14,125][com.java.TestType] [ 5950] - sleepTime: 5000
[INFO ][2016-01-14 12:19:19,125][com.java.TestType] [11423] -  RESULT true
[INFO ][2016-01-14 12:19:19,125][com.java.TestType] [11540] - ?   P A S S   ?
[INFO ][2016-01-14 12:19:19,125][com.java.TestType] [11611] - Looping End......
[INFO ][2016-01-14 12:19:19,129][com.java.SeleniumDriver] [  930] -  RESULT true
[INFO ][2016-01-14 12:19:19,129][com.java.SeleniumDriver] [ 1136] - ?   P A S S   ?
[INFO ][2016-01-14 12:19:19,129][com.java.SeleniumDriver] [  856] - ------------------------------------------
[INFO ][2016-01-14 12:19:19,129][com.java.SeleniumDriver] [  857] - Test case being Executed: 12
[INFO ][2016-01-14 12:19:19,130][com.java.SeleniumDriver] [  869] - Test step:4
[INFO ][2016-01-14 12:19:19,130][com.java.SeleniumDriver] [  881] - Datavalue is----------null
[DEBUG][2016-01-14 12:19:19,130][com.java.SeleniumDriver] [  899] - Exception: null
[INFO ][2016-01-14 12:19:19,130][com.java.SeleniumDriver] [  905] - DataField : //span[@class='icon-user4']&&//a[text()='Company Settings']&&//a[@data-id="RatedLoans"]
[INFO ][2016-01-14 12:19:19,130][com.java.SeleniumDriver] [  907] - DataValue : 
[INFO ][2016-01-14 12:19:19,130][com.java.SeleniumDriver] [  913] - <In Set values of the page>
[INFO ][2016-01-14 12:19:19,130][com.java.SeleniumDriver] [  916] - {Data Fields & Data Values Exist}
[INFO ][2016-01-14 12:19:19,130][com.java.SeleniumDriver] [  918] - --------------------------setting values-----------------------------
[INFO ][2016-01-14 12:19:19,130][com.java.SeleniumDriver] [  921] - Action Type : MOUSEOVER
[INFO ][2016-01-14 12:19:45,949][com.java.SeleniumDriver] [  930] -  RESULT true
[INFO ][2016-01-14 12:19:45,949][com.java.SeleniumDriver] [ 1136] - ?   P A S S   ?
[INFO ][2016-01-14 12:19:45,949][com.java.SeleniumDriver] [  856] - ------------------------------------------
[INFO ][2016-01-14 12:19:45,949][com.java.SeleniumDriver] [  857] - Test case being Executed: 12
[INFO ][2016-01-14 12:19:45,949][com.java.SeleniumDriver] [  869] - Test step:5
[INFO ][2016-01-14 12:19:45,949][com.java.SeleniumDriver] [  881] - Datavalue is----------Rated Loan Categories
[INFO ][2016-01-14 12:19:45,949][com.java.SeleniumDriver] [  905] - DataField : XPH//span[contains(text(), 'Rated Loan Categories')]
[INFO ][2016-01-14 12:19:45,949][com.java.SeleniumDriver] [  907] - DataValue : Rated Loan Categories
[INFO ][2016-01-14 12:19:45,949][com.java.SeleniumDriver] [  913] - <In Set values of the page>
[INFO ][2016-01-14 12:19:45,949][com.java.SeleniumDriver] [  916] - {Data Fields & Data Values Exist}
[INFO ][2016-01-14 12:19:45,949][com.java.SeleniumDriver] [  918] - --------------------------setting values-----------------------------
[INFO ][2016-01-14 12:19:45,949][com.java.SeleniumDriver] [  921] - Action Type : VERIFY
[INFO ][2016-01-14 12:19:45,950][com.java.TestType] [ 7638] - field= XPH//span[contains(text(), 'Rated Loan Categories')] value= Rated Loan Categories
[INFO ][2016-01-14 12:19:45,951][com.java.TestType] [ 6136] - value = Rated Loan Categories
[INFO ][2016-01-14 12:19:46,080][com.java.SeleniumDriver] [  930] -  RESULT true
[INFO ][2016-01-14 12:19:46,080][com.java.SeleniumDriver] [ 1136] - ?   P A S S   ?
[INFO ][2016-01-14 12:19:46,080][com.java.SeleniumDriver] [  856] - ------------------------------------------
[INFO ][2016-01-14 12:19:46,080][com.java.SeleniumDriver] [  857] - Test case being Executed: 12
[INFO ][2016-01-14 12:19:46,081][com.java.SeleniumDriver] [  869] - Test step:6
[INFO ][2016-01-14 12:19:46,081][com.java.SeleniumDriver] [  881] - Datavalue is----------null
[DEBUG][2016-01-14 12:19:46,081][com.java.SeleniumDriver] [  899] - Exception: null
[INFO ][2016-01-14 12:19:46,081][com.java.SeleniumDriver] [  905] - DataField : BTNframeDialogContent
[INFO ][2016-01-14 12:19:46,081][com.java.SeleniumDriver] [  907] - DataValue : 
[INFO ][2016-01-14 12:19:46,081][com.java.SeleniumDriver] [  913] - <In Set values of the page>
[INFO ][2016-01-14 12:19:46,081][com.java.SeleniumDriver] [  916] - {Data Fields & Data Values Exist}
[INFO ][2016-01-14 12:19:46,081][com.java.SeleniumDriver] [  918] - --------------------------setting values-----------------------------
[INFO ][2016-01-14 12:19:46,081][com.java.SeleniumDriver] [  921] - Action Type : SELECTFRAME
[INFO ][2016-01-14 12:19:47,596][com.java.SeleniumDriver] [  930] -  RESULT true
[INFO ][2016-01-14 12:19:47,596][com.java.SeleniumDriver] [ 1136] - ?   P A S S   ?
[INFO ][2016-01-14 12:19:47,596][com.java.SeleniumDriver] [  856] - ------------------------------------------
[INFO ][2016-01-14 12:19:47,596][com.java.SeleniumDriver] [  857] - Test case being Executed: 12
[INFO ][2016-01-14 12:19:47,596][com.java.SeleniumDriver] [  869] - Test step:7
[INFO ][2016-01-14 12:19:47,596][com.java.SeleniumDriver] [  881] - Datavalue is----------null
[DEBUG][2016-01-14 12:19:47,596][com.java.SeleniumDriver] [  899] - Exception: null
[INFO ][2016-01-14 12:19:47,597][com.java.SeleniumDriver] [  905] - DataField : BTNbtnAddNew
[INFO ][2016-01-14 12:19:47,597][com.java.SeleniumDriver] [  907] - DataValue : 
[INFO ][2016-01-14 12:19:47,597][com.java.SeleniumDriver] [  913] - <In Set values of the page>
[INFO ][2016-01-14 12:19:47,597][com.java.SeleniumDriver] [  916] - {Data Fields & Data Values Exist}
[INFO ][2016-01-14 12:19:47,597][com.java.SeleniumDriver] [  918] - --------------------------setting values-----------------------------
[INFO ][2016-01-14 12:19:47,597][com.java.SeleniumDriver] [  921] - Action Type : CLICK
[INFO ][2016-01-14 12:19:47,597][com.java.TestType] [ 6515] - Field ::BTNbtnAddNew
[INFO ][2016-01-14 12:19:47,597][com.java.TestType] [ 6136] - value = 
[INFO ][2016-01-14 12:19:48,597][com.java.TestType] [ 6631] - BEFORE CLICK
[INFO ][2016-01-14 12:19:49,792][com.java.TestType] [ 6638] - Unable to click the object Add New Category button
[INFO ][2016-01-14 12:19:49,792][com.java.SeleniumDriver] [  930] -  RESULT true
[INFO ][2016-01-14 12:19:49,792][com.java.SeleniumDriver] [ 1136] - ?   P A S S   ?
[INFO ][2016-01-14 12:19:49,792][com.java.SeleniumDriver] [  856] - ------------------------------------------
[INFO ][2016-01-14 12:19:49,792][com.java.SeleniumDriver] [  857] - Test case being Executed: 12
[INFO ][2016-01-14 12:19:49,793][com.java.SeleniumDriver] [  869] - Test step:8
[INFO ][2016-01-14 12:19:49,793][com.java.SeleniumDriver] [  881] - Datavalue is----------5
[INFO ][2016-01-14 12:19:49,793][com.java.SeleniumDriver] [  905] - DataField : XPH//td[contains(text(),'Description')]
[INFO ][2016-01-14 12:19:49,793][com.java.SeleniumDriver] [  907] - DataValue : 5
[INFO ][2016-01-14 12:19:49,793][com.java.SeleniumDriver] [  913] - <In Set values of the page>
[INFO ][2016-01-14 12:19:49,793][com.java.SeleniumDriver] [  916] - {Data Fields & Data Values Exist}
[INFO ][2016-01-14 12:19:49,793][com.java.SeleniumDriver] [  918] - --------------------------setting values-----------------------------
[INFO ][2016-01-14 12:19:49,793][com.java.SeleniumDriver] [  921] - Action Type : WAITFORELEMENT
[INFO ][2016-01-14 12:19:49,819][com.java.SeleniumDriver] [  930] -  RESULT true
[INFO ][2016-01-14 12:19:49,819][com.java.SeleniumDriver] [ 1136] - ?   P A S S   ?
[INFO ][2016-01-14 12:19:49,819][com.java.SeleniumDriver] [  856] - ------------------------------------------
[INFO ][2016-01-14 12:19:49,819][com.java.SeleniumDriver] [  857] - Test case being Executed: 12
[INFO ][2016-01-14 12:19:49,819][com.java.SeleniumDriver] [  869] - Test step:9
[INFO ][2016-01-14 12:19:49,819][com.java.SeleniumDriver] [  881] - Datavalue is----------//td[contains(text(),'Description')]
[INFO ][2016-01-14 12:19:49,820][com.java.SeleniumDriver] [  905] - DataField : BTN
[INFO ][2016-01-14 12:19:49,820][com.java.SeleniumDriver] [  907] - DataValue : //td[contains(text(),'Description')]
[INFO ][2016-01-14 12:19:49,821][com.java.SeleniumDriver] [  913] - <In Set values of the page>
[INFO ][2016-01-14 12:19:49,821][com.java.SeleniumDriver] [  916] - {Data Fields & Data Values Exist}
[INFO ][2016-01-14 12:19:49,821][com.java.SeleniumDriver] [  918] - --------------------------setting values-----------------------------
[INFO ][2016-01-14 12:19:49,821][com.java.SeleniumDriver] [  921] - Action Type : VERIFY
[INFO ][2016-01-14 12:19:49,822][com.java.TestType] [ 7638] - field= BTN value= //td[contains(text(),'Description')]
[INFO ][2016-01-14 12:19:49,822][com.java.TestType] [ 6136] - value = //td[contains(text(),'Description')]
[INFO ][2016-01-14 12:19:49,854][com.java.SeleniumDriver] [  930] -  RESULT true
[INFO ][2016-01-14 12:19:49,854][com.java.SeleniumDriver] [ 1136] - ?   P A S S   ?
[INFO ][2016-01-14 12:19:49,854][com.java.SeleniumDriver] [  856] - ------------------------------------------
[INFO ][2016-01-14 12:19:49,854][com.java.SeleniumDriver] [  857] - Test case being Executed: 12
[INFO ][2016-01-14 12:19:49,855][com.java.SeleniumDriver] [  869] - Test step:10
[INFO ][2016-01-14 12:19:49,855][com.java.SeleniumDriver] [  881] - Datavalue is----------//td[contains(text(),'Rated Loan*')]
[INFO ][2016-01-14 12:19:49,855][com.java.SeleniumDriver] [  905] - DataField : BTN
[INFO ][2016-01-14 12:19:49,855][com.java.SeleniumDriver] [  907] - DataValue : //td[contains(text(),'Rated Loan*')]
[INFO ][2016-01-14 12:19:49,855][com.java.SeleniumDriver] [  913] - <In Set values of the page>
[INFO ][2016-01-14 12:19:49,855][com.java.SeleniumDriver] [  916] - {Data Fields & Data Values Exist}
[INFO ][2016-01-14 12:19:49,855][com.java.SeleniumDriver] [  918] - --------------------------setting values-----------------------------
[INFO ][2016-01-14 12:19:49,855][com.java.SeleniumDriver] [  921] - Action Type : VERIFY
[INFO ][2016-01-14 12:19:49,855][com.java.TestType] [ 7638] - field= BTN value= //td[contains(text(),'Rated Loan*')]
[INFO ][2016-01-14 12:19:49,855][com.java.TestType] [ 6136] - value = //td[contains(text(),'Rated Loan*')]
[INFO ][2016-01-14 12:19:49,897][com.java.SeleniumDriver] [  930] -  RESULT true
[INFO ][2016-01-14 12:19:49,897][com.java.SeleniumDriver] [ 1136] - ?   P A S S   ?
[INFO ][2016-01-14 12:19:49,897][com.java.SeleniumDriver] [  856] - ------------------------------------------
[INFO ][2016-01-14 12:19:49,897][com.java.SeleniumDriver] [  857] - Test case being Executed: 12
[INFO ][2016-01-14 12:19:49,897][com.java.SeleniumDriver] [  869] - Test step:11
[INFO ][2016-01-14 12:19:49,897][com.java.SeleniumDriver] [  881] - Datavalue is----------RNDVLTest
[INFO ][2016-01-14 12:19:49,897][com.java.SeleniumDriver] [  905] - DataField : TXTtxtDescription
[INFO ][2016-01-14 12:19:49,897][com.java.SeleniumDriver] [  907] - DataValue : RNDVLTest
[INFO ][2016-01-14 12:19:49,898][com.java.SeleniumDriver] [  913] - <In Set values of the page>
[INFO ][2016-01-14 12:19:49,898][com.java.SeleniumDriver] [  916] - {Data Fields & Data Values Exist}
[INFO ][2016-01-14 12:19:49,898][com.java.SeleniumDriver] [  918] - --------------------------setting values-----------------------------
[INFO ][2016-01-14 12:19:49,898][com.java.SeleniumDriver] [  921] - Action Type : CLEARANDENTER
[INFO ][2016-01-14 12:19:51,053][com.java.TestType] [ 6136] - value = VLTest93235
[INFO ][2016-01-14 12:19:52,549][com.java.SeleniumDriver] [  930] -  RESULT true
[INFO ][2016-01-14 12:19:52,549][com.java.SeleniumDriver] [ 1136] - ?   P A S S   ?
[INFO ][2016-01-14 12:19:52,549][com.java.SeleniumDriver] [  856] - ------------------------------------------
[INFO ][2016-01-14 12:19:52,549][com.java.SeleniumDriver] [  857] - Test case being Executed: 12
[INFO ][2016-01-14 12:19:52,549][com.java.SeleniumDriver] [  869] - Test step:12
[INFO ][2016-01-14 12:19:52,549][com.java.SeleniumDriver] [  881] - Datavalue is----------2
[INFO ][2016-01-14 12:19:52,549][com.java.SeleniumDriver] [  905] - DataField : test
[INFO ][2016-01-14 12:19:52,550][com.java.SeleniumDriver] [  907] - DataValue : 2
[INFO ][2016-01-14 12:19:52,550][com.java.SeleniumDriver] [  913] - <In Set values of the page>
[INFO ][2016-01-14 12:19:52,550][com.java.SeleniumDriver] [  916] - {Data Fields & Data Values Exist}
[INFO ][2016-01-14 12:19:52,550][com.java.SeleniumDriver] [  918] - --------------------------setting values-----------------------------
[INFO ][2016-01-14 12:19:52,550][com.java.SeleniumDriver] [  921] - Action Type : WAITTIME
[DEBUG][2016-01-14 12:19:52,550][com.java.TestType] [ 5950] - sleepTime: 2000
[INFO ][2016-01-14 12:19:54,550][com.java.SeleniumDriver] [  930] -  RESULT true
[INFO ][2016-01-14 12:19:54,550][com.java.SeleniumDriver] [ 1136] - ?   P A S S   ?
[INFO ][2016-01-14 12:19:54,550][com.java.SeleniumDriver] [  856] - ------------------------------------------
[INFO ][2016-01-14 12:19:54,550][com.java.SeleniumDriver] [  857] - Test case being Executed: 12
[INFO ][2016-01-14 12:19:54,550][com.java.SeleniumDriver] [  869] - Test step:13
[INFO ][2016-01-14 12:19:54,550][com.java.SeleniumDriver] [  881] - Datavalue is----------Test
[INFO ][2016-01-14 12:19:54,550][com.java.SeleniumDriver] [  905] - DataField : TXTtxtDescription
[INFO ][2016-01-14 12:19:54,550][com.java.SeleniumDriver] [  907] - DataValue : Test
[INFO ][2016-01-14 12:19:54,550][com.java.SeleniumDriver] [  913] - <In Set values of the page>
[INFO ][2016-01-14 12:19:54,550][com.java.SeleniumDriver] [  916] - {Data Fields & Data Values Exist}
[INFO ][2016-01-14 12:19:54,550][com.java.SeleniumDriver] [  918] - --------------------------setting values-----------------------------
[INFO ][2016-01-14 12:19:54,551][com.java.SeleniumDriver] [  921] - Action Type : STOREVALUE
[INFO ][2016-01-14 12:19:54,551][com.java.TestType] [ 9065] - field= TXTtxtDescription
[DEBUG][2016-01-14 12:19:55,659][com.java.TestType] [ 9079] - Key:: Test  Value:: VLTest93235
[INFO ][2016-01-14 12:19:55,659][com.java.SeleniumDriver] [  930] -  RESULT true
[INFO ][2016-01-14 12:19:55,659][com.java.SeleniumDriver] [ 1136] - ?   P A S S   ?
[INFO ][2016-01-14 12:19:55,659][com.java.SeleniumDriver] [  856] - ------------------------------------------
[INFO ][2016-01-14 12:19:55,659][com.java.SeleniumDriver] [  857] - Test case being Executed: 12
[INFO ][2016-01-14 12:19:55,659][com.java.SeleniumDriver] [  869] - Test step:14
[INFO ][2016-01-14 12:19:55,660][com.java.SeleniumDriver] [  881] - Datavalue is----------3
[INFO ][2016-01-14 12:19:55,660][com.java.SeleniumDriver] [  905] - DataField : test
[INFO ][2016-01-14 12:19:55,660][com.java.SeleniumDriver] [  907] - DataValue : 3
[INFO ][2016-01-14 12:19:55,660][com.java.SeleniumDriver] [  913] - <In Set values of the page>
[INFO ][2016-01-14 12:19:55,660][com.java.SeleniumDriver] [  916] - {Data Fields & Data Values Exist}
[INFO ][2016-01-14 12:19:55,660][com.java.SeleniumDriver] [  918] - --------------------------setting values-----------------------------
[INFO ][2016-01-14 12:19:55,660][com.java.SeleniumDriver] [  921] - Action Type : WAITTIME
[DEBUG][2016-01-14 12:19:55,660][com.java.TestType] [ 5950] - sleepTime: 3000
[INFO ][2016-01-14 12:19:58,660][com.java.SeleniumDriver] [  930] -  RESULT true
[INFO ][2016-01-14 12:19:58,660][com.java.SeleniumDriver] [ 1136] - ?   P A S S   ?
[INFO ][2016-01-14 12:19:58,660][com.java.SeleniumDriver] [  856] - ------------------------------------------
[INFO ][2016-01-14 12:19:58,660][com.java.SeleniumDriver] [  857] - Test case being Executed: 12
[INFO ][2016-01-14 12:19:58,660][com.java.SeleniumDriver] [  869] - Test step:15
[INFO ][2016-01-14 12:19:58,660][com.java.SeleniumDriver] [  881] - Datavalue is----------1.00
[INFO ][2016-01-14 12:19:58,660][com.java.SeleniumDriver] [  905] - DataField : TXTtxtWeight
[INFO ][2016-01-14 12:19:58,660][com.java.SeleniumDriver] [  907] - DataValue : 1.00
[INFO ][2016-01-14 12:19:58,660][com.java.SeleniumDriver] [  913] - <In Set values of the page>
[INFO ][2016-01-14 12:19:58,660][com.java.SeleniumDriver] [  916] - {Data Fields & Data Values Exist}
[INFO ][2016-01-14 12:19:58,660][com.java.SeleniumDriver] [  918] - --------------------------setting values-----------------------------
[INFO ][2016-01-14 12:19:58,662][com.java.SeleniumDriver] [  921] - Action Type : CLEARANDENTER
[INFO ][2016-01-14 12:19:59,814][com.java.TestType] [ 6136] - value = 1.00
[INFO ][2016-01-14 12:20:00,986][com.java.SeleniumDriver] [  930] -  RESULT true
[INFO ][2016-01-14 12:20:00,986][com.java.SeleniumDriver] [ 1136] - ?   P A S S   ?
[INFO ][2016-01-14 12:20:00,987][com.java.SeleniumDriver] [  856] - ------------------------------------------
[INFO ][2016-01-14 12:20:00,987][com.java.SeleniumDriver] [  857] - Test case being Executed: 12
[INFO ][2016-01-14 12:20:00,987][com.java.SeleniumDriver] [  869] - Test step:16
[INFO ][2016-01-14 12:20:00,987][com.java.SeleniumDriver] [  881] - Datavalue is----------Historical
[INFO ][2016-01-14 12:20:00,987][com.java.SeleniumDriver] [  905] - DataField : TXTtxtWeight
[INFO ][2016-01-14 12:20:00,987][com.java.SeleniumDriver] [  907] - DataValue : Historical
[INFO ][2016-01-14 12:20:00,987][com.java.SeleniumDriver] [  913] - <In Set values of the page>
[INFO ][2016-01-14 12:20:00,987][com.java.SeleniumDriver] [  916] - {Data Fields & Data Values Exist}
[INFO ][2016-01-14 12:20:00,987][com.java.SeleniumDriver] [  918] - --------------------------setting values-----------------------------
[INFO ][2016-01-14 12:20:00,987][com.java.SeleniumDriver] [  921] - Action Type : STOREVALUE
[INFO ][2016-01-14 12:20:00,987][com.java.TestType] [ 9065] - field= TXTtxtWeight
[DEBUG][2016-01-14 12:20:02,093][com.java.TestType] [ 9079] - Key:: Historical  Value:: 1.00
[INFO ][2016-01-14 12:20:02,093][com.java.SeleniumDriver] [  930] -  RESULT true
[INFO ][2016-01-14 12:20:02,093][com.java.SeleniumDriver] [ 1136] - ?   P A S S   ?
[INFO ][2016-01-14 12:20:02,093][com.java.SeleniumDriver] [  856] - ------------------------------------------
[INFO ][2016-01-14 12:20:02,094][com.java.SeleniumDriver] [  857] - Test case being Executed: 12
[INFO ][2016-01-14 12:20:02,094][com.java.SeleniumDriver] [  869] - Test step:17
[INFO ][2016-01-14 12:20:02,094][com.java.SeleniumDriver] [  881] - Datavalue is----------3
[INFO ][2016-01-14 12:20:02,094][com.java.SeleniumDriver] [  905] - DataField : test
[INFO ][2016-01-14 12:20:02,094][com.java.SeleniumDriver] [  907] - DataValue : 3
[INFO ][2016-01-14 12:20:02,094][com.java.SeleniumDriver] [  913] - <In Set values of the page>
[INFO ][2016-01-14 12:20:02,094][com.java.SeleniumDriver] [  916] - {Data Fields & Data Values Exist}
[INFO ][2016-01-14 12:20:02,094][com.java.SeleniumDriver] [  918] - --------------------------setting values-----------------------------
[INFO ][2016-01-14 12:20:02,094][com.java.SeleniumDriver] [  921] - Action Type : WAITTIME
[DEBUG][2016-01-14 12:20:02,094][com.java.TestType] [ 5950] - sleepTime: 3000
[INFO ][2016-01-14 12:20:05,094][com.java.SeleniumDriver] [  930] -  RESULT true
[INFO ][2016-01-14 12:20:05,094][com.java.SeleniumDriver] [ 1136] - ?   P A S S   ?
[INFO ][2016-01-14 12:20:05,094][com.java.SeleniumDriver] [  856] - ------------------------------------------
[INFO ][2016-01-14 12:20:05,094][com.java.SeleniumDriver] [  857] - Test case being Executed: 12
[INFO ][2016-01-14 12:20:05,094][com.java.SeleniumDriver] [  869] - Test step:18
[INFO ][2016-01-14 12:20:05,094][com.java.SeleniumDriver] [  881] - Datavalue is----------1.20
[INFO ][2016-01-14 12:20:05,094][com.java.SeleniumDriver] [  905] - DataField : TXTtxtWeight1
[INFO ][2016-01-14 12:20:05,094][com.java.SeleniumDriver] [  907] - DataValue : 1.20
[INFO ][2016-01-14 12:20:05,094][com.java.SeleniumDriver] [  913] - <In Set values of the page>
[INFO ][2016-01-14 12:20:05,094][com.java.SeleniumDriver] [  916] - {Data Fields & Data Values Exist}
[INFO ][2016-01-14 12:20:05,094][com.java.SeleniumDriver] [  918] - --------------------------setting values-----------------------------
[INFO ][2016-01-14 12:20:05,094][com.java.SeleniumDriver] [  921] - Action Type : CLEARANDENTER
[INFO ][2016-01-14 12:20:06,247][com.java.TestType] [ 6136] - value = 1.20
[INFO ][2016-01-14 12:20:07,403][com.java.SeleniumDriver] [  930] -  RESULT true
[INFO ][2016-01-14 12:20:07,403][com.java.SeleniumDriver] [ 1136] - ?   P A S S   ?
[INFO ][2016-01-14 12:20:07,403][com.java.SeleniumDriver] [  856] - ------------------------------------------
[INFO ][2016-01-14 12:20:07,403][com.java.SeleniumDriver] [  857] - Test case being Executed: 12
[INFO ][2016-01-14 12:20:07,404][com.java.SeleniumDriver] [  869] - Test step:19
[INFO ][2016-01-14 12:20:07,404][com.java.SeleniumDriver] [  881] - Datavalue is----------Economic
[INFO ][2016-01-14 12:20:07,404][com.java.SeleniumDriver] [  905] - DataField : TXTtxtWeight1
[INFO ][2016-01-14 12:20:07,404][com.java.SeleniumDriver] [  907] - DataValue : Economic
[INFO ][2016-01-14 12:20:07,404][com.java.SeleniumDriver] [  913] - <In Set values of the page>
[INFO ][2016-01-14 12:20:07,404][com.java.SeleniumDriver] [  916] - {Data Fields & Data Values Exist}
[INFO ][2016-01-14 12:20:07,404][com.java.SeleniumDriver] [  918] - --------------------------setting values-----------------------------
[INFO ][2016-01-14 12:20:07,404][com.java.SeleniumDriver] [  921] - Action Type : STOREVALUE
[INFO ][2016-01-14 12:20:07,404][com.java.TestType] [ 9065] - field= TXTtxtWeight1
[DEBUG][2016-01-14 12:20:08,492][com.java.TestType] [ 9079] - Key:: Economic  Value:: 1.20
[INFO ][2016-01-14 12:20:08,492][com.java.SeleniumDriver] [  930] -  RESULT true
[INFO ][2016-01-14 12:20:08,492][com.java.SeleniumDriver] [ 1136] - ?   P A S S   ?
[INFO ][2016-01-14 12:20:08,492][com.java.SeleniumDriver] [  856] - ------------------------------------------
[INFO ][2016-01-14 12:20:08,492][com.java.SeleniumDriver] [  857] - Test case being Executed: 12
[INFO ][2016-01-14 12:20:08,492][com.java.SeleniumDriver] [  869] - Test step:20
[INFO ][2016-01-14 12:20:08,493][com.java.SeleniumDriver] [  881] - Datavalue is----------3
[INFO ][2016-01-14 12:20:08,493][com.java.SeleniumDriver] [  905] - DataField : test
[INFO ][2016-01-14 12:20:08,493][com.java.SeleniumDriver] [  907] - DataValue : 3
[INFO ][2016-01-14 12:20:08,493][com.java.SeleniumDriver] [  913] - <In Set values of the page>
[INFO ][2016-01-14 12:20:08,493][com.java.SeleniumDriver] [  916] - {Data Fields & Data Values Exist}
[INFO ][2016-01-14 12:20:08,493][com.java.SeleniumDriver] [  918] - --------------------------setting values-----------------------------
[INFO ][2016-01-14 12:20:08,493][com.java.SeleniumDriver] [  921] - Action Type : WAITTIME
[DEBUG][2016-01-14 12:20:08,493][com.java.TestType] [ 5950] - sleepTime: 3000
[INFO ][2016-01-14 12:20:11,493][com.java.SeleniumDriver] [  930] -  RESULT true
[INFO ][2016-01-14 12:20:11,493][com.java.SeleniumDriver] [ 1136] - ?   P A S S   ?
[INFO ][2016-01-14 12:20:11,493][com.java.SeleniumDriver] [  856] - ------------------------------------------
[INFO ][2016-01-14 12:20:11,493][com.java.SeleniumDriver] [  857] - Test case being Executed: 12
[INFO ][2016-01-14 12:20:11,493][com.java.SeleniumDriver] [  869] - Test step:21
[INFO ][2016-01-14 12:20:11,493][com.java.SeleniumDriver] [  881] - Datavalue is----------0.50
[INFO ][2016-01-14 12:20:11,493][com.java.SeleniumDriver] [  905] - DataField : TXTtxtWeight2
[INFO ][2016-01-14 12:20:11,493][com.java.SeleniumDriver] [  907] - DataValue : 0.50
[INFO ][2016-01-14 12:20:11,493][com.java.SeleniumDriver] [  913] - <In Set values of the page>
[INFO ][2016-01-14 12:20:11,493][com.java.SeleniumDriver] [  916] - {Data Fields & Data Values Exist}
[INFO ][2016-01-14 12:20:11,493][com.java.SeleniumDriver] [  918] - --------------------------setting values-----------------------------
[INFO ][2016-01-14 12:20:11,493][com.java.SeleniumDriver] [  921] - Action Type : CLEARANDENTER
[INFO ][2016-01-14 12:20:12,645][com.java.TestType] [ 6136] - value = 0.50
[INFO ][2016-01-14 12:20:13,811][com.java.SeleniumDriver] [  930] -  RESULT true
[INFO ][2016-01-14 12:20:13,811][com.java.SeleniumDriver] [ 1136] - ?   P A S S   ?
[INFO ][2016-01-14 12:20:13,811][com.java.SeleniumDriver] [  856] - ------------------------------------------
[INFO ][2016-01-14 12:20:13,811][com.java.SeleniumDriver] [  857] - Test case being Executed: 12
[INFO ][2016-01-14 12:20:13,811][com.java.SeleniumDriver] [  869] - Test step:22
[INFO ][2016-01-14 12:20:13,811][com.java.SeleniumDriver] [  881] - Datavalue is----------Other
[INFO ][2016-01-14 12:20:13,811][com.java.SeleniumDriver] [  905] - DataField : TXTtxtWeight2
[INFO ][2016-01-14 12:20:13,812][com.java.SeleniumDriver] [  907] - DataValue : Other
[INFO ][2016-01-14 12:20:13,812][com.java.SeleniumDriver] [  913] - <In Set values of the page>
[INFO ][2016-01-14 12:20:13,812][com.java.SeleniumDriver] [  916] - {Data Fields & Data Values Exist}
[INFO ][2016-01-14 12:20:13,812][com.java.SeleniumDriver] [  918] - --------------------------setting values-----------------------------
[INFO ][2016-01-14 12:20:13,812][com.java.SeleniumDriver] [  921] - Action Type : STOREVALUE
[INFO ][2016-01-14 12:20:13,812][com.java.TestType] [ 9065] - field= TXTtxtWeight2
[DEBUG][2016-01-14 12:20:14,901][com.java.TestType] [ 9079] - Key:: Other  Value:: 0.50
[INFO ][2016-01-14 12:20:14,901][com.java.SeleniumDriver] [  930] -  RESULT true
[INFO ][2016-01-14 12:20:14,901][com.java.SeleniumDriver] [ 1136] - ?   P A S S   ?
[INFO ][2016-01-14 12:20:14,902][com.java.SeleniumDriver] [  856] - ------------------------------------------
[INFO ][2016-01-14 12:20:14,902][com.java.SeleniumDriver] [  857] - Test case being Executed: 12
[INFO ][2016-01-14 12:20:14,902][com.java.SeleniumDriver] [  869] - Test step:23
[INFO ][2016-01-14 12:20:14,902][com.java.SeleniumDriver] [  881] - Datavalue is----------3
[INFO ][2016-01-14 12:20:14,902][com.java.SeleniumDriver] [  905] - DataField : test
[INFO ][2016-01-14 12:20:14,902][com.java.SeleniumDriver] [  907] - DataValue : 3
[INFO ][2016-01-14 12:20:14,902][com.java.SeleniumDriver] [  913] - <In Set values of the page>
[INFO ][2016-01-14 12:20:14,902][com.java.SeleniumDriver] [  916] - {Data Fields & Data Values Exist}
[INFO ][2016-01-14 12:20:14,902][com.java.SeleniumDriver] [  918] - --------------------------setting values-----------------------------
[INFO ][2016-01-14 12:20:14,902][com.java.SeleniumDriver] [  921] - Action Type : WAITTIME
[DEBUG][2016-01-14 12:20:14,902][com.java.TestType] [ 5950] - sleepTime: 3000
[INFO ][2016-01-14 12:20:17,902][com.java.SeleniumDriver] [  930] -  RESULT true
[INFO ][2016-01-14 12:20:17,902][com.java.SeleniumDriver] [ 1136] - ?   P A S S   ?
[INFO ][2016-01-14 12:20:17,902][com.java.SeleniumDriver] [  856] - ------------------------------------------
[INFO ][2016-01-14 12:20:17,902][com.java.SeleniumDriver] [  857] - Test case being Executed: 12
[INFO ][2016-01-14 12:20:17,902][com.java.SeleniumDriver] [  869] - Test step:24
[INFO ][2016-01-14 12:20:17,903][com.java.SeleniumDriver] [  881] - Datavalue is----------null
[DEBUG][2016-01-14 12:20:17,903][com.java.SeleniumDriver] [  899] - Exception: null
[INFO ][2016-01-14 12:20:17,903][com.java.SeleniumDriver] [  905] - DataField : BTNchkRated
[INFO ][2016-01-14 12:20:17,903][com.java.SeleniumDriver] [  907] - DataValue : 
[INFO ][2016-01-14 12:20:17,903][com.java.SeleniumDriver] [  913] - <In Set values of the page>
[INFO ][2016-01-14 12:20:17,903][com.java.SeleniumDriver] [  916] - {Data Fields & Data Values Exist}
[INFO ][2016-01-14 12:20:17,903][com.java.SeleniumDriver] [  918] - --------------------------setting values-----------------------------
[INFO ][2016-01-14 12:20:17,903][com.java.SeleniumDriver] [  921] - Action Type : CLICK
[INFO ][2016-01-14 12:20:17,903][com.java.TestType] [ 6515] - Field ::BTNchkRated
[INFO ][2016-01-14 12:20:17,903][com.java.TestType] [ 6136] - value = 
[INFO ][2016-01-14 12:20:18,903][com.java.TestType] [ 6631] - BEFORE CLICK
[INFO ][2016-01-14 12:20:20,090][com.java.TestType] [ 6638] - Unable to click the object RatedLoan checkbox
[INFO ][2016-01-14 12:20:20,090][com.java.SeleniumDriver] [  930] -  RESULT true
[INFO ][2016-01-14 12:20:20,090][com.java.SeleniumDriver] [ 1136] - ?   P A S S   ?
[INFO ][2016-01-14 12:20:20,090][com.java.SeleniumDriver] [  856] - ------------------------------------------
[INFO ][2016-01-14 12:20:20,090][com.java.SeleniumDriver] [  857] - Test case being Executed: 12
[INFO ][2016-01-14 12:20:20,090][com.java.SeleniumDriver] [  869] - Test step:25
[INFO ][2016-01-14 12:20:20,090][com.java.SeleniumDriver] [  881] - Datavalue is----------null
[DEBUG][2016-01-14 12:20:20,091][com.java.SeleniumDriver] [  899] - Exception: null
[INFO ][2016-01-14 12:20:20,091][com.java.SeleniumDriver] [  905] - DataField : BTNparent
[INFO ][2016-01-14 12:20:20,091][com.java.SeleniumDriver] [  907] - DataValue : 
[INFO ][2016-01-14 12:20:20,091][com.java.SeleniumDriver] [  913] - <In Set values of the page>
[INFO ][2016-01-14 12:20:20,091][com.java.SeleniumDriver] [  916] - {Data Fields & Data Values Exist}
[INFO ][2016-01-14 12:20:20,091][com.java.SeleniumDriver] [  918] - --------------------------setting values-----------------------------
[INFO ][2016-01-14 12:20:20,091][com.java.SeleniumDriver] [  921] - Action Type : SELECTFRAME
[INFO ][2016-01-14 12:20:20,107][com.java.SeleniumDriver] [  930] -  RESULT true
[INFO ][2016-01-14 12:20:20,107][com.java.SeleniumDriver] [ 1136] - ?   P A S S   ?
[INFO ][2016-01-14 12:20:20,107][com.java.SeleniumDriver] [  856] - ------------------------------------------
[INFO ][2016-01-14 12:20:20,107][com.java.SeleniumDriver] [  857] - Test case being Executed: 12
[INFO ][2016-01-14 12:20:20,107][com.java.SeleniumDriver] [  869] - Test step:26
[INFO ][2016-01-14 12:20:20,107][com.java.SeleniumDriver] [  881] - Datavalue is----------5
[INFO ][2016-01-14 12:20:20,107][com.java.SeleniumDriver] [  905] - DataField : XPH//span[contains(text(), 'Update')]
[INFO ][2016-01-14 12:20:20,107][com.java.SeleniumDriver] [  907] - DataValue : 5
[INFO ][2016-01-14 12:20:20,108][com.java.SeleniumDriver] [  913] - <In Set values of the page>
[INFO ][2016-01-14 12:20:20,109][com.java.SeleniumDriver] [  916] - {Data Fields & Data Values Exist}
[INFO ][2016-01-14 12:20:20,109][com.java.SeleniumDriver] [  918] - --------------------------setting values-----------------------------
[INFO ][2016-01-14 12:20:20,109][com.java.SeleniumDriver] [  921] - Action Type : WAITFORELEMENT
[INFO ][2016-01-14 12:20:20,146][com.java.SeleniumDriver] [  930] -  RESULT true
[INFO ][2016-01-14 12:20:20,146][com.java.SeleniumDriver] [ 1136] - ?   P A S S   ?
[INFO ][2016-01-14 12:20:20,146][com.java.SeleniumDriver] [  856] - ------------------------------------------
[INFO ][2016-01-14 12:20:20,146][com.java.SeleniumDriver] [  857] - Test case being Executed: 12
[INFO ][2016-01-14 12:20:20,148][com.java.SeleniumDriver] [  869] - Test step:27
[INFO ][2016-01-14 12:20:20,148][com.java.SeleniumDriver] [  881] - Datavalue is----------null
[DEBUG][2016-01-14 12:20:20,148][com.java.SeleniumDriver] [  899] - Exception: null
[INFO ][2016-01-14 12:20:20,148][com.java.SeleniumDriver] [  905] - DataField : XPH//span[contains(text(), 'Update')]
[INFO ][2016-01-14 12:20:20,148][com.java.SeleniumDriver] [  907] - DataValue : 
[INFO ][2016-01-14 12:20:20,148][com.java.SeleniumDriver] [  913] - <In Set values of the page>
[INFO ][2016-01-14 12:20:20,148][com.java.SeleniumDriver] [  916] - {Data Fields & Data Values Exist}
[INFO ][2016-01-14 12:20:20,148][com.java.SeleniumDriver] [  918] - --------------------------setting values-----------------------------
[INFO ][2016-01-14 12:20:20,149][com.java.SeleniumDriver] [  921] - Action Type : CLICK
[INFO ][2016-01-14 12:20:20,149][com.java.TestType] [ 6515] - Field ::XPH//span[contains(text(), 'Update')]
[INFO ][2016-01-14 12:20:20,149][com.java.TestType] [ 6136] - value = 
[INFO ][2016-01-14 12:20:21,149][com.java.TestType] [ 6652] - BEFORE CLICK
[INFO ][2016-01-14 12:20:22,042][com.java.TestType] [ 6660] - Unable to click the object Update button
[INFO ][2016-01-14 12:20:22,042][com.java.SeleniumDriver] [  930] -  RESULT true
[INFO ][2016-01-14 12:20:22,042][com.java.SeleniumDriver] [ 1136] - ?   P A S S   ?
[INFO ][2016-01-14 12:20:22,042][com.java.SeleniumDriver] [  856] - ------------------------------------------
[INFO ][2016-01-14 12:20:22,042][com.java.SeleniumDriver] [  857] - Test case being Executed: 12
[INFO ][2016-01-14 12:20:22,042][com.java.SeleniumDriver] [  869] - Test step:28
[INFO ][2016-01-14 12:20:22,042][com.java.SeleniumDriver] [  881] - Datavalue is----------5
[INFO ][2016-01-14 12:20:22,042][com.java.SeleniumDriver] [  905] - DataField : XPH//span[contains(text(), 'Rated Loan Categories')]
[INFO ][2016-01-14 12:20:22,042][com.java.SeleniumDriver] [  907] - DataValue : 5
[INFO ][2016-01-14 12:20:22,042][com.java.SeleniumDriver] [  913] - <In Set values of the page>
[INFO ][2016-01-14 12:20:22,042][com.java.SeleniumDriver] [  916] - {Data Fields & Data Values Exist}
[INFO ][2016-01-14 12:20:22,042][com.java.SeleniumDriver] [  918] - --------------------------setting values-----------------------------
[INFO ][2016-01-14 12:20:22,042][com.java.SeleniumDriver] [  921] - Action Type : WAITFORELEMENT
[INFO ][2016-01-14 12:20:22,518][com.java.SeleniumDriver] [  930] -  RESULT true
[INFO ][2016-01-14 12:20:22,518][com.java.SeleniumDriver] [ 1136] - ?   P A S S   ?
[INFO ][2016-01-14 12:20:22,518][com.java.SeleniumDriver] [  856] - ------------------------------------------
[INFO ][2016-01-14 12:20:22,519][com.java.SeleniumDriver] [  857] - Test case being Executed: 12
[INFO ][2016-01-14 12:20:22,519][com.java.SeleniumDriver] [  869] - Test step:29
[INFO ][2016-01-14 12:20:22,519][com.java.SeleniumDriver] [  881] - Datavalue is----------null
[DEBUG][2016-01-14 12:20:22,519][com.java.SeleniumDriver] [  899] - Exception: null
[INFO ][2016-01-14 12:20:22,519][com.java.SeleniumDriver] [  905] - DataField : BTNframeDialogContent
[INFO ][2016-01-14 12:20:22,519][com.java.SeleniumDriver] [  907] - DataValue : 
[INFO ][2016-01-14 12:20:22,519][com.java.SeleniumDriver] [  913] - <In Set values of the page>
[INFO ][2016-01-14 12:20:22,519][com.java.SeleniumDriver] [  916] - {Data Fields & Data Values Exist}
[INFO ][2016-01-14 12:20:22,519][com.java.SeleniumDriver] [  918] - --------------------------setting values-----------------------------
[INFO ][2016-01-14 12:20:22,519][com.java.SeleniumDriver] [  921] - Action Type : SELECTFRAME
[INFO ][2016-01-14 12:20:23,802][com.java.SeleniumDriver] [  930] -  RESULT true
[INFO ][2016-01-14 12:20:23,802][com.java.SeleniumDriver] [ 1136] - ?   P A S S   ?
[INFO ][2016-01-14 12:20:23,803][com.java.SeleniumDriver] [  856] - ------------------------------------------
[INFO ][2016-01-14 12:20:23,803][com.java.SeleniumDriver] [  857] - Test case being Executed: 12
[INFO ][2016-01-14 12:20:23,803][com.java.SeleniumDriver] [  869] - Test step:30
[INFO ][2016-01-14 12:20:23,803][com.java.SeleniumDriver] [  881] - Datavalue is----------HMVTest
[INFO ][2016-01-14 12:20:23,803][com.java.SeleniumDriver] [  905] - DataField : MSG
[INFO ][2016-01-14 12:20:23,803][com.java.SeleniumDriver] [  907] - DataValue : HMVTest
[INFO ][2016-01-14 12:20:23,803][com.java.SeleniumDriver] [  913] - <In Set values of the page>
[INFO ][2016-01-14 12:20:23,803][com.java.SeleniumDriver] [  916] - {Data Fields & Data Values Exist}
[INFO ][2016-01-14 12:20:23,803][com.java.SeleniumDriver] [  918] - --------------------------setting values-----------------------------
[INFO ][2016-01-14 12:20:23,803][com.java.SeleniumDriver] [  921] - Action Type : VERIFY
[INFO ][2016-01-14 12:20:23,803][com.java.TestType] [ 7638] - field= MSG value= HMVTest
[INFO ][2016-01-14 12:20:23,803][com.java.TestType] [ 6136] - value = VLTest93235
[DEBUG][2016-01-14 12:20:23,804][com.java.TestType] [ 8468] - value :: VLTest93235
[INFO ][2016-01-14 12:20:23,823][com.java.SeleniumDriver] [  930] -  RESULT true
[INFO ][2016-01-14 12:20:23,823][com.java.SeleniumDriver] [ 1136] - ?   P A S S   ?
[INFO ][2016-01-14 12:20:23,823][com.java.SeleniumDriver] [  856] - ------------------------------------------
[INFO ][2016-01-14 12:20:23,823][com.java.SeleniumDriver] [  857] - Test case being Executed: 12
[INFO ][2016-01-14 12:20:23,823][com.java.SeleniumDriver] [  869] - Test step:31
[INFO ][2016-01-14 12:20:23,823][com.java.SeleniumDriver] [  881] - Datavalue is----------null
[DEBUG][2016-01-14 12:20:23,823][com.java.SeleniumDriver] [  899] - Exception: null
[INFO ][2016-01-14 12:20:23,823][com.java.SeleniumDriver] [  905] - DataField : BTNparent
[INFO ][2016-01-14 12:20:23,823][com.java.SeleniumDriver] [  907] - DataValue : 
[INFO ][2016-01-14 12:20:23,823][com.java.SeleniumDriver] [  913] - <In Set values of the page>
[INFO ][2016-01-14 12:20:23,823][com.java.SeleniumDriver] [  916] - {Data Fields & Data Values Exist}
[INFO ][2016-01-14 12:20:23,823][com.java.SeleniumDriver] [  918] - --------------------------setting values-----------------------------
[INFO ][2016-01-14 12:20:23,824][com.java.SeleniumDriver] [  921] - Action Type : SELECTFRAME
[INFO ][2016-01-14 12:20:23,839][com.java.SeleniumDriver] [  930] -  RESULT true
[INFO ][2016-01-14 12:20:23,839][com.java.SeleniumDriver] [ 1136] - ?   P A S S   ?
[INFO ][2016-01-14 12:20:23,839][com.java.SeleniumDriver] [  856] - ------------------------------------------
[INFO ][2016-01-14 12:20:23,839][com.java.SeleniumDriver] [  857] - Test case being Executed: 12
[INFO ][2016-01-14 12:20:23,839][com.java.SeleniumDriver] [  869] - Test step:32
[INFO ][2016-01-14 12:20:23,839][com.java.SeleniumDriver] [  881] - Datavalue is----------null
[DEBUG][2016-01-14 12:20:23,840][com.java.SeleniumDriver] [  899] - Exception: null
[INFO ][2016-01-14 12:20:23,840][com.java.SeleniumDriver] [  905] - DataField : XPH//span[contains(text(), 'Update')]
[INFO ][2016-01-14 12:20:23,840][com.java.SeleniumDriver] [  907] - DataValue : 
[INFO ][2016-01-14 12:20:23,840][com.java.SeleniumDriver] [  913] - <In Set values of the page>
[INFO ][2016-01-14 12:20:23,840][com.java.SeleniumDriver] [  916] - {Data Fields & Data Values Exist}
[INFO ][2016-01-14 12:20:23,840][com.java.SeleniumDriver] [  918] - --------------------------setting values-----------------------------
[INFO ][2016-01-14 12:20:23,840][com.java.SeleniumDriver] [  921] - Action Type : CLICK
[INFO ][2016-01-14 12:20:23,840][com.java.TestType] [ 6515] - Field ::XPH//span[contains(text(), 'Update')]
[INFO ][2016-01-14 12:20:23,840][com.java.TestType] [ 6136] - value = 
[INFO ][2016-01-14 12:20:24,840][com.java.TestType] [ 6652] - BEFORE CLICK
[INFO ][2016-01-14 12:20:26,061][com.java.TestType] [ 6660] - Unable to click the object Update button
[INFO ][2016-01-14 12:20:26,061][com.java.SeleniumDriver] [  930] -  RESULT true
[INFO ][2016-01-14 12:20:26,061][com.java.SeleniumDriver] [ 1136] - ?   P A S S   ?
[INFO ][2016-01-14 12:20:26,061][com.java.SeleniumDriver] [  856] - ------------------------------------------
[INFO ][2016-01-14 12:20:26,061][com.java.SeleniumDriver] [  857] - Test case being Executed: 12
[INFO ][2016-01-14 12:20:26,061][com.java.SeleniumDriver] [  869] - Test step:33
[INFO ][2016-01-14 12:20:26,061][com.java.SeleniumDriver] [  881] - Datavalue is----------3
[INFO ][2016-01-14 12:20:26,061][com.java.SeleniumDriver] [  905] - DataField : XPH//div[contains(text(), 'My Dashboard')]
[INFO ][2016-01-14 12:20:26,061][com.java.SeleniumDriver] [  907] - DataValue : 3
[INFO ][2016-01-14 12:20:26,061][com.java.SeleniumDriver] [  913] - <In Set values of the page>
[INFO ][2016-01-14 12:20:26,061][com.java.SeleniumDriver] [  916] - {Data Fields & Data Values Exist}
[INFO ][2016-01-14 12:20:26,061][com.java.SeleniumDriver] [  918] - --------------------------setting values-----------------------------
[INFO ][2016-01-14 12:20:26,061][com.java.SeleniumDriver] [  921] - Action Type : WAITFORELEMENT
[INFO ][2016-01-14 12:20:26,098][com.java.SeleniumDriver] [  930] -  RESULT true
[INFO ][2016-01-14 12:20:26,098][com.java.SeleniumDriver] [ 1136] - ?   P A S S   ?
[INFO ][2016-01-14 12:20:26,098][com.java.SeleniumDriver] [  856] - ------------------------------------------
[INFO ][2016-01-14 12:20:26,098][com.java.SeleniumDriver] [  857] - Test case being Executed: 12
[INFO ][2016-01-14 12:20:26,098][com.java.SeleniumDriver] [  869] - Test step:34
[INFO ][2016-01-14 12:20:26,099][com.java.SeleniumDriver] [  881] - Datavalue is----------My Dashboard
[INFO ][2016-01-14 12:20:26,099][com.java.SeleniumDriver] [  905] - DataField : XPH//div[contains(text(), 'My Dashboard')]
[INFO ][2016-01-14 12:20:26,099][com.java.SeleniumDriver] [  907] - DataValue : My Dashboard
[INFO ][2016-01-14 12:20:26,099][com.java.SeleniumDriver] [  913] - <In Set values of the page>
[INFO ][2016-01-14 12:20:26,099][com.java.SeleniumDriver] [  916] - {Data Fields & Data Values Exist}
[INFO ][2016-01-14 12:20:26,099][com.java.SeleniumDriver] [  918] - --------------------------setting values-----------------------------
[INFO ][2016-01-14 12:20:26,099][com.java.SeleniumDriver] [  921] - Action Type : VERIFY
[INFO ][2016-01-14 12:20:26,099][com.java.TestType] [ 7638] - field= XPH//div[contains(text(), 'My Dashboard')] value= My Dashboard
[INFO ][2016-01-14 12:20:26,099][com.java.TestType] [ 6136] - value = My Dashboard
[INFO ][2016-01-14 12:20:26,218][com.java.SeleniumDriver] [  930] -  RESULT true
[INFO ][2016-01-14 12:20:26,218][com.java.SeleniumDriver] [ 1136] - ?   P A S S   ?
[INFO ][2016-01-14 12:20:26,218][com.java.SeleniumDriver] [  856] - ------------------------------------------
[INFO ][2016-01-14 12:20:26,218][com.java.SeleniumDriver] [  857] - Test case being Executed: 12
[INFO ][2016-01-14 12:20:26,219][com.java.SeleniumDriver] [  869] - Test step:35
[INFO ][2016-01-14 12:20:26,219][com.java.SeleniumDriver] [  881] - Datavalue is----------null
[DEBUG][2016-01-14 12:20:26,219][com.java.SeleniumDriver] [  899] - Exception: null
[INFO ][2016-01-14 12:20:26,219][com.java.SeleniumDriver] [  905] - DataField : //span[@class='icon-user4']&&//a[text()='Company Settings']&&//a[@data-id="RatedLoans"]
[INFO ][2016-01-14 12:20:26,219][com.java.SeleniumDriver] [  907] - DataValue : 
[INFO ][2016-01-14 12:20:26,219][com.java.SeleniumDriver] [  913] - <In Set values of the page>
[INFO ][2016-01-14 12:20:26,219][com.java.SeleniumDriver] [  916] - {Data Fields & Data Values Exist}
[INFO ][2016-01-14 12:20:26,219][com.java.SeleniumDriver] [  918] - --------------------------setting values-----------------------------
[INFO ][2016-01-14 12:20:26,219][com.java.SeleniumDriver] [  921] - Action Type : MOUSEOVER
[INFO ][2016-01-14 12:20:53,088][com.java.SeleniumDriver] [  930] -  RESULT true
[INFO ][2016-01-14 12:20:53,088][com.java.SeleniumDriver] [ 1136] - ?   P A S S   ?
[INFO ][2016-01-14 12:20:53,088][com.java.SeleniumDriver] [  856] - ------------------------------------------
[INFO ][2016-01-14 12:20:53,088][com.java.SeleniumDriver] [  857] - Test case being Executed: 12
[INFO ][2016-01-14 12:20:53,088][com.java.SeleniumDriver] [  869] - Test step:36
[INFO ][2016-01-14 12:20:53,088][com.java.SeleniumDriver] [  881] - Datavalue is----------Rated Loan Categories
[INFO ][2016-01-14 12:20:53,088][com.java.SeleniumDriver] [  905] - DataField : XPH//span[contains(text(), 'Rated Loan Categories')]
[INFO ][2016-01-14 12:20:53,088][com.java.SeleniumDriver] [  907] - DataValue : Rated Loan Categories
[INFO ][2016-01-14 12:20:53,088][com.java.SeleniumDriver] [  913] - <In Set values of the page>
[INFO ][2016-01-14 12:20:53,088][com.java.SeleniumDriver] [  916] - {Data Fields & Data Values Exist}
[INFO ][2016-01-14 12:20:53,088][com.java.SeleniumDriver] [  918] - --------------------------setting values-----------------------------
[INFO ][2016-01-14 12:20:53,088][com.java.SeleniumDriver] [  921] - Action Type : VERIFY
[INFO ][2016-01-14 12:20:53,089][com.java.TestType] [ 7638] - field= XPH//span[contains(text(), 'Rated Loan Categories')] value= Rated Loan Categories
[INFO ][2016-01-14 12:20:53,089][com.java.TestType] [ 6136] - value = Rated Loan Categories
[INFO ][2016-01-14 12:20:53,219][com.java.SeleniumDriver] [  930] -  RESULT true
[INFO ][2016-01-14 12:20:53,219][com.java.SeleniumDriver] [ 1136] - ?   P A S S   ?
[INFO ][2016-01-14 12:20:53,219][com.java.SeleniumDriver] [  856] - ------------------------------------------
[INFO ][2016-01-14 12:20:53,219][com.java.SeleniumDriver] [  857] - Test case being Executed: 12
[INFO ][2016-01-14 12:20:53,219][com.java.SeleniumDriver] [  869] - Test step:37
[INFO ][2016-01-14 12:20:53,219][com.java.SeleniumDriver] [  881] - Datavalue is----------null
[DEBUG][2016-01-14 12:20:53,219][com.java.SeleniumDriver] [  899] - Exception: null
[INFO ][2016-01-14 12:20:53,219][com.java.SeleniumDriver] [  905] - DataField : BTNframeDialogContent
[INFO ][2016-01-14 12:20:53,219][com.java.SeleniumDriver] [  907] - DataValue : 
[INFO ][2016-01-14 12:20:53,219][com.java.SeleniumDriver] [  913] - <In Set values of the page>
[INFO ][2016-01-14 12:20:53,219][com.java.SeleniumDriver] [  916] - {Data Fields & Data Values Exist}
[INFO ][2016-01-14 12:20:53,219][com.java.SeleniumDriver] [  918] - --------------------------setting values-----------------------------
[INFO ][2016-01-14 12:20:53,219][com.java.SeleniumDriver] [  921] - Action Type : SELECTFRAME
[INFO ][2016-01-14 12:20:54,486][com.java.SeleniumDriver] [  930] -  RESULT true
[INFO ][2016-01-14 12:20:54,486][com.java.SeleniumDriver] [ 1136] - ?   P A S S   ?
[INFO ][2016-01-14 12:20:54,487][com.java.SeleniumDriver] [  856] - ------------------------------------------
[INFO ][2016-01-14 12:20:54,487][com.java.SeleniumDriver] [  857] - Test case being Executed: 12
[INFO ][2016-01-14 12:20:54,487][com.java.SeleniumDriver] [  869] - Test step:38
[INFO ][2016-01-14 12:20:54,487][com.java.SeleniumDriver] [  881] - Datavalue is----------Test
[INFO ][2016-01-14 12:20:54,487][com.java.SeleniumDriver] [  905] - DataField : MNC//table[@id="tblRatedLoans"]//input[@value='mytext']
[INFO ][2016-01-14 12:20:54,487][com.java.SeleniumDriver] [  907] - DataValue : Test
[INFO ][2016-01-14 12:20:54,487][com.java.SeleniumDriver] [  913] - <In Set values of the page>
[INFO ][2016-01-14 12:20:54,487][com.java.SeleniumDriver] [  916] - {Data Fields & Data Values Exist}
[INFO ][2016-01-14 12:20:54,487][com.java.SeleniumDriver] [  918] - --------------------------setting values-----------------------------
[INFO ][2016-01-14 12:20:54,487][com.java.SeleniumDriver] [  921] - Action Type : CLICK
[INFO ][2016-01-14 12:20:54,487][com.java.TestType] [ 6515] - Field ::MNC//table[@id="tblRatedLoans"]//input[@value='mytext']
[INFO ][2016-01-14 12:20:54,487][com.java.TestType] [ 6136] - value = Test
[INFO ][2016-01-14 12:20:55,639][com.java.SeleniumDriver] [  930] -  RESULT true
[INFO ][2016-01-14 12:20:55,639][com.java.SeleniumDriver] [ 1136] - ?   P A S S   ?
[INFO ][2016-01-14 12:20:55,639][com.java.SeleniumDriver] [  856] - ------------------------------------------
[INFO ][2016-01-14 12:20:55,639][com.java.SeleniumDriver] [  857] - Test case being Executed: 12
[INFO ][2016-01-14 12:20:55,639][com.java.SeleniumDriver] [  869] - Test step:39
[INFO ][2016-01-14 12:20:55,639][com.java.SeleniumDriver] [  881] - Datavalue is----------Test::Test1$%^2*
[INFO ][2016-01-14 12:20:55,639][com.java.SeleniumDriver] [  905] - DataField : PVP//table[@id="tblRatedLoans"]//input[@value='mytext']
[INFO ][2016-01-14 12:20:55,639][com.java.SeleniumDriver] [  907] - DataValue : Test::Test1$%^2*
[INFO ][2016-01-14 12:20:55,640][com.java.SeleniumDriver] [  913] - <In Set values of the page>
[INFO ][2016-01-14 12:20:55,640][com.java.SeleniumDriver] [  916] - {Data Fields & Data Values Exist}
[INFO ][2016-01-14 12:20:55,640][com.java.SeleniumDriver] [  918] - --------------------------setting values-----------------------------
[INFO ][2016-01-14 12:20:55,641][com.java.SeleniumDriver] [  921] - Action Type : CLEARANDENTER
[INFO ][2016-01-14 12:20:56,632][com.java.SeleniumDriver] [  930] -  RESULT true
[INFO ][2016-01-14 12:20:56,632][com.java.SeleniumDriver] [ 1136] - ?   P A S S   ?
[INFO ][2016-01-14 12:20:56,634][com.java.SeleniumDriver] [  856] - ------------------------------------------
[INFO ][2016-01-14 12:20:56,634][com.java.SeleniumDriver] [  857] - Test case being Executed: 12
[INFO ][2016-01-14 12:20:56,634][com.java.SeleniumDriver] [  869] - Test step:40
[INFO ][2016-01-14 12:20:56,634][com.java.SeleniumDriver] [  881] - Datavalue is----------Test::Description
[INFO ][2016-01-14 12:20:56,634][com.java.SeleniumDriver] [  905] - DataField : PVP//table[@id="tblRatedLoans"]//input[@value='mytext']
[INFO ][2016-01-14 12:20:56,634][com.java.SeleniumDriver] [  907] - DataValue : Test::Description
[INFO ][2016-01-14 12:20:56,634][com.java.SeleniumDriver] [  913] - <In Set values of the page>
[INFO ][2016-01-14 12:20:56,634][com.java.SeleniumDriver] [  916] - {Data Fields & Data Values Exist}
[INFO ][2016-01-14 12:20:56,634][com.java.SeleniumDriver] [  918] - --------------------------setting values-----------------------------
[INFO ][2016-01-14 12:20:56,634][com.java.SeleniumDriver] [  921] - Action Type : STOREVALUE
[INFO ][2016-01-14 12:20:56,634][com.java.TestType] [ 9065] - field= PVP//table[@id="tblRatedLoans"]//input[@value='mytext']
[DEBUG][2016-01-14 12:20:56,777][com.java.TestType] [ 9359] - Key:: Test::Description  Value:: Test1$%^2*
[INFO ][2016-01-14 12:20:56,777][com.java.SeleniumDriver] [  930] -  RESULT true
[INFO ][2016-01-14 12:20:56,777][com.java.SeleniumDriver] [ 1136] - ?   P A S S   ?
[INFO ][2016-01-14 12:20:56,777][com.java.SeleniumDriver] [  856] - ------------------------------------------
[INFO ][2016-01-14 12:20:56,777][com.java.SeleniumDriver] [  857] - Test case being Executed: 12
[INFO ][2016-01-14 12:20:56,777][com.java.SeleniumDriver] [  869] - Test step:41
[INFO ][2016-01-14 12:20:56,777][com.java.SeleniumDriver] [  881] - Datavalue is----------Test
[INFO ][2016-01-14 12:20:56,777][com.java.SeleniumDriver] [  905] - DataField : MNC//table[@id="tblRatedLoans"]//input[@value='mytext']/parent::td/following-sibling::td[1]
[INFO ][2016-01-14 12:20:56,777][com.java.SeleniumDriver] [  907] - DataValue : Test
[INFO ][2016-01-14 12:20:56,777][com.java.SeleniumDriver] [  913] - <In Set values of the page>
[INFO ][2016-01-14 12:20:56,778][com.java.SeleniumDriver] [  916] - {Data Fields & Data Values Exist}
[INFO ][2016-01-14 12:20:56,778][com.java.SeleniumDriver] [  918] - --------------------------setting values-----------------------------
[INFO ][2016-01-14 12:20:56,778][com.java.SeleniumDriver] [  921] - Action Type : CLICK
[INFO ][2016-01-14 12:20:56,778][com.java.TestType] [ 6515] - Field ::MNC//table[@id="tblRatedLoans"]//input[@value='mytext']/parent::td/following-sibling::td[1]
[INFO ][2016-01-14 12:20:56,778][com.java.TestType] [ 6136] - value = Test
[INFO ][2016-01-14 12:20:57,947][com.java.SeleniumDriver] [  930] -  RESULT true
[INFO ][2016-01-14 12:20:57,947][com.java.SeleniumDriver] [ 1136] - ?   P A S S   ?
[INFO ][2016-01-14 12:20:57,947][com.java.SeleniumDriver] [  856] - ------------------------------------------
[INFO ][2016-01-14 12:20:57,947][com.java.SeleniumDriver] [  857] - Test case being Executed: 12
[INFO ][2016-01-14 12:20:57,947][com.java.SeleniumDriver] [  869] - Test step:42
[INFO ][2016-01-14 12:20:57,948][com.java.SeleniumDriver] [  881] - Datavalue is----------Test::1.01
[INFO ][2016-01-14 12:20:57,948][com.java.SeleniumDriver] [  905] - DataField : PVP//table[@id="tblRatedLoans"]//input[@value='mytext']/parent::td/following-sibling::td[1]
[INFO ][2016-01-14 12:20:57,948][com.java.SeleniumDriver] [  907] - DataValue : Test::1.01
[INFO ][2016-01-14 12:20:57,948][com.java.SeleniumDriver] [  913] - <In Set values of the page>
[INFO ][2016-01-14 12:20:57,948][com.java.SeleniumDriver] [  916] - {Data Fields & Data Values Exist}
[INFO ][2016-01-14 12:20:57,948][com.java.SeleniumDriver] [  918] - --------------------------setting values-----------------------------
[INFO ][2016-01-14 12:20:57,948][com.java.SeleniumDriver] [  921] - Action Type : CLEARANDENTER
[ERROR][2016-01-14 12:20:58,205][com.java.TestType] [ 7231] - Exception in clearAndEnter: Element must not be hidden, disabled or read-only (WARNING: The server did not provide any stacktrace information)
Command duration or timeout: 24 milliseconds
Build info: version: '2.48.2', revision: '41bccdd', time: '2015-10-09 19:59:12'
System info: host: 'FVTIII438F1D', ip: '172.17.68.34', os.name: 'Windows 7', os.arch: 'x86', os.version: '6.1', java.version: '1.7.0_55'
Session ID: 73884b92-89ec-4f2f-b621-5d5fc8bd54f2
Driver info: org.openqa.selenium.ie.InternetExplorerDriver
Capabilities [{platform=WINDOWS, javascriptEnabled=true, elementScrollBehavior=0, ignoreZoomSetting=false, enablePersistentHover=true, ie.ensureCleanSession=false, browserName=internet explorer, enableElementCacheCleanup=true, unexpectedAlertBehaviour=dismiss, version=10, ie.usePerProcessProxy=false, ignoreProtectedModeSettings=true, cssSelectorsEnabled=true, requireWindowFocus=false, initialBrowserUrl=http://localhost:37404/, handlesAlerts=true, ie.forceCreateProcessApi=false, nativeEvents=true, browserAttachTimeout=0, ie.browserCommandLineSwitches=, takesScreenshot=true}]
[DEBUG][2016-01-14 12:20:58,205][com.java.TestType] [ 7235] - For ENTER action type the data field should be TXT
[INFO ][2016-01-14 12:20:58,206][com.java.SeleniumDriver] [  930] -  RESULT false
[INFO ][2016-01-14 12:20:58,206][com.java.SeleniumDriver] [  977] - ?   F A I L   ?
[INFO ][2016-01-14 12:20:58,206][com.java.SeleniumDriver] [  985] - Browser Type : IE10
[INFO ][2016-01-14 12:20:58,206][com.java.SeleniumDriver] [  986] - Adding Failed case12
[INFO ][2016-01-14 12:20:58,520][com.java.SeleniumDriver] [ 1100] - failedCases = 12
[ERROR][2016-01-14 12:20:58,520][com.java.SeleniumDriver] [ 1599] - Platform Errors : Our apologies...::We have encountered an issue with your request.::Our apologies?:We encountered an issue with your request.
[INFO ][2016-01-14 12:20:58,520][com.java.SeleniumDriver] [ 1603] - Length =3
[ERROR][2016-01-14 12:20:58,520][com.java.SeleniumDriver] [ 1606] - Error 0 = Our apologies...
[ERROR][2016-01-14 12:20:58,627][com.java.SeleniumDriver] [ 1606] - Error 1 = We have encountered an issue with your request.
[ERROR][2016-01-14 12:20:58,644][com.java.SeleniumDriver] [ 1606] - Error 2 = Our apologies?:We encountered an issue with your request.
[INFO ][2016-01-14 12:20:58,661][com.java.SeleniumDriver] [ 1617] - strError:
[DEBUG][2016-01-14 12:20:58,676][com.java.SeleniumDriver] [ 1248] - Case found
[DEBUG][2016-01-14 12:20:58,676][com.java.SeleniumDriver] [ 1253] - Incrementing ReportCounters[0]:2
[INFO ][2016-01-14 12:20:58,676][com.java.SeleniumDriver] [ 1272] - The results are-------------------[12, 42, Admin: Company Settings: Rated Loan Categories: Modify Existing Category, Fail, 
Test case failed at Step No. :: 42   Error Message ::  For ENTER action type the data field should be TXT. Screen Shot : D:\BankersDashboard\TestReports\011416\12_011416_122058_IE10.png, Thu Jan 14 12:20:58 IST 2016]
[INFO ][2016-01-14 12:20:58,676][com.java.SeleniumDriver] [ 1276] - End time is-------2 min 36 sec
[INFO ][2016-01-14 12:20:58,676][com.java.SeleniumDriver] [ 1277] - The results are-------------------[12, 42, Admin: Company Settings: Rated Loan Categories: Modify Existing Category, Fail, 
Test case failed at Step No. :: 42   Error Message ::  For ENTER action type the data field should be TXT. Screen Shot : D:\BankersDashboard\TestReports\011416\12_011416_122058_IE10.png, Thu Jan 14 12:20:58 IST 2016]
[DEBUG][2016-01-14 12:20:58,676][com.java.ImportnExport.ExportTestResultsExcel] [  222] - testResultPath = D:\BankersDashboard/TestReports/Test Results_BankersDashBoard_011416_121824_IE10_Any Bank USA.xls
[DEBUG][2016-01-14 12:20:58,676][com.java.ImportnExport.ExportTestResultsExcel] [  223] - browser is------------IE10
[DEBUG][2016-01-14 12:20:58,679][com.java.ImportnExport.ExportTestResultsExcel] [  270] - result.size() = 6
[DEBUG][2016-01-14 12:20:58,679][com.java.ImportnExport.ExportTestResultsExcel] [  274] - No of rows in sheet=2
[DEBUG][2016-01-14 12:20:58,679][com.java.ImportnExport.ExportTestResultsExcel] [  301] - ..in export..12
[DEBUG][2016-01-14 12:20:58,679][com.java.ImportnExport.ExportTestResultsExcel] [  301] - ..in export..Admin: Company Settings: Rated Loan Categories: Modify Existing Category
[DEBUG][2016-01-14 12:20:58,679][com.java.ImportnExport.ExportTestResultsExcel] [  301] - ..in export..Fail
[DEBUG][2016-01-14 12:20:58,680][com.java.ImportnExport.ExportTestResultsExcel] [  301] - ..in export..
Test case failed at Step No. :: 42   Error Message ::  For ENTER action type the data field should be TXT. Screen Shot : D:\BankersDashboard\TestReports\011416\12_011416_122058_IE10.png
[DEBUG][2016-01-14 12:20:58,680][com.java.ImportnExport.ExportTestResultsExcel] [  301] - ..in export..Thu Jan 14 12:20:58 IST 2016
[INFO ][2016-01-14 12:20:58,681][com.java.SeleniumDriver] [ 1337] - out loop:1 size:2 TestCases:[1, 12] testcases:[1, 12]
[INFO ][2016-01-14 12:21:00,681][com.java.SeleniumDriver] [ 1380] - Total Number of Cases:2
[INFO ][2016-01-14 12:21:00,681][com.java.TemplateGenerator] [  302] - Executed:2
[INFO ][2016-01-14 12:21:00,681][com.java.TemplateGenerator] [  303] - Passed:1
[INFO ][2016-01-14 12:21:00,681][com.java.TemplateGenerator] [  304] - Failed:1
[INFO ][2016-01-14 12:21:00,681][com.java.TemplateGenerator] [  305] - Skipeed:0
[INFO ][2016-01-14 12:21:00,681][com.java.TemplateGenerator] [  306] - Application URL:https://clients-xuat.bankersdashboard.com
[INFO ][2016-01-14 12:21:00,681][com.java.TemplateGenerator] [  307] - Start Time:011416_121824
[INFO ][2016-01-14 12:21:00,683][com.java.TemplateGenerator] [  308] -  Creating HTML Report 
[ERROR][2016-01-14 12:21:00,683][com.java.TemplateGenerator] [  409] - Unparseable date: "Thu Jan 14 12:18:24 IST 2016"
[INFO ][2016-01-14 12:21:00,684][com.java.TemplateGenerator] [  654] -  Exporting case :: 1
[INFO ][2016-01-14 12:21:00,684][com.java.TemplateGenerator] [  654] -  Exporting case :: 12
[INFO ][2016-01-14 12:21:00,689][com.java.SeleniumDriver] [ 1429] - End Time:011416_122100
[INFO ][2016-01-14 12:21:00,689][com.java.SeleniumDriver] [ 1432] - Data in Test Execution Details:{1=PASS, 12=FAILTest case failed at Step No. :: 42   Error Message ::  For ENTER action type the data field should be TXT}
[INFO ][2016-01-14 12:21:00,689][com.java.SeleniumDriver] [ 1433] - Data in Failed Execution Deatils:{}
[INFO ][2016-01-14 12:21:00,689][com.java.SeleniumDriver] [ 1435] - ReportCounter:Total:2 :: PASS: 1 ::FAIL: 1
[INFO ][2016-01-14 12:21:00,689][com.java.SeleniumDriver] [ 1436] - FailedReportCounter:Total:0 :: PASS: 0 ::FAIL: 0
[INFO ][2016-01-14 12:21:00,697][com.java.EmailTestReport] [   63] - Sending report mail details:
[INFO ][2016-01-14 12:21:00,697][com.java.EmailTestReport] [   80] - Excel Report Path:D:\BankersDashboard/TestReports/Test Results_BankersDashBoard_011416_121824_IE10_Any Bank USA.xls
[INFO ][2016-01-14 12:21:00,697][com.java.EmailTestReport] [   81] - HTML Report Path:D:\BankersDashboard//TestReports//Test Results_BankersDashBoard_011416_121824_IE10_Any Bank USA.html
[INFO ][2016-01-14 12:21:00,697][com.java.EmailTestReport] [   82] - smtpHostName:mail01.valuelabs.com
[INFO ][2016-01-14 12:21:00,697][com.java.EmailTestReport] [   83] - Recipient:venkateswararao.gubbala@valuelabs.com;
[INFO ][2016-01-14 12:21:00,697][com.java.EmailTestReport] [   84] - From:venkateswararao.gubbala@valuelabs.com;
[INFO ][2016-01-14 12:21:00,697][com.java.EmailTestReport] [   85] - Subject:Deluxe Corp Bankers Dashboard Automation Test Report - Any Bank USA - IE10
[INFO ][2016-01-14 12:21:00,714][com.java.EmailTestReport] [  143] -  Added venkateswararao.gubbala@valuelabs.com
[INFO ][2016-01-14 12:21:04,905][com.java.SeleniumDriver] [  722] - quitting the browser 
[INFO ][2016-01-14 12:21:06,621][com.java.SeleniumDriver] [  264] - Execution Completed Stopping the thread
