[INFO ][2015-11-05 12:34:05,008][com.java.SeleniumDriver] [  213] - Execute Failed Casesfalse
[INFO ][2015-11-05 12:34:05,012][com.java.SeleniumDriver] [  214] - Browser: IE11
[INFO ][2015-11-05 12:34:05,013][com.java.SeleniumDriver] [  215] - [1, 11]
[INFO ][2015-11-05 12:34:05,013][com.java.SeleniumDriver] [  216] - Total TestCases:2
[INFO ][2015-11-05 12:34:05,013][com.java.SeleniumDriver] [  217] -  Reading Properties from Property File 
[DEBUG][2015-11-05 12:34:05,013][com.java.SeleniumDriver] [  238] - url : https://clients-xuat.bankersdashboard.com
[INFO ][2015-11-05 12:34:05,014][com.java.ImportnExport.ExportTestResultsExcel] [  116] - Time Stamp Thu Nov 05 12:34:04 IST 2015
[INFO ][2015-11-05 12:34:05,014][com.java.ImportnExport.ExportTestResultsExcel] [  175] - OUT FILE : D:\BankersDashboard/TestReports/Test Results_BankersDashBoard_110515_123404_IE11_Simmons First National Bank.xls
[INFO ][2015-11-05 12:34:05,042][com.java.ImportnExport.ExportTestResultsExcel] [  180] - Test Result file is created
[DEBUG][2015-11-05 12:34:05,139][com.java.SeleniumDriver] [  425] - Hub ip address is-------172.17.68.34
[INFO ][2015-11-05 12:34:05,140][com.java.SeleniumDriver] [  451] - Grid URL:http://172.17.68.34:4444/wd/hub
[INFO ][2015-11-05 12:34:05,140][com.java.SeleniumDriver] [  452] - Capability:Capabilities [{platform=ANY, ensureCleanSession=true, ignoreProtectedModeSettings=true, acceptSslCerts=true, ignoreZoomSetting=true, browserName=internet explorer, browserstack.ie.noFlash=true, version=Node1}]
[ERROR][2015-11-05 12:34:06,431][com.java.SeleniumDriver] [  496] - Unable invoke browser in grid:Could not start a new session. Possible causes are invalid address of the remote server or browser start-up failure.
Build info: version: '2.48.2', revision: '41bccdd', time: '2015-10-09 19:59:12'
System info: host: 'FVTIII438F1D', ip: '172.17.68.34', os.name: 'Windows 7', os.arch: 'x86', os.version: '6.1', java.version: '1.7.0_55'
Driver info: driver.version: SeleniumDriver
[INFO ][2015-11-05 12:34:06,431][com.java.SeleniumDriver] [  498] - Executing on local machine
[INFO ][2015-11-05 12:34:15,488][com.java.SeleniumDriver] [  248] - IE11is opened
[INFO ][2015-11-05 12:34:16,374][com.java.SeleniumDriver] [  752] - Test cases to be executed are: [1, 11]
[INFO ][2015-11-05 12:34:16,374][com.java.ImportnExport.ImportTestDataDetailsExcel] [   49] - test data details path===== D:\BankersDashboard\TestInputs\TestData.xls
[INFO ][2015-11-05 12:34:27,390][com.java.SeleniumDriver] [  788] - ------------------------------------------
[INFO ][2015-11-05 12:34:27,390][com.java.SeleniumDriver] [  789] - Test case being Executed: 1
[INFO ][2015-11-05 12:34:27,405][com.java.SeleniumDriver] [  800] - Test step:1
[INFO ][2015-11-05 12:34:27,406][com.java.SeleniumDriver] [  812] - Datavalue is----------Concept#1:1-14
[INFO ][2015-11-05 12:34:27,406][com.java.SeleniumDriver] [  836] - DataField : test
[INFO ][2015-11-05 12:34:27,406][com.java.SeleniumDriver] [  838] - DataValue : Concept#1:1-14
[INFO ][2015-11-05 12:34:27,406][com.java.SeleniumDriver] [  844] - <In Set values of the page>
[INFO ][2015-11-05 12:34:27,406][com.java.SeleniumDriver] [  847] - {Data Fields & Data Values Exist}
[INFO ][2015-11-05 12:34:27,406][com.java.SeleniumDriver] [  849] - --------------------------setting values-----------------------------
[INFO ][2015-11-05 12:34:27,406][com.java.SeleniumDriver] [  852] - Action Type : ExecuteTestCase
[INFO ][2015-11-05 12:34:27,423][com.java.TestType] [  411] - The Concept sheet name is ---------- Concept
[INFO ][2015-11-05 12:34:27,425][com.java.TestType] [  414] - The Concept ID  is ---------- 1
[DEBUG][2015-11-05 12:34:27,425][com.java.TestType] [  418] - Steps being executted in the Concept are: 1:14
[INFO ][2015-11-05 12:34:27,425][com.java.TestType] [  425] - Test data details path ---------- D:\BankersDashboard\TestInputs\TestData.xls
[INFO ][2015-11-05 12:34:27,457][com.java.TestType] [  456] -  str(1) = 1
[INFO ][2015-11-05 12:34:27,457][com.java.TestType] [  459] - Test case Id is---1
[INFO ][2015-11-05 12:34:27,457][com.java.TestType] [  461] - 1
[INFO ][2015-11-05 12:34:27,458][com.java.TestType] [  456] -  str(2) = 1
[INFO ][2015-11-05 12:34:27,460][com.java.TestType] [  508] - row values are--------{1=com.java.Objects.TestDataDetails@9f20af}
[INFO ][2015-11-05 12:34:27,460][com.java.TestType] [  456] -  str(1) = 1
[INFO ][2015-11-05 12:34:27,460][com.java.TestType] [  459] - Test case Id is---1
[INFO ][2015-11-05 12:34:27,460][com.java.TestType] [  461] - 1
[INFO ][2015-11-05 12:34:27,460][com.java.TestType] [  456] -  str(2) = 2
[INFO ][2015-11-05 12:34:27,462][com.java.TestType] [  508] - row values are--------{1=com.java.Objects.TestDataDetails@9f20af, 2=com.java.Objects.TestDataDetails@f86f0e}
[INFO ][2015-11-05 12:34:27,462][com.java.TestType] [  456] -  str(1) = 1
[INFO ][2015-11-05 12:34:27,462][com.java.TestType] [  459] - Test case Id is---1
[INFO ][2015-11-05 12:34:27,462][com.java.TestType] [  461] - 1
[INFO ][2015-11-05 12:34:27,462][com.java.TestType] [  456] -  str(2) = 3
[INFO ][2015-11-05 12:34:27,464][com.java.TestType] [  508] - row values are--------{1=com.java.Objects.TestDataDetails@9f20af, 2=com.java.Objects.TestDataDetails@f86f0e, 3=com.java.Objects.TestDataDetails@68c1b6}
[INFO ][2015-11-05 12:34:27,464][com.java.TestType] [  456] -  str(1) = 1
[INFO ][2015-11-05 12:34:27,464][com.java.TestType] [  459] - Test case Id is---1
[INFO ][2015-11-05 12:34:27,464][com.java.TestType] [  461] - 1
[INFO ][2015-11-05 12:34:27,466][com.java.TestType] [  456] -  str(2) = 4
[INFO ][2015-11-05 12:34:27,467][com.java.TestType] [  508] - row values are--------{1=com.java.Objects.TestDataDetails@9f20af, 2=com.java.Objects.TestDataDetails@f86f0e, 3=com.java.Objects.TestDataDetails@68c1b6, 4=com.java.Objects.TestDataDetails@a53ba0}
[INFO ][2015-11-05 12:34:27,467][com.java.TestType] [  456] -  str(1) = 1
[INFO ][2015-11-05 12:34:27,467][com.java.TestType] [  459] - Test case Id is---1
[INFO ][2015-11-05 12:34:27,467][com.java.TestType] [  461] - 1
[INFO ][2015-11-05 12:34:27,468][com.java.TestType] [  456] -  str(2) = 5
[INFO ][2015-11-05 12:34:27,469][com.java.TestType] [  508] - row values are--------{1=com.java.Objects.TestDataDetails@9f20af, 2=com.java.Objects.TestDataDetails@f86f0e, 3=com.java.Objects.TestDataDetails@68c1b6, 4=com.java.Objects.TestDataDetails@a53ba0, 5=com.java.Objects.TestDataDetails@19de6c}
[INFO ][2015-11-05 12:34:27,469][com.java.TestType] [  456] -  str(1) = 1
[INFO ][2015-11-05 12:34:27,469][com.java.TestType] [  459] - Test case Id is---1
[INFO ][2015-11-05 12:34:27,469][com.java.TestType] [  461] - 1
[INFO ][2015-11-05 12:34:27,469][com.java.TestType] [  456] -  str(2) = 6
[INFO ][2015-11-05 12:34:27,470][com.java.TestType] [  508] - row values are--------{1=com.java.Objects.TestDataDetails@9f20af, 2=com.java.Objects.TestDataDetails@f86f0e, 3=com.java.Objects.TestDataDetails@68c1b6, 4=com.java.Objects.TestDataDetails@a53ba0, 5=com.java.Objects.TestDataDetails@19de6c, 6=com.java.Objects.TestDataDetails@9b81d5}
[INFO ][2015-11-05 12:34:27,470][com.java.TestType] [  456] -  str(1) = 1
[INFO ][2015-11-05 12:34:27,470][com.java.TestType] [  459] - Test case Id is---1
[INFO ][2015-11-05 12:34:27,470][com.java.TestType] [  461] - 1
[INFO ][2015-11-05 12:34:27,471][com.java.TestType] [  456] -  str(2) = 7
[INFO ][2015-11-05 12:34:27,471][com.java.TestType] [  508] - row values are--------{1=com.java.Objects.TestDataDetails@9f20af, 2=com.java.Objects.TestDataDetails@f86f0e, 3=com.java.Objects.TestDataDetails@68c1b6, 4=com.java.Objects.TestDataDetails@a53ba0, 5=com.java.Objects.TestDataDetails@19de6c, 6=com.java.Objects.TestDataDetails@9b81d5, 7=com.java.Objects.TestDataDetails@1f8a98}
[INFO ][2015-11-05 12:34:27,472][com.java.TestType] [  456] -  str(1) = 1
[INFO ][2015-11-05 12:34:27,472][com.java.TestType] [  459] - Test case Id is---1
[INFO ][2015-11-05 12:34:27,472][com.java.TestType] [  461] - 1
[INFO ][2015-11-05 12:34:27,472][com.java.TestType] [  456] -  str(2) = 8
[INFO ][2015-11-05 12:34:27,473][com.java.TestType] [  508] - row values are--------{1=com.java.Objects.TestDataDetails@9f20af, 2=com.java.Objects.TestDataDetails@f86f0e, 3=com.java.Objects.TestDataDetails@68c1b6, 4=com.java.Objects.TestDataDetails@a53ba0, 5=com.java.Objects.TestDataDetails@19de6c, 6=com.java.Objects.TestDataDetails@9b81d5, 7=com.java.Objects.TestDataDetails@1f8a98, 8=com.java.Objects.TestDataDetails@185552b}
[INFO ][2015-11-05 12:34:27,473][com.java.TestType] [  456] -  str(1) = 1
[INFO ][2015-11-05 12:34:27,473][com.java.TestType] [  459] - Test case Id is---1
[INFO ][2015-11-05 12:34:27,473][com.java.TestType] [  461] - 1
[INFO ][2015-11-05 12:34:27,473][com.java.TestType] [  456] -  str(2) = 9
[INFO ][2015-11-05 12:34:27,474][com.java.TestType] [  508] - row values are--------{1=com.java.Objects.TestDataDetails@9f20af, 2=com.java.Objects.TestDataDetails@f86f0e, 3=com.java.Objects.TestDataDetails@68c1b6, 4=com.java.Objects.TestDataDetails@a53ba0, 5=com.java.Objects.TestDataDetails@19de6c, 6=com.java.Objects.TestDataDetails@9b81d5, 7=com.java.Objects.TestDataDetails@1f8a98, 8=com.java.Objects.TestDataDetails@185552b, 9=com.java.Objects.TestDataDetails@5a7006}
[INFO ][2015-11-05 12:34:27,474][com.java.TestType] [  456] -  str(1) = 1
[INFO ][2015-11-05 12:34:27,474][com.java.TestType] [  459] - Test case Id is---1
[INFO ][2015-11-05 12:34:27,474][com.java.TestType] [  461] - 1
[INFO ][2015-11-05 12:34:27,475][com.java.TestType] [  456] -  str(2) = 10
[INFO ][2015-11-05 12:34:27,476][com.java.TestType] [  508] - row values are--------{1=com.java.Objects.TestDataDetails@9f20af, 2=com.java.Objects.TestDataDetails@f86f0e, 3=com.java.Objects.TestDataDetails@68c1b6, 4=com.java.Objects.TestDataDetails@a53ba0, 5=com.java.Objects.TestDataDetails@19de6c, 6=com.java.Objects.TestDataDetails@9b81d5, 7=com.java.Objects.TestDataDetails@1f8a98, 8=com.java.Objects.TestDataDetails@185552b, 9=com.java.Objects.TestDataDetails@5a7006, 10=com.java.Objects.TestDataDetails@5dc0a5}
[INFO ][2015-11-05 12:34:27,476][com.java.TestType] [  456] -  str(1) = 1
[INFO ][2015-11-05 12:34:27,477][com.java.TestType] [  459] - Test case Id is---1
[INFO ][2015-11-05 12:34:27,477][com.java.TestType] [  461] - 1
[INFO ][2015-11-05 12:34:27,477][com.java.TestType] [  456] -  str(2) = 11
[INFO ][2015-11-05 12:34:27,478][com.java.TestType] [  508] - row values are--------{1=com.java.Objects.TestDataDetails@9f20af, 2=com.java.Objects.TestDataDetails@f86f0e, 3=com.java.Objects.TestDataDetails@68c1b6, 4=com.java.Objects.TestDataDetails@a53ba0, 5=com.java.Objects.TestDataDetails@19de6c, 6=com.java.Objects.TestDataDetails@9b81d5, 7=com.java.Objects.TestDataDetails@1f8a98, 8=com.java.Objects.TestDataDetails@185552b, 9=com.java.Objects.TestDataDetails@5a7006, 10=com.java.Objects.TestDataDetails@5dc0a5, 11=com.java.Objects.TestDataDetails@1627751}
[INFO ][2015-11-05 12:34:27,478][com.java.TestType] [  456] -  str(1) = 1
[INFO ][2015-11-05 12:34:27,478][com.java.TestType] [  459] - Test case Id is---1
[INFO ][2015-11-05 12:34:27,478][com.java.TestType] [  461] - 1
[INFO ][2015-11-05 12:34:27,478][com.java.TestType] [  456] -  str(2) = 12
[INFO ][2015-11-05 12:34:27,479][com.java.TestType] [  508] - row values are--------{1=com.java.Objects.TestDataDetails@9f20af, 2=com.java.Objects.TestDataDetails@f86f0e, 3=com.java.Objects.TestDataDetails@68c1b6, 4=com.java.Objects.TestDataDetails@a53ba0, 5=com.java.Objects.TestDataDetails@19de6c, 6=com.java.Objects.TestDataDetails@9b81d5, 7=com.java.Objects.TestDataDetails@1f8a98, 8=com.java.Objects.TestDataDetails@185552b, 9=com.java.Objects.TestDataDetails@5a7006, 10=com.java.Objects.TestDataDetails@5dc0a5, 11=com.java.Objects.TestDataDetails@1627751, 12=com.java.Objects.TestDataDetails@2da07a}
[INFO ][2015-11-05 12:34:27,479][com.java.TestType] [  456] -  str(1) = 1
[INFO ][2015-11-05 12:34:27,479][com.java.TestType] [  459] - Test case Id is---1
[INFO ][2015-11-05 12:34:27,479][com.java.TestType] [  461] - 1
[INFO ][2015-11-05 12:34:27,479][com.java.TestType] [  456] -  str(2) = 13
[INFO ][2015-11-05 12:34:27,480][com.java.TestType] [  508] - row values are--------{1=com.java.Objects.TestDataDetails@9f20af, 2=com.java.Objects.TestDataDetails@f86f0e, 3=com.java.Objects.TestDataDetails@68c1b6, 4=com.java.Objects.TestDataDetails@a53ba0, 5=com.java.Objects.TestDataDetails@19de6c, 6=com.java.Objects.TestDataDetails@9b81d5, 7=com.java.Objects.TestDataDetails@1f8a98, 8=com.java.Objects.TestDataDetails@185552b, 9=com.java.Objects.TestDataDetails@5a7006, 10=com.java.Objects.TestDataDetails@5dc0a5, 11=com.java.Objects.TestDataDetails@1627751, 12=com.java.Objects.TestDataDetails@2da07a, 13=com.java.Objects.TestDataDetails@145b77c}
[INFO ][2015-11-05 12:34:27,480][com.java.TestType] [  456] -  str(1) = 1
[INFO ][2015-11-05 12:34:27,480][com.java.TestType] [  459] - Test case Id is---1
[INFO ][2015-11-05 12:34:27,480][com.java.TestType] [  461] - 1
[INFO ][2015-11-05 12:34:27,480][com.java.TestType] [  456] -  str(2) = 14
[INFO ][2015-11-05 12:34:27,481][com.java.TestType] [  508] - row values are--------{1=com.java.Objects.TestDataDetails@9f20af, 2=com.java.Objects.TestDataDetails@f86f0e, 3=com.java.Objects.TestDataDetails@68c1b6, 4=com.java.Objects.TestDataDetails@a53ba0, 5=com.java.Objects.TestDataDetails@19de6c, 6=com.java.Objects.TestDataDetails@9b81d5, 7=com.java.Objects.TestDataDetails@1f8a98, 8=com.java.Objects.TestDataDetails@185552b, 9=com.java.Objects.TestDataDetails@5a7006, 10=com.java.Objects.TestDataDetails@5dc0a5, 11=com.java.Objects.TestDataDetails@1627751, 12=com.java.Objects.TestDataDetails@2da07a, 13=com.java.Objects.TestDataDetails@145b77c, 14=com.java.Objects.TestDataDetails@1d73938}
[INFO ][2015-11-05 12:34:27,481][com.java.TestType] [ 7929] - Looping 1TCID = 1
[DEBUG][2015-11-05 12:34:27,481][com.java.TestType] [ 7970] - Concept ID:1 :: Step being Executed: 1::1
[INFO ][2015-11-05 12:34:27,481][com.java.TestType] [ 8008] - dataFields : TXTusername
[DEBUG][2015-11-05 12:34:27,481][com.java.TestType] [ 8014] - <In Set values of the page>
[DEBUG][2015-11-05 12:34:27,481][com.java.TestType] [ 8019] - {Data Fields & Data Values Exist}
[INFO ][2015-11-05 12:34:27,482][com.java.TestType] [ 8025] - --------------------------setting values-----------------------------
[INFO ][2015-11-05 12:34:27,482][com.java.TestType] [ 8028] - Action Type : CLEARANDENTER
[INFO ][2015-11-05 12:34:27,482][com.java.TestType] [ 3780] - value = valuelabs.ie11.03890
[INFO ][2015-11-05 12:34:32,278][com.java.TestType] [ 8047] -  RESULT true
[INFO ][2015-11-05 12:34:32,279][com.java.TestType] [ 8164] - ?   P A S S   ?
[DEBUG][2015-11-05 12:34:32,279][com.java.TestType] [ 7970] - Concept ID:1 :: Step being Executed: 1::2
[INFO ][2015-11-05 12:34:32,279][com.java.TestType] [ 8008] - dataFields : TXTpassword
[DEBUG][2015-11-05 12:34:32,279][com.java.TestType] [ 8014] - <In Set values of the page>
[DEBUG][2015-11-05 12:34:32,279][com.java.TestType] [ 8019] - {Data Fields & Data Values Exist}
[INFO ][2015-11-05 12:34:32,279][com.java.TestType] [ 8025] - --------------------------setting values-----------------------------
[INFO ][2015-11-05 12:34:32,279][com.java.TestType] [ 8028] - Action Type : CLEARANDENTER
[INFO ][2015-11-05 12:34:32,279][com.java.TestType] [ 3780] - value = Password1*
[INFO ][2015-11-05 12:34:37,183][com.java.TestType] [ 8047] -  RESULT true
[INFO ][2015-11-05 12:34:37,183][com.java.TestType] [ 8164] - ?   P A S S   ?
[DEBUG][2015-11-05 12:34:37,184][com.java.TestType] [ 7970] - Concept ID:1 :: Step being Executed: 1::3
[ERROR][2015-11-05 12:34:37,184][com.java.TestType] [ 8003] - Exception: null
[INFO ][2015-11-05 12:34:37,184][com.java.TestType] [ 8008] - dataFields : XPH//button[@type='submit']
[DEBUG][2015-11-05 12:34:37,184][com.java.TestType] [ 8014] - <In Set values of the page>
[DEBUG][2015-11-05 12:34:37,184][com.java.TestType] [ 8019] - {Data Fields & Data Values Exist}
[INFO ][2015-11-05 12:34:37,184][com.java.TestType] [ 8025] - --------------------------setting values-----------------------------
[INFO ][2015-11-05 12:34:37,185][com.java.TestType] [ 8028] - Action Type : Click
[INFO ][2015-11-05 12:34:37,185][com.java.TestType] [ 4093] - Field ::XPH//button[@type='submit']
[INFO ][2015-11-05 12:34:38,186][com.java.TestType] [ 4152] - BEFORE CLICK
[INFO ][2015-11-05 12:34:39,047][com.java.TestType] [ 4160] - Unable to click the object Login
[INFO ][2015-11-05 12:34:39,047][com.java.TestType] [ 8047] -  RESULT true
[INFO ][2015-11-05 12:34:39,047][com.java.TestType] [ 8164] - ?   P A S S   ?
[DEBUG][2015-11-05 12:34:39,047][com.java.TestType] [ 7970] - Concept ID:1 :: Step being Executed: 1::4
[INFO ][2015-11-05 12:34:39,047][com.java.TestType] [ 8008] - dataFields : LNKLogout
[DEBUG][2015-11-05 12:34:39,047][com.java.TestType] [ 8014] - <In Set values of the page>
[DEBUG][2015-11-05 12:34:39,047][com.java.TestType] [ 8019] - {Data Fields & Data Values Exist}
[INFO ][2015-11-05 12:34:39,047][com.java.TestType] [ 8025] - --------------------------setting values-----------------------------
[INFO ][2015-11-05 12:34:39,047][com.java.TestType] [ 8028] - Action Type : WaitForElement
[INFO ][2015-11-05 12:34:44,082][com.java.TestType] [ 8047] -  RESULT true
[INFO ][2015-11-05 12:34:44,082][com.java.TestType] [ 8164] - ?   P A S S   ?
[DEBUG][2015-11-05 12:34:44,082][com.java.TestType] [ 7970] - Concept ID:1 :: Step being Executed: 1::13
[INFO ][2015-11-05 12:34:44,082][com.java.TestType] [ 8008] - dataFields : LNK
[DEBUG][2015-11-05 12:34:44,082][com.java.TestType] [ 8014] - <In Set values of the page>
[DEBUG][2015-11-05 12:34:44,082][com.java.TestType] [ 8019] - {Data Fields & Data Values Exist}
[INFO ][2015-11-05 12:34:44,083][com.java.TestType] [ 8025] - --------------------------setting values-----------------------------
[INFO ][2015-11-05 12:34:44,083][com.java.TestType] [ 8028] - Action Type : Verify
[INFO ][2015-11-05 12:34:44,083][com.java.TestType] [ 4906] - field= LNK value= Logout
[INFO ][2015-11-05 12:34:44,084][com.java.TestType] [ 3780] - value = Logout
[INFO ][2015-11-05 12:34:44,120][com.java.TestType] [ 8047] -  RESULT true
[INFO ][2015-11-05 12:34:44,120][com.java.TestType] [ 8164] - ?   P A S S   ?
[DEBUG][2015-11-05 12:34:44,120][com.java.TestType] [ 7970] - Concept ID:1 :: Step being Executed: 1::14
[INFO ][2015-11-05 12:34:44,120][com.java.TestType] [ 8008] - dataFields : BTN
[DEBUG][2015-11-05 12:34:44,120][com.java.TestType] [ 8014] - <In Set values of the page>
[DEBUG][2015-11-05 12:34:44,120][com.java.TestType] [ 8019] - {Data Fields & Data Values Exist}
[INFO ][2015-11-05 12:34:44,120][com.java.TestType] [ 8025] - --------------------------setting values-----------------------------
[INFO ][2015-11-05 12:34:44,120][com.java.TestType] [ 8028] - Action Type : Verify
[INFO ][2015-11-05 12:34:44,121][com.java.TestType] [ 4906] - field= BTN value= //img[contains(@src,'bdlogo.jpg')]
[INFO ][2015-11-05 12:34:44,121][com.java.TestType] [ 3780] - value = //img[contains(@src,'bdlogo.jpg')]
[INFO ][2015-11-05 12:34:44,155][com.java.TestType] [ 8047] -  RESULT true
[INFO ][2015-11-05 12:34:44,155][com.java.TestType] [ 8164] - ?   P A S S   ?
[INFO ][2015-11-05 12:34:44,155][com.java.TestType] [ 8235] - Looping End......
[INFO ][2015-11-05 12:34:44,160][com.java.SeleniumDriver] [  861] -  RESULT true
[INFO ][2015-11-05 12:34:44,160][com.java.SeleniumDriver] [ 1066] - ?   P A S S   ?
[INFO ][2015-11-05 12:34:44,160][com.java.SeleniumDriver] [  788] - ------------------------------------------
[INFO ][2015-11-05 12:34:44,160][com.java.SeleniumDriver] [  789] - Test case being Executed: 1
[INFO ][2015-11-05 12:34:44,160][com.java.SeleniumDriver] [  800] - Test step:2
[INFO ][2015-11-05 12:34:44,160][com.java.SeleniumDriver] [  812] - Datavalue is----------Concept#2:1-2
[INFO ][2015-11-05 12:34:44,160][com.java.SeleniumDriver] [  836] - DataField : test
[INFO ][2015-11-05 12:34:44,160][com.java.SeleniumDriver] [  838] - DataValue : Concept#2:1-2
[INFO ][2015-11-05 12:34:44,160][com.java.SeleniumDriver] [  844] - <In Set values of the page>
[INFO ][2015-11-05 12:34:44,160][com.java.SeleniumDriver] [  847] - {Data Fields & Data Values Exist}
[INFO ][2015-11-05 12:34:44,160][com.java.SeleniumDriver] [  849] - --------------------------setting values-----------------------------
[INFO ][2015-11-05 12:34:44,160][com.java.SeleniumDriver] [  852] - Action Type : ExecuteTestCase
[INFO ][2015-11-05 12:34:44,161][com.java.TestType] [  411] - The Concept sheet name is ---------- Concept
[INFO ][2015-11-05 12:34:44,161][com.java.TestType] [  414] - The Concept ID  is ---------- 2
[DEBUG][2015-11-05 12:34:44,161][com.java.TestType] [  418] - Steps being executted in the Concept are: 1:2
[INFO ][2015-11-05 12:34:44,161][com.java.TestType] [  425] - Test data details path ---------- D:\BankersDashboard\TestInputs\TestData.xls
[INFO ][2015-11-05 12:34:44,195][com.java.TestType] [  456] -  str(1) = 2
[INFO ][2015-11-05 12:34:44,196][com.java.TestType] [  459] - Test case Id is---2
[INFO ][2015-11-05 12:34:44,196][com.java.TestType] [  461] - 2
[INFO ][2015-11-05 12:34:44,196][com.java.TestType] [  456] -  str(2) = 1
[INFO ][2015-11-05 12:34:44,198][com.java.TestType] [  508] - row values are--------{1=com.java.Objects.TestDataDetails@11913b3}
[INFO ][2015-11-05 12:34:44,198][com.java.TestType] [  456] -  str(1) = 2
[INFO ][2015-11-05 12:34:44,198][com.java.TestType] [  459] - Test case Id is---2
[INFO ][2015-11-05 12:34:44,199][com.java.TestType] [  461] - 2
[INFO ][2015-11-05 12:34:44,199][com.java.TestType] [  456] -  str(2) = 2
[INFO ][2015-11-05 12:34:44,199][com.java.TestType] [  508] - row values are--------{1=com.java.Objects.TestDataDetails@11913b3, 2=com.java.Objects.TestDataDetails@12139e}
[INFO ][2015-11-05 12:34:44,199][com.java.TestType] [  456] -  str(1) = 2
[INFO ][2015-11-05 12:34:44,199][com.java.TestType] [  459] - Test case Id is---2
[INFO ][2015-11-05 12:34:44,199][com.java.TestType] [  461] - 2
[INFO ][2015-11-05 12:34:44,200][com.java.TestType] [  456] -  str(2) = 3
[INFO ][2015-11-05 12:34:44,200][com.java.TestType] [  508] - row values are--------{1=com.java.Objects.TestDataDetails@11913b3, 2=com.java.Objects.TestDataDetails@12139e, 3=com.java.Objects.TestDataDetails@ece6e1}
[INFO ][2015-11-05 12:34:44,200][com.java.TestType] [ 7929] - Looping 1TCID = 2
[DEBUG][2015-11-05 12:34:44,200][com.java.TestType] [ 7970] - Concept ID:2 :: Step being Executed: 2::1
[INFO ][2015-11-05 12:34:44,201][com.java.TestType] [ 8008] - dataFields : BNK//select[@id='bank']
[DEBUG][2015-11-05 12:34:44,201][com.java.TestType] [ 8014] - <In Set values of the page>
[DEBUG][2015-11-05 12:34:44,201][com.java.TestType] [ 8019] - {Data Fields & Data Values Exist}
[INFO ][2015-11-05 12:34:44,201][com.java.TestType] [ 8025] - --------------------------setting values-----------------------------
[INFO ][2015-11-05 12:34:44,201][com.java.TestType] [ 8028] - Action Type : Select
[INFO ][2015-11-05 12:34:44,201][com.java.TestType] [ 3780] - value = PFC
[INFO ][2015-11-05 12:34:44,400][com.java.TestType] [ 8047] -  RESULT true
[INFO ][2015-11-05 12:34:44,400][com.java.TestType] [ 8164] - ?   P A S S   ?
[DEBUG][2015-11-05 12:34:44,400][com.java.TestType] [ 7970] - Concept ID:2 :: Step being Executed: 2::2
[INFO ][2015-11-05 12:34:44,400][com.java.TestType] [ 8008] - dataFields : LNKLogout
[DEBUG][2015-11-05 12:34:44,400][com.java.TestType] [ 8014] - <In Set values of the page>
[DEBUG][2015-11-05 12:34:44,400][com.java.TestType] [ 8019] - {Data Fields & Data Values Exist}
[INFO ][2015-11-05 12:34:44,400][com.java.TestType] [ 8025] - --------------------------setting values-----------------------------
[INFO ][2015-11-05 12:34:44,400][com.java.TestType] [ 8028] - Action Type : WaitTime
[DEBUG][2015-11-05 12:34:44,401][com.java.TestType] [ 3679] - sleepTime: 5000
[INFO ][2015-11-05 12:34:49,402][com.java.TestType] [ 8047] -  RESULT true
[INFO ][2015-11-05 12:34:49,402][com.java.TestType] [ 8164] - ?   P A S S   ?
[INFO ][2015-11-05 12:34:49,402][com.java.TestType] [ 8235] - Looping End......
[INFO ][2015-11-05 12:34:49,407][com.java.SeleniumDriver] [  861] -  RESULT true
[INFO ][2015-11-05 12:34:49,407][com.java.SeleniumDriver] [ 1066] - ?   P A S S   ?
[INFO ][2015-11-05 12:34:49,407][com.java.SeleniumDriver] [  788] - ------------------------------------------
[INFO ][2015-11-05 12:34:49,407][com.java.SeleniumDriver] [  789] - Test case being Executed: 1
[INFO ][2015-11-05 12:34:49,407][com.java.SeleniumDriver] [  800] - Test step:3
[INFO ][2015-11-05 12:34:49,407][com.java.SeleniumDriver] [  812] - Datavalue is----------2
[INFO ][2015-11-05 12:34:49,407][com.java.SeleniumDriver] [  836] - DataField : XPH//button[contains(text(),'Add Content')]
[INFO ][2015-11-05 12:34:49,407][com.java.SeleniumDriver] [  838] - DataValue : 2
[INFO ][2015-11-05 12:34:49,407][com.java.SeleniumDriver] [  844] - <In Set values of the page>
[INFO ][2015-11-05 12:34:49,407][com.java.SeleniumDriver] [  847] - {Data Fields & Data Values Exist}
[INFO ][2015-11-05 12:34:49,407][com.java.SeleniumDriver] [  849] - --------------------------setting values-----------------------------
[INFO ][2015-11-05 12:34:49,407][com.java.SeleniumDriver] [  852] - Action Type : WAITFORELEMENT
[INFO ][2015-11-05 12:34:49,440][com.java.SeleniumDriver] [  861] -  RESULT true
[INFO ][2015-11-05 12:34:49,440][com.java.SeleniumDriver] [ 1066] - ?   P A S S   ?
[DEBUG][2015-11-05 12:34:49,440][com.java.SeleniumDriver] [ 1168] - Case found
[DEBUG][2015-11-05 12:34:49,440][com.java.SeleniumDriver] [ 1173] - Incrementing ReportCounters[0]:1
[INFO ][2015-11-05 12:34:49,440][com.java.SeleniumDriver] [ 1192] - The results are-------------------[1, 1, Valid Login, Pass, , Thu Nov 05 12:34:44 IST 2015, 1, 2, Valid Login, Pass, , Thu Nov 05 12:34:49 IST 2015, 1, 3, Valid Login, Pass, , Thu Nov 05 12:34:49 IST 2015]
[INFO ][2015-11-05 12:34:49,440][com.java.SeleniumDriver] [ 1196] - End time is-------46 sec
[INFO ][2015-11-05 12:34:49,440][com.java.SeleniumDriver] [ 1197] - The results are-------------------[1, 1, Valid Login, Pass, , Thu Nov 05 12:34:44 IST 2015, 1, 2, Valid Login, Pass, , Thu Nov 05 12:34:49 IST 2015, 1, 3, Valid Login, Pass, , Thu Nov 05 12:34:49 IST 2015]
[DEBUG][2015-11-05 12:34:49,441][com.java.ImportnExport.ExportTestResultsExcel] [  222] - testResultPath = D:\BankersDashboard/TestReports/Test Results_BankersDashBoard_110515_123404_IE11_Simmons First National Bank.xls
[DEBUG][2015-11-05 12:34:49,441][com.java.ImportnExport.ExportTestResultsExcel] [  223] - browser is------------IE11
[DEBUG][2015-11-05 12:34:49,483][com.java.ImportnExport.ExportTestResultsExcel] [  270] - result.size() = 18
[DEBUG][2015-11-05 12:34:49,483][com.java.ImportnExport.ExportTestResultsExcel] [  274] - No of rows in sheet=1
[DEBUG][2015-11-05 12:34:49,483][com.java.ImportnExport.ExportTestResultsExcel] [  301] - ..in export..1
[DEBUG][2015-11-05 12:34:49,483][com.java.ImportnExport.ExportTestResultsExcel] [  301] - ..in export..Valid Login
[DEBUG][2015-11-05 12:34:49,483][com.java.ImportnExport.ExportTestResultsExcel] [  301] - ..in export..Pass
[DEBUG][2015-11-05 12:34:49,484][com.java.ImportnExport.ExportTestResultsExcel] [  301] - ..in export..
[DEBUG][2015-11-05 12:34:49,484][com.java.ImportnExport.ExportTestResultsExcel] [  301] - ..in export..Thu Nov 05 12:34:44 IST 2015
[INFO ][2015-11-05 12:34:49,485][com.java.SeleniumDriver] [ 1255] - out loop:0 size:2 TestCases:[1, 11] testcases:[1, 11]
[INFO ][2015-11-05 12:34:49,485][com.java.ImportnExport.ImportTestDataDetailsExcel] [   49] - test data details path===== D:\BankersDashboard\TestInputs\TestData.xls
[INFO ][2015-11-05 12:35:18,097][com.java.SeleniumDriver] [  788] - ------------------------------------------
[INFO ][2015-11-05 12:35:18,097][com.java.SeleniumDriver] [  789] - Test case being Executed: 11
[INFO ][2015-11-05 12:35:18,097][com.java.SeleniumDriver] [  800] - Test step:1
[INFO ][2015-11-05 12:35:18,097][com.java.SeleniumDriver] [  812] - Datavalue is----------Logout
[INFO ][2015-11-05 12:35:18,097][com.java.SeleniumDriver] [  836] - DataField : BTN
[INFO ][2015-11-05 12:35:18,097][com.java.SeleniumDriver] [  838] - DataValue : Logout
[INFO ][2015-11-05 12:35:18,097][com.java.SeleniumDriver] [  844] - <In Set values of the page>
[INFO ][2015-11-05 12:35:18,097][com.java.SeleniumDriver] [  847] - {Data Fields & Data Values Exist}
[INFO ][2015-11-05 12:35:18,097][com.java.SeleniumDriver] [  849] - --------------------------setting values-----------------------------
[INFO ][2015-11-05 12:35:18,097][com.java.SeleniumDriver] [  852] - Action Type : Verify
[INFO ][2015-11-05 12:35:18,097][com.java.TestType] [ 4906] - field= BTN value= Logout
[INFO ][2015-11-05 12:35:18,097][com.java.TestType] [ 3780] - value = Logout
[INFO ][2015-11-05 12:35:18,131][com.java.SeleniumDriver] [  861] -  RESULT true
[INFO ][2015-11-05 12:35:18,131][com.java.SeleniumDriver] [ 1066] - ?   P A S S   ?
[INFO ][2015-11-05 12:35:18,131][com.java.SeleniumDriver] [ 1108] - step change to 3
[INFO ][2015-11-05 12:35:18,131][com.java.SeleniumDriver] [  788] - ------------------------------------------
[INFO ][2015-11-05 12:35:18,131][com.java.SeleniumDriver] [  789] - Test case being Executed: 11
[INFO ][2015-11-05 12:35:18,131][com.java.SeleniumDriver] [  800] - Test step:3
[INFO ][2015-11-05 12:35:18,131][com.java.SeleniumDriver] [  812] - Datavalue is----------Concept#2:1-2
[INFO ][2015-11-05 12:35:18,132][com.java.SeleniumDriver] [  836] - DataField : test
[INFO ][2015-11-05 12:35:18,132][com.java.SeleniumDriver] [  838] - DataValue : Concept#2:1-2
[INFO ][2015-11-05 12:35:18,132][com.java.SeleniumDriver] [  844] - <In Set values of the page>
[INFO ][2015-11-05 12:35:18,132][com.java.SeleniumDriver] [  847] - {Data Fields & Data Values Exist}
[INFO ][2015-11-05 12:35:18,132][com.java.SeleniumDriver] [  849] - --------------------------setting values-----------------------------
[INFO ][2015-11-05 12:35:18,132][com.java.SeleniumDriver] [  852] - Action Type : ExecuteTestCase
[INFO ][2015-11-05 12:35:18,134][com.java.TestType] [  411] - The Concept sheet name is ---------- Concept
[INFO ][2015-11-05 12:35:18,134][com.java.TestType] [  414] - The Concept ID  is ---------- 2
[DEBUG][2015-11-05 12:35:18,134][com.java.TestType] [  418] - Steps being executted in the Concept are: 1:2
[INFO ][2015-11-05 12:35:18,134][com.java.TestType] [  425] - Test data details path ---------- D:\BankersDashboard\TestInputs\TestData.xls
[INFO ][2015-11-05 12:35:18,163][com.java.TestType] [  456] -  str(1) = 2
[INFO ][2015-11-05 12:35:18,164][com.java.TestType] [  459] - Test case Id is---2
[INFO ][2015-11-05 12:35:18,164][com.java.TestType] [  461] - 2
[INFO ][2015-11-05 12:35:18,164][com.java.TestType] [  456] -  str(2) = 1
[INFO ][2015-11-05 12:35:18,165][com.java.TestType] [  508] - row values are--------{1=com.java.Objects.TestDataDetails@11fe010}
[INFO ][2015-11-05 12:35:18,165][com.java.TestType] [  456] -  str(1) = 2
[INFO ][2015-11-05 12:35:18,165][com.java.TestType] [  459] - Test case Id is---2
[INFO ][2015-11-05 12:35:18,165][com.java.TestType] [  461] - 2
[INFO ][2015-11-05 12:35:18,165][com.java.TestType] [  456] -  str(2) = 2
[INFO ][2015-11-05 12:35:18,166][com.java.TestType] [  508] - row values are--------{1=com.java.Objects.TestDataDetails@11fe010, 2=com.java.Objects.TestDataDetails@185f4b7}
[INFO ][2015-11-05 12:35:18,166][com.java.TestType] [  456] -  str(1) = 2
[INFO ][2015-11-05 12:35:18,166][com.java.TestType] [  459] - Test case Id is---2
[INFO ][2015-11-05 12:35:18,166][com.java.TestType] [  461] - 2
[INFO ][2015-11-05 12:35:18,166][com.java.TestType] [  456] -  str(2) = 3
[INFO ][2015-11-05 12:35:18,167][com.java.TestType] [  508] - row values are--------{1=com.java.Objects.TestDataDetails@11fe010, 2=com.java.Objects.TestDataDetails@185f4b7, 3=com.java.Objects.TestDataDetails@3f700d}
[INFO ][2015-11-05 12:35:18,167][com.java.TestType] [ 7929] - Looping 1TCID = 2
[DEBUG][2015-11-05 12:35:18,167][com.java.TestType] [ 7970] - Concept ID:2 :: Step being Executed: 2::1
[INFO ][2015-11-05 12:35:18,167][com.java.TestType] [ 8008] - dataFields : BNK//select[@id='bank']
[DEBUG][2015-11-05 12:35:18,167][com.java.TestType] [ 8014] - <In Set values of the page>
[DEBUG][2015-11-05 12:35:18,167][com.java.TestType] [ 8019] - {Data Fields & Data Values Exist}
[INFO ][2015-11-05 12:35:18,167][com.java.TestType] [ 8025] - --------------------------setting values-----------------------------
[INFO ][2015-11-05 12:35:18,168][com.java.TestType] [ 8028] - Action Type : Select
[INFO ][2015-11-05 12:35:18,168][com.java.TestType] [ 3780] - value = PFC
[INFO ][2015-11-05 12:35:18,357][com.java.TestType] [ 8047] -  RESULT true
[INFO ][2015-11-05 12:35:18,357][com.java.TestType] [ 8164] - ?   P A S S   ?
[DEBUG][2015-11-05 12:35:18,357][com.java.TestType] [ 7970] - Concept ID:2 :: Step being Executed: 2::2
[INFO ][2015-11-05 12:35:18,358][com.java.TestType] [ 8008] - dataFields : LNKLogout
[DEBUG][2015-11-05 12:35:18,358][com.java.TestType] [ 8014] - <In Set values of the page>
[DEBUG][2015-11-05 12:35:18,358][com.java.TestType] [ 8019] - {Data Fields & Data Values Exist}
[INFO ][2015-11-05 12:35:18,358][com.java.TestType] [ 8025] - --------------------------setting values-----------------------------
[INFO ][2015-11-05 12:35:18,358][com.java.TestType] [ 8028] - Action Type : WaitTime
[DEBUG][2015-11-05 12:35:18,358][com.java.TestType] [ 3679] - sleepTime: 5000
[INFO ][2015-11-05 12:35:23,358][com.java.TestType] [ 8047] -  RESULT true
[INFO ][2015-11-05 12:35:23,358][com.java.TestType] [ 8164] - ?   P A S S   ?
[INFO ][2015-11-05 12:35:23,358][com.java.TestType] [ 8235] - Looping End......
[INFO ][2015-11-05 12:35:23,362][com.java.SeleniumDriver] [  861] -  RESULT true
[INFO ][2015-11-05 12:35:23,362][com.java.SeleniumDriver] [ 1066] - ?   P A S S   ?
[INFO ][2015-11-05 12:35:23,362][com.java.SeleniumDriver] [  788] - ------------------------------------------
[INFO ][2015-11-05 12:35:23,362][com.java.SeleniumDriver] [  789] - Test case being Executed: 11
[INFO ][2015-11-05 12:35:23,362][com.java.SeleniumDriver] [  800] - Test step:4
[INFO ][2015-11-05 12:35:23,362][com.java.SeleniumDriver] [  812] - Datavalue is----------null
[DEBUG][2015-11-05 12:35:23,362][com.java.SeleniumDriver] [  830] - Exception: null
[INFO ][2015-11-05 12:35:23,362][com.java.SeleniumDriver] [  836] - DataField : //span[@class='icon-user4']&&Users&&Manage Users
[INFO ][2015-11-05 12:35:23,362][com.java.SeleniumDriver] [  838] - DataValue : 
[INFO ][2015-11-05 12:35:23,363][com.java.SeleniumDriver] [  844] - <In Set values of the page>
[INFO ][2015-11-05 12:35:23,363][com.java.SeleniumDriver] [  847] - {Data Fields & Data Values Exist}
[INFO ][2015-11-05 12:35:23,363][com.java.SeleniumDriver] [  849] - --------------------------setting values-----------------------------
[INFO ][2015-11-05 12:35:23,363][com.java.SeleniumDriver] [  852] - Action Type : MouseOver
[INFO ][2015-11-05 12:35:37,544][com.java.SeleniumDriver] [  861] -  RESULT true
[INFO ][2015-11-05 12:35:37,544][com.java.SeleniumDriver] [ 1066] - ?   P A S S   ?
[INFO ][2015-11-05 12:35:37,544][com.java.SeleniumDriver] [  788] - ------------------------------------------
[INFO ][2015-11-05 12:35:37,544][com.java.SeleniumDriver] [  789] - Test case being Executed: 11
[INFO ][2015-11-05 12:35:37,544][com.java.SeleniumDriver] [  800] - Test step:5
[INFO ][2015-11-05 12:35:37,544][com.java.SeleniumDriver] [  812] - Datavalue is----------2
[INFO ][2015-11-05 12:35:37,544][com.java.SeleniumDriver] [  836] - DataField : BTNframeDialogContent
[INFO ][2015-11-05 12:35:37,544][com.java.SeleniumDriver] [  838] - DataValue : 2
[INFO ][2015-11-05 12:35:37,544][com.java.SeleniumDriver] [  844] - <In Set values of the page>
[INFO ][2015-11-05 12:35:37,544][com.java.SeleniumDriver] [  847] - {Data Fields & Data Values Exist}
[INFO ][2015-11-05 12:35:37,544][com.java.SeleniumDriver] [  849] - --------------------------setting values-----------------------------
[INFO ][2015-11-05 12:35:37,544][com.java.SeleniumDriver] [  852] - Action Type : WaitForElement
[INFO ][2015-11-05 12:35:38,758][com.java.SeleniumDriver] [  861] -  RESULT true
[INFO ][2015-11-05 12:35:38,758][com.java.SeleniumDriver] [ 1066] - ?   P A S S   ?
[INFO ][2015-11-05 12:35:38,758][com.java.SeleniumDriver] [  788] - ------------------------------------------
[INFO ][2015-11-05 12:35:38,758][com.java.SeleniumDriver] [  789] - Test case being Executed: 11
[INFO ][2015-11-05 12:35:38,758][com.java.SeleniumDriver] [  800] - Test step:6
[INFO ][2015-11-05 12:35:38,758][com.java.SeleniumDriver] [  812] - Datavalue is----------null
[DEBUG][2015-11-05 12:35:38,758][com.java.SeleniumDriver] [  830] - Exception: null
[INFO ][2015-11-05 12:35:38,759][com.java.SeleniumDriver] [  836] - DataField : BTNframeDialogContent
[INFO ][2015-11-05 12:35:38,759][com.java.SeleniumDriver] [  838] - DataValue : 
[INFO ][2015-11-05 12:35:38,759][com.java.SeleniumDriver] [  844] - <In Set values of the page>
[INFO ][2015-11-05 12:35:38,759][com.java.SeleniumDriver] [  847] - {Data Fields & Data Values Exist}
[INFO ][2015-11-05 12:35:38,759][com.java.SeleniumDriver] [  849] - --------------------------setting values-----------------------------
[INFO ][2015-11-05 12:35:38,760][com.java.SeleniumDriver] [  852] - Action Type : SelectFrame
[INFO ][2015-11-05 12:35:40,014][com.java.SeleniumDriver] [  861] -  RESULT true
[INFO ][2015-11-05 12:35:40,014][com.java.SeleniumDriver] [ 1066] - ?   P A S S   ?
[INFO ][2015-11-05 12:35:40,014][com.java.SeleniumDriver] [  788] - ------------------------------------------
[INFO ][2015-11-05 12:35:40,014][com.java.SeleniumDriver] [  789] - Test case being Executed: 11
[INFO ][2015-11-05 12:35:40,014][com.java.SeleniumDriver] [  800] - Test step:7
[INFO ][2015-11-05 12:35:40,014][com.java.SeleniumDriver] [  812] - Datavalue is----------2
[INFO ][2015-11-05 12:35:40,014][com.java.SeleniumDriver] [  836] - DataField : BTNbtnAddUser
[INFO ][2015-11-05 12:35:40,014][com.java.SeleniumDriver] [  838] - DataValue : 2
[INFO ][2015-11-05 12:35:40,014][com.java.SeleniumDriver] [  844] - <In Set values of the page>
[INFO ][2015-11-05 12:35:40,014][com.java.SeleniumDriver] [  847] - {Data Fields & Data Values Exist}
[INFO ][2015-11-05 12:35:40,014][com.java.SeleniumDriver] [  849] - --------------------------setting values-----------------------------
[INFO ][2015-11-05 12:35:40,015][com.java.SeleniumDriver] [  852] - Action Type : WaitForElement
[INFO ][2015-11-05 12:35:41,864][com.java.SeleniumDriver] [  861] -  RESULT true
[INFO ][2015-11-05 12:35:41,864][com.java.SeleniumDriver] [ 1066] - ?   P A S S   ?
[INFO ][2015-11-05 12:35:41,864][com.java.SeleniumDriver] [  788] - ------------------------------------------
[INFO ][2015-11-05 12:35:41,864][com.java.SeleniumDriver] [  789] - Test case being Executed: 11
[INFO ][2015-11-05 12:35:41,864][com.java.SeleniumDriver] [  800] - Test step:8
[INFO ][2015-11-05 12:35:41,864][com.java.SeleniumDriver] [  812] - Datavalue is----------null
[DEBUG][2015-11-05 12:35:41,864][com.java.SeleniumDriver] [  830] - Exception: null
[INFO ][2015-11-05 12:35:41,864][com.java.SeleniumDriver] [  836] - DataField : BTNbtnAddUser
[INFO ][2015-11-05 12:35:41,864][com.java.SeleniumDriver] [  838] - DataValue : 
[INFO ][2015-11-05 12:35:41,865][com.java.SeleniumDriver] [  844] - <In Set values of the page>
[INFO ][2015-11-05 12:35:41,865][com.java.SeleniumDriver] [  847] - {Data Fields & Data Values Exist}
[INFO ][2015-11-05 12:35:41,865][com.java.SeleniumDriver] [  849] - --------------------------setting values-----------------------------
[INFO ][2015-11-05 12:35:41,865][com.java.SeleniumDriver] [  852] - Action Type : Click
[INFO ][2015-11-05 12:35:41,865][com.java.TestType] [ 4093] - Field ::BTNbtnAddUser
[INFO ][2015-11-05 12:35:42,865][com.java.TestType] [ 4131] - BEFORE CLICK
[INFO ][2015-11-05 12:35:44,903][com.java.TestType] [ 4138] - Unable to click the object Add user button
[INFO ][2015-11-05 12:35:44,903][com.java.SeleniumDriver] [  861] -  RESULT true
[INFO ][2015-11-05 12:35:44,903][com.java.SeleniumDriver] [ 1066] - ?   P A S S   ?
[INFO ][2015-11-05 12:35:44,903][com.java.SeleniumDriver] [  788] - ------------------------------------------
[INFO ][2015-11-05 12:35:44,903][com.java.SeleniumDriver] [  789] - Test case being Executed: 11
[INFO ][2015-11-05 12:35:44,903][com.java.SeleniumDriver] [  800] - Test step:9
[INFO ][2015-11-05 12:35:44,903][com.java.SeleniumDriver] [  812] - Datavalue is----------2
[INFO ][2015-11-05 12:35:44,903][com.java.SeleniumDriver] [  836] - DataField : BTNtxtUserName
[INFO ][2015-11-05 12:35:44,903][com.java.SeleniumDriver] [  838] - DataValue : 2
[INFO ][2015-11-05 12:35:44,903][com.java.SeleniumDriver] [  844] - <In Set values of the page>
[INFO ][2015-11-05 12:35:44,904][com.java.SeleniumDriver] [  847] - {Data Fields & Data Values Exist}
[INFO ][2015-11-05 12:35:44,904][com.java.SeleniumDriver] [  849] - --------------------------setting values-----------------------------
[INFO ][2015-11-05 12:35:44,904][com.java.SeleniumDriver] [  852] - Action Type : WaitForElement
[INFO ][2015-11-05 12:35:46,105][com.java.SeleniumDriver] [  861] -  RESULT true
[INFO ][2015-11-05 12:35:46,105][com.java.SeleniumDriver] [ 1066] - ?   P A S S   ?
[INFO ][2015-11-05 12:35:46,105][com.java.SeleniumDriver] [  788] - ------------------------------------------
[INFO ][2015-11-05 12:35:46,105][com.java.SeleniumDriver] [  789] - Test case being Executed: 11
[INFO ][2015-11-05 12:35:46,105][com.java.SeleniumDriver] [  800] - Test step:10
[INFO ][2015-11-05 12:35:46,105][com.java.SeleniumDriver] [  812] - Datavalue is----------dt:NewUserName
[INFO ][2015-11-05 12:35:46,105][com.java.SeleniumDriver] [  836] - DataField : TXTtxtUserName
[INFO ][2015-11-05 12:35:46,105][com.java.SeleniumDriver] [  838] - DataValue : dt:NewUserName
[INFO ][2015-11-05 12:35:46,105][com.java.SeleniumDriver] [  844] - <In Set values of the page>
[INFO ][2015-11-05 12:35:46,105][com.java.SeleniumDriver] [  847] - {Data Fields & Data Values Exist}
[INFO ][2015-11-05 12:35:46,106][com.java.SeleniumDriver] [  849] - --------------------------setting values-----------------------------
[INFO ][2015-11-05 12:35:46,106][com.java.SeleniumDriver] [  852] - Action Type : Enter
[INFO ][2015-11-05 12:35:46,106][com.java.TestType] [ 4413] - field = txtUserName
[INFO ][2015-11-05 12:35:46,106][com.java.TestType] [ 3780] - value = vltest.robot
[INFO ][2015-11-05 12:35:48,862][com.java.SeleniumDriver] [  861] -  RESULT true
[INFO ][2015-11-05 12:35:48,862][com.java.SeleniumDriver] [ 1066] - ?   P A S S   ?
[INFO ][2015-11-05 12:35:48,863][com.java.SeleniumDriver] [  788] - ------------------------------------------
[INFO ][2015-11-05 12:35:48,863][com.java.SeleniumDriver] [  789] - Test case being Executed: 11
[INFO ][2015-11-05 12:35:48,863][com.java.SeleniumDriver] [  800] - Test step:11
[INFO ][2015-11-05 12:35:48,863][com.java.SeleniumDriver] [  812] - Datavalue is----------VLTest
[INFO ][2015-11-05 12:35:48,863][com.java.SeleniumDriver] [  836] - DataField : TXTtxtFirstName
[INFO ][2015-11-05 12:35:48,863][com.java.SeleniumDriver] [  838] - DataValue : VLTest
[INFO ][2015-11-05 12:35:48,863][com.java.SeleniumDriver] [  844] - <In Set values of the page>
[INFO ][2015-11-05 12:35:48,863][com.java.SeleniumDriver] [  847] - {Data Fields & Data Values Exist}
[INFO ][2015-11-05 12:35:48,863][com.java.SeleniumDriver] [  849] - --------------------------setting values-----------------------------
[INFO ][2015-11-05 12:35:48,863][com.java.SeleniumDriver] [  852] - Action Type : Enter
[INFO ][2015-11-05 12:35:48,863][com.java.TestType] [ 4413] - field = txtFirstName
[INFO ][2015-11-05 12:35:48,863][com.java.TestType] [ 3780] - value = VLTest
[INFO ][2015-11-05 12:35:51,893][com.java.SeleniumDriver] [  861] -  RESULT true
[INFO ][2015-11-05 12:35:51,893][com.java.SeleniumDriver] [ 1066] - ?   P A S S   ?
[INFO ][2015-11-05 12:35:51,893][com.java.SeleniumDriver] [  788] - ------------------------------------------
[INFO ][2015-11-05 12:35:51,893][com.java.SeleniumDriver] [  789] - Test case being Executed: 11
[INFO ][2015-11-05 12:35:51,893][com.java.SeleniumDriver] [  800] - Test step:12
[INFO ][2015-11-05 12:35:51,893][com.java.SeleniumDriver] [  812] - Datavalue is----------Robot
[INFO ][2015-11-05 12:35:51,893][com.java.SeleniumDriver] [  836] - DataField : TXTtxtLastName
[INFO ][2015-11-05 12:35:51,893][com.java.SeleniumDriver] [  838] - DataValue : Robot
[INFO ][2015-11-05 12:35:51,893][com.java.SeleniumDriver] [  844] - <In Set values of the page>
[INFO ][2015-11-05 12:35:51,893][com.java.SeleniumDriver] [  847] - {Data Fields & Data Values Exist}
[INFO ][2015-11-05 12:35:51,893][com.java.SeleniumDriver] [  849] - --------------------------setting values-----------------------------
[INFO ][2015-11-05 12:35:51,893][com.java.SeleniumDriver] [  852] - Action Type : Enter
[INFO ][2015-11-05 12:35:51,894][com.java.TestType] [ 4413] - field = txtLastName
[INFO ][2015-11-05 12:35:51,894][com.java.TestType] [ 3780] - value = Robot
[INFO ][2015-11-05 12:35:54,695][com.java.SeleniumDriver] [  861] -  RESULT true
[INFO ][2015-11-05 12:35:54,695][com.java.SeleniumDriver] [ 1066] - ?   P A S S   ?
[INFO ][2015-11-05 12:35:54,695][com.java.SeleniumDriver] [  788] - ------------------------------------------
[INFO ][2015-11-05 12:35:54,695][com.java.SeleniumDriver] [  789] - Test case being Executed: 11
[INFO ][2015-11-05 12:35:54,695][com.java.SeleniumDriver] [  800] - Test step:13
[INFO ][2015-11-05 12:35:54,695][com.java.SeleniumDriver] [  812] - Datavalue is----------ValueLabs
[INFO ][2015-11-05 12:35:54,695][com.java.SeleniumDriver] [  836] - DataField : TXTtxtCompany
[INFO ][2015-11-05 12:35:54,695][com.java.SeleniumDriver] [  838] - DataValue : ValueLabs
[INFO ][2015-11-05 12:35:54,695][com.java.SeleniumDriver] [  844] - <In Set values of the page>
[INFO ][2015-11-05 12:35:54,695][com.java.SeleniumDriver] [  847] - {Data Fields & Data Values Exist}
[INFO ][2015-11-05 12:35:54,695][com.java.SeleniumDriver] [  849] - --------------------------setting values-----------------------------
[INFO ][2015-11-05 12:35:54,695][com.java.SeleniumDriver] [  852] - Action Type : Enter
[INFO ][2015-11-05 12:35:54,696][com.java.TestType] [ 4413] - field = txtCompany
[INFO ][2015-11-05 12:35:54,696][com.java.TestType] [ 3780] - value = ValueLabs
[INFO ][2015-11-05 12:35:57,629][com.java.SeleniumDriver] [  861] -  RESULT true
[INFO ][2015-11-05 12:35:57,629][com.java.SeleniumDriver] [ 1066] - ?   P A S S   ?
[INFO ][2015-11-05 12:35:57,629][com.java.SeleniumDriver] [  788] - ------------------------------------------
[INFO ][2015-11-05 12:35:57,629][com.java.SeleniumDriver] [  789] - Test case being Executed: 11
[INFO ][2015-11-05 12:35:57,629][com.java.SeleniumDriver] [  800] - Test step:14
[INFO ][2015-11-05 12:35:57,629][com.java.SeleniumDriver] [  812] - Datavalue is----------India
[INFO ][2015-11-05 12:35:57,629][com.java.SeleniumDriver] [  836] - DataField : TXTtxtLocation
[INFO ][2015-11-05 12:35:57,629][com.java.SeleniumDriver] [  838] - DataValue : India
[INFO ][2015-11-05 12:35:57,629][com.java.SeleniumDriver] [  844] - <In Set values of the page>
[INFO ][2015-11-05 12:35:57,629][com.java.SeleniumDriver] [  847] - {Data Fields & Data Values Exist}
[INFO ][2015-11-05 12:35:57,629][com.java.SeleniumDriver] [  849] - --------------------------setting values-----------------------------
[INFO ][2015-11-05 12:35:57,629][com.java.SeleniumDriver] [  852] - Action Type : Enter
[INFO ][2015-11-05 12:35:57,630][com.java.TestType] [ 4413] - field = txtLocation
[INFO ][2015-11-05 12:35:57,630][com.java.TestType] [ 3780] - value = India
[INFO ][2015-11-05 12:36:07,169][com.java.SeleniumDriver] [  861] -  RESULT true
[INFO ][2015-11-05 12:36:07,170][com.java.SeleniumDriver] [ 1066] - ?   P A S S   ?
[INFO ][2015-11-05 12:36:07,170][com.java.SeleniumDriver] [  788] - ------------------------------------------
[INFO ][2015-11-05 12:36:07,170][com.java.SeleniumDriver] [  789] - Test case being Executed: 11
[INFO ][2015-11-05 12:36:07,170][com.java.SeleniumDriver] [  800] - Test step:15
[INFO ][2015-11-05 12:36:07,170][com.java.SeleniumDriver] [  812] - Datavalue is----------vltest.robot@valuelabs.com
[INFO ][2015-11-05 12:36:07,170][com.java.SeleniumDriver] [  836] - DataField : TXTtxtEMail
[INFO ][2015-11-05 12:36:07,170][com.java.SeleniumDriver] [  838] - DataValue : vltest.robot@valuelabs.com
[INFO ][2015-11-05 12:36:07,170][com.java.SeleniumDriver] [  844] - <In Set values of the page>
[INFO ][2015-11-05 12:36:07,170][com.java.SeleniumDriver] [  847] - {Data Fields & Data Values Exist}
[INFO ][2015-11-05 12:36:07,170][com.java.SeleniumDriver] [  849] - --------------------------setting values-----------------------------
[INFO ][2015-11-05 12:36:07,170][com.java.SeleniumDriver] [  852] - Action Type : Enter
[INFO ][2015-11-05 12:36:07,170][com.java.TestType] [ 4413] - field = txtEMail
[INFO ][2015-11-05 12:36:07,171][com.java.TestType] [ 3780] - value = vltest.robot@valuelabs.com
[INFO ][2015-11-05 12:36:10,101][com.java.SeleniumDriver] [  861] -  RESULT true
[INFO ][2015-11-05 12:36:10,101][com.java.SeleniumDriver] [ 1066] - ?   P A S S   ?
[INFO ][2015-11-05 12:36:10,101][com.java.SeleniumDriver] [  788] - ------------------------------------------
[INFO ][2015-11-05 12:36:10,101][com.java.SeleniumDriver] [  789] - Test case being Executed: 11
[INFO ][2015-11-05 12:36:10,101][com.java.SeleniumDriver] [  800] - Test step:16
[INFO ][2015-11-05 12:36:10,101][com.java.SeleniumDriver] [  812] - Datavalue is----------12345678901
[INFO ][2015-11-05 12:36:10,101][com.java.SeleniumDriver] [  836] - DataField : TXTtxtPhone
[INFO ][2015-11-05 12:36:10,101][com.java.SeleniumDriver] [  838] - DataValue : 12345678901
[INFO ][2015-11-05 12:36:10,101][com.java.SeleniumDriver] [  844] - <In Set values of the page>
[INFO ][2015-11-05 12:36:10,101][com.java.SeleniumDriver] [  847] - {Data Fields & Data Values Exist}
[INFO ][2015-11-05 12:36:10,101][com.java.SeleniumDriver] [  849] - --------------------------setting values-----------------------------
[INFO ][2015-11-05 12:36:10,102][com.java.SeleniumDriver] [  852] - Action Type : Enter
[INFO ][2015-11-05 12:36:10,102][com.java.TestType] [ 4413] - field = txtPhone
[INFO ][2015-11-05 12:36:10,102][com.java.TestType] [ 3780] - value = 12345678901
[INFO ][2015-11-05 12:36:12,848][com.java.SeleniumDriver] [  861] -  RESULT true
[INFO ][2015-11-05 12:36:12,848][com.java.SeleniumDriver] [ 1066] - ?   P A S S   ?
[INFO ][2015-11-05 12:36:12,848][com.java.SeleniumDriver] [  788] - ------------------------------------------
[INFO ][2015-11-05 12:36:12,848][com.java.SeleniumDriver] [  789] - Test case being Executed: 11
[INFO ][2015-11-05 12:36:12,848][com.java.SeleniumDriver] [  800] - Test step:17
[INFO ][2015-11-05 12:36:12,848][com.java.SeleniumDriver] [  812] - Datavalue is----------dt:NewUserPswd
[INFO ][2015-11-05 12:36:12,848][com.java.SeleniumDriver] [  836] - DataField : TXTtxtPassword
[INFO ][2015-11-05 12:36:12,848][com.java.SeleniumDriver] [  838] - DataValue : dt:NewUserPswd
[INFO ][2015-11-05 12:36:12,848][com.java.SeleniumDriver] [  844] - <In Set values of the page>
[INFO ][2015-11-05 12:36:12,848][com.java.SeleniumDriver] [  847] - {Data Fields & Data Values Exist}
[INFO ][2015-11-05 12:36:12,848][com.java.SeleniumDriver] [  849] - --------------------------setting values-----------------------------
[INFO ][2015-11-05 12:36:12,848][com.java.SeleniumDriver] [  852] - Action Type : Enter
[INFO ][2015-11-05 12:36:12,849][com.java.TestType] [ 4413] - field = txtPassword
[INFO ][2015-11-05 12:36:12,849][com.java.TestType] [ 3780] - value = Password1*
[INFO ][2015-11-05 12:36:15,795][com.java.SeleniumDriver] [  861] -  RESULT true
[INFO ][2015-11-05 12:36:15,795][com.java.SeleniumDriver] [ 1066] - ?   P A S S   ?
[INFO ][2015-11-05 12:36:15,795][com.java.SeleniumDriver] [  788] - ------------------------------------------
[INFO ][2015-11-05 12:36:15,795][com.java.SeleniumDriver] [  789] - Test case being Executed: 11
[INFO ][2015-11-05 12:36:15,795][com.java.SeleniumDriver] [  800] - Test step:18
[INFO ][2015-11-05 12:36:15,795][com.java.SeleniumDriver] [  812] - Datavalue is----------dt:NewUserPswd
[INFO ][2015-11-05 12:36:15,795][com.java.SeleniumDriver] [  836] - DataField : TXTtxtPasswordConfirm
[INFO ][2015-11-05 12:36:15,795][com.java.SeleniumDriver] [  838] - DataValue : dt:NewUserPswd
[INFO ][2015-11-05 12:36:15,795][com.java.SeleniumDriver] [  844] - <In Set values of the page>
[INFO ][2015-11-05 12:36:15,795][com.java.SeleniumDriver] [  847] - {Data Fields & Data Values Exist}
[INFO ][2015-11-05 12:36:15,795][com.java.SeleniumDriver] [  849] - --------------------------setting values-----------------------------
[INFO ][2015-11-05 12:36:15,796][com.java.SeleniumDriver] [  852] - Action Type : Enter
[INFO ][2015-11-05 12:36:15,796][com.java.TestType] [ 4413] - field = txtPasswordConfirm
[INFO ][2015-11-05 12:36:15,796][com.java.TestType] [ 3780] - value = Password1*
[INFO ][2015-11-05 12:36:18,745][com.java.SeleniumDriver] [  861] -  RESULT true
[INFO ][2015-11-05 12:36:18,745][com.java.SeleniumDriver] [ 1066] - ?   P A S S   ?
[INFO ][2015-11-05 12:36:18,745][com.java.SeleniumDriver] [  788] - ------------------------------------------
[INFO ][2015-11-05 12:36:18,747][com.java.SeleniumDriver] [  789] - Test case being Executed: 11
[INFO ][2015-11-05 12:36:18,747][com.java.SeleniumDriver] [  800] - Test step:19
[INFO ][2015-11-05 12:36:18,747][com.java.SeleniumDriver] [  812] - Datavalue is----------null
[DEBUG][2015-11-05 12:36:18,747][com.java.SeleniumDriver] [  830] - Exception: null
[INFO ][2015-11-05 12:36:18,747][com.java.SeleniumDriver] [  836] - DataField : BTNparent
[INFO ][2015-11-05 12:36:18,747][com.java.SeleniumDriver] [  838] - DataValue : 
[INFO ][2015-11-05 12:36:18,747][com.java.SeleniumDriver] [  844] - <In Set values of the page>
[INFO ][2015-11-05 12:36:18,747][com.java.SeleniumDriver] [  847] - {Data Fields & Data Values Exist}
[INFO ][2015-11-05 12:36:18,747][com.java.SeleniumDriver] [  849] - --------------------------setting values-----------------------------
[INFO ][2015-11-05 12:36:18,747][com.java.SeleniumDriver] [  852] - Action Type : SelectFrame
[INFO ][2015-11-05 12:36:18,760][com.java.SeleniumDriver] [  861] -  RESULT true
[INFO ][2015-11-05 12:36:18,760][com.java.SeleniumDriver] [ 1066] - ?   P A S S   ?
[INFO ][2015-11-05 12:36:18,760][com.java.SeleniumDriver] [  788] - ------------------------------------------
[INFO ][2015-11-05 12:36:18,760][com.java.SeleniumDriver] [  789] - Test case being Executed: 11
[INFO ][2015-11-05 12:36:18,760][com.java.SeleniumDriver] [  800] - Test step:20
[INFO ][2015-11-05 12:36:18,760][com.java.SeleniumDriver] [  812] - Datavalue is----------5
[INFO ][2015-11-05 12:36:18,760][com.java.SeleniumDriver] [  836] - DataField : test
[INFO ][2015-11-05 12:36:18,760][com.java.SeleniumDriver] [  838] - DataValue : 5
[INFO ][2015-11-05 12:36:18,761][com.java.SeleniumDriver] [  844] - <In Set values of the page>
[INFO ][2015-11-05 12:36:18,761][com.java.SeleniumDriver] [  847] - {Data Fields & Data Values Exist}
[INFO ][2015-11-05 12:36:18,761][com.java.SeleniumDriver] [  849] - --------------------------setting values-----------------------------
[INFO ][2015-11-05 12:36:18,761][com.java.SeleniumDriver] [  852] - Action Type : WaitTime
[DEBUG][2015-11-05 12:36:18,761][com.java.TestType] [ 3679] - sleepTime: 5000
[INFO ][2015-11-05 12:36:23,761][com.java.SeleniumDriver] [  861] -  RESULT true
[INFO ][2015-11-05 12:36:23,761][com.java.SeleniumDriver] [ 1066] - ?   P A S S   ?
[INFO ][2015-11-05 12:36:23,761][com.java.SeleniumDriver] [  788] - ------------------------------------------
[INFO ][2015-11-05 12:36:23,761][com.java.SeleniumDriver] [  789] - Test case being Executed: 11
[INFO ][2015-11-05 12:36:23,761][com.java.SeleniumDriver] [  800] - Test step:21
[INFO ][2015-11-05 12:36:23,761][com.java.SeleniumDriver] [  812] - Datavalue is----------null
[DEBUG][2015-11-05 12:36:23,761][com.java.SeleniumDriver] [  830] - Exception: null
[INFO ][2015-11-05 12:36:23,761][com.java.SeleniumDriver] [  836] - DataField : XPH//span[contains(text(), 'Finished')]
[INFO ][2015-11-05 12:36:23,761][com.java.SeleniumDriver] [  838] - DataValue : 
[INFO ][2015-11-05 12:36:23,761][com.java.SeleniumDriver] [  844] - <In Set values of the page>
[INFO ][2015-11-05 12:36:23,761][com.java.SeleniumDriver] [  847] - {Data Fields & Data Values Exist}
[INFO ][2015-11-05 12:36:23,761][com.java.SeleniumDriver] [  849] - --------------------------setting values-----------------------------
[INFO ][2015-11-05 12:36:23,762][com.java.SeleniumDriver] [  852] - Action Type : Click
[INFO ][2015-11-05 12:36:23,762][com.java.TestType] [ 4093] - Field ::XPH//span[contains(text(), 'Finished')]
[INFO ][2015-11-05 12:36:24,762][com.java.TestType] [ 4152] - BEFORE CLICK
[INFO ][2015-11-05 12:36:25,746][com.java.TestType] [ 4160] - Unable to click the object Finished button
[INFO ][2015-11-05 12:36:25,746][com.java.SeleniumDriver] [  861] -  RESULT true
[INFO ][2015-11-05 12:36:25,746][com.java.SeleniumDriver] [ 1066] - ?   P A S S   ?
[INFO ][2015-11-05 12:36:25,746][com.java.SeleniumDriver] [  788] - ------------------------------------------
[INFO ][2015-11-05 12:36:25,746][com.java.SeleniumDriver] [  789] - Test case being Executed: 11
[INFO ][2015-11-05 12:36:25,746][com.java.SeleniumDriver] [  800] - Test step:22
[INFO ][2015-11-05 12:36:25,746][com.java.SeleniumDriver] [  812] - Datavalue is----------null
[DEBUG][2015-11-05 12:36:25,746][com.java.SeleniumDriver] [  830] - Exception: null
[INFO ][2015-11-05 12:36:25,746][com.java.SeleniumDriver] [  836] - DataField : XPH//span[contains(text(), 'Finished')]
[INFO ][2015-11-05 12:36:25,746][com.java.SeleniumDriver] [  838] - DataValue : 
[INFO ][2015-11-05 12:36:25,746][com.java.SeleniumDriver] [  844] - <In Set values of the page>
[INFO ][2015-11-05 12:36:25,746][com.java.SeleniumDriver] [  847] - {Data Fields & Data Values Exist}
[INFO ][2015-11-05 12:36:25,747][com.java.SeleniumDriver] [  849] - --------------------------setting values-----------------------------
[INFO ][2015-11-05 12:36:25,747][com.java.SeleniumDriver] [  852] - Action Type : WaitForElement
[INFO ][2015-11-05 12:36:26,222][com.java.SeleniumDriver] [  861] -  RESULT true
[INFO ][2015-11-05 12:36:26,222][com.java.SeleniumDriver] [ 1066] - ?   P A S S   ?
[INFO ][2015-11-05 12:36:26,222][com.java.SeleniumDriver] [  788] - ------------------------------------------
[INFO ][2015-11-05 12:36:26,222][com.java.SeleniumDriver] [  789] - Test case being Executed: 11
[INFO ][2015-11-05 12:36:26,222][com.java.SeleniumDriver] [  800] - Test step:23
[INFO ][2015-11-05 12:36:26,222][com.java.SeleniumDriver] [  812] - Datavalue is----------null
[DEBUG][2015-11-05 12:36:26,222][com.java.SeleniumDriver] [  830] - Exception: null
[INFO ][2015-11-05 12:36:26,222][com.java.SeleniumDriver] [  836] - DataField : BTNframeDialogContent
[INFO ][2015-11-05 12:36:26,223][com.java.SeleniumDriver] [  838] - DataValue : 
[INFO ][2015-11-05 12:36:26,223][com.java.SeleniumDriver] [  844] - <In Set values of the page>
[INFO ][2015-11-05 12:36:26,223][com.java.SeleniumDriver] [  847] - {Data Fields & Data Values Exist}
[INFO ][2015-11-05 12:36:26,223][com.java.SeleniumDriver] [  849] - --------------------------setting values-----------------------------
[INFO ][2015-11-05 12:36:26,223][com.java.SeleniumDriver] [  852] - Action Type : SelectFrame
[INFO ][2015-11-05 12:36:27,510][com.java.SeleniumDriver] [  861] -  RESULT true
[INFO ][2015-11-05 12:36:27,510][com.java.SeleniumDriver] [ 1066] - ?   P A S S   ?
[INFO ][2015-11-05 12:36:27,510][com.java.SeleniumDriver] [  788] - ------------------------------------------
[INFO ][2015-11-05 12:36:27,510][com.java.SeleniumDriver] [  789] - Test case being Executed: 11
[INFO ][2015-11-05 12:36:27,510][com.java.SeleniumDriver] [  800] - Test step:24
[INFO ][2015-11-05 12:36:27,511][com.java.SeleniumDriver] [  812] - Datavalue is----------null
[DEBUG][2015-11-05 12:36:27,512][com.java.SeleniumDriver] [  830] - Exception: null
[INFO ][2015-11-05 12:36:27,512][com.java.SeleniumDriver] [  836] - DataField : BTNchkGlobalPrivsUserAdmin
[INFO ][2015-11-05 12:36:27,512][com.java.SeleniumDriver] [  838] - DataValue : 
[INFO ][2015-11-05 12:36:27,512][com.java.SeleniumDriver] [  844] - <In Set values of the page>
[INFO ][2015-11-05 12:36:27,512][com.java.SeleniumDriver] [  847] - {Data Fields & Data Values Exist}
[INFO ][2015-11-05 12:36:27,512][com.java.SeleniumDriver] [  849] - --------------------------setting values-----------------------------
[INFO ][2015-11-05 12:36:27,512][com.java.SeleniumDriver] [  852] - Action Type : Click
[INFO ][2015-11-05 12:36:27,512][com.java.TestType] [ 4093] - Field ::BTNchkGlobalPrivsUserAdmin
[INFO ][2015-11-05 12:36:28,512][com.java.TestType] [ 4131] - BEFORE CLICK
[INFO ][2015-11-05 12:36:29,867][com.java.TestType] [ 4138] - Unable to click the object User Admin check box
[INFO ][2015-11-05 12:36:29,867][com.java.SeleniumDriver] [  861] -  RESULT true
[INFO ][2015-11-05 12:36:29,867][com.java.SeleniumDriver] [ 1066] - ?   P A S S   ?
[INFO ][2015-11-05 12:36:29,867][com.java.SeleniumDriver] [  788] - ------------------------------------------
[INFO ][2015-11-05 12:36:29,867][com.java.SeleniumDriver] [  789] - Test case being Executed: 11
[INFO ][2015-11-05 12:36:29,867][com.java.SeleniumDriver] [  800] - Test step:25
[INFO ][2015-11-05 12:36:29,867][com.java.SeleniumDriver] [  812] - Datavalue is----------null
[DEBUG][2015-11-05 12:36:29,867][com.java.SeleniumDriver] [  830] - Exception: null
[INFO ][2015-11-05 12:36:29,867][com.java.SeleniumDriver] [  836] - DataField : BTNrdoEnableEntity_Enable
[INFO ][2015-11-05 12:36:29,867][com.java.SeleniumDriver] [  838] - DataValue : 
[INFO ][2015-11-05 12:36:29,867][com.java.SeleniumDriver] [  844] - <In Set values of the page>
[INFO ][2015-11-05 12:36:29,867][com.java.SeleniumDriver] [  847] - {Data Fields & Data Values Exist}
[INFO ][2015-11-05 12:36:29,867][com.java.SeleniumDriver] [  849] - --------------------------setting values-----------------------------
[INFO ][2015-11-05 12:36:29,868][com.java.SeleniumDriver] [  852] - Action Type : Click
[INFO ][2015-11-05 12:36:29,868][com.java.TestType] [ 4093] - Field ::BTNrdoEnableEntity_Enable
[INFO ][2015-11-05 12:36:30,868][com.java.TestType] [ 4131] - BEFORE CLICK
[INFO ][2015-11-05 12:36:32,212][com.java.TestType] [ 4138] - Unable to click the object Enable radio button
[INFO ][2015-11-05 12:36:32,212][com.java.SeleniumDriver] [  861] -  RESULT true
[INFO ][2015-11-05 12:36:32,212][com.java.SeleniumDriver] [ 1066] - ?   P A S S   ?
[INFO ][2015-11-05 12:36:32,212][com.java.SeleniumDriver] [  788] - ------------------------------------------
[INFO ][2015-11-05 12:36:32,212][com.java.SeleniumDriver] [  789] - Test case being Executed: 11
[INFO ][2015-11-05 12:36:32,212][com.java.SeleniumDriver] [  800] - Test step:26
[INFO ][2015-11-05 12:36:32,212][com.java.SeleniumDriver] [  812] - Datavalue is----------null
[DEBUG][2015-11-05 12:36:32,212][com.java.SeleniumDriver] [  830] - Exception: null
[INFO ][2015-11-05 12:36:32,212][com.java.SeleniumDriver] [  836] - DataField : BTNchkProfitCenterAll
[INFO ][2015-11-05 12:36:32,212][com.java.SeleniumDriver] [  838] - DataValue : 
[INFO ][2015-11-05 12:36:32,212][com.java.SeleniumDriver] [  844] - <In Set values of the page>
[INFO ][2015-11-05 12:36:32,213][com.java.SeleniumDriver] [  847] - {Data Fields & Data Values Exist}
[INFO ][2015-11-05 12:36:32,213][com.java.SeleniumDriver] [  849] - --------------------------setting values-----------------------------
[INFO ][2015-11-05 12:36:32,213][com.java.SeleniumDriver] [  852] - Action Type : Click
[INFO ][2015-11-05 12:36:32,213][com.java.TestType] [ 4093] - Field ::BTNchkProfitCenterAll
[INFO ][2015-11-05 12:36:33,213][com.java.TestType] [ 4131] - BEFORE CLICK
[INFO ][2015-11-05 12:36:34,544][com.java.TestType] [ 4138] - Unable to click the object All Check box
[INFO ][2015-11-05 12:36:34,544][com.java.SeleniumDriver] [  861] -  RESULT true
[INFO ][2015-11-05 12:36:34,544][com.java.SeleniumDriver] [ 1066] - ?   P A S S   ?
[INFO ][2015-11-05 12:36:34,544][com.java.SeleniumDriver] [  788] - ------------------------------------------
[INFO ][2015-11-05 12:36:34,544][com.java.SeleniumDriver] [  789] - Test case being Executed: 11
[INFO ][2015-11-05 12:36:34,544][com.java.SeleniumDriver] [  800] - Test step:27
[INFO ][2015-11-05 12:36:34,544][com.java.SeleniumDriver] [  812] - Datavalue is----------null
[DEBUG][2015-11-05 12:36:34,544][com.java.SeleniumDriver] [  830] - Exception: null
[INFO ][2015-11-05 12:36:34,544][com.java.SeleniumDriver] [  836] - DataField : BTNchkPrivsAccessGL
[INFO ][2015-11-05 12:36:34,545][com.java.SeleniumDriver] [  838] - DataValue : 
[INFO ][2015-11-05 12:36:34,545][com.java.SeleniumDriver] [  844] - <In Set values of the page>
[INFO ][2015-11-05 12:36:34,545][com.java.SeleniumDriver] [  847] - {Data Fields & Data Values Exist}
[INFO ][2015-11-05 12:36:34,545][com.java.SeleniumDriver] [  849] - --------------------------setting values-----------------------------
[INFO ][2015-11-05 12:36:34,545][com.java.SeleniumDriver] [  852] - Action Type : Click
[INFO ][2015-11-05 12:36:34,545][com.java.TestType] [ 4093] - Field ::BTNchkPrivsAccessGL
[INFO ][2015-11-05 12:36:35,545][com.java.TestType] [ 4131] - BEFORE CLICK
[INFO ][2015-11-05 12:36:36,873][com.java.TestType] [ 4138] - Unable to click the object GL check box
[INFO ][2015-11-05 12:36:36,873][com.java.SeleniumDriver] [  861] -  RESULT true
[INFO ][2015-11-05 12:36:36,873][com.java.SeleniumDriver] [ 1066] - ?   P A S S   ?
[INFO ][2015-11-05 12:36:36,873][com.java.SeleniumDriver] [  788] - ------------------------------------------
[INFO ][2015-11-05 12:36:36,873][com.java.SeleniumDriver] [  789] - Test case being Executed: 11
[INFO ][2015-11-05 12:36:36,873][com.java.SeleniumDriver] [  800] - Test step:28
[INFO ][2015-11-05 12:36:36,873][com.java.SeleniumDriver] [  812] - Datavalue is----------null
[DEBUG][2015-11-05 12:36:36,873][com.java.SeleniumDriver] [  830] - Exception: null
[INFO ][2015-11-05 12:36:36,873][com.java.SeleniumDriver] [  836] - DataField : BTNparent
[INFO ][2015-11-05 12:36:36,873][com.java.SeleniumDriver] [  838] - DataValue : 
[INFO ][2015-11-05 12:36:36,873][com.java.SeleniumDriver] [  844] - <In Set values of the page>
[INFO ][2015-11-05 12:36:36,873][com.java.SeleniumDriver] [  847] - {Data Fields & Data Values Exist}
[INFO ][2015-11-05 12:36:36,874][com.java.SeleniumDriver] [  849] - --------------------------setting values-----------------------------
[INFO ][2015-11-05 12:36:36,874][com.java.SeleniumDriver] [  852] - Action Type : SelectFrame
[INFO ][2015-11-05 12:36:36,886][com.java.SeleniumDriver] [  861] -  RESULT true
[INFO ][2015-11-05 12:36:36,886][com.java.SeleniumDriver] [ 1066] - ?   P A S S   ?
[INFO ][2015-11-05 12:36:36,886][com.java.SeleniumDriver] [  788] - ------------------------------------------
[INFO ][2015-11-05 12:36:36,886][com.java.SeleniumDriver] [  789] - Test case being Executed: 11
[INFO ][2015-11-05 12:36:36,886][com.java.SeleniumDriver] [  800] - Test step:29
[INFO ][2015-11-05 12:36:36,886][com.java.SeleniumDriver] [  812] - Datavalue is----------5
[INFO ][2015-11-05 12:36:36,886][com.java.SeleniumDriver] [  836] - DataField : test
[INFO ][2015-11-05 12:36:36,886][com.java.SeleniumDriver] [  838] - DataValue : 5
[INFO ][2015-11-05 12:36:36,886][com.java.SeleniumDriver] [  844] - <In Set values of the page>
[INFO ][2015-11-05 12:36:36,886][com.java.SeleniumDriver] [  847] - {Data Fields & Data Values Exist}
[INFO ][2015-11-05 12:36:36,886][com.java.SeleniumDriver] [  849] - --------------------------setting values-----------------------------
[INFO ][2015-11-05 12:36:36,886][com.java.SeleniumDriver] [  852] - Action Type : WaitTime
[DEBUG][2015-11-05 12:36:36,886][com.java.TestType] [ 3679] - sleepTime: 5000
[INFO ][2015-11-05 12:36:41,888][com.java.SeleniumDriver] [  861] -  RESULT true
[INFO ][2015-11-05 12:36:41,888][com.java.SeleniumDriver] [ 1066] - ?   P A S S   ?
[INFO ][2015-11-05 12:36:41,888][com.java.SeleniumDriver] [  788] - ------------------------------------------
[INFO ][2015-11-05 12:36:41,888][com.java.SeleniumDriver] [  789] - Test case being Executed: 11
[INFO ][2015-11-05 12:36:41,888][com.java.SeleniumDriver] [  800] - Test step:30
[INFO ][2015-11-05 12:36:41,888][com.java.SeleniumDriver] [  812] - Datavalue is----------null
[DEBUG][2015-11-05 12:36:41,888][com.java.SeleniumDriver] [  830] - Exception: null
[INFO ][2015-11-05 12:36:41,888][com.java.SeleniumDriver] [  836] - DataField : XPH//span[contains(text(), 'Finished')]
[INFO ][2015-11-05 12:36:41,888][com.java.SeleniumDriver] [  838] - DataValue : 
[INFO ][2015-11-05 12:36:41,888][com.java.SeleniumDriver] [  844] - <In Set values of the page>
[INFO ][2015-11-05 12:36:41,888][com.java.SeleniumDriver] [  847] - {Data Fields & Data Values Exist}
[INFO ][2015-11-05 12:36:41,888][com.java.SeleniumDriver] [  849] - --------------------------setting values-----------------------------
[INFO ][2015-11-05 12:36:41,889][com.java.SeleniumDriver] [  852] - Action Type : Click
[INFO ][2015-11-05 12:36:41,889][com.java.TestType] [ 4093] - Field ::XPH//span[contains(text(), 'Finished')]
[INFO ][2015-11-05 12:36:42,889][com.java.TestType] [ 4152] - BEFORE CLICK
[INFO ][2015-11-05 12:36:49,670][com.java.TestType] [ 4160] - Unable to click the object Finished button
[INFO ][2015-11-05 12:36:49,670][com.java.SeleniumDriver] [  861] -  RESULT true
[INFO ][2015-11-05 12:36:49,670][com.java.SeleniumDriver] [ 1066] - ?   P A S S   ?
[INFO ][2015-11-05 12:36:49,670][com.java.SeleniumDriver] [  788] - ------------------------------------------
[INFO ][2015-11-05 12:36:49,670][com.java.SeleniumDriver] [  789] - Test case being Executed: 11
[INFO ][2015-11-05 12:36:49,670][com.java.SeleniumDriver] [  800] - Test step:31
[INFO ][2015-11-05 12:36:49,670][com.java.SeleniumDriver] [  812] - Datavalue is----------5
[INFO ][2015-11-05 12:36:49,670][com.java.SeleniumDriver] [  836] - DataField : BTNframeDialogContent
[INFO ][2015-11-05 12:36:49,670][com.java.SeleniumDriver] [  838] - DataValue : 5
[INFO ][2015-11-05 12:36:49,670][com.java.SeleniumDriver] [  844] - <In Set values of the page>
[INFO ][2015-11-05 12:36:49,670][com.java.SeleniumDriver] [  847] - {Data Fields & Data Values Exist}
[INFO ][2015-11-05 12:36:49,670][com.java.SeleniumDriver] [  849] - --------------------------setting values-----------------------------
[INFO ][2015-11-05 12:36:49,671][com.java.SeleniumDriver] [  852] - Action Type : WaitForElement
[INFO ][2015-11-05 12:36:50,891][com.java.SeleniumDriver] [  861] -  RESULT true
[INFO ][2015-11-05 12:36:50,891][com.java.SeleniumDriver] [ 1066] - ?   P A S S   ?
[INFO ][2015-11-05 12:36:50,891][com.java.SeleniumDriver] [  788] - ------------------------------------------
[INFO ][2015-11-05 12:36:50,891][com.java.SeleniumDriver] [  789] - Test case being Executed: 11
[INFO ][2015-11-05 12:36:50,891][com.java.SeleniumDriver] [  800] - Test step:32
[INFO ][2015-11-05 12:36:50,891][com.java.SeleniumDriver] [  812] - Datavalue is----------null
[DEBUG][2015-11-05 12:36:50,891][com.java.SeleniumDriver] [  830] - Exception: null
[INFO ][2015-11-05 12:36:50,891][com.java.SeleniumDriver] [  836] - DataField : BTNframeDialogContent
[INFO ][2015-11-05 12:36:50,892][com.java.SeleniumDriver] [  838] - DataValue : 
[INFO ][2015-11-05 12:36:50,892][com.java.SeleniumDriver] [  844] - <In Set values of the page>
[INFO ][2015-11-05 12:36:50,892][com.java.SeleniumDriver] [  847] - {Data Fields & Data Values Exist}
[INFO ][2015-11-05 12:36:50,892][com.java.SeleniumDriver] [  849] - --------------------------setting values-----------------------------
[INFO ][2015-11-05 12:36:50,892][com.java.SeleniumDriver] [  852] - Action Type : SelectFrame
[INFO ][2015-11-05 12:36:52,142][com.java.SeleniumDriver] [  861] -  RESULT true
[INFO ][2015-11-05 12:36:52,142][com.java.SeleniumDriver] [ 1066] - ?   P A S S   ?
[INFO ][2015-11-05 12:36:52,142][com.java.SeleniumDriver] [  788] - ------------------------------------------
[INFO ][2015-11-05 12:36:52,142][com.java.SeleniumDriver] [  789] - Test case being Executed: 11
[INFO ][2015-11-05 12:36:52,142][com.java.SeleniumDriver] [  800] - Test step:33
[INFO ][2015-11-05 12:36:52,142][com.java.SeleniumDriver] [  812] - Datavalue is----------null
[DEBUG][2015-11-05 12:36:52,142][com.java.SeleniumDriver] [  830] - Exception: null
[INFO ][2015-11-05 12:36:52,142][com.java.SeleniumDriver] [  836] - DataField : XPH//table[@id="tblUserListing"]//td[contains(text(),'vltest.robot')]
[INFO ][2015-11-05 12:36:52,142][com.java.SeleniumDriver] [  838] - DataValue : 
[INFO ][2015-11-05 12:36:52,143][com.java.SeleniumDriver] [  844] - <In Set values of the page>
[INFO ][2015-11-05 12:36:52,143][com.java.SeleniumDriver] [  847] - {Data Fields & Data Values Exist}
[INFO ][2015-11-05 12:36:52,143][com.java.SeleniumDriver] [  849] - --------------------------setting values-----------------------------
[INFO ][2015-11-05 12:36:52,143][com.java.SeleniumDriver] [  852] - Action Type : WaitForElement
[INFO ][2015-11-05 12:36:52,205][com.java.SeleniumDriver] [  861] -  RESULT true
[INFO ][2015-11-05 12:36:52,205][com.java.SeleniumDriver] [ 1066] - ?   P A S S   ?
[INFO ][2015-11-05 12:36:52,205][com.java.SeleniumDriver] [  788] - ------------------------------------------
[INFO ][2015-11-05 12:36:52,205][com.java.SeleniumDriver] [  789] - Test case being Executed: 11
[INFO ][2015-11-05 12:36:52,205][com.java.SeleniumDriver] [  800] - Test step:34
[INFO ][2015-11-05 12:36:52,205][com.java.SeleniumDriver] [  812] - Datavalue is----------dt:NewUserName
[INFO ][2015-11-05 12:36:52,205][com.java.SeleniumDriver] [  836] - DataField : USR
[INFO ][2015-11-05 12:36:52,205][com.java.SeleniumDriver] [  838] - DataValue : dt:NewUserName
[INFO ][2015-11-05 12:36:52,205][com.java.SeleniumDriver] [  844] - <In Set values of the page>
[INFO ][2015-11-05 12:36:52,205][com.java.SeleniumDriver] [  847] - {Data Fields & Data Values Exist}
[INFO ][2015-11-05 12:36:52,205][com.java.SeleniumDriver] [  849] - --------------------------setting values-----------------------------
[INFO ][2015-11-05 12:36:52,206][com.java.SeleniumDriver] [  852] - Action Type : Verify
[INFO ][2015-11-05 12:36:52,206][com.java.TestType] [ 4906] - field= USR value= dt:NewUserName
[INFO ][2015-11-05 12:36:52,206][com.java.TestType] [ 3780] - value = vltest.robot
[INFO ][2015-11-05 12:36:52,280][com.java.SeleniumDriver] [  861] -  RESULT true
[INFO ][2015-11-05 12:36:52,280][com.java.SeleniumDriver] [ 1066] - ?   P A S S   ?
[INFO ][2015-11-05 12:36:52,280][com.java.SeleniumDriver] [  788] - ------------------------------------------
[INFO ][2015-11-05 12:36:52,280][com.java.SeleniumDriver] [  789] - Test case being Executed: 11
[INFO ][2015-11-05 12:36:52,280][com.java.SeleniumDriver] [  800] - Test step:35
[INFO ][2015-11-05 12:36:52,280][com.java.SeleniumDriver] [  812] - Datavalue is----------Login_username
[INFO ][2015-11-05 12:36:52,280][com.java.SeleniumDriver] [  836] - DataField : XPH//table[@id="tblUserListing"]//td[contains(text(),'vltest.robot')]
[INFO ][2015-11-05 12:36:52,280][com.java.SeleniumDriver] [  838] - DataValue : Login_username
[INFO ][2015-11-05 12:36:52,280][com.java.SeleniumDriver] [  844] - <In Set values of the page>
[INFO ][2015-11-05 12:36:52,280][com.java.SeleniumDriver] [  847] - {Data Fields & Data Values Exist}
[INFO ][2015-11-05 12:36:52,281][com.java.SeleniumDriver] [  849] - --------------------------setting values-----------------------------
[INFO ][2015-11-05 12:36:52,281][com.java.SeleniumDriver] [  852] - Action Type : STOREVALUE
[INFO ][2015-11-05 12:36:52,281][com.java.TestType] [ 5840] - field= XPH//table[@id="tblUserListing"]//td[contains(text(),'vltest.robot')]
[DEBUG][2015-11-05 12:36:52,389][com.java.TestType] [ 5892] - Key:: Login_username   Value:: vltest.robot.03890
[INFO ][2015-11-05 12:36:52,389][com.java.SeleniumDriver] [  861] -  RESULT true
[INFO ][2015-11-05 12:36:52,389][com.java.SeleniumDriver] [ 1066] - ?   P A S S   ?
[INFO ][2015-11-05 12:36:52,389][com.java.SeleniumDriver] [  788] - ------------------------------------------
[INFO ][2015-11-05 12:36:52,389][com.java.SeleniumDriver] [  789] - Test case being Executed: 11
[INFO ][2015-11-05 12:36:52,389][com.java.SeleniumDriver] [  800] - Test step:36
[INFO ][2015-11-05 12:36:52,389][com.java.SeleniumDriver] [  812] - Datavalue is----------null
[DEBUG][2015-11-05 12:36:52,389][com.java.SeleniumDriver] [  830] - Exception: null
[INFO ][2015-11-05 12:36:52,389][com.java.SeleniumDriver] [  836] - DataField : BTNparent
[INFO ][2015-11-05 12:36:52,389][com.java.SeleniumDriver] [  838] - DataValue : 
[INFO ][2015-11-05 12:36:52,389][com.java.SeleniumDriver] [  844] - <In Set values of the page>
[INFO ][2015-11-05 12:36:52,389][com.java.SeleniumDriver] [  847] - {Data Fields & Data Values Exist}
[INFO ][2015-11-05 12:36:52,390][com.java.SeleniumDriver] [  849] - --------------------------setting values-----------------------------
[INFO ][2015-11-05 12:36:52,390][com.java.SeleniumDriver] [  852] - Action Type : SelectFrame
[INFO ][2015-11-05 12:36:52,402][com.java.SeleniumDriver] [  861] -  RESULT true
[INFO ][2015-11-05 12:36:52,402][com.java.SeleniumDriver] [ 1066] - ?   P A S S   ?
[INFO ][2015-11-05 12:36:52,402][com.java.SeleniumDriver] [  788] - ------------------------------------------
[INFO ][2015-11-05 12:36:52,402][com.java.SeleniumDriver] [  789] - Test case being Executed: 11
[INFO ][2015-11-05 12:36:52,402][com.java.SeleniumDriver] [  800] - Test step:37
[INFO ][2015-11-05 12:36:52,402][com.java.SeleniumDriver] [  812] - Datavalue is----------null
[DEBUG][2015-11-05 12:36:52,402][com.java.SeleniumDriver] [  830] - Exception: null
[INFO ][2015-11-05 12:36:52,402][com.java.SeleniumDriver] [  836] - DataField : XPH//span[contains(text(), 'Finished')]
[INFO ][2015-11-05 12:36:52,402][com.java.SeleniumDriver] [  838] - DataValue : 
[INFO ][2015-11-05 12:36:52,402][com.java.SeleniumDriver] [  844] - <In Set values of the page>
[INFO ][2015-11-05 12:36:52,402][com.java.SeleniumDriver] [  847] - {Data Fields & Data Values Exist}
[INFO ][2015-11-05 12:36:52,402][com.java.SeleniumDriver] [  849] - --------------------------setting values-----------------------------
[INFO ][2015-11-05 12:36:52,402][com.java.SeleniumDriver] [  852] - Action Type : Click
[INFO ][2015-11-05 12:36:52,403][com.java.TestType] [ 4093] - Field ::XPH//span[contains(text(), 'Finished')]
[INFO ][2015-11-05 12:36:53,403][com.java.TestType] [ 4152] - BEFORE CLICK
[INFO ][2015-11-05 12:36:54,522][com.java.TestType] [ 4160] - Unable to click the object Finished button
[INFO ][2015-11-05 12:36:54,522][com.java.SeleniumDriver] [  861] -  RESULT true
[INFO ][2015-11-05 12:36:54,522][com.java.SeleniumDriver] [ 1066] - ?   P A S S   ?
[INFO ][2015-11-05 12:36:54,522][com.java.SeleniumDriver] [  788] - ------------------------------------------
[INFO ][2015-11-05 12:36:54,522][com.java.SeleniumDriver] [  789] - Test case being Executed: 11
[INFO ][2015-11-05 12:36:54,522][com.java.SeleniumDriver] [  800] - Test step:38
[INFO ][2015-11-05 12:36:54,522][com.java.SeleniumDriver] [  812] - Datavalue is----------Concept#3:1-2
[INFO ][2015-11-05 12:36:54,522][com.java.SeleniumDriver] [  836] - DataField : test
[INFO ][2015-11-05 12:36:54,522][com.java.SeleniumDriver] [  838] - DataValue : Concept#3:1-2
[INFO ][2015-11-05 12:36:54,522][com.java.SeleniumDriver] [  844] - <In Set values of the page>
[INFO ][2015-11-05 12:36:54,522][com.java.SeleniumDriver] [  847] - {Data Fields & Data Values Exist}
[INFO ][2015-11-05 12:36:54,522][com.java.SeleniumDriver] [  849] - --------------------------setting values-----------------------------
[INFO ][2015-11-05 12:36:54,522][com.java.SeleniumDriver] [  852] - Action Type : ExecuteTestCase
[INFO ][2015-11-05 12:36:54,523][com.java.TestType] [  411] - The Concept sheet name is ---------- Concept
[INFO ][2015-11-05 12:36:54,523][com.java.TestType] [  414] - The Concept ID  is ---------- 3
[DEBUG][2015-11-05 12:36:54,523][com.java.TestType] [  418] - Steps being executted in the Concept are: 1:2
[INFO ][2015-11-05 12:36:54,523][com.java.TestType] [  425] - Test data details path ---------- D:\BankersDashboard\TestInputs\TestData.xls
[INFO ][2015-11-05 12:36:54,552][com.java.TestType] [  456] -  str(1) = 3
[INFO ][2015-11-05 12:36:54,552][com.java.TestType] [  459] - Test case Id is---3
[INFO ][2015-11-05 12:36:54,552][com.java.TestType] [  461] - 3
[INFO ][2015-11-05 12:36:54,552][com.java.TestType] [  456] -  str(2) = 1
[INFO ][2015-11-05 12:36:54,554][com.java.TestType] [  508] - row values are--------{1=com.java.Objects.TestDataDetails@167839e}
[INFO ][2015-11-05 12:36:54,554][com.java.TestType] [  456] -  str(1) = 3
[INFO ][2015-11-05 12:36:54,554][com.java.TestType] [  459] - Test case Id is---3
[INFO ][2015-11-05 12:36:54,554][com.java.TestType] [  461] - 3
[INFO ][2015-11-05 12:36:54,554][com.java.TestType] [  456] -  str(2) = 2
[INFO ][2015-11-05 12:36:54,555][com.java.TestType] [  508] - row values are--------{1=com.java.Objects.TestDataDetails@167839e, 2=com.java.Objects.TestDataDetails@5b2a9a}
[INFO ][2015-11-05 12:36:54,556][com.java.TestType] [ 7929] - Looping 1TCID = 3
[DEBUG][2015-11-05 12:36:54,556][com.java.TestType] [ 7970] - Concept ID:3 :: Step being Executed: 3::1
[INFO ][2015-11-05 12:36:54,556][com.java.TestType] [ 8008] - dataFields : test
[DEBUG][2015-11-05 12:36:54,556][com.java.TestType] [ 8014] - <In Set values of the page>
[DEBUG][2015-11-05 12:36:54,556][com.java.TestType] [ 8019] - {Data Fields & Data Values Exist}
[INFO ][2015-11-05 12:36:54,556][com.java.TestType] [ 8025] - --------------------------setting values-----------------------------
[INFO ][2015-11-05 12:36:54,556][com.java.TestType] [ 8028] - Action Type : Logout
[DEBUG][2015-11-05 12:37:04,209][com.java.SeleniumDriver] [  425] - Hub ip address is-------172.17.68.34
[INFO ][2015-11-05 12:37:04,209][com.java.SeleniumDriver] [  451] - Grid URL:http://172.17.68.34:4444/wd/hub
[INFO ][2015-11-05 12:37:04,209][com.java.SeleniumDriver] [  452] - Capability:Capabilities [{platform=ANY, ensureCleanSession=true, ignoreProtectedModeSettings=true, acceptSslCerts=true, ignoreZoomSetting=true, browserName=internet explorer, browserstack.ie.noFlash=true, version=Node1}]
[ERROR][2015-11-05 12:37:05,221][com.java.SeleniumDriver] [  496] - Unable invoke browser in grid:Could not start a new session. Possible causes are invalid address of the remote server or browser start-up failure.
Build info: version: '2.48.2', revision: '41bccdd', time: '2015-10-09 19:59:12'
System info: host: 'FVTIII438F1D', ip: '172.17.68.34', os.name: 'Windows 7', os.arch: 'x86', os.version: '6.1', java.version: '1.7.0_55'
Driver info: driver.version: SeleniumDriver
[INFO ][2015-11-05 12:37:05,221][com.java.SeleniumDriver] [  498] - Executing on local machine
[INFO ][2015-11-05 12:37:14,120][com.java.TestType] [ 8047] -  RESULT true
[INFO ][2015-11-05 12:37:14,120][com.java.TestType] [ 8164] - ?   P A S S   ?
[DEBUG][2015-11-05 12:37:14,120][com.java.TestType] [ 7970] - Concept ID:3 :: Step being Executed: 3::2
[INFO ][2015-11-05 12:37:14,120][com.java.TestType] [ 8008] - dataFields : test
[DEBUG][2015-11-05 12:37:14,120][com.java.TestType] [ 8014] - <In Set values of the page>
[DEBUG][2015-11-05 12:37:14,120][com.java.TestType] [ 8019] - {Data Fields & Data Values Exist}
[INFO ][2015-11-05 12:37:14,120][com.java.TestType] [ 8025] - --------------------------setting values-----------------------------
[INFO ][2015-11-05 12:37:14,120][com.java.TestType] [ 8028] - Action Type : WaitTime
[DEBUG][2015-11-05 12:37:14,120][com.java.TestType] [ 3679] - sleepTime: 2000
[INFO ][2015-11-05 12:37:16,120][com.java.TestType] [ 8047] -  RESULT true
[INFO ][2015-11-05 12:37:16,120][com.java.TestType] [ 8164] - ?   P A S S   ?
[INFO ][2015-11-05 12:37:16,120][com.java.TestType] [ 8235] - Looping End......
[INFO ][2015-11-05 12:37:16,124][com.java.SeleniumDriver] [  861] -  RESULT true
[INFO ][2015-11-05 12:37:16,124][com.java.SeleniumDriver] [ 1066] - ?   P A S S   ?
[INFO ][2015-11-05 12:37:16,124][com.java.SeleniumDriver] [  788] - ------------------------------------------
[INFO ][2015-11-05 12:37:16,124][com.java.SeleniumDriver] [  789] - Test case being Executed: 11
[INFO ][2015-11-05 12:37:16,124][com.java.SeleniumDriver] [  800] - Test step:39
[INFO ][2015-11-05 12:37:16,124][com.java.SeleniumDriver] [  812] - Datavalue is----------HMVLogin_username
[INFO ][2015-11-05 12:37:16,124][com.java.SeleniumDriver] [  836] - DataField : TXTusername
[INFO ][2015-11-05 12:37:16,124][com.java.SeleniumDriver] [  838] - DataValue : HMVLogin_username
[INFO ][2015-11-05 12:37:16,124][com.java.SeleniumDriver] [  844] - <In Set values of the page>
[INFO ][2015-11-05 12:37:16,124][com.java.SeleniumDriver] [  847] - {Data Fields & Data Values Exist}
[INFO ][2015-11-05 12:37:16,125][com.java.SeleniumDriver] [  849] - --------------------------setting values-----------------------------
[INFO ][2015-11-05 12:37:16,125][com.java.SeleniumDriver] [  852] - Action Type : CLEARANDENTER
[INFO ][2015-11-05 12:37:16,125][com.java.TestType] [ 3780] - value = vltest.robot.03890
[INFO ][2015-11-05 12:37:20,913][com.java.SeleniumDriver] [  861] -  RESULT true
[INFO ][2015-11-05 12:37:20,913][com.java.SeleniumDriver] [ 1066] - ?   P A S S   ?
[INFO ][2015-11-05 12:37:20,913][com.java.SeleniumDriver] [  788] - ------------------------------------------
[INFO ][2015-11-05 12:37:20,913][com.java.SeleniumDriver] [  789] - Test case being Executed: 11
[INFO ][2015-11-05 12:37:20,913][com.java.SeleniumDriver] [  800] - Test step:40
[INFO ][2015-11-05 12:37:20,913][com.java.SeleniumDriver] [  812] - Datavalue is----------dt:NewUserPswd
[INFO ][2015-11-05 12:37:20,913][com.java.SeleniumDriver] [  836] - DataField : TXTpassword
[INFO ][2015-11-05 12:37:20,913][com.java.SeleniumDriver] [  838] - DataValue : dt:NewUserPswd
[INFO ][2015-11-05 12:37:20,913][com.java.SeleniumDriver] [  844] - <In Set values of the page>
[INFO ][2015-11-05 12:37:20,913][com.java.SeleniumDriver] [  847] - {Data Fields & Data Values Exist}
[INFO ][2015-11-05 12:37:20,913][com.java.SeleniumDriver] [  849] - --------------------------setting values-----------------------------
[INFO ][2015-11-05 12:37:20,913][com.java.SeleniumDriver] [  852] - Action Type : CLEARANDENTER
[INFO ][2015-11-05 12:37:20,914][com.java.TestType] [ 3780] - value = Password1*
[INFO ][2015-11-05 12:37:25,816][com.java.SeleniumDriver] [  861] -  RESULT true
[INFO ][2015-11-05 12:37:25,816][com.java.SeleniumDriver] [ 1066] - ?   P A S S   ?
[INFO ][2015-11-05 12:37:25,816][com.java.SeleniumDriver] [  788] - ------------------------------------------
[INFO ][2015-11-05 12:37:25,816][com.java.SeleniumDriver] [  789] - Test case being Executed: 11
[INFO ][2015-11-05 12:37:25,816][com.java.SeleniumDriver] [  800] - Test step:41
[INFO ][2015-11-05 12:37:25,816][com.java.SeleniumDriver] [  812] - Datavalue is----------null
[DEBUG][2015-11-05 12:37:25,816][com.java.SeleniumDriver] [  830] - Exception: null
[INFO ][2015-11-05 12:37:25,816][com.java.SeleniumDriver] [  836] - DataField : XPH//button[@type='submit']
[INFO ][2015-11-05 12:37:25,817][com.java.SeleniumDriver] [  838] - DataValue : 
[INFO ][2015-11-05 12:37:25,817][com.java.SeleniumDriver] [  844] - <In Set values of the page>
[INFO ][2015-11-05 12:37:25,817][com.java.SeleniumDriver] [  847] - {Data Fields & Data Values Exist}
[INFO ][2015-11-05 12:37:25,817][com.java.SeleniumDriver] [  849] - --------------------------setting values-----------------------------
[INFO ][2015-11-05 12:37:25,817][com.java.SeleniumDriver] [  852] - Action Type : Click
[INFO ][2015-11-05 12:37:25,817][com.java.TestType] [ 4093] - Field ::XPH//button[@type='submit']
[INFO ][2015-11-05 12:37:26,817][com.java.TestType] [ 4152] - BEFORE CLICK
[INFO ][2015-11-05 12:37:27,641][com.java.TestType] [ 4160] - Unable to click the object Login
[INFO ][2015-11-05 12:37:27,641][com.java.SeleniumDriver] [  861] -  RESULT true
[INFO ][2015-11-05 12:37:27,641][com.java.SeleniumDriver] [ 1066] - ?   P A S S   ?
[INFO ][2015-11-05 12:37:27,641][com.java.SeleniumDriver] [  788] - ------------------------------------------
[INFO ][2015-11-05 12:37:27,641][com.java.SeleniumDriver] [  789] - Test case being Executed: 11
[INFO ][2015-11-05 12:37:27,641][com.java.SeleniumDriver] [  800] - Test step:42
[INFO ][2015-11-05 12:37:27,641][com.java.SeleniumDriver] [  812] - Datavalue is----------null
[DEBUG][2015-11-05 12:37:27,641][com.java.SeleniumDriver] [  830] - Exception: null
[INFO ][2015-11-05 12:37:27,641][com.java.SeleniumDriver] [  836] - DataField : test
[INFO ][2015-11-05 12:37:27,641][com.java.SeleniumDriver] [  838] - DataValue : 
[INFO ][2015-11-05 12:37:27,641][com.java.SeleniumDriver] [  844] - <In Set values of the page>
[INFO ][2015-11-05 12:37:27,641][com.java.SeleniumDriver] [  847] - {Data Fields & Data Values Exist}
[INFO ][2015-11-05 12:37:27,641][com.java.SeleniumDriver] [  849] - --------------------------setting values-----------------------------
[INFO ][2015-11-05 12:37:27,642][com.java.SeleniumDriver] [  852] - Action Type : WaitTime
[DEBUG][2015-11-05 12:37:27,642][com.java.TestType] [ 3679] - sleepTime: 10000
[INFO ][2015-11-05 12:37:37,644][com.java.SeleniumDriver] [  861] -  RESULT true
[INFO ][2015-11-05 12:37:37,644][com.java.SeleniumDriver] [ 1066] - ?   P A S S   ?
[INFO ][2015-11-05 12:37:37,644][com.java.SeleniumDriver] [  788] - ------------------------------------------
[INFO ][2015-11-05 12:37:37,644][com.java.SeleniumDriver] [  789] - Test case being Executed: 11
[INFO ][2015-11-05 12:37:37,644][com.java.SeleniumDriver] [  800] - Test step:43
[INFO ][2015-11-05 12:37:37,644][com.java.SeleniumDriver] [  812] - Datavalue is----------Banker'sDashboard
[INFO ][2015-11-05 12:37:37,644][com.java.SeleniumDriver] [  836] - DataField : TTL
[INFO ][2015-11-05 12:37:37,644][com.java.SeleniumDriver] [  838] - DataValue : Banker'sDashboard
[INFO ][2015-11-05 12:37:37,644][com.java.SeleniumDriver] [  844] - <In Set values of the page>
[INFO ][2015-11-05 12:37:37,645][com.java.SeleniumDriver] [  847] - {Data Fields & Data Values Exist}
[INFO ][2015-11-05 12:37:37,645][com.java.SeleniumDriver] [  849] - --------------------------setting values-----------------------------
[INFO ][2015-11-05 12:37:37,645][com.java.SeleniumDriver] [  852] - Action Type : SelectWindow
[INFO ][2015-11-05 12:37:50,220][com.java.SeleniumDriver] [  861] -  RESULT true
[INFO ][2015-11-05 12:37:50,220][com.java.SeleniumDriver] [ 1066] - ?   P A S S   ?
[INFO ][2015-11-05 12:37:50,220][com.java.SeleniumDriver] [  788] - ------------------------------------------
[INFO ][2015-11-05 12:37:50,220][com.java.SeleniumDriver] [  789] - Test case being Executed: 11
[INFO ][2015-11-05 12:37:50,220][com.java.SeleniumDriver] [  800] - Test step:44
[INFO ][2015-11-05 12:37:50,220][com.java.SeleniumDriver] [  812] - Datavalue is----------20
[INFO ][2015-11-05 12:37:50,220][com.java.SeleniumDriver] [  836] - DataField : test
[INFO ][2015-11-05 12:37:50,220][com.java.SeleniumDriver] [  838] - DataValue : 20
[INFO ][2015-11-05 12:37:50,220][com.java.SeleniumDriver] [  844] - <In Set values of the page>
[INFO ][2015-11-05 12:37:50,220][com.java.SeleniumDriver] [  847] - {Data Fields & Data Values Exist}
[INFO ][2015-11-05 12:37:50,220][com.java.SeleniumDriver] [  849] - --------------------------setting values-----------------------------
[INFO ][2015-11-05 12:37:50,220][com.java.SeleniumDriver] [  852] - Action Type : WaitTime
[DEBUG][2015-11-05 12:37:50,220][com.java.TestType] [ 3679] - sleepTime: 20000
[INFO ][2015-11-05 12:38:10,222][com.java.SeleniumDriver] [  861] -  RESULT true
[INFO ][2015-11-05 12:38:10,222][com.java.SeleniumDriver] [ 1066] - ?   P A S S   ?
[INFO ][2015-11-05 12:38:10,222][com.java.SeleniumDriver] [  788] - ------------------------------------------
[INFO ][2015-11-05 12:38:10,222][com.java.SeleniumDriver] [  789] - Test case being Executed: 11
[INFO ][2015-11-05 12:38:10,222][com.java.SeleniumDriver] [  800] - Test step:45
[INFO ][2015-11-05 12:38:10,222][com.java.SeleniumDriver] [  812] - Datavalue is----------null
[DEBUG][2015-11-05 12:38:10,222][com.java.SeleniumDriver] [  830] - Exception: null
[INFO ][2015-11-05 12:38:10,222][com.java.SeleniumDriver] [  836] - DataField : //span[@class='icon-cog2']&&User Settings
[INFO ][2015-11-05 12:38:10,222][com.java.SeleniumDriver] [  838] - DataValue : 
[INFO ][2015-11-05 12:38:10,222][com.java.SeleniumDriver] [  844] - <In Set values of the page>
[INFO ][2015-11-05 12:38:10,222][com.java.SeleniumDriver] [  847] - {Data Fields & Data Values Exist}
[INFO ][2015-11-05 12:38:10,222][com.java.SeleniumDriver] [  849] - --------------------------setting values-----------------------------
[INFO ][2015-11-05 12:38:10,223][com.java.SeleniumDriver] [  852] - Action Type : MouseOver
[INFO ][2015-11-05 12:38:46,923][com.java.SeleniumDriver] [  861] -  RESULT true
[INFO ][2015-11-05 12:38:46,923][com.java.SeleniumDriver] [ 1066] - ?   P A S S   ?
[INFO ][2015-11-05 12:38:46,923][com.java.SeleniumDriver] [  788] - ------------------------------------------
[INFO ][2015-11-05 12:38:46,923][com.java.SeleniumDriver] [  789] - Test case being Executed: 11
[INFO ][2015-11-05 12:38:46,923][com.java.SeleniumDriver] [  800] - Test step:46
[INFO ][2015-11-05 12:38:46,923][com.java.SeleniumDriver] [  812] - Datavalue is----------null
[DEBUG][2015-11-05 12:38:46,923][com.java.SeleniumDriver] [  830] - Exception: null
[INFO ][2015-11-05 12:38:46,923][com.java.SeleniumDriver] [  836] - DataField : BTNframeDialogContent
[INFO ][2015-11-05 12:38:46,923][com.java.SeleniumDriver] [  838] - DataValue : 
[INFO ][2015-11-05 12:38:46,923][com.java.SeleniumDriver] [  844] - <In Set values of the page>
[INFO ][2015-11-05 12:38:46,923][com.java.SeleniumDriver] [  847] - {Data Fields & Data Values Exist}
[INFO ][2015-11-05 12:38:46,923][com.java.SeleniumDriver] [  849] - --------------------------setting values-----------------------------
[INFO ][2015-11-05 12:38:46,924][com.java.SeleniumDriver] [  852] - Action Type : WaitForElement
[INFO ][2015-11-05 12:38:48,110][com.java.SeleniumDriver] [  861] -  RESULT true
[INFO ][2015-11-05 12:38:48,110][com.java.SeleniumDriver] [ 1066] - ?   P A S S   ?
[INFO ][2015-11-05 12:38:48,110][com.java.SeleniumDriver] [  788] - ------------------------------------------
[INFO ][2015-11-05 12:38:48,110][com.java.SeleniumDriver] [  789] - Test case being Executed: 11
[INFO ][2015-11-05 12:38:48,110][com.java.SeleniumDriver] [  800] - Test step:47
[INFO ][2015-11-05 12:38:48,110][com.java.SeleniumDriver] [  812] - Datavalue is----------frameDialogContent
[INFO ][2015-11-05 12:38:48,110][com.java.SeleniumDriver] [  836] - DataField : BTN
[INFO ][2015-11-05 12:38:48,110][com.java.SeleniumDriver] [  838] - DataValue : frameDialogContent
[INFO ][2015-11-05 12:38:48,110][com.java.SeleniumDriver] [  844] - <In Set values of the page>
[INFO ][2015-11-05 12:38:48,111][com.java.SeleniumDriver] [  847] - {Data Fields & Data Values Exist}
[INFO ][2015-11-05 12:38:48,111][com.java.SeleniumDriver] [  849] - --------------------------setting values-----------------------------
[INFO ][2015-11-05 12:38:48,111][com.java.SeleniumDriver] [  852] - Action Type : SELECTFRAMEBYNAME
[INFO ][2015-11-05 12:38:48,111][com.java.TestType] [ 3780] - value = frameDialogContent
[INFO ][2015-11-05 12:38:48,178][com.java.SeleniumDriver] [  861] -  RESULT true
[INFO ][2015-11-05 12:38:48,178][com.java.SeleniumDriver] [ 1066] - ?   P A S S   ?
[INFO ][2015-11-05 12:38:48,178][com.java.SeleniumDriver] [  788] - ------------------------------------------
[INFO ][2015-11-05 12:38:48,178][com.java.SeleniumDriver] [  789] - Test case being Executed: 11
[INFO ][2015-11-05 12:38:48,178][com.java.SeleniumDriver] [  800] - Test step:48
[INFO ][2015-11-05 12:38:48,178][com.java.SeleniumDriver] [  812] - Datavalue is----------No
[INFO ][2015-11-05 12:38:48,178][com.java.SeleniumDriver] [  836] - DataField : SLBddlOpenBDInNewWindow
[INFO ][2015-11-05 12:38:48,178][com.java.SeleniumDriver] [  838] - DataValue : No
[INFO ][2015-11-05 12:38:48,178][com.java.SeleniumDriver] [  844] - <In Set values of the page>
[INFO ][2015-11-05 12:38:48,178][com.java.SeleniumDriver] [  847] - {Data Fields & Data Values Exist}
[INFO ][2015-11-05 12:38:48,178][com.java.SeleniumDriver] [  849] - --------------------------setting values-----------------------------
[INFO ][2015-11-05 12:38:48,179][com.java.SeleniumDriver] [  852] - Action Type : Select
[INFO ][2015-11-05 12:38:48,179][com.java.TestType] [ 3780] - value = No
[INFO ][2015-11-05 12:38:50,452][com.java.SeleniumDriver] [  861] -  RESULT true
[INFO ][2015-11-05 12:38:50,452][com.java.SeleniumDriver] [ 1066] - ?   P A S S   ?
[INFO ][2015-11-05 12:38:50,452][com.java.SeleniumDriver] [  788] - ------------------------------------------
[INFO ][2015-11-05 12:38:50,452][com.java.SeleniumDriver] [  789] - Test case being Executed: 11
[INFO ][2015-11-05 12:38:50,452][com.java.SeleniumDriver] [  800] - Test step:49
[INFO ][2015-11-05 12:38:50,452][com.java.SeleniumDriver] [  812] - Datavalue is----------null
[DEBUG][2015-11-05 12:38:50,453][com.java.SeleniumDriver] [  830] - Exception: null
[INFO ][2015-11-05 12:38:50,454][com.java.SeleniumDriver] [  836] - DataField : BTNparent
[INFO ][2015-11-05 12:38:50,454][com.java.SeleniumDriver] [  838] - DataValue : 
[INFO ][2015-11-05 12:38:50,454][com.java.SeleniumDriver] [  844] - <In Set values of the page>
[INFO ][2015-11-05 12:38:50,454][com.java.SeleniumDriver] [  847] - {Data Fields & Data Values Exist}
[INFO ][2015-11-05 12:38:50,454][com.java.SeleniumDriver] [  849] - --------------------------setting values-----------------------------
[INFO ][2015-11-05 12:38:50,454][com.java.SeleniumDriver] [  852] - Action Type : SELECTFRAME
[INFO ][2015-11-05 12:38:50,467][com.java.SeleniumDriver] [  861] -  RESULT true
[INFO ][2015-11-05 12:38:50,467][com.java.SeleniumDriver] [ 1066] - ?   P A S S   ?
[INFO ][2015-11-05 12:38:50,467][com.java.SeleniumDriver] [  788] - ------------------------------------------
[INFO ][2015-11-05 12:38:50,467][com.java.SeleniumDriver] [  789] - Test case being Executed: 11
[INFO ][2015-11-05 12:38:50,467][com.java.SeleniumDriver] [  800] - Test step:50
[INFO ][2015-11-05 12:38:50,467][com.java.SeleniumDriver] [  812] - Datavalue is----------null
[DEBUG][2015-11-05 12:38:50,467][com.java.SeleniumDriver] [  830] - Exception: null
[INFO ][2015-11-05 12:38:50,467][com.java.SeleniumDriver] [  836] - DataField : BTN//span[text()='Finished']
[INFO ][2015-11-05 12:38:50,467][com.java.SeleniumDriver] [  838] - DataValue : 
[INFO ][2015-11-05 12:38:50,467][com.java.SeleniumDriver] [  844] - <In Set values of the page>
[INFO ][2015-11-05 12:38:50,467][com.java.SeleniumDriver] [  847] - {Data Fields & Data Values Exist}
[INFO ][2015-11-05 12:38:50,467][com.java.SeleniumDriver] [  849] - --------------------------setting values-----------------------------
[INFO ][2015-11-05 12:38:50,468][com.java.SeleniumDriver] [  852] - Action Type : Click
[INFO ][2015-11-05 12:38:50,468][com.java.TestType] [ 4093] - Field ::BTN//span[text()='Finished']
[INFO ][2015-11-05 12:38:51,468][com.java.TestType] [ 4131] - BEFORE CLICK
[INFO ][2015-11-05 12:38:51,776][com.java.TestType] [ 4138] - Unable to click the object Finished button
[INFO ][2015-11-05 12:38:51,776][com.java.SeleniumDriver] [  861] -  RESULT true
[INFO ][2015-11-05 12:38:51,776][com.java.SeleniumDriver] [ 1066] - ?   P A S S   ?
[INFO ][2015-11-05 12:38:51,776][com.java.SeleniumDriver] [  788] - ------------------------------------------
[INFO ][2015-11-05 12:38:51,776][com.java.SeleniumDriver] [  789] - Test case being Executed: 11
[INFO ][2015-11-05 12:38:51,776][com.java.SeleniumDriver] [  800] - Test step:51
[INFO ][2015-11-05 12:38:51,776][com.java.SeleniumDriver] [  812] - Datavalue is----------Logout
[INFO ][2015-11-05 12:38:51,776][com.java.SeleniumDriver] [  836] - DataField : LNK
[INFO ][2015-11-05 12:38:51,776][com.java.SeleniumDriver] [  838] - DataValue : Logout
[INFO ][2015-11-05 12:38:51,776][com.java.SeleniumDriver] [  844] - <In Set values of the page>
[INFO ][2015-11-05 12:38:51,776][com.java.SeleniumDriver] [  847] - {Data Fields & Data Values Exist}
[INFO ][2015-11-05 12:38:51,776][com.java.SeleniumDriver] [  849] - --------------------------setting values-----------------------------
[INFO ][2015-11-05 12:38:51,776][com.java.SeleniumDriver] [  852] - Action Type : Verify
[INFO ][2015-11-05 12:38:51,777][com.java.TestType] [ 4906] - field= LNK value= Logout
[INFO ][2015-11-05 12:38:51,777][com.java.TestType] [ 3780] - value = Logout
[INFO ][2015-11-05 12:38:51,839][com.java.SeleniumDriver] [  861] -  RESULT true
[INFO ][2015-11-05 12:38:51,839][com.java.SeleniumDriver] [ 1066] - ?   P A S S   ?
[INFO ][2015-11-05 12:38:51,839][com.java.SeleniumDriver] [  788] - ------------------------------------------
[INFO ][2015-11-05 12:38:51,839][com.java.SeleniumDriver] [  789] - Test case being Executed: 11
[INFO ][2015-11-05 12:38:51,839][com.java.SeleniumDriver] [  800] - Test step:52
[INFO ][2015-11-05 12:38:51,839][com.java.SeleniumDriver] [  812] - Datavalue is----------//img[contains(@src,'bdlogo.jpg')]
[INFO ][2015-11-05 12:38:51,839][com.java.SeleniumDriver] [  836] - DataField : BTN
[INFO ][2015-11-05 12:38:51,839][com.java.SeleniumDriver] [  838] - DataValue : //img[contains(@src,'bdlogo.jpg')]
[INFO ][2015-11-05 12:38:51,839][com.java.SeleniumDriver] [  844] - <In Set values of the page>
[INFO ][2015-11-05 12:38:51,839][com.java.SeleniumDriver] [  847] - {Data Fields & Data Values Exist}
[INFO ][2015-11-05 12:38:51,839][com.java.SeleniumDriver] [  849] - --------------------------setting values-----------------------------
[INFO ][2015-11-05 12:38:51,839][com.java.SeleniumDriver] [  852] - Action Type : Verify
[INFO ][2015-11-05 12:38:51,840][com.java.TestType] [ 4906] - field= BTN value= //img[contains(@src,'bdlogo.jpg')]
[INFO ][2015-11-05 12:38:51,840][com.java.TestType] [ 3780] - value = //img[contains(@src,'bdlogo.jpg')]
[INFO ][2015-11-05 12:38:51,963][com.java.SeleniumDriver] [  861] -  RESULT true
[INFO ][2015-11-05 12:38:51,963][com.java.SeleniumDriver] [ 1066] - ?   P A S S   ?
[INFO ][2015-11-05 12:38:51,963][com.java.SeleniumDriver] [  788] - ------------------------------------------
[INFO ][2015-11-05 12:38:51,963][com.java.SeleniumDriver] [  789] - Test case being Executed: 11
[INFO ][2015-11-05 12:38:51,963][com.java.SeleniumDriver] [  800] - Test step:53
[INFO ][2015-11-05 12:38:51,963][com.java.SeleniumDriver] [  812] - Datavalue is----------Concept#3:1-2
[INFO ][2015-11-05 12:38:51,963][com.java.SeleniumDriver] [  836] - DataField : test
[INFO ][2015-11-05 12:38:51,963][com.java.SeleniumDriver] [  838] - DataValue : Concept#3:1-2
[INFO ][2015-11-05 12:38:51,963][com.java.SeleniumDriver] [  844] - <In Set values of the page>
[INFO ][2015-11-05 12:38:51,963][com.java.SeleniumDriver] [  847] - {Data Fields & Data Values Exist}
[INFO ][2015-11-05 12:38:51,963][com.java.SeleniumDriver] [  849] - --------------------------setting values-----------------------------
[INFO ][2015-11-05 12:38:51,963][com.java.SeleniumDriver] [  852] - Action Type : ExecuteTestCase
[INFO ][2015-11-05 12:38:51,964][com.java.TestType] [  411] - The Concept sheet name is ---------- Concept
[INFO ][2015-11-05 12:38:51,964][com.java.TestType] [  414] - The Concept ID  is ---------- 3
[DEBUG][2015-11-05 12:38:51,964][com.java.TestType] [  418] - Steps being executted in the Concept are: 1:2
[INFO ][2015-11-05 12:38:51,964][com.java.TestType] [  425] - Test data details path ---------- D:\BankersDashboard\TestInputs\TestData.xls
[INFO ][2015-11-05 12:38:51,994][com.java.TestType] [  456] -  str(1) = 3
[INFO ][2015-11-05 12:38:51,994][com.java.TestType] [  459] - Test case Id is---3
[INFO ][2015-11-05 12:38:51,994][com.java.TestType] [  461] - 3
[INFO ][2015-11-05 12:38:51,994][com.java.TestType] [  456] -  str(2) = 1
[INFO ][2015-11-05 12:38:51,996][com.java.TestType] [  508] - row values are--------{1=com.java.Objects.TestDataDetails@1f3bbc4}
[INFO ][2015-11-05 12:38:51,996][com.java.TestType] [  456] -  str(1) = 3
[INFO ][2015-11-05 12:38:51,996][com.java.TestType] [  459] - Test case Id is---3
[INFO ][2015-11-05 12:38:51,996][com.java.TestType] [  461] - 3
[INFO ][2015-11-05 12:38:51,996][com.java.TestType] [  456] -  str(2) = 2
[INFO ][2015-11-05 12:38:51,997][com.java.TestType] [  508] - row values are--------{1=com.java.Objects.TestDataDetails@1f3bbc4, 2=com.java.Objects.TestDataDetails@1ea0da0}
[INFO ][2015-11-05 12:38:51,997][com.java.TestType] [ 7929] - Looping 1TCID = 3
[DEBUG][2015-11-05 12:38:51,997][com.java.TestType] [ 7970] - Concept ID:3 :: Step being Executed: 3::1
[INFO ][2015-11-05 12:38:51,997][com.java.TestType] [ 8008] - dataFields : test
[DEBUG][2015-11-05 12:38:51,997][com.java.TestType] [ 8014] - <In Set values of the page>
[DEBUG][2015-11-05 12:38:51,997][com.java.TestType] [ 8019] - {Data Fields & Data Values Exist}
[INFO ][2015-11-05 12:38:51,997][com.java.TestType] [ 8025] - --------------------------setting values-----------------------------
[INFO ][2015-11-05 12:38:51,997][com.java.TestType] [ 8028] - Action Type : Logout
[INFO ][2015-11-05 12:38:59,356][com.java.TestType] [ 8047] -  RESULT false
[INFO ][2015-11-05 12:38:59,356][com.java.TestType] [ 8085] - ?   F A I L   ?
[DEBUG][2015-11-05 12:38:59,356][com.java.TestType] [ 8088] - Browser Type : IE11
[INFO ][2015-11-05 12:38:59,360][com.java.SeleniumDriver] [  861] -  RESULT false
[INFO ][2015-11-05 12:38:59,360][com.java.SeleniumDriver] [  908] - ?   F A I L   ?
[INFO ][2015-11-05 12:38:59,360][com.java.SeleniumDriver] [  916] - Browser Type : IE11
[INFO ][2015-11-05 12:38:59,360][com.java.SeleniumDriver] [  917] - Adding Failed case11
[WARN ][2015-11-05 12:38:59,379][com.java.SeleniumDriver] [  976] - Source 'D:\BankersDashboard\TestReports\110515' exists but is a directory
[INFO ][2015-11-05 12:38:59,380][com.java.SeleniumDriver] [ 1030] - failedCases = 11
[ERROR][2015-11-05 12:38:59,380][com.java.SeleniumDriver] [ 1516] - Platform Errors : Our apologies...::We have encountered an issue with your request.::Our apologies?:We encountered an issue with your request.
[INFO ][2015-11-05 12:38:59,380][com.java.SeleniumDriver] [ 1520] - Length =3
[ERROR][2015-11-05 12:38:59,380][com.java.SeleniumDriver] [ 1523] - Error 0 = Our apologies...
[DEBUG][2015-11-05 12:38:59,393][com.java.SeleniumDriver] [ 1536] - Unable to get the Platform Error list from Hash Map.
[ERROR][2015-11-05 12:38:59,393][com.java.SeleniumDriver] [  270] - Browser crashed. Opening new browser with same capabilities
[ERROR][2015-11-05 12:38:59,394][com.java.SeleniumDriver] [  271] - Error:
java.lang.NullPointerException
	at com.java.SeleniumDriver.testInitiation(SeleniumDriver.java:1124)
	at com.java.SeleniumDriver.setup(SeleniumDriver.java:255)
	at com.java.ExecuteThread.run(CreateClient.java:688)
	at java.lang.Thread.run(Thread.java:745)
[DEBUG][2015-11-05 12:39:00,596][com.java.SeleniumDriver] [  425] - Hub ip address is-------172.17.68.34
[INFO ][2015-11-05 12:39:00,596][com.java.SeleniumDriver] [  451] - Grid URL:http://172.17.68.34:4444/wd/hub
[INFO ][2015-11-05 12:39:00,596][com.java.SeleniumDriver] [  452] - Capability:Capabilities [{platform=ANY, ensureCleanSession=true, ignoreProtectedModeSettings=true, acceptSslCerts=true, ignoreZoomSetting=true, browserName=internet explorer, browserstack.ie.noFlash=true, version=Node1}]
[ERROR][2015-11-05 12:39:01,609][com.java.SeleniumDriver] [  496] - Unable invoke browser in grid:Could not start a new session. Possible causes are invalid address of the remote server or browser start-up failure.
Build info: version: '2.48.2', revision: '41bccdd', time: '2015-10-09 19:59:12'
System info: host: 'FVTIII438F1D', ip: '172.17.68.34', os.name: 'Windows 7', os.arch: 'x86', os.version: '6.1', java.version: '1.7.0_55'
Driver info: driver.version: SeleniumDriver
[INFO ][2015-11-05 12:39:01,609][com.java.SeleniumDriver] [  498] - Executing on local machine
[INFO ][2015-11-05 12:39:09,968][com.java.SeleniumDriver] [  752] - Test cases to be executed are: [1, 11]
[INFO ][2015-11-05 12:39:11,968][com.java.SeleniumDriver] [ 1297] - Total Number of Cases:2
[INFO ][2015-11-05 12:39:11,968][com.java.TemplateGenerator] [  302] - Executed:1
[INFO ][2015-11-05 12:39:11,968][com.java.TemplateGenerator] [  303] - Passed:1
[INFO ][2015-11-05 12:39:11,968][com.java.TemplateGenerator] [  304] - Failed:0
[INFO ][2015-11-05 12:39:11,968][com.java.TemplateGenerator] [  305] - Skipeed:1
[INFO ][2015-11-05 12:39:11,968][com.java.TemplateGenerator] [  306] - Application URL:https://clients-xuat.bankersdashboard.com
[INFO ][2015-11-05 12:39:11,968][com.java.TemplateGenerator] [  307] - Start Time:110515_123404
[INFO ][2015-11-05 12:39:11,968][com.java.TemplateGenerator] [  308] -  Creating HTML Report 
[ERROR][2015-11-05 12:39:11,969][com.java.TemplateGenerator] [  409] - Unparseable date: "Thu Nov 05 12:34:04 IST 2015"
[INFO ][2015-11-05 12:39:11,969][com.java.TemplateGenerator] [  654] -  Exporting case :: 1
[INFO ][2015-11-05 12:39:11,969][com.java.TemplateGenerator] [  654] -  Exporting case :: 11
[ERROR][2015-11-05 12:39:11,969][com.java.TemplateGenerator] [  693] -   Exception while exporting Cases to HTML
[ERROR][2015-11-05 12:39:11,969][com.java.TemplateGenerator] [  694] - 
[INFO ][2015-11-05 12:39:11,975][com.java.SeleniumDriver] [ 1346] - End Time:110515_123911
[INFO ][2015-11-05 12:39:11,975][com.java.SeleniumDriver] [ 1349] - Data in Test Execution Details:{1=PASS, 11=FAILTest case failed at Step No. :: 53   Error Message ::  In CONCEPT: Test case failed at Step No. :: 1   Error Message ::  Failed to logout from applicaiton}
[INFO ][2015-11-05 12:39:11,975][com.java.SeleniumDriver] [ 1350] - Data in Failed Execution Deatils:{}
[INFO ][2015-11-05 12:39:11,976][com.java.SeleniumDriver] [ 1352] - ReportCounter:Total:1 :: PASS: 1 ::FAIL: 0
[INFO ][2015-11-05 12:39:11,976][com.java.SeleniumDriver] [ 1353] - FailedReportCounter:Total:0 :: PASS: 0 ::FAIL: 0
[INFO ][2015-11-05 12:39:11,982][com.java.EmailTestReport] [   63] - Sending report mail details:
[INFO ][2015-11-05 12:39:11,983][com.java.EmailTestReport] [   80] - Excel Report Path:D:\BankersDashboard/TestReports/Test Results_BankersDashBoard_110515_123404_IE11_Simmons First National Bank.xls
[INFO ][2015-11-05 12:39:11,983][com.java.EmailTestReport] [   81] - HTML Report Path:D:\BankersDashboard//TestReports//Test Results_BankersDashBoard_110515_123404_IE11_Simmons First National Bank.html
[INFO ][2015-11-05 12:39:11,983][com.java.EmailTestReport] [   82] - smtpHostName:mail01.valuelabs.com
[INFO ][2015-11-05 12:39:11,983][com.java.EmailTestReport] [   83] - Recipient:venkateswararao.gubbala@valuelabs.com
[INFO ][2015-11-05 12:39:11,983][com.java.EmailTestReport] [   84] - From:venkateswararao.gubbala@valuelabs.com
[INFO ][2015-11-05 12:39:11,983][com.java.EmailTestReport] [   85] - Subject:Deluxe Corp Bankers Dashboard Automation Test Report - Simmons First National Bank - IE11
[INFO ][2015-11-05 12:39:11,997][com.java.EmailTestReport] [  143] -  Added venkateswararao.gubbala@valuelabs.com
[INFO ][2015-11-05 12:39:15,380][com.java.SeleniumDriver] [  719] - quitting the browser 
[INFO ][2015-11-05 12:39:16,494][com.java.SeleniumDriver] [  286] - Execution Completed Stopping the thread, (Additional info Browser got crashed in the the total execution)
