[INFO ][2015-12-22 17:19:23,667][com.java.SeleniumDriver] [  213] - Execute Failed Casesfalse
[INFO ][2015-12-22 17:19:23,667][com.java.SeleniumDriver] [  214] - Browser: IE10
[INFO ][2015-12-22 17:19:23,668][com.java.SeleniumDriver] [  215] - [17]
[INFO ][2015-12-22 17:19:23,668][com.java.SeleniumDriver] [  216] - Total TestCases:1
[INFO ][2015-12-22 17:19:23,668][com.java.SeleniumDriver] [  217] -  Reading Properties from Property File 
[DEBUG][2015-12-22 17:19:23,668][com.java.SeleniumDriver] [  238] - url : https://clients-xuat.bankersdashboard.com
[INFO ][2015-12-22 17:19:23,669][com.java.ImportnExport.ExportTestResultsExcel] [  116] - Time Stamp Tue Dec 22 05:19:23 IST 2015
[INFO ][2015-12-22 17:19:23,670][com.java.ImportnExport.ExportTestResultsExcel] [  175] - OUT FILE : D:\BankersDashboard/TestReports/Test Results_BankersDashBoard_122215_171923_IE10_Bank of North Carolina.xls
[INFO ][2015-12-22 17:19:23,709][com.java.ImportnExport.ExportTestResultsExcel] [  180] - Test Result file is created
[DEBUG][2015-12-22 17:19:23,810][com.java.SeleniumDriver] [  426] - Hub ip address is-------172.17.68.34
[INFO ][2015-12-22 17:19:23,811][com.java.SeleniumDriver] [  452] - Grid URL:http://172.17.68.34:4444/wd/hub
[INFO ][2015-12-22 17:19:23,812][com.java.SeleniumDriver] [  453] - Capability:Capabilities [{platform=ANY, ensureCleanSession=true, ignoreProtectedModeSettings=true, acceptSslCerts=true, ignoreZoomSetting=true, browserName=internet explorer, browserstack.ie.noFlash=true, version=null}]
[ERROR][2015-12-22 17:19:25,123][com.java.SeleniumDriver] [  497] - Unable invoke browser in grid:Could not start a new session. Possible causes are invalid address of the remote server or browser start-up failure.
Build info: version: '2.48.2', revision: '41bccdd', time: '2015-10-09 19:59:12'
System info: host: 'FVTIII438F1D', ip: '172.17.68.34', os.name: 'Windows 7', os.arch: 'x86', os.version: '6.1', java.version: '1.7.0_55'
Driver info: driver.version: SeleniumDriver
[INFO ][2015-12-22 17:19:25,123][com.java.SeleniumDriver] [  499] - Executing on local machine
[INFO ][2015-12-22 17:19:35,064][com.java.SeleniumDriver] [  248] - IE10is opened
[INFO ][2015-12-22 17:19:35,929][com.java.SeleniumDriver] [  754] - Test cases to be executed are: [17]
[INFO ][2015-12-22 17:19:35,948][com.java.ImportnExport.ImportTestDataDetailsExcel] [   49] - test data details path===== D:\BankersDashboard\TestInputs\TestData.xls
[INFO ][2015-12-22 17:19:36,051][com.java.SeleniumDriver] [  821] - ------------------------------------------
[INFO ][2015-12-22 17:19:36,051][com.java.SeleniumDriver] [  822] - Test case being Executed: 17
[INFO ][2015-12-22 17:19:36,051][com.java.SeleniumDriver] [  833] - Test step:1
[INFO ][2015-12-22 17:19:36,051][com.java.SeleniumDriver] [  845] - Datavalue is----------Logout
[INFO ][2015-12-22 17:19:36,051][com.java.SeleniumDriver] [  869] - DataField : BTN
[INFO ][2015-12-22 17:19:36,051][com.java.SeleniumDriver] [  871] - DataValue : Logout
[INFO ][2015-12-22 17:19:36,051][com.java.SeleniumDriver] [  877] - <In Set values of the page>
[INFO ][2015-12-22 17:19:36,051][com.java.SeleniumDriver] [  880] - {Data Fields & Data Values Exist}
[INFO ][2015-12-22 17:19:36,052][com.java.SeleniumDriver] [  882] - --------------------------setting values-----------------------------
[INFO ][2015-12-22 17:19:36,052][com.java.SeleniumDriver] [  885] - Action Type : Verify
[INFO ][2015-12-22 17:19:36,071][com.java.TestType] [ 6944] - field= BTN value= Logout
[INFO ][2015-12-22 17:19:36,072][com.java.TestType] [ 5594] - value = Logout
[DEBUG][2015-12-22 17:20:12,126][com.java.TestType] [ 6605] - Logout   :: Element not Found
[ERROR][2015-12-22 17:20:29,147][com.java.TestType] [ 7657] - Assertion Error: 
[INFO ][2015-12-22 17:20:29,147][com.java.SeleniumDriver] [  894] -  RESULT false
[INFO ][2015-12-22 17:20:29,147][com.java.SeleniumDriver] [  941] - ?   F A I L   ?
[INFO ][2015-12-22 17:20:29,147][com.java.SeleniumDriver] [  949] - Browser Type : IE10
[INFO ][2015-12-22 17:20:29,147][com.java.SeleniumDriver] [  950] - Adding Failed case17
[DEBUG][2015-12-22 17:20:29,757][com.java.SeleniumDriver] [ 1018] -  tdd.getCondition() IF:Next:3
[INFO ][2015-12-22 17:20:29,757][com.java.SeleniumDriver] [ 1027] - step change to 3
[INFO ][2015-12-22 17:20:29,758][com.java.SeleniumDriver] [  821] - ------------------------------------------
[INFO ][2015-12-22 17:20:29,758][com.java.SeleniumDriver] [  822] - Test case being Executed: 17
[INFO ][2015-12-22 17:20:29,758][com.java.SeleniumDriver] [  833] - Test step:3
[INFO ][2015-12-22 17:20:29,758][com.java.SeleniumDriver] [  845] - Datavalue is----------Concept#1:1-2
[INFO ][2015-12-22 17:20:29,758][com.java.SeleniumDriver] [  869] - DataField : test
[INFO ][2015-12-22 17:20:29,758][com.java.SeleniumDriver] [  871] - DataValue : Concept#1:1-2
[INFO ][2015-12-22 17:20:29,758][com.java.SeleniumDriver] [  877] - <In Set values of the page>
[INFO ][2015-12-22 17:20:29,758][com.java.SeleniumDriver] [  880] - {Data Fields & Data Values Exist}
[INFO ][2015-12-22 17:20:29,758][com.java.SeleniumDriver] [  882] - --------------------------setting values-----------------------------
[INFO ][2015-12-22 17:20:29,758][com.java.SeleniumDriver] [  885] - Action Type : ExecuteTestCase
[INFO ][2015-12-22 17:20:29,759][com.java.TestType] [  437] - The Concept sheet name is ---------- Concept
[INFO ][2015-12-22 17:20:29,759][com.java.TestType] [  440] - The Concept ID  is ---------- 1
[DEBUG][2015-12-22 17:20:29,759][com.java.TestType] [  444] - Steps being executted in the Concept are: 1:2
[INFO ][2015-12-22 17:20:29,759][com.java.TestType] [  451] - Test data details path ---------- D:\BankersDashboard\TestInputs\TestData.xls
[INFO ][2015-12-22 17:20:29,789][com.java.TestType] [  482] -  str(1) = 1
[INFO ][2015-12-22 17:20:29,789][com.java.TestType] [  485] - Test case Id is---1
[INFO ][2015-12-22 17:20:29,789][com.java.TestType] [  487] - 1
[INFO ][2015-12-22 17:20:29,789][com.java.TestType] [  482] -  str(2) = 1
[INFO ][2015-12-22 17:20:29,791][com.java.TestType] [  534] - row values are--------{1=com.java.Objects.TestDataDetails@44757a}
[INFO ][2015-12-22 17:20:29,791][com.java.TestType] [  482] -  str(1) = 1
[INFO ][2015-12-22 17:20:29,791][com.java.TestType] [  485] - Test case Id is---1
[INFO ][2015-12-22 17:20:29,791][com.java.TestType] [  487] - 1
[INFO ][2015-12-22 17:20:29,791][com.java.TestType] [  482] -  str(2) = 2
[INFO ][2015-12-22 17:20:29,792][com.java.TestType] [  534] - row values are--------{1=com.java.Objects.TestDataDetails@44757a, 2=com.java.Objects.TestDataDetails@220d1d}
[INFO ][2015-12-22 17:20:29,792][com.java.TestType] [  482] -  str(1) = 1
[INFO ][2015-12-22 17:20:29,792][com.java.TestType] [  485] - Test case Id is---1
[INFO ][2015-12-22 17:20:29,793][com.java.TestType] [  487] - 1
[INFO ][2015-12-22 17:20:29,793][com.java.TestType] [  482] -  str(2) = 3
[INFO ][2015-12-22 17:20:29,795][com.java.TestType] [  534] - row values are--------{1=com.java.Objects.TestDataDetails@44757a, 2=com.java.Objects.TestDataDetails@220d1d, 3=com.java.Objects.TestDataDetails@d89d8c}
[INFO ][2015-12-22 17:20:29,795][com.java.TestType] [  482] -  str(1) = 1
[INFO ][2015-12-22 17:20:29,795][com.java.TestType] [  485] - Test case Id is---1
[INFO ][2015-12-22 17:20:29,795][com.java.TestType] [  487] - 1
[INFO ][2015-12-22 17:20:29,796][com.java.TestType] [  482] -  str(2) = 4
[INFO ][2015-12-22 17:20:29,796][com.java.TestType] [  534] - row values are--------{1=com.java.Objects.TestDataDetails@44757a, 2=com.java.Objects.TestDataDetails@220d1d, 3=com.java.Objects.TestDataDetails@d89d8c, 4=com.java.Objects.TestDataDetails@41f1b5}
[INFO ][2015-12-22 17:20:29,796][com.java.TestType] [  482] -  str(1) = 1
[INFO ][2015-12-22 17:20:29,797][com.java.TestType] [  485] - Test case Id is---1
[INFO ][2015-12-22 17:20:29,797][com.java.TestType] [  487] - 1
[INFO ][2015-12-22 17:20:29,797][com.java.TestType] [  482] -  str(2) = 5
[INFO ][2015-12-22 17:20:29,798][com.java.TestType] [  534] - row values are--------{1=com.java.Objects.TestDataDetails@44757a, 2=com.java.Objects.TestDataDetails@220d1d, 3=com.java.Objects.TestDataDetails@d89d8c, 4=com.java.Objects.TestDataDetails@41f1b5, 5=com.java.Objects.TestDataDetails@15a39a4}
[INFO ][2015-12-22 17:20:29,798][com.java.TestType] [  482] -  str(1) = 1
[INFO ][2015-12-22 17:20:29,798][com.java.TestType] [  485] - Test case Id is---1
[INFO ][2015-12-22 17:20:29,798][com.java.TestType] [  487] - 1
[INFO ][2015-12-22 17:20:29,798][com.java.TestType] [  482] -  str(2) = 6
[INFO ][2015-12-22 17:20:29,799][com.java.TestType] [  534] - row values are--------{1=com.java.Objects.TestDataDetails@44757a, 2=com.java.Objects.TestDataDetails@220d1d, 3=com.java.Objects.TestDataDetails@d89d8c, 4=com.java.Objects.TestDataDetails@41f1b5, 5=com.java.Objects.TestDataDetails@15a39a4, 6=com.java.Objects.TestDataDetails@1194827}
[INFO ][2015-12-22 17:20:29,799][com.java.TestType] [  482] -  str(1) = 1
[INFO ][2015-12-22 17:20:29,799][com.java.TestType] [  485] - Test case Id is---1
[INFO ][2015-12-22 17:20:29,799][com.java.TestType] [  487] - 1
[INFO ][2015-12-22 17:20:29,799][com.java.TestType] [  482] -  str(2) = 7
[INFO ][2015-12-22 17:20:29,800][com.java.TestType] [  534] - row values are--------{1=com.java.Objects.TestDataDetails@44757a, 2=com.java.Objects.TestDataDetails@220d1d, 3=com.java.Objects.TestDataDetails@d89d8c, 4=com.java.Objects.TestDataDetails@41f1b5, 5=com.java.Objects.TestDataDetails@15a39a4, 6=com.java.Objects.TestDataDetails@1194827, 7=com.java.Objects.TestDataDetails@19de1ba}
[INFO ][2015-12-22 17:20:29,800][com.java.TestType] [  482] -  str(1) = 1
[INFO ][2015-12-22 17:20:29,800][com.java.TestType] [  485] - Test case Id is---1
[INFO ][2015-12-22 17:20:29,800][com.java.TestType] [  487] - 1
[INFO ][2015-12-22 17:20:29,800][com.java.TestType] [  482] -  str(2) = 8
[INFO ][2015-12-22 17:20:29,801][com.java.TestType] [  534] - row values are--------{1=com.java.Objects.TestDataDetails@44757a, 2=com.java.Objects.TestDataDetails@220d1d, 3=com.java.Objects.TestDataDetails@d89d8c, 4=com.java.Objects.TestDataDetails@41f1b5, 5=com.java.Objects.TestDataDetails@15a39a4, 6=com.java.Objects.TestDataDetails@1194827, 7=com.java.Objects.TestDataDetails@19de1ba, 8=com.java.Objects.TestDataDetails@1799ca4}
[INFO ][2015-12-22 17:20:29,801][com.java.TestType] [  482] -  str(1) = 1
[INFO ][2015-12-22 17:20:29,801][com.java.TestType] [  485] - Test case Id is---1
[INFO ][2015-12-22 17:20:29,801][com.java.TestType] [  487] - 1
[INFO ][2015-12-22 17:20:29,801][com.java.TestType] [  482] -  str(2) = 9
[INFO ][2015-12-22 17:20:29,802][com.java.TestType] [  534] - row values are--------{1=com.java.Objects.TestDataDetails@44757a, 2=com.java.Objects.TestDataDetails@220d1d, 3=com.java.Objects.TestDataDetails@d89d8c, 4=com.java.Objects.TestDataDetails@41f1b5, 5=com.java.Objects.TestDataDetails@15a39a4, 6=com.java.Objects.TestDataDetails@1194827, 7=com.java.Objects.TestDataDetails@19de1ba, 8=com.java.Objects.TestDataDetails@1799ca4, 9=com.java.Objects.TestDataDetails@11348a7}
[INFO ][2015-12-22 17:20:29,802][com.java.TestType] [  482] -  str(1) = 1
[INFO ][2015-12-22 17:20:29,802][com.java.TestType] [  485] - Test case Id is---1
[INFO ][2015-12-22 17:20:29,802][com.java.TestType] [  487] - 1
[INFO ][2015-12-22 17:20:29,803][com.java.TestType] [  482] -  str(2) = 10
[INFO ][2015-12-22 17:20:29,804][com.java.TestType] [  534] - row values are--------{1=com.java.Objects.TestDataDetails@44757a, 2=com.java.Objects.TestDataDetails@220d1d, 3=com.java.Objects.TestDataDetails@d89d8c, 4=com.java.Objects.TestDataDetails@41f1b5, 5=com.java.Objects.TestDataDetails@15a39a4, 6=com.java.Objects.TestDataDetails@1194827, 7=com.java.Objects.TestDataDetails@19de1ba, 8=com.java.Objects.TestDataDetails@1799ca4, 9=com.java.Objects.TestDataDetails@11348a7, 10=com.java.Objects.TestDataDetails@35e0ef}
[INFO ][2015-12-22 17:20:29,804][com.java.TestType] [  482] -  str(1) = 1
[INFO ][2015-12-22 17:20:29,804][com.java.TestType] [  485] - Test case Id is---1
[INFO ][2015-12-22 17:20:29,804][com.java.TestType] [  487] - 1
[INFO ][2015-12-22 17:20:29,804][com.java.TestType] [  482] -  str(2) = 11
[INFO ][2015-12-22 17:20:29,805][com.java.TestType] [  534] - row values are--------{1=com.java.Objects.TestDataDetails@44757a, 2=com.java.Objects.TestDataDetails@220d1d, 3=com.java.Objects.TestDataDetails@d89d8c, 4=com.java.Objects.TestDataDetails@41f1b5, 5=com.java.Objects.TestDataDetails@15a39a4, 6=com.java.Objects.TestDataDetails@1194827, 7=com.java.Objects.TestDataDetails@19de1ba, 8=com.java.Objects.TestDataDetails@1799ca4, 9=com.java.Objects.TestDataDetails@11348a7, 10=com.java.Objects.TestDataDetails@35e0ef, 11=com.java.Objects.TestDataDetails@1aa1efe}
[INFO ][2015-12-22 17:20:29,805][com.java.TestType] [  482] -  str(1) = 1
[INFO ][2015-12-22 17:20:29,805][com.java.TestType] [  485] - Test case Id is---1
[INFO ][2015-12-22 17:20:29,805][com.java.TestType] [  487] - 1
[INFO ][2015-12-22 17:20:29,805][com.java.TestType] [  482] -  str(2) = 12
[INFO ][2015-12-22 17:20:29,806][com.java.TestType] [  534] - row values are--------{1=com.java.Objects.TestDataDetails@44757a, 2=com.java.Objects.TestDataDetails@220d1d, 3=com.java.Objects.TestDataDetails@d89d8c, 4=com.java.Objects.TestDataDetails@41f1b5, 5=com.java.Objects.TestDataDetails@15a39a4, 6=com.java.Objects.TestDataDetails@1194827, 7=com.java.Objects.TestDataDetails@19de1ba, 8=com.java.Objects.TestDataDetails@1799ca4, 9=com.java.Objects.TestDataDetails@11348a7, 10=com.java.Objects.TestDataDetails@35e0ef, 11=com.java.Objects.TestDataDetails@1aa1efe, 12=com.java.Objects.TestDataDetails@df190e}
[INFO ][2015-12-22 17:20:29,806][com.java.TestType] [  482] -  str(1) = 1
[INFO ][2015-12-22 17:20:29,806][com.java.TestType] [  485] - Test case Id is---1
[INFO ][2015-12-22 17:20:29,806][com.java.TestType] [  487] - 1
[INFO ][2015-12-22 17:20:29,807][com.java.TestType] [  482] -  str(2) = 13
[INFO ][2015-12-22 17:20:29,807][com.java.TestType] [  534] - row values are--------{1=com.java.Objects.TestDataDetails@44757a, 2=com.java.Objects.TestDataDetails@220d1d, 3=com.java.Objects.TestDataDetails@d89d8c, 4=com.java.Objects.TestDataDetails@41f1b5, 5=com.java.Objects.TestDataDetails@15a39a4, 6=com.java.Objects.TestDataDetails@1194827, 7=com.java.Objects.TestDataDetails@19de1ba, 8=com.java.Objects.TestDataDetails@1799ca4, 9=com.java.Objects.TestDataDetails@11348a7, 10=com.java.Objects.TestDataDetails@35e0ef, 11=com.java.Objects.TestDataDetails@1aa1efe, 12=com.java.Objects.TestDataDetails@df190e, 13=com.java.Objects.TestDataDetails@11c7337}
[INFO ][2015-12-22 17:20:29,807][com.java.TestType] [  482] -  str(1) = 1
[INFO ][2015-12-22 17:20:29,807][com.java.TestType] [  485] - Test case Id is---1
[INFO ][2015-12-22 17:20:29,808][com.java.TestType] [  487] - 1
[INFO ][2015-12-22 17:20:29,808][com.java.TestType] [  482] -  str(2) = 14
[INFO ][2015-12-22 17:20:29,809][com.java.TestType] [  534] - row values are--------{1=com.java.Objects.TestDataDetails@44757a, 2=com.java.Objects.TestDataDetails@220d1d, 3=com.java.Objects.TestDataDetails@d89d8c, 4=com.java.Objects.TestDataDetails@41f1b5, 5=com.java.Objects.TestDataDetails@15a39a4, 6=com.java.Objects.TestDataDetails@1194827, 7=com.java.Objects.TestDataDetails@19de1ba, 8=com.java.Objects.TestDataDetails@1799ca4, 9=com.java.Objects.TestDataDetails@11348a7, 10=com.java.Objects.TestDataDetails@35e0ef, 11=com.java.Objects.TestDataDetails@1aa1efe, 12=com.java.Objects.TestDataDetails@df190e, 13=com.java.Objects.TestDataDetails@11c7337, 14=com.java.Objects.TestDataDetails@6520d6}
[INFO ][2015-12-22 17:20:29,809][com.java.TestType] [  482] -  str(1) = 1
[INFO ][2015-12-22 17:20:29,809][com.java.TestType] [  485] - Test case Id is---1
[INFO ][2015-12-22 17:20:29,809][com.java.TestType] [  487] - 1
[INFO ][2015-12-22 17:20:29,809][com.java.TestType] [  482] -  str(2) = 15
[INFO ][2015-12-22 17:20:29,810][com.java.TestType] [  534] - row values are--------{1=com.java.Objects.TestDataDetails@44757a, 2=com.java.Objects.TestDataDetails@220d1d, 3=com.java.Objects.TestDataDetails@d89d8c, 4=com.java.Objects.TestDataDetails@41f1b5, 5=com.java.Objects.TestDataDetails@15a39a4, 6=com.java.Objects.TestDataDetails@1194827, 7=com.java.Objects.TestDataDetails@19de1ba, 8=com.java.Objects.TestDataDetails@1799ca4, 9=com.java.Objects.TestDataDetails@11348a7, 10=com.java.Objects.TestDataDetails@35e0ef, 11=com.java.Objects.TestDataDetails@1aa1efe, 12=com.java.Objects.TestDataDetails@df190e, 13=com.java.Objects.TestDataDetails@11c7337, 14=com.java.Objects.TestDataDetails@6520d6, 15=com.java.Objects.TestDataDetails@d7998b}
[INFO ][2015-12-22 17:20:29,810][com.java.TestType] [  482] -  str(1) = 1
[INFO ][2015-12-22 17:20:29,810][com.java.TestType] [  485] - Test case Id is---1
[INFO ][2015-12-22 17:20:29,810][com.java.TestType] [  487] - 1
[INFO ][2015-12-22 17:20:29,810][com.java.TestType] [  482] -  str(2) = 16
[INFO ][2015-12-22 17:20:29,811][com.java.TestType] [  534] - row values are--------{1=com.java.Objects.TestDataDetails@44757a, 2=com.java.Objects.TestDataDetails@220d1d, 3=com.java.Objects.TestDataDetails@d89d8c, 4=com.java.Objects.TestDataDetails@41f1b5, 5=com.java.Objects.TestDataDetails@15a39a4, 6=com.java.Objects.TestDataDetails@1194827, 7=com.java.Objects.TestDataDetails@19de1ba, 8=com.java.Objects.TestDataDetails@1799ca4, 9=com.java.Objects.TestDataDetails@11348a7, 10=com.java.Objects.TestDataDetails@35e0ef, 11=com.java.Objects.TestDataDetails@1aa1efe, 12=com.java.Objects.TestDataDetails@df190e, 13=com.java.Objects.TestDataDetails@11c7337, 14=com.java.Objects.TestDataDetails@6520d6, 15=com.java.Objects.TestDataDetails@d7998b, 16=com.java.Objects.TestDataDetails@1278729}
[INFO ][2015-12-22 17:20:29,811][com.java.TestType] [10272] - Looping 1TCID = 1
[DEBUG][2015-12-22 17:20:29,811][com.java.TestType] [10313] - Concept ID:1 :: Step being Executed: 1::1
[INFO ][2015-12-22 17:20:29,811][com.java.TestType] [10351] - dataFields : TXTusername
[DEBUG][2015-12-22 17:20:29,811][com.java.TestType] [10357] - <In Set values of the page>
[DEBUG][2015-12-22 17:20:29,812][com.java.TestType] [10362] - {Data Fields & Data Values Exist}
[INFO ][2015-12-22 17:20:29,812][com.java.TestType] [10368] - --------------------------setting values-----------------------------
[INFO ][2015-12-22 17:20:29,812][com.java.TestType] [10371] - Action Type : CLEARANDENTER
[INFO ][2015-12-22 17:20:29,812][com.java.TestType] [ 5594] - value = valuelabs.ie10.33527
[INFO ][2015-12-22 17:20:34,495][com.java.TestType] [10390] -  RESULT true
[INFO ][2015-12-22 17:20:34,495][com.java.TestType] [10507] - ?   P A S S   ?
[DEBUG][2015-12-22 17:20:34,495][com.java.TestType] [10313] - Concept ID:1 :: Step being Executed: 1::2
[INFO ][2015-12-22 17:20:34,495][com.java.TestType] [10351] - dataFields : TXTpassword
[DEBUG][2015-12-22 17:20:34,495][com.java.TestType] [10357] - <In Set values of the page>
[DEBUG][2015-12-22 17:20:34,496][com.java.TestType] [10362] - {Data Fields & Data Values Exist}
[INFO ][2015-12-22 17:20:34,496][com.java.TestType] [10368] - --------------------------setting values-----------------------------
[INFO ][2015-12-22 17:20:34,496][com.java.TestType] [10371] - Action Type : CLEARANDENTER
[INFO ][2015-12-22 17:20:34,496][com.java.TestType] [ 5594] - value = Password1*
[INFO ][2015-12-22 17:20:39,293][com.java.TestType] [10390] -  RESULT true
[INFO ][2015-12-22 17:20:39,293][com.java.TestType] [10507] - ?   P A S S   ?
[INFO ][2015-12-22 17:20:39,293][com.java.TestType] [10578] - Looping End......
[INFO ][2015-12-22 17:20:39,298][com.java.SeleniumDriver] [  894] -  RESULT true
[INFO ][2015-12-22 17:20:39,298][com.java.SeleniumDriver] [ 1100] - ?   P A S S   ?
[INFO ][2015-12-22 17:20:39,298][com.java.SeleniumDriver] [  821] - ------------------------------------------
[INFO ][2015-12-22 17:20:39,298][com.java.SeleniumDriver] [  822] - Test case being Executed: 17
[INFO ][2015-12-22 17:20:39,298][com.java.SeleniumDriver] [  833] - Test step:4
[INFO ][2015-12-22 17:20:39,298][com.java.SeleniumDriver] [  845] - Datavalue is----------null
[DEBUG][2015-12-22 17:20:39,298][com.java.SeleniumDriver] [  863] - Exception: null
[INFO ][2015-12-22 17:20:39,298][com.java.SeleniumDriver] [  869] - DataField : CHK//div[@id="loginbox"]//input[@ng-click='vm.rememberMe()']
[INFO ][2015-12-22 17:20:39,298][com.java.SeleniumDriver] [  871] - DataValue : 
[INFO ][2015-12-22 17:20:39,298][com.java.SeleniumDriver] [  877] - <In Set values of the page>
[INFO ][2015-12-22 17:20:39,298][com.java.SeleniumDriver] [  880] - {Data Fields & Data Values Exist}
[INFO ][2015-12-22 17:20:39,299][com.java.SeleniumDriver] [  882] - --------------------------setting values-----------------------------
[INFO ][2015-12-22 17:20:39,299][com.java.SeleniumDriver] [  885] - Action Type : Check
[INFO ][2015-12-22 17:20:40,603][com.java.SeleniumDriver] [  894] -  RESULT true
[INFO ][2015-12-22 17:20:40,603][com.java.SeleniumDriver] [ 1100] - ?   P A S S   ?
[INFO ][2015-12-22 17:20:40,603][com.java.SeleniumDriver] [  821] - ------------------------------------------
[INFO ][2015-12-22 17:20:40,603][com.java.SeleniumDriver] [  822] - Test case being Executed: 17
[INFO ][2015-12-22 17:20:40,603][com.java.SeleniumDriver] [  833] - Test step:5
[INFO ][2015-12-22 17:20:40,603][com.java.SeleniumDriver] [  845] - Datavalue is----------null
[DEBUG][2015-12-22 17:20:40,603][com.java.SeleniumDriver] [  863] - Exception: null
[INFO ][2015-12-22 17:20:40,603][com.java.SeleniumDriver] [  869] - DataField : XPH//button[@type='submit']
[INFO ][2015-12-22 17:20:40,603][com.java.SeleniumDriver] [  871] - DataValue : 
[INFO ][2015-12-22 17:20:40,603][com.java.SeleniumDriver] [  877] - <In Set values of the page>
[INFO ][2015-12-22 17:20:40,603][com.java.SeleniumDriver] [  880] - {Data Fields & Data Values Exist}
[INFO ][2015-12-22 17:20:40,603][com.java.SeleniumDriver] [  882] - --------------------------setting values-----------------------------
[INFO ][2015-12-22 17:20:40,604][com.java.SeleniumDriver] [  885] - Action Type : Click
[INFO ][2015-12-22 17:20:40,604][com.java.TestType] [ 5973] - Field ::XPH//button[@type='submit']
[INFO ][2015-12-22 17:20:40,604][com.java.TestType] [ 5594] - value = 
[INFO ][2015-12-22 17:20:41,604][com.java.TestType] [ 6110] - BEFORE CLICK
[INFO ][2015-12-22 17:20:42,459][com.java.TestType] [ 6118] - Unable to click the object Login
[INFO ][2015-12-22 17:20:42,459][com.java.SeleniumDriver] [  894] -  RESULT true
[INFO ][2015-12-22 17:20:42,459][com.java.SeleniumDriver] [ 1100] - ?   P A S S   ?
[INFO ][2015-12-22 17:20:42,459][com.java.SeleniumDriver] [  821] - ------------------------------------------
[INFO ][2015-12-22 17:20:42,459][com.java.SeleniumDriver] [  822] - Test case being Executed: 17
[INFO ][2015-12-22 17:20:42,459][com.java.SeleniumDriver] [  833] - Test step:6
[INFO ][2015-12-22 17:20:42,459][com.java.SeleniumDriver] [  845] - Datavalue is----------10
[INFO ][2015-12-22 17:20:42,459][com.java.SeleniumDriver] [  869] - DataField : LNKLogout
[INFO ][2015-12-22 17:20:42,459][com.java.SeleniumDriver] [  871] - DataValue : 10
[INFO ][2015-12-22 17:20:42,459][com.java.SeleniumDriver] [  877] - <In Set values of the page>
[INFO ][2015-12-22 17:20:42,459][com.java.SeleniumDriver] [  880] - {Data Fields & Data Values Exist}
[INFO ][2015-12-22 17:20:42,459][com.java.SeleniumDriver] [  882] - --------------------------setting values-----------------------------
[INFO ][2015-12-22 17:20:42,459][com.java.SeleniumDriver] [  885] - Action Type : WaitTime
[DEBUG][2015-12-22 17:20:42,460][com.java.TestType] [ 5414] - sleepTime: 10000
[INFO ][2015-12-22 17:20:52,461][com.java.SeleniumDriver] [  894] -  RESULT true
[INFO ][2015-12-22 17:20:52,461][com.java.SeleniumDriver] [ 1100] - ?   P A S S   ?
[INFO ][2015-12-22 17:20:52,461][com.java.SeleniumDriver] [  821] - ------------------------------------------
[INFO ][2015-12-22 17:20:52,461][com.java.SeleniumDriver] [  822] - Test case being Executed: 17
[INFO ][2015-12-22 17:20:52,461][com.java.SeleniumDriver] [  833] - Test step:7
[INFO ][2015-12-22 17:20:52,461][com.java.SeleniumDriver] [  845] - Datavalue is----------Banker's Dashboard
[INFO ][2015-12-22 17:20:52,461][com.java.SeleniumDriver] [  869] - DataField : TTL
[INFO ][2015-12-22 17:20:52,461][com.java.SeleniumDriver] [  871] - DataValue : Banker's Dashboard
[INFO ][2015-12-22 17:20:52,461][com.java.SeleniumDriver] [  877] - <In Set values of the page>
[INFO ][2015-12-22 17:20:52,461][com.java.SeleniumDriver] [  880] - {Data Fields & Data Values Exist}
[INFO ][2015-12-22 17:20:52,461][com.java.SeleniumDriver] [  882] - --------------------------setting values-----------------------------
[INFO ][2015-12-22 17:20:52,462][com.java.SeleniumDriver] [  885] - Action Type : SelectWindow
[INFO ][2015-12-22 17:21:04,654][com.java.SeleniumDriver] [  894] -  RESULT true
[INFO ][2015-12-22 17:21:04,654][com.java.SeleniumDriver] [ 1100] - ?   P A S S   ?
[INFO ][2015-12-22 17:21:04,654][com.java.SeleniumDriver] [  821] - ------------------------------------------
[INFO ][2015-12-22 17:21:04,654][com.java.SeleniumDriver] [  822] - Test case being Executed: 17
[INFO ][2015-12-22 17:21:04,654][com.java.SeleniumDriver] [  833] - Test step:8
[INFO ][2015-12-22 17:21:04,654][com.java.SeleniumDriver] [  845] - Datavalue is----------null
[DEBUG][2015-12-22 17:21:04,654][com.java.SeleniumDriver] [  863] - Exception: null
[INFO ][2015-12-22 17:21:04,654][com.java.SeleniumDriver] [  869] - DataField : //span[@class='icon-cog2']&&//a[@data-id="UserSettings"]
[INFO ][2015-12-22 17:21:04,654][com.java.SeleniumDriver] [  871] - DataValue : 
[INFO ][2015-12-22 17:21:04,655][com.java.SeleniumDriver] [  877] - <In Set values of the page>
[INFO ][2015-12-22 17:21:04,655][com.java.SeleniumDriver] [  880] - {Data Fields & Data Values Exist}
[INFO ][2015-12-22 17:21:04,655][com.java.SeleniumDriver] [  882] - --------------------------setting values-----------------------------
[INFO ][2015-12-22 17:21:04,655][com.java.SeleniumDriver] [  885] - Action Type : MouseOver
[INFO ][2015-12-22 17:21:27,671][com.java.SeleniumDriver] [  894] -  RESULT true
[INFO ][2015-12-22 17:21:27,671][com.java.SeleniumDriver] [ 1100] - ?   P A S S   ?
[INFO ][2015-12-22 17:21:27,671][com.java.SeleniumDriver] [  821] - ------------------------------------------
[INFO ][2015-12-22 17:21:27,671][com.java.SeleniumDriver] [  822] - Test case being Executed: 17
[INFO ][2015-12-22 17:21:27,671][com.java.SeleniumDriver] [  833] - Test step:9
[INFO ][2015-12-22 17:21:27,673][com.java.SeleniumDriver] [  845] - Datavalue is----------1
[INFO ][2015-12-22 17:21:27,673][com.java.SeleniumDriver] [  869] - DataField : BTNframeDialogContent
[INFO ][2015-12-22 17:21:27,673][com.java.SeleniumDriver] [  871] - DataValue : 1
[INFO ][2015-12-22 17:21:27,673][com.java.SeleniumDriver] [  877] - <In Set values of the page>
[INFO ][2015-12-22 17:21:27,673][com.java.SeleniumDriver] [  880] - {Data Fields & Data Values Exist}
[INFO ][2015-12-22 17:21:27,673][com.java.SeleniumDriver] [  882] - --------------------------setting values-----------------------------
[INFO ][2015-12-22 17:21:27,673][com.java.SeleniumDriver] [  885] - Action Type : WaitForElement
[INFO ][2015-12-22 17:21:28,884][com.java.SeleniumDriver] [  894] -  RESULT true
[INFO ][2015-12-22 17:21:28,884][com.java.SeleniumDriver] [ 1100] - ?   P A S S   ?
[INFO ][2015-12-22 17:21:28,884][com.java.SeleniumDriver] [  821] - ------------------------------------------
[INFO ][2015-12-22 17:21:28,884][com.java.SeleniumDriver] [  822] - Test case being Executed: 17
[INFO ][2015-12-22 17:21:28,884][com.java.SeleniumDriver] [  833] - Test step:10
[INFO ][2015-12-22 17:21:28,885][com.java.SeleniumDriver] [  845] - Datavalue is----------frameDialogContent
[INFO ][2015-12-22 17:21:28,885][com.java.SeleniumDriver] [  869] - DataField : BTN
[INFO ][2015-12-22 17:21:28,885][com.java.SeleniumDriver] [  871] - DataValue : frameDialogContent
[INFO ][2015-12-22 17:21:28,885][com.java.SeleniumDriver] [  877] - <In Set values of the page>
[INFO ][2015-12-22 17:21:28,885][com.java.SeleniumDriver] [  880] - {Data Fields & Data Values Exist}
[INFO ][2015-12-22 17:21:28,885][com.java.SeleniumDriver] [  882] - --------------------------setting values-----------------------------
[INFO ][2015-12-22 17:21:28,885][com.java.SeleniumDriver] [  885] - Action Type : SELECTFRAMEBYNAME
[INFO ][2015-12-22 17:21:28,886][com.java.TestType] [ 5594] - value = frameDialogContent
[INFO ][2015-12-22 17:21:28,955][com.java.SeleniumDriver] [  894] -  RESULT true
[INFO ][2015-12-22 17:21:28,955][com.java.SeleniumDriver] [ 1100] - ?   P A S S   ?
[INFO ][2015-12-22 17:21:28,955][com.java.SeleniumDriver] [  821] - ------------------------------------------
[INFO ][2015-12-22 17:21:28,956][com.java.SeleniumDriver] [  822] - Test case being Executed: 17
[INFO ][2015-12-22 17:21:28,956][com.java.SeleniumDriver] [  833] - Test step:11
[INFO ][2015-12-22 17:21:28,956][com.java.SeleniumDriver] [  845] - Datavalue is----------Yes
[INFO ][2015-12-22 17:21:28,956][com.java.SeleniumDriver] [  869] - DataField : COBddlOpenBDInNewWindow
[INFO ][2015-12-22 17:21:28,956][com.java.SeleniumDriver] [  871] - DataValue : Yes
[INFO ][2015-12-22 17:21:28,956][com.java.SeleniumDriver] [  877] - <In Set values of the page>
[INFO ][2015-12-22 17:21:28,956][com.java.SeleniumDriver] [  880] - {Data Fields & Data Values Exist}
[INFO ][2015-12-22 17:21:28,956][com.java.SeleniumDriver] [  882] - --------------------------setting values-----------------------------
[INFO ][2015-12-22 17:21:28,956][com.java.SeleniumDriver] [  885] - Action Type : Verify
[INFO ][2015-12-22 17:21:28,956][com.java.TestType] [ 6944] - field= COBddlOpenBDInNewWindow value= Yes
[INFO ][2015-12-22 17:21:28,956][com.java.TestType] [ 5594] - value = Yes
[ERROR][2015-12-22 17:21:29,149][com.java.TestType] [ 7475] - Assertion error: expected:<Yes> but was:<No>
[INFO ][2015-12-22 17:21:29,149][com.java.SeleniumDriver] [  894] -  RESULT false
[INFO ][2015-12-22 17:21:29,149][com.java.SeleniumDriver] [  941] - ?   F A I L   ?
[INFO ][2015-12-22 17:21:29,149][com.java.SeleniumDriver] [  949] - Browser Type : IE10
[INFO ][2015-12-22 17:21:29,149][com.java.SeleniumDriver] [  950] - Adding Failed case17
[DEBUG][2015-12-22 17:21:29,816][com.java.SeleniumDriver] [ 1018] -  tdd.getCondition() IF:19:Next
[INFO ][2015-12-22 17:21:29,816][com.java.SeleniumDriver] [ 1022] - Continue next step...
[INFO ][2015-12-22 17:21:29,816][com.java.SeleniumDriver] [  821] - ------------------------------------------
[INFO ][2015-12-22 17:21:29,816][com.java.SeleniumDriver] [  822] - Test case being Executed: 17
[INFO ][2015-12-22 17:21:29,816][com.java.SeleniumDriver] [  833] - Test step:12
[INFO ][2015-12-22 17:21:29,817][com.java.SeleniumDriver] [  845] - Datavalue is----------Yes
[INFO ][2015-12-22 17:21:29,817][com.java.SeleniumDriver] [  869] - DataField : SLBddlOpenBDInNewWindow
[INFO ][2015-12-22 17:21:29,817][com.java.SeleniumDriver] [  871] - DataValue : Yes
[INFO ][2015-12-22 17:21:29,817][com.java.SeleniumDriver] [  877] - <In Set values of the page>
[INFO ][2015-12-22 17:21:29,817][com.java.SeleniumDriver] [  880] - {Data Fields & Data Values Exist}
[INFO ][2015-12-22 17:21:29,817][com.java.SeleniumDriver] [  882] - --------------------------setting values-----------------------------
[INFO ][2015-12-22 17:21:29,817][com.java.SeleniumDriver] [  885] - Action Type : Select
[INFO ][2015-12-22 17:21:29,818][com.java.TestType] [ 5594] - value = Yes
[INFO ][2015-12-22 17:21:32,174][com.java.SeleniumDriver] [  894] -  RESULT true
[INFO ][2015-12-22 17:21:32,174][com.java.SeleniumDriver] [ 1100] - ?   P A S S   ?
[INFO ][2015-12-22 17:21:32,174][com.java.SeleniumDriver] [  821] - ------------------------------------------
[INFO ][2015-12-22 17:21:32,174][com.java.SeleniumDriver] [  822] - Test case being Executed: 17
[INFO ][2015-12-22 17:21:32,174][com.java.SeleniumDriver] [  833] - Test step:13
[INFO ][2015-12-22 17:21:32,174][com.java.SeleniumDriver] [  845] - Datavalue is----------null
[DEBUG][2015-12-22 17:21:32,174][com.java.SeleniumDriver] [  863] - Exception: null
[INFO ][2015-12-22 17:21:32,174][com.java.SeleniumDriver] [  869] - DataField : BTNparent
[INFO ][2015-12-22 17:21:32,174][com.java.SeleniumDriver] [  871] - DataValue : 
[INFO ][2015-12-22 17:21:32,174][com.java.SeleniumDriver] [  877] - <In Set values of the page>
[INFO ][2015-12-22 17:21:32,175][com.java.SeleniumDriver] [  880] - {Data Fields & Data Values Exist}
[INFO ][2015-12-22 17:21:32,175][com.java.SeleniumDriver] [  882] - --------------------------setting values-----------------------------
[INFO ][2015-12-22 17:21:32,175][com.java.SeleniumDriver] [  885] - Action Type : SELECTFRAME
[INFO ][2015-12-22 17:21:32,190][com.java.SeleniumDriver] [  894] -  RESULT true
[INFO ][2015-12-22 17:21:32,190][com.java.SeleniumDriver] [ 1100] - ?   P A S S   ?
[INFO ][2015-12-22 17:21:32,190][com.java.SeleniumDriver] [  821] - ------------------------------------------
[INFO ][2015-12-22 17:21:32,190][com.java.SeleniumDriver] [  822] - Test case being Executed: 17
[INFO ][2015-12-22 17:21:32,190][com.java.SeleniumDriver] [  833] - Test step:14
[INFO ][2015-12-22 17:21:32,190][com.java.SeleniumDriver] [  845] - Datavalue is----------null
[DEBUG][2015-12-22 17:21:32,190][com.java.SeleniumDriver] [  863] - Exception: null
[INFO ][2015-12-22 17:21:32,192][com.java.SeleniumDriver] [  869] - DataField : BTN//span[text()='Finished']
[INFO ][2015-12-22 17:21:32,192][com.java.SeleniumDriver] [  871] - DataValue : 
[INFO ][2015-12-22 17:21:32,192][com.java.SeleniumDriver] [  877] - <In Set values of the page>
[INFO ][2015-12-22 17:21:32,192][com.java.SeleniumDriver] [  880] - {Data Fields & Data Values Exist}
[INFO ][2015-12-22 17:21:32,192][com.java.SeleniumDriver] [  882] - --------------------------setting values-----------------------------
[INFO ][2015-12-22 17:21:32,192][com.java.SeleniumDriver] [  885] - Action Type : Click
[INFO ][2015-12-22 17:21:32,192][com.java.TestType] [ 5973] - Field ::BTN//span[text()='Finished']
[INFO ][2015-12-22 17:21:32,192][com.java.TestType] [ 5594] - value = 
[INFO ][2015-12-22 17:21:33,192][com.java.TestType] [ 6089] - BEFORE CLICK
[INFO ][2015-12-22 17:21:33,447][com.java.TestType] [ 6096] - Unable to click the object Finished button
[INFO ][2015-12-22 17:21:33,447][com.java.SeleniumDriver] [  894] -  RESULT true
[INFO ][2015-12-22 17:21:33,447][com.java.SeleniumDriver] [ 1100] - ?   P A S S   ?
[INFO ][2015-12-22 17:21:33,447][com.java.SeleniumDriver] [  821] - ------------------------------------------
[INFO ][2015-12-22 17:21:33,447][com.java.SeleniumDriver] [  822] - Test case being Executed: 17
[INFO ][2015-12-22 17:21:33,447][com.java.SeleniumDriver] [  833] - Test step:15
[INFO ][2015-12-22 17:21:33,447][com.java.SeleniumDriver] [  845] - Datavalue is----------Logout
[INFO ][2015-12-22 17:21:33,447][com.java.SeleniumDriver] [  869] - DataField : LNK
[INFO ][2015-12-22 17:21:33,447][com.java.SeleniumDriver] [  871] - DataValue : Logout
[INFO ][2015-12-22 17:21:33,447][com.java.SeleniumDriver] [  877] - <In Set values of the page>
[INFO ][2015-12-22 17:21:33,449][com.java.SeleniumDriver] [  880] - {Data Fields & Data Values Exist}
[INFO ][2015-12-22 17:21:33,449][com.java.SeleniumDriver] [  882] - --------------------------setting values-----------------------------
[INFO ][2015-12-22 17:21:33,449][com.java.SeleniumDriver] [  885] - Action Type : Verify
[INFO ][2015-12-22 17:21:33,449][com.java.TestType] [ 6944] - field= LNK value= Logout
[INFO ][2015-12-22 17:21:33,449][com.java.TestType] [ 5594] - value = Logout
[INFO ][2015-12-22 17:21:33,484][com.java.SeleniumDriver] [  894] -  RESULT true
[INFO ][2015-12-22 17:21:33,484][com.java.SeleniumDriver] [ 1100] - ?   P A S S   ?
[INFO ][2015-12-22 17:21:33,484][com.java.SeleniumDriver] [  821] - ------------------------------------------
[INFO ][2015-12-22 17:21:33,484][com.java.SeleniumDriver] [  822] - Test case being Executed: 17
[INFO ][2015-12-22 17:21:33,484][com.java.SeleniumDriver] [  833] - Test step:16
[INFO ][2015-12-22 17:21:33,484][com.java.SeleniumDriver] [  845] - Datavalue is----------//img[contains(@src,'bdlogo.jpg')]
[INFO ][2015-12-22 17:21:33,485][com.java.SeleniumDriver] [  869] - DataField : BTN
[INFO ][2015-12-22 17:21:33,485][com.java.SeleniumDriver] [  871] - DataValue : //img[contains(@src,'bdlogo.jpg')]
[INFO ][2015-12-22 17:21:33,485][com.java.SeleniumDriver] [  877] - <In Set values of the page>
[INFO ][2015-12-22 17:21:33,485][com.java.SeleniumDriver] [  880] - {Data Fields & Data Values Exist}
[INFO ][2015-12-22 17:21:33,485][com.java.SeleniumDriver] [  882] - --------------------------setting values-----------------------------
[INFO ][2015-12-22 17:21:33,485][com.java.SeleniumDriver] [  885] - Action Type : Verify
[INFO ][2015-12-22 17:21:33,485][com.java.TestType] [ 6944] - field= BTN value= //img[contains(@src,'bdlogo.jpg')]
[INFO ][2015-12-22 17:21:33,485][com.java.TestType] [ 5594] - value = //img[contains(@src,'bdlogo.jpg')]
[INFO ][2015-12-22 17:21:33,554][com.java.SeleniumDriver] [  894] -  RESULT true
[INFO ][2015-12-22 17:21:33,554][com.java.SeleniumDriver] [ 1100] - ?   P A S S   ?
[INFO ][2015-12-22 17:21:33,554][com.java.SeleniumDriver] [  821] - ------------------------------------------
[INFO ][2015-12-22 17:21:33,554][com.java.SeleniumDriver] [  822] - Test case being Executed: 17
[INFO ][2015-12-22 17:21:33,554][com.java.SeleniumDriver] [  833] - Test step:17
[INFO ][2015-12-22 17:21:33,554][com.java.SeleniumDriver] [  845] - Datavalue is----------Concept#3:1-2
[INFO ][2015-12-22 17:21:33,554][com.java.SeleniumDriver] [  869] - DataField : test
[INFO ][2015-12-22 17:21:33,555][com.java.SeleniumDriver] [  871] - DataValue : Concept#3:1-2
[INFO ][2015-12-22 17:21:33,555][com.java.SeleniumDriver] [  877] - <In Set values of the page>
[INFO ][2015-12-22 17:21:33,555][com.java.SeleniumDriver] [  880] - {Data Fields & Data Values Exist}
[INFO ][2015-12-22 17:21:33,555][com.java.SeleniumDriver] [  882] - --------------------------setting values-----------------------------
[INFO ][2015-12-22 17:21:33,555][com.java.SeleniumDriver] [  885] - Action Type : ExecuteTestCase
[INFO ][2015-12-22 17:21:33,555][com.java.TestType] [  437] - The Concept sheet name is ---------- Concept
[INFO ][2015-12-22 17:21:33,555][com.java.TestType] [  440] - The Concept ID  is ---------- 3
[DEBUG][2015-12-22 17:21:33,555][com.java.TestType] [  444] - Steps being executted in the Concept are: 1:2
[INFO ][2015-12-22 17:21:33,556][com.java.TestType] [  451] - Test data details path ---------- D:\BankersDashboard\TestInputs\TestData.xls
[INFO ][2015-12-22 17:21:33,584][com.java.TestType] [  482] -  str(1) = 3
[INFO ][2015-12-22 17:21:33,584][com.java.TestType] [  485] - Test case Id is---3
[INFO ][2015-12-22 17:21:33,584][com.java.TestType] [  487] - 3
[INFO ][2015-12-22 17:21:33,585][com.java.TestType] [  482] -  str(2) = 1
[INFO ][2015-12-22 17:21:33,586][com.java.TestType] [  534] - row values are--------{1=com.java.Objects.TestDataDetails@1cab519}
[INFO ][2015-12-22 17:21:33,586][com.java.TestType] [  482] -  str(1) = 3
[INFO ][2015-12-22 17:21:33,587][com.java.TestType] [  485] - Test case Id is---3
[INFO ][2015-12-22 17:21:33,587][com.java.TestType] [  487] - 3
[INFO ][2015-12-22 17:21:33,587][com.java.TestType] [  482] -  str(2) = 2
[INFO ][2015-12-22 17:21:33,587][com.java.TestType] [  534] - row values are--------{1=com.java.Objects.TestDataDetails@1cab519, 2=com.java.Objects.TestDataDetails@243e61}
[INFO ][2015-12-22 17:21:33,587][com.java.TestType] [10272] - Looping 1TCID = 3
[DEBUG][2015-12-22 17:21:33,588][com.java.TestType] [10313] - Concept ID:3 :: Step being Executed: 3::1
[INFO ][2015-12-22 17:21:33,588][com.java.TestType] [10351] - dataFields : test
[DEBUG][2015-12-22 17:21:33,588][com.java.TestType] [10357] - <In Set values of the page>
[DEBUG][2015-12-22 17:21:33,588][com.java.TestType] [10362] - {Data Fields & Data Values Exist}
[INFO ][2015-12-22 17:21:33,588][com.java.TestType] [10368] - --------------------------setting values-----------------------------
[INFO ][2015-12-22 17:21:33,588][com.java.TestType] [10371] - Action Type : Logout
[INFO ][2015-12-22 17:21:35,856][com.java.TestType] [ 5973] - Field ::CNF
[INFO ][2015-12-22 17:21:35,856][com.java.TestType] [ 5594] - value = OK
[INFO ][2015-12-22 17:21:38,169][com.java.TestType] [ 6106] - Click the object confirmation
[INFO ][2015-12-22 17:21:38,170][com.java.TestType] [ 6107] - Unable to click the object confirmation
[DEBUG][2015-12-22 17:21:39,884][com.java.SeleniumDriver] [  426] - Hub ip address is-------172.17.68.34
[INFO ][2015-12-22 17:21:39,884][com.java.SeleniumDriver] [  452] - Grid URL:http://172.17.68.34:4444/wd/hub
[INFO ][2015-12-22 17:21:39,884][com.java.SeleniumDriver] [  453] - Capability:Capabilities [{platform=ANY, ensureCleanSession=true, ignoreProtectedModeSettings=true, acceptSslCerts=true, ignoreZoomSetting=true, browserName=internet explorer, browserstack.ie.noFlash=true, version=null}]
[ERROR][2015-12-22 17:21:40,886][com.java.SeleniumDriver] [  497] - Unable invoke browser in grid:Could not start a new session. Possible causes are invalid address of the remote server or browser start-up failure.
Build info: version: '2.48.2', revision: '41bccdd', time: '2015-10-09 19:59:12'
System info: host: 'FVTIII438F1D', ip: '172.17.68.34', os.name: 'Windows 7', os.arch: 'x86', os.version: '6.1', java.version: '1.7.0_55'
Driver info: driver.version: SeleniumDriver
[INFO ][2015-12-22 17:21:40,887][com.java.SeleniumDriver] [  499] - Executing on local machine
[INFO ][2015-12-22 17:21:50,737][com.java.TestType] [10390] -  RESULT true
[INFO ][2015-12-22 17:21:50,737][com.java.TestType] [10507] - ?   P A S S   ?
[DEBUG][2015-12-22 17:21:50,737][com.java.TestType] [10313] - Concept ID:3 :: Step being Executed: 3::2
[INFO ][2015-12-22 17:21:50,738][com.java.TestType] [10351] - dataFields : test
[DEBUG][2015-12-22 17:21:50,738][com.java.TestType] [10357] - <In Set values of the page>
[DEBUG][2015-12-22 17:21:50,738][com.java.TestType] [10362] - {Data Fields & Data Values Exist}
[INFO ][2015-12-22 17:21:50,738][com.java.TestType] [10368] - --------------------------setting values-----------------------------
[INFO ][2015-12-22 17:21:50,738][com.java.TestType] [10371] - Action Type : WaitTime
[DEBUG][2015-12-22 17:21:50,738][com.java.TestType] [ 5414] - sleepTime: 2000
[INFO ][2015-12-22 17:21:52,738][com.java.TestType] [10390] -  RESULT true
[INFO ][2015-12-22 17:21:52,738][com.java.TestType] [10507] - ?   P A S S   ?
[INFO ][2015-12-22 17:21:52,738][com.java.TestType] [10578] - Looping End......
[INFO ][2015-12-22 17:21:52,742][com.java.SeleniumDriver] [  894] -  RESULT true
[INFO ][2015-12-22 17:21:52,742][com.java.SeleniumDriver] [ 1100] - ?   P A S S   ?
[INFO ][2015-12-22 17:21:52,742][com.java.SeleniumDriver] [  821] - ------------------------------------------
[INFO ][2015-12-22 17:21:52,742][com.java.SeleniumDriver] [  822] - Test case being Executed: 17
[INFO ][2015-12-22 17:21:52,742][com.java.SeleniumDriver] [  833] - Test step:18
[INFO ][2015-12-22 17:21:52,742][com.java.SeleniumDriver] [  845] - Datavalue is----------Concept#1:1-4
[INFO ][2015-12-22 17:21:52,742][com.java.SeleniumDriver] [  869] - DataField : test
[INFO ][2015-12-22 17:21:52,742][com.java.SeleniumDriver] [  871] - DataValue : Concept#1:1-4
[INFO ][2015-12-22 17:21:52,743][com.java.SeleniumDriver] [  877] - <In Set values of the page>
[INFO ][2015-12-22 17:21:52,743][com.java.SeleniumDriver] [  880] - {Data Fields & Data Values Exist}
[INFO ][2015-12-22 17:21:52,743][com.java.SeleniumDriver] [  882] - --------------------------setting values-----------------------------
[INFO ][2015-12-22 17:21:52,743][com.java.SeleniumDriver] [  885] - Action Type : ExecuteTestCase
[INFO ][2015-12-22 17:21:52,743][com.java.TestType] [  437] - The Concept sheet name is ---------- Concept
[INFO ][2015-12-22 17:21:52,743][com.java.TestType] [  440] - The Concept ID  is ---------- 1
[DEBUG][2015-12-22 17:21:52,743][com.java.TestType] [  444] - Steps being executted in the Concept are: 1:4
[INFO ][2015-12-22 17:21:52,743][com.java.TestType] [  451] - Test data details path ---------- D:\BankersDashboard\TestInputs\TestData.xls
[INFO ][2015-12-22 17:21:52,776][com.java.TestType] [  482] -  str(1) = 1
[INFO ][2015-12-22 17:21:52,776][com.java.TestType] [  485] - Test case Id is---1
[INFO ][2015-12-22 17:21:52,776][com.java.TestType] [  487] - 1
[INFO ][2015-12-22 17:21:52,776][com.java.TestType] [  482] -  str(2) = 1
[INFO ][2015-12-22 17:21:52,778][com.java.TestType] [  534] - row values are--------{1=com.java.Objects.TestDataDetails@175cfac}
[INFO ][2015-12-22 17:21:52,778][com.java.TestType] [  482] -  str(1) = 1
[INFO ][2015-12-22 17:21:52,778][com.java.TestType] [  485] - Test case Id is---1
[INFO ][2015-12-22 17:21:52,779][com.java.TestType] [  487] - 1
[INFO ][2015-12-22 17:21:52,779][com.java.TestType] [  482] -  str(2) = 2
[INFO ][2015-12-22 17:21:52,779][com.java.TestType] [  534] - row values are--------{1=com.java.Objects.TestDataDetails@175cfac, 2=com.java.Objects.TestDataDetails@121eabe}
[INFO ][2015-12-22 17:21:52,779][com.java.TestType] [  482] -  str(1) = 1
[INFO ][2015-12-22 17:21:52,779][com.java.TestType] [  485] - Test case Id is---1
[INFO ][2015-12-22 17:21:52,780][com.java.TestType] [  487] - 1
[INFO ][2015-12-22 17:21:52,780][com.java.TestType] [  482] -  str(2) = 3
[INFO ][2015-12-22 17:21:52,780][com.java.TestType] [  534] - row values are--------{1=com.java.Objects.TestDataDetails@175cfac, 2=com.java.Objects.TestDataDetails@121eabe, 3=com.java.Objects.TestDataDetails@cd7d24}
[INFO ][2015-12-22 17:21:52,780][com.java.TestType] [  482] -  str(1) = 1
[INFO ][2015-12-22 17:21:52,780][com.java.TestType] [  485] - Test case Id is---1
[INFO ][2015-12-22 17:21:52,781][com.java.TestType] [  487] - 1
[INFO ][2015-12-22 17:21:52,781][com.java.TestType] [  482] -  str(2) = 4
[INFO ][2015-12-22 17:21:52,781][com.java.TestType] [  534] - row values are--------{1=com.java.Objects.TestDataDetails@175cfac, 2=com.java.Objects.TestDataDetails@121eabe, 3=com.java.Objects.TestDataDetails@cd7d24, 4=com.java.Objects.TestDataDetails@a569f0}
[INFO ][2015-12-22 17:21:52,781][com.java.TestType] [  482] -  str(1) = 1
[INFO ][2015-12-22 17:21:52,781][com.java.TestType] [  485] - Test case Id is---1
[INFO ][2015-12-22 17:21:52,781][com.java.TestType] [  487] - 1
[INFO ][2015-12-22 17:21:52,781][com.java.TestType] [  482] -  str(2) = 5
[INFO ][2015-12-22 17:21:52,782][com.java.TestType] [  534] - row values are--------{1=com.java.Objects.TestDataDetails@175cfac, 2=com.java.Objects.TestDataDetails@121eabe, 3=com.java.Objects.TestDataDetails@cd7d24, 4=com.java.Objects.TestDataDetails@a569f0, 5=com.java.Objects.TestDataDetails@1966db7}
[INFO ][2015-12-22 17:21:52,782][com.java.TestType] [  482] -  str(1) = 1
[INFO ][2015-12-22 17:21:52,782][com.java.TestType] [  485] - Test case Id is---1
[INFO ][2015-12-22 17:21:52,782][com.java.TestType] [  487] - 1
[INFO ][2015-12-22 17:21:52,782][com.java.TestType] [  482] -  str(2) = 6
[INFO ][2015-12-22 17:21:52,783][com.java.TestType] [  534] - row values are--------{1=com.java.Objects.TestDataDetails@175cfac, 2=com.java.Objects.TestDataDetails@121eabe, 3=com.java.Objects.TestDataDetails@cd7d24, 4=com.java.Objects.TestDataDetails@a569f0, 5=com.java.Objects.TestDataDetails@1966db7, 6=com.java.Objects.TestDataDetails@b9c149}
[INFO ][2015-12-22 17:21:52,783][com.java.TestType] [  482] -  str(1) = 1
[INFO ][2015-12-22 17:21:52,783][com.java.TestType] [  485] - Test case Id is---1
[INFO ][2015-12-22 17:21:52,783][com.java.TestType] [  487] - 1
[INFO ][2015-12-22 17:21:52,783][com.java.TestType] [  482] -  str(2) = 7
[INFO ][2015-12-22 17:21:52,784][com.java.TestType] [  534] - row values are--------{1=com.java.Objects.TestDataDetails@175cfac, 2=com.java.Objects.TestDataDetails@121eabe, 3=com.java.Objects.TestDataDetails@cd7d24, 4=com.java.Objects.TestDataDetails@a569f0, 5=com.java.Objects.TestDataDetails@1966db7, 6=com.java.Objects.TestDataDetails@b9c149, 7=com.java.Objects.TestDataDetails@14aa917}
[INFO ][2015-12-22 17:21:52,784][com.java.TestType] [  482] -  str(1) = 1
[INFO ][2015-12-22 17:21:52,784][com.java.TestType] [  485] - Test case Id is---1
[INFO ][2015-12-22 17:21:52,784][com.java.TestType] [  487] - 1
[INFO ][2015-12-22 17:21:52,784][com.java.TestType] [  482] -  str(2) = 8
[INFO ][2015-12-22 17:21:52,785][com.java.TestType] [  534] - row values are--------{1=com.java.Objects.TestDataDetails@175cfac, 2=com.java.Objects.TestDataDetails@121eabe, 3=com.java.Objects.TestDataDetails@cd7d24, 4=com.java.Objects.TestDataDetails@a569f0, 5=com.java.Objects.TestDataDetails@1966db7, 6=com.java.Objects.TestDataDetails@b9c149, 7=com.java.Objects.TestDataDetails@14aa917, 8=com.java.Objects.TestDataDetails@1761f9d}
[INFO ][2015-12-22 17:21:52,785][com.java.TestType] [  482] -  str(1) = 1
[INFO ][2015-12-22 17:21:52,785][com.java.TestType] [  485] - Test case Id is---1
[INFO ][2015-12-22 17:21:52,786][com.java.TestType] [  487] - 1
[INFO ][2015-12-22 17:21:52,786][com.java.TestType] [  482] -  str(2) = 9
[INFO ][2015-12-22 17:21:52,786][com.java.TestType] [  534] - row values are--------{1=com.java.Objects.TestDataDetails@175cfac, 2=com.java.Objects.TestDataDetails@121eabe, 3=com.java.Objects.TestDataDetails@cd7d24, 4=com.java.Objects.TestDataDetails@a569f0, 5=com.java.Objects.TestDataDetails@1966db7, 6=com.java.Objects.TestDataDetails@b9c149, 7=com.java.Objects.TestDataDetails@14aa917, 8=com.java.Objects.TestDataDetails@1761f9d, 9=com.java.Objects.TestDataDetails@b97c8b}
[INFO ][2015-12-22 17:21:52,786][com.java.TestType] [  482] -  str(1) = 1
[INFO ][2015-12-22 17:21:52,787][com.java.TestType] [  485] - Test case Id is---1
[INFO ][2015-12-22 17:21:52,787][com.java.TestType] [  487] - 1
[INFO ][2015-12-22 17:21:52,787][com.java.TestType] [  482] -  str(2) = 10
[INFO ][2015-12-22 17:21:52,787][com.java.TestType] [  534] - row values are--------{1=com.java.Objects.TestDataDetails@175cfac, 2=com.java.Objects.TestDataDetails@121eabe, 3=com.java.Objects.TestDataDetails@cd7d24, 4=com.java.Objects.TestDataDetails@a569f0, 5=com.java.Objects.TestDataDetails@1966db7, 6=com.java.Objects.TestDataDetails@b9c149, 7=com.java.Objects.TestDataDetails@14aa917, 8=com.java.Objects.TestDataDetails@1761f9d, 9=com.java.Objects.TestDataDetails@b97c8b, 10=com.java.Objects.TestDataDetails@1e69082}
[INFO ][2015-12-22 17:21:52,787][com.java.TestType] [  482] -  str(1) = 1
[INFO ][2015-12-22 17:21:52,787][com.java.TestType] [  485] - Test case Id is---1
[INFO ][2015-12-22 17:21:52,787][com.java.TestType] [  487] - 1
[INFO ][2015-12-22 17:21:52,788][com.java.TestType] [  482] -  str(2) = 11
[INFO ][2015-12-22 17:21:52,788][com.java.TestType] [  534] - row values are--------{1=com.java.Objects.TestDataDetails@175cfac, 2=com.java.Objects.TestDataDetails@121eabe, 3=com.java.Objects.TestDataDetails@cd7d24, 4=com.java.Objects.TestDataDetails@a569f0, 5=com.java.Objects.TestDataDetails@1966db7, 6=com.java.Objects.TestDataDetails@b9c149, 7=com.java.Objects.TestDataDetails@14aa917, 8=com.java.Objects.TestDataDetails@1761f9d, 9=com.java.Objects.TestDataDetails@b97c8b, 10=com.java.Objects.TestDataDetails@1e69082, 11=com.java.Objects.TestDataDetails@8ec1c}
[INFO ][2015-12-22 17:21:52,788][com.java.TestType] [  482] -  str(1) = 1
[INFO ][2015-12-22 17:21:52,788][com.java.TestType] [  485] - Test case Id is---1
[INFO ][2015-12-22 17:21:52,788][com.java.TestType] [  487] - 1
[INFO ][2015-12-22 17:21:52,789][com.java.TestType] [  482] -  str(2) = 12
[INFO ][2015-12-22 17:21:52,789][com.java.TestType] [  534] - row values are--------{1=com.java.Objects.TestDataDetails@175cfac, 2=com.java.Objects.TestDataDetails@121eabe, 3=com.java.Objects.TestDataDetails@cd7d24, 4=com.java.Objects.TestDataDetails@a569f0, 5=com.java.Objects.TestDataDetails@1966db7, 6=com.java.Objects.TestDataDetails@b9c149, 7=com.java.Objects.TestDataDetails@14aa917, 8=com.java.Objects.TestDataDetails@1761f9d, 9=com.java.Objects.TestDataDetails@b97c8b, 10=com.java.Objects.TestDataDetails@1e69082, 11=com.java.Objects.TestDataDetails@8ec1c, 12=com.java.Objects.TestDataDetails@63a671}
[INFO ][2015-12-22 17:21:52,789][com.java.TestType] [  482] -  str(1) = 1
[INFO ][2015-12-22 17:21:52,789][com.java.TestType] [  485] - Test case Id is---1
[INFO ][2015-12-22 17:21:52,789][com.java.TestType] [  487] - 1
[INFO ][2015-12-22 17:21:52,789][com.java.TestType] [  482] -  str(2) = 13
[INFO ][2015-12-22 17:21:52,790][com.java.TestType] [  534] - row values are--------{1=com.java.Objects.TestDataDetails@175cfac, 2=com.java.Objects.TestDataDetails@121eabe, 3=com.java.Objects.TestDataDetails@cd7d24, 4=com.java.Objects.TestDataDetails@a569f0, 5=com.java.Objects.TestDataDetails@1966db7, 6=com.java.Objects.TestDataDetails@b9c149, 7=com.java.Objects.TestDataDetails@14aa917, 8=com.java.Objects.TestDataDetails@1761f9d, 9=com.java.Objects.TestDataDetails@b97c8b, 10=com.java.Objects.TestDataDetails@1e69082, 11=com.java.Objects.TestDataDetails@8ec1c, 12=com.java.Objects.TestDataDetails@63a671, 13=com.java.Objects.TestDataDetails@162d3f4}
[INFO ][2015-12-22 17:21:52,790][com.java.TestType] [  482] -  str(1) = 1
[INFO ][2015-12-22 17:21:52,790][com.java.TestType] [  485] - Test case Id is---1
[INFO ][2015-12-22 17:21:52,790][com.java.TestType] [  487] - 1
[INFO ][2015-12-22 17:21:52,790][com.java.TestType] [  482] -  str(2) = 14
[INFO ][2015-12-22 17:21:52,791][com.java.TestType] [  534] - row values are--------{1=com.java.Objects.TestDataDetails@175cfac, 2=com.java.Objects.TestDataDetails@121eabe, 3=com.java.Objects.TestDataDetails@cd7d24, 4=com.java.Objects.TestDataDetails@a569f0, 5=com.java.Objects.TestDataDetails@1966db7, 6=com.java.Objects.TestDataDetails@b9c149, 7=com.java.Objects.TestDataDetails@14aa917, 8=com.java.Objects.TestDataDetails@1761f9d, 9=com.java.Objects.TestDataDetails@b97c8b, 10=com.java.Objects.TestDataDetails@1e69082, 11=com.java.Objects.TestDataDetails@8ec1c, 12=com.java.Objects.TestDataDetails@63a671, 13=com.java.Objects.TestDataDetails@162d3f4, 14=com.java.Objects.TestDataDetails@4e18a8}
[INFO ][2015-12-22 17:21:52,791][com.java.TestType] [  482] -  str(1) = 1
[INFO ][2015-12-22 17:21:52,791][com.java.TestType] [  485] - Test case Id is---1
[INFO ][2015-12-22 17:21:52,791][com.java.TestType] [  487] - 1
[INFO ][2015-12-22 17:21:52,791][com.java.TestType] [  482] -  str(2) = 15
[INFO ][2015-12-22 17:21:52,792][com.java.TestType] [  534] - row values are--------{1=com.java.Objects.TestDataDetails@175cfac, 2=com.java.Objects.TestDataDetails@121eabe, 3=com.java.Objects.TestDataDetails@cd7d24, 4=com.java.Objects.TestDataDetails@a569f0, 5=com.java.Objects.TestDataDetails@1966db7, 6=com.java.Objects.TestDataDetails@b9c149, 7=com.java.Objects.TestDataDetails@14aa917, 8=com.java.Objects.TestDataDetails@1761f9d, 9=com.java.Objects.TestDataDetails@b97c8b, 10=com.java.Objects.TestDataDetails@1e69082, 11=com.java.Objects.TestDataDetails@8ec1c, 12=com.java.Objects.TestDataDetails@63a671, 13=com.java.Objects.TestDataDetails@162d3f4, 14=com.java.Objects.TestDataDetails@4e18a8, 15=com.java.Objects.TestDataDetails@1391a01}
[INFO ][2015-12-22 17:21:52,792][com.java.TestType] [  482] -  str(1) = 1
[INFO ][2015-12-22 17:21:52,792][com.java.TestType] [  485] - Test case Id is---1
[INFO ][2015-12-22 17:21:52,792][com.java.TestType] [  487] - 1
[INFO ][2015-12-22 17:21:52,792][com.java.TestType] [  482] -  str(2) = 16
[INFO ][2015-12-22 17:21:52,793][com.java.TestType] [  534] - row values are--------{1=com.java.Objects.TestDataDetails@175cfac, 2=com.java.Objects.TestDataDetails@121eabe, 3=com.java.Objects.TestDataDetails@cd7d24, 4=com.java.Objects.TestDataDetails@a569f0, 5=com.java.Objects.TestDataDetails@1966db7, 6=com.java.Objects.TestDataDetails@b9c149, 7=com.java.Objects.TestDataDetails@14aa917, 8=com.java.Objects.TestDataDetails@1761f9d, 9=com.java.Objects.TestDataDetails@b97c8b, 10=com.java.Objects.TestDataDetails@1e69082, 11=com.java.Objects.TestDataDetails@8ec1c, 12=com.java.Objects.TestDataDetails@63a671, 13=com.java.Objects.TestDataDetails@162d3f4, 14=com.java.Objects.TestDataDetails@4e18a8, 15=com.java.Objects.TestDataDetails@1391a01, 16=com.java.Objects.TestDataDetails@4d0242}
[INFO ][2015-12-22 17:21:52,793][com.java.TestType] [10272] - Looping 1TCID = 1
[DEBUG][2015-12-22 17:21:52,793][com.java.TestType] [10313] - Concept ID:1 :: Step being Executed: 1::1
[INFO ][2015-12-22 17:21:52,794][com.java.TestType] [10351] - dataFields : TXTusername
[DEBUG][2015-12-22 17:21:52,794][com.java.TestType] [10357] - <In Set values of the page>
[DEBUG][2015-12-22 17:21:52,794][com.java.TestType] [10362] - {Data Fields & Data Values Exist}
[INFO ][2015-12-22 17:21:52,794][com.java.TestType] [10368] - --------------------------setting values-----------------------------
[INFO ][2015-12-22 17:21:52,794][com.java.TestType] [10371] - Action Type : CLEARANDENTER
[INFO ][2015-12-22 17:21:52,794][com.java.TestType] [ 5594] - value = valuelabs.ie10.33527
[INFO ][2015-12-22 17:21:57,467][com.java.TestType] [10390] -  RESULT true
[INFO ][2015-12-22 17:21:57,467][com.java.TestType] [10507] - ?   P A S S   ?
[DEBUG][2015-12-22 17:21:57,467][com.java.TestType] [10313] - Concept ID:1 :: Step being Executed: 1::2
[INFO ][2015-12-22 17:21:57,467][com.java.TestType] [10351] - dataFields : TXTpassword
[DEBUG][2015-12-22 17:21:57,467][com.java.TestType] [10357] - <In Set values of the page>
[DEBUG][2015-12-22 17:21:57,467][com.java.TestType] [10362] - {Data Fields & Data Values Exist}
[INFO ][2015-12-22 17:21:57,467][com.java.TestType] [10368] - --------------------------setting values-----------------------------
[INFO ][2015-12-22 17:21:57,467][com.java.TestType] [10371] - Action Type : CLEARANDENTER
[INFO ][2015-12-22 17:21:57,467][com.java.TestType] [ 5594] - value = Password1*
[INFO ][2015-12-22 17:22:02,260][com.java.TestType] [10390] -  RESULT true
[INFO ][2015-12-22 17:22:02,260][com.java.TestType] [10507] - ?   P A S S   ?
[DEBUG][2015-12-22 17:22:02,260][com.java.TestType] [10313] - Concept ID:1 :: Step being Executed: 1::3
[ERROR][2015-12-22 17:22:02,260][com.java.TestType] [10346] - Exception: null
[INFO ][2015-12-22 17:22:02,260][com.java.TestType] [10351] - dataFields : XPH//button[@type='submit']
[DEBUG][2015-12-22 17:22:02,260][com.java.TestType] [10357] - <In Set values of the page>
[DEBUG][2015-12-22 17:22:02,260][com.java.TestType] [10362] - {Data Fields & Data Values Exist}
[INFO ][2015-12-22 17:22:02,260][com.java.TestType] [10368] - --------------------------setting values-----------------------------
[INFO ][2015-12-22 17:22:02,260][com.java.TestType] [10371] - Action Type : Click
[INFO ][2015-12-22 17:22:02,261][com.java.TestType] [ 5973] - Field ::XPH//button[@type='submit']
[INFO ][2015-12-22 17:22:02,261][com.java.TestType] [ 5594] - value = 
[INFO ][2015-12-22 17:22:03,261][com.java.TestType] [ 6110] - BEFORE CLICK
[INFO ][2015-12-22 17:22:04,064][com.java.TestType] [ 6118] - Unable to click the object Login
[INFO ][2015-12-22 17:22:04,064][com.java.TestType] [10390] -  RESULT true
[INFO ][2015-12-22 17:22:04,064][com.java.TestType] [10507] - ?   P A S S   ?
[DEBUG][2015-12-22 17:22:04,064][com.java.TestType] [10313] - Concept ID:1 :: Step being Executed: 1::4
[INFO ][2015-12-22 17:22:04,064][com.java.TestType] [10351] - dataFields : LNKLogout
[DEBUG][2015-12-22 17:22:04,064][com.java.TestType] [10357] - <In Set values of the page>
[DEBUG][2015-12-22 17:22:04,064][com.java.TestType] [10362] - {Data Fields & Data Values Exist}
[INFO ][2015-12-22 17:22:04,064][com.java.TestType] [10368] - --------------------------setting values-----------------------------
[INFO ][2015-12-22 17:22:04,064][com.java.TestType] [10371] - Action Type : WaitForElement
[DEBUG][2015-12-22 17:23:37,504][com.java.TestType] [ 6629] - link=Logout   :: Link not Found
[INFO ][2015-12-22 17:23:37,504][com.java.TestType] [10390] -  RESULT false
[INFO ][2015-12-22 17:23:37,504][com.java.TestType] [10428] - ?   F A I L   ?
[DEBUG][2015-12-22 17:23:37,504][com.java.TestType] [10431] - Browser Type : IE10
[INFO ][2015-12-22 17:23:37,504][com.java.TestType] [10578] - Looping End......
[INFO ][2015-12-22 17:23:37,508][com.java.SeleniumDriver] [  894] -  RESULT true
[INFO ][2015-12-22 17:23:37,508][com.java.SeleniumDriver] [ 1100] - ?   P A S S   ?
[INFO ][2015-12-22 17:23:37,509][com.java.SeleniumDriver] [  821] - ------------------------------------------
[INFO ][2015-12-22 17:23:37,509][com.java.SeleniumDriver] [  822] - Test case being Executed: 17
[INFO ][2015-12-22 17:23:37,509][com.java.SeleniumDriver] [  833] - Test step:19
[INFO ][2015-12-22 17:23:37,509][com.java.SeleniumDriver] [  845] - Datavalue is----------appurl
[INFO ][2015-12-22 17:23:37,509][com.java.SeleniumDriver] [  869] - DataField : test
[INFO ][2015-12-22 17:23:37,509][com.java.SeleniumDriver] [  871] - DataValue : https://clients-xuat.bankersdashboard.com
[INFO ][2015-12-22 17:23:37,509][com.java.SeleniumDriver] [  877] - <In Set values of the page>
[INFO ][2015-12-22 17:23:37,509][com.java.SeleniumDriver] [  880] - {Data Fields & Data Values Exist}
[INFO ][2015-12-22 17:23:37,509][com.java.SeleniumDriver] [  882] - --------------------------setting values-----------------------------
[INFO ][2015-12-22 17:23:37,509][com.java.SeleniumDriver] [  885] - Action Type : OPENURL
[INFO ][2015-12-22 17:23:37,509][com.java.TestType] [ 5594] - value = https://clients-xuat.bankersdashboard.com
[INFO ][2015-12-22 17:23:37,509][com.java.TestType] [  353] - Open URL : https://clients-xuat.bankersdashboard.com
[INFO ][2015-12-22 17:23:41,038][com.java.SeleniumDriver] [  894] -  RESULT true
[INFO ][2015-12-22 17:23:41,038][com.java.SeleniumDriver] [ 1100] - ?   P A S S   ?
[INFO ][2015-12-22 17:23:41,038][com.java.SeleniumDriver] [  821] - ------------------------------------------
[INFO ][2015-12-22 17:23:41,038][com.java.SeleniumDriver] [  822] - Test case being Executed: 17
[INFO ][2015-12-22 17:23:41,038][com.java.SeleniumDriver] [  833] - Test step:20
[INFO ][2015-12-22 17:23:41,038][com.java.SeleniumDriver] [  845] - Datavalue is----------Concept#1:6-16
[INFO ][2015-12-22 17:23:41,038][com.java.SeleniumDriver] [  869] - DataField : test
[INFO ][2015-12-22 17:23:41,038][com.java.SeleniumDriver] [  871] - DataValue : Concept#1:6-16
[INFO ][2015-12-22 17:23:41,038][com.java.SeleniumDriver] [  877] - <In Set values of the page>
[INFO ][2015-12-22 17:23:41,038][com.java.SeleniumDriver] [  880] - {Data Fields & Data Values Exist}
[INFO ][2015-12-22 17:23:41,038][com.java.SeleniumDriver] [  882] - --------------------------setting values-----------------------------
[INFO ][2015-12-22 17:23:41,038][com.java.SeleniumDriver] [  885] - Action Type : ExecuteTestCase
[INFO ][2015-12-22 17:23:41,039][com.java.TestType] [  437] - The Concept sheet name is ---------- Concept
[INFO ][2015-12-22 17:23:41,039][com.java.TestType] [  440] - The Concept ID  is ---------- 1
[DEBUG][2015-12-22 17:23:41,039][com.java.TestType] [  444] - Steps being executted in the Concept are: 6:16
[INFO ][2015-12-22 17:23:41,039][com.java.TestType] [  451] - Test data details path ---------- D:\BankersDashboard\TestInputs\TestData.xls
[INFO ][2015-12-22 17:23:41,069][com.java.TestType] [  482] -  str(1) = 1
[INFO ][2015-12-22 17:23:41,069][com.java.TestType] [  485] - Test case Id is---1
[INFO ][2015-12-22 17:23:41,069][com.java.TestType] [  487] - 1
[INFO ][2015-12-22 17:23:41,069][com.java.TestType] [  482] -  str(2) = 1
[INFO ][2015-12-22 17:23:41,071][com.java.TestType] [  534] - row values are--------{1=com.java.Objects.TestDataDetails@f0f707}
[INFO ][2015-12-22 17:23:41,071][com.java.TestType] [  482] -  str(1) = 1
[INFO ][2015-12-22 17:23:41,071][com.java.TestType] [  485] - Test case Id is---1
[INFO ][2015-12-22 17:23:41,071][com.java.TestType] [  487] - 1
[INFO ][2015-12-22 17:23:41,072][com.java.TestType] [  482] -  str(2) = 2
[INFO ][2015-12-22 17:23:41,072][com.java.TestType] [  534] - row values are--------{1=com.java.Objects.TestDataDetails@f0f707, 2=com.java.Objects.TestDataDetails@70f5ea}
[INFO ][2015-12-22 17:23:41,072][com.java.TestType] [  482] -  str(1) = 1
[INFO ][2015-12-22 17:23:41,072][com.java.TestType] [  485] - Test case Id is---1
[INFO ][2015-12-22 17:23:41,073][com.java.TestType] [  487] - 1
[INFO ][2015-12-22 17:23:41,073][com.java.TestType] [  482] -  str(2) = 3
[INFO ][2015-12-22 17:23:41,073][com.java.TestType] [  534] - row values are--------{1=com.java.Objects.TestDataDetails@f0f707, 2=com.java.Objects.TestDataDetails@70f5ea, 3=com.java.Objects.TestDataDetails@aff0c4}
[INFO ][2015-12-22 17:23:41,073][com.java.TestType] [  482] -  str(1) = 1
[INFO ][2015-12-22 17:23:41,073][com.java.TestType] [  485] - Test case Id is---1
[INFO ][2015-12-22 17:23:41,074][com.java.TestType] [  487] - 1
[INFO ][2015-12-22 17:23:41,074][com.java.TestType] [  482] -  str(2) = 4
[INFO ][2015-12-22 17:23:41,074][com.java.TestType] [  534] - row values are--------{1=com.java.Objects.TestDataDetails@f0f707, 2=com.java.Objects.TestDataDetails@70f5ea, 3=com.java.Objects.TestDataDetails@aff0c4, 4=com.java.Objects.TestDataDetails@602b28}
[INFO ][2015-12-22 17:23:41,074][com.java.TestType] [  482] -  str(1) = 1
[INFO ][2015-12-22 17:23:41,074][com.java.TestType] [  485] - Test case Id is---1
[INFO ][2015-12-22 17:23:41,074][com.java.TestType] [  487] - 1
[INFO ][2015-12-22 17:23:41,075][com.java.TestType] [  482] -  str(2) = 5
[INFO ][2015-12-22 17:23:41,075][com.java.TestType] [  534] - row values are--------{1=com.java.Objects.TestDataDetails@f0f707, 2=com.java.Objects.TestDataDetails@70f5ea, 3=com.java.Objects.TestDataDetails@aff0c4, 4=com.java.Objects.TestDataDetails@602b28, 5=com.java.Objects.TestDataDetails@8c9e70}
[INFO ][2015-12-22 17:23:41,075][com.java.TestType] [  482] -  str(1) = 1
[INFO ][2015-12-22 17:23:41,075][com.java.TestType] [  485] - Test case Id is---1
[INFO ][2015-12-22 17:23:41,075][com.java.TestType] [  487] - 1
[INFO ][2015-12-22 17:23:41,075][com.java.TestType] [  482] -  str(2) = 6
[INFO ][2015-12-22 17:23:41,076][com.java.TestType] [  534] - row values are--------{1=com.java.Objects.TestDataDetails@f0f707, 2=com.java.Objects.TestDataDetails@70f5ea, 3=com.java.Objects.TestDataDetails@aff0c4, 4=com.java.Objects.TestDataDetails@602b28, 5=com.java.Objects.TestDataDetails@8c9e70, 6=com.java.Objects.TestDataDetails@1b67ac7}
[INFO ][2015-12-22 17:23:41,076][com.java.TestType] [  482] -  str(1) = 1
[INFO ][2015-12-22 17:23:41,076][com.java.TestType] [  485] - Test case Id is---1
[INFO ][2015-12-22 17:23:41,076][com.java.TestType] [  487] - 1
[INFO ][2015-12-22 17:23:41,076][com.java.TestType] [  482] -  str(2) = 7
[INFO ][2015-12-22 17:23:41,077][com.java.TestType] [  534] - row values are--------{1=com.java.Objects.TestDataDetails@f0f707, 2=com.java.Objects.TestDataDetails@70f5ea, 3=com.java.Objects.TestDataDetails@aff0c4, 4=com.java.Objects.TestDataDetails@602b28, 5=com.java.Objects.TestDataDetails@8c9e70, 6=com.java.Objects.TestDataDetails@1b67ac7, 7=com.java.Objects.TestDataDetails@18d9a14}
[INFO ][2015-12-22 17:23:41,077][com.java.TestType] [  482] -  str(1) = 1
[INFO ][2015-12-22 17:23:41,077][com.java.TestType] [  485] - Test case Id is---1
[INFO ][2015-12-22 17:23:41,077][com.java.TestType] [  487] - 1
[INFO ][2015-12-22 17:23:41,077][com.java.TestType] [  482] -  str(2) = 8
[INFO ][2015-12-22 17:23:41,078][com.java.TestType] [  534] - row values are--------{1=com.java.Objects.TestDataDetails@f0f707, 2=com.java.Objects.TestDataDetails@70f5ea, 3=com.java.Objects.TestDataDetails@aff0c4, 4=com.java.Objects.TestDataDetails@602b28, 5=com.java.Objects.TestDataDetails@8c9e70, 6=com.java.Objects.TestDataDetails@1b67ac7, 7=com.java.Objects.TestDataDetails@18d9a14, 8=com.java.Objects.TestDataDetails@1e5bfa4}
[INFO ][2015-12-22 17:23:41,078][com.java.TestType] [  482] -  str(1) = 1
[INFO ][2015-12-22 17:23:41,078][com.java.TestType] [  485] - Test case Id is---1
[INFO ][2015-12-22 17:23:41,078][com.java.TestType] [  487] - 1
[INFO ][2015-12-22 17:23:41,078][com.java.TestType] [  482] -  str(2) = 9
[INFO ][2015-12-22 17:23:41,079][com.java.TestType] [  534] - row values are--------{1=com.java.Objects.TestDataDetails@f0f707, 2=com.java.Objects.TestDataDetails@70f5ea, 3=com.java.Objects.TestDataDetails@aff0c4, 4=com.java.Objects.TestDataDetails@602b28, 5=com.java.Objects.TestDataDetails@8c9e70, 6=com.java.Objects.TestDataDetails@1b67ac7, 7=com.java.Objects.TestDataDetails@18d9a14, 8=com.java.Objects.TestDataDetails@1e5bfa4, 9=com.java.Objects.TestDataDetails@116a94f}
[INFO ][2015-12-22 17:23:41,080][com.java.TestType] [  482] -  str(1) = 1
[INFO ][2015-12-22 17:23:41,080][com.java.TestType] [  485] - Test case Id is---1
[INFO ][2015-12-22 17:23:41,080][com.java.TestType] [  487] - 1
[INFO ][2015-12-22 17:23:41,080][com.java.TestType] [  482] -  str(2) = 10
[INFO ][2015-12-22 17:23:41,080][com.java.TestType] [  534] - row values are--------{1=com.java.Objects.TestDataDetails@f0f707, 2=com.java.Objects.TestDataDetails@70f5ea, 3=com.java.Objects.TestDataDetails@aff0c4, 4=com.java.Objects.TestDataDetails@602b28, 5=com.java.Objects.TestDataDetails@8c9e70, 6=com.java.Objects.TestDataDetails@1b67ac7, 7=com.java.Objects.TestDataDetails@18d9a14, 8=com.java.Objects.TestDataDetails@1e5bfa4, 9=com.java.Objects.TestDataDetails@116a94f, 10=com.java.Objects.TestDataDetails@1b8deec}
[INFO ][2015-12-22 17:23:41,081][com.java.TestType] [  482] -  str(1) = 1
[INFO ][2015-12-22 17:23:41,081][com.java.TestType] [  485] - Test case Id is---1
[INFO ][2015-12-22 17:23:41,081][com.java.TestType] [  487] - 1
[INFO ][2015-12-22 17:23:41,081][com.java.TestType] [  482] -  str(2) = 11
[INFO ][2015-12-22 17:23:41,081][com.java.TestType] [  534] - row values are--------{1=com.java.Objects.TestDataDetails@f0f707, 2=com.java.Objects.TestDataDetails@70f5ea, 3=com.java.Objects.TestDataDetails@aff0c4, 4=com.java.Objects.TestDataDetails@602b28, 5=com.java.Objects.TestDataDetails@8c9e70, 6=com.java.Objects.TestDataDetails@1b67ac7, 7=com.java.Objects.TestDataDetails@18d9a14, 8=com.java.Objects.TestDataDetails@1e5bfa4, 9=com.java.Objects.TestDataDetails@116a94f, 10=com.java.Objects.TestDataDetails@1b8deec, 11=com.java.Objects.TestDataDetails@902853}
[INFO ][2015-12-22 17:23:41,081][com.java.TestType] [  482] -  str(1) = 1
[INFO ][2015-12-22 17:23:41,082][com.java.TestType] [  485] - Test case Id is---1
[INFO ][2015-12-22 17:23:41,082][com.java.TestType] [  487] - 1
[INFO ][2015-12-22 17:23:41,082][com.java.TestType] [  482] -  str(2) = 12
[INFO ][2015-12-22 17:23:41,082][com.java.TestType] [  534] - row values are--------{1=com.java.Objects.TestDataDetails@f0f707, 2=com.java.Objects.TestDataDetails@70f5ea, 3=com.java.Objects.TestDataDetails@aff0c4, 4=com.java.Objects.TestDataDetails@602b28, 5=com.java.Objects.TestDataDetails@8c9e70, 6=com.java.Objects.TestDataDetails@1b67ac7, 7=com.java.Objects.TestDataDetails@18d9a14, 8=com.java.Objects.TestDataDetails@1e5bfa4, 9=com.java.Objects.TestDataDetails@116a94f, 10=com.java.Objects.TestDataDetails@1b8deec, 11=com.java.Objects.TestDataDetails@902853, 12=com.java.Objects.TestDataDetails@177dacd}
[INFO ][2015-12-22 17:23:41,082][com.java.TestType] [  482] -  str(1) = 1
[INFO ][2015-12-22 17:23:41,082][com.java.TestType] [  485] - Test case Id is---1
[INFO ][2015-12-22 17:23:41,083][com.java.TestType] [  487] - 1
[INFO ][2015-12-22 17:23:41,083][com.java.TestType] [  482] -  str(2) = 13
[INFO ][2015-12-22 17:23:41,083][com.java.TestType] [  534] - row values are--------{1=com.java.Objects.TestDataDetails@f0f707, 2=com.java.Objects.TestDataDetails@70f5ea, 3=com.java.Objects.TestDataDetails@aff0c4, 4=com.java.Objects.TestDataDetails@602b28, 5=com.java.Objects.TestDataDetails@8c9e70, 6=com.java.Objects.TestDataDetails@1b67ac7, 7=com.java.Objects.TestDataDetails@18d9a14, 8=com.java.Objects.TestDataDetails@1e5bfa4, 9=com.java.Objects.TestDataDetails@116a94f, 10=com.java.Objects.TestDataDetails@1b8deec, 11=com.java.Objects.TestDataDetails@902853, 12=com.java.Objects.TestDataDetails@177dacd, 13=com.java.Objects.TestDataDetails@d9a936}
[INFO ][2015-12-22 17:23:41,083][com.java.TestType] [  482] -  str(1) = 1
[INFO ][2015-12-22 17:23:41,083][com.java.TestType] [  485] - Test case Id is---1
[INFO ][2015-12-22 17:23:41,083][com.java.TestType] [  487] - 1
[INFO ][2015-12-22 17:23:41,083][com.java.TestType] [  482] -  str(2) = 14
[INFO ][2015-12-22 17:23:41,084][com.java.TestType] [  534] - row values are--------{1=com.java.Objects.TestDataDetails@f0f707, 2=com.java.Objects.TestDataDetails@70f5ea, 3=com.java.Objects.TestDataDetails@aff0c4, 4=com.java.Objects.TestDataDetails@602b28, 5=com.java.Objects.TestDataDetails@8c9e70, 6=com.java.Objects.TestDataDetails@1b67ac7, 7=com.java.Objects.TestDataDetails@18d9a14, 8=com.java.Objects.TestDataDetails@1e5bfa4, 9=com.java.Objects.TestDataDetails@116a94f, 10=com.java.Objects.TestDataDetails@1b8deec, 11=com.java.Objects.TestDataDetails@902853, 12=com.java.Objects.TestDataDetails@177dacd, 13=com.java.Objects.TestDataDetails@d9a936, 14=com.java.Objects.TestDataDetails@188cd9f}
[INFO ][2015-12-22 17:23:41,084][com.java.TestType] [  482] -  str(1) = 1
[INFO ][2015-12-22 17:23:41,084][com.java.TestType] [  485] - Test case Id is---1
[INFO ][2015-12-22 17:23:41,084][com.java.TestType] [  487] - 1
[INFO ][2015-12-22 17:23:41,084][com.java.TestType] [  482] -  str(2) = 15
[INFO ][2015-12-22 17:23:41,085][com.java.TestType] [  534] - row values are--------{1=com.java.Objects.TestDataDetails@f0f707, 2=com.java.Objects.TestDataDetails@70f5ea, 3=com.java.Objects.TestDataDetails@aff0c4, 4=com.java.Objects.TestDataDetails@602b28, 5=com.java.Objects.TestDataDetails@8c9e70, 6=com.java.Objects.TestDataDetails@1b67ac7, 7=com.java.Objects.TestDataDetails@18d9a14, 8=com.java.Objects.TestDataDetails@1e5bfa4, 9=com.java.Objects.TestDataDetails@116a94f, 10=com.java.Objects.TestDataDetails@1b8deec, 11=com.java.Objects.TestDataDetails@902853, 12=com.java.Objects.TestDataDetails@177dacd, 13=com.java.Objects.TestDataDetails@d9a936, 14=com.java.Objects.TestDataDetails@188cd9f, 15=com.java.Objects.TestDataDetails@1e05dec}
[INFO ][2015-12-22 17:23:41,085][com.java.TestType] [  482] -  str(1) = 1
[INFO ][2015-12-22 17:23:41,085][com.java.TestType] [  485] - Test case Id is---1
[INFO ][2015-12-22 17:23:41,085][com.java.TestType] [  487] - 1
[INFO ][2015-12-22 17:23:41,085][com.java.TestType] [  482] -  str(2) = 16
[INFO ][2015-12-22 17:23:41,086][com.java.TestType] [  534] - row values are--------{1=com.java.Objects.TestDataDetails@f0f707, 2=com.java.Objects.TestDataDetails@70f5ea, 3=com.java.Objects.TestDataDetails@aff0c4, 4=com.java.Objects.TestDataDetails@602b28, 5=com.java.Objects.TestDataDetails@8c9e70, 6=com.java.Objects.TestDataDetails@1b67ac7, 7=com.java.Objects.TestDataDetails@18d9a14, 8=com.java.Objects.TestDataDetails@1e5bfa4, 9=com.java.Objects.TestDataDetails@116a94f, 10=com.java.Objects.TestDataDetails@1b8deec, 11=com.java.Objects.TestDataDetails@902853, 12=com.java.Objects.TestDataDetails@177dacd, 13=com.java.Objects.TestDataDetails@d9a936, 14=com.java.Objects.TestDataDetails@188cd9f, 15=com.java.Objects.TestDataDetails@1e05dec, 16=com.java.Objects.TestDataDetails@1b818b0}
[INFO ][2015-12-22 17:23:41,086][com.java.TestType] [10272] - Looping 1TCID = 1
[DEBUG][2015-12-22 17:23:41,086][com.java.TestType] [10313] - Concept ID:1 :: Step being Executed: 1::6
[INFO ][2015-12-22 17:23:41,086][com.java.TestType] [10351] - dataFields : LNKLogout
[DEBUG][2015-12-22 17:23:41,086][com.java.TestType] [10357] - <In Set values of the page>
[DEBUG][2015-12-22 17:23:41,086][com.java.TestType] [10362] - {Data Fields & Data Values Exist}
[INFO ][2015-12-22 17:23:41,086][com.java.TestType] [10368] - --------------------------setting values-----------------------------
[INFO ][2015-12-22 17:23:41,087][com.java.TestType] [10371] - Action Type : WaitTime
[DEBUG][2015-12-22 17:23:41,087][com.java.TestType] [ 5414] - sleepTime: 3000
[INFO ][2015-12-22 17:23:44,087][com.java.TestType] [10390] -  RESULT true
[INFO ][2015-12-22 17:23:44,088][com.java.TestType] [10507] - ?   P A S S   ?
[DEBUG][2015-12-22 17:23:44,088][com.java.TestType] [10313] - Concept ID:1 :: Step being Executed: 1::7
[INFO ][2015-12-22 17:23:44,088][com.java.TestType] [10351] - dataFields : TTL
[DEBUG][2015-12-22 17:23:44,088][com.java.TestType] [10357] - <In Set values of the page>
[DEBUG][2015-12-22 17:23:44,088][com.java.TestType] [10362] - {Data Fields & Data Values Exist}
[INFO ][2015-12-22 17:23:44,088][com.java.TestType] [10368] - --------------------------setting values-----------------------------
[INFO ][2015-12-22 17:23:44,088][com.java.TestType] [10371] - Action Type : SelectWindow
[INFO ][2015-12-22 17:23:56,678][com.java.TestType] [10390] -  RESULT true
[INFO ][2015-12-22 17:23:56,678][com.java.TestType] [10507] - ?   P A S S   ?
[DEBUG][2015-12-22 17:23:56,678][com.java.TestType] [10313] - Concept ID:1 :: Step being Executed: 1::8
[INFO ][2015-12-22 17:23:56,678][com.java.TestType] [10351] - dataFields : test
[DEBUG][2015-12-22 17:23:56,678][com.java.TestType] [10357] - <In Set values of the page>
[DEBUG][2015-12-22 17:23:56,678][com.java.TestType] [10362] - {Data Fields & Data Values Exist}
[INFO ][2015-12-22 17:23:56,678][com.java.TestType] [10368] - --------------------------setting values-----------------------------
[INFO ][2015-12-22 17:23:56,678][com.java.TestType] [10371] - Action Type : WaitTime
[DEBUG][2015-12-22 17:23:56,679][com.java.TestType] [ 5414] - sleepTime: 20000
[INFO ][2015-12-22 17:24:16,680][com.java.TestType] [10390] -  RESULT true
[INFO ][2015-12-22 17:24:16,680][com.java.TestType] [10507] - ?   P A S S   ?
[DEBUG][2015-12-22 17:24:16,680][com.java.TestType] [10313] - Concept ID:1 :: Step being Executed: 1::9
[ERROR][2015-12-22 17:24:16,680][com.java.TestType] [10346] - Exception: null
[INFO ][2015-12-22 17:24:16,680][com.java.TestType] [10351] - dataFields : //span[@class='icon-cog2']&&//a[@data-id="UserSettings"]
[DEBUG][2015-12-22 17:24:16,680][com.java.TestType] [10357] - <In Set values of the page>
[DEBUG][2015-12-22 17:24:16,680][com.java.TestType] [10362] - {Data Fields & Data Values Exist}
[INFO ][2015-12-22 17:24:16,680][com.java.TestType] [10368] - --------------------------setting values-----------------------------
[INFO ][2015-12-22 17:24:16,680][com.java.TestType] [10371] - Action Type : MouseOver
[INFO ][2015-12-22 17:24:39,765][com.java.TestType] [10390] -  RESULT true
[INFO ][2015-12-22 17:24:39,765][com.java.TestType] [10507] - ?   P A S S   ?
[DEBUG][2015-12-22 17:24:39,765][com.java.TestType] [10313] - Concept ID:1 :: Step being Executed: 1::10
[INFO ][2015-12-22 17:24:39,765][com.java.TestType] [10351] - dataFields : BTNframeDialogContent
[DEBUG][2015-12-22 17:24:39,765][com.java.TestType] [10357] - <In Set values of the page>
[DEBUG][2015-12-22 17:24:39,765][com.java.TestType] [10362] - {Data Fields & Data Values Exist}
[INFO ][2015-12-22 17:24:39,765][com.java.TestType] [10368] - --------------------------setting values-----------------------------
[INFO ][2015-12-22 17:24:39,765][com.java.TestType] [10371] - Action Type : WaitForElement
[INFO ][2015-12-22 17:24:40,978][com.java.TestType] [10390] -  RESULT true
[INFO ][2015-12-22 17:24:40,978][com.java.TestType] [10507] - ?   P A S S   ?
[DEBUG][2015-12-22 17:24:40,978][com.java.TestType] [10313] - Concept ID:1 :: Step being Executed: 1::11
[INFO ][2015-12-22 17:24:40,978][com.java.TestType] [10351] - dataFields : BTN
[DEBUG][2015-12-22 17:24:40,978][com.java.TestType] [10357] - <In Set values of the page>
[DEBUG][2015-12-22 17:24:40,979][com.java.TestType] [10362] - {Data Fields & Data Values Exist}
[INFO ][2015-12-22 17:24:40,979][com.java.TestType] [10368] - --------------------------setting values-----------------------------
[INFO ][2015-12-22 17:24:40,979][com.java.TestType] [10371] - Action Type : SELECTFRAMEBYNAME
[INFO ][2015-12-22 17:24:40,979][com.java.TestType] [ 5594] - value = frameDialogContent
[INFO ][2015-12-22 17:24:41,051][com.java.TestType] [10390] -  RESULT true
[INFO ][2015-12-22 17:24:41,051][com.java.TestType] [10507] - ?   P A S S   ?
[DEBUG][2015-12-22 17:24:41,052][com.java.TestType] [10313] - Concept ID:1 :: Step being Executed: 1::12
[INFO ][2015-12-22 17:24:41,052][com.java.TestType] [10351] - dataFields : SLBddlOpenBDInNewWindow
[DEBUG][2015-12-22 17:24:41,052][com.java.TestType] [10357] - <In Set values of the page>
[DEBUG][2015-12-22 17:24:41,052][com.java.TestType] [10362] - {Data Fields & Data Values Exist}
[INFO ][2015-12-22 17:24:41,052][com.java.TestType] [10368] - --------------------------setting values-----------------------------
[INFO ][2015-12-22 17:24:41,052][com.java.TestType] [10371] - Action Type : Select
[INFO ][2015-12-22 17:24:41,052][com.java.TestType] [ 5594] - value = No
[INFO ][2015-12-22 17:24:43,381][com.java.TestType] [10390] -  RESULT true
[INFO ][2015-12-22 17:24:43,381][com.java.TestType] [10507] - ?   P A S S   ?
[DEBUG][2015-12-22 17:24:43,381][com.java.TestType] [10313] - Concept ID:1 :: Step being Executed: 1::13
[ERROR][2015-12-22 17:24:43,381][com.java.TestType] [10346] - Exception: null
[INFO ][2015-12-22 17:24:43,381][com.java.TestType] [10351] - dataFields : BTNparent
[DEBUG][2015-12-22 17:24:43,381][com.java.TestType] [10357] - <In Set values of the page>
[DEBUG][2015-12-22 17:24:43,381][com.java.TestType] [10362] - {Data Fields & Data Values Exist}
[INFO ][2015-12-22 17:24:43,381][com.java.TestType] [10368] - --------------------------setting values-----------------------------
[INFO ][2015-12-22 17:24:43,381][com.java.TestType] [10371] - Action Type : SELECTFRAME
[INFO ][2015-12-22 17:24:43,397][com.java.TestType] [10390] -  RESULT true
[INFO ][2015-12-22 17:24:43,397][com.java.TestType] [10507] - ?   P A S S   ?
[DEBUG][2015-12-22 17:24:43,397][com.java.TestType] [10313] - Concept ID:1 :: Step being Executed: 1::14
[ERROR][2015-12-22 17:24:43,397][com.java.TestType] [10346] - Exception: null
[INFO ][2015-12-22 17:24:43,397][com.java.TestType] [10351] - dataFields : BTN//span[text()='Finished']
[DEBUG][2015-12-22 17:24:43,397][com.java.TestType] [10357] - <In Set values of the page>
[DEBUG][2015-12-22 17:24:43,398][com.java.TestType] [10362] - {Data Fields & Data Values Exist}
[INFO ][2015-12-22 17:24:43,398][com.java.TestType] [10368] - --------------------------setting values-----------------------------
[INFO ][2015-12-22 17:24:43,398][com.java.TestType] [10371] - Action Type : Click
[INFO ][2015-12-22 17:24:43,398][com.java.TestType] [ 5973] - Field ::BTN//span[text()='Finished']
[INFO ][2015-12-22 17:24:43,398][com.java.TestType] [ 5594] - value = 
[INFO ][2015-12-22 17:24:44,398][com.java.TestType] [ 6089] - BEFORE CLICK
[INFO ][2015-12-22 17:24:44,701][com.java.TestType] [ 6096] - Unable to click the object Finished button
[INFO ][2015-12-22 17:24:44,701][com.java.TestType] [10390] -  RESULT true
[INFO ][2015-12-22 17:24:44,701][com.java.TestType] [10507] - ?   P A S S   ?
[DEBUG][2015-12-22 17:24:44,701][com.java.TestType] [10313] - Concept ID:1 :: Step being Executed: 1::15
[INFO ][2015-12-22 17:24:44,701][com.java.TestType] [10351] - dataFields : LNK
[DEBUG][2015-12-22 17:24:44,701][com.java.TestType] [10357] - <In Set values of the page>
[DEBUG][2015-12-22 17:24:44,702][com.java.TestType] [10362] - {Data Fields & Data Values Exist}
[INFO ][2015-12-22 17:24:44,702][com.java.TestType] [10368] - --------------------------setting values-----------------------------
[INFO ][2015-12-22 17:24:44,702][com.java.TestType] [10371] - Action Type : Verify
[INFO ][2015-12-22 17:24:44,702][com.java.TestType] [ 6944] - field= LNK value= Logout
[INFO ][2015-12-22 17:24:44,702][com.java.TestType] [ 5594] - value = Logout
[INFO ][2015-12-22 17:24:44,776][com.java.TestType] [10390] -  RESULT true
[INFO ][2015-12-22 17:24:44,776][com.java.TestType] [10507] - ?   P A S S   ?
[DEBUG][2015-12-22 17:24:44,776][com.java.TestType] [10313] - Concept ID:1 :: Step being Executed: 1::16
[INFO ][2015-12-22 17:24:44,776][com.java.TestType] [10351] - dataFields : BTN
[DEBUG][2015-12-22 17:24:44,776][com.java.TestType] [10357] - <In Set values of the page>
[DEBUG][2015-12-22 17:24:44,776][com.java.TestType] [10362] - {Data Fields & Data Values Exist}
[INFO ][2015-12-22 17:24:44,776][com.java.TestType] [10368] - --------------------------setting values-----------------------------
[INFO ][2015-12-22 17:24:44,777][com.java.TestType] [10371] - Action Type : Verify
[INFO ][2015-12-22 17:24:44,777][com.java.TestType] [ 6944] - field= BTN value= //img[contains(@src,'bdlogo.jpg')]
[INFO ][2015-12-22 17:24:44,777][com.java.TestType] [ 5594] - value = //img[contains(@src,'bdlogo.jpg')]
[INFO ][2015-12-22 17:24:44,847][com.java.TestType] [10390] -  RESULT true
[INFO ][2015-12-22 17:24:44,847][com.java.TestType] [10507] - ?   P A S S   ?
[INFO ][2015-12-22 17:24:44,847][com.java.TestType] [10578] - Looping End......
[INFO ][2015-12-22 17:24:44,851][com.java.SeleniumDriver] [  894] -  RESULT true
[INFO ][2015-12-22 17:24:44,851][com.java.SeleniumDriver] [ 1100] - ?   P A S S   ?
[INFO ][2015-12-22 17:24:44,851][com.java.SeleniumDriver] [  821] - ------------------------------------------
[INFO ][2015-12-22 17:24:44,851][com.java.SeleniumDriver] [  822] - Test case being Executed: 17
[INFO ][2015-12-22 17:24:44,851][com.java.SeleniumDriver] [  833] - Test step:21
[INFO ][2015-12-22 17:24:44,851][com.java.SeleniumDriver] [  845] - Datavalue is----------Concept#3:1-2
[INFO ][2015-12-22 17:24:44,851][com.java.SeleniumDriver] [  869] - DataField : test
[INFO ][2015-12-22 17:24:44,851][com.java.SeleniumDriver] [  871] - DataValue : Concept#3:1-2
[INFO ][2015-12-22 17:24:44,851][com.java.SeleniumDriver] [  877] - <In Set values of the page>
[INFO ][2015-12-22 17:24:44,851][com.java.SeleniumDriver] [  880] - {Data Fields & Data Values Exist}
[INFO ][2015-12-22 17:24:44,851][com.java.SeleniumDriver] [  882] - --------------------------setting values-----------------------------
[INFO ][2015-12-22 17:24:44,851][com.java.SeleniumDriver] [  885] - Action Type : ExecuteTestCase
[INFO ][2015-12-22 17:24:44,852][com.java.TestType] [  437] - The Concept sheet name is ---------- Concept
[INFO ][2015-12-22 17:24:44,852][com.java.TestType] [  440] - The Concept ID  is ---------- 3
[DEBUG][2015-12-22 17:24:44,852][com.java.TestType] [  444] - Steps being executted in the Concept are: 1:2
[INFO ][2015-12-22 17:24:44,852][com.java.TestType] [  451] - Test data details path ---------- D:\BankersDashboard\TestInputs\TestData.xls
[INFO ][2015-12-22 17:24:44,885][com.java.TestType] [  482] -  str(1) = 3
[INFO ][2015-12-22 17:24:44,885][com.java.TestType] [  485] - Test case Id is---3
[INFO ][2015-12-22 17:24:44,885][com.java.TestType] [  487] - 3
[INFO ][2015-12-22 17:24:44,885][com.java.TestType] [  482] -  str(2) = 1
[INFO ][2015-12-22 17:24:44,887][com.java.TestType] [  534] - row values are--------{1=com.java.Objects.TestDataDetails@47efa5}
[INFO ][2015-12-22 17:24:44,887][com.java.TestType] [  482] -  str(1) = 3
[INFO ][2015-12-22 17:24:44,887][com.java.TestType] [  485] - Test case Id is---3
[INFO ][2015-12-22 17:24:44,887][com.java.TestType] [  487] - 3
[INFO ][2015-12-22 17:24:44,887][com.java.TestType] [  482] -  str(2) = 2
[INFO ][2015-12-22 17:24:44,889][com.java.TestType] [  534] - row values are--------{1=com.java.Objects.TestDataDetails@47efa5, 2=com.java.Objects.TestDataDetails@7e8a11}
[INFO ][2015-12-22 17:24:44,889][com.java.TestType] [10272] - Looping 1TCID = 3
[DEBUG][2015-12-22 17:24:44,889][com.java.TestType] [10313] - Concept ID:3 :: Step being Executed: 3::1
[INFO ][2015-12-22 17:24:44,889][com.java.TestType] [10351] - dataFields : test
[DEBUG][2015-12-22 17:24:44,889][com.java.TestType] [10357] - <In Set values of the page>
[DEBUG][2015-12-22 17:24:44,889][com.java.TestType] [10362] - {Data Fields & Data Values Exist}
[INFO ][2015-12-22 17:24:44,889][com.java.TestType] [10368] - --------------------------setting values-----------------------------
[INFO ][2015-12-22 17:24:44,889][com.java.TestType] [10371] - Action Type : Logout
[INFO ][2015-12-22 17:24:47,752][com.java.TestType] [ 5973] - Field ::CNF
[INFO ][2015-12-22 17:24:47,752][com.java.TestType] [ 5594] - value = OK
[ERROR][2015-12-22 17:24:48,759][com.java.TestType] [ 6284] - Exception in click:: Unable to get browser (WARNING: The server did not provide any stacktrace information)
Command duration or timeout: 5 milliseconds
Build info: version: '2.48.2', revision: '41bccdd', time: '2015-10-09 19:59:12'
System info: host: 'FVTIII438F1D', ip: '172.17.68.34', os.name: 'Windows 7', os.arch: 'x86', os.version: '6.1', java.version: '1.7.0_55'
Session ID: ace2035a-5e25-422c-86ac-f6198a3e13a4
Driver info: org.openqa.selenium.ie.InternetExplorerDriver
Capabilities [{platform=WINDOWS, javascriptEnabled=true, elementScrollBehavior=0, ignoreZoomSetting=false, enablePersistentHover=true, ie.ensureCleanSession=false, browserName=internet explorer, enableElementCacheCleanup=true, unexpectedAlertBehaviour=dismiss, version=10, ie.usePerProcessProxy=false, ignoreProtectedModeSettings=true, cssSelectorsEnabled=true, requireWindowFocus=false, initialBrowserUrl=http://localhost:27097/, handlesAlerts=true, ie.forceCreateProcessApi=false, nativeEvents=true, browserAttachTimeout=0, ie.browserCommandLineSwitches=, takesScreenshot=true}]
[INFO ][2015-12-22 17:24:48,759][com.java.TestType] [ 6288] - Element :::: not found
[DEBUG][2015-12-22 17:24:49,889][com.java.SeleniumDriver] [  426] - Hub ip address is-------172.17.68.34
[INFO ][2015-12-22 17:24:49,889][com.java.SeleniumDriver] [  452] - Grid URL:http://172.17.68.34:4444/wd/hub
[INFO ][2015-12-22 17:24:49,889][com.java.SeleniumDriver] [  453] - Capability:Capabilities [{platform=ANY, ensureCleanSession=true, ignoreProtectedModeSettings=true, acceptSslCerts=true, ignoreZoomSetting=true, browserName=internet explorer, browserstack.ie.noFlash=true, version=null}]
[ERROR][2015-12-22 17:24:50,893][com.java.SeleniumDriver] [  497] - Unable invoke browser in grid:Could not start a new session. Possible causes are invalid address of the remote server or browser start-up failure.
Build info: version: '2.48.2', revision: '41bccdd', time: '2015-10-09 19:59:12'
System info: host: 'FVTIII438F1D', ip: '172.17.68.34', os.name: 'Windows 7', os.arch: 'x86', os.version: '6.1', java.version: '1.7.0_55'
Driver info: driver.version: SeleniumDriver
[INFO ][2015-12-22 17:24:50,893][com.java.SeleniumDriver] [  499] - Executing on local machine
[INFO ][2015-12-22 17:25:01,234][com.java.TestType] [10390] -  RESULT true
[INFO ][2015-12-22 17:25:01,234][com.java.TestType] [10507] - ?   P A S S   ?
[DEBUG][2015-12-22 17:25:01,234][com.java.TestType] [10313] - Concept ID:3 :: Step being Executed: 3::2
[INFO ][2015-12-22 17:25:01,234][com.java.TestType] [10351] - dataFields : test
[DEBUG][2015-12-22 17:25:01,234][com.java.TestType] [10357] - <In Set values of the page>
[DEBUG][2015-12-22 17:25:01,234][com.java.TestType] [10362] - {Data Fields & Data Values Exist}
[INFO ][2015-12-22 17:25:01,234][com.java.TestType] [10368] - --------------------------setting values-----------------------------
[INFO ][2015-12-22 17:25:01,234][com.java.TestType] [10371] - Action Type : WaitTime
[DEBUG][2015-12-22 17:25:01,235][com.java.TestType] [ 5414] - sleepTime: 2000
[INFO ][2015-12-22 17:25:03,235][com.java.TestType] [10390] -  RESULT true
[INFO ][2015-12-22 17:25:03,235][com.java.TestType] [10507] - ?   P A S S   ?
[INFO ][2015-12-22 17:25:03,235][com.java.TestType] [10578] - Looping End......
[INFO ][2015-12-22 17:25:03,239][com.java.SeleniumDriver] [  894] -  RESULT true
[INFO ][2015-12-22 17:25:03,239][com.java.SeleniumDriver] [ 1100] - ?   P A S S   ?
[INFO ][2015-12-22 17:25:03,239][com.java.SeleniumDriver] [  821] - ------------------------------------------
[INFO ][2015-12-22 17:25:03,239][com.java.SeleniumDriver] [  822] - Test case being Executed: 17
[INFO ][2015-12-22 17:25:03,239][com.java.SeleniumDriver] [  833] - Test step:22
[INFO ][2015-12-22 17:25:03,239][com.java.SeleniumDriver] [  845] - Datavalue is----------null
[DEBUG][2015-12-22 17:25:03,239][com.java.SeleniumDriver] [  863] - Exception: null
[INFO ][2015-12-22 17:25:03,239][com.java.SeleniumDriver] [  869] - DataField : CHK//div[@id="loginbox"]//input[@ng-click='vm.rememberMe()']
[INFO ][2015-12-22 17:25:03,239][com.java.SeleniumDriver] [  871] - DataValue : 
[INFO ][2015-12-22 17:25:03,239][com.java.SeleniumDriver] [  877] - <In Set values of the page>
[INFO ][2015-12-22 17:25:03,239][com.java.SeleniumDriver] [  880] - {Data Fields & Data Values Exist}
[INFO ][2015-12-22 17:25:03,240][com.java.SeleniumDriver] [  882] - --------------------------setting values-----------------------------
[INFO ][2015-12-22 17:25:03,240][com.java.SeleniumDriver] [  885] - Action Type : Check
[INFO ][2015-12-22 17:25:04,406][com.java.SeleniumDriver] [  894] -  RESULT true
[INFO ][2015-12-22 17:25:04,406][com.java.SeleniumDriver] [ 1100] - ?   P A S S   ?
[INFO ][2015-12-22 17:25:04,406][com.java.SeleniumDriver] [  821] - ------------------------------------------
[INFO ][2015-12-22 17:25:04,406][com.java.SeleniumDriver] [  822] - Test case being Executed: 17
[INFO ][2015-12-22 17:25:04,406][com.java.SeleniumDriver] [  833] - Test step:23
[INFO ][2015-12-22 17:25:04,406][com.java.SeleniumDriver] [  845] - Datavalue is----------Concept#1:2-4
[INFO ][2015-12-22 17:25:04,406][com.java.SeleniumDriver] [  869] - DataField : test
[INFO ][2015-12-22 17:25:04,406][com.java.SeleniumDriver] [  871] - DataValue : Concept#1:2-4
[INFO ][2015-12-22 17:25:04,406][com.java.SeleniumDriver] [  877] - <In Set values of the page>
[INFO ][2015-12-22 17:25:04,406][com.java.SeleniumDriver] [  880] - {Data Fields & Data Values Exist}
[INFO ][2015-12-22 17:25:04,406][com.java.SeleniumDriver] [  882] - --------------------------setting values-----------------------------
[INFO ][2015-12-22 17:25:04,408][com.java.SeleniumDriver] [  885] - Action Type : ExecuteTestCase
[INFO ][2015-12-22 17:25:04,408][com.java.TestType] [  437] - The Concept sheet name is ---------- Concept
[INFO ][2015-12-22 17:25:04,408][com.java.TestType] [  440] - The Concept ID  is ---------- 1
[DEBUG][2015-12-22 17:25:04,408][com.java.TestType] [  444] - Steps being executted in the Concept are: 2:4
[INFO ][2015-12-22 17:25:04,408][com.java.TestType] [  451] - Test data details path ---------- D:\BankersDashboard\TestInputs\TestData.xls
[INFO ][2015-12-22 17:25:04,438][com.java.TestType] [  482] -  str(1) = 1
[INFO ][2015-12-22 17:25:04,438][com.java.TestType] [  485] - Test case Id is---1
[INFO ][2015-12-22 17:25:04,438][com.java.TestType] [  487] - 1
[INFO ][2015-12-22 17:25:04,438][com.java.TestType] [  482] -  str(2) = 1
[INFO ][2015-12-22 17:25:04,440][com.java.TestType] [  534] - row values are--------{1=com.java.Objects.TestDataDetails@240fb8}
[INFO ][2015-12-22 17:25:04,440][com.java.TestType] [  482] -  str(1) = 1
[INFO ][2015-12-22 17:25:04,440][com.java.TestType] [  485] - Test case Id is---1
[INFO ][2015-12-22 17:25:04,440][com.java.TestType] [  487] - 1
[INFO ][2015-12-22 17:25:04,440][com.java.TestType] [  482] -  str(2) = 2
[INFO ][2015-12-22 17:25:04,441][com.java.TestType] [  534] - row values are--------{1=com.java.Objects.TestDataDetails@240fb8, 2=com.java.Objects.TestDataDetails@1cc380b}
[INFO ][2015-12-22 17:25:04,441][com.java.TestType] [  482] -  str(1) = 1
[INFO ][2015-12-22 17:25:04,441][com.java.TestType] [  485] - Test case Id is---1
[INFO ][2015-12-22 17:25:04,441][com.java.TestType] [  487] - 1
[INFO ][2015-12-22 17:25:04,441][com.java.TestType] [  482] -  str(2) = 3
[INFO ][2015-12-22 17:25:04,442][com.java.TestType] [  534] - row values are--------{1=com.java.Objects.TestDataDetails@240fb8, 2=com.java.Objects.TestDataDetails@1cc380b, 3=com.java.Objects.TestDataDetails@cc2255}
[INFO ][2015-12-22 17:25:04,442][com.java.TestType] [  482] -  str(1) = 1
[INFO ][2015-12-22 17:25:04,442][com.java.TestType] [  485] - Test case Id is---1
[INFO ][2015-12-22 17:25:04,442][com.java.TestType] [  487] - 1
[INFO ][2015-12-22 17:25:04,442][com.java.TestType] [  482] -  str(2) = 4
[INFO ][2015-12-22 17:25:04,443][com.java.TestType] [  534] - row values are--------{1=com.java.Objects.TestDataDetails@240fb8, 2=com.java.Objects.TestDataDetails@1cc380b, 3=com.java.Objects.TestDataDetails@cc2255, 4=com.java.Objects.TestDataDetails@481d1e}
[INFO ][2015-12-22 17:25:04,443][com.java.TestType] [  482] -  str(1) = 1
[INFO ][2015-12-22 17:25:04,443][com.java.TestType] [  485] - Test case Id is---1
[INFO ][2015-12-22 17:25:04,443][com.java.TestType] [  487] - 1
[INFO ][2015-12-22 17:25:04,443][com.java.TestType] [  482] -  str(2) = 5
[INFO ][2015-12-22 17:25:04,444][com.java.TestType] [  534] - row values are--------{1=com.java.Objects.TestDataDetails@240fb8, 2=com.java.Objects.TestDataDetails@1cc380b, 3=com.java.Objects.TestDataDetails@cc2255, 4=com.java.Objects.TestDataDetails@481d1e, 5=com.java.Objects.TestDataDetails@1a9f0bb}
[INFO ][2015-12-22 17:25:04,444][com.java.TestType] [  482] -  str(1) = 1
[INFO ][2015-12-22 17:25:04,444][com.java.TestType] [  485] - Test case Id is---1
[INFO ][2015-12-22 17:25:04,444][com.java.TestType] [  487] - 1
[INFO ][2015-12-22 17:25:04,445][com.java.TestType] [  482] -  str(2) = 6
[INFO ][2015-12-22 17:25:04,445][com.java.TestType] [  534] - row values are--------{1=com.java.Objects.TestDataDetails@240fb8, 2=com.java.Objects.TestDataDetails@1cc380b, 3=com.java.Objects.TestDataDetails@cc2255, 4=com.java.Objects.TestDataDetails@481d1e, 5=com.java.Objects.TestDataDetails@1a9f0bb, 6=com.java.Objects.TestDataDetails@1724f63}
[INFO ][2015-12-22 17:25:04,445][com.java.TestType] [  482] -  str(1) = 1
[INFO ][2015-12-22 17:25:04,446][com.java.TestType] [  485] - Test case Id is---1
[INFO ][2015-12-22 17:25:04,446][com.java.TestType] [  487] - 1
[INFO ][2015-12-22 17:25:04,446][com.java.TestType] [  482] -  str(2) = 7
[INFO ][2015-12-22 17:25:04,446][com.java.TestType] [  534] - row values are--------{1=com.java.Objects.TestDataDetails@240fb8, 2=com.java.Objects.TestDataDetails@1cc380b, 3=com.java.Objects.TestDataDetails@cc2255, 4=com.java.Objects.TestDataDetails@481d1e, 5=com.java.Objects.TestDataDetails@1a9f0bb, 6=com.java.Objects.TestDataDetails@1724f63, 7=com.java.Objects.TestDataDetails@1efe81d}
[INFO ][2015-12-22 17:25:04,446][com.java.TestType] [  482] -  str(1) = 1
[INFO ][2015-12-22 17:25:04,446][com.java.TestType] [  485] - Test case Id is---1
[INFO ][2015-12-22 17:25:04,446][com.java.TestType] [  487] - 1
[INFO ][2015-12-22 17:25:04,447][com.java.TestType] [  482] -  str(2) = 8
[INFO ][2015-12-22 17:25:04,447][com.java.TestType] [  534] - row values are--------{1=com.java.Objects.TestDataDetails@240fb8, 2=com.java.Objects.TestDataDetails@1cc380b, 3=com.java.Objects.TestDataDetails@cc2255, 4=com.java.Objects.TestDataDetails@481d1e, 5=com.java.Objects.TestDataDetails@1a9f0bb, 6=com.java.Objects.TestDataDetails@1724f63, 7=com.java.Objects.TestDataDetails@1efe81d, 8=com.java.Objects.TestDataDetails@1e56fd1}
[INFO ][2015-12-22 17:25:04,447][com.java.TestType] [  482] -  str(1) = 1
[INFO ][2015-12-22 17:25:04,447][com.java.TestType] [  485] - Test case Id is---1
[INFO ][2015-12-22 17:25:04,447][com.java.TestType] [  487] - 1
[INFO ][2015-12-22 17:25:04,447][com.java.TestType] [  482] -  str(2) = 9
[INFO ][2015-12-22 17:25:04,448][com.java.TestType] [  534] - row values are--------{1=com.java.Objects.TestDataDetails@240fb8, 2=com.java.Objects.TestDataDetails@1cc380b, 3=com.java.Objects.TestDataDetails@cc2255, 4=com.java.Objects.TestDataDetails@481d1e, 5=com.java.Objects.TestDataDetails@1a9f0bb, 6=com.java.Objects.TestDataDetails@1724f63, 7=com.java.Objects.TestDataDetails@1efe81d, 8=com.java.Objects.TestDataDetails@1e56fd1, 9=com.java.Objects.TestDataDetails@dbcd0e}
[INFO ][2015-12-22 17:25:04,448][com.java.TestType] [  482] -  str(1) = 1
[INFO ][2015-12-22 17:25:04,448][com.java.TestType] [  485] - Test case Id is---1
[INFO ][2015-12-22 17:25:04,448][com.java.TestType] [  487] - 1
[INFO ][2015-12-22 17:25:04,448][com.java.TestType] [  482] -  str(2) = 10
[INFO ][2015-12-22 17:25:04,449][com.java.TestType] [  534] - row values are--------{1=com.java.Objects.TestDataDetails@240fb8, 2=com.java.Objects.TestDataDetails@1cc380b, 3=com.java.Objects.TestDataDetails@cc2255, 4=com.java.Objects.TestDataDetails@481d1e, 5=com.java.Objects.TestDataDetails@1a9f0bb, 6=com.java.Objects.TestDataDetails@1724f63, 7=com.java.Objects.TestDataDetails@1efe81d, 8=com.java.Objects.TestDataDetails@1e56fd1, 9=com.java.Objects.TestDataDetails@dbcd0e, 10=com.java.Objects.TestDataDetails@1ef5fa}
[INFO ][2015-12-22 17:25:04,449][com.java.TestType] [  482] -  str(1) = 1
[INFO ][2015-12-22 17:25:04,449][com.java.TestType] [  485] - Test case Id is---1
[INFO ][2015-12-22 17:25:04,449][com.java.TestType] [  487] - 1
[INFO ][2015-12-22 17:25:04,449][com.java.TestType] [  482] -  str(2) = 11
[INFO ][2015-12-22 17:25:04,450][com.java.TestType] [  534] - row values are--------{1=com.java.Objects.TestDataDetails@240fb8, 2=com.java.Objects.TestDataDetails@1cc380b, 3=com.java.Objects.TestDataDetails@cc2255, 4=com.java.Objects.TestDataDetails@481d1e, 5=com.java.Objects.TestDataDetails@1a9f0bb, 6=com.java.Objects.TestDataDetails@1724f63, 7=com.java.Objects.TestDataDetails@1efe81d, 8=com.java.Objects.TestDataDetails@1e56fd1, 9=com.java.Objects.TestDataDetails@dbcd0e, 10=com.java.Objects.TestDataDetails@1ef5fa, 11=com.java.Objects.TestDataDetails@1f9f232}
[INFO ][2015-12-22 17:25:04,450][com.java.TestType] [  482] -  str(1) = 1
[INFO ][2015-12-22 17:25:04,450][com.java.TestType] [  485] - Test case Id is---1
[INFO ][2015-12-22 17:25:04,450][com.java.TestType] [  487] - 1
[INFO ][2015-12-22 17:25:04,450][com.java.TestType] [  482] -  str(2) = 12
[INFO ][2015-12-22 17:25:04,451][com.java.TestType] [  534] - row values are--------{1=com.java.Objects.TestDataDetails@240fb8, 2=com.java.Objects.TestDataDetails@1cc380b, 3=com.java.Objects.TestDataDetails@cc2255, 4=com.java.Objects.TestDataDetails@481d1e, 5=com.java.Objects.TestDataDetails@1a9f0bb, 6=com.java.Objects.TestDataDetails@1724f63, 7=com.java.Objects.TestDataDetails@1efe81d, 8=com.java.Objects.TestDataDetails@1e56fd1, 9=com.java.Objects.TestDataDetails@dbcd0e, 10=com.java.Objects.TestDataDetails@1ef5fa, 11=com.java.Objects.TestDataDetails@1f9f232, 12=com.java.Objects.TestDataDetails@2049d5}
[INFO ][2015-12-22 17:25:04,451][com.java.TestType] [  482] -  str(1) = 1
[INFO ][2015-12-22 17:25:04,451][com.java.TestType] [  485] - Test case Id is---1
[INFO ][2015-12-22 17:25:04,451][com.java.TestType] [  487] - 1
[INFO ][2015-12-22 17:25:04,451][com.java.TestType] [  482] -  str(2) = 13
[INFO ][2015-12-22 17:25:04,452][com.java.TestType] [  534] - row values are--------{1=com.java.Objects.TestDataDetails@240fb8, 2=com.java.Objects.TestDataDetails@1cc380b, 3=com.java.Objects.TestDataDetails@cc2255, 4=com.java.Objects.TestDataDetails@481d1e, 5=com.java.Objects.TestDataDetails@1a9f0bb, 6=com.java.Objects.TestDataDetails@1724f63, 7=com.java.Objects.TestDataDetails@1efe81d, 8=com.java.Objects.TestDataDetails@1e56fd1, 9=com.java.Objects.TestDataDetails@dbcd0e, 10=com.java.Objects.TestDataDetails@1ef5fa, 11=com.java.Objects.TestDataDetails@1f9f232, 12=com.java.Objects.TestDataDetails@2049d5, 13=com.java.Objects.TestDataDetails@9efda2}
[INFO ][2015-12-22 17:25:04,452][com.java.TestType] [  482] -  str(1) = 1
[INFO ][2015-12-22 17:25:04,452][com.java.TestType] [  485] - Test case Id is---1
[INFO ][2015-12-22 17:25:04,452][com.java.TestType] [  487] - 1
[INFO ][2015-12-22 17:25:04,452][com.java.TestType] [  482] -  str(2) = 14
[INFO ][2015-12-22 17:25:04,453][com.java.TestType] [  534] - row values are--------{1=com.java.Objects.TestDataDetails@240fb8, 2=com.java.Objects.TestDataDetails@1cc380b, 3=com.java.Objects.TestDataDetails@cc2255, 4=com.java.Objects.TestDataDetails@481d1e, 5=com.java.Objects.TestDataDetails@1a9f0bb, 6=com.java.Objects.TestDataDetails@1724f63, 7=com.java.Objects.TestDataDetails@1efe81d, 8=com.java.Objects.TestDataDetails@1e56fd1, 9=com.java.Objects.TestDataDetails@dbcd0e, 10=com.java.Objects.TestDataDetails@1ef5fa, 11=com.java.Objects.TestDataDetails@1f9f232, 12=com.java.Objects.TestDataDetails@2049d5, 13=com.java.Objects.TestDataDetails@9efda2, 14=com.java.Objects.TestDataDetails@a0d16c}
[INFO ][2015-12-22 17:25:04,453][com.java.TestType] [  482] -  str(1) = 1
[INFO ][2015-12-22 17:25:04,454][com.java.TestType] [  485] - Test case Id is---1
[INFO ][2015-12-22 17:25:04,454][com.java.TestType] [  487] - 1
[INFO ][2015-12-22 17:25:04,454][com.java.TestType] [  482] -  str(2) = 15
[INFO ][2015-12-22 17:25:04,454][com.java.TestType] [  534] - row values are--------{1=com.java.Objects.TestDataDetails@240fb8, 2=com.java.Objects.TestDataDetails@1cc380b, 3=com.java.Objects.TestDataDetails@cc2255, 4=com.java.Objects.TestDataDetails@481d1e, 5=com.java.Objects.TestDataDetails@1a9f0bb, 6=com.java.Objects.TestDataDetails@1724f63, 7=com.java.Objects.TestDataDetails@1efe81d, 8=com.java.Objects.TestDataDetails@1e56fd1, 9=com.java.Objects.TestDataDetails@dbcd0e, 10=com.java.Objects.TestDataDetails@1ef5fa, 11=com.java.Objects.TestDataDetails@1f9f232, 12=com.java.Objects.TestDataDetails@2049d5, 13=com.java.Objects.TestDataDetails@9efda2, 14=com.java.Objects.TestDataDetails@a0d16c, 15=com.java.Objects.TestDataDetails@166ef2a}
[INFO ][2015-12-22 17:25:04,454][com.java.TestType] [  482] -  str(1) = 1
[INFO ][2015-12-22 17:25:04,454][com.java.TestType] [  485] - Test case Id is---1
[INFO ][2015-12-22 17:25:04,455][com.java.TestType] [  487] - 1
[INFO ][2015-12-22 17:25:04,455][com.java.TestType] [  482] -  str(2) = 16
[INFO ][2015-12-22 17:25:04,455][com.java.TestType] [  534] - row values are--------{1=com.java.Objects.TestDataDetails@240fb8, 2=com.java.Objects.TestDataDetails@1cc380b, 3=com.java.Objects.TestDataDetails@cc2255, 4=com.java.Objects.TestDataDetails@481d1e, 5=com.java.Objects.TestDataDetails@1a9f0bb, 6=com.java.Objects.TestDataDetails@1724f63, 7=com.java.Objects.TestDataDetails@1efe81d, 8=com.java.Objects.TestDataDetails@1e56fd1, 9=com.java.Objects.TestDataDetails@dbcd0e, 10=com.java.Objects.TestDataDetails@1ef5fa, 11=com.java.Objects.TestDataDetails@1f9f232, 12=com.java.Objects.TestDataDetails@2049d5, 13=com.java.Objects.TestDataDetails@9efda2, 14=com.java.Objects.TestDataDetails@a0d16c, 15=com.java.Objects.TestDataDetails@166ef2a, 16=com.java.Objects.TestDataDetails@1e533c9}
[INFO ][2015-12-22 17:25:04,455][com.java.TestType] [10272] - Looping 1TCID = 1
[DEBUG][2015-12-22 17:25:04,455][com.java.TestType] [10313] - Concept ID:1 :: Step being Executed: 1::2
[INFO ][2015-12-22 17:25:04,456][com.java.TestType] [10351] - dataFields : TXTpassword
[DEBUG][2015-12-22 17:25:04,456][com.java.TestType] [10357] - <In Set values of the page>
[DEBUG][2015-12-22 17:25:04,456][com.java.TestType] [10362] - {Data Fields & Data Values Exist}
[INFO ][2015-12-22 17:25:04,456][com.java.TestType] [10368] - --------------------------setting values-----------------------------
[INFO ][2015-12-22 17:25:04,456][com.java.TestType] [10371] - Action Type : CLEARANDENTER
[INFO ][2015-12-22 17:25:04,456][com.java.TestType] [ 5594] - value = Password1*
[INFO ][2015-12-22 17:25:09,260][com.java.TestType] [10390] -  RESULT true
[INFO ][2015-12-22 17:25:09,260][com.java.TestType] [10507] - ?   P A S S   ?
[DEBUG][2015-12-22 17:25:09,260][com.java.TestType] [10313] - Concept ID:1 :: Step being Executed: 1::3
[ERROR][2015-12-22 17:25:09,260][com.java.TestType] [10346] - Exception: null
[INFO ][2015-12-22 17:25:09,260][com.java.TestType] [10351] - dataFields : XPH//button[@type='submit']
[DEBUG][2015-12-22 17:25:09,261][com.java.TestType] [10357] - <In Set values of the page>
[DEBUG][2015-12-22 17:25:09,261][com.java.TestType] [10362] - {Data Fields & Data Values Exist}
[INFO ][2015-12-22 17:25:09,261][com.java.TestType] [10368] - --------------------------setting values-----------------------------
[INFO ][2015-12-22 17:25:09,261][com.java.TestType] [10371] - Action Type : Click
[INFO ][2015-12-22 17:25:09,261][com.java.TestType] [ 5973] - Field ::XPH//button[@type='submit']
[INFO ][2015-12-22 17:25:09,261][com.java.TestType] [ 5594] - value = 
[INFO ][2015-12-22 17:25:10,261][com.java.TestType] [ 6110] - BEFORE CLICK
[INFO ][2015-12-22 17:25:11,081][com.java.TestType] [ 6118] - Unable to click the object Login
[INFO ][2015-12-22 17:25:11,081][com.java.TestType] [10390] -  RESULT true
[INFO ][2015-12-22 17:25:11,081][com.java.TestType] [10507] - ?   P A S S   ?
[DEBUG][2015-12-22 17:25:11,081][com.java.TestType] [10313] - Concept ID:1 :: Step being Executed: 1::4
[INFO ][2015-12-22 17:25:11,081][com.java.TestType] [10351] - dataFields : LNKLogout
[DEBUG][2015-12-22 17:25:11,081][com.java.TestType] [10357] - <In Set values of the page>
[DEBUG][2015-12-22 17:25:11,081][com.java.TestType] [10362] - {Data Fields & Data Values Exist}
[INFO ][2015-12-22 17:25:11,081][com.java.TestType] [10368] - --------------------------setting values-----------------------------
[INFO ][2015-12-22 17:25:11,081][com.java.TestType] [10371] - Action Type : WaitForElement
[INFO ][2015-12-22 17:25:14,609][com.java.TestType] [10390] -  RESULT true
[INFO ][2015-12-22 17:25:14,609][com.java.TestType] [10507] - ?   P A S S   ?
[INFO ][2015-12-22 17:25:14,609][com.java.TestType] [10578] - Looping End......
[INFO ][2015-12-22 17:25:14,613][com.java.SeleniumDriver] [  894] -  RESULT true
[INFO ][2015-12-22 17:25:14,613][com.java.SeleniumDriver] [ 1100] - ?   P A S S   ?
[INFO ][2015-12-22 17:25:14,613][com.java.SeleniumDriver] [  821] - ------------------------------------------
[INFO ][2015-12-22 17:25:14,613][com.java.SeleniumDriver] [  822] - Test case being Executed: 17
[INFO ][2015-12-22 17:25:14,613][com.java.SeleniumDriver] [  833] - Test step:24
[INFO ][2015-12-22 17:25:14,613][com.java.SeleniumDriver] [  845] - Datavalue is----------10
[INFO ][2015-12-22 17:25:14,613][com.java.SeleniumDriver] [  869] - DataField : LNKLogout
[INFO ][2015-12-22 17:25:14,613][com.java.SeleniumDriver] [  871] - DataValue : 10
[INFO ][2015-12-22 17:25:14,613][com.java.SeleniumDriver] [  877] - <In Set values of the page>
[INFO ][2015-12-22 17:25:14,614][com.java.SeleniumDriver] [  880] - {Data Fields & Data Values Exist}
[INFO ][2015-12-22 17:25:14,614][com.java.SeleniumDriver] [  882] - --------------------------setting values-----------------------------
[INFO ][2015-12-22 17:25:14,614][com.java.SeleniumDriver] [  885] - Action Type : WaitTime
[DEBUG][2015-12-22 17:25:14,614][com.java.TestType] [ 5414] - sleepTime: 10000
[INFO ][2015-12-22 17:25:24,616][com.java.SeleniumDriver] [  894] -  RESULT true
[INFO ][2015-12-22 17:25:24,616][com.java.SeleniumDriver] [ 1100] - ?   P A S S   ?
[INFO ][2015-12-22 17:25:24,616][com.java.SeleniumDriver] [  821] - ------------------------------------------
[INFO ][2015-12-22 17:25:24,616][com.java.SeleniumDriver] [  822] - Test case being Executed: 17
[INFO ][2015-12-22 17:25:24,617][com.java.SeleniumDriver] [  833] - Test step:25
[INFO ][2015-12-22 17:25:24,617][com.java.SeleniumDriver] [  845] - Datavalue is----------Banker's Dashboard
[INFO ][2015-12-22 17:25:24,617][com.java.SeleniumDriver] [  869] - DataField : TTL
[INFO ][2015-12-22 17:25:24,617][com.java.SeleniumDriver] [  871] - DataValue : Banker's Dashboard
[INFO ][2015-12-22 17:25:24,617][com.java.SeleniumDriver] [  877] - <In Set values of the page>
[INFO ][2015-12-22 17:25:24,617][com.java.SeleniumDriver] [  880] - {Data Fields & Data Values Exist}
[INFO ][2015-12-22 17:25:24,617][com.java.SeleniumDriver] [  882] - --------------------------setting values-----------------------------
[INFO ][2015-12-22 17:25:24,617][com.java.SeleniumDriver] [  885] - Action Type : SelectWindow
[INFO ][2015-12-22 17:25:36,811][com.java.SeleniumDriver] [  894] -  RESULT true
[INFO ][2015-12-22 17:25:36,811][com.java.SeleniumDriver] [ 1100] - ?   P A S S   ?
[INFO ][2015-12-22 17:25:36,811][com.java.SeleniumDriver] [  821] - ------------------------------------------
[INFO ][2015-12-22 17:25:36,811][com.java.SeleniumDriver] [  822] - Test case being Executed: 17
[INFO ][2015-12-22 17:25:36,811][com.java.SeleniumDriver] [  833] - Test step:26
[INFO ][2015-12-22 17:25:36,811][com.java.SeleniumDriver] [  845] - Datavalue is----------test
[INFO ][2015-12-22 17:25:36,811][com.java.SeleniumDriver] [  869] - DataField : test
[INFO ][2015-12-22 17:25:36,811][com.java.SeleniumDriver] [  871] - DataValue : test
[INFO ][2015-12-22 17:25:36,813][com.java.SeleniumDriver] [  877] - <In Set values of the page>
[INFO ][2015-12-22 17:25:36,813][com.java.SeleniumDriver] [  880] - {Data Fields & Data Values Exist}
[INFO ][2015-12-22 17:25:36,813][com.java.SeleniumDriver] [  882] - --------------------------setting values-----------------------------
[INFO ][2015-12-22 17:25:36,813][com.java.SeleniumDriver] [  885] - Action Type : CLEARBROWSERCACHE
[INFO ][2015-12-22 17:25:41,908][com.java.SeleniumDriver] [  894] -  RESULT true
[INFO ][2015-12-22 17:25:41,908][com.java.SeleniumDriver] [ 1100] - ?   P A S S   ?
[INFO ][2015-12-22 17:25:41,908][com.java.SeleniumDriver] [  821] - ------------------------------------------
[INFO ][2015-12-22 17:25:41,908][com.java.SeleniumDriver] [  822] - Test case being Executed: 17
[INFO ][2015-12-22 17:25:41,908][com.java.SeleniumDriver] [  833] - Test step:27
[INFO ][2015-12-22 17:25:41,908][com.java.SeleniumDriver] [  845] - Datavalue is----------Concept#3:1-2
[INFO ][2015-12-22 17:25:41,908][com.java.SeleniumDriver] [  869] - DataField : test
[INFO ][2015-12-22 17:25:41,908][com.java.SeleniumDriver] [  871] - DataValue : Concept#3:1-2
[INFO ][2015-12-22 17:25:41,908][com.java.SeleniumDriver] [  877] - <In Set values of the page>
[INFO ][2015-12-22 17:25:41,908][com.java.SeleniumDriver] [  880] - {Data Fields & Data Values Exist}
[INFO ][2015-12-22 17:25:41,908][com.java.SeleniumDriver] [  882] - --------------------------setting values-----------------------------
[INFO ][2015-12-22 17:25:41,908][com.java.SeleniumDriver] [  885] - Action Type : ExecuteTestCase
[INFO ][2015-12-22 17:25:41,909][com.java.TestType] [  437] - The Concept sheet name is ---------- Concept
[INFO ][2015-12-22 17:25:41,909][com.java.TestType] [  440] - The Concept ID  is ---------- 3
[DEBUG][2015-12-22 17:25:41,909][com.java.TestType] [  444] - Steps being executted in the Concept are: 1:2
[INFO ][2015-12-22 17:25:41,909][com.java.TestType] [  451] - Test data details path ---------- D:\BankersDashboard\TestInputs\TestData.xls
[INFO ][2015-12-22 17:25:41,937][com.java.TestType] [  482] -  str(1) = 3
[INFO ][2015-12-22 17:25:41,937][com.java.TestType] [  485] - Test case Id is---3
[INFO ][2015-12-22 17:25:41,937][com.java.TestType] [  487] - 3
[INFO ][2015-12-22 17:25:41,937][com.java.TestType] [  482] -  str(2) = 1
[INFO ][2015-12-22 17:25:41,939][com.java.TestType] [  534] - row values are--------{1=com.java.Objects.TestDataDetails@1f408c4}
[INFO ][2015-12-22 17:25:41,939][com.java.TestType] [  482] -  str(1) = 3
[INFO ][2015-12-22 17:25:41,939][com.java.TestType] [  485] - Test case Id is---3
[INFO ][2015-12-22 17:25:41,939][com.java.TestType] [  487] - 3
[INFO ][2015-12-22 17:25:41,939][com.java.TestType] [  482] -  str(2) = 2
[INFO ][2015-12-22 17:25:41,940][com.java.TestType] [  534] - row values are--------{1=com.java.Objects.TestDataDetails@1f408c4, 2=com.java.Objects.TestDataDetails@67f43b}
[INFO ][2015-12-22 17:25:41,940][com.java.TestType] [10272] - Looping 1TCID = 3
[DEBUG][2015-12-22 17:25:41,940][com.java.TestType] [10313] - Concept ID:3 :: Step being Executed: 3::1
[INFO ][2015-12-22 17:25:41,940][com.java.TestType] [10351] - dataFields : test
[DEBUG][2015-12-22 17:25:41,940][com.java.TestType] [10357] - <In Set values of the page>
[DEBUG][2015-12-22 17:25:41,940][com.java.TestType] [10362] - {Data Fields & Data Values Exist}
[INFO ][2015-12-22 17:25:41,940][com.java.TestType] [10368] - --------------------------setting values-----------------------------
[INFO ][2015-12-22 17:25:41,940][com.java.TestType] [10371] - Action Type : Logout
[INFO ][2015-12-22 17:25:44,259][com.java.TestType] [ 5973] - Field ::CNF
[INFO ][2015-12-22 17:25:44,259][com.java.TestType] [ 5594] - value = OK
[INFO ][2015-12-22 17:25:46,573][com.java.TestType] [ 6106] - Click the object confirmation
[INFO ][2015-12-22 17:25:46,573][com.java.TestType] [ 6107] - Unable to click the object confirmation
[DEBUG][2015-12-22 17:25:47,696][com.java.SeleniumDriver] [  426] - Hub ip address is-------172.17.68.34
[INFO ][2015-12-22 17:25:47,696][com.java.SeleniumDriver] [  452] - Grid URL:http://172.17.68.34:4444/wd/hub
[INFO ][2015-12-22 17:25:47,697][com.java.SeleniumDriver] [  453] - Capability:Capabilities [{platform=ANY, ensureCleanSession=true, ignoreProtectedModeSettings=true, acceptSslCerts=true, ignoreZoomSetting=true, browserName=internet explorer, browserstack.ie.noFlash=true, version=null}]
[ERROR][2015-12-22 17:25:48,710][com.java.SeleniumDriver] [  497] - Unable invoke browser in grid:Could not start a new session. Possible causes are invalid address of the remote server or browser start-up failure.
Build info: version: '2.48.2', revision: '41bccdd', time: '2015-10-09 19:59:12'
System info: host: 'FVTIII438F1D', ip: '172.17.68.34', os.name: 'Windows 7', os.arch: 'x86', os.version: '6.1', java.version: '1.7.0_55'
Driver info: driver.version: SeleniumDriver
[INFO ][2015-12-22 17:25:48,710][com.java.SeleniumDriver] [  499] - Executing on local machine
[INFO ][2015-12-22 17:25:58,824][com.java.TestType] [10390] -  RESULT true
[INFO ][2015-12-22 17:25:58,824][com.java.TestType] [10507] - ?   P A S S   ?
[DEBUG][2015-12-22 17:25:58,824][com.java.TestType] [10313] - Concept ID:3 :: Step being Executed: 3::2
[INFO ][2015-12-22 17:25:58,824][com.java.TestType] [10351] - dataFields : test
[DEBUG][2015-12-22 17:25:58,824][com.java.TestType] [10357] - <In Set values of the page>
[DEBUG][2015-12-22 17:25:58,824][com.java.TestType] [10362] - {Data Fields & Data Values Exist}
[INFO ][2015-12-22 17:25:58,824][com.java.TestType] [10368] - --------------------------setting values-----------------------------
[INFO ][2015-12-22 17:25:58,824][com.java.TestType] [10371] - Action Type : WaitTime
[DEBUG][2015-12-22 17:25:58,825][com.java.TestType] [ 5414] - sleepTime: 2000
[INFO ][2015-12-22 17:26:00,825][com.java.TestType] [10390] -  RESULT true
[INFO ][2015-12-22 17:26:00,825][com.java.TestType] [10507] - ?   P A S S   ?
[INFO ][2015-12-22 17:26:00,825][com.java.TestType] [10578] - Looping End......
[INFO ][2015-12-22 17:26:00,828][com.java.SeleniumDriver] [  894] -  RESULT true
[INFO ][2015-12-22 17:26:00,829][com.java.SeleniumDriver] [ 1100] - ?   P A S S   ?
[INFO ][2015-12-22 17:26:00,829][com.java.SeleniumDriver] [  821] - ------------------------------------------
[INFO ][2015-12-22 17:26:00,829][com.java.SeleniumDriver] [  822] - Test case being Executed: 17
[INFO ][2015-12-22 17:26:00,829][com.java.SeleniumDriver] [  833] - Test step:28
[INFO ][2015-12-22 17:26:00,829][com.java.SeleniumDriver] [  845] - Datavalue is----------//input[@ng-model="vm.rememberUsername"]
[INFO ][2015-12-22 17:26:00,829][com.java.SeleniumDriver] [  869] - DataField : SLT
[INFO ][2015-12-22 17:26:00,829][com.java.SeleniumDriver] [  871] - DataValue : //input[@ng-model="vm.rememberUsername"]
[INFO ][2015-12-22 17:26:00,829][com.java.SeleniumDriver] [  877] - <In Set values of the page>
[INFO ][2015-12-22 17:26:00,829][com.java.SeleniumDriver] [  880] - {Data Fields & Data Values Exist}
[INFO ][2015-12-22 17:26:00,829][com.java.SeleniumDriver] [  882] - --------------------------setting values-----------------------------
[INFO ][2015-12-22 17:26:00,829][com.java.SeleniumDriver] [  885] - Action Type : Verify
[INFO ][2015-12-22 17:26:00,829][com.java.TestType] [ 6944] - field= SLT value= //input[@ng-model="vm.rememberUsername"]
[INFO ][2015-12-22 17:26:00,829][com.java.TestType] [ 5594] - value = //input[@ng-model="vm.rememberUsername"]
[INFO ][2015-12-22 17:26:00,927][com.java.SeleniumDriver] [  894] -  RESULT true
[INFO ][2015-12-22 17:26:00,927][com.java.SeleniumDriver] [ 1100] - ?   P A S S   ?
[INFO ][2015-12-22 17:26:00,927][com.java.SeleniumDriver] [  821] - ------------------------------------------
[INFO ][2015-12-22 17:26:00,927][com.java.SeleniumDriver] [  822] - Test case being Executed: 17
[INFO ][2015-12-22 17:26:00,927][com.java.SeleniumDriver] [  833] - Test step:29
[INFO ][2015-12-22 17:26:00,927][com.java.SeleniumDriver] [  845] - Datavalue is----------Concept#1:1-16
[INFO ][2015-12-22 17:26:00,927][com.java.SeleniumDriver] [  869] - DataField : test
[INFO ][2015-12-22 17:26:00,927][com.java.SeleniumDriver] [  871] - DataValue : Concept#1:1-16
[INFO ][2015-12-22 17:26:00,927][com.java.SeleniumDriver] [  877] - <In Set values of the page>
[INFO ][2015-12-22 17:26:00,927][com.java.SeleniumDriver] [  880] - {Data Fields & Data Values Exist}
[INFO ][2015-12-22 17:26:00,928][com.java.SeleniumDriver] [  882] - --------------------------setting values-----------------------------
[INFO ][2015-12-22 17:26:00,928][com.java.SeleniumDriver] [  885] - Action Type : ExecuteTestCase
[INFO ][2015-12-22 17:26:00,928][com.java.TestType] [  437] - The Concept sheet name is ---------- Concept
[INFO ][2015-12-22 17:26:00,928][com.java.TestType] [  440] - The Concept ID  is ---------- 1
[DEBUG][2015-12-22 17:26:00,928][com.java.TestType] [  444] - Steps being executted in the Concept are: 1:16
[INFO ][2015-12-22 17:26:00,928][com.java.TestType] [  451] - Test data details path ---------- D:\BankersDashboard\TestInputs\TestData.xls
[INFO ][2015-12-22 17:26:00,957][com.java.TestType] [  482] -  str(1) = 1
[INFO ][2015-12-22 17:26:00,958][com.java.TestType] [  485] - Test case Id is---1
[INFO ][2015-12-22 17:26:00,958][com.java.TestType] [  487] - 1
[INFO ][2015-12-22 17:26:00,958][com.java.TestType] [  482] -  str(2) = 1
[INFO ][2015-12-22 17:26:00,959][com.java.TestType] [  534] - row values are--------{1=com.java.Objects.TestDataDetails@71fa83}
[INFO ][2015-12-22 17:26:00,959][com.java.TestType] [  482] -  str(1) = 1
[INFO ][2015-12-22 17:26:00,959][com.java.TestType] [  485] - Test case Id is---1
[INFO ][2015-12-22 17:26:00,960][com.java.TestType] [  487] - 1
[INFO ][2015-12-22 17:26:00,960][com.java.TestType] [  482] -  str(2) = 2
[INFO ][2015-12-22 17:26:00,960][com.java.TestType] [  534] - row values are--------{1=com.java.Objects.TestDataDetails@71fa83, 2=com.java.Objects.TestDataDetails@14aa6eb}
[INFO ][2015-12-22 17:26:00,960][com.java.TestType] [  482] -  str(1) = 1
[INFO ][2015-12-22 17:26:00,960][com.java.TestType] [  485] - Test case Id is---1
[INFO ][2015-12-22 17:26:00,960][com.java.TestType] [  487] - 1
[INFO ][2015-12-22 17:26:00,960][com.java.TestType] [  482] -  str(2) = 3
[INFO ][2015-12-22 17:26:00,961][com.java.TestType] [  534] - row values are--------{1=com.java.Objects.TestDataDetails@71fa83, 2=com.java.Objects.TestDataDetails@14aa6eb, 3=com.java.Objects.TestDataDetails@65d910}
[INFO ][2015-12-22 17:26:00,961][com.java.TestType] [  482] -  str(1) = 1
[INFO ][2015-12-22 17:26:00,961][com.java.TestType] [  485] - Test case Id is---1
[INFO ][2015-12-22 17:26:00,961][com.java.TestType] [  487] - 1
[INFO ][2015-12-22 17:26:00,961][com.java.TestType] [  482] -  str(2) = 4
[INFO ][2015-12-22 17:26:00,962][com.java.TestType] [  534] - row values are--------{1=com.java.Objects.TestDataDetails@71fa83, 2=com.java.Objects.TestDataDetails@14aa6eb, 3=com.java.Objects.TestDataDetails@65d910, 4=com.java.Objects.TestDataDetails@1318a63}
[INFO ][2015-12-22 17:26:00,962][com.java.TestType] [  482] -  str(1) = 1
[INFO ][2015-12-22 17:26:00,963][com.java.TestType] [  485] - Test case Id is---1
[INFO ][2015-12-22 17:26:00,963][com.java.TestType] [  487] - 1
[INFO ][2015-12-22 17:26:00,963][com.java.TestType] [  482] -  str(2) = 5
[INFO ][2015-12-22 17:26:00,964][com.java.TestType] [  534] - row values are--------{1=com.java.Objects.TestDataDetails@71fa83, 2=com.java.Objects.TestDataDetails@14aa6eb, 3=com.java.Objects.TestDataDetails@65d910, 4=com.java.Objects.TestDataDetails@1318a63, 5=com.java.Objects.TestDataDetails@1ae1811}
[INFO ][2015-12-22 17:26:00,964][com.java.TestType] [  482] -  str(1) = 1
[INFO ][2015-12-22 17:26:00,964][com.java.TestType] [  485] - Test case Id is---1
[INFO ][2015-12-22 17:26:00,964][com.java.TestType] [  487] - 1
[INFO ][2015-12-22 17:26:00,964][com.java.TestType] [  482] -  str(2) = 6
[INFO ][2015-12-22 17:26:00,964][com.java.TestType] [  534] - row values are--------{1=com.java.Objects.TestDataDetails@71fa83, 2=com.java.Objects.TestDataDetails@14aa6eb, 3=com.java.Objects.TestDataDetails@65d910, 4=com.java.Objects.TestDataDetails@1318a63, 5=com.java.Objects.TestDataDetails@1ae1811, 6=com.java.Objects.TestDataDetails@1b8fc63}
[INFO ][2015-12-22 17:26:00,965][com.java.TestType] [  482] -  str(1) = 1
[INFO ][2015-12-22 17:26:00,965][com.java.TestType] [  485] - Test case Id is---1
[INFO ][2015-12-22 17:26:00,965][com.java.TestType] [  487] - 1
[INFO ][2015-12-22 17:26:00,965][com.java.TestType] [  482] -  str(2) = 7
[INFO ][2015-12-22 17:26:00,965][com.java.TestType] [  534] - row values are--------{1=com.java.Objects.TestDataDetails@71fa83, 2=com.java.Objects.TestDataDetails@14aa6eb, 3=com.java.Objects.TestDataDetails@65d910, 4=com.java.Objects.TestDataDetails@1318a63, 5=com.java.Objects.TestDataDetails@1ae1811, 6=com.java.Objects.TestDataDetails@1b8fc63, 7=com.java.Objects.TestDataDetails@1d56e9b}
[INFO ][2015-12-22 17:26:00,965][com.java.TestType] [  482] -  str(1) = 1
[INFO ][2015-12-22 17:26:00,966][com.java.TestType] [  485] - Test case Id is---1
[INFO ][2015-12-22 17:26:00,966][com.java.TestType] [  487] - 1
[INFO ][2015-12-22 17:26:00,966][com.java.TestType] [  482] -  str(2) = 8
[INFO ][2015-12-22 17:26:00,966][com.java.TestType] [  534] - row values are--------{1=com.java.Objects.TestDataDetails@71fa83, 2=com.java.Objects.TestDataDetails@14aa6eb, 3=com.java.Objects.TestDataDetails@65d910, 4=com.java.Objects.TestDataDetails@1318a63, 5=com.java.Objects.TestDataDetails@1ae1811, 6=com.java.Objects.TestDataDetails@1b8fc63, 7=com.java.Objects.TestDataDetails@1d56e9b, 8=com.java.Objects.TestDataDetails@1ed4b47}
[INFO ][2015-12-22 17:26:00,966][com.java.TestType] [  482] -  str(1) = 1
[INFO ][2015-12-22 17:26:00,966][com.java.TestType] [  485] - Test case Id is---1
[INFO ][2015-12-22 17:26:00,967][com.java.TestType] [  487] - 1
[INFO ][2015-12-22 17:26:00,967][com.java.TestType] [  482] -  str(2) = 9
[INFO ][2015-12-22 17:26:00,967][com.java.TestType] [  534] - row values are--------{1=com.java.Objects.TestDataDetails@71fa83, 2=com.java.Objects.TestDataDetails@14aa6eb, 3=com.java.Objects.TestDataDetails@65d910, 4=com.java.Objects.TestDataDetails@1318a63, 5=com.java.Objects.TestDataDetails@1ae1811, 6=com.java.Objects.TestDataDetails@1b8fc63, 7=com.java.Objects.TestDataDetails@1d56e9b, 8=com.java.Objects.TestDataDetails@1ed4b47, 9=com.java.Objects.TestDataDetails@10887db}
[INFO ][2015-12-22 17:26:00,967][com.java.TestType] [  482] -  str(1) = 1
[INFO ][2015-12-22 17:26:00,967][com.java.TestType] [  485] - Test case Id is---1
[INFO ][2015-12-22 17:26:00,967][com.java.TestType] [  487] - 1
[INFO ][2015-12-22 17:26:00,967][com.java.TestType] [  482] -  str(2) = 10
[INFO ][2015-12-22 17:26:00,968][com.java.TestType] [  534] - row values are--------{1=com.java.Objects.TestDataDetails@71fa83, 2=com.java.Objects.TestDataDetails@14aa6eb, 3=com.java.Objects.TestDataDetails@65d910, 4=com.java.Objects.TestDataDetails@1318a63, 5=com.java.Objects.TestDataDetails@1ae1811, 6=com.java.Objects.TestDataDetails@1b8fc63, 7=com.java.Objects.TestDataDetails@1d56e9b, 8=com.java.Objects.TestDataDetails@1ed4b47, 9=com.java.Objects.TestDataDetails@10887db, 10=com.java.Objects.TestDataDetails@1b9fa5e}
[INFO ][2015-12-22 17:26:00,968][com.java.TestType] [  482] -  str(1) = 1
[INFO ][2015-12-22 17:26:00,968][com.java.TestType] [  485] - Test case Id is---1
[INFO ][2015-12-22 17:26:00,968][com.java.TestType] [  487] - 1
[INFO ][2015-12-22 17:26:00,968][com.java.TestType] [  482] -  str(2) = 11
[INFO ][2015-12-22 17:26:00,969][com.java.TestType] [  534] - row values are--------{1=com.java.Objects.TestDataDetails@71fa83, 2=com.java.Objects.TestDataDetails@14aa6eb, 3=com.java.Objects.TestDataDetails@65d910, 4=com.java.Objects.TestDataDetails@1318a63, 5=com.java.Objects.TestDataDetails@1ae1811, 6=com.java.Objects.TestDataDetails@1b8fc63, 7=com.java.Objects.TestDataDetails@1d56e9b, 8=com.java.Objects.TestDataDetails@1ed4b47, 9=com.java.Objects.TestDataDetails@10887db, 10=com.java.Objects.TestDataDetails@1b9fa5e, 11=com.java.Objects.TestDataDetails@187f4ae}
[INFO ][2015-12-22 17:26:00,969][com.java.TestType] [  482] -  str(1) = 1
[INFO ][2015-12-22 17:26:00,969][com.java.TestType] [  485] - Test case Id is---1
[INFO ][2015-12-22 17:26:00,969][com.java.TestType] [  487] - 1
[INFO ][2015-12-22 17:26:00,969][com.java.TestType] [  482] -  str(2) = 12
[INFO ][2015-12-22 17:26:00,970][com.java.TestType] [  534] - row values are--------{1=com.java.Objects.TestDataDetails@71fa83, 2=com.java.Objects.TestDataDetails@14aa6eb, 3=com.java.Objects.TestDataDetails@65d910, 4=com.java.Objects.TestDataDetails@1318a63, 5=com.java.Objects.TestDataDetails@1ae1811, 6=com.java.Objects.TestDataDetails@1b8fc63, 7=com.java.Objects.TestDataDetails@1d56e9b, 8=com.java.Objects.TestDataDetails@1ed4b47, 9=com.java.Objects.TestDataDetails@10887db, 10=com.java.Objects.TestDataDetails@1b9fa5e, 11=com.java.Objects.TestDataDetails@187f4ae, 12=com.java.Objects.TestDataDetails@23ca65}
[INFO ][2015-12-22 17:26:00,970][com.java.TestType] [  482] -  str(1) = 1
[INFO ][2015-12-22 17:26:00,970][com.java.TestType] [  485] - Test case Id is---1
[INFO ][2015-12-22 17:26:00,970][com.java.TestType] [  487] - 1
[INFO ][2015-12-22 17:26:00,970][com.java.TestType] [  482] -  str(2) = 13
[INFO ][2015-12-22 17:26:00,972][com.java.TestType] [  534] - row values are--------{1=com.java.Objects.TestDataDetails@71fa83, 2=com.java.Objects.TestDataDetails@14aa6eb, 3=com.java.Objects.TestDataDetails@65d910, 4=com.java.Objects.TestDataDetails@1318a63, 5=com.java.Objects.TestDataDetails@1ae1811, 6=com.java.Objects.TestDataDetails@1b8fc63, 7=com.java.Objects.TestDataDetails@1d56e9b, 8=com.java.Objects.TestDataDetails@1ed4b47, 9=com.java.Objects.TestDataDetails@10887db, 10=com.java.Objects.TestDataDetails@1b9fa5e, 11=com.java.Objects.TestDataDetails@187f4ae, 12=com.java.Objects.TestDataDetails@23ca65, 13=com.java.Objects.TestDataDetails@113e8c1}
[INFO ][2015-12-22 17:26:00,972][com.java.TestType] [  482] -  str(1) = 1
[INFO ][2015-12-22 17:26:00,972][com.java.TestType] [  485] - Test case Id is---1
[INFO ][2015-12-22 17:26:00,972][com.java.TestType] [  487] - 1
[INFO ][2015-12-22 17:26:00,972][com.java.TestType] [  482] -  str(2) = 14
[INFO ][2015-12-22 17:26:00,973][com.java.TestType] [  534] - row values are--------{1=com.java.Objects.TestDataDetails@71fa83, 2=com.java.Objects.TestDataDetails@14aa6eb, 3=com.java.Objects.TestDataDetails@65d910, 4=com.java.Objects.TestDataDetails@1318a63, 5=com.java.Objects.TestDataDetails@1ae1811, 6=com.java.Objects.TestDataDetails@1b8fc63, 7=com.java.Objects.TestDataDetails@1d56e9b, 8=com.java.Objects.TestDataDetails@1ed4b47, 9=com.java.Objects.TestDataDetails@10887db, 10=com.java.Objects.TestDataDetails@1b9fa5e, 11=com.java.Objects.TestDataDetails@187f4ae, 12=com.java.Objects.TestDataDetails@23ca65, 13=com.java.Objects.TestDataDetails@113e8c1, 14=com.java.Objects.TestDataDetails@1253efb}
[INFO ][2015-12-22 17:26:00,973][com.java.TestType] [  482] -  str(1) = 1
[INFO ][2015-12-22 17:26:00,973][com.java.TestType] [  485] - Test case Id is---1
[INFO ][2015-12-22 17:26:00,973][com.java.TestType] [  487] - 1
[INFO ][2015-12-22 17:26:00,973][com.java.TestType] [  482] -  str(2) = 15
[INFO ][2015-12-22 17:26:00,973][com.java.TestType] [  534] - row values are--------{1=com.java.Objects.TestDataDetails@71fa83, 2=com.java.Objects.TestDataDetails@14aa6eb, 3=com.java.Objects.TestDataDetails@65d910, 4=com.java.Objects.TestDataDetails@1318a63, 5=com.java.Objects.TestDataDetails@1ae1811, 6=com.java.Objects.TestDataDetails@1b8fc63, 7=com.java.Objects.TestDataDetails@1d56e9b, 8=com.java.Objects.TestDataDetails@1ed4b47, 9=com.java.Objects.TestDataDetails@10887db, 10=com.java.Objects.TestDataDetails@1b9fa5e, 11=com.java.Objects.TestDataDetails@187f4ae, 12=com.java.Objects.TestDataDetails@23ca65, 13=com.java.Objects.TestDataDetails@113e8c1, 14=com.java.Objects.TestDataDetails@1253efb, 15=com.java.Objects.TestDataDetails@70798c}
[INFO ][2015-12-22 17:26:00,974][com.java.TestType] [  482] -  str(1) = 1
[INFO ][2015-12-22 17:26:00,974][com.java.TestType] [  485] - Test case Id is---1
[INFO ][2015-12-22 17:26:00,974][com.java.TestType] [  487] - 1
[INFO ][2015-12-22 17:26:00,974][com.java.TestType] [  482] -  str(2) = 16
[INFO ][2015-12-22 17:26:00,974][com.java.TestType] [  534] - row values are--------{1=com.java.Objects.TestDataDetails@71fa83, 2=com.java.Objects.TestDataDetails@14aa6eb, 3=com.java.Objects.TestDataDetails@65d910, 4=com.java.Objects.TestDataDetails@1318a63, 5=com.java.Objects.TestDataDetails@1ae1811, 6=com.java.Objects.TestDataDetails@1b8fc63, 7=com.java.Objects.TestDataDetails@1d56e9b, 8=com.java.Objects.TestDataDetails@1ed4b47, 9=com.java.Objects.TestDataDetails@10887db, 10=com.java.Objects.TestDataDetails@1b9fa5e, 11=com.java.Objects.TestDataDetails@187f4ae, 12=com.java.Objects.TestDataDetails@23ca65, 13=com.java.Objects.TestDataDetails@113e8c1, 14=com.java.Objects.TestDataDetails@1253efb, 15=com.java.Objects.TestDataDetails@70798c, 16=com.java.Objects.TestDataDetails@813ba9}
[INFO ][2015-12-22 17:26:00,974][com.java.TestType] [10272] - Looping 1TCID = 1
[DEBUG][2015-12-22 17:26:00,975][com.java.TestType] [10313] - Concept ID:1 :: Step being Executed: 1::1
[INFO ][2015-12-22 17:26:00,975][com.java.TestType] [10351] - dataFields : TXTusername
[DEBUG][2015-12-22 17:26:00,975][com.java.TestType] [10357] - <In Set values of the page>
[DEBUG][2015-12-22 17:26:00,975][com.java.TestType] [10362] - {Data Fields & Data Values Exist}
[INFO ][2015-12-22 17:26:00,975][com.java.TestType] [10368] - --------------------------setting values-----------------------------
[INFO ][2015-12-22 17:26:00,975][com.java.TestType] [10371] - Action Type : CLEARANDENTER
[INFO ][2015-12-22 17:26:00,975][com.java.TestType] [ 5594] - value = valuelabs.ie10.33527
[INFO ][2015-12-22 17:26:05,640][com.java.TestType] [10390] -  RESULT true
[INFO ][2015-12-22 17:26:05,640][com.java.TestType] [10507] - ?   P A S S   ?
[DEBUG][2015-12-22 17:26:05,640][com.java.TestType] [10313] - Concept ID:1 :: Step being Executed: 1::2
[INFO ][2015-12-22 17:26:05,640][com.java.TestType] [10351] - dataFields : TXTpassword
[DEBUG][2015-12-22 17:26:05,640][com.java.TestType] [10357] - <In Set values of the page>
[DEBUG][2015-12-22 17:26:05,640][com.java.TestType] [10362] - {Data Fields & Data Values Exist}
[INFO ][2015-12-22 17:26:05,640][com.java.TestType] [10368] - --------------------------setting values-----------------------------
[INFO ][2015-12-22 17:26:05,640][com.java.TestType] [10371] - Action Type : CLEARANDENTER
[INFO ][2015-12-22 17:26:05,640][com.java.TestType] [ 5594] - value = Password1*
[INFO ][2015-12-22 17:26:10,453][com.java.TestType] [10390] -  RESULT true
[INFO ][2015-12-22 17:26:10,453][com.java.TestType] [10507] - ?   P A S S   ?
[DEBUG][2015-12-22 17:26:10,453][com.java.TestType] [10313] - Concept ID:1 :: Step being Executed: 1::3
[ERROR][2015-12-22 17:26:10,453][com.java.TestType] [10346] - Exception: null
[INFO ][2015-12-22 17:26:10,453][com.java.TestType] [10351] - dataFields : XPH//button[@type='submit']
[DEBUG][2015-12-22 17:26:10,453][com.java.TestType] [10357] - <In Set values of the page>
[DEBUG][2015-12-22 17:26:10,454][com.java.TestType] [10362] - {Data Fields & Data Values Exist}
[INFO ][2015-12-22 17:26:10,454][com.java.TestType] [10368] - --------------------------setting values-----------------------------
[INFO ][2015-12-22 17:26:10,454][com.java.TestType] [10371] - Action Type : Click
[INFO ][2015-12-22 17:26:10,454][com.java.TestType] [ 5973] - Field ::XPH//button[@type='submit']
[INFO ][2015-12-22 17:26:10,454][com.java.TestType] [ 5594] - value = 
[INFO ][2015-12-22 17:26:11,454][com.java.TestType] [ 6110] - BEFORE CLICK
[INFO ][2015-12-22 17:26:14,933][com.java.TestType] [ 6118] - Unable to click the object Login
[INFO ][2015-12-22 17:26:14,933][com.java.TestType] [10390] -  RESULT true
[INFO ][2015-12-22 17:26:14,933][com.java.TestType] [10507] - ?   P A S S   ?
[DEBUG][2015-12-22 17:26:14,933][com.java.TestType] [10313] - Concept ID:1 :: Step being Executed: 1::4
[INFO ][2015-12-22 17:26:14,933][com.java.TestType] [10351] - dataFields : LNKLogout
[DEBUG][2015-12-22 17:26:14,933][com.java.TestType] [10357] - <In Set values of the page>
[DEBUG][2015-12-22 17:26:14,933][com.java.TestType] [10362] - {Data Fields & Data Values Exist}
[INFO ][2015-12-22 17:26:14,933][com.java.TestType] [10368] - --------------------------setting values-----------------------------
[INFO ][2015-12-22 17:26:14,933][com.java.TestType] [10371] - Action Type : WaitForElement
[INFO ][2015-12-22 17:26:14,969][com.java.TestType] [10390] -  RESULT true
[INFO ][2015-12-22 17:26:14,969][com.java.TestType] [10507] - ?   P A S S   ?
[DEBUG][2015-12-22 17:26:14,969][com.java.TestType] [10313] - Concept ID:1 :: Step being Executed: 1::15
[INFO ][2015-12-22 17:26:14,969][com.java.TestType] [10351] - dataFields : LNK
[DEBUG][2015-12-22 17:26:14,969][com.java.TestType] [10357] - <In Set values of the page>
[DEBUG][2015-12-22 17:26:14,969][com.java.TestType] [10362] - {Data Fields & Data Values Exist}
[INFO ][2015-12-22 17:26:14,969][com.java.TestType] [10368] - --------------------------setting values-----------------------------
[INFO ][2015-12-22 17:26:14,970][com.java.TestType] [10371] - Action Type : Verify
[INFO ][2015-12-22 17:26:14,970][com.java.TestType] [ 6944] - field= LNK value= Logout
[INFO ][2015-12-22 17:26:14,970][com.java.TestType] [ 5594] - value = Logout
[INFO ][2015-12-22 17:26:15,096][com.java.TestType] [10390] -  RESULT true
[INFO ][2015-12-22 17:26:15,096][com.java.TestType] [10507] - ?   P A S S   ?
[DEBUG][2015-12-22 17:26:15,096][com.java.TestType] [10313] - Concept ID:1 :: Step being Executed: 1::16
[INFO ][2015-12-22 17:26:15,096][com.java.TestType] [10351] - dataFields : BTN
[DEBUG][2015-12-22 17:26:15,096][com.java.TestType] [10357] - <In Set values of the page>
[DEBUG][2015-12-22 17:26:15,097][com.java.TestType] [10362] - {Data Fields & Data Values Exist}
[INFO ][2015-12-22 17:26:15,097][com.java.TestType] [10368] - --------------------------setting values-----------------------------
[INFO ][2015-12-22 17:26:15,097][com.java.TestType] [10371] - Action Type : Verify
[INFO ][2015-12-22 17:26:15,097][com.java.TestType] [ 6944] - field= BTN value= //img[contains(@src,'bdlogo.jpg')]
[INFO ][2015-12-22 17:26:15,097][com.java.TestType] [ 5594] - value = //img[contains(@src,'bdlogo.jpg')]
[INFO ][2015-12-22 17:26:15,167][com.java.TestType] [10390] -  RESULT true
[INFO ][2015-12-22 17:26:15,167][com.java.TestType] [10507] - ?   P A S S   ?
[INFO ][2015-12-22 17:26:15,167][com.java.TestType] [10578] - Looping End......
[INFO ][2015-12-22 17:26:15,171][com.java.SeleniumDriver] [  894] -  RESULT true
[INFO ][2015-12-22 17:26:15,171][com.java.SeleniumDriver] [ 1100] - ?   P A S S   ?
[DEBUG][2015-12-22 17:26:15,171][com.java.SeleniumDriver] [ 1212] - Case found
[DEBUG][2015-12-22 17:26:15,171][com.java.SeleniumDriver] [ 1217] - Incrementing ReportCounters[0]:1
[INFO ][2015-12-22 17:26:15,171][com.java.SeleniumDriver] [ 1236] - The results are-------------------[17, 1, BD-LOGIN: Disable Autocomplete HTML - No Save, Logout & Leave Browser Open, Pass, , Tue Dec 22 17:20:29 IST 2015, 17, 3, BD-LOGIN: Disable Autocomplete HTML - No Save, Logout & Leave Browser Open, Pass, , Tue Dec 22 17:20:39 IST 2015, 17, 4, BD-LOGIN: Disable Autocomplete HTML - No Save, Logout & Leave Browser Open, Pass, , Tue Dec 22 17:20:40 IST 2015, 17, 5, BD-LOGIN: Disable Autocomplete HTML - No Save, Logout & Leave Browser Open, Pass, , Tue Dec 22 17:20:42 IST 2015, 17, 6, BD-LOGIN: Disable Autocomplete HTML - No Save, Logout & Leave Browser Open, Pass, , Tue Dec 22 17:20:52 IST 2015, 17, 7, BD-LOGIN: Disable Autocomplete HTML - No Save, Logout & Leave Browser Open, Pass, , Tue Dec 22 17:21:04 IST 2015, 17, 8, BD-LOGIN: Disable Autocomplete HTML - No Save, Logout & Leave Browser Open, Pass, , Tue Dec 22 17:21:27 IST 2015, 17, 9, BD-LOGIN: Disable Autocomplete HTML - No Save, Logout & Leave Browser Open, Pass, , Tue Dec 22 17:21:28 IST 2015, 17, 10, BD-LOGIN: Disable Autocomplete HTML - No Save, Logout & Leave Browser Open, Pass, , Tue Dec 22 17:21:28 IST 2015, 17, 11, BD-LOGIN: Disable Autocomplete HTML - No Save, Logout & Leave Browser Open, Pass, , Tue Dec 22 17:21:29 IST 2015, 17, 12, BD-LOGIN: Disable Autocomplete HTML - No Save, Logout & Leave Browser Open, Pass, , Tue Dec 22 17:21:32 IST 2015, 17, 13, BD-LOGIN: Disable Autocomplete HTML - No Save, Logout & Leave Browser Open, Pass, , Tue Dec 22 17:21:32 IST 2015, 17, 14, BD-LOGIN: Disable Autocomplete HTML - No Save, Logout & Leave Browser Open, Pass, , Tue Dec 22 17:21:33 IST 2015, 17, 15, BD-LOGIN: Disable Autocomplete HTML - No Save, Logout & Leave Browser Open, Pass, , Tue Dec 22 17:21:33 IST 2015, 17, 16, BD-LOGIN: Disable Autocomplete HTML - No Save, Logout & Leave Browser Open, Pass, , Tue Dec 22 17:21:33 IST 2015, 17, 17, BD-LOGIN: Disable Autocomplete HTML - No Save, Logout & Leave Browser Open, Pass, , Tue Dec 22 17:21:52 IST 2015, 17, 18, BD-LOGIN: Disable Autocomplete HTML - No Save, Logout & Leave Browser Open, Pass, , Tue Dec 22 17:23:37 IST 2015, 17, 19, BD-LOGIN: Disable Autocomplete HTML - No Save, Logout & Leave Browser Open, Pass, , Tue Dec 22 17:23:41 IST 2015, 17, 20, BD-LOGIN: Disable Autocomplete HTML - No Save, Logout & Leave Browser Open, Pass, , Tue Dec 22 17:24:44 IST 2015, 17, 21, BD-LOGIN: Disable Autocomplete HTML - No Save, Logout & Leave Browser Open, Pass, , Tue Dec 22 17:25:03 IST 2015, 17, 22, BD-LOGIN: Disable Autocomplete HTML - No Save, Logout & Leave Browser Open, Pass, , Tue Dec 22 17:25:04 IST 2015, 17, 23, BD-LOGIN: Disable Autocomplete HTML - No Save, Logout & Leave Browser Open, Pass, , Tue Dec 22 17:25:14 IST 2015, 17, 24, BD-LOGIN: Disable Autocomplete HTML - No Save, Logout & Leave Browser Open, Pass, , Tue Dec 22 17:25:24 IST 2015, 17, 25, BD-LOGIN: Disable Autocomplete HTML - No Save, Logout & Leave Browser Open, Pass, , Tue Dec 22 17:25:36 IST 2015, 17, 26, BD-LOGIN: Disable Autocomplete HTML - No Save, Logout & Leave Browser Open, Pass, , Tue Dec 22 17:25:41 IST 2015, 17, 27, BD-LOGIN: Disable Autocomplete HTML - No Save, Logout & Leave Browser Open, Pass, , Tue Dec 22 17:26:00 IST 2015, 17, 28, BD-LOGIN: Disable Autocomplete HTML - No Save, Logout & Leave Browser Open, Pass, , Tue Dec 22 17:26:00 IST 2015, 17, 29, BD-LOGIN: Disable Autocomplete HTML - No Save, Logout & Leave Browser Open, Pass, , Tue Dec 22 17:26:15 IST 2015]
[INFO ][2015-12-22 17:26:15,171][com.java.SeleniumDriver] [ 1240] - End time is-------6 min 53 sec
[INFO ][2015-12-22 17:26:15,171][com.java.SeleniumDriver] [ 1241] - The results are-------------------[17, 1, BD-LOGIN: Disable Autocomplete HTML - No Save, Logout & Leave Browser Open, Pass, , Tue Dec 22 17:20:29 IST 2015, 17, 3, BD-LOGIN: Disable Autocomplete HTML - No Save, Logout & Leave Browser Open, Pass, , Tue Dec 22 17:20:39 IST 2015, 17, 4, BD-LOGIN: Disable Autocomplete HTML - No Save, Logout & Leave Browser Open, Pass, , Tue Dec 22 17:20:40 IST 2015, 17, 5, BD-LOGIN: Disable Autocomplete HTML - No Save, Logout & Leave Browser Open, Pass, , Tue Dec 22 17:20:42 IST 2015, 17, 6, BD-LOGIN: Disable Autocomplete HTML - No Save, Logout & Leave Browser Open, Pass, , Tue Dec 22 17:20:52 IST 2015, 17, 7, BD-LOGIN: Disable Autocomplete HTML - No Save, Logout & Leave Browser Open, Pass, , Tue Dec 22 17:21:04 IST 2015, 17, 8, BD-LOGIN: Disable Autocomplete HTML - No Save, Logout & Leave Browser Open, Pass, , Tue Dec 22 17:21:27 IST 2015, 17, 9, BD-LOGIN: Disable Autocomplete HTML - No Save, Logout & Leave Browser Open, Pass, , Tue Dec 22 17:21:28 IST 2015, 17, 10, BD-LOGIN: Disable Autocomplete HTML - No Save, Logout & Leave Browser Open, Pass, , Tue Dec 22 17:21:28 IST 2015, 17, 11, BD-LOGIN: Disable Autocomplete HTML - No Save, Logout & Leave Browser Open, Pass, , Tue Dec 22 17:21:29 IST 2015, 17, 12, BD-LOGIN: Disable Autocomplete HTML - No Save, Logout & Leave Browser Open, Pass, , Tue Dec 22 17:21:32 IST 2015, 17, 13, BD-LOGIN: Disable Autocomplete HTML - No Save, Logout & Leave Browser Open, Pass, , Tue Dec 22 17:21:32 IST 2015, 17, 14, BD-LOGIN: Disable Autocomplete HTML - No Save, Logout & Leave Browser Open, Pass, , Tue Dec 22 17:21:33 IST 2015, 17, 15, BD-LOGIN: Disable Autocomplete HTML - No Save, Logout & Leave Browser Open, Pass, , Tue Dec 22 17:21:33 IST 2015, 17, 16, BD-LOGIN: Disable Autocomplete HTML - No Save, Logout & Leave Browser Open, Pass, , Tue Dec 22 17:21:33 IST 2015, 17, 17, BD-LOGIN: Disable Autocomplete HTML - No Save, Logout & Leave Browser Open, Pass, , Tue Dec 22 17:21:52 IST 2015, 17, 18, BD-LOGIN: Disable Autocomplete HTML - No Save, Logout & Leave Browser Open, Pass, , Tue Dec 22 17:23:37 IST 2015, 17, 19, BD-LOGIN: Disable Autocomplete HTML - No Save, Logout & Leave Browser Open, Pass, , Tue Dec 22 17:23:41 IST 2015, 17, 20, BD-LOGIN: Disable Autocomplete HTML - No Save, Logout & Leave Browser Open, Pass, , Tue Dec 22 17:24:44 IST 2015, 17, 21, BD-LOGIN: Disable Autocomplete HTML - No Save, Logout & Leave Browser Open, Pass, , Tue Dec 22 17:25:03 IST 2015, 17, 22, BD-LOGIN: Disable Autocomplete HTML - No Save, Logout & Leave Browser Open, Pass, , Tue Dec 22 17:25:04 IST 2015, 17, 23, BD-LOGIN: Disable Autocomplete HTML - No Save, Logout & Leave Browser Open, Pass, , Tue Dec 22 17:25:14 IST 2015, 17, 24, BD-LOGIN: Disable Autocomplete HTML - No Save, Logout & Leave Browser Open, Pass, , Tue Dec 22 17:25:24 IST 2015, 17, 25, BD-LOGIN: Disable Autocomplete HTML - No Save, Logout & Leave Browser Open, Pass, , Tue Dec 22 17:25:36 IST 2015, 17, 26, BD-LOGIN: Disable Autocomplete HTML - No Save, Logout & Leave Browser Open, Pass, , Tue Dec 22 17:25:41 IST 2015, 17, 27, BD-LOGIN: Disable Autocomplete HTML - No Save, Logout & Leave Browser Open, Pass, , Tue Dec 22 17:26:00 IST 2015, 17, 28, BD-LOGIN: Disable Autocomplete HTML - No Save, Logout & Leave Browser Open, Pass, , Tue Dec 22 17:26:00 IST 2015, 17, 29, BD-LOGIN: Disable Autocomplete HTML - No Save, Logout & Leave Browser Open, Pass, , Tue Dec 22 17:26:15 IST 2015]
[DEBUG][2015-12-22 17:26:15,172][com.java.ImportnExport.ExportTestResultsExcel] [  222] - testResultPath = D:\BankersDashboard/TestReports/Test Results_BankersDashBoard_122215_171923_IE10_Bank of North Carolina.xls
[DEBUG][2015-12-22 17:26:15,172][com.java.ImportnExport.ExportTestResultsExcel] [  223] - browser is------------IE10
[DEBUG][2015-12-22 17:26:15,220][com.java.ImportnExport.ExportTestResultsExcel] [  270] - result.size() = 168
[DEBUG][2015-12-22 17:26:15,220][com.java.ImportnExport.ExportTestResultsExcel] [  274] - No of rows in sheet=1
[DEBUG][2015-12-22 17:26:15,220][com.java.ImportnExport.ExportTestResultsExcel] [  301] - ..in export..17
[DEBUG][2015-12-22 17:26:15,220][com.java.ImportnExport.ExportTestResultsExcel] [  301] - ..in export..BD-LOGIN: Disable Autocomplete HTML - No Save, Logout & Leave Browser Open
[DEBUG][2015-12-22 17:26:15,220][com.java.ImportnExport.ExportTestResultsExcel] [  301] - ..in export..Pass
[DEBUG][2015-12-22 17:26:15,220][com.java.ImportnExport.ExportTestResultsExcel] [  301] - ..in export..
[DEBUG][2015-12-22 17:26:15,220][com.java.ImportnExport.ExportTestResultsExcel] [  301] - ..in export..Tue Dec 22 17:20:29 IST 2015
[INFO ][2015-12-22 17:26:15,222][com.java.SeleniumDriver] [ 1299] - out loop:0 size:1 TestCases:[17] testcases:[17]
[INFO ][2015-12-22 17:26:17,224][com.java.SeleniumDriver] [ 1342] - Total Number of Cases:1
[INFO ][2015-12-22 17:26:17,224][com.java.TemplateGenerator] [  302] - Executed:1
[INFO ][2015-12-22 17:26:17,224][com.java.TemplateGenerator] [  303] - Passed:1
[INFO ][2015-12-22 17:26:17,224][com.java.TemplateGenerator] [  304] - Failed:0
[INFO ][2015-12-22 17:26:17,224][com.java.TemplateGenerator] [  305] - Skipeed:0
[INFO ][2015-12-22 17:26:17,224][com.java.TemplateGenerator] [  306] - Application URL:https://clients-xuat.bankersdashboard.com
[INFO ][2015-12-22 17:26:17,224][com.java.TemplateGenerator] [  307] - Start Time:122215_171923
[INFO ][2015-12-22 17:26:17,224][com.java.TemplateGenerator] [  308] -  Creating HTML Report 
[ERROR][2015-12-22 17:26:17,225][com.java.TemplateGenerator] [  409] - Unparseable date: "Tue Dec 22 05:19:23 IST 2015"
[INFO ][2015-12-22 17:26:17,225][com.java.TemplateGenerator] [  654] -  Exporting case :: 17
[INFO ][2015-12-22 17:26:17,229][com.java.SeleniumDriver] [ 1391] - End Time:122215_172617
[INFO ][2015-12-22 17:26:17,229][com.java.SeleniumDriver] [ 1394] - Data in Test Execution Details:{17=PASS}
[INFO ][2015-12-22 17:26:17,230][com.java.SeleniumDriver] [ 1395] - Data in Failed Execution Deatils:{}
[INFO ][2015-12-22 17:26:17,230][com.java.SeleniumDriver] [ 1397] - ReportCounter:Total:1 :: PASS: 1 ::FAIL: 0
[INFO ][2015-12-22 17:26:17,230][com.java.SeleniumDriver] [ 1398] - FailedReportCounter:Total:0 :: PASS: 0 ::FAIL: 0
[INFO ][2015-12-22 17:26:17,237][com.java.EmailTestReport] [   63] - Sending report mail details:
[INFO ][2015-12-22 17:26:17,237][com.java.EmailTestReport] [   80] - Excel Report Path:D:\BankersDashboard/TestReports/Test Results_BankersDashBoard_122215_171923_IE10_Bank of North Carolina.xls
[INFO ][2015-12-22 17:26:17,237][com.java.EmailTestReport] [   81] - HTML Report Path:D:\BankersDashboard//TestReports//Test Results_BankersDashBoard_122215_171923_IE10_Bank of North Carolina.html
[INFO ][2015-12-22 17:26:17,238][com.java.EmailTestReport] [   82] - smtpHostName:mail01.valuelabs.com
[INFO ][2015-12-22 17:26:17,238][com.java.EmailTestReport] [   83] - Recipient:venkateswararao.gubbala@valuelabs.com;
[INFO ][2015-12-22 17:26:17,238][com.java.EmailTestReport] [   84] - From:venkateswararao.gubbala@valuelabs.com;
[INFO ][2015-12-22 17:26:17,238][com.java.EmailTestReport] [   85] - Subject:Deluxe Corp Bankers Dashboard Automation Test Report - Bank of North Carolina - IE10
[INFO ][2015-12-22 17:26:17,254][com.java.EmailTestReport] [  143] -  Added venkateswararao.gubbala@valuelabs.com
[INFO ][2015-12-22 17:26:20,371][com.java.SeleniumDriver] [  720] - quitting the browser 
[INFO ][2015-12-22 17:26:21,991][com.java.SeleniumDriver] [  264] - Execution Completed Stopping the thread
