[INFO ][2015-12-04 17:54:56,880][com.java.SeleniumDriver] [  213] - Execute Failed Casesfalse
[INFO ][2015-12-04 17:54:56,880][com.java.SeleniumDriver] [  214] - Browser: IE10
[INFO ][2015-12-04 17:54:56,880][com.java.SeleniumDriver] [  215] - [1, 7]
[INFO ][2015-12-04 17:54:56,880][com.java.SeleniumDriver] [  216] - Total TestCases:2
[INFO ][2015-12-04 17:54:56,880][com.java.SeleniumDriver] [  217] -  Reading Properties from Property File 
[DEBUG][2015-12-04 17:54:56,880][com.java.SeleniumDriver] [  238] - url : https://clients-xuat.bankersdashboard.com
[INFO ][2015-12-04 17:54:56,883][com.java.ImportnExport.ExportTestResultsExcel] [  116] - Time Stamp Fri Dec 04 05:54:56 IST 2015
[INFO ][2015-12-04 17:54:56,883][com.java.ImportnExport.ExportTestResultsExcel] [  175] - OUT FILE : D:\BankersDashboard/TestReports/Test Results_BankersDashBoard_120415_175456_IE10_Any Bank USA.xls
[INFO ][2015-12-04 17:54:56,914][com.java.ImportnExport.ExportTestResultsExcel] [  180] - Test Result file is created
[DEBUG][2015-12-04 17:54:57,010][com.java.SeleniumDriver] [  426] - Hub ip address is-------172.17.68.34
[INFO ][2015-12-04 17:54:57,011][com.java.SeleniumDriver] [  452] - Grid URL:http://172.17.68.34:4444/wd/hub
[INFO ][2015-12-04 17:54:57,011][com.java.SeleniumDriver] [  453] - Capability:Capabilities [{platform=ANY, ensureCleanSession=true, ignoreProtectedModeSettings=true, acceptSslCerts=true, ignoreZoomSetting=true, browserName=internet explorer, browserstack.ie.noFlash=true, version=null}]
[ERROR][2015-12-04 17:54:58,380][com.java.SeleniumDriver] [  497] - Unable invoke browser in grid:Could not start a new session. Possible causes are invalid address of the remote server or browser start-up failure.
Build info: version: '2.48.2', revision: '41bccdd', time: '2015-10-09 19:59:12'
System info: host: 'FVTIII438F1D', ip: '172.17.68.34', os.name: 'Windows 7', os.arch: 'x86', os.version: '6.1', java.version: '1.7.0_55'
Driver info: driver.version: SeleniumDriver
[INFO ][2015-12-04 17:54:58,380][com.java.SeleniumDriver] [  499] - Executing on local machine
[INFO ][2015-12-04 17:55:08,124][com.java.SeleniumDriver] [  248] - IE10is opened
[INFO ][2015-12-04 17:55:09,243][com.java.SeleniumDriver] [  754] - Test cases to be executed are: [1, 7]
[INFO ][2015-12-04 17:55:09,283][com.java.ImportnExport.ImportTestDataDetailsExcel] [   49] - test data details path===== D:\BankersDashboard\TestInputs\TestData.xls
[INFO ][2015-12-04 17:55:09,331][com.java.SeleniumDriver] [  804] - ------------------------------------------
[INFO ][2015-12-04 17:55:09,331][com.java.SeleniumDriver] [  805] - Test case being Executed: 1
[INFO ][2015-12-04 17:55:09,331][com.java.SeleniumDriver] [  816] - Test step:1
[INFO ][2015-12-04 17:55:09,332][com.java.SeleniumDriver] [  828] - Datavalue is----------Concept#1:1-14
[INFO ][2015-12-04 17:55:09,332][com.java.SeleniumDriver] [  852] - DataField : test
[INFO ][2015-12-04 17:55:09,332][com.java.SeleniumDriver] [  854] - DataValue : Concept#1:1-14
[INFO ][2015-12-04 17:55:09,332][com.java.SeleniumDriver] [  860] - <In Set values of the page>
[INFO ][2015-12-04 17:55:09,332][com.java.SeleniumDriver] [  863] - {Data Fields & Data Values Exist}
[INFO ][2015-12-04 17:55:09,332][com.java.SeleniumDriver] [  865] - --------------------------setting values-----------------------------
[INFO ][2015-12-04 17:55:09,332][com.java.SeleniumDriver] [  868] - Action Type : ExecuteTestCase
[INFO ][2015-12-04 17:55:09,366][com.java.TestType] [  436] - The Concept sheet name is ---------- Concept
[INFO ][2015-12-04 17:55:09,367][com.java.TestType] [  439] - The Concept ID  is ---------- 1
[DEBUG][2015-12-04 17:55:09,367][com.java.TestType] [  443] - Steps being executted in the Concept are: 1:14
[INFO ][2015-12-04 17:55:09,367][com.java.TestType] [  450] - Test data details path ---------- D:\BankersDashboard\TestInputs\TestData.xls
[INFO ][2015-12-04 17:55:09,388][com.java.TestType] [  481] -  str(1) = 1
[INFO ][2015-12-04 17:55:09,388][com.java.TestType] [  484] - Test case Id is---1
[INFO ][2015-12-04 17:55:09,388][com.java.TestType] [  486] - 1
[INFO ][2015-12-04 17:55:09,388][com.java.TestType] [  481] -  str(2) = 1
[INFO ][2015-12-04 17:55:09,393][com.java.TestType] [  533] - row values are--------{1=com.java.Objects.TestDataDetails@145874e}
[INFO ][2015-12-04 17:55:09,393][com.java.TestType] [  481] -  str(1) = 1
[INFO ][2015-12-04 17:55:09,393][com.java.TestType] [  484] - Test case Id is---1
[INFO ][2015-12-04 17:55:09,393][com.java.TestType] [  486] - 1
[INFO ][2015-12-04 17:55:09,393][com.java.TestType] [  481] -  str(2) = 2
[INFO ][2015-12-04 17:55:09,394][com.java.TestType] [  533] - row values are--------{1=com.java.Objects.TestDataDetails@145874e, 2=com.java.Objects.TestDataDetails@f9279d}
[INFO ][2015-12-04 17:55:09,395][com.java.TestType] [  481] -  str(1) = 1
[INFO ][2015-12-04 17:55:09,395][com.java.TestType] [  484] - Test case Id is---1
[INFO ][2015-12-04 17:55:09,395][com.java.TestType] [  486] - 1
[INFO ][2015-12-04 17:55:09,395][com.java.TestType] [  481] -  str(2) = 3
[INFO ][2015-12-04 17:55:09,396][com.java.TestType] [  533] - row values are--------{1=com.java.Objects.TestDataDetails@145874e, 2=com.java.Objects.TestDataDetails@f9279d, 3=com.java.Objects.TestDataDetails@993b9d}
[INFO ][2015-12-04 17:55:09,396][com.java.TestType] [  481] -  str(1) = 1
[INFO ][2015-12-04 17:55:09,396][com.java.TestType] [  484] - Test case Id is---1
[INFO ][2015-12-04 17:55:09,396][com.java.TestType] [  486] - 1
[INFO ][2015-12-04 17:55:09,397][com.java.TestType] [  481] -  str(2) = 4
[INFO ][2015-12-04 17:55:09,398][com.java.TestType] [  533] - row values are--------{1=com.java.Objects.TestDataDetails@145874e, 2=com.java.Objects.TestDataDetails@f9279d, 3=com.java.Objects.TestDataDetails@993b9d, 4=com.java.Objects.TestDataDetails@4d3f4b}
[INFO ][2015-12-04 17:55:09,398][com.java.TestType] [  481] -  str(1) = 1
[INFO ][2015-12-04 17:55:09,398][com.java.TestType] [  484] - Test case Id is---1
[INFO ][2015-12-04 17:55:09,398][com.java.TestType] [  486] - 1
[INFO ][2015-12-04 17:55:09,398][com.java.TestType] [  481] -  str(2) = 5
[INFO ][2015-12-04 17:55:09,399][com.java.TestType] [  533] - row values are--------{1=com.java.Objects.TestDataDetails@145874e, 2=com.java.Objects.TestDataDetails@f9279d, 3=com.java.Objects.TestDataDetails@993b9d, 4=com.java.Objects.TestDataDetails@4d3f4b, 5=com.java.Objects.TestDataDetails@1b481eb}
[INFO ][2015-12-04 17:55:09,400][com.java.TestType] [  481] -  str(1) = 1
[INFO ][2015-12-04 17:55:09,400][com.java.TestType] [  484] - Test case Id is---1
[INFO ][2015-12-04 17:55:09,400][com.java.TestType] [  486] - 1
[INFO ][2015-12-04 17:55:09,400][com.java.TestType] [  481] -  str(2) = 6
[INFO ][2015-12-04 17:55:09,401][com.java.TestType] [  533] - row values are--------{1=com.java.Objects.TestDataDetails@145874e, 2=com.java.Objects.TestDataDetails@f9279d, 3=com.java.Objects.TestDataDetails@993b9d, 4=com.java.Objects.TestDataDetails@4d3f4b, 5=com.java.Objects.TestDataDetails@1b481eb, 6=com.java.Objects.TestDataDetails@1cf9e7f}
[INFO ][2015-12-04 17:55:09,401][com.java.TestType] [  481] -  str(1) = 1
[INFO ][2015-12-04 17:55:09,401][com.java.TestType] [  484] - Test case Id is---1
[INFO ][2015-12-04 17:55:09,401][com.java.TestType] [  486] - 1
[INFO ][2015-12-04 17:55:09,401][com.java.TestType] [  481] -  str(2) = 7
[INFO ][2015-12-04 17:55:09,402][com.java.TestType] [  533] - row values are--------{1=com.java.Objects.TestDataDetails@145874e, 2=com.java.Objects.TestDataDetails@f9279d, 3=com.java.Objects.TestDataDetails@993b9d, 4=com.java.Objects.TestDataDetails@4d3f4b, 5=com.java.Objects.TestDataDetails@1b481eb, 6=com.java.Objects.TestDataDetails@1cf9e7f, 7=com.java.Objects.TestDataDetails@6d6a3f}
[INFO ][2015-12-04 17:55:09,402][com.java.TestType] [  481] -  str(1) = 1
[INFO ][2015-12-04 17:55:09,402][com.java.TestType] [  484] - Test case Id is---1
[INFO ][2015-12-04 17:55:09,402][com.java.TestType] [  486] - 1
[INFO ][2015-12-04 17:55:09,402][com.java.TestType] [  481] -  str(2) = 8
[INFO ][2015-12-04 17:55:09,403][com.java.TestType] [  533] - row values are--------{1=com.java.Objects.TestDataDetails@145874e, 2=com.java.Objects.TestDataDetails@f9279d, 3=com.java.Objects.TestDataDetails@993b9d, 4=com.java.Objects.TestDataDetails@4d3f4b, 5=com.java.Objects.TestDataDetails@1b481eb, 6=com.java.Objects.TestDataDetails@1cf9e7f, 7=com.java.Objects.TestDataDetails@6d6a3f, 8=com.java.Objects.TestDataDetails@3d24d8}
[INFO ][2015-12-04 17:55:09,403][com.java.TestType] [  481] -  str(1) = 1
[INFO ][2015-12-04 17:55:09,403][com.java.TestType] [  484] - Test case Id is---1
[INFO ][2015-12-04 17:55:09,403][com.java.TestType] [  486] - 1
[INFO ][2015-12-04 17:55:09,404][com.java.TestType] [  481] -  str(2) = 9
[INFO ][2015-12-04 17:55:09,404][com.java.TestType] [  533] - row values are--------{1=com.java.Objects.TestDataDetails@145874e, 2=com.java.Objects.TestDataDetails@f9279d, 3=com.java.Objects.TestDataDetails@993b9d, 4=com.java.Objects.TestDataDetails@4d3f4b, 5=com.java.Objects.TestDataDetails@1b481eb, 6=com.java.Objects.TestDataDetails@1cf9e7f, 7=com.java.Objects.TestDataDetails@6d6a3f, 8=com.java.Objects.TestDataDetails@3d24d8, 9=com.java.Objects.TestDataDetails@1564967}
[INFO ][2015-12-04 17:55:09,404][com.java.TestType] [  481] -  str(1) = 1
[INFO ][2015-12-04 17:55:09,405][com.java.TestType] [  484] - Test case Id is---1
[INFO ][2015-12-04 17:55:09,405][com.java.TestType] [  486] - 1
[INFO ][2015-12-04 17:55:09,405][com.java.TestType] [  481] -  str(2) = 10
[INFO ][2015-12-04 17:55:09,406][com.java.TestType] [  533] - row values are--------{1=com.java.Objects.TestDataDetails@145874e, 2=com.java.Objects.TestDataDetails@f9279d, 3=com.java.Objects.TestDataDetails@993b9d, 4=com.java.Objects.TestDataDetails@4d3f4b, 5=com.java.Objects.TestDataDetails@1b481eb, 6=com.java.Objects.TestDataDetails@1cf9e7f, 7=com.java.Objects.TestDataDetails@6d6a3f, 8=com.java.Objects.TestDataDetails@3d24d8, 9=com.java.Objects.TestDataDetails@1564967, 10=com.java.Objects.TestDataDetails@3352d4}
[INFO ][2015-12-04 17:55:09,406][com.java.TestType] [  481] -  str(1) = 1
[INFO ][2015-12-04 17:55:09,406][com.java.TestType] [  484] - Test case Id is---1
[INFO ][2015-12-04 17:55:09,406][com.java.TestType] [  486] - 1
[INFO ][2015-12-04 17:55:09,406][com.java.TestType] [  481] -  str(2) = 11
[INFO ][2015-12-04 17:55:09,407][com.java.TestType] [  533] - row values are--------{1=com.java.Objects.TestDataDetails@145874e, 2=com.java.Objects.TestDataDetails@f9279d, 3=com.java.Objects.TestDataDetails@993b9d, 4=com.java.Objects.TestDataDetails@4d3f4b, 5=com.java.Objects.TestDataDetails@1b481eb, 6=com.java.Objects.TestDataDetails@1cf9e7f, 7=com.java.Objects.TestDataDetails@6d6a3f, 8=com.java.Objects.TestDataDetails@3d24d8, 9=com.java.Objects.TestDataDetails@1564967, 10=com.java.Objects.TestDataDetails@3352d4, 11=com.java.Objects.TestDataDetails@1a47a7d}
[INFO ][2015-12-04 17:55:09,407][com.java.TestType] [  481] -  str(1) = 1
[INFO ][2015-12-04 17:55:09,407][com.java.TestType] [  484] - Test case Id is---1
[INFO ][2015-12-04 17:55:09,407][com.java.TestType] [  486] - 1
[INFO ][2015-12-04 17:55:09,407][com.java.TestType] [  481] -  str(2) = 12
[INFO ][2015-12-04 17:55:09,409][com.java.TestType] [  533] - row values are--------{1=com.java.Objects.TestDataDetails@145874e, 2=com.java.Objects.TestDataDetails@f9279d, 3=com.java.Objects.TestDataDetails@993b9d, 4=com.java.Objects.TestDataDetails@4d3f4b, 5=com.java.Objects.TestDataDetails@1b481eb, 6=com.java.Objects.TestDataDetails@1cf9e7f, 7=com.java.Objects.TestDataDetails@6d6a3f, 8=com.java.Objects.TestDataDetails@3d24d8, 9=com.java.Objects.TestDataDetails@1564967, 10=com.java.Objects.TestDataDetails@3352d4, 11=com.java.Objects.TestDataDetails@1a47a7d, 12=com.java.Objects.TestDataDetails@112d9d9}
[INFO ][2015-12-04 17:55:09,409][com.java.TestType] [  481] -  str(1) = 1
[INFO ][2015-12-04 17:55:09,409][com.java.TestType] [  484] - Test case Id is---1
[INFO ][2015-12-04 17:55:09,409][com.java.TestType] [  486] - 1
[INFO ][2015-12-04 17:55:09,409][com.java.TestType] [  481] -  str(2) = 13
[INFO ][2015-12-04 17:55:09,410][com.java.TestType] [  533] - row values are--------{1=com.java.Objects.TestDataDetails@145874e, 2=com.java.Objects.TestDataDetails@f9279d, 3=com.java.Objects.TestDataDetails@993b9d, 4=com.java.Objects.TestDataDetails@4d3f4b, 5=com.java.Objects.TestDataDetails@1b481eb, 6=com.java.Objects.TestDataDetails@1cf9e7f, 7=com.java.Objects.TestDataDetails@6d6a3f, 8=com.java.Objects.TestDataDetails@3d24d8, 9=com.java.Objects.TestDataDetails@1564967, 10=com.java.Objects.TestDataDetails@3352d4, 11=com.java.Objects.TestDataDetails@1a47a7d, 12=com.java.Objects.TestDataDetails@112d9d9, 13=com.java.Objects.TestDataDetails@605781}
[INFO ][2015-12-04 17:55:09,410][com.java.TestType] [  481] -  str(1) = 1
[INFO ][2015-12-04 17:55:09,410][com.java.TestType] [  484] - Test case Id is---1
[INFO ][2015-12-04 17:55:09,411][com.java.TestType] [  486] - 1
[INFO ][2015-12-04 17:55:09,411][com.java.TestType] [  481] -  str(2) = 14
[INFO ][2015-12-04 17:55:09,411][com.java.TestType] [  533] - row values are--------{1=com.java.Objects.TestDataDetails@145874e, 2=com.java.Objects.TestDataDetails@f9279d, 3=com.java.Objects.TestDataDetails@993b9d, 4=com.java.Objects.TestDataDetails@4d3f4b, 5=com.java.Objects.TestDataDetails@1b481eb, 6=com.java.Objects.TestDataDetails@1cf9e7f, 7=com.java.Objects.TestDataDetails@6d6a3f, 8=com.java.Objects.TestDataDetails@3d24d8, 9=com.java.Objects.TestDataDetails@1564967, 10=com.java.Objects.TestDataDetails@3352d4, 11=com.java.Objects.TestDataDetails@1a47a7d, 12=com.java.Objects.TestDataDetails@112d9d9, 13=com.java.Objects.TestDataDetails@605781, 14=com.java.Objects.TestDataDetails@1694e84}
[INFO ][2015-12-04 17:55:09,412][com.java.TestType] [ 9928] - Looping 1TCID = 1
[DEBUG][2015-12-04 17:55:09,412][com.java.TestType] [ 9969] - Concept ID:1 :: Step being Executed: 1::1
[INFO ][2015-12-04 17:55:09,412][com.java.TestType] [10007] - dataFields : TXTusername
[DEBUG][2015-12-04 17:55:09,412][com.java.TestType] [10013] - <In Set values of the page>
[DEBUG][2015-12-04 17:55:09,412][com.java.TestType] [10018] - {Data Fields & Data Values Exist}
[INFO ][2015-12-04 17:55:09,412][com.java.TestType] [10024] - --------------------------setting values-----------------------------
[INFO ][2015-12-04 17:55:09,412][com.java.TestType] [10027] - Action Type : CLEARANDENTER
[INFO ][2015-12-04 17:55:09,412][com.java.TestType] [ 5429] - value = naresh.nayini.00000
[INFO ][2015-12-04 17:55:14,239][com.java.TestType] [10046] -  RESULT true
[INFO ][2015-12-04 17:55:14,239][com.java.TestType] [10163] - ?   P A S S   ?
[DEBUG][2015-12-04 17:55:14,240][com.java.TestType] [ 9969] - Concept ID:1 :: Step being Executed: 1::2
[INFO ][2015-12-04 17:55:14,240][com.java.TestType] [10007] - dataFields : TXTpassword
[DEBUG][2015-12-04 17:55:14,240][com.java.TestType] [10013] - <In Set values of the page>
[DEBUG][2015-12-04 17:55:14,240][com.java.TestType] [10018] - {Data Fields & Data Values Exist}
[INFO ][2015-12-04 17:55:14,240][com.java.TestType] [10024] - --------------------------setting values-----------------------------
[INFO ][2015-12-04 17:55:14,240][com.java.TestType] [10027] - Action Type : CLEARANDENTER
[INFO ][2015-12-04 17:55:14,240][com.java.TestType] [ 5429] - value = Password1*
[INFO ][2015-12-04 17:55:19,155][com.java.TestType] [10046] -  RESULT true
[INFO ][2015-12-04 17:55:19,156][com.java.TestType] [10163] - ?   P A S S   ?
[DEBUG][2015-12-04 17:55:19,156][com.java.TestType] [ 9969] - Concept ID:1 :: Step being Executed: 1::3
[ERROR][2015-12-04 17:55:19,156][com.java.TestType] [10002] - Exception: null
[INFO ][2015-12-04 17:55:19,156][com.java.TestType] [10007] - dataFields : XPH//button[@type='submit']
[DEBUG][2015-12-04 17:55:19,156][com.java.TestType] [10013] - <In Set values of the page>
[DEBUG][2015-12-04 17:55:19,156][com.java.TestType] [10018] - {Data Fields & Data Values Exist}
[INFO ][2015-12-04 17:55:19,156][com.java.TestType] [10024] - --------------------------setting values-----------------------------
[INFO ][2015-12-04 17:55:19,156][com.java.TestType] [10027] - Action Type : Click
[INFO ][2015-12-04 17:55:19,156][com.java.TestType] [ 5757] - Field ::XPH//button[@type='submit']
[INFO ][2015-12-04 17:55:20,161][com.java.TestType] [ 5844] - BEFORE CLICK
[INFO ][2015-12-04 17:55:21,052][com.java.TestType] [ 5852] - Unable to click the object Login
[INFO ][2015-12-04 17:55:21,052][com.java.TestType] [10046] -  RESULT true
[INFO ][2015-12-04 17:55:21,052][com.java.TestType] [10163] - ?   P A S S   ?
[DEBUG][2015-12-04 17:55:21,052][com.java.TestType] [ 9969] - Concept ID:1 :: Step being Executed: 1::4
[INFO ][2015-12-04 17:55:21,052][com.java.TestType] [10007] - dataFields : LNKLogout
[DEBUG][2015-12-04 17:55:21,052][com.java.TestType] [10013] - <In Set values of the page>
[DEBUG][2015-12-04 17:55:21,052][com.java.TestType] [10018] - {Data Fields & Data Values Exist}
[INFO ][2015-12-04 17:55:21,052][com.java.TestType] [10024] - --------------------------setting values-----------------------------
[INFO ][2015-12-04 17:55:21,052][com.java.TestType] [10027] - Action Type : WaitForElement
[INFO ][2015-12-04 17:55:24,618][com.java.TestType] [10046] -  RESULT true
[INFO ][2015-12-04 17:55:24,618][com.java.TestType] [10163] - ?   P A S S   ?
[DEBUG][2015-12-04 17:55:24,618][com.java.TestType] [ 9969] - Concept ID:1 :: Step being Executed: 1::13
[INFO ][2015-12-04 17:55:24,618][com.java.TestType] [10007] - dataFields : LNK
[DEBUG][2015-12-04 17:55:24,618][com.java.TestType] [10013] - <In Set values of the page>
[DEBUG][2015-12-04 17:55:24,618][com.java.TestType] [10018] - {Data Fields & Data Values Exist}
[INFO ][2015-12-04 17:55:24,618][com.java.TestType] [10024] - --------------------------setting values-----------------------------
[INFO ][2015-12-04 17:55:24,619][com.java.TestType] [10027] - Action Type : Verify
[INFO ][2015-12-04 17:55:24,619][com.java.TestType] [ 6620] - field= LNK value= Logout
[INFO ][2015-12-04 17:55:24,626][com.java.TestType] [ 5429] - value = Logout
[INFO ][2015-12-04 17:55:24,662][com.java.TestType] [10046] -  RESULT true
[INFO ][2015-12-04 17:55:24,662][com.java.TestType] [10163] - ?   P A S S   ?
[DEBUG][2015-12-04 17:55:24,662][com.java.TestType] [ 9969] - Concept ID:1 :: Step being Executed: 1::14
[INFO ][2015-12-04 17:55:24,663][com.java.TestType] [10007] - dataFields : BTN
[DEBUG][2015-12-04 17:55:24,663][com.java.TestType] [10013] - <In Set values of the page>
[DEBUG][2015-12-04 17:55:24,663][com.java.TestType] [10018] - {Data Fields & Data Values Exist}
[INFO ][2015-12-04 17:55:24,663][com.java.TestType] [10024] - --------------------------setting values-----------------------------
[INFO ][2015-12-04 17:55:24,663][com.java.TestType] [10027] - Action Type : Verify
[INFO ][2015-12-04 17:55:24,663][com.java.TestType] [ 6620] - field= BTN value= //img[contains(@src,'bdlogo.jpg')]
[INFO ][2015-12-04 17:55:24,663][com.java.TestType] [ 5429] - value = //img[contains(@src,'bdlogo.jpg')]
[INFO ][2015-12-04 17:55:24,821][com.java.TestType] [10046] -  RESULT true
[INFO ][2015-12-04 17:55:24,822][com.java.TestType] [10163] - ?   P A S S   ?
[INFO ][2015-12-04 17:55:24,822][com.java.TestType] [10234] - Looping End......
[INFO ][2015-12-04 17:55:24,823][com.java.SeleniumDriver] [  877] -  RESULT true
[INFO ][2015-12-04 17:55:24,823][com.java.SeleniumDriver] [ 1083] - ?   P A S S   ?
[INFO ][2015-12-04 17:55:24,823][com.java.SeleniumDriver] [  804] - ------------------------------------------
[INFO ][2015-12-04 17:55:24,823][com.java.SeleniumDriver] [  805] - Test case being Executed: 1
[INFO ][2015-12-04 17:55:24,823][com.java.SeleniumDriver] [  816] - Test step:2
[INFO ][2015-12-04 17:55:24,823][com.java.SeleniumDriver] [  828] - Datavalue is----------Concept#2:1-2
[INFO ][2015-12-04 17:55:24,823][com.java.SeleniumDriver] [  852] - DataField : test
[INFO ][2015-12-04 17:55:24,823][com.java.SeleniumDriver] [  854] - DataValue : Concept#2:1-2
[INFO ][2015-12-04 17:55:24,824][com.java.SeleniumDriver] [  860] - <In Set values of the page>
[INFO ][2015-12-04 17:55:24,824][com.java.SeleniumDriver] [  863] - {Data Fields & Data Values Exist}
[INFO ][2015-12-04 17:55:24,824][com.java.SeleniumDriver] [  865] - --------------------------setting values-----------------------------
[INFO ][2015-12-04 17:55:24,824][com.java.SeleniumDriver] [  868] - Action Type : ExecuteTestCase
[INFO ][2015-12-04 17:55:24,824][com.java.TestType] [  436] - The Concept sheet name is ---------- Concept
[INFO ][2015-12-04 17:55:24,824][com.java.TestType] [  439] - The Concept ID  is ---------- 2
[DEBUG][2015-12-04 17:55:24,824][com.java.TestType] [  443] - Steps being executted in the Concept are: 1:2
[INFO ][2015-12-04 17:55:24,825][com.java.TestType] [  450] - Test data details path ---------- D:\BankersDashboard\TestInputs\TestData.xls
[INFO ][2015-12-04 17:55:24,843][com.java.TestType] [  481] -  str(1) = 2
[INFO ][2015-12-04 17:55:24,843][com.java.TestType] [  484] - Test case Id is---2
[INFO ][2015-12-04 17:55:24,843][com.java.TestType] [  486] - 2
[INFO ][2015-12-04 17:55:24,843][com.java.TestType] [  481] -  str(2) = 1
[INFO ][2015-12-04 17:55:24,845][com.java.TestType] [  533] - row values are--------{1=com.java.Objects.TestDataDetails@13abb73}
[INFO ][2015-12-04 17:55:24,845][com.java.TestType] [  481] -  str(1) = 2
[INFO ][2015-12-04 17:55:24,845][com.java.TestType] [  484] - Test case Id is---2
[INFO ][2015-12-04 17:55:24,845][com.java.TestType] [  486] - 2
[INFO ][2015-12-04 17:55:24,845][com.java.TestType] [  481] -  str(2) = 2
[INFO ][2015-12-04 17:55:24,846][com.java.TestType] [  533] - row values are--------{1=com.java.Objects.TestDataDetails@13abb73, 2=com.java.Objects.TestDataDetails@159808a}
[INFO ][2015-12-04 17:55:24,846][com.java.TestType] [  481] -  str(1) = 2
[INFO ][2015-12-04 17:55:24,846][com.java.TestType] [  484] - Test case Id is---2
[INFO ][2015-12-04 17:55:24,846][com.java.TestType] [  486] - 2
[INFO ][2015-12-04 17:55:24,846][com.java.TestType] [  481] -  str(2) = 3
[INFO ][2015-12-04 17:55:24,847][com.java.TestType] [  533] - row values are--------{1=com.java.Objects.TestDataDetails@13abb73, 2=com.java.Objects.TestDataDetails@159808a, 3=com.java.Objects.TestDataDetails@da8d32}
[INFO ][2015-12-04 17:55:24,847][com.java.TestType] [ 9928] - Looping 1TCID = 2
[DEBUG][2015-12-04 17:55:24,847][com.java.TestType] [ 9969] - Concept ID:2 :: Step being Executed: 2::1
[INFO ][2015-12-04 17:55:24,847][com.java.TestType] [10007] - dataFields : BNK//select[@id='bank']
[DEBUG][2015-12-04 17:55:24,847][com.java.TestType] [10013] - <In Set values of the page>
[DEBUG][2015-12-04 17:55:24,847][com.java.TestType] [10018] - {Data Fields & Data Values Exist}
[INFO ][2015-12-04 17:55:24,847][com.java.TestType] [10024] - --------------------------setting values-----------------------------
[INFO ][2015-12-04 17:55:24,847][com.java.TestType] [10027] - Action Type : Select
[INFO ][2015-12-04 17:55:24,847][com.java.TestType] [ 5429] - value = PFC
[INFO ][2015-12-04 17:55:25,086][com.java.TestType] [10046] -  RESULT true
[INFO ][2015-12-04 17:55:25,087][com.java.TestType] [10163] - ?   P A S S   ?
[DEBUG][2015-12-04 17:55:25,087][com.java.TestType] [ 9969] - Concept ID:2 :: Step being Executed: 2::2
[INFO ][2015-12-04 17:55:25,087][com.java.TestType] [10007] - dataFields : LNKLogout
[DEBUG][2015-12-04 17:55:25,087][com.java.TestType] [10013] - <In Set values of the page>
[DEBUG][2015-12-04 17:55:25,087][com.java.TestType] [10018] - {Data Fields & Data Values Exist}
[INFO ][2015-12-04 17:55:25,087][com.java.TestType] [10024] - --------------------------setting values-----------------------------
[INFO ][2015-12-04 17:55:25,087][com.java.TestType] [10027] - Action Type : WaitTime
[DEBUG][2015-12-04 17:55:25,087][com.java.TestType] [ 5249] - sleepTime: 5000
[INFO ][2015-12-04 17:55:30,088][com.java.TestType] [10046] -  RESULT true
[INFO ][2015-12-04 17:55:30,088][com.java.TestType] [10163] - ?   P A S S   ?
[INFO ][2015-12-04 17:55:30,088][com.java.TestType] [10234] - Looping End......
[INFO ][2015-12-04 17:55:30,089][com.java.SeleniumDriver] [  877] -  RESULT true
[INFO ][2015-12-04 17:55:30,089][com.java.SeleniumDriver] [ 1083] - ?   P A S S   ?
[INFO ][2015-12-04 17:55:30,090][com.java.SeleniumDriver] [  804] - ------------------------------------------
[INFO ][2015-12-04 17:55:30,090][com.java.SeleniumDriver] [  805] - Test case being Executed: 1
[INFO ][2015-12-04 17:55:30,090][com.java.SeleniumDriver] [  816] - Test step:3
[INFO ][2015-12-04 17:55:30,090][com.java.SeleniumDriver] [  828] - Datavalue is----------2
[INFO ][2015-12-04 17:55:30,090][com.java.SeleniumDriver] [  852] - DataField : XPH//button[contains(text(),'Add Content')]
[INFO ][2015-12-04 17:55:30,090][com.java.SeleniumDriver] [  854] - DataValue : 2
[INFO ][2015-12-04 17:55:30,090][com.java.SeleniumDriver] [  860] - <In Set values of the page>
[INFO ][2015-12-04 17:55:30,090][com.java.SeleniumDriver] [  863] - {Data Fields & Data Values Exist}
[INFO ][2015-12-04 17:55:30,090][com.java.SeleniumDriver] [  865] - --------------------------setting values-----------------------------
[INFO ][2015-12-04 17:55:30,090][com.java.SeleniumDriver] [  868] - Action Type : WAITFORELEMENT
[INFO ][2015-12-04 17:55:30,128][com.java.SeleniumDriver] [  877] -  RESULT true
[INFO ][2015-12-04 17:55:30,128][com.java.SeleniumDriver] [ 1083] - ?   P A S S   ?
[DEBUG][2015-12-04 17:55:30,128][com.java.SeleniumDriver] [ 1195] - Case found
[DEBUG][2015-12-04 17:55:30,128][com.java.SeleniumDriver] [ 1200] - Incrementing ReportCounters[0]:1
[INFO ][2015-12-04 17:55:30,128][com.java.SeleniumDriver] [ 1219] - The results are-------------------[1, 1, Valid Login, Pass, , Fri Dec 04 17:55:24 IST 2015, 1, 2, Valid Login, Pass, , Fri Dec 04 17:55:30 IST 2015, 1, 3, Valid Login, Pass, , Fri Dec 04 17:55:30 IST 2015]
[INFO ][2015-12-04 17:55:30,128][com.java.SeleniumDriver] [ 1223] - End time is-------35 sec
[INFO ][2015-12-04 17:55:30,128][com.java.SeleniumDriver] [ 1224] - The results are-------------------[1, 1, Valid Login, Pass, , Fri Dec 04 17:55:24 IST 2015, 1, 2, Valid Login, Pass, , Fri Dec 04 17:55:30 IST 2015, 1, 3, Valid Login, Pass, , Fri Dec 04 17:55:30 IST 2015]
[DEBUG][2015-12-04 17:55:30,128][com.java.ImportnExport.ExportTestResultsExcel] [  222] - testResultPath = D:\BankersDashboard/TestReports/Test Results_BankersDashBoard_120415_175456_IE10_Any Bank USA.xls
[DEBUG][2015-12-04 17:55:30,128][com.java.ImportnExport.ExportTestResultsExcel] [  223] - browser is------------IE10
[DEBUG][2015-12-04 17:55:30,180][com.java.ImportnExport.ExportTestResultsExcel] [  270] - result.size() = 18
[DEBUG][2015-12-04 17:55:30,180][com.java.ImportnExport.ExportTestResultsExcel] [  274] - No of rows in sheet=1
[DEBUG][2015-12-04 17:55:30,180][com.java.ImportnExport.ExportTestResultsExcel] [  301] - ..in export..1
[DEBUG][2015-12-04 17:55:30,180][com.java.ImportnExport.ExportTestResultsExcel] [  301] - ..in export..Valid Login
[DEBUG][2015-12-04 17:55:30,180][com.java.ImportnExport.ExportTestResultsExcel] [  301] - ..in export..Pass
[DEBUG][2015-12-04 17:55:30,180][com.java.ImportnExport.ExportTestResultsExcel] [  301] - ..in export..
[DEBUG][2015-12-04 17:55:30,180][com.java.ImportnExport.ExportTestResultsExcel] [  301] - ..in export..Fri Dec 04 17:55:24 IST 2015
[INFO ][2015-12-04 17:55:30,182][com.java.SeleniumDriver] [ 1282] - out loop:0 size:2 TestCases:[1, 7] testcases:[1, 7]
[INFO ][2015-12-04 17:55:30,182][com.java.ImportnExport.ImportTestDataDetailsExcel] [   49] - test data details path===== D:\BankersDashboard\TestInputs\TestData.xls
[INFO ][2015-12-04 17:55:44,896][com.java.SeleniumDriver] [  804] - ------------------------------------------
[INFO ][2015-12-04 17:55:44,896][com.java.SeleniumDriver] [  805] - Test case being Executed: 7
[INFO ][2015-12-04 17:55:44,896][com.java.SeleniumDriver] [  816] - Test step:1
[INFO ][2015-12-04 17:55:44,896][com.java.SeleniumDriver] [  828] - Datavalue is----------test
[INFO ][2015-12-04 17:55:44,896][com.java.SeleniumDriver] [  852] - DataField : test
[INFO ][2015-12-04 17:55:44,896][com.java.SeleniumDriver] [  854] - DataValue : test
[INFO ][2015-12-04 17:55:44,896][com.java.SeleniumDriver] [  860] - <In Set values of the page>
[INFO ][2015-12-04 17:55:44,896][com.java.SeleniumDriver] [  863] - {Data Fields & Data Values Exist}
[INFO ][2015-12-04 17:55:44,896][com.java.SeleniumDriver] [  865] - --------------------------setting values-----------------------------
[INFO ][2015-12-04 17:55:44,896][com.java.SeleniumDriver] [  868] - Action Type : SELECTMAINWINDOWANDCLOSEOTHER
[INFO ][2015-12-04 17:55:55,047][com.java.SeleniumDriver] [  877] -  RESULT true
[INFO ][2015-12-04 17:55:55,047][com.java.SeleniumDriver] [ 1083] - ?   P A S S   ?
[INFO ][2015-12-04 17:55:55,047][com.java.SeleniumDriver] [  804] - ------------------------------------------
[INFO ][2015-12-04 17:55:55,047][com.java.SeleniumDriver] [  805] - Test case being Executed: 7
[INFO ][2015-12-04 17:55:55,047][com.java.SeleniumDriver] [  816] - Test step:2
[INFO ][2015-12-04 17:55:55,047][com.java.SeleniumDriver] [  828] - Datavalue is----------Logout
[INFO ][2015-12-04 17:55:55,047][com.java.SeleniumDriver] [  852] - DataField : BTN
[INFO ][2015-12-04 17:55:55,047][com.java.SeleniumDriver] [  854] - DataValue : Logout
[INFO ][2015-12-04 17:55:55,047][com.java.SeleniumDriver] [  860] - <In Set values of the page>
[INFO ][2015-12-04 17:55:55,047][com.java.SeleniumDriver] [  863] - {Data Fields & Data Values Exist}
[INFO ][2015-12-04 17:55:55,047][com.java.SeleniumDriver] [  865] - --------------------------setting values-----------------------------
[INFO ][2015-12-04 17:55:55,047][com.java.SeleniumDriver] [  868] - Action Type : Verify
[INFO ][2015-12-04 17:55:55,048][com.java.TestType] [ 6620] - field= BTN value= Logout
[INFO ][2015-12-04 17:55:55,048][com.java.TestType] [ 5429] - value = Logout
[INFO ][2015-12-04 17:55:55,118][com.java.SeleniumDriver] [  877] -  RESULT true
[INFO ][2015-12-04 17:55:55,118][com.java.SeleniumDriver] [ 1083] - ?   P A S S   ?
[INFO ][2015-12-04 17:55:55,118][com.java.SeleniumDriver] [ 1125] - step change to 4
[INFO ][2015-12-04 17:55:55,118][com.java.SeleniumDriver] [  804] - ------------------------------------------
[INFO ][2015-12-04 17:55:55,118][com.java.SeleniumDriver] [  805] - Test case being Executed: 7
[INFO ][2015-12-04 17:55:55,118][com.java.SeleniumDriver] [  816] - Test step:4
[INFO ][2015-12-04 17:55:55,118][com.java.SeleniumDriver] [  828] - Datavalue is----------Concept#2:1-2
[INFO ][2015-12-04 17:55:55,118][com.java.SeleniumDriver] [  852] - DataField : test
[INFO ][2015-12-04 17:55:55,119][com.java.SeleniumDriver] [  854] - DataValue : Concept#2:1-2
[INFO ][2015-12-04 17:55:55,119][com.java.SeleniumDriver] [  860] - <In Set values of the page>
[INFO ][2015-12-04 17:55:55,119][com.java.SeleniumDriver] [  863] - {Data Fields & Data Values Exist}
[INFO ][2015-12-04 17:55:55,119][com.java.SeleniumDriver] [  865] - --------------------------setting values-----------------------------
[INFO ][2015-12-04 17:55:55,119][com.java.SeleniumDriver] [  868] - Action Type : ExecuteTestCase
[INFO ][2015-12-04 17:55:55,119][com.java.TestType] [  436] - The Concept sheet name is ---------- Concept
[INFO ][2015-12-04 17:55:55,119][com.java.TestType] [  439] - The Concept ID  is ---------- 2
[DEBUG][2015-12-04 17:55:55,119][com.java.TestType] [  443] - Steps being executted in the Concept are: 1:2
[INFO ][2015-12-04 17:55:55,119][com.java.TestType] [  450] - Test data details path ---------- D:\BankersDashboard\TestInputs\TestData.xls
[INFO ][2015-12-04 17:55:55,136][com.java.TestType] [  481] -  str(1) = 2
[INFO ][2015-12-04 17:55:55,137][com.java.TestType] [  484] - Test case Id is---2
[INFO ][2015-12-04 17:55:55,137][com.java.TestType] [  486] - 2
[INFO ][2015-12-04 17:55:55,137][com.java.TestType] [  481] -  str(2) = 1
[INFO ][2015-12-04 17:55:55,138][com.java.TestType] [  533] - row values are--------{1=com.java.Objects.TestDataDetails@22d801}
[INFO ][2015-12-04 17:55:55,138][com.java.TestType] [  481] -  str(1) = 2
[INFO ][2015-12-04 17:55:55,138][com.java.TestType] [  484] - Test case Id is---2
[INFO ][2015-12-04 17:55:55,138][com.java.TestType] [  486] - 2
[INFO ][2015-12-04 17:55:55,138][com.java.TestType] [  481] -  str(2) = 2
[INFO ][2015-12-04 17:55:55,140][com.java.TestType] [  533] - row values are--------{1=com.java.Objects.TestDataDetails@22d801, 2=com.java.Objects.TestDataDetails@17627b7}
[INFO ][2015-12-04 17:55:55,140][com.java.TestType] [  481] -  str(1) = 2
[INFO ][2015-12-04 17:55:55,140][com.java.TestType] [  484] - Test case Id is---2
[INFO ][2015-12-04 17:55:55,140][com.java.TestType] [  486] - 2
[INFO ][2015-12-04 17:55:55,140][com.java.TestType] [  481] -  str(2) = 3
[INFO ][2015-12-04 17:55:55,141][com.java.TestType] [  533] - row values are--------{1=com.java.Objects.TestDataDetails@22d801, 2=com.java.Objects.TestDataDetails@17627b7, 3=com.java.Objects.TestDataDetails@bcc9b1}
[INFO ][2015-12-04 17:55:55,141][com.java.TestType] [ 9928] - Looping 1TCID = 2
[DEBUG][2015-12-04 17:55:55,141][com.java.TestType] [ 9969] - Concept ID:2 :: Step being Executed: 2::1
[INFO ][2015-12-04 17:55:55,141][com.java.TestType] [10007] - dataFields : BNK//select[@id='bank']
[DEBUG][2015-12-04 17:55:55,141][com.java.TestType] [10013] - <In Set values of the page>
[DEBUG][2015-12-04 17:55:55,141][com.java.TestType] [10018] - {Data Fields & Data Values Exist}
[INFO ][2015-12-04 17:55:55,141][com.java.TestType] [10024] - --------------------------setting values-----------------------------
[INFO ][2015-12-04 17:55:55,141][com.java.TestType] [10027] - Action Type : Select
[INFO ][2015-12-04 17:55:55,142][com.java.TestType] [ 5429] - value = PFC
[INFO ][2015-12-04 17:55:55,356][com.java.TestType] [10046] -  RESULT true
[INFO ][2015-12-04 17:55:55,356][com.java.TestType] [10163] - ?   P A S S   ?
[DEBUG][2015-12-04 17:55:55,357][com.java.TestType] [ 9969] - Concept ID:2 :: Step being Executed: 2::2
[INFO ][2015-12-04 17:55:55,357][com.java.TestType] [10007] - dataFields : LNKLogout
[DEBUG][2015-12-04 17:55:55,357][com.java.TestType] [10013] - <In Set values of the page>
[DEBUG][2015-12-04 17:55:55,357][com.java.TestType] [10018] - {Data Fields & Data Values Exist}
[INFO ][2015-12-04 17:55:55,357][com.java.TestType] [10024] - --------------------------setting values-----------------------------
[INFO ][2015-12-04 17:55:55,357][com.java.TestType] [10027] - Action Type : WaitTime
[DEBUG][2015-12-04 17:55:55,357][com.java.TestType] [ 5249] - sleepTime: 5000
[INFO ][2015-12-04 17:56:00,358][com.java.TestType] [10046] -  RESULT true
[INFO ][2015-12-04 17:56:00,358][com.java.TestType] [10163] - ?   P A S S   ?
[INFO ][2015-12-04 17:56:00,358][com.java.TestType] [10234] - Looping End......
[INFO ][2015-12-04 17:56:00,359][com.java.SeleniumDriver] [  877] -  RESULT true
[INFO ][2015-12-04 17:56:00,359][com.java.SeleniumDriver] [ 1083] - ?   P A S S   ?
[INFO ][2015-12-04 17:56:00,359][com.java.SeleniumDriver] [  804] - ------------------------------------------
[INFO ][2015-12-04 17:56:00,359][com.java.SeleniumDriver] [  805] - Test case being Executed: 7
[INFO ][2015-12-04 17:56:00,360][com.java.SeleniumDriver] [  816] - Test step:5
[INFO ][2015-12-04 17:56:00,360][com.java.SeleniumDriver] [  828] - Datavalue is----------null
[DEBUG][2015-12-04 17:56:00,362][com.java.SeleniumDriver] [  846] - Exception: null
[INFO ][2015-12-04 17:56:00,362][com.java.SeleniumDriver] [  852] - DataField : //span[@class='icon-stats']&&//a[@data-id="Forecasting"]
[INFO ][2015-12-04 17:56:00,362][com.java.SeleniumDriver] [  854] - DataValue : 
[INFO ][2015-12-04 17:56:00,362][com.java.SeleniumDriver] [  860] - <In Set values of the page>
[INFO ][2015-12-04 17:56:00,362][com.java.SeleniumDriver] [  863] - {Data Fields & Data Values Exist}
[INFO ][2015-12-04 17:56:00,362][com.java.SeleniumDriver] [  865] - --------------------------setting values-----------------------------
[INFO ][2015-12-04 17:56:00,362][com.java.SeleniumDriver] [  868] - Action Type : MOUSEOVER
[INFO ][2015-12-04 17:56:24,061][com.java.SeleniumDriver] [  877] -  RESULT true
[INFO ][2015-12-04 17:56:24,061][com.java.SeleniumDriver] [ 1083] - ?   P A S S   ?
[INFO ][2015-12-04 17:56:24,061][com.java.SeleniumDriver] [  804] - ------------------------------------------
[INFO ][2015-12-04 17:56:24,061][com.java.SeleniumDriver] [  805] - Test case being Executed: 7
[INFO ][2015-12-04 17:56:24,061][com.java.SeleniumDriver] [  816] - Test step:6
[INFO ][2015-12-04 17:56:24,061][com.java.SeleniumDriver] [  828] - Datavalue is----------5
[INFO ][2015-12-04 17:56:24,061][com.java.SeleniumDriver] [  852] - DataField : null
[INFO ][2015-12-04 17:56:24,061][com.java.SeleniumDriver] [  854] - DataValue : 5
[INFO ][2015-12-04 17:56:24,061][com.java.SeleniumDriver] [  860] - <In Set values of the page>
[INFO ][2015-12-04 17:56:24,061][com.java.SeleniumDriver] [  863] - {Data Fields & Data Values Exist}
[INFO ][2015-12-04 17:56:24,061][com.java.SeleniumDriver] [  865] - --------------------------setting values-----------------------------
[INFO ][2015-12-04 17:56:24,061][com.java.SeleniumDriver] [  868] - Action Type : WAITTIME
[DEBUG][2015-12-04 17:56:24,062][com.java.TestType] [ 5249] - sleepTime: 5000
[INFO ][2015-12-04 17:56:29,062][com.java.SeleniumDriver] [  877] -  RESULT true
[INFO ][2015-12-04 17:56:29,062][com.java.SeleniumDriver] [ 1083] - ?   P A S S   ?
[INFO ][2015-12-04 17:56:29,062][com.java.SeleniumDriver] [  804] - ------------------------------------------
[INFO ][2015-12-04 17:56:29,062][com.java.SeleniumDriver] [  805] - Test case being Executed: 7
[INFO ][2015-12-04 17:56:29,062][com.java.SeleniumDriver] [  816] - Test step:7
[INFO ][2015-12-04 17:56:29,062][com.java.SeleniumDriver] [  828] - Datavalue is----------Forecasting 
[INFO ][2015-12-04 17:56:29,062][com.java.SeleniumDriver] [  852] - DataField : TTL
[INFO ][2015-12-04 17:56:29,062][com.java.SeleniumDriver] [  854] - DataValue : Forecasting 
[INFO ][2015-12-04 17:56:29,062][com.java.SeleniumDriver] [  860] - <In Set values of the page>
[INFO ][2015-12-04 17:56:29,062][com.java.SeleniumDriver] [  863] - {Data Fields & Data Values Exist}
[INFO ][2015-12-04 17:56:29,062][com.java.SeleniumDriver] [  865] - --------------------------setting values-----------------------------
[INFO ][2015-12-04 17:56:29,062][com.java.SeleniumDriver] [  868] - Action Type : SELECTWINDOW
[INFO ][2015-12-04 17:56:41,633][com.java.SeleniumDriver] [  877] -  RESULT true
[INFO ][2015-12-04 17:56:41,633][com.java.SeleniumDriver] [ 1083] - ?   P A S S   ?
[INFO ][2015-12-04 17:56:41,633][com.java.SeleniumDriver] [  804] - ------------------------------------------
[INFO ][2015-12-04 17:56:41,633][com.java.SeleniumDriver] [  805] - Test case being Executed: 7
[INFO ][2015-12-04 17:56:41,633][com.java.SeleniumDriver] [  816] - Test step:8
[INFO ][2015-12-04 17:56:41,633][com.java.SeleniumDriver] [  828] - Datavalue is----------null
[DEBUG][2015-12-04 17:56:41,633][com.java.SeleniumDriver] [  846] - Exception: null
[INFO ][2015-12-04 17:56:41,633][com.java.SeleniumDriver] [  852] - DataField : BTNframeDialogContent
[INFO ][2015-12-04 17:56:41,634][com.java.SeleniumDriver] [  854] - DataValue : 
[INFO ][2015-12-04 17:56:41,634][com.java.SeleniumDriver] [  860] - <In Set values of the page>
[INFO ][2015-12-04 17:56:41,634][com.java.SeleniumDriver] [  863] - {Data Fields & Data Values Exist}
[INFO ][2015-12-04 17:56:41,634][com.java.SeleniumDriver] [  865] - --------------------------setting values-----------------------------
[INFO ][2015-12-04 17:56:41,634][com.java.SeleniumDriver] [  868] - Action Type : SELECTFRAME
[INFO ][2015-12-04 17:56:42,843][com.java.SeleniumDriver] [  877] -  RESULT true
[INFO ][2015-12-04 17:56:42,844][com.java.SeleniumDriver] [ 1083] - ?   P A S S   ?
[INFO ][2015-12-04 17:56:42,844][com.java.SeleniumDriver] [  804] - ------------------------------------------
[INFO ][2015-12-04 17:56:42,844][com.java.SeleniumDriver] [  805] - Test case being Executed: 7
[INFO ][2015-12-04 17:56:42,844][com.java.SeleniumDriver] [  816] - Test step:9
[INFO ][2015-12-04 17:56:42,844][com.java.SeleniumDriver] [  828] - Datavalue is----------2
[INFO ][2015-12-04 17:56:42,844][com.java.SeleniumDriver] [  852] - DataField : DSPddlProjects
[INFO ][2015-12-04 17:56:42,844][com.java.SeleniumDriver] [  854] - DataValue : 2
[INFO ][2015-12-04 17:56:42,844][com.java.SeleniumDriver] [  860] - <In Set values of the page>
[INFO ][2015-12-04 17:56:42,844][com.java.SeleniumDriver] [  863] - {Data Fields & Data Values Exist}
[INFO ][2015-12-04 17:56:42,844][com.java.SeleniumDriver] [  865] - --------------------------setting values-----------------------------
[INFO ][2015-12-04 17:56:42,844][com.java.SeleniumDriver] [  868] - Action Type : WAITFORELEMENT
[INFO ][2015-12-04 17:56:43,944][com.java.SeleniumDriver] [  877] -  RESULT true
[INFO ][2015-12-04 17:56:43,944][com.java.SeleniumDriver] [ 1083] - ?   P A S S   ?
[INFO ][2015-12-04 17:56:43,944][com.java.SeleniumDriver] [  804] - ------------------------------------------
[INFO ][2015-12-04 17:56:43,944][com.java.SeleniumDriver] [  805] - Test case being Executed: 7
[INFO ][2015-12-04 17:56:43,944][com.java.SeleniumDriver] [  816] - Test step:10
[INFO ][2015-12-04 17:56:43,944][com.java.SeleniumDriver] [  828] - Datavalue is----------index:1
[INFO ][2015-12-04 17:56:43,944][com.java.SeleniumDriver] [  852] - DataField : COBddlProjects
[INFO ][2015-12-04 17:56:43,944][com.java.SeleniumDriver] [  854] - DataValue : index:1
[INFO ][2015-12-04 17:56:43,944][com.java.SeleniumDriver] [  860] - <In Set values of the page>
[INFO ][2015-12-04 17:56:43,944][com.java.SeleniumDriver] [  863] - {Data Fields & Data Values Exist}
[INFO ][2015-12-04 17:56:43,944][com.java.SeleniumDriver] [  865] - --------------------------setting values-----------------------------
[INFO ][2015-12-04 17:56:43,944][com.java.SeleniumDriver] [  868] - Action Type : SELECT
[INFO ][2015-12-04 17:56:43,945][com.java.TestType] [ 5429] - value = 1
[INFO ][2015-12-04 17:56:45,043][com.java.TestType] [ 5547] -  In COB ddlProjects : 1
[INFO ][2015-12-04 17:56:45,182][com.java.SeleniumDriver] [  877] -  RESULT true
[INFO ][2015-12-04 17:56:45,182][com.java.SeleniumDriver] [ 1083] - ?   P A S S   ?
[INFO ][2015-12-04 17:56:45,182][com.java.SeleniumDriver] [  804] - ------------------------------------------
[INFO ][2015-12-04 17:56:45,182][com.java.SeleniumDriver] [  805] - Test case being Executed: 7
[INFO ][2015-12-04 17:56:45,182][com.java.SeleniumDriver] [  816] - Test step:11
[INFO ][2015-12-04 17:56:45,182][com.java.SeleniumDriver] [  828] - Datavalue is----------CurrentProject
[INFO ][2015-12-04 17:56:45,182][com.java.SeleniumDriver] [  852] - DataField : SLBddlProjects
[INFO ][2015-12-04 17:56:45,182][com.java.SeleniumDriver] [  854] - DataValue : CurrentProject
[INFO ][2015-12-04 17:56:45,182][com.java.SeleniumDriver] [  860] - <In Set values of the page>
[INFO ][2015-12-04 17:56:45,182][com.java.SeleniumDriver] [  863] - {Data Fields & Data Values Exist}
[INFO ][2015-12-04 17:56:45,183][com.java.SeleniumDriver] [  865] - --------------------------setting values-----------------------------
[INFO ][2015-12-04 17:56:45,183][com.java.SeleniumDriver] [  868] - Action Type : storevalue
[INFO ][2015-12-04 17:56:45,183][com.java.TestType] [ 7798] - field= SLBddlProjects
[INFO ][2015-12-04 17:56:46,374][com.java.SeleniumDriver] [  877] -  RESULT true
[INFO ][2015-12-04 17:56:46,374][com.java.SeleniumDriver] [ 1083] - ?   P A S S   ?
[INFO ][2015-12-04 17:56:46,375][com.java.SeleniumDriver] [  804] - ------------------------------------------
[INFO ][2015-12-04 17:56:46,375][com.java.SeleniumDriver] [  805] - Test case being Executed: 7
[INFO ][2015-12-04 17:56:46,375][com.java.SeleniumDriver] [  816] - Test step:12
[INFO ][2015-12-04 17:56:46,375][com.java.SeleniumDriver] [  828] - Datavalue is----------null
[DEBUG][2015-12-04 17:56:46,375][com.java.SeleniumDriver] [  846] - Exception: null
[INFO ][2015-12-04 17:56:46,375][com.java.SeleniumDriver] [  852] - DataField : HDNbtnOpenProject
[INFO ][2015-12-04 17:56:46,375][com.java.SeleniumDriver] [  854] - DataValue : 
[INFO ][2015-12-04 17:56:46,375][com.java.SeleniumDriver] [  860] - <In Set values of the page>
[INFO ][2015-12-04 17:56:46,375][com.java.SeleniumDriver] [  863] - {Data Fields & Data Values Exist}
[INFO ][2015-12-04 17:56:46,375][com.java.SeleniumDriver] [  865] - --------------------------setting values-----------------------------
[INFO ][2015-12-04 17:56:46,375][com.java.SeleniumDriver] [  868] - Action Type : CLICK
[INFO ][2015-12-04 17:56:46,375][com.java.TestType] [ 5757] - Field ::HDNbtnOpenProject
[INFO ][2015-12-04 17:56:49,024][com.java.SeleniumDriver] [  877] -  RESULT true
[INFO ][2015-12-04 17:56:49,024][com.java.SeleniumDriver] [ 1083] - ?   P A S S   ?
[INFO ][2015-12-04 17:56:49,024][com.java.SeleniumDriver] [  804] - ------------------------------------------
[INFO ][2015-12-04 17:56:49,024][com.java.SeleniumDriver] [  805] - Test case being Executed: 7
[INFO ][2015-12-04 17:56:49,024][com.java.SeleniumDriver] [  816] - Test step:13
[INFO ][2015-12-04 17:56:49,024][com.java.SeleniumDriver] [  828] - Datavalue is----------2
[INFO ][2015-12-04 17:56:49,024][com.java.SeleniumDriver] [  852] - DataField : null
[INFO ][2015-12-04 17:56:49,024][com.java.SeleniumDriver] [  854] - DataValue : 2
[INFO ][2015-12-04 17:56:49,025][com.java.SeleniumDriver] [  860] - <In Set values of the page>
[INFO ][2015-12-04 17:56:49,025][com.java.SeleniumDriver] [  863] - {Data Fields & Data Values Exist}
[INFO ][2015-12-04 17:56:49,025][com.java.SeleniumDriver] [  865] - --------------------------setting values-----------------------------
[INFO ][2015-12-04 17:56:49,025][com.java.SeleniumDriver] [  868] - Action Type : WAITTIME
[DEBUG][2015-12-04 17:56:49,025][com.java.TestType] [ 5249] - sleepTime: 2000
[INFO ][2015-12-04 17:56:51,025][com.java.SeleniumDriver] [  877] -  RESULT true
[INFO ][2015-12-04 17:56:51,025][com.java.SeleniumDriver] [ 1083] - ?   P A S S   ?
[INFO ][2015-12-04 17:56:51,025][com.java.SeleniumDriver] [  804] - ------------------------------------------
[INFO ][2015-12-04 17:56:51,025][com.java.SeleniumDriver] [  805] - Test case being Executed: 7
[INFO ][2015-12-04 17:56:51,025][com.java.SeleniumDriver] [  816] - Test step:14
[INFO ][2015-12-04 17:56:51,025][com.java.SeleniumDriver] [  828] - Datavalue is----------null
[DEBUG][2015-12-04 17:56:51,028][com.java.SeleniumDriver] [  846] - Exception: null
[INFO ][2015-12-04 17:56:51,028][com.java.SeleniumDriver] [  852] - DataField : BTNParent
[INFO ][2015-12-04 17:56:51,029][com.java.SeleniumDriver] [  854] - DataValue : 
[INFO ][2015-12-04 17:56:51,029][com.java.SeleniumDriver] [  860] - <In Set values of the page>
[INFO ][2015-12-04 17:56:51,029][com.java.SeleniumDriver] [  863] - {Data Fields & Data Values Exist}
[INFO ][2015-12-04 17:56:51,029][com.java.SeleniumDriver] [  865] - --------------------------setting values-----------------------------
[INFO ][2015-12-04 17:56:51,029][com.java.SeleniumDriver] [  868] - Action Type : SELECTFRAME
[INFO ][2015-12-04 17:56:51,043][com.java.SeleniumDriver] [  877] -  RESULT true
[INFO ][2015-12-04 17:56:51,043][com.java.SeleniumDriver] [ 1083] - ?   P A S S   ?
[INFO ][2015-12-04 17:56:51,043][com.java.SeleniumDriver] [  804] - ------------------------------------------
[INFO ][2015-12-04 17:56:51,043][com.java.SeleniumDriver] [  805] - Test case being Executed: 7
[INFO ][2015-12-04 17:56:51,043][com.java.SeleniumDriver] [  816] - Test step:15
[INFO ][2015-12-04 17:56:51,043][com.java.SeleniumDriver] [  828] - Datavalue is----------2
[INFO ][2015-12-04 17:56:51,043][com.java.SeleniumDriver] [  852] - DataField : DSPFile
[INFO ][2015-12-04 17:56:51,043][com.java.SeleniumDriver] [  854] - DataValue : 2
[INFO ][2015-12-04 17:56:51,043][com.java.SeleniumDriver] [  860] - <In Set values of the page>
[INFO ][2015-12-04 17:56:51,043][com.java.SeleniumDriver] [  863] - {Data Fields & Data Values Exist}
[INFO ][2015-12-04 17:56:51,043][com.java.SeleniumDriver] [  865] - --------------------------setting values-----------------------------
[INFO ][2015-12-04 17:56:51,044][com.java.SeleniumDriver] [  868] - Action Type : WAITFORELEMENT
[INFO ][2015-12-04 17:56:51,169][com.java.SeleniumDriver] [  877] -  RESULT true
[INFO ][2015-12-04 17:56:51,170][com.java.SeleniumDriver] [ 1083] - ?   P A S S   ?
[INFO ][2015-12-04 17:56:51,170][com.java.SeleniumDriver] [  804] - ------------------------------------------
[INFO ][2015-12-04 17:56:51,170][com.java.SeleniumDriver] [  805] - Test case being Executed: 7
[INFO ][2015-12-04 17:56:51,170][com.java.SeleniumDriver] [  816] - Test step:16
[INFO ][2015-12-04 17:56:51,170][com.java.SeleniumDriver] [  828] - Datavalue is----------10
[INFO ][2015-12-04 17:56:51,170][com.java.SeleniumDriver] [  852] - DataField : null
[INFO ][2015-12-04 17:56:51,170][com.java.SeleniumDriver] [  854] - DataValue : 10
[INFO ][2015-12-04 17:56:51,170][com.java.SeleniumDriver] [  860] - <In Set values of the page>
[INFO ][2015-12-04 17:56:51,170][com.java.SeleniumDriver] [  863] - {Data Fields & Data Values Exist}
[INFO ][2015-12-04 17:56:51,170][com.java.SeleniumDriver] [  865] - --------------------------setting values-----------------------------
[INFO ][2015-12-04 17:56:51,170][com.java.SeleniumDriver] [  868] - Action Type : WAITTIME
[DEBUG][2015-12-04 17:56:51,170][com.java.TestType] [ 5249] - sleepTime: 10000
[INFO ][2015-12-04 17:57:01,170][com.java.SeleniumDriver] [  877] -  RESULT true
[INFO ][2015-12-04 17:57:01,170][com.java.SeleniumDriver] [ 1083] - ?   P A S S   ?
[INFO ][2015-12-04 17:57:01,170][com.java.SeleniumDriver] [  804] - ------------------------------------------
[INFO ][2015-12-04 17:57:01,170][com.java.SeleniumDriver] [  805] - Test case being Executed: 7
[INFO ][2015-12-04 17:57:01,170][com.java.SeleniumDriver] [  816] - Test step:17
[INFO ][2015-12-04 17:57:01,170][com.java.SeleniumDriver] [  828] - Datavalue is----------HMVCurrentProject
[INFO ][2015-12-04 17:57:01,170][com.java.SeleniumDriver] [  852] - DataField : XPH//span[@id='lblProject']
[INFO ][2015-12-04 17:57:01,170][com.java.SeleniumDriver] [  854] - DataValue : HMVCurrentProject
[INFO ][2015-12-04 17:57:01,170][com.java.SeleniumDriver] [  860] - <In Set values of the page>
[INFO ][2015-12-04 17:57:01,170][com.java.SeleniumDriver] [  863] - {Data Fields & Data Values Exist}
[INFO ][2015-12-04 17:57:01,170][com.java.SeleniumDriver] [  865] - --------------------------setting values-----------------------------
[INFO ][2015-12-04 17:57:01,170][com.java.SeleniumDriver] [  868] - Action Type : VERIFY
[INFO ][2015-12-04 17:57:01,171][com.java.TestType] [ 6620] - field= XPH//span[@id='lblProject'] value= HMVCurrentProject
[INFO ][2015-12-04 17:57:01,171][com.java.TestType] [ 5429] - value = Dallas User Group
[INFO ][2015-12-04 17:57:01,309][com.java.SeleniumDriver] [  877] -  RESULT true
[INFO ][2015-12-04 17:57:01,309][com.java.SeleniumDriver] [ 1083] - ?   P A S S   ?
[INFO ][2015-12-04 17:57:01,309][com.java.SeleniumDriver] [  804] - ------------------------------------------
[INFO ][2015-12-04 17:57:01,310][com.java.SeleniumDriver] [  805] - Test case being Executed: 7
[INFO ][2015-12-04 17:57:01,310][com.java.SeleniumDriver] [  816] - Test step:18
[INFO ][2015-12-04 17:57:01,310][com.java.SeleniumDriver] [  828] - Datavalue is----------null
[DEBUG][2015-12-04 17:57:01,310][com.java.SeleniumDriver] [  846] - Exception: null
[INFO ][2015-12-04 17:57:01,310][com.java.SeleniumDriver] [  852] - DataField : HDNmenuTools
[INFO ][2015-12-04 17:57:01,310][com.java.SeleniumDriver] [  854] - DataValue : 
[INFO ][2015-12-04 17:57:01,310][com.java.SeleniumDriver] [  860] - <In Set values of the page>
[INFO ][2015-12-04 17:57:01,310][com.java.SeleniumDriver] [  863] - {Data Fields & Data Values Exist}
[INFO ][2015-12-04 17:57:01,310][com.java.SeleniumDriver] [  865] - --------------------------setting values-----------------------------
[INFO ][2015-12-04 17:57:01,310][com.java.SeleniumDriver] [  868] - Action Type : CLICK
[INFO ][2015-12-04 17:57:01,310][com.java.TestType] [ 5757] - Field ::HDNmenuTools
[INFO ][2015-12-04 17:57:03,464][com.java.SeleniumDriver] [  877] -  RESULT true
[INFO ][2015-12-04 17:57:03,464][com.java.SeleniumDriver] [ 1083] - ?   P A S S   ?
[INFO ][2015-12-04 17:57:03,464][com.java.SeleniumDriver] [  804] - ------------------------------------------
[INFO ][2015-12-04 17:57:03,464][com.java.SeleniumDriver] [  805] - Test case being Executed: 7
[INFO ][2015-12-04 17:57:03,464][com.java.SeleniumDriver] [  816] - Test step:19
[INFO ][2015-12-04 17:57:03,464][com.java.SeleniumDriver] [  828] - Datavalue is----------3
[INFO ][2015-12-04 17:57:03,464][com.java.SeleniumDriver] [  852] - DataField : DSPmenuBalance
[INFO ][2015-12-04 17:57:03,464][com.java.SeleniumDriver] [  854] - DataValue : 3
[INFO ][2015-12-04 17:57:03,464][com.java.SeleniumDriver] [  860] - <In Set values of the page>
[INFO ][2015-12-04 17:57:03,464][com.java.SeleniumDriver] [  863] - {Data Fields & Data Values Exist}
[INFO ][2015-12-04 17:57:03,464][com.java.SeleniumDriver] [  865] - --------------------------setting values-----------------------------
[INFO ][2015-12-04 17:57:03,464][com.java.SeleniumDriver] [  868] - Action Type : WAITFORELEMENT
[INFO ][2015-12-04 17:57:04,692][com.java.SeleniumDriver] [  877] -  RESULT true
[INFO ][2015-12-04 17:57:04,692][com.java.SeleniumDriver] [ 1083] - ?   P A S S   ?
[INFO ][2015-12-04 17:57:04,692][com.java.SeleniumDriver] [  804] - ------------------------------------------
[INFO ][2015-12-04 17:57:04,692][com.java.SeleniumDriver] [  805] - Test case being Executed: 7
[INFO ][2015-12-04 17:57:04,692][com.java.SeleniumDriver] [  816] - Test step:20
[INFO ][2015-12-04 17:57:04,692][com.java.SeleniumDriver] [  828] - Datavalue is----------null
[DEBUG][2015-12-04 17:57:04,692][com.java.SeleniumDriver] [  846] - Exception: null
[INFO ][2015-12-04 17:57:04,692][com.java.SeleniumDriver] [  852] - DataField : HDNmenuBalance
[INFO ][2015-12-04 17:57:04,692][com.java.SeleniumDriver] [  854] - DataValue : 
[INFO ][2015-12-04 17:57:04,692][com.java.SeleniumDriver] [  860] - <In Set values of the page>
[INFO ][2015-12-04 17:57:04,692][com.java.SeleniumDriver] [  863] - {Data Fields & Data Values Exist}
[INFO ][2015-12-04 17:57:04,693][com.java.SeleniumDriver] [  865] - --------------------------setting values-----------------------------
[INFO ][2015-12-04 17:57:04,693][com.java.SeleniumDriver] [  868] - Action Type : CLICK
[INFO ][2015-12-04 17:57:04,693][com.java.TestType] [ 5757] - Field ::HDNmenuBalance
[INFO ][2015-12-04 17:57:06,871][com.java.SeleniumDriver] [  877] -  RESULT true
[INFO ][2015-12-04 17:57:06,871][com.java.SeleniumDriver] [ 1083] - ?   P A S S   ?
[INFO ][2015-12-04 17:57:06,871][com.java.SeleniumDriver] [  804] - ------------------------------------------
[INFO ][2015-12-04 17:57:06,871][com.java.SeleniumDriver] [  805] - Test case being Executed: 7
[INFO ][2015-12-04 17:57:06,872][com.java.SeleniumDriver] [  816] - Test step:21
[INFO ][2015-12-04 17:57:06,872][com.java.SeleniumDriver] [  828] - Datavalue is----------6
[INFO ][2015-12-04 17:57:06,872][com.java.SeleniumDriver] [  852] - DataField : null
[INFO ][2015-12-04 17:57:06,872][com.java.SeleniumDriver] [  854] - DataValue : 6
[INFO ][2015-12-04 17:57:06,872][com.java.SeleniumDriver] [  860] - <In Set values of the page>
[INFO ][2015-12-04 17:57:06,872][com.java.SeleniumDriver] [  863] - {Data Fields & Data Values Exist}
[INFO ][2015-12-04 17:57:06,872][com.java.SeleniumDriver] [  865] - --------------------------setting values-----------------------------
[INFO ][2015-12-04 17:57:06,872][com.java.SeleniumDriver] [  868] - Action Type : WAITTIME
[DEBUG][2015-12-04 17:57:06,872][com.java.TestType] [ 5249] - sleepTime: 6000
[INFO ][2015-12-04 17:57:12,872][com.java.SeleniumDriver] [  877] -  RESULT true
[INFO ][2015-12-04 17:57:12,872][com.java.SeleniumDriver] [ 1083] - ?   P A S S   ?
[INFO ][2015-12-04 17:57:12,872][com.java.SeleniumDriver] [  804] - ------------------------------------------
[INFO ][2015-12-04 17:57:12,872][com.java.SeleniumDriver] [  805] - Test case being Executed: 7
[INFO ][2015-12-04 17:57:12,872][com.java.SeleniumDriver] [  816] - Test step:22
[INFO ][2015-12-04 17:57:12,872][com.java.SeleniumDriver] [  828] - Datavalue is---------- Forecasting 
[INFO ][2015-12-04 17:57:12,872][com.java.SeleniumDriver] [  852] - DataField : TTL
[INFO ][2015-12-04 17:57:12,872][com.java.SeleniumDriver] [  854] - DataValue :  Forecasting 
[INFO ][2015-12-04 17:57:12,872][com.java.SeleniumDriver] [  860] - <In Set values of the page>
[INFO ][2015-12-04 17:57:12,872][com.java.SeleniumDriver] [  863] - {Data Fields & Data Values Exist}
[INFO ][2015-12-04 17:57:12,872][com.java.SeleniumDriver] [  865] - --------------------------setting values-----------------------------
[INFO ][2015-12-04 17:57:12,872][com.java.SeleniumDriver] [  868] - Action Type : CLOSEWINDOW
[INFO ][2015-12-04 17:57:13,169][com.java.SeleniumDriver] [  877] -  RESULT true
[INFO ][2015-12-04 17:57:13,169][com.java.SeleniumDriver] [ 1083] - ?   P A S S   ?
[INFO ][2015-12-04 17:57:13,170][com.java.SeleniumDriver] [  804] - ------------------------------------------
[INFO ][2015-12-04 17:57:13,170][com.java.SeleniumDriver] [  805] - Test case being Executed: 7
[INFO ][2015-12-04 17:57:13,170][com.java.SeleniumDriver] [  816] - Test step:23
[INFO ][2015-12-04 17:57:13,170][com.java.SeleniumDriver] [  828] - Datavalue is----------Banker'sDashboard
[INFO ][2015-12-04 17:57:13,170][com.java.SeleniumDriver] [  852] - DataField : TTL
[INFO ][2015-12-04 17:57:13,170][com.java.SeleniumDriver] [  854] - DataValue : Banker'sDashboard
[INFO ][2015-12-04 17:57:13,170][com.java.SeleniumDriver] [  860] - <In Set values of the page>
[INFO ][2015-12-04 17:57:13,170][com.java.SeleniumDriver] [  863] - {Data Fields & Data Values Exist}
[INFO ][2015-12-04 17:57:13,170][com.java.SeleniumDriver] [  865] - --------------------------setting values-----------------------------
[INFO ][2015-12-04 17:57:13,170][com.java.SeleniumDriver] [  868] - Action Type : SelectWindow
[INFO ][2015-12-04 17:57:25,333][com.java.SeleniumDriver] [  877] -  RESULT true
[INFO ][2015-12-04 17:57:25,333][com.java.SeleniumDriver] [ 1083] - ?   P A S S   ?
[INFO ][2015-12-04 17:57:25,333][com.java.SeleniumDriver] [  804] - ------------------------------------------
[INFO ][2015-12-04 17:57:25,334][com.java.SeleniumDriver] [  805] - Test case being Executed: 7
[INFO ][2015-12-04 17:57:25,334][com.java.SeleniumDriver] [  816] - Test step:24
[INFO ][2015-12-04 17:57:25,334][com.java.SeleniumDriver] [  828] - Datavalue is----------5
[INFO ][2015-12-04 17:57:25,334][com.java.SeleniumDriver] [  852] - DataField : null
[INFO ][2015-12-04 17:57:25,334][com.java.SeleniumDriver] [  854] - DataValue : 5
[INFO ][2015-12-04 17:57:25,334][com.java.SeleniumDriver] [  860] - <In Set values of the page>
[INFO ][2015-12-04 17:57:25,334][com.java.SeleniumDriver] [  863] - {Data Fields & Data Values Exist}
[INFO ][2015-12-04 17:57:25,334][com.java.SeleniumDriver] [  865] - --------------------------setting values-----------------------------
[INFO ][2015-12-04 17:57:25,334][com.java.SeleniumDriver] [  868] - Action Type : WAITTIME
[DEBUG][2015-12-04 17:57:25,334][com.java.TestType] [ 5249] - sleepTime: 5000
[INFO ][2015-12-04 17:57:30,334][com.java.SeleniumDriver] [  877] -  RESULT true
[INFO ][2015-12-04 17:57:30,334][com.java.SeleniumDriver] [ 1083] - ?   P A S S   ?
[INFO ][2015-12-04 17:57:30,334][com.java.SeleniumDriver] [  804] - ------------------------------------------
[INFO ][2015-12-04 17:57:30,334][com.java.SeleniumDriver] [  805] - Test case being Executed: 7
[INFO ][2015-12-04 17:57:30,334][com.java.SeleniumDriver] [  816] - Test step:25
[INFO ][2015-12-04 17:57:30,334][com.java.SeleniumDriver] [  828] - Datavalue is----------null
[DEBUG][2015-12-04 17:57:30,336][com.java.SeleniumDriver] [  846] - Exception: null
[INFO ][2015-12-04 17:57:30,336][com.java.SeleniumDriver] [  852] - DataField : //span[@class='icon-stats']&&//a[@data-id="Forecasting"]
[INFO ][2015-12-04 17:57:30,336][com.java.SeleniumDriver] [  854] - DataValue : 
[INFO ][2015-12-04 17:57:30,336][com.java.SeleniumDriver] [  860] - <In Set values of the page>
[INFO ][2015-12-04 17:57:30,336][com.java.SeleniumDriver] [  863] - {Data Fields & Data Values Exist}
[INFO ][2015-12-04 17:57:30,336][com.java.SeleniumDriver] [  865] - --------------------------setting values-----------------------------
[INFO ][2015-12-04 17:57:30,336][com.java.SeleniumDriver] [  868] - Action Type : MOUSEOVER
[INFO ][2015-12-04 17:57:53,322][com.java.SeleniumDriver] [  877] -  RESULT true
[INFO ][2015-12-04 17:57:53,322][com.java.SeleniumDriver] [ 1083] - ?   P A S S   ?
[INFO ][2015-12-04 17:57:53,322][com.java.SeleniumDriver] [  804] - ------------------------------------------
[INFO ][2015-12-04 17:57:53,322][com.java.SeleniumDriver] [  805] - Test case being Executed: 7
[INFO ][2015-12-04 17:57:53,322][com.java.SeleniumDriver] [  816] - Test step:26
[INFO ][2015-12-04 17:57:53,322][com.java.SeleniumDriver] [  828] - Datavalue is----------5
[INFO ][2015-12-04 17:57:53,322][com.java.SeleniumDriver] [  852] - DataField : null
[INFO ][2015-12-04 17:57:53,322][com.java.SeleniumDriver] [  854] - DataValue : 5
[INFO ][2015-12-04 17:57:53,322][com.java.SeleniumDriver] [  860] - <In Set values of the page>
[INFO ][2015-12-04 17:57:53,322][com.java.SeleniumDriver] [  863] - {Data Fields & Data Values Exist}
[INFO ][2015-12-04 17:57:53,322][com.java.SeleniumDriver] [  865] - --------------------------setting values-----------------------------
[INFO ][2015-12-04 17:57:53,322][com.java.SeleniumDriver] [  868] - Action Type : WAITTIME
[DEBUG][2015-12-04 17:57:53,322][com.java.TestType] [ 5249] - sleepTime: 5000
[INFO ][2015-12-04 17:57:58,323][com.java.SeleniumDriver] [  877] -  RESULT true
[INFO ][2015-12-04 17:57:58,323][com.java.SeleniumDriver] [ 1083] - ?   P A S S   ?
[INFO ][2015-12-04 17:57:58,323][com.java.SeleniumDriver] [  804] - ------------------------------------------
[INFO ][2015-12-04 17:57:58,323][com.java.SeleniumDriver] [  805] - Test case being Executed: 7
[INFO ][2015-12-04 17:57:58,323][com.java.SeleniumDriver] [  816] - Test step:27
[INFO ][2015-12-04 17:57:58,323][com.java.SeleniumDriver] [  828] - Datavalue is----------Forecasting 
[INFO ][2015-12-04 17:57:58,323][com.java.SeleniumDriver] [  852] - DataField : TTL
[INFO ][2015-12-04 17:57:58,323][com.java.SeleniumDriver] [  854] - DataValue : Forecasting 
[INFO ][2015-12-04 17:57:58,323][com.java.SeleniumDriver] [  860] - <In Set values of the page>
[INFO ][2015-12-04 17:57:58,323][com.java.SeleniumDriver] [  863] - {Data Fields & Data Values Exist}
[INFO ][2015-12-04 17:57:58,323][com.java.SeleniumDriver] [  865] - --------------------------setting values-----------------------------
[INFO ][2015-12-04 17:57:58,323][com.java.SeleniumDriver] [  868] - Action Type : SELECTWINDOW
[INFO ][2015-12-04 17:58:10,901][com.java.SeleniumDriver] [  877] -  RESULT true
[INFO ][2015-12-04 17:58:10,901][com.java.SeleniumDriver] [ 1083] - ?   P A S S   ?
[INFO ][2015-12-04 17:58:10,901][com.java.SeleniumDriver] [  804] - ------------------------------------------
[INFO ][2015-12-04 17:58:10,901][com.java.SeleniumDriver] [  805] - Test case being Executed: 7
[INFO ][2015-12-04 17:58:10,901][com.java.SeleniumDriver] [  816] - Test step:28
[INFO ][2015-12-04 17:58:10,901][com.java.SeleniumDriver] [  828] - Datavalue is----------2
[INFO ][2015-12-04 17:58:10,901][com.java.SeleniumDriver] [  852] - DataField : DSP//span[@id='ui-dialog-title-mdDialog']
[INFO ][2015-12-04 17:58:10,901][com.java.SeleniumDriver] [  854] - DataValue : 2
[INFO ][2015-12-04 17:58:10,901][com.java.SeleniumDriver] [  860] - <In Set values of the page>
[INFO ][2015-12-04 17:58:10,901][com.java.SeleniumDriver] [  863] - {Data Fields & Data Values Exist}
[INFO ][2015-12-04 17:58:10,901][com.java.SeleniumDriver] [  865] - --------------------------setting values-----------------------------
[INFO ][2015-12-04 17:58:10,901][com.java.SeleniumDriver] [  868] - Action Type : WAITFORELEMENT
[INFO ][2015-12-04 17:58:11,018][com.java.SeleniumDriver] [  877] -  RESULT true
[INFO ][2015-12-04 17:58:11,018][com.java.SeleniumDriver] [ 1083] - ?   P A S S   ?
[INFO ][2015-12-04 17:58:11,018][com.java.SeleniumDriver] [  804] - ------------------------------------------
[INFO ][2015-12-04 17:58:11,018][com.java.SeleniumDriver] [  805] - Test case being Executed: 7
[INFO ][2015-12-04 17:58:11,018][com.java.SeleniumDriver] [  816] - Test step:29
[INFO ][2015-12-04 17:58:11,018][com.java.SeleniumDriver] [  828] - Datavalue is----------Forecasting 
[INFO ][2015-12-04 17:58:11,018][com.java.SeleniumDriver] [  852] - DataField : XPH//span[@id='ui-dialog-title-mdDialog']
[INFO ][2015-12-04 17:58:11,018][com.java.SeleniumDriver] [  854] - DataValue : Forecasting 
[INFO ][2015-12-04 17:58:11,018][com.java.SeleniumDriver] [  860] - <In Set values of the page>
[INFO ][2015-12-04 17:58:11,018][com.java.SeleniumDriver] [  863] - {Data Fields & Data Values Exist}
[INFO ][2015-12-04 17:58:11,018][com.java.SeleniumDriver] [  865] - --------------------------setting values-----------------------------
[INFO ][2015-12-04 17:58:11,018][com.java.SeleniumDriver] [  868] - Action Type : VERIFY
[INFO ][2015-12-04 17:58:11,018][com.java.TestType] [ 6620] - field= XPH//span[@id='ui-dialog-title-mdDialog'] value= Forecasting 
[INFO ][2015-12-04 17:58:11,019][com.java.TestType] [ 5429] - value = Forecasting 
[INFO ][2015-12-04 17:58:11,135][com.java.SeleniumDriver] [  877] -  RESULT true
[INFO ][2015-12-04 17:58:11,135][com.java.SeleniumDriver] [ 1083] - ?   P A S S   ?
[INFO ][2015-12-04 17:58:11,135][com.java.SeleniumDriver] [  804] - ------------------------------------------
[INFO ][2015-12-04 17:58:11,135][com.java.SeleniumDriver] [  805] - Test case being Executed: 7
[INFO ][2015-12-04 17:58:11,136][com.java.SeleniumDriver] [  816] - Test step:30
[INFO ][2015-12-04 17:58:11,136][com.java.SeleniumDriver] [  828] - Datavalue is----------5
[INFO ][2015-12-04 17:58:11,136][com.java.SeleniumDriver] [  852] - DataField : DSP//span[contains(text(),'Forecasting')]
[INFO ][2015-12-04 17:58:11,136][com.java.SeleniumDriver] [  854] - DataValue : 5
[INFO ][2015-12-04 17:58:11,136][com.java.SeleniumDriver] [  860] - <In Set values of the page>
[INFO ][2015-12-04 17:58:11,136][com.java.SeleniumDriver] [  863] - {Data Fields & Data Values Exist}
[INFO ][2015-12-04 17:58:11,136][com.java.SeleniumDriver] [  865] - --------------------------setting values-----------------------------
[INFO ][2015-12-04 17:58:11,136][com.java.SeleniumDriver] [  868] - Action Type : WAITFORELEMENT
[INFO ][2015-12-04 17:58:11,240][com.java.SeleniumDriver] [  877] -  RESULT true
[INFO ][2015-12-04 17:58:11,240][com.java.SeleniumDriver] [ 1083] - ?   P A S S   ?
[INFO ][2015-12-04 17:58:11,240][com.java.SeleniumDriver] [  804] - ------------------------------------------
[INFO ][2015-12-04 17:58:11,240][com.java.SeleniumDriver] [  805] - Test case being Executed: 7
[INFO ][2015-12-04 17:58:11,241][com.java.SeleniumDriver] [  816] - Test step:31
[INFO ][2015-12-04 17:58:11,241][com.java.SeleniumDriver] [  828] - Datavalue is----------null
[DEBUG][2015-12-04 17:58:11,241][com.java.SeleniumDriver] [  846] - Exception: null
[INFO ][2015-12-04 17:58:11,241][com.java.SeleniumDriver] [  852] - DataField : BTNframeDialogContent
[INFO ][2015-12-04 17:58:11,241][com.java.SeleniumDriver] [  854] - DataValue : 
[INFO ][2015-12-04 17:58:11,241][com.java.SeleniumDriver] [  860] - <In Set values of the page>
[INFO ][2015-12-04 17:58:11,241][com.java.SeleniumDriver] [  863] - {Data Fields & Data Values Exist}
[INFO ][2015-12-04 17:58:11,241][com.java.SeleniumDriver] [  865] - --------------------------setting values-----------------------------
[INFO ][2015-12-04 17:58:11,241][com.java.SeleniumDriver] [  868] - Action Type : SELECTFRAME
[INFO ][2015-12-04 17:58:12,379][com.java.SeleniumDriver] [  877] -  RESULT true
[INFO ][2015-12-04 17:58:12,379][com.java.SeleniumDriver] [ 1083] - ?   P A S S   ?
[INFO ][2015-12-04 17:58:12,379][com.java.SeleniumDriver] [  804] - ------------------------------------------
[INFO ][2015-12-04 17:58:12,379][com.java.SeleniumDriver] [  805] - Test case being Executed: 7
[INFO ][2015-12-04 17:58:12,379][com.java.SeleniumDriver] [  816] - Test step:32
[INFO ][2015-12-04 17:58:12,380][com.java.SeleniumDriver] [  828] - Datavalue is----------2
[INFO ][2015-12-04 17:58:12,380][com.java.SeleniumDriver] [  852] - DataField : DSPddlProjects
[INFO ][2015-12-04 17:58:12,380][com.java.SeleniumDriver] [  854] - DataValue : 2
[INFO ][2015-12-04 17:58:12,380][com.java.SeleniumDriver] [  860] - <In Set values of the page>
[INFO ][2015-12-04 17:58:12,380][com.java.SeleniumDriver] [  863] - {Data Fields & Data Values Exist}
[INFO ][2015-12-04 17:58:12,380][com.java.SeleniumDriver] [  865] - --------------------------setting values-----------------------------
[INFO ][2015-12-04 17:58:12,380][com.java.SeleniumDriver] [  868] - Action Type : WAITFORELEMENT
[INFO ][2015-12-04 17:58:13,469][com.java.SeleniumDriver] [  877] -  RESULT true
[INFO ][2015-12-04 17:58:13,469][com.java.SeleniumDriver] [ 1083] - ?   P A S S   ?
[INFO ][2015-12-04 17:58:13,469][com.java.SeleniumDriver] [  804] - ------------------------------------------
[INFO ][2015-12-04 17:58:13,469][com.java.SeleniumDriver] [  805] - Test case being Executed: 7
[INFO ][2015-12-04 17:58:13,469][com.java.SeleniumDriver] [  816] - Test step:33
[INFO ][2015-12-04 17:58:13,469][com.java.SeleniumDriver] [  828] - Datavalue is----------HMVCurrentProject
[INFO ][2015-12-04 17:58:13,469][com.java.SeleniumDriver] [  852] - DataField : COBddlProjects
[INFO ][2015-12-04 17:58:13,469][com.java.SeleniumDriver] [  854] - DataValue : HMVCurrentProject
[INFO ][2015-12-04 17:58:13,469][com.java.SeleniumDriver] [  860] - <In Set values of the page>
[INFO ][2015-12-04 17:58:13,469][com.java.SeleniumDriver] [  863] - {Data Fields & Data Values Exist}
[INFO ][2015-12-04 17:58:13,469][com.java.SeleniumDriver] [  865] - --------------------------setting values-----------------------------
[INFO ][2015-12-04 17:58:13,469][com.java.SeleniumDriver] [  868] - Action Type : SELECT
[INFO ][2015-12-04 17:58:13,469][com.java.TestType] [ 5429] - value = Dallas User Group
[INFO ][2015-12-04 17:58:14,568][com.java.TestType] [ 5547] -  In COB ddlProjects : Dallas User Group
[DEBUG][2015-12-04 17:58:15,635][com.java.TestType] [ 5572] - Java Script : javascript:var s = document.getElementById('ddlProjects');for (i = 0; i< s.options.length; i++){   if (s.options[i].text.trim().toUpperCase() == 'DALLAS USER GROUP'){      s.options[i].selected = true;      s.click();      break;   }}
[INFO ][2015-12-04 17:58:17,649][com.java.SeleniumDriver] [  877] -  RESULT true
[INFO ][2015-12-04 17:58:17,649][com.java.SeleniumDriver] [ 1083] - ?   P A S S   ?
[INFO ][2015-12-04 17:58:17,649][com.java.SeleniumDriver] [  804] - ------------------------------------------
[INFO ][2015-12-04 17:58:17,649][com.java.SeleniumDriver] [  805] - Test case being Executed: 7
[INFO ][2015-12-04 17:58:17,649][com.java.SeleniumDriver] [  816] - Test step:34
[INFO ][2015-12-04 17:58:17,649][com.java.SeleniumDriver] [  828] - Datavalue is----------null
[DEBUG][2015-12-04 17:58:17,651][com.java.SeleniumDriver] [  846] - Exception: null
[INFO ][2015-12-04 17:58:17,651][com.java.SeleniumDriver] [  852] - DataField : HDNbtnOpenProject
[INFO ][2015-12-04 17:58:17,651][com.java.SeleniumDriver] [  854] - DataValue : 
[INFO ][2015-12-04 17:58:17,651][com.java.SeleniumDriver] [  860] - <In Set values of the page>
[INFO ][2015-12-04 17:58:17,651][com.java.SeleniumDriver] [  863] - {Data Fields & Data Values Exist}
[INFO ][2015-12-04 17:58:17,651][com.java.SeleniumDriver] [  865] - --------------------------setting values-----------------------------
[INFO ][2015-12-04 17:58:17,651][com.java.SeleniumDriver] [  868] - Action Type : CLICK
[INFO ][2015-12-04 17:58:17,652][com.java.TestType] [ 5757] - Field ::HDNbtnOpenProject
[INFO ][2015-12-04 17:58:20,525][com.java.SeleniumDriver] [  877] -  RESULT true
[INFO ][2015-12-04 17:58:20,525][com.java.SeleniumDriver] [ 1083] - ?   P A S S   ?
[INFO ][2015-12-04 17:58:20,525][com.java.SeleniumDriver] [  804] - ------------------------------------------
[INFO ][2015-12-04 17:58:20,525][com.java.SeleniumDriver] [  805] - Test case being Executed: 7
[INFO ][2015-12-04 17:58:20,525][com.java.SeleniumDriver] [  816] - Test step:35
[INFO ][2015-12-04 17:58:20,525][com.java.SeleniumDriver] [  828] - Datavalue is----------2
[INFO ][2015-12-04 17:58:20,525][com.java.SeleniumDriver] [  852] - DataField : null
[INFO ][2015-12-04 17:58:20,525][com.java.SeleniumDriver] [  854] - DataValue : 2
[INFO ][2015-12-04 17:58:20,525][com.java.SeleniumDriver] [  860] - <In Set values of the page>
[INFO ][2015-12-04 17:58:20,525][com.java.SeleniumDriver] [  863] - {Data Fields & Data Values Exist}
[INFO ][2015-12-04 17:58:20,525][com.java.SeleniumDriver] [  865] - --------------------------setting values-----------------------------
[INFO ][2015-12-04 17:58:20,525][com.java.SeleniumDriver] [  868] - Action Type : WAITTIME
[DEBUG][2015-12-04 17:58:20,525][com.java.TestType] [ 5249] - sleepTime: 2000
[INFO ][2015-12-04 17:58:22,526][com.java.SeleniumDriver] [  877] -  RESULT true
[INFO ][2015-12-04 17:58:22,526][com.java.SeleniumDriver] [ 1083] - ?   P A S S   ?
[INFO ][2015-12-04 17:58:22,526][com.java.SeleniumDriver] [  804] - ------------------------------------------
[INFO ][2015-12-04 17:58:22,526][com.java.SeleniumDriver] [  805] - Test case being Executed: 7
[INFO ][2015-12-04 17:58:22,526][com.java.SeleniumDriver] [  816] - Test step:36
[INFO ][2015-12-04 17:58:22,526][com.java.SeleniumDriver] [  828] - Datavalue is----------null
[DEBUG][2015-12-04 17:58:22,528][com.java.SeleniumDriver] [  846] - Exception: null
[INFO ][2015-12-04 17:58:22,528][com.java.SeleniumDriver] [  852] - DataField : BTNParent
[INFO ][2015-12-04 17:58:22,528][com.java.SeleniumDriver] [  854] - DataValue : 
[INFO ][2015-12-04 17:58:22,528][com.java.SeleniumDriver] [  860] - <In Set values of the page>
[INFO ][2015-12-04 17:58:22,528][com.java.SeleniumDriver] [  863] - {Data Fields & Data Values Exist}
[INFO ][2015-12-04 17:58:22,528][com.java.SeleniumDriver] [  865] - --------------------------setting values-----------------------------
[INFO ][2015-12-04 17:58:22,528][com.java.SeleniumDriver] [  868] - Action Type : SELECTFRAME
[INFO ][2015-12-04 17:58:22,541][com.java.SeleniumDriver] [  877] -  RESULT true
[INFO ][2015-12-04 17:58:22,541][com.java.SeleniumDriver] [ 1083] - ?   P A S S   ?
[INFO ][2015-12-04 17:58:22,541][com.java.SeleniumDriver] [  804] - ------------------------------------------
[INFO ][2015-12-04 17:58:22,541][com.java.SeleniumDriver] [  805] - Test case being Executed: 7
[INFO ][2015-12-04 17:58:22,541][com.java.SeleniumDriver] [  816] - Test step:37
[INFO ][2015-12-04 17:58:22,541][com.java.SeleniumDriver] [  828] - Datavalue is----------null
[DEBUG][2015-12-04 17:58:22,541][com.java.SeleniumDriver] [  846] - Exception: null
[INFO ][2015-12-04 17:58:22,541][com.java.SeleniumDriver] [  852] - DataField : HDNmenuTools
[INFO ][2015-12-04 17:58:22,541][com.java.SeleniumDriver] [  854] - DataValue : 
[INFO ][2015-12-04 17:58:22,542][com.java.SeleniumDriver] [  860] - <In Set values of the page>
[INFO ][2015-12-04 17:58:22,542][com.java.SeleniumDriver] [  863] - {Data Fields & Data Values Exist}
[INFO ][2015-12-04 17:58:22,542][com.java.SeleniumDriver] [  865] - --------------------------setting values-----------------------------
[INFO ][2015-12-04 17:58:22,542][com.java.SeleniumDriver] [  868] - Action Type : CLICK
[INFO ][2015-12-04 17:58:22,542][com.java.TestType] [ 5757] - Field ::HDNmenuTools
[INFO ][2015-12-04 17:58:24,700][com.java.SeleniumDriver] [  877] -  RESULT true
[INFO ][2015-12-04 17:58:24,701][com.java.SeleniumDriver] [ 1083] - ?   P A S S   ?
[INFO ][2015-12-04 17:58:24,701][com.java.SeleniumDriver] [  804] - ------------------------------------------
[INFO ][2015-12-04 17:58:24,701][com.java.SeleniumDriver] [  805] - Test case being Executed: 7
[INFO ][2015-12-04 17:58:24,701][com.java.SeleniumDriver] [  816] - Test step:38
[INFO ][2015-12-04 17:58:24,701][com.java.SeleniumDriver] [  828] - Datavalue is----------2
[INFO ][2015-12-04 17:58:24,701][com.java.SeleniumDriver] [  852] - DataField : DSPmenuProjectOptions
[INFO ][2015-12-04 17:58:24,701][com.java.SeleniumDriver] [  854] - DataValue : 2
[INFO ][2015-12-04 17:58:24,701][com.java.SeleniumDriver] [  860] - <In Set values of the page>
[INFO ][2015-12-04 17:58:24,701][com.java.SeleniumDriver] [  863] - {Data Fields & Data Values Exist}
[INFO ][2015-12-04 17:58:24,701][com.java.SeleniumDriver] [  865] - --------------------------setting values-----------------------------
[INFO ][2015-12-04 17:58:24,701][com.java.SeleniumDriver] [  868] - Action Type : WAITFORELEMENT
[INFO ][2015-12-04 17:58:25,904][com.java.SeleniumDriver] [  877] -  RESULT true
[INFO ][2015-12-04 17:58:25,904][com.java.SeleniumDriver] [ 1083] - ?   P A S S   ?
[INFO ][2015-12-04 17:58:25,905][com.java.SeleniumDriver] [  804] - ------------------------------------------
[INFO ][2015-12-04 17:58:25,905][com.java.SeleniumDriver] [  805] - Test case being Executed: 7
[INFO ][2015-12-04 17:58:25,905][com.java.SeleniumDriver] [  816] - Test step:39
[INFO ][2015-12-04 17:58:25,905][com.java.SeleniumDriver] [  828] - Datavalue is----------null
[DEBUG][2015-12-04 17:58:25,905][com.java.SeleniumDriver] [  846] - Exception: null
[INFO ][2015-12-04 17:58:25,905][com.java.SeleniumDriver] [  852] - DataField : HDNmenuProjectOptions
[INFO ][2015-12-04 17:58:25,905][com.java.SeleniumDriver] [  854] - DataValue : 
[INFO ][2015-12-04 17:58:25,905][com.java.SeleniumDriver] [  860] - <In Set values of the page>
[INFO ][2015-12-04 17:58:25,905][com.java.SeleniumDriver] [  863] - {Data Fields & Data Values Exist}
[INFO ][2015-12-04 17:58:25,905][com.java.SeleniumDriver] [  865] - --------------------------setting values-----------------------------
[INFO ][2015-12-04 17:58:25,905][com.java.SeleniumDriver] [  868] - Action Type : CLICK
[INFO ][2015-12-04 17:58:25,905][com.java.TestType] [ 5757] - Field ::HDNmenuProjectOptions
[INFO ][2015-12-04 17:58:28,082][com.java.SeleniumDriver] [  877] -  RESULT true
[INFO ][2015-12-04 17:58:28,082][com.java.SeleniumDriver] [ 1083] - ?   P A S S   ?
[INFO ][2015-12-04 17:58:28,082][com.java.SeleniumDriver] [  804] - ------------------------------------------
[INFO ][2015-12-04 17:58:28,082][com.java.SeleniumDriver] [  805] - Test case being Executed: 7
[INFO ][2015-12-04 17:58:28,083][com.java.SeleniumDriver] [  816] - Test step:40
[INFO ][2015-12-04 17:58:28,083][com.java.SeleniumDriver] [  828] - Datavalue is----------null
[DEBUG][2015-12-04 17:58:28,085][com.java.SeleniumDriver] [  846] - Exception: null
[INFO ][2015-12-04 17:58:28,085][com.java.SeleniumDriver] [  852] - DataField : BTNframeDialogContent
[INFO ][2015-12-04 17:58:28,085][com.java.SeleniumDriver] [  854] - DataValue : 
[INFO ][2015-12-04 17:58:28,085][com.java.SeleniumDriver] [  860] - <In Set values of the page>
[INFO ][2015-12-04 17:58:28,086][com.java.SeleniumDriver] [  863] - {Data Fields & Data Values Exist}
[INFO ][2015-12-04 17:58:28,086][com.java.SeleniumDriver] [  865] - --------------------------setting values-----------------------------
[INFO ][2015-12-04 17:58:28,086][com.java.SeleniumDriver] [  868] - Action Type : SELECTFRAME
[INFO ][2015-12-04 17:58:29,888][com.java.SeleniumDriver] [  877] -  RESULT true
[INFO ][2015-12-04 17:58:29,889][com.java.SeleniumDriver] [ 1083] - ?   P A S S   ?
[INFO ][2015-12-04 17:58:29,889][com.java.SeleniumDriver] [  804] - ------------------------------------------
[INFO ][2015-12-04 17:58:29,889][com.java.SeleniumDriver] [  805] - Test case being Executed: 7
[INFO ][2015-12-04 17:58:29,889][com.java.SeleniumDriver] [  816] - Test step:41
[INFO ][2015-12-04 17:58:29,889][com.java.SeleniumDriver] [  828] - Datavalue is----------2
[INFO ][2015-12-04 17:58:29,889][com.java.SeleniumDriver] [  852] - DataField : DSP//li[text()='Project History']
[INFO ][2015-12-04 17:58:29,889][com.java.SeleniumDriver] [  854] - DataValue : 2
[INFO ][2015-12-04 17:58:29,889][com.java.SeleniumDriver] [  860] - <In Set values of the page>
[INFO ][2015-12-04 17:58:29,889][com.java.SeleniumDriver] [  863] - {Data Fields & Data Values Exist}
[INFO ][2015-12-04 17:58:29,889][com.java.SeleniumDriver] [  865] - --------------------------setting values-----------------------------
[INFO ][2015-12-04 17:58:29,889][com.java.SeleniumDriver] [  868] - Action Type : WAITFORELEMENT
[INFO ][2015-12-04 17:58:29,963][com.java.SeleniumDriver] [  877] -  RESULT true
[INFO ][2015-12-04 17:58:29,963][com.java.SeleniumDriver] [ 1083] - ?   P A S S   ?
[INFO ][2015-12-04 17:58:29,963][com.java.SeleniumDriver] [  804] - ------------------------------------------
[INFO ][2015-12-04 17:58:29,963][com.java.SeleniumDriver] [  805] - Test case being Executed: 7
[INFO ][2015-12-04 17:58:29,963][com.java.SeleniumDriver] [  816] - Test step:42
[INFO ][2015-12-04 17:58:29,963][com.java.SeleniumDriver] [  828] - Datavalue is----------null
[DEBUG][2015-12-04 17:58:29,963][com.java.SeleniumDriver] [  846] - Exception: null
[INFO ][2015-12-04 17:58:29,963][com.java.SeleniumDriver] [  852] - DataField : XPH//li[text()='Project History']
[INFO ][2015-12-04 17:58:29,963][com.java.SeleniumDriver] [  854] - DataValue : 
[INFO ][2015-12-04 17:58:29,963][com.java.SeleniumDriver] [  860] - <In Set values of the page>
[INFO ][2015-12-04 17:58:29,963][com.java.SeleniumDriver] [  863] - {Data Fields & Data Values Exist}
[INFO ][2015-12-04 17:58:29,963][com.java.SeleniumDriver] [  865] - --------------------------setting values-----------------------------
[INFO ][2015-12-04 17:58:29,963][com.java.SeleniumDriver] [  868] - Action Type : CLICK
[INFO ][2015-12-04 17:58:29,964][com.java.TestType] [ 5757] - Field ::XPH//li[text()='Project History']
[INFO ][2015-12-04 17:58:30,964][com.java.TestType] [ 5844] - BEFORE CLICK
[INFO ][2015-12-04 17:58:31,677][com.java.TestType] [ 5852] - Unable to click the object ProjectHistory
[INFO ][2015-12-04 17:58:31,677][com.java.SeleniumDriver] [  877] -  RESULT true
[INFO ][2015-12-04 17:58:31,677][com.java.SeleniumDriver] [ 1083] - ?   P A S S   ?
[INFO ][2015-12-04 17:58:31,677][com.java.SeleniumDriver] [  804] - ------------------------------------------
[INFO ][2015-12-04 17:58:31,677][com.java.SeleniumDriver] [  805] - Test case being Executed: 7
[INFO ][2015-12-04 17:58:31,677][com.java.SeleniumDriver] [  816] - Test step:43
[INFO ][2015-12-04 17:58:31,677][com.java.SeleniumDriver] [  828] - Datavalue is----------null
[DEBUG][2015-12-04 17:58:31,680][com.java.SeleniumDriver] [  846] - Exception: null
[INFO ][2015-12-04 17:58:31,680][com.java.SeleniumDriver] [  852] - DataField : //table[@id='tblProjectHistoryRec']/tbody/tr[1]/td[2]
[INFO ][2015-12-04 17:58:31,680][com.java.SeleniumDriver] [  854] - DataValue : 
[INFO ][2015-12-04 17:58:31,680][com.java.SeleniumDriver] [  860] - <In Set values of the page>
[INFO ][2015-12-04 17:58:31,680][com.java.SeleniumDriver] [  863] - {Data Fields & Data Values Exist}
[INFO ][2015-12-04 17:58:31,681][com.java.SeleniumDriver] [  865] - --------------------------setting values-----------------------------
[INFO ][2015-12-04 17:58:31,681][com.java.SeleniumDriver] [  868] - Action Type : GETTABLESIZEAFTER
