[INFO ][2015-11-09 12:11:02,310][com.java.SeleniumDriver] [  213] - Execute Failed Casesfalse
[INFO ][2015-11-09 12:11:02,314][com.java.SeleniumDriver] [  214] - Browser: IE11
[INFO ][2015-11-09 12:11:02,315][com.java.SeleniumDriver] [  215] - [1, 7]
[INFO ][2015-11-09 12:11:02,315][com.java.SeleniumDriver] [  216] - Total TestCases:2
[INFO ][2015-11-09 12:11:02,315][com.java.SeleniumDriver] [  217] -  Reading Properties from Property File 
[DEBUG][2015-11-09 12:11:02,315][com.java.SeleniumDriver] [  238] - url : https://clients-xuat.bankersdashboard.com
[INFO ][2015-11-09 12:11:02,316][com.java.ImportnExport.ExportTestResultsExcel] [  116] - Time Stamp Mon Nov 09 12:11:02 IST 2015
[INFO ][2015-11-09 12:11:02,316][com.java.ImportnExport.ExportTestResultsExcel] [  175] - OUT FILE : D:\BankersDashboard/TestReports/Test Results_BankersDashBoard_110915_121102_IE11_Any Bank USA.xls
[INFO ][2015-11-09 12:11:02,344][com.java.ImportnExport.ExportTestResultsExcel] [  180] - Test Result file is created
[DEBUG][2015-11-09 12:11:02,442][com.java.SeleniumDriver] [  425] - Hub ip address is-------172.17.68.34
[INFO ][2015-11-09 12:11:02,443][com.java.SeleniumDriver] [  451] - Grid URL:http://172.17.68.34:4444/wd/hub
[INFO ][2015-11-09 12:11:02,443][com.java.SeleniumDriver] [  452] - Capability:Capabilities [{platform=ANY, ensureCleanSession=true, ignoreProtectedModeSettings=true, acceptSslCerts=true, ignoreZoomSetting=true, browserName=internet explorer, browserstack.ie.noFlash=true, version=Node1}]
[ERROR][2015-11-09 12:11:03,735][com.java.SeleniumDriver] [  496] - Unable invoke browser in grid:Could not start a new session. Possible causes are invalid address of the remote server or browser start-up failure.
Build info: version: '2.48.2', revision: '41bccdd', time: '2015-10-09 19:59:12'
System info: host: 'FVTIII438F1D', ip: '172.17.68.34', os.name: 'Windows 7', os.arch: 'x86', os.version: '6.1', java.version: '1.7.0_55'
Driver info: driver.version: SeleniumDriver
[INFO ][2015-11-09 12:11:03,735][com.java.SeleniumDriver] [  498] - Executing on local machine
[INFO ][2015-11-09 12:11:13,144][com.java.SeleniumDriver] [  248] - IE11is opened
[INFO ][2015-11-09 12:11:13,781][com.java.SeleniumDriver] [  752] - Test cases to be executed are: [1, 7]
[INFO ][2015-11-09 12:11:13,781][com.java.ImportnExport.ImportTestDataDetailsExcel] [   49] - test data details path===== D:\BankersDashboard\TestInputs\TestData.xls
[INFO ][2015-11-09 12:11:24,557][com.java.SeleniumDriver] [  788] - ------------------------------------------
[INFO ][2015-11-09 12:11:24,557][com.java.SeleniumDriver] [  789] - Test case being Executed: 1
[INFO ][2015-11-09 12:11:24,573][com.java.SeleniumDriver] [  800] - Test step:1
[INFO ][2015-11-09 12:11:24,574][com.java.SeleniumDriver] [  812] - Datavalue is----------Concept#1:1-14
[INFO ][2015-11-09 12:11:24,574][com.java.SeleniumDriver] [  836] - DataField : test
[INFO ][2015-11-09 12:11:24,574][com.java.SeleniumDriver] [  838] - DataValue : Concept#1:1-14
[INFO ][2015-11-09 12:11:24,574][com.java.SeleniumDriver] [  844] - <In Set values of the page>
[INFO ][2015-11-09 12:11:24,574][com.java.SeleniumDriver] [  847] - {Data Fields & Data Values Exist}
[INFO ][2015-11-09 12:11:24,574][com.java.SeleniumDriver] [  849] - --------------------------setting values-----------------------------
[INFO ][2015-11-09 12:11:24,574][com.java.SeleniumDriver] [  852] - Action Type : ExecuteTestCase
[INFO ][2015-11-09 12:11:24,592][com.java.TestType] [  420] - The Concept sheet name is ---------- Concept
[INFO ][2015-11-09 12:11:24,592][com.java.TestType] [  423] - The Concept ID  is ---------- 1
[DEBUG][2015-11-09 12:11:24,592][com.java.TestType] [  427] - Steps being executted in the Concept are: 1:14
[INFO ][2015-11-09 12:11:24,592][com.java.TestType] [  434] - Test data details path ---------- D:\BankersDashboard\TestInputs\TestData.xls
[INFO ][2015-11-09 12:11:24,623][com.java.TestType] [  465] -  str(1) = 1
[INFO ][2015-11-09 12:11:24,624][com.java.TestType] [  468] - Test case Id is---1
[INFO ][2015-11-09 12:11:24,624][com.java.TestType] [  470] - 1
[INFO ][2015-11-09 12:11:24,624][com.java.TestType] [  465] -  str(2) = 1
[INFO ][2015-11-09 12:11:24,628][com.java.TestType] [  517] - row values are--------{1=com.java.Objects.TestDataDetails@116cf35}
[INFO ][2015-11-09 12:11:24,628][com.java.TestType] [  465] -  str(1) = 1
[INFO ][2015-11-09 12:11:24,628][com.java.TestType] [  468] - Test case Id is---1
[INFO ][2015-11-09 12:11:24,628][com.java.TestType] [  470] - 1
[INFO ][2015-11-09 12:11:24,628][com.java.TestType] [  465] -  str(2) = 2
[INFO ][2015-11-09 12:11:24,630][com.java.TestType] [  517] - row values are--------{1=com.java.Objects.TestDataDetails@116cf35, 2=com.java.Objects.TestDataDetails@1c00fa9}
[INFO ][2015-11-09 12:11:24,630][com.java.TestType] [  465] -  str(1) = 1
[INFO ][2015-11-09 12:11:24,630][com.java.TestType] [  468] - Test case Id is---1
[INFO ][2015-11-09 12:11:24,630][com.java.TestType] [  470] - 1
[INFO ][2015-11-09 12:11:24,630][com.java.TestType] [  465] -  str(2) = 3
[INFO ][2015-11-09 12:11:24,632][com.java.TestType] [  517] - row values are--------{1=com.java.Objects.TestDataDetails@116cf35, 2=com.java.Objects.TestDataDetails@1c00fa9, 3=com.java.Objects.TestDataDetails@1600a0c}
[INFO ][2015-11-09 12:11:24,632][com.java.TestType] [  465] -  str(1) = 1
[INFO ][2015-11-09 12:11:24,632][com.java.TestType] [  468] - Test case Id is---1
[INFO ][2015-11-09 12:11:24,632][com.java.TestType] [  470] - 1
[INFO ][2015-11-09 12:11:24,632][com.java.TestType] [  465] -  str(2) = 4
[INFO ][2015-11-09 12:11:24,633][com.java.TestType] [  517] - row values are--------{1=com.java.Objects.TestDataDetails@116cf35, 2=com.java.Objects.TestDataDetails@1c00fa9, 3=com.java.Objects.TestDataDetails@1600a0c, 4=com.java.Objects.TestDataDetails@14e5cfa}
[INFO ][2015-11-09 12:11:24,634][com.java.TestType] [  465] -  str(1) = 1
[INFO ][2015-11-09 12:11:24,634][com.java.TestType] [  468] - Test case Id is---1
[INFO ][2015-11-09 12:11:24,634][com.java.TestType] [  470] - 1
[INFO ][2015-11-09 12:11:24,634][com.java.TestType] [  465] -  str(2) = 5
[INFO ][2015-11-09 12:11:24,635][com.java.TestType] [  517] - row values are--------{1=com.java.Objects.TestDataDetails@116cf35, 2=com.java.Objects.TestDataDetails@1c00fa9, 3=com.java.Objects.TestDataDetails@1600a0c, 4=com.java.Objects.TestDataDetails@14e5cfa, 5=com.java.Objects.TestDataDetails@967f8e}
[INFO ][2015-11-09 12:11:24,635][com.java.TestType] [  465] -  str(1) = 1
[INFO ][2015-11-09 12:11:24,637][com.java.TestType] [  468] - Test case Id is---1
[INFO ][2015-11-09 12:11:24,637][com.java.TestType] [  470] - 1
[INFO ][2015-11-09 12:11:24,637][com.java.TestType] [  465] -  str(2) = 6
[INFO ][2015-11-09 12:11:24,638][com.java.TestType] [  517] - row values are--------{1=com.java.Objects.TestDataDetails@116cf35, 2=com.java.Objects.TestDataDetails@1c00fa9, 3=com.java.Objects.TestDataDetails@1600a0c, 4=com.java.Objects.TestDataDetails@14e5cfa, 5=com.java.Objects.TestDataDetails@967f8e, 6=com.java.Objects.TestDataDetails@122f244}
[INFO ][2015-11-09 12:11:24,638][com.java.TestType] [  465] -  str(1) = 1
[INFO ][2015-11-09 12:11:24,638][com.java.TestType] [  468] - Test case Id is---1
[INFO ][2015-11-09 12:11:24,638][com.java.TestType] [  470] - 1
[INFO ][2015-11-09 12:11:24,639][com.java.TestType] [  465] -  str(2) = 7
[INFO ][2015-11-09 12:11:24,639][com.java.TestType] [  517] - row values are--------{1=com.java.Objects.TestDataDetails@116cf35, 2=com.java.Objects.TestDataDetails@1c00fa9, 3=com.java.Objects.TestDataDetails@1600a0c, 4=com.java.Objects.TestDataDetails@14e5cfa, 5=com.java.Objects.TestDataDetails@967f8e, 6=com.java.Objects.TestDataDetails@122f244, 7=com.java.Objects.TestDataDetails@9985a5}
[INFO ][2015-11-09 12:11:24,640][com.java.TestType] [  465] -  str(1) = 1
[INFO ][2015-11-09 12:11:24,640][com.java.TestType] [  468] - Test case Id is---1
[INFO ][2015-11-09 12:11:24,640][com.java.TestType] [  470] - 1
[INFO ][2015-11-09 12:11:24,640][com.java.TestType] [  465] -  str(2) = 8
[INFO ][2015-11-09 12:11:24,641][com.java.TestType] [  517] - row values are--------{1=com.java.Objects.TestDataDetails@116cf35, 2=com.java.Objects.TestDataDetails@1c00fa9, 3=com.java.Objects.TestDataDetails@1600a0c, 4=com.java.Objects.TestDataDetails@14e5cfa, 5=com.java.Objects.TestDataDetails@967f8e, 6=com.java.Objects.TestDataDetails@122f244, 7=com.java.Objects.TestDataDetails@9985a5, 8=com.java.Objects.TestDataDetails@151da55}
[INFO ][2015-11-09 12:11:24,641][com.java.TestType] [  465] -  str(1) = 1
[INFO ][2015-11-09 12:11:24,641][com.java.TestType] [  468] - Test case Id is---1
[INFO ][2015-11-09 12:11:24,641][com.java.TestType] [  470] - 1
[INFO ][2015-11-09 12:11:24,641][com.java.TestType] [  465] -  str(2) = 9
[INFO ][2015-11-09 12:11:24,642][com.java.TestType] [  517] - row values are--------{1=com.java.Objects.TestDataDetails@116cf35, 2=com.java.Objects.TestDataDetails@1c00fa9, 3=com.java.Objects.TestDataDetails@1600a0c, 4=com.java.Objects.TestDataDetails@14e5cfa, 5=com.java.Objects.TestDataDetails@967f8e, 6=com.java.Objects.TestDataDetails@122f244, 7=com.java.Objects.TestDataDetails@9985a5, 8=com.java.Objects.TestDataDetails@151da55, 9=com.java.Objects.TestDataDetails@bbf6ed}
[INFO ][2015-11-09 12:11:24,642][com.java.TestType] [  465] -  str(1) = 1
[INFO ][2015-11-09 12:11:24,642][com.java.TestType] [  468] - Test case Id is---1
[INFO ][2015-11-09 12:11:24,642][com.java.TestType] [  470] - 1
[INFO ][2015-11-09 12:11:24,644][com.java.TestType] [  465] -  str(2) = 10
[INFO ][2015-11-09 12:11:24,644][com.java.TestType] [  517] - row values are--------{1=com.java.Objects.TestDataDetails@116cf35, 2=com.java.Objects.TestDataDetails@1c00fa9, 3=com.java.Objects.TestDataDetails@1600a0c, 4=com.java.Objects.TestDataDetails@14e5cfa, 5=com.java.Objects.TestDataDetails@967f8e, 6=com.java.Objects.TestDataDetails@122f244, 7=com.java.Objects.TestDataDetails@9985a5, 8=com.java.Objects.TestDataDetails@151da55, 9=com.java.Objects.TestDataDetails@bbf6ed, 10=com.java.Objects.TestDataDetails@82306}
[INFO ][2015-11-09 12:11:24,645][com.java.TestType] [  465] -  str(1) = 1
[INFO ][2015-11-09 12:11:24,645][com.java.TestType] [  468] - Test case Id is---1
[INFO ][2015-11-09 12:11:24,645][com.java.TestType] [  470] - 1
[INFO ][2015-11-09 12:11:24,645][com.java.TestType] [  465] -  str(2) = 11
[INFO ][2015-11-09 12:11:24,647][com.java.TestType] [  517] - row values are--------{1=com.java.Objects.TestDataDetails@116cf35, 2=com.java.Objects.TestDataDetails@1c00fa9, 3=com.java.Objects.TestDataDetails@1600a0c, 4=com.java.Objects.TestDataDetails@14e5cfa, 5=com.java.Objects.TestDataDetails@967f8e, 6=com.java.Objects.TestDataDetails@122f244, 7=com.java.Objects.TestDataDetails@9985a5, 8=com.java.Objects.TestDataDetails@151da55, 9=com.java.Objects.TestDataDetails@bbf6ed, 10=com.java.Objects.TestDataDetails@82306, 11=com.java.Objects.TestDataDetails@1c36edb}
[INFO ][2015-11-09 12:11:24,647][com.java.TestType] [  465] -  str(1) = 1
[INFO ][2015-11-09 12:11:24,648][com.java.TestType] [  468] - Test case Id is---1
[INFO ][2015-11-09 12:11:24,648][com.java.TestType] [  470] - 1
[INFO ][2015-11-09 12:11:24,648][com.java.TestType] [  465] -  str(2) = 12
[INFO ][2015-11-09 12:11:24,648][com.java.TestType] [  517] - row values are--------{1=com.java.Objects.TestDataDetails@116cf35, 2=com.java.Objects.TestDataDetails@1c00fa9, 3=com.java.Objects.TestDataDetails@1600a0c, 4=com.java.Objects.TestDataDetails@14e5cfa, 5=com.java.Objects.TestDataDetails@967f8e, 6=com.java.Objects.TestDataDetails@122f244, 7=com.java.Objects.TestDataDetails@9985a5, 8=com.java.Objects.TestDataDetails@151da55, 9=com.java.Objects.TestDataDetails@bbf6ed, 10=com.java.Objects.TestDataDetails@82306, 11=com.java.Objects.TestDataDetails@1c36edb, 12=com.java.Objects.TestDataDetails@1aab172}
[INFO ][2015-11-09 12:11:24,649][com.java.TestType] [  465] -  str(1) = 1
[INFO ][2015-11-09 12:11:24,649][com.java.TestType] [  468] - Test case Id is---1
[INFO ][2015-11-09 12:11:24,649][com.java.TestType] [  470] - 1
[INFO ][2015-11-09 12:11:24,649][com.java.TestType] [  465] -  str(2) = 13
[INFO ][2015-11-09 12:11:24,650][com.java.TestType] [  517] - row values are--------{1=com.java.Objects.TestDataDetails@116cf35, 2=com.java.Objects.TestDataDetails@1c00fa9, 3=com.java.Objects.TestDataDetails@1600a0c, 4=com.java.Objects.TestDataDetails@14e5cfa, 5=com.java.Objects.TestDataDetails@967f8e, 6=com.java.Objects.TestDataDetails@122f244, 7=com.java.Objects.TestDataDetails@9985a5, 8=com.java.Objects.TestDataDetails@151da55, 9=com.java.Objects.TestDataDetails@bbf6ed, 10=com.java.Objects.TestDataDetails@82306, 11=com.java.Objects.TestDataDetails@1c36edb, 12=com.java.Objects.TestDataDetails@1aab172, 13=com.java.Objects.TestDataDetails@2334a1}
[INFO ][2015-11-09 12:11:24,650][com.java.TestType] [  465] -  str(1) = 1
[INFO ][2015-11-09 12:11:24,650][com.java.TestType] [  468] - Test case Id is---1
[INFO ][2015-11-09 12:11:24,650][com.java.TestType] [  470] - 1
[INFO ][2015-11-09 12:11:24,650][com.java.TestType] [  465] -  str(2) = 14
[INFO ][2015-11-09 12:11:24,651][com.java.TestType] [  517] - row values are--------{1=com.java.Objects.TestDataDetails@116cf35, 2=com.java.Objects.TestDataDetails@1c00fa9, 3=com.java.Objects.TestDataDetails@1600a0c, 4=com.java.Objects.TestDataDetails@14e5cfa, 5=com.java.Objects.TestDataDetails@967f8e, 6=com.java.Objects.TestDataDetails@122f244, 7=com.java.Objects.TestDataDetails@9985a5, 8=com.java.Objects.TestDataDetails@151da55, 9=com.java.Objects.TestDataDetails@bbf6ed, 10=com.java.Objects.TestDataDetails@82306, 11=com.java.Objects.TestDataDetails@1c36edb, 12=com.java.Objects.TestDataDetails@1aab172, 13=com.java.Objects.TestDataDetails@2334a1, 14=com.java.Objects.TestDataDetails@d30850}
[INFO ][2015-11-09 12:11:24,651][com.java.TestType] [ 8225] - Looping 1TCID = 1
[DEBUG][2015-11-09 12:11:24,651][com.java.TestType] [ 8266] - Concept ID:1 :: Step being Executed: 1::1
[INFO ][2015-11-09 12:11:24,651][com.java.TestType] [ 8304] - dataFields : TXTusername
[DEBUG][2015-11-09 12:11:24,651][com.java.TestType] [ 8310] - <In Set values of the page>
[DEBUG][2015-11-09 12:11:24,651][com.java.TestType] [ 8315] - {Data Fields & Data Values Exist}
[INFO ][2015-11-09 12:11:24,651][com.java.TestType] [ 8321] - --------------------------setting values-----------------------------
[INFO ][2015-11-09 12:11:24,651][com.java.TestType] [ 8324] - Action Type : CLEARANDENTER
[INFO ][2015-11-09 12:11:24,652][com.java.TestType] [ 4075] - value = naresh.nayini.00000
[INFO ][2015-11-09 12:11:29,477][com.java.TestType] [ 8343] -  RESULT true
[INFO ][2015-11-09 12:11:29,477][com.java.TestType] [ 8460] - ?   P A S S   ?
[DEBUG][2015-11-09 12:11:29,477][com.java.TestType] [ 8266] - Concept ID:1 :: Step being Executed: 1::2
[INFO ][2015-11-09 12:11:29,477][com.java.TestType] [ 8304] - dataFields : TXTpassword
[DEBUG][2015-11-09 12:11:29,477][com.java.TestType] [ 8310] - <In Set values of the page>
[DEBUG][2015-11-09 12:11:29,478][com.java.TestType] [ 8315] - {Data Fields & Data Values Exist}
[INFO ][2015-11-09 12:11:29,478][com.java.TestType] [ 8321] - --------------------------setting values-----------------------------
[INFO ][2015-11-09 12:11:29,478][com.java.TestType] [ 8324] - Action Type : CLEARANDENTER
[INFO ][2015-11-09 12:11:29,478][com.java.TestType] [ 4075] - value = Password1*
[INFO ][2015-11-09 12:11:34,420][com.java.TestType] [ 8343] -  RESULT true
[INFO ][2015-11-09 12:11:34,420][com.java.TestType] [ 8460] - ?   P A S S   ?
[DEBUG][2015-11-09 12:11:34,420][com.java.TestType] [ 8266] - Concept ID:1 :: Step being Executed: 1::3
[ERROR][2015-11-09 12:11:34,420][com.java.TestType] [ 8299] - Exception: null
[INFO ][2015-11-09 12:11:34,420][com.java.TestType] [ 8304] - dataFields : XPH//button[@type='submit']
[DEBUG][2015-11-09 12:11:34,420][com.java.TestType] [ 8310] - <In Set values of the page>
[DEBUG][2015-11-09 12:11:34,420][com.java.TestType] [ 8315] - {Data Fields & Data Values Exist}
[INFO ][2015-11-09 12:11:34,420][com.java.TestType] [ 8321] - --------------------------setting values-----------------------------
[INFO ][2015-11-09 12:11:34,421][com.java.TestType] [ 8324] - Action Type : Click
[INFO ][2015-11-09 12:11:34,421][com.java.TestType] [ 4388] - Field ::XPH//button[@type='submit']
[INFO ][2015-11-09 12:11:35,421][com.java.TestType] [ 4447] - BEFORE CLICK
[INFO ][2015-11-09 12:11:36,285][com.java.TestType] [ 4455] - Unable to click the object Login
[INFO ][2015-11-09 12:11:36,285][com.java.TestType] [ 8343] -  RESULT true
[INFO ][2015-11-09 12:11:36,285][com.java.TestType] [ 8460] - ?   P A S S   ?
[DEBUG][2015-11-09 12:11:36,285][com.java.TestType] [ 8266] - Concept ID:1 :: Step being Executed: 1::4
[INFO ][2015-11-09 12:11:36,285][com.java.TestType] [ 8304] - dataFields : LNKLogout
[DEBUG][2015-11-09 12:11:36,285][com.java.TestType] [ 8310] - <In Set values of the page>
[DEBUG][2015-11-09 12:11:36,285][com.java.TestType] [ 8315] - {Data Fields & Data Values Exist}
[INFO ][2015-11-09 12:11:36,285][com.java.TestType] [ 8321] - --------------------------setting values-----------------------------
[INFO ][2015-11-09 12:11:36,285][com.java.TestType] [ 8324] - Action Type : WaitForElement
[INFO ][2015-11-09 12:11:46,860][com.java.TestType] [ 8343] -  RESULT true
[INFO ][2015-11-09 12:11:46,860][com.java.TestType] [ 8460] - ?   P A S S   ?
[DEBUG][2015-11-09 12:11:46,860][com.java.TestType] [ 8266] - Concept ID:1 :: Step being Executed: 1::13
[INFO ][2015-11-09 12:11:46,860][com.java.TestType] [ 8304] - dataFields : LNK
[DEBUG][2015-11-09 12:11:46,860][com.java.TestType] [ 8310] - <In Set values of the page>
[DEBUG][2015-11-09 12:11:46,861][com.java.TestType] [ 8315] - {Data Fields & Data Values Exist}
[INFO ][2015-11-09 12:11:46,861][com.java.TestType] [ 8321] - --------------------------setting values-----------------------------
[INFO ][2015-11-09 12:11:46,862][com.java.TestType] [ 8324] - Action Type : Verify
[INFO ][2015-11-09 12:11:46,862][com.java.TestType] [ 5201] - field= LNK value= Logout
[INFO ][2015-11-09 12:11:46,863][com.java.TestType] [ 4075] - value = Logout
[INFO ][2015-11-09 12:11:46,897][com.java.TestType] [ 8343] -  RESULT true
[INFO ][2015-11-09 12:11:46,897][com.java.TestType] [ 8460] - ?   P A S S   ?
[DEBUG][2015-11-09 12:11:46,897][com.java.TestType] [ 8266] - Concept ID:1 :: Step being Executed: 1::14
[INFO ][2015-11-09 12:11:46,897][com.java.TestType] [ 8304] - dataFields : BTN
[DEBUG][2015-11-09 12:11:46,897][com.java.TestType] [ 8310] - <In Set values of the page>
[DEBUG][2015-11-09 12:11:46,898][com.java.TestType] [ 8315] - {Data Fields & Data Values Exist}
[INFO ][2015-11-09 12:11:46,898][com.java.TestType] [ 8321] - --------------------------setting values-----------------------------
[INFO ][2015-11-09 12:11:46,898][com.java.TestType] [ 8324] - Action Type : Verify
[INFO ][2015-11-09 12:11:46,898][com.java.TestType] [ 5201] - field= BTN value= //img[contains(@src,'bdlogo.jpg')]
[INFO ][2015-11-09 12:11:46,898][com.java.TestType] [ 4075] - value = //img[contains(@src,'bdlogo.jpg')]
[INFO ][2015-11-09 12:11:46,934][com.java.TestType] [ 8343] -  RESULT true
[INFO ][2015-11-09 12:11:46,934][com.java.TestType] [ 8460] - ?   P A S S   ?
[INFO ][2015-11-09 12:11:46,934][com.java.TestType] [ 8531] - Looping End......
[INFO ][2015-11-09 12:11:46,939][com.java.SeleniumDriver] [  861] -  RESULT true
[INFO ][2015-11-09 12:11:46,939][com.java.SeleniumDriver] [ 1066] - ?   P A S S   ?
[INFO ][2015-11-09 12:11:46,939][com.java.SeleniumDriver] [  788] - ------------------------------------------
[INFO ][2015-11-09 12:11:46,939][com.java.SeleniumDriver] [  789] - Test case being Executed: 1
[INFO ][2015-11-09 12:11:46,939][com.java.SeleniumDriver] [  800] - Test step:2
[INFO ][2015-11-09 12:11:46,939][com.java.SeleniumDriver] [  812] - Datavalue is----------Concept#2:1-2
[INFO ][2015-11-09 12:11:46,939][com.java.SeleniumDriver] [  836] - DataField : test
[INFO ][2015-11-09 12:11:46,940][com.java.SeleniumDriver] [  838] - DataValue : Concept#2:1-2
[INFO ][2015-11-09 12:11:46,940][com.java.SeleniumDriver] [  844] - <In Set values of the page>
[INFO ][2015-11-09 12:11:46,940][com.java.SeleniumDriver] [  847] - {Data Fields & Data Values Exist}
[INFO ][2015-11-09 12:11:46,940][com.java.SeleniumDriver] [  849] - --------------------------setting values-----------------------------
[INFO ][2015-11-09 12:11:46,940][com.java.SeleniumDriver] [  852] - Action Type : ExecuteTestCase
[INFO ][2015-11-09 12:11:46,940][com.java.TestType] [  420] - The Concept sheet name is ---------- Concept
[INFO ][2015-11-09 12:11:46,940][com.java.TestType] [  423] - The Concept ID  is ---------- 2
[DEBUG][2015-11-09 12:11:46,940][com.java.TestType] [  427] - Steps being executted in the Concept are: 1:2
[INFO ][2015-11-09 12:11:46,941][com.java.TestType] [  434] - Test data details path ---------- D:\BankersDashboard\TestInputs\TestData.xls
[INFO ][2015-11-09 12:11:46,974][com.java.TestType] [  465] -  str(1) = 2
[INFO ][2015-11-09 12:11:46,974][com.java.TestType] [  468] - Test case Id is---2
[INFO ][2015-11-09 12:11:46,974][com.java.TestType] [  470] - 2
[INFO ][2015-11-09 12:11:46,974][com.java.TestType] [  465] -  str(2) = 1
[INFO ][2015-11-09 12:11:46,976][com.java.TestType] [  517] - row values are--------{1=com.java.Objects.TestDataDetails@165e220}
[INFO ][2015-11-09 12:11:46,976][com.java.TestType] [  465] -  str(1) = 2
[INFO ][2015-11-09 12:11:46,977][com.java.TestType] [  468] - Test case Id is---2
[INFO ][2015-11-09 12:11:46,977][com.java.TestType] [  470] - 2
[INFO ][2015-11-09 12:11:46,977][com.java.TestType] [  465] -  str(2) = 2
[INFO ][2015-11-09 12:11:46,977][com.java.TestType] [  517] - row values are--------{1=com.java.Objects.TestDataDetails@165e220, 2=com.java.Objects.TestDataDetails@1c7e0e8}
[INFO ][2015-11-09 12:11:46,977][com.java.TestType] [  465] -  str(1) = 2
[INFO ][2015-11-09 12:11:46,977][com.java.TestType] [  468] - Test case Id is---2
[INFO ][2015-11-09 12:11:46,977][com.java.TestType] [  470] - 2
[INFO ][2015-11-09 12:11:46,978][com.java.TestType] [  465] -  str(2) = 3
[INFO ][2015-11-09 12:11:46,978][com.java.TestType] [  517] - row values are--------{1=com.java.Objects.TestDataDetails@165e220, 2=com.java.Objects.TestDataDetails@1c7e0e8, 3=com.java.Objects.TestDataDetails@1a296b8}
[INFO ][2015-11-09 12:11:46,978][com.java.TestType] [ 8225] - Looping 1TCID = 2
[DEBUG][2015-11-09 12:11:46,978][com.java.TestType] [ 8266] - Concept ID:2 :: Step being Executed: 2::1
[INFO ][2015-11-09 12:11:46,979][com.java.TestType] [ 8304] - dataFields : BNK//select[@id='bank']
[DEBUG][2015-11-09 12:11:46,979][com.java.TestType] [ 8310] - <In Set values of the page>
[DEBUG][2015-11-09 12:11:46,979][com.java.TestType] [ 8315] - {Data Fields & Data Values Exist}
[INFO ][2015-11-09 12:11:46,979][com.java.TestType] [ 8321] - --------------------------setting values-----------------------------
[INFO ][2015-11-09 12:11:46,979][com.java.TestType] [ 8324] - Action Type : Select
[INFO ][2015-11-09 12:11:46,979][com.java.TestType] [ 4075] - value = PFC
[INFO ][2015-11-09 12:11:47,179][com.java.TestType] [ 8343] -  RESULT true
[INFO ][2015-11-09 12:11:47,179][com.java.TestType] [ 8460] - ?   P A S S   ?
[DEBUG][2015-11-09 12:11:47,179][com.java.TestType] [ 8266] - Concept ID:2 :: Step being Executed: 2::2
[INFO ][2015-11-09 12:11:47,179][com.java.TestType] [ 8304] - dataFields : LNKLogout
[DEBUG][2015-11-09 12:11:47,179][com.java.TestType] [ 8310] - <In Set values of the page>
[DEBUG][2015-11-09 12:11:47,179][com.java.TestType] [ 8315] - {Data Fields & Data Values Exist}
[INFO ][2015-11-09 12:11:47,179][com.java.TestType] [ 8321] - --------------------------setting values-----------------------------
[INFO ][2015-11-09 12:11:47,180][com.java.TestType] [ 8324] - Action Type : WaitTime
[DEBUG][2015-11-09 12:11:47,180][com.java.TestType] [ 3911] - sleepTime: 5000
[INFO ][2015-11-09 12:11:52,181][com.java.TestType] [ 8343] -  RESULT true
[INFO ][2015-11-09 12:11:52,181][com.java.TestType] [ 8460] - ?   P A S S   ?
[INFO ][2015-11-09 12:11:52,181][com.java.TestType] [ 8531] - Looping End......
[INFO ][2015-11-09 12:11:52,185][com.java.SeleniumDriver] [  861] -  RESULT true
[INFO ][2015-11-09 12:11:52,185][com.java.SeleniumDriver] [ 1066] - ?   P A S S   ?
[INFO ][2015-11-09 12:11:52,185][com.java.SeleniumDriver] [  788] - ------------------------------------------
[INFO ][2015-11-09 12:11:52,187][com.java.SeleniumDriver] [  789] - Test case being Executed: 1
[INFO ][2015-11-09 12:11:52,187][com.java.SeleniumDriver] [  800] - Test step:3
[INFO ][2015-11-09 12:11:52,187][com.java.SeleniumDriver] [  812] - Datavalue is----------2
[INFO ][2015-11-09 12:11:52,187][com.java.SeleniumDriver] [  836] - DataField : XPH//button[contains(text(),'Add Content')]
[INFO ][2015-11-09 12:11:52,187][com.java.SeleniumDriver] [  838] - DataValue : 2
[INFO ][2015-11-09 12:11:52,187][com.java.SeleniumDriver] [  844] - <In Set values of the page>
[INFO ][2015-11-09 12:11:52,187][com.java.SeleniumDriver] [  847] - {Data Fields & Data Values Exist}
[INFO ][2015-11-09 12:11:52,187][com.java.SeleniumDriver] [  849] - --------------------------setting values-----------------------------
[INFO ][2015-11-09 12:11:52,187][com.java.SeleniumDriver] [  852] - Action Type : WAITFORELEMENT
[INFO ][2015-11-09 12:11:52,341][com.java.SeleniumDriver] [  861] -  RESULT true
[INFO ][2015-11-09 12:11:52,341][com.java.SeleniumDriver] [ 1066] - ?   P A S S   ?
[DEBUG][2015-11-09 12:11:52,341][com.java.SeleniumDriver] [ 1168] - Case found
[DEBUG][2015-11-09 12:11:52,341][com.java.SeleniumDriver] [ 1173] - Incrementing ReportCounters[0]:1
[INFO ][2015-11-09 12:11:52,341][com.java.SeleniumDriver] [ 1192] - The results are-------------------[1, 1, Valid Login, Pass, , Mon Nov 09 12:11:46 IST 2015, 1, 2, Valid Login, Pass, , Mon Nov 09 12:11:52 IST 2015, 1, 3, Valid Login, Pass, , Mon Nov 09 12:11:52 IST 2015]
[INFO ][2015-11-09 12:11:52,341][com.java.SeleniumDriver] [ 1196] - End time is-------52 sec
[INFO ][2015-11-09 12:11:52,341][com.java.SeleniumDriver] [ 1197] - The results are-------------------[1, 1, Valid Login, Pass, , Mon Nov 09 12:11:46 IST 2015, 1, 2, Valid Login, Pass, , Mon Nov 09 12:11:52 IST 2015, 1, 3, Valid Login, Pass, , Mon Nov 09 12:11:52 IST 2015]
[DEBUG][2015-11-09 12:11:52,341][com.java.ImportnExport.ExportTestResultsExcel] [  222] - testResultPath = D:\BankersDashboard/TestReports/Test Results_BankersDashBoard_110915_121102_IE11_Any Bank USA.xls
[DEBUG][2015-11-09 12:11:52,342][com.java.ImportnExport.ExportTestResultsExcel] [  223] - browser is------------IE11
[DEBUG][2015-11-09 12:11:52,382][com.java.ImportnExport.ExportTestResultsExcel] [  270] - result.size() = 18
[DEBUG][2015-11-09 12:11:52,382][com.java.ImportnExport.ExportTestResultsExcel] [  274] - No of rows in sheet=1
[DEBUG][2015-11-09 12:11:52,382][com.java.ImportnExport.ExportTestResultsExcel] [  301] - ..in export..1
[DEBUG][2015-11-09 12:11:52,382][com.java.ImportnExport.ExportTestResultsExcel] [  301] - ..in export..Valid Login
[DEBUG][2015-11-09 12:11:52,382][com.java.ImportnExport.ExportTestResultsExcel] [  301] - ..in export..Pass
[DEBUG][2015-11-09 12:11:52,382][com.java.ImportnExport.ExportTestResultsExcel] [  301] - ..in export..
[DEBUG][2015-11-09 12:11:52,382][com.java.ImportnExport.ExportTestResultsExcel] [  301] - ..in export..Mon Nov 09 12:11:46 IST 2015
[INFO ][2015-11-09 12:11:52,385][com.java.SeleniumDriver] [ 1255] - out loop:0 size:2 TestCases:[1, 7] testcases:[1, 7]
[INFO ][2015-11-09 12:11:52,385][com.java.ImportnExport.ImportTestDataDetailsExcel] [   49] - test data details path===== D:\BankersDashboard\TestInputs\TestData.xls
[INFO ][2015-11-09 12:12:05,294][com.java.SeleniumDriver] [  788] - ------------------------------------------
[INFO ][2015-11-09 12:12:05,294][com.java.SeleniumDriver] [  789] - Test case being Executed: 7
[INFO ][2015-11-09 12:12:05,294][com.java.SeleniumDriver] [  800] - Test step:1
[INFO ][2015-11-09 12:12:05,294][com.java.SeleniumDriver] [  812] - Datavalue is----------Logout
[INFO ][2015-11-09 12:12:05,294][com.java.SeleniumDriver] [  836] - DataField : BTN
[INFO ][2015-11-09 12:12:05,294][com.java.SeleniumDriver] [  838] - DataValue : Logout
[INFO ][2015-11-09 12:12:05,294][com.java.SeleniumDriver] [  844] - <In Set values of the page>
[INFO ][2015-11-09 12:12:05,294][com.java.SeleniumDriver] [  847] - {Data Fields & Data Values Exist}
[INFO ][2015-11-09 12:12:05,294][com.java.SeleniumDriver] [  849] - --------------------------setting values-----------------------------
[INFO ][2015-11-09 12:12:05,294][com.java.SeleniumDriver] [  852] - Action Type : Verify
[INFO ][2015-11-09 12:12:05,295][com.java.TestType] [ 5201] - field= BTN value= Logout
[INFO ][2015-11-09 12:12:05,295][com.java.TestType] [ 4075] - value = Logout
[INFO ][2015-11-09 12:12:05,450][com.java.SeleniumDriver] [  861] -  RESULT true
[INFO ][2015-11-09 12:12:05,450][com.java.SeleniumDriver] [ 1066] - ?   P A S S   ?
[INFO ][2015-11-09 12:12:05,450][com.java.SeleniumDriver] [ 1108] - step change to 3
[INFO ][2015-11-09 12:12:05,450][com.java.SeleniumDriver] [  788] - ------------------------------------------
[INFO ][2015-11-09 12:12:05,450][com.java.SeleniumDriver] [  789] - Test case being Executed: 7
[INFO ][2015-11-09 12:12:05,450][com.java.SeleniumDriver] [  800] - Test step:3
[INFO ][2015-11-09 12:12:05,450][com.java.SeleniumDriver] [  812] - Datavalue is----------Concept#2:1-2
[INFO ][2015-11-09 12:12:05,452][com.java.SeleniumDriver] [  836] - DataField : test
[INFO ][2015-11-09 12:12:05,452][com.java.SeleniumDriver] [  838] - DataValue : Concept#2:1-2
[INFO ][2015-11-09 12:12:05,452][com.java.SeleniumDriver] [  844] - <In Set values of the page>
[INFO ][2015-11-09 12:12:05,452][com.java.SeleniumDriver] [  847] - {Data Fields & Data Values Exist}
[INFO ][2015-11-09 12:12:05,452][com.java.SeleniumDriver] [  849] - --------------------------setting values-----------------------------
[INFO ][2015-11-09 12:12:05,452][com.java.SeleniumDriver] [  852] - Action Type : ExecuteTestCase
[INFO ][2015-11-09 12:12:05,452][com.java.TestType] [  420] - The Concept sheet name is ---------- Concept
[INFO ][2015-11-09 12:12:05,453][com.java.TestType] [  423] - The Concept ID  is ---------- 2
[DEBUG][2015-11-09 12:12:05,453][com.java.TestType] [  427] - Steps being executted in the Concept are: 1:2
[INFO ][2015-11-09 12:12:05,453][com.java.TestType] [  434] - Test data details path ---------- D:\BankersDashboard\TestInputs\TestData.xls
[INFO ][2015-11-09 12:12:05,483][com.java.TestType] [  465] -  str(1) = 2
[INFO ][2015-11-09 12:12:05,483][com.java.TestType] [  468] - Test case Id is---2
[INFO ][2015-11-09 12:12:05,483][com.java.TestType] [  470] - 2
[INFO ][2015-11-09 12:12:05,483][com.java.TestType] [  465] -  str(2) = 1
[INFO ][2015-11-09 12:12:05,484][com.java.TestType] [  517] - row values are--------{1=com.java.Objects.TestDataDetails@57b7a9}
[INFO ][2015-11-09 12:12:05,484][com.java.TestType] [  465] -  str(1) = 2
[INFO ][2015-11-09 12:12:05,484][com.java.TestType] [  468] - Test case Id is---2
[INFO ][2015-11-09 12:12:05,485][com.java.TestType] [  470] - 2
[INFO ][2015-11-09 12:12:05,485][com.java.TestType] [  465] -  str(2) = 2
[INFO ][2015-11-09 12:12:05,485][com.java.TestType] [  517] - row values are--------{1=com.java.Objects.TestDataDetails@57b7a9, 2=com.java.Objects.TestDataDetails@f69ae7}
[INFO ][2015-11-09 12:12:05,485][com.java.TestType] [  465] -  str(1) = 2
[INFO ][2015-11-09 12:12:05,485][com.java.TestType] [  468] - Test case Id is---2
[INFO ][2015-11-09 12:12:05,485][com.java.TestType] [  470] - 2
[INFO ][2015-11-09 12:12:05,486][com.java.TestType] [  465] -  str(2) = 3
[INFO ][2015-11-09 12:12:05,487][com.java.TestType] [  517] - row values are--------{1=com.java.Objects.TestDataDetails@57b7a9, 2=com.java.Objects.TestDataDetails@f69ae7, 3=com.java.Objects.TestDataDetails@190364c}
[INFO ][2015-11-09 12:12:05,487][com.java.TestType] [ 8225] - Looping 1TCID = 2
[DEBUG][2015-11-09 12:12:05,487][com.java.TestType] [ 8266] - Concept ID:2 :: Step being Executed: 2::1
[INFO ][2015-11-09 12:12:05,487][com.java.TestType] [ 8304] - dataFields : BNK//select[@id='bank']
[DEBUG][2015-11-09 12:12:05,487][com.java.TestType] [ 8310] - <In Set values of the page>
[DEBUG][2015-11-09 12:12:05,487][com.java.TestType] [ 8315] - {Data Fields & Data Values Exist}
[INFO ][2015-11-09 12:12:05,487][com.java.TestType] [ 8321] - --------------------------setting values-----------------------------
[INFO ][2015-11-09 12:12:05,487][com.java.TestType] [ 8324] - Action Type : Select
[INFO ][2015-11-09 12:12:05,487][com.java.TestType] [ 4075] - value = PFC
[INFO ][2015-11-09 12:12:06,114][com.java.TestType] [ 8343] -  RESULT true
[INFO ][2015-11-09 12:12:06,114][com.java.TestType] [ 8460] - ?   P A S S   ?
[DEBUG][2015-11-09 12:12:06,114][com.java.TestType] [ 8266] - Concept ID:2 :: Step being Executed: 2::2
[INFO ][2015-11-09 12:12:06,114][com.java.TestType] [ 8304] - dataFields : LNKLogout
[DEBUG][2015-11-09 12:12:06,114][com.java.TestType] [ 8310] - <In Set values of the page>
[DEBUG][2015-11-09 12:12:06,114][com.java.TestType] [ 8315] - {Data Fields & Data Values Exist}
[INFO ][2015-11-09 12:12:06,114][com.java.TestType] [ 8321] - --------------------------setting values-----------------------------
[INFO ][2015-11-09 12:12:06,114][com.java.TestType] [ 8324] - Action Type : WaitTime
[DEBUG][2015-11-09 12:12:06,115][com.java.TestType] [ 3911] - sleepTime: 5000
[INFO ][2015-11-09 12:12:11,116][com.java.TestType] [ 8343] -  RESULT true
[INFO ][2015-11-09 12:12:11,116][com.java.TestType] [ 8460] - ?   P A S S   ?
[INFO ][2015-11-09 12:12:11,116][com.java.TestType] [ 8531] - Looping End......
[INFO ][2015-11-09 12:12:11,120][com.java.SeleniumDriver] [  861] -  RESULT true
[INFO ][2015-11-09 12:12:11,121][com.java.SeleniumDriver] [ 1066] - ?   P A S S   ?
[INFO ][2015-11-09 12:12:11,122][com.java.SeleniumDriver] [  788] - ------------------------------------------
[INFO ][2015-11-09 12:12:11,122][com.java.SeleniumDriver] [  789] - Test case being Executed: 7
[INFO ][2015-11-09 12:12:11,122][com.java.SeleniumDriver] [  800] - Test step:4
[INFO ][2015-11-09 12:12:11,122][com.java.SeleniumDriver] [  812] - Datavalue is----------null
[DEBUG][2015-11-09 12:12:11,122][com.java.SeleniumDriver] [  830] - Exception: null
[INFO ][2015-11-09 12:12:11,122][com.java.SeleniumDriver] [  836] - DataField : //span[@class='icon-user4']&&//a[text()='Users']&&//a[@data-id="ModifyUsers"]
[INFO ][2015-11-09 12:12:11,122][com.java.SeleniumDriver] [  838] - DataValue : 
[INFO ][2015-11-09 12:12:11,122][com.java.SeleniumDriver] [  844] - <In Set values of the page>
[INFO ][2015-11-09 12:12:11,122][com.java.SeleniumDriver] [  847] - {Data Fields & Data Values Exist}
[INFO ][2015-11-09 12:12:11,122][com.java.SeleniumDriver] [  849] - --------------------------setting values-----------------------------
[INFO ][2015-11-09 12:12:11,122][com.java.SeleniumDriver] [  852] - Action Type : MouseOver
[INFO ][2015-11-09 12:12:27,491][com.java.SeleniumDriver] [  861] -  RESULT true
[INFO ][2015-11-09 12:12:27,491][com.java.SeleniumDriver] [ 1066] - ?   P A S S   ?
[INFO ][2015-11-09 12:12:27,491][com.java.SeleniumDriver] [  788] - ------------------------------------------
[INFO ][2015-11-09 12:12:27,491][com.java.SeleniumDriver] [  789] - Test case being Executed: 7
[INFO ][2015-11-09 12:12:27,491][com.java.SeleniumDriver] [  800] - Test step:5
[INFO ][2015-11-09 12:12:27,492][com.java.SeleniumDriver] [  812] - Datavalue is----------2
[INFO ][2015-11-09 12:12:27,493][com.java.SeleniumDriver] [  836] - DataField : BTNframeDialogContent
[INFO ][2015-11-09 12:12:27,493][com.java.SeleniumDriver] [  838] - DataValue : 2
[INFO ][2015-11-09 12:12:27,493][com.java.SeleniumDriver] [  844] - <In Set values of the page>
[INFO ][2015-11-09 12:12:27,493][com.java.SeleniumDriver] [  847] - {Data Fields & Data Values Exist}
[INFO ][2015-11-09 12:12:27,493][com.java.SeleniumDriver] [  849] - --------------------------setting values-----------------------------
[INFO ][2015-11-09 12:12:27,493][com.java.SeleniumDriver] [  852] - Action Type : WaitForElement
[INFO ][2015-11-09 12:12:28,724][com.java.SeleniumDriver] [  861] -  RESULT true
[INFO ][2015-11-09 12:12:28,724][com.java.SeleniumDriver] [ 1066] - ?   P A S S   ?
[INFO ][2015-11-09 12:12:28,724][com.java.SeleniumDriver] [  788] - ------------------------------------------
[INFO ][2015-11-09 12:12:28,725][com.java.SeleniumDriver] [  789] - Test case being Executed: 7
[INFO ][2015-11-09 12:12:28,725][com.java.SeleniumDriver] [  800] - Test step:6
[INFO ][2015-11-09 12:12:28,725][com.java.SeleniumDriver] [  812] - Datavalue is----------null
[DEBUG][2015-11-09 12:12:28,725][com.java.SeleniumDriver] [  830] - Exception: null
[INFO ][2015-11-09 12:12:28,725][com.java.SeleniumDriver] [  836] - DataField : BTNframeDialogContent
[INFO ][2015-11-09 12:12:28,725][com.java.SeleniumDriver] [  838] - DataValue : 
[INFO ][2015-11-09 12:12:28,725][com.java.SeleniumDriver] [  844] - <In Set values of the page>
[INFO ][2015-11-09 12:12:28,725][com.java.SeleniumDriver] [  847] - {Data Fields & Data Values Exist}
[INFO ][2015-11-09 12:12:28,725][com.java.SeleniumDriver] [  849] - --------------------------setting values-----------------------------
[INFO ][2015-11-09 12:12:28,725][com.java.SeleniumDriver] [  852] - Action Type : SelectFrame
[INFO ][2015-11-09 12:12:29,995][com.java.SeleniumDriver] [  861] -  RESULT true
[INFO ][2015-11-09 12:12:29,995][com.java.SeleniumDriver] [ 1066] - ?   P A S S   ?
[INFO ][2015-11-09 12:12:29,995][com.java.SeleniumDriver] [  788] - ------------------------------------------
[INFO ][2015-11-09 12:12:29,995][com.java.SeleniumDriver] [  789] - Test case being Executed: 7
[INFO ][2015-11-09 12:12:29,995][com.java.SeleniumDriver] [  800] - Test step:7
[INFO ][2015-11-09 12:12:29,995][com.java.SeleniumDriver] [  812] - Datavalue is----------2
[INFO ][2015-11-09 12:12:29,995][com.java.SeleniumDriver] [  836] - DataField : BTNbtnAddUser
[INFO ][2015-11-09 12:12:29,995][com.java.SeleniumDriver] [  838] - DataValue : 2
[INFO ][2015-11-09 12:12:29,995][com.java.SeleniumDriver] [  844] - <In Set values of the page>
[INFO ][2015-11-09 12:12:29,995][com.java.SeleniumDriver] [  847] - {Data Fields & Data Values Exist}
[INFO ][2015-11-09 12:12:29,995][com.java.SeleniumDriver] [  849] - --------------------------setting values-----------------------------
[INFO ][2015-11-09 12:12:29,995][com.java.SeleniumDriver] [  852] - Action Type : WaitForElement
[INFO ][2015-11-09 12:12:31,429][com.java.SeleniumDriver] [  861] -  RESULT true
[INFO ][2015-11-09 12:12:31,429][com.java.SeleniumDriver] [ 1066] - ?   P A S S   ?
[INFO ][2015-11-09 12:12:31,429][com.java.SeleniumDriver] [  788] - ------------------------------------------
[INFO ][2015-11-09 12:12:31,429][com.java.SeleniumDriver] [  789] - Test case being Executed: 7
[INFO ][2015-11-09 12:12:31,429][com.java.SeleniumDriver] [  800] - Test step:8
[INFO ][2015-11-09 12:12:31,429][com.java.SeleniumDriver] [  812] - Datavalue is----------null
[DEBUG][2015-11-09 12:12:31,429][com.java.SeleniumDriver] [  830] - Exception: null
[INFO ][2015-11-09 12:12:31,429][com.java.SeleniumDriver] [  836] - DataField : BTNbtnAddUser
[INFO ][2015-11-09 12:12:31,430][com.java.SeleniumDriver] [  838] - DataValue : 
[INFO ][2015-11-09 12:12:31,430][com.java.SeleniumDriver] [  844] - <In Set values of the page>
[INFO ][2015-11-09 12:12:31,430][com.java.SeleniumDriver] [  847] - {Data Fields & Data Values Exist}
[INFO ][2015-11-09 12:12:31,430][com.java.SeleniumDriver] [  849] - --------------------------setting values-----------------------------
[INFO ][2015-11-09 12:12:31,430][com.java.SeleniumDriver] [  852] - Action Type : Click
[INFO ][2015-11-09 12:12:31,430][com.java.TestType] [ 4388] - Field ::BTNbtnAddUser
[INFO ][2015-11-09 12:12:32,430][com.java.TestType] [ 4426] - BEFORE CLICK
[INFO ][2015-11-09 12:12:34,039][com.java.TestType] [ 4433] - Unable to click the object Add user button
[INFO ][2015-11-09 12:12:34,039][com.java.SeleniumDriver] [  861] -  RESULT true
[INFO ][2015-11-09 12:12:34,039][com.java.SeleniumDriver] [ 1066] - ?   P A S S   ?
[INFO ][2015-11-09 12:12:34,039][com.java.SeleniumDriver] [  788] - ------------------------------------------
[INFO ][2015-11-09 12:12:34,039][com.java.SeleniumDriver] [  789] - Test case being Executed: 7
[INFO ][2015-11-09 12:12:34,040][com.java.SeleniumDriver] [  800] - Test step:9
[INFO ][2015-11-09 12:12:34,040][com.java.SeleniumDriver] [  812] - Datavalue is----------2
[INFO ][2015-11-09 12:12:34,040][com.java.SeleniumDriver] [  836] - DataField : BTNtxtUserName
[INFO ][2015-11-09 12:12:34,040][com.java.SeleniumDriver] [  838] - DataValue : 2
[INFO ][2015-11-09 12:12:34,040][com.java.SeleniumDriver] [  844] - <In Set values of the page>
[INFO ][2015-11-09 12:12:34,040][com.java.SeleniumDriver] [  847] - {Data Fields & Data Values Exist}
[INFO ][2015-11-09 12:12:34,040][com.java.SeleniumDriver] [  849] - --------------------------setting values-----------------------------
[INFO ][2015-11-09 12:12:34,040][com.java.SeleniumDriver] [  852] - Action Type : WaitForElement
[INFO ][2015-11-09 12:12:38,717][com.java.SeleniumDriver] [  861] -  RESULT true
[INFO ][2015-11-09 12:12:38,717][com.java.SeleniumDriver] [ 1066] - ?   P A S S   ?
[INFO ][2015-11-09 12:12:38,717][com.java.SeleniumDriver] [  788] - ------------------------------------------
[INFO ][2015-11-09 12:12:38,717][com.java.SeleniumDriver] [  789] - Test case being Executed: 7
[INFO ][2015-11-09 12:12:38,717][com.java.SeleniumDriver] [  800] - Test step:10
[INFO ][2015-11-09 12:12:38,717][com.java.SeleniumDriver] [  812] - Datavalue is----------dt:NewUserName
[INFO ][2015-11-09 12:12:38,717][com.java.SeleniumDriver] [  836] - DataField : TXTtxtUserName
[INFO ][2015-11-09 12:12:38,717][com.java.SeleniumDriver] [  838] - DataValue : dt:NewUserName
[INFO ][2015-11-09 12:12:38,719][com.java.SeleniumDriver] [  844] - <In Set values of the page>
[INFO ][2015-11-09 12:12:38,719][com.java.SeleniumDriver] [  847] - {Data Fields & Data Values Exist}
[INFO ][2015-11-09 12:12:38,719][com.java.SeleniumDriver] [  849] - --------------------------setting values-----------------------------
[INFO ][2015-11-09 12:12:38,719][com.java.SeleniumDriver] [  852] - Action Type : Enter
[INFO ][2015-11-09 12:12:38,719][com.java.TestType] [ 4708] - field = txtUserName
[INFO ][2015-11-09 12:12:38,719][com.java.TestType] [ 4075] - value = vltest.robot
[INFO ][2015-11-09 12:12:41,339][com.java.SeleniumDriver] [  861] -  RESULT true
[INFO ][2015-11-09 12:12:41,339][com.java.SeleniumDriver] [ 1066] - ?   P A S S   ?
[INFO ][2015-11-09 12:12:41,339][com.java.SeleniumDriver] [  788] - ------------------------------------------
[INFO ][2015-11-09 12:12:41,339][com.java.SeleniumDriver] [  789] - Test case being Executed: 7
[INFO ][2015-11-09 12:12:41,339][com.java.SeleniumDriver] [  800] - Test step:11
[INFO ][2015-11-09 12:12:41,339][com.java.SeleniumDriver] [  812] - Datavalue is----------VLTest
[INFO ][2015-11-09 12:12:41,339][com.java.SeleniumDriver] [  836] - DataField : TXTtxtFirstName
[INFO ][2015-11-09 12:12:41,339][com.java.SeleniumDriver] [  838] - DataValue : VLTest
[INFO ][2015-11-09 12:12:41,339][com.java.SeleniumDriver] [  844] - <In Set values of the page>
[INFO ][2015-11-09 12:12:41,339][com.java.SeleniumDriver] [  847] - {Data Fields & Data Values Exist}
[INFO ][2015-11-09 12:12:41,340][com.java.SeleniumDriver] [  849] - --------------------------setting values-----------------------------
[INFO ][2015-11-09 12:12:41,340][com.java.SeleniumDriver] [  852] - Action Type : Enter
[INFO ][2015-11-09 12:12:41,340][com.java.TestType] [ 4708] - field = txtFirstName
[INFO ][2015-11-09 12:12:41,340][com.java.TestType] [ 4075] - value = VLTest
[INFO ][2015-11-09 12:12:44,225][com.java.SeleniumDriver] [  861] -  RESULT true
[INFO ][2015-11-09 12:12:44,225][com.java.SeleniumDriver] [ 1066] - ?   P A S S   ?
[INFO ][2015-11-09 12:12:44,226][com.java.SeleniumDriver] [  788] - ------------------------------------------
[INFO ][2015-11-09 12:12:44,226][com.java.SeleniumDriver] [  789] - Test case being Executed: 7
[INFO ][2015-11-09 12:12:44,226][com.java.SeleniumDriver] [  800] - Test step:12
[INFO ][2015-11-09 12:12:44,226][com.java.SeleniumDriver] [  812] - Datavalue is----------Robot
[INFO ][2015-11-09 12:12:44,226][com.java.SeleniumDriver] [  836] - DataField : TXTtxtLastName
[INFO ][2015-11-09 12:12:44,226][com.java.SeleniumDriver] [  838] - DataValue : Robot
[INFO ][2015-11-09 12:12:44,226][com.java.SeleniumDriver] [  844] - <In Set values of the page>
[INFO ][2015-11-09 12:12:44,226][com.java.SeleniumDriver] [  847] - {Data Fields & Data Values Exist}
[INFO ][2015-11-09 12:12:44,226][com.java.SeleniumDriver] [  849] - --------------------------setting values-----------------------------
[INFO ][2015-11-09 12:12:44,226][com.java.SeleniumDriver] [  852] - Action Type : Enter
[INFO ][2015-11-09 12:12:44,226][com.java.TestType] [ 4708] - field = txtLastName
[INFO ][2015-11-09 12:12:44,226][com.java.TestType] [ 4075] - value = Robot
[INFO ][2015-11-09 12:12:46,906][com.java.SeleniumDriver] [  861] -  RESULT true
[INFO ][2015-11-09 12:12:46,906][com.java.SeleniumDriver] [ 1066] - ?   P A S S   ?
[INFO ][2015-11-09 12:12:46,906][com.java.SeleniumDriver] [  788] - ------------------------------------------
[INFO ][2015-11-09 12:12:46,906][com.java.SeleniumDriver] [  789] - Test case being Executed: 7
[INFO ][2015-11-09 12:12:46,906][com.java.SeleniumDriver] [  800] - Test step:13
[INFO ][2015-11-09 12:12:46,906][com.java.SeleniumDriver] [  812] - Datavalue is----------ValueLabs
[INFO ][2015-11-09 12:12:46,906][com.java.SeleniumDriver] [  836] - DataField : TXTtxtCompany
[INFO ][2015-11-09 12:12:46,906][com.java.SeleniumDriver] [  838] - DataValue : ValueLabs
[INFO ][2015-11-09 12:12:46,906][com.java.SeleniumDriver] [  844] - <In Set values of the page>
[INFO ][2015-11-09 12:12:46,906][com.java.SeleniumDriver] [  847] - {Data Fields & Data Values Exist}
[INFO ][2015-11-09 12:12:46,906][com.java.SeleniumDriver] [  849] - --------------------------setting values-----------------------------
[INFO ][2015-11-09 12:12:46,906][com.java.SeleniumDriver] [  852] - Action Type : Enter
[INFO ][2015-11-09 12:12:46,907][com.java.TestType] [ 4708] - field = txtCompany
[INFO ][2015-11-09 12:12:46,907][com.java.TestType] [ 4075] - value = ValueLabs
[INFO ][2015-11-09 12:12:49,721][com.java.SeleniumDriver] [  861] -  RESULT true
[INFO ][2015-11-09 12:12:49,721][com.java.SeleniumDriver] [ 1066] - ?   P A S S   ?
[INFO ][2015-11-09 12:12:49,722][com.java.SeleniumDriver] [  788] - ------------------------------------------
[INFO ][2015-11-09 12:12:49,722][com.java.SeleniumDriver] [  789] - Test case being Executed: 7
[INFO ][2015-11-09 12:12:49,722][com.java.SeleniumDriver] [  800] - Test step:14
[INFO ][2015-11-09 12:12:49,722][com.java.SeleniumDriver] [  812] - Datavalue is----------India
[INFO ][2015-11-09 12:12:49,723][com.java.SeleniumDriver] [  836] - DataField : TXTtxtLocation
[INFO ][2015-11-09 12:12:49,723][com.java.SeleniumDriver] [  838] - DataValue : India
[INFO ][2015-11-09 12:12:49,723][com.java.SeleniumDriver] [  844] - <In Set values of the page>
[INFO ][2015-11-09 12:12:49,723][com.java.SeleniumDriver] [  847] - {Data Fields & Data Values Exist}
[INFO ][2015-11-09 12:12:49,723][com.java.SeleniumDriver] [  849] - --------------------------setting values-----------------------------
[INFO ][2015-11-09 12:12:49,723][com.java.SeleniumDriver] [  852] - Action Type : Enter
[INFO ][2015-11-09 12:12:49,723][com.java.TestType] [ 4708] - field = txtLocation
[INFO ][2015-11-09 12:12:49,723][com.java.TestType] [ 4075] - value = India
[INFO ][2015-11-09 12:12:52,401][com.java.SeleniumDriver] [  861] -  RESULT true
[INFO ][2015-11-09 12:12:52,401][com.java.SeleniumDriver] [ 1066] - ?   P A S S   ?
[INFO ][2015-11-09 12:12:52,401][com.java.SeleniumDriver] [  788] - ------------------------------------------
[INFO ][2015-11-09 12:12:52,401][com.java.SeleniumDriver] [  789] - Test case being Executed: 7
[INFO ][2015-11-09 12:12:52,401][com.java.SeleniumDriver] [  800] - Test step:15
[INFO ][2015-11-09 12:12:52,401][com.java.SeleniumDriver] [  812] - Datavalue is----------vltest.robot@valuelabs.com
[INFO ][2015-11-09 12:12:52,401][com.java.SeleniumDriver] [  836] - DataField : TXTtxtEMail
[INFO ][2015-11-09 12:12:52,401][com.java.SeleniumDriver] [  838] - DataValue : vltest.robot@valuelabs.com
[INFO ][2015-11-09 12:12:52,401][com.java.SeleniumDriver] [  844] - <In Set values of the page>
[INFO ][2015-11-09 12:12:52,401][com.java.SeleniumDriver] [  847] - {Data Fields & Data Values Exist}
[INFO ][2015-11-09 12:12:52,401][com.java.SeleniumDriver] [  849] - --------------------------setting values-----------------------------
[INFO ][2015-11-09 12:12:52,402][com.java.SeleniumDriver] [  852] - Action Type : Enter
[INFO ][2015-11-09 12:12:52,402][com.java.TestType] [ 4708] - field = txtEMail
[INFO ][2015-11-09 12:12:52,402][com.java.TestType] [ 4075] - value = vltest.robot@valuelabs.com
[INFO ][2015-11-09 12:12:55,204][com.java.SeleniumDriver] [  861] -  RESULT true
[INFO ][2015-11-09 12:12:55,204][com.java.SeleniumDriver] [ 1066] - ?   P A S S   ?
[INFO ][2015-11-09 12:12:55,204][com.java.SeleniumDriver] [  788] - ------------------------------------------
[INFO ][2015-11-09 12:12:55,204][com.java.SeleniumDriver] [  789] - Test case being Executed: 7
[INFO ][2015-11-09 12:12:55,204][com.java.SeleniumDriver] [  800] - Test step:16
[INFO ][2015-11-09 12:12:55,204][com.java.SeleniumDriver] [  812] - Datavalue is----------12345678901
[INFO ][2015-11-09 12:12:55,204][com.java.SeleniumDriver] [  836] - DataField : TXTtxtPhone
[INFO ][2015-11-09 12:12:55,204][com.java.SeleniumDriver] [  838] - DataValue : 12345678901
[INFO ][2015-11-09 12:12:55,204][com.java.SeleniumDriver] [  844] - <In Set values of the page>
[INFO ][2015-11-09 12:12:55,204][com.java.SeleniumDriver] [  847] - {Data Fields & Data Values Exist}
[INFO ][2015-11-09 12:12:55,204][com.java.SeleniumDriver] [  849] - --------------------------setting values-----------------------------
[INFO ][2015-11-09 12:12:55,205][com.java.SeleniumDriver] [  852] - Action Type : Enter
[INFO ][2015-11-09 12:12:55,205][com.java.TestType] [ 4708] - field = txtPhone
[INFO ][2015-11-09 12:12:55,205][com.java.TestType] [ 4075] - value = 12345678901
[INFO ][2015-11-09 12:12:57,826][com.java.SeleniumDriver] [  861] -  RESULT true
[INFO ][2015-11-09 12:12:57,826][com.java.SeleniumDriver] [ 1066] - ?   P A S S   ?
[INFO ][2015-11-09 12:12:57,826][com.java.SeleniumDriver] [  788] - ------------------------------------------
[INFO ][2015-11-09 12:12:57,827][com.java.SeleniumDriver] [  789] - Test case being Executed: 7
[INFO ][2015-11-09 12:12:57,827][com.java.SeleniumDriver] [  800] - Test step:17
[INFO ][2015-11-09 12:12:57,827][com.java.SeleniumDriver] [  812] - Datavalue is----------dt:NewUserPswd
[INFO ][2015-11-09 12:12:57,827][com.java.SeleniumDriver] [  836] - DataField : TXTtxtPassword
[INFO ][2015-11-09 12:12:57,827][com.java.SeleniumDriver] [  838] - DataValue : dt:NewUserPswd
[INFO ][2015-11-09 12:12:57,827][com.java.SeleniumDriver] [  844] - <In Set values of the page>
[INFO ][2015-11-09 12:12:57,827][com.java.SeleniumDriver] [  847] - {Data Fields & Data Values Exist}
[INFO ][2015-11-09 12:12:57,827][com.java.SeleniumDriver] [  849] - --------------------------setting values-----------------------------
[INFO ][2015-11-09 12:12:57,827][com.java.SeleniumDriver] [  852] - Action Type : Enter
[INFO ][2015-11-09 12:12:57,827][com.java.TestType] [ 4708] - field = txtPassword
[INFO ][2015-11-09 12:12:57,827][com.java.TestType] [ 4075] - value = Password1*
[INFO ][2015-11-09 12:13:00,639][com.java.SeleniumDriver] [  861] -  RESULT true
[INFO ][2015-11-09 12:13:00,640][com.java.SeleniumDriver] [ 1066] - ?   P A S S   ?
[INFO ][2015-11-09 12:13:00,640][com.java.SeleniumDriver] [  788] - ------------------------------------------
[INFO ][2015-11-09 12:13:00,640][com.java.SeleniumDriver] [  789] - Test case being Executed: 7
[INFO ][2015-11-09 12:13:00,640][com.java.SeleniumDriver] [  800] - Test step:18
[INFO ][2015-11-09 12:13:00,640][com.java.SeleniumDriver] [  812] - Datavalue is----------dt:NewUserPswd
[INFO ][2015-11-09 12:13:00,640][com.java.SeleniumDriver] [  836] - DataField : TXTtxtPasswordConfirm
[INFO ][2015-11-09 12:13:00,640][com.java.SeleniumDriver] [  838] - DataValue : dt:NewUserPswd
[INFO ][2015-11-09 12:13:00,640][com.java.SeleniumDriver] [  844] - <In Set values of the page>
[INFO ][2015-11-09 12:13:00,640][com.java.SeleniumDriver] [  847] - {Data Fields & Data Values Exist}
[INFO ][2015-11-09 12:13:00,642][com.java.SeleniumDriver] [  849] - --------------------------setting values-----------------------------
[INFO ][2015-11-09 12:13:00,642][com.java.SeleniumDriver] [  852] - Action Type : Enter
[INFO ][2015-11-09 12:13:00,642][com.java.TestType] [ 4708] - field = txtPasswordConfirm
[INFO ][2015-11-09 12:13:00,642][com.java.TestType] [ 4075] - value = Password1*
[INFO ][2015-11-09 12:13:03,451][com.java.SeleniumDriver] [  861] -  RESULT true
[INFO ][2015-11-09 12:13:03,451][com.java.SeleniumDriver] [ 1066] - ?   P A S S   ?
[INFO ][2015-11-09 12:13:03,451][com.java.SeleniumDriver] [  788] - ------------------------------------------
[INFO ][2015-11-09 12:13:03,451][com.java.SeleniumDriver] [  789] - Test case being Executed: 7
[INFO ][2015-11-09 12:13:03,451][com.java.SeleniumDriver] [  800] - Test step:19
[INFO ][2015-11-09 12:13:03,451][com.java.SeleniumDriver] [  812] - Datavalue is----------null
[DEBUG][2015-11-09 12:13:03,451][com.java.SeleniumDriver] [  830] - Exception: null
[INFO ][2015-11-09 12:13:03,451][com.java.SeleniumDriver] [  836] - DataField : BTNparent
[INFO ][2015-11-09 12:13:03,451][com.java.SeleniumDriver] [  838] - DataValue : 
[INFO ][2015-11-09 12:13:03,451][com.java.SeleniumDriver] [  844] - <In Set values of the page>
[INFO ][2015-11-09 12:13:03,451][com.java.SeleniumDriver] [  847] - {Data Fields & Data Values Exist}
[INFO ][2015-11-09 12:13:03,451][com.java.SeleniumDriver] [  849] - --------------------------setting values-----------------------------
[INFO ][2015-11-09 12:13:03,451][com.java.SeleniumDriver] [  852] - Action Type : SelectFrame
[INFO ][2015-11-09 12:13:03,464][com.java.SeleniumDriver] [  861] -  RESULT true
[INFO ][2015-11-09 12:13:03,464][com.java.SeleniumDriver] [ 1066] - ?   P A S S   ?
[INFO ][2015-11-09 12:13:03,464][com.java.SeleniumDriver] [  788] - ------------------------------------------
[INFO ][2015-11-09 12:13:03,464][com.java.SeleniumDriver] [  789] - Test case being Executed: 7
[INFO ][2015-11-09 12:13:03,464][com.java.SeleniumDriver] [  800] - Test step:20
[INFO ][2015-11-09 12:13:03,464][com.java.SeleniumDriver] [  812] - Datavalue is----------5
[INFO ][2015-11-09 12:13:03,464][com.java.SeleniumDriver] [  836] - DataField : test
[INFO ][2015-11-09 12:13:03,464][com.java.SeleniumDriver] [  838] - DataValue : 5
[INFO ][2015-11-09 12:13:03,464][com.java.SeleniumDriver] [  844] - <In Set values of the page>
[INFO ][2015-11-09 12:13:03,464][com.java.SeleniumDriver] [  847] - {Data Fields & Data Values Exist}
[INFO ][2015-11-09 12:13:03,464][com.java.SeleniumDriver] [  849] - --------------------------setting values-----------------------------
[INFO ][2015-11-09 12:13:03,466][com.java.SeleniumDriver] [  852] - Action Type : WaitTime
[DEBUG][2015-11-09 12:13:03,466][com.java.TestType] [ 3911] - sleepTime: 5000
[INFO ][2015-11-09 12:13:08,467][com.java.SeleniumDriver] [  861] -  RESULT true
[INFO ][2015-11-09 12:13:08,467][com.java.SeleniumDriver] [ 1066] - ?   P A S S   ?
[INFO ][2015-11-09 12:13:08,467][com.java.SeleniumDriver] [  788] - ------------------------------------------
[INFO ][2015-11-09 12:13:08,467][com.java.SeleniumDriver] [  789] - Test case being Executed: 7
[INFO ][2015-11-09 12:13:08,467][com.java.SeleniumDriver] [  800] - Test step:21
[INFO ][2015-11-09 12:13:08,467][com.java.SeleniumDriver] [  812] - Datavalue is----------null
[DEBUG][2015-11-09 12:13:08,467][com.java.SeleniumDriver] [  830] - Exception: null
[INFO ][2015-11-09 12:13:08,467][com.java.SeleniumDriver] [  836] - DataField : XPH//span[contains(text(), 'Finished')]
[INFO ][2015-11-09 12:13:08,467][com.java.SeleniumDriver] [  838] - DataValue : 
[INFO ][2015-11-09 12:13:08,467][com.java.SeleniumDriver] [  844] - <In Set values of the page>
[INFO ][2015-11-09 12:13:08,467][com.java.SeleniumDriver] [  847] - {Data Fields & Data Values Exist}
[INFO ][2015-11-09 12:13:08,467][com.java.SeleniumDriver] [  849] - --------------------------setting values-----------------------------
[INFO ][2015-11-09 12:13:08,468][com.java.SeleniumDriver] [  852] - Action Type : Click
[INFO ][2015-11-09 12:13:08,468][com.java.TestType] [ 4388] - Field ::XPH//span[contains(text(), 'Finished')]
[INFO ][2015-11-09 12:13:09,468][com.java.TestType] [ 4447] - BEFORE CLICK
[INFO ][2015-11-09 12:13:10,499][com.java.TestType] [ 4455] - Unable to click the object Finished button
[INFO ][2015-11-09 12:13:10,499][com.java.SeleniumDriver] [  861] -  RESULT true
[INFO ][2015-11-09 12:13:10,499][com.java.SeleniumDriver] [ 1066] - ?   P A S S   ?
[INFO ][2015-11-09 12:13:10,499][com.java.SeleniumDriver] [  788] - ------------------------------------------
[INFO ][2015-11-09 12:13:10,499][com.java.SeleniumDriver] [  789] - Test case being Executed: 7
[INFO ][2015-11-09 12:13:10,500][com.java.SeleniumDriver] [  800] - Test step:22
[INFO ][2015-11-09 12:13:10,501][com.java.SeleniumDriver] [  812] - Datavalue is----------null
[DEBUG][2015-11-09 12:13:10,501][com.java.SeleniumDriver] [  830] - Exception: null
[INFO ][2015-11-09 12:13:10,501][com.java.SeleniumDriver] [  836] - DataField : XPH//span[contains(text(), 'Finished')]
[INFO ][2015-11-09 12:13:10,501][com.java.SeleniumDriver] [  838] - DataValue : 
[INFO ][2015-11-09 12:13:10,501][com.java.SeleniumDriver] [  844] - <In Set values of the page>
[INFO ][2015-11-09 12:13:10,501][com.java.SeleniumDriver] [  847] - {Data Fields & Data Values Exist}
[INFO ][2015-11-09 12:13:10,501][com.java.SeleniumDriver] [  849] - --------------------------setting values-----------------------------
[INFO ][2015-11-09 12:13:10,501][com.java.SeleniumDriver] [  852] - Action Type : WaitForElement
[INFO ][2015-11-09 12:13:10,534][com.java.SeleniumDriver] [  861] -  RESULT true
[INFO ][2015-11-09 12:13:10,534][com.java.SeleniumDriver] [ 1066] - ?   P A S S   ?
[INFO ][2015-11-09 12:13:10,534][com.java.SeleniumDriver] [  788] - ------------------------------------------
[INFO ][2015-11-09 12:13:10,534][com.java.SeleniumDriver] [  789] - Test case being Executed: 7
[INFO ][2015-11-09 12:13:10,534][com.java.SeleniumDriver] [  800] - Test step:23
[INFO ][2015-11-09 12:13:10,534][com.java.SeleniumDriver] [  812] - Datavalue is----------null
[DEBUG][2015-11-09 12:13:10,534][com.java.SeleniumDriver] [  830] - Exception: null
[INFO ][2015-11-09 12:13:10,534][com.java.SeleniumDriver] [  836] - DataField : BTNframeDialogContent
[INFO ][2015-11-09 12:13:10,534][com.java.SeleniumDriver] [  838] - DataValue : 
[INFO ][2015-11-09 12:13:10,535][com.java.SeleniumDriver] [  844] - <In Set values of the page>
[INFO ][2015-11-09 12:13:10,535][com.java.SeleniumDriver] [  847] - {Data Fields & Data Values Exist}
[INFO ][2015-11-09 12:13:10,535][com.java.SeleniumDriver] [  849] - --------------------------setting values-----------------------------
[INFO ][2015-11-09 12:13:10,535][com.java.SeleniumDriver] [  852] - Action Type : SelectFrame
[INFO ][2015-11-09 12:13:11,626][com.java.SeleniumDriver] [  861] -  RESULT true
[INFO ][2015-11-09 12:13:11,626][com.java.SeleniumDriver] [ 1066] - ?   P A S S   ?
[INFO ][2015-11-09 12:13:11,626][com.java.SeleniumDriver] [  788] - ------------------------------------------
[INFO ][2015-11-09 12:13:11,626][com.java.SeleniumDriver] [  789] - Test case being Executed: 7
[INFO ][2015-11-09 12:13:11,627][com.java.SeleniumDriver] [  800] - Test step:24
[INFO ][2015-11-09 12:13:11,627][com.java.SeleniumDriver] [  812] - Datavalue is----------null
[DEBUG][2015-11-09 12:13:11,627][com.java.SeleniumDriver] [  830] - Exception: null
[INFO ][2015-11-09 12:13:11,627][com.java.SeleniumDriver] [  836] - DataField : BTNchkGlobalPrivsUserAdmin
[INFO ][2015-11-09 12:13:11,627][com.java.SeleniumDriver] [  838] - DataValue : 
[INFO ][2015-11-09 12:13:11,627][com.java.SeleniumDriver] [  844] - <In Set values of the page>
[INFO ][2015-11-09 12:13:11,627][com.java.SeleniumDriver] [  847] - {Data Fields & Data Values Exist}
[INFO ][2015-11-09 12:13:11,627][com.java.SeleniumDriver] [  849] - --------------------------setting values-----------------------------
[INFO ][2015-11-09 12:13:11,627][com.java.SeleniumDriver] [  852] - Action Type : Click
[INFO ][2015-11-09 12:13:11,627][com.java.TestType] [ 4388] - Field ::BTNchkGlobalPrivsUserAdmin
[INFO ][2015-11-09 12:13:12,627][com.java.TestType] [ 4426] - BEFORE CLICK
[INFO ][2015-11-09 12:13:13,914][com.java.TestType] [ 4433] - Unable to click the object User Admin check box
[INFO ][2015-11-09 12:13:13,914][com.java.SeleniumDriver] [  861] -  RESULT true
[INFO ][2015-11-09 12:13:13,914][com.java.SeleniumDriver] [ 1066] - ?   P A S S   ?
[INFO ][2015-11-09 12:13:13,914][com.java.SeleniumDriver] [  788] - ------------------------------------------
[INFO ][2015-11-09 12:13:13,914][com.java.SeleniumDriver] [  789] - Test case being Executed: 7
[INFO ][2015-11-09 12:13:13,914][com.java.SeleniumDriver] [  800] - Test step:25
[INFO ][2015-11-09 12:13:13,914][com.java.SeleniumDriver] [  812] - Datavalue is----------null
[DEBUG][2015-11-09 12:13:13,914][com.java.SeleniumDriver] [  830] - Exception: null
[INFO ][2015-11-09 12:13:13,914][com.java.SeleniumDriver] [  836] - DataField : BTNrdoEnableEntity_Enable
[INFO ][2015-11-09 12:13:13,914][com.java.SeleniumDriver] [  838] - DataValue : 
[INFO ][2015-11-09 12:13:13,915][com.java.SeleniumDriver] [  844] - <In Set values of the page>
[INFO ][2015-11-09 12:13:13,915][com.java.SeleniumDriver] [  847] - {Data Fields & Data Values Exist}
[INFO ][2015-11-09 12:13:13,915][com.java.SeleniumDriver] [  849] - --------------------------setting values-----------------------------
[INFO ][2015-11-09 12:13:13,915][com.java.SeleniumDriver] [  852] - Action Type : Click
[INFO ][2015-11-09 12:13:13,915][com.java.TestType] [ 4388] - Field ::BTNrdoEnableEntity_Enable
[INFO ][2015-11-09 12:13:14,915][com.java.TestType] [ 4426] - BEFORE CLICK
[INFO ][2015-11-09 12:13:16,191][com.java.TestType] [ 4433] - Unable to click the object Enable radio button
[INFO ][2015-11-09 12:13:16,191][com.java.SeleniumDriver] [  861] -  RESULT true
[INFO ][2015-11-09 12:13:16,191][com.java.SeleniumDriver] [ 1066] - ?   P A S S   ?
[INFO ][2015-11-09 12:13:16,192][com.java.SeleniumDriver] [  788] - ------------------------------------------
[INFO ][2015-11-09 12:13:16,192][com.java.SeleniumDriver] [  789] - Test case being Executed: 7
[INFO ][2015-11-09 12:13:16,192][com.java.SeleniumDriver] [  800] - Test step:26
[INFO ][2015-11-09 12:13:16,192][com.java.SeleniumDriver] [  812] - Datavalue is----------null
[DEBUG][2015-11-09 12:13:16,192][com.java.SeleniumDriver] [  830] - Exception: null
[INFO ][2015-11-09 12:13:16,192][com.java.SeleniumDriver] [  836] - DataField : BTNchkProfitCenterAll
[INFO ][2015-11-09 12:13:16,192][com.java.SeleniumDriver] [  838] - DataValue : 
[INFO ][2015-11-09 12:13:16,192][com.java.SeleniumDriver] [  844] - <In Set values of the page>
[INFO ][2015-11-09 12:13:16,192][com.java.SeleniumDriver] [  847] - {Data Fields & Data Values Exist}
[INFO ][2015-11-09 12:13:16,192][com.java.SeleniumDriver] [  849] - --------------------------setting values-----------------------------
[INFO ][2015-11-09 12:13:16,192][com.java.SeleniumDriver] [  852] - Action Type : Click
[INFO ][2015-11-09 12:13:16,192][com.java.TestType] [ 4388] - Field ::BTNchkProfitCenterAll
[INFO ][2015-11-09 12:13:17,192][com.java.TestType] [ 4426] - BEFORE CLICK
[INFO ][2015-11-09 12:13:18,464][com.java.TestType] [ 4433] - Unable to click the object All Check box
[INFO ][2015-11-09 12:13:18,464][com.java.SeleniumDriver] [  861] -  RESULT true
[INFO ][2015-11-09 12:13:18,464][com.java.SeleniumDriver] [ 1066] - ?   P A S S   ?
[INFO ][2015-11-09 12:13:18,464][com.java.SeleniumDriver] [  788] - ------------------------------------------
[INFO ][2015-11-09 12:13:18,464][com.java.SeleniumDriver] [  789] - Test case being Executed: 7
[INFO ][2015-11-09 12:13:18,464][com.java.SeleniumDriver] [  800] - Test step:27
[INFO ][2015-11-09 12:13:18,465][com.java.SeleniumDriver] [  812] - Datavalue is----------null
[DEBUG][2015-11-09 12:13:18,465][com.java.SeleniumDriver] [  830] - Exception: null
[INFO ][2015-11-09 12:13:18,465][com.java.SeleniumDriver] [  836] - DataField : BTNchkPrivsAccessGL
[INFO ][2015-11-09 12:13:18,465][com.java.SeleniumDriver] [  838] - DataValue : 
[INFO ][2015-11-09 12:13:18,465][com.java.SeleniumDriver] [  844] - <In Set values of the page>
[INFO ][2015-11-09 12:13:18,465][com.java.SeleniumDriver] [  847] - {Data Fields & Data Values Exist}
[INFO ][2015-11-09 12:13:18,465][com.java.SeleniumDriver] [  849] - --------------------------setting values-----------------------------
[INFO ][2015-11-09 12:13:18,465][com.java.SeleniumDriver] [  852] - Action Type : Click
[INFO ][2015-11-09 12:13:18,465][com.java.TestType] [ 4388] - Field ::BTNchkPrivsAccessGL
[INFO ][2015-11-09 12:13:19,465][com.java.TestType] [ 4426] - BEFORE CLICK
[INFO ][2015-11-09 12:13:20,714][com.java.TestType] [ 4433] - Unable to click the object GL check box
[INFO ][2015-11-09 12:13:20,714][com.java.SeleniumDriver] [  861] -  RESULT true
[INFO ][2015-11-09 12:13:20,714][com.java.SeleniumDriver] [ 1066] - ?   P A S S   ?
[INFO ][2015-11-09 12:13:20,714][com.java.SeleniumDriver] [  788] - ------------------------------------------
[INFO ][2015-11-09 12:13:20,714][com.java.SeleniumDriver] [  789] - Test case being Executed: 7
[INFO ][2015-11-09 12:13:20,714][com.java.SeleniumDriver] [  800] - Test step:28
[INFO ][2015-11-09 12:13:20,714][com.java.SeleniumDriver] [  812] - Datavalue is----------null
[DEBUG][2015-11-09 12:13:20,714][com.java.SeleniumDriver] [  830] - Exception: null
[INFO ][2015-11-09 12:13:20,714][com.java.SeleniumDriver] [  836] - DataField : BTNparent
[INFO ][2015-11-09 12:13:20,714][com.java.SeleniumDriver] [  838] - DataValue : 
[INFO ][2015-11-09 12:13:20,714][com.java.SeleniumDriver] [  844] - <In Set values of the page>
[INFO ][2015-11-09 12:13:20,714][com.java.SeleniumDriver] [  847] - {Data Fields & Data Values Exist}
[INFO ][2015-11-09 12:13:20,715][com.java.SeleniumDriver] [  849] - --------------------------setting values-----------------------------
[INFO ][2015-11-09 12:13:20,715][com.java.SeleniumDriver] [  852] - Action Type : SelectFrame
[INFO ][2015-11-09 12:13:20,729][com.java.SeleniumDriver] [  861] -  RESULT true
[INFO ][2015-11-09 12:13:20,729][com.java.SeleniumDriver] [ 1066] - ?   P A S S   ?
[INFO ][2015-11-09 12:13:20,729][com.java.SeleniumDriver] [  788] - ------------------------------------------
[INFO ][2015-11-09 12:13:20,730][com.java.SeleniumDriver] [  789] - Test case being Executed: 7
[INFO ][2015-11-09 12:13:20,730][com.java.SeleniumDriver] [  800] - Test step:29
[INFO ][2015-11-09 12:13:20,730][com.java.SeleniumDriver] [  812] - Datavalue is----------5
[INFO ][2015-11-09 12:13:20,730][com.java.SeleniumDriver] [  836] - DataField : test
[INFO ][2015-11-09 12:13:20,730][com.java.SeleniumDriver] [  838] - DataValue : 5
[INFO ][2015-11-09 12:13:20,730][com.java.SeleniumDriver] [  844] - <In Set values of the page>
[INFO ][2015-11-09 12:13:20,730][com.java.SeleniumDriver] [  847] - {Data Fields & Data Values Exist}
[INFO ][2015-11-09 12:13:20,730][com.java.SeleniumDriver] [  849] - --------------------------setting values-----------------------------
[INFO ][2015-11-09 12:13:20,730][com.java.SeleniumDriver] [  852] - Action Type : WaitTime
[DEBUG][2015-11-09 12:13:20,730][com.java.TestType] [ 3911] - sleepTime: 5000
[INFO ][2015-11-09 12:13:25,730][com.java.SeleniumDriver] [  861] -  RESULT true
[INFO ][2015-11-09 12:13:25,730][com.java.SeleniumDriver] [ 1066] - ?   P A S S   ?
[INFO ][2015-11-09 12:13:25,730][com.java.SeleniumDriver] [  788] - ------------------------------------------
[INFO ][2015-11-09 12:13:25,730][com.java.SeleniumDriver] [  789] - Test case being Executed: 7
[INFO ][2015-11-09 12:13:25,730][com.java.SeleniumDriver] [  800] - Test step:30
[INFO ][2015-11-09 12:13:25,730][com.java.SeleniumDriver] [  812] - Datavalue is----------null
[DEBUG][2015-11-09 12:13:25,730][com.java.SeleniumDriver] [  830] - Exception: null
[INFO ][2015-11-09 12:13:25,730][com.java.SeleniumDriver] [  836] - DataField : XPH//span[contains(text(), 'Finished')]
[INFO ][2015-11-09 12:13:25,730][com.java.SeleniumDriver] [  838] - DataValue : 
[INFO ][2015-11-09 12:13:25,730][com.java.SeleniumDriver] [  844] - <In Set values of the page>
[INFO ][2015-11-09 12:13:25,730][com.java.SeleniumDriver] [  847] - {Data Fields & Data Values Exist}
[INFO ][2015-11-09 12:13:25,730][com.java.SeleniumDriver] [  849] - --------------------------setting values-----------------------------
[INFO ][2015-11-09 12:13:25,731][com.java.SeleniumDriver] [  852] - Action Type : Click
[INFO ][2015-11-09 12:13:25,731][com.java.TestType] [ 4388] - Field ::XPH//span[contains(text(), 'Finished')]
[INFO ][2015-11-09 12:13:26,731][com.java.TestType] [ 4447] - BEFORE CLICK
[INFO ][2015-11-09 12:13:30,774][com.java.TestType] [ 4455] - Unable to click the object Finished button
[INFO ][2015-11-09 12:13:30,774][com.java.SeleniumDriver] [  861] -  RESULT true
[INFO ][2015-11-09 12:13:30,774][com.java.SeleniumDriver] [ 1066] - ?   P A S S   ?
[INFO ][2015-11-09 12:13:30,774][com.java.SeleniumDriver] [  788] - ------------------------------------------
[INFO ][2015-11-09 12:13:30,774][com.java.SeleniumDriver] [  789] - Test case being Executed: 7
[INFO ][2015-11-09 12:13:30,774][com.java.SeleniumDriver] [  800] - Test step:31
[INFO ][2015-11-09 12:13:30,774][com.java.SeleniumDriver] [  812] - Datavalue is----------5
[INFO ][2015-11-09 12:13:30,774][com.java.SeleniumDriver] [  836] - DataField : BTNframeDialogContent
[INFO ][2015-11-09 12:13:30,774][com.java.SeleniumDriver] [  838] - DataValue : 5
[INFO ][2015-11-09 12:13:30,774][com.java.SeleniumDriver] [  844] - <In Set values of the page>
[INFO ][2015-11-09 12:13:30,774][com.java.SeleniumDriver] [  847] - {Data Fields & Data Values Exist}
[INFO ][2015-11-09 12:13:30,775][com.java.SeleniumDriver] [  849] - --------------------------setting values-----------------------------
[INFO ][2015-11-09 12:13:30,775][com.java.SeleniumDriver] [  852] - Action Type : WaitForElement
[INFO ][2015-11-09 12:13:32,002][com.java.SeleniumDriver] [  861] -  RESULT true
[INFO ][2015-11-09 12:13:32,002][com.java.SeleniumDriver] [ 1066] - ?   P A S S   ?
[INFO ][2015-11-09 12:13:32,002][com.java.SeleniumDriver] [  788] - ------------------------------------------
[INFO ][2015-11-09 12:13:32,002][com.java.SeleniumDriver] [  789] - Test case being Executed: 7
[INFO ][2015-11-09 12:13:32,002][com.java.SeleniumDriver] [  800] - Test step:32
[INFO ][2015-11-09 12:13:32,002][com.java.SeleniumDriver] [  812] - Datavalue is----------null
[DEBUG][2015-11-09 12:13:32,002][com.java.SeleniumDriver] [  830] - Exception: null
[INFO ][2015-11-09 12:13:32,003][com.java.SeleniumDriver] [  836] - DataField : BTNframeDialogContent
[INFO ][2015-11-09 12:13:32,003][com.java.SeleniumDriver] [  838] - DataValue : 
[INFO ][2015-11-09 12:13:32,003][com.java.SeleniumDriver] [  844] - <In Set values of the page>
[INFO ][2015-11-09 12:13:32,003][com.java.SeleniumDriver] [  847] - {Data Fields & Data Values Exist}
[INFO ][2015-11-09 12:13:32,003][com.java.SeleniumDriver] [  849] - --------------------------setting values-----------------------------
[INFO ][2015-11-09 12:13:32,003][com.java.SeleniumDriver] [  852] - Action Type : SelectFrame
[INFO ][2015-11-09 12:13:33,273][com.java.SeleniumDriver] [  861] -  RESULT true
[INFO ][2015-11-09 12:13:33,273][com.java.SeleniumDriver] [ 1066] - ?   P A S S   ?
[INFO ][2015-11-09 12:13:33,273][com.java.SeleniumDriver] [  788] - ------------------------------------------
[INFO ][2015-11-09 12:13:33,273][com.java.SeleniumDriver] [  789] - Test case being Executed: 7
[INFO ][2015-11-09 12:13:33,273][com.java.SeleniumDriver] [  800] - Test step:33
[INFO ][2015-11-09 12:13:33,273][com.java.SeleniumDriver] [  812] - Datavalue is----------null
[DEBUG][2015-11-09 12:13:33,273][com.java.SeleniumDriver] [  830] - Exception: null
[INFO ][2015-11-09 12:13:33,273][com.java.SeleniumDriver] [  836] - DataField : XPH//table[@id="tblUserListing"]//td[contains(text(),'vltest.robot')]
[INFO ][2015-11-09 12:13:33,274][com.java.SeleniumDriver] [  838] - DataValue : 
[INFO ][2015-11-09 12:13:33,274][com.java.SeleniumDriver] [  844] - <In Set values of the page>
[INFO ][2015-11-09 12:13:33,274][com.java.SeleniumDriver] [  847] - {Data Fields & Data Values Exist}
[INFO ][2015-11-09 12:13:33,274][com.java.SeleniumDriver] [  849] - --------------------------setting values-----------------------------
[INFO ][2015-11-09 12:13:33,274][com.java.SeleniumDriver] [  852] - Action Type : WaitForElement
[INFO ][2015-11-09 12:13:33,327][com.java.SeleniumDriver] [  861] -  RESULT true
[INFO ][2015-11-09 12:13:33,328][com.java.SeleniumDriver] [ 1066] - ?   P A S S   ?
[INFO ][2015-11-09 12:13:33,328][com.java.SeleniumDriver] [  788] - ------------------------------------------
[INFO ][2015-11-09 12:13:33,328][com.java.SeleniumDriver] [  789] - Test case being Executed: 7
[INFO ][2015-11-09 12:13:33,328][com.java.SeleniumDriver] [  800] - Test step:34
[INFO ][2015-11-09 12:13:33,328][com.java.SeleniumDriver] [  812] - Datavalue is----------dt:NewUserName
[INFO ][2015-11-09 12:13:33,328][com.java.SeleniumDriver] [  836] - DataField : USR
[INFO ][2015-11-09 12:13:33,328][com.java.SeleniumDriver] [  838] - DataValue : dt:NewUserName
[INFO ][2015-11-09 12:13:33,328][com.java.SeleniumDriver] [  844] - <In Set values of the page>
[INFO ][2015-11-09 12:13:33,328][com.java.SeleniumDriver] [  847] - {Data Fields & Data Values Exist}
[INFO ][2015-11-09 12:13:33,328][com.java.SeleniumDriver] [  849] - --------------------------setting values-----------------------------
[INFO ][2015-11-09 12:13:33,328][com.java.SeleniumDriver] [  852] - Action Type : Verify
[INFO ][2015-11-09 12:13:33,328][com.java.TestType] [ 5201] - field= USR value= dt:NewUserName
[INFO ][2015-11-09 12:13:33,328][com.java.TestType] [ 4075] - value = vltest.robot
[INFO ][2015-11-09 12:13:33,373][com.java.SeleniumDriver] [  861] -  RESULT true
[INFO ][2015-11-09 12:13:33,373][com.java.SeleniumDriver] [ 1066] - ?   P A S S   ?
[INFO ][2015-11-09 12:13:33,373][com.java.SeleniumDriver] [  788] - ------------------------------------------
[INFO ][2015-11-09 12:13:33,373][com.java.SeleniumDriver] [  789] - Test case being Executed: 7
[INFO ][2015-11-09 12:13:33,373][com.java.SeleniumDriver] [  800] - Test step:35
[INFO ][2015-11-09 12:13:33,373][com.java.SeleniumDriver] [  812] - Datavalue is----------Login_username
[INFO ][2015-11-09 12:13:33,373][com.java.SeleniumDriver] [  836] - DataField : XPH//table[@id="tblUserListing"]//td[contains(text(),'vltest.robot')]
[INFO ][2015-11-09 12:13:33,373][com.java.SeleniumDriver] [  838] - DataValue : Login_username
[INFO ][2015-11-09 12:13:33,373][com.java.SeleniumDriver] [  844] - <In Set values of the page>
[INFO ][2015-11-09 12:13:33,373][com.java.SeleniumDriver] [  847] - {Data Fields & Data Values Exist}
[INFO ][2015-11-09 12:13:33,373][com.java.SeleniumDriver] [  849] - --------------------------setting values-----------------------------
[INFO ][2015-11-09 12:13:33,373][com.java.SeleniumDriver] [  852] - Action Type : STOREVALUE
[INFO ][2015-11-09 12:13:33,374][com.java.TestType] [ 6135] - field= XPH//table[@id="tblUserListing"]//td[contains(text(),'vltest.robot')]
[DEBUG][2015-11-09 12:13:33,461][com.java.TestType] [ 6187] - Key:: Login_username   Value:: vltest.robot.00000
[INFO ][2015-11-09 12:13:33,461][com.java.SeleniumDriver] [  861] -  RESULT true
[INFO ][2015-11-09 12:13:33,461][com.java.SeleniumDriver] [ 1066] - ?   P A S S   ?
[INFO ][2015-11-09 12:13:33,461][com.java.SeleniumDriver] [  788] - ------------------------------------------
[INFO ][2015-11-09 12:13:33,461][com.java.SeleniumDriver] [  789] - Test case being Executed: 7
[INFO ][2015-11-09 12:13:33,461][com.java.SeleniumDriver] [  800] - Test step:36
[INFO ][2015-11-09 12:13:33,461][com.java.SeleniumDriver] [  812] - Datavalue is----------null
[DEBUG][2015-11-09 12:13:33,461][com.java.SeleniumDriver] [  830] - Exception: null
[INFO ][2015-11-09 12:13:33,461][com.java.SeleniumDriver] [  836] - DataField : BTNparent
[INFO ][2015-11-09 12:13:33,461][com.java.SeleniumDriver] [  838] - DataValue : 
[INFO ][2015-11-09 12:13:33,461][com.java.SeleniumDriver] [  844] - <In Set values of the page>
[INFO ][2015-11-09 12:13:33,461][com.java.SeleniumDriver] [  847] - {Data Fields & Data Values Exist}
[INFO ][2015-11-09 12:13:33,462][com.java.SeleniumDriver] [  849] - --------------------------setting values-----------------------------
[INFO ][2015-11-09 12:13:33,462][com.java.SeleniumDriver] [  852] - Action Type : SelectFrame
[INFO ][2015-11-09 12:13:33,473][com.java.SeleniumDriver] [  861] -  RESULT true
[INFO ][2015-11-09 12:13:33,474][com.java.SeleniumDriver] [ 1066] - ?   P A S S   ?
[INFO ][2015-11-09 12:13:33,474][com.java.SeleniumDriver] [  788] - ------------------------------------------
[INFO ][2015-11-09 12:13:33,474][com.java.SeleniumDriver] [  789] - Test case being Executed: 7
[INFO ][2015-11-09 12:13:33,474][com.java.SeleniumDriver] [  800] - Test step:37
[INFO ][2015-11-09 12:13:33,474][com.java.SeleniumDriver] [  812] - Datavalue is----------null
[DEBUG][2015-11-09 12:13:33,474][com.java.SeleniumDriver] [  830] - Exception: null
[INFO ][2015-11-09 12:13:33,474][com.java.SeleniumDriver] [  836] - DataField : XPH//span[contains(text(), 'Finished')]
[INFO ][2015-11-09 12:13:33,474][com.java.SeleniumDriver] [  838] - DataValue : 
[INFO ][2015-11-09 12:13:33,474][com.java.SeleniumDriver] [  844] - <In Set values of the page>
[INFO ][2015-11-09 12:13:33,474][com.java.SeleniumDriver] [  847] - {Data Fields & Data Values Exist}
[INFO ][2015-11-09 12:13:33,474][com.java.SeleniumDriver] [  849] - --------------------------setting values-----------------------------
[INFO ][2015-11-09 12:13:33,474][com.java.SeleniumDriver] [  852] - Action Type : Click
[INFO ][2015-11-09 12:13:33,474][com.java.TestType] [ 4388] - Field ::XPH//span[contains(text(), 'Finished')]
[INFO ][2015-11-09 12:13:34,475][com.java.TestType] [ 4447] - BEFORE CLICK
[INFO ][2015-11-09 12:13:35,729][com.java.TestType] [ 4455] - Unable to click the object Finished button
[INFO ][2015-11-09 12:13:35,729][com.java.SeleniumDriver] [  861] -  RESULT true
[INFO ][2015-11-09 12:13:35,729][com.java.SeleniumDriver] [ 1066] - ?   P A S S   ?
[INFO ][2015-11-09 12:13:35,729][com.java.SeleniumDriver] [  788] - ------------------------------------------
[INFO ][2015-11-09 12:13:35,729][com.java.SeleniumDriver] [  789] - Test case being Executed: 7
[INFO ][2015-11-09 12:13:35,729][com.java.SeleniumDriver] [  800] - Test step:38
[INFO ][2015-11-09 12:13:35,729][com.java.SeleniumDriver] [  812] - Datavalue is----------Concept#3:1-2
[INFO ][2015-11-09 12:13:35,729][com.java.SeleniumDriver] [  836] - DataField : test
[INFO ][2015-11-09 12:13:35,729][com.java.SeleniumDriver] [  838] - DataValue : Concept#3:1-2
[INFO ][2015-11-09 12:13:35,729][com.java.SeleniumDriver] [  844] - <In Set values of the page>
[INFO ][2015-11-09 12:13:35,729][com.java.SeleniumDriver] [  847] - {Data Fields & Data Values Exist}
[INFO ][2015-11-09 12:13:35,729][com.java.SeleniumDriver] [  849] - --------------------------setting values-----------------------------
[INFO ][2015-11-09 12:13:35,729][com.java.SeleniumDriver] [  852] - Action Type : ExecuteTestCase
[INFO ][2015-11-09 12:13:35,730][com.java.TestType] [  420] - The Concept sheet name is ---------- Concept
[INFO ][2015-11-09 12:13:35,730][com.java.TestType] [  423] - The Concept ID  is ---------- 3
[DEBUG][2015-11-09 12:13:35,730][com.java.TestType] [  427] - Steps being executted in the Concept are: 1:2
[INFO ][2015-11-09 12:13:35,730][com.java.TestType] [  434] - Test data details path ---------- D:\BankersDashboard\TestInputs\TestData.xls
[INFO ][2015-11-09 12:13:35,760][com.java.TestType] [  465] -  str(1) = 3
[INFO ][2015-11-09 12:13:35,760][com.java.TestType] [  468] - Test case Id is---3
[INFO ][2015-11-09 12:13:35,760][com.java.TestType] [  470] - 3
[INFO ][2015-11-09 12:13:35,760][com.java.TestType] [  465] -  str(2) = 1
[INFO ][2015-11-09 12:13:35,762][com.java.TestType] [  517] - row values are--------{1=com.java.Objects.TestDataDetails@33819a}
[INFO ][2015-11-09 12:13:35,762][com.java.TestType] [  465] -  str(1) = 3
[INFO ][2015-11-09 12:13:35,762][com.java.TestType] [  468] - Test case Id is---3
[INFO ][2015-11-09 12:13:35,762][com.java.TestType] [  470] - 3
[INFO ][2015-11-09 12:13:35,762][com.java.TestType] [  465] -  str(2) = 2
[INFO ][2015-11-09 12:13:35,763][com.java.TestType] [  517] - row values are--------{1=com.java.Objects.TestDataDetails@33819a, 2=com.java.Objects.TestDataDetails@1956b11}
[INFO ][2015-11-09 12:13:35,763][com.java.TestType] [ 8225] - Looping 1TCID = 3
[DEBUG][2015-11-09 12:13:35,763][com.java.TestType] [ 8266] - Concept ID:3 :: Step being Executed: 3::1
[INFO ][2015-11-09 12:13:35,763][com.java.TestType] [ 8304] - dataFields : test
[DEBUG][2015-11-09 12:13:35,763][com.java.TestType] [ 8310] - <In Set values of the page>
[DEBUG][2015-11-09 12:13:35,763][com.java.TestType] [ 8315] - {Data Fields & Data Values Exist}
[INFO ][2015-11-09 12:13:35,763][com.java.TestType] [ 8321] - --------------------------setting values-----------------------------
[INFO ][2015-11-09 12:13:35,763][com.java.TestType] [ 8324] - Action Type : Logout
[INFO ][2015-11-09 12:13:38,152][com.java.TestType] [ 4388] - Field ::CNF
[INFO ][2015-11-09 12:13:40,461][com.java.TestType] [ 4443] - Click the object confirmation
[INFO ][2015-11-09 12:13:40,461][com.java.TestType] [ 4444] - Unable to click the object confirmation
[DEBUG][2015-11-09 12:13:40,464][com.java.SeleniumDriver] [  425] - Hub ip address is-------172.17.68.34
[INFO ][2015-11-09 12:13:40,465][com.java.SeleniumDriver] [  451] - Grid URL:http://172.17.68.34:4444/wd/hub
[INFO ][2015-11-09 12:13:40,466][com.java.SeleniumDriver] [  452] - Capability:Capabilities [{platform=ANY, ensureCleanSession=true, ignoreProtectedModeSettings=true, acceptSslCerts=true, ignoreZoomSetting=true, browserName=internet explorer, browserstack.ie.noFlash=true, version=Node1}]
[ERROR][2015-11-09 12:13:41,470][com.java.SeleniumDriver] [  496] - Unable invoke browser in grid:Could not start a new session. Possible causes are invalid address of the remote server or browser start-up failure.
Build info: version: '2.48.2', revision: '41bccdd', time: '2015-10-09 19:59:12'
System info: host: 'FVTIII438F1D', ip: '172.17.68.34', os.name: 'Windows 7', os.arch: 'x86', os.version: '6.1', java.version: '1.7.0_55'
Driver info: driver.version: SeleniumDriver
[INFO ][2015-11-09 12:13:41,471][com.java.SeleniumDriver] [  498] - Executing on local machine
[INFO ][2015-11-09 12:13:50,549][com.java.TestType] [ 8343] -  RESULT true
[INFO ][2015-11-09 12:13:50,549][com.java.TestType] [ 8460] - ?   P A S S   ?
[DEBUG][2015-11-09 12:13:50,549][com.java.TestType] [ 8266] - Concept ID:3 :: Step being Executed: 3::2
[INFO ][2015-11-09 12:13:50,549][com.java.TestType] [ 8304] - dataFields : test
[DEBUG][2015-11-09 12:13:50,549][com.java.TestType] [ 8310] - <In Set values of the page>
[DEBUG][2015-11-09 12:13:50,549][com.java.TestType] [ 8315] - {Data Fields & Data Values Exist}
[INFO ][2015-11-09 12:13:50,549][com.java.TestType] [ 8321] - --------------------------setting values-----------------------------
[INFO ][2015-11-09 12:13:50,549][com.java.TestType] [ 8324] - Action Type : WaitTime
[DEBUG][2015-11-09 12:13:50,549][com.java.TestType] [ 3911] - sleepTime: 2000
[INFO ][2015-11-09 12:13:52,549][com.java.TestType] [ 8343] -  RESULT true
[INFO ][2015-11-09 12:13:52,549][com.java.TestType] [ 8460] - ?   P A S S   ?
[INFO ][2015-11-09 12:13:52,549][com.java.TestType] [ 8531] - Looping End......
[INFO ][2015-11-09 12:13:52,553][com.java.SeleniumDriver] [  861] -  RESULT true
[INFO ][2015-11-09 12:13:52,553][com.java.SeleniumDriver] [ 1066] - ?   P A S S   ?
[INFO ][2015-11-09 12:13:52,553][com.java.SeleniumDriver] [  788] - ------------------------------------------
[INFO ][2015-11-09 12:13:52,553][com.java.SeleniumDriver] [  789] - Test case being Executed: 7
[INFO ][2015-11-09 12:13:52,553][com.java.SeleniumDriver] [  800] - Test step:39
[INFO ][2015-11-09 12:13:52,553][com.java.SeleniumDriver] [  812] - Datavalue is----------HMVLogin_username
[INFO ][2015-11-09 12:13:52,553][com.java.SeleniumDriver] [  836] - DataField : TXTusername
[INFO ][2015-11-09 12:13:52,554][com.java.SeleniumDriver] [  838] - DataValue : HMVLogin_username
[INFO ][2015-11-09 12:13:52,554][com.java.SeleniumDriver] [  844] - <In Set values of the page>
[INFO ][2015-11-09 12:13:52,554][com.java.SeleniumDriver] [  847] - {Data Fields & Data Values Exist}
[INFO ][2015-11-09 12:13:52,554][com.java.SeleniumDriver] [  849] - --------------------------setting values-----------------------------
[INFO ][2015-11-09 12:13:52,554][com.java.SeleniumDriver] [  852] - Action Type : CLEARANDENTER
[INFO ][2015-11-09 12:13:52,554][com.java.TestType] [ 4075] - value = vltest.robot.00000
[INFO ][2015-11-09 12:13:57,371][com.java.SeleniumDriver] [  861] -  RESULT true
[INFO ][2015-11-09 12:13:57,371][com.java.SeleniumDriver] [ 1066] - ?   P A S S   ?
[INFO ][2015-11-09 12:13:57,371][com.java.SeleniumDriver] [  788] - ------------------------------------------
[INFO ][2015-11-09 12:13:57,371][com.java.SeleniumDriver] [  789] - Test case being Executed: 7
[INFO ][2015-11-09 12:13:57,371][com.java.SeleniumDriver] [  800] - Test step:40
[INFO ][2015-11-09 12:13:57,371][com.java.SeleniumDriver] [  812] - Datavalue is----------dt:NewUserPswd
[INFO ][2015-11-09 12:13:57,371][com.java.SeleniumDriver] [  836] - DataField : TXTpassword
[INFO ][2015-11-09 12:13:57,371][com.java.SeleniumDriver] [  838] - DataValue : dt:NewUserPswd
[INFO ][2015-11-09 12:13:57,371][com.java.SeleniumDriver] [  844] - <In Set values of the page>
[INFO ][2015-11-09 12:13:57,371][com.java.SeleniumDriver] [  847] - {Data Fields & Data Values Exist}
[INFO ][2015-11-09 12:13:57,371][com.java.SeleniumDriver] [  849] - --------------------------setting values-----------------------------
[INFO ][2015-11-09 12:13:57,372][com.java.SeleniumDriver] [  852] - Action Type : CLEARANDENTER
[INFO ][2015-11-09 12:13:57,372][com.java.TestType] [ 4075] - value = Password1*
[INFO ][2015-11-09 12:14:02,293][com.java.SeleniumDriver] [  861] -  RESULT true
[INFO ][2015-11-09 12:14:02,293][com.java.SeleniumDriver] [ 1066] - ?   P A S S   ?
[INFO ][2015-11-09 12:14:02,293][com.java.SeleniumDriver] [  788] - ------------------------------------------
[INFO ][2015-11-09 12:14:02,293][com.java.SeleniumDriver] [  789] - Test case being Executed: 7
[INFO ][2015-11-09 12:14:02,293][com.java.SeleniumDriver] [  800] - Test step:41
[INFO ][2015-11-09 12:14:02,293][com.java.SeleniumDriver] [  812] - Datavalue is----------null
[DEBUG][2015-11-09 12:14:02,293][com.java.SeleniumDriver] [  830] - Exception: null
[INFO ][2015-11-09 12:14:02,293][com.java.SeleniumDriver] [  836] - DataField : XPH//button[@type='submit']
[INFO ][2015-11-09 12:14:02,293][com.java.SeleniumDriver] [  838] - DataValue : 
[INFO ][2015-11-09 12:14:02,293][com.java.SeleniumDriver] [  844] - <In Set values of the page>
[INFO ][2015-11-09 12:14:02,293][com.java.SeleniumDriver] [  847] - {Data Fields & Data Values Exist}
[INFO ][2015-11-09 12:14:02,294][com.java.SeleniumDriver] [  849] - --------------------------setting values-----------------------------
[INFO ][2015-11-09 12:14:02,294][com.java.SeleniumDriver] [  852] - Action Type : Click
[INFO ][2015-11-09 12:14:02,294][com.java.TestType] [ 4388] - Field ::XPH//button[@type='submit']
[INFO ][2015-11-09 12:14:03,294][com.java.TestType] [ 4447] - BEFORE CLICK
[INFO ][2015-11-09 12:14:04,145][com.java.TestType] [ 4455] - Unable to click the object Login
[INFO ][2015-11-09 12:14:04,145][com.java.SeleniumDriver] [  861] -  RESULT true
[INFO ][2015-11-09 12:14:04,145][com.java.SeleniumDriver] [ 1066] - ?   P A S S   ?
[INFO ][2015-11-09 12:14:04,145][com.java.SeleniumDriver] [  788] - ------------------------------------------
[INFO ][2015-11-09 12:14:04,145][com.java.SeleniumDriver] [  789] - Test case being Executed: 7
[INFO ][2015-11-09 12:14:04,145][com.java.SeleniumDriver] [  800] - Test step:42
[INFO ][2015-11-09 12:14:04,145][com.java.SeleniumDriver] [  812] - Datavalue is----------null
[DEBUG][2015-11-09 12:14:04,145][com.java.SeleniumDriver] [  830] - Exception: null
[INFO ][2015-11-09 12:14:04,145][com.java.SeleniumDriver] [  836] - DataField : test
[INFO ][2015-11-09 12:14:04,145][com.java.SeleniumDriver] [  838] - DataValue : 
[INFO ][2015-11-09 12:14:04,145][com.java.SeleniumDriver] [  844] - <In Set values of the page>
[INFO ][2015-11-09 12:14:04,145][com.java.SeleniumDriver] [  847] - {Data Fields & Data Values Exist}
[INFO ][2015-11-09 12:14:04,146][com.java.SeleniumDriver] [  849] - --------------------------setting values-----------------------------
[INFO ][2015-11-09 12:14:04,146][com.java.SeleniumDriver] [  852] - Action Type : WaitTime
[DEBUG][2015-11-09 12:14:04,146][com.java.TestType] [ 3911] - sleepTime: 10000
[INFO ][2015-11-09 12:14:14,147][com.java.SeleniumDriver] [  861] -  RESULT true
[INFO ][2015-11-09 12:14:14,147][com.java.SeleniumDriver] [ 1066] - ?   P A S S   ?
[INFO ][2015-11-09 12:14:14,147][com.java.SeleniumDriver] [  788] - ------------------------------------------
[INFO ][2015-11-09 12:14:14,147][com.java.SeleniumDriver] [  789] - Test case being Executed: 7
[INFO ][2015-11-09 12:14:14,147][com.java.SeleniumDriver] [  800] - Test step:43
[INFO ][2015-11-09 12:14:14,147][com.java.SeleniumDriver] [  812] - Datavalue is----------Banker'sDashboard
[INFO ][2015-11-09 12:14:14,147][com.java.SeleniumDriver] [  836] - DataField : TTL
[INFO ][2015-11-09 12:14:14,147][com.java.SeleniumDriver] [  838] - DataValue : Banker'sDashboard
[INFO ][2015-11-09 12:14:14,147][com.java.SeleniumDriver] [  844] - <In Set values of the page>
[INFO ][2015-11-09 12:14:14,147][com.java.SeleniumDriver] [  847] - {Data Fields & Data Values Exist}
[INFO ][2015-11-09 12:14:14,147][com.java.SeleniumDriver] [  849] - --------------------------setting values-----------------------------
[INFO ][2015-11-09 12:14:14,147][com.java.SeleniumDriver] [  852] - Action Type : SelectWindow
[INFO ][2015-11-09 12:14:26,725][com.java.SeleniumDriver] [  861] -  RESULT true
[INFO ][2015-11-09 12:14:26,725][com.java.SeleniumDriver] [ 1066] - ?   P A S S   ?
[INFO ][2015-11-09 12:14:26,725][com.java.SeleniumDriver] [  788] - ------------------------------------------
[INFO ][2015-11-09 12:14:26,725][com.java.SeleniumDriver] [  789] - Test case being Executed: 7
[INFO ][2015-11-09 12:14:26,725][com.java.SeleniumDriver] [  800] - Test step:44
[INFO ][2015-11-09 12:14:26,725][com.java.SeleniumDriver] [  812] - Datavalue is----------20
[INFO ][2015-11-09 12:14:26,725][com.java.SeleniumDriver] [  836] - DataField : test
[INFO ][2015-11-09 12:14:26,725][com.java.SeleniumDriver] [  838] - DataValue : 20
[INFO ][2015-11-09 12:14:26,725][com.java.SeleniumDriver] [  844] - <In Set values of the page>
[INFO ][2015-11-09 12:14:26,725][com.java.SeleniumDriver] [  847] - {Data Fields & Data Values Exist}
[INFO ][2015-11-09 12:14:26,726][com.java.SeleniumDriver] [  849] - --------------------------setting values-----------------------------
[INFO ][2015-11-09 12:14:26,726][com.java.SeleniumDriver] [  852] - Action Type : WaitTime
[DEBUG][2015-11-09 12:14:26,726][com.java.TestType] [ 3911] - sleepTime: 20000
[INFO ][2015-11-09 12:14:46,727][com.java.SeleniumDriver] [  861] -  RESULT true
[INFO ][2015-11-09 12:14:46,727][com.java.SeleniumDriver] [ 1066] - ?   P A S S   ?
[INFO ][2015-11-09 12:14:46,727][com.java.SeleniumDriver] [  788] - ------------------------------------------
[INFO ][2015-11-09 12:14:46,727][com.java.SeleniumDriver] [  789] - Test case being Executed: 7
[INFO ][2015-11-09 12:14:46,727][com.java.SeleniumDriver] [  800] - Test step:45
[INFO ][2015-11-09 12:14:46,727][com.java.SeleniumDriver] [  812] - Datavalue is----------null
[DEBUG][2015-11-09 12:14:46,727][com.java.SeleniumDriver] [  830] - Exception: null
[INFO ][2015-11-09 12:14:46,727][com.java.SeleniumDriver] [  836] - DataField : //span[@class='icon-cog2']&&//a[@data-id="UserSettings"]
[INFO ][2015-11-09 12:14:46,727][com.java.SeleniumDriver] [  838] - DataValue : 
[INFO ][2015-11-09 12:14:46,727][com.java.SeleniumDriver] [  844] - <In Set values of the page>
[INFO ][2015-11-09 12:14:46,727][com.java.SeleniumDriver] [  847] - {Data Fields & Data Values Exist}
[INFO ][2015-11-09 12:14:46,727][com.java.SeleniumDriver] [  849] - --------------------------setting values-----------------------------
[INFO ][2015-11-09 12:14:46,728][com.java.SeleniumDriver] [  852] - Action Type : MouseOver
[INFO ][2015-11-09 12:14:58,268][com.java.SeleniumDriver] [  861] -  RESULT true
[INFO ][2015-11-09 12:14:58,269][com.java.SeleniumDriver] [ 1066] - ?   P A S S   ?
[INFO ][2015-11-09 12:14:58,269][com.java.SeleniumDriver] [  788] - ------------------------------------------
[INFO ][2015-11-09 12:14:58,269][com.java.SeleniumDriver] [  789] - Test case being Executed: 7
[INFO ][2015-11-09 12:14:58,269][com.java.SeleniumDriver] [  800] - Test step:46
[INFO ][2015-11-09 12:14:58,269][com.java.SeleniumDriver] [  812] - Datavalue is----------null
[DEBUG][2015-11-09 12:14:58,269][com.java.SeleniumDriver] [  830] - Exception: null
[INFO ][2015-11-09 12:14:58,269][com.java.SeleniumDriver] [  836] - DataField : BTNframeDialogContent
[INFO ][2015-11-09 12:14:58,269][com.java.SeleniumDriver] [  838] - DataValue : 
[INFO ][2015-11-09 12:14:58,269][com.java.SeleniumDriver] [  844] - <In Set values of the page>
[INFO ][2015-11-09 12:14:58,269][com.java.SeleniumDriver] [  847] - {Data Fields & Data Values Exist}
[INFO ][2015-11-09 12:14:58,269][com.java.SeleniumDriver] [  849] - --------------------------setting values-----------------------------
[INFO ][2015-11-09 12:14:58,269][com.java.SeleniumDriver] [  852] - Action Type : WaitForElement
[INFO ][2015-11-09 12:14:59,463][com.java.SeleniumDriver] [  861] -  RESULT true
[INFO ][2015-11-09 12:14:59,463][com.java.SeleniumDriver] [ 1066] - ?   P A S S   ?
[INFO ][2015-11-09 12:14:59,463][com.java.SeleniumDriver] [  788] - ------------------------------------------
[INFO ][2015-11-09 12:14:59,463][com.java.SeleniumDriver] [  789] - Test case being Executed: 7
[INFO ][2015-11-09 12:14:59,463][com.java.SeleniumDriver] [  800] - Test step:47
[INFO ][2015-11-09 12:14:59,463][com.java.SeleniumDriver] [  812] - Datavalue is----------frameDialogContent
[INFO ][2015-11-09 12:14:59,463][com.java.SeleniumDriver] [  836] - DataField : BTN
[INFO ][2015-11-09 12:14:59,463][com.java.SeleniumDriver] [  838] - DataValue : frameDialogContent
[INFO ][2015-11-09 12:14:59,463][com.java.SeleniumDriver] [  844] - <In Set values of the page>
[INFO ][2015-11-09 12:14:59,463][com.java.SeleniumDriver] [  847] - {Data Fields & Data Values Exist}
[INFO ][2015-11-09 12:14:59,464][com.java.SeleniumDriver] [  849] - --------------------------setting values-----------------------------
[INFO ][2015-11-09 12:14:59,464][com.java.SeleniumDriver] [  852] - Action Type : SELECTFRAMEBYNAME
[INFO ][2015-11-09 12:14:59,464][com.java.TestType] [ 4075] - value = frameDialogContent
[INFO ][2015-11-09 12:14:59,530][com.java.SeleniumDriver] [  861] -  RESULT true
[INFO ][2015-11-09 12:14:59,530][com.java.SeleniumDriver] [ 1066] - ?   P A S S   ?
[INFO ][2015-11-09 12:14:59,530][com.java.SeleniumDriver] [  788] - ------------------------------------------
[INFO ][2015-11-09 12:14:59,530][com.java.SeleniumDriver] [  789] - Test case being Executed: 7
[INFO ][2015-11-09 12:14:59,530][com.java.SeleniumDriver] [  800] - Test step:48
[INFO ][2015-11-09 12:14:59,530][com.java.SeleniumDriver] [  812] - Datavalue is----------No
[INFO ][2015-11-09 12:14:59,530][com.java.SeleniumDriver] [  836] - DataField : SLBddlOpenBDInNewWindow
[INFO ][2015-11-09 12:14:59,530][com.java.SeleniumDriver] [  838] - DataValue : No
[INFO ][2015-11-09 12:14:59,530][com.java.SeleniumDriver] [  844] - <In Set values of the page>
[INFO ][2015-11-09 12:14:59,530][com.java.SeleniumDriver] [  847] - {Data Fields & Data Values Exist}
[INFO ][2015-11-09 12:14:59,530][com.java.SeleniumDriver] [  849] - --------------------------setting values-----------------------------
[INFO ][2015-11-09 12:14:59,530][com.java.SeleniumDriver] [  852] - Action Type : Select
[INFO ][2015-11-09 12:14:59,531][com.java.TestType] [ 4075] - value = No
[INFO ][2015-11-09 12:15:01,797][com.java.SeleniumDriver] [  861] -  RESULT true
[INFO ][2015-11-09 12:15:01,797][com.java.SeleniumDriver] [ 1066] - ?   P A S S   ?
[INFO ][2015-11-09 12:15:01,797][com.java.SeleniumDriver] [  788] - ------------------------------------------
[INFO ][2015-11-09 12:15:01,797][com.java.SeleniumDriver] [  789] - Test case being Executed: 7
[INFO ][2015-11-09 12:15:01,797][com.java.SeleniumDriver] [  800] - Test step:49
[INFO ][2015-11-09 12:15:01,797][com.java.SeleniumDriver] [  812] - Datavalue is----------null
[DEBUG][2015-11-09 12:15:01,797][com.java.SeleniumDriver] [  830] - Exception: null
[INFO ][2015-11-09 12:15:01,797][com.java.SeleniumDriver] [  836] - DataField : BTNparent
[INFO ][2015-11-09 12:15:01,797][com.java.SeleniumDriver] [  838] - DataValue : 
[INFO ][2015-11-09 12:15:01,798][com.java.SeleniumDriver] [  844] - <In Set values of the page>
[INFO ][2015-11-09 12:15:01,798][com.java.SeleniumDriver] [  847] - {Data Fields & Data Values Exist}
[INFO ][2015-11-09 12:15:01,798][com.java.SeleniumDriver] [  849] - --------------------------setting values-----------------------------
[INFO ][2015-11-09 12:15:01,798][com.java.SeleniumDriver] [  852] - Action Type : SELECTFRAME
[INFO ][2015-11-09 12:15:01,811][com.java.SeleniumDriver] [  861] -  RESULT true
[INFO ][2015-11-09 12:15:01,811][com.java.SeleniumDriver] [ 1066] - ?   P A S S   ?
[INFO ][2015-11-09 12:15:01,811][com.java.SeleniumDriver] [  788] - ------------------------------------------
[INFO ][2015-11-09 12:15:01,811][com.java.SeleniumDriver] [  789] - Test case being Executed: 7
[INFO ][2015-11-09 12:15:01,811][com.java.SeleniumDriver] [  800] - Test step:50
[INFO ][2015-11-09 12:15:01,811][com.java.SeleniumDriver] [  812] - Datavalue is----------null
[DEBUG][2015-11-09 12:15:01,811][com.java.SeleniumDriver] [  830] - Exception: null
[INFO ][2015-11-09 12:15:01,811][com.java.SeleniumDriver] [  836] - DataField : BTN//span[text()='Finished']
[INFO ][2015-11-09 12:15:01,811][com.java.SeleniumDriver] [  838] - DataValue : 
[INFO ][2015-11-09 12:15:01,811][com.java.SeleniumDriver] [  844] - <In Set values of the page>
[INFO ][2015-11-09 12:15:01,811][com.java.SeleniumDriver] [  847] - {Data Fields & Data Values Exist}
[INFO ][2015-11-09 12:15:01,811][com.java.SeleniumDriver] [  849] - --------------------------setting values-----------------------------
[INFO ][2015-11-09 12:15:01,811][com.java.SeleniumDriver] [  852] - Action Type : Click
[INFO ][2015-11-09 12:15:01,812][com.java.TestType] [ 4388] - Field ::BTN//span[text()='Finished']
[INFO ][2015-11-09 12:15:02,812][com.java.TestType] [ 4426] - BEFORE CLICK
[INFO ][2015-11-09 12:15:03,122][com.java.TestType] [ 4433] - Unable to click the object Finished button
[INFO ][2015-11-09 12:15:03,122][com.java.SeleniumDriver] [  861] -  RESULT true
[INFO ][2015-11-09 12:15:03,122][com.java.SeleniumDriver] [ 1066] - ?   P A S S   ?
[INFO ][2015-11-09 12:15:03,122][com.java.SeleniumDriver] [  788] - ------------------------------------------
[INFO ][2015-11-09 12:15:03,122][com.java.SeleniumDriver] [  789] - Test case being Executed: 7
[INFO ][2015-11-09 12:15:03,122][com.java.SeleniumDriver] [  800] - Test step:51
[INFO ][2015-11-09 12:15:03,122][com.java.SeleniumDriver] [  812] - Datavalue is----------Logout
[INFO ][2015-11-09 12:15:03,122][com.java.SeleniumDriver] [  836] - DataField : LNK
[INFO ][2015-11-09 12:15:03,122][com.java.SeleniumDriver] [  838] - DataValue : Logout
[INFO ][2015-11-09 12:15:03,122][com.java.SeleniumDriver] [  844] - <In Set values of the page>
[INFO ][2015-11-09 12:15:03,122][com.java.SeleniumDriver] [  847] - {Data Fields & Data Values Exist}
[INFO ][2015-11-09 12:15:03,122][com.java.SeleniumDriver] [  849] - --------------------------setting values-----------------------------
[INFO ][2015-11-09 12:15:03,122][com.java.SeleniumDriver] [  852] - Action Type : Verify
[INFO ][2015-11-09 12:15:03,123][com.java.TestType] [ 5201] - field= LNK value= Logout
[INFO ][2015-11-09 12:15:03,123][com.java.TestType] [ 4075] - value = Logout
[INFO ][2015-11-09 12:15:03,207][com.java.SeleniumDriver] [  861] -  RESULT true
[INFO ][2015-11-09 12:15:03,207][com.java.SeleniumDriver] [ 1066] - ?   P A S S   ?
[INFO ][2015-11-09 12:15:03,207][com.java.SeleniumDriver] [  788] - ------------------------------------------
[INFO ][2015-11-09 12:15:03,207][com.java.SeleniumDriver] [  789] - Test case being Executed: 7
[INFO ][2015-11-09 12:15:03,207][com.java.SeleniumDriver] [  800] - Test step:52
[INFO ][2015-11-09 12:15:03,207][com.java.SeleniumDriver] [  812] - Datavalue is----------//img[contains(@src,'bdlogo.jpg')]
[INFO ][2015-11-09 12:15:03,207][com.java.SeleniumDriver] [  836] - DataField : BTN
[INFO ][2015-11-09 12:15:03,207][com.java.SeleniumDriver] [  838] - DataValue : //img[contains(@src,'bdlogo.jpg')]
[INFO ][2015-11-09 12:15:03,207][com.java.SeleniumDriver] [  844] - <In Set values of the page>
[INFO ][2015-11-09 12:15:03,207][com.java.SeleniumDriver] [  847] - {Data Fields & Data Values Exist}
[INFO ][2015-11-09 12:15:03,207][com.java.SeleniumDriver] [  849] - --------------------------setting values-----------------------------
[INFO ][2015-11-09 12:15:03,207][com.java.SeleniumDriver] [  852] - Action Type : Verify
[INFO ][2015-11-09 12:15:03,207][com.java.TestType] [ 5201] - field= BTN value= //img[contains(@src,'bdlogo.jpg')]
[INFO ][2015-11-09 12:15:03,208][com.java.TestType] [ 4075] - value = //img[contains(@src,'bdlogo.jpg')]
[INFO ][2015-11-09 12:15:03,370][com.java.SeleniumDriver] [  861] -  RESULT true
[INFO ][2015-11-09 12:15:03,370][com.java.SeleniumDriver] [ 1066] - ?   P A S S   ?
[INFO ][2015-11-09 12:15:03,370][com.java.SeleniumDriver] [  788] - ------------------------------------------
[INFO ][2015-11-09 12:15:03,370][com.java.SeleniumDriver] [  789] - Test case being Executed: 7
[INFO ][2015-11-09 12:15:03,370][com.java.SeleniumDriver] [  800] - Test step:53
[INFO ][2015-11-09 12:15:03,370][com.java.SeleniumDriver] [  812] - Datavalue is----------null
[DEBUG][2015-11-09 12:15:03,370][com.java.SeleniumDriver] [  830] - Exception: null
[INFO ][2015-11-09 12:15:03,371][com.java.SeleniumDriver] [  836] - DataField : null
[INFO ][2015-11-09 12:15:03,371][com.java.SeleniumDriver] [  838] - DataValue : 
[INFO ][2015-11-09 12:15:03,371][com.java.SeleniumDriver] [  844] - <In Set values of the page>
[INFO ][2015-11-09 12:15:03,371][com.java.SeleniumDriver] [  847] - {Data Fields & Data Values Exist}
[INFO ][2015-11-09 12:15:03,371][com.java.SeleniumDriver] [  849] - --------------------------setting values-----------------------------
[INFO ][2015-11-09 12:15:03,371][com.java.SeleniumDriver] [  852] - Action Type : OPENNEWBROWSER
[DEBUG][2015-11-09 12:15:08,725][com.java.SeleniumDriver] [  425] - Hub ip address is-------172.17.68.34
[INFO ][2015-11-09 12:15:08,725][com.java.SeleniumDriver] [  451] - Grid URL:http://172.17.68.34:4444/wd/hub
[INFO ][2015-11-09 12:15:08,725][com.java.SeleniumDriver] [  452] - Capability:Capabilities [{platform=ANY, ensureCleanSession=true, ignoreProtectedModeSettings=true, acceptSslCerts=true, ignoreZoomSetting=true, browserName=internet explorer, browserstack.ie.noFlash=true, version=Node1}]
[ERROR][2015-11-09 12:15:09,727][com.java.SeleniumDriver] [  496] - Unable invoke browser in grid:Could not start a new session. Possible causes are invalid address of the remote server or browser start-up failure.
Build info: version: '2.48.2', revision: '41bccdd', time: '2015-10-09 19:59:12'
System info: host: 'FVTIII438F1D', ip: '172.17.68.34', os.name: 'Windows 7', os.arch: 'x86', os.version: '6.1', java.version: '1.7.0_55'
Driver info: driver.version: SeleniumDriver
[INFO ][2015-11-09 12:15:09,728][com.java.SeleniumDriver] [  498] - Executing on local machine
