[INFO ][2016-01-14 11:58:05,768][com.java.SeleniumDriver] [  213] - Execute Failed Casesfalse
[INFO ][2016-01-14 11:58:05,768][com.java.SeleniumDriver] [  214] - Browser: IE10
[INFO ][2016-01-14 11:58:05,768][com.java.SeleniumDriver] [  215] - [1, 12]
[INFO ][2016-01-14 11:58:05,769][com.java.SeleniumDriver] [  216] - Total TestCases:2
[INFO ][2016-01-14 11:58:05,769][com.java.SeleniumDriver] [  217] -  Reading Properties from Property File 
[DEBUG][2016-01-14 11:58:05,769][com.java.SeleniumDriver] [  238] - url : https://clients-xuat.bankersdashboard.com
[INFO ][2016-01-14 11:58:05,770][com.java.ImportnExport.ExportTestResultsExcel] [  116] - Time Stamp Thu Jan 14 11:58:05 IST 2016
[INFO ][2016-01-14 11:58:05,770][com.java.ImportnExport.ExportTestResultsExcel] [  175] - OUT FILE : D:\BankersDashboard/TestReports/Test Results_BankersDashBoard_011416_115805_IE10_Any Bank USA.xls
[INFO ][2016-01-14 11:58:05,801][com.java.ImportnExport.ExportTestResultsExcel] [  180] - Test Result file is created
[DEBUG][2016-01-14 11:58:05,908][com.java.SeleniumDriver] [  426] - Hub ip address is-------172.17.68.34
[INFO ][2016-01-14 11:58:05,909][com.java.SeleniumDriver] [  452] - Grid URL:http://172.17.68.34:4444/wd/hub
[INFO ][2016-01-14 11:58:05,909][com.java.SeleniumDriver] [  453] - Capability:Capabilities [{platform=ANY, ensureCleanSession=true, ignoreProtectedModeSettings=true, acceptSslCerts=true, ignoreZoomSetting=true, browserName=internet explorer, browserstack.ie.noFlash=true, version=null}]
[ERROR][2016-01-14 11:58:07,238][com.java.SeleniumDriver] [  498] - Unable invoke browser in grid:Could not start a new session. Possible causes are invalid address of the remote server or browser start-up failure.
Build info: version: '2.48.2', revision: '41bccdd', time: '2015-10-09 19:59:12'
System info: host: 'FVTIII438F1D', ip: '172.17.68.34', os.name: 'Windows 7', os.arch: 'x86', os.version: '6.1', java.version: '1.7.0_55'
Driver info: driver.version: SeleniumDriver
[INFO ][2016-01-14 11:58:07,238][com.java.SeleniumDriver] [  500] - Executing on local machine
[INFO ][2016-01-14 11:58:18,725][com.java.SeleniumDriver] [  248] - IE10is opened
[INFO ][2016-01-14 11:58:19,585][com.java.SeleniumDriver] [  756] - Test cases to be executed are: [1, 12]
[INFO ][2016-01-14 11:58:19,609][com.java.ImportnExport.ImportTestDataDetailsExcel] [   49] - test data details path===== D:\BankersDashboard\TestInputs\TestData.xls
[INFO ][2016-01-14 11:58:19,718][com.java.SeleniumDriver] [  856] - ------------------------------------------
[INFO ][2016-01-14 11:58:19,718][com.java.SeleniumDriver] [  857] - Test case being Executed: 1
[INFO ][2016-01-14 11:58:19,718][com.java.SeleniumDriver] [  869] - Test step:1
[INFO ][2016-01-14 11:58:19,718][com.java.SeleniumDriver] [  881] - Datavalue is----------Concept#1:1-16
[INFO ][2016-01-14 11:58:19,719][com.java.SeleniumDriver] [  905] - DataField : test
[INFO ][2016-01-14 11:58:19,719][com.java.SeleniumDriver] [  907] - DataValue : Concept#1:1-16
[INFO ][2016-01-14 11:58:19,719][com.java.SeleniumDriver] [  913] - <In Set values of the page>
[INFO ][2016-01-14 11:58:19,719][com.java.SeleniumDriver] [  916] - {Data Fields & Data Values Exist}
[INFO ][2016-01-14 11:58:19,719][com.java.SeleniumDriver] [  918] - --------------------------setting values-----------------------------
[INFO ][2016-01-14 11:58:19,719][com.java.SeleniumDriver] [  921] - Action Type : ExecuteTestCase
[INFO ][2016-01-14 11:58:19,742][com.java.TestType] [  437] - The Concept sheet name is ---------- Concept
[INFO ][2016-01-14 11:58:19,742][com.java.TestType] [  440] - The Concept ID  is ---------- 1
[DEBUG][2016-01-14 11:58:19,742][com.java.TestType] [  444] - Steps being executted in the Concept are: 1:16
[INFO ][2016-01-14 11:58:19,742][com.java.TestType] [  451] - Test data details path ---------- D:\BankersDashboard\TestInputs\TestData.xls
[INFO ][2016-01-14 11:58:19,781][com.java.TestType] [  482] -  str(1) = 1
[INFO ][2016-01-14 11:58:19,781][com.java.TestType] [  485] - Test case Id is---1
[INFO ][2016-01-14 11:58:19,781][com.java.TestType] [  487] - 1
[INFO ][2016-01-14 11:58:19,781][com.java.TestType] [  482] -  str(2) = 1
[INFO ][2016-01-14 11:58:19,785][com.java.TestType] [  482] -  str(1) = 1
[INFO ][2016-01-14 11:58:19,785][com.java.TestType] [  485] - Test case Id is---1
[INFO ][2016-01-14 11:58:19,785][com.java.TestType] [  487] - 1
[INFO ][2016-01-14 11:58:19,785][com.java.TestType] [  482] -  str(2) = 2
[INFO ][2016-01-14 11:58:19,787][com.java.TestType] [  482] -  str(1) = 1
[INFO ][2016-01-14 11:58:19,787][com.java.TestType] [  485] - Test case Id is---1
[INFO ][2016-01-14 11:58:19,787][com.java.TestType] [  487] - 1
[INFO ][2016-01-14 11:58:19,787][com.java.TestType] [  482] -  str(2) = 3
[INFO ][2016-01-14 11:58:19,788][com.java.TestType] [  482] -  str(1) = 1
[INFO ][2016-01-14 11:58:19,788][com.java.TestType] [  485] - Test case Id is---1
[INFO ][2016-01-14 11:58:19,789][com.java.TestType] [  487] - 1
[INFO ][2016-01-14 11:58:19,789][com.java.TestType] [  482] -  str(2) = 4
[INFO ][2016-01-14 11:58:19,790][com.java.TestType] [  482] -  str(1) = 1
[INFO ][2016-01-14 11:58:19,790][com.java.TestType] [  485] - Test case Id is---1
[INFO ][2016-01-14 11:58:19,790][com.java.TestType] [  487] - 1
[INFO ][2016-01-14 11:58:19,790][com.java.TestType] [  482] -  str(2) = 5
[INFO ][2016-01-14 11:58:19,791][com.java.TestType] [  482] -  str(1) = 1
[INFO ][2016-01-14 11:58:19,791][com.java.TestType] [  485] - Test case Id is---1
[INFO ][2016-01-14 11:58:19,791][com.java.TestType] [  487] - 1
[INFO ][2016-01-14 11:58:19,792][com.java.TestType] [  482] -  str(2) = 6
[INFO ][2016-01-14 11:58:19,793][com.java.TestType] [  482] -  str(1) = 1
[INFO ][2016-01-14 11:58:19,793][com.java.TestType] [  485] - Test case Id is---1
[INFO ][2016-01-14 11:58:19,793][com.java.TestType] [  487] - 1
[INFO ][2016-01-14 11:58:19,793][com.java.TestType] [  482] -  str(2) = 7
[INFO ][2016-01-14 11:58:19,795][com.java.TestType] [  482] -  str(1) = 1
[INFO ][2016-01-14 11:58:19,795][com.java.TestType] [  485] - Test case Id is---1
[INFO ][2016-01-14 11:58:19,795][com.java.TestType] [  487] - 1
[INFO ][2016-01-14 11:58:19,795][com.java.TestType] [  482] -  str(2) = 8
[INFO ][2016-01-14 11:58:19,796][com.java.TestType] [  482] -  str(1) = 1
[INFO ][2016-01-14 11:58:19,796][com.java.TestType] [  485] - Test case Id is---1
[INFO ][2016-01-14 11:58:19,796][com.java.TestType] [  487] - 1
[INFO ][2016-01-14 11:58:19,796][com.java.TestType] [  482] -  str(2) = 9
[INFO ][2016-01-14 11:58:19,797][com.java.TestType] [  482] -  str(1) = 1
[INFO ][2016-01-14 11:58:19,797][com.java.TestType] [  485] - Test case Id is---1
[INFO ][2016-01-14 11:58:19,797][com.java.TestType] [  487] - 1
[INFO ][2016-01-14 11:58:19,797][com.java.TestType] [  482] -  str(2) = 10
[INFO ][2016-01-14 11:58:19,798][com.java.TestType] [  482] -  str(1) = 1
[INFO ][2016-01-14 11:58:19,798][com.java.TestType] [  485] - Test case Id is---1
[INFO ][2016-01-14 11:58:19,798][com.java.TestType] [  487] - 1
[INFO ][2016-01-14 11:58:19,798][com.java.TestType] [  482] -  str(2) = 11
[INFO ][2016-01-14 11:58:19,799][com.java.TestType] [  482] -  str(1) = 1
[INFO ][2016-01-14 11:58:19,799][com.java.TestType] [  485] - Test case Id is---1
[INFO ][2016-01-14 11:58:19,799][com.java.TestType] [  487] - 1
[INFO ][2016-01-14 11:58:19,799][com.java.TestType] [  482] -  str(2) = 12
[INFO ][2016-01-14 11:58:19,800][com.java.TestType] [  482] -  str(1) = 1
[INFO ][2016-01-14 11:58:19,800][com.java.TestType] [  485] - Test case Id is---1
[INFO ][2016-01-14 11:58:19,800][com.java.TestType] [  487] - 1
[INFO ][2016-01-14 11:58:19,800][com.java.TestType] [  482] -  str(2) = 13
[INFO ][2016-01-14 11:58:19,801][com.java.TestType] [  482] -  str(1) = 1
[INFO ][2016-01-14 11:58:19,801][com.java.TestType] [  485] - Test case Id is---1
[INFO ][2016-01-14 11:58:19,801][com.java.TestType] [  487] - 1
[INFO ][2016-01-14 11:58:19,801][com.java.TestType] [  482] -  str(2) = 14
[INFO ][2016-01-14 11:58:19,802][com.java.TestType] [  482] -  str(1) = 1
[INFO ][2016-01-14 11:58:19,802][com.java.TestType] [  485] - Test case Id is---1
[INFO ][2016-01-14 11:58:19,802][com.java.TestType] [  487] - 1
[INFO ][2016-01-14 11:58:19,802][com.java.TestType] [  482] -  str(2) = 15
[INFO ][2016-01-14 11:58:19,804][com.java.TestType] [  482] -  str(1) = 1
[INFO ][2016-01-14 11:58:19,804][com.java.TestType] [  485] - Test case Id is---1
[INFO ][2016-01-14 11:58:19,804][com.java.TestType] [  487] - 1
[INFO ][2016-01-14 11:58:19,804][com.java.TestType] [  482] -  str(2) = 16
[INFO ][2016-01-14 11:58:19,805][com.java.TestType] [11308] - Looping 1TCID = 1
[DEBUG][2016-01-14 11:58:19,805][com.java.TestType] [11349] - Concept ID:1 :: Step being Executed: 1::1
[INFO ][2016-01-14 11:58:19,805][com.java.TestType] [11387] - dataFields : TXTusername
[DEBUG][2016-01-14 11:58:19,805][com.java.TestType] [11393] - <In Set values of the page>
[DEBUG][2016-01-14 11:58:19,805][com.java.TestType] [11398] - {Data Fields & Data Values Exist}
[INFO ][2016-01-14 11:58:19,806][com.java.TestType] [11404] - --------------------------setting values-----------------------------
[INFO ][2016-01-14 11:58:19,806][com.java.TestType] [11407] - Action Type : CLEARANDENTER
[INFO ][2016-01-14 11:58:22,128][com.java.TestType] [ 6136] - value = naresh.nayini.00000
[INFO ][2016-01-14 11:58:24,552][com.java.TestType] [11426] -  RESULT true
[INFO ][2016-01-14 11:58:24,552][com.java.TestType] [11543] - ?   P A S S   ?
[DEBUG][2016-01-14 11:58:24,552][com.java.TestType] [11349] - Concept ID:1 :: Step being Executed: 1::2
[INFO ][2016-01-14 11:58:24,552][com.java.TestType] [11387] - dataFields : TXTpassword
[DEBUG][2016-01-14 11:58:24,552][com.java.TestType] [11393] - <In Set values of the page>
[DEBUG][2016-01-14 11:58:24,552][com.java.TestType] [11398] - {Data Fields & Data Values Exist}
[INFO ][2016-01-14 11:58:24,552][com.java.TestType] [11404] - --------------------------setting values-----------------------------
[INFO ][2016-01-14 11:58:24,553][com.java.TestType] [11407] - Action Type : CLEARANDENTER
[INFO ][2016-01-14 11:58:26,851][com.java.TestType] [ 6136] - value = Password1*
[INFO ][2016-01-14 11:58:29,406][com.java.TestType] [11426] -  RESULT true
[INFO ][2016-01-14 11:58:29,406][com.java.TestType] [11543] - ?   P A S S   ?
[DEBUG][2016-01-14 11:58:29,406][com.java.TestType] [11349] - Concept ID:1 :: Step being Executed: 1::3
[ERROR][2016-01-14 11:58:29,406][com.java.TestType] [11382] - Exception: null
[INFO ][2016-01-14 11:58:29,406][com.java.TestType] [11387] - dataFields : XPH//button[@type='submit']
[DEBUG][2016-01-14 11:58:29,406][com.java.TestType] [11393] - <In Set values of the page>
[DEBUG][2016-01-14 11:58:29,407][com.java.TestType] [11398] - {Data Fields & Data Values Exist}
[INFO ][2016-01-14 11:58:29,407][com.java.TestType] [11404] - --------------------------setting values-----------------------------
[INFO ][2016-01-14 11:58:29,407][com.java.TestType] [11407] - Action Type : Click
[INFO ][2016-01-14 11:58:29,407][com.java.TestType] [ 6515] - Field ::XPH//button[@type='submit']
[INFO ][2016-01-14 11:58:29,407][com.java.TestType] [ 6136] - value = 
[INFO ][2016-01-14 11:58:30,409][com.java.TestType] [ 6652] - BEFORE CLICK
[INFO ][2016-01-14 11:58:31,263][com.java.TestType] [ 6660] - Unable to click the object Login
[INFO ][2016-01-14 11:58:31,263][com.java.TestType] [11426] -  RESULT true
[INFO ][2016-01-14 11:58:31,263][com.java.TestType] [11543] - ?   P A S S   ?
[DEBUG][2016-01-14 11:58:31,263][com.java.TestType] [11349] - Concept ID:1 :: Step being Executed: 1::4
[INFO ][2016-01-14 11:58:31,263][com.java.TestType] [11387] - dataFields : LNKLogout
[DEBUG][2016-01-14 11:58:31,263][com.java.TestType] [11393] - <In Set values of the page>
[DEBUG][2016-01-14 11:58:31,263][com.java.TestType] [11398] - {Data Fields & Data Values Exist}
[INFO ][2016-01-14 11:58:31,263][com.java.TestType] [11404] - --------------------------setting values-----------------------------
[INFO ][2016-01-14 11:58:31,263][com.java.TestType] [11407] - Action Type : WaitForElement
[INFO ][2016-01-14 11:58:36,427][com.java.TestType] [11426] -  RESULT true
[INFO ][2016-01-14 11:58:36,428][com.java.TestType] [11543] - ?   P A S S   ?
[DEBUG][2016-01-14 11:58:36,428][com.java.TestType] [11349] - Concept ID:1 :: Step being Executed: 1::15
[INFO ][2016-01-14 11:58:36,428][com.java.TestType] [11387] - dataFields : LNK
[DEBUG][2016-01-14 11:58:36,428][com.java.TestType] [11393] - <In Set values of the page>
[DEBUG][2016-01-14 11:58:36,428][com.java.TestType] [11398] - {Data Fields & Data Values Exist}
[INFO ][2016-01-14 11:58:36,428][com.java.TestType] [11404] - --------------------------setting values-----------------------------
[INFO ][2016-01-14 11:58:36,428][com.java.TestType] [11407] - Action Type : Verify
[INFO ][2016-01-14 11:58:36,430][com.java.TestType] [ 7641] - field= LNK value= Logout
[INFO ][2016-01-14 11:58:36,433][com.java.TestType] [ 6136] - value = Logout
[INFO ][2016-01-14 11:58:36,570][com.java.TestType] [11426] -  RESULT true
[INFO ][2016-01-14 11:58:36,570][com.java.TestType] [11543] - ?   P A S S   ?
[DEBUG][2016-01-14 11:58:36,570][com.java.TestType] [11349] - Concept ID:1 :: Step being Executed: 1::16
[INFO ][2016-01-14 11:58:36,570][com.java.TestType] [11387] - dataFields : BTN
[DEBUG][2016-01-14 11:58:36,571][com.java.TestType] [11393] - <In Set values of the page>
[DEBUG][2016-01-14 11:58:36,571][com.java.TestType] [11398] - {Data Fields & Data Values Exist}
[INFO ][2016-01-14 11:58:36,571][com.java.TestType] [11404] - --------------------------setting values-----------------------------
[INFO ][2016-01-14 11:58:36,571][com.java.TestType] [11407] - Action Type : Verify
[INFO ][2016-01-14 11:58:36,571][com.java.TestType] [ 7641] - field= BTN value= //img[contains(@src,'bdlogo.jpg')]
[INFO ][2016-01-14 11:58:36,571][com.java.TestType] [ 6136] - value = //img[contains(@src,'bdlogo.jpg')]
[INFO ][2016-01-14 11:58:36,642][com.java.TestType] [11426] -  RESULT true
[INFO ][2016-01-14 11:58:36,642][com.java.TestType] [11543] - ?   P A S S   ?
[INFO ][2016-01-14 11:58:36,642][com.java.TestType] [11614] - Looping End......
[INFO ][2016-01-14 11:58:36,646][com.java.SeleniumDriver] [  930] -  RESULT true
[INFO ][2016-01-14 11:58:36,646][com.java.SeleniumDriver] [ 1136] - ?   P A S S   ?
[INFO ][2016-01-14 11:58:36,646][com.java.SeleniumDriver] [  856] - ------------------------------------------
[INFO ][2016-01-14 11:58:36,646][com.java.SeleniumDriver] [  857] - Test case being Executed: 1
[INFO ][2016-01-14 11:58:36,646][com.java.SeleniumDriver] [  869] - Test step:2
[INFO ][2016-01-14 11:58:36,646][com.java.SeleniumDriver] [  881] - Datavalue is----------Concept#2:1-2
[INFO ][2016-01-14 11:58:36,646][com.java.SeleniumDriver] [  905] - DataField : test
[INFO ][2016-01-14 11:58:36,646][com.java.SeleniumDriver] [  907] - DataValue : Concept#2:1-2
[INFO ][2016-01-14 11:58:36,646][com.java.SeleniumDriver] [  913] - <In Set values of the page>
[INFO ][2016-01-14 11:58:36,647][com.java.SeleniumDriver] [  916] - {Data Fields & Data Values Exist}
[INFO ][2016-01-14 11:58:36,647][com.java.SeleniumDriver] [  918] - --------------------------setting values-----------------------------
[INFO ][2016-01-14 11:58:36,647][com.java.SeleniumDriver] [  921] - Action Type : ExecuteTestCase
[INFO ][2016-01-14 11:58:36,647][com.java.TestType] [  437] - The Concept sheet name is ---------- Concept
[INFO ][2016-01-14 11:58:36,647][com.java.TestType] [  440] - The Concept ID  is ---------- 2
[DEBUG][2016-01-14 11:58:36,647][com.java.TestType] [  444] - Steps being executted in the Concept are: 1:2
[INFO ][2016-01-14 11:58:36,648][com.java.TestType] [  451] - Test data details path ---------- D:\BankersDashboard\TestInputs\TestData.xls
[INFO ][2016-01-14 11:58:36,681][com.java.TestType] [  482] -  str(1) = 2
[INFO ][2016-01-14 11:58:36,681][com.java.TestType] [  485] - Test case Id is---2
[INFO ][2016-01-14 11:58:36,681][com.java.TestType] [  487] - 2
[INFO ][2016-01-14 11:58:36,681][com.java.TestType] [  482] -  str(2) = 1
[INFO ][2016-01-14 11:58:36,683][com.java.TestType] [  482] -  str(1) = 2
[INFO ][2016-01-14 11:58:36,683][com.java.TestType] [  485] - Test case Id is---2
[INFO ][2016-01-14 11:58:36,683][com.java.TestType] [  487] - 2
[INFO ][2016-01-14 11:58:36,683][com.java.TestType] [  482] -  str(2) = 2
[INFO ][2016-01-14 11:58:36,684][com.java.TestType] [  482] -  str(1) = 2
[INFO ][2016-01-14 11:58:36,684][com.java.TestType] [  485] - Test case Id is---2
[INFO ][2016-01-14 11:58:36,684][com.java.TestType] [  487] - 2
[INFO ][2016-01-14 11:58:36,684][com.java.TestType] [  482] -  str(2) = 3
[INFO ][2016-01-14 11:58:36,685][com.java.TestType] [11308] - Looping 1TCID = 2
[DEBUG][2016-01-14 11:58:36,685][com.java.TestType] [11349] - Concept ID:2 :: Step being Executed: 2::1
[INFO ][2016-01-14 11:58:36,685][com.java.TestType] [11387] - dataFields : BNK//select[@id='bank']
[DEBUG][2016-01-14 11:58:36,685][com.java.TestType] [11393] - <In Set values of the page>
[DEBUG][2016-01-14 11:58:36,685][com.java.TestType] [11398] - {Data Fields & Data Values Exist}
[INFO ][2016-01-14 11:58:36,685][com.java.TestType] [11404] - --------------------------setting values-----------------------------
[INFO ][2016-01-14 11:58:36,685][com.java.TestType] [11407] - Action Type : Select
[INFO ][2016-01-14 11:58:36,685][com.java.TestType] [ 6136] - value = PFC
[INFO ][2016-01-14 11:58:36,939][com.java.TestType] [11426] -  RESULT true
[INFO ][2016-01-14 11:58:36,939][com.java.TestType] [11543] - ?   P A S S   ?
[DEBUG][2016-01-14 11:58:36,939][com.java.TestType] [11349] - Concept ID:2 :: Step being Executed: 2::2
[INFO ][2016-01-14 11:58:36,939][com.java.TestType] [11387] - dataFields : LNKLogout
[DEBUG][2016-01-14 11:58:36,939][com.java.TestType] [11393] - <In Set values of the page>
[DEBUG][2016-01-14 11:58:36,939][com.java.TestType] [11398] - {Data Fields & Data Values Exist}
[INFO ][2016-01-14 11:58:36,939][com.java.TestType] [11404] - --------------------------setting values-----------------------------
[INFO ][2016-01-14 11:58:36,939][com.java.TestType] [11407] - Action Type : WaitTime
[DEBUG][2016-01-14 11:58:36,939][com.java.TestType] [ 5950] - sleepTime: 5000
[INFO ][2016-01-14 11:58:41,940][com.java.TestType] [11426] -  RESULT true
[INFO ][2016-01-14 11:58:41,940][com.java.TestType] [11543] - ?   P A S S   ?
[INFO ][2016-01-14 11:58:41,940][com.java.TestType] [11614] - Looping End......
[INFO ][2016-01-14 11:58:41,944][com.java.SeleniumDriver] [  930] -  RESULT true
[INFO ][2016-01-14 11:58:41,944][com.java.SeleniumDriver] [ 1136] - ?   P A S S   ?
[INFO ][2016-01-14 11:58:41,945][com.java.SeleniumDriver] [  856] - ------------------------------------------
[INFO ][2016-01-14 11:58:41,945][com.java.SeleniumDriver] [  857] - Test case being Executed: 1
[INFO ][2016-01-14 11:58:41,945][com.java.SeleniumDriver] [  869] - Test step:3
[INFO ][2016-01-14 11:58:41,947][com.java.SeleniumDriver] [  881] - Datavalue is----------2
[INFO ][2016-01-14 11:58:41,947][com.java.SeleniumDriver] [  905] - DataField : XPH//button[contains(text(),'Add Content')]
[INFO ][2016-01-14 11:58:41,947][com.java.SeleniumDriver] [  907] - DataValue : 2
[INFO ][2016-01-14 11:58:41,947][com.java.SeleniumDriver] [  913] - <In Set values of the page>
[INFO ][2016-01-14 11:58:41,947][com.java.SeleniumDriver] [  916] - {Data Fields & Data Values Exist}
[INFO ][2016-01-14 11:58:41,947][com.java.SeleniumDriver] [  918] - --------------------------setting values-----------------------------
[INFO ][2016-01-14 11:58:41,947][com.java.SeleniumDriver] [  921] - Action Type : WAITFORELEMENT
[INFO ][2016-01-14 11:58:41,986][com.java.SeleniumDriver] [  930] -  RESULT true
[INFO ][2016-01-14 11:58:41,986][com.java.SeleniumDriver] [ 1136] - ?   P A S S   ?
[DEBUG][2016-01-14 11:58:41,987][com.java.SeleniumDriver] [ 1248] - Case found
[DEBUG][2016-01-14 11:58:41,987][com.java.SeleniumDriver] [ 1253] - Incrementing ReportCounters[0]:1
[INFO ][2016-01-14 11:58:41,987][com.java.SeleniumDriver] [ 1272] - The results are-------------------[1, 1, Valid Login, Pass, , Thu Jan 14 11:58:36 IST 2016, 1, 2, Valid Login, Pass, , Thu Jan 14 11:58:41 IST 2016, 1, 3, Valid Login, Pass, , Thu Jan 14 11:58:41 IST 2016]
[INFO ][2016-01-14 11:58:41,987][com.java.SeleniumDriver] [ 1276] - End time is-------38 sec
[INFO ][2016-01-14 11:58:41,987][com.java.SeleniumDriver] [ 1277] - The results are-------------------[1, 1, Valid Login, Pass, , Thu Jan 14 11:58:36 IST 2016, 1, 2, Valid Login, Pass, , Thu Jan 14 11:58:41 IST 2016, 1, 3, Valid Login, Pass, , Thu Jan 14 11:58:41 IST 2016]
[DEBUG][2016-01-14 11:58:41,987][com.java.ImportnExport.ExportTestResultsExcel] [  222] - testResultPath = D:\BankersDashboard/TestReports/Test Results_BankersDashBoard_011416_115805_IE10_Any Bank USA.xls
[DEBUG][2016-01-14 11:58:41,987][com.java.ImportnExport.ExportTestResultsExcel] [  223] - browser is------------IE10
[DEBUG][2016-01-14 11:58:42,054][com.java.ImportnExport.ExportTestResultsExcel] [  270] - result.size() = 18
[DEBUG][2016-01-14 11:58:42,054][com.java.ImportnExport.ExportTestResultsExcel] [  274] - No of rows in sheet=1
[DEBUG][2016-01-14 11:58:42,054][com.java.ImportnExport.ExportTestResultsExcel] [  301] - ..in export..1
[DEBUG][2016-01-14 11:58:42,054][com.java.ImportnExport.ExportTestResultsExcel] [  301] - ..in export..Valid Login
[DEBUG][2016-01-14 11:58:42,054][com.java.ImportnExport.ExportTestResultsExcel] [  301] - ..in export..Pass
[DEBUG][2016-01-14 11:58:42,054][com.java.ImportnExport.ExportTestResultsExcel] [  301] - ..in export..
[DEBUG][2016-01-14 11:58:42,054][com.java.ImportnExport.ExportTestResultsExcel] [  301] - ..in export..Thu Jan 14 11:58:36 IST 2016
[INFO ][2016-01-14 11:58:42,056][com.java.SeleniumDriver] [ 1337] - out loop:0 size:2 TestCases:[1, 12] testcases:[1, 12]
[INFO ][2016-01-14 11:58:42,056][com.java.ImportnExport.ImportTestDataDetailsExcel] [   49] - test data details path===== D:\BankersDashboard\TestInputs\TestData.xls
[INFO ][2016-01-14 11:58:57,458][com.java.SeleniumDriver] [  856] - ------------------------------------------
[INFO ][2016-01-14 11:58:57,458][com.java.SeleniumDriver] [  857] - Test case being Executed: 12
[INFO ][2016-01-14 11:58:57,458][com.java.SeleniumDriver] [  869] - Test step:1
[INFO ][2016-01-14 11:58:57,458][com.java.SeleniumDriver] [  881] - Datavalue is----------Logout
[INFO ][2016-01-14 11:58:57,458][com.java.SeleniumDriver] [  905] - DataField : BTN
[INFO ][2016-01-14 11:58:57,458][com.java.SeleniumDriver] [  907] - DataValue : Logout
[INFO ][2016-01-14 11:58:57,458][com.java.SeleniumDriver] [  913] - <In Set values of the page>
[INFO ][2016-01-14 11:58:57,458][com.java.SeleniumDriver] [  916] - {Data Fields & Data Values Exist}
[INFO ][2016-01-14 11:58:57,458][com.java.SeleniumDriver] [  918] - --------------------------setting values-----------------------------
[INFO ][2016-01-14 11:58:57,458][com.java.SeleniumDriver] [  921] - Action Type : VERIFY
[INFO ][2016-01-14 11:58:57,458][com.java.TestType] [ 7641] - field= BTN value= Logout
[INFO ][2016-01-14 11:58:57,458][com.java.TestType] [ 6136] - value = Logout
[INFO ][2016-01-14 11:58:57,569][com.java.SeleniumDriver] [  930] -  RESULT true
[INFO ][2016-01-14 11:58:57,569][com.java.SeleniumDriver] [ 1136] - ?   P A S S   ?
[INFO ][2016-01-14 11:58:57,569][com.java.SeleniumDriver] [ 1178] - step change to 3
[INFO ][2016-01-14 11:58:57,569][com.java.SeleniumDriver] [  856] - ------------------------------------------
[INFO ][2016-01-14 11:58:57,569][com.java.SeleniumDriver] [  857] - Test case being Executed: 12
[INFO ][2016-01-14 11:58:57,570][com.java.SeleniumDriver] [  869] - Test step:3
[INFO ][2016-01-14 11:58:57,570][com.java.SeleniumDriver] [  881] - Datavalue is----------Concept#2:1-2
[INFO ][2016-01-14 11:58:57,570][com.java.SeleniumDriver] [  905] - DataField : test
[INFO ][2016-01-14 11:58:57,570][com.java.SeleniumDriver] [  907] - DataValue : Concept#2:1-2
[INFO ][2016-01-14 11:58:57,570][com.java.SeleniumDriver] [  913] - <In Set values of the page>
[INFO ][2016-01-14 11:58:57,570][com.java.SeleniumDriver] [  916] - {Data Fields & Data Values Exist}
[INFO ][2016-01-14 11:58:57,570][com.java.SeleniumDriver] [  918] - --------------------------setting values-----------------------------
[INFO ][2016-01-14 11:58:57,570][com.java.SeleniumDriver] [  921] - Action Type : ExecuteTestCase
[INFO ][2016-01-14 11:58:57,570][com.java.TestType] [  437] - The Concept sheet name is ---------- Concept
[INFO ][2016-01-14 11:58:57,570][com.java.TestType] [  440] - The Concept ID  is ---------- 2
[DEBUG][2016-01-14 11:58:57,570][com.java.TestType] [  444] - Steps being executted in the Concept are: 1:2
[INFO ][2016-01-14 11:58:57,570][com.java.TestType] [  451] - Test data details path ---------- D:\BankersDashboard\TestInputs\TestData.xls
[INFO ][2016-01-14 11:58:57,606][com.java.TestType] [  482] -  str(1) = 2
[INFO ][2016-01-14 11:58:57,606][com.java.TestType] [  485] - Test case Id is---2
[INFO ][2016-01-14 11:58:57,606][com.java.TestType] [  487] - 2
[INFO ][2016-01-14 11:58:57,606][com.java.TestType] [  482] -  str(2) = 1
[INFO ][2016-01-14 11:58:57,608][com.java.TestType] [  482] -  str(1) = 2
[INFO ][2016-01-14 11:58:57,608][com.java.TestType] [  485] - Test case Id is---2
[INFO ][2016-01-14 11:58:57,608][com.java.TestType] [  487] - 2
[INFO ][2016-01-14 11:58:57,608][com.java.TestType] [  482] -  str(2) = 2
[INFO ][2016-01-14 11:58:57,608][com.java.TestType] [  482] -  str(1) = 2
[INFO ][2016-01-14 11:58:57,609][com.java.TestType] [  485] - Test case Id is---2
[INFO ][2016-01-14 11:58:57,609][com.java.TestType] [  487] - 2
[INFO ][2016-01-14 11:58:57,609][com.java.TestType] [  482] -  str(2) = 3
[INFO ][2016-01-14 11:58:57,609][com.java.TestType] [11308] - Looping 1TCID = 2
[DEBUG][2016-01-14 11:58:57,609][com.java.TestType] [11349] - Concept ID:2 :: Step being Executed: 2::1
[INFO ][2016-01-14 11:58:57,609][com.java.TestType] [11387] - dataFields : BNK//select[@id='bank']
[DEBUG][2016-01-14 11:58:57,610][com.java.TestType] [11393] - <In Set values of the page>
[DEBUG][2016-01-14 11:58:57,610][com.java.TestType] [11398] - {Data Fields & Data Values Exist}
[INFO ][2016-01-14 11:58:57,610][com.java.TestType] [11404] - --------------------------setting values-----------------------------
[INFO ][2016-01-14 11:58:57,610][com.java.TestType] [11407] - Action Type : Select
[INFO ][2016-01-14 11:58:57,610][com.java.TestType] [ 6136] - value = PFC
[INFO ][2016-01-14 11:58:58,075][com.java.TestType] [11426] -  RESULT true
[INFO ][2016-01-14 11:58:58,075][com.java.TestType] [11543] - ?   P A S S   ?
[DEBUG][2016-01-14 11:58:58,075][com.java.TestType] [11349] - Concept ID:2 :: Step being Executed: 2::2
[INFO ][2016-01-14 11:58:58,075][com.java.TestType] [11387] - dataFields : LNKLogout
[DEBUG][2016-01-14 11:58:58,075][com.java.TestType] [11393] - <In Set values of the page>
[DEBUG][2016-01-14 11:58:58,075][com.java.TestType] [11398] - {Data Fields & Data Values Exist}
[INFO ][2016-01-14 11:58:58,075][com.java.TestType] [11404] - --------------------------setting values-----------------------------
[INFO ][2016-01-14 11:58:58,075][com.java.TestType] [11407] - Action Type : WaitTime
[DEBUG][2016-01-14 11:58:58,076][com.java.TestType] [ 5950] - sleepTime: 5000
[INFO ][2016-01-14 11:59:03,077][com.java.TestType] [11426] -  RESULT true
[INFO ][2016-01-14 11:59:03,077][com.java.TestType] [11543] - ?   P A S S   ?
[INFO ][2016-01-14 11:59:03,077][com.java.TestType] [11614] - Looping End......
[INFO ][2016-01-14 11:59:03,082][com.java.SeleniumDriver] [  930] -  RESULT true
[INFO ][2016-01-14 11:59:03,082][com.java.SeleniumDriver] [ 1136] - ?   P A S S   ?
[INFO ][2016-01-14 11:59:03,082][com.java.SeleniumDriver] [  856] - ------------------------------------------
[INFO ][2016-01-14 11:59:03,082][com.java.SeleniumDriver] [  857] - Test case being Executed: 12
[INFO ][2016-01-14 11:59:03,082][com.java.SeleniumDriver] [  869] - Test step:4
[INFO ][2016-01-14 11:59:03,082][com.java.SeleniumDriver] [  881] - Datavalue is----------null
[DEBUG][2016-01-14 11:59:03,082][com.java.SeleniumDriver] [  899] - Exception: null
[INFO ][2016-01-14 11:59:03,082][com.java.SeleniumDriver] [  905] - DataField : //span[@class='icon-user4']&&//a[text()='Company Settings']&&//a[@data-id="RatedLoans"]
[INFO ][2016-01-14 11:59:03,082][com.java.SeleniumDriver] [  907] - DataValue : 
[INFO ][2016-01-14 11:59:03,082][com.java.SeleniumDriver] [  913] - <In Set values of the page>
[INFO ][2016-01-14 11:59:03,082][com.java.SeleniumDriver] [  916] - {Data Fields & Data Values Exist}
[INFO ][2016-01-14 11:59:03,082][com.java.SeleniumDriver] [  918] - --------------------------setting values-----------------------------
[INFO ][2016-01-14 11:59:03,083][com.java.SeleniumDriver] [  921] - Action Type : MOUSEOVER
[INFO ][2016-01-14 11:59:29,949][com.java.SeleniumDriver] [  930] -  RESULT true
[INFO ][2016-01-14 11:59:29,949][com.java.SeleniumDriver] [ 1136] - ?   P A S S   ?
[INFO ][2016-01-14 11:59:29,949][com.java.SeleniumDriver] [  856] - ------------------------------------------
[INFO ][2016-01-14 11:59:29,949][com.java.SeleniumDriver] [  857] - Test case being Executed: 12
[INFO ][2016-01-14 11:59:29,949][com.java.SeleniumDriver] [  869] - Test step:5
[INFO ][2016-01-14 11:59:29,949][com.java.SeleniumDriver] [  881] - Datavalue is----------Rated Loan Categories
[INFO ][2016-01-14 11:59:29,949][com.java.SeleniumDriver] [  905] - DataField : XPH//span[contains(text(), 'Rated Loan Categories')]
[INFO ][2016-01-14 11:59:29,949][com.java.SeleniumDriver] [  907] - DataValue : Rated Loan Categories
[INFO ][2016-01-14 11:59:29,949][com.java.SeleniumDriver] [  913] - <In Set values of the page>
[INFO ][2016-01-14 11:59:29,949][com.java.SeleniumDriver] [  916] - {Data Fields & Data Values Exist}
[INFO ][2016-01-14 11:59:29,950][com.java.SeleniumDriver] [  918] - --------------------------setting values-----------------------------
[INFO ][2016-01-14 11:59:29,950][com.java.SeleniumDriver] [  921] - Action Type : VERIFY
[INFO ][2016-01-14 11:59:29,950][com.java.TestType] [ 7641] - field= XPH//span[contains(text(), 'Rated Loan Categories')] value= Rated Loan Categories
[INFO ][2016-01-14 11:59:29,950][com.java.TestType] [ 6136] - value = Rated Loan Categories
[INFO ][2016-01-14 11:59:30,079][com.java.SeleniumDriver] [  930] -  RESULT true
[INFO ][2016-01-14 11:59:30,079][com.java.SeleniumDriver] [ 1136] - ?   P A S S   ?
[INFO ][2016-01-14 11:59:30,079][com.java.SeleniumDriver] [  856] - ------------------------------------------
[INFO ][2016-01-14 11:59:30,079][com.java.SeleniumDriver] [  857] - Test case being Executed: 12
[INFO ][2016-01-14 11:59:30,079][com.java.SeleniumDriver] [  869] - Test step:6
[INFO ][2016-01-14 11:59:30,080][com.java.SeleniumDriver] [  881] - Datavalue is----------null
[DEBUG][2016-01-14 11:59:30,080][com.java.SeleniumDriver] [  899] - Exception: null
[INFO ][2016-01-14 11:59:30,080][com.java.SeleniumDriver] [  905] - DataField : BTNframeDialogContent
[INFO ][2016-01-14 11:59:30,080][com.java.SeleniumDriver] [  907] - DataValue : 
[INFO ][2016-01-14 11:59:30,080][com.java.SeleniumDriver] [  913] - <In Set values of the page>
[INFO ][2016-01-14 11:59:30,080][com.java.SeleniumDriver] [  916] - {Data Fields & Data Values Exist}
[INFO ][2016-01-14 11:59:30,080][com.java.SeleniumDriver] [  918] - --------------------------setting values-----------------------------
[INFO ][2016-01-14 11:59:30,080][com.java.SeleniumDriver] [  921] - Action Type : SELECTFRAME
[INFO ][2016-01-14 11:59:31,357][com.java.SeleniumDriver] [  930] -  RESULT true
[INFO ][2016-01-14 11:59:31,357][com.java.SeleniumDriver] [ 1136] - ?   P A S S   ?
[INFO ][2016-01-14 11:59:31,357][com.java.SeleniumDriver] [  856] - ------------------------------------------
[INFO ][2016-01-14 11:59:31,357][com.java.SeleniumDriver] [  857] - Test case being Executed: 12
[INFO ][2016-01-14 11:59:31,357][com.java.SeleniumDriver] [  869] - Test step:7
[INFO ][2016-01-14 11:59:31,357][com.java.SeleniumDriver] [  881] - Datavalue is----------null
[DEBUG][2016-01-14 11:59:31,357][com.java.SeleniumDriver] [  899] - Exception: null
[INFO ][2016-01-14 11:59:31,358][com.java.SeleniumDriver] [  905] - DataField : BTNbtnAddNew
[INFO ][2016-01-14 11:59:31,358][com.java.SeleniumDriver] [  907] - DataValue : 
[INFO ][2016-01-14 11:59:31,358][com.java.SeleniumDriver] [  913] - <In Set values of the page>
[INFO ][2016-01-14 11:59:31,358][com.java.SeleniumDriver] [  916] - {Data Fields & Data Values Exist}
[INFO ][2016-01-14 11:59:31,358][com.java.SeleniumDriver] [  918] - --------------------------setting values-----------------------------
[INFO ][2016-01-14 11:59:31,358][com.java.SeleniumDriver] [  921] - Action Type : CLICK
[INFO ][2016-01-14 11:59:31,358][com.java.TestType] [ 6515] - Field ::BTNbtnAddNew
[INFO ][2016-01-14 11:59:31,358][com.java.TestType] [ 6136] - value = 
[INFO ][2016-01-14 11:59:32,359][com.java.TestType] [ 6631] - BEFORE CLICK
[INFO ][2016-01-14 11:59:33,556][com.java.TestType] [ 6638] - Unable to click the object Add New Category button
[INFO ][2016-01-14 11:59:33,556][com.java.SeleniumDriver] [  930] -  RESULT true
[INFO ][2016-01-14 11:59:33,556][com.java.SeleniumDriver] [ 1136] - ?   P A S S   ?
[INFO ][2016-01-14 11:59:33,556][com.java.SeleniumDriver] [  856] - ------------------------------------------
[INFO ][2016-01-14 11:59:33,556][com.java.SeleniumDriver] [  857] - Test case being Executed: 12
[INFO ][2016-01-14 11:59:33,556][com.java.SeleniumDriver] [  869] - Test step:8
[INFO ][2016-01-14 11:59:33,556][com.java.SeleniumDriver] [  881] - Datavalue is----------5
[INFO ][2016-01-14 11:59:33,556][com.java.SeleniumDriver] [  905] - DataField : XPH//td[contains(text(),'Description')]
[INFO ][2016-01-14 11:59:33,557][com.java.SeleniumDriver] [  907] - DataValue : 5
[INFO ][2016-01-14 11:59:33,557][com.java.SeleniumDriver] [  913] - <In Set values of the page>
[INFO ][2016-01-14 11:59:33,557][com.java.SeleniumDriver] [  916] - {Data Fields & Data Values Exist}
[INFO ][2016-01-14 11:59:33,557][com.java.SeleniumDriver] [  918] - --------------------------setting values-----------------------------
[INFO ][2016-01-14 11:59:33,557][com.java.SeleniumDriver] [  921] - Action Type : WAITFORELEMENT
[INFO ][2016-01-14 11:59:33,583][com.java.SeleniumDriver] [  930] -  RESULT true
[INFO ][2016-01-14 11:59:33,583][com.java.SeleniumDriver] [ 1136] - ?   P A S S   ?
[INFO ][2016-01-14 11:59:33,583][com.java.SeleniumDriver] [  856] - ------------------------------------------
[INFO ][2016-01-14 11:59:33,583][com.java.SeleniumDriver] [  857] - Test case being Executed: 12
[INFO ][2016-01-14 11:59:33,583][com.java.SeleniumDriver] [  869] - Test step:9
[INFO ][2016-01-14 11:59:33,583][com.java.SeleniumDriver] [  881] - Datavalue is----------//td[contains(text(),'Description')]
[INFO ][2016-01-14 11:59:33,583][com.java.SeleniumDriver] [  905] - DataField : BTN
[INFO ][2016-01-14 11:59:33,583][com.java.SeleniumDriver] [  907] - DataValue : //td[contains(text(),'Description')]
[INFO ][2016-01-14 11:59:33,583][com.java.SeleniumDriver] [  913] - <In Set values of the page>
[INFO ][2016-01-14 11:59:33,583][com.java.SeleniumDriver] [  916] - {Data Fields & Data Values Exist}
[INFO ][2016-01-14 11:59:33,583][com.java.SeleniumDriver] [  918] - --------------------------setting values-----------------------------
[INFO ][2016-01-14 11:59:33,583][com.java.SeleniumDriver] [  921] - Action Type : VERIFY
[INFO ][2016-01-14 11:59:33,583][com.java.TestType] [ 7641] - field= BTN value= //td[contains(text(),'Description')]
[INFO ][2016-01-14 11:59:33,584][com.java.TestType] [ 6136] - value = //td[contains(text(),'Description')]
[INFO ][2016-01-14 11:59:33,623][com.java.SeleniumDriver] [  930] -  RESULT true
[INFO ][2016-01-14 11:59:33,623][com.java.SeleniumDriver] [ 1136] - ?   P A S S   ?
[INFO ][2016-01-14 11:59:33,623][com.java.SeleniumDriver] [  856] - ------------------------------------------
[INFO ][2016-01-14 11:59:33,623][com.java.SeleniumDriver] [  857] - Test case being Executed: 12
[INFO ][2016-01-14 11:59:33,623][com.java.SeleniumDriver] [  869] - Test step:10
[INFO ][2016-01-14 11:59:33,624][com.java.SeleniumDriver] [  881] - Datavalue is----------//td[contains(text(),'Rated Loan*')]
[INFO ][2016-01-14 11:59:33,624][com.java.SeleniumDriver] [  905] - DataField : BTN
[INFO ][2016-01-14 11:59:33,624][com.java.SeleniumDriver] [  907] - DataValue : //td[contains(text(),'Rated Loan*')]
[INFO ][2016-01-14 11:59:33,624][com.java.SeleniumDriver] [  913] - <In Set values of the page>
[INFO ][2016-01-14 11:59:33,624][com.java.SeleniumDriver] [  916] - {Data Fields & Data Values Exist}
[INFO ][2016-01-14 11:59:33,624][com.java.SeleniumDriver] [  918] - --------------------------setting values-----------------------------
[INFO ][2016-01-14 11:59:33,624][com.java.SeleniumDriver] [  921] - Action Type : VERIFY
[INFO ][2016-01-14 11:59:33,624][com.java.TestType] [ 7641] - field= BTN value= //td[contains(text(),'Rated Loan*')]
[INFO ][2016-01-14 11:59:33,624][com.java.TestType] [ 6136] - value = //td[contains(text(),'Rated Loan*')]
[INFO ][2016-01-14 11:59:33,664][com.java.SeleniumDriver] [  930] -  RESULT true
[INFO ][2016-01-14 11:59:33,664][com.java.SeleniumDriver] [ 1136] - ?   P A S S   ?
[INFO ][2016-01-14 11:59:33,664][com.java.SeleniumDriver] [  856] - ------------------------------------------
[INFO ][2016-01-14 11:59:33,664][com.java.SeleniumDriver] [  857] - Test case being Executed: 12
[INFO ][2016-01-14 11:59:33,664][com.java.SeleniumDriver] [  869] - Test step:11
[INFO ][2016-01-14 11:59:33,664][com.java.SeleniumDriver] [  881] - Datavalue is----------RNDVLTest
[INFO ][2016-01-14 11:59:33,664][com.java.SeleniumDriver] [  905] - DataField : TXTtxtDescription
[INFO ][2016-01-14 11:59:33,664][com.java.SeleniumDriver] [  907] - DataValue : RNDVLTest
[INFO ][2016-01-14 11:59:33,664][com.java.SeleniumDriver] [  913] - <In Set values of the page>
[INFO ][2016-01-14 11:59:33,665][com.java.SeleniumDriver] [  916] - {Data Fields & Data Values Exist}
[INFO ][2016-01-14 11:59:33,666][com.java.SeleniumDriver] [  918] - --------------------------setting values-----------------------------
[INFO ][2016-01-14 11:59:33,666][com.java.SeleniumDriver] [  921] - Action Type : CLEARANDENTER
[INFO ][2016-01-14 11:59:34,801][com.java.TestType] [ 6136] - value = VLTest26821
[INFO ][2016-01-14 11:59:36,290][com.java.SeleniumDriver] [  930] -  RESULT true
[INFO ][2016-01-14 11:59:36,290][com.java.SeleniumDriver] [ 1136] - ?   P A S S   ?
[INFO ][2016-01-14 11:59:36,290][com.java.SeleniumDriver] [  856] - ------------------------------------------
[INFO ][2016-01-14 11:59:36,290][com.java.SeleniumDriver] [  857] - Test case being Executed: 12
[INFO ][2016-01-14 11:59:36,290][com.java.SeleniumDriver] [  869] - Test step:12
[INFO ][2016-01-14 11:59:36,290][com.java.SeleniumDriver] [  881] - Datavalue is----------2
[INFO ][2016-01-14 11:59:36,290][com.java.SeleniumDriver] [  905] - DataField : test
[INFO ][2016-01-14 11:59:36,290][com.java.SeleniumDriver] [  907] - DataValue : 2
[INFO ][2016-01-14 11:59:36,290][com.java.SeleniumDriver] [  913] - <In Set values of the page>
[INFO ][2016-01-14 11:59:36,290][com.java.SeleniumDriver] [  916] - {Data Fields & Data Values Exist}
[INFO ][2016-01-14 11:59:36,291][com.java.SeleniumDriver] [  918] - --------------------------setting values-----------------------------
[INFO ][2016-01-14 11:59:36,291][com.java.SeleniumDriver] [  921] - Action Type : WAITTIME
[DEBUG][2016-01-14 11:59:36,291][com.java.TestType] [ 5950] - sleepTime: 2000
[INFO ][2016-01-14 11:59:38,291][com.java.SeleniumDriver] [  930] -  RESULT true
[INFO ][2016-01-14 11:59:38,291][com.java.SeleniumDriver] [ 1136] - ?   P A S S   ?
[INFO ][2016-01-14 11:59:38,291][com.java.SeleniumDriver] [  856] - ------------------------------------------
[INFO ][2016-01-14 11:59:38,291][com.java.SeleniumDriver] [  857] - Test case being Executed: 12
[INFO ][2016-01-14 11:59:38,291][com.java.SeleniumDriver] [  869] - Test step:13
[INFO ][2016-01-14 11:59:38,291][com.java.SeleniumDriver] [  881] - Datavalue is----------Test
[INFO ][2016-01-14 11:59:38,291][com.java.SeleniumDriver] [  905] - DataField : TXTtxtDescription
[INFO ][2016-01-14 11:59:38,291][com.java.SeleniumDriver] [  907] - DataValue : Test
[INFO ][2016-01-14 11:59:38,291][com.java.SeleniumDriver] [  913] - <In Set values of the page>
[INFO ][2016-01-14 11:59:38,291][com.java.SeleniumDriver] [  916] - {Data Fields & Data Values Exist}
[INFO ][2016-01-14 11:59:38,291][com.java.SeleniumDriver] [  918] - --------------------------setting values-----------------------------
[INFO ][2016-01-14 11:59:38,291][com.java.SeleniumDriver] [  921] - Action Type : STOREVALUE
[INFO ][2016-01-14 11:59:38,292][com.java.TestType] [ 9068] - field= TXTtxtDescription
[DEBUG][2016-01-14 11:59:39,388][com.java.TestType] [ 9082] - Key:: Test  Value:: VLTest26821
[INFO ][2016-01-14 11:59:39,388][com.java.SeleniumDriver] [  930] -  RESULT true
[INFO ][2016-01-14 11:59:39,388][com.java.SeleniumDriver] [ 1136] - ?   P A S S   ?
[INFO ][2016-01-14 11:59:39,388][com.java.SeleniumDriver] [  856] - ------------------------------------------
[INFO ][2016-01-14 11:59:39,388][com.java.SeleniumDriver] [  857] - Test case being Executed: 12
[INFO ][2016-01-14 11:59:39,388][com.java.SeleniumDriver] [  869] - Test step:14
[INFO ][2016-01-14 11:59:39,388][com.java.SeleniumDriver] [  881] - Datavalue is----------3
[INFO ][2016-01-14 11:59:39,389][com.java.SeleniumDriver] [  905] - DataField : test
[INFO ][2016-01-14 11:59:39,389][com.java.SeleniumDriver] [  907] - DataValue : 3
[INFO ][2016-01-14 11:59:39,389][com.java.SeleniumDriver] [  913] - <In Set values of the page>
[INFO ][2016-01-14 11:59:39,389][com.java.SeleniumDriver] [  916] - {Data Fields & Data Values Exist}
[INFO ][2016-01-14 11:59:39,389][com.java.SeleniumDriver] [  918] - --------------------------setting values-----------------------------
[INFO ][2016-01-14 11:59:39,389][com.java.SeleniumDriver] [  921] - Action Type : WAITTIME
[DEBUG][2016-01-14 11:59:39,389][com.java.TestType] [ 5950] - sleepTime: 3000
[INFO ][2016-01-14 11:59:42,390][com.java.SeleniumDriver] [  930] -  RESULT true
[INFO ][2016-01-14 11:59:42,390][com.java.SeleniumDriver] [ 1136] - ?   P A S S   ?
[INFO ][2016-01-14 11:59:42,390][com.java.SeleniumDriver] [  856] - ------------------------------------------
[INFO ][2016-01-14 11:59:42,390][com.java.SeleniumDriver] [  857] - Test case being Executed: 12
[INFO ][2016-01-14 11:59:42,390][com.java.SeleniumDriver] [  869] - Test step:15
[INFO ][2016-01-14 11:59:42,390][com.java.SeleniumDriver] [  881] - Datavalue is----------1.00
[INFO ][2016-01-14 11:59:42,390][com.java.SeleniumDriver] [  905] - DataField : TXTtxtWeight
[INFO ][2016-01-14 11:59:42,390][com.java.SeleniumDriver] [  907] - DataValue : 1.00
[INFO ][2016-01-14 11:59:42,390][com.java.SeleniumDriver] [  913] - <In Set values of the page>
[INFO ][2016-01-14 11:59:42,390][com.java.SeleniumDriver] [  916] - {Data Fields & Data Values Exist}
[INFO ][2016-01-14 11:59:42,390][com.java.SeleniumDriver] [  918] - --------------------------setting values-----------------------------
[INFO ][2016-01-14 11:59:42,390][com.java.SeleniumDriver] [  921] - Action Type : CLEARANDENTER
[INFO ][2016-01-14 11:59:43,531][com.java.TestType] [ 6136] - value = 1.00
[INFO ][2016-01-14 11:59:44,686][com.java.SeleniumDriver] [  930] -  RESULT true
[INFO ][2016-01-14 11:59:44,686][com.java.SeleniumDriver] [ 1136] - ?   P A S S   ?
[INFO ][2016-01-14 11:59:44,686][com.java.SeleniumDriver] [  856] - ------------------------------------------
[INFO ][2016-01-14 11:59:44,686][com.java.SeleniumDriver] [  857] - Test case being Executed: 12
[INFO ][2016-01-14 11:59:44,686][com.java.SeleniumDriver] [  869] - Test step:16
[INFO ][2016-01-14 11:59:44,686][com.java.SeleniumDriver] [  881] - Datavalue is----------Historical
[INFO ][2016-01-14 11:59:44,686][com.java.SeleniumDriver] [  905] - DataField : TXTtxtWeight
[INFO ][2016-01-14 11:59:44,687][com.java.SeleniumDriver] [  907] - DataValue : Historical
[INFO ][2016-01-14 11:59:44,688][com.java.SeleniumDriver] [  913] - <In Set values of the page>
[INFO ][2016-01-14 11:59:44,688][com.java.SeleniumDriver] [  916] - {Data Fields & Data Values Exist}
[INFO ][2016-01-14 11:59:44,688][com.java.SeleniumDriver] [  918] - --------------------------setting values-----------------------------
[INFO ][2016-01-14 11:59:44,688][com.java.SeleniumDriver] [  921] - Action Type : STOREVALUE
[INFO ][2016-01-14 11:59:44,688][com.java.TestType] [ 9068] - field= TXTtxtWeight
[DEBUG][2016-01-14 11:59:45,766][com.java.TestType] [ 9082] - Key:: Historical  Value:: 1.00
[INFO ][2016-01-14 11:59:45,766][com.java.SeleniumDriver] [  930] -  RESULT true
[INFO ][2016-01-14 11:59:45,766][com.java.SeleniumDriver] [ 1136] - ?   P A S S   ?
[INFO ][2016-01-14 11:59:45,766][com.java.SeleniumDriver] [  856] - ------------------------------------------
[INFO ][2016-01-14 11:59:45,766][com.java.SeleniumDriver] [  857] - Test case being Executed: 12
[INFO ][2016-01-14 11:59:45,766][com.java.SeleniumDriver] [  869] - Test step:17
[INFO ][2016-01-14 11:59:45,766][com.java.SeleniumDriver] [  881] - Datavalue is----------3
[INFO ][2016-01-14 11:59:45,767][com.java.SeleniumDriver] [  905] - DataField : test
[INFO ][2016-01-14 11:59:45,767][com.java.SeleniumDriver] [  907] - DataValue : 3
[INFO ][2016-01-14 11:59:45,767][com.java.SeleniumDriver] [  913] - <In Set values of the page>
[INFO ][2016-01-14 11:59:45,767][com.java.SeleniumDriver] [  916] - {Data Fields & Data Values Exist}
[INFO ][2016-01-14 11:59:45,767][com.java.SeleniumDriver] [  918] - --------------------------setting values-----------------------------
[INFO ][2016-01-14 11:59:45,767][com.java.SeleniumDriver] [  921] - Action Type : WAITTIME
[DEBUG][2016-01-14 11:59:45,767][com.java.TestType] [ 5950] - sleepTime: 3000
[INFO ][2016-01-14 11:59:48,767][com.java.SeleniumDriver] [  930] -  RESULT true
[INFO ][2016-01-14 11:59:48,767][com.java.SeleniumDriver] [ 1136] - ?   P A S S   ?
[INFO ][2016-01-14 11:59:48,767][com.java.SeleniumDriver] [  856] - ------------------------------------------
[INFO ][2016-01-14 11:59:48,767][com.java.SeleniumDriver] [  857] - Test case being Executed: 12
[INFO ][2016-01-14 11:59:48,767][com.java.SeleniumDriver] [  869] - Test step:18
[INFO ][2016-01-14 11:59:48,767][com.java.SeleniumDriver] [  881] - Datavalue is----------1.20
[INFO ][2016-01-14 11:59:48,767][com.java.SeleniumDriver] [  905] - DataField : TXTtxtWeight1
[INFO ][2016-01-14 11:59:48,767][com.java.SeleniumDriver] [  907] - DataValue : 1.20
[INFO ][2016-01-14 11:59:48,767][com.java.SeleniumDriver] [  913] - <In Set values of the page>
[INFO ][2016-01-14 11:59:48,767][com.java.SeleniumDriver] [  916] - {Data Fields & Data Values Exist}
[INFO ][2016-01-14 11:59:48,767][com.java.SeleniumDriver] [  918] - --------------------------setting values-----------------------------
[INFO ][2016-01-14 11:59:48,767][com.java.SeleniumDriver] [  921] - Action Type : CLEARANDENTER
[INFO ][2016-01-14 11:59:49,914][com.java.TestType] [ 6136] - value = 1.20
[INFO ][2016-01-14 11:59:51,068][com.java.SeleniumDriver] [  930] -  RESULT true
[INFO ][2016-01-14 11:59:51,068][com.java.SeleniumDriver] [ 1136] - ?   P A S S   ?
[INFO ][2016-01-14 11:59:51,068][com.java.SeleniumDriver] [  856] - ------------------------------------------
[INFO ][2016-01-14 11:59:51,068][com.java.SeleniumDriver] [  857] - Test case being Executed: 12
[INFO ][2016-01-14 11:59:51,068][com.java.SeleniumDriver] [  869] - Test step:19
[INFO ][2016-01-14 11:59:51,068][com.java.SeleniumDriver] [  881] - Datavalue is----------Economic
[INFO ][2016-01-14 11:59:51,068][com.java.SeleniumDriver] [  905] - DataField : TXTtxtWeight1
[INFO ][2016-01-14 11:59:51,068][com.java.SeleniumDriver] [  907] - DataValue : Economic
[INFO ][2016-01-14 11:59:51,069][com.java.SeleniumDriver] [  913] - <In Set values of the page>
[INFO ][2016-01-14 11:59:51,069][com.java.SeleniumDriver] [  916] - {Data Fields & Data Values Exist}
[INFO ][2016-01-14 11:59:51,069][com.java.SeleniumDriver] [  918] - --------------------------setting values-----------------------------
[INFO ][2016-01-14 11:59:51,069][com.java.SeleniumDriver] [  921] - Action Type : STOREVALUE
[INFO ][2016-01-14 11:59:51,069][com.java.TestType] [ 9068] - field= TXTtxtWeight1
[DEBUG][2016-01-14 11:59:52,159][com.java.TestType] [ 9082] - Key:: Economic  Value:: 1.20
[INFO ][2016-01-14 11:59:52,159][com.java.SeleniumDriver] [  930] -  RESULT true
[INFO ][2016-01-14 11:59:52,159][com.java.SeleniumDriver] [ 1136] - ?   P A S S   ?
[INFO ][2016-01-14 11:59:52,159][com.java.SeleniumDriver] [  856] - ------------------------------------------
[INFO ][2016-01-14 11:59:52,159][com.java.SeleniumDriver] [  857] - Test case being Executed: 12
[INFO ][2016-01-14 11:59:52,159][com.java.SeleniumDriver] [  869] - Test step:20
[INFO ][2016-01-14 11:59:52,159][com.java.SeleniumDriver] [  881] - Datavalue is----------3
[INFO ][2016-01-14 11:59:52,159][com.java.SeleniumDriver] [  905] - DataField : test
[INFO ][2016-01-14 11:59:52,159][com.java.SeleniumDriver] [  907] - DataValue : 3
[INFO ][2016-01-14 11:59:52,159][com.java.SeleniumDriver] [  913] - <In Set values of the page>
[INFO ][2016-01-14 11:59:52,159][com.java.SeleniumDriver] [  916] - {Data Fields & Data Values Exist}
[INFO ][2016-01-14 11:59:52,159][com.java.SeleniumDriver] [  918] - --------------------------setting values-----------------------------
[INFO ][2016-01-14 11:59:52,160][com.java.SeleniumDriver] [  921] - Action Type : WAITTIME
[DEBUG][2016-01-14 11:59:52,160][com.java.TestType] [ 5950] - sleepTime: 3000
[INFO ][2016-01-14 11:59:55,160][com.java.SeleniumDriver] [  930] -  RESULT true
[INFO ][2016-01-14 11:59:55,160][com.java.SeleniumDriver] [ 1136] - ?   P A S S   ?
[INFO ][2016-01-14 11:59:55,160][com.java.SeleniumDriver] [  856] - ------------------------------------------
[INFO ][2016-01-14 11:59:55,160][com.java.SeleniumDriver] [  857] - Test case being Executed: 12
[INFO ][2016-01-14 11:59:55,160][com.java.SeleniumDriver] [  869] - Test step:21
[INFO ][2016-01-14 11:59:55,160][com.java.SeleniumDriver] [  881] - Datavalue is----------0.50
[INFO ][2016-01-14 11:59:55,160][com.java.SeleniumDriver] [  905] - DataField : TXTtxtWeight2
[INFO ][2016-01-14 11:59:55,160][com.java.SeleniumDriver] [  907] - DataValue : 0.50
[INFO ][2016-01-14 11:59:55,160][com.java.SeleniumDriver] [  913] - <In Set values of the page>
[INFO ][2016-01-14 11:59:55,160][com.java.SeleniumDriver] [  916] - {Data Fields & Data Values Exist}
[INFO ][2016-01-14 11:59:55,160][com.java.SeleniumDriver] [  918] - --------------------------setting values-----------------------------
[INFO ][2016-01-14 11:59:55,160][com.java.SeleniumDriver] [  921] - Action Type : CLEARANDENTER
[INFO ][2016-01-14 11:59:56,290][com.java.TestType] [ 6136] - value = 0.50
[INFO ][2016-01-14 11:59:57,443][com.java.SeleniumDriver] [  930] -  RESULT true
[INFO ][2016-01-14 11:59:57,443][com.java.SeleniumDriver] [ 1136] - ?   P A S S   ?
[INFO ][2016-01-14 11:59:57,443][com.java.SeleniumDriver] [  856] - ------------------------------------------
[INFO ][2016-01-14 11:59:57,443][com.java.SeleniumDriver] [  857] - Test case being Executed: 12
[INFO ][2016-01-14 11:59:57,443][com.java.SeleniumDriver] [  869] - Test step:22
[INFO ][2016-01-14 11:59:57,443][com.java.SeleniumDriver] [  881] - Datavalue is----------Other
[INFO ][2016-01-14 11:59:57,443][com.java.SeleniumDriver] [  905] - DataField : TXTtxtWeight2
[INFO ][2016-01-14 11:59:57,443][com.java.SeleniumDriver] [  907] - DataValue : Other
[INFO ][2016-01-14 11:59:57,443][com.java.SeleniumDriver] [  913] - <In Set values of the page>
[INFO ][2016-01-14 11:59:57,443][com.java.SeleniumDriver] [  916] - {Data Fields & Data Values Exist}
[INFO ][2016-01-14 11:59:57,443][com.java.SeleniumDriver] [  918] - --------------------------setting values-----------------------------
[INFO ][2016-01-14 11:59:57,443][com.java.SeleniumDriver] [  921] - Action Type : STOREVALUE
[INFO ][2016-01-14 11:59:57,444][com.java.TestType] [ 9068] - field= TXTtxtWeight2
[DEBUG][2016-01-14 11:59:58,527][com.java.TestType] [ 9082] - Key:: Other  Value:: 0.50
[INFO ][2016-01-14 11:59:58,527][com.java.SeleniumDriver] [  930] -  RESULT true
[INFO ][2016-01-14 11:59:58,527][com.java.SeleniumDriver] [ 1136] - ?   P A S S   ?
[INFO ][2016-01-14 11:59:58,527][com.java.SeleniumDriver] [  856] - ------------------------------------------
[INFO ][2016-01-14 11:59:58,527][com.java.SeleniumDriver] [  857] - Test case being Executed: 12
[INFO ][2016-01-14 11:59:58,527][com.java.SeleniumDriver] [  869] - Test step:23
[INFO ][2016-01-14 11:59:58,528][com.java.SeleniumDriver] [  881] - Datavalue is----------3
[INFO ][2016-01-14 11:59:58,528][com.java.SeleniumDriver] [  905] - DataField : test
[INFO ][2016-01-14 11:59:58,528][com.java.SeleniumDriver] [  907] - DataValue : 3
[INFO ][2016-01-14 11:59:58,528][com.java.SeleniumDriver] [  913] - <In Set values of the page>
[INFO ][2016-01-14 11:59:58,528][com.java.SeleniumDriver] [  916] - {Data Fields & Data Values Exist}
[INFO ][2016-01-14 11:59:58,528][com.java.SeleniumDriver] [  918] - --------------------------setting values-----------------------------
[INFO ][2016-01-14 11:59:58,528][com.java.SeleniumDriver] [  921] - Action Type : WAITTIME
[DEBUG][2016-01-14 11:59:58,528][com.java.TestType] [ 5950] - sleepTime: 3000
[INFO ][2016-01-14 12:00:01,528][com.java.SeleniumDriver] [  930] -  RESULT true
[INFO ][2016-01-14 12:00:01,528][com.java.SeleniumDriver] [ 1136] - ?   P A S S   ?
[INFO ][2016-01-14 12:00:01,528][com.java.SeleniumDriver] [  856] - ------------------------------------------
[INFO ][2016-01-14 12:00:01,528][com.java.SeleniumDriver] [  857] - Test case being Executed: 12
[INFO ][2016-01-14 12:00:01,528][com.java.SeleniumDriver] [  869] - Test step:24
[INFO ][2016-01-14 12:00:01,528][com.java.SeleniumDriver] [  881] - Datavalue is----------null
[DEBUG][2016-01-14 12:00:01,528][com.java.SeleniumDriver] [  899] - Exception: null
[INFO ][2016-01-14 12:00:01,528][com.java.SeleniumDriver] [  905] - DataField : BTNchkRated
[INFO ][2016-01-14 12:00:01,528][com.java.SeleniumDriver] [  907] - DataValue : 
[INFO ][2016-01-14 12:00:01,528][com.java.SeleniumDriver] [  913] - <In Set values of the page>
[INFO ][2016-01-14 12:00:01,528][com.java.SeleniumDriver] [  916] - {Data Fields & Data Values Exist}
[INFO ][2016-01-14 12:00:01,529][com.java.SeleniumDriver] [  918] - --------------------------setting values-----------------------------
[INFO ][2016-01-14 12:00:01,529][com.java.SeleniumDriver] [  921] - Action Type : CLICK
[INFO ][2016-01-14 12:00:01,529][com.java.TestType] [ 6515] - Field ::BTNchkRated
[INFO ][2016-01-14 12:00:01,529][com.java.TestType] [ 6136] - value = 
[INFO ][2016-01-14 12:00:02,530][com.java.TestType] [ 6631] - BEFORE CLICK
[INFO ][2016-01-14 12:00:03,723][com.java.TestType] [ 6638] - Unable to click the object RatedLoan checkbox
[INFO ][2016-01-14 12:00:03,723][com.java.SeleniumDriver] [  930] -  RESULT true
[INFO ][2016-01-14 12:00:03,723][com.java.SeleniumDriver] [ 1136] - ?   P A S S   ?
[INFO ][2016-01-14 12:00:03,723][com.java.SeleniumDriver] [  856] - ------------------------------------------
[INFO ][2016-01-14 12:00:03,723][com.java.SeleniumDriver] [  857] - Test case being Executed: 12
[INFO ][2016-01-14 12:00:03,723][com.java.SeleniumDriver] [  869] - Test step:25
[INFO ][2016-01-14 12:00:03,723][com.java.SeleniumDriver] [  881] - Datavalue is----------null
[DEBUG][2016-01-14 12:00:03,723][com.java.SeleniumDriver] [  899] - Exception: null
[INFO ][2016-01-14 12:00:03,723][com.java.SeleniumDriver] [  905] - DataField : BTNparent
[INFO ][2016-01-14 12:00:03,724][com.java.SeleniumDriver] [  907] - DataValue : 
[INFO ][2016-01-14 12:00:03,724][com.java.SeleniumDriver] [  913] - <In Set values of the page>
[INFO ][2016-01-14 12:00:03,724][com.java.SeleniumDriver] [  916] - {Data Fields & Data Values Exist}
[INFO ][2016-01-14 12:00:03,724][com.java.SeleniumDriver] [  918] - --------------------------setting values-----------------------------
[INFO ][2016-01-14 12:00:03,724][com.java.SeleniumDriver] [  921] - Action Type : SELECTFRAME
[INFO ][2016-01-14 12:00:03,740][com.java.SeleniumDriver] [  930] -  RESULT true
[INFO ][2016-01-14 12:00:03,740][com.java.SeleniumDriver] [ 1136] - ?   P A S S   ?
[INFO ][2016-01-14 12:00:03,740][com.java.SeleniumDriver] [  856] - ------------------------------------------
[INFO ][2016-01-14 12:00:03,740][com.java.SeleniumDriver] [  857] - Test case being Executed: 12
[INFO ][2016-01-14 12:00:03,740][com.java.SeleniumDriver] [  869] - Test step:26
[INFO ][2016-01-14 12:00:03,741][com.java.SeleniumDriver] [  881] - Datavalue is----------5
[INFO ][2016-01-14 12:00:03,741][com.java.SeleniumDriver] [  905] - DataField : XPH//span[contains(text(), 'Update')]
[INFO ][2016-01-14 12:00:03,741][com.java.SeleniumDriver] [  907] - DataValue : 5
[INFO ][2016-01-14 12:00:03,741][com.java.SeleniumDriver] [  913] - <In Set values of the page>
[INFO ][2016-01-14 12:00:03,741][com.java.SeleniumDriver] [  916] - {Data Fields & Data Values Exist}
[INFO ][2016-01-14 12:00:03,741][com.java.SeleniumDriver] [  918] - --------------------------setting values-----------------------------
[INFO ][2016-01-14 12:00:03,741][com.java.SeleniumDriver] [  921] - Action Type : WAITFORELEMENT
[INFO ][2016-01-14 12:00:03,776][com.java.SeleniumDriver] [  930] -  RESULT true
[INFO ][2016-01-14 12:00:03,776][com.java.SeleniumDriver] [ 1136] - ?   P A S S   ?
[INFO ][2016-01-14 12:00:03,776][com.java.SeleniumDriver] [  856] - ------------------------------------------
[INFO ][2016-01-14 12:00:03,776][com.java.SeleniumDriver] [  857] - Test case being Executed: 12
[INFO ][2016-01-14 12:00:03,776][com.java.SeleniumDriver] [  869] - Test step:27
[INFO ][2016-01-14 12:00:03,776][com.java.SeleniumDriver] [  881] - Datavalue is----------null
[DEBUG][2016-01-14 12:00:03,776][com.java.SeleniumDriver] [  899] - Exception: null
[INFO ][2016-01-14 12:00:03,776][com.java.SeleniumDriver] [  905] - DataField : XPH//span[contains(text(), 'Update')]
[INFO ][2016-01-14 12:00:03,777][com.java.SeleniumDriver] [  907] - DataValue : 
[INFO ][2016-01-14 12:00:03,777][com.java.SeleniumDriver] [  913] - <In Set values of the page>
[INFO ][2016-01-14 12:00:03,777][com.java.SeleniumDriver] [  916] - {Data Fields & Data Values Exist}
[INFO ][2016-01-14 12:00:03,777][com.java.SeleniumDriver] [  918] - --------------------------setting values-----------------------------
[INFO ][2016-01-14 12:00:03,777][com.java.SeleniumDriver] [  921] - Action Type : CLICK
[INFO ][2016-01-14 12:00:03,777][com.java.TestType] [ 6515] - Field ::XPH//span[contains(text(), 'Update')]
[INFO ][2016-01-14 12:00:03,777][com.java.TestType] [ 6136] - value = 
[INFO ][2016-01-14 12:00:04,777][com.java.TestType] [ 6652] - BEFORE CLICK
[INFO ][2016-01-14 12:00:05,871][com.java.TestType] [ 6660] - Unable to click the object Update button
[INFO ][2016-01-14 12:00:05,872][com.java.SeleniumDriver] [  930] -  RESULT true
[INFO ][2016-01-14 12:00:05,872][com.java.SeleniumDriver] [ 1136] - ?   P A S S   ?
[INFO ][2016-01-14 12:00:05,872][com.java.SeleniumDriver] [  856] - ------------------------------------------
[INFO ][2016-01-14 12:00:05,872][com.java.SeleniumDriver] [  857] - Test case being Executed: 12
[INFO ][2016-01-14 12:00:05,872][com.java.SeleniumDriver] [  869] - Test step:28
[INFO ][2016-01-14 12:00:05,872][com.java.SeleniumDriver] [  881] - Datavalue is----------5
[INFO ][2016-01-14 12:00:05,872][com.java.SeleniumDriver] [  905] - DataField : XPH//span[contains(text(), 'Rated Loan Categories')]
[INFO ][2016-01-14 12:00:05,872][com.java.SeleniumDriver] [  907] - DataValue : 5
[INFO ][2016-01-14 12:00:05,873][com.java.SeleniumDriver] [  913] - <In Set values of the page>
[INFO ][2016-01-14 12:00:05,873][com.java.SeleniumDriver] [  916] - {Data Fields & Data Values Exist}
[INFO ][2016-01-14 12:00:05,873][com.java.SeleniumDriver] [  918] - --------------------------setting values-----------------------------
[INFO ][2016-01-14 12:00:05,873][com.java.SeleniumDriver] [  921] - Action Type : WAITFORELEMENT
[INFO ][2016-01-14 12:00:06,248][com.java.SeleniumDriver] [  930] -  RESULT true
[INFO ][2016-01-14 12:00:06,248][com.java.SeleniumDriver] [ 1136] - ?   P A S S   ?
[INFO ][2016-01-14 12:00:06,248][com.java.SeleniumDriver] [  856] - ------------------------------------------
[INFO ][2016-01-14 12:00:06,248][com.java.SeleniumDriver] [  857] - Test case being Executed: 12
[INFO ][2016-01-14 12:00:06,248][com.java.SeleniumDriver] [  869] - Test step:29
[INFO ][2016-01-14 12:00:06,248][com.java.SeleniumDriver] [  881] - Datavalue is----------null
[DEBUG][2016-01-14 12:00:06,249][com.java.SeleniumDriver] [  899] - Exception: null
[INFO ][2016-01-14 12:00:06,249][com.java.SeleniumDriver] [  905] - DataField : BTNframeDialogContent
[INFO ][2016-01-14 12:00:06,249][com.java.SeleniumDriver] [  907] - DataValue : 
[INFO ][2016-01-14 12:00:06,249][com.java.SeleniumDriver] [  913] - <In Set values of the page>
[INFO ][2016-01-14 12:00:06,249][com.java.SeleniumDriver] [  916] - {Data Fields & Data Values Exist}
[INFO ][2016-01-14 12:00:06,249][com.java.SeleniumDriver] [  918] - --------------------------setting values-----------------------------
[INFO ][2016-01-14 12:00:06,249][com.java.SeleniumDriver] [  921] - Action Type : SELECTFRAME
[INFO ][2016-01-14 12:00:07,504][com.java.SeleniumDriver] [  930] -  RESULT true
[INFO ][2016-01-14 12:00:07,504][com.java.SeleniumDriver] [ 1136] - ?   P A S S   ?
[INFO ][2016-01-14 12:00:07,504][com.java.SeleniumDriver] [  856] - ------------------------------------------
[INFO ][2016-01-14 12:00:07,504][com.java.SeleniumDriver] [  857] - Test case being Executed: 12
[INFO ][2016-01-14 12:00:07,504][com.java.SeleniumDriver] [  869] - Test step:30
[INFO ][2016-01-14 12:00:07,504][com.java.SeleniumDriver] [  881] - Datavalue is----------HMVTest
[INFO ][2016-01-14 12:00:07,505][com.java.SeleniumDriver] [  905] - DataField : MSG
[INFO ][2016-01-14 12:00:07,505][com.java.SeleniumDriver] [  907] - DataValue : HMVTest
[INFO ][2016-01-14 12:00:07,505][com.java.SeleniumDriver] [  913] - <In Set values of the page>
[INFO ][2016-01-14 12:00:07,505][com.java.SeleniumDriver] [  916] - {Data Fields & Data Values Exist}
[INFO ][2016-01-14 12:00:07,505][com.java.SeleniumDriver] [  918] - --------------------------setting values-----------------------------
[INFO ][2016-01-14 12:00:07,505][com.java.SeleniumDriver] [  921] - Action Type : VERIFY
[INFO ][2016-01-14 12:00:07,505][com.java.TestType] [ 7641] - field= MSG value= HMVTest
[INFO ][2016-01-14 12:00:07,505][com.java.TestType] [ 6136] - value = VLTest26821
[DEBUG][2016-01-14 12:00:07,505][com.java.TestType] [ 8471] - value :: VLTest26821
[INFO ][2016-01-14 12:00:07,523][com.java.SeleniumDriver] [  930] -  RESULT true
[INFO ][2016-01-14 12:00:07,524][com.java.SeleniumDriver] [ 1136] - ?   P A S S   ?
[INFO ][2016-01-14 12:00:07,524][com.java.SeleniumDriver] [  856] - ------------------------------------------
[INFO ][2016-01-14 12:00:07,524][com.java.SeleniumDriver] [  857] - Test case being Executed: 12
[INFO ][2016-01-14 12:00:07,524][com.java.SeleniumDriver] [  869] - Test step:31
[INFO ][2016-01-14 12:00:07,524][com.java.SeleniumDriver] [  881] - Datavalue is----------null
[DEBUG][2016-01-14 12:00:07,524][com.java.SeleniumDriver] [  899] - Exception: null
[INFO ][2016-01-14 12:00:07,524][com.java.SeleniumDriver] [  905] - DataField : BTNparent
[INFO ][2016-01-14 12:00:07,524][com.java.SeleniumDriver] [  907] - DataValue : 
[INFO ][2016-01-14 12:00:07,524][com.java.SeleniumDriver] [  913] - <In Set values of the page>
[INFO ][2016-01-14 12:00:07,524][com.java.SeleniumDriver] [  916] - {Data Fields & Data Values Exist}
[INFO ][2016-01-14 12:00:07,524][com.java.SeleniumDriver] [  918] - --------------------------setting values-----------------------------
[INFO ][2016-01-14 12:00:07,524][com.java.SeleniumDriver] [  921] - Action Type : SELECTFRAME
[INFO ][2016-01-14 12:00:07,540][com.java.SeleniumDriver] [  930] -  RESULT true
[INFO ][2016-01-14 12:00:07,540][com.java.SeleniumDriver] [ 1136] - ?   P A S S   ?
[INFO ][2016-01-14 12:00:07,540][com.java.SeleniumDriver] [  856] - ------------------------------------------
[INFO ][2016-01-14 12:00:07,540][com.java.SeleniumDriver] [  857] - Test case being Executed: 12
[INFO ][2016-01-14 12:00:07,540][com.java.SeleniumDriver] [  869] - Test step:32
[INFO ][2016-01-14 12:00:07,540][com.java.SeleniumDriver] [  881] - Datavalue is----------null
[DEBUG][2016-01-14 12:00:07,541][com.java.SeleniumDriver] [  899] - Exception: null
[INFO ][2016-01-14 12:00:07,541][com.java.SeleniumDriver] [  905] - DataField : XPH//span[contains(text(), 'Update')]
[INFO ][2016-01-14 12:00:07,541][com.java.SeleniumDriver] [  907] - DataValue : 
[INFO ][2016-01-14 12:00:07,541][com.java.SeleniumDriver] [  913] - <In Set values of the page>
[INFO ][2016-01-14 12:00:07,541][com.java.SeleniumDriver] [  916] - {Data Fields & Data Values Exist}
[INFO ][2016-01-14 12:00:07,541][com.java.SeleniumDriver] [  918] - --------------------------setting values-----------------------------
[INFO ][2016-01-14 12:00:07,541][com.java.SeleniumDriver] [  921] - Action Type : CLICK
[INFO ][2016-01-14 12:00:07,541][com.java.TestType] [ 6515] - Field ::XPH//span[contains(text(), 'Update')]
[INFO ][2016-01-14 12:00:07,541][com.java.TestType] [ 6136] - value = 
[INFO ][2016-01-14 12:00:08,541][com.java.TestType] [ 6652] - BEFORE CLICK
[INFO ][2016-01-14 12:00:09,842][com.java.TestType] [ 6660] - Unable to click the object Update button
[INFO ][2016-01-14 12:00:09,842][com.java.SeleniumDriver] [  930] -  RESULT true
[INFO ][2016-01-14 12:00:09,842][com.java.SeleniumDriver] [ 1136] - ?   P A S S   ?
[INFO ][2016-01-14 12:00:09,842][com.java.SeleniumDriver] [  856] - ------------------------------------------
[INFO ][2016-01-14 12:00:09,842][com.java.SeleniumDriver] [  857] - Test case being Executed: 12
[INFO ][2016-01-14 12:00:09,842][com.java.SeleniumDriver] [  869] - Test step:33
[INFO ][2016-01-14 12:00:09,842][com.java.SeleniumDriver] [  881] - Datavalue is----------3
[INFO ][2016-01-14 12:00:09,842][com.java.SeleniumDriver] [  905] - DataField : XPH//div[contains(text(), 'My Dashboard')]
[INFO ][2016-01-14 12:00:09,842][com.java.SeleniumDriver] [  907] - DataValue : 3
[INFO ][2016-01-14 12:00:09,842][com.java.SeleniumDriver] [  913] - <In Set values of the page>
[INFO ][2016-01-14 12:00:09,842][com.java.SeleniumDriver] [  916] - {Data Fields & Data Values Exist}
[INFO ][2016-01-14 12:00:09,842][com.java.SeleniumDriver] [  918] - --------------------------setting values-----------------------------
[INFO ][2016-01-14 12:00:09,842][com.java.SeleniumDriver] [  921] - Action Type : WAITFORELEMENT
[INFO ][2016-01-14 12:00:09,880][com.java.SeleniumDriver] [  930] -  RESULT true
[INFO ][2016-01-14 12:00:09,880][com.java.SeleniumDriver] [ 1136] - ?   P A S S   ?
[INFO ][2016-01-14 12:00:09,881][com.java.SeleniumDriver] [  856] - ------------------------------------------
[INFO ][2016-01-14 12:00:09,881][com.java.SeleniumDriver] [  857] - Test case being Executed: 12
[INFO ][2016-01-14 12:00:09,881][com.java.SeleniumDriver] [  869] - Test step:34
[INFO ][2016-01-14 12:00:09,881][com.java.SeleniumDriver] [  881] - Datavalue is----------My Dashboard
[INFO ][2016-01-14 12:00:09,881][com.java.SeleniumDriver] [  905] - DataField : XPH//div[contains(text(), 'My Dashboard')]
[INFO ][2016-01-14 12:00:09,881][com.java.SeleniumDriver] [  907] - DataValue : My Dashboard
[INFO ][2016-01-14 12:00:09,881][com.java.SeleniumDriver] [  913] - <In Set values of the page>
[INFO ][2016-01-14 12:00:09,881][com.java.SeleniumDriver] [  916] - {Data Fields & Data Values Exist}
[INFO ][2016-01-14 12:00:09,881][com.java.SeleniumDriver] [  918] - --------------------------setting values-----------------------------
[INFO ][2016-01-14 12:00:09,881][com.java.SeleniumDriver] [  921] - Action Type : VERIFY
[INFO ][2016-01-14 12:00:09,881][com.java.TestType] [ 7641] - field= XPH//div[contains(text(), 'My Dashboard')] value= My Dashboard
[INFO ][2016-01-14 12:00:09,881][com.java.TestType] [ 6136] - value = My Dashboard
[INFO ][2016-01-14 12:00:10,017][com.java.SeleniumDriver] [  930] -  RESULT true
[INFO ][2016-01-14 12:00:10,017][com.java.SeleniumDriver] [ 1136] - ?   P A S S   ?
[INFO ][2016-01-14 12:00:10,017][com.java.SeleniumDriver] [  856] - ------------------------------------------
[INFO ][2016-01-14 12:00:10,017][com.java.SeleniumDriver] [  857] - Test case being Executed: 12
[INFO ][2016-01-14 12:00:10,017][com.java.SeleniumDriver] [  869] - Test step:35
[INFO ][2016-01-14 12:00:10,017][com.java.SeleniumDriver] [  881] - Datavalue is----------null
[DEBUG][2016-01-14 12:00:10,017][com.java.SeleniumDriver] [  899] - Exception: null
[INFO ][2016-01-14 12:00:10,018][com.java.SeleniumDriver] [  905] - DataField : //span[@class='icon-user4']&&//a[text()='Company Settings']&&//a[@data-id="RatedLoans"]
[INFO ][2016-01-14 12:00:10,018][com.java.SeleniumDriver] [  907] - DataValue : 
[INFO ][2016-01-14 12:00:10,018][com.java.SeleniumDriver] [  913] - <In Set values of the page>
[INFO ][2016-01-14 12:00:10,018][com.java.SeleniumDriver] [  916] - {Data Fields & Data Values Exist}
[INFO ][2016-01-14 12:00:10,018][com.java.SeleniumDriver] [  918] - --------------------------setting values-----------------------------
[INFO ][2016-01-14 12:00:10,018][com.java.SeleniumDriver] [  921] - Action Type : MOUSEOVER
[INFO ][2016-01-14 12:00:36,854][com.java.SeleniumDriver] [  930] -  RESULT true
[INFO ][2016-01-14 12:00:36,854][com.java.SeleniumDriver] [ 1136] - ?   P A S S   ?
[INFO ][2016-01-14 12:00:36,854][com.java.SeleniumDriver] [  856] - ------------------------------------------
[INFO ][2016-01-14 12:00:36,854][com.java.SeleniumDriver] [  857] - Test case being Executed: 12
[INFO ][2016-01-14 12:00:36,854][com.java.SeleniumDriver] [  869] - Test step:36
[INFO ][2016-01-14 12:00:36,854][com.java.SeleniumDriver] [  881] - Datavalue is----------Rated Loan Categories
[INFO ][2016-01-14 12:00:36,854][com.java.SeleniumDriver] [  905] - DataField : XPH//span[contains(text(), 'Rated Loan Categories')]
[INFO ][2016-01-14 12:00:36,855][com.java.SeleniumDriver] [  907] - DataValue : Rated Loan Categories
[INFO ][2016-01-14 12:00:36,855][com.java.SeleniumDriver] [  913] - <In Set values of the page>
[INFO ][2016-01-14 12:00:36,855][com.java.SeleniumDriver] [  916] - {Data Fields & Data Values Exist}
[INFO ][2016-01-14 12:00:36,855][com.java.SeleniumDriver] [  918] - --------------------------setting values-----------------------------
[INFO ][2016-01-14 12:00:36,855][com.java.SeleniumDriver] [  921] - Action Type : VERIFY
[INFO ][2016-01-14 12:00:36,855][com.java.TestType] [ 7641] - field= XPH//span[contains(text(), 'Rated Loan Categories')] value= Rated Loan Categories
[INFO ][2016-01-14 12:00:36,855][com.java.TestType] [ 6136] - value = Rated Loan Categories
[INFO ][2016-01-14 12:00:36,977][com.java.SeleniumDriver] [  930] -  RESULT true
[INFO ][2016-01-14 12:00:36,977][com.java.SeleniumDriver] [ 1136] - ?   P A S S   ?
[INFO ][2016-01-14 12:00:36,977][com.java.SeleniumDriver] [  856] - ------------------------------------------
[INFO ][2016-01-14 12:00:36,977][com.java.SeleniumDriver] [  857] - Test case being Executed: 12
[INFO ][2016-01-14 12:00:36,977][com.java.SeleniumDriver] [  869] - Test step:37
[INFO ][2016-01-14 12:00:36,977][com.java.SeleniumDriver] [  881] - Datavalue is----------null
[DEBUG][2016-01-14 12:00:36,977][com.java.SeleniumDriver] [  899] - Exception: null
[INFO ][2016-01-14 12:00:36,977][com.java.SeleniumDriver] [  905] - DataField : BTNframeDialogContent
[INFO ][2016-01-14 12:00:36,977][com.java.SeleniumDriver] [  907] - DataValue : 
[INFO ][2016-01-14 12:00:36,977][com.java.SeleniumDriver] [  913] - <In Set values of the page>
[INFO ][2016-01-14 12:00:36,977][com.java.SeleniumDriver] [  916] - {Data Fields & Data Values Exist}
[INFO ][2016-01-14 12:00:36,978][com.java.SeleniumDriver] [  918] - --------------------------setting values-----------------------------
[INFO ][2016-01-14 12:00:36,978][com.java.SeleniumDriver] [  921] - Action Type : SELECTFRAME
[INFO ][2016-01-14 12:00:38,243][com.java.SeleniumDriver] [  930] -  RESULT true
[INFO ][2016-01-14 12:00:38,243][com.java.SeleniumDriver] [ 1136] - ?   P A S S   ?
[INFO ][2016-01-14 12:00:38,243][com.java.SeleniumDriver] [  856] - ------------------------------------------
[INFO ][2016-01-14 12:00:38,243][com.java.SeleniumDriver] [  857] - Test case being Executed: 12
[INFO ][2016-01-14 12:00:38,245][com.java.SeleniumDriver] [  869] - Test step:38
[INFO ][2016-01-14 12:00:38,245][com.java.SeleniumDriver] [  881] - Datavalue is----------Test
[INFO ][2016-01-14 12:00:38,245][com.java.SeleniumDriver] [  905] - DataField : MNC//table[@id="tblRatedLoans"]//input[@value='mytext']
[INFO ][2016-01-14 12:00:38,245][com.java.SeleniumDriver] [  907] - DataValue : Test
[INFO ][2016-01-14 12:00:38,245][com.java.SeleniumDriver] [  913] - <In Set values of the page>
[INFO ][2016-01-14 12:00:38,245][com.java.SeleniumDriver] [  916] - {Data Fields & Data Values Exist}
[INFO ][2016-01-14 12:00:38,245][com.java.SeleniumDriver] [  918] - --------------------------setting values-----------------------------
[INFO ][2016-01-14 12:00:38,246][com.java.SeleniumDriver] [  921] - Action Type : CLICK
[INFO ][2016-01-14 12:00:38,246][com.java.TestType] [ 6515] - Field ::MNC//table[@id="tblRatedLoans"]//input[@value='mytext']
[INFO ][2016-01-14 12:00:38,246][com.java.TestType] [ 6136] - value = Test
[INFO ][2016-01-14 12:00:39,427][com.java.SeleniumDriver] [  930] -  RESULT true
[INFO ][2016-01-14 12:00:39,427][com.java.SeleniumDriver] [ 1136] - ?   P A S S   ?
[INFO ][2016-01-14 12:00:39,427][com.java.SeleniumDriver] [  856] - ------------------------------------------
[INFO ][2016-01-14 12:00:39,427][com.java.SeleniumDriver] [  857] - Test case being Executed: 12
[INFO ][2016-01-14 12:00:39,427][com.java.SeleniumDriver] [  869] - Test step:39
[INFO ][2016-01-14 12:00:39,427][com.java.SeleniumDriver] [  881] - Datavalue is----------Test::Test1$%^2*
[INFO ][2016-01-14 12:00:39,427][com.java.SeleniumDriver] [  905] - DataField : PVP//table[@id="tblRatedLoans"]//input[@value='mytext']
[INFO ][2016-01-14 12:00:39,427][com.java.SeleniumDriver] [  907] - DataValue : Test::Test1$%^2*
[INFO ][2016-01-14 12:00:39,427][com.java.SeleniumDriver] [  913] - <In Set values of the page>
[INFO ][2016-01-14 12:00:39,427][com.java.SeleniumDriver] [  916] - {Data Fields & Data Values Exist}
[INFO ][2016-01-14 12:00:39,427][com.java.SeleniumDriver] [  918] - --------------------------setting values-----------------------------
[INFO ][2016-01-14 12:00:39,428][com.java.SeleniumDriver] [  921] - Action Type : CLEARANDENTER
[ERROR][2016-01-14 12:01:20,491][com.java.TestType] [ 7234] - Exception in clearAndEnter: null
[DEBUG][2016-01-14 12:01:20,491][com.java.TestType] [ 7238] - For ENTER action type the data field should be TXT
[INFO ][2016-01-14 12:01:20,492][com.java.SeleniumDriver] [  930] -  RESULT false
[INFO ][2016-01-14 12:01:20,492][com.java.SeleniumDriver] [  977] - ?   F A I L   ?
[INFO ][2016-01-14 12:01:20,492][com.java.SeleniumDriver] [  985] - Browser Type : IE10
[INFO ][2016-01-14 12:01:20,492][com.java.SeleniumDriver] [  986] - Adding Failed case12
[INFO ][2016-01-14 12:01:20,492][com.java.SeleniumDriver] [ 1005] - Directory Created
[INFO ][2016-01-14 12:01:20,693][com.java.SeleniumDriver] [ 1100] - failedCases = 12
[ERROR][2016-01-14 12:01:20,693][com.java.SeleniumDriver] [ 1599] - Platform Errors : Our apologies...::We have encountered an issue with your request.::Our apologies?:We encountered an issue with your request.
[INFO ][2016-01-14 12:01:20,693][com.java.SeleniumDriver] [ 1603] - Length =3
[ERROR][2016-01-14 12:01:20,693][com.java.SeleniumDriver] [ 1606] - Error 0 = Our apologies...
[ERROR][2016-01-14 12:01:20,810][com.java.SeleniumDriver] [ 1606] - Error 1 = We have encountered an issue with your request.
[ERROR][2016-01-14 12:01:20,827][com.java.SeleniumDriver] [ 1606] - Error 2 = Our apologies?:We encountered an issue with your request.
[INFO ][2016-01-14 12:01:20,844][com.java.SeleniumDriver] [ 1617] - strError:
[DEBUG][2016-01-14 12:01:20,859][com.java.SeleniumDriver] [ 1248] - Case found
[DEBUG][2016-01-14 12:01:20,859][com.java.SeleniumDriver] [ 1253] - Incrementing ReportCounters[0]:2
[INFO ][2016-01-14 12:01:20,859][com.java.SeleniumDriver] [ 1272] - The results are-------------------[12, 39, Admin: Company Settings: Rated Loan Categories: Modify Existing Category, Fail, 
Test case failed at Step No. :: 39   Error Message ::  For ENTER action type the data field should be TXT. Screen Shot : D:\BankersDashboard\TestReports\011416\12_011416_120120_IE10.png, Thu Jan 14 12:01:20 IST 2016]
[INFO ][2016-01-14 12:01:20,859][com.java.SeleniumDriver] [ 1276] - End time is-------3 min 17 sec
[INFO ][2016-01-14 12:01:20,859][com.java.SeleniumDriver] [ 1277] - The results are-------------------[12, 39, Admin: Company Settings: Rated Loan Categories: Modify Existing Category, Fail, 
Test case failed at Step No. :: 39   Error Message ::  For ENTER action type the data field should be TXT. Screen Shot : D:\BankersDashboard\TestReports\011416\12_011416_120120_IE10.png, Thu Jan 14 12:01:20 IST 2016]
[DEBUG][2016-01-14 12:01:20,859][com.java.ImportnExport.ExportTestResultsExcel] [  222] - testResultPath = D:\BankersDashboard/TestReports/Test Results_BankersDashBoard_011416_115805_IE10_Any Bank USA.xls
[DEBUG][2016-01-14 12:01:20,859][com.java.ImportnExport.ExportTestResultsExcel] [  223] - browser is------------IE10
[DEBUG][2016-01-14 12:01:20,861][com.java.ImportnExport.ExportTestResultsExcel] [  270] - result.size() = 6
[DEBUG][2016-01-14 12:01:20,862][com.java.ImportnExport.ExportTestResultsExcel] [  274] - No of rows in sheet=2
[DEBUG][2016-01-14 12:01:20,862][com.java.ImportnExport.ExportTestResultsExcel] [  301] - ..in export..12
[DEBUG][2016-01-14 12:01:20,862][com.java.ImportnExport.ExportTestResultsExcel] [  301] - ..in export..Admin: Company Settings: Rated Loan Categories: Modify Existing Category
[DEBUG][2016-01-14 12:01:20,862][com.java.ImportnExport.ExportTestResultsExcel] [  301] - ..in export..Fail
[DEBUG][2016-01-14 12:01:20,863][com.java.ImportnExport.ExportTestResultsExcel] [  301] - ..in export..
Test case failed at Step No. :: 39   Error Message ::  For ENTER action type the data field should be TXT. Screen Shot : D:\BankersDashboard\TestReports\011416\12_011416_120120_IE10.png
[DEBUG][2016-01-14 12:01:20,863][com.java.ImportnExport.ExportTestResultsExcel] [  301] - ..in export..Thu Jan 14 12:01:20 IST 2016
[INFO ][2016-01-14 12:01:20,864][com.java.SeleniumDriver] [ 1337] - out loop:1 size:2 TestCases:[1, 12] testcases:[1, 12]
[INFO ][2016-01-14 12:01:22,865][com.java.SeleniumDriver] [ 1380] - Total Number of Cases:2
[INFO ][2016-01-14 12:01:22,865][com.java.TemplateGenerator] [  302] - Executed:2
[INFO ][2016-01-14 12:01:22,865][com.java.TemplateGenerator] [  303] - Passed:1
[INFO ][2016-01-14 12:01:22,865][com.java.TemplateGenerator] [  304] - Failed:1
[INFO ][2016-01-14 12:01:22,865][com.java.TemplateGenerator] [  305] - Skipeed:0
[INFO ][2016-01-14 12:01:22,865][com.java.TemplateGenerator] [  306] - Application URL:https://clients-xuat.bankersdashboard.com
[INFO ][2016-01-14 12:01:22,865][com.java.TemplateGenerator] [  307] - Start Time:011416_115805
[INFO ][2016-01-14 12:01:22,865][com.java.TemplateGenerator] [  308] -  Creating HTML Report 
[ERROR][2016-01-14 12:01:22,866][com.java.TemplateGenerator] [  409] - Unparseable date: "Thu Jan 14 11:58:05 IST 2016"
[INFO ][2016-01-14 12:01:22,866][com.java.TemplateGenerator] [  654] -  Exporting case :: 1
[INFO ][2016-01-14 12:01:22,866][com.java.TemplateGenerator] [  654] -  Exporting case :: 12
[INFO ][2016-01-14 12:01:22,871][com.java.SeleniumDriver] [ 1429] - End Time:011416_120122
[INFO ][2016-01-14 12:01:22,871][com.java.SeleniumDriver] [ 1432] - Data in Test Execution Details:{1=PASS, 12=FAILTest case failed at Step No. :: 39   Error Message ::  For ENTER action type the data field should be TXT}
[INFO ][2016-01-14 12:01:22,873][com.java.SeleniumDriver] [ 1433] - Data in Failed Execution Deatils:{}
[INFO ][2016-01-14 12:01:22,873][com.java.SeleniumDriver] [ 1435] - ReportCounter:Total:2 :: PASS: 1 ::FAIL: 1
[INFO ][2016-01-14 12:01:22,873][com.java.SeleniumDriver] [ 1436] - FailedReportCounter:Total:0 :: PASS: 0 ::FAIL: 0
[INFO ][2016-01-14 12:01:22,879][com.java.EmailTestReport] [   63] - Sending report mail details:
[INFO ][2016-01-14 12:01:22,879][com.java.EmailTestReport] [   80] - Excel Report Path:D:\BankersDashboard/TestReports/Test Results_BankersDashBoard_011416_115805_IE10_Any Bank USA.xls
[INFO ][2016-01-14 12:01:22,879][com.java.EmailTestReport] [   81] - HTML Report Path:D:\BankersDashboard//TestReports//Test Results_BankersDashBoard_011416_115805_IE10_Any Bank USA.html
[INFO ][2016-01-14 12:01:22,879][com.java.EmailTestReport] [   82] - smtpHostName:mail01.valuelabs.com
[INFO ][2016-01-14 12:01:22,879][com.java.EmailTestReport] [   83] - Recipient:venkateswararao.gubbala@valuelabs.com;
[INFO ][2016-01-14 12:01:22,879][com.java.EmailTestReport] [   84] - From:venkateswararao.gubbala@valuelabs.com;
[INFO ][2016-01-14 12:01:22,880][com.java.EmailTestReport] [   85] - Subject:Deluxe Corp Bankers Dashboard Automation Test Report - Any Bank USA - IE10
[INFO ][2016-01-14 12:01:22,897][com.java.EmailTestReport] [  143] -  Added venkateswararao.gubbala@valuelabs.com
[INFO ][2016-01-14 12:01:26,295][com.java.SeleniumDriver] [  722] - quitting the browser 
[INFO ][2016-01-14 12:01:27,601][com.java.SeleniumDriver] [  264] - Execution Completed Stopping the thread
