[INFO ][2016-01-14 14:27:22,470][com.java.SeleniumDriver] [  213] - Execute Failed Casesfalse
[INFO ][2016-01-14 14:27:22,470][com.java.SeleniumDriver] [  214] - Browser: IE10
[INFO ][2016-01-14 14:27:22,470][com.java.SeleniumDriver] [  215] - [1, 14]
[INFO ][2016-01-14 14:27:22,470][com.java.SeleniumDriver] [  216] - Total TestCases:2
[INFO ][2016-01-14 14:27:22,470][com.java.SeleniumDriver] [  217] -  Reading Properties from Property File 
[DEBUG][2016-01-14 14:27:22,471][com.java.SeleniumDriver] [  238] - url : https://clients-xuat.bankersdashboard.com
[INFO ][2016-01-14 14:27:22,472][com.java.ImportnExport.ExportTestResultsExcel] [  116] - Time Stamp Thu Jan 14 02:27:22 IST 2016
[INFO ][2016-01-14 14:27:22,472][com.java.ImportnExport.ExportTestResultsExcel] [  175] - OUT FILE : D:\BankersDashboard/TestReports/Test Results_BankersDashBoard_011416_142722_IE10_Any Bank USA.xls
[INFO ][2016-01-14 14:27:22,500][com.java.ImportnExport.ExportTestResultsExcel] [  180] - Test Result file is created
[DEBUG][2016-01-14 14:27:22,609][com.java.SeleniumDriver] [  426] - Hub ip address is-------172.17.68.34
[INFO ][2016-01-14 14:27:22,609][com.java.SeleniumDriver] [  452] - Grid URL:http://172.17.68.34:4444/wd/hub
[INFO ][2016-01-14 14:27:22,610][com.java.SeleniumDriver] [  453] - Capability:Capabilities [{platform=ANY, ensureCleanSession=true, ignoreProtectedModeSettings=true, acceptSslCerts=true, ignoreZoomSetting=true, browserName=internet explorer, browserstack.ie.noFlash=true, version=null}]
[ERROR][2016-01-14 14:27:23,928][com.java.SeleniumDriver] [  498] - Unable invoke browser in grid:Could not start a new session. Possible causes are invalid address of the remote server or browser start-up failure.
Build info: version: '2.48.2', revision: '41bccdd', time: '2015-10-09 19:59:12'
System info: host: 'FVTIII438F1D', ip: '172.17.68.34', os.name: 'Windows 7', os.arch: 'x86', os.version: '6.1', java.version: '1.7.0_55'
Driver info: driver.version: SeleniumDriver
[INFO ][2016-01-14 14:27:23,929][com.java.SeleniumDriver] [  500] - Executing on local machine
[INFO ][2016-01-14 14:27:33,761][com.java.SeleniumDriver] [  248] - IE10is opened
[INFO ][2016-01-14 14:27:34,625][com.java.SeleniumDriver] [  756] - Test cases to be executed are: [1, 14]
[INFO ][2016-01-14 14:27:34,648][com.java.ImportnExport.ImportTestDataDetailsExcel] [   49] - test data details path===== D:\BankersDashboard\TestInputs\TestData.xls
[INFO ][2016-01-14 14:27:34,759][com.java.SeleniumDriver] [  856] - ------------------------------------------
[INFO ][2016-01-14 14:27:34,759][com.java.SeleniumDriver] [  857] - Test case being Executed: 1
[INFO ][2016-01-14 14:27:34,760][com.java.SeleniumDriver] [  869] - Test step:1
[INFO ][2016-01-14 14:27:34,760][com.java.SeleniumDriver] [  881] - Datavalue is----------Concept#1:1-16
[INFO ][2016-01-14 14:27:34,760][com.java.SeleniumDriver] [  905] - DataField : test
[INFO ][2016-01-14 14:27:34,760][com.java.SeleniumDriver] [  907] - DataValue : Concept#1:1-16
[INFO ][2016-01-14 14:27:34,760][com.java.SeleniumDriver] [  913] - <In Set values of the page>
[INFO ][2016-01-14 14:27:34,760][com.java.SeleniumDriver] [  916] - {Data Fields & Data Values Exist}
[INFO ][2016-01-14 14:27:34,760][com.java.SeleniumDriver] [  918] - --------------------------setting values-----------------------------
[INFO ][2016-01-14 14:27:34,760][com.java.SeleniumDriver] [  921] - Action Type : ExecuteTestCase
[INFO ][2016-01-14 14:27:34,782][com.java.TestType] [  437] - The Concept sheet name is ---------- Concept
[INFO ][2016-01-14 14:27:34,782][com.java.TestType] [  440] - The Concept ID  is ---------- 1
[DEBUG][2016-01-14 14:27:34,782][com.java.TestType] [  444] - Steps being executted in the Concept are: 1:16
[INFO ][2016-01-14 14:27:34,782][com.java.TestType] [  451] - Test data details path ---------- D:\BankersDashboard\TestInputs\TestData.xls
[INFO ][2016-01-14 14:27:34,820][com.java.TestType] [  482] -  str(1) = 1
[INFO ][2016-01-14 14:27:34,820][com.java.TestType] [  485] - Test case Id is---1
[INFO ][2016-01-14 14:27:34,820][com.java.TestType] [  487] - 1
[INFO ][2016-01-14 14:27:34,820][com.java.TestType] [  482] -  str(2) = 1
[INFO ][2016-01-14 14:27:34,823][com.java.TestType] [  482] -  str(1) = 1
[INFO ][2016-01-14 14:27:34,823][com.java.TestType] [  485] - Test case Id is---1
[INFO ][2016-01-14 14:27:34,823][com.java.TestType] [  487] - 1
[INFO ][2016-01-14 14:27:34,823][com.java.TestType] [  482] -  str(2) = 2
[INFO ][2016-01-14 14:27:34,824][com.java.TestType] [  482] -  str(1) = 1
[INFO ][2016-01-14 14:27:34,824][com.java.TestType] [  485] - Test case Id is---1
[INFO ][2016-01-14 14:27:34,824][com.java.TestType] [  487] - 1
[INFO ][2016-01-14 14:27:34,825][com.java.TestType] [  482] -  str(2) = 3
[INFO ][2016-01-14 14:27:34,826][com.java.TestType] [  482] -  str(1) = 1
[INFO ][2016-01-14 14:27:34,826][com.java.TestType] [  485] - Test case Id is---1
[INFO ][2016-01-14 14:27:34,826][com.java.TestType] [  487] - 1
[INFO ][2016-01-14 14:27:34,826][com.java.TestType] [  482] -  str(2) = 4
[INFO ][2016-01-14 14:27:34,829][com.java.TestType] [  482] -  str(1) = 1
[INFO ][2016-01-14 14:27:34,829][com.java.TestType] [  485] - Test case Id is---1
[INFO ][2016-01-14 14:27:34,829][com.java.TestType] [  487] - 1
[INFO ][2016-01-14 14:27:34,829][com.java.TestType] [  482] -  str(2) = 5
[INFO ][2016-01-14 14:27:34,830][com.java.TestType] [  482] -  str(1) = 1
[INFO ][2016-01-14 14:27:34,830][com.java.TestType] [  485] - Test case Id is---1
[INFO ][2016-01-14 14:27:34,831][com.java.TestType] [  487] - 1
[INFO ][2016-01-14 14:27:34,832][com.java.TestType] [  482] -  str(2) = 6
[INFO ][2016-01-14 14:27:34,832][com.java.TestType] [  482] -  str(1) = 1
[INFO ][2016-01-14 14:27:34,832][com.java.TestType] [  485] - Test case Id is---1
[INFO ][2016-01-14 14:27:34,833][com.java.TestType] [  487] - 1
[INFO ][2016-01-14 14:27:34,833][com.java.TestType] [  482] -  str(2) = 7
[INFO ][2016-01-14 14:27:34,833][com.java.TestType] [  482] -  str(1) = 1
[INFO ][2016-01-14 14:27:34,833][com.java.TestType] [  485] - Test case Id is---1
[INFO ][2016-01-14 14:27:34,834][com.java.TestType] [  487] - 1
[INFO ][2016-01-14 14:27:34,834][com.java.TestType] [  482] -  str(2) = 8
[INFO ][2016-01-14 14:27:34,835][com.java.TestType] [  482] -  str(1) = 1
[INFO ][2016-01-14 14:27:34,835][com.java.TestType] [  485] - Test case Id is---1
[INFO ][2016-01-14 14:27:34,835][com.java.TestType] [  487] - 1
[INFO ][2016-01-14 14:27:34,835][com.java.TestType] [  482] -  str(2) = 9
[INFO ][2016-01-14 14:27:34,836][com.java.TestType] [  482] -  str(1) = 1
[INFO ][2016-01-14 14:27:34,836][com.java.TestType] [  485] - Test case Id is---1
[INFO ][2016-01-14 14:27:34,836][com.java.TestType] [  487] - 1
[INFO ][2016-01-14 14:27:34,836][com.java.TestType] [  482] -  str(2) = 10
[INFO ][2016-01-14 14:27:34,837][com.java.TestType] [  482] -  str(1) = 1
[INFO ][2016-01-14 14:27:34,837][com.java.TestType] [  485] - Test case Id is---1
[INFO ][2016-01-14 14:27:34,837][com.java.TestType] [  487] - 1
[INFO ][2016-01-14 14:27:34,837][com.java.TestType] [  482] -  str(2) = 11
[INFO ][2016-01-14 14:27:34,838][com.java.TestType] [  482] -  str(1) = 1
[INFO ][2016-01-14 14:27:34,839][com.java.TestType] [  485] - Test case Id is---1
[INFO ][2016-01-14 14:27:34,839][com.java.TestType] [  487] - 1
[INFO ][2016-01-14 14:27:34,839][com.java.TestType] [  482] -  str(2) = 12
[INFO ][2016-01-14 14:27:34,839][com.java.TestType] [  482] -  str(1) = 1
[INFO ][2016-01-14 14:27:34,840][com.java.TestType] [  485] - Test case Id is---1
[INFO ][2016-01-14 14:27:34,840][com.java.TestType] [  487] - 1
[INFO ][2016-01-14 14:27:34,840][com.java.TestType] [  482] -  str(2) = 13
[INFO ][2016-01-14 14:27:34,841][com.java.TestType] [  482] -  str(1) = 1
[INFO ][2016-01-14 14:27:34,841][com.java.TestType] [  485] - Test case Id is---1
[INFO ][2016-01-14 14:27:34,841][com.java.TestType] [  487] - 1
[INFO ][2016-01-14 14:27:34,841][com.java.TestType] [  482] -  str(2) = 14
[INFO ][2016-01-14 14:27:34,842][com.java.TestType] [  482] -  str(1) = 1
[INFO ][2016-01-14 14:27:34,842][com.java.TestType] [  485] - Test case Id is---1
[INFO ][2016-01-14 14:27:34,842][com.java.TestType] [  487] - 1
[INFO ][2016-01-14 14:27:34,842][com.java.TestType] [  482] -  str(2) = 15
[INFO ][2016-01-14 14:27:34,842][com.java.TestType] [  482] -  str(1) = 1
[INFO ][2016-01-14 14:27:34,843][com.java.TestType] [  485] - Test case Id is---1
[INFO ][2016-01-14 14:27:34,843][com.java.TestType] [  487] - 1
[INFO ][2016-01-14 14:27:34,843][com.java.TestType] [  482] -  str(2) = 16
[INFO ][2016-01-14 14:27:34,843][com.java.TestType] [11316] - Looping 1TCID = 1
[DEBUG][2016-01-14 14:27:34,843][com.java.TestType] [11357] - Concept ID:1 :: Step being Executed: 1::1
[INFO ][2016-01-14 14:27:34,844][com.java.TestType] [11395] - dataFields : TXTusername
[DEBUG][2016-01-14 14:27:34,844][com.java.TestType] [11401] - <In Set values of the page>
[DEBUG][2016-01-14 14:27:34,844][com.java.TestType] [11406] - {Data Fields & Data Values Exist}
[INFO ][2016-01-14 14:27:34,844][com.java.TestType] [11412] - --------------------------setting values-----------------------------
[INFO ][2016-01-14 14:27:34,844][com.java.TestType] [11415] - Action Type : CLEARANDENTER
[INFO ][2016-01-14 14:27:37,408][com.java.TestType] [ 6142] - value = naresh.nayini.00000
[INFO ][2016-01-14 14:27:40,145][com.java.TestType] [11434] -  RESULT true
[INFO ][2016-01-14 14:27:40,145][com.java.TestType] [11551] - ?   P A S S   ?
[DEBUG][2016-01-14 14:27:40,146][com.java.TestType] [11357] - Concept ID:1 :: Step being Executed: 1::2
[INFO ][2016-01-14 14:27:40,146][com.java.TestType] [11395] - dataFields : TXTpassword
[DEBUG][2016-01-14 14:27:40,146][com.java.TestType] [11401] - <In Set values of the page>
[DEBUG][2016-01-14 14:27:40,146][com.java.TestType] [11406] - {Data Fields & Data Values Exist}
[INFO ][2016-01-14 14:27:40,146][com.java.TestType] [11412] - --------------------------setting values-----------------------------
[INFO ][2016-01-14 14:27:40,146][com.java.TestType] [11415] - Action Type : CLEARANDENTER
[INFO ][2016-01-14 14:27:42,484][com.java.TestType] [ 6142] - value = Password1*
[INFO ][2016-01-14 14:27:45,022][com.java.TestType] [11434] -  RESULT true
[INFO ][2016-01-14 14:27:45,022][com.java.TestType] [11551] - ?   P A S S   ?
[DEBUG][2016-01-14 14:27:45,023][com.java.TestType] [11357] - Concept ID:1 :: Step being Executed: 1::3
[ERROR][2016-01-14 14:27:45,023][com.java.TestType] [11390] - Exception: null
[INFO ][2016-01-14 14:27:45,023][com.java.TestType] [11395] - dataFields : XPH//button[@type='submit']
[DEBUG][2016-01-14 14:27:45,023][com.java.TestType] [11401] - <In Set values of the page>
[DEBUG][2016-01-14 14:27:45,023][com.java.TestType] [11406] - {Data Fields & Data Values Exist}
[INFO ][2016-01-14 14:27:45,023][com.java.TestType] [11412] - --------------------------setting values-----------------------------
[INFO ][2016-01-14 14:27:45,023][com.java.TestType] [11415] - Action Type : Click
[INFO ][2016-01-14 14:27:45,023][com.java.TestType] [ 6521] - Field ::XPH//button[@type='submit']
[INFO ][2016-01-14 14:27:45,023][com.java.TestType] [ 6142] - value = 
[INFO ][2016-01-14 14:27:46,025][com.java.TestType] [ 6658] - BEFORE CLICK
[INFO ][2016-01-14 14:27:46,892][com.java.TestType] [ 6666] - Unable to click the object Login
[INFO ][2016-01-14 14:27:46,892][com.java.TestType] [11434] -  RESULT true
[INFO ][2016-01-14 14:27:46,892][com.java.TestType] [11551] - ?   P A S S   ?
[DEBUG][2016-01-14 14:27:46,892][com.java.TestType] [11357] - Concept ID:1 :: Step being Executed: 1::4
[INFO ][2016-01-14 14:27:46,892][com.java.TestType] [11395] - dataFields : LNKLogout
[DEBUG][2016-01-14 14:27:46,892][com.java.TestType] [11401] - <In Set values of the page>
[DEBUG][2016-01-14 14:27:46,892][com.java.TestType] [11406] - {Data Fields & Data Values Exist}
[INFO ][2016-01-14 14:27:46,892][com.java.TestType] [11412] - --------------------------setting values-----------------------------
[INFO ][2016-01-14 14:27:46,892][com.java.TestType] [11415] - Action Type : WaitForElement
[INFO ][2016-01-14 14:27:50,384][com.java.TestType] [11434] -  RESULT true
[INFO ][2016-01-14 14:27:50,384][com.java.TestType] [11551] - ?   P A S S   ?
[DEBUG][2016-01-14 14:27:50,385][com.java.TestType] [11357] - Concept ID:1 :: Step being Executed: 1::15
[INFO ][2016-01-14 14:27:50,385][com.java.TestType] [11395] - dataFields : LNK
[DEBUG][2016-01-14 14:27:50,385][com.java.TestType] [11401] - <In Set values of the page>
[DEBUG][2016-01-14 14:27:50,385][com.java.TestType] [11406] - {Data Fields & Data Values Exist}
[INFO ][2016-01-14 14:27:50,385][com.java.TestType] [11412] - --------------------------setting values-----------------------------
[INFO ][2016-01-14 14:27:50,385][com.java.TestType] [11415] - Action Type : Verify
[INFO ][2016-01-14 14:27:50,385][com.java.TestType] [ 7649] - field= LNK value= Logout
[INFO ][2016-01-14 14:27:50,388][com.java.TestType] [ 6142] - value = Logout
[INFO ][2016-01-14 14:27:50,424][com.java.TestType] [11434] -  RESULT true
[INFO ][2016-01-14 14:27:50,425][com.java.TestType] [11551] - ?   P A S S   ?
[DEBUG][2016-01-14 14:27:50,425][com.java.TestType] [11357] - Concept ID:1 :: Step being Executed: 1::16
[INFO ][2016-01-14 14:27:50,425][com.java.TestType] [11395] - dataFields : BTN
[DEBUG][2016-01-14 14:27:50,425][com.java.TestType] [11401] - <In Set values of the page>
[DEBUG][2016-01-14 14:27:50,425][com.java.TestType] [11406] - {Data Fields & Data Values Exist}
[INFO ][2016-01-14 14:27:50,425][com.java.TestType] [11412] - --------------------------setting values-----------------------------
[INFO ][2016-01-14 14:27:50,425][com.java.TestType] [11415] - Action Type : Verify
[INFO ][2016-01-14 14:27:50,425][com.java.TestType] [ 7649] - field= BTN value= //img[contains(@src,'bdlogo.jpg')]
[INFO ][2016-01-14 14:27:50,425][com.java.TestType] [ 6142] - value = //img[contains(@src,'bdlogo.jpg')]
[INFO ][2016-01-14 14:27:50,497][com.java.TestType] [11434] -  RESULT true
[INFO ][2016-01-14 14:27:50,497][com.java.TestType] [11551] - ?   P A S S   ?
[INFO ][2016-01-14 14:27:50,497][com.java.TestType] [11622] - Looping End......
[INFO ][2016-01-14 14:27:50,501][com.java.SeleniumDriver] [  930] -  RESULT true
[INFO ][2016-01-14 14:27:50,501][com.java.SeleniumDriver] [ 1136] - ?   P A S S   ?
[INFO ][2016-01-14 14:27:50,501][com.java.SeleniumDriver] [  856] - ------------------------------------------
[INFO ][2016-01-14 14:27:50,501][com.java.SeleniumDriver] [  857] - Test case being Executed: 1
[INFO ][2016-01-14 14:27:50,501][com.java.SeleniumDriver] [  869] - Test step:2
[INFO ][2016-01-14 14:27:50,501][com.java.SeleniumDriver] [  881] - Datavalue is----------Concept#2:1-2
[INFO ][2016-01-14 14:27:50,501][com.java.SeleniumDriver] [  905] - DataField : test
[INFO ][2016-01-14 14:27:50,501][com.java.SeleniumDriver] [  907] - DataValue : Concept#2:1-2
[INFO ][2016-01-14 14:27:50,501][com.java.SeleniumDriver] [  913] - <In Set values of the page>
[INFO ][2016-01-14 14:27:50,501][com.java.SeleniumDriver] [  916] - {Data Fields & Data Values Exist}
[INFO ][2016-01-14 14:27:50,501][com.java.SeleniumDriver] [  918] - --------------------------setting values-----------------------------
[INFO ][2016-01-14 14:27:50,502][com.java.SeleniumDriver] [  921] - Action Type : ExecuteTestCase
[INFO ][2016-01-14 14:27:50,502][com.java.TestType] [  437] - The Concept sheet name is ---------- Concept
[INFO ][2016-01-14 14:27:50,502][com.java.TestType] [  440] - The Concept ID  is ---------- 2
[DEBUG][2016-01-14 14:27:50,502][com.java.TestType] [  444] - Steps being executted in the Concept are: 1:2
[INFO ][2016-01-14 14:27:50,502][com.java.TestType] [  451] - Test data details path ---------- D:\BankersDashboard\TestInputs\TestData.xls
[INFO ][2016-01-14 14:27:50,536][com.java.TestType] [  482] -  str(1) = 2
[INFO ][2016-01-14 14:27:50,536][com.java.TestType] [  485] - Test case Id is---2
[INFO ][2016-01-14 14:27:50,536][com.java.TestType] [  487] - 2
[INFO ][2016-01-14 14:27:50,536][com.java.TestType] [  482] -  str(2) = 1
[INFO ][2016-01-14 14:27:50,538][com.java.TestType] [  482] -  str(1) = 2
[INFO ][2016-01-14 14:27:50,538][com.java.TestType] [  485] - Test case Id is---2
[INFO ][2016-01-14 14:27:50,538][com.java.TestType] [  487] - 2
[INFO ][2016-01-14 14:27:50,538][com.java.TestType] [  482] -  str(2) = 2
[INFO ][2016-01-14 14:27:50,539][com.java.TestType] [  482] -  str(1) = 2
[INFO ][2016-01-14 14:27:50,539][com.java.TestType] [  485] - Test case Id is---2
[INFO ][2016-01-14 14:27:50,539][com.java.TestType] [  487] - 2
[INFO ][2016-01-14 14:27:50,539][com.java.TestType] [  482] -  str(2) = 3
[INFO ][2016-01-14 14:27:50,540][com.java.TestType] [11316] - Looping 1TCID = 2
[DEBUG][2016-01-14 14:27:50,540][com.java.TestType] [11357] - Concept ID:2 :: Step being Executed: 2::1
[INFO ][2016-01-14 14:27:50,540][com.java.TestType] [11395] - dataFields : BNK//select[@id='bank']
[DEBUG][2016-01-14 14:27:50,540][com.java.TestType] [11401] - <In Set values of the page>
[DEBUG][2016-01-14 14:27:50,540][com.java.TestType] [11406] - {Data Fields & Data Values Exist}
[INFO ][2016-01-14 14:27:50,540][com.java.TestType] [11412] - --------------------------setting values-----------------------------
[INFO ][2016-01-14 14:27:50,540][com.java.TestType] [11415] - Action Type : Select
[INFO ][2016-01-14 14:27:50,541][com.java.TestType] [ 6142] - value = PFC
[INFO ][2016-01-14 14:27:50,766][com.java.TestType] [11434] -  RESULT true
[INFO ][2016-01-14 14:27:50,766][com.java.TestType] [11551] - ?   P A S S   ?
[DEBUG][2016-01-14 14:27:50,766][com.java.TestType] [11357] - Concept ID:2 :: Step being Executed: 2::2
[INFO ][2016-01-14 14:27:50,766][com.java.TestType] [11395] - dataFields : LNKLogout
[DEBUG][2016-01-14 14:27:50,766][com.java.TestType] [11401] - <In Set values of the page>
[DEBUG][2016-01-14 14:27:50,766][com.java.TestType] [11406] - {Data Fields & Data Values Exist}
[INFO ][2016-01-14 14:27:50,766][com.java.TestType] [11412] - --------------------------setting values-----------------------------
[INFO ][2016-01-14 14:27:50,767][com.java.TestType] [11415] - Action Type : WaitTime
[DEBUG][2016-01-14 14:27:50,767][com.java.TestType] [ 5956] - sleepTime: 5000
[INFO ][2016-01-14 14:27:55,767][com.java.TestType] [11434] -  RESULT true
[INFO ][2016-01-14 14:27:55,767][com.java.TestType] [11551] - ?   P A S S   ?
[INFO ][2016-01-14 14:27:55,767][com.java.TestType] [11622] - Looping End......
[INFO ][2016-01-14 14:27:55,771][com.java.SeleniumDriver] [  930] -  RESULT true
[INFO ][2016-01-14 14:27:55,772][com.java.SeleniumDriver] [ 1136] - ?   P A S S   ?
[INFO ][2016-01-14 14:27:55,772][com.java.SeleniumDriver] [  856] - ------------------------------------------
[INFO ][2016-01-14 14:27:55,772][com.java.SeleniumDriver] [  857] - Test case being Executed: 1
[INFO ][2016-01-14 14:27:55,772][com.java.SeleniumDriver] [  869] - Test step:3
[INFO ][2016-01-14 14:27:55,772][com.java.SeleniumDriver] [  881] - Datavalue is----------2
[INFO ][2016-01-14 14:27:55,772][com.java.SeleniumDriver] [  905] - DataField : XPH//button[contains(text(),'Add Content')]
[INFO ][2016-01-14 14:27:55,772][com.java.SeleniumDriver] [  907] - DataValue : 2
[INFO ][2016-01-14 14:27:55,772][com.java.SeleniumDriver] [  913] - <In Set values of the page>
[INFO ][2016-01-14 14:27:55,772][com.java.SeleniumDriver] [  916] - {Data Fields & Data Values Exist}
[INFO ][2016-01-14 14:27:55,772][com.java.SeleniumDriver] [  918] - --------------------------setting values-----------------------------
[INFO ][2016-01-14 14:27:55,772][com.java.SeleniumDriver] [  921] - Action Type : WAITFORELEMENT
[INFO ][2016-01-14 14:27:55,811][com.java.SeleniumDriver] [  930] -  RESULT true
[INFO ][2016-01-14 14:27:55,811][com.java.SeleniumDriver] [ 1136] - ?   P A S S   ?
[DEBUG][2016-01-14 14:27:55,812][com.java.SeleniumDriver] [ 1248] - Case found
[DEBUG][2016-01-14 14:27:55,812][com.java.SeleniumDriver] [ 1253] - Incrementing ReportCounters[0]:1
[INFO ][2016-01-14 14:27:55,812][com.java.SeleniumDriver] [ 1272] - The results are-------------------[1, 1, Valid Login, Pass, , Thu Jan 14 14:27:50 IST 2016, 1, 2, Valid Login, Pass, , Thu Jan 14 14:27:55 IST 2016, 1, 3, Valid Login, Pass, , Thu Jan 14 14:27:55 IST 2016]
[INFO ][2016-01-14 14:27:55,812][com.java.SeleniumDriver] [ 1276] - End time is-------35 sec
[INFO ][2016-01-14 14:27:55,812][com.java.SeleniumDriver] [ 1277] - The results are-------------------[1, 1, Valid Login, Pass, , Thu Jan 14 14:27:50 IST 2016, 1, 2, Valid Login, Pass, , Thu Jan 14 14:27:55 IST 2016, 1, 3, Valid Login, Pass, , Thu Jan 14 14:27:55 IST 2016]
[DEBUG][2016-01-14 14:27:55,812][com.java.ImportnExport.ExportTestResultsExcel] [  222] - testResultPath = D:\BankersDashboard/TestReports/Test Results_BankersDashBoard_011416_142722_IE10_Any Bank USA.xls
[DEBUG][2016-01-14 14:27:55,812][com.java.ImportnExport.ExportTestResultsExcel] [  223] - browser is------------IE10
[DEBUG][2016-01-14 14:27:55,858][com.java.ImportnExport.ExportTestResultsExcel] [  270] - result.size() = 18
[DEBUG][2016-01-14 14:27:55,858][com.java.ImportnExport.ExportTestResultsExcel] [  274] - No of rows in sheet=1
[DEBUG][2016-01-14 14:27:55,858][com.java.ImportnExport.ExportTestResultsExcel] [  301] - ..in export..1
[DEBUG][2016-01-14 14:27:55,858][com.java.ImportnExport.ExportTestResultsExcel] [  301] - ..in export..Valid Login
[DEBUG][2016-01-14 14:27:55,859][com.java.ImportnExport.ExportTestResultsExcel] [  301] - ..in export..Pass
[DEBUG][2016-01-14 14:27:55,859][com.java.ImportnExport.ExportTestResultsExcel] [  301] - ..in export..
[DEBUG][2016-01-14 14:27:55,859][com.java.ImportnExport.ExportTestResultsExcel] [  301] - ..in export..Thu Jan 14 14:27:50 IST 2016
[INFO ][2016-01-14 14:27:55,860][com.java.SeleniumDriver] [ 1337] - out loop:0 size:2 TestCases:[1, 14] testcases:[1, 14]
[INFO ][2016-01-14 14:27:55,860][com.java.ImportnExport.ImportTestDataDetailsExcel] [   49] - test data details path===== D:\BankersDashboard\TestInputs\TestData.xls
[INFO ][2016-01-14 14:28:12,455][com.java.SeleniumDriver] [  856] - ------------------------------------------
[INFO ][2016-01-14 14:28:12,455][com.java.SeleniumDriver] [  857] - Test case being Executed: 14
[INFO ][2016-01-14 14:28:12,455][com.java.SeleniumDriver] [  869] - Test step:1
[INFO ][2016-01-14 14:28:12,455][com.java.SeleniumDriver] [  881] - Datavalue is----------Logout
[INFO ][2016-01-14 14:28:12,455][com.java.SeleniumDriver] [  905] - DataField : BTN
[INFO ][2016-01-14 14:28:12,455][com.java.SeleniumDriver] [  907] - DataValue : Logout
[INFO ][2016-01-14 14:28:12,455][com.java.SeleniumDriver] [  913] - <In Set values of the page>
[INFO ][2016-01-14 14:28:12,455][com.java.SeleniumDriver] [  916] - {Data Fields & Data Values Exist}
[INFO ][2016-01-14 14:28:12,455][com.java.SeleniumDriver] [  918] - --------------------------setting values-----------------------------
[INFO ][2016-01-14 14:28:12,455][com.java.SeleniumDriver] [  921] - Action Type : VERIFY
[INFO ][2016-01-14 14:28:12,455][com.java.TestType] [ 7649] - field= BTN value= Logout
[INFO ][2016-01-14 14:28:12,455][com.java.TestType] [ 6142] - value = Logout
[INFO ][2016-01-14 14:28:12,529][com.java.SeleniumDriver] [  930] -  RESULT true
[INFO ][2016-01-14 14:28:12,529][com.java.SeleniumDriver] [ 1136] - ?   P A S S   ?
[INFO ][2016-01-14 14:28:12,529][com.java.SeleniumDriver] [ 1178] - step change to 3
[INFO ][2016-01-14 14:28:12,529][com.java.SeleniumDriver] [  856] - ------------------------------------------
[INFO ][2016-01-14 14:28:12,530][com.java.SeleniumDriver] [  857] - Test case being Executed: 14
[INFO ][2016-01-14 14:28:12,530][com.java.SeleniumDriver] [  869] - Test step:3
[INFO ][2016-01-14 14:28:12,530][com.java.SeleniumDriver] [  881] - Datavalue is----------Concept#2:1-2
[INFO ][2016-01-14 14:28:12,530][com.java.SeleniumDriver] [  905] - DataField : test
[INFO ][2016-01-14 14:28:12,530][com.java.SeleniumDriver] [  907] - DataValue : Concept#2:1-2
[INFO ][2016-01-14 14:28:12,530][com.java.SeleniumDriver] [  913] - <In Set values of the page>
[INFO ][2016-01-14 14:28:12,530][com.java.SeleniumDriver] [  916] - {Data Fields & Data Values Exist}
[INFO ][2016-01-14 14:28:12,530][com.java.SeleniumDriver] [  918] - --------------------------setting values-----------------------------
[INFO ][2016-01-14 14:28:12,530][com.java.SeleniumDriver] [  921] - Action Type : ExecuteTestCase
[INFO ][2016-01-14 14:28:12,530][com.java.TestType] [  437] - The Concept sheet name is ---------- Concept
[INFO ][2016-01-14 14:28:12,530][com.java.TestType] [  440] - The Concept ID  is ---------- 2
[DEBUG][2016-01-14 14:28:12,530][com.java.TestType] [  444] - Steps being executted in the Concept are: 1:2
[INFO ][2016-01-14 14:28:12,531][com.java.TestType] [  451] - Test data details path ---------- D:\BankersDashboard\TestInputs\TestData.xls
[INFO ][2016-01-14 14:28:12,565][com.java.TestType] [  482] -  str(1) = 2
[INFO ][2016-01-14 14:28:12,565][com.java.TestType] [  485] - Test case Id is---2
[INFO ][2016-01-14 14:28:12,565][com.java.TestType] [  487] - 2
[INFO ][2016-01-14 14:28:12,565][com.java.TestType] [  482] -  str(2) = 1
[INFO ][2016-01-14 14:28:12,566][com.java.TestType] [  482] -  str(1) = 2
[INFO ][2016-01-14 14:28:12,566][com.java.TestType] [  485] - Test case Id is---2
[INFO ][2016-01-14 14:28:12,566][com.java.TestType] [  487] - 2
[INFO ][2016-01-14 14:28:12,567][com.java.TestType] [  482] -  str(2) = 2
[INFO ][2016-01-14 14:28:12,567][com.java.TestType] [  482] -  str(1) = 2
[INFO ][2016-01-14 14:28:12,567][com.java.TestType] [  485] - Test case Id is---2
[INFO ][2016-01-14 14:28:12,567][com.java.TestType] [  487] - 2
[INFO ][2016-01-14 14:28:12,567][com.java.TestType] [  482] -  str(2) = 3
[INFO ][2016-01-14 14:28:12,568][com.java.TestType] [11316] - Looping 1TCID = 2
[DEBUG][2016-01-14 14:28:12,568][com.java.TestType] [11357] - Concept ID:2 :: Step being Executed: 2::1
[INFO ][2016-01-14 14:28:12,568][com.java.TestType] [11395] - dataFields : BNK//select[@id='bank']
[DEBUG][2016-01-14 14:28:12,568][com.java.TestType] [11401] - <In Set values of the page>
[DEBUG][2016-01-14 14:28:12,568][com.java.TestType] [11406] - {Data Fields & Data Values Exist}
[INFO ][2016-01-14 14:28:12,568][com.java.TestType] [11412] - --------------------------setting values-----------------------------
[INFO ][2016-01-14 14:28:12,569][com.java.TestType] [11415] - Action Type : Select
[INFO ][2016-01-14 14:28:12,569][com.java.TestType] [ 6142] - value = PFC
[INFO ][2016-01-14 14:28:12,783][com.java.TestType] [11434] -  RESULT true
[INFO ][2016-01-14 14:28:12,784][com.java.TestType] [11551] - ?   P A S S   ?
[DEBUG][2016-01-14 14:28:12,784][com.java.TestType] [11357] - Concept ID:2 :: Step being Executed: 2::2
[INFO ][2016-01-14 14:28:12,784][com.java.TestType] [11395] - dataFields : LNKLogout
[DEBUG][2016-01-14 14:28:12,784][com.java.TestType] [11401] - <In Set values of the page>
[DEBUG][2016-01-14 14:28:12,784][com.java.TestType] [11406] - {Data Fields & Data Values Exist}
[INFO ][2016-01-14 14:28:12,784][com.java.TestType] [11412] - --------------------------setting values-----------------------------
[INFO ][2016-01-14 14:28:12,784][com.java.TestType] [11415] - Action Type : WaitTime
[DEBUG][2016-01-14 14:28:12,784][com.java.TestType] [ 5956] - sleepTime: 5000
[INFO ][2016-01-14 14:28:17,784][com.java.TestType] [11434] -  RESULT true
[INFO ][2016-01-14 14:28:17,784][com.java.TestType] [11551] - ?   P A S S   ?
[INFO ][2016-01-14 14:28:17,784][com.java.TestType] [11622] - Looping End......
[INFO ][2016-01-14 14:28:17,788][com.java.SeleniumDriver] [  930] -  RESULT true
[INFO ][2016-01-14 14:28:17,788][com.java.SeleniumDriver] [ 1136] - ?   P A S S   ?
[INFO ][2016-01-14 14:28:17,788][com.java.SeleniumDriver] [  856] - ------------------------------------------
[INFO ][2016-01-14 14:28:17,788][com.java.SeleniumDriver] [  857] - Test case being Executed: 14
[INFO ][2016-01-14 14:28:17,788][com.java.SeleniumDriver] [  869] - Test step:4
[INFO ][2016-01-14 14:28:17,788][com.java.SeleniumDriver] [  881] - Datavalue is----------null
[DEBUG][2016-01-14 14:28:17,788][com.java.SeleniumDriver] [  899] - Exception: null
[INFO ][2016-01-14 14:28:17,788][com.java.SeleniumDriver] [  905] - DataField : //span[@class='icon-user4']&&//a[text()='Company Settings']&&//a[@data-id="RatedLoans"]
[INFO ][2016-01-14 14:28:17,788][com.java.SeleniumDriver] [  907] - DataValue : 
[INFO ][2016-01-14 14:28:17,788][com.java.SeleniumDriver] [  913] - <In Set values of the page>
[INFO ][2016-01-14 14:28:17,788][com.java.SeleniumDriver] [  916] - {Data Fields & Data Values Exist}
[INFO ][2016-01-14 14:28:17,789][com.java.SeleniumDriver] [  918] - --------------------------setting values-----------------------------
[INFO ][2016-01-14 14:28:17,789][com.java.SeleniumDriver] [  921] - Action Type : MOUSEOVER
[INFO ][2016-01-14 14:28:44,957][com.java.SeleniumDriver] [  930] -  RESULT true
[INFO ][2016-01-14 14:28:44,957][com.java.SeleniumDriver] [ 1136] - ?   P A S S   ?
[INFO ][2016-01-14 14:28:44,957][com.java.SeleniumDriver] [  856] - ------------------------------------------
[INFO ][2016-01-14 14:28:44,957][com.java.SeleniumDriver] [  857] - Test case being Executed: 14
[INFO ][2016-01-14 14:28:44,957][com.java.SeleniumDriver] [  869] - Test step:5
[INFO ][2016-01-14 14:28:44,957][com.java.SeleniumDriver] [  881] - Datavalue is----------Rated Loan Categories
[INFO ][2016-01-14 14:28:44,957][com.java.SeleniumDriver] [  905] - DataField : XPH//span[contains(text(), 'Rated Loan Categories')]
[INFO ][2016-01-14 14:28:44,957][com.java.SeleniumDriver] [  907] - DataValue : Rated Loan Categories
[INFO ][2016-01-14 14:28:44,957][com.java.SeleniumDriver] [  913] - <In Set values of the page>
[INFO ][2016-01-14 14:28:44,957][com.java.SeleniumDriver] [  916] - {Data Fields & Data Values Exist}
[INFO ][2016-01-14 14:28:44,957][com.java.SeleniumDriver] [  918] - --------------------------setting values-----------------------------
[INFO ][2016-01-14 14:28:44,957][com.java.SeleniumDriver] [  921] - Action Type : VERIFY
[INFO ][2016-01-14 14:28:44,958][com.java.TestType] [ 7649] - field= XPH//span[contains(text(), 'Rated Loan Categories')] value= Rated Loan Categories
[INFO ][2016-01-14 14:28:44,958][com.java.TestType] [ 6142] - value = Rated Loan Categories
[INFO ][2016-01-14 14:28:45,090][com.java.SeleniumDriver] [  930] -  RESULT true
[INFO ][2016-01-14 14:28:45,090][com.java.SeleniumDriver] [ 1136] - ?   P A S S   ?
[INFO ][2016-01-14 14:28:45,090][com.java.SeleniumDriver] [  856] - ------------------------------------------
[INFO ][2016-01-14 14:28:45,090][com.java.SeleniumDriver] [  857] - Test case being Executed: 14
[INFO ][2016-01-14 14:28:45,090][com.java.SeleniumDriver] [  869] - Test step:6
[INFO ][2016-01-14 14:28:45,090][com.java.SeleniumDriver] [  881] - Datavalue is----------null
[DEBUG][2016-01-14 14:28:45,090][com.java.SeleniumDriver] [  899] - Exception: null
[INFO ][2016-01-14 14:28:45,091][com.java.SeleniumDriver] [  905] - DataField : BTNframeDialogContent
[INFO ][2016-01-14 14:28:45,091][com.java.SeleniumDriver] [  907] - DataValue : 
[INFO ][2016-01-14 14:28:45,091][com.java.SeleniumDriver] [  913] - <In Set values of the page>
[INFO ][2016-01-14 14:28:45,092][com.java.SeleniumDriver] [  916] - {Data Fields & Data Values Exist}
[INFO ][2016-01-14 14:28:45,092][com.java.SeleniumDriver] [  918] - --------------------------setting values-----------------------------
[INFO ][2016-01-14 14:28:45,092][com.java.SeleniumDriver] [  921] - Action Type : SELECTFRAME
[INFO ][2016-01-14 14:28:46,370][com.java.SeleniumDriver] [  930] -  RESULT true
[INFO ][2016-01-14 14:28:46,370][com.java.SeleniumDriver] [ 1136] - ?   P A S S   ?
[INFO ][2016-01-14 14:28:46,370][com.java.SeleniumDriver] [  856] - ------------------------------------------
[INFO ][2016-01-14 14:28:46,370][com.java.SeleniumDriver] [  857] - Test case being Executed: 14
[INFO ][2016-01-14 14:28:46,370][com.java.SeleniumDriver] [  869] - Test step:7
[INFO ][2016-01-14 14:28:46,370][com.java.SeleniumDriver] [  881] - Datavalue is----------null
[DEBUG][2016-01-14 14:28:46,371][com.java.SeleniumDriver] [  899] - Exception: null
[INFO ][2016-01-14 14:28:46,371][com.java.SeleniumDriver] [  905] - DataField : BTNbtnAddNew
[INFO ][2016-01-14 14:28:46,371][com.java.SeleniumDriver] [  907] - DataValue : 
[INFO ][2016-01-14 14:28:46,371][com.java.SeleniumDriver] [  913] - <In Set values of the page>
[INFO ][2016-01-14 14:28:46,371][com.java.SeleniumDriver] [  916] - {Data Fields & Data Values Exist}
[INFO ][2016-01-14 14:28:46,371][com.java.SeleniumDriver] [  918] - --------------------------setting values-----------------------------
[INFO ][2016-01-14 14:28:46,371][com.java.SeleniumDriver] [  921] - Action Type : CLICK
[INFO ][2016-01-14 14:28:46,371][com.java.TestType] [ 6521] - Field ::BTNbtnAddNew
[INFO ][2016-01-14 14:28:46,371][com.java.TestType] [ 6142] - value = 
[INFO ][2016-01-14 14:28:47,371][com.java.TestType] [ 6637] - BEFORE CLICK
[INFO ][2016-01-14 14:28:48,561][com.java.TestType] [ 6644] - Unable to click the object Add New Category button
[INFO ][2016-01-14 14:28:48,561][com.java.SeleniumDriver] [  930] -  RESULT true
[INFO ][2016-01-14 14:28:48,561][com.java.SeleniumDriver] [ 1136] - ?   P A S S   ?
[INFO ][2016-01-14 14:28:48,563][com.java.SeleniumDriver] [  856] - ------------------------------------------
[INFO ][2016-01-14 14:28:48,563][com.java.SeleniumDriver] [  857] - Test case being Executed: 14
[INFO ][2016-01-14 14:28:48,563][com.java.SeleniumDriver] [  869] - Test step:8
[INFO ][2016-01-14 14:28:48,563][com.java.SeleniumDriver] [  881] - Datavalue is----------5
[INFO ][2016-01-14 14:28:48,563][com.java.SeleniumDriver] [  905] - DataField : XPH//td[contains(text(),'Description')]
[INFO ][2016-01-14 14:28:48,563][com.java.SeleniumDriver] [  907] - DataValue : 5
[INFO ][2016-01-14 14:28:48,563][com.java.SeleniumDriver] [  913] - <In Set values of the page>
[INFO ][2016-01-14 14:28:48,563][com.java.SeleniumDriver] [  916] - {Data Fields & Data Values Exist}
[INFO ][2016-01-14 14:28:48,563][com.java.SeleniumDriver] [  918] - --------------------------setting values-----------------------------
[INFO ][2016-01-14 14:28:48,563][com.java.SeleniumDriver] [  921] - Action Type : WAITFORELEMENT
[INFO ][2016-01-14 14:28:48,588][com.java.SeleniumDriver] [  930] -  RESULT true
[INFO ][2016-01-14 14:28:48,588][com.java.SeleniumDriver] [ 1136] - ?   P A S S   ?
[INFO ][2016-01-14 14:28:48,588][com.java.SeleniumDriver] [  856] - ------------------------------------------
[INFO ][2016-01-14 14:28:48,588][com.java.SeleniumDriver] [  857] - Test case being Executed: 14
[INFO ][2016-01-14 14:28:48,588][com.java.SeleniumDriver] [  869] - Test step:9
[INFO ][2016-01-14 14:28:48,588][com.java.SeleniumDriver] [  881] - Datavalue is----------Description
[INFO ][2016-01-14 14:28:48,588][com.java.SeleniumDriver] [  905] - DataField : XPH//td[contains(text(),'Description')]
[INFO ][2016-01-14 14:28:48,588][com.java.SeleniumDriver] [  907] - DataValue : Description
[INFO ][2016-01-14 14:28:48,588][com.java.SeleniumDriver] [  913] - <In Set values of the page>
[INFO ][2016-01-14 14:28:48,589][com.java.SeleniumDriver] [  916] - {Data Fields & Data Values Exist}
[INFO ][2016-01-14 14:28:48,589][com.java.SeleniumDriver] [  918] - --------------------------setting values-----------------------------
[INFO ][2016-01-14 14:28:48,589][com.java.SeleniumDriver] [  921] - Action Type : VERIFY
[INFO ][2016-01-14 14:28:48,589][com.java.TestType] [ 7649] - field= XPH//td[contains(text(),'Description')] value= Description
[INFO ][2016-01-14 14:28:48,589][com.java.TestType] [ 6142] - value = Description
[INFO ][2016-01-14 14:28:48,644][com.java.SeleniumDriver] [  930] -  RESULT true
[INFO ][2016-01-14 14:28:48,644][com.java.SeleniumDriver] [ 1136] - ?   P A S S   ?
[INFO ][2016-01-14 14:28:48,644][com.java.SeleniumDriver] [  856] - ------------------------------------------
[INFO ][2016-01-14 14:28:48,644][com.java.SeleniumDriver] [  857] - Test case being Executed: 14
[INFO ][2016-01-14 14:28:48,644][com.java.SeleniumDriver] [  869] - Test step:10
[INFO ][2016-01-14 14:28:48,644][com.java.SeleniumDriver] [  881] - Datavalue is----------Rated Loan*
[INFO ][2016-01-14 14:28:48,644][com.java.SeleniumDriver] [  905] - DataField : XPH//td[contains(text(),'Rated Loan*')]
[INFO ][2016-01-14 14:28:48,644][com.java.SeleniumDriver] [  907] - DataValue : Rated Loan*
[INFO ][2016-01-14 14:28:48,644][com.java.SeleniumDriver] [  913] - <In Set values of the page>
[INFO ][2016-01-14 14:28:48,645][com.java.SeleniumDriver] [  916] - {Data Fields & Data Values Exist}
[INFO ][2016-01-14 14:28:48,645][com.java.SeleniumDriver] [  918] - --------------------------setting values-----------------------------
[INFO ][2016-01-14 14:28:48,645][com.java.SeleniumDriver] [  921] - Action Type : VERIFY
[INFO ][2016-01-14 14:28:48,645][com.java.TestType] [ 7649] - field= XPH//td[contains(text(),'Rated Loan*')] value= Rated Loan*
[INFO ][2016-01-14 14:28:48,645][com.java.TestType] [ 6142] - value = Rated Loan*
[INFO ][2016-01-14 14:28:48,700][com.java.SeleniumDriver] [  930] -  RESULT true
[INFO ][2016-01-14 14:28:48,700][com.java.SeleniumDriver] [ 1136] - ?   P A S S   ?
[INFO ][2016-01-14 14:28:48,700][com.java.SeleniumDriver] [  856] - ------------------------------------------
[INFO ][2016-01-14 14:28:48,700][com.java.SeleniumDriver] [  857] - Test case being Executed: 14
[INFO ][2016-01-14 14:28:48,700][com.java.SeleniumDriver] [  869] - Test step:11
[INFO ][2016-01-14 14:28:48,700][com.java.SeleniumDriver] [  881] - Datavalue is----------RNDVLTest
[INFO ][2016-01-14 14:28:48,700][com.java.SeleniumDriver] [  905] - DataField : TXTtxtDescription
[INFO ][2016-01-14 14:28:48,700][com.java.SeleniumDriver] [  907] - DataValue : RNDVLTest
[INFO ][2016-01-14 14:28:48,700][com.java.SeleniumDriver] [  913] - <In Set values of the page>
[INFO ][2016-01-14 14:28:48,700][com.java.SeleniumDriver] [  916] - {Data Fields & Data Values Exist}
[INFO ][2016-01-14 14:28:48,700][com.java.SeleniumDriver] [  918] - --------------------------setting values-----------------------------
[INFO ][2016-01-14 14:28:48,701][com.java.SeleniumDriver] [  921] - Action Type : CLEARANDENTER
[INFO ][2016-01-14 14:28:49,812][com.java.TestType] [ 6142] - value = VLTest36926
[INFO ][2016-01-14 14:28:51,331][com.java.SeleniumDriver] [  930] -  RESULT true
[INFO ][2016-01-14 14:28:51,331][com.java.SeleniumDriver] [ 1136] - ?   P A S S   ?
[INFO ][2016-01-14 14:28:51,331][com.java.SeleniumDriver] [  856] - ------------------------------------------
[INFO ][2016-01-14 14:28:51,331][com.java.SeleniumDriver] [  857] - Test case being Executed: 14
[INFO ][2016-01-14 14:28:51,331][com.java.SeleniumDriver] [  869] - Test step:12
[INFO ][2016-01-14 14:28:51,331][com.java.SeleniumDriver] [  881] - Datavalue is----------Test
[INFO ][2016-01-14 14:28:51,332][com.java.SeleniumDriver] [  905] - DataField : TXTtxtDescription
[INFO ][2016-01-14 14:28:51,332][com.java.SeleniumDriver] [  907] - DataValue : Test
[INFO ][2016-01-14 14:28:51,332][com.java.SeleniumDriver] [  913] - <In Set values of the page>
[INFO ][2016-01-14 14:28:51,332][com.java.SeleniumDriver] [  916] - {Data Fields & Data Values Exist}
[INFO ][2016-01-14 14:28:51,332][com.java.SeleniumDriver] [  918] - --------------------------setting values-----------------------------
[INFO ][2016-01-14 14:28:51,332][com.java.SeleniumDriver] [  921] - Action Type : STOREVALUE
[INFO ][2016-01-14 14:28:51,332][com.java.TestType] [ 9076] - field= TXTtxtDescription
[DEBUG][2016-01-14 14:28:52,428][com.java.TestType] [ 9090] - Key:: Test  Value:: VLTest36926
[INFO ][2016-01-14 14:28:52,428][com.java.SeleniumDriver] [  930] -  RESULT true
[INFO ][2016-01-14 14:28:52,428][com.java.SeleniumDriver] [ 1136] - ?   P A S S   ?
[INFO ][2016-01-14 14:28:52,428][com.java.SeleniumDriver] [  856] - ------------------------------------------
[INFO ][2016-01-14 14:28:52,428][com.java.SeleniumDriver] [  857] - Test case being Executed: 14
[INFO ][2016-01-14 14:28:52,428][com.java.SeleniumDriver] [  869] - Test step:13
[INFO ][2016-01-14 14:28:52,428][com.java.SeleniumDriver] [  881] - Datavalue is----------3
[INFO ][2016-01-14 14:28:52,428][com.java.SeleniumDriver] [  905] - DataField : test
[INFO ][2016-01-14 14:28:52,429][com.java.SeleniumDriver] [  907] - DataValue : 3
[INFO ][2016-01-14 14:28:52,429][com.java.SeleniumDriver] [  913] - <In Set values of the page>
[INFO ][2016-01-14 14:28:52,429][com.java.SeleniumDriver] [  916] - {Data Fields & Data Values Exist}
[INFO ][2016-01-14 14:28:52,429][com.java.SeleniumDriver] [  918] - --------------------------setting values-----------------------------
[INFO ][2016-01-14 14:28:52,429][com.java.SeleniumDriver] [  921] - Action Type : WAITTIME
[DEBUG][2016-01-14 14:28:52,429][com.java.TestType] [ 5956] - sleepTime: 3000
[INFO ][2016-01-14 14:28:55,429][com.java.SeleniumDriver] [  930] -  RESULT true
[INFO ][2016-01-14 14:28:55,429][com.java.SeleniumDriver] [ 1136] - ?   P A S S   ?
[INFO ][2016-01-14 14:28:55,429][com.java.SeleniumDriver] [  856] - ------------------------------------------
[INFO ][2016-01-14 14:28:55,429][com.java.SeleniumDriver] [  857] - Test case being Executed: 14
[INFO ][2016-01-14 14:28:55,429][com.java.SeleniumDriver] [  869] - Test step:14
[INFO ][2016-01-14 14:28:55,429][com.java.SeleniumDriver] [  881] - Datavalue is----------1.00
[INFO ][2016-01-14 14:28:55,429][com.java.SeleniumDriver] [  905] - DataField : TXTtxtWeight
[INFO ][2016-01-14 14:28:55,429][com.java.SeleniumDriver] [  907] - DataValue : 1.00
[INFO ][2016-01-14 14:28:55,429][com.java.SeleniumDriver] [  913] - <In Set values of the page>
[INFO ][2016-01-14 14:28:55,429][com.java.SeleniumDriver] [  916] - {Data Fields & Data Values Exist}
[INFO ][2016-01-14 14:28:55,429][com.java.SeleniumDriver] [  918] - --------------------------setting values-----------------------------
[INFO ][2016-01-14 14:28:55,429][com.java.SeleniumDriver] [  921] - Action Type : CLEARANDENTER
[INFO ][2016-01-14 14:28:56,573][com.java.TestType] [ 6142] - value = 1.00
[INFO ][2016-01-14 14:28:57,738][com.java.SeleniumDriver] [  930] -  RESULT true
[INFO ][2016-01-14 14:28:57,739][com.java.SeleniumDriver] [ 1136] - ?   P A S S   ?
[INFO ][2016-01-14 14:28:57,739][com.java.SeleniumDriver] [  856] - ------------------------------------------
[INFO ][2016-01-14 14:28:57,739][com.java.SeleniumDriver] [  857] - Test case being Executed: 14
[INFO ][2016-01-14 14:28:57,739][com.java.SeleniumDriver] [  869] - Test step:15
[INFO ][2016-01-14 14:28:57,739][com.java.SeleniumDriver] [  881] - Datavalue is----------Historical
[INFO ][2016-01-14 14:28:57,739][com.java.SeleniumDriver] [  905] - DataField : TXTtxtWeight
[INFO ][2016-01-14 14:28:57,739][com.java.SeleniumDriver] [  907] - DataValue : Historical
[INFO ][2016-01-14 14:28:57,739][com.java.SeleniumDriver] [  913] - <In Set values of the page>
[INFO ][2016-01-14 14:28:57,739][com.java.SeleniumDriver] [  916] - {Data Fields & Data Values Exist}
[INFO ][2016-01-14 14:28:57,739][com.java.SeleniumDriver] [  918] - --------------------------setting values-----------------------------
[INFO ][2016-01-14 14:28:57,739][com.java.SeleniumDriver] [  921] - Action Type : STOREVALUE
[INFO ][2016-01-14 14:28:57,739][com.java.TestType] [ 9076] - field= TXTtxtWeight
[DEBUG][2016-01-14 14:28:58,824][com.java.TestType] [ 9090] - Key:: Historical  Value:: 1.00
[INFO ][2016-01-14 14:28:58,824][com.java.SeleniumDriver] [  930] -  RESULT true
[INFO ][2016-01-14 14:28:58,824][com.java.SeleniumDriver] [ 1136] - ?   P A S S   ?
[INFO ][2016-01-14 14:28:58,824][com.java.SeleniumDriver] [  856] - ------------------------------------------
[INFO ][2016-01-14 14:28:58,824][com.java.SeleniumDriver] [  857] - Test case being Executed: 14
[INFO ][2016-01-14 14:28:58,824][com.java.SeleniumDriver] [  869] - Test step:16
[INFO ][2016-01-14 14:28:58,824][com.java.SeleniumDriver] [  881] - Datavalue is----------3
[INFO ][2016-01-14 14:28:58,824][com.java.SeleniumDriver] [  905] - DataField : XPH//input[@id="txtWeight"]
[INFO ][2016-01-14 14:28:58,824][com.java.SeleniumDriver] [  907] - DataValue : 3
[INFO ][2016-01-14 14:28:58,824][com.java.SeleniumDriver] [  913] - <In Set values of the page>
[INFO ][2016-01-14 14:28:58,825][com.java.SeleniumDriver] [  916] - {Data Fields & Data Values Exist}
[INFO ][2016-01-14 14:28:58,825][com.java.SeleniumDriver] [  918] - --------------------------setting values-----------------------------
[INFO ][2016-01-14 14:28:58,825][com.java.SeleniumDriver] [  921] - Action Type : WAITFORELEMENT
[INFO ][2016-01-14 14:28:58,840][com.java.SeleniumDriver] [  930] -  RESULT true
[INFO ][2016-01-14 14:28:58,840][com.java.SeleniumDriver] [ 1136] - ?   P A S S   ?
[INFO ][2016-01-14 14:28:58,840][com.java.SeleniumDriver] [  856] - ------------------------------------------
[INFO ][2016-01-14 14:28:58,840][com.java.SeleniumDriver] [  857] - Test case being Executed: 14
[INFO ][2016-01-14 14:28:58,840][com.java.SeleniumDriver] [  869] - Test step:17
[INFO ][2016-01-14 14:28:58,840][com.java.SeleniumDriver] [  881] - Datavalue is----------1.20
[INFO ][2016-01-14 14:28:58,840][com.java.SeleniumDriver] [  905] - DataField : TXTtxtWeight1
[INFO ][2016-01-14 14:28:58,841][com.java.SeleniumDriver] [  907] - DataValue : 1.20
[INFO ][2016-01-14 14:28:58,841][com.java.SeleniumDriver] [  913] - <In Set values of the page>
[INFO ][2016-01-14 14:28:58,841][com.java.SeleniumDriver] [  916] - {Data Fields & Data Values Exist}
[INFO ][2016-01-14 14:28:58,841][com.java.SeleniumDriver] [  918] - --------------------------setting values-----------------------------
[INFO ][2016-01-14 14:28:58,841][com.java.SeleniumDriver] [  921] - Action Type : CLEARANDENTER
[INFO ][2016-01-14 14:28:59,957][com.java.TestType] [ 6142] - value = 1.20
[INFO ][2016-01-14 14:29:01,116][com.java.SeleniumDriver] [  930] -  RESULT true
[INFO ][2016-01-14 14:29:01,116][com.java.SeleniumDriver] [ 1136] - ?   P A S S   ?
[INFO ][2016-01-14 14:29:01,116][com.java.SeleniumDriver] [  856] - ------------------------------------------
[INFO ][2016-01-14 14:29:01,116][com.java.SeleniumDriver] [  857] - Test case being Executed: 14
[INFO ][2016-01-14 14:29:01,117][com.java.SeleniumDriver] [  869] - Test step:18
[INFO ][2016-01-14 14:29:01,117][com.java.SeleniumDriver] [  881] - Datavalue is----------Economic
[INFO ][2016-01-14 14:29:01,117][com.java.SeleniumDriver] [  905] - DataField : TXTtxtWeight1
[INFO ][2016-01-14 14:29:01,117][com.java.SeleniumDriver] [  907] - DataValue : Economic
[INFO ][2016-01-14 14:29:01,117][com.java.SeleniumDriver] [  913] - <In Set values of the page>
[INFO ][2016-01-14 14:29:01,117][com.java.SeleniumDriver] [  916] - {Data Fields & Data Values Exist}
[INFO ][2016-01-14 14:29:01,118][com.java.SeleniumDriver] [  918] - --------------------------setting values-----------------------------
[INFO ][2016-01-14 14:29:01,119][com.java.SeleniumDriver] [  921] - Action Type : STOREVALUE
[INFO ][2016-01-14 14:29:01,119][com.java.TestType] [ 9076] - field= TXTtxtWeight1
[DEBUG][2016-01-14 14:29:02,204][com.java.TestType] [ 9090] - Key:: Economic  Value:: 1.20
[INFO ][2016-01-14 14:29:02,205][com.java.SeleniumDriver] [  930] -  RESULT true
[INFO ][2016-01-14 14:29:02,205][com.java.SeleniumDriver] [ 1136] - ?   P A S S   ?
[INFO ][2016-01-14 14:29:02,205][com.java.SeleniumDriver] [  856] - ------------------------------------------
[INFO ][2016-01-14 14:29:02,205][com.java.SeleniumDriver] [  857] - Test case being Executed: 14
[INFO ][2016-01-14 14:29:02,205][com.java.SeleniumDriver] [  869] - Test step:19
[INFO ][2016-01-14 14:29:02,205][com.java.SeleniumDriver] [  881] - Datavalue is----------3
[INFO ][2016-01-14 14:29:02,205][com.java.SeleniumDriver] [  905] - DataField : test
[INFO ][2016-01-14 14:29:02,205][com.java.SeleniumDriver] [  907] - DataValue : 3
[INFO ][2016-01-14 14:29:02,205][com.java.SeleniumDriver] [  913] - <In Set values of the page>
[INFO ][2016-01-14 14:29:02,205][com.java.SeleniumDriver] [  916] - {Data Fields & Data Values Exist}
[INFO ][2016-01-14 14:29:02,205][com.java.SeleniumDriver] [  918] - --------------------------setting values-----------------------------
[INFO ][2016-01-14 14:29:02,205][com.java.SeleniumDriver] [  921] - Action Type : WAITTIME
[DEBUG][2016-01-14 14:29:02,205][com.java.TestType] [ 5956] - sleepTime: 3000
[INFO ][2016-01-14 14:29:05,206][com.java.SeleniumDriver] [  930] -  RESULT true
[INFO ][2016-01-14 14:29:05,206][com.java.SeleniumDriver] [ 1136] - ?   P A S S   ?
[INFO ][2016-01-14 14:29:05,206][com.java.SeleniumDriver] [  856] - ------------------------------------------
[INFO ][2016-01-14 14:29:05,206][com.java.SeleniumDriver] [  857] - Test case being Executed: 14
[INFO ][2016-01-14 14:29:05,206][com.java.SeleniumDriver] [  869] - Test step:20
[INFO ][2016-01-14 14:29:05,206][com.java.SeleniumDriver] [  881] - Datavalue is----------0.50
[INFO ][2016-01-14 14:29:05,206][com.java.SeleniumDriver] [  905] - DataField : TXTtxtWeight2
[INFO ][2016-01-14 14:29:05,206][com.java.SeleniumDriver] [  907] - DataValue : 0.50
[INFO ][2016-01-14 14:29:05,206][com.java.SeleniumDriver] [  913] - <In Set values of the page>
[INFO ][2016-01-14 14:29:05,206][com.java.SeleniumDriver] [  916] - {Data Fields & Data Values Exist}
[INFO ][2016-01-14 14:29:05,206][com.java.SeleniumDriver] [  918] - --------------------------setting values-----------------------------
[INFO ][2016-01-14 14:29:05,206][com.java.SeleniumDriver] [  921] - Action Type : CLEARANDENTER
[INFO ][2016-01-14 14:29:06,342][com.java.TestType] [ 6142] - value = 0.50
[INFO ][2016-01-14 14:29:07,511][com.java.SeleniumDriver] [  930] -  RESULT true
[INFO ][2016-01-14 14:29:07,512][com.java.SeleniumDriver] [ 1136] - ?   P A S S   ?
[INFO ][2016-01-14 14:29:07,512][com.java.SeleniumDriver] [  856] - ------------------------------------------
[INFO ][2016-01-14 14:29:07,513][com.java.SeleniumDriver] [  857] - Test case being Executed: 14
[INFO ][2016-01-14 14:29:07,513][com.java.SeleniumDriver] [  869] - Test step:21
[INFO ][2016-01-14 14:29:07,513][com.java.SeleniumDriver] [  881] - Datavalue is----------Other
[INFO ][2016-01-14 14:29:07,513][com.java.SeleniumDriver] [  905] - DataField : TXTtxtWeight2
[INFO ][2016-01-14 14:29:07,513][com.java.SeleniumDriver] [  907] - DataValue : Other
[INFO ][2016-01-14 14:29:07,513][com.java.SeleniumDriver] [  913] - <In Set values of the page>
[INFO ][2016-01-14 14:29:07,513][com.java.SeleniumDriver] [  916] - {Data Fields & Data Values Exist}
[INFO ][2016-01-14 14:29:07,513][com.java.SeleniumDriver] [  918] - --------------------------setting values-----------------------------
[INFO ][2016-01-14 14:29:07,513][com.java.SeleniumDriver] [  921] - Action Type : STOREVALUE
[INFO ][2016-01-14 14:29:07,513][com.java.TestType] [ 9076] - field= TXTtxtWeight2
[DEBUG][2016-01-14 14:29:08,585][com.java.TestType] [ 9090] - Key:: Other  Value:: 0.50
[INFO ][2016-01-14 14:29:08,585][com.java.SeleniumDriver] [  930] -  RESULT true
[INFO ][2016-01-14 14:29:08,585][com.java.SeleniumDriver] [ 1136] - ?   P A S S   ?
[INFO ][2016-01-14 14:29:08,585][com.java.SeleniumDriver] [  856] - ------------------------------------------
[INFO ][2016-01-14 14:29:08,585][com.java.SeleniumDriver] [  857] - Test case being Executed: 14
[INFO ][2016-01-14 14:29:08,585][com.java.SeleniumDriver] [  869] - Test step:22
[INFO ][2016-01-14 14:29:08,585][com.java.SeleniumDriver] [  881] - Datavalue is----------3
[INFO ][2016-01-14 14:29:08,585][com.java.SeleniumDriver] [  905] - DataField : test
[INFO ][2016-01-14 14:29:08,585][com.java.SeleniumDriver] [  907] - DataValue : 3
[INFO ][2016-01-14 14:29:08,585][com.java.SeleniumDriver] [  913] - <In Set values of the page>
[INFO ][2016-01-14 14:29:08,586][com.java.SeleniumDriver] [  916] - {Data Fields & Data Values Exist}
[INFO ][2016-01-14 14:29:08,586][com.java.SeleniumDriver] [  918] - --------------------------setting values-----------------------------
[INFO ][2016-01-14 14:29:08,586][com.java.SeleniumDriver] [  921] - Action Type : WAITTIME
[DEBUG][2016-01-14 14:29:08,586][com.java.TestType] [ 5956] - sleepTime: 3000
[INFO ][2016-01-14 14:29:11,586][com.java.SeleniumDriver] [  930] -  RESULT true
[INFO ][2016-01-14 14:29:11,586][com.java.SeleniumDriver] [ 1136] - ?   P A S S   ?
[INFO ][2016-01-14 14:29:11,586][com.java.SeleniumDriver] [  856] - ------------------------------------------
[INFO ][2016-01-14 14:29:11,586][com.java.SeleniumDriver] [  857] - Test case being Executed: 14
[INFO ][2016-01-14 14:29:11,586][com.java.SeleniumDriver] [  869] - Test step:23
[INFO ][2016-01-14 14:29:11,586][com.java.SeleniumDriver] [  881] - Datavalue is----------null
[DEBUG][2016-01-14 14:29:11,586][com.java.SeleniumDriver] [  899] - Exception: null
[INFO ][2016-01-14 14:29:11,586][com.java.SeleniumDriver] [  905] - DataField : BTNchkRated
[INFO ][2016-01-14 14:29:11,586][com.java.SeleniumDriver] [  907] - DataValue : 
[INFO ][2016-01-14 14:29:11,586][com.java.SeleniumDriver] [  913] - <In Set values of the page>
[INFO ][2016-01-14 14:29:11,586][com.java.SeleniumDriver] [  916] - {Data Fields & Data Values Exist}
[INFO ][2016-01-14 14:29:11,586][com.java.SeleniumDriver] [  918] - --------------------------setting values-----------------------------
[INFO ][2016-01-14 14:29:11,587][com.java.SeleniumDriver] [  921] - Action Type : CLICK
[INFO ][2016-01-14 14:29:11,587][com.java.TestType] [ 6521] - Field ::BTNchkRated
[INFO ][2016-01-14 14:29:11,587][com.java.TestType] [ 6142] - value = 
[INFO ][2016-01-14 14:29:12,587][com.java.TestType] [ 6637] - BEFORE CLICK
[INFO ][2016-01-14 14:29:13,770][com.java.TestType] [ 6644] - Unable to click the object RatedLoan checkbox
[INFO ][2016-01-14 14:29:13,770][com.java.SeleniumDriver] [  930] -  RESULT true
[INFO ][2016-01-14 14:29:13,770][com.java.SeleniumDriver] [ 1136] - ?   P A S S   ?
[INFO ][2016-01-14 14:29:13,770][com.java.SeleniumDriver] [  856] - ------------------------------------------
[INFO ][2016-01-14 14:29:13,770][com.java.SeleniumDriver] [  857] - Test case being Executed: 14
[INFO ][2016-01-14 14:29:13,770][com.java.SeleniumDriver] [  869] - Test step:24
[INFO ][2016-01-14 14:29:13,770][com.java.SeleniumDriver] [  881] - Datavalue is----------null
[DEBUG][2016-01-14 14:29:13,770][com.java.SeleniumDriver] [  899] - Exception: null
[INFO ][2016-01-14 14:29:13,770][com.java.SeleniumDriver] [  905] - DataField : BTNparent
[INFO ][2016-01-14 14:29:13,771][com.java.SeleniumDriver] [  907] - DataValue : 
[INFO ][2016-01-14 14:29:13,771][com.java.SeleniumDriver] [  913] - <In Set values of the page>
[INFO ][2016-01-14 14:29:13,771][com.java.SeleniumDriver] [  916] - {Data Fields & Data Values Exist}
[INFO ][2016-01-14 14:29:13,771][com.java.SeleniumDriver] [  918] - --------------------------setting values-----------------------------
[INFO ][2016-01-14 14:29:13,771][com.java.SeleniumDriver] [  921] - Action Type : SELECTFRAME
[INFO ][2016-01-14 14:29:13,787][com.java.SeleniumDriver] [  930] -  RESULT true
[INFO ][2016-01-14 14:29:13,787][com.java.SeleniumDriver] [ 1136] - ?   P A S S   ?
[INFO ][2016-01-14 14:29:13,787][com.java.SeleniumDriver] [  856] - ------------------------------------------
[INFO ][2016-01-14 14:29:13,787][com.java.SeleniumDriver] [  857] - Test case being Executed: 14
[INFO ][2016-01-14 14:29:13,788][com.java.SeleniumDriver] [  869] - Test step:25
[INFO ][2016-01-14 14:29:13,788][com.java.SeleniumDriver] [  881] - Datavalue is----------5
[INFO ][2016-01-14 14:29:13,788][com.java.SeleniumDriver] [  905] - DataField : XPH//span[contains(text(), 'Update')]
[INFO ][2016-01-14 14:29:13,788][com.java.SeleniumDriver] [  907] - DataValue : 5
[INFO ][2016-01-14 14:29:13,788][com.java.SeleniumDriver] [  913] - <In Set values of the page>
[INFO ][2016-01-14 14:29:13,788][com.java.SeleniumDriver] [  916] - {Data Fields & Data Values Exist}
[INFO ][2016-01-14 14:29:13,788][com.java.SeleniumDriver] [  918] - --------------------------setting values-----------------------------
[INFO ][2016-01-14 14:29:13,788][com.java.SeleniumDriver] [  921] - Action Type : WAITFORELEMENT
[INFO ][2016-01-14 14:29:13,823][com.java.SeleniumDriver] [  930] -  RESULT true
[INFO ][2016-01-14 14:29:13,823][com.java.SeleniumDriver] [ 1136] - ?   P A S S   ?
[INFO ][2016-01-14 14:29:13,823][com.java.SeleniumDriver] [  856] - ------------------------------------------
[INFO ][2016-01-14 14:29:13,825][com.java.SeleniumDriver] [  857] - Test case being Executed: 14
[INFO ][2016-01-14 14:29:13,825][com.java.SeleniumDriver] [  869] - Test step:26
[INFO ][2016-01-14 14:29:13,825][com.java.SeleniumDriver] [  881] - Datavalue is----------null
[DEBUG][2016-01-14 14:29:13,825][com.java.SeleniumDriver] [  899] - Exception: null
[INFO ][2016-01-14 14:29:13,825][com.java.SeleniumDriver] [  905] - DataField : XPH//span[contains(text(), 'Update')]
[INFO ][2016-01-14 14:29:13,825][com.java.SeleniumDriver] [  907] - DataValue : 
[INFO ][2016-01-14 14:29:13,825][com.java.SeleniumDriver] [  913] - <In Set values of the page>
[INFO ][2016-01-14 14:29:13,825][com.java.SeleniumDriver] [  916] - {Data Fields & Data Values Exist}
[INFO ][2016-01-14 14:29:13,825][com.java.SeleniumDriver] [  918] - --------------------------setting values-----------------------------
[INFO ][2016-01-14 14:29:13,825][com.java.SeleniumDriver] [  921] - Action Type : CLICK
[INFO ][2016-01-14 14:29:13,825][com.java.TestType] [ 6521] - Field ::XPH//span[contains(text(), 'Update')]
[INFO ][2016-01-14 14:29:13,825][com.java.TestType] [ 6142] - value = 
[INFO ][2016-01-14 14:29:14,825][com.java.TestType] [ 6658] - BEFORE CLICK
[INFO ][2016-01-14 14:29:15,719][com.java.TestType] [ 6666] - Unable to click the object Update button
[INFO ][2016-01-14 14:29:15,719][com.java.SeleniumDriver] [  930] -  RESULT true
[INFO ][2016-01-14 14:29:15,719][com.java.SeleniumDriver] [ 1136] - ?   P A S S   ?
[INFO ][2016-01-14 14:29:15,719][com.java.SeleniumDriver] [  856] - ------------------------------------------
[INFO ][2016-01-14 14:29:15,719][com.java.SeleniumDriver] [  857] - Test case being Executed: 14
[INFO ][2016-01-14 14:29:15,719][com.java.SeleniumDriver] [  869] - Test step:27
[INFO ][2016-01-14 14:29:15,719][com.java.SeleniumDriver] [  881] - Datavalue is----------10
[INFO ][2016-01-14 14:29:15,719][com.java.SeleniumDriver] [  905] - DataField : XPH//span[contains(text(), 'Rated Loan Categories')]
[INFO ][2016-01-14 14:29:15,719][com.java.SeleniumDriver] [  907] - DataValue : 10
[INFO ][2016-01-14 14:29:15,719][com.java.SeleniumDriver] [  913] - <In Set values of the page>
[INFO ][2016-01-14 14:29:15,719][com.java.SeleniumDriver] [  916] - {Data Fields & Data Values Exist}
[INFO ][2016-01-14 14:29:15,719][com.java.SeleniumDriver] [  918] - --------------------------setting values-----------------------------
[INFO ][2016-01-14 14:29:15,720][com.java.SeleniumDriver] [  921] - Action Type : WAITFORELEMENT
[INFO ][2016-01-14 14:29:15,758][com.java.SeleniumDriver] [  930] -  RESULT true
[INFO ][2016-01-14 14:29:15,758][com.java.SeleniumDriver] [ 1136] - ?   P A S S   ?
[INFO ][2016-01-14 14:29:15,758][com.java.SeleniumDriver] [  856] - ------------------------------------------
[INFO ][2016-01-14 14:29:15,758][com.java.SeleniumDriver] [  857] - Test case being Executed: 14
[INFO ][2016-01-14 14:29:15,758][com.java.SeleniumDriver] [  869] - Test step:28
[INFO ][2016-01-14 14:29:15,758][com.java.SeleniumDriver] [  881] - Datavalue is----------null
[DEBUG][2016-01-14 14:29:15,758][com.java.SeleniumDriver] [  899] - Exception: null
[INFO ][2016-01-14 14:29:15,759][com.java.SeleniumDriver] [  905] - DataField : BTNframeDialogContent
[INFO ][2016-01-14 14:29:15,759][com.java.SeleniumDriver] [  907] - DataValue : 
[INFO ][2016-01-14 14:29:15,759][com.java.SeleniumDriver] [  913] - <In Set values of the page>
[INFO ][2016-01-14 14:29:15,759][com.java.SeleniumDriver] [  916] - {Data Fields & Data Values Exist}
[INFO ][2016-01-14 14:29:15,759][com.java.SeleniumDriver] [  918] - --------------------------setting values-----------------------------
[INFO ][2016-01-14 14:29:15,759][com.java.SeleniumDriver] [  921] - Action Type : SELECTFRAME
[INFO ][2016-01-14 14:29:17,466][com.java.SeleniumDriver] [  930] -  RESULT true
[INFO ][2016-01-14 14:29:17,466][com.java.SeleniumDriver] [ 1136] - ?   P A S S   ?
[INFO ][2016-01-14 14:29:17,466][com.java.SeleniumDriver] [  856] - ------------------------------------------
[INFO ][2016-01-14 14:29:17,466][com.java.SeleniumDriver] [  857] - Test case being Executed: 14
[INFO ][2016-01-14 14:29:17,467][com.java.SeleniumDriver] [  869] - Test step:29
[INFO ][2016-01-14 14:29:17,467][com.java.SeleniumDriver] [  881] - Datavalue is----------3
[INFO ][2016-01-14 14:29:17,467][com.java.SeleniumDriver] [  905] - DataField : test
[INFO ][2016-01-14 14:29:17,467][com.java.SeleniumDriver] [  907] - DataValue : 3
[INFO ][2016-01-14 14:29:17,467][com.java.SeleniumDriver] [  913] - <In Set values of the page>
[INFO ][2016-01-14 14:29:17,467][com.java.SeleniumDriver] [  916] - {Data Fields & Data Values Exist}
[INFO ][2016-01-14 14:29:17,467][com.java.SeleniumDriver] [  918] - --------------------------setting values-----------------------------
[INFO ][2016-01-14 14:29:17,467][com.java.SeleniumDriver] [  921] - Action Type : WAITTIME
[DEBUG][2016-01-14 14:29:17,467][com.java.TestType] [ 5956] - sleepTime: 3000
[INFO ][2016-01-14 14:29:20,467][com.java.SeleniumDriver] [  930] -  RESULT true
[INFO ][2016-01-14 14:29:20,467][com.java.SeleniumDriver] [ 1136] - ?   P A S S   ?
[INFO ][2016-01-14 14:29:20,467][com.java.SeleniumDriver] [  856] - ------------------------------------------
[INFO ][2016-01-14 14:29:20,467][com.java.SeleniumDriver] [  857] - Test case being Executed: 14
[INFO ][2016-01-14 14:29:20,467][com.java.SeleniumDriver] [  869] - Test step:30
[INFO ][2016-01-14 14:29:20,467][com.java.SeleniumDriver] [  881] - Datavalue is----------HMVTest
[INFO ][2016-01-14 14:29:20,467][com.java.SeleniumDriver] [  905] - DataField : MSG
[INFO ][2016-01-14 14:29:20,467][com.java.SeleniumDriver] [  907] - DataValue : HMVTest
[INFO ][2016-01-14 14:29:20,467][com.java.SeleniumDriver] [  913] - <In Set values of the page>
[INFO ][2016-01-14 14:29:20,467][com.java.SeleniumDriver] [  916] - {Data Fields & Data Values Exist}
[INFO ][2016-01-14 14:29:20,467][com.java.SeleniumDriver] [  918] - --------------------------setting values-----------------------------
[INFO ][2016-01-14 14:29:20,467][com.java.SeleniumDriver] [  921] - Action Type : VERIFY
[INFO ][2016-01-14 14:29:20,467][com.java.TestType] [ 7649] - field= MSG value= HMVTest
[INFO ][2016-01-14 14:29:20,468][com.java.TestType] [ 6142] - value = VLTest36926
[DEBUG][2016-01-14 14:29:20,468][com.java.TestType] [ 8479] - value :: VLTest36926
[INFO ][2016-01-14 14:29:20,485][com.java.SeleniumDriver] [  930] -  RESULT true
[INFO ][2016-01-14 14:29:20,485][com.java.SeleniumDriver] [ 1136] - ?   P A S S   ?
[INFO ][2016-01-14 14:29:20,485][com.java.SeleniumDriver] [  856] - ------------------------------------------
[INFO ][2016-01-14 14:29:20,485][com.java.SeleniumDriver] [  857] - Test case being Executed: 14
[INFO ][2016-01-14 14:29:20,485][com.java.SeleniumDriver] [  869] - Test step:31
[INFO ][2016-01-14 14:29:20,485][com.java.SeleniumDriver] [  881] - Datavalue is----------3
[INFO ][2016-01-14 14:29:20,485][com.java.SeleniumDriver] [  905] - DataField : test
[INFO ][2016-01-14 14:29:20,485][com.java.SeleniumDriver] [  907] - DataValue : 3
[INFO ][2016-01-14 14:29:20,485][com.java.SeleniumDriver] [  913] - <In Set values of the page>
[INFO ][2016-01-14 14:29:20,485][com.java.SeleniumDriver] [  916] - {Data Fields & Data Values Exist}
[INFO ][2016-01-14 14:29:20,485][com.java.SeleniumDriver] [  918] - --------------------------setting values-----------------------------
[INFO ][2016-01-14 14:29:20,485][com.java.SeleniumDriver] [  921] - Action Type : WAITTIME
[DEBUG][2016-01-14 14:29:20,486][com.java.TestType] [ 5956] - sleepTime: 3000
[INFO ][2016-01-14 14:29:23,486][com.java.SeleniumDriver] [  930] -  RESULT true
[INFO ][2016-01-14 14:29:23,486][com.java.SeleniumDriver] [ 1136] - ?   P A S S   ?
[INFO ][2016-01-14 14:29:23,486][com.java.SeleniumDriver] [  856] - ------------------------------------------
[INFO ][2016-01-14 14:29:23,486][com.java.SeleniumDriver] [  857] - Test case being Executed: 14
[INFO ][2016-01-14 14:29:23,486][com.java.SeleniumDriver] [  869] - Test step:32
[INFO ][2016-01-14 14:29:23,486][com.java.SeleniumDriver] [  881] - Datavalue is----------HMVHistorical
[INFO ][2016-01-14 14:29:23,486][com.java.SeleniumDriver] [  905] - DataField : MSG
[INFO ][2016-01-14 14:29:23,486][com.java.SeleniumDriver] [  907] - DataValue : HMVHistorical
[INFO ][2016-01-14 14:29:23,486][com.java.SeleniumDriver] [  913] - <In Set values of the page>
[INFO ][2016-01-14 14:29:23,486][com.java.SeleniumDriver] [  916] - {Data Fields & Data Values Exist}
[INFO ][2016-01-14 14:29:23,486][com.java.SeleniumDriver] [  918] - --------------------------setting values-----------------------------
[INFO ][2016-01-14 14:29:23,486][com.java.SeleniumDriver] [  921] - Action Type : VERIFY
[INFO ][2016-01-14 14:29:23,487][com.java.TestType] [ 7649] - field= MSG value= HMVHistorical
[INFO ][2016-01-14 14:29:23,487][com.java.TestType] [ 6142] - value = 1.00
[DEBUG][2016-01-14 14:29:23,487][com.java.TestType] [ 8479] - value :: 1.00
[INFO ][2016-01-14 14:29:23,503][com.java.SeleniumDriver] [  930] -  RESULT true
[INFO ][2016-01-14 14:29:23,504][com.java.SeleniumDriver] [ 1136] - ?   P A S S   ?
[INFO ][2016-01-14 14:29:23,504][com.java.SeleniumDriver] [  856] - ------------------------------------------
[INFO ][2016-01-14 14:29:23,504][com.java.SeleniumDriver] [  857] - Test case being Executed: 14
[INFO ][2016-01-14 14:29:23,504][com.java.SeleniumDriver] [  869] - Test step:33
[INFO ][2016-01-14 14:29:23,504][com.java.SeleniumDriver] [  881] - Datavalue is----------HMVEconomic
[INFO ][2016-01-14 14:29:23,505][com.java.SeleniumDriver] [  905] - DataField : MSG
[INFO ][2016-01-14 14:29:23,505][com.java.SeleniumDriver] [  907] - DataValue : HMVEconomic
[INFO ][2016-01-14 14:29:23,505][com.java.SeleniumDriver] [  913] - <In Set values of the page>
[INFO ][2016-01-14 14:29:23,506][com.java.SeleniumDriver] [  916] - {Data Fields & Data Values Exist}
[INFO ][2016-01-14 14:29:23,506][com.java.SeleniumDriver] [  918] - --------------------------setting values-----------------------------
[INFO ][2016-01-14 14:29:23,506][com.java.SeleniumDriver] [  921] - Action Type : VERIFY
[INFO ][2016-01-14 14:29:23,506][com.java.TestType] [ 7649] - field= MSG value= HMVEconomic
[INFO ][2016-01-14 14:29:23,506][com.java.TestType] [ 6142] - value = 1.20
[DEBUG][2016-01-14 14:29:23,506][com.java.TestType] [ 8479] - value :: 1.20
[INFO ][2016-01-14 14:29:23,522][com.java.SeleniumDriver] [  930] -  RESULT true
[INFO ][2016-01-14 14:29:23,522][com.java.SeleniumDriver] [ 1136] - ?   P A S S   ?
[INFO ][2016-01-14 14:29:23,523][com.java.SeleniumDriver] [  856] - ------------------------------------------
[INFO ][2016-01-14 14:29:23,523][com.java.SeleniumDriver] [  857] - Test case being Executed: 14
[INFO ][2016-01-14 14:29:23,523][com.java.SeleniumDriver] [  869] - Test step:34
[INFO ][2016-01-14 14:29:23,523][com.java.SeleniumDriver] [  881] - Datavalue is----------HMVOther
[INFO ][2016-01-14 14:29:23,523][com.java.SeleniumDriver] [  905] - DataField : MSG
[INFO ][2016-01-14 14:29:23,523][com.java.SeleniumDriver] [  907] - DataValue : HMVOther
[INFO ][2016-01-14 14:29:23,523][com.java.SeleniumDriver] [  913] - <In Set values of the page>
[INFO ][2016-01-14 14:29:23,523][com.java.SeleniumDriver] [  916] - {Data Fields & Data Values Exist}
[INFO ][2016-01-14 14:29:23,523][com.java.SeleniumDriver] [  918] - --------------------------setting values-----------------------------
[INFO ][2016-01-14 14:29:23,523][com.java.SeleniumDriver] [  921] - Action Type : VERIFY
[INFO ][2016-01-14 14:29:23,523][com.java.TestType] [ 7649] - field= MSG value= HMVOther
[INFO ][2016-01-14 14:29:23,523][com.java.TestType] [ 6142] - value = 0.50
[DEBUG][2016-01-14 14:29:23,523][com.java.TestType] [ 8479] - value :: 0.50
[INFO ][2016-01-14 14:29:23,540][com.java.SeleniumDriver] [  930] -  RESULT true
[INFO ][2016-01-14 14:29:23,540][com.java.SeleniumDriver] [ 1136] - ?   P A S S   ?
[INFO ][2016-01-14 14:29:23,540][com.java.SeleniumDriver] [  856] - ------------------------------------------
[INFO ][2016-01-14 14:29:23,540][com.java.SeleniumDriver] [  857] - Test case being Executed: 14
[INFO ][2016-01-14 14:29:23,540][com.java.SeleniumDriver] [  869] - Test step:35
[INFO ][2016-01-14 14:29:23,540][com.java.SeleniumDriver] [  881] - Datavalue is----------Test::CANCEL
[INFO ][2016-01-14 14:29:23,540][com.java.SeleniumDriver] [  905] - DataField : MTC//input[@value="mytext"]/following::td[5]/span
[INFO ][2016-01-14 14:29:23,540][com.java.SeleniumDriver] [  907] - DataValue : Test::CANCEL
[INFO ][2016-01-14 14:29:23,540][com.java.SeleniumDriver] [  913] - <In Set values of the page>
[INFO ][2016-01-14 14:29:23,541][com.java.SeleniumDriver] [  916] - {Data Fields & Data Values Exist}
[INFO ][2016-01-14 14:29:23,541][com.java.SeleniumDriver] [  918] - --------------------------setting values-----------------------------
[INFO ][2016-01-14 14:29:23,541][com.java.SeleniumDriver] [  921] - Action Type : CLICKWITHALERT
[ERROR][2016-01-14 14:29:23,991][com.java.TestType] [ 1625] - Exception in CAV click: null
[INFO ][2016-01-14 14:29:23,991][com.java.SeleniumDriver] [  930] -  RESULT false
[INFO ][2016-01-14 14:29:23,991][com.java.SeleniumDriver] [  977] - ?   F A I L   ?
[INFO ][2016-01-14 14:29:23,992][com.java.SeleniumDriver] [  985] - Browser Type : IE10
[INFO ][2016-01-14 14:29:23,992][com.java.SeleniumDriver] [  986] - Adding Failed case14
[INFO ][2016-01-14 14:29:24,274][com.java.SeleniumDriver] [ 1100] - failedCases = 14
[ERROR][2016-01-14 14:29:24,274][com.java.SeleniumDriver] [ 1599] - Platform Errors : Our apologies...::We have encountered an issue with your request.::Our apologies?:We encountered an issue with your request.
[INFO ][2016-01-14 14:29:24,274][com.java.SeleniumDriver] [ 1603] - Length =3
[ERROR][2016-01-14 14:29:24,274][com.java.SeleniumDriver] [ 1606] - Error 0 = Our apologies...
[ERROR][2016-01-14 14:29:24,291][com.java.SeleniumDriver] [ 1606] - Error 1 = We have encountered an issue with your request.
[ERROR][2016-01-14 14:29:24,307][com.java.SeleniumDriver] [ 1606] - Error 2 = Our apologies?:We encountered an issue with your request.
[INFO ][2016-01-14 14:29:24,323][com.java.SeleniumDriver] [ 1617] - strError:
[DEBUG][2016-01-14 14:29:24,338][com.java.SeleniumDriver] [ 1248] - Case found
[DEBUG][2016-01-14 14:29:24,338][com.java.SeleniumDriver] [ 1253] - Incrementing ReportCounters[0]:2
[INFO ][2016-01-14 14:29:24,338][com.java.SeleniumDriver] [ 1272] - The results are-------------------[14, 35, Admin: Company Settings: Rated Loan Categories: Delete Category, Fail, 
Test case failed at Step No. :: 35   Error Message ::  Unable to click on the elemnt using CAV: null. Screen Shot : D:\BankersDashboard\TestReports\011416\14_011416_142923_IE10.png, Thu Jan 14 14:29:24 IST 2016]
[INFO ][2016-01-14 14:29:24,338][com.java.SeleniumDriver] [ 1276] - End time is-------2 min 4 sec
[INFO ][2016-01-14 14:29:24,338][com.java.SeleniumDriver] [ 1277] - The results are-------------------[14, 35, Admin: Company Settings: Rated Loan Categories: Delete Category, Fail, 
Test case failed at Step No. :: 35   Error Message ::  Unable to click on the elemnt using CAV: null. Screen Shot : D:\BankersDashboard\TestReports\011416\14_011416_142923_IE10.png, Thu Jan 14 14:29:24 IST 2016]
[DEBUG][2016-01-14 14:29:24,338][com.java.ImportnExport.ExportTestResultsExcel] [  222] - testResultPath = D:\BankersDashboard/TestReports/Test Results_BankersDashBoard_011416_142722_IE10_Any Bank USA.xls
[DEBUG][2016-01-14 14:29:24,338][com.java.ImportnExport.ExportTestResultsExcel] [  223] - browser is------------IE10
[DEBUG][2016-01-14 14:29:24,362][com.java.ImportnExport.ExportTestResultsExcel] [  270] - result.size() = 6
[DEBUG][2016-01-14 14:29:24,362][com.java.ImportnExport.ExportTestResultsExcel] [  274] - No of rows in sheet=2
[DEBUG][2016-01-14 14:29:24,362][com.java.ImportnExport.ExportTestResultsExcel] [  301] - ..in export..14
[DEBUG][2016-01-14 14:29:24,362][com.java.ImportnExport.ExportTestResultsExcel] [  301] - ..in export..Admin: Company Settings: Rated Loan Categories: Delete Category
[DEBUG][2016-01-14 14:29:24,362][com.java.ImportnExport.ExportTestResultsExcel] [  301] - ..in export..Fail
[DEBUG][2016-01-14 14:29:24,362][com.java.ImportnExport.ExportTestResultsExcel] [  301] - ..in export..
Test case failed at Step No. :: 35   Error Message ::  Unable to click on the elemnt using CAV: null. Screen Shot : D:\BankersDashboard\TestReports\011416\14_011416_142923_IE10.png
[DEBUG][2016-01-14 14:29:24,362][com.java.ImportnExport.ExportTestResultsExcel] [  301] - ..in export..Thu Jan 14 14:29:24 IST 2016
[INFO ][2016-01-14 14:29:24,363][com.java.SeleniumDriver] [ 1337] - out loop:1 size:2 TestCases:[1, 14] testcases:[1, 14]
[INFO ][2016-01-14 14:29:26,365][com.java.SeleniumDriver] [ 1380] - Total Number of Cases:2
[INFO ][2016-01-14 14:29:26,366][com.java.TemplateGenerator] [  302] - Executed:2
[INFO ][2016-01-14 14:29:26,366][com.java.TemplateGenerator] [  303] - Passed:1
[INFO ][2016-01-14 14:29:26,367][com.java.TemplateGenerator] [  304] - Failed:1
[INFO ][2016-01-14 14:29:26,367][com.java.TemplateGenerator] [  305] - Skipeed:0
[INFO ][2016-01-14 14:29:26,367][com.java.TemplateGenerator] [  306] - Application URL:https://clients-xuat.bankersdashboard.com
[INFO ][2016-01-14 14:29:26,367][com.java.TemplateGenerator] [  307] - Start Time:011416_142722
[INFO ][2016-01-14 14:29:26,367][com.java.TemplateGenerator] [  308] -  Creating HTML Report 
[ERROR][2016-01-14 14:29:26,367][com.java.TemplateGenerator] [  409] - Unparseable date: "Thu Jan 14 02:27:22 IST 2016"
[INFO ][2016-01-14 14:29:26,368][com.java.TemplateGenerator] [  654] -  Exporting case :: 1
[INFO ][2016-01-14 14:29:26,368][com.java.TemplateGenerator] [  654] -  Exporting case :: 14
[INFO ][2016-01-14 14:29:26,372][com.java.SeleniumDriver] [ 1429] - End Time:011416_142926
[INFO ][2016-01-14 14:29:26,372][com.java.SeleniumDriver] [ 1432] - Data in Test Execution Details:{1=PASS, 14=FAILTest case failed at Step No. :: 35   Error Message ::  Unable to click on the elemnt using CAV: null}
[INFO ][2016-01-14 14:29:26,372][com.java.SeleniumDriver] [ 1433] - Data in Failed Execution Deatils:{}
[INFO ][2016-01-14 14:29:26,372][com.java.SeleniumDriver] [ 1435] - ReportCounter:Total:2 :: PASS: 1 ::FAIL: 1
[INFO ][2016-01-14 14:29:26,372][com.java.SeleniumDriver] [ 1436] - FailedReportCounter:Total:0 :: PASS: 0 ::FAIL: 0
[INFO ][2016-01-14 14:29:26,416][com.java.EmailTestReport] [   63] - Sending report mail details:
[INFO ][2016-01-14 14:29:26,416][com.java.EmailTestReport] [   80] - Excel Report Path:D:\BankersDashboard/TestReports/Test Results_BankersDashBoard_011416_142722_IE10_Any Bank USA.xls
[INFO ][2016-01-14 14:29:26,416][com.java.EmailTestReport] [   81] - HTML Report Path:D:\BankersDashboard//TestReports//Test Results_BankersDashBoard_011416_142722_IE10_Any Bank USA.html
[INFO ][2016-01-14 14:29:26,417][com.java.EmailTestReport] [   82] - smtpHostName:mail01.valuelabs.com
[INFO ][2016-01-14 14:29:26,417][com.java.EmailTestReport] [   83] - Recipient:venkateswararao.gubbala@valuelabs.com;
[INFO ][2016-01-14 14:29:26,417][com.java.EmailTestReport] [   84] - From:venkateswararao.gubbala@valuelabs.com;
[INFO ][2016-01-14 14:29:26,417][com.java.EmailTestReport] [   85] - Subject:Deluxe Corp Bankers Dashboard Automation Test Report - Any Bank USA - IE10
[INFO ][2016-01-14 14:29:26,433][com.java.EmailTestReport] [  143] -  Added venkateswararao.gubbala@valuelabs.com
[INFO ][2016-01-14 14:29:29,556][com.java.SeleniumDriver] [  722] - quitting the browser 
[INFO ][2016-01-14 14:29:31,309][com.java.SeleniumDriver] [  264] - Execution Completed Stopping the thread
