[INFO ][2015-12-11 15:37:13,821][com.java.SeleniumDriver] [  213] - Execute Failed Casesfalse
[INFO ][2015-12-11 15:37:13,821][com.java.SeleniumDriver] [  214] - Browser: IE10
[INFO ][2015-12-11 15:37:13,821][com.java.SeleniumDriver] [  215] - [1, 13]
[INFO ][2015-12-11 15:37:13,821][com.java.SeleniumDriver] [  216] - Total TestCases:2
[INFO ][2015-12-11 15:37:13,821][com.java.SeleniumDriver] [  217] -  Reading Properties from Property File 
[DEBUG][2015-12-11 15:37:13,821][com.java.SeleniumDriver] [  238] - url : https://clients-xuat.bankersdashboard.com
[INFO ][2015-12-11 15:37:13,823][com.java.ImportnExport.ExportTestResultsExcel] [  116] - Time Stamp Fri Dec 11 03:37:13 IST 2015
[INFO ][2015-12-11 15:37:13,823][com.java.ImportnExport.ExportTestResultsExcel] [  175] - OUT FILE : D:\BankersDashboard/TestReports/Test Results_BankersDashBoard_121115_153713_IE10_First Bank.xls
[INFO ][2015-12-11 15:37:13,851][com.java.ImportnExport.ExportTestResultsExcel] [  180] - Test Result file is created
[DEBUG][2015-12-11 15:37:13,953][com.java.SeleniumDriver] [  426] - Hub ip address is-------172.17.68.34
[INFO ][2015-12-11 15:37:13,954][com.java.SeleniumDriver] [  452] - Grid URL:http://172.17.68.34:4444/wd/hub
[INFO ][2015-12-11 15:37:13,954][com.java.SeleniumDriver] [  453] - Capability:Capabilities [{platform=ANY, ensureCleanSession=true, ignoreProtectedModeSettings=true, acceptSslCerts=true, ignoreZoomSetting=true, browserName=internet explorer, browserstack.ie.noFlash=true, version=null}]
[ERROR][2015-12-11 15:37:15,264][com.java.SeleniumDriver] [  497] - Unable invoke browser in grid:Could not start a new session. Possible causes are invalid address of the remote server or browser start-up failure.
Build info: version: '2.48.2', revision: '41bccdd', time: '2015-10-09 19:59:12'
System info: host: 'FVTIII438F1D', ip: '172.17.68.34', os.name: 'Windows 7', os.arch: 'x86', os.version: '6.1', java.version: '1.7.0_55'
Driver info: driver.version: SeleniumDriver
[INFO ][2015-12-11 15:37:15,265][com.java.SeleniumDriver] [  499] - Executing on local machine
[INFO ][2015-12-11 15:37:25,379][com.java.SeleniumDriver] [  248] - IE10is opened
[INFO ][2015-12-11 15:37:26,205][com.java.SeleniumDriver] [  754] - Test cases to be executed are: [1, 13]
[INFO ][2015-12-11 15:37:26,224][com.java.ImportnExport.ImportTestDataDetailsExcel] [   49] - test data details path===== D:\BankersDashboard\TestInputs\TestData.xls
[INFO ][2015-12-11 15:37:26,300][com.java.SeleniumDriver] [  821] - ------------------------------------------
[INFO ][2015-12-11 15:37:26,300][com.java.SeleniumDriver] [  822] - Test case being Executed: 1
[INFO ][2015-12-11 15:37:26,300][com.java.SeleniumDriver] [  833] - Test step:1
[INFO ][2015-12-11 15:37:26,300][com.java.SeleniumDriver] [  845] - Datavalue is----------Concept#1:1-16
[INFO ][2015-12-11 15:37:26,301][com.java.SeleniumDriver] [  869] - DataField : test
[INFO ][2015-12-11 15:37:26,301][com.java.SeleniumDriver] [  871] - DataValue : Concept#1:1-16
[INFO ][2015-12-11 15:37:26,301][com.java.SeleniumDriver] [  877] - <In Set values of the page>
[INFO ][2015-12-11 15:37:26,301][com.java.SeleniumDriver] [  880] - {Data Fields & Data Values Exist}
[INFO ][2015-12-11 15:37:26,301][com.java.SeleniumDriver] [  882] - --------------------------setting values-----------------------------
[INFO ][2015-12-11 15:37:26,301][com.java.SeleniumDriver] [  885] - Action Type : ExecuteTestCase
[INFO ][2015-12-11 15:37:26,319][com.java.TestType] [  436] - The Concept sheet name is ---------- Concept
[INFO ][2015-12-11 15:37:26,319][com.java.TestType] [  439] - The Concept ID  is ---------- 1
[DEBUG][2015-12-11 15:37:26,321][com.java.TestType] [  443] - Steps being executted in the Concept are: 1:16
[INFO ][2015-12-11 15:37:26,321][com.java.TestType] [  450] - Test data details path ---------- D:\BankersDashboard\TestInputs\TestData.xls
[INFO ][2015-12-11 15:37:26,356][com.java.TestType] [  481] -  str(1) = 1
[INFO ][2015-12-11 15:37:26,356][com.java.TestType] [  484] - Test case Id is---1
[INFO ][2015-12-11 15:37:26,356][com.java.TestType] [  486] - 1
[INFO ][2015-12-11 15:37:26,357][com.java.TestType] [  481] -  str(2) = 1
[INFO ][2015-12-11 15:37:26,360][com.java.TestType] [  533] - row values are--------{1=com.java.Objects.TestDataDetails@e99fb6}
[INFO ][2015-12-11 15:37:26,361][com.java.TestType] [  481] -  str(1) = 1
[INFO ][2015-12-11 15:37:26,361][com.java.TestType] [  484] - Test case Id is---1
[INFO ][2015-12-11 15:37:26,361][com.java.TestType] [  486] - 1
[INFO ][2015-12-11 15:37:26,361][com.java.TestType] [  481] -  str(2) = 2
[INFO ][2015-12-11 15:37:26,362][com.java.TestType] [  533] - row values are--------{1=com.java.Objects.TestDataDetails@e99fb6, 2=com.java.Objects.TestDataDetails@fce9a2}
[INFO ][2015-12-11 15:37:26,362][com.java.TestType] [  481] -  str(1) = 1
[INFO ][2015-12-11 15:37:26,363][com.java.TestType] [  484] - Test case Id is---1
[INFO ][2015-12-11 15:37:26,363][com.java.TestType] [  486] - 1
[INFO ][2015-12-11 15:37:26,363][com.java.TestType] [  481] -  str(2) = 3
[INFO ][2015-12-11 15:37:26,364][com.java.TestType] [  533] - row values are--------{1=com.java.Objects.TestDataDetails@e99fb6, 2=com.java.Objects.TestDataDetails@fce9a2, 3=com.java.Objects.TestDataDetails@1a20888}
[INFO ][2015-12-11 15:37:26,364][com.java.TestType] [  481] -  str(1) = 1
[INFO ][2015-12-11 15:37:26,364][com.java.TestType] [  484] - Test case Id is---1
[INFO ][2015-12-11 15:37:26,364][com.java.TestType] [  486] - 1
[INFO ][2015-12-11 15:37:26,364][com.java.TestType] [  481] -  str(2) = 4
[INFO ][2015-12-11 15:37:26,366][com.java.TestType] [  533] - row values are--------{1=com.java.Objects.TestDataDetails@e99fb6, 2=com.java.Objects.TestDataDetails@fce9a2, 3=com.java.Objects.TestDataDetails@1a20888, 4=com.java.Objects.TestDataDetails@3a9d7f}
[INFO ][2015-12-11 15:37:26,366][com.java.TestType] [  481] -  str(1) = 1
[INFO ][2015-12-11 15:37:26,366][com.java.TestType] [  484] - Test case Id is---1
[INFO ][2015-12-11 15:37:26,366][com.java.TestType] [  486] - 1
[INFO ][2015-12-11 15:37:26,366][com.java.TestType] [  481] -  str(2) = 5
[INFO ][2015-12-11 15:37:26,367][com.java.TestType] [  533] - row values are--------{1=com.java.Objects.TestDataDetails@e99fb6, 2=com.java.Objects.TestDataDetails@fce9a2, 3=com.java.Objects.TestDataDetails@1a20888, 4=com.java.Objects.TestDataDetails@3a9d7f, 5=com.java.Objects.TestDataDetails@17021de}
[INFO ][2015-12-11 15:37:26,368][com.java.TestType] [  481] -  str(1) = 1
[INFO ][2015-12-11 15:37:26,368][com.java.TestType] [  484] - Test case Id is---1
[INFO ][2015-12-11 15:37:26,368][com.java.TestType] [  486] - 1
[INFO ][2015-12-11 15:37:26,368][com.java.TestType] [  481] -  str(2) = 6
[INFO ][2015-12-11 15:37:26,371][com.java.TestType] [  533] - row values are--------{1=com.java.Objects.TestDataDetails@e99fb6, 2=com.java.Objects.TestDataDetails@fce9a2, 3=com.java.Objects.TestDataDetails@1a20888, 4=com.java.Objects.TestDataDetails@3a9d7f, 5=com.java.Objects.TestDataDetails@17021de, 6=com.java.Objects.TestDataDetails@e51f1d}
[INFO ][2015-12-11 15:37:26,371][com.java.TestType] [  481] -  str(1) = 1
[INFO ][2015-12-11 15:37:26,371][com.java.TestType] [  484] - Test case Id is---1
[INFO ][2015-12-11 15:37:26,371][com.java.TestType] [  486] - 1
[INFO ][2015-12-11 15:37:26,371][com.java.TestType] [  481] -  str(2) = 7
[INFO ][2015-12-11 15:37:26,372][com.java.TestType] [  533] - row values are--------{1=com.java.Objects.TestDataDetails@e99fb6, 2=com.java.Objects.TestDataDetails@fce9a2, 3=com.java.Objects.TestDataDetails@1a20888, 4=com.java.Objects.TestDataDetails@3a9d7f, 5=com.java.Objects.TestDataDetails@17021de, 6=com.java.Objects.TestDataDetails@e51f1d, 7=com.java.Objects.TestDataDetails@357d6c}
[INFO ][2015-12-11 15:37:26,372][com.java.TestType] [  481] -  str(1) = 1
[INFO ][2015-12-11 15:37:26,372][com.java.TestType] [  484] - Test case Id is---1
[INFO ][2015-12-11 15:37:26,373][com.java.TestType] [  486] - 1
[INFO ][2015-12-11 15:37:26,373][com.java.TestType] [  481] -  str(2) = 8
[INFO ][2015-12-11 15:37:26,373][com.java.TestType] [  533] - row values are--------{1=com.java.Objects.TestDataDetails@e99fb6, 2=com.java.Objects.TestDataDetails@fce9a2, 3=com.java.Objects.TestDataDetails@1a20888, 4=com.java.Objects.TestDataDetails@3a9d7f, 5=com.java.Objects.TestDataDetails@17021de, 6=com.java.Objects.TestDataDetails@e51f1d, 7=com.java.Objects.TestDataDetails@357d6c, 8=com.java.Objects.TestDataDetails@12baaac}
[INFO ][2015-12-11 15:37:26,373][com.java.TestType] [  481] -  str(1) = 1
[INFO ][2015-12-11 15:37:26,374][com.java.TestType] [  484] - Test case Id is---1
[INFO ][2015-12-11 15:37:26,374][com.java.TestType] [  486] - 1
[INFO ][2015-12-11 15:37:26,374][com.java.TestType] [  481] -  str(2) = 9
[INFO ][2015-12-11 15:37:26,375][com.java.TestType] [  533] - row values are--------{1=com.java.Objects.TestDataDetails@e99fb6, 2=com.java.Objects.TestDataDetails@fce9a2, 3=com.java.Objects.TestDataDetails@1a20888, 4=com.java.Objects.TestDataDetails@3a9d7f, 5=com.java.Objects.TestDataDetails@17021de, 6=com.java.Objects.TestDataDetails@e51f1d, 7=com.java.Objects.TestDataDetails@357d6c, 8=com.java.Objects.TestDataDetails@12baaac, 9=com.java.Objects.TestDataDetails@193bd72}
[INFO ][2015-12-11 15:37:26,375][com.java.TestType] [  481] -  str(1) = 1
[INFO ][2015-12-11 15:37:26,375][com.java.TestType] [  484] - Test case Id is---1
[INFO ][2015-12-11 15:37:26,375][com.java.TestType] [  486] - 1
[INFO ][2015-12-11 15:37:26,375][com.java.TestType] [  481] -  str(2) = 10
[INFO ][2015-12-11 15:37:26,376][com.java.TestType] [  533] - row values are--------{1=com.java.Objects.TestDataDetails@e99fb6, 2=com.java.Objects.TestDataDetails@fce9a2, 3=com.java.Objects.TestDataDetails@1a20888, 4=com.java.Objects.TestDataDetails@3a9d7f, 5=com.java.Objects.TestDataDetails@17021de, 6=com.java.Objects.TestDataDetails@e51f1d, 7=com.java.Objects.TestDataDetails@357d6c, 8=com.java.Objects.TestDataDetails@12baaac, 9=com.java.Objects.TestDataDetails@193bd72, 10=com.java.Objects.TestDataDetails@b62996}
[INFO ][2015-12-11 15:37:26,376][com.java.TestType] [  481] -  str(1) = 1
[INFO ][2015-12-11 15:37:26,376][com.java.TestType] [  484] - Test case Id is---1
[INFO ][2015-12-11 15:37:26,376][com.java.TestType] [  486] - 1
[INFO ][2015-12-11 15:37:26,376][com.java.TestType] [  481] -  str(2) = 11
[INFO ][2015-12-11 15:37:26,377][com.java.TestType] [  533] - row values are--------{1=com.java.Objects.TestDataDetails@e99fb6, 2=com.java.Objects.TestDataDetails@fce9a2, 3=com.java.Objects.TestDataDetails@1a20888, 4=com.java.Objects.TestDataDetails@3a9d7f, 5=com.java.Objects.TestDataDetails@17021de, 6=com.java.Objects.TestDataDetails@e51f1d, 7=com.java.Objects.TestDataDetails@357d6c, 8=com.java.Objects.TestDataDetails@12baaac, 9=com.java.Objects.TestDataDetails@193bd72, 10=com.java.Objects.TestDataDetails@b62996, 11=com.java.Objects.TestDataDetails@76dbf8}
[INFO ][2015-12-11 15:37:26,377][com.java.TestType] [  481] -  str(1) = 1
[INFO ][2015-12-11 15:37:26,377][com.java.TestType] [  484] - Test case Id is---1
[INFO ][2015-12-11 15:37:26,377][com.java.TestType] [  486] - 1
[INFO ][2015-12-11 15:37:26,377][com.java.TestType] [  481] -  str(2) = 12
[INFO ][2015-12-11 15:37:26,378][com.java.TestType] [  533] - row values are--------{1=com.java.Objects.TestDataDetails@e99fb6, 2=com.java.Objects.TestDataDetails@fce9a2, 3=com.java.Objects.TestDataDetails@1a20888, 4=com.java.Objects.TestDataDetails@3a9d7f, 5=com.java.Objects.TestDataDetails@17021de, 6=com.java.Objects.TestDataDetails@e51f1d, 7=com.java.Objects.TestDataDetails@357d6c, 8=com.java.Objects.TestDataDetails@12baaac, 9=com.java.Objects.TestDataDetails@193bd72, 10=com.java.Objects.TestDataDetails@b62996, 11=com.java.Objects.TestDataDetails@76dbf8, 12=com.java.Objects.TestDataDetails@872ba6}
[INFO ][2015-12-11 15:37:26,378][com.java.TestType] [  481] -  str(1) = 1
[INFO ][2015-12-11 15:37:26,378][com.java.TestType] [  484] - Test case Id is---1
[INFO ][2015-12-11 15:37:26,378][com.java.TestType] [  486] - 1
[INFO ][2015-12-11 15:37:26,378][com.java.TestType] [  481] -  str(2) = 13
[INFO ][2015-12-11 15:37:26,380][com.java.TestType] [  533] - row values are--------{1=com.java.Objects.TestDataDetails@e99fb6, 2=com.java.Objects.TestDataDetails@fce9a2, 3=com.java.Objects.TestDataDetails@1a20888, 4=com.java.Objects.TestDataDetails@3a9d7f, 5=com.java.Objects.TestDataDetails@17021de, 6=com.java.Objects.TestDataDetails@e51f1d, 7=com.java.Objects.TestDataDetails@357d6c, 8=com.java.Objects.TestDataDetails@12baaac, 9=com.java.Objects.TestDataDetails@193bd72, 10=com.java.Objects.TestDataDetails@b62996, 11=com.java.Objects.TestDataDetails@76dbf8, 12=com.java.Objects.TestDataDetails@872ba6, 13=com.java.Objects.TestDataDetails@19bf480}
[INFO ][2015-12-11 15:37:26,380][com.java.TestType] [  481] -  str(1) = 1
[INFO ][2015-12-11 15:37:26,380][com.java.TestType] [  484] - Test case Id is---1
[INFO ][2015-12-11 15:37:26,380][com.java.TestType] [  486] - 1
[INFO ][2015-12-11 15:37:26,380][com.java.TestType] [  481] -  str(2) = 14
[INFO ][2015-12-11 15:37:26,381][com.java.TestType] [  533] - row values are--------{1=com.java.Objects.TestDataDetails@e99fb6, 2=com.java.Objects.TestDataDetails@fce9a2, 3=com.java.Objects.TestDataDetails@1a20888, 4=com.java.Objects.TestDataDetails@3a9d7f, 5=com.java.Objects.TestDataDetails@17021de, 6=com.java.Objects.TestDataDetails@e51f1d, 7=com.java.Objects.TestDataDetails@357d6c, 8=com.java.Objects.TestDataDetails@12baaac, 9=com.java.Objects.TestDataDetails@193bd72, 10=com.java.Objects.TestDataDetails@b62996, 11=com.java.Objects.TestDataDetails@76dbf8, 12=com.java.Objects.TestDataDetails@872ba6, 13=com.java.Objects.TestDataDetails@19bf480, 14=com.java.Objects.TestDataDetails@7a64dd}
[INFO ][2015-12-11 15:37:26,381][com.java.TestType] [  481] -  str(1) = 1
[INFO ][2015-12-11 15:37:26,381][com.java.TestType] [  484] - Test case Id is---1
[INFO ][2015-12-11 15:37:26,381][com.java.TestType] [  486] - 1
[INFO ][2015-12-11 15:37:26,381][com.java.TestType] [  481] -  str(2) = 15
[INFO ][2015-12-11 15:37:26,382][com.java.TestType] [  533] - row values are--------{1=com.java.Objects.TestDataDetails@e99fb6, 2=com.java.Objects.TestDataDetails@fce9a2, 3=com.java.Objects.TestDataDetails@1a20888, 4=com.java.Objects.TestDataDetails@3a9d7f, 5=com.java.Objects.TestDataDetails@17021de, 6=com.java.Objects.TestDataDetails@e51f1d, 7=com.java.Objects.TestDataDetails@357d6c, 8=com.java.Objects.TestDataDetails@12baaac, 9=com.java.Objects.TestDataDetails@193bd72, 10=com.java.Objects.TestDataDetails@b62996, 11=com.java.Objects.TestDataDetails@76dbf8, 12=com.java.Objects.TestDataDetails@872ba6, 13=com.java.Objects.TestDataDetails@19bf480, 14=com.java.Objects.TestDataDetails@7a64dd, 15=com.java.Objects.TestDataDetails@16fdd2d}
[INFO ][2015-12-11 15:37:26,382][com.java.TestType] [  481] -  str(1) = 1
[INFO ][2015-12-11 15:37:26,382][com.java.TestType] [  484] - Test case Id is---1
[INFO ][2015-12-11 15:37:26,382][com.java.TestType] [  486] - 1
[INFO ][2015-12-11 15:37:26,382][com.java.TestType] [  481] -  str(2) = 16
[INFO ][2015-12-11 15:37:26,383][com.java.TestType] [  533] - row values are--------{1=com.java.Objects.TestDataDetails@e99fb6, 2=com.java.Objects.TestDataDetails@fce9a2, 3=com.java.Objects.TestDataDetails@1a20888, 4=com.java.Objects.TestDataDetails@3a9d7f, 5=com.java.Objects.TestDataDetails@17021de, 6=com.java.Objects.TestDataDetails@e51f1d, 7=com.java.Objects.TestDataDetails@357d6c, 8=com.java.Objects.TestDataDetails@12baaac, 9=com.java.Objects.TestDataDetails@193bd72, 10=com.java.Objects.TestDataDetails@b62996, 11=com.java.Objects.TestDataDetails@76dbf8, 12=com.java.Objects.TestDataDetails@872ba6, 13=com.java.Objects.TestDataDetails@19bf480, 14=com.java.Objects.TestDataDetails@7a64dd, 15=com.java.Objects.TestDataDetails@16fdd2d, 16=com.java.Objects.TestDataDetails@10ca001}
[INFO ][2015-12-11 15:37:26,383][com.java.TestType] [10075] - Looping 1TCID = 1
[DEBUG][2015-12-11 15:37:26,383][com.java.TestType] [10116] - Concept ID:1 :: Step being Executed: 1::1
[INFO ][2015-12-11 15:37:26,384][com.java.TestType] [10154] - dataFields : TXTusername
[DEBUG][2015-12-11 15:37:26,384][com.java.TestType] [10160] - <In Set values of the page>
[DEBUG][2015-12-11 15:37:26,384][com.java.TestType] [10165] - {Data Fields & Data Values Exist}
[INFO ][2015-12-11 15:37:26,384][com.java.TestType] [10171] - --------------------------setting values-----------------------------
[INFO ][2015-12-11 15:37:26,384][com.java.TestType] [10174] - Action Type : CLEARANDENTER
[INFO ][2015-12-11 15:37:26,384][com.java.TestType] [ 5500] - value = valuelabs.ie10.15019
[INFO ][2015-12-11 15:37:31,158][com.java.TestType] [10193] -  RESULT true
[INFO ][2015-12-11 15:37:31,158][com.java.TestType] [10310] - ?   P A S S   ?
[DEBUG][2015-12-11 15:37:31,158][com.java.TestType] [10116] - Concept ID:1 :: Step being Executed: 1::2
[INFO ][2015-12-11 15:37:31,158][com.java.TestType] [10154] - dataFields : TXTpassword
[DEBUG][2015-12-11 15:37:31,158][com.java.TestType] [10160] - <In Set values of the page>
[DEBUG][2015-12-11 15:37:31,158][com.java.TestType] [10165] - {Data Fields & Data Values Exist}
[INFO ][2015-12-11 15:37:31,159][com.java.TestType] [10171] - --------------------------setting values-----------------------------
[INFO ][2015-12-11 15:37:31,159][com.java.TestType] [10174] - Action Type : CLEARANDENTER
[INFO ][2015-12-11 15:37:31,159][com.java.TestType] [ 5500] - value = Password1*
[INFO ][2015-12-11 15:37:36,011][com.java.TestType] [10193] -  RESULT true
[INFO ][2015-12-11 15:37:36,011][com.java.TestType] [10310] - ?   P A S S   ?
[DEBUG][2015-12-11 15:37:36,011][com.java.TestType] [10116] - Concept ID:1 :: Step being Executed: 1::3
[ERROR][2015-12-11 15:37:36,011][com.java.TestType] [10149] - Exception: null
[INFO ][2015-12-11 15:37:36,011][com.java.TestType] [10154] - dataFields : XPH//button[@type='submit']
[DEBUG][2015-12-11 15:37:36,012][com.java.TestType] [10160] - <In Set values of the page>
[DEBUG][2015-12-11 15:37:36,012][com.java.TestType] [10165] - {Data Fields & Data Values Exist}
[INFO ][2015-12-11 15:37:36,012][com.java.TestType] [10171] - --------------------------setting values-----------------------------
[INFO ][2015-12-11 15:37:36,012][com.java.TestType] [10174] - Action Type : Click
[INFO ][2015-12-11 15:37:36,012][com.java.TestType] [ 5850] - Field ::XPH//button[@type='submit']
[INFO ][2015-12-11 15:37:36,012][com.java.TestType] [ 5500] - value = 
[INFO ][2015-12-11 15:37:37,012][com.java.TestType] [ 5957] - BEFORE CLICK
[INFO ][2015-12-11 15:37:37,860][com.java.TestType] [ 5965] - Unable to click the object Login
[INFO ][2015-12-11 15:37:37,860][com.java.TestType] [10193] -  RESULT true
[INFO ][2015-12-11 15:37:37,860][com.java.TestType] [10310] - ?   P A S S   ?
[DEBUG][2015-12-11 15:37:37,860][com.java.TestType] [10116] - Concept ID:1 :: Step being Executed: 1::4
[INFO ][2015-12-11 15:37:37,861][com.java.TestType] [10154] - dataFields : LNKLogout
[DEBUG][2015-12-11 15:37:37,861][com.java.TestType] [10160] - <In Set values of the page>
[DEBUG][2015-12-11 15:37:37,861][com.java.TestType] [10165] - {Data Fields & Data Values Exist}
[INFO ][2015-12-11 15:37:37,861][com.java.TestType] [10171] - --------------------------setting values-----------------------------
[INFO ][2015-12-11 15:37:37,861][com.java.TestType] [10174] - Action Type : WaitForElement
[INFO ][2015-12-11 15:37:41,287][com.java.TestType] [10193] -  RESULT true
[INFO ][2015-12-11 15:37:41,287][com.java.TestType] [10310] - ?   P A S S   ?
[DEBUG][2015-12-11 15:37:41,287][com.java.TestType] [10116] - Concept ID:1 :: Step being Executed: 1::15
[INFO ][2015-12-11 15:37:41,287][com.java.TestType] [10154] - dataFields : LNK
[DEBUG][2015-12-11 15:37:41,287][com.java.TestType] [10160] - <In Set values of the page>
[DEBUG][2015-12-11 15:37:41,287][com.java.TestType] [10165] - {Data Fields & Data Values Exist}
[INFO ][2015-12-11 15:37:41,287][com.java.TestType] [10171] - --------------------------setting values-----------------------------
[INFO ][2015-12-11 15:37:41,287][com.java.TestType] [10174] - Action Type : Verify
[INFO ][2015-12-11 15:37:41,288][com.java.TestType] [ 6763] - field= LNK value= Logout
[INFO ][2015-12-11 15:37:41,288][com.java.TestType] [ 5500] - value = Logout
[INFO ][2015-12-11 15:37:41,324][com.java.TestType] [10193] -  RESULT true
[INFO ][2015-12-11 15:37:41,324][com.java.TestType] [10310] - ?   P A S S   ?
[DEBUG][2015-12-11 15:37:41,324][com.java.TestType] [10116] - Concept ID:1 :: Step being Executed: 1::16
[INFO ][2015-12-11 15:37:41,324][com.java.TestType] [10154] - dataFields : BTN
[DEBUG][2015-12-11 15:37:41,324][com.java.TestType] [10160] - <In Set values of the page>
[DEBUG][2015-12-11 15:37:41,324][com.java.TestType] [10165] - {Data Fields & Data Values Exist}
[INFO ][2015-12-11 15:37:41,324][com.java.TestType] [10171] - --------------------------setting values-----------------------------
[INFO ][2015-12-11 15:37:41,324][com.java.TestType] [10174] - Action Type : Verify
[INFO ][2015-12-11 15:37:41,325][com.java.TestType] [ 6763] - field= BTN value= //img[contains(@src,'bdlogo.jpg')]
[INFO ][2015-12-11 15:37:41,325][com.java.TestType] [ 5500] - value = //img[contains(@src,'bdlogo.jpg')]
[INFO ][2015-12-11 15:37:41,389][com.java.TestType] [10193] -  RESULT true
[INFO ][2015-12-11 15:37:41,389][com.java.TestType] [10310] - ?   P A S S   ?
[INFO ][2015-12-11 15:37:41,389][com.java.TestType] [10381] - Looping End......
[INFO ][2015-12-11 15:37:41,393][com.java.SeleniumDriver] [  894] -  RESULT true
[INFO ][2015-12-11 15:37:41,393][com.java.SeleniumDriver] [ 1100] - ?   P A S S   ?
[INFO ][2015-12-11 15:37:41,393][com.java.SeleniumDriver] [  821] - ------------------------------------------
[INFO ][2015-12-11 15:37:41,393][com.java.SeleniumDriver] [  822] - Test case being Executed: 1
[INFO ][2015-12-11 15:37:41,393][com.java.SeleniumDriver] [  833] - Test step:2
[INFO ][2015-12-11 15:37:41,393][com.java.SeleniumDriver] [  845] - Datavalue is----------Concept#2:1-2
[INFO ][2015-12-11 15:37:41,393][com.java.SeleniumDriver] [  869] - DataField : test
[INFO ][2015-12-11 15:37:41,393][com.java.SeleniumDriver] [  871] - DataValue : Concept#2:1-2
[INFO ][2015-12-11 15:37:41,393][com.java.SeleniumDriver] [  877] - <In Set values of the page>
[INFO ][2015-12-11 15:37:41,393][com.java.SeleniumDriver] [  880] - {Data Fields & Data Values Exist}
[INFO ][2015-12-11 15:37:41,394][com.java.SeleniumDriver] [  882] - --------------------------setting values-----------------------------
[INFO ][2015-12-11 15:37:41,394][com.java.SeleniumDriver] [  885] - Action Type : ExecuteTestCase
[INFO ][2015-12-11 15:37:41,394][com.java.TestType] [  436] - The Concept sheet name is ---------- Concept
[INFO ][2015-12-11 15:37:41,394][com.java.TestType] [  439] - The Concept ID  is ---------- 2
[DEBUG][2015-12-11 15:37:41,394][com.java.TestType] [  443] - Steps being executted in the Concept are: 1:2
[INFO ][2015-12-11 15:37:41,394][com.java.TestType] [  450] - Test data details path ---------- D:\BankersDashboard\TestInputs\TestData.xls
[INFO ][2015-12-11 15:37:41,424][com.java.TestType] [  481] -  str(1) = 2
[INFO ][2015-12-11 15:37:41,425][com.java.TestType] [  484] - Test case Id is---2
[INFO ][2015-12-11 15:37:41,425][com.java.TestType] [  486] - 2
[INFO ][2015-12-11 15:37:41,425][com.java.TestType] [  481] -  str(2) = 1
[INFO ][2015-12-11 15:37:41,427][com.java.TestType] [  533] - row values are--------{1=com.java.Objects.TestDataDetails@1938886}
[INFO ][2015-12-11 15:37:41,427][com.java.TestType] [  481] -  str(1) = 2
[INFO ][2015-12-11 15:37:41,427][com.java.TestType] [  484] - Test case Id is---2
[INFO ][2015-12-11 15:37:41,427][com.java.TestType] [  486] - 2
[INFO ][2015-12-11 15:37:41,427][com.java.TestType] [  481] -  str(2) = 2
[INFO ][2015-12-11 15:37:41,428][com.java.TestType] [  533] - row values are--------{1=com.java.Objects.TestDataDetails@1938886, 2=com.java.Objects.TestDataDetails@192bb70}
[INFO ][2015-12-11 15:37:41,428][com.java.TestType] [  481] -  str(1) = 2
[INFO ][2015-12-11 15:37:41,428][com.java.TestType] [  484] - Test case Id is---2
[INFO ][2015-12-11 15:37:41,428][com.java.TestType] [  486] - 2
[INFO ][2015-12-11 15:37:41,428][com.java.TestType] [  481] -  str(2) = 3
[INFO ][2015-12-11 15:37:41,429][com.java.TestType] [  533] - row values are--------{1=com.java.Objects.TestDataDetails@1938886, 2=com.java.Objects.TestDataDetails@192bb70, 3=com.java.Objects.TestDataDetails@14a74b1}
[INFO ][2015-12-11 15:37:41,429][com.java.TestType] [10075] - Looping 1TCID = 2
[DEBUG][2015-12-11 15:37:41,429][com.java.TestType] [10116] - Concept ID:2 :: Step being Executed: 2::1
[INFO ][2015-12-11 15:37:41,429][com.java.TestType] [10154] - dataFields : BNK//select[@id='bank']
[DEBUG][2015-12-11 15:37:41,429][com.java.TestType] [10160] - <In Set values of the page>
[DEBUG][2015-12-11 15:37:41,429][com.java.TestType] [10165] - {Data Fields & Data Values Exist}
[INFO ][2015-12-11 15:37:41,429][com.java.TestType] [10171] - --------------------------setting values-----------------------------
[INFO ][2015-12-11 15:37:41,429][com.java.TestType] [10174] - Action Type : Select
[INFO ][2015-12-11 15:37:41,429][com.java.TestType] [ 5500] - value = PFC
[INFO ][2015-12-11 15:37:41,595][com.java.TestType] [10193] -  RESULT true
[INFO ][2015-12-11 15:37:41,595][com.java.TestType] [10310] - ?   P A S S   ?
[DEBUG][2015-12-11 15:37:41,595][com.java.TestType] [10116] - Concept ID:2 :: Step being Executed: 2::2
[INFO ][2015-12-11 15:37:41,595][com.java.TestType] [10154] - dataFields : LNKLogout
[DEBUG][2015-12-11 15:37:41,595][com.java.TestType] [10160] - <In Set values of the page>
[DEBUG][2015-12-11 15:37:41,595][com.java.TestType] [10165] - {Data Fields & Data Values Exist}
[INFO ][2015-12-11 15:37:41,595][com.java.TestType] [10171] - --------------------------setting values-----------------------------
[INFO ][2015-12-11 15:37:41,595][com.java.TestType] [10174] - Action Type : WaitTime
[DEBUG][2015-12-11 15:37:41,596][com.java.TestType] [ 5320] - sleepTime: 5000
[INFO ][2015-12-11 15:37:46,596][com.java.TestType] [10193] -  RESULT true
[INFO ][2015-12-11 15:37:46,596][com.java.TestType] [10310] - ?   P A S S   ?
[INFO ][2015-12-11 15:37:46,596][com.java.TestType] [10381] - Looping End......
[INFO ][2015-12-11 15:37:46,600][com.java.SeleniumDriver] [  894] -  RESULT true
[INFO ][2015-12-11 15:37:46,600][com.java.SeleniumDriver] [ 1100] - ?   P A S S   ?
[INFO ][2015-12-11 15:37:46,600][com.java.SeleniumDriver] [  821] - ------------------------------------------
[INFO ][2015-12-11 15:37:46,600][com.java.SeleniumDriver] [  822] - Test case being Executed: 1
[INFO ][2015-12-11 15:37:46,600][com.java.SeleniumDriver] [  833] - Test step:3
[INFO ][2015-12-11 15:37:46,600][com.java.SeleniumDriver] [  845] - Datavalue is----------2
[INFO ][2015-12-11 15:37:46,600][com.java.SeleniumDriver] [  869] - DataField : XPH//button[contains(text(),'Add Content')]
[INFO ][2015-12-11 15:37:46,600][com.java.SeleniumDriver] [  871] - DataValue : 2
[INFO ][2015-12-11 15:37:46,600][com.java.SeleniumDriver] [  877] - <In Set values of the page>
[INFO ][2015-12-11 15:37:46,600][com.java.SeleniumDriver] [  880] - {Data Fields & Data Values Exist}
[INFO ][2015-12-11 15:37:46,600][com.java.SeleniumDriver] [  882] - --------------------------setting values-----------------------------
[INFO ][2015-12-11 15:37:46,600][com.java.SeleniumDriver] [  885] - Action Type : WAITFORELEMENT
[INFO ][2015-12-11 15:37:46,635][com.java.SeleniumDriver] [  894] -  RESULT true
[INFO ][2015-12-11 15:37:46,635][com.java.SeleniumDriver] [ 1100] - ?   P A S S   ?
[DEBUG][2015-12-11 15:37:46,635][com.java.SeleniumDriver] [ 1212] - Case found
[DEBUG][2015-12-11 15:37:46,636][com.java.SeleniumDriver] [ 1217] - Incrementing ReportCounters[0]:1
[INFO ][2015-12-11 15:37:46,636][com.java.SeleniumDriver] [ 1236] - The results are-------------------[1, 1, Valid Login, Pass, , Fri Dec 11 15:37:41 IST 2015, 1, 2, Valid Login, Pass, , Fri Dec 11 15:37:46 IST 2015, 1, 3, Valid Login, Pass, , Fri Dec 11 15:37:46 IST 2015]
[INFO ][2015-12-11 15:37:46,636][com.java.SeleniumDriver] [ 1240] - End time is-------35 sec
[INFO ][2015-12-11 15:37:46,636][com.java.SeleniumDriver] [ 1241] - The results are-------------------[1, 1, Valid Login, Pass, , Fri Dec 11 15:37:41 IST 2015, 1, 2, Valid Login, Pass, , Fri Dec 11 15:37:46 IST 2015, 1, 3, Valid Login, Pass, , Fri Dec 11 15:37:46 IST 2015]
[DEBUG][2015-12-11 15:37:46,636][com.java.ImportnExport.ExportTestResultsExcel] [  222] - testResultPath = D:\BankersDashboard/TestReports/Test Results_BankersDashBoard_121115_153713_IE10_First Bank.xls
[DEBUG][2015-12-11 15:37:46,636][com.java.ImportnExport.ExportTestResultsExcel] [  223] - browser is------------IE10
[DEBUG][2015-12-11 15:37:46,679][com.java.ImportnExport.ExportTestResultsExcel] [  270] - result.size() = 18
[DEBUG][2015-12-11 15:37:46,679][com.java.ImportnExport.ExportTestResultsExcel] [  274] - No of rows in sheet=1
[DEBUG][2015-12-11 15:37:46,679][com.java.ImportnExport.ExportTestResultsExcel] [  301] - ..in export..1
[DEBUG][2015-12-11 15:37:46,679][com.java.ImportnExport.ExportTestResultsExcel] [  301] - ..in export..Valid Login
[DEBUG][2015-12-11 15:37:46,679][com.java.ImportnExport.ExportTestResultsExcel] [  301] - ..in export..Pass
[DEBUG][2015-12-11 15:37:46,680][com.java.ImportnExport.ExportTestResultsExcel] [  301] - ..in export..
[DEBUG][2015-12-11 15:37:46,680][com.java.ImportnExport.ExportTestResultsExcel] [  301] - ..in export..Fri Dec 11 15:37:41 IST 2015
[INFO ][2015-12-11 15:37:46,681][com.java.SeleniumDriver] [ 1299] - out loop:0 size:2 TestCases:[1, 13] testcases:[1, 13]
[INFO ][2015-12-11 15:37:46,681][com.java.ImportnExport.ImportTestDataDetailsExcel] [   49] - test data details path===== D:\BankersDashboard\TestInputs\TestData.xls
[INFO ][2015-12-11 15:38:07,494][com.java.SeleniumDriver] [  821] - ------------------------------------------
[INFO ][2015-12-11 15:38:07,494][com.java.SeleniumDriver] [  822] - Test case being Executed: 13
[INFO ][2015-12-11 15:38:07,494][com.java.SeleniumDriver] [  833] - Test step:1
[INFO ][2015-12-11 15:38:07,494][com.java.SeleniumDriver] [  845] - Datavalue is----------Logout
[INFO ][2015-12-11 15:38:07,494][com.java.SeleniumDriver] [  869] - DataField : BTN
[INFO ][2015-12-11 15:38:07,494][com.java.SeleniumDriver] [  871] - DataValue : Logout
[INFO ][2015-12-11 15:38:07,495][com.java.SeleniumDriver] [  877] - <In Set values of the page>
[INFO ][2015-12-11 15:38:07,495][com.java.SeleniumDriver] [  880] - {Data Fields & Data Values Exist}
[INFO ][2015-12-11 15:38:07,495][com.java.SeleniumDriver] [  882] - --------------------------setting values-----------------------------
[INFO ][2015-12-11 15:38:07,495][com.java.SeleniumDriver] [  885] - Action Type : Verify
[INFO ][2015-12-11 15:38:07,495][com.java.TestType] [ 6763] - field= BTN value= Logout
[INFO ][2015-12-11 15:38:07,495][com.java.TestType] [ 5500] - value = Logout
[INFO ][2015-12-11 15:38:07,562][com.java.SeleniumDriver] [  894] -  RESULT true
[INFO ][2015-12-11 15:38:07,562][com.java.SeleniumDriver] [ 1100] - ?   P A S S   ?
[INFO ][2015-12-11 15:38:07,562][com.java.SeleniumDriver] [ 1142] - step change to 3
[INFO ][2015-12-11 15:38:07,562][com.java.SeleniumDriver] [  821] - ------------------------------------------
[INFO ][2015-12-11 15:38:07,562][com.java.SeleniumDriver] [  822] - Test case being Executed: 13
[INFO ][2015-12-11 15:38:07,562][com.java.SeleniumDriver] [  833] - Test step:3
[INFO ][2015-12-11 15:38:07,562][com.java.SeleniumDriver] [  845] - Datavalue is----------Concept#2:1-2
[INFO ][2015-12-11 15:38:07,562][com.java.SeleniumDriver] [  869] - DataField : test
[INFO ][2015-12-11 15:38:07,563][com.java.SeleniumDriver] [  871] - DataValue : Concept#2:1-2
[INFO ][2015-12-11 15:38:07,563][com.java.SeleniumDriver] [  877] - <In Set values of the page>
[INFO ][2015-12-11 15:38:07,563][com.java.SeleniumDriver] [  880] - {Data Fields & Data Values Exist}
[INFO ][2015-12-11 15:38:07,563][com.java.SeleniumDriver] [  882] - --------------------------setting values-----------------------------
[INFO ][2015-12-11 15:38:07,563][com.java.SeleniumDriver] [  885] - Action Type : ExecuteTestCase
[INFO ][2015-12-11 15:38:07,563][com.java.TestType] [  436] - The Concept sheet name is ---------- Concept
[INFO ][2015-12-11 15:38:07,563][com.java.TestType] [  439] - The Concept ID  is ---------- 2
[DEBUG][2015-12-11 15:38:07,563][com.java.TestType] [  443] - Steps being executted in the Concept are: 1:2
[INFO ][2015-12-11 15:38:07,563][com.java.TestType] [  450] - Test data details path ---------- D:\BankersDashboard\TestInputs\TestData.xls
[INFO ][2015-12-11 15:38:07,593][com.java.TestType] [  481] -  str(1) = 2
[INFO ][2015-12-11 15:38:07,593][com.java.TestType] [  484] - Test case Id is---2
[INFO ][2015-12-11 15:38:07,593][com.java.TestType] [  486] - 2
[INFO ][2015-12-11 15:38:07,593][com.java.TestType] [  481] -  str(2) = 1
[INFO ][2015-12-11 15:38:07,594][com.java.TestType] [  533] - row values are--------{1=com.java.Objects.TestDataDetails@d80b42}
[INFO ][2015-12-11 15:38:07,594][com.java.TestType] [  481] -  str(1) = 2
[INFO ][2015-12-11 15:38:07,595][com.java.TestType] [  484] - Test case Id is---2
[INFO ][2015-12-11 15:38:07,595][com.java.TestType] [  486] - 2
[INFO ][2015-12-11 15:38:07,595][com.java.TestType] [  481] -  str(2) = 2
[INFO ][2015-12-11 15:38:07,595][com.java.TestType] [  533] - row values are--------{1=com.java.Objects.TestDataDetails@d80b42, 2=com.java.Objects.TestDataDetails@14c8d61}
[INFO ][2015-12-11 15:38:07,596][com.java.TestType] [  481] -  str(1) = 2
[INFO ][2015-12-11 15:38:07,596][com.java.TestType] [  484] - Test case Id is---2
[INFO ][2015-12-11 15:38:07,596][com.java.TestType] [  486] - 2
[INFO ][2015-12-11 15:38:07,596][com.java.TestType] [  481] -  str(2) = 3
[INFO ][2015-12-11 15:38:07,596][com.java.TestType] [  533] - row values are--------{1=com.java.Objects.TestDataDetails@d80b42, 2=com.java.Objects.TestDataDetails@14c8d61, 3=com.java.Objects.TestDataDetails@983034}
[INFO ][2015-12-11 15:38:07,596][com.java.TestType] [10075] - Looping 1TCID = 2
[DEBUG][2015-12-11 15:38:07,597][com.java.TestType] [10116] - Concept ID:2 :: Step being Executed: 2::1
[INFO ][2015-12-11 15:38:07,597][com.java.TestType] [10154] - dataFields : BNK//select[@id='bank']
[DEBUG][2015-12-11 15:38:07,597][com.java.TestType] [10160] - <In Set values of the page>
[DEBUG][2015-12-11 15:38:07,597][com.java.TestType] [10165] - {Data Fields & Data Values Exist}
[INFO ][2015-12-11 15:38:07,597][com.java.TestType] [10171] - --------------------------setting values-----------------------------
[INFO ][2015-12-11 15:38:07,597][com.java.TestType] [10174] - Action Type : Select
[INFO ][2015-12-11 15:38:07,597][com.java.TestType] [ 5500] - value = PFC
[INFO ][2015-12-11 15:38:07,782][com.java.TestType] [10193] -  RESULT true
[INFO ][2015-12-11 15:38:07,782][com.java.TestType] [10310] - ?   P A S S   ?
[DEBUG][2015-12-11 15:38:07,782][com.java.TestType] [10116] - Concept ID:2 :: Step being Executed: 2::2
[INFO ][2015-12-11 15:38:07,782][com.java.TestType] [10154] - dataFields : LNKLogout
[DEBUG][2015-12-11 15:38:07,782][com.java.TestType] [10160] - <In Set values of the page>
[DEBUG][2015-12-11 15:38:07,782][com.java.TestType] [10165] - {Data Fields & Data Values Exist}
[INFO ][2015-12-11 15:38:07,782][com.java.TestType] [10171] - --------------------------setting values-----------------------------
[INFO ][2015-12-11 15:38:07,782][com.java.TestType] [10174] - Action Type : WaitTime
[DEBUG][2015-12-11 15:38:07,782][com.java.TestType] [ 5320] - sleepTime: 5000
[INFO ][2015-12-11 15:38:12,782][com.java.TestType] [10193] -  RESULT true
[INFO ][2015-12-11 15:38:12,782][com.java.TestType] [10310] - ?   P A S S   ?
[INFO ][2015-12-11 15:38:12,782][com.java.TestType] [10381] - Looping End......
[INFO ][2015-12-11 15:38:12,786][com.java.SeleniumDriver] [  894] -  RESULT true
[INFO ][2015-12-11 15:38:12,786][com.java.SeleniumDriver] [ 1100] - ?   P A S S   ?
[INFO ][2015-12-11 15:38:12,786][com.java.SeleniumDriver] [  821] - ------------------------------------------
[INFO ][2015-12-11 15:38:12,786][com.java.SeleniumDriver] [  822] - Test case being Executed: 13
[INFO ][2015-12-11 15:38:12,786][com.java.SeleniumDriver] [  833] - Test step:4
[INFO ][2015-12-11 15:38:12,786][com.java.SeleniumDriver] [  845] - Datavalue is----------Concept#7:1-37
[INFO ][2015-12-11 15:38:12,786][com.java.SeleniumDriver] [  869] - DataField : test
[INFO ][2015-12-11 15:38:12,786][com.java.SeleniumDriver] [  871] - DataValue : Concept#7:1-37
[INFO ][2015-12-11 15:38:12,786][com.java.SeleniumDriver] [  877] - <In Set values of the page>
[INFO ][2015-12-11 15:38:12,787][com.java.SeleniumDriver] [  880] - {Data Fields & Data Values Exist}
[INFO ][2015-12-11 15:38:12,787][com.java.SeleniumDriver] [  882] - --------------------------setting values-----------------------------
[INFO ][2015-12-11 15:38:12,787][com.java.SeleniumDriver] [  885] - Action Type : ExecuteTestCase
[INFO ][2015-12-11 15:38:12,787][com.java.TestType] [  436] - The Concept sheet name is ---------- Concept
[INFO ][2015-12-11 15:38:12,787][com.java.TestType] [  439] - The Concept ID  is ---------- 7
[DEBUG][2015-12-11 15:38:12,787][com.java.TestType] [  443] - Steps being executted in the Concept are: 1:37
[INFO ][2015-12-11 15:38:12,787][com.java.TestType] [  450] - Test data details path ---------- D:\BankersDashboard\TestInputs\TestData.xls
[INFO ][2015-12-11 15:38:12,825][com.java.TestType] [  481] -  str(1) = 7
[INFO ][2015-12-11 15:38:12,825][com.java.TestType] [  484] - Test case Id is---7
[INFO ][2015-12-11 15:38:12,825][com.java.TestType] [  486] - 7
[INFO ][2015-12-11 15:38:12,825][com.java.TestType] [  481] -  str(2) = 1
[INFO ][2015-12-11 15:38:12,827][com.java.TestType] [  533] - row values are--------{1=com.java.Objects.TestDataDetails@1611b48}
[INFO ][2015-12-11 15:38:12,827][com.java.TestType] [  481] -  str(1) = 7
[INFO ][2015-12-11 15:38:12,827][com.java.TestType] [  484] - Test case Id is---7
[INFO ][2015-12-11 15:38:12,827][com.java.TestType] [  486] - 7
[INFO ][2015-12-11 15:38:12,827][com.java.TestType] [  481] -  str(2) = 2
[INFO ][2015-12-11 15:38:12,828][com.java.TestType] [  533] - row values are--------{1=com.java.Objects.TestDataDetails@1611b48, 2=com.java.Objects.TestDataDetails@acb07d}
[INFO ][2015-12-11 15:38:12,828][com.java.TestType] [  481] -  str(1) = 7
[INFO ][2015-12-11 15:38:12,828][com.java.TestType] [  484] - Test case Id is---7
[INFO ][2015-12-11 15:38:12,828][com.java.TestType] [  486] - 7
[INFO ][2015-12-11 15:38:12,828][com.java.TestType] [  481] -  str(2) = 3
[INFO ][2015-12-11 15:38:12,828][com.java.TestType] [  533] - row values are--------{1=com.java.Objects.TestDataDetails@1611b48, 2=com.java.Objects.TestDataDetails@acb07d, 3=com.java.Objects.TestDataDetails@aca316}
[INFO ][2015-12-11 15:38:12,829][com.java.TestType] [  481] -  str(1) = 7
[INFO ][2015-12-11 15:38:12,829][com.java.TestType] [  484] - Test case Id is---7
[INFO ][2015-12-11 15:38:12,829][com.java.TestType] [  486] - 7
[INFO ][2015-12-11 15:38:12,829][com.java.TestType] [  481] -  str(2) = 4
[INFO ][2015-12-11 15:38:12,829][com.java.TestType] [  533] - row values are--------{1=com.java.Objects.TestDataDetails@1611b48, 2=com.java.Objects.TestDataDetails@acb07d, 3=com.java.Objects.TestDataDetails@aca316, 4=com.java.Objects.TestDataDetails@13b1fb5}
[INFO ][2015-12-11 15:38:12,830][com.java.TestType] [  481] -  str(1) = 7
[INFO ][2015-12-11 15:38:12,830][com.java.TestType] [  484] - Test case Id is---7
[INFO ][2015-12-11 15:38:12,830][com.java.TestType] [  486] - 7
[INFO ][2015-12-11 15:38:12,830][com.java.TestType] [  481] -  str(2) = 5
[INFO ][2015-12-11 15:38:12,831][com.java.TestType] [  533] - row values are--------{1=com.java.Objects.TestDataDetails@1611b48, 2=com.java.Objects.TestDataDetails@acb07d, 3=com.java.Objects.TestDataDetails@aca316, 4=com.java.Objects.TestDataDetails@13b1fb5, 5=com.java.Objects.TestDataDetails@1b62fcd}
[INFO ][2015-12-11 15:38:12,831][com.java.TestType] [  481] -  str(1) = 7
[INFO ][2015-12-11 15:38:12,831][com.java.TestType] [  484] - Test case Id is---7
[INFO ][2015-12-11 15:38:12,831][com.java.TestType] [  486] - 7
[INFO ][2015-12-11 15:38:12,831][com.java.TestType] [  481] -  str(2) = 6
[INFO ][2015-12-11 15:38:12,832][com.java.TestType] [  533] - row values are--------{1=com.java.Objects.TestDataDetails@1611b48, 2=com.java.Objects.TestDataDetails@acb07d, 3=com.java.Objects.TestDataDetails@aca316, 4=com.java.Objects.TestDataDetails@13b1fb5, 5=com.java.Objects.TestDataDetails@1b62fcd, 6=com.java.Objects.TestDataDetails@e2dc4}
[INFO ][2015-12-11 15:38:12,832][com.java.TestType] [  481] -  str(1) = 7
[INFO ][2015-12-11 15:38:12,832][com.java.TestType] [  484] - Test case Id is---7
[INFO ][2015-12-11 15:38:12,832][com.java.TestType] [  486] - 7
[INFO ][2015-12-11 15:38:12,832][com.java.TestType] [  481] -  str(2) = 7
[INFO ][2015-12-11 15:38:12,833][com.java.TestType] [  533] - row values are--------{1=com.java.Objects.TestDataDetails@1611b48, 2=com.java.Objects.TestDataDetails@acb07d, 3=com.java.Objects.TestDataDetails@aca316, 4=com.java.Objects.TestDataDetails@13b1fb5, 5=com.java.Objects.TestDataDetails@1b62fcd, 6=com.java.Objects.TestDataDetails@e2dc4, 7=com.java.Objects.TestDataDetails@2c0ca2}
[INFO ][2015-12-11 15:38:12,833][com.java.TestType] [  481] -  str(1) = 7
[INFO ][2015-12-11 15:38:12,833][com.java.TestType] [  484] - Test case Id is---7
[INFO ][2015-12-11 15:38:12,833][com.java.TestType] [  486] - 7
[INFO ][2015-12-11 15:38:12,833][com.java.TestType] [  481] -  str(2) = 8
[INFO ][2015-12-11 15:38:12,834][com.java.TestType] [  533] - row values are--------{1=com.java.Objects.TestDataDetails@1611b48, 2=com.java.Objects.TestDataDetails@acb07d, 3=com.java.Objects.TestDataDetails@aca316, 4=com.java.Objects.TestDataDetails@13b1fb5, 5=com.java.Objects.TestDataDetails@1b62fcd, 6=com.java.Objects.TestDataDetails@e2dc4, 7=com.java.Objects.TestDataDetails@2c0ca2, 8=com.java.Objects.TestDataDetails@1f42525}
[INFO ][2015-12-11 15:38:12,834][com.java.TestType] [  481] -  str(1) = 7
[INFO ][2015-12-11 15:38:12,834][com.java.TestType] [  484] - Test case Id is---7
[INFO ][2015-12-11 15:38:12,834][com.java.TestType] [  486] - 7
[INFO ][2015-12-11 15:38:12,834][com.java.TestType] [  481] -  str(2) = 9
[INFO ][2015-12-11 15:38:12,835][com.java.TestType] [  533] - row values are--------{1=com.java.Objects.TestDataDetails@1611b48, 2=com.java.Objects.TestDataDetails@acb07d, 3=com.java.Objects.TestDataDetails@aca316, 4=com.java.Objects.TestDataDetails@13b1fb5, 5=com.java.Objects.TestDataDetails@1b62fcd, 6=com.java.Objects.TestDataDetails@e2dc4, 7=com.java.Objects.TestDataDetails@2c0ca2, 8=com.java.Objects.TestDataDetails@1f42525, 9=com.java.Objects.TestDataDetails@1d929f}
[INFO ][2015-12-11 15:38:12,835][com.java.TestType] [  481] -  str(1) = 7
[INFO ][2015-12-11 15:38:12,835][com.java.TestType] [  484] - Test case Id is---7
[INFO ][2015-12-11 15:38:12,835][com.java.TestType] [  486] - 7
[INFO ][2015-12-11 15:38:12,835][com.java.TestType] [  481] -  str(2) = 10
[INFO ][2015-12-11 15:38:12,836][com.java.TestType] [  533] - row values are--------{1=com.java.Objects.TestDataDetails@1611b48, 2=com.java.Objects.TestDataDetails@acb07d, 3=com.java.Objects.TestDataDetails@aca316, 4=com.java.Objects.TestDataDetails@13b1fb5, 5=com.java.Objects.TestDataDetails@1b62fcd, 6=com.java.Objects.TestDataDetails@e2dc4, 7=com.java.Objects.TestDataDetails@2c0ca2, 8=com.java.Objects.TestDataDetails@1f42525, 9=com.java.Objects.TestDataDetails@1d929f, 10=com.java.Objects.TestDataDetails@1fcd8fb}
[INFO ][2015-12-11 15:38:12,836][com.java.TestType] [  481] -  str(1) = 7
[INFO ][2015-12-11 15:38:12,836][com.java.TestType] [  484] - Test case Id is---7
[INFO ][2015-12-11 15:38:12,836][com.java.TestType] [  486] - 7
[INFO ][2015-12-11 15:38:12,836][com.java.TestType] [  481] -  str(2) = 11
[INFO ][2015-12-11 15:38:12,837][com.java.TestType] [  533] - row values are--------{1=com.java.Objects.TestDataDetails@1611b48, 2=com.java.Objects.TestDataDetails@acb07d, 3=com.java.Objects.TestDataDetails@aca316, 4=com.java.Objects.TestDataDetails@13b1fb5, 5=com.java.Objects.TestDataDetails@1b62fcd, 6=com.java.Objects.TestDataDetails@e2dc4, 7=com.java.Objects.TestDataDetails@2c0ca2, 8=com.java.Objects.TestDataDetails@1f42525, 9=com.java.Objects.TestDataDetails@1d929f, 10=com.java.Objects.TestDataDetails@1fcd8fb, 11=com.java.Objects.TestDataDetails@196c7a9}
[INFO ][2015-12-11 15:38:12,837][com.java.TestType] [  481] -  str(1) = 7
[INFO ][2015-12-11 15:38:12,837][com.java.TestType] [  484] - Test case Id is---7
[INFO ][2015-12-11 15:38:12,837][com.java.TestType] [  486] - 7
[INFO ][2015-12-11 15:38:12,837][com.java.TestType] [  481] -  str(2) = 12
[INFO ][2015-12-11 15:38:12,838][com.java.TestType] [  533] - row values are--------{1=com.java.Objects.TestDataDetails@1611b48, 2=com.java.Objects.TestDataDetails@acb07d, 3=com.java.Objects.TestDataDetails@aca316, 4=com.java.Objects.TestDataDetails@13b1fb5, 5=com.java.Objects.TestDataDetails@1b62fcd, 6=com.java.Objects.TestDataDetails@e2dc4, 7=com.java.Objects.TestDataDetails@2c0ca2, 8=com.java.Objects.TestDataDetails@1f42525, 9=com.java.Objects.TestDataDetails@1d929f, 10=com.java.Objects.TestDataDetails@1fcd8fb, 11=com.java.Objects.TestDataDetails@196c7a9, 12=com.java.Objects.TestDataDetails@1a1d2d6}
[INFO ][2015-12-11 15:38:12,838][com.java.TestType] [  481] -  str(1) = 7
[INFO ][2015-12-11 15:38:12,838][com.java.TestType] [  484] - Test case Id is---7
[INFO ][2015-12-11 15:38:12,838][com.java.TestType] [  486] - 7
[INFO ][2015-12-11 15:38:12,838][com.java.TestType] [  481] -  str(2) = 13
[INFO ][2015-12-11 15:38:12,839][com.java.TestType] [  533] - row values are--------{1=com.java.Objects.TestDataDetails@1611b48, 2=com.java.Objects.TestDataDetails@acb07d, 3=com.java.Objects.TestDataDetails@aca316, 4=com.java.Objects.TestDataDetails@13b1fb5, 5=com.java.Objects.TestDataDetails@1b62fcd, 6=com.java.Objects.TestDataDetails@e2dc4, 7=com.java.Objects.TestDataDetails@2c0ca2, 8=com.java.Objects.TestDataDetails@1f42525, 9=com.java.Objects.TestDataDetails@1d929f, 10=com.java.Objects.TestDataDetails@1fcd8fb, 11=com.java.Objects.TestDataDetails@196c7a9, 12=com.java.Objects.TestDataDetails@1a1d2d6, 13=com.java.Objects.TestDataDetails@181b9dd}
[INFO ][2015-12-11 15:38:12,839][com.java.TestType] [  481] -  str(1) = 7
[INFO ][2015-12-11 15:38:12,839][com.java.TestType] [  484] - Test case Id is---7
[INFO ][2015-12-11 15:38:12,839][com.java.TestType] [  486] - 7
[INFO ][2015-12-11 15:38:12,839][com.java.TestType] [  481] -  str(2) = 14
[INFO ][2015-12-11 15:38:12,840][com.java.TestType] [  533] - row values are--------{1=com.java.Objects.TestDataDetails@1611b48, 2=com.java.Objects.TestDataDetails@acb07d, 3=com.java.Objects.TestDataDetails@aca316, 4=com.java.Objects.TestDataDetails@13b1fb5, 5=com.java.Objects.TestDataDetails@1b62fcd, 6=com.java.Objects.TestDataDetails@e2dc4, 7=com.java.Objects.TestDataDetails@2c0ca2, 8=com.java.Objects.TestDataDetails@1f42525, 9=com.java.Objects.TestDataDetails@1d929f, 10=com.java.Objects.TestDataDetails@1fcd8fb, 11=com.java.Objects.TestDataDetails@196c7a9, 12=com.java.Objects.TestDataDetails@1a1d2d6, 13=com.java.Objects.TestDataDetails@181b9dd, 14=com.java.Objects.TestDataDetails@e5b708}
[INFO ][2015-12-11 15:38:12,840][com.java.TestType] [  481] -  str(1) = 7
[INFO ][2015-12-11 15:38:12,840][com.java.TestType] [  484] - Test case Id is---7
[INFO ][2015-12-11 15:38:12,840][com.java.TestType] [  486] - 7
[INFO ][2015-12-11 15:38:12,840][com.java.TestType] [  481] -  str(2) = 15
[INFO ][2015-12-11 15:38:12,841][com.java.TestType] [  533] - row values are--------{1=com.java.Objects.TestDataDetails@1611b48, 2=com.java.Objects.TestDataDetails@acb07d, 3=com.java.Objects.TestDataDetails@aca316, 4=com.java.Objects.TestDataDetails@13b1fb5, 5=com.java.Objects.TestDataDetails@1b62fcd, 6=com.java.Objects.TestDataDetails@e2dc4, 7=com.java.Objects.TestDataDetails@2c0ca2, 8=com.java.Objects.TestDataDetails@1f42525, 9=com.java.Objects.TestDataDetails@1d929f, 10=com.java.Objects.TestDataDetails@1fcd8fb, 11=com.java.Objects.TestDataDetails@196c7a9, 12=com.java.Objects.TestDataDetails@1a1d2d6, 13=com.java.Objects.TestDataDetails@181b9dd, 14=com.java.Objects.TestDataDetails@e5b708, 15=com.java.Objects.TestDataDetails@dcbe88}
[INFO ][2015-12-11 15:38:12,841][com.java.TestType] [  481] -  str(1) = 7
[INFO ][2015-12-11 15:38:12,841][com.java.TestType] [  484] - Test case Id is---7
[INFO ][2015-12-11 15:38:12,841][com.java.TestType] [  486] - 7
[INFO ][2015-12-11 15:38:12,841][com.java.TestType] [  481] -  str(2) = 16
[INFO ][2015-12-11 15:38:12,842][com.java.TestType] [  533] - row values are--------{1=com.java.Objects.TestDataDetails@1611b48, 2=com.java.Objects.TestDataDetails@acb07d, 3=com.java.Objects.TestDataDetails@aca316, 4=com.java.Objects.TestDataDetails@13b1fb5, 5=com.java.Objects.TestDataDetails@1b62fcd, 6=com.java.Objects.TestDataDetails@e2dc4, 7=com.java.Objects.TestDataDetails@2c0ca2, 8=com.java.Objects.TestDataDetails@1f42525, 9=com.java.Objects.TestDataDetails@1d929f, 10=com.java.Objects.TestDataDetails@1fcd8fb, 11=com.java.Objects.TestDataDetails@196c7a9, 12=com.java.Objects.TestDataDetails@1a1d2d6, 13=com.java.Objects.TestDataDetails@181b9dd, 14=com.java.Objects.TestDataDetails@e5b708, 15=com.java.Objects.TestDataDetails@dcbe88, 16=com.java.Objects.TestDataDetails@1eb5170}
[INFO ][2015-12-11 15:38:12,842][com.java.TestType] [  481] -  str(1) = 7
[INFO ][2015-12-11 15:38:12,842][com.java.TestType] [  484] - Test case Id is---7
[INFO ][2015-12-11 15:38:12,842][com.java.TestType] [  486] - 7
[INFO ][2015-12-11 15:38:12,842][com.java.TestType] [  481] -  str(2) = 17
[INFO ][2015-12-11 15:38:12,843][com.java.TestType] [  533] - row values are--------{1=com.java.Objects.TestDataDetails@1611b48, 2=com.java.Objects.TestDataDetails@acb07d, 3=com.java.Objects.TestDataDetails@aca316, 4=com.java.Objects.TestDataDetails@13b1fb5, 5=com.java.Objects.TestDataDetails@1b62fcd, 6=com.java.Objects.TestDataDetails@e2dc4, 7=com.java.Objects.TestDataDetails@2c0ca2, 8=com.java.Objects.TestDataDetails@1f42525, 9=com.java.Objects.TestDataDetails@1d929f, 10=com.java.Objects.TestDataDetails@1fcd8fb, 11=com.java.Objects.TestDataDetails@196c7a9, 12=com.java.Objects.TestDataDetails@1a1d2d6, 13=com.java.Objects.TestDataDetails@181b9dd, 14=com.java.Objects.TestDataDetails@e5b708, 15=com.java.Objects.TestDataDetails@dcbe88, 17=com.java.Objects.TestDataDetails@1905345, 16=com.java.Objects.TestDataDetails@1eb5170}
[INFO ][2015-12-11 15:38:12,843][com.java.TestType] [  481] -  str(1) = 7
[INFO ][2015-12-11 15:38:12,843][com.java.TestType] [  484] - Test case Id is---7
[INFO ][2015-12-11 15:38:12,843][com.java.TestType] [  486] - 7
[INFO ][2015-12-11 15:38:12,843][com.java.TestType] [  481] -  str(2) = 18
[INFO ][2015-12-11 15:38:12,844][com.java.TestType] [  533] - row values are--------{1=com.java.Objects.TestDataDetails@1611b48, 2=com.java.Objects.TestDataDetails@acb07d, 3=com.java.Objects.TestDataDetails@aca316, 4=com.java.Objects.TestDataDetails@13b1fb5, 5=com.java.Objects.TestDataDetails@1b62fcd, 6=com.java.Objects.TestDataDetails@e2dc4, 7=com.java.Objects.TestDataDetails@2c0ca2, 8=com.java.Objects.TestDataDetails@1f42525, 9=com.java.Objects.TestDataDetails@1d929f, 10=com.java.Objects.TestDataDetails@1fcd8fb, 11=com.java.Objects.TestDataDetails@196c7a9, 12=com.java.Objects.TestDataDetails@1a1d2d6, 13=com.java.Objects.TestDataDetails@181b9dd, 14=com.java.Objects.TestDataDetails@e5b708, 15=com.java.Objects.TestDataDetails@dcbe88, 17=com.java.Objects.TestDataDetails@1905345, 16=com.java.Objects.TestDataDetails@1eb5170, 18=com.java.Objects.TestDataDetails@1d36e0a}
[INFO ][2015-12-11 15:38:12,844][com.java.TestType] [  481] -  str(1) = 7
[INFO ][2015-12-11 15:38:12,844][com.java.TestType] [  484] - Test case Id is---7
[INFO ][2015-12-11 15:38:12,844][com.java.TestType] [  486] - 7
[INFO ][2015-12-11 15:38:12,844][com.java.TestType] [  481] -  str(2) = 19
[INFO ][2015-12-11 15:38:12,845][com.java.TestType] [  533] - row values are--------{1=com.java.Objects.TestDataDetails@1611b48, 2=com.java.Objects.TestDataDetails@acb07d, 3=com.java.Objects.TestDataDetails@aca316, 4=com.java.Objects.TestDataDetails@13b1fb5, 5=com.java.Objects.TestDataDetails@1b62fcd, 6=com.java.Objects.TestDataDetails@e2dc4, 7=com.java.Objects.TestDataDetails@2c0ca2, 8=com.java.Objects.TestDataDetails@1f42525, 9=com.java.Objects.TestDataDetails@1d929f, 10=com.java.Objects.TestDataDetails@1fcd8fb, 11=com.java.Objects.TestDataDetails@196c7a9, 12=com.java.Objects.TestDataDetails@1a1d2d6, 13=com.java.Objects.TestDataDetails@181b9dd, 14=com.java.Objects.TestDataDetails@e5b708, 15=com.java.Objects.TestDataDetails@dcbe88, 17=com.java.Objects.TestDataDetails@1905345, 16=com.java.Objects.TestDataDetails@1eb5170, 19=com.java.Objects.TestDataDetails@11b9447, 18=com.java.Objects.TestDataDetails@1d36e0a}
[INFO ][2015-12-11 15:38:12,845][com.java.TestType] [  481] -  str(1) = 7
[INFO ][2015-12-11 15:38:12,845][com.java.TestType] [  484] - Test case Id is---7
[INFO ][2015-12-11 15:38:12,845][com.java.TestType] [  486] - 7
[INFO ][2015-12-11 15:38:12,845][com.java.TestType] [  481] -  str(2) = 20
[INFO ][2015-12-11 15:38:12,846][com.java.TestType] [  533] - row values are--------{1=com.java.Objects.TestDataDetails@1611b48, 2=com.java.Objects.TestDataDetails@acb07d, 3=com.java.Objects.TestDataDetails@aca316, 4=com.java.Objects.TestDataDetails@13b1fb5, 5=com.java.Objects.TestDataDetails@1b62fcd, 6=com.java.Objects.TestDataDetails@e2dc4, 7=com.java.Objects.TestDataDetails@2c0ca2, 8=com.java.Objects.TestDataDetails@1f42525, 9=com.java.Objects.TestDataDetails@1d929f, 10=com.java.Objects.TestDataDetails@1fcd8fb, 11=com.java.Objects.TestDataDetails@196c7a9, 12=com.java.Objects.TestDataDetails@1a1d2d6, 13=com.java.Objects.TestDataDetails@181b9dd, 14=com.java.Objects.TestDataDetails@e5b708, 15=com.java.Objects.TestDataDetails@dcbe88, 17=com.java.Objects.TestDataDetails@1905345, 16=com.java.Objects.TestDataDetails@1eb5170, 19=com.java.Objects.TestDataDetails@11b9447, 18=com.java.Objects.TestDataDetails@1d36e0a, 20=com.java.Objects.TestDataDetails@136eabc}
[INFO ][2015-12-11 15:38:12,847][com.java.TestType] [  481] -  str(1) = 7
[INFO ][2015-12-11 15:38:12,847][com.java.TestType] [  484] - Test case Id is---7
[INFO ][2015-12-11 15:38:12,847][com.java.TestType] [  486] - 7
[INFO ][2015-12-11 15:38:12,847][com.java.TestType] [  481] -  str(2) = 21
[INFO ][2015-12-11 15:38:12,847][com.java.TestType] [  533] - row values are--------{1=com.java.Objects.TestDataDetails@1611b48, 2=com.java.Objects.TestDataDetails@acb07d, 3=com.java.Objects.TestDataDetails@aca316, 4=com.java.Objects.TestDataDetails@13b1fb5, 5=com.java.Objects.TestDataDetails@1b62fcd, 6=com.java.Objects.TestDataDetails@e2dc4, 7=com.java.Objects.TestDataDetails@2c0ca2, 8=com.java.Objects.TestDataDetails@1f42525, 9=com.java.Objects.TestDataDetails@1d929f, 10=com.java.Objects.TestDataDetails@1fcd8fb, 11=com.java.Objects.TestDataDetails@196c7a9, 12=com.java.Objects.TestDataDetails@1a1d2d6, 13=com.java.Objects.TestDataDetails@181b9dd, 14=com.java.Objects.TestDataDetails@e5b708, 15=com.java.Objects.TestDataDetails@dcbe88, 17=com.java.Objects.TestDataDetails@1905345, 16=com.java.Objects.TestDataDetails@1eb5170, 19=com.java.Objects.TestDataDetails@11b9447, 18=com.java.Objects.TestDataDetails@1d36e0a, 21=com.java.Objects.TestDataDetails@1ba0c6, 20=com.java.Objects.TestDataDetails@136eabc}
[INFO ][2015-12-11 15:38:12,847][com.java.TestType] [  481] -  str(1) = 7
[INFO ][2015-12-11 15:38:12,848][com.java.TestType] [  484] - Test case Id is---7
[INFO ][2015-12-11 15:38:12,848][com.java.TestType] [  486] - 7
[INFO ][2015-12-11 15:38:12,848][com.java.TestType] [  481] -  str(2) = 22
[INFO ][2015-12-11 15:38:12,848][com.java.TestType] [  533] - row values are--------{1=com.java.Objects.TestDataDetails@1611b48, 2=com.java.Objects.TestDataDetails@acb07d, 3=com.java.Objects.TestDataDetails@aca316, 4=com.java.Objects.TestDataDetails@13b1fb5, 5=com.java.Objects.TestDataDetails@1b62fcd, 6=com.java.Objects.TestDataDetails@e2dc4, 7=com.java.Objects.TestDataDetails@2c0ca2, 8=com.java.Objects.TestDataDetails@1f42525, 9=com.java.Objects.TestDataDetails@1d929f, 10=com.java.Objects.TestDataDetails@1fcd8fb, 11=com.java.Objects.TestDataDetails@196c7a9, 12=com.java.Objects.TestDataDetails@1a1d2d6, 13=com.java.Objects.TestDataDetails@181b9dd, 14=com.java.Objects.TestDataDetails@e5b708, 15=com.java.Objects.TestDataDetails@dcbe88, 17=com.java.Objects.TestDataDetails@1905345, 16=com.java.Objects.TestDataDetails@1eb5170, 19=com.java.Objects.TestDataDetails@11b9447, 18=com.java.Objects.TestDataDetails@1d36e0a, 21=com.java.Objects.TestDataDetails@1ba0c6, 20=com.java.Objects.TestDataDetails@136eabc, 22=com.java.Objects.TestDataDetails@16b430d}
[INFO ][2015-12-11 15:38:12,848][com.java.TestType] [  481] -  str(1) = 7
[INFO ][2015-12-11 15:38:12,848][com.java.TestType] [  484] - Test case Id is---7
[INFO ][2015-12-11 15:38:12,849][com.java.TestType] [  486] - 7
[INFO ][2015-12-11 15:38:12,849][com.java.TestType] [  481] -  str(2) = 23
[INFO ][2015-12-11 15:38:12,849][com.java.TestType] [  533] - row values are--------{1=com.java.Objects.TestDataDetails@1611b48, 2=com.java.Objects.TestDataDetails@acb07d, 3=com.java.Objects.TestDataDetails@aca316, 4=com.java.Objects.TestDataDetails@13b1fb5, 5=com.java.Objects.TestDataDetails@1b62fcd, 6=com.java.Objects.TestDataDetails@e2dc4, 7=com.java.Objects.TestDataDetails@2c0ca2, 8=com.java.Objects.TestDataDetails@1f42525, 9=com.java.Objects.TestDataDetails@1d929f, 10=com.java.Objects.TestDataDetails@1fcd8fb, 11=com.java.Objects.TestDataDetails@196c7a9, 12=com.java.Objects.TestDataDetails@1a1d2d6, 13=com.java.Objects.TestDataDetails@181b9dd, 14=com.java.Objects.TestDataDetails@e5b708, 15=com.java.Objects.TestDataDetails@dcbe88, 17=com.java.Objects.TestDataDetails@1905345, 16=com.java.Objects.TestDataDetails@1eb5170, 19=com.java.Objects.TestDataDetails@11b9447, 18=com.java.Objects.TestDataDetails@1d36e0a, 21=com.java.Objects.TestDataDetails@1ba0c6, 20=com.java.Objects.TestDataDetails@136eabc, 23=com.java.Objects.TestDataDetails@1e77dda, 22=com.java.Objects.TestDataDetails@16b430d}
[INFO ][2015-12-11 15:38:12,849][com.java.TestType] [  481] -  str(1) = 7
[INFO ][2015-12-11 15:38:12,849][com.java.TestType] [  484] - Test case Id is---7
[INFO ][2015-12-11 15:38:12,850][com.java.TestType] [  486] - 7
[INFO ][2015-12-11 15:38:12,850][com.java.TestType] [  481] -  str(2) = 24
[INFO ][2015-12-11 15:38:12,850][com.java.TestType] [  533] - row values are--------{1=com.java.Objects.TestDataDetails@1611b48, 2=com.java.Objects.TestDataDetails@acb07d, 3=com.java.Objects.TestDataDetails@aca316, 4=com.java.Objects.TestDataDetails@13b1fb5, 5=com.java.Objects.TestDataDetails@1b62fcd, 6=com.java.Objects.TestDataDetails@e2dc4, 7=com.java.Objects.TestDataDetails@2c0ca2, 8=com.java.Objects.TestDataDetails@1f42525, 9=com.java.Objects.TestDataDetails@1d929f, 10=com.java.Objects.TestDataDetails@1fcd8fb, 11=com.java.Objects.TestDataDetails@196c7a9, 12=com.java.Objects.TestDataDetails@1a1d2d6, 13=com.java.Objects.TestDataDetails@181b9dd, 14=com.java.Objects.TestDataDetails@e5b708, 15=com.java.Objects.TestDataDetails@dcbe88, 17=com.java.Objects.TestDataDetails@1905345, 16=com.java.Objects.TestDataDetails@1eb5170, 19=com.java.Objects.TestDataDetails@11b9447, 18=com.java.Objects.TestDataDetails@1d36e0a, 21=com.java.Objects.TestDataDetails@1ba0c6, 20=com.java.Objects.TestDataDetails@136eabc, 23=com.java.Objects.TestDataDetails@1e77dda, 22=com.java.Objects.TestDataDetails@16b430d, 24=com.java.Objects.TestDataDetails@fe8610}
[INFO ][2015-12-11 15:38:12,850][com.java.TestType] [  481] -  str(1) = 7
[INFO ][2015-12-11 15:38:12,851][com.java.TestType] [  484] - Test case Id is---7
[INFO ][2015-12-11 15:38:12,851][com.java.TestType] [  486] - 7
[INFO ][2015-12-11 15:38:12,851][com.java.TestType] [  481] -  str(2) = 25
[INFO ][2015-12-11 15:38:12,851][com.java.TestType] [  533] - row values are--------{1=com.java.Objects.TestDataDetails@1611b48, 2=com.java.Objects.TestDataDetails@acb07d, 3=com.java.Objects.TestDataDetails@aca316, 4=com.java.Objects.TestDataDetails@13b1fb5, 5=com.java.Objects.TestDataDetails@1b62fcd, 6=com.java.Objects.TestDataDetails@e2dc4, 7=com.java.Objects.TestDataDetails@2c0ca2, 8=com.java.Objects.TestDataDetails@1f42525, 9=com.java.Objects.TestDataDetails@1d929f, 10=com.java.Objects.TestDataDetails@1fcd8fb, 11=com.java.Objects.TestDataDetails@196c7a9, 12=com.java.Objects.TestDataDetails@1a1d2d6, 13=com.java.Objects.TestDataDetails@181b9dd, 14=com.java.Objects.TestDataDetails@e5b708, 15=com.java.Objects.TestDataDetails@dcbe88, 17=com.java.Objects.TestDataDetails@1905345, 16=com.java.Objects.TestDataDetails@1eb5170, 19=com.java.Objects.TestDataDetails@11b9447, 18=com.java.Objects.TestDataDetails@1d36e0a, 21=com.java.Objects.TestDataDetails@1ba0c6, 20=com.java.Objects.TestDataDetails@136eabc, 23=com.java.Objects.TestDataDetails@1e77dda, 22=com.java.Objects.TestDataDetails@16b430d, 25=com.java.Objects.TestDataDetails@19a1774, 24=com.java.Objects.TestDataDetails@fe8610}
[INFO ][2015-12-11 15:38:12,851][com.java.TestType] [  481] -  str(1) = 7
[INFO ][2015-12-11 15:38:12,851][com.java.TestType] [  484] - Test case Id is---7
[INFO ][2015-12-11 15:38:12,852][com.java.TestType] [  486] - 7
[INFO ][2015-12-11 15:38:12,852][com.java.TestType] [  481] -  str(2) = 26
[INFO ][2015-12-11 15:38:12,852][com.java.TestType] [  533] - row values are--------{1=com.java.Objects.TestDataDetails@1611b48, 2=com.java.Objects.TestDataDetails@acb07d, 3=com.java.Objects.TestDataDetails@aca316, 4=com.java.Objects.TestDataDetails@13b1fb5, 5=com.java.Objects.TestDataDetails@1b62fcd, 6=com.java.Objects.TestDataDetails@e2dc4, 7=com.java.Objects.TestDataDetails@2c0ca2, 8=com.java.Objects.TestDataDetails@1f42525, 9=com.java.Objects.TestDataDetails@1d929f, 10=com.java.Objects.TestDataDetails@1fcd8fb, 11=com.java.Objects.TestDataDetails@196c7a9, 12=com.java.Objects.TestDataDetails@1a1d2d6, 13=com.java.Objects.TestDataDetails@181b9dd, 14=com.java.Objects.TestDataDetails@e5b708, 15=com.java.Objects.TestDataDetails@dcbe88, 17=com.java.Objects.TestDataDetails@1905345, 16=com.java.Objects.TestDataDetails@1eb5170, 19=com.java.Objects.TestDataDetails@11b9447, 18=com.java.Objects.TestDataDetails@1d36e0a, 21=com.java.Objects.TestDataDetails@1ba0c6, 20=com.java.Objects.TestDataDetails@136eabc, 23=com.java.Objects.TestDataDetails@1e77dda, 22=com.java.Objects.TestDataDetails@16b430d, 25=com.java.Objects.TestDataDetails@19a1774, 24=com.java.Objects.TestDataDetails@fe8610, 26=com.java.Objects.TestDataDetails@32777a}
[INFO ][2015-12-11 15:38:12,852][com.java.TestType] [  481] -  str(1) = 7
[INFO ][2015-12-11 15:38:12,852][com.java.TestType] [  484] - Test case Id is---7
[INFO ][2015-12-11 15:38:12,852][com.java.TestType] [  486] - 7
[INFO ][2015-12-11 15:38:12,853][com.java.TestType] [  481] -  str(2) = 27
[INFO ][2015-12-11 15:38:12,854][com.java.TestType] [  533] - row values are--------{1=com.java.Objects.TestDataDetails@1611b48, 2=com.java.Objects.TestDataDetails@acb07d, 3=com.java.Objects.TestDataDetails@aca316, 4=com.java.Objects.TestDataDetails@13b1fb5, 5=com.java.Objects.TestDataDetails@1b62fcd, 6=com.java.Objects.TestDataDetails@e2dc4, 7=com.java.Objects.TestDataDetails@2c0ca2, 8=com.java.Objects.TestDataDetails@1f42525, 9=com.java.Objects.TestDataDetails@1d929f, 10=com.java.Objects.TestDataDetails@1fcd8fb, 11=com.java.Objects.TestDataDetails@196c7a9, 12=com.java.Objects.TestDataDetails@1a1d2d6, 13=com.java.Objects.TestDataDetails@181b9dd, 14=com.java.Objects.TestDataDetails@e5b708, 15=com.java.Objects.TestDataDetails@dcbe88, 17=com.java.Objects.TestDataDetails@1905345, 16=com.java.Objects.TestDataDetails@1eb5170, 19=com.java.Objects.TestDataDetails@11b9447, 18=com.java.Objects.TestDataDetails@1d36e0a, 21=com.java.Objects.TestDataDetails@1ba0c6, 20=com.java.Objects.TestDataDetails@136eabc, 23=com.java.Objects.TestDataDetails@1e77dda, 22=com.java.Objects.TestDataDetails@16b430d, 25=com.java.Objects.TestDataDetails@19a1774, 24=com.java.Objects.TestDataDetails@fe8610, 27=com.java.Objects.TestDataDetails@cf601e, 26=com.java.Objects.TestDataDetails@32777a}
[INFO ][2015-12-11 15:38:12,854][com.java.TestType] [  481] -  str(1) = 7
[INFO ][2015-12-11 15:38:12,854][com.java.TestType] [  484] - Test case Id is---7
[INFO ][2015-12-11 15:38:12,854][com.java.TestType] [  486] - 7
[INFO ][2015-12-11 15:38:12,854][com.java.TestType] [  481] -  str(2) = 28
[INFO ][2015-12-11 15:38:12,855][com.java.TestType] [  533] - row values are--------{1=com.java.Objects.TestDataDetails@1611b48, 2=com.java.Objects.TestDataDetails@acb07d, 3=com.java.Objects.TestDataDetails@aca316, 4=com.java.Objects.TestDataDetails@13b1fb5, 5=com.java.Objects.TestDataDetails@1b62fcd, 6=com.java.Objects.TestDataDetails@e2dc4, 7=com.java.Objects.TestDataDetails@2c0ca2, 8=com.java.Objects.TestDataDetails@1f42525, 9=com.java.Objects.TestDataDetails@1d929f, 10=com.java.Objects.TestDataDetails@1fcd8fb, 11=com.java.Objects.TestDataDetails@196c7a9, 12=com.java.Objects.TestDataDetails@1a1d2d6, 13=com.java.Objects.TestDataDetails@181b9dd, 14=com.java.Objects.TestDataDetails@e5b708, 15=com.java.Objects.TestDataDetails@dcbe88, 17=com.java.Objects.TestDataDetails@1905345, 16=com.java.Objects.TestDataDetails@1eb5170, 19=com.java.Objects.TestDataDetails@11b9447, 18=com.java.Objects.TestDataDetails@1d36e0a, 21=com.java.Objects.TestDataDetails@1ba0c6, 20=com.java.Objects.TestDataDetails@136eabc, 23=com.java.Objects.TestDataDetails@1e77dda, 22=com.java.Objects.TestDataDetails@16b430d, 25=com.java.Objects.TestDataDetails@19a1774, 24=com.java.Objects.TestDataDetails@fe8610, 27=com.java.Objects.TestDataDetails@cf601e, 26=com.java.Objects.TestDataDetails@32777a, 28=com.java.Objects.TestDataDetails@1749418}
[INFO ][2015-12-11 15:38:12,855][com.java.TestType] [  481] -  str(1) = 7
[INFO ][2015-12-11 15:38:12,855][com.java.TestType] [  484] - Test case Id is---7
[INFO ][2015-12-11 15:38:12,855][com.java.TestType] [  486] - 7
[INFO ][2015-12-11 15:38:12,855][com.java.TestType] [  481] -  str(2) = 29
[INFO ][2015-12-11 15:38:12,856][com.java.TestType] [  533] - row values are--------{1=com.java.Objects.TestDataDetails@1611b48, 2=com.java.Objects.TestDataDetails@acb07d, 3=com.java.Objects.TestDataDetails@aca316, 4=com.java.Objects.TestDataDetails@13b1fb5, 5=com.java.Objects.TestDataDetails@1b62fcd, 6=com.java.Objects.TestDataDetails@e2dc4, 7=com.java.Objects.TestDataDetails@2c0ca2, 8=com.java.Objects.TestDataDetails@1f42525, 9=com.java.Objects.TestDataDetails@1d929f, 10=com.java.Objects.TestDataDetails@1fcd8fb, 11=com.java.Objects.TestDataDetails@196c7a9, 12=com.java.Objects.TestDataDetails@1a1d2d6, 13=com.java.Objects.TestDataDetails@181b9dd, 14=com.java.Objects.TestDataDetails@e5b708, 15=com.java.Objects.TestDataDetails@dcbe88, 17=com.java.Objects.TestDataDetails@1905345, 16=com.java.Objects.TestDataDetails@1eb5170, 19=com.java.Objects.TestDataDetails@11b9447, 18=com.java.Objects.TestDataDetails@1d36e0a, 21=com.java.Objects.TestDataDetails@1ba0c6, 20=com.java.Objects.TestDataDetails@136eabc, 23=com.java.Objects.TestDataDetails@1e77dda, 22=com.java.Objects.TestDataDetails@16b430d, 25=com.java.Objects.TestDataDetails@19a1774, 24=com.java.Objects.TestDataDetails@fe8610, 27=com.java.Objects.TestDataDetails@cf601e, 26=com.java.Objects.TestDataDetails@32777a, 29=com.java.Objects.TestDataDetails@1b4124d, 28=com.java.Objects.TestDataDetails@1749418}
[INFO ][2015-12-11 15:38:12,856][com.java.TestType] [  481] -  str(1) = 7
[INFO ][2015-12-11 15:38:12,856][com.java.TestType] [  484] - Test case Id is---7
[INFO ][2015-12-11 15:38:12,856][com.java.TestType] [  486] - 7
[INFO ][2015-12-11 15:38:12,856][com.java.TestType] [  481] -  str(2) = 30
[INFO ][2015-12-11 15:38:12,857][com.java.TestType] [  533] - row values are--------{1=com.java.Objects.TestDataDetails@1611b48, 2=com.java.Objects.TestDataDetails@acb07d, 3=com.java.Objects.TestDataDetails@aca316, 4=com.java.Objects.TestDataDetails@13b1fb5, 5=com.java.Objects.TestDataDetails@1b62fcd, 6=com.java.Objects.TestDataDetails@e2dc4, 7=com.java.Objects.TestDataDetails@2c0ca2, 8=com.java.Objects.TestDataDetails@1f42525, 9=com.java.Objects.TestDataDetails@1d929f, 10=com.java.Objects.TestDataDetails@1fcd8fb, 11=com.java.Objects.TestDataDetails@196c7a9, 12=com.java.Objects.TestDataDetails@1a1d2d6, 13=com.java.Objects.TestDataDetails@181b9dd, 14=com.java.Objects.TestDataDetails@e5b708, 15=com.java.Objects.TestDataDetails@dcbe88, 17=com.java.Objects.TestDataDetails@1905345, 16=com.java.Objects.TestDataDetails@1eb5170, 19=com.java.Objects.TestDataDetails@11b9447, 18=com.java.Objects.TestDataDetails@1d36e0a, 21=com.java.Objects.TestDataDetails@1ba0c6, 20=com.java.Objects.TestDataDetails@136eabc, 23=com.java.Objects.TestDataDetails@1e77dda, 22=com.java.Objects.TestDataDetails@16b430d, 25=com.java.Objects.TestDataDetails@19a1774, 24=com.java.Objects.TestDataDetails@fe8610, 27=com.java.Objects.TestDataDetails@cf601e, 26=com.java.Objects.TestDataDetails@32777a, 29=com.java.Objects.TestDataDetails@1b4124d, 28=com.java.Objects.TestDataDetails@1749418, 30=com.java.Objects.TestDataDetails@1a706b0}
[INFO ][2015-12-11 15:38:12,857][com.java.TestType] [  481] -  str(1) = 7
[INFO ][2015-12-11 15:38:12,857][com.java.TestType] [  484] - Test case Id is---7
[INFO ][2015-12-11 15:38:12,857][com.java.TestType] [  486] - 7
[INFO ][2015-12-11 15:38:12,857][com.java.TestType] [  481] -  str(2) = 31
[INFO ][2015-12-11 15:38:12,858][com.java.TestType] [  533] - row values are--------{1=com.java.Objects.TestDataDetails@1611b48, 2=com.java.Objects.TestDataDetails@acb07d, 3=com.java.Objects.TestDataDetails@aca316, 4=com.java.Objects.TestDataDetails@13b1fb5, 5=com.java.Objects.TestDataDetails@1b62fcd, 6=com.java.Objects.TestDataDetails@e2dc4, 7=com.java.Objects.TestDataDetails@2c0ca2, 8=com.java.Objects.TestDataDetails@1f42525, 9=com.java.Objects.TestDataDetails@1d929f, 10=com.java.Objects.TestDataDetails@1fcd8fb, 11=com.java.Objects.TestDataDetails@196c7a9, 12=com.java.Objects.TestDataDetails@1a1d2d6, 13=com.java.Objects.TestDataDetails@181b9dd, 14=com.java.Objects.TestDataDetails@e5b708, 15=com.java.Objects.TestDataDetails@dcbe88, 17=com.java.Objects.TestDataDetails@1905345, 16=com.java.Objects.TestDataDetails@1eb5170, 19=com.java.Objects.TestDataDetails@11b9447, 18=com.java.Objects.TestDataDetails@1d36e0a, 21=com.java.Objects.TestDataDetails@1ba0c6, 20=com.java.Objects.TestDataDetails@136eabc, 23=com.java.Objects.TestDataDetails@1e77dda, 22=com.java.Objects.TestDataDetails@16b430d, 25=com.java.Objects.TestDataDetails@19a1774, 24=com.java.Objects.TestDataDetails@fe8610, 27=com.java.Objects.TestDataDetails@cf601e, 26=com.java.Objects.TestDataDetails@32777a, 29=com.java.Objects.TestDataDetails@1b4124d, 28=com.java.Objects.TestDataDetails@1749418, 31=com.java.Objects.TestDataDetails@518236, 30=com.java.Objects.TestDataDetails@1a706b0}
[INFO ][2015-12-11 15:38:12,858][com.java.TestType] [  481] -  str(1) = 7
[INFO ][2015-12-11 15:38:12,858][com.java.TestType] [  484] - Test case Id is---7
[INFO ][2015-12-11 15:38:12,858][com.java.TestType] [  486] - 7
[INFO ][2015-12-11 15:38:12,858][com.java.TestType] [  481] -  str(2) = 32
[INFO ][2015-12-11 15:38:12,859][com.java.TestType] [  533] - row values are--------{1=com.java.Objects.TestDataDetails@1611b48, 2=com.java.Objects.TestDataDetails@acb07d, 3=com.java.Objects.TestDataDetails@aca316, 4=com.java.Objects.TestDataDetails@13b1fb5, 5=com.java.Objects.TestDataDetails@1b62fcd, 6=com.java.Objects.TestDataDetails@e2dc4, 7=com.java.Objects.TestDataDetails@2c0ca2, 8=com.java.Objects.TestDataDetails@1f42525, 9=com.java.Objects.TestDataDetails@1d929f, 10=com.java.Objects.TestDataDetails@1fcd8fb, 11=com.java.Objects.TestDataDetails@196c7a9, 12=com.java.Objects.TestDataDetails@1a1d2d6, 13=com.java.Objects.TestDataDetails@181b9dd, 14=com.java.Objects.TestDataDetails@e5b708, 15=com.java.Objects.TestDataDetails@dcbe88, 17=com.java.Objects.TestDataDetails@1905345, 16=com.java.Objects.TestDataDetails@1eb5170, 19=com.java.Objects.TestDataDetails@11b9447, 18=com.java.Objects.TestDataDetails@1d36e0a, 21=com.java.Objects.TestDataDetails@1ba0c6, 20=com.java.Objects.TestDataDetails@136eabc, 23=com.java.Objects.TestDataDetails@1e77dda, 22=com.java.Objects.TestDataDetails@16b430d, 25=com.java.Objects.TestDataDetails@19a1774, 24=com.java.Objects.TestDataDetails@fe8610, 27=com.java.Objects.TestDataDetails@cf601e, 26=com.java.Objects.TestDataDetails@32777a, 29=com.java.Objects.TestDataDetails@1b4124d, 28=com.java.Objects.TestDataDetails@1749418, 31=com.java.Objects.TestDataDetails@518236, 30=com.java.Objects.TestDataDetails@1a706b0, 32=com.java.Objects.TestDataDetails@3b0560}
[INFO ][2015-12-11 15:38:12,859][com.java.TestType] [  481] -  str(1) = 7
[INFO ][2015-12-11 15:38:12,859][com.java.TestType] [  484] - Test case Id is---7
[INFO ][2015-12-11 15:38:12,859][com.java.TestType] [  486] - 7
[INFO ][2015-12-11 15:38:12,859][com.java.TestType] [  481] -  str(2) = 33
[INFO ][2015-12-11 15:38:12,860][com.java.TestType] [  533] - row values are--------{1=com.java.Objects.TestDataDetails@1611b48, 2=com.java.Objects.TestDataDetails@acb07d, 3=com.java.Objects.TestDataDetails@aca316, 4=com.java.Objects.TestDataDetails@13b1fb5, 5=com.java.Objects.TestDataDetails@1b62fcd, 6=com.java.Objects.TestDataDetails@e2dc4, 7=com.java.Objects.TestDataDetails@2c0ca2, 8=com.java.Objects.TestDataDetails@1f42525, 9=com.java.Objects.TestDataDetails@1d929f, 10=com.java.Objects.TestDataDetails@1fcd8fb, 11=com.java.Objects.TestDataDetails@196c7a9, 12=com.java.Objects.TestDataDetails@1a1d2d6, 13=com.java.Objects.TestDataDetails@181b9dd, 14=com.java.Objects.TestDataDetails@e5b708, 15=com.java.Objects.TestDataDetails@dcbe88, 17=com.java.Objects.TestDataDetails@1905345, 16=com.java.Objects.TestDataDetails@1eb5170, 19=com.java.Objects.TestDataDetails@11b9447, 18=com.java.Objects.TestDataDetails@1d36e0a, 21=com.java.Objects.TestDataDetails@1ba0c6, 20=com.java.Objects.TestDataDetails@136eabc, 23=com.java.Objects.TestDataDetails@1e77dda, 22=com.java.Objects.TestDataDetails@16b430d, 25=com.java.Objects.TestDataDetails@19a1774, 24=com.java.Objects.TestDataDetails@fe8610, 27=com.java.Objects.TestDataDetails@cf601e, 26=com.java.Objects.TestDataDetails@32777a, 29=com.java.Objects.TestDataDetails@1b4124d, 28=com.java.Objects.TestDataDetails@1749418, 31=com.java.Objects.TestDataDetails@518236, 30=com.java.Objects.TestDataDetails@1a706b0, 32=com.java.Objects.TestDataDetails@3b0560, 33=com.java.Objects.TestDataDetails@e23a42}
[INFO ][2015-12-11 15:38:12,860][com.java.TestType] [  481] -  str(1) = 7
[INFO ][2015-12-11 15:38:12,860][com.java.TestType] [  484] - Test case Id is---7
[INFO ][2015-12-11 15:38:12,860][com.java.TestType] [  486] - 7
[INFO ][2015-12-11 15:38:12,860][com.java.TestType] [  481] -  str(2) = 34
[INFO ][2015-12-11 15:38:12,861][com.java.TestType] [  533] - row values are--------{1=com.java.Objects.TestDataDetails@1611b48, 2=com.java.Objects.TestDataDetails@acb07d, 3=com.java.Objects.TestDataDetails@aca316, 4=com.java.Objects.TestDataDetails@13b1fb5, 5=com.java.Objects.TestDataDetails@1b62fcd, 6=com.java.Objects.TestDataDetails@e2dc4, 7=com.java.Objects.TestDataDetails@2c0ca2, 8=com.java.Objects.TestDataDetails@1f42525, 9=com.java.Objects.TestDataDetails@1d929f, 10=com.java.Objects.TestDataDetails@1fcd8fb, 11=com.java.Objects.TestDataDetails@196c7a9, 12=com.java.Objects.TestDataDetails@1a1d2d6, 13=com.java.Objects.TestDataDetails@181b9dd, 14=com.java.Objects.TestDataDetails@e5b708, 15=com.java.Objects.TestDataDetails@dcbe88, 17=com.java.Objects.TestDataDetails@1905345, 16=com.java.Objects.TestDataDetails@1eb5170, 19=com.java.Objects.TestDataDetails@11b9447, 18=com.java.Objects.TestDataDetails@1d36e0a, 21=com.java.Objects.TestDataDetails@1ba0c6, 20=com.java.Objects.TestDataDetails@136eabc, 23=com.java.Objects.TestDataDetails@1e77dda, 22=com.java.Objects.TestDataDetails@16b430d, 25=com.java.Objects.TestDataDetails@19a1774, 24=com.java.Objects.TestDataDetails@fe8610, 27=com.java.Objects.TestDataDetails@cf601e, 26=com.java.Objects.TestDataDetails@32777a, 29=com.java.Objects.TestDataDetails@1b4124d, 28=com.java.Objects.TestDataDetails@1749418, 31=com.java.Objects.TestDataDetails@518236, 30=com.java.Objects.TestDataDetails@1a706b0, 34=com.java.Objects.TestDataDetails@16b0011, 32=com.java.Objects.TestDataDetails@3b0560, 33=com.java.Objects.TestDataDetails@e23a42}
[INFO ][2015-12-11 15:38:12,862][com.java.TestType] [  481] -  str(1) = 7
[INFO ][2015-12-11 15:38:12,862][com.java.TestType] [  484] - Test case Id is---7
[INFO ][2015-12-11 15:38:12,862][com.java.TestType] [  486] - 7
[INFO ][2015-12-11 15:38:12,862][com.java.TestType] [  481] -  str(2) = 35
[INFO ][2015-12-11 15:38:12,862][com.java.TestType] [  533] - row values are--------{1=com.java.Objects.TestDataDetails@1611b48, 2=com.java.Objects.TestDataDetails@acb07d, 3=com.java.Objects.TestDataDetails@aca316, 4=com.java.Objects.TestDataDetails@13b1fb5, 5=com.java.Objects.TestDataDetails@1b62fcd, 6=com.java.Objects.TestDataDetails@e2dc4, 7=com.java.Objects.TestDataDetails@2c0ca2, 8=com.java.Objects.TestDataDetails@1f42525, 9=com.java.Objects.TestDataDetails@1d929f, 10=com.java.Objects.TestDataDetails@1fcd8fb, 11=com.java.Objects.TestDataDetails@196c7a9, 12=com.java.Objects.TestDataDetails@1a1d2d6, 13=com.java.Objects.TestDataDetails@181b9dd, 14=com.java.Objects.TestDataDetails@e5b708, 15=com.java.Objects.TestDataDetails@dcbe88, 17=com.java.Objects.TestDataDetails@1905345, 16=com.java.Objects.TestDataDetails@1eb5170, 19=com.java.Objects.TestDataDetails@11b9447, 18=com.java.Objects.TestDataDetails@1d36e0a, 21=com.java.Objects.TestDataDetails@1ba0c6, 20=com.java.Objects.TestDataDetails@136eabc, 23=com.java.Objects.TestDataDetails@1e77dda, 22=com.java.Objects.TestDataDetails@16b430d, 25=com.java.Objects.TestDataDetails@19a1774, 24=com.java.Objects.TestDataDetails@fe8610, 27=com.java.Objects.TestDataDetails@cf601e, 26=com.java.Objects.TestDataDetails@32777a, 29=com.java.Objects.TestDataDetails@1b4124d, 28=com.java.Objects.TestDataDetails@1749418, 31=com.java.Objects.TestDataDetails@518236, 30=com.java.Objects.TestDataDetails@1a706b0, 34=com.java.Objects.TestDataDetails@16b0011, 35=com.java.Objects.TestDataDetails@b162fa, 32=com.java.Objects.TestDataDetails@3b0560, 33=com.java.Objects.TestDataDetails@e23a42}
[INFO ][2015-12-11 15:38:12,862][com.java.TestType] [  481] -  str(1) = 7
[INFO ][2015-12-11 15:38:12,863][com.java.TestType] [  484] - Test case Id is---7
[INFO ][2015-12-11 15:38:12,863][com.java.TestType] [  486] - 7
[INFO ][2015-12-11 15:38:12,863][com.java.TestType] [  481] -  str(2) = 36
[INFO ][2015-12-11 15:38:12,863][com.java.TestType] [  533] - row values are--------{1=com.java.Objects.TestDataDetails@1611b48, 2=com.java.Objects.TestDataDetails@acb07d, 3=com.java.Objects.TestDataDetails@aca316, 4=com.java.Objects.TestDataDetails@13b1fb5, 5=com.java.Objects.TestDataDetails@1b62fcd, 6=com.java.Objects.TestDataDetails@e2dc4, 7=com.java.Objects.TestDataDetails@2c0ca2, 8=com.java.Objects.TestDataDetails@1f42525, 9=com.java.Objects.TestDataDetails@1d929f, 10=com.java.Objects.TestDataDetails@1fcd8fb, 11=com.java.Objects.TestDataDetails@196c7a9, 12=com.java.Objects.TestDataDetails@1a1d2d6, 13=com.java.Objects.TestDataDetails@181b9dd, 14=com.java.Objects.TestDataDetails@e5b708, 15=com.java.Objects.TestDataDetails@dcbe88, 17=com.java.Objects.TestDataDetails@1905345, 16=com.java.Objects.TestDataDetails@1eb5170, 19=com.java.Objects.TestDataDetails@11b9447, 18=com.java.Objects.TestDataDetails@1d36e0a, 21=com.java.Objects.TestDataDetails@1ba0c6, 20=com.java.Objects.TestDataDetails@136eabc, 23=com.java.Objects.TestDataDetails@1e77dda, 22=com.java.Objects.TestDataDetails@16b430d, 25=com.java.Objects.TestDataDetails@19a1774, 24=com.java.Objects.TestDataDetails@fe8610, 27=com.java.Objects.TestDataDetails@cf601e, 26=com.java.Objects.TestDataDetails@32777a, 29=com.java.Objects.TestDataDetails@1b4124d, 28=com.java.Objects.TestDataDetails@1749418, 31=com.java.Objects.TestDataDetails@518236, 30=com.java.Objects.TestDataDetails@1a706b0, 34=com.java.Objects.TestDataDetails@16b0011, 35=com.java.Objects.TestDataDetails@b162fa, 32=com.java.Objects.TestDataDetails@3b0560, 33=com.java.Objects.TestDataDetails@e23a42, 36=com.java.Objects.TestDataDetails@c66962}
[INFO ][2015-12-11 15:38:12,863][com.java.TestType] [  481] -  str(1) = 7
[INFO ][2015-12-11 15:38:12,864][com.java.TestType] [  484] - Test case Id is---7
[INFO ][2015-12-11 15:38:12,864][com.java.TestType] [  486] - 7
[INFO ][2015-12-11 15:38:12,864][com.java.TestType] [  481] -  str(2) = 37
[INFO ][2015-12-11 15:38:12,864][com.java.TestType] [  533] - row values are--------{1=com.java.Objects.TestDataDetails@1611b48, 2=com.java.Objects.TestDataDetails@acb07d, 3=com.java.Objects.TestDataDetails@aca316, 4=com.java.Objects.TestDataDetails@13b1fb5, 5=com.java.Objects.TestDataDetails@1b62fcd, 6=com.java.Objects.TestDataDetails@e2dc4, 7=com.java.Objects.TestDataDetails@2c0ca2, 8=com.java.Objects.TestDataDetails@1f42525, 9=com.java.Objects.TestDataDetails@1d929f, 10=com.java.Objects.TestDataDetails@1fcd8fb, 11=com.java.Objects.TestDataDetails@196c7a9, 12=com.java.Objects.TestDataDetails@1a1d2d6, 13=com.java.Objects.TestDataDetails@181b9dd, 14=com.java.Objects.TestDataDetails@e5b708, 15=com.java.Objects.TestDataDetails@dcbe88, 17=com.java.Objects.TestDataDetails@1905345, 16=com.java.Objects.TestDataDetails@1eb5170, 19=com.java.Objects.TestDataDetails@11b9447, 18=com.java.Objects.TestDataDetails@1d36e0a, 21=com.java.Objects.TestDataDetails@1ba0c6, 20=com.java.Objects.TestDataDetails@136eabc, 23=com.java.Objects.TestDataDetails@1e77dda, 22=com.java.Objects.TestDataDetails@16b430d, 25=com.java.Objects.TestDataDetails@19a1774, 24=com.java.Objects.TestDataDetails@fe8610, 27=com.java.Objects.TestDataDetails@cf601e, 26=com.java.Objects.TestDataDetails@32777a, 29=com.java.Objects.TestDataDetails@1b4124d, 28=com.java.Objects.TestDataDetails@1749418, 31=com.java.Objects.TestDataDetails@518236, 30=com.java.Objects.TestDataDetails@1a706b0, 34=com.java.Objects.TestDataDetails@16b0011, 35=com.java.Objects.TestDataDetails@b162fa, 32=com.java.Objects.TestDataDetails@3b0560, 33=com.java.Objects.TestDataDetails@e23a42, 36=com.java.Objects.TestDataDetails@c66962, 37=com.java.Objects.TestDataDetails@17da759}
[INFO ][2015-12-11 15:38:12,864][com.java.TestType] [10075] - Looping 1TCID = 7
[DEBUG][2015-12-11 15:38:12,865][com.java.TestType] [10116] - Concept ID:7 :: Step being Executed: 7::1
[ERROR][2015-12-11 15:38:12,865][com.java.TestType] [10149] - Exception: null
[INFO ][2015-12-11 15:38:12,865][com.java.TestType] [10154] - dataFields : BTNparent
[DEBUG][2015-12-11 15:38:12,865][com.java.TestType] [10160] - <In Set values of the page>
[DEBUG][2015-12-11 15:38:12,865][com.java.TestType] [10165] - {Data Fields & Data Values Exist}
[INFO ][2015-12-11 15:38:12,865][com.java.TestType] [10171] - --------------------------setting values-----------------------------
[INFO ][2015-12-11 15:38:12,865][com.java.TestType] [10174] - Action Type : SELECTFRAME
[INFO ][2015-12-11 15:38:12,878][com.java.TestType] [10193] -  RESULT true
[INFO ][2015-12-11 15:38:12,878][com.java.TestType] [10310] - ?   P A S S   ?
[DEBUG][2015-12-11 15:38:12,878][com.java.TestType] [10116] - Concept ID:7 :: Step being Executed: 7::2
[ERROR][2015-12-11 15:38:12,878][com.java.TestType] [10149] - Exception: null
[INFO ][2015-12-11 15:38:12,878][com.java.TestType] [10154] - dataFields : //span[@class='icon-stack']&&//a[@data-id="SetupPackage"]
[DEBUG][2015-12-11 15:38:12,878][com.java.TestType] [10160] - <In Set values of the page>
[DEBUG][2015-12-11 15:38:12,878][com.java.TestType] [10165] - {Data Fields & Data Values Exist}
[INFO ][2015-12-11 15:38:12,878][com.java.TestType] [10171] - --------------------------setting values-----------------------------
[INFO ][2015-12-11 15:38:12,879][com.java.TestType] [10174] - Action Type : MOUSEOVER
[INFO ][2015-12-11 15:38:36,200][com.java.TestType] [10193] -  RESULT true
[INFO ][2015-12-11 15:38:36,200][com.java.TestType] [10310] - ?   P A S S   ?
[DEBUG][2015-12-11 15:38:36,200][com.java.TestType] [10116] - Concept ID:7 :: Step being Executed: 7::3
[INFO ][2015-12-11 15:38:36,200][com.java.TestType] [10154] - dataFields : BTNdivHelpText
[DEBUG][2015-12-11 15:38:36,200][com.java.TestType] [10160] - <In Set values of the page>
[DEBUG][2015-12-11 15:38:36,200][com.java.TestType] [10165] - {Data Fields & Data Values Exist}
[INFO ][2015-12-11 15:38:36,200][com.java.TestType] [10171] - --------------------------setting values-----------------------------
[INFO ][2015-12-11 15:38:36,200][com.java.TestType] [10174] - Action Type : WAITFORELEMENT
[INFO ][2015-12-11 15:38:37,403][com.java.TestType] [10193] -  RESULT true
[INFO ][2015-12-11 15:38:37,403][com.java.TestType] [10310] - ?   P A S S   ?
[DEBUG][2015-12-11 15:38:37,403][com.java.TestType] [10116] - Concept ID:7 :: Step being Executed: 7::4
[ERROR][2015-12-11 15:38:37,403][com.java.TestType] [10149] - Exception: null
[INFO ][2015-12-11 15:38:37,403][com.java.TestType] [10154] - dataFields : BTNframeDialogContent
[DEBUG][2015-12-11 15:38:37,403][com.java.TestType] [10160] - <In Set values of the page>
[DEBUG][2015-12-11 15:38:37,403][com.java.TestType] [10165] - {Data Fields & Data Values Exist}
[INFO ][2015-12-11 15:38:37,404][com.java.TestType] [10171] - --------------------------setting values-----------------------------
[INFO ][2015-12-11 15:38:37,404][com.java.TestType] [10174] - Action Type : SELECTFRAME
[INFO ][2015-12-11 15:38:38,640][com.java.TestType] [10193] -  RESULT true
[INFO ][2015-12-11 15:38:38,640][com.java.TestType] [10310] - ?   P A S S   ?
[DEBUG][2015-12-11 15:38:38,640][com.java.TestType] [10116] - Concept ID:7 :: Step being Executed: 7::5
[INFO ][2015-12-11 15:38:38,640][com.java.TestType] [10154] - dataFields : BTN
[DEBUG][2015-12-11 15:38:38,640][com.java.TestType] [10160] - <In Set values of the page>
[DEBUG][2015-12-11 15:38:38,640][com.java.TestType] [10165] - {Data Fields & Data Values Exist}
[INFO ][2015-12-11 15:38:38,640][com.java.TestType] [10171] - --------------------------setting values-----------------------------
[INFO ][2015-12-11 15:38:38,641][com.java.TestType] [10174] - Action Type : VERIFY
[INFO ][2015-12-11 15:38:38,641][com.java.TestType] [ 6763] - field= BTN value= //div[@class='ui-widget-content']/div/button
[INFO ][2015-12-11 15:38:38,641][com.java.TestType] [ 5500] - value = //div[@class='ui-widget-content']/div/button
[INFO ][2015-12-11 15:38:38,706][com.java.TestType] [10193] -  RESULT true
[INFO ][2015-12-11 15:38:38,706][com.java.TestType] [10310] - ?   P A S S   ?
[DEBUG][2015-12-11 15:38:38,706][com.java.TestType] [10116] - Concept ID:7 :: Step being Executed: 7::6
[INFO ][2015-12-11 15:38:38,706][com.java.TestType] [10154] - dataFields : XPH//span[@class='glyphicon glyphicon-plus']
[DEBUG][2015-12-11 15:38:38,706][com.java.TestType] [10160] - <In Set values of the page>
[DEBUG][2015-12-11 15:38:38,706][com.java.TestType] [10165] - {Data Fields & Data Values Exist}
[INFO ][2015-12-11 15:38:38,707][com.java.TestType] [10171] - --------------------------setting values-----------------------------
[INFO ][2015-12-11 15:38:38,707][com.java.TestType] [10174] - Action Type : WAITFORELEMENT
[INFO ][2015-12-11 15:38:38,730][com.java.TestType] [10193] -  RESULT true
[INFO ][2015-12-11 15:38:38,730][com.java.TestType] [10310] - ?   P A S S   ?
[DEBUG][2015-12-11 15:38:38,730][com.java.TestType] [10116] - Concept ID:7 :: Step being Executed: 7::7
[ERROR][2015-12-11 15:38:38,730][com.java.TestType] [10149] - Exception: null
[INFO ][2015-12-11 15:38:38,730][com.java.TestType] [10154] - dataFields : XPH//span[@class='glyphicon glyphicon-plus']
[DEBUG][2015-12-11 15:38:38,730][com.java.TestType] [10160] - <In Set values of the page>
[DEBUG][2015-12-11 15:38:38,730][com.java.TestType] [10165] - {Data Fields & Data Values Exist}
[INFO ][2015-12-11 15:38:38,731][com.java.TestType] [10171] - --------------------------setting values-----------------------------
[INFO ][2015-12-11 15:38:38,731][com.java.TestType] [10174] - Action Type : CLICK
[INFO ][2015-12-11 15:38:38,731][com.java.TestType] [ 5850] - Field ::XPH//span[@class='glyphicon glyphicon-plus']
[INFO ][2015-12-11 15:38:38,731][com.java.TestType] [ 5500] - value = 
[INFO ][2015-12-11 15:38:39,731][com.java.TestType] [ 5957] - BEFORE CLICK
[INFO ][2015-12-11 15:38:40,882][com.java.TestType] [ 5965] - Unable to click the object +' Button
[INFO ][2015-12-11 15:38:40,882][com.java.TestType] [10193] -  RESULT true
[INFO ][2015-12-11 15:38:40,882][com.java.TestType] [10310] - ?   P A S S   ?
[DEBUG][2015-12-11 15:38:40,882][com.java.TestType] [10116] - Concept ID:7 :: Step being Executed: 7::8
[INFO ][2015-12-11 15:38:40,882][com.java.TestType] [10154] - dataFields : XPH//span[@class='dlg_Label']
[DEBUG][2015-12-11 15:38:40,883][com.java.TestType] [10160] - <In Set values of the page>
[DEBUG][2015-12-11 15:38:40,883][com.java.TestType] [10165] - {Data Fields & Data Values Exist}
[INFO ][2015-12-11 15:38:40,883][com.java.TestType] [10171] - --------------------------setting values-----------------------------
[INFO ][2015-12-11 15:38:40,883][com.java.TestType] [10174] - Action Type : WAITFORELEMENT
[INFO ][2015-12-11 15:38:40,906][com.java.TestType] [10193] -  RESULT true
[INFO ][2015-12-11 15:38:40,906][com.java.TestType] [10310] - ?   P A S S   ?
[DEBUG][2015-12-11 15:38:40,906][com.java.TestType] [10116] - Concept ID:7 :: Step being Executed: 7::9
[INFO ][2015-12-11 15:38:40,906][com.java.TestType] [10154] - dataFields : XPH//span[@class='dlg_Label']
[DEBUG][2015-12-11 15:38:40,906][com.java.TestType] [10160] - <In Set values of the page>
[DEBUG][2015-12-11 15:38:40,906][com.java.TestType] [10165] - {Data Fields & Data Values Exist}
[INFO ][2015-12-11 15:38:40,906][com.java.TestType] [10171] - --------------------------setting values-----------------------------
[INFO ][2015-12-11 15:38:40,906][com.java.TestType] [10174] - Action Type : VERIFY
[INFO ][2015-12-11 15:38:40,907][com.java.TestType] [ 6763] - field= XPH//span[@class='dlg_Label'] value= Package Name
[INFO ][2015-12-11 15:38:40,907][com.java.TestType] [ 5500] - value = Package Name
[INFO ][2015-12-11 15:38:41,017][com.java.TestType] [10193] -  RESULT true
[INFO ][2015-12-11 15:38:41,017][com.java.TestType] [10310] - ?   P A S S   ?
[DEBUG][2015-12-11 15:38:41,017][com.java.TestType] [10116] - Concept ID:7 :: Step being Executed: 7::10
[INFO ][2015-12-11 15:38:41,017][com.java.TestType] [10154] - dataFields : XPH//div[contains(@id,'ember')]/div//input[contains(@class, 'ember-view ember-text-')]
[DEBUG][2015-12-11 15:38:41,017][com.java.TestType] [10160] - <In Set values of the page>
[DEBUG][2015-12-11 15:38:41,017][com.java.TestType] [10165] - {Data Fields & Data Values Exist}
[INFO ][2015-12-11 15:38:41,017][com.java.TestType] [10171] - --------------------------setting values-----------------------------
[INFO ][2015-12-11 15:38:41,017][com.java.TestType] [10174] - Action Type : WAITFORELEMENT
[INFO ][2015-12-11 15:38:41,050][com.java.TestType] [10193] -  RESULT true
[INFO ][2015-12-11 15:38:41,050][com.java.TestType] [10310] - ?   P A S S   ?
[DEBUG][2015-12-11 15:38:41,050][com.java.TestType] [10116] - Concept ID:7 :: Step being Executed: 7::11
[ERROR][2015-12-11 15:38:41,050][com.java.TestType] [10149] - Exception: null
[INFO ][2015-12-11 15:38:41,050][com.java.TestType] [10154] - dataFields : XPH//div[contains(@id,'ember')]/div//input[contains(@class, 'ember-view ember-text-')]
[DEBUG][2015-12-11 15:38:41,050][com.java.TestType] [10160] - <In Set values of the page>
[DEBUG][2015-12-11 15:38:41,050][com.java.TestType] [10165] - {Data Fields & Data Values Exist}
[INFO ][2015-12-11 15:38:41,051][com.java.TestType] [10171] - --------------------------setting values-----------------------------
[INFO ][2015-12-11 15:38:41,051][com.java.TestType] [10174] - Action Type : CLICK
[INFO ][2015-12-11 15:38:41,051][com.java.TestType] [ 5850] - Field ::XPH//div[contains(@id,'ember')]/div//input[contains(@class, 'ember-view ember-text-')]
[INFO ][2015-12-11 15:38:41,051][com.java.TestType] [ 5500] - value = 
[INFO ][2015-12-11 15:38:42,051][com.java.TestType] [ 5957] - BEFORE CLICK
[INFO ][2015-12-11 15:38:42,800][com.java.TestType] [ 5965] - Unable to click the object PackageName Textfield
[INFO ][2015-12-11 15:38:42,800][com.java.TestType] [10193] -  RESULT true
[INFO ][2015-12-11 15:38:42,800][com.java.TestType] [10310] - ?   P A S S   ?
[DEBUG][2015-12-11 15:38:42,800][com.java.TestType] [10116] - Concept ID:7 :: Step being Executed: 7::12
[INFO ][2015-12-11 15:38:42,800][com.java.TestType] [10154] - dataFields : TXT//div[contains(@id,'ember')]/div//input[contains(@class, 'ember-view ember-text-')]
[DEBUG][2015-12-11 15:38:42,800][com.java.TestType] [10160] - <In Set values of the page>
[DEBUG][2015-12-11 15:38:42,800][com.java.TestType] [10165] - {Data Fields & Data Values Exist}
[INFO ][2015-12-11 15:38:42,800][com.java.TestType] [10171] - --------------------------setting values-----------------------------
[INFO ][2015-12-11 15:38:42,800][com.java.TestType] [10174] - Action Type : CLEARANDENTER
[INFO ][2015-12-11 15:38:42,800][com.java.TestType] [ 5500] - value = VL_Test#38745
[INFO ][2015-12-11 15:38:43,611][com.java.TestType] [10193] -  RESULT true
[INFO ][2015-12-11 15:38:43,611][com.java.TestType] [10310] - ?   P A S S   ?
[DEBUG][2015-12-11 15:38:43,611][com.java.TestType] [10116] - Concept ID:7 :: Step being Executed: 7::13
[INFO ][2015-12-11 15:38:43,611][com.java.TestType] [10154] - dataFields : null
[DEBUG][2015-12-11 15:38:43,611][com.java.TestType] [10160] - <In Set values of the page>
[INFO ][2015-12-11 15:38:43,611][com.java.TestType] [10310] - ?   P A S S   ?
[DEBUG][2015-12-11 15:38:43,611][com.java.TestType] [10116] - Concept ID:7 :: Step being Executed: 7::14
[INFO ][2015-12-11 15:38:43,611][com.java.TestType] [10154] - dataFields : TXT//div[contains(@id,'ember')]/div//input[contains(@class, 'ember-view ember-text-')]
[DEBUG][2015-12-11 15:38:43,611][com.java.TestType] [10160] - <In Set values of the page>
[DEBUG][2015-12-11 15:38:43,611][com.java.TestType] [10165] - {Data Fields & Data Values Exist}
[INFO ][2015-12-11 15:38:43,611][com.java.TestType] [10171] - --------------------------setting values-----------------------------
[INFO ][2015-12-11 15:38:43,612][com.java.TestType] [10174] - Action Type : STOREVALUE
[INFO ][2015-12-11 15:38:43,612][com.java.TestType] [ 7941] - field= TXT//div[contains(@id,'ember')]/div//input[contains(@class, 'ember-view ember-text-')]
[DEBUG][2015-12-11 15:38:43,679][com.java.TestType] [ 7955] - Key:: PackageName  Value:: VL_Test#38745
[INFO ][2015-12-11 15:38:43,679][com.java.TestType] [10193] -  RESULT true
[INFO ][2015-12-11 15:38:43,679][com.java.TestType] [10310] - ?   P A S S   ?
[DEBUG][2015-12-11 15:38:43,679][com.java.TestType] [10116] - Concept ID:7 :: Step being Executed: 7::15
[INFO ][2015-12-11 15:38:43,679][com.java.TestType] [10154] - dataFields : XPH//span[contains(text(),'Save')]
[DEBUG][2015-12-11 15:38:43,679][com.java.TestType] [10160] - <In Set values of the page>
[DEBUG][2015-12-11 15:38:43,679][com.java.TestType] [10165] - {Data Fields & Data Values Exist}
[INFO ][2015-12-11 15:38:43,679][com.java.TestType] [10171] - --------------------------setting values-----------------------------
[INFO ][2015-12-11 15:38:43,679][com.java.TestType] [10174] - Action Type : WAITFORELEMENT
[INFO ][2015-12-11 15:38:43,703][com.java.TestType] [10193] -  RESULT true
[INFO ][2015-12-11 15:38:43,703][com.java.TestType] [10310] - ?   P A S S   ?
[DEBUG][2015-12-11 15:38:43,703][com.java.TestType] [10116] - Concept ID:7 :: Step being Executed: 7::16
[ERROR][2015-12-11 15:38:43,703][com.java.TestType] [10149] - Exception: null
[INFO ][2015-12-11 15:38:43,703][com.java.TestType] [10154] - dataFields : BTNselectionTest
[DEBUG][2015-12-11 15:38:43,703][com.java.TestType] [10160] - <In Set values of the page>
[DEBUG][2015-12-11 15:38:43,703][com.java.TestType] [10165] - {Data Fields & Data Values Exist}
[INFO ][2015-12-11 15:38:43,703][com.java.TestType] [10171] - --------------------------setting values-----------------------------
[INFO ][2015-12-11 15:38:43,703][com.java.TestType] [10174] - Action Type : CLICK
[INFO ][2015-12-11 15:38:43,704][com.java.TestType] [ 5850] - Field ::BTNselectionTest
[INFO ][2015-12-11 15:38:43,704][com.java.TestType] [ 5500] - value = 
[INFO ][2015-12-11 15:38:44,704][com.java.TestType] [ 5936] - BEFORE CLICK
[INFO ][2015-12-11 15:38:46,936][com.java.TestType] [ 5943] - Unable to click the object Yes radio button
[INFO ][2015-12-11 15:38:46,936][com.java.TestType] [10193] -  RESULT true
[INFO ][2015-12-11 15:38:46,936][com.java.TestType] [10310] - ?   P A S S   ?
[DEBUG][2015-12-11 15:38:46,936][com.java.TestType] [10116] - Concept ID:7 :: Step being Executed: 7::17
[INFO ][2015-12-11 15:38:46,936][com.java.TestType] [10154] - dataFields : XPH//span[contains(text(),'Save')]
[DEBUG][2015-12-11 15:38:46,936][com.java.TestType] [10160] - <In Set values of the page>
[DEBUG][2015-12-11 15:38:46,936][com.java.TestType] [10165] - {Data Fields & Data Values Exist}
[INFO ][2015-12-11 15:38:46,936][com.java.TestType] [10171] - --------------------------setting values-----------------------------
[INFO ][2015-12-11 15:38:46,936][com.java.TestType] [10174] - Action Type : WAITFORELEMENT
[INFO ][2015-12-11 15:38:46,959][com.java.TestType] [10193] -  RESULT true
[INFO ][2015-12-11 15:38:46,960][com.java.TestType] [10310] - ?   P A S S   ?
[DEBUG][2015-12-11 15:38:46,960][com.java.TestType] [10116] - Concept ID:7 :: Step being Executed: 7::18
[ERROR][2015-12-11 15:38:46,960][com.java.TestType] [10149] - Exception: null
[INFO ][2015-12-11 15:38:46,960][com.java.TestType] [10154] - dataFields : XPH//span[contains(text(),'Save')]
[DEBUG][2015-12-11 15:38:46,960][com.java.TestType] [10160] - <In Set values of the page>
[DEBUG][2015-12-11 15:38:46,960][com.java.TestType] [10165] - {Data Fields & Data Values Exist}
[INFO ][2015-12-11 15:38:46,960][com.java.TestType] [10171] - --------------------------setting values-----------------------------
[INFO ][2015-12-11 15:38:46,960][com.java.TestType] [10174] - Action Type : CLICK
[INFO ][2015-12-11 15:38:46,960][com.java.TestType] [ 5850] - Field ::XPH//span[contains(text(),'Save')]
[INFO ][2015-12-11 15:38:46,960][com.java.TestType] [ 5500] - value = 
[INFO ][2015-12-11 15:38:47,960][com.java.TestType] [ 5957] - BEFORE CLICK
[INFO ][2015-12-11 15:38:49,662][com.java.TestType] [ 5965] - Unable to click the object Save Button
[INFO ][2015-12-11 15:38:49,662][com.java.TestType] [10193] -  RESULT true
[INFO ][2015-12-11 15:38:49,662][com.java.TestType] [10310] - ?   P A S S   ?
[DEBUG][2015-12-11 15:38:49,662][com.java.TestType] [10116] - Concept ID:7 :: Step being Executed: 7::19
[INFO ][2015-12-11 15:38:49,662][com.java.TestType] [10154] - dataFields : XPH//span[@class='dlg_Label']
[DEBUG][2015-12-11 15:38:49,662][com.java.TestType] [10160] - <In Set values of the page>
[DEBUG][2015-12-11 15:38:49,662][com.java.TestType] [10165] - {Data Fields & Data Values Exist}
[INFO ][2015-12-11 15:38:49,662][com.java.TestType] [10171] - --------------------------setting values-----------------------------
[INFO ][2015-12-11 15:38:49,662][com.java.TestType] [10174] - Action Type : WAITFORELEMENT
[INFO ][2015-12-11 15:38:49,686][com.java.TestType] [10193] -  RESULT true
[INFO ][2015-12-11 15:38:49,686][com.java.TestType] [10310] - ?   P A S S   ?
[DEBUG][2015-12-11 15:38:49,686][com.java.TestType] [10116] - Concept ID:7 :: Step being Executed: 7::20
[INFO ][2015-12-11 15:38:49,686][com.java.TestType] [10154] - dataFields : XPH//span[@class='dlg_Label']
[DEBUG][2015-12-11 15:38:49,686][com.java.TestType] [10160] - <In Set values of the page>
[DEBUG][2015-12-11 15:38:49,686][com.java.TestType] [10165] - {Data Fields & Data Values Exist}
[INFO ][2015-12-11 15:38:49,686][com.java.TestType] [10171] - --------------------------setting values-----------------------------
[INFO ][2015-12-11 15:38:49,687][com.java.TestType] [10174] - Action Type : VERIFY
[INFO ][2015-12-11 15:38:49,687][com.java.TestType] [ 6763] - field= XPH//span[@class='dlg_Label'] value= Current Package
[INFO ][2015-12-11 15:38:49,687][com.java.TestType] [ 5500] - value = Current Package
[INFO ][2015-12-11 15:38:49,805][com.java.TestType] [10193] -  RESULT true
[INFO ][2015-12-11 15:38:49,805][com.java.TestType] [10310] - ?   P A S S   ?
[DEBUG][2015-12-11 15:38:49,805][com.java.TestType] [10116] - Concept ID:7 :: Step being Executed: 7::21
[ERROR][2015-12-11 15:38:49,805][com.java.TestType] [10149] - Exception: null
[INFO ][2015-12-11 15:38:49,805][com.java.TestType] [10154] - dataFields : XPH//option[contains(text(),'Balance Sheet')][2]
[DEBUG][2015-12-11 15:38:49,805][com.java.TestType] [10160] - <In Set values of the page>
[DEBUG][2015-12-11 15:38:49,806][com.java.TestType] [10165] - {Data Fields & Data Values Exist}
[INFO ][2015-12-11 15:38:49,806][com.java.TestType] [10171] - --------------------------setting values-----------------------------
[INFO ][2015-12-11 15:38:49,806][com.java.TestType] [10174] - Action Type : CLICK
[INFO ][2015-12-11 15:38:49,806][com.java.TestType] [ 5850] - Field ::XPH//option[contains(text(),'Balance Sheet')][2]
[INFO ][2015-12-11 15:38:49,806][com.java.TestType] [ 5500] - value = 
[INFO ][2015-12-11 15:38:50,806][com.java.TestType] [ 5957] - BEFORE CLICK
[INFO ][2015-12-11 15:38:53,465][com.java.TestType] [ 5965] - Unable to click the object Add New Report Dropdown
[INFO ][2015-12-11 15:38:53,465][com.java.TestType] [10193] -  RESULT true
[INFO ][2015-12-11 15:38:53,465][com.java.TestType] [10310] - ?   P A S S   ?
[DEBUG][2015-12-11 15:38:53,465][com.java.TestType] [10116] - Concept ID:7 :: Step being Executed: 7::22
[INFO ][2015-12-11 15:38:53,465][com.java.TestType] [10154] - dataFields : XPH//td/input[contains(@class, 'ember-view ember-')]
[DEBUG][2015-12-11 15:38:53,465][com.java.TestType] [10160] - <In Set values of the page>
[DEBUG][2015-12-11 15:38:53,465][com.java.TestType] [10165] - {Data Fields & Data Values Exist}
[INFO ][2015-12-11 15:38:53,465][com.java.TestType] [10171] - --------------------------setting values-----------------------------
[INFO ][2015-12-11 15:38:53,465][com.java.TestType] [10174] - Action Type : WAITFORELEMENT
[INFO ][2015-12-11 15:38:53,488][com.java.TestType] [10193] -  RESULT true
[INFO ][2015-12-11 15:38:53,488][com.java.TestType] [10310] - ?   P A S S   ?
[DEBUG][2015-12-11 15:38:53,488][com.java.TestType] [10116] - Concept ID:7 :: Step being Executed: 7::23
[INFO ][2015-12-11 15:38:53,488][com.java.TestType] [10154] - dataFields : XPH//td/input[contains(@class, 'ember-view ember-')]
[DEBUG][2015-12-11 15:38:53,488][com.java.TestType] [10160] - <In Set values of the page>
[DEBUG][2015-12-11 15:38:53,488][com.java.TestType] [10165] - {Data Fields & Data Values Exist}
[INFO ][2015-12-11 15:38:53,488][com.java.TestType] [10171] - --------------------------setting values-----------------------------
[INFO ][2015-12-11 15:38:53,488][com.java.TestType] [10174] - Action Type : VERIFY
[INFO ][2015-12-11 15:38:53,488][com.java.TestType] [ 6763] - field= XPH//td/input[contains(@class, 'ember-view ember-')] value= BalanceSheet
[INFO ][2015-12-11 15:38:53,489][com.java.TestType] [ 5500] - value = BalanceSheet
[DEBUG][2015-12-11 15:38:53,652][com.java.TestType] [ 7241] - Value ::	'BalanceSheet Not present in the string : 
[INFO ][2015-12-11 15:38:53,685][com.java.TestType] [10193] -  RESULT false
[INFO ][2015-12-11 15:38:53,685][com.java.TestType] [10231] - ?   F A I L   ?
[DEBUG][2015-12-11 15:38:53,685][com.java.TestType] [10234] - Browser Type : IE10
[INFO ][2015-12-11 15:38:53,689][com.java.SeleniumDriver] [  894] -  RESULT false
[INFO ][2015-12-11 15:38:53,689][com.java.SeleniumDriver] [  941] - ?   F A I L   ?
[INFO ][2015-12-11 15:38:53,689][com.java.SeleniumDriver] [  949] - Browser Type : IE10
[INFO ][2015-12-11 15:38:53,689][com.java.SeleniumDriver] [  950] - Adding Failed case13
[INFO ][2015-12-11 15:38:54,472][com.java.SeleniumDriver] [ 1064] - failedCases = 13
[ERROR][2015-12-11 15:38:54,472][com.java.SeleniumDriver] [ 1561] - Platform Errors : Our apologies...::We have encountered an issue with your request.::Our apologies?:We encountered an issue with your request.
[INFO ][2015-12-11 15:38:54,472][com.java.SeleniumDriver] [ 1565] - Length =3
[ERROR][2015-12-11 15:38:54,472][com.java.SeleniumDriver] [ 1568] - Error 0 = Our apologies...
[ERROR][2015-12-11 15:38:54,498][com.java.SeleniumDriver] [ 1568] - Error 1 = We have encountered an issue with your request.
[ERROR][2015-12-11 15:38:54,513][com.java.SeleniumDriver] [ 1568] - Error 2 = Our apologies?:We encountered an issue with your request.
[INFO ][2015-12-11 15:38:54,529][com.java.SeleniumDriver] [ 1579] - strError:
[DEBUG][2015-12-11 15:38:54,541][com.java.SeleniumDriver] [ 1212] - Case found
[DEBUG][2015-12-11 15:38:54,542][com.java.SeleniumDriver] [ 1217] - Incrementing ReportCounters[0]:2
[INFO ][2015-12-11 15:38:54,542][com.java.SeleniumDriver] [ 1236] - The results are-------------------[13, 4, Reports Package: Drill-downs on 12 Month Balance Sheet Report, Fail, 
Test case failed at Step No. :: 4   Error Message ::  In CONCEPT: Test case failed at Step No. :: 23   Error Message ::  Value ::	'BalanceSheet Not present in the string : . Screen Shot : D:\BankersDashboard\TestReports\121115\13_121115_153853_IE10.png, Fri Dec 11 15:38:54 IST 2015]
[INFO ][2015-12-11 15:38:54,542][com.java.SeleniumDriver] [ 1240] - End time is-------1 min 42 sec
[INFO ][2015-12-11 15:38:54,542][com.java.SeleniumDriver] [ 1241] - The results are-------------------[13, 4, Reports Package: Drill-downs on 12 Month Balance Sheet Report, Fail, 
Test case failed at Step No. :: 4   Error Message ::  In CONCEPT: Test case failed at Step No. :: 23   Error Message ::  Value ::	'BalanceSheet Not present in the string : . Screen Shot : D:\BankersDashboard\TestReports\121115\13_121115_153853_IE10.png, Fri Dec 11 15:38:54 IST 2015]
[DEBUG][2015-12-11 15:38:54,542][com.java.ImportnExport.ExportTestResultsExcel] [  222] - testResultPath = D:\BankersDashboard/TestReports/Test Results_BankersDashBoard_121115_153713_IE10_First Bank.xls
[DEBUG][2015-12-11 15:38:54,542][com.java.ImportnExport.ExportTestResultsExcel] [  223] - browser is------------IE10
[DEBUG][2015-12-11 15:38:54,544][com.java.ImportnExport.ExportTestResultsExcel] [  270] - result.size() = 6
[DEBUG][2015-12-11 15:38:54,544][com.java.ImportnExport.ExportTestResultsExcel] [  274] - No of rows in sheet=2
[DEBUG][2015-12-11 15:38:54,544][com.java.ImportnExport.ExportTestResultsExcel] [  301] - ..in export..13
[DEBUG][2015-12-11 15:38:54,544][com.java.ImportnExport.ExportTestResultsExcel] [  301] - ..in export..Reports Package: Drill-downs on 12 Month Balance Sheet Report
[DEBUG][2015-12-11 15:38:54,544][com.java.ImportnExport.ExportTestResultsExcel] [  301] - ..in export..Fail
[DEBUG][2015-12-11 15:38:54,544][com.java.ImportnExport.ExportTestResultsExcel] [  301] - ..in export..
Test case failed at Step No. :: 4   Error Message ::  In CONCEPT: Test case failed at Step No. :: 23   Error Message ::  Value ::	'BalanceSheet Not present in the string : . Screen Shot : D:\BankersDashboard\TestReports\121115\13_121115_153853_IE10.png
[DEBUG][2015-12-11 15:38:54,545][com.java.ImportnExport.ExportTestResultsExcel] [  301] - ..in export..Fri Dec 11 15:38:54 IST 2015
[INFO ][2015-12-11 15:38:54,546][com.java.SeleniumDriver] [ 1299] - out loop:1 size:2 TestCases:[1, 13] testcases:[1, 13]
[INFO ][2015-12-11 15:38:56,546][com.java.SeleniumDriver] [ 1342] - Total Number of Cases:2
[INFO ][2015-12-11 15:38:56,546][com.java.TemplateGenerator] [  302] - Executed:2
[INFO ][2015-12-11 15:38:56,546][com.java.TemplateGenerator] [  303] - Passed:1
[INFO ][2015-12-11 15:38:56,546][com.java.TemplateGenerator] [  304] - Failed:1
[INFO ][2015-12-11 15:38:56,546][com.java.TemplateGenerator] [  305] - Skipeed:0
[INFO ][2015-12-11 15:38:56,546][com.java.TemplateGenerator] [  306] - Application URL:https://clients-xuat.bankersdashboard.com
[INFO ][2015-12-11 15:38:56,546][com.java.TemplateGenerator] [  307] - Start Time:121115_153713
[INFO ][2015-12-11 15:38:56,546][com.java.TemplateGenerator] [  308] -  Creating HTML Report 
[ERROR][2015-12-11 15:38:56,547][com.java.TemplateGenerator] [  409] - Unparseable date: "Fri Dec 11 03:37:13 IST 2015"
[INFO ][2015-12-11 15:38:56,547][com.java.TemplateGenerator] [  654] -  Exporting case :: 1
[INFO ][2015-12-11 15:38:56,547][com.java.TemplateGenerator] [  654] -  Exporting case :: 13
[INFO ][2015-12-11 15:38:56,551][com.java.SeleniumDriver] [ 1391] - End Time:121115_153856
[INFO ][2015-12-11 15:38:56,552][com.java.SeleniumDriver] [ 1394] - Data in Test Execution Details:{1=PASS, 13=FAILTest case failed at Step No. :: 4   Error Message ::  In CONCEPT: Test case failed at Step No. :: 23   Error Message ::  Value ::	'BalanceSheet Not present in the string : }
[INFO ][2015-12-11 15:38:56,552][com.java.SeleniumDriver] [ 1395] - Data in Failed Execution Deatils:{}
[INFO ][2015-12-11 15:38:56,552][com.java.SeleniumDriver] [ 1397] - ReportCounter:Total:2 :: PASS: 1 ::FAIL: 1
[INFO ][2015-12-11 15:38:56,552][com.java.SeleniumDriver] [ 1398] - FailedReportCounter:Total:0 :: PASS: 0 ::FAIL: 0
[INFO ][2015-12-11 15:38:56,559][com.java.EmailTestReport] [   63] - Sending report mail details:
[INFO ][2015-12-11 15:38:56,559][com.java.EmailTestReport] [   80] - Excel Report Path:D:\BankersDashboard/TestReports/Test Results_BankersDashBoard_121115_153713_IE10_First Bank.xls
[INFO ][2015-12-11 15:38:56,559][com.java.EmailTestReport] [   81] - HTML Report Path:D:\BankersDashboard//TestReports//Test Results_BankersDashBoard_121115_153713_IE10_First Bank.html
[INFO ][2015-12-11 15:38:56,559][com.java.EmailTestReport] [   82] - smtpHostName:mail01.valuelabs.com
[INFO ][2015-12-11 15:38:56,559][com.java.EmailTestReport] [   83] - Recipient:venkateswararao.gubbala@valuelabs.com;
[INFO ][2015-12-11 15:38:56,559][com.java.EmailTestReport] [   84] - From:venkateswararao.gubbala@valuelabs.com;
[INFO ][2015-12-11 15:38:56,559][com.java.EmailTestReport] [   85] - Subject:Deluxe Corp Bankers Dashboard Automation Test Report - First Bank - IE10
[INFO ][2015-12-11 15:38:56,575][com.java.EmailTestReport] [  143] -  Added venkateswararao.gubbala@valuelabs.com
[INFO ][2015-12-11 15:38:59,941][com.java.SeleniumDriver] [  720] - quitting the browser 
[INFO ][2015-12-11 15:39:01,145][com.java.SeleniumDriver] [  264] - Execution Completed Stopping the thread
