[INFO ][2016-02-09 20:00:25,703][com.java.SeleniumDriver] [  213] - Execute Failed Casesfalse
[INFO ][2016-02-09 20:00:25,703][com.java.SeleniumDriver] [  214] - Browser: IE10
[INFO ][2016-02-09 20:00:25,707][com.java.SeleniumDriver] [  215] - [1, 4, 8]
[INFO ][2016-02-09 20:00:25,708][com.java.SeleniumDriver] [  216] - Total TestCases:3
[INFO ][2016-02-09 20:00:25,708][com.java.SeleniumDriver] [  217] -  Reading Properties from Property File 
[DEBUG][2016-02-09 20:00:25,708][com.java.SeleniumDriver] [  238] - url : https://clients-xuat.bankersdashboard.com
[INFO ][2016-02-09 20:00:25,709][com.java.ImportnExport.ExportTestResultsExcel] [  116] - Time Stamp Tue Feb 09 08:00:25 IST 2016
[INFO ][2016-02-09 20:00:25,709][com.java.ImportnExport.ExportTestResultsExcel] [  175] - OUT FILE : D:\BankersDashboard/TestReports/Test Results_BankersDashBoard_020916_200025_IE10_United Bank.xls
[INFO ][2016-02-09 20:00:25,739][com.java.ImportnExport.ExportTestResultsExcel] [  180] - Test Result file is created
[DEBUG][2016-02-09 20:00:25,831][com.java.SeleniumDriver] [  426] - Hub ip address is-------172.17.68.34
[INFO ][2016-02-09 20:00:25,831][com.java.SeleniumDriver] [  452] - Grid URL:http://172.17.68.34:4444/wd/hub
[INFO ][2016-02-09 20:00:25,832][com.java.SeleniumDriver] [  453] - Capability:Capabilities [{platform=ANY, ensureCleanSession=true, ignoreProtectedModeSettings=true, acceptSslCerts=true, ignoreZoomSetting=true, browserName=internet explorer, browserstack.ie.noFlash=true, version=null}]
[ERROR][2016-02-09 20:00:27,171][com.java.SeleniumDriver] [  498] - Unable invoke browser in grid:Could not start a new session. Possible causes are invalid address of the remote server or browser start-up failure.
Build info: version: '2.48.2', revision: '41bccdd', time: '2015-10-09 19:59:12'
System info: host: 'FVTIII438F1D', ip: '172.17.68.34', os.name: 'Windows 7', os.arch: 'x86', os.version: '6.1', java.version: '1.7.0_55'
Driver info: driver.version: SeleniumDriver
[INFO ][2016-02-09 20:00:27,171][com.java.SeleniumDriver] [  500] - Executing on local machine
[INFO ][2016-02-09 20:00:37,536][com.java.SeleniumDriver] [  248] - IE10is opened
[INFO ][2016-02-09 20:00:38,382][com.java.SeleniumDriver] [  756] - Test cases to be executed are: [1, 4, 8]
[INFO ][2016-02-09 20:00:38,409][com.java.ImportnExport.ImportTestDataDetailsExcel] [   49] - test data details path===== D:\BankersDashboard\TestInputs\TestData.xls
[INFO ][2016-02-09 20:00:38,485][com.java.SeleniumDriver] [  856] - ------------------------------------------
[INFO ][2016-02-09 20:00:38,485][com.java.SeleniumDriver] [  857] - Test case being Executed: 1
[INFO ][2016-02-09 20:00:38,485][com.java.SeleniumDriver] [  869] - Test step:1
[INFO ][2016-02-09 20:00:38,485][com.java.SeleniumDriver] [  881] - Datavalue is----------Concept#1:1-16
[INFO ][2016-02-09 20:00:38,486][com.java.SeleniumDriver] [  905] - DataField : test
[INFO ][2016-02-09 20:00:38,486][com.java.SeleniumDriver] [  907] - DataValue : Concept#1:1-16
[INFO ][2016-02-09 20:00:38,486][com.java.SeleniumDriver] [  913] - <In Set values of the page>
[INFO ][2016-02-09 20:00:38,486][com.java.SeleniumDriver] [  916] - {Data Fields & Data Values Exist}
[INFO ][2016-02-09 20:00:38,486][com.java.SeleniumDriver] [  918] - --------------------------setting values-----------------------------
[INFO ][2016-02-09 20:00:38,486][com.java.SeleniumDriver] [  921] - Action Type : ExecuteTestCase
[INFO ][2016-02-09 20:00:38,507][com.java.TestType] [  448] - The Concept sheet name is ---------- Concept
[INFO ][2016-02-09 20:00:38,507][com.java.TestType] [  451] - The Concept ID  is ---------- 1
[DEBUG][2016-02-09 20:00:38,508][com.java.TestType] [  455] - Steps being executted in the Concept are: 1:16
[INFO ][2016-02-09 20:00:38,508][com.java.TestType] [  462] - Test data details path ---------- D:\BankersDashboard\TestInputs\TestData.xls
[INFO ][2016-02-09 20:00:38,530][com.java.TestType] [  493] -  str(1) = 1
[INFO ][2016-02-09 20:00:38,531][com.java.TestType] [  496] - Test case Id is---1
[INFO ][2016-02-09 20:00:38,531][com.java.TestType] [  498] - 1
[INFO ][2016-02-09 20:00:38,531][com.java.TestType] [  493] -  str(2) = 1
[INFO ][2016-02-09 20:00:38,533][com.java.TestType] [  493] -  str(1) = 1
[INFO ][2016-02-09 20:00:38,534][com.java.TestType] [  496] - Test case Id is---1
[INFO ][2016-02-09 20:00:38,534][com.java.TestType] [  498] - 1
[INFO ][2016-02-09 20:00:38,534][com.java.TestType] [  493] -  str(2) = 2
[INFO ][2016-02-09 20:00:38,535][com.java.TestType] [  493] -  str(1) = 1
[INFO ][2016-02-09 20:00:38,535][com.java.TestType] [  496] - Test case Id is---1
[INFO ][2016-02-09 20:00:38,535][com.java.TestType] [  498] - 1
[INFO ][2016-02-09 20:00:38,535][com.java.TestType] [  493] -  str(2) = 3
[INFO ][2016-02-09 20:00:38,537][com.java.TestType] [  493] -  str(1) = 1
[INFO ][2016-02-09 20:00:38,537][com.java.TestType] [  496] - Test case Id is---1
[INFO ][2016-02-09 20:00:38,537][com.java.TestType] [  498] - 1
[INFO ][2016-02-09 20:00:38,537][com.java.TestType] [  493] -  str(2) = 4
[INFO ][2016-02-09 20:00:38,538][com.java.TestType] [  493] -  str(1) = 1
[INFO ][2016-02-09 20:00:38,539][com.java.TestType] [  496] - Test case Id is---1
[INFO ][2016-02-09 20:00:38,539][com.java.TestType] [  498] - 1
[INFO ][2016-02-09 20:00:38,539][com.java.TestType] [  493] -  str(2) = 5
[INFO ][2016-02-09 20:00:38,540][com.java.TestType] [  493] -  str(1) = 1
[INFO ][2016-02-09 20:00:38,542][com.java.TestType] [  496] - Test case Id is---1
[INFO ][2016-02-09 20:00:38,542][com.java.TestType] [  498] - 1
[INFO ][2016-02-09 20:00:38,542][com.java.TestType] [  493] -  str(2) = 6
[INFO ][2016-02-09 20:00:38,543][com.java.TestType] [  493] -  str(1) = 1
[INFO ][2016-02-09 20:00:38,543][com.java.TestType] [  496] - Test case Id is---1
[INFO ][2016-02-09 20:00:38,543][com.java.TestType] [  498] - 1
[INFO ][2016-02-09 20:00:38,543][com.java.TestType] [  493] -  str(2) = 7
[INFO ][2016-02-09 20:00:38,544][com.java.TestType] [  493] -  str(1) = 1
[INFO ][2016-02-09 20:00:38,545][com.java.TestType] [  496] - Test case Id is---1
[INFO ][2016-02-09 20:00:38,545][com.java.TestType] [  498] - 1
[INFO ][2016-02-09 20:00:38,545][com.java.TestType] [  493] -  str(2) = 8
[INFO ][2016-02-09 20:00:38,545][com.java.TestType] [  493] -  str(1) = 1
[INFO ][2016-02-09 20:00:38,546][com.java.TestType] [  496] - Test case Id is---1
[INFO ][2016-02-09 20:00:38,546][com.java.TestType] [  498] - 1
[INFO ][2016-02-09 20:00:38,546][com.java.TestType] [  493] -  str(2) = 9
[INFO ][2016-02-09 20:00:38,546][com.java.TestType] [  493] -  str(1) = 1
[INFO ][2016-02-09 20:00:38,547][com.java.TestType] [  496] - Test case Id is---1
[INFO ][2016-02-09 20:00:38,547][com.java.TestType] [  498] - 1
[INFO ][2016-02-09 20:00:38,547][com.java.TestType] [  493] -  str(2) = 10
[INFO ][2016-02-09 20:00:38,547][com.java.TestType] [  493] -  str(1) = 1
[INFO ][2016-02-09 20:00:38,548][com.java.TestType] [  496] - Test case Id is---1
[INFO ][2016-02-09 20:00:38,548][com.java.TestType] [  498] - 1
[INFO ][2016-02-09 20:00:38,548][com.java.TestType] [  493] -  str(2) = 11
[INFO ][2016-02-09 20:00:38,548][com.java.TestType] [  493] -  str(1) = 1
[INFO ][2016-02-09 20:00:38,549][com.java.TestType] [  496] - Test case Id is---1
[INFO ][2016-02-09 20:00:38,549][com.java.TestType] [  498] - 1
[INFO ][2016-02-09 20:00:38,549][com.java.TestType] [  493] -  str(2) = 12
[INFO ][2016-02-09 20:00:38,550][com.java.TestType] [  493] -  str(1) = 1
[INFO ][2016-02-09 20:00:38,550][com.java.TestType] [  496] - Test case Id is---1
[INFO ][2016-02-09 20:00:38,550][com.java.TestType] [  498] - 1
[INFO ][2016-02-09 20:00:38,550][com.java.TestType] [  493] -  str(2) = 13
[INFO ][2016-02-09 20:00:38,552][com.java.TestType] [  493] -  str(1) = 1
[INFO ][2016-02-09 20:00:38,552][com.java.TestType] [  496] - Test case Id is---1
[INFO ][2016-02-09 20:00:38,552][com.java.TestType] [  498] - 1
[INFO ][2016-02-09 20:00:38,552][com.java.TestType] [  493] -  str(2) = 14
[INFO ][2016-02-09 20:00:38,553][com.java.TestType] [  493] -  str(1) = 1
[INFO ][2016-02-09 20:00:38,553][com.java.TestType] [  496] - Test case Id is---1
[INFO ][2016-02-09 20:00:38,553][com.java.TestType] [  498] - 1
[INFO ][2016-02-09 20:00:38,553][com.java.TestType] [  493] -  str(2) = 15
[INFO ][2016-02-09 20:00:38,554][com.java.TestType] [  493] -  str(1) = 1
[INFO ][2016-02-09 20:00:38,554][com.java.TestType] [  496] - Test case Id is---1
[INFO ][2016-02-09 20:00:38,554][com.java.TestType] [  498] - 1
[INFO ][2016-02-09 20:00:38,554][com.java.TestType] [  493] -  str(2) = 16
[INFO ][2016-02-09 20:00:38,555][com.java.TestType] [12118] - Looping 1TCID = 1
[DEBUG][2016-02-09 20:00:38,555][com.java.TestType] [12159] - Concept ID:1 :: Step being Executed: 1::1
[INFO ][2016-02-09 20:00:38,555][com.java.TestType] [12197] - dataFields : TXTusername
[DEBUG][2016-02-09 20:00:38,555][com.java.TestType] [12203] - <In Set values of the page>
[DEBUG][2016-02-09 20:00:38,555][com.java.TestType] [12208] - {Data Fields & Data Values Exist}
[INFO ][2016-02-09 20:00:38,555][com.java.TestType] [12214] - --------------------------setting values-----------------------------
[INFO ][2016-02-09 20:00:38,555][com.java.TestType] [12217] - Action Type : CLEARANDENTER
[INFO ][2016-02-09 20:00:40,875][com.java.TestType] [ 6747] - value = valuelabs.ie10.00058
[INFO ][2016-02-09 20:00:43,304][com.java.TestType] [12236] -  RESULT true
[INFO ][2016-02-09 20:00:43,304][com.java.TestType] [12353] - ?   P A S S   ?
[DEBUG][2016-02-09 20:00:43,304][com.java.TestType] [12159] - Concept ID:1 :: Step being Executed: 1::2
[INFO ][2016-02-09 20:00:43,304][com.java.TestType] [12197] - dataFields : TXTpassword
[DEBUG][2016-02-09 20:00:43,304][com.java.TestType] [12203] - <In Set values of the page>
[DEBUG][2016-02-09 20:00:43,304][com.java.TestType] [12208] - {Data Fields & Data Values Exist}
[INFO ][2016-02-09 20:00:43,305][com.java.TestType] [12214] - --------------------------setting values-----------------------------
[INFO ][2016-02-09 20:00:43,305][com.java.TestType] [12217] - Action Type : CLEARANDENTER
[INFO ][2016-02-09 20:00:45,605][com.java.TestType] [ 6747] - value = Password1*
[INFO ][2016-02-09 20:00:48,158][com.java.TestType] [12236] -  RESULT true
[INFO ][2016-02-09 20:00:48,158][com.java.TestType] [12353] - ?   P A S S   ?
[DEBUG][2016-02-09 20:00:48,158][com.java.TestType] [12159] - Concept ID:1 :: Step being Executed: 1::3
[ERROR][2016-02-09 20:00:48,158][com.java.TestType] [12192] - Exception: null
[INFO ][2016-02-09 20:00:48,158][com.java.TestType] [12197] - dataFields : XPH//button[@type='submit']
[DEBUG][2016-02-09 20:00:48,158][com.java.TestType] [12203] - <In Set values of the page>
[DEBUG][2016-02-09 20:00:48,159][com.java.TestType] [12208] - {Data Fields & Data Values Exist}
[INFO ][2016-02-09 20:00:48,159][com.java.TestType] [12214] - --------------------------setting values-----------------------------
[INFO ][2016-02-09 20:00:48,159][com.java.TestType] [12217] - Action Type : Click
[INFO ][2016-02-09 20:00:48,159][com.java.TestType] [ 7148] - Field ::XPH//button[@type='submit']
[INFO ][2016-02-09 20:00:48,159][com.java.TestType] [ 6747] - value = 
[INFO ][2016-02-09 20:00:49,159][com.java.TestType] [ 7325] - BEFORE CLICK
[INFO ][2016-02-09 20:00:50,011][com.java.TestType] [ 7333] - Unable to click the object Login
[INFO ][2016-02-09 20:00:50,011][com.java.TestType] [12236] -  RESULT true
[INFO ][2016-02-09 20:00:50,011][com.java.TestType] [12353] - ?   P A S S   ?
[DEBUG][2016-02-09 20:00:50,011][com.java.TestType] [12159] - Concept ID:1 :: Step being Executed: 1::4
[INFO ][2016-02-09 20:00:50,011][com.java.TestType] [12197] - dataFields : LNKLogout
[DEBUG][2016-02-09 20:00:50,011][com.java.TestType] [12203] - <In Set values of the page>
[DEBUG][2016-02-09 20:00:50,011][com.java.TestType] [12208] - {Data Fields & Data Values Exist}
[INFO ][2016-02-09 20:00:50,011][com.java.TestType] [12214] - --------------------------setting values-----------------------------
[INFO ][2016-02-09 20:00:50,011][com.java.TestType] [12217] - Action Type : WaitForElement
[INFO ][2016-02-09 20:00:53,550][com.java.TestType] [12236] -  RESULT true
[INFO ][2016-02-09 20:00:53,550][com.java.TestType] [12353] - ?   P A S S   ?
[DEBUG][2016-02-09 20:00:53,551][com.java.TestType] [12159] - Concept ID:1 :: Step being Executed: 1::15
[INFO ][2016-02-09 20:00:53,552][com.java.TestType] [12197] - dataFields : LNK
[DEBUG][2016-02-09 20:00:53,552][com.java.TestType] [12203] - <In Set values of the page>
[DEBUG][2016-02-09 20:00:53,552][com.java.TestType] [12208] - {Data Fields & Data Values Exist}
[INFO ][2016-02-09 20:00:53,552][com.java.TestType] [12214] - --------------------------setting values-----------------------------
[INFO ][2016-02-09 20:00:53,552][com.java.TestType] [12217] - Action Type : Verify
[INFO ][2016-02-09 20:00:53,552][com.java.TestType] [ 8381] - field= LNK value= Logout
[INFO ][2016-02-09 20:00:53,555][com.java.TestType] [ 6747] - value = Logout
[INFO ][2016-02-09 20:00:53,593][com.java.TestType] [12236] -  RESULT true
[INFO ][2016-02-09 20:00:53,593][com.java.TestType] [12353] - ?   P A S S   ?
[DEBUG][2016-02-09 20:00:53,594][com.java.TestType] [12159] - Concept ID:1 :: Step being Executed: 1::16
[INFO ][2016-02-09 20:00:53,594][com.java.TestType] [12197] - dataFields : BTN
[DEBUG][2016-02-09 20:00:53,594][com.java.TestType] [12203] - <In Set values of the page>
[DEBUG][2016-02-09 20:00:53,594][com.java.TestType] [12208] - {Data Fields & Data Values Exist}
[INFO ][2016-02-09 20:00:53,594][com.java.TestType] [12214] - --------------------------setting values-----------------------------
[INFO ][2016-02-09 20:00:53,594][com.java.TestType] [12217] - Action Type : Verify
[INFO ][2016-02-09 20:00:53,594][com.java.TestType] [ 8381] - field= BTN value= //img[contains(@src,'bdlogo.jpg')]
[INFO ][2016-02-09 20:00:53,594][com.java.TestType] [ 6747] - value = //img[contains(@src,'bdlogo.jpg')]
[INFO ][2016-02-09 20:00:53,665][com.java.TestType] [12236] -  RESULT true
[INFO ][2016-02-09 20:00:53,665][com.java.TestType] [12353] - ?   P A S S   ?
[INFO ][2016-02-09 20:00:53,665][com.java.TestType] [12424] - Looping End......
[INFO ][2016-02-09 20:00:53,667][com.java.SeleniumDriver] [  930] -  RESULT true
[INFO ][2016-02-09 20:00:53,667][com.java.SeleniumDriver] [ 1136] - ?   P A S S   ?
[INFO ][2016-02-09 20:00:53,667][com.java.SeleniumDriver] [  856] - ------------------------------------------
[INFO ][2016-02-09 20:00:53,667][com.java.SeleniumDriver] [  857] - Test case being Executed: 1
[INFO ][2016-02-09 20:00:53,667][com.java.SeleniumDriver] [  869] - Test step:2
[INFO ][2016-02-09 20:00:53,667][com.java.SeleniumDriver] [  881] - Datavalue is----------Concept#2:1-2
[INFO ][2016-02-09 20:00:53,667][com.java.SeleniumDriver] [  905] - DataField : test
[INFO ][2016-02-09 20:00:53,667][com.java.SeleniumDriver] [  907] - DataValue : Concept#2:1-2
[INFO ][2016-02-09 20:00:53,667][com.java.SeleniumDriver] [  913] - <In Set values of the page>
[INFO ][2016-02-09 20:00:53,667][com.java.SeleniumDriver] [  916] - {Data Fields & Data Values Exist}
[INFO ][2016-02-09 20:00:53,668][com.java.SeleniumDriver] [  918] - --------------------------setting values-----------------------------
[INFO ][2016-02-09 20:00:53,668][com.java.SeleniumDriver] [  921] - Action Type : ExecuteTestCase
[INFO ][2016-02-09 20:00:53,668][com.java.TestType] [  448] - The Concept sheet name is ---------- Concept
[INFO ][2016-02-09 20:00:53,668][com.java.TestType] [  451] - The Concept ID  is ---------- 2
[DEBUG][2016-02-09 20:00:53,668][com.java.TestType] [  455] - Steps being executted in the Concept are: 1:2
[INFO ][2016-02-09 20:00:53,668][com.java.TestType] [  462] - Test data details path ---------- D:\BankersDashboard\TestInputs\TestData.xls
[INFO ][2016-02-09 20:00:53,687][com.java.TestType] [  493] -  str(1) = 2
[INFO ][2016-02-09 20:00:53,687][com.java.TestType] [  496] - Test case Id is---2
[INFO ][2016-02-09 20:00:53,687][com.java.TestType] [  498] - 2
[INFO ][2016-02-09 20:00:53,687][com.java.TestType] [  493] -  str(2) = 1
[INFO ][2016-02-09 20:00:53,689][com.java.TestType] [  493] -  str(1) = 2
[INFO ][2016-02-09 20:00:53,689][com.java.TestType] [  496] - Test case Id is---2
[INFO ][2016-02-09 20:00:53,689][com.java.TestType] [  498] - 2
[INFO ][2016-02-09 20:00:53,689][com.java.TestType] [  493] -  str(2) = 2
[INFO ][2016-02-09 20:00:53,690][com.java.TestType] [  493] -  str(1) = 2
[INFO ][2016-02-09 20:00:53,690][com.java.TestType] [  496] - Test case Id is---2
[INFO ][2016-02-09 20:00:53,690][com.java.TestType] [  498] - 2
[INFO ][2016-02-09 20:00:53,690][com.java.TestType] [  493] -  str(2) = 3
[INFO ][2016-02-09 20:00:53,691][com.java.TestType] [12118] - Looping 1TCID = 2
[DEBUG][2016-02-09 20:00:53,691][com.java.TestType] [12159] - Concept ID:2 :: Step being Executed: 2::1
[INFO ][2016-02-09 20:00:53,691][com.java.TestType] [12197] - dataFields : BNK//select[@id='bank']
[DEBUG][2016-02-09 20:00:53,691][com.java.TestType] [12203] - <In Set values of the page>
[DEBUG][2016-02-09 20:00:53,691][com.java.TestType] [12208] - {Data Fields & Data Values Exist}
[INFO ][2016-02-09 20:00:53,691][com.java.TestType] [12214] - --------------------------setting values-----------------------------
[INFO ][2016-02-09 20:00:53,691][com.java.TestType] [12217] - Action Type : Select
[INFO ][2016-02-09 20:00:53,691][com.java.TestType] [ 6747] - value = PFC
[INFO ][2016-02-09 20:00:54,107][com.java.TestType] [12236] -  RESULT true
[INFO ][2016-02-09 20:00:54,107][com.java.TestType] [12353] - ?   P A S S   ?
[DEBUG][2016-02-09 20:00:54,107][com.java.TestType] [12159] - Concept ID:2 :: Step being Executed: 2::2
[INFO ][2016-02-09 20:00:54,107][com.java.TestType] [12197] - dataFields : LNKLogout
[DEBUG][2016-02-09 20:00:54,107][com.java.TestType] [12203] - <In Set values of the page>
[DEBUG][2016-02-09 20:00:54,107][com.java.TestType] [12208] - {Data Fields & Data Values Exist}
[INFO ][2016-02-09 20:00:54,107][com.java.TestType] [12214] - --------------------------setting values-----------------------------
[INFO ][2016-02-09 20:00:54,107][com.java.TestType] [12217] - Action Type : WaitTime
[DEBUG][2016-02-09 20:00:54,108][com.java.TestType] [ 6561] - sleepTime: 5000
[INFO ][2016-02-09 20:00:59,109][com.java.TestType] [12236] -  RESULT true
[INFO ][2016-02-09 20:00:59,109][com.java.TestType] [12353] - ?   P A S S   ?
[INFO ][2016-02-09 20:00:59,109][com.java.TestType] [12424] - Looping End......
[INFO ][2016-02-09 20:00:59,111][com.java.SeleniumDriver] [  930] -  RESULT true
[INFO ][2016-02-09 20:00:59,111][com.java.SeleniumDriver] [ 1136] - ?   P A S S   ?
[INFO ][2016-02-09 20:00:59,111][com.java.SeleniumDriver] [  856] - ------------------------------------------
[INFO ][2016-02-09 20:00:59,111][com.java.SeleniumDriver] [  857] - Test case being Executed: 1
[INFO ][2016-02-09 20:00:59,111][com.java.SeleniumDriver] [  869] - Test step:3
[INFO ][2016-02-09 20:00:59,111][com.java.SeleniumDriver] [  881] - Datavalue is----------2
[INFO ][2016-02-09 20:00:59,111][com.java.SeleniumDriver] [  905] - DataField : XPH//button[contains(text(),'Add Content')]
[INFO ][2016-02-09 20:00:59,111][com.java.SeleniumDriver] [  907] - DataValue : 2
[INFO ][2016-02-09 20:00:59,111][com.java.SeleniumDriver] [  913] - <In Set values of the page>
[INFO ][2016-02-09 20:00:59,111][com.java.SeleniumDriver] [  916] - {Data Fields & Data Values Exist}
[INFO ][2016-02-09 20:00:59,111][com.java.SeleniumDriver] [  918] - --------------------------setting values-----------------------------
[INFO ][2016-02-09 20:00:59,111][com.java.SeleniumDriver] [  921] - Action Type : WAITFORELEMENT
[INFO ][2016-02-09 20:00:59,149][com.java.SeleniumDriver] [  930] -  RESULT true
[INFO ][2016-02-09 20:00:59,149][com.java.SeleniumDriver] [ 1136] - ?   P A S S   ?
[DEBUG][2016-02-09 20:00:59,149][com.java.SeleniumDriver] [ 1248] - Case found
[DEBUG][2016-02-09 20:00:59,149][com.java.SeleniumDriver] [ 1253] - Incrementing ReportCounters[0]:1
[INFO ][2016-02-09 20:00:59,150][com.java.SeleniumDriver] [ 1272] - The results are-------------------[1, 1, Valid Login, Pass, , Tue Feb 09 20:00:53 IST 2016, 1, 2, Valid Login, Pass, , Tue Feb 09 20:00:59 IST 2016, 1, 3, Valid Login, Pass, , Tue Feb 09 20:00:59 IST 2016]
[INFO ][2016-02-09 20:00:59,150][com.java.SeleniumDriver] [ 1276] - End time is-------35 sec
[INFO ][2016-02-09 20:00:59,150][com.java.SeleniumDriver] [ 1277] - The results are-------------------[1, 1, Valid Login, Pass, , Tue Feb 09 20:00:53 IST 2016, 1, 2, Valid Login, Pass, , Tue Feb 09 20:00:59 IST 2016, 1, 3, Valid Login, Pass, , Tue Feb 09 20:00:59 IST 2016]
[DEBUG][2016-02-09 20:00:59,150][com.java.ImportnExport.ExportTestResultsExcel] [  222] - testResultPath = D:\BankersDashboard/TestReports/Test Results_BankersDashBoard_020916_200025_IE10_United Bank.xls
[DEBUG][2016-02-09 20:00:59,150][com.java.ImportnExport.ExportTestResultsExcel] [  223] - browser is------------IE10
[DEBUG][2016-02-09 20:00:59,195][com.java.ImportnExport.ExportTestResultsExcel] [  270] - result.size() = 18
[DEBUG][2016-02-09 20:00:59,196][com.java.ImportnExport.ExportTestResultsExcel] [  274] - No of rows in sheet=1
[DEBUG][2016-02-09 20:00:59,196][com.java.ImportnExport.ExportTestResultsExcel] [  301] - ..in export..1
[DEBUG][2016-02-09 20:00:59,196][com.java.ImportnExport.ExportTestResultsExcel] [  301] - ..in export..Valid Login
[DEBUG][2016-02-09 20:00:59,196][com.java.ImportnExport.ExportTestResultsExcel] [  301] - ..in export..Pass
[DEBUG][2016-02-09 20:00:59,196][com.java.ImportnExport.ExportTestResultsExcel] [  301] - ..in export..
[DEBUG][2016-02-09 20:00:59,196][com.java.ImportnExport.ExportTestResultsExcel] [  301] - ..in export..Tue Feb 09 20:00:53 IST 2016
[INFO ][2016-02-09 20:00:59,198][com.java.SeleniumDriver] [ 1337] - out loop:0 size:3 TestCases:[1, 4, 8] testcases:[1, 4, 8]
[INFO ][2016-02-09 20:00:59,198][com.java.ImportnExport.ImportTestDataDetailsExcel] [   49] - test data details path===== D:\BankersDashboard\TestInputs\TestData.xls
[INFO ][2016-02-09 20:01:15,549][com.java.SeleniumDriver] [  856] - ------------------------------------------
[INFO ][2016-02-09 20:01:15,549][com.java.SeleniumDriver] [  857] - Test case being Executed: 4
[INFO ][2016-02-09 20:01:15,549][com.java.SeleniumDriver] [  869] - Test step:1
[INFO ][2016-02-09 20:01:15,549][com.java.SeleniumDriver] [  881] - Datavalue is----------Logout
[INFO ][2016-02-09 20:01:15,549][com.java.SeleniumDriver] [  905] - DataField : BTN
[INFO ][2016-02-09 20:01:15,549][com.java.SeleniumDriver] [  907] - DataValue : Logout
[INFO ][2016-02-09 20:01:15,549][com.java.SeleniumDriver] [  913] - <In Set values of the page>
[INFO ][2016-02-09 20:01:15,549][com.java.SeleniumDriver] [  916] - {Data Fields & Data Values Exist}
[INFO ][2016-02-09 20:01:15,549][com.java.SeleniumDriver] [  918] - --------------------------setting values-----------------------------
[INFO ][2016-02-09 20:01:15,549][com.java.SeleniumDriver] [  921] - Action Type : Verify
[INFO ][2016-02-09 20:01:15,549][com.java.TestType] [ 8381] - field= BTN value= Logout
[INFO ][2016-02-09 20:01:15,549][com.java.TestType] [ 6747] - value = Logout
[INFO ][2016-02-09 20:01:15,651][com.java.SeleniumDriver] [  930] -  RESULT true
[INFO ][2016-02-09 20:01:15,651][com.java.SeleniumDriver] [ 1136] - ?   P A S S   ?
[INFO ][2016-02-09 20:01:15,651][com.java.SeleniumDriver] [ 1178] - step change to 3
[INFO ][2016-02-09 20:01:15,651][com.java.SeleniumDriver] [  856] - ------------------------------------------
[INFO ][2016-02-09 20:01:15,651][com.java.SeleniumDriver] [  857] - Test case being Executed: 4
[INFO ][2016-02-09 20:01:15,651][com.java.SeleniumDriver] [  869] - Test step:3
[INFO ][2016-02-09 20:01:15,653][com.java.SeleniumDriver] [  881] - Datavalue is----------Concept#2:1-3
[INFO ][2016-02-09 20:01:15,653][com.java.SeleniumDriver] [  905] - DataField : test
[INFO ][2016-02-09 20:01:15,653][com.java.SeleniumDriver] [  907] - DataValue : Concept#2:1-3
[INFO ][2016-02-09 20:01:15,653][com.java.SeleniumDriver] [  913] - <In Set values of the page>
[INFO ][2016-02-09 20:01:15,653][com.java.SeleniumDriver] [  916] - {Data Fields & Data Values Exist}
[INFO ][2016-02-09 20:01:15,653][com.java.SeleniumDriver] [  918] - --------------------------setting values-----------------------------
[INFO ][2016-02-09 20:01:15,653][com.java.SeleniumDriver] [  921] - Action Type : ExecuteTestCase
[INFO ][2016-02-09 20:01:15,653][com.java.TestType] [  448] - The Concept sheet name is ---------- Concept
[INFO ][2016-02-09 20:01:15,654][com.java.TestType] [  451] - The Concept ID  is ---------- 2
[DEBUG][2016-02-09 20:01:15,654][com.java.TestType] [  455] - Steps being executted in the Concept are: 1:3
[INFO ][2016-02-09 20:01:15,654][com.java.TestType] [  462] - Test data details path ---------- D:\BankersDashboard\TestInputs\TestData.xls
[INFO ][2016-02-09 20:01:15,671][com.java.TestType] [  493] -  str(1) = 2
[INFO ][2016-02-09 20:01:15,671][com.java.TestType] [  496] - Test case Id is---2
[INFO ][2016-02-09 20:01:15,671][com.java.TestType] [  498] - 2
[INFO ][2016-02-09 20:01:15,671][com.java.TestType] [  493] -  str(2) = 1
[INFO ][2016-02-09 20:01:15,672][com.java.TestType] [  493] -  str(1) = 2
[INFO ][2016-02-09 20:01:15,672][com.java.TestType] [  496] - Test case Id is---2
[INFO ][2016-02-09 20:01:15,672][com.java.TestType] [  498] - 2
[INFO ][2016-02-09 20:01:15,673][com.java.TestType] [  493] -  str(2) = 2
[INFO ][2016-02-09 20:01:15,673][com.java.TestType] [  493] -  str(1) = 2
[INFO ][2016-02-09 20:01:15,673][com.java.TestType] [  496] - Test case Id is---2
[INFO ][2016-02-09 20:01:15,673][com.java.TestType] [  498] - 2
[INFO ][2016-02-09 20:01:15,673][com.java.TestType] [  493] -  str(2) = 3
[INFO ][2016-02-09 20:01:15,674][com.java.TestType] [12118] - Looping 1TCID = 2
[DEBUG][2016-02-09 20:01:15,674][com.java.TestType] [12159] - Concept ID:2 :: Step being Executed: 2::1
[INFO ][2016-02-09 20:01:15,674][com.java.TestType] [12197] - dataFields : BNK//select[@id='bank']
[DEBUG][2016-02-09 20:01:15,674][com.java.TestType] [12203] - <In Set values of the page>
[DEBUG][2016-02-09 20:01:15,674][com.java.TestType] [12208] - {Data Fields & Data Values Exist}
[INFO ][2016-02-09 20:01:15,674][com.java.TestType] [12214] - --------------------------setting values-----------------------------
[INFO ][2016-02-09 20:01:15,674][com.java.TestType] [12217] - Action Type : Select
[INFO ][2016-02-09 20:01:15,675][com.java.TestType] [ 6747] - value = PFC
[INFO ][2016-02-09 20:01:15,913][com.java.TestType] [12236] -  RESULT true
[INFO ][2016-02-09 20:01:15,913][com.java.TestType] [12353] - ?   P A S S   ?
[DEBUG][2016-02-09 20:01:15,913][com.java.TestType] [12159] - Concept ID:2 :: Step being Executed: 2::2
[INFO ][2016-02-09 20:01:15,913][com.java.TestType] [12197] - dataFields : LNKLogout
[DEBUG][2016-02-09 20:01:15,913][com.java.TestType] [12203] - <In Set values of the page>
[DEBUG][2016-02-09 20:01:15,913][com.java.TestType] [12208] - {Data Fields & Data Values Exist}
[INFO ][2016-02-09 20:01:15,913][com.java.TestType] [12214] - --------------------------setting values-----------------------------
[INFO ][2016-02-09 20:01:15,913][com.java.TestType] [12217] - Action Type : WaitTime
[DEBUG][2016-02-09 20:01:15,914][com.java.TestType] [ 6561] - sleepTime: 5000
[INFO ][2016-02-09 20:01:20,915][com.java.TestType] [12236] -  RESULT true
[INFO ][2016-02-09 20:01:20,915][com.java.TestType] [12353] - ?   P A S S   ?
[DEBUG][2016-02-09 20:01:20,915][com.java.TestType] [12159] - Concept ID:2 :: Step being Executed: 2::3
[INFO ][2016-02-09 20:01:20,915][com.java.TestType] [12197] - dataFields : LNKLogout
[DEBUG][2016-02-09 20:01:20,915][com.java.TestType] [12203] - <In Set values of the page>
[DEBUG][2016-02-09 20:01:20,915][com.java.TestType] [12208] - {Data Fields & Data Values Exist}
[INFO ][2016-02-09 20:01:20,915][com.java.TestType] [12214] - --------------------------setting values-----------------------------
[INFO ][2016-02-09 20:01:20,915][com.java.TestType] [12217] - Action Type : WaitForElement
[INFO ][2016-02-09 20:01:20,953][com.java.TestType] [12236] -  RESULT true
[INFO ][2016-02-09 20:01:20,953][com.java.TestType] [12353] - ?   P A S S   ?
[INFO ][2016-02-09 20:01:20,953][com.java.TestType] [12424] - Looping End......
[INFO ][2016-02-09 20:01:20,955][com.java.SeleniumDriver] [  930] -  RESULT true
[INFO ][2016-02-09 20:01:20,955][com.java.SeleniumDriver] [ 1136] - ?   P A S S   ?
[INFO ][2016-02-09 20:01:20,955][com.java.SeleniumDriver] [  856] - ------------------------------------------
[INFO ][2016-02-09 20:01:20,955][com.java.SeleniumDriver] [  857] - Test case being Executed: 4
[INFO ][2016-02-09 20:01:20,955][com.java.SeleniumDriver] [  869] - Test step:4
[INFO ][2016-02-09 20:01:20,955][com.java.SeleniumDriver] [  881] - Datavalue is----------null
[DEBUG][2016-02-09 20:01:20,955][com.java.SeleniumDriver] [  899] - Exception: null
[INFO ][2016-02-09 20:01:20,955][com.java.SeleniumDriver] [  905] - DataField : //span[@class="icon-cog2"]&&//a[text()='Customize']&&//a[@data-id="TabletAlerts"]
[INFO ][2016-02-09 20:01:20,955][com.java.SeleniumDriver] [  907] - DataValue : 
[INFO ][2016-02-09 20:01:20,956][com.java.SeleniumDriver] [  913] - <In Set values of the page>
[INFO ][2016-02-09 20:01:20,956][com.java.SeleniumDriver] [  916] - {Data Fields & Data Values Exist}
[INFO ][2016-02-09 20:01:20,956][com.java.SeleniumDriver] [  918] - --------------------------setting values-----------------------------
[INFO ][2016-02-09 20:01:20,956][com.java.SeleniumDriver] [  921] - Action Type : MOUSEOVER
[INFO ][2016-02-09 20:02:05,762][com.java.SeleniumDriver] [  930] -  RESULT true
[INFO ][2016-02-09 20:02:05,762][com.java.SeleniumDriver] [ 1136] - ?   P A S S   ?
[INFO ][2016-02-09 20:02:05,763][com.java.SeleniumDriver] [  856] - ------------------------------------------
[INFO ][2016-02-09 20:02:05,763][com.java.SeleniumDriver] [  857] - Test case being Executed: 4
[INFO ][2016-02-09 20:02:05,763][com.java.SeleniumDriver] [  869] - Test step:5
[INFO ][2016-02-09 20:02:05,763][com.java.SeleniumDriver] [  881] - Datavalue is----------My Alerts
[INFO ][2016-02-09 20:02:05,763][com.java.SeleniumDriver] [  905] - DataField : XPH//span[@class='ui-dialog-title']
[INFO ][2016-02-09 20:02:05,763][com.java.SeleniumDriver] [  907] - DataValue : My Alerts
[INFO ][2016-02-09 20:02:05,763][com.java.SeleniumDriver] [  913] - <In Set values of the page>
[INFO ][2016-02-09 20:02:05,763][com.java.SeleniumDriver] [  916] - {Data Fields & Data Values Exist}
[INFO ][2016-02-09 20:02:05,763][com.java.SeleniumDriver] [  918] - --------------------------setting values-----------------------------
[INFO ][2016-02-09 20:02:05,763][com.java.SeleniumDriver] [  921] - Action Type : verify
[INFO ][2016-02-09 20:02:05,763][com.java.TestType] [ 8381] - field= XPH//span[@class='ui-dialog-title'] value= My Alerts
[INFO ][2016-02-09 20:02:05,763][com.java.TestType] [ 6747] - value = My Alerts
[INFO ][2016-02-09 20:02:05,950][com.java.SeleniumDriver] [  930] -  RESULT true
[INFO ][2016-02-09 20:02:05,950][com.java.SeleniumDriver] [ 1136] - ?   P A S S   ?
[INFO ][2016-02-09 20:02:05,950][com.java.SeleniumDriver] [  856] - ------------------------------------------
[INFO ][2016-02-09 20:02:05,950][com.java.SeleniumDriver] [  857] - Test case being Executed: 4
[INFO ][2016-02-09 20:02:05,950][com.java.SeleniumDriver] [  869] - Test step:6
[INFO ][2016-02-09 20:02:05,950][com.java.SeleniumDriver] [  881] - Datavalue is----------null
[DEBUG][2016-02-09 20:02:05,951][com.java.SeleniumDriver] [  899] - Exception: null
[INFO ][2016-02-09 20:02:05,951][com.java.SeleniumDriver] [  905] - DataField : BTNframeDialogContent
[INFO ][2016-02-09 20:02:05,951][com.java.SeleniumDriver] [  907] - DataValue : 
[INFO ][2016-02-09 20:02:05,951][com.java.SeleniumDriver] [  913] - <In Set values of the page>
[INFO ][2016-02-09 20:02:05,951][com.java.SeleniumDriver] [  916] - {Data Fields & Data Values Exist}
[INFO ][2016-02-09 20:02:05,951][com.java.SeleniumDriver] [  918] - --------------------------setting values-----------------------------
[INFO ][2016-02-09 20:02:05,951][com.java.SeleniumDriver] [  921] - Action Type : SELECTFRAME
[INFO ][2016-02-09 20:02:07,331][com.java.SeleniumDriver] [  930] -  RESULT true
[INFO ][2016-02-09 20:02:07,331][com.java.SeleniumDriver] [ 1136] - ?   P A S S   ?
[INFO ][2016-02-09 20:02:07,331][com.java.SeleniumDriver] [  856] - ------------------------------------------
[INFO ][2016-02-09 20:02:07,331][com.java.SeleniumDriver] [  857] - Test case being Executed: 4
[INFO ][2016-02-09 20:02:07,331][com.java.SeleniumDriver] [  869] - Test step:7
[INFO ][2016-02-09 20:02:07,331][com.java.SeleniumDriver] [  881] - Datavalue is----------Income Statement
[INFO ][2016-02-09 20:02:07,331][com.java.SeleniumDriver] [  905] - DataField : XPH//span[contains(text(),'Income Statement')]
[INFO ][2016-02-09 20:02:07,332][com.java.SeleniumDriver] [  907] - DataValue : Income Statement
[INFO ][2016-02-09 20:02:07,332][com.java.SeleniumDriver] [  913] - <In Set values of the page>
[INFO ][2016-02-09 20:02:07,332][com.java.SeleniumDriver] [  916] - {Data Fields & Data Values Exist}
[INFO ][2016-02-09 20:02:07,332][com.java.SeleniumDriver] [  918] - --------------------------setting values-----------------------------
[INFO ][2016-02-09 20:02:07,332][com.java.SeleniumDriver] [  921] - Action Type : VERIFY
[INFO ][2016-02-09 20:02:07,332][com.java.TestType] [ 8381] - field= XPH//span[contains(text(),'Income Statement')] value= Income Statement
[INFO ][2016-02-09 20:02:07,332][com.java.TestType] [ 6747] - value = Income Statement
[INFO ][2016-02-09 20:02:07,399][com.java.SeleniumDriver] [  930] -  RESULT true
[INFO ][2016-02-09 20:02:07,399][com.java.SeleniumDriver] [ 1136] - ?   P A S S   ?
[INFO ][2016-02-09 20:02:07,399][com.java.SeleniumDriver] [  856] - ------------------------------------------
[INFO ][2016-02-09 20:02:07,399][com.java.SeleniumDriver] [  857] - Test case being Executed: 4
[INFO ][2016-02-09 20:02:07,399][com.java.SeleniumDriver] [  869] - Test step:8
[INFO ][2016-02-09 20:02:07,399][com.java.SeleniumDriver] [  881] - Datavalue is----------null
[DEBUG][2016-02-09 20:02:07,399][com.java.SeleniumDriver] [  899] - Exception: null
[INFO ][2016-02-09 20:02:07,399][com.java.SeleniumDriver] [  905] - DataField : XPH//span[contains(text(),'Income Statement')]
[INFO ][2016-02-09 20:02:07,400][com.java.SeleniumDriver] [  907] - DataValue : 
[INFO ][2016-02-09 20:02:07,400][com.java.SeleniumDriver] [  913] - <In Set values of the page>
[INFO ][2016-02-09 20:02:07,400][com.java.SeleniumDriver] [  916] - {Data Fields & Data Values Exist}
[INFO ][2016-02-09 20:02:07,400][com.java.SeleniumDriver] [  918] - --------------------------setting values-----------------------------
[INFO ][2016-02-09 20:02:07,400][com.java.SeleniumDriver] [  921] - Action Type : CLICK
[INFO ][2016-02-09 20:02:07,400][com.java.TestType] [ 7148] - Field ::XPH//span[contains(text(),'Income Statement')]
[INFO ][2016-02-09 20:02:07,400][com.java.TestType] [ 6747] - value = 
[INFO ][2016-02-09 20:02:08,401][com.java.TestType] [ 7325] - BEFORE CLICK
[INFO ][2016-02-09 20:02:09,324][com.java.TestType] [ 7333] - Unable to click the object Income Statement
[INFO ][2016-02-09 20:02:09,324][com.java.SeleniumDriver] [  930] -  RESULT true
[INFO ][2016-02-09 20:02:09,324][com.java.SeleniumDriver] [ 1136] - ?   P A S S   ?
[INFO ][2016-02-09 20:02:09,324][com.java.SeleniumDriver] [  856] - ------------------------------------------
[INFO ][2016-02-09 20:02:09,324][com.java.SeleniumDriver] [  857] - Test case being Executed: 4
[INFO ][2016-02-09 20:02:09,324][com.java.SeleniumDriver] [  869] - Test step:9
[INFO ][2016-02-09 20:02:09,324][com.java.SeleniumDriver] [  881] - Datavalue is----------5
[INFO ][2016-02-09 20:02:09,324][com.java.SeleniumDriver] [  905] - DataField : test
[INFO ][2016-02-09 20:02:09,324][com.java.SeleniumDriver] [  907] - DataValue : 5
[INFO ][2016-02-09 20:02:09,324][com.java.SeleniumDriver] [  913] - <In Set values of the page>
[INFO ][2016-02-09 20:02:09,324][com.java.SeleniumDriver] [  916] - {Data Fields & Data Values Exist}
[INFO ][2016-02-09 20:02:09,324][com.java.SeleniumDriver] [  918] - --------------------------setting values-----------------------------
[INFO ][2016-02-09 20:02:09,325][com.java.SeleniumDriver] [  921] - Action Type : WAITTIME
[DEBUG][2016-02-09 20:02:09,325][com.java.TestType] [ 6561] - sleepTime: 5000
[INFO ][2016-02-09 20:02:14,325][com.java.SeleniumDriver] [  930] -  RESULT true
[INFO ][2016-02-09 20:02:14,325][com.java.SeleniumDriver] [ 1136] - ?   P A S S   ?
[INFO ][2016-02-09 20:02:14,325][com.java.SeleniumDriver] [  856] - ------------------------------------------
[INFO ][2016-02-09 20:02:14,325][com.java.SeleniumDriver] [  857] - Test case being Executed: 4
[INFO ][2016-02-09 20:02:14,325][com.java.SeleniumDriver] [  869] - Test step:10
[INFO ][2016-02-09 20:02:14,325][com.java.SeleniumDriver] [  881] - Datavalue is----------RTD0
[INFO ][2016-02-09 20:02:14,325][com.java.SeleniumDriver] [  905] - DataField : TXT//table[@id="IncomeTbl" ]/tbody//td[4]/input[@class="perVal"]
[INFO ][2016-02-09 20:02:14,325][com.java.SeleniumDriver] [  907] - DataValue : RTD0
[INFO ][2016-02-09 20:02:14,325][com.java.SeleniumDriver] [  913] - <In Set values of the page>
[INFO ][2016-02-09 20:02:14,325][com.java.SeleniumDriver] [  916] - {Data Fields & Data Values Exist}
[INFO ][2016-02-09 20:02:14,325][com.java.SeleniumDriver] [  918] - --------------------------setting values-----------------------------
[INFO ][2016-02-09 20:02:14,325][com.java.SeleniumDriver] [  921] - Action Type : CLEARANDENTER
[INFO ][2016-02-09 20:02:14,463][com.java.TestType] [ 6747] - value = 033
[INFO ][2016-02-09 20:02:14,600][com.java.SeleniumDriver] [  930] -  RESULT true
[INFO ][2016-02-09 20:02:14,601][com.java.SeleniumDriver] [ 1136] - ?   P A S S   ?
[INFO ][2016-02-09 20:02:14,601][com.java.SeleniumDriver] [  856] - ------------------------------------------
[INFO ][2016-02-09 20:02:14,601][com.java.SeleniumDriver] [  857] - Test case being Executed: 4
[INFO ][2016-02-09 20:02:14,601][com.java.SeleniumDriver] [  869] - Test step:11
[INFO ][2016-02-09 20:02:14,601][com.java.SeleniumDriver] [  881] - Datavalue is----------null
[DEBUG][2016-02-09 20:02:14,601][com.java.SeleniumDriver] [  899] - Exception: null
[INFO ][2016-02-09 20:02:14,601][com.java.SeleniumDriver] [  905] - DataField : BTNparent
[INFO ][2016-02-09 20:02:14,601][com.java.SeleniumDriver] [  907] - DataValue : 
[INFO ][2016-02-09 20:02:14,601][com.java.SeleniumDriver] [  913] - <In Set values of the page>
[INFO ][2016-02-09 20:02:14,603][com.java.SeleniumDriver] [  916] - {Data Fields & Data Values Exist}
[INFO ][2016-02-09 20:02:14,603][com.java.SeleniumDriver] [  918] - --------------------------setting values-----------------------------
[INFO ][2016-02-09 20:02:14,603][com.java.SeleniumDriver] [  921] - Action Type : SELECTFRAME
[INFO ][2016-02-09 20:02:14,618][com.java.SeleniumDriver] [  930] -  RESULT true
[INFO ][2016-02-09 20:02:14,618][com.java.SeleniumDriver] [ 1136] - ?   P A S S   ?
[INFO ][2016-02-09 20:02:14,618][com.java.SeleniumDriver] [  856] - ------------------------------------------
[INFO ][2016-02-09 20:02:14,618][com.java.SeleniumDriver] [  857] - Test case being Executed: 4
[INFO ][2016-02-09 20:02:14,618][com.java.SeleniumDriver] [  869] - Test step:12
[INFO ][2016-02-09 20:02:14,618][com.java.SeleniumDriver] [  881] - Datavalue is----------null
[DEBUG][2016-02-09 20:02:14,618][com.java.SeleniumDriver] [  899] - Exception: null
[INFO ][2016-02-09 20:02:14,618][com.java.SeleniumDriver] [  905] - DataField : HDN//span[contains(text(),'Save')]
[INFO ][2016-02-09 20:02:14,618][com.java.SeleniumDriver] [  907] - DataValue : 
[INFO ][2016-02-09 20:02:14,618][com.java.SeleniumDriver] [  913] - <In Set values of the page>
[INFO ][2016-02-09 20:02:14,618][com.java.SeleniumDriver] [  916] - {Data Fields & Data Values Exist}
[INFO ][2016-02-09 20:02:14,618][com.java.SeleniumDriver] [  918] - --------------------------setting values-----------------------------
[INFO ][2016-02-09 20:02:14,619][com.java.SeleniumDriver] [  921] - Action Type : CLICK
[INFO ][2016-02-09 20:02:14,619][com.java.TestType] [ 7148] - Field ::HDN//span[contains(text(),'Save')]
[INFO ][2016-02-09 20:02:14,619][com.java.TestType] [ 6747] - value = 
[INFO ][2016-02-09 20:02:15,968][com.java.SeleniumDriver] [  930] -  RESULT true
[INFO ][2016-02-09 20:02:15,968][com.java.SeleniumDriver] [ 1136] - ?   P A S S   ?
[INFO ][2016-02-09 20:02:15,968][com.java.SeleniumDriver] [  856] - ------------------------------------------
[INFO ][2016-02-09 20:02:15,968][com.java.SeleniumDriver] [  857] - Test case being Executed: 4
[INFO ][2016-02-09 20:02:15,968][com.java.SeleniumDriver] [  869] - Test step:13
[INFO ][2016-02-09 20:02:15,968][com.java.SeleniumDriver] [  881] - Datavalue is----------null
[DEBUG][2016-02-09 20:02:15,968][com.java.SeleniumDriver] [  899] - Exception: null
[INFO ][2016-02-09 20:02:15,968][com.java.SeleniumDriver] [  905] - DataField : XPH//div[@class="menu"]//span[@class='glyphicon glyphicon-bell']
[INFO ][2016-02-09 20:02:15,968][com.java.SeleniumDriver] [  907] - DataValue : 
[INFO ][2016-02-09 20:02:15,969][com.java.SeleniumDriver] [  913] - <In Set values of the page>
[INFO ][2016-02-09 20:02:15,969][com.java.SeleniumDriver] [  916] - {Data Fields & Data Values Exist}
[INFO ][2016-02-09 20:02:15,969][com.java.SeleniumDriver] [  918] - --------------------------setting values-----------------------------
[INFO ][2016-02-09 20:02:15,969][com.java.SeleniumDriver] [  921] - Action Type : CLICK
[INFO ][2016-02-09 20:02:15,969][com.java.TestType] [ 7148] - Field ::XPH//div[@class="menu"]//span[@class='glyphicon glyphicon-bell']
[INFO ][2016-02-09 20:02:15,969][com.java.TestType] [ 6747] - value = 
[INFO ][2016-02-09 20:02:16,969][com.java.TestType] [ 7325] - BEFORE CLICK
[INFO ][2016-02-09 20:02:18,318][com.java.TestType] [ 7333] - Unable to click the object Click on  bell symbol
[INFO ][2016-02-09 20:02:18,318][com.java.SeleniumDriver] [  930] -  RESULT true
[INFO ][2016-02-09 20:02:18,318][com.java.SeleniumDriver] [ 1136] - ?   P A S S   ?
[INFO ][2016-02-09 20:02:18,318][com.java.SeleniumDriver] [  856] - ------------------------------------------
[INFO ][2016-02-09 20:02:18,318][com.java.SeleniumDriver] [  857] - Test case being Executed: 4
[INFO ][2016-02-09 20:02:18,318][com.java.SeleniumDriver] [  869] - Test step:14
[INFO ][2016-02-09 20:02:18,318][com.java.SeleniumDriver] [  881] - Datavalue is----------null
[DEBUG][2016-02-09 20:02:18,318][com.java.SeleniumDriver] [  899] - Exception: null
[INFO ][2016-02-09 20:02:18,318][com.java.SeleniumDriver] [  905] - DataField : XPH//div[@class='body']/div[4]/div[2]
[INFO ][2016-02-09 20:02:18,318][com.java.SeleniumDriver] [  907] - DataValue : 
[INFO ][2016-02-09 20:02:18,318][com.java.SeleniumDriver] [  913] - <In Set values of the page>
[INFO ][2016-02-09 20:02:18,318][com.java.SeleniumDriver] [  916] - {Data Fields & Data Values Exist}
[INFO ][2016-02-09 20:02:18,319][com.java.SeleniumDriver] [  918] - --------------------------setting values-----------------------------
[INFO ][2016-02-09 20:02:18,319][com.java.SeleniumDriver] [  921] - Action Type : CLICK
[INFO ][2016-02-09 20:02:18,319][com.java.TestType] [ 7148] - Field ::XPH//div[@class='body']/div[4]/div[2]
[INFO ][2016-02-09 20:02:18,319][com.java.TestType] [ 6747] - value = 
[INFO ][2016-02-09 20:02:19,319][com.java.TestType] [ 7325] - BEFORE CLICK
[INFO ][2016-02-09 20:02:20,211][com.java.TestType] [ 7333] - Unable to click the object Click on the Today's Alert Page
[INFO ][2016-02-09 20:02:20,211][com.java.SeleniumDriver] [  930] -  RESULT true
[INFO ][2016-02-09 20:02:20,211][com.java.SeleniumDriver] [ 1136] - ?   P A S S   ?
[INFO ][2016-02-09 20:02:20,211][com.java.SeleniumDriver] [  856] - ------------------------------------------
[INFO ][2016-02-09 20:02:20,211][com.java.SeleniumDriver] [  857] - Test case being Executed: 4
[INFO ][2016-02-09 20:02:20,211][com.java.SeleniumDriver] [  869] - Test step:15
[INFO ][2016-02-09 20:02:20,211][com.java.SeleniumDriver] [  881] - Datavalue is----------//div[@class="menu-drawer"]//span
[INFO ][2016-02-09 20:02:20,211][com.java.SeleniumDriver] [  905] - DataField : BTN
[INFO ][2016-02-09 20:02:20,211][com.java.SeleniumDriver] [  907] - DataValue : //div[@class="menu-drawer"]//span
[INFO ][2016-02-09 20:02:20,211][com.java.SeleniumDriver] [  913] - <In Set values of the page>
[INFO ][2016-02-09 20:02:20,211][com.java.SeleniumDriver] [  916] - {Data Fields & Data Values Exist}
[INFO ][2016-02-09 20:02:20,211][com.java.SeleniumDriver] [  918] - --------------------------setting values-----------------------------
[INFO ][2016-02-09 20:02:20,211][com.java.SeleniumDriver] [  921] - Action Type : VERIFY
[INFO ][2016-02-09 20:02:20,212][com.java.TestType] [ 8381] - field= BTN value= //div[@class="menu-drawer"]//span
[INFO ][2016-02-09 20:02:20,212][com.java.TestType] [ 6747] - value = //div[@class="menu-drawer"]//span
[INFO ][2016-02-09 20:02:20,315][com.java.SeleniumDriver] [  930] -  RESULT true
[INFO ][2016-02-09 20:02:20,315][com.java.SeleniumDriver] [ 1136] - ?   P A S S   ?
[INFO ][2016-02-09 20:02:20,315][com.java.SeleniumDriver] [  856] - ------------------------------------------
[INFO ][2016-02-09 20:02:20,315][com.java.SeleniumDriver] [  857] - Test case being Executed: 4
[INFO ][2016-02-09 20:02:20,315][com.java.SeleniumDriver] [  869] - Test step:16
[INFO ][2016-02-09 20:02:20,315][com.java.SeleniumDriver] [  881] - Datavalue is----------//div[@id='isAlertsHeading']/h4
[INFO ][2016-02-09 20:02:20,315][com.java.SeleniumDriver] [  905] - DataField : BTN
[INFO ][2016-02-09 20:02:20,316][com.java.SeleniumDriver] [  907] - DataValue : //div[@id='isAlertsHeading']/h4
[INFO ][2016-02-09 20:02:20,316][com.java.SeleniumDriver] [  913] - <In Set values of the page>
[INFO ][2016-02-09 20:02:20,316][com.java.SeleniumDriver] [  916] - {Data Fields & Data Values Exist}
[INFO ][2016-02-09 20:02:20,316][com.java.SeleniumDriver] [  918] - --------------------------setting values-----------------------------
[INFO ][2016-02-09 20:02:20,316][com.java.SeleniumDriver] [  921] - Action Type : VERIFY
[INFO ][2016-02-09 20:02:20,316][com.java.TestType] [ 8381] - field= BTN value= //div[@id='isAlertsHeading']/h4
[INFO ][2016-02-09 20:02:20,316][com.java.TestType] [ 6747] - value = //div[@id='isAlertsHeading']/h4
[INFO ][2016-02-09 20:02:20,389][com.java.SeleniumDriver] [  930] -  RESULT true
[INFO ][2016-02-09 20:02:20,389][com.java.SeleniumDriver] [ 1136] - ?   P A S S   ?
[INFO ][2016-02-09 20:02:20,389][com.java.SeleniumDriver] [  856] - ------------------------------------------
[INFO ][2016-02-09 20:02:20,389][com.java.SeleniumDriver] [  857] - Test case being Executed: 4
[INFO ][2016-02-09 20:02:20,389][com.java.SeleniumDriver] [  869] - Test step:17
[INFO ][2016-02-09 20:02:20,389][com.java.SeleniumDriver] [  881] - Datavalue is----------null
[DEBUG][2016-02-09 20:02:20,390][com.java.SeleniumDriver] [  899] - Exception: null
[INFO ][2016-02-09 20:02:20,390][com.java.SeleniumDriver] [  905] - DataField : XPH//div[@class="panel panel-default ng-scope"]/div[@id='isAlertsHeading']/h4
[INFO ][2016-02-09 20:02:20,390][com.java.SeleniumDriver] [  907] - DataValue : 
[INFO ][2016-02-09 20:02:20,390][com.java.SeleniumDriver] [  913] - <In Set values of the page>
[INFO ][2016-02-09 20:02:20,390][com.java.SeleniumDriver] [  916] - {Data Fields & Data Values Exist}
[INFO ][2016-02-09 20:02:20,390][com.java.SeleniumDriver] [  918] - --------------------------setting values-----------------------------
[INFO ][2016-02-09 20:02:20,390][com.java.SeleniumDriver] [  921] - Action Type : CLICK
[INFO ][2016-02-09 20:02:20,390][com.java.TestType] [ 7148] - Field ::XPH//div[@class="panel panel-default ng-scope"]/div[@id='isAlertsHeading']/h4
[INFO ][2016-02-09 20:02:20,390][com.java.TestType] [ 6747] - value = 
[INFO ][2016-02-09 20:02:21,390][com.java.TestType] [ 7325] - BEFORE CLICK
[INFO ][2016-02-09 20:02:22,314][com.java.TestType] [ 7333] - Unable to click the object Click on Income Statement tab
[INFO ][2016-02-09 20:02:22,314][com.java.SeleniumDriver] [  930] -  RESULT true
[INFO ][2016-02-09 20:02:22,314][com.java.SeleniumDriver] [ 1136] - ?   P A S S   ?
[INFO ][2016-02-09 20:02:22,314][com.java.SeleniumDriver] [  856] - ------------------------------------------
[INFO ][2016-02-09 20:02:22,314][com.java.SeleniumDriver] [  857] - Test case being Executed: 4
[INFO ][2016-02-09 20:02:22,314][com.java.SeleniumDriver] [  869] - Test step:18
[INFO ][2016-02-09 20:02:22,314][com.java.SeleniumDriver] [  881] - Datavalue is----------3
[INFO ][2016-02-09 20:02:22,314][com.java.SeleniumDriver] [  905] - DataField : null
[INFO ][2016-02-09 20:02:22,314][com.java.SeleniumDriver] [  907] - DataValue : 3
[INFO ][2016-02-09 20:02:22,314][com.java.SeleniumDriver] [  913] - <In Set values of the page>
[INFO ][2016-02-09 20:02:22,314][com.java.SeleniumDriver] [  916] - {Data Fields & Data Values Exist}
[INFO ][2016-02-09 20:02:22,314][com.java.SeleniumDriver] [  918] - --------------------------setting values-----------------------------
[INFO ][2016-02-09 20:02:22,315][com.java.SeleniumDriver] [  921] - Action Type : WAITTIME
[DEBUG][2016-02-09 20:02:22,315][com.java.TestType] [ 6561] - sleepTime: 3000
[INFO ][2016-02-09 20:02:25,315][com.java.SeleniumDriver] [  930] -  RESULT true
[INFO ][2016-02-09 20:02:25,315][com.java.SeleniumDriver] [ 1136] - ?   P A S S   ?
[INFO ][2016-02-09 20:02:25,315][com.java.SeleniumDriver] [  856] - ------------------------------------------
[INFO ][2016-02-09 20:02:25,315][com.java.SeleniumDriver] [  857] - Test case being Executed: 4
[INFO ][2016-02-09 20:02:25,315][com.java.SeleniumDriver] [  869] - Test step:19
[INFO ][2016-02-09 20:02:25,315][com.java.SeleniumDriver] [  881] - Datavalue is----------glyphicon-play down
[INFO ][2016-02-09 20:02:25,315][com.java.SeleniumDriver] [  905] - DataField : CCM//div[@class="panel panel-default ng-scope"]/div[@id='isAlertsHeading']/h4/span
[INFO ][2016-02-09 20:02:25,315][com.java.SeleniumDriver] [  907] - DataValue : glyphicon-play down
[INFO ][2016-02-09 20:02:25,315][com.java.SeleniumDriver] [  913] - <In Set values of the page>
[INFO ][2016-02-09 20:02:25,315][com.java.SeleniumDriver] [  916] - {Data Fields & Data Values Exist}
[INFO ][2016-02-09 20:02:25,315][com.java.SeleniumDriver] [  918] - --------------------------setting values-----------------------------
[INFO ][2016-02-09 20:02:25,315][com.java.SeleniumDriver] [  921] - Action Type : VERIFY
[INFO ][2016-02-09 20:02:25,315][com.java.TestType] [ 8381] - field= CCM//div[@class="panel panel-default ng-scope"]/div[@id='isAlertsHeading']/h4/span value= glyphicon-play down
[INFO ][2016-02-09 20:02:25,316][com.java.TestType] [ 6747] - value = glyphicon-play down
[DEBUG][2016-02-09 20:02:25,316][com.java.TestType] [ 9722] - Exception: glyphicon-play down
[DEBUG][2016-02-09 20:02:25,316][com.java.TestType] [ 9725] - Element not replaced::glyphicon-play down
[INFO ][2016-02-09 20:02:25,316][com.java.SeleniumDriver] [  930] -  RESULT false
[INFO ][2016-02-09 20:02:25,316][com.java.SeleniumDriver] [  977] - ?   F A I L   ?
[INFO ][2016-02-09 20:02:25,316][com.java.SeleniumDriver] [  985] - Browser Type : IE10
[INFO ][2016-02-09 20:02:25,316][com.java.SeleniumDriver] [  986] - Adding Failed case4
[DEBUG][2016-02-09 20:02:25,412][com.java.SeleniumDriver] [ 1054] -  tdd.getCondition() IF:23:Next
[INFO ][2016-02-09 20:02:25,413][com.java.SeleniumDriver] [ 1058] - Continue next step...
[INFO ][2016-02-09 20:02:25,413][com.java.SeleniumDriver] [  856] - ------------------------------------------
[INFO ][2016-02-09 20:02:25,413][com.java.SeleniumDriver] [  857] - Test case being Executed: 4
[INFO ][2016-02-09 20:02:25,413][com.java.SeleniumDriver] [  869] - Test step:20
[INFO ][2016-02-09 20:02:25,413][com.java.SeleniumDriver] [  881] - Datavalue is----------2
[INFO ][2016-02-09 20:02:25,413][com.java.SeleniumDriver] [  905] - DataField : null
[INFO ][2016-02-09 20:02:25,413][com.java.SeleniumDriver] [  907] - DataValue : 2
[INFO ][2016-02-09 20:02:25,413][com.java.SeleniumDriver] [  913] - <In Set values of the page>
[INFO ][2016-02-09 20:02:25,413][com.java.SeleniumDriver] [  916] - {Data Fields & Data Values Exist}
[INFO ][2016-02-09 20:02:25,413][com.java.SeleniumDriver] [  918] - --------------------------setting values-----------------------------
[INFO ][2016-02-09 20:02:25,413][com.java.SeleniumDriver] [  921] - Action Type : WAITTIME
[DEBUG][2016-02-09 20:02:25,413][com.java.TestType] [ 6561] - sleepTime: 2000
[INFO ][2016-02-09 20:02:27,413][com.java.SeleniumDriver] [  930] -  RESULT true
[INFO ][2016-02-09 20:02:27,413][com.java.SeleniumDriver] [ 1136] - ?   P A S S   ?
[INFO ][2016-02-09 20:02:27,413][com.java.SeleniumDriver] [  856] - ------------------------------------------
[INFO ][2016-02-09 20:02:27,413][com.java.SeleniumDriver] [  857] - Test case being Executed: 4
[INFO ][2016-02-09 20:02:27,413][com.java.SeleniumDriver] [  869] - Test step:21
[INFO ][2016-02-09 20:02:27,413][com.java.SeleniumDriver] [  881] - Datavalue is----------null
[DEBUG][2016-02-09 20:02:27,413][com.java.SeleniumDriver] [  899] - Exception: null
[INFO ][2016-02-09 20:02:27,413][com.java.SeleniumDriver] [  905] - DataField : XPH//div[@class="panel panel-default ng-scope"]/div[@id='isAlertsHeading']/h4
[INFO ][2016-02-09 20:02:27,413][com.java.SeleniumDriver] [  907] - DataValue : 
[INFO ][2016-02-09 20:02:27,413][com.java.SeleniumDriver] [  913] - <In Set values of the page>
[INFO ][2016-02-09 20:02:27,413][com.java.SeleniumDriver] [  916] - {Data Fields & Data Values Exist}
[INFO ][2016-02-09 20:02:27,413][com.java.SeleniumDriver] [  918] - --------------------------setting values-----------------------------
[INFO ][2016-02-09 20:02:27,414][com.java.SeleniumDriver] [  921] - Action Type : CLICK
[INFO ][2016-02-09 20:02:27,414][com.java.TestType] [ 7148] - Field ::XPH//div[@class="panel panel-default ng-scope"]/div[@id='isAlertsHeading']/h4
[INFO ][2016-02-09 20:02:27,414][com.java.TestType] [ 6747] - value = 
[INFO ][2016-02-09 20:02:28,415][com.java.TestType] [ 7325] - BEFORE CLICK
[INFO ][2016-02-09 20:02:29,341][com.java.TestType] [ 7333] - Unable to click the object Click on Income Statement tab
[INFO ][2016-02-09 20:02:29,341][com.java.SeleniumDriver] [  930] -  RESULT true
[INFO ][2016-02-09 20:02:29,341][com.java.SeleniumDriver] [ 1136] - ?   P A S S   ?
[INFO ][2016-02-09 20:02:29,341][com.java.SeleniumDriver] [  856] - ------------------------------------------
[INFO ][2016-02-09 20:02:29,341][com.java.SeleniumDriver] [  857] - Test case being Executed: 4
[INFO ][2016-02-09 20:02:29,341][com.java.SeleniumDriver] [  869] - Test step:22
[INFO ][2016-02-09 20:02:29,341][com.java.SeleniumDriver] [  881] - Datavalue is----------2
[INFO ][2016-02-09 20:02:29,341][com.java.SeleniumDriver] [  905] - DataField : null
[INFO ][2016-02-09 20:02:29,341][com.java.SeleniumDriver] [  907] - DataValue : 2
[INFO ][2016-02-09 20:02:29,341][com.java.SeleniumDriver] [  913] - <In Set values of the page>
[INFO ][2016-02-09 20:02:29,341][com.java.SeleniumDriver] [  916] - {Data Fields & Data Values Exist}
[INFO ][2016-02-09 20:02:29,341][com.java.SeleniumDriver] [  918] - --------------------------setting values-----------------------------
[INFO ][2016-02-09 20:02:29,341][com.java.SeleniumDriver] [  921] - Action Type : WAITTIME
[DEBUG][2016-02-09 20:02:29,342][com.java.TestType] [ 6561] - sleepTime: 2000
[INFO ][2016-02-09 20:02:31,342][com.java.SeleniumDriver] [  930] -  RESULT true
[INFO ][2016-02-09 20:02:31,342][com.java.SeleniumDriver] [ 1136] - ?   P A S S   ?
[INFO ][2016-02-09 20:02:31,342][com.java.SeleniumDriver] [  856] - ------------------------------------------
[INFO ][2016-02-09 20:02:31,342][com.java.SeleniumDriver] [  857] - Test case being Executed: 4
[INFO ][2016-02-09 20:02:31,342][com.java.SeleniumDriver] [  869] - Test step:23
[INFO ][2016-02-09 20:02:31,342][com.java.SeleniumDriver] [  881] - Datavalue is----------null
[DEBUG][2016-02-09 20:02:31,342][com.java.SeleniumDriver] [  899] - Exception: null
[INFO ][2016-02-09 20:02:31,342][com.java.SeleniumDriver] [  905] - DataField : XPH//div[@class="panel panel-default ng-scope"]/div[@id='isAlertsHeading']/h4
[INFO ][2016-02-09 20:02:31,342][com.java.SeleniumDriver] [  907] - DataValue : 
[INFO ][2016-02-09 20:02:31,342][com.java.SeleniumDriver] [  913] - <In Set values of the page>
[INFO ][2016-02-09 20:02:31,342][com.java.SeleniumDriver] [  916] - {Data Fields & Data Values Exist}
[INFO ][2016-02-09 20:02:31,342][com.java.SeleniumDriver] [  918] - --------------------------setting values-----------------------------
[INFO ][2016-02-09 20:02:31,342][com.java.SeleniumDriver] [  921] - Action Type : CLICK
[INFO ][2016-02-09 20:02:31,343][com.java.TestType] [ 7148] - Field ::XPH//div[@class="panel panel-default ng-scope"]/div[@id='isAlertsHeading']/h4
[INFO ][2016-02-09 20:02:31,343][com.java.TestType] [ 6747] - value = 
[INFO ][2016-02-09 20:02:32,343][com.java.TestType] [ 7325] - BEFORE CLICK
[INFO ][2016-02-09 20:02:33,252][com.java.TestType] [ 7333] - Unable to click the object Click on Income Statement tab
[INFO ][2016-02-09 20:02:33,252][com.java.SeleniumDriver] [  930] -  RESULT true
[INFO ][2016-02-09 20:02:33,252][com.java.SeleniumDriver] [ 1136] - ?   P A S S   ?
[INFO ][2016-02-09 20:02:33,252][com.java.SeleniumDriver] [  856] - ------------------------------------------
[INFO ][2016-02-09 20:02:33,252][com.java.SeleniumDriver] [  857] - Test case being Executed: 4
[INFO ][2016-02-09 20:02:33,252][com.java.SeleniumDriver] [  869] - Test step:24
[INFO ][2016-02-09 20:02:33,252][com.java.SeleniumDriver] [  881] - Datavalue is----------//*[@id='isAlertsContent']/div/div[1]/div[1]
[INFO ][2016-02-09 20:02:33,252][com.java.SeleniumDriver] [  905] - DataField : MSG
[INFO ][2016-02-09 20:02:33,252][com.java.SeleniumDriver] [  907] - DataValue : //*[@id='isAlertsContent']/div/div[1]/div[1]
[INFO ][2016-02-09 20:02:33,252][com.java.SeleniumDriver] [  913] - <In Set values of the page>
[INFO ][2016-02-09 20:02:33,252][com.java.SeleniumDriver] [  916] - {Data Fields & Data Values Exist}
[INFO ][2016-02-09 20:02:33,252][com.java.SeleniumDriver] [  918] - --------------------------setting values-----------------------------
[INFO ][2016-02-09 20:02:33,252][com.java.SeleniumDriver] [  921] - Action Type : VERIFYNOTPRESENT
[INFO ][2016-02-09 20:02:33,253][com.java.TestType] [10202] - field= MSG value= //*[@id='isAlertsContent']/div/div[1]/div[1]
[INFO ][2016-02-09 20:02:33,386][com.java.SeleniumDriver] [  930] -  RESULT true
[INFO ][2016-02-09 20:02:33,386][com.java.SeleniumDriver] [ 1136] - ?   P A S S   ?
[INFO ][2016-02-09 20:02:33,387][com.java.SeleniumDriver] [  856] - ------------------------------------------
[INFO ][2016-02-09 20:02:33,387][com.java.SeleniumDriver] [  857] - Test case being Executed: 4
[INFO ][2016-02-09 20:02:33,387][com.java.SeleniumDriver] [  869] - Test step:25
[INFO ][2016-02-09 20:02:33,387][com.java.SeleniumDriver] [  881] - Datavalue is----------null
[DEBUG][2016-02-09 20:02:33,387][com.java.SeleniumDriver] [  899] - Exception: null
[INFO ][2016-02-09 20:02:33,387][com.java.SeleniumDriver] [  905] - DataField : HDN//span[@class='glyphicon glyphicon-refresh ng-scope']
[INFO ][2016-02-09 20:02:33,387][com.java.SeleniumDriver] [  907] - DataValue : 
[INFO ][2016-02-09 20:02:33,387][com.java.SeleniumDriver] [  913] - <In Set values of the page>
[INFO ][2016-02-09 20:02:33,387][com.java.SeleniumDriver] [  916] - {Data Fields & Data Values Exist}
[INFO ][2016-02-09 20:02:33,387][com.java.SeleniumDriver] [  918] - --------------------------setting values-----------------------------
[INFO ][2016-02-09 20:02:33,387][com.java.SeleniumDriver] [  921] - Action Type : CLICK
[INFO ][2016-02-09 20:02:33,387][com.java.TestType] [ 7148] - Field ::HDN//span[@class='glyphicon glyphicon-refresh ng-scope']
[INFO ][2016-02-09 20:02:33,387][com.java.TestType] [ 6747] - value = 
[INFO ][2016-02-09 20:02:34,522][com.java.SeleniumDriver] [  930] -  RESULT true
[INFO ][2016-02-09 20:02:34,522][com.java.SeleniumDriver] [ 1136] - ?   P A S S   ?
[INFO ][2016-02-09 20:02:34,522][com.java.SeleniumDriver] [  856] - ------------------------------------------
[INFO ][2016-02-09 20:02:34,522][com.java.SeleniumDriver] [  857] - Test case being Executed: 4
[INFO ][2016-02-09 20:02:34,522][com.java.SeleniumDriver] [  869] - Test step:26
[INFO ][2016-02-09 20:02:34,522][com.java.SeleniumDriver] [  881] - Datavalue is----------15
[INFO ][2016-02-09 20:02:34,523][com.java.SeleniumDriver] [  905] - DataField : null
[INFO ][2016-02-09 20:02:34,523][com.java.SeleniumDriver] [  907] - DataValue : 15
[INFO ][2016-02-09 20:02:34,523][com.java.SeleniumDriver] [  913] - <In Set values of the page>
[INFO ][2016-02-09 20:02:34,523][com.java.SeleniumDriver] [  916] - {Data Fields & Data Values Exist}
[INFO ][2016-02-09 20:02:34,523][com.java.SeleniumDriver] [  918] - --------------------------setting values-----------------------------
[INFO ][2016-02-09 20:02:34,523][com.java.SeleniumDriver] [  921] - Action Type : WAITTIME
[DEBUG][2016-02-09 20:02:34,523][com.java.TestType] [ 6561] - sleepTime: 15000
[INFO ][2016-02-09 20:02:49,525][com.java.SeleniumDriver] [  930] -  RESULT true
[INFO ][2016-02-09 20:02:49,525][com.java.SeleniumDriver] [ 1136] - ?   P A S S   ?
[INFO ][2016-02-09 20:02:49,525][com.java.SeleniumDriver] [  856] - ------------------------------------------
[INFO ][2016-02-09 20:02:49,525][com.java.SeleniumDriver] [  857] - Test case being Executed: 4
[INFO ][2016-02-09 20:02:49,525][com.java.SeleniumDriver] [  869] - Test step:27
[INFO ][2016-02-09 20:02:49,525][com.java.SeleniumDriver] [  881] - Datavalue is----------numberofupdatesbeforerefreshing
[INFO ][2016-02-09 20:02:49,525][com.java.SeleniumDriver] [  905] - DataField : XPH//div[@id="isAlertsHeading"]//span[@class="badge pull-right ng-binding"]
[INFO ][2016-02-09 20:02:49,525][com.java.SeleniumDriver] [  907] - DataValue : numberofupdatesbeforerefreshing
[INFO ][2016-02-09 20:02:49,525][com.java.SeleniumDriver] [  913] - <In Set values of the page>
[INFO ][2016-02-09 20:02:49,525][com.java.SeleniumDriver] [  916] - {Data Fields & Data Values Exist}
[INFO ][2016-02-09 20:02:49,525][com.java.SeleniumDriver] [  918] - --------------------------setting values-----------------------------
[INFO ][2016-02-09 20:02:49,525][com.java.SeleniumDriver] [  921] - Action Type : STOREVALUE
[INFO ][2016-02-09 20:02:49,526][com.java.TestType] [ 9883] - field= XPH//div[@id="isAlertsHeading"]//span[@class="badge pull-right ng-binding"]
[DEBUG][2016-02-09 20:02:49,703][com.java.TestType] [ 9938] - Key:: numberofupdatesbeforerefreshing   Value:: 2
[INFO ][2016-02-09 20:02:49,703][com.java.SeleniumDriver] [  930] -  RESULT true
[INFO ][2016-02-09 20:02:49,703][com.java.SeleniumDriver] [ 1136] - ?   P A S S   ?
[INFO ][2016-02-09 20:02:49,703][com.java.SeleniumDriver] [  856] - ------------------------------------------
[INFO ][2016-02-09 20:02:49,703][com.java.SeleniumDriver] [  857] - Test case being Executed: 4
[INFO ][2016-02-09 20:02:49,703][com.java.SeleniumDriver] [  869] - Test step:28
[INFO ][2016-02-09 20:02:49,703][com.java.SeleniumDriver] [  881] - Datavalue is----------HMVnumberofupdatesbeforerefreshing
[INFO ][2016-02-09 20:02:49,703][com.java.SeleniumDriver] [  905] - DataField : TAL//div[@id="isAlertsContent"]//div[@class="bd-alert ng-scope"]
[INFO ][2016-02-09 20:02:49,703][com.java.SeleniumDriver] [  907] - DataValue : HMVnumberofupdatesbeforerefreshing
[INFO ][2016-02-09 20:02:49,704][com.java.SeleniumDriver] [  913] - <In Set values of the page>
[INFO ][2016-02-09 20:02:49,704][com.java.SeleniumDriver] [  916] - {Data Fields & Data Values Exist}
[INFO ][2016-02-09 20:02:49,704][com.java.SeleniumDriver] [  918] - --------------------------setting values-----------------------------
[INFO ][2016-02-09 20:02:49,704][com.java.SeleniumDriver] [  921] - Action Type : VERIFY
[INFO ][2016-02-09 20:02:49,704][com.java.TestType] [ 8381] - field= TAL//div[@id="isAlertsContent"]//div[@class="bd-alert ng-scope"] value= HMVnumberofupdatesbeforerefreshing
[INFO ][2016-02-09 20:02:49,704][com.java.TestType] [ 6747] - value = 2
[INFO ][2016-02-09 20:02:49,740][com.java.SeleniumDriver] [  930] -  RESULT true
[INFO ][2016-02-09 20:02:49,740][com.java.SeleniumDriver] [ 1136] - ?   P A S S   ?
[INFO ][2016-02-09 20:02:49,742][com.java.SeleniumDriver] [  856] - ------------------------------------------
[INFO ][2016-02-09 20:02:49,742][com.java.SeleniumDriver] [  857] - Test case being Executed: 4
[INFO ][2016-02-09 20:02:49,742][com.java.SeleniumDriver] [  869] - Test step:29
[INFO ][2016-02-09 20:02:49,742][com.java.SeleniumDriver] [  881] - Datavalue is----------10
[INFO ][2016-02-09 20:02:49,742][com.java.SeleniumDriver] [  905] - DataField : null
[INFO ][2016-02-09 20:02:49,742][com.java.SeleniumDriver] [  907] - DataValue : 10
[INFO ][2016-02-09 20:02:49,742][com.java.SeleniumDriver] [  913] - <In Set values of the page>
[INFO ][2016-02-09 20:02:49,742][com.java.SeleniumDriver] [  916] - {Data Fields & Data Values Exist}
[INFO ][2016-02-09 20:02:49,743][com.java.SeleniumDriver] [  918] - --------------------------setting values-----------------------------
[INFO ][2016-02-09 20:02:49,743][com.java.SeleniumDriver] [  921] - Action Type : WAITTIME
[DEBUG][2016-02-09 20:02:49,743][com.java.TestType] [ 6561] - sleepTime: 10000
[INFO ][2016-02-09 20:02:59,744][com.java.SeleniumDriver] [  930] -  RESULT true
[INFO ][2016-02-09 20:02:59,744][com.java.SeleniumDriver] [ 1136] - ?   P A S S   ?
[INFO ][2016-02-09 20:02:59,744][com.java.SeleniumDriver] [  856] - ------------------------------------------
[INFO ][2016-02-09 20:02:59,744][com.java.SeleniumDriver] [  857] - Test case being Executed: 4
[INFO ][2016-02-09 20:02:59,744][com.java.SeleniumDriver] [  869] - Test step:30
[INFO ][2016-02-09 20:02:59,744][com.java.SeleniumDriver] [  881] - Datavalue is----------BalanceSheet
[INFO ][2016-02-09 20:02:59,744][com.java.SeleniumDriver] [  905] - DataField : XPH//div[@id="isAlertsContent"]//div[@class="bd-alert ng-scope"][1]/div[@class="ng-binding"]
[INFO ][2016-02-09 20:02:59,744][com.java.SeleniumDriver] [  907] - DataValue : BalanceSheet
[INFO ][2016-02-09 20:02:59,746][com.java.SeleniumDriver] [  913] - <In Set values of the page>
[INFO ][2016-02-09 20:02:59,746][com.java.SeleniumDriver] [  916] - {Data Fields & Data Values Exist}
[INFO ][2016-02-09 20:02:59,746][com.java.SeleniumDriver] [  918] - --------------------------setting values-----------------------------
[INFO ][2016-02-09 20:02:59,746][com.java.SeleniumDriver] [  921] - Action Type : STOREVALUE
[INFO ][2016-02-09 20:02:59,746][com.java.TestType] [ 9883] - field= XPH//div[@id="isAlertsContent"]//div[@class="bd-alert ng-scope"][1]/div[@class="ng-binding"]
[DEBUG][2016-02-09 20:02:59,920][com.java.TestType] [ 9938] - Key:: BalanceSheet   Value:: Service charges and fees
[INFO ][2016-02-09 20:02:59,920][com.java.SeleniumDriver] [  930] -  RESULT true
[INFO ][2016-02-09 20:02:59,920][com.java.SeleniumDriver] [ 1136] - ?   P A S S   ?
[INFO ][2016-02-09 20:02:59,920][com.java.SeleniumDriver] [  856] - ------------------------------------------
[INFO ][2016-02-09 20:02:59,920][com.java.SeleniumDriver] [  857] - Test case being Executed: 4
[INFO ][2016-02-09 20:02:59,920][com.java.SeleniumDriver] [  869] - Test step:31
[INFO ][2016-02-09 20:02:59,920][com.java.SeleniumDriver] [  881] - Datavalue is----------10
[INFO ][2016-02-09 20:02:59,920][com.java.SeleniumDriver] [  905] - DataField : null
[INFO ][2016-02-09 20:02:59,920][com.java.SeleniumDriver] [  907] - DataValue : 10
[INFO ][2016-02-09 20:02:59,921][com.java.SeleniumDriver] [  913] - <In Set values of the page>
[INFO ][2016-02-09 20:02:59,921][com.java.SeleniumDriver] [  916] - {Data Fields & Data Values Exist}
[INFO ][2016-02-09 20:02:59,921][com.java.SeleniumDriver] [  918] - --------------------------setting values-----------------------------
[INFO ][2016-02-09 20:02:59,921][com.java.SeleniumDriver] [  921] - Action Type : WAITTIME
[DEBUG][2016-02-09 20:02:59,921][com.java.TestType] [ 6561] - sleepTime: 10000
[INFO ][2016-02-09 20:03:09,922][com.java.SeleniumDriver] [  930] -  RESULT true
[INFO ][2016-02-09 20:03:09,922][com.java.SeleniumDriver] [ 1136] - ?   P A S S   ?
[INFO ][2016-02-09 20:03:09,922][com.java.SeleniumDriver] [  856] - ------------------------------------------
[INFO ][2016-02-09 20:03:09,922][com.java.SeleniumDriver] [  857] - Test case being Executed: 4
[INFO ][2016-02-09 20:03:09,922][com.java.SeleniumDriver] [  869] - Test step:32
[INFO ][2016-02-09 20:03:09,922][com.java.SeleniumDriver] [  881] - Datavalue is----------Change
[INFO ][2016-02-09 20:03:09,922][com.java.SeleniumDriver] [  905] - DataField : XPH//div[@id="isAlertsContent"]//div[@class="bd-alert ng-scope"][1]//span[@ class="ng-binding"]
[INFO ][2016-02-09 20:03:09,922][com.java.SeleniumDriver] [  907] - DataValue : Change
[INFO ][2016-02-09 20:03:09,922][com.java.SeleniumDriver] [  913] - <In Set values of the page>
[INFO ][2016-02-09 20:03:09,922][com.java.SeleniumDriver] [  916] - {Data Fields & Data Values Exist}
[INFO ][2016-02-09 20:03:09,922][com.java.SeleniumDriver] [  918] - --------------------------setting values-----------------------------
[INFO ][2016-02-09 20:03:09,922][com.java.SeleniumDriver] [  921] - Action Type : STOREVALUE
[INFO ][2016-02-09 20:03:09,922][com.java.TestType] [ 9883] - field= XPH//div[@id="isAlertsContent"]//div[@class="bd-alert ng-scope"][1]//span[@ class="ng-binding"]
[DEBUG][2016-02-09 20:03:10,090][com.java.TestType] [ 9938] - Key:: Change   Value:: $20,183
[INFO ][2016-02-09 20:03:10,090][com.java.SeleniumDriver] [  930] -  RESULT true
[INFO ][2016-02-09 20:03:10,090][com.java.SeleniumDriver] [ 1136] - ?   P A S S   ?
[INFO ][2016-02-09 20:03:10,090][com.java.SeleniumDriver] [  856] - ------------------------------------------
[INFO ][2016-02-09 20:03:10,090][com.java.SeleniumDriver] [  857] - Test case being Executed: 4
[INFO ][2016-02-09 20:03:10,090][com.java.SeleniumDriver] [  869] - Test step:33
[INFO ][2016-02-09 20:03:10,090][com.java.SeleniumDriver] [  881] - Datavalue is----------3
[INFO ][2016-02-09 20:03:10,090][com.java.SeleniumDriver] [  905] - DataField : null
[INFO ][2016-02-09 20:03:10,090][com.java.SeleniumDriver] [  907] - DataValue : 3
[INFO ][2016-02-09 20:03:10,090][com.java.SeleniumDriver] [  913] - <In Set values of the page>
[INFO ][2016-02-09 20:03:10,091][com.java.SeleniumDriver] [  916] - {Data Fields & Data Values Exist}
[INFO ][2016-02-09 20:03:10,091][com.java.SeleniumDriver] [  918] - --------------------------setting values-----------------------------
[INFO ][2016-02-09 20:03:10,091][com.java.SeleniumDriver] [  921] - Action Type : WAITTIME
[DEBUG][2016-02-09 20:03:10,091][com.java.TestType] [ 6561] - sleepTime: 3000
[INFO ][2016-02-09 20:03:13,091][com.java.SeleniumDriver] [  930] -  RESULT true
[INFO ][2016-02-09 20:03:13,091][com.java.SeleniumDriver] [ 1136] - ?   P A S S   ?
[INFO ][2016-02-09 20:03:13,091][com.java.SeleniumDriver] [  856] - ------------------------------------------
[INFO ][2016-02-09 20:03:13,091][com.java.SeleniumDriver] [  857] - Test case being Executed: 4
[INFO ][2016-02-09 20:03:13,091][com.java.SeleniumDriver] [  869] - Test step:34
[INFO ][2016-02-09 20:03:13,091][com.java.SeleniumDriver] [  881] - Datavalue is----------Percentage
[INFO ][2016-02-09 20:03:13,091][com.java.SeleniumDriver] [  905] - DataField : XPH//div[@id="isAlertsContent"]//div[@class="bd-alert ng-scope"][1]//span[@class="pull-right ng-binding"]
[INFO ][2016-02-09 20:03:13,091][com.java.SeleniumDriver] [  907] - DataValue : Percentage
[INFO ][2016-02-09 20:03:13,091][com.java.SeleniumDriver] [  913] - <In Set values of the page>
[INFO ][2016-02-09 20:03:13,091][com.java.SeleniumDriver] [  916] - {Data Fields & Data Values Exist}
[INFO ][2016-02-09 20:03:13,091][com.java.SeleniumDriver] [  918] - --------------------------setting values-----------------------------
[INFO ][2016-02-09 20:03:13,091][com.java.SeleniumDriver] [  921] - Action Type : STOREVALUE
[INFO ][2016-02-09 20:03:13,092][com.java.TestType] [ 9883] - field= XPH//div[@id="isAlertsContent"]//div[@class="bd-alert ng-scope"][1]//span[@class="pull-right ng-binding"]
[DEBUG][2016-02-09 20:03:13,259][com.java.TestType] [ 9938] - Key:: Percentage   Value:: 5.55%
[INFO ][2016-02-09 20:03:13,259][com.java.SeleniumDriver] [  930] -  RESULT true
[INFO ][2016-02-09 20:03:13,259][com.java.SeleniumDriver] [ 1136] - ?   P A S S   ?
[INFO ][2016-02-09 20:03:13,259][com.java.SeleniumDriver] [  856] - ------------------------------------------
[INFO ][2016-02-09 20:03:13,259][com.java.SeleniumDriver] [  857] - Test case being Executed: 4
[INFO ][2016-02-09 20:03:13,259][com.java.SeleniumDriver] [  869] - Test step:35
[INFO ][2016-02-09 20:03:13,259][com.java.SeleniumDriver] [  881] - Datavalue is----------null
[DEBUG][2016-02-09 20:03:13,259][com.java.SeleniumDriver] [  899] - Exception: null
[INFO ][2016-02-09 20:03:13,260][com.java.SeleniumDriver] [  905] - DataField : XPH//div[@id="isAlertsHeading"]//span[@class="glyphicon glyphicon-list-alt"]
[INFO ][2016-02-09 20:03:13,260][com.java.SeleniumDriver] [  907] - DataValue : 
[INFO ][2016-02-09 20:03:13,260][com.java.SeleniumDriver] [  913] - <In Set values of the page>
[INFO ][2016-02-09 20:03:13,260][com.java.SeleniumDriver] [  916] - {Data Fields & Data Values Exist}
[INFO ][2016-02-09 20:03:13,260][com.java.SeleniumDriver] [  918] - --------------------------setting values-----------------------------
[INFO ][2016-02-09 20:03:13,260][com.java.SeleniumDriver] [  921] - Action Type : CLICK
[INFO ][2016-02-09 20:03:13,260][com.java.TestType] [ 7148] - Field ::XPH//div[@id="isAlertsHeading"]//span[@class="glyphicon glyphicon-list-alt"]
[INFO ][2016-02-09 20:03:13,260][com.java.TestType] [ 6747] - value = 
[INFO ][2016-02-09 20:03:14,260][com.java.TestType] [ 7325] - BEFORE CLICK
[INFO ][2016-02-09 20:03:15,509][com.java.TestType] [ 7333] - Unable to click the object Click on the report button
[INFO ][2016-02-09 20:03:15,509][com.java.SeleniumDriver] [  930] -  RESULT true
[INFO ][2016-02-09 20:03:15,509][com.java.SeleniumDriver] [ 1136] - ?   P A S S   ?
[INFO ][2016-02-09 20:03:15,509][com.java.SeleniumDriver] [  856] - ------------------------------------------
[INFO ][2016-02-09 20:03:15,509][com.java.SeleniumDriver] [  857] - Test case being Executed: 4
[INFO ][2016-02-09 20:03:15,509][com.java.SeleniumDriver] [  869] - Test step:36
[INFO ][2016-02-09 20:03:15,509][com.java.SeleniumDriver] [  881] - Datavalue is----------10
[INFO ][2016-02-09 20:03:15,509][com.java.SeleniumDriver] [  905] - DataField : XPH//img[@id='loading']
[INFO ][2016-02-09 20:03:15,509][com.java.SeleniumDriver] [  907] - DataValue : 10
[INFO ][2016-02-09 20:03:15,509][com.java.SeleniumDriver] [  913] - <In Set values of the page>
[INFO ][2016-02-09 20:03:15,509][com.java.SeleniumDriver] [  916] - {Data Fields & Data Values Exist}
[INFO ][2016-02-09 20:03:15,509][com.java.SeleniumDriver] [  918] - --------------------------setting values-----------------------------
[INFO ][2016-02-09 20:03:15,511][com.java.SeleniumDriver] [  921] - Action Type : WaitForElement
[INFO ][2016-02-09 20:03:15,546][com.java.SeleniumDriver] [  930] -  RESULT true
[INFO ][2016-02-09 20:03:15,546][com.java.SeleniumDriver] [ 1136] - ?   P A S S   ?
[INFO ][2016-02-09 20:03:15,546][com.java.SeleniumDriver] [  856] - ------------------------------------------
[INFO ][2016-02-09 20:03:15,546][com.java.SeleniumDriver] [  857] - Test case being Executed: 4
[INFO ][2016-02-09 20:03:15,546][com.java.SeleniumDriver] [  869] - Test step:37
[INFO ][2016-02-09 20:03:15,546][com.java.SeleniumDriver] [  881] - Datavalue is----------90
[INFO ][2016-02-09 20:03:15,546][com.java.SeleniumDriver] [  905] - DataField : XPH//img[@id='loading']
[INFO ][2016-02-09 20:03:15,547][com.java.SeleniumDriver] [  907] - DataValue : 90
[INFO ][2016-02-09 20:03:15,547][com.java.SeleniumDriver] [  913] - <In Set values of the page>
[INFO ][2016-02-09 20:03:15,547][com.java.SeleniumDriver] [  916] - {Data Fields & Data Values Exist}
[INFO ][2016-02-09 20:03:15,547][com.java.SeleniumDriver] [  918] - --------------------------setting values-----------------------------
[INFO ][2016-02-09 20:03:15,547][com.java.SeleniumDriver] [  921] - Action Type : waitForElementNotPresent
[INFO ][2016-02-09 20:03:16,762][com.java.SeleniumDriver] [  930] -  RESULT true
[INFO ][2016-02-09 20:03:16,762][com.java.SeleniumDriver] [ 1136] - ?   P A S S   ?
[INFO ][2016-02-09 20:03:16,762][com.java.SeleniumDriver] [  856] - ------------------------------------------
[INFO ][2016-02-09 20:03:16,762][com.java.SeleniumDriver] [  857] - Test case being Executed: 4
[INFO ][2016-02-09 20:03:16,762][com.java.SeleniumDriver] [  869] - Test step:38
[INFO ][2016-02-09 20:03:16,762][com.java.SeleniumDriver] [  881] - Datavalue is----------BalanceSheet::Change
[INFO ][2016-02-09 20:03:16,762][com.java.SeleniumDriver] [  905] - DataField : PVP//div[contains(text(),'mytext')]/following::td[3]/div
[INFO ][2016-02-09 20:03:16,762][com.java.SeleniumDriver] [  907] - DataValue : BalanceSheet::Change
[INFO ][2016-02-09 20:03:16,763][com.java.SeleniumDriver] [  913] - <In Set values of the page>
[INFO ][2016-02-09 20:03:16,763][com.java.SeleniumDriver] [  916] - {Data Fields & Data Values Exist}
[INFO ][2016-02-09 20:03:16,763][com.java.SeleniumDriver] [  918] - --------------------------setting values-----------------------------
[INFO ][2016-02-09 20:03:16,763][com.java.SeleniumDriver] [  921] - Action Type : VERIFY
[INFO ][2016-02-09 20:03:16,763][com.java.TestType] [ 8381] - field= PVP//div[contains(text(),'mytext')]/following::td[3]/div value= BalanceSheet::Change
[INFO ][2016-02-09 20:03:16,763][com.java.TestType] [ 6747] - value = BalanceSheet::Change
[INFO ][2016-02-09 20:03:16,974][com.java.SeleniumDriver] [  930] -  RESULT true
[INFO ][2016-02-09 20:03:16,974][com.java.SeleniumDriver] [ 1136] - ?   P A S S   ?
[INFO ][2016-02-09 20:03:16,974][com.java.SeleniumDriver] [  856] - ------------------------------------------
[INFO ][2016-02-09 20:03:16,974][com.java.SeleniumDriver] [  857] - Test case being Executed: 4
[INFO ][2016-02-09 20:03:16,974][com.java.SeleniumDriver] [  869] - Test step:39
[INFO ][2016-02-09 20:03:16,974][com.java.SeleniumDriver] [  881] - Datavalue is----------BalanceSheet::Percentage
[INFO ][2016-02-09 20:03:16,974][com.java.SeleniumDriver] [  905] - DataField : PVP//div[contains(text(),'mytext')]/following::td[4]/div
[INFO ][2016-02-09 20:03:16,975][com.java.SeleniumDriver] [  907] - DataValue : BalanceSheet::Percentage
[INFO ][2016-02-09 20:03:16,975][com.java.SeleniumDriver] [  913] - <In Set values of the page>
[INFO ][2016-02-09 20:03:16,975][com.java.SeleniumDriver] [  916] - {Data Fields & Data Values Exist}
[INFO ][2016-02-09 20:03:16,975][com.java.SeleniumDriver] [  918] - --------------------------setting values-----------------------------
[INFO ][2016-02-09 20:03:16,975][com.java.SeleniumDriver] [  921] - Action Type : VERIFY
[INFO ][2016-02-09 20:03:16,975][com.java.TestType] [ 8381] - field= PVP//div[contains(text(),'mytext')]/following::td[4]/div value= BalanceSheet::Percentage
[INFO ][2016-02-09 20:03:16,975][com.java.TestType] [ 6747] - value = BalanceSheet::Percentage
[DEBUG][2016-02-09 20:03:16,975][com.java.TestType] [ 9586] - Exception: BalanceSheet::Percentage
[DEBUG][2016-02-09 20:03:16,975][com.java.TestType] [ 9589] - Element not replaced::BalanceSheet::Percentage
[INFO ][2016-02-09 20:03:16,975][com.java.SeleniumDriver] [  930] -  RESULT false
[INFO ][2016-02-09 20:03:16,975][com.java.SeleniumDriver] [  977] - ?   F A I L   ?
[INFO ][2016-02-09 20:03:16,975][com.java.SeleniumDriver] [  985] - Browser Type : IE10
[INFO ][2016-02-09 20:03:16,975][com.java.SeleniumDriver] [  986] - Adding Failed case4
[INFO ][2016-02-09 20:03:17,202][com.java.SeleniumDriver] [ 1100] - failedCases = 4
[ERROR][2016-02-09 20:03:17,202][com.java.SeleniumDriver] [ 1599] - Platform Errors : Our apologies...::We have encountered an issue with your request.::Our apologies?:We encountered an issue with your request.
[INFO ][2016-02-09 20:03:17,202][com.java.SeleniumDriver] [ 1603] - Length =3
[ERROR][2016-02-09 20:03:17,202][com.java.SeleniumDriver] [ 1606] - Error 0 = Our apologies...
[ERROR][2016-02-09 20:03:17,357][com.java.SeleniumDriver] [ 1606] - Error 1 = We have encountered an issue with your request.
[ERROR][2016-02-09 20:03:17,441][com.java.SeleniumDriver] [ 1606] - Error 2 = Our apologies?:We encountered an issue with your request.
[INFO ][2016-02-09 20:03:17,588][com.java.SeleniumDriver] [ 1617] - strError:
[DEBUG][2016-02-09 20:03:17,604][com.java.SeleniumDriver] [ 1248] - Case found
[DEBUG][2016-02-09 20:03:17,604][com.java.SeleniumDriver] [ 1253] - Incrementing ReportCounters[0]:2
[INFO ][2016-02-09 20:03:17,604][com.java.SeleniumDriver] [ 1272] - The results are-------------------[4, 39, Right Hand Menu: IS Alerts-IS Alerts are showing on hover menu., Fail, 
Test case failed at Step No. :: 39   Error Message ::  Element not replaced::BalanceSheet::Percentage. Screen Shot : D:\BankersDashboard\TestReports\020916\4_020916_200316_IE10.png, Tue Feb 09 20:03:17 IST 2016]
[INFO ][2016-02-09 20:03:17,604][com.java.SeleniumDriver] [ 1276] - End time is-------2 min 54 sec
[INFO ][2016-02-09 20:03:17,604][com.java.SeleniumDriver] [ 1277] - The results are-------------------[4, 39, Right Hand Menu: IS Alerts-IS Alerts are showing on hover menu., Fail, 
Test case failed at Step No. :: 39   Error Message ::  Element not replaced::BalanceSheet::Percentage. Screen Shot : D:\BankersDashboard\TestReports\020916\4_020916_200316_IE10.png, Tue Feb 09 20:03:17 IST 2016]
[DEBUG][2016-02-09 20:03:17,604][com.java.ImportnExport.ExportTestResultsExcel] [  222] - testResultPath = D:\BankersDashboard/TestReports/Test Results_BankersDashBoard_020916_200025_IE10_United Bank.xls
[DEBUG][2016-02-09 20:03:17,604][com.java.ImportnExport.ExportTestResultsExcel] [  223] - browser is------------IE10
[DEBUG][2016-02-09 20:03:17,607][com.java.ImportnExport.ExportTestResultsExcel] [  270] - result.size() = 6
[DEBUG][2016-02-09 20:03:17,607][com.java.ImportnExport.ExportTestResultsExcel] [  274] - No of rows in sheet=2
[DEBUG][2016-02-09 20:03:17,607][com.java.ImportnExport.ExportTestResultsExcel] [  301] - ..in export..4
[DEBUG][2016-02-09 20:03:17,607][com.java.ImportnExport.ExportTestResultsExcel] [  301] - ..in export..Right Hand Menu: IS Alerts-IS Alerts are showing on hover menu.
[DEBUG][2016-02-09 20:03:17,607][com.java.ImportnExport.ExportTestResultsExcel] [  301] - ..in export..Fail
[DEBUG][2016-02-09 20:03:17,607][com.java.ImportnExport.ExportTestResultsExcel] [  301] - ..in export..
Test case failed at Step No. :: 39   Error Message ::  Element not replaced::BalanceSheet::Percentage. Screen Shot : D:\BankersDashboard\TestReports\020916\4_020916_200316_IE10.png
[DEBUG][2016-02-09 20:03:17,607][com.java.ImportnExport.ExportTestResultsExcel] [  301] - ..in export..Tue Feb 09 20:03:17 IST 2016
[INFO ][2016-02-09 20:03:17,608][com.java.SeleniumDriver] [ 1337] - out loop:1 size:3 TestCases:[1, 4, 8] testcases:[1, 4, 8]
[INFO ][2016-02-09 20:03:17,608][com.java.ImportnExport.ImportTestDataDetailsExcel] [   49] - test data details path===== D:\BankersDashboard\TestInputs\TestData.xls
[INFO ][2016-02-09 20:03:34,921][com.java.SeleniumDriver] [  856] - ------------------------------------------
[INFO ][2016-02-09 20:03:34,921][com.java.SeleniumDriver] [  857] - Test case being Executed: 8
[INFO ][2016-02-09 20:03:34,921][com.java.SeleniumDriver] [  869] - Test step:1
[INFO ][2016-02-09 20:03:34,921][com.java.SeleniumDriver] [  881] - Datavalue is----------Logout
[INFO ][2016-02-09 20:03:34,921][com.java.SeleniumDriver] [  905] - DataField : BTN
[INFO ][2016-02-09 20:03:34,921][com.java.SeleniumDriver] [  907] - DataValue : Logout
[INFO ][2016-02-09 20:03:34,921][com.java.SeleniumDriver] [  913] - <In Set values of the page>
[INFO ][2016-02-09 20:03:34,921][com.java.SeleniumDriver] [  916] - {Data Fields & Data Values Exist}
[INFO ][2016-02-09 20:03:34,921][com.java.SeleniumDriver] [  918] - --------------------------setting values-----------------------------
[INFO ][2016-02-09 20:03:34,921][com.java.SeleniumDriver] [  921] - Action Type : Verify
[INFO ][2016-02-09 20:03:34,921][com.java.TestType] [ 8381] - field= BTN value= Logout
[INFO ][2016-02-09 20:03:34,921][com.java.TestType] [ 6747] - value = Logout
[INFO ][2016-02-09 20:03:34,993][com.java.SeleniumDriver] [  930] -  RESULT true
[INFO ][2016-02-09 20:03:34,994][com.java.SeleniumDriver] [ 1136] - ?   P A S S   ?
[INFO ][2016-02-09 20:03:34,994][com.java.SeleniumDriver] [ 1178] - step change to 3
[INFO ][2016-02-09 20:03:34,994][com.java.SeleniumDriver] [  856] - ------------------------------------------
[INFO ][2016-02-09 20:03:34,994][com.java.SeleniumDriver] [  857] - Test case being Executed: 8
[INFO ][2016-02-09 20:03:34,994][com.java.SeleniumDriver] [  869] - Test step:3
[INFO ][2016-02-09 20:03:34,994][com.java.SeleniumDriver] [  881] - Datavalue is----------Concept#2:1-3
[INFO ][2016-02-09 20:03:34,994][com.java.SeleniumDriver] [  905] - DataField : test
[INFO ][2016-02-09 20:03:34,994][com.java.SeleniumDriver] [  907] - DataValue : Concept#2:1-3
[INFO ][2016-02-09 20:03:34,994][com.java.SeleniumDriver] [  913] - <In Set values of the page>
[INFO ][2016-02-09 20:03:34,994][com.java.SeleniumDriver] [  916] - {Data Fields & Data Values Exist}
[INFO ][2016-02-09 20:03:34,994][com.java.SeleniumDriver] [  918] - --------------------------setting values-----------------------------
[INFO ][2016-02-09 20:03:34,994][com.java.SeleniumDriver] [  921] - Action Type : ExecuteTestCase
[INFO ][2016-02-09 20:03:34,994][com.java.TestType] [  448] - The Concept sheet name is ---------- Concept
[INFO ][2016-02-09 20:03:34,994][com.java.TestType] [  451] - The Concept ID  is ---------- 2
[DEBUG][2016-02-09 20:03:34,995][com.java.TestType] [  455] - Steps being executted in the Concept are: 1:3
[INFO ][2016-02-09 20:03:34,995][com.java.TestType] [  462] - Test data details path ---------- D:\BankersDashboard\TestInputs\TestData.xls
[INFO ][2016-02-09 20:03:35,012][com.java.TestType] [  493] -  str(1) = 2
[INFO ][2016-02-09 20:03:35,012][com.java.TestType] [  496] - Test case Id is---2
[INFO ][2016-02-09 20:03:35,012][com.java.TestType] [  498] - 2
[INFO ][2016-02-09 20:03:35,012][com.java.TestType] [  493] -  str(2) = 1
[INFO ][2016-02-09 20:03:35,014][com.java.TestType] [  493] -  str(1) = 2
[INFO ][2016-02-09 20:03:35,014][com.java.TestType] [  496] - Test case Id is---2
[INFO ][2016-02-09 20:03:35,014][com.java.TestType] [  498] - 2
[INFO ][2016-02-09 20:03:35,014][com.java.TestType] [  493] -  str(2) = 2
[INFO ][2016-02-09 20:03:35,015][com.java.TestType] [  493] -  str(1) = 2
[INFO ][2016-02-09 20:03:35,015][com.java.TestType] [  496] - Test case Id is---2
[INFO ][2016-02-09 20:03:35,015][com.java.TestType] [  498] - 2
[INFO ][2016-02-09 20:03:35,015][com.java.TestType] [  493] -  str(2) = 3
[INFO ][2016-02-09 20:03:35,016][com.java.TestType] [12118] - Looping 1TCID = 2
[DEBUG][2016-02-09 20:03:35,016][com.java.TestType] [12159] - Concept ID:2 :: Step being Executed: 2::1
[INFO ][2016-02-09 20:03:35,016][com.java.TestType] [12197] - dataFields : BNK//select[@id='bank']
[DEBUG][2016-02-09 20:03:35,016][com.java.TestType] [12203] - <In Set values of the page>
[DEBUG][2016-02-09 20:03:35,016][com.java.TestType] [12208] - {Data Fields & Data Values Exist}
[INFO ][2016-02-09 20:03:35,016][com.java.TestType] [12214] - --------------------------setting values-----------------------------
[INFO ][2016-02-09 20:03:35,016][com.java.TestType] [12217] - Action Type : Select
[INFO ][2016-02-09 20:03:35,016][com.java.TestType] [ 6747] - value = PFC
[INFO ][2016-02-09 20:03:35,256][com.java.TestType] [12236] -  RESULT true
[INFO ][2016-02-09 20:03:35,256][com.java.TestType] [12353] - ?   P A S S   ?
[DEBUG][2016-02-09 20:03:35,256][com.java.TestType] [12159] - Concept ID:2 :: Step being Executed: 2::2
[INFO ][2016-02-09 20:03:35,256][com.java.TestType] [12197] - dataFields : LNKLogout
[DEBUG][2016-02-09 20:03:35,256][com.java.TestType] [12203] - <In Set values of the page>
[DEBUG][2016-02-09 20:03:35,256][com.java.TestType] [12208] - {Data Fields & Data Values Exist}
[INFO ][2016-02-09 20:03:35,256][com.java.TestType] [12214] - --------------------------setting values-----------------------------
[INFO ][2016-02-09 20:03:35,256][com.java.TestType] [12217] - Action Type : WaitTime
[DEBUG][2016-02-09 20:03:35,256][com.java.TestType] [ 6561] - sleepTime: 5000
[INFO ][2016-02-09 20:03:40,257][com.java.TestType] [12236] -  RESULT true
[INFO ][2016-02-09 20:03:40,257][com.java.TestType] [12353] - ?   P A S S   ?
[DEBUG][2016-02-09 20:03:40,257][com.java.TestType] [12159] - Concept ID:2 :: Step being Executed: 2::3
[INFO ][2016-02-09 20:03:40,257][com.java.TestType] [12197] - dataFields : LNKLogout
[DEBUG][2016-02-09 20:03:40,257][com.java.TestType] [12203] - <In Set values of the page>
[DEBUG][2016-02-09 20:03:40,257][com.java.TestType] [12208] - {Data Fields & Data Values Exist}
[INFO ][2016-02-09 20:03:40,257][com.java.TestType] [12214] - --------------------------setting values-----------------------------
[INFO ][2016-02-09 20:03:40,257][com.java.TestType] [12217] - Action Type : WaitForElement
[INFO ][2016-02-09 20:03:40,294][com.java.TestType] [12236] -  RESULT true
[INFO ][2016-02-09 20:03:40,294][com.java.TestType] [12353] - ?   P A S S   ?
[INFO ][2016-02-09 20:03:40,294][com.java.TestType] [12424] - Looping End......
[INFO ][2016-02-09 20:03:40,296][com.java.SeleniumDriver] [  930] -  RESULT true
[INFO ][2016-02-09 20:03:40,296][com.java.SeleniumDriver] [ 1136] - ?   P A S S   ?
[INFO ][2016-02-09 20:03:40,296][com.java.SeleniumDriver] [  856] - ------------------------------------------
[INFO ][2016-02-09 20:03:40,296][com.java.SeleniumDriver] [  857] - Test case being Executed: 8
[INFO ][2016-02-09 20:03:40,296][com.java.SeleniumDriver] [  869] - Test step:4
[INFO ][2016-02-09 20:03:40,296][com.java.SeleniumDriver] [  881] - Datavalue is----------null
[DEBUG][2016-02-09 20:03:40,296][com.java.SeleniumDriver] [  899] - Exception: null
[INFO ][2016-02-09 20:03:40,296][com.java.SeleniumDriver] [  905] - DataField : //span[@class="icon-cog2"]&&//a[text()='Customize']&&//a[@data-id="TabletAlerts"]
[INFO ][2016-02-09 20:03:40,296][com.java.SeleniumDriver] [  907] - DataValue : 
[INFO ][2016-02-09 20:03:40,296][com.java.SeleniumDriver] [  913] - <In Set values of the page>
[INFO ][2016-02-09 20:03:40,296][com.java.SeleniumDriver] [  916] - {Data Fields & Data Values Exist}
[INFO ][2016-02-09 20:03:40,296][com.java.SeleniumDriver] [  918] - --------------------------setting values-----------------------------
[INFO ][2016-02-09 20:03:40,297][com.java.SeleniumDriver] [  921] - Action Type : MOUSEOVER
[INFO ][2016-02-09 20:04:25,386][com.java.SeleniumDriver] [  930] -  RESULT true
[INFO ][2016-02-09 20:04:25,386][com.java.SeleniumDriver] [ 1136] - ?   P A S S   ?
[INFO ][2016-02-09 20:04:25,387][com.java.SeleniumDriver] [  856] - ------------------------------------------
[INFO ][2016-02-09 20:04:25,387][com.java.SeleniumDriver] [  857] - Test case being Executed: 8
[INFO ][2016-02-09 20:04:25,387][com.java.SeleniumDriver] [  869] - Test step:5
[INFO ][2016-02-09 20:04:25,387][com.java.SeleniumDriver] [  881] - Datavalue is----------My Alerts
[INFO ][2016-02-09 20:04:25,387][com.java.SeleniumDriver] [  905] - DataField : XPH//span[@class='ui-dialog-title']
[INFO ][2016-02-09 20:04:25,387][com.java.SeleniumDriver] [  907] - DataValue : My Alerts
[INFO ][2016-02-09 20:04:25,387][com.java.SeleniumDriver] [  913] - <In Set values of the page>
[INFO ][2016-02-09 20:04:25,387][com.java.SeleniumDriver] [  916] - {Data Fields & Data Values Exist}
[INFO ][2016-02-09 20:04:25,387][com.java.SeleniumDriver] [  918] - --------------------------setting values-----------------------------
[INFO ][2016-02-09 20:04:25,387][com.java.SeleniumDriver] [  921] - Action Type : verify
[INFO ][2016-02-09 20:04:25,387][com.java.TestType] [ 8381] - field= XPH//span[@class='ui-dialog-title'] value= My Alerts
[INFO ][2016-02-09 20:04:25,387][com.java.TestType] [ 6747] - value = My Alerts
[INFO ][2016-02-09 20:04:25,576][com.java.SeleniumDriver] [  930] -  RESULT true
[INFO ][2016-02-09 20:04:25,576][com.java.SeleniumDriver] [ 1136] - ?   P A S S   ?
[INFO ][2016-02-09 20:04:25,576][com.java.SeleniumDriver] [  856] - ------------------------------------------
[INFO ][2016-02-09 20:04:25,576][com.java.SeleniumDriver] [  857] - Test case being Executed: 8
[INFO ][2016-02-09 20:04:25,576][com.java.SeleniumDriver] [  869] - Test step:6
[INFO ][2016-02-09 20:04:25,576][com.java.SeleniumDriver] [  881] - Datavalue is----------null
[DEBUG][2016-02-09 20:04:25,576][com.java.SeleniumDriver] [  899] - Exception: null
[INFO ][2016-02-09 20:04:25,576][com.java.SeleniumDriver] [  905] - DataField : BTNframeDialogContent
[INFO ][2016-02-09 20:04:25,576][com.java.SeleniumDriver] [  907] - DataValue : 
[INFO ][2016-02-09 20:04:25,577][com.java.SeleniumDriver] [  913] - <In Set values of the page>
[INFO ][2016-02-09 20:04:25,577][com.java.SeleniumDriver] [  916] - {Data Fields & Data Values Exist}
[INFO ][2016-02-09 20:04:25,577][com.java.SeleniumDriver] [  918] - --------------------------setting values-----------------------------
[INFO ][2016-02-09 20:04:25,577][com.java.SeleniumDriver] [  921] - Action Type : SELECTFRAME
[INFO ][2016-02-09 20:04:26,968][com.java.SeleniumDriver] [  930] -  RESULT true
[INFO ][2016-02-09 20:04:26,968][com.java.SeleniumDriver] [ 1136] - ?   P A S S   ?
[INFO ][2016-02-09 20:04:26,968][com.java.SeleniumDriver] [  856] - ------------------------------------------
[INFO ][2016-02-09 20:04:26,968][com.java.SeleniumDriver] [  857] - Test case being Executed: 8
[INFO ][2016-02-09 20:04:26,968][com.java.SeleniumDriver] [  869] - Test step:7
[INFO ][2016-02-09 20:04:26,968][com.java.SeleniumDriver] [  881] - Datavalue is----------null
[DEBUG][2016-02-09 20:04:26,968][com.java.SeleniumDriver] [  899] - Exception: null
[INFO ][2016-02-09 20:04:26,968][com.java.SeleniumDriver] [  905] - DataField : XPH//span[contains(text(),'Balance Sheet')]
[INFO ][2016-02-09 20:04:26,968][com.java.SeleniumDriver] [  907] - DataValue : 
[INFO ][2016-02-09 20:04:26,968][com.java.SeleniumDriver] [  913] - <In Set values of the page>
[INFO ][2016-02-09 20:04:26,968][com.java.SeleniumDriver] [  916] - {Data Fields & Data Values Exist}
[INFO ][2016-02-09 20:04:26,970][com.java.SeleniumDriver] [  918] - --------------------------setting values-----------------------------
[INFO ][2016-02-09 20:04:26,970][com.java.SeleniumDriver] [  921] - Action Type : CLICK
[INFO ][2016-02-09 20:04:26,970][com.java.TestType] [ 7148] - Field ::XPH//span[contains(text(),'Balance Sheet')]
[INFO ][2016-02-09 20:04:26,970][com.java.TestType] [ 6747] - value = 
[INFO ][2016-02-09 20:04:27,971][com.java.TestType] [ 7325] - BEFORE CLICK
[INFO ][2016-02-09 20:04:28,784][com.java.TestType] [ 7333] - Unable to click the object BalanceSheet
[INFO ][2016-02-09 20:04:28,784][com.java.SeleniumDriver] [  930] -  RESULT true
[INFO ][2016-02-09 20:04:28,784][com.java.SeleniumDriver] [ 1136] - ?   P A S S   ?
[INFO ][2016-02-09 20:04:28,784][com.java.SeleniumDriver] [  856] - ------------------------------------------
[INFO ][2016-02-09 20:04:28,785][com.java.SeleniumDriver] [  857] - Test case being Executed: 8
[INFO ][2016-02-09 20:04:28,786][com.java.SeleniumDriver] [  869] - Test step:8
[INFO ][2016-02-09 20:04:28,786][com.java.SeleniumDriver] [  881] - Datavalue is----------5
[INFO ][2016-02-09 20:04:28,786][com.java.SeleniumDriver] [  905] - DataField : test
[INFO ][2016-02-09 20:04:28,786][com.java.SeleniumDriver] [  907] - DataValue : 5
[INFO ][2016-02-09 20:04:28,786][com.java.SeleniumDriver] [  913] - <In Set values of the page>
[INFO ][2016-02-09 20:04:28,786][com.java.SeleniumDriver] [  916] - {Data Fields & Data Values Exist}
[INFO ][2016-02-09 20:04:28,786][com.java.SeleniumDriver] [  918] - --------------------------setting values-----------------------------
[INFO ][2016-02-09 20:04:28,786][com.java.SeleniumDriver] [  921] - Action Type : WAITTIME
[DEBUG][2016-02-09 20:04:28,786][com.java.TestType] [ 6561] - sleepTime: 5000
[INFO ][2016-02-09 20:04:33,786][com.java.SeleniumDriver] [  930] -  RESULT true
[INFO ][2016-02-09 20:04:33,786][com.java.SeleniumDriver] [ 1136] - ?   P A S S   ?
[INFO ][2016-02-09 20:04:33,786][com.java.SeleniumDriver] [  856] - ------------------------------------------
[INFO ][2016-02-09 20:04:33,786][com.java.SeleniumDriver] [  857] - Test case being Executed: 8
[INFO ][2016-02-09 20:04:33,786][com.java.SeleniumDriver] [  869] - Test step:9
[INFO ][2016-02-09 20:04:33,786][com.java.SeleniumDriver] [  881] - Datavalue is----------RTD0
[INFO ][2016-02-09 20:04:33,786][com.java.SeleniumDriver] [  905] - DataField : TXT//table[@id="BalSheetTbl"]/tbody//td[4]/input[@class="perVal"]
[INFO ][2016-02-09 20:04:33,786][com.java.SeleniumDriver] [  907] - DataValue : RTD0
[INFO ][2016-02-09 20:04:33,786][com.java.SeleniumDriver] [  913] - <In Set values of the page>
[INFO ][2016-02-09 20:04:33,786][com.java.SeleniumDriver] [  916] - {Data Fields & Data Values Exist}
[INFO ][2016-02-09 20:04:33,786][com.java.SeleniumDriver] [  918] - --------------------------setting values-----------------------------
[INFO ][2016-02-09 20:04:33,786][com.java.SeleniumDriver] [  921] - Action Type : CLEARANDENTER
[INFO ][2016-02-09 20:04:33,939][com.java.TestType] [ 6747] - value = 034
[INFO ][2016-02-09 20:04:34,084][com.java.SeleniumDriver] [  930] -  RESULT true
[INFO ][2016-02-09 20:04:34,084][com.java.SeleniumDriver] [ 1136] - ?   P A S S   ?
[INFO ][2016-02-09 20:04:34,084][com.java.SeleniumDriver] [  856] - ------------------------------------------
[INFO ][2016-02-09 20:04:34,084][com.java.SeleniumDriver] [  857] - Test case being Executed: 8
[INFO ][2016-02-09 20:04:34,084][com.java.SeleniumDriver] [  869] - Test step:10
[INFO ][2016-02-09 20:04:34,084][com.java.SeleniumDriver] [  881] - Datavalue is----------null
[DEBUG][2016-02-09 20:04:34,084][com.java.SeleniumDriver] [  899] - Exception: null
[INFO ][2016-02-09 20:04:34,084][com.java.SeleniumDriver] [  905] - DataField : BTNparent
[INFO ][2016-02-09 20:04:34,084][com.java.SeleniumDriver] [  907] - DataValue : 
[INFO ][2016-02-09 20:04:34,084][com.java.SeleniumDriver] [  913] - <In Set values of the page>
[INFO ][2016-02-09 20:04:34,084][com.java.SeleniumDriver] [  916] - {Data Fields & Data Values Exist}
[INFO ][2016-02-09 20:04:34,085][com.java.SeleniumDriver] [  918] - --------------------------setting values-----------------------------
[INFO ][2016-02-09 20:04:34,085][com.java.SeleniumDriver] [  921] - Action Type : SELECTFRAME
[INFO ][2016-02-09 20:04:34,100][com.java.SeleniumDriver] [  930] -  RESULT true
[INFO ][2016-02-09 20:04:34,100][com.java.SeleniumDriver] [ 1136] - ?   P A S S   ?
[INFO ][2016-02-09 20:04:34,100][com.java.SeleniumDriver] [  856] - ------------------------------------------
[INFO ][2016-02-09 20:04:34,100][com.java.SeleniumDriver] [  857] - Test case being Executed: 8
[INFO ][2016-02-09 20:04:34,100][com.java.SeleniumDriver] [  869] - Test step:11
[INFO ][2016-02-09 20:04:34,100][com.java.SeleniumDriver] [  881] - Datavalue is----------null
[DEBUG][2016-02-09 20:04:34,100][com.java.SeleniumDriver] [  899] - Exception: null
[INFO ][2016-02-09 20:04:34,100][com.java.SeleniumDriver] [  905] - DataField : HDN//span[contains(text(),'Save')]
[INFO ][2016-02-09 20:04:34,100][com.java.SeleniumDriver] [  907] - DataValue : 
[INFO ][2016-02-09 20:04:34,101][com.java.SeleniumDriver] [  913] - <In Set values of the page>
[INFO ][2016-02-09 20:04:34,101][com.java.SeleniumDriver] [  916] - {Data Fields & Data Values Exist}
[INFO ][2016-02-09 20:04:34,101][com.java.SeleniumDriver] [  918] - --------------------------setting values-----------------------------
[INFO ][2016-02-09 20:04:34,101][com.java.SeleniumDriver] [  921] - Action Type : CLICK
[INFO ][2016-02-09 20:04:34,101][com.java.TestType] [ 7148] - Field ::HDN//span[contains(text(),'Save')]
[INFO ][2016-02-09 20:04:34,101][com.java.TestType] [ 6747] - value = 
[INFO ][2016-02-09 20:04:35,421][com.java.SeleniumDriver] [  930] -  RESULT true
[INFO ][2016-02-09 20:04:35,421][com.java.SeleniumDriver] [ 1136] - ?   P A S S   ?
[INFO ][2016-02-09 20:04:35,421][com.java.SeleniumDriver] [  856] - ------------------------------------------
[INFO ][2016-02-09 20:04:35,421][com.java.SeleniumDriver] [  857] - Test case being Executed: 8
[INFO ][2016-02-09 20:04:35,421][com.java.SeleniumDriver] [  869] - Test step:12
[INFO ][2016-02-09 20:04:35,421][com.java.SeleniumDriver] [  881] - Datavalue is----------null
[DEBUG][2016-02-09 20:04:35,421][com.java.SeleniumDriver] [  899] - Exception: null
[INFO ][2016-02-09 20:04:35,421][com.java.SeleniumDriver] [  905] - DataField : XPH//div[@class="menu"]//span[@class='glyphicon glyphicon-bell']
[INFO ][2016-02-09 20:04:35,421][com.java.SeleniumDriver] [  907] - DataValue : 
[INFO ][2016-02-09 20:04:35,422][com.java.SeleniumDriver] [  913] - <In Set values of the page>
[INFO ][2016-02-09 20:04:35,422][com.java.SeleniumDriver] [  916] - {Data Fields & Data Values Exist}
[INFO ][2016-02-09 20:04:35,422][com.java.SeleniumDriver] [  918] - --------------------------setting values-----------------------------
[INFO ][2016-02-09 20:04:35,422][com.java.SeleniumDriver] [  921] - Action Type : CLICK
[INFO ][2016-02-09 20:04:35,422][com.java.TestType] [ 7148] - Field ::XPH//div[@class="menu"]//span[@class='glyphicon glyphicon-bell']
[INFO ][2016-02-09 20:04:35,422][com.java.TestType] [ 6747] - value = 
[INFO ][2016-02-09 20:04:36,422][com.java.TestType] [ 7325] - BEFORE CLICK
[INFO ][2016-02-09 20:04:37,826][com.java.TestType] [ 7333] - Unable to click the object Click on  bell symbol
[INFO ][2016-02-09 20:04:37,826][com.java.SeleniumDriver] [  930] -  RESULT true
[INFO ][2016-02-09 20:04:37,826][com.java.SeleniumDriver] [ 1136] - ?   P A S S   ?
[INFO ][2016-02-09 20:04:37,826][com.java.SeleniumDriver] [  856] - ------------------------------------------
[INFO ][2016-02-09 20:04:37,826][com.java.SeleniumDriver] [  857] - Test case being Executed: 8
[INFO ][2016-02-09 20:04:37,828][com.java.SeleniumDriver] [  869] - Test step:13
[INFO ][2016-02-09 20:04:37,828][com.java.SeleniumDriver] [  881] - Datavalue is----------null
[DEBUG][2016-02-09 20:04:37,828][com.java.SeleniumDriver] [  899] - Exception: null
[INFO ][2016-02-09 20:04:37,828][com.java.SeleniumDriver] [  905] - DataField : XPH//div[contains(@class,'rightMenuContainer')]//div[@class="menu-drawer"]
[INFO ][2016-02-09 20:04:37,828][com.java.SeleniumDriver] [  907] - DataValue : 
[INFO ][2016-02-09 20:04:37,828][com.java.SeleniumDriver] [  913] - <In Set values of the page>
[INFO ][2016-02-09 20:04:37,828][com.java.SeleniumDriver] [  916] - {Data Fields & Data Values Exist}
[INFO ][2016-02-09 20:04:37,828][com.java.SeleniumDriver] [  918] - --------------------------setting values-----------------------------
[INFO ][2016-02-09 20:04:37,828][com.java.SeleniumDriver] [  921] - Action Type : CLICK
[INFO ][2016-02-09 20:04:37,828][com.java.TestType] [ 7148] - Field ::XPH//div[contains(@class,'rightMenuContainer')]//div[@class="menu-drawer"]
[INFO ][2016-02-09 20:04:37,828][com.java.TestType] [ 6747] - value = 
[INFO ][2016-02-09 20:04:38,828][com.java.TestType] [ 7325] - BEFORE CLICK
[INFO ][2016-02-09 20:04:39,759][com.java.TestType] [ 7333] - Unable to click the object Click on the Today's Alert Page
[INFO ][2016-02-09 20:04:39,759][com.java.SeleniumDriver] [  930] -  RESULT true
[INFO ][2016-02-09 20:04:39,759][com.java.SeleniumDriver] [ 1136] - ?   P A S S   ?
[INFO ][2016-02-09 20:04:39,759][com.java.SeleniumDriver] [  856] - ------------------------------------------
[INFO ][2016-02-09 20:04:39,759][com.java.SeleniumDriver] [  857] - Test case being Executed: 8
[INFO ][2016-02-09 20:04:39,759][com.java.SeleniumDriver] [  869] - Test step:14
[INFO ][2016-02-09 20:04:39,759][com.java.SeleniumDriver] [  881] - Datavalue is----------//div[@class="menu-drawer"]//span
[INFO ][2016-02-09 20:04:39,759][com.java.SeleniumDriver] [  905] - DataField : BTN
[INFO ][2016-02-09 20:04:39,759][com.java.SeleniumDriver] [  907] - DataValue : //div[@class="menu-drawer"]//span
[INFO ][2016-02-09 20:04:39,759][com.java.SeleniumDriver] [  913] - <In Set values of the page>
[INFO ][2016-02-09 20:04:39,759][com.java.SeleniumDriver] [  916] - {Data Fields & Data Values Exist}
[INFO ][2016-02-09 20:04:39,759][com.java.SeleniumDriver] [  918] - --------------------------setting values-----------------------------
[INFO ][2016-02-09 20:04:39,759][com.java.SeleniumDriver] [  921] - Action Type : VERIFY
[INFO ][2016-02-09 20:04:39,760][com.java.TestType] [ 8381] - field= BTN value= //div[@class="menu-drawer"]//span
[INFO ][2016-02-09 20:04:39,760][com.java.TestType] [ 6747] - value = //div[@class="menu-drawer"]//span
[INFO ][2016-02-09 20:04:39,863][com.java.SeleniumDriver] [  930] -  RESULT true
[INFO ][2016-02-09 20:04:39,863][com.java.SeleniumDriver] [ 1136] - ?   P A S S   ?
[INFO ][2016-02-09 20:04:39,863][com.java.SeleniumDriver] [  856] - ------------------------------------------
[INFO ][2016-02-09 20:04:39,863][com.java.SeleniumDriver] [  857] - Test case being Executed: 8
[INFO ][2016-02-09 20:04:39,863][com.java.SeleniumDriver] [  869] - Test step:15
[INFO ][2016-02-09 20:04:39,863][com.java.SeleniumDriver] [  881] - Datavalue is----------//div[@id='isAlertsHeading']/h4
[INFO ][2016-02-09 20:04:39,864][com.java.SeleniumDriver] [  905] - DataField : BTN
[INFO ][2016-02-09 20:04:39,864][com.java.SeleniumDriver] [  907] - DataValue : //div[@id='isAlertsHeading']/h4
[INFO ][2016-02-09 20:04:39,864][com.java.SeleniumDriver] [  913] - <In Set values of the page>
[INFO ][2016-02-09 20:04:39,864][com.java.SeleniumDriver] [  916] - {Data Fields & Data Values Exist}
[INFO ][2016-02-09 20:04:39,864][com.java.SeleniumDriver] [  918] - --------------------------setting values-----------------------------
[INFO ][2016-02-09 20:04:39,864][com.java.SeleniumDriver] [  921] - Action Type : VERIFY
[INFO ][2016-02-09 20:04:39,864][com.java.TestType] [ 8381] - field= BTN value= //div[@id='isAlertsHeading']/h4
[INFO ][2016-02-09 20:04:39,864][com.java.TestType] [ 6747] - value = //div[@id='isAlertsHeading']/h4
[INFO ][2016-02-09 20:04:39,935][com.java.SeleniumDriver] [  930] -  RESULT true
[INFO ][2016-02-09 20:04:39,935][com.java.SeleniumDriver] [ 1136] - ?   P A S S   ?
[INFO ][2016-02-09 20:04:39,935][com.java.SeleniumDriver] [  856] - ------------------------------------------
[INFO ][2016-02-09 20:04:39,935][com.java.SeleniumDriver] [  857] - Test case being Executed: 8
[INFO ][2016-02-09 20:04:39,935][com.java.SeleniumDriver] [  869] - Test step:16
[INFO ][2016-02-09 20:04:39,935][com.java.SeleniumDriver] [  881] - Datavalue is----------null
[DEBUG][2016-02-09 20:04:39,936][com.java.SeleniumDriver] [  899] - Exception: null
[INFO ][2016-02-09 20:04:39,936][com.java.SeleniumDriver] [  905] - DataField : XPH//div[@class="panel panel-default ng-scope"]/div[@id='bsAlertsHeading']/h4
[INFO ][2016-02-09 20:04:39,936][com.java.SeleniumDriver] [  907] - DataValue : 
[INFO ][2016-02-09 20:04:39,936][com.java.SeleniumDriver] [  913] - <In Set values of the page>
[INFO ][2016-02-09 20:04:39,936][com.java.SeleniumDriver] [  916] - {Data Fields & Data Values Exist}
[INFO ][2016-02-09 20:04:39,936][com.java.SeleniumDriver] [  918] - --------------------------setting values-----------------------------
[INFO ][2016-02-09 20:04:39,936][com.java.SeleniumDriver] [  921] - Action Type : CLICK
[INFO ][2016-02-09 20:04:39,936][com.java.TestType] [ 7148] - Field ::XPH//div[@class="panel panel-default ng-scope"]/div[@id='bsAlertsHeading']/h4
[INFO ][2016-02-09 20:04:39,936][com.java.TestType] [ 6747] - value = 
[INFO ][2016-02-09 20:04:40,936][com.java.TestType] [ 7325] - BEFORE CLICK
[INFO ][2016-02-09 20:04:41,864][com.java.TestType] [ 7333] - Unable to click the object Click on Income Statement tab
[INFO ][2016-02-09 20:04:41,864][com.java.SeleniumDriver] [  930] -  RESULT true
[INFO ][2016-02-09 20:04:41,864][com.java.SeleniumDriver] [ 1136] - ?   P A S S   ?
[INFO ][2016-02-09 20:04:41,864][com.java.SeleniumDriver] [  856] - ------------------------------------------
[INFO ][2016-02-09 20:04:41,865][com.java.SeleniumDriver] [  857] - Test case being Executed: 8
[INFO ][2016-02-09 20:04:41,865][com.java.SeleniumDriver] [  869] - Test step:17
[INFO ][2016-02-09 20:04:41,865][com.java.SeleniumDriver] [  881] - Datavalue is----------5
[INFO ][2016-02-09 20:04:41,865][com.java.SeleniumDriver] [  905] - DataField : null
[INFO ][2016-02-09 20:04:41,865][com.java.SeleniumDriver] [  907] - DataValue : 5
[INFO ][2016-02-09 20:04:41,865][com.java.SeleniumDriver] [  913] - <In Set values of the page>
[INFO ][2016-02-09 20:04:41,865][com.java.SeleniumDriver] [  916] - {Data Fields & Data Values Exist}
[INFO ][2016-02-09 20:04:41,865][com.java.SeleniumDriver] [  918] - --------------------------setting values-----------------------------
[INFO ][2016-02-09 20:04:41,865][com.java.SeleniumDriver] [  921] - Action Type : WAITTIME
[DEBUG][2016-02-09 20:04:41,865][com.java.TestType] [ 6561] - sleepTime: 5000
[INFO ][2016-02-09 20:04:46,865][com.java.SeleniumDriver] [  930] -  RESULT true
[INFO ][2016-02-09 20:04:46,865][com.java.SeleniumDriver] [ 1136] - ?   P A S S   ?
[INFO ][2016-02-09 20:04:46,865][com.java.SeleniumDriver] [  856] - ------------------------------------------
[INFO ][2016-02-09 20:04:46,865][com.java.SeleniumDriver] [  857] - Test case being Executed: 8
[INFO ][2016-02-09 20:04:46,865][com.java.SeleniumDriver] [  869] - Test step:18
[INFO ][2016-02-09 20:04:46,865][com.java.SeleniumDriver] [  881] - Datavalue is----------//div[@id='bsAlertsContent']//div[@class="ng-binding"]
[INFO ][2016-02-09 20:04:46,865][com.java.SeleniumDriver] [  905] - DataField : BTN
[INFO ][2016-02-09 20:04:46,865][com.java.SeleniumDriver] [  907] - DataValue : //div[@id='bsAlertsContent']//div[@class="ng-binding"]
[INFO ][2016-02-09 20:04:46,865][com.java.SeleniumDriver] [  913] - <In Set values of the page>
[INFO ][2016-02-09 20:04:46,865][com.java.SeleniumDriver] [  916] - {Data Fields & Data Values Exist}
[INFO ][2016-02-09 20:04:46,865][com.java.SeleniumDriver] [  918] - --------------------------setting values-----------------------------
[INFO ][2016-02-09 20:04:46,865][com.java.SeleniumDriver] [  921] - Action Type : VERIFY
[INFO ][2016-02-09 20:04:46,866][com.java.TestType] [ 8381] - field= BTN value= //div[@id='bsAlertsContent']//div[@class="ng-binding"]
[INFO ][2016-02-09 20:04:46,866][com.java.TestType] [ 6747] - value = //div[@id='bsAlertsContent']//div[@class="ng-binding"]
