[INFO ][2015-11-04 14:36:21,943][com.java.SeleniumDriver] [  213] - Execute Failed Casesfalse
[INFO ][2015-11-04 14:36:21,953][com.java.SeleniumDriver] [  214] - Browser: IE11
[INFO ][2015-11-04 14:36:21,953][com.java.SeleniumDriver] [  215] - [1, 7]
[INFO ][2015-11-04 14:36:21,953][com.java.SeleniumDriver] [  216] - Total TestCases:2
[INFO ][2015-11-04 14:36:21,953][com.java.SeleniumDriver] [  217] -  Reading Properties from Property File 
[DEBUG][2015-11-04 14:36:21,953][com.java.SeleniumDriver] [  238] - url : https://clients-xuat.bankersdashboard.com
[INFO ][2015-11-04 14:36:21,953][com.java.ImportnExport.ExportTestResultsExcel] [  116] - Time Stamp Wed Nov 04 02:36:21 IST 2015
[INFO ][2015-11-04 14:36:21,953][com.java.ImportnExport.ExportTestResultsExcel] [  175] - OUT FILE : D:\BankersDashboard/TestReports/Test Results_BankersDashBoard_110415_143621_IE11_Bank of North Carolina.xls
[INFO ][2015-11-04 14:36:21,984][com.java.ImportnExport.ExportTestResultsExcel] [  180] - Test Result file is created
[DEBUG][2015-11-04 14:36:22,084][com.java.SeleniumDriver] [  425] - Hub ip address is-------172.17.68.34
[INFO ][2015-11-04 14:36:22,084][com.java.SeleniumDriver] [  451] - Grid URL:http://172.17.68.34:4444/wd/hub
[INFO ][2015-11-04 14:36:22,084][com.java.SeleniumDriver] [  452] - Capability:Capabilities [{platform=ANY, ensureCleanSession=true, ignoreProtectedModeSettings=true, acceptSslCerts=true, ignoreZoomSetting=true, browserName=internet explorer, browserstack.ie.noFlash=true, version=Node1}]
[ERROR][2015-11-04 14:36:23,374][com.java.SeleniumDriver] [  496] - Unable invoke browser in grid:Could not start a new session. Possible causes are invalid address of the remote server or browser start-up failure.
Build info: version: '2.48.2', revision: '41bccdd', time: '2015-10-09 19:59:12'
System info: host: 'FVTIII438F1D', ip: '172.17.68.34', os.name: 'Windows 7', os.arch: 'x86', os.version: '6.1', java.version: '1.7.0_55'
Driver info: driver.version: SeleniumDriver
[INFO ][2015-11-04 14:36:23,374][com.java.SeleniumDriver] [  498] - Executing on local machine
[INFO ][2015-11-04 14:36:32,771][com.java.SeleniumDriver] [  248] - IE11is opened
[INFO ][2015-11-04 14:36:33,661][com.java.SeleniumDriver] [  752] - Test cases to be executed are: [1, 7]
[INFO ][2015-11-04 14:36:33,661][com.java.ImportnExport.ImportTestDataDetailsExcel] [   49] - test data details path===== D:\BankersDashboard\TestInputs\TestData.xls
[INFO ][2015-11-04 14:36:44,625][com.java.SeleniumDriver] [  788] - ------------------------------------------
[INFO ][2015-11-04 14:36:44,625][com.java.SeleniumDriver] [  789] - Test case being Executed: 1
[INFO ][2015-11-04 14:36:44,626][com.java.SeleniumDriver] [  800] - Test step:1
[INFO ][2015-11-04 14:36:44,626][com.java.SeleniumDriver] [  812] - Datavalue is----------Concept#1:1-14
[INFO ][2015-11-04 14:36:44,626][com.java.SeleniumDriver] [  836] - DataField : test
[INFO ][2015-11-04 14:36:44,626][com.java.SeleniumDriver] [  838] - DataValue : Concept#1:1-14
[INFO ][2015-11-04 14:36:44,626][com.java.SeleniumDriver] [  844] - <In Set values of the page>
[INFO ][2015-11-04 14:36:44,626][com.java.SeleniumDriver] [  847] - {Data Fields & Data Values Exist}
[INFO ][2015-11-04 14:36:44,626][com.java.SeleniumDriver] [  849] - --------------------------setting values-----------------------------
[INFO ][2015-11-04 14:36:44,626][com.java.SeleniumDriver] [  852] - Action Type : ExecuteTestCase
[INFO ][2015-11-04 14:36:44,656][com.java.TestType] [  411] - The Concept sheet name is ---------- Concept
[INFO ][2015-11-04 14:36:44,656][com.java.TestType] [  414] - The Concept ID  is ---------- 1
[DEBUG][2015-11-04 14:36:44,656][com.java.TestType] [  418] - Steps being executted in the Concept are: 1:14
[INFO ][2015-11-04 14:36:44,656][com.java.TestType] [  425] - Test data details path ---------- D:\BankersDashboard\TestInputs\TestData.xls
[INFO ][2015-11-04 14:36:44,696][com.java.TestType] [  456] -  str(1) = 1
[INFO ][2015-11-04 14:36:44,696][com.java.TestType] [  459] - Test case Id is---1
[INFO ][2015-11-04 14:36:44,696][com.java.TestType] [  461] - 1
[INFO ][2015-11-04 14:36:44,696][com.java.TestType] [  456] -  str(2) = 1
[INFO ][2015-11-04 14:36:44,696][com.java.TestType] [  508] - row values are--------{1=com.java.Objects.TestDataDetails@28842f}
[INFO ][2015-11-04 14:36:44,696][com.java.TestType] [  456] -  str(1) = 1
[INFO ][2015-11-04 14:36:44,696][com.java.TestType] [  459] - Test case Id is---1
[INFO ][2015-11-04 14:36:44,696][com.java.TestType] [  461] - 1
[INFO ][2015-11-04 14:36:44,696][com.java.TestType] [  456] -  str(2) = 2
[INFO ][2015-11-04 14:36:44,696][com.java.TestType] [  508] - row values are--------{1=com.java.Objects.TestDataDetails@28842f, 2=com.java.Objects.TestDataDetails@8c6997}
[INFO ][2015-11-04 14:36:44,696][com.java.TestType] [  456] -  str(1) = 1
[INFO ][2015-11-04 14:36:44,696][com.java.TestType] [  459] - Test case Id is---1
[INFO ][2015-11-04 14:36:44,696][com.java.TestType] [  461] - 1
[INFO ][2015-11-04 14:36:44,696][com.java.TestType] [  456] -  str(2) = 3
[INFO ][2015-11-04 14:36:44,696][com.java.TestType] [  508] - row values are--------{1=com.java.Objects.TestDataDetails@28842f, 2=com.java.Objects.TestDataDetails@8c6997, 3=com.java.Objects.TestDataDetails@18eccb7}
[INFO ][2015-11-04 14:36:44,696][com.java.TestType] [  456] -  str(1) = 1
[INFO ][2015-11-04 14:36:44,696][com.java.TestType] [  459] - Test case Id is---1
[INFO ][2015-11-04 14:36:44,696][com.java.TestType] [  461] - 1
[INFO ][2015-11-04 14:36:44,696][com.java.TestType] [  456] -  str(2) = 4
[INFO ][2015-11-04 14:36:44,706][com.java.TestType] [  508] - row values are--------{1=com.java.Objects.TestDataDetails@28842f, 2=com.java.Objects.TestDataDetails@8c6997, 3=com.java.Objects.TestDataDetails@18eccb7, 4=com.java.Objects.TestDataDetails@1654df1}
[INFO ][2015-11-04 14:36:44,706][com.java.TestType] [  456] -  str(1) = 1
[INFO ][2015-11-04 14:36:44,706][com.java.TestType] [  459] - Test case Id is---1
[INFO ][2015-11-04 14:36:44,706][com.java.TestType] [  461] - 1
[INFO ][2015-11-04 14:36:44,706][com.java.TestType] [  456] -  str(2) = 5
[INFO ][2015-11-04 14:36:44,706][com.java.TestType] [  508] - row values are--------{1=com.java.Objects.TestDataDetails@28842f, 2=com.java.Objects.TestDataDetails@8c6997, 3=com.java.Objects.TestDataDetails@18eccb7, 4=com.java.Objects.TestDataDetails@1654df1, 5=com.java.Objects.TestDataDetails@1961e2a}
[INFO ][2015-11-04 14:36:44,706][com.java.TestType] [  456] -  str(1) = 1
[INFO ][2015-11-04 14:36:44,706][com.java.TestType] [  459] - Test case Id is---1
[INFO ][2015-11-04 14:36:44,706][com.java.TestType] [  461] - 1
[INFO ][2015-11-04 14:36:44,706][com.java.TestType] [  456] -  str(2) = 6
[INFO ][2015-11-04 14:36:44,706][com.java.TestType] [  508] - row values are--------{1=com.java.Objects.TestDataDetails@28842f, 2=com.java.Objects.TestDataDetails@8c6997, 3=com.java.Objects.TestDataDetails@18eccb7, 4=com.java.Objects.TestDataDetails@1654df1, 5=com.java.Objects.TestDataDetails@1961e2a, 6=com.java.Objects.TestDataDetails@16f77b6}
[INFO ][2015-11-04 14:36:44,706][com.java.TestType] [  456] -  str(1) = 1
[INFO ][2015-11-04 14:36:44,706][com.java.TestType] [  459] - Test case Id is---1
[INFO ][2015-11-04 14:36:44,706][com.java.TestType] [  461] - 1
[INFO ][2015-11-04 14:36:44,706][com.java.TestType] [  456] -  str(2) = 7
[INFO ][2015-11-04 14:36:44,706][com.java.TestType] [  508] - row values are--------{1=com.java.Objects.TestDataDetails@28842f, 2=com.java.Objects.TestDataDetails@8c6997, 3=com.java.Objects.TestDataDetails@18eccb7, 4=com.java.Objects.TestDataDetails@1654df1, 5=com.java.Objects.TestDataDetails@1961e2a, 6=com.java.Objects.TestDataDetails@16f77b6, 7=com.java.Objects.TestDataDetails@3f09f4}
[INFO ][2015-11-04 14:36:44,706][com.java.TestType] [  456] -  str(1) = 1
[INFO ][2015-11-04 14:36:44,706][com.java.TestType] [  459] - Test case Id is---1
[INFO ][2015-11-04 14:36:44,706][com.java.TestType] [  461] - 1
[INFO ][2015-11-04 14:36:44,706][com.java.TestType] [  456] -  str(2) = 8
[INFO ][2015-11-04 14:36:44,706][com.java.TestType] [  508] - row values are--------{1=com.java.Objects.TestDataDetails@28842f, 2=com.java.Objects.TestDataDetails@8c6997, 3=com.java.Objects.TestDataDetails@18eccb7, 4=com.java.Objects.TestDataDetails@1654df1, 5=com.java.Objects.TestDataDetails@1961e2a, 6=com.java.Objects.TestDataDetails@16f77b6, 7=com.java.Objects.TestDataDetails@3f09f4, 8=com.java.Objects.TestDataDetails@7209a3}
[INFO ][2015-11-04 14:36:44,706][com.java.TestType] [  456] -  str(1) = 1
[INFO ][2015-11-04 14:36:44,706][com.java.TestType] [  459] - Test case Id is---1
[INFO ][2015-11-04 14:36:44,706][com.java.TestType] [  461] - 1
[INFO ][2015-11-04 14:36:44,706][com.java.TestType] [  456] -  str(2) = 9
[INFO ][2015-11-04 14:36:44,706][com.java.TestType] [  508] - row values are--------{1=com.java.Objects.TestDataDetails@28842f, 2=com.java.Objects.TestDataDetails@8c6997, 3=com.java.Objects.TestDataDetails@18eccb7, 4=com.java.Objects.TestDataDetails@1654df1, 5=com.java.Objects.TestDataDetails@1961e2a, 6=com.java.Objects.TestDataDetails@16f77b6, 7=com.java.Objects.TestDataDetails@3f09f4, 8=com.java.Objects.TestDataDetails@7209a3, 9=com.java.Objects.TestDataDetails@9156c3}
[INFO ][2015-11-04 14:36:44,706][com.java.TestType] [  456] -  str(1) = 1
[INFO ][2015-11-04 14:36:44,706][com.java.TestType] [  459] - Test case Id is---1
[INFO ][2015-11-04 14:36:44,706][com.java.TestType] [  461] - 1
[INFO ][2015-11-04 14:36:44,706][com.java.TestType] [  456] -  str(2) = 10
[INFO ][2015-11-04 14:36:44,706][com.java.TestType] [  508] - row values are--------{1=com.java.Objects.TestDataDetails@28842f, 2=com.java.Objects.TestDataDetails@8c6997, 3=com.java.Objects.TestDataDetails@18eccb7, 4=com.java.Objects.TestDataDetails@1654df1, 5=com.java.Objects.TestDataDetails@1961e2a, 6=com.java.Objects.TestDataDetails@16f77b6, 7=com.java.Objects.TestDataDetails@3f09f4, 8=com.java.Objects.TestDataDetails@7209a3, 9=com.java.Objects.TestDataDetails@9156c3, 10=com.java.Objects.TestDataDetails@62a8d2}
[INFO ][2015-11-04 14:36:44,706][com.java.TestType] [  456] -  str(1) = 1
[INFO ][2015-11-04 14:36:44,706][com.java.TestType] [  459] - Test case Id is---1
[INFO ][2015-11-04 14:36:44,706][com.java.TestType] [  461] - 1
[INFO ][2015-11-04 14:36:44,706][com.java.TestType] [  456] -  str(2) = 11
[INFO ][2015-11-04 14:36:44,716][com.java.TestType] [  508] - row values are--------{1=com.java.Objects.TestDataDetails@28842f, 2=com.java.Objects.TestDataDetails@8c6997, 3=com.java.Objects.TestDataDetails@18eccb7, 4=com.java.Objects.TestDataDetails@1654df1, 5=com.java.Objects.TestDataDetails@1961e2a, 6=com.java.Objects.TestDataDetails@16f77b6, 7=com.java.Objects.TestDataDetails@3f09f4, 8=com.java.Objects.TestDataDetails@7209a3, 9=com.java.Objects.TestDataDetails@9156c3, 10=com.java.Objects.TestDataDetails@62a8d2, 11=com.java.Objects.TestDataDetails@6d5af1}
[INFO ][2015-11-04 14:36:44,716][com.java.TestType] [  456] -  str(1) = 1
[INFO ][2015-11-04 14:36:44,716][com.java.TestType] [  459] - Test case Id is---1
[INFO ][2015-11-04 14:36:44,716][com.java.TestType] [  461] - 1
[INFO ][2015-11-04 14:36:44,716][com.java.TestType] [  456] -  str(2) = 12
[INFO ][2015-11-04 14:36:44,716][com.java.TestType] [  508] - row values are--------{1=com.java.Objects.TestDataDetails@28842f, 2=com.java.Objects.TestDataDetails@8c6997, 3=com.java.Objects.TestDataDetails@18eccb7, 4=com.java.Objects.TestDataDetails@1654df1, 5=com.java.Objects.TestDataDetails@1961e2a, 6=com.java.Objects.TestDataDetails@16f77b6, 7=com.java.Objects.TestDataDetails@3f09f4, 8=com.java.Objects.TestDataDetails@7209a3, 9=com.java.Objects.TestDataDetails@9156c3, 10=com.java.Objects.TestDataDetails@62a8d2, 11=com.java.Objects.TestDataDetails@6d5af1, 12=com.java.Objects.TestDataDetails@111c0d7}
[INFO ][2015-11-04 14:36:44,716][com.java.TestType] [  456] -  str(1) = 1
[INFO ][2015-11-04 14:36:44,716][com.java.TestType] [  459] - Test case Id is---1
[INFO ][2015-11-04 14:36:44,716][com.java.TestType] [  461] - 1
[INFO ][2015-11-04 14:36:44,716][com.java.TestType] [  456] -  str(2) = 13
[INFO ][2015-11-04 14:36:44,716][com.java.TestType] [  508] - row values are--------{1=com.java.Objects.TestDataDetails@28842f, 2=com.java.Objects.TestDataDetails@8c6997, 3=com.java.Objects.TestDataDetails@18eccb7, 4=com.java.Objects.TestDataDetails@1654df1, 5=com.java.Objects.TestDataDetails@1961e2a, 6=com.java.Objects.TestDataDetails@16f77b6, 7=com.java.Objects.TestDataDetails@3f09f4, 8=com.java.Objects.TestDataDetails@7209a3, 9=com.java.Objects.TestDataDetails@9156c3, 10=com.java.Objects.TestDataDetails@62a8d2, 11=com.java.Objects.TestDataDetails@6d5af1, 12=com.java.Objects.TestDataDetails@111c0d7, 13=com.java.Objects.TestDataDetails@dc8a29}
[INFO ][2015-11-04 14:36:44,716][com.java.TestType] [  456] -  str(1) = 1
[INFO ][2015-11-04 14:36:44,716][com.java.TestType] [  459] - Test case Id is---1
[INFO ][2015-11-04 14:36:44,716][com.java.TestType] [  461] - 1
[INFO ][2015-11-04 14:36:44,716][com.java.TestType] [  456] -  str(2) = 14
[INFO ][2015-11-04 14:36:44,716][com.java.TestType] [  508] - row values are--------{1=com.java.Objects.TestDataDetails@28842f, 2=com.java.Objects.TestDataDetails@8c6997, 3=com.java.Objects.TestDataDetails@18eccb7, 4=com.java.Objects.TestDataDetails@1654df1, 5=com.java.Objects.TestDataDetails@1961e2a, 6=com.java.Objects.TestDataDetails@16f77b6, 7=com.java.Objects.TestDataDetails@3f09f4, 8=com.java.Objects.TestDataDetails@7209a3, 9=com.java.Objects.TestDataDetails@9156c3, 10=com.java.Objects.TestDataDetails@62a8d2, 11=com.java.Objects.TestDataDetails@6d5af1, 12=com.java.Objects.TestDataDetails@111c0d7, 13=com.java.Objects.TestDataDetails@dc8a29, 14=com.java.Objects.TestDataDetails@1192410}
[INFO ][2015-11-04 14:36:44,716][com.java.TestType] [ 7899] - Looping 1TCID = 1
[DEBUG][2015-11-04 14:36:44,716][com.java.TestType] [ 7940] - Concept ID:1 :: Step being Executed: 1::1
[INFO ][2015-11-04 14:36:44,716][com.java.TestType] [ 7978] - dataFields : TXTusername
[DEBUG][2015-11-04 14:36:44,716][com.java.TestType] [ 7984] - <In Set values of the page>
[DEBUG][2015-11-04 14:36:44,716][com.java.TestType] [ 7989] - {Data Fields & Data Values Exist}
[INFO ][2015-11-04 14:36:44,716][com.java.TestType] [ 7995] - --------------------------setting values-----------------------------
[INFO ][2015-11-04 14:36:44,716][com.java.TestType] [ 7998] - Action Type : CLEARANDENTER
[INFO ][2015-11-04 14:36:44,716][com.java.TestType] [ 3750] - value = valuelabs.ie11.33527
[INFO ][2015-11-04 14:36:49,552][com.java.TestType] [ 8017] -  RESULT true
[INFO ][2015-11-04 14:36:49,552][com.java.TestType] [ 8134] - ?   P A S S   ?
[DEBUG][2015-11-04 14:36:49,552][com.java.TestType] [ 7940] - Concept ID:1 :: Step being Executed: 1::2
[INFO ][2015-11-04 14:36:49,552][com.java.TestType] [ 7978] - dataFields : TXTpassword
[DEBUG][2015-11-04 14:36:49,552][com.java.TestType] [ 7984] - <In Set values of the page>
[DEBUG][2015-11-04 14:36:49,552][com.java.TestType] [ 7989] - {Data Fields & Data Values Exist}
[INFO ][2015-11-04 14:36:49,552][com.java.TestType] [ 7995] - --------------------------setting values-----------------------------
[INFO ][2015-11-04 14:36:49,552][com.java.TestType] [ 7998] - Action Type : CLEARANDENTER
[INFO ][2015-11-04 14:36:49,552][com.java.TestType] [ 3750] - value = Password1*
[INFO ][2015-11-04 14:36:54,502][com.java.TestType] [ 8017] -  RESULT true
[INFO ][2015-11-04 14:36:54,502][com.java.TestType] [ 8134] - ?   P A S S   ?
[DEBUG][2015-11-04 14:36:54,502][com.java.TestType] [ 7940] - Concept ID:1 :: Step being Executed: 1::3
[ERROR][2015-11-04 14:36:54,502][com.java.TestType] [ 7973] - Exception: null
[INFO ][2015-11-04 14:36:54,502][com.java.TestType] [ 7978] - dataFields : XPH//button[@type='submit']
[DEBUG][2015-11-04 14:36:54,502][com.java.TestType] [ 7984] - <In Set values of the page>
[DEBUG][2015-11-04 14:36:54,502][com.java.TestType] [ 7989] - {Data Fields & Data Values Exist}
[INFO ][2015-11-04 14:36:54,502][com.java.TestType] [ 7995] - --------------------------setting values-----------------------------
[INFO ][2015-11-04 14:36:54,502][com.java.TestType] [ 7998] - Action Type : Click
[INFO ][2015-11-04 14:36:54,502][com.java.TestType] [ 4063] - Field ::XPH//button[@type='submit']
[INFO ][2015-11-04 14:36:55,502][com.java.TestType] [ 4122] - BEFORE CLICK
[INFO ][2015-11-04 14:36:56,342][com.java.TestType] [ 4130] - Unable to click the object Login
[INFO ][2015-11-04 14:36:56,342][com.java.TestType] [ 8017] -  RESULT true
[INFO ][2015-11-04 14:36:56,342][com.java.TestType] [ 8134] - ?   P A S S   ?
[DEBUG][2015-11-04 14:36:56,342][com.java.TestType] [ 7940] - Concept ID:1 :: Step being Executed: 1::4
[INFO ][2015-11-04 14:36:56,342][com.java.TestType] [ 7978] - dataFields : LNKLogout
[DEBUG][2015-11-04 14:36:56,342][com.java.TestType] [ 7984] - <In Set values of the page>
[DEBUG][2015-11-04 14:36:56,342][com.java.TestType] [ 7989] - {Data Fields & Data Values Exist}
[INFO ][2015-11-04 14:36:56,342][com.java.TestType] [ 7995] - --------------------------setting values-----------------------------
[INFO ][2015-11-04 14:36:56,342][com.java.TestType] [ 7998] - Action Type : WaitForElement
[INFO ][2015-11-04 14:37:05,988][com.java.TestType] [ 8017] -  RESULT true
[INFO ][2015-11-04 14:37:05,988][com.java.TestType] [ 8134] - ?   P A S S   ?
[DEBUG][2015-11-04 14:37:05,988][com.java.TestType] [ 7940] - Concept ID:1 :: Step being Executed: 1::13
[INFO ][2015-11-04 14:37:05,988][com.java.TestType] [ 7978] - dataFields : LNK
[DEBUG][2015-11-04 14:37:05,988][com.java.TestType] [ 7984] - <In Set values of the page>
[DEBUG][2015-11-04 14:37:05,988][com.java.TestType] [ 7989] - {Data Fields & Data Values Exist}
[INFO ][2015-11-04 14:37:05,988][com.java.TestType] [ 7995] - --------------------------setting values-----------------------------
[INFO ][2015-11-04 14:37:05,988][com.java.TestType] [ 7998] - Action Type : Verify
[INFO ][2015-11-04 14:37:05,988][com.java.TestType] [ 4876] - field= LNK value= Logout
[INFO ][2015-11-04 14:37:05,988][com.java.TestType] [ 3750] - value = Logout
[INFO ][2015-11-04 14:37:06,029][com.java.TestType] [ 8017] -  RESULT true
[INFO ][2015-11-04 14:37:06,029][com.java.TestType] [ 8134] - ?   P A S S   ?
[DEBUG][2015-11-04 14:37:06,029][com.java.TestType] [ 7940] - Concept ID:1 :: Step being Executed: 1::14
[INFO ][2015-11-04 14:37:06,029][com.java.TestType] [ 7978] - dataFields : BTN
[DEBUG][2015-11-04 14:37:06,029][com.java.TestType] [ 7984] - <In Set values of the page>
[DEBUG][2015-11-04 14:37:06,029][com.java.TestType] [ 7989] - {Data Fields & Data Values Exist}
[INFO ][2015-11-04 14:37:06,029][com.java.TestType] [ 7995] - --------------------------setting values-----------------------------
[INFO ][2015-11-04 14:37:06,029][com.java.TestType] [ 7998] - Action Type : Verify
[INFO ][2015-11-04 14:37:06,029][com.java.TestType] [ 4876] - field= BTN value= //img[contains(@src,'bdlogo.jpg')]
[INFO ][2015-11-04 14:37:06,029][com.java.TestType] [ 3750] - value = //img[contains(@src,'bdlogo.jpg')]
[INFO ][2015-11-04 14:37:06,069][com.java.TestType] [ 8017] -  RESULT true
[INFO ][2015-11-04 14:37:06,069][com.java.TestType] [ 8134] - ?   P A S S   ?
[INFO ][2015-11-04 14:37:06,069][com.java.TestType] [ 8205] - Looping End......
[INFO ][2015-11-04 14:37:06,069][com.java.SeleniumDriver] [  861] -  RESULT true
[INFO ][2015-11-04 14:37:06,069][com.java.SeleniumDriver] [ 1066] - ?   P A S S   ?
[INFO ][2015-11-04 14:37:06,069][com.java.SeleniumDriver] [  788] - ------------------------------------------
[INFO ][2015-11-04 14:37:06,069][com.java.SeleniumDriver] [  789] - Test case being Executed: 1
[INFO ][2015-11-04 14:37:06,069][com.java.SeleniumDriver] [  800] - Test step:2
[INFO ][2015-11-04 14:37:06,069][com.java.SeleniumDriver] [  812] - Datavalue is----------Concept#2:1-2
[INFO ][2015-11-04 14:37:06,069][com.java.SeleniumDriver] [  836] - DataField : test
[INFO ][2015-11-04 14:37:06,069][com.java.SeleniumDriver] [  838] - DataValue : Concept#2:1-2
[INFO ][2015-11-04 14:37:06,069][com.java.SeleniumDriver] [  844] - <In Set values of the page>
[INFO ][2015-11-04 14:37:06,069][com.java.SeleniumDriver] [  847] - {Data Fields & Data Values Exist}
[INFO ][2015-11-04 14:37:06,069][com.java.SeleniumDriver] [  849] - --------------------------setting values-----------------------------
[INFO ][2015-11-04 14:37:06,069][com.java.SeleniumDriver] [  852] - Action Type : ExecuteTestCase
[INFO ][2015-11-04 14:37:06,069][com.java.TestType] [  411] - The Concept sheet name is ---------- Concept
[INFO ][2015-11-04 14:37:06,069][com.java.TestType] [  414] - The Concept ID  is ---------- 2
[DEBUG][2015-11-04 14:37:06,069][com.java.TestType] [  418] - Steps being executted in the Concept are: 1:2
[INFO ][2015-11-04 14:37:06,069][com.java.TestType] [  425] - Test data details path ---------- D:\BankersDashboard\TestInputs\TestData.xls
[INFO ][2015-11-04 14:37:06,109][com.java.TestType] [  456] -  str(1) = 2
[INFO ][2015-11-04 14:37:06,109][com.java.TestType] [  459] - Test case Id is---2
[INFO ][2015-11-04 14:37:06,109][com.java.TestType] [  461] - 2
[INFO ][2015-11-04 14:37:06,109][com.java.TestType] [  456] -  str(2) = 1
[INFO ][2015-11-04 14:37:06,109][com.java.TestType] [  508] - row values are--------{1=com.java.Objects.TestDataDetails@144f45c}
[INFO ][2015-11-04 14:37:06,109][com.java.TestType] [  456] -  str(1) = 2
[INFO ][2015-11-04 14:37:06,109][com.java.TestType] [  459] - Test case Id is---2
[INFO ][2015-11-04 14:37:06,109][com.java.TestType] [  461] - 2
[INFO ][2015-11-04 14:37:06,109][com.java.TestType] [  456] -  str(2) = 2
[INFO ][2015-11-04 14:37:06,109][com.java.TestType] [  508] - row values are--------{1=com.java.Objects.TestDataDetails@144f45c, 2=com.java.Objects.TestDataDetails@1b4b8fc}
[INFO ][2015-11-04 14:37:06,109][com.java.TestType] [  456] -  str(1) = 2
[INFO ][2015-11-04 14:37:06,109][com.java.TestType] [  459] - Test case Id is---2
[INFO ][2015-11-04 14:37:06,109][com.java.TestType] [  461] - 2
[INFO ][2015-11-04 14:37:06,109][com.java.TestType] [  456] -  str(2) = 3
[INFO ][2015-11-04 14:37:06,109][com.java.TestType] [  508] - row values are--------{1=com.java.Objects.TestDataDetails@144f45c, 2=com.java.Objects.TestDataDetails@1b4b8fc, 3=com.java.Objects.TestDataDetails@1814ec5}
[INFO ][2015-11-04 14:37:06,109][com.java.TestType] [ 7899] - Looping 1TCID = 2
[DEBUG][2015-11-04 14:37:06,109][com.java.TestType] [ 7940] - Concept ID:2 :: Step being Executed: 2::1
[INFO ][2015-11-04 14:37:06,109][com.java.TestType] [ 7978] - dataFields : BNK//select[@id='bank']
[DEBUG][2015-11-04 14:37:06,109][com.java.TestType] [ 7984] - <In Set values of the page>
[DEBUG][2015-11-04 14:37:06,109][com.java.TestType] [ 7989] - {Data Fields & Data Values Exist}
[INFO ][2015-11-04 14:37:06,109][com.java.TestType] [ 7995] - --------------------------setting values-----------------------------
[INFO ][2015-11-04 14:37:06,109][com.java.TestType] [ 7998] - Action Type : Select
[INFO ][2015-11-04 14:37:06,109][com.java.TestType] [ 3750] - value = PFC
[INFO ][2015-11-04 14:37:06,301][com.java.TestType] [ 8017] -  RESULT true
[INFO ][2015-11-04 14:37:06,301][com.java.TestType] [ 8134] - ?   P A S S   ?
[DEBUG][2015-11-04 14:37:06,301][com.java.TestType] [ 7940] - Concept ID:2 :: Step being Executed: 2::2
[INFO ][2015-11-04 14:37:06,301][com.java.TestType] [ 7978] - dataFields : LNKLogout
[DEBUG][2015-11-04 14:37:06,301][com.java.TestType] [ 7984] - <In Set values of the page>
[DEBUG][2015-11-04 14:37:06,301][com.java.TestType] [ 7989] - {Data Fields & Data Values Exist}
[INFO ][2015-11-04 14:37:06,301][com.java.TestType] [ 7995] - --------------------------setting values-----------------------------
[INFO ][2015-11-04 14:37:06,301][com.java.TestType] [ 7998] - Action Type : WaitTime
[DEBUG][2015-11-04 14:37:06,301][com.java.TestType] [ 3654] - sleepTime: 5000
[INFO ][2015-11-04 14:37:11,304][com.java.TestType] [ 8017] -  RESULT true
[INFO ][2015-11-04 14:37:11,304][com.java.TestType] [ 8134] - ?   P A S S   ?
[INFO ][2015-11-04 14:37:11,304][com.java.TestType] [ 8205] - Looping End......
[INFO ][2015-11-04 14:37:11,304][com.java.SeleniumDriver] [  861] -  RESULT true
[INFO ][2015-11-04 14:37:11,304][com.java.SeleniumDriver] [ 1066] - ?   P A S S   ?
[INFO ][2015-11-04 14:37:11,304][com.java.SeleniumDriver] [  788] - ------------------------------------------
[INFO ][2015-11-04 14:37:11,304][com.java.SeleniumDriver] [  789] - Test case being Executed: 1
[INFO ][2015-11-04 14:37:11,304][com.java.SeleniumDriver] [  800] - Test step:3
[INFO ][2015-11-04 14:37:11,304][com.java.SeleniumDriver] [  812] - Datavalue is----------2
[INFO ][2015-11-04 14:37:11,304][com.java.SeleniumDriver] [  836] - DataField : XPH//button[contains(text(),'Add Content')]
[INFO ][2015-11-04 14:37:11,304][com.java.SeleniumDriver] [  838] - DataValue : 2
[INFO ][2015-11-04 14:37:11,304][com.java.SeleniumDriver] [  844] - <In Set values of the page>
[INFO ][2015-11-04 14:37:11,304][com.java.SeleniumDriver] [  847] - {Data Fields & Data Values Exist}
[INFO ][2015-11-04 14:37:11,304][com.java.SeleniumDriver] [  849] - --------------------------setting values-----------------------------
[INFO ][2015-11-04 14:37:11,304][com.java.SeleniumDriver] [  852] - Action Type : WAITFORELEMENT
[INFO ][2015-11-04 14:37:11,345][com.java.SeleniumDriver] [  861] -  RESULT true
[INFO ][2015-11-04 14:37:11,345][com.java.SeleniumDriver] [ 1066] - ?   P A S S   ?
[DEBUG][2015-11-04 14:37:11,345][com.java.SeleniumDriver] [ 1168] - Case found
[DEBUG][2015-11-04 14:37:11,345][com.java.SeleniumDriver] [ 1173] - Incrementing ReportCounters[0]:1
[INFO ][2015-11-04 14:37:11,345][com.java.SeleniumDriver] [ 1192] - The results are-------------------[1, 1, Valid Login, Pass, , Wed Nov 04 14:37:06 IST 2015, 1, 2, Valid Login, Pass, , Wed Nov 04 14:37:11 IST 2015, 1, 3, Valid Login, Pass, , Wed Nov 04 14:37:11 IST 2015]
[INFO ][2015-11-04 14:37:11,345][com.java.SeleniumDriver] [ 1196] - End time is-------51 sec
[INFO ][2015-11-04 14:37:11,345][com.java.SeleniumDriver] [ 1197] - The results are-------------------[1, 1, Valid Login, Pass, , Wed Nov 04 14:37:06 IST 2015, 1, 2, Valid Login, Pass, , Wed Nov 04 14:37:11 IST 2015, 1, 3, Valid Login, Pass, , Wed Nov 04 14:37:11 IST 2015]
[DEBUG][2015-11-04 14:37:11,345][com.java.ImportnExport.ExportTestResultsExcel] [  222] - testResultPath = D:\BankersDashboard/TestReports/Test Results_BankersDashBoard_110415_143621_IE11_Bank of North Carolina.xls
[DEBUG][2015-11-04 14:37:11,345][com.java.ImportnExport.ExportTestResultsExcel] [  223] - browser is------------IE11
[DEBUG][2015-11-04 14:37:11,385][com.java.ImportnExport.ExportTestResultsExcel] [  270] - result.size() = 18
[DEBUG][2015-11-04 14:37:11,385][com.java.ImportnExport.ExportTestResultsExcel] [  274] - No of rows in sheet=1
[DEBUG][2015-11-04 14:37:11,385][com.java.ImportnExport.ExportTestResultsExcel] [  301] - ..in export..1
[DEBUG][2015-11-04 14:37:11,385][com.java.ImportnExport.ExportTestResultsExcel] [  301] - ..in export..Valid Login
[DEBUG][2015-11-04 14:37:11,385][com.java.ImportnExport.ExportTestResultsExcel] [  301] - ..in export..Pass
[DEBUG][2015-11-04 14:37:11,385][com.java.ImportnExport.ExportTestResultsExcel] [  301] - ..in export..
[DEBUG][2015-11-04 14:37:11,385][com.java.ImportnExport.ExportTestResultsExcel] [  301] - ..in export..Wed Nov 04 14:37:06 IST 2015
[INFO ][2015-11-04 14:37:11,385][com.java.SeleniumDriver] [ 1255] - out loop:0 size:2 TestCases:[1, 7] testcases:[1, 7]
[INFO ][2015-11-04 14:37:11,385][com.java.ImportnExport.ImportTestDataDetailsExcel] [   49] - test data details path===== D:\BankersDashboard\TestInputs\TestData.xls
[INFO ][2015-11-04 14:37:31,471][com.java.SeleniumDriver] [  788] - ------------------------------------------
[INFO ][2015-11-04 14:37:31,471][com.java.SeleniumDriver] [  789] - Test case being Executed: 7
[INFO ][2015-11-04 14:37:31,471][com.java.SeleniumDriver] [  800] - Test step:1
[INFO ][2015-11-04 14:37:31,471][com.java.SeleniumDriver] [  812] - Datavalue is----------Logout
[INFO ][2015-11-04 14:37:31,471][com.java.SeleniumDriver] [  836] - DataField : BTN
[INFO ][2015-11-04 14:37:31,471][com.java.SeleniumDriver] [  838] - DataValue : Logout
[INFO ][2015-11-04 14:37:31,471][com.java.SeleniumDriver] [  844] - <In Set values of the page>
[INFO ][2015-11-04 14:37:31,471][com.java.SeleniumDriver] [  847] - {Data Fields & Data Values Exist}
[INFO ][2015-11-04 14:37:31,471][com.java.SeleniumDriver] [  849] - --------------------------setting values-----------------------------
[INFO ][2015-11-04 14:37:31,471][com.java.SeleniumDriver] [  852] - Action Type : Verify
[INFO ][2015-11-04 14:37:31,471][com.java.TestType] [ 4876] - field= BTN value= Logout
[INFO ][2015-11-04 14:37:31,471][com.java.TestType] [ 3750] - value = Logout
[INFO ][2015-11-04 14:37:31,512][com.java.SeleniumDriver] [  861] -  RESULT true
[INFO ][2015-11-04 14:37:31,512][com.java.SeleniumDriver] [ 1066] - ?   P A S S   ?
[INFO ][2015-11-04 14:37:31,512][com.java.SeleniumDriver] [ 1108] - step change to 3
[INFO ][2015-11-04 14:37:31,512][com.java.SeleniumDriver] [  788] - ------------------------------------------
[INFO ][2015-11-04 14:37:31,512][com.java.SeleniumDriver] [  789] - Test case being Executed: 7
[INFO ][2015-11-04 14:37:31,512][com.java.SeleniumDriver] [  800] - Test step:3
[INFO ][2015-11-04 14:37:31,512][com.java.SeleniumDriver] [  812] - Datavalue is----------Concept#2:1-2
[INFO ][2015-11-04 14:37:31,512][com.java.SeleniumDriver] [  836] - DataField : test
[INFO ][2015-11-04 14:37:31,512][com.java.SeleniumDriver] [  838] - DataValue : Concept#2:1-2
[INFO ][2015-11-04 14:37:31,512][com.java.SeleniumDriver] [  844] - <In Set values of the page>
[INFO ][2015-11-04 14:37:31,512][com.java.SeleniumDriver] [  847] - {Data Fields & Data Values Exist}
[INFO ][2015-11-04 14:37:31,512][com.java.SeleniumDriver] [  849] - --------------------------setting values-----------------------------
[INFO ][2015-11-04 14:37:31,512][com.java.SeleniumDriver] [  852] - Action Type : ExecuteTestCase
[INFO ][2015-11-04 14:37:31,512][com.java.TestType] [  411] - The Concept sheet name is ---------- Concept
[INFO ][2015-11-04 14:37:31,512][com.java.TestType] [  414] - The Concept ID  is ---------- 2
[DEBUG][2015-11-04 14:37:31,512][com.java.TestType] [  418] - Steps being executted in the Concept are: 1:2
[INFO ][2015-11-04 14:37:31,512][com.java.TestType] [  425] - Test data details path ---------- D:\BankersDashboard\TestInputs\TestData.xls
[INFO ][2015-11-04 14:37:31,542][com.java.TestType] [  456] -  str(1) = 2
[INFO ][2015-11-04 14:37:31,542][com.java.TestType] [  459] - Test case Id is---2
[INFO ][2015-11-04 14:37:31,542][com.java.TestType] [  461] - 2
[INFO ][2015-11-04 14:37:31,542][com.java.TestType] [  456] -  str(2) = 1
[INFO ][2015-11-04 14:37:31,542][com.java.TestType] [  508] - row values are--------{1=com.java.Objects.TestDataDetails@19af694}
[INFO ][2015-11-04 14:37:31,542][com.java.TestType] [  456] -  str(1) = 2
[INFO ][2015-11-04 14:37:31,542][com.java.TestType] [  459] - Test case Id is---2
[INFO ][2015-11-04 14:37:31,542][com.java.TestType] [  461] - 2
[INFO ][2015-11-04 14:37:31,542][com.java.TestType] [  456] -  str(2) = 2
[INFO ][2015-11-04 14:37:31,542][com.java.TestType] [  508] - row values are--------{1=com.java.Objects.TestDataDetails@19af694, 2=com.java.Objects.TestDataDetails@1503061}
[INFO ][2015-11-04 14:37:31,542][com.java.TestType] [  456] -  str(1) = 2
[INFO ][2015-11-04 14:37:31,542][com.java.TestType] [  459] - Test case Id is---2
[INFO ][2015-11-04 14:37:31,542][com.java.TestType] [  461] - 2
[INFO ][2015-11-04 14:37:31,542][com.java.TestType] [  456] -  str(2) = 3
[INFO ][2015-11-04 14:37:31,542][com.java.TestType] [  508] - row values are--------{1=com.java.Objects.TestDataDetails@19af694, 2=com.java.Objects.TestDataDetails@1503061, 3=com.java.Objects.TestDataDetails@10c1444}
[INFO ][2015-11-04 14:37:31,542][com.java.TestType] [ 7899] - Looping 1TCID = 2
[DEBUG][2015-11-04 14:37:31,542][com.java.TestType] [ 7940] - Concept ID:2 :: Step being Executed: 2::1
[INFO ][2015-11-04 14:37:31,542][com.java.TestType] [ 7978] - dataFields : BNK//select[@id='bank']
[DEBUG][2015-11-04 14:37:31,542][com.java.TestType] [ 7984] - <In Set values of the page>
[DEBUG][2015-11-04 14:37:31,542][com.java.TestType] [ 7989] - {Data Fields & Data Values Exist}
[INFO ][2015-11-04 14:37:31,542][com.java.TestType] [ 7995] - --------------------------setting values-----------------------------
[INFO ][2015-11-04 14:37:31,542][com.java.TestType] [ 7998] - Action Type : Select
[INFO ][2015-11-04 14:37:31,542][com.java.TestType] [ 3750] - value = PFC
[INFO ][2015-11-04 14:37:31,732][com.java.TestType] [ 8017] -  RESULT true
[INFO ][2015-11-04 14:37:31,732][com.java.TestType] [ 8134] - ?   P A S S   ?
[DEBUG][2015-11-04 14:37:31,732][com.java.TestType] [ 7940] - Concept ID:2 :: Step being Executed: 2::2
[INFO ][2015-11-04 14:37:31,732][com.java.TestType] [ 7978] - dataFields : LNKLogout
[DEBUG][2015-11-04 14:37:31,732][com.java.TestType] [ 7984] - <In Set values of the page>
[DEBUG][2015-11-04 14:37:31,732][com.java.TestType] [ 7989] - {Data Fields & Data Values Exist}
[INFO ][2015-11-04 14:37:31,732][com.java.TestType] [ 7995] - --------------------------setting values-----------------------------
[INFO ][2015-11-04 14:37:31,732][com.java.TestType] [ 7998] - Action Type : WaitTime
[DEBUG][2015-11-04 14:37:31,732][com.java.TestType] [ 3654] - sleepTime: 5000
[INFO ][2015-11-04 14:37:36,732][com.java.TestType] [ 8017] -  RESULT true
[INFO ][2015-11-04 14:37:36,732][com.java.TestType] [ 8134] - ?   P A S S   ?
[INFO ][2015-11-04 14:37:36,732][com.java.TestType] [ 8205] - Looping End......
[INFO ][2015-11-04 14:37:36,732][com.java.SeleniumDriver] [  861] -  RESULT true
[INFO ][2015-11-04 14:37:36,732][com.java.SeleniumDriver] [ 1066] - ?   P A S S   ?
[INFO ][2015-11-04 14:37:36,732][com.java.SeleniumDriver] [  788] - ------------------------------------------
[INFO ][2015-11-04 14:37:36,732][com.java.SeleniumDriver] [  789] - Test case being Executed: 7
[INFO ][2015-11-04 14:37:36,732][com.java.SeleniumDriver] [  800] - Test step:4
[INFO ][2015-11-04 14:37:36,732][com.java.SeleniumDriver] [  812] - Datavalue is----------null
[DEBUG][2015-11-04 14:37:36,732][com.java.SeleniumDriver] [  830] - Exception: null
[INFO ][2015-11-04 14:37:36,732][com.java.SeleniumDriver] [  836] - DataField : //span[@class='icon-user4']&&Users&&Manage Users
[INFO ][2015-11-04 14:37:36,732][com.java.SeleniumDriver] [  838] - DataValue : 
[INFO ][2015-11-04 14:37:36,732][com.java.SeleniumDriver] [  844] - <In Set values of the page>
[INFO ][2015-11-04 14:37:36,732][com.java.SeleniumDriver] [  847] - {Data Fields & Data Values Exist}
[INFO ][2015-11-04 14:37:36,732][com.java.SeleniumDriver] [  849] - --------------------------setting values-----------------------------
[INFO ][2015-11-04 14:37:36,732][com.java.SeleniumDriver] [  852] - Action Type : MouseOver
[INFO ][2015-11-04 14:37:49,359][com.java.SeleniumDriver] [  861] -  RESULT true
[INFO ][2015-11-04 14:37:49,359][com.java.SeleniumDriver] [ 1066] - ?   P A S S   ?
[INFO ][2015-11-04 14:37:49,359][com.java.SeleniumDriver] [  788] - ------------------------------------------
[INFO ][2015-11-04 14:37:49,359][com.java.SeleniumDriver] [  789] - Test case being Executed: 7
[INFO ][2015-11-04 14:37:49,359][com.java.SeleniumDriver] [  800] - Test step:5
[INFO ][2015-11-04 14:37:49,359][com.java.SeleniumDriver] [  812] - Datavalue is----------1
[INFO ][2015-11-04 14:37:49,359][com.java.SeleniumDriver] [  836] - DataField : BTNframeDialogContent
[INFO ][2015-11-04 14:37:49,359][com.java.SeleniumDriver] [  838] - DataValue : 1
[INFO ][2015-11-04 14:37:49,359][com.java.SeleniumDriver] [  844] - <In Set values of the page>
[INFO ][2015-11-04 14:37:49,359][com.java.SeleniumDriver] [  847] - {Data Fields & Data Values Exist}
[INFO ][2015-11-04 14:37:49,359][com.java.SeleniumDriver] [  849] - --------------------------setting values-----------------------------
[INFO ][2015-11-04 14:37:49,359][com.java.SeleniumDriver] [  852] - Action Type : WaitForElement
[INFO ][2015-11-04 14:37:50,560][com.java.SeleniumDriver] [  861] -  RESULT true
[INFO ][2015-11-04 14:37:50,560][com.java.SeleniumDriver] [ 1066] - ?   P A S S   ?
[INFO ][2015-11-04 14:37:50,560][com.java.SeleniumDriver] [  788] - ------------------------------------------
[INFO ][2015-11-04 14:37:50,560][com.java.SeleniumDriver] [  789] - Test case being Executed: 7
[INFO ][2015-11-04 14:37:50,560][com.java.SeleniumDriver] [  800] - Test step:6
[INFO ][2015-11-04 14:37:50,560][com.java.SeleniumDriver] [  812] - Datavalue is----------null
[DEBUG][2015-11-04 14:37:50,560][com.java.SeleniumDriver] [  830] - Exception: null
[INFO ][2015-11-04 14:37:50,560][com.java.SeleniumDriver] [  836] - DataField : BTNframeDialogContent
[INFO ][2015-11-04 14:37:50,560][com.java.SeleniumDriver] [  838] - DataValue : 
[INFO ][2015-11-04 14:37:50,560][com.java.SeleniumDriver] [  844] - <In Set values of the page>
[INFO ][2015-11-04 14:37:50,560][com.java.SeleniumDriver] [  847] - {Data Fields & Data Values Exist}
[INFO ][2015-11-04 14:37:50,560][com.java.SeleniumDriver] [  849] - --------------------------setting values-----------------------------
[INFO ][2015-11-04 14:37:50,560][com.java.SeleniumDriver] [  852] - Action Type : SelectFrame
[INFO ][2015-11-04 14:37:51,812][com.java.SeleniumDriver] [  861] -  RESULT true
[INFO ][2015-11-04 14:37:51,812][com.java.SeleniumDriver] [ 1066] - ?   P A S S   ?
[INFO ][2015-11-04 14:37:51,812][com.java.SeleniumDriver] [  788] - ------------------------------------------
[INFO ][2015-11-04 14:37:51,812][com.java.SeleniumDriver] [  789] - Test case being Executed: 7
[INFO ][2015-11-04 14:37:51,812][com.java.SeleniumDriver] [  800] - Test step:7
[INFO ][2015-11-04 14:37:51,812][com.java.SeleniumDriver] [  812] - Datavalue is----------1
[INFO ][2015-11-04 14:37:51,812][com.java.SeleniumDriver] [  836] - DataField : BTNbtnAddUser
[INFO ][2015-11-04 14:37:51,812][com.java.SeleniumDriver] [  838] - DataValue : 1
[INFO ][2015-11-04 14:37:51,812][com.java.SeleniumDriver] [  844] - <In Set values of the page>
[INFO ][2015-11-04 14:37:51,812][com.java.SeleniumDriver] [  847] - {Data Fields & Data Values Exist}
[INFO ][2015-11-04 14:37:51,812][com.java.SeleniumDriver] [  849] - --------------------------setting values-----------------------------
[INFO ][2015-11-04 14:37:51,812][com.java.SeleniumDriver] [  852] - Action Type : WaitForElement
[INFO ][2015-11-04 14:37:53,242][com.java.SeleniumDriver] [  861] -  RESULT true
[INFO ][2015-11-04 14:37:53,242][com.java.SeleniumDriver] [ 1066] - ?   P A S S   ?
[INFO ][2015-11-04 14:37:53,242][com.java.SeleniumDriver] [  788] - ------------------------------------------
[INFO ][2015-11-04 14:37:53,242][com.java.SeleniumDriver] [  789] - Test case being Executed: 7
[INFO ][2015-11-04 14:37:53,242][com.java.SeleniumDriver] [  800] - Test step:8
[INFO ][2015-11-04 14:37:53,242][com.java.SeleniumDriver] [  812] - Datavalue is----------null
[DEBUG][2015-11-04 14:37:53,242][com.java.SeleniumDriver] [  830] - Exception: null
[INFO ][2015-11-04 14:37:53,242][com.java.SeleniumDriver] [  836] - DataField : BTNbtnAddUser
[INFO ][2015-11-04 14:37:53,242][com.java.SeleniumDriver] [  838] - DataValue : 
[INFO ][2015-11-04 14:37:53,242][com.java.SeleniumDriver] [  844] - <In Set values of the page>
[INFO ][2015-11-04 14:37:53,242][com.java.SeleniumDriver] [  847] - {Data Fields & Data Values Exist}
[INFO ][2015-11-04 14:37:53,242][com.java.SeleniumDriver] [  849] - --------------------------setting values-----------------------------
[INFO ][2015-11-04 14:37:53,242][com.java.SeleniumDriver] [  852] - Action Type : Click
[INFO ][2015-11-04 14:37:53,242][com.java.TestType] [ 4063] - Field ::BTNbtnAddUser
[INFO ][2015-11-04 14:37:54,243][com.java.TestType] [ 4101] - BEFORE CLICK
[INFO ][2015-11-04 14:37:55,824][com.java.TestType] [ 4108] - Unable to click the object Add user button
[INFO ][2015-11-04 14:37:55,824][com.java.SeleniumDriver] [  861] -  RESULT true
[INFO ][2015-11-04 14:37:55,824][com.java.SeleniumDriver] [ 1066] - ?   P A S S   ?
[INFO ][2015-11-04 14:37:55,824][com.java.SeleniumDriver] [  788] - ------------------------------------------
[INFO ][2015-11-04 14:37:55,824][com.java.SeleniumDriver] [  789] - Test case being Executed: 7
[INFO ][2015-11-04 14:37:55,824][com.java.SeleniumDriver] [  800] - Test step:9
[INFO ][2015-11-04 14:37:55,824][com.java.SeleniumDriver] [  812] - Datavalue is----------1
[INFO ][2015-11-04 14:37:55,824][com.java.SeleniumDriver] [  836] - DataField : BTNtxtUserName
[INFO ][2015-11-04 14:37:55,824][com.java.SeleniumDriver] [  838] - DataValue : 1
[INFO ][2015-11-04 14:37:55,824][com.java.SeleniumDriver] [  844] - <In Set values of the page>
[INFO ][2015-11-04 14:37:55,824][com.java.SeleniumDriver] [  847] - {Data Fields & Data Values Exist}
[INFO ][2015-11-04 14:37:55,824][com.java.SeleniumDriver] [  849] - --------------------------setting values-----------------------------
[INFO ][2015-11-04 14:37:55,824][com.java.SeleniumDriver] [  852] - Action Type : WaitForElement
[INFO ][2015-11-04 14:38:05,084][com.java.SeleniumDriver] [  861] -  RESULT true
[INFO ][2015-11-04 14:38:05,084][com.java.SeleniumDriver] [ 1066] - ?   P A S S   ?
[INFO ][2015-11-04 14:38:05,084][com.java.SeleniumDriver] [  788] - ------------------------------------------
[INFO ][2015-11-04 14:38:05,084][com.java.SeleniumDriver] [  789] - Test case being Executed: 7
[INFO ][2015-11-04 14:38:05,084][com.java.SeleniumDriver] [  800] - Test step:10
[INFO ][2015-11-04 14:38:05,084][com.java.SeleniumDriver] [  812] - Datavalue is----------dt:NewUserName
[INFO ][2015-11-04 14:38:05,084][com.java.SeleniumDriver] [  836] - DataField : TXTtxtUserName
[INFO ][2015-11-04 14:38:05,084][com.java.SeleniumDriver] [  838] - DataValue : dt:NewUserName
[INFO ][2015-11-04 14:38:05,084][com.java.SeleniumDriver] [  844] - <In Set values of the page>
[INFO ][2015-11-04 14:38:05,084][com.java.SeleniumDriver] [  847] - {Data Fields & Data Values Exist}
[INFO ][2015-11-04 14:38:05,084][com.java.SeleniumDriver] [  849] - --------------------------setting values-----------------------------
[INFO ][2015-11-04 14:38:05,084][com.java.SeleniumDriver] [  852] - Action Type : Enter
[INFO ][2015-11-04 14:38:05,084][com.java.TestType] [ 4383] - field = txtUserName
[INFO ][2015-11-04 14:38:05,084][com.java.TestType] [ 3750] - value = vltest.robot
[INFO ][2015-11-04 14:38:07,740][com.java.SeleniumDriver] [  861] -  RESULT true
[INFO ][2015-11-04 14:38:07,740][com.java.SeleniumDriver] [ 1066] - ?   P A S S   ?
[INFO ][2015-11-04 14:38:07,740][com.java.SeleniumDriver] [  788] - ------------------------------------------
[INFO ][2015-11-04 14:38:07,740][com.java.SeleniumDriver] [  789] - Test case being Executed: 7
[INFO ][2015-11-04 14:38:07,740][com.java.SeleniumDriver] [  800] - Test step:11
[INFO ][2015-11-04 14:38:07,740][com.java.SeleniumDriver] [  812] - Datavalue is----------VLTest
[INFO ][2015-11-04 14:38:07,740][com.java.SeleniumDriver] [  836] - DataField : TXTtxtFirstName
[INFO ][2015-11-04 14:38:07,740][com.java.SeleniumDriver] [  838] - DataValue : VLTest
[INFO ][2015-11-04 14:38:07,740][com.java.SeleniumDriver] [  844] - <In Set values of the page>
[INFO ][2015-11-04 14:38:07,740][com.java.SeleniumDriver] [  847] - {Data Fields & Data Values Exist}
[INFO ][2015-11-04 14:38:07,740][com.java.SeleniumDriver] [  849] - --------------------------setting values-----------------------------
[INFO ][2015-11-04 14:38:07,740][com.java.SeleniumDriver] [  852] - Action Type : Enter
[INFO ][2015-11-04 14:38:07,740][com.java.TestType] [ 4383] - field = txtFirstName
[INFO ][2015-11-04 14:38:07,740][com.java.TestType] [ 3750] - value = VLTest
[INFO ][2015-11-04 14:38:10,672][com.java.SeleniumDriver] [  861] -  RESULT true
[INFO ][2015-11-04 14:38:10,672][com.java.SeleniumDriver] [ 1066] - ?   P A S S   ?
[INFO ][2015-11-04 14:38:10,672][com.java.SeleniumDriver] [  788] - ------------------------------------------
[INFO ][2015-11-04 14:38:10,672][com.java.SeleniumDriver] [  789] - Test case being Executed: 7
[INFO ][2015-11-04 14:38:10,672][com.java.SeleniumDriver] [  800] - Test step:12
[INFO ][2015-11-04 14:38:10,672][com.java.SeleniumDriver] [  812] - Datavalue is----------Robot
[INFO ][2015-11-04 14:38:10,672][com.java.SeleniumDriver] [  836] - DataField : TXTtxtLastName
[INFO ][2015-11-04 14:38:10,672][com.java.SeleniumDriver] [  838] - DataValue : Robot
[INFO ][2015-11-04 14:38:10,672][com.java.SeleniumDriver] [  844] - <In Set values of the page>
[INFO ][2015-11-04 14:38:10,672][com.java.SeleniumDriver] [  847] - {Data Fields & Data Values Exist}
[INFO ][2015-11-04 14:38:10,672][com.java.SeleniumDriver] [  849] - --------------------------setting values-----------------------------
[INFO ][2015-11-04 14:38:10,672][com.java.SeleniumDriver] [  852] - Action Type : Enter
[INFO ][2015-11-04 14:38:10,672][com.java.TestType] [ 4383] - field = txtLastName
[INFO ][2015-11-04 14:38:10,672][com.java.TestType] [ 3750] - value = Robot
[INFO ][2015-11-04 14:38:13,364][com.java.SeleniumDriver] [  861] -  RESULT true
[INFO ][2015-11-04 14:38:13,364][com.java.SeleniumDriver] [ 1066] - ?   P A S S   ?
[INFO ][2015-11-04 14:38:13,364][com.java.SeleniumDriver] [  788] - ------------------------------------------
[INFO ][2015-11-04 14:38:13,364][com.java.SeleniumDriver] [  789] - Test case being Executed: 7
[INFO ][2015-11-04 14:38:13,364][com.java.SeleniumDriver] [  800] - Test step:13
[INFO ][2015-11-04 14:38:13,364][com.java.SeleniumDriver] [  812] - Datavalue is----------ValueLabs
[INFO ][2015-11-04 14:38:13,364][com.java.SeleniumDriver] [  836] - DataField : TXTtxtCompany
[INFO ][2015-11-04 14:38:13,364][com.java.SeleniumDriver] [  838] - DataValue : ValueLabs
[INFO ][2015-11-04 14:38:13,364][com.java.SeleniumDriver] [  844] - <In Set values of the page>
[INFO ][2015-11-04 14:38:13,364][com.java.SeleniumDriver] [  847] - {Data Fields & Data Values Exist}
[INFO ][2015-11-04 14:38:13,364][com.java.SeleniumDriver] [  849] - --------------------------setting values-----------------------------
[INFO ][2015-11-04 14:38:13,364][com.java.SeleniumDriver] [  852] - Action Type : Enter
[INFO ][2015-11-04 14:38:13,364][com.java.TestType] [ 4383] - field = txtCompany
[INFO ][2015-11-04 14:38:13,364][com.java.TestType] [ 3750] - value = ValueLabs
[INFO ][2015-11-04 14:38:16,216][com.java.SeleniumDriver] [  861] -  RESULT true
[INFO ][2015-11-04 14:38:16,216][com.java.SeleniumDriver] [ 1066] - ?   P A S S   ?
[INFO ][2015-11-04 14:38:16,216][com.java.SeleniumDriver] [  788] - ------------------------------------------
[INFO ][2015-11-04 14:38:16,216][com.java.SeleniumDriver] [  789] - Test case being Executed: 7
[INFO ][2015-11-04 14:38:16,216][com.java.SeleniumDriver] [  800] - Test step:14
[INFO ][2015-11-04 14:38:16,216][com.java.SeleniumDriver] [  812] - Datavalue is----------India
[INFO ][2015-11-04 14:38:16,216][com.java.SeleniumDriver] [  836] - DataField : TXTtxtLocation
[INFO ][2015-11-04 14:38:16,216][com.java.SeleniumDriver] [  838] - DataValue : India
[INFO ][2015-11-04 14:38:16,216][com.java.SeleniumDriver] [  844] - <In Set values of the page>
[INFO ][2015-11-04 14:38:16,216][com.java.SeleniumDriver] [  847] - {Data Fields & Data Values Exist}
[INFO ][2015-11-04 14:38:16,216][com.java.SeleniumDriver] [  849] - --------------------------setting values-----------------------------
[INFO ][2015-11-04 14:38:16,216][com.java.SeleniumDriver] [  852] - Action Type : Enter
[INFO ][2015-11-04 14:38:16,216][com.java.TestType] [ 4383] - field = txtLocation
[INFO ][2015-11-04 14:38:16,216][com.java.TestType] [ 3750] - value = India
[INFO ][2015-11-04 14:38:18,910][com.java.SeleniumDriver] [  861] -  RESULT true
[INFO ][2015-11-04 14:38:18,910][com.java.SeleniumDriver] [ 1066] - ?   P A S S   ?
[INFO ][2015-11-04 14:38:18,910][com.java.SeleniumDriver] [  788] - ------------------------------------------
[INFO ][2015-11-04 14:38:18,910][com.java.SeleniumDriver] [  789] - Test case being Executed: 7
[INFO ][2015-11-04 14:38:18,910][com.java.SeleniumDriver] [  800] - Test step:15
[INFO ][2015-11-04 14:38:18,910][com.java.SeleniumDriver] [  812] - Datavalue is----------vltest.robot@valuelabs.com
[INFO ][2015-11-04 14:38:18,910][com.java.SeleniumDriver] [  836] - DataField : TXTtxtEMail
[INFO ][2015-11-04 14:38:18,910][com.java.SeleniumDriver] [  838] - DataValue : vltest.robot@valuelabs.com
[INFO ][2015-11-04 14:38:18,910][com.java.SeleniumDriver] [  844] - <In Set values of the page>
[INFO ][2015-11-04 14:38:18,910][com.java.SeleniumDriver] [  847] - {Data Fields & Data Values Exist}
[INFO ][2015-11-04 14:38:18,910][com.java.SeleniumDriver] [  849] - --------------------------setting values-----------------------------
[INFO ][2015-11-04 14:38:18,910][com.java.SeleniumDriver] [  852] - Action Type : Enter
[INFO ][2015-11-04 14:38:18,910][com.java.TestType] [ 4383] - field = txtEMail
[INFO ][2015-11-04 14:38:18,910][com.java.TestType] [ 3750] - value = vltest.robot@valuelabs.com
[INFO ][2015-11-04 14:38:21,842][com.java.SeleniumDriver] [  861] -  RESULT true
[INFO ][2015-11-04 14:38:21,842][com.java.SeleniumDriver] [ 1066] - ?   P A S S   ?
[INFO ][2015-11-04 14:38:21,842][com.java.SeleniumDriver] [  788] - ------------------------------------------
[INFO ][2015-11-04 14:38:21,842][com.java.SeleniumDriver] [  789] - Test case being Executed: 7
[INFO ][2015-11-04 14:38:21,842][com.java.SeleniumDriver] [  800] - Test step:16
[INFO ][2015-11-04 14:38:21,842][com.java.SeleniumDriver] [  812] - Datavalue is----------12345678901
[INFO ][2015-11-04 14:38:21,842][com.java.SeleniumDriver] [  836] - DataField : TXTtxtPhone
[INFO ][2015-11-04 14:38:21,842][com.java.SeleniumDriver] [  838] - DataValue : 12345678901
[INFO ][2015-11-04 14:38:21,842][com.java.SeleniumDriver] [  844] - <In Set values of the page>
[INFO ][2015-11-04 14:38:21,842][com.java.SeleniumDriver] [  847] - {Data Fields & Data Values Exist}
[INFO ][2015-11-04 14:38:21,842][com.java.SeleniumDriver] [  849] - --------------------------setting values-----------------------------
[INFO ][2015-11-04 14:38:21,842][com.java.SeleniumDriver] [  852] - Action Type : Enter
[INFO ][2015-11-04 14:38:21,842][com.java.TestType] [ 4383] - field = txtPhone
[INFO ][2015-11-04 14:38:21,842][com.java.TestType] [ 3750] - value = 12345678901
[INFO ][2015-11-04 14:38:24,494][com.java.SeleniumDriver] [  861] -  RESULT true
[INFO ][2015-11-04 14:38:24,494][com.java.SeleniumDriver] [ 1066] - ?   P A S S   ?
[INFO ][2015-11-04 14:38:24,494][com.java.SeleniumDriver] [  788] - ------------------------------------------
[INFO ][2015-11-04 14:38:24,494][com.java.SeleniumDriver] [  789] - Test case being Executed: 7
[INFO ][2015-11-04 14:38:24,494][com.java.SeleniumDriver] [  800] - Test step:17
[INFO ][2015-11-04 14:38:24,494][com.java.SeleniumDriver] [  812] - Datavalue is----------dt:NewUserPswd
[INFO ][2015-11-04 14:38:24,494][com.java.SeleniumDriver] [  836] - DataField : TXTtxtPassword
[INFO ][2015-11-04 14:38:24,494][com.java.SeleniumDriver] [  838] - DataValue : dt:NewUserPswd
[INFO ][2015-11-04 14:38:24,494][com.java.SeleniumDriver] [  844] - <In Set values of the page>
[INFO ][2015-11-04 14:38:24,494][com.java.SeleniumDriver] [  847] - {Data Fields & Data Values Exist}
[INFO ][2015-11-04 14:38:24,494][com.java.SeleniumDriver] [  849] - --------------------------setting values-----------------------------
[INFO ][2015-11-04 14:38:24,494][com.java.SeleniumDriver] [  852] - Action Type : Enter
[INFO ][2015-11-04 14:38:24,494][com.java.TestType] [ 4383] - field = txtPassword
[INFO ][2015-11-04 14:38:24,494][com.java.TestType] [ 3750] - value = Password1*
[INFO ][2015-11-04 14:38:27,366][com.java.SeleniumDriver] [  861] -  RESULT true
[INFO ][2015-11-04 14:38:27,366][com.java.SeleniumDriver] [ 1066] - ?   P A S S   ?
[INFO ][2015-11-04 14:38:27,366][com.java.SeleniumDriver] [  788] - ------------------------------------------
[INFO ][2015-11-04 14:38:27,366][com.java.SeleniumDriver] [  789] - Test case being Executed: 7
[INFO ][2015-11-04 14:38:27,366][com.java.SeleniumDriver] [  800] - Test step:18
[INFO ][2015-11-04 14:38:27,366][com.java.SeleniumDriver] [  812] - Datavalue is----------dt:NewUserPswd
[INFO ][2015-11-04 14:38:27,366][com.java.SeleniumDriver] [  836] - DataField : TXTtxtPasswordConfirm
[INFO ][2015-11-04 14:38:27,366][com.java.SeleniumDriver] [  838] - DataValue : dt:NewUserPswd
[INFO ][2015-11-04 14:38:27,366][com.java.SeleniumDriver] [  844] - <In Set values of the page>
[INFO ][2015-11-04 14:38:27,366][com.java.SeleniumDriver] [  847] - {Data Fields & Data Values Exist}
[INFO ][2015-11-04 14:38:27,366][com.java.SeleniumDriver] [  849] - --------------------------setting values-----------------------------
[INFO ][2015-11-04 14:38:27,366][com.java.SeleniumDriver] [  852] - Action Type : Enter
[INFO ][2015-11-04 14:38:27,366][com.java.TestType] [ 4383] - field = txtPasswordConfirm
[INFO ][2015-11-04 14:38:27,366][com.java.TestType] [ 3750] - value = Password1*
[INFO ][2015-11-04 14:38:30,218][com.java.SeleniumDriver] [  861] -  RESULT true
[INFO ][2015-11-04 14:38:30,218][com.java.SeleniumDriver] [ 1066] - ?   P A S S   ?
[INFO ][2015-11-04 14:38:30,218][com.java.SeleniumDriver] [  788] - ------------------------------------------
[INFO ][2015-11-04 14:38:30,218][com.java.SeleniumDriver] [  789] - Test case being Executed: 7
[INFO ][2015-11-04 14:38:30,218][com.java.SeleniumDriver] [  800] - Test step:19
[INFO ][2015-11-04 14:38:30,218][com.java.SeleniumDriver] [  812] - Datavalue is----------null
[DEBUG][2015-11-04 14:38:30,218][com.java.SeleniumDriver] [  830] - Exception: null
[INFO ][2015-11-04 14:38:30,218][com.java.SeleniumDriver] [  836] - DataField : BTNparent
[INFO ][2015-11-04 14:38:30,218][com.java.SeleniumDriver] [  838] - DataValue : 
[INFO ][2015-11-04 14:38:30,218][com.java.SeleniumDriver] [  844] - <In Set values of the page>
[INFO ][2015-11-04 14:38:30,218][com.java.SeleniumDriver] [  847] - {Data Fields & Data Values Exist}
[INFO ][2015-11-04 14:38:30,218][com.java.SeleniumDriver] [  849] - --------------------------setting values-----------------------------
[INFO ][2015-11-04 14:38:30,218][com.java.SeleniumDriver] [  852] - Action Type : SelectFrame
[INFO ][2015-11-04 14:38:30,228][com.java.SeleniumDriver] [  861] -  RESULT true
[INFO ][2015-11-04 14:38:30,228][com.java.SeleniumDriver] [ 1066] - ?   P A S S   ?
[INFO ][2015-11-04 14:38:30,228][com.java.SeleniumDriver] [  788] - ------------------------------------------
[INFO ][2015-11-04 14:38:30,228][com.java.SeleniumDriver] [  789] - Test case being Executed: 7
[INFO ][2015-11-04 14:38:30,228][com.java.SeleniumDriver] [  800] - Test step:20
[INFO ][2015-11-04 14:38:30,228][com.java.SeleniumDriver] [  812] - Datavalue is----------null
[DEBUG][2015-11-04 14:38:30,228][com.java.SeleniumDriver] [  830] - Exception: null
[INFO ][2015-11-04 14:38:30,228][com.java.SeleniumDriver] [  836] - DataField : XPH//span[contains(text(), 'Finished')]
[INFO ][2015-11-04 14:38:30,228][com.java.SeleniumDriver] [  838] - DataValue : 
[INFO ][2015-11-04 14:38:30,228][com.java.SeleniumDriver] [  844] - <In Set values of the page>
[INFO ][2015-11-04 14:38:30,228][com.java.SeleniumDriver] [  847] - {Data Fields & Data Values Exist}
[INFO ][2015-11-04 14:38:30,228][com.java.SeleniumDriver] [  849] - --------------------------setting values-----------------------------
[INFO ][2015-11-04 14:38:30,228][com.java.SeleniumDriver] [  852] - Action Type : Click
[INFO ][2015-11-04 14:38:30,228][com.java.TestType] [ 4063] - Field ::XPH//span[contains(text(), 'Finished')]
[INFO ][2015-11-04 14:38:31,228][com.java.TestType] [ 4122] - BEFORE CLICK
[INFO ][2015-11-04 14:38:32,078][com.java.TestType] [ 4130] - Unable to click the object Finished button
[INFO ][2015-11-04 14:38:32,078][com.java.SeleniumDriver] [  861] -  RESULT true
[INFO ][2015-11-04 14:38:32,078][com.java.SeleniumDriver] [ 1066] - ?   P A S S   ?
[INFO ][2015-11-04 14:38:32,078][com.java.SeleniumDriver] [  788] - ------------------------------------------
[INFO ][2015-11-04 14:38:32,078][com.java.SeleniumDriver] [  789] - Test case being Executed: 7
[INFO ][2015-11-04 14:38:32,078][com.java.SeleniumDriver] [  800] - Test step:21
[INFO ][2015-11-04 14:38:32,078][com.java.SeleniumDriver] [  812] - Datavalue is----------5
[INFO ][2015-11-04 14:38:32,078][com.java.SeleniumDriver] [  836] - DataField : test
[INFO ][2015-11-04 14:38:32,078][com.java.SeleniumDriver] [  838] - DataValue : 5
[INFO ][2015-11-04 14:38:32,078][com.java.SeleniumDriver] [  844] - <In Set values of the page>
[INFO ][2015-11-04 14:38:32,078][com.java.SeleniumDriver] [  847] - {Data Fields & Data Values Exist}
[INFO ][2015-11-04 14:38:32,078][com.java.SeleniumDriver] [  849] - --------------------------setting values-----------------------------
[INFO ][2015-11-04 14:38:32,078][com.java.SeleniumDriver] [  852] - Action Type : WaitTime
[DEBUG][2015-11-04 14:38:32,078][com.java.TestType] [ 3654] - sleepTime: 5000
[INFO ][2015-11-04 14:38:37,079][com.java.SeleniumDriver] [  861] -  RESULT true
[INFO ][2015-11-04 14:38:37,079][com.java.SeleniumDriver] [ 1066] - ?   P A S S   ?
[INFO ][2015-11-04 14:38:37,079][com.java.SeleniumDriver] [  788] - ------------------------------------------
[INFO ][2015-11-04 14:38:37,079][com.java.SeleniumDriver] [  789] - Test case being Executed: 7
[INFO ][2015-11-04 14:38:37,079][com.java.SeleniumDriver] [  800] - Test step:22
[INFO ][2015-11-04 14:38:37,079][com.java.SeleniumDriver] [  812] - Datavalue is----------null
[DEBUG][2015-11-04 14:38:37,079][com.java.SeleniumDriver] [  830] - Exception: null
[INFO ][2015-11-04 14:38:37,079][com.java.SeleniumDriver] [  836] - DataField : XPH//span[contains(text(), 'Finished')]
[INFO ][2015-11-04 14:38:37,079][com.java.SeleniumDriver] [  838] - DataValue : 
[INFO ][2015-11-04 14:38:37,079][com.java.SeleniumDriver] [  844] - <In Set values of the page>
[INFO ][2015-11-04 14:38:37,079][com.java.SeleniumDriver] [  847] - {Data Fields & Data Values Exist}
[INFO ][2015-11-04 14:38:37,079][com.java.SeleniumDriver] [  849] - --------------------------setting values-----------------------------
[INFO ][2015-11-04 14:38:37,079][com.java.SeleniumDriver] [  852] - Action Type : Click
[INFO ][2015-11-04 14:38:37,079][com.java.TestType] [ 4063] - Field ::XPH//span[contains(text(), 'Finished')]
[INFO ][2015-11-04 14:38:38,080][com.java.TestType] [ 4122] - BEFORE CLICK
[INFO ][2015-11-04 14:38:44,980][com.java.TestType] [ 4130] - Unable to click the object Finished button
[INFO ][2015-11-04 14:38:44,980][com.java.SeleniumDriver] [  861] -  RESULT true
[INFO ][2015-11-04 14:38:44,980][com.java.SeleniumDriver] [ 1066] - ?   P A S S   ?
[INFO ][2015-11-04 14:38:44,980][com.java.SeleniumDriver] [  788] - ------------------------------------------
[INFO ][2015-11-04 14:38:44,980][com.java.SeleniumDriver] [  789] - Test case being Executed: 7
[INFO ][2015-11-04 14:38:44,980][com.java.SeleniumDriver] [  800] - Test step:23
[INFO ][2015-11-04 14:38:44,980][com.java.SeleniumDriver] [  812] - Datavalue is----------5
[INFO ][2015-11-04 14:38:44,980][com.java.SeleniumDriver] [  836] - DataField : BTNframeDialogContent
[INFO ][2015-11-04 14:38:44,980][com.java.SeleniumDriver] [  838] - DataValue : 5
[INFO ][2015-11-04 14:38:44,980][com.java.SeleniumDriver] [  844] - <In Set values of the page>
[INFO ][2015-11-04 14:38:44,980][com.java.SeleniumDriver] [  847] - {Data Fields & Data Values Exist}
[INFO ][2015-11-04 14:38:44,980][com.java.SeleniumDriver] [  849] - --------------------------setting values-----------------------------
[INFO ][2015-11-04 14:38:44,980][com.java.SeleniumDriver] [  852] - Action Type : WaitForElement
[INFO ][2015-11-04 14:38:46,181][com.java.SeleniumDriver] [  861] -  RESULT true
[INFO ][2015-11-04 14:38:46,181][com.java.SeleniumDriver] [ 1066] - ?   P A S S   ?
[INFO ][2015-11-04 14:38:46,181][com.java.SeleniumDriver] [  788] - ------------------------------------------
[INFO ][2015-11-04 14:38:46,181][com.java.SeleniumDriver] [  789] - Test case being Executed: 7
[INFO ][2015-11-04 14:38:46,181][com.java.SeleniumDriver] [  800] - Test step:24
[INFO ][2015-11-04 14:38:46,181][com.java.SeleniumDriver] [  812] - Datavalue is----------null
[DEBUG][2015-11-04 14:38:46,181][com.java.SeleniumDriver] [  830] - Exception: null
[INFO ][2015-11-04 14:38:46,181][com.java.SeleniumDriver] [  836] - DataField : BTNframeDialogContent
[INFO ][2015-11-04 14:38:46,181][com.java.SeleniumDriver] [  838] - DataValue : 
[INFO ][2015-11-04 14:38:46,181][com.java.SeleniumDriver] [  844] - <In Set values of the page>
[INFO ][2015-11-04 14:38:46,181][com.java.SeleniumDriver] [  847] - {Data Fields & Data Values Exist}
[INFO ][2015-11-04 14:38:46,181][com.java.SeleniumDriver] [  849] - --------------------------setting values-----------------------------
[INFO ][2015-11-04 14:38:46,181][com.java.SeleniumDriver] [  852] - Action Type : SelectFrame
[INFO ][2015-11-04 14:38:47,423][com.java.SeleniumDriver] [  861] -  RESULT true
[INFO ][2015-11-04 14:38:47,423][com.java.SeleniumDriver] [ 1066] - ?   P A S S   ?
[INFO ][2015-11-04 14:38:47,423][com.java.SeleniumDriver] [  788] - ------------------------------------------
[INFO ][2015-11-04 14:38:47,423][com.java.SeleniumDriver] [  789] - Test case being Executed: 7
[INFO ][2015-11-04 14:38:47,423][com.java.SeleniumDriver] [  800] - Test step:25
[INFO ][2015-11-04 14:38:47,423][com.java.SeleniumDriver] [  812] - Datavalue is----------null
[DEBUG][2015-11-04 14:38:47,423][com.java.SeleniumDriver] [  830] - Exception: null
[INFO ][2015-11-04 14:38:47,423][com.java.SeleniumDriver] [  836] - DataField : XPH//table[@id="tblUserListing"]//td[contains(text(),'vltest.robot')]
[INFO ][2015-11-04 14:38:47,423][com.java.SeleniumDriver] [  838] - DataValue : 
[INFO ][2015-11-04 14:38:47,423][com.java.SeleniumDriver] [  844] - <In Set values of the page>
[INFO ][2015-11-04 14:38:47,423][com.java.SeleniumDriver] [  847] - {Data Fields & Data Values Exist}
[INFO ][2015-11-04 14:38:47,423][com.java.SeleniumDriver] [  849] - --------------------------setting values-----------------------------
[INFO ][2015-11-04 14:38:47,423][com.java.SeleniumDriver] [  852] - Action Type : WaitForElement
[INFO ][2015-11-04 14:38:47,483][com.java.SeleniumDriver] [  861] -  RESULT true
[INFO ][2015-11-04 14:38:47,483][com.java.SeleniumDriver] [ 1066] - ?   P A S S   ?
[INFO ][2015-11-04 14:38:47,483][com.java.SeleniumDriver] [  788] - ------------------------------------------
[INFO ][2015-11-04 14:38:47,483][com.java.SeleniumDriver] [  789] - Test case being Executed: 7
[INFO ][2015-11-04 14:38:47,483][com.java.SeleniumDriver] [  800] - Test step:26
[INFO ][2015-11-04 14:38:47,483][com.java.SeleniumDriver] [  812] - Datavalue is----------dt:NewUserName
[INFO ][2015-11-04 14:38:47,483][com.java.SeleniumDriver] [  836] - DataField : USR
[INFO ][2015-11-04 14:38:47,483][com.java.SeleniumDriver] [  838] - DataValue : dt:NewUserName
[INFO ][2015-11-04 14:38:47,483][com.java.SeleniumDriver] [  844] - <In Set values of the page>
[INFO ][2015-11-04 14:38:47,483][com.java.SeleniumDriver] [  847] - {Data Fields & Data Values Exist}
[INFO ][2015-11-04 14:38:47,483][com.java.SeleniumDriver] [  849] - --------------------------setting values-----------------------------
[INFO ][2015-11-04 14:38:47,483][com.java.SeleniumDriver] [  852] - Action Type : Verify
[INFO ][2015-11-04 14:38:47,483][com.java.TestType] [ 4876] - field= USR value= dt:NewUserName
[INFO ][2015-11-04 14:38:47,483][com.java.TestType] [ 3750] - value = vltest.robot
[INFO ][2015-11-04 14:38:47,543][com.java.SeleniumDriver] [  861] -  RESULT true
[INFO ][2015-11-04 14:38:47,543][com.java.SeleniumDriver] [ 1066] - ?   P A S S   ?
[INFO ][2015-11-04 14:38:47,543][com.java.SeleniumDriver] [  788] - ------------------------------------------
[INFO ][2015-11-04 14:38:47,543][com.java.SeleniumDriver] [  789] - Test case being Executed: 7
[INFO ][2015-11-04 14:38:47,543][com.java.SeleniumDriver] [  800] - Test step:27
[INFO ][2015-11-04 14:38:47,543][com.java.SeleniumDriver] [  812] - Datavalue is----------Login_username
[INFO ][2015-11-04 14:38:47,543][com.java.SeleniumDriver] [  836] - DataField : XPH//table[@id="tblUserListing"]//td[contains(text(),'vltest.robot')]
[INFO ][2015-11-04 14:38:47,543][com.java.SeleniumDriver] [  838] - DataValue : Login_username
[INFO ][2015-11-04 14:38:47,543][com.java.SeleniumDriver] [  844] - <In Set values of the page>
[INFO ][2015-11-04 14:38:47,543][com.java.SeleniumDriver] [  847] - {Data Fields & Data Values Exist}
[INFO ][2015-11-04 14:38:47,543][com.java.SeleniumDriver] [  849] - --------------------------setting values-----------------------------
[INFO ][2015-11-04 14:38:47,543][com.java.SeleniumDriver] [  852] - Action Type : STOREVALUE
[INFO ][2015-11-04 14:38:47,543][com.java.TestType] [ 5810] - field= XPH//table[@id="tblUserListing"]//td[contains(text(),'vltest.robot')]
[DEBUG][2015-11-04 14:38:47,643][com.java.TestType] [ 5862] - Key:: Login_username   Value:: vltest.robot.33527
[INFO ][2015-11-04 14:38:47,643][com.java.SeleniumDriver] [  861] -  RESULT true
[INFO ][2015-11-04 14:38:47,643][com.java.SeleniumDriver] [ 1066] - ?   P A S S   ?
[INFO ][2015-11-04 14:38:47,643][com.java.SeleniumDriver] [  788] - ------------------------------------------
[INFO ][2015-11-04 14:38:47,643][com.java.SeleniumDriver] [  789] - Test case being Executed: 7
[INFO ][2015-11-04 14:38:47,643][com.java.SeleniumDriver] [  800] - Test step:28
[INFO ][2015-11-04 14:38:47,643][com.java.SeleniumDriver] [  812] - Datavalue is----------null
[DEBUG][2015-11-04 14:38:47,643][com.java.SeleniumDriver] [  830] - Exception: null
[INFO ][2015-11-04 14:38:47,643][com.java.SeleniumDriver] [  836] - DataField : BTNparent
[INFO ][2015-11-04 14:38:47,643][com.java.SeleniumDriver] [  838] - DataValue : 
[INFO ][2015-11-04 14:38:47,643][com.java.SeleniumDriver] [  844] - <In Set values of the page>
[INFO ][2015-11-04 14:38:47,643][com.java.SeleniumDriver] [  847] - {Data Fields & Data Values Exist}
[INFO ][2015-11-04 14:38:47,643][com.java.SeleniumDriver] [  849] - --------------------------setting values-----------------------------
[INFO ][2015-11-04 14:38:47,643][com.java.SeleniumDriver] [  852] - Action Type : SelectFrame
[INFO ][2015-11-04 14:38:47,653][com.java.SeleniumDriver] [  861] -  RESULT true
[INFO ][2015-11-04 14:38:47,653][com.java.SeleniumDriver] [ 1066] - ?   P A S S   ?
[INFO ][2015-11-04 14:38:47,653][com.java.SeleniumDriver] [  788] - ------------------------------------------
[INFO ][2015-11-04 14:38:47,653][com.java.SeleniumDriver] [  789] - Test case being Executed: 7
[INFO ][2015-11-04 14:38:47,653][com.java.SeleniumDriver] [  800] - Test step:29
[INFO ][2015-11-04 14:38:47,653][com.java.SeleniumDriver] [  812] - Datavalue is----------null
[DEBUG][2015-11-04 14:38:47,653][com.java.SeleniumDriver] [  830] - Exception: null
[INFO ][2015-11-04 14:38:47,653][com.java.SeleniumDriver] [  836] - DataField : XPH//span[contains(text(), 'Finished')]
[INFO ][2015-11-04 14:38:47,653][com.java.SeleniumDriver] [  838] - DataValue : 
[INFO ][2015-11-04 14:38:47,653][com.java.SeleniumDriver] [  844] - <In Set values of the page>
[INFO ][2015-11-04 14:38:47,653][com.java.SeleniumDriver] [  847] - {Data Fields & Data Values Exist}
[INFO ][2015-11-04 14:38:47,653][com.java.SeleniumDriver] [  849] - --------------------------setting values-----------------------------
[INFO ][2015-11-04 14:38:47,653][com.java.SeleniumDriver] [  852] - Action Type : Click
[INFO ][2015-11-04 14:38:47,653][com.java.TestType] [ 4063] - Field ::XPH//span[contains(text(), 'Finished')]
[INFO ][2015-11-04 14:38:48,653][com.java.TestType] [ 4122] - BEFORE CLICK
[INFO ][2015-11-04 14:38:49,713][com.java.TestType] [ 4130] - Unable to click the object Finished button
[INFO ][2015-11-04 14:38:49,713][com.java.SeleniumDriver] [  861] -  RESULT true
[INFO ][2015-11-04 14:38:49,713][com.java.SeleniumDriver] [ 1066] - ?   P A S S   ?
[INFO ][2015-11-04 14:38:49,713][com.java.SeleniumDriver] [  788] - ------------------------------------------
[INFO ][2015-11-04 14:38:49,713][com.java.SeleniumDriver] [  789] - Test case being Executed: 7
[INFO ][2015-11-04 14:38:49,713][com.java.SeleniumDriver] [  800] - Test step:30
[INFO ][2015-11-04 14:38:49,713][com.java.SeleniumDriver] [  812] - Datavalue is----------Concept#3:1-2
[INFO ][2015-11-04 14:38:49,713][com.java.SeleniumDriver] [  836] - DataField : test
[INFO ][2015-11-04 14:38:49,713][com.java.SeleniumDriver] [  838] - DataValue : Concept#3:1-2
[INFO ][2015-11-04 14:38:49,713][com.java.SeleniumDriver] [  844] - <In Set values of the page>
[INFO ][2015-11-04 14:38:49,713][com.java.SeleniumDriver] [  847] - {Data Fields & Data Values Exist}
[INFO ][2015-11-04 14:38:49,713][com.java.SeleniumDriver] [  849] - --------------------------setting values-----------------------------
[INFO ][2015-11-04 14:38:49,713][com.java.SeleniumDriver] [  852] - Action Type : ExecuteTestCase
[INFO ][2015-11-04 14:38:49,713][com.java.TestType] [  411] - The Concept sheet name is ---------- Concept
[INFO ][2015-11-04 14:38:49,713][com.java.TestType] [  414] - The Concept ID  is ---------- 3
[DEBUG][2015-11-04 14:38:49,713][com.java.TestType] [  418] - Steps being executted in the Concept are: 1:2
[INFO ][2015-11-04 14:38:49,713][com.java.TestType] [  425] - Test data details path ---------- D:\BankersDashboard\TestInputs\TestData.xls
[INFO ][2015-11-04 14:38:49,744][com.java.TestType] [  456] -  str(1) = 3
[INFO ][2015-11-04 14:38:49,744][com.java.TestType] [  459] - Test case Id is---3
[INFO ][2015-11-04 14:38:49,744][com.java.TestType] [  461] - 3
[INFO ][2015-11-04 14:38:49,744][com.java.TestType] [  456] -  str(2) = 1
[INFO ][2015-11-04 14:38:49,744][com.java.TestType] [  508] - row values are--------{1=com.java.Objects.TestDataDetails@1fbea5e}
[INFO ][2015-11-04 14:38:49,744][com.java.TestType] [  456] -  str(1) = 3
[INFO ][2015-11-04 14:38:49,744][com.java.TestType] [  459] - Test case Id is---3
[INFO ][2015-11-04 14:38:49,744][com.java.TestType] [  461] - 3
[INFO ][2015-11-04 14:38:49,744][com.java.TestType] [  456] -  str(2) = 2
[INFO ][2015-11-04 14:38:49,744][com.java.TestType] [  508] - row values are--------{1=com.java.Objects.TestDataDetails@1fbea5e, 2=com.java.Objects.TestDataDetails@ca36f8}
[INFO ][2015-11-04 14:38:49,744][com.java.TestType] [ 7899] - Looping 1TCID = 3
[DEBUG][2015-11-04 14:38:49,744][com.java.TestType] [ 7940] - Concept ID:3 :: Step being Executed: 3::1
[INFO ][2015-11-04 14:38:49,744][com.java.TestType] [ 7978] - dataFields : test
[DEBUG][2015-11-04 14:38:49,744][com.java.TestType] [ 7984] - <In Set values of the page>
[DEBUG][2015-11-04 14:38:49,744][com.java.TestType] [ 7989] - {Data Fields & Data Values Exist}
[INFO ][2015-11-04 14:38:49,744][com.java.TestType] [ 7995] - --------------------------setting values-----------------------------
[INFO ][2015-11-04 14:38:49,744][com.java.TestType] [ 7998] - Action Type : Logout
[INFO ][2015-11-04 14:38:51,929][com.java.TestType] [ 4063] - Field ::CNF
[INFO ][2015-11-04 14:38:54,234][com.java.TestType] [ 4118] - Click the object confirmation
[INFO ][2015-11-04 14:38:54,234][com.java.TestType] [ 4119] - Unable to click the object confirmation
[DEBUG][2015-11-04 14:38:54,236][com.java.SeleniumDriver] [  425] - Hub ip address is-------172.17.68.34
[INFO ][2015-11-04 14:38:54,237][com.java.SeleniumDriver] [  451] - Grid URL:http://172.17.68.34:4444/wd/hub
[INFO ][2015-11-04 14:38:54,237][com.java.SeleniumDriver] [  452] - Capability:Capabilities [{platform=ANY, ensureCleanSession=true, ignoreProtectedModeSettings=true, acceptSslCerts=true, ignoreZoomSetting=true, browserName=internet explorer, browserstack.ie.noFlash=true, version=Node1}]
[ERROR][2015-11-04 14:38:55,252][com.java.SeleniumDriver] [  496] - Unable invoke browser in grid:Could not start a new session. Possible causes are invalid address of the remote server or browser start-up failure.
Build info: version: '2.48.2', revision: '41bccdd', time: '2015-10-09 19:59:12'
System info: host: 'FVTIII438F1D', ip: '172.17.68.34', os.name: 'Windows 7', os.arch: 'x86', os.version: '6.1', java.version: '1.7.0_55'
Driver info: driver.version: SeleniumDriver
[INFO ][2015-11-04 14:38:55,252][com.java.SeleniumDriver] [  498] - Executing on local machine
[INFO ][2015-11-04 14:39:04,567][com.java.TestType] [ 8017] -  RESULT true
[INFO ][2015-11-04 14:39:04,567][com.java.TestType] [ 8134] - ?   P A S S   ?
[DEBUG][2015-11-04 14:39:04,567][com.java.TestType] [ 7940] - Concept ID:3 :: Step being Executed: 3::2
[INFO ][2015-11-04 14:39:04,567][com.java.TestType] [ 7978] - dataFields : test
[DEBUG][2015-11-04 14:39:04,567][com.java.TestType] [ 7984] - <In Set values of the page>
[DEBUG][2015-11-04 14:39:04,567][com.java.TestType] [ 7989] - {Data Fields & Data Values Exist}
[INFO ][2015-11-04 14:39:04,567][com.java.TestType] [ 7995] - --------------------------setting values-----------------------------
[INFO ][2015-11-04 14:39:04,567][com.java.TestType] [ 7998] - Action Type : WaitTime
[DEBUG][2015-11-04 14:39:04,567][com.java.TestType] [ 3654] - sleepTime: 2000
[INFO ][2015-11-04 14:39:06,568][com.java.TestType] [ 8017] -  RESULT true
[INFO ][2015-11-04 14:39:06,568][com.java.TestType] [ 8134] - ?   P A S S   ?
[INFO ][2015-11-04 14:39:06,568][com.java.TestType] [ 8205] - Looping End......
[INFO ][2015-11-04 14:39:06,568][com.java.SeleniumDriver] [  861] -  RESULT true
[INFO ][2015-11-04 14:39:06,568][com.java.SeleniumDriver] [ 1066] - ?   P A S S   ?
[INFO ][2015-11-04 14:39:06,568][com.java.SeleniumDriver] [  788] - ------------------------------------------
[INFO ][2015-11-04 14:39:06,568][com.java.SeleniumDriver] [  789] - Test case being Executed: 7
[INFO ][2015-11-04 14:39:06,568][com.java.SeleniumDriver] [  800] - Test step:31
[INFO ][2015-11-04 14:39:06,568][com.java.SeleniumDriver] [  812] - Datavalue is----------HMVLogin_username
[INFO ][2015-11-04 14:39:06,568][com.java.SeleniumDriver] [  836] - DataField : TXTusername
[INFO ][2015-11-04 14:39:06,568][com.java.SeleniumDriver] [  838] - DataValue : HMVLogin_username
[INFO ][2015-11-04 14:39:06,568][com.java.SeleniumDriver] [  844] - <In Set values of the page>
[INFO ][2015-11-04 14:39:06,568][com.java.SeleniumDriver] [  847] - {Data Fields & Data Values Exist}
[INFO ][2015-11-04 14:39:06,568][com.java.SeleniumDriver] [  849] - --------------------------setting values-----------------------------
[INFO ][2015-11-04 14:39:06,568][com.java.SeleniumDriver] [  852] - Action Type : CLEARANDENTER
[INFO ][2015-11-04 14:39:06,568][com.java.TestType] [ 3750] - value = vltest.robot.33527
[INFO ][2015-11-04 14:39:11,383][com.java.SeleniumDriver] [  861] -  RESULT true
[INFO ][2015-11-04 14:39:11,383][com.java.SeleniumDriver] [ 1066] - ?   P A S S   ?
[INFO ][2015-11-04 14:39:11,383][com.java.SeleniumDriver] [  788] - ------------------------------------------
[INFO ][2015-11-04 14:39:11,383][com.java.SeleniumDriver] [  789] - Test case being Executed: 7
[INFO ][2015-11-04 14:39:11,383][com.java.SeleniumDriver] [  800] - Test step:32
[INFO ][2015-11-04 14:39:11,383][com.java.SeleniumDriver] [  812] - Datavalue is----------dt:NewUserPswd
[INFO ][2015-11-04 14:39:11,383][com.java.SeleniumDriver] [  836] - DataField : TXTpassword
[INFO ][2015-11-04 14:39:11,383][com.java.SeleniumDriver] [  838] - DataValue : dt:NewUserPswd
[INFO ][2015-11-04 14:39:11,383][com.java.SeleniumDriver] [  844] - <In Set values of the page>
[INFO ][2015-11-04 14:39:11,383][com.java.SeleniumDriver] [  847] - {Data Fields & Data Values Exist}
[INFO ][2015-11-04 14:39:11,383][com.java.SeleniumDriver] [  849] - --------------------------setting values-----------------------------
[INFO ][2015-11-04 14:39:11,383][com.java.SeleniumDriver] [  852] - Action Type : CLEARANDENTER
[INFO ][2015-11-04 14:39:11,383][com.java.TestType] [ 3750] - value = Password1*
[INFO ][2015-11-04 14:39:16,300][com.java.SeleniumDriver] [  861] -  RESULT true
[INFO ][2015-11-04 14:39:16,300][com.java.SeleniumDriver] [ 1066] - ?   P A S S   ?
[INFO ][2015-11-04 14:39:16,300][com.java.SeleniumDriver] [  788] - ------------------------------------------
[INFO ][2015-11-04 14:39:16,300][com.java.SeleniumDriver] [  789] - Test case being Executed: 7
[INFO ][2015-11-04 14:39:16,300][com.java.SeleniumDriver] [  800] - Test step:33
[INFO ][2015-11-04 14:39:16,300][com.java.SeleniumDriver] [  812] - Datavalue is----------null
[DEBUG][2015-11-04 14:39:16,300][com.java.SeleniumDriver] [  830] - Exception: null
[INFO ][2015-11-04 14:39:16,300][com.java.SeleniumDriver] [  836] - DataField : XPH//button[@type='submit']
[INFO ][2015-11-04 14:39:16,300][com.java.SeleniumDriver] [  838] - DataValue : 
[INFO ][2015-11-04 14:39:16,300][com.java.SeleniumDriver] [  844] - <In Set values of the page>
[INFO ][2015-11-04 14:39:16,300][com.java.SeleniumDriver] [  847] - {Data Fields & Data Values Exist}
[INFO ][2015-11-04 14:39:16,300][com.java.SeleniumDriver] [  849] - --------------------------setting values-----------------------------
[INFO ][2015-11-04 14:39:16,300][com.java.SeleniumDriver] [  852] - Action Type : Click
[INFO ][2015-11-04 14:39:16,300][com.java.TestType] [ 4063] - Field ::XPH//button[@type='submit']
[INFO ][2015-11-04 14:39:17,300][com.java.TestType] [ 4122] - BEFORE CLICK
[INFO ][2015-11-04 14:39:18,110][com.java.TestType] [ 4130] - Unable to click the object Login
[INFO ][2015-11-04 14:39:18,110][com.java.SeleniumDriver] [  861] -  RESULT true
[INFO ][2015-11-04 14:39:18,110][com.java.SeleniumDriver] [ 1066] - ?   P A S S   ?
[INFO ][2015-11-04 14:39:18,110][com.java.SeleniumDriver] [  788] - ------------------------------------------
[INFO ][2015-11-04 14:39:18,110][com.java.SeleniumDriver] [  789] - Test case being Executed: 7
[INFO ][2015-11-04 14:39:18,110][com.java.SeleniumDriver] [  800] - Test step:34
[INFO ][2015-11-04 14:39:18,110][com.java.SeleniumDriver] [  812] - Datavalue is----------1
[INFO ][2015-11-04 14:39:18,110][com.java.SeleniumDriver] [  836] - DataField : LNKLogout
[INFO ][2015-11-04 14:39:18,110][com.java.SeleniumDriver] [  838] - DataValue : 1
[INFO ][2015-11-04 14:39:18,110][com.java.SeleniumDriver] [  844] - <In Set values of the page>
[INFO ][2015-11-04 14:39:18,110][com.java.SeleniumDriver] [  847] - {Data Fields & Data Values Exist}
[INFO ][2015-11-04 14:39:18,110][com.java.SeleniumDriver] [  849] - --------------------------setting values-----------------------------
[INFO ][2015-11-04 14:39:18,110][com.java.SeleniumDriver] [  852] - Action Type : WaitForElement
[DEBUG][2015-11-04 14:39:38,161][com.java.TestType] [ 4640] - link=Logout   :: Link not Found
[INFO ][2015-11-04 14:39:38,161][com.java.SeleniumDriver] [  861] -  RESULT false
[INFO ][2015-11-04 14:39:38,161][com.java.SeleniumDriver] [  908] - ?   F A I L   ?
[INFO ][2015-11-04 14:39:38,161][com.java.SeleniumDriver] [  916] - Browser Type : IE11
[INFO ][2015-11-04 14:39:38,161][com.java.SeleniumDriver] [  917] - Adding Failed case7
[DEBUG][2015-11-04 14:39:38,962][com.java.SeleniumDriver] [  984] -  tdd.getCondition() IF:13:Next
[INFO ][2015-11-04 14:39:38,962][com.java.SeleniumDriver] [  988] - Continue next step...
[INFO ][2015-11-04 14:39:38,962][com.java.SeleniumDriver] [  788] - ------------------------------------------
[INFO ][2015-11-04 14:39:38,962][com.java.SeleniumDriver] [  789] - Test case being Executed: 7
[INFO ][2015-11-04 14:39:38,962][com.java.SeleniumDriver] [  800] - Test step:35
[INFO ][2015-11-04 14:39:38,962][com.java.SeleniumDriver] [  812] - Datavalue is----------Banker'sDashboard
[INFO ][2015-11-04 14:39:38,962][com.java.SeleniumDriver] [  836] - DataField : TTL
[INFO ][2015-11-04 14:39:38,962][com.java.SeleniumDriver] [  838] - DataValue : Banker'sDashboard
[INFO ][2015-11-04 14:39:38,962][com.java.SeleniumDriver] [  844] - <In Set values of the page>
[INFO ][2015-11-04 14:39:38,962][com.java.SeleniumDriver] [  847] - {Data Fields & Data Values Exist}
[INFO ][2015-11-04 14:39:38,962][com.java.SeleniumDriver] [  849] - --------------------------setting values-----------------------------
[INFO ][2015-11-04 14:39:38,962][com.java.SeleniumDriver] [  852] - Action Type : SelectWindow
[INFO ][2015-11-04 14:39:51,252][com.java.SeleniumDriver] [  861] -  RESULT true
[INFO ][2015-11-04 14:39:51,252][com.java.SeleniumDriver] [ 1066] - ?   P A S S   ?
[INFO ][2015-11-04 14:39:51,252][com.java.SeleniumDriver] [  788] - ------------------------------------------
[INFO ][2015-11-04 14:39:51,252][com.java.SeleniumDriver] [  789] - Test case being Executed: 7
[INFO ][2015-11-04 14:39:51,252][com.java.SeleniumDriver] [  800] - Test step:36
[INFO ][2015-11-04 14:39:51,252][com.java.SeleniumDriver] [  812] - Datavalue is----------20
[INFO ][2015-11-04 14:39:51,252][com.java.SeleniumDriver] [  836] - DataField : test
[INFO ][2015-11-04 14:39:51,252][com.java.SeleniumDriver] [  838] - DataValue : 20
[INFO ][2015-11-04 14:39:51,252][com.java.SeleniumDriver] [  844] - <In Set values of the page>
[INFO ][2015-11-04 14:39:51,252][com.java.SeleniumDriver] [  847] - {Data Fields & Data Values Exist}
[INFO ][2015-11-04 14:39:51,252][com.java.SeleniumDriver] [  849] - --------------------------setting values-----------------------------
[INFO ][2015-11-04 14:39:51,252][com.java.SeleniumDriver] [  852] - Action Type : WaitTime
[DEBUG][2015-11-04 14:39:51,252][com.java.TestType] [ 3654] - sleepTime: 20000
[INFO ][2015-11-04 14:40:11,253][com.java.SeleniumDriver] [  861] -  RESULT true
[INFO ][2015-11-04 14:40:11,253][com.java.SeleniumDriver] [ 1066] - ?   P A S S   ?
[INFO ][2015-11-04 14:40:11,253][com.java.SeleniumDriver] [  788] - ------------------------------------------
[INFO ][2015-11-04 14:40:11,253][com.java.SeleniumDriver] [  789] - Test case being Executed: 7
[INFO ][2015-11-04 14:40:11,253][com.java.SeleniumDriver] [  800] - Test step:37
[INFO ][2015-11-04 14:40:11,253][com.java.SeleniumDriver] [  812] - Datavalue is----------null
[DEBUG][2015-11-04 14:40:11,253][com.java.SeleniumDriver] [  830] - Exception: null
[INFO ][2015-11-04 14:40:11,253][com.java.SeleniumDriver] [  836] - DataField : //span[@class='icon-cog2']&&User Settings
[INFO ][2015-11-04 14:40:11,253][com.java.SeleniumDriver] [  838] - DataValue : 
[INFO ][2015-11-04 14:40:11,253][com.java.SeleniumDriver] [  844] - <In Set values of the page>
[INFO ][2015-11-04 14:40:11,253][com.java.SeleniumDriver] [  847] - {Data Fields & Data Values Exist}
[INFO ][2015-11-04 14:40:11,253][com.java.SeleniumDriver] [  849] - --------------------------setting values-----------------------------
[INFO ][2015-11-04 14:40:11,253][com.java.SeleniumDriver] [  852] - Action Type : MouseOver
[DEBUG][2015-11-04 14:40:14,265][com.java.TestType] [ 4616] - //span[@class='icon-cog2']   :: Element not Found
[ERROR][2015-11-04 14:40:14,266][com.java.TestType] [  930] - exception value : null
[INFO ][2015-11-04 14:40:14,266][com.java.SeleniumDriver] [  861] -  RESULT false
[INFO ][2015-11-04 14:40:14,266][com.java.SeleniumDriver] [  908] - ?   F A I L   ?
[INFO ][2015-11-04 14:40:14,266][com.java.SeleniumDriver] [  916] - Browser Type : IE11
[INFO ][2015-11-04 14:40:14,266][com.java.SeleniumDriver] [  917] - Adding Failed case7
[WARN ][2015-11-04 14:40:14,266][com.java.SeleniumDriver] [  976] - Source 'D:\BankersDashboard\TestReports\110415' exists but is a directory
[INFO ][2015-11-04 14:40:14,266][com.java.SeleniumDriver] [ 1030] - failedCases = 7
[ERROR][2015-11-04 14:40:14,266][com.java.SeleniumDriver] [ 1516] - Platform Errors : Our apologies...::We have encountered an issue with your request.::Our apologies?:We encountered an issue with your request.
[INFO ][2015-11-04 14:40:14,266][com.java.SeleniumDriver] [ 1520] - Length =3
[ERROR][2015-11-04 14:40:14,266][com.java.SeleniumDriver] [ 1523] - Error 0 = Our apologies...
[DEBUG][2015-11-04 14:40:14,268][com.java.SeleniumDriver] [ 1536] - Unable to get the Platform Error list from Hash Map.
[ERROR][2015-11-04 14:40:14,300][com.java.SeleniumDriver] [  270] - Browser crashed. Opening new browser with same capabilities
[ERROR][2015-11-04 14:40:14,300][com.java.SeleniumDriver] [  271] - Error:
org.openqa.selenium.NoSuchWindowException: Unable to get browser (WARNING: The server did not provide any stacktrace information)
Command duration or timeout: 32 milliseconds
Build info: version: '2.48.2', revision: '41bccdd', time: '2015-10-09 19:59:12'
System info: host: 'FVTIII438F1D', ip: '172.17.68.34', os.name: 'Windows 7', os.arch: 'x86', os.version: '6.1', java.version: '1.7.0_55'
Session ID: 31e633a6-f984-4f4f-9d9b-14d78af0d383
Driver info: org.openqa.selenium.ie.InternetExplorerDriver
Capabilities [{platform=WINDOWS, javascriptEnabled=true, elementScrollBehavior=0, ignoreZoomSetting=false, enablePersistentHover=true, ie.ensureCleanSession=false, browserName=internet explorer, enableElementCacheCleanup=true, unexpectedAlertBehaviour=dismiss, version=11, ie.usePerProcessProxy=false, ignoreProtectedModeSettings=true, cssSelectorsEnabled=true, requireWindowFocus=false, initialBrowserUrl=http://localhost:26028/, handlesAlerts=true, ie.forceCreateProcessApi=false, nativeEvents=true, browserAttachTimeout=0, ie.browserCommandLineSwitches=, takesScreenshot=true}]
	at sun.reflect.NativeConstructorAccessorImpl.newInstance0(Native Method)
	at sun.reflect.NativeConstructorAccessorImpl.newInstance(NativeConstructorAccessorImpl.java:57)
	at sun.reflect.DelegatingConstructorAccessorImpl.newInstance(DelegatingConstructorAccessorImpl.java:45)
	at java.lang.reflect.Constructor.newInstance(Constructor.java:526)
	at org.openqa.selenium.remote.ErrorHandler.createThrowable(ErrorHandler.java:206)
	at org.openqa.selenium.remote.ErrorHandler.throwIfResponseFailed(ErrorHandler.java:158)
	at org.openqa.selenium.remote.RemoteWebDriver.execute(RemoteWebDriver.java:647)
	at org.openqa.selenium.remote.RemoteWebDriver.execute(RemoteWebDriver.java:670)
	at org.openqa.selenium.remote.RemoteWebDriver.getTitle(RemoteWebDriver.java:315)
	at com.java.SeleniumDriver.testInitiation(SeleniumDriver.java:1124)
	at com.java.SeleniumDriver.setup(SeleniumDriver.java:255)
	at com.java.ExecuteThread.run(CreateClient.java:688)
	at java.lang.Thread.run(Thread.java:745)
[DEBUG][2015-11-04 14:40:15,630][com.java.SeleniumDriver] [  425] - Hub ip address is-------172.17.68.34
[INFO ][2015-11-04 14:40:15,630][com.java.SeleniumDriver] [  451] - Grid URL:http://172.17.68.34:4444/wd/hub
[INFO ][2015-11-04 14:40:15,630][com.java.SeleniumDriver] [  452] - Capability:Capabilities [{platform=ANY, ensureCleanSession=true, ignoreProtectedModeSettings=true, acceptSslCerts=true, ignoreZoomSetting=true, browserName=internet explorer, browserstack.ie.noFlash=true, version=Node1}]
[ERROR][2015-11-04 14:40:16,623][com.java.SeleniumDriver] [  496] - Unable invoke browser in grid:Could not start a new session. Possible causes are invalid address of the remote server or browser start-up failure.
Build info: version: '2.48.2', revision: '41bccdd', time: '2015-10-09 19:59:12'
System info: host: 'FVTIII438F1D', ip: '172.17.68.34', os.name: 'Windows 7', os.arch: 'x86', os.version: '6.1', java.version: '1.7.0_55'
Driver info: driver.version: SeleniumDriver
[INFO ][2015-11-04 14:40:16,623][com.java.SeleniumDriver] [  498] - Executing on local machine
[INFO ][2015-11-04 14:40:25,808][com.java.SeleniumDriver] [  752] - Test cases to be executed are: [1, 7]
[INFO ][2015-11-04 14:40:27,808][com.java.SeleniumDriver] [ 1297] - Total Number of Cases:2
[INFO ][2015-11-04 14:40:27,808][com.java.TemplateGenerator] [  302] - Executed:1
[INFO ][2015-11-04 14:40:27,808][com.java.TemplateGenerator] [  303] - Passed:1
[INFO ][2015-11-04 14:40:27,808][com.java.TemplateGenerator] [  304] - Failed:0
[INFO ][2015-11-04 14:40:27,808][com.java.TemplateGenerator] [  305] - Skipeed:1
[INFO ][2015-11-04 14:40:27,808][com.java.TemplateGenerator] [  306] - Application URL:https://clients-xuat.bankersdashboard.com
[INFO ][2015-11-04 14:40:27,808][com.java.TemplateGenerator] [  307] - Start Time:110415_143621
[INFO ][2015-11-04 14:40:27,808][com.java.TemplateGenerator] [  308] -  Creating HTML Report 
[ERROR][2015-11-04 14:40:27,809][com.java.TemplateGenerator] [  409] - Unparseable date: "Wed Nov 04 02:36:21 IST 2015"
[INFO ][2015-11-04 14:40:27,809][com.java.TemplateGenerator] [  654] -  Exporting case :: 1
[INFO ][2015-11-04 14:40:27,809][com.java.TemplateGenerator] [  654] -  Exporting case :: 7
[INFO ][2015-11-04 14:40:27,813][com.java.SeleniumDriver] [ 1346] - End Time:110415_144027
[INFO ][2015-11-04 14:40:27,814][com.java.SeleniumDriver] [ 1349] - Data in Test Execution Details:{1=PASS, 7=FAILTest case failed at Step No. :: 37   Error Message ::  Element: //span[@class='icon-cog2'] is not found}
[INFO ][2015-11-04 14:40:27,814][com.java.SeleniumDriver] [ 1350] - Data in Failed Execution Deatils:{}
[INFO ][2015-11-04 14:40:27,814][com.java.SeleniumDriver] [ 1352] - ReportCounter:Total:1 :: PASS: 1 ::FAIL: 0
[INFO ][2015-11-04 14:40:27,814][com.java.SeleniumDriver] [ 1353] - FailedReportCounter:Total:0 :: PASS: 0 ::FAIL: 0
[INFO ][2015-11-04 14:40:27,821][com.java.EmailTestReport] [   63] - Sending report mail details:
[INFO ][2015-11-04 14:40:27,821][com.java.EmailTestReport] [   80] - Excel Report Path:D:\BankersDashboard/TestReports/Test Results_BankersDashBoard_110415_143621_IE11_Bank of North Carolina.xls
[INFO ][2015-11-04 14:40:27,821][com.java.EmailTestReport] [   81] - HTML Report Path:D:\BankersDashboard//TestReports//Test Results_BankersDashBoard_110415_143621_IE11_Bank of North Carolina.html
[INFO ][2015-11-04 14:40:27,821][com.java.EmailTestReport] [   82] - smtpHostName:mail01.valuelabs.com
[INFO ][2015-11-04 14:40:27,821][com.java.EmailTestReport] [   83] - Recipient:venkateswararao.gubbala@valuelabs.com
[INFO ][2015-11-04 14:40:27,821][com.java.EmailTestReport] [   84] - From:venkateswararao.gubbala@valuelabs.com
[INFO ][2015-11-04 14:40:27,822][com.java.EmailTestReport] [   85] - Subject:Deluxe Corp Bankers Dashboard Automation Test Report - Bank of North Carolina - IE11
[INFO ][2015-11-04 14:40:27,837][com.java.EmailTestReport] [  143] -  Added venkateswararao.gubbala@valuelabs.com
[INFO ][2015-11-04 14:40:31,218][com.java.SeleniumDriver] [  719] - quitting the browser 
[INFO ][2015-11-04 14:40:32,332][com.java.SeleniumDriver] [  286] - Execution Completed Stopping the thread, (Additional info Browser got crashed in the the total execution)
