[INFO ][2016-01-07 19:30:16,419][com.java.SeleniumDriver] [  213] - Execute Failed Casesfalse
[INFO ][2016-01-07 19:30:16,419][com.java.SeleniumDriver] [  214] - Browser: IE10
[INFO ][2016-01-07 19:30:16,419][com.java.SeleniumDriver] [  215] - [1, 2, 3, 4, 5, 6, 7]
[INFO ][2016-01-07 19:30:16,419][com.java.SeleniumDriver] [  216] - Total TestCases:7
[INFO ][2016-01-07 19:30:16,419][com.java.SeleniumDriver] [  217] -  Reading Properties from Property File 
[DEBUG][2016-01-07 19:30:16,419][com.java.SeleniumDriver] [  238] - url : https://clients-xuat.bankersdashboard.com
[INFO ][2016-01-07 19:30:16,419][com.java.ImportnExport.ExportTestResultsExcel] [  116] - Time Stamp Thu Jan 07 07:30:16 IST 2016
[INFO ][2016-01-07 19:30:16,419][com.java.ImportnExport.ExportTestResultsExcel] [  175] - OUT FILE : D:\BankersDashboard/TestReports/Test Results_BankersDashBoard_010716_193016_IE10_First Bank.xls
[INFO ][2016-01-07 19:30:16,452][com.java.ImportnExport.ExportTestResultsExcel] [  180] - Test Result file is created
[DEBUG][2016-01-07 19:30:16,561][com.java.SeleniumDriver] [  426] - Hub ip address is-------172.17.68.34
[INFO ][2016-01-07 19:30:16,561][com.java.SeleniumDriver] [  452] - Grid URL:http://172.17.68.34:4444/wd/hub
[INFO ][2016-01-07 19:30:16,561][com.java.SeleniumDriver] [  453] - Capability:Capabilities [{platform=ANY, ensureCleanSession=true, ignoreProtectedModeSettings=true, acceptSslCerts=true, ignoreZoomSetting=true, browserName=internet explorer, browserstack.ie.noFlash=true, version=null}]
[ERROR][2016-01-07 19:30:17,902][com.java.SeleniumDriver] [  498] - Unable invoke browser in grid:Could not start a new session. Possible causes are invalid address of the remote server or browser start-up failure.
Build info: version: '2.48.2', revision: '41bccdd', time: '2015-10-09 19:59:12'
System info: host: 'FVTIII438F1D', ip: '172.17.68.34', os.name: 'Windows 7', os.arch: 'x86', os.version: '6.1', java.version: '1.7.0_55'
Driver info: driver.version: SeleniumDriver
[INFO ][2016-01-07 19:30:17,902][com.java.SeleniumDriver] [  500] - Executing on local machine
[INFO ][2016-01-07 19:30:30,559][com.java.SeleniumDriver] [  248] - IE10is opened
[INFO ][2016-01-07 19:30:31,411][com.java.SeleniumDriver] [  756] - Test cases to be executed are: [1, 2, 3, 4, 5, 6, 7]
[INFO ][2016-01-07 19:30:31,412][com.java.ImportnExport.ImportTestDataDetailsExcel] [   49] - test data details path===== D:\BankersDashboard\TestInputs\TestData.xls
[INFO ][2016-01-07 19:30:31,521][com.java.SeleniumDriver] [  832] - ------------------------------------------
[INFO ][2016-01-07 19:30:31,521][com.java.SeleniumDriver] [  833] - Test case being Executed: 1
[INFO ][2016-01-07 19:30:31,521][com.java.SeleniumDriver] [  845] - Test step:1
[INFO ][2016-01-07 19:30:31,521][com.java.SeleniumDriver] [  857] - Datavalue is----------Concept#1:1-16
[INFO ][2016-01-07 19:30:31,521][com.java.SeleniumDriver] [  881] - DataField : test
[INFO ][2016-01-07 19:30:31,521][com.java.SeleniumDriver] [  883] - DataValue : Concept#1:1-16
[INFO ][2016-01-07 19:30:31,521][com.java.SeleniumDriver] [  889] - <In Set values of the page>
[INFO ][2016-01-07 19:30:31,521][com.java.SeleniumDriver] [  892] - {Data Fields & Data Values Exist}
[INFO ][2016-01-07 19:30:31,521][com.java.SeleniumDriver] [  894] - --------------------------setting values-----------------------------
[INFO ][2016-01-07 19:30:31,521][com.java.SeleniumDriver] [  897] - Action Type : ExecuteTestCase
[INFO ][2016-01-07 19:30:31,537][com.java.TestType] [  437] - The Concept sheet name is ---------- Concept
[INFO ][2016-01-07 19:30:31,537][com.java.TestType] [  440] - The Concept ID  is ---------- 1
[DEBUG][2016-01-07 19:30:31,537][com.java.TestType] [  444] - Steps being executted in the Concept are: 1:16
[INFO ][2016-01-07 19:30:31,537][com.java.TestType] [  451] - Test data details path ---------- D:\BankersDashboard\TestInputs\TestData.xls
[INFO ][2016-01-07 19:30:31,568][com.java.TestType] [  482] -  str(1) = 1
[INFO ][2016-01-07 19:30:31,568][com.java.TestType] [  485] - Test case Id is---1
[INFO ][2016-01-07 19:30:31,568][com.java.TestType] [  487] - 1
[INFO ][2016-01-07 19:30:31,568][com.java.TestType] [  482] -  str(2) = 1
[INFO ][2016-01-07 19:30:31,568][com.java.TestType] [  482] -  str(1) = 1
[INFO ][2016-01-07 19:30:31,568][com.java.TestType] [  485] - Test case Id is---1
[INFO ][2016-01-07 19:30:31,568][com.java.TestType] [  487] - 1
[INFO ][2016-01-07 19:30:31,568][com.java.TestType] [  482] -  str(2) = 2
[INFO ][2016-01-07 19:30:31,568][com.java.TestType] [  482] -  str(1) = 1
[INFO ][2016-01-07 19:30:31,568][com.java.TestType] [  485] - Test case Id is---1
[INFO ][2016-01-07 19:30:31,568][com.java.TestType] [  487] - 1
[INFO ][2016-01-07 19:30:31,568][com.java.TestType] [  482] -  str(2) = 3
[INFO ][2016-01-07 19:30:31,568][com.java.TestType] [  482] -  str(1) = 1
[INFO ][2016-01-07 19:30:31,568][com.java.TestType] [  485] - Test case Id is---1
[INFO ][2016-01-07 19:30:31,568][com.java.TestType] [  487] - 1
[INFO ][2016-01-07 19:30:31,568][com.java.TestType] [  482] -  str(2) = 4
[INFO ][2016-01-07 19:30:31,584][com.java.TestType] [  482] -  str(1) = 1
[INFO ][2016-01-07 19:30:31,584][com.java.TestType] [  485] - Test case Id is---1
[INFO ][2016-01-07 19:30:31,584][com.java.TestType] [  487] - 1
[INFO ][2016-01-07 19:30:31,584][com.java.TestType] [  482] -  str(2) = 5
[INFO ][2016-01-07 19:30:31,584][com.java.TestType] [  482] -  str(1) = 1
[INFO ][2016-01-07 19:30:31,584][com.java.TestType] [  485] - Test case Id is---1
[INFO ][2016-01-07 19:30:31,584][com.java.TestType] [  487] - 1
[INFO ][2016-01-07 19:30:31,584][com.java.TestType] [  482] -  str(2) = 6
[INFO ][2016-01-07 19:30:31,584][com.java.TestType] [  482] -  str(1) = 1
[INFO ][2016-01-07 19:30:31,584][com.java.TestType] [  485] - Test case Id is---1
[INFO ][2016-01-07 19:30:31,584][com.java.TestType] [  487] - 1
[INFO ][2016-01-07 19:30:31,584][com.java.TestType] [  482] -  str(2) = 7
[INFO ][2016-01-07 19:30:31,584][com.java.TestType] [  482] -  str(1) = 1
[INFO ][2016-01-07 19:30:31,584][com.java.TestType] [  485] - Test case Id is---1
[INFO ][2016-01-07 19:30:31,584][com.java.TestType] [  487] - 1
[INFO ][2016-01-07 19:30:31,584][com.java.TestType] [  482] -  str(2) = 8
[INFO ][2016-01-07 19:30:31,584][com.java.TestType] [  482] -  str(1) = 1
[INFO ][2016-01-07 19:30:31,584][com.java.TestType] [  485] - Test case Id is---1
[INFO ][2016-01-07 19:30:31,584][com.java.TestType] [  487] - 1
[INFO ][2016-01-07 19:30:31,584][com.java.TestType] [  482] -  str(2) = 9
[INFO ][2016-01-07 19:30:31,584][com.java.TestType] [  482] -  str(1) = 1
[INFO ][2016-01-07 19:30:31,584][com.java.TestType] [  485] - Test case Id is---1
[INFO ][2016-01-07 19:30:31,584][com.java.TestType] [  487] - 1
[INFO ][2016-01-07 19:30:31,584][com.java.TestType] [  482] -  str(2) = 10
[INFO ][2016-01-07 19:30:31,584][com.java.TestType] [  482] -  str(1) = 1
[INFO ][2016-01-07 19:30:31,584][com.java.TestType] [  485] - Test case Id is---1
[INFO ][2016-01-07 19:30:31,584][com.java.TestType] [  487] - 1
[INFO ][2016-01-07 19:30:31,584][com.java.TestType] [  482] -  str(2) = 11
[INFO ][2016-01-07 19:30:31,584][com.java.TestType] [  482] -  str(1) = 1
[INFO ][2016-01-07 19:30:31,584][com.java.TestType] [  485] - Test case Id is---1
[INFO ][2016-01-07 19:30:31,584][com.java.TestType] [  487] - 1
[INFO ][2016-01-07 19:30:31,584][com.java.TestType] [  482] -  str(2) = 12
[INFO ][2016-01-07 19:30:31,584][com.java.TestType] [  482] -  str(1) = 1
[INFO ][2016-01-07 19:30:31,584][com.java.TestType] [  485] - Test case Id is---1
[INFO ][2016-01-07 19:30:31,584][com.java.TestType] [  487] - 1
[INFO ][2016-01-07 19:30:31,584][com.java.TestType] [  482] -  str(2) = 13
[INFO ][2016-01-07 19:30:31,584][com.java.TestType] [  482] -  str(1) = 1
[INFO ][2016-01-07 19:30:31,584][com.java.TestType] [  485] - Test case Id is---1
[INFO ][2016-01-07 19:30:31,584][com.java.TestType] [  487] - 1
[INFO ][2016-01-07 19:30:31,584][com.java.TestType] [  482] -  str(2) = 14
[INFO ][2016-01-07 19:30:31,584][com.java.TestType] [  482] -  str(1) = 1
[INFO ][2016-01-07 19:30:31,584][com.java.TestType] [  485] - Test case Id is---1
[INFO ][2016-01-07 19:30:31,584][com.java.TestType] [  487] - 1
[INFO ][2016-01-07 19:30:31,584][com.java.TestType] [  482] -  str(2) = 15
[INFO ][2016-01-07 19:30:31,584][com.java.TestType] [  482] -  str(1) = 1
[INFO ][2016-01-07 19:30:31,584][com.java.TestType] [  485] - Test case Id is---1
[INFO ][2016-01-07 19:30:31,584][com.java.TestType] [  487] - 1
[INFO ][2016-01-07 19:30:31,584][com.java.TestType] [  482] -  str(2) = 16
[INFO ][2016-01-07 19:30:31,599][com.java.TestType] [10822] - Looping 1TCID = 1
[DEBUG][2016-01-07 19:30:31,599][com.java.TestType] [10863] - Concept ID:1 :: Step being Executed: 1::1
[INFO ][2016-01-07 19:30:31,599][com.java.TestType] [10901] - dataFields : TXTusername
[DEBUG][2016-01-07 19:30:31,599][com.java.TestType] [10907] - <In Set values of the page>
[DEBUG][2016-01-07 19:30:31,599][com.java.TestType] [10912] - {Data Fields & Data Values Exist}
[INFO ][2016-01-07 19:30:31,599][com.java.TestType] [10918] - --------------------------setting values-----------------------------
[INFO ][2016-01-07 19:30:31,599][com.java.TestType] [10921] - Action Type : CLEARANDENTER
[INFO ][2016-01-07 19:30:31,599][com.java.TestType] [ 5895] - value = valuelabs.ie10.15019
[INFO ][2016-01-07 19:30:36,522][com.java.TestType] [10940] -  RESULT true
[INFO ][2016-01-07 19:30:36,522][com.java.TestType] [11057] - ?   P A S S   ?
[DEBUG][2016-01-07 19:30:36,522][com.java.TestType] [10863] - Concept ID:1 :: Step being Executed: 1::2
[INFO ][2016-01-07 19:30:36,522][com.java.TestType] [10901] - dataFields : TXTpassword
[DEBUG][2016-01-07 19:30:36,522][com.java.TestType] [10907] - <In Set values of the page>
[DEBUG][2016-01-07 19:30:36,522][com.java.TestType] [10912] - {Data Fields & Data Values Exist}
[INFO ][2016-01-07 19:30:36,522][com.java.TestType] [10918] - --------------------------setting values-----------------------------
[INFO ][2016-01-07 19:30:36,522][com.java.TestType] [10921] - Action Type : CLEARANDENTER
[INFO ][2016-01-07 19:30:36,522][com.java.TestType] [ 5895] - value = Password1*
[INFO ][2016-01-07 19:30:41,556][com.java.TestType] [10940] -  RESULT true
[INFO ][2016-01-07 19:30:41,556][com.java.TestType] [11057] - ?   P A S S   ?
[DEBUG][2016-01-07 19:30:41,556][com.java.TestType] [10863] - Concept ID:1 :: Step being Executed: 1::3
[ERROR][2016-01-07 19:30:41,556][com.java.TestType] [10896] - Exception: null
[INFO ][2016-01-07 19:30:41,556][com.java.TestType] [10901] - dataFields : XPH//button[@type='submit']
[DEBUG][2016-01-07 19:30:41,556][com.java.TestType] [10907] - <In Set values of the page>
[DEBUG][2016-01-07 19:30:41,556][com.java.TestType] [10912] - {Data Fields & Data Values Exist}
[INFO ][2016-01-07 19:30:41,556][com.java.TestType] [10918] - --------------------------setting values-----------------------------
[INFO ][2016-01-07 19:30:41,556][com.java.TestType] [10921] - Action Type : Click
[INFO ][2016-01-07 19:30:41,556][com.java.TestType] [ 6274] - Field ::XPH//button[@type='submit']
[INFO ][2016-01-07 19:30:41,556][com.java.TestType] [ 5895] - value = 
[INFO ][2016-01-07 19:30:42,570][com.java.TestType] [ 6411] - BEFORE CLICK
[INFO ][2016-01-07 19:30:45,720][com.java.TestType] [ 6419] - Unable to click the object Login
[INFO ][2016-01-07 19:30:45,720][com.java.TestType] [10940] -  RESULT true
[INFO ][2016-01-07 19:30:45,720][com.java.TestType] [11057] - ?   P A S S   ?
[DEBUG][2016-01-07 19:30:45,720][com.java.TestType] [10863] - Concept ID:1 :: Step being Executed: 1::4
[INFO ][2016-01-07 19:30:45,720][com.java.TestType] [10901] - dataFields : LNKLogout
[DEBUG][2016-01-07 19:30:45,720][com.java.TestType] [10907] - <In Set values of the page>
[DEBUG][2016-01-07 19:30:45,720][com.java.TestType] [10912] - {Data Fields & Data Values Exist}
[INFO ][2016-01-07 19:30:45,720][com.java.TestType] [10918] - --------------------------setting values-----------------------------
[INFO ][2016-01-07 19:30:45,720][com.java.TestType] [10921] - Action Type : WaitForElement
[INFO ][2016-01-07 19:30:45,753][com.java.TestType] [10940] -  RESULT true
[INFO ][2016-01-07 19:30:45,753][com.java.TestType] [11057] - ?   P A S S   ?
[DEBUG][2016-01-07 19:30:45,753][com.java.TestType] [10863] - Concept ID:1 :: Step being Executed: 1::15
[INFO ][2016-01-07 19:30:45,753][com.java.TestType] [10901] - dataFields : LNK
[DEBUG][2016-01-07 19:30:45,753][com.java.TestType] [10907] - <In Set values of the page>
[DEBUG][2016-01-07 19:30:45,753][com.java.TestType] [10912] - {Data Fields & Data Values Exist}
[INFO ][2016-01-07 19:30:45,753][com.java.TestType] [10918] - --------------------------setting values-----------------------------
[INFO ][2016-01-07 19:30:45,753][com.java.TestType] [10921] - Action Type : Verify
[INFO ][2016-01-07 19:30:45,753][com.java.TestType] [ 7269] - field= LNK value= Logout
[INFO ][2016-01-07 19:30:45,753][com.java.TestType] [ 5895] - value = Logout
[INFO ][2016-01-07 19:30:45,784][com.java.TestType] [10940] -  RESULT true
[INFO ][2016-01-07 19:30:45,784][com.java.TestType] [11057] - ?   P A S S   ?
[DEBUG][2016-01-07 19:30:45,784][com.java.TestType] [10863] - Concept ID:1 :: Step being Executed: 1::16
[INFO ][2016-01-07 19:30:45,784][com.java.TestType] [10901] - dataFields : BTN
[DEBUG][2016-01-07 19:30:45,784][com.java.TestType] [10907] - <In Set values of the page>
[DEBUG][2016-01-07 19:30:45,784][com.java.TestType] [10912] - {Data Fields & Data Values Exist}
[INFO ][2016-01-07 19:30:45,784][com.java.TestType] [10918] - --------------------------setting values-----------------------------
[INFO ][2016-01-07 19:30:45,784][com.java.TestType] [10921] - Action Type : Verify
[INFO ][2016-01-07 19:30:45,784][com.java.TestType] [ 7269] - field= BTN value= //img[contains(@src,'bdlogo.jpg')]
[INFO ][2016-01-07 19:30:45,784][com.java.TestType] [ 5895] - value = //img[contains(@src,'bdlogo.jpg')]
[INFO ][2016-01-07 19:30:45,846][com.java.TestType] [10940] -  RESULT true
[INFO ][2016-01-07 19:30:45,846][com.java.TestType] [11057] - ?   P A S S   ?
[INFO ][2016-01-07 19:30:45,846][com.java.TestType] [11128] - Looping End......
[INFO ][2016-01-07 19:30:45,846][com.java.SeleniumDriver] [  906] -  RESULT true
[INFO ][2016-01-07 19:30:45,846][com.java.SeleniumDriver] [ 1112] - ?   P A S S   ?
[INFO ][2016-01-07 19:30:45,846][com.java.SeleniumDriver] [  832] - ------------------------------------------
[INFO ][2016-01-07 19:30:45,846][com.java.SeleniumDriver] [  833] - Test case being Executed: 1
[INFO ][2016-01-07 19:30:45,846][com.java.SeleniumDriver] [  845] - Test step:2
[INFO ][2016-01-07 19:30:45,846][com.java.SeleniumDriver] [  857] - Datavalue is----------Concept#2:1-2
[INFO ][2016-01-07 19:30:45,846][com.java.SeleniumDriver] [  881] - DataField : test
[INFO ][2016-01-07 19:30:45,846][com.java.SeleniumDriver] [  883] - DataValue : Concept#2:1-2
[INFO ][2016-01-07 19:30:45,846][com.java.SeleniumDriver] [  889] - <In Set values of the page>
[INFO ][2016-01-07 19:30:45,846][com.java.SeleniumDriver] [  892] - {Data Fields & Data Values Exist}
[INFO ][2016-01-07 19:30:45,846][com.java.SeleniumDriver] [  894] - --------------------------setting values-----------------------------
[INFO ][2016-01-07 19:30:45,846][com.java.SeleniumDriver] [  897] - Action Type : ExecuteTestCase
[INFO ][2016-01-07 19:30:45,846][com.java.TestType] [  437] - The Concept sheet name is ---------- Concept
[INFO ][2016-01-07 19:30:45,846][com.java.TestType] [  440] - The Concept ID  is ---------- 2
[DEBUG][2016-01-07 19:30:45,846][com.java.TestType] [  444] - Steps being executted in the Concept are: 1:2
[INFO ][2016-01-07 19:30:45,846][com.java.TestType] [  451] - Test data details path ---------- D:\BankersDashboard\TestInputs\TestData.xls
[INFO ][2016-01-07 19:30:45,877][com.java.TestType] [  482] -  str(1) = 2
[INFO ][2016-01-07 19:30:45,877][com.java.TestType] [  485] - Test case Id is---2
[INFO ][2016-01-07 19:30:45,877][com.java.TestType] [  487] - 2
[INFO ][2016-01-07 19:30:45,877][com.java.TestType] [  482] -  str(2) = 1
[INFO ][2016-01-07 19:30:45,877][com.java.TestType] [  482] -  str(1) = 2
[INFO ][2016-01-07 19:30:45,877][com.java.TestType] [  485] - Test case Id is---2
[INFO ][2016-01-07 19:30:45,877][com.java.TestType] [  487] - 2
[INFO ][2016-01-07 19:30:45,877][com.java.TestType] [  482] -  str(2) = 2
[INFO ][2016-01-07 19:30:45,877][com.java.TestType] [  482] -  str(1) = 2
[INFO ][2016-01-07 19:30:45,877][com.java.TestType] [  485] - Test case Id is---2
[INFO ][2016-01-07 19:30:45,877][com.java.TestType] [  487] - 2
[INFO ][2016-01-07 19:30:45,877][com.java.TestType] [  482] -  str(2) = 3
[INFO ][2016-01-07 19:30:45,877][com.java.TestType] [10822] - Looping 1TCID = 2
[DEBUG][2016-01-07 19:30:45,877][com.java.TestType] [10863] - Concept ID:2 :: Step being Executed: 2::1
[INFO ][2016-01-07 19:30:45,877][com.java.TestType] [10901] - dataFields : BNK//select[@id='bank']
[DEBUG][2016-01-07 19:30:45,877][com.java.TestType] [10907] - <In Set values of the page>
[DEBUG][2016-01-07 19:30:45,877][com.java.TestType] [10912] - {Data Fields & Data Values Exist}
[INFO ][2016-01-07 19:30:45,877][com.java.TestType] [10918] - --------------------------setting values-----------------------------
[INFO ][2016-01-07 19:30:45,877][com.java.TestType] [10921] - Action Type : Select
[INFO ][2016-01-07 19:30:45,877][com.java.TestType] [ 5895] - value = PFC
[INFO ][2016-01-07 19:30:46,241][com.java.TestType] [10940] -  RESULT true
[INFO ][2016-01-07 19:30:46,241][com.java.TestType] [11057] - ?   P A S S   ?
[DEBUG][2016-01-07 19:30:46,241][com.java.TestType] [10863] - Concept ID:2 :: Step being Executed: 2::2
[INFO ][2016-01-07 19:30:46,241][com.java.TestType] [10901] - dataFields : LNKLogout
[DEBUG][2016-01-07 19:30:46,241][com.java.TestType] [10907] - <In Set values of the page>
[DEBUG][2016-01-07 19:30:46,241][com.java.TestType] [10912] - {Data Fields & Data Values Exist}
[INFO ][2016-01-07 19:30:46,241][com.java.TestType] [10918] - --------------------------setting values-----------------------------
[INFO ][2016-01-07 19:30:46,241][com.java.TestType] [10921] - Action Type : WaitTime
[DEBUG][2016-01-07 19:30:46,241][com.java.TestType] [ 5715] - sleepTime: 5000
[INFO ][2016-01-07 19:30:51,236][com.java.TestType] [10940] -  RESULT true
[INFO ][2016-01-07 19:30:51,236][com.java.TestType] [11057] - ?   P A S S   ?
[INFO ][2016-01-07 19:30:51,236][com.java.TestType] [11128] - Looping End......
[INFO ][2016-01-07 19:30:51,236][com.java.SeleniumDriver] [  906] -  RESULT true
[INFO ][2016-01-07 19:30:51,236][com.java.SeleniumDriver] [ 1112] - ?   P A S S   ?
[INFO ][2016-01-07 19:30:51,236][com.java.SeleniumDriver] [  832] - ------------------------------------------
[INFO ][2016-01-07 19:30:51,236][com.java.SeleniumDriver] [  833] - Test case being Executed: 1
[INFO ][2016-01-07 19:30:51,236][com.java.SeleniumDriver] [  845] - Test step:3
[INFO ][2016-01-07 19:30:51,236][com.java.SeleniumDriver] [  857] - Datavalue is----------2
[INFO ][2016-01-07 19:30:51,236][com.java.SeleniumDriver] [  881] - DataField : XPH//button[contains(text(),'Add Content')]
[INFO ][2016-01-07 19:30:51,236][com.java.SeleniumDriver] [  883] - DataValue : 2
[INFO ][2016-01-07 19:30:51,236][com.java.SeleniumDriver] [  889] - <In Set values of the page>
[INFO ][2016-01-07 19:30:51,236][com.java.SeleniumDriver] [  892] - {Data Fields & Data Values Exist}
[INFO ][2016-01-07 19:30:51,236][com.java.SeleniumDriver] [  894] - --------------------------setting values-----------------------------
[INFO ][2016-01-07 19:30:51,236][com.java.SeleniumDriver] [  897] - Action Type : WAITFORELEMENT
[INFO ][2016-01-07 19:30:51,284][com.java.SeleniumDriver] [  906] -  RESULT true
[INFO ][2016-01-07 19:30:51,284][com.java.SeleniumDriver] [ 1112] - ?   P A S S   ?
[DEBUG][2016-01-07 19:30:51,284][com.java.SeleniumDriver] [ 1224] - Case found
[DEBUG][2016-01-07 19:30:51,284][com.java.SeleniumDriver] [ 1229] - Incrementing ReportCounters[0]:1
[INFO ][2016-01-07 19:30:51,284][com.java.SeleniumDriver] [ 1248] - The results are-------------------[1, 1, Valid Login, Pass, , Thu Jan 07 19:30:45 IST 2016, 1, 2, Valid Login, Pass, , Thu Jan 07 19:30:51 IST 2016, 1, 3, Valid Login, Pass, , Thu Jan 07 19:30:51 IST 2016]
[INFO ][2016-01-07 19:30:51,284][com.java.SeleniumDriver] [ 1252] - End time is-------37 sec
[INFO ][2016-01-07 19:30:51,284][com.java.SeleniumDriver] [ 1253] - The results are-------------------[1, 1, Valid Login, Pass, , Thu Jan 07 19:30:45 IST 2016, 1, 2, Valid Login, Pass, , Thu Jan 07 19:30:51 IST 2016, 1, 3, Valid Login, Pass, , Thu Jan 07 19:30:51 IST 2016]
[DEBUG][2016-01-07 19:30:51,284][com.java.ImportnExport.ExportTestResultsExcel] [  222] - testResultPath = D:\BankersDashboard/TestReports/Test Results_BankersDashBoard_010716_193016_IE10_First Bank.xls
[DEBUG][2016-01-07 19:30:51,284][com.java.ImportnExport.ExportTestResultsExcel] [  223] - browser is------------IE10
[DEBUG][2016-01-07 19:30:51,331][com.java.ImportnExport.ExportTestResultsExcel] [  270] - result.size() = 18
[DEBUG][2016-01-07 19:30:51,331][com.java.ImportnExport.ExportTestResultsExcel] [  274] - No of rows in sheet=1
[DEBUG][2016-01-07 19:30:51,331][com.java.ImportnExport.ExportTestResultsExcel] [  301] - ..in export..1
[DEBUG][2016-01-07 19:30:51,331][com.java.ImportnExport.ExportTestResultsExcel] [  301] - ..in export..Valid Login
[DEBUG][2016-01-07 19:30:51,331][com.java.ImportnExport.ExportTestResultsExcel] [  301] - ..in export..Pass
[DEBUG][2016-01-07 19:30:51,331][com.java.ImportnExport.ExportTestResultsExcel] [  301] - ..in export..
[DEBUG][2016-01-07 19:30:51,331][com.java.ImportnExport.ExportTestResultsExcel] [  301] - ..in export..Thu Jan 07 19:30:45 IST 2016
[INFO ][2016-01-07 19:30:51,331][com.java.SeleniumDriver] [ 1313] - out loop:0 size:7 TestCases:[1, 2, 3, 4, 5, 6, 7] testcases:[1, 2, 3, 4, 5, 6, 7]
[INFO ][2016-01-07 19:30:51,331][com.java.ImportnExport.ImportTestDataDetailsExcel] [   49] - test data details path===== D:\BankersDashboard\TestInputs\TestData.xls
[INFO ][2016-01-07 19:31:21,050][com.java.SeleniumDriver] [  832] - ------------------------------------------
[INFO ][2016-01-07 19:31:21,050][com.java.SeleniumDriver] [  833] - Test case being Executed: 2
[INFO ][2016-01-07 19:31:21,050][com.java.SeleniumDriver] [  845] - Test step:1
[INFO ][2016-01-07 19:31:21,050][com.java.SeleniumDriver] [  857] - Datavalue is----------Logout
[INFO ][2016-01-07 19:31:21,050][com.java.SeleniumDriver] [  881] - DataField : BTN
[INFO ][2016-01-07 19:31:21,050][com.java.SeleniumDriver] [  883] - DataValue : Logout
[INFO ][2016-01-07 19:31:21,050][com.java.SeleniumDriver] [  889] - <In Set values of the page>
[INFO ][2016-01-07 19:31:21,050][com.java.SeleniumDriver] [  892] - {Data Fields & Data Values Exist}
[INFO ][2016-01-07 19:31:21,050][com.java.SeleniumDriver] [  894] - --------------------------setting values-----------------------------
[INFO ][2016-01-07 19:31:21,050][com.java.SeleniumDriver] [  897] - Action Type : Verify
[INFO ][2016-01-07 19:31:21,050][com.java.TestType] [ 7269] - field= BTN value= Logout
[INFO ][2016-01-07 19:31:21,050][com.java.TestType] [ 5895] - value = Logout
[INFO ][2016-01-07 19:31:21,207][com.java.SeleniumDriver] [  906] -  RESULT true
[INFO ][2016-01-07 19:31:21,207][com.java.SeleniumDriver] [ 1112] - ?   P A S S   ?
[INFO ][2016-01-07 19:31:21,207][com.java.SeleniumDriver] [ 1154] - step change to 3
[INFO ][2016-01-07 19:31:21,207][com.java.SeleniumDriver] [  832] - ------------------------------------------
[INFO ][2016-01-07 19:31:21,207][com.java.SeleniumDriver] [  833] - Test case being Executed: 2
[INFO ][2016-01-07 19:31:21,207][com.java.SeleniumDriver] [  845] - Test step:3
[INFO ][2016-01-07 19:31:21,207][com.java.SeleniumDriver] [  857] - Datavalue is----------null
[DEBUG][2016-01-07 19:31:21,207][com.java.SeleniumDriver] [  875] - Exception: null
[INFO ][2016-01-07 19:31:21,207][com.java.SeleniumDriver] [  881] - DataField : //span[@class='icon-user4']&&//a[text()='Users']&&//a[@data-id="ModifyUsers"]
[INFO ][2016-01-07 19:31:21,207][com.java.SeleniumDriver] [  883] - DataValue : 
[INFO ][2016-01-07 19:31:21,207][com.java.SeleniumDriver] [  889] - <In Set values of the page>
[INFO ][2016-01-07 19:31:21,207][com.java.SeleniumDriver] [  892] - {Data Fields & Data Values Exist}
[INFO ][2016-01-07 19:31:21,207][com.java.SeleniumDriver] [  894] - --------------------------setting values-----------------------------
[INFO ][2016-01-07 19:31:21,207][com.java.SeleniumDriver] [  897] - Action Type : MouseOver
[INFO ][2016-01-07 19:31:49,712][com.java.SeleniumDriver] [  906] -  RESULT true
[INFO ][2016-01-07 19:31:49,712][com.java.SeleniumDriver] [ 1112] - ?   P A S S   ?
[INFO ][2016-01-07 19:31:49,712][com.java.SeleniumDriver] [  832] - ------------------------------------------
[INFO ][2016-01-07 19:31:49,712][com.java.SeleniumDriver] [  833] - Test case being Executed: 2
[INFO ][2016-01-07 19:31:49,712][com.java.SeleniumDriver] [  845] - Test step:4
[INFO ][2016-01-07 19:31:49,712][com.java.SeleniumDriver] [  857] - Datavalue is----------2
[INFO ][2016-01-07 19:31:49,712][com.java.SeleniumDriver] [  881] - DataField : BTNframeDialogContent
[INFO ][2016-01-07 19:31:49,712][com.java.SeleniumDriver] [  883] - DataValue : 2
[INFO ][2016-01-07 19:31:49,712][com.java.SeleniumDriver] [  889] - <In Set values of the page>
[INFO ][2016-01-07 19:31:49,712][com.java.SeleniumDriver] [  892] - {Data Fields & Data Values Exist}
[INFO ][2016-01-07 19:31:49,712][com.java.SeleniumDriver] [  894] - --------------------------setting values-----------------------------
[INFO ][2016-01-07 19:31:49,712][com.java.SeleniumDriver] [  897] - Action Type : WaitForElement
[INFO ][2016-01-07 19:31:50,945][com.java.SeleniumDriver] [  906] -  RESULT true
[INFO ][2016-01-07 19:31:50,945][com.java.SeleniumDriver] [ 1112] - ?   P A S S   ?
[INFO ][2016-01-07 19:31:50,945][com.java.SeleniumDriver] [  832] - ------------------------------------------
[INFO ][2016-01-07 19:31:50,945][com.java.SeleniumDriver] [  833] - Test case being Executed: 2
[INFO ][2016-01-07 19:31:50,945][com.java.SeleniumDriver] [  845] - Test step:5
[INFO ][2016-01-07 19:31:50,945][com.java.SeleniumDriver] [  857] - Datavalue is----------null
[DEBUG][2016-01-07 19:31:50,945][com.java.SeleniumDriver] [  875] - Exception: null
[INFO ][2016-01-07 19:31:50,945][com.java.SeleniumDriver] [  881] - DataField : BTNframeDialogContent
[INFO ][2016-01-07 19:31:50,945][com.java.SeleniumDriver] [  883] - DataValue : 
[INFO ][2016-01-07 19:31:50,945][com.java.SeleniumDriver] [  889] - <In Set values of the page>
[INFO ][2016-01-07 19:31:50,945][com.java.SeleniumDriver] [  892] - {Data Fields & Data Values Exist}
[INFO ][2016-01-07 19:31:50,945][com.java.SeleniumDriver] [  894] - --------------------------setting values-----------------------------
[INFO ][2016-01-07 19:31:50,945][com.java.SeleniumDriver] [  897] - Action Type : SelectFrame
[INFO ][2016-01-07 19:31:52,226][com.java.SeleniumDriver] [  906] -  RESULT true
[INFO ][2016-01-07 19:31:52,226][com.java.SeleniumDriver] [ 1112] - ?   P A S S   ?
[INFO ][2016-01-07 19:31:52,226][com.java.SeleniumDriver] [  832] - ------------------------------------------
[INFO ][2016-01-07 19:31:52,226][com.java.SeleniumDriver] [  833] - Test case being Executed: 2
[INFO ][2016-01-07 19:31:52,226][com.java.SeleniumDriver] [  845] - Test step:6
[INFO ][2016-01-07 19:31:52,226][com.java.SeleniumDriver] [  857] - Datavalue is----------2
[INFO ][2016-01-07 19:31:52,226][com.java.SeleniumDriver] [  881] - DataField : BTNbtnAddUser
[INFO ][2016-01-07 19:31:52,226][com.java.SeleniumDriver] [  883] - DataValue : 2
[INFO ][2016-01-07 19:31:52,226][com.java.SeleniumDriver] [  889] - <In Set values of the page>
[INFO ][2016-01-07 19:31:52,226][com.java.SeleniumDriver] [  892] - {Data Fields & Data Values Exist}
[INFO ][2016-01-07 19:31:52,226][com.java.SeleniumDriver] [  894] - --------------------------setting values-----------------------------
[INFO ][2016-01-07 19:31:52,226][com.java.SeleniumDriver] [  897] - Action Type : WaitForElement
[INFO ][2016-01-07 19:31:53,864][com.java.SeleniumDriver] [  906] -  RESULT true
[INFO ][2016-01-07 19:31:53,864][com.java.SeleniumDriver] [ 1112] - ?   P A S S   ?
[INFO ][2016-01-07 19:31:53,864][com.java.SeleniumDriver] [  832] - ------------------------------------------
[INFO ][2016-01-07 19:31:53,864][com.java.SeleniumDriver] [  833] - Test case being Executed: 2
[INFO ][2016-01-07 19:31:53,864][com.java.SeleniumDriver] [  845] - Test step:7
[INFO ][2016-01-07 19:31:53,864][com.java.SeleniumDriver] [  857] - Datavalue is----------null
[DEBUG][2016-01-07 19:31:53,864][com.java.SeleniumDriver] [  875] - Exception: null
[INFO ][2016-01-07 19:31:53,864][com.java.SeleniumDriver] [  881] - DataField : BTNbtnAddUser
[INFO ][2016-01-07 19:31:53,864][com.java.SeleniumDriver] [  883] - DataValue : 
[INFO ][2016-01-07 19:31:53,864][com.java.SeleniumDriver] [  889] - <In Set values of the page>
[INFO ][2016-01-07 19:31:53,864][com.java.SeleniumDriver] [  892] - {Data Fields & Data Values Exist}
[INFO ][2016-01-07 19:31:53,864][com.java.SeleniumDriver] [  894] - --------------------------setting values-----------------------------
[INFO ][2016-01-07 19:31:53,864][com.java.SeleniumDriver] [  897] - Action Type : Click
[INFO ][2016-01-07 19:31:53,864][com.java.TestType] [ 6274] - Field ::BTNbtnAddUser
[INFO ][2016-01-07 19:31:53,864][com.java.TestType] [ 5895] - value = 
[INFO ][2016-01-07 19:31:54,879][com.java.TestType] [ 6390] - BEFORE CLICK
[INFO ][2016-01-07 19:31:56,674][com.java.TestType] [ 6397] - Unable to click the object Add user button
[INFO ][2016-01-07 19:31:56,674][com.java.SeleniumDriver] [  906] -  RESULT true
[INFO ][2016-01-07 19:31:56,674][com.java.SeleniumDriver] [ 1112] - ?   P A S S   ?
[INFO ][2016-01-07 19:31:56,674][com.java.SeleniumDriver] [  832] - ------------------------------------------
[INFO ][2016-01-07 19:31:56,674][com.java.SeleniumDriver] [  833] - Test case being Executed: 2
[INFO ][2016-01-07 19:31:56,674][com.java.SeleniumDriver] [  845] - Test step:8
[INFO ][2016-01-07 19:31:56,674][com.java.SeleniumDriver] [  857] - Datavalue is----------2
[INFO ][2016-01-07 19:31:56,674][com.java.SeleniumDriver] [  881] - DataField : BTNtxtUserName
[INFO ][2016-01-07 19:31:56,674][com.java.SeleniumDriver] [  883] - DataValue : 2
[INFO ][2016-01-07 19:31:56,674][com.java.SeleniumDriver] [  889] - <In Set values of the page>
[INFO ][2016-01-07 19:31:56,674][com.java.SeleniumDriver] [  892] - {Data Fields & Data Values Exist}
[INFO ][2016-01-07 19:31:56,674][com.java.SeleniumDriver] [  894] - --------------------------setting values-----------------------------
[INFO ][2016-01-07 19:31:56,674][com.java.SeleniumDriver] [  897] - Action Type : WaitForElement
[INFO ][2016-01-07 19:31:57,860][com.java.SeleniumDriver] [  906] -  RESULT true
[INFO ][2016-01-07 19:31:57,860][com.java.SeleniumDriver] [ 1112] - ?   P A S S   ?
[INFO ][2016-01-07 19:31:57,860][com.java.SeleniumDriver] [  832] - ------------------------------------------
[INFO ][2016-01-07 19:31:57,860][com.java.SeleniumDriver] [  833] - Test case being Executed: 2
[INFO ][2016-01-07 19:31:57,860][com.java.SeleniumDriver] [  845] - Test step:9
[INFO ][2016-01-07 19:31:57,860][com.java.SeleniumDriver] [  857] - Datavalue is----------5
[INFO ][2016-01-07 19:31:57,860][com.java.SeleniumDriver] [  881] - DataField : TXTtxtUserName
[INFO ][2016-01-07 19:31:57,860][com.java.SeleniumDriver] [  883] - DataValue : 5
[INFO ][2016-01-07 19:31:57,860][com.java.SeleniumDriver] [  889] - <In Set values of the page>
[INFO ][2016-01-07 19:31:57,860][com.java.SeleniumDriver] [  892] - {Data Fields & Data Values Exist}
[INFO ][2016-01-07 19:31:57,860][com.java.SeleniumDriver] [  894] - --------------------------setting values-----------------------------
[INFO ][2016-01-07 19:31:57,860][com.java.SeleniumDriver] [  897] - Action Type : WaitForElement
[INFO ][2016-01-07 19:31:59,015][com.java.SeleniumDriver] [  906] -  RESULT true
[INFO ][2016-01-07 19:31:59,015][com.java.SeleniumDriver] [ 1112] - ?   P A S S   ?
[INFO ][2016-01-07 19:31:59,015][com.java.SeleniumDriver] [  832] - ------------------------------------------
[INFO ][2016-01-07 19:31:59,015][com.java.SeleniumDriver] [  833] - Test case being Executed: 2
[INFO ][2016-01-07 19:31:59,015][com.java.SeleniumDriver] [  845] - Test step:10
[INFO ][2016-01-07 19:31:59,015][com.java.SeleniumDriver] [  857] - Datavalue is----------RNDvltest.robot
[INFO ][2016-01-07 19:31:59,015][com.java.SeleniumDriver] [  881] - DataField : TXTtxtUserName
[INFO ][2016-01-07 19:31:59,015][com.java.SeleniumDriver] [  883] - DataValue : RNDvltest.robot
[INFO ][2016-01-07 19:31:59,015][com.java.SeleniumDriver] [  889] - <In Set values of the page>
[INFO ][2016-01-07 19:31:59,015][com.java.SeleniumDriver] [  892] - {Data Fields & Data Values Exist}
[INFO ][2016-01-07 19:31:59,015][com.java.SeleniumDriver] [  894] - --------------------------setting values-----------------------------
[INFO ][2016-01-07 19:31:59,015][com.java.SeleniumDriver] [  897] - Action Type : CLEARANDENTER
[INFO ][2016-01-07 19:31:59,015][com.java.TestType] [ 5895] - value = vltest.robot48919
[INFO ][2016-01-07 19:32:01,811][com.java.SeleniumDriver] [  906] -  RESULT true
[INFO ][2016-01-07 19:32:01,811][com.java.SeleniumDriver] [ 1112] - ?   P A S S   ?
[INFO ][2016-01-07 19:32:01,811][com.java.SeleniumDriver] [  832] - ------------------------------------------
[INFO ][2016-01-07 19:32:01,811][com.java.SeleniumDriver] [  833] - Test case being Executed: 2
[INFO ][2016-01-07 19:32:01,811][com.java.SeleniumDriver] [  845] - Test step:11
[INFO ][2016-01-07 19:32:01,811][com.java.SeleniumDriver] [  857] - Datavalue is----------5
[INFO ][2016-01-07 19:32:01,811][com.java.SeleniumDriver] [  881] - DataField : TXTtxtFirstName
[INFO ][2016-01-07 19:32:01,811][com.java.SeleniumDriver] [  883] - DataValue : 5
[INFO ][2016-01-07 19:32:01,811][com.java.SeleniumDriver] [  889] - <In Set values of the page>
[INFO ][2016-01-07 19:32:01,811][com.java.SeleniumDriver] [  892] - {Data Fields & Data Values Exist}
[INFO ][2016-01-07 19:32:01,811][com.java.SeleniumDriver] [  894] - --------------------------setting values-----------------------------
[INFO ][2016-01-07 19:32:01,811][com.java.SeleniumDriver] [  897] - Action Type : WaitForElement
[INFO ][2016-01-07 19:32:02,981][com.java.SeleniumDriver] [  906] -  RESULT true
[INFO ][2016-01-07 19:32:02,981][com.java.SeleniumDriver] [ 1112] - ?   P A S S   ?
[INFO ][2016-01-07 19:32:02,981][com.java.SeleniumDriver] [  832] - ------------------------------------------
[INFO ][2016-01-07 19:32:02,981][com.java.SeleniumDriver] [  833] - Test case being Executed: 2
[INFO ][2016-01-07 19:32:02,981][com.java.SeleniumDriver] [  845] - Test step:12
[INFO ][2016-01-07 19:32:02,981][com.java.SeleniumDriver] [  857] - Datavalue is----------GivenNewUserName
[INFO ][2016-01-07 19:32:02,981][com.java.SeleniumDriver] [  881] - DataField : TXTtxtUserName
[INFO ][2016-01-07 19:32:02,981][com.java.SeleniumDriver] [  883] - DataValue : GivenNewUserName
[INFO ][2016-01-07 19:32:02,981][com.java.SeleniumDriver] [  889] - <In Set values of the page>
[INFO ][2016-01-07 19:32:02,981][com.java.SeleniumDriver] [  892] - {Data Fields & Data Values Exist}
[INFO ][2016-01-07 19:32:02,981][com.java.SeleniumDriver] [  894] - --------------------------setting values-----------------------------
[INFO ][2016-01-07 19:32:02,981][com.java.SeleniumDriver] [  897] - Action Type : STOREVALUE
[INFO ][2016-01-07 19:32:02,981][com.java.TestType] [ 8612] - field= TXTtxtUserName
[DEBUG][2016-01-07 19:32:04,184][com.java.TestType] [ 8626] - Key:: GivenNewUserName  Value:: vltest.robot48919
[INFO ][2016-01-07 19:32:04,184][com.java.SeleniumDriver] [  906] -  RESULT true
[INFO ][2016-01-07 19:32:04,184][com.java.SeleniumDriver] [ 1112] - ?   P A S S   ?
[INFO ][2016-01-07 19:32:04,184][com.java.SeleniumDriver] [  832] - ------------------------------------------
[INFO ][2016-01-07 19:32:04,184][com.java.SeleniumDriver] [  833] - Test case being Executed: 2
[INFO ][2016-01-07 19:32:04,184][com.java.SeleniumDriver] [  845] - Test step:13
[INFO ][2016-01-07 19:32:04,184][com.java.SeleniumDriver] [  857] - Datavalue is----------VLTest
[INFO ][2016-01-07 19:32:04,184][com.java.SeleniumDriver] [  881] - DataField : TXTtxtFirstName
[INFO ][2016-01-07 19:32:04,184][com.java.SeleniumDriver] [  883] - DataValue : VLTest
[INFO ][2016-01-07 19:32:04,184][com.java.SeleniumDriver] [  889] - <In Set values of the page>
[INFO ][2016-01-07 19:32:04,184][com.java.SeleniumDriver] [  892] - {Data Fields & Data Values Exist}
[INFO ][2016-01-07 19:32:04,184][com.java.SeleniumDriver] [  894] - --------------------------setting values-----------------------------
[INFO ][2016-01-07 19:32:04,184][com.java.SeleniumDriver] [  897] - Action Type : Enter
[INFO ][2016-01-07 19:32:04,184][com.java.TestType] [ 6696] - field = txtFirstName
[INFO ][2016-01-07 19:32:04,184][com.java.TestType] [ 5895] - value = VLTest
[INFO ][2016-01-07 19:32:06,072][com.java.SeleniumDriver] [  906] -  RESULT true
[INFO ][2016-01-07 19:32:06,072][com.java.SeleniumDriver] [ 1112] - ?   P A S S   ?
[INFO ][2016-01-07 19:32:06,072][com.java.SeleniumDriver] [  832] - ------------------------------------------
[INFO ][2016-01-07 19:32:06,072][com.java.SeleniumDriver] [  833] - Test case being Executed: 2
[INFO ][2016-01-07 19:32:06,072][com.java.SeleniumDriver] [  845] - Test step:14
[INFO ][2016-01-07 19:32:06,072][com.java.SeleniumDriver] [  857] - Datavalue is----------5
[INFO ][2016-01-07 19:32:06,072][com.java.SeleniumDriver] [  881] - DataField : TXTtxtLastName
[INFO ][2016-01-07 19:32:06,072][com.java.SeleniumDriver] [  883] - DataValue : 5
[INFO ][2016-01-07 19:32:06,072][com.java.SeleniumDriver] [  889] - <In Set values of the page>
[INFO ][2016-01-07 19:32:06,072][com.java.SeleniumDriver] [  892] - {Data Fields & Data Values Exist}
[INFO ][2016-01-07 19:32:06,072][com.java.SeleniumDriver] [  894] - --------------------------setting values-----------------------------
[INFO ][2016-01-07 19:32:06,072][com.java.SeleniumDriver] [  897] - Action Type : WaitForElement
[INFO ][2016-01-07 19:32:07,242][com.java.SeleniumDriver] [  906] -  RESULT true
[INFO ][2016-01-07 19:32:07,242][com.java.SeleniumDriver] [ 1112] - ?   P A S S   ?
[INFO ][2016-01-07 19:32:07,242][com.java.SeleniumDriver] [  832] - ------------------------------------------
[INFO ][2016-01-07 19:32:07,242][com.java.SeleniumDriver] [  833] - Test case being Executed: 2
[INFO ][2016-01-07 19:32:07,242][com.java.SeleniumDriver] [  845] - Test step:15
[INFO ][2016-01-07 19:32:07,242][com.java.SeleniumDriver] [  857] - Datavalue is----------Robot
[INFO ][2016-01-07 19:32:07,242][com.java.SeleniumDriver] [  881] - DataField : TXTtxtLastName
[INFO ][2016-01-07 19:32:07,242][com.java.SeleniumDriver] [  883] - DataValue : Robot
[INFO ][2016-01-07 19:32:07,242][com.java.SeleniumDriver] [  889] - <In Set values of the page>
[INFO ][2016-01-07 19:32:07,242][com.java.SeleniumDriver] [  892] - {Data Fields & Data Values Exist}
[INFO ][2016-01-07 19:32:07,242][com.java.SeleniumDriver] [  894] - --------------------------setting values-----------------------------
[INFO ][2016-01-07 19:32:07,242][com.java.SeleniumDriver] [  897] - Action Type : Enter
[INFO ][2016-01-07 19:32:07,242][com.java.TestType] [ 6696] - field = txtLastName
[INFO ][2016-01-07 19:32:07,242][com.java.TestType] [ 5895] - value = Robot
[INFO ][2016-01-07 19:32:08,836][com.java.SeleniumDriver] [  906] -  RESULT true
[INFO ][2016-01-07 19:32:08,836][com.java.SeleniumDriver] [ 1112] - ?   P A S S   ?
[INFO ][2016-01-07 19:32:08,836][com.java.SeleniumDriver] [  832] - ------------------------------------------
[INFO ][2016-01-07 19:32:08,836][com.java.SeleniumDriver] [  833] - Test case being Executed: 2
[INFO ][2016-01-07 19:32:08,836][com.java.SeleniumDriver] [  845] - Test step:16
[INFO ][2016-01-07 19:32:08,836][com.java.SeleniumDriver] [  857] - Datavalue is----------5
[INFO ][2016-01-07 19:32:08,836][com.java.SeleniumDriver] [  881] - DataField : TXTtxtCompany
[INFO ][2016-01-07 19:32:08,836][com.java.SeleniumDriver] [  883] - DataValue : 5
[INFO ][2016-01-07 19:32:08,836][com.java.SeleniumDriver] [  889] - <In Set values of the page>
[INFO ][2016-01-07 19:32:08,836][com.java.SeleniumDriver] [  892] - {Data Fields & Data Values Exist}
[INFO ][2016-01-07 19:32:08,836][com.java.SeleniumDriver] [  894] - --------------------------setting values-----------------------------
[INFO ][2016-01-07 19:32:08,836][com.java.SeleniumDriver] [  897] - Action Type : WaitForElement
[INFO ][2016-01-07 19:32:10,006][com.java.SeleniumDriver] [  906] -  RESULT true
[INFO ][2016-01-07 19:32:10,006][com.java.SeleniumDriver] [ 1112] - ?   P A S S   ?
[INFO ][2016-01-07 19:32:10,006][com.java.SeleniumDriver] [  832] - ------------------------------------------
[INFO ][2016-01-07 19:32:10,006][com.java.SeleniumDriver] [  833] - Test case being Executed: 2
[INFO ][2016-01-07 19:32:10,006][com.java.SeleniumDriver] [  845] - Test step:17
[INFO ][2016-01-07 19:32:10,006][com.java.SeleniumDriver] [  857] - Datavalue is----------ValueLabs
[INFO ][2016-01-07 19:32:10,006][com.java.SeleniumDriver] [  881] - DataField : TXTtxtCompany
[INFO ][2016-01-07 19:32:10,006][com.java.SeleniumDriver] [  883] - DataValue : ValueLabs
[INFO ][2016-01-07 19:32:10,006][com.java.SeleniumDriver] [  889] - <In Set values of the page>
[INFO ][2016-01-07 19:32:10,006][com.java.SeleniumDriver] [  892] - {Data Fields & Data Values Exist}
[INFO ][2016-01-07 19:32:10,006][com.java.SeleniumDriver] [  894] - --------------------------setting values-----------------------------
[INFO ][2016-01-07 19:32:10,006][com.java.SeleniumDriver] [  897] - Action Type : Enter
[INFO ][2016-01-07 19:32:10,006][com.java.TestType] [ 6696] - field = txtCompany
[INFO ][2016-01-07 19:32:10,006][com.java.TestType] [ 5895] - value = ValueLabs
[INFO ][2016-01-07 19:32:11,786][com.java.SeleniumDriver] [  906] -  RESULT true
[INFO ][2016-01-07 19:32:11,786][com.java.SeleniumDriver] [ 1112] - ?   P A S S   ?
[INFO ][2016-01-07 19:32:11,786][com.java.SeleniumDriver] [  832] - ------------------------------------------
[INFO ][2016-01-07 19:32:11,786][com.java.SeleniumDriver] [  833] - Test case being Executed: 2
[INFO ][2016-01-07 19:32:11,786][com.java.SeleniumDriver] [  845] - Test step:18
[INFO ][2016-01-07 19:32:11,786][com.java.SeleniumDriver] [  857] - Datavalue is----------5
[INFO ][2016-01-07 19:32:11,786][com.java.SeleniumDriver] [  881] - DataField : TXTtxtLocation
[INFO ][2016-01-07 19:32:11,786][com.java.SeleniumDriver] [  883] - DataValue : 5
[INFO ][2016-01-07 19:32:11,786][com.java.SeleniumDriver] [  889] - <In Set values of the page>
[INFO ][2016-01-07 19:32:11,786][com.java.SeleniumDriver] [  892] - {Data Fields & Data Values Exist}
[INFO ][2016-01-07 19:32:11,786][com.java.SeleniumDriver] [  894] - --------------------------setting values-----------------------------
[INFO ][2016-01-07 19:32:11,786][com.java.SeleniumDriver] [  897] - Action Type : WaitForElement
[INFO ][2016-01-07 19:32:12,956][com.java.SeleniumDriver] [  906] -  RESULT true
[INFO ][2016-01-07 19:32:12,956][com.java.SeleniumDriver] [ 1112] - ?   P A S S   ?
[INFO ][2016-01-07 19:32:12,956][com.java.SeleniumDriver] [  832] - ------------------------------------------
[INFO ][2016-01-07 19:32:12,956][com.java.SeleniumDriver] [  833] - Test case being Executed: 2
[INFO ][2016-01-07 19:32:12,956][com.java.SeleniumDriver] [  845] - Test step:19
[INFO ][2016-01-07 19:32:12,956][com.java.SeleniumDriver] [  857] - Datavalue is----------India
[INFO ][2016-01-07 19:32:12,956][com.java.SeleniumDriver] [  881] - DataField : TXTtxtLocation
[INFO ][2016-01-07 19:32:12,956][com.java.SeleniumDriver] [  883] - DataValue : India
[INFO ][2016-01-07 19:32:12,956][com.java.SeleniumDriver] [  889] - <In Set values of the page>
[INFO ][2016-01-07 19:32:12,956][com.java.SeleniumDriver] [  892] - {Data Fields & Data Values Exist}
[INFO ][2016-01-07 19:32:12,956][com.java.SeleniumDriver] [  894] - --------------------------setting values-----------------------------
[INFO ][2016-01-07 19:32:12,956][com.java.SeleniumDriver] [  897] - Action Type : Enter
[INFO ][2016-01-07 19:32:12,956][com.java.TestType] [ 6696] - field = txtLocation
[INFO ][2016-01-07 19:32:12,956][com.java.TestType] [ 5895] - value = India
[INFO ][2016-01-07 19:32:14,549][com.java.SeleniumDriver] [  906] -  RESULT true
[INFO ][2016-01-07 19:32:14,549][com.java.SeleniumDriver] [ 1112] - ?   P A S S   ?
[INFO ][2016-01-07 19:32:14,549][com.java.SeleniumDriver] [  832] - ------------------------------------------
[INFO ][2016-01-07 19:32:14,549][com.java.SeleniumDriver] [  833] - Test case being Executed: 2
[INFO ][2016-01-07 19:32:14,549][com.java.SeleniumDriver] [  845] - Test step:20
[INFO ][2016-01-07 19:32:14,549][com.java.SeleniumDriver] [  857] - Datavalue is----------5
[INFO ][2016-01-07 19:32:14,549][com.java.SeleniumDriver] [  881] - DataField : TXTtxtEMail
[INFO ][2016-01-07 19:32:14,549][com.java.SeleniumDriver] [  883] - DataValue : 5
[INFO ][2016-01-07 19:32:14,549][com.java.SeleniumDriver] [  889] - <In Set values of the page>
[INFO ][2016-01-07 19:32:14,549][com.java.SeleniumDriver] [  892] - {Data Fields & Data Values Exist}
[INFO ][2016-01-07 19:32:14,549][com.java.SeleniumDriver] [  894] - --------------------------setting values-----------------------------
[INFO ][2016-01-07 19:32:14,549][com.java.SeleniumDriver] [  897] - Action Type : WaitForElement
[INFO ][2016-01-07 19:32:15,735][com.java.SeleniumDriver] [  906] -  RESULT true
[INFO ][2016-01-07 19:32:15,735][com.java.SeleniumDriver] [ 1112] - ?   P A S S   ?
[INFO ][2016-01-07 19:32:15,735][com.java.SeleniumDriver] [  832] - ------------------------------------------
[INFO ][2016-01-07 19:32:15,735][com.java.SeleniumDriver] [  833] - Test case being Executed: 2
[INFO ][2016-01-07 19:32:15,735][com.java.SeleniumDriver] [  845] - Test step:21
[INFO ][2016-01-07 19:32:15,735][com.java.SeleniumDriver] [  857] - Datavalue is----------vltest.robot@valuelabs.com
[INFO ][2016-01-07 19:32:15,735][com.java.SeleniumDriver] [  881] - DataField : TXTtxtEMail
[INFO ][2016-01-07 19:32:15,735][com.java.SeleniumDriver] [  883] - DataValue : vltest.robot@valuelabs.com
[INFO ][2016-01-07 19:32:15,735][com.java.SeleniumDriver] [  889] - <In Set values of the page>
[INFO ][2016-01-07 19:32:15,735][com.java.SeleniumDriver] [  892] - {Data Fields & Data Values Exist}
[INFO ][2016-01-07 19:32:15,735][com.java.SeleniumDriver] [  894] - --------------------------setting values-----------------------------
[INFO ][2016-01-07 19:32:15,735][com.java.SeleniumDriver] [  897] - Action Type : Enter
[INFO ][2016-01-07 19:32:15,735][com.java.TestType] [ 6696] - field = txtEMail
[INFO ][2016-01-07 19:32:15,735][com.java.TestType] [ 5895] - value = vltest.robot@valuelabs.com
[INFO ][2016-01-07 19:32:17,656][com.java.SeleniumDriver] [  906] -  RESULT true
[INFO ][2016-01-07 19:32:17,656][com.java.SeleniumDriver] [ 1112] - ?   P A S S   ?
[INFO ][2016-01-07 19:32:17,656][com.java.SeleniumDriver] [  832] - ------------------------------------------
[INFO ][2016-01-07 19:32:17,656][com.java.SeleniumDriver] [  833] - Test case being Executed: 2
[INFO ][2016-01-07 19:32:17,656][com.java.SeleniumDriver] [  845] - Test step:22
[INFO ][2016-01-07 19:32:17,656][com.java.SeleniumDriver] [  857] - Datavalue is----------5
[INFO ][2016-01-07 19:32:17,656][com.java.SeleniumDriver] [  881] - DataField : TXTtxtPhone
[INFO ][2016-01-07 19:32:17,656][com.java.SeleniumDriver] [  883] - DataValue : 5
[INFO ][2016-01-07 19:32:17,656][com.java.SeleniumDriver] [  889] - <In Set values of the page>
[INFO ][2016-01-07 19:32:17,656][com.java.SeleniumDriver] [  892] - {Data Fields & Data Values Exist}
[INFO ][2016-01-07 19:32:17,656][com.java.SeleniumDriver] [  894] - --------------------------setting values-----------------------------
[INFO ][2016-01-07 19:32:17,656][com.java.SeleniumDriver] [  897] - Action Type : WaitForElement
[INFO ][2016-01-07 19:32:18,826][com.java.SeleniumDriver] [  906] -  RESULT true
[INFO ][2016-01-07 19:32:18,826][com.java.SeleniumDriver] [ 1112] - ?   P A S S   ?
[INFO ][2016-01-07 19:32:18,826][com.java.SeleniumDriver] [  832] - ------------------------------------------
[INFO ][2016-01-07 19:32:18,826][com.java.SeleniumDriver] [  833] - Test case being Executed: 2
[INFO ][2016-01-07 19:32:18,826][com.java.SeleniumDriver] [  845] - Test step:23
[INFO ][2016-01-07 19:32:18,826][com.java.SeleniumDriver] [  857] - Datavalue is----------12345678901
[INFO ][2016-01-07 19:32:18,826][com.java.SeleniumDriver] [  881] - DataField : TXTtxtPhone
[INFO ][2016-01-07 19:32:18,826][com.java.SeleniumDriver] [  883] - DataValue : 12345678901
[INFO ][2016-01-07 19:32:18,826][com.java.SeleniumDriver] [  889] - <In Set values of the page>
[INFO ][2016-01-07 19:32:18,826][com.java.SeleniumDriver] [  892] - {Data Fields & Data Values Exist}
[INFO ][2016-01-07 19:32:18,826][com.java.SeleniumDriver] [  894] - --------------------------setting values-----------------------------
[INFO ][2016-01-07 19:32:18,826][com.java.SeleniumDriver] [  897] - Action Type : Enter
[INFO ][2016-01-07 19:32:18,826][com.java.TestType] [ 6696] - field = txtPhone
[INFO ][2016-01-07 19:32:18,826][com.java.TestType] [ 5895] - value = 12345678901
[INFO ][2016-01-07 19:32:20,388][com.java.SeleniumDriver] [  906] -  RESULT true
[INFO ][2016-01-07 19:32:20,388][com.java.SeleniumDriver] [ 1112] - ?   P A S S   ?
[INFO ][2016-01-07 19:32:20,388][com.java.SeleniumDriver] [  832] - ------------------------------------------
[INFO ][2016-01-07 19:32:20,388][com.java.SeleniumDriver] [  833] - Test case being Executed: 2
[INFO ][2016-01-07 19:32:20,388][com.java.SeleniumDriver] [  845] - Test step:24
[INFO ][2016-01-07 19:32:20,388][com.java.SeleniumDriver] [  857] - Datavalue is----------5
[INFO ][2016-01-07 19:32:20,388][com.java.SeleniumDriver] [  881] - DataField : TXTtxtPassword
[INFO ][2016-01-07 19:32:20,388][com.java.SeleniumDriver] [  883] - DataValue : 5
[INFO ][2016-01-07 19:32:20,388][com.java.SeleniumDriver] [  889] - <In Set values of the page>
[INFO ][2016-01-07 19:32:20,388][com.java.SeleniumDriver] [  892] - {Data Fields & Data Values Exist}
[INFO ][2016-01-07 19:32:20,388][com.java.SeleniumDriver] [  894] - --------------------------setting values-----------------------------
[INFO ][2016-01-07 19:32:20,388][com.java.SeleniumDriver] [  897] - Action Type : WaitForElement
[INFO ][2016-01-07 19:32:21,558][com.java.SeleniumDriver] [  906] -  RESULT true
[INFO ][2016-01-07 19:32:21,558][com.java.SeleniumDriver] [ 1112] - ?   P A S S   ?
[INFO ][2016-01-07 19:32:21,558][com.java.SeleniumDriver] [  832] - ------------------------------------------
[INFO ][2016-01-07 19:32:21,558][com.java.SeleniumDriver] [  833] - Test case being Executed: 2
[INFO ][2016-01-07 19:32:21,558][com.java.SeleniumDriver] [  845] - Test step:25
[INFO ][2016-01-07 19:32:21,558][com.java.SeleniumDriver] [  857] - Datavalue is----------dt:NewUserPswd
[INFO ][2016-01-07 19:32:21,558][com.java.SeleniumDriver] [  881] - DataField : TXTtxtPassword
[INFO ][2016-01-07 19:32:21,558][com.java.SeleniumDriver] [  883] - DataValue : dt:NewUserPswd
[INFO ][2016-01-07 19:32:21,558][com.java.SeleniumDriver] [  889] - <In Set values of the page>
[INFO ][2016-01-07 19:32:21,558][com.java.SeleniumDriver] [  892] - {Data Fields & Data Values Exist}
[INFO ][2016-01-07 19:32:21,558][com.java.SeleniumDriver] [  894] - --------------------------setting values-----------------------------
[INFO ][2016-01-07 19:32:21,558][com.java.SeleniumDriver] [  897] - Action Type : CLEARANDENTER
[INFO ][2016-01-07 19:32:21,558][com.java.TestType] [ 5895] - value = Password1*
[INFO ][2016-01-07 19:32:24,494][com.java.SeleniumDriver] [  906] -  RESULT true
[INFO ][2016-01-07 19:32:24,494][com.java.SeleniumDriver] [ 1112] - ?   P A S S   ?
[INFO ][2016-01-07 19:32:24,494][com.java.SeleniumDriver] [  832] - ------------------------------------------
[INFO ][2016-01-07 19:32:24,494][com.java.SeleniumDriver] [  833] - Test case being Executed: 2
[INFO ][2016-01-07 19:32:24,494][com.java.SeleniumDriver] [  845] - Test step:26
[INFO ][2016-01-07 19:32:24,494][com.java.SeleniumDriver] [  857] - Datavalue is----------5
[INFO ][2016-01-07 19:32:24,494][com.java.SeleniumDriver] [  881] - DataField : TXTtxtPasswordConfirm
[INFO ][2016-01-07 19:32:24,494][com.java.SeleniumDriver] [  883] - DataValue : 5
[INFO ][2016-01-07 19:32:24,494][com.java.SeleniumDriver] [  889] - <In Set values of the page>
[INFO ][2016-01-07 19:32:24,494][com.java.SeleniumDriver] [  892] - {Data Fields & Data Values Exist}
[INFO ][2016-01-07 19:32:24,494][com.java.SeleniumDriver] [  894] - --------------------------setting values-----------------------------
[INFO ][2016-01-07 19:32:24,494][com.java.SeleniumDriver] [  897] - Action Type : WaitForElement
[INFO ][2016-01-07 19:32:25,679][com.java.SeleniumDriver] [  906] -  RESULT true
[INFO ][2016-01-07 19:32:25,679][com.java.SeleniumDriver] [ 1112] - ?   P A S S   ?
[INFO ][2016-01-07 19:32:25,679][com.java.SeleniumDriver] [  832] - ------------------------------------------
[INFO ][2016-01-07 19:32:25,679][com.java.SeleniumDriver] [  833] - Test case being Executed: 2
[INFO ][2016-01-07 19:32:25,679][com.java.SeleniumDriver] [  845] - Test step:27
[INFO ][2016-01-07 19:32:25,679][com.java.SeleniumDriver] [  857] - Datavalue is----------dt:NewUserPswd
[INFO ][2016-01-07 19:32:25,679][com.java.SeleniumDriver] [  881] - DataField : TXTtxtPasswordConfirm
[INFO ][2016-01-07 19:32:25,679][com.java.SeleniumDriver] [  883] - DataValue : dt:NewUserPswd
[INFO ][2016-01-07 19:32:25,679][com.java.SeleniumDriver] [  889] - <In Set values of the page>
[INFO ][2016-01-07 19:32:25,679][com.java.SeleniumDriver] [  892] - {Data Fields & Data Values Exist}
[INFO ][2016-01-07 19:32:25,679][com.java.SeleniumDriver] [  894] - --------------------------setting values-----------------------------
[INFO ][2016-01-07 19:32:25,679][com.java.SeleniumDriver] [  897] - Action Type : CLEARANDENTER
[INFO ][2016-01-07 19:32:25,679][com.java.TestType] [ 5895] - value = Password1*
[INFO ][2016-01-07 19:32:28,631][com.java.SeleniumDriver] [  906] -  RESULT true
[INFO ][2016-01-07 19:32:28,631][com.java.SeleniumDriver] [ 1112] - ?   P A S S   ?
[INFO ][2016-01-07 19:32:28,631][com.java.SeleniumDriver] [  832] - ------------------------------------------
[INFO ][2016-01-07 19:32:28,631][com.java.SeleniumDriver] [  833] - Test case being Executed: 2
[INFO ][2016-01-07 19:32:28,631][com.java.SeleniumDriver] [  845] - Test step:28
[INFO ][2016-01-07 19:32:28,631][com.java.SeleniumDriver] [  857] - Datavalue is----------5
[INFO ][2016-01-07 19:32:28,631][com.java.SeleniumDriver] [  881] - DataField : test
[INFO ][2016-01-07 19:32:28,631][com.java.SeleniumDriver] [  883] - DataValue : 5
[INFO ][2016-01-07 19:32:28,631][com.java.SeleniumDriver] [  889] - <In Set values of the page>
[INFO ][2016-01-07 19:32:28,631][com.java.SeleniumDriver] [  892] - {Data Fields & Data Values Exist}
[INFO ][2016-01-07 19:32:28,631][com.java.SeleniumDriver] [  894] - --------------------------setting values-----------------------------
[INFO ][2016-01-07 19:32:28,631][com.java.SeleniumDriver] [  897] - Action Type : WaitTime
[DEBUG][2016-01-07 19:32:28,631][com.java.TestType] [ 5715] - sleepTime: 5000
[INFO ][2016-01-07 19:32:33,638][com.java.SeleniumDriver] [  906] -  RESULT true
[INFO ][2016-01-07 19:32:33,638][com.java.SeleniumDriver] [ 1112] - ?   P A S S   ?
[INFO ][2016-01-07 19:32:33,638][com.java.SeleniumDriver] [  832] - ------------------------------------------
[INFO ][2016-01-07 19:32:33,638][com.java.SeleniumDriver] [  833] - Test case being Executed: 2
[INFO ][2016-01-07 19:32:33,638][com.java.SeleniumDriver] [  845] - Test step:29
[INFO ][2016-01-07 19:32:33,638][com.java.SeleniumDriver] [  857] - Datavalue is----------null
[DEBUG][2016-01-07 19:32:33,638][com.java.SeleniumDriver] [  875] - Exception: null
[INFO ][2016-01-07 19:32:33,638][com.java.SeleniumDriver] [  881] - DataField : BTNparent
[INFO ][2016-01-07 19:32:33,638][com.java.SeleniumDriver] [  883] - DataValue : 
[INFO ][2016-01-07 19:32:33,638][com.java.SeleniumDriver] [  889] - <In Set values of the page>
[INFO ][2016-01-07 19:32:33,638][com.java.SeleniumDriver] [  892] - {Data Fields & Data Values Exist}
[INFO ][2016-01-07 19:32:33,638][com.java.SeleniumDriver] [  894] - --------------------------setting values-----------------------------
[INFO ][2016-01-07 19:32:33,638][com.java.SeleniumDriver] [  897] - Action Type : SelectFrame
[INFO ][2016-01-07 19:32:33,639][com.java.SeleniumDriver] [  906] -  RESULT true
[INFO ][2016-01-07 19:32:33,639][com.java.SeleniumDriver] [ 1112] - ?   P A S S   ?
[INFO ][2016-01-07 19:32:33,639][com.java.SeleniumDriver] [  832] - ------------------------------------------
[INFO ][2016-01-07 19:32:33,639][com.java.SeleniumDriver] [  833] - Test case being Executed: 2
[INFO ][2016-01-07 19:32:33,639][com.java.SeleniumDriver] [  845] - Test step:30
[INFO ][2016-01-07 19:32:33,639][com.java.SeleniumDriver] [  857] - Datavalue is----------null
[DEBUG][2016-01-07 19:32:33,639][com.java.SeleniumDriver] [  875] - Exception: null
[INFO ][2016-01-07 19:32:33,639][com.java.SeleniumDriver] [  881] - DataField : XPH//span[contains(text(), 'Finished')]
[INFO ][2016-01-07 19:32:33,639][com.java.SeleniumDriver] [  883] - DataValue : 
[INFO ][2016-01-07 19:32:33,639][com.java.SeleniumDriver] [  889] - <In Set values of the page>
[INFO ][2016-01-07 19:32:33,639][com.java.SeleniumDriver] [  892] - {Data Fields & Data Values Exist}
[INFO ][2016-01-07 19:32:33,639][com.java.SeleniumDriver] [  894] - --------------------------setting values-----------------------------
[INFO ][2016-01-07 19:32:33,639][com.java.SeleniumDriver] [  897] - Action Type : Click
[INFO ][2016-01-07 19:32:33,639][com.java.TestType] [ 6274] - Field ::XPH//span[contains(text(), 'Finished')]
[INFO ][2016-01-07 19:32:33,639][com.java.TestType] [ 5895] - value = 
[INFO ][2016-01-07 19:32:34,669][com.java.TestType] [ 6411] - BEFORE CLICK
[INFO ][2016-01-07 19:32:35,607][com.java.TestType] [ 6419] - Unable to click the object Finished button
[INFO ][2016-01-07 19:32:35,607][com.java.SeleniumDriver] [  906] -  RESULT true
[INFO ][2016-01-07 19:32:35,607][com.java.SeleniumDriver] [ 1112] - ?   P A S S   ?
[INFO ][2016-01-07 19:32:35,607][com.java.SeleniumDriver] [  832] - ------------------------------------------
[INFO ][2016-01-07 19:32:35,607][com.java.SeleniumDriver] [  833] - Test case being Executed: 2
[INFO ][2016-01-07 19:32:35,607][com.java.SeleniumDriver] [  845] - Test step:31
[INFO ][2016-01-07 19:32:35,607][com.java.SeleniumDriver] [  857] - Datavalue is----------5
[INFO ][2016-01-07 19:32:35,607][com.java.SeleniumDriver] [  881] - DataField : test
[INFO ][2016-01-07 19:32:35,607][com.java.SeleniumDriver] [  883] - DataValue : 5
[INFO ][2016-01-07 19:32:35,607][com.java.SeleniumDriver] [  889] - <In Set values of the page>
[INFO ][2016-01-07 19:32:35,607][com.java.SeleniumDriver] [  892] - {Data Fields & Data Values Exist}
[INFO ][2016-01-07 19:32:35,607][com.java.SeleniumDriver] [  894] - --------------------------setting values-----------------------------
[INFO ][2016-01-07 19:32:35,607][com.java.SeleniumDriver] [  897] - Action Type : WaitTime
[DEBUG][2016-01-07 19:32:35,607][com.java.TestType] [ 5715] - sleepTime: 5000
[INFO ][2016-01-07 19:32:40,621][com.java.SeleniumDriver] [  906] -  RESULT true
[INFO ][2016-01-07 19:32:40,621][com.java.SeleniumDriver] [ 1112] - ?   P A S S   ?
[INFO ][2016-01-07 19:32:40,621][com.java.SeleniumDriver] [  832] - ------------------------------------------
[INFO ][2016-01-07 19:32:40,621][com.java.SeleniumDriver] [  833] - Test case being Executed: 2
[INFO ][2016-01-07 19:32:40,621][com.java.SeleniumDriver] [  845] - Test step:32
[INFO ][2016-01-07 19:32:40,621][com.java.SeleniumDriver] [  857] - Datavalue is----------null
[DEBUG][2016-01-07 19:32:40,621][com.java.SeleniumDriver] [  875] - Exception: null
[INFO ][2016-01-07 19:32:40,621][com.java.SeleniumDriver] [  881] - DataField : BTNframeDialogContent
[INFO ][2016-01-07 19:32:40,621][com.java.SeleniumDriver] [  883] - DataValue : 
[INFO ][2016-01-07 19:32:40,621][com.java.SeleniumDriver] [  889] - <In Set values of the page>
[INFO ][2016-01-07 19:32:40,621][com.java.SeleniumDriver] [  892] - {Data Fields & Data Values Exist}
[INFO ][2016-01-07 19:32:40,621][com.java.SeleniumDriver] [  894] - --------------------------setting values-----------------------------
[INFO ][2016-01-07 19:32:40,621][com.java.SeleniumDriver] [  897] - Action Type : SelectFrame
[INFO ][2016-01-07 19:32:44,492][com.java.SeleniumDriver] [  906] -  RESULT true
[INFO ][2016-01-07 19:32:44,492][com.java.SeleniumDriver] [ 1112] - ?   P A S S   ?
[INFO ][2016-01-07 19:32:44,492][com.java.SeleniumDriver] [  832] - ------------------------------------------
[INFO ][2016-01-07 19:32:44,492][com.java.SeleniumDriver] [  833] - Test case being Executed: 2
[INFO ][2016-01-07 19:32:44,492][com.java.SeleniumDriver] [  845] - Test step:33
[INFO ][2016-01-07 19:32:44,492][com.java.SeleniumDriver] [  857] - Datavalue is----------null
[DEBUG][2016-01-07 19:32:44,492][com.java.SeleniumDriver] [  875] - Exception: null
[INFO ][2016-01-07 19:32:44,492][com.java.SeleniumDriver] [  881] - DataField : BTNchkGlobalPrivsUserAdmin
[INFO ][2016-01-07 19:32:44,492][com.java.SeleniumDriver] [  883] - DataValue : 
[INFO ][2016-01-07 19:32:44,492][com.java.SeleniumDriver] [  889] - <In Set values of the page>
[INFO ][2016-01-07 19:32:44,492][com.java.SeleniumDriver] [  892] - {Data Fields & Data Values Exist}
[INFO ][2016-01-07 19:32:44,492][com.java.SeleniumDriver] [  894] - --------------------------setting values-----------------------------
[INFO ][2016-01-07 19:32:44,492][com.java.SeleniumDriver] [  897] - Action Type : Click
[INFO ][2016-01-07 19:32:44,492][com.java.TestType] [ 6274] - Field ::BTNchkGlobalPrivsUserAdmin
[INFO ][2016-01-07 19:32:44,492][com.java.TestType] [ 5895] - value = 
[INFO ][2016-01-07 19:32:45,506][com.java.TestType] [ 6390] - BEFORE CLICK
[INFO ][2016-01-07 19:32:47,036][com.java.TestType] [ 6397] - Unable to click the object User Admin check box
[INFO ][2016-01-07 19:32:47,036][com.java.SeleniumDriver] [  906] -  RESULT true
[INFO ][2016-01-07 19:32:47,036][com.java.SeleniumDriver] [ 1112] - ?   P A S S   ?
[INFO ][2016-01-07 19:32:47,036][com.java.SeleniumDriver] [  832] - ------------------------------------------
[INFO ][2016-01-07 19:32:47,036][com.java.SeleniumDriver] [  833] - Test case being Executed: 2
[INFO ][2016-01-07 19:32:47,036][com.java.SeleniumDriver] [  845] - Test step:34
[INFO ][2016-01-07 19:32:47,036][com.java.SeleniumDriver] [  857] - Datavalue is----------index:1
[INFO ][2016-01-07 19:32:47,036][com.java.SeleniumDriver] [  881] - DataField : COBddlEntityAccess
[INFO ][2016-01-07 19:32:47,036][com.java.SeleniumDriver] [  883] - DataValue : index:1
[INFO ][2016-01-07 19:32:47,036][com.java.SeleniumDriver] [  889] - <In Set values of the page>
[INFO ][2016-01-07 19:32:47,036][com.java.SeleniumDriver] [  892] - {Data Fields & Data Values Exist}
[INFO ][2016-01-07 19:32:47,036][com.java.SeleniumDriver] [  894] - --------------------------setting values-----------------------------
[INFO ][2016-01-07 19:32:47,036][com.java.SeleniumDriver] [  897] - Action Type : select
[INFO ][2016-01-07 19:32:47,036][com.java.TestType] [ 5895] - value = 1
[INFO ][2016-01-07 19:32:48,253][com.java.TestType] [ 6013] -  In COB ddlEntityAccess : 1
[ERROR][2016-01-07 19:32:48,316][com.java.TestType] [ 6160] - Unable to perform Action Select Cannot locate option with index: 1
For documentation on this error, please visit: http://seleniumhq.org/exceptions/no_such_element.html
Build info: version: '2.48.2', revision: '41bccdd', time: '2015-10-09 19:59:12'
System info: host: 'FVTIII438F1D', ip: '172.17.68.34', os.name: 'Windows 7', os.arch: 'x86', os.version: '6.1', java.version: '1.7.0_55'
Driver info: driver.version: SeleniumDriver
[INFO ][2016-01-07 19:32:48,316][com.java.SeleniumDriver] [  906] -  RESULT false
[INFO ][2016-01-07 19:32:48,316][com.java.SeleniumDriver] [  953] - ?   F A I L   ?
[INFO ][2016-01-07 19:32:48,316][com.java.SeleniumDriver] [  961] - Browser Type : IE10
[INFO ][2016-01-07 19:32:48,316][com.java.SeleniumDriver] [  962] - Adding Failed case2
[DEBUG][2016-01-07 19:32:49,096][com.java.SeleniumDriver] [ 1030] -  tdd.getCondition() IF:36:Next
[INFO ][2016-01-07 19:32:49,096][com.java.SeleniumDriver] [ 1034] - Continue next step...
[INFO ][2016-01-07 19:32:49,096][com.java.SeleniumDriver] [  832] - ------------------------------------------
[INFO ][2016-01-07 19:32:49,096][com.java.SeleniumDriver] [  833] - Test case being Executed: 2
[INFO ][2016-01-07 19:32:49,096][com.java.SeleniumDriver] [  845] - Test step:35
[INFO ][2016-01-07 19:32:49,096][com.java.SeleniumDriver] [  857] - Datavalue is----------index:0
[INFO ][2016-01-07 19:32:49,096][com.java.SeleniumDriver] [  881] - DataField : COBddlEntityAccess
[INFO ][2016-01-07 19:32:49,096][com.java.SeleniumDriver] [  883] - DataValue : index:0
[INFO ][2016-01-07 19:32:49,096][com.java.SeleniumDriver] [  889] - <In Set values of the page>
[INFO ][2016-01-07 19:32:49,096][com.java.SeleniumDriver] [  892] - {Data Fields & Data Values Exist}
[INFO ][2016-01-07 19:32:49,096][com.java.SeleniumDriver] [  894] - --------------------------setting values-----------------------------
[INFO ][2016-01-07 19:32:49,096][com.java.SeleniumDriver] [  897] - Action Type : select
[INFO ][2016-01-07 19:32:49,096][com.java.TestType] [ 5895] - value = 0
[INFO ][2016-01-07 19:32:50,501][com.java.TestType] [ 6013] -  In COB ddlEntityAccess : 0
[INFO ][2016-01-07 19:32:50,563][com.java.SeleniumDriver] [  906] -  RESULT true
[INFO ][2016-01-07 19:32:50,563][com.java.SeleniumDriver] [ 1112] - ?   P A S S   ?
[INFO ][2016-01-07 19:32:50,563][com.java.SeleniumDriver] [  832] - ------------------------------------------
[INFO ][2016-01-07 19:32:50,563][com.java.SeleniumDriver] [  833] - Test case being Executed: 2
[INFO ][2016-01-07 19:32:50,563][com.java.SeleniumDriver] [  845] - Test step:36
[INFO ][2016-01-07 19:32:50,563][com.java.SeleniumDriver] [  857] - Datavalue is----------null
[DEBUG][2016-01-07 19:32:50,563][com.java.SeleniumDriver] [  875] - Exception: null
[INFO ][2016-01-07 19:32:50,563][com.java.SeleniumDriver] [  881] - DataField : BTNrdoEnableEntity_Enable
[INFO ][2016-01-07 19:32:50,563][com.java.SeleniumDriver] [  883] - DataValue : 
[INFO ][2016-01-07 19:32:50,563][com.java.SeleniumDriver] [  889] - <In Set values of the page>
[INFO ][2016-01-07 19:32:50,563][com.java.SeleniumDriver] [  892] - {Data Fields & Data Values Exist}
[INFO ][2016-01-07 19:32:50,563][com.java.SeleniumDriver] [  894] - --------------------------setting values-----------------------------
[INFO ][2016-01-07 19:32:50,563][com.java.SeleniumDriver] [  897] - Action Type : Click
[INFO ][2016-01-07 19:32:50,563][com.java.TestType] [ 6274] - Field ::BTNrdoEnableEntity_Enable
[INFO ][2016-01-07 19:32:50,563][com.java.TestType] [ 5895] - value = 
[INFO ][2016-01-07 19:32:51,577][com.java.TestType] [ 6390] - BEFORE CLICK
[INFO ][2016-01-07 19:32:53,029][com.java.TestType] [ 6397] - Unable to click the object Enable radio button
[INFO ][2016-01-07 19:32:53,029][com.java.SeleniumDriver] [  906] -  RESULT true
[INFO ][2016-01-07 19:32:53,029][com.java.SeleniumDriver] [ 1112] - ?   P A S S   ?
[INFO ][2016-01-07 19:32:53,029][com.java.SeleniumDriver] [  832] - ------------------------------------------
[INFO ][2016-01-07 19:32:53,029][com.java.SeleniumDriver] [  833] - Test case being Executed: 2
[INFO ][2016-01-07 19:32:53,029][com.java.SeleniumDriver] [  845] - Test step:37
[INFO ][2016-01-07 19:32:53,029][com.java.SeleniumDriver] [  857] - Datavalue is----------null
[DEBUG][2016-01-07 19:32:53,029][com.java.SeleniumDriver] [  875] - Exception: null
[INFO ][2016-01-07 19:32:53,029][com.java.SeleniumDriver] [  881] - DataField : BTNchkProfitCenterAll
[INFO ][2016-01-07 19:32:53,029][com.java.SeleniumDriver] [  883] - DataValue : 
[INFO ][2016-01-07 19:32:53,029][com.java.SeleniumDriver] [  889] - <In Set values of the page>
[INFO ][2016-01-07 19:32:53,029][com.java.SeleniumDriver] [  892] - {Data Fields & Data Values Exist}
[INFO ][2016-01-07 19:32:53,029][com.java.SeleniumDriver] [  894] - --------------------------setting values-----------------------------
[INFO ][2016-01-07 19:32:53,029][com.java.SeleniumDriver] [  897] - Action Type : Click
[INFO ][2016-01-07 19:32:53,029][com.java.TestType] [ 6274] - Field ::BTNchkProfitCenterAll
[INFO ][2016-01-07 19:32:53,029][com.java.TestType] [ 5895] - value = 
[INFO ][2016-01-07 19:32:54,043][com.java.TestType] [ 6390] - BEFORE CLICK
[INFO ][2016-01-07 19:32:55,417][com.java.TestType] [ 6397] - Unable to click the object All Check box
[INFO ][2016-01-07 19:32:55,417][com.java.SeleniumDriver] [  906] -  RESULT true
[INFO ][2016-01-07 19:32:55,417][com.java.SeleniumDriver] [ 1112] - ?   P A S S   ?
[INFO ][2016-01-07 19:32:55,417][com.java.SeleniumDriver] [  832] - ------------------------------------------
[INFO ][2016-01-07 19:32:55,417][com.java.SeleniumDriver] [  833] - Test case being Executed: 2
[INFO ][2016-01-07 19:32:55,417][com.java.SeleniumDriver] [  845] - Test step:38
[INFO ][2016-01-07 19:32:55,417][com.java.SeleniumDriver] [  857] - Datavalue is----------null
[DEBUG][2016-01-07 19:32:55,417][com.java.SeleniumDriver] [  875] - Exception: null
[INFO ][2016-01-07 19:32:55,417][com.java.SeleniumDriver] [  881] - DataField : BTNchkPrivsAccessGL
[INFO ][2016-01-07 19:32:55,417][com.java.SeleniumDriver] [  883] - DataValue : 
[INFO ][2016-01-07 19:32:55,417][com.java.SeleniumDriver] [  889] - <In Set values of the page>
[INFO ][2016-01-07 19:32:55,417][com.java.SeleniumDriver] [  892] - {Data Fields & Data Values Exist}
[INFO ][2016-01-07 19:32:55,417][com.java.SeleniumDriver] [  894] - --------------------------setting values-----------------------------
[INFO ][2016-01-07 19:32:55,417][com.java.SeleniumDriver] [  897] - Action Type : Click
[INFO ][2016-01-07 19:32:55,417][com.java.TestType] [ 6274] - Field ::BTNchkPrivsAccessGL
[INFO ][2016-01-07 19:32:55,417][com.java.TestType] [ 5895] - value = 
[INFO ][2016-01-07 19:32:56,431][com.java.TestType] [ 6390] - BEFORE CLICK
[INFO ][2016-01-07 19:32:57,883][com.java.TestType] [ 6397] - Unable to click the object GL check box
[INFO ][2016-01-07 19:32:57,883][com.java.SeleniumDriver] [  906] -  RESULT true
[INFO ][2016-01-07 19:32:57,883][com.java.SeleniumDriver] [ 1112] - ?   P A S S   ?
[INFO ][2016-01-07 19:32:57,883][com.java.SeleniumDriver] [  832] - ------------------------------------------
[INFO ][2016-01-07 19:32:57,883][com.java.SeleniumDriver] [  833] - Test case being Executed: 2
[INFO ][2016-01-07 19:32:57,883][com.java.SeleniumDriver] [  845] - Test step:39
[INFO ][2016-01-07 19:32:57,883][com.java.SeleniumDriver] [  857] - Datavalue is----------null
[DEBUG][2016-01-07 19:32:57,883][com.java.SeleniumDriver] [  875] - Exception: null
[INFO ][2016-01-07 19:32:57,883][com.java.SeleniumDriver] [  881] - DataField : BTNparent
[INFO ][2016-01-07 19:32:57,883][com.java.SeleniumDriver] [  883] - DataValue : 
[INFO ][2016-01-07 19:32:57,883][com.java.SeleniumDriver] [  889] - <In Set values of the page>
[INFO ][2016-01-07 19:32:57,883][com.java.SeleniumDriver] [  892] - {Data Fields & Data Values Exist}
[INFO ][2016-01-07 19:32:57,883][com.java.SeleniumDriver] [  894] - --------------------------setting values-----------------------------
[INFO ][2016-01-07 19:32:57,883][com.java.SeleniumDriver] [  897] - Action Type : SelectFrame
[INFO ][2016-01-07 19:32:57,898][com.java.SeleniumDriver] [  906] -  RESULT true
[INFO ][2016-01-07 19:32:57,898][com.java.SeleniumDriver] [ 1112] - ?   P A S S   ?
[INFO ][2016-01-07 19:32:57,898][com.java.SeleniumDriver] [  832] - ------------------------------------------
[INFO ][2016-01-07 19:32:57,898][com.java.SeleniumDriver] [  833] - Test case being Executed: 2
[INFO ][2016-01-07 19:32:57,898][com.java.SeleniumDriver] [  845] - Test step:40
[INFO ][2016-01-07 19:32:57,898][com.java.SeleniumDriver] [  857] - Datavalue is----------5
[INFO ][2016-01-07 19:32:57,898][com.java.SeleniumDriver] [  881] - DataField : test
[INFO ][2016-01-07 19:32:57,898][com.java.SeleniumDriver] [  883] - DataValue : 5
[INFO ][2016-01-07 19:32:57,898][com.java.SeleniumDriver] [  889] - <In Set values of the page>
[INFO ][2016-01-07 19:32:57,898][com.java.SeleniumDriver] [  892] - {Data Fields & Data Values Exist}
[INFO ][2016-01-07 19:32:57,898][com.java.SeleniumDriver] [  894] - --------------------------setting values-----------------------------
[INFO ][2016-01-07 19:32:57,898][com.java.SeleniumDriver] [  897] - Action Type : WaitTime
[DEBUG][2016-01-07 19:32:57,898][com.java.TestType] [ 5715] - sleepTime: 5000
[INFO ][2016-01-07 19:33:02,906][com.java.SeleniumDriver] [  906] -  RESULT true
[INFO ][2016-01-07 19:33:02,906][com.java.SeleniumDriver] [ 1112] - ?   P A S S   ?
[INFO ][2016-01-07 19:33:02,906][com.java.SeleniumDriver] [  832] - ------------------------------------------
[INFO ][2016-01-07 19:33:02,906][com.java.SeleniumDriver] [  833] - Test case being Executed: 2
[INFO ][2016-01-07 19:33:02,906][com.java.SeleniumDriver] [  845] - Test step:41
[INFO ][2016-01-07 19:33:02,906][com.java.SeleniumDriver] [  857] - Datavalue is----------null
[DEBUG][2016-01-07 19:33:02,906][com.java.SeleniumDriver] [  875] - Exception: null
[INFO ][2016-01-07 19:33:02,906][com.java.SeleniumDriver] [  881] - DataField : XPH//span[contains(text(), 'Finished')]
[INFO ][2016-01-07 19:33:02,906][com.java.SeleniumDriver] [  883] - DataValue : 
[INFO ][2016-01-07 19:33:02,906][com.java.SeleniumDriver] [  889] - <In Set values of the page>
[INFO ][2016-01-07 19:33:02,906][com.java.SeleniumDriver] [  892] - {Data Fields & Data Values Exist}
[INFO ][2016-01-07 19:33:02,906][com.java.SeleniumDriver] [  894] - --------------------------setting values-----------------------------
[INFO ][2016-01-07 19:33:02,906][com.java.SeleniumDriver] [  897] - Action Type : Click
[INFO ][2016-01-07 19:33:02,906][com.java.TestType] [ 6274] - Field ::XPH//span[contains(text(), 'Finished')]
[INFO ][2016-01-07 19:33:02,906][com.java.TestType] [ 5895] - value = 
[INFO ][2016-01-07 19:33:03,921][com.java.TestType] [ 6411] - BEFORE CLICK
[INFO ][2016-01-07 19:33:09,727][com.java.TestType] [ 6419] - Unable to click the object Finished button
[INFO ][2016-01-07 19:33:09,727][com.java.SeleniumDriver] [  906] -  RESULT true
[INFO ][2016-01-07 19:33:09,727][com.java.SeleniumDriver] [ 1112] - ?   P A S S   ?
[INFO ][2016-01-07 19:33:09,727][com.java.SeleniumDriver] [  832] - ------------------------------------------
[INFO ][2016-01-07 19:33:09,727][com.java.SeleniumDriver] [  833] - Test case being Executed: 2
[INFO ][2016-01-07 19:33:09,727][com.java.SeleniumDriver] [  845] - Test step:42
[INFO ][2016-01-07 19:33:09,727][com.java.SeleniumDriver] [  857] - Datavalue is----------5
[INFO ][2016-01-07 19:33:09,727][com.java.SeleniumDriver] [  881] - DataField : BTNframeDialogContent
[INFO ][2016-01-07 19:33:09,727][com.java.SeleniumDriver] [  883] - DataValue : 5
[INFO ][2016-01-07 19:33:09,727][com.java.SeleniumDriver] [  889] - <In Set values of the page>
[INFO ][2016-01-07 19:33:09,727][com.java.SeleniumDriver] [  892] - {Data Fields & Data Values Exist}
[INFO ][2016-01-07 19:33:09,727][com.java.SeleniumDriver] [  894] - --------------------------setting values-----------------------------
[INFO ][2016-01-07 19:33:09,727][com.java.SeleniumDriver] [  897] - Action Type : WaitForElement
[INFO ][2016-01-07 19:33:10,960][com.java.SeleniumDriver] [  906] -  RESULT true
[INFO ][2016-01-07 19:33:10,960][com.java.SeleniumDriver] [ 1112] - ?   P A S S   ?
[INFO ][2016-01-07 19:33:10,960][com.java.SeleniumDriver] [  832] - ------------------------------------------
[INFO ][2016-01-07 19:33:10,960][com.java.SeleniumDriver] [  833] - Test case being Executed: 2
[INFO ][2016-01-07 19:33:10,960][com.java.SeleniumDriver] [  845] - Test step:43
[INFO ][2016-01-07 19:33:10,960][com.java.SeleniumDriver] [  857] - Datavalue is----------null
[DEBUG][2016-01-07 19:33:10,960][com.java.SeleniumDriver] [  875] - Exception: null
[INFO ][2016-01-07 19:33:10,960][com.java.SeleniumDriver] [  881] - DataField : BTNframeDialogContent
[INFO ][2016-01-07 19:33:10,960][com.java.SeleniumDriver] [  883] - DataValue : 
[INFO ][2016-01-07 19:33:10,960][com.java.SeleniumDriver] [  889] - <In Set values of the page>
[INFO ][2016-01-07 19:33:10,960][com.java.SeleniumDriver] [  892] - {Data Fields & Data Values Exist}
[INFO ][2016-01-07 19:33:10,960][com.java.SeleniumDriver] [  894] - --------------------------setting values-----------------------------
[INFO ][2016-01-07 19:33:10,960][com.java.SeleniumDriver] [  897] - Action Type : SelectFrame
[INFO ][2016-01-07 19:33:12,226][com.java.SeleniumDriver] [  906] -  RESULT true
[INFO ][2016-01-07 19:33:12,226][com.java.SeleniumDriver] [ 1112] - ?   P A S S   ?
[INFO ][2016-01-07 19:33:12,226][com.java.SeleniumDriver] [  832] - ------------------------------------------
[INFO ][2016-01-07 19:33:12,226][com.java.SeleniumDriver] [  833] - Test case being Executed: 2
[INFO ][2016-01-07 19:33:12,226][com.java.SeleniumDriver] [  845] - Test step:44
[INFO ][2016-01-07 19:33:12,226][com.java.SeleniumDriver] [  857] - Datavalue is----------null
[DEBUG][2016-01-07 19:33:12,226][com.java.SeleniumDriver] [  875] - Exception: null
[INFO ][2016-01-07 19:33:12,226][com.java.SeleniumDriver] [  881] - DataField : XPH//table[@id="tblUserListing"]//td[contains(text(),'vltest.robot')]
[INFO ][2016-01-07 19:33:12,226][com.java.SeleniumDriver] [  883] - DataValue : 
[INFO ][2016-01-07 19:33:12,226][com.java.SeleniumDriver] [  889] - <In Set values of the page>
[INFO ][2016-01-07 19:33:12,226][com.java.SeleniumDriver] [  892] - {Data Fields & Data Values Exist}
[INFO ][2016-01-07 19:33:12,226][com.java.SeleniumDriver] [  894] - --------------------------setting values-----------------------------
[INFO ][2016-01-07 19:33:12,226][com.java.SeleniumDriver] [  897] - Action Type : WaitForElement
[INFO ][2016-01-07 19:33:12,272][com.java.SeleniumDriver] [  906] -  RESULT true
[INFO ][2016-01-07 19:33:12,272][com.java.SeleniumDriver] [ 1112] - ?   P A S S   ?
[INFO ][2016-01-07 19:33:12,272][com.java.SeleniumDriver] [  832] - ------------------------------------------
[INFO ][2016-01-07 19:33:12,272][com.java.SeleniumDriver] [  833] - Test case being Executed: 2
[INFO ][2016-01-07 19:33:12,272][com.java.SeleniumDriver] [  845] - Test step:45
[INFO ][2016-01-07 19:33:12,272][com.java.SeleniumDriver] [  857] - Datavalue is----------HMVGivenNewUserName
[INFO ][2016-01-07 19:33:12,272][com.java.SeleniumDriver] [  881] - DataField : USR
[INFO ][2016-01-07 19:33:12,272][com.java.SeleniumDriver] [  883] - DataValue : HMVGivenNewUserName
[INFO ][2016-01-07 19:33:12,272][com.java.SeleniumDriver] [  889] - <In Set values of the page>
[INFO ][2016-01-07 19:33:12,272][com.java.SeleniumDriver] [  892] - {Data Fields & Data Values Exist}
[INFO ][2016-01-07 19:33:12,272][com.java.SeleniumDriver] [  894] - --------------------------setting values-----------------------------
[INFO ][2016-01-07 19:33:12,272][com.java.SeleniumDriver] [  897] - Action Type : Verify
[INFO ][2016-01-07 19:33:12,272][com.java.TestType] [ 7269] - field= USR value= HMVGivenNewUserName
[INFO ][2016-01-07 19:33:12,272][com.java.TestType] [ 5895] - value = vltest.robot48919
[INFO ][2016-01-07 19:33:12,335][com.java.SeleniumDriver] [  906] -  RESULT true
[INFO ][2016-01-07 19:33:12,335][com.java.SeleniumDriver] [ 1112] - ?   P A S S   ?
[INFO ][2016-01-07 19:33:12,335][com.java.SeleniumDriver] [  832] - ------------------------------------------
[INFO ][2016-01-07 19:33:12,335][com.java.SeleniumDriver] [  833] - Test case being Executed: 2
[INFO ][2016-01-07 19:33:12,335][com.java.SeleniumDriver] [  845] - Test step:46
[INFO ][2016-01-07 19:33:12,335][com.java.SeleniumDriver] [  857] - Datavalue is----------GivenNewUserName::Login_username
[INFO ][2016-01-07 19:33:12,335][com.java.SeleniumDriver] [  881] - DataField : PVP//table[@id="tblUserListing"]//td[contains(text(),'mytext')]
[INFO ][2016-01-07 19:33:12,335][com.java.SeleniumDriver] [  883] - DataValue : GivenNewUserName::Login_username
[INFO ][2016-01-07 19:33:12,335][com.java.SeleniumDriver] [  889] - <In Set values of the page>
[INFO ][2016-01-07 19:33:12,335][com.java.SeleniumDriver] [  892] - {Data Fields & Data Values Exist}
[INFO ][2016-01-07 19:33:12,335][com.java.SeleniumDriver] [  894] - --------------------------setting values-----------------------------
[INFO ][2016-01-07 19:33:12,335][com.java.SeleniumDriver] [  897] - Action Type : STOREVALUE
[INFO ][2016-01-07 19:33:12,335][com.java.TestType] [ 8612] - field= PVP//table[@id="tblUserListing"]//td[contains(text(),'mytext')]
[DEBUG][2016-01-07 19:33:12,460][com.java.TestType] [ 8903] - Key:: GivenNewUserName::Login_username  Value:: vltest.robot48919.15019
[INFO ][2016-01-07 19:33:12,460][com.java.SeleniumDriver] [  906] -  RESULT true
[INFO ][2016-01-07 19:33:12,460][com.java.SeleniumDriver] [ 1112] - ?   P A S S   ?
[INFO ][2016-01-07 19:33:12,460][com.java.SeleniumDriver] [  832] - ------------------------------------------
[INFO ][2016-01-07 19:33:12,460][com.java.SeleniumDriver] [  833] - Test case being Executed: 2
[INFO ][2016-01-07 19:33:12,460][com.java.SeleniumDriver] [  845] - Test step:47
[INFO ][2016-01-07 19:33:12,460][com.java.SeleniumDriver] [  857] - Datavalue is----------10
[INFO ][2016-01-07 19:33:12,460][com.java.SeleniumDriver] [  881] - DataField : test
[INFO ][2016-01-07 19:33:12,460][com.java.SeleniumDriver] [  883] - DataValue : 10
[INFO ][2016-01-07 19:33:12,460][com.java.SeleniumDriver] [  889] - <In Set values of the page>
[INFO ][2016-01-07 19:33:12,460][com.java.SeleniumDriver] [  892] - {Data Fields & Data Values Exist}
[INFO ][2016-01-07 19:33:12,460][com.java.SeleniumDriver] [  894] - --------------------------setting values-----------------------------
[INFO ][2016-01-07 19:33:12,460][com.java.SeleniumDriver] [  897] - Action Type : WaitTime
[DEBUG][2016-01-07 19:33:12,460][com.java.TestType] [ 5715] - sleepTime: 10000
[INFO ][2016-01-07 19:33:22,475][com.java.SeleniumDriver] [  906] -  RESULT true
[INFO ][2016-01-07 19:33:22,475][com.java.SeleniumDriver] [ 1112] - ?   P A S S   ?
[INFO ][2016-01-07 19:33:22,475][com.java.SeleniumDriver] [  832] - ------------------------------------------
[INFO ][2016-01-07 19:33:22,475][com.java.SeleniumDriver] [  833] - Test case being Executed: 2
[INFO ][2016-01-07 19:33:22,475][com.java.SeleniumDriver] [  845] - Test step:48
[INFO ][2016-01-07 19:33:22,475][com.java.SeleniumDriver] [  857] - Datavalue is----------null
[DEBUG][2016-01-07 19:33:22,475][com.java.SeleniumDriver] [  875] - Exception: null
[INFO ][2016-01-07 19:33:22,475][com.java.SeleniumDriver] [  881] - DataField : BTNparent
[INFO ][2016-01-07 19:33:22,475][com.java.SeleniumDriver] [  883] - DataValue : 
[INFO ][2016-01-07 19:33:22,475][com.java.SeleniumDriver] [  889] - <In Set values of the page>
[INFO ][2016-01-07 19:33:22,475][com.java.SeleniumDriver] [  892] - {Data Fields & Data Values Exist}
[INFO ][2016-01-07 19:33:22,475][com.java.SeleniumDriver] [  894] - --------------------------setting values-----------------------------
[INFO ][2016-01-07 19:33:22,475][com.java.SeleniumDriver] [  897] - Action Type : SelectFrame
[INFO ][2016-01-07 19:33:22,476][com.java.SeleniumDriver] [  906] -  RESULT true
[INFO ][2016-01-07 19:33:22,476][com.java.SeleniumDriver] [ 1112] - ?   P A S S   ?
[INFO ][2016-01-07 19:33:22,476][com.java.SeleniumDriver] [  832] - ------------------------------------------
[INFO ][2016-01-07 19:33:22,476][com.java.SeleniumDriver] [  833] - Test case being Executed: 2
[INFO ][2016-01-07 19:33:22,476][com.java.SeleniumDriver] [  845] - Test step:49
[INFO ][2016-01-07 19:33:22,476][com.java.SeleniumDriver] [  857] - Datavalue is----------null
[DEBUG][2016-01-07 19:33:22,476][com.java.SeleniumDriver] [  875] - Exception: null
[INFO ][2016-01-07 19:33:22,476][com.java.SeleniumDriver] [  881] - DataField : XPH//span[contains(text(), 'Finished')]
[INFO ][2016-01-07 19:33:22,476][com.java.SeleniumDriver] [  883] - DataValue : 
[INFO ][2016-01-07 19:33:22,476][com.java.SeleniumDriver] [  889] - <In Set values of the page>
[INFO ][2016-01-07 19:33:22,476][com.java.SeleniumDriver] [  892] - {Data Fields & Data Values Exist}
[INFO ][2016-01-07 19:33:22,476][com.java.SeleniumDriver] [  894] - --------------------------setting values-----------------------------
[INFO ][2016-01-07 19:33:22,476][com.java.SeleniumDriver] [  897] - Action Type : Click
[INFO ][2016-01-07 19:33:22,476][com.java.TestType] [ 6274] - Field ::XPH//span[contains(text(), 'Finished')]
[INFO ][2016-01-07 19:33:22,476][com.java.TestType] [ 5895] - value = 
[INFO ][2016-01-07 19:33:23,506][com.java.TestType] [ 6411] - BEFORE CLICK
[INFO ][2016-01-07 19:33:24,738][com.java.TestType] [ 6419] - Unable to click the object Finished button
[INFO ][2016-01-07 19:33:24,738][com.java.SeleniumDriver] [  906] -  RESULT true
[INFO ][2016-01-07 19:33:24,738][com.java.SeleniumDriver] [ 1112] - ?   P A S S   ?
[INFO ][2016-01-07 19:33:24,738][com.java.SeleniumDriver] [  832] - ------------------------------------------
[INFO ][2016-01-07 19:33:24,738][com.java.SeleniumDriver] [  833] - Test case being Executed: 2
[INFO ][2016-01-07 19:33:24,738][com.java.SeleniumDriver] [  845] - Test step:50
[INFO ][2016-01-07 19:33:24,738][com.java.SeleniumDriver] [  857] - Datavalue is----------10
[INFO ][2016-01-07 19:33:24,738][com.java.SeleniumDriver] [  881] - DataField : XPH//div[contains(text(), 'My Dashboard')]
[INFO ][2016-01-07 19:33:24,738][com.java.SeleniumDriver] [  883] - DataValue : 10
[INFO ][2016-01-07 19:33:24,738][com.java.SeleniumDriver] [  889] - <In Set values of the page>
[INFO ][2016-01-07 19:33:24,738][com.java.SeleniumDriver] [  892] - {Data Fields & Data Values Exist}
[INFO ][2016-01-07 19:33:24,738][com.java.SeleniumDriver] [  894] - --------------------------setting values-----------------------------
[INFO ][2016-01-07 19:33:24,738][com.java.SeleniumDriver] [  897] - Action Type : WAITFORELEMENT
[INFO ][2016-01-07 19:33:24,817][com.java.SeleniumDriver] [  906] -  RESULT true
[INFO ][2016-01-07 19:33:24,817][com.java.SeleniumDriver] [ 1112] - ?   P A S S   ?
[INFO ][2016-01-07 19:33:24,817][com.java.SeleniumDriver] [  832] - ------------------------------------------
[INFO ][2016-01-07 19:33:24,817][com.java.SeleniumDriver] [  833] - Test case being Executed: 2
[INFO ][2016-01-07 19:33:24,817][com.java.SeleniumDriver] [  845] - Test step:51
[INFO ][2016-01-07 19:33:24,817][com.java.SeleniumDriver] [  857] - Datavalue is----------null
[DEBUG][2016-01-07 19:33:24,817][com.java.SeleniumDriver] [  875] - Exception: null
[INFO ][2016-01-07 19:33:24,817][com.java.SeleniumDriver] [  881] - DataField : //span[@class='icon-user4']&&//a[text()='Users']&&//a[@data-id="ModifyUsers"]
[INFO ][2016-01-07 19:33:24,817][com.java.SeleniumDriver] [  883] - DataValue : 
[INFO ][2016-01-07 19:33:24,817][com.java.SeleniumDriver] [  889] - <In Set values of the page>
[INFO ][2016-01-07 19:33:24,817][com.java.SeleniumDriver] [  892] - {Data Fields & Data Values Exist}
[INFO ][2016-01-07 19:33:24,817][com.java.SeleniumDriver] [  894] - --------------------------setting values-----------------------------
[INFO ][2016-01-07 19:33:24,817][com.java.SeleniumDriver] [  897] - Action Type : MouseOver
[INFO ][2016-01-07 19:33:53,334][com.java.SeleniumDriver] [  906] -  RESULT true
[INFO ][2016-01-07 19:33:53,334][com.java.SeleniumDriver] [ 1112] - ?   P A S S   ?
[INFO ][2016-01-07 19:33:53,334][com.java.SeleniumDriver] [  832] - ------------------------------------------
[INFO ][2016-01-07 19:33:53,334][com.java.SeleniumDriver] [  833] - Test case being Executed: 2
[INFO ][2016-01-07 19:33:53,334][com.java.SeleniumDriver] [  845] - Test step:52
[INFO ][2016-01-07 19:33:53,334][com.java.SeleniumDriver] [  857] - Datavalue is----------5
[INFO ][2016-01-07 19:33:53,334][com.java.SeleniumDriver] [  881] - DataField : BTNframeDialogContent
[INFO ][2016-01-07 19:33:53,334][com.java.SeleniumDriver] [  883] - DataValue : 5
[INFO ][2016-01-07 19:33:53,334][com.java.SeleniumDriver] [  889] - <In Set values of the page>
[INFO ][2016-01-07 19:33:53,334][com.java.SeleniumDriver] [  892] - {Data Fields & Data Values Exist}
[INFO ][2016-01-07 19:33:53,334][com.java.SeleniumDriver] [  894] - --------------------------setting values-----------------------------
[INFO ][2016-01-07 19:33:53,334][com.java.SeleniumDriver] [  897] - Action Type : WaitForElement
[INFO ][2016-01-07 19:33:54,567][com.java.SeleniumDriver] [  906] -  RESULT true
[INFO ][2016-01-07 19:33:54,567][com.java.SeleniumDriver] [ 1112] - ?   P A S S   ?
[INFO ][2016-01-07 19:33:54,567][com.java.SeleniumDriver] [  832] - ------------------------------------------
[INFO ][2016-01-07 19:33:54,567][com.java.SeleniumDriver] [  833] - Test case being Executed: 2
[INFO ][2016-01-07 19:33:54,567][com.java.SeleniumDriver] [  845] - Test step:53
[INFO ][2016-01-07 19:33:54,567][com.java.SeleniumDriver] [  857] - Datavalue is----------null
[DEBUG][2016-01-07 19:33:54,567][com.java.SeleniumDriver] [  875] - Exception: null
[INFO ][2016-01-07 19:33:54,567][com.java.SeleniumDriver] [  881] - DataField : BTNframeDialogContent
[INFO ][2016-01-07 19:33:54,567][com.java.SeleniumDriver] [  883] - DataValue : 
[INFO ][2016-01-07 19:33:54,567][com.java.SeleniumDriver] [  889] - <In Set values of the page>
[INFO ][2016-01-07 19:33:54,567][com.java.SeleniumDriver] [  892] - {Data Fields & Data Values Exist}
[INFO ][2016-01-07 19:33:54,567][com.java.SeleniumDriver] [  894] - --------------------------setting values-----------------------------
[INFO ][2016-01-07 19:33:54,567][com.java.SeleniumDriver] [  897] - Action Type : SelectFrame
[INFO ][2016-01-07 19:33:55,833][com.java.SeleniumDriver] [  906] -  RESULT true
[INFO ][2016-01-07 19:33:55,833][com.java.SeleniumDriver] [ 1112] - ?   P A S S   ?
[INFO ][2016-01-07 19:33:55,833][com.java.SeleniumDriver] [  832] - ------------------------------------------
[INFO ][2016-01-07 19:33:55,833][com.java.SeleniumDriver] [  833] - Test case being Executed: 2
[INFO ][2016-01-07 19:33:55,833][com.java.SeleniumDriver] [  845] - Test step:54
[INFO ][2016-01-07 19:33:55,833][com.java.SeleniumDriver] [  857] - Datavalue is----------5
[INFO ][2016-01-07 19:33:55,833][com.java.SeleniumDriver] [  881] - DataField : BTNbtnAddUser
[INFO ][2016-01-07 19:33:55,833][com.java.SeleniumDriver] [  883] - DataValue : 5
[INFO ][2016-01-07 19:33:55,833][com.java.SeleniumDriver] [  889] - <In Set values of the page>
[INFO ][2016-01-07 19:33:55,833][com.java.SeleniumDriver] [  892] - {Data Fields & Data Values Exist}
[INFO ][2016-01-07 19:33:55,833][com.java.SeleniumDriver] [  894] - --------------------------setting values-----------------------------
[INFO ][2016-01-07 19:33:55,833][com.java.SeleniumDriver] [  897] - Action Type : WaitForElement
[INFO ][2016-01-07 19:33:57,440][com.java.SeleniumDriver] [  906] -  RESULT true
[INFO ][2016-01-07 19:33:57,440][com.java.SeleniumDriver] [ 1112] - ?   P A S S   ?
[INFO ][2016-01-07 19:33:57,440][com.java.SeleniumDriver] [  832] - ------------------------------------------
[INFO ][2016-01-07 19:33:57,440][com.java.SeleniumDriver] [  833] - Test case being Executed: 2
[INFO ][2016-01-07 19:33:57,440][com.java.SeleniumDriver] [  845] - Test step:55
[INFO ][2016-01-07 19:33:57,440][com.java.SeleniumDriver] [  857] - Datavalue is----------Login_username
[INFO ][2016-01-07 19:33:57,440][com.java.SeleniumDriver] [  881] - DataField : MNC//div[@id="divUserListing"]//td//a[@id='modifyUser.mytext']
[INFO ][2016-01-07 19:33:57,440][com.java.SeleniumDriver] [  883] - DataValue : Login_username
[INFO ][2016-01-07 19:33:57,440][com.java.SeleniumDriver] [  889] - <In Set values of the page>
[INFO ][2016-01-07 19:33:57,440][com.java.SeleniumDriver] [  892] - {Data Fields & Data Values Exist}
[INFO ][2016-01-07 19:33:57,440][com.java.SeleniumDriver] [  894] - --------------------------setting values-----------------------------
[INFO ][2016-01-07 19:33:57,440][com.java.SeleniumDriver] [  897] - Action Type : Click
[INFO ][2016-01-07 19:33:57,440][com.java.TestType] [ 6274] - Field ::MNC//div[@id="divUserListing"]//td//a[@id='modifyUser.mytext']
[INFO ][2016-01-07 19:33:57,440][com.java.TestType] [ 5895] - value = Login_username
[INFO ][2016-01-07 19:33:58,877][com.java.SeleniumDriver] [  906] -  RESULT true
[INFO ][2016-01-07 19:33:58,877][com.java.SeleniumDriver] [ 1112] - ?   P A S S   ?
[INFO ][2016-01-07 19:33:58,877][com.java.SeleniumDriver] [  832] - ------------------------------------------
[INFO ][2016-01-07 19:33:58,877][com.java.SeleniumDriver] [  833] - Test case being Executed: 2
[INFO ][2016-01-07 19:33:58,877][com.java.SeleniumDriver] [  845] - Test step:56
[INFO ][2016-01-07 19:33:58,877][com.java.SeleniumDriver] [  857] - Datavalue is----------2
[INFO ][2016-01-07 19:33:58,877][com.java.SeleniumDriver] [  881] - DataField : BTNtxtFirstName
[INFO ][2016-01-07 19:33:58,877][com.java.SeleniumDriver] [  883] - DataValue : 2
[INFO ][2016-01-07 19:33:58,877][com.java.SeleniumDriver] [  889] - <In Set values of the page>
[INFO ][2016-01-07 19:33:58,877][com.java.SeleniumDriver] [  892] - {Data Fields & Data Values Exist}
[INFO ][2016-01-07 19:33:58,877][com.java.SeleniumDriver] [  894] - --------------------------setting values-----------------------------
[INFO ][2016-01-07 19:33:58,877][com.java.SeleniumDriver] [  897] - Action Type : WaitForElement
[INFO ][2016-01-07 19:34:00,437][com.java.SeleniumDriver] [  906] -  RESULT true
[INFO ][2016-01-07 19:34:00,437][com.java.SeleniumDriver] [ 1112] - ?   P A S S   ?
[INFO ][2016-01-07 19:34:00,437][com.java.SeleniumDriver] [  832] - ------------------------------------------
[INFO ][2016-01-07 19:34:00,437][com.java.SeleniumDriver] [  833] - Test case being Executed: 2
[INFO ][2016-01-07 19:34:00,437][com.java.SeleniumDriver] [  845] - Test step:57
[INFO ][2016-01-07 19:34:00,437][com.java.SeleniumDriver] [  857] - Datavalue is----------dt:ResetNewPswd
[INFO ][2016-01-07 19:34:00,437][com.java.SeleniumDriver] [  881] - DataField : TXTtxtPassword
[INFO ][2016-01-07 19:34:00,437][com.java.SeleniumDriver] [  883] - DataValue : dt:ResetNewPswd
[INFO ][2016-01-07 19:34:00,437][com.java.SeleniumDriver] [  889] - <In Set values of the page>
[INFO ][2016-01-07 19:34:00,437][com.java.SeleniumDriver] [  892] - {Data Fields & Data Values Exist}
[INFO ][2016-01-07 19:34:00,437][com.java.SeleniumDriver] [  894] - --------------------------setting values-----------------------------
[INFO ][2016-01-07 19:34:00,437][com.java.SeleniumDriver] [  897] - Action Type : CLEARANDENTER
[INFO ][2016-01-07 19:34:00,437][com.java.TestType] [ 5895] - value = Password#1
[INFO ][2016-01-07 19:34:03,388][com.java.SeleniumDriver] [  906] -  RESULT true
[INFO ][2016-01-07 19:34:03,388][com.java.SeleniumDriver] [ 1112] - ?   P A S S   ?
[INFO ][2016-01-07 19:34:03,388][com.java.SeleniumDriver] [  832] - ------------------------------------------
[INFO ][2016-01-07 19:34:03,388][com.java.SeleniumDriver] [  833] - Test case being Executed: 2
[INFO ][2016-01-07 19:34:03,388][com.java.SeleniumDriver] [  845] - Test step:58
[INFO ][2016-01-07 19:34:03,388][com.java.SeleniumDriver] [  857] - Datavalue is----------5
[INFO ][2016-01-07 19:34:03,388][com.java.SeleniumDriver] [  881] - DataField : TXTtxtPasswordConfirm
[INFO ][2016-01-07 19:34:03,388][com.java.SeleniumDriver] [  883] - DataValue : 5
[INFO ][2016-01-07 19:34:03,388][com.java.SeleniumDriver] [  889] - <In Set values of the page>
[INFO ][2016-01-07 19:34:03,388][com.java.SeleniumDriver] [  892] - {Data Fields & Data Values Exist}
[INFO ][2016-01-07 19:34:03,388][com.java.SeleniumDriver] [  894] - --------------------------setting values-----------------------------
[INFO ][2016-01-07 19:34:03,388][com.java.SeleniumDriver] [  897] - Action Type : WaitForElement
[INFO ][2016-01-07 19:34:04,574][com.java.SeleniumDriver] [  906] -  RESULT true
[INFO ][2016-01-07 19:34:04,574][com.java.SeleniumDriver] [ 1112] - ?   P A S S   ?
[INFO ][2016-01-07 19:34:04,574][com.java.SeleniumDriver] [  832] - ------------------------------------------
[INFO ][2016-01-07 19:34:04,574][com.java.SeleniumDriver] [  833] - Test case being Executed: 2
[INFO ][2016-01-07 19:34:04,574][com.java.SeleniumDriver] [  845] - Test step:59
[INFO ][2016-01-07 19:34:04,574][com.java.SeleniumDriver] [  857] - Datavalue is----------dt:ResetNewPswd
[INFO ][2016-01-07 19:34:04,574][com.java.SeleniumDriver] [  881] - DataField : TXTtxtPasswordConfirm
[INFO ][2016-01-07 19:34:04,574][com.java.SeleniumDriver] [  883] - DataValue : dt:ResetNewPswd
[INFO ][2016-01-07 19:34:04,574][com.java.SeleniumDriver] [  889] - <In Set values of the page>
[INFO ][2016-01-07 19:34:04,574][com.java.SeleniumDriver] [  892] - {Data Fields & Data Values Exist}
[INFO ][2016-01-07 19:34:04,574][com.java.SeleniumDriver] [  894] - --------------------------setting values-----------------------------
[INFO ][2016-01-07 19:34:04,574][com.java.SeleniumDriver] [  897] - Action Type : CLEARANDENTER
[INFO ][2016-01-07 19:34:04,574][com.java.TestType] [ 5895] - value = Password#1
[INFO ][2016-01-07 19:34:07,541][com.java.SeleniumDriver] [  906] -  RESULT true
[INFO ][2016-01-07 19:34:07,541][com.java.SeleniumDriver] [ 1112] - ?   P A S S   ?
[INFO ][2016-01-07 19:34:07,541][com.java.SeleniumDriver] [  832] - ------------------------------------------
[INFO ][2016-01-07 19:34:07,541][com.java.SeleniumDriver] [  833] - Test case being Executed: 2
[INFO ][2016-01-07 19:34:07,541][com.java.SeleniumDriver] [  845] - Test step:60
[INFO ][2016-01-07 19:34:07,541][com.java.SeleniumDriver] [  857] - Datavalue is----------5
[INFO ][2016-01-07 19:34:07,541][com.java.SeleniumDriver] [  881] - DataField : test
[INFO ][2016-01-07 19:34:07,541][com.java.SeleniumDriver] [  883] - DataValue : 5
[INFO ][2016-01-07 19:34:07,541][com.java.SeleniumDriver] [  889] - <In Set values of the page>
[INFO ][2016-01-07 19:34:07,541][com.java.SeleniumDriver] [  892] - {Data Fields & Data Values Exist}
[INFO ][2016-01-07 19:34:07,541][com.java.SeleniumDriver] [  894] - --------------------------setting values-----------------------------
[INFO ][2016-01-07 19:34:07,541][com.java.SeleniumDriver] [  897] - Action Type : WaitTime
[DEBUG][2016-01-07 19:34:07,541][com.java.TestType] [ 5715] - sleepTime: 5000
[INFO ][2016-01-07 19:34:12,548][com.java.SeleniumDriver] [  906] -  RESULT true
[INFO ][2016-01-07 19:34:12,548][com.java.SeleniumDriver] [ 1112] - ?   P A S S   ?
[INFO ][2016-01-07 19:34:12,548][com.java.SeleniumDriver] [  832] - ------------------------------------------
[INFO ][2016-01-07 19:34:12,548][com.java.SeleniumDriver] [  833] - Test case being Executed: 2
[INFO ][2016-01-07 19:34:12,548][com.java.SeleniumDriver] [  845] - Test step:61
[INFO ][2016-01-07 19:34:12,548][com.java.SeleniumDriver] [  857] - Datavalue is----------null
[DEBUG][2016-01-07 19:34:12,548][com.java.SeleniumDriver] [  875] - Exception: null
[INFO ][2016-01-07 19:34:12,548][com.java.SeleniumDriver] [  881] - DataField : BTNrdoResendYes
[INFO ][2016-01-07 19:34:12,548][com.java.SeleniumDriver] [  883] - DataValue : 
[INFO ][2016-01-07 19:34:12,548][com.java.SeleniumDriver] [  889] - <In Set values of the page>
[INFO ][2016-01-07 19:34:12,548][com.java.SeleniumDriver] [  892] - {Data Fields & Data Values Exist}
[INFO ][2016-01-07 19:34:12,548][com.java.SeleniumDriver] [  894] - --------------------------setting values-----------------------------
[INFO ][2016-01-07 19:34:12,548][com.java.SeleniumDriver] [  897] - Action Type : Click
[INFO ][2016-01-07 19:34:12,548][com.java.TestType] [ 6274] - Field ::BTNrdoResendYes
[INFO ][2016-01-07 19:34:12,548][com.java.TestType] [ 5895] - value = 
[INFO ][2016-01-07 19:34:13,563][com.java.TestType] [ 6390] - BEFORE CLICK
[INFO ][2016-01-07 19:34:14,875][com.java.TestType] [ 6397] - Unable to click the object Yes Radio button
[INFO ][2016-01-07 19:34:14,875][com.java.SeleniumDriver] [  906] -  RESULT true
[INFO ][2016-01-07 19:34:14,875][com.java.SeleniumDriver] [ 1112] - ?   P A S S   ?
[INFO ][2016-01-07 19:34:14,875][com.java.SeleniumDriver] [  832] - ------------------------------------------
[INFO ][2016-01-07 19:34:14,875][com.java.SeleniumDriver] [  833] - Test case being Executed: 2
[INFO ][2016-01-07 19:34:14,875][com.java.SeleniumDriver] [  845] - Test step:62
[INFO ][2016-01-07 19:34:14,875][com.java.SeleniumDriver] [  857] - Datavalue is----------null
[DEBUG][2016-01-07 19:34:14,875][com.java.SeleniumDriver] [  875] - Exception: null
[INFO ][2016-01-07 19:34:14,875][com.java.SeleniumDriver] [  881] - DataField : BTNparent
[INFO ][2016-01-07 19:34:14,875][com.java.SeleniumDriver] [  883] - DataValue : 
[INFO ][2016-01-07 19:34:14,875][com.java.SeleniumDriver] [  889] - <In Set values of the page>
[INFO ][2016-01-07 19:34:14,875][com.java.SeleniumDriver] [  892] - {Data Fields & Data Values Exist}
[INFO ][2016-01-07 19:34:14,875][com.java.SeleniumDriver] [  894] - --------------------------setting values-----------------------------
[INFO ][2016-01-07 19:34:14,875][com.java.SeleniumDriver] [  897] - Action Type : SelectFrame
[INFO ][2016-01-07 19:34:14,890][com.java.SeleniumDriver] [  906] -  RESULT true
[INFO ][2016-01-07 19:34:14,890][com.java.SeleniumDriver] [ 1112] - ?   P A S S   ?
[INFO ][2016-01-07 19:34:14,890][com.java.SeleniumDriver] [  832] - ------------------------------------------
[INFO ][2016-01-07 19:34:14,890][com.java.SeleniumDriver] [  833] - Test case being Executed: 2
[INFO ][2016-01-07 19:34:14,890][com.java.SeleniumDriver] [  845] - Test step:63
[INFO ][2016-01-07 19:34:14,890][com.java.SeleniumDriver] [  857] - Datavalue is----------null
[DEBUG][2016-01-07 19:34:14,890][com.java.SeleniumDriver] [  875] - Exception: null
[INFO ][2016-01-07 19:34:14,890][com.java.SeleniumDriver] [  881] - DataField : XPH//span[contains(text(), 'Finished')]
[INFO ][2016-01-07 19:34:14,890][com.java.SeleniumDriver] [  883] - DataValue : 
[INFO ][2016-01-07 19:34:14,890][com.java.SeleniumDriver] [  889] - <In Set values of the page>
[INFO ][2016-01-07 19:34:14,890][com.java.SeleniumDriver] [  892] - {Data Fields & Data Values Exist}
[INFO ][2016-01-07 19:34:14,890][com.java.SeleniumDriver] [  894] - --------------------------setting values-----------------------------
[INFO ][2016-01-07 19:34:14,890][com.java.SeleniumDriver] [  897] - Action Type : Click
[INFO ][2016-01-07 19:34:14,890][com.java.TestType] [ 6274] - Field ::XPH//span[contains(text(), 'Finished')]
[INFO ][2016-01-07 19:34:14,890][com.java.TestType] [ 5895] - value = 
[INFO ][2016-01-07 19:34:15,904][com.java.TestType] [ 6411] - BEFORE CLICK
[INFO ][2016-01-07 19:34:16,827][com.java.TestType] [ 6419] - Unable to click the object Finished button
[INFO ][2016-01-07 19:34:16,827][com.java.SeleniumDriver] [  906] -  RESULT true
[INFO ][2016-01-07 19:34:16,827][com.java.SeleniumDriver] [ 1112] - ?   P A S S   ?
[INFO ][2016-01-07 19:34:16,827][com.java.SeleniumDriver] [  832] - ------------------------------------------
[INFO ][2016-01-07 19:34:16,827][com.java.SeleniumDriver] [  833] - Test case being Executed: 2
[INFO ][2016-01-07 19:34:16,827][com.java.SeleniumDriver] [  845] - Test step:64
[INFO ][2016-01-07 19:34:16,827][com.java.SeleniumDriver] [  857] - Datavalue is----------10
[INFO ][2016-01-07 19:34:16,827][com.java.SeleniumDriver] [  881] - DataField : test
[INFO ][2016-01-07 19:34:16,827][com.java.SeleniumDriver] [  883] - DataValue : 10
[INFO ][2016-01-07 19:34:16,827][com.java.SeleniumDriver] [  889] - <In Set values of the page>
[INFO ][2016-01-07 19:34:16,827][com.java.SeleniumDriver] [  892] - {Data Fields & Data Values Exist}
[INFO ][2016-01-07 19:34:16,827][com.java.SeleniumDriver] [  894] - --------------------------setting values-----------------------------
[INFO ][2016-01-07 19:34:16,827][com.java.SeleniumDriver] [  897] - Action Type : WaitTime
[DEBUG][2016-01-07 19:34:16,827][com.java.TestType] [ 5715] - sleepTime: 10000
[INFO ][2016-01-07 19:34:26,828][com.java.SeleniumDriver] [  906] -  RESULT true
[INFO ][2016-01-07 19:34:26,828][com.java.SeleniumDriver] [ 1112] - ?   P A S S   ?
[INFO ][2016-01-07 19:34:26,828][com.java.SeleniumDriver] [  832] - ------------------------------------------
[INFO ][2016-01-07 19:34:26,828][com.java.SeleniumDriver] [  833] - Test case being Executed: 2
[INFO ][2016-01-07 19:34:26,828][com.java.SeleniumDriver] [  845] - Test step:65
[INFO ][2016-01-07 19:34:26,828][com.java.SeleniumDriver] [  857] - Datavalue is----------5
[INFO ][2016-01-07 19:34:26,828][com.java.SeleniumDriver] [  881] - DataField : BTNframeDialogContent
[INFO ][2016-01-07 19:34:26,828][com.java.SeleniumDriver] [  883] - DataValue : 5
[INFO ][2016-01-07 19:34:26,828][com.java.SeleniumDriver] [  889] - <In Set values of the page>
[INFO ][2016-01-07 19:34:26,828][com.java.SeleniumDriver] [  892] - {Data Fields & Data Values Exist}
[INFO ][2016-01-07 19:34:26,828][com.java.SeleniumDriver] [  894] - --------------------------setting values-----------------------------
[INFO ][2016-01-07 19:34:26,828][com.java.SeleniumDriver] [  897] - Action Type : WaitForElement
[INFO ][2016-01-07 19:34:28,092][com.java.SeleniumDriver] [  906] -  RESULT true
[INFO ][2016-01-07 19:34:28,092][com.java.SeleniumDriver] [ 1112] - ?   P A S S   ?
[INFO ][2016-01-07 19:34:28,092][com.java.SeleniumDriver] [  832] - ------------------------------------------
[INFO ][2016-01-07 19:34:28,092][com.java.SeleniumDriver] [  833] - Test case being Executed: 2
[INFO ][2016-01-07 19:34:28,092][com.java.SeleniumDriver] [  845] - Test step:66
[INFO ][2016-01-07 19:34:28,092][com.java.SeleniumDriver] [  857] - Datavalue is----------null
[DEBUG][2016-01-07 19:34:28,092][com.java.SeleniumDriver] [  875] - Exception: null
[INFO ][2016-01-07 19:34:28,092][com.java.SeleniumDriver] [  881] - DataField : BTNframeDialogContent
[INFO ][2016-01-07 19:34:28,092][com.java.SeleniumDriver] [  883] - DataValue : 
[INFO ][2016-01-07 19:34:28,092][com.java.SeleniumDriver] [  889] - <In Set values of the page>
[INFO ][2016-01-07 19:34:28,092][com.java.SeleniumDriver] [  892] - {Data Fields & Data Values Exist}
[INFO ][2016-01-07 19:34:28,092][com.java.SeleniumDriver] [  894] - --------------------------setting values-----------------------------
[INFO ][2016-01-07 19:34:28,092][com.java.SeleniumDriver] [  897] - Action Type : SelectFrame
[INFO ][2016-01-07 19:34:29,389][com.java.SeleniumDriver] [  906] -  RESULT true
[INFO ][2016-01-07 19:34:29,389][com.java.SeleniumDriver] [ 1112] - ?   P A S S   ?
[INFO ][2016-01-07 19:34:29,389][com.java.SeleniumDriver] [  832] - ------------------------------------------
[INFO ][2016-01-07 19:34:29,389][com.java.SeleniumDriver] [  833] - Test case being Executed: 2
[INFO ][2016-01-07 19:34:29,389][com.java.SeleniumDriver] [  845] - Test step:67
[INFO ][2016-01-07 19:34:29,389][com.java.SeleniumDriver] [  857] - Datavalue is----------6
[INFO ][2016-01-07 19:34:29,389][com.java.SeleniumDriver] [  881] - DataField : XPH//table[@id="tblUserListing"]//td[contains(text(),'vltest.robot')]
[INFO ][2016-01-07 19:34:29,389][com.java.SeleniumDriver] [  883] - DataValue : 6
[INFO ][2016-01-07 19:34:29,389][com.java.SeleniumDriver] [  889] - <In Set values of the page>
[INFO ][2016-01-07 19:34:29,389][com.java.SeleniumDriver] [  892] - {Data Fields & Data Values Exist}
[INFO ][2016-01-07 19:34:29,389][com.java.SeleniumDriver] [  894] - --------------------------setting values-----------------------------
[INFO ][2016-01-07 19:34:29,389][com.java.SeleniumDriver] [  897] - Action Type : WaitForElement
[INFO ][2016-01-07 19:34:29,436][com.java.SeleniumDriver] [  906] -  RESULT true
[INFO ][2016-01-07 19:34:29,436][com.java.SeleniumDriver] [ 1112] - ?   P A S S   ?
[INFO ][2016-01-07 19:34:29,436][com.java.SeleniumDriver] [  832] - ------------------------------------------
[INFO ][2016-01-07 19:34:29,436][com.java.SeleniumDriver] [  833] - Test case being Executed: 2
[INFO ][2016-01-07 19:34:29,436][com.java.SeleniumDriver] [  845] - Test step:68
[INFO ][2016-01-07 19:34:29,436][com.java.SeleniumDriver] [  857] - Datavalue is----------HMVLogin_username
[INFO ][2016-01-07 19:34:29,436][com.java.SeleniumDriver] [  881] - DataField : USR
[INFO ][2016-01-07 19:34:29,436][com.java.SeleniumDriver] [  883] - DataValue : HMVLogin_username
[INFO ][2016-01-07 19:34:29,436][com.java.SeleniumDriver] [  889] - <In Set values of the page>
[INFO ][2016-01-07 19:34:29,436][com.java.SeleniumDriver] [  892] - {Data Fields & Data Values Exist}
[INFO ][2016-01-07 19:34:29,436][com.java.SeleniumDriver] [  894] - --------------------------setting values-----------------------------
[INFO ][2016-01-07 19:34:29,436][com.java.SeleniumDriver] [  897] - Action Type : Verify
[INFO ][2016-01-07 19:34:29,436][com.java.TestType] [ 7269] - field= USR value= HMVLogin_username
[INFO ][2016-01-07 19:34:29,436][com.java.TestType] [ 5895] - value = vltest.robot48919.15019
[INFO ][2016-01-07 19:34:29,498][com.java.SeleniumDriver] [  906] -  RESULT true
[INFO ][2016-01-07 19:34:29,498][com.java.SeleniumDriver] [ 1112] - ?   P A S S   ?
[INFO ][2016-01-07 19:34:29,498][com.java.SeleniumDriver] [  832] - ------------------------------------------
[INFO ][2016-01-07 19:34:29,498][com.java.SeleniumDriver] [  833] - Test case being Executed: 2
[INFO ][2016-01-07 19:34:29,498][com.java.SeleniumDriver] [  845] - Test step:69
[INFO ][2016-01-07 19:34:29,498][com.java.SeleniumDriver] [  857] - Datavalue is----------null
[DEBUG][2016-01-07 19:34:29,498][com.java.SeleniumDriver] [  875] - Exception: null
[INFO ][2016-01-07 19:34:29,498][com.java.SeleniumDriver] [  881] - DataField : BTNparent
[INFO ][2016-01-07 19:34:29,498][com.java.SeleniumDriver] [  883] - DataValue : 
[INFO ][2016-01-07 19:34:29,498][com.java.SeleniumDriver] [  889] - <In Set values of the page>
[INFO ][2016-01-07 19:34:29,498][com.java.SeleniumDriver] [  892] - {Data Fields & Data Values Exist}
[INFO ][2016-01-07 19:34:29,498][com.java.SeleniumDriver] [  894] - --------------------------setting values-----------------------------
[INFO ][2016-01-07 19:34:29,498][com.java.SeleniumDriver] [  897] - Action Type : SelectFrame
[INFO ][2016-01-07 19:34:29,514][com.java.SeleniumDriver] [  906] -  RESULT true
[INFO ][2016-01-07 19:34:29,514][com.java.SeleniumDriver] [ 1112] - ?   P A S S   ?
[INFO ][2016-01-07 19:34:29,514][com.java.SeleniumDriver] [  832] - ------------------------------------------
[INFO ][2016-01-07 19:34:29,514][com.java.SeleniumDriver] [  833] - Test case being Executed: 2
[INFO ][2016-01-07 19:34:29,514][com.java.SeleniumDriver] [  845] - Test step:70
[INFO ][2016-01-07 19:34:29,514][com.java.SeleniumDriver] [  857] - Datavalue is----------5
[INFO ][2016-01-07 19:34:29,514][com.java.SeleniumDriver] [  881] - DataField : XPH//span[contains(text(), 'Finished')]
[INFO ][2016-01-07 19:34:29,514][com.java.SeleniumDriver] [  883] - DataValue : 5
[INFO ][2016-01-07 19:34:29,514][com.java.SeleniumDriver] [  889] - <In Set values of the page>
[INFO ][2016-01-07 19:34:29,514][com.java.SeleniumDriver] [  892] - {Data Fields & Data Values Exist}
[INFO ][2016-01-07 19:34:29,514][com.java.SeleniumDriver] [  894] - --------------------------setting values-----------------------------
[INFO ][2016-01-07 19:34:29,514][com.java.SeleniumDriver] [  897] - Action Type : WaitForElement
[INFO ][2016-01-07 19:34:29,545][com.java.SeleniumDriver] [  906] -  RESULT true
[INFO ][2016-01-07 19:34:29,545][com.java.SeleniumDriver] [ 1112] - ?   P A S S   ?
[INFO ][2016-01-07 19:34:29,545][com.java.SeleniumDriver] [  832] - ------------------------------------------
[INFO ][2016-01-07 19:34:29,545][com.java.SeleniumDriver] [  833] - Test case being Executed: 2
[INFO ][2016-01-07 19:34:29,545][com.java.SeleniumDriver] [  845] - Test step:71
[INFO ][2016-01-07 19:34:29,545][com.java.SeleniumDriver] [  857] - Datavalue is----------null
[DEBUG][2016-01-07 19:34:29,545][com.java.SeleniumDriver] [  875] - Exception: null
[INFO ][2016-01-07 19:34:29,545][com.java.SeleniumDriver] [  881] - DataField : XPH//span[contains(text(), 'Finished')]
[INFO ][2016-01-07 19:34:29,545][com.java.SeleniumDriver] [  883] - DataValue : 
[INFO ][2016-01-07 19:34:29,545][com.java.SeleniumDriver] [  889] - <In Set values of the page>
[INFO ][2016-01-07 19:34:29,545][com.java.SeleniumDriver] [  892] - {Data Fields & Data Values Exist}
[INFO ][2016-01-07 19:34:29,545][com.java.SeleniumDriver] [  894] - --------------------------setting values-----------------------------
[INFO ][2016-01-07 19:34:29,545][com.java.SeleniumDriver] [  897] - Action Type : Click
[INFO ][2016-01-07 19:34:29,545][com.java.TestType] [ 6274] - Field ::XPH//span[contains(text(), 'Finished')]
[INFO ][2016-01-07 19:34:29,545][com.java.TestType] [ 5895] - value = 
[INFO ][2016-01-07 19:34:30,559][com.java.TestType] [ 6411] - BEFORE CLICK
[INFO ][2016-01-07 19:34:31,854][com.java.TestType] [ 6419] - Unable to click the object Finished button
[INFO ][2016-01-07 19:34:31,854][com.java.SeleniumDriver] [  906] -  RESULT true
[INFO ][2016-01-07 19:34:31,854][com.java.SeleniumDriver] [ 1112] - ?   P A S S   ?
[INFO ][2016-01-07 19:34:31,854][com.java.SeleniumDriver] [  832] - ------------------------------------------
[INFO ][2016-01-07 19:34:31,854][com.java.SeleniumDriver] [  833] - Test case being Executed: 2
[INFO ][2016-01-07 19:34:31,854][com.java.SeleniumDriver] [  845] - Test step:72
[INFO ][2016-01-07 19:34:31,854][com.java.SeleniumDriver] [  857] - Datavalue is----------10
[INFO ][2016-01-07 19:34:31,854][com.java.SeleniumDriver] [  881] - DataField : XPH//div[contains(text(), 'My Dashboard')]
[INFO ][2016-01-07 19:34:31,854][com.java.SeleniumDriver] [  883] - DataValue : 10
[INFO ][2016-01-07 19:34:31,854][com.java.SeleniumDriver] [  889] - <In Set values of the page>
[INFO ][2016-01-07 19:34:31,854][com.java.SeleniumDriver] [  892] - {Data Fields & Data Values Exist}
[INFO ][2016-01-07 19:34:31,854][com.java.SeleniumDriver] [  894] - --------------------------setting values-----------------------------
[INFO ][2016-01-07 19:34:31,854][com.java.SeleniumDriver] [  897] - Action Type : WAITFORELEMENT
[INFO ][2016-01-07 19:34:31,933][com.java.SeleniumDriver] [  906] -  RESULT true
[INFO ][2016-01-07 19:34:31,933][com.java.SeleniumDriver] [ 1112] - ?   P A S S   ?
[INFO ][2016-01-07 19:34:31,933][com.java.SeleniumDriver] [  832] - ------------------------------------------
[INFO ][2016-01-07 19:34:31,933][com.java.SeleniumDriver] [  833] - Test case being Executed: 2
[INFO ][2016-01-07 19:34:31,933][com.java.SeleniumDriver] [  845] - Test step:73
[INFO ][2016-01-07 19:34:31,933][com.java.SeleniumDriver] [  857] - Datavalue is----------Concept#3:1-2
[INFO ][2016-01-07 19:34:31,933][com.java.SeleniumDriver] [  881] - DataField : test
[INFO ][2016-01-07 19:34:31,933][com.java.SeleniumDriver] [  883] - DataValue : Concept#3:1-2
[INFO ][2016-01-07 19:34:31,933][com.java.SeleniumDriver] [  889] - <In Set values of the page>
[INFO ][2016-01-07 19:34:31,933][com.java.SeleniumDriver] [  892] - {Data Fields & Data Values Exist}
[INFO ][2016-01-07 19:34:31,933][com.java.SeleniumDriver] [  894] - --------------------------setting values-----------------------------
[INFO ][2016-01-07 19:34:31,933][com.java.SeleniumDriver] [  897] - Action Type : ExecuteTestCase
[INFO ][2016-01-07 19:34:31,933][com.java.TestType] [  437] - The Concept sheet name is ---------- Concept
[INFO ][2016-01-07 19:34:31,933][com.java.TestType] [  440] - The Concept ID  is ---------- 3
[DEBUG][2016-01-07 19:34:31,933][com.java.TestType] [  444] - Steps being executted in the Concept are: 1:2
[INFO ][2016-01-07 19:34:31,933][com.java.TestType] [  451] - Test data details path ---------- D:\BankersDashboard\TestInputs\TestData.xls
[INFO ][2016-01-07 19:34:31,949][com.java.TestType] [  482] -  str(1) = 3
[INFO ][2016-01-07 19:34:31,949][com.java.TestType] [  485] - Test case Id is---3
[INFO ][2016-01-07 19:34:31,949][com.java.TestType] [  487] - 3
[INFO ][2016-01-07 19:34:31,949][com.java.TestType] [  482] -  str(2) = 1
[INFO ][2016-01-07 19:34:31,964][com.java.TestType] [  482] -  str(1) = 3
[INFO ][2016-01-07 19:34:31,964][com.java.TestType] [  485] - Test case Id is---3
[INFO ][2016-01-07 19:34:31,964][com.java.TestType] [  487] - 3
[INFO ][2016-01-07 19:34:31,964][com.java.TestType] [  482] -  str(2) = 2
[INFO ][2016-01-07 19:34:31,964][com.java.TestType] [10822] - Looping 1TCID = 3
[DEBUG][2016-01-07 19:34:31,964][com.java.TestType] [10863] - Concept ID:3 :: Step being Executed: 3::1
[INFO ][2016-01-07 19:34:31,964][com.java.TestType] [10901] - dataFields : test
[DEBUG][2016-01-07 19:34:31,964][com.java.TestType] [10907] - <In Set values of the page>
[DEBUG][2016-01-07 19:34:31,964][com.java.TestType] [10912] - {Data Fields & Data Values Exist}
[INFO ][2016-01-07 19:34:31,964][com.java.TestType] [10918] - --------------------------setting values-----------------------------
[INFO ][2016-01-07 19:34:31,964][com.java.TestType] [10921] - Action Type : Logout
[INFO ][2016-01-07 19:34:34,281][com.java.TestType] [ 6274] - Field ::CNF
[INFO ][2016-01-07 19:34:34,281][com.java.TestType] [ 5895] - value = OK
[INFO ][2016-01-07 19:34:36,590][com.java.TestType] [ 6407] - Click the object confirmation
[INFO ][2016-01-07 19:34:36,590][com.java.TestType] [ 6408] - Unable to click the object confirmation
[DEBUG][2016-01-07 19:34:37,923][com.java.SeleniumDriver] [  426] - Hub ip address is-------172.17.68.34
[INFO ][2016-01-07 19:34:37,923][com.java.SeleniumDriver] [  452] - Grid URL:http://172.17.68.34:4444/wd/hub
[INFO ][2016-01-07 19:34:37,923][com.java.SeleniumDriver] [  453] - Capability:Capabilities [{platform=ANY, ensureCleanSession=true, ignoreProtectedModeSettings=true, acceptSslCerts=true, ignoreZoomSetting=true, browserName=internet explorer, browserstack.ie.noFlash=true, version=null}]
[ERROR][2016-01-07 19:34:38,954][com.java.SeleniumDriver] [  498] - Unable invoke browser in grid:Could not start a new session. Possible causes are invalid address of the remote server or browser start-up failure.
Build info: version: '2.48.2', revision: '41bccdd', time: '2015-10-09 19:59:12'
System info: host: 'FVTIII438F1D', ip: '172.17.68.34', os.name: 'Windows 7', os.arch: 'x86', os.version: '6.1', java.version: '1.7.0_55'
Driver info: driver.version: SeleniumDriver
[INFO ][2016-01-07 19:34:38,954][com.java.SeleniumDriver] [  500] - Executing on local machine
[INFO ][2016-01-07 19:34:51,548][com.java.TestType] [10940] -  RESULT true
[INFO ][2016-01-07 19:34:51,548][com.java.TestType] [11057] - ?   P A S S   ?
[DEBUG][2016-01-07 19:34:51,548][com.java.TestType] [10863] - Concept ID:3 :: Step being Executed: 3::2
[INFO ][2016-01-07 19:34:51,548][com.java.TestType] [10901] - dataFields : test
[DEBUG][2016-01-07 19:34:51,548][com.java.TestType] [10907] - <In Set values of the page>
[DEBUG][2016-01-07 19:34:51,548][com.java.TestType] [10912] - {Data Fields & Data Values Exist}
[INFO ][2016-01-07 19:34:51,548][com.java.TestType] [10918] - --------------------------setting values-----------------------------
[INFO ][2016-01-07 19:34:51,548][com.java.TestType] [10921] - Action Type : WaitTime
[DEBUG][2016-01-07 19:34:51,548][com.java.TestType] [ 5715] - sleepTime: 2000
[INFO ][2016-01-07 19:34:53,561][com.java.TestType] [10940] -  RESULT true
[INFO ][2016-01-07 19:34:53,561][com.java.TestType] [11057] - ?   P A S S   ?
[INFO ][2016-01-07 19:34:53,561][com.java.TestType] [11128] - Looping End......
[INFO ][2016-01-07 19:34:53,561][com.java.SeleniumDriver] [  906] -  RESULT true
[INFO ][2016-01-07 19:34:53,561][com.java.SeleniumDriver] [ 1112] - ?   P A S S   ?
[INFO ][2016-01-07 19:34:53,561][com.java.SeleniumDriver] [  832] - ------------------------------------------
[INFO ][2016-01-07 19:34:53,561][com.java.SeleniumDriver] [  833] - Test case being Executed: 2
[INFO ][2016-01-07 19:34:53,561][com.java.SeleniumDriver] [  845] - Test step:74
[INFO ][2016-01-07 19:34:53,561][com.java.SeleniumDriver] [  857] - Datavalue is----------10
[INFO ][2016-01-07 19:34:53,561][com.java.SeleniumDriver] [  881] - DataField : test
[INFO ][2016-01-07 19:34:53,561][com.java.SeleniumDriver] [  883] - DataValue : 10
[INFO ][2016-01-07 19:34:53,561][com.java.SeleniumDriver] [  889] - <In Set values of the page>
[INFO ][2016-01-07 19:34:53,561][com.java.SeleniumDriver] [  892] - {Data Fields & Data Values Exist}
[INFO ][2016-01-07 19:34:53,561][com.java.SeleniumDriver] [  894] - --------------------------setting values-----------------------------
[INFO ][2016-01-07 19:34:53,561][com.java.SeleniumDriver] [  897] - Action Type : WaitTime
[DEBUG][2016-01-07 19:34:53,561][com.java.TestType] [ 5715] - sleepTime: 10000
[INFO ][2016-01-07 19:35:03,562][com.java.SeleniumDriver] [  906] -  RESULT true
[INFO ][2016-01-07 19:35:03,562][com.java.SeleniumDriver] [ 1112] - ?   P A S S   ?
[INFO ][2016-01-07 19:35:03,562][com.java.SeleniumDriver] [  832] - ------------------------------------------
[INFO ][2016-01-07 19:35:03,562][com.java.SeleniumDriver] [  833] - Test case being Executed: 2
[INFO ][2016-01-07 19:35:03,562][com.java.SeleniumDriver] [  845] - Test step:75
[INFO ][2016-01-07 19:35:03,562][com.java.SeleniumDriver] [  857] - Datavalue is----------dt:HTTPSURL
[INFO ][2016-01-07 19:35:03,562][com.java.SeleniumDriver] [  881] - DataField : test
[INFO ][2016-01-07 19:35:03,562][com.java.SeleniumDriver] [  883] - DataValue : dt:HTTPSURL
[INFO ][2016-01-07 19:35:03,562][com.java.SeleniumDriver] [  889] - <In Set values of the page>
[INFO ][2016-01-07 19:35:03,562][com.java.SeleniumDriver] [  892] - {Data Fields & Data Values Exist}
[INFO ][2016-01-07 19:35:03,562][com.java.SeleniumDriver] [  894] - --------------------------setting values-----------------------------
[INFO ][2016-01-07 19:35:03,562][com.java.SeleniumDriver] [  897] - Action Type : OpenURL
[INFO ][2016-01-07 19:35:03,562][com.java.TestType] [ 5895] - value = https://clients-xuat.bankersdashboard.com
[INFO ][2016-01-07 19:35:03,562][com.java.TestType] [  353] - Open URL : https://clients-xuat.bankersdashboard.com
[INFO ][2016-01-07 19:35:04,407][com.java.SeleniumDriver] [  906] -  RESULT true
[INFO ][2016-01-07 19:35:04,407][com.java.SeleniumDriver] [ 1112] - ?   P A S S   ?
[INFO ][2016-01-07 19:35:04,407][com.java.SeleniumDriver] [  832] - ------------------------------------------
[INFO ][2016-01-07 19:35:04,407][com.java.SeleniumDriver] [  833] - Test case being Executed: 2
[INFO ][2016-01-07 19:35:04,407][com.java.SeleniumDriver] [  845] - Test step:76
[INFO ][2016-01-07 19:35:04,407][com.java.SeleniumDriver] [  857] - Datavalue is----------10
[INFO ][2016-01-07 19:35:04,407][com.java.SeleniumDriver] [  881] - DataField : TXTusername
[INFO ][2016-01-07 19:35:04,407][com.java.SeleniumDriver] [  883] - DataValue : 10
[INFO ][2016-01-07 19:35:04,407][com.java.SeleniumDriver] [  889] - <In Set values of the page>
[INFO ][2016-01-07 19:35:04,407][com.java.SeleniumDriver] [  892] - {Data Fields & Data Values Exist}
[INFO ][2016-01-07 19:35:04,407][com.java.SeleniumDriver] [  894] - --------------------------setting values-----------------------------
[INFO ][2016-01-07 19:35:04,407][com.java.SeleniumDriver] [  897] - Action Type : WAITFORELEMENT
[INFO ][2016-01-07 19:35:06,623][com.java.SeleniumDriver] [  906] -  RESULT true
[INFO ][2016-01-07 19:35:06,623][com.java.SeleniumDriver] [ 1112] - ?   P A S S   ?
[INFO ][2016-01-07 19:35:06,623][com.java.SeleniumDriver] [  832] - ------------------------------------------
[INFO ][2016-01-07 19:35:06,623][com.java.SeleniumDriver] [  833] - Test case being Executed: 2
[INFO ][2016-01-07 19:35:06,623][com.java.SeleniumDriver] [  845] - Test step:77
[INFO ][2016-01-07 19:35:06,623][com.java.SeleniumDriver] [  857] - Datavalue is----------HMVLogin_username
[INFO ][2016-01-07 19:35:06,623][com.java.SeleniumDriver] [  881] - DataField : TXTusername
[INFO ][2016-01-07 19:35:06,623][com.java.SeleniumDriver] [  883] - DataValue : HMVLogin_username
[INFO ][2016-01-07 19:35:06,623][com.java.SeleniumDriver] [  889] - <In Set values of the page>
[INFO ][2016-01-07 19:35:06,623][com.java.SeleniumDriver] [  892] - {Data Fields & Data Values Exist}
[INFO ][2016-01-07 19:35:06,623][com.java.SeleniumDriver] [  894] - --------------------------setting values-----------------------------
[INFO ][2016-01-07 19:35:06,623][com.java.SeleniumDriver] [  897] - Action Type : CLEARANDENTER
[INFO ][2016-01-07 19:35:06,623][com.java.TestType] [ 5895] - value = vltest.robot48919.15019
[INFO ][2016-01-07 19:35:11,567][com.java.SeleniumDriver] [  906] -  RESULT true
[INFO ][2016-01-07 19:35:11,567][com.java.SeleniumDriver] [ 1112] - ?   P A S S   ?
[INFO ][2016-01-07 19:35:11,567][com.java.SeleniumDriver] [  832] - ------------------------------------------
[INFO ][2016-01-07 19:35:11,567][com.java.SeleniumDriver] [  833] - Test case being Executed: 2
[INFO ][2016-01-07 19:35:11,567][com.java.SeleniumDriver] [  845] - Test step:78
[INFO ][2016-01-07 19:35:11,567][com.java.SeleniumDriver] [  857] - Datavalue is----------dt:ResetNewPswd
[INFO ][2016-01-07 19:35:11,567][com.java.SeleniumDriver] [  881] - DataField : TXTpassword
[INFO ][2016-01-07 19:35:11,567][com.java.SeleniumDriver] [  883] - DataValue : dt:ResetNewPswd
[INFO ][2016-01-07 19:35:11,567][com.java.SeleniumDriver] [  889] - <In Set values of the page>
[INFO ][2016-01-07 19:35:11,567][com.java.SeleniumDriver] [  892] - {Data Fields & Data Values Exist}
[INFO ][2016-01-07 19:35:11,567][com.java.SeleniumDriver] [  894] - --------------------------setting values-----------------------------
[INFO ][2016-01-07 19:35:11,567][com.java.SeleniumDriver] [  897] - Action Type : CLEARANDENTER
[INFO ][2016-01-07 19:35:11,567][com.java.TestType] [ 5895] - value = Password#1
[INFO ][2016-01-07 19:35:16,651][com.java.SeleniumDriver] [  906] -  RESULT true
[INFO ][2016-01-07 19:35:16,651][com.java.SeleniumDriver] [ 1112] - ?   P A S S   ?
[INFO ][2016-01-07 19:35:16,651][com.java.SeleniumDriver] [  832] - ------------------------------------------
[INFO ][2016-01-07 19:35:16,651][com.java.SeleniumDriver] [  833] - Test case being Executed: 2
[INFO ][2016-01-07 19:35:16,651][com.java.SeleniumDriver] [  845] - Test step:79
[INFO ][2016-01-07 19:35:16,651][com.java.SeleniumDriver] [  857] - Datavalue is----------null
[DEBUG][2016-01-07 19:35:16,651][com.java.SeleniumDriver] [  875] - Exception: null
[INFO ][2016-01-07 19:35:16,651][com.java.SeleniumDriver] [  881] - DataField : XPH//button[@type='submit']
[INFO ][2016-01-07 19:35:16,651][com.java.SeleniumDriver] [  883] - DataValue : 
[INFO ][2016-01-07 19:35:16,651][com.java.SeleniumDriver] [  889] - <In Set values of the page>
[INFO ][2016-01-07 19:35:16,651][com.java.SeleniumDriver] [  892] - {Data Fields & Data Values Exist}
[INFO ][2016-01-07 19:35:16,651][com.java.SeleniumDriver] [  894] - --------------------------setting values-----------------------------
[INFO ][2016-01-07 19:35:16,651][com.java.SeleniumDriver] [  897] - Action Type : Click
[INFO ][2016-01-07 19:35:16,651][com.java.TestType] [ 6274] - Field ::XPH//button[@type='submit']
[INFO ][2016-01-07 19:35:16,651][com.java.TestType] [ 5895] - value = 
[INFO ][2016-01-07 19:35:17,665][com.java.TestType] [ 6411] - BEFORE CLICK
[INFO ][2016-01-07 19:35:18,499][com.java.TestType] [ 6419] - Unable to click the object Login
[INFO ][2016-01-07 19:35:18,499][com.java.SeleniumDriver] [  906] -  RESULT true
[INFO ][2016-01-07 19:35:18,499][com.java.SeleniumDriver] [ 1112] - ?   P A S S   ?
[INFO ][2016-01-07 19:35:18,499][com.java.SeleniumDriver] [  832] - ------------------------------------------
[INFO ][2016-01-07 19:35:18,499][com.java.SeleniumDriver] [  833] - Test case being Executed: 2
[INFO ][2016-01-07 19:35:18,499][com.java.SeleniumDriver] [  845] - Test step:80
[INFO ][2016-01-07 19:35:18,499][com.java.SeleniumDriver] [  857] - Datavalue is----------20
[INFO ][2016-01-07 19:35:18,499][com.java.SeleniumDriver] [  881] - DataField : test
[INFO ][2016-01-07 19:35:18,499][com.java.SeleniumDriver] [  883] - DataValue : 20
[INFO ][2016-01-07 19:35:18,499][com.java.SeleniumDriver] [  889] - <In Set values of the page>
[INFO ][2016-01-07 19:35:18,499][com.java.SeleniumDriver] [  892] - {Data Fields & Data Values Exist}
[INFO ][2016-01-07 19:35:18,499][com.java.SeleniumDriver] [  894] - --------------------------setting values-----------------------------
[INFO ][2016-01-07 19:35:18,499][com.java.SeleniumDriver] [  897] - Action Type : WaitTime
[DEBUG][2016-01-07 19:35:18,499][com.java.TestType] [ 5715] - sleepTime: 20000
[INFO ][2016-01-07 19:35:38,538][com.java.SeleniumDriver] [  906] -  RESULT true
[INFO ][2016-01-07 19:35:38,538][com.java.SeleniumDriver] [ 1112] - ?   P A S S   ?
[INFO ][2016-01-07 19:35:38,538][com.java.SeleniumDriver] [  832] - ------------------------------------------
[INFO ][2016-01-07 19:35:38,538][com.java.SeleniumDriver] [  833] - Test case being Executed: 2
[INFO ][2016-01-07 19:35:38,538][com.java.SeleniumDriver] [  845] - Test step:81
[INFO ][2016-01-07 19:35:38,538][com.java.SeleniumDriver] [  857] - Datavalue is----------Banker'sDashboard
[INFO ][2016-01-07 19:35:38,538][com.java.SeleniumDriver] [  881] - DataField : TTL
[INFO ][2016-01-07 19:35:38,538][com.java.SeleniumDriver] [  883] - DataValue : Banker'sDashboard
[INFO ][2016-01-07 19:35:38,538][com.java.SeleniumDriver] [  889] - <In Set values of the page>
[INFO ][2016-01-07 19:35:38,538][com.java.SeleniumDriver] [  892] - {Data Fields & Data Values Exist}
[INFO ][2016-01-07 19:35:38,538][com.java.SeleniumDriver] [  894] - --------------------------setting values-----------------------------
[INFO ][2016-01-07 19:35:38,538][com.java.SeleniumDriver] [  897] - Action Type : SelectWindow
[INFO ][2016-01-07 19:35:51,092][com.java.SeleniumDriver] [  906] -  RESULT true
[INFO ][2016-01-07 19:35:51,092][com.java.SeleniumDriver] [ 1112] - ?   P A S S   ?
[INFO ][2016-01-07 19:35:51,092][com.java.SeleniumDriver] [  832] - ------------------------------------------
[INFO ][2016-01-07 19:35:51,092][com.java.SeleniumDriver] [  833] - Test case being Executed: 2
[INFO ][2016-01-07 19:35:51,092][com.java.SeleniumDriver] [  845] - Test step:82
[INFO ][2016-01-07 19:35:51,092][com.java.SeleniumDriver] [  857] - Datavalue is----------10
[INFO ][2016-01-07 19:35:51,092][com.java.SeleniumDriver] [  881] - DataField : XPH//div[contains(text(), 'My Dashboard')]
[INFO ][2016-01-07 19:35:51,092][com.java.SeleniumDriver] [  883] - DataValue : 10
[INFO ][2016-01-07 19:35:51,092][com.java.SeleniumDriver] [  889] - <In Set values of the page>
[INFO ][2016-01-07 19:35:51,092][com.java.SeleniumDriver] [  892] - {Data Fields & Data Values Exist}
[INFO ][2016-01-07 19:35:51,092][com.java.SeleniumDriver] [  894] - --------------------------setting values-----------------------------
[INFO ][2016-01-07 19:35:51,092][com.java.SeleniumDriver] [  897] - Action Type : WAITFORELEMENT
[DEBUG][2016-01-07 19:39:29,840][com.java.TestType] [ 6929] - //div[contains(text(), 'My Dashboard')]   :: Element not Found
[INFO ][2016-01-07 19:39:29,840][com.java.SeleniumDriver] [  906] -  RESULT false
[INFO ][2016-01-07 19:39:29,840][com.java.SeleniumDriver] [  953] - ?   F A I L   ?
[INFO ][2016-01-07 19:39:29,840][com.java.SeleniumDriver] [  961] - Browser Type : IE10
[INFO ][2016-01-07 19:39:29,840][com.java.SeleniumDriver] [  962] - Adding Failed case2
[INFO ][2016-01-07 19:39:30,714][com.java.SeleniumDriver] [ 1076] - failedCases = 2
[ERROR][2016-01-07 19:39:30,714][com.java.SeleniumDriver] [ 1575] - Platform Errors : Our apologies...::We have encountered an issue with your request.::Our apologies?:We encountered an issue with your request.
[INFO ][2016-01-07 19:39:30,714][com.java.SeleniumDriver] [ 1579] - Length =3
[ERROR][2016-01-07 19:39:30,714][com.java.SeleniumDriver] [ 1582] - Error 0 = Our apologies...
[ERROR][2016-01-07 19:39:30,761][com.java.SeleniumDriver] [ 1582] - Error 1 = We have encountered an issue with your request.
[ERROR][2016-01-07 19:39:30,792][com.java.SeleniumDriver] [ 1582] - Error 2 = Our apologies?:We encountered an issue with your request.
[INFO ][2016-01-07 19:39:30,823][com.java.SeleniumDriver] [ 1593] - strError:
[DEBUG][2016-01-07 19:39:30,839][com.java.SeleniumDriver] [ 1224] - Case found
[DEBUG][2016-01-07 19:39:30,839][com.java.SeleniumDriver] [ 1229] - Incrementing ReportCounters[0]:2
[INFO ][2016-01-07 19:39:30,839][com.java.SeleniumDriver] [ 1248] - The results are-------------------[2, 82, Admin: Users: Manage Users: Reset User Password, Fail, 
Test case failed at Step No. :: 82   Error Message ::  //div[contains(text(), 'My Dashboard')]   :: Element not Found. Screen Shot : D:\BankersDashboard\TestReports\010716\2_010716_193929_IE10.png, Thu Jan 07 19:39:30 IST 2016]
[INFO ][2016-01-07 19:39:30,839][com.java.SeleniumDriver] [ 1252] - End time is-------9 min 16 sec
[INFO ][2016-01-07 19:39:30,839][com.java.SeleniumDriver] [ 1253] - The results are-------------------[2, 82, Admin: Users: Manage Users: Reset User Password, Fail, 
Test case failed at Step No. :: 82   Error Message ::  //div[contains(text(), 'My Dashboard')]   :: Element not Found. Screen Shot : D:\BankersDashboard\TestReports\010716\2_010716_193929_IE10.png, Thu Jan 07 19:39:30 IST 2016]
[DEBUG][2016-01-07 19:39:30,839][com.java.ImportnExport.ExportTestResultsExcel] [  222] - testResultPath = D:\BankersDashboard/TestReports/Test Results_BankersDashBoard_010716_193016_IE10_First Bank.xls
[DEBUG][2016-01-07 19:39:30,839][com.java.ImportnExport.ExportTestResultsExcel] [  223] - browser is------------IE10
[DEBUG][2016-01-07 19:39:30,839][com.java.ImportnExport.ExportTestResultsExcel] [  270] - result.size() = 6
[DEBUG][2016-01-07 19:39:30,839][com.java.ImportnExport.ExportTestResultsExcel] [  274] - No of rows in sheet=2
[DEBUG][2016-01-07 19:39:30,839][com.java.ImportnExport.ExportTestResultsExcel] [  301] - ..in export..2
[DEBUG][2016-01-07 19:39:30,839][com.java.ImportnExport.ExportTestResultsExcel] [  301] - ..in export..Admin: Users: Manage Users: Reset User Password
[DEBUG][2016-01-07 19:39:30,839][com.java.ImportnExport.ExportTestResultsExcel] [  301] - ..in export..Fail
[DEBUG][2016-01-07 19:39:30,839][com.java.ImportnExport.ExportTestResultsExcel] [  301] - ..in export..
Test case failed at Step No. :: 82   Error Message ::  //div[contains(text(), 'My Dashboard')]   :: Element not Found. Screen Shot : D:\BankersDashboard\TestReports\010716\2_010716_193929_IE10.png
[DEBUG][2016-01-07 19:39:30,839][com.java.ImportnExport.ExportTestResultsExcel] [  301] - ..in export..Thu Jan 07 19:39:30 IST 2016
[INFO ][2016-01-07 19:39:30,839][com.java.SeleniumDriver] [ 1313] - out loop:1 size:7 TestCases:[1, 2, 3, 4, 5, 6, 7] testcases:[1, 2, 3, 4, 5, 6, 7]
[INFO ][2016-01-07 19:39:30,839][com.java.ImportnExport.ImportTestDataDetailsExcel] [   49] - test data details path===== D:\BankersDashboard\TestInputs\TestData.xls
[INFO ][2016-01-07 19:40:08,466][com.java.SeleniumDriver] [  832] - ------------------------------------------
[INFO ][2016-01-07 19:40:08,466][com.java.SeleniumDriver] [  833] - Test case being Executed: 3
[INFO ][2016-01-07 19:40:08,466][com.java.SeleniumDriver] [  845] - Test step:1
[INFO ][2016-01-07 19:40:08,466][com.java.SeleniumDriver] [  857] - Datavalue is----------Logout
[INFO ][2016-01-07 19:40:08,466][com.java.SeleniumDriver] [  881] - DataField : BTN
[INFO ][2016-01-07 19:40:08,466][com.java.SeleniumDriver] [  883] - DataValue : Logout
[INFO ][2016-01-07 19:40:08,466][com.java.SeleniumDriver] [  889] - <In Set values of the page>
[INFO ][2016-01-07 19:40:08,466][com.java.SeleniumDriver] [  892] - {Data Fields & Data Values Exist}
[INFO ][2016-01-07 19:40:08,466][com.java.SeleniumDriver] [  894] - --------------------------setting values-----------------------------
[INFO ][2016-01-07 19:40:08,466][com.java.SeleniumDriver] [  897] - Action Type : Verify
[INFO ][2016-01-07 19:40:08,466][com.java.TestType] [ 7269] - field= BTN value= Logout
[INFO ][2016-01-07 19:40:08,466][com.java.TestType] [ 5895] - value = Logout
[INFO ][2016-01-07 19:40:08,608][com.java.SeleniumDriver] [  906] -  RESULT true
[INFO ][2016-01-07 19:40:08,608][com.java.SeleniumDriver] [ 1112] - ?   P A S S   ?
[INFO ][2016-01-07 19:40:08,608][com.java.SeleniumDriver] [ 1154] - step change to 3
[INFO ][2016-01-07 19:40:08,608][com.java.SeleniumDriver] [  832] - ------------------------------------------
[INFO ][2016-01-07 19:40:08,608][com.java.SeleniumDriver] [  833] - Test case being Executed: 3
[INFO ][2016-01-07 19:40:08,608][com.java.SeleniumDriver] [  845] - Test step:3
[INFO ][2016-01-07 19:40:08,608][com.java.SeleniumDriver] [  857] - Datavalue is----------null
[DEBUG][2016-01-07 19:40:08,608][com.java.SeleniumDriver] [  875] - Exception: null
[INFO ][2016-01-07 19:40:08,608][com.java.SeleniumDriver] [  881] - DataField : //span[@class='icon-user4']&&//a[text()='Users']&&//a[@data-id="ModifyUsers"]
[INFO ][2016-01-07 19:40:08,608][com.java.SeleniumDriver] [  883] - DataValue : 
[INFO ][2016-01-07 19:40:08,608][com.java.SeleniumDriver] [  889] - <In Set values of the page>
[INFO ][2016-01-07 19:40:08,608][com.java.SeleniumDriver] [  892] - {Data Fields & Data Values Exist}
[INFO ][2016-01-07 19:40:08,608][com.java.SeleniumDriver] [  894] - --------------------------setting values-----------------------------
[INFO ][2016-01-07 19:40:08,608][com.java.SeleniumDriver] [  897] - Action Type : MouseOver
[INFO ][2016-01-07 19:40:36,832][com.java.SeleniumDriver] [  906] -  RESULT true
[INFO ][2016-01-07 19:40:36,832][com.java.SeleniumDriver] [ 1112] - ?   P A S S   ?
[INFO ][2016-01-07 19:40:36,832][com.java.SeleniumDriver] [  832] - ------------------------------------------
[INFO ][2016-01-07 19:40:36,832][com.java.SeleniumDriver] [  833] - Test case being Executed: 3
[INFO ][2016-01-07 19:40:36,832][com.java.SeleniumDriver] [  845] - Test step:4
[INFO ][2016-01-07 19:40:36,832][com.java.SeleniumDriver] [  857] - Datavalue is----------2
[INFO ][2016-01-07 19:40:36,832][com.java.SeleniumDriver] [  881] - DataField : BTNframeDialogContent
[INFO ][2016-01-07 19:40:36,832][com.java.SeleniumDriver] [  883] - DataValue : 2
[INFO ][2016-01-07 19:40:36,832][com.java.SeleniumDriver] [  889] - <In Set values of the page>
[INFO ][2016-01-07 19:40:36,832][com.java.SeleniumDriver] [  892] - {Data Fields & Data Values Exist}
[INFO ][2016-01-07 19:40:36,832][com.java.SeleniumDriver] [  894] - --------------------------setting values-----------------------------
[INFO ][2016-01-07 19:40:36,832][com.java.SeleniumDriver] [  897] - Action Type : WaitForElement
[INFO ][2016-01-07 19:40:38,065][com.java.SeleniumDriver] [  906] -  RESULT true
[INFO ][2016-01-07 19:40:38,065][com.java.SeleniumDriver] [ 1112] - ?   P A S S   ?
[INFO ][2016-01-07 19:40:38,065][com.java.SeleniumDriver] [  832] - ------------------------------------------
[INFO ][2016-01-07 19:40:38,065][com.java.SeleniumDriver] [  833] - Test case being Executed: 3
[INFO ][2016-01-07 19:40:38,065][com.java.SeleniumDriver] [  845] - Test step:5
[INFO ][2016-01-07 19:40:38,065][com.java.SeleniumDriver] [  857] - Datavalue is----------null
[DEBUG][2016-01-07 19:40:38,065][com.java.SeleniumDriver] [  875] - Exception: null
[INFO ][2016-01-07 19:40:38,065][com.java.SeleniumDriver] [  881] - DataField : BTNframeDialogContent
[INFO ][2016-01-07 19:40:38,065][com.java.SeleniumDriver] [  883] - DataValue : 
[INFO ][2016-01-07 19:40:38,065][com.java.SeleniumDriver] [  889] - <In Set values of the page>
[INFO ][2016-01-07 19:40:38,065][com.java.SeleniumDriver] [  892] - {Data Fields & Data Values Exist}
[INFO ][2016-01-07 19:40:38,065][com.java.SeleniumDriver] [  894] - --------------------------setting values-----------------------------
[INFO ][2016-01-07 19:40:38,065][com.java.SeleniumDriver] [  897] - Action Type : SelectFrame
[INFO ][2016-01-07 19:40:39,347][com.java.SeleniumDriver] [  906] -  RESULT true
[INFO ][2016-01-07 19:40:39,347][com.java.SeleniumDriver] [ 1112] - ?   P A S S   ?
[INFO ][2016-01-07 19:40:39,347][com.java.SeleniumDriver] [  832] - ------------------------------------------
[INFO ][2016-01-07 19:40:39,347][com.java.SeleniumDriver] [  833] - Test case being Executed: 3
[INFO ][2016-01-07 19:40:39,347][com.java.SeleniumDriver] [  845] - Test step:6
[INFO ][2016-01-07 19:40:39,347][com.java.SeleniumDriver] [  857] - Datavalue is----------2
[INFO ][2016-01-07 19:40:39,347][com.java.SeleniumDriver] [  881] - DataField : BTNbtnAddUser
[INFO ][2016-01-07 19:40:39,347][com.java.SeleniumDriver] [  883] - DataValue : 2
[INFO ][2016-01-07 19:40:39,347][com.java.SeleniumDriver] [  889] - <In Set values of the page>
[INFO ][2016-01-07 19:40:39,347][com.java.SeleniumDriver] [  892] - {Data Fields & Data Values Exist}
[INFO ][2016-01-07 19:40:39,347][com.java.SeleniumDriver] [  894] - --------------------------setting values-----------------------------
[INFO ][2016-01-07 19:40:39,347][com.java.SeleniumDriver] [  897] - Action Type : WaitForElement
[INFO ][2016-01-07 19:40:40,985][com.java.SeleniumDriver] [  906] -  RESULT true
[INFO ][2016-01-07 19:40:40,985][com.java.SeleniumDriver] [ 1112] - ?   P A S S   ?
[INFO ][2016-01-07 19:40:40,985][com.java.SeleniumDriver] [  832] - ------------------------------------------
[INFO ][2016-01-07 19:40:40,985][com.java.SeleniumDriver] [  833] - Test case being Executed: 3
[INFO ][2016-01-07 19:40:40,985][com.java.SeleniumDriver] [  845] - Test step:7
[INFO ][2016-01-07 19:40:40,985][com.java.SeleniumDriver] [  857] - Datavalue is----------null
[DEBUG][2016-01-07 19:40:40,985][com.java.SeleniumDriver] [  875] - Exception: null
[INFO ][2016-01-07 19:40:40,985][com.java.SeleniumDriver] [  881] - DataField : BTNbtnAddUser
[INFO ][2016-01-07 19:40:40,985][com.java.SeleniumDriver] [  883] - DataValue : 
[INFO ][2016-01-07 19:40:40,985][com.java.SeleniumDriver] [  889] - <In Set values of the page>
[INFO ][2016-01-07 19:40:40,985][com.java.SeleniumDriver] [  892] - {Data Fields & Data Values Exist}
[INFO ][2016-01-07 19:40:40,985][com.java.SeleniumDriver] [  894] - --------------------------setting values-----------------------------
[INFO ][2016-01-07 19:40:40,985][com.java.SeleniumDriver] [  897] - Action Type : Click
[INFO ][2016-01-07 19:40:40,985][com.java.TestType] [ 6274] - Field ::BTNbtnAddUser
[INFO ][2016-01-07 19:40:40,985][com.java.TestType] [ 5895] - value = 
[INFO ][2016-01-07 19:40:42,000][com.java.TestType] [ 6390] - BEFORE CLICK
[INFO ][2016-01-07 19:40:43,779][com.java.TestType] [ 6397] - Unable to click the object Add user button
[INFO ][2016-01-07 19:40:43,779][com.java.SeleniumDriver] [  906] -  RESULT true
[INFO ][2016-01-07 19:40:43,779][com.java.SeleniumDriver] [ 1112] - ?   P A S S   ?
[INFO ][2016-01-07 19:40:43,779][com.java.SeleniumDriver] [  832] - ------------------------------------------
[INFO ][2016-01-07 19:40:43,779][com.java.SeleniumDriver] [  833] - Test case being Executed: 3
[INFO ][2016-01-07 19:40:43,779][com.java.SeleniumDriver] [  845] - Test step:8
[INFO ][2016-01-07 19:40:43,779][com.java.SeleniumDriver] [  857] - Datavalue is----------2
[INFO ][2016-01-07 19:40:43,779][com.java.SeleniumDriver] [  881] - DataField : BTNtxtUserName
[INFO ][2016-01-07 19:40:43,779][com.java.SeleniumDriver] [  883] - DataValue : 2
[INFO ][2016-01-07 19:40:43,779][com.java.SeleniumDriver] [  889] - <In Set values of the page>
[INFO ][2016-01-07 19:40:43,779][com.java.SeleniumDriver] [  892] - {Data Fields & Data Values Exist}
[INFO ][2016-01-07 19:40:43,779][com.java.SeleniumDriver] [  894] - --------------------------setting values-----------------------------
[INFO ][2016-01-07 19:40:43,779][com.java.SeleniumDriver] [  897] - Action Type : WaitForElement
[INFO ][2016-01-07 19:40:45,027][com.java.SeleniumDriver] [  906] -  RESULT true
[INFO ][2016-01-07 19:40:45,027][com.java.SeleniumDriver] [ 1112] - ?   P A S S   ?
[INFO ][2016-01-07 19:40:45,027][com.java.SeleniumDriver] [  832] - ------------------------------------------
[INFO ][2016-01-07 19:40:45,027][com.java.SeleniumDriver] [  833] - Test case being Executed: 3
[INFO ][2016-01-07 19:40:45,027][com.java.SeleniumDriver] [  845] - Test step:9
[INFO ][2016-01-07 19:40:45,027][com.java.SeleniumDriver] [  857] - Datavalue is----------5
[INFO ][2016-01-07 19:40:45,027][com.java.SeleniumDriver] [  881] - DataField : TXTtxtUserName
[INFO ][2016-01-07 19:40:45,027][com.java.SeleniumDriver] [  883] - DataValue : 5
[INFO ][2016-01-07 19:40:45,027][com.java.SeleniumDriver] [  889] - <In Set values of the page>
[INFO ][2016-01-07 19:40:45,027][com.java.SeleniumDriver] [  892] - {Data Fields & Data Values Exist}
[INFO ][2016-01-07 19:40:45,027][com.java.SeleniumDriver] [  894] - --------------------------setting values-----------------------------
[INFO ][2016-01-07 19:40:45,027][com.java.SeleniumDriver] [  897] - Action Type : WaitForElement
[INFO ][2016-01-07 19:40:46,176][com.java.SeleniumDriver] [  906] -  RESULT true
[INFO ][2016-01-07 19:40:46,176][com.java.SeleniumDriver] [ 1112] - ?   P A S S   ?
[INFO ][2016-01-07 19:40:46,176][com.java.SeleniumDriver] [  832] - ------------------------------------------
[INFO ][2016-01-07 19:40:46,176][com.java.SeleniumDriver] [  833] - Test case being Executed: 3
[INFO ][2016-01-07 19:40:46,176][com.java.SeleniumDriver] [  845] - Test step:10
[INFO ][2016-01-07 19:40:46,176][com.java.SeleniumDriver] [  857] - Datavalue is----------RNDvltest.robot
[INFO ][2016-01-07 19:40:46,176][com.java.SeleniumDriver] [  881] - DataField : TXTtxtUserName
[INFO ][2016-01-07 19:40:46,176][com.java.SeleniumDriver] [  883] - DataValue : RNDvltest.robot
[INFO ][2016-01-07 19:40:46,176][com.java.SeleniumDriver] [  889] - <In Set values of the page>
[INFO ][2016-01-07 19:40:46,176][com.java.SeleniumDriver] [  892] - {Data Fields & Data Values Exist}
[INFO ][2016-01-07 19:40:46,176][com.java.SeleniumDriver] [  894] - --------------------------setting values-----------------------------
[INFO ][2016-01-07 19:40:46,176][com.java.SeleniumDriver] [  897] - Action Type : CLEARANDENTER
[INFO ][2016-01-07 19:40:46,176][com.java.TestType] [ 5895] - value = vltest.robot48508
[INFO ][2016-01-07 19:40:48,956][com.java.SeleniumDriver] [  906] -  RESULT true
[INFO ][2016-01-07 19:40:48,956][com.java.SeleniumDriver] [ 1112] - ?   P A S S   ?
[INFO ][2016-01-07 19:40:48,956][com.java.SeleniumDriver] [  832] - ------------------------------------------
[INFO ][2016-01-07 19:40:48,956][com.java.SeleniumDriver] [  833] - Test case being Executed: 3
[INFO ][2016-01-07 19:40:48,956][com.java.SeleniumDriver] [  845] - Test step:11
[INFO ][2016-01-07 19:40:48,956][com.java.SeleniumDriver] [  857] - Datavalue is----------5
[INFO ][2016-01-07 19:40:48,956][com.java.SeleniumDriver] [  881] - DataField : TXTtxtFirstName
[INFO ][2016-01-07 19:40:48,956][com.java.SeleniumDriver] [  883] - DataValue : 5
[INFO ][2016-01-07 19:40:48,956][com.java.SeleniumDriver] [  889] - <In Set values of the page>
[INFO ][2016-01-07 19:40:48,956][com.java.SeleniumDriver] [  892] - {Data Fields & Data Values Exist}
[INFO ][2016-01-07 19:40:48,956][com.java.SeleniumDriver] [  894] - --------------------------setting values-----------------------------
[INFO ][2016-01-07 19:40:48,956][com.java.SeleniumDriver] [  897] - Action Type : WaitForElement
[INFO ][2016-01-07 19:40:50,126][com.java.SeleniumDriver] [  906] -  RESULT true
[INFO ][2016-01-07 19:40:50,126][com.java.SeleniumDriver] [ 1112] - ?   P A S S   ?
[INFO ][2016-01-07 19:40:50,126][com.java.SeleniumDriver] [  832] - ------------------------------------------
[INFO ][2016-01-07 19:40:50,126][com.java.SeleniumDriver] [  833] - Test case being Executed: 3
[INFO ][2016-01-07 19:40:50,126][com.java.SeleniumDriver] [  845] - Test step:12
[INFO ][2016-01-07 19:40:50,126][com.java.SeleniumDriver] [  857] - Datavalue is----------GivenNewUserName
[INFO ][2016-01-07 19:40:50,126][com.java.SeleniumDriver] [  881] - DataField : TXTtxtUserName
[INFO ][2016-01-07 19:40:50,126][com.java.SeleniumDriver] [  883] - DataValue : GivenNewUserName
[INFO ][2016-01-07 19:40:50,126][com.java.SeleniumDriver] [  889] - <In Set values of the page>
[INFO ][2016-01-07 19:40:50,126][com.java.SeleniumDriver] [  892] - {Data Fields & Data Values Exist}
[INFO ][2016-01-07 19:40:50,126][com.java.SeleniumDriver] [  894] - --------------------------setting values-----------------------------
[INFO ][2016-01-07 19:40:50,126][com.java.SeleniumDriver] [  897] - Action Type : STOREVALUE
[INFO ][2016-01-07 19:40:50,126][com.java.TestType] [ 8612] - field= TXTtxtUserName
[DEBUG][2016-01-07 19:40:51,314][com.java.TestType] [ 8626] - Key:: GivenNewUserName  Value:: vltest.robot48508
[INFO ][2016-01-07 19:40:51,314][com.java.SeleniumDriver] [  906] -  RESULT true
[INFO ][2016-01-07 19:40:51,314][com.java.SeleniumDriver] [ 1112] - ?   P A S S   ?
[INFO ][2016-01-07 19:40:51,314][com.java.SeleniumDriver] [  832] - ------------------------------------------
[INFO ][2016-01-07 19:40:51,314][com.java.SeleniumDriver] [  833] - Test case being Executed: 3
[INFO ][2016-01-07 19:40:51,314][com.java.SeleniumDriver] [  845] - Test step:13
[INFO ][2016-01-07 19:40:51,314][com.java.SeleniumDriver] [  857] - Datavalue is----------VLTest
[INFO ][2016-01-07 19:40:51,314][com.java.SeleniumDriver] [  881] - DataField : TXTtxtFirstName
[INFO ][2016-01-07 19:40:51,314][com.java.SeleniumDriver] [  883] - DataValue : VLTest
[INFO ][2016-01-07 19:40:51,314][com.java.SeleniumDriver] [  889] - <In Set values of the page>
[INFO ][2016-01-07 19:40:51,314][com.java.SeleniumDriver] [  892] - {Data Fields & Data Values Exist}
[INFO ][2016-01-07 19:40:51,314][com.java.SeleniumDriver] [  894] - --------------------------setting values-----------------------------
[INFO ][2016-01-07 19:40:51,314][com.java.SeleniumDriver] [  897] - Action Type : Enter
[INFO ][2016-01-07 19:40:51,314][com.java.TestType] [ 6696] - field = txtFirstName
[INFO ][2016-01-07 19:40:51,314][com.java.TestType] [ 5895] - value = VLTest
[INFO ][2016-01-07 19:40:53,202][com.java.SeleniumDriver] [  906] -  RESULT true
[INFO ][2016-01-07 19:40:53,202][com.java.SeleniumDriver] [ 1112] - ?   P A S S   ?
[INFO ][2016-01-07 19:40:53,202][com.java.SeleniumDriver] [  832] - ------------------------------------------
[INFO ][2016-01-07 19:40:53,202][com.java.SeleniumDriver] [  833] - Test case being Executed: 3
[INFO ][2016-01-07 19:40:53,202][com.java.SeleniumDriver] [  845] - Test step:14
[INFO ][2016-01-07 19:40:53,202][com.java.SeleniumDriver] [  857] - Datavalue is----------5
[INFO ][2016-01-07 19:40:53,202][com.java.SeleniumDriver] [  881] - DataField : TXTtxtLastName
[INFO ][2016-01-07 19:40:53,202][com.java.SeleniumDriver] [  883] - DataValue : 5
[INFO ][2016-01-07 19:40:53,202][com.java.SeleniumDriver] [  889] - <In Set values of the page>
[INFO ][2016-01-07 19:40:53,202][com.java.SeleniumDriver] [  892] - {Data Fields & Data Values Exist}
[INFO ][2016-01-07 19:40:53,202][com.java.SeleniumDriver] [  894] - --------------------------setting values-----------------------------
[INFO ][2016-01-07 19:40:53,202][com.java.SeleniumDriver] [  897] - Action Type : WaitForElement
[INFO ][2016-01-07 19:40:54,372][com.java.SeleniumDriver] [  906] -  RESULT true
[INFO ][2016-01-07 19:40:54,372][com.java.SeleniumDriver] [ 1112] - ?   P A S S   ?
[INFO ][2016-01-07 19:40:54,372][com.java.SeleniumDriver] [  832] - ------------------------------------------
[INFO ][2016-01-07 19:40:54,372][com.java.SeleniumDriver] [  833] - Test case being Executed: 3
[INFO ][2016-01-07 19:40:54,372][com.java.SeleniumDriver] [  845] - Test step:15
[INFO ][2016-01-07 19:40:54,372][com.java.SeleniumDriver] [  857] - Datavalue is----------Robot
[INFO ][2016-01-07 19:40:54,372][com.java.SeleniumDriver] [  881] - DataField : TXTtxtLastName
[INFO ][2016-01-07 19:40:54,372][com.java.SeleniumDriver] [  883] - DataValue : Robot
[INFO ][2016-01-07 19:40:54,372][com.java.SeleniumDriver] [  889] - <In Set values of the page>
[INFO ][2016-01-07 19:40:54,372][com.java.SeleniumDriver] [  892] - {Data Fields & Data Values Exist}
[INFO ][2016-01-07 19:40:54,372][com.java.SeleniumDriver] [  894] - --------------------------setting values-----------------------------
[INFO ][2016-01-07 19:40:54,372][com.java.SeleniumDriver] [  897] - Action Type : Enter
[INFO ][2016-01-07 19:40:54,372][com.java.TestType] [ 6696] - field = txtLastName
[INFO ][2016-01-07 19:40:54,372][com.java.TestType] [ 5895] - value = Robot
[INFO ][2016-01-07 19:40:55,950][com.java.SeleniumDriver] [  906] -  RESULT true
[INFO ][2016-01-07 19:40:55,950][com.java.SeleniumDriver] [ 1112] - ?   P A S S   ?
[INFO ][2016-01-07 19:40:55,950][com.java.SeleniumDriver] [  832] - ------------------------------------------
[INFO ][2016-01-07 19:40:55,950][com.java.SeleniumDriver] [  833] - Test case being Executed: 3
[INFO ][2016-01-07 19:40:55,950][com.java.SeleniumDriver] [  845] - Test step:16
[INFO ][2016-01-07 19:40:55,950][com.java.SeleniumDriver] [  857] - Datavalue is----------5
[INFO ][2016-01-07 19:40:55,950][com.java.SeleniumDriver] [  881] - DataField : TXTtxtCompany
[INFO ][2016-01-07 19:40:55,950][com.java.SeleniumDriver] [  883] - DataValue : 5
[INFO ][2016-01-07 19:40:55,950][com.java.SeleniumDriver] [  889] - <In Set values of the page>
[INFO ][2016-01-07 19:40:55,950][com.java.SeleniumDriver] [  892] - {Data Fields & Data Values Exist}
[INFO ][2016-01-07 19:40:55,950][com.java.SeleniumDriver] [  894] - --------------------------setting values-----------------------------
[INFO ][2016-01-07 19:40:55,950][com.java.SeleniumDriver] [  897] - Action Type : WaitForElement
[INFO ][2016-01-07 19:40:57,104][com.java.SeleniumDriver] [  906] -  RESULT true
[INFO ][2016-01-07 19:40:57,104][com.java.SeleniumDriver] [ 1112] - ?   P A S S   ?
[INFO ][2016-01-07 19:40:57,104][com.java.SeleniumDriver] [  832] - ------------------------------------------
[INFO ][2016-01-07 19:40:57,104][com.java.SeleniumDriver] [  833] - Test case being Executed: 3
[INFO ][2016-01-07 19:40:57,104][com.java.SeleniumDriver] [  845] - Test step:17
[INFO ][2016-01-07 19:40:57,104][com.java.SeleniumDriver] [  857] - Datavalue is----------ValueLabs
[INFO ][2016-01-07 19:40:57,104][com.java.SeleniumDriver] [  881] - DataField : TXTtxtCompany
[INFO ][2016-01-07 19:40:57,104][com.java.SeleniumDriver] [  883] - DataValue : ValueLabs
[INFO ][2016-01-07 19:40:57,104][com.java.SeleniumDriver] [  889] - <In Set values of the page>
[INFO ][2016-01-07 19:40:57,104][com.java.SeleniumDriver] [  892] - {Data Fields & Data Values Exist}
[INFO ][2016-01-07 19:40:57,104][com.java.SeleniumDriver] [  894] - --------------------------setting values-----------------------------
[INFO ][2016-01-07 19:40:57,104][com.java.SeleniumDriver] [  897] - Action Type : Enter
[INFO ][2016-01-07 19:40:57,104][com.java.TestType] [ 6696] - field = txtCompany
[INFO ][2016-01-07 19:40:57,104][com.java.TestType] [ 5895] - value = ValueLabs
[INFO ][2016-01-07 19:40:58,900][com.java.SeleniumDriver] [  906] -  RESULT true
[INFO ][2016-01-07 19:40:58,900][com.java.SeleniumDriver] [ 1112] - ?   P A S S   ?
[INFO ][2016-01-07 19:40:58,900][com.java.SeleniumDriver] [  832] - ------------------------------------------
[INFO ][2016-01-07 19:40:58,900][com.java.SeleniumDriver] [  833] - Test case being Executed: 3
[INFO ][2016-01-07 19:40:58,900][com.java.SeleniumDriver] [  845] - Test step:18
[INFO ][2016-01-07 19:40:58,900][com.java.SeleniumDriver] [  857] - Datavalue is----------5
[INFO ][2016-01-07 19:40:58,900][com.java.SeleniumDriver] [  881] - DataField : TXTtxtLocation
[INFO ][2016-01-07 19:40:58,900][com.java.SeleniumDriver] [  883] - DataValue : 5
[INFO ][2016-01-07 19:40:58,900][com.java.SeleniumDriver] [  889] - <In Set values of the page>
[INFO ][2016-01-07 19:40:58,900][com.java.SeleniumDriver] [  892] - {Data Fields & Data Values Exist}
[INFO ][2016-01-07 19:40:58,900][com.java.SeleniumDriver] [  894] - --------------------------setting values-----------------------------
[INFO ][2016-01-07 19:40:58,900][com.java.SeleniumDriver] [  897] - Action Type : WaitForElement
[INFO ][2016-01-07 19:41:00,070][com.java.SeleniumDriver] [  906] -  RESULT true
[INFO ][2016-01-07 19:41:00,070][com.java.SeleniumDriver] [ 1112] - ?   P A S S   ?
[INFO ][2016-01-07 19:41:00,070][com.java.SeleniumDriver] [  832] - ------------------------------------------
[INFO ][2016-01-07 19:41:00,070][com.java.SeleniumDriver] [  833] - Test case being Executed: 3
[INFO ][2016-01-07 19:41:00,070][com.java.SeleniumDriver] [  845] - Test step:19
[INFO ][2016-01-07 19:41:00,070][com.java.SeleniumDriver] [  857] - Datavalue is----------India
[INFO ][2016-01-07 19:41:00,070][com.java.SeleniumDriver] [  881] - DataField : TXTtxtLocation
[INFO ][2016-01-07 19:41:00,070][com.java.SeleniumDriver] [  883] - DataValue : India
[INFO ][2016-01-07 19:41:00,070][com.java.SeleniumDriver] [  889] - <In Set values of the page>
[INFO ][2016-01-07 19:41:00,070][com.java.SeleniumDriver] [  892] - {Data Fields & Data Values Exist}
[INFO ][2016-01-07 19:41:00,070][com.java.SeleniumDriver] [  894] - --------------------------setting values-----------------------------
[INFO ][2016-01-07 19:41:00,070][com.java.SeleniumDriver] [  897] - Action Type : Enter
[INFO ][2016-01-07 19:41:00,070][com.java.TestType] [ 6696] - field = txtLocation
[INFO ][2016-01-07 19:41:00,070][com.java.TestType] [ 5895] - value = India
[INFO ][2016-01-07 19:41:01,663][com.java.SeleniumDriver] [  906] -  RESULT true
[INFO ][2016-01-07 19:41:01,663][com.java.SeleniumDriver] [ 1112] - ?   P A S S   ?
[INFO ][2016-01-07 19:41:01,663][com.java.SeleniumDriver] [  832] - ------------------------------------------
[INFO ][2016-01-07 19:41:01,663][com.java.SeleniumDriver] [  833] - Test case being Executed: 3
[INFO ][2016-01-07 19:41:01,663][com.java.SeleniumDriver] [  845] - Test step:20
[INFO ][2016-01-07 19:41:01,663][com.java.SeleniumDriver] [  857] - Datavalue is----------5
[INFO ][2016-01-07 19:41:01,663][com.java.SeleniumDriver] [  881] - DataField : TXTtxtEMail
[INFO ][2016-01-07 19:41:01,663][com.java.SeleniumDriver] [  883] - DataValue : 5
[INFO ][2016-01-07 19:41:01,663][com.java.SeleniumDriver] [  889] - <In Set values of the page>
[INFO ][2016-01-07 19:41:01,663][com.java.SeleniumDriver] [  892] - {Data Fields & Data Values Exist}
[INFO ][2016-01-07 19:41:01,663][com.java.SeleniumDriver] [  894] - --------------------------setting values-----------------------------
[INFO ][2016-01-07 19:41:01,663][com.java.SeleniumDriver] [  897] - Action Type : WaitForElement
[INFO ][2016-01-07 19:41:02,833][com.java.SeleniumDriver] [  906] -  RESULT true
[INFO ][2016-01-07 19:41:02,833][com.java.SeleniumDriver] [ 1112] - ?   P A S S   ?
[INFO ][2016-01-07 19:41:02,833][com.java.SeleniumDriver] [  832] - ------------------------------------------
[INFO ][2016-01-07 19:41:02,833][com.java.SeleniumDriver] [  833] - Test case being Executed: 3
[INFO ][2016-01-07 19:41:02,833][com.java.SeleniumDriver] [  845] - Test step:21
[INFO ][2016-01-07 19:41:02,833][com.java.SeleniumDriver] [  857] - Datavalue is----------vltest.robot@valuelabs.com
[INFO ][2016-01-07 19:41:02,833][com.java.SeleniumDriver] [  881] - DataField : TXTtxtEMail
[INFO ][2016-01-07 19:41:02,833][com.java.SeleniumDriver] [  883] - DataValue : vltest.robot@valuelabs.com
[INFO ][2016-01-07 19:41:02,833][com.java.SeleniumDriver] [  889] - <In Set values of the page>
[INFO ][2016-01-07 19:41:02,833][com.java.SeleniumDriver] [  892] - {Data Fields & Data Values Exist}
[INFO ][2016-01-07 19:41:02,833][com.java.SeleniumDriver] [  894] - --------------------------setting values-----------------------------
[INFO ][2016-01-07 19:41:02,833][com.java.SeleniumDriver] [  897] - Action Type : Enter
[INFO ][2016-01-07 19:41:02,833][com.java.TestType] [ 6696] - field = txtEMail
[INFO ][2016-01-07 19:41:02,833][com.java.TestType] [ 5895] - value = vltest.robot@valuelabs.com
[INFO ][2016-01-07 19:41:04,770][com.java.SeleniumDriver] [  906] -  RESULT true
[INFO ][2016-01-07 19:41:04,770][com.java.SeleniumDriver] [ 1112] - ?   P A S S   ?
[INFO ][2016-01-07 19:41:04,770][com.java.SeleniumDriver] [  832] - ------------------------------------------
[INFO ][2016-01-07 19:41:04,770][com.java.SeleniumDriver] [  833] - Test case being Executed: 3
[INFO ][2016-01-07 19:41:04,770][com.java.SeleniumDriver] [  845] - Test step:22
[INFO ][2016-01-07 19:41:04,770][com.java.SeleniumDriver] [  857] - Datavalue is----------5
[INFO ][2016-01-07 19:41:04,770][com.java.SeleniumDriver] [  881] - DataField : TXTtxtPhone
[INFO ][2016-01-07 19:41:04,770][com.java.SeleniumDriver] [  883] - DataValue : 5
[INFO ][2016-01-07 19:41:04,770][com.java.SeleniumDriver] [  889] - <In Set values of the page>
[INFO ][2016-01-07 19:41:04,770][com.java.SeleniumDriver] [  892] - {Data Fields & Data Values Exist}
[INFO ][2016-01-07 19:41:04,770][com.java.SeleniumDriver] [  894] - --------------------------setting values-----------------------------
[INFO ][2016-01-07 19:41:04,770][com.java.SeleniumDriver] [  897] - Action Type : WaitForElement
[INFO ][2016-01-07 19:41:05,924][com.java.SeleniumDriver] [  906] -  RESULT true
[INFO ][2016-01-07 19:41:05,924][com.java.SeleniumDriver] [ 1112] - ?   P A S S   ?
[INFO ][2016-01-07 19:41:05,924][com.java.SeleniumDriver] [  832] - ------------------------------------------
[INFO ][2016-01-07 19:41:05,924][com.java.SeleniumDriver] [  833] - Test case being Executed: 3
[INFO ][2016-01-07 19:41:05,924][com.java.SeleniumDriver] [  845] - Test step:23
[INFO ][2016-01-07 19:41:05,924][com.java.SeleniumDriver] [  857] - Datavalue is----------12345678901
[INFO ][2016-01-07 19:41:05,924][com.java.SeleniumDriver] [  881] - DataField : TXTtxtPhone
[INFO ][2016-01-07 19:41:05,924][com.java.SeleniumDriver] [  883] - DataValue : 12345678901
[INFO ][2016-01-07 19:41:05,924][com.java.SeleniumDriver] [  889] - <In Set values of the page>
[INFO ][2016-01-07 19:41:05,924][com.java.SeleniumDriver] [  892] - {Data Fields & Data Values Exist}
[INFO ][2016-01-07 19:41:05,924][com.java.SeleniumDriver] [  894] - --------------------------setting values-----------------------------
[INFO ][2016-01-07 19:41:05,924][com.java.SeleniumDriver] [  897] - Action Type : Enter
[INFO ][2016-01-07 19:41:05,924][com.java.TestType] [ 6696] - field = txtPhone
[INFO ][2016-01-07 19:41:05,924][com.java.TestType] [ 5895] - value = 12345678901
[INFO ][2016-01-07 19:41:07,488][com.java.SeleniumDriver] [  906] -  RESULT true
[INFO ][2016-01-07 19:41:07,488][com.java.SeleniumDriver] [ 1112] - ?   P A S S   ?
[INFO ][2016-01-07 19:41:07,488][com.java.SeleniumDriver] [  832] - ------------------------------------------
[INFO ][2016-01-07 19:41:07,488][com.java.SeleniumDriver] [  833] - Test case being Executed: 3
[INFO ][2016-01-07 19:41:07,488][com.java.SeleniumDriver] [  845] - Test step:24
[INFO ][2016-01-07 19:41:07,488][com.java.SeleniumDriver] [  857] - Datavalue is----------5
[INFO ][2016-01-07 19:41:07,488][com.java.SeleniumDriver] [  881] - DataField : TXTtxtPassword
[INFO ][2016-01-07 19:41:07,488][com.java.SeleniumDriver] [  883] - DataValue : 5
[INFO ][2016-01-07 19:41:07,488][com.java.SeleniumDriver] [  889] - <In Set values of the page>
[INFO ][2016-01-07 19:41:07,488][com.java.SeleniumDriver] [  892] - {Data Fields & Data Values Exist}
[INFO ][2016-01-07 19:41:07,488][com.java.SeleniumDriver] [  894] - --------------------------setting values-----------------------------
[INFO ][2016-01-07 19:41:07,488][com.java.SeleniumDriver] [  897] - Action Type : WaitForElement
[INFO ][2016-01-07 19:41:08,658][com.java.SeleniumDriver] [  906] -  RESULT true
[INFO ][2016-01-07 19:41:08,658][com.java.SeleniumDriver] [ 1112] - ?   P A S S   ?
[INFO ][2016-01-07 19:41:08,658][com.java.SeleniumDriver] [  832] - ------------------------------------------
[INFO ][2016-01-07 19:41:08,658][com.java.SeleniumDriver] [  833] - Test case being Executed: 3
[INFO ][2016-01-07 19:41:08,658][com.java.SeleniumDriver] [  845] - Test step:25
[INFO ][2016-01-07 19:41:08,658][com.java.SeleniumDriver] [  857] - Datavalue is----------dt:NewUserPswd
[INFO ][2016-01-07 19:41:08,658][com.java.SeleniumDriver] [  881] - DataField : TXTtxtPassword
[INFO ][2016-01-07 19:41:08,658][com.java.SeleniumDriver] [  883] - DataValue : dt:NewUserPswd
[INFO ][2016-01-07 19:41:08,658][com.java.SeleniumDriver] [  889] - <In Set values of the page>
[INFO ][2016-01-07 19:41:08,658][com.java.SeleniumDriver] [  892] - {Data Fields & Data Values Exist}
[INFO ][2016-01-07 19:41:08,658][com.java.SeleniumDriver] [  894] - --------------------------setting values-----------------------------
[INFO ][2016-01-07 19:41:08,658][com.java.SeleniumDriver] [  897] - Action Type : CLEARANDENTER
[INFO ][2016-01-07 19:41:08,658][com.java.TestType] [ 5895] - value = Password1*
[INFO ][2016-01-07 19:41:11,578][com.java.SeleniumDriver] [  906] -  RESULT true
[INFO ][2016-01-07 19:41:11,578][com.java.SeleniumDriver] [ 1112] - ?   P A S S   ?
[INFO ][2016-01-07 19:41:11,578][com.java.SeleniumDriver] [  832] - ------------------------------------------
[INFO ][2016-01-07 19:41:11,578][com.java.SeleniumDriver] [  833] - Test case being Executed: 3
[INFO ][2016-01-07 19:41:11,578][com.java.SeleniumDriver] [  845] - Test step:26
[INFO ][2016-01-07 19:41:11,578][com.java.SeleniumDriver] [  857] - Datavalue is----------5
[INFO ][2016-01-07 19:41:11,578][com.java.SeleniumDriver] [  881] - DataField : TXTtxtPasswordConfirm
[INFO ][2016-01-07 19:41:11,578][com.java.SeleniumDriver] [  883] - DataValue : 5
[INFO ][2016-01-07 19:41:11,578][com.java.SeleniumDriver] [  889] - <In Set values of the page>
[INFO ][2016-01-07 19:41:11,578][com.java.SeleniumDriver] [  892] - {Data Fields & Data Values Exist}
[INFO ][2016-01-07 19:41:11,578][com.java.SeleniumDriver] [  894] - --------------------------setting values-----------------------------
[INFO ][2016-01-07 19:41:11,578][com.java.SeleniumDriver] [  897] - Action Type : WaitForElement
[INFO ][2016-01-07 19:41:12,764][com.java.SeleniumDriver] [  906] -  RESULT true
[INFO ][2016-01-07 19:41:12,764][com.java.SeleniumDriver] [ 1112] - ?   P A S S   ?
[INFO ][2016-01-07 19:41:12,764][com.java.SeleniumDriver] [  832] - ------------------------------------------
[INFO ][2016-01-07 19:41:12,764][com.java.SeleniumDriver] [  833] - Test case being Executed: 3
[INFO ][2016-01-07 19:41:12,764][com.java.SeleniumDriver] [  845] - Test step:27
[INFO ][2016-01-07 19:41:12,764][com.java.SeleniumDriver] [  857] - Datavalue is----------dt:NewUserPswd
[INFO ][2016-01-07 19:41:12,764][com.java.SeleniumDriver] [  881] - DataField : TXTtxtPasswordConfirm
[INFO ][2016-01-07 19:41:12,764][com.java.SeleniumDriver] [  883] - DataValue : dt:NewUserPswd
[INFO ][2016-01-07 19:41:12,764][com.java.SeleniumDriver] [  889] - <In Set values of the page>
[INFO ][2016-01-07 19:41:12,764][com.java.SeleniumDriver] [  892] - {Data Fields & Data Values Exist}
[INFO ][2016-01-07 19:41:12,764][com.java.SeleniumDriver] [  894] - --------------------------setting values-----------------------------
[INFO ][2016-01-07 19:41:12,764][com.java.SeleniumDriver] [  897] - Action Type : CLEARANDENTER
[INFO ][2016-01-07 19:41:12,764][com.java.TestType] [ 5895] - value = Password1*
[INFO ][2016-01-07 19:41:15,700][com.java.SeleniumDriver] [  906] -  RESULT true
[INFO ][2016-01-07 19:41:15,700][com.java.SeleniumDriver] [ 1112] - ?   P A S S   ?
[INFO ][2016-01-07 19:41:15,700][com.java.SeleniumDriver] [  832] - ------------------------------------------
[INFO ][2016-01-07 19:41:15,700][com.java.SeleniumDriver] [  833] - Test case being Executed: 3
[INFO ][2016-01-07 19:41:15,700][com.java.SeleniumDriver] [  845] - Test step:28
[INFO ][2016-01-07 19:41:15,700][com.java.SeleniumDriver] [  857] - Datavalue is----------5
[INFO ][2016-01-07 19:41:15,700][com.java.SeleniumDriver] [  881] - DataField : test
[INFO ][2016-01-07 19:41:15,700][com.java.SeleniumDriver] [  883] - DataValue : 5
[INFO ][2016-01-07 19:41:15,700][com.java.SeleniumDriver] [  889] - <In Set values of the page>
[INFO ][2016-01-07 19:41:15,700][com.java.SeleniumDriver] [  892] - {Data Fields & Data Values Exist}
[INFO ][2016-01-07 19:41:15,700][com.java.SeleniumDriver] [  894] - --------------------------setting values-----------------------------
[INFO ][2016-01-07 19:41:15,700][com.java.SeleniumDriver] [  897] - Action Type : WaitTime
[DEBUG][2016-01-07 19:41:15,700][com.java.TestType] [ 5715] - sleepTime: 5000
[INFO ][2016-01-07 19:41:20,708][com.java.SeleniumDriver] [  906] -  RESULT true
[INFO ][2016-01-07 19:41:20,708][com.java.SeleniumDriver] [ 1112] - ?   P A S S   ?
[INFO ][2016-01-07 19:41:20,708][com.java.SeleniumDriver] [  832] - ------------------------------------------
[INFO ][2016-01-07 19:41:20,708][com.java.SeleniumDriver] [  833] - Test case being Executed: 3
[INFO ][2016-01-07 19:41:20,708][com.java.SeleniumDriver] [  845] - Test step:29
[INFO ][2016-01-07 19:41:20,708][com.java.SeleniumDriver] [  857] - Datavalue is----------null
[DEBUG][2016-01-07 19:41:20,708][com.java.SeleniumDriver] [  875] - Exception: null
[INFO ][2016-01-07 19:41:20,708][com.java.SeleniumDriver] [  881] - DataField : BTNparent
[INFO ][2016-01-07 19:41:20,708][com.java.SeleniumDriver] [  883] - DataValue : 
[INFO ][2016-01-07 19:41:20,708][com.java.SeleniumDriver] [  889] - <In Set values of the page>
[INFO ][2016-01-07 19:41:20,708][com.java.SeleniumDriver] [  892] - {Data Fields & Data Values Exist}
[INFO ][2016-01-07 19:41:20,708][com.java.SeleniumDriver] [  894] - --------------------------setting values-----------------------------
[INFO ][2016-01-07 19:41:20,708][com.java.SeleniumDriver] [  897] - Action Type : SelectFrame
[INFO ][2016-01-07 19:41:20,709][com.java.SeleniumDriver] [  906] -  RESULT true
[INFO ][2016-01-07 19:41:20,709][com.java.SeleniumDriver] [ 1112] - ?   P A S S   ?
[INFO ][2016-01-07 19:41:20,709][com.java.SeleniumDriver] [  832] - ------------------------------------------
[INFO ][2016-01-07 19:41:20,709][com.java.SeleniumDriver] [  833] - Test case being Executed: 3
[INFO ][2016-01-07 19:41:20,709][com.java.SeleniumDriver] [  845] - Test step:30
[INFO ][2016-01-07 19:41:20,709][com.java.SeleniumDriver] [  857] - Datavalue is----------null
[DEBUG][2016-01-07 19:41:20,709][com.java.SeleniumDriver] [  875] - Exception: null
[INFO ][2016-01-07 19:41:20,709][com.java.SeleniumDriver] [  881] - DataField : XPH//span[contains(text(), 'Finished')]
[INFO ][2016-01-07 19:41:20,709][com.java.SeleniumDriver] [  883] - DataValue : 
[INFO ][2016-01-07 19:41:20,709][com.java.SeleniumDriver] [  889] - <In Set values of the page>
[INFO ][2016-01-07 19:41:20,709][com.java.SeleniumDriver] [  892] - {Data Fields & Data Values Exist}
[INFO ][2016-01-07 19:41:20,709][com.java.SeleniumDriver] [  894] - --------------------------setting values-----------------------------
[INFO ][2016-01-07 19:41:20,709][com.java.SeleniumDriver] [  897] - Action Type : Click
[INFO ][2016-01-07 19:41:20,709][com.java.TestType] [ 6274] - Field ::XPH//span[contains(text(), 'Finished')]
[INFO ][2016-01-07 19:41:20,709][com.java.TestType] [ 5895] - value = 
[INFO ][2016-01-07 19:41:21,739][com.java.TestType] [ 6411] - BEFORE CLICK
[INFO ][2016-01-07 19:41:22,648][com.java.TestType] [ 6419] - Unable to click the object Finished button
[INFO ][2016-01-07 19:41:22,648][com.java.SeleniumDriver] [  906] -  RESULT true
[INFO ][2016-01-07 19:41:22,648][com.java.SeleniumDriver] [ 1112] - ?   P A S S   ?
[INFO ][2016-01-07 19:41:22,648][com.java.SeleniumDriver] [  832] - ------------------------------------------
[INFO ][2016-01-07 19:41:22,648][com.java.SeleniumDriver] [  833] - Test case being Executed: 3
[INFO ][2016-01-07 19:41:22,648][com.java.SeleniumDriver] [  845] - Test step:31
[INFO ][2016-01-07 19:41:22,648][com.java.SeleniumDriver] [  857] - Datavalue is----------5
[INFO ][2016-01-07 19:41:22,648][com.java.SeleniumDriver] [  881] - DataField : test
[INFO ][2016-01-07 19:41:22,648][com.java.SeleniumDriver] [  883] - DataValue : 5
[INFO ][2016-01-07 19:41:22,648][com.java.SeleniumDriver] [  889] - <In Set values of the page>
[INFO ][2016-01-07 19:41:22,648][com.java.SeleniumDriver] [  892] - {Data Fields & Data Values Exist}
[INFO ][2016-01-07 19:41:22,648][com.java.SeleniumDriver] [  894] - --------------------------setting values-----------------------------
[INFO ][2016-01-07 19:41:22,648][com.java.SeleniumDriver] [  897] - Action Type : WaitTime
[DEBUG][2016-01-07 19:41:22,648][com.java.TestType] [ 5715] - sleepTime: 5000
[INFO ][2016-01-07 19:41:27,659][com.java.SeleniumDriver] [  906] -  RESULT true
[INFO ][2016-01-07 19:41:27,659][com.java.SeleniumDriver] [ 1112] - ?   P A S S   ?
[INFO ][2016-01-07 19:41:27,659][com.java.SeleniumDriver] [  832] - ------------------------------------------
[INFO ][2016-01-07 19:41:27,659][com.java.SeleniumDriver] [  833] - Test case being Executed: 3
[INFO ][2016-01-07 19:41:27,659][com.java.SeleniumDriver] [  845] - Test step:32
[INFO ][2016-01-07 19:41:27,659][com.java.SeleniumDriver] [  857] - Datavalue is----------null
[DEBUG][2016-01-07 19:41:27,659][com.java.SeleniumDriver] [  875] - Exception: null
[INFO ][2016-01-07 19:41:27,659][com.java.SeleniumDriver] [  881] - DataField : XPH//span[contains(text(), 'Finished')]
[INFO ][2016-01-07 19:41:27,659][com.java.SeleniumDriver] [  883] - DataValue : 
[INFO ][2016-01-07 19:41:27,659][com.java.SeleniumDriver] [  889] - <In Set values of the page>
[INFO ][2016-01-07 19:41:27,659][com.java.SeleniumDriver] [  892] - {Data Fields & Data Values Exist}
[INFO ][2016-01-07 19:41:27,659][com.java.SeleniumDriver] [  894] - --------------------------setting values-----------------------------
[INFO ][2016-01-07 19:41:27,659][com.java.SeleniumDriver] [  897] - Action Type : Click
[INFO ][2016-01-07 19:41:27,659][com.java.TestType] [ 6274] - Field ::XPH//span[contains(text(), 'Finished')]
[INFO ][2016-01-07 19:41:27,659][com.java.TestType] [ 5895] - value = 
[INFO ][2016-01-07 19:41:28,674][com.java.TestType] [ 6411] - BEFORE CLICK
[INFO ][2016-01-07 19:41:34,212][com.java.TestType] [ 6419] - Unable to click the object Finished button
[INFO ][2016-01-07 19:41:34,212][com.java.SeleniumDriver] [  906] -  RESULT true
[INFO ][2016-01-07 19:41:34,212][com.java.SeleniumDriver] [ 1112] - ?   P A S S   ?
[INFO ][2016-01-07 19:41:34,212][com.java.SeleniumDriver] [  832] - ------------------------------------------
[INFO ][2016-01-07 19:41:34,212][com.java.SeleniumDriver] [  833] - Test case being Executed: 3
[INFO ][2016-01-07 19:41:34,212][com.java.SeleniumDriver] [  845] - Test step:33
[INFO ][2016-01-07 19:41:34,212][com.java.SeleniumDriver] [  857] - Datavalue is----------5
[INFO ][2016-01-07 19:41:34,212][com.java.SeleniumDriver] [  881] - DataField : BTNframeDialogContent
[INFO ][2016-01-07 19:41:34,212][com.java.SeleniumDriver] [  883] - DataValue : 5
[INFO ][2016-01-07 19:41:34,212][com.java.SeleniumDriver] [  889] - <In Set values of the page>
[INFO ][2016-01-07 19:41:34,212][com.java.SeleniumDriver] [  892] - {Data Fields & Data Values Exist}
[INFO ][2016-01-07 19:41:34,212][com.java.SeleniumDriver] [  894] - --------------------------setting values-----------------------------
[INFO ][2016-01-07 19:41:34,212][com.java.SeleniumDriver] [  897] - Action Type : WaitForElement
[INFO ][2016-01-07 19:41:35,430][com.java.SeleniumDriver] [  906] -  RESULT true
[INFO ][2016-01-07 19:41:35,430][com.java.SeleniumDriver] [ 1112] - ?   P A S S   ?
[INFO ][2016-01-07 19:41:35,430][com.java.SeleniumDriver] [  832] - ------------------------------------------
[INFO ][2016-01-07 19:41:35,430][com.java.SeleniumDriver] [  833] - Test case being Executed: 3
[INFO ][2016-01-07 19:41:35,430][com.java.SeleniumDriver] [  845] - Test step:34
[INFO ][2016-01-07 19:41:35,430][com.java.SeleniumDriver] [  857] - Datavalue is----------null
[DEBUG][2016-01-07 19:41:35,430][com.java.SeleniumDriver] [  875] - Exception: null
[INFO ][2016-01-07 19:41:35,430][com.java.SeleniumDriver] [  881] - DataField : BTNframeDialogContent
[INFO ][2016-01-07 19:41:35,430][com.java.SeleniumDriver] [  883] - DataValue : 
[INFO ][2016-01-07 19:41:35,430][com.java.SeleniumDriver] [  889] - <In Set values of the page>
[INFO ][2016-01-07 19:41:35,430][com.java.SeleniumDriver] [  892] - {Data Fields & Data Values Exist}
[INFO ][2016-01-07 19:41:35,430][com.java.SeleniumDriver] [  894] - --------------------------setting values-----------------------------
[INFO ][2016-01-07 19:41:35,430][com.java.SeleniumDriver] [  897] - Action Type : SelectFrame
[INFO ][2016-01-07 19:41:36,696][com.java.SeleniumDriver] [  906] -  RESULT true
[INFO ][2016-01-07 19:41:36,696][com.java.SeleniumDriver] [ 1112] - ?   P A S S   ?
[INFO ][2016-01-07 19:41:36,696][com.java.SeleniumDriver] [  832] - ------------------------------------------
[INFO ][2016-01-07 19:41:36,696][com.java.SeleniumDriver] [  833] - Test case being Executed: 3
[INFO ][2016-01-07 19:41:36,696][com.java.SeleniumDriver] [  845] - Test step:35
[INFO ][2016-01-07 19:41:36,696][com.java.SeleniumDriver] [  857] - Datavalue is----------null
[DEBUG][2016-01-07 19:41:36,696][com.java.SeleniumDriver] [  875] - Exception: null
[INFO ][2016-01-07 19:41:36,696][com.java.SeleniumDriver] [  881] - DataField : XPH//table[@id="tblUserListing"]//td[contains(text(),'vltest.robot')]
[INFO ][2016-01-07 19:41:36,696][com.java.SeleniumDriver] [  883] - DataValue : 
[INFO ][2016-01-07 19:41:36,696][com.java.SeleniumDriver] [  889] - <In Set values of the page>
[INFO ][2016-01-07 19:41:36,696][com.java.SeleniumDriver] [  892] - {Data Fields & Data Values Exist}
[INFO ][2016-01-07 19:41:36,696][com.java.SeleniumDriver] [  894] - --------------------------setting values-----------------------------
[INFO ][2016-01-07 19:41:36,696][com.java.SeleniumDriver] [  897] - Action Type : WaitForElement
[INFO ][2016-01-07 19:41:36,742][com.java.SeleniumDriver] [  906] -  RESULT true
[INFO ][2016-01-07 19:41:36,742][com.java.SeleniumDriver] [ 1112] - ?   P A S S   ?
[INFO ][2016-01-07 19:41:36,742][com.java.SeleniumDriver] [  832] - ------------------------------------------
[INFO ][2016-01-07 19:41:36,742][com.java.SeleniumDriver] [  833] - Test case being Executed: 3
[INFO ][2016-01-07 19:41:36,742][com.java.SeleniumDriver] [  845] - Test step:36
[INFO ][2016-01-07 19:41:36,742][com.java.SeleniumDriver] [  857] - Datavalue is----------HMVGivenNewUserName
[INFO ][2016-01-07 19:41:36,742][com.java.SeleniumDriver] [  881] - DataField : USR
[INFO ][2016-01-07 19:41:36,742][com.java.SeleniumDriver] [  883] - DataValue : HMVGivenNewUserName
[INFO ][2016-01-07 19:41:36,742][com.java.SeleniumDriver] [  889] - <In Set values of the page>
[INFO ][2016-01-07 19:41:36,742][com.java.SeleniumDriver] [  892] - {Data Fields & Data Values Exist}
[INFO ][2016-01-07 19:41:36,742][com.java.SeleniumDriver] [  894] - --------------------------setting values-----------------------------
[INFO ][2016-01-07 19:41:36,742][com.java.SeleniumDriver] [  897] - Action Type : Verify
[INFO ][2016-01-07 19:41:36,742][com.java.TestType] [ 7269] - field= USR value= HMVGivenNewUserName
[INFO ][2016-01-07 19:41:36,742][com.java.TestType] [ 5895] - value = vltest.robot48508
[INFO ][2016-01-07 19:41:36,805][com.java.SeleniumDriver] [  906] -  RESULT true
[INFO ][2016-01-07 19:41:36,805][com.java.SeleniumDriver] [ 1112] - ?   P A S S   ?
[INFO ][2016-01-07 19:41:36,805][com.java.SeleniumDriver] [  832] - ------------------------------------------
[INFO ][2016-01-07 19:41:36,805][com.java.SeleniumDriver] [  833] - Test case being Executed: 3
[INFO ][2016-01-07 19:41:36,805][com.java.SeleniumDriver] [  845] - Test step:37
[INFO ][2016-01-07 19:41:36,805][com.java.SeleniumDriver] [  857] - Datavalue is----------GivenNewUserName::Login_username
[INFO ][2016-01-07 19:41:36,805][com.java.SeleniumDriver] [  881] - DataField : PVP//table[@id="tblUserListing"]//td[contains(text(),'mytext')]
[INFO ][2016-01-07 19:41:36,805][com.java.SeleniumDriver] [  883] - DataValue : GivenNewUserName::Login_username
[INFO ][2016-01-07 19:41:36,805][com.java.SeleniumDriver] [  889] - <In Set values of the page>
[INFO ][2016-01-07 19:41:36,805][com.java.SeleniumDriver] [  892] - {Data Fields & Data Values Exist}
[INFO ][2016-01-07 19:41:36,805][com.java.SeleniumDriver] [  894] - --------------------------setting values-----------------------------
[INFO ][2016-01-07 19:41:36,805][com.java.SeleniumDriver] [  897] - Action Type : STOREVALUE
[INFO ][2016-01-07 19:41:36,805][com.java.TestType] [ 8612] - field= PVP//table[@id="tblUserListing"]//td[contains(text(),'mytext')]
[DEBUG][2016-01-07 19:41:36,930][com.java.TestType] [ 8903] - Key:: GivenNewUserName::Login_username  Value:: vltest.robot48508.15019
[INFO ][2016-01-07 19:41:36,930][com.java.SeleniumDriver] [  906] -  RESULT true
[INFO ][2016-01-07 19:41:36,930][com.java.SeleniumDriver] [ 1112] - ?   P A S S   ?
[INFO ][2016-01-07 19:41:36,930][com.java.SeleniumDriver] [  832] - ------------------------------------------
[INFO ][2016-01-07 19:41:36,930][com.java.SeleniumDriver] [  833] - Test case being Executed: 3
[INFO ][2016-01-07 19:41:36,930][com.java.SeleniumDriver] [  845] - Test step:38
[INFO ][2016-01-07 19:41:36,930][com.java.SeleniumDriver] [  857] - Datavalue is----------5
[INFO ][2016-01-07 19:41:36,930][com.java.SeleniumDriver] [  881] - DataField : null
[INFO ][2016-01-07 19:41:36,930][com.java.SeleniumDriver] [  883] - DataValue : 5
[INFO ][2016-01-07 19:41:36,930][com.java.SeleniumDriver] [  889] - <In Set values of the page>
[INFO ][2016-01-07 19:41:36,930][com.java.SeleniumDriver] [  892] - {Data Fields & Data Values Exist}
[INFO ][2016-01-07 19:41:36,930][com.java.SeleniumDriver] [  894] - --------------------------setting values-----------------------------
[INFO ][2016-01-07 19:41:36,930][com.java.SeleniumDriver] [  897] - Action Type : WAITTIME
[DEBUG][2016-01-07 19:41:36,930][com.java.TestType] [ 5715] - sleepTime: 5000
[INFO ][2016-01-07 19:41:41,937][com.java.SeleniumDriver] [  906] -  RESULT true
[INFO ][2016-01-07 19:41:41,937][com.java.SeleniumDriver] [ 1112] - ?   P A S S   ?
[INFO ][2016-01-07 19:41:41,937][com.java.SeleniumDriver] [  832] - ------------------------------------------
[INFO ][2016-01-07 19:41:41,937][com.java.SeleniumDriver] [  833] - Test case being Executed: 3
[INFO ][2016-01-07 19:41:41,937][com.java.SeleniumDriver] [  845] - Test step:39
[INFO ][2016-01-07 19:41:41,937][com.java.SeleniumDriver] [  857] - Datavalue is----------null
[DEBUG][2016-01-07 19:41:41,937][com.java.SeleniumDriver] [  875] - Exception: null
[INFO ][2016-01-07 19:41:41,937][com.java.SeleniumDriver] [  881] - DataField : BTNbtnAddUser
[INFO ][2016-01-07 19:41:41,937][com.java.SeleniumDriver] [  883] - DataValue : 
[INFO ][2016-01-07 19:41:41,937][com.java.SeleniumDriver] [  889] - <In Set values of the page>
[INFO ][2016-01-07 19:41:41,937][com.java.SeleniumDriver] [  892] - {Data Fields & Data Values Exist}
[INFO ][2016-01-07 19:41:41,937][com.java.SeleniumDriver] [  894] - --------------------------setting values-----------------------------
[INFO ][2016-01-07 19:41:41,937][com.java.SeleniumDriver] [  897] - Action Type : WaitForElement
[INFO ][2016-01-07 19:41:43,576][com.java.SeleniumDriver] [  906] -  RESULT true
[INFO ][2016-01-07 19:41:43,576][com.java.SeleniumDriver] [ 1112] - ?   P A S S   ?
[INFO ][2016-01-07 19:41:43,576][com.java.SeleniumDriver] [  832] - ------------------------------------------
[INFO ][2016-01-07 19:41:43,576][com.java.SeleniumDriver] [  833] - Test case being Executed: 3
[INFO ][2016-01-07 19:41:43,576][com.java.SeleniumDriver] [  845] - Test step:40
[INFO ][2016-01-07 19:41:43,576][com.java.SeleniumDriver] [  857] - Datavalue is----------Login_username
[INFO ][2016-01-07 19:41:43,576][com.java.SeleniumDriver] [  881] - DataField : MNC//div[@id="divUserListing"]//td//a[@id='modifyUser.mytext']
[INFO ][2016-01-07 19:41:43,576][com.java.SeleniumDriver] [  883] - DataValue : Login_username
[INFO ][2016-01-07 19:41:43,576][com.java.SeleniumDriver] [  889] - <In Set values of the page>
[INFO ][2016-01-07 19:41:43,576][com.java.SeleniumDriver] [  892] - {Data Fields & Data Values Exist}
[INFO ][2016-01-07 19:41:43,576][com.java.SeleniumDriver] [  894] - --------------------------setting values-----------------------------
[INFO ][2016-01-07 19:41:43,576][com.java.SeleniumDriver] [  897] - Action Type : CLICK
[INFO ][2016-01-07 19:41:43,576][com.java.TestType] [ 6274] - Field ::MNC//div[@id="divUserListing"]//td//a[@id='modifyUser.mytext']
[INFO ][2016-01-07 19:41:43,576][com.java.TestType] [ 5895] - value = Login_username
[INFO ][2016-01-07 19:41:44,935][com.java.SeleniumDriver] [  906] -  RESULT true
[INFO ][2016-01-07 19:41:44,935][com.java.SeleniumDriver] [ 1112] - ?   P A S S   ?
[INFO ][2016-01-07 19:41:44,935][com.java.SeleniumDriver] [  832] - ------------------------------------------
[INFO ][2016-01-07 19:41:44,935][com.java.SeleniumDriver] [  833] - Test case being Executed: 3
[INFO ][2016-01-07 19:41:44,935][com.java.SeleniumDriver] [  845] - Test step:41
[INFO ][2016-01-07 19:41:44,935][com.java.SeleniumDriver] [  857] - Datavalue is----------5
[INFO ][2016-01-07 19:41:44,935][com.java.SeleniumDriver] [  881] - DataField : null
[INFO ][2016-01-07 19:41:44,935][com.java.SeleniumDriver] [  883] - DataValue : 5
[INFO ][2016-01-07 19:41:44,935][com.java.SeleniumDriver] [  889] - <In Set values of the page>
[INFO ][2016-01-07 19:41:44,935][com.java.SeleniumDriver] [  892] - {Data Fields & Data Values Exist}
[INFO ][2016-01-07 19:41:44,935][com.java.SeleniumDriver] [  894] - --------------------------setting values-----------------------------
[INFO ][2016-01-07 19:41:44,935][com.java.SeleniumDriver] [  897] - Action Type : WAITTIME
[DEBUG][2016-01-07 19:41:44,935][com.java.TestType] [ 5715] - sleepTime: 5000
[INFO ][2016-01-07 19:41:49,943][com.java.SeleniumDriver] [  906] -  RESULT true
[INFO ][2016-01-07 19:41:49,943][com.java.SeleniumDriver] [ 1112] - ?   P A S S   ?
[INFO ][2016-01-07 19:41:49,943][com.java.SeleniumDriver] [  832] - ------------------------------------------
[INFO ][2016-01-07 19:41:49,943][com.java.SeleniumDriver] [  833] - Test case being Executed: 3
[INFO ][2016-01-07 19:41:49,943][com.java.SeleniumDriver] [  845] - Test step:42
[INFO ][2016-01-07 19:41:49,943][com.java.SeleniumDriver] [  857] - Datavalue is----------null
[DEBUG][2016-01-07 19:41:49,943][com.java.SeleniumDriver] [  875] - Exception: null
[INFO ][2016-01-07 19:41:49,943][com.java.SeleniumDriver] [  881] - DataField : BTNbtnAccess
[INFO ][2016-01-07 19:41:49,943][com.java.SeleniumDriver] [  883] - DataValue : 
[INFO ][2016-01-07 19:41:49,943][com.java.SeleniumDriver] [  889] - <In Set values of the page>
[INFO ][2016-01-07 19:41:49,943][com.java.SeleniumDriver] [  892] - {Data Fields & Data Values Exist}
[INFO ][2016-01-07 19:41:49,943][com.java.SeleniumDriver] [  894] - --------------------------setting values-----------------------------
[INFO ][2016-01-07 19:41:49,943][com.java.SeleniumDriver] [  897] - Action Type : CLICK
[INFO ][2016-01-07 19:41:49,943][com.java.TestType] [ 6274] - Field ::BTNbtnAccess
[INFO ][2016-01-07 19:41:49,943][com.java.TestType] [ 5895] - value = 
[INFO ][2016-01-07 19:41:50,958][com.java.TestType] [ 6390] - BEFORE CLICK
[INFO ][2016-01-07 19:41:56,247][com.java.TestType] [ 6397] - Unable to click the object Set Access button
[INFO ][2016-01-07 19:41:56,247][com.java.SeleniumDriver] [  906] -  RESULT true
[INFO ][2016-01-07 19:41:56,247][com.java.SeleniumDriver] [ 1112] - ?   P A S S   ?
[INFO ][2016-01-07 19:41:56,247][com.java.SeleniumDriver] [  832] - ------------------------------------------
[INFO ][2016-01-07 19:41:56,247][com.java.SeleniumDriver] [  833] - Test case being Executed: 3
[INFO ][2016-01-07 19:41:56,247][com.java.SeleniumDriver] [  845] - Test step:43
[INFO ][2016-01-07 19:41:56,247][com.java.SeleniumDriver] [  857] - Datavalue is----------null
[DEBUG][2016-01-07 19:41:56,247][com.java.SeleniumDriver] [  875] - Exception: null
[INFO ][2016-01-07 19:41:56,247][com.java.SeleniumDriver] [  881] - DataField : BTN//select[@id='ddlEntityAccess']//option[2]
[INFO ][2016-01-07 19:41:56,247][com.java.SeleniumDriver] [  883] - DataValue : 
[INFO ][2016-01-07 19:41:56,247][com.java.SeleniumDriver] [  889] - <In Set values of the page>
[INFO ][2016-01-07 19:41:56,247][com.java.SeleniumDriver] [  892] - {Data Fields & Data Values Exist}
[INFO ][2016-01-07 19:41:56,247][com.java.SeleniumDriver] [  894] - --------------------------setting values-----------------------------
[INFO ][2016-01-07 19:41:56,247][com.java.SeleniumDriver] [  897] - Action Type : CLICK
[INFO ][2016-01-07 19:41:56,247][com.java.TestType] [ 6274] - Field ::BTN//select[@id='ddlEntityAccess']//option[2]
[INFO ][2016-01-07 19:41:56,247][com.java.TestType] [ 5895] - value = 
[INFO ][2016-01-07 19:41:57,262][com.java.TestType] [ 6390] - BEFORE CLICK
[ERROR][2016-01-07 19:42:17,979][com.java.TestType] [ 6608] - Exception in click:: null
[INFO ][2016-01-07 19:42:17,979][com.java.TestType] [ 6612] - Element :://select[@id='ddlEntityAccess']//option[2]:: not found
[INFO ][2016-01-07 19:42:17,979][com.java.SeleniumDriver] [  906] -  RESULT false
[INFO ][2016-01-07 19:42:17,979][com.java.SeleniumDriver] [  953] - ?   F A I L   ?
[INFO ][2016-01-07 19:42:17,979][com.java.SeleniumDriver] [  961] - Browser Type : IE10
[INFO ][2016-01-07 19:42:17,979][com.java.SeleniumDriver] [  962] - Adding Failed case3
[DEBUG][2016-01-07 19:42:18,463][com.java.SeleniumDriver] [ 1030] -  tdd.getCondition() IF:45:Next
[INFO ][2016-01-07 19:42:18,463][com.java.SeleniumDriver] [ 1034] - Continue next step...
[INFO ][2016-01-07 19:42:18,463][com.java.SeleniumDriver] [  832] - ------------------------------------------
[INFO ][2016-01-07 19:42:18,463][com.java.SeleniumDriver] [  833] - Test case being Executed: 3
[INFO ][2016-01-07 19:42:18,463][com.java.SeleniumDriver] [  845] - Test step:44
[INFO ][2016-01-07 19:42:18,463][com.java.SeleniumDriver] [  857] - Datavalue is----------null
[DEBUG][2016-01-07 19:42:18,463][com.java.SeleniumDriver] [  875] - Exception: null
[INFO ][2016-01-07 19:42:18,463][com.java.SeleniumDriver] [  881] - DataField : BTN//select[@id='ddlEntityAccess']//option[1]
[INFO ][2016-01-07 19:42:18,463][com.java.SeleniumDriver] [  883] - DataValue : 
[INFO ][2016-01-07 19:42:18,463][com.java.SeleniumDriver] [  889] - <In Set values of the page>
[INFO ][2016-01-07 19:42:18,463][com.java.SeleniumDriver] [  892] - {Data Fields & Data Values Exist}
[INFO ][2016-01-07 19:42:18,463][com.java.SeleniumDriver] [  894] - --------------------------setting values-----------------------------
[INFO ][2016-01-07 19:42:18,463][com.java.SeleniumDriver] [  897] - Action Type : CLICK
[INFO ][2016-01-07 19:42:18,463][com.java.TestType] [ 6274] - Field ::BTN//select[@id='ddlEntityAccess']//option[1]
[INFO ][2016-01-07 19:42:18,463][com.java.TestType] [ 5895] - value = 
[INFO ][2016-01-07 19:42:19,477][com.java.TestType] [ 6390] - BEFORE CLICK
[INFO ][2016-01-07 19:42:19,587][com.java.TestType] [ 6397] - Unable to click the object Bank entity
[INFO ][2016-01-07 19:42:19,587][com.java.SeleniumDriver] [  906] -  RESULT true
[INFO ][2016-01-07 19:42:19,587][com.java.SeleniumDriver] [ 1112] - ?   P A S S   ?
[INFO ][2016-01-07 19:42:19,587][com.java.SeleniumDriver] [  832] - ------------------------------------------
[INFO ][2016-01-07 19:42:19,587][com.java.SeleniumDriver] [  833] - Test case being Executed: 3
[INFO ][2016-01-07 19:42:19,587][com.java.SeleniumDriver] [  845] - Test step:45
[INFO ][2016-01-07 19:42:19,587][com.java.SeleniumDriver] [  857] - Datavalue is----------null
[DEBUG][2016-01-07 19:42:19,587][com.java.SeleniumDriver] [  875] - Exception: null
[INFO ][2016-01-07 19:42:19,587][com.java.SeleniumDriver] [  881] - DataField : BTNrdoEnableEntity_Enable
[INFO ][2016-01-07 19:42:19,587][com.java.SeleniumDriver] [  883] - DataValue : 
[INFO ][2016-01-07 19:42:19,587][com.java.SeleniumDriver] [  889] - <In Set values of the page>
[INFO ][2016-01-07 19:42:19,587][com.java.SeleniumDriver] [  892] - {Data Fields & Data Values Exist}
[INFO ][2016-01-07 19:42:19,587][com.java.SeleniumDriver] [  894] - --------------------------setting values-----------------------------
[INFO ][2016-01-07 19:42:19,587][com.java.SeleniumDriver] [  897] - Action Type : CLICK
[INFO ][2016-01-07 19:42:19,587][com.java.TestType] [ 6274] - Field ::BTNrdoEnableEntity_Enable
[INFO ][2016-01-07 19:42:19,587][com.java.TestType] [ 5895] - value = 
[INFO ][2016-01-07 19:42:20,601][com.java.TestType] [ 6390] - BEFORE CLICK
[INFO ][2016-01-07 19:42:22,006][com.java.TestType] [ 6397] - Unable to click the object Enable radio button
[INFO ][2016-01-07 19:42:22,006][com.java.SeleniumDriver] [  906] -  RESULT true
[INFO ][2016-01-07 19:42:22,006][com.java.SeleniumDriver] [ 1112] - ?   P A S S   ?
[INFO ][2016-01-07 19:42:22,006][com.java.SeleniumDriver] [  832] - ------------------------------------------
[INFO ][2016-01-07 19:42:22,006][com.java.SeleniumDriver] [  833] - Test case being Executed: 3
[INFO ][2016-01-07 19:42:22,006][com.java.SeleniumDriver] [  845] - Test step:46
[INFO ][2016-01-07 19:42:22,006][com.java.SeleniumDriver] [  857] - Datavalue is----------null
[DEBUG][2016-01-07 19:42:22,006][com.java.SeleniumDriver] [  875] - Exception: null
[INFO ][2016-01-07 19:42:22,006][com.java.SeleniumDriver] [  881] - DataField : BTNchkGlobalPrivsUserAdmin
[INFO ][2016-01-07 19:42:22,006][com.java.SeleniumDriver] [  883] - DataValue : 
[INFO ][2016-01-07 19:42:22,006][com.java.SeleniumDriver] [  889] - <In Set values of the page>
[INFO ][2016-01-07 19:42:22,006][com.java.SeleniumDriver] [  892] - {Data Fields & Data Values Exist}
[INFO ][2016-01-07 19:42:22,006][com.java.SeleniumDriver] [  894] - --------------------------setting values-----------------------------
[INFO ][2016-01-07 19:42:22,006][com.java.SeleniumDriver] [  897] - Action Type : CLICK
[INFO ][2016-01-07 19:42:22,006][com.java.TestType] [ 6274] - Field ::BTNchkGlobalPrivsUserAdmin
[INFO ][2016-01-07 19:42:22,006][com.java.TestType] [ 5895] - value = 
[INFO ][2016-01-07 19:42:23,020][com.java.TestType] [ 6390] - BEFORE CLICK
[INFO ][2016-01-07 19:42:24,302][com.java.TestType] [ 6397] - Unable to click the object User Admin check box
[INFO ][2016-01-07 19:42:24,302][com.java.SeleniumDriver] [  906] -  RESULT true
[INFO ][2016-01-07 19:42:24,302][com.java.SeleniumDriver] [ 1112] - ?   P A S S   ?
[INFO ][2016-01-07 19:42:24,302][com.java.SeleniumDriver] [  832] - ------------------------------------------
[INFO ][2016-01-07 19:42:24,302][com.java.SeleniumDriver] [  833] - Test case being Executed: 3
[INFO ][2016-01-07 19:42:24,302][com.java.SeleniumDriver] [  845] - Test step:47
[INFO ][2016-01-07 19:42:24,302][com.java.SeleniumDriver] [  857] - Datavalue is----------null
[DEBUG][2016-01-07 19:42:24,302][com.java.SeleniumDriver] [  875] - Exception: null
[INFO ][2016-01-07 19:42:24,302][com.java.SeleniumDriver] [  881] - DataField : BTNchkGlobalPrivsDocumentVaultAdmin
[INFO ][2016-01-07 19:42:24,302][com.java.SeleniumDriver] [  883] - DataValue : 
[INFO ][2016-01-07 19:42:24,302][com.java.SeleniumDriver] [  889] - <In Set values of the page>
[INFO ][2016-01-07 19:42:24,302][com.java.SeleniumDriver] [  892] - {Data Fields & Data Values Exist}
[INFO ][2016-01-07 19:42:24,302][com.java.SeleniumDriver] [  894] - --------------------------setting values-----------------------------
[INFO ][2016-01-07 19:42:24,302][com.java.SeleniumDriver] [  897] - Action Type : CLICK
[INFO ][2016-01-07 19:42:24,302][com.java.TestType] [ 6274] - Field ::BTNchkGlobalPrivsDocumentVaultAdmin
[INFO ][2016-01-07 19:42:24,302][com.java.TestType] [ 5895] - value = 
[INFO ][2016-01-07 19:42:25,316][com.java.TestType] [ 6390] - BEFORE CLICK
[INFO ][2016-01-07 19:42:26,596][com.java.TestType] [ 6397] - Unable to click the object Document Vault Admin box
[INFO ][2016-01-07 19:42:26,596][com.java.SeleniumDriver] [  906] -  RESULT true
[INFO ][2016-01-07 19:42:26,596][com.java.SeleniumDriver] [ 1112] - ?   P A S S   ?
[INFO ][2016-01-07 19:42:26,596][com.java.SeleniumDriver] [  832] - ------------------------------------------
[INFO ][2016-01-07 19:42:26,596][com.java.SeleniumDriver] [  833] - Test case being Executed: 3
[INFO ][2016-01-07 19:42:26,596][com.java.SeleniumDriver] [  845] - Test step:48
[INFO ][2016-01-07 19:42:26,596][com.java.SeleniumDriver] [  857] - Datavalue is----------null
[DEBUG][2016-01-07 19:42:26,596][com.java.SeleniumDriver] [  875] - Exception: null
[INFO ][2016-01-07 19:42:26,596][com.java.SeleniumDriver] [  881] - DataField : BTNchkGlobalPrivsTabletApp
[INFO ][2016-01-07 19:42:26,596][com.java.SeleniumDriver] [  883] - DataValue : 
[INFO ][2016-01-07 19:42:26,596][com.java.SeleniumDriver] [  889] - <In Set values of the page>
[INFO ][2016-01-07 19:42:26,596][com.java.SeleniumDriver] [  892] - {Data Fields & Data Values Exist}
[INFO ][2016-01-07 19:42:26,596][com.java.SeleniumDriver] [  894] - --------------------------setting values-----------------------------
[INFO ][2016-01-07 19:42:26,596][com.java.SeleniumDriver] [  897] - Action Type : CLICK
[INFO ][2016-01-07 19:42:26,596][com.java.TestType] [ 6274] - Field ::BTNchkGlobalPrivsTabletApp
[INFO ][2016-01-07 19:42:26,596][com.java.TestType] [ 5895] - value = 
[INFO ][2016-01-07 19:42:27,610][com.java.TestType] [ 6390] - BEFORE CLICK
[INFO ][2016-01-07 19:42:28,890][com.java.TestType] [ 6397] - Unable to click the object Allow Tablet App Access
[INFO ][2016-01-07 19:42:28,890][com.java.SeleniumDriver] [  906] -  RESULT true
[INFO ][2016-01-07 19:42:28,890][com.java.SeleniumDriver] [ 1112] - ?   P A S S   ?
[INFO ][2016-01-07 19:42:28,890][com.java.SeleniumDriver] [  832] - ------------------------------------------
[INFO ][2016-01-07 19:42:28,890][com.java.SeleniumDriver] [  833] - Test case being Executed: 3
[INFO ][2016-01-07 19:42:28,890][com.java.SeleniumDriver] [  845] - Test step:49
[INFO ][2016-01-07 19:42:28,890][com.java.SeleniumDriver] [  857] - Datavalue is----------null
[DEBUG][2016-01-07 19:42:28,890][com.java.SeleniumDriver] [  875] - Exception: null
[INFO ][2016-01-07 19:42:28,890][com.java.SeleniumDriver] [  881] - DataField : BTNchkProfitCenterAll
[INFO ][2016-01-07 19:42:28,890][com.java.SeleniumDriver] [  883] - DataValue : 
[INFO ][2016-01-07 19:42:28,890][com.java.SeleniumDriver] [  889] - <In Set values of the page>
[INFO ][2016-01-07 19:42:28,890][com.java.SeleniumDriver] [  892] - {Data Fields & Data Values Exist}
[INFO ][2016-01-07 19:42:28,890][com.java.SeleniumDriver] [  894] - --------------------------setting values-----------------------------
[INFO ][2016-01-07 19:42:28,890][com.java.SeleniumDriver] [  897] - Action Type : CLICK
[INFO ][2016-01-07 19:42:28,890][com.java.TestType] [ 6274] - Field ::BTNchkProfitCenterAll
[INFO ][2016-01-07 19:42:28,890][com.java.TestType] [ 5895] - value = 
[INFO ][2016-01-07 19:42:29,904][com.java.TestType] [ 6390] - BEFORE CLICK
[INFO ][2016-01-07 19:42:31,247][com.java.TestType] [ 6397] - Unable to click the object All Check box
[INFO ][2016-01-07 19:42:31,247][com.java.SeleniumDriver] [  906] -  RESULT true
[INFO ][2016-01-07 19:42:31,247][com.java.SeleniumDriver] [ 1112] - ?   P A S S   ?
[INFO ][2016-01-07 19:42:31,247][com.java.SeleniumDriver] [  832] - ------------------------------------------
[INFO ][2016-01-07 19:42:31,247][com.java.SeleniumDriver] [  833] - Test case being Executed: 3
[INFO ][2016-01-07 19:42:31,247][com.java.SeleniumDriver] [  845] - Test step:50
[INFO ][2016-01-07 19:42:31,247][com.java.SeleniumDriver] [  857] - Datavalue is----------null
[DEBUG][2016-01-07 19:42:31,247][com.java.SeleniumDriver] [  875] - Exception: null
[INFO ][2016-01-07 19:42:31,247][com.java.SeleniumDriver] [  881] - DataField : BTNchkPrivsAccessGL
[INFO ][2016-01-07 19:42:31,247][com.java.SeleniumDriver] [  883] - DataValue : 
[INFO ][2016-01-07 19:42:31,247][com.java.SeleniumDriver] [  889] - <In Set values of the page>
[INFO ][2016-01-07 19:42:31,247][com.java.SeleniumDriver] [  892] - {Data Fields & Data Values Exist}
[INFO ][2016-01-07 19:42:31,247][com.java.SeleniumDriver] [  894] - --------------------------setting values-----------------------------
[INFO ][2016-01-07 19:42:31,247][com.java.SeleniumDriver] [  897] - Action Type : CLICK
[INFO ][2016-01-07 19:42:31,247][com.java.TestType] [ 6274] - Field ::BTNchkPrivsAccessGL
[INFO ][2016-01-07 19:42:31,247][com.java.TestType] [ 5895] - value = 
[INFO ][2016-01-07 19:42:32,261][com.java.TestType] [ 6390] - BEFORE CLICK
[INFO ][2016-01-07 19:42:33,587][com.java.TestType] [ 6397] - Unable to click the object GL check box
[INFO ][2016-01-07 19:42:33,587][com.java.SeleniumDriver] [  906] -  RESULT true
[INFO ][2016-01-07 19:42:33,587][com.java.SeleniumDriver] [ 1112] - ?   P A S S   ?
[INFO ][2016-01-07 19:42:33,587][com.java.SeleniumDriver] [  832] - ------------------------------------------
[INFO ][2016-01-07 19:42:33,587][com.java.SeleniumDriver] [  833] - Test case being Executed: 3
[INFO ][2016-01-07 19:42:33,587][com.java.SeleniumDriver] [  845] - Test step:51
[INFO ][2016-01-07 19:42:33,587][com.java.SeleniumDriver] [  857] - Datavalue is----------null
[DEBUG][2016-01-07 19:42:33,587][com.java.SeleniumDriver] [  875] - Exception: null
[INFO ][2016-01-07 19:42:33,587][com.java.SeleniumDriver] [  881] - DataField : BTNchkPrivsAccessAL
[INFO ][2016-01-07 19:42:33,587][com.java.SeleniumDriver] [  883] - DataValue : 
[INFO ][2016-01-07 19:42:33,587][com.java.SeleniumDriver] [  889] - <In Set values of the page>
[INFO ][2016-01-07 19:42:33,587][com.java.SeleniumDriver] [  892] - {Data Fields & Data Values Exist}
[INFO ][2016-01-07 19:42:33,587][com.java.SeleniumDriver] [  894] - --------------------------setting values-----------------------------
[INFO ][2016-01-07 19:42:33,587][com.java.SeleniumDriver] [  897] - Action Type : CLICK
[INFO ][2016-01-07 19:42:33,587][com.java.TestType] [ 6274] - Field ::BTNchkPrivsAccessAL
[INFO ][2016-01-07 19:42:33,587][com.java.TestType] [ 5895] - value = 
[INFO ][2016-01-07 19:42:34,601][com.java.TestType] [ 6390] - BEFORE CLICK
[INFO ][2016-01-07 19:42:35,960][com.java.TestType] [ 6397] - Unable to click the object Access A/L box
[INFO ][2016-01-07 19:42:35,960][com.java.SeleniumDriver] [  906] -  RESULT true
[INFO ][2016-01-07 19:42:35,960][com.java.SeleniumDriver] [ 1112] - ?   P A S S   ?
[INFO ][2016-01-07 19:42:35,960][com.java.SeleniumDriver] [  832] - ------------------------------------------
[INFO ][2016-01-07 19:42:35,960][com.java.SeleniumDriver] [  833] - Test case being Executed: 3
[INFO ][2016-01-07 19:42:35,960][com.java.SeleniumDriver] [  845] - Test step:52
[INFO ][2016-01-07 19:42:35,960][com.java.SeleniumDriver] [  857] - Datavalue is----------null
[DEBUG][2016-01-07 19:42:35,960][com.java.SeleniumDriver] [  875] - Exception: null
[INFO ][2016-01-07 19:42:35,960][com.java.SeleniumDriver] [  881] - DataField : BTNchkPrivsParamsAdmin
[INFO ][2016-01-07 19:42:35,960][com.java.SeleniumDriver] [  883] - DataValue : 
[INFO ][2016-01-07 19:42:35,960][com.java.SeleniumDriver] [  889] - <In Set values of the page>
[INFO ][2016-01-07 19:42:35,960][com.java.SeleniumDriver] [  892] - {Data Fields & Data Values Exist}
[INFO ][2016-01-07 19:42:35,960][com.java.SeleniumDriver] [  894] - --------------------------setting values-----------------------------
[INFO ][2016-01-07 19:42:35,960][com.java.SeleniumDriver] [  897] - Action Type : CLICK
[INFO ][2016-01-07 19:42:35,960][com.java.TestType] [ 6274] - Field ::BTNchkPrivsParamsAdmin
[INFO ][2016-01-07 19:42:35,960][com.java.TestType] [ 5895] - value = 
[INFO ][2016-01-07 19:42:36,974][com.java.TestType] [ 6390] - BEFORE CLICK
[INFO ][2016-01-07 19:42:38,332][com.java.TestType] [ 6397] - Unable to click the object Parameters Admin box
[INFO ][2016-01-07 19:42:38,332][com.java.SeleniumDriver] [  906] -  RESULT true
[INFO ][2016-01-07 19:42:38,332][com.java.SeleniumDriver] [ 1112] - ?   P A S S   ?
[INFO ][2016-01-07 19:42:38,332][com.java.SeleniumDriver] [  832] - ------------------------------------------
[INFO ][2016-01-07 19:42:38,332][com.java.SeleniumDriver] [  833] - Test case being Executed: 3
[INFO ][2016-01-07 19:42:38,332][com.java.SeleniumDriver] [  845] - Test step:53
[INFO ][2016-01-07 19:42:38,332][com.java.SeleniumDriver] [  857] - Datavalue is----------null
[DEBUG][2016-01-07 19:42:38,332][com.java.SeleniumDriver] [  875] - Exception: null
[INFO ][2016-01-07 19:42:38,332][com.java.SeleniumDriver] [  881] - DataField : BTNchkPrivsDesignBoardPackage
[INFO ][2016-01-07 19:42:38,332][com.java.SeleniumDriver] [  883] - DataValue : 
[INFO ][2016-01-07 19:42:38,332][com.java.SeleniumDriver] [  889] - <In Set values of the page>
[INFO ][2016-01-07 19:42:38,332][com.java.SeleniumDriver] [  892] - {Data Fields & Data Values Exist}
[INFO ][2016-01-07 19:42:38,332][com.java.SeleniumDriver] [  894] - --------------------------setting values-----------------------------
[INFO ][2016-01-07 19:42:38,332][com.java.SeleniumDriver] [  897] - Action Type : CLICK
[INFO ][2016-01-07 19:42:38,332][com.java.TestType] [ 6274] - Field ::BTNchkPrivsDesignBoardPackage
[INFO ][2016-01-07 19:42:38,332][com.java.TestType] [ 5895] - value = 
[INFO ][2016-01-07 19:42:39,346][com.java.TestType] [ 6390] - BEFORE CLICK
[INFO ][2016-01-07 19:42:40,704][com.java.TestType] [ 6397] - Unable to click the object Design Board Package box
[INFO ][2016-01-07 19:42:40,704][com.java.SeleniumDriver] [  906] -  RESULT true
[INFO ][2016-01-07 19:42:40,704][com.java.SeleniumDriver] [ 1112] - ?   P A S S   ?
[INFO ][2016-01-07 19:42:40,704][com.java.SeleniumDriver] [  832] - ------------------------------------------
[INFO ][2016-01-07 19:42:40,704][com.java.SeleniumDriver] [  833] - Test case being Executed: 3
[INFO ][2016-01-07 19:42:40,704][com.java.SeleniumDriver] [  845] - Test step:54
[INFO ][2016-01-07 19:42:40,704][com.java.SeleniumDriver] [  857] - Datavalue is----------null
[DEBUG][2016-01-07 19:42:40,704][com.java.SeleniumDriver] [  875] - Exception: null
[INFO ][2016-01-07 19:42:40,704][com.java.SeleniumDriver] [  881] - DataField : BTNchkPrivsProjectionsAdmin
[INFO ][2016-01-07 19:42:40,704][com.java.SeleniumDriver] [  883] - DataValue : 
[INFO ][2016-01-07 19:42:40,704][com.java.SeleniumDriver] [  889] - <In Set values of the page>
[INFO ][2016-01-07 19:42:40,704][com.java.SeleniumDriver] [  892] - {Data Fields & Data Values Exist}
[INFO ][2016-01-07 19:42:40,704][com.java.SeleniumDriver] [  894] - --------------------------setting values-----------------------------
[INFO ][2016-01-07 19:42:40,704][com.java.SeleniumDriver] [  897] - Action Type : CLICK
[INFO ][2016-01-07 19:42:40,704][com.java.TestType] [ 6274] - Field ::BTNchkPrivsProjectionsAdmin
[INFO ][2016-01-07 19:42:40,704][com.java.TestType] [ 5895] - value = 
[INFO ][2016-01-07 19:42:41,718][com.java.TestType] [ 6390] - BEFORE CLICK
[INFO ][2016-01-07 19:42:42,998][com.java.TestType] [ 6397] - Unable to click the object Projections Admin box
[INFO ][2016-01-07 19:42:42,998][com.java.SeleniumDriver] [  906] -  RESULT true
[INFO ][2016-01-07 19:42:42,998][com.java.SeleniumDriver] [ 1112] - ?   P A S S   ?
[INFO ][2016-01-07 19:42:42,998][com.java.SeleniumDriver] [  832] - ------------------------------------------
[INFO ][2016-01-07 19:42:42,998][com.java.SeleniumDriver] [  833] - Test case being Executed: 3
[INFO ][2016-01-07 19:42:42,998][com.java.SeleniumDriver] [  845] - Test step:55
[INFO ][2016-01-07 19:42:42,998][com.java.SeleniumDriver] [  857] - Datavalue is----------null
[DEBUG][2016-01-07 19:42:42,998][com.java.SeleniumDriver] [  875] - Exception: null
[INFO ][2016-01-07 19:42:42,998][com.java.SeleniumDriver] [  881] - DataField : BTNchkPrivsMappingAdmin
[INFO ][2016-01-07 19:42:42,998][com.java.SeleniumDriver] [  883] - DataValue : 
[INFO ][2016-01-07 19:42:42,998][com.java.SeleniumDriver] [  889] - <In Set values of the page>
[INFO ][2016-01-07 19:42:42,998][com.java.SeleniumDriver] [  892] - {Data Fields & Data Values Exist}
[INFO ][2016-01-07 19:42:42,998][com.java.SeleniumDriver] [  894] - --------------------------setting values-----------------------------
[INFO ][2016-01-07 19:42:42,998][com.java.SeleniumDriver] [  897] - Action Type : CLICK
[INFO ][2016-01-07 19:42:42,998][com.java.TestType] [ 6274] - Field ::BTNchkPrivsMappingAdmin
[INFO ][2016-01-07 19:42:42,998][com.java.TestType] [ 5895] - value = 
[INFO ][2016-01-07 19:42:44,012][com.java.TestType] [ 6390] - BEFORE CLICK
[INFO ][2016-01-07 19:42:45,386][com.java.TestType] [ 6397] - Unable to click the object Mapping Admin box
[INFO ][2016-01-07 19:42:45,386][com.java.SeleniumDriver] [  906] -  RESULT true
[INFO ][2016-01-07 19:42:45,386][com.java.SeleniumDriver] [ 1112] - ?   P A S S   ?
[INFO ][2016-01-07 19:42:45,386][com.java.SeleniumDriver] [  832] - ------------------------------------------
[INFO ][2016-01-07 19:42:45,386][com.java.SeleniumDriver] [  833] - Test case being Executed: 3
[INFO ][2016-01-07 19:42:45,386][com.java.SeleniumDriver] [  845] - Test step:56
[INFO ][2016-01-07 19:42:45,386][com.java.SeleniumDriver] [  857] - Datavalue is----------null
[DEBUG][2016-01-07 19:42:45,386][com.java.SeleniumDriver] [  875] - Exception: null
[INFO ][2016-01-07 19:42:45,386][com.java.SeleniumDriver] [  881] - DataField : BTNchkPrivsAccessDataExport
[INFO ][2016-01-07 19:42:45,386][com.java.SeleniumDriver] [  883] - DataValue : 
[INFO ][2016-01-07 19:42:45,386][com.java.SeleniumDriver] [  889] - <In Set values of the page>
[INFO ][2016-01-07 19:42:45,386][com.java.SeleniumDriver] [  892] - {Data Fields & Data Values Exist}
[INFO ][2016-01-07 19:42:45,386][com.java.SeleniumDriver] [  894] - --------------------------setting values-----------------------------
[INFO ][2016-01-07 19:42:45,386][com.java.SeleniumDriver] [  897] - Action Type : CLICK
[INFO ][2016-01-07 19:42:45,386][com.java.TestType] [ 6274] - Field ::BTNchkPrivsAccessDataExport
[INFO ][2016-01-07 19:42:45,386][com.java.TestType] [ 5895] - value = 
[INFO ][2016-01-07 19:42:46,400][com.java.TestType] [ 6390] - BEFORE CLICK
[INFO ][2016-01-07 19:42:47,758][com.java.TestType] [ 6397] - Unable to click the object Access Data Export box
[INFO ][2016-01-07 19:42:47,758][com.java.SeleniumDriver] [  906] -  RESULT true
[INFO ][2016-01-07 19:42:47,758][com.java.SeleniumDriver] [ 1112] - ?   P A S S   ?
[INFO ][2016-01-07 19:42:47,758][com.java.SeleniumDriver] [  832] - ------------------------------------------
[INFO ][2016-01-07 19:42:47,758][com.java.SeleniumDriver] [  833] - Test case being Executed: 3
[INFO ][2016-01-07 19:42:47,758][com.java.SeleniumDriver] [  845] - Test step:57
[INFO ][2016-01-07 19:42:47,758][com.java.SeleniumDriver] [  857] - Datavalue is----------null
[DEBUG][2016-01-07 19:42:47,758][com.java.SeleniumDriver] [  875] - Exception: null
[INFO ][2016-01-07 19:42:47,758][com.java.SeleniumDriver] [  881] - DataField : BTNchkPrivsUpdateMemoFields
[INFO ][2016-01-07 19:42:47,758][com.java.SeleniumDriver] [  883] - DataValue : 
[INFO ][2016-01-07 19:42:47,758][com.java.SeleniumDriver] [  889] - <In Set values of the page>
[INFO ][2016-01-07 19:42:47,758][com.java.SeleniumDriver] [  892] - {Data Fields & Data Values Exist}
[INFO ][2016-01-07 19:42:47,758][com.java.SeleniumDriver] [  894] - --------------------------setting values-----------------------------
[INFO ][2016-01-07 19:42:47,758][com.java.SeleniumDriver] [  897] - Action Type : CLICK
[INFO ][2016-01-07 19:42:47,758][com.java.TestType] [ 6274] - Field ::BTNchkPrivsUpdateMemoFields
[INFO ][2016-01-07 19:42:47,758][com.java.TestType] [ 5895] - value = 
[INFO ][2016-01-07 19:42:48,772][com.java.TestType] [ 6390] - BEFORE CLICK
[INFO ][2016-01-07 19:42:50,130][com.java.TestType] [ 6397] - Unable to click the object Update Memo Fields box
[INFO ][2016-01-07 19:42:50,130][com.java.SeleniumDriver] [  906] -  RESULT true
[INFO ][2016-01-07 19:42:50,130][com.java.SeleniumDriver] [ 1112] - ?   P A S S   ?
[INFO ][2016-01-07 19:42:50,130][com.java.SeleniumDriver] [  832] - ------------------------------------------
[INFO ][2016-01-07 19:42:50,130][com.java.SeleniumDriver] [  833] - Test case being Executed: 3
[INFO ][2016-01-07 19:42:50,130][com.java.SeleniumDriver] [  845] - Test step:58
[INFO ][2016-01-07 19:42:50,130][com.java.SeleniumDriver] [  857] - Datavalue is----------null
[DEBUG][2016-01-07 19:42:50,130][com.java.SeleniumDriver] [  875] - Exception: null
[INFO ][2016-01-07 19:42:50,130][com.java.SeleniumDriver] [  881] - DataField : BTNparent
[INFO ][2016-01-07 19:42:50,130][com.java.SeleniumDriver] [  883] - DataValue : 
[INFO ][2016-01-07 19:42:50,130][com.java.SeleniumDriver] [  889] - <In Set values of the page>
[INFO ][2016-01-07 19:42:50,130][com.java.SeleniumDriver] [  892] - {Data Fields & Data Values Exist}
[INFO ][2016-01-07 19:42:50,130][com.java.SeleniumDriver] [  894] - --------------------------setting values-----------------------------
[INFO ][2016-01-07 19:42:50,130][com.java.SeleniumDriver] [  897] - Action Type : SELECTFRAME
[INFO ][2016-01-07 19:42:50,146][com.java.SeleniumDriver] [  906] -  RESULT true
[INFO ][2016-01-07 19:42:50,146][com.java.SeleniumDriver] [ 1112] - ?   P A S S   ?
[INFO ][2016-01-07 19:42:50,146][com.java.SeleniumDriver] [  832] - ------------------------------------------
[INFO ][2016-01-07 19:42:50,146][com.java.SeleniumDriver] [  833] - Test case being Executed: 3
[INFO ][2016-01-07 19:42:50,146][com.java.SeleniumDriver] [  845] - Test step:59
[INFO ][2016-01-07 19:42:50,146][com.java.SeleniumDriver] [  857] - Datavalue is----------5
[INFO ][2016-01-07 19:42:50,146][com.java.SeleniumDriver] [  881] - DataField : test
[INFO ][2016-01-07 19:42:50,146][com.java.SeleniumDriver] [  883] - DataValue : 5
[INFO ][2016-01-07 19:42:50,146][com.java.SeleniumDriver] [  889] - <In Set values of the page>
[INFO ][2016-01-07 19:42:50,146][com.java.SeleniumDriver] [  892] - {Data Fields & Data Values Exist}
[INFO ][2016-01-07 19:42:50,146][com.java.SeleniumDriver] [  894] - --------------------------setting values-----------------------------
[INFO ][2016-01-07 19:42:50,146][com.java.SeleniumDriver] [  897] - Action Type : WAITTIME
[DEBUG][2016-01-07 19:42:50,146][com.java.TestType] [ 5715] - sleepTime: 5000
[INFO ][2016-01-07 19:42:55,153][com.java.SeleniumDriver] [  906] -  RESULT true
[INFO ][2016-01-07 19:42:55,153][com.java.SeleniumDriver] [ 1112] - ?   P A S S   ?
[INFO ][2016-01-07 19:42:55,153][com.java.SeleniumDriver] [  832] - ------------------------------------------
[INFO ][2016-01-07 19:42:55,153][com.java.SeleniumDriver] [  833] - Test case being Executed: 3
[INFO ][2016-01-07 19:42:55,153][com.java.SeleniumDriver] [  845] - Test step:60
[INFO ][2016-01-07 19:42:55,153][com.java.SeleniumDriver] [  857] - Datavalue is----------null
[DEBUG][2016-01-07 19:42:55,153][com.java.SeleniumDriver] [  875] - Exception: null
[INFO ][2016-01-07 19:42:55,153][com.java.SeleniumDriver] [  881] - DataField : XPH//span[contains(text(), 'Finished')]
[INFO ][2016-01-07 19:42:55,153][com.java.SeleniumDriver] [  883] - DataValue : 
[INFO ][2016-01-07 19:42:55,153][com.java.SeleniumDriver] [  889] - <In Set values of the page>
[INFO ][2016-01-07 19:42:55,153][com.java.SeleniumDriver] [  892] - {Data Fields & Data Values Exist}
[INFO ][2016-01-07 19:42:55,153][com.java.SeleniumDriver] [  894] - --------------------------setting values-----------------------------
[INFO ][2016-01-07 19:42:55,153][com.java.SeleniumDriver] [  897] - Action Type : CLICK
[INFO ][2016-01-07 19:42:55,153][com.java.TestType] [ 6274] - Field ::XPH//span[contains(text(), 'Finished')]
[INFO ][2016-01-07 19:42:55,153][com.java.TestType] [ 5895] - value = 
[INFO ][2016-01-07 19:42:56,168][com.java.TestType] [ 6411] - BEFORE CLICK
[INFO ][2016-01-07 19:42:57,245][com.java.TestType] [ 6419] - Unable to click the object Finished button
[INFO ][2016-01-07 19:42:57,245][com.java.SeleniumDriver] [  906] -  RESULT true
[INFO ][2016-01-07 19:42:57,245][com.java.SeleniumDriver] [ 1112] - ?   P A S S   ?
[INFO ][2016-01-07 19:42:57,245][com.java.SeleniumDriver] [  832] - ------------------------------------------
[INFO ][2016-01-07 19:42:57,245][com.java.SeleniumDriver] [  833] - Test case being Executed: 3
[INFO ][2016-01-07 19:42:57,245][com.java.SeleniumDriver] [  845] - Test step:61
[INFO ][2016-01-07 19:42:57,245][com.java.SeleniumDriver] [  857] - Datavalue is----------5
[INFO ][2016-01-07 19:42:57,245][com.java.SeleniumDriver] [  881] - DataField : null
[INFO ][2016-01-07 19:42:57,245][com.java.SeleniumDriver] [  883] - DataValue : 5
[INFO ][2016-01-07 19:42:57,245][com.java.SeleniumDriver] [  889] - <In Set values of the page>
[INFO ][2016-01-07 19:42:57,245][com.java.SeleniumDriver] [  892] - {Data Fields & Data Values Exist}
[INFO ][2016-01-07 19:42:57,245][com.java.SeleniumDriver] [  894] - --------------------------setting values-----------------------------
[INFO ][2016-01-07 19:42:57,245][com.java.SeleniumDriver] [  897] - Action Type : WAITTIME
[DEBUG][2016-01-07 19:42:57,245][com.java.TestType] [ 5715] - sleepTime: 5000
[INFO ][2016-01-07 19:43:02,253][com.java.SeleniumDriver] [  906] -  RESULT true
[INFO ][2016-01-07 19:43:02,253][com.java.SeleniumDriver] [ 1112] - ?   P A S S   ?
[INFO ][2016-01-07 19:43:02,253][com.java.SeleniumDriver] [  832] - ------------------------------------------
[INFO ][2016-01-07 19:43:02,253][com.java.SeleniumDriver] [  833] - Test case being Executed: 3
[INFO ][2016-01-07 19:43:02,253][com.java.SeleniumDriver] [  845] - Test step:62
[INFO ][2016-01-07 19:43:02,253][com.java.SeleniumDriver] [  857] - Datavalue is----------null
[DEBUG][2016-01-07 19:43:02,253][com.java.SeleniumDriver] [  875] - Exception: null
[INFO ][2016-01-07 19:43:02,253][com.java.SeleniumDriver] [  881] - DataField : BTNframeDialogContent
[INFO ][2016-01-07 19:43:02,253][com.java.SeleniumDriver] [  883] - DataValue : 
[INFO ][2016-01-07 19:43:02,253][com.java.SeleniumDriver] [  889] - <In Set values of the page>
[INFO ][2016-01-07 19:43:02,253][com.java.SeleniumDriver] [  892] - {Data Fields & Data Values Exist}
[INFO ][2016-01-07 19:43:02,253][com.java.SeleniumDriver] [  894] - --------------------------setting values-----------------------------
[INFO ][2016-01-07 19:43:02,253][com.java.SeleniumDriver] [  897] - Action Type : SelectFrame
[INFO ][2016-01-07 19:43:03,568][com.java.SeleniumDriver] [  906] -  RESULT true
[INFO ][2016-01-07 19:43:03,568][com.java.SeleniumDriver] [ 1112] - ?   P A S S   ?
[INFO ][2016-01-07 19:43:03,568][com.java.SeleniumDriver] [  832] - ------------------------------------------
[INFO ][2016-01-07 19:43:03,568][com.java.SeleniumDriver] [  833] - Test case being Executed: 3
[INFO ][2016-01-07 19:43:03,568][com.java.SeleniumDriver] [  845] - Test step:63
[INFO ][2016-01-07 19:43:03,568][com.java.SeleniumDriver] [  857] - Datavalue is----------null
[DEBUG][2016-01-07 19:43:03,568][com.java.SeleniumDriver] [  875] - Exception: null
[INFO ][2016-01-07 19:43:03,568][com.java.SeleniumDriver] [  881] - DataField : XPH//table[@id="tblUserListing"]//td[contains(text(),'vltest.robot')]
[INFO ][2016-01-07 19:43:03,568][com.java.SeleniumDriver] [  883] - DataValue : 
[INFO ][2016-01-07 19:43:03,568][com.java.SeleniumDriver] [  889] - <In Set values of the page>
[INFO ][2016-01-07 19:43:03,568][com.java.SeleniumDriver] [  892] - {Data Fields & Data Values Exist}
[INFO ][2016-01-07 19:43:03,568][com.java.SeleniumDriver] [  894] - --------------------------setting values-----------------------------
[INFO ][2016-01-07 19:43:03,568][com.java.SeleniumDriver] [  897] - Action Type : WaitForElement
[INFO ][2016-01-07 19:43:03,599][com.java.SeleniumDriver] [  906] -  RESULT true
[INFO ][2016-01-07 19:43:03,599][com.java.SeleniumDriver] [ 1112] - ?   P A S S   ?
[INFO ][2016-01-07 19:43:03,599][com.java.SeleniumDriver] [  832] - ------------------------------------------
[INFO ][2016-01-07 19:43:03,599][com.java.SeleniumDriver] [  833] - Test case being Executed: 3
[INFO ][2016-01-07 19:43:03,599][com.java.SeleniumDriver] [  845] - Test step:64
[INFO ][2016-01-07 19:43:03,599][com.java.SeleniumDriver] [  857] - Datavalue is----------HMVLogin_username
[INFO ][2016-01-07 19:43:03,599][com.java.SeleniumDriver] [  881] - DataField : USR
[INFO ][2016-01-07 19:43:03,599][com.java.SeleniumDriver] [  883] - DataValue : HMVLogin_username
[INFO ][2016-01-07 19:43:03,599][com.java.SeleniumDriver] [  889] - <In Set values of the page>
[INFO ][2016-01-07 19:43:03,599][com.java.SeleniumDriver] [  892] - {Data Fields & Data Values Exist}
[INFO ][2016-01-07 19:43:03,599][com.java.SeleniumDriver] [  894] - --------------------------setting values-----------------------------
[INFO ][2016-01-07 19:43:03,599][com.java.SeleniumDriver] [  897] - Action Type : Verify
[INFO ][2016-01-07 19:43:03,599][com.java.TestType] [ 7269] - field= USR value= HMVLogin_username
[INFO ][2016-01-07 19:43:03,599][com.java.TestType] [ 5895] - value = vltest.robot48508.15019
[INFO ][2016-01-07 19:43:03,677][com.java.SeleniumDriver] [  906] -  RESULT true
[INFO ][2016-01-07 19:43:03,677][com.java.SeleniumDriver] [ 1112] - ?   P A S S   ?
[INFO ][2016-01-07 19:43:03,677][com.java.SeleniumDriver] [  832] - ------------------------------------------
[INFO ][2016-01-07 19:43:03,677][com.java.SeleniumDriver] [  833] - Test case being Executed: 3
[INFO ][2016-01-07 19:43:03,677][com.java.SeleniumDriver] [  845] - Test step:65
[INFO ][2016-01-07 19:43:03,677][com.java.SeleniumDriver] [  857] - Datavalue is----------null
[DEBUG][2016-01-07 19:43:03,677][com.java.SeleniumDriver] [  875] - Exception: null
[INFO ][2016-01-07 19:43:03,677][com.java.SeleniumDriver] [  881] - DataField : BTNparent
[INFO ][2016-01-07 19:43:03,677][com.java.SeleniumDriver] [  883] - DataValue : 
[INFO ][2016-01-07 19:43:03,677][com.java.SeleniumDriver] [  889] - <In Set values of the page>
[INFO ][2016-01-07 19:43:03,677][com.java.SeleniumDriver] [  892] - {Data Fields & Data Values Exist}
[INFO ][2016-01-07 19:43:03,677][com.java.SeleniumDriver] [  894] - --------------------------setting values-----------------------------
[INFO ][2016-01-07 19:43:03,677][com.java.SeleniumDriver] [  897] - Action Type : SelectFrame
[INFO ][2016-01-07 19:43:03,693][com.java.SeleniumDriver] [  906] -  RESULT true
[INFO ][2016-01-07 19:43:03,693][com.java.SeleniumDriver] [ 1112] - ?   P A S S   ?
[INFO ][2016-01-07 19:43:03,693][com.java.SeleniumDriver] [  832] - ------------------------------------------
[INFO ][2016-01-07 19:43:03,693][com.java.SeleniumDriver] [  833] - Test case being Executed: 3
[INFO ][2016-01-07 19:43:03,693][com.java.SeleniumDriver] [  845] - Test step:66
[INFO ][2016-01-07 19:43:03,693][com.java.SeleniumDriver] [  857] - Datavalue is----------null
[DEBUG][2016-01-07 19:43:03,693][com.java.SeleniumDriver] [  875] - Exception: null
[INFO ][2016-01-07 19:43:03,693][com.java.SeleniumDriver] [  881] - DataField : XPH//span[contains(text(), 'Finished')]
[INFO ][2016-01-07 19:43:03,693][com.java.SeleniumDriver] [  883] - DataValue : 
[INFO ][2016-01-07 19:43:03,693][com.java.SeleniumDriver] [  889] - <In Set values of the page>
[INFO ][2016-01-07 19:43:03,693][com.java.SeleniumDriver] [  892] - {Data Fields & Data Values Exist}
[INFO ][2016-01-07 19:43:03,693][com.java.SeleniumDriver] [  894] - --------------------------setting values-----------------------------
[INFO ][2016-01-07 19:43:03,693][com.java.SeleniumDriver] [  897] - Action Type : Click
[INFO ][2016-01-07 19:43:03,693][com.java.TestType] [ 6274] - Field ::XPH//span[contains(text(), 'Finished')]
[INFO ][2016-01-07 19:43:03,693][com.java.TestType] [ 5895] - value = 
[INFO ][2016-01-07 19:43:04,707][com.java.TestType] [ 6411] - BEFORE CLICK
[INFO ][2016-01-07 19:43:05,596][com.java.TestType] [ 6419] - Unable to click the object Finished button
[INFO ][2016-01-07 19:43:05,596][com.java.SeleniumDriver] [  906] -  RESULT true
[INFO ][2016-01-07 19:43:05,596][com.java.SeleniumDriver] [ 1112] - ?   P A S S   ?
[INFO ][2016-01-07 19:43:05,596][com.java.SeleniumDriver] [  832] - ------------------------------------------
[INFO ][2016-01-07 19:43:05,596][com.java.SeleniumDriver] [  833] - Test case being Executed: 3
[INFO ][2016-01-07 19:43:05,596][com.java.SeleniumDriver] [  845] - Test step:67
[INFO ][2016-01-07 19:43:05,596][com.java.SeleniumDriver] [  857] - Datavalue is----------Concept#3:1-2
[INFO ][2016-01-07 19:43:05,596][com.java.SeleniumDriver] [  881] - DataField : test
[INFO ][2016-01-07 19:43:05,596][com.java.SeleniumDriver] [  883] - DataValue : Concept#3:1-2
[INFO ][2016-01-07 19:43:05,596][com.java.SeleniumDriver] [  889] - <In Set values of the page>
[INFO ][2016-01-07 19:43:05,596][com.java.SeleniumDriver] [  892] - {Data Fields & Data Values Exist}
[INFO ][2016-01-07 19:43:05,596][com.java.SeleniumDriver] [  894] - --------------------------setting values-----------------------------
[INFO ][2016-01-07 19:43:05,596][com.java.SeleniumDriver] [  897] - Action Type : ExecuteTestCase
[INFO ][2016-01-07 19:43:05,596][com.java.TestType] [  437] - The Concept sheet name is ---------- Concept
[INFO ][2016-01-07 19:43:05,596][com.java.TestType] [  440] - The Concept ID  is ---------- 3
[DEBUG][2016-01-07 19:43:05,596][com.java.TestType] [  444] - Steps being executted in the Concept are: 1:2
[INFO ][2016-01-07 19:43:05,596][com.java.TestType] [  451] - Test data details path ---------- D:\BankersDashboard\TestInputs\TestData.xls
[INFO ][2016-01-07 19:43:05,612][com.java.TestType] [  482] -  str(1) = 3
[INFO ][2016-01-07 19:43:05,612][com.java.TestType] [  485] - Test case Id is---3
[INFO ][2016-01-07 19:43:05,612][com.java.TestType] [  487] - 3
[INFO ][2016-01-07 19:43:05,612][com.java.TestType] [  482] -  str(2) = 1
[INFO ][2016-01-07 19:43:05,612][com.java.TestType] [  482] -  str(1) = 3
[INFO ][2016-01-07 19:43:05,612][com.java.TestType] [  485] - Test case Id is---3
[INFO ][2016-01-07 19:43:05,612][com.java.TestType] [  487] - 3
[INFO ][2016-01-07 19:43:05,612][com.java.TestType] [  482] -  str(2) = 2
[INFO ][2016-01-07 19:43:05,612][com.java.TestType] [10822] - Looping 1TCID = 3
[DEBUG][2016-01-07 19:43:05,612][com.java.TestType] [10863] - Concept ID:3 :: Step being Executed: 3::1
[INFO ][2016-01-07 19:43:05,612][com.java.TestType] [10901] - dataFields : test
[DEBUG][2016-01-07 19:43:05,612][com.java.TestType] [10907] - <In Set values of the page>
[DEBUG][2016-01-07 19:43:05,612][com.java.TestType] [10912] - {Data Fields & Data Values Exist}
[INFO ][2016-01-07 19:43:05,612][com.java.TestType] [10918] - --------------------------setting values-----------------------------
[INFO ][2016-01-07 19:43:05,612][com.java.TestType] [10921] - Action Type : Logout
[INFO ][2016-01-07 19:43:09,444][com.java.TestType] [ 6274] - Field ::CNF
[INFO ][2016-01-07 19:43:09,444][com.java.TestType] [ 5895] - value = OK
[ERROR][2016-01-07 19:43:10,579][com.java.TestType] [ 6608] - Exception in click:: No alert is active (WARNING: The server did not provide any stacktrace information)
Command duration or timeout: 109 milliseconds
Build info: version: '2.48.2', revision: '41bccdd', time: '2015-10-09 19:59:12'
System info: host: 'FVTIII438F1D', ip: '172.17.68.34', os.name: 'Windows 7', os.arch: 'x86', os.version: '6.1', java.version: '1.7.0_55'
Session ID: 1aa35936-4ae0-430e-918b-1bb9424f148d
Driver info: org.openqa.selenium.ie.InternetExplorerDriver
Capabilities [{platform=WINDOWS, javascriptEnabled=true, elementScrollBehavior=0, ignoreZoomSetting=false, enablePersistentHover=true, ie.ensureCleanSession=false, browserName=internet explorer, enableElementCacheCleanup=true, unexpectedAlertBehaviour=dismiss, version=10, ie.usePerProcessProxy=false, ignoreProtectedModeSettings=true, cssSelectorsEnabled=true, requireWindowFocus=false, initialBrowserUrl=http://localhost:33928/, handlesAlerts=true, ie.forceCreateProcessApi=false, nativeEvents=true, browserAttachTimeout=0, ie.browserCommandLineSwitches=, takesScreenshot=true}]
[INFO ][2016-01-07 19:43:10,579][com.java.TestType] [ 6612] - Element :::: not found
[DEBUG][2016-01-07 19:43:12,373][com.java.SeleniumDriver] [  426] - Hub ip address is-------172.17.68.34
[INFO ][2016-01-07 19:43:12,373][com.java.SeleniumDriver] [  452] - Grid URL:http://172.17.68.34:4444/wd/hub
[INFO ][2016-01-07 19:43:12,373][com.java.SeleniumDriver] [  453] - Capability:Capabilities [{platform=ANY, ensureCleanSession=true, ignoreProtectedModeSettings=true, acceptSslCerts=true, ignoreZoomSetting=true, browserName=internet explorer, browserstack.ie.noFlash=true, version=null}]
[ERROR][2016-01-07 19:43:13,404][com.java.SeleniumDriver] [  498] - Unable invoke browser in grid:Could not start a new session. Possible causes are invalid address of the remote server or browser start-up failure.
Build info: version: '2.48.2', revision: '41bccdd', time: '2015-10-09 19:59:12'
System info: host: 'FVTIII438F1D', ip: '172.17.68.34', os.name: 'Windows 7', os.arch: 'x86', os.version: '6.1', java.version: '1.7.0_55'
Driver info: driver.version: SeleniumDriver
[INFO ][2016-01-07 19:43:13,404][com.java.SeleniumDriver] [  500] - Executing on local machine
[INFO ][2016-01-07 19:43:25,652][com.java.TestType] [10940] -  RESULT true
[INFO ][2016-01-07 19:43:25,652][com.java.TestType] [11057] - ?   P A S S   ?
[DEBUG][2016-01-07 19:43:25,652][com.java.TestType] [10863] - Concept ID:3 :: Step being Executed: 3::2
[INFO ][2016-01-07 19:43:25,652][com.java.TestType] [10901] - dataFields : test
[DEBUG][2016-01-07 19:43:25,652][com.java.TestType] [10907] - <In Set values of the page>
[DEBUG][2016-01-07 19:43:25,652][com.java.TestType] [10912] - {Data Fields & Data Values Exist}
[INFO ][2016-01-07 19:43:25,652][com.java.TestType] [10918] - --------------------------setting values-----------------------------
[INFO ][2016-01-07 19:43:25,652][com.java.TestType] [10921] - Action Type : WaitTime
[DEBUG][2016-01-07 19:43:25,652][com.java.TestType] [ 5715] - sleepTime: 2000
[INFO ][2016-01-07 19:43:27,665][com.java.TestType] [10940] -  RESULT true
[INFO ][2016-01-07 19:43:27,665][com.java.TestType] [11057] - ?   P A S S   ?
[INFO ][2016-01-07 19:43:27,665][com.java.TestType] [11128] - Looping End......
[INFO ][2016-01-07 19:43:27,665][com.java.SeleniumDriver] [  906] -  RESULT true
[INFO ][2016-01-07 19:43:27,665][com.java.SeleniumDriver] [ 1112] - ?   P A S S   ?
[INFO ][2016-01-07 19:43:27,665][com.java.SeleniumDriver] [  832] - ------------------------------------------
[INFO ][2016-01-07 19:43:27,665][com.java.SeleniumDriver] [  833] - Test case being Executed: 3
[INFO ][2016-01-07 19:43:27,665][com.java.SeleniumDriver] [  845] - Test step:68
[INFO ][2016-01-07 19:43:27,665][com.java.SeleniumDriver] [  857] - Datavalue is----------HMVLogin_username
[INFO ][2016-01-07 19:43:27,665][com.java.SeleniumDriver] [  881] - DataField : TXTusername
[INFO ][2016-01-07 19:43:27,665][com.java.SeleniumDriver] [  883] - DataValue : HMVLogin_username
[INFO ][2016-01-07 19:43:27,665][com.java.SeleniumDriver] [  889] - <In Set values of the page>
[INFO ][2016-01-07 19:43:27,665][com.java.SeleniumDriver] [  892] - {Data Fields & Data Values Exist}
[INFO ][2016-01-07 19:43:27,665][com.java.SeleniumDriver] [  894] - --------------------------setting values-----------------------------
[INFO ][2016-01-07 19:43:27,665][com.java.SeleniumDriver] [  897] - Action Type : CLEARANDENTER
[INFO ][2016-01-07 19:43:27,665][com.java.TestType] [ 5895] - value = vltest.robot48508.15019
[INFO ][2016-01-07 19:43:32,612][com.java.SeleniumDriver] [  906] -  RESULT true
[INFO ][2016-01-07 19:43:32,612][com.java.SeleniumDriver] [ 1112] - ?   P A S S   ?
[INFO ][2016-01-07 19:43:32,612][com.java.SeleniumDriver] [  832] - ------------------------------------------
[INFO ][2016-01-07 19:43:32,612][com.java.SeleniumDriver] [  833] - Test case being Executed: 3
[INFO ][2016-01-07 19:43:32,612][com.java.SeleniumDriver] [  845] - Test step:69
[INFO ][2016-01-07 19:43:32,612][com.java.SeleniumDriver] [  857] - Datavalue is----------dt:NewUserPswd
[INFO ][2016-01-07 19:43:32,612][com.java.SeleniumDriver] [  881] - DataField : TXTpassword
[INFO ][2016-01-07 19:43:32,612][com.java.SeleniumDriver] [  883] - DataValue : dt:NewUserPswd
[INFO ][2016-01-07 19:43:32,612][com.java.SeleniumDriver] [  889] - <In Set values of the page>
[INFO ][2016-01-07 19:43:32,612][com.java.SeleniumDriver] [  892] - {Data Fields & Data Values Exist}
[INFO ][2016-01-07 19:43:32,612][com.java.SeleniumDriver] [  894] - --------------------------setting values-----------------------------
[INFO ][2016-01-07 19:43:32,612][com.java.SeleniumDriver] [  897] - Action Type : CLEARANDENTER
[INFO ][2016-01-07 19:43:32,612][com.java.TestType] [ 5895] - value = Password1*
[INFO ][2016-01-07 19:43:37,641][com.java.SeleniumDriver] [  906] -  RESULT true
[INFO ][2016-01-07 19:43:37,641][com.java.SeleniumDriver] [ 1112] - ?   P A S S   ?
[INFO ][2016-01-07 19:43:37,641][com.java.SeleniumDriver] [  832] - ------------------------------------------
[INFO ][2016-01-07 19:43:37,641][com.java.SeleniumDriver] [  833] - Test case being Executed: 3
[INFO ][2016-01-07 19:43:37,641][com.java.SeleniumDriver] [  845] - Test step:70
[INFO ][2016-01-07 19:43:37,641][com.java.SeleniumDriver] [  857] - Datavalue is----------null
[DEBUG][2016-01-07 19:43:37,641][com.java.SeleniumDriver] [  875] - Exception: null
[INFO ][2016-01-07 19:43:37,641][com.java.SeleniumDriver] [  881] - DataField : XPH//button[@type='submit']
[INFO ][2016-01-07 19:43:37,641][com.java.SeleniumDriver] [  883] - DataValue : 
[INFO ][2016-01-07 19:43:37,641][com.java.SeleniumDriver] [  889] - <In Set values of the page>
[INFO ][2016-01-07 19:43:37,641][com.java.SeleniumDriver] [  892] - {Data Fields & Data Values Exist}
[INFO ][2016-01-07 19:43:37,641][com.java.SeleniumDriver] [  894] - --------------------------setting values-----------------------------
[INFO ][2016-01-07 19:43:37,641][com.java.SeleniumDriver] [  897] - Action Type : Click
[INFO ][2016-01-07 19:43:37,641][com.java.TestType] [ 6274] - Field ::XPH//button[@type='submit']
[INFO ][2016-01-07 19:43:37,641][com.java.TestType] [ 5895] - value = 
[INFO ][2016-01-07 19:43:38,655][com.java.TestType] [ 6411] - BEFORE CLICK
[INFO ][2016-01-07 19:43:39,477][com.java.TestType] [ 6419] - Unable to click the object Login
[INFO ][2016-01-07 19:43:39,477][com.java.SeleniumDriver] [  906] -  RESULT true
[INFO ][2016-01-07 19:43:39,477][com.java.SeleniumDriver] [ 1112] - ?   P A S S   ?
[INFO ][2016-01-07 19:43:39,477][com.java.SeleniumDriver] [  832] - ------------------------------------------
[INFO ][2016-01-07 19:43:39,477][com.java.SeleniumDriver] [  833] - Test case being Executed: 3
[INFO ][2016-01-07 19:43:39,477][com.java.SeleniumDriver] [  845] - Test step:71
[INFO ][2016-01-07 19:43:39,477][com.java.SeleniumDriver] [  857] - Datavalue is----------20
[INFO ][2016-01-07 19:43:39,477][com.java.SeleniumDriver] [  881] - DataField : test
[INFO ][2016-01-07 19:43:39,477][com.java.SeleniumDriver] [  883] - DataValue : 20
[INFO ][2016-01-07 19:43:39,477][com.java.SeleniumDriver] [  889] - <In Set values of the page>
[INFO ][2016-01-07 19:43:39,477][com.java.SeleniumDriver] [  892] - {Data Fields & Data Values Exist}
[INFO ][2016-01-07 19:43:39,477][com.java.SeleniumDriver] [  894] - --------------------------setting values-----------------------------
[INFO ][2016-01-07 19:43:39,477][com.java.SeleniumDriver] [  897] - Action Type : WaitTime
[DEBUG][2016-01-07 19:43:39,477][com.java.TestType] [ 5715] - sleepTime: 20000
[INFO ][2016-01-07 19:43:59,491][com.java.SeleniumDriver] [  906] -  RESULT true
[INFO ][2016-01-07 19:43:59,491][com.java.SeleniumDriver] [ 1112] - ?   P A S S   ?
[INFO ][2016-01-07 19:43:59,491][com.java.SeleniumDriver] [  832] - ------------------------------------------
[INFO ][2016-01-07 19:43:59,491][com.java.SeleniumDriver] [  833] - Test case being Executed: 3
[INFO ][2016-01-07 19:43:59,491][com.java.SeleniumDriver] [  845] - Test step:72
[INFO ][2016-01-07 19:43:59,491][com.java.SeleniumDriver] [  857] - Datavalue is----------Banker'sDashboard
[INFO ][2016-01-07 19:43:59,491][com.java.SeleniumDriver] [  881] - DataField : TTL
[INFO ][2016-01-07 19:43:59,491][com.java.SeleniumDriver] [  883] - DataValue : Banker'sDashboard
[INFO ][2016-01-07 19:43:59,491][com.java.SeleniumDriver] [  889] - <In Set values of the page>
[INFO ][2016-01-07 19:43:59,491][com.java.SeleniumDriver] [  892] - {Data Fields & Data Values Exist}
[INFO ][2016-01-07 19:43:59,491][com.java.SeleniumDriver] [  894] - --------------------------setting values-----------------------------
[INFO ][2016-01-07 19:43:59,491][com.java.SeleniumDriver] [  897] - Action Type : SelectWindow
