[INFO ][2016-01-14 12:41:32,792][com.java.SeleniumDriver] [  213] - Execute Failed Casesfalse
[INFO ][2016-01-14 12:41:32,792][com.java.SeleniumDriver] [  214] - Browser: IE10
[INFO ][2016-01-14 12:41:32,792][com.java.SeleniumDriver] [  215] - [1, 12]
[INFO ][2016-01-14 12:41:32,792][com.java.SeleniumDriver] [  216] - Total TestCases:2
[INFO ][2016-01-14 12:41:32,792][com.java.SeleniumDriver] [  217] -  Reading Properties from Property File 
[DEBUG][2016-01-14 12:41:32,793][com.java.SeleniumDriver] [  238] - url : https://clients-xuat.bankersdashboard.com
[INFO ][2016-01-14 12:41:32,794][com.java.ImportnExport.ExportTestResultsExcel] [  116] - Time Stamp Thu Jan 14 12:41:32 IST 2016
[INFO ][2016-01-14 12:41:32,794][com.java.ImportnExport.ExportTestResultsExcel] [  175] - OUT FILE : D:\BankersDashboard/TestReports/Test Results_BankersDashBoard_011416_124132_IE10_Any Bank USA.xls
[INFO ][2016-01-14 12:41:32,823][com.java.ImportnExport.ExportTestResultsExcel] [  180] - Test Result file is created
[DEBUG][2016-01-14 12:41:32,933][com.java.SeleniumDriver] [  426] - Hub ip address is-------172.17.68.34
[INFO ][2016-01-14 12:41:32,934][com.java.SeleniumDriver] [  452] - Grid URL:http://172.17.68.34:4444/wd/hub
[INFO ][2016-01-14 12:41:32,934][com.java.SeleniumDriver] [  453] - Capability:Capabilities [{platform=ANY, ensureCleanSession=true, ignoreProtectedModeSettings=true, acceptSslCerts=true, ignoreZoomSetting=true, browserName=internet explorer, browserstack.ie.noFlash=true, version=null}]
[ERROR][2016-01-14 12:41:34,252][com.java.SeleniumDriver] [  498] - Unable invoke browser in grid:Could not start a new session. Possible causes are invalid address of the remote server or browser start-up failure.
Build info: version: '2.48.2', revision: '41bccdd', time: '2015-10-09 19:59:12'
System info: host: 'FVTIII438F1D', ip: '172.17.68.34', os.name: 'Windows 7', os.arch: 'x86', os.version: '6.1', java.version: '1.7.0_55'
Driver info: driver.version: SeleniumDriver
[INFO ][2016-01-14 12:41:34,252][com.java.SeleniumDriver] [  500] - Executing on local machine
[INFO ][2016-01-14 12:41:44,737][com.java.SeleniumDriver] [  248] - IE10is opened
[INFO ][2016-01-14 12:41:45,573][com.java.SeleniumDriver] [  756] - Test cases to be executed are: [1, 12]
[INFO ][2016-01-14 12:41:45,596][com.java.ImportnExport.ImportTestDataDetailsExcel] [   49] - test data details path===== D:\BankersDashboard\TestInputs\TestData.xls
[INFO ][2016-01-14 12:41:45,699][com.java.SeleniumDriver] [  856] - ------------------------------------------
[INFO ][2016-01-14 12:41:45,699][com.java.SeleniumDriver] [  857] - Test case being Executed: 1
[INFO ][2016-01-14 12:41:45,699][com.java.SeleniumDriver] [  869] - Test step:1
[INFO ][2016-01-14 12:41:45,699][com.java.SeleniumDriver] [  881] - Datavalue is----------Concept#1:1-16
[INFO ][2016-01-14 12:41:45,700][com.java.SeleniumDriver] [  905] - DataField : test
[INFO ][2016-01-14 12:41:45,700][com.java.SeleniumDriver] [  907] - DataValue : Concept#1:1-16
[INFO ][2016-01-14 12:41:45,700][com.java.SeleniumDriver] [  913] - <In Set values of the page>
[INFO ][2016-01-14 12:41:45,700][com.java.SeleniumDriver] [  916] - {Data Fields & Data Values Exist}
[INFO ][2016-01-14 12:41:45,700][com.java.SeleniumDriver] [  918] - --------------------------setting values-----------------------------
[INFO ][2016-01-14 12:41:45,700][com.java.SeleniumDriver] [  921] - Action Type : ExecuteTestCase
[INFO ][2016-01-14 12:41:45,721][com.java.TestType] [  437] - The Concept sheet name is ---------- Concept
[INFO ][2016-01-14 12:41:45,721][com.java.TestType] [  440] - The Concept ID  is ---------- 1
[DEBUG][2016-01-14 12:41:45,721][com.java.TestType] [  444] - Steps being executted in the Concept are: 1:16
[INFO ][2016-01-14 12:41:45,721][com.java.TestType] [  451] - Test data details path ---------- D:\BankersDashboard\TestInputs\TestData.xls
[INFO ][2016-01-14 12:41:45,760][com.java.TestType] [  482] -  str(1) = 1
[INFO ][2016-01-14 12:41:45,761][com.java.TestType] [  485] - Test case Id is---1
[INFO ][2016-01-14 12:41:45,761][com.java.TestType] [  487] - 1
[INFO ][2016-01-14 12:41:45,761][com.java.TestType] [  482] -  str(2) = 1
[INFO ][2016-01-14 12:41:45,763][com.java.TestType] [  482] -  str(1) = 1
[INFO ][2016-01-14 12:41:45,763][com.java.TestType] [  485] - Test case Id is---1
[INFO ][2016-01-14 12:41:45,763][com.java.TestType] [  487] - 1
[INFO ][2016-01-14 12:41:45,764][com.java.TestType] [  482] -  str(2) = 2
[INFO ][2016-01-14 12:41:45,765][com.java.TestType] [  482] -  str(1) = 1
[INFO ][2016-01-14 12:41:45,765][com.java.TestType] [  485] - Test case Id is---1
[INFO ][2016-01-14 12:41:45,765][com.java.TestType] [  487] - 1
[INFO ][2016-01-14 12:41:45,765][com.java.TestType] [  482] -  str(2) = 3
[INFO ][2016-01-14 12:41:45,766][com.java.TestType] [  482] -  str(1) = 1
[INFO ][2016-01-14 12:41:45,766][com.java.TestType] [  485] - Test case Id is---1
[INFO ][2016-01-14 12:41:45,767][com.java.TestType] [  487] - 1
[INFO ][2016-01-14 12:41:45,767][com.java.TestType] [  482] -  str(2) = 4
[INFO ][2016-01-14 12:41:45,768][com.java.TestType] [  482] -  str(1) = 1
[INFO ][2016-01-14 12:41:45,768][com.java.TestType] [  485] - Test case Id is---1
[INFO ][2016-01-14 12:41:45,768][com.java.TestType] [  487] - 1
[INFO ][2016-01-14 12:41:45,768][com.java.TestType] [  482] -  str(2) = 5
[INFO ][2016-01-14 12:41:45,769][com.java.TestType] [  482] -  str(1) = 1
[INFO ][2016-01-14 12:41:45,769][com.java.TestType] [  485] - Test case Id is---1
[INFO ][2016-01-14 12:41:45,769][com.java.TestType] [  487] - 1
[INFO ][2016-01-14 12:41:45,772][com.java.TestType] [  482] -  str(2) = 6
[INFO ][2016-01-14 12:41:45,773][com.java.TestType] [  482] -  str(1) = 1
[INFO ][2016-01-14 12:41:45,773][com.java.TestType] [  485] - Test case Id is---1
[INFO ][2016-01-14 12:41:45,773][com.java.TestType] [  487] - 1
[INFO ][2016-01-14 12:41:45,773][com.java.TestType] [  482] -  str(2) = 7
[INFO ][2016-01-14 12:41:45,774][com.java.TestType] [  482] -  str(1) = 1
[INFO ][2016-01-14 12:41:45,774][com.java.TestType] [  485] - Test case Id is---1
[INFO ][2016-01-14 12:41:45,774][com.java.TestType] [  487] - 1
[INFO ][2016-01-14 12:41:45,774][com.java.TestType] [  482] -  str(2) = 8
[INFO ][2016-01-14 12:41:45,775][com.java.TestType] [  482] -  str(1) = 1
[INFO ][2016-01-14 12:41:45,775][com.java.TestType] [  485] - Test case Id is---1
[INFO ][2016-01-14 12:41:45,775][com.java.TestType] [  487] - 1
[INFO ][2016-01-14 12:41:45,775][com.java.TestType] [  482] -  str(2) = 9
[INFO ][2016-01-14 12:41:45,776][com.java.TestType] [  482] -  str(1) = 1
[INFO ][2016-01-14 12:41:45,776][com.java.TestType] [  485] - Test case Id is---1
[INFO ][2016-01-14 12:41:45,776][com.java.TestType] [  487] - 1
[INFO ][2016-01-14 12:41:45,776][com.java.TestType] [  482] -  str(2) = 10
[INFO ][2016-01-14 12:41:45,777][com.java.TestType] [  482] -  str(1) = 1
[INFO ][2016-01-14 12:41:45,777][com.java.TestType] [  485] - Test case Id is---1
[INFO ][2016-01-14 12:41:45,777][com.java.TestType] [  487] - 1
[INFO ][2016-01-14 12:41:45,777][com.java.TestType] [  482] -  str(2) = 11
[INFO ][2016-01-14 12:41:45,778][com.java.TestType] [  482] -  str(1) = 1
[INFO ][2016-01-14 12:41:45,778][com.java.TestType] [  485] - Test case Id is---1
[INFO ][2016-01-14 12:41:45,778][com.java.TestType] [  487] - 1
[INFO ][2016-01-14 12:41:45,778][com.java.TestType] [  482] -  str(2) = 12
[INFO ][2016-01-14 12:41:45,779][com.java.TestType] [  482] -  str(1) = 1
[INFO ][2016-01-14 12:41:45,779][com.java.TestType] [  485] - Test case Id is---1
[INFO ][2016-01-14 12:41:45,779][com.java.TestType] [  487] - 1
[INFO ][2016-01-14 12:41:45,779][com.java.TestType] [  482] -  str(2) = 13
[INFO ][2016-01-14 12:41:45,780][com.java.TestType] [  482] -  str(1) = 1
[INFO ][2016-01-14 12:41:45,780][com.java.TestType] [  485] - Test case Id is---1
[INFO ][2016-01-14 12:41:45,780][com.java.TestType] [  487] - 1
[INFO ][2016-01-14 12:41:45,781][com.java.TestType] [  482] -  str(2) = 14
[INFO ][2016-01-14 12:41:45,782][com.java.TestType] [  482] -  str(1) = 1
[INFO ][2016-01-14 12:41:45,782][com.java.TestType] [  485] - Test case Id is---1
[INFO ][2016-01-14 12:41:45,782][com.java.TestType] [  487] - 1
[INFO ][2016-01-14 12:41:45,782][com.java.TestType] [  482] -  str(2) = 15
[INFO ][2016-01-14 12:41:45,783][com.java.TestType] [  482] -  str(1) = 1
[INFO ][2016-01-14 12:41:45,783][com.java.TestType] [  485] - Test case Id is---1
[INFO ][2016-01-14 12:41:45,783][com.java.TestType] [  487] - 1
[INFO ][2016-01-14 12:41:45,783][com.java.TestType] [  482] -  str(2) = 16
[INFO ][2016-01-14 12:41:45,784][com.java.TestType] [11310] - Looping 1TCID = 1
[DEBUG][2016-01-14 12:41:45,784][com.java.TestType] [11351] - Concept ID:1 :: Step being Executed: 1::1
[INFO ][2016-01-14 12:41:45,784][com.java.TestType] [11389] - dataFields : TXTusername
[DEBUG][2016-01-14 12:41:45,784][com.java.TestType] [11395] - <In Set values of the page>
[DEBUG][2016-01-14 12:41:45,784][com.java.TestType] [11400] - {Data Fields & Data Values Exist}
[INFO ][2016-01-14 12:41:45,784][com.java.TestType] [11406] - --------------------------setting values-----------------------------
[INFO ][2016-01-14 12:41:45,784][com.java.TestType] [11409] - Action Type : CLEARANDENTER
[INFO ][2016-01-14 12:41:48,081][com.java.TestType] [ 6136] - value = naresh.nayini.00000
[INFO ][2016-01-14 12:41:50,519][com.java.TestType] [11428] -  RESULT true
[INFO ][2016-01-14 12:41:50,519][com.java.TestType] [11545] - ?   P A S S   ?
[DEBUG][2016-01-14 12:41:50,519][com.java.TestType] [11351] - Concept ID:1 :: Step being Executed: 1::2
[INFO ][2016-01-14 12:41:50,519][com.java.TestType] [11389] - dataFields : TXTpassword
[DEBUG][2016-01-14 12:41:50,519][com.java.TestType] [11395] - <In Set values of the page>
[DEBUG][2016-01-14 12:41:50,520][com.java.TestType] [11400] - {Data Fields & Data Values Exist}
[INFO ][2016-01-14 12:41:50,520][com.java.TestType] [11406] - --------------------------setting values-----------------------------
[INFO ][2016-01-14 12:41:50,520][com.java.TestType] [11409] - Action Type : CLEARANDENTER
[INFO ][2016-01-14 12:41:53,073][com.java.TestType] [ 6136] - value = Password1*
[INFO ][2016-01-14 12:41:55,610][com.java.TestType] [11428] -  RESULT true
[INFO ][2016-01-14 12:41:55,610][com.java.TestType] [11545] - ?   P A S S   ?
[DEBUG][2016-01-14 12:41:55,610][com.java.TestType] [11351] - Concept ID:1 :: Step being Executed: 1::3
[ERROR][2016-01-14 12:41:55,610][com.java.TestType] [11384] - Exception: null
[INFO ][2016-01-14 12:41:55,610][com.java.TestType] [11389] - dataFields : XPH//button[@type='submit']
[DEBUG][2016-01-14 12:41:55,611][com.java.TestType] [11395] - <In Set values of the page>
[DEBUG][2016-01-14 12:41:55,611][com.java.TestType] [11400] - {Data Fields & Data Values Exist}
[INFO ][2016-01-14 12:41:55,611][com.java.TestType] [11406] - --------------------------setting values-----------------------------
[INFO ][2016-01-14 12:41:55,611][com.java.TestType] [11409] - Action Type : Click
[INFO ][2016-01-14 12:41:55,611][com.java.TestType] [ 6515] - Field ::XPH//button[@type='submit']
[INFO ][2016-01-14 12:41:55,611][com.java.TestType] [ 6136] - value = 
[INFO ][2016-01-14 12:41:56,613][com.java.TestType] [ 6652] - BEFORE CLICK
[INFO ][2016-01-14 12:42:00,111][com.java.TestType] [ 6660] - Unable to click the object Login
[INFO ][2016-01-14 12:42:00,111][com.java.TestType] [11428] -  RESULT true
[INFO ][2016-01-14 12:42:00,111][com.java.TestType] [11545] - ?   P A S S   ?
[DEBUG][2016-01-14 12:42:00,111][com.java.TestType] [11351] - Concept ID:1 :: Step being Executed: 1::4
[INFO ][2016-01-14 12:42:00,111][com.java.TestType] [11389] - dataFields : LNKLogout
[DEBUG][2016-01-14 12:42:00,111][com.java.TestType] [11395] - <In Set values of the page>
[DEBUG][2016-01-14 12:42:00,111][com.java.TestType] [11400] - {Data Fields & Data Values Exist}
[INFO ][2016-01-14 12:42:00,111][com.java.TestType] [11406] - --------------------------setting values-----------------------------
[INFO ][2016-01-14 12:42:00,111][com.java.TestType] [11409] - Action Type : WaitForElement
[INFO ][2016-01-14 12:42:00,151][com.java.TestType] [11428] -  RESULT true
[INFO ][2016-01-14 12:42:00,152][com.java.TestType] [11545] - ?   P A S S   ?
[DEBUG][2016-01-14 12:42:00,152][com.java.TestType] [11351] - Concept ID:1 :: Step being Executed: 1::15
[INFO ][2016-01-14 12:42:00,152][com.java.TestType] [11389] - dataFields : LNK
[DEBUG][2016-01-14 12:42:00,152][com.java.TestType] [11395] - <In Set values of the page>
[DEBUG][2016-01-14 12:42:00,152][com.java.TestType] [11400] - {Data Fields & Data Values Exist}
[INFO ][2016-01-14 12:42:00,152][com.java.TestType] [11406] - --------------------------setting values-----------------------------
[INFO ][2016-01-14 12:42:00,152][com.java.TestType] [11409] - Action Type : Verify
[INFO ][2016-01-14 12:42:00,152][com.java.TestType] [ 7643] - field= LNK value= Logout
[INFO ][2016-01-14 12:42:00,156][com.java.TestType] [ 6136] - value = Logout
[INFO ][2016-01-14 12:42:00,286][com.java.TestType] [11428] -  RESULT true
[INFO ][2016-01-14 12:42:00,286][com.java.TestType] [11545] - ?   P A S S   ?
[DEBUG][2016-01-14 12:42:00,287][com.java.TestType] [11351] - Concept ID:1 :: Step being Executed: 1::16
[INFO ][2016-01-14 12:42:00,287][com.java.TestType] [11389] - dataFields : BTN
[DEBUG][2016-01-14 12:42:00,287][com.java.TestType] [11395] - <In Set values of the page>
[DEBUG][2016-01-14 12:42:00,287][com.java.TestType] [11400] - {Data Fields & Data Values Exist}
[INFO ][2016-01-14 12:42:00,287][com.java.TestType] [11406] - --------------------------setting values-----------------------------
[INFO ][2016-01-14 12:42:00,287][com.java.TestType] [11409] - Action Type : Verify
[INFO ][2016-01-14 12:42:00,287][com.java.TestType] [ 7643] - field= BTN value= //img[contains(@src,'bdlogo.jpg')]
[INFO ][2016-01-14 12:42:00,287][com.java.TestType] [ 6136] - value = //img[contains(@src,'bdlogo.jpg')]
[INFO ][2016-01-14 12:42:00,358][com.java.TestType] [11428] -  RESULT true
[INFO ][2016-01-14 12:42:00,359][com.java.TestType] [11545] - ?   P A S S   ?
[INFO ][2016-01-14 12:42:00,359][com.java.TestType] [11616] - Looping End......
[INFO ][2016-01-14 12:42:00,363][com.java.SeleniumDriver] [  930] -  RESULT true
[INFO ][2016-01-14 12:42:00,363][com.java.SeleniumDriver] [ 1136] - ?   P A S S   ?
[INFO ][2016-01-14 12:42:00,363][com.java.SeleniumDriver] [  856] - ------------------------------------------
[INFO ][2016-01-14 12:42:00,363][com.java.SeleniumDriver] [  857] - Test case being Executed: 1
[INFO ][2016-01-14 12:42:00,363][com.java.SeleniumDriver] [  869] - Test step:2
[INFO ][2016-01-14 12:42:00,363][com.java.SeleniumDriver] [  881] - Datavalue is----------Concept#2:1-2
[INFO ][2016-01-14 12:42:00,363][com.java.SeleniumDriver] [  905] - DataField : test
[INFO ][2016-01-14 12:42:00,363][com.java.SeleniumDriver] [  907] - DataValue : Concept#2:1-2
[INFO ][2016-01-14 12:42:00,363][com.java.SeleniumDriver] [  913] - <In Set values of the page>
[INFO ][2016-01-14 12:42:00,363][com.java.SeleniumDriver] [  916] - {Data Fields & Data Values Exist}
[INFO ][2016-01-14 12:42:00,363][com.java.SeleniumDriver] [  918] - --------------------------setting values-----------------------------
[INFO ][2016-01-14 12:42:00,363][com.java.SeleniumDriver] [  921] - Action Type : ExecuteTestCase
[INFO ][2016-01-14 12:42:00,364][com.java.TestType] [  437] - The Concept sheet name is ---------- Concept
[INFO ][2016-01-14 12:42:00,364][com.java.TestType] [  440] - The Concept ID  is ---------- 2
[DEBUG][2016-01-14 12:42:00,365][com.java.TestType] [  444] - Steps being executted in the Concept are: 1:2
[INFO ][2016-01-14 12:42:00,365][com.java.TestType] [  451] - Test data details path ---------- D:\BankersDashboard\TestInputs\TestData.xls
[INFO ][2016-01-14 12:42:00,398][com.java.TestType] [  482] -  str(1) = 2
[INFO ][2016-01-14 12:42:00,399][com.java.TestType] [  485] - Test case Id is---2
[INFO ][2016-01-14 12:42:00,399][com.java.TestType] [  487] - 2
[INFO ][2016-01-14 12:42:00,399][com.java.TestType] [  482] -  str(2) = 1
[INFO ][2016-01-14 12:42:00,400][com.java.TestType] [  482] -  str(1) = 2
[INFO ][2016-01-14 12:42:00,401][com.java.TestType] [  485] - Test case Id is---2
[INFO ][2016-01-14 12:42:00,401][com.java.TestType] [  487] - 2
[INFO ][2016-01-14 12:42:00,401][com.java.TestType] [  482] -  str(2) = 2
[INFO ][2016-01-14 12:42:00,402][com.java.TestType] [  482] -  str(1) = 2
[INFO ][2016-01-14 12:42:00,402][com.java.TestType] [  485] - Test case Id is---2
[INFO ][2016-01-14 12:42:00,402][com.java.TestType] [  487] - 2
[INFO ][2016-01-14 12:42:00,402][com.java.TestType] [  482] -  str(2) = 3
[INFO ][2016-01-14 12:42:00,403][com.java.TestType] [11310] - Looping 1TCID = 2
[DEBUG][2016-01-14 12:42:00,403][com.java.TestType] [11351] - Concept ID:2 :: Step being Executed: 2::1
[INFO ][2016-01-14 12:42:00,403][com.java.TestType] [11389] - dataFields : BNK//select[@id='bank']
[DEBUG][2016-01-14 12:42:00,403][com.java.TestType] [11395] - <In Set values of the page>
[DEBUG][2016-01-14 12:42:00,403][com.java.TestType] [11400] - {Data Fields & Data Values Exist}
[INFO ][2016-01-14 12:42:00,403][com.java.TestType] [11406] - --------------------------setting values-----------------------------
[INFO ][2016-01-14 12:42:00,404][com.java.TestType] [11409] - Action Type : Select
[INFO ][2016-01-14 12:42:00,404][com.java.TestType] [ 6136] - value = PFC
[INFO ][2016-01-14 12:42:00,647][com.java.TestType] [11428] -  RESULT true
[INFO ][2016-01-14 12:42:00,647][com.java.TestType] [11545] - ?   P A S S   ?
[DEBUG][2016-01-14 12:42:00,647][com.java.TestType] [11351] - Concept ID:2 :: Step being Executed: 2::2
[INFO ][2016-01-14 12:42:00,647][com.java.TestType] [11389] - dataFields : LNKLogout
[DEBUG][2016-01-14 12:42:00,647][com.java.TestType] [11395] - <In Set values of the page>
[DEBUG][2016-01-14 12:42:00,647][com.java.TestType] [11400] - {Data Fields & Data Values Exist}
[INFO ][2016-01-14 12:42:00,647][com.java.TestType] [11406] - --------------------------setting values-----------------------------
[INFO ][2016-01-14 12:42:00,648][com.java.TestType] [11409] - Action Type : WaitTime
[DEBUG][2016-01-14 12:42:00,648][com.java.TestType] [ 5950] - sleepTime: 5000
[INFO ][2016-01-14 12:42:05,649][com.java.TestType] [11428] -  RESULT true
[INFO ][2016-01-14 12:42:05,649][com.java.TestType] [11545] - ?   P A S S   ?
[INFO ][2016-01-14 12:42:05,649][com.java.TestType] [11616] - Looping End......
[INFO ][2016-01-14 12:42:05,653][com.java.SeleniumDriver] [  930] -  RESULT true
[INFO ][2016-01-14 12:42:05,653][com.java.SeleniumDriver] [ 1136] - ?   P A S S   ?
[INFO ][2016-01-14 12:42:05,653][com.java.SeleniumDriver] [  856] - ------------------------------------------
[INFO ][2016-01-14 12:42:05,653][com.java.SeleniumDriver] [  857] - Test case being Executed: 1
[INFO ][2016-01-14 12:42:05,654][com.java.SeleniumDriver] [  869] - Test step:3
[INFO ][2016-01-14 12:42:05,654][com.java.SeleniumDriver] [  881] - Datavalue is----------2
[INFO ][2016-01-14 12:42:05,654][com.java.SeleniumDriver] [  905] - DataField : XPH//button[contains(text(),'Add Content')]
[INFO ][2016-01-14 12:42:05,654][com.java.SeleniumDriver] [  907] - DataValue : 2
[INFO ][2016-01-14 12:42:05,654][com.java.SeleniumDriver] [  913] - <In Set values of the page>
[INFO ][2016-01-14 12:42:05,654][com.java.SeleniumDriver] [  916] - {Data Fields & Data Values Exist}
[INFO ][2016-01-14 12:42:05,654][com.java.SeleniumDriver] [  918] - --------------------------setting values-----------------------------
[INFO ][2016-01-14 12:42:05,654][com.java.SeleniumDriver] [  921] - Action Type : WAITFORELEMENT
[INFO ][2016-01-14 12:42:05,691][com.java.SeleniumDriver] [  930] -  RESULT true
[INFO ][2016-01-14 12:42:05,691][com.java.SeleniumDriver] [ 1136] - ?   P A S S   ?
[DEBUG][2016-01-14 12:42:05,691][com.java.SeleniumDriver] [ 1248] - Case found
[DEBUG][2016-01-14 12:42:05,691][com.java.SeleniumDriver] [ 1253] - Incrementing ReportCounters[0]:1
[INFO ][2016-01-14 12:42:05,692][com.java.SeleniumDriver] [ 1272] - The results are-------------------[1, 1, Valid Login, Pass, , Thu Jan 14 12:42:00 IST 2016, 1, 2, Valid Login, Pass, , Thu Jan 14 12:42:05 IST 2016, 1, 3, Valid Login, Pass, , Thu Jan 14 12:42:05 IST 2016]
[INFO ][2016-01-14 12:42:05,692][com.java.SeleniumDriver] [ 1276] - End time is-------35 sec
[INFO ][2016-01-14 12:42:05,692][com.java.SeleniumDriver] [ 1277] - The results are-------------------[1, 1, Valid Login, Pass, , Thu Jan 14 12:42:00 IST 2016, 1, 2, Valid Login, Pass, , Thu Jan 14 12:42:05 IST 2016, 1, 3, Valid Login, Pass, , Thu Jan 14 12:42:05 IST 2016]
[DEBUG][2016-01-14 12:42:05,692][com.java.ImportnExport.ExportTestResultsExcel] [  222] - testResultPath = D:\BankersDashboard/TestReports/Test Results_BankersDashBoard_011416_124132_IE10_Any Bank USA.xls
[DEBUG][2016-01-14 12:42:05,692][com.java.ImportnExport.ExportTestResultsExcel] [  223] - browser is------------IE10
[DEBUG][2016-01-14 12:42:05,737][com.java.ImportnExport.ExportTestResultsExcel] [  270] - result.size() = 18
[DEBUG][2016-01-14 12:42:05,738][com.java.ImportnExport.ExportTestResultsExcel] [  274] - No of rows in sheet=1
[DEBUG][2016-01-14 12:42:05,738][com.java.ImportnExport.ExportTestResultsExcel] [  301] - ..in export..1
[DEBUG][2016-01-14 12:42:05,738][com.java.ImportnExport.ExportTestResultsExcel] [  301] - ..in export..Valid Login
[DEBUG][2016-01-14 12:42:05,738][com.java.ImportnExport.ExportTestResultsExcel] [  301] - ..in export..Pass
[DEBUG][2016-01-14 12:42:05,738][com.java.ImportnExport.ExportTestResultsExcel] [  301] - ..in export..
[DEBUG][2016-01-14 12:42:05,738][com.java.ImportnExport.ExportTestResultsExcel] [  301] - ..in export..Thu Jan 14 12:42:00 IST 2016
[INFO ][2016-01-14 12:42:05,740][com.java.SeleniumDriver] [ 1337] - out loop:0 size:2 TestCases:[1, 12] testcases:[1, 12]
[INFO ][2016-01-14 12:42:05,740][com.java.ImportnExport.ImportTestDataDetailsExcel] [   49] - test data details path===== D:\BankersDashboard\TestInputs\TestData.xls
[INFO ][2016-01-14 12:42:22,037][com.java.SeleniumDriver] [  856] - ------------------------------------------
[INFO ][2016-01-14 12:42:22,037][com.java.SeleniumDriver] [  857] - Test case being Executed: 12
[INFO ][2016-01-14 12:42:22,037][com.java.SeleniumDriver] [  869] - Test step:1
[INFO ][2016-01-14 12:42:22,037][com.java.SeleniumDriver] [  881] - Datavalue is----------Logout
[INFO ][2016-01-14 12:42:22,037][com.java.SeleniumDriver] [  905] - DataField : BTN
[INFO ][2016-01-14 12:42:22,037][com.java.SeleniumDriver] [  907] - DataValue : Logout
[INFO ][2016-01-14 12:42:22,037][com.java.SeleniumDriver] [  913] - <In Set values of the page>
[INFO ][2016-01-14 12:42:22,037][com.java.SeleniumDriver] [  916] - {Data Fields & Data Values Exist}
[INFO ][2016-01-14 12:42:22,037][com.java.SeleniumDriver] [  918] - --------------------------setting values-----------------------------
[INFO ][2016-01-14 12:42:22,037][com.java.SeleniumDriver] [  921] - Action Type : VERIFY
[INFO ][2016-01-14 12:42:22,037][com.java.TestType] [ 7643] - field= BTN value= Logout
[INFO ][2016-01-14 12:42:22,038][com.java.TestType] [ 6136] - value = Logout
[INFO ][2016-01-14 12:42:22,122][com.java.SeleniumDriver] [  930] -  RESULT true
[INFO ][2016-01-14 12:42:22,122][com.java.SeleniumDriver] [ 1136] - ?   P A S S   ?
[INFO ][2016-01-14 12:42:22,122][com.java.SeleniumDriver] [ 1178] - step change to 3
[INFO ][2016-01-14 12:42:22,122][com.java.SeleniumDriver] [  856] - ------------------------------------------
[INFO ][2016-01-14 12:42:22,123][com.java.SeleniumDriver] [  857] - Test case being Executed: 12
[INFO ][2016-01-14 12:42:22,123][com.java.SeleniumDriver] [  869] - Test step:3
[INFO ][2016-01-14 12:42:22,123][com.java.SeleniumDriver] [  881] - Datavalue is----------Concept#2:1-2
[INFO ][2016-01-14 12:42:22,123][com.java.SeleniumDriver] [  905] - DataField : test
[INFO ][2016-01-14 12:42:22,123][com.java.SeleniumDriver] [  907] - DataValue : Concept#2:1-2
[INFO ][2016-01-14 12:42:22,123][com.java.SeleniumDriver] [  913] - <In Set values of the page>
[INFO ][2016-01-14 12:42:22,123][com.java.SeleniumDriver] [  916] - {Data Fields & Data Values Exist}
[INFO ][2016-01-14 12:42:22,123][com.java.SeleniumDriver] [  918] - --------------------------setting values-----------------------------
[INFO ][2016-01-14 12:42:22,123][com.java.SeleniumDriver] [  921] - Action Type : ExecuteTestCase
[INFO ][2016-01-14 12:42:22,123][com.java.TestType] [  437] - The Concept sheet name is ---------- Concept
[INFO ][2016-01-14 12:42:22,123][com.java.TestType] [  440] - The Concept ID  is ---------- 2
[DEBUG][2016-01-14 12:42:22,123][com.java.TestType] [  444] - Steps being executted in the Concept are: 1:2
[INFO ][2016-01-14 12:42:22,123][com.java.TestType] [  451] - Test data details path ---------- D:\BankersDashboard\TestInputs\TestData.xls
[INFO ][2016-01-14 12:42:22,158][com.java.TestType] [  482] -  str(1) = 2
[INFO ][2016-01-14 12:42:22,158][com.java.TestType] [  485] - Test case Id is---2
[INFO ][2016-01-14 12:42:22,158][com.java.TestType] [  487] - 2
[INFO ][2016-01-14 12:42:22,158][com.java.TestType] [  482] -  str(2) = 1
[INFO ][2016-01-14 12:42:22,159][com.java.TestType] [  482] -  str(1) = 2
[INFO ][2016-01-14 12:42:22,159][com.java.TestType] [  485] - Test case Id is---2
[INFO ][2016-01-14 12:42:22,160][com.java.TestType] [  487] - 2
[INFO ][2016-01-14 12:42:22,160][com.java.TestType] [  482] -  str(2) = 2
[INFO ][2016-01-14 12:42:22,160][com.java.TestType] [  482] -  str(1) = 2
[INFO ][2016-01-14 12:42:22,160][com.java.TestType] [  485] - Test case Id is---2
[INFO ][2016-01-14 12:42:22,160][com.java.TestType] [  487] - 2
[INFO ][2016-01-14 12:42:22,160][com.java.TestType] [  482] -  str(2) = 3
[INFO ][2016-01-14 12:42:22,161][com.java.TestType] [11310] - Looping 1TCID = 2
[DEBUG][2016-01-14 12:42:22,161][com.java.TestType] [11351] - Concept ID:2 :: Step being Executed: 2::1
[INFO ][2016-01-14 12:42:22,161][com.java.TestType] [11389] - dataFields : BNK//select[@id='bank']
[DEBUG][2016-01-14 12:42:22,161][com.java.TestType] [11395] - <In Set values of the page>
[DEBUG][2016-01-14 12:42:22,161][com.java.TestType] [11400] - {Data Fields & Data Values Exist}
[INFO ][2016-01-14 12:42:22,161][com.java.TestType] [11406] - --------------------------setting values-----------------------------
[INFO ][2016-01-14 12:42:22,162][com.java.TestType] [11409] - Action Type : Select
[INFO ][2016-01-14 12:42:22,163][com.java.TestType] [ 6136] - value = PFC
[INFO ][2016-01-14 12:42:22,376][com.java.TestType] [11428] -  RESULT true
[INFO ][2016-01-14 12:42:22,376][com.java.TestType] [11545] - ?   P A S S   ?
[DEBUG][2016-01-14 12:42:22,376][com.java.TestType] [11351] - Concept ID:2 :: Step being Executed: 2::2
[INFO ][2016-01-14 12:42:22,376][com.java.TestType] [11389] - dataFields : LNKLogout
[DEBUG][2016-01-14 12:42:22,376][com.java.TestType] [11395] - <In Set values of the page>
[DEBUG][2016-01-14 12:42:22,376][com.java.TestType] [11400] - {Data Fields & Data Values Exist}
[INFO ][2016-01-14 12:42:22,376][com.java.TestType] [11406] - --------------------------setting values-----------------------------
[INFO ][2016-01-14 12:42:22,377][com.java.TestType] [11409] - Action Type : WaitTime
[DEBUG][2016-01-14 12:42:22,377][com.java.TestType] [ 5950] - sleepTime: 5000
[INFO ][2016-01-14 12:42:27,377][com.java.TestType] [11428] -  RESULT true
[INFO ][2016-01-14 12:42:27,377][com.java.TestType] [11545] - ?   P A S S   ?
[INFO ][2016-01-14 12:42:27,377][com.java.TestType] [11616] - Looping End......
[INFO ][2016-01-14 12:42:27,381][com.java.SeleniumDriver] [  930] -  RESULT true
[INFO ][2016-01-14 12:42:27,381][com.java.SeleniumDriver] [ 1136] - ?   P A S S   ?
[INFO ][2016-01-14 12:42:27,381][com.java.SeleniumDriver] [  856] - ------------------------------------------
[INFO ][2016-01-14 12:42:27,381][com.java.SeleniumDriver] [  857] - Test case being Executed: 12
[INFO ][2016-01-14 12:42:27,383][com.java.SeleniumDriver] [  869] - Test step:4
[INFO ][2016-01-14 12:42:27,383][com.java.SeleniumDriver] [  881] - Datavalue is----------null
[DEBUG][2016-01-14 12:42:27,383][com.java.SeleniumDriver] [  899] - Exception: null
[INFO ][2016-01-14 12:42:27,383][com.java.SeleniumDriver] [  905] - DataField : //span[@class='icon-user4']&&//a[text()='Company Settings']&&//a[@data-id="RatedLoans"]
[INFO ][2016-01-14 12:42:27,383][com.java.SeleniumDriver] [  907] - DataValue : 
[INFO ][2016-01-14 12:42:27,383][com.java.SeleniumDriver] [  913] - <In Set values of the page>
[INFO ][2016-01-14 12:42:27,383][com.java.SeleniumDriver] [  916] - {Data Fields & Data Values Exist}
[INFO ][2016-01-14 12:42:27,383][com.java.SeleniumDriver] [  918] - --------------------------setting values-----------------------------
[INFO ][2016-01-14 12:42:27,384][com.java.SeleniumDriver] [  921] - Action Type : MOUSEOVER
[INFO ][2016-01-14 12:42:54,260][com.java.SeleniumDriver] [  930] -  RESULT true
[INFO ][2016-01-14 12:42:54,260][com.java.SeleniumDriver] [ 1136] - ?   P A S S   ?
[INFO ][2016-01-14 12:42:54,260][com.java.SeleniumDriver] [  856] - ------------------------------------------
[INFO ][2016-01-14 12:42:54,260][com.java.SeleniumDriver] [  857] - Test case being Executed: 12
[INFO ][2016-01-14 12:42:54,260][com.java.SeleniumDriver] [  869] - Test step:5
[INFO ][2016-01-14 12:42:54,260][com.java.SeleniumDriver] [  881] - Datavalue is----------Rated Loan Categories
[INFO ][2016-01-14 12:42:54,260][com.java.SeleniumDriver] [  905] - DataField : XPH//span[contains(text(), 'Rated Loan Categories')]
[INFO ][2016-01-14 12:42:54,260][com.java.SeleniumDriver] [  907] - DataValue : Rated Loan Categories
[INFO ][2016-01-14 12:42:54,261][com.java.SeleniumDriver] [  913] - <In Set values of the page>
[INFO ][2016-01-14 12:42:54,261][com.java.SeleniumDriver] [  916] - {Data Fields & Data Values Exist}
[INFO ][2016-01-14 12:42:54,261][com.java.SeleniumDriver] [  918] - --------------------------setting values-----------------------------
[INFO ][2016-01-14 12:42:54,261][com.java.SeleniumDriver] [  921] - Action Type : VERIFY
[INFO ][2016-01-14 12:42:54,261][com.java.TestType] [ 7643] - field= XPH//span[contains(text(), 'Rated Loan Categories')] value= Rated Loan Categories
[INFO ][2016-01-14 12:42:54,261][com.java.TestType] [ 6136] - value = Rated Loan Categories
[INFO ][2016-01-14 12:42:54,393][com.java.SeleniumDriver] [  930] -  RESULT true
[INFO ][2016-01-14 12:42:54,393][com.java.SeleniumDriver] [ 1136] - ?   P A S S   ?
[INFO ][2016-01-14 12:42:54,393][com.java.SeleniumDriver] [  856] - ------------------------------------------
[INFO ][2016-01-14 12:42:54,393][com.java.SeleniumDriver] [  857] - Test case being Executed: 12
[INFO ][2016-01-14 12:42:54,393][com.java.SeleniumDriver] [  869] - Test step:6
[INFO ][2016-01-14 12:42:54,393][com.java.SeleniumDriver] [  881] - Datavalue is----------null
[DEBUG][2016-01-14 12:42:54,393][com.java.SeleniumDriver] [  899] - Exception: null
[INFO ][2016-01-14 12:42:54,393][com.java.SeleniumDriver] [  905] - DataField : BTNframeDialogContent
[INFO ][2016-01-14 12:42:54,394][com.java.SeleniumDriver] [  907] - DataValue : 
[INFO ][2016-01-14 12:42:54,394][com.java.SeleniumDriver] [  913] - <In Set values of the page>
[INFO ][2016-01-14 12:42:54,394][com.java.SeleniumDriver] [  916] - {Data Fields & Data Values Exist}
[INFO ][2016-01-14 12:42:54,394][com.java.SeleniumDriver] [  918] - --------------------------setting values-----------------------------
[INFO ][2016-01-14 12:42:54,394][com.java.SeleniumDriver] [  921] - Action Type : SELECTFRAME
[INFO ][2016-01-14 12:42:55,673][com.java.SeleniumDriver] [  930] -  RESULT true
[INFO ][2016-01-14 12:42:55,673][com.java.SeleniumDriver] [ 1136] - ?   P A S S   ?
[INFO ][2016-01-14 12:42:55,673][com.java.SeleniumDriver] [  856] - ------------------------------------------
[INFO ][2016-01-14 12:42:55,673][com.java.SeleniumDriver] [  857] - Test case being Executed: 12
[INFO ][2016-01-14 12:42:55,673][com.java.SeleniumDriver] [  869] - Test step:7
[INFO ][2016-01-14 12:42:55,673][com.java.SeleniumDriver] [  881] - Datavalue is----------null
[DEBUG][2016-01-14 12:42:55,674][com.java.SeleniumDriver] [  899] - Exception: null
[INFO ][2016-01-14 12:42:55,674][com.java.SeleniumDriver] [  905] - DataField : BTNbtnAddNew
[INFO ][2016-01-14 12:42:55,674][com.java.SeleniumDriver] [  907] - DataValue : 
[INFO ][2016-01-14 12:42:55,674][com.java.SeleniumDriver] [  913] - <In Set values of the page>
[INFO ][2016-01-14 12:42:55,674][com.java.SeleniumDriver] [  916] - {Data Fields & Data Values Exist}
[INFO ][2016-01-14 12:42:55,674][com.java.SeleniumDriver] [  918] - --------------------------setting values-----------------------------
[INFO ][2016-01-14 12:42:55,674][com.java.SeleniumDriver] [  921] - Action Type : CLICK
[INFO ][2016-01-14 12:42:55,674][com.java.TestType] [ 6515] - Field ::BTNbtnAddNew
[INFO ][2016-01-14 12:42:55,674][com.java.TestType] [ 6136] - value = 
[INFO ][2016-01-14 12:42:56,674][com.java.TestType] [ 6631] - BEFORE CLICK
[INFO ][2016-01-14 12:42:57,871][com.java.TestType] [ 6638] - Unable to click the object Add New Category button
[INFO ][2016-01-14 12:42:57,871][com.java.SeleniumDriver] [  930] -  RESULT true
[INFO ][2016-01-14 12:42:57,871][com.java.SeleniumDriver] [ 1136] - ?   P A S S   ?
[INFO ][2016-01-14 12:42:57,871][com.java.SeleniumDriver] [  856] - ------------------------------------------
[INFO ][2016-01-14 12:42:57,871][com.java.SeleniumDriver] [  857] - Test case being Executed: 12
[INFO ][2016-01-14 12:42:57,871][com.java.SeleniumDriver] [  869] - Test step:8
[INFO ][2016-01-14 12:42:57,871][com.java.SeleniumDriver] [  881] - Datavalue is----------5
[INFO ][2016-01-14 12:42:57,871][com.java.SeleniumDriver] [  905] - DataField : XPH//td[contains(text(),'Description')]
[INFO ][2016-01-14 12:42:57,872][com.java.SeleniumDriver] [  907] - DataValue : 5
[INFO ][2016-01-14 12:42:57,872][com.java.SeleniumDriver] [  913] - <In Set values of the page>
[INFO ][2016-01-14 12:42:57,872][com.java.SeleniumDriver] [  916] - {Data Fields & Data Values Exist}
[INFO ][2016-01-14 12:42:57,872][com.java.SeleniumDriver] [  918] - --------------------------setting values-----------------------------
[INFO ][2016-01-14 12:42:57,872][com.java.SeleniumDriver] [  921] - Action Type : WAITFORELEMENT
[INFO ][2016-01-14 12:42:57,897][com.java.SeleniumDriver] [  930] -  RESULT true
[INFO ][2016-01-14 12:42:57,897][com.java.SeleniumDriver] [ 1136] - ?   P A S S   ?
[INFO ][2016-01-14 12:42:57,897][com.java.SeleniumDriver] [  856] - ------------------------------------------
[INFO ][2016-01-14 12:42:57,897][com.java.SeleniumDriver] [  857] - Test case being Executed: 12
[INFO ][2016-01-14 12:42:57,897][com.java.SeleniumDriver] [  869] - Test step:9
[INFO ][2016-01-14 12:42:57,897][com.java.SeleniumDriver] [  881] - Datavalue is----------//td[contains(text(),'Description')]
[INFO ][2016-01-14 12:42:57,898][com.java.SeleniumDriver] [  905] - DataField : BTN
[INFO ][2016-01-14 12:42:57,898][com.java.SeleniumDriver] [  907] - DataValue : //td[contains(text(),'Description')]
[INFO ][2016-01-14 12:42:57,898][com.java.SeleniumDriver] [  913] - <In Set values of the page>
[INFO ][2016-01-14 12:42:57,898][com.java.SeleniumDriver] [  916] - {Data Fields & Data Values Exist}
[INFO ][2016-01-14 12:42:57,898][com.java.SeleniumDriver] [  918] - --------------------------setting values-----------------------------
[INFO ][2016-01-14 12:42:57,898][com.java.SeleniumDriver] [  921] - Action Type : VERIFY
[INFO ][2016-01-14 12:42:57,898][com.java.TestType] [ 7643] - field= BTN value= //td[contains(text(),'Description')]
[INFO ][2016-01-14 12:42:57,900][com.java.TestType] [ 6136] - value = //td[contains(text(),'Description')]
[INFO ][2016-01-14 12:42:57,941][com.java.SeleniumDriver] [  930] -  RESULT true
[INFO ][2016-01-14 12:42:57,941][com.java.SeleniumDriver] [ 1136] - ?   P A S S   ?
[INFO ][2016-01-14 12:42:57,941][com.java.SeleniumDriver] [  856] - ------------------------------------------
[INFO ][2016-01-14 12:42:57,941][com.java.SeleniumDriver] [  857] - Test case being Executed: 12
[INFO ][2016-01-14 12:42:57,941][com.java.SeleniumDriver] [  869] - Test step:10
[INFO ][2016-01-14 12:42:57,941][com.java.SeleniumDriver] [  881] - Datavalue is----------//td[contains(text(),'Rated Loan*')]
[INFO ][2016-01-14 12:42:57,941][com.java.SeleniumDriver] [  905] - DataField : BTN
[INFO ][2016-01-14 12:42:57,941][com.java.SeleniumDriver] [  907] - DataValue : //td[contains(text(),'Rated Loan*')]
[INFO ][2016-01-14 12:42:57,942][com.java.SeleniumDriver] [  913] - <In Set values of the page>
[INFO ][2016-01-14 12:42:57,942][com.java.SeleniumDriver] [  916] - {Data Fields & Data Values Exist}
[INFO ][2016-01-14 12:42:57,942][com.java.SeleniumDriver] [  918] - --------------------------setting values-----------------------------
[INFO ][2016-01-14 12:42:57,942][com.java.SeleniumDriver] [  921] - Action Type : VERIFY
[INFO ][2016-01-14 12:42:57,942][com.java.TestType] [ 7643] - field= BTN value= //td[contains(text(),'Rated Loan*')]
[INFO ][2016-01-14 12:42:57,942][com.java.TestType] [ 6136] - value = //td[contains(text(),'Rated Loan*')]
[INFO ][2016-01-14 12:42:57,992][com.java.SeleniumDriver] [  930] -  RESULT true
[INFO ][2016-01-14 12:42:57,992][com.java.SeleniumDriver] [ 1136] - ?   P A S S   ?
[INFO ][2016-01-14 12:42:57,992][com.java.SeleniumDriver] [  856] - ------------------------------------------
[INFO ][2016-01-14 12:42:57,992][com.java.SeleniumDriver] [  857] - Test case being Executed: 12
[INFO ][2016-01-14 12:42:57,993][com.java.SeleniumDriver] [  869] - Test step:11
[INFO ][2016-01-14 12:42:57,993][com.java.SeleniumDriver] [  881] - Datavalue is----------RNDVLTest
[INFO ][2016-01-14 12:42:57,993][com.java.SeleniumDriver] [  905] - DataField : TXTtxtDescription
[INFO ][2016-01-14 12:42:57,993][com.java.SeleniumDriver] [  907] - DataValue : RNDVLTest
[INFO ][2016-01-14 12:42:57,993][com.java.SeleniumDriver] [  913] - <In Set values of the page>
[INFO ][2016-01-14 12:42:57,993][com.java.SeleniumDriver] [  916] - {Data Fields & Data Values Exist}
[INFO ][2016-01-14 12:42:57,993][com.java.SeleniumDriver] [  918] - --------------------------setting values-----------------------------
[INFO ][2016-01-14 12:42:57,993][com.java.SeleniumDriver] [  921] - Action Type : CLEARANDENTER
[INFO ][2016-01-14 12:42:59,133][com.java.TestType] [ 6136] - value = VLTest58383
[INFO ][2016-01-14 12:43:00,622][com.java.SeleniumDriver] [  930] -  RESULT true
[INFO ][2016-01-14 12:43:00,622][com.java.SeleniumDriver] [ 1136] - ?   P A S S   ?
[INFO ][2016-01-14 12:43:00,622][com.java.SeleniumDriver] [  856] - ------------------------------------------
[INFO ][2016-01-14 12:43:00,622][com.java.SeleniumDriver] [  857] - Test case being Executed: 12
[INFO ][2016-01-14 12:43:00,622][com.java.SeleniumDriver] [  869] - Test step:12
[INFO ][2016-01-14 12:43:00,622][com.java.SeleniumDriver] [  881] - Datavalue is----------2
[INFO ][2016-01-14 12:43:00,622][com.java.SeleniumDriver] [  905] - DataField : test
[INFO ][2016-01-14 12:43:00,622][com.java.SeleniumDriver] [  907] - DataValue : 2
[INFO ][2016-01-14 12:43:00,622][com.java.SeleniumDriver] [  913] - <In Set values of the page>
[INFO ][2016-01-14 12:43:00,622][com.java.SeleniumDriver] [  916] - {Data Fields & Data Values Exist}
[INFO ][2016-01-14 12:43:00,622][com.java.SeleniumDriver] [  918] - --------------------------setting values-----------------------------
[INFO ][2016-01-14 12:43:00,623][com.java.SeleniumDriver] [  921] - Action Type : WAITTIME
[DEBUG][2016-01-14 12:43:00,623][com.java.TestType] [ 5950] - sleepTime: 2000
[INFO ][2016-01-14 12:43:02,624][com.java.SeleniumDriver] [  930] -  RESULT true
[INFO ][2016-01-14 12:43:02,624][com.java.SeleniumDriver] [ 1136] - ?   P A S S   ?
[INFO ][2016-01-14 12:43:02,624][com.java.SeleniumDriver] [  856] - ------------------------------------------
[INFO ][2016-01-14 12:43:02,624][com.java.SeleniumDriver] [  857] - Test case being Executed: 12
[INFO ][2016-01-14 12:43:02,625][com.java.SeleniumDriver] [  869] - Test step:13
[INFO ][2016-01-14 12:43:02,625][com.java.SeleniumDriver] [  881] - Datavalue is----------Test
[INFO ][2016-01-14 12:43:02,625][com.java.SeleniumDriver] [  905] - DataField : TXTtxtDescription
[INFO ][2016-01-14 12:43:02,625][com.java.SeleniumDriver] [  907] - DataValue : Test
[INFO ][2016-01-14 12:43:02,625][com.java.SeleniumDriver] [  913] - <In Set values of the page>
[INFO ][2016-01-14 12:43:02,625][com.java.SeleniumDriver] [  916] - {Data Fields & Data Values Exist}
[INFO ][2016-01-14 12:43:02,625][com.java.SeleniumDriver] [  918] - --------------------------setting values-----------------------------
[INFO ][2016-01-14 12:43:02,625][com.java.SeleniumDriver] [  921] - Action Type : STOREVALUE
[INFO ][2016-01-14 12:43:02,625][com.java.TestType] [ 9070] - field= TXTtxtDescription
[DEBUG][2016-01-14 12:43:03,710][com.java.TestType] [ 9084] - Key:: Test  Value:: VLTest58383
[INFO ][2016-01-14 12:43:03,710][com.java.SeleniumDriver] [  930] -  RESULT true
[INFO ][2016-01-14 12:43:03,710][com.java.SeleniumDriver] [ 1136] - ?   P A S S   ?
[INFO ][2016-01-14 12:43:03,710][com.java.SeleniumDriver] [  856] - ------------------------------------------
[INFO ][2016-01-14 12:43:03,710][com.java.SeleniumDriver] [  857] - Test case being Executed: 12
[INFO ][2016-01-14 12:43:03,710][com.java.SeleniumDriver] [  869] - Test step:14
[INFO ][2016-01-14 12:43:03,710][com.java.SeleniumDriver] [  881] - Datavalue is----------3
[INFO ][2016-01-14 12:43:03,710][com.java.SeleniumDriver] [  905] - DataField : test
[INFO ][2016-01-14 12:43:03,710][com.java.SeleniumDriver] [  907] - DataValue : 3
[INFO ][2016-01-14 12:43:03,710][com.java.SeleniumDriver] [  913] - <In Set values of the page>
[INFO ][2016-01-14 12:43:03,710][com.java.SeleniumDriver] [  916] - {Data Fields & Data Values Exist}
[INFO ][2016-01-14 12:43:03,710][com.java.SeleniumDriver] [  918] - --------------------------setting values-----------------------------
[INFO ][2016-01-14 12:43:03,710][com.java.SeleniumDriver] [  921] - Action Type : WAITTIME
[DEBUG][2016-01-14 12:43:03,711][com.java.TestType] [ 5950] - sleepTime: 3000
[INFO ][2016-01-14 12:43:06,711][com.java.SeleniumDriver] [  930] -  RESULT true
[INFO ][2016-01-14 12:43:06,711][com.java.SeleniumDriver] [ 1136] - ?   P A S S   ?
[INFO ][2016-01-14 12:43:06,711][com.java.SeleniumDriver] [  856] - ------------------------------------------
[INFO ][2016-01-14 12:43:06,711][com.java.SeleniumDriver] [  857] - Test case being Executed: 12
[INFO ][2016-01-14 12:43:06,711][com.java.SeleniumDriver] [  869] - Test step:15
[INFO ][2016-01-14 12:43:06,711][com.java.SeleniumDriver] [  881] - Datavalue is----------1.00
[INFO ][2016-01-14 12:43:06,711][com.java.SeleniumDriver] [  905] - DataField : TXTtxtWeight
[INFO ][2016-01-14 12:43:06,711][com.java.SeleniumDriver] [  907] - DataValue : 1.00
[INFO ][2016-01-14 12:43:06,711][com.java.SeleniumDriver] [  913] - <In Set values of the page>
[INFO ][2016-01-14 12:43:06,711][com.java.SeleniumDriver] [  916] - {Data Fields & Data Values Exist}
[INFO ][2016-01-14 12:43:06,711][com.java.SeleniumDriver] [  918] - --------------------------setting values-----------------------------
[INFO ][2016-01-14 12:43:06,712][com.java.SeleniumDriver] [  921] - Action Type : CLEARANDENTER
[INFO ][2016-01-14 12:43:07,864][com.java.TestType] [ 6136] - value = 1.00
[INFO ][2016-01-14 12:43:09,018][com.java.SeleniumDriver] [  930] -  RESULT true
[INFO ][2016-01-14 12:43:09,018][com.java.SeleniumDriver] [ 1136] - ?   P A S S   ?
[INFO ][2016-01-14 12:43:09,018][com.java.SeleniumDriver] [  856] - ------------------------------------------
[INFO ][2016-01-14 12:43:09,018][com.java.SeleniumDriver] [  857] - Test case being Executed: 12
[INFO ][2016-01-14 12:43:09,018][com.java.SeleniumDriver] [  869] - Test step:16
[INFO ][2016-01-14 12:43:09,018][com.java.SeleniumDriver] [  881] - Datavalue is----------Historical
[INFO ][2016-01-14 12:43:09,018][com.java.SeleniumDriver] [  905] - DataField : TXTtxtWeight
[INFO ][2016-01-14 12:43:09,018][com.java.SeleniumDriver] [  907] - DataValue : Historical
[INFO ][2016-01-14 12:43:09,018][com.java.SeleniumDriver] [  913] - <In Set values of the page>
[INFO ][2016-01-14 12:43:09,018][com.java.SeleniumDriver] [  916] - {Data Fields & Data Values Exist}
[INFO ][2016-01-14 12:43:09,019][com.java.SeleniumDriver] [  918] - --------------------------setting values-----------------------------
[INFO ][2016-01-14 12:43:09,019][com.java.SeleniumDriver] [  921] - Action Type : STOREVALUE
[INFO ][2016-01-14 12:43:09,019][com.java.TestType] [ 9070] - field= TXTtxtWeight
[DEBUG][2016-01-14 12:43:10,103][com.java.TestType] [ 9084] - Key:: Historical  Value:: 1.00
[INFO ][2016-01-14 12:43:10,103][com.java.SeleniumDriver] [  930] -  RESULT true
[INFO ][2016-01-14 12:43:10,104][com.java.SeleniumDriver] [ 1136] - ?   P A S S   ?
[INFO ][2016-01-14 12:43:10,104][com.java.SeleniumDriver] [  856] - ------------------------------------------
[INFO ][2016-01-14 12:43:10,104][com.java.SeleniumDriver] [  857] - Test case being Executed: 12
[INFO ][2016-01-14 12:43:10,104][com.java.SeleniumDriver] [  869] - Test step:17
[INFO ][2016-01-14 12:43:10,104][com.java.SeleniumDriver] [  881] - Datavalue is----------3
[INFO ][2016-01-14 12:43:10,104][com.java.SeleniumDriver] [  905] - DataField : test
[INFO ][2016-01-14 12:43:10,104][com.java.SeleniumDriver] [  907] - DataValue : 3
[INFO ][2016-01-14 12:43:10,104][com.java.SeleniumDriver] [  913] - <In Set values of the page>
[INFO ][2016-01-14 12:43:10,104][com.java.SeleniumDriver] [  916] - {Data Fields & Data Values Exist}
[INFO ][2016-01-14 12:43:10,104][com.java.SeleniumDriver] [  918] - --------------------------setting values-----------------------------
[INFO ][2016-01-14 12:43:10,104][com.java.SeleniumDriver] [  921] - Action Type : WAITTIME
[DEBUG][2016-01-14 12:43:10,104][com.java.TestType] [ 5950] - sleepTime: 3000
[INFO ][2016-01-14 12:43:13,105][com.java.SeleniumDriver] [  930] -  RESULT true
[INFO ][2016-01-14 12:43:13,105][com.java.SeleniumDriver] [ 1136] - ?   P A S S   ?
[INFO ][2016-01-14 12:43:13,105][com.java.SeleniumDriver] [  856] - ------------------------------------------
[INFO ][2016-01-14 12:43:13,105][com.java.SeleniumDriver] [  857] - Test case being Executed: 12
[INFO ][2016-01-14 12:43:13,105][com.java.SeleniumDriver] [  869] - Test step:18
[INFO ][2016-01-14 12:43:13,105][com.java.SeleniumDriver] [  881] - Datavalue is----------1.20
[INFO ][2016-01-14 12:43:13,105][com.java.SeleniumDriver] [  905] - DataField : TXTtxtWeight1
[INFO ][2016-01-14 12:43:13,105][com.java.SeleniumDriver] [  907] - DataValue : 1.20
[INFO ][2016-01-14 12:43:13,105][com.java.SeleniumDriver] [  913] - <In Set values of the page>
[INFO ][2016-01-14 12:43:13,105][com.java.SeleniumDriver] [  916] - {Data Fields & Data Values Exist}
[INFO ][2016-01-14 12:43:13,105][com.java.SeleniumDriver] [  918] - --------------------------setting values-----------------------------
[INFO ][2016-01-14 12:43:13,105][com.java.SeleniumDriver] [  921] - Action Type : CLEARANDENTER
[INFO ][2016-01-14 12:43:14,257][com.java.TestType] [ 6136] - value = 1.20
[INFO ][2016-01-14 12:43:15,412][com.java.SeleniumDriver] [  930] -  RESULT true
[INFO ][2016-01-14 12:43:15,412][com.java.SeleniumDriver] [ 1136] - ?   P A S S   ?
[INFO ][2016-01-14 12:43:15,412][com.java.SeleniumDriver] [  856] - ------------------------------------------
[INFO ][2016-01-14 12:43:15,412][com.java.SeleniumDriver] [  857] - Test case being Executed: 12
[INFO ][2016-01-14 12:43:15,412][com.java.SeleniumDriver] [  869] - Test step:19
[INFO ][2016-01-14 12:43:15,412][com.java.SeleniumDriver] [  881] - Datavalue is----------Economic
[INFO ][2016-01-14 12:43:15,412][com.java.SeleniumDriver] [  905] - DataField : TXTtxtWeight1
[INFO ][2016-01-14 12:43:15,412][com.java.SeleniumDriver] [  907] - DataValue : Economic
[INFO ][2016-01-14 12:43:15,412][com.java.SeleniumDriver] [  913] - <In Set values of the page>
[INFO ][2016-01-14 12:43:15,413][com.java.SeleniumDriver] [  916] - {Data Fields & Data Values Exist}
[INFO ][2016-01-14 12:43:15,414][com.java.SeleniumDriver] [  918] - --------------------------setting values-----------------------------
[INFO ][2016-01-14 12:43:15,414][com.java.SeleniumDriver] [  921] - Action Type : STOREVALUE
[INFO ][2016-01-14 12:43:15,414][com.java.TestType] [ 9070] - field= TXTtxtWeight1
[DEBUG][2016-01-14 12:43:16,499][com.java.TestType] [ 9084] - Key:: Economic  Value:: 1.20
[INFO ][2016-01-14 12:43:16,499][com.java.SeleniumDriver] [  930] -  RESULT true
[INFO ][2016-01-14 12:43:16,499][com.java.SeleniumDriver] [ 1136] - ?   P A S S   ?
[INFO ][2016-01-14 12:43:16,499][com.java.SeleniumDriver] [  856] - ------------------------------------------
[INFO ][2016-01-14 12:43:16,499][com.java.SeleniumDriver] [  857] - Test case being Executed: 12
[INFO ][2016-01-14 12:43:16,499][com.java.SeleniumDriver] [  869] - Test step:20
[INFO ][2016-01-14 12:43:16,499][com.java.SeleniumDriver] [  881] - Datavalue is----------3
[INFO ][2016-01-14 12:43:16,499][com.java.SeleniumDriver] [  905] - DataField : test
[INFO ][2016-01-14 12:43:16,500][com.java.SeleniumDriver] [  907] - DataValue : 3
[INFO ][2016-01-14 12:43:16,500][com.java.SeleniumDriver] [  913] - <In Set values of the page>
[INFO ][2016-01-14 12:43:16,500][com.java.SeleniumDriver] [  916] - {Data Fields & Data Values Exist}
[INFO ][2016-01-14 12:43:16,500][com.java.SeleniumDriver] [  918] - --------------------------setting values-----------------------------
[INFO ][2016-01-14 12:43:16,500][com.java.SeleniumDriver] [  921] - Action Type : WAITTIME
[DEBUG][2016-01-14 12:43:16,500][com.java.TestType] [ 5950] - sleepTime: 3000
[INFO ][2016-01-14 12:43:19,500][com.java.SeleniumDriver] [  930] -  RESULT true
[INFO ][2016-01-14 12:43:19,500][com.java.SeleniumDriver] [ 1136] - ?   P A S S   ?
[INFO ][2016-01-14 12:43:19,500][com.java.SeleniumDriver] [  856] - ------------------------------------------
[INFO ][2016-01-14 12:43:19,500][com.java.SeleniumDriver] [  857] - Test case being Executed: 12
[INFO ][2016-01-14 12:43:19,500][com.java.SeleniumDriver] [  869] - Test step:21
[INFO ][2016-01-14 12:43:19,500][com.java.SeleniumDriver] [  881] - Datavalue is----------0.50
[INFO ][2016-01-14 12:43:19,500][com.java.SeleniumDriver] [  905] - DataField : TXTtxtWeight2
[INFO ][2016-01-14 12:43:19,500][com.java.SeleniumDriver] [  907] - DataValue : 0.50
[INFO ][2016-01-14 12:43:19,500][com.java.SeleniumDriver] [  913] - <In Set values of the page>
[INFO ][2016-01-14 12:43:19,500][com.java.SeleniumDriver] [  916] - {Data Fields & Data Values Exist}
[INFO ][2016-01-14 12:43:19,500][com.java.SeleniumDriver] [  918] - --------------------------setting values-----------------------------
[INFO ][2016-01-14 12:43:19,500][com.java.SeleniumDriver] [  921] - Action Type : CLEARANDENTER
[INFO ][2016-01-14 12:43:20,653][com.java.TestType] [ 6136] - value = 0.50
[INFO ][2016-01-14 12:43:21,819][com.java.SeleniumDriver] [  930] -  RESULT true
[INFO ][2016-01-14 12:43:21,819][com.java.SeleniumDriver] [ 1136] - ?   P A S S   ?
[INFO ][2016-01-14 12:43:21,819][com.java.SeleniumDriver] [  856] - ------------------------------------------
[INFO ][2016-01-14 12:43:21,819][com.java.SeleniumDriver] [  857] - Test case being Executed: 12
[INFO ][2016-01-14 12:43:21,819][com.java.SeleniumDriver] [  869] - Test step:22
[INFO ][2016-01-14 12:43:21,819][com.java.SeleniumDriver] [  881] - Datavalue is----------Other
[INFO ][2016-01-14 12:43:21,819][com.java.SeleniumDriver] [  905] - DataField : TXTtxtWeight2
[INFO ][2016-01-14 12:43:21,819][com.java.SeleniumDriver] [  907] - DataValue : Other
[INFO ][2016-01-14 12:43:21,819][com.java.SeleniumDriver] [  913] - <In Set values of the page>
[INFO ][2016-01-14 12:43:21,820][com.java.SeleniumDriver] [  916] - {Data Fields & Data Values Exist}
[INFO ][2016-01-14 12:43:21,820][com.java.SeleniumDriver] [  918] - --------------------------setting values-----------------------------
[INFO ][2016-01-14 12:43:21,820][com.java.SeleniumDriver] [  921] - Action Type : STOREVALUE
[INFO ][2016-01-14 12:43:21,820][com.java.TestType] [ 9070] - field= TXTtxtWeight2
[DEBUG][2016-01-14 12:43:22,908][com.java.TestType] [ 9084] - Key:: Other  Value:: 0.50
[INFO ][2016-01-14 12:43:22,909][com.java.SeleniumDriver] [  930] -  RESULT true
[INFO ][2016-01-14 12:43:22,909][com.java.SeleniumDriver] [ 1136] - ?   P A S S   ?
[INFO ][2016-01-14 12:43:22,909][com.java.SeleniumDriver] [  856] - ------------------------------------------
[INFO ][2016-01-14 12:43:22,909][com.java.SeleniumDriver] [  857] - Test case being Executed: 12
[INFO ][2016-01-14 12:43:22,909][com.java.SeleniumDriver] [  869] - Test step:23
[INFO ][2016-01-14 12:43:22,909][com.java.SeleniumDriver] [  881] - Datavalue is----------3
[INFO ][2016-01-14 12:43:22,909][com.java.SeleniumDriver] [  905] - DataField : test
[INFO ][2016-01-14 12:43:22,909][com.java.SeleniumDriver] [  907] - DataValue : 3
[INFO ][2016-01-14 12:43:22,909][com.java.SeleniumDriver] [  913] - <In Set values of the page>
[INFO ][2016-01-14 12:43:22,910][com.java.SeleniumDriver] [  916] - {Data Fields & Data Values Exist}
[INFO ][2016-01-14 12:43:22,910][com.java.SeleniumDriver] [  918] - --------------------------setting values-----------------------------
[INFO ][2016-01-14 12:43:22,910][com.java.SeleniumDriver] [  921] - Action Type : WAITTIME
[DEBUG][2016-01-14 12:43:22,910][com.java.TestType] [ 5950] - sleepTime: 3000
[INFO ][2016-01-14 12:43:25,910][com.java.SeleniumDriver] [  930] -  RESULT true
[INFO ][2016-01-14 12:43:25,910][com.java.SeleniumDriver] [ 1136] - ?   P A S S   ?
[INFO ][2016-01-14 12:43:25,910][com.java.SeleniumDriver] [  856] - ------------------------------------------
[INFO ][2016-01-14 12:43:25,910][com.java.SeleniumDriver] [  857] - Test case being Executed: 12
[INFO ][2016-01-14 12:43:25,910][com.java.SeleniumDriver] [  869] - Test step:24
[INFO ][2016-01-14 12:43:25,910][com.java.SeleniumDriver] [  881] - Datavalue is----------null
[DEBUG][2016-01-14 12:43:25,910][com.java.SeleniumDriver] [  899] - Exception: null
[INFO ][2016-01-14 12:43:25,910][com.java.SeleniumDriver] [  905] - DataField : BTNchkRated
[INFO ][2016-01-14 12:43:25,910][com.java.SeleniumDriver] [  907] - DataValue : 
[INFO ][2016-01-14 12:43:25,910][com.java.SeleniumDriver] [  913] - <In Set values of the page>
[INFO ][2016-01-14 12:43:25,910][com.java.SeleniumDriver] [  916] - {Data Fields & Data Values Exist}
[INFO ][2016-01-14 12:43:25,911][com.java.SeleniumDriver] [  918] - --------------------------setting values-----------------------------
[INFO ][2016-01-14 12:43:25,911][com.java.SeleniumDriver] [  921] - Action Type : CLICK
[INFO ][2016-01-14 12:43:25,911][com.java.TestType] [ 6515] - Field ::BTNchkRated
[INFO ][2016-01-14 12:43:25,911][com.java.TestType] [ 6136] - value = 
[INFO ][2016-01-14 12:43:26,913][com.java.TestType] [ 6631] - BEFORE CLICK
[INFO ][2016-01-14 12:43:28,102][com.java.TestType] [ 6638] - Unable to click the object RatedLoan checkbox
[INFO ][2016-01-14 12:43:28,102][com.java.SeleniumDriver] [  930] -  RESULT true
[INFO ][2016-01-14 12:43:28,102][com.java.SeleniumDriver] [ 1136] - ?   P A S S   ?
[INFO ][2016-01-14 12:43:28,102][com.java.SeleniumDriver] [  856] - ------------------------------------------
[INFO ][2016-01-14 12:43:28,102][com.java.SeleniumDriver] [  857] - Test case being Executed: 12
[INFO ][2016-01-14 12:43:28,102][com.java.SeleniumDriver] [  869] - Test step:25
[INFO ][2016-01-14 12:43:28,102][com.java.SeleniumDriver] [  881] - Datavalue is----------null
[DEBUG][2016-01-14 12:43:28,102][com.java.SeleniumDriver] [  899] - Exception: null
[INFO ][2016-01-14 12:43:28,102][com.java.SeleniumDriver] [  905] - DataField : BTNparent
[INFO ][2016-01-14 12:43:28,102][com.java.SeleniumDriver] [  907] - DataValue : 
[INFO ][2016-01-14 12:43:28,102][com.java.SeleniumDriver] [  913] - <In Set values of the page>
[INFO ][2016-01-14 12:43:28,102][com.java.SeleniumDriver] [  916] - {Data Fields & Data Values Exist}
[INFO ][2016-01-14 12:43:28,102][com.java.SeleniumDriver] [  918] - --------------------------setting values-----------------------------
[INFO ][2016-01-14 12:43:28,103][com.java.SeleniumDriver] [  921] - Action Type : SELECTFRAME
[INFO ][2016-01-14 12:43:28,118][com.java.SeleniumDriver] [  930] -  RESULT true
[INFO ][2016-01-14 12:43:28,118][com.java.SeleniumDriver] [ 1136] - ?   P A S S   ?
[INFO ][2016-01-14 12:43:28,118][com.java.SeleniumDriver] [  856] - ------------------------------------------
[INFO ][2016-01-14 12:43:28,118][com.java.SeleniumDriver] [  857] - Test case being Executed: 12
[INFO ][2016-01-14 12:43:28,118][com.java.SeleniumDriver] [  869] - Test step:26
[INFO ][2016-01-14 12:43:28,118][com.java.SeleniumDriver] [  881] - Datavalue is----------5
[INFO ][2016-01-14 12:43:28,118][com.java.SeleniumDriver] [  905] - DataField : XPH//span[contains(text(), 'Update')]
[INFO ][2016-01-14 12:43:28,118][com.java.SeleniumDriver] [  907] - DataValue : 5
[INFO ][2016-01-14 12:43:28,118][com.java.SeleniumDriver] [  913] - <In Set values of the page>
[INFO ][2016-01-14 12:43:28,119][com.java.SeleniumDriver] [  916] - {Data Fields & Data Values Exist}
[INFO ][2016-01-14 12:43:28,119][com.java.SeleniumDriver] [  918] - --------------------------setting values-----------------------------
[INFO ][2016-01-14 12:43:28,119][com.java.SeleniumDriver] [  921] - Action Type : WAITFORELEMENT
[INFO ][2016-01-14 12:43:28,154][com.java.SeleniumDriver] [  930] -  RESULT true
[INFO ][2016-01-14 12:43:28,154][com.java.SeleniumDriver] [ 1136] - ?   P A S S   ?
[INFO ][2016-01-14 12:43:28,154][com.java.SeleniumDriver] [  856] - ------------------------------------------
[INFO ][2016-01-14 12:43:28,154][com.java.SeleniumDriver] [  857] - Test case being Executed: 12
[INFO ][2016-01-14 12:43:28,154][com.java.SeleniumDriver] [  869] - Test step:27
[INFO ][2016-01-14 12:43:28,155][com.java.SeleniumDriver] [  881] - Datavalue is----------null
[DEBUG][2016-01-14 12:43:28,155][com.java.SeleniumDriver] [  899] - Exception: null
[INFO ][2016-01-14 12:43:28,155][com.java.SeleniumDriver] [  905] - DataField : XPH//span[contains(text(), 'Update')]
[INFO ][2016-01-14 12:43:28,155][com.java.SeleniumDriver] [  907] - DataValue : 
[INFO ][2016-01-14 12:43:28,155][com.java.SeleniumDriver] [  913] - <In Set values of the page>
[INFO ][2016-01-14 12:43:28,155][com.java.SeleniumDriver] [  916] - {Data Fields & Data Values Exist}
[INFO ][2016-01-14 12:43:28,155][com.java.SeleniumDriver] [  918] - --------------------------setting values-----------------------------
[INFO ][2016-01-14 12:43:28,155][com.java.SeleniumDriver] [  921] - Action Type : CLICK
[INFO ][2016-01-14 12:43:28,155][com.java.TestType] [ 6515] - Field ::XPH//span[contains(text(), 'Update')]
[INFO ][2016-01-14 12:43:28,155][com.java.TestType] [ 6136] - value = 
[INFO ][2016-01-14 12:43:29,155][com.java.TestType] [ 6652] - BEFORE CLICK
[INFO ][2016-01-14 12:43:30,049][com.java.TestType] [ 6660] - Unable to click the object Update button
[INFO ][2016-01-14 12:43:30,049][com.java.SeleniumDriver] [  930] -  RESULT true
[INFO ][2016-01-14 12:43:30,049][com.java.SeleniumDriver] [ 1136] - ?   P A S S   ?
[INFO ][2016-01-14 12:43:30,049][com.java.SeleniumDriver] [  856] - ------------------------------------------
[INFO ][2016-01-14 12:43:30,049][com.java.SeleniumDriver] [  857] - Test case being Executed: 12
[INFO ][2016-01-14 12:43:30,049][com.java.SeleniumDriver] [  869] - Test step:28
[INFO ][2016-01-14 12:43:30,049][com.java.SeleniumDriver] [  881] - Datavalue is----------5
[INFO ][2016-01-14 12:43:30,049][com.java.SeleniumDriver] [  905] - DataField : XPH//span[contains(text(), 'Rated Loan Categories')]
[INFO ][2016-01-14 12:43:30,049][com.java.SeleniumDriver] [  907] - DataValue : 5
[INFO ][2016-01-14 12:43:30,049][com.java.SeleniumDriver] [  913] - <In Set values of the page>
[INFO ][2016-01-14 12:43:30,049][com.java.SeleniumDriver] [  916] - {Data Fields & Data Values Exist}
[INFO ][2016-01-14 12:43:30,049][com.java.SeleniumDriver] [  918] - --------------------------setting values-----------------------------
[INFO ][2016-01-14 12:43:30,050][com.java.SeleniumDriver] [  921] - Action Type : WAITFORELEMENT
[INFO ][2016-01-14 12:43:30,526][com.java.SeleniumDriver] [  930] -  RESULT true
[INFO ][2016-01-14 12:43:30,527][com.java.SeleniumDriver] [ 1136] - ?   P A S S   ?
[INFO ][2016-01-14 12:43:30,527][com.java.SeleniumDriver] [  856] - ------------------------------------------
[INFO ][2016-01-14 12:43:30,527][com.java.SeleniumDriver] [  857] - Test case being Executed: 12
[INFO ][2016-01-14 12:43:30,527][com.java.SeleniumDriver] [  869] - Test step:29
[INFO ][2016-01-14 12:43:30,527][com.java.SeleniumDriver] [  881] - Datavalue is----------null
[DEBUG][2016-01-14 12:43:30,527][com.java.SeleniumDriver] [  899] - Exception: null
[INFO ][2016-01-14 12:43:30,527][com.java.SeleniumDriver] [  905] - DataField : BTNframeDialogContent
[INFO ][2016-01-14 12:43:30,527][com.java.SeleniumDriver] [  907] - DataValue : 
[INFO ][2016-01-14 12:43:30,527][com.java.SeleniumDriver] [  913] - <In Set values of the page>
[INFO ][2016-01-14 12:43:30,527][com.java.SeleniumDriver] [  916] - {Data Fields & Data Values Exist}
[INFO ][2016-01-14 12:43:30,527][com.java.SeleniumDriver] [  918] - --------------------------setting values-----------------------------
[INFO ][2016-01-14 12:43:30,527][com.java.SeleniumDriver] [  921] - Action Type : SELECTFRAME
[INFO ][2016-01-14 12:43:31,805][com.java.SeleniumDriver] [  930] -  RESULT true
[INFO ][2016-01-14 12:43:31,805][com.java.SeleniumDriver] [ 1136] - ?   P A S S   ?
[INFO ][2016-01-14 12:43:31,805][com.java.SeleniumDriver] [  856] - ------------------------------------------
[INFO ][2016-01-14 12:43:31,805][com.java.SeleniumDriver] [  857] - Test case being Executed: 12
[INFO ][2016-01-14 12:43:31,805][com.java.SeleniumDriver] [  869] - Test step:30
[INFO ][2016-01-14 12:43:31,805][com.java.SeleniumDriver] [  881] - Datavalue is----------HMVTest
[INFO ][2016-01-14 12:43:31,805][com.java.SeleniumDriver] [  905] - DataField : MSG
[INFO ][2016-01-14 12:43:31,805][com.java.SeleniumDriver] [  907] - DataValue : HMVTest
[INFO ][2016-01-14 12:43:31,806][com.java.SeleniumDriver] [  913] - <In Set values of the page>
[INFO ][2016-01-14 12:43:31,806][com.java.SeleniumDriver] [  916] - {Data Fields & Data Values Exist}
[INFO ][2016-01-14 12:43:31,806][com.java.SeleniumDriver] [  918] - --------------------------setting values-----------------------------
[INFO ][2016-01-14 12:43:31,806][com.java.SeleniumDriver] [  921] - Action Type : VERIFY
[INFO ][2016-01-14 12:43:31,806][com.java.TestType] [ 7643] - field= MSG value= HMVTest
[INFO ][2016-01-14 12:43:31,806][com.java.TestType] [ 6136] - value = VLTest58383
[DEBUG][2016-01-14 12:43:31,806][com.java.TestType] [ 8473] - value :: VLTest58383
[INFO ][2016-01-14 12:43:31,823][com.java.SeleniumDriver] [  930] -  RESULT true
[INFO ][2016-01-14 12:43:31,823][com.java.SeleniumDriver] [ 1136] - ?   P A S S   ?
[INFO ][2016-01-14 12:43:31,823][com.java.SeleniumDriver] [  856] - ------------------------------------------
[INFO ][2016-01-14 12:43:31,823][com.java.SeleniumDriver] [  857] - Test case being Executed: 12
[INFO ][2016-01-14 12:43:31,823][com.java.SeleniumDriver] [  869] - Test step:31
[INFO ][2016-01-14 12:43:31,823][com.java.SeleniumDriver] [  881] - Datavalue is----------null
[DEBUG][2016-01-14 12:43:31,823][com.java.SeleniumDriver] [  899] - Exception: null
[INFO ][2016-01-14 12:43:31,823][com.java.SeleniumDriver] [  905] - DataField : BTNparent
[INFO ][2016-01-14 12:43:31,823][com.java.SeleniumDriver] [  907] - DataValue : 
[INFO ][2016-01-14 12:43:31,825][com.java.SeleniumDriver] [  913] - <In Set values of the page>
[INFO ][2016-01-14 12:43:31,825][com.java.SeleniumDriver] [  916] - {Data Fields & Data Values Exist}
[INFO ][2016-01-14 12:43:31,825][com.java.SeleniumDriver] [  918] - --------------------------setting values-----------------------------
[INFO ][2016-01-14 12:43:31,825][com.java.SeleniumDriver] [  921] - Action Type : SELECTFRAME
[INFO ][2016-01-14 12:43:31,840][com.java.SeleniumDriver] [  930] -  RESULT true
[INFO ][2016-01-14 12:43:31,840][com.java.SeleniumDriver] [ 1136] - ?   P A S S   ?
[INFO ][2016-01-14 12:43:31,840][com.java.SeleniumDriver] [  856] - ------------------------------------------
[INFO ][2016-01-14 12:43:31,840][com.java.SeleniumDriver] [  857] - Test case being Executed: 12
[INFO ][2016-01-14 12:43:31,840][com.java.SeleniumDriver] [  869] - Test step:32
[INFO ][2016-01-14 12:43:31,840][com.java.SeleniumDriver] [  881] - Datavalue is----------null
[DEBUG][2016-01-14 12:43:31,840][com.java.SeleniumDriver] [  899] - Exception: null
[INFO ][2016-01-14 12:43:31,840][com.java.SeleniumDriver] [  905] - DataField : XPH//span[contains(text(), 'Update')]
[INFO ][2016-01-14 12:43:31,841][com.java.SeleniumDriver] [  907] - DataValue : 
[INFO ][2016-01-14 12:43:31,841][com.java.SeleniumDriver] [  913] - <In Set values of the page>
[INFO ][2016-01-14 12:43:31,841][com.java.SeleniumDriver] [  916] - {Data Fields & Data Values Exist}
[INFO ][2016-01-14 12:43:31,841][com.java.SeleniumDriver] [  918] - --------------------------setting values-----------------------------
[INFO ][2016-01-14 12:43:31,841][com.java.SeleniumDriver] [  921] - Action Type : CLICK
[INFO ][2016-01-14 12:43:31,841][com.java.TestType] [ 6515] - Field ::XPH//span[contains(text(), 'Update')]
[INFO ][2016-01-14 12:43:31,841][com.java.TestType] [ 6136] - value = 
[INFO ][2016-01-14 12:43:32,842][com.java.TestType] [ 6652] - BEFORE CLICK
[INFO ][2016-01-14 12:43:34,074][com.java.TestType] [ 6660] - Unable to click the object Update button
[INFO ][2016-01-14 12:43:34,074][com.java.SeleniumDriver] [  930] -  RESULT true
[INFO ][2016-01-14 12:43:34,074][com.java.SeleniumDriver] [ 1136] - ?   P A S S   ?
[INFO ][2016-01-14 12:43:34,074][com.java.SeleniumDriver] [  856] - ------------------------------------------
[INFO ][2016-01-14 12:43:34,074][com.java.SeleniumDriver] [  857] - Test case being Executed: 12
[INFO ][2016-01-14 12:43:34,075][com.java.SeleniumDriver] [  869] - Test step:33
[INFO ][2016-01-14 12:43:34,075][com.java.SeleniumDriver] [  881] - Datavalue is----------3
[INFO ][2016-01-14 12:43:34,075][com.java.SeleniumDriver] [  905] - DataField : XPH//div[contains(text(), 'My Dashboard')]
[INFO ][2016-01-14 12:43:34,075][com.java.SeleniumDriver] [  907] - DataValue : 3
[INFO ][2016-01-14 12:43:34,075][com.java.SeleniumDriver] [  913] - <In Set values of the page>
[INFO ][2016-01-14 12:43:34,075][com.java.SeleniumDriver] [  916] - {Data Fields & Data Values Exist}
[INFO ][2016-01-14 12:43:34,075][com.java.SeleniumDriver] [  918] - --------------------------setting values-----------------------------
[INFO ][2016-01-14 12:43:34,075][com.java.SeleniumDriver] [  921] - Action Type : WAITFORELEMENT
[INFO ][2016-01-14 12:43:34,111][com.java.SeleniumDriver] [  930] -  RESULT true
[INFO ][2016-01-14 12:43:34,111][com.java.SeleniumDriver] [ 1136] - ?   P A S S   ?
[INFO ][2016-01-14 12:43:34,111][com.java.SeleniumDriver] [  856] - ------------------------------------------
[INFO ][2016-01-14 12:43:34,112][com.java.SeleniumDriver] [  857] - Test case being Executed: 12
[INFO ][2016-01-14 12:43:34,112][com.java.SeleniumDriver] [  869] - Test step:34
[INFO ][2016-01-14 12:43:34,112][com.java.SeleniumDriver] [  881] - Datavalue is----------My Dashboard
[INFO ][2016-01-14 12:43:34,112][com.java.SeleniumDriver] [  905] - DataField : XPH//div[contains(text(), 'My Dashboard')]
[INFO ][2016-01-14 12:43:34,112][com.java.SeleniumDriver] [  907] - DataValue : My Dashboard
[INFO ][2016-01-14 12:43:34,112][com.java.SeleniumDriver] [  913] - <In Set values of the page>
[INFO ][2016-01-14 12:43:34,112][com.java.SeleniumDriver] [  916] - {Data Fields & Data Values Exist}
[INFO ][2016-01-14 12:43:34,112][com.java.SeleniumDriver] [  918] - --------------------------setting values-----------------------------
[INFO ][2016-01-14 12:43:34,112][com.java.SeleniumDriver] [  921] - Action Type : VERIFY
[INFO ][2016-01-14 12:43:34,113][com.java.TestType] [ 7643] - field= XPH//div[contains(text(), 'My Dashboard')] value= My Dashboard
[INFO ][2016-01-14 12:43:34,113][com.java.TestType] [ 6136] - value = My Dashboard
[INFO ][2016-01-14 12:43:34,261][com.java.SeleniumDriver] [  930] -  RESULT true
[INFO ][2016-01-14 12:43:34,261][com.java.SeleniumDriver] [ 1136] - ?   P A S S   ?
[INFO ][2016-01-14 12:43:34,263][com.java.SeleniumDriver] [  856] - ------------------------------------------
[INFO ][2016-01-14 12:43:34,263][com.java.SeleniumDriver] [  857] - Test case being Executed: 12
[INFO ][2016-01-14 12:43:34,263][com.java.SeleniumDriver] [  869] - Test step:35
[INFO ][2016-01-14 12:43:34,263][com.java.SeleniumDriver] [  881] - Datavalue is----------null
[DEBUG][2016-01-14 12:43:34,263][com.java.SeleniumDriver] [  899] - Exception: null
[INFO ][2016-01-14 12:43:34,263][com.java.SeleniumDriver] [  905] - DataField : //span[@class='icon-user4']&&//a[text()='Company Settings']&&//a[@data-id="RatedLoans"]
[INFO ][2016-01-14 12:43:34,263][com.java.SeleniumDriver] [  907] - DataValue : 
[INFO ][2016-01-14 12:43:34,263][com.java.SeleniumDriver] [  913] - <In Set values of the page>
[INFO ][2016-01-14 12:43:34,263][com.java.SeleniumDriver] [  916] - {Data Fields & Data Values Exist}
[INFO ][2016-01-14 12:43:34,264][com.java.SeleniumDriver] [  918] - --------------------------setting values-----------------------------
[INFO ][2016-01-14 12:43:34,264][com.java.SeleniumDriver] [  921] - Action Type : MOUSEOVER
[INFO ][2016-01-14 12:44:01,107][com.java.SeleniumDriver] [  930] -  RESULT true
[INFO ][2016-01-14 12:44:01,107][com.java.SeleniumDriver] [ 1136] - ?   P A S S   ?
[INFO ][2016-01-14 12:44:01,107][com.java.SeleniumDriver] [  856] - ------------------------------------------
[INFO ][2016-01-14 12:44:01,107][com.java.SeleniumDriver] [  857] - Test case being Executed: 12
[INFO ][2016-01-14 12:44:01,107][com.java.SeleniumDriver] [  869] - Test step:36
[INFO ][2016-01-14 12:44:01,107][com.java.SeleniumDriver] [  881] - Datavalue is----------Rated Loan Categories
[INFO ][2016-01-14 12:44:01,107][com.java.SeleniumDriver] [  905] - DataField : XPH//span[contains(text(), 'Rated Loan Categories')]
[INFO ][2016-01-14 12:44:01,107][com.java.SeleniumDriver] [  907] - DataValue : Rated Loan Categories
[INFO ][2016-01-14 12:44:01,107][com.java.SeleniumDriver] [  913] - <In Set values of the page>
[INFO ][2016-01-14 12:44:01,107][com.java.SeleniumDriver] [  916] - {Data Fields & Data Values Exist}
[INFO ][2016-01-14 12:44:01,108][com.java.SeleniumDriver] [  918] - --------------------------setting values-----------------------------
[INFO ][2016-01-14 12:44:01,108][com.java.SeleniumDriver] [  921] - Action Type : VERIFY
[INFO ][2016-01-14 12:44:01,108][com.java.TestType] [ 7643] - field= XPH//span[contains(text(), 'Rated Loan Categories')] value= Rated Loan Categories
[INFO ][2016-01-14 12:44:01,108][com.java.TestType] [ 6136] - value = Rated Loan Categories
[INFO ][2016-01-14 12:44:01,238][com.java.SeleniumDriver] [  930] -  RESULT true
[INFO ][2016-01-14 12:44:01,238][com.java.SeleniumDriver] [ 1136] - ?   P A S S   ?
[INFO ][2016-01-14 12:44:01,238][com.java.SeleniumDriver] [  856] - ------------------------------------------
[INFO ][2016-01-14 12:44:01,238][com.java.SeleniumDriver] [  857] - Test case being Executed: 12
[INFO ][2016-01-14 12:44:01,238][com.java.SeleniumDriver] [  869] - Test step:37
[INFO ][2016-01-14 12:44:01,238][com.java.SeleniumDriver] [  881] - Datavalue is----------null
[DEBUG][2016-01-14 12:44:01,240][com.java.SeleniumDriver] [  899] - Exception: null
[INFO ][2016-01-14 12:44:01,240][com.java.SeleniumDriver] [  905] - DataField : BTNframeDialogContent
[INFO ][2016-01-14 12:44:01,240][com.java.SeleniumDriver] [  907] - DataValue : 
[INFO ][2016-01-14 12:44:01,240][com.java.SeleniumDriver] [  913] - <In Set values of the page>
[INFO ][2016-01-14 12:44:01,240][com.java.SeleniumDriver] [  916] - {Data Fields & Data Values Exist}
[INFO ][2016-01-14 12:44:01,240][com.java.SeleniumDriver] [  918] - --------------------------setting values-----------------------------
[INFO ][2016-01-14 12:44:01,240][com.java.SeleniumDriver] [  921] - Action Type : SELECTFRAME
[INFO ][2016-01-14 12:44:02,517][com.java.SeleniumDriver] [  930] -  RESULT true
[INFO ][2016-01-14 12:44:02,517][com.java.SeleniumDriver] [ 1136] - ?   P A S S   ?
[INFO ][2016-01-14 12:44:02,518][com.java.SeleniumDriver] [  856] - ------------------------------------------
[INFO ][2016-01-14 12:44:02,518][com.java.SeleniumDriver] [  857] - Test case being Executed: 12
[INFO ][2016-01-14 12:44:02,518][com.java.SeleniumDriver] [  869] - Test step:38
[INFO ][2016-01-14 12:44:02,518][com.java.SeleniumDriver] [  881] - Datavalue is----------Test
[INFO ][2016-01-14 12:44:02,518][com.java.SeleniumDriver] [  905] - DataField : MNC//table[@id="tblRatedLoans"]//input[@value='mytext']
[INFO ][2016-01-14 12:44:02,518][com.java.SeleniumDriver] [  907] - DataValue : Test
[INFO ][2016-01-14 12:44:02,518][com.java.SeleniumDriver] [  913] - <In Set values of the page>
[INFO ][2016-01-14 12:44:02,518][com.java.SeleniumDriver] [  916] - {Data Fields & Data Values Exist}
[INFO ][2016-01-14 12:44:02,518][com.java.SeleniumDriver] [  918] - --------------------------setting values-----------------------------
[INFO ][2016-01-14 12:44:02,518][com.java.SeleniumDriver] [  921] - Action Type : CLICK
[INFO ][2016-01-14 12:44:02,518][com.java.TestType] [ 6515] - Field ::MNC//table[@id="tblRatedLoans"]//input[@value='mytext']
[INFO ][2016-01-14 12:44:02,518][com.java.TestType] [ 6136] - value = Test
[INFO ][2016-01-14 12:44:03,662][com.java.SeleniumDriver] [  930] -  RESULT true
[INFO ][2016-01-14 12:44:03,662][com.java.SeleniumDriver] [ 1136] - ?   P A S S   ?
[INFO ][2016-01-14 12:44:03,662][com.java.SeleniumDriver] [  856] - ------------------------------------------
[INFO ][2016-01-14 12:44:03,662][com.java.SeleniumDriver] [  857] - Test case being Executed: 12
[INFO ][2016-01-14 12:44:03,662][com.java.SeleniumDriver] [  869] - Test step:39
[INFO ][2016-01-14 12:44:03,662][com.java.SeleniumDriver] [  881] - Datavalue is----------Test::RNDVLRobot
[INFO ][2016-01-14 12:44:03,662][com.java.SeleniumDriver] [  905] - DataField : PVP//table[@id="tblRatedLoans"]//input[@value='mytext']
[INFO ][2016-01-14 12:44:03,662][com.java.SeleniumDriver] [  907] - DataValue : Test::RNDVLRobot
[INFO ][2016-01-14 12:44:03,662][com.java.SeleniumDriver] [  913] - <In Set values of the page>
[INFO ][2016-01-14 12:44:03,662][com.java.SeleniumDriver] [  916] - {Data Fields & Data Values Exist}
[INFO ][2016-01-14 12:44:03,662][com.java.SeleniumDriver] [  918] - --------------------------setting values-----------------------------
[INFO ][2016-01-14 12:44:03,662][com.java.SeleniumDriver] [  921] - Action Type : CLEARANDENTER
[INFO ][2016-01-14 12:44:04,263][com.java.SeleniumDriver] [  930] -  RESULT true
[INFO ][2016-01-14 12:44:04,263][com.java.SeleniumDriver] [ 1136] - ?   P A S S   ?
[INFO ][2016-01-14 12:44:04,263][com.java.SeleniumDriver] [  856] - ------------------------------------------
[INFO ][2016-01-14 12:44:04,263][com.java.SeleniumDriver] [  857] - Test case being Executed: 12
[INFO ][2016-01-14 12:44:04,263][com.java.SeleniumDriver] [  869] - Test step:40
[INFO ][2016-01-14 12:44:04,263][com.java.SeleniumDriver] [  881] - Datavalue is----------Test::Description
[INFO ][2016-01-14 12:44:04,263][com.java.SeleniumDriver] [  905] - DataField : PVP//table[@id="tblRatedLoans"]//input[@value='mytext']
[INFO ][2016-01-14 12:44:04,263][com.java.SeleniumDriver] [  907] - DataValue : Test::Description
[INFO ][2016-01-14 12:44:04,263][com.java.SeleniumDriver] [  913] - <In Set values of the page>
[INFO ][2016-01-14 12:44:04,264][com.java.SeleniumDriver] [  916] - {Data Fields & Data Values Exist}
[INFO ][2016-01-14 12:44:04,264][com.java.SeleniumDriver] [  918] - --------------------------setting values-----------------------------
[INFO ][2016-01-14 12:44:04,264][com.java.SeleniumDriver] [  921] - Action Type : STOREVALUE
[INFO ][2016-01-14 12:44:04,264][com.java.TestType] [ 9070] - field= PVP//table[@id="tblRatedLoans"]//input[@value='mytext']
[DEBUG][2016-01-14 12:44:04,394][com.java.TestType] [ 9364] - Key:: Test::Description  Value:: VLRobot39987
[INFO ][2016-01-14 12:44:04,394][com.java.SeleniumDriver] [  930] -  RESULT true
[INFO ][2016-01-14 12:44:04,394][com.java.SeleniumDriver] [ 1136] - ?   P A S S   ?
[INFO ][2016-01-14 12:44:04,394][com.java.SeleniumDriver] [  856] - ------------------------------------------
[INFO ][2016-01-14 12:44:04,394][com.java.SeleniumDriver] [  857] - Test case being Executed: 12
[INFO ][2016-01-14 12:44:04,394][com.java.SeleniumDriver] [  869] - Test step:41
[INFO ][2016-01-14 12:44:04,394][com.java.SeleniumDriver] [  881] - Datavalue is----------Test
[INFO ][2016-01-14 12:44:04,394][com.java.SeleniumDriver] [  905] - DataField : MNC//table[@id="tblRatedLoans"]//input[@value='mytext']/parent::td/following-sibling::td[1]/input
[INFO ][2016-01-14 12:44:04,394][com.java.SeleniumDriver] [  907] - DataValue : Test
[INFO ][2016-01-14 12:44:04,394][com.java.SeleniumDriver] [  913] - <In Set values of the page>
[INFO ][2016-01-14 12:44:04,395][com.java.SeleniumDriver] [  916] - {Data Fields & Data Values Exist}
[INFO ][2016-01-14 12:44:04,395][com.java.SeleniumDriver] [  918] - --------------------------setting values-----------------------------
[INFO ][2016-01-14 12:44:04,395][com.java.SeleniumDriver] [  921] - Action Type : CLICK
[INFO ][2016-01-14 12:44:04,395][com.java.TestType] [ 6515] - Field ::MNC//table[@id="tblRatedLoans"]//input[@value='mytext']/parent::td/following-sibling::td[1]/input
[INFO ][2016-01-14 12:44:04,395][com.java.TestType] [ 6136] - value = Test
[INFO ][2016-01-14 12:44:05,555][com.java.SeleniumDriver] [  930] -  RESULT true
[INFO ][2016-01-14 12:44:05,555][com.java.SeleniumDriver] [ 1136] - ?   P A S S   ?
[INFO ][2016-01-14 12:44:05,555][com.java.SeleniumDriver] [  856] - ------------------------------------------
[INFO ][2016-01-14 12:44:05,555][com.java.SeleniumDriver] [  857] - Test case being Executed: 12
[INFO ][2016-01-14 12:44:05,555][com.java.SeleniumDriver] [  869] - Test step:42
[INFO ][2016-01-14 12:44:05,555][com.java.SeleniumDriver] [  881] - Datavalue is----------Test::1.01
[INFO ][2016-01-14 12:44:05,555][com.java.SeleniumDriver] [  905] - DataField : PVP//table[@id="tblRatedLoans"]//input[@value='mytext']/parent::td/following-sibling::td[1]/input
[INFO ][2016-01-14 12:44:05,556][com.java.SeleniumDriver] [  907] - DataValue : Test::1.01
[INFO ][2016-01-14 12:44:05,556][com.java.SeleniumDriver] [  913] - <In Set values of the page>
[INFO ][2016-01-14 12:44:05,556][com.java.SeleniumDriver] [  916] - {Data Fields & Data Values Exist}
[INFO ][2016-01-14 12:44:05,556][com.java.SeleniumDriver] [  918] - --------------------------setting values-----------------------------
[INFO ][2016-01-14 12:44:05,556][com.java.SeleniumDriver] [  921] - Action Type : CLEARANDENTER
[INFO ][2016-01-14 12:44:05,790][com.java.SeleniumDriver] [  930] -  RESULT true
[INFO ][2016-01-14 12:44:05,790][com.java.SeleniumDriver] [ 1136] - ?   P A S S   ?
[INFO ][2016-01-14 12:44:05,790][com.java.SeleniumDriver] [  856] - ------------------------------------------
[INFO ][2016-01-14 12:44:05,790][com.java.SeleniumDriver] [  857] - Test case being Executed: 12
[INFO ][2016-01-14 12:44:05,790][com.java.SeleniumDriver] [  869] - Test step:43
[INFO ][2016-01-14 12:44:05,790][com.java.SeleniumDriver] [  881] - Datavalue is----------Test::Historical
[INFO ][2016-01-14 12:44:05,790][com.java.SeleniumDriver] [  905] - DataField : PVP//table[@id="tblRatedLoans"]//input[@value='mytext']/parent::td/following-sibling::td[1]/input
[INFO ][2016-01-14 12:44:05,790][com.java.SeleniumDriver] [  907] - DataValue : Test::Historical
[INFO ][2016-01-14 12:44:05,790][com.java.SeleniumDriver] [  913] - <In Set values of the page>
[INFO ][2016-01-14 12:44:05,790][com.java.SeleniumDriver] [  916] - {Data Fields & Data Values Exist}
[INFO ][2016-01-14 12:44:05,790][com.java.SeleniumDriver] [  918] - --------------------------setting values-----------------------------
[INFO ][2016-01-14 12:44:05,791][com.java.SeleniumDriver] [  921] - Action Type : STOREVALUE
[INFO ][2016-01-14 12:44:05,791][com.java.TestType] [ 9070] - field= PVP//table[@id="tblRatedLoans"]//input[@value='mytext']/parent::td/following-sibling::td[1]/input
[DEBUG][2016-01-14 12:44:05,911][com.java.TestType] [ 9364] - Key:: Test::Historical  Value:: 1.01
[INFO ][2016-01-14 12:44:05,911][com.java.SeleniumDriver] [  930] -  RESULT true
[INFO ][2016-01-14 12:44:05,911][com.java.SeleniumDriver] [ 1136] - ?   P A S S   ?
[INFO ][2016-01-14 12:44:05,911][com.java.SeleniumDriver] [  856] - ------------------------------------------
[INFO ][2016-01-14 12:44:05,911][com.java.SeleniumDriver] [  857] - Test case being Executed: 12
[INFO ][2016-01-14 12:44:05,911][com.java.SeleniumDriver] [  869] - Test step:44
[INFO ][2016-01-14 12:44:05,911][com.java.SeleniumDriver] [  881] - Datavalue is----------Test
[INFO ][2016-01-14 12:44:05,911][com.java.SeleniumDriver] [  905] - DataField : MNC//table[@id="tblRatedLoans"]//input[@value='mytext']/parent::td/following-sibling::td[2]/input
[INFO ][2016-01-14 12:44:05,911][com.java.SeleniumDriver] [  907] - DataValue : Test
[INFO ][2016-01-14 12:44:05,912][com.java.SeleniumDriver] [  913] - <In Set values of the page>
[INFO ][2016-01-14 12:44:05,912][com.java.SeleniumDriver] [  916] - {Data Fields & Data Values Exist}
[INFO ][2016-01-14 12:44:05,912][com.java.SeleniumDriver] [  918] - --------------------------setting values-----------------------------
[INFO ][2016-01-14 12:44:05,912][com.java.SeleniumDriver] [  921] - Action Type : CLICK
[INFO ][2016-01-14 12:44:05,912][com.java.TestType] [ 6515] - Field ::MNC//table[@id="tblRatedLoans"]//input[@value='mytext']/parent::td/following-sibling::td[2]/input
[INFO ][2016-01-14 12:44:05,912][com.java.TestType] [ 6136] - value = Test
[INFO ][2016-01-14 12:44:07,071][com.java.SeleniumDriver] [  930] -  RESULT true
[INFO ][2016-01-14 12:44:07,071][com.java.SeleniumDriver] [ 1136] - ?   P A S S   ?
[INFO ][2016-01-14 12:44:07,071][com.java.SeleniumDriver] [  856] - ------------------------------------------
[INFO ][2016-01-14 12:44:07,071][com.java.SeleniumDriver] [  857] - Test case being Executed: 12
[INFO ][2016-01-14 12:44:07,071][com.java.SeleniumDriver] [  869] - Test step:45
[INFO ][2016-01-14 12:44:07,071][com.java.SeleniumDriver] [  881] - Datavalue is----------Test::1.21
[INFO ][2016-01-14 12:44:07,071][com.java.SeleniumDriver] [  905] - DataField : PVP//table[@id="tblRatedLoans"]//input[@value='mytext']/parent::td/following-sibling::td[2]/input
[INFO ][2016-01-14 12:44:07,071][com.java.SeleniumDriver] [  907] - DataValue : Test::1.21
[INFO ][2016-01-14 12:44:07,071][com.java.SeleniumDriver] [  913] - <In Set values of the page>
[INFO ][2016-01-14 12:44:07,071][com.java.SeleniumDriver] [  916] - {Data Fields & Data Values Exist}
[INFO ][2016-01-14 12:44:07,072][com.java.SeleniumDriver] [  918] - --------------------------setting values-----------------------------
[INFO ][2016-01-14 12:44:07,073][com.java.SeleniumDriver] [  921] - Action Type : CLEARANDENTER
[INFO ][2016-01-14 12:44:07,306][com.java.SeleniumDriver] [  930] -  RESULT true
[INFO ][2016-01-14 12:44:07,306][com.java.SeleniumDriver] [ 1136] - ?   P A S S   ?
[INFO ][2016-01-14 12:44:07,306][com.java.SeleniumDriver] [  856] - ------------------------------------------
[INFO ][2016-01-14 12:44:07,306][com.java.SeleniumDriver] [  857] - Test case being Executed: 12
[INFO ][2016-01-14 12:44:07,306][com.java.SeleniumDriver] [  869] - Test step:46
[INFO ][2016-01-14 12:44:07,306][com.java.SeleniumDriver] [  881] - Datavalue is----------Test::Economic
[INFO ][2016-01-14 12:44:07,306][com.java.SeleniumDriver] [  905] - DataField : PVP//table[@id="tblRatedLoans"]//input[@value='mytext']/parent::td/following-sibling::td[2]/input
[INFO ][2016-01-14 12:44:07,306][com.java.SeleniumDriver] [  907] - DataValue : Test::Economic
[INFO ][2016-01-14 12:44:07,306][com.java.SeleniumDriver] [  913] - <In Set values of the page>
[INFO ][2016-01-14 12:44:07,306][com.java.SeleniumDriver] [  916] - {Data Fields & Data Values Exist}
[INFO ][2016-01-14 12:44:07,307][com.java.SeleniumDriver] [  918] - --------------------------setting values-----------------------------
[INFO ][2016-01-14 12:44:07,307][com.java.SeleniumDriver] [  921] - Action Type : STOREVALUE
[INFO ][2016-01-14 12:44:07,307][com.java.TestType] [ 9070] - field= PVP//table[@id="tblRatedLoans"]//input[@value='mytext']/parent::td/following-sibling::td[2]/input
[DEBUG][2016-01-14 12:44:07,428][com.java.TestType] [ 9364] - Key:: Test::Economic  Value:: 1.21
[INFO ][2016-01-14 12:44:07,428][com.java.SeleniumDriver] [  930] -  RESULT true
[INFO ][2016-01-14 12:44:07,428][com.java.SeleniumDriver] [ 1136] - ?   P A S S   ?
[INFO ][2016-01-14 12:44:07,428][com.java.SeleniumDriver] [  856] - ------------------------------------------
[INFO ][2016-01-14 12:44:07,428][com.java.SeleniumDriver] [  857] - Test case being Executed: 12
[INFO ][2016-01-14 12:44:07,428][com.java.SeleniumDriver] [  869] - Test step:47
[INFO ][2016-01-14 12:44:07,428][com.java.SeleniumDriver] [  881] - Datavalue is----------Test
[INFO ][2016-01-14 12:44:07,428][com.java.SeleniumDriver] [  905] - DataField : MNC//table[@id="tblRatedLoans"]//input[@value='mytext']/parent::td/following-sibling::td[3]/input
[INFO ][2016-01-14 12:44:07,428][com.java.SeleniumDriver] [  907] - DataValue : Test
[INFO ][2016-01-14 12:44:07,428][com.java.SeleniumDriver] [  913] - <In Set values of the page>
[INFO ][2016-01-14 12:44:07,428][com.java.SeleniumDriver] [  916] - {Data Fields & Data Values Exist}
[INFO ][2016-01-14 12:44:07,428][com.java.SeleniumDriver] [  918] - --------------------------setting values-----------------------------
[INFO ][2016-01-14 12:44:07,429][com.java.SeleniumDriver] [  921] - Action Type : CLICK
[INFO ][2016-01-14 12:44:07,429][com.java.TestType] [ 6515] - Field ::MNC//table[@id="tblRatedLoans"]//input[@value='mytext']/parent::td/following-sibling::td[3]/input
[INFO ][2016-01-14 12:44:07,429][com.java.TestType] [ 6136] - value = Test
[INFO ][2016-01-14 12:44:08,585][com.java.SeleniumDriver] [  930] -  RESULT true
[INFO ][2016-01-14 12:44:08,585][com.java.SeleniumDriver] [ 1136] - ?   P A S S   ?
[INFO ][2016-01-14 12:44:08,585][com.java.SeleniumDriver] [  856] - ------------------------------------------
[INFO ][2016-01-14 12:44:08,585][com.java.SeleniumDriver] [  857] - Test case being Executed: 12
[INFO ][2016-01-14 12:44:08,585][com.java.SeleniumDriver] [  869] - Test step:48
[INFO ][2016-01-14 12:44:08,585][com.java.SeleniumDriver] [  881] - Datavalue is----------Test::0.51
[INFO ][2016-01-14 12:44:08,585][com.java.SeleniumDriver] [  905] - DataField : PVP//table[@id="tblRatedLoans"]//input[@value='mytext']/parent::td/following-sibling::td[3]/input
[INFO ][2016-01-14 12:44:08,585][com.java.SeleniumDriver] [  907] - DataValue : Test::0.51
[INFO ][2016-01-14 12:44:08,585][com.java.SeleniumDriver] [  913] - <In Set values of the page>
[INFO ][2016-01-14 12:44:08,585][com.java.SeleniumDriver] [  916] - {Data Fields & Data Values Exist}
[INFO ][2016-01-14 12:44:08,585][com.java.SeleniumDriver] [  918] - --------------------------setting values-----------------------------
[INFO ][2016-01-14 12:44:08,585][com.java.SeleniumDriver] [  921] - Action Type : CLEARANDENTER
[INFO ][2016-01-14 12:44:08,822][com.java.SeleniumDriver] [  930] -  RESULT true
[INFO ][2016-01-14 12:44:08,822][com.java.SeleniumDriver] [ 1136] - ?   P A S S   ?
[INFO ][2016-01-14 12:44:08,822][com.java.SeleniumDriver] [  856] - ------------------------------------------
[INFO ][2016-01-14 12:44:08,822][com.java.SeleniumDriver] [  857] - Test case being Executed: 12
[INFO ][2016-01-14 12:44:08,822][com.java.SeleniumDriver] [  869] - Test step:49
[INFO ][2016-01-14 12:44:08,822][com.java.SeleniumDriver] [  881] - Datavalue is----------Test::Other
[INFO ][2016-01-14 12:44:08,822][com.java.SeleniumDriver] [  905] - DataField : PVP//table[@id="tblRatedLoans"]//input[@value='mytext']/parent::td/following-sibling::td[3]/input
[INFO ][2016-01-14 12:44:08,822][com.java.SeleniumDriver] [  907] - DataValue : Test::Other
[INFO ][2016-01-14 12:44:08,822][com.java.SeleniumDriver] [  913] - <In Set values of the page>
[INFO ][2016-01-14 12:44:08,822][com.java.SeleniumDriver] [  916] - {Data Fields & Data Values Exist}
[INFO ][2016-01-14 12:44:08,822][com.java.SeleniumDriver] [  918] - --------------------------setting values-----------------------------
[INFO ][2016-01-14 12:44:08,822][com.java.SeleniumDriver] [  921] - Action Type : STOREVALUE
[INFO ][2016-01-14 12:44:08,822][com.java.TestType] [ 9070] - field= PVP//table[@id="tblRatedLoans"]//input[@value='mytext']/parent::td/following-sibling::td[3]/input
[DEBUG][2016-01-14 12:44:08,942][com.java.TestType] [ 9364] - Key:: Test::Other  Value:: 0.51
[INFO ][2016-01-14 12:44:08,942][com.java.SeleniumDriver] [  930] -  RESULT true
[INFO ][2016-01-14 12:44:08,942][com.java.SeleniumDriver] [ 1136] - ?   P A S S   ?
[INFO ][2016-01-14 12:44:08,942][com.java.SeleniumDriver] [  856] - ------------------------------------------
[INFO ][2016-01-14 12:44:08,942][com.java.SeleniumDriver] [  857] - Test case being Executed: 12
[INFO ][2016-01-14 12:44:08,942][com.java.SeleniumDriver] [  869] - Test step:50
[INFO ][2016-01-14 12:44:08,942][com.java.SeleniumDriver] [  881] - Datavalue is----------Test
[INFO ][2016-01-14 12:44:08,942][com.java.SeleniumDriver] [  905] - DataField : MNC//table[@id="tblRatedLoans"]//input[@value='mytext']/parent::td/following-sibling::td[4]/input
[INFO ][2016-01-14 12:44:08,942][com.java.SeleniumDriver] [  907] - DataValue : Test
[INFO ][2016-01-14 12:44:08,942][com.java.SeleniumDriver] [  913] - <In Set values of the page>
[INFO ][2016-01-14 12:44:08,942][com.java.SeleniumDriver] [  916] - {Data Fields & Data Values Exist}
[INFO ][2016-01-14 12:44:08,942][com.java.SeleniumDriver] [  918] - --------------------------setting values-----------------------------
[INFO ][2016-01-14 12:44:08,943][com.java.SeleniumDriver] [  921] - Action Type : CLICK
[INFO ][2016-01-14 12:44:08,943][com.java.TestType] [ 6515] - Field ::MNC//table[@id="tblRatedLoans"]//input[@value='mytext']/parent::td/following-sibling::td[4]/input
[INFO ][2016-01-14 12:44:08,943][com.java.TestType] [ 6136] - value = Test
[INFO ][2016-01-14 12:44:10,108][com.java.SeleniumDriver] [  930] -  RESULT true
[INFO ][2016-01-14 12:44:10,108][com.java.SeleniumDriver] [ 1136] - ?   P A S S   ?
[INFO ][2016-01-14 12:44:10,108][com.java.SeleniumDriver] [  856] - ------------------------------------------
[INFO ][2016-01-14 12:44:10,108][com.java.SeleniumDriver] [  857] - Test case being Executed: 12
[INFO ][2016-01-14 12:44:10,108][com.java.SeleniumDriver] [  869] - Test step:51
[INFO ][2016-01-14 12:44:10,108][com.java.SeleniumDriver] [  881] - Datavalue is----------null
[DEBUG][2016-01-14 12:44:10,108][com.java.SeleniumDriver] [  899] - Exception: null
[INFO ][2016-01-14 12:44:10,110][com.java.SeleniumDriver] [  905] - DataField : BTNparent
[INFO ][2016-01-14 12:44:10,110][com.java.SeleniumDriver] [  907] - DataValue : 
[INFO ][2016-01-14 12:44:10,110][com.java.SeleniumDriver] [  913] - <In Set values of the page>
[INFO ][2016-01-14 12:44:10,110][com.java.SeleniumDriver] [  916] - {Data Fields & Data Values Exist}
[INFO ][2016-01-14 12:44:10,110][com.java.SeleniumDriver] [  918] - --------------------------setting values-----------------------------
[INFO ][2016-01-14 12:44:10,110][com.java.SeleniumDriver] [  921] - Action Type : SELECTFRAME
[INFO ][2016-01-14 12:44:10,126][com.java.SeleniumDriver] [  930] -  RESULT true
[INFO ][2016-01-14 12:44:10,126][com.java.SeleniumDriver] [ 1136] - ?   P A S S   ?
[INFO ][2016-01-14 12:44:10,126][com.java.SeleniumDriver] [  856] - ------------------------------------------
[INFO ][2016-01-14 12:44:10,126][com.java.SeleniumDriver] [  857] - Test case being Executed: 12
[INFO ][2016-01-14 12:44:10,126][com.java.SeleniumDriver] [  869] - Test step:52
[INFO ][2016-01-14 12:44:10,126][com.java.SeleniumDriver] [  881] - Datavalue is----------5
[INFO ][2016-01-14 12:44:10,126][com.java.SeleniumDriver] [  905] - DataField : XPH//span[contains(text(), 'Update')]
[INFO ][2016-01-14 12:44:10,126][com.java.SeleniumDriver] [  907] - DataValue : 5
[INFO ][2016-01-14 12:44:10,126][com.java.SeleniumDriver] [  913] - <In Set values of the page>
[INFO ][2016-01-14 12:44:10,126][com.java.SeleniumDriver] [  916] - {Data Fields & Data Values Exist}
[INFO ][2016-01-14 12:44:10,126][com.java.SeleniumDriver] [  918] - --------------------------setting values-----------------------------
[INFO ][2016-01-14 12:44:10,127][com.java.SeleniumDriver] [  921] - Action Type : WAITFORELEMENT
[INFO ][2016-01-14 12:44:10,161][com.java.SeleniumDriver] [  930] -  RESULT true
[INFO ][2016-01-14 12:44:10,163][com.java.SeleniumDriver] [ 1136] - ?   P A S S   ?
[INFO ][2016-01-14 12:44:10,163][com.java.SeleniumDriver] [  856] - ------------------------------------------
[INFO ][2016-01-14 12:44:10,163][com.java.SeleniumDriver] [  857] - Test case being Executed: 12
[INFO ][2016-01-14 12:44:10,163][com.java.SeleniumDriver] [  869] - Test step:53
[INFO ][2016-01-14 12:44:10,163][com.java.SeleniumDriver] [  881] - Datavalue is----------null
[DEBUG][2016-01-14 12:44:10,163][com.java.SeleniumDriver] [  899] - Exception: null
[INFO ][2016-01-14 12:44:10,163][com.java.SeleniumDriver] [  905] - DataField : XPH//span[contains(text(), 'Update')]
[INFO ][2016-01-14 12:44:10,163][com.java.SeleniumDriver] [  907] - DataValue : 
[INFO ][2016-01-14 12:44:10,163][com.java.SeleniumDriver] [  913] - <In Set values of the page>
[INFO ][2016-01-14 12:44:10,163][com.java.SeleniumDriver] [  916] - {Data Fields & Data Values Exist}
[INFO ][2016-01-14 12:44:10,163][com.java.SeleniumDriver] [  918] - --------------------------setting values-----------------------------
[INFO ][2016-01-14 12:44:10,163][com.java.SeleniumDriver] [  921] - Action Type : CLICK
[INFO ][2016-01-14 12:44:10,163][com.java.TestType] [ 6515] - Field ::XPH//span[contains(text(), 'Update')]
[INFO ][2016-01-14 12:44:10,164][com.java.TestType] [ 6136] - value = 
[INFO ][2016-01-14 12:44:11,164][com.java.TestType] [ 6652] - BEFORE CLICK
[INFO ][2016-01-14 12:44:12,444][com.java.TestType] [ 6660] - Unable to click the object Update button
[INFO ][2016-01-14 12:44:12,444][com.java.SeleniumDriver] [  930] -  RESULT true
[INFO ][2016-01-14 12:44:12,444][com.java.SeleniumDriver] [ 1136] - ?   P A S S   ?
[INFO ][2016-01-14 12:44:12,444][com.java.SeleniumDriver] [  856] - ------------------------------------------
[INFO ][2016-01-14 12:44:12,444][com.java.SeleniumDriver] [  857] - Test case being Executed: 12
[INFO ][2016-01-14 12:44:12,444][com.java.SeleniumDriver] [  869] - Test step:54
[INFO ][2016-01-14 12:44:12,444][com.java.SeleniumDriver] [  881] - Datavalue is----------3
[INFO ][2016-01-14 12:44:12,444][com.java.SeleniumDriver] [  905] - DataField : XPH//div[contains(text(), 'My Dashboard')]
[INFO ][2016-01-14 12:44:12,444][com.java.SeleniumDriver] [  907] - DataValue : 3
[INFO ][2016-01-14 12:44:12,444][com.java.SeleniumDriver] [  913] - <In Set values of the page>
[INFO ][2016-01-14 12:44:12,444][com.java.SeleniumDriver] [  916] - {Data Fields & Data Values Exist}
[INFO ][2016-01-14 12:44:12,444][com.java.SeleniumDriver] [  918] - --------------------------setting values-----------------------------
[INFO ][2016-01-14 12:44:12,445][com.java.SeleniumDriver] [  921] - Action Type : WAITFORELEMENT
[INFO ][2016-01-14 12:44:12,481][com.java.SeleniumDriver] [  930] -  RESULT true
[INFO ][2016-01-14 12:44:12,481][com.java.SeleniumDriver] [ 1136] - ?   P A S S   ?
[INFO ][2016-01-14 12:44:12,481][com.java.SeleniumDriver] [  856] - ------------------------------------------
[INFO ][2016-01-14 12:44:12,483][com.java.SeleniumDriver] [  857] - Test case being Executed: 12
[INFO ][2016-01-14 12:44:12,483][com.java.SeleniumDriver] [  869] - Test step:55
[INFO ][2016-01-14 12:44:12,483][com.java.SeleniumDriver] [  881] - Datavalue is----------My Dashboard
[INFO ][2016-01-14 12:44:12,483][com.java.SeleniumDriver] [  905] - DataField : XPH//div[contains(text(), 'My Dashboard')]
[INFO ][2016-01-14 12:44:12,483][com.java.SeleniumDriver] [  907] - DataValue : My Dashboard
[INFO ][2016-01-14 12:44:12,483][com.java.SeleniumDriver] [  913] - <In Set values of the page>
[INFO ][2016-01-14 12:44:12,483][com.java.SeleniumDriver] [  916] - {Data Fields & Data Values Exist}
[INFO ][2016-01-14 12:44:12,484][com.java.SeleniumDriver] [  918] - --------------------------setting values-----------------------------
[INFO ][2016-01-14 12:44:12,484][com.java.SeleniumDriver] [  921] - Action Type : VERIFY
[INFO ][2016-01-14 12:44:12,484][com.java.TestType] [ 7643] - field= XPH//div[contains(text(), 'My Dashboard')] value= My Dashboard
[INFO ][2016-01-14 12:44:12,484][com.java.TestType] [ 6136] - value = My Dashboard
[INFO ][2016-01-14 12:44:12,601][com.java.SeleniumDriver] [  930] -  RESULT true
[INFO ][2016-01-14 12:44:12,601][com.java.SeleniumDriver] [ 1136] - ?   P A S S   ?
[INFO ][2016-01-14 12:44:12,601][com.java.SeleniumDriver] [  856] - ------------------------------------------
[INFO ][2016-01-14 12:44:12,601][com.java.SeleniumDriver] [  857] - Test case being Executed: 12
[INFO ][2016-01-14 12:44:12,601][com.java.SeleniumDriver] [  869] - Test step:56
[INFO ][2016-01-14 12:44:12,601][com.java.SeleniumDriver] [  881] - Datavalue is----------null
[DEBUG][2016-01-14 12:44:12,601][com.java.SeleniumDriver] [  899] - Exception: null
[INFO ][2016-01-14 12:44:12,601][com.java.SeleniumDriver] [  905] - DataField : //span[@class='icon-user4']&&//a[text()='Company Settings']&&//a[@data-id="RatedLoans"]
[INFO ][2016-01-14 12:44:12,602][com.java.SeleniumDriver] [  907] - DataValue : 
[INFO ][2016-01-14 12:44:12,602][com.java.SeleniumDriver] [  913] - <In Set values of the page>
[INFO ][2016-01-14 12:44:12,602][com.java.SeleniumDriver] [  916] - {Data Fields & Data Values Exist}
[INFO ][2016-01-14 12:44:12,602][com.java.SeleniumDriver] [  918] - --------------------------setting values-----------------------------
[INFO ][2016-01-14 12:44:12,602][com.java.SeleniumDriver] [  921] - Action Type : MOUSEOVER
[INFO ][2016-01-14 12:44:39,440][com.java.SeleniumDriver] [  930] -  RESULT true
[INFO ][2016-01-14 12:44:39,440][com.java.SeleniumDriver] [ 1136] - ?   P A S S   ?
[INFO ][2016-01-14 12:44:39,440][com.java.SeleniumDriver] [  856] - ------------------------------------------
[INFO ][2016-01-14 12:44:39,440][com.java.SeleniumDriver] [  857] - Test case being Executed: 12
[INFO ][2016-01-14 12:44:39,440][com.java.SeleniumDriver] [  869] - Test step:57
[INFO ][2016-01-14 12:44:39,440][com.java.SeleniumDriver] [  881] - Datavalue is----------Rated Loan Categories
[INFO ][2016-01-14 12:44:39,440][com.java.SeleniumDriver] [  905] - DataField : XPH//span[contains(text(), 'Rated Loan Categories')]
[INFO ][2016-01-14 12:44:39,440][com.java.SeleniumDriver] [  907] - DataValue : Rated Loan Categories
[INFO ][2016-01-14 12:44:39,440][com.java.SeleniumDriver] [  913] - <In Set values of the page>
[INFO ][2016-01-14 12:44:39,440][com.java.SeleniumDriver] [  916] - {Data Fields & Data Values Exist}
[INFO ][2016-01-14 12:44:39,440][com.java.SeleniumDriver] [  918] - --------------------------setting values-----------------------------
[INFO ][2016-01-14 12:44:39,440][com.java.SeleniumDriver] [  921] - Action Type : VERIFY
[INFO ][2016-01-14 12:44:39,441][com.java.TestType] [ 7643] - field= XPH//span[contains(text(), 'Rated Loan Categories')] value= Rated Loan Categories
[INFO ][2016-01-14 12:44:39,441][com.java.TestType] [ 6136] - value = Rated Loan Categories
[INFO ][2016-01-14 12:44:39,572][com.java.SeleniumDriver] [  930] -  RESULT true
[INFO ][2016-01-14 12:44:39,572][com.java.SeleniumDriver] [ 1136] - ?   P A S S   ?
[INFO ][2016-01-14 12:44:39,572][com.java.SeleniumDriver] [  856] - ------------------------------------------
[INFO ][2016-01-14 12:44:39,572][com.java.SeleniumDriver] [  857] - Test case being Executed: 12
[INFO ][2016-01-14 12:44:39,572][com.java.SeleniumDriver] [  869] - Test step:58
[INFO ][2016-01-14 12:44:39,572][com.java.SeleniumDriver] [  881] - Datavalue is----------null
[DEBUG][2016-01-14 12:44:39,573][com.java.SeleniumDriver] [  899] - Exception: null
[INFO ][2016-01-14 12:44:39,573][com.java.SeleniumDriver] [  905] - DataField : BTNframeDialogContent
[INFO ][2016-01-14 12:44:39,573][com.java.SeleniumDriver] [  907] - DataValue : 
[INFO ][2016-01-14 12:44:39,573][com.java.SeleniumDriver] [  913] - <In Set values of the page>
[INFO ][2016-01-14 12:44:39,573][com.java.SeleniumDriver] [  916] - {Data Fields & Data Values Exist}
[INFO ][2016-01-14 12:44:39,573][com.java.SeleniumDriver] [  918] - --------------------------setting values-----------------------------
[INFO ][2016-01-14 12:44:39,573][com.java.SeleniumDriver] [  921] - Action Type : SELECTFRAME
[INFO ][2016-01-14 12:44:40,840][com.java.SeleniumDriver] [  930] -  RESULT true
[INFO ][2016-01-14 12:44:40,840][com.java.SeleniumDriver] [ 1136] - ?   P A S S   ?
[INFO ][2016-01-14 12:44:40,841][com.java.SeleniumDriver] [  856] - ------------------------------------------
[INFO ][2016-01-14 12:44:40,841][com.java.SeleniumDriver] [  857] - Test case being Executed: 12
[INFO ][2016-01-14 12:44:40,841][com.java.SeleniumDriver] [  869] - Test step:59
[INFO ][2016-01-14 12:44:40,841][com.java.SeleniumDriver] [  881] - Datavalue is----------Description::Description
[INFO ][2016-01-14 12:44:40,841][com.java.SeleniumDriver] [  905] - DataField : PVP//table[@id="tblRatedLoans"]//input[@value='mytext']/parent::td/input[1]
[INFO ][2016-01-14 12:44:40,841][com.java.SeleniumDriver] [  907] - DataValue : Description::Description
[INFO ][2016-01-14 12:44:40,841][com.java.SeleniumDriver] [  913] - <In Set values of the page>
[INFO ][2016-01-14 12:44:40,841][com.java.SeleniumDriver] [  916] - {Data Fields & Data Values Exist}
[INFO ][2016-01-14 12:44:40,841][com.java.SeleniumDriver] [  918] - --------------------------setting values-----------------------------
[INFO ][2016-01-14 12:44:40,841][com.java.SeleniumDriver] [  921] - Action Type : VERIFY
[INFO ][2016-01-14 12:44:40,841][com.java.TestType] [ 7643] - field= PVP//table[@id="tblRatedLoans"]//input[@value='mytext']/parent::td/input[1] value= Description::Description
[INFO ][2016-01-14 12:44:40,841][com.java.TestType] [ 6136] - value = Description::Description
[INFO ][2016-01-14 12:44:40,963][com.java.SeleniumDriver] [  930] -  RESULT true
[INFO ][2016-01-14 12:44:40,963][com.java.SeleniumDriver] [ 1136] - ?   P A S S   ?
[INFO ][2016-01-14 12:44:40,963][com.java.SeleniumDriver] [  856] - ------------------------------------------
[INFO ][2016-01-14 12:44:40,963][com.java.SeleniumDriver] [  857] - Test case being Executed: 12
[INFO ][2016-01-14 12:44:40,963][com.java.SeleniumDriver] [  869] - Test step:60
[INFO ][2016-01-14 12:44:40,963][com.java.SeleniumDriver] [  881] - Datavalue is----------Description::Historical
[INFO ][2016-01-14 12:44:40,963][com.java.SeleniumDriver] [  905] - DataField : PVP//table[@id="tblRatedLoans"]//input[@value='mytext']/parent::td/following-sibling::td[1]/input
[INFO ][2016-01-14 12:44:40,963][com.java.SeleniumDriver] [  907] - DataValue : Description::Historical
[INFO ][2016-01-14 12:44:40,963][com.java.SeleniumDriver] [  913] - <In Set values of the page>
[INFO ][2016-01-14 12:44:40,963][com.java.SeleniumDriver] [  916] - {Data Fields & Data Values Exist}
[INFO ][2016-01-14 12:44:40,963][com.java.SeleniumDriver] [  918] - --------------------------setting values-----------------------------
[INFO ][2016-01-14 12:44:40,963][com.java.SeleniumDriver] [  921] - Action Type : VERIFY
[INFO ][2016-01-14 12:44:40,964][com.java.TestType] [ 7643] - field= PVP//table[@id="tblRatedLoans"]//input[@value='mytext']/parent::td/following-sibling::td[1]/input value= Description::Historical
[INFO ][2016-01-14 12:44:40,964][com.java.TestType] [ 6136] - value = Description::Historical
[INFO ][2016-01-14 12:44:41,084][com.java.SeleniumDriver] [  930] -  RESULT true
[INFO ][2016-01-14 12:44:41,084][com.java.SeleniumDriver] [ 1136] - ?   P A S S   ?
[INFO ][2016-01-14 12:44:41,084][com.java.SeleniumDriver] [  856] - ------------------------------------------
[INFO ][2016-01-14 12:44:41,084][com.java.SeleniumDriver] [  857] - Test case being Executed: 12
[INFO ][2016-01-14 12:44:41,084][com.java.SeleniumDriver] [  869] - Test step:61
[INFO ][2016-01-14 12:44:41,084][com.java.SeleniumDriver] [  881] - Datavalue is----------Description::Economic
[INFO ][2016-01-14 12:44:41,084][com.java.SeleniumDriver] [  905] - DataField : PVP//table[@id="tblRatedLoans"]//input[@value='mytext']/parent::td/following-sibling::td[2]/input
[INFO ][2016-01-14 12:44:41,084][com.java.SeleniumDriver] [  907] - DataValue : Description::Economic
[INFO ][2016-01-14 12:44:41,084][com.java.SeleniumDriver] [  913] - <In Set values of the page>
[INFO ][2016-01-14 12:44:41,084][com.java.SeleniumDriver] [  916] - {Data Fields & Data Values Exist}
[INFO ][2016-01-14 12:44:41,085][com.java.SeleniumDriver] [  918] - --------------------------setting values-----------------------------
[INFO ][2016-01-14 12:44:41,085][com.java.SeleniumDriver] [  921] - Action Type : VERIFY
[INFO ][2016-01-14 12:44:41,085][com.java.TestType] [ 7643] - field= PVP//table[@id="tblRatedLoans"]//input[@value='mytext']/parent::td/following-sibling::td[2]/input value= Description::Economic
[INFO ][2016-01-14 12:44:41,085][com.java.TestType] [ 6136] - value = Description::Economic
[INFO ][2016-01-14 12:44:41,234][com.java.SeleniumDriver] [  930] -  RESULT true
[INFO ][2016-01-14 12:44:41,234][com.java.SeleniumDriver] [ 1136] - ?   P A S S   ?
[INFO ][2016-01-14 12:44:41,234][com.java.SeleniumDriver] [  856] - ------------------------------------------
[INFO ][2016-01-14 12:44:41,234][com.java.SeleniumDriver] [  857] - Test case being Executed: 12
[INFO ][2016-01-14 12:44:41,234][com.java.SeleniumDriver] [  869] - Test step:62
[INFO ][2016-01-14 12:44:41,235][com.java.SeleniumDriver] [  881] - Datavalue is----------Description::Other
[INFO ][2016-01-14 12:44:41,235][com.java.SeleniumDriver] [  905] - DataField : PVP//table[@id="tblRatedLoans"]//input[@value='mytext']/parent::td/following-sibling::td[3]/input
[INFO ][2016-01-14 12:44:41,235][com.java.SeleniumDriver] [  907] - DataValue : Description::Other
[INFO ][2016-01-14 12:44:41,235][com.java.SeleniumDriver] [  913] - <In Set values of the page>
[INFO ][2016-01-14 12:44:41,235][com.java.SeleniumDriver] [  916] - {Data Fields & Data Values Exist}
[INFO ][2016-01-14 12:44:41,235][com.java.SeleniumDriver] [  918] - --------------------------setting values-----------------------------
[INFO ][2016-01-14 12:44:41,235][com.java.SeleniumDriver] [  921] - Action Type : VERIFY
[INFO ][2016-01-14 12:44:41,235][com.java.TestType] [ 7643] - field= PVP//table[@id="tblRatedLoans"]//input[@value='mytext']/parent::td/following-sibling::td[3]/input value= Description::Other
[INFO ][2016-01-14 12:44:41,235][com.java.TestType] [ 6136] - value = Description::Other
[INFO ][2016-01-14 12:44:41,355][com.java.SeleniumDriver] [  930] -  RESULT true
[INFO ][2016-01-14 12:44:41,355][com.java.SeleniumDriver] [ 1136] - ?   P A S S   ?
[INFO ][2016-01-14 12:44:41,355][com.java.SeleniumDriver] [  856] - ------------------------------------------
[INFO ][2016-01-14 12:44:41,355][com.java.SeleniumDriver] [  857] - Test case being Executed: 12
[INFO ][2016-01-14 12:44:41,355][com.java.SeleniumDriver] [  869] - Test step:63
[INFO ][2016-01-14 12:44:41,355][com.java.SeleniumDriver] [  881] - Datavalue is----------null
[DEBUG][2016-01-14 12:44:41,355][com.java.SeleniumDriver] [  899] - Exception: null
[INFO ][2016-01-14 12:44:41,355][com.java.SeleniumDriver] [  905] - DataField : BTNparent
[INFO ][2016-01-14 12:44:41,355][com.java.SeleniumDriver] [  907] - DataValue : 
[INFO ][2016-01-14 12:44:41,356][com.java.SeleniumDriver] [  913] - <In Set values of the page>
[INFO ][2016-01-14 12:44:41,356][com.java.SeleniumDriver] [  916] - {Data Fields & Data Values Exist}
[INFO ][2016-01-14 12:44:41,356][com.java.SeleniumDriver] [  918] - --------------------------setting values-----------------------------
[INFO ][2016-01-14 12:44:41,356][com.java.SeleniumDriver] [  921] - Action Type : SELECTFRAME
[INFO ][2016-01-14 12:44:41,371][com.java.SeleniumDriver] [  930] -  RESULT true
[INFO ][2016-01-14 12:44:41,371][com.java.SeleniumDriver] [ 1136] - ?   P A S S   ?
[INFO ][2016-01-14 12:44:41,371][com.java.SeleniumDriver] [  856] - ------------------------------------------
[INFO ][2016-01-14 12:44:41,371][com.java.SeleniumDriver] [  857] - Test case being Executed: 12
[INFO ][2016-01-14 12:44:41,371][com.java.SeleniumDriver] [  869] - Test step:64
[INFO ][2016-01-14 12:44:41,371][com.java.SeleniumDriver] [  881] - Datavalue is----------5
[INFO ][2016-01-14 12:44:41,371][com.java.SeleniumDriver] [  905] - DataField : XPH//span[contains(text(), 'Update')]
[INFO ][2016-01-14 12:44:41,371][com.java.SeleniumDriver] [  907] - DataValue : 5
[INFO ][2016-01-14 12:44:41,371][com.java.SeleniumDriver] [  913] - <In Set values of the page>
[INFO ][2016-01-14 12:44:41,371][com.java.SeleniumDriver] [  916] - {Data Fields & Data Values Exist}
[INFO ][2016-01-14 12:44:41,371][com.java.SeleniumDriver] [  918] - --------------------------setting values-----------------------------
[INFO ][2016-01-14 12:44:41,371][com.java.SeleniumDriver] [  921] - Action Type : WAITFORELEMENT
[INFO ][2016-01-14 12:44:41,406][com.java.SeleniumDriver] [  930] -  RESULT true
[INFO ][2016-01-14 12:44:41,406][com.java.SeleniumDriver] [ 1136] - ?   P A S S   ?
[INFO ][2016-01-14 12:44:41,406][com.java.SeleniumDriver] [  856] - ------------------------------------------
[INFO ][2016-01-14 12:44:41,406][com.java.SeleniumDriver] [  857] - Test case being Executed: 12
[INFO ][2016-01-14 12:44:41,406][com.java.SeleniumDriver] [  869] - Test step:65
[INFO ][2016-01-14 12:44:41,407][com.java.SeleniumDriver] [  881] - Datavalue is----------null
[DEBUG][2016-01-14 12:44:41,407][com.java.SeleniumDriver] [  899] - Exception: null
[INFO ][2016-01-14 12:44:41,407][com.java.SeleniumDriver] [  905] - DataField : XPH//span[contains(text(), 'Update')]
[INFO ][2016-01-14 12:44:41,407][com.java.SeleniumDriver] [  907] - DataValue : 
[INFO ][2016-01-14 12:44:41,407][com.java.SeleniumDriver] [  913] - <In Set values of the page>
[INFO ][2016-01-14 12:44:41,407][com.java.SeleniumDriver] [  916] - {Data Fields & Data Values Exist}
[INFO ][2016-01-14 12:44:41,407][com.java.SeleniumDriver] [  918] - --------------------------setting values-----------------------------
[INFO ][2016-01-14 12:44:41,407][com.java.SeleniumDriver] [  921] - Action Type : CLICK
[INFO ][2016-01-14 12:44:41,407][com.java.TestType] [ 6515] - Field ::XPH//span[contains(text(), 'Update')]
[INFO ][2016-01-14 12:44:41,407][com.java.TestType] [ 6136] - value = 
[INFO ][2016-01-14 12:44:42,408][com.java.TestType] [ 6652] - BEFORE CLICK
[INFO ][2016-01-14 12:44:43,427][com.java.TestType] [ 6660] - Unable to click the object Update button
[INFO ][2016-01-14 12:44:43,427][com.java.SeleniumDriver] [  930] -  RESULT true
[INFO ][2016-01-14 12:44:43,427][com.java.SeleniumDriver] [ 1136] - ?   P A S S   ?
[INFO ][2016-01-14 12:44:43,427][com.java.SeleniumDriver] [  856] - ------------------------------------------
[INFO ][2016-01-14 12:44:43,427][com.java.SeleniumDriver] [  857] - Test case being Executed: 12
[INFO ][2016-01-14 12:44:43,427][com.java.SeleniumDriver] [  869] - Test step:66
[INFO ][2016-01-14 12:44:43,427][com.java.SeleniumDriver] [  881] - Datavalue is----------3
[INFO ][2016-01-14 12:44:43,427][com.java.SeleniumDriver] [  905] - DataField : XPH//div[contains(text(), 'My Dashboard')]
[INFO ][2016-01-14 12:44:43,427][com.java.SeleniumDriver] [  907] - DataValue : 3
[INFO ][2016-01-14 12:44:43,427][com.java.SeleniumDriver] [  913] - <In Set values of the page>
[INFO ][2016-01-14 12:44:43,427][com.java.SeleniumDriver] [  916] - {Data Fields & Data Values Exist}
[INFO ][2016-01-14 12:44:43,427][com.java.SeleniumDriver] [  918] - --------------------------setting values-----------------------------
[INFO ][2016-01-14 12:44:43,428][com.java.SeleniumDriver] [  921] - Action Type : WAITFORELEMENT
[INFO ][2016-01-14 12:44:43,464][com.java.SeleniumDriver] [  930] -  RESULT true
[INFO ][2016-01-14 12:44:43,464][com.java.SeleniumDriver] [ 1136] - ?   P A S S   ?
[INFO ][2016-01-14 12:44:43,464][com.java.SeleniumDriver] [  856] - ------------------------------------------
[INFO ][2016-01-14 12:44:43,464][com.java.SeleniumDriver] [  857] - Test case being Executed: 12
[INFO ][2016-01-14 12:44:43,464][com.java.SeleniumDriver] [  869] - Test step:67
[INFO ][2016-01-14 12:44:43,465][com.java.SeleniumDriver] [  881] - Datavalue is----------My Dashboard
[INFO ][2016-01-14 12:44:43,465][com.java.SeleniumDriver] [  905] - DataField : XPH//div[contains(text(), 'My Dashboard')]
[INFO ][2016-01-14 12:44:43,465][com.java.SeleniumDriver] [  907] - DataValue : My Dashboard
[INFO ][2016-01-14 12:44:43,465][com.java.SeleniumDriver] [  913] - <In Set values of the page>
[INFO ][2016-01-14 12:44:43,465][com.java.SeleniumDriver] [  916] - {Data Fields & Data Values Exist}
[INFO ][2016-01-14 12:44:43,465][com.java.SeleniumDriver] [  918] - --------------------------setting values-----------------------------
[INFO ][2016-01-14 12:44:43,465][com.java.SeleniumDriver] [  921] - Action Type : VERIFY
[INFO ][2016-01-14 12:44:43,465][com.java.TestType] [ 7643] - field= XPH//div[contains(text(), 'My Dashboard')] value= My Dashboard
[INFO ][2016-01-14 12:44:43,465][com.java.TestType] [ 6136] - value = My Dashboard
[INFO ][2016-01-14 12:44:43,582][com.java.SeleniumDriver] [  930] -  RESULT true
[INFO ][2016-01-14 12:44:43,582][com.java.SeleniumDriver] [ 1136] - ?   P A S S   ?
[DEBUG][2016-01-14 12:44:43,582][com.java.SeleniumDriver] [ 1248] - Case found
[DEBUG][2016-01-14 12:44:43,582][com.java.SeleniumDriver] [ 1253] - Incrementing ReportCounters[0]:2
[INFO ][2016-01-14 12:44:43,582][com.java.SeleniumDriver] [ 1272] - The results are-------------------[12, 1, Admin: Company Settings: Rated Loan Categories: Modify Existing Category, Pass, , Thu Jan 14 12:42:22 IST 2016, 12, 3, Admin: Company Settings: Rated Loan Categories: Modify Existing Category, Pass, , Thu Jan 14 12:42:27 IST 2016, 12, 4, Admin: Company Settings: Rated Loan Categories: Modify Existing Category, Pass, , Thu Jan 14 12:42:54 IST 2016, 12, 5, Admin: Company Settings: Rated Loan Categories: Modify Existing Category, Pass, , Thu Jan 14 12:42:54 IST 2016, 12, 6, Admin: Company Settings: Rated Loan Categories: Modify Existing Category, Pass, , Thu Jan 14 12:42:55 IST 2016, 12, 7, Admin: Company Settings: Rated Loan Categories: Modify Existing Category, Pass, , Thu Jan 14 12:42:57 IST 2016, 12, 8, Admin: Company Settings: Rated Loan Categories: Modify Existing Category, Pass, , Thu Jan 14 12:42:57 IST 2016, 12, 9, Admin: Company Settings: Rated Loan Categories: Modify Existing Category, Pass, , Thu Jan 14 12:42:57 IST 2016, 12, 10, Admin: Company Settings: Rated Loan Categories: Modify Existing Category, Pass, , Thu Jan 14 12:42:57 IST 2016, 12, 11, Admin: Company Settings: Rated Loan Categories: Modify Existing Category, Pass, , Thu Jan 14 12:43:00 IST 2016, 12, 12, Admin: Company Settings: Rated Loan Categories: Modify Existing Category, Pass, , Thu Jan 14 12:43:02 IST 2016, 12, 13, Admin: Company Settings: Rated Loan Categories: Modify Existing Category, Pass, , Thu Jan 14 12:43:03 IST 2016, 12, 14, Admin: Company Settings: Rated Loan Categories: Modify Existing Category, Pass, , Thu Jan 14 12:43:06 IST 2016, 12, 15, Admin: Company Settings: Rated Loan Categories: Modify Existing Category, Pass, , Thu Jan 14 12:43:09 IST 2016, 12, 16, Admin: Company Settings: Rated Loan Categories: Modify Existing Category, Pass, , Thu Jan 14 12:43:10 IST 2016, 12, 17, Admin: Company Settings: Rated Loan Categories: Modify Existing Category, Pass, , Thu Jan 14 12:43:13 IST 2016, 12, 18, Admin: Company Settings: Rated Loan Categories: Modify Existing Category, Pass, , Thu Jan 14 12:43:15 IST 2016, 12, 19, Admin: Company Settings: Rated Loan Categories: Modify Existing Category, Pass, , Thu Jan 14 12:43:16 IST 2016, 12, 20, Admin: Company Settings: Rated Loan Categories: Modify Existing Category, Pass, , Thu Jan 14 12:43:19 IST 2016, 12, 21, Admin: Company Settings: Rated Loan Categories: Modify Existing Category, Pass, , Thu Jan 14 12:43:21 IST 2016, 12, 22, Admin: Company Settings: Rated Loan Categories: Modify Existing Category, Pass, , Thu Jan 14 12:43:22 IST 2016, 12, 23, Admin: Company Settings: Rated Loan Categories: Modify Existing Category, Pass, , Thu Jan 14 12:43:25 IST 2016, 12, 24, Admin: Company Settings: Rated Loan Categories: Modify Existing Category, Pass, , Thu Jan 14 12:43:28 IST 2016, 12, 25, Admin: Company Settings: Rated Loan Categories: Modify Existing Category, Pass, , Thu Jan 14 12:43:28 IST 2016, 12, 26, Admin: Company Settings: Rated Loan Categories: Modify Existing Category, Pass, , Thu Jan 14 12:43:28 IST 2016, 12, 27, Admin: Company Settings: Rated Loan Categories: Modify Existing Category, Pass, , Thu Jan 14 12:43:30 IST 2016, 12, 28, Admin: Company Settings: Rated Loan Categories: Modify Existing Category, Pass, , Thu Jan 14 12:43:30 IST 2016, 12, 29, Admin: Company Settings: Rated Loan Categories: Modify Existing Category, Pass, , Thu Jan 14 12:43:31 IST 2016, 12, 30, Admin: Company Settings: Rated Loan Categories: Modify Existing Category, Pass, , Thu Jan 14 12:43:31 IST 2016, 12, 31, Admin: Company Settings: Rated Loan Categories: Modify Existing Category, Pass, , Thu Jan 14 12:43:31 IST 2016, 12, 32, Admin: Company Settings: Rated Loan Categories: Modify Existing Category, Pass, , Thu Jan 14 12:43:34 IST 2016, 12, 33, Admin: Company Settings: Rated Loan Categories: Modify Existing Category, Pass, , Thu Jan 14 12:43:34 IST 2016, 12, 34, Admin: Company Settings: Rated Loan Categories: Modify Existing Category, Pass, , Thu Jan 14 12:43:34 IST 2016, 12, 35, Admin: Company Settings: Rated Loan Categories: Modify Existing Category, Pass, , Thu Jan 14 12:44:01 IST 2016, 12, 36, Admin: Company Settings: Rated Loan Categories: Modify Existing Category, Pass, , Thu Jan 14 12:44:01 IST 2016, 12, 37, Admin: Company Settings: Rated Loan Categories: Modify Existing Category, Pass, , Thu Jan 14 12:44:02 IST 2016, 12, 38, Admin: Company Settings: Rated Loan Categories: Modify Existing Category, Pass, , Thu Jan 14 12:44:03 IST 2016, 12, 39, Admin: Company Settings: Rated Loan Categories: Modify Existing Category, Pass, , Thu Jan 14 12:44:04 IST 2016, 12, 40, Admin: Company Settings: Rated Loan Categories: Modify Existing Category, Pass, , Thu Jan 14 12:44:04 IST 2016, 12, 41, Admin: Company Settings: Rated Loan Categories: Modify Existing Category, Pass, , Thu Jan 14 12:44:05 IST 2016, 12, 42, Admin: Company Settings: Rated Loan Categories: Modify Existing Category, Pass, , Thu Jan 14 12:44:05 IST 2016, 12, 43, Admin: Company Settings: Rated Loan Categories: Modify Existing Category, Pass, , Thu Jan 14 12:44:05 IST 2016, 12, 44, Admin: Company Settings: Rated Loan Categories: Modify Existing Category, Pass, , Thu Jan 14 12:44:07 IST 2016, 12, 45, Admin: Company Settings: Rated Loan Categories: Modify Existing Category, Pass, , Thu Jan 14 12:44:07 IST 2016, 12, 46, Admin: Company Settings: Rated Loan Categories: Modify Existing Category, Pass, , Thu Jan 14 12:44:07 IST 2016, 12, 47, Admin: Company Settings: Rated Loan Categories: Modify Existing Category, Pass, , Thu Jan 14 12:44:08 IST 2016, 12, 48, Admin: Company Settings: Rated Loan Categories: Modify Existing Category, Pass, , Thu Jan 14 12:44:08 IST 2016, 12, 49, Admin: Company Settings: Rated Loan Categories: Modify Existing Category, Pass, , Thu Jan 14 12:44:08 IST 2016, 12, 50, Admin: Company Settings: Rated Loan Categories: Modify Existing Category, Pass, , Thu Jan 14 12:44:10 IST 2016, 12, 51, Admin: Company Settings: Rated Loan Categories: Modify Existing Category, Pass, , Thu Jan 14 12:44:10 IST 2016, 12, 52, Admin: Company Settings: Rated Loan Categories: Modify Existing Category, Pass, , Thu Jan 14 12:44:10 IST 2016, 12, 53, Admin: Company Settings: Rated Loan Categories: Modify Existing Category, Pass, , Thu Jan 14 12:44:12 IST 2016, 12, 54, Admin: Company Settings: Rated Loan Categories: Modify Existing Category, Pass, , Thu Jan 14 12:44:12 IST 2016, 12, 55, Admin: Company Settings: Rated Loan Categories: Modify Existing Category, Pass, , Thu Jan 14 12:44:12 IST 2016, 12, 56, Admin: Company Settings: Rated Loan Categories: Modify Existing Category, Pass, , Thu Jan 14 12:44:39 IST 2016, 12, 57, Admin: Company Settings: Rated Loan Categories: Modify Existing Category, Pass, , Thu Jan 14 12:44:39 IST 2016, 12, 58, Admin: Company Settings: Rated Loan Categories: Modify Existing Category, Pass, , Thu Jan 14 12:44:40 IST 2016, 12, 59, Admin: Company Settings: Rated Loan Categories: Modify Existing Category, Pass, , Thu Jan 14 12:44:40 IST 2016, 12, 60, Admin: Company Settings: Rated Loan Categories: Modify Existing Category, Pass, , Thu Jan 14 12:44:41 IST 2016, 12, 61, Admin: Company Settings: Rated Loan Categories: Modify Existing Category, Pass, , Thu Jan 14 12:44:41 IST 2016, 12, 62, Admin: Company Settings: Rated Loan Categories: Modify Existing Category, Pass, , Thu Jan 14 12:44:41 IST 2016, 12, 63, Admin: Company Settings: Rated Loan Categories: Modify Existing Category, Pass, , Thu Jan 14 12:44:41 IST 2016, 12, 64, Admin: Company Settings: Rated Loan Categories: Modify Existing Category, Pass, , Thu Jan 14 12:44:41 IST 2016, 12, 65, Admin: Company Settings: Rated Loan Categories: Modify Existing Category, Pass, , Thu Jan 14 12:44:43 IST 2016, 12, 66, Admin: Company Settings: Rated Loan Categories: Modify Existing Category, Pass, , Thu Jan 14 12:44:43 IST 2016, 12, 67, Admin: Company Settings: Rated Loan Categories: Modify Existing Category, Pass, , Thu Jan 14 12:44:43 IST 2016]
[INFO ][2016-01-14 12:44:43,582][com.java.SeleniumDriver] [ 1276] - End time is-------3 min 13 sec
[INFO ][2016-01-14 12:44:43,583][com.java.SeleniumDriver] [ 1277] - The results are-------------------[12, 1, Admin: Company Settings: Rated Loan Categories: Modify Existing Category, Pass, , Thu Jan 14 12:42:22 IST 2016, 12, 3, Admin: Company Settings: Rated Loan Categories: Modify Existing Category, Pass, , Thu Jan 14 12:42:27 IST 2016, 12, 4, Admin: Company Settings: Rated Loan Categories: Modify Existing Category, Pass, , Thu Jan 14 12:42:54 IST 2016, 12, 5, Admin: Company Settings: Rated Loan Categories: Modify Existing Category, Pass, , Thu Jan 14 12:42:54 IST 2016, 12, 6, Admin: Company Settings: Rated Loan Categories: Modify Existing Category, Pass, , Thu Jan 14 12:42:55 IST 2016, 12, 7, Admin: Company Settings: Rated Loan Categories: Modify Existing Category, Pass, , Thu Jan 14 12:42:57 IST 2016, 12, 8, Admin: Company Settings: Rated Loan Categories: Modify Existing Category, Pass, , Thu Jan 14 12:42:57 IST 2016, 12, 9, Admin: Company Settings: Rated Loan Categories: Modify Existing Category, Pass, , Thu Jan 14 12:42:57 IST 2016, 12, 10, Admin: Company Settings: Rated Loan Categories: Modify Existing Category, Pass, , Thu Jan 14 12:42:57 IST 2016, 12, 11, Admin: Company Settings: Rated Loan Categories: Modify Existing Category, Pass, , Thu Jan 14 12:43:00 IST 2016, 12, 12, Admin: Company Settings: Rated Loan Categories: Modify Existing Category, Pass, , Thu Jan 14 12:43:02 IST 2016, 12, 13, Admin: Company Settings: Rated Loan Categories: Modify Existing Category, Pass, , Thu Jan 14 12:43:03 IST 2016, 12, 14, Admin: Company Settings: Rated Loan Categories: Modify Existing Category, Pass, , Thu Jan 14 12:43:06 IST 2016, 12, 15, Admin: Company Settings: Rated Loan Categories: Modify Existing Category, Pass, , Thu Jan 14 12:43:09 IST 2016, 12, 16, Admin: Company Settings: Rated Loan Categories: Modify Existing Category, Pass, , Thu Jan 14 12:43:10 IST 2016, 12, 17, Admin: Company Settings: Rated Loan Categories: Modify Existing Category, Pass, , Thu Jan 14 12:43:13 IST 2016, 12, 18, Admin: Company Settings: Rated Loan Categories: Modify Existing Category, Pass, , Thu Jan 14 12:43:15 IST 2016, 12, 19, Admin: Company Settings: Rated Loan Categories: Modify Existing Category, Pass, , Thu Jan 14 12:43:16 IST 2016, 12, 20, Admin: Company Settings: Rated Loan Categories: Modify Existing Category, Pass, , Thu Jan 14 12:43:19 IST 2016, 12, 21, Admin: Company Settings: Rated Loan Categories: Modify Existing Category, Pass, , Thu Jan 14 12:43:21 IST 2016, 12, 22, Admin: Company Settings: Rated Loan Categories: Modify Existing Category, Pass, , Thu Jan 14 12:43:22 IST 2016, 12, 23, Admin: Company Settings: Rated Loan Categories: Modify Existing Category, Pass, , Thu Jan 14 12:43:25 IST 2016, 12, 24, Admin: Company Settings: Rated Loan Categories: Modify Existing Category, Pass, , Thu Jan 14 12:43:28 IST 2016, 12, 25, Admin: Company Settings: Rated Loan Categories: Modify Existing Category, Pass, , Thu Jan 14 12:43:28 IST 2016, 12, 26, Admin: Company Settings: Rated Loan Categories: Modify Existing Category, Pass, , Thu Jan 14 12:43:28 IST 2016, 12, 27, Admin: Company Settings: Rated Loan Categories: Modify Existing Category, Pass, , Thu Jan 14 12:43:30 IST 2016, 12, 28, Admin: Company Settings: Rated Loan Categories: Modify Existing Category, Pass, , Thu Jan 14 12:43:30 IST 2016, 12, 29, Admin: Company Settings: Rated Loan Categories: Modify Existing Category, Pass, , Thu Jan 14 12:43:31 IST 2016, 12, 30, Admin: Company Settings: Rated Loan Categories: Modify Existing Category, Pass, , Thu Jan 14 12:43:31 IST 2016, 12, 31, Admin: Company Settings: Rated Loan Categories: Modify Existing Category, Pass, , Thu Jan 14 12:43:31 IST 2016, 12, 32, Admin: Company Settings: Rated Loan Categories: Modify Existing Category, Pass, , Thu Jan 14 12:43:34 IST 2016, 12, 33, Admin: Company Settings: Rated Loan Categories: Modify Existing Category, Pass, , Thu Jan 14 12:43:34 IST 2016, 12, 34, Admin: Company Settings: Rated Loan Categories: Modify Existing Category, Pass, , Thu Jan 14 12:43:34 IST 2016, 12, 35, Admin: Company Settings: Rated Loan Categories: Modify Existing Category, Pass, , Thu Jan 14 12:44:01 IST 2016, 12, 36, Admin: Company Settings: Rated Loan Categories: Modify Existing Category, Pass, , Thu Jan 14 12:44:01 IST 2016, 12, 37, Admin: Company Settings: Rated Loan Categories: Modify Existing Category, Pass, , Thu Jan 14 12:44:02 IST 2016, 12, 38, Admin: Company Settings: Rated Loan Categories: Modify Existing Category, Pass, , Thu Jan 14 12:44:03 IST 2016, 12, 39, Admin: Company Settings: Rated Loan Categories: Modify Existing Category, Pass, , Thu Jan 14 12:44:04 IST 2016, 12, 40, Admin: Company Settings: Rated Loan Categories: Modify Existing Category, Pass, , Thu Jan 14 12:44:04 IST 2016, 12, 41, Admin: Company Settings: Rated Loan Categories: Modify Existing Category, Pass, , Thu Jan 14 12:44:05 IST 2016, 12, 42, Admin: Company Settings: Rated Loan Categories: Modify Existing Category, Pass, , Thu Jan 14 12:44:05 IST 2016, 12, 43, Admin: Company Settings: Rated Loan Categories: Modify Existing Category, Pass, , Thu Jan 14 12:44:05 IST 2016, 12, 44, Admin: Company Settings: Rated Loan Categories: Modify Existing Category, Pass, , Thu Jan 14 12:44:07 IST 2016, 12, 45, Admin: Company Settings: Rated Loan Categories: Modify Existing Category, Pass, , Thu Jan 14 12:44:07 IST 2016, 12, 46, Admin: Company Settings: Rated Loan Categories: Modify Existing Category, Pass, , Thu Jan 14 12:44:07 IST 2016, 12, 47, Admin: Company Settings: Rated Loan Categories: Modify Existing Category, Pass, , Thu Jan 14 12:44:08 IST 2016, 12, 48, Admin: Company Settings: Rated Loan Categories: Modify Existing Category, Pass, , Thu Jan 14 12:44:08 IST 2016, 12, 49, Admin: Company Settings: Rated Loan Categories: Modify Existing Category, Pass, , Thu Jan 14 12:44:08 IST 2016, 12, 50, Admin: Company Settings: Rated Loan Categories: Modify Existing Category, Pass, , Thu Jan 14 12:44:10 IST 2016, 12, 51, Admin: Company Settings: Rated Loan Categories: Modify Existing Category, Pass, , Thu Jan 14 12:44:10 IST 2016, 12, 52, Admin: Company Settings: Rated Loan Categories: Modify Existing Category, Pass, , Thu Jan 14 12:44:10 IST 2016, 12, 53, Admin: Company Settings: Rated Loan Categories: Modify Existing Category, Pass, , Thu Jan 14 12:44:12 IST 2016, 12, 54, Admin: Company Settings: Rated Loan Categories: Modify Existing Category, Pass, , Thu Jan 14 12:44:12 IST 2016, 12, 55, Admin: Company Settings: Rated Loan Categories: Modify Existing Category, Pass, , Thu Jan 14 12:44:12 IST 2016, 12, 56, Admin: Company Settings: Rated Loan Categories: Modify Existing Category, Pass, , Thu Jan 14 12:44:39 IST 2016, 12, 57, Admin: Company Settings: Rated Loan Categories: Modify Existing Category, Pass, , Thu Jan 14 12:44:39 IST 2016, 12, 58, Admin: Company Settings: Rated Loan Categories: Modify Existing Category, Pass, , Thu Jan 14 12:44:40 IST 2016, 12, 59, Admin: Company Settings: Rated Loan Categories: Modify Existing Category, Pass, , Thu Jan 14 12:44:40 IST 2016, 12, 60, Admin: Company Settings: Rated Loan Categories: Modify Existing Category, Pass, , Thu Jan 14 12:44:41 IST 2016, 12, 61, Admin: Company Settings: Rated Loan Categories: Modify Existing Category, Pass, , Thu Jan 14 12:44:41 IST 2016, 12, 62, Admin: Company Settings: Rated Loan Categories: Modify Existing Category, Pass, , Thu Jan 14 12:44:41 IST 2016, 12, 63, Admin: Company Settings: Rated Loan Categories: Modify Existing Category, Pass, , Thu Jan 14 12:44:41 IST 2016, 12, 64, Admin: Company Settings: Rated Loan Categories: Modify Existing Category, Pass, , Thu Jan 14 12:44:41 IST 2016, 12, 65, Admin: Company Settings: Rated Loan Categories: Modify Existing Category, Pass, , Thu Jan 14 12:44:43 IST 2016, 12, 66, Admin: Company Settings: Rated Loan Categories: Modify Existing Category, Pass, , Thu Jan 14 12:44:43 IST 2016, 12, 67, Admin: Company Settings: Rated Loan Categories: Modify Existing Category, Pass, , Thu Jan 14 12:44:43 IST 2016]
[DEBUG][2016-01-14 12:44:43,583][com.java.ImportnExport.ExportTestResultsExcel] [  222] - testResultPath = D:\BankersDashboard/TestReports/Test Results_BankersDashBoard_011416_124132_IE10_Any Bank USA.xls
[DEBUG][2016-01-14 12:44:43,583][com.java.ImportnExport.ExportTestResultsExcel] [  223] - browser is------------IE10
[DEBUG][2016-01-14 12:44:43,587][com.java.ImportnExport.ExportTestResultsExcel] [  270] - result.size() = 396
[DEBUG][2016-01-14 12:44:43,587][com.java.ImportnExport.ExportTestResultsExcel] [  274] - No of rows in sheet=2
[DEBUG][2016-01-14 12:44:43,587][com.java.ImportnExport.ExportTestResultsExcel] [  301] - ..in export..12
[DEBUG][2016-01-14 12:44:43,587][com.java.ImportnExport.ExportTestResultsExcel] [  301] - ..in export..Admin: Company Settings: Rated Loan Categories: Modify Existing Category
[DEBUG][2016-01-14 12:44:43,587][com.java.ImportnExport.ExportTestResultsExcel] [  301] - ..in export..Pass
[DEBUG][2016-01-14 12:44:43,588][com.java.ImportnExport.ExportTestResultsExcel] [  301] - ..in export..
[DEBUG][2016-01-14 12:44:43,588][com.java.ImportnExport.ExportTestResultsExcel] [  301] - ..in export..Thu Jan 14 12:42:22 IST 2016
[INFO ][2016-01-14 12:44:43,589][com.java.SeleniumDriver] [ 1337] - out loop:1 size:2 TestCases:[1, 12] testcases:[1, 12]
[INFO ][2016-01-14 12:44:45,589][com.java.SeleniumDriver] [ 1380] - Total Number of Cases:2
[INFO ][2016-01-14 12:44:45,589][com.java.TemplateGenerator] [  302] - Executed:2
[INFO ][2016-01-14 12:44:45,589][com.java.TemplateGenerator] [  303] - Passed:2
[INFO ][2016-01-14 12:44:45,589][com.java.TemplateGenerator] [  304] - Failed:0
[INFO ][2016-01-14 12:44:45,589][com.java.TemplateGenerator] [  305] - Skipeed:0
[INFO ][2016-01-14 12:44:45,589][com.java.TemplateGenerator] [  306] - Application URL:https://clients-xuat.bankersdashboard.com
[INFO ][2016-01-14 12:44:45,589][com.java.TemplateGenerator] [  307] - Start Time:011416_124132
[INFO ][2016-01-14 12:44:45,589][com.java.TemplateGenerator] [  308] -  Creating HTML Report 
[ERROR][2016-01-14 12:44:45,590][com.java.TemplateGenerator] [  409] - Unparseable date: "Thu Jan 14 12:41:32 IST 2016"
[INFO ][2016-01-14 12:44:45,590][com.java.TemplateGenerator] [  654] -  Exporting case :: 1
[INFO ][2016-01-14 12:44:45,590][com.java.TemplateGenerator] [  654] -  Exporting case :: 12
[INFO ][2016-01-14 12:44:45,598][com.java.SeleniumDriver] [ 1429] - End Time:011416_124445
[INFO ][2016-01-14 12:44:45,599][com.java.SeleniumDriver] [ 1432] - Data in Test Execution Details:{1=PASS, 12=PASS}
[INFO ][2016-01-14 12:44:45,599][com.java.SeleniumDriver] [ 1433] - Data in Failed Execution Deatils:{}
[INFO ][2016-01-14 12:44:45,599][com.java.SeleniumDriver] [ 1435] - ReportCounter:Total:2 :: PASS: 2 ::FAIL: 0
[INFO ][2016-01-14 12:44:45,599][com.java.SeleniumDriver] [ 1436] - FailedReportCounter:Total:0 :: PASS: 0 ::FAIL: 0
[INFO ][2016-01-14 12:44:45,605][com.java.EmailTestReport] [   63] - Sending report mail details:
[INFO ][2016-01-14 12:44:45,605][com.java.EmailTestReport] [   80] - Excel Report Path:D:\BankersDashboard/TestReports/Test Results_BankersDashBoard_011416_124132_IE10_Any Bank USA.xls
[INFO ][2016-01-14 12:44:45,605][com.java.EmailTestReport] [   81] - HTML Report Path:D:\BankersDashboard//TestReports//Test Results_BankersDashBoard_011416_124132_IE10_Any Bank USA.html
[INFO ][2016-01-14 12:44:45,605][com.java.EmailTestReport] [   82] - smtpHostName:mail01.valuelabs.com
[INFO ][2016-01-14 12:44:45,605][com.java.EmailTestReport] [   83] - Recipient:venkateswararao.gubbala@valuelabs.com;
[INFO ][2016-01-14 12:44:45,605][com.java.EmailTestReport] [   84] - From:venkateswararao.gubbala@valuelabs.com;
[INFO ][2016-01-14 12:44:45,605][com.java.EmailTestReport] [   85] - Subject:Deluxe Corp Bankers Dashboard Automation Test Report - Any Bank USA - IE10
[INFO ][2016-01-14 12:44:45,623][com.java.EmailTestReport] [  143] -  Added venkateswararao.gubbala@valuelabs.com
[INFO ][2016-01-14 12:44:48,733][com.java.SeleniumDriver] [  722] - quitting the browser 
[INFO ][2016-01-14 12:44:50,437][com.java.SeleniumDriver] [  264] - Execution Completed Stopping the thread
