[INFO ][2015-11-09 11:30:30,520][com.java.SeleniumDriver] [  213] - Execute Failed Casesfalse
[INFO ][2015-11-09 11:30:30,524][com.java.SeleniumDriver] [  214] - Browser: IE11
[INFO ][2015-11-09 11:30:30,524][com.java.SeleniumDriver] [  215] - [1, 7]
[INFO ][2015-11-09 11:30:30,525][com.java.SeleniumDriver] [  216] - Total TestCases:2
[INFO ][2015-11-09 11:30:30,525][com.java.SeleniumDriver] [  217] -  Reading Properties from Property File 
[DEBUG][2015-11-09 11:30:30,525][com.java.SeleniumDriver] [  238] - url : https://clients-xuat.bankersdashboard.com
[INFO ][2015-11-09 11:30:30,526][com.java.ImportnExport.ExportTestResultsExcel] [  116] - Time Stamp Mon Nov 09 11:30:30 IST 2015
[INFO ][2015-11-09 11:30:30,526][com.java.ImportnExport.ExportTestResultsExcel] [  175] - OUT FILE : D:\BankersDashboard/TestReports/Test Results_BankersDashBoard_110915_113030_IE11_Simmons First National Bank.xls
[INFO ][2015-11-09 11:30:30,553][com.java.ImportnExport.ExportTestResultsExcel] [  180] - Test Result file is created
[DEBUG][2015-11-09 11:30:30,650][com.java.SeleniumDriver] [  425] - Hub ip address is-------172.17.68.34
[INFO ][2015-11-09 11:30:30,651][com.java.SeleniumDriver] [  451] - Grid URL:http://172.17.68.34:4444/wd/hub
[INFO ][2015-11-09 11:30:30,651][com.java.SeleniumDriver] [  452] - Capability:Capabilities [{platform=ANY, ensureCleanSession=true, ignoreProtectedModeSettings=true, acceptSslCerts=true, ignoreZoomSetting=true, browserName=internet explorer, browserstack.ie.noFlash=true, version=Node1}]
[ERROR][2015-11-09 11:30:31,949][com.java.SeleniumDriver] [  496] - Unable invoke browser in grid:Could not start a new session. Possible causes are invalid address of the remote server or browser start-up failure.
Build info: version: '2.48.2', revision: '41bccdd', time: '2015-10-09 19:59:12'
System info: host: 'FVTIII438F1D', ip: '172.17.68.34', os.name: 'Windows 7', os.arch: 'x86', os.version: '6.1', java.version: '1.7.0_55'
Driver info: driver.version: SeleniumDriver
[INFO ][2015-11-09 11:30:31,949][com.java.SeleniumDriver] [  498] - Executing on local machine
[INFO ][2015-11-09 11:30:41,800][com.java.SeleniumDriver] [  248] - IE11is opened
[INFO ][2015-11-09 11:30:42,426][com.java.SeleniumDriver] [  752] - Test cases to be executed are: [1, 7]
[INFO ][2015-11-09 11:30:42,426][com.java.ImportnExport.ImportTestDataDetailsExcel] [   49] - test data details path===== D:\BankersDashboard\TestInputs\TestData.xls
[INFO ][2015-11-09 11:30:53,400][com.java.SeleniumDriver] [  788] - ------------------------------------------
[INFO ][2015-11-09 11:30:53,400][com.java.SeleniumDriver] [  789] - Test case being Executed: 1
[INFO ][2015-11-09 11:30:53,416][com.java.SeleniumDriver] [  800] - Test step:1
[INFO ][2015-11-09 11:30:53,416][com.java.SeleniumDriver] [  812] - Datavalue is----------Concept#1:1-14
[INFO ][2015-11-09 11:30:53,416][com.java.SeleniumDriver] [  836] - DataField : test
[INFO ][2015-11-09 11:30:53,416][com.java.SeleniumDriver] [  838] - DataValue : Concept#1:1-14
[INFO ][2015-11-09 11:30:53,416][com.java.SeleniumDriver] [  844] - <In Set values of the page>
[INFO ][2015-11-09 11:30:53,416][com.java.SeleniumDriver] [  847] - {Data Fields & Data Values Exist}
[INFO ][2015-11-09 11:30:53,416][com.java.SeleniumDriver] [  849] - --------------------------setting values-----------------------------
[INFO ][2015-11-09 11:30:53,416][com.java.SeleniumDriver] [  852] - Action Type : ExecuteTestCase
[INFO ][2015-11-09 11:30:53,434][com.java.TestType] [  420] - The Concept sheet name is ---------- Concept
[INFO ][2015-11-09 11:30:53,435][com.java.TestType] [  423] - The Concept ID  is ---------- 1
[DEBUG][2015-11-09 11:30:53,435][com.java.TestType] [  427] - Steps being executted in the Concept are: 1:14
[INFO ][2015-11-09 11:30:53,435][com.java.TestType] [  434] - Test data details path ---------- D:\BankersDashboard\TestInputs\TestData.xls
[INFO ][2015-11-09 11:30:53,466][com.java.TestType] [  465] -  str(1) = 1
[INFO ][2015-11-09 11:30:53,466][com.java.TestType] [  468] - Test case Id is---1
[INFO ][2015-11-09 11:30:53,466][com.java.TestType] [  470] - 1
[INFO ][2015-11-09 11:30:53,467][com.java.TestType] [  465] -  str(2) = 1
[INFO ][2015-11-09 11:30:53,469][com.java.TestType] [  517] - row values are--------{1=com.java.Objects.TestDataDetails@9156c3}
[INFO ][2015-11-09 11:30:53,469][com.java.TestType] [  465] -  str(1) = 1
[INFO ][2015-11-09 11:30:53,469][com.java.TestType] [  468] - Test case Id is---1
[INFO ][2015-11-09 11:30:53,469][com.java.TestType] [  470] - 1
[INFO ][2015-11-09 11:30:53,469][com.java.TestType] [  465] -  str(2) = 2
[INFO ][2015-11-09 11:30:53,471][com.java.TestType] [  517] - row values are--------{1=com.java.Objects.TestDataDetails@9156c3, 2=com.java.Objects.TestDataDetails@62a8d2}
[INFO ][2015-11-09 11:30:53,471][com.java.TestType] [  465] -  str(1) = 1
[INFO ][2015-11-09 11:30:53,471][com.java.TestType] [  468] - Test case Id is---1
[INFO ][2015-11-09 11:30:53,471][com.java.TestType] [  470] - 1
[INFO ][2015-11-09 11:30:53,471][com.java.TestType] [  465] -  str(2) = 3
[INFO ][2015-11-09 11:30:53,473][com.java.TestType] [  517] - row values are--------{1=com.java.Objects.TestDataDetails@9156c3, 2=com.java.Objects.TestDataDetails@62a8d2, 3=com.java.Objects.TestDataDetails@6d5af1}
[INFO ][2015-11-09 11:30:53,473][com.java.TestType] [  465] -  str(1) = 1
[INFO ][2015-11-09 11:30:53,473][com.java.TestType] [  468] - Test case Id is---1
[INFO ][2015-11-09 11:30:53,474][com.java.TestType] [  470] - 1
[INFO ][2015-11-09 11:30:53,475][com.java.TestType] [  465] -  str(2) = 4
[INFO ][2015-11-09 11:30:53,476][com.java.TestType] [  517] - row values are--------{1=com.java.Objects.TestDataDetails@9156c3, 2=com.java.Objects.TestDataDetails@62a8d2, 3=com.java.Objects.TestDataDetails@6d5af1, 4=com.java.Objects.TestDataDetails@8b6c02}
[INFO ][2015-11-09 11:30:53,476][com.java.TestType] [  465] -  str(1) = 1
[INFO ][2015-11-09 11:30:53,476][com.java.TestType] [  468] - Test case Id is---1
[INFO ][2015-11-09 11:30:53,476][com.java.TestType] [  470] - 1
[INFO ][2015-11-09 11:30:53,476][com.java.TestType] [  465] -  str(2) = 5
[INFO ][2015-11-09 11:30:53,477][com.java.TestType] [  517] - row values are--------{1=com.java.Objects.TestDataDetails@9156c3, 2=com.java.Objects.TestDataDetails@62a8d2, 3=com.java.Objects.TestDataDetails@6d5af1, 4=com.java.Objects.TestDataDetails@8b6c02, 5=com.java.Objects.TestDataDetails@14e5cfa}
[INFO ][2015-11-09 11:30:53,478][com.java.TestType] [  465] -  str(1) = 1
[INFO ][2015-11-09 11:30:53,478][com.java.TestType] [  468] - Test case Id is---1
[INFO ][2015-11-09 11:30:53,478][com.java.TestType] [  470] - 1
[INFO ][2015-11-09 11:30:53,478][com.java.TestType] [  465] -  str(2) = 6
[INFO ][2015-11-09 11:30:53,479][com.java.TestType] [  517] - row values are--------{1=com.java.Objects.TestDataDetails@9156c3, 2=com.java.Objects.TestDataDetails@62a8d2, 3=com.java.Objects.TestDataDetails@6d5af1, 4=com.java.Objects.TestDataDetails@8b6c02, 5=com.java.Objects.TestDataDetails@14e5cfa, 6=com.java.Objects.TestDataDetails@ef3d21}
[INFO ][2015-11-09 11:30:53,479][com.java.TestType] [  465] -  str(1) = 1
[INFO ][2015-11-09 11:30:53,479][com.java.TestType] [  468] - Test case Id is---1
[INFO ][2015-11-09 11:30:53,480][com.java.TestType] [  470] - 1
[INFO ][2015-11-09 11:30:53,480][com.java.TestType] [  465] -  str(2) = 7
[INFO ][2015-11-09 11:30:53,480][com.java.TestType] [  517] - row values are--------{1=com.java.Objects.TestDataDetails@9156c3, 2=com.java.Objects.TestDataDetails@62a8d2, 3=com.java.Objects.TestDataDetails@6d5af1, 4=com.java.Objects.TestDataDetails@8b6c02, 5=com.java.Objects.TestDataDetails@14e5cfa, 6=com.java.Objects.TestDataDetails@ef3d21, 7=com.java.Objects.TestDataDetails@36ab12}
[INFO ][2015-11-09 11:30:53,481][com.java.TestType] [  465] -  str(1) = 1
[INFO ][2015-11-09 11:30:53,481][com.java.TestType] [  468] - Test case Id is---1
[INFO ][2015-11-09 11:30:53,481][com.java.TestType] [  470] - 1
[INFO ][2015-11-09 11:30:53,481][com.java.TestType] [  465] -  str(2) = 8
[INFO ][2015-11-09 11:30:53,482][com.java.TestType] [  517] - row values are--------{1=com.java.Objects.TestDataDetails@9156c3, 2=com.java.Objects.TestDataDetails@62a8d2, 3=com.java.Objects.TestDataDetails@6d5af1, 4=com.java.Objects.TestDataDetails@8b6c02, 5=com.java.Objects.TestDataDetails@14e5cfa, 6=com.java.Objects.TestDataDetails@ef3d21, 7=com.java.Objects.TestDataDetails@36ab12, 8=com.java.Objects.TestDataDetails@8fc43e}
[INFO ][2015-11-09 11:30:53,482][com.java.TestType] [  465] -  str(1) = 1
[INFO ][2015-11-09 11:30:53,482][com.java.TestType] [  468] - Test case Id is---1
[INFO ][2015-11-09 11:30:53,482][com.java.TestType] [  470] - 1
[INFO ][2015-11-09 11:30:53,482][com.java.TestType] [  465] -  str(2) = 9
[INFO ][2015-11-09 11:30:53,483][com.java.TestType] [  517] - row values are--------{1=com.java.Objects.TestDataDetails@9156c3, 2=com.java.Objects.TestDataDetails@62a8d2, 3=com.java.Objects.TestDataDetails@6d5af1, 4=com.java.Objects.TestDataDetails@8b6c02, 5=com.java.Objects.TestDataDetails@14e5cfa, 6=com.java.Objects.TestDataDetails@ef3d21, 7=com.java.Objects.TestDataDetails@36ab12, 8=com.java.Objects.TestDataDetails@8fc43e, 9=com.java.Objects.TestDataDetails@1d2c4aa}
[INFO ][2015-11-09 11:30:53,483][com.java.TestType] [  465] -  str(1) = 1
[INFO ][2015-11-09 11:30:53,483][com.java.TestType] [  468] - Test case Id is---1
[INFO ][2015-11-09 11:30:53,484][com.java.TestType] [  470] - 1
[INFO ][2015-11-09 11:30:53,484][com.java.TestType] [  465] -  str(2) = 10
[INFO ][2015-11-09 11:30:53,485][com.java.TestType] [  517] - row values are--------{1=com.java.Objects.TestDataDetails@9156c3, 2=com.java.Objects.TestDataDetails@62a8d2, 3=com.java.Objects.TestDataDetails@6d5af1, 4=com.java.Objects.TestDataDetails@8b6c02, 5=com.java.Objects.TestDataDetails@14e5cfa, 6=com.java.Objects.TestDataDetails@ef3d21, 7=com.java.Objects.TestDataDetails@36ab12, 8=com.java.Objects.TestDataDetails@8fc43e, 9=com.java.Objects.TestDataDetails@1d2c4aa, 10=com.java.Objects.TestDataDetails@1b12424}
[INFO ][2015-11-09 11:30:53,485][com.java.TestType] [  465] -  str(1) = 1
[INFO ][2015-11-09 11:30:53,485][com.java.TestType] [  468] - Test case Id is---1
[INFO ][2015-11-09 11:30:53,485][com.java.TestType] [  470] - 1
[INFO ][2015-11-09 11:30:53,485][com.java.TestType] [  465] -  str(2) = 11
[INFO ][2015-11-09 11:30:53,486][com.java.TestType] [  517] - row values are--------{1=com.java.Objects.TestDataDetails@9156c3, 2=com.java.Objects.TestDataDetails@62a8d2, 3=com.java.Objects.TestDataDetails@6d5af1, 4=com.java.Objects.TestDataDetails@8b6c02, 5=com.java.Objects.TestDataDetails@14e5cfa, 6=com.java.Objects.TestDataDetails@ef3d21, 7=com.java.Objects.TestDataDetails@36ab12, 8=com.java.Objects.TestDataDetails@8fc43e, 9=com.java.Objects.TestDataDetails@1d2c4aa, 10=com.java.Objects.TestDataDetails@1b12424, 11=com.java.Objects.TestDataDetails@11843c0}
[INFO ][2015-11-09 11:30:53,486][com.java.TestType] [  465] -  str(1) = 1
[INFO ][2015-11-09 11:30:53,486][com.java.TestType] [  468] - Test case Id is---1
[INFO ][2015-11-09 11:30:53,486][com.java.TestType] [  470] - 1
[INFO ][2015-11-09 11:30:53,487][com.java.TestType] [  465] -  str(2) = 12
[INFO ][2015-11-09 11:30:53,487][com.java.TestType] [  517] - row values are--------{1=com.java.Objects.TestDataDetails@9156c3, 2=com.java.Objects.TestDataDetails@62a8d2, 3=com.java.Objects.TestDataDetails@6d5af1, 4=com.java.Objects.TestDataDetails@8b6c02, 5=com.java.Objects.TestDataDetails@14e5cfa, 6=com.java.Objects.TestDataDetails@ef3d21, 7=com.java.Objects.TestDataDetails@36ab12, 8=com.java.Objects.TestDataDetails@8fc43e, 9=com.java.Objects.TestDataDetails@1d2c4aa, 10=com.java.Objects.TestDataDetails@1b12424, 11=com.java.Objects.TestDataDetails@11843c0, 12=com.java.Objects.TestDataDetails@1f8d47f}
[INFO ][2015-11-09 11:30:53,487][com.java.TestType] [  465] -  str(1) = 1
[INFO ][2015-11-09 11:30:53,488][com.java.TestType] [  468] - Test case Id is---1
[INFO ][2015-11-09 11:30:53,488][com.java.TestType] [  470] - 1
[INFO ][2015-11-09 11:30:53,488][com.java.TestType] [  465] -  str(2) = 13
[INFO ][2015-11-09 11:30:53,488][com.java.TestType] [  517] - row values are--------{1=com.java.Objects.TestDataDetails@9156c3, 2=com.java.Objects.TestDataDetails@62a8d2, 3=com.java.Objects.TestDataDetails@6d5af1, 4=com.java.Objects.TestDataDetails@8b6c02, 5=com.java.Objects.TestDataDetails@14e5cfa, 6=com.java.Objects.TestDataDetails@ef3d21, 7=com.java.Objects.TestDataDetails@36ab12, 8=com.java.Objects.TestDataDetails@8fc43e, 9=com.java.Objects.TestDataDetails@1d2c4aa, 10=com.java.Objects.TestDataDetails@1b12424, 11=com.java.Objects.TestDataDetails@11843c0, 12=com.java.Objects.TestDataDetails@1f8d47f, 13=com.java.Objects.TestDataDetails@1544e03}
[INFO ][2015-11-09 11:30:53,489][com.java.TestType] [  465] -  str(1) = 1
[INFO ][2015-11-09 11:30:53,489][com.java.TestType] [  468] - Test case Id is---1
[INFO ][2015-11-09 11:30:53,489][com.java.TestType] [  470] - 1
[INFO ][2015-11-09 11:30:53,489][com.java.TestType] [  465] -  str(2) = 14
[INFO ][2015-11-09 11:30:53,490][com.java.TestType] [  517] - row values are--------{1=com.java.Objects.TestDataDetails@9156c3, 2=com.java.Objects.TestDataDetails@62a8d2, 3=com.java.Objects.TestDataDetails@6d5af1, 4=com.java.Objects.TestDataDetails@8b6c02, 5=com.java.Objects.TestDataDetails@14e5cfa, 6=com.java.Objects.TestDataDetails@ef3d21, 7=com.java.Objects.TestDataDetails@36ab12, 8=com.java.Objects.TestDataDetails@8fc43e, 9=com.java.Objects.TestDataDetails@1d2c4aa, 10=com.java.Objects.TestDataDetails@1b12424, 11=com.java.Objects.TestDataDetails@11843c0, 12=com.java.Objects.TestDataDetails@1f8d47f, 13=com.java.Objects.TestDataDetails@1544e03, 14=com.java.Objects.TestDataDetails@18ba7dc}
[INFO ][2015-11-09 11:30:53,490][com.java.TestType] [ 8225] - Looping 1TCID = 1
[DEBUG][2015-11-09 11:30:53,490][com.java.TestType] [ 8266] - Concept ID:1 :: Step being Executed: 1::1
[INFO ][2015-11-09 11:30:53,490][com.java.TestType] [ 8304] - dataFields : TXTusername
[DEBUG][2015-11-09 11:30:53,490][com.java.TestType] [ 8310] - <In Set values of the page>
[DEBUG][2015-11-09 11:30:53,490][com.java.TestType] [ 8315] - {Data Fields & Data Values Exist}
[INFO ][2015-11-09 11:30:53,490][com.java.TestType] [ 8321] - --------------------------setting values-----------------------------
[INFO ][2015-11-09 11:30:53,490][com.java.TestType] [ 8324] - Action Type : CLEARANDENTER
[INFO ][2015-11-09 11:30:53,490][com.java.TestType] [ 4075] - value = valuelabs.ie11.03890
[INFO ][2015-11-09 11:30:58,315][com.java.TestType] [ 8343] -  RESULT true
[INFO ][2015-11-09 11:30:58,315][com.java.TestType] [ 8460] - ?   P A S S   ?
[DEBUG][2015-11-09 11:30:58,315][com.java.TestType] [ 8266] - Concept ID:1 :: Step being Executed: 1::2
[INFO ][2015-11-09 11:30:58,315][com.java.TestType] [ 8304] - dataFields : TXTpassword
[DEBUG][2015-11-09 11:30:58,315][com.java.TestType] [ 8310] - <In Set values of the page>
[DEBUG][2015-11-09 11:30:58,315][com.java.TestType] [ 8315] - {Data Fields & Data Values Exist}
[INFO ][2015-11-09 11:30:58,316][com.java.TestType] [ 8321] - --------------------------setting values-----------------------------
[INFO ][2015-11-09 11:30:58,316][com.java.TestType] [ 8324] - Action Type : CLEARANDENTER
[INFO ][2015-11-09 11:30:58,316][com.java.TestType] [ 4075] - value = Password1*
[INFO ][2015-11-09 11:31:03,281][com.java.TestType] [ 8343] -  RESULT true
[INFO ][2015-11-09 11:31:03,281][com.java.TestType] [ 8460] - ?   P A S S   ?
[DEBUG][2015-11-09 11:31:03,281][com.java.TestType] [ 8266] - Concept ID:1 :: Step being Executed: 1::3
[ERROR][2015-11-09 11:31:03,281][com.java.TestType] [ 8299] - Exception: null
[INFO ][2015-11-09 11:31:03,281][com.java.TestType] [ 8304] - dataFields : XPH//button[@type='submit']
[DEBUG][2015-11-09 11:31:03,281][com.java.TestType] [ 8310] - <In Set values of the page>
[DEBUG][2015-11-09 11:31:03,281][com.java.TestType] [ 8315] - {Data Fields & Data Values Exist}
[INFO ][2015-11-09 11:31:03,281][com.java.TestType] [ 8321] - --------------------------setting values-----------------------------
[INFO ][2015-11-09 11:31:03,281][com.java.TestType] [ 8324] - Action Type : Click
[INFO ][2015-11-09 11:31:03,281][com.java.TestType] [ 4388] - Field ::XPH//button[@type='submit']
[INFO ][2015-11-09 11:31:04,281][com.java.TestType] [ 4447] - BEFORE CLICK
[INFO ][2015-11-09 11:31:11,088][com.java.TestType] [ 4455] - Unable to click the object Login
[INFO ][2015-11-09 11:31:11,088][com.java.TestType] [ 8343] -  RESULT true
[INFO ][2015-11-09 11:31:11,088][com.java.TestType] [ 8460] - ?   P A S S   ?
[DEBUG][2015-11-09 11:31:11,088][com.java.TestType] [ 8266] - Concept ID:1 :: Step being Executed: 1::4
[INFO ][2015-11-09 11:31:11,088][com.java.TestType] [ 8304] - dataFields : LNKLogout
[DEBUG][2015-11-09 11:31:11,088][com.java.TestType] [ 8310] - <In Set values of the page>
[DEBUG][2015-11-09 11:31:11,088][com.java.TestType] [ 8315] - {Data Fields & Data Values Exist}
[INFO ][2015-11-09 11:31:11,088][com.java.TestType] [ 8321] - --------------------------setting values-----------------------------
[INFO ][2015-11-09 11:31:11,088][com.java.TestType] [ 8324] - Action Type : WaitForElement
[INFO ][2015-11-09 11:31:11,120][com.java.TestType] [ 8343] -  RESULT true
[INFO ][2015-11-09 11:31:11,120][com.java.TestType] [ 8460] - ?   P A S S   ?
[DEBUG][2015-11-09 11:31:11,120][com.java.TestType] [ 8266] - Concept ID:1 :: Step being Executed: 1::13
[INFO ][2015-11-09 11:31:11,120][com.java.TestType] [ 8304] - dataFields : LNK
[DEBUG][2015-11-09 11:31:11,120][com.java.TestType] [ 8310] - <In Set values of the page>
[DEBUG][2015-11-09 11:31:11,120][com.java.TestType] [ 8315] - {Data Fields & Data Values Exist}
[INFO ][2015-11-09 11:31:11,120][com.java.TestType] [ 8321] - --------------------------setting values-----------------------------
[INFO ][2015-11-09 11:31:11,120][com.java.TestType] [ 8324] - Action Type : Verify
[INFO ][2015-11-09 11:31:11,120][com.java.TestType] [ 5201] - field= LNK value= Logout
[INFO ][2015-11-09 11:31:11,120][com.java.TestType] [ 4075] - value = Logout
[INFO ][2015-11-09 11:31:11,160][com.java.TestType] [ 8343] -  RESULT true
[INFO ][2015-11-09 11:31:11,160][com.java.TestType] [ 8460] - ?   P A S S   ?
[DEBUG][2015-11-09 11:31:11,160][com.java.TestType] [ 8266] - Concept ID:1 :: Step being Executed: 1::14
[INFO ][2015-11-09 11:31:11,160][com.java.TestType] [ 8304] - dataFields : BTN
[DEBUG][2015-11-09 11:31:11,160][com.java.TestType] [ 8310] - <In Set values of the page>
[DEBUG][2015-11-09 11:31:11,160][com.java.TestType] [ 8315] - {Data Fields & Data Values Exist}
[INFO ][2015-11-09 11:31:11,160][com.java.TestType] [ 8321] - --------------------------setting values-----------------------------
[INFO ][2015-11-09 11:31:11,160][com.java.TestType] [ 8324] - Action Type : Verify
[INFO ][2015-11-09 11:31:11,160][com.java.TestType] [ 5201] - field= BTN value= //img[contains(@src,'bdlogo.jpg')]
[INFO ][2015-11-09 11:31:11,160][com.java.TestType] [ 4075] - value = //img[contains(@src,'bdlogo.jpg')]
[INFO ][2015-11-09 11:31:11,200][com.java.TestType] [ 8343] -  RESULT true
[INFO ][2015-11-09 11:31:11,200][com.java.TestType] [ 8460] - ?   P A S S   ?
[INFO ][2015-11-09 11:31:11,200][com.java.TestType] [ 8531] - Looping End......
[INFO ][2015-11-09 11:31:11,200][com.java.SeleniumDriver] [  861] -  RESULT true
[INFO ][2015-11-09 11:31:11,200][com.java.SeleniumDriver] [ 1066] - ?   P A S S   ?
[INFO ][2015-11-09 11:31:11,200][com.java.SeleniumDriver] [  788] - ------------------------------------------
[INFO ][2015-11-09 11:31:11,200][com.java.SeleniumDriver] [  789] - Test case being Executed: 1
[INFO ][2015-11-09 11:31:11,200][com.java.SeleniumDriver] [  800] - Test step:2
[INFO ][2015-11-09 11:31:11,200][com.java.SeleniumDriver] [  812] - Datavalue is----------Concept#2:1-2
[INFO ][2015-11-09 11:31:11,200][com.java.SeleniumDriver] [  836] - DataField : test
[INFO ][2015-11-09 11:31:11,200][com.java.SeleniumDriver] [  838] - DataValue : Concept#2:1-2
[INFO ][2015-11-09 11:31:11,200][com.java.SeleniumDriver] [  844] - <In Set values of the page>
[INFO ][2015-11-09 11:31:11,200][com.java.SeleniumDriver] [  847] - {Data Fields & Data Values Exist}
[INFO ][2015-11-09 11:31:11,200][com.java.SeleniumDriver] [  849] - --------------------------setting values-----------------------------
[INFO ][2015-11-09 11:31:11,200][com.java.SeleniumDriver] [  852] - Action Type : ExecuteTestCase
[INFO ][2015-11-09 11:31:11,200][com.java.TestType] [  420] - The Concept sheet name is ---------- Concept
[INFO ][2015-11-09 11:31:11,200][com.java.TestType] [  423] - The Concept ID  is ---------- 2
[DEBUG][2015-11-09 11:31:11,200][com.java.TestType] [  427] - Steps being executted in the Concept are: 1:2
[INFO ][2015-11-09 11:31:11,200][com.java.TestType] [  434] - Test data details path ---------- D:\BankersDashboard\TestInputs\TestData.xls
[INFO ][2015-11-09 11:31:11,230][com.java.TestType] [  465] -  str(1) = 2
[INFO ][2015-11-09 11:31:11,230][com.java.TestType] [  468] - Test case Id is---2
[INFO ][2015-11-09 11:31:11,230][com.java.TestType] [  470] - 2
[INFO ][2015-11-09 11:31:11,230][com.java.TestType] [  465] -  str(2) = 1
[INFO ][2015-11-09 11:31:11,240][com.java.TestType] [  517] - row values are--------{1=com.java.Objects.TestDataDetails@1839cb0}
[INFO ][2015-11-09 11:31:11,240][com.java.TestType] [  465] -  str(1) = 2
[INFO ][2015-11-09 11:31:11,240][com.java.TestType] [  468] - Test case Id is---2
[INFO ][2015-11-09 11:31:11,240][com.java.TestType] [  470] - 2
[INFO ][2015-11-09 11:31:11,240][com.java.TestType] [  465] -  str(2) = 2
[INFO ][2015-11-09 11:31:11,240][com.java.TestType] [  517] - row values are--------{1=com.java.Objects.TestDataDetails@1839cb0, 2=com.java.Objects.TestDataDetails@1a83d23}
[INFO ][2015-11-09 11:31:11,240][com.java.TestType] [  465] -  str(1) = 2
[INFO ][2015-11-09 11:31:11,240][com.java.TestType] [  468] - Test case Id is---2
[INFO ][2015-11-09 11:31:11,240][com.java.TestType] [  470] - 2
[INFO ][2015-11-09 11:31:11,240][com.java.TestType] [  465] -  str(2) = 3
[INFO ][2015-11-09 11:31:11,240][com.java.TestType] [  517] - row values are--------{1=com.java.Objects.TestDataDetails@1839cb0, 2=com.java.Objects.TestDataDetails@1a83d23, 3=com.java.Objects.TestDataDetails@183106e}
[INFO ][2015-11-09 11:31:11,240][com.java.TestType] [ 8225] - Looping 1TCID = 2
[DEBUG][2015-11-09 11:31:11,240][com.java.TestType] [ 8266] - Concept ID:2 :: Step being Executed: 2::1
[INFO ][2015-11-09 11:31:11,240][com.java.TestType] [ 8304] - dataFields : BNK//select[@id='bank']
[DEBUG][2015-11-09 11:31:11,240][com.java.TestType] [ 8310] - <In Set values of the page>
[DEBUG][2015-11-09 11:31:11,240][com.java.TestType] [ 8315] - {Data Fields & Data Values Exist}
[INFO ][2015-11-09 11:31:11,240][com.java.TestType] [ 8321] - --------------------------setting values-----------------------------
[INFO ][2015-11-09 11:31:11,240][com.java.TestType] [ 8324] - Action Type : Select
[INFO ][2015-11-09 11:31:11,240][com.java.TestType] [ 4075] - value = PFC
[INFO ][2015-11-09 11:31:11,430][com.java.TestType] [ 8343] -  RESULT true
[INFO ][2015-11-09 11:31:11,430][com.java.TestType] [ 8460] - ?   P A S S   ?
[DEBUG][2015-11-09 11:31:11,430][com.java.TestType] [ 8266] - Concept ID:2 :: Step being Executed: 2::2
[INFO ][2015-11-09 11:31:11,430][com.java.TestType] [ 8304] - dataFields : LNKLogout
[DEBUG][2015-11-09 11:31:11,430][com.java.TestType] [ 8310] - <In Set values of the page>
[DEBUG][2015-11-09 11:31:11,430][com.java.TestType] [ 8315] - {Data Fields & Data Values Exist}
[INFO ][2015-11-09 11:31:11,430][com.java.TestType] [ 8321] - --------------------------setting values-----------------------------
[INFO ][2015-11-09 11:31:11,430][com.java.TestType] [ 8324] - Action Type : WaitTime
[DEBUG][2015-11-09 11:31:11,430][com.java.TestType] [ 3911] - sleepTime: 5000
[INFO ][2015-11-09 11:31:16,431][com.java.TestType] [ 8343] -  RESULT true
[INFO ][2015-11-09 11:31:16,431][com.java.TestType] [ 8460] - ?   P A S S   ?
[INFO ][2015-11-09 11:31:16,431][com.java.TestType] [ 8531] - Looping End......
[INFO ][2015-11-09 11:31:16,431][com.java.SeleniumDriver] [  861] -  RESULT true
[INFO ][2015-11-09 11:31:16,431][com.java.SeleniumDriver] [ 1066] - ?   P A S S   ?
[INFO ][2015-11-09 11:31:16,431][com.java.SeleniumDriver] [  788] - ------------------------------------------
[INFO ][2015-11-09 11:31:16,431][com.java.SeleniumDriver] [  789] - Test case being Executed: 1
[INFO ][2015-11-09 11:31:16,431][com.java.SeleniumDriver] [  800] - Test step:3
[INFO ][2015-11-09 11:31:16,431][com.java.SeleniumDriver] [  812] - Datavalue is----------2
[INFO ][2015-11-09 11:31:16,431][com.java.SeleniumDriver] [  836] - DataField : XPH//button[contains(text(),'Add Content')]
[INFO ][2015-11-09 11:31:16,431][com.java.SeleniumDriver] [  838] - DataValue : 2
[INFO ][2015-11-09 11:31:16,431][com.java.SeleniumDriver] [  844] - <In Set values of the page>
[INFO ][2015-11-09 11:31:16,431][com.java.SeleniumDriver] [  847] - {Data Fields & Data Values Exist}
[INFO ][2015-11-09 11:31:16,431][com.java.SeleniumDriver] [  849] - --------------------------setting values-----------------------------
[INFO ][2015-11-09 11:31:16,431][com.java.SeleniumDriver] [  852] - Action Type : WAITFORELEMENT
[INFO ][2015-11-09 11:31:16,472][com.java.SeleniumDriver] [  861] -  RESULT true
[INFO ][2015-11-09 11:31:16,472][com.java.SeleniumDriver] [ 1066] - ?   P A S S   ?
[DEBUG][2015-11-09 11:31:16,472][com.java.SeleniumDriver] [ 1168] - Case found
[DEBUG][2015-11-09 11:31:16,472][com.java.SeleniumDriver] [ 1173] - Incrementing ReportCounters[0]:1
[INFO ][2015-11-09 11:31:16,472][com.java.SeleniumDriver] [ 1192] - The results are-------------------[1, 1, Valid Login, Pass, , Mon Nov 09 11:31:11 IST 2015, 1, 2, Valid Login, Pass, , Mon Nov 09 11:31:16 IST 2015, 1, 3, Valid Login, Pass, , Mon Nov 09 11:31:16 IST 2015]
[INFO ][2015-11-09 11:31:16,472][com.java.SeleniumDriver] [ 1196] - End time is-------48 sec
[INFO ][2015-11-09 11:31:16,472][com.java.SeleniumDriver] [ 1197] - The results are-------------------[1, 1, Valid Login, Pass, , Mon Nov 09 11:31:11 IST 2015, 1, 2, Valid Login, Pass, , Mon Nov 09 11:31:16 IST 2015, 1, 3, Valid Login, Pass, , Mon Nov 09 11:31:16 IST 2015]
[DEBUG][2015-11-09 11:31:16,472][com.java.ImportnExport.ExportTestResultsExcel] [  222] - testResultPath = D:\BankersDashboard/TestReports/Test Results_BankersDashBoard_110915_113030_IE11_Simmons First National Bank.xls
[DEBUG][2015-11-09 11:31:16,472][com.java.ImportnExport.ExportTestResultsExcel] [  223] - browser is------------IE11
[DEBUG][2015-11-09 11:31:16,512][com.java.ImportnExport.ExportTestResultsExcel] [  270] - result.size() = 18
[DEBUG][2015-11-09 11:31:16,512][com.java.ImportnExport.ExportTestResultsExcel] [  274] - No of rows in sheet=1
[DEBUG][2015-11-09 11:31:16,512][com.java.ImportnExport.ExportTestResultsExcel] [  301] - ..in export..1
[DEBUG][2015-11-09 11:31:16,512][com.java.ImportnExport.ExportTestResultsExcel] [  301] - ..in export..Valid Login
[DEBUG][2015-11-09 11:31:16,512][com.java.ImportnExport.ExportTestResultsExcel] [  301] - ..in export..Pass
[DEBUG][2015-11-09 11:31:16,512][com.java.ImportnExport.ExportTestResultsExcel] [  301] - ..in export..
[DEBUG][2015-11-09 11:31:16,512][com.java.ImportnExport.ExportTestResultsExcel] [  301] - ..in export..Mon Nov 09 11:31:11 IST 2015
[INFO ][2015-11-09 11:31:16,512][com.java.SeleniumDriver] [ 1255] - out loop:0 size:2 TestCases:[1, 7] testcases:[1, 7]
[INFO ][2015-11-09 11:31:16,512][com.java.ImportnExport.ImportTestDataDetailsExcel] [   49] - test data details path===== D:\BankersDashboard\TestInputs\TestData.xls
[INFO ][2015-11-09 11:32:24,337][com.java.SeleniumDriver] [  788] - ------------------------------------------
[INFO ][2015-11-09 11:32:24,337][com.java.SeleniumDriver] [  789] - Test case being Executed: 7
[INFO ][2015-11-09 11:32:24,337][com.java.SeleniumDriver] [  800] - Test step:1
[INFO ][2015-11-09 11:32:24,337][com.java.SeleniumDriver] [  812] - Datavalue is----------Logout
[INFO ][2015-11-09 11:32:24,337][com.java.SeleniumDriver] [  836] - DataField : BTN
[INFO ][2015-11-09 11:32:24,337][com.java.SeleniumDriver] [  838] - DataValue : Logout
[INFO ][2015-11-09 11:32:24,337][com.java.SeleniumDriver] [  844] - <In Set values of the page>
[INFO ][2015-11-09 11:32:24,337][com.java.SeleniumDriver] [  847] - {Data Fields & Data Values Exist}
[INFO ][2015-11-09 11:32:24,337][com.java.SeleniumDriver] [  849] - --------------------------setting values-----------------------------
[INFO ][2015-11-09 11:32:24,337][com.java.SeleniumDriver] [  852] - Action Type : Verify
[INFO ][2015-11-09 11:32:24,337][com.java.TestType] [ 5201] - field= BTN value= Logout
[INFO ][2015-11-09 11:32:24,337][com.java.TestType] [ 4075] - value = Logout
[INFO ][2015-11-09 11:32:24,368][com.java.SeleniumDriver] [  861] -  RESULT true
[INFO ][2015-11-09 11:32:24,368][com.java.SeleniumDriver] [ 1066] - ?   P A S S   ?
[INFO ][2015-11-09 11:32:24,368][com.java.SeleniumDriver] [ 1108] - step change to 3
[INFO ][2015-11-09 11:32:24,368][com.java.SeleniumDriver] [  788] - ------------------------------------------
[INFO ][2015-11-09 11:32:24,368][com.java.SeleniumDriver] [  789] - Test case being Executed: 7
[INFO ][2015-11-09 11:32:24,368][com.java.SeleniumDriver] [  800] - Test step:3
[INFO ][2015-11-09 11:32:24,368][com.java.SeleniumDriver] [  812] - Datavalue is----------Concept#2:1-2
[INFO ][2015-11-09 11:32:24,368][com.java.SeleniumDriver] [  836] - DataField : test
[INFO ][2015-11-09 11:32:24,368][com.java.SeleniumDriver] [  838] - DataValue : Concept#2:1-2
[INFO ][2015-11-09 11:32:24,368][com.java.SeleniumDriver] [  844] - <In Set values of the page>
[INFO ][2015-11-09 11:32:24,368][com.java.SeleniumDriver] [  847] - {Data Fields & Data Values Exist}
[INFO ][2015-11-09 11:32:24,368][com.java.SeleniumDriver] [  849] - --------------------------setting values-----------------------------
[INFO ][2015-11-09 11:32:24,368][com.java.SeleniumDriver] [  852] - Action Type : ExecuteTestCase
[INFO ][2015-11-09 11:32:24,368][com.java.TestType] [  420] - The Concept sheet name is ---------- Concept
[INFO ][2015-11-09 11:32:24,368][com.java.TestType] [  423] - The Concept ID  is ---------- 2
[DEBUG][2015-11-09 11:32:24,368][com.java.TestType] [  427] - Steps being executted in the Concept are: 1:2
[INFO ][2015-11-09 11:32:24,368][com.java.TestType] [  434] - Test data details path ---------- D:\BankersDashboard\TestInputs\TestData.xls
[INFO ][2015-11-09 11:32:24,398][com.java.TestType] [  465] -  str(1) = 2
[INFO ][2015-11-09 11:32:24,398][com.java.TestType] [  468] - Test case Id is---2
[INFO ][2015-11-09 11:32:24,398][com.java.TestType] [  470] - 2
[INFO ][2015-11-09 11:32:24,398][com.java.TestType] [  465] -  str(2) = 1
[INFO ][2015-11-09 11:32:24,398][com.java.TestType] [  517] - row values are--------{1=com.java.Objects.TestDataDetails@123ff4a}
[INFO ][2015-11-09 11:32:24,398][com.java.TestType] [  465] -  str(1) = 2
[INFO ][2015-11-09 11:32:24,398][com.java.TestType] [  468] - Test case Id is---2
[INFO ][2015-11-09 11:32:24,398][com.java.TestType] [  470] - 2
[INFO ][2015-11-09 11:32:24,398][com.java.TestType] [  465] -  str(2) = 2
[INFO ][2015-11-09 11:32:24,398][com.java.TestType] [  517] - row values are--------{1=com.java.Objects.TestDataDetails@123ff4a, 2=com.java.Objects.TestDataDetails@12e86ae}
[INFO ][2015-11-09 11:32:24,398][com.java.TestType] [  465] -  str(1) = 2
[INFO ][2015-11-09 11:32:24,398][com.java.TestType] [  468] - Test case Id is---2
[INFO ][2015-11-09 11:32:24,398][com.java.TestType] [  470] - 2
[INFO ][2015-11-09 11:32:24,398][com.java.TestType] [  465] -  str(2) = 3
[INFO ][2015-11-09 11:32:24,398][com.java.TestType] [  517] - row values are--------{1=com.java.Objects.TestDataDetails@123ff4a, 2=com.java.Objects.TestDataDetails@12e86ae, 3=com.java.Objects.TestDataDetails@1902ab1}
[INFO ][2015-11-09 11:32:24,398][com.java.TestType] [ 8225] - Looping 1TCID = 2
[DEBUG][2015-11-09 11:32:24,398][com.java.TestType] [ 8266] - Concept ID:2 :: Step being Executed: 2::1
[INFO ][2015-11-09 11:32:24,398][com.java.TestType] [ 8304] - dataFields : BNK//select[@id='bank']
[DEBUG][2015-11-09 11:32:24,398][com.java.TestType] [ 8310] - <In Set values of the page>
[DEBUG][2015-11-09 11:32:24,398][com.java.TestType] [ 8315] - {Data Fields & Data Values Exist}
[INFO ][2015-11-09 11:32:24,398][com.java.TestType] [ 8321] - --------------------------setting values-----------------------------
[INFO ][2015-11-09 11:32:24,398][com.java.TestType] [ 8324] - Action Type : Select
[INFO ][2015-11-09 11:32:24,398][com.java.TestType] [ 4075] - value = PFC
[INFO ][2015-11-09 11:32:24,588][com.java.TestType] [ 8343] -  RESULT true
[INFO ][2015-11-09 11:32:24,588][com.java.TestType] [ 8460] - ?   P A S S   ?
[DEBUG][2015-11-09 11:32:24,588][com.java.TestType] [ 8266] - Concept ID:2 :: Step being Executed: 2::2
[INFO ][2015-11-09 11:32:24,588][com.java.TestType] [ 8304] - dataFields : LNKLogout
[DEBUG][2015-11-09 11:32:24,588][com.java.TestType] [ 8310] - <In Set values of the page>
[DEBUG][2015-11-09 11:32:24,588][com.java.TestType] [ 8315] - {Data Fields & Data Values Exist}
[INFO ][2015-11-09 11:32:24,588][com.java.TestType] [ 8321] - --------------------------setting values-----------------------------
[INFO ][2015-11-09 11:32:24,588][com.java.TestType] [ 8324] - Action Type : WaitTime
[DEBUG][2015-11-09 11:32:24,588][com.java.TestType] [ 3911] - sleepTime: 5000
[INFO ][2015-11-09 11:32:29,588][com.java.TestType] [ 8343] -  RESULT true
[INFO ][2015-11-09 11:32:29,588][com.java.TestType] [ 8460] - ?   P A S S   ?
[INFO ][2015-11-09 11:32:29,588][com.java.TestType] [ 8531] - Looping End......
[INFO ][2015-11-09 11:32:29,588][com.java.SeleniumDriver] [  861] -  RESULT true
[INFO ][2015-11-09 11:32:29,588][com.java.SeleniumDriver] [ 1066] - ?   P A S S   ?
[INFO ][2015-11-09 11:32:29,588][com.java.SeleniumDriver] [  788] - ------------------------------------------
[INFO ][2015-11-09 11:32:29,588][com.java.SeleniumDriver] [  789] - Test case being Executed: 7
[INFO ][2015-11-09 11:32:29,588][com.java.SeleniumDriver] [  800] - Test step:4
[INFO ][2015-11-09 11:32:29,588][com.java.SeleniumDriver] [  812] - Datavalue is----------null
[DEBUG][2015-11-09 11:32:29,588][com.java.SeleniumDriver] [  830] - Exception: null
[INFO ][2015-11-09 11:32:29,588][com.java.SeleniumDriver] [  836] - DataField : //span[@class='icon-user4']&&//a[text()='Users']&&//a[@data-id="ModifyUsers"]
[INFO ][2015-11-09 11:32:29,588][com.java.SeleniumDriver] [  838] - DataValue : 
[INFO ][2015-11-09 11:32:29,588][com.java.SeleniumDriver] [  844] - <In Set values of the page>
[INFO ][2015-11-09 11:32:29,588][com.java.SeleniumDriver] [  847] - {Data Fields & Data Values Exist}
[INFO ][2015-11-09 11:32:29,588][com.java.SeleniumDriver] [  849] - --------------------------setting values-----------------------------
[INFO ][2015-11-09 11:32:29,588][com.java.SeleniumDriver] [  852] - Action Type : MouseOver
[INFO ][2015-11-09 11:33:02,754][com.java.SeleniumDriver] [  861] -  RESULT true
[INFO ][2015-11-09 11:33:02,754][com.java.SeleniumDriver] [ 1066] - ?   P A S S   ?
[INFO ][2015-11-09 11:33:02,754][com.java.SeleniumDriver] [  788] - ------------------------------------------
[INFO ][2015-11-09 11:33:02,754][com.java.SeleniumDriver] [  789] - Test case being Executed: 7
[INFO ][2015-11-09 11:33:02,754][com.java.SeleniumDriver] [  800] - Test step:5
[INFO ][2015-11-09 11:33:02,754][com.java.SeleniumDriver] [  812] - Datavalue is----------2
[INFO ][2015-11-09 11:33:02,754][com.java.SeleniumDriver] [  836] - DataField : BTNframeDialogContent
[INFO ][2015-11-09 11:33:02,754][com.java.SeleniumDriver] [  838] - DataValue : 2
[INFO ][2015-11-09 11:33:02,754][com.java.SeleniumDriver] [  844] - <In Set values of the page>
[INFO ][2015-11-09 11:33:02,754][com.java.SeleniumDriver] [  847] - {Data Fields & Data Values Exist}
[INFO ][2015-11-09 11:33:02,754][com.java.SeleniumDriver] [  849] - --------------------------setting values-----------------------------
[INFO ][2015-11-09 11:33:02,754][com.java.SeleniumDriver] [  852] - Action Type : WaitForElement
[INFO ][2015-11-09 11:33:03,944][com.java.SeleniumDriver] [  861] -  RESULT true
[INFO ][2015-11-09 11:33:03,944][com.java.SeleniumDriver] [ 1066] - ?   P A S S   ?
[INFO ][2015-11-09 11:33:03,944][com.java.SeleniumDriver] [  788] - ------------------------------------------
[INFO ][2015-11-09 11:33:03,944][com.java.SeleniumDriver] [  789] - Test case being Executed: 7
[INFO ][2015-11-09 11:33:03,944][com.java.SeleniumDriver] [  800] - Test step:6
[INFO ][2015-11-09 11:33:03,944][com.java.SeleniumDriver] [  812] - Datavalue is----------null
[DEBUG][2015-11-09 11:33:03,944][com.java.SeleniumDriver] [  830] - Exception: null
[INFO ][2015-11-09 11:33:03,944][com.java.SeleniumDriver] [  836] - DataField : BTNframeDialogContent
[INFO ][2015-11-09 11:33:03,944][com.java.SeleniumDriver] [  838] - DataValue : 
[INFO ][2015-11-09 11:33:03,944][com.java.SeleniumDriver] [  844] - <In Set values of the page>
[INFO ][2015-11-09 11:33:03,944][com.java.SeleniumDriver] [  847] - {Data Fields & Data Values Exist}
[INFO ][2015-11-09 11:33:03,944][com.java.SeleniumDriver] [  849] - --------------------------setting values-----------------------------
[INFO ][2015-11-09 11:33:03,944][com.java.SeleniumDriver] [  852] - Action Type : SelectFrame
[INFO ][2015-11-09 11:33:05,186][com.java.SeleniumDriver] [  861] -  RESULT true
[INFO ][2015-11-09 11:33:05,186][com.java.SeleniumDriver] [ 1066] - ?   P A S S   ?
[INFO ][2015-11-09 11:33:05,186][com.java.SeleniumDriver] [  788] - ------------------------------------------
[INFO ][2015-11-09 11:33:05,186][com.java.SeleniumDriver] [  789] - Test case being Executed: 7
[INFO ][2015-11-09 11:33:05,186][com.java.SeleniumDriver] [  800] - Test step:7
[INFO ][2015-11-09 11:33:05,186][com.java.SeleniumDriver] [  812] - Datavalue is----------2
[INFO ][2015-11-09 11:33:05,186][com.java.SeleniumDriver] [  836] - DataField : BTNbtnAddUser
[INFO ][2015-11-09 11:33:05,186][com.java.SeleniumDriver] [  838] - DataValue : 2
[INFO ][2015-11-09 11:33:05,186][com.java.SeleniumDriver] [  844] - <In Set values of the page>
[INFO ][2015-11-09 11:33:05,186][com.java.SeleniumDriver] [  847] - {Data Fields & Data Values Exist}
[INFO ][2015-11-09 11:33:05,186][com.java.SeleniumDriver] [  849] - --------------------------setting values-----------------------------
[INFO ][2015-11-09 11:33:05,186][com.java.SeleniumDriver] [  852] - Action Type : WaitForElement
[INFO ][2015-11-09 11:33:07,016][com.java.SeleniumDriver] [  861] -  RESULT true
[INFO ][2015-11-09 11:33:07,016][com.java.SeleniumDriver] [ 1066] - ?   P A S S   ?
[INFO ][2015-11-09 11:33:07,016][com.java.SeleniumDriver] [  788] - ------------------------------------------
[INFO ][2015-11-09 11:33:07,016][com.java.SeleniumDriver] [  789] - Test case being Executed: 7
[INFO ][2015-11-09 11:33:07,016][com.java.SeleniumDriver] [  800] - Test step:8
[INFO ][2015-11-09 11:33:07,016][com.java.SeleniumDriver] [  812] - Datavalue is----------null
[DEBUG][2015-11-09 11:33:07,016][com.java.SeleniumDriver] [  830] - Exception: null
[INFO ][2015-11-09 11:33:07,016][com.java.SeleniumDriver] [  836] - DataField : BTNbtnAddUser
[INFO ][2015-11-09 11:33:07,016][com.java.SeleniumDriver] [  838] - DataValue : 
[INFO ][2015-11-09 11:33:07,016][com.java.SeleniumDriver] [  844] - <In Set values of the page>
[INFO ][2015-11-09 11:33:07,016][com.java.SeleniumDriver] [  847] - {Data Fields & Data Values Exist}
[INFO ][2015-11-09 11:33:07,016][com.java.SeleniumDriver] [  849] - --------------------------setting values-----------------------------
[INFO ][2015-11-09 11:33:07,016][com.java.SeleniumDriver] [  852] - Action Type : Click
[INFO ][2015-11-09 11:33:07,016][com.java.TestType] [ 4388] - Field ::BTNbtnAddUser
[INFO ][2015-11-09 11:33:08,024][com.java.TestType] [ 4426] - BEFORE CLICK
[INFO ][2015-11-09 11:33:10,015][com.java.TestType] [ 4433] - Unable to click the object Add user button
[INFO ][2015-11-09 11:33:10,015][com.java.SeleniumDriver] [  861] -  RESULT true
[INFO ][2015-11-09 11:33:10,015][com.java.SeleniumDriver] [ 1066] - ?   P A S S   ?
[INFO ][2015-11-09 11:33:10,015][com.java.SeleniumDriver] [  788] - ------------------------------------------
[INFO ][2015-11-09 11:33:10,015][com.java.SeleniumDriver] [  789] - Test case being Executed: 7
[INFO ][2015-11-09 11:33:10,015][com.java.SeleniumDriver] [  800] - Test step:9
[INFO ][2015-11-09 11:33:10,015][com.java.SeleniumDriver] [  812] - Datavalue is----------2
[INFO ][2015-11-09 11:33:10,015][com.java.SeleniumDriver] [  836] - DataField : BTNtxtUserName
[INFO ][2015-11-09 11:33:10,015][com.java.SeleniumDriver] [  838] - DataValue : 2
[INFO ][2015-11-09 11:33:10,015][com.java.SeleniumDriver] [  844] - <In Set values of the page>
[INFO ][2015-11-09 11:33:10,015][com.java.SeleniumDriver] [  847] - {Data Fields & Data Values Exist}
[INFO ][2015-11-09 11:33:10,015][com.java.SeleniumDriver] [  849] - --------------------------setting values-----------------------------
[INFO ][2015-11-09 11:33:10,015][com.java.SeleniumDriver] [  852] - Action Type : WaitForElement
[INFO ][2015-11-09 11:33:18,255][com.java.SeleniumDriver] [  861] -  RESULT true
[INFO ][2015-11-09 11:33:18,255][com.java.SeleniumDriver] [ 1066] - ?   P A S S   ?
[INFO ][2015-11-09 11:33:18,255][com.java.SeleniumDriver] [  788] - ------------------------------------------
[INFO ][2015-11-09 11:33:18,255][com.java.SeleniumDriver] [  789] - Test case being Executed: 7
[INFO ][2015-11-09 11:33:18,255][com.java.SeleniumDriver] [  800] - Test step:10
[INFO ][2015-11-09 11:33:18,255][com.java.SeleniumDriver] [  812] - Datavalue is----------dt:NewUserName
[INFO ][2015-11-09 11:33:18,255][com.java.SeleniumDriver] [  836] - DataField : TXTtxtUserName
[INFO ][2015-11-09 11:33:18,255][com.java.SeleniumDriver] [  838] - DataValue : dt:NewUserName
[INFO ][2015-11-09 11:33:18,255][com.java.SeleniumDriver] [  844] - <In Set values of the page>
[INFO ][2015-11-09 11:33:18,255][com.java.SeleniumDriver] [  847] - {Data Fields & Data Values Exist}
[INFO ][2015-11-09 11:33:18,255][com.java.SeleniumDriver] [  849] - --------------------------setting values-----------------------------
[INFO ][2015-11-09 11:33:18,255][com.java.SeleniumDriver] [  852] - Action Type : Enter
[INFO ][2015-11-09 11:33:18,255][com.java.TestType] [ 4708] - field = txtUserName
[INFO ][2015-11-09 11:33:18,255][com.java.TestType] [ 4075] - value = vltest.robot
[INFO ][2015-11-09 11:33:21,018][com.java.SeleniumDriver] [  861] -  RESULT true
[INFO ][2015-11-09 11:33:21,018][com.java.SeleniumDriver] [ 1066] - ?   P A S S   ?
[INFO ][2015-11-09 11:33:21,018][com.java.SeleniumDriver] [  788] - ------------------------------------------
[INFO ][2015-11-09 11:33:21,018][com.java.SeleniumDriver] [  789] - Test case being Executed: 7
[INFO ][2015-11-09 11:33:21,018][com.java.SeleniumDriver] [  800] - Test step:11
[INFO ][2015-11-09 11:33:21,018][com.java.SeleniumDriver] [  812] - Datavalue is----------VLTest
[INFO ][2015-11-09 11:33:21,018][com.java.SeleniumDriver] [  836] - DataField : TXTtxtFirstName
[INFO ][2015-11-09 11:33:21,018][com.java.SeleniumDriver] [  838] - DataValue : VLTest
[INFO ][2015-11-09 11:33:21,018][com.java.SeleniumDriver] [  844] - <In Set values of the page>
[INFO ][2015-11-09 11:33:21,018][com.java.SeleniumDriver] [  847] - {Data Fields & Data Values Exist}
[INFO ][2015-11-09 11:33:21,018][com.java.SeleniumDriver] [  849] - --------------------------setting values-----------------------------
[INFO ][2015-11-09 11:33:21,018][com.java.SeleniumDriver] [  852] - Action Type : Enter
[INFO ][2015-11-09 11:33:21,018][com.java.TestType] [ 4708] - field = txtFirstName
[INFO ][2015-11-09 11:33:21,018][com.java.TestType] [ 4075] - value = VLTest
[INFO ][2015-11-09 11:33:24,050][com.java.SeleniumDriver] [  861] -  RESULT true
[INFO ][2015-11-09 11:33:24,050][com.java.SeleniumDriver] [ 1066] - ?   P A S S   ?
[INFO ][2015-11-09 11:33:24,050][com.java.SeleniumDriver] [  788] - ------------------------------------------
[INFO ][2015-11-09 11:33:24,050][com.java.SeleniumDriver] [  789] - Test case being Executed: 7
[INFO ][2015-11-09 11:33:24,050][com.java.SeleniumDriver] [  800] - Test step:12
[INFO ][2015-11-09 11:33:24,050][com.java.SeleniumDriver] [  812] - Datavalue is----------Robot
[INFO ][2015-11-09 11:33:24,050][com.java.SeleniumDriver] [  836] - DataField : TXTtxtLastName
[INFO ][2015-11-09 11:33:24,050][com.java.SeleniumDriver] [  838] - DataValue : Robot
[INFO ][2015-11-09 11:33:24,050][com.java.SeleniumDriver] [  844] - <In Set values of the page>
[INFO ][2015-11-09 11:33:24,050][com.java.SeleniumDriver] [  847] - {Data Fields & Data Values Exist}
[INFO ][2015-11-09 11:33:24,050][com.java.SeleniumDriver] [  849] - --------------------------setting values-----------------------------
[INFO ][2015-11-09 11:33:24,050][com.java.SeleniumDriver] [  852] - Action Type : Enter
[INFO ][2015-11-09 11:33:24,050][com.java.TestType] [ 4708] - field = txtLastName
[INFO ][2015-11-09 11:33:24,050][com.java.TestType] [ 4075] - value = Robot
[INFO ][2015-11-09 11:33:26,832][com.java.SeleniumDriver] [  861] -  RESULT true
[INFO ][2015-11-09 11:33:26,832][com.java.SeleniumDriver] [ 1066] - ?   P A S S   ?
[INFO ][2015-11-09 11:33:26,832][com.java.SeleniumDriver] [  788] - ------------------------------------------
[INFO ][2015-11-09 11:33:26,832][com.java.SeleniumDriver] [  789] - Test case being Executed: 7
[INFO ][2015-11-09 11:33:26,832][com.java.SeleniumDriver] [  800] - Test step:13
[INFO ][2015-11-09 11:33:26,832][com.java.SeleniumDriver] [  812] - Datavalue is----------ValueLabs
[INFO ][2015-11-09 11:33:26,832][com.java.SeleniumDriver] [  836] - DataField : TXTtxtCompany
[INFO ][2015-11-09 11:33:26,832][com.java.SeleniumDriver] [  838] - DataValue : ValueLabs
[INFO ][2015-11-09 11:33:26,832][com.java.SeleniumDriver] [  844] - <In Set values of the page>
[INFO ][2015-11-09 11:33:26,832][com.java.SeleniumDriver] [  847] - {Data Fields & Data Values Exist}
[INFO ][2015-11-09 11:33:26,832][com.java.SeleniumDriver] [  849] - --------------------------setting values-----------------------------
[INFO ][2015-11-09 11:33:26,832][com.java.SeleniumDriver] [  852] - Action Type : Enter
[INFO ][2015-11-09 11:33:26,832][com.java.TestType] [ 4708] - field = txtCompany
[INFO ][2015-11-09 11:33:26,832][com.java.TestType] [ 4075] - value = ValueLabs
[INFO ][2015-11-09 11:33:29,776][com.java.SeleniumDriver] [  861] -  RESULT true
[INFO ][2015-11-09 11:33:29,776][com.java.SeleniumDriver] [ 1066] - ?   P A S S   ?
[INFO ][2015-11-09 11:33:29,776][com.java.SeleniumDriver] [  788] - ------------------------------------------
[INFO ][2015-11-09 11:33:29,776][com.java.SeleniumDriver] [  789] - Test case being Executed: 7
[INFO ][2015-11-09 11:33:29,776][com.java.SeleniumDriver] [  800] - Test step:14
[INFO ][2015-11-09 11:33:29,776][com.java.SeleniumDriver] [  812] - Datavalue is----------India
[INFO ][2015-11-09 11:33:29,776][com.java.SeleniumDriver] [  836] - DataField : TXTtxtLocation
[INFO ][2015-11-09 11:33:29,776][com.java.SeleniumDriver] [  838] - DataValue : India
[INFO ][2015-11-09 11:33:29,776][com.java.SeleniumDriver] [  844] - <In Set values of the page>
[INFO ][2015-11-09 11:33:29,776][com.java.SeleniumDriver] [  847] - {Data Fields & Data Values Exist}
[INFO ][2015-11-09 11:33:29,776][com.java.SeleniumDriver] [  849] - --------------------------setting values-----------------------------
[INFO ][2015-11-09 11:33:29,776][com.java.SeleniumDriver] [  852] - Action Type : Enter
[INFO ][2015-11-09 11:33:29,776][com.java.TestType] [ 4708] - field = txtLocation
[INFO ][2015-11-09 11:33:29,776][com.java.TestType] [ 4075] - value = India
[INFO ][2015-11-09 11:33:32,568][com.java.SeleniumDriver] [  861] -  RESULT true
[INFO ][2015-11-09 11:33:32,568][com.java.SeleniumDriver] [ 1066] - ?   P A S S   ?
[INFO ][2015-11-09 11:33:32,568][com.java.SeleniumDriver] [  788] - ------------------------------------------
[INFO ][2015-11-09 11:33:32,568][com.java.SeleniumDriver] [  789] - Test case being Executed: 7
[INFO ][2015-11-09 11:33:32,568][com.java.SeleniumDriver] [  800] - Test step:15
[INFO ][2015-11-09 11:33:32,568][com.java.SeleniumDriver] [  812] - Datavalue is----------vltest.robot@valuelabs.com
[INFO ][2015-11-09 11:33:32,568][com.java.SeleniumDriver] [  836] - DataField : TXTtxtEMail
[INFO ][2015-11-09 11:33:32,568][com.java.SeleniumDriver] [  838] - DataValue : vltest.robot@valuelabs.com
[INFO ][2015-11-09 11:33:32,568][com.java.SeleniumDriver] [  844] - <In Set values of the page>
[INFO ][2015-11-09 11:33:32,568][com.java.SeleniumDriver] [  847] - {Data Fields & Data Values Exist}
[INFO ][2015-11-09 11:33:32,568][com.java.SeleniumDriver] [  849] - --------------------------setting values-----------------------------
[INFO ][2015-11-09 11:33:32,568][com.java.SeleniumDriver] [  852] - Action Type : Enter
[INFO ][2015-11-09 11:33:32,568][com.java.TestType] [ 4708] - field = txtEMail
[INFO ][2015-11-09 11:33:32,568][com.java.TestType] [ 4075] - value = vltest.robot@valuelabs.com
[INFO ][2015-11-09 11:33:35,590][com.java.SeleniumDriver] [  861] -  RESULT true
[INFO ][2015-11-09 11:33:35,590][com.java.SeleniumDriver] [ 1066] - ?   P A S S   ?
[INFO ][2015-11-09 11:33:35,590][com.java.SeleniumDriver] [  788] - ------------------------------------------
[INFO ][2015-11-09 11:33:35,590][com.java.SeleniumDriver] [  789] - Test case being Executed: 7
[INFO ][2015-11-09 11:33:35,590][com.java.SeleniumDriver] [  800] - Test step:16
[INFO ][2015-11-09 11:33:35,590][com.java.SeleniumDriver] [  812] - Datavalue is----------12345678901
[INFO ][2015-11-09 11:33:35,590][com.java.SeleniumDriver] [  836] - DataField : TXTtxtPhone
[INFO ][2015-11-09 11:33:35,590][com.java.SeleniumDriver] [  838] - DataValue : 12345678901
[INFO ][2015-11-09 11:33:35,590][com.java.SeleniumDriver] [  844] - <In Set values of the page>
[INFO ][2015-11-09 11:33:35,590][com.java.SeleniumDriver] [  847] - {Data Fields & Data Values Exist}
[INFO ][2015-11-09 11:33:35,590][com.java.SeleniumDriver] [  849] - --------------------------setting values-----------------------------
[INFO ][2015-11-09 11:33:35,590][com.java.SeleniumDriver] [  852] - Action Type : Enter
[INFO ][2015-11-09 11:33:35,590][com.java.TestType] [ 4708] - field = txtPhone
[INFO ][2015-11-09 11:33:35,590][com.java.TestType] [ 4075] - value = 12345678901
[INFO ][2015-11-09 11:33:38,332][com.java.SeleniumDriver] [  861] -  RESULT true
[INFO ][2015-11-09 11:33:38,332][com.java.SeleniumDriver] [ 1066] - ?   P A S S   ?
[INFO ][2015-11-09 11:33:38,332][com.java.SeleniumDriver] [  788] - ------------------------------------------
[INFO ][2015-11-09 11:33:38,332][com.java.SeleniumDriver] [  789] - Test case being Executed: 7
[INFO ][2015-11-09 11:33:38,332][com.java.SeleniumDriver] [  800] - Test step:17
[INFO ][2015-11-09 11:33:38,332][com.java.SeleniumDriver] [  812] - Datavalue is----------dt:NewUserPswd
[INFO ][2015-11-09 11:33:38,332][com.java.SeleniumDriver] [  836] - DataField : TXTtxtPassword
[INFO ][2015-11-09 11:33:38,332][com.java.SeleniumDriver] [  838] - DataValue : dt:NewUserPswd
[INFO ][2015-11-09 11:33:38,332][com.java.SeleniumDriver] [  844] - <In Set values of the page>
[INFO ][2015-11-09 11:33:38,332][com.java.SeleniumDriver] [  847] - {Data Fields & Data Values Exist}
[INFO ][2015-11-09 11:33:38,332][com.java.SeleniumDriver] [  849] - --------------------------setting values-----------------------------
[INFO ][2015-11-09 11:33:38,332][com.java.SeleniumDriver] [  852] - Action Type : Enter
[INFO ][2015-11-09 11:33:38,332][com.java.TestType] [ 4708] - field = txtPassword
[INFO ][2015-11-09 11:33:38,332][com.java.TestType] [ 4075] - value = Password1*
[INFO ][2015-11-09 11:33:41,306][com.java.SeleniumDriver] [  861] -  RESULT true
[INFO ][2015-11-09 11:33:41,306][com.java.SeleniumDriver] [ 1066] - ?   P A S S   ?
[INFO ][2015-11-09 11:33:41,306][com.java.SeleniumDriver] [  788] - ------------------------------------------
[INFO ][2015-11-09 11:33:41,306][com.java.SeleniumDriver] [  789] - Test case being Executed: 7
[INFO ][2015-11-09 11:33:41,306][com.java.SeleniumDriver] [  800] - Test step:18
[INFO ][2015-11-09 11:33:41,306][com.java.SeleniumDriver] [  812] - Datavalue is----------dt:NewUserPswd
[INFO ][2015-11-09 11:33:41,306][com.java.SeleniumDriver] [  836] - DataField : TXTtxtPasswordConfirm
[INFO ][2015-11-09 11:33:41,306][com.java.SeleniumDriver] [  838] - DataValue : dt:NewUserPswd
[INFO ][2015-11-09 11:33:41,306][com.java.SeleniumDriver] [  844] - <In Set values of the page>
[INFO ][2015-11-09 11:33:41,306][com.java.SeleniumDriver] [  847] - {Data Fields & Data Values Exist}
[INFO ][2015-11-09 11:33:41,306][com.java.SeleniumDriver] [  849] - --------------------------setting values-----------------------------
[INFO ][2015-11-09 11:33:41,306][com.java.SeleniumDriver] [  852] - Action Type : Enter
[INFO ][2015-11-09 11:33:41,306][com.java.TestType] [ 4708] - field = txtPasswordConfirm
[INFO ][2015-11-09 11:33:41,306][com.java.TestType] [ 4075] - value = Password1*
[INFO ][2015-11-09 11:33:44,270][com.java.SeleniumDriver] [  861] -  RESULT true
[INFO ][2015-11-09 11:33:44,270][com.java.SeleniumDriver] [ 1066] - ?   P A S S   ?
[INFO ][2015-11-09 11:33:44,270][com.java.SeleniumDriver] [  788] - ------------------------------------------
[INFO ][2015-11-09 11:33:44,270][com.java.SeleniumDriver] [  789] - Test case being Executed: 7
[INFO ][2015-11-09 11:33:44,270][com.java.SeleniumDriver] [  800] - Test step:19
[INFO ][2015-11-09 11:33:44,270][com.java.SeleniumDriver] [  812] - Datavalue is----------null
[DEBUG][2015-11-09 11:33:44,270][com.java.SeleniumDriver] [  830] - Exception: null
[INFO ][2015-11-09 11:33:44,270][com.java.SeleniumDriver] [  836] - DataField : BTNparent
[INFO ][2015-11-09 11:33:44,270][com.java.SeleniumDriver] [  838] - DataValue : 
[INFO ][2015-11-09 11:33:44,270][com.java.SeleniumDriver] [  844] - <In Set values of the page>
[INFO ][2015-11-09 11:33:44,270][com.java.SeleniumDriver] [  847] - {Data Fields & Data Values Exist}
[INFO ][2015-11-09 11:33:44,270][com.java.SeleniumDriver] [  849] - --------------------------setting values-----------------------------
[INFO ][2015-11-09 11:33:44,270][com.java.SeleniumDriver] [  852] - Action Type : SelectFrame
[INFO ][2015-11-09 11:33:44,280][com.java.SeleniumDriver] [  861] -  RESULT true
[INFO ][2015-11-09 11:33:44,280][com.java.SeleniumDriver] [ 1066] - ?   P A S S   ?
[INFO ][2015-11-09 11:33:44,280][com.java.SeleniumDriver] [  788] - ------------------------------------------
[INFO ][2015-11-09 11:33:44,280][com.java.SeleniumDriver] [  789] - Test case being Executed: 7
[INFO ][2015-11-09 11:33:44,280][com.java.SeleniumDriver] [  800] - Test step:20
[INFO ][2015-11-09 11:33:44,280][com.java.SeleniumDriver] [  812] - Datavalue is----------5
[INFO ][2015-11-09 11:33:44,280][com.java.SeleniumDriver] [  836] - DataField : test
[INFO ][2015-11-09 11:33:44,280][com.java.SeleniumDriver] [  838] - DataValue : 5
[INFO ][2015-11-09 11:33:44,280][com.java.SeleniumDriver] [  844] - <In Set values of the page>
[INFO ][2015-11-09 11:33:44,280][com.java.SeleniumDriver] [  847] - {Data Fields & Data Values Exist}
[INFO ][2015-11-09 11:33:44,280][com.java.SeleniumDriver] [  849] - --------------------------setting values-----------------------------
[INFO ][2015-11-09 11:33:44,280][com.java.SeleniumDriver] [  852] - Action Type : WaitTime
[DEBUG][2015-11-09 11:33:44,280][com.java.TestType] [ 3911] - sleepTime: 5000
[INFO ][2015-11-09 11:33:49,281][com.java.SeleniumDriver] [  861] -  RESULT true
[INFO ][2015-11-09 11:33:49,281][com.java.SeleniumDriver] [ 1066] - ?   P A S S   ?
[INFO ][2015-11-09 11:33:49,281][com.java.SeleniumDriver] [  788] - ------------------------------------------
[INFO ][2015-11-09 11:33:49,281][com.java.SeleniumDriver] [  789] - Test case being Executed: 7
[INFO ][2015-11-09 11:33:49,281][com.java.SeleniumDriver] [  800] - Test step:21
[INFO ][2015-11-09 11:33:49,281][com.java.SeleniumDriver] [  812] - Datavalue is----------null
[DEBUG][2015-11-09 11:33:49,281][com.java.SeleniumDriver] [  830] - Exception: null
[INFO ][2015-11-09 11:33:49,281][com.java.SeleniumDriver] [  836] - DataField : XPH//span[contains(text(), 'Finished')]
[INFO ][2015-11-09 11:33:49,281][com.java.SeleniumDriver] [  838] - DataValue : 
[INFO ][2015-11-09 11:33:49,281][com.java.SeleniumDriver] [  844] - <In Set values of the page>
[INFO ][2015-11-09 11:33:49,281][com.java.SeleniumDriver] [  847] - {Data Fields & Data Values Exist}
[INFO ][2015-11-09 11:33:49,281][com.java.SeleniumDriver] [  849] - --------------------------setting values-----------------------------
[INFO ][2015-11-09 11:33:49,281][com.java.SeleniumDriver] [  852] - Action Type : Click
[INFO ][2015-11-09 11:33:49,281][com.java.TestType] [ 4388] - Field ::XPH//span[contains(text(), 'Finished')]
[INFO ][2015-11-09 11:33:50,282][com.java.TestType] [ 4447] - BEFORE CLICK
[INFO ][2015-11-09 11:33:51,152][com.java.TestType] [ 4455] - Unable to click the object Finished button
[INFO ][2015-11-09 11:33:51,152][com.java.SeleniumDriver] [  861] -  RESULT true
[INFO ][2015-11-09 11:33:51,152][com.java.SeleniumDriver] [ 1066] - ?   P A S S   ?
[INFO ][2015-11-09 11:33:51,152][com.java.SeleniumDriver] [  788] - ------------------------------------------
[INFO ][2015-11-09 11:33:51,152][com.java.SeleniumDriver] [  789] - Test case being Executed: 7
[INFO ][2015-11-09 11:33:51,152][com.java.SeleniumDriver] [  800] - Test step:22
[INFO ][2015-11-09 11:33:51,152][com.java.SeleniumDriver] [  812] - Datavalue is----------null
[DEBUG][2015-11-09 11:33:51,152][com.java.SeleniumDriver] [  830] - Exception: null
[INFO ][2015-11-09 11:33:51,152][com.java.SeleniumDriver] [  836] - DataField : XPH//span[contains(text(), 'Finished')]
[INFO ][2015-11-09 11:33:51,152][com.java.SeleniumDriver] [  838] - DataValue : 
[INFO ][2015-11-09 11:33:51,152][com.java.SeleniumDriver] [  844] - <In Set values of the page>
[INFO ][2015-11-09 11:33:51,152][com.java.SeleniumDriver] [  847] - {Data Fields & Data Values Exist}
[INFO ][2015-11-09 11:33:51,152][com.java.SeleniumDriver] [  849] - --------------------------setting values-----------------------------
[INFO ][2015-11-09 11:33:51,152][com.java.SeleniumDriver] [  852] - Action Type : WaitForElement
[INFO ][2015-11-09 11:33:51,183][com.java.SeleniumDriver] [  861] -  RESULT true
[INFO ][2015-11-09 11:33:51,183][com.java.SeleniumDriver] [ 1066] - ?   P A S S   ?
[INFO ][2015-11-09 11:33:51,183][com.java.SeleniumDriver] [  788] - ------------------------------------------
[INFO ][2015-11-09 11:33:51,183][com.java.SeleniumDriver] [  789] - Test case being Executed: 7
[INFO ][2015-11-09 11:33:51,183][com.java.SeleniumDriver] [  800] - Test step:23
[INFO ][2015-11-09 11:33:51,183][com.java.SeleniumDriver] [  812] - Datavalue is----------null
[DEBUG][2015-11-09 11:33:51,183][com.java.SeleniumDriver] [  830] - Exception: null
[INFO ][2015-11-09 11:33:51,183][com.java.SeleniumDriver] [  836] - DataField : BTNframeDialogContent
[INFO ][2015-11-09 11:33:51,183][com.java.SeleniumDriver] [  838] - DataValue : 
[INFO ][2015-11-09 11:33:51,183][com.java.SeleniumDriver] [  844] - <In Set values of the page>
[INFO ][2015-11-09 11:33:51,183][com.java.SeleniumDriver] [  847] - {Data Fields & Data Values Exist}
[INFO ][2015-11-09 11:33:51,183][com.java.SeleniumDriver] [  849] - --------------------------setting values-----------------------------
[INFO ][2015-11-09 11:33:51,183][com.java.SeleniumDriver] [  852] - Action Type : SelectFrame
[INFO ][2015-11-09 11:33:52,494][com.java.SeleniumDriver] [  861] -  RESULT true
[INFO ][2015-11-09 11:33:52,494][com.java.SeleniumDriver] [ 1066] - ?   P A S S   ?
[INFO ][2015-11-09 11:33:52,494][com.java.SeleniumDriver] [  788] - ------------------------------------------
[INFO ][2015-11-09 11:33:52,494][com.java.SeleniumDriver] [  789] - Test case being Executed: 7
[INFO ][2015-11-09 11:33:52,494][com.java.SeleniumDriver] [  800] - Test step:24
[INFO ][2015-11-09 11:33:52,494][com.java.SeleniumDriver] [  812] - Datavalue is----------null
[DEBUG][2015-11-09 11:33:52,494][com.java.SeleniumDriver] [  830] - Exception: null
[INFO ][2015-11-09 11:33:52,494][com.java.SeleniumDriver] [  836] - DataField : BTNchkGlobalPrivsUserAdmin
[INFO ][2015-11-09 11:33:52,494][com.java.SeleniumDriver] [  838] - DataValue : 
[INFO ][2015-11-09 11:33:52,494][com.java.SeleniumDriver] [  844] - <In Set values of the page>
[INFO ][2015-11-09 11:33:52,494][com.java.SeleniumDriver] [  847] - {Data Fields & Data Values Exist}
[INFO ][2015-11-09 11:33:52,494][com.java.SeleniumDriver] [  849] - --------------------------setting values-----------------------------
[INFO ][2015-11-09 11:33:52,494][com.java.SeleniumDriver] [  852] - Action Type : Click
[INFO ][2015-11-09 11:33:52,494][com.java.TestType] [ 4388] - Field ::BTNchkGlobalPrivsUserAdmin
[INFO ][2015-11-09 11:33:53,494][com.java.TestType] [ 4426] - BEFORE CLICK
[INFO ][2015-11-09 11:33:54,795][com.java.TestType] [ 4433] - Unable to click the object User Admin check box
[INFO ][2015-11-09 11:33:54,795][com.java.SeleniumDriver] [  861] -  RESULT true
[INFO ][2015-11-09 11:33:54,795][com.java.SeleniumDriver] [ 1066] - ?   P A S S   ?
[INFO ][2015-11-09 11:33:54,795][com.java.SeleniumDriver] [  788] - ------------------------------------------
[INFO ][2015-11-09 11:33:54,795][com.java.SeleniumDriver] [  789] - Test case being Executed: 7
[INFO ][2015-11-09 11:33:54,795][com.java.SeleniumDriver] [  800] - Test step:25
[INFO ][2015-11-09 11:33:54,795][com.java.SeleniumDriver] [  812] - Datavalue is----------null
[DEBUG][2015-11-09 11:33:54,795][com.java.SeleniumDriver] [  830] - Exception: null
[INFO ][2015-11-09 11:33:54,795][com.java.SeleniumDriver] [  836] - DataField : BTNrdoEnableEntity_Enable
[INFO ][2015-11-09 11:33:54,795][com.java.SeleniumDriver] [  838] - DataValue : 
[INFO ][2015-11-09 11:33:54,795][com.java.SeleniumDriver] [  844] - <In Set values of the page>
[INFO ][2015-11-09 11:33:54,795][com.java.SeleniumDriver] [  847] - {Data Fields & Data Values Exist}
[INFO ][2015-11-09 11:33:54,795][com.java.SeleniumDriver] [  849] - --------------------------setting values-----------------------------
[INFO ][2015-11-09 11:33:54,795][com.java.SeleniumDriver] [  852] - Action Type : Click
[INFO ][2015-11-09 11:33:54,795][com.java.TestType] [ 4388] - Field ::BTNrdoEnableEntity_Enable
[INFO ][2015-11-09 11:33:55,795][com.java.TestType] [ 4426] - BEFORE CLICK
[INFO ][2015-11-09 11:33:57,116][com.java.TestType] [ 4433] - Unable to click the object Enable radio button
[INFO ][2015-11-09 11:33:57,116][com.java.SeleniumDriver] [  861] -  RESULT true
[INFO ][2015-11-09 11:33:57,116][com.java.SeleniumDriver] [ 1066] - ?   P A S S   ?
[INFO ][2015-11-09 11:33:57,116][com.java.SeleniumDriver] [  788] - ------------------------------------------
[INFO ][2015-11-09 11:33:57,116][com.java.SeleniumDriver] [  789] - Test case being Executed: 7
[INFO ][2015-11-09 11:33:57,116][com.java.SeleniumDriver] [  800] - Test step:26
[INFO ][2015-11-09 11:33:57,116][com.java.SeleniumDriver] [  812] - Datavalue is----------null
[DEBUG][2015-11-09 11:33:57,116][com.java.SeleniumDriver] [  830] - Exception: null
[INFO ][2015-11-09 11:33:57,116][com.java.SeleniumDriver] [  836] - DataField : BTNchkProfitCenterAll
[INFO ][2015-11-09 11:33:57,116][com.java.SeleniumDriver] [  838] - DataValue : 
[INFO ][2015-11-09 11:33:57,116][com.java.SeleniumDriver] [  844] - <In Set values of the page>
[INFO ][2015-11-09 11:33:57,116][com.java.SeleniumDriver] [  847] - {Data Fields & Data Values Exist}
[INFO ][2015-11-09 11:33:57,116][com.java.SeleniumDriver] [  849] - --------------------------setting values-----------------------------
[INFO ][2015-11-09 11:33:57,116][com.java.SeleniumDriver] [  852] - Action Type : Click
[INFO ][2015-11-09 11:33:57,116][com.java.TestType] [ 4388] - Field ::BTNchkProfitCenterAll
[INFO ][2015-11-09 11:33:58,116][com.java.TestType] [ 4426] - BEFORE CLICK
[INFO ][2015-11-09 11:33:59,407][com.java.TestType] [ 4433] - Unable to click the object All Check box
[INFO ][2015-11-09 11:33:59,407][com.java.SeleniumDriver] [  861] -  RESULT true
[INFO ][2015-11-09 11:33:59,407][com.java.SeleniumDriver] [ 1066] - ?   P A S S   ?
[INFO ][2015-11-09 11:33:59,407][com.java.SeleniumDriver] [  788] - ------------------------------------------
[INFO ][2015-11-09 11:33:59,407][com.java.SeleniumDriver] [  789] - Test case being Executed: 7
[INFO ][2015-11-09 11:33:59,407][com.java.SeleniumDriver] [  800] - Test step:27
[INFO ][2015-11-09 11:33:59,407][com.java.SeleniumDriver] [  812] - Datavalue is----------null
[DEBUG][2015-11-09 11:33:59,407][com.java.SeleniumDriver] [  830] - Exception: null
[INFO ][2015-11-09 11:33:59,407][com.java.SeleniumDriver] [  836] - DataField : BTNchkPrivsAccessGL
[INFO ][2015-11-09 11:33:59,407][com.java.SeleniumDriver] [  838] - DataValue : 
[INFO ][2015-11-09 11:33:59,407][com.java.SeleniumDriver] [  844] - <In Set values of the page>
[INFO ][2015-11-09 11:33:59,407][com.java.SeleniumDriver] [  847] - {Data Fields & Data Values Exist}
[INFO ][2015-11-09 11:33:59,407][com.java.SeleniumDriver] [  849] - --------------------------setting values-----------------------------
[INFO ][2015-11-09 11:33:59,407][com.java.SeleniumDriver] [  852] - Action Type : Click
[INFO ][2015-11-09 11:33:59,407][com.java.TestType] [ 4388] - Field ::BTNchkPrivsAccessGL
[INFO ][2015-11-09 11:34:00,407][com.java.TestType] [ 4426] - BEFORE CLICK
[INFO ][2015-11-09 11:34:01,698][com.java.TestType] [ 4433] - Unable to click the object GL check box
[INFO ][2015-11-09 11:34:01,698][com.java.SeleniumDriver] [  861] -  RESULT true
[INFO ][2015-11-09 11:34:01,698][com.java.SeleniumDriver] [ 1066] - ?   P A S S   ?
[INFO ][2015-11-09 11:34:01,698][com.java.SeleniumDriver] [  788] - ------------------------------------------
[INFO ][2015-11-09 11:34:01,698][com.java.SeleniumDriver] [  789] - Test case being Executed: 7
[INFO ][2015-11-09 11:34:01,698][com.java.SeleniumDriver] [  800] - Test step:28
[INFO ][2015-11-09 11:34:01,698][com.java.SeleniumDriver] [  812] - Datavalue is----------null
[DEBUG][2015-11-09 11:34:01,698][com.java.SeleniumDriver] [  830] - Exception: null
[INFO ][2015-11-09 11:34:01,698][com.java.SeleniumDriver] [  836] - DataField : BTNparent
[INFO ][2015-11-09 11:34:01,698][com.java.SeleniumDriver] [  838] - DataValue : 
[INFO ][2015-11-09 11:34:01,698][com.java.SeleniumDriver] [  844] - <In Set values of the page>
[INFO ][2015-11-09 11:34:01,698][com.java.SeleniumDriver] [  847] - {Data Fields & Data Values Exist}
[INFO ][2015-11-09 11:34:01,698][com.java.SeleniumDriver] [  849] - --------------------------setting values-----------------------------
[INFO ][2015-11-09 11:34:01,698][com.java.SeleniumDriver] [  852] - Action Type : SelectFrame
[INFO ][2015-11-09 11:34:01,708][com.java.SeleniumDriver] [  861] -  RESULT true
[INFO ][2015-11-09 11:34:01,708][com.java.SeleniumDriver] [ 1066] - ?   P A S S   ?
[INFO ][2015-11-09 11:34:01,708][com.java.SeleniumDriver] [  788] - ------------------------------------------
[INFO ][2015-11-09 11:34:01,708][com.java.SeleniumDriver] [  789] - Test case being Executed: 7
[INFO ][2015-11-09 11:34:01,708][com.java.SeleniumDriver] [  800] - Test step:29
[INFO ][2015-11-09 11:34:01,708][com.java.SeleniumDriver] [  812] - Datavalue is----------5
[INFO ][2015-11-09 11:34:01,708][com.java.SeleniumDriver] [  836] - DataField : test
[INFO ][2015-11-09 11:34:01,708][com.java.SeleniumDriver] [  838] - DataValue : 5
[INFO ][2015-11-09 11:34:01,708][com.java.SeleniumDriver] [  844] - <In Set values of the page>
[INFO ][2015-11-09 11:34:01,708][com.java.SeleniumDriver] [  847] - {Data Fields & Data Values Exist}
[INFO ][2015-11-09 11:34:01,708][com.java.SeleniumDriver] [  849] - --------------------------setting values-----------------------------
[INFO ][2015-11-09 11:34:01,708][com.java.SeleniumDriver] [  852] - Action Type : WaitTime
[DEBUG][2015-11-09 11:34:01,708][com.java.TestType] [ 3911] - sleepTime: 5000
[INFO ][2015-11-09 11:34:06,708][com.java.SeleniumDriver] [  861] -  RESULT true
[INFO ][2015-11-09 11:34:06,708][com.java.SeleniumDriver] [ 1066] - ?   P A S S   ?
[INFO ][2015-11-09 11:34:06,708][com.java.SeleniumDriver] [  788] - ------------------------------------------
[INFO ][2015-11-09 11:34:06,708][com.java.SeleniumDriver] [  789] - Test case being Executed: 7
[INFO ][2015-11-09 11:34:06,708][com.java.SeleniumDriver] [  800] - Test step:30
[INFO ][2015-11-09 11:34:06,708][com.java.SeleniumDriver] [  812] - Datavalue is----------null
[DEBUG][2015-11-09 11:34:06,708][com.java.SeleniumDriver] [  830] - Exception: null
[INFO ][2015-11-09 11:34:06,708][com.java.SeleniumDriver] [  836] - DataField : XPH//span[contains(text(), 'Finished')]
[INFO ][2015-11-09 11:34:06,708][com.java.SeleniumDriver] [  838] - DataValue : 
[INFO ][2015-11-09 11:34:06,708][com.java.SeleniumDriver] [  844] - <In Set values of the page>
[INFO ][2015-11-09 11:34:06,708][com.java.SeleniumDriver] [  847] - {Data Fields & Data Values Exist}
[INFO ][2015-11-09 11:34:06,708][com.java.SeleniumDriver] [  849] - --------------------------setting values-----------------------------
[INFO ][2015-11-09 11:34:06,708][com.java.SeleniumDriver] [  852] - Action Type : Click
[INFO ][2015-11-09 11:34:06,708][com.java.TestType] [ 4388] - Field ::XPH//span[contains(text(), 'Finished')]
[INFO ][2015-11-09 11:34:07,711][com.java.TestType] [ 4447] - BEFORE CLICK
[INFO ][2015-11-09 11:34:16,515][com.java.TestType] [ 4455] - Unable to click the object Finished button
[INFO ][2015-11-09 11:34:16,515][com.java.SeleniumDriver] [  861] -  RESULT true
[INFO ][2015-11-09 11:34:16,515][com.java.SeleniumDriver] [ 1066] - ?   P A S S   ?
[INFO ][2015-11-09 11:34:16,515][com.java.SeleniumDriver] [  788] - ------------------------------------------
[INFO ][2015-11-09 11:34:16,515][com.java.SeleniumDriver] [  789] - Test case being Executed: 7
[INFO ][2015-11-09 11:34:16,515][com.java.SeleniumDriver] [  800] - Test step:31
[INFO ][2015-11-09 11:34:16,515][com.java.SeleniumDriver] [  812] - Datavalue is----------5
[INFO ][2015-11-09 11:34:16,515][com.java.SeleniumDriver] [  836] - DataField : BTNframeDialogContent
[INFO ][2015-11-09 11:34:16,515][com.java.SeleniumDriver] [  838] - DataValue : 5
[INFO ][2015-11-09 11:34:16,515][com.java.SeleniumDriver] [  844] - <In Set values of the page>
[INFO ][2015-11-09 11:34:16,515][com.java.SeleniumDriver] [  847] - {Data Fields & Data Values Exist}
[INFO ][2015-11-09 11:34:16,515][com.java.SeleniumDriver] [  849] - --------------------------setting values-----------------------------
[INFO ][2015-11-09 11:34:16,515][com.java.SeleniumDriver] [  852] - Action Type : WaitForElement
[INFO ][2015-11-09 11:34:17,726][com.java.SeleniumDriver] [  861] -  RESULT true
[INFO ][2015-11-09 11:34:17,726][com.java.SeleniumDriver] [ 1066] - ?   P A S S   ?
[INFO ][2015-11-09 11:34:17,726][com.java.SeleniumDriver] [  788] - ------------------------------------------
[INFO ][2015-11-09 11:34:17,726][com.java.SeleniumDriver] [  789] - Test case being Executed: 7
[INFO ][2015-11-09 11:34:17,726][com.java.SeleniumDriver] [  800] - Test step:32
[INFO ][2015-11-09 11:34:17,726][com.java.SeleniumDriver] [  812] - Datavalue is----------null
[DEBUG][2015-11-09 11:34:17,726][com.java.SeleniumDriver] [  830] - Exception: null
[INFO ][2015-11-09 11:34:17,726][com.java.SeleniumDriver] [  836] - DataField : BTNframeDialogContent
[INFO ][2015-11-09 11:34:17,726][com.java.SeleniumDriver] [  838] - DataValue : 
[INFO ][2015-11-09 11:34:17,726][com.java.SeleniumDriver] [  844] - <In Set values of the page>
[INFO ][2015-11-09 11:34:17,726][com.java.SeleniumDriver] [  847] - {Data Fields & Data Values Exist}
[INFO ][2015-11-09 11:34:17,726][com.java.SeleniumDriver] [  849] - --------------------------setting values-----------------------------
[INFO ][2015-11-09 11:34:17,726][com.java.SeleniumDriver] [  852] - Action Type : SelectFrame
[INFO ][2015-11-09 11:34:18,959][com.java.SeleniumDriver] [  861] -  RESULT true
[INFO ][2015-11-09 11:34:18,959][com.java.SeleniumDriver] [ 1066] - ?   P A S S   ?
[INFO ][2015-11-09 11:34:18,959][com.java.SeleniumDriver] [  788] - ------------------------------------------
[INFO ][2015-11-09 11:34:18,959][com.java.SeleniumDriver] [  789] - Test case being Executed: 7
[INFO ][2015-11-09 11:34:18,959][com.java.SeleniumDriver] [  800] - Test step:33
[INFO ][2015-11-09 11:34:18,959][com.java.SeleniumDriver] [  812] - Datavalue is----------null
[DEBUG][2015-11-09 11:34:18,959][com.java.SeleniumDriver] [  830] - Exception: null
[INFO ][2015-11-09 11:34:18,959][com.java.SeleniumDriver] [  836] - DataField : XPH//table[@id="tblUserListing"]//td[contains(text(),'vltest.robot')]
[INFO ][2015-11-09 11:34:18,959][com.java.SeleniumDriver] [  838] - DataValue : 
[INFO ][2015-11-09 11:34:18,959][com.java.SeleniumDriver] [  844] - <In Set values of the page>
[INFO ][2015-11-09 11:34:18,959][com.java.SeleniumDriver] [  847] - {Data Fields & Data Values Exist}
[INFO ][2015-11-09 11:34:18,959][com.java.SeleniumDriver] [  849] - --------------------------setting values-----------------------------
[INFO ][2015-11-09 11:34:18,959][com.java.SeleniumDriver] [  852] - Action Type : WaitForElement
[INFO ][2015-11-09 11:34:19,019][com.java.SeleniumDriver] [  861] -  RESULT true
[INFO ][2015-11-09 11:34:19,019][com.java.SeleniumDriver] [ 1066] - ?   P A S S   ?
[INFO ][2015-11-09 11:34:19,019][com.java.SeleniumDriver] [  788] - ------------------------------------------
[INFO ][2015-11-09 11:34:19,019][com.java.SeleniumDriver] [  789] - Test case being Executed: 7
[INFO ][2015-11-09 11:34:19,019][com.java.SeleniumDriver] [  800] - Test step:34
[INFO ][2015-11-09 11:34:19,019][com.java.SeleniumDriver] [  812] - Datavalue is----------dt:NewUserName
[INFO ][2015-11-09 11:34:19,019][com.java.SeleniumDriver] [  836] - DataField : USR
[INFO ][2015-11-09 11:34:19,019][com.java.SeleniumDriver] [  838] - DataValue : dt:NewUserName
[INFO ][2015-11-09 11:34:19,019][com.java.SeleniumDriver] [  844] - <In Set values of the page>
[INFO ][2015-11-09 11:34:19,019][com.java.SeleniumDriver] [  847] - {Data Fields & Data Values Exist}
[INFO ][2015-11-09 11:34:19,019][com.java.SeleniumDriver] [  849] - --------------------------setting values-----------------------------
[INFO ][2015-11-09 11:34:19,019][com.java.SeleniumDriver] [  852] - Action Type : Verify
[INFO ][2015-11-09 11:34:19,019][com.java.TestType] [ 5201] - field= USR value= dt:NewUserName
[INFO ][2015-11-09 11:34:19,019][com.java.TestType] [ 4075] - value = vltest.robot
[INFO ][2015-11-09 11:34:19,079][com.java.SeleniumDriver] [  861] -  RESULT true
[INFO ][2015-11-09 11:34:19,079][com.java.SeleniumDriver] [ 1066] - ?   P A S S   ?
[INFO ][2015-11-09 11:34:19,079][com.java.SeleniumDriver] [  788] - ------------------------------------------
[INFO ][2015-11-09 11:34:19,079][com.java.SeleniumDriver] [  789] - Test case being Executed: 7
[INFO ][2015-11-09 11:34:19,079][com.java.SeleniumDriver] [  800] - Test step:35
[INFO ][2015-11-09 11:34:19,079][com.java.SeleniumDriver] [  812] - Datavalue is----------Login_username
[INFO ][2015-11-09 11:34:19,079][com.java.SeleniumDriver] [  836] - DataField : XPH//table[@id="tblUserListing"]//td[contains(text(),'vltest.robot')]
[INFO ][2015-11-09 11:34:19,079][com.java.SeleniumDriver] [  838] - DataValue : Login_username
[INFO ][2015-11-09 11:34:19,079][com.java.SeleniumDriver] [  844] - <In Set values of the page>
[INFO ][2015-11-09 11:34:19,079][com.java.SeleniumDriver] [  847] - {Data Fields & Data Values Exist}
[INFO ][2015-11-09 11:34:19,079][com.java.SeleniumDriver] [  849] - --------------------------setting values-----------------------------
[INFO ][2015-11-09 11:34:19,079][com.java.SeleniumDriver] [  852] - Action Type : STOREVALUE
[INFO ][2015-11-09 11:34:19,079][com.java.TestType] [ 6135] - field= XPH//table[@id="tblUserListing"]//td[contains(text(),'vltest.robot')]
[DEBUG][2015-11-09 11:34:19,189][com.java.TestType] [ 6187] - Key:: Login_username   Value:: vltest.robot.03890
[INFO ][2015-11-09 11:34:19,189][com.java.SeleniumDriver] [  861] -  RESULT true
[INFO ][2015-11-09 11:34:19,189][com.java.SeleniumDriver] [ 1066] - ?   P A S S   ?
[INFO ][2015-11-09 11:34:19,189][com.java.SeleniumDriver] [  788] - ------------------------------------------
[INFO ][2015-11-09 11:34:19,189][com.java.SeleniumDriver] [  789] - Test case being Executed: 7
[INFO ][2015-11-09 11:34:19,189][com.java.SeleniumDriver] [  800] - Test step:36
[INFO ][2015-11-09 11:34:19,189][com.java.SeleniumDriver] [  812] - Datavalue is----------null
[DEBUG][2015-11-09 11:34:19,189][com.java.SeleniumDriver] [  830] - Exception: null
[INFO ][2015-11-09 11:34:19,189][com.java.SeleniumDriver] [  836] - DataField : BTNparent
[INFO ][2015-11-09 11:34:19,189][com.java.SeleniumDriver] [  838] - DataValue : 
[INFO ][2015-11-09 11:34:19,189][com.java.SeleniumDriver] [  844] - <In Set values of the page>
[INFO ][2015-11-09 11:34:19,189][com.java.SeleniumDriver] [  847] - {Data Fields & Data Values Exist}
[INFO ][2015-11-09 11:34:19,189][com.java.SeleniumDriver] [  849] - --------------------------setting values-----------------------------
[INFO ][2015-11-09 11:34:19,189][com.java.SeleniumDriver] [  852] - Action Type : SelectFrame
[INFO ][2015-11-09 11:34:19,199][com.java.SeleniumDriver] [  861] -  RESULT true
[INFO ][2015-11-09 11:34:19,199][com.java.SeleniumDriver] [ 1066] - ?   P A S S   ?
[INFO ][2015-11-09 11:34:19,199][com.java.SeleniumDriver] [  788] - ------------------------------------------
[INFO ][2015-11-09 11:34:19,199][com.java.SeleniumDriver] [  789] - Test case being Executed: 7
[INFO ][2015-11-09 11:34:19,199][com.java.SeleniumDriver] [  800] - Test step:37
[INFO ][2015-11-09 11:34:19,199][com.java.SeleniumDriver] [  812] - Datavalue is----------null
[DEBUG][2015-11-09 11:34:19,199][com.java.SeleniumDriver] [  830] - Exception: null
[INFO ][2015-11-09 11:34:19,199][com.java.SeleniumDriver] [  836] - DataField : XPH//span[contains(text(), 'Finished')]
[INFO ][2015-11-09 11:34:19,199][com.java.SeleniumDriver] [  838] - DataValue : 
[INFO ][2015-11-09 11:34:19,199][com.java.SeleniumDriver] [  844] - <In Set values of the page>
[INFO ][2015-11-09 11:34:19,199][com.java.SeleniumDriver] [  847] - {Data Fields & Data Values Exist}
[INFO ][2015-11-09 11:34:19,199][com.java.SeleniumDriver] [  849] - --------------------------setting values-----------------------------
[INFO ][2015-11-09 11:34:19,199][com.java.SeleniumDriver] [  852] - Action Type : Click
[INFO ][2015-11-09 11:34:19,199][com.java.TestType] [ 4388] - Field ::XPH//span[contains(text(), 'Finished')]
[INFO ][2015-11-09 11:34:20,199][com.java.TestType] [ 4447] - BEFORE CLICK
[INFO ][2015-11-09 11:34:21,309][com.java.TestType] [ 4455] - Unable to click the object Finished button
[INFO ][2015-11-09 11:34:21,309][com.java.SeleniumDriver] [  861] -  RESULT true
[INFO ][2015-11-09 11:34:21,309][com.java.SeleniumDriver] [ 1066] - ?   P A S S   ?
[INFO ][2015-11-09 11:34:21,309][com.java.SeleniumDriver] [  788] - ------------------------------------------
[INFO ][2015-11-09 11:34:21,309][com.java.SeleniumDriver] [  789] - Test case being Executed: 7
[INFO ][2015-11-09 11:34:21,309][com.java.SeleniumDriver] [  800] - Test step:38
[INFO ][2015-11-09 11:34:21,309][com.java.SeleniumDriver] [  812] - Datavalue is----------Concept#3:1-2
[INFO ][2015-11-09 11:34:21,309][com.java.SeleniumDriver] [  836] - DataField : test
[INFO ][2015-11-09 11:34:21,309][com.java.SeleniumDriver] [  838] - DataValue : Concept#3:1-2
[INFO ][2015-11-09 11:34:21,309][com.java.SeleniumDriver] [  844] - <In Set values of the page>
[INFO ][2015-11-09 11:34:21,309][com.java.SeleniumDriver] [  847] - {Data Fields & Data Values Exist}
[INFO ][2015-11-09 11:34:21,309][com.java.SeleniumDriver] [  849] - --------------------------setting values-----------------------------
[INFO ][2015-11-09 11:34:21,309][com.java.SeleniumDriver] [  852] - Action Type : ExecuteTestCase
[INFO ][2015-11-09 11:34:21,309][com.java.TestType] [  420] - The Concept sheet name is ---------- Concept
[INFO ][2015-11-09 11:34:21,309][com.java.TestType] [  423] - The Concept ID  is ---------- 3
[DEBUG][2015-11-09 11:34:21,309][com.java.TestType] [  427] - Steps being executted in the Concept are: 1:2
[INFO ][2015-11-09 11:34:21,309][com.java.TestType] [  434] - Test data details path ---------- D:\BankersDashboard\TestInputs\TestData.xls
[INFO ][2015-11-09 11:34:21,330][com.java.TestType] [  465] -  str(1) = 3
[INFO ][2015-11-09 11:34:21,330][com.java.TestType] [  468] - Test case Id is---3
[INFO ][2015-11-09 11:34:21,330][com.java.TestType] [  470] - 3
[INFO ][2015-11-09 11:34:21,330][com.java.TestType] [  465] -  str(2) = 1
[INFO ][2015-11-09 11:34:21,340][com.java.TestType] [  517] - row values are--------{1=com.java.Objects.TestDataDetails@18d6483}
[INFO ][2015-11-09 11:34:21,340][com.java.TestType] [  465] -  str(1) = 3
[INFO ][2015-11-09 11:34:21,340][com.java.TestType] [  468] - Test case Id is---3
[INFO ][2015-11-09 11:34:21,340][com.java.TestType] [  470] - 3
[INFO ][2015-11-09 11:34:21,340][com.java.TestType] [  465] -  str(2) = 2
[INFO ][2015-11-09 11:34:21,340][com.java.TestType] [  517] - row values are--------{1=com.java.Objects.TestDataDetails@18d6483, 2=com.java.Objects.TestDataDetails@f4077c}
[INFO ][2015-11-09 11:34:21,340][com.java.TestType] [ 8225] - Looping 1TCID = 3
[DEBUG][2015-11-09 11:34:21,340][com.java.TestType] [ 8266] - Concept ID:3 :: Step being Executed: 3::1
[INFO ][2015-11-09 11:34:21,340][com.java.TestType] [ 8304] - dataFields : test
[DEBUG][2015-11-09 11:34:21,340][com.java.TestType] [ 8310] - <In Set values of the page>
[DEBUG][2015-11-09 11:34:21,340][com.java.TestType] [ 8315] - {Data Fields & Data Values Exist}
[INFO ][2015-11-09 11:34:21,340][com.java.TestType] [ 8321] - --------------------------setting values-----------------------------
[INFO ][2015-11-09 11:34:21,340][com.java.TestType] [ 8324] - Action Type : Logout
[INFO ][2015-11-09 11:34:23,495][com.java.TestType] [ 4388] - Field ::CNF
[INFO ][2015-11-09 11:34:25,798][com.java.TestType] [ 4443] - Click the object confirmation
[INFO ][2015-11-09 11:34:25,798][com.java.TestType] [ 4444] - Unable to click the object confirmation
[DEBUG][2015-11-09 11:34:25,800][com.java.SeleniumDriver] [  425] - Hub ip address is-------172.17.68.34
[INFO ][2015-11-09 11:34:25,800][com.java.SeleniumDriver] [  451] - Grid URL:http://172.17.68.34:4444/wd/hub
[INFO ][2015-11-09 11:34:25,801][com.java.SeleniumDriver] [  452] - Capability:Capabilities [{platform=ANY, ensureCleanSession=true, ignoreProtectedModeSettings=true, acceptSslCerts=true, ignoreZoomSetting=true, browserName=internet explorer, browserstack.ie.noFlash=true, version=Node1}]
[ERROR][2015-11-09 11:34:26,829][com.java.SeleniumDriver] [  496] - Unable invoke browser in grid:Could not start a new session. Possible causes are invalid address of the remote server or browser start-up failure.
Build info: version: '2.48.2', revision: '41bccdd', time: '2015-10-09 19:59:12'
System info: host: 'FVTIII438F1D', ip: '172.17.68.34', os.name: 'Windows 7', os.arch: 'x86', os.version: '6.1', java.version: '1.7.0_55'
Driver info: driver.version: SeleniumDriver
[INFO ][2015-11-09 11:34:26,829][com.java.SeleniumDriver] [  498] - Executing on local machine
[INFO ][2015-11-09 11:34:36,110][com.java.TestType] [ 8343] -  RESULT true
[INFO ][2015-11-09 11:34:36,110][com.java.TestType] [ 8460] - ?   P A S S   ?
[DEBUG][2015-11-09 11:34:36,110][com.java.TestType] [ 8266] - Concept ID:3 :: Step being Executed: 3::2
[INFO ][2015-11-09 11:34:36,110][com.java.TestType] [ 8304] - dataFields : test
[DEBUG][2015-11-09 11:34:36,110][com.java.TestType] [ 8310] - <In Set values of the page>
[DEBUG][2015-11-09 11:34:36,110][com.java.TestType] [ 8315] - {Data Fields & Data Values Exist}
[INFO ][2015-11-09 11:34:36,110][com.java.TestType] [ 8321] - --------------------------setting values-----------------------------
[INFO ][2015-11-09 11:34:36,110][com.java.TestType] [ 8324] - Action Type : WaitTime
[DEBUG][2015-11-09 11:34:36,110][com.java.TestType] [ 3911] - sleepTime: 2000
[INFO ][2015-11-09 11:34:38,111][com.java.TestType] [ 8343] -  RESULT true
[INFO ][2015-11-09 11:34:38,111][com.java.TestType] [ 8460] - ?   P A S S   ?
[INFO ][2015-11-09 11:34:38,111][com.java.TestType] [ 8531] - Looping End......
[INFO ][2015-11-09 11:34:38,111][com.java.SeleniumDriver] [  861] -  RESULT true
[INFO ][2015-11-09 11:34:38,111][com.java.SeleniumDriver] [ 1066] - ?   P A S S   ?
[INFO ][2015-11-09 11:34:38,111][com.java.SeleniumDriver] [  788] - ------------------------------------------
[INFO ][2015-11-09 11:34:38,111][com.java.SeleniumDriver] [  789] - Test case being Executed: 7
[INFO ][2015-11-09 11:34:38,111][com.java.SeleniumDriver] [  800] - Test step:39
[INFO ][2015-11-09 11:34:38,111][com.java.SeleniumDriver] [  812] - Datavalue is----------HMVLogin_username
[INFO ][2015-11-09 11:34:38,111][com.java.SeleniumDriver] [  836] - DataField : TXTusername
[INFO ][2015-11-09 11:34:38,111][com.java.SeleniumDriver] [  838] - DataValue : HMVLogin_username
[INFO ][2015-11-09 11:34:38,111][com.java.SeleniumDriver] [  844] - <In Set values of the page>
[INFO ][2015-11-09 11:34:38,111][com.java.SeleniumDriver] [  847] - {Data Fields & Data Values Exist}
[INFO ][2015-11-09 11:34:38,111][com.java.SeleniumDriver] [  849] - --------------------------setting values-----------------------------
[INFO ][2015-11-09 11:34:38,111][com.java.SeleniumDriver] [  852] - Action Type : CLEARANDENTER
[INFO ][2015-11-09 11:34:38,111][com.java.TestType] [ 4075] - value = vltest.robot.03890
[INFO ][2015-11-09 11:34:42,922][com.java.SeleniumDriver] [  861] -  RESULT true
[INFO ][2015-11-09 11:34:42,922][com.java.SeleniumDriver] [ 1066] - ?   P A S S   ?
[INFO ][2015-11-09 11:34:42,922][com.java.SeleniumDriver] [  788] - ------------------------------------------
[INFO ][2015-11-09 11:34:42,922][com.java.SeleniumDriver] [  789] - Test case being Executed: 7
[INFO ][2015-11-09 11:34:42,922][com.java.SeleniumDriver] [  800] - Test step:40
[INFO ][2015-11-09 11:34:42,922][com.java.SeleniumDriver] [  812] - Datavalue is----------dt:NewUserPswd
[INFO ][2015-11-09 11:34:42,922][com.java.SeleniumDriver] [  836] - DataField : TXTpassword
[INFO ][2015-11-09 11:34:42,922][com.java.SeleniumDriver] [  838] - DataValue : dt:NewUserPswd
[INFO ][2015-11-09 11:34:42,922][com.java.SeleniumDriver] [  844] - <In Set values of the page>
[INFO ][2015-11-09 11:34:42,922][com.java.SeleniumDriver] [  847] - {Data Fields & Data Values Exist}
[INFO ][2015-11-09 11:34:42,922][com.java.SeleniumDriver] [  849] - --------------------------setting values-----------------------------
[INFO ][2015-11-09 11:34:42,922][com.java.SeleniumDriver] [  852] - Action Type : CLEARANDENTER
[INFO ][2015-11-09 11:34:42,922][com.java.TestType] [ 4075] - value = Password1*
[INFO ][2015-11-09 11:34:47,839][com.java.SeleniumDriver] [  861] -  RESULT true
[INFO ][2015-11-09 11:34:47,839][com.java.SeleniumDriver] [ 1066] - ?   P A S S   ?
[INFO ][2015-11-09 11:34:47,839][com.java.SeleniumDriver] [  788] - ------------------------------------------
[INFO ][2015-11-09 11:34:47,839][com.java.SeleniumDriver] [  789] - Test case being Executed: 7
[INFO ][2015-11-09 11:34:47,839][com.java.SeleniumDriver] [  800] - Test step:41
[INFO ][2015-11-09 11:34:47,839][com.java.SeleniumDriver] [  812] - Datavalue is----------null
[DEBUG][2015-11-09 11:34:47,839][com.java.SeleniumDriver] [  830] - Exception: null
[INFO ][2015-11-09 11:34:47,839][com.java.SeleniumDriver] [  836] - DataField : XPH//button[@type='submit']
[INFO ][2015-11-09 11:34:47,839][com.java.SeleniumDriver] [  838] - DataValue : 
[INFO ][2015-11-09 11:34:47,839][com.java.SeleniumDriver] [  844] - <In Set values of the page>
[INFO ][2015-11-09 11:34:47,839][com.java.SeleniumDriver] [  847] - {Data Fields & Data Values Exist}
[INFO ][2015-11-09 11:34:47,839][com.java.SeleniumDriver] [  849] - --------------------------setting values-----------------------------
[INFO ][2015-11-09 11:34:47,839][com.java.SeleniumDriver] [  852] - Action Type : Click
[INFO ][2015-11-09 11:34:47,839][com.java.TestType] [ 4388] - Field ::XPH//button[@type='submit']
[INFO ][2015-11-09 11:34:48,839][com.java.TestType] [ 4447] - BEFORE CLICK
[INFO ][2015-11-09 11:34:49,669][com.java.TestType] [ 4455] - Unable to click the object Login
[INFO ][2015-11-09 11:34:49,669][com.java.SeleniumDriver] [  861] -  RESULT true
[INFO ][2015-11-09 11:34:49,669][com.java.SeleniumDriver] [ 1066] - ?   P A S S   ?
[INFO ][2015-11-09 11:34:49,669][com.java.SeleniumDriver] [  788] - ------------------------------------------
[INFO ][2015-11-09 11:34:49,669][com.java.SeleniumDriver] [  789] - Test case being Executed: 7
[INFO ][2015-11-09 11:34:49,669][com.java.SeleniumDriver] [  800] - Test step:42
[INFO ][2015-11-09 11:34:49,669][com.java.SeleniumDriver] [  812] - Datavalue is----------null
[DEBUG][2015-11-09 11:34:49,669][com.java.SeleniumDriver] [  830] - Exception: null
[INFO ][2015-11-09 11:34:49,669][com.java.SeleniumDriver] [  836] - DataField : test
[INFO ][2015-11-09 11:34:49,669][com.java.SeleniumDriver] [  838] - DataValue : 
[INFO ][2015-11-09 11:34:49,669][com.java.SeleniumDriver] [  844] - <In Set values of the page>
[INFO ][2015-11-09 11:34:49,669][com.java.SeleniumDriver] [  847] - {Data Fields & Data Values Exist}
[INFO ][2015-11-09 11:34:49,669][com.java.SeleniumDriver] [  849] - --------------------------setting values-----------------------------
[INFO ][2015-11-09 11:34:49,669][com.java.SeleniumDriver] [  852] - Action Type : WaitTime
[DEBUG][2015-11-09 11:34:49,669][com.java.TestType] [ 3911] - sleepTime: 10000
[INFO ][2015-11-09 11:34:59,656][com.java.SeleniumDriver] [  861] -  RESULT true
[INFO ][2015-11-09 11:34:59,656][com.java.SeleniumDriver] [ 1066] - ?   P A S S   ?
[INFO ][2015-11-09 11:34:59,656][com.java.SeleniumDriver] [  788] - ------------------------------------------
[INFO ][2015-11-09 11:34:59,656][com.java.SeleniumDriver] [  789] - Test case being Executed: 7
[INFO ][2015-11-09 11:34:59,656][com.java.SeleniumDriver] [  800] - Test step:43
[INFO ][2015-11-09 11:34:59,656][com.java.SeleniumDriver] [  812] - Datavalue is----------Banker'sDashboard
[INFO ][2015-11-09 11:34:59,656][com.java.SeleniumDriver] [  836] - DataField : TTL
[INFO ][2015-11-09 11:34:59,656][com.java.SeleniumDriver] [  838] - DataValue : Banker'sDashboard
[INFO ][2015-11-09 11:34:59,656][com.java.SeleniumDriver] [  844] - <In Set values of the page>
[INFO ][2015-11-09 11:34:59,656][com.java.SeleniumDriver] [  847] - {Data Fields & Data Values Exist}
[INFO ][2015-11-09 11:34:59,656][com.java.SeleniumDriver] [  849] - --------------------------setting values-----------------------------
[INFO ][2015-11-09 11:34:59,656][com.java.SeleniumDriver] [  852] - Action Type : SelectWindow
[INFO ][2015-11-09 11:35:14,252][com.java.SeleniumDriver] [  861] -  RESULT true
[INFO ][2015-11-09 11:35:14,252][com.java.SeleniumDriver] [ 1066] - ?   P A S S   ?
[INFO ][2015-11-09 11:35:14,252][com.java.SeleniumDriver] [  788] - ------------------------------------------
[INFO ][2015-11-09 11:35:14,252][com.java.SeleniumDriver] [  789] - Test case being Executed: 7
[INFO ][2015-11-09 11:35:14,252][com.java.SeleniumDriver] [  800] - Test step:44
[INFO ][2015-11-09 11:35:14,252][com.java.SeleniumDriver] [  812] - Datavalue is----------20
[INFO ][2015-11-09 11:35:14,252][com.java.SeleniumDriver] [  836] - DataField : test
[INFO ][2015-11-09 11:35:14,252][com.java.SeleniumDriver] [  838] - DataValue : 20
[INFO ][2015-11-09 11:35:14,252][com.java.SeleniumDriver] [  844] - <In Set values of the page>
[INFO ][2015-11-09 11:35:14,252][com.java.SeleniumDriver] [  847] - {Data Fields & Data Values Exist}
[INFO ][2015-11-09 11:35:14,252][com.java.SeleniumDriver] [  849] - --------------------------setting values-----------------------------
[INFO ][2015-11-09 11:35:14,252][com.java.SeleniumDriver] [  852] - Action Type : WaitTime
[DEBUG][2015-11-09 11:35:14,252][com.java.TestType] [ 3911] - sleepTime: 20000
[INFO ][2015-11-09 11:35:34,260][com.java.SeleniumDriver] [  861] -  RESULT true
[INFO ][2015-11-09 11:35:34,260][com.java.SeleniumDriver] [ 1066] - ?   P A S S   ?
[INFO ][2015-11-09 11:35:34,260][com.java.SeleniumDriver] [  788] - ------------------------------------------
[INFO ][2015-11-09 11:35:34,260][com.java.SeleniumDriver] [  789] - Test case being Executed: 7
[INFO ][2015-11-09 11:35:34,260][com.java.SeleniumDriver] [  800] - Test step:45
[INFO ][2015-11-09 11:35:34,260][com.java.SeleniumDriver] [  812] - Datavalue is----------null
[DEBUG][2015-11-09 11:35:34,260][com.java.SeleniumDriver] [  830] - Exception: null
[INFO ][2015-11-09 11:35:34,260][com.java.SeleniumDriver] [  836] - DataField : //span[@class='icon-cog2']&&//a[@data-id="UserSettings"]
[INFO ][2015-11-09 11:35:34,260][com.java.SeleniumDriver] [  838] - DataValue : 
[INFO ][2015-11-09 11:35:34,260][com.java.SeleniumDriver] [  844] - <In Set values of the page>
[INFO ][2015-11-09 11:35:34,260][com.java.SeleniumDriver] [  847] - {Data Fields & Data Values Exist}
[INFO ][2015-11-09 11:35:34,260][com.java.SeleniumDriver] [  849] - --------------------------setting values-----------------------------
[INFO ][2015-11-09 11:35:34,260][com.java.SeleniumDriver] [  852] - Action Type : MouseOver
[INFO ][2015-11-09 11:35:57,874][com.java.SeleniumDriver] [  861] -  RESULT true
[INFO ][2015-11-09 11:35:57,874][com.java.SeleniumDriver] [ 1066] - ?   P A S S   ?
[INFO ][2015-11-09 11:35:57,874][com.java.SeleniumDriver] [  788] - ------------------------------------------
[INFO ][2015-11-09 11:35:57,874][com.java.SeleniumDriver] [  789] - Test case being Executed: 7
[INFO ][2015-11-09 11:35:57,874][com.java.SeleniumDriver] [  800] - Test step:46
[INFO ][2015-11-09 11:35:57,874][com.java.SeleniumDriver] [  812] - Datavalue is----------null
[DEBUG][2015-11-09 11:35:57,874][com.java.SeleniumDriver] [  830] - Exception: null
[INFO ][2015-11-09 11:35:57,874][com.java.SeleniumDriver] [  836] - DataField : BTNframeDialogContent
[INFO ][2015-11-09 11:35:57,874][com.java.SeleniumDriver] [  838] - DataValue : 
[INFO ][2015-11-09 11:35:57,874][com.java.SeleniumDriver] [  844] - <In Set values of the page>
[INFO ][2015-11-09 11:35:57,874][com.java.SeleniumDriver] [  847] - {Data Fields & Data Values Exist}
[INFO ][2015-11-09 11:35:57,874][com.java.SeleniumDriver] [  849] - --------------------------setting values-----------------------------
[INFO ][2015-11-09 11:35:57,874][com.java.SeleniumDriver] [  852] - Action Type : WaitForElement
[INFO ][2015-11-09 11:35:59,054][com.java.SeleniumDriver] [  861] -  RESULT true
[INFO ][2015-11-09 11:35:59,054][com.java.SeleniumDriver] [ 1066] - ?   P A S S   ?
[INFO ][2015-11-09 11:35:59,054][com.java.SeleniumDriver] [  788] - ------------------------------------------
[INFO ][2015-11-09 11:35:59,054][com.java.SeleniumDriver] [  789] - Test case being Executed: 7
[INFO ][2015-11-09 11:35:59,054][com.java.SeleniumDriver] [  800] - Test step:47
[INFO ][2015-11-09 11:35:59,054][com.java.SeleniumDriver] [  812] - Datavalue is----------frameDialogContent
[INFO ][2015-11-09 11:35:59,054][com.java.SeleniumDriver] [  836] - DataField : BTN
[INFO ][2015-11-09 11:35:59,054][com.java.SeleniumDriver] [  838] - DataValue : frameDialogContent
[INFO ][2015-11-09 11:35:59,054][com.java.SeleniumDriver] [  844] - <In Set values of the page>
[INFO ][2015-11-09 11:35:59,054][com.java.SeleniumDriver] [  847] - {Data Fields & Data Values Exist}
[INFO ][2015-11-09 11:35:59,054][com.java.SeleniumDriver] [  849] - --------------------------setting values-----------------------------
[INFO ][2015-11-09 11:35:59,054][com.java.SeleniumDriver] [  852] - Action Type : SELECTFRAMEBYNAME
[INFO ][2015-11-09 11:35:59,054][com.java.TestType] [ 4075] - value = frameDialogContent
[INFO ][2015-11-09 11:35:59,115][com.java.SeleniumDriver] [  861] -  RESULT true
[INFO ][2015-11-09 11:35:59,115][com.java.SeleniumDriver] [ 1066] - ?   P A S S   ?
[INFO ][2015-11-09 11:35:59,115][com.java.SeleniumDriver] [  788] - ------------------------------------------
[INFO ][2015-11-09 11:35:59,115][com.java.SeleniumDriver] [  789] - Test case being Executed: 7
[INFO ][2015-11-09 11:35:59,115][com.java.SeleniumDriver] [  800] - Test step:48
[INFO ][2015-11-09 11:35:59,115][com.java.SeleniumDriver] [  812] - Datavalue is----------No
[INFO ][2015-11-09 11:35:59,115][com.java.SeleniumDriver] [  836] - DataField : SLBddlOpenBDInNewWindow
[INFO ][2015-11-09 11:35:59,115][com.java.SeleniumDriver] [  838] - DataValue : No
[INFO ][2015-11-09 11:35:59,115][com.java.SeleniumDriver] [  844] - <In Set values of the page>
[INFO ][2015-11-09 11:35:59,115][com.java.SeleniumDriver] [  847] - {Data Fields & Data Values Exist}
[INFO ][2015-11-09 11:35:59,115][com.java.SeleniumDriver] [  849] - --------------------------setting values-----------------------------
[INFO ][2015-11-09 11:35:59,115][com.java.SeleniumDriver] [  852] - Action Type : Select
[INFO ][2015-11-09 11:35:59,115][com.java.TestType] [ 4075] - value = No
[INFO ][2015-11-09 11:36:01,387][com.java.SeleniumDriver] [  861] -  RESULT true
[INFO ][2015-11-09 11:36:01,387][com.java.SeleniumDriver] [ 1066] - ?   P A S S   ?
[INFO ][2015-11-09 11:36:01,387][com.java.SeleniumDriver] [  788] - ------------------------------------------
[INFO ][2015-11-09 11:36:01,387][com.java.SeleniumDriver] [  789] - Test case being Executed: 7
[INFO ][2015-11-09 11:36:01,387][com.java.SeleniumDriver] [  800] - Test step:49
[INFO ][2015-11-09 11:36:01,387][com.java.SeleniumDriver] [  812] - Datavalue is----------null
[DEBUG][2015-11-09 11:36:01,387][com.java.SeleniumDriver] [  830] - Exception: null
[INFO ][2015-11-09 11:36:01,387][com.java.SeleniumDriver] [  836] - DataField : BTNparent
[INFO ][2015-11-09 11:36:01,387][com.java.SeleniumDriver] [  838] - DataValue : 
[INFO ][2015-11-09 11:36:01,387][com.java.SeleniumDriver] [  844] - <In Set values of the page>
[INFO ][2015-11-09 11:36:01,387][com.java.SeleniumDriver] [  847] - {Data Fields & Data Values Exist}
[INFO ][2015-11-09 11:36:01,387][com.java.SeleniumDriver] [  849] - --------------------------setting values-----------------------------
[INFO ][2015-11-09 11:36:01,387][com.java.SeleniumDriver] [  852] - Action Type : SELECTFRAME
[INFO ][2015-11-09 11:36:01,407][com.java.SeleniumDriver] [  861] -  RESULT true
[INFO ][2015-11-09 11:36:01,407][com.java.SeleniumDriver] [ 1066] - ?   P A S S   ?
[INFO ][2015-11-09 11:36:01,407][com.java.SeleniumDriver] [  788] - ------------------------------------------
[INFO ][2015-11-09 11:36:01,407][com.java.SeleniumDriver] [  789] - Test case being Executed: 7
[INFO ][2015-11-09 11:36:01,407][com.java.SeleniumDriver] [  800] - Test step:50
[INFO ][2015-11-09 11:36:01,407][com.java.SeleniumDriver] [  812] - Datavalue is----------null
[DEBUG][2015-11-09 11:36:01,407][com.java.SeleniumDriver] [  830] - Exception: null
[INFO ][2015-11-09 11:36:01,407][com.java.SeleniumDriver] [  836] - DataField : BTN//span[text()='Finished']
[INFO ][2015-11-09 11:36:01,407][com.java.SeleniumDriver] [  838] - DataValue : 
[INFO ][2015-11-09 11:36:01,407][com.java.SeleniumDriver] [  844] - <In Set values of the page>
[INFO ][2015-11-09 11:36:01,407][com.java.SeleniumDriver] [  847] - {Data Fields & Data Values Exist}
[INFO ][2015-11-09 11:36:01,407][com.java.SeleniumDriver] [  849] - --------------------------setting values-----------------------------
[INFO ][2015-11-09 11:36:01,407][com.java.SeleniumDriver] [  852] - Action Type : Click
[INFO ][2015-11-09 11:36:01,407][com.java.TestType] [ 4388] - Field ::BTN//span[text()='Finished']
[INFO ][2015-11-09 11:36:02,407][com.java.TestType] [ 4426] - BEFORE CLICK
[INFO ][2015-11-09 11:36:02,708][com.java.TestType] [ 4433] - Unable to click the object Finished button
[INFO ][2015-11-09 11:36:02,708][com.java.SeleniumDriver] [  861] -  RESULT true
[INFO ][2015-11-09 11:36:02,708][com.java.SeleniumDriver] [ 1066] - ?   P A S S   ?
[INFO ][2015-11-09 11:36:02,708][com.java.SeleniumDriver] [  788] - ------------------------------------------
[INFO ][2015-11-09 11:36:02,708][com.java.SeleniumDriver] [  789] - Test case being Executed: 7
[INFO ][2015-11-09 11:36:02,708][com.java.SeleniumDriver] [  800] - Test step:51
[INFO ][2015-11-09 11:36:02,708][com.java.SeleniumDriver] [  812] - Datavalue is----------Logout
[INFO ][2015-11-09 11:36:02,708][com.java.SeleniumDriver] [  836] - DataField : LNK
[INFO ][2015-11-09 11:36:02,708][com.java.SeleniumDriver] [  838] - DataValue : Logout
[INFO ][2015-11-09 11:36:02,708][com.java.SeleniumDriver] [  844] - <In Set values of the page>
[INFO ][2015-11-09 11:36:02,708][com.java.SeleniumDriver] [  847] - {Data Fields & Data Values Exist}
[INFO ][2015-11-09 11:36:02,708][com.java.SeleniumDriver] [  849] - --------------------------setting values-----------------------------
[INFO ][2015-11-09 11:36:02,708][com.java.SeleniumDriver] [  852] - Action Type : Verify
[INFO ][2015-11-09 11:36:02,708][com.java.TestType] [ 5201] - field= LNK value= Logout
[INFO ][2015-11-09 11:36:02,708][com.java.TestType] [ 4075] - value = Logout
[INFO ][2015-11-09 11:36:02,788][com.java.SeleniumDriver] [  861] -  RESULT true
[INFO ][2015-11-09 11:36:02,788][com.java.SeleniumDriver] [ 1066] - ?   P A S S   ?
[INFO ][2015-11-09 11:36:02,788][com.java.SeleniumDriver] [  788] - ------------------------------------------
[INFO ][2015-11-09 11:36:02,788][com.java.SeleniumDriver] [  789] - Test case being Executed: 7
[INFO ][2015-11-09 11:36:02,788][com.java.SeleniumDriver] [  800] - Test step:52
[INFO ][2015-11-09 11:36:02,788][com.java.SeleniumDriver] [  812] - Datavalue is----------//img[contains(@src,'bdlogo.jpg')]
[INFO ][2015-11-09 11:36:02,788][com.java.SeleniumDriver] [  836] - DataField : BTN
[INFO ][2015-11-09 11:36:02,788][com.java.SeleniumDriver] [  838] - DataValue : //img[contains(@src,'bdlogo.jpg')]
[INFO ][2015-11-09 11:36:02,788][com.java.SeleniumDriver] [  844] - <In Set values of the page>
[INFO ][2015-11-09 11:36:02,788][com.java.SeleniumDriver] [  847] - {Data Fields & Data Values Exist}
[INFO ][2015-11-09 11:36:02,788][com.java.SeleniumDriver] [  849] - --------------------------setting values-----------------------------
[INFO ][2015-11-09 11:36:02,788][com.java.SeleniumDriver] [  852] - Action Type : Verify
[INFO ][2015-11-09 11:36:02,788][com.java.TestType] [ 5201] - field= BTN value= //img[contains(@src,'bdlogo.jpg')]
[INFO ][2015-11-09 11:36:02,788][com.java.TestType] [ 4075] - value = //img[contains(@src,'bdlogo.jpg')]
[INFO ][2015-11-09 11:36:02,848][com.java.SeleniumDriver] [  861] -  RESULT true
[INFO ][2015-11-09 11:36:02,848][com.java.SeleniumDriver] [ 1066] - ?   P A S S   ?
[INFO ][2015-11-09 11:36:02,848][com.java.SeleniumDriver] [  788] - ------------------------------------------
[INFO ][2015-11-09 11:36:02,848][com.java.SeleniumDriver] [  789] - Test case being Executed: 7
[INFO ][2015-11-09 11:36:02,848][com.java.SeleniumDriver] [  800] - Test step:53
[INFO ][2015-11-09 11:36:02,848][com.java.SeleniumDriver] [  812] - Datavalue is----------null
[DEBUG][2015-11-09 11:36:02,848][com.java.SeleniumDriver] [  830] - Exception: null
[INFO ][2015-11-09 11:36:02,848][com.java.SeleniumDriver] [  836] - DataField : null
[INFO ][2015-11-09 11:36:02,848][com.java.SeleniumDriver] [  838] - DataValue : 
[INFO ][2015-11-09 11:36:02,848][com.java.SeleniumDriver] [  844] - <In Set values of the page>
[INFO ][2015-11-09 11:36:02,848][com.java.SeleniumDriver] [  847] - {Data Fields & Data Values Exist}
[INFO ][2015-11-09 11:36:02,848][com.java.SeleniumDriver] [  849] - --------------------------setting values-----------------------------
[INFO ][2015-11-09 11:36:02,848][com.java.SeleniumDriver] [  852] - Action Type : OPENNEWBROWSER
[DEBUG][2015-11-09 11:36:08,185][com.java.SeleniumDriver] [  425] - Hub ip address is-------172.17.68.34
[INFO ][2015-11-09 11:36:08,185][com.java.SeleniumDriver] [  451] - Grid URL:http://172.17.68.34:4444/wd/hub
[INFO ][2015-11-09 11:36:08,185][com.java.SeleniumDriver] [  452] - Capability:Capabilities [{platform=ANY, ensureCleanSession=true, ignoreProtectedModeSettings=true, acceptSslCerts=true, ignoreZoomSetting=true, browserName=internet explorer, browserstack.ie.noFlash=true, version=Node1}]
[ERROR][2015-11-09 11:36:09,186][com.java.SeleniumDriver] [  496] - Unable invoke browser in grid:Could not start a new session. Possible causes are invalid address of the remote server or browser start-up failure.
Build info: version: '2.48.2', revision: '41bccdd', time: '2015-10-09 19:59:12'
System info: host: 'FVTIII438F1D', ip: '172.17.68.34', os.name: 'Windows 7', os.arch: 'x86', os.version: '6.1', java.version: '1.7.0_55'
Driver info: driver.version: SeleniumDriver
[INFO ][2015-11-09 11:36:09,186][com.java.SeleniumDriver] [  498] - Executing on local machine
[INFO ][2015-11-09 11:36:18,256][com.java.SeleniumDriver] [  861] -  RESULT true
[INFO ][2015-11-09 11:36:18,256][com.java.SeleniumDriver] [ 1066] - ?   P A S S   ?
[INFO ][2015-11-09 11:36:18,256][com.java.SeleniumDriver] [  788] - ------------------------------------------
[INFO ][2015-11-09 11:36:18,256][com.java.SeleniumDriver] [  789] - Test case being Executed: 7
[INFO ][2015-11-09 11:36:18,256][com.java.SeleniumDriver] [  800] - Test step:54
[INFO ][2015-11-09 11:36:18,256][com.java.SeleniumDriver] [  812] - Datavalue is----------Concept#1:1-14
[INFO ][2015-11-09 11:36:18,256][com.java.SeleniumDriver] [  836] - DataField : test
[INFO ][2015-11-09 11:36:18,256][com.java.SeleniumDriver] [  838] - DataValue : Concept#1:1-14
[INFO ][2015-11-09 11:36:18,256][com.java.SeleniumDriver] [  844] - <In Set values of the page>
[INFO ][2015-11-09 11:36:18,256][com.java.SeleniumDriver] [  847] - {Data Fields & Data Values Exist}
[INFO ][2015-11-09 11:36:18,256][com.java.SeleniumDriver] [  849] - --------------------------setting values-----------------------------
[INFO ][2015-11-09 11:36:18,256][com.java.SeleniumDriver] [  852] - Action Type : ExecuteTestCase
[INFO ][2015-11-09 11:36:18,256][com.java.TestType] [  420] - The Concept sheet name is ---------- Concept
[INFO ][2015-11-09 11:36:18,256][com.java.TestType] [  423] - The Concept ID  is ---------- 1
[DEBUG][2015-11-09 11:36:18,256][com.java.TestType] [  427] - Steps being executted in the Concept are: 1:14
[INFO ][2015-11-09 11:36:18,256][com.java.TestType] [  434] - Test data details path ---------- D:\BankersDashboard\TestInputs\TestData.xls
[INFO ][2015-11-09 11:36:18,287][com.java.TestType] [  465] -  str(1) = 1
[INFO ][2015-11-09 11:36:18,287][com.java.TestType] [  468] - Test case Id is---1
[INFO ][2015-11-09 11:36:18,287][com.java.TestType] [  470] - 1
[INFO ][2015-11-09 11:36:18,287][com.java.TestType] [  465] -  str(2) = 1
[INFO ][2015-11-09 11:36:18,287][com.java.TestType] [  517] - row values are--------{1=com.java.Objects.TestDataDetails@1c61868}
[INFO ][2015-11-09 11:36:18,287][com.java.TestType] [  465] -  str(1) = 1
[INFO ][2015-11-09 11:36:18,287][com.java.TestType] [  468] - Test case Id is---1
[INFO ][2015-11-09 11:36:18,287][com.java.TestType] [  470] - 1
[INFO ][2015-11-09 11:36:18,287][com.java.TestType] [  465] -  str(2) = 2
[INFO ][2015-11-09 11:36:18,287][com.java.TestType] [  517] - row values are--------{1=com.java.Objects.TestDataDetails@1c61868, 2=com.java.Objects.TestDataDetails@1f7c94}
[INFO ][2015-11-09 11:36:18,287][com.java.TestType] [  465] -  str(1) = 1
[INFO ][2015-11-09 11:36:18,287][com.java.TestType] [  468] - Test case Id is---1
[INFO ][2015-11-09 11:36:18,287][com.java.TestType] [  470] - 1
[INFO ][2015-11-09 11:36:18,287][com.java.TestType] [  465] -  str(2) = 3
[INFO ][2015-11-09 11:36:18,287][com.java.TestType] [  517] - row values are--------{1=com.java.Objects.TestDataDetails@1c61868, 2=com.java.Objects.TestDataDetails@1f7c94, 3=com.java.Objects.TestDataDetails@1f21ba0}
[INFO ][2015-11-09 11:36:18,287][com.java.TestType] [  465] -  str(1) = 1
[INFO ][2015-11-09 11:36:18,287][com.java.TestType] [  468] - Test case Id is---1
[INFO ][2015-11-09 11:36:18,287][com.java.TestType] [  470] - 1
[INFO ][2015-11-09 11:36:18,287][com.java.TestType] [  465] -  str(2) = 4
[INFO ][2015-11-09 11:36:18,287][com.java.TestType] [  517] - row values are--------{1=com.java.Objects.TestDataDetails@1c61868, 2=com.java.Objects.TestDataDetails@1f7c94, 3=com.java.Objects.TestDataDetails@1f21ba0, 4=com.java.Objects.TestDataDetails@cd49df}
[INFO ][2015-11-09 11:36:18,287][com.java.TestType] [  465] -  str(1) = 1
[INFO ][2015-11-09 11:36:18,287][com.java.TestType] [  468] - Test case Id is---1
[INFO ][2015-11-09 11:36:18,287][com.java.TestType] [  470] - 1
[INFO ][2015-11-09 11:36:18,287][com.java.TestType] [  465] -  str(2) = 5
[INFO ][2015-11-09 11:36:18,287][com.java.TestType] [  517] - row values are--------{1=com.java.Objects.TestDataDetails@1c61868, 2=com.java.Objects.TestDataDetails@1f7c94, 3=com.java.Objects.TestDataDetails@1f21ba0, 4=com.java.Objects.TestDataDetails@cd49df, 5=com.java.Objects.TestDataDetails@f6fc7a}
[INFO ][2015-11-09 11:36:18,287][com.java.TestType] [  465] -  str(1) = 1
[INFO ][2015-11-09 11:36:18,287][com.java.TestType] [  468] - Test case Id is---1
[INFO ][2015-11-09 11:36:18,287][com.java.TestType] [  470] - 1
[INFO ][2015-11-09 11:36:18,287][com.java.TestType] [  465] -  str(2) = 6
[INFO ][2015-11-09 11:36:18,287][com.java.TestType] [  517] - row values are--------{1=com.java.Objects.TestDataDetails@1c61868, 2=com.java.Objects.TestDataDetails@1f7c94, 3=com.java.Objects.TestDataDetails@1f21ba0, 4=com.java.Objects.TestDataDetails@cd49df, 5=com.java.Objects.TestDataDetails@f6fc7a, 6=com.java.Objects.TestDataDetails@3ce4f2}
[INFO ][2015-11-09 11:36:18,287][com.java.TestType] [  465] -  str(1) = 1
[INFO ][2015-11-09 11:36:18,287][com.java.TestType] [  468] - Test case Id is---1
[INFO ][2015-11-09 11:36:18,287][com.java.TestType] [  470] - 1
[INFO ][2015-11-09 11:36:18,287][com.java.TestType] [  465] -  str(2) = 7
[INFO ][2015-11-09 11:36:18,287][com.java.TestType] [  517] - row values are--------{1=com.java.Objects.TestDataDetails@1c61868, 2=com.java.Objects.TestDataDetails@1f7c94, 3=com.java.Objects.TestDataDetails@1f21ba0, 4=com.java.Objects.TestDataDetails@cd49df, 5=com.java.Objects.TestDataDetails@f6fc7a, 6=com.java.Objects.TestDataDetails@3ce4f2, 7=com.java.Objects.TestDataDetails@6f6c0}
[INFO ][2015-11-09 11:36:18,287][com.java.TestType] [  465] -  str(1) = 1
[INFO ][2015-11-09 11:36:18,287][com.java.TestType] [  468] - Test case Id is---1
[INFO ][2015-11-09 11:36:18,287][com.java.TestType] [  470] - 1
[INFO ][2015-11-09 11:36:18,287][com.java.TestType] [  465] -  str(2) = 8
[INFO ][2015-11-09 11:36:18,297][com.java.TestType] [  517] - row values are--------{1=com.java.Objects.TestDataDetails@1c61868, 2=com.java.Objects.TestDataDetails@1f7c94, 3=com.java.Objects.TestDataDetails@1f21ba0, 4=com.java.Objects.TestDataDetails@cd49df, 5=com.java.Objects.TestDataDetails@f6fc7a, 6=com.java.Objects.TestDataDetails@3ce4f2, 7=com.java.Objects.TestDataDetails@6f6c0, 8=com.java.Objects.TestDataDetails@107e733}
[INFO ][2015-11-09 11:36:18,297][com.java.TestType] [  465] -  str(1) = 1
[INFO ][2015-11-09 11:36:18,297][com.java.TestType] [  468] - Test case Id is---1
[INFO ][2015-11-09 11:36:18,297][com.java.TestType] [  470] - 1
[INFO ][2015-11-09 11:36:18,297][com.java.TestType] [  465] -  str(2) = 9
[INFO ][2015-11-09 11:36:18,297][com.java.TestType] [  517] - row values are--------{1=com.java.Objects.TestDataDetails@1c61868, 2=com.java.Objects.TestDataDetails@1f7c94, 3=com.java.Objects.TestDataDetails@1f21ba0, 4=com.java.Objects.TestDataDetails@cd49df, 5=com.java.Objects.TestDataDetails@f6fc7a, 6=com.java.Objects.TestDataDetails@3ce4f2, 7=com.java.Objects.TestDataDetails@6f6c0, 8=com.java.Objects.TestDataDetails@107e733, 9=com.java.Objects.TestDataDetails@5f3179}
[INFO ][2015-11-09 11:36:18,297][com.java.TestType] [  465] -  str(1) = 1
[INFO ][2015-11-09 11:36:18,297][com.java.TestType] [  468] - Test case Id is---1
[INFO ][2015-11-09 11:36:18,297][com.java.TestType] [  470] - 1
[INFO ][2015-11-09 11:36:18,297][com.java.TestType] [  465] -  str(2) = 10
[INFO ][2015-11-09 11:36:18,297][com.java.TestType] [  517] - row values are--------{1=com.java.Objects.TestDataDetails@1c61868, 2=com.java.Objects.TestDataDetails@1f7c94, 3=com.java.Objects.TestDataDetails@1f21ba0, 4=com.java.Objects.TestDataDetails@cd49df, 5=com.java.Objects.TestDataDetails@f6fc7a, 6=com.java.Objects.TestDataDetails@3ce4f2, 7=com.java.Objects.TestDataDetails@6f6c0, 8=com.java.Objects.TestDataDetails@107e733, 9=com.java.Objects.TestDataDetails@5f3179, 10=com.java.Objects.TestDataDetails@fdda6c}
[INFO ][2015-11-09 11:36:18,297][com.java.TestType] [  465] -  str(1) = 1
[INFO ][2015-11-09 11:36:18,297][com.java.TestType] [  468] - Test case Id is---1
[INFO ][2015-11-09 11:36:18,297][com.java.TestType] [  470] - 1
[INFO ][2015-11-09 11:36:18,297][com.java.TestType] [  465] -  str(2) = 11
[INFO ][2015-11-09 11:36:18,297][com.java.TestType] [  517] - row values are--------{1=com.java.Objects.TestDataDetails@1c61868, 2=com.java.Objects.TestDataDetails@1f7c94, 3=com.java.Objects.TestDataDetails@1f21ba0, 4=com.java.Objects.TestDataDetails@cd49df, 5=com.java.Objects.TestDataDetails@f6fc7a, 6=com.java.Objects.TestDataDetails@3ce4f2, 7=com.java.Objects.TestDataDetails@6f6c0, 8=com.java.Objects.TestDataDetails@107e733, 9=com.java.Objects.TestDataDetails@5f3179, 10=com.java.Objects.TestDataDetails@fdda6c, 11=com.java.Objects.TestDataDetails@35684d}
[INFO ][2015-11-09 11:36:18,297][com.java.TestType] [  465] -  str(1) = 1
[INFO ][2015-11-09 11:36:18,297][com.java.TestType] [  468] - Test case Id is---1
[INFO ][2015-11-09 11:36:18,297][com.java.TestType] [  470] - 1
[INFO ][2015-11-09 11:36:18,297][com.java.TestType] [  465] -  str(2) = 12
[INFO ][2015-11-09 11:36:18,297][com.java.TestType] [  517] - row values are--------{1=com.java.Objects.TestDataDetails@1c61868, 2=com.java.Objects.TestDataDetails@1f7c94, 3=com.java.Objects.TestDataDetails@1f21ba0, 4=com.java.Objects.TestDataDetails@cd49df, 5=com.java.Objects.TestDataDetails@f6fc7a, 6=com.java.Objects.TestDataDetails@3ce4f2, 7=com.java.Objects.TestDataDetails@6f6c0, 8=com.java.Objects.TestDataDetails@107e733, 9=com.java.Objects.TestDataDetails@5f3179, 10=com.java.Objects.TestDataDetails@fdda6c, 11=com.java.Objects.TestDataDetails@35684d, 12=com.java.Objects.TestDataDetails@178ed27}
[INFO ][2015-11-09 11:36:18,297][com.java.TestType] [  465] -  str(1) = 1
[INFO ][2015-11-09 11:36:18,297][com.java.TestType] [  468] - Test case Id is---1
[INFO ][2015-11-09 11:36:18,297][com.java.TestType] [  470] - 1
[INFO ][2015-11-09 11:36:18,297][com.java.TestType] [  465] -  str(2) = 13
[INFO ][2015-11-09 11:36:18,297][com.java.TestType] [  517] - row values are--------{1=com.java.Objects.TestDataDetails@1c61868, 2=com.java.Objects.TestDataDetails@1f7c94, 3=com.java.Objects.TestDataDetails@1f21ba0, 4=com.java.Objects.TestDataDetails@cd49df, 5=com.java.Objects.TestDataDetails@f6fc7a, 6=com.java.Objects.TestDataDetails@3ce4f2, 7=com.java.Objects.TestDataDetails@6f6c0, 8=com.java.Objects.TestDataDetails@107e733, 9=com.java.Objects.TestDataDetails@5f3179, 10=com.java.Objects.TestDataDetails@fdda6c, 11=com.java.Objects.TestDataDetails@35684d, 12=com.java.Objects.TestDataDetails@178ed27, 13=com.java.Objects.TestDataDetails@191ff3}
[INFO ][2015-11-09 11:36:18,297][com.java.TestType] [  465] -  str(1) = 1
[INFO ][2015-11-09 11:36:18,297][com.java.TestType] [  468] - Test case Id is---1
[INFO ][2015-11-09 11:36:18,297][com.java.TestType] [  470] - 1
[INFO ][2015-11-09 11:36:18,297][com.java.TestType] [  465] -  str(2) = 14
[INFO ][2015-11-09 11:36:18,297][com.java.TestType] [  517] - row values are--------{1=com.java.Objects.TestDataDetails@1c61868, 2=com.java.Objects.TestDataDetails@1f7c94, 3=com.java.Objects.TestDataDetails@1f21ba0, 4=com.java.Objects.TestDataDetails@cd49df, 5=com.java.Objects.TestDataDetails@f6fc7a, 6=com.java.Objects.TestDataDetails@3ce4f2, 7=com.java.Objects.TestDataDetails@6f6c0, 8=com.java.Objects.TestDataDetails@107e733, 9=com.java.Objects.TestDataDetails@5f3179, 10=com.java.Objects.TestDataDetails@fdda6c, 11=com.java.Objects.TestDataDetails@35684d, 12=com.java.Objects.TestDataDetails@178ed27, 13=com.java.Objects.TestDataDetails@191ff3, 14=com.java.Objects.TestDataDetails@16d9b03}
[INFO ][2015-11-09 11:36:18,297][com.java.TestType] [ 8225] - Looping 1TCID = 1
[DEBUG][2015-11-09 11:36:18,297][com.java.TestType] [ 8266] - Concept ID:1 :: Step being Executed: 1::1
[INFO ][2015-11-09 11:36:18,297][com.java.TestType] [ 8304] - dataFields : TXTusername
[DEBUG][2015-11-09 11:36:18,297][com.java.TestType] [ 8310] - <In Set values of the page>
[DEBUG][2015-11-09 11:36:18,297][com.java.TestType] [ 8315] - {Data Fields & Data Values Exist}
[INFO ][2015-11-09 11:36:18,297][com.java.TestType] [ 8321] - --------------------------setting values-----------------------------
[INFO ][2015-11-09 11:36:18,297][com.java.TestType] [ 8324] - Action Type : CLEARANDENTER
[INFO ][2015-11-09 11:36:18,297][com.java.TestType] [ 4075] - value = valuelabs.ie11.03890
[INFO ][2015-11-09 11:36:23,091][com.java.TestType] [ 8343] -  RESULT true
[INFO ][2015-11-09 11:36:23,091][com.java.TestType] [ 8460] - ?   P A S S   ?
[DEBUG][2015-11-09 11:36:23,091][com.java.TestType] [ 8266] - Concept ID:1 :: Step being Executed: 1::2
[INFO ][2015-11-09 11:36:23,091][com.java.TestType] [ 8304] - dataFields : TXTpassword
[DEBUG][2015-11-09 11:36:23,091][com.java.TestType] [ 8310] - <In Set values of the page>
[DEBUG][2015-11-09 11:36:23,091][com.java.TestType] [ 8315] - {Data Fields & Data Values Exist}
[INFO ][2015-11-09 11:36:23,091][com.java.TestType] [ 8321] - --------------------------setting values-----------------------------
[INFO ][2015-11-09 11:36:23,091][com.java.TestType] [ 8324] - Action Type : CLEARANDENTER
[INFO ][2015-11-09 11:36:23,091][com.java.TestType] [ 4075] - value = Password1*
[INFO ][2015-11-09 11:36:28,019][com.java.TestType] [ 8343] -  RESULT true
[INFO ][2015-11-09 11:36:28,019][com.java.TestType] [ 8460] - ?   P A S S   ?
[DEBUG][2015-11-09 11:36:28,019][com.java.TestType] [ 8266] - Concept ID:1 :: Step being Executed: 1::3
[ERROR][2015-11-09 11:36:28,019][com.java.TestType] [ 8299] - Exception: null
[INFO ][2015-11-09 11:36:28,019][com.java.TestType] [ 8304] - dataFields : XPH//button[@type='submit']
[DEBUG][2015-11-09 11:36:28,019][com.java.TestType] [ 8310] - <In Set values of the page>
[DEBUG][2015-11-09 11:36:28,019][com.java.TestType] [ 8315] - {Data Fields & Data Values Exist}
[INFO ][2015-11-09 11:36:28,019][com.java.TestType] [ 8321] - --------------------------setting values-----------------------------
[INFO ][2015-11-09 11:36:28,019][com.java.TestType] [ 8324] - Action Type : Click
[INFO ][2015-11-09 11:36:28,019][com.java.TestType] [ 4388] - Field ::XPH//button[@type='submit']
[INFO ][2015-11-09 11:36:29,019][com.java.TestType] [ 4447] - BEFORE CLICK
[INFO ][2015-11-09 11:36:29,841][com.java.TestType] [ 4455] - Unable to click the object Login
[INFO ][2015-11-09 11:36:29,841][com.java.TestType] [ 8343] -  RESULT true
[INFO ][2015-11-09 11:36:29,841][com.java.TestType] [ 8460] - ?   P A S S   ?
[DEBUG][2015-11-09 11:36:29,841][com.java.TestType] [ 8266] - Concept ID:1 :: Step being Executed: 1::4
[INFO ][2015-11-09 11:36:29,841][com.java.TestType] [ 8304] - dataFields : LNKLogout
[DEBUG][2015-11-09 11:36:29,841][com.java.TestType] [ 8310] - <In Set values of the page>
[DEBUG][2015-11-09 11:36:29,841][com.java.TestType] [ 8315] - {Data Fields & Data Values Exist}
[INFO ][2015-11-09 11:36:29,841][com.java.TestType] [ 8321] - --------------------------setting values-----------------------------
[INFO ][2015-11-09 11:36:29,841][com.java.TestType] [ 8324] - Action Type : WaitForElement
[INFO ][2015-11-09 11:36:37,377][com.java.TestType] [ 8343] -  RESULT true
[INFO ][2015-11-09 11:36:37,377][com.java.TestType] [ 8460] - ?   P A S S   ?
[DEBUG][2015-11-09 11:36:37,377][com.java.TestType] [ 8266] - Concept ID:1 :: Step being Executed: 1::13
[INFO ][2015-11-09 11:36:37,377][com.java.TestType] [ 8304] - dataFields : LNK
[DEBUG][2015-11-09 11:36:37,377][com.java.TestType] [ 8310] - <In Set values of the page>
[DEBUG][2015-11-09 11:36:37,377][com.java.TestType] [ 8315] - {Data Fields & Data Values Exist}
[INFO ][2015-11-09 11:36:37,377][com.java.TestType] [ 8321] - --------------------------setting values-----------------------------
[INFO ][2015-11-09 11:36:37,377][com.java.TestType] [ 8324] - Action Type : Verify
[INFO ][2015-11-09 11:36:37,377][com.java.TestType] [ 5201] - field= LNK value= Logout
[INFO ][2015-11-09 11:36:37,377][com.java.TestType] [ 4075] - value = Logout
[INFO ][2015-11-09 11:36:37,408][com.java.TestType] [ 8343] -  RESULT true
[INFO ][2015-11-09 11:36:37,408][com.java.TestType] [ 8460] - ?   P A S S   ?
[DEBUG][2015-11-09 11:36:37,408][com.java.TestType] [ 8266] - Concept ID:1 :: Step being Executed: 1::14
[INFO ][2015-11-09 11:36:37,408][com.java.TestType] [ 8304] - dataFields : BTN
[DEBUG][2015-11-09 11:36:37,408][com.java.TestType] [ 8310] - <In Set values of the page>
[DEBUG][2015-11-09 11:36:37,408][com.java.TestType] [ 8315] - {Data Fields & Data Values Exist}
[INFO ][2015-11-09 11:36:37,408][com.java.TestType] [ 8321] - --------------------------setting values-----------------------------
[INFO ][2015-11-09 11:36:37,408][com.java.TestType] [ 8324] - Action Type : Verify
[INFO ][2015-11-09 11:36:37,408][com.java.TestType] [ 5201] - field= BTN value= //img[contains(@src,'bdlogo.jpg')]
[INFO ][2015-11-09 11:36:37,408][com.java.TestType] [ 4075] - value = //img[contains(@src,'bdlogo.jpg')]
[INFO ][2015-11-09 11:36:37,438][com.java.TestType] [ 8343] -  RESULT true
[INFO ][2015-11-09 11:36:37,438][com.java.TestType] [ 8460] - ?   P A S S   ?
[INFO ][2015-11-09 11:36:37,438][com.java.TestType] [ 8531] - Looping End......
[INFO ][2015-11-09 11:36:37,438][com.java.SeleniumDriver] [  861] -  RESULT true
[INFO ][2015-11-09 11:36:37,438][com.java.SeleniumDriver] [ 1066] - ?   P A S S   ?
[INFO ][2015-11-09 11:36:37,438][com.java.SeleniumDriver] [  788] - ------------------------------------------
[INFO ][2015-11-09 11:36:37,438][com.java.SeleniumDriver] [  789] - Test case being Executed: 7
[INFO ][2015-11-09 11:36:37,438][com.java.SeleniumDriver] [  800] - Test step:55
[INFO ][2015-11-09 11:36:37,438][com.java.SeleniumDriver] [  812] - Datavalue is----------null
[DEBUG][2015-11-09 11:36:37,438][com.java.SeleniumDriver] [  830] - Exception: null
[INFO ][2015-11-09 11:36:37,438][com.java.SeleniumDriver] [  836] - DataField : //span[@class='icon-user4']&&//a[text()='Users']&&//a[@data-id="ModifyUsers"]
[INFO ][2015-11-09 11:36:37,438][com.java.SeleniumDriver] [  838] - DataValue : 
[INFO ][2015-11-09 11:36:37,438][com.java.SeleniumDriver] [  844] - <In Set values of the page>
[INFO ][2015-11-09 11:36:37,438][com.java.SeleniumDriver] [  847] - {Data Fields & Data Values Exist}
[INFO ][2015-11-09 11:36:37,438][com.java.SeleniumDriver] [  849] - --------------------------setting values-----------------------------
[INFO ][2015-11-09 11:36:37,438][com.java.SeleniumDriver] [  852] - Action Type : MouseOver
[INFO ][2015-11-09 11:37:32,083][com.java.SeleniumDriver] [  861] -  RESULT true
[INFO ][2015-11-09 11:37:32,083][com.java.SeleniumDriver] [ 1066] - ?   P A S S   ?
[INFO ][2015-11-09 11:37:32,083][com.java.SeleniumDriver] [  788] - ------------------------------------------
[INFO ][2015-11-09 11:37:32,083][com.java.SeleniumDriver] [  789] - Test case being Executed: 7
[INFO ][2015-11-09 11:37:32,083][com.java.SeleniumDriver] [  800] - Test step:56
[INFO ][2015-11-09 11:37:32,083][com.java.SeleniumDriver] [  812] - Datavalue is----------null
[DEBUG][2015-11-09 11:37:32,083][com.java.SeleniumDriver] [  830] - Exception: null
[INFO ][2015-11-09 11:37:32,083][com.java.SeleniumDriver] [  836] - DataField : BTNframeDialogContent
[INFO ][2015-11-09 11:37:32,083][com.java.SeleniumDriver] [  838] - DataValue : 
[INFO ][2015-11-09 11:37:32,083][com.java.SeleniumDriver] [  844] - <In Set values of the page>
[INFO ][2015-11-09 11:37:32,083][com.java.SeleniumDriver] [  847] - {Data Fields & Data Values Exist}
[INFO ][2015-11-09 11:37:32,083][com.java.SeleniumDriver] [  849] - --------------------------setting values-----------------------------
[INFO ][2015-11-09 11:37:32,083][com.java.SeleniumDriver] [  852] - Action Type : WaitForElement
[INFO ][2015-11-09 11:37:33,273][com.java.SeleniumDriver] [  861] -  RESULT true
[INFO ][2015-11-09 11:37:33,273][com.java.SeleniumDriver] [ 1066] - ?   P A S S   ?
[INFO ][2015-11-09 11:37:33,273][com.java.SeleniumDriver] [  788] - ------------------------------------------
[INFO ][2015-11-09 11:37:33,273][com.java.SeleniumDriver] [  789] - Test case being Executed: 7
[INFO ][2015-11-09 11:37:33,273][com.java.SeleniumDriver] [  800] - Test step:57
[INFO ][2015-11-09 11:37:33,273][com.java.SeleniumDriver] [  812] - Datavalue is----------null
[DEBUG][2015-11-09 11:37:33,273][com.java.SeleniumDriver] [  830] - Exception: null
[INFO ][2015-11-09 11:37:33,273][com.java.SeleniumDriver] [  836] - DataField : BTNframeDialogContent
[INFO ][2015-11-09 11:37:33,273][com.java.SeleniumDriver] [  838] - DataValue : 
[INFO ][2015-11-09 11:37:33,273][com.java.SeleniumDriver] [  844] - <In Set values of the page>
[INFO ][2015-11-09 11:37:33,273][com.java.SeleniumDriver] [  847] - {Data Fields & Data Values Exist}
[INFO ][2015-11-09 11:37:33,273][com.java.SeleniumDriver] [  849] - --------------------------setting values-----------------------------
[INFO ][2015-11-09 11:37:33,273][com.java.SeleniumDriver] [  852] - Action Type : SelectFrame
[INFO ][2015-11-09 11:37:34,495][com.java.SeleniumDriver] [  861] -  RESULT true
[INFO ][2015-11-09 11:37:34,495][com.java.SeleniumDriver] [ 1066] - ?   P A S S   ?
[INFO ][2015-11-09 11:37:34,495][com.java.SeleniumDriver] [  788] - ------------------------------------------
[INFO ][2015-11-09 11:37:34,495][com.java.SeleniumDriver] [  789] - Test case being Executed: 7
[INFO ][2015-11-09 11:37:34,495][com.java.SeleniumDriver] [  800] - Test step:58
[INFO ][2015-11-09 11:37:34,495][com.java.SeleniumDriver] [  812] - Datavalue is----------dt:NewUserName
[INFO ][2015-11-09 11:37:34,495][com.java.SeleniumDriver] [  836] - DataField : test
[INFO ][2015-11-09 11:37:34,495][com.java.SeleniumDriver] [  838] - DataValue : dt:NewUserName
[INFO ][2015-11-09 11:37:34,495][com.java.SeleniumDriver] [  844] - <In Set values of the page>
[INFO ][2015-11-09 11:37:34,495][com.java.SeleniumDriver] [  847] - {Data Fields & Data Values Exist}
[INFO ][2015-11-09 11:37:34,495][com.java.SeleniumDriver] [  849] - --------------------------setting values-----------------------------
[INFO ][2015-11-09 11:37:34,495][com.java.SeleniumDriver] [  852] - Action Type : DelUser
[INFO ][2015-11-09 11:37:34,495][com.java.TestType] [ 4075] - value = vltest.robot
[INFO ][2015-11-09 11:37:37,935][com.java.TestType] [ 4388] - Field ::CNF
[INFO ][2015-11-09 11:37:39,285][com.java.TestType] [ 4443] - Click the object AcceptAlert
[INFO ][2015-11-09 11:37:39,285][com.java.TestType] [ 4444] - Unable to click the object AcceptAlert
[INFO ][2015-11-09 11:37:39,285][com.java.SeleniumDriver] [  861] -  RESULT true
[INFO ][2015-11-09 11:37:39,285][com.java.SeleniumDriver] [ 1066] - ?   P A S S   ?
[INFO ][2015-11-09 11:37:39,285][com.java.SeleniumDriver] [  788] - ------------------------------------------
[INFO ][2015-11-09 11:37:39,285][com.java.SeleniumDriver] [  789] - Test case being Executed: 7
[INFO ][2015-11-09 11:37:39,285][com.java.SeleniumDriver] [  800] - Test step:59
[INFO ][2015-11-09 11:37:39,285][com.java.SeleniumDriver] [  812] - Datavalue is----------null
[DEBUG][2015-11-09 11:37:39,285][com.java.SeleniumDriver] [  830] - Exception: null
[INFO ][2015-11-09 11:37:39,285][com.java.SeleniumDriver] [  836] - DataField : test
[INFO ][2015-11-09 11:37:39,285][com.java.SeleniumDriver] [  838] - DataValue : 
[INFO ][2015-11-09 11:37:39,285][com.java.SeleniumDriver] [  844] - <In Set values of the page>
[INFO ][2015-11-09 11:37:39,285][com.java.SeleniumDriver] [  847] - {Data Fields & Data Values Exist}
[INFO ][2015-11-09 11:37:39,285][com.java.SeleniumDriver] [  849] - --------------------------setting values-----------------------------
[INFO ][2015-11-09 11:37:39,285][com.java.SeleniumDriver] [  852] - Action Type : WaitTime
[DEBUG][2015-11-09 11:37:39,285][com.java.TestType] [ 3911] - sleepTime: 10000
[INFO ][2015-11-09 11:37:49,293][com.java.SeleniumDriver] [  861] -  RESULT true
[INFO ][2015-11-09 11:37:49,293][com.java.SeleniumDriver] [ 1066] - ?   P A S S   ?
[INFO ][2015-11-09 11:37:49,293][com.java.SeleniumDriver] [  788] - ------------------------------------------
[INFO ][2015-11-09 11:37:49,293][com.java.SeleniumDriver] [  789] - Test case being Executed: 7
[INFO ][2015-11-09 11:37:49,293][com.java.SeleniumDriver] [  800] - Test step:60
[INFO ][2015-11-09 11:37:49,293][com.java.SeleniumDriver] [  812] - Datavalue is----------null
[DEBUG][2015-11-09 11:37:49,293][com.java.SeleniumDriver] [  830] - Exception: null
[INFO ][2015-11-09 11:37:49,293][com.java.SeleniumDriver] [  836] - DataField : BTNbtnAddUser
[INFO ][2015-11-09 11:37:49,293][com.java.SeleniumDriver] [  838] - DataValue : 
[INFO ][2015-11-09 11:37:49,293][com.java.SeleniumDriver] [  844] - <In Set values of the page>
[INFO ][2015-11-09 11:37:49,293][com.java.SeleniumDriver] [  847] - {Data Fields & Data Values Exist}
[INFO ][2015-11-09 11:37:49,293][com.java.SeleniumDriver] [  849] - --------------------------setting values-----------------------------
[INFO ][2015-11-09 11:37:49,293][com.java.SeleniumDriver] [  852] - Action Type : WaitForElement
[INFO ][2015-11-09 11:37:51,115][com.java.SeleniumDriver] [  861] -  RESULT true
[INFO ][2015-11-09 11:37:51,115][com.java.SeleniumDriver] [ 1066] - ?   P A S S   ?
[INFO ][2015-11-09 11:37:51,115][com.java.SeleniumDriver] [  788] - ------------------------------------------
[INFO ][2015-11-09 11:37:51,115][com.java.SeleniumDriver] [  789] - Test case being Executed: 7
[INFO ][2015-11-09 11:37:51,115][com.java.SeleniumDriver] [  800] - Test step:61
[INFO ][2015-11-09 11:37:51,115][com.java.SeleniumDriver] [  812] - Datavalue is----------HMVLogin_username
[INFO ][2015-11-09 11:37:51,115][com.java.SeleniumDriver] [  836] - DataField : MSG
[INFO ][2015-11-09 11:37:51,115][com.java.SeleniumDriver] [  838] - DataValue : HMVLogin_username
[INFO ][2015-11-09 11:37:51,115][com.java.SeleniumDriver] [  844] - <In Set values of the page>
[INFO ][2015-11-09 11:37:51,115][com.java.SeleniumDriver] [  847] - {Data Fields & Data Values Exist}
[INFO ][2015-11-09 11:37:51,115][com.java.SeleniumDriver] [  849] - --------------------------setting values-----------------------------
[INFO ][2015-11-09 11:37:51,115][com.java.SeleniumDriver] [  852] - Action Type : VERIFYNOTPRESENT
[INFO ][2015-11-09 11:37:51,115][com.java.TestType] [ 6389] - field= MSG value= HMVLogin_username
[DEBUG][2015-11-09 11:37:51,146][com.java.TestType] [ 6405] - Text :: +vltest.robot.03890   :: found which is NOT expected.
[INFO ][2015-11-09 11:37:51,146][com.java.SeleniumDriver] [  861] -  RESULT false
[INFO ][2015-11-09 11:37:51,146][com.java.SeleniumDriver] [  908] - ?   F A I L   ?
[INFO ][2015-11-09 11:37:51,146][com.java.SeleniumDriver] [  916] - Browser Type : IE11
[INFO ][2015-11-09 11:37:51,146][com.java.SeleniumDriver] [  917] - Adding Failed case7
[INFO ][2015-11-09 11:37:52,066][com.java.SeleniumDriver] [ 1030] - failedCases = 7
[ERROR][2015-11-09 11:37:52,066][com.java.SeleniumDriver] [ 1516] - Platform Errors : Our apologies...::We have encountered an issue with your request.::Our apologies?:We encountered an issue with your request.
[INFO ][2015-11-09 11:37:52,066][com.java.SeleniumDriver] [ 1520] - Length =3
[ERROR][2015-11-09 11:37:52,066][com.java.SeleniumDriver] [ 1523] - Error 0 = Our apologies...
[ERROR][2015-11-09 11:37:52,106][com.java.SeleniumDriver] [ 1523] - Error 1 = We have encountered an issue with your request.
[ERROR][2015-11-09 11:37:52,136][com.java.SeleniumDriver] [ 1523] - Error 2 = Our apologies?:We encountered an issue with your request.
[DEBUG][2015-11-09 11:37:52,207][com.java.SeleniumDriver] [ 1168] - Case found
[DEBUG][2015-11-09 11:37:52,207][com.java.SeleniumDriver] [ 1173] - Incrementing ReportCounters[0]:2
[INFO ][2015-11-09 11:37:52,207][com.java.SeleniumDriver] [ 1192] - The results are-------------------[7, 61, Manage Users: Add User, Fail, 
Test case failed at Step No. :: 61   Error Message ::  Text :: +vltest.robot.03890   :: found which is NOT expected.. Screen Shot : D:\BankersDashboard\TestReports\110915\7_110915_113751_IE11.png, Mon Nov 09 11:37:52 IST 2015]
[INFO ][2015-11-09 11:37:52,207][com.java.SeleniumDriver] [ 1196] - End time is-------7 min 23 sec
[INFO ][2015-11-09 11:37:52,207][com.java.SeleniumDriver] [ 1197] - The results are-------------------[7, 61, Manage Users: Add User, Fail, 
Test case failed at Step No. :: 61   Error Message ::  Text :: +vltest.robot.03890   :: found which is NOT expected.. Screen Shot : D:\BankersDashboard\TestReports\110915\7_110915_113751_IE11.png, Mon Nov 09 11:37:52 IST 2015]
[DEBUG][2015-11-09 11:37:52,207][com.java.ImportnExport.ExportTestResultsExcel] [  222] - testResultPath = D:\BankersDashboard/TestReports/Test Results_BankersDashBoard_110915_113030_IE11_Simmons First National Bank.xls
[DEBUG][2015-11-09 11:37:52,207][com.java.ImportnExport.ExportTestResultsExcel] [  223] - browser is------------IE11
[DEBUG][2015-11-09 11:37:52,207][com.java.ImportnExport.ExportTestResultsExcel] [  270] - result.size() = 6
[DEBUG][2015-11-09 11:37:52,207][com.java.ImportnExport.ExportTestResultsExcel] [  274] - No of rows in sheet=2
[DEBUG][2015-11-09 11:37:52,207][com.java.ImportnExport.ExportTestResultsExcel] [  301] - ..in export..7
[DEBUG][2015-11-09 11:37:52,207][com.java.ImportnExport.ExportTestResultsExcel] [  301] - ..in export..Manage Users: Add User
[DEBUG][2015-11-09 11:37:52,207][com.java.ImportnExport.ExportTestResultsExcel] [  301] - ..in export..Fail
[DEBUG][2015-11-09 11:37:52,207][com.java.ImportnExport.ExportTestResultsExcel] [  301] - ..in export..
Test case failed at Step No. :: 61   Error Message ::  Text :: +vltest.robot.03890   :: found which is NOT expected.. Screen Shot : D:\BankersDashboard\TestReports\110915\7_110915_113751_IE11.png
[DEBUG][2015-11-09 11:37:52,207][com.java.ImportnExport.ExportTestResultsExcel] [  301] - ..in export..Mon Nov 09 11:37:52 IST 2015
[INFO ][2015-11-09 11:37:52,207][com.java.SeleniumDriver] [ 1255] - out loop:1 size:2 TestCases:[1, 7] testcases:[1, 7]
[INFO ][2015-11-09 11:37:54,207][com.java.SeleniumDriver] [ 1297] - Total Number of Cases:2
[INFO ][2015-11-09 11:37:54,207][com.java.TemplateGenerator] [  302] - Executed:2
[INFO ][2015-11-09 11:37:54,207][com.java.TemplateGenerator] [  303] - Passed:1
[INFO ][2015-11-09 11:37:54,207][com.java.TemplateGenerator] [  304] - Failed:1
[INFO ][2015-11-09 11:37:54,207][com.java.TemplateGenerator] [  305] - Skipeed:0
[INFO ][2015-11-09 11:37:54,207][com.java.TemplateGenerator] [  306] - Application URL:https://clients-xuat.bankersdashboard.com
[INFO ][2015-11-09 11:37:54,207][com.java.TemplateGenerator] [  307] - Start Time:110915_113030
[INFO ][2015-11-09 11:37:54,207][com.java.TemplateGenerator] [  308] -  Creating HTML Report 
[ERROR][2015-11-09 11:37:54,207][com.java.TemplateGenerator] [  409] - Unparseable date: "Mon Nov 09 11:30:30 IST 2015"
[INFO ][2015-11-09 11:37:54,207][com.java.TemplateGenerator] [  654] -  Exporting case :: 1
[INFO ][2015-11-09 11:37:54,207][com.java.TemplateGenerator] [  654] -  Exporting case :: 7
[INFO ][2015-11-09 11:37:54,207][com.java.SeleniumDriver] [ 1346] - End Time:110915_113754
[INFO ][2015-11-09 11:37:54,207][com.java.SeleniumDriver] [ 1349] - Data in Test Execution Details:{1=PASS, 7=FAILTest case failed at Step No. :: 61   Error Message ::  Text :: +vltest.robot.03890   :: found which is NOT expected.}
[INFO ][2015-11-09 11:37:54,207][com.java.SeleniumDriver] [ 1350] - Data in Failed Execution Deatils:{}
[INFO ][2015-11-09 11:37:54,207][com.java.SeleniumDriver] [ 1352] - ReportCounter:Total:2 :: PASS: 1 ::FAIL: 1
[INFO ][2015-11-09 11:37:54,207][com.java.SeleniumDriver] [ 1353] - FailedReportCounter:Total:0 :: PASS: 0 ::FAIL: 0
[INFO ][2015-11-09 11:37:54,208][com.java.EmailTestReport] [   63] - Sending report mail details:
[INFO ][2015-11-09 11:37:54,208][com.java.EmailTestReport] [   80] - Excel Report Path:D:\BankersDashboard/TestReports/Test Results_BankersDashBoard_110915_113030_IE11_Simmons First National Bank.xls
[INFO ][2015-11-09 11:37:54,208][com.java.EmailTestReport] [   81] - HTML Report Path:D:\BankersDashboard//TestReports//Test Results_BankersDashBoard_110915_113030_IE11_Simmons First National Bank.html
[INFO ][2015-11-09 11:37:54,208][com.java.EmailTestReport] [   82] - smtpHostName:mail01.valuelabs.com
[INFO ][2015-11-09 11:37:54,208][com.java.EmailTestReport] [   83] - Recipient:venkateswararao.gubbala@valuelabs.com
[INFO ][2015-11-09 11:37:54,208][com.java.EmailTestReport] [   84] - From:venkateswararao.gubbala@valuelabs.com
[INFO ][2015-11-09 11:37:54,208][com.java.EmailTestReport] [   85] - Subject:Deluxe Corp Bankers Dashboard Automation Test Report - Simmons First National Bank - IE11
[INFO ][2015-11-09 11:37:54,228][com.java.EmailTestReport] [  143] -  Added venkateswararao.gubbala@valuelabs.com
[INFO ][2015-11-09 11:37:57,618][com.java.SeleniumDriver] [  719] - quitting the browser 
[INFO ][2015-11-09 11:37:58,778][com.java.SeleniumDriver] [  263] - Execution Completed Stopping the thread
