[INFO ][2016-01-07 16:23:39,007][com.java.SeleniumDriver] [  213] - Execute Failed Casesfalse
[INFO ][2016-01-07 16:23:39,007][com.java.SeleniumDriver] [  214] - Browser: IE10
[INFO ][2016-01-07 16:23:39,007][com.java.SeleniumDriver] [  215] - [1, 2, 3]
[INFO ][2016-01-07 16:23:39,008][com.java.SeleniumDriver] [  216] - Total TestCases:3
[INFO ][2016-01-07 16:23:39,008][com.java.SeleniumDriver] [  217] -  Reading Properties from Property File 
[DEBUG][2016-01-07 16:23:39,008][com.java.SeleniumDriver] [  238] - url : https://clients-xuat.bankersdashboard.com
[INFO ][2016-01-07 16:23:39,009][com.java.ImportnExport.ExportTestResultsExcel] [  116] - Time Stamp Thu Jan 07 04:23:38 IST 2016
[INFO ][2016-01-07 16:23:39,009][com.java.ImportnExport.ExportTestResultsExcel] [  175] - OUT FILE : D:\BankersDashboard/TestReports/Test Results_BankersDashBoard_010716_162338_IE10_First Bank.xls
[INFO ][2016-01-07 16:23:39,040][com.java.ImportnExport.ExportTestResultsExcel] [  180] - Test Result file is created
[DEBUG][2016-01-07 16:23:39,146][com.java.SeleniumDriver] [  426] - Hub ip address is-------172.17.68.34
[INFO ][2016-01-07 16:23:39,147][com.java.SeleniumDriver] [  452] - Grid URL:http://172.17.68.34:4444/wd/hub
[INFO ][2016-01-07 16:23:39,147][com.java.SeleniumDriver] [  453] - Capability:Capabilities [{platform=ANY, ensureCleanSession=true, ignoreProtectedModeSettings=true, acceptSslCerts=true, ignoreZoomSetting=true, browserName=internet explorer, browserstack.ie.noFlash=true, version=null}]
[ERROR][2016-01-07 16:23:40,485][com.java.SeleniumDriver] [  498] - Unable invoke browser in grid:Could not start a new session. Possible causes are invalid address of the remote server or browser start-up failure.
Build info: version: '2.48.2', revision: '41bccdd', time: '2015-10-09 19:59:12'
System info: host: 'FVTIII438F1D', ip: '172.17.68.34', os.name: 'Windows 7', os.arch: 'x86', os.version: '6.1', java.version: '1.7.0_55'
Driver info: driver.version: SeleniumDriver
[INFO ][2016-01-07 16:23:40,485][com.java.SeleniumDriver] [  500] - Executing on local machine
[INFO ][2016-01-07 16:23:51,035][com.java.SeleniumDriver] [  248] - IE10is opened
[INFO ][2016-01-07 16:23:51,692][com.java.SeleniumDriver] [  756] - Test cases to be executed are: [1, 2, 3]
[INFO ][2016-01-07 16:23:51,713][com.java.ImportnExport.ImportTestDataDetailsExcel] [   49] - test data details path===== D:\BankersDashboard\TestInputs\TestData.xls
[INFO ][2016-01-07 16:23:51,804][com.java.SeleniumDriver] [  832] - ------------------------------------------
[INFO ][2016-01-07 16:23:51,804][com.java.SeleniumDriver] [  833] - Test case being Executed: 1
[INFO ][2016-01-07 16:23:51,804][com.java.SeleniumDriver] [  845] - Test step:1
[INFO ][2016-01-07 16:23:51,804][com.java.SeleniumDriver] [  857] - Datavalue is----------Concept#1:1-16
[INFO ][2016-01-07 16:23:51,805][com.java.SeleniumDriver] [  881] - DataField : test
[INFO ][2016-01-07 16:23:51,805][com.java.SeleniumDriver] [  883] - DataValue : Concept#1:1-16
[INFO ][2016-01-07 16:23:51,805][com.java.SeleniumDriver] [  889] - <In Set values of the page>
[INFO ][2016-01-07 16:23:51,805][com.java.SeleniumDriver] [  892] - {Data Fields & Data Values Exist}
[INFO ][2016-01-07 16:23:51,807][com.java.SeleniumDriver] [  894] - --------------------------setting values-----------------------------
[INFO ][2016-01-07 16:23:51,807][com.java.SeleniumDriver] [  897] - Action Type : ExecuteTestCase
[INFO ][2016-01-07 16:23:51,825][com.java.TestType] [  437] - The Concept sheet name is ---------- Concept
[INFO ][2016-01-07 16:23:51,825][com.java.TestType] [  440] - The Concept ID  is ---------- 1
[DEBUG][2016-01-07 16:23:51,825][com.java.TestType] [  444] - Steps being executted in the Concept are: 1:16
[INFO ][2016-01-07 16:23:51,825][com.java.TestType] [  451] - Test data details path ---------- D:\BankersDashboard\TestInputs\TestData.xls
[INFO ][2016-01-07 16:23:51,857][com.java.TestType] [  482] -  str(1) = 1
[INFO ][2016-01-07 16:23:51,857][com.java.TestType] [  485] - Test case Id is---1
[INFO ][2016-01-07 16:23:51,857][com.java.TestType] [  487] - 1
[INFO ][2016-01-07 16:23:51,858][com.java.TestType] [  482] -  str(2) = 1
[INFO ][2016-01-07 16:23:51,861][com.java.TestType] [  482] -  str(1) = 1
[INFO ][2016-01-07 16:23:51,862][com.java.TestType] [  485] - Test case Id is---1
[INFO ][2016-01-07 16:23:51,862][com.java.TestType] [  487] - 1
[INFO ][2016-01-07 16:23:51,862][com.java.TestType] [  482] -  str(2) = 2
[INFO ][2016-01-07 16:23:51,863][com.java.TestType] [  482] -  str(1) = 1
[INFO ][2016-01-07 16:23:51,863][com.java.TestType] [  485] - Test case Id is---1
[INFO ][2016-01-07 16:23:51,863][com.java.TestType] [  487] - 1
[INFO ][2016-01-07 16:23:51,863][com.java.TestType] [  482] -  str(2) = 3
[INFO ][2016-01-07 16:23:51,865][com.java.TestType] [  482] -  str(1) = 1
[INFO ][2016-01-07 16:23:51,865][com.java.TestType] [  485] - Test case Id is---1
[INFO ][2016-01-07 16:23:51,865][com.java.TestType] [  487] - 1
[INFO ][2016-01-07 16:23:51,865][com.java.TestType] [  482] -  str(2) = 4
[INFO ][2016-01-07 16:23:51,866][com.java.TestType] [  482] -  str(1) = 1
[INFO ][2016-01-07 16:23:51,866][com.java.TestType] [  485] - Test case Id is---1
[INFO ][2016-01-07 16:23:51,866][com.java.TestType] [  487] - 1
[INFO ][2016-01-07 16:23:51,867][com.java.TestType] [  482] -  str(2) = 5
[INFO ][2016-01-07 16:23:51,868][com.java.TestType] [  482] -  str(1) = 1
[INFO ][2016-01-07 16:23:51,868][com.java.TestType] [  485] - Test case Id is---1
[INFO ][2016-01-07 16:23:51,868][com.java.TestType] [  487] - 1
[INFO ][2016-01-07 16:23:51,868][com.java.TestType] [  482] -  str(2) = 6
[INFO ][2016-01-07 16:23:51,870][com.java.TestType] [  482] -  str(1) = 1
[INFO ][2016-01-07 16:23:51,870][com.java.TestType] [  485] - Test case Id is---1
[INFO ][2016-01-07 16:23:51,870][com.java.TestType] [  487] - 1
[INFO ][2016-01-07 16:23:51,870][com.java.TestType] [  482] -  str(2) = 7
[INFO ][2016-01-07 16:23:51,872][com.java.TestType] [  482] -  str(1) = 1
[INFO ][2016-01-07 16:23:51,872][com.java.TestType] [  485] - Test case Id is---1
[INFO ][2016-01-07 16:23:51,872][com.java.TestType] [  487] - 1
[INFO ][2016-01-07 16:23:51,872][com.java.TestType] [  482] -  str(2) = 8
[INFO ][2016-01-07 16:23:51,873][com.java.TestType] [  482] -  str(1) = 1
[INFO ][2016-01-07 16:23:51,873][com.java.TestType] [  485] - Test case Id is---1
[INFO ][2016-01-07 16:23:51,873][com.java.TestType] [  487] - 1
[INFO ][2016-01-07 16:23:51,873][com.java.TestType] [  482] -  str(2) = 9
[INFO ][2016-01-07 16:23:51,874][com.java.TestType] [  482] -  str(1) = 1
[INFO ][2016-01-07 16:23:51,874][com.java.TestType] [  485] - Test case Id is---1
[INFO ][2016-01-07 16:23:51,874][com.java.TestType] [  487] - 1
[INFO ][2016-01-07 16:23:51,874][com.java.TestType] [  482] -  str(2) = 10
[INFO ][2016-01-07 16:23:51,875][com.java.TestType] [  482] -  str(1) = 1
[INFO ][2016-01-07 16:23:51,875][com.java.TestType] [  485] - Test case Id is---1
[INFO ][2016-01-07 16:23:51,875][com.java.TestType] [  487] - 1
[INFO ][2016-01-07 16:23:51,875][com.java.TestType] [  482] -  str(2) = 11
[INFO ][2016-01-07 16:23:51,876][com.java.TestType] [  482] -  str(1) = 1
[INFO ][2016-01-07 16:23:51,876][com.java.TestType] [  485] - Test case Id is---1
[INFO ][2016-01-07 16:23:51,876][com.java.TestType] [  487] - 1
[INFO ][2016-01-07 16:23:51,876][com.java.TestType] [  482] -  str(2) = 12
[INFO ][2016-01-07 16:23:51,877][com.java.TestType] [  482] -  str(1) = 1
[INFO ][2016-01-07 16:23:51,877][com.java.TestType] [  485] - Test case Id is---1
[INFO ][2016-01-07 16:23:51,877][com.java.TestType] [  487] - 1
[INFO ][2016-01-07 16:23:51,877][com.java.TestType] [  482] -  str(2) = 13
[INFO ][2016-01-07 16:23:51,878][com.java.TestType] [  482] -  str(1) = 1
[INFO ][2016-01-07 16:23:51,878][com.java.TestType] [  485] - Test case Id is---1
[INFO ][2016-01-07 16:23:51,878][com.java.TestType] [  487] - 1
[INFO ][2016-01-07 16:23:51,878][com.java.TestType] [  482] -  str(2) = 14
[INFO ][2016-01-07 16:23:51,879][com.java.TestType] [  482] -  str(1) = 1
[INFO ][2016-01-07 16:23:51,879][com.java.TestType] [  485] - Test case Id is---1
[INFO ][2016-01-07 16:23:51,879][com.java.TestType] [  487] - 1
[INFO ][2016-01-07 16:23:51,879][com.java.TestType] [  482] -  str(2) = 15
[INFO ][2016-01-07 16:23:51,880][com.java.TestType] [  482] -  str(1) = 1
[INFO ][2016-01-07 16:23:51,881][com.java.TestType] [  485] - Test case Id is---1
[INFO ][2016-01-07 16:23:51,881][com.java.TestType] [  487] - 1
[INFO ][2016-01-07 16:23:51,881][com.java.TestType] [  482] -  str(2) = 16
[INFO ][2016-01-07 16:23:51,881][com.java.TestType] [10822] - Looping 1TCID = 1
[DEBUG][2016-01-07 16:23:51,882][com.java.TestType] [10863] - Concept ID:1 :: Step being Executed: 1::1
[INFO ][2016-01-07 16:23:51,882][com.java.TestType] [10901] - dataFields : TXTusername
[DEBUG][2016-01-07 16:23:51,882][com.java.TestType] [10907] - <In Set values of the page>
[DEBUG][2016-01-07 16:23:51,882][com.java.TestType] [10912] - {Data Fields & Data Values Exist}
[INFO ][2016-01-07 16:23:51,882][com.java.TestType] [10918] - --------------------------setting values-----------------------------
[INFO ][2016-01-07 16:23:51,882][com.java.TestType] [10921] - Action Type : CLEARANDENTER
[INFO ][2016-01-07 16:23:51,882][com.java.TestType] [ 5895] - value = valuelabs.ie10.15019
[INFO ][2016-01-07 16:23:56,622][com.java.TestType] [10940] -  RESULT true
[INFO ][2016-01-07 16:23:56,622][com.java.TestType] [11057] - ?   P A S S   ?
[DEBUG][2016-01-07 16:23:56,622][com.java.TestType] [10863] - Concept ID:1 :: Step being Executed: 1::2
[INFO ][2016-01-07 16:23:56,622][com.java.TestType] [10901] - dataFields : TXTpassword
[DEBUG][2016-01-07 16:23:56,622][com.java.TestType] [10907] - <In Set values of the page>
[DEBUG][2016-01-07 16:23:56,622][com.java.TestType] [10912] - {Data Fields & Data Values Exist}
[INFO ][2016-01-07 16:23:56,622][com.java.TestType] [10918] - --------------------------setting values-----------------------------
[INFO ][2016-01-07 16:23:56,622][com.java.TestType] [10921] - Action Type : CLEARANDENTER
[INFO ][2016-01-07 16:23:56,623][com.java.TestType] [ 5895] - value = Password1*
[INFO ][2016-01-07 16:24:01,472][com.java.TestType] [10940] -  RESULT true
[INFO ][2016-01-07 16:24:01,472][com.java.TestType] [11057] - ?   P A S S   ?
[DEBUG][2016-01-07 16:24:01,472][com.java.TestType] [10863] - Concept ID:1 :: Step being Executed: 1::3
[ERROR][2016-01-07 16:24:01,472][com.java.TestType] [10896] - Exception: null
[INFO ][2016-01-07 16:24:01,472][com.java.TestType] [10901] - dataFields : XPH//button[@type='submit']
[DEBUG][2016-01-07 16:24:01,472][com.java.TestType] [10907] - <In Set values of the page>
[DEBUG][2016-01-07 16:24:01,473][com.java.TestType] [10912] - {Data Fields & Data Values Exist}
[INFO ][2016-01-07 16:24:01,473][com.java.TestType] [10918] - --------------------------setting values-----------------------------
[INFO ][2016-01-07 16:24:01,473][com.java.TestType] [10921] - Action Type : Click
[INFO ][2016-01-07 16:24:01,473][com.java.TestType] [ 6274] - Field ::XPH//button[@type='submit']
[INFO ][2016-01-07 16:24:01,473][com.java.TestType] [ 5895] - value = 
[INFO ][2016-01-07 16:24:02,473][com.java.TestType] [ 6411] - BEFORE CLICK
[INFO ][2016-01-07 16:24:05,984][com.java.TestType] [ 6419] - Unable to click the object Login
[INFO ][2016-01-07 16:24:05,984][com.java.TestType] [10940] -  RESULT true
[INFO ][2016-01-07 16:24:05,984][com.java.TestType] [11057] - ?   P A S S   ?
[DEBUG][2016-01-07 16:24:05,984][com.java.TestType] [10863] - Concept ID:1 :: Step being Executed: 1::4
[INFO ][2016-01-07 16:24:05,984][com.java.TestType] [10901] - dataFields : LNKLogout
[DEBUG][2016-01-07 16:24:05,984][com.java.TestType] [10907] - <In Set values of the page>
[DEBUG][2016-01-07 16:24:05,984][com.java.TestType] [10912] - {Data Fields & Data Values Exist}
[INFO ][2016-01-07 16:24:05,984][com.java.TestType] [10918] - --------------------------setting values-----------------------------
[INFO ][2016-01-07 16:24:05,984][com.java.TestType] [10921] - Action Type : WaitForElement
[INFO ][2016-01-07 16:24:06,142][com.java.TestType] [10940] -  RESULT true
[INFO ][2016-01-07 16:24:06,142][com.java.TestType] [11057] - ?   P A S S   ?
[DEBUG][2016-01-07 16:24:06,142][com.java.TestType] [10863] - Concept ID:1 :: Step being Executed: 1::15
[INFO ][2016-01-07 16:24:06,142][com.java.TestType] [10901] - dataFields : LNK
[DEBUG][2016-01-07 16:24:06,142][com.java.TestType] [10907] - <In Set values of the page>
[DEBUG][2016-01-07 16:24:06,142][com.java.TestType] [10912] - {Data Fields & Data Values Exist}
[INFO ][2016-01-07 16:24:06,142][com.java.TestType] [10918] - --------------------------setting values-----------------------------
[INFO ][2016-01-07 16:24:06,142][com.java.TestType] [10921] - Action Type : Verify
[INFO ][2016-01-07 16:24:06,143][com.java.TestType] [ 7269] - field= LNK value= Logout
[INFO ][2016-01-07 16:24:06,144][com.java.TestType] [ 5895] - value = Logout
[INFO ][2016-01-07 16:24:06,182][com.java.TestType] [10940] -  RESULT true
[INFO ][2016-01-07 16:24:06,182][com.java.TestType] [11057] - ?   P A S S   ?
[DEBUG][2016-01-07 16:24:06,182][com.java.TestType] [10863] - Concept ID:1 :: Step being Executed: 1::16
[INFO ][2016-01-07 16:24:06,182][com.java.TestType] [10901] - dataFields : BTN
[DEBUG][2016-01-07 16:24:06,182][com.java.TestType] [10907] - <In Set values of the page>
[DEBUG][2016-01-07 16:24:06,182][com.java.TestType] [10912] - {Data Fields & Data Values Exist}
[INFO ][2016-01-07 16:24:06,183][com.java.TestType] [10918] - --------------------------setting values-----------------------------
[INFO ][2016-01-07 16:24:06,183][com.java.TestType] [10921] - Action Type : Verify
[INFO ][2016-01-07 16:24:06,183][com.java.TestType] [ 7269] - field= BTN value= //img[contains(@src,'bdlogo.jpg')]
[INFO ][2016-01-07 16:24:06,183][com.java.TestType] [ 5895] - value = //img[contains(@src,'bdlogo.jpg')]
[INFO ][2016-01-07 16:24:06,258][com.java.TestType] [10940] -  RESULT true
[INFO ][2016-01-07 16:24:06,258][com.java.TestType] [11057] - ?   P A S S   ?
[INFO ][2016-01-07 16:24:06,258][com.java.TestType] [11128] - Looping End......
[INFO ][2016-01-07 16:24:06,262][com.java.SeleniumDriver] [  906] -  RESULT true
[INFO ][2016-01-07 16:24:06,262][com.java.SeleniumDriver] [ 1112] - ?   P A S S   ?
[INFO ][2016-01-07 16:24:06,262][com.java.SeleniumDriver] [  832] - ------------------------------------------
[INFO ][2016-01-07 16:24:06,262][com.java.SeleniumDriver] [  833] - Test case being Executed: 1
[INFO ][2016-01-07 16:24:06,262][com.java.SeleniumDriver] [  845] - Test step:2
[INFO ][2016-01-07 16:24:06,263][com.java.SeleniumDriver] [  857] - Datavalue is----------Concept#2:1-2
[INFO ][2016-01-07 16:24:06,263][com.java.SeleniumDriver] [  881] - DataField : test
[INFO ][2016-01-07 16:24:06,263][com.java.SeleniumDriver] [  883] - DataValue : Concept#2:1-2
[INFO ][2016-01-07 16:24:06,263][com.java.SeleniumDriver] [  889] - <In Set values of the page>
[INFO ][2016-01-07 16:24:06,263][com.java.SeleniumDriver] [  892] - {Data Fields & Data Values Exist}
[INFO ][2016-01-07 16:24:06,263][com.java.SeleniumDriver] [  894] - --------------------------setting values-----------------------------
[INFO ][2016-01-07 16:24:06,263][com.java.SeleniumDriver] [  897] - Action Type : ExecuteTestCase
[INFO ][2016-01-07 16:24:06,263][com.java.TestType] [  437] - The Concept sheet name is ---------- Concept
[INFO ][2016-01-07 16:24:06,263][com.java.TestType] [  440] - The Concept ID  is ---------- 2
[DEBUG][2016-01-07 16:24:06,264][com.java.TestType] [  444] - Steps being executted in the Concept are: 1:2
[INFO ][2016-01-07 16:24:06,264][com.java.TestType] [  451] - Test data details path ---------- D:\BankersDashboard\TestInputs\TestData.xls
[INFO ][2016-01-07 16:24:06,291][com.java.TestType] [  482] -  str(1) = 2
[INFO ][2016-01-07 16:24:06,291][com.java.TestType] [  485] - Test case Id is---2
[INFO ][2016-01-07 16:24:06,291][com.java.TestType] [  487] - 2
[INFO ][2016-01-07 16:24:06,291][com.java.TestType] [  482] -  str(2) = 1
[INFO ][2016-01-07 16:24:06,293][com.java.TestType] [  482] -  str(1) = 2
[INFO ][2016-01-07 16:24:06,293][com.java.TestType] [  485] - Test case Id is---2
[INFO ][2016-01-07 16:24:06,293][com.java.TestType] [  487] - 2
[INFO ][2016-01-07 16:24:06,293][com.java.TestType] [  482] -  str(2) = 2
[INFO ][2016-01-07 16:24:06,294][com.java.TestType] [  482] -  str(1) = 2
[INFO ][2016-01-07 16:24:06,294][com.java.TestType] [  485] - Test case Id is---2
[INFO ][2016-01-07 16:24:06,294][com.java.TestType] [  487] - 2
[INFO ][2016-01-07 16:24:06,294][com.java.TestType] [  482] -  str(2) = 3
[INFO ][2016-01-07 16:24:06,295][com.java.TestType] [10822] - Looping 1TCID = 2
[DEBUG][2016-01-07 16:24:06,295][com.java.TestType] [10863] - Concept ID:2 :: Step being Executed: 2::1
[INFO ][2016-01-07 16:24:06,295][com.java.TestType] [10901] - dataFields : BNK//select[@id='bank']
[DEBUG][2016-01-07 16:24:06,295][com.java.TestType] [10907] - <In Set values of the page>
[DEBUG][2016-01-07 16:24:06,295][com.java.TestType] [10912] - {Data Fields & Data Values Exist}
[INFO ][2016-01-07 16:24:06,295][com.java.TestType] [10918] - --------------------------setting values-----------------------------
[INFO ][2016-01-07 16:24:06,295][com.java.TestType] [10921] - Action Type : Select
[INFO ][2016-01-07 16:24:06,296][com.java.TestType] [ 5895] - value = PFC
[INFO ][2016-01-07 16:24:06,548][com.java.TestType] [10940] -  RESULT true
[INFO ][2016-01-07 16:24:06,548][com.java.TestType] [11057] - ?   P A S S   ?
[DEBUG][2016-01-07 16:24:06,548][com.java.TestType] [10863] - Concept ID:2 :: Step being Executed: 2::2
[INFO ][2016-01-07 16:24:06,548][com.java.TestType] [10901] - dataFields : LNKLogout
[DEBUG][2016-01-07 16:24:06,548][com.java.TestType] [10907] - <In Set values of the page>
[DEBUG][2016-01-07 16:24:06,548][com.java.TestType] [10912] - {Data Fields & Data Values Exist}
[INFO ][2016-01-07 16:24:06,549][com.java.TestType] [10918] - --------------------------setting values-----------------------------
[INFO ][2016-01-07 16:24:06,549][com.java.TestType] [10921] - Action Type : WaitTime
[DEBUG][2016-01-07 16:24:06,549][com.java.TestType] [ 5715] - sleepTime: 5000
[INFO ][2016-01-07 16:24:11,549][com.java.TestType] [10940] -  RESULT true
[INFO ][2016-01-07 16:24:11,549][com.java.TestType] [11057] - ?   P A S S   ?
[INFO ][2016-01-07 16:24:11,549][com.java.TestType] [11128] - Looping End......
[INFO ][2016-01-07 16:24:11,552][com.java.SeleniumDriver] [  906] -  RESULT true
[INFO ][2016-01-07 16:24:11,552][com.java.SeleniumDriver] [ 1112] - ?   P A S S   ?
[INFO ][2016-01-07 16:24:11,552][com.java.SeleniumDriver] [  832] - ------------------------------------------
[INFO ][2016-01-07 16:24:11,553][com.java.SeleniumDriver] [  833] - Test case being Executed: 1
[INFO ][2016-01-07 16:24:11,553][com.java.SeleniumDriver] [  845] - Test step:3
[INFO ][2016-01-07 16:24:11,554][com.java.SeleniumDriver] [  857] - Datavalue is----------2
[INFO ][2016-01-07 16:24:11,554][com.java.SeleniumDriver] [  881] - DataField : XPH//button[contains(text(),'Add Content')]
[INFO ][2016-01-07 16:24:11,554][com.java.SeleniumDriver] [  883] - DataValue : 2
[INFO ][2016-01-07 16:24:11,554][com.java.SeleniumDriver] [  889] - <In Set values of the page>
[INFO ][2016-01-07 16:24:11,554][com.java.SeleniumDriver] [  892] - {Data Fields & Data Values Exist}
[INFO ][2016-01-07 16:24:11,555][com.java.SeleniumDriver] [  894] - --------------------------setting values-----------------------------
[INFO ][2016-01-07 16:24:11,555][com.java.SeleniumDriver] [  897] - Action Type : WAITFORELEMENT
[INFO ][2016-01-07 16:24:11,594][com.java.SeleniumDriver] [  906] -  RESULT true
[INFO ][2016-01-07 16:24:11,594][com.java.SeleniumDriver] [ 1112] - ?   P A S S   ?
[DEBUG][2016-01-07 16:24:11,594][com.java.SeleniumDriver] [ 1224] - Case found
[DEBUG][2016-01-07 16:24:11,595][com.java.SeleniumDriver] [ 1229] - Incrementing ReportCounters[0]:1
[INFO ][2016-01-07 16:24:11,595][com.java.SeleniumDriver] [ 1248] - The results are-------------------[1, 1, Valid Login, Pass, , Thu Jan 07 16:24:06 IST 2016, 1, 2, Valid Login, Pass, , Thu Jan 07 16:24:11 IST 2016, 1, 3, Valid Login, Pass, , Thu Jan 07 16:24:11 IST 2016]
[INFO ][2016-01-07 16:24:11,595][com.java.SeleniumDriver] [ 1252] - End time is-------34 sec
[INFO ][2016-01-07 16:24:11,595][com.java.SeleniumDriver] [ 1253] - The results are-------------------[1, 1, Valid Login, Pass, , Thu Jan 07 16:24:06 IST 2016, 1, 2, Valid Login, Pass, , Thu Jan 07 16:24:11 IST 2016, 1, 3, Valid Login, Pass, , Thu Jan 07 16:24:11 IST 2016]
[DEBUG][2016-01-07 16:24:11,595][com.java.ImportnExport.ExportTestResultsExcel] [  222] - testResultPath = D:\BankersDashboard/TestReports/Test Results_BankersDashBoard_010716_162338_IE10_First Bank.xls
[DEBUG][2016-01-07 16:24:11,595][com.java.ImportnExport.ExportTestResultsExcel] [  223] - browser is------------IE10
[DEBUG][2016-01-07 16:24:11,643][com.java.ImportnExport.ExportTestResultsExcel] [  270] - result.size() = 18
[DEBUG][2016-01-07 16:24:11,643][com.java.ImportnExport.ExportTestResultsExcel] [  274] - No of rows in sheet=1
[DEBUG][2016-01-07 16:24:11,643][com.java.ImportnExport.ExportTestResultsExcel] [  301] - ..in export..1
[DEBUG][2016-01-07 16:24:11,643][com.java.ImportnExport.ExportTestResultsExcel] [  301] - ..in export..Valid Login
[DEBUG][2016-01-07 16:24:11,644][com.java.ImportnExport.ExportTestResultsExcel] [  301] - ..in export..Pass
[DEBUG][2016-01-07 16:24:11,644][com.java.ImportnExport.ExportTestResultsExcel] [  301] - ..in export..
[DEBUG][2016-01-07 16:24:11,644][com.java.ImportnExport.ExportTestResultsExcel] [  301] - ..in export..Thu Jan 07 16:24:06 IST 2016
[INFO ][2016-01-07 16:24:11,645][com.java.SeleniumDriver] [ 1313] - out loop:0 size:3 TestCases:[1, 2, 3] testcases:[1, 2, 3]
[INFO ][2016-01-07 16:24:11,645][com.java.ImportnExport.ImportTestDataDetailsExcel] [   49] - test data details path===== D:\BankersDashboard\TestInputs\TestData.xls
[INFO ][2016-01-07 16:24:42,057][com.java.SeleniumDriver] [  832] - ------------------------------------------
[INFO ][2016-01-07 16:24:42,057][com.java.SeleniumDriver] [  833] - Test case being Executed: 2
[INFO ][2016-01-07 16:24:42,057][com.java.SeleniumDriver] [  845] - Test step:1
[INFO ][2016-01-07 16:24:42,057][com.java.SeleniumDriver] [  857] - Datavalue is----------Logout
[INFO ][2016-01-07 16:24:42,057][com.java.SeleniumDriver] [  881] - DataField : BTN
[INFO ][2016-01-07 16:24:42,057][com.java.SeleniumDriver] [  883] - DataValue : Logout
[INFO ][2016-01-07 16:24:42,057][com.java.SeleniumDriver] [  889] - <In Set values of the page>
[INFO ][2016-01-07 16:24:42,057][com.java.SeleniumDriver] [  892] - {Data Fields & Data Values Exist}
[INFO ][2016-01-07 16:24:42,057][com.java.SeleniumDriver] [  894] - --------------------------setting values-----------------------------
[INFO ][2016-01-07 16:24:42,057][com.java.SeleniumDriver] [  897] - Action Type : Verify
[INFO ][2016-01-07 16:24:42,057][com.java.TestType] [ 7269] - field= BTN value= Logout
[INFO ][2016-01-07 16:24:42,058][com.java.TestType] [ 5895] - value = Logout
[INFO ][2016-01-07 16:24:42,143][com.java.SeleniumDriver] [  906] -  RESULT true
[INFO ][2016-01-07 16:24:42,143][com.java.SeleniumDriver] [ 1112] - ?   P A S S   ?
[INFO ][2016-01-07 16:24:42,143][com.java.SeleniumDriver] [ 1154] - step change to 3
[INFO ][2016-01-07 16:24:42,143][com.java.SeleniumDriver] [  832] - ------------------------------------------
[INFO ][2016-01-07 16:24:42,143][com.java.SeleniumDriver] [  833] - Test case being Executed: 2
[INFO ][2016-01-07 16:24:42,144][com.java.SeleniumDriver] [  845] - Test step:3
[INFO ][2016-01-07 16:24:42,144][com.java.SeleniumDriver] [  857] - Datavalue is----------null
[DEBUG][2016-01-07 16:24:42,144][com.java.SeleniumDriver] [  875] - Exception: null
[INFO ][2016-01-07 16:24:42,144][com.java.SeleniumDriver] [  881] - DataField : //span[@class='icon-user4']&&//a[text()='Users']&&//a[@data-id="ModifyUsers"]
[INFO ][2016-01-07 16:24:42,144][com.java.SeleniumDriver] [  883] - DataValue : 
[INFO ][2016-01-07 16:24:42,144][com.java.SeleniumDriver] [  889] - <In Set values of the page>
[INFO ][2016-01-07 16:24:42,144][com.java.SeleniumDriver] [  892] - {Data Fields & Data Values Exist}
[INFO ][2016-01-07 16:24:42,144][com.java.SeleniumDriver] [  894] - --------------------------setting values-----------------------------
[INFO ][2016-01-07 16:24:42,144][com.java.SeleniumDriver] [  897] - Action Type : MouseOver
[INFO ][2016-01-07 16:25:09,553][com.java.SeleniumDriver] [  906] -  RESULT true
[INFO ][2016-01-07 16:25:09,553][com.java.SeleniumDriver] [ 1112] - ?   P A S S   ?
[INFO ][2016-01-07 16:25:09,553][com.java.SeleniumDriver] [  832] - ------------------------------------------
[INFO ][2016-01-07 16:25:09,553][com.java.SeleniumDriver] [  833] - Test case being Executed: 2
[INFO ][2016-01-07 16:25:09,553][com.java.SeleniumDriver] [  845] - Test step:4
[INFO ][2016-01-07 16:25:09,553][com.java.SeleniumDriver] [  857] - Datavalue is----------2
[INFO ][2016-01-07 16:25:09,553][com.java.SeleniumDriver] [  881] - DataField : BTNframeDialogContent
[INFO ][2016-01-07 16:25:09,553][com.java.SeleniumDriver] [  883] - DataValue : 2
[INFO ][2016-01-07 16:25:09,553][com.java.SeleniumDriver] [  889] - <In Set values of the page>
[INFO ][2016-01-07 16:25:09,553][com.java.SeleniumDriver] [  892] - {Data Fields & Data Values Exist}
[INFO ][2016-01-07 16:25:09,553][com.java.SeleniumDriver] [  894] - --------------------------setting values-----------------------------
[INFO ][2016-01-07 16:25:09,553][com.java.SeleniumDriver] [  897] - Action Type : WaitForElement
[INFO ][2016-01-07 16:25:10,779][com.java.SeleniumDriver] [  906] -  RESULT true
[INFO ][2016-01-07 16:25:10,779][com.java.SeleniumDriver] [ 1112] - ?   P A S S   ?
[INFO ][2016-01-07 16:25:10,779][com.java.SeleniumDriver] [  832] - ------------------------------------------
[INFO ][2016-01-07 16:25:10,779][com.java.SeleniumDriver] [  833] - Test case being Executed: 2
[INFO ][2016-01-07 16:25:10,780][com.java.SeleniumDriver] [  845] - Test step:5
[INFO ][2016-01-07 16:25:10,780][com.java.SeleniumDriver] [  857] - Datavalue is----------null
[DEBUG][2016-01-07 16:25:10,780][com.java.SeleniumDriver] [  875] - Exception: null
[INFO ][2016-01-07 16:25:10,780][com.java.SeleniumDriver] [  881] - DataField : BTNframeDialogContent
[INFO ][2016-01-07 16:25:10,781][com.java.SeleniumDriver] [  883] - DataValue : 
[INFO ][2016-01-07 16:25:10,781][com.java.SeleniumDriver] [  889] - <In Set values of the page>
[INFO ][2016-01-07 16:25:10,781][com.java.SeleniumDriver] [  892] - {Data Fields & Data Values Exist}
[INFO ][2016-01-07 16:25:10,782][com.java.SeleniumDriver] [  894] - --------------------------setting values-----------------------------
[INFO ][2016-01-07 16:25:10,782][com.java.SeleniumDriver] [  897] - Action Type : SelectFrame
[INFO ][2016-01-07 16:25:12,038][com.java.SeleniumDriver] [  906] -  RESULT true
[INFO ][2016-01-07 16:25:12,038][com.java.SeleniumDriver] [ 1112] - ?   P A S S   ?
[INFO ][2016-01-07 16:25:12,038][com.java.SeleniumDriver] [  832] - ------------------------------------------
[INFO ][2016-01-07 16:25:12,038][com.java.SeleniumDriver] [  833] - Test case being Executed: 2
[INFO ][2016-01-07 16:25:12,038][com.java.SeleniumDriver] [  845] - Test step:6
[INFO ][2016-01-07 16:25:12,038][com.java.SeleniumDriver] [  857] - Datavalue is----------2
[INFO ][2016-01-07 16:25:12,038][com.java.SeleniumDriver] [  881] - DataField : BTNbtnAddUser
[INFO ][2016-01-07 16:25:12,038][com.java.SeleniumDriver] [  883] - DataValue : 2
[INFO ][2016-01-07 16:25:12,039][com.java.SeleniumDriver] [  889] - <In Set values of the page>
[INFO ][2016-01-07 16:25:12,039][com.java.SeleniumDriver] [  892] - {Data Fields & Data Values Exist}
[INFO ][2016-01-07 16:25:12,039][com.java.SeleniumDriver] [  894] - --------------------------setting values-----------------------------
[INFO ][2016-01-07 16:25:12,039][com.java.SeleniumDriver] [  897] - Action Type : WaitForElement
[INFO ][2016-01-07 16:25:13,673][com.java.SeleniumDriver] [  906] -  RESULT true
[INFO ][2016-01-07 16:25:13,673][com.java.SeleniumDriver] [ 1112] - ?   P A S S   ?
[INFO ][2016-01-07 16:25:13,673][com.java.SeleniumDriver] [  832] - ------------------------------------------
[INFO ][2016-01-07 16:25:13,673][com.java.SeleniumDriver] [  833] - Test case being Executed: 2
[INFO ][2016-01-07 16:25:13,673][com.java.SeleniumDriver] [  845] - Test step:7
[INFO ][2016-01-07 16:25:13,673][com.java.SeleniumDriver] [  857] - Datavalue is----------null
[DEBUG][2016-01-07 16:25:13,673][com.java.SeleniumDriver] [  875] - Exception: null
[INFO ][2016-01-07 16:25:13,673][com.java.SeleniumDriver] [  881] - DataField : BTNbtnAddUser
[INFO ][2016-01-07 16:25:13,673][com.java.SeleniumDriver] [  883] - DataValue : 
[INFO ][2016-01-07 16:25:13,673][com.java.SeleniumDriver] [  889] - <In Set values of the page>
[INFO ][2016-01-07 16:25:13,673][com.java.SeleniumDriver] [  892] - {Data Fields & Data Values Exist}
[INFO ][2016-01-07 16:25:13,673][com.java.SeleniumDriver] [  894] - --------------------------setting values-----------------------------
[INFO ][2016-01-07 16:25:13,674][com.java.SeleniumDriver] [  897] - Action Type : Click
[INFO ][2016-01-07 16:25:13,674][com.java.TestType] [ 6274] - Field ::BTNbtnAddUser
[INFO ][2016-01-07 16:25:13,674][com.java.TestType] [ 5895] - value = 
[INFO ][2016-01-07 16:25:14,674][com.java.TestType] [ 6390] - BEFORE CLICK
[INFO ][2016-01-07 16:25:16,483][com.java.TestType] [ 6397] - Unable to click the object Add user button
[INFO ][2016-01-07 16:25:16,483][com.java.SeleniumDriver] [  906] -  RESULT true
[INFO ][2016-01-07 16:25:16,483][com.java.SeleniumDriver] [ 1112] - ?   P A S S   ?
[INFO ][2016-01-07 16:25:16,483][com.java.SeleniumDriver] [  832] - ------------------------------------------
[INFO ][2016-01-07 16:25:16,483][com.java.SeleniumDriver] [  833] - Test case being Executed: 2
[INFO ][2016-01-07 16:25:16,483][com.java.SeleniumDriver] [  845] - Test step:8
[INFO ][2016-01-07 16:25:16,483][com.java.SeleniumDriver] [  857] - Datavalue is----------2
[INFO ][2016-01-07 16:25:16,483][com.java.SeleniumDriver] [  881] - DataField : BTNtxtUserName
[INFO ][2016-01-07 16:25:16,483][com.java.SeleniumDriver] [  883] - DataValue : 2
[INFO ][2016-01-07 16:25:16,484][com.java.SeleniumDriver] [  889] - <In Set values of the page>
[INFO ][2016-01-07 16:25:16,484][com.java.SeleniumDriver] [  892] - {Data Fields & Data Values Exist}
[INFO ][2016-01-07 16:25:16,484][com.java.SeleniumDriver] [  894] - --------------------------setting values-----------------------------
[INFO ][2016-01-07 16:25:16,484][com.java.SeleniumDriver] [  897] - Action Type : WaitForElement
[INFO ][2016-01-07 16:25:17,649][com.java.SeleniumDriver] [  906] -  RESULT true
[INFO ][2016-01-07 16:25:17,649][com.java.SeleniumDriver] [ 1112] - ?   P A S S   ?
[INFO ][2016-01-07 16:25:17,649][com.java.SeleniumDriver] [  832] - ------------------------------------------
[INFO ][2016-01-07 16:25:17,649][com.java.SeleniumDriver] [  833] - Test case being Executed: 2
[INFO ][2016-01-07 16:25:17,649][com.java.SeleniumDriver] [  845] - Test step:9
[INFO ][2016-01-07 16:25:17,649][com.java.SeleniumDriver] [  857] - Datavalue is----------5
[INFO ][2016-01-07 16:25:17,649][com.java.SeleniumDriver] [  881] - DataField : TXTtxtUserName
[INFO ][2016-01-07 16:25:17,649][com.java.SeleniumDriver] [  883] - DataValue : 5
[INFO ][2016-01-07 16:25:17,649][com.java.SeleniumDriver] [  889] - <In Set values of the page>
[INFO ][2016-01-07 16:25:17,649][com.java.SeleniumDriver] [  892] - {Data Fields & Data Values Exist}
[INFO ][2016-01-07 16:25:17,650][com.java.SeleniumDriver] [  894] - --------------------------setting values-----------------------------
[INFO ][2016-01-07 16:25:17,650][com.java.SeleniumDriver] [  897] - Action Type : WaitForElement
[INFO ][2016-01-07 16:25:18,792][com.java.SeleniumDriver] [  906] -  RESULT true
[INFO ][2016-01-07 16:25:18,792][com.java.SeleniumDriver] [ 1112] - ?   P A S S   ?
[INFO ][2016-01-07 16:25:18,792][com.java.SeleniumDriver] [  832] - ------------------------------------------
[INFO ][2016-01-07 16:25:18,793][com.java.SeleniumDriver] [  833] - Test case being Executed: 2
[INFO ][2016-01-07 16:25:18,793][com.java.SeleniumDriver] [  845] - Test step:10
[INFO ][2016-01-07 16:25:18,793][com.java.SeleniumDriver] [  857] - Datavalue is----------RNDvltest.robot
[INFO ][2016-01-07 16:25:18,793][com.java.SeleniumDriver] [  881] - DataField : TXTtxtUserName
[INFO ][2016-01-07 16:25:18,793][com.java.SeleniumDriver] [  883] - DataValue : RNDvltest.robot
[INFO ][2016-01-07 16:25:18,793][com.java.SeleniumDriver] [  889] - <In Set values of the page>
[INFO ][2016-01-07 16:25:18,793][com.java.SeleniumDriver] [  892] - {Data Fields & Data Values Exist}
[INFO ][2016-01-07 16:25:18,793][com.java.SeleniumDriver] [  894] - --------------------------setting values-----------------------------
[INFO ][2016-01-07 16:25:18,793][com.java.SeleniumDriver] [  897] - Action Type : CLEARANDENTER
[INFO ][2016-01-07 16:25:18,793][com.java.TestType] [ 5895] - value = vltest.robot41758
[INFO ][2016-01-07 16:25:21,333][com.java.SeleniumDriver] [  906] -  RESULT true
[INFO ][2016-01-07 16:25:21,333][com.java.SeleniumDriver] [ 1112] - ?   P A S S   ?
[INFO ][2016-01-07 16:25:21,333][com.java.SeleniumDriver] [  832] - ------------------------------------------
[INFO ][2016-01-07 16:25:21,333][com.java.SeleniumDriver] [  833] - Test case being Executed: 2
[INFO ][2016-01-07 16:25:21,334][com.java.SeleniumDriver] [  845] - Test step:11
[INFO ][2016-01-07 16:25:21,334][com.java.SeleniumDriver] [  857] - Datavalue is----------5
[INFO ][2016-01-07 16:25:21,334][com.java.SeleniumDriver] [  881] - DataField : TXTtxtFirstName
[INFO ][2016-01-07 16:25:21,334][com.java.SeleniumDriver] [  883] - DataValue : 5
[INFO ][2016-01-07 16:25:21,334][com.java.SeleniumDriver] [  889] - <In Set values of the page>
[INFO ][2016-01-07 16:25:21,334][com.java.SeleniumDriver] [  892] - {Data Fields & Data Values Exist}
[INFO ][2016-01-07 16:25:21,334][com.java.SeleniumDriver] [  894] - --------------------------setting values-----------------------------
[INFO ][2016-01-07 16:25:21,334][com.java.SeleniumDriver] [  897] - Action Type : WaitForElement
[INFO ][2016-01-07 16:25:22,493][com.java.SeleniumDriver] [  906] -  RESULT true
[INFO ][2016-01-07 16:25:22,493][com.java.SeleniumDriver] [ 1112] - ?   P A S S   ?
[INFO ][2016-01-07 16:25:22,493][com.java.SeleniumDriver] [  832] - ------------------------------------------
[INFO ][2016-01-07 16:25:22,494][com.java.SeleniumDriver] [  833] - Test case being Executed: 2
[INFO ][2016-01-07 16:25:22,494][com.java.SeleniumDriver] [  845] - Test step:12
[INFO ][2016-01-07 16:25:22,494][com.java.SeleniumDriver] [  857] - Datavalue is----------GivenNewUserName
[INFO ][2016-01-07 16:25:22,494][com.java.SeleniumDriver] [  881] - DataField : TXTtxtUserName
[INFO ][2016-01-07 16:25:22,494][com.java.SeleniumDriver] [  883] - DataValue : GivenNewUserName
[INFO ][2016-01-07 16:25:22,494][com.java.SeleniumDriver] [  889] - <In Set values of the page>
[INFO ][2016-01-07 16:25:22,494][com.java.SeleniumDriver] [  892] - {Data Fields & Data Values Exist}
[INFO ][2016-01-07 16:25:22,494][com.java.SeleniumDriver] [  894] - --------------------------setting values-----------------------------
[INFO ][2016-01-07 16:25:22,494][com.java.SeleniumDriver] [  897] - Action Type : STOREVALUE
[INFO ][2016-01-07 16:25:22,494][com.java.TestType] [ 8612] - field= TXTtxtUserName
[DEBUG][2016-01-07 16:25:23,689][com.java.TestType] [ 8626] - Key:: GivenNewUserName  Value:: vltest.robot41758
[INFO ][2016-01-07 16:25:23,689][com.java.SeleniumDriver] [  906] -  RESULT true
[INFO ][2016-01-07 16:25:23,689][com.java.SeleniumDriver] [ 1112] - ?   P A S S   ?
[INFO ][2016-01-07 16:25:23,689][com.java.SeleniumDriver] [  832] - ------------------------------------------
[INFO ][2016-01-07 16:25:23,689][com.java.SeleniumDriver] [  833] - Test case being Executed: 2
[INFO ][2016-01-07 16:25:23,689][com.java.SeleniumDriver] [  845] - Test step:13
[INFO ][2016-01-07 16:25:23,690][com.java.SeleniumDriver] [  857] - Datavalue is----------VLTest
[INFO ][2016-01-07 16:25:23,690][com.java.SeleniumDriver] [  881] - DataField : TXTtxtFirstName
[INFO ][2016-01-07 16:25:23,690][com.java.SeleniumDriver] [  883] - DataValue : VLTest
[INFO ][2016-01-07 16:25:23,690][com.java.SeleniumDriver] [  889] - <In Set values of the page>
[INFO ][2016-01-07 16:25:23,690][com.java.SeleniumDriver] [  892] - {Data Fields & Data Values Exist}
[INFO ][2016-01-07 16:25:23,690][com.java.SeleniumDriver] [  894] - --------------------------setting values-----------------------------
[INFO ][2016-01-07 16:25:23,690][com.java.SeleniumDriver] [  897] - Action Type : Enter
[INFO ][2016-01-07 16:25:23,690][com.java.TestType] [ 6696] - field = txtFirstName
[INFO ][2016-01-07 16:25:23,690][com.java.TestType] [ 5895] - value = VLTest
[INFO ][2016-01-07 16:25:25,375][com.java.SeleniumDriver] [  906] -  RESULT true
[INFO ][2016-01-07 16:25:25,375][com.java.SeleniumDriver] [ 1112] - ?   P A S S   ?
[INFO ][2016-01-07 16:25:25,375][com.java.SeleniumDriver] [  832] - ------------------------------------------
[INFO ][2016-01-07 16:25:25,375][com.java.SeleniumDriver] [  833] - Test case being Executed: 2
[INFO ][2016-01-07 16:25:25,375][com.java.SeleniumDriver] [  845] - Test step:14
[INFO ][2016-01-07 16:25:25,375][com.java.SeleniumDriver] [  857] - Datavalue is----------5
[INFO ][2016-01-07 16:25:25,376][com.java.SeleniumDriver] [  881] - DataField : TXTtxtLastName
[INFO ][2016-01-07 16:25:25,376][com.java.SeleniumDriver] [  883] - DataValue : 5
[INFO ][2016-01-07 16:25:25,376][com.java.SeleniumDriver] [  889] - <In Set values of the page>
[INFO ][2016-01-07 16:25:25,376][com.java.SeleniumDriver] [  892] - {Data Fields & Data Values Exist}
[INFO ][2016-01-07 16:25:25,376][com.java.SeleniumDriver] [  894] - --------------------------setting values-----------------------------
[INFO ][2016-01-07 16:25:25,376][com.java.SeleniumDriver] [  897] - Action Type : WaitForElement
[INFO ][2016-01-07 16:25:26,533][com.java.SeleniumDriver] [  906] -  RESULT true
[INFO ][2016-01-07 16:25:26,533][com.java.SeleniumDriver] [ 1112] - ?   P A S S   ?
[INFO ][2016-01-07 16:25:26,533][com.java.SeleniumDriver] [  832] - ------------------------------------------
[INFO ][2016-01-07 16:25:26,534][com.java.SeleniumDriver] [  833] - Test case being Executed: 2
[INFO ][2016-01-07 16:25:26,534][com.java.SeleniumDriver] [  845] - Test step:15
[INFO ][2016-01-07 16:25:26,534][com.java.SeleniumDriver] [  857] - Datavalue is----------Robot
[INFO ][2016-01-07 16:25:26,534][com.java.SeleniumDriver] [  881] - DataField : TXTtxtLastName
[INFO ][2016-01-07 16:25:26,534][com.java.SeleniumDriver] [  883] - DataValue : Robot
[INFO ][2016-01-07 16:25:26,534][com.java.SeleniumDriver] [  889] - <In Set values of the page>
[INFO ][2016-01-07 16:25:26,534][com.java.SeleniumDriver] [  892] - {Data Fields & Data Values Exist}
[INFO ][2016-01-07 16:25:26,534][com.java.SeleniumDriver] [  894] - --------------------------setting values-----------------------------
[INFO ][2016-01-07 16:25:26,534][com.java.SeleniumDriver] [  897] - Action Type : Enter
[INFO ][2016-01-07 16:25:26,534][com.java.TestType] [ 6696] - field = txtLastName
[INFO ][2016-01-07 16:25:26,534][com.java.TestType] [ 5895] - value = Robot
[INFO ][2016-01-07 16:25:28,006][com.java.SeleniumDriver] [  906] -  RESULT true
[INFO ][2016-01-07 16:25:28,006][com.java.SeleniumDriver] [ 1112] - ?   P A S S   ?
[INFO ][2016-01-07 16:25:28,007][com.java.SeleniumDriver] [  832] - ------------------------------------------
[INFO ][2016-01-07 16:25:28,007][com.java.SeleniumDriver] [  833] - Test case being Executed: 2
[INFO ][2016-01-07 16:25:28,007][com.java.SeleniumDriver] [  845] - Test step:16
[INFO ][2016-01-07 16:25:28,007][com.java.SeleniumDriver] [  857] - Datavalue is----------5
[INFO ][2016-01-07 16:25:28,007][com.java.SeleniumDriver] [  881] - DataField : TXTtxtCompany
[INFO ][2016-01-07 16:25:28,007][com.java.SeleniumDriver] [  883] - DataValue : 5
[INFO ][2016-01-07 16:25:28,007][com.java.SeleniumDriver] [  889] - <In Set values of the page>
[INFO ][2016-01-07 16:25:28,007][com.java.SeleniumDriver] [  892] - {Data Fields & Data Values Exist}
[INFO ][2016-01-07 16:25:28,007][com.java.SeleniumDriver] [  894] - --------------------------setting values-----------------------------
[INFO ][2016-01-07 16:25:28,007][com.java.SeleniumDriver] [  897] - Action Type : WaitForElement
[INFO ][2016-01-07 16:25:29,161][com.java.SeleniumDriver] [  906] -  RESULT true
[INFO ][2016-01-07 16:25:29,161][com.java.SeleniumDriver] [ 1112] - ?   P A S S   ?
[INFO ][2016-01-07 16:25:29,161][com.java.SeleniumDriver] [  832] - ------------------------------------------
[INFO ][2016-01-07 16:25:29,161][com.java.SeleniumDriver] [  833] - Test case being Executed: 2
[INFO ][2016-01-07 16:25:29,161][com.java.SeleniumDriver] [  845] - Test step:17
[INFO ][2016-01-07 16:25:29,161][com.java.SeleniumDriver] [  857] - Datavalue is----------ValueLabs
[INFO ][2016-01-07 16:25:29,161][com.java.SeleniumDriver] [  881] - DataField : TXTtxtCompany
[INFO ][2016-01-07 16:25:29,162][com.java.SeleniumDriver] [  883] - DataValue : ValueLabs
[INFO ][2016-01-07 16:25:29,162][com.java.SeleniumDriver] [  889] - <In Set values of the page>
[INFO ][2016-01-07 16:25:29,162][com.java.SeleniumDriver] [  892] - {Data Fields & Data Values Exist}
[INFO ][2016-01-07 16:25:29,162][com.java.SeleniumDriver] [  894] - --------------------------setting values-----------------------------
[INFO ][2016-01-07 16:25:29,162][com.java.SeleniumDriver] [  897] - Action Type : Enter
[INFO ][2016-01-07 16:25:29,162][com.java.TestType] [ 6696] - field = txtCompany
[INFO ][2016-01-07 16:25:29,162][com.java.TestType] [ 5895] - value = ValueLabs
[INFO ][2016-01-07 16:25:30,759][com.java.SeleniumDriver] [  906] -  RESULT true
[INFO ][2016-01-07 16:25:30,759][com.java.SeleniumDriver] [ 1112] - ?   P A S S   ?
[INFO ][2016-01-07 16:25:30,760][com.java.SeleniumDriver] [  832] - ------------------------------------------
[INFO ][2016-01-07 16:25:30,760][com.java.SeleniumDriver] [  833] - Test case being Executed: 2
[INFO ][2016-01-07 16:25:30,760][com.java.SeleniumDriver] [  845] - Test step:18
[INFO ][2016-01-07 16:25:30,760][com.java.SeleniumDriver] [  857] - Datavalue is----------5
[INFO ][2016-01-07 16:25:30,760][com.java.SeleniumDriver] [  881] - DataField : TXTtxtLocation
[INFO ][2016-01-07 16:25:30,760][com.java.SeleniumDriver] [  883] - DataValue : 5
[INFO ][2016-01-07 16:25:30,760][com.java.SeleniumDriver] [  889] - <In Set values of the page>
[INFO ][2016-01-07 16:25:30,760][com.java.SeleniumDriver] [  892] - {Data Fields & Data Values Exist}
[INFO ][2016-01-07 16:25:30,760][com.java.SeleniumDriver] [  894] - --------------------------setting values-----------------------------
[INFO ][2016-01-07 16:25:30,760][com.java.SeleniumDriver] [  897] - Action Type : WaitForElement
[INFO ][2016-01-07 16:25:31,907][com.java.SeleniumDriver] [  906] -  RESULT true
[INFO ][2016-01-07 16:25:31,907][com.java.SeleniumDriver] [ 1112] - ?   P A S S   ?
[INFO ][2016-01-07 16:25:31,907][com.java.SeleniumDriver] [  832] - ------------------------------------------
[INFO ][2016-01-07 16:25:31,907][com.java.SeleniumDriver] [  833] - Test case being Executed: 2
[INFO ][2016-01-07 16:25:31,907][com.java.SeleniumDriver] [  845] - Test step:19
[INFO ][2016-01-07 16:25:31,907][com.java.SeleniumDriver] [  857] - Datavalue is----------India
[INFO ][2016-01-07 16:25:31,907][com.java.SeleniumDriver] [  881] - DataField : TXTtxtLocation
[INFO ][2016-01-07 16:25:31,907][com.java.SeleniumDriver] [  883] - DataValue : India
[INFO ][2016-01-07 16:25:31,907][com.java.SeleniumDriver] [  889] - <In Set values of the page>
[INFO ][2016-01-07 16:25:31,908][com.java.SeleniumDriver] [  892] - {Data Fields & Data Values Exist}
[INFO ][2016-01-07 16:25:31,908][com.java.SeleniumDriver] [  894] - --------------------------setting values-----------------------------
[INFO ][2016-01-07 16:25:31,908][com.java.SeleniumDriver] [  897] - Action Type : Enter
[INFO ][2016-01-07 16:25:31,908][com.java.TestType] [ 6696] - field = txtLocation
[INFO ][2016-01-07 16:25:31,908][com.java.TestType] [ 5895] - value = India
[INFO ][2016-01-07 16:25:33,381][com.java.SeleniumDriver] [  906] -  RESULT true
[INFO ][2016-01-07 16:25:33,381][com.java.SeleniumDriver] [ 1112] - ?   P A S S   ?
[INFO ][2016-01-07 16:25:33,381][com.java.SeleniumDriver] [  832] - ------------------------------------------
[INFO ][2016-01-07 16:25:33,381][com.java.SeleniumDriver] [  833] - Test case being Executed: 2
[INFO ][2016-01-07 16:25:33,381][com.java.SeleniumDriver] [  845] - Test step:20
[INFO ][2016-01-07 16:25:33,381][com.java.SeleniumDriver] [  857] - Datavalue is----------5
[INFO ][2016-01-07 16:25:33,381][com.java.SeleniumDriver] [  881] - DataField : TXTtxtEMail
[INFO ][2016-01-07 16:25:33,381][com.java.SeleniumDriver] [  883] - DataValue : 5
[INFO ][2016-01-07 16:25:33,381][com.java.SeleniumDriver] [  889] - <In Set values of the page>
[INFO ][2016-01-07 16:25:33,381][com.java.SeleniumDriver] [  892] - {Data Fields & Data Values Exist}
[INFO ][2016-01-07 16:25:33,381][com.java.SeleniumDriver] [  894] - --------------------------setting values-----------------------------
[INFO ][2016-01-07 16:25:33,381][com.java.SeleniumDriver] [  897] - Action Type : WaitForElement
[INFO ][2016-01-07 16:25:34,522][com.java.SeleniumDriver] [  906] -  RESULT true
[INFO ][2016-01-07 16:25:34,522][com.java.SeleniumDriver] [ 1112] - ?   P A S S   ?
[INFO ][2016-01-07 16:25:34,522][com.java.SeleniumDriver] [  832] - ------------------------------------------
[INFO ][2016-01-07 16:25:34,522][com.java.SeleniumDriver] [  833] - Test case being Executed: 2
[INFO ][2016-01-07 16:25:34,522][com.java.SeleniumDriver] [  845] - Test step:21
[INFO ][2016-01-07 16:25:34,523][com.java.SeleniumDriver] [  857] - Datavalue is----------vltest.robot@valuelabs.com
[INFO ][2016-01-07 16:25:34,523][com.java.SeleniumDriver] [  881] - DataField : TXTtxtEMail
[INFO ][2016-01-07 16:25:34,523][com.java.SeleniumDriver] [  883] - DataValue : vltest.robot@valuelabs.com
[INFO ][2016-01-07 16:25:34,523][com.java.SeleniumDriver] [  889] - <In Set values of the page>
[INFO ][2016-01-07 16:25:34,523][com.java.SeleniumDriver] [  892] - {Data Fields & Data Values Exist}
[INFO ][2016-01-07 16:25:34,523][com.java.SeleniumDriver] [  894] - --------------------------setting values-----------------------------
[INFO ][2016-01-07 16:25:34,523][com.java.SeleniumDriver] [  897] - Action Type : Enter
[INFO ][2016-01-07 16:25:34,523][com.java.TestType] [ 6696] - field = txtEMail
[INFO ][2016-01-07 16:25:34,523][com.java.TestType] [ 5895] - value = vltest.robot@valuelabs.com
[INFO ][2016-01-07 16:25:36,123][com.java.SeleniumDriver] [  906] -  RESULT true
[INFO ][2016-01-07 16:25:36,123][com.java.SeleniumDriver] [ 1112] - ?   P A S S   ?
[INFO ][2016-01-07 16:25:36,123][com.java.SeleniumDriver] [  832] - ------------------------------------------
[INFO ][2016-01-07 16:25:36,123][com.java.SeleniumDriver] [  833] - Test case being Executed: 2
[INFO ][2016-01-07 16:25:36,123][com.java.SeleniumDriver] [  845] - Test step:22
[INFO ][2016-01-07 16:25:36,123][com.java.SeleniumDriver] [  857] - Datavalue is----------5
[INFO ][2016-01-07 16:25:36,123][com.java.SeleniumDriver] [  881] - DataField : TXTtxtPhone
[INFO ][2016-01-07 16:25:36,123][com.java.SeleniumDriver] [  883] - DataValue : 5
[INFO ][2016-01-07 16:25:36,124][com.java.SeleniumDriver] [  889] - <In Set values of the page>
[INFO ][2016-01-07 16:25:36,124][com.java.SeleniumDriver] [  892] - {Data Fields & Data Values Exist}
[INFO ][2016-01-07 16:25:36,124][com.java.SeleniumDriver] [  894] - --------------------------setting values-----------------------------
[INFO ][2016-01-07 16:25:36,124][com.java.SeleniumDriver] [  897] - Action Type : WaitForElement
[INFO ][2016-01-07 16:25:37,265][com.java.SeleniumDriver] [  906] -  RESULT true
[INFO ][2016-01-07 16:25:37,265][com.java.SeleniumDriver] [ 1112] - ?   P A S S   ?
[INFO ][2016-01-07 16:25:37,265][com.java.SeleniumDriver] [  832] - ------------------------------------------
[INFO ][2016-01-07 16:25:37,265][com.java.SeleniumDriver] [  833] - Test case being Executed: 2
[INFO ][2016-01-07 16:25:37,265][com.java.SeleniumDriver] [  845] - Test step:23
[INFO ][2016-01-07 16:25:37,265][com.java.SeleniumDriver] [  857] - Datavalue is----------12345678901
[INFO ][2016-01-07 16:25:37,265][com.java.SeleniumDriver] [  881] - DataField : TXTtxtPhone
[INFO ][2016-01-07 16:25:37,266][com.java.SeleniumDriver] [  883] - DataValue : 12345678901
[INFO ][2016-01-07 16:25:37,266][com.java.SeleniumDriver] [  889] - <In Set values of the page>
[INFO ][2016-01-07 16:25:37,266][com.java.SeleniumDriver] [  892] - {Data Fields & Data Values Exist}
[INFO ][2016-01-07 16:25:37,266][com.java.SeleniumDriver] [  894] - --------------------------setting values-----------------------------
[INFO ][2016-01-07 16:25:37,266][com.java.SeleniumDriver] [  897] - Action Type : Enter
[INFO ][2016-01-07 16:25:37,266][com.java.TestType] [ 6696] - field = txtPhone
[INFO ][2016-01-07 16:25:37,266][com.java.TestType] [ 5895] - value = 12345678901
[INFO ][2016-01-07 16:25:38,663][com.java.SeleniumDriver] [  906] -  RESULT true
[INFO ][2016-01-07 16:25:38,663][com.java.SeleniumDriver] [ 1112] - ?   P A S S   ?
[INFO ][2016-01-07 16:25:38,663][com.java.SeleniumDriver] [  832] - ------------------------------------------
[INFO ][2016-01-07 16:25:38,663][com.java.SeleniumDriver] [  833] - Test case being Executed: 2
[INFO ][2016-01-07 16:25:38,663][com.java.SeleniumDriver] [  845] - Test step:24
[INFO ][2016-01-07 16:25:38,663][com.java.SeleniumDriver] [  857] - Datavalue is----------5
[INFO ][2016-01-07 16:25:38,663][com.java.SeleniumDriver] [  881] - DataField : TXTtxtPassword
[INFO ][2016-01-07 16:25:38,663][com.java.SeleniumDriver] [  883] - DataValue : 5
[INFO ][2016-01-07 16:25:38,663][com.java.SeleniumDriver] [  889] - <In Set values of the page>
[INFO ][2016-01-07 16:25:38,663][com.java.SeleniumDriver] [  892] - {Data Fields & Data Values Exist}
[INFO ][2016-01-07 16:25:38,663][com.java.SeleniumDriver] [  894] - --------------------------setting values-----------------------------
[INFO ][2016-01-07 16:25:38,663][com.java.SeleniumDriver] [  897] - Action Type : WaitForElement
[INFO ][2016-01-07 16:25:39,802][com.java.SeleniumDriver] [  906] -  RESULT true
[INFO ][2016-01-07 16:25:39,802][com.java.SeleniumDriver] [ 1112] - ?   P A S S   ?
[INFO ][2016-01-07 16:25:39,802][com.java.SeleniumDriver] [  832] - ------------------------------------------
[INFO ][2016-01-07 16:25:39,802][com.java.SeleniumDriver] [  833] - Test case being Executed: 2
[INFO ][2016-01-07 16:25:39,802][com.java.SeleniumDriver] [  845] - Test step:25
[INFO ][2016-01-07 16:25:39,802][com.java.SeleniumDriver] [  857] - Datavalue is----------dt:NewUserPswd
[INFO ][2016-01-07 16:25:39,802][com.java.SeleniumDriver] [  881] - DataField : TXTtxtPassword
[INFO ][2016-01-07 16:25:39,802][com.java.SeleniumDriver] [  883] - DataValue : dt:NewUserPswd
[INFO ][2016-01-07 16:25:39,803][com.java.SeleniumDriver] [  889] - <In Set values of the page>
[INFO ][2016-01-07 16:25:39,803][com.java.SeleniumDriver] [  892] - {Data Fields & Data Values Exist}
[INFO ][2016-01-07 16:25:39,803][com.java.SeleniumDriver] [  894] - --------------------------setting values-----------------------------
[INFO ][2016-01-07 16:25:39,803][com.java.SeleniumDriver] [  897] - Action Type : CLEARANDENTER
[INFO ][2016-01-07 16:25:39,803][com.java.TestType] [ 5895] - value = Password1*
[INFO ][2016-01-07 16:25:42,528][com.java.SeleniumDriver] [  906] -  RESULT true
[INFO ][2016-01-07 16:25:42,528][com.java.SeleniumDriver] [ 1112] - ?   P A S S   ?
[INFO ][2016-01-07 16:25:42,528][com.java.SeleniumDriver] [  832] - ------------------------------------------
[INFO ][2016-01-07 16:25:42,528][com.java.SeleniumDriver] [  833] - Test case being Executed: 2
[INFO ][2016-01-07 16:25:42,528][com.java.SeleniumDriver] [  845] - Test step:26
[INFO ][2016-01-07 16:25:42,528][com.java.SeleniumDriver] [  857] - Datavalue is----------5
[INFO ][2016-01-07 16:25:42,528][com.java.SeleniumDriver] [  881] - DataField : TXTtxtPasswordConfirm
[INFO ][2016-01-07 16:25:42,528][com.java.SeleniumDriver] [  883] - DataValue : 5
[INFO ][2016-01-07 16:25:42,528][com.java.SeleniumDriver] [  889] - <In Set values of the page>
[INFO ][2016-01-07 16:25:42,528][com.java.SeleniumDriver] [  892] - {Data Fields & Data Values Exist}
[INFO ][2016-01-07 16:25:42,529][com.java.SeleniumDriver] [  894] - --------------------------setting values-----------------------------
[INFO ][2016-01-07 16:25:42,529][com.java.SeleniumDriver] [  897] - Action Type : WaitForElement
[INFO ][2016-01-07 16:25:43,684][com.java.SeleniumDriver] [  906] -  RESULT true
[INFO ][2016-01-07 16:25:43,684][com.java.SeleniumDriver] [ 1112] - ?   P A S S   ?
[INFO ][2016-01-07 16:25:43,684][com.java.SeleniumDriver] [  832] - ------------------------------------------
[INFO ][2016-01-07 16:25:43,684][com.java.SeleniumDriver] [  833] - Test case being Executed: 2
[INFO ][2016-01-07 16:25:43,684][com.java.SeleniumDriver] [  845] - Test step:27
[INFO ][2016-01-07 16:25:43,685][com.java.SeleniumDriver] [  857] - Datavalue is----------dt:NewUserPswd
[INFO ][2016-01-07 16:25:43,685][com.java.SeleniumDriver] [  881] - DataField : TXTtxtPasswordConfirm
[INFO ][2016-01-07 16:25:43,685][com.java.SeleniumDriver] [  883] - DataValue : dt:NewUserPswd
[INFO ][2016-01-07 16:25:43,685][com.java.SeleniumDriver] [  889] - <In Set values of the page>
[INFO ][2016-01-07 16:25:43,685][com.java.SeleniumDriver] [  892] - {Data Fields & Data Values Exist}
[INFO ][2016-01-07 16:25:43,685][com.java.SeleniumDriver] [  894] - --------------------------setting values-----------------------------
[INFO ][2016-01-07 16:25:43,685][com.java.SeleniumDriver] [  897] - Action Type : CLEARANDENTER
[INFO ][2016-01-07 16:25:43,685][com.java.TestType] [ 5895] - value = Password1*
[INFO ][2016-01-07 16:25:46,422][com.java.SeleniumDriver] [  906] -  RESULT true
[INFO ][2016-01-07 16:25:46,422][com.java.SeleniumDriver] [ 1112] - ?   P A S S   ?
[INFO ][2016-01-07 16:25:46,422][com.java.SeleniumDriver] [  832] - ------------------------------------------
[INFO ][2016-01-07 16:25:46,422][com.java.SeleniumDriver] [  833] - Test case being Executed: 2
[INFO ][2016-01-07 16:25:46,422][com.java.SeleniumDriver] [  845] - Test step:28
[INFO ][2016-01-07 16:25:46,422][com.java.SeleniumDriver] [  857] - Datavalue is----------5
[INFO ][2016-01-07 16:25:46,422][com.java.SeleniumDriver] [  881] - DataField : test
[INFO ][2016-01-07 16:25:46,422][com.java.SeleniumDriver] [  883] - DataValue : 5
[INFO ][2016-01-07 16:25:46,422][com.java.SeleniumDriver] [  889] - <In Set values of the page>
[INFO ][2016-01-07 16:25:46,422][com.java.SeleniumDriver] [  892] - {Data Fields & Data Values Exist}
[INFO ][2016-01-07 16:25:46,422][com.java.SeleniumDriver] [  894] - --------------------------setting values-----------------------------
[INFO ][2016-01-07 16:25:46,423][com.java.SeleniumDriver] [  897] - Action Type : WaitTime
[DEBUG][2016-01-07 16:25:46,423][com.java.TestType] [ 5715] - sleepTime: 5000
[INFO ][2016-01-07 16:25:51,423][com.java.SeleniumDriver] [  906] -  RESULT true
[INFO ][2016-01-07 16:25:51,423][com.java.SeleniumDriver] [ 1112] - ?   P A S S   ?
[INFO ][2016-01-07 16:25:51,423][com.java.SeleniumDriver] [  832] - ------------------------------------------
[INFO ][2016-01-07 16:25:51,423][com.java.SeleniumDriver] [  833] - Test case being Executed: 2
[INFO ][2016-01-07 16:25:51,423][com.java.SeleniumDriver] [  845] - Test step:29
[INFO ][2016-01-07 16:25:51,423][com.java.SeleniumDriver] [  857] - Datavalue is----------null
[DEBUG][2016-01-07 16:25:51,423][com.java.SeleniumDriver] [  875] - Exception: null
[INFO ][2016-01-07 16:25:51,423][com.java.SeleniumDriver] [  881] - DataField : BTNparent
[INFO ][2016-01-07 16:25:51,423][com.java.SeleniumDriver] [  883] - DataValue : 
[INFO ][2016-01-07 16:25:51,423][com.java.SeleniumDriver] [  889] - <In Set values of the page>
[INFO ][2016-01-07 16:25:51,423][com.java.SeleniumDriver] [  892] - {Data Fields & Data Values Exist}
[INFO ][2016-01-07 16:25:51,423][com.java.SeleniumDriver] [  894] - --------------------------setting values-----------------------------
[INFO ][2016-01-07 16:25:51,424][com.java.SeleniumDriver] [  897] - Action Type : SelectFrame
[INFO ][2016-01-07 16:25:51,439][com.java.SeleniumDriver] [  906] -  RESULT true
[INFO ][2016-01-07 16:25:51,439][com.java.SeleniumDriver] [ 1112] - ?   P A S S   ?
[INFO ][2016-01-07 16:25:51,439][com.java.SeleniumDriver] [  832] - ------------------------------------------
[INFO ][2016-01-07 16:25:51,439][com.java.SeleniumDriver] [  833] - Test case being Executed: 2
[INFO ][2016-01-07 16:25:51,439][com.java.SeleniumDriver] [  845] - Test step:30
[INFO ][2016-01-07 16:25:51,439][com.java.SeleniumDriver] [  857] - Datavalue is----------null
[DEBUG][2016-01-07 16:25:51,439][com.java.SeleniumDriver] [  875] - Exception: null
[INFO ][2016-01-07 16:25:51,440][com.java.SeleniumDriver] [  881] - DataField : XPH//span[contains(text(), 'Finished')]
[INFO ][2016-01-07 16:25:51,440][com.java.SeleniumDriver] [  883] - DataValue : 
[INFO ][2016-01-07 16:25:51,440][com.java.SeleniumDriver] [  889] - <In Set values of the page>
[INFO ][2016-01-07 16:25:51,440][com.java.SeleniumDriver] [  892] - {Data Fields & Data Values Exist}
[INFO ][2016-01-07 16:25:51,440][com.java.SeleniumDriver] [  894] - --------------------------setting values-----------------------------
[INFO ][2016-01-07 16:25:51,440][com.java.SeleniumDriver] [  897] - Action Type : Click
[INFO ][2016-01-07 16:25:51,440][com.java.TestType] [ 6274] - Field ::XPH//span[contains(text(), 'Finished')]
[INFO ][2016-01-07 16:25:51,440][com.java.TestType] [ 5895] - value = 
[INFO ][2016-01-07 16:25:52,441][com.java.TestType] [ 6411] - BEFORE CLICK
[INFO ][2016-01-07 16:25:53,340][com.java.TestType] [ 6419] - Unable to click the object Finished button
[INFO ][2016-01-07 16:25:53,340][com.java.SeleniumDriver] [  906] -  RESULT true
[INFO ][2016-01-07 16:25:53,340][com.java.SeleniumDriver] [ 1112] - ?   P A S S   ?
[INFO ][2016-01-07 16:25:53,340][com.java.SeleniumDriver] [  832] - ------------------------------------------
[INFO ][2016-01-07 16:25:53,340][com.java.SeleniumDriver] [  833] - Test case being Executed: 2
[INFO ][2016-01-07 16:25:53,340][com.java.SeleniumDriver] [  845] - Test step:31
[INFO ][2016-01-07 16:25:53,340][com.java.SeleniumDriver] [  857] - Datavalue is----------5
[INFO ][2016-01-07 16:25:53,340][com.java.SeleniumDriver] [  881] - DataField : test
[INFO ][2016-01-07 16:25:53,340][com.java.SeleniumDriver] [  883] - DataValue : 5
[INFO ][2016-01-07 16:25:53,340][com.java.SeleniumDriver] [  889] - <In Set values of the page>
[INFO ][2016-01-07 16:25:53,340][com.java.SeleniumDriver] [  892] - {Data Fields & Data Values Exist}
[INFO ][2016-01-07 16:25:53,340][com.java.SeleniumDriver] [  894] - --------------------------setting values-----------------------------
[INFO ][2016-01-07 16:25:53,340][com.java.SeleniumDriver] [  897] - Action Type : WaitTime
[DEBUG][2016-01-07 16:25:53,341][com.java.TestType] [ 5715] - sleepTime: 5000
[INFO ][2016-01-07 16:25:58,342][com.java.SeleniumDriver] [  906] -  RESULT true
[INFO ][2016-01-07 16:25:58,342][com.java.SeleniumDriver] [ 1112] - ?   P A S S   ?
[INFO ][2016-01-07 16:25:58,342][com.java.SeleniumDriver] [  832] - ------------------------------------------
[INFO ][2016-01-07 16:25:58,342][com.java.SeleniumDriver] [  833] - Test case being Executed: 2
[INFO ][2016-01-07 16:25:58,342][com.java.SeleniumDriver] [  845] - Test step:32
[INFO ][2016-01-07 16:25:58,342][com.java.SeleniumDriver] [  857] - Datavalue is----------null
[DEBUG][2016-01-07 16:25:58,342][com.java.SeleniumDriver] [  875] - Exception: null
[INFO ][2016-01-07 16:25:58,342][com.java.SeleniumDriver] [  881] - DataField : BTNframeDialogContent
[INFO ][2016-01-07 16:25:58,342][com.java.SeleniumDriver] [  883] - DataValue : 
[INFO ][2016-01-07 16:25:58,342][com.java.SeleniumDriver] [  889] - <In Set values of the page>
[INFO ][2016-01-07 16:25:58,342][com.java.SeleniumDriver] [  892] - {Data Fields & Data Values Exist}
[INFO ][2016-01-07 16:25:58,342][com.java.SeleniumDriver] [  894] - --------------------------setting values-----------------------------
[INFO ][2016-01-07 16:25:58,343][com.java.SeleniumDriver] [  897] - Action Type : SelectFrame
[INFO ][2016-01-07 16:25:59,633][com.java.SeleniumDriver] [  906] -  RESULT true
[INFO ][2016-01-07 16:25:59,633][com.java.SeleniumDriver] [ 1112] - ?   P A S S   ?
[INFO ][2016-01-07 16:25:59,633][com.java.SeleniumDriver] [  832] - ------------------------------------------
[INFO ][2016-01-07 16:25:59,635][com.java.SeleniumDriver] [  833] - Test case being Executed: 2
[INFO ][2016-01-07 16:25:59,635][com.java.SeleniumDriver] [  845] - Test step:33
[INFO ][2016-01-07 16:25:59,635][com.java.SeleniumDriver] [  857] - Datavalue is----------null
[DEBUG][2016-01-07 16:25:59,635][com.java.SeleniumDriver] [  875] - Exception: null
[INFO ][2016-01-07 16:25:59,635][com.java.SeleniumDriver] [  881] - DataField : BTNchkGlobalPrivsUserAdmin
[INFO ][2016-01-07 16:25:59,635][com.java.SeleniumDriver] [  883] - DataValue : 
[INFO ][2016-01-07 16:25:59,635][com.java.SeleniumDriver] [  889] - <In Set values of the page>
[INFO ][2016-01-07 16:25:59,635][com.java.SeleniumDriver] [  892] - {Data Fields & Data Values Exist}
[INFO ][2016-01-07 16:25:59,635][com.java.SeleniumDriver] [  894] - --------------------------setting values-----------------------------
[INFO ][2016-01-07 16:25:59,635][com.java.SeleniumDriver] [  897] - Action Type : Click
[INFO ][2016-01-07 16:25:59,635][com.java.TestType] [ 6274] - Field ::BTNchkGlobalPrivsUserAdmin
[INFO ][2016-01-07 16:25:59,635][com.java.TestType] [ 5895] - value = 
[INFO ][2016-01-07 16:26:00,636][com.java.TestType] [ 6390] - BEFORE CLICK
[INFO ][2016-01-07 16:26:02,060][com.java.TestType] [ 6397] - Unable to click the object User Admin check box
[INFO ][2016-01-07 16:26:02,060][com.java.SeleniumDriver] [  906] -  RESULT true
[INFO ][2016-01-07 16:26:02,060][com.java.SeleniumDriver] [ 1112] - ?   P A S S   ?
[INFO ][2016-01-07 16:26:02,060][com.java.SeleniumDriver] [  832] - ------------------------------------------
[INFO ][2016-01-07 16:26:02,060][com.java.SeleniumDriver] [  833] - Test case being Executed: 2
[INFO ][2016-01-07 16:26:02,060][com.java.SeleniumDriver] [  845] - Test step:34
[INFO ][2016-01-07 16:26:02,060][com.java.SeleniumDriver] [  857] - Datavalue is----------index:1
[INFO ][2016-01-07 16:26:02,060][com.java.SeleniumDriver] [  881] - DataField : COBddlEntityAccess
[INFO ][2016-01-07 16:26:02,060][com.java.SeleniumDriver] [  883] - DataValue : index:1
[INFO ][2016-01-07 16:26:02,060][com.java.SeleniumDriver] [  889] - <In Set values of the page>
[INFO ][2016-01-07 16:26:02,061][com.java.SeleniumDriver] [  892] - {Data Fields & Data Values Exist}
[INFO ][2016-01-07 16:26:02,061][com.java.SeleniumDriver] [  894] - --------------------------setting values-----------------------------
[INFO ][2016-01-07 16:26:02,061][com.java.SeleniumDriver] [  897] - Action Type : select
[INFO ][2016-01-07 16:26:02,061][com.java.TestType] [ 5895] - value = 1
[INFO ][2016-01-07 16:26:03,270][com.java.TestType] [ 6013] -  In COB ddlEntityAccess : 1
[ERROR][2016-01-07 16:26:03,321][com.java.TestType] [ 6160] - Unable to perform Action Select Cannot locate option with index: 1
For documentation on this error, please visit: http://seleniumhq.org/exceptions/no_such_element.html
Build info: version: '2.48.2', revision: '41bccdd', time: '2015-10-09 19:59:12'
System info: host: 'FVTIII438F1D', ip: '172.17.68.34', os.name: 'Windows 7', os.arch: 'x86', os.version: '6.1', java.version: '1.7.0_55'
Driver info: driver.version: SeleniumDriver
[INFO ][2016-01-07 16:26:03,321][com.java.SeleniumDriver] [  906] -  RESULT false
[INFO ][2016-01-07 16:26:03,321][com.java.SeleniumDriver] [  953] - ?   F A I L   ?
[INFO ][2016-01-07 16:26:03,321][com.java.SeleniumDriver] [  961] - Browser Type : IE10
[INFO ][2016-01-07 16:26:03,321][com.java.SeleniumDriver] [  962] - Adding Failed case2
[DEBUG][2016-01-07 16:26:04,116][com.java.SeleniumDriver] [ 1030] -  tdd.getCondition() IF:36:Next
[INFO ][2016-01-07 16:26:04,116][com.java.SeleniumDriver] [ 1034] - Continue next step...
[INFO ][2016-01-07 16:26:04,117][com.java.SeleniumDriver] [  832] - ------------------------------------------
[INFO ][2016-01-07 16:26:04,117][com.java.SeleniumDriver] [  833] - Test case being Executed: 2
[INFO ][2016-01-07 16:26:04,117][com.java.SeleniumDriver] [  845] - Test step:35
[INFO ][2016-01-07 16:26:04,117][com.java.SeleniumDriver] [  857] - Datavalue is----------index:0
[INFO ][2016-01-07 16:26:04,117][com.java.SeleniumDriver] [  881] - DataField : COBddlEntityAccess
[INFO ][2016-01-07 16:26:04,117][com.java.SeleniumDriver] [  883] - DataValue : index:0
[INFO ][2016-01-07 16:26:04,117][com.java.SeleniumDriver] [  889] - <In Set values of the page>
[INFO ][2016-01-07 16:26:04,117][com.java.SeleniumDriver] [  892] - {Data Fields & Data Values Exist}
[INFO ][2016-01-07 16:26:04,117][com.java.SeleniumDriver] [  894] - --------------------------setting values-----------------------------
[INFO ][2016-01-07 16:26:04,117][com.java.SeleniumDriver] [  897] - Action Type : select
[INFO ][2016-01-07 16:26:04,117][com.java.TestType] [ 5895] - value = 0
[INFO ][2016-01-07 16:26:05,314][com.java.TestType] [ 6013] -  In COB ddlEntityAccess : 0
[INFO ][2016-01-07 16:26:05,389][com.java.SeleniumDriver] [  906] -  RESULT true
[INFO ][2016-01-07 16:26:05,389][com.java.SeleniumDriver] [ 1112] - ?   P A S S   ?
[INFO ][2016-01-07 16:26:05,389][com.java.SeleniumDriver] [  832] - ------------------------------------------
[INFO ][2016-01-07 16:26:05,389][com.java.SeleniumDriver] [  833] - Test case being Executed: 2
[INFO ][2016-01-07 16:26:05,389][com.java.SeleniumDriver] [  845] - Test step:36
[INFO ][2016-01-07 16:26:05,389][com.java.SeleniumDriver] [  857] - Datavalue is----------null
[DEBUG][2016-01-07 16:26:05,389][com.java.SeleniumDriver] [  875] - Exception: null
[INFO ][2016-01-07 16:26:05,389][com.java.SeleniumDriver] [  881] - DataField : BTNrdoEnableEntity_Enable
[INFO ][2016-01-07 16:26:05,390][com.java.SeleniumDriver] [  883] - DataValue : 
[INFO ][2016-01-07 16:26:05,390][com.java.SeleniumDriver] [  889] - <In Set values of the page>
[INFO ][2016-01-07 16:26:05,390][com.java.SeleniumDriver] [  892] - {Data Fields & Data Values Exist}
[INFO ][2016-01-07 16:26:05,390][com.java.SeleniumDriver] [  894] - --------------------------setting values-----------------------------
[INFO ][2016-01-07 16:26:05,390][com.java.SeleniumDriver] [  897] - Action Type : Click
[INFO ][2016-01-07 16:26:05,390][com.java.TestType] [ 6274] - Field ::BTNrdoEnableEntity_Enable
[INFO ][2016-01-07 16:26:05,390][com.java.TestType] [ 5895] - value = 
[INFO ][2016-01-07 16:26:06,390][com.java.TestType] [ 6390] - BEFORE CLICK
[INFO ][2016-01-07 16:26:07,748][com.java.TestType] [ 6397] - Unable to click the object Enable radio button
[INFO ][2016-01-07 16:26:07,748][com.java.SeleniumDriver] [  906] -  RESULT true
[INFO ][2016-01-07 16:26:07,748][com.java.SeleniumDriver] [ 1112] - ?   P A S S   ?
[INFO ][2016-01-07 16:26:07,748][com.java.SeleniumDriver] [  832] - ------------------------------------------
[INFO ][2016-01-07 16:26:07,748][com.java.SeleniumDriver] [  833] - Test case being Executed: 2
[INFO ][2016-01-07 16:26:07,748][com.java.SeleniumDriver] [  845] - Test step:37
[INFO ][2016-01-07 16:26:07,749][com.java.SeleniumDriver] [  857] - Datavalue is----------null
[DEBUG][2016-01-07 16:26:07,749][com.java.SeleniumDriver] [  875] - Exception: null
[INFO ][2016-01-07 16:26:07,749][com.java.SeleniumDriver] [  881] - DataField : BTNchkProfitCenterAll
[INFO ][2016-01-07 16:26:07,749][com.java.SeleniumDriver] [  883] - DataValue : 
[INFO ][2016-01-07 16:26:07,750][com.java.SeleniumDriver] [  889] - <In Set values of the page>
[INFO ][2016-01-07 16:26:07,750][com.java.SeleniumDriver] [  892] - {Data Fields & Data Values Exist}
[INFO ][2016-01-07 16:26:07,750][com.java.SeleniumDriver] [  894] - --------------------------setting values-----------------------------
[INFO ][2016-01-07 16:26:07,750][com.java.SeleniumDriver] [  897] - Action Type : Click
[INFO ][2016-01-07 16:26:07,751][com.java.TestType] [ 6274] - Field ::BTNchkProfitCenterAll
[INFO ][2016-01-07 16:26:07,751][com.java.TestType] [ 5895] - value = 
[INFO ][2016-01-07 16:26:08,751][com.java.TestType] [ 6390] - BEFORE CLICK
[INFO ][2016-01-07 16:26:10,211][com.java.TestType] [ 6397] - Unable to click the object All Check box
[INFO ][2016-01-07 16:26:10,211][com.java.SeleniumDriver] [  906] -  RESULT true
[INFO ][2016-01-07 16:26:10,211][com.java.SeleniumDriver] [ 1112] - ?   P A S S   ?
[INFO ][2016-01-07 16:26:10,211][com.java.SeleniumDriver] [  832] - ------------------------------------------
[INFO ][2016-01-07 16:26:10,211][com.java.SeleniumDriver] [  833] - Test case being Executed: 2
[INFO ][2016-01-07 16:26:10,211][com.java.SeleniumDriver] [  845] - Test step:38
[INFO ][2016-01-07 16:26:10,211][com.java.SeleniumDriver] [  857] - Datavalue is----------null
[DEBUG][2016-01-07 16:26:10,212][com.java.SeleniumDriver] [  875] - Exception: null
[INFO ][2016-01-07 16:26:10,212][com.java.SeleniumDriver] [  881] - DataField : BTNchkPrivsAccessGL
[INFO ][2016-01-07 16:26:10,212][com.java.SeleniumDriver] [  883] - DataValue : 
[INFO ][2016-01-07 16:26:10,212][com.java.SeleniumDriver] [  889] - <In Set values of the page>
[INFO ][2016-01-07 16:26:10,212][com.java.SeleniumDriver] [  892] - {Data Fields & Data Values Exist}
[INFO ][2016-01-07 16:26:10,212][com.java.SeleniumDriver] [  894] - --------------------------setting values-----------------------------
[INFO ][2016-01-07 16:26:10,212][com.java.SeleniumDriver] [  897] - Action Type : Click
[INFO ][2016-01-07 16:26:10,212][com.java.TestType] [ 6274] - Field ::BTNchkPrivsAccessGL
[INFO ][2016-01-07 16:26:10,212][com.java.TestType] [ 5895] - value = 
[INFO ][2016-01-07 16:26:11,212][com.java.TestType] [ 6390] - BEFORE CLICK
[INFO ][2016-01-07 16:26:12,551][com.java.TestType] [ 6397] - Unable to click the object GL check box
[INFO ][2016-01-07 16:26:12,551][com.java.SeleniumDriver] [  906] -  RESULT true
[INFO ][2016-01-07 16:26:12,551][com.java.SeleniumDriver] [ 1112] - ?   P A S S   ?
[INFO ][2016-01-07 16:26:12,551][com.java.SeleniumDriver] [  832] - ------------------------------------------
[INFO ][2016-01-07 16:26:12,551][com.java.SeleniumDriver] [  833] - Test case being Executed: 2
[INFO ][2016-01-07 16:26:12,551][com.java.SeleniumDriver] [  845] - Test step:39
[INFO ][2016-01-07 16:26:12,552][com.java.SeleniumDriver] [  857] - Datavalue is----------null
[DEBUG][2016-01-07 16:26:12,552][com.java.SeleniumDriver] [  875] - Exception: null
[INFO ][2016-01-07 16:26:12,552][com.java.SeleniumDriver] [  881] - DataField : BTNparent
[INFO ][2016-01-07 16:26:12,552][com.java.SeleniumDriver] [  883] - DataValue : 
[INFO ][2016-01-07 16:26:12,552][com.java.SeleniumDriver] [  889] - <In Set values of the page>
[INFO ][2016-01-07 16:26:12,552][com.java.SeleniumDriver] [  892] - {Data Fields & Data Values Exist}
[INFO ][2016-01-07 16:26:12,552][com.java.SeleniumDriver] [  894] - --------------------------setting values-----------------------------
[INFO ][2016-01-07 16:26:12,552][com.java.SeleniumDriver] [  897] - Action Type : SelectFrame
[INFO ][2016-01-07 16:26:12,567][com.java.SeleniumDriver] [  906] -  RESULT true
[INFO ][2016-01-07 16:26:12,567][com.java.SeleniumDriver] [ 1112] - ?   P A S S   ?
[INFO ][2016-01-07 16:26:12,567][com.java.SeleniumDriver] [  832] - ------------------------------------------
[INFO ][2016-01-07 16:26:12,567][com.java.SeleniumDriver] [  833] - Test case being Executed: 2
[INFO ][2016-01-07 16:26:12,567][com.java.SeleniumDriver] [  845] - Test step:40
[INFO ][2016-01-07 16:26:12,567][com.java.SeleniumDriver] [  857] - Datavalue is----------5
[INFO ][2016-01-07 16:26:12,568][com.java.SeleniumDriver] [  881] - DataField : test
[INFO ][2016-01-07 16:26:12,568][com.java.SeleniumDriver] [  883] - DataValue : 5
[INFO ][2016-01-07 16:26:12,568][com.java.SeleniumDriver] [  889] - <In Set values of the page>
[INFO ][2016-01-07 16:26:12,568][com.java.SeleniumDriver] [  892] - {Data Fields & Data Values Exist}
[INFO ][2016-01-07 16:26:12,568][com.java.SeleniumDriver] [  894] - --------------------------setting values-----------------------------
[INFO ][2016-01-07 16:26:12,568][com.java.SeleniumDriver] [  897] - Action Type : WaitTime
[DEBUG][2016-01-07 16:26:12,568][com.java.TestType] [ 5715] - sleepTime: 5000
[INFO ][2016-01-07 16:26:17,569][com.java.SeleniumDriver] [  906] -  RESULT true
[INFO ][2016-01-07 16:26:17,569][com.java.SeleniumDriver] [ 1112] - ?   P A S S   ?
[INFO ][2016-01-07 16:26:17,569][com.java.SeleniumDriver] [  832] - ------------------------------------------
[INFO ][2016-01-07 16:26:17,569][com.java.SeleniumDriver] [  833] - Test case being Executed: 2
[INFO ][2016-01-07 16:26:17,569][com.java.SeleniumDriver] [  845] - Test step:41
[INFO ][2016-01-07 16:26:17,569][com.java.SeleniumDriver] [  857] - Datavalue is----------null
[DEBUG][2016-01-07 16:26:17,569][com.java.SeleniumDriver] [  875] - Exception: null
[INFO ][2016-01-07 16:26:17,569][com.java.SeleniumDriver] [  881] - DataField : XPH//span[contains(text(), 'Finished')]
[INFO ][2016-01-07 16:26:17,569][com.java.SeleniumDriver] [  883] - DataValue : 
[INFO ][2016-01-07 16:26:17,569][com.java.SeleniumDriver] [  889] - <In Set values of the page>
[INFO ][2016-01-07 16:26:17,569][com.java.SeleniumDriver] [  892] - {Data Fields & Data Values Exist}
[INFO ][2016-01-07 16:26:17,569][com.java.SeleniumDriver] [  894] - --------------------------setting values-----------------------------
[INFO ][2016-01-07 16:26:17,570][com.java.SeleniumDriver] [  897] - Action Type : Click
[INFO ][2016-01-07 16:26:17,570][com.java.TestType] [ 6274] - Field ::XPH//span[contains(text(), 'Finished')]
[INFO ][2016-01-07 16:26:17,570][com.java.TestType] [ 5895] - value = 
[INFO ][2016-01-07 16:26:18,570][com.java.TestType] [ 6411] - BEFORE CLICK
[INFO ][2016-01-07 16:26:21,679][com.java.TestType] [ 6419] - Unable to click the object Finished button
[INFO ][2016-01-07 16:26:21,679][com.java.SeleniumDriver] [  906] -  RESULT true
[INFO ][2016-01-07 16:26:21,679][com.java.SeleniumDriver] [ 1112] - ?   P A S S   ?
[INFO ][2016-01-07 16:26:21,679][com.java.SeleniumDriver] [  832] - ------------------------------------------
[INFO ][2016-01-07 16:26:21,679][com.java.SeleniumDriver] [  833] - Test case being Executed: 2
[INFO ][2016-01-07 16:26:21,679][com.java.SeleniumDriver] [  845] - Test step:42
[INFO ][2016-01-07 16:26:21,679][com.java.SeleniumDriver] [  857] - Datavalue is----------5
[INFO ][2016-01-07 16:26:21,679][com.java.SeleniumDriver] [  881] - DataField : BTNframeDialogContent
[INFO ][2016-01-07 16:26:21,679][com.java.SeleniumDriver] [  883] - DataValue : 5
[INFO ][2016-01-07 16:26:21,679][com.java.SeleniumDriver] [  889] - <In Set values of the page>
[INFO ][2016-01-07 16:26:21,679][com.java.SeleniumDriver] [  892] - {Data Fields & Data Values Exist}
[INFO ][2016-01-07 16:26:21,679][com.java.SeleniumDriver] [  894] - --------------------------setting values-----------------------------
[INFO ][2016-01-07 16:26:21,679][com.java.SeleniumDriver] [  897] - Action Type : WaitForElement
[INFO ][2016-01-07 16:26:22,901][com.java.SeleniumDriver] [  906] -  RESULT true
[INFO ][2016-01-07 16:26:22,901][com.java.SeleniumDriver] [ 1112] - ?   P A S S   ?
[INFO ][2016-01-07 16:26:22,901][com.java.SeleniumDriver] [  832] - ------------------------------------------
[INFO ][2016-01-07 16:26:22,902][com.java.SeleniumDriver] [  833] - Test case being Executed: 2
[INFO ][2016-01-07 16:26:22,902][com.java.SeleniumDriver] [  845] - Test step:43
[INFO ][2016-01-07 16:26:22,902][com.java.SeleniumDriver] [  857] - Datavalue is----------null
[DEBUG][2016-01-07 16:26:22,902][com.java.SeleniumDriver] [  875] - Exception: null
[INFO ][2016-01-07 16:26:22,902][com.java.SeleniumDriver] [  881] - DataField : BTNframeDialogContent
[INFO ][2016-01-07 16:26:22,902][com.java.SeleniumDriver] [  883] - DataValue : 
[INFO ][2016-01-07 16:26:22,902][com.java.SeleniumDriver] [  889] - <In Set values of the page>
[INFO ][2016-01-07 16:26:22,902][com.java.SeleniumDriver] [  892] - {Data Fields & Data Values Exist}
[INFO ][2016-01-07 16:26:22,902][com.java.SeleniumDriver] [  894] - --------------------------setting values-----------------------------
[INFO ][2016-01-07 16:26:22,902][com.java.SeleniumDriver] [  897] - Action Type : SelectFrame
[INFO ][2016-01-07 16:26:24,158][com.java.SeleniumDriver] [  906] -  RESULT true
[INFO ][2016-01-07 16:26:24,158][com.java.SeleniumDriver] [ 1112] - ?   P A S S   ?
[INFO ][2016-01-07 16:26:24,158][com.java.SeleniumDriver] [  832] - ------------------------------------------
[INFO ][2016-01-07 16:26:24,158][com.java.SeleniumDriver] [  833] - Test case being Executed: 2
[INFO ][2016-01-07 16:26:24,158][com.java.SeleniumDriver] [  845] - Test step:44
[INFO ][2016-01-07 16:26:24,158][com.java.SeleniumDriver] [  857] - Datavalue is----------null
[DEBUG][2016-01-07 16:26:24,158][com.java.SeleniumDriver] [  875] - Exception: null
[INFO ][2016-01-07 16:26:24,158][com.java.SeleniumDriver] [  881] - DataField : XPH//table[@id="tblUserListing"]//td[contains(text(),'vltest.robot')]
[INFO ][2016-01-07 16:26:24,158][com.java.SeleniumDriver] [  883] - DataValue : 
[INFO ][2016-01-07 16:26:24,159][com.java.SeleniumDriver] [  889] - <In Set values of the page>
[INFO ][2016-01-07 16:26:24,159][com.java.SeleniumDriver] [  892] - {Data Fields & Data Values Exist}
[INFO ][2016-01-07 16:26:24,159][com.java.SeleniumDriver] [  894] - --------------------------setting values-----------------------------
[INFO ][2016-01-07 16:26:24,159][com.java.SeleniumDriver] [  897] - Action Type : WaitForElement
[INFO ][2016-01-07 16:26:24,194][com.java.SeleniumDriver] [  906] -  RESULT true
[INFO ][2016-01-07 16:26:24,194][com.java.SeleniumDriver] [ 1112] - ?   P A S S   ?
[INFO ][2016-01-07 16:26:24,194][com.java.SeleniumDriver] [  832] - ------------------------------------------
[INFO ][2016-01-07 16:26:24,194][com.java.SeleniumDriver] [  833] - Test case being Executed: 2
[INFO ][2016-01-07 16:26:24,194][com.java.SeleniumDriver] [  845] - Test step:45
[INFO ][2016-01-07 16:26:24,194][com.java.SeleniumDriver] [  857] - Datavalue is----------HMVGivenNewUserName
[INFO ][2016-01-07 16:26:24,194][com.java.SeleniumDriver] [  881] - DataField : USR
[INFO ][2016-01-07 16:26:24,195][com.java.SeleniumDriver] [  883] - DataValue : HMVGivenNewUserName
[INFO ][2016-01-07 16:26:24,195][com.java.SeleniumDriver] [  889] - <In Set values of the page>
[INFO ][2016-01-07 16:26:24,195][com.java.SeleniumDriver] [  892] - {Data Fields & Data Values Exist}
[INFO ][2016-01-07 16:26:24,195][com.java.SeleniumDriver] [  894] - --------------------------setting values-----------------------------
[INFO ][2016-01-07 16:26:24,195][com.java.SeleniumDriver] [  897] - Action Type : Verify
[INFO ][2016-01-07 16:26:24,195][com.java.TestType] [ 7269] - field= USR value= HMVGivenNewUserName
[INFO ][2016-01-07 16:26:24,195][com.java.TestType] [ 5895] - value = vltest.robot41758
[INFO ][2016-01-07 16:26:24,255][com.java.SeleniumDriver] [  906] -  RESULT true
[INFO ][2016-01-07 16:26:24,255][com.java.SeleniumDriver] [ 1112] - ?   P A S S   ?
[INFO ][2016-01-07 16:26:24,255][com.java.SeleniumDriver] [  832] - ------------------------------------------
[INFO ][2016-01-07 16:26:24,255][com.java.SeleniumDriver] [  833] - Test case being Executed: 2
[INFO ][2016-01-07 16:26:24,255][com.java.SeleniumDriver] [  845] - Test step:46
[INFO ][2016-01-07 16:26:24,255][com.java.SeleniumDriver] [  857] - Datavalue is----------GivenNewUserName::Login_username
[INFO ][2016-01-07 16:26:24,255][com.java.SeleniumDriver] [  881] - DataField : PVP//table[@id="tblUserListing"]//td[contains(text(),'mytext')]
[INFO ][2016-01-07 16:26:24,256][com.java.SeleniumDriver] [  883] - DataValue : GivenNewUserName::Login_username
[INFO ][2016-01-07 16:26:24,256][com.java.SeleniumDriver] [  889] - <In Set values of the page>
[INFO ][2016-01-07 16:26:24,256][com.java.SeleniumDriver] [  892] - {Data Fields & Data Values Exist}
[INFO ][2016-01-07 16:26:24,256][com.java.SeleniumDriver] [  894] - --------------------------setting values-----------------------------
[INFO ][2016-01-07 16:26:24,256][com.java.SeleniumDriver] [  897] - Action Type : STOREVALUE
[INFO ][2016-01-07 16:26:24,256][com.java.TestType] [ 8612] - field= PVP//table[@id="tblUserListing"]//td[contains(text(),'mytext')]
[DEBUG][2016-01-07 16:26:24,357][com.java.TestType] [ 8903] - Key:: GivenNewUserName::Login_username  Value:: vltest.robot41758.15019
[INFO ][2016-01-07 16:26:24,357][com.java.SeleniumDriver] [  906] -  RESULT true
[INFO ][2016-01-07 16:26:24,357][com.java.SeleniumDriver] [ 1112] - ?   P A S S   ?
[INFO ][2016-01-07 16:26:24,357][com.java.SeleniumDriver] [  832] - ------------------------------------------
[INFO ][2016-01-07 16:26:24,357][com.java.SeleniumDriver] [  833] - Test case being Executed: 2
[INFO ][2016-01-07 16:26:24,357][com.java.SeleniumDriver] [  845] - Test step:47
[INFO ][2016-01-07 16:26:24,357][com.java.SeleniumDriver] [  857] - Datavalue is----------10
[INFO ][2016-01-07 16:26:24,357][com.java.SeleniumDriver] [  881] - DataField : test
[INFO ][2016-01-07 16:26:24,357][com.java.SeleniumDriver] [  883] - DataValue : 10
[INFO ][2016-01-07 16:26:24,357][com.java.SeleniumDriver] [  889] - <In Set values of the page>
[INFO ][2016-01-07 16:26:24,358][com.java.SeleniumDriver] [  892] - {Data Fields & Data Values Exist}
[INFO ][2016-01-07 16:26:24,358][com.java.SeleniumDriver] [  894] - --------------------------setting values-----------------------------
[INFO ][2016-01-07 16:26:24,358][com.java.SeleniumDriver] [  897] - Action Type : WaitTime
[DEBUG][2016-01-07 16:26:24,358][com.java.TestType] [ 5715] - sleepTime: 10000
[INFO ][2016-01-07 16:26:34,359][com.java.SeleniumDriver] [  906] -  RESULT true
[INFO ][2016-01-07 16:26:34,359][com.java.SeleniumDriver] [ 1112] - ?   P A S S   ?
[INFO ][2016-01-07 16:26:34,359][com.java.SeleniumDriver] [  832] - ------------------------------------------
[INFO ][2016-01-07 16:26:34,359][com.java.SeleniumDriver] [  833] - Test case being Executed: 2
[INFO ][2016-01-07 16:26:34,359][com.java.SeleniumDriver] [  845] - Test step:48
[INFO ][2016-01-07 16:26:34,359][com.java.SeleniumDriver] [  857] - Datavalue is----------null
[DEBUG][2016-01-07 16:26:34,359][com.java.SeleniumDriver] [  875] - Exception: null
[INFO ][2016-01-07 16:26:34,359][com.java.SeleniumDriver] [  881] - DataField : BTNparent
[INFO ][2016-01-07 16:26:34,359][com.java.SeleniumDriver] [  883] - DataValue : 
[INFO ][2016-01-07 16:26:34,359][com.java.SeleniumDriver] [  889] - <In Set values of the page>
[INFO ][2016-01-07 16:26:34,359][com.java.SeleniumDriver] [  892] - {Data Fields & Data Values Exist}
[INFO ][2016-01-07 16:26:34,360][com.java.SeleniumDriver] [  894] - --------------------------setting values-----------------------------
[INFO ][2016-01-07 16:26:34,360][com.java.SeleniumDriver] [  897] - Action Type : SelectFrame
[INFO ][2016-01-07 16:26:34,375][com.java.SeleniumDriver] [  906] -  RESULT true
[INFO ][2016-01-07 16:26:34,375][com.java.SeleniumDriver] [ 1112] - ?   P A S S   ?
[INFO ][2016-01-07 16:26:34,375][com.java.SeleniumDriver] [  832] - ------------------------------------------
[INFO ][2016-01-07 16:26:34,375][com.java.SeleniumDriver] [  833] - Test case being Executed: 2
[INFO ][2016-01-07 16:26:34,375][com.java.SeleniumDriver] [  845] - Test step:49
[INFO ][2016-01-07 16:26:34,375][com.java.SeleniumDriver] [  857] - Datavalue is----------null
[DEBUG][2016-01-07 16:26:34,376][com.java.SeleniumDriver] [  875] - Exception: null
[INFO ][2016-01-07 16:26:34,376][com.java.SeleniumDriver] [  881] - DataField : XPH//span[contains(text(), 'Finished')]
[INFO ][2016-01-07 16:26:34,376][com.java.SeleniumDriver] [  883] - DataValue : 
[INFO ][2016-01-07 16:26:34,376][com.java.SeleniumDriver] [  889] - <In Set values of the page>
[INFO ][2016-01-07 16:26:34,376][com.java.SeleniumDriver] [  892] - {Data Fields & Data Values Exist}
[INFO ][2016-01-07 16:26:34,376][com.java.SeleniumDriver] [  894] - --------------------------setting values-----------------------------
[INFO ][2016-01-07 16:26:34,376][com.java.SeleniumDriver] [  897] - Action Type : Click
[INFO ][2016-01-07 16:26:34,376][com.java.TestType] [ 6274] - Field ::XPH//span[contains(text(), 'Finished')]
[INFO ][2016-01-07 16:26:34,376][com.java.TestType] [ 5895] - value = 
[INFO ][2016-01-07 16:26:35,376][com.java.TestType] [ 6411] - BEFORE CLICK
[INFO ][2016-01-07 16:26:36,517][com.java.TestType] [ 6419] - Unable to click the object Finished button
[INFO ][2016-01-07 16:26:36,517][com.java.SeleniumDriver] [  906] -  RESULT true
[INFO ][2016-01-07 16:26:36,517][com.java.SeleniumDriver] [ 1112] - ?   P A S S   ?
[INFO ][2016-01-07 16:26:36,517][com.java.SeleniumDriver] [  832] - ------------------------------------------
[INFO ][2016-01-07 16:26:36,517][com.java.SeleniumDriver] [  833] - Test case being Executed: 2
[INFO ][2016-01-07 16:26:36,517][com.java.SeleniumDriver] [  845] - Test step:50
[INFO ][2016-01-07 16:26:36,517][com.java.SeleniumDriver] [  857] - Datavalue is----------10
[INFO ][2016-01-07 16:26:36,517][com.java.SeleniumDriver] [  881] - DataField : XPH//div[contains(text(), 'My Dashboard')]
[INFO ][2016-01-07 16:26:36,517][com.java.SeleniumDriver] [  883] - DataValue : 10
[INFO ][2016-01-07 16:26:36,517][com.java.SeleniumDriver] [  889] - <In Set values of the page>
[INFO ][2016-01-07 16:26:36,517][com.java.SeleniumDriver] [  892] - {Data Fields & Data Values Exist}
[INFO ][2016-01-07 16:26:36,517][com.java.SeleniumDriver] [  894] - --------------------------setting values-----------------------------
[INFO ][2016-01-07 16:26:36,517][com.java.SeleniumDriver] [  897] - Action Type : WAITFORELEMENT
[INFO ][2016-01-07 16:26:36,554][com.java.SeleniumDriver] [  906] -  RESULT true
[INFO ][2016-01-07 16:26:36,554][com.java.SeleniumDriver] [ 1112] - ?   P A S S   ?
[INFO ][2016-01-07 16:26:36,554][com.java.SeleniumDriver] [  832] - ------------------------------------------
[INFO ][2016-01-07 16:26:36,554][com.java.SeleniumDriver] [  833] - Test case being Executed: 2
[INFO ][2016-01-07 16:26:36,555][com.java.SeleniumDriver] [  845] - Test step:51
[INFO ][2016-01-07 16:26:36,555][com.java.SeleniumDriver] [  857] - Datavalue is----------null
[DEBUG][2016-01-07 16:26:36,555][com.java.SeleniumDriver] [  875] - Exception: null
[INFO ][2016-01-07 16:26:36,555][com.java.SeleniumDriver] [  881] - DataField : //span[@class='icon-user4']&&//a[text()='Users']&&//a[@data-id="ModifyUsers"]
[INFO ][2016-01-07 16:26:36,555][com.java.SeleniumDriver] [  883] - DataValue : 
[INFO ][2016-01-07 16:26:36,555][com.java.SeleniumDriver] [  889] - <In Set values of the page>
[INFO ][2016-01-07 16:26:36,555][com.java.SeleniumDriver] [  892] - {Data Fields & Data Values Exist}
[INFO ][2016-01-07 16:26:36,555][com.java.SeleniumDriver] [  894] - --------------------------setting values-----------------------------
[INFO ][2016-01-07 16:26:36,555][com.java.SeleniumDriver] [  897] - Action Type : MouseOver
[INFO ][2016-01-07 16:27:03,978][com.java.SeleniumDriver] [  906] -  RESULT true
[INFO ][2016-01-07 16:27:03,978][com.java.SeleniumDriver] [ 1112] - ?   P A S S   ?
[INFO ][2016-01-07 16:27:03,978][com.java.SeleniumDriver] [  832] - ------------------------------------------
[INFO ][2016-01-07 16:27:03,978][com.java.SeleniumDriver] [  833] - Test case being Executed: 2
[INFO ][2016-01-07 16:27:03,978][com.java.SeleniumDriver] [  845] - Test step:52
[INFO ][2016-01-07 16:27:03,978][com.java.SeleniumDriver] [  857] - Datavalue is----------5
[INFO ][2016-01-07 16:27:03,978][com.java.SeleniumDriver] [  881] - DataField : BTNframeDialogContent
[INFO ][2016-01-07 16:27:03,978][com.java.SeleniumDriver] [  883] - DataValue : 5
[INFO ][2016-01-07 16:27:03,978][com.java.SeleniumDriver] [  889] - <In Set values of the page>
[INFO ][2016-01-07 16:27:03,978][com.java.SeleniumDriver] [  892] - {Data Fields & Data Values Exist}
[INFO ][2016-01-07 16:27:03,978][com.java.SeleniumDriver] [  894] - --------------------------setting values-----------------------------
[INFO ][2016-01-07 16:27:03,978][com.java.SeleniumDriver] [  897] - Action Type : WaitForElement
[INFO ][2016-01-07 16:27:05,196][com.java.SeleniumDriver] [  906] -  RESULT true
[INFO ][2016-01-07 16:27:05,196][com.java.SeleniumDriver] [ 1112] - ?   P A S S   ?
[INFO ][2016-01-07 16:27:05,196][com.java.SeleniumDriver] [  832] - ------------------------------------------
[INFO ][2016-01-07 16:27:05,196][com.java.SeleniumDriver] [  833] - Test case being Executed: 2
[INFO ][2016-01-07 16:27:05,196][com.java.SeleniumDriver] [  845] - Test step:53
[INFO ][2016-01-07 16:27:05,197][com.java.SeleniumDriver] [  857] - Datavalue is----------null
[DEBUG][2016-01-07 16:27:05,197][com.java.SeleniumDriver] [  875] - Exception: null
[INFO ][2016-01-07 16:27:05,197][com.java.SeleniumDriver] [  881] - DataField : BTNframeDialogContent
[INFO ][2016-01-07 16:27:05,197][com.java.SeleniumDriver] [  883] - DataValue : 
[INFO ][2016-01-07 16:27:05,197][com.java.SeleniumDriver] [  889] - <In Set values of the page>
[INFO ][2016-01-07 16:27:05,197][com.java.SeleniumDriver] [  892] - {Data Fields & Data Values Exist}
[INFO ][2016-01-07 16:27:05,197][com.java.SeleniumDriver] [  894] - --------------------------setting values-----------------------------
[INFO ][2016-01-07 16:27:05,197][com.java.SeleniumDriver] [  897] - Action Type : SelectFrame
[INFO ][2016-01-07 16:27:06,456][com.java.SeleniumDriver] [  906] -  RESULT true
[INFO ][2016-01-07 16:27:06,456][com.java.SeleniumDriver] [ 1112] - ?   P A S S   ?
[INFO ][2016-01-07 16:27:06,456][com.java.SeleniumDriver] [  832] - ------------------------------------------
[INFO ][2016-01-07 16:27:06,456][com.java.SeleniumDriver] [  833] - Test case being Executed: 2
[INFO ][2016-01-07 16:27:06,456][com.java.SeleniumDriver] [  845] - Test step:54
[INFO ][2016-01-07 16:27:06,458][com.java.SeleniumDriver] [  857] - Datavalue is----------5
[INFO ][2016-01-07 16:27:06,458][com.java.SeleniumDriver] [  881] - DataField : BTNbtnAddUser
[INFO ][2016-01-07 16:27:06,458][com.java.SeleniumDriver] [  883] - DataValue : 5
[INFO ][2016-01-07 16:27:06,458][com.java.SeleniumDriver] [  889] - <In Set values of the page>
[INFO ][2016-01-07 16:27:06,458][com.java.SeleniumDriver] [  892] - {Data Fields & Data Values Exist}
[INFO ][2016-01-07 16:27:06,458][com.java.SeleniumDriver] [  894] - --------------------------setting values-----------------------------
[INFO ][2016-01-07 16:27:06,458][com.java.SeleniumDriver] [  897] - Action Type : WaitForElement
[INFO ][2016-01-07 16:27:08,104][com.java.SeleniumDriver] [  906] -  RESULT true
[INFO ][2016-01-07 16:27:08,104][com.java.SeleniumDriver] [ 1112] - ?   P A S S   ?
[INFO ][2016-01-07 16:27:08,104][com.java.SeleniumDriver] [  832] - ------------------------------------------
[INFO ][2016-01-07 16:27:08,104][com.java.SeleniumDriver] [  833] - Test case being Executed: 2
[INFO ][2016-01-07 16:27:08,104][com.java.SeleniumDriver] [  845] - Test step:55
[INFO ][2016-01-07 16:27:08,105][com.java.SeleniumDriver] [  857] - Datavalue is----------Login_username
[INFO ][2016-01-07 16:27:08,105][com.java.SeleniumDriver] [  881] - DataField : MNC//div[@id="divUserListing"]//td//a[@id='modifyUser.mytext']
[INFO ][2016-01-07 16:27:08,105][com.java.SeleniumDriver] [  883] - DataValue : Login_username
[INFO ][2016-01-07 16:27:08,105][com.java.SeleniumDriver] [  889] - <In Set values of the page>
[INFO ][2016-01-07 16:27:08,105][com.java.SeleniumDriver] [  892] - {Data Fields & Data Values Exist}
[INFO ][2016-01-07 16:27:08,105][com.java.SeleniumDriver] [  894] - --------------------------setting values-----------------------------
[INFO ][2016-01-07 16:27:08,105][com.java.SeleniumDriver] [  897] - Action Type : Click
[INFO ][2016-01-07 16:27:08,105][com.java.TestType] [ 6274] - Field ::MNC//div[@id="divUserListing"]//td//a[@id='modifyUser.mytext']
[INFO ][2016-01-07 16:27:08,105][com.java.TestType] [ 5895] - value = Login_username
[INFO ][2016-01-07 16:27:09,518][com.java.SeleniumDriver] [  906] -  RESULT true
[INFO ][2016-01-07 16:27:09,518][com.java.SeleniumDriver] [ 1112] - ?   P A S S   ?
[INFO ][2016-01-07 16:27:09,518][com.java.SeleniumDriver] [  832] - ------------------------------------------
[INFO ][2016-01-07 16:27:09,518][com.java.SeleniumDriver] [  833] - Test case being Executed: 2
[INFO ][2016-01-07 16:27:09,518][com.java.SeleniumDriver] [  845] - Test step:56
[INFO ][2016-01-07 16:27:09,518][com.java.SeleniumDriver] [  857] - Datavalue is----------2
[INFO ][2016-01-07 16:27:09,518][com.java.SeleniumDriver] [  881] - DataField : BTNtxtFirstName
[INFO ][2016-01-07 16:27:09,518][com.java.SeleniumDriver] [  883] - DataValue : 2
[INFO ][2016-01-07 16:27:09,518][com.java.SeleniumDriver] [  889] - <In Set values of the page>
[INFO ][2016-01-07 16:27:09,519][com.java.SeleniumDriver] [  892] - {Data Fields & Data Values Exist}
[INFO ][2016-01-07 16:27:09,519][com.java.SeleniumDriver] [  894] - --------------------------setting values-----------------------------
[INFO ][2016-01-07 16:27:09,519][com.java.SeleniumDriver] [  897] - Action Type : WaitForElement
[INFO ][2016-01-07 16:27:10,909][com.java.SeleniumDriver] [  906] -  RESULT true
[INFO ][2016-01-07 16:27:10,909][com.java.SeleniumDriver] [ 1112] - ?   P A S S   ?
[INFO ][2016-01-07 16:27:10,909][com.java.SeleniumDriver] [  832] - ------------------------------------------
[INFO ][2016-01-07 16:27:10,909][com.java.SeleniumDriver] [  833] - Test case being Executed: 2
[INFO ][2016-01-07 16:27:10,909][com.java.SeleniumDriver] [  845] - Test step:57
[INFO ][2016-01-07 16:27:10,909][com.java.SeleniumDriver] [  857] - Datavalue is----------dt:ResetNewPswd
[INFO ][2016-01-07 16:27:10,910][com.java.SeleniumDriver] [  881] - DataField : TXTtxtPassword
[INFO ][2016-01-07 16:27:10,910][com.java.SeleniumDriver] [  883] - DataValue : dt:ResetNewPswd
[INFO ][2016-01-07 16:27:10,910][com.java.SeleniumDriver] [  889] - <In Set values of the page>
[INFO ][2016-01-07 16:27:10,910][com.java.SeleniumDriver] [  892] - {Data Fields & Data Values Exist}
[INFO ][2016-01-07 16:27:10,910][com.java.SeleniumDriver] [  894] - --------------------------setting values-----------------------------
[INFO ][2016-01-07 16:27:10,910][com.java.SeleniumDriver] [  897] - Action Type : CLEARANDENTER
[INFO ][2016-01-07 16:27:10,910][com.java.TestType] [ 5895] - value = Password#1
[INFO ][2016-01-07 16:27:13,623][com.java.SeleniumDriver] [  906] -  RESULT true
[INFO ][2016-01-07 16:27:13,623][com.java.SeleniumDriver] [ 1112] - ?   P A S S   ?
[INFO ][2016-01-07 16:27:13,623][com.java.SeleniumDriver] [  832] - ------------------------------------------
[INFO ][2016-01-07 16:27:13,623][com.java.SeleniumDriver] [  833] - Test case being Executed: 2
[INFO ][2016-01-07 16:27:13,623][com.java.SeleniumDriver] [  845] - Test step:58
[INFO ][2016-01-07 16:27:13,623][com.java.SeleniumDriver] [  857] - Datavalue is----------5
[INFO ][2016-01-07 16:27:13,623][com.java.SeleniumDriver] [  881] - DataField : TXTtxtPasswordConfirm
[INFO ][2016-01-07 16:27:13,623][com.java.SeleniumDriver] [  883] - DataValue : 5
[INFO ][2016-01-07 16:27:13,623][com.java.SeleniumDriver] [  889] - <In Set values of the page>
[INFO ][2016-01-07 16:27:13,623][com.java.SeleniumDriver] [  892] - {Data Fields & Data Values Exist}
[INFO ][2016-01-07 16:27:13,623][com.java.SeleniumDriver] [  894] - --------------------------setting values-----------------------------
[INFO ][2016-01-07 16:27:13,623][com.java.SeleniumDriver] [  897] - Action Type : WaitForElement
[INFO ][2016-01-07 16:27:14,801][com.java.SeleniumDriver] [  906] -  RESULT true
[INFO ][2016-01-07 16:27:14,801][com.java.SeleniumDriver] [ 1112] - ?   P A S S   ?
[INFO ][2016-01-07 16:27:14,801][com.java.SeleniumDriver] [  832] - ------------------------------------------
[INFO ][2016-01-07 16:27:14,801][com.java.SeleniumDriver] [  833] - Test case being Executed: 2
[INFO ][2016-01-07 16:27:14,801][com.java.SeleniumDriver] [  845] - Test step:59
[INFO ][2016-01-07 16:27:14,801][com.java.SeleniumDriver] [  857] - Datavalue is----------dt:ResetNewPswd
[INFO ][2016-01-07 16:27:14,801][com.java.SeleniumDriver] [  881] - DataField : TXTtxtPasswordConfirm
[INFO ][2016-01-07 16:27:14,801][com.java.SeleniumDriver] [  883] - DataValue : dt:ResetNewPswd
[INFO ][2016-01-07 16:27:14,802][com.java.SeleniumDriver] [  889] - <In Set values of the page>
[INFO ][2016-01-07 16:27:14,802][com.java.SeleniumDriver] [  892] - {Data Fields & Data Values Exist}
[INFO ][2016-01-07 16:27:14,802][com.java.SeleniumDriver] [  894] - --------------------------setting values-----------------------------
[INFO ][2016-01-07 16:27:14,802][com.java.SeleniumDriver] [  897] - Action Type : CLEARANDENTER
[INFO ][2016-01-07 16:27:14,802][com.java.TestType] [ 5895] - value = Password#1
[INFO ][2016-01-07 16:27:17,536][com.java.SeleniumDriver] [  906] -  RESULT true
[INFO ][2016-01-07 16:27:17,536][com.java.SeleniumDriver] [ 1112] - ?   P A S S   ?
[INFO ][2016-01-07 16:27:17,536][com.java.SeleniumDriver] [  832] - ------------------------------------------
[INFO ][2016-01-07 16:27:17,536][com.java.SeleniumDriver] [  833] - Test case being Executed: 2
[INFO ][2016-01-07 16:27:17,536][com.java.SeleniumDriver] [  845] - Test step:60
[INFO ][2016-01-07 16:27:17,537][com.java.SeleniumDriver] [  857] - Datavalue is----------5
[INFO ][2016-01-07 16:27:17,537][com.java.SeleniumDriver] [  881] - DataField : test
[INFO ][2016-01-07 16:27:17,537][com.java.SeleniumDriver] [  883] - DataValue : 5
[INFO ][2016-01-07 16:27:17,537][com.java.SeleniumDriver] [  889] - <In Set values of the page>
[INFO ][2016-01-07 16:27:17,537][com.java.SeleniumDriver] [  892] - {Data Fields & Data Values Exist}
[INFO ][2016-01-07 16:27:17,537][com.java.SeleniumDriver] [  894] - --------------------------setting values-----------------------------
[INFO ][2016-01-07 16:27:17,537][com.java.SeleniumDriver] [  897] - Action Type : WaitTime
[DEBUG][2016-01-07 16:27:17,537][com.java.TestType] [ 5715] - sleepTime: 5000
[INFO ][2016-01-07 16:27:22,537][com.java.SeleniumDriver] [  906] -  RESULT true
[INFO ][2016-01-07 16:27:22,537][com.java.SeleniumDriver] [ 1112] - ?   P A S S   ?
[INFO ][2016-01-07 16:27:22,537][com.java.SeleniumDriver] [  832] - ------------------------------------------
[INFO ][2016-01-07 16:27:22,537][com.java.SeleniumDriver] [  833] - Test case being Executed: 2
[INFO ][2016-01-07 16:27:22,537][com.java.SeleniumDriver] [  845] - Test step:61
[INFO ][2016-01-07 16:27:22,537][com.java.SeleniumDriver] [  857] - Datavalue is----------null
[DEBUG][2016-01-07 16:27:22,537][com.java.SeleniumDriver] [  875] - Exception: null
[INFO ][2016-01-07 16:27:22,537][com.java.SeleniumDriver] [  881] - DataField : BTNrdoResendYes
[INFO ][2016-01-07 16:27:22,537][com.java.SeleniumDriver] [  883] - DataValue : 
[INFO ][2016-01-07 16:27:22,537][com.java.SeleniumDriver] [  889] - <In Set values of the page>
[INFO ][2016-01-07 16:27:22,537][com.java.SeleniumDriver] [  892] - {Data Fields & Data Values Exist}
[INFO ][2016-01-07 16:27:22,537][com.java.SeleniumDriver] [  894] - --------------------------setting values-----------------------------
[INFO ][2016-01-07 16:27:22,538][com.java.SeleniumDriver] [  897] - Action Type : Click
[INFO ][2016-01-07 16:27:22,538][com.java.TestType] [ 6274] - Field ::BTNrdoResendYes
[INFO ][2016-01-07 16:27:22,538][com.java.TestType] [ 5895] - value = 
[INFO ][2016-01-07 16:27:23,538][com.java.TestType] [ 6390] - BEFORE CLICK
[INFO ][2016-01-07 16:27:24,856][com.java.TestType] [ 6397] - Unable to click the object Yes Radio button
[INFO ][2016-01-07 16:27:24,856][com.java.SeleniumDriver] [  906] -  RESULT true
[INFO ][2016-01-07 16:27:24,856][com.java.SeleniumDriver] [ 1112] - ?   P A S S   ?
[INFO ][2016-01-07 16:27:24,856][com.java.SeleniumDriver] [  832] - ------------------------------------------
[INFO ][2016-01-07 16:27:24,856][com.java.SeleniumDriver] [  833] - Test case being Executed: 2
[INFO ][2016-01-07 16:27:24,856][com.java.SeleniumDriver] [  845] - Test step:62
[INFO ][2016-01-07 16:27:24,856][com.java.SeleniumDriver] [  857] - Datavalue is----------null
[DEBUG][2016-01-07 16:27:24,856][com.java.SeleniumDriver] [  875] - Exception: null
[INFO ][2016-01-07 16:27:24,857][com.java.SeleniumDriver] [  881] - DataField : BTNparent
[INFO ][2016-01-07 16:27:24,857][com.java.SeleniumDriver] [  883] - DataValue : 
[INFO ][2016-01-07 16:27:24,857][com.java.SeleniumDriver] [  889] - <In Set values of the page>
[INFO ][2016-01-07 16:27:24,857][com.java.SeleniumDriver] [  892] - {Data Fields & Data Values Exist}
[INFO ][2016-01-07 16:27:24,857][com.java.SeleniumDriver] [  894] - --------------------------setting values-----------------------------
[INFO ][2016-01-07 16:27:24,857][com.java.SeleniumDriver] [  897] - Action Type : SelectFrame
[INFO ][2016-01-07 16:27:24,872][com.java.SeleniumDriver] [  906] -  RESULT true
[INFO ][2016-01-07 16:27:24,872][com.java.SeleniumDriver] [ 1112] - ?   P A S S   ?
[INFO ][2016-01-07 16:27:24,872][com.java.SeleniumDriver] [  832] - ------------------------------------------
[INFO ][2016-01-07 16:27:24,872][com.java.SeleniumDriver] [  833] - Test case being Executed: 2
[INFO ][2016-01-07 16:27:24,874][com.java.SeleniumDriver] [  845] - Test step:63
[INFO ][2016-01-07 16:27:24,874][com.java.SeleniumDriver] [  857] - Datavalue is----------null
[DEBUG][2016-01-07 16:27:24,874][com.java.SeleniumDriver] [  875] - Exception: null
[INFO ][2016-01-07 16:27:24,874][com.java.SeleniumDriver] [  881] - DataField : XPH//span[contains(text(), 'Finished')]
[INFO ][2016-01-07 16:27:24,874][com.java.SeleniumDriver] [  883] - DataValue : 
[INFO ][2016-01-07 16:27:24,874][com.java.SeleniumDriver] [  889] - <In Set values of the page>
[INFO ][2016-01-07 16:27:24,874][com.java.SeleniumDriver] [  892] - {Data Fields & Data Values Exist}
[INFO ][2016-01-07 16:27:24,874][com.java.SeleniumDriver] [  894] - --------------------------setting values-----------------------------
[INFO ][2016-01-07 16:27:24,874][com.java.SeleniumDriver] [  897] - Action Type : Click
[INFO ][2016-01-07 16:27:24,874][com.java.TestType] [ 6274] - Field ::XPH//span[contains(text(), 'Finished')]
[INFO ][2016-01-07 16:27:24,874][com.java.TestType] [ 5895] - value = 
[INFO ][2016-01-07 16:27:25,875][com.java.TestType] [ 6411] - BEFORE CLICK
[INFO ][2016-01-07 16:27:26,756][com.java.TestType] [ 6419] - Unable to click the object Finished button
[INFO ][2016-01-07 16:27:26,756][com.java.SeleniumDriver] [  906] -  RESULT true
[INFO ][2016-01-07 16:27:26,756][com.java.SeleniumDriver] [ 1112] - ?   P A S S   ?
[INFO ][2016-01-07 16:27:26,756][com.java.SeleniumDriver] [  832] - ------------------------------------------
[INFO ][2016-01-07 16:27:26,756][com.java.SeleniumDriver] [  833] - Test case being Executed: 2
[INFO ][2016-01-07 16:27:26,756][com.java.SeleniumDriver] [  845] - Test step:64
[INFO ][2016-01-07 16:27:26,756][com.java.SeleniumDriver] [  857] - Datavalue is----------10
[INFO ][2016-01-07 16:27:26,756][com.java.SeleniumDriver] [  881] - DataField : test
[INFO ][2016-01-07 16:27:26,756][com.java.SeleniumDriver] [  883] - DataValue : 10
[INFO ][2016-01-07 16:27:26,756][com.java.SeleniumDriver] [  889] - <In Set values of the page>
[INFO ][2016-01-07 16:27:26,756][com.java.SeleniumDriver] [  892] - {Data Fields & Data Values Exist}
[INFO ][2016-01-07 16:27:26,756][com.java.SeleniumDriver] [  894] - --------------------------setting values-----------------------------
[INFO ][2016-01-07 16:27:26,757][com.java.SeleniumDriver] [  897] - Action Type : WaitTime
[DEBUG][2016-01-07 16:27:26,757][com.java.TestType] [ 5715] - sleepTime: 10000
[INFO ][2016-01-07 16:27:36,757][com.java.SeleniumDriver] [  906] -  RESULT true
[INFO ][2016-01-07 16:27:36,757][com.java.SeleniumDriver] [ 1112] - ?   P A S S   ?
[INFO ][2016-01-07 16:27:36,757][com.java.SeleniumDriver] [  832] - ------------------------------------------
[INFO ][2016-01-07 16:27:36,757][com.java.SeleniumDriver] [  833] - Test case being Executed: 2
[INFO ][2016-01-07 16:27:36,757][com.java.SeleniumDriver] [  845] - Test step:65
[INFO ][2016-01-07 16:27:36,757][com.java.SeleniumDriver] [  857] - Datavalue is----------5
[INFO ][2016-01-07 16:27:36,757][com.java.SeleniumDriver] [  881] - DataField : BTNframeDialogContent
[INFO ][2016-01-07 16:27:36,757][com.java.SeleniumDriver] [  883] - DataValue : 5
[INFO ][2016-01-07 16:27:36,757][com.java.SeleniumDriver] [  889] - <In Set values of the page>
[INFO ][2016-01-07 16:27:36,757][com.java.SeleniumDriver] [  892] - {Data Fields & Data Values Exist}
[INFO ][2016-01-07 16:27:36,757][com.java.SeleniumDriver] [  894] - --------------------------setting values-----------------------------
[INFO ][2016-01-07 16:27:36,757][com.java.SeleniumDriver] [  897] - Action Type : WaitForElement
[INFO ][2016-01-07 16:27:38,003][com.java.SeleniumDriver] [  906] -  RESULT true
[INFO ][2016-01-07 16:27:38,003][com.java.SeleniumDriver] [ 1112] - ?   P A S S   ?
[INFO ][2016-01-07 16:27:38,004][com.java.SeleniumDriver] [  832] - ------------------------------------------
[INFO ][2016-01-07 16:27:38,004][com.java.SeleniumDriver] [  833] - Test case being Executed: 2
[INFO ][2016-01-07 16:27:38,004][com.java.SeleniumDriver] [  845] - Test step:66
[INFO ][2016-01-07 16:27:38,004][com.java.SeleniumDriver] [  857] - Datavalue is----------null
[DEBUG][2016-01-07 16:27:38,004][com.java.SeleniumDriver] [  875] - Exception: null
[INFO ][2016-01-07 16:27:38,004][com.java.SeleniumDriver] [  881] - DataField : BTNframeDialogContent
[INFO ][2016-01-07 16:27:38,004][com.java.SeleniumDriver] [  883] - DataValue : 
[INFO ][2016-01-07 16:27:38,004][com.java.SeleniumDriver] [  889] - <In Set values of the page>
[INFO ][2016-01-07 16:27:38,004][com.java.SeleniumDriver] [  892] - {Data Fields & Data Values Exist}
[INFO ][2016-01-07 16:27:38,004][com.java.SeleniumDriver] [  894] - --------------------------setting values-----------------------------
[INFO ][2016-01-07 16:27:38,004][com.java.SeleniumDriver] [  897] - Action Type : SelectFrame
[INFO ][2016-01-07 16:27:39,288][com.java.SeleniumDriver] [  906] -  RESULT true
[INFO ][2016-01-07 16:27:39,289][com.java.SeleniumDriver] [ 1112] - ?   P A S S   ?
[INFO ][2016-01-07 16:27:39,289][com.java.SeleniumDriver] [  832] - ------------------------------------------
[INFO ][2016-01-07 16:27:39,289][com.java.SeleniumDriver] [  833] - Test case being Executed: 2
[INFO ][2016-01-07 16:27:39,289][com.java.SeleniumDriver] [  845] - Test step:67
[INFO ][2016-01-07 16:27:39,289][com.java.SeleniumDriver] [  857] - Datavalue is----------null
[DEBUG][2016-01-07 16:27:39,289][com.java.SeleniumDriver] [  875] - Exception: null
[INFO ][2016-01-07 16:27:39,289][com.java.SeleniumDriver] [  881] - DataField : XPH//table[@id="tblUserListing"]//td[contains(text(),'vltest.robot')]
[INFO ][2016-01-07 16:27:39,289][com.java.SeleniumDriver] [  883] - DataValue : 
[INFO ][2016-01-07 16:27:39,289][com.java.SeleniumDriver] [  889] - <In Set values of the page>
[INFO ][2016-01-07 16:27:39,289][com.java.SeleniumDriver] [  892] - {Data Fields & Data Values Exist}
[INFO ][2016-01-07 16:27:39,289][com.java.SeleniumDriver] [  894] - --------------------------setting values-----------------------------
[INFO ][2016-01-07 16:27:39,289][com.java.SeleniumDriver] [  897] - Action Type : WaitForElement
[INFO ][2016-01-07 16:27:39,337][com.java.SeleniumDriver] [  906] -  RESULT true
[INFO ][2016-01-07 16:27:39,337][com.java.SeleniumDriver] [ 1112] - ?   P A S S   ?
[INFO ][2016-01-07 16:27:39,337][com.java.SeleniumDriver] [  832] - ------------------------------------------
[INFO ][2016-01-07 16:27:39,337][com.java.SeleniumDriver] [  833] - Test case being Executed: 2
[INFO ][2016-01-07 16:27:39,337][com.java.SeleniumDriver] [  845] - Test step:68
[INFO ][2016-01-07 16:27:39,337][com.java.SeleniumDriver] [  857] - Datavalue is----------HMVLogin_username
[INFO ][2016-01-07 16:27:39,338][com.java.SeleniumDriver] [  881] - DataField : USR
[INFO ][2016-01-07 16:27:39,338][com.java.SeleniumDriver] [  883] - DataValue : HMVLogin_username
[INFO ][2016-01-07 16:27:39,338][com.java.SeleniumDriver] [  889] - <In Set values of the page>
[INFO ][2016-01-07 16:27:39,338][com.java.SeleniumDriver] [  892] - {Data Fields & Data Values Exist}
[INFO ][2016-01-07 16:27:39,338][com.java.SeleniumDriver] [  894] - --------------------------setting values-----------------------------
[INFO ][2016-01-07 16:27:39,338][com.java.SeleniumDriver] [  897] - Action Type : Verify
[INFO ][2016-01-07 16:27:39,338][com.java.TestType] [ 7269] - field= USR value= HMVLogin_username
[INFO ][2016-01-07 16:27:39,338][com.java.TestType] [ 5895] - value = vltest.robot41758.15019
[INFO ][2016-01-07 16:27:39,387][com.java.SeleniumDriver] [  906] -  RESULT true
[INFO ][2016-01-07 16:27:39,387][com.java.SeleniumDriver] [ 1112] - ?   P A S S   ?
[INFO ][2016-01-07 16:27:39,387][com.java.SeleniumDriver] [  832] - ------------------------------------------
[INFO ][2016-01-07 16:27:39,387][com.java.SeleniumDriver] [  833] - Test case being Executed: 2
[INFO ][2016-01-07 16:27:39,387][com.java.SeleniumDriver] [  845] - Test step:69
[INFO ][2016-01-07 16:27:39,387][com.java.SeleniumDriver] [  857] - Datavalue is----------null
[DEBUG][2016-01-07 16:27:39,387][com.java.SeleniumDriver] [  875] - Exception: null
[INFO ][2016-01-07 16:27:39,388][com.java.SeleniumDriver] [  881] - DataField : BTNparent
[INFO ][2016-01-07 16:27:39,388][com.java.SeleniumDriver] [  883] - DataValue : 
[INFO ][2016-01-07 16:27:39,388][com.java.SeleniumDriver] [  889] - <In Set values of the page>
[INFO ][2016-01-07 16:27:39,388][com.java.SeleniumDriver] [  892] - {Data Fields & Data Values Exist}
[INFO ][2016-01-07 16:27:39,388][com.java.SeleniumDriver] [  894] - --------------------------setting values-----------------------------
[INFO ][2016-01-07 16:27:39,388][com.java.SeleniumDriver] [  897] - Action Type : SelectFrame
[INFO ][2016-01-07 16:27:39,403][com.java.SeleniumDriver] [  906] -  RESULT true
[INFO ][2016-01-07 16:27:39,403][com.java.SeleniumDriver] [ 1112] - ?   P A S S   ?
[INFO ][2016-01-07 16:27:39,403][com.java.SeleniumDriver] [  832] - ------------------------------------------
[INFO ][2016-01-07 16:27:39,403][com.java.SeleniumDriver] [  833] - Test case being Executed: 2
[INFO ][2016-01-07 16:27:39,403][com.java.SeleniumDriver] [  845] - Test step:70
[INFO ][2016-01-07 16:27:39,403][com.java.SeleniumDriver] [  857] - Datavalue is----------5
[INFO ][2016-01-07 16:27:39,403][com.java.SeleniumDriver] [  881] - DataField : XPH//span[contains(text(), 'Finished')]
[INFO ][2016-01-07 16:27:39,403][com.java.SeleniumDriver] [  883] - DataValue : 5
[INFO ][2016-01-07 16:27:39,403][com.java.SeleniumDriver] [  889] - <In Set values of the page>
[INFO ][2016-01-07 16:27:39,403][com.java.SeleniumDriver] [  892] - {Data Fields & Data Values Exist}
[INFO ][2016-01-07 16:27:39,403][com.java.SeleniumDriver] [  894] - --------------------------setting values-----------------------------
[INFO ][2016-01-07 16:27:39,403][com.java.SeleniumDriver] [  897] - Action Type : WaitForElement
[INFO ][2016-01-07 16:27:39,439][com.java.SeleniumDriver] [  906] -  RESULT true
[INFO ][2016-01-07 16:27:39,439][com.java.SeleniumDriver] [ 1112] - ?   P A S S   ?
[INFO ][2016-01-07 16:27:39,439][com.java.SeleniumDriver] [  832] - ------------------------------------------
[INFO ][2016-01-07 16:27:39,439][com.java.SeleniumDriver] [  833] - Test case being Executed: 2
[INFO ][2016-01-07 16:27:39,439][com.java.SeleniumDriver] [  845] - Test step:71
[INFO ][2016-01-07 16:27:39,439][com.java.SeleniumDriver] [  857] - Datavalue is----------null
[DEBUG][2016-01-07 16:27:39,439][com.java.SeleniumDriver] [  875] - Exception: null
[INFO ][2016-01-07 16:27:39,439][com.java.SeleniumDriver] [  881] - DataField : XPH//span[contains(text(), 'Finished')]
[INFO ][2016-01-07 16:27:39,440][com.java.SeleniumDriver] [  883] - DataValue : 
[INFO ][2016-01-07 16:27:39,440][com.java.SeleniumDriver] [  889] - <In Set values of the page>
[INFO ][2016-01-07 16:27:39,440][com.java.SeleniumDriver] [  892] - {Data Fields & Data Values Exist}
[INFO ][2016-01-07 16:27:39,440][com.java.SeleniumDriver] [  894] - --------------------------setting values-----------------------------
[INFO ][2016-01-07 16:27:39,440][com.java.SeleniumDriver] [  897] - Action Type : Click
[INFO ][2016-01-07 16:27:39,440][com.java.TestType] [ 6274] - Field ::XPH//span[contains(text(), 'Finished')]
[INFO ][2016-01-07 16:27:39,440][com.java.TestType] [ 5895] - value = 
[INFO ][2016-01-07 16:27:40,440][com.java.TestType] [ 6411] - BEFORE CLICK
[INFO ][2016-01-07 16:27:41,427][com.java.TestType] [ 6419] - Unable to click the object Finished button
[INFO ][2016-01-07 16:27:41,427][com.java.SeleniumDriver] [  906] -  RESULT true
[INFO ][2016-01-07 16:27:41,427][com.java.SeleniumDriver] [ 1112] - ?   P A S S   ?
[INFO ][2016-01-07 16:27:41,427][com.java.SeleniumDriver] [  832] - ------------------------------------------
[INFO ][2016-01-07 16:27:41,427][com.java.SeleniumDriver] [  833] - Test case being Executed: 2
[INFO ][2016-01-07 16:27:41,427][com.java.SeleniumDriver] [  845] - Test step:72
[INFO ][2016-01-07 16:27:41,427][com.java.SeleniumDriver] [  857] - Datavalue is----------10
[INFO ][2016-01-07 16:27:41,427][com.java.SeleniumDriver] [  881] - DataField : XPH//div[contains(text(), 'My Dashboard')]
[INFO ][2016-01-07 16:27:41,427][com.java.SeleniumDriver] [  883] - DataValue : 10
[INFO ][2016-01-07 16:27:41,427][com.java.SeleniumDriver] [  889] - <In Set values of the page>
[INFO ][2016-01-07 16:27:41,427][com.java.SeleniumDriver] [  892] - {Data Fields & Data Values Exist}
[INFO ][2016-01-07 16:27:41,427][com.java.SeleniumDriver] [  894] - --------------------------setting values-----------------------------
[INFO ][2016-01-07 16:27:41,427][com.java.SeleniumDriver] [  897] - Action Type : WAITFORELEMENT
[INFO ][2016-01-07 16:27:41,463][com.java.SeleniumDriver] [  906] -  RESULT true
[INFO ][2016-01-07 16:27:41,463][com.java.SeleniumDriver] [ 1112] - ?   P A S S   ?
[INFO ][2016-01-07 16:27:41,463][com.java.SeleniumDriver] [  832] - ------------------------------------------
[INFO ][2016-01-07 16:27:41,463][com.java.SeleniumDriver] [  833] - Test case being Executed: 2
[INFO ][2016-01-07 16:27:41,463][com.java.SeleniumDriver] [  845] - Test step:73
[INFO ][2016-01-07 16:27:41,464][com.java.SeleniumDriver] [  857] - Datavalue is----------Concept#3:1-2
[INFO ][2016-01-07 16:27:41,464][com.java.SeleniumDriver] [  881] - DataField : test
[INFO ][2016-01-07 16:27:41,464][com.java.SeleniumDriver] [  883] - DataValue : Concept#3:1-2
[INFO ][2016-01-07 16:27:41,464][com.java.SeleniumDriver] [  889] - <In Set values of the page>
[INFO ][2016-01-07 16:27:41,464][com.java.SeleniumDriver] [  892] - {Data Fields & Data Values Exist}
[INFO ][2016-01-07 16:27:41,464][com.java.SeleniumDriver] [  894] - --------------------------setting values-----------------------------
[INFO ][2016-01-07 16:27:41,464][com.java.SeleniumDriver] [  897] - Action Type : ExecuteTestCase
[INFO ][2016-01-07 16:27:41,464][com.java.TestType] [  437] - The Concept sheet name is ---------- Concept
[INFO ][2016-01-07 16:27:41,464][com.java.TestType] [  440] - The Concept ID  is ---------- 3
[DEBUG][2016-01-07 16:27:41,464][com.java.TestType] [  444] - Steps being executted in the Concept are: 1:2
[INFO ][2016-01-07 16:27:41,464][com.java.TestType] [  451] - Test data details path ---------- D:\BankersDashboard\TestInputs\TestData.xls
[INFO ][2016-01-07 16:27:41,491][com.java.TestType] [  482] -  str(1) = 3
[INFO ][2016-01-07 16:27:41,491][com.java.TestType] [  485] - Test case Id is---3
[INFO ][2016-01-07 16:27:41,491][com.java.TestType] [  487] - 3
[INFO ][2016-01-07 16:27:41,492][com.java.TestType] [  482] -  str(2) = 1
[INFO ][2016-01-07 16:27:41,493][com.java.TestType] [  482] -  str(1) = 3
[INFO ][2016-01-07 16:27:41,494][com.java.TestType] [  485] - Test case Id is---3
[INFO ][2016-01-07 16:27:41,494][com.java.TestType] [  487] - 3
[INFO ][2016-01-07 16:27:41,494][com.java.TestType] [  482] -  str(2) = 2
[INFO ][2016-01-07 16:27:41,494][com.java.TestType] [10822] - Looping 1TCID = 3
[DEBUG][2016-01-07 16:27:41,494][com.java.TestType] [10863] - Concept ID:3 :: Step being Executed: 3::1
[INFO ][2016-01-07 16:27:41,494][com.java.TestType] [10901] - dataFields : test
[DEBUG][2016-01-07 16:27:41,494][com.java.TestType] [10907] - <In Set values of the page>
[DEBUG][2016-01-07 16:27:41,495][com.java.TestType] [10912] - {Data Fields & Data Values Exist}
[INFO ][2016-01-07 16:27:41,495][com.java.TestType] [10918] - --------------------------setting values-----------------------------
[INFO ][2016-01-07 16:27:41,495][com.java.TestType] [10921] - Action Type : Logout
[INFO ][2016-01-07 16:27:43,690][com.java.TestType] [ 6274] - Field ::CNF
[INFO ][2016-01-07 16:27:43,690][com.java.TestType] [ 5895] - value = OK
[INFO ][2016-01-07 16:27:46,002][com.java.TestType] [ 6407] - Click the object confirmation
[INFO ][2016-01-07 16:27:46,003][com.java.TestType] [ 6408] - Unable to click the object confirmation
[DEBUG][2016-01-07 16:27:47,273][com.java.SeleniumDriver] [  426] - Hub ip address is-------172.17.68.34
[INFO ][2016-01-07 16:27:47,273][com.java.SeleniumDriver] [  452] - Grid URL:http://172.17.68.34:4444/wd/hub
[INFO ][2016-01-07 16:27:47,273][com.java.SeleniumDriver] [  453] - Capability:Capabilities [{platform=ANY, ensureCleanSession=true, ignoreProtectedModeSettings=true, acceptSslCerts=true, ignoreZoomSetting=true, browserName=internet explorer, browserstack.ie.noFlash=true, version=null}]
[ERROR][2016-01-07 16:27:48,275][com.java.SeleniumDriver] [  498] - Unable invoke browser in grid:Could not start a new session. Possible causes are invalid address of the remote server or browser start-up failure.
Build info: version: '2.48.2', revision: '41bccdd', time: '2015-10-09 19:59:12'
System info: host: 'FVTIII438F1D', ip: '172.17.68.34', os.name: 'Windows 7', os.arch: 'x86', os.version: '6.1', java.version: '1.7.0_55'
Driver info: driver.version: SeleniumDriver
[INFO ][2016-01-07 16:27:48,276][com.java.SeleniumDriver] [  500] - Executing on local machine
[INFO ][2016-01-07 16:27:58,131][com.java.TestType] [10940] -  RESULT true
[INFO ][2016-01-07 16:27:58,131][com.java.TestType] [11057] - ?   P A S S   ?
[DEBUG][2016-01-07 16:27:58,131][com.java.TestType] [10863] - Concept ID:3 :: Step being Executed: 3::2
[INFO ][2016-01-07 16:27:58,131][com.java.TestType] [10901] - dataFields : test
[DEBUG][2016-01-07 16:27:58,131][com.java.TestType] [10907] - <In Set values of the page>
[DEBUG][2016-01-07 16:27:58,131][com.java.TestType] [10912] - {Data Fields & Data Values Exist}
[INFO ][2016-01-07 16:27:58,131][com.java.TestType] [10918] - --------------------------setting values-----------------------------
[INFO ][2016-01-07 16:27:58,131][com.java.TestType] [10921] - Action Type : WaitTime
[DEBUG][2016-01-07 16:27:58,131][com.java.TestType] [ 5715] - sleepTime: 2000
[INFO ][2016-01-07 16:28:00,132][com.java.TestType] [10940] -  RESULT true
[INFO ][2016-01-07 16:28:00,132][com.java.TestType] [11057] - ?   P A S S   ?
[INFO ][2016-01-07 16:28:00,132][com.java.TestType] [11128] - Looping End......
[INFO ][2016-01-07 16:28:00,135][com.java.SeleniumDriver] [  906] -  RESULT true
[INFO ][2016-01-07 16:28:00,135][com.java.SeleniumDriver] [ 1112] - ?   P A S S   ?
[INFO ][2016-01-07 16:28:00,136][com.java.SeleniumDriver] [  832] - ------------------------------------------
[INFO ][2016-01-07 16:28:00,136][com.java.SeleniumDriver] [  833] - Test case being Executed: 2
[INFO ][2016-01-07 16:28:00,136][com.java.SeleniumDriver] [  845] - Test step:74
[INFO ][2016-01-07 16:28:00,136][com.java.SeleniumDriver] [  857] - Datavalue is----------40
[INFO ][2016-01-07 16:28:00,136][com.java.SeleniumDriver] [  881] - DataField : test
[INFO ][2016-01-07 16:28:00,136][com.java.SeleniumDriver] [  883] - DataValue : 40
[INFO ][2016-01-07 16:28:00,136][com.java.SeleniumDriver] [  889] - <In Set values of the page>
[INFO ][2016-01-07 16:28:00,136][com.java.SeleniumDriver] [  892] - {Data Fields & Data Values Exist}
[INFO ][2016-01-07 16:28:00,136][com.java.SeleniumDriver] [  894] - --------------------------setting values-----------------------------
[INFO ][2016-01-07 16:28:00,136][com.java.SeleniumDriver] [  897] - Action Type : WaitTime
[DEBUG][2016-01-07 16:28:00,136][com.java.TestType] [ 5715] - sleepTime: 40000
[INFO ][2016-01-07 16:28:40,136][com.java.SeleniumDriver] [  906] -  RESULT true
[INFO ][2016-01-07 16:28:40,136][com.java.SeleniumDriver] [ 1112] - ?   P A S S   ?
[INFO ][2016-01-07 16:28:40,136][com.java.SeleniumDriver] [  832] - ------------------------------------------
[INFO ][2016-01-07 16:28:40,136][com.java.SeleniumDriver] [  833] - Test case being Executed: 2
[INFO ][2016-01-07 16:28:40,136][com.java.SeleniumDriver] [  845] - Test step:75
[INFO ][2016-01-07 16:28:40,136][com.java.SeleniumDriver] [  857] - Datavalue is----------dt:HTTPSURL
[INFO ][2016-01-07 16:28:40,136][com.java.SeleniumDriver] [  881] - DataField : test
[INFO ][2016-01-07 16:28:40,136][com.java.SeleniumDriver] [  883] - DataValue : dt:HTTPSURL
[INFO ][2016-01-07 16:28:40,136][com.java.SeleniumDriver] [  889] - <In Set values of the page>
[INFO ][2016-01-07 16:28:40,136][com.java.SeleniumDriver] [  892] - {Data Fields & Data Values Exist}
[INFO ][2016-01-07 16:28:40,136][com.java.SeleniumDriver] [  894] - --------------------------setting values-----------------------------
[INFO ][2016-01-07 16:28:40,136][com.java.SeleniumDriver] [  897] - Action Type : OpenURL
[INFO ][2016-01-07 16:28:40,137][com.java.TestType] [ 5895] - value = https://clients-xuat.bankersdashboard.com
[INFO ][2016-01-07 16:28:40,137][com.java.TestType] [  353] - Open URL : https://clients-xuat.bankersdashboard.com
[INFO ][2016-01-07 16:28:40,774][com.java.SeleniumDriver] [  906] -  RESULT true
[INFO ][2016-01-07 16:28:40,774][com.java.SeleniumDriver] [ 1112] - ?   P A S S   ?
[INFO ][2016-01-07 16:28:40,774][com.java.SeleniumDriver] [  832] - ------------------------------------------
[INFO ][2016-01-07 16:28:40,774][com.java.SeleniumDriver] [  833] - Test case being Executed: 2
[INFO ][2016-01-07 16:28:40,774][com.java.SeleniumDriver] [  845] - Test step:76
[INFO ][2016-01-07 16:28:40,774][com.java.SeleniumDriver] [  857] - Datavalue is----------15
[INFO ][2016-01-07 16:28:40,775][com.java.SeleniumDriver] [  881] - DataField : TXTusername
[INFO ][2016-01-07 16:28:40,775][com.java.SeleniumDriver] [  883] - DataValue : 15
[INFO ][2016-01-07 16:28:40,775][com.java.SeleniumDriver] [  889] - <In Set values of the page>
[INFO ][2016-01-07 16:28:40,775][com.java.SeleniumDriver] [  892] - {Data Fields & Data Values Exist}
[INFO ][2016-01-07 16:28:40,775][com.java.SeleniumDriver] [  894] - --------------------------setting values-----------------------------
[INFO ][2016-01-07 16:28:40,775][com.java.SeleniumDriver] [  897] - Action Type : WAITFORELEMENT
[INFO ][2016-01-07 16:28:42,944][com.java.SeleniumDriver] [  906] -  RESULT true
[INFO ][2016-01-07 16:28:42,945][com.java.SeleniumDriver] [ 1112] - ?   P A S S   ?
[INFO ][2016-01-07 16:28:42,945][com.java.SeleniumDriver] [  832] - ------------------------------------------
[INFO ][2016-01-07 16:28:42,945][com.java.SeleniumDriver] [  833] - Test case being Executed: 2
[INFO ][2016-01-07 16:28:42,945][com.java.SeleniumDriver] [  845] - Test step:77
[INFO ][2016-01-07 16:28:42,945][com.java.SeleniumDriver] [  857] - Datavalue is----------HMVLogin_username
[INFO ][2016-01-07 16:28:42,945][com.java.SeleniumDriver] [  881] - DataField : TXTusername
[INFO ][2016-01-07 16:28:42,945][com.java.SeleniumDriver] [  883] - DataValue : HMVLogin_username
[INFO ][2016-01-07 16:28:42,945][com.java.SeleniumDriver] [  889] - <In Set values of the page>
[INFO ][2016-01-07 16:28:42,945][com.java.SeleniumDriver] [  892] - {Data Fields & Data Values Exist}
[INFO ][2016-01-07 16:28:42,945][com.java.SeleniumDriver] [  894] - --------------------------setting values-----------------------------
[INFO ][2016-01-07 16:28:42,945][com.java.SeleniumDriver] [  897] - Action Type : CLEARANDENTER
[INFO ][2016-01-07 16:28:42,945][com.java.TestType] [ 5895] - value = vltest.robot41758.15019
[INFO ][2016-01-07 16:28:47,676][com.java.SeleniumDriver] [  906] -  RESULT true
[INFO ][2016-01-07 16:28:47,676][com.java.SeleniumDriver] [ 1112] - ?   P A S S   ?
[INFO ][2016-01-07 16:28:47,678][com.java.SeleniumDriver] [  832] - ------------------------------------------
[INFO ][2016-01-07 16:28:47,678][com.java.SeleniumDriver] [  833] - Test case being Executed: 2
[INFO ][2016-01-07 16:28:47,678][com.java.SeleniumDriver] [  845] - Test step:78
[INFO ][2016-01-07 16:28:47,678][com.java.SeleniumDriver] [  857] - Datavalue is----------dt:ResetNewPswd
[INFO ][2016-01-07 16:28:47,678][com.java.SeleniumDriver] [  881] - DataField : TXTpassword
[INFO ][2016-01-07 16:28:47,678][com.java.SeleniumDriver] [  883] - DataValue : dt:ResetNewPswd
[INFO ][2016-01-07 16:28:47,678][com.java.SeleniumDriver] [  889] - <In Set values of the page>
[INFO ][2016-01-07 16:28:47,678][com.java.SeleniumDriver] [  892] - {Data Fields & Data Values Exist}
[INFO ][2016-01-07 16:28:47,678][com.java.SeleniumDriver] [  894] - --------------------------setting values-----------------------------
[INFO ][2016-01-07 16:28:47,678][com.java.SeleniumDriver] [  897] - Action Type : CLEARANDENTER
[INFO ][2016-01-07 16:28:47,678][com.java.TestType] [ 5895] - value = Password#1
[INFO ][2016-01-07 16:28:52,520][com.java.SeleniumDriver] [  906] -  RESULT true
[INFO ][2016-01-07 16:28:52,520][com.java.SeleniumDriver] [ 1112] - ?   P A S S   ?
[INFO ][2016-01-07 16:28:52,520][com.java.SeleniumDriver] [  832] - ------------------------------------------
[INFO ][2016-01-07 16:28:52,520][com.java.SeleniumDriver] [  833] - Test case being Executed: 2
[INFO ][2016-01-07 16:28:52,520][com.java.SeleniumDriver] [  845] - Test step:79
[INFO ][2016-01-07 16:28:52,520][com.java.SeleniumDriver] [  857] - Datavalue is----------null
[DEBUG][2016-01-07 16:28:52,520][com.java.SeleniumDriver] [  875] - Exception: null
[INFO ][2016-01-07 16:28:52,520][com.java.SeleniumDriver] [  881] - DataField : XPH//button[@type='submit']
[INFO ][2016-01-07 16:28:52,520][com.java.SeleniumDriver] [  883] - DataValue : 
[INFO ][2016-01-07 16:28:52,520][com.java.SeleniumDriver] [  889] - <In Set values of the page>
[INFO ][2016-01-07 16:28:52,521][com.java.SeleniumDriver] [  892] - {Data Fields & Data Values Exist}
[INFO ][2016-01-07 16:28:52,521][com.java.SeleniumDriver] [  894] - --------------------------setting values-----------------------------
[INFO ][2016-01-07 16:28:52,521][com.java.SeleniumDriver] [  897] - Action Type : Click
[INFO ][2016-01-07 16:28:52,521][com.java.TestType] [ 6274] - Field ::XPH//button[@type='submit']
[INFO ][2016-01-07 16:28:52,521][com.java.TestType] [ 5895] - value = 
[INFO ][2016-01-07 16:28:53,521][com.java.TestType] [ 6411] - BEFORE CLICK
[INFO ][2016-01-07 16:28:54,461][com.java.TestType] [ 6419] - Unable to click the object Login
[INFO ][2016-01-07 16:28:54,461][com.java.SeleniumDriver] [  906] -  RESULT true
[INFO ][2016-01-07 16:28:54,461][com.java.SeleniumDriver] [ 1112] - ?   P A S S   ?
[INFO ][2016-01-07 16:28:54,461][com.java.SeleniumDriver] [  832] - ------------------------------------------
[INFO ][2016-01-07 16:28:54,461][com.java.SeleniumDriver] [  833] - Test case being Executed: 2
[INFO ][2016-01-07 16:28:54,461][com.java.SeleniumDriver] [  845] - Test step:80
[INFO ][2016-01-07 16:28:54,461][com.java.SeleniumDriver] [  857] - Datavalue is----------20
[INFO ][2016-01-07 16:28:54,461][com.java.SeleniumDriver] [  881] - DataField : test
[INFO ][2016-01-07 16:28:54,461][com.java.SeleniumDriver] [  883] - DataValue : 20
[INFO ][2016-01-07 16:28:54,461][com.java.SeleniumDriver] [  889] - <In Set values of the page>
[INFO ][2016-01-07 16:28:54,461][com.java.SeleniumDriver] [  892] - {Data Fields & Data Values Exist}
[INFO ][2016-01-07 16:28:54,461][com.java.SeleniumDriver] [  894] - --------------------------setting values-----------------------------
[INFO ][2016-01-07 16:28:54,461][com.java.SeleniumDriver] [  897] - Action Type : WaitTime
[DEBUG][2016-01-07 16:28:54,462][com.java.TestType] [ 5715] - sleepTime: 20000
[INFO ][2016-01-07 16:29:14,462][com.java.SeleniumDriver] [  906] -  RESULT true
[INFO ][2016-01-07 16:29:14,462][com.java.SeleniumDriver] [ 1112] - ?   P A S S   ?
[INFO ][2016-01-07 16:29:14,462][com.java.SeleniumDriver] [  832] - ------------------------------------------
[INFO ][2016-01-07 16:29:14,462][com.java.SeleniumDriver] [  833] - Test case being Executed: 2
[INFO ][2016-01-07 16:29:14,462][com.java.SeleniumDriver] [  845] - Test step:81
[INFO ][2016-01-07 16:29:14,462][com.java.SeleniumDriver] [  857] - Datavalue is----------Banker'sDashboard
[INFO ][2016-01-07 16:29:14,462][com.java.SeleniumDriver] [  881] - DataField : TTL
[INFO ][2016-01-07 16:29:14,462][com.java.SeleniumDriver] [  883] - DataValue : Banker'sDashboard
[INFO ][2016-01-07 16:29:14,462][com.java.SeleniumDriver] [  889] - <In Set values of the page>
[INFO ][2016-01-07 16:29:14,462][com.java.SeleniumDriver] [  892] - {Data Fields & Data Values Exist}
[INFO ][2016-01-07 16:29:14,462][com.java.SeleniumDriver] [  894] - --------------------------setting values-----------------------------
[INFO ][2016-01-07 16:29:14,462][com.java.SeleniumDriver] [  897] - Action Type : SelectWindow
[INFO ][2016-01-07 16:29:27,066][com.java.SeleniumDriver] [  906] -  RESULT true
[INFO ][2016-01-07 16:29:27,066][com.java.SeleniumDriver] [ 1112] - ?   P A S S   ?
[INFO ][2016-01-07 16:29:27,066][com.java.SeleniumDriver] [  832] - ------------------------------------------
[INFO ][2016-01-07 16:29:27,066][com.java.SeleniumDriver] [  833] - Test case being Executed: 2
[INFO ][2016-01-07 16:29:27,066][com.java.SeleniumDriver] [  845] - Test step:82
[INFO ][2016-01-07 16:29:27,066][com.java.SeleniumDriver] [  857] - Datavalue is----------10
[INFO ][2016-01-07 16:29:27,067][com.java.SeleniumDriver] [  881] - DataField : XPH//div[contains(text(), 'My Dashboard')]
[INFO ][2016-01-07 16:29:27,067][com.java.SeleniumDriver] [  883] - DataValue : 10
[INFO ][2016-01-07 16:29:27,067][com.java.SeleniumDriver] [  889] - <In Set values of the page>
[INFO ][2016-01-07 16:29:27,067][com.java.SeleniumDriver] [  892] - {Data Fields & Data Values Exist}
[INFO ][2016-01-07 16:29:27,067][com.java.SeleniumDriver] [  894] - --------------------------setting values-----------------------------
[INFO ][2016-01-07 16:29:27,067][com.java.SeleniumDriver] [  897] - Action Type : WAITFORELEMENT
[DEBUG][2016-01-07 16:33:04,316][com.java.TestType] [ 6929] - //div[contains(text(), 'My Dashboard')]   :: Element not Found
[INFO ][2016-01-07 16:33:04,316][com.java.SeleniumDriver] [  906] -  RESULT false
[INFO ][2016-01-07 16:33:04,316][com.java.SeleniumDriver] [  953] - ?   F A I L   ?
[INFO ][2016-01-07 16:33:04,316][com.java.SeleniumDriver] [  961] - Browser Type : IE10
[INFO ][2016-01-07 16:33:04,317][com.java.SeleniumDriver] [  962] - Adding Failed case2
[INFO ][2016-01-07 16:33:04,949][com.java.SeleniumDriver] [ 1076] - failedCases = 2
[ERROR][2016-01-07 16:33:04,949][com.java.SeleniumDriver] [ 1575] - Platform Errors : Our apologies...::We have encountered an issue with your request.::Our apologies?:We encountered an issue with your request.
[INFO ][2016-01-07 16:33:04,949][com.java.SeleniumDriver] [ 1579] - Length =3
[ERROR][2016-01-07 16:33:04,949][com.java.SeleniumDriver] [ 1582] - Error 0 = Our apologies...
[ERROR][2016-01-07 16:33:04,975][com.java.SeleniumDriver] [ 1582] - Error 1 = We have encountered an issue with your request.
[ERROR][2016-01-07 16:33:05,000][com.java.SeleniumDriver] [ 1582] - Error 2 = Our apologies?:We encountered an issue with your request.
[INFO ][2016-01-07 16:33:05,026][com.java.SeleniumDriver] [ 1593] - strError:
[DEBUG][2016-01-07 16:33:05,041][com.java.SeleniumDriver] [ 1224] - Case found
[DEBUG][2016-01-07 16:33:05,041][com.java.SeleniumDriver] [ 1229] - Incrementing ReportCounters[0]:2
[INFO ][2016-01-07 16:33:05,041][com.java.SeleniumDriver] [ 1248] - The results are-------------------[2, 82, Admin: Users: Manage Users: Reset User Password, Fail, 
Test case failed at Step No. :: 82   Error Message ::  //div[contains(text(), 'My Dashboard')]   :: Element not Found. Screen Shot : D:\BankersDashboard\TestReports\010716\2_010716_163304_IE10.png, Thu Jan 07 16:33:05 IST 2016]
[INFO ][2016-01-07 16:33:05,041][com.java.SeleniumDriver] [ 1252] - End time is-------9 min 28 sec
[INFO ][2016-01-07 16:33:05,041][com.java.SeleniumDriver] [ 1253] - The results are-------------------[2, 82, Admin: Users: Manage Users: Reset User Password, Fail, 
Test case failed at Step No. :: 82   Error Message ::  //div[contains(text(), 'My Dashboard')]   :: Element not Found. Screen Shot : D:\BankersDashboard\TestReports\010716\2_010716_163304_IE10.png, Thu Jan 07 16:33:05 IST 2016]
[DEBUG][2016-01-07 16:33:05,041][com.java.ImportnExport.ExportTestResultsExcel] [  222] - testResultPath = D:\BankersDashboard/TestReports/Test Results_BankersDashBoard_010716_162338_IE10_First Bank.xls
[DEBUG][2016-01-07 16:33:05,042][com.java.ImportnExport.ExportTestResultsExcel] [  223] - browser is------------IE10
[DEBUG][2016-01-07 16:33:05,044][com.java.ImportnExport.ExportTestResultsExcel] [  270] - result.size() = 6
[DEBUG][2016-01-07 16:33:05,044][com.java.ImportnExport.ExportTestResultsExcel] [  274] - No of rows in sheet=2
[DEBUG][2016-01-07 16:33:05,044][com.java.ImportnExport.ExportTestResultsExcel] [  301] - ..in export..2
[DEBUG][2016-01-07 16:33:05,044][com.java.ImportnExport.ExportTestResultsExcel] [  301] - ..in export..Admin: Users: Manage Users: Reset User Password
[DEBUG][2016-01-07 16:33:05,044][com.java.ImportnExport.ExportTestResultsExcel] [  301] - ..in export..Fail
[DEBUG][2016-01-07 16:33:05,044][com.java.ImportnExport.ExportTestResultsExcel] [  301] - ..in export..
Test case failed at Step No. :: 82   Error Message ::  //div[contains(text(), 'My Dashboard')]   :: Element not Found. Screen Shot : D:\BankersDashboard\TestReports\010716\2_010716_163304_IE10.png
[DEBUG][2016-01-07 16:33:05,044][com.java.ImportnExport.ExportTestResultsExcel] [  301] - ..in export..Thu Jan 07 16:33:05 IST 2016
[INFO ][2016-01-07 16:33:05,046][com.java.SeleniumDriver] [ 1313] - out loop:1 size:3 TestCases:[1, 2, 3] testcases:[1, 2, 3]
[INFO ][2016-01-07 16:33:05,046][com.java.ImportnExport.ImportTestDataDetailsExcel] [   49] - test data details path===== D:\BankersDashboard\TestInputs\TestData.xls
[INFO ][2016-01-07 16:34:26,751][com.java.SeleniumDriver] [  832] - ------------------------------------------
[INFO ][2016-01-07 16:34:26,751][com.java.SeleniumDriver] [  833] - Test case being Executed: 3
[INFO ][2016-01-07 16:34:26,751][com.java.SeleniumDriver] [  845] - Test step:1
[INFO ][2016-01-07 16:34:26,751][com.java.SeleniumDriver] [  857] - Datavalue is----------Logout
[INFO ][2016-01-07 16:34:26,751][com.java.SeleniumDriver] [  881] - DataField : BTN
[INFO ][2016-01-07 16:34:26,751][com.java.SeleniumDriver] [  883] - DataValue : Logout
[INFO ][2016-01-07 16:34:26,751][com.java.SeleniumDriver] [  889] - <In Set values of the page>
[INFO ][2016-01-07 16:34:26,751][com.java.SeleniumDriver] [  892] - {Data Fields & Data Values Exist}
[INFO ][2016-01-07 16:34:26,751][com.java.SeleniumDriver] [  894] - --------------------------setting values-----------------------------
[INFO ][2016-01-07 16:34:26,751][com.java.SeleniumDriver] [  897] - Action Type : Verify
[INFO ][2016-01-07 16:34:26,751][com.java.TestType] [ 7269] - field= BTN value= Logout
[INFO ][2016-01-07 16:34:26,751][com.java.TestType] [ 5895] - value = Logout
[DEBUG][2016-01-07 16:35:02,431][com.java.TestType] [ 6929] - Logout   :: Element not Found
[ERROR][2016-01-07 16:35:19,252][com.java.TestType] [ 7982] - Assertion Error: 
[INFO ][2016-01-07 16:35:19,252][com.java.SeleniumDriver] [  906] -  RESULT false
[INFO ][2016-01-07 16:35:19,252][com.java.SeleniumDriver] [  953] - ?   F A I L   ?
[INFO ][2016-01-07 16:35:19,252][com.java.SeleniumDriver] [  961] - Browser Type : IE10
[INFO ][2016-01-07 16:35:19,252][com.java.SeleniumDriver] [  962] - Adding Failed case3
[DEBUG][2016-01-07 16:35:19,856][com.java.SeleniumDriver] [ 1030] -  tdd.getCondition() IF:3:Next
[INFO ][2016-01-07 16:35:19,856][com.java.SeleniumDriver] [ 1034] - Continue next step...
[INFO ][2016-01-07 16:35:19,857][com.java.SeleniumDriver] [  832] - ------------------------------------------
[INFO ][2016-01-07 16:35:19,857][com.java.SeleniumDriver] [  833] - Test case being Executed: 3
[INFO ][2016-01-07 16:35:19,857][com.java.SeleniumDriver] [  845] - Test step:2
[INFO ][2016-01-07 16:35:19,857][com.java.SeleniumDriver] [  857] - Datavalue is----------Concept#1:1-16
[INFO ][2016-01-07 16:35:19,857][com.java.SeleniumDriver] [  881] - DataField : test
[INFO ][2016-01-07 16:35:19,857][com.java.SeleniumDriver] [  883] - DataValue : Concept#1:1-16
[INFO ][2016-01-07 16:35:19,857][com.java.SeleniumDriver] [  889] - <In Set values of the page>
[INFO ][2016-01-07 16:35:19,857][com.java.SeleniumDriver] [  892] - {Data Fields & Data Values Exist}
[INFO ][2016-01-07 16:35:19,857][com.java.SeleniumDriver] [  894] - --------------------------setting values-----------------------------
[INFO ][2016-01-07 16:35:19,857][com.java.SeleniumDriver] [  897] - Action Type : ExecuteTestCase
[INFO ][2016-01-07 16:35:19,858][com.java.TestType] [  437] - The Concept sheet name is ---------- Concept
[INFO ][2016-01-07 16:35:19,858][com.java.TestType] [  440] - The Concept ID  is ---------- 1
[DEBUG][2016-01-07 16:35:19,858][com.java.TestType] [  444] - Steps being executted in the Concept are: 1:16
[INFO ][2016-01-07 16:35:19,858][com.java.TestType] [  451] - Test data details path ---------- D:\BankersDashboard\TestInputs\TestData.xls
[INFO ][2016-01-07 16:35:19,887][com.java.TestType] [  482] -  str(1) = 1
[INFO ][2016-01-07 16:35:19,887][com.java.TestType] [  485] - Test case Id is---1
[INFO ][2016-01-07 16:35:19,887][com.java.TestType] [  487] - 1
[INFO ][2016-01-07 16:35:19,887][com.java.TestType] [  482] -  str(2) = 1
[INFO ][2016-01-07 16:35:19,888][com.java.TestType] [  482] -  str(1) = 1
[INFO ][2016-01-07 16:35:19,888][com.java.TestType] [  485] - Test case Id is---1
[INFO ][2016-01-07 16:35:19,888][com.java.TestType] [  487] - 1
[INFO ][2016-01-07 16:35:19,888][com.java.TestType] [  482] -  str(2) = 2
[INFO ][2016-01-07 16:35:19,889][com.java.TestType] [  482] -  str(1) = 1
[INFO ][2016-01-07 16:35:19,889][com.java.TestType] [  485] - Test case Id is---1
[INFO ][2016-01-07 16:35:19,889][com.java.TestType] [  487] - 1
[INFO ][2016-01-07 16:35:19,889][com.java.TestType] [  482] -  str(2) = 3
[INFO ][2016-01-07 16:35:19,890][com.java.TestType] [  482] -  str(1) = 1
[INFO ][2016-01-07 16:35:19,890][com.java.TestType] [  485] - Test case Id is---1
[INFO ][2016-01-07 16:35:19,891][com.java.TestType] [  487] - 1
[INFO ][2016-01-07 16:35:19,891][com.java.TestType] [  482] -  str(2) = 4
[INFO ][2016-01-07 16:35:19,891][com.java.TestType] [  482] -  str(1) = 1
[INFO ][2016-01-07 16:35:19,891][com.java.TestType] [  485] - Test case Id is---1
[INFO ][2016-01-07 16:35:19,891][com.java.TestType] [  487] - 1
[INFO ][2016-01-07 16:35:19,891][com.java.TestType] [  482] -  str(2) = 5
[INFO ][2016-01-07 16:35:19,892][com.java.TestType] [  482] -  str(1) = 1
[INFO ][2016-01-07 16:35:19,892][com.java.TestType] [  485] - Test case Id is---1
[INFO ][2016-01-07 16:35:19,892][com.java.TestType] [  487] - 1
[INFO ][2016-01-07 16:35:19,892][com.java.TestType] [  482] -  str(2) = 6
[INFO ][2016-01-07 16:35:19,893][com.java.TestType] [  482] -  str(1) = 1
[INFO ][2016-01-07 16:35:19,893][com.java.TestType] [  485] - Test case Id is---1
[INFO ][2016-01-07 16:35:19,893][com.java.TestType] [  487] - 1
[INFO ][2016-01-07 16:35:19,893][com.java.TestType] [  482] -  str(2) = 7
[INFO ][2016-01-07 16:35:19,894][com.java.TestType] [  482] -  str(1) = 1
[INFO ][2016-01-07 16:35:19,894][com.java.TestType] [  485] - Test case Id is---1
[INFO ][2016-01-07 16:35:19,894][com.java.TestType] [  487] - 1
[INFO ][2016-01-07 16:35:19,894][com.java.TestType] [  482] -  str(2) = 8
[INFO ][2016-01-07 16:35:19,894][com.java.TestType] [  482] -  str(1) = 1
[INFO ][2016-01-07 16:35:19,894][com.java.TestType] [  485] - Test case Id is---1
[INFO ][2016-01-07 16:35:19,895][com.java.TestType] [  487] - 1
[INFO ][2016-01-07 16:35:19,895][com.java.TestType] [  482] -  str(2) = 9
[INFO ][2016-01-07 16:35:19,895][com.java.TestType] [  482] -  str(1) = 1
[INFO ][2016-01-07 16:35:19,895][com.java.TestType] [  485] - Test case Id is---1
[INFO ][2016-01-07 16:35:19,895][com.java.TestType] [  487] - 1
[INFO ][2016-01-07 16:35:19,895][com.java.TestType] [  482] -  str(2) = 10
[INFO ][2016-01-07 16:35:19,896][com.java.TestType] [  482] -  str(1) = 1
[INFO ][2016-01-07 16:35:19,896][com.java.TestType] [  485] - Test case Id is---1
[INFO ][2016-01-07 16:35:19,896][com.java.TestType] [  487] - 1
[INFO ][2016-01-07 16:35:19,896][com.java.TestType] [  482] -  str(2) = 11
[INFO ][2016-01-07 16:35:19,897][com.java.TestType] [  482] -  str(1) = 1
[INFO ][2016-01-07 16:35:19,897][com.java.TestType] [  485] - Test case Id is---1
[INFO ][2016-01-07 16:35:19,897][com.java.TestType] [  487] - 1
[INFO ][2016-01-07 16:35:19,897][com.java.TestType] [  482] -  str(2) = 12
[INFO ][2016-01-07 16:35:19,898][com.java.TestType] [  482] -  str(1) = 1
[INFO ][2016-01-07 16:35:19,898][com.java.TestType] [  485] - Test case Id is---1
[INFO ][2016-01-07 16:35:19,898][com.java.TestType] [  487] - 1
[INFO ][2016-01-07 16:35:19,898][com.java.TestType] [  482] -  str(2) = 13
[INFO ][2016-01-07 16:35:19,899][com.java.TestType] [  482] -  str(1) = 1
[INFO ][2016-01-07 16:35:19,899][com.java.TestType] [  485] - Test case Id is---1
[INFO ][2016-01-07 16:35:19,899][com.java.TestType] [  487] - 1
[INFO ][2016-01-07 16:35:19,899][com.java.TestType] [  482] -  str(2) = 14
[INFO ][2016-01-07 16:35:19,900][com.java.TestType] [  482] -  str(1) = 1
[INFO ][2016-01-07 16:35:19,900][com.java.TestType] [  485] - Test case Id is---1
[INFO ][2016-01-07 16:35:19,900][com.java.TestType] [  487] - 1
[INFO ][2016-01-07 16:35:19,900][com.java.TestType] [  482] -  str(2) = 15
[INFO ][2016-01-07 16:35:19,901][com.java.TestType] [  482] -  str(1) = 1
[INFO ][2016-01-07 16:35:19,901][com.java.TestType] [  485] - Test case Id is---1
[INFO ][2016-01-07 16:35:19,901][com.java.TestType] [  487] - 1
[INFO ][2016-01-07 16:35:19,901][com.java.TestType] [  482] -  str(2) = 16
[INFO ][2016-01-07 16:35:19,902][com.java.TestType] [10822] - Looping 1TCID = 1
[DEBUG][2016-01-07 16:35:19,902][com.java.TestType] [10863] - Concept ID:1 :: Step being Executed: 1::1
[INFO ][2016-01-07 16:35:19,902][com.java.TestType] [10901] - dataFields : TXTusername
[DEBUG][2016-01-07 16:35:19,902][com.java.TestType] [10907] - <In Set values of the page>
[DEBUG][2016-01-07 16:35:19,902][com.java.TestType] [10912] - {Data Fields & Data Values Exist}
[INFO ][2016-01-07 16:35:19,902][com.java.TestType] [10918] - --------------------------setting values-----------------------------
[INFO ][2016-01-07 16:35:19,902][com.java.TestType] [10921] - Action Type : CLEARANDENTER
[INFO ][2016-01-07 16:35:19,902][com.java.TestType] [ 5895] - value = valuelabs.ie10.15019
[ERROR][2016-01-07 16:35:36,714][com.java.TestType] [ 6873] - Exception in clearAndEnter: null
[DEBUG][2016-01-07 16:35:36,714][com.java.TestType] [ 6877] - For ENTER action type the data field should be TXT
[INFO ][2016-01-07 16:35:36,714][com.java.TestType] [10940] -  RESULT false
[INFO ][2016-01-07 16:35:36,715][com.java.TestType] [10978] - ?   F A I L   ?
[DEBUG][2016-01-07 16:35:36,715][com.java.TestType] [10981] - Browser Type : IE10
[INFO ][2016-01-07 16:35:36,718][com.java.SeleniumDriver] [  906] -  RESULT false
[INFO ][2016-01-07 16:35:36,718][com.java.SeleniumDriver] [  953] - ?   F A I L   ?
[INFO ][2016-01-07 16:35:36,718][com.java.SeleniumDriver] [  961] - Browser Type : IE10
[INFO ][2016-01-07 16:35:36,718][com.java.SeleniumDriver] [  962] - Adding Failed case3
[INFO ][2016-01-07 16:35:37,326][com.java.SeleniumDriver] [ 1076] - failedCases = 2-3
[ERROR][2016-01-07 16:35:37,326][com.java.SeleniumDriver] [ 1575] - Platform Errors : Our apologies...::We have encountered an issue with your request.::Our apologies?:We encountered an issue with your request.
[INFO ][2016-01-07 16:35:37,326][com.java.SeleniumDriver] [ 1579] - Length =3
[ERROR][2016-01-07 16:35:37,326][com.java.SeleniumDriver] [ 1582] - Error 0 = Our apologies...
[ERROR][2016-01-07 16:35:37,342][com.java.SeleniumDriver] [ 1582] - Error 1 = We have encountered an issue with your request.
[ERROR][2016-01-07 16:35:37,357][com.java.SeleniumDriver] [ 1582] - Error 2 = Our apologies?:We encountered an issue with your request.
[INFO ][2016-01-07 16:35:37,382][com.java.SeleniumDriver] [ 1593] - strError:
[DEBUG][2016-01-07 16:35:37,397][com.java.SeleniumDriver] [ 1224] - Case found
[DEBUG][2016-01-07 16:35:37,397][com.java.SeleniumDriver] [ 1229] - Incrementing ReportCounters[0]:3
[INFO ][2016-01-07 16:35:37,397][com.java.SeleniumDriver] [ 1248] - The results are-------------------[3, 2, Admin: Users: Manage Users: Set Access for Users, Fail, 
Test case failed at Step No. :: 2   Error Message ::  In CONCEPT: Test case failed at Step No. :: 1   Error Message ::  For ENTER action type the data field should be TXT. Screen Shot : D:\BankersDashboard\TestReports\010716\3_010716_163536_IE10.png, Thu Jan 07 16:35:37 IST 2016]
[INFO ][2016-01-07 16:35:37,397][com.java.SeleniumDriver] [ 1252] - End time is-------12 min 0 sec
[INFO ][2016-01-07 16:35:37,397][com.java.SeleniumDriver] [ 1253] - The results are-------------------[3, 2, Admin: Users: Manage Users: Set Access for Users, Fail, 
Test case failed at Step No. :: 2   Error Message ::  In CONCEPT: Test case failed at Step No. :: 1   Error Message ::  For ENTER action type the data field should be TXT. Screen Shot : D:\BankersDashboard\TestReports\010716\3_010716_163536_IE10.png, Thu Jan 07 16:35:37 IST 2016]
[DEBUG][2016-01-07 16:35:37,397][com.java.ImportnExport.ExportTestResultsExcel] [  222] - testResultPath = D:\BankersDashboard/TestReports/Test Results_BankersDashBoard_010716_162338_IE10_First Bank.xls
[DEBUG][2016-01-07 16:35:37,397][com.java.ImportnExport.ExportTestResultsExcel] [  223] - browser is------------IE10
[DEBUG][2016-01-07 16:35:37,400][com.java.ImportnExport.ExportTestResultsExcel] [  270] - result.size() = 6
[DEBUG][2016-01-07 16:35:37,400][com.java.ImportnExport.ExportTestResultsExcel] [  274] - No of rows in sheet=3
[DEBUG][2016-01-07 16:35:37,400][com.java.ImportnExport.ExportTestResultsExcel] [  301] - ..in export..3
[DEBUG][2016-01-07 16:35:37,400][com.java.ImportnExport.ExportTestResultsExcel] [  301] - ..in export..Admin: Users: Manage Users: Set Access for Users
[DEBUG][2016-01-07 16:35:37,400][com.java.ImportnExport.ExportTestResultsExcel] [  301] - ..in export..Fail
[DEBUG][2016-01-07 16:35:37,401][com.java.ImportnExport.ExportTestResultsExcel] [  301] - ..in export..
Test case failed at Step No. :: 2   Error Message ::  In CONCEPT: Test case failed at Step No. :: 1   Error Message ::  For ENTER action type the data field should be TXT. Screen Shot : D:\BankersDashboard\TestReports\010716\3_010716_163536_IE10.png
[DEBUG][2016-01-07 16:35:37,401][com.java.ImportnExport.ExportTestResultsExcel] [  301] - ..in export..Thu Jan 07 16:35:37 IST 2016
[INFO ][2016-01-07 16:35:37,402][com.java.SeleniumDriver] [ 1313] - out loop:2 size:3 TestCases:[1, 2, 3] testcases:[1, 2, 3]
[INFO ][2016-01-07 16:35:39,404][com.java.SeleniumDriver] [ 1356] - Total Number of Cases:3
[INFO ][2016-01-07 16:35:39,404][com.java.TemplateGenerator] [  302] - Executed:3
[INFO ][2016-01-07 16:35:39,404][com.java.TemplateGenerator] [  303] - Passed:1
[INFO ][2016-01-07 16:35:39,404][com.java.TemplateGenerator] [  304] - Failed:2
[INFO ][2016-01-07 16:35:39,404][com.java.TemplateGenerator] [  305] - Skipeed:0
[INFO ][2016-01-07 16:35:39,404][com.java.TemplateGenerator] [  306] - Application URL:https://clients-xuat.bankersdashboard.com
[INFO ][2016-01-07 16:35:39,404][com.java.TemplateGenerator] [  307] - Start Time:010716_162338
[INFO ][2016-01-07 16:35:39,404][com.java.TemplateGenerator] [  308] -  Creating HTML Report 
[ERROR][2016-01-07 16:35:39,405][com.java.TemplateGenerator] [  409] - Unparseable date: "Thu Jan 07 04:23:38 IST 2016"
[INFO ][2016-01-07 16:35:39,405][com.java.TemplateGenerator] [  654] -  Exporting case :: 1
[INFO ][2016-01-07 16:35:39,405][com.java.TemplateGenerator] [  654] -  Exporting case :: 2
[INFO ][2016-01-07 16:35:39,405][com.java.TemplateGenerator] [  654] -  Exporting case :: 3
[INFO ][2016-01-07 16:35:39,410][com.java.SeleniumDriver] [ 1405] - End Time:010716_163539
[INFO ][2016-01-07 16:35:39,410][com.java.SeleniumDriver] [ 1408] - Data in Test Execution Details:{1=PASS, 2=FAILTest case failed at Step No. :: 82   Error Message ::  //div[contains(text(), 'My Dashboard')]   :: Element not Found, 3=FAILTest case failed at Step No. :: 2   Error Message ::  In CONCEPT: Test case failed at Step No. :: 1   Error Message ::  For ENTER action type the data field should be TXT}
[INFO ][2016-01-07 16:35:39,410][com.java.SeleniumDriver] [ 1409] - Data in Failed Execution Deatils:{}
[INFO ][2016-01-07 16:35:39,410][com.java.SeleniumDriver] [ 1411] - ReportCounter:Total:3 :: PASS: 1 ::FAIL: 2
[INFO ][2016-01-07 16:35:39,410][com.java.SeleniumDriver] [ 1412] - FailedReportCounter:Total:0 :: PASS: 0 ::FAIL: 0
[INFO ][2016-01-07 16:35:39,418][com.java.EmailTestReport] [   63] - Sending report mail details:
[INFO ][2016-01-07 16:35:39,418][com.java.EmailTestReport] [   80] - Excel Report Path:D:\BankersDashboard/TestReports/Test Results_BankersDashBoard_010716_162338_IE10_First Bank.xls
[INFO ][2016-01-07 16:35:39,418][com.java.EmailTestReport] [   81] - HTML Report Path:D:\BankersDashboard//TestReports//Test Results_BankersDashBoard_010716_162338_IE10_First Bank.html
[INFO ][2016-01-07 16:35:39,418][com.java.EmailTestReport] [   82] - smtpHostName:mail01.valuelabs.com
[INFO ][2016-01-07 16:35:39,418][com.java.EmailTestReport] [   83] - Recipient:venkateswararao.gubbala@valuelabs.com;
[INFO ][2016-01-07 16:35:39,418][com.java.EmailTestReport] [   84] - From:venkateswararao.gubbala@valuelabs.com;
[INFO ][2016-01-07 16:35:39,418][com.java.EmailTestReport] [   85] - Subject:Deluxe Corp Bankers Dashboard Automation Test Report - First Bank - IE10
[INFO ][2016-01-07 16:35:39,435][com.java.EmailTestReport] [  143] -  Added venkateswararao.gubbala@valuelabs.com
[INFO ][2016-01-07 16:35:42,555][com.java.SeleniumDriver] [  722] - quitting the browser 
[INFO ][2016-01-07 16:35:44,230][com.java.SeleniumDriver] [  264] - Execution Completed Stopping the thread
