[INFO ][2015-11-05 12:42:04,941][com.java.SeleniumDriver] [  213] - Execute Failed Casesfalse
[INFO ][2015-11-05 12:42:04,945][com.java.SeleniumDriver] [  214] - Browser: IE11
[INFO ][2015-11-05 12:42:04,946][com.java.SeleniumDriver] [  215] - [1, 11]
[INFO ][2015-11-05 12:42:04,946][com.java.SeleniumDriver] [  216] - Total TestCases:2
[INFO ][2015-11-05 12:42:04,946][com.java.SeleniumDriver] [  217] -  Reading Properties from Property File 
[DEBUG][2015-11-05 12:42:04,946][com.java.SeleniumDriver] [  238] - url : https://clients-xuat.bankersdashboard.com
[INFO ][2015-11-05 12:42:04,947][com.java.ImportnExport.ExportTestResultsExcel] [  116] - Time Stamp Thu Nov 05 12:42:04 IST 2015
[INFO ][2015-11-05 12:42:04,947][com.java.ImportnExport.ExportTestResultsExcel] [  175] - OUT FILE : D:\BankersDashboard/TestReports/Test Results_BankersDashBoard_110515_124204_IE11_Simmons First National Bank.xls
[INFO ][2015-11-05 12:42:04,975][com.java.ImportnExport.ExportTestResultsExcel] [  180] - Test Result file is created
[DEBUG][2015-11-05 12:42:05,073][com.java.SeleniumDriver] [  425] - Hub ip address is-------172.17.68.34
[INFO ][2015-11-05 12:42:05,073][com.java.SeleniumDriver] [  451] - Grid URL:http://172.17.68.34:4444/wd/hub
[INFO ][2015-11-05 12:42:05,074][com.java.SeleniumDriver] [  452] - Capability:Capabilities [{platform=ANY, ensureCleanSession=true, ignoreProtectedModeSettings=true, acceptSslCerts=true, ignoreZoomSetting=true, browserName=internet explorer, browserstack.ie.noFlash=true, version=Node1}]
[ERROR][2015-11-05 12:42:06,377][com.java.SeleniumDriver] [  496] - Unable invoke browser in grid:Could not start a new session. Possible causes are invalid address of the remote server or browser start-up failure.
Build info: version: '2.48.2', revision: '41bccdd', time: '2015-10-09 19:59:12'
System info: host: 'FVTIII438F1D', ip: '172.17.68.34', os.name: 'Windows 7', os.arch: 'x86', os.version: '6.1', java.version: '1.7.0_55'
Driver info: driver.version: SeleniumDriver
[INFO ][2015-11-05 12:42:06,377][com.java.SeleniumDriver] [  498] - Executing on local machine
[INFO ][2015-11-05 12:42:15,097][com.java.SeleniumDriver] [  248] - IE11is opened
[INFO ][2015-11-05 12:42:15,923][com.java.SeleniumDriver] [  752] - Test cases to be executed are: [1, 11]
[INFO ][2015-11-05 12:42:15,923][com.java.ImportnExport.ImportTestDataDetailsExcel] [   49] - test data details path===== D:\BankersDashboard\TestInputs\TestData.xls
[INFO ][2015-11-05 12:42:26,960][com.java.SeleniumDriver] [  788] - ------------------------------------------
[INFO ][2015-11-05 12:42:26,960][com.java.SeleniumDriver] [  789] - Test case being Executed: 1
[INFO ][2015-11-05 12:42:26,978][com.java.SeleniumDriver] [  800] - Test step:1
[INFO ][2015-11-05 12:42:26,978][com.java.SeleniumDriver] [  812] - Datavalue is----------Concept#1:1-14
[INFO ][2015-11-05 12:42:26,978][com.java.SeleniumDriver] [  836] - DataField : test
[INFO ][2015-11-05 12:42:26,978][com.java.SeleniumDriver] [  838] - DataValue : Concept#1:1-14
[INFO ][2015-11-05 12:42:26,978][com.java.SeleniumDriver] [  844] - <In Set values of the page>
[INFO ][2015-11-05 12:42:26,978][com.java.SeleniumDriver] [  847] - {Data Fields & Data Values Exist}
[INFO ][2015-11-05 12:42:26,978][com.java.SeleniumDriver] [  849] - --------------------------setting values-----------------------------
[INFO ][2015-11-05 12:42:26,978][com.java.SeleniumDriver] [  852] - Action Type : ExecuteTestCase
[INFO ][2015-11-05 12:42:26,997][com.java.TestType] [  411] - The Concept sheet name is ---------- Concept
[INFO ][2015-11-05 12:42:26,997][com.java.TestType] [  414] - The Concept ID  is ---------- 1
[DEBUG][2015-11-05 12:42:26,997][com.java.TestType] [  418] - Steps being executted in the Concept are: 1:14
[INFO ][2015-11-05 12:42:26,997][com.java.TestType] [  425] - Test data details path ---------- D:\BankersDashboard\TestInputs\TestData.xls
[INFO ][2015-11-05 12:42:27,028][com.java.TestType] [  456] -  str(1) = 1
[INFO ][2015-11-05 12:42:27,028][com.java.TestType] [  459] - Test case Id is---1
[INFO ][2015-11-05 12:42:27,028][com.java.TestType] [  461] - 1
[INFO ][2015-11-05 12:42:27,029][com.java.TestType] [  456] -  str(2) = 1
[INFO ][2015-11-05 12:42:27,031][com.java.TestType] [  508] - row values are--------{1=com.java.Objects.TestDataDetails@1245c4f}
[INFO ][2015-11-05 12:42:27,031][com.java.TestType] [  456] -  str(1) = 1
[INFO ][2015-11-05 12:42:27,033][com.java.TestType] [  459] - Test case Id is---1
[INFO ][2015-11-05 12:42:27,033][com.java.TestType] [  461] - 1
[INFO ][2015-11-05 12:42:27,033][com.java.TestType] [  456] -  str(2) = 2
[INFO ][2015-11-05 12:42:27,034][com.java.TestType] [  508] - row values are--------{1=com.java.Objects.TestDataDetails@1245c4f, 2=com.java.Objects.TestDataDetails@1fea0cf}
[INFO ][2015-11-05 12:42:27,035][com.java.TestType] [  456] -  str(1) = 1
[INFO ][2015-11-05 12:42:27,035][com.java.TestType] [  459] - Test case Id is---1
[INFO ][2015-11-05 12:42:27,035][com.java.TestType] [  461] - 1
[INFO ][2015-11-05 12:42:27,035][com.java.TestType] [  456] -  str(2) = 3
[INFO ][2015-11-05 12:42:27,036][com.java.TestType] [  508] - row values are--------{1=com.java.Objects.TestDataDetails@1245c4f, 2=com.java.Objects.TestDataDetails@1fea0cf, 3=com.java.Objects.TestDataDetails@1cbc824}
[INFO ][2015-11-05 12:42:27,036][com.java.TestType] [  456] -  str(1) = 1
[INFO ][2015-11-05 12:42:27,036][com.java.TestType] [  459] - Test case Id is---1
[INFO ][2015-11-05 12:42:27,037][com.java.TestType] [  461] - 1
[INFO ][2015-11-05 12:42:27,037][com.java.TestType] [  456] -  str(2) = 4
[INFO ][2015-11-05 12:42:27,038][com.java.TestType] [  508] - row values are--------{1=com.java.Objects.TestDataDetails@1245c4f, 2=com.java.Objects.TestDataDetails@1fea0cf, 3=com.java.Objects.TestDataDetails@1cbc824, 4=com.java.Objects.TestDataDetails@2e714}
[INFO ][2015-11-05 12:42:27,038][com.java.TestType] [  456] -  str(1) = 1
[INFO ][2015-11-05 12:42:27,038][com.java.TestType] [  459] - Test case Id is---1
[INFO ][2015-11-05 12:42:27,038][com.java.TestType] [  461] - 1
[INFO ][2015-11-05 12:42:27,039][com.java.TestType] [  456] -  str(2) = 5
[INFO ][2015-11-05 12:42:27,040][com.java.TestType] [  508] - row values are--------{1=com.java.Objects.TestDataDetails@1245c4f, 2=com.java.Objects.TestDataDetails@1fea0cf, 3=com.java.Objects.TestDataDetails@1cbc824, 4=com.java.Objects.TestDataDetails@2e714, 5=com.java.Objects.TestDataDetails@1f1ac71}
[INFO ][2015-11-05 12:42:27,040][com.java.TestType] [  456] -  str(1) = 1
[INFO ][2015-11-05 12:42:27,040][com.java.TestType] [  459] - Test case Id is---1
[INFO ][2015-11-05 12:42:27,040][com.java.TestType] [  461] - 1
[INFO ][2015-11-05 12:42:27,040][com.java.TestType] [  456] -  str(2) = 6
[INFO ][2015-11-05 12:42:27,041][com.java.TestType] [  508] - row values are--------{1=com.java.Objects.TestDataDetails@1245c4f, 2=com.java.Objects.TestDataDetails@1fea0cf, 3=com.java.Objects.TestDataDetails@1cbc824, 4=com.java.Objects.TestDataDetails@2e714, 5=com.java.Objects.TestDataDetails@1f1ac71, 6=com.java.Objects.TestDataDetails@cfceab}
[INFO ][2015-11-05 12:42:27,041][com.java.TestType] [  456] -  str(1) = 1
[INFO ][2015-11-05 12:42:27,041][com.java.TestType] [  459] - Test case Id is---1
[INFO ][2015-11-05 12:42:27,041][com.java.TestType] [  461] - 1
[INFO ][2015-11-05 12:42:27,041][com.java.TestType] [  456] -  str(2) = 7
[INFO ][2015-11-05 12:42:27,044][com.java.TestType] [  508] - row values are--------{1=com.java.Objects.TestDataDetails@1245c4f, 2=com.java.Objects.TestDataDetails@1fea0cf, 3=com.java.Objects.TestDataDetails@1cbc824, 4=com.java.Objects.TestDataDetails@2e714, 5=com.java.Objects.TestDataDetails@1f1ac71, 6=com.java.Objects.TestDataDetails@cfceab, 7=com.java.Objects.TestDataDetails@5cc86a}
[INFO ][2015-11-05 12:42:27,044][com.java.TestType] [  456] -  str(1) = 1
[INFO ][2015-11-05 12:42:27,044][com.java.TestType] [  459] - Test case Id is---1
[INFO ][2015-11-05 12:42:27,044][com.java.TestType] [  461] - 1
[INFO ][2015-11-05 12:42:27,044][com.java.TestType] [  456] -  str(2) = 8
[INFO ][2015-11-05 12:42:27,045][com.java.TestType] [  508] - row values are--------{1=com.java.Objects.TestDataDetails@1245c4f, 2=com.java.Objects.TestDataDetails@1fea0cf, 3=com.java.Objects.TestDataDetails@1cbc824, 4=com.java.Objects.TestDataDetails@2e714, 5=com.java.Objects.TestDataDetails@1f1ac71, 6=com.java.Objects.TestDataDetails@cfceab, 7=com.java.Objects.TestDataDetails@5cc86a, 8=com.java.Objects.TestDataDetails@27430a}
[INFO ][2015-11-05 12:42:27,045][com.java.TestType] [  456] -  str(1) = 1
[INFO ][2015-11-05 12:42:27,045][com.java.TestType] [  459] - Test case Id is---1
[INFO ][2015-11-05 12:42:27,045][com.java.TestType] [  461] - 1
[INFO ][2015-11-05 12:42:27,045][com.java.TestType] [  456] -  str(2) = 9
[INFO ][2015-11-05 12:42:27,046][com.java.TestType] [  508] - row values are--------{1=com.java.Objects.TestDataDetails@1245c4f, 2=com.java.Objects.TestDataDetails@1fea0cf, 3=com.java.Objects.TestDataDetails@1cbc824, 4=com.java.Objects.TestDataDetails@2e714, 5=com.java.Objects.TestDataDetails@1f1ac71, 6=com.java.Objects.TestDataDetails@cfceab, 7=com.java.Objects.TestDataDetails@5cc86a, 8=com.java.Objects.TestDataDetails@27430a, 9=com.java.Objects.TestDataDetails@598587}
[INFO ][2015-11-05 12:42:27,046][com.java.TestType] [  456] -  str(1) = 1
[INFO ][2015-11-05 12:42:27,046][com.java.TestType] [  459] - Test case Id is---1
[INFO ][2015-11-05 12:42:27,047][com.java.TestType] [  461] - 1
[INFO ][2015-11-05 12:42:27,047][com.java.TestType] [  456] -  str(2) = 10
[INFO ][2015-11-05 12:42:27,047][com.java.TestType] [  508] - row values are--------{1=com.java.Objects.TestDataDetails@1245c4f, 2=com.java.Objects.TestDataDetails@1fea0cf, 3=com.java.Objects.TestDataDetails@1cbc824, 4=com.java.Objects.TestDataDetails@2e714, 5=com.java.Objects.TestDataDetails@1f1ac71, 6=com.java.Objects.TestDataDetails@cfceab, 7=com.java.Objects.TestDataDetails@5cc86a, 8=com.java.Objects.TestDataDetails@27430a, 9=com.java.Objects.TestDataDetails@598587, 10=com.java.Objects.TestDataDetails@168e0e7}
[INFO ][2015-11-05 12:42:27,048][com.java.TestType] [  456] -  str(1) = 1
[INFO ][2015-11-05 12:42:27,048][com.java.TestType] [  459] - Test case Id is---1
[INFO ][2015-11-05 12:42:27,048][com.java.TestType] [  461] - 1
[INFO ][2015-11-05 12:42:27,048][com.java.TestType] [  456] -  str(2) = 11
[INFO ][2015-11-05 12:42:27,049][com.java.TestType] [  508] - row values are--------{1=com.java.Objects.TestDataDetails@1245c4f, 2=com.java.Objects.TestDataDetails@1fea0cf, 3=com.java.Objects.TestDataDetails@1cbc824, 4=com.java.Objects.TestDataDetails@2e714, 5=com.java.Objects.TestDataDetails@1f1ac71, 6=com.java.Objects.TestDataDetails@cfceab, 7=com.java.Objects.TestDataDetails@5cc86a, 8=com.java.Objects.TestDataDetails@27430a, 9=com.java.Objects.TestDataDetails@598587, 10=com.java.Objects.TestDataDetails@168e0e7, 11=com.java.Objects.TestDataDetails@c42e5a}
[INFO ][2015-11-05 12:42:27,049][com.java.TestType] [  456] -  str(1) = 1
[INFO ][2015-11-05 12:42:27,049][com.java.TestType] [  459] - Test case Id is---1
[INFO ][2015-11-05 12:42:27,049][com.java.TestType] [  461] - 1
[INFO ][2015-11-05 12:42:27,049][com.java.TestType] [  456] -  str(2) = 12
[INFO ][2015-11-05 12:42:27,050][com.java.TestType] [  508] - row values are--------{1=com.java.Objects.TestDataDetails@1245c4f, 2=com.java.Objects.TestDataDetails@1fea0cf, 3=com.java.Objects.TestDataDetails@1cbc824, 4=com.java.Objects.TestDataDetails@2e714, 5=com.java.Objects.TestDataDetails@1f1ac71, 6=com.java.Objects.TestDataDetails@cfceab, 7=com.java.Objects.TestDataDetails@5cc86a, 8=com.java.Objects.TestDataDetails@27430a, 9=com.java.Objects.TestDataDetails@598587, 10=com.java.Objects.TestDataDetails@168e0e7, 11=com.java.Objects.TestDataDetails@c42e5a, 12=com.java.Objects.TestDataDetails@9a8e52}
[INFO ][2015-11-05 12:42:27,050][com.java.TestType] [  456] -  str(1) = 1
[INFO ][2015-11-05 12:42:27,050][com.java.TestType] [  459] - Test case Id is---1
[INFO ][2015-11-05 12:42:27,050][com.java.TestType] [  461] - 1
[INFO ][2015-11-05 12:42:27,050][com.java.TestType] [  456] -  str(2) = 13
[INFO ][2015-11-05 12:42:27,051][com.java.TestType] [  508] - row values are--------{1=com.java.Objects.TestDataDetails@1245c4f, 2=com.java.Objects.TestDataDetails@1fea0cf, 3=com.java.Objects.TestDataDetails@1cbc824, 4=com.java.Objects.TestDataDetails@2e714, 5=com.java.Objects.TestDataDetails@1f1ac71, 6=com.java.Objects.TestDataDetails@cfceab, 7=com.java.Objects.TestDataDetails@5cc86a, 8=com.java.Objects.TestDataDetails@27430a, 9=com.java.Objects.TestDataDetails@598587, 10=com.java.Objects.TestDataDetails@168e0e7, 11=com.java.Objects.TestDataDetails@c42e5a, 12=com.java.Objects.TestDataDetails@9a8e52, 13=com.java.Objects.TestDataDetails@170ad95}
[INFO ][2015-11-05 12:42:27,051][com.java.TestType] [  456] -  str(1) = 1
[INFO ][2015-11-05 12:42:27,051][com.java.TestType] [  459] - Test case Id is---1
[INFO ][2015-11-05 12:42:27,051][com.java.TestType] [  461] - 1
[INFO ][2015-11-05 12:42:27,051][com.java.TestType] [  456] -  str(2) = 14
[INFO ][2015-11-05 12:42:27,052][com.java.TestType] [  508] - row values are--------{1=com.java.Objects.TestDataDetails@1245c4f, 2=com.java.Objects.TestDataDetails@1fea0cf, 3=com.java.Objects.TestDataDetails@1cbc824, 4=com.java.Objects.TestDataDetails@2e714, 5=com.java.Objects.TestDataDetails@1f1ac71, 6=com.java.Objects.TestDataDetails@cfceab, 7=com.java.Objects.TestDataDetails@5cc86a, 8=com.java.Objects.TestDataDetails@27430a, 9=com.java.Objects.TestDataDetails@598587, 10=com.java.Objects.TestDataDetails@168e0e7, 11=com.java.Objects.TestDataDetails@c42e5a, 12=com.java.Objects.TestDataDetails@9a8e52, 13=com.java.Objects.TestDataDetails@170ad95, 14=com.java.Objects.TestDataDetails@112c003}
[INFO ][2015-11-05 12:42:27,053][com.java.TestType] [ 7933] - Looping 1TCID = 1
[DEBUG][2015-11-05 12:42:27,053][com.java.TestType] [ 7974] - Concept ID:1 :: Step being Executed: 1::1
[INFO ][2015-11-05 12:42:27,053][com.java.TestType] [ 8012] - dataFields : TXTusername
[DEBUG][2015-11-05 12:42:27,053][com.java.TestType] [ 8018] - <In Set values of the page>
[DEBUG][2015-11-05 12:42:27,053][com.java.TestType] [ 8023] - {Data Fields & Data Values Exist}
[INFO ][2015-11-05 12:42:27,053][com.java.TestType] [ 8029] - --------------------------setting values-----------------------------
[INFO ][2015-11-05 12:42:27,053][com.java.TestType] [ 8032] - Action Type : CLEARANDENTER
[INFO ][2015-11-05 12:42:27,053][com.java.TestType] [ 3784] - value = valuelabs.ie11.03890
[INFO ][2015-11-05 12:42:31,847][com.java.TestType] [ 8051] -  RESULT true
[INFO ][2015-11-05 12:42:31,847][com.java.TestType] [ 8168] - ?   P A S S   ?
[DEBUG][2015-11-05 12:42:31,847][com.java.TestType] [ 7974] - Concept ID:1 :: Step being Executed: 1::2
[INFO ][2015-11-05 12:42:31,847][com.java.TestType] [ 8012] - dataFields : TXTpassword
[DEBUG][2015-11-05 12:42:31,847][com.java.TestType] [ 8018] - <In Set values of the page>
[DEBUG][2015-11-05 12:42:31,847][com.java.TestType] [ 8023] - {Data Fields & Data Values Exist}
[INFO ][2015-11-05 12:42:31,847][com.java.TestType] [ 8029] - --------------------------setting values-----------------------------
[INFO ][2015-11-05 12:42:31,848][com.java.TestType] [ 8032] - Action Type : CLEARANDENTER
[INFO ][2015-11-05 12:42:31,848][com.java.TestType] [ 3784] - value = Password1*
[INFO ][2015-11-05 12:42:36,763][com.java.TestType] [ 8051] -  RESULT true
[INFO ][2015-11-05 12:42:36,763][com.java.TestType] [ 8168] - ?   P A S S   ?
[DEBUG][2015-11-05 12:42:36,763][com.java.TestType] [ 7974] - Concept ID:1 :: Step being Executed: 1::3
[ERROR][2015-11-05 12:42:36,763][com.java.TestType] [ 8007] - Exception: null
[INFO ][2015-11-05 12:42:36,763][com.java.TestType] [ 8012] - dataFields : XPH//button[@type='submit']
[DEBUG][2015-11-05 12:42:36,763][com.java.TestType] [ 8018] - <In Set values of the page>
[DEBUG][2015-11-05 12:42:36,763][com.java.TestType] [ 8023] - {Data Fields & Data Values Exist}
[INFO ][2015-11-05 12:42:36,763][com.java.TestType] [ 8029] - --------------------------setting values-----------------------------
[INFO ][2015-11-05 12:42:36,763][com.java.TestType] [ 8032] - Action Type : Click
[INFO ][2015-11-05 12:42:36,764][com.java.TestType] [ 4097] - Field ::XPH//button[@type='submit']
[INFO ][2015-11-05 12:42:37,764][com.java.TestType] [ 4156] - BEFORE CLICK
[INFO ][2015-11-05 12:42:38,608][com.java.TestType] [ 4164] - Unable to click the object Login
[INFO ][2015-11-05 12:42:38,608][com.java.TestType] [ 8051] -  RESULT true
[INFO ][2015-11-05 12:42:38,608][com.java.TestType] [ 8168] - ?   P A S S   ?
[DEBUG][2015-11-05 12:42:38,608][com.java.TestType] [ 7974] - Concept ID:1 :: Step being Executed: 1::4
[INFO ][2015-11-05 12:42:38,608][com.java.TestType] [ 8012] - dataFields : LNKLogout
[DEBUG][2015-11-05 12:42:38,608][com.java.TestType] [ 8018] - <In Set values of the page>
[DEBUG][2015-11-05 12:42:38,608][com.java.TestType] [ 8023] - {Data Fields & Data Values Exist}
[INFO ][2015-11-05 12:42:38,608][com.java.TestType] [ 8029] - --------------------------setting values-----------------------------
[INFO ][2015-11-05 12:42:38,608][com.java.TestType] [ 8032] - Action Type : WaitForElement
[INFO ][2015-11-05 12:42:53,250][com.java.TestType] [ 8051] -  RESULT true
[INFO ][2015-11-05 12:42:53,250][com.java.TestType] [ 8168] - ?   P A S S   ?
[DEBUG][2015-11-05 12:42:53,250][com.java.TestType] [ 7974] - Concept ID:1 :: Step being Executed: 1::13
[INFO ][2015-11-05 12:42:53,250][com.java.TestType] [ 8012] - dataFields : LNK
[DEBUG][2015-11-05 12:42:53,250][com.java.TestType] [ 8018] - <In Set values of the page>
[DEBUG][2015-11-05 12:42:53,250][com.java.TestType] [ 8023] - {Data Fields & Data Values Exist}
[INFO ][2015-11-05 12:42:53,251][com.java.TestType] [ 8029] - --------------------------setting values-----------------------------
[INFO ][2015-11-05 12:42:53,251][com.java.TestType] [ 8032] - Action Type : Verify
[INFO ][2015-11-05 12:42:53,251][com.java.TestType] [ 4910] - field= LNK value= Logout
[INFO ][2015-11-05 12:42:53,253][com.java.TestType] [ 3784] - value = Logout
[INFO ][2015-11-05 12:42:53,288][com.java.TestType] [ 8051] -  RESULT true
[INFO ][2015-11-05 12:42:53,289][com.java.TestType] [ 8168] - ?   P A S S   ?
[DEBUG][2015-11-05 12:42:53,289][com.java.TestType] [ 7974] - Concept ID:1 :: Step being Executed: 1::14
[INFO ][2015-11-05 12:42:53,289][com.java.TestType] [ 8012] - dataFields : BTN
[DEBUG][2015-11-05 12:42:53,289][com.java.TestType] [ 8018] - <In Set values of the page>
[DEBUG][2015-11-05 12:42:53,289][com.java.TestType] [ 8023] - {Data Fields & Data Values Exist}
[INFO ][2015-11-05 12:42:53,289][com.java.TestType] [ 8029] - --------------------------setting values-----------------------------
[INFO ][2015-11-05 12:42:53,289][com.java.TestType] [ 8032] - Action Type : Verify
[INFO ][2015-11-05 12:42:53,289][com.java.TestType] [ 4910] - field= BTN value= //img[contains(@src,'bdlogo.jpg')]
[INFO ][2015-11-05 12:42:53,289][com.java.TestType] [ 3784] - value = //img[contains(@src,'bdlogo.jpg')]
[INFO ][2015-11-05 12:42:53,322][com.java.TestType] [ 8051] -  RESULT true
[INFO ][2015-11-05 12:42:53,322][com.java.TestType] [ 8168] - ?   P A S S   ?
[INFO ][2015-11-05 12:42:53,322][com.java.TestType] [ 8239] - Looping End......
[INFO ][2015-11-05 12:42:53,326][com.java.SeleniumDriver] [  861] -  RESULT true
[INFO ][2015-11-05 12:42:53,326][com.java.SeleniumDriver] [ 1066] - ?   P A S S   ?
[INFO ][2015-11-05 12:42:53,326][com.java.SeleniumDriver] [  788] - ------------------------------------------
[INFO ][2015-11-05 12:42:53,326][com.java.SeleniumDriver] [  789] - Test case being Executed: 1
[INFO ][2015-11-05 12:42:53,326][com.java.SeleniumDriver] [  800] - Test step:2
[INFO ][2015-11-05 12:42:53,326][com.java.SeleniumDriver] [  812] - Datavalue is----------Concept#2:1-2
[INFO ][2015-11-05 12:42:53,326][com.java.SeleniumDriver] [  836] - DataField : test
[INFO ][2015-11-05 12:42:53,326][com.java.SeleniumDriver] [  838] - DataValue : Concept#2:1-2
[INFO ][2015-11-05 12:42:53,326][com.java.SeleniumDriver] [  844] - <In Set values of the page>
[INFO ][2015-11-05 12:42:53,326][com.java.SeleniumDriver] [  847] - {Data Fields & Data Values Exist}
[INFO ][2015-11-05 12:42:53,326][com.java.SeleniumDriver] [  849] - --------------------------setting values-----------------------------
[INFO ][2015-11-05 12:42:53,328][com.java.SeleniumDriver] [  852] - Action Type : ExecuteTestCase
[INFO ][2015-11-05 12:42:53,329][com.java.TestType] [  411] - The Concept sheet name is ---------- Concept
[INFO ][2015-11-05 12:42:53,329][com.java.TestType] [  414] - The Concept ID  is ---------- 2
[DEBUG][2015-11-05 12:42:53,329][com.java.TestType] [  418] - Steps being executted in the Concept are: 1:2
[INFO ][2015-11-05 12:42:53,329][com.java.TestType] [  425] - Test data details path ---------- D:\BankersDashboard\TestInputs\TestData.xls
[INFO ][2015-11-05 12:42:53,362][com.java.TestType] [  456] -  str(1) = 2
[INFO ][2015-11-05 12:42:53,362][com.java.TestType] [  459] - Test case Id is---2
[INFO ][2015-11-05 12:42:53,362][com.java.TestType] [  461] - 2
[INFO ][2015-11-05 12:42:53,362][com.java.TestType] [  456] -  str(2) = 1
[INFO ][2015-11-05 12:42:53,364][com.java.TestType] [  508] - row values are--------{1=com.java.Objects.TestDataDetails@189e7b8}
[INFO ][2015-11-05 12:42:53,364][com.java.TestType] [  456] -  str(1) = 2
[INFO ][2015-11-05 12:42:53,364][com.java.TestType] [  459] - Test case Id is---2
[INFO ][2015-11-05 12:42:53,364][com.java.TestType] [  461] - 2
[INFO ][2015-11-05 12:42:53,364][com.java.TestType] [  456] -  str(2) = 2
[INFO ][2015-11-05 12:42:53,364][com.java.TestType] [  508] - row values are--------{1=com.java.Objects.TestDataDetails@189e7b8, 2=com.java.Objects.TestDataDetails@1dae4c8}
[INFO ][2015-11-05 12:42:53,365][com.java.TestType] [  456] -  str(1) = 2
[INFO ][2015-11-05 12:42:53,365][com.java.TestType] [  459] - Test case Id is---2
[INFO ][2015-11-05 12:42:53,365][com.java.TestType] [  461] - 2
[INFO ][2015-11-05 12:42:53,365][com.java.TestType] [  456] -  str(2) = 3
[INFO ][2015-11-05 12:42:53,366][com.java.TestType] [  508] - row values are--------{1=com.java.Objects.TestDataDetails@189e7b8, 2=com.java.Objects.TestDataDetails@1dae4c8, 3=com.java.Objects.TestDataDetails@147e045}
[INFO ][2015-11-05 12:42:53,366][com.java.TestType] [ 7933] - Looping 1TCID = 2
[DEBUG][2015-11-05 12:42:53,366][com.java.TestType] [ 7974] - Concept ID:2 :: Step being Executed: 2::1
[INFO ][2015-11-05 12:42:53,366][com.java.TestType] [ 8012] - dataFields : BNK//select[@id='bank']
[DEBUG][2015-11-05 12:42:53,366][com.java.TestType] [ 8018] - <In Set values of the page>
[DEBUG][2015-11-05 12:42:53,367][com.java.TestType] [ 8023] - {Data Fields & Data Values Exist}
[INFO ][2015-11-05 12:42:53,367][com.java.TestType] [ 8029] - --------------------------setting values-----------------------------
[INFO ][2015-11-05 12:42:53,367][com.java.TestType] [ 8032] - Action Type : Select
[INFO ][2015-11-05 12:42:53,367][com.java.TestType] [ 3784] - value = PFC
[INFO ][2015-11-05 12:42:53,564][com.java.TestType] [ 8051] -  RESULT true
[INFO ][2015-11-05 12:42:53,564][com.java.TestType] [ 8168] - ?   P A S S   ?
[DEBUG][2015-11-05 12:42:53,564][com.java.TestType] [ 7974] - Concept ID:2 :: Step being Executed: 2::2
[INFO ][2015-11-05 12:42:53,564][com.java.TestType] [ 8012] - dataFields : LNKLogout
[DEBUG][2015-11-05 12:42:53,564][com.java.TestType] [ 8018] - <In Set values of the page>
[DEBUG][2015-11-05 12:42:53,564][com.java.TestType] [ 8023] - {Data Fields & Data Values Exist}
[INFO ][2015-11-05 12:42:53,564][com.java.TestType] [ 8029] - --------------------------setting values-----------------------------
[INFO ][2015-11-05 12:42:53,565][com.java.TestType] [ 8032] - Action Type : WaitTime
[DEBUG][2015-11-05 12:42:53,565][com.java.TestType] [ 3683] - sleepTime: 5000
[INFO ][2015-11-05 12:42:58,565][com.java.TestType] [ 8051] -  RESULT true
[INFO ][2015-11-05 12:42:58,565][com.java.TestType] [ 8168] - ?   P A S S   ?
[INFO ][2015-11-05 12:42:58,565][com.java.TestType] [ 8239] - Looping End......
[INFO ][2015-11-05 12:42:58,569][com.java.SeleniumDriver] [  861] -  RESULT true
[INFO ][2015-11-05 12:42:58,569][com.java.SeleniumDriver] [ 1066] - ?   P A S S   ?
[INFO ][2015-11-05 12:42:58,569][com.java.SeleniumDriver] [  788] - ------------------------------------------
[INFO ][2015-11-05 12:42:58,569][com.java.SeleniumDriver] [  789] - Test case being Executed: 1
[INFO ][2015-11-05 12:42:58,569][com.java.SeleniumDriver] [  800] - Test step:3
[INFO ][2015-11-05 12:42:58,569][com.java.SeleniumDriver] [  812] - Datavalue is----------2
[INFO ][2015-11-05 12:42:58,569][com.java.SeleniumDriver] [  836] - DataField : XPH//button[contains(text(),'Add Content')]
[INFO ][2015-11-05 12:42:58,569][com.java.SeleniumDriver] [  838] - DataValue : 2
[INFO ][2015-11-05 12:42:58,569][com.java.SeleniumDriver] [  844] - <In Set values of the page>
[INFO ][2015-11-05 12:42:58,569][com.java.SeleniumDriver] [  847] - {Data Fields & Data Values Exist}
[INFO ][2015-11-05 12:42:58,569][com.java.SeleniumDriver] [  849] - --------------------------setting values-----------------------------
[INFO ][2015-11-05 12:42:58,569][com.java.SeleniumDriver] [  852] - Action Type : WAITFORELEMENT
[INFO ][2015-11-05 12:42:58,602][com.java.SeleniumDriver] [  861] -  RESULT true
[INFO ][2015-11-05 12:42:58,602][com.java.SeleniumDriver] [ 1066] - ?   P A S S   ?
[DEBUG][2015-11-05 12:42:58,602][com.java.SeleniumDriver] [ 1168] - Case found
[DEBUG][2015-11-05 12:42:58,602][com.java.SeleniumDriver] [ 1173] - Incrementing ReportCounters[0]:1
[INFO ][2015-11-05 12:42:58,602][com.java.SeleniumDriver] [ 1192] - The results are-------------------[1, 1, Valid Login, Pass, , Thu Nov 05 12:42:53 IST 2015, 1, 2, Valid Login, Pass, , Thu Nov 05 12:42:58 IST 2015, 1, 3, Valid Login, Pass, , Thu Nov 05 12:42:58 IST 2015]
[INFO ][2015-11-05 12:42:58,602][com.java.SeleniumDriver] [ 1196] - End time is-------55 sec
[INFO ][2015-11-05 12:42:58,602][com.java.SeleniumDriver] [ 1197] - The results are-------------------[1, 1, Valid Login, Pass, , Thu Nov 05 12:42:53 IST 2015, 1, 2, Valid Login, Pass, , Thu Nov 05 12:42:58 IST 2015, 1, 3, Valid Login, Pass, , Thu Nov 05 12:42:58 IST 2015]
[DEBUG][2015-11-05 12:42:58,602][com.java.ImportnExport.ExportTestResultsExcel] [  222] - testResultPath = D:\BankersDashboard/TestReports/Test Results_BankersDashBoard_110515_124204_IE11_Simmons First National Bank.xls
[DEBUG][2015-11-05 12:42:58,602][com.java.ImportnExport.ExportTestResultsExcel] [  223] - browser is------------IE11
[DEBUG][2015-11-05 12:42:58,644][com.java.ImportnExport.ExportTestResultsExcel] [  270] - result.size() = 18
[DEBUG][2015-11-05 12:42:58,644][com.java.ImportnExport.ExportTestResultsExcel] [  274] - No of rows in sheet=1
[DEBUG][2015-11-05 12:42:58,644][com.java.ImportnExport.ExportTestResultsExcel] [  301] - ..in export..1
[DEBUG][2015-11-05 12:42:58,644][com.java.ImportnExport.ExportTestResultsExcel] [  301] - ..in export..Valid Login
[DEBUG][2015-11-05 12:42:58,644][com.java.ImportnExport.ExportTestResultsExcel] [  301] - ..in export..Pass
[DEBUG][2015-11-05 12:42:58,644][com.java.ImportnExport.ExportTestResultsExcel] [  301] - ..in export..
[DEBUG][2015-11-05 12:42:58,644][com.java.ImportnExport.ExportTestResultsExcel] [  301] - ..in export..Thu Nov 05 12:42:53 IST 2015
[INFO ][2015-11-05 12:42:58,646][com.java.SeleniumDriver] [ 1255] - out loop:0 size:2 TestCases:[1, 11] testcases:[1, 11]
[INFO ][2015-11-05 12:42:58,648][com.java.ImportnExport.ImportTestDataDetailsExcel] [   49] - test data details path===== D:\BankersDashboard\TestInputs\TestData.xls
[INFO ][2015-11-05 12:43:52,235][com.java.SeleniumDriver] [  788] - ------------------------------------------
[INFO ][2015-11-05 12:43:52,235][com.java.SeleniumDriver] [  789] - Test case being Executed: 11
[INFO ][2015-11-05 12:43:52,235][com.java.SeleniumDriver] [  800] - Test step:1
[INFO ][2015-11-05 12:43:52,235][com.java.SeleniumDriver] [  812] - Datavalue is----------Logout
[INFO ][2015-11-05 12:43:52,235][com.java.SeleniumDriver] [  836] - DataField : BTN
[INFO ][2015-11-05 12:43:52,235][com.java.SeleniumDriver] [  838] - DataValue : Logout
[INFO ][2015-11-05 12:43:52,235][com.java.SeleniumDriver] [  844] - <In Set values of the page>
[INFO ][2015-11-05 12:43:52,235][com.java.SeleniumDriver] [  847] - {Data Fields & Data Values Exist}
[INFO ][2015-11-05 12:43:52,236][com.java.SeleniumDriver] [  849] - --------------------------setting values-----------------------------
[INFO ][2015-11-05 12:43:52,236][com.java.SeleniumDriver] [  852] - Action Type : Verify
[INFO ][2015-11-05 12:43:52,236][com.java.TestType] [ 4910] - field= BTN value= Logout
[INFO ][2015-11-05 12:43:52,236][com.java.TestType] [ 3784] - value = Logout
[INFO ][2015-11-05 12:43:52,270][com.java.SeleniumDriver] [  861] -  RESULT true
[INFO ][2015-11-05 12:43:52,270][com.java.SeleniumDriver] [ 1066] - ?   P A S S   ?
[INFO ][2015-11-05 12:43:52,270][com.java.SeleniumDriver] [ 1108] - step change to 3
[INFO ][2015-11-05 12:43:52,270][com.java.SeleniumDriver] [  788] - ------------------------------------------
[INFO ][2015-11-05 12:43:52,270][com.java.SeleniumDriver] [  789] - Test case being Executed: 11
[INFO ][2015-11-05 12:43:52,270][com.java.SeleniumDriver] [  800] - Test step:3
[INFO ][2015-11-05 12:43:52,270][com.java.SeleniumDriver] [  812] - Datavalue is----------Concept#2:1-2
[INFO ][2015-11-05 12:43:52,270][com.java.SeleniumDriver] [  836] - DataField : test
[INFO ][2015-11-05 12:43:52,271][com.java.SeleniumDriver] [  838] - DataValue : Concept#2:1-2
[INFO ][2015-11-05 12:43:52,271][com.java.SeleniumDriver] [  844] - <In Set values of the page>
[INFO ][2015-11-05 12:43:52,271][com.java.SeleniumDriver] [  847] - {Data Fields & Data Values Exist}
[INFO ][2015-11-05 12:43:52,271][com.java.SeleniumDriver] [  849] - --------------------------setting values-----------------------------
[INFO ][2015-11-05 12:43:52,271][com.java.SeleniumDriver] [  852] - Action Type : ExecuteTestCase
[INFO ][2015-11-05 12:43:52,271][com.java.TestType] [  411] - The Concept sheet name is ---------- Concept
[INFO ][2015-11-05 12:43:52,271][com.java.TestType] [  414] - The Concept ID  is ---------- 2
[DEBUG][2015-11-05 12:43:52,271][com.java.TestType] [  418] - Steps being executted in the Concept are: 1:2
[INFO ][2015-11-05 12:43:52,271][com.java.TestType] [  425] - Test data details path ---------- D:\BankersDashboard\TestInputs\TestData.xls
[INFO ][2015-11-05 12:43:52,301][com.java.TestType] [  456] -  str(1) = 2
[INFO ][2015-11-05 12:43:52,301][com.java.TestType] [  459] - Test case Id is---2
[INFO ][2015-11-05 12:43:52,302][com.java.TestType] [  461] - 2
[INFO ][2015-11-05 12:43:52,302][com.java.TestType] [  456] -  str(2) = 1
[INFO ][2015-11-05 12:43:52,303][com.java.TestType] [  508] - row values are--------{1=com.java.Objects.TestDataDetails@1d0bef0}
[INFO ][2015-11-05 12:43:52,303][com.java.TestType] [  456] -  str(1) = 2
[INFO ][2015-11-05 12:43:52,303][com.java.TestType] [  459] - Test case Id is---2
[INFO ][2015-11-05 12:43:52,303][com.java.TestType] [  461] - 2
[INFO ][2015-11-05 12:43:52,303][com.java.TestType] [  456] -  str(2) = 2
[INFO ][2015-11-05 12:43:52,304][com.java.TestType] [  508] - row values are--------{1=com.java.Objects.TestDataDetails@1d0bef0, 2=com.java.Objects.TestDataDetails@1899fd8}
[INFO ][2015-11-05 12:43:52,304][com.java.TestType] [  456] -  str(1) = 2
[INFO ][2015-11-05 12:43:52,304][com.java.TestType] [  459] - Test case Id is---2
[INFO ][2015-11-05 12:43:52,304][com.java.TestType] [  461] - 2
[INFO ][2015-11-05 12:43:52,304][com.java.TestType] [  456] -  str(2) = 3
[INFO ][2015-11-05 12:43:52,305][com.java.TestType] [  508] - row values are--------{1=com.java.Objects.TestDataDetails@1d0bef0, 2=com.java.Objects.TestDataDetails@1899fd8, 3=com.java.Objects.TestDataDetails@18b92d6}
[INFO ][2015-11-05 12:43:52,305][com.java.TestType] [ 7933] - Looping 1TCID = 2
[DEBUG][2015-11-05 12:43:52,305][com.java.TestType] [ 7974] - Concept ID:2 :: Step being Executed: 2::1
[INFO ][2015-11-05 12:43:52,305][com.java.TestType] [ 8012] - dataFields : BNK//select[@id='bank']
[DEBUG][2015-11-05 12:43:52,305][com.java.TestType] [ 8018] - <In Set values of the page>
[DEBUG][2015-11-05 12:43:52,305][com.java.TestType] [ 8023] - {Data Fields & Data Values Exist}
[INFO ][2015-11-05 12:43:52,305][com.java.TestType] [ 8029] - --------------------------setting values-----------------------------
[INFO ][2015-11-05 12:43:52,305][com.java.TestType] [ 8032] - Action Type : Select
[INFO ][2015-11-05 12:43:52,305][com.java.TestType] [ 3784] - value = PFC
[INFO ][2015-11-05 12:43:52,532][com.java.TestType] [ 8051] -  RESULT true
[INFO ][2015-11-05 12:43:52,532][com.java.TestType] [ 8168] - ?   P A S S   ?
[DEBUG][2015-11-05 12:43:52,532][com.java.TestType] [ 7974] - Concept ID:2 :: Step being Executed: 2::2
[INFO ][2015-11-05 12:43:52,532][com.java.TestType] [ 8012] - dataFields : LNKLogout
[DEBUG][2015-11-05 12:43:52,532][com.java.TestType] [ 8018] - <In Set values of the page>
[DEBUG][2015-11-05 12:43:52,532][com.java.TestType] [ 8023] - {Data Fields & Data Values Exist}
[INFO ][2015-11-05 12:43:52,532][com.java.TestType] [ 8029] - --------------------------setting values-----------------------------
[INFO ][2015-11-05 12:43:52,532][com.java.TestType] [ 8032] - Action Type : WaitTime
[DEBUG][2015-11-05 12:43:52,532][com.java.TestType] [ 3683] - sleepTime: 5000
[INFO ][2015-11-05 12:43:57,533][com.java.TestType] [ 8051] -  RESULT true
[INFO ][2015-11-05 12:43:57,533][com.java.TestType] [ 8168] - ?   P A S S   ?
[INFO ][2015-11-05 12:43:57,533][com.java.TestType] [ 8239] - Looping End......
[INFO ][2015-11-05 12:43:57,537][com.java.SeleniumDriver] [  861] -  RESULT true
[INFO ][2015-11-05 12:43:57,537][com.java.SeleniumDriver] [ 1066] - ?   P A S S   ?
[INFO ][2015-11-05 12:43:57,537][com.java.SeleniumDriver] [  788] - ------------------------------------------
[INFO ][2015-11-05 12:43:57,537][com.java.SeleniumDriver] [  789] - Test case being Executed: 11
[INFO ][2015-11-05 12:43:57,537][com.java.SeleniumDriver] [  800] - Test step:4
[INFO ][2015-11-05 12:43:57,537][com.java.SeleniumDriver] [  812] - Datavalue is----------null
[DEBUG][2015-11-05 12:43:57,537][com.java.SeleniumDriver] [  830] - Exception: null
[INFO ][2015-11-05 12:43:57,538][com.java.SeleniumDriver] [  836] - DataField : //span[@class='icon-user4']&&Users&&Manage Users
[INFO ][2015-11-05 12:43:57,538][com.java.SeleniumDriver] [  838] - DataValue : 
[INFO ][2015-11-05 12:43:57,538][com.java.SeleniumDriver] [  844] - <In Set values of the page>
[INFO ][2015-11-05 12:43:57,538][com.java.SeleniumDriver] [  847] - {Data Fields & Data Values Exist}
[INFO ][2015-11-05 12:43:57,538][com.java.SeleniumDriver] [  849] - --------------------------setting values-----------------------------
[INFO ][2015-11-05 12:43:57,538][com.java.SeleniumDriver] [  852] - Action Type : MouseOver
[INFO ][2015-11-05 12:44:41,995][com.java.SeleniumDriver] [  861] -  RESULT true
[INFO ][2015-11-05 12:44:41,995][com.java.SeleniumDriver] [ 1066] - ?   P A S S   ?
[INFO ][2015-11-05 12:44:41,995][com.java.SeleniumDriver] [  788] - ------------------------------------------
[INFO ][2015-11-05 12:44:41,995][com.java.SeleniumDriver] [  789] - Test case being Executed: 11
[INFO ][2015-11-05 12:44:41,995][com.java.SeleniumDriver] [  800] - Test step:5
[INFO ][2015-11-05 12:44:41,995][com.java.SeleniumDriver] [  812] - Datavalue is----------2
[INFO ][2015-11-05 12:44:41,995][com.java.SeleniumDriver] [  836] - DataField : BTNframeDialogContent
[INFO ][2015-11-05 12:44:41,995][com.java.SeleniumDriver] [  838] - DataValue : 2
[INFO ][2015-11-05 12:44:41,995][com.java.SeleniumDriver] [  844] - <In Set values of the page>
[INFO ][2015-11-05 12:44:41,996][com.java.SeleniumDriver] [  847] - {Data Fields & Data Values Exist}
[INFO ][2015-11-05 12:44:41,996][com.java.SeleniumDriver] [  849] - --------------------------setting values-----------------------------
[INFO ][2015-11-05 12:44:41,996][com.java.SeleniumDriver] [  852] - Action Type : WaitForElement
[INFO ][2015-11-05 12:44:43,211][com.java.SeleniumDriver] [  861] -  RESULT true
[INFO ][2015-11-05 12:44:43,211][com.java.SeleniumDriver] [ 1066] - ?   P A S S   ?
[INFO ][2015-11-05 12:44:43,211][com.java.SeleniumDriver] [  788] - ------------------------------------------
[INFO ][2015-11-05 12:44:43,211][com.java.SeleniumDriver] [  789] - Test case being Executed: 11
[INFO ][2015-11-05 12:44:43,211][com.java.SeleniumDriver] [  800] - Test step:6
[INFO ][2015-11-05 12:44:43,211][com.java.SeleniumDriver] [  812] - Datavalue is----------null
[DEBUG][2015-11-05 12:44:43,213][com.java.SeleniumDriver] [  830] - Exception: null
[INFO ][2015-11-05 12:44:43,213][com.java.SeleniumDriver] [  836] - DataField : BTNframeDialogContent
[INFO ][2015-11-05 12:44:43,213][com.java.SeleniumDriver] [  838] - DataValue : 
[INFO ][2015-11-05 12:44:43,213][com.java.SeleniumDriver] [  844] - <In Set values of the page>
[INFO ][2015-11-05 12:44:43,213][com.java.SeleniumDriver] [  847] - {Data Fields & Data Values Exist}
[INFO ][2015-11-05 12:44:43,213][com.java.SeleniumDriver] [  849] - --------------------------setting values-----------------------------
[INFO ][2015-11-05 12:44:43,213][com.java.SeleniumDriver] [  852] - Action Type : SelectFrame
[INFO ][2015-11-05 12:44:44,468][com.java.SeleniumDriver] [  861] -  RESULT true
[INFO ][2015-11-05 12:44:44,468][com.java.SeleniumDriver] [ 1066] - ?   P A S S   ?
[INFO ][2015-11-05 12:44:44,468][com.java.SeleniumDriver] [  788] - ------------------------------------------
[INFO ][2015-11-05 12:44:44,468][com.java.SeleniumDriver] [  789] - Test case being Executed: 11
[INFO ][2015-11-05 12:44:44,468][com.java.SeleniumDriver] [  800] - Test step:7
[INFO ][2015-11-05 12:44:44,468][com.java.SeleniumDriver] [  812] - Datavalue is----------2
[INFO ][2015-11-05 12:44:44,468][com.java.SeleniumDriver] [  836] - DataField : BTNbtnAddUser
[INFO ][2015-11-05 12:44:44,468][com.java.SeleniumDriver] [  838] - DataValue : 2
[INFO ][2015-11-05 12:44:44,468][com.java.SeleniumDriver] [  844] - <In Set values of the page>
[INFO ][2015-11-05 12:44:44,468][com.java.SeleniumDriver] [  847] - {Data Fields & Data Values Exist}
[INFO ][2015-11-05 12:44:44,468][com.java.SeleniumDriver] [  849] - --------------------------setting values-----------------------------
[INFO ][2015-11-05 12:44:44,468][com.java.SeleniumDriver] [  852] - Action Type : WaitForElement
[INFO ][2015-11-05 12:44:46,308][com.java.SeleniumDriver] [  861] -  RESULT true
[INFO ][2015-11-05 12:44:46,308][com.java.SeleniumDriver] [ 1066] - ?   P A S S   ?
[INFO ][2015-11-05 12:44:46,308][com.java.SeleniumDriver] [  788] - ------------------------------------------
[INFO ][2015-11-05 12:44:46,308][com.java.SeleniumDriver] [  789] - Test case being Executed: 11
[INFO ][2015-11-05 12:44:46,308][com.java.SeleniumDriver] [  800] - Test step:8
[INFO ][2015-11-05 12:44:46,308][com.java.SeleniumDriver] [  812] - Datavalue is----------null
[DEBUG][2015-11-05 12:44:46,308][com.java.SeleniumDriver] [  830] - Exception: null
[INFO ][2015-11-05 12:44:46,308][com.java.SeleniumDriver] [  836] - DataField : BTNbtnAddUser
[INFO ][2015-11-05 12:44:46,309][com.java.SeleniumDriver] [  838] - DataValue : 
[INFO ][2015-11-05 12:44:46,309][com.java.SeleniumDriver] [  844] - <In Set values of the page>
[INFO ][2015-11-05 12:44:46,309][com.java.SeleniumDriver] [  847] - {Data Fields & Data Values Exist}
[INFO ][2015-11-05 12:44:46,309][com.java.SeleniumDriver] [  849] - --------------------------setting values-----------------------------
[INFO ][2015-11-05 12:44:46,309][com.java.SeleniumDriver] [  852] - Action Type : Click
[INFO ][2015-11-05 12:44:46,309][com.java.TestType] [ 4097] - Field ::BTNbtnAddUser
[INFO ][2015-11-05 12:44:47,309][com.java.TestType] [ 4135] - BEFORE CLICK
[INFO ][2015-11-05 12:44:49,323][com.java.TestType] [ 4142] - Unable to click the object Add user button
[INFO ][2015-11-05 12:44:49,323][com.java.SeleniumDriver] [  861] -  RESULT true
[INFO ][2015-11-05 12:44:49,323][com.java.SeleniumDriver] [ 1066] - ?   P A S S   ?
[INFO ][2015-11-05 12:44:49,323][com.java.SeleniumDriver] [  788] - ------------------------------------------
[INFO ][2015-11-05 12:44:49,323][com.java.SeleniumDriver] [  789] - Test case being Executed: 11
[INFO ][2015-11-05 12:44:49,323][com.java.SeleniumDriver] [  800] - Test step:9
[INFO ][2015-11-05 12:44:49,323][com.java.SeleniumDriver] [  812] - Datavalue is----------2
[INFO ][2015-11-05 12:44:49,323][com.java.SeleniumDriver] [  836] - DataField : BTNtxtUserName
[INFO ][2015-11-05 12:44:49,323][com.java.SeleniumDriver] [  838] - DataValue : 2
[INFO ][2015-11-05 12:44:49,323][com.java.SeleniumDriver] [  844] - <In Set values of the page>
[INFO ][2015-11-05 12:44:49,323][com.java.SeleniumDriver] [  847] - {Data Fields & Data Values Exist}
[INFO ][2015-11-05 12:44:49,324][com.java.SeleniumDriver] [  849] - --------------------------setting values-----------------------------
[INFO ][2015-11-05 12:44:49,324][com.java.SeleniumDriver] [  852] - Action Type : WaitForElement
[INFO ][2015-11-05 12:44:58,709][com.java.SeleniumDriver] [  861] -  RESULT true
[INFO ][2015-11-05 12:44:58,709][com.java.SeleniumDriver] [ 1066] - ?   P A S S   ?
[INFO ][2015-11-05 12:44:58,709][com.java.SeleniumDriver] [  788] - ------------------------------------------
[INFO ][2015-11-05 12:44:58,710][com.java.SeleniumDriver] [  789] - Test case being Executed: 11
[INFO ][2015-11-05 12:44:58,710][com.java.SeleniumDriver] [  800] - Test step:10
[INFO ][2015-11-05 12:44:58,710][com.java.SeleniumDriver] [  812] - Datavalue is----------dt:NewUserName
[INFO ][2015-11-05 12:44:58,710][com.java.SeleniumDriver] [  836] - DataField : TXTtxtUserName
[INFO ][2015-11-05 12:44:58,710][com.java.SeleniumDriver] [  838] - DataValue : dt:NewUserName
[INFO ][2015-11-05 12:44:58,710][com.java.SeleniumDriver] [  844] - <In Set values of the page>
[INFO ][2015-11-05 12:44:58,710][com.java.SeleniumDriver] [  847] - {Data Fields & Data Values Exist}
[INFO ][2015-11-05 12:44:58,710][com.java.SeleniumDriver] [  849] - --------------------------setting values-----------------------------
[INFO ][2015-11-05 12:44:58,710][com.java.SeleniumDriver] [  852] - Action Type : Enter
[INFO ][2015-11-05 12:44:58,710][com.java.TestType] [ 4417] - field = txtUserName
[INFO ][2015-11-05 12:44:58,710][com.java.TestType] [ 3784] - value = vltest.robot
[INFO ][2015-11-05 12:45:01,460][com.java.SeleniumDriver] [  861] -  RESULT true
[INFO ][2015-11-05 12:45:01,460][com.java.SeleniumDriver] [ 1066] - ?   P A S S   ?
[INFO ][2015-11-05 12:45:01,460][com.java.SeleniumDriver] [  788] - ------------------------------------------
[INFO ][2015-11-05 12:45:01,460][com.java.SeleniumDriver] [  789] - Test case being Executed: 11
[INFO ][2015-11-05 12:45:01,460][com.java.SeleniumDriver] [  800] - Test step:11
[INFO ][2015-11-05 12:45:01,460][com.java.SeleniumDriver] [  812] - Datavalue is----------VLTest
[INFO ][2015-11-05 12:45:01,460][com.java.SeleniumDriver] [  836] - DataField : TXTtxtFirstName
[INFO ][2015-11-05 12:45:01,460][com.java.SeleniumDriver] [  838] - DataValue : VLTest
[INFO ][2015-11-05 12:45:01,460][com.java.SeleniumDriver] [  844] - <In Set values of the page>
[INFO ][2015-11-05 12:45:01,460][com.java.SeleniumDriver] [  847] - {Data Fields & Data Values Exist}
[INFO ][2015-11-05 12:45:01,460][com.java.SeleniumDriver] [  849] - --------------------------setting values-----------------------------
[INFO ][2015-11-05 12:45:01,460][com.java.SeleniumDriver] [  852] - Action Type : Enter
[INFO ][2015-11-05 12:45:01,460][com.java.TestType] [ 4417] - field = txtFirstName
[INFO ][2015-11-05 12:45:01,461][com.java.TestType] [ 3784] - value = VLTest
[INFO ][2015-11-05 12:45:04,490][com.java.SeleniumDriver] [  861] -  RESULT true
[INFO ][2015-11-05 12:45:04,490][com.java.SeleniumDriver] [ 1066] - ?   P A S S   ?
[INFO ][2015-11-05 12:45:04,490][com.java.SeleniumDriver] [  788] - ------------------------------------------
[INFO ][2015-11-05 12:45:04,490][com.java.SeleniumDriver] [  789] - Test case being Executed: 11
[INFO ][2015-11-05 12:45:04,490][com.java.SeleniumDriver] [  800] - Test step:12
[INFO ][2015-11-05 12:45:04,490][com.java.SeleniumDriver] [  812] - Datavalue is----------Robot
[INFO ][2015-11-05 12:45:04,490][com.java.SeleniumDriver] [  836] - DataField : TXTtxtLastName
[INFO ][2015-11-05 12:45:04,490][com.java.SeleniumDriver] [  838] - DataValue : Robot
[INFO ][2015-11-05 12:45:04,490][com.java.SeleniumDriver] [  844] - <In Set values of the page>
[INFO ][2015-11-05 12:45:04,490][com.java.SeleniumDriver] [  847] - {Data Fields & Data Values Exist}
[INFO ][2015-11-05 12:45:04,490][com.java.SeleniumDriver] [  849] - --------------------------setting values-----------------------------
[INFO ][2015-11-05 12:45:04,490][com.java.SeleniumDriver] [  852] - Action Type : Enter
[INFO ][2015-11-05 12:45:04,491][com.java.TestType] [ 4417] - field = txtLastName
[INFO ][2015-11-05 12:45:04,491][com.java.TestType] [ 3784] - value = Robot
[INFO ][2015-11-05 12:45:07,293][com.java.SeleniumDriver] [  861] -  RESULT true
[INFO ][2015-11-05 12:45:07,293][com.java.SeleniumDriver] [ 1066] - ?   P A S S   ?
[INFO ][2015-11-05 12:45:07,293][com.java.SeleniumDriver] [  788] - ------------------------------------------
[INFO ][2015-11-05 12:45:07,293][com.java.SeleniumDriver] [  789] - Test case being Executed: 11
[INFO ][2015-11-05 12:45:07,293][com.java.SeleniumDriver] [  800] - Test step:13
[INFO ][2015-11-05 12:45:07,293][com.java.SeleniumDriver] [  812] - Datavalue is----------ValueLabs
[INFO ][2015-11-05 12:45:07,293][com.java.SeleniumDriver] [  836] - DataField : TXTtxtCompany
[INFO ][2015-11-05 12:45:07,293][com.java.SeleniumDriver] [  838] - DataValue : ValueLabs
[INFO ][2015-11-05 12:45:07,293][com.java.SeleniumDriver] [  844] - <In Set values of the page>
[INFO ][2015-11-05 12:45:07,293][com.java.SeleniumDriver] [  847] - {Data Fields & Data Values Exist}
[INFO ][2015-11-05 12:45:07,294][com.java.SeleniumDriver] [  849] - --------------------------setting values-----------------------------
[INFO ][2015-11-05 12:45:07,294][com.java.SeleniumDriver] [  852] - Action Type : Enter
[INFO ][2015-11-05 12:45:07,294][com.java.TestType] [ 4417] - field = txtCompany
[INFO ][2015-11-05 12:45:07,294][com.java.TestType] [ 3784] - value = ValueLabs
[INFO ][2015-11-05 12:45:10,220][com.java.SeleniumDriver] [  861] -  RESULT true
[INFO ][2015-11-05 12:45:10,221][com.java.SeleniumDriver] [ 1066] - ?   P A S S   ?
[INFO ][2015-11-05 12:45:10,221][com.java.SeleniumDriver] [  788] - ------------------------------------------
[INFO ][2015-11-05 12:45:10,221][com.java.SeleniumDriver] [  789] - Test case being Executed: 11
[INFO ][2015-11-05 12:45:10,221][com.java.SeleniumDriver] [  800] - Test step:14
[INFO ][2015-11-05 12:45:10,221][com.java.SeleniumDriver] [  812] - Datavalue is----------India
[INFO ][2015-11-05 12:45:10,221][com.java.SeleniumDriver] [  836] - DataField : TXTtxtLocation
[INFO ][2015-11-05 12:45:10,221][com.java.SeleniumDriver] [  838] - DataValue : India
[INFO ][2015-11-05 12:45:10,221][com.java.SeleniumDriver] [  844] - <In Set values of the page>
[INFO ][2015-11-05 12:45:10,221][com.java.SeleniumDriver] [  847] - {Data Fields & Data Values Exist}
[INFO ][2015-11-05 12:45:10,221][com.java.SeleniumDriver] [  849] - --------------------------setting values-----------------------------
[INFO ][2015-11-05 12:45:10,221][com.java.SeleniumDriver] [  852] - Action Type : Enter
[INFO ][2015-11-05 12:45:10,221][com.java.TestType] [ 4417] - field = txtLocation
[INFO ][2015-11-05 12:45:10,221][com.java.TestType] [ 3784] - value = India
[INFO ][2015-11-05 12:45:13,026][com.java.SeleniumDriver] [  861] -  RESULT true
[INFO ][2015-11-05 12:45:13,026][com.java.SeleniumDriver] [ 1066] - ?   P A S S   ?
[INFO ][2015-11-05 12:45:13,026][com.java.SeleniumDriver] [  788] - ------------------------------------------
[INFO ][2015-11-05 12:45:13,026][com.java.SeleniumDriver] [  789] - Test case being Executed: 11
[INFO ][2015-11-05 12:45:13,026][com.java.SeleniumDriver] [  800] - Test step:15
[INFO ][2015-11-05 12:45:13,026][com.java.SeleniumDriver] [  812] - Datavalue is----------vltest.robot@valuelabs.com
[INFO ][2015-11-05 12:45:13,026][com.java.SeleniumDriver] [  836] - DataField : TXTtxtEMail
[INFO ][2015-11-05 12:45:13,026][com.java.SeleniumDriver] [  838] - DataValue : vltest.robot@valuelabs.com
[INFO ][2015-11-05 12:45:13,026][com.java.SeleniumDriver] [  844] - <In Set values of the page>
[INFO ][2015-11-05 12:45:13,026][com.java.SeleniumDriver] [  847] - {Data Fields & Data Values Exist}
[INFO ][2015-11-05 12:45:13,026][com.java.SeleniumDriver] [  849] - --------------------------setting values-----------------------------
[INFO ][2015-11-05 12:45:13,026][com.java.SeleniumDriver] [  852] - Action Type : Enter
[INFO ][2015-11-05 12:45:13,027][com.java.TestType] [ 4417] - field = txtEMail
[INFO ][2015-11-05 12:45:13,027][com.java.TestType] [ 3784] - value = vltest.robot@valuelabs.com
[INFO ][2015-11-05 12:45:15,947][com.java.SeleniumDriver] [  861] -  RESULT true
[INFO ][2015-11-05 12:45:15,947][com.java.SeleniumDriver] [ 1066] - ?   P A S S   ?
[INFO ][2015-11-05 12:45:15,947][com.java.SeleniumDriver] [  788] - ------------------------------------------
[INFO ][2015-11-05 12:45:15,947][com.java.SeleniumDriver] [  789] - Test case being Executed: 11
[INFO ][2015-11-05 12:45:15,947][com.java.SeleniumDriver] [  800] - Test step:16
[INFO ][2015-11-05 12:45:15,947][com.java.SeleniumDriver] [  812] - Datavalue is----------12345678901
[INFO ][2015-11-05 12:45:15,947][com.java.SeleniumDriver] [  836] - DataField : TXTtxtPhone
[INFO ][2015-11-05 12:45:15,947][com.java.SeleniumDriver] [  838] - DataValue : 12345678901
[INFO ][2015-11-05 12:45:15,947][com.java.SeleniumDriver] [  844] - <In Set values of the page>
[INFO ][2015-11-05 12:45:15,947][com.java.SeleniumDriver] [  847] - {Data Fields & Data Values Exist}
[INFO ][2015-11-05 12:45:15,947][com.java.SeleniumDriver] [  849] - --------------------------setting values-----------------------------
[INFO ][2015-11-05 12:45:15,947][com.java.SeleniumDriver] [  852] - Action Type : Enter
[INFO ][2015-11-05 12:45:15,948][com.java.TestType] [ 4417] - field = txtPhone
[INFO ][2015-11-05 12:45:15,948][com.java.TestType] [ 3784] - value = 12345678901
[INFO ][2015-11-05 12:45:18,694][com.java.SeleniumDriver] [  861] -  RESULT true
[INFO ][2015-11-05 12:45:18,694][com.java.SeleniumDriver] [ 1066] - ?   P A S S   ?
[INFO ][2015-11-05 12:45:18,694][com.java.SeleniumDriver] [  788] - ------------------------------------------
[INFO ][2015-11-05 12:45:18,694][com.java.SeleniumDriver] [  789] - Test case being Executed: 11
[INFO ][2015-11-05 12:45:18,694][com.java.SeleniumDriver] [  800] - Test step:17
[INFO ][2015-11-05 12:45:18,694][com.java.SeleniumDriver] [  812] - Datavalue is----------dt:NewUserPswd
[INFO ][2015-11-05 12:45:18,694][com.java.SeleniumDriver] [  836] - DataField : TXTtxtPassword
[INFO ][2015-11-05 12:45:18,694][com.java.SeleniumDriver] [  838] - DataValue : dt:NewUserPswd
[INFO ][2015-11-05 12:45:18,694][com.java.SeleniumDriver] [  844] - <In Set values of the page>
[INFO ][2015-11-05 12:45:18,694][com.java.SeleniumDriver] [  847] - {Data Fields & Data Values Exist}
[INFO ][2015-11-05 12:45:18,694][com.java.SeleniumDriver] [  849] - --------------------------setting values-----------------------------
[INFO ][2015-11-05 12:45:18,694][com.java.SeleniumDriver] [  852] - Action Type : Enter
[INFO ][2015-11-05 12:45:18,694][com.java.TestType] [ 4417] - field = txtPassword
[INFO ][2015-11-05 12:45:18,695][com.java.TestType] [ 3784] - value = Password1*
[INFO ][2015-11-05 12:45:21,625][com.java.SeleniumDriver] [  861] -  RESULT true
[INFO ][2015-11-05 12:45:21,625][com.java.SeleniumDriver] [ 1066] - ?   P A S S   ?
[INFO ][2015-11-05 12:45:21,625][com.java.SeleniumDriver] [  788] - ------------------------------------------
[INFO ][2015-11-05 12:45:21,625][com.java.SeleniumDriver] [  789] - Test case being Executed: 11
[INFO ][2015-11-05 12:45:21,625][com.java.SeleniumDriver] [  800] - Test step:18
[INFO ][2015-11-05 12:45:21,625][com.java.SeleniumDriver] [  812] - Datavalue is----------dt:NewUserPswd
[INFO ][2015-11-05 12:45:21,625][com.java.SeleniumDriver] [  836] - DataField : TXTtxtPasswordConfirm
[INFO ][2015-11-05 12:45:21,625][com.java.SeleniumDriver] [  838] - DataValue : dt:NewUserPswd
[INFO ][2015-11-05 12:45:21,625][com.java.SeleniumDriver] [  844] - <In Set values of the page>
[INFO ][2015-11-05 12:45:21,625][com.java.SeleniumDriver] [  847] - {Data Fields & Data Values Exist}
[INFO ][2015-11-05 12:45:21,625][com.java.SeleniumDriver] [  849] - --------------------------setting values-----------------------------
[INFO ][2015-11-05 12:45:21,626][com.java.SeleniumDriver] [  852] - Action Type : Enter
[INFO ][2015-11-05 12:45:21,626][com.java.TestType] [ 4417] - field = txtPasswordConfirm
[INFO ][2015-11-05 12:45:21,626][com.java.TestType] [ 3784] - value = Password1*
[INFO ][2015-11-05 12:45:24,567][com.java.SeleniumDriver] [  861] -  RESULT true
[INFO ][2015-11-05 12:45:24,567][com.java.SeleniumDriver] [ 1066] - ?   P A S S   ?
[INFO ][2015-11-05 12:45:24,567][com.java.SeleniumDriver] [  788] - ------------------------------------------
[INFO ][2015-11-05 12:45:24,567][com.java.SeleniumDriver] [  789] - Test case being Executed: 11
[INFO ][2015-11-05 12:45:24,567][com.java.SeleniumDriver] [  800] - Test step:19
[INFO ][2015-11-05 12:45:24,567][com.java.SeleniumDriver] [  812] - Datavalue is----------null
[DEBUG][2015-11-05 12:45:24,567][com.java.SeleniumDriver] [  830] - Exception: null
[INFO ][2015-11-05 12:45:24,567][com.java.SeleniumDriver] [  836] - DataField : BTNparent
[INFO ][2015-11-05 12:45:24,567][com.java.SeleniumDriver] [  838] - DataValue : 
[INFO ][2015-11-05 12:45:24,567][com.java.SeleniumDriver] [  844] - <In Set values of the page>
[INFO ][2015-11-05 12:45:24,567][com.java.SeleniumDriver] [  847] - {Data Fields & Data Values Exist}
[INFO ][2015-11-05 12:45:24,567][com.java.SeleniumDriver] [  849] - --------------------------setting values-----------------------------
[INFO ][2015-11-05 12:45:24,568][com.java.SeleniumDriver] [  852] - Action Type : SelectFrame
[INFO ][2015-11-05 12:45:24,580][com.java.SeleniumDriver] [  861] -  RESULT true
[INFO ][2015-11-05 12:45:24,580][com.java.SeleniumDriver] [ 1066] - ?   P A S S   ?
[INFO ][2015-11-05 12:45:24,580][com.java.SeleniumDriver] [  788] - ------------------------------------------
[INFO ][2015-11-05 12:45:24,580][com.java.SeleniumDriver] [  789] - Test case being Executed: 11
[INFO ][2015-11-05 12:45:24,580][com.java.SeleniumDriver] [  800] - Test step:20
[INFO ][2015-11-05 12:45:24,580][com.java.SeleniumDriver] [  812] - Datavalue is----------5
[INFO ][2015-11-05 12:45:24,580][com.java.SeleniumDriver] [  836] - DataField : test
[INFO ][2015-11-05 12:45:24,580][com.java.SeleniumDriver] [  838] - DataValue : 5
[INFO ][2015-11-05 12:45:24,580][com.java.SeleniumDriver] [  844] - <In Set values of the page>
[INFO ][2015-11-05 12:45:24,580][com.java.SeleniumDriver] [  847] - {Data Fields & Data Values Exist}
[INFO ][2015-11-05 12:45:24,580][com.java.SeleniumDriver] [  849] - --------------------------setting values-----------------------------
[INFO ][2015-11-05 12:45:24,580][com.java.SeleniumDriver] [  852] - Action Type : WaitTime
[DEBUG][2015-11-05 12:45:24,581][com.java.TestType] [ 3683] - sleepTime: 5000
[INFO ][2015-11-05 12:45:29,581][com.java.SeleniumDriver] [  861] -  RESULT true
[INFO ][2015-11-05 12:45:29,581][com.java.SeleniumDriver] [ 1066] - ?   P A S S   ?
[INFO ][2015-11-05 12:45:29,581][com.java.SeleniumDriver] [  788] - ------------------------------------------
[INFO ][2015-11-05 12:45:29,581][com.java.SeleniumDriver] [  789] - Test case being Executed: 11
[INFO ][2015-11-05 12:45:29,581][com.java.SeleniumDriver] [  800] - Test step:21
[INFO ][2015-11-05 12:45:29,581][com.java.SeleniumDriver] [  812] - Datavalue is----------null
[DEBUG][2015-11-05 12:45:29,581][com.java.SeleniumDriver] [  830] - Exception: null
[INFO ][2015-11-05 12:45:29,581][com.java.SeleniumDriver] [  836] - DataField : XPH//span[contains(text(), 'Finished')]
[INFO ][2015-11-05 12:45:29,581][com.java.SeleniumDriver] [  838] - DataValue : 
[INFO ][2015-11-05 12:45:29,581][com.java.SeleniumDriver] [  844] - <In Set values of the page>
[INFO ][2015-11-05 12:45:29,581][com.java.SeleniumDriver] [  847] - {Data Fields & Data Values Exist}
[INFO ][2015-11-05 12:45:29,581][com.java.SeleniumDriver] [  849] - --------------------------setting values-----------------------------
[INFO ][2015-11-05 12:45:29,582][com.java.SeleniumDriver] [  852] - Action Type : Click
[INFO ][2015-11-05 12:45:29,582][com.java.TestType] [ 4097] - Field ::XPH//span[contains(text(), 'Finished')]
[INFO ][2015-11-05 12:45:30,582][com.java.TestType] [ 4156] - BEFORE CLICK
[INFO ][2015-11-05 12:45:31,586][com.java.TestType] [ 4164] - Unable to click the object Finished button
[INFO ][2015-11-05 12:45:31,586][com.java.SeleniumDriver] [  861] -  RESULT true
[INFO ][2015-11-05 12:45:31,586][com.java.SeleniumDriver] [ 1066] - ?   P A S S   ?
[INFO ][2015-11-05 12:45:31,586][com.java.SeleniumDriver] [  788] - ------------------------------------------
[INFO ][2015-11-05 12:45:31,586][com.java.SeleniumDriver] [  789] - Test case being Executed: 11
[INFO ][2015-11-05 12:45:31,586][com.java.SeleniumDriver] [  800] - Test step:22
[INFO ][2015-11-05 12:45:31,586][com.java.SeleniumDriver] [  812] - Datavalue is----------null
[DEBUG][2015-11-05 12:45:31,586][com.java.SeleniumDriver] [  830] - Exception: null
[INFO ][2015-11-05 12:45:31,586][com.java.SeleniumDriver] [  836] - DataField : XPH//span[contains(text(), 'Finished')]
[INFO ][2015-11-05 12:45:31,586][com.java.SeleniumDriver] [  838] - DataValue : 
[INFO ][2015-11-05 12:45:31,586][com.java.SeleniumDriver] [  844] - <In Set values of the page>
[INFO ][2015-11-05 12:45:31,586][com.java.SeleniumDriver] [  847] - {Data Fields & Data Values Exist}
[INFO ][2015-11-05 12:45:31,586][com.java.SeleniumDriver] [  849] - --------------------------setting values-----------------------------
[INFO ][2015-11-05 12:45:31,587][com.java.SeleniumDriver] [  852] - Action Type : WaitForElement
[INFO ][2015-11-05 12:45:31,619][com.java.SeleniumDriver] [  861] -  RESULT true
[INFO ][2015-11-05 12:45:31,619][com.java.SeleniumDriver] [ 1066] - ?   P A S S   ?
[INFO ][2015-11-05 12:45:31,619][com.java.SeleniumDriver] [  788] - ------------------------------------------
[INFO ][2015-11-05 12:45:31,619][com.java.SeleniumDriver] [  789] - Test case being Executed: 11
[INFO ][2015-11-05 12:45:31,619][com.java.SeleniumDriver] [  800] - Test step:23
[INFO ][2015-11-05 12:45:31,619][com.java.SeleniumDriver] [  812] - Datavalue is----------null
[DEBUG][2015-11-05 12:45:31,619][com.java.SeleniumDriver] [  830] - Exception: null
[INFO ][2015-11-05 12:45:31,619][com.java.SeleniumDriver] [  836] - DataField : BTNframeDialogContent
[INFO ][2015-11-05 12:45:31,619][com.java.SeleniumDriver] [  838] - DataValue : 
[INFO ][2015-11-05 12:45:31,619][com.java.SeleniumDriver] [  844] - <In Set values of the page>
[INFO ][2015-11-05 12:45:31,620][com.java.SeleniumDriver] [  847] - {Data Fields & Data Values Exist}
[INFO ][2015-11-05 12:45:31,620][com.java.SeleniumDriver] [  849] - --------------------------setting values-----------------------------
[INFO ][2015-11-05 12:45:31,620][com.java.SeleniumDriver] [  852] - Action Type : SelectFrame
[INFO ][2015-11-05 12:45:33,506][com.java.SeleniumDriver] [  861] -  RESULT true
[INFO ][2015-11-05 12:45:33,506][com.java.SeleniumDriver] [ 1066] - ?   P A S S   ?
[INFO ][2015-11-05 12:45:33,506][com.java.SeleniumDriver] [  788] - ------------------------------------------
[INFO ][2015-11-05 12:45:33,506][com.java.SeleniumDriver] [  789] - Test case being Executed: 11
[INFO ][2015-11-05 12:45:33,506][com.java.SeleniumDriver] [  800] - Test step:24
[INFO ][2015-11-05 12:45:33,506][com.java.SeleniumDriver] [  812] - Datavalue is----------null
[DEBUG][2015-11-05 12:45:33,506][com.java.SeleniumDriver] [  830] - Exception: null
[INFO ][2015-11-05 12:45:33,506][com.java.SeleniumDriver] [  836] - DataField : BTNchkGlobalPrivsUserAdmin
[INFO ][2015-11-05 12:45:33,506][com.java.SeleniumDriver] [  838] - DataValue : 
[INFO ][2015-11-05 12:45:33,507][com.java.SeleniumDriver] [  844] - <In Set values of the page>
[INFO ][2015-11-05 12:45:33,507][com.java.SeleniumDriver] [  847] - {Data Fields & Data Values Exist}
[INFO ][2015-11-05 12:45:33,507][com.java.SeleniumDriver] [  849] - --------------------------setting values-----------------------------
[INFO ][2015-11-05 12:45:33,507][com.java.SeleniumDriver] [  852] - Action Type : Click
[INFO ][2015-11-05 12:45:33,507][com.java.TestType] [ 4097] - Field ::BTNchkGlobalPrivsUserAdmin
[INFO ][2015-11-05 12:45:34,507][com.java.TestType] [ 4135] - BEFORE CLICK
[INFO ][2015-11-05 12:45:35,863][com.java.TestType] [ 4142] - Unable to click the object User Admin check box
[INFO ][2015-11-05 12:45:35,863][com.java.SeleniumDriver] [  861] -  RESULT true
[INFO ][2015-11-05 12:45:35,863][com.java.SeleniumDriver] [ 1066] - ?   P A S S   ?
[INFO ][2015-11-05 12:45:35,863][com.java.SeleniumDriver] [  788] - ------------------------------------------
[INFO ][2015-11-05 12:45:35,863][com.java.SeleniumDriver] [  789] - Test case being Executed: 11
[INFO ][2015-11-05 12:45:35,863][com.java.SeleniumDriver] [  800] - Test step:25
[INFO ][2015-11-05 12:45:35,863][com.java.SeleniumDriver] [  812] - Datavalue is----------null
[DEBUG][2015-11-05 12:45:35,863][com.java.SeleniumDriver] [  830] - Exception: null
[INFO ][2015-11-05 12:45:35,863][com.java.SeleniumDriver] [  836] - DataField : BTNrdoEnableEntity_Enable
[INFO ][2015-11-05 12:45:35,863][com.java.SeleniumDriver] [  838] - DataValue : 
[INFO ][2015-11-05 12:45:35,863][com.java.SeleniumDriver] [  844] - <In Set values of the page>
[INFO ][2015-11-05 12:45:35,864][com.java.SeleniumDriver] [  847] - {Data Fields & Data Values Exist}
[INFO ][2015-11-05 12:45:35,864][com.java.SeleniumDriver] [  849] - --------------------------setting values-----------------------------
[INFO ][2015-11-05 12:45:35,864][com.java.SeleniumDriver] [  852] - Action Type : Click
[INFO ][2015-11-05 12:45:35,864][com.java.TestType] [ 4097] - Field ::BTNrdoEnableEntity_Enable
[INFO ][2015-11-05 12:45:36,864][com.java.TestType] [ 4135] - BEFORE CLICK
[INFO ][2015-11-05 12:45:38,192][com.java.TestType] [ 4142] - Unable to click the object Enable radio button
[INFO ][2015-11-05 12:45:38,192][com.java.SeleniumDriver] [  861] -  RESULT true
[INFO ][2015-11-05 12:45:38,192][com.java.SeleniumDriver] [ 1066] - ?   P A S S   ?
[INFO ][2015-11-05 12:45:38,192][com.java.SeleniumDriver] [  788] - ------------------------------------------
[INFO ][2015-11-05 12:45:38,192][com.java.SeleniumDriver] [  789] - Test case being Executed: 11
[INFO ][2015-11-05 12:45:38,192][com.java.SeleniumDriver] [  800] - Test step:26
[INFO ][2015-11-05 12:45:38,192][com.java.SeleniumDriver] [  812] - Datavalue is----------null
[DEBUG][2015-11-05 12:45:38,192][com.java.SeleniumDriver] [  830] - Exception: null
[INFO ][2015-11-05 12:45:38,192][com.java.SeleniumDriver] [  836] - DataField : BTNchkProfitCenterAll
[INFO ][2015-11-05 12:45:38,192][com.java.SeleniumDriver] [  838] - DataValue : 
[INFO ][2015-11-05 12:45:38,192][com.java.SeleniumDriver] [  844] - <In Set values of the page>
[INFO ][2015-11-05 12:45:38,192][com.java.SeleniumDriver] [  847] - {Data Fields & Data Values Exist}
[INFO ][2015-11-05 12:45:38,192][com.java.SeleniumDriver] [  849] - --------------------------setting values-----------------------------
[INFO ][2015-11-05 12:45:38,193][com.java.SeleniumDriver] [  852] - Action Type : Click
[INFO ][2015-11-05 12:45:38,193][com.java.TestType] [ 4097] - Field ::BTNchkProfitCenterAll
[INFO ][2015-11-05 12:45:39,193][com.java.TestType] [ 4135] - BEFORE CLICK
[INFO ][2015-11-05 12:45:40,522][com.java.TestType] [ 4142] - Unable to click the object All Check box
[INFO ][2015-11-05 12:45:40,522][com.java.SeleniumDriver] [  861] -  RESULT true
[INFO ][2015-11-05 12:45:40,523][com.java.SeleniumDriver] [ 1066] - ?   P A S S   ?
[INFO ][2015-11-05 12:45:40,523][com.java.SeleniumDriver] [  788] - ------------------------------------------
[INFO ][2015-11-05 12:45:40,523][com.java.SeleniumDriver] [  789] - Test case being Executed: 11
[INFO ][2015-11-05 12:45:40,523][com.java.SeleniumDriver] [  800] - Test step:27
[INFO ][2015-11-05 12:45:40,524][com.java.SeleniumDriver] [  812] - Datavalue is----------null
[DEBUG][2015-11-05 12:45:40,524][com.java.SeleniumDriver] [  830] - Exception: null
[INFO ][2015-11-05 12:45:40,524][com.java.SeleniumDriver] [  836] - DataField : BTNchkPrivsAccessGL
[INFO ][2015-11-05 12:45:40,524][com.java.SeleniumDriver] [  838] - DataValue : 
[INFO ][2015-11-05 12:45:40,524][com.java.SeleniumDriver] [  844] - <In Set values of the page>
[INFO ][2015-11-05 12:45:40,524][com.java.SeleniumDriver] [  847] - {Data Fields & Data Values Exist}
[INFO ][2015-11-05 12:45:40,524][com.java.SeleniumDriver] [  849] - --------------------------setting values-----------------------------
[INFO ][2015-11-05 12:45:40,524][com.java.SeleniumDriver] [  852] - Action Type : Click
[INFO ][2015-11-05 12:45:40,524][com.java.TestType] [ 4097] - Field ::BTNchkPrivsAccessGL
[INFO ][2015-11-05 12:45:41,524][com.java.TestType] [ 4135] - BEFORE CLICK
[INFO ][2015-11-05 12:45:42,837][com.java.TestType] [ 4142] - Unable to click the object GL check box
[INFO ][2015-11-05 12:45:42,837][com.java.SeleniumDriver] [  861] -  RESULT true
[INFO ][2015-11-05 12:45:42,837][com.java.SeleniumDriver] [ 1066] - ?   P A S S   ?
[INFO ][2015-11-05 12:45:42,837][com.java.SeleniumDriver] [  788] - ------------------------------------------
[INFO ][2015-11-05 12:45:42,838][com.java.SeleniumDriver] [  789] - Test case being Executed: 11
[INFO ][2015-11-05 12:45:42,838][com.java.SeleniumDriver] [  800] - Test step:28
[INFO ][2015-11-05 12:45:42,838][com.java.SeleniumDriver] [  812] - Datavalue is----------null
[DEBUG][2015-11-05 12:45:42,838][com.java.SeleniumDriver] [  830] - Exception: null
[INFO ][2015-11-05 12:45:42,838][com.java.SeleniumDriver] [  836] - DataField : BTNparent
[INFO ][2015-11-05 12:45:42,838][com.java.SeleniumDriver] [  838] - DataValue : 
[INFO ][2015-11-05 12:45:42,838][com.java.SeleniumDriver] [  844] - <In Set values of the page>
[INFO ][2015-11-05 12:45:42,838][com.java.SeleniumDriver] [  847] - {Data Fields & Data Values Exist}
[INFO ][2015-11-05 12:45:42,838][com.java.SeleniumDriver] [  849] - --------------------------setting values-----------------------------
[INFO ][2015-11-05 12:45:42,838][com.java.SeleniumDriver] [  852] - Action Type : SelectFrame
[INFO ][2015-11-05 12:45:42,851][com.java.SeleniumDriver] [  861] -  RESULT true
[INFO ][2015-11-05 12:45:42,851][com.java.SeleniumDriver] [ 1066] - ?   P A S S   ?
[INFO ][2015-11-05 12:45:42,851][com.java.SeleniumDriver] [  788] - ------------------------------------------
[INFO ][2015-11-05 12:45:42,851][com.java.SeleniumDriver] [  789] - Test case being Executed: 11
[INFO ][2015-11-05 12:45:42,851][com.java.SeleniumDriver] [  800] - Test step:29
[INFO ][2015-11-05 12:45:42,851][com.java.SeleniumDriver] [  812] - Datavalue is----------5
[INFO ][2015-11-05 12:45:42,851][com.java.SeleniumDriver] [  836] - DataField : test
[INFO ][2015-11-05 12:45:42,851][com.java.SeleniumDriver] [  838] - DataValue : 5
[INFO ][2015-11-05 12:45:42,851][com.java.SeleniumDriver] [  844] - <In Set values of the page>
[INFO ][2015-11-05 12:45:42,851][com.java.SeleniumDriver] [  847] - {Data Fields & Data Values Exist}
[INFO ][2015-11-05 12:45:42,851][com.java.SeleniumDriver] [  849] - --------------------------setting values-----------------------------
[INFO ][2015-11-05 12:45:42,851][com.java.SeleniumDriver] [  852] - Action Type : WaitTime
[DEBUG][2015-11-05 12:45:42,852][com.java.TestType] [ 3683] - sleepTime: 5000
[INFO ][2015-11-05 12:45:47,852][com.java.SeleniumDriver] [  861] -  RESULT true
[INFO ][2015-11-05 12:45:47,852][com.java.SeleniumDriver] [ 1066] - ?   P A S S   ?
[INFO ][2015-11-05 12:45:47,852][com.java.SeleniumDriver] [  788] - ------------------------------------------
[INFO ][2015-11-05 12:45:47,852][com.java.SeleniumDriver] [  789] - Test case being Executed: 11
[INFO ][2015-11-05 12:45:47,852][com.java.SeleniumDriver] [  800] - Test step:30
[INFO ][2015-11-05 12:45:47,852][com.java.SeleniumDriver] [  812] - Datavalue is----------null
[DEBUG][2015-11-05 12:45:47,852][com.java.SeleniumDriver] [  830] - Exception: null
[INFO ][2015-11-05 12:45:47,852][com.java.SeleniumDriver] [  836] - DataField : XPH//span[contains(text(), 'Finished')]
[INFO ][2015-11-05 12:45:47,852][com.java.SeleniumDriver] [  838] - DataValue : 
[INFO ][2015-11-05 12:45:47,852][com.java.SeleniumDriver] [  844] - <In Set values of the page>
[INFO ][2015-11-05 12:45:47,852][com.java.SeleniumDriver] [  847] - {Data Fields & Data Values Exist}
[INFO ][2015-11-05 12:45:47,852][com.java.SeleniumDriver] [  849] - --------------------------setting values-----------------------------
[INFO ][2015-11-05 12:45:47,853][com.java.SeleniumDriver] [  852] - Action Type : Click
[INFO ][2015-11-05 12:45:47,853][com.java.TestType] [ 4097] - Field ::XPH//span[contains(text(), 'Finished')]
[INFO ][2015-11-05 12:45:48,853][com.java.TestType] [ 4156] - BEFORE CLICK
[INFO ][2015-11-05 12:45:59,182][com.java.TestType] [ 4164] - Unable to click the object Finished button
[INFO ][2015-11-05 12:45:59,182][com.java.SeleniumDriver] [  861] -  RESULT true
[INFO ][2015-11-05 12:45:59,182][com.java.SeleniumDriver] [ 1066] - ?   P A S S   ?
[INFO ][2015-11-05 12:45:59,182][com.java.SeleniumDriver] [  788] - ------------------------------------------
[INFO ][2015-11-05 12:45:59,182][com.java.SeleniumDriver] [  789] - Test case being Executed: 11
[INFO ][2015-11-05 12:45:59,182][com.java.SeleniumDriver] [  800] - Test step:31
[INFO ][2015-11-05 12:45:59,182][com.java.SeleniumDriver] [  812] - Datavalue is----------5
[INFO ][2015-11-05 12:45:59,182][com.java.SeleniumDriver] [  836] - DataField : BTNframeDialogContent
[INFO ][2015-11-05 12:45:59,182][com.java.SeleniumDriver] [  838] - DataValue : 5
[INFO ][2015-11-05 12:45:59,182][com.java.SeleniumDriver] [  844] - <In Set values of the page>
[INFO ][2015-11-05 12:45:59,182][com.java.SeleniumDriver] [  847] - {Data Fields & Data Values Exist}
[INFO ][2015-11-05 12:45:59,182][com.java.SeleniumDriver] [  849] - --------------------------setting values-----------------------------
[INFO ][2015-11-05 12:45:59,182][com.java.SeleniumDriver] [  852] - Action Type : WaitForElement
[INFO ][2015-11-05 12:46:00,401][com.java.SeleniumDriver] [  861] -  RESULT true
[INFO ][2015-11-05 12:46:00,401][com.java.SeleniumDriver] [ 1066] - ?   P A S S   ?
[INFO ][2015-11-05 12:46:00,401][com.java.SeleniumDriver] [  788] - ------------------------------------------
[INFO ][2015-11-05 12:46:00,401][com.java.SeleniumDriver] [  789] - Test case being Executed: 11
[INFO ][2015-11-05 12:46:00,401][com.java.SeleniumDriver] [  800] - Test step:32
[INFO ][2015-11-05 12:46:00,401][com.java.SeleniumDriver] [  812] - Datavalue is----------null
[DEBUG][2015-11-05 12:46:00,401][com.java.SeleniumDriver] [  830] - Exception: null
[INFO ][2015-11-05 12:46:00,402][com.java.SeleniumDriver] [  836] - DataField : BTNframeDialogContent
[INFO ][2015-11-05 12:46:00,402][com.java.SeleniumDriver] [  838] - DataValue : 
[INFO ][2015-11-05 12:46:00,402][com.java.SeleniumDriver] [  844] - <In Set values of the page>
[INFO ][2015-11-05 12:46:00,402][com.java.SeleniumDriver] [  847] - {Data Fields & Data Values Exist}
[INFO ][2015-11-05 12:46:00,402][com.java.SeleniumDriver] [  849] - --------------------------setting values-----------------------------
[INFO ][2015-11-05 12:46:00,402][com.java.SeleniumDriver] [  852] - Action Type : SelectFrame
[INFO ][2015-11-05 12:46:01,652][com.java.SeleniumDriver] [  861] -  RESULT true
[INFO ][2015-11-05 12:46:01,652][com.java.SeleniumDriver] [ 1066] - ?   P A S S   ?
[INFO ][2015-11-05 12:46:01,652][com.java.SeleniumDriver] [  788] - ------------------------------------------
[INFO ][2015-11-05 12:46:01,653][com.java.SeleniumDriver] [  789] - Test case being Executed: 11
[INFO ][2015-11-05 12:46:01,653][com.java.SeleniumDriver] [  800] - Test step:33
[INFO ][2015-11-05 12:46:01,653][com.java.SeleniumDriver] [  812] - Datavalue is----------null
[DEBUG][2015-11-05 12:46:01,653][com.java.SeleniumDriver] [  830] - Exception: null
[INFO ][2015-11-05 12:46:01,653][com.java.SeleniumDriver] [  836] - DataField : XPH//table[@id="tblUserListing"]//td[contains(text(),'vltest.robot')]
[INFO ][2015-11-05 12:46:01,653][com.java.SeleniumDriver] [  838] - DataValue : 
[INFO ][2015-11-05 12:46:01,653][com.java.SeleniumDriver] [  844] - <In Set values of the page>
[INFO ][2015-11-05 12:46:01,653][com.java.SeleniumDriver] [  847] - {Data Fields & Data Values Exist}
[INFO ][2015-11-05 12:46:01,653][com.java.SeleniumDriver] [  849] - --------------------------setting values-----------------------------
[INFO ][2015-11-05 12:46:01,653][com.java.SeleniumDriver] [  852] - Action Type : WaitForElement
[INFO ][2015-11-05 12:46:01,716][com.java.SeleniumDriver] [  861] -  RESULT true
[INFO ][2015-11-05 12:46:01,716][com.java.SeleniumDriver] [ 1066] - ?   P A S S   ?
[INFO ][2015-11-05 12:46:01,716][com.java.SeleniumDriver] [  788] - ------------------------------------------
[INFO ][2015-11-05 12:46:01,717][com.java.SeleniumDriver] [  789] - Test case being Executed: 11
[INFO ][2015-11-05 12:46:01,717][com.java.SeleniumDriver] [  800] - Test step:34
[INFO ][2015-11-05 12:46:01,718][com.java.SeleniumDriver] [  812] - Datavalue is----------dt:NewUserName
[INFO ][2015-11-05 12:46:01,718][com.java.SeleniumDriver] [  836] - DataField : USR
[INFO ][2015-11-05 12:46:01,718][com.java.SeleniumDriver] [  838] - DataValue : dt:NewUserName
[INFO ][2015-11-05 12:46:01,718][com.java.SeleniumDriver] [  844] - <In Set values of the page>
[INFO ][2015-11-05 12:46:01,718][com.java.SeleniumDriver] [  847] - {Data Fields & Data Values Exist}
[INFO ][2015-11-05 12:46:01,718][com.java.SeleniumDriver] [  849] - --------------------------setting values-----------------------------
[INFO ][2015-11-05 12:46:01,718][com.java.SeleniumDriver] [  852] - Action Type : Verify
[INFO ][2015-11-05 12:46:01,718][com.java.TestType] [ 4910] - field= USR value= dt:NewUserName
[INFO ][2015-11-05 12:46:01,718][com.java.TestType] [ 3784] - value = vltest.robot
[INFO ][2015-11-05 12:46:01,783][com.java.SeleniumDriver] [  861] -  RESULT true
[INFO ][2015-11-05 12:46:01,783][com.java.SeleniumDriver] [ 1066] - ?   P A S S   ?
[INFO ][2015-11-05 12:46:01,783][com.java.SeleniumDriver] [  788] - ------------------------------------------
[INFO ][2015-11-05 12:46:01,783][com.java.SeleniumDriver] [  789] - Test case being Executed: 11
[INFO ][2015-11-05 12:46:01,784][com.java.SeleniumDriver] [  800] - Test step:35
[INFO ][2015-11-05 12:46:01,784][com.java.SeleniumDriver] [  812] - Datavalue is----------Login_username
[INFO ][2015-11-05 12:46:01,785][com.java.SeleniumDriver] [  836] - DataField : XPH//table[@id="tblUserListing"]//td[contains(text(),'vltest.robot')]
[INFO ][2015-11-05 12:46:01,785][com.java.SeleniumDriver] [  838] - DataValue : Login_username
[INFO ][2015-11-05 12:46:01,785][com.java.SeleniumDriver] [  844] - <In Set values of the page>
[INFO ][2015-11-05 12:46:01,785][com.java.SeleniumDriver] [  847] - {Data Fields & Data Values Exist}
[INFO ][2015-11-05 12:46:01,785][com.java.SeleniumDriver] [  849] - --------------------------setting values-----------------------------
[INFO ][2015-11-05 12:46:01,785][com.java.SeleniumDriver] [  852] - Action Type : STOREVALUE
[INFO ][2015-11-05 12:46:01,785][com.java.TestType] [ 5844] - field= XPH//table[@id="tblUserListing"]//td[contains(text(),'vltest.robot')]
[DEBUG][2015-11-05 12:46:01,883][com.java.TestType] [ 5896] - Key:: Login_username   Value:: vltest.robot.03890
[INFO ][2015-11-05 12:46:01,883][com.java.SeleniumDriver] [  861] -  RESULT true
[INFO ][2015-11-05 12:46:01,883][com.java.SeleniumDriver] [ 1066] - ?   P A S S   ?
[INFO ][2015-11-05 12:46:01,883][com.java.SeleniumDriver] [  788] - ------------------------------------------
[INFO ][2015-11-05 12:46:01,883][com.java.SeleniumDriver] [  789] - Test case being Executed: 11
[INFO ][2015-11-05 12:46:01,883][com.java.SeleniumDriver] [  800] - Test step:36
[INFO ][2015-11-05 12:46:01,883][com.java.SeleniumDriver] [  812] - Datavalue is----------null
[DEBUG][2015-11-05 12:46:01,883][com.java.SeleniumDriver] [  830] - Exception: null
[INFO ][2015-11-05 12:46:01,883][com.java.SeleniumDriver] [  836] - DataField : BTNparent
[INFO ][2015-11-05 12:46:01,883][com.java.SeleniumDriver] [  838] - DataValue : 
[INFO ][2015-11-05 12:46:01,883][com.java.SeleniumDriver] [  844] - <In Set values of the page>
[INFO ][2015-11-05 12:46:01,883][com.java.SeleniumDriver] [  847] - {Data Fields & Data Values Exist}
[INFO ][2015-11-05 12:46:01,884][com.java.SeleniumDriver] [  849] - --------------------------setting values-----------------------------
[INFO ][2015-11-05 12:46:01,884][com.java.SeleniumDriver] [  852] - Action Type : SelectFrame
[INFO ][2015-11-05 12:46:01,895][com.java.SeleniumDriver] [  861] -  RESULT true
[INFO ][2015-11-05 12:46:01,896][com.java.SeleniumDriver] [ 1066] - ?   P A S S   ?
[INFO ][2015-11-05 12:46:01,896][com.java.SeleniumDriver] [  788] - ------------------------------------------
[INFO ][2015-11-05 12:46:01,896][com.java.SeleniumDriver] [  789] - Test case being Executed: 11
[INFO ][2015-11-05 12:46:01,896][com.java.SeleniumDriver] [  800] - Test step:37
[INFO ][2015-11-05 12:46:01,896][com.java.SeleniumDriver] [  812] - Datavalue is----------null
[DEBUG][2015-11-05 12:46:01,896][com.java.SeleniumDriver] [  830] - Exception: null
[INFO ][2015-11-05 12:46:01,896][com.java.SeleniumDriver] [  836] - DataField : XPH//span[contains(text(), 'Finished')]
[INFO ][2015-11-05 12:46:01,896][com.java.SeleniumDriver] [  838] - DataValue : 
[INFO ][2015-11-05 12:46:01,896][com.java.SeleniumDriver] [  844] - <In Set values of the page>
[INFO ][2015-11-05 12:46:01,896][com.java.SeleniumDriver] [  847] - {Data Fields & Data Values Exist}
[INFO ][2015-11-05 12:46:01,896][com.java.SeleniumDriver] [  849] - --------------------------setting values-----------------------------
[INFO ][2015-11-05 12:46:01,896][com.java.SeleniumDriver] [  852] - Action Type : Click
[INFO ][2015-11-05 12:46:01,897][com.java.TestType] [ 4097] - Field ::XPH//span[contains(text(), 'Finished')]
[INFO ][2015-11-05 12:46:02,897][com.java.TestType] [ 4156] - BEFORE CLICK
[INFO ][2015-11-05 12:46:04,027][com.java.TestType] [ 4164] - Unable to click the object Finished button
[INFO ][2015-11-05 12:46:04,027][com.java.SeleniumDriver] [  861] -  RESULT true
[INFO ][2015-11-05 12:46:04,027][com.java.SeleniumDriver] [ 1066] - ?   P A S S   ?
[INFO ][2015-11-05 12:46:04,027][com.java.SeleniumDriver] [  788] - ------------------------------------------
[INFO ][2015-11-05 12:46:04,027][com.java.SeleniumDriver] [  789] - Test case being Executed: 11
[INFO ][2015-11-05 12:46:04,027][com.java.SeleniumDriver] [  800] - Test step:38
[INFO ][2015-11-05 12:46:04,027][com.java.SeleniumDriver] [  812] - Datavalue is----------Concept#3:1-2
[INFO ][2015-11-05 12:46:04,027][com.java.SeleniumDriver] [  836] - DataField : test
[INFO ][2015-11-05 12:46:04,027][com.java.SeleniumDriver] [  838] - DataValue : Concept#3:1-2
[INFO ][2015-11-05 12:46:04,027][com.java.SeleniumDriver] [  844] - <In Set values of the page>
[INFO ][2015-11-05 12:46:04,027][com.java.SeleniumDriver] [  847] - {Data Fields & Data Values Exist}
[INFO ][2015-11-05 12:46:04,027][com.java.SeleniumDriver] [  849] - --------------------------setting values-----------------------------
[INFO ][2015-11-05 12:46:04,027][com.java.SeleniumDriver] [  852] - Action Type : ExecuteTestCase
[INFO ][2015-11-05 12:46:04,028][com.java.TestType] [  411] - The Concept sheet name is ---------- Concept
[INFO ][2015-11-05 12:46:04,028][com.java.TestType] [  414] - The Concept ID  is ---------- 3
[DEBUG][2015-11-05 12:46:04,028][com.java.TestType] [  418] - Steps being executted in the Concept are: 1:2
[INFO ][2015-11-05 12:46:04,028][com.java.TestType] [  425] - Test data details path ---------- D:\BankersDashboard\TestInputs\TestData.xls
[INFO ][2015-11-05 12:46:04,058][com.java.TestType] [  456] -  str(1) = 3
[INFO ][2015-11-05 12:46:04,058][com.java.TestType] [  459] - Test case Id is---3
[INFO ][2015-11-05 12:46:04,058][com.java.TestType] [  461] - 3
[INFO ][2015-11-05 12:46:04,058][com.java.TestType] [  456] -  str(2) = 1
[INFO ][2015-11-05 12:46:04,059][com.java.TestType] [  508] - row values are--------{1=com.java.Objects.TestDataDetails@c09a6}
[INFO ][2015-11-05 12:46:04,060][com.java.TestType] [  456] -  str(1) = 3
[INFO ][2015-11-05 12:46:04,060][com.java.TestType] [  459] - Test case Id is---3
[INFO ][2015-11-05 12:46:04,060][com.java.TestType] [  461] - 3
[INFO ][2015-11-05 12:46:04,060][com.java.TestType] [  456] -  str(2) = 2
[INFO ][2015-11-05 12:46:04,060][com.java.TestType] [  508] - row values are--------{1=com.java.Objects.TestDataDetails@c09a6, 2=com.java.Objects.TestDataDetails@873f23}
[INFO ][2015-11-05 12:46:04,060][com.java.TestType] [ 7933] - Looping 1TCID = 3
[DEBUG][2015-11-05 12:46:04,061][com.java.TestType] [ 7974] - Concept ID:3 :: Step being Executed: 3::1
[INFO ][2015-11-05 12:46:04,061][com.java.TestType] [ 8012] - dataFields : test
[DEBUG][2015-11-05 12:46:04,061][com.java.TestType] [ 8018] - <In Set values of the page>
[DEBUG][2015-11-05 12:46:04,061][com.java.TestType] [ 8023] - {Data Fields & Data Values Exist}
[INFO ][2015-11-05 12:46:04,061][com.java.TestType] [ 8029] - --------------------------setting values-----------------------------
[INFO ][2015-11-05 12:46:04,061][com.java.TestType] [ 8032] - Action Type : Logout
[DEBUG][2015-11-05 12:46:13,808][com.java.SeleniumDriver] [  425] - Hub ip address is-------172.17.68.34
[INFO ][2015-11-05 12:46:13,808][com.java.SeleniumDriver] [  451] - Grid URL:http://172.17.68.34:4444/wd/hub
[INFO ][2015-11-05 12:46:13,808][com.java.SeleniumDriver] [  452] - Capability:Capabilities [{platform=ANY, ensureCleanSession=true, ignoreProtectedModeSettings=true, acceptSslCerts=true, ignoreZoomSetting=true, browserName=internet explorer, browserstack.ie.noFlash=true, version=Node1}]
[ERROR][2015-11-05 12:46:14,810][com.java.SeleniumDriver] [  496] - Unable invoke browser in grid:Could not start a new session. Possible causes are invalid address of the remote server or browser start-up failure.
Build info: version: '2.48.2', revision: '41bccdd', time: '2015-10-09 19:59:12'
System info: host: 'FVTIII438F1D', ip: '172.17.68.34', os.name: 'Windows 7', os.arch: 'x86', os.version: '6.1', java.version: '1.7.0_55'
Driver info: driver.version: SeleniumDriver
[INFO ][2015-11-05 12:46:14,811][com.java.SeleniumDriver] [  498] - Executing on local machine
[INFO ][2015-11-05 12:46:23,703][com.java.TestType] [ 8051] -  RESULT true
[INFO ][2015-11-05 12:46:23,703][com.java.TestType] [ 8168] - ?   P A S S   ?
[DEBUG][2015-11-05 12:46:23,703][com.java.TestType] [ 7974] - Concept ID:3 :: Step being Executed: 3::2
[INFO ][2015-11-05 12:46:23,703][com.java.TestType] [ 8012] - dataFields : test
[DEBUG][2015-11-05 12:46:23,703][com.java.TestType] [ 8018] - <In Set values of the page>
[DEBUG][2015-11-05 12:46:23,703][com.java.TestType] [ 8023] - {Data Fields & Data Values Exist}
[INFO ][2015-11-05 12:46:23,703][com.java.TestType] [ 8029] - --------------------------setting values-----------------------------
[INFO ][2015-11-05 12:46:23,703][com.java.TestType] [ 8032] - Action Type : WaitTime
[DEBUG][2015-11-05 12:46:23,704][com.java.TestType] [ 3683] - sleepTime: 2000
[INFO ][2015-11-05 12:46:25,704][com.java.TestType] [ 8051] -  RESULT true
[INFO ][2015-11-05 12:46:25,704][com.java.TestType] [ 8168] - ?   P A S S   ?
[INFO ][2015-11-05 12:46:25,704][com.java.TestType] [ 8239] - Looping End......
[INFO ][2015-11-05 12:46:25,708][com.java.SeleniumDriver] [  861] -  RESULT true
[INFO ][2015-11-05 12:46:25,708][com.java.SeleniumDriver] [ 1066] - ?   P A S S   ?
[INFO ][2015-11-05 12:46:25,708][com.java.SeleniumDriver] [  788] - ------------------------------------------
[INFO ][2015-11-05 12:46:25,708][com.java.SeleniumDriver] [  789] - Test case being Executed: 11
[INFO ][2015-11-05 12:46:25,708][com.java.SeleniumDriver] [  800] - Test step:39
[INFO ][2015-11-05 12:46:25,708][com.java.SeleniumDriver] [  812] - Datavalue is----------HMVLogin_username
[INFO ][2015-11-05 12:46:25,708][com.java.SeleniumDriver] [  836] - DataField : TXTusername
[INFO ][2015-11-05 12:46:25,708][com.java.SeleniumDriver] [  838] - DataValue : HMVLogin_username
[INFO ][2015-11-05 12:46:25,708][com.java.SeleniumDriver] [  844] - <In Set values of the page>
[INFO ][2015-11-05 12:46:25,708][com.java.SeleniumDriver] [  847] - {Data Fields & Data Values Exist}
[INFO ][2015-11-05 12:46:25,708][com.java.SeleniumDriver] [  849] - --------------------------setting values-----------------------------
[INFO ][2015-11-05 12:46:25,708][com.java.SeleniumDriver] [  852] - Action Type : CLEARANDENTER
[INFO ][2015-11-05 12:46:25,709][com.java.TestType] [ 3784] - value = vltest.robot.03890
[INFO ][2015-11-05 12:46:30,501][com.java.SeleniumDriver] [  861] -  RESULT true
[INFO ][2015-11-05 12:46:30,501][com.java.SeleniumDriver] [ 1066] - ?   P A S S   ?
[INFO ][2015-11-05 12:46:30,501][com.java.SeleniumDriver] [  788] - ------------------------------------------
[INFO ][2015-11-05 12:46:30,501][com.java.SeleniumDriver] [  789] - Test case being Executed: 11
[INFO ][2015-11-05 12:46:30,501][com.java.SeleniumDriver] [  800] - Test step:40
[INFO ][2015-11-05 12:46:30,501][com.java.SeleniumDriver] [  812] - Datavalue is----------dt:NewUserPswd
[INFO ][2015-11-05 12:46:30,501][com.java.SeleniumDriver] [  836] - DataField : TXTpassword
[INFO ][2015-11-05 12:46:30,501][com.java.SeleniumDriver] [  838] - DataValue : dt:NewUserPswd
[INFO ][2015-11-05 12:46:30,501][com.java.SeleniumDriver] [  844] - <In Set values of the page>
[INFO ][2015-11-05 12:46:30,501][com.java.SeleniumDriver] [  847] - {Data Fields & Data Values Exist}
[INFO ][2015-11-05 12:46:30,501][com.java.SeleniumDriver] [  849] - --------------------------setting values-----------------------------
[INFO ][2015-11-05 12:46:30,501][com.java.SeleniumDriver] [  852] - Action Type : CLEARANDENTER
[INFO ][2015-11-05 12:46:30,501][com.java.TestType] [ 3784] - value = Password1*
[INFO ][2015-11-05 12:46:35,401][com.java.SeleniumDriver] [  861] -  RESULT true
[INFO ][2015-11-05 12:46:35,402][com.java.SeleniumDriver] [ 1066] - ?   P A S S   ?
[INFO ][2015-11-05 12:46:35,402][com.java.SeleniumDriver] [  788] - ------------------------------------------
[INFO ][2015-11-05 12:46:35,402][com.java.SeleniumDriver] [  789] - Test case being Executed: 11
[INFO ][2015-11-05 12:46:35,402][com.java.SeleniumDriver] [  800] - Test step:41
[INFO ][2015-11-05 12:46:35,402][com.java.SeleniumDriver] [  812] - Datavalue is----------null
[DEBUG][2015-11-05 12:46:35,402][com.java.SeleniumDriver] [  830] - Exception: null
[INFO ][2015-11-05 12:46:35,402][com.java.SeleniumDriver] [  836] - DataField : XPH//button[@type='submit']
[INFO ][2015-11-05 12:46:35,402][com.java.SeleniumDriver] [  838] - DataValue : 
[INFO ][2015-11-05 12:46:35,402][com.java.SeleniumDriver] [  844] - <In Set values of the page>
[INFO ][2015-11-05 12:46:35,402][com.java.SeleniumDriver] [  847] - {Data Fields & Data Values Exist}
[INFO ][2015-11-05 12:46:35,402][com.java.SeleniumDriver] [  849] - --------------------------setting values-----------------------------
[INFO ][2015-11-05 12:46:35,402][com.java.SeleniumDriver] [  852] - Action Type : Click
[INFO ][2015-11-05 12:46:35,403][com.java.TestType] [ 4097] - Field ::XPH//button[@type='submit']
[INFO ][2015-11-05 12:46:36,403][com.java.TestType] [ 4156] - BEFORE CLICK
[INFO ][2015-11-05 12:46:37,216][com.java.TestType] [ 4164] - Unable to click the object Login
[INFO ][2015-11-05 12:46:37,216][com.java.SeleniumDriver] [  861] -  RESULT true
[INFO ][2015-11-05 12:46:37,216][com.java.SeleniumDriver] [ 1066] - ?   P A S S   ?
[INFO ][2015-11-05 12:46:37,216][com.java.SeleniumDriver] [  788] - ------------------------------------------
[INFO ][2015-11-05 12:46:37,216][com.java.SeleniumDriver] [  789] - Test case being Executed: 11
[INFO ][2015-11-05 12:46:37,216][com.java.SeleniumDriver] [  800] - Test step:42
[INFO ][2015-11-05 12:46:37,216][com.java.SeleniumDriver] [  812] - Datavalue is----------null
[DEBUG][2015-11-05 12:46:37,216][com.java.SeleniumDriver] [  830] - Exception: null
[INFO ][2015-11-05 12:46:37,216][com.java.SeleniumDriver] [  836] - DataField : test
[INFO ][2015-11-05 12:46:37,216][com.java.SeleniumDriver] [  838] - DataValue : 
[INFO ][2015-11-05 12:46:37,216][com.java.SeleniumDriver] [  844] - <In Set values of the page>
[INFO ][2015-11-05 12:46:37,216][com.java.SeleniumDriver] [  847] - {Data Fields & Data Values Exist}
[INFO ][2015-11-05 12:46:37,216][com.java.SeleniumDriver] [  849] - --------------------------setting values-----------------------------
[INFO ][2015-11-05 12:46:37,217][com.java.SeleniumDriver] [  852] - Action Type : WaitTime
[DEBUG][2015-11-05 12:46:37,217][com.java.TestType] [ 3683] - sleepTime: 10000
[INFO ][2015-11-05 12:46:47,217][com.java.SeleniumDriver] [  861] -  RESULT true
[INFO ][2015-11-05 12:46:47,217][com.java.SeleniumDriver] [ 1066] - ?   P A S S   ?
[INFO ][2015-11-05 12:46:47,217][com.java.SeleniumDriver] [  788] - ------------------------------------------
[INFO ][2015-11-05 12:46:47,217][com.java.SeleniumDriver] [  789] - Test case being Executed: 11
[INFO ][2015-11-05 12:46:47,217][com.java.SeleniumDriver] [  800] - Test step:43
[INFO ][2015-11-05 12:46:47,217][com.java.SeleniumDriver] [  812] - Datavalue is----------Banker'sDashboard
[INFO ][2015-11-05 12:46:47,217][com.java.SeleniumDriver] [  836] - DataField : TTL
[INFO ][2015-11-05 12:46:47,217][com.java.SeleniumDriver] [  838] - DataValue : Banker'sDashboard
[INFO ][2015-11-05 12:46:47,217][com.java.SeleniumDriver] [  844] - <In Set values of the page>
[INFO ][2015-11-05 12:46:47,217][com.java.SeleniumDriver] [  847] - {Data Fields & Data Values Exist}
[INFO ][2015-11-05 12:46:47,217][com.java.SeleniumDriver] [  849] - --------------------------setting values-----------------------------
[INFO ][2015-11-05 12:46:47,217][com.java.SeleniumDriver] [  852] - Action Type : SelectWindow
[INFO ][2015-11-05 12:46:59,792][com.java.SeleniumDriver] [  861] -  RESULT true
[INFO ][2015-11-05 12:46:59,792][com.java.SeleniumDriver] [ 1066] - ?   P A S S   ?
[INFO ][2015-11-05 12:46:59,793][com.java.SeleniumDriver] [  788] - ------------------------------------------
[INFO ][2015-11-05 12:46:59,793][com.java.SeleniumDriver] [  789] - Test case being Executed: 11
[INFO ][2015-11-05 12:46:59,793][com.java.SeleniumDriver] [  800] - Test step:44
[INFO ][2015-11-05 12:46:59,793][com.java.SeleniumDriver] [  812] - Datavalue is----------20
[INFO ][2015-11-05 12:46:59,793][com.java.SeleniumDriver] [  836] - DataField : test
[INFO ][2015-11-05 12:46:59,793][com.java.SeleniumDriver] [  838] - DataValue : 20
[INFO ][2015-11-05 12:46:59,793][com.java.SeleniumDriver] [  844] - <In Set values of the page>
[INFO ][2015-11-05 12:46:59,793][com.java.SeleniumDriver] [  847] - {Data Fields & Data Values Exist}
[INFO ][2015-11-05 12:46:59,793][com.java.SeleniumDriver] [  849] - --------------------------setting values-----------------------------
[INFO ][2015-11-05 12:46:59,793][com.java.SeleniumDriver] [  852] - Action Type : WaitTime
[DEBUG][2015-11-05 12:46:59,793][com.java.TestType] [ 3683] - sleepTime: 20000
[INFO ][2015-11-05 12:47:19,792][com.java.SeleniumDriver] [  861] -  RESULT true
[INFO ][2015-11-05 12:47:19,792][com.java.SeleniumDriver] [ 1066] - ?   P A S S   ?
[INFO ][2015-11-05 12:47:19,792][com.java.SeleniumDriver] [  788] - ------------------------------------------
[INFO ][2015-11-05 12:47:19,792][com.java.SeleniumDriver] [  789] - Test case being Executed: 11
[INFO ][2015-11-05 12:47:19,792][com.java.SeleniumDriver] [  800] - Test step:45
[INFO ][2015-11-05 12:47:19,792][com.java.SeleniumDriver] [  812] - Datavalue is----------null
[DEBUG][2015-11-05 12:47:19,792][com.java.SeleniumDriver] [  830] - Exception: null
[INFO ][2015-11-05 12:47:19,792][com.java.SeleniumDriver] [  836] - DataField : //span[@class='icon-cog2']&&User Settings
[INFO ][2015-11-05 12:47:19,792][com.java.SeleniumDriver] [  838] - DataValue : 
[INFO ][2015-11-05 12:47:19,792][com.java.SeleniumDriver] [  844] - <In Set values of the page>
[INFO ][2015-11-05 12:47:19,792][com.java.SeleniumDriver] [  847] - {Data Fields & Data Values Exist}
[INFO ][2015-11-05 12:47:19,792][com.java.SeleniumDriver] [  849] - --------------------------setting values-----------------------------
[INFO ][2015-11-05 12:47:19,793][com.java.SeleniumDriver] [  852] - Action Type : MouseOver
[INFO ][2015-11-05 12:47:41,598][com.java.SeleniumDriver] [  861] -  RESULT true
[INFO ][2015-11-05 12:47:41,598][com.java.SeleniumDriver] [ 1066] - ?   P A S S   ?
[INFO ][2015-11-05 12:47:41,598][com.java.SeleniumDriver] [  788] - ------------------------------------------
[INFO ][2015-11-05 12:47:41,598][com.java.SeleniumDriver] [  789] - Test case being Executed: 11
[INFO ][2015-11-05 12:47:41,598][com.java.SeleniumDriver] [  800] - Test step:46
[INFO ][2015-11-05 12:47:41,598][com.java.SeleniumDriver] [  812] - Datavalue is----------null
[DEBUG][2015-11-05 12:47:41,598][com.java.SeleniumDriver] [  830] - Exception: null
[INFO ][2015-11-05 12:47:41,598][com.java.SeleniumDriver] [  836] - DataField : BTNframeDialogContent
[INFO ][2015-11-05 12:47:41,598][com.java.SeleniumDriver] [  838] - DataValue : 
[INFO ][2015-11-05 12:47:41,598][com.java.SeleniumDriver] [  844] - <In Set values of the page>
[INFO ][2015-11-05 12:47:41,598][com.java.SeleniumDriver] [  847] - {Data Fields & Data Values Exist}
[INFO ][2015-11-05 12:47:41,598][com.java.SeleniumDriver] [  849] - --------------------------setting values-----------------------------
[INFO ][2015-11-05 12:47:41,598][com.java.SeleniumDriver] [  852] - Action Type : WaitForElement
[INFO ][2015-11-05 12:47:42,793][com.java.SeleniumDriver] [  861] -  RESULT true
[INFO ][2015-11-05 12:47:42,793][com.java.SeleniumDriver] [ 1066] - ?   P A S S   ?
[INFO ][2015-11-05 12:47:42,793][com.java.SeleniumDriver] [  788] - ------------------------------------------
[INFO ][2015-11-05 12:47:42,793][com.java.SeleniumDriver] [  789] - Test case being Executed: 11
[INFO ][2015-11-05 12:47:42,793][com.java.SeleniumDriver] [  800] - Test step:47
[INFO ][2015-11-05 12:47:42,793][com.java.SeleniumDriver] [  812] - Datavalue is----------frameDialogContent
[INFO ][2015-11-05 12:47:42,793][com.java.SeleniumDriver] [  836] - DataField : BTN
[INFO ][2015-11-05 12:47:42,793][com.java.SeleniumDriver] [  838] - DataValue : frameDialogContent
[INFO ][2015-11-05 12:47:42,793][com.java.SeleniumDriver] [  844] - <In Set values of the page>
[INFO ][2015-11-05 12:47:42,794][com.java.SeleniumDriver] [  847] - {Data Fields & Data Values Exist}
[INFO ][2015-11-05 12:47:42,794][com.java.SeleniumDriver] [  849] - --------------------------setting values-----------------------------
[INFO ][2015-11-05 12:47:42,794][com.java.SeleniumDriver] [  852] - Action Type : SELECTFRAMEBYNAME
[INFO ][2015-11-05 12:47:42,794][com.java.TestType] [ 3784] - value = frameDialogContent
[INFO ][2015-11-05 12:47:42,860][com.java.SeleniumDriver] [  861] -  RESULT true
[INFO ][2015-11-05 12:47:42,860][com.java.SeleniumDriver] [ 1066] - ?   P A S S   ?
[INFO ][2015-11-05 12:47:42,861][com.java.SeleniumDriver] [  788] - ------------------------------------------
[INFO ][2015-11-05 12:47:42,861][com.java.SeleniumDriver] [  789] - Test case being Executed: 11
[INFO ][2015-11-05 12:47:42,861][com.java.SeleniumDriver] [  800] - Test step:48
[INFO ][2015-11-05 12:47:42,861][com.java.SeleniumDriver] [  812] - Datavalue is----------No
[INFO ][2015-11-05 12:47:42,861][com.java.SeleniumDriver] [  836] - DataField : SLBddlOpenBDInNewWindow
[INFO ][2015-11-05 12:47:42,861][com.java.SeleniumDriver] [  838] - DataValue : No
[INFO ][2015-11-05 12:47:42,861][com.java.SeleniumDriver] [  844] - <In Set values of the page>
[INFO ][2015-11-05 12:47:42,861][com.java.SeleniumDriver] [  847] - {Data Fields & Data Values Exist}
[INFO ][2015-11-05 12:47:42,861][com.java.SeleniumDriver] [  849] - --------------------------setting values-----------------------------
[INFO ][2015-11-05 12:47:42,861][com.java.SeleniumDriver] [  852] - Action Type : Select
[INFO ][2015-11-05 12:47:42,861][com.java.TestType] [ 3784] - value = No
[INFO ][2015-11-05 12:47:45,142][com.java.SeleniumDriver] [  861] -  RESULT true
[INFO ][2015-11-05 12:47:45,142][com.java.SeleniumDriver] [ 1066] - ?   P A S S   ?
[INFO ][2015-11-05 12:47:45,142][com.java.SeleniumDriver] [  788] - ------------------------------------------
[INFO ][2015-11-05 12:47:45,142][com.java.SeleniumDriver] [  789] - Test case being Executed: 11
[INFO ][2015-11-05 12:47:45,142][com.java.SeleniumDriver] [  800] - Test step:49
[INFO ][2015-11-05 12:47:45,142][com.java.SeleniumDriver] [  812] - Datavalue is----------null
[DEBUG][2015-11-05 12:47:45,142][com.java.SeleniumDriver] [  830] - Exception: null
[INFO ][2015-11-05 12:47:45,142][com.java.SeleniumDriver] [  836] - DataField : BTNparent
[INFO ][2015-11-05 12:47:45,142][com.java.SeleniumDriver] [  838] - DataValue : 
[INFO ][2015-11-05 12:47:45,142][com.java.SeleniumDriver] [  844] - <In Set values of the page>
[INFO ][2015-11-05 12:47:45,142][com.java.SeleniumDriver] [  847] - {Data Fields & Data Values Exist}
[INFO ][2015-11-05 12:47:45,143][com.java.SeleniumDriver] [  849] - --------------------------setting values-----------------------------
[INFO ][2015-11-05 12:47:45,143][com.java.SeleniumDriver] [  852] - Action Type : SELECTFRAME
[INFO ][2015-11-05 12:47:45,155][com.java.SeleniumDriver] [  861] -  RESULT true
[INFO ][2015-11-05 12:47:45,155][com.java.SeleniumDriver] [ 1066] - ?   P A S S   ?
[INFO ][2015-11-05 12:47:45,155][com.java.SeleniumDriver] [  788] - ------------------------------------------
[INFO ][2015-11-05 12:47:45,155][com.java.SeleniumDriver] [  789] - Test case being Executed: 11
[INFO ][2015-11-05 12:47:45,155][com.java.SeleniumDriver] [  800] - Test step:50
[INFO ][2015-11-05 12:47:45,155][com.java.SeleniumDriver] [  812] - Datavalue is----------null
[DEBUG][2015-11-05 12:47:45,155][com.java.SeleniumDriver] [  830] - Exception: null
[INFO ][2015-11-05 12:47:45,155][com.java.SeleniumDriver] [  836] - DataField : BTN//span[text()='Finished']
[INFO ][2015-11-05 12:47:45,155][com.java.SeleniumDriver] [  838] - DataValue : 
[INFO ][2015-11-05 12:47:45,155][com.java.SeleniumDriver] [  844] - <In Set values of the page>
[INFO ][2015-11-05 12:47:45,155][com.java.SeleniumDriver] [  847] - {Data Fields & Data Values Exist}
[INFO ][2015-11-05 12:47:45,155][com.java.SeleniumDriver] [  849] - --------------------------setting values-----------------------------
[INFO ][2015-11-05 12:47:45,155][com.java.SeleniumDriver] [  852] - Action Type : Click
[INFO ][2015-11-05 12:47:45,156][com.java.TestType] [ 4097] - Field ::BTN//span[text()='Finished']
[INFO ][2015-11-05 12:47:46,156][com.java.TestType] [ 4135] - BEFORE CLICK
[INFO ][2015-11-05 12:47:46,451][com.java.TestType] [ 4142] - Unable to click the object Finished button
[INFO ][2015-11-05 12:47:46,451][com.java.SeleniumDriver] [  861] -  RESULT true
[INFO ][2015-11-05 12:47:46,451][com.java.SeleniumDriver] [ 1066] - ?   P A S S   ?
[INFO ][2015-11-05 12:47:46,451][com.java.SeleniumDriver] [  788] - ------------------------------------------
[INFO ][2015-11-05 12:47:46,451][com.java.SeleniumDriver] [  789] - Test case being Executed: 11
[INFO ][2015-11-05 12:47:46,452][com.java.SeleniumDriver] [  800] - Test step:51
[INFO ][2015-11-05 12:47:46,452][com.java.SeleniumDriver] [  812] - Datavalue is----------Logout
[INFO ][2015-11-05 12:47:46,452][com.java.SeleniumDriver] [  836] - DataField : LNK
[INFO ][2015-11-05 12:47:46,452][com.java.SeleniumDriver] [  838] - DataValue : Logout
[INFO ][2015-11-05 12:47:46,452][com.java.SeleniumDriver] [  844] - <In Set values of the page>
[INFO ][2015-11-05 12:47:46,452][com.java.SeleniumDriver] [  847] - {Data Fields & Data Values Exist}
[INFO ][2015-11-05 12:47:46,452][com.java.SeleniumDriver] [  849] - --------------------------setting values-----------------------------
[INFO ][2015-11-05 12:47:46,452][com.java.SeleniumDriver] [  852] - Action Type : Verify
[INFO ][2015-11-05 12:47:46,452][com.java.TestType] [ 4910] - field= LNK value= Logout
[INFO ][2015-11-05 12:47:46,452][com.java.TestType] [ 3784] - value = Logout
[INFO ][2015-11-05 12:47:46,556][com.java.SeleniumDriver] [  861] -  RESULT true
[INFO ][2015-11-05 12:47:46,556][com.java.SeleniumDriver] [ 1066] - ?   P A S S   ?
[INFO ][2015-11-05 12:47:46,556][com.java.SeleniumDriver] [  788] - ------------------------------------------
[INFO ][2015-11-05 12:47:46,556][com.java.SeleniumDriver] [  789] - Test case being Executed: 11
[INFO ][2015-11-05 12:47:46,556][com.java.SeleniumDriver] [  800] - Test step:52
[INFO ][2015-11-05 12:47:46,556][com.java.SeleniumDriver] [  812] - Datavalue is----------//img[contains(@src,'bdlogo.jpg')]
[INFO ][2015-11-05 12:47:46,556][com.java.SeleniumDriver] [  836] - DataField : BTN
[INFO ][2015-11-05 12:47:46,556][com.java.SeleniumDriver] [  838] - DataValue : //img[contains(@src,'bdlogo.jpg')]
[INFO ][2015-11-05 12:47:46,556][com.java.SeleniumDriver] [  844] - <In Set values of the page>
[INFO ][2015-11-05 12:47:46,556][com.java.SeleniumDriver] [  847] - {Data Fields & Data Values Exist}
[INFO ][2015-11-05 12:47:46,556][com.java.SeleniumDriver] [  849] - --------------------------setting values-----------------------------
[INFO ][2015-11-05 12:47:46,556][com.java.SeleniumDriver] [  852] - Action Type : Verify
[INFO ][2015-11-05 12:47:46,557][com.java.TestType] [ 4910] - field= BTN value= //img[contains(@src,'bdlogo.jpg')]
[INFO ][2015-11-05 12:47:46,557][com.java.TestType] [ 3784] - value = //img[contains(@src,'bdlogo.jpg')]
[INFO ][2015-11-05 12:47:46,620][com.java.SeleniumDriver] [  861] -  RESULT true
[INFO ][2015-11-05 12:47:46,620][com.java.SeleniumDriver] [ 1066] - ?   P A S S   ?
[INFO ][2015-11-05 12:47:46,620][com.java.SeleniumDriver] [  788] - ------------------------------------------
[INFO ][2015-11-05 12:47:46,620][com.java.SeleniumDriver] [  789] - Test case being Executed: 11
[INFO ][2015-11-05 12:47:46,620][com.java.SeleniumDriver] [  800] - Test step:53
[INFO ][2015-11-05 12:47:46,621][com.java.SeleniumDriver] [  812] - Datavalue is----------Concept#3:1-2
[INFO ][2015-11-05 12:47:46,621][com.java.SeleniumDriver] [  836] - DataField : test
[INFO ][2015-11-05 12:47:46,621][com.java.SeleniumDriver] [  838] - DataValue : Concept#3:1-2
[INFO ][2015-11-05 12:47:46,621][com.java.SeleniumDriver] [  844] - <In Set values of the page>
[INFO ][2015-11-05 12:47:46,621][com.java.SeleniumDriver] [  847] - {Data Fields & Data Values Exist}
[INFO ][2015-11-05 12:47:46,621][com.java.SeleniumDriver] [  849] - --------------------------setting values-----------------------------
[INFO ][2015-11-05 12:47:46,621][com.java.SeleniumDriver] [  852] - Action Type : ExecuteTestCase
[INFO ][2015-11-05 12:47:46,621][com.java.TestType] [  411] - The Concept sheet name is ---------- Concept
[INFO ][2015-11-05 12:47:46,621][com.java.TestType] [  414] - The Concept ID  is ---------- 3
[DEBUG][2015-11-05 12:47:46,621][com.java.TestType] [  418] - Steps being executted in the Concept are: 1:2
[INFO ][2015-11-05 12:47:46,621][com.java.TestType] [  425] - Test data details path ---------- D:\BankersDashboard\TestInputs\TestData.xls
[INFO ][2015-11-05 12:47:46,652][com.java.TestType] [  456] -  str(1) = 3
[INFO ][2015-11-05 12:47:46,652][com.java.TestType] [  459] - Test case Id is---3
[INFO ][2015-11-05 12:47:46,652][com.java.TestType] [  461] - 3
[INFO ][2015-11-05 12:47:46,652][com.java.TestType] [  456] -  str(2) = 1
[INFO ][2015-11-05 12:47:46,654][com.java.TestType] [  508] - row values are--------{1=com.java.Objects.TestDataDetails@1defd9}
[INFO ][2015-11-05 12:47:46,654][com.java.TestType] [  456] -  str(1) = 3
[INFO ][2015-11-05 12:47:46,654][com.java.TestType] [  459] - Test case Id is---3
[INFO ][2015-11-05 12:47:46,654][com.java.TestType] [  461] - 3
[INFO ][2015-11-05 12:47:46,654][com.java.TestType] [  456] -  str(2) = 2
[INFO ][2015-11-05 12:47:46,655][com.java.TestType] [  508] - row values are--------{1=com.java.Objects.TestDataDetails@1defd9, 2=com.java.Objects.TestDataDetails@153c244}
[INFO ][2015-11-05 12:47:46,655][com.java.TestType] [ 7933] - Looping 1TCID = 3
[DEBUG][2015-11-05 12:47:46,655][com.java.TestType] [ 7974] - Concept ID:3 :: Step being Executed: 3::1
[INFO ][2015-11-05 12:47:46,655][com.java.TestType] [ 8012] - dataFields : test
[DEBUG][2015-11-05 12:47:46,655][com.java.TestType] [ 8018] - <In Set values of the page>
[DEBUG][2015-11-05 12:47:46,656][com.java.TestType] [ 8023] - {Data Fields & Data Values Exist}
[INFO ][2015-11-05 12:47:46,656][com.java.TestType] [ 8029] - --------------------------setting values-----------------------------
[INFO ][2015-11-05 12:47:46,656][com.java.TestType] [ 8032] - Action Type : Logout
[INFO ][2015-11-05 12:47:56,496][com.java.TestType] [ 8051] -  RESULT false
[INFO ][2015-11-05 12:47:56,497][com.java.TestType] [ 8089] - ?   F A I L   ?
[DEBUG][2015-11-05 12:47:56,497][com.java.TestType] [ 8092] - Browser Type : IE11
[INFO ][2015-11-05 12:47:56,501][com.java.SeleniumDriver] [  861] -  RESULT false
[INFO ][2015-11-05 12:47:56,501][com.java.SeleniumDriver] [  908] - ?   F A I L   ?
[INFO ][2015-11-05 12:47:56,501][com.java.SeleniumDriver] [  916] - Browser Type : IE11
[INFO ][2015-11-05 12:47:56,501][com.java.SeleniumDriver] [  917] - Adding Failed case11
[WARN ][2015-11-05 12:47:56,518][com.java.SeleniumDriver] [  976] - Source 'D:\BankersDashboard\TestReports\110515' exists but is a directory
[INFO ][2015-11-05 12:47:56,518][com.java.SeleniumDriver] [ 1030] - failedCases = 11
[ERROR][2015-11-05 12:47:56,518][com.java.SeleniumDriver] [ 1516] - Platform Errors : Our apologies...::We have encountered an issue with your request.::Our apologies?:We encountered an issue with your request.
[INFO ][2015-11-05 12:47:56,518][com.java.SeleniumDriver] [ 1520] - Length =3
[ERROR][2015-11-05 12:47:56,518][com.java.SeleniumDriver] [ 1523] - Error 0 = Our apologies...
[DEBUG][2015-11-05 12:47:56,531][com.java.SeleniumDriver] [ 1536] - Unable to get the Platform Error list from Hash Map.
[ERROR][2015-11-05 12:47:56,531][com.java.SeleniumDriver] [  270] - Browser crashed. Opening new browser with same capabilities
[ERROR][2015-11-05 12:47:56,532][com.java.SeleniumDriver] [  271] - Error:
java.lang.NullPointerException
	at com.java.SeleniumDriver.testInitiation(SeleniumDriver.java:1124)
	at com.java.SeleniumDriver.setup(SeleniumDriver.java:255)
	at com.java.ExecuteThread.run(CreateClient.java:688)
	at java.lang.Thread.run(Thread.java:745)
[DEBUG][2015-11-05 12:47:57,736][com.java.SeleniumDriver] [  425] - Hub ip address is-------172.17.68.34
[INFO ][2015-11-05 12:47:57,736][com.java.SeleniumDriver] [  451] - Grid URL:http://172.17.68.34:4444/wd/hub
[INFO ][2015-11-05 12:47:57,736][com.java.SeleniumDriver] [  452] - Capability:Capabilities [{platform=ANY, ensureCleanSession=true, ignoreProtectedModeSettings=true, acceptSslCerts=true, ignoreZoomSetting=true, browserName=internet explorer, browserstack.ie.noFlash=true, version=Node1}]
[ERROR][2015-11-05 12:47:58,738][com.java.SeleniumDriver] [  496] - Unable invoke browser in grid:Could not start a new session. Possible causes are invalid address of the remote server or browser start-up failure.
Build info: version: '2.48.2', revision: '41bccdd', time: '2015-10-09 19:59:12'
System info: host: 'FVTIII438F1D', ip: '172.17.68.34', os.name: 'Windows 7', os.arch: 'x86', os.version: '6.1', java.version: '1.7.0_55'
Driver info: driver.version: SeleniumDriver
[INFO ][2015-11-05 12:47:58,739][com.java.SeleniumDriver] [  498] - Executing on local machine
[INFO ][2015-11-05 12:48:07,636][com.java.SeleniumDriver] [  752] - Test cases to be executed are: [1, 11]
[INFO ][2015-11-05 12:48:09,636][com.java.SeleniumDriver] [ 1297] - Total Number of Cases:2
[INFO ][2015-11-05 12:48:09,636][com.java.TemplateGenerator] [  302] - Executed:1
[INFO ][2015-11-05 12:48:09,636][com.java.TemplateGenerator] [  303] - Passed:1
[INFO ][2015-11-05 12:48:09,636][com.java.TemplateGenerator] [  304] - Failed:0
[INFO ][2015-11-05 12:48:09,636][com.java.TemplateGenerator] [  305] - Skipeed:1
[INFO ][2015-11-05 12:48:09,636][com.java.TemplateGenerator] [  306] - Application URL:https://clients-xuat.bankersdashboard.com
[INFO ][2015-11-05 12:48:09,636][com.java.TemplateGenerator] [  307] - Start Time:110515_124204
[INFO ][2015-11-05 12:48:09,636][com.java.TemplateGenerator] [  308] -  Creating HTML Report 
[ERROR][2015-11-05 12:48:09,637][com.java.TemplateGenerator] [  409] - Unparseable date: "Thu Nov 05 12:42:04 IST 2015"
[INFO ][2015-11-05 12:48:09,637][com.java.TemplateGenerator] [  654] -  Exporting case :: 1
[INFO ][2015-11-05 12:48:09,637][com.java.TemplateGenerator] [  654] -  Exporting case :: 11
[ERROR][2015-11-05 12:48:09,637][com.java.TemplateGenerator] [  693] -   Exception while exporting Cases to HTML
[ERROR][2015-11-05 12:48:09,637][com.java.TemplateGenerator] [  694] - 
[INFO ][2015-11-05 12:48:09,643][com.java.SeleniumDriver] [ 1346] - End Time:110515_124809
[INFO ][2015-11-05 12:48:09,643][com.java.SeleniumDriver] [ 1349] - Data in Test Execution Details:{1=PASS, 11=FAILTest case failed at Step No. :: 53   Error Message ::  In CONCEPT: Test case failed at Step No. :: 1   Error Message ::  Failed to logout from applicaiton}
[INFO ][2015-11-05 12:48:09,643][com.java.SeleniumDriver] [ 1350] - Data in Failed Execution Deatils:{}
[INFO ][2015-11-05 12:48:09,645][com.java.SeleniumDriver] [ 1352] - ReportCounter:Total:1 :: PASS: 1 ::FAIL: 0
[INFO ][2015-11-05 12:48:09,645][com.java.SeleniumDriver] [ 1353] - FailedReportCounter:Total:0 :: PASS: 0 ::FAIL: 0
[INFO ][2015-11-05 12:48:09,650][com.java.EmailTestReport] [   63] - Sending report mail details:
[INFO ][2015-11-05 12:48:09,650][com.java.EmailTestReport] [   80] - Excel Report Path:D:\BankersDashboard/TestReports/Test Results_BankersDashBoard_110515_124204_IE11_Simmons First National Bank.xls
[INFO ][2015-11-05 12:48:09,651][com.java.EmailTestReport] [   81] - HTML Report Path:D:\BankersDashboard//TestReports//Test Results_BankersDashBoard_110515_124204_IE11_Simmons First National Bank.html
[INFO ][2015-11-05 12:48:09,651][com.java.EmailTestReport] [   82] - smtpHostName:mail01.valuelabs.com
[INFO ][2015-11-05 12:48:09,651][com.java.EmailTestReport] [   83] - Recipient:venkateswararao.gubbala@valuelabs.com
[INFO ][2015-11-05 12:48:09,651][com.java.EmailTestReport] [   84] - From:venkateswararao.gubbala@valuelabs.com
[INFO ][2015-11-05 12:48:09,651][com.java.EmailTestReport] [   85] - Subject:Deluxe Corp Bankers Dashboard Automation Test Report - Simmons First National Bank - IE11
[INFO ][2015-11-05 12:48:09,667][com.java.EmailTestReport] [  143] -  Added venkateswararao.gubbala@valuelabs.com
[INFO ][2015-11-05 12:48:13,052][com.java.SeleniumDriver] [  719] - quitting the browser 
[INFO ][2015-11-05 12:48:14,167][com.java.SeleniumDriver] [  286] - Execution Completed Stopping the thread, (Additional info Browser got crashed in the the total execution)
