[INFO ][2015-11-09 12:24:26,267][com.java.SeleniumDriver] [  213] - Execute Failed Casesfalse
[INFO ][2015-11-09 12:24:26,298][com.java.SeleniumDriver] [  214] - Browser: IE11
[INFO ][2015-11-09 12:24:26,298][com.java.SeleniumDriver] [  215] - [1, 7]
[INFO ][2015-11-09 12:24:26,298][com.java.SeleniumDriver] [  216] - Total TestCases:2
[INFO ][2015-11-09 12:24:26,298][com.java.SeleniumDriver] [  217] -  Reading Properties from Property File 
[DEBUG][2015-11-09 12:24:26,314][com.java.SeleniumDriver] [  238] - url : https://clients-xuat.bankersdashboard.com
[INFO ][2015-11-09 12:24:26,314][com.java.ImportnExport.ExportTestResultsExcel] [  116] - Time Stamp Mon Nov 09 12:24:26 IST 2015
[INFO ][2015-11-09 12:24:26,314][com.java.ImportnExport.ExportTestResultsExcel] [  175] - OUT FILE : D:\BankersDashboard/TestReports/Test Results_BankersDashBoard_110915_122426_IE11_Any Bank USA.xls
[INFO ][2015-11-09 12:24:26,393][com.java.ImportnExport.ExportTestResultsExcel] [  180] - Test Result file is created
[DEBUG][2015-11-09 12:24:26,985][com.java.SeleniumDriver] [  425] - Hub ip address is-------172.17.68.34
[INFO ][2015-11-09 12:24:26,986][com.java.SeleniumDriver] [  451] - Grid URL:http://172.17.68.34:4444/wd/hub
[INFO ][2015-11-09 12:24:26,986][com.java.SeleniumDriver] [  452] - Capability:Capabilities [{platform=ANY, ensureCleanSession=true, ignoreProtectedModeSettings=true, acceptSslCerts=true, ignoreZoomSetting=true, browserName=internet explorer, browserstack.ie.noFlash=true, version=Node1}]
[ERROR][2015-11-09 12:24:29,839][com.java.SeleniumDriver] [  496] - Unable invoke browser in grid:Could not start a new session. Possible causes are invalid address of the remote server or browser start-up failure.
Build info: version: '2.48.2', revision: '41bccdd', time: '2015-10-09 19:59:12'
System info: host: 'FVTIII438F1D', ip: '172.17.68.34', os.name: 'Windows 7', os.arch: 'x86', os.version: '6.1', java.version: '1.7.0_55'
Driver info: driver.version: SeleniumDriver
[INFO ][2015-11-09 12:24:29,839][com.java.SeleniumDriver] [  498] - Executing on local machine
[INFO ][2015-11-09 12:24:47,068][com.java.SeleniumDriver] [  248] - IE11is opened
[INFO ][2015-11-09 12:24:47,949][com.java.SeleniumDriver] [  752] - Test cases to be executed are: [1, 7]
[INFO ][2015-11-09 12:24:47,949][com.java.ImportnExport.ImportTestDataDetailsExcel] [   49] - test data details path===== D:\BankersDashboard\TestInputs\TestData.xls
[INFO ][2015-11-09 12:24:58,915][com.java.SeleniumDriver] [  788] - ------------------------------------------
[INFO ][2015-11-09 12:24:58,915][com.java.SeleniumDriver] [  789] - Test case being Executed: 1
[INFO ][2015-11-09 12:24:59,010][com.java.SeleniumDriver] [  800] - Test step:1
[INFO ][2015-11-09 12:24:59,010][com.java.SeleniumDriver] [  812] - Datavalue is----------Concept#1:1-14
[INFO ][2015-11-09 12:24:59,010][com.java.SeleniumDriver] [  836] - DataField : test
[INFO ][2015-11-09 12:24:59,010][com.java.SeleniumDriver] [  838] - DataValue : Concept#1:1-14
[INFO ][2015-11-09 12:24:59,010][com.java.SeleniumDriver] [  844] - <In Set values of the page>
[INFO ][2015-11-09 12:24:59,010][com.java.SeleniumDriver] [  847] - {Data Fields & Data Values Exist}
[INFO ][2015-11-09 12:24:59,010][com.java.SeleniumDriver] [  849] - --------------------------setting values-----------------------------
[INFO ][2015-11-09 12:24:59,010][com.java.SeleniumDriver] [  852] - Action Type : ExecuteTestCase
[INFO ][2015-11-09 12:24:59,400][com.java.TestType] [  420] - The Concept sheet name is ---------- Concept
[INFO ][2015-11-09 12:24:59,400][com.java.TestType] [  423] - The Concept ID  is ---------- 1
[DEBUG][2015-11-09 12:24:59,400][com.java.TestType] [  427] - Steps being executted in the Concept are: 1:14
[INFO ][2015-11-09 12:24:59,400][com.java.TestType] [  434] - Test data details path ---------- D:\BankersDashboard\TestInputs\TestData.xls
[INFO ][2015-11-09 12:24:59,432][com.java.TestType] [  465] -  str(1) = 1
[INFO ][2015-11-09 12:24:59,432][com.java.TestType] [  468] - Test case Id is---1
[INFO ][2015-11-09 12:24:59,432][com.java.TestType] [  470] - 1
[INFO ][2015-11-09 12:24:59,432][com.java.TestType] [  465] -  str(2) = 1
[INFO ][2015-11-09 12:24:59,432][com.java.TestType] [  517] - row values are--------{1=com.java.Objects.TestDataDetails@b3f359}
[INFO ][2015-11-09 12:24:59,432][com.java.TestType] [  465] -  str(1) = 1
[INFO ][2015-11-09 12:24:59,432][com.java.TestType] [  468] - Test case Id is---1
[INFO ][2015-11-09 12:24:59,432][com.java.TestType] [  470] - 1
[INFO ][2015-11-09 12:24:59,432][com.java.TestType] [  465] -  str(2) = 2
[INFO ][2015-11-09 12:24:59,432][com.java.TestType] [  517] - row values are--------{1=com.java.Objects.TestDataDetails@b3f359, 2=com.java.Objects.TestDataDetails@159a197}
[INFO ][2015-11-09 12:24:59,432][com.java.TestType] [  465] -  str(1) = 1
[INFO ][2015-11-09 12:24:59,432][com.java.TestType] [  468] - Test case Id is---1
[INFO ][2015-11-09 12:24:59,432][com.java.TestType] [  470] - 1
[INFO ][2015-11-09 12:24:59,432][com.java.TestType] [  465] -  str(2) = 3
[INFO ][2015-11-09 12:24:59,432][com.java.TestType] [  517] - row values are--------{1=com.java.Objects.TestDataDetails@b3f359, 2=com.java.Objects.TestDataDetails@159a197, 3=com.java.Objects.TestDataDetails@1ea0aa2}
[INFO ][2015-11-09 12:24:59,432][com.java.TestType] [  465] -  str(1) = 1
[INFO ][2015-11-09 12:24:59,432][com.java.TestType] [  468] - Test case Id is---1
[INFO ][2015-11-09 12:24:59,432][com.java.TestType] [  470] - 1
[INFO ][2015-11-09 12:24:59,432][com.java.TestType] [  465] -  str(2) = 4
[INFO ][2015-11-09 12:24:59,432][com.java.TestType] [  517] - row values are--------{1=com.java.Objects.TestDataDetails@b3f359, 2=com.java.Objects.TestDataDetails@159a197, 3=com.java.Objects.TestDataDetails@1ea0aa2, 4=com.java.Objects.TestDataDetails@c1a108}
[INFO ][2015-11-09 12:24:59,432][com.java.TestType] [  465] -  str(1) = 1
[INFO ][2015-11-09 12:24:59,432][com.java.TestType] [  468] - Test case Id is---1
[INFO ][2015-11-09 12:24:59,432][com.java.TestType] [  470] - 1
[INFO ][2015-11-09 12:24:59,432][com.java.TestType] [  465] -  str(2) = 5
[INFO ][2015-11-09 12:24:59,447][com.java.TestType] [  517] - row values are--------{1=com.java.Objects.TestDataDetails@b3f359, 2=com.java.Objects.TestDataDetails@159a197, 3=com.java.Objects.TestDataDetails@1ea0aa2, 4=com.java.Objects.TestDataDetails@c1a108, 5=com.java.Objects.TestDataDetails@55acbc}
[INFO ][2015-11-09 12:24:59,447][com.java.TestType] [  465] -  str(1) = 1
[INFO ][2015-11-09 12:24:59,447][com.java.TestType] [  468] - Test case Id is---1
[INFO ][2015-11-09 12:24:59,447][com.java.TestType] [  470] - 1
[INFO ][2015-11-09 12:24:59,447][com.java.TestType] [  465] -  str(2) = 6
[INFO ][2015-11-09 12:24:59,447][com.java.TestType] [  517] - row values are--------{1=com.java.Objects.TestDataDetails@b3f359, 2=com.java.Objects.TestDataDetails@159a197, 3=com.java.Objects.TestDataDetails@1ea0aa2, 4=com.java.Objects.TestDataDetails@c1a108, 5=com.java.Objects.TestDataDetails@55acbc, 6=com.java.Objects.TestDataDetails@f5560e}
[INFO ][2015-11-09 12:24:59,447][com.java.TestType] [  465] -  str(1) = 1
[INFO ][2015-11-09 12:24:59,447][com.java.TestType] [  468] - Test case Id is---1
[INFO ][2015-11-09 12:24:59,447][com.java.TestType] [  470] - 1
[INFO ][2015-11-09 12:24:59,447][com.java.TestType] [  465] -  str(2) = 7
[INFO ][2015-11-09 12:24:59,447][com.java.TestType] [  517] - row values are--------{1=com.java.Objects.TestDataDetails@b3f359, 2=com.java.Objects.TestDataDetails@159a197, 3=com.java.Objects.TestDataDetails@1ea0aa2, 4=com.java.Objects.TestDataDetails@c1a108, 5=com.java.Objects.TestDataDetails@55acbc, 6=com.java.Objects.TestDataDetails@f5560e, 7=com.java.Objects.TestDataDetails@6addb8}
[INFO ][2015-11-09 12:24:59,447][com.java.TestType] [  465] -  str(1) = 1
[INFO ][2015-11-09 12:24:59,447][com.java.TestType] [  468] - Test case Id is---1
[INFO ][2015-11-09 12:24:59,447][com.java.TestType] [  470] - 1
[INFO ][2015-11-09 12:24:59,447][com.java.TestType] [  465] -  str(2) = 8
[INFO ][2015-11-09 12:24:59,447][com.java.TestType] [  517] - row values are--------{1=com.java.Objects.TestDataDetails@b3f359, 2=com.java.Objects.TestDataDetails@159a197, 3=com.java.Objects.TestDataDetails@1ea0aa2, 4=com.java.Objects.TestDataDetails@c1a108, 5=com.java.Objects.TestDataDetails@55acbc, 6=com.java.Objects.TestDataDetails@f5560e, 7=com.java.Objects.TestDataDetails@6addb8, 8=com.java.Objects.TestDataDetails@d4cdd5}
[INFO ][2015-11-09 12:24:59,447][com.java.TestType] [  465] -  str(1) = 1
[INFO ][2015-11-09 12:24:59,447][com.java.TestType] [  468] - Test case Id is---1
[INFO ][2015-11-09 12:24:59,447][com.java.TestType] [  470] - 1
[INFO ][2015-11-09 12:24:59,447][com.java.TestType] [  465] -  str(2) = 9
[INFO ][2015-11-09 12:24:59,447][com.java.TestType] [  517] - row values are--------{1=com.java.Objects.TestDataDetails@b3f359, 2=com.java.Objects.TestDataDetails@159a197, 3=com.java.Objects.TestDataDetails@1ea0aa2, 4=com.java.Objects.TestDataDetails@c1a108, 5=com.java.Objects.TestDataDetails@55acbc, 6=com.java.Objects.TestDataDetails@f5560e, 7=com.java.Objects.TestDataDetails@6addb8, 8=com.java.Objects.TestDataDetails@d4cdd5, 9=com.java.Objects.TestDataDetails@1556d56}
[INFO ][2015-11-09 12:24:59,447][com.java.TestType] [  465] -  str(1) = 1
[INFO ][2015-11-09 12:24:59,447][com.java.TestType] [  468] - Test case Id is---1
[INFO ][2015-11-09 12:24:59,447][com.java.TestType] [  470] - 1
[INFO ][2015-11-09 12:24:59,447][com.java.TestType] [  465] -  str(2) = 10
[INFO ][2015-11-09 12:24:59,447][com.java.TestType] [  517] - row values are--------{1=com.java.Objects.TestDataDetails@b3f359, 2=com.java.Objects.TestDataDetails@159a197, 3=com.java.Objects.TestDataDetails@1ea0aa2, 4=com.java.Objects.TestDataDetails@c1a108, 5=com.java.Objects.TestDataDetails@55acbc, 6=com.java.Objects.TestDataDetails@f5560e, 7=com.java.Objects.TestDataDetails@6addb8, 8=com.java.Objects.TestDataDetails@d4cdd5, 9=com.java.Objects.TestDataDetails@1556d56, 10=com.java.Objects.TestDataDetails@bc720e}
[INFO ][2015-11-09 12:24:59,447][com.java.TestType] [  465] -  str(1) = 1
[INFO ][2015-11-09 12:24:59,447][com.java.TestType] [  468] - Test case Id is---1
[INFO ][2015-11-09 12:24:59,447][com.java.TestType] [  470] - 1
[INFO ][2015-11-09 12:24:59,447][com.java.TestType] [  465] -  str(2) = 11
[INFO ][2015-11-09 12:24:59,447][com.java.TestType] [  517] - row values are--------{1=com.java.Objects.TestDataDetails@b3f359, 2=com.java.Objects.TestDataDetails@159a197, 3=com.java.Objects.TestDataDetails@1ea0aa2, 4=com.java.Objects.TestDataDetails@c1a108, 5=com.java.Objects.TestDataDetails@55acbc, 6=com.java.Objects.TestDataDetails@f5560e, 7=com.java.Objects.TestDataDetails@6addb8, 8=com.java.Objects.TestDataDetails@d4cdd5, 9=com.java.Objects.TestDataDetails@1556d56, 10=com.java.Objects.TestDataDetails@bc720e, 11=com.java.Objects.TestDataDetails@2a09a0}
[INFO ][2015-11-09 12:24:59,447][com.java.TestType] [  465] -  str(1) = 1
[INFO ][2015-11-09 12:24:59,447][com.java.TestType] [  468] - Test case Id is---1
[INFO ][2015-11-09 12:24:59,447][com.java.TestType] [  470] - 1
[INFO ][2015-11-09 12:24:59,447][com.java.TestType] [  465] -  str(2) = 12
[INFO ][2015-11-09 12:24:59,447][com.java.TestType] [  517] - row values are--------{1=com.java.Objects.TestDataDetails@b3f359, 2=com.java.Objects.TestDataDetails@159a197, 3=com.java.Objects.TestDataDetails@1ea0aa2, 4=com.java.Objects.TestDataDetails@c1a108, 5=com.java.Objects.TestDataDetails@55acbc, 6=com.java.Objects.TestDataDetails@f5560e, 7=com.java.Objects.TestDataDetails@6addb8, 8=com.java.Objects.TestDataDetails@d4cdd5, 9=com.java.Objects.TestDataDetails@1556d56, 10=com.java.Objects.TestDataDetails@bc720e, 11=com.java.Objects.TestDataDetails@2a09a0, 12=com.java.Objects.TestDataDetails@d2f95b}
[INFO ][2015-11-09 12:24:59,447][com.java.TestType] [  465] -  str(1) = 1
[INFO ][2015-11-09 12:24:59,447][com.java.TestType] [  468] - Test case Id is---1
[INFO ][2015-11-09 12:24:59,447][com.java.TestType] [  470] - 1
[INFO ][2015-11-09 12:24:59,447][com.java.TestType] [  465] -  str(2) = 13
[INFO ][2015-11-09 12:24:59,447][com.java.TestType] [  517] - row values are--------{1=com.java.Objects.TestDataDetails@b3f359, 2=com.java.Objects.TestDataDetails@159a197, 3=com.java.Objects.TestDataDetails@1ea0aa2, 4=com.java.Objects.TestDataDetails@c1a108, 5=com.java.Objects.TestDataDetails@55acbc, 6=com.java.Objects.TestDataDetails@f5560e, 7=com.java.Objects.TestDataDetails@6addb8, 8=com.java.Objects.TestDataDetails@d4cdd5, 9=com.java.Objects.TestDataDetails@1556d56, 10=com.java.Objects.TestDataDetails@bc720e, 11=com.java.Objects.TestDataDetails@2a09a0, 12=com.java.Objects.TestDataDetails@d2f95b, 13=com.java.Objects.TestDataDetails@1cc87e3}
[INFO ][2015-11-09 12:24:59,447][com.java.TestType] [  465] -  str(1) = 1
[INFO ][2015-11-09 12:24:59,447][com.java.TestType] [  468] - Test case Id is---1
[INFO ][2015-11-09 12:24:59,447][com.java.TestType] [  470] - 1
[INFO ][2015-11-09 12:24:59,447][com.java.TestType] [  465] -  str(2) = 14
[INFO ][2015-11-09 12:24:59,447][com.java.TestType] [  517] - row values are--------{1=com.java.Objects.TestDataDetails@b3f359, 2=com.java.Objects.TestDataDetails@159a197, 3=com.java.Objects.TestDataDetails@1ea0aa2, 4=com.java.Objects.TestDataDetails@c1a108, 5=com.java.Objects.TestDataDetails@55acbc, 6=com.java.Objects.TestDataDetails@f5560e, 7=com.java.Objects.TestDataDetails@6addb8, 8=com.java.Objects.TestDataDetails@d4cdd5, 9=com.java.Objects.TestDataDetails@1556d56, 10=com.java.Objects.TestDataDetails@bc720e, 11=com.java.Objects.TestDataDetails@2a09a0, 12=com.java.Objects.TestDataDetails@d2f95b, 13=com.java.Objects.TestDataDetails@1cc87e3, 14=com.java.Objects.TestDataDetails@13ab52c}
[INFO ][2015-11-09 12:24:59,447][com.java.TestType] [ 8225] - Looping 1TCID = 1
[DEBUG][2015-11-09 12:24:59,447][com.java.TestType] [ 8266] - Concept ID:1 :: Step being Executed: 1::1
[INFO ][2015-11-09 12:24:59,447][com.java.TestType] [ 8304] - dataFields : TXTusername
[DEBUG][2015-11-09 12:24:59,447][com.java.TestType] [ 8310] - <In Set values of the page>
[DEBUG][2015-11-09 12:24:59,447][com.java.TestType] [ 8315] - {Data Fields & Data Values Exist}
[INFO ][2015-11-09 12:24:59,447][com.java.TestType] [ 8321] - --------------------------setting values-----------------------------
[INFO ][2015-11-09 12:24:59,447][com.java.TestType] [ 8324] - Action Type : CLEARANDENTER
[INFO ][2015-11-09 12:24:59,447][com.java.TestType] [ 4075] - value = naresh.nayini.00000
[INFO ][2015-11-09 12:25:04,672][com.java.TestType] [ 8343] -  RESULT true
[INFO ][2015-11-09 12:25:04,672][com.java.TestType] [ 8460] - ?   P A S S   ?
[DEBUG][2015-11-09 12:25:04,672][com.java.TestType] [ 8266] - Concept ID:1 :: Step being Executed: 1::2
[INFO ][2015-11-09 12:25:04,672][com.java.TestType] [ 8304] - dataFields : TXTpassword
[DEBUG][2015-11-09 12:25:04,672][com.java.TestType] [ 8310] - <In Set values of the page>
[DEBUG][2015-11-09 12:25:04,672][com.java.TestType] [ 8315] - {Data Fields & Data Values Exist}
[INFO ][2015-11-09 12:25:04,672][com.java.TestType] [ 8321] - --------------------------setting values-----------------------------
[INFO ][2015-11-09 12:25:04,672][com.java.TestType] [ 8324] - Action Type : CLEARANDENTER
[INFO ][2015-11-09 12:25:04,672][com.java.TestType] [ 4075] - value = Password1*
[INFO ][2015-11-09 12:25:09,880][com.java.TestType] [ 8343] -  RESULT true
[INFO ][2015-11-09 12:25:09,880][com.java.TestType] [ 8460] - ?   P A S S   ?
[DEBUG][2015-11-09 12:25:09,880][com.java.TestType] [ 8266] - Concept ID:1 :: Step being Executed: 1::3
[ERROR][2015-11-09 12:25:09,880][com.java.TestType] [ 8299] - Exception: null
[INFO ][2015-11-09 12:25:09,880][com.java.TestType] [ 8304] - dataFields : XPH//button[@type='submit']
[DEBUG][2015-11-09 12:25:09,880][com.java.TestType] [ 8310] - <In Set values of the page>
[DEBUG][2015-11-09 12:25:09,880][com.java.TestType] [ 8315] - {Data Fields & Data Values Exist}
[INFO ][2015-11-09 12:25:09,880][com.java.TestType] [ 8321] - --------------------------setting values-----------------------------
[INFO ][2015-11-09 12:25:09,880][com.java.TestType] [ 8324] - Action Type : Click
[INFO ][2015-11-09 12:25:09,880][com.java.TestType] [ 4388] - Field ::XPH//button[@type='submit']
[INFO ][2015-11-09 12:25:10,909][com.java.TestType] [ 4447] - BEFORE CLICK
[INFO ][2015-11-09 12:25:11,893][com.java.TestType] [ 4455] - Unable to click the object Login
[INFO ][2015-11-09 12:25:11,893][com.java.TestType] [ 8343] -  RESULT true
[INFO ][2015-11-09 12:25:11,893][com.java.TestType] [ 8460] - ?   P A S S   ?
[DEBUG][2015-11-09 12:25:11,893][com.java.TestType] [ 8266] - Concept ID:1 :: Step being Executed: 1::4
[INFO ][2015-11-09 12:25:11,893][com.java.TestType] [ 8304] - dataFields : LNKLogout
[DEBUG][2015-11-09 12:25:11,893][com.java.TestType] [ 8310] - <In Set values of the page>
[DEBUG][2015-11-09 12:25:11,893][com.java.TestType] [ 8315] - {Data Fields & Data Values Exist}
[INFO ][2015-11-09 12:25:11,893][com.java.TestType] [ 8321] - --------------------------setting values-----------------------------
[INFO ][2015-11-09 12:25:11,893][com.java.TestType] [ 8324] - Action Type : WaitForElement
[INFO ][2015-11-09 12:25:23,119][com.java.TestType] [ 8343] -  RESULT true
[INFO ][2015-11-09 12:25:23,119][com.java.TestType] [ 8460] - ?   P A S S   ?
[DEBUG][2015-11-09 12:25:23,119][com.java.TestType] [ 8266] - Concept ID:1 :: Step being Executed: 1::13
[INFO ][2015-11-09 12:25:23,119][com.java.TestType] [ 8304] - dataFields : LNK
[DEBUG][2015-11-09 12:25:23,119][com.java.TestType] [ 8310] - <In Set values of the page>
[DEBUG][2015-11-09 12:25:23,119][com.java.TestType] [ 8315] - {Data Fields & Data Values Exist}
[INFO ][2015-11-09 12:25:23,119][com.java.TestType] [ 8321] - --------------------------setting values-----------------------------
[INFO ][2015-11-09 12:25:23,119][com.java.TestType] [ 8324] - Action Type : Verify
[INFO ][2015-11-09 12:25:23,119][com.java.TestType] [ 5201] - field= LNK value= Logout
[INFO ][2015-11-09 12:25:23,151][com.java.TestType] [ 4075] - value = Logout
[INFO ][2015-11-09 12:25:23,213][com.java.TestType] [ 8343] -  RESULT true
[INFO ][2015-11-09 12:25:23,213][com.java.TestType] [ 8460] - ?   P A S S   ?
[DEBUG][2015-11-09 12:25:23,213][com.java.TestType] [ 8266] - Concept ID:1 :: Step being Executed: 1::14
[INFO ][2015-11-09 12:25:23,213][com.java.TestType] [ 8304] - dataFields : BTN
[DEBUG][2015-11-09 12:25:23,213][com.java.TestType] [ 8310] - <In Set values of the page>
[DEBUG][2015-11-09 12:25:23,213][com.java.TestType] [ 8315] - {Data Fields & Data Values Exist}
[INFO ][2015-11-09 12:25:23,213][com.java.TestType] [ 8321] - --------------------------setting values-----------------------------
[INFO ][2015-11-09 12:25:23,213][com.java.TestType] [ 8324] - Action Type : Verify
[INFO ][2015-11-09 12:25:23,213][com.java.TestType] [ 5201] - field= BTN value= //img[contains(@src,'bdlogo.jpg')]
[INFO ][2015-11-09 12:25:23,213][com.java.TestType] [ 4075] - value = //img[contains(@src,'bdlogo.jpg')]
[INFO ][2015-11-09 12:25:23,276][com.java.TestType] [ 8343] -  RESULT true
[INFO ][2015-11-09 12:25:23,276][com.java.TestType] [ 8460] - ?   P A S S   ?
[INFO ][2015-11-09 12:25:23,276][com.java.TestType] [ 8531] - Looping End......
[INFO ][2015-11-09 12:25:23,276][com.java.SeleniumDriver] [  861] -  RESULT true
[INFO ][2015-11-09 12:25:23,276][com.java.SeleniumDriver] [ 1066] - ?   P A S S   ?
[INFO ][2015-11-09 12:25:23,276][com.java.SeleniumDriver] [  788] - ------------------------------------------
[INFO ][2015-11-09 12:25:23,276][com.java.SeleniumDriver] [  789] - Test case being Executed: 1
[INFO ][2015-11-09 12:25:23,276][com.java.SeleniumDriver] [  800] - Test step:2
[INFO ][2015-11-09 12:25:23,276][com.java.SeleniumDriver] [  812] - Datavalue is----------Concept#2:1-2
[INFO ][2015-11-09 12:25:23,276][com.java.SeleniumDriver] [  836] - DataField : test
[INFO ][2015-11-09 12:25:23,276][com.java.SeleniumDriver] [  838] - DataValue : Concept#2:1-2
[INFO ][2015-11-09 12:25:23,276][com.java.SeleniumDriver] [  844] - <In Set values of the page>
[INFO ][2015-11-09 12:25:23,276][com.java.SeleniumDriver] [  847] - {Data Fields & Data Values Exist}
[INFO ][2015-11-09 12:25:23,276][com.java.SeleniumDriver] [  849] - --------------------------setting values-----------------------------
[INFO ][2015-11-09 12:25:23,276][com.java.SeleniumDriver] [  852] - Action Type : ExecuteTestCase
[INFO ][2015-11-09 12:25:23,276][com.java.TestType] [  420] - The Concept sheet name is ---------- Concept
[INFO ][2015-11-09 12:25:23,276][com.java.TestType] [  423] - The Concept ID  is ---------- 2
[DEBUG][2015-11-09 12:25:23,276][com.java.TestType] [  427] - Steps being executted in the Concept are: 1:2
[INFO ][2015-11-09 12:25:23,276][com.java.TestType] [  434] - Test data details path ---------- D:\BankersDashboard\TestInputs\TestData.xls
[INFO ][2015-11-09 12:25:23,307][com.java.TestType] [  465] -  str(1) = 2
[INFO ][2015-11-09 12:25:23,307][com.java.TestType] [  468] - Test case Id is---2
[INFO ][2015-11-09 12:25:23,307][com.java.TestType] [  470] - 2
[INFO ][2015-11-09 12:25:23,307][com.java.TestType] [  465] -  str(2) = 1
[INFO ][2015-11-09 12:25:23,307][com.java.TestType] [  517] - row values are--------{1=com.java.Objects.TestDataDetails@8e2cf}
[INFO ][2015-11-09 12:25:23,307][com.java.TestType] [  465] -  str(1) = 2
[INFO ][2015-11-09 12:25:23,307][com.java.TestType] [  468] - Test case Id is---2
[INFO ][2015-11-09 12:25:23,307][com.java.TestType] [  470] - 2
[INFO ][2015-11-09 12:25:23,307][com.java.TestType] [  465] -  str(2) = 2
[INFO ][2015-11-09 12:25:23,307][com.java.TestType] [  517] - row values are--------{1=com.java.Objects.TestDataDetails@8e2cf, 2=com.java.Objects.TestDataDetails@973268}
[INFO ][2015-11-09 12:25:23,307][com.java.TestType] [  465] -  str(1) = 2
[INFO ][2015-11-09 12:25:23,307][com.java.TestType] [  468] - Test case Id is---2
[INFO ][2015-11-09 12:25:23,307][com.java.TestType] [  470] - 2
[INFO ][2015-11-09 12:25:23,307][com.java.TestType] [  465] -  str(2) = 3
[INFO ][2015-11-09 12:25:23,307][com.java.TestType] [  517] - row values are--------{1=com.java.Objects.TestDataDetails@8e2cf, 2=com.java.Objects.TestDataDetails@973268, 3=com.java.Objects.TestDataDetails@7d4335}
[INFO ][2015-11-09 12:25:23,307][com.java.TestType] [ 8225] - Looping 1TCID = 2
[DEBUG][2015-11-09 12:25:23,307][com.java.TestType] [ 8266] - Concept ID:2 :: Step being Executed: 2::1
[INFO ][2015-11-09 12:25:23,307][com.java.TestType] [ 8304] - dataFields : BNK//select[@id='bank']
[DEBUG][2015-11-09 12:25:23,307][com.java.TestType] [ 8310] - <In Set values of the page>
[DEBUG][2015-11-09 12:25:23,307][com.java.TestType] [ 8315] - {Data Fields & Data Values Exist}
[INFO ][2015-11-09 12:25:23,307][com.java.TestType] [ 8321] - --------------------------setting values-----------------------------
[INFO ][2015-11-09 12:25:23,307][com.java.TestType] [ 8324] - Action Type : Select
[INFO ][2015-11-09 12:25:23,307][com.java.TestType] [ 4075] - value = PFC
[INFO ][2015-11-09 12:25:23,572][com.java.TestType] [ 8343] -  RESULT true
[INFO ][2015-11-09 12:25:23,572][com.java.TestType] [ 8460] - ?   P A S S   ?
[DEBUG][2015-11-09 12:25:23,572][com.java.TestType] [ 8266] - Concept ID:2 :: Step being Executed: 2::2
[INFO ][2015-11-09 12:25:23,572][com.java.TestType] [ 8304] - dataFields : LNKLogout
[DEBUG][2015-11-09 12:25:23,572][com.java.TestType] [ 8310] - <In Set values of the page>
[DEBUG][2015-11-09 12:25:23,572][com.java.TestType] [ 8315] - {Data Fields & Data Values Exist}
[INFO ][2015-11-09 12:25:23,572][com.java.TestType] [ 8321] - --------------------------setting values-----------------------------
[INFO ][2015-11-09 12:25:23,572][com.java.TestType] [ 8324] - Action Type : WaitTime
[DEBUG][2015-11-09 12:25:23,572][com.java.TestType] [ 3911] - sleepTime: 5000
[INFO ][2015-11-09 12:25:28,544][com.java.TestType] [ 8343] -  RESULT true
[INFO ][2015-11-09 12:25:28,544][com.java.TestType] [ 8460] - ?   P A S S   ?
[INFO ][2015-11-09 12:25:28,544][com.java.TestType] [ 8531] - Looping End......
[INFO ][2015-11-09 12:25:28,545][com.java.SeleniumDriver] [  861] -  RESULT true
[INFO ][2015-11-09 12:25:28,545][com.java.SeleniumDriver] [ 1066] - ?   P A S S   ?
[INFO ][2015-11-09 12:25:28,545][com.java.SeleniumDriver] [  788] - ------------------------------------------
[INFO ][2015-11-09 12:25:28,545][com.java.SeleniumDriver] [  789] - Test case being Executed: 1
[INFO ][2015-11-09 12:25:28,545][com.java.SeleniumDriver] [  800] - Test step:3
[INFO ][2015-11-09 12:25:28,545][com.java.SeleniumDriver] [  812] - Datavalue is----------2
[INFO ][2015-11-09 12:25:28,545][com.java.SeleniumDriver] [  836] - DataField : XPH//button[contains(text(),'Add Content')]
[INFO ][2015-11-09 12:25:28,545][com.java.SeleniumDriver] [  838] - DataValue : 2
[INFO ][2015-11-09 12:25:28,547][com.java.SeleniumDriver] [  844] - <In Set values of the page>
[INFO ][2015-11-09 12:25:28,547][com.java.SeleniumDriver] [  847] - {Data Fields & Data Values Exist}
[INFO ][2015-11-09 12:25:28,547][com.java.SeleniumDriver] [  849] - --------------------------setting values-----------------------------
[INFO ][2015-11-09 12:25:28,547][com.java.SeleniumDriver] [  852] - Action Type : WAITFORELEMENT
[INFO ][2015-11-09 12:25:28,670][com.java.SeleniumDriver] [  861] -  RESULT true
[INFO ][2015-11-09 12:25:28,670][com.java.SeleniumDriver] [ 1066] - ?   P A S S   ?
[DEBUG][2015-11-09 12:25:28,670][com.java.SeleniumDriver] [ 1168] - Case found
[DEBUG][2015-11-09 12:25:28,670][com.java.SeleniumDriver] [ 1173] - Incrementing ReportCounters[0]:1
[INFO ][2015-11-09 12:25:28,670][com.java.SeleniumDriver] [ 1192] - The results are-------------------[1, 1, Valid Login, Pass, , Mon Nov 09 12:25:23 IST 2015, 1, 2, Valid Login, Pass, , Mon Nov 09 12:25:28 IST 2015, 1, 3, Valid Login, Pass, , Mon Nov 09 12:25:28 IST 2015]
[INFO ][2015-11-09 12:25:28,670][com.java.SeleniumDriver] [ 1196] - End time is-------1 min 5 sec
[INFO ][2015-11-09 12:25:28,670][com.java.SeleniumDriver] [ 1197] - The results are-------------------[1, 1, Valid Login, Pass, , Mon Nov 09 12:25:23 IST 2015, 1, 2, Valid Login, Pass, , Mon Nov 09 12:25:28 IST 2015, 1, 3, Valid Login, Pass, , Mon Nov 09 12:25:28 IST 2015]
[DEBUG][2015-11-09 12:25:28,670][com.java.ImportnExport.ExportTestResultsExcel] [  222] - testResultPath = D:\BankersDashboard/TestReports/Test Results_BankersDashBoard_110915_122426_IE11_Any Bank USA.xls
[DEBUG][2015-11-09 12:25:28,670][com.java.ImportnExport.ExportTestResultsExcel] [  223] - browser is------------IE11
[DEBUG][2015-11-09 12:25:28,792][com.java.ImportnExport.ExportTestResultsExcel] [  270] - result.size() = 18
[DEBUG][2015-11-09 12:25:28,795][com.java.ImportnExport.ExportTestResultsExcel] [  274] - No of rows in sheet=1
[DEBUG][2015-11-09 12:25:28,795][com.java.ImportnExport.ExportTestResultsExcel] [  301] - ..in export..1
[DEBUG][2015-11-09 12:25:28,795][com.java.ImportnExport.ExportTestResultsExcel] [  301] - ..in export..Valid Login
[DEBUG][2015-11-09 12:25:28,795][com.java.ImportnExport.ExportTestResultsExcel] [  301] - ..in export..Pass
[DEBUG][2015-11-09 12:25:28,795][com.java.ImportnExport.ExportTestResultsExcel] [  301] - ..in export..
[DEBUG][2015-11-09 12:25:28,795][com.java.ImportnExport.ExportTestResultsExcel] [  301] - ..in export..Mon Nov 09 12:25:23 IST 2015
[INFO ][2015-11-09 12:25:28,797][com.java.SeleniumDriver] [ 1255] - out loop:0 size:2 TestCases:[1, 7] testcases:[1, 7]
[INFO ][2015-11-09 12:25:28,797][com.java.ImportnExport.ImportTestDataDetailsExcel] [   49] - test data details path===== D:\BankersDashboard\TestInputs\TestData.xls
[INFO ][2015-11-09 12:25:42,719][com.java.SeleniumDriver] [  788] - ------------------------------------------
[INFO ][2015-11-09 12:25:42,719][com.java.SeleniumDriver] [  789] - Test case being Executed: 7
[INFO ][2015-11-09 12:25:42,719][com.java.SeleniumDriver] [  800] - Test step:1
[INFO ][2015-11-09 12:25:42,719][com.java.SeleniumDriver] [  812] - Datavalue is----------Logout
[INFO ][2015-11-09 12:25:42,719][com.java.SeleniumDriver] [  836] - DataField : BTN
[INFO ][2015-11-09 12:25:42,719][com.java.SeleniumDriver] [  838] - DataValue : Logout
[INFO ][2015-11-09 12:25:42,719][com.java.SeleniumDriver] [  844] - <In Set values of the page>
[INFO ][2015-11-09 12:25:42,719][com.java.SeleniumDriver] [  847] - {Data Fields & Data Values Exist}
[INFO ][2015-11-09 12:25:42,719][com.java.SeleniumDriver] [  849] - --------------------------setting values-----------------------------
[INFO ][2015-11-09 12:25:42,719][com.java.SeleniumDriver] [  852] - Action Type : Verify
[INFO ][2015-11-09 12:25:42,719][com.java.TestType] [ 5201] - field= BTN value= Logout
[INFO ][2015-11-09 12:25:42,719][com.java.TestType] [ 4075] - value = Logout
[INFO ][2015-11-09 12:25:42,767][com.java.SeleniumDriver] [  861] -  RESULT true
[INFO ][2015-11-09 12:25:42,767][com.java.SeleniumDriver] [ 1066] - ?   P A S S   ?
[INFO ][2015-11-09 12:25:42,767][com.java.SeleniumDriver] [ 1108] - step change to 3
[INFO ][2015-11-09 12:25:42,767][com.java.SeleniumDriver] [  788] - ------------------------------------------
[INFO ][2015-11-09 12:25:42,767][com.java.SeleniumDriver] [  789] - Test case being Executed: 7
[INFO ][2015-11-09 12:25:42,767][com.java.SeleniumDriver] [  800] - Test step:3
[INFO ][2015-11-09 12:25:42,767][com.java.SeleniumDriver] [  812] - Datavalue is----------Concept#2:1-2
[INFO ][2015-11-09 12:25:42,767][com.java.SeleniumDriver] [  836] - DataField : test
[INFO ][2015-11-09 12:25:42,767][com.java.SeleniumDriver] [  838] - DataValue : Concept#2:1-2
[INFO ][2015-11-09 12:25:42,767][com.java.SeleniumDriver] [  844] - <In Set values of the page>
[INFO ][2015-11-09 12:25:42,767][com.java.SeleniumDriver] [  847] - {Data Fields & Data Values Exist}
[INFO ][2015-11-09 12:25:42,767][com.java.SeleniumDriver] [  849] - --------------------------setting values-----------------------------
[INFO ][2015-11-09 12:25:42,767][com.java.SeleniumDriver] [  852] - Action Type : ExecuteTestCase
[INFO ][2015-11-09 12:25:42,767][com.java.TestType] [  420] - The Concept sheet name is ---------- Concept
[INFO ][2015-11-09 12:25:42,767][com.java.TestType] [  423] - The Concept ID  is ---------- 2
[DEBUG][2015-11-09 12:25:42,767][com.java.TestType] [  427] - Steps being executted in the Concept are: 1:2
[INFO ][2015-11-09 12:25:42,767][com.java.TestType] [  434] - Test data details path ---------- D:\BankersDashboard\TestInputs\TestData.xls
[INFO ][2015-11-09 12:25:42,798][com.java.TestType] [  465] -  str(1) = 2
[INFO ][2015-11-09 12:25:42,798][com.java.TestType] [  468] - Test case Id is---2
[INFO ][2015-11-09 12:25:42,798][com.java.TestType] [  470] - 2
[INFO ][2015-11-09 12:25:42,798][com.java.TestType] [  465] -  str(2) = 1
[INFO ][2015-11-09 12:25:42,798][com.java.TestType] [  517] - row values are--------{1=com.java.Objects.TestDataDetails@502ca}
[INFO ][2015-11-09 12:25:42,798][com.java.TestType] [  465] -  str(1) = 2
[INFO ][2015-11-09 12:25:42,798][com.java.TestType] [  468] - Test case Id is---2
[INFO ][2015-11-09 12:25:42,798][com.java.TestType] [  470] - 2
[INFO ][2015-11-09 12:25:42,798][com.java.TestType] [  465] -  str(2) = 2
[INFO ][2015-11-09 12:25:42,798][com.java.TestType] [  517] - row values are--------{1=com.java.Objects.TestDataDetails@502ca, 2=com.java.Objects.TestDataDetails@198e5f7}
[INFO ][2015-11-09 12:25:42,798][com.java.TestType] [  465] -  str(1) = 2
[INFO ][2015-11-09 12:25:42,798][com.java.TestType] [  468] - Test case Id is---2
[INFO ][2015-11-09 12:25:42,798][com.java.TestType] [  470] - 2
[INFO ][2015-11-09 12:25:42,798][com.java.TestType] [  465] -  str(2) = 3
[INFO ][2015-11-09 12:25:42,798][com.java.TestType] [  517] - row values are--------{1=com.java.Objects.TestDataDetails@502ca, 2=com.java.Objects.TestDataDetails@198e5f7, 3=com.java.Objects.TestDataDetails@1c0fd83}
[INFO ][2015-11-09 12:25:42,798][com.java.TestType] [ 8225] - Looping 1TCID = 2
[DEBUG][2015-11-09 12:25:42,798][com.java.TestType] [ 8266] - Concept ID:2 :: Step being Executed: 2::1
[INFO ][2015-11-09 12:25:42,798][com.java.TestType] [ 8304] - dataFields : BNK//select[@id='bank']
[DEBUG][2015-11-09 12:25:42,798][com.java.TestType] [ 8310] - <In Set values of the page>
[DEBUG][2015-11-09 12:25:42,798][com.java.TestType] [ 8315] - {Data Fields & Data Values Exist}
[INFO ][2015-11-09 12:25:42,798][com.java.TestType] [ 8321] - --------------------------setting values-----------------------------
[INFO ][2015-11-09 12:25:42,798][com.java.TestType] [ 8324] - Action Type : Select
[INFO ][2015-11-09 12:25:42,798][com.java.TestType] [ 4075] - value = PFC
[INFO ][2015-11-09 12:25:42,985][com.java.TestType] [ 8343] -  RESULT true
[INFO ][2015-11-09 12:25:42,985][com.java.TestType] [ 8460] - ?   P A S S   ?
[DEBUG][2015-11-09 12:25:42,985][com.java.TestType] [ 8266] - Concept ID:2 :: Step being Executed: 2::2
[INFO ][2015-11-09 12:25:42,985][com.java.TestType] [ 8304] - dataFields : LNKLogout
[DEBUG][2015-11-09 12:25:42,985][com.java.TestType] [ 8310] - <In Set values of the page>
[DEBUG][2015-11-09 12:25:42,985][com.java.TestType] [ 8315] - {Data Fields & Data Values Exist}
[INFO ][2015-11-09 12:25:42,985][com.java.TestType] [ 8321] - --------------------------setting values-----------------------------
[INFO ][2015-11-09 12:25:42,985][com.java.TestType] [ 8324] - Action Type : WaitTime
[DEBUG][2015-11-09 12:25:42,985][com.java.TestType] [ 3911] - sleepTime: 5000
[INFO ][2015-11-09 12:25:47,990][com.java.TestType] [ 8343] -  RESULT true
[INFO ][2015-11-09 12:25:47,990][com.java.TestType] [ 8460] - ?   P A S S   ?
[INFO ][2015-11-09 12:25:47,990][com.java.TestType] [ 8531] - Looping End......
[INFO ][2015-11-09 12:25:47,990][com.java.SeleniumDriver] [  861] -  RESULT true
[INFO ][2015-11-09 12:25:47,990][com.java.SeleniumDriver] [ 1066] - ?   P A S S   ?
[INFO ][2015-11-09 12:25:47,990][com.java.SeleniumDriver] [  788] - ------------------------------------------
[INFO ][2015-11-09 12:25:47,990][com.java.SeleniumDriver] [  789] - Test case being Executed: 7
[INFO ][2015-11-09 12:25:47,990][com.java.SeleniumDriver] [  800] - Test step:4
[INFO ][2015-11-09 12:25:47,990][com.java.SeleniumDriver] [  812] - Datavalue is----------null
[DEBUG][2015-11-09 12:25:47,990][com.java.SeleniumDriver] [  830] - Exception: null
[INFO ][2015-11-09 12:25:47,990][com.java.SeleniumDriver] [  836] - DataField : //span[@class='icon-user4']&&//a[text()='Users']&&//a[@data-id="ModifyUsers"]
[INFO ][2015-11-09 12:25:47,990][com.java.SeleniumDriver] [  838] - DataValue : 
[INFO ][2015-11-09 12:25:47,990][com.java.SeleniumDriver] [  844] - <In Set values of the page>
[INFO ][2015-11-09 12:25:47,990][com.java.SeleniumDriver] [  847] - {Data Fields & Data Values Exist}
[INFO ][2015-11-09 12:25:47,990][com.java.SeleniumDriver] [  849] - --------------------------setting values-----------------------------
[INFO ][2015-11-09 12:25:47,990][com.java.SeleniumDriver] [  852] - Action Type : MouseOver
[INFO ][2015-11-09 12:26:02,562][com.java.SeleniumDriver] [  861] -  RESULT true
[INFO ][2015-11-09 12:26:02,562][com.java.SeleniumDriver] [ 1066] - ?   P A S S   ?
[INFO ][2015-11-09 12:26:02,562][com.java.SeleniumDriver] [  788] - ------------------------------------------
[INFO ][2015-11-09 12:26:02,562][com.java.SeleniumDriver] [  789] - Test case being Executed: 7
[INFO ][2015-11-09 12:26:02,562][com.java.SeleniumDriver] [  800] - Test step:5
[INFO ][2015-11-09 12:26:02,562][com.java.SeleniumDriver] [  812] - Datavalue is----------2
[INFO ][2015-11-09 12:26:02,562][com.java.SeleniumDriver] [  836] - DataField : BTNframeDialogContent
[INFO ][2015-11-09 12:26:02,562][com.java.SeleniumDriver] [  838] - DataValue : 2
[INFO ][2015-11-09 12:26:02,562][com.java.SeleniumDriver] [  844] - <In Set values of the page>
[INFO ][2015-11-09 12:26:02,562][com.java.SeleniumDriver] [  847] - {Data Fields & Data Values Exist}
[INFO ][2015-11-09 12:26:02,562][com.java.SeleniumDriver] [  849] - --------------------------setting values-----------------------------
[INFO ][2015-11-09 12:26:02,562][com.java.SeleniumDriver] [  852] - Action Type : WaitForElement
[INFO ][2015-11-09 12:26:03,810][com.java.SeleniumDriver] [  861] -  RESULT true
[INFO ][2015-11-09 12:26:03,810][com.java.SeleniumDriver] [ 1066] - ?   P A S S   ?
[INFO ][2015-11-09 12:26:03,810][com.java.SeleniumDriver] [  788] - ------------------------------------------
[INFO ][2015-11-09 12:26:03,810][com.java.SeleniumDriver] [  789] - Test case being Executed: 7
[INFO ][2015-11-09 12:26:03,810][com.java.SeleniumDriver] [  800] - Test step:6
[INFO ][2015-11-09 12:26:03,810][com.java.SeleniumDriver] [  812] - Datavalue is----------null
[DEBUG][2015-11-09 12:26:03,810][com.java.SeleniumDriver] [  830] - Exception: null
[INFO ][2015-11-09 12:26:03,810][com.java.SeleniumDriver] [  836] - DataField : BTNframeDialogContent
[INFO ][2015-11-09 12:26:03,810][com.java.SeleniumDriver] [  838] - DataValue : 
[INFO ][2015-11-09 12:26:03,810][com.java.SeleniumDriver] [  844] - <In Set values of the page>
[INFO ][2015-11-09 12:26:03,810][com.java.SeleniumDriver] [  847] - {Data Fields & Data Values Exist}
[INFO ][2015-11-09 12:26:03,810][com.java.SeleniumDriver] [  849] - --------------------------setting values-----------------------------
[INFO ][2015-11-09 12:26:03,810][com.java.SeleniumDriver] [  852] - Action Type : SelectFrame
[INFO ][2015-11-09 12:26:05,106][com.java.SeleniumDriver] [  861] -  RESULT true
[INFO ][2015-11-09 12:26:05,106][com.java.SeleniumDriver] [ 1066] - ?   P A S S   ?
[INFO ][2015-11-09 12:26:05,106][com.java.SeleniumDriver] [  788] - ------------------------------------------
[INFO ][2015-11-09 12:26:05,106][com.java.SeleniumDriver] [  789] - Test case being Executed: 7
[INFO ][2015-11-09 12:26:05,106][com.java.SeleniumDriver] [  800] - Test step:7
[INFO ][2015-11-09 12:26:05,106][com.java.SeleniumDriver] [  812] - Datavalue is----------2
[INFO ][2015-11-09 12:26:05,106][com.java.SeleniumDriver] [  836] - DataField : BTNbtnAddUser
[INFO ][2015-11-09 12:26:05,106][com.java.SeleniumDriver] [  838] - DataValue : 2
[INFO ][2015-11-09 12:26:05,106][com.java.SeleniumDriver] [  844] - <In Set values of the page>
[INFO ][2015-11-09 12:26:05,106][com.java.SeleniumDriver] [  847] - {Data Fields & Data Values Exist}
[INFO ][2015-11-09 12:26:05,106][com.java.SeleniumDriver] [  849] - --------------------------setting values-----------------------------
[INFO ][2015-11-09 12:26:05,106][com.java.SeleniumDriver] [  852] - Action Type : WaitForElement
[INFO ][2015-11-09 12:26:06,557][com.java.SeleniumDriver] [  861] -  RESULT true
[INFO ][2015-11-09 12:26:06,557][com.java.SeleniumDriver] [ 1066] - ?   P A S S   ?
[INFO ][2015-11-09 12:26:06,557][com.java.SeleniumDriver] [  788] - ------------------------------------------
[INFO ][2015-11-09 12:26:06,557][com.java.SeleniumDriver] [  789] - Test case being Executed: 7
[INFO ][2015-11-09 12:26:06,557][com.java.SeleniumDriver] [  800] - Test step:8
[INFO ][2015-11-09 12:26:06,557][com.java.SeleniumDriver] [  812] - Datavalue is----------null
[DEBUG][2015-11-09 12:26:06,557][com.java.SeleniumDriver] [  830] - Exception: null
[INFO ][2015-11-09 12:26:06,557][com.java.SeleniumDriver] [  836] - DataField : BTNbtnAddUser
[INFO ][2015-11-09 12:26:06,557][com.java.SeleniumDriver] [  838] - DataValue : 
[INFO ][2015-11-09 12:26:06,557][com.java.SeleniumDriver] [  844] - <In Set values of the page>
[INFO ][2015-11-09 12:26:06,557][com.java.SeleniumDriver] [  847] - {Data Fields & Data Values Exist}
[INFO ][2015-11-09 12:26:06,557][com.java.SeleniumDriver] [  849] - --------------------------setting values-----------------------------
[INFO ][2015-11-09 12:26:06,557][com.java.SeleniumDriver] [  852] - Action Type : Click
[INFO ][2015-11-09 12:26:06,557][com.java.TestType] [ 4388] - Field ::BTNbtnAddUser
[INFO ][2015-11-09 12:26:07,571][com.java.TestType] [ 4426] - BEFORE CLICK
[INFO ][2015-11-09 12:26:09,195][com.java.TestType] [ 4433] - Unable to click the object Add user button
[INFO ][2015-11-09 12:26:09,195][com.java.SeleniumDriver] [  861] -  RESULT true
[INFO ][2015-11-09 12:26:09,195][com.java.SeleniumDriver] [ 1066] - ?   P A S S   ?
[INFO ][2015-11-09 12:26:09,195][com.java.SeleniumDriver] [  788] - ------------------------------------------
[INFO ][2015-11-09 12:26:09,195][com.java.SeleniumDriver] [  789] - Test case being Executed: 7
[INFO ][2015-11-09 12:26:09,195][com.java.SeleniumDriver] [  800] - Test step:9
[INFO ][2015-11-09 12:26:09,195][com.java.SeleniumDriver] [  812] - Datavalue is----------2
[INFO ][2015-11-09 12:26:09,195][com.java.SeleniumDriver] [  836] - DataField : BTNtxtUserName
[INFO ][2015-11-09 12:26:09,195][com.java.SeleniumDriver] [  838] - DataValue : 2
[INFO ][2015-11-09 12:26:09,195][com.java.SeleniumDriver] [  844] - <In Set values of the page>
[INFO ][2015-11-09 12:26:09,195][com.java.SeleniumDriver] [  847] - {Data Fields & Data Values Exist}
[INFO ][2015-11-09 12:26:09,195][com.java.SeleniumDriver] [  849] - --------------------------setting values-----------------------------
[INFO ][2015-11-09 12:26:09,195][com.java.SeleniumDriver] [  852] - Action Type : WaitForElement
[INFO ][2015-11-09 12:26:13,889][com.java.SeleniumDriver] [  861] -  RESULT true
[INFO ][2015-11-09 12:26:13,889][com.java.SeleniumDriver] [ 1066] - ?   P A S S   ?
[INFO ][2015-11-09 12:26:13,889][com.java.SeleniumDriver] [  788] - ------------------------------------------
[INFO ][2015-11-09 12:26:13,889][com.java.SeleniumDriver] [  789] - Test case being Executed: 7
[INFO ][2015-11-09 12:26:13,889][com.java.SeleniumDriver] [  800] - Test step:10
[INFO ][2015-11-09 12:26:13,889][com.java.SeleniumDriver] [  812] - Datavalue is----------dt:NewUserName
[INFO ][2015-11-09 12:26:13,889][com.java.SeleniumDriver] [  836] - DataField : TXTtxtUserName
[INFO ][2015-11-09 12:26:13,889][com.java.SeleniumDriver] [  838] - DataValue : dt:NewUserName
[INFO ][2015-11-09 12:26:13,889][com.java.SeleniumDriver] [  844] - <In Set values of the page>
[INFO ][2015-11-09 12:26:13,889][com.java.SeleniumDriver] [  847] - {Data Fields & Data Values Exist}
[INFO ][2015-11-09 12:26:13,889][com.java.SeleniumDriver] [  849] - --------------------------setting values-----------------------------
[INFO ][2015-11-09 12:26:13,889][com.java.SeleniumDriver] [  852] - Action Type : Enter
[INFO ][2015-11-09 12:26:13,889][com.java.TestType] [ 4708] - field = txtUserName
[INFO ][2015-11-09 12:26:13,889][com.java.TestType] [ 4075] - value = vltest.robot
[INFO ][2015-11-09 12:26:16,731][com.java.SeleniumDriver] [  861] -  RESULT true
[INFO ][2015-11-09 12:26:16,731][com.java.SeleniumDriver] [ 1066] - ?   P A S S   ?
[INFO ][2015-11-09 12:26:16,731][com.java.SeleniumDriver] [  788] - ------------------------------------------
[INFO ][2015-11-09 12:26:16,731][com.java.SeleniumDriver] [  789] - Test case being Executed: 7
[INFO ][2015-11-09 12:26:16,731][com.java.SeleniumDriver] [  800] - Test step:11
[INFO ][2015-11-09 12:26:16,731][com.java.SeleniumDriver] [  812] - Datavalue is----------VLTest
[INFO ][2015-11-09 12:26:16,731][com.java.SeleniumDriver] [  836] - DataField : TXTtxtFirstName
[INFO ][2015-11-09 12:26:16,731][com.java.SeleniumDriver] [  838] - DataValue : VLTest
[INFO ][2015-11-09 12:26:16,731][com.java.SeleniumDriver] [  844] - <In Set values of the page>
[INFO ][2015-11-09 12:26:16,731][com.java.SeleniumDriver] [  847] - {Data Fields & Data Values Exist}
[INFO ][2015-11-09 12:26:16,731][com.java.SeleniumDriver] [  849] - --------------------------setting values-----------------------------
[INFO ][2015-11-09 12:26:16,731][com.java.SeleniumDriver] [  852] - Action Type : Enter
[INFO ][2015-11-09 12:26:16,731][com.java.TestType] [ 4708] - field = txtFirstName
[INFO ][2015-11-09 12:26:16,731][com.java.TestType] [ 4075] - value = VLTest
[INFO ][2015-11-09 12:26:19,899][com.java.SeleniumDriver] [  861] -  RESULT true
[INFO ][2015-11-09 12:26:19,899][com.java.SeleniumDriver] [ 1066] - ?   P A S S   ?
[INFO ][2015-11-09 12:26:19,899][com.java.SeleniumDriver] [  788] - ------------------------------------------
[INFO ][2015-11-09 12:26:19,899][com.java.SeleniumDriver] [  789] - Test case being Executed: 7
[INFO ][2015-11-09 12:26:19,899][com.java.SeleniumDriver] [  800] - Test step:12
[INFO ][2015-11-09 12:26:19,899][com.java.SeleniumDriver] [  812] - Datavalue is----------Robot
[INFO ][2015-11-09 12:26:19,899][com.java.SeleniumDriver] [  836] - DataField : TXTtxtLastName
[INFO ][2015-11-09 12:26:19,899][com.java.SeleniumDriver] [  838] - DataValue : Robot
[INFO ][2015-11-09 12:26:19,899][com.java.SeleniumDriver] [  844] - <In Set values of the page>
[INFO ][2015-11-09 12:26:19,899][com.java.SeleniumDriver] [  847] - {Data Fields & Data Values Exist}
[INFO ][2015-11-09 12:26:19,899][com.java.SeleniumDriver] [  849] - --------------------------setting values-----------------------------
[INFO ][2015-11-09 12:26:19,899][com.java.SeleniumDriver] [  852] - Action Type : Enter
[INFO ][2015-11-09 12:26:19,899][com.java.TestType] [ 4708] - field = txtLastName
[INFO ][2015-11-09 12:26:19,899][com.java.TestType] [ 4075] - value = Robot
[INFO ][2015-11-09 12:26:22,771][com.java.SeleniumDriver] [  861] -  RESULT true
[INFO ][2015-11-09 12:26:22,771][com.java.SeleniumDriver] [ 1066] - ?   P A S S   ?
[INFO ][2015-11-09 12:26:22,771][com.java.SeleniumDriver] [  788] - ------------------------------------------
[INFO ][2015-11-09 12:26:22,771][com.java.SeleniumDriver] [  789] - Test case being Executed: 7
[INFO ][2015-11-09 12:26:22,771][com.java.SeleniumDriver] [  800] - Test step:13
[INFO ][2015-11-09 12:26:22,771][com.java.SeleniumDriver] [  812] - Datavalue is----------ValueLabs
[INFO ][2015-11-09 12:26:22,771][com.java.SeleniumDriver] [  836] - DataField : TXTtxtCompany
[INFO ][2015-11-09 12:26:22,771][com.java.SeleniumDriver] [  838] - DataValue : ValueLabs
[INFO ][2015-11-09 12:26:22,771][com.java.SeleniumDriver] [  844] - <In Set values of the page>
[INFO ][2015-11-09 12:26:22,771][com.java.SeleniumDriver] [  847] - {Data Fields & Data Values Exist}
[INFO ][2015-11-09 12:26:22,771][com.java.SeleniumDriver] [  849] - --------------------------setting values-----------------------------
[INFO ][2015-11-09 12:26:22,771][com.java.SeleniumDriver] [  852] - Action Type : Enter
[INFO ][2015-11-09 12:26:22,771][com.java.TestType] [ 4708] - field = txtCompany
[INFO ][2015-11-09 12:26:22,771][com.java.TestType] [ 4075] - value = ValueLabs
[INFO ][2015-11-09 12:26:25,845][com.java.SeleniumDriver] [  861] -  RESULT true
[INFO ][2015-11-09 12:26:25,845][com.java.SeleniumDriver] [ 1066] - ?   P A S S   ?
[INFO ][2015-11-09 12:26:25,845][com.java.SeleniumDriver] [  788] - ------------------------------------------
[INFO ][2015-11-09 12:26:25,845][com.java.SeleniumDriver] [  789] - Test case being Executed: 7
[INFO ][2015-11-09 12:26:25,845][com.java.SeleniumDriver] [  800] - Test step:14
[INFO ][2015-11-09 12:26:25,845][com.java.SeleniumDriver] [  812] - Datavalue is----------India
[INFO ][2015-11-09 12:26:25,845][com.java.SeleniumDriver] [  836] - DataField : TXTtxtLocation
[INFO ][2015-11-09 12:26:25,845][com.java.SeleniumDriver] [  838] - DataValue : India
[INFO ][2015-11-09 12:26:25,845][com.java.SeleniumDriver] [  844] - <In Set values of the page>
[INFO ][2015-11-09 12:26:25,845][com.java.SeleniumDriver] [  847] - {Data Fields & Data Values Exist}
[INFO ][2015-11-09 12:26:25,845][com.java.SeleniumDriver] [  849] - --------------------------setting values-----------------------------
[INFO ][2015-11-09 12:26:25,845][com.java.SeleniumDriver] [  852] - Action Type : Enter
[INFO ][2015-11-09 12:26:25,845][com.java.TestType] [ 4708] - field = txtLocation
[INFO ][2015-11-09 12:26:25,845][com.java.TestType] [ 4075] - value = India
[INFO ][2015-11-09 12:26:28,733][com.java.SeleniumDriver] [  861] -  RESULT true
[INFO ][2015-11-09 12:26:28,733][com.java.SeleniumDriver] [ 1066] - ?   P A S S   ?
[INFO ][2015-11-09 12:26:28,733][com.java.SeleniumDriver] [  788] - ------------------------------------------
[INFO ][2015-11-09 12:26:28,733][com.java.SeleniumDriver] [  789] - Test case being Executed: 7
[INFO ][2015-11-09 12:26:28,733][com.java.SeleniumDriver] [  800] - Test step:15
[INFO ][2015-11-09 12:26:28,733][com.java.SeleniumDriver] [  812] - Datavalue is----------vltest.robot@valuelabs.com
[INFO ][2015-11-09 12:26:28,733][com.java.SeleniumDriver] [  836] - DataField : TXTtxtEMail
[INFO ][2015-11-09 12:26:28,733][com.java.SeleniumDriver] [  838] - DataValue : vltest.robot@valuelabs.com
[INFO ][2015-11-09 12:26:28,733][com.java.SeleniumDriver] [  844] - <In Set values of the page>
[INFO ][2015-11-09 12:26:28,733][com.java.SeleniumDriver] [  847] - {Data Fields & Data Values Exist}
[INFO ][2015-11-09 12:26:28,733][com.java.SeleniumDriver] [  849] - --------------------------setting values-----------------------------
[INFO ][2015-11-09 12:26:28,733][com.java.SeleniumDriver] [  852] - Action Type : Enter
[INFO ][2015-11-09 12:26:28,733][com.java.TestType] [ 4708] - field = txtEMail
[INFO ][2015-11-09 12:26:28,733][com.java.TestType] [ 4075] - value = vltest.robot@valuelabs.com
[INFO ][2015-11-09 12:26:31,948][com.java.SeleniumDriver] [  861] -  RESULT true
[INFO ][2015-11-09 12:26:31,948][com.java.SeleniumDriver] [ 1066] - ?   P A S S   ?
[INFO ][2015-11-09 12:26:31,948][com.java.SeleniumDriver] [  788] - ------------------------------------------
[INFO ][2015-11-09 12:26:31,948][com.java.SeleniumDriver] [  789] - Test case being Executed: 7
[INFO ][2015-11-09 12:26:31,948][com.java.SeleniumDriver] [  800] - Test step:16
[INFO ][2015-11-09 12:26:31,948][com.java.SeleniumDriver] [  812] - Datavalue is----------12345678901
[INFO ][2015-11-09 12:26:31,948][com.java.SeleniumDriver] [  836] - DataField : TXTtxtPhone
[INFO ][2015-11-09 12:26:31,948][com.java.SeleniumDriver] [  838] - DataValue : 12345678901
[INFO ][2015-11-09 12:26:31,948][com.java.SeleniumDriver] [  844] - <In Set values of the page>
[INFO ][2015-11-09 12:26:31,948][com.java.SeleniumDriver] [  847] - {Data Fields & Data Values Exist}
[INFO ][2015-11-09 12:26:31,948][com.java.SeleniumDriver] [  849] - --------------------------setting values-----------------------------
[INFO ][2015-11-09 12:26:31,948][com.java.SeleniumDriver] [  852] - Action Type : Enter
[INFO ][2015-11-09 12:26:31,948][com.java.TestType] [ 4708] - field = txtPhone
[INFO ][2015-11-09 12:26:31,948][com.java.TestType] [ 4075] - value = 12345678901
[INFO ][2015-11-09 12:26:34,819][com.java.SeleniumDriver] [  861] -  RESULT true
[INFO ][2015-11-09 12:26:34,819][com.java.SeleniumDriver] [ 1066] - ?   P A S S   ?
[INFO ][2015-11-09 12:26:34,819][com.java.SeleniumDriver] [  788] - ------------------------------------------
[INFO ][2015-11-09 12:26:34,819][com.java.SeleniumDriver] [  789] - Test case being Executed: 7
[INFO ][2015-11-09 12:26:34,819][com.java.SeleniumDriver] [  800] - Test step:17
[INFO ][2015-11-09 12:26:34,819][com.java.SeleniumDriver] [  812] - Datavalue is----------dt:NewUserPswd
[INFO ][2015-11-09 12:26:34,819][com.java.SeleniumDriver] [  836] - DataField : TXTtxtPassword
[INFO ][2015-11-09 12:26:34,819][com.java.SeleniumDriver] [  838] - DataValue : dt:NewUserPswd
[INFO ][2015-11-09 12:26:34,819][com.java.SeleniumDriver] [  844] - <In Set values of the page>
[INFO ][2015-11-09 12:26:34,819][com.java.SeleniumDriver] [  847] - {Data Fields & Data Values Exist}
[INFO ][2015-11-09 12:26:34,819][com.java.SeleniumDriver] [  849] - --------------------------setting values-----------------------------
[INFO ][2015-11-09 12:26:34,819][com.java.SeleniumDriver] [  852] - Action Type : Enter
[INFO ][2015-11-09 12:26:34,819][com.java.TestType] [ 4708] - field = txtPassword
[INFO ][2015-11-09 12:26:34,819][com.java.TestType] [ 4075] - value = Password1*
[INFO ][2015-11-09 12:26:37,910][com.java.SeleniumDriver] [  861] -  RESULT true
[INFO ][2015-11-09 12:26:37,910][com.java.SeleniumDriver] [ 1066] - ?   P A S S   ?
[INFO ][2015-11-09 12:26:37,910][com.java.SeleniumDriver] [  788] - ------------------------------------------
[INFO ][2015-11-09 12:26:37,910][com.java.SeleniumDriver] [  789] - Test case being Executed: 7
[INFO ][2015-11-09 12:26:37,910][com.java.SeleniumDriver] [  800] - Test step:18
[INFO ][2015-11-09 12:26:37,910][com.java.SeleniumDriver] [  812] - Datavalue is----------dt:NewUserPswd
[INFO ][2015-11-09 12:26:37,910][com.java.SeleniumDriver] [  836] - DataField : TXTtxtPasswordConfirm
[INFO ][2015-11-09 12:26:37,910][com.java.SeleniumDriver] [  838] - DataValue : dt:NewUserPswd
[INFO ][2015-11-09 12:26:37,910][com.java.SeleniumDriver] [  844] - <In Set values of the page>
[INFO ][2015-11-09 12:26:37,910][com.java.SeleniumDriver] [  847] - {Data Fields & Data Values Exist}
[INFO ][2015-11-09 12:26:37,910][com.java.SeleniumDriver] [  849] - --------------------------setting values-----------------------------
[INFO ][2015-11-09 12:26:37,910][com.java.SeleniumDriver] [  852] - Action Type : Enter
[INFO ][2015-11-09 12:26:37,910][com.java.TestType] [ 4708] - field = txtPasswordConfirm
[INFO ][2015-11-09 12:26:37,910][com.java.TestType] [ 4075] - value = Password1*
[INFO ][2015-11-09 12:26:41,000][com.java.SeleniumDriver] [  861] -  RESULT true
[INFO ][2015-11-09 12:26:41,000][com.java.SeleniumDriver] [ 1066] - ?   P A S S   ?
[INFO ][2015-11-09 12:26:41,000][com.java.SeleniumDriver] [  788] - ------------------------------------------
[INFO ][2015-11-09 12:26:41,000][com.java.SeleniumDriver] [  789] - Test case being Executed: 7
[INFO ][2015-11-09 12:26:41,000][com.java.SeleniumDriver] [  800] - Test step:19
[INFO ][2015-11-09 12:26:41,000][com.java.SeleniumDriver] [  812] - Datavalue is----------null
[DEBUG][2015-11-09 12:26:41,000][com.java.SeleniumDriver] [  830] - Exception: null
[INFO ][2015-11-09 12:26:41,000][com.java.SeleniumDriver] [  836] - DataField : BTNparent
[INFO ][2015-11-09 12:26:41,000][com.java.SeleniumDriver] [  838] - DataValue : 
[INFO ][2015-11-09 12:26:41,000][com.java.SeleniumDriver] [  844] - <In Set values of the page>
[INFO ][2015-11-09 12:26:41,000][com.java.SeleniumDriver] [  847] - {Data Fields & Data Values Exist}
[INFO ][2015-11-09 12:26:41,000][com.java.SeleniumDriver] [  849] - --------------------------setting values-----------------------------
[INFO ][2015-11-09 12:26:41,000][com.java.SeleniumDriver] [  852] - Action Type : SelectFrame
[INFO ][2015-11-09 12:26:41,015][com.java.SeleniumDriver] [  861] -  RESULT true
[INFO ][2015-11-09 12:26:41,015][com.java.SeleniumDriver] [ 1066] - ?   P A S S   ?
[INFO ][2015-11-09 12:26:41,015][com.java.SeleniumDriver] [  788] - ------------------------------------------
[INFO ][2015-11-09 12:26:41,015][com.java.SeleniumDriver] [  789] - Test case being Executed: 7
[INFO ][2015-11-09 12:26:41,015][com.java.SeleniumDriver] [  800] - Test step:20
[INFO ][2015-11-09 12:26:41,015][com.java.SeleniumDriver] [  812] - Datavalue is----------5
[INFO ][2015-11-09 12:26:41,015][com.java.SeleniumDriver] [  836] - DataField : test
[INFO ][2015-11-09 12:26:41,015][com.java.SeleniumDriver] [  838] - DataValue : 5
[INFO ][2015-11-09 12:26:41,015][com.java.SeleniumDriver] [  844] - <In Set values of the page>
[INFO ][2015-11-09 12:26:41,015][com.java.SeleniumDriver] [  847] - {Data Fields & Data Values Exist}
[INFO ][2015-11-09 12:26:41,015][com.java.SeleniumDriver] [  849] - --------------------------setting values-----------------------------
[INFO ][2015-11-09 12:26:41,015][com.java.SeleniumDriver] [  852] - Action Type : WaitTime
[DEBUG][2015-11-09 12:26:41,015][com.java.TestType] [ 3911] - sleepTime: 5000
[INFO ][2015-11-09 12:26:46,022][com.java.SeleniumDriver] [  861] -  RESULT true
[INFO ][2015-11-09 12:26:46,022][com.java.SeleniumDriver] [ 1066] - ?   P A S S   ?
[INFO ][2015-11-09 12:26:46,022][com.java.SeleniumDriver] [  788] - ------------------------------------------
[INFO ][2015-11-09 12:26:46,022][com.java.SeleniumDriver] [  789] - Test case being Executed: 7
[INFO ][2015-11-09 12:26:46,022][com.java.SeleniumDriver] [  800] - Test step:21
[INFO ][2015-11-09 12:26:46,022][com.java.SeleniumDriver] [  812] - Datavalue is----------null
[DEBUG][2015-11-09 12:26:46,022][com.java.SeleniumDriver] [  830] - Exception: null
[INFO ][2015-11-09 12:26:46,022][com.java.SeleniumDriver] [  836] - DataField : XPH//span[contains(text(), 'Finished')]
[INFO ][2015-11-09 12:26:46,022][com.java.SeleniumDriver] [  838] - DataValue : 
[INFO ][2015-11-09 12:26:46,022][com.java.SeleniumDriver] [  844] - <In Set values of the page>
[INFO ][2015-11-09 12:26:46,022][com.java.SeleniumDriver] [  847] - {Data Fields & Data Values Exist}
[INFO ][2015-11-09 12:26:46,022][com.java.SeleniumDriver] [  849] - --------------------------setting values-----------------------------
[INFO ][2015-11-09 12:26:46,022][com.java.SeleniumDriver] [  852] - Action Type : Click
[INFO ][2015-11-09 12:26:46,022][com.java.TestType] [ 4388] - Field ::XPH//span[contains(text(), 'Finished')]
[INFO ][2015-11-09 12:26:47,037][com.java.TestType] [ 4447] - BEFORE CLICK
[INFO ][2015-11-09 12:26:48,472][com.java.TestType] [ 4455] - Unable to click the object Finished button
[INFO ][2015-11-09 12:26:48,472][com.java.SeleniumDriver] [  861] -  RESULT true
[INFO ][2015-11-09 12:26:48,472][com.java.SeleniumDriver] [ 1066] - ?   P A S S   ?
[INFO ][2015-11-09 12:26:48,472][com.java.SeleniumDriver] [  788] - ------------------------------------------
[INFO ][2015-11-09 12:26:48,472][com.java.SeleniumDriver] [  789] - Test case being Executed: 7
[INFO ][2015-11-09 12:26:48,472][com.java.SeleniumDriver] [  800] - Test step:22
[INFO ][2015-11-09 12:26:48,472][com.java.SeleniumDriver] [  812] - Datavalue is----------null
[DEBUG][2015-11-09 12:26:48,472][com.java.SeleniumDriver] [  830] - Exception: null
[INFO ][2015-11-09 12:26:48,472][com.java.SeleniumDriver] [  836] - DataField : XPH//span[contains(text(), 'Finished')]
[INFO ][2015-11-09 12:26:48,472][com.java.SeleniumDriver] [  838] - DataValue : 
[INFO ][2015-11-09 12:26:48,472][com.java.SeleniumDriver] [  844] - <In Set values of the page>
[INFO ][2015-11-09 12:26:48,472][com.java.SeleniumDriver] [  847] - {Data Fields & Data Values Exist}
[INFO ][2015-11-09 12:26:48,472][com.java.SeleniumDriver] [  849] - --------------------------setting values-----------------------------
[INFO ][2015-11-09 12:26:48,472][com.java.SeleniumDriver] [  852] - Action Type : WaitForElement
[INFO ][2015-11-09 12:26:48,504][com.java.SeleniumDriver] [  861] -  RESULT true
[INFO ][2015-11-09 12:26:48,504][com.java.SeleniumDriver] [ 1066] - ?   P A S S   ?
[INFO ][2015-11-09 12:26:48,504][com.java.SeleniumDriver] [  788] - ------------------------------------------
[INFO ][2015-11-09 12:26:48,504][com.java.SeleniumDriver] [  789] - Test case being Executed: 7
[INFO ][2015-11-09 12:26:48,504][com.java.SeleniumDriver] [  800] - Test step:23
[INFO ][2015-11-09 12:26:48,504][com.java.SeleniumDriver] [  812] - Datavalue is----------null
[DEBUG][2015-11-09 12:26:48,504][com.java.SeleniumDriver] [  830] - Exception: null
[INFO ][2015-11-09 12:26:48,504][com.java.SeleniumDriver] [  836] - DataField : BTNframeDialogContent
[INFO ][2015-11-09 12:26:48,504][com.java.SeleniumDriver] [  838] - DataValue : 
[INFO ][2015-11-09 12:26:48,504][com.java.SeleniumDriver] [  844] - <In Set values of the page>
[INFO ][2015-11-09 12:26:48,504][com.java.SeleniumDriver] [  847] - {Data Fields & Data Values Exist}
[INFO ][2015-11-09 12:26:48,504][com.java.SeleniumDriver] [  849] - --------------------------setting values-----------------------------
[INFO ][2015-11-09 12:26:48,504][com.java.SeleniumDriver] [  852] - Action Type : SelectFrame
[INFO ][2015-11-09 12:26:49,799][com.java.SeleniumDriver] [  861] -  RESULT true
[INFO ][2015-11-09 12:26:49,799][com.java.SeleniumDriver] [ 1066] - ?   P A S S   ?
[INFO ][2015-11-09 12:26:49,799][com.java.SeleniumDriver] [  788] - ------------------------------------------
[INFO ][2015-11-09 12:26:49,799][com.java.SeleniumDriver] [  789] - Test case being Executed: 7
[INFO ][2015-11-09 12:26:49,799][com.java.SeleniumDriver] [  800] - Test step:24
[INFO ][2015-11-09 12:26:49,799][com.java.SeleniumDriver] [  812] - Datavalue is----------null
[DEBUG][2015-11-09 12:26:49,799][com.java.SeleniumDriver] [  830] - Exception: null
[INFO ][2015-11-09 12:26:49,799][com.java.SeleniumDriver] [  836] - DataField : BTNchkGlobalPrivsUserAdmin
[INFO ][2015-11-09 12:26:49,799][com.java.SeleniumDriver] [  838] - DataValue : 
[INFO ][2015-11-09 12:26:49,799][com.java.SeleniumDriver] [  844] - <In Set values of the page>
[INFO ][2015-11-09 12:26:49,799][com.java.SeleniumDriver] [  847] - {Data Fields & Data Values Exist}
[INFO ][2015-11-09 12:26:49,799][com.java.SeleniumDriver] [  849] - --------------------------setting values-----------------------------
[INFO ][2015-11-09 12:26:49,799][com.java.SeleniumDriver] [  852] - Action Type : Click
[INFO ][2015-11-09 12:26:49,799][com.java.TestType] [ 4388] - Field ::BTNchkGlobalPrivsUserAdmin
[INFO ][2015-11-09 12:26:50,813][com.java.TestType] [ 4426] - BEFORE CLICK
[INFO ][2015-11-09 12:26:52,140][com.java.TestType] [ 4433] - Unable to click the object User Admin check box
[INFO ][2015-11-09 12:26:52,140][com.java.SeleniumDriver] [  861] -  RESULT true
[INFO ][2015-11-09 12:26:52,140][com.java.SeleniumDriver] [ 1066] - ?   P A S S   ?
[INFO ][2015-11-09 12:26:52,140][com.java.SeleniumDriver] [  788] - ------------------------------------------
[INFO ][2015-11-09 12:26:52,140][com.java.SeleniumDriver] [  789] - Test case being Executed: 7
[INFO ][2015-11-09 12:26:52,140][com.java.SeleniumDriver] [  800] - Test step:25
[INFO ][2015-11-09 12:26:52,140][com.java.SeleniumDriver] [  812] - Datavalue is----------null
[DEBUG][2015-11-09 12:26:52,140][com.java.SeleniumDriver] [  830] - Exception: null
[INFO ][2015-11-09 12:26:52,140][com.java.SeleniumDriver] [  836] - DataField : BTNrdoEnableEntity_Enable
[INFO ][2015-11-09 12:26:52,140][com.java.SeleniumDriver] [  838] - DataValue : 
[INFO ][2015-11-09 12:26:52,140][com.java.SeleniumDriver] [  844] - <In Set values of the page>
[INFO ][2015-11-09 12:26:52,140][com.java.SeleniumDriver] [  847] - {Data Fields & Data Values Exist}
[INFO ][2015-11-09 12:26:52,140][com.java.SeleniumDriver] [  849] - --------------------------setting values-----------------------------
[INFO ][2015-11-09 12:26:52,140][com.java.SeleniumDriver] [  852] - Action Type : Click
[INFO ][2015-11-09 12:26:52,140][com.java.TestType] [ 4388] - Field ::BTNrdoEnableEntity_Enable
[INFO ][2015-11-09 12:26:53,154][com.java.TestType] [ 4426] - BEFORE CLICK
[INFO ][2015-11-09 12:26:54,480][com.java.TestType] [ 4433] - Unable to click the object Enable radio button
[INFO ][2015-11-09 12:26:54,480][com.java.SeleniumDriver] [  861] -  RESULT true
[INFO ][2015-11-09 12:26:54,480][com.java.SeleniumDriver] [ 1066] - ?   P A S S   ?
[INFO ][2015-11-09 12:26:54,480][com.java.SeleniumDriver] [  788] - ------------------------------------------
[INFO ][2015-11-09 12:26:54,480][com.java.SeleniumDriver] [  789] - Test case being Executed: 7
[INFO ][2015-11-09 12:26:54,480][com.java.SeleniumDriver] [  800] - Test step:26
[INFO ][2015-11-09 12:26:54,480][com.java.SeleniumDriver] [  812] - Datavalue is----------null
[DEBUG][2015-11-09 12:26:54,480][com.java.SeleniumDriver] [  830] - Exception: null
[INFO ][2015-11-09 12:26:54,480][com.java.SeleniumDriver] [  836] - DataField : BTNchkProfitCenterAll
[INFO ][2015-11-09 12:26:54,480][com.java.SeleniumDriver] [  838] - DataValue : 
[INFO ][2015-11-09 12:26:54,480][com.java.SeleniumDriver] [  844] - <In Set values of the page>
[INFO ][2015-11-09 12:26:54,480][com.java.SeleniumDriver] [  847] - {Data Fields & Data Values Exist}
[INFO ][2015-11-09 12:26:54,480][com.java.SeleniumDriver] [  849] - --------------------------setting values-----------------------------
[INFO ][2015-11-09 12:26:54,480][com.java.SeleniumDriver] [  852] - Action Type : Click
[INFO ][2015-11-09 12:26:54,480][com.java.TestType] [ 4388] - Field ::BTNchkProfitCenterAll
[INFO ][2015-11-09 12:26:55,494][com.java.TestType] [ 4426] - BEFORE CLICK
[INFO ][2015-11-09 12:26:56,805][com.java.TestType] [ 4433] - Unable to click the object All Check box
[INFO ][2015-11-09 12:26:56,805][com.java.SeleniumDriver] [  861] -  RESULT true
[INFO ][2015-11-09 12:26:56,805][com.java.SeleniumDriver] [ 1066] - ?   P A S S   ?
[INFO ][2015-11-09 12:26:56,805][com.java.SeleniumDriver] [  788] - ------------------------------------------
[INFO ][2015-11-09 12:26:56,805][com.java.SeleniumDriver] [  789] - Test case being Executed: 7
[INFO ][2015-11-09 12:26:56,805][com.java.SeleniumDriver] [  800] - Test step:27
[INFO ][2015-11-09 12:26:56,805][com.java.SeleniumDriver] [  812] - Datavalue is----------null
[DEBUG][2015-11-09 12:26:56,805][com.java.SeleniumDriver] [  830] - Exception: null
[INFO ][2015-11-09 12:26:56,805][com.java.SeleniumDriver] [  836] - DataField : BTNchkPrivsAccessGL
[INFO ][2015-11-09 12:26:56,805][com.java.SeleniumDriver] [  838] - DataValue : 
[INFO ][2015-11-09 12:26:56,805][com.java.SeleniumDriver] [  844] - <In Set values of the page>
[INFO ][2015-11-09 12:26:56,805][com.java.SeleniumDriver] [  847] - {Data Fields & Data Values Exist}
[INFO ][2015-11-09 12:26:56,805][com.java.SeleniumDriver] [  849] - --------------------------setting values-----------------------------
[INFO ][2015-11-09 12:26:56,805][com.java.SeleniumDriver] [  852] - Action Type : Click
[INFO ][2015-11-09 12:26:56,805][com.java.TestType] [ 4388] - Field ::BTNchkPrivsAccessGL
[INFO ][2015-11-09 12:26:57,819][com.java.TestType] [ 4426] - BEFORE CLICK
[INFO ][2015-11-09 12:26:59,130][com.java.TestType] [ 4433] - Unable to click the object GL check box
[INFO ][2015-11-09 12:26:59,130][com.java.SeleniumDriver] [  861] -  RESULT true
[INFO ][2015-11-09 12:26:59,130][com.java.SeleniumDriver] [ 1066] - ?   P A S S   ?
[INFO ][2015-11-09 12:26:59,130][com.java.SeleniumDriver] [  788] - ------------------------------------------
[INFO ][2015-11-09 12:26:59,130][com.java.SeleniumDriver] [  789] - Test case being Executed: 7
[INFO ][2015-11-09 12:26:59,130][com.java.SeleniumDriver] [  800] - Test step:28
[INFO ][2015-11-09 12:26:59,130][com.java.SeleniumDriver] [  812] - Datavalue is----------null
[DEBUG][2015-11-09 12:26:59,130][com.java.SeleniumDriver] [  830] - Exception: null
[INFO ][2015-11-09 12:26:59,130][com.java.SeleniumDriver] [  836] - DataField : BTNparent
[INFO ][2015-11-09 12:26:59,130][com.java.SeleniumDriver] [  838] - DataValue : 
[INFO ][2015-11-09 12:26:59,130][com.java.SeleniumDriver] [  844] - <In Set values of the page>
[INFO ][2015-11-09 12:26:59,130][com.java.SeleniumDriver] [  847] - {Data Fields & Data Values Exist}
[INFO ][2015-11-09 12:26:59,130][com.java.SeleniumDriver] [  849] - --------------------------setting values-----------------------------
[INFO ][2015-11-09 12:26:59,130][com.java.SeleniumDriver] [  852] - Action Type : SelectFrame
[INFO ][2015-11-09 12:26:59,146][com.java.SeleniumDriver] [  861] -  RESULT true
[INFO ][2015-11-09 12:26:59,146][com.java.SeleniumDriver] [ 1066] - ?   P A S S   ?
[INFO ][2015-11-09 12:26:59,146][com.java.SeleniumDriver] [  788] - ------------------------------------------
[INFO ][2015-11-09 12:26:59,146][com.java.SeleniumDriver] [  789] - Test case being Executed: 7
[INFO ][2015-11-09 12:26:59,146][com.java.SeleniumDriver] [  800] - Test step:29
[INFO ][2015-11-09 12:26:59,146][com.java.SeleniumDriver] [  812] - Datavalue is----------5
[INFO ][2015-11-09 12:26:59,146][com.java.SeleniumDriver] [  836] - DataField : test
[INFO ][2015-11-09 12:26:59,146][com.java.SeleniumDriver] [  838] - DataValue : 5
[INFO ][2015-11-09 12:26:59,146][com.java.SeleniumDriver] [  844] - <In Set values of the page>
[INFO ][2015-11-09 12:26:59,146][com.java.SeleniumDriver] [  847] - {Data Fields & Data Values Exist}
[INFO ][2015-11-09 12:26:59,146][com.java.SeleniumDriver] [  849] - --------------------------setting values-----------------------------
[INFO ][2015-11-09 12:26:59,146][com.java.SeleniumDriver] [  852] - Action Type : WaitTime
[DEBUG][2015-11-09 12:26:59,146][com.java.TestType] [ 3911] - sleepTime: 5000
[INFO ][2015-11-09 12:27:04,152][com.java.SeleniumDriver] [  861] -  RESULT true
[INFO ][2015-11-09 12:27:04,152][com.java.SeleniumDriver] [ 1066] - ?   P A S S   ?
[INFO ][2015-11-09 12:27:04,152][com.java.SeleniumDriver] [  788] - ------------------------------------------
[INFO ][2015-11-09 12:27:04,152][com.java.SeleniumDriver] [  789] - Test case being Executed: 7
[INFO ][2015-11-09 12:27:04,152][com.java.SeleniumDriver] [  800] - Test step:30
[INFO ][2015-11-09 12:27:04,152][com.java.SeleniumDriver] [  812] - Datavalue is----------null
[DEBUG][2015-11-09 12:27:04,152][com.java.SeleniumDriver] [  830] - Exception: null
[INFO ][2015-11-09 12:27:04,152][com.java.SeleniumDriver] [  836] - DataField : XPH//span[contains(text(), 'Finished')]
[INFO ][2015-11-09 12:27:04,152][com.java.SeleniumDriver] [  838] - DataValue : 
[INFO ][2015-11-09 12:27:04,152][com.java.SeleniumDriver] [  844] - <In Set values of the page>
[INFO ][2015-11-09 12:27:04,152][com.java.SeleniumDriver] [  847] - {Data Fields & Data Values Exist}
[INFO ][2015-11-09 12:27:04,152][com.java.SeleniumDriver] [  849] - --------------------------setting values-----------------------------
[INFO ][2015-11-09 12:27:04,152][com.java.SeleniumDriver] [  852] - Action Type : Click
[INFO ][2015-11-09 12:27:04,152][com.java.TestType] [ 4388] - Field ::XPH//span[contains(text(), 'Finished')]
[INFO ][2015-11-09 12:27:05,167][com.java.TestType] [ 4447] - BEFORE CLICK
[INFO ][2015-11-09 12:27:08,895][com.java.TestType] [ 4455] - Unable to click the object Finished button
[INFO ][2015-11-09 12:27:08,895][com.java.SeleniumDriver] [  861] -  RESULT true
[INFO ][2015-11-09 12:27:08,895][com.java.SeleniumDriver] [ 1066] - ?   P A S S   ?
[INFO ][2015-11-09 12:27:08,895][com.java.SeleniumDriver] [  788] - ------------------------------------------
[INFO ][2015-11-09 12:27:08,895][com.java.SeleniumDriver] [  789] - Test case being Executed: 7
[INFO ][2015-11-09 12:27:08,895][com.java.SeleniumDriver] [  800] - Test step:31
[INFO ][2015-11-09 12:27:08,895][com.java.SeleniumDriver] [  812] - Datavalue is----------5
[INFO ][2015-11-09 12:27:08,895][com.java.SeleniumDriver] [  836] - DataField : BTNframeDialogContent
[INFO ][2015-11-09 12:27:08,895][com.java.SeleniumDriver] [  838] - DataValue : 5
[INFO ][2015-11-09 12:27:08,895][com.java.SeleniumDriver] [  844] - <In Set values of the page>
[INFO ][2015-11-09 12:27:08,895][com.java.SeleniumDriver] [  847] - {Data Fields & Data Values Exist}
[INFO ][2015-11-09 12:27:08,895][com.java.SeleniumDriver] [  849] - --------------------------setting values-----------------------------
[INFO ][2015-11-09 12:27:08,895][com.java.SeleniumDriver] [  852] - Action Type : WaitForElement
[INFO ][2015-11-09 12:27:10,128][com.java.SeleniumDriver] [  861] -  RESULT true
[INFO ][2015-11-09 12:27:10,128][com.java.SeleniumDriver] [ 1066] - ?   P A S S   ?
[INFO ][2015-11-09 12:27:10,128][com.java.SeleniumDriver] [  788] - ------------------------------------------
[INFO ][2015-11-09 12:27:10,128][com.java.SeleniumDriver] [  789] - Test case being Executed: 7
[INFO ][2015-11-09 12:27:10,128][com.java.SeleniumDriver] [  800] - Test step:32
[INFO ][2015-11-09 12:27:10,128][com.java.SeleniumDriver] [  812] - Datavalue is----------null
[DEBUG][2015-11-09 12:27:10,128][com.java.SeleniumDriver] [  830] - Exception: null
[INFO ][2015-11-09 12:27:10,128][com.java.SeleniumDriver] [  836] - DataField : BTNframeDialogContent
[INFO ][2015-11-09 12:27:10,128][com.java.SeleniumDriver] [  838] - DataValue : 
[INFO ][2015-11-09 12:27:10,128][com.java.SeleniumDriver] [  844] - <In Set values of the page>
[INFO ][2015-11-09 12:27:10,128][com.java.SeleniumDriver] [  847] - {Data Fields & Data Values Exist}
[INFO ][2015-11-09 12:27:10,128][com.java.SeleniumDriver] [  849] - --------------------------setting values-----------------------------
[INFO ][2015-11-09 12:27:10,128][com.java.SeleniumDriver] [  852] - Action Type : SelectFrame
[INFO ][2015-11-09 12:27:11,425][com.java.SeleniumDriver] [  861] -  RESULT true
[INFO ][2015-11-09 12:27:11,425][com.java.SeleniumDriver] [ 1066] - ?   P A S S   ?
[INFO ][2015-11-09 12:27:11,425][com.java.SeleniumDriver] [  788] - ------------------------------------------
[INFO ][2015-11-09 12:27:11,425][com.java.SeleniumDriver] [  789] - Test case being Executed: 7
[INFO ][2015-11-09 12:27:11,425][com.java.SeleniumDriver] [  800] - Test step:33
[INFO ][2015-11-09 12:27:11,425][com.java.SeleniumDriver] [  812] - Datavalue is----------null
[DEBUG][2015-11-09 12:27:11,425][com.java.SeleniumDriver] [  830] - Exception: null
[INFO ][2015-11-09 12:27:11,425][com.java.SeleniumDriver] [  836] - DataField : XPH//table[@id="tblUserListing"]//td[contains(text(),'vltest.robot')]
[INFO ][2015-11-09 12:27:11,425][com.java.SeleniumDriver] [  838] - DataValue : 
[INFO ][2015-11-09 12:27:11,425][com.java.SeleniumDriver] [  844] - <In Set values of the page>
[INFO ][2015-11-09 12:27:11,425][com.java.SeleniumDriver] [  847] - {Data Fields & Data Values Exist}
[INFO ][2015-11-09 12:27:11,425][com.java.SeleniumDriver] [  849] - --------------------------setting values-----------------------------
[INFO ][2015-11-09 12:27:11,425][com.java.SeleniumDriver] [  852] - Action Type : WaitForElement
[INFO ][2015-11-09 12:27:11,487][com.java.SeleniumDriver] [  861] -  RESULT true
[INFO ][2015-11-09 12:27:11,487][com.java.SeleniumDriver] [ 1066] - ?   P A S S   ?
[INFO ][2015-11-09 12:27:11,487][com.java.SeleniumDriver] [  788] - ------------------------------------------
[INFO ][2015-11-09 12:27:11,487][com.java.SeleniumDriver] [  789] - Test case being Executed: 7
[INFO ][2015-11-09 12:27:11,487][com.java.SeleniumDriver] [  800] - Test step:34
[INFO ][2015-11-09 12:27:11,487][com.java.SeleniumDriver] [  812] - Datavalue is----------dt:NewUserName
[INFO ][2015-11-09 12:27:11,487][com.java.SeleniumDriver] [  836] - DataField : USR
[INFO ][2015-11-09 12:27:11,487][com.java.SeleniumDriver] [  838] - DataValue : dt:NewUserName
[INFO ][2015-11-09 12:27:11,487][com.java.SeleniumDriver] [  844] - <In Set values of the page>
[INFO ][2015-11-09 12:27:11,487][com.java.SeleniumDriver] [  847] - {Data Fields & Data Values Exist}
[INFO ][2015-11-09 12:27:11,487][com.java.SeleniumDriver] [  849] - --------------------------setting values-----------------------------
[INFO ][2015-11-09 12:27:11,487][com.java.SeleniumDriver] [  852] - Action Type : Verify
[INFO ][2015-11-09 12:27:11,487][com.java.TestType] [ 5201] - field= USR value= dt:NewUserName
[INFO ][2015-11-09 12:27:11,487][com.java.TestType] [ 4075] - value = vltest.robot
[INFO ][2015-11-09 12:27:11,549][com.java.SeleniumDriver] [  861] -  RESULT true
[INFO ][2015-11-09 12:27:11,549][com.java.SeleniumDriver] [ 1066] - ?   P A S S   ?
[INFO ][2015-11-09 12:27:11,549][com.java.SeleniumDriver] [  788] - ------------------------------------------
[INFO ][2015-11-09 12:27:11,549][com.java.SeleniumDriver] [  789] - Test case being Executed: 7
[INFO ][2015-11-09 12:27:11,549][com.java.SeleniumDriver] [  800] - Test step:35
[INFO ][2015-11-09 12:27:11,549][com.java.SeleniumDriver] [  812] - Datavalue is----------Login_username
[INFO ][2015-11-09 12:27:11,549][com.java.SeleniumDriver] [  836] - DataField : XPH//table[@id="tblUserListing"]//td[contains(text(),'vltest.robot')]
[INFO ][2015-11-09 12:27:11,549][com.java.SeleniumDriver] [  838] - DataValue : Login_username
[INFO ][2015-11-09 12:27:11,549][com.java.SeleniumDriver] [  844] - <In Set values of the page>
[INFO ][2015-11-09 12:27:11,549][com.java.SeleniumDriver] [  847] - {Data Fields & Data Values Exist}
[INFO ][2015-11-09 12:27:11,549][com.java.SeleniumDriver] [  849] - --------------------------setting values-----------------------------
[INFO ][2015-11-09 12:27:11,549][com.java.SeleniumDriver] [  852] - Action Type : STOREVALUE
[INFO ][2015-11-09 12:27:11,549][com.java.TestType] [ 6135] - field= XPH//table[@id="tblUserListing"]//td[contains(text(),'vltest.robot')]
[DEBUG][2015-11-09 12:27:11,658][com.java.TestType] [ 6187] - Key:: Login_username   Value:: vltest.robot.00000
[INFO ][2015-11-09 12:27:11,658][com.java.SeleniumDriver] [  861] -  RESULT true
[INFO ][2015-11-09 12:27:11,658][com.java.SeleniumDriver] [ 1066] - ?   P A S S   ?
[INFO ][2015-11-09 12:27:11,658][com.java.SeleniumDriver] [  788] - ------------------------------------------
[INFO ][2015-11-09 12:27:11,658][com.java.SeleniumDriver] [  789] - Test case being Executed: 7
[INFO ][2015-11-09 12:27:11,658][com.java.SeleniumDriver] [  800] - Test step:36
[INFO ][2015-11-09 12:27:11,658][com.java.SeleniumDriver] [  812] - Datavalue is----------null
[DEBUG][2015-11-09 12:27:11,658][com.java.SeleniumDriver] [  830] - Exception: null
[INFO ][2015-11-09 12:27:11,658][com.java.SeleniumDriver] [  836] - DataField : BTNparent
[INFO ][2015-11-09 12:27:11,658][com.java.SeleniumDriver] [  838] - DataValue : 
[INFO ][2015-11-09 12:27:11,658][com.java.SeleniumDriver] [  844] - <In Set values of the page>
[INFO ][2015-11-09 12:27:11,658][com.java.SeleniumDriver] [  847] - {Data Fields & Data Values Exist}
[INFO ][2015-11-09 12:27:11,658][com.java.SeleniumDriver] [  849] - --------------------------setting values-----------------------------
[INFO ][2015-11-09 12:27:11,658][com.java.SeleniumDriver] [  852] - Action Type : SelectFrame
[INFO ][2015-11-09 12:27:11,674][com.java.SeleniumDriver] [  861] -  RESULT true
[INFO ][2015-11-09 12:27:11,674][com.java.SeleniumDriver] [ 1066] - ?   P A S S   ?
[INFO ][2015-11-09 12:27:11,674][com.java.SeleniumDriver] [  788] - ------------------------------------------
[INFO ][2015-11-09 12:27:11,674][com.java.SeleniumDriver] [  789] - Test case being Executed: 7
[INFO ][2015-11-09 12:27:11,674][com.java.SeleniumDriver] [  800] - Test step:37
[INFO ][2015-11-09 12:27:11,674][com.java.SeleniumDriver] [  812] - Datavalue is----------null
[DEBUG][2015-11-09 12:27:11,674][com.java.SeleniumDriver] [  830] - Exception: null
[INFO ][2015-11-09 12:27:11,674][com.java.SeleniumDriver] [  836] - DataField : XPH//span[contains(text(), 'Finished')]
[INFO ][2015-11-09 12:27:11,674][com.java.SeleniumDriver] [  838] - DataValue : 
[INFO ][2015-11-09 12:27:11,674][com.java.SeleniumDriver] [  844] - <In Set values of the page>
[INFO ][2015-11-09 12:27:11,674][com.java.SeleniumDriver] [  847] - {Data Fields & Data Values Exist}
[INFO ][2015-11-09 12:27:11,674][com.java.SeleniumDriver] [  849] - --------------------------setting values-----------------------------
[INFO ][2015-11-09 12:27:11,674][com.java.SeleniumDriver] [  852] - Action Type : Click
[INFO ][2015-11-09 12:27:11,674][com.java.TestType] [ 4388] - Field ::XPH//span[contains(text(), 'Finished')]
[INFO ][2015-11-09 12:27:12,688][com.java.TestType] [ 4447] - BEFORE CLICK
[INFO ][2015-11-09 12:27:13,780][com.java.TestType] [ 4455] - Unable to click the object Finished button
[INFO ][2015-11-09 12:27:13,780][com.java.SeleniumDriver] [  861] -  RESULT true
[INFO ][2015-11-09 12:27:13,780][com.java.SeleniumDriver] [ 1066] - ?   P A S S   ?
[INFO ][2015-11-09 12:27:13,780][com.java.SeleniumDriver] [  788] - ------------------------------------------
[INFO ][2015-11-09 12:27:13,780][com.java.SeleniumDriver] [  789] - Test case being Executed: 7
[INFO ][2015-11-09 12:27:13,780][com.java.SeleniumDriver] [  800] - Test step:38
[INFO ][2015-11-09 12:27:13,780][com.java.SeleniumDriver] [  812] - Datavalue is----------Concept#3:1-2
[INFO ][2015-11-09 12:27:13,780][com.java.SeleniumDriver] [  836] - DataField : test
[INFO ][2015-11-09 12:27:13,780][com.java.SeleniumDriver] [  838] - DataValue : Concept#3:1-2
[INFO ][2015-11-09 12:27:13,780][com.java.SeleniumDriver] [  844] - <In Set values of the page>
[INFO ][2015-11-09 12:27:13,780][com.java.SeleniumDriver] [  847] - {Data Fields & Data Values Exist}
[INFO ][2015-11-09 12:27:13,780][com.java.SeleniumDriver] [  849] - --------------------------setting values-----------------------------
[INFO ][2015-11-09 12:27:13,780][com.java.SeleniumDriver] [  852] - Action Type : ExecuteTestCase
[INFO ][2015-11-09 12:27:13,780][com.java.TestType] [  420] - The Concept sheet name is ---------- Concept
[INFO ][2015-11-09 12:27:13,780][com.java.TestType] [  423] - The Concept ID  is ---------- 3
[DEBUG][2015-11-09 12:27:13,780][com.java.TestType] [  427] - Steps being executted in the Concept are: 1:2
[INFO ][2015-11-09 12:27:13,780][com.java.TestType] [  434] - Test data details path ---------- D:\BankersDashboard\TestInputs\TestData.xls
[INFO ][2015-11-09 12:27:13,781][com.java.TestType] [  465] -  str(1) = 3
[INFO ][2015-11-09 12:27:13,781][com.java.TestType] [  468] - Test case Id is---3
[INFO ][2015-11-09 12:27:13,781][com.java.TestType] [  470] - 3
[INFO ][2015-11-09 12:27:13,781][com.java.TestType] [  465] -  str(2) = 1
[INFO ][2015-11-09 12:27:13,796][com.java.TestType] [  517] - row values are--------{1=com.java.Objects.TestDataDetails@cbb440}
[INFO ][2015-11-09 12:27:13,796][com.java.TestType] [  465] -  str(1) = 3
[INFO ][2015-11-09 12:27:13,796][com.java.TestType] [  468] - Test case Id is---3
[INFO ][2015-11-09 12:27:13,796][com.java.TestType] [  470] - 3
[INFO ][2015-11-09 12:27:13,796][com.java.TestType] [  465] -  str(2) = 2
[INFO ][2015-11-09 12:27:13,812][com.java.TestType] [  517] - row values are--------{1=com.java.Objects.TestDataDetails@cbb440, 2=com.java.Objects.TestDataDetails@1d982e4}
[INFO ][2015-11-09 12:27:13,812][com.java.TestType] [ 8225] - Looping 1TCID = 3
[DEBUG][2015-11-09 12:27:13,812][com.java.TestType] [ 8266] - Concept ID:3 :: Step being Executed: 3::1
[INFO ][2015-11-09 12:27:13,812][com.java.TestType] [ 8304] - dataFields : test
[DEBUG][2015-11-09 12:27:13,812][com.java.TestType] [ 8310] - <In Set values of the page>
[DEBUG][2015-11-09 12:27:13,812][com.java.TestType] [ 8315] - {Data Fields & Data Values Exist}
[INFO ][2015-11-09 12:27:13,812][com.java.TestType] [ 8321] - --------------------------setting values-----------------------------
[INFO ][2015-11-09 12:27:13,812][com.java.TestType] [ 8324] - Action Type : Logout
[INFO ][2015-11-09 12:27:15,989][com.java.TestType] [ 4388] - Field ::CNF
[INFO ][2015-11-09 12:27:18,291][com.java.TestType] [ 4443] - Click the object confirmation
[INFO ][2015-11-09 12:27:18,291][com.java.TestType] [ 4444] - Unable to click the object confirmation
[DEBUG][2015-11-09 12:27:18,294][com.java.SeleniumDriver] [  425] - Hub ip address is-------172.17.68.34
[INFO ][2015-11-09 12:27:18,294][com.java.SeleniumDriver] [  451] - Grid URL:http://172.17.68.34:4444/wd/hub
[INFO ][2015-11-09 12:27:18,294][com.java.SeleniumDriver] [  452] - Capability:Capabilities [{platform=ANY, ensureCleanSession=true, ignoreProtectedModeSettings=true, acceptSslCerts=true, ignoreZoomSetting=true, browserName=internet explorer, browserstack.ie.noFlash=true, version=Node1}]
[ERROR][2015-11-09 12:27:19,347][com.java.SeleniumDriver] [  496] - Unable invoke browser in grid:Could not start a new session. Possible causes are invalid address of the remote server or browser start-up failure.
Build info: version: '2.48.2', revision: '41bccdd', time: '2015-10-09 19:59:12'
System info: host: 'FVTIII438F1D', ip: '172.17.68.34', os.name: 'Windows 7', os.arch: 'x86', os.version: '6.1', java.version: '1.7.0_55'
Driver info: driver.version: SeleniumDriver
[INFO ][2015-11-09 12:27:19,347][com.java.SeleniumDriver] [  498] - Executing on local machine
[INFO ][2015-11-09 12:27:30,846][com.java.TestType] [ 8343] -  RESULT true
[INFO ][2015-11-09 12:27:30,846][com.java.TestType] [ 8460] - ?   P A S S   ?
[DEBUG][2015-11-09 12:27:30,846][com.java.TestType] [ 8266] - Concept ID:3 :: Step being Executed: 3::2
[INFO ][2015-11-09 12:27:30,846][com.java.TestType] [ 8304] - dataFields : test
[DEBUG][2015-11-09 12:27:30,846][com.java.TestType] [ 8310] - <In Set values of the page>
[DEBUG][2015-11-09 12:27:30,846][com.java.TestType] [ 8315] - {Data Fields & Data Values Exist}
[INFO ][2015-11-09 12:27:30,846][com.java.TestType] [ 8321] - --------------------------setting values-----------------------------
[INFO ][2015-11-09 12:27:30,846][com.java.TestType] [ 8324] - Action Type : WaitTime
[DEBUG][2015-11-09 12:27:30,846][com.java.TestType] [ 3911] - sleepTime: 2000
[INFO ][2015-11-09 12:27:32,859][com.java.TestType] [ 8343] -  RESULT true
[INFO ][2015-11-09 12:27:32,859][com.java.TestType] [ 8460] - ?   P A S S   ?
[INFO ][2015-11-09 12:27:32,859][com.java.TestType] [ 8531] - Looping End......
[INFO ][2015-11-09 12:27:32,859][com.java.SeleniumDriver] [  861] -  RESULT true
[INFO ][2015-11-09 12:27:32,859][com.java.SeleniumDriver] [ 1066] - ?   P A S S   ?
[INFO ][2015-11-09 12:27:32,859][com.java.SeleniumDriver] [  788] - ------------------------------------------
[INFO ][2015-11-09 12:27:32,859][com.java.SeleniumDriver] [  789] - Test case being Executed: 7
[INFO ][2015-11-09 12:27:32,859][com.java.SeleniumDriver] [  800] - Test step:39
[INFO ][2015-11-09 12:27:32,859][com.java.SeleniumDriver] [  812] - Datavalue is----------HMVLogin_username
[INFO ][2015-11-09 12:27:32,859][com.java.SeleniumDriver] [  836] - DataField : TXTusername
[INFO ][2015-11-09 12:27:32,859][com.java.SeleniumDriver] [  838] - DataValue : HMVLogin_username
[INFO ][2015-11-09 12:27:32,859][com.java.SeleniumDriver] [  844] - <In Set values of the page>
[INFO ][2015-11-09 12:27:32,859][com.java.SeleniumDriver] [  847] - {Data Fields & Data Values Exist}
[INFO ][2015-11-09 12:27:32,859][com.java.SeleniumDriver] [  849] - --------------------------setting values-----------------------------
[INFO ][2015-11-09 12:27:32,859][com.java.SeleniumDriver] [  852] - Action Type : CLEARANDENTER
[INFO ][2015-11-09 12:27:32,859][com.java.TestType] [ 4075] - value = vltest.robot.00000
[INFO ][2015-11-09 12:27:37,850][com.java.SeleniumDriver] [  861] -  RESULT true
[INFO ][2015-11-09 12:27:37,850][com.java.SeleniumDriver] [ 1066] - ?   P A S S   ?
[INFO ][2015-11-09 12:27:37,850][com.java.SeleniumDriver] [  788] - ------------------------------------------
[INFO ][2015-11-09 12:27:37,850][com.java.SeleniumDriver] [  789] - Test case being Executed: 7
[INFO ][2015-11-09 12:27:37,850][com.java.SeleniumDriver] [  800] - Test step:40
[INFO ][2015-11-09 12:27:37,850][com.java.SeleniumDriver] [  812] - Datavalue is----------dt:NewUserPswd
[INFO ][2015-11-09 12:27:37,850][com.java.SeleniumDriver] [  836] - DataField : TXTpassword
[INFO ][2015-11-09 12:27:37,850][com.java.SeleniumDriver] [  838] - DataValue : dt:NewUserPswd
[INFO ][2015-11-09 12:27:37,850][com.java.SeleniumDriver] [  844] - <In Set values of the page>
[INFO ][2015-11-09 12:27:37,850][com.java.SeleniumDriver] [  847] - {Data Fields & Data Values Exist}
[INFO ][2015-11-09 12:27:37,850][com.java.SeleniumDriver] [  849] - --------------------------setting values-----------------------------
[INFO ][2015-11-09 12:27:37,850][com.java.SeleniumDriver] [  852] - Action Type : CLEARANDENTER
[INFO ][2015-11-09 12:27:37,850][com.java.TestType] [ 4075] - value = Password1*
[INFO ][2015-11-09 12:27:43,010][com.java.SeleniumDriver] [  861] -  RESULT true
[INFO ][2015-11-09 12:27:43,010][com.java.SeleniumDriver] [ 1066] - ?   P A S S   ?
[INFO ][2015-11-09 12:27:43,010][com.java.SeleniumDriver] [  788] - ------------------------------------------
[INFO ][2015-11-09 12:27:43,010][com.java.SeleniumDriver] [  789] - Test case being Executed: 7
[INFO ][2015-11-09 12:27:43,010][com.java.SeleniumDriver] [  800] - Test step:41
[INFO ][2015-11-09 12:27:43,010][com.java.SeleniumDriver] [  812] - Datavalue is----------null
[DEBUG][2015-11-09 12:27:43,010][com.java.SeleniumDriver] [  830] - Exception: null
[INFO ][2015-11-09 12:27:43,010][com.java.SeleniumDriver] [  836] - DataField : XPH//button[@type='submit']
[INFO ][2015-11-09 12:27:43,010][com.java.SeleniumDriver] [  838] - DataValue : 
[INFO ][2015-11-09 12:27:43,010][com.java.SeleniumDriver] [  844] - <In Set values of the page>
[INFO ][2015-11-09 12:27:43,010][com.java.SeleniumDriver] [  847] - {Data Fields & Data Values Exist}
[INFO ][2015-11-09 12:27:43,010][com.java.SeleniumDriver] [  849] - --------------------------setting values-----------------------------
[INFO ][2015-11-09 12:27:43,010][com.java.SeleniumDriver] [  852] - Action Type : Click
[INFO ][2015-11-09 12:27:43,010][com.java.TestType] [ 4388] - Field ::XPH//button[@type='submit']
[INFO ][2015-11-09 12:27:44,024][com.java.TestType] [ 4447] - BEFORE CLICK
[INFO ][2015-11-09 12:27:54,354][com.java.TestType] [ 4455] - Unable to click the object Login
[INFO ][2015-11-09 12:27:54,354][com.java.SeleniumDriver] [  861] -  RESULT true
[INFO ][2015-11-09 12:27:54,354][com.java.SeleniumDriver] [ 1066] - ?   P A S S   ?
[INFO ][2015-11-09 12:27:54,354][com.java.SeleniumDriver] [  788] - ------------------------------------------
[INFO ][2015-11-09 12:27:54,354][com.java.SeleniumDriver] [  789] - Test case being Executed: 7
[INFO ][2015-11-09 12:27:54,354][com.java.SeleniumDriver] [  800] - Test step:42
[INFO ][2015-11-09 12:27:54,354][com.java.SeleniumDriver] [  812] - Datavalue is----------null
[DEBUG][2015-11-09 12:27:54,354][com.java.SeleniumDriver] [  830] - Exception: null
[INFO ][2015-11-09 12:27:54,354][com.java.SeleniumDriver] [  836] - DataField : test
[INFO ][2015-11-09 12:27:54,354][com.java.SeleniumDriver] [  838] - DataValue : 
[INFO ][2015-11-09 12:27:54,354][com.java.SeleniumDriver] [  844] - <In Set values of the page>
[INFO ][2015-11-09 12:27:54,354][com.java.SeleniumDriver] [  847] - {Data Fields & Data Values Exist}
[INFO ][2015-11-09 12:27:54,354][com.java.SeleniumDriver] [  849] - --------------------------setting values-----------------------------
[INFO ][2015-11-09 12:27:54,354][com.java.SeleniumDriver] [  852] - Action Type : WaitTime
[DEBUG][2015-11-09 12:27:54,354][com.java.TestType] [ 3911] - sleepTime: 10000
[INFO ][2015-11-09 12:28:04,359][com.java.SeleniumDriver] [  861] -  RESULT true
[INFO ][2015-11-09 12:28:04,359][com.java.SeleniumDriver] [ 1066] - ?   P A S S   ?
[INFO ][2015-11-09 12:28:04,359][com.java.SeleniumDriver] [  788] - ------------------------------------------
[INFO ][2015-11-09 12:28:04,359][com.java.SeleniumDriver] [  789] - Test case being Executed: 7
[INFO ][2015-11-09 12:28:04,359][com.java.SeleniumDriver] [  800] - Test step:43
[INFO ][2015-11-09 12:28:04,359][com.java.SeleniumDriver] [  812] - Datavalue is----------Banker'sDashboard
[INFO ][2015-11-09 12:28:04,359][com.java.SeleniumDriver] [  836] - DataField : TTL
[INFO ][2015-11-09 12:28:04,359][com.java.SeleniumDriver] [  838] - DataValue : Banker'sDashboard
[INFO ][2015-11-09 12:28:04,359][com.java.SeleniumDriver] [  844] - <In Set values of the page>
[INFO ][2015-11-09 12:28:04,359][com.java.SeleniumDriver] [  847] - {Data Fields & Data Values Exist}
[INFO ][2015-11-09 12:28:04,359][com.java.SeleniumDriver] [  849] - --------------------------setting values-----------------------------
[INFO ][2015-11-09 12:28:04,359][com.java.SeleniumDriver] [  852] - Action Type : SelectWindow
[INFO ][2015-11-09 12:28:16,698][com.java.SeleniumDriver] [  861] -  RESULT true
[INFO ][2015-11-09 12:28:16,698][com.java.SeleniumDriver] [ 1066] - ?   P A S S   ?
[INFO ][2015-11-09 12:28:16,698][com.java.SeleniumDriver] [  788] - ------------------------------------------
[INFO ][2015-11-09 12:28:16,698][com.java.SeleniumDriver] [  789] - Test case being Executed: 7
[INFO ][2015-11-09 12:28:16,698][com.java.SeleniumDriver] [  800] - Test step:44
[INFO ][2015-11-09 12:28:16,698][com.java.SeleniumDriver] [  812] - Datavalue is----------20
[INFO ][2015-11-09 12:28:16,698][com.java.SeleniumDriver] [  836] - DataField : test
[INFO ][2015-11-09 12:28:16,698][com.java.SeleniumDriver] [  838] - DataValue : 20
[INFO ][2015-11-09 12:28:16,698][com.java.SeleniumDriver] [  844] - <In Set values of the page>
[INFO ][2015-11-09 12:28:16,698][com.java.SeleniumDriver] [  847] - {Data Fields & Data Values Exist}
[INFO ][2015-11-09 12:28:16,698][com.java.SeleniumDriver] [  849] - --------------------------setting values-----------------------------
[INFO ][2015-11-09 12:28:16,698][com.java.SeleniumDriver] [  852] - Action Type : WaitTime
[DEBUG][2015-11-09 12:28:16,698][com.java.TestType] [ 3911] - sleepTime: 20000
[INFO ][2015-11-09 12:28:36,694][com.java.SeleniumDriver] [  861] -  RESULT true
[INFO ][2015-11-09 12:28:36,694][com.java.SeleniumDriver] [ 1066] - ?   P A S S   ?
[INFO ][2015-11-09 12:28:36,694][com.java.SeleniumDriver] [  788] - ------------------------------------------
[INFO ][2015-11-09 12:28:36,694][com.java.SeleniumDriver] [  789] - Test case being Executed: 7
[INFO ][2015-11-09 12:28:36,694][com.java.SeleniumDriver] [  800] - Test step:45
[INFO ][2015-11-09 12:28:36,694][com.java.SeleniumDriver] [  812] - Datavalue is----------null
[DEBUG][2015-11-09 12:28:36,694][com.java.SeleniumDriver] [  830] - Exception: null
[INFO ][2015-11-09 12:28:36,694][com.java.SeleniumDriver] [  836] - DataField : //span[@class='icon-cog2']&&//a[@data-id="UserSettings"]
[INFO ][2015-11-09 12:28:36,694][com.java.SeleniumDriver] [  838] - DataValue : 
[INFO ][2015-11-09 12:28:36,694][com.java.SeleniumDriver] [  844] - <In Set values of the page>
[INFO ][2015-11-09 12:28:36,694][com.java.SeleniumDriver] [  847] - {Data Fields & Data Values Exist}
[INFO ][2015-11-09 12:28:36,694][com.java.SeleniumDriver] [  849] - --------------------------setting values-----------------------------
[INFO ][2015-11-09 12:28:36,694][com.java.SeleniumDriver] [  852] - Action Type : MouseOver
[INFO ][2015-11-09 12:28:47,093][com.java.SeleniumDriver] [  861] -  RESULT true
[INFO ][2015-11-09 12:28:47,093][com.java.SeleniumDriver] [ 1066] - ?   P A S S   ?
[INFO ][2015-11-09 12:28:47,093][com.java.SeleniumDriver] [  788] - ------------------------------------------
[INFO ][2015-11-09 12:28:47,093][com.java.SeleniumDriver] [  789] - Test case being Executed: 7
[INFO ][2015-11-09 12:28:47,093][com.java.SeleniumDriver] [  800] - Test step:46
[INFO ][2015-11-09 12:28:47,093][com.java.SeleniumDriver] [  812] - Datavalue is----------null
[DEBUG][2015-11-09 12:28:47,093][com.java.SeleniumDriver] [  830] - Exception: null
[INFO ][2015-11-09 12:28:47,093][com.java.SeleniumDriver] [  836] - DataField : BTNframeDialogContent
[INFO ][2015-11-09 12:28:47,093][com.java.SeleniumDriver] [  838] - DataValue : 
[INFO ][2015-11-09 12:28:47,093][com.java.SeleniumDriver] [  844] - <In Set values of the page>
[INFO ][2015-11-09 12:28:47,093][com.java.SeleniumDriver] [  847] - {Data Fields & Data Values Exist}
[INFO ][2015-11-09 12:28:47,093][com.java.SeleniumDriver] [  849] - --------------------------setting values-----------------------------
[INFO ][2015-11-09 12:28:47,093][com.java.SeleniumDriver] [  852] - Action Type : WaitForElement
[INFO ][2015-11-09 12:28:48,419][com.java.SeleniumDriver] [  861] -  RESULT true
[INFO ][2015-11-09 12:28:48,419][com.java.SeleniumDriver] [ 1066] - ?   P A S S   ?
[INFO ][2015-11-09 12:28:48,419][com.java.SeleniumDriver] [  788] - ------------------------------------------
[INFO ][2015-11-09 12:28:48,419][com.java.SeleniumDriver] [  789] - Test case being Executed: 7
[INFO ][2015-11-09 12:28:48,419][com.java.SeleniumDriver] [  800] - Test step:47
[INFO ][2015-11-09 12:28:48,419][com.java.SeleniumDriver] [  812] - Datavalue is----------frameDialogContent
[INFO ][2015-11-09 12:28:48,419][com.java.SeleniumDriver] [  836] - DataField : BTN
[INFO ][2015-11-09 12:28:48,419][com.java.SeleniumDriver] [  838] - DataValue : frameDialogContent
[INFO ][2015-11-09 12:28:48,419][com.java.SeleniumDriver] [  844] - <In Set values of the page>
[INFO ][2015-11-09 12:28:48,419][com.java.SeleniumDriver] [  847] - {Data Fields & Data Values Exist}
[INFO ][2015-11-09 12:28:48,419][com.java.SeleniumDriver] [  849] - --------------------------setting values-----------------------------
[INFO ][2015-11-09 12:28:48,419][com.java.SeleniumDriver] [  852] - Action Type : SELECTFRAMEBYNAME
[INFO ][2015-11-09 12:28:48,419][com.java.TestType] [ 4075] - value = frameDialogContent
[INFO ][2015-11-09 12:28:48,622][com.java.SeleniumDriver] [  861] -  RESULT true
[INFO ][2015-11-09 12:28:48,622][com.java.SeleniumDriver] [ 1066] - ?   P A S S   ?
[INFO ][2015-11-09 12:28:48,622][com.java.SeleniumDriver] [  788] - ------------------------------------------
[INFO ][2015-11-09 12:28:48,622][com.java.SeleniumDriver] [  789] - Test case being Executed: 7
[INFO ][2015-11-09 12:28:48,622][com.java.SeleniumDriver] [  800] - Test step:48
[INFO ][2015-11-09 12:28:48,622][com.java.SeleniumDriver] [  812] - Datavalue is----------No
[INFO ][2015-11-09 12:28:48,622][com.java.SeleniumDriver] [  836] - DataField : SLBddlOpenBDInNewWindow
[INFO ][2015-11-09 12:28:48,622][com.java.SeleniumDriver] [  838] - DataValue : No
[INFO ][2015-11-09 12:28:48,622][com.java.SeleniumDriver] [  844] - <In Set values of the page>
[INFO ][2015-11-09 12:28:48,622][com.java.SeleniumDriver] [  847] - {Data Fields & Data Values Exist}
[INFO ][2015-11-09 12:28:48,622][com.java.SeleniumDriver] [  849] - --------------------------setting values-----------------------------
[INFO ][2015-11-09 12:28:48,622][com.java.SeleniumDriver] [  852] - Action Type : Select
[INFO ][2015-11-09 12:28:48,622][com.java.TestType] [ 4075] - value = No
[INFO ][2015-11-09 12:28:51,089][com.java.SeleniumDriver] [  861] -  RESULT true
[INFO ][2015-11-09 12:28:51,089][com.java.SeleniumDriver] [ 1066] - ?   P A S S   ?
[INFO ][2015-11-09 12:28:51,089][com.java.SeleniumDriver] [  788] - ------------------------------------------
[INFO ][2015-11-09 12:28:51,089][com.java.SeleniumDriver] [  789] - Test case being Executed: 7
[INFO ][2015-11-09 12:28:51,089][com.java.SeleniumDriver] [  800] - Test step:49
[INFO ][2015-11-09 12:28:51,089][com.java.SeleniumDriver] [  812] - Datavalue is----------null
[DEBUG][2015-11-09 12:28:51,089][com.java.SeleniumDriver] [  830] - Exception: null
[INFO ][2015-11-09 12:28:51,089][com.java.SeleniumDriver] [  836] - DataField : BTNparent
[INFO ][2015-11-09 12:28:51,089][com.java.SeleniumDriver] [  838] - DataValue : 
[INFO ][2015-11-09 12:28:51,089][com.java.SeleniumDriver] [  844] - <In Set values of the page>
[INFO ][2015-11-09 12:28:51,089][com.java.SeleniumDriver] [  847] - {Data Fields & Data Values Exist}
[INFO ][2015-11-09 12:28:51,089][com.java.SeleniumDriver] [  849] - --------------------------setting values-----------------------------
[INFO ][2015-11-09 12:28:51,089][com.java.SeleniumDriver] [  852] - Action Type : SELECTFRAME
[INFO ][2015-11-09 12:28:51,104][com.java.SeleniumDriver] [  861] -  RESULT true
[INFO ][2015-11-09 12:28:51,104][com.java.SeleniumDriver] [ 1066] - ?   P A S S   ?
[INFO ][2015-11-09 12:28:51,104][com.java.SeleniumDriver] [  788] - ------------------------------------------
[INFO ][2015-11-09 12:28:51,104][com.java.SeleniumDriver] [  789] - Test case being Executed: 7
[INFO ][2015-11-09 12:28:51,104][com.java.SeleniumDriver] [  800] - Test step:50
[INFO ][2015-11-09 12:28:51,104][com.java.SeleniumDriver] [  812] - Datavalue is----------null
[DEBUG][2015-11-09 12:28:51,104][com.java.SeleniumDriver] [  830] - Exception: null
[INFO ][2015-11-09 12:28:51,104][com.java.SeleniumDriver] [  836] - DataField : BTN//span[text()='Finished']
[INFO ][2015-11-09 12:28:51,104][com.java.SeleniumDriver] [  838] - DataValue : 
[INFO ][2015-11-09 12:28:51,104][com.java.SeleniumDriver] [  844] - <In Set values of the page>
[INFO ][2015-11-09 12:28:51,104][com.java.SeleniumDriver] [  847] - {Data Fields & Data Values Exist}
[INFO ][2015-11-09 12:28:51,104][com.java.SeleniumDriver] [  849] - --------------------------setting values-----------------------------
[INFO ][2015-11-09 12:28:51,104][com.java.SeleniumDriver] [  852] - Action Type : Click
[INFO ][2015-11-09 12:28:51,104][com.java.TestType] [ 4388] - Field ::BTN//span[text()='Finished']
[INFO ][2015-11-09 12:28:52,118][com.java.TestType] [ 4426] - BEFORE CLICK
[INFO ][2015-11-09 12:28:52,712][com.java.TestType] [ 4433] - Unable to click the object Finished button
[INFO ][2015-11-09 12:28:52,712][com.java.SeleniumDriver] [  861] -  RESULT true
[INFO ][2015-11-09 12:28:52,712][com.java.SeleniumDriver] [ 1066] - ?   P A S S   ?
[INFO ][2015-11-09 12:28:52,712][com.java.SeleniumDriver] [  788] - ------------------------------------------
[INFO ][2015-11-09 12:28:52,712][com.java.SeleniumDriver] [  789] - Test case being Executed: 7
[INFO ][2015-11-09 12:28:52,712][com.java.SeleniumDriver] [  800] - Test step:51
[INFO ][2015-11-09 12:28:52,712][com.java.SeleniumDriver] [  812] - Datavalue is----------Logout
[INFO ][2015-11-09 12:28:52,712][com.java.SeleniumDriver] [  836] - DataField : LNK
[INFO ][2015-11-09 12:28:52,712][com.java.SeleniumDriver] [  838] - DataValue : Logout
[INFO ][2015-11-09 12:28:52,712][com.java.SeleniumDriver] [  844] - <In Set values of the page>
[INFO ][2015-11-09 12:28:52,712][com.java.SeleniumDriver] [  847] - {Data Fields & Data Values Exist}
[INFO ][2015-11-09 12:28:52,712][com.java.SeleniumDriver] [  849] - --------------------------setting values-----------------------------
[INFO ][2015-11-09 12:28:52,712][com.java.SeleniumDriver] [  852] - Action Type : Verify
[INFO ][2015-11-09 12:28:52,712][com.java.TestType] [ 5201] - field= LNK value= Logout
[INFO ][2015-11-09 12:28:52,712][com.java.TestType] [ 4075] - value = Logout
[INFO ][2015-11-09 12:28:52,743][com.java.SeleniumDriver] [  861] -  RESULT true
[INFO ][2015-11-09 12:28:52,743][com.java.SeleniumDriver] [ 1066] - ?   P A S S   ?
[INFO ][2015-11-09 12:28:52,743][com.java.SeleniumDriver] [  788] - ------------------------------------------
[INFO ][2015-11-09 12:28:52,743][com.java.SeleniumDriver] [  789] - Test case being Executed: 7
[INFO ][2015-11-09 12:28:52,743][com.java.SeleniumDriver] [  800] - Test step:52
[INFO ][2015-11-09 12:28:52,743][com.java.SeleniumDriver] [  812] - Datavalue is----------//img[contains(@src,'bdlogo.jpg')]
[INFO ][2015-11-09 12:28:52,743][com.java.SeleniumDriver] [  836] - DataField : BTN
[INFO ][2015-11-09 12:28:52,743][com.java.SeleniumDriver] [  838] - DataValue : //img[contains(@src,'bdlogo.jpg')]
[INFO ][2015-11-09 12:28:52,743][com.java.SeleniumDriver] [  844] - <In Set values of the page>
[INFO ][2015-11-09 12:28:52,743][com.java.SeleniumDriver] [  847] - {Data Fields & Data Values Exist}
[INFO ][2015-11-09 12:28:52,743][com.java.SeleniumDriver] [  849] - --------------------------setting values-----------------------------
[INFO ][2015-11-09 12:28:52,743][com.java.SeleniumDriver] [  852] - Action Type : Verify
[INFO ][2015-11-09 12:28:52,743][com.java.TestType] [ 5201] - field= BTN value= //img[contains(@src,'bdlogo.jpg')]
[INFO ][2015-11-09 12:28:52,743][com.java.TestType] [ 4075] - value = //img[contains(@src,'bdlogo.jpg')]
[INFO ][2015-11-09 12:28:52,774][com.java.SeleniumDriver] [  861] -  RESULT true
[INFO ][2015-11-09 12:28:52,774][com.java.SeleniumDriver] [ 1066] - ?   P A S S   ?
[INFO ][2015-11-09 12:28:52,774][com.java.SeleniumDriver] [  788] - ------------------------------------------
[INFO ][2015-11-09 12:28:52,774][com.java.SeleniumDriver] [  789] - Test case being Executed: 7
[INFO ][2015-11-09 12:28:52,774][com.java.SeleniumDriver] [  800] - Test step:53
[INFO ][2015-11-09 12:28:52,774][com.java.SeleniumDriver] [  812] - Datavalue is----------null
[DEBUG][2015-11-09 12:28:52,774][com.java.SeleniumDriver] [  830] - Exception: null
[INFO ][2015-11-09 12:28:52,774][com.java.SeleniumDriver] [  836] - DataField : null
[INFO ][2015-11-09 12:28:52,774][com.java.SeleniumDriver] [  838] - DataValue : 
[INFO ][2015-11-09 12:28:52,774][com.java.SeleniumDriver] [  844] - <In Set values of the page>
[INFO ][2015-11-09 12:28:52,774][com.java.SeleniumDriver] [  847] - {Data Fields & Data Values Exist}
[INFO ][2015-11-09 12:28:52,774][com.java.SeleniumDriver] [  849] - --------------------------setting values-----------------------------
[INFO ][2015-11-09 12:28:52,774][com.java.SeleniumDriver] [  852] - Action Type : OPENNEWBROWSER
[DEBUG][2015-11-09 12:28:58,305][com.java.SeleniumDriver] [  425] - Hub ip address is-------172.17.68.34
[INFO ][2015-11-09 12:28:58,305][com.java.SeleniumDriver] [  451] - Grid URL:http://172.17.68.34:4444/wd/hub
[INFO ][2015-11-09 12:28:58,305][com.java.SeleniumDriver] [  452] - Capability:Capabilities [{platform=ANY, ensureCleanSession=true, ignoreProtectedModeSettings=true, acceptSslCerts=true, ignoreZoomSetting=true, browserName=internet explorer, browserstack.ie.noFlash=true, version=Node1}]
[ERROR][2015-11-09 12:28:59,351][com.java.SeleniumDriver] [  496] - Unable invoke browser in grid:Could not start a new session. Possible causes are invalid address of the remote server or browser start-up failure.
Build info: version: '2.48.2', revision: '41bccdd', time: '2015-10-09 19:59:12'
System info: host: 'FVTIII438F1D', ip: '172.17.68.34', os.name: 'Windows 7', os.arch: 'x86', os.version: '6.1', java.version: '1.7.0_55'
Driver info: driver.version: SeleniumDriver
[INFO ][2015-11-09 12:28:59,351][com.java.SeleniumDriver] [  498] - Executing on local machine
[INFO ][2015-11-09 12:29:10,632][com.java.SeleniumDriver] [  861] -  RESULT true
[INFO ][2015-11-09 12:29:10,632][com.java.SeleniumDriver] [ 1066] - ?   P A S S   ?
[INFO ][2015-11-09 12:29:10,632][com.java.SeleniumDriver] [  788] - ------------------------------------------
[INFO ][2015-11-09 12:29:10,632][com.java.SeleniumDriver] [  789] - Test case being Executed: 7
[INFO ][2015-11-09 12:29:10,632][com.java.SeleniumDriver] [  800] - Test step:54
[INFO ][2015-11-09 12:29:10,632][com.java.SeleniumDriver] [  812] - Datavalue is----------Concept#1:1-14
[INFO ][2015-11-09 12:29:10,632][com.java.SeleniumDriver] [  836] - DataField : test
[INFO ][2015-11-09 12:29:10,632][com.java.SeleniumDriver] [  838] - DataValue : Concept#1:1-14
[INFO ][2015-11-09 12:29:10,632][com.java.SeleniumDriver] [  844] - <In Set values of the page>
[INFO ][2015-11-09 12:29:10,632][com.java.SeleniumDriver] [  847] - {Data Fields & Data Values Exist}
[INFO ][2015-11-09 12:29:10,632][com.java.SeleniumDriver] [  849] - --------------------------setting values-----------------------------
[INFO ][2015-11-09 12:29:10,632][com.java.SeleniumDriver] [  852] - Action Type : ExecuteTestCase
[INFO ][2015-11-09 12:29:10,632][com.java.TestType] [  420] - The Concept sheet name is ---------- Concept
[INFO ][2015-11-09 12:29:10,632][com.java.TestType] [  423] - The Concept ID  is ---------- 1
[DEBUG][2015-11-09 12:29:10,632][com.java.TestType] [  427] - Steps being executted in the Concept are: 1:14
[INFO ][2015-11-09 12:29:10,632][com.java.TestType] [  434] - Test data details path ---------- D:\BankersDashboard\TestInputs\TestData.xls
[INFO ][2015-11-09 12:29:10,664][com.java.TestType] [  465] -  str(1) = 1
[INFO ][2015-11-09 12:29:10,664][com.java.TestType] [  468] - Test case Id is---1
[INFO ][2015-11-09 12:29:10,664][com.java.TestType] [  470] - 1
[INFO ][2015-11-09 12:29:10,664][com.java.TestType] [  465] -  str(2) = 1
[INFO ][2015-11-09 12:29:10,664][com.java.TestType] [  517] - row values are--------{1=com.java.Objects.TestDataDetails@13c0f3b}
[INFO ][2015-11-09 12:29:10,664][com.java.TestType] [  465] -  str(1) = 1
[INFO ][2015-11-09 12:29:10,664][com.java.TestType] [  468] - Test case Id is---1
[INFO ][2015-11-09 12:29:10,664][com.java.TestType] [  470] - 1
[INFO ][2015-11-09 12:29:10,664][com.java.TestType] [  465] -  str(2) = 2
[INFO ][2015-11-09 12:29:10,664][com.java.TestType] [  517] - row values are--------{1=com.java.Objects.TestDataDetails@13c0f3b, 2=com.java.Objects.TestDataDetails@1b04599}
[INFO ][2015-11-09 12:29:10,664][com.java.TestType] [  465] -  str(1) = 1
[INFO ][2015-11-09 12:29:10,664][com.java.TestType] [  468] - Test case Id is---1
[INFO ][2015-11-09 12:29:10,664][com.java.TestType] [  470] - 1
[INFO ][2015-11-09 12:29:10,664][com.java.TestType] [  465] -  str(2) = 3
[INFO ][2015-11-09 12:29:10,664][com.java.TestType] [  517] - row values are--------{1=com.java.Objects.TestDataDetails@13c0f3b, 2=com.java.Objects.TestDataDetails@1b04599, 3=com.java.Objects.TestDataDetails@1d30206}
[INFO ][2015-11-09 12:29:10,664][com.java.TestType] [  465] -  str(1) = 1
[INFO ][2015-11-09 12:29:10,664][com.java.TestType] [  468] - Test case Id is---1
[INFO ][2015-11-09 12:29:10,664][com.java.TestType] [  470] - 1
[INFO ][2015-11-09 12:29:10,664][com.java.TestType] [  465] -  str(2) = 4
[INFO ][2015-11-09 12:29:10,664][com.java.TestType] [  517] - row values are--------{1=com.java.Objects.TestDataDetails@13c0f3b, 2=com.java.Objects.TestDataDetails@1b04599, 3=com.java.Objects.TestDataDetails@1d30206, 4=com.java.Objects.TestDataDetails@1635f3f}
[INFO ][2015-11-09 12:29:10,664][com.java.TestType] [  465] -  str(1) = 1
[INFO ][2015-11-09 12:29:10,664][com.java.TestType] [  468] - Test case Id is---1
[INFO ][2015-11-09 12:29:10,664][com.java.TestType] [  470] - 1
[INFO ][2015-11-09 12:29:10,664][com.java.TestType] [  465] -  str(2) = 5
[INFO ][2015-11-09 12:29:10,664][com.java.TestType] [  517] - row values are--------{1=com.java.Objects.TestDataDetails@13c0f3b, 2=com.java.Objects.TestDataDetails@1b04599, 3=com.java.Objects.TestDataDetails@1d30206, 4=com.java.Objects.TestDataDetails@1635f3f, 5=com.java.Objects.TestDataDetails@1b81edf}
[INFO ][2015-11-09 12:29:10,664][com.java.TestType] [  465] -  str(1) = 1
[INFO ][2015-11-09 12:29:10,664][com.java.TestType] [  468] - Test case Id is---1
[INFO ][2015-11-09 12:29:10,664][com.java.TestType] [  470] - 1
[INFO ][2015-11-09 12:29:10,664][com.java.TestType] [  465] -  str(2) = 6
[INFO ][2015-11-09 12:29:10,664][com.java.TestType] [  517] - row values are--------{1=com.java.Objects.TestDataDetails@13c0f3b, 2=com.java.Objects.TestDataDetails@1b04599, 3=com.java.Objects.TestDataDetails@1d30206, 4=com.java.Objects.TestDataDetails@1635f3f, 5=com.java.Objects.TestDataDetails@1b81edf, 6=com.java.Objects.TestDataDetails@15ebdbf}
[INFO ][2015-11-09 12:29:10,664][com.java.TestType] [  465] -  str(1) = 1
[INFO ][2015-11-09 12:29:10,664][com.java.TestType] [  468] - Test case Id is---1
[INFO ][2015-11-09 12:29:10,664][com.java.TestType] [  470] - 1
[INFO ][2015-11-09 12:29:10,664][com.java.TestType] [  465] -  str(2) = 7
[INFO ][2015-11-09 12:29:10,664][com.java.TestType] [  517] - row values are--------{1=com.java.Objects.TestDataDetails@13c0f3b, 2=com.java.Objects.TestDataDetails@1b04599, 3=com.java.Objects.TestDataDetails@1d30206, 4=com.java.Objects.TestDataDetails@1635f3f, 5=com.java.Objects.TestDataDetails@1b81edf, 6=com.java.Objects.TestDataDetails@15ebdbf, 7=com.java.Objects.TestDataDetails@121d3e0}
[INFO ][2015-11-09 12:29:10,664][com.java.TestType] [  465] -  str(1) = 1
[INFO ][2015-11-09 12:29:10,664][com.java.TestType] [  468] - Test case Id is---1
[INFO ][2015-11-09 12:29:10,664][com.java.TestType] [  470] - 1
[INFO ][2015-11-09 12:29:10,664][com.java.TestType] [  465] -  str(2) = 8
[INFO ][2015-11-09 12:29:10,664][com.java.TestType] [  517] - row values are--------{1=com.java.Objects.TestDataDetails@13c0f3b, 2=com.java.Objects.TestDataDetails@1b04599, 3=com.java.Objects.TestDataDetails@1d30206, 4=com.java.Objects.TestDataDetails@1635f3f, 5=com.java.Objects.TestDataDetails@1b81edf, 6=com.java.Objects.TestDataDetails@15ebdbf, 7=com.java.Objects.TestDataDetails@121d3e0, 8=com.java.Objects.TestDataDetails@eec589}
[INFO ][2015-11-09 12:29:10,664][com.java.TestType] [  465] -  str(1) = 1
[INFO ][2015-11-09 12:29:10,664][com.java.TestType] [  468] - Test case Id is---1
[INFO ][2015-11-09 12:29:10,664][com.java.TestType] [  470] - 1
[INFO ][2015-11-09 12:29:10,664][com.java.TestType] [  465] -  str(2) = 9
[INFO ][2015-11-09 12:29:10,664][com.java.TestType] [  517] - row values are--------{1=com.java.Objects.TestDataDetails@13c0f3b, 2=com.java.Objects.TestDataDetails@1b04599, 3=com.java.Objects.TestDataDetails@1d30206, 4=com.java.Objects.TestDataDetails@1635f3f, 5=com.java.Objects.TestDataDetails@1b81edf, 6=com.java.Objects.TestDataDetails@15ebdbf, 7=com.java.Objects.TestDataDetails@121d3e0, 8=com.java.Objects.TestDataDetails@eec589, 9=com.java.Objects.TestDataDetails@1cda03c}
[INFO ][2015-11-09 12:29:10,664][com.java.TestType] [  465] -  str(1) = 1
[INFO ][2015-11-09 12:29:10,664][com.java.TestType] [  468] - Test case Id is---1
[INFO ][2015-11-09 12:29:10,664][com.java.TestType] [  470] - 1
[INFO ][2015-11-09 12:29:10,664][com.java.TestType] [  465] -  str(2) = 10
[INFO ][2015-11-09 12:29:10,664][com.java.TestType] [  517] - row values are--------{1=com.java.Objects.TestDataDetails@13c0f3b, 2=com.java.Objects.TestDataDetails@1b04599, 3=com.java.Objects.TestDataDetails@1d30206, 4=com.java.Objects.TestDataDetails@1635f3f, 5=com.java.Objects.TestDataDetails@1b81edf, 6=com.java.Objects.TestDataDetails@15ebdbf, 7=com.java.Objects.TestDataDetails@121d3e0, 8=com.java.Objects.TestDataDetails@eec589, 9=com.java.Objects.TestDataDetails@1cda03c, 10=com.java.Objects.TestDataDetails@1466cd4}
[INFO ][2015-11-09 12:29:10,664][com.java.TestType] [  465] -  str(1) = 1
[INFO ][2015-11-09 12:29:10,664][com.java.TestType] [  468] - Test case Id is---1
[INFO ][2015-11-09 12:29:10,664][com.java.TestType] [  470] - 1
[INFO ][2015-11-09 12:29:10,664][com.java.TestType] [  465] -  str(2) = 11
[INFO ][2015-11-09 12:29:10,664][com.java.TestType] [  517] - row values are--------{1=com.java.Objects.TestDataDetails@13c0f3b, 2=com.java.Objects.TestDataDetails@1b04599, 3=com.java.Objects.TestDataDetails@1d30206, 4=com.java.Objects.TestDataDetails@1635f3f, 5=com.java.Objects.TestDataDetails@1b81edf, 6=com.java.Objects.TestDataDetails@15ebdbf, 7=com.java.Objects.TestDataDetails@121d3e0, 8=com.java.Objects.TestDataDetails@eec589, 9=com.java.Objects.TestDataDetails@1cda03c, 10=com.java.Objects.TestDataDetails@1466cd4, 11=com.java.Objects.TestDataDetails@1a1fc11}
[INFO ][2015-11-09 12:29:10,664][com.java.TestType] [  465] -  str(1) = 1
[INFO ][2015-11-09 12:29:10,664][com.java.TestType] [  468] - Test case Id is---1
[INFO ][2015-11-09 12:29:10,664][com.java.TestType] [  470] - 1
[INFO ][2015-11-09 12:29:10,664][com.java.TestType] [  465] -  str(2) = 12
[INFO ][2015-11-09 12:29:10,664][com.java.TestType] [  517] - row values are--------{1=com.java.Objects.TestDataDetails@13c0f3b, 2=com.java.Objects.TestDataDetails@1b04599, 3=com.java.Objects.TestDataDetails@1d30206, 4=com.java.Objects.TestDataDetails@1635f3f, 5=com.java.Objects.TestDataDetails@1b81edf, 6=com.java.Objects.TestDataDetails@15ebdbf, 7=com.java.Objects.TestDataDetails@121d3e0, 8=com.java.Objects.TestDataDetails@eec589, 9=com.java.Objects.TestDataDetails@1cda03c, 10=com.java.Objects.TestDataDetails@1466cd4, 11=com.java.Objects.TestDataDetails@1a1fc11, 12=com.java.Objects.TestDataDetails@1f4eccd}
[INFO ][2015-11-09 12:29:10,664][com.java.TestType] [  465] -  str(1) = 1
[INFO ][2015-11-09 12:29:10,664][com.java.TestType] [  468] - Test case Id is---1
[INFO ][2015-11-09 12:29:10,664][com.java.TestType] [  470] - 1
[INFO ][2015-11-09 12:29:10,664][com.java.TestType] [  465] -  str(2) = 13
[INFO ][2015-11-09 12:29:10,664][com.java.TestType] [  517] - row values are--------{1=com.java.Objects.TestDataDetails@13c0f3b, 2=com.java.Objects.TestDataDetails@1b04599, 3=com.java.Objects.TestDataDetails@1d30206, 4=com.java.Objects.TestDataDetails@1635f3f, 5=com.java.Objects.TestDataDetails@1b81edf, 6=com.java.Objects.TestDataDetails@15ebdbf, 7=com.java.Objects.TestDataDetails@121d3e0, 8=com.java.Objects.TestDataDetails@eec589, 9=com.java.Objects.TestDataDetails@1cda03c, 10=com.java.Objects.TestDataDetails@1466cd4, 11=com.java.Objects.TestDataDetails@1a1fc11, 12=com.java.Objects.TestDataDetails@1f4eccd, 13=com.java.Objects.TestDataDetails@f1c94e}
[INFO ][2015-11-09 12:29:10,664][com.java.TestType] [  465] -  str(1) = 1
[INFO ][2015-11-09 12:29:10,664][com.java.TestType] [  468] - Test case Id is---1
[INFO ][2015-11-09 12:29:10,664][com.java.TestType] [  470] - 1
[INFO ][2015-11-09 12:29:10,664][com.java.TestType] [  465] -  str(2) = 14
[INFO ][2015-11-09 12:29:10,664][com.java.TestType] [  517] - row values are--------{1=com.java.Objects.TestDataDetails@13c0f3b, 2=com.java.Objects.TestDataDetails@1b04599, 3=com.java.Objects.TestDataDetails@1d30206, 4=com.java.Objects.TestDataDetails@1635f3f, 5=com.java.Objects.TestDataDetails@1b81edf, 6=com.java.Objects.TestDataDetails@15ebdbf, 7=com.java.Objects.TestDataDetails@121d3e0, 8=com.java.Objects.TestDataDetails@eec589, 9=com.java.Objects.TestDataDetails@1cda03c, 10=com.java.Objects.TestDataDetails@1466cd4, 11=com.java.Objects.TestDataDetails@1a1fc11, 12=com.java.Objects.TestDataDetails@1f4eccd, 13=com.java.Objects.TestDataDetails@f1c94e, 14=com.java.Objects.TestDataDetails@18145dd}
[INFO ][2015-11-09 12:29:10,664][com.java.TestType] [ 8225] - Looping 1TCID = 1
[DEBUG][2015-11-09 12:29:10,664][com.java.TestType] [ 8266] - Concept ID:1 :: Step being Executed: 1::1
[INFO ][2015-11-09 12:29:10,664][com.java.TestType] [ 8304] - dataFields : TXTusername
[DEBUG][2015-11-09 12:29:10,664][com.java.TestType] [ 8310] - <In Set values of the page>
[DEBUG][2015-11-09 12:29:10,664][com.java.TestType] [ 8315] - {Data Fields & Data Values Exist}
[INFO ][2015-11-09 12:29:10,664][com.java.TestType] [ 8321] - --------------------------setting values-----------------------------
[INFO ][2015-11-09 12:29:10,664][com.java.TestType] [ 8324] - Action Type : CLEARANDENTER
[INFO ][2015-11-09 12:29:10,664][com.java.TestType] [ 4075] - value = naresh.nayini.00000
[INFO ][2015-11-09 12:29:15,685][com.java.TestType] [ 8343] -  RESULT true
[INFO ][2015-11-09 12:29:15,685][com.java.TestType] [ 8460] - ?   P A S S   ?
[DEBUG][2015-11-09 12:29:15,685][com.java.TestType] [ 8266] - Concept ID:1 :: Step being Executed: 1::2
[INFO ][2015-11-09 12:29:15,685][com.java.TestType] [ 8304] - dataFields : TXTpassword
[DEBUG][2015-11-09 12:29:15,685][com.java.TestType] [ 8310] - <In Set values of the page>
[DEBUG][2015-11-09 12:29:15,685][com.java.TestType] [ 8315] - {Data Fields & Data Values Exist}
[INFO ][2015-11-09 12:29:15,685][com.java.TestType] [ 8321] - --------------------------setting values-----------------------------
[INFO ][2015-11-09 12:29:15,685][com.java.TestType] [ 8324] - Action Type : CLEARANDENTER
[INFO ][2015-11-09 12:29:15,685][com.java.TestType] [ 4075] - value = Password1*
[INFO ][2015-11-09 12:29:20,812][com.java.TestType] [ 8343] -  RESULT true
[INFO ][2015-11-09 12:29:20,812][com.java.TestType] [ 8460] - ?   P A S S   ?
[DEBUG][2015-11-09 12:29:20,812][com.java.TestType] [ 8266] - Concept ID:1 :: Step being Executed: 1::3
[ERROR][2015-11-09 12:29:20,812][com.java.TestType] [ 8299] - Exception: null
[INFO ][2015-11-09 12:29:20,812][com.java.TestType] [ 8304] - dataFields : XPH//button[@type='submit']
[DEBUG][2015-11-09 12:29:20,812][com.java.TestType] [ 8310] - <In Set values of the page>
[DEBUG][2015-11-09 12:29:20,812][com.java.TestType] [ 8315] - {Data Fields & Data Values Exist}
[INFO ][2015-11-09 12:29:20,812][com.java.TestType] [ 8321] - --------------------------setting values-----------------------------
[INFO ][2015-11-09 12:29:20,812][com.java.TestType] [ 8324] - Action Type : Click
[INFO ][2015-11-09 12:29:20,812][com.java.TestType] [ 4388] - Field ::XPH//button[@type='submit']
[INFO ][2015-11-09 12:29:21,825][com.java.TestType] [ 4447] - BEFORE CLICK
[INFO ][2015-11-09 12:29:33,316][com.java.TestType] [ 4455] - Unable to click the object Login
[INFO ][2015-11-09 12:29:33,316][com.java.TestType] [ 8343] -  RESULT true
[INFO ][2015-11-09 12:29:33,316][com.java.TestType] [ 8460] - ?   P A S S   ?
[DEBUG][2015-11-09 12:29:33,316][com.java.TestType] [ 8266] - Concept ID:1 :: Step being Executed: 1::4
[INFO ][2015-11-09 12:29:33,316][com.java.TestType] [ 8304] - dataFields : LNKLogout
[DEBUG][2015-11-09 12:29:33,316][com.java.TestType] [ 8310] - <In Set values of the page>
[DEBUG][2015-11-09 12:29:33,316][com.java.TestType] [ 8315] - {Data Fields & Data Values Exist}
[INFO ][2015-11-09 12:29:33,316][com.java.TestType] [ 8321] - --------------------------setting values-----------------------------
[INFO ][2015-11-09 12:29:33,316][com.java.TestType] [ 8324] - Action Type : WaitForElement
[INFO ][2015-11-09 12:29:33,348][com.java.TestType] [ 8343] -  RESULT true
[INFO ][2015-11-09 12:29:33,348][com.java.TestType] [ 8460] - ?   P A S S   ?
[DEBUG][2015-11-09 12:29:33,348][com.java.TestType] [ 8266] - Concept ID:1 :: Step being Executed: 1::13
[INFO ][2015-11-09 12:29:33,348][com.java.TestType] [ 8304] - dataFields : LNK
[DEBUG][2015-11-09 12:29:33,348][com.java.TestType] [ 8310] - <In Set values of the page>
[DEBUG][2015-11-09 12:29:33,348][com.java.TestType] [ 8315] - {Data Fields & Data Values Exist}
[INFO ][2015-11-09 12:29:33,348][com.java.TestType] [ 8321] - --------------------------setting values-----------------------------
[INFO ][2015-11-09 12:29:33,348][com.java.TestType] [ 8324] - Action Type : Verify
[INFO ][2015-11-09 12:29:33,348][com.java.TestType] [ 5201] - field= LNK value= Logout
[INFO ][2015-11-09 12:29:33,348][com.java.TestType] [ 4075] - value = Logout
[INFO ][2015-11-09 12:29:33,379][com.java.TestType] [ 8343] -  RESULT true
[INFO ][2015-11-09 12:29:33,379][com.java.TestType] [ 8460] - ?   P A S S   ?
[DEBUG][2015-11-09 12:29:33,379][com.java.TestType] [ 8266] - Concept ID:1 :: Step being Executed: 1::14
[INFO ][2015-11-09 12:29:33,379][com.java.TestType] [ 8304] - dataFields : BTN
[DEBUG][2015-11-09 12:29:33,379][com.java.TestType] [ 8310] - <In Set values of the page>
[DEBUG][2015-11-09 12:29:33,379][com.java.TestType] [ 8315] - {Data Fields & Data Values Exist}
[INFO ][2015-11-09 12:29:33,379][com.java.TestType] [ 8321] - --------------------------setting values-----------------------------
[INFO ][2015-11-09 12:29:33,379][com.java.TestType] [ 8324] - Action Type : Verify
[INFO ][2015-11-09 12:29:33,379][com.java.TestType] [ 5201] - field= BTN value= //img[contains(@src,'bdlogo.jpg')]
[INFO ][2015-11-09 12:29:33,379][com.java.TestType] [ 4075] - value = //img[contains(@src,'bdlogo.jpg')]
[INFO ][2015-11-09 12:29:33,410][com.java.TestType] [ 8343] -  RESULT true
[INFO ][2015-11-09 12:29:33,410][com.java.TestType] [ 8460] - ?   P A S S   ?
[INFO ][2015-11-09 12:29:33,410][com.java.TestType] [ 8531] - Looping End......
[INFO ][2015-11-09 12:29:33,410][com.java.SeleniumDriver] [  861] -  RESULT true
[INFO ][2015-11-09 12:29:33,410][com.java.SeleniumDriver] [ 1066] - ?   P A S S   ?
[INFO ][2015-11-09 12:29:33,410][com.java.SeleniumDriver] [  788] - ------------------------------------------
[INFO ][2015-11-09 12:29:33,410][com.java.SeleniumDriver] [  789] - Test case being Executed: 7
[INFO ][2015-11-09 12:29:33,410][com.java.SeleniumDriver] [  800] - Test step:55
[INFO ][2015-11-09 12:29:33,410][com.java.SeleniumDriver] [  812] - Datavalue is----------null
[DEBUG][2015-11-09 12:29:33,410][com.java.SeleniumDriver] [  830] - Exception: null
[INFO ][2015-11-09 12:29:33,410][com.java.SeleniumDriver] [  836] - DataField : //span[@class='icon-user4']&&//a[text()='Users']&&//a[@data-id="ModifyUsers"]
[INFO ][2015-11-09 12:29:33,410][com.java.SeleniumDriver] [  838] - DataValue : 
[INFO ][2015-11-09 12:29:33,410][com.java.SeleniumDriver] [  844] - <In Set values of the page>
[INFO ][2015-11-09 12:29:33,410][com.java.SeleniumDriver] [  847] - {Data Fields & Data Values Exist}
[INFO ][2015-11-09 12:29:33,410][com.java.SeleniumDriver] [  849] - --------------------------setting values-----------------------------
[INFO ][2015-11-09 12:29:33,410][com.java.SeleniumDriver] [  852] - Action Type : MouseOver
[INFO ][2015-11-09 12:29:47,695][com.java.SeleniumDriver] [  861] -  RESULT true
[INFO ][2015-11-09 12:29:47,695][com.java.SeleniumDriver] [ 1066] - ?   P A S S   ?
[INFO ][2015-11-09 12:29:47,695][com.java.SeleniumDriver] [  788] - ------------------------------------------
[INFO ][2015-11-09 12:29:47,695][com.java.SeleniumDriver] [  789] - Test case being Executed: 7
[INFO ][2015-11-09 12:29:47,695][com.java.SeleniumDriver] [  800] - Test step:56
[INFO ][2015-11-09 12:29:47,695][com.java.SeleniumDriver] [  812] - Datavalue is----------null
[DEBUG][2015-11-09 12:29:47,695][com.java.SeleniumDriver] [  830] - Exception: null
[INFO ][2015-11-09 12:29:47,695][com.java.SeleniumDriver] [  836] - DataField : BTNframeDialogContent
[INFO ][2015-11-09 12:29:47,695][com.java.SeleniumDriver] [  838] - DataValue : 
[INFO ][2015-11-09 12:29:47,695][com.java.SeleniumDriver] [  844] - <In Set values of the page>
[INFO ][2015-11-09 12:29:47,695][com.java.SeleniumDriver] [  847] - {Data Fields & Data Values Exist}
[INFO ][2015-11-09 12:29:47,695][com.java.SeleniumDriver] [  849] - --------------------------setting values-----------------------------
[INFO ][2015-11-09 12:29:47,695][com.java.SeleniumDriver] [  852] - Action Type : WaitForElement
[INFO ][2015-11-09 12:29:48,911][com.java.SeleniumDriver] [  861] -  RESULT true
[INFO ][2015-11-09 12:29:48,911][com.java.SeleniumDriver] [ 1066] - ?   P A S S   ?
[INFO ][2015-11-09 12:29:48,911][com.java.SeleniumDriver] [  788] - ------------------------------------------
[INFO ][2015-11-09 12:29:48,911][com.java.SeleniumDriver] [  789] - Test case being Executed: 7
[INFO ][2015-11-09 12:29:48,911][com.java.SeleniumDriver] [  800] - Test step:57
[INFO ][2015-11-09 12:29:48,911][com.java.SeleniumDriver] [  812] - Datavalue is----------null
[DEBUG][2015-11-09 12:29:48,911][com.java.SeleniumDriver] [  830] - Exception: null
[INFO ][2015-11-09 12:29:48,911][com.java.SeleniumDriver] [  836] - DataField : BTNframeDialogContent
[INFO ][2015-11-09 12:29:48,911][com.java.SeleniumDriver] [  838] - DataValue : 
[INFO ][2015-11-09 12:29:48,911][com.java.SeleniumDriver] [  844] - <In Set values of the page>
[INFO ][2015-11-09 12:29:48,911][com.java.SeleniumDriver] [  847] - {Data Fields & Data Values Exist}
[INFO ][2015-11-09 12:29:48,911][com.java.SeleniumDriver] [  849] - --------------------------setting values-----------------------------
[INFO ][2015-11-09 12:29:48,911][com.java.SeleniumDriver] [  852] - Action Type : SelectFrame
[INFO ][2015-11-09 12:29:50,208][com.java.SeleniumDriver] [  861] -  RESULT true
[INFO ][2015-11-09 12:29:50,208][com.java.SeleniumDriver] [ 1066] - ?   P A S S   ?
[INFO ][2015-11-09 12:29:50,208][com.java.SeleniumDriver] [  788] - ------------------------------------------
[INFO ][2015-11-09 12:29:50,208][com.java.SeleniumDriver] [  789] - Test case being Executed: 7
[INFO ][2015-11-09 12:29:50,208][com.java.SeleniumDriver] [  800] - Test step:58
[INFO ][2015-11-09 12:29:50,208][com.java.SeleniumDriver] [  812] - Datavalue is----------dt:NewUserName
[INFO ][2015-11-09 12:29:50,208][com.java.SeleniumDriver] [  836] - DataField : test
[INFO ][2015-11-09 12:29:50,208][com.java.SeleniumDriver] [  838] - DataValue : dt:NewUserName
[INFO ][2015-11-09 12:29:50,208][com.java.SeleniumDriver] [  844] - <In Set values of the page>
[INFO ][2015-11-09 12:29:50,208][com.java.SeleniumDriver] [  847] - {Data Fields & Data Values Exist}
[INFO ][2015-11-09 12:29:50,208][com.java.SeleniumDriver] [  849] - --------------------------setting values-----------------------------
[INFO ][2015-11-09 12:29:50,208][com.java.SeleniumDriver] [  852] - Action Type : DelUser
[INFO ][2015-11-09 12:29:50,208][com.java.TestType] [ 4075] - value = vltest.robot
[INFO ][2015-11-09 12:29:53,686][com.java.TestType] [ 4388] - Field ::CNF
[INFO ][2015-11-09 12:29:55,090][com.java.TestType] [ 4443] - Click the object AcceptAlert
[INFO ][2015-11-09 12:29:55,090][com.java.TestType] [ 4444] - Unable to click the object AcceptAlert
[INFO ][2015-11-09 12:29:55,090][com.java.SeleniumDriver] [  861] -  RESULT true
[INFO ][2015-11-09 12:29:55,090][com.java.SeleniumDriver] [ 1066] - ?   P A S S   ?
[INFO ][2015-11-09 12:29:55,090][com.java.SeleniumDriver] [  788] - ------------------------------------------
[INFO ][2015-11-09 12:29:55,090][com.java.SeleniumDriver] [  789] - Test case being Executed: 7
[INFO ][2015-11-09 12:29:55,090][com.java.SeleniumDriver] [  800] - Test step:59
[INFO ][2015-11-09 12:29:55,090][com.java.SeleniumDriver] [  812] - Datavalue is----------null
[DEBUG][2015-11-09 12:29:55,090][com.java.SeleniumDriver] [  830] - Exception: null
[INFO ][2015-11-09 12:29:55,090][com.java.SeleniumDriver] [  836] - DataField : test
[INFO ][2015-11-09 12:29:55,090][com.java.SeleniumDriver] [  838] - DataValue : 
[INFO ][2015-11-09 12:29:55,090][com.java.SeleniumDriver] [  844] - <In Set values of the page>
[INFO ][2015-11-09 12:29:55,090][com.java.SeleniumDriver] [  847] - {Data Fields & Data Values Exist}
[INFO ][2015-11-09 12:29:55,090][com.java.SeleniumDriver] [  849] - --------------------------setting values-----------------------------
[INFO ][2015-11-09 12:29:55,090][com.java.SeleniumDriver] [  852] - Action Type : WaitTime
[DEBUG][2015-11-09 12:29:55,090][com.java.TestType] [ 3911] - sleepTime: 10000
[INFO ][2015-11-09 12:30:05,088][com.java.SeleniumDriver] [  861] -  RESULT true
[INFO ][2015-11-09 12:30:05,088][com.java.SeleniumDriver] [ 1066] - ?   P A S S   ?
[INFO ][2015-11-09 12:30:05,088][com.java.SeleniumDriver] [  788] - ------------------------------------------
[INFO ][2015-11-09 12:30:05,088][com.java.SeleniumDriver] [  789] - Test case being Executed: 7
[INFO ][2015-11-09 12:30:05,088][com.java.SeleniumDriver] [  800] - Test step:60
[INFO ][2015-11-09 12:30:05,088][com.java.SeleniumDriver] [  812] - Datavalue is----------null
[DEBUG][2015-11-09 12:30:05,088][com.java.SeleniumDriver] [  830] - Exception: null
[INFO ][2015-11-09 12:30:05,088][com.java.SeleniumDriver] [  836] - DataField : BTNbtnAddUser
[INFO ][2015-11-09 12:30:05,088][com.java.SeleniumDriver] [  838] - DataValue : 
[INFO ][2015-11-09 12:30:05,088][com.java.SeleniumDriver] [  844] - <In Set values of the page>
[INFO ][2015-11-09 12:30:05,088][com.java.SeleniumDriver] [  847] - {Data Fields & Data Values Exist}
[INFO ][2015-11-09 12:30:05,088][com.java.SeleniumDriver] [  849] - --------------------------setting values-----------------------------
[INFO ][2015-11-09 12:30:05,088][com.java.SeleniumDriver] [  852] - Action Type : WaitForElement
[INFO ][2015-11-09 12:30:06,540][com.java.SeleniumDriver] [  861] -  RESULT true
[INFO ][2015-11-09 12:30:06,540][com.java.SeleniumDriver] [ 1066] - ?   P A S S   ?
[INFO ][2015-11-09 12:30:06,540][com.java.SeleniumDriver] [  788] - ------------------------------------------
[INFO ][2015-11-09 12:30:06,540][com.java.SeleniumDriver] [  789] - Test case being Executed: 7
[INFO ][2015-11-09 12:30:06,540][com.java.SeleniumDriver] [  800] - Test step:61
[INFO ][2015-11-09 12:30:06,540][com.java.SeleniumDriver] [  812] - Datavalue is----------HMVLogin_username
[INFO ][2015-11-09 12:30:06,540][com.java.SeleniumDriver] [  836] - DataField : LNK
[INFO ][2015-11-09 12:30:06,540][com.java.SeleniumDriver] [  838] - DataValue : HMVLogin_username
[INFO ][2015-11-09 12:30:06,540][com.java.SeleniumDriver] [  844] - <In Set values of the page>
[INFO ][2015-11-09 12:30:06,540][com.java.SeleniumDriver] [  847] - {Data Fields & Data Values Exist}
[INFO ][2015-11-09 12:30:06,540][com.java.SeleniumDriver] [  849] - --------------------------setting values-----------------------------
[INFO ][2015-11-09 12:30:06,540][com.java.SeleniumDriver] [  852] - Action Type : VERIFYNOTPRESENT
[INFO ][2015-11-09 12:30:06,540][com.java.TestType] [ 6389] - field= LNK value= HMVLogin_username
[INFO ][2015-11-09 12:30:26,505][com.java.SeleniumDriver] [  861] -  RESULT true
[INFO ][2015-11-09 12:30:26,505][com.java.SeleniumDriver] [ 1066] - ?   P A S S   ?
[INFO ][2015-11-09 12:30:26,505][com.java.SeleniumDriver] [  788] - ------------------------------------------
[INFO ][2015-11-09 12:30:26,505][com.java.SeleniumDriver] [  789] - Test case being Executed: 7
[INFO ][2015-11-09 12:30:26,505][com.java.SeleniumDriver] [  800] - Test step:62
[INFO ][2015-11-09 12:30:26,505][com.java.SeleniumDriver] [  812] - Datavalue is----------null
[DEBUG][2015-11-09 12:30:26,505][com.java.SeleniumDriver] [  830] - Exception: null
[INFO ][2015-11-09 12:30:26,505][com.java.SeleniumDriver] [  836] - DataField : BTNparent
[INFO ][2015-11-09 12:30:26,505][com.java.SeleniumDriver] [  838] - DataValue : 
[INFO ][2015-11-09 12:30:26,505][com.java.SeleniumDriver] [  844] - <In Set values of the page>
[INFO ][2015-11-09 12:30:26,505][com.java.SeleniumDriver] [  847] - {Data Fields & Data Values Exist}
[INFO ][2015-11-09 12:30:26,505][com.java.SeleniumDriver] [  849] - --------------------------setting values-----------------------------
[INFO ][2015-11-09 12:30:26,505][com.java.SeleniumDriver] [  852] - Action Type : SelectFrame
[INFO ][2015-11-09 12:30:26,506][com.java.SeleniumDriver] [  861] -  RESULT true
[INFO ][2015-11-09 12:30:26,506][com.java.SeleniumDriver] [ 1066] - ?   P A S S   ?
[INFO ][2015-11-09 12:30:26,506][com.java.SeleniumDriver] [  788] - ------------------------------------------
[INFO ][2015-11-09 12:30:26,506][com.java.SeleniumDriver] [  789] - Test case being Executed: 7
[INFO ][2015-11-09 12:30:26,506][com.java.SeleniumDriver] [  800] - Test step:63
[INFO ][2015-11-09 12:30:26,506][com.java.SeleniumDriver] [  812] - Datavalue is----------null
[DEBUG][2015-11-09 12:30:26,506][com.java.SeleniumDriver] [  830] - Exception: null
[INFO ][2015-11-09 12:30:26,506][com.java.SeleniumDriver] [  836] - DataField : BTN//span[text()='Finished']
[INFO ][2015-11-09 12:30:26,506][com.java.SeleniumDriver] [  838] - DataValue : 
[INFO ][2015-11-09 12:30:26,506][com.java.SeleniumDriver] [  844] - <In Set values of the page>
[INFO ][2015-11-09 12:30:26,506][com.java.SeleniumDriver] [  847] - {Data Fields & Data Values Exist}
[INFO ][2015-11-09 12:30:26,506][com.java.SeleniumDriver] [  849] - --------------------------setting values-----------------------------
[INFO ][2015-11-09 12:30:26,506][com.java.SeleniumDriver] [  852] - Action Type : Click
[INFO ][2015-11-09 12:30:26,506][com.java.TestType] [ 4388] - Field ::BTN//span[text()='Finished']
[INFO ][2015-11-09 12:30:27,535][com.java.TestType] [ 4426] - BEFORE CLICK
[INFO ][2015-11-09 12:30:27,957][com.java.TestType] [ 4433] - Unable to click the object Finished button
[INFO ][2015-11-09 12:30:27,957][com.java.SeleniumDriver] [  861] -  RESULT true
[INFO ][2015-11-09 12:30:27,957][com.java.SeleniumDriver] [ 1066] - ?   P A S S   ?
[DEBUG][2015-11-09 12:30:27,957][com.java.SeleniumDriver] [ 1168] - Case found
[DEBUG][2015-11-09 12:30:27,957][com.java.SeleniumDriver] [ 1173] - Incrementing ReportCounters[0]:2
[INFO ][2015-11-09 12:30:27,957][com.java.SeleniumDriver] [ 1192] - The results are-------------------[7, 1, Manage Users: Add User, Pass, , Mon Nov 09 12:25:42 IST 2015, 7, 3, Manage Users: Add User, Pass, , Mon Nov 09 12:25:47 IST 2015, 7, 4, Manage Users: Add User, Pass, , Mon Nov 09 12:26:02 IST 2015, 7, 5, Manage Users: Add User, Pass, , Mon Nov 09 12:26:03 IST 2015, 7, 6, Manage Users: Add User, Pass, , Mon Nov 09 12:26:05 IST 2015, 7, 7, Manage Users: Add User, Pass, , Mon Nov 09 12:26:06 IST 2015, 7, 8, Manage Users: Add User, Pass, , Mon Nov 09 12:26:09 IST 2015, 7, 9, Manage Users: Add User, Pass, , Mon Nov 09 12:26:13 IST 2015, 7, 10, Manage Users: Add User, Pass, , Mon Nov 09 12:26:16 IST 2015, 7, 11, Manage Users: Add User, Pass, , Mon Nov 09 12:26:19 IST 2015, 7, 12, Manage Users: Add User, Pass, , Mon Nov 09 12:26:22 IST 2015, 7, 13, Manage Users: Add User, Pass, , Mon Nov 09 12:26:25 IST 2015, 7, 14, Manage Users: Add User, Pass, , Mon Nov 09 12:26:28 IST 2015, 7, 15, Manage Users: Add User, Pass, , Mon Nov 09 12:26:31 IST 2015, 7, 16, Manage Users: Add User, Pass, , Mon Nov 09 12:26:34 IST 2015, 7, 17, Manage Users: Add User, Pass, , Mon Nov 09 12:26:37 IST 2015, 7, 18, Manage Users: Add User, Pass, , Mon Nov 09 12:26:41 IST 2015, 7, 19, Manage Users: Add User, Pass, , Mon Nov 09 12:26:41 IST 2015, 7, 20, Manage Users: Add User, Pass, , Mon Nov 09 12:26:46 IST 2015, 7, 21, Manage Users: Add User, Pass, , Mon Nov 09 12:26:48 IST 2015, 7, 22, Manage Users: Add User, Pass, , Mon Nov 09 12:26:48 IST 2015, 7, 23, Manage Users: Add User, Pass, , Mon Nov 09 12:26:49 IST 2015, 7, 24, Manage Users: Add User, Pass, , Mon Nov 09 12:26:52 IST 2015, 7, 25, Manage Users: Add User, Pass, , Mon Nov 09 12:26:54 IST 2015, 7, 26, Manage Users: Add User, Pass, , Mon Nov 09 12:26:56 IST 2015, 7, 27, Manage Users: Add User, Pass, , Mon Nov 09 12:26:59 IST 2015, 7, 28, Manage Users: Add User, Pass, , Mon Nov 09 12:26:59 IST 2015, 7, 29, Manage Users: Add User, Pass, , Mon Nov 09 12:27:04 IST 2015, 7, 30, Manage Users: Add User, Pass, , Mon Nov 09 12:27:08 IST 2015, 7, 31, Manage Users: Add User, Pass, , Mon Nov 09 12:27:10 IST 2015, 7, 32, Manage Users: Add User, Pass, , Mon Nov 09 12:27:11 IST 2015, 7, 33, Manage Users: Add User, Pass, , Mon Nov 09 12:27:11 IST 2015, 7, 34, Manage Users: Add User, Pass, , Mon Nov 09 12:27:11 IST 2015, 7, 35, Manage Users: Add User, Pass, , Mon Nov 09 12:27:11 IST 2015, 7, 36, Manage Users: Add User, Pass, , Mon Nov 09 12:27:11 IST 2015, 7, 37, Manage Users: Add User, Pass, , Mon Nov 09 12:27:13 IST 2015, 7, 38, Manage Users: Add User, Pass, , Mon Nov 09 12:27:32 IST 2015, 7, 39, Manage Users: Add User, Pass, , Mon Nov 09 12:27:37 IST 2015, 7, 40, Manage Users: Add User, Pass, , Mon Nov 09 12:27:43 IST 2015, 7, 41, Manage Users: Add User, Pass, , Mon Nov 09 12:27:54 IST 2015, 7, 42, Manage Users: Add User, Pass, , Mon Nov 09 12:28:04 IST 2015, 7, 43, Manage Users: Add User, Pass, , Mon Nov 09 12:28:16 IST 2015, 7, 44, Manage Users: Add User, Pass, , Mon Nov 09 12:28:36 IST 2015, 7, 45, Manage Users: Add User, Pass, , Mon Nov 09 12:28:47 IST 2015, 7, 46, Manage Users: Add User, Pass, , Mon Nov 09 12:28:48 IST 2015, 7, 47, Manage Users: Add User, Pass, , Mon Nov 09 12:28:48 IST 2015, 7, 48, Manage Users: Add User, Pass, , Mon Nov 09 12:28:51 IST 2015, 7, 49, Manage Users: Add User, Pass, , Mon Nov 09 12:28:51 IST 2015, 7, 50, Manage Users: Add User, Pass, , Mon Nov 09 12:28:52 IST 2015, 7, 51, Manage Users: Add User, Pass, , Mon Nov 09 12:28:52 IST 2015, 7, 52, Manage Users: Add User, Pass, , Mon Nov 09 12:28:52 IST 2015, 7, 53, Manage Users: Add User, Pass, , Mon Nov 09 12:29:10 IST 2015, 7, 54, Manage Users: Add User, Pass, , Mon Nov 09 12:29:33 IST 2015, 7, 55, Manage Users: Add User, Pass, , Mon Nov 09 12:29:47 IST 2015, 7, 56, Manage Users: Add User, Pass, , Mon Nov 09 12:29:48 IST 2015, 7, 57, Manage Users: Add User, Pass, , Mon Nov 09 12:29:50 IST 2015, 7, 58, Manage Users: Add User, Pass, , Mon Nov 09 12:29:55 IST 2015, 7, 59, Manage Users: Add User, Pass, , Mon Nov 09 12:30:05 IST 2015, 7, 60, Manage Users: Add User, Pass, , Mon Nov 09 12:30:06 IST 2015, 7, 61, Manage Users: Add User, Pass, , Mon Nov 09 12:30:26 IST 2015, 7, 62, Manage Users: Add User, Pass, , Mon Nov 09 12:30:26 IST 2015, 7, 63, Valid Login, Pass, , Mon Nov 09 12:30:27 IST 2015]
[INFO ][2015-11-09 12:30:27,957][com.java.SeleniumDriver] [ 1196] - End time is-------6 min 4 sec
[INFO ][2015-11-09 12:30:27,957][com.java.SeleniumDriver] [ 1197] - The results are-------------------[7, 1, Manage Users: Add User, Pass, , Mon Nov 09 12:25:42 IST 2015, 7, 3, Manage Users: Add User, Pass, , Mon Nov 09 12:25:47 IST 2015, 7, 4, Manage Users: Add User, Pass, , Mon Nov 09 12:26:02 IST 2015, 7, 5, Manage Users: Add User, Pass, , Mon Nov 09 12:26:03 IST 2015, 7, 6, Manage Users: Add User, Pass, , Mon Nov 09 12:26:05 IST 2015, 7, 7, Manage Users: Add User, Pass, , Mon Nov 09 12:26:06 IST 2015, 7, 8, Manage Users: Add User, Pass, , Mon Nov 09 12:26:09 IST 2015, 7, 9, Manage Users: Add User, Pass, , Mon Nov 09 12:26:13 IST 2015, 7, 10, Manage Users: Add User, Pass, , Mon Nov 09 12:26:16 IST 2015, 7, 11, Manage Users: Add User, Pass, , Mon Nov 09 12:26:19 IST 2015, 7, 12, Manage Users: Add User, Pass, , Mon Nov 09 12:26:22 IST 2015, 7, 13, Manage Users: Add User, Pass, , Mon Nov 09 12:26:25 IST 2015, 7, 14, Manage Users: Add User, Pass, , Mon Nov 09 12:26:28 IST 2015, 7, 15, Manage Users: Add User, Pass, , Mon Nov 09 12:26:31 IST 2015, 7, 16, Manage Users: Add User, Pass, , Mon Nov 09 12:26:34 IST 2015, 7, 17, Manage Users: Add User, Pass, , Mon Nov 09 12:26:37 IST 2015, 7, 18, Manage Users: Add User, Pass, , Mon Nov 09 12:26:41 IST 2015, 7, 19, Manage Users: Add User, Pass, , Mon Nov 09 12:26:41 IST 2015, 7, 20, Manage Users: Add User, Pass, , Mon Nov 09 12:26:46 IST 2015, 7, 21, Manage Users: Add User, Pass, , Mon Nov 09 12:26:48 IST 2015, 7, 22, Manage Users: Add User, Pass, , Mon Nov 09 12:26:48 IST 2015, 7, 23, Manage Users: Add User, Pass, , Mon Nov 09 12:26:49 IST 2015, 7, 24, Manage Users: Add User, Pass, , Mon Nov 09 12:26:52 IST 2015, 7, 25, Manage Users: Add User, Pass, , Mon Nov 09 12:26:54 IST 2015, 7, 26, Manage Users: Add User, Pass, , Mon Nov 09 12:26:56 IST 2015, 7, 27, Manage Users: Add User, Pass, , Mon Nov 09 12:26:59 IST 2015, 7, 28, Manage Users: Add User, Pass, , Mon Nov 09 12:26:59 IST 2015, 7, 29, Manage Users: Add User, Pass, , Mon Nov 09 12:27:04 IST 2015, 7, 30, Manage Users: Add User, Pass, , Mon Nov 09 12:27:08 IST 2015, 7, 31, Manage Users: Add User, Pass, , Mon Nov 09 12:27:10 IST 2015, 7, 32, Manage Users: Add User, Pass, , Mon Nov 09 12:27:11 IST 2015, 7, 33, Manage Users: Add User, Pass, , Mon Nov 09 12:27:11 IST 2015, 7, 34, Manage Users: Add User, Pass, , Mon Nov 09 12:27:11 IST 2015, 7, 35, Manage Users: Add User, Pass, , Mon Nov 09 12:27:11 IST 2015, 7, 36, Manage Users: Add User, Pass, , Mon Nov 09 12:27:11 IST 2015, 7, 37, Manage Users: Add User, Pass, , Mon Nov 09 12:27:13 IST 2015, 7, 38, Manage Users: Add User, Pass, , Mon Nov 09 12:27:32 IST 2015, 7, 39, Manage Users: Add User, Pass, , Mon Nov 09 12:27:37 IST 2015, 7, 40, Manage Users: Add User, Pass, , Mon Nov 09 12:27:43 IST 2015, 7, 41, Manage Users: Add User, Pass, , Mon Nov 09 12:27:54 IST 2015, 7, 42, Manage Users: Add User, Pass, , Mon Nov 09 12:28:04 IST 2015, 7, 43, Manage Users: Add User, Pass, , Mon Nov 09 12:28:16 IST 2015, 7, 44, Manage Users: Add User, Pass, , Mon Nov 09 12:28:36 IST 2015, 7, 45, Manage Users: Add User, Pass, , Mon Nov 09 12:28:47 IST 2015, 7, 46, Manage Users: Add User, Pass, , Mon Nov 09 12:28:48 IST 2015, 7, 47, Manage Users: Add User, Pass, , Mon Nov 09 12:28:48 IST 2015, 7, 48, Manage Users: Add User, Pass, , Mon Nov 09 12:28:51 IST 2015, 7, 49, Manage Users: Add User, Pass, , Mon Nov 09 12:28:51 IST 2015, 7, 50, Manage Users: Add User, Pass, , Mon Nov 09 12:28:52 IST 2015, 7, 51, Manage Users: Add User, Pass, , Mon Nov 09 12:28:52 IST 2015, 7, 52, Manage Users: Add User, Pass, , Mon Nov 09 12:28:52 IST 2015, 7, 53, Manage Users: Add User, Pass, , Mon Nov 09 12:29:10 IST 2015, 7, 54, Manage Users: Add User, Pass, , Mon Nov 09 12:29:33 IST 2015, 7, 55, Manage Users: Add User, Pass, , Mon Nov 09 12:29:47 IST 2015, 7, 56, Manage Users: Add User, Pass, , Mon Nov 09 12:29:48 IST 2015, 7, 57, Manage Users: Add User, Pass, , Mon Nov 09 12:29:50 IST 2015, 7, 58, Manage Users: Add User, Pass, , Mon Nov 09 12:29:55 IST 2015, 7, 59, Manage Users: Add User, Pass, , Mon Nov 09 12:30:05 IST 2015, 7, 60, Manage Users: Add User, Pass, , Mon Nov 09 12:30:06 IST 2015, 7, 61, Manage Users: Add User, Pass, , Mon Nov 09 12:30:26 IST 2015, 7, 62, Manage Users: Add User, Pass, , Mon Nov 09 12:30:26 IST 2015, 7, 63, Valid Login, Pass, , Mon Nov 09 12:30:27 IST 2015]
[DEBUG][2015-11-09 12:30:27,957][com.java.ImportnExport.ExportTestResultsExcel] [  222] - testResultPath = D:\BankersDashboard/TestReports/Test Results_BankersDashBoard_110915_122426_IE11_Any Bank USA.xls
[DEBUG][2015-11-09 12:30:27,957][com.java.ImportnExport.ExportTestResultsExcel] [  223] - browser is------------IE11
[DEBUG][2015-11-09 12:30:27,957][com.java.ImportnExport.ExportTestResultsExcel] [  270] - result.size() = 372
[DEBUG][2015-11-09 12:30:27,957][com.java.ImportnExport.ExportTestResultsExcel] [  274] - No of rows in sheet=2
[DEBUG][2015-11-09 12:30:27,957][com.java.ImportnExport.ExportTestResultsExcel] [  301] - ..in export..7
[DEBUG][2015-11-09 12:30:27,957][com.java.ImportnExport.ExportTestResultsExcel] [  301] - ..in export..Manage Users: Add User
[DEBUG][2015-11-09 12:30:27,957][com.java.ImportnExport.ExportTestResultsExcel] [  301] - ..in export..Pass
[DEBUG][2015-11-09 12:30:27,957][com.java.ImportnExport.ExportTestResultsExcel] [  301] - ..in export..
[DEBUG][2015-11-09 12:30:27,957][com.java.ImportnExport.ExportTestResultsExcel] [  301] - ..in export..Mon Nov 09 12:25:42 IST 2015
[INFO ][2015-11-09 12:30:27,957][com.java.SeleniumDriver] [ 1255] - out loop:1 size:2 TestCases:[1, 7] testcases:[1, 7]
[INFO ][2015-11-09 12:30:29,969][com.java.SeleniumDriver] [ 1297] - Total Number of Cases:2
[INFO ][2015-11-09 12:30:29,969][com.java.TemplateGenerator] [  302] - Executed:2
[INFO ][2015-11-09 12:30:29,969][com.java.TemplateGenerator] [  303] - Passed:2
[INFO ][2015-11-09 12:30:29,969][com.java.TemplateGenerator] [  304] - Failed:0
[INFO ][2015-11-09 12:30:29,969][com.java.TemplateGenerator] [  305] - Skipeed:0
[INFO ][2015-11-09 12:30:29,969][com.java.TemplateGenerator] [  306] - Application URL:https://clients-xuat.bankersdashboard.com
[INFO ][2015-11-09 12:30:29,969][com.java.TemplateGenerator] [  307] - Start Time:110915_122426
[INFO ][2015-11-09 12:30:29,969][com.java.TemplateGenerator] [  308] -  Creating HTML Report 
[ERROR][2015-11-09 12:30:29,985][com.java.TemplateGenerator] [  409] - Unparseable date: "Mon Nov 09 12:24:26 IST 2015"
[INFO ][2015-11-09 12:30:29,985][com.java.TemplateGenerator] [  654] -  Exporting case :: 1
[INFO ][2015-11-09 12:30:29,985][com.java.TemplateGenerator] [  654] -  Exporting case :: 7
[INFO ][2015-11-09 12:30:29,985][com.java.SeleniumDriver] [ 1346] - End Time:110915_123029
[INFO ][2015-11-09 12:30:29,985][com.java.SeleniumDriver] [ 1349] - Data in Test Execution Details:{1=PASS, 7=PASS}
[INFO ][2015-11-09 12:30:29,985][com.java.SeleniumDriver] [ 1350] - Data in Failed Execution Deatils:{}
[INFO ][2015-11-09 12:30:29,985][com.java.SeleniumDriver] [ 1352] - ReportCounter:Total:2 :: PASS: 2 ::FAIL: 0
[INFO ][2015-11-09 12:30:29,985][com.java.SeleniumDriver] [ 1353] - FailedReportCounter:Total:0 :: PASS: 0 ::FAIL: 0
[INFO ][2015-11-09 12:30:29,986][com.java.EmailTestReport] [   63] - Sending report mail details:
[INFO ][2015-11-09 12:30:29,986][com.java.EmailTestReport] [   80] - Excel Report Path:D:\BankersDashboard/TestReports/Test Results_BankersDashBoard_110915_122426_IE11_Any Bank USA.xls
[INFO ][2015-11-09 12:30:29,986][com.java.EmailTestReport] [   81] - HTML Report Path:D:\BankersDashboard//TestReports//Test Results_BankersDashBoard_110915_122426_IE11_Any Bank USA.html
[INFO ][2015-11-09 12:30:29,986][com.java.EmailTestReport] [   82] - smtpHostName:mail01.valuelabs.com
[INFO ][2015-11-09 12:30:29,986][com.java.EmailTestReport] [   83] - Recipient:venkateswararao.gubbala@valuelabs.com
[INFO ][2015-11-09 12:30:29,986][com.java.EmailTestReport] [   84] - From:venkateswararao.gubbala@valuelabs.com
[INFO ][2015-11-09 12:30:29,986][com.java.EmailTestReport] [   85] - Subject:Deluxe Corp Bankers Dashboard Automation Test Report - Any Bank USA - IE11
[INFO ][2015-11-09 12:30:30,017][com.java.EmailTestReport] [  143] -  Added venkateswararao.gubbala@valuelabs.com
[INFO ][2015-11-09 12:30:33,427][com.java.SeleniumDriver] [  719] - quitting the browser 
[INFO ][2015-11-09 12:30:34,653][com.java.SeleniumDriver] [  263] - Execution Completed Stopping the thread
