[INFO ][2016-02-09 20:46:31,338][com.java.SeleniumDriver] [  213] - Execute Failed Casesfalse
[INFO ][2016-02-09 20:46:31,338][com.java.SeleniumDriver] [  214] - Browser: IE10
[INFO ][2016-02-09 20:46:31,338][com.java.SeleniumDriver] [  215] - [1, 8]
[INFO ][2016-02-09 20:46:31,338][com.java.SeleniumDriver] [  216] - Total TestCases:2
[INFO ][2016-02-09 20:46:31,338][com.java.SeleniumDriver] [  217] -  Reading Properties from Property File 
[DEBUG][2016-02-09 20:46:31,339][com.java.SeleniumDriver] [  238] - url : https://clients-xuat.bankersdashboard.com
[INFO ][2016-02-09 20:46:31,340][com.java.ImportnExport.ExportTestResultsExcel] [  116] - Time Stamp Tue Feb 09 08:46:31 IST 2016
[INFO ][2016-02-09 20:46:31,340][com.java.ImportnExport.ExportTestResultsExcel] [  175] - OUT FILE : D:\BankersDashboard/TestReports/Test Results_BankersDashBoard_020916_204631_IE10_First Bank.xls
[INFO ][2016-02-09 20:46:31,370][com.java.ImportnExport.ExportTestResultsExcel] [  180] - Test Result file is created
[DEBUG][2016-02-09 20:46:31,459][com.java.SeleniumDriver] [  426] - Hub ip address is-------172.17.68.34
[INFO ][2016-02-09 20:46:31,460][com.java.SeleniumDriver] [  452] - Grid URL:http://172.17.68.34:4444/wd/hub
[INFO ][2016-02-09 20:46:31,460][com.java.SeleniumDriver] [  453] - Capability:Capabilities [{platform=ANY, ensureCleanSession=true, ignoreProtectedModeSettings=true, acceptSslCerts=true, ignoreZoomSetting=true, browserName=internet explorer, browserstack.ie.noFlash=true, version=null}]
[ERROR][2016-02-09 20:46:32,796][com.java.SeleniumDriver] [  498] - Unable invoke browser in grid:Could not start a new session. Possible causes are invalid address of the remote server or browser start-up failure.
Build info: version: '2.48.2', revision: '41bccdd', time: '2015-10-09 19:59:12'
System info: host: 'FVTIII438F1D', ip: '172.17.68.34', os.name: 'Windows 7', os.arch: 'x86', os.version: '6.1', java.version: '1.7.0_55'
Driver info: driver.version: SeleniumDriver
[INFO ][2016-02-09 20:46:32,797][com.java.SeleniumDriver] [  500] - Executing on local machine
[INFO ][2016-02-09 20:46:43,067][com.java.SeleniumDriver] [  248] - IE10is opened
[INFO ][2016-02-09 20:46:43,901][com.java.SeleniumDriver] [  756] - Test cases to be executed are: [1, 8]
[INFO ][2016-02-09 20:46:43,927][com.java.ImportnExport.ImportTestDataDetailsExcel] [   49] - test data details path===== D:\BankersDashboard\TestInputs\TestData.xls
[INFO ][2016-02-09 20:46:44,002][com.java.SeleniumDriver] [  856] - ------------------------------------------
[INFO ][2016-02-09 20:46:44,002][com.java.SeleniumDriver] [  857] - Test case being Executed: 1
[INFO ][2016-02-09 20:46:44,002][com.java.SeleniumDriver] [  869] - Test step:1
[INFO ][2016-02-09 20:46:44,002][com.java.SeleniumDriver] [  881] - Datavalue is----------Concept#1:1-16
[INFO ][2016-02-09 20:46:44,004][com.java.SeleniumDriver] [  905] - DataField : test
[INFO ][2016-02-09 20:46:44,005][com.java.SeleniumDriver] [  907] - DataValue : Concept#1:1-16
[INFO ][2016-02-09 20:46:44,005][com.java.SeleniumDriver] [  913] - <In Set values of the page>
[INFO ][2016-02-09 20:46:44,005][com.java.SeleniumDriver] [  916] - {Data Fields & Data Values Exist}
[INFO ][2016-02-09 20:46:44,005][com.java.SeleniumDriver] [  918] - --------------------------setting values-----------------------------
[INFO ][2016-02-09 20:46:44,005][com.java.SeleniumDriver] [  921] - Action Type : ExecuteTestCase
[INFO ][2016-02-09 20:46:44,023][com.java.TestType] [  448] - The Concept sheet name is ---------- Concept
[INFO ][2016-02-09 20:46:44,023][com.java.TestType] [  451] - The Concept ID  is ---------- 1
[DEBUG][2016-02-09 20:46:44,024][com.java.TestType] [  455] - Steps being executted in the Concept are: 1:16
[INFO ][2016-02-09 20:46:44,024][com.java.TestType] [  462] - Test data details path ---------- D:\BankersDashboard\TestInputs\TestData.xls
[INFO ][2016-02-09 20:46:44,046][com.java.TestType] [  493] -  str(1) = 1
[INFO ][2016-02-09 20:46:44,046][com.java.TestType] [  496] - Test case Id is---1
[INFO ][2016-02-09 20:46:44,046][com.java.TestType] [  498] - 1
[INFO ][2016-02-09 20:46:44,046][com.java.TestType] [  493] -  str(2) = 1
[INFO ][2016-02-09 20:46:44,048][com.java.TestType] [  493] -  str(1) = 1
[INFO ][2016-02-09 20:46:44,049][com.java.TestType] [  496] - Test case Id is---1
[INFO ][2016-02-09 20:46:44,049][com.java.TestType] [  498] - 1
[INFO ][2016-02-09 20:46:44,049][com.java.TestType] [  493] -  str(2) = 2
[INFO ][2016-02-09 20:46:44,050][com.java.TestType] [  493] -  str(1) = 1
[INFO ][2016-02-09 20:46:44,050][com.java.TestType] [  496] - Test case Id is---1
[INFO ][2016-02-09 20:46:44,050][com.java.TestType] [  498] - 1
[INFO ][2016-02-09 20:46:44,050][com.java.TestType] [  493] -  str(2) = 3
[INFO ][2016-02-09 20:46:44,052][com.java.TestType] [  493] -  str(1) = 1
[INFO ][2016-02-09 20:46:44,052][com.java.TestType] [  496] - Test case Id is---1
[INFO ][2016-02-09 20:46:44,052][com.java.TestType] [  498] - 1
[INFO ][2016-02-09 20:46:44,052][com.java.TestType] [  493] -  str(2) = 4
[INFO ][2016-02-09 20:46:44,053][com.java.TestType] [  493] -  str(1) = 1
[INFO ][2016-02-09 20:46:44,053][com.java.TestType] [  496] - Test case Id is---1
[INFO ][2016-02-09 20:46:44,054][com.java.TestType] [  498] - 1
[INFO ][2016-02-09 20:46:44,054][com.java.TestType] [  493] -  str(2) = 5
[INFO ][2016-02-09 20:46:44,056][com.java.TestType] [  493] -  str(1) = 1
[INFO ][2016-02-09 20:46:44,056][com.java.TestType] [  496] - Test case Id is---1
[INFO ][2016-02-09 20:46:44,056][com.java.TestType] [  498] - 1
[INFO ][2016-02-09 20:46:44,057][com.java.TestType] [  493] -  str(2) = 6
[INFO ][2016-02-09 20:46:44,058][com.java.TestType] [  493] -  str(1) = 1
[INFO ][2016-02-09 20:46:44,058][com.java.TestType] [  496] - Test case Id is---1
[INFO ][2016-02-09 20:46:44,058][com.java.TestType] [  498] - 1
[INFO ][2016-02-09 20:46:44,058][com.java.TestType] [  493] -  str(2) = 7
[INFO ][2016-02-09 20:46:44,059][com.java.TestType] [  493] -  str(1) = 1
[INFO ][2016-02-09 20:46:44,059][com.java.TestType] [  496] - Test case Id is---1
[INFO ][2016-02-09 20:46:44,059][com.java.TestType] [  498] - 1
[INFO ][2016-02-09 20:46:44,059][com.java.TestType] [  493] -  str(2) = 8
[INFO ][2016-02-09 20:46:44,060][com.java.TestType] [  493] -  str(1) = 1
[INFO ][2016-02-09 20:46:44,060][com.java.TestType] [  496] - Test case Id is---1
[INFO ][2016-02-09 20:46:44,060][com.java.TestType] [  498] - 1
[INFO ][2016-02-09 20:46:44,060][com.java.TestType] [  493] -  str(2) = 9
[INFO ][2016-02-09 20:46:44,061][com.java.TestType] [  493] -  str(1) = 1
[INFO ][2016-02-09 20:46:44,061][com.java.TestType] [  496] - Test case Id is---1
[INFO ][2016-02-09 20:46:44,061][com.java.TestType] [  498] - 1
[INFO ][2016-02-09 20:46:44,061][com.java.TestType] [  493] -  str(2) = 10
[INFO ][2016-02-09 20:46:44,062][com.java.TestType] [  493] -  str(1) = 1
[INFO ][2016-02-09 20:46:44,062][com.java.TestType] [  496] - Test case Id is---1
[INFO ][2016-02-09 20:46:44,062][com.java.TestType] [  498] - 1
[INFO ][2016-02-09 20:46:44,062][com.java.TestType] [  493] -  str(2) = 11
[INFO ][2016-02-09 20:46:44,063][com.java.TestType] [  493] -  str(1) = 1
[INFO ][2016-02-09 20:46:44,063][com.java.TestType] [  496] - Test case Id is---1
[INFO ][2016-02-09 20:46:44,063][com.java.TestType] [  498] - 1
[INFO ][2016-02-09 20:46:44,063][com.java.TestType] [  493] -  str(2) = 12
[INFO ][2016-02-09 20:46:44,064][com.java.TestType] [  493] -  str(1) = 1
[INFO ][2016-02-09 20:46:44,066][com.java.TestType] [  496] - Test case Id is---1
[INFO ][2016-02-09 20:46:44,066][com.java.TestType] [  498] - 1
[INFO ][2016-02-09 20:46:44,066][com.java.TestType] [  493] -  str(2) = 13
[INFO ][2016-02-09 20:46:44,067][com.java.TestType] [  493] -  str(1) = 1
[INFO ][2016-02-09 20:46:44,067][com.java.TestType] [  496] - Test case Id is---1
[INFO ][2016-02-09 20:46:44,067][com.java.TestType] [  498] - 1
[INFO ][2016-02-09 20:46:44,067][com.java.TestType] [  493] -  str(2) = 14
[INFO ][2016-02-09 20:46:44,068][com.java.TestType] [  493] -  str(1) = 1
[INFO ][2016-02-09 20:46:44,068][com.java.TestType] [  496] - Test case Id is---1
[INFO ][2016-02-09 20:46:44,068][com.java.TestType] [  498] - 1
[INFO ][2016-02-09 20:46:44,068][com.java.TestType] [  493] -  str(2) = 15
[INFO ][2016-02-09 20:46:44,069][com.java.TestType] [  493] -  str(1) = 1
[INFO ][2016-02-09 20:46:44,069][com.java.TestType] [  496] - Test case Id is---1
[INFO ][2016-02-09 20:46:44,069][com.java.TestType] [  498] - 1
[INFO ][2016-02-09 20:46:44,069][com.java.TestType] [  493] -  str(2) = 16
[INFO ][2016-02-09 20:46:44,070][com.java.TestType] [12123] - Looping 1TCID = 1
[DEBUG][2016-02-09 20:46:44,070][com.java.TestType] [12164] - Concept ID:1 :: Step being Executed: 1::1
[INFO ][2016-02-09 20:46:44,070][com.java.TestType] [12202] - dataFields : TXTusername
[DEBUG][2016-02-09 20:46:44,070][com.java.TestType] [12208] - <In Set values of the page>
[DEBUG][2016-02-09 20:46:44,070][com.java.TestType] [12213] - {Data Fields & Data Values Exist}
[INFO ][2016-02-09 20:46:44,071][com.java.TestType] [12219] - --------------------------setting values-----------------------------
[INFO ][2016-02-09 20:46:44,071][com.java.TestType] [12222] - Action Type : CLEARANDENTER
[INFO ][2016-02-09 20:46:46,394][com.java.TestType] [ 6752] - value = valuelabs.ie10.15019
[INFO ][2016-02-09 20:46:48,818][com.java.TestType] [12241] -  RESULT true
[INFO ][2016-02-09 20:46:48,818][com.java.TestType] [12358] - ?   P A S S   ?
[DEBUG][2016-02-09 20:46:48,818][com.java.TestType] [12164] - Concept ID:1 :: Step being Executed: 1::2
[INFO ][2016-02-09 20:46:48,819][com.java.TestType] [12202] - dataFields : TXTpassword
[DEBUG][2016-02-09 20:46:48,819][com.java.TestType] [12208] - <In Set values of the page>
[DEBUG][2016-02-09 20:46:48,819][com.java.TestType] [12213] - {Data Fields & Data Values Exist}
[INFO ][2016-02-09 20:46:48,819][com.java.TestType] [12219] - --------------------------setting values-----------------------------
[INFO ][2016-02-09 20:46:48,819][com.java.TestType] [12222] - Action Type : CLEARANDENTER
[INFO ][2016-02-09 20:46:51,096][com.java.TestType] [ 6752] - value = Password1*
[INFO ][2016-02-09 20:46:53,621][com.java.TestType] [12241] -  RESULT true
[INFO ][2016-02-09 20:46:53,621][com.java.TestType] [12358] - ?   P A S S   ?
[DEBUG][2016-02-09 20:46:53,621][com.java.TestType] [12164] - Concept ID:1 :: Step being Executed: 1::3
[ERROR][2016-02-09 20:46:53,621][com.java.TestType] [12197] - Exception: null
[INFO ][2016-02-09 20:46:53,622][com.java.TestType] [12202] - dataFields : XPH//button[@type='submit']
[DEBUG][2016-02-09 20:46:53,622][com.java.TestType] [12208] - <In Set values of the page>
[DEBUG][2016-02-09 20:46:53,622][com.java.TestType] [12213] - {Data Fields & Data Values Exist}
[INFO ][2016-02-09 20:46:53,622][com.java.TestType] [12219] - --------------------------setting values-----------------------------
[INFO ][2016-02-09 20:46:53,622][com.java.TestType] [12222] - Action Type : Click
[INFO ][2016-02-09 20:46:53,622][com.java.TestType] [ 7153] - Field ::XPH//button[@type='submit']
[INFO ][2016-02-09 20:46:53,622][com.java.TestType] [ 6752] - value = 
[INFO ][2016-02-09 20:46:54,622][com.java.TestType] [ 7330] - BEFORE CLICK
[INFO ][2016-02-09 20:46:55,481][com.java.TestType] [ 7338] - Unable to click the object Login
[INFO ][2016-02-09 20:46:55,481][com.java.TestType] [12241] -  RESULT true
[INFO ][2016-02-09 20:46:55,481][com.java.TestType] [12358] - ?   P A S S   ?
[DEBUG][2016-02-09 20:46:55,481][com.java.TestType] [12164] - Concept ID:1 :: Step being Executed: 1::4
[INFO ][2016-02-09 20:46:55,481][com.java.TestType] [12202] - dataFields : LNKLogout
[DEBUG][2016-02-09 20:46:55,481][com.java.TestType] [12208] - <In Set values of the page>
[DEBUG][2016-02-09 20:46:55,481][com.java.TestType] [12213] - {Data Fields & Data Values Exist}
[INFO ][2016-02-09 20:46:55,481][com.java.TestType] [12219] - --------------------------setting values-----------------------------
[INFO ][2016-02-09 20:46:55,481][com.java.TestType] [12222] - Action Type : WaitForElement
[INFO ][2016-02-09 20:46:58,986][com.java.TestType] [12241] -  RESULT true
[INFO ][2016-02-09 20:46:58,987][com.java.TestType] [12358] - ?   P A S S   ?
[DEBUG][2016-02-09 20:46:58,987][com.java.TestType] [12164] - Concept ID:1 :: Step being Executed: 1::15
[INFO ][2016-02-09 20:46:58,987][com.java.TestType] [12202] - dataFields : LNK
[DEBUG][2016-02-09 20:46:58,987][com.java.TestType] [12208] - <In Set values of the page>
[DEBUG][2016-02-09 20:46:58,987][com.java.TestType] [12213] - {Data Fields & Data Values Exist}
[INFO ][2016-02-09 20:46:58,987][com.java.TestType] [12219] - --------------------------setting values-----------------------------
[INFO ][2016-02-09 20:46:58,987][com.java.TestType] [12222] - Action Type : Verify
[INFO ][2016-02-09 20:46:58,987][com.java.TestType] [ 8386] - field= LNK value= Logout
[INFO ][2016-02-09 20:46:58,988][com.java.TestType] [ 6752] - value = Logout
[INFO ][2016-02-09 20:46:59,026][com.java.TestType] [12241] -  RESULT true
[INFO ][2016-02-09 20:46:59,026][com.java.TestType] [12358] - ?   P A S S   ?
[DEBUG][2016-02-09 20:46:59,027][com.java.TestType] [12164] - Concept ID:1 :: Step being Executed: 1::16
[INFO ][2016-02-09 20:46:59,027][com.java.TestType] [12202] - dataFields : BTN
[DEBUG][2016-02-09 20:46:59,027][com.java.TestType] [12208] - <In Set values of the page>
[DEBUG][2016-02-09 20:46:59,027][com.java.TestType] [12213] - {Data Fields & Data Values Exist}
[INFO ][2016-02-09 20:46:59,027][com.java.TestType] [12219] - --------------------------setting values-----------------------------
[INFO ][2016-02-09 20:46:59,027][com.java.TestType] [12222] - Action Type : Verify
[INFO ][2016-02-09 20:46:59,027][com.java.TestType] [ 8386] - field= BTN value= //img[contains(@src,'bdlogo.jpg')]
[INFO ][2016-02-09 20:46:59,027][com.java.TestType] [ 6752] - value = //img[contains(@src,'bdlogo.jpg')]
[INFO ][2016-02-09 20:46:59,282][com.java.TestType] [12241] -  RESULT true
[INFO ][2016-02-09 20:46:59,282][com.java.TestType] [12358] - ?   P A S S   ?
[INFO ][2016-02-09 20:46:59,282][com.java.TestType] [12429] - Looping End......
[INFO ][2016-02-09 20:46:59,285][com.java.SeleniumDriver] [  930] -  RESULT true
[INFO ][2016-02-09 20:46:59,285][com.java.SeleniumDriver] [ 1136] - ?   P A S S   ?
[INFO ][2016-02-09 20:46:59,285][com.java.SeleniumDriver] [  856] - ------------------------------------------
[INFO ][2016-02-09 20:46:59,285][com.java.SeleniumDriver] [  857] - Test case being Executed: 1
[INFO ][2016-02-09 20:46:59,285][com.java.SeleniumDriver] [  869] - Test step:2
[INFO ][2016-02-09 20:46:59,285][com.java.SeleniumDriver] [  881] - Datavalue is----------Concept#2:1-2
[INFO ][2016-02-09 20:46:59,285][com.java.SeleniumDriver] [  905] - DataField : test
[INFO ][2016-02-09 20:46:59,285][com.java.SeleniumDriver] [  907] - DataValue : Concept#2:1-2
[INFO ][2016-02-09 20:46:59,285][com.java.SeleniumDriver] [  913] - <In Set values of the page>
[INFO ][2016-02-09 20:46:59,285][com.java.SeleniumDriver] [  916] - {Data Fields & Data Values Exist}
[INFO ][2016-02-09 20:46:59,286][com.java.SeleniumDriver] [  918] - --------------------------setting values-----------------------------
[INFO ][2016-02-09 20:46:59,286][com.java.SeleniumDriver] [  921] - Action Type : ExecuteTestCase
[INFO ][2016-02-09 20:46:59,286][com.java.TestType] [  448] - The Concept sheet name is ---------- Concept
[INFO ][2016-02-09 20:46:59,286][com.java.TestType] [  451] - The Concept ID  is ---------- 2
[DEBUG][2016-02-09 20:46:59,286][com.java.TestType] [  455] - Steps being executted in the Concept are: 1:2
[INFO ][2016-02-09 20:46:59,286][com.java.TestType] [  462] - Test data details path ---------- D:\BankersDashboard\TestInputs\TestData.xls
[INFO ][2016-02-09 20:46:59,304][com.java.TestType] [  493] -  str(1) = 2
[INFO ][2016-02-09 20:46:59,304][com.java.TestType] [  496] - Test case Id is---2
[INFO ][2016-02-09 20:46:59,304][com.java.TestType] [  498] - 2
[INFO ][2016-02-09 20:46:59,304][com.java.TestType] [  493] -  str(2) = 1
[INFO ][2016-02-09 20:46:59,306][com.java.TestType] [  493] -  str(1) = 2
[INFO ][2016-02-09 20:46:59,306][com.java.TestType] [  496] - Test case Id is---2
[INFO ][2016-02-09 20:46:59,306][com.java.TestType] [  498] - 2
[INFO ][2016-02-09 20:46:59,306][com.java.TestType] [  493] -  str(2) = 2
[INFO ][2016-02-09 20:46:59,308][com.java.TestType] [  493] -  str(1) = 2
[INFO ][2016-02-09 20:46:59,308][com.java.TestType] [  496] - Test case Id is---2
[INFO ][2016-02-09 20:46:59,308][com.java.TestType] [  498] - 2
[INFO ][2016-02-09 20:46:59,308][com.java.TestType] [  493] -  str(2) = 3
[INFO ][2016-02-09 20:46:59,308][com.java.TestType] [12123] - Looping 1TCID = 2
[DEBUG][2016-02-09 20:46:59,309][com.java.TestType] [12164] - Concept ID:2 :: Step being Executed: 2::1
[INFO ][2016-02-09 20:46:59,309][com.java.TestType] [12202] - dataFields : BNK//select[@id='bank']
[DEBUG][2016-02-09 20:46:59,309][com.java.TestType] [12208] - <In Set values of the page>
[DEBUG][2016-02-09 20:46:59,309][com.java.TestType] [12213] - {Data Fields & Data Values Exist}
[INFO ][2016-02-09 20:46:59,309][com.java.TestType] [12219] - --------------------------setting values-----------------------------
[INFO ][2016-02-09 20:46:59,309][com.java.TestType] [12222] - Action Type : Select
[INFO ][2016-02-09 20:46:59,309][com.java.TestType] [ 6752] - value = PFC
[INFO ][2016-02-09 20:46:59,725][com.java.TestType] [12241] -  RESULT true
[INFO ][2016-02-09 20:46:59,725][com.java.TestType] [12358] - ?   P A S S   ?
[DEBUG][2016-02-09 20:46:59,725][com.java.TestType] [12164] - Concept ID:2 :: Step being Executed: 2::2
[INFO ][2016-02-09 20:46:59,725][com.java.TestType] [12202] - dataFields : LNKLogout
[DEBUG][2016-02-09 20:46:59,725][com.java.TestType] [12208] - <In Set values of the page>
[DEBUG][2016-02-09 20:46:59,725][com.java.TestType] [12213] - {Data Fields & Data Values Exist}
[INFO ][2016-02-09 20:46:59,726][com.java.TestType] [12219] - --------------------------setting values-----------------------------
[INFO ][2016-02-09 20:46:59,726][com.java.TestType] [12222] - Action Type : WaitTime
[DEBUG][2016-02-09 20:46:59,726][com.java.TestType] [ 6561] - sleepTime: 5000
[INFO ][2016-02-09 20:47:04,726][com.java.TestType] [12241] -  RESULT true
[INFO ][2016-02-09 20:47:04,726][com.java.TestType] [12358] - ?   P A S S   ?
[INFO ][2016-02-09 20:47:04,726][com.java.TestType] [12429] - Looping End......
[INFO ][2016-02-09 20:47:04,728][com.java.SeleniumDriver] [  930] -  RESULT true
[INFO ][2016-02-09 20:47:04,728][com.java.SeleniumDriver] [ 1136] - ?   P A S S   ?
[INFO ][2016-02-09 20:47:04,728][com.java.SeleniumDriver] [  856] - ------------------------------------------
[INFO ][2016-02-09 20:47:04,728][com.java.SeleniumDriver] [  857] - Test case being Executed: 1
[INFO ][2016-02-09 20:47:04,728][com.java.SeleniumDriver] [  869] - Test step:3
[INFO ][2016-02-09 20:47:04,728][com.java.SeleniumDriver] [  881] - Datavalue is----------2
[INFO ][2016-02-09 20:47:04,728][com.java.SeleniumDriver] [  905] - DataField : XPH//button[contains(text(),'Add Content')]
[INFO ][2016-02-09 20:47:04,728][com.java.SeleniumDriver] [  907] - DataValue : 2
[INFO ][2016-02-09 20:47:04,728][com.java.SeleniumDriver] [  913] - <In Set values of the page>
[INFO ][2016-02-09 20:47:04,728][com.java.SeleniumDriver] [  916] - {Data Fields & Data Values Exist}
[INFO ][2016-02-09 20:47:04,728][com.java.SeleniumDriver] [  918] - --------------------------setting values-----------------------------
[INFO ][2016-02-09 20:47:04,728][com.java.SeleniumDriver] [  921] - Action Type : WAITFORELEMENT
[INFO ][2016-02-09 20:47:04,767][com.java.SeleniumDriver] [  930] -  RESULT true
[INFO ][2016-02-09 20:47:04,767][com.java.SeleniumDriver] [ 1136] - ?   P A S S   ?
[DEBUG][2016-02-09 20:47:04,768][com.java.SeleniumDriver] [ 1248] - Case found
[DEBUG][2016-02-09 20:47:04,768][com.java.SeleniumDriver] [ 1253] - Incrementing ReportCounters[0]:1
[INFO ][2016-02-09 20:47:04,768][com.java.SeleniumDriver] [ 1272] - The results are-------------------[1, 1, Valid Login, Pass, , Tue Feb 09 20:46:59 IST 2016, 1, 2, Valid Login, Pass, , Tue Feb 09 20:47:04 IST 2016, 1, 3, Valid Login, Pass, , Tue Feb 09 20:47:04 IST 2016]
[INFO ][2016-02-09 20:47:04,768][com.java.SeleniumDriver] [ 1276] - End time is-------35 sec
[INFO ][2016-02-09 20:47:04,768][com.java.SeleniumDriver] [ 1277] - The results are-------------------[1, 1, Valid Login, Pass, , Tue Feb 09 20:46:59 IST 2016, 1, 2, Valid Login, Pass, , Tue Feb 09 20:47:04 IST 2016, 1, 3, Valid Login, Pass, , Tue Feb 09 20:47:04 IST 2016]
[DEBUG][2016-02-09 20:47:04,768][com.java.ImportnExport.ExportTestResultsExcel] [  222] - testResultPath = D:\BankersDashboard/TestReports/Test Results_BankersDashBoard_020916_204631_IE10_First Bank.xls
[DEBUG][2016-02-09 20:47:04,768][com.java.ImportnExport.ExportTestResultsExcel] [  223] - browser is------------IE10
[DEBUG][2016-02-09 20:47:04,816][com.java.ImportnExport.ExportTestResultsExcel] [  270] - result.size() = 18
[DEBUG][2016-02-09 20:47:04,816][com.java.ImportnExport.ExportTestResultsExcel] [  274] - No of rows in sheet=1
[DEBUG][2016-02-09 20:47:04,817][com.java.ImportnExport.ExportTestResultsExcel] [  301] - ..in export..1
[DEBUG][2016-02-09 20:47:04,817][com.java.ImportnExport.ExportTestResultsExcel] [  301] - ..in export..Valid Login
[DEBUG][2016-02-09 20:47:04,817][com.java.ImportnExport.ExportTestResultsExcel] [  301] - ..in export..Pass
[DEBUG][2016-02-09 20:47:04,818][com.java.ImportnExport.ExportTestResultsExcel] [  301] - ..in export..
[DEBUG][2016-02-09 20:47:04,818][com.java.ImportnExport.ExportTestResultsExcel] [  301] - ..in export..Tue Feb 09 20:46:59 IST 2016
[INFO ][2016-02-09 20:47:04,819][com.java.SeleniumDriver] [ 1337] - out loop:0 size:2 TestCases:[1, 8] testcases:[1, 8]
[INFO ][2016-02-09 20:47:04,819][com.java.ImportnExport.ImportTestDataDetailsExcel] [   49] - test data details path===== D:\BankersDashboard\TestInputs\TestData.xls
[INFO ][2016-02-09 20:47:26,027][com.java.SeleniumDriver] [  856] - ------------------------------------------
[INFO ][2016-02-09 20:47:26,027][com.java.SeleniumDriver] [  857] - Test case being Executed: 8
[INFO ][2016-02-09 20:47:26,027][com.java.SeleniumDriver] [  869] - Test step:1
[INFO ][2016-02-09 20:47:26,027][com.java.SeleniumDriver] [  881] - Datavalue is----------Logout
[INFO ][2016-02-09 20:47:26,027][com.java.SeleniumDriver] [  905] - DataField : BTN
[INFO ][2016-02-09 20:47:26,027][com.java.SeleniumDriver] [  907] - DataValue : Logout
[INFO ][2016-02-09 20:47:26,027][com.java.SeleniumDriver] [  913] - <In Set values of the page>
[INFO ][2016-02-09 20:47:26,027][com.java.SeleniumDriver] [  916] - {Data Fields & Data Values Exist}
[INFO ][2016-02-09 20:47:26,027][com.java.SeleniumDriver] [  918] - --------------------------setting values-----------------------------
[INFO ][2016-02-09 20:47:26,027][com.java.SeleniumDriver] [  921] - Action Type : Verify
[INFO ][2016-02-09 20:47:26,027][com.java.TestType] [ 8386] - field= BTN value= Logout
[INFO ][2016-02-09 20:47:26,028][com.java.TestType] [ 6752] - value = Logout
[INFO ][2016-02-09 20:47:26,140][com.java.SeleniumDriver] [  930] -  RESULT true
[INFO ][2016-02-09 20:47:26,140][com.java.SeleniumDriver] [ 1136] - ?   P A S S   ?
[INFO ][2016-02-09 20:47:26,140][com.java.SeleniumDriver] [ 1178] - step change to 3
[INFO ][2016-02-09 20:47:26,140][com.java.SeleniumDriver] [  856] - ------------------------------------------
[INFO ][2016-02-09 20:47:26,140][com.java.SeleniumDriver] [  857] - Test case being Executed: 8
[INFO ][2016-02-09 20:47:26,140][com.java.SeleniumDriver] [  869] - Test step:3
[INFO ][2016-02-09 20:47:26,141][com.java.SeleniumDriver] [  881] - Datavalue is----------Concept#2:1-3
[INFO ][2016-02-09 20:47:26,141][com.java.SeleniumDriver] [  905] - DataField : test
[INFO ][2016-02-09 20:47:26,141][com.java.SeleniumDriver] [  907] - DataValue : Concept#2:1-3
[INFO ][2016-02-09 20:47:26,141][com.java.SeleniumDriver] [  913] - <In Set values of the page>
[INFO ][2016-02-09 20:47:26,141][com.java.SeleniumDriver] [  916] - {Data Fields & Data Values Exist}
[INFO ][2016-02-09 20:47:26,141][com.java.SeleniumDriver] [  918] - --------------------------setting values-----------------------------
[INFO ][2016-02-09 20:47:26,141][com.java.SeleniumDriver] [  921] - Action Type : ExecuteTestCase
[INFO ][2016-02-09 20:47:26,141][com.java.TestType] [  448] - The Concept sheet name is ---------- Concept
[INFO ][2016-02-09 20:47:26,141][com.java.TestType] [  451] - The Concept ID  is ---------- 2
[DEBUG][2016-02-09 20:47:26,141][com.java.TestType] [  455] - Steps being executted in the Concept are: 1:3
[INFO ][2016-02-09 20:47:26,141][com.java.TestType] [  462] - Test data details path ---------- D:\BankersDashboard\TestInputs\TestData.xls
[INFO ][2016-02-09 20:47:26,158][com.java.TestType] [  493] -  str(1) = 2
[INFO ][2016-02-09 20:47:26,159][com.java.TestType] [  496] - Test case Id is---2
[INFO ][2016-02-09 20:47:26,159][com.java.TestType] [  498] - 2
[INFO ][2016-02-09 20:47:26,159][com.java.TestType] [  493] -  str(2) = 1
[INFO ][2016-02-09 20:47:26,161][com.java.TestType] [  493] -  str(1) = 2
[INFO ][2016-02-09 20:47:26,161][com.java.TestType] [  496] - Test case Id is---2
[INFO ][2016-02-09 20:47:26,161][com.java.TestType] [  498] - 2
[INFO ][2016-02-09 20:47:26,161][com.java.TestType] [  493] -  str(2) = 2
[INFO ][2016-02-09 20:47:26,161][com.java.TestType] [  493] -  str(1) = 2
[INFO ][2016-02-09 20:47:26,162][com.java.TestType] [  496] - Test case Id is---2
[INFO ][2016-02-09 20:47:26,162][com.java.TestType] [  498] - 2
[INFO ][2016-02-09 20:47:26,162][com.java.TestType] [  493] -  str(2) = 3
[INFO ][2016-02-09 20:47:26,162][com.java.TestType] [12123] - Looping 1TCID = 2
[DEBUG][2016-02-09 20:47:26,162][com.java.TestType] [12164] - Concept ID:2 :: Step being Executed: 2::1
[INFO ][2016-02-09 20:47:26,162][com.java.TestType] [12202] - dataFields : BNK//select[@id='bank']
[DEBUG][2016-02-09 20:47:26,163][com.java.TestType] [12208] - <In Set values of the page>
[DEBUG][2016-02-09 20:47:26,163][com.java.TestType] [12213] - {Data Fields & Data Values Exist}
[INFO ][2016-02-09 20:47:26,163][com.java.TestType] [12219] - --------------------------setting values-----------------------------
[INFO ][2016-02-09 20:47:26,163][com.java.TestType] [12222] - Action Type : Select
[INFO ][2016-02-09 20:47:26,163][com.java.TestType] [ 6752] - value = PFC
[INFO ][2016-02-09 20:47:26,364][com.java.TestType] [12241] -  RESULT true
[INFO ][2016-02-09 20:47:26,364][com.java.TestType] [12358] - ?   P A S S   ?
[DEBUG][2016-02-09 20:47:26,364][com.java.TestType] [12164] - Concept ID:2 :: Step being Executed: 2::2
[INFO ][2016-02-09 20:47:26,364][com.java.TestType] [12202] - dataFields : LNKLogout
[DEBUG][2016-02-09 20:47:26,364][com.java.TestType] [12208] - <In Set values of the page>
[DEBUG][2016-02-09 20:47:26,364][com.java.TestType] [12213] - {Data Fields & Data Values Exist}
[INFO ][2016-02-09 20:47:26,365][com.java.TestType] [12219] - --------------------------setting values-----------------------------
[INFO ][2016-02-09 20:47:26,365][com.java.TestType] [12222] - Action Type : WaitTime
[DEBUG][2016-02-09 20:47:26,365][com.java.TestType] [ 6561] - sleepTime: 5000
[INFO ][2016-02-09 20:47:31,366][com.java.TestType] [12241] -  RESULT true
[INFO ][2016-02-09 20:47:31,366][com.java.TestType] [12358] - ?   P A S S   ?
[DEBUG][2016-02-09 20:47:31,366][com.java.TestType] [12164] - Concept ID:2 :: Step being Executed: 2::3
[INFO ][2016-02-09 20:47:31,366][com.java.TestType] [12202] - dataFields : LNKLogout
[DEBUG][2016-02-09 20:47:31,366][com.java.TestType] [12208] - <In Set values of the page>
[DEBUG][2016-02-09 20:47:31,366][com.java.TestType] [12213] - {Data Fields & Data Values Exist}
[INFO ][2016-02-09 20:47:31,366][com.java.TestType] [12219] - --------------------------setting values-----------------------------
[INFO ][2016-02-09 20:47:31,366][com.java.TestType] [12222] - Action Type : WaitForElement
[INFO ][2016-02-09 20:47:31,404][com.java.TestType] [12241] -  RESULT true
[INFO ][2016-02-09 20:47:31,404][com.java.TestType] [12358] - ?   P A S S   ?
[INFO ][2016-02-09 20:47:31,404][com.java.TestType] [12429] - Looping End......
[INFO ][2016-02-09 20:47:31,406][com.java.SeleniumDriver] [  930] -  RESULT true
[INFO ][2016-02-09 20:47:31,406][com.java.SeleniumDriver] [ 1136] - ?   P A S S   ?
[INFO ][2016-02-09 20:47:31,406][com.java.SeleniumDriver] [  856] - ------------------------------------------
[INFO ][2016-02-09 20:47:31,406][com.java.SeleniumDriver] [  857] - Test case being Executed: 8
[INFO ][2016-02-09 20:47:31,406][com.java.SeleniumDriver] [  869] - Test step:4
[INFO ][2016-02-09 20:47:31,406][com.java.SeleniumDriver] [  881] - Datavalue is----------null
[DEBUG][2016-02-09 20:47:31,406][com.java.SeleniumDriver] [  899] - Exception: null
[INFO ][2016-02-09 20:47:31,406][com.java.SeleniumDriver] [  905] - DataField : //span[@class="icon-cog2"]&&//a[text()='Customize']&&//a[@data-id="TabletAlerts"]
[INFO ][2016-02-09 20:47:31,406][com.java.SeleniumDriver] [  907] - DataValue : 
[INFO ][2016-02-09 20:47:31,407][com.java.SeleniumDriver] [  913] - <In Set values of the page>
[INFO ][2016-02-09 20:47:31,407][com.java.SeleniumDriver] [  916] - {Data Fields & Data Values Exist}
[INFO ][2016-02-09 20:47:31,407][com.java.SeleniumDriver] [  918] - --------------------------setting values-----------------------------
[INFO ][2016-02-09 20:47:31,407][com.java.SeleniumDriver] [  921] - Action Type : MOUSEOVER
[INFO ][2016-02-09 20:48:16,159][com.java.SeleniumDriver] [  930] -  RESULT true
[INFO ][2016-02-09 20:48:16,160][com.java.SeleniumDriver] [ 1136] - ?   P A S S   ?
[INFO ][2016-02-09 20:48:16,160][com.java.SeleniumDriver] [  856] - ------------------------------------------
[INFO ][2016-02-09 20:48:16,160][com.java.SeleniumDriver] [  857] - Test case being Executed: 8
[INFO ][2016-02-09 20:48:16,160][com.java.SeleniumDriver] [  869] - Test step:5
[INFO ][2016-02-09 20:48:16,160][com.java.SeleniumDriver] [  881] - Datavalue is----------My Alerts
[INFO ][2016-02-09 20:48:16,160][com.java.SeleniumDriver] [  905] - DataField : XPH//span[@class='ui-dialog-title']
[INFO ][2016-02-09 20:48:16,160][com.java.SeleniumDriver] [  907] - DataValue : My Alerts
[INFO ][2016-02-09 20:48:16,160][com.java.SeleniumDriver] [  913] - <In Set values of the page>
[INFO ][2016-02-09 20:48:16,160][com.java.SeleniumDriver] [  916] - {Data Fields & Data Values Exist}
[INFO ][2016-02-09 20:48:16,160][com.java.SeleniumDriver] [  918] - --------------------------setting values-----------------------------
[INFO ][2016-02-09 20:48:16,160][com.java.SeleniumDriver] [  921] - Action Type : verify
[INFO ][2016-02-09 20:48:16,160][com.java.TestType] [ 8386] - field= XPH//span[@class='ui-dialog-title'] value= My Alerts
[INFO ][2016-02-09 20:48:16,160][com.java.TestType] [ 6752] - value = My Alerts
[INFO ][2016-02-09 20:48:16,350][com.java.SeleniumDriver] [  930] -  RESULT true
[INFO ][2016-02-09 20:48:16,350][com.java.SeleniumDriver] [ 1136] - ?   P A S S   ?
[INFO ][2016-02-09 20:48:16,350][com.java.SeleniumDriver] [  856] - ------------------------------------------
[INFO ][2016-02-09 20:48:16,350][com.java.SeleniumDriver] [  857] - Test case being Executed: 8
[INFO ][2016-02-09 20:48:16,350][com.java.SeleniumDriver] [  869] - Test step:6
[INFO ][2016-02-09 20:48:16,350][com.java.SeleniumDriver] [  881] - Datavalue is----------null
[DEBUG][2016-02-09 20:48:16,350][com.java.SeleniumDriver] [  899] - Exception: null
[INFO ][2016-02-09 20:48:16,350][com.java.SeleniumDriver] [  905] - DataField : BTNframeDialogContent
[INFO ][2016-02-09 20:48:16,350][com.java.SeleniumDriver] [  907] - DataValue : 
[INFO ][2016-02-09 20:48:16,350][com.java.SeleniumDriver] [  913] - <In Set values of the page>
[INFO ][2016-02-09 20:48:16,351][com.java.SeleniumDriver] [  916] - {Data Fields & Data Values Exist}
[INFO ][2016-02-09 20:48:16,351][com.java.SeleniumDriver] [  918] - --------------------------setting values-----------------------------
[INFO ][2016-02-09 20:48:16,351][com.java.SeleniumDriver] [  921] - Action Type : SELECTFRAME
[INFO ][2016-02-09 20:48:17,720][com.java.SeleniumDriver] [  930] -  RESULT true
[INFO ][2016-02-09 20:48:17,720][com.java.SeleniumDriver] [ 1136] - ?   P A S S   ?
[INFO ][2016-02-09 20:48:17,720][com.java.SeleniumDriver] [  856] - ------------------------------------------
[INFO ][2016-02-09 20:48:17,720][com.java.SeleniumDriver] [  857] - Test case being Executed: 8
[INFO ][2016-02-09 20:48:17,720][com.java.SeleniumDriver] [  869] - Test step:7
[INFO ][2016-02-09 20:48:17,720][com.java.SeleniumDriver] [  881] - Datavalue is----------null
[DEBUG][2016-02-09 20:48:17,720][com.java.SeleniumDriver] [  899] - Exception: null
[INFO ][2016-02-09 20:48:17,720][com.java.SeleniumDriver] [  905] - DataField : XPH//span[contains(text(),'Balance Sheet')]
[INFO ][2016-02-09 20:48:17,720][com.java.SeleniumDriver] [  907] - DataValue : 
[INFO ][2016-02-09 20:48:17,720][com.java.SeleniumDriver] [  913] - <In Set values of the page>
[INFO ][2016-02-09 20:48:17,720][com.java.SeleniumDriver] [  916] - {Data Fields & Data Values Exist}
[INFO ][2016-02-09 20:48:17,720][com.java.SeleniumDriver] [  918] - --------------------------setting values-----------------------------
[INFO ][2016-02-09 20:48:17,720][com.java.SeleniumDriver] [  921] - Action Type : CLICK
[INFO ][2016-02-09 20:48:17,721][com.java.TestType] [ 7153] - Field ::XPH//span[contains(text(),'Balance Sheet')]
[INFO ][2016-02-09 20:48:17,721][com.java.TestType] [ 6752] - value = 
[INFO ][2016-02-09 20:48:18,722][com.java.TestType] [ 7330] - BEFORE CLICK
[INFO ][2016-02-09 20:48:19,533][com.java.TestType] [ 7338] - Unable to click the object Balance Sheet
[INFO ][2016-02-09 20:48:19,533][com.java.SeleniumDriver] [  930] -  RESULT true
[INFO ][2016-02-09 20:48:19,533][com.java.SeleniumDriver] [ 1136] - ?   P A S S   ?
[INFO ][2016-02-09 20:48:19,533][com.java.SeleniumDriver] [  856] - ------------------------------------------
[INFO ][2016-02-09 20:48:19,533][com.java.SeleniumDriver] [  857] - Test case being Executed: 8
[INFO ][2016-02-09 20:48:19,533][com.java.SeleniumDriver] [  869] - Test step:8
[INFO ][2016-02-09 20:48:19,533][com.java.SeleniumDriver] [  881] - Datavalue is----------5
[INFO ][2016-02-09 20:48:19,533][com.java.SeleniumDriver] [  905] - DataField : test
[INFO ][2016-02-09 20:48:19,533][com.java.SeleniumDriver] [  907] - DataValue : 5
[INFO ][2016-02-09 20:48:19,533][com.java.SeleniumDriver] [  913] - <In Set values of the page>
[INFO ][2016-02-09 20:48:19,533][com.java.SeleniumDriver] [  916] - {Data Fields & Data Values Exist}
[INFO ][2016-02-09 20:48:19,533][com.java.SeleniumDriver] [  918] - --------------------------setting values-----------------------------
[INFO ][2016-02-09 20:48:19,534][com.java.SeleniumDriver] [  921] - Action Type : WAITTIME
[DEBUG][2016-02-09 20:48:19,534][com.java.TestType] [ 6561] - sleepTime: 5000
[INFO ][2016-02-09 20:48:24,534][com.java.SeleniumDriver] [  930] -  RESULT true
[INFO ][2016-02-09 20:48:24,534][com.java.SeleniumDriver] [ 1136] - ?   P A S S   ?
[INFO ][2016-02-09 20:48:24,534][com.java.SeleniumDriver] [  856] - ------------------------------------------
[INFO ][2016-02-09 20:48:24,534][com.java.SeleniumDriver] [  857] - Test case being Executed: 8
[INFO ][2016-02-09 20:48:24,534][com.java.SeleniumDriver] [  869] - Test step:9
[INFO ][2016-02-09 20:48:24,534][com.java.SeleniumDriver] [  881] - Datavalue is----------RMD0
[INFO ][2016-02-09 20:48:24,534][com.java.SeleniumDriver] [  905] - DataField : TXT//table[@id="BalSheetTbl"]/tbody//td[4]/input[@class="perVal"]
[INFO ][2016-02-09 20:48:24,534][com.java.SeleniumDriver] [  907] - DataValue : RMD0
[INFO ][2016-02-09 20:48:24,534][com.java.SeleniumDriver] [  913] - <In Set values of the page>
[INFO ][2016-02-09 20:48:24,534][com.java.SeleniumDriver] [  916] - {Data Fields & Data Values Exist}
[INFO ][2016-02-09 20:48:24,534][com.java.SeleniumDriver] [  918] - --------------------------setting values-----------------------------
[INFO ][2016-02-09 20:48:24,534][com.java.SeleniumDriver] [  921] - Action Type : CLEARANDENTER
[INFO ][2016-02-09 20:48:24,676][com.java.TestType] [ 6752] - value = 06
[INFO ][2016-02-09 20:48:24,810][com.java.SeleniumDriver] [  930] -  RESULT true
[INFO ][2016-02-09 20:48:24,810][com.java.SeleniumDriver] [ 1136] - ?   P A S S   ?
[INFO ][2016-02-09 20:48:24,810][com.java.SeleniumDriver] [  856] - ------------------------------------------
[INFO ][2016-02-09 20:48:24,810][com.java.SeleniumDriver] [  857] - Test case being Executed: 8
[INFO ][2016-02-09 20:48:24,810][com.java.SeleniumDriver] [  869] - Test step:10
[INFO ][2016-02-09 20:48:24,810][com.java.SeleniumDriver] [  881] - Datavalue is----------null
[DEBUG][2016-02-09 20:48:24,811][com.java.SeleniumDriver] [  899] - Exception: null
[INFO ][2016-02-09 20:48:24,811][com.java.SeleniumDriver] [  905] - DataField : BTNparent
[INFO ][2016-02-09 20:48:24,811][com.java.SeleniumDriver] [  907] - DataValue : 
[INFO ][2016-02-09 20:48:24,811][com.java.SeleniumDriver] [  913] - <In Set values of the page>
[INFO ][2016-02-09 20:48:24,811][com.java.SeleniumDriver] [  916] - {Data Fields & Data Values Exist}
[INFO ][2016-02-09 20:48:24,811][com.java.SeleniumDriver] [  918] - --------------------------setting values-----------------------------
[INFO ][2016-02-09 20:48:24,811][com.java.SeleniumDriver] [  921] - Action Type : SELECTFRAME
[INFO ][2016-02-09 20:48:24,826][com.java.SeleniumDriver] [  930] -  RESULT true
[INFO ][2016-02-09 20:48:24,826][com.java.SeleniumDriver] [ 1136] - ?   P A S S   ?
[INFO ][2016-02-09 20:48:24,826][com.java.SeleniumDriver] [  856] - ------------------------------------------
[INFO ][2016-02-09 20:48:24,826][com.java.SeleniumDriver] [  857] - Test case being Executed: 8
[INFO ][2016-02-09 20:48:24,826][com.java.SeleniumDriver] [  869] - Test step:11
[INFO ][2016-02-09 20:48:24,826][com.java.SeleniumDriver] [  881] - Datavalue is----------null
[DEBUG][2016-02-09 20:48:24,826][com.java.SeleniumDriver] [  899] - Exception: null
[INFO ][2016-02-09 20:48:24,826][com.java.SeleniumDriver] [  905] - DataField : HDN//span[contains(text(),'Save')]
[INFO ][2016-02-09 20:48:24,826][com.java.SeleniumDriver] [  907] - DataValue : 
[INFO ][2016-02-09 20:48:24,827][com.java.SeleniumDriver] [  913] - <In Set values of the page>
[INFO ][2016-02-09 20:48:24,827][com.java.SeleniumDriver] [  916] - {Data Fields & Data Values Exist}
[INFO ][2016-02-09 20:48:24,827][com.java.SeleniumDriver] [  918] - --------------------------setting values-----------------------------
[INFO ][2016-02-09 20:48:24,827][com.java.SeleniumDriver] [  921] - Action Type : CLICK
[INFO ][2016-02-09 20:48:24,827][com.java.TestType] [ 7153] - Field ::HDN//span[contains(text(),'Save')]
[INFO ][2016-02-09 20:48:24,827][com.java.TestType] [ 6752] - value = 
[INFO ][2016-02-09 20:48:26,124][com.java.SeleniumDriver] [  930] -  RESULT true
[INFO ][2016-02-09 20:48:26,125][com.java.SeleniumDriver] [ 1136] - ?   P A S S   ?
[INFO ][2016-02-09 20:48:26,125][com.java.SeleniumDriver] [  856] - ------------------------------------------
[INFO ][2016-02-09 20:48:26,125][com.java.SeleniumDriver] [  857] - Test case being Executed: 8
[INFO ][2016-02-09 20:48:26,125][com.java.SeleniumDriver] [  869] - Test step:12
[INFO ][2016-02-09 20:48:26,125][com.java.SeleniumDriver] [  881] - Datavalue is----------null
[DEBUG][2016-02-09 20:48:26,125][com.java.SeleniumDriver] [  899] - Exception: null
[INFO ][2016-02-09 20:48:26,125][com.java.SeleniumDriver] [  905] - DataField : XPH//div[@class="menu"]//span[@class='glyphicon glyphicon-bell']
[INFO ][2016-02-09 20:48:26,125][com.java.SeleniumDriver] [  907] - DataValue : 
[INFO ][2016-02-09 20:48:26,125][com.java.SeleniumDriver] [  913] - <In Set values of the page>
[INFO ][2016-02-09 20:48:26,125][com.java.SeleniumDriver] [  916] - {Data Fields & Data Values Exist}
[INFO ][2016-02-09 20:48:26,125][com.java.SeleniumDriver] [  918] - --------------------------setting values-----------------------------
[INFO ][2016-02-09 20:48:26,125][com.java.SeleniumDriver] [  921] - Action Type : CLICK
[INFO ][2016-02-09 20:48:26,125][com.java.TestType] [ 7153] - Field ::XPH//div[@class="menu"]//span[@class='glyphicon glyphicon-bell']
[INFO ][2016-02-09 20:48:26,126][com.java.TestType] [ 6752] - value = 
[INFO ][2016-02-09 20:48:27,126][com.java.TestType] [ 7330] - BEFORE CLICK
[INFO ][2016-02-09 20:48:28,408][com.java.TestType] [ 7338] - Unable to click the object Click on  bell symbol
[INFO ][2016-02-09 20:48:28,408][com.java.SeleniumDriver] [  930] -  RESULT true
[INFO ][2016-02-09 20:48:28,408][com.java.SeleniumDriver] [ 1136] - ?   P A S S   ?
[INFO ][2016-02-09 20:48:28,408][com.java.SeleniumDriver] [  856] - ------------------------------------------
[INFO ][2016-02-09 20:48:28,408][com.java.SeleniumDriver] [  857] - Test case being Executed: 8
[INFO ][2016-02-09 20:48:28,408][com.java.SeleniumDriver] [  869] - Test step:13
[INFO ][2016-02-09 20:48:28,408][com.java.SeleniumDriver] [  881] - Datavalue is----------null
[DEBUG][2016-02-09 20:48:28,408][com.java.SeleniumDriver] [  899] - Exception: null
[INFO ][2016-02-09 20:48:28,408][com.java.SeleniumDriver] [  905] - DataField : XPH//div[contains(@class,'rightMenuContainer')]//div[@class="menu-drawer"]
[INFO ][2016-02-09 20:48:28,409][com.java.SeleniumDriver] [  907] - DataValue : 
[INFO ][2016-02-09 20:48:28,409][com.java.SeleniumDriver] [  913] - <In Set values of the page>
[INFO ][2016-02-09 20:48:28,409][com.java.SeleniumDriver] [  916] - {Data Fields & Data Values Exist}
[INFO ][2016-02-09 20:48:28,409][com.java.SeleniumDriver] [  918] - --------------------------setting values-----------------------------
[INFO ][2016-02-09 20:48:28,409][com.java.SeleniumDriver] [  921] - Action Type : CLICK
[INFO ][2016-02-09 20:48:28,409][com.java.TestType] [ 7153] - Field ::XPH//div[contains(@class,'rightMenuContainer')]//div[@class="menu-drawer"]
[INFO ][2016-02-09 20:48:28,409][com.java.TestType] [ 6752] - value = 
[INFO ][2016-02-09 20:48:29,409][com.java.TestType] [ 7330] - BEFORE CLICK
[INFO ][2016-02-09 20:48:30,300][com.java.TestType] [ 7338] - Unable to click the object Click on the Today's Alert Page
[INFO ][2016-02-09 20:48:30,300][com.java.SeleniumDriver] [  930] -  RESULT true
[INFO ][2016-02-09 20:48:30,300][com.java.SeleniumDriver] [ 1136] - ?   P A S S   ?
[INFO ][2016-02-09 20:48:30,300][com.java.SeleniumDriver] [  856] - ------------------------------------------
[INFO ][2016-02-09 20:48:30,300][com.java.SeleniumDriver] [  857] - Test case being Executed: 8
[INFO ][2016-02-09 20:48:30,300][com.java.SeleniumDriver] [  869] - Test step:14
[INFO ][2016-02-09 20:48:30,300][com.java.SeleniumDriver] [  881] - Datavalue is----------//div[@class="menu-drawer"]//span
[INFO ][2016-02-09 20:48:30,300][com.java.SeleniumDriver] [  905] - DataField : BTN
[INFO ][2016-02-09 20:48:30,300][com.java.SeleniumDriver] [  907] - DataValue : //div[@class="menu-drawer"]//span
[INFO ][2016-02-09 20:48:30,300][com.java.SeleniumDriver] [  913] - <In Set values of the page>
[INFO ][2016-02-09 20:48:30,300][com.java.SeleniumDriver] [  916] - {Data Fields & Data Values Exist}
[INFO ][2016-02-09 20:48:30,300][com.java.SeleniumDriver] [  918] - --------------------------setting values-----------------------------
[INFO ][2016-02-09 20:48:30,300][com.java.SeleniumDriver] [  921] - Action Type : VERIFY
[INFO ][2016-02-09 20:48:30,301][com.java.TestType] [ 8386] - field= BTN value= //div[@class="menu-drawer"]//span
[INFO ][2016-02-09 20:48:30,301][com.java.TestType] [ 6752] - value = //div[@class="menu-drawer"]//span
[INFO ][2016-02-09 20:48:30,401][com.java.SeleniumDriver] [  930] -  RESULT true
[INFO ][2016-02-09 20:48:30,401][com.java.SeleniumDriver] [ 1136] - ?   P A S S   ?
[INFO ][2016-02-09 20:48:30,401][com.java.SeleniumDriver] [  856] - ------------------------------------------
[INFO ][2016-02-09 20:48:30,401][com.java.SeleniumDriver] [  857] - Test case being Executed: 8
[INFO ][2016-02-09 20:48:30,401][com.java.SeleniumDriver] [  869] - Test step:15
[INFO ][2016-02-09 20:48:30,402][com.java.SeleniumDriver] [  881] - Datavalue is----------//div[@id='isAlertsHeading']/h4
[INFO ][2016-02-09 20:48:30,402][com.java.SeleniumDriver] [  905] - DataField : BTN
[INFO ][2016-02-09 20:48:30,402][com.java.SeleniumDriver] [  907] - DataValue : //div[@id='isAlertsHeading']/h4
[INFO ][2016-02-09 20:48:30,402][com.java.SeleniumDriver] [  913] - <In Set values of the page>
[INFO ][2016-02-09 20:48:30,402][com.java.SeleniumDriver] [  916] - {Data Fields & Data Values Exist}
[INFO ][2016-02-09 20:48:30,402][com.java.SeleniumDriver] [  918] - --------------------------setting values-----------------------------
[INFO ][2016-02-09 20:48:30,402][com.java.SeleniumDriver] [  921] - Action Type : VERIFY
[INFO ][2016-02-09 20:48:30,402][com.java.TestType] [ 8386] - field= BTN value= //div[@id='isAlertsHeading']/h4
[INFO ][2016-02-09 20:48:30,402][com.java.TestType] [ 6752] - value = //div[@id='isAlertsHeading']/h4
[INFO ][2016-02-09 20:48:30,472][com.java.SeleniumDriver] [  930] -  RESULT true
[INFO ][2016-02-09 20:48:30,472][com.java.SeleniumDriver] [ 1136] - ?   P A S S   ?
[INFO ][2016-02-09 20:48:30,472][com.java.SeleniumDriver] [  856] - ------------------------------------------
[INFO ][2016-02-09 20:48:30,472][com.java.SeleniumDriver] [  857] - Test case being Executed: 8
[INFO ][2016-02-09 20:48:30,472][com.java.SeleniumDriver] [  869] - Test step:16
[INFO ][2016-02-09 20:48:30,472][com.java.SeleniumDriver] [  881] - Datavalue is----------null
[DEBUG][2016-02-09 20:48:30,474][com.java.SeleniumDriver] [  899] - Exception: null
[INFO ][2016-02-09 20:48:30,474][com.java.SeleniumDriver] [  905] - DataField : XPH//div[@class="panel panel-default ng-scope"]/div[@id='bsAlertsHeading']/h4
[INFO ][2016-02-09 20:48:30,474][com.java.SeleniumDriver] [  907] - DataValue : 
[INFO ][2016-02-09 20:48:30,474][com.java.SeleniumDriver] [  913] - <In Set values of the page>
[INFO ][2016-02-09 20:48:30,474][com.java.SeleniumDriver] [  916] - {Data Fields & Data Values Exist}
[INFO ][2016-02-09 20:48:30,474][com.java.SeleniumDriver] [  918] - --------------------------setting values-----------------------------
[INFO ][2016-02-09 20:48:30,474][com.java.SeleniumDriver] [  921] - Action Type : CLICK
[INFO ][2016-02-09 20:48:30,474][com.java.TestType] [ 7153] - Field ::XPH//div[@class="panel panel-default ng-scope"]/div[@id='bsAlertsHeading']/h4
[INFO ][2016-02-09 20:48:30,474][com.java.TestType] [ 6752] - value = 
[INFO ][2016-02-09 20:48:31,475][com.java.TestType] [ 7330] - BEFORE CLICK
[INFO ][2016-02-09 20:48:32,417][com.java.TestType] [ 7338] - Unable to click the object Click on Income Statement tab
[INFO ][2016-02-09 20:48:32,417][com.java.SeleniumDriver] [  930] -  RESULT true
[INFO ][2016-02-09 20:48:32,417][com.java.SeleniumDriver] [ 1136] - ?   P A S S   ?
[INFO ][2016-02-09 20:48:32,417][com.java.SeleniumDriver] [  856] - ------------------------------------------
[INFO ][2016-02-09 20:48:32,417][com.java.SeleniumDriver] [  857] - Test case being Executed: 8
[INFO ][2016-02-09 20:48:32,417][com.java.SeleniumDriver] [  869] - Test step:17
[INFO ][2016-02-09 20:48:32,417][com.java.SeleniumDriver] [  881] - Datavalue is----------5
[INFO ][2016-02-09 20:48:32,417][com.java.SeleniumDriver] [  905] - DataField : null
[INFO ][2016-02-09 20:48:32,417][com.java.SeleniumDriver] [  907] - DataValue : 5
[INFO ][2016-02-09 20:48:32,418][com.java.SeleniumDriver] [  913] - <In Set values of the page>
[INFO ][2016-02-09 20:48:32,418][com.java.SeleniumDriver] [  916] - {Data Fields & Data Values Exist}
[INFO ][2016-02-09 20:48:32,418][com.java.SeleniumDriver] [  918] - --------------------------setting values-----------------------------
[INFO ][2016-02-09 20:48:32,418][com.java.SeleniumDriver] [  921] - Action Type : WAITTIME
[DEBUG][2016-02-09 20:48:32,418][com.java.TestType] [ 6561] - sleepTime: 5000
[INFO ][2016-02-09 20:48:37,418][com.java.SeleniumDriver] [  930] -  RESULT true
[INFO ][2016-02-09 20:48:37,418][com.java.SeleniumDriver] [ 1136] - ?   P A S S   ?
[INFO ][2016-02-09 20:48:37,418][com.java.SeleniumDriver] [  856] - ------------------------------------------
[INFO ][2016-02-09 20:48:37,418][com.java.SeleniumDriver] [  857] - Test case being Executed: 8
[INFO ][2016-02-09 20:48:37,418][com.java.SeleniumDriver] [  869] - Test step:18
[INFO ][2016-02-09 20:48:37,418][com.java.SeleniumDriver] [  881] - Datavalue is----------//div[@id='bsAlertsContent']//div[@class="ng-binding"]
[INFO ][2016-02-09 20:48:37,418][com.java.SeleniumDriver] [  905] - DataField : BTN
[INFO ][2016-02-09 20:48:37,418][com.java.SeleniumDriver] [  907] - DataValue : //div[@id='bsAlertsContent']//div[@class="ng-binding"]
[INFO ][2016-02-09 20:48:37,418][com.java.SeleniumDriver] [  913] - <In Set values of the page>
[INFO ][2016-02-09 20:48:37,418][com.java.SeleniumDriver] [  916] - {Data Fields & Data Values Exist}
[INFO ][2016-02-09 20:48:37,418][com.java.SeleniumDriver] [  918] - --------------------------setting values-----------------------------
[INFO ][2016-02-09 20:48:37,418][com.java.SeleniumDriver] [  921] - Action Type : VERIFY
[INFO ][2016-02-09 20:48:37,419][com.java.TestType] [ 8386] - field= BTN value= //div[@id='bsAlertsContent']//div[@class="ng-binding"]
[INFO ][2016-02-09 20:48:37,419][com.java.TestType] [ 6752] - value = //div[@id='bsAlertsContent']//div[@class="ng-binding"]
[INFO ][2016-02-09 20:48:37,492][com.java.SeleniumDriver] [  930] -  RESULT true
[INFO ][2016-02-09 20:48:37,492][com.java.SeleniumDriver] [ 1136] - ?   P A S S   ?
[INFO ][2016-02-09 20:48:37,492][com.java.SeleniumDriver] [  856] - ------------------------------------------
[INFO ][2016-02-09 20:48:37,492][com.java.SeleniumDriver] [  857] - Test case being Executed: 8
[INFO ][2016-02-09 20:48:37,492][com.java.SeleniumDriver] [  869] - Test step:19
[INFO ][2016-02-09 20:48:37,492][com.java.SeleniumDriver] [  881] - Datavalue is----------null
[DEBUG][2016-02-09 20:48:37,492][com.java.SeleniumDriver] [  899] - Exception: null
[INFO ][2016-02-09 20:48:37,492][com.java.SeleniumDriver] [  905] - DataField : XPH//div[@class="panel panel-default ng-scope"]/div[@id='bsAlertsHeading']/h4
[INFO ][2016-02-09 20:48:37,492][com.java.SeleniumDriver] [  907] - DataValue : 
[INFO ][2016-02-09 20:48:37,492][com.java.SeleniumDriver] [  913] - <In Set values of the page>
[INFO ][2016-02-09 20:48:37,492][com.java.SeleniumDriver] [  916] - {Data Fields & Data Values Exist}
[INFO ][2016-02-09 20:48:37,492][com.java.SeleniumDriver] [  918] - --------------------------setting values-----------------------------
[INFO ][2016-02-09 20:48:37,492][com.java.SeleniumDriver] [  921] - Action Type : CLICK
[INFO ][2016-02-09 20:48:37,493][com.java.TestType] [ 7153] - Field ::XPH//div[@class="panel panel-default ng-scope"]/div[@id='bsAlertsHeading']/h4
[INFO ][2016-02-09 20:48:37,493][com.java.TestType] [ 6752] - value = 
[INFO ][2016-02-09 20:48:38,494][com.java.TestType] [ 7330] - BEFORE CLICK
[INFO ][2016-02-09 20:48:39,397][com.java.TestType] [ 7338] - Unable to click the object Click on Income Statement tab
[INFO ][2016-02-09 20:48:39,397][com.java.SeleniumDriver] [  930] -  RESULT true
[INFO ][2016-02-09 20:48:39,397][com.java.SeleniumDriver] [ 1136] - ?   P A S S   ?
[INFO ][2016-02-09 20:48:39,397][com.java.SeleniumDriver] [  856] - ------------------------------------------
[INFO ][2016-02-09 20:48:39,397][com.java.SeleniumDriver] [  857] - Test case being Executed: 8
[INFO ][2016-02-09 20:48:39,397][com.java.SeleniumDriver] [  869] - Test step:20
[INFO ][2016-02-09 20:48:39,397][com.java.SeleniumDriver] [  881] - Datavalue is----------//*[@id='bsAlertsContent']/div/div[1]/div[1]
[INFO ][2016-02-09 20:48:39,397][com.java.SeleniumDriver] [  905] - DataField : MSG
[INFO ][2016-02-09 20:48:39,397][com.java.SeleniumDriver] [  907] - DataValue : //*[@id='bsAlertsContent']/div/div[1]/div[1]
[INFO ][2016-02-09 20:48:39,397][com.java.SeleniumDriver] [  913] - <In Set values of the page>
[INFO ][2016-02-09 20:48:39,397][com.java.SeleniumDriver] [  916] - {Data Fields & Data Values Exist}
[INFO ][2016-02-09 20:48:39,397][com.java.SeleniumDriver] [  918] - --------------------------setting values-----------------------------
[INFO ][2016-02-09 20:48:39,398][com.java.SeleniumDriver] [  921] - Action Type : VERIFYNOTPRESENT
[INFO ][2016-02-09 20:48:39,398][com.java.TestType] [10207] - field= MSG value= //*[@id='bsAlertsContent']/div/div[1]/div[1]
[INFO ][2016-02-09 20:48:39,579][com.java.SeleniumDriver] [  930] -  RESULT true
[INFO ][2016-02-09 20:48:39,579][com.java.SeleniumDriver] [ 1136] - ?   P A S S   ?
[INFO ][2016-02-09 20:48:39,579][com.java.SeleniumDriver] [  856] - ------------------------------------------
[INFO ][2016-02-09 20:48:39,579][com.java.SeleniumDriver] [  857] - Test case being Executed: 8
[INFO ][2016-02-09 20:48:39,579][com.java.SeleniumDriver] [  869] - Test step:21
[INFO ][2016-02-09 20:48:39,579][com.java.SeleniumDriver] [  881] - Datavalue is----------5
[INFO ][2016-02-09 20:48:39,579][com.java.SeleniumDriver] [  905] - DataField : null
[INFO ][2016-02-09 20:48:39,579][com.java.SeleniumDriver] [  907] - DataValue : 5
[INFO ][2016-02-09 20:48:39,579][com.java.SeleniumDriver] [  913] - <In Set values of the page>
[INFO ][2016-02-09 20:48:39,579][com.java.SeleniumDriver] [  916] - {Data Fields & Data Values Exist}
[INFO ][2016-02-09 20:48:39,579][com.java.SeleniumDriver] [  918] - --------------------------setting values-----------------------------
[INFO ][2016-02-09 20:48:39,580][com.java.SeleniumDriver] [  921] - Action Type : WAITTIME
[DEBUG][2016-02-09 20:48:39,580][com.java.TestType] [ 6561] - sleepTime: 5000
[INFO ][2016-02-09 20:48:44,580][com.java.SeleniumDriver] [  930] -  RESULT true
[INFO ][2016-02-09 20:48:44,580][com.java.SeleniumDriver] [ 1136] - ?   P A S S   ?
[INFO ][2016-02-09 20:48:44,580][com.java.SeleniumDriver] [  856] - ------------------------------------------
[INFO ][2016-02-09 20:48:44,580][com.java.SeleniumDriver] [  857] - Test case being Executed: 8
[INFO ][2016-02-09 20:48:44,580][com.java.SeleniumDriver] [  869] - Test step:22
[INFO ][2016-02-09 20:48:44,580][com.java.SeleniumDriver] [  881] - Datavalue is----------null
[DEBUG][2016-02-09 20:48:44,580][com.java.SeleniumDriver] [  899] - Exception: null
[INFO ][2016-02-09 20:48:44,580][com.java.SeleniumDriver] [  905] - DataField : HDN//span[@class='glyphicon glyphicon-refresh ng-scope']
[INFO ][2016-02-09 20:48:44,580][com.java.SeleniumDriver] [  907] - DataValue : 
[INFO ][2016-02-09 20:48:44,580][com.java.SeleniumDriver] [  913] - <In Set values of the page>
[INFO ][2016-02-09 20:48:44,580][com.java.SeleniumDriver] [  916] - {Data Fields & Data Values Exist}
[INFO ][2016-02-09 20:48:44,580][com.java.SeleniumDriver] [  918] - --------------------------setting values-----------------------------
[INFO ][2016-02-09 20:48:44,581][com.java.SeleniumDriver] [  921] - Action Type : CLICK
[INFO ][2016-02-09 20:48:44,581][com.java.TestType] [ 7153] - Field ::HDN//span[@class='glyphicon glyphicon-refresh ng-scope']
[INFO ][2016-02-09 20:48:44,581][com.java.TestType] [ 6752] - value = 
[INFO ][2016-02-09 20:48:45,756][com.java.SeleniumDriver] [  930] -  RESULT true
[INFO ][2016-02-09 20:48:45,756][com.java.SeleniumDriver] [ 1136] - ?   P A S S   ?
[INFO ][2016-02-09 20:48:45,756][com.java.SeleniumDriver] [  856] - ------------------------------------------
[INFO ][2016-02-09 20:48:45,756][com.java.SeleniumDriver] [  857] - Test case being Executed: 8
[INFO ][2016-02-09 20:48:45,756][com.java.SeleniumDriver] [  869] - Test step:23
[INFO ][2016-02-09 20:48:45,756][com.java.SeleniumDriver] [  881] - Datavalue is----------15
[INFO ][2016-02-09 20:48:45,756][com.java.SeleniumDriver] [  905] - DataField : null
[INFO ][2016-02-09 20:48:45,756][com.java.SeleniumDriver] [  907] - DataValue : 15
[INFO ][2016-02-09 20:48:45,756][com.java.SeleniumDriver] [  913] - <In Set values of the page>
[INFO ][2016-02-09 20:48:45,757][com.java.SeleniumDriver] [  916] - {Data Fields & Data Values Exist}
[INFO ][2016-02-09 20:48:45,757][com.java.SeleniumDriver] [  918] - --------------------------setting values-----------------------------
[INFO ][2016-02-09 20:48:45,757][com.java.SeleniumDriver] [  921] - Action Type : WAITTIME
[DEBUG][2016-02-09 20:48:45,757][com.java.TestType] [ 6561] - sleepTime: 15000
[INFO ][2016-02-09 20:49:00,759][com.java.SeleniumDriver] [  930] -  RESULT true
[INFO ][2016-02-09 20:49:00,759][com.java.SeleniumDriver] [ 1136] - ?   P A S S   ?
[INFO ][2016-02-09 20:49:00,759][com.java.SeleniumDriver] [  856] - ------------------------------------------
[INFO ][2016-02-09 20:49:00,759][com.java.SeleniumDriver] [  857] - Test case being Executed: 8
[INFO ][2016-02-09 20:49:00,759][com.java.SeleniumDriver] [  869] - Test step:24
[INFO ][2016-02-09 20:49:00,759][com.java.SeleniumDriver] [  881] - Datavalue is----------glyphicon-play down
[INFO ][2016-02-09 20:49:00,759][com.java.SeleniumDriver] [  905] - DataField : CCM//div[@class="panel panel-default ng-scope"]/div[@id='bsAlertsHeading']/h4/span
[INFO ][2016-02-09 20:49:00,759][com.java.SeleniumDriver] [  907] - DataValue : glyphicon-play down
[INFO ][2016-02-09 20:49:00,759][com.java.SeleniumDriver] [  913] - <In Set values of the page>
[INFO ][2016-02-09 20:49:00,759][com.java.SeleniumDriver] [  916] - {Data Fields & Data Values Exist}
[INFO ][2016-02-09 20:49:00,760][com.java.SeleniumDriver] [  918] - --------------------------setting values-----------------------------
[INFO ][2016-02-09 20:49:00,760][com.java.SeleniumDriver] [  921] - Action Type : VERIFY
[INFO ][2016-02-09 20:49:00,760][com.java.TestType] [ 8386] - field= CCM//div[@class="panel panel-default ng-scope"]/div[@id='bsAlertsHeading']/h4/span value= glyphicon-play down
[INFO ][2016-02-09 20:49:00,760][com.java.TestType] [ 6752] - value = glyphicon-play down
[DEBUG][2016-02-09 20:49:00,760][com.java.TestType] [ 9727] - Exception: glyphicon-play down
[DEBUG][2016-02-09 20:49:00,760][com.java.TestType] [ 9730] - Element not replaced::glyphicon-play down
[INFO ][2016-02-09 20:49:00,760][com.java.SeleniumDriver] [  930] -  RESULT false
[INFO ][2016-02-09 20:49:00,760][com.java.SeleniumDriver] [  977] - ?   F A I L   ?
[INFO ][2016-02-09 20:49:00,760][com.java.SeleniumDriver] [  985] - Browser Type : IE10
[INFO ][2016-02-09 20:49:00,760][com.java.SeleniumDriver] [  986] - Adding Failed case8
[DEBUG][2016-02-09 20:49:00,998][com.java.SeleniumDriver] [ 1054] -  tdd.getCondition() IF:27:Next
[INFO ][2016-02-09 20:49:00,998][com.java.SeleniumDriver] [ 1058] - Continue next step...
[INFO ][2016-02-09 20:49:00,999][com.java.SeleniumDriver] [  856] - ------------------------------------------
[INFO ][2016-02-09 20:49:00,999][com.java.SeleniumDriver] [  857] - Test case being Executed: 8
[INFO ][2016-02-09 20:49:00,999][com.java.SeleniumDriver] [  869] - Test step:25
[INFO ][2016-02-09 20:49:00,999][com.java.SeleniumDriver] [  881] - Datavalue is----------2
[INFO ][2016-02-09 20:49:00,999][com.java.SeleniumDriver] [  905] - DataField : null
[INFO ][2016-02-09 20:49:00,999][com.java.SeleniumDriver] [  907] - DataValue : 2
[INFO ][2016-02-09 20:49:00,999][com.java.SeleniumDriver] [  913] - <In Set values of the page>
[INFO ][2016-02-09 20:49:00,999][com.java.SeleniumDriver] [  916] - {Data Fields & Data Values Exist}
[INFO ][2016-02-09 20:49:00,999][com.java.SeleniumDriver] [  918] - --------------------------setting values-----------------------------
[INFO ][2016-02-09 20:49:00,999][com.java.SeleniumDriver] [  921] - Action Type : WAITTIME
[DEBUG][2016-02-09 20:49:00,999][com.java.TestType] [ 6561] - sleepTime: 2000
[INFO ][2016-02-09 20:49:02,999][com.java.SeleniumDriver] [  930] -  RESULT true
[INFO ][2016-02-09 20:49:02,999][com.java.SeleniumDriver] [ 1136] - ?   P A S S   ?
[INFO ][2016-02-09 20:49:02,999][com.java.SeleniumDriver] [  856] - ------------------------------------------
[INFO ][2016-02-09 20:49:02,999][com.java.SeleniumDriver] [  857] - Test case being Executed: 8
[INFO ][2016-02-09 20:49:02,999][com.java.SeleniumDriver] [  869] - Test step:26
[INFO ][2016-02-09 20:49:02,999][com.java.SeleniumDriver] [  881] - Datavalue is----------null
[DEBUG][2016-02-09 20:49:02,999][com.java.SeleniumDriver] [  899] - Exception: null
[INFO ][2016-02-09 20:49:02,999][com.java.SeleniumDriver] [  905] - DataField : XPH//div[@class="panel panel-default ng-scope"]/div[@id='bsAlertsHeading']/h4
[INFO ][2016-02-09 20:49:02,999][com.java.SeleniumDriver] [  907] - DataValue : 
[INFO ][2016-02-09 20:49:02,999][com.java.SeleniumDriver] [  913] - <In Set values of the page>
[INFO ][2016-02-09 20:49:02,999][com.java.SeleniumDriver] [  916] - {Data Fields & Data Values Exist}
[INFO ][2016-02-09 20:49:03,000][com.java.SeleniumDriver] [  918] - --------------------------setting values-----------------------------
[INFO ][2016-02-09 20:49:03,000][com.java.SeleniumDriver] [  921] - Action Type : CLICK
[INFO ][2016-02-09 20:49:03,000][com.java.TestType] [ 7153] - Field ::XPH//div[@class="panel panel-default ng-scope"]/div[@id='bsAlertsHeading']/h4
[INFO ][2016-02-09 20:49:03,000][com.java.TestType] [ 6752] - value = 
[INFO ][2016-02-09 20:49:04,000][com.java.TestType] [ 7330] - BEFORE CLICK
[INFO ][2016-02-09 20:49:04,868][com.java.TestType] [ 7338] - Unable to click the object Click on Income Statement tab
[INFO ][2016-02-09 20:49:04,868][com.java.SeleniumDriver] [  930] -  RESULT true
[INFO ][2016-02-09 20:49:04,868][com.java.SeleniumDriver] [ 1136] - ?   P A S S   ?
[INFO ][2016-02-09 20:49:04,868][com.java.SeleniumDriver] [  856] - ------------------------------------------
[INFO ][2016-02-09 20:49:04,868][com.java.SeleniumDriver] [  857] - Test case being Executed: 8
[INFO ][2016-02-09 20:49:04,868][com.java.SeleniumDriver] [  869] - Test step:27
[INFO ][2016-02-09 20:49:04,868][com.java.SeleniumDriver] [  881] - Datavalue is----------3
[INFO ][2016-02-09 20:49:04,868][com.java.SeleniumDriver] [  905] - DataField : null
[INFO ][2016-02-09 20:49:04,868][com.java.SeleniumDriver] [  907] - DataValue : 3
[INFO ][2016-02-09 20:49:04,868][com.java.SeleniumDriver] [  913] - <In Set values of the page>
[INFO ][2016-02-09 20:49:04,868][com.java.SeleniumDriver] [  916] - {Data Fields & Data Values Exist}
[INFO ][2016-02-09 20:49:04,868][com.java.SeleniumDriver] [  918] - --------------------------setting values-----------------------------
[INFO ][2016-02-09 20:49:04,868][com.java.SeleniumDriver] [  921] - Action Type : WAITTIME
[DEBUG][2016-02-09 20:49:04,869][com.java.TestType] [ 6561] - sleepTime: 3000
[INFO ][2016-02-09 20:49:07,869][com.java.SeleniumDriver] [  930] -  RESULT true
[INFO ][2016-02-09 20:49:07,869][com.java.SeleniumDriver] [ 1136] - ?   P A S S   ?
[INFO ][2016-02-09 20:49:07,869][com.java.SeleniumDriver] [  856] - ------------------------------------------
[INFO ][2016-02-09 20:49:07,869][com.java.SeleniumDriver] [  857] - Test case being Executed: 8
[INFO ][2016-02-09 20:49:07,869][com.java.SeleniumDriver] [  869] - Test step:28
[INFO ][2016-02-09 20:49:07,869][com.java.SeleniumDriver] [  881] - Datavalue is----------numberofupdatesbeforerefreshing
[INFO ][2016-02-09 20:49:07,869][com.java.SeleniumDriver] [  905] - DataField : XPH//div[@id="bsAlertsHeading"]//span[@class="badge pull-right ng-binding"]
[INFO ][2016-02-09 20:49:07,869][com.java.SeleniumDriver] [  907] - DataValue : numberofupdatesbeforerefreshing
[INFO ][2016-02-09 20:49:07,869][com.java.SeleniumDriver] [  913] - <In Set values of the page>
[INFO ][2016-02-09 20:49:07,869][com.java.SeleniumDriver] [  916] - {Data Fields & Data Values Exist}
[INFO ][2016-02-09 20:49:07,869][com.java.SeleniumDriver] [  918] - --------------------------setting values-----------------------------
[INFO ][2016-02-09 20:49:07,870][com.java.SeleniumDriver] [  921] - Action Type : STOREVALUE
[INFO ][2016-02-09 20:49:07,870][com.java.TestType] [ 9888] - field= XPH//div[@id="bsAlertsHeading"]//span[@class="badge pull-right ng-binding"]
[DEBUG][2016-02-09 20:49:07,990][com.java.TestType] [ 9943] - Key:: numberofupdatesbeforerefreshing   Value:: 3
[INFO ][2016-02-09 20:49:07,990][com.java.SeleniumDriver] [  930] -  RESULT true
[INFO ][2016-02-09 20:49:07,990][com.java.SeleniumDriver] [ 1136] - ?   P A S S   ?
[INFO ][2016-02-09 20:49:07,990][com.java.SeleniumDriver] [  856] - ------------------------------------------
[INFO ][2016-02-09 20:49:07,990][com.java.SeleniumDriver] [  857] - Test case being Executed: 8
[INFO ][2016-02-09 20:49:07,991][com.java.SeleniumDriver] [  869] - Test step:29
[INFO ][2016-02-09 20:49:07,991][com.java.SeleniumDriver] [  881] - Datavalue is----------HMVnumberofupdatesbeforerefreshing
[INFO ][2016-02-09 20:49:07,991][com.java.SeleniumDriver] [  905] - DataField : TAL//div[@id="bsAlertsContent"]//div[@class="bd-alert ng-scope"]
[INFO ][2016-02-09 20:49:07,991][com.java.SeleniumDriver] [  907] - DataValue : HMVnumberofupdatesbeforerefreshing
[INFO ][2016-02-09 20:49:07,991][com.java.SeleniumDriver] [  913] - <In Set values of the page>
[INFO ][2016-02-09 20:49:07,991][com.java.SeleniumDriver] [  916] - {Data Fields & Data Values Exist}
[INFO ][2016-02-09 20:49:07,991][com.java.SeleniumDriver] [  918] - --------------------------setting values-----------------------------
[INFO ][2016-02-09 20:49:07,991][com.java.SeleniumDriver] [  921] - Action Type : VERIFY
[INFO ][2016-02-09 20:49:07,991][com.java.TestType] [ 8386] - field= TAL//div[@id="bsAlertsContent"]//div[@class="bd-alert ng-scope"] value= HMVnumberofupdatesbeforerefreshing
[INFO ][2016-02-09 20:49:07,991][com.java.TestType] [ 6752] - value = 3
[INFO ][2016-02-09 20:49:08,026][com.java.SeleniumDriver] [  930] -  RESULT true
[INFO ][2016-02-09 20:49:08,026][com.java.SeleniumDriver] [ 1136] - ?   P A S S   ?
[INFO ][2016-02-09 20:49:08,026][com.java.SeleniumDriver] [  856] - ------------------------------------------
[INFO ][2016-02-09 20:49:08,026][com.java.SeleniumDriver] [  857] - Test case being Executed: 8
[INFO ][2016-02-09 20:49:08,027][com.java.SeleniumDriver] [  869] - Test step:30
[INFO ][2016-02-09 20:49:08,027][com.java.SeleniumDriver] [  881] - Datavalue is----------BalanceSheet
[INFO ][2016-02-09 20:49:08,027][com.java.SeleniumDriver] [  905] - DataField : XPH//div[@id="bsAlertsContent"]//div[@class="bd-alert ng-scope"][1]/div[@class="ng-binding"]
[INFO ][2016-02-09 20:49:08,027][com.java.SeleniumDriver] [  907] - DataValue : BalanceSheet
[INFO ][2016-02-09 20:49:08,027][com.java.SeleniumDriver] [  913] - <In Set values of the page>
[INFO ][2016-02-09 20:49:08,027][com.java.SeleniumDriver] [  916] - {Data Fields & Data Values Exist}
[INFO ][2016-02-09 20:49:08,027][com.java.SeleniumDriver] [  918] - --------------------------setting values-----------------------------
[INFO ][2016-02-09 20:49:08,027][com.java.SeleniumDriver] [  921] - Action Type : STOREVALUE
[INFO ][2016-02-09 20:49:08,027][com.java.TestType] [ 9888] - field= XPH//div[@id="bsAlertsContent"]//div[@class="bd-alert ng-scope"][1]/div[@class="ng-binding"]
[DEBUG][2016-02-09 20:49:08,145][com.java.TestType] [ 9943] - Key:: BalanceSheet   Value:: Fed funds sold & repos
[INFO ][2016-02-09 20:49:08,145][com.java.SeleniumDriver] [  930] -  RESULT true
[INFO ][2016-02-09 20:49:08,145][com.java.SeleniumDriver] [ 1136] - ?   P A S S   ?
[INFO ][2016-02-09 20:49:08,145][com.java.SeleniumDriver] [  856] - ------------------------------------------
[INFO ][2016-02-09 20:49:08,145][com.java.SeleniumDriver] [  857] - Test case being Executed: 8
[INFO ][2016-02-09 20:49:08,145][com.java.SeleniumDriver] [  869] - Test step:31
[INFO ][2016-02-09 20:49:08,145][com.java.SeleniumDriver] [  881] - Datavalue is----------Change
[INFO ][2016-02-09 20:49:08,145][com.java.SeleniumDriver] [  905] - DataField : XPH//div[@id="bsAlertsContent"]//div[@class="bd-alert ng-scope"][1]//span[@ class="ng-binding"]
[INFO ][2016-02-09 20:49:08,145][com.java.SeleniumDriver] [  907] - DataValue : Change
[INFO ][2016-02-09 20:49:08,145][com.java.SeleniumDriver] [  913] - <In Set values of the page>
[INFO ][2016-02-09 20:49:08,145][com.java.SeleniumDriver] [  916] - {Data Fields & Data Values Exist}
[INFO ][2016-02-09 20:49:08,146][com.java.SeleniumDriver] [  918] - --------------------------setting values-----------------------------
[INFO ][2016-02-09 20:49:08,146][com.java.SeleniumDriver] [  921] - Action Type : STOREVALUE
[INFO ][2016-02-09 20:49:08,146][com.java.TestType] [ 9888] - field= XPH//div[@id="bsAlertsContent"]//div[@class="bd-alert ng-scope"][1]//span[@ class="ng-binding"]
[DEBUG][2016-02-09 20:49:08,291][com.java.TestType] [ 9943] - Key:: Change   Value:: $458,086
[INFO ][2016-02-09 20:49:08,291][com.java.SeleniumDriver] [  930] -  RESULT true
[INFO ][2016-02-09 20:49:08,291][com.java.SeleniumDriver] [ 1136] - ?   P A S S   ?
[INFO ][2016-02-09 20:49:08,291][com.java.SeleniumDriver] [  856] - ------------------------------------------
[INFO ][2016-02-09 20:49:08,291][com.java.SeleniumDriver] [  857] - Test case being Executed: 8
[INFO ][2016-02-09 20:49:08,291][com.java.SeleniumDriver] [  869] - Test step:32
[INFO ][2016-02-09 20:49:08,292][com.java.SeleniumDriver] [  881] - Datavalue is----------Percentage
[INFO ][2016-02-09 20:49:08,292][com.java.SeleniumDriver] [  905] - DataField : XPH//div[@id="bsAlertsContent"]//div[@class="bd-alert ng-scope"][1]//span[@class="pull-right ng-binding"]
[INFO ][2016-02-09 20:49:08,293][com.java.SeleniumDriver] [  907] - DataValue : Percentage
[INFO ][2016-02-09 20:49:08,293][com.java.SeleniumDriver] [  913] - <In Set values of the page>
[INFO ][2016-02-09 20:49:08,293][com.java.SeleniumDriver] [  916] - {Data Fields & Data Values Exist}
[INFO ][2016-02-09 20:49:08,293][com.java.SeleniumDriver] [  918] - --------------------------setting values-----------------------------
[INFO ][2016-02-09 20:49:08,293][com.java.SeleniumDriver] [  921] - Action Type : STOREVALUE
[INFO ][2016-02-09 20:49:08,294][com.java.TestType] [ 9888] - field= XPH//div[@id="bsAlertsContent"]//div[@class="bd-alert ng-scope"][1]//span[@class="pull-right ng-binding"]
[DEBUG][2016-02-09 20:49:08,408][com.java.TestType] [ 9943] - Key:: Percentage   Value:: 157.05%
[INFO ][2016-02-09 20:49:08,408][com.java.SeleniumDriver] [  930] -  RESULT true
[INFO ][2016-02-09 20:49:08,408][com.java.SeleniumDriver] [ 1136] - ?   P A S S   ?
[INFO ][2016-02-09 20:49:08,408][com.java.SeleniumDriver] [  856] - ------------------------------------------
[INFO ][2016-02-09 20:49:08,408][com.java.SeleniumDriver] [  857] - Test case being Executed: 8
[INFO ][2016-02-09 20:49:08,408][com.java.SeleniumDriver] [  869] - Test step:33
[INFO ][2016-02-09 20:49:08,409][com.java.SeleniumDriver] [  881] - Datavalue is----------null
[DEBUG][2016-02-09 20:49:08,409][com.java.SeleniumDriver] [  899] - Exception: null
[INFO ][2016-02-09 20:49:08,409][com.java.SeleniumDriver] [  905] - DataField : XPH//span[@class="glyphicon glyphicon-list-alt"]
[INFO ][2016-02-09 20:49:08,409][com.java.SeleniumDriver] [  907] - DataValue : 
[INFO ][2016-02-09 20:49:08,409][com.java.SeleniumDriver] [  913] - <In Set values of the page>
[INFO ][2016-02-09 20:49:08,409][com.java.SeleniumDriver] [  916] - {Data Fields & Data Values Exist}
[INFO ][2016-02-09 20:49:08,409][com.java.SeleniumDriver] [  918] - --------------------------setting values-----------------------------
[INFO ][2016-02-09 20:49:08,409][com.java.SeleniumDriver] [  921] - Action Type : CLICK
[INFO ][2016-02-09 20:49:08,409][com.java.TestType] [ 7153] - Field ::XPH//span[@class="glyphicon glyphicon-list-alt"]
[INFO ][2016-02-09 20:49:08,409][com.java.TestType] [ 6752] - value = 
[INFO ][2016-02-09 20:49:09,409][com.java.TestType] [ 7330] - BEFORE CLICK
[INFO ][2016-02-09 20:49:10,623][com.java.TestType] [ 7338] - Unable to click the object Click on the report button
[INFO ][2016-02-09 20:49:10,623][com.java.SeleniumDriver] [  930] -  RESULT true
[INFO ][2016-02-09 20:49:10,623][com.java.SeleniumDriver] [ 1136] - ?   P A S S   ?
[INFO ][2016-02-09 20:49:10,623][com.java.SeleniumDriver] [  856] - ------------------------------------------
[INFO ][2016-02-09 20:49:10,623][com.java.SeleniumDriver] [  857] - Test case being Executed: 8
[INFO ][2016-02-09 20:49:10,623][com.java.SeleniumDriver] [  869] - Test step:34
[INFO ][2016-02-09 20:49:10,623][com.java.SeleniumDriver] [  881] - Datavalue is----------10
[INFO ][2016-02-09 20:49:10,624][com.java.SeleniumDriver] [  905] - DataField : XPH//img[@id='loading']
[INFO ][2016-02-09 20:49:10,624][com.java.SeleniumDriver] [  907] - DataValue : 10
[INFO ][2016-02-09 20:49:10,624][com.java.SeleniumDriver] [  913] - <In Set values of the page>
[INFO ][2016-02-09 20:49:10,624][com.java.SeleniumDriver] [  916] - {Data Fields & Data Values Exist}
[INFO ][2016-02-09 20:49:10,624][com.java.SeleniumDriver] [  918] - --------------------------setting values-----------------------------
[INFO ][2016-02-09 20:49:10,624][com.java.SeleniumDriver] [  921] - Action Type : WaitForElement
[INFO ][2016-02-09 20:49:10,670][com.java.SeleniumDriver] [  930] -  RESULT true
[INFO ][2016-02-09 20:49:10,670][com.java.SeleniumDriver] [ 1136] - ?   P A S S   ?
[INFO ][2016-02-09 20:49:10,670][com.java.SeleniumDriver] [  856] - ------------------------------------------
[INFO ][2016-02-09 20:49:10,671][com.java.SeleniumDriver] [  857] - Test case being Executed: 8
[INFO ][2016-02-09 20:49:10,671][com.java.SeleniumDriver] [  869] - Test step:35
[INFO ][2016-02-09 20:49:10,671][com.java.SeleniumDriver] [  881] - Datavalue is----------90
[INFO ][2016-02-09 20:49:10,671][com.java.SeleniumDriver] [  905] - DataField : XPH//img[@id='loading']
[INFO ][2016-02-09 20:49:10,671][com.java.SeleniumDriver] [  907] - DataValue : 90
[INFO ][2016-02-09 20:49:10,671][com.java.SeleniumDriver] [  913] - <In Set values of the page>
[INFO ][2016-02-09 20:49:10,671][com.java.SeleniumDriver] [  916] - {Data Fields & Data Values Exist}
[INFO ][2016-02-09 20:49:10,671][com.java.SeleniumDriver] [  918] - --------------------------setting values-----------------------------
[INFO ][2016-02-09 20:49:10,673][com.java.SeleniumDriver] [  921] - Action Type : waitForElementNotPresent
[INFO ][2016-02-09 20:49:11,846][com.java.SeleniumDriver] [  930] -  RESULT true
[INFO ][2016-02-09 20:49:11,846][com.java.SeleniumDriver] [ 1136] - ?   P A S S   ?
[INFO ][2016-02-09 20:49:11,846][com.java.SeleniumDriver] [  856] - ------------------------------------------
[INFO ][2016-02-09 20:49:11,846][com.java.SeleniumDriver] [  857] - Test case being Executed: 8
[INFO ][2016-02-09 20:49:11,846][com.java.SeleniumDriver] [  869] - Test step:36
[INFO ][2016-02-09 20:49:11,846][com.java.SeleniumDriver] [  881] - Datavalue is----------15
[INFO ][2016-02-09 20:49:11,846][com.java.SeleniumDriver] [  905] - DataField : null
[INFO ][2016-02-09 20:49:11,846][com.java.SeleniumDriver] [  907] - DataValue : 15
[INFO ][2016-02-09 20:49:11,847][com.java.SeleniumDriver] [  913] - <In Set values of the page>
[INFO ][2016-02-09 20:49:11,847][com.java.SeleniumDriver] [  916] - {Data Fields & Data Values Exist}
[INFO ][2016-02-09 20:49:11,847][com.java.SeleniumDriver] [  918] - --------------------------setting values-----------------------------
[INFO ][2016-02-09 20:49:11,847][com.java.SeleniumDriver] [  921] - Action Type : WAITTIME
[DEBUG][2016-02-09 20:49:11,847][com.java.TestType] [ 6561] - sleepTime: 15000
[INFO ][2016-02-09 20:49:26,848][com.java.SeleniumDriver] [  930] -  RESULT true
[INFO ][2016-02-09 20:49:26,848][com.java.SeleniumDriver] [ 1136] - ?   P A S S   ?
[INFO ][2016-02-09 20:49:26,848][com.java.SeleniumDriver] [  856] - ------------------------------------------
[INFO ][2016-02-09 20:49:26,848][com.java.SeleniumDriver] [  857] - Test case being Executed: 8
[INFO ][2016-02-09 20:49:26,848][com.java.SeleniumDriver] [  869] - Test step:37
[INFO ][2016-02-09 20:49:26,848][com.java.SeleniumDriver] [  881] - Datavalue is----------BalanceSheet::Change
[INFO ][2016-02-09 20:49:26,848][com.java.SeleniumDriver] [  905] - DataField : PVP//div[contains(text(),'mytext')]/following::td[3]/div
[INFO ][2016-02-09 20:49:26,848][com.java.SeleniumDriver] [  907] - DataValue : BalanceSheet::Change
[INFO ][2016-02-09 20:49:26,848][com.java.SeleniumDriver] [  913] - <In Set values of the page>
[INFO ][2016-02-09 20:49:26,848][com.java.SeleniumDriver] [  916] - {Data Fields & Data Values Exist}
[INFO ][2016-02-09 20:49:26,848][com.java.SeleniumDriver] [  918] - --------------------------setting values-----------------------------
[INFO ][2016-02-09 20:49:26,848][com.java.SeleniumDriver] [  921] - Action Type : VERIFY
[INFO ][2016-02-09 20:49:26,849][com.java.TestType] [ 8386] - field= PVP//div[contains(text(),'mytext')]/following::td[3]/div value= BalanceSheet::Change
[INFO ][2016-02-09 20:49:26,849][com.java.TestType] [ 6752] - value = BalanceSheet::Change
[INFO ][2016-02-09 20:49:27,119][com.java.SeleniumDriver] [  930] -  RESULT false
[INFO ][2016-02-09 20:49:27,119][com.java.SeleniumDriver] [  977] - ?   F A I L   ?
[INFO ][2016-02-09 20:49:27,120][com.java.SeleniumDriver] [  985] - Browser Type : IE10
[INFO ][2016-02-09 20:49:27,120][com.java.SeleniumDriver] [  986] - Adding Failed case8
[INFO ][2016-02-09 20:49:27,307][com.java.SeleniumDriver] [ 1100] - failedCases = 8
[ERROR][2016-02-09 20:49:27,308][com.java.SeleniumDriver] [ 1599] - Platform Errors : Our apologies...::We have encountered an issue with your request.::Our apologies?:We encountered an issue with your request.
[INFO ][2016-02-09 20:49:27,308][com.java.SeleniumDriver] [ 1603] - Length =3
[ERROR][2016-02-09 20:49:27,308][com.java.SeleniumDriver] [ 1606] - Error 0 = Our apologies...
[ERROR][2016-02-09 20:49:27,455][com.java.SeleniumDriver] [ 1606] - Error 1 = We have encountered an issue with your request.
[ERROR][2016-02-09 20:49:27,559][com.java.SeleniumDriver] [ 1606] - Error 2 = Our apologies?:We encountered an issue with your request.
[INFO ][2016-02-09 20:49:27,641][com.java.SeleniumDriver] [ 1617] - strError:
[DEBUG][2016-02-09 20:49:27,659][com.java.SeleniumDriver] [ 1248] - Case found
[DEBUG][2016-02-09 20:49:27,659][com.java.SeleniumDriver] [ 1253] - Incrementing ReportCounters[0]:2
[INFO ][2016-02-09 20:49:27,659][com.java.SeleniumDriver] [ 1272] - The results are-------------------[8, 37, Right Hand Menu: BS Alerts-BS Alerts data correctness, Fail, 
Test case failed at Step No. :: 37. Screen Shot : D:\BankersDashboard\TestReports\020916\8_020916_204927_IE10.png, Tue Feb 09 20:49:27 IST 2016]
[INFO ][2016-02-09 20:49:27,659][com.java.SeleniumDriver] [ 1276] - End time is-------2 min 58 sec
[INFO ][2016-02-09 20:49:27,659][com.java.SeleniumDriver] [ 1277] - The results are-------------------[8, 37, Right Hand Menu: BS Alerts-BS Alerts data correctness, Fail, 
Test case failed at Step No. :: 37. Screen Shot : D:\BankersDashboard\TestReports\020916\8_020916_204927_IE10.png, Tue Feb 09 20:49:27 IST 2016]
[DEBUG][2016-02-09 20:49:27,659][com.java.ImportnExport.ExportTestResultsExcel] [  222] - testResultPath = D:\BankersDashboard/TestReports/Test Results_BankersDashBoard_020916_204631_IE10_First Bank.xls
[DEBUG][2016-02-09 20:49:27,659][com.java.ImportnExport.ExportTestResultsExcel] [  223] - browser is------------IE10
[DEBUG][2016-02-09 20:49:27,662][com.java.ImportnExport.ExportTestResultsExcel] [  270] - result.size() = 6
[DEBUG][2016-02-09 20:49:27,662][com.java.ImportnExport.ExportTestResultsExcel] [  274] - No of rows in sheet=2
[DEBUG][2016-02-09 20:49:27,662][com.java.ImportnExport.ExportTestResultsExcel] [  301] - ..in export..8
[DEBUG][2016-02-09 20:49:27,662][com.java.ImportnExport.ExportTestResultsExcel] [  301] - ..in export..Right Hand Menu: BS Alerts-BS Alerts data correctness
[DEBUG][2016-02-09 20:49:27,662][com.java.ImportnExport.ExportTestResultsExcel] [  301] - ..in export..Fail
[DEBUG][2016-02-09 20:49:27,662][com.java.ImportnExport.ExportTestResultsExcel] [  301] - ..in export..
Test case failed at Step No. :: 37. Screen Shot : D:\BankersDashboard\TestReports\020916\8_020916_204927_IE10.png
[DEBUG][2016-02-09 20:49:27,662][com.java.ImportnExport.ExportTestResultsExcel] [  301] - ..in export..Tue Feb 09 20:49:27 IST 2016
[INFO ][2016-02-09 20:49:27,664][com.java.SeleniumDriver] [ 1337] - out loop:1 size:2 TestCases:[1, 8] testcases:[1, 8]
[INFO ][2016-02-09 20:49:29,665][com.java.SeleniumDriver] [ 1380] - Total Number of Cases:2
[INFO ][2016-02-09 20:49:29,665][com.java.TemplateGenerator] [  302] - Executed:2
[INFO ][2016-02-09 20:49:29,665][com.java.TemplateGenerator] [  303] - Passed:1
[INFO ][2016-02-09 20:49:29,665][com.java.TemplateGenerator] [  304] - Failed:1
[INFO ][2016-02-09 20:49:29,665][com.java.TemplateGenerator] [  305] - Skipeed:0
[INFO ][2016-02-09 20:49:29,665][com.java.TemplateGenerator] [  306] - Application URL:https://clients-xuat.bankersdashboard.com
[INFO ][2016-02-09 20:49:29,665][com.java.TemplateGenerator] [  307] - Start Time:020916_204631
[INFO ][2016-02-09 20:49:29,665][com.java.TemplateGenerator] [  308] -  Creating HTML Report 
[ERROR][2016-02-09 20:49:29,666][com.java.TemplateGenerator] [  409] - Unparseable date: "Tue Feb 09 08:46:31 IST 2016"
[INFO ][2016-02-09 20:49:29,666][com.java.TemplateGenerator] [  654] -  Exporting case :: 1
[INFO ][2016-02-09 20:49:29,666][com.java.TemplateGenerator] [  654] -  Exporting case :: 8
[INFO ][2016-02-09 20:49:29,673][com.java.SeleniumDriver] [ 1429] - End Time:020916_204929
[INFO ][2016-02-09 20:49:29,673][com.java.SeleniumDriver] [ 1432] - Data in Test Execution Details:{1=PASS, 8=FAILTest case failed at Step No. :: 37}
[INFO ][2016-02-09 20:49:29,673][com.java.SeleniumDriver] [ 1433] - Data in Failed Execution Deatils:{}
[INFO ][2016-02-09 20:49:29,673][com.java.SeleniumDriver] [ 1435] - ReportCounter:Total:2 :: PASS: 1 ::FAIL: 1
[INFO ][2016-02-09 20:49:29,673][com.java.SeleniumDriver] [ 1436] - FailedReportCounter:Total:0 :: PASS: 0 ::FAIL: 0
[INFO ][2016-02-09 20:49:29,681][com.java.EmailTestReport] [   63] - Sending report mail details:
[INFO ][2016-02-09 20:49:29,681][com.java.EmailTestReport] [   80] - Excel Report Path:D:\BankersDashboard/TestReports/Test Results_BankersDashBoard_020916_204631_IE10_First Bank.xls
[INFO ][2016-02-09 20:49:29,681][com.java.EmailTestReport] [   81] - HTML Report Path:D:\BankersDashboard//TestReports//Test Results_BankersDashBoard_020916_204631_IE10_First Bank.html
[INFO ][2016-02-09 20:49:29,681][com.java.EmailTestReport] [   82] - smtpHostName:mail01.valuelabs.com
[INFO ][2016-02-09 20:49:29,681][com.java.EmailTestReport] [   83] - Recipient:venkateswararao.gubbala@valuelabs.com;
[INFO ][2016-02-09 20:49:29,681][com.java.EmailTestReport] [   84] - From:venkateswararao.gubbala@valuelabs.com;
[INFO ][2016-02-09 20:49:29,681][com.java.EmailTestReport] [   85] - Subject:Deluxe Corp Bankers Dashboard Automation Test Report - First Bank - IE10
[INFO ][2016-02-09 20:49:29,699][com.java.EmailTestReport] [  143] -  Added venkateswararao.gubbala@valuelabs.com
[INFO ][2016-02-09 20:49:32,856][com.java.SeleniumDriver] [  722] - quitting the browser 
[INFO ][2016-02-09 20:49:34,223][com.java.SeleniumDriver] [  264] - Execution Completed Stopping the thread
