[INFO ][2015-11-10 17:57:16,590][com.java.SeleniumDriver] [  213] - Execute Failed Casesfalse
[INFO ][2015-11-10 17:57:16,590][com.java.SeleniumDriver] [  214] - Browser: IE11
[INFO ][2015-11-10 17:57:16,590][com.java.SeleniumDriver] [  215] - [3]
[INFO ][2015-11-10 17:57:16,590][com.java.SeleniumDriver] [  216] - Total TestCases:1
[INFO ][2015-11-10 17:57:16,590][com.java.SeleniumDriver] [  217] -  Reading Properties from Property File 
[DEBUG][2015-11-10 17:57:16,590][com.java.SeleniumDriver] [  238] - url : https://clients-xuat.bankersdashboard.com
[INFO ][2015-11-10 17:57:16,590][com.java.ImportnExport.ExportTestResultsExcel] [  116] - Time Stamp Tue Nov 10 05:57:16 IST 2015
[INFO ][2015-11-10 17:57:16,590][com.java.ImportnExport.ExportTestResultsExcel] [  175] - OUT FILE : D:\BankersDashboard/TestReports/Test Results_BankersDashBoard_111015_175716_IE11_Any Bank USA.xls
[INFO ][2015-11-10 17:57:16,621][com.java.ImportnExport.ExportTestResultsExcel] [  180] - Test Result file is created
[DEBUG][2015-11-10 17:57:16,711][com.java.SeleniumDriver] [  425] - Hub ip address is-------172.17.68.34
[INFO ][2015-11-10 17:57:16,711][com.java.SeleniumDriver] [  451] - Grid URL:http://172.17.68.34:4444/wd/hub
[INFO ][2015-11-10 17:57:16,711][com.java.SeleniumDriver] [  452] - Capability:Capabilities [{platform=ANY, ensureCleanSession=true, ignoreProtectedModeSettings=true, acceptSslCerts=true, ignoreZoomSetting=true, browserName=internet explorer, browserstack.ie.noFlash=true, version=Node1}]
[ERROR][2015-11-10 17:57:18,001][com.java.SeleniumDriver] [  496] - Unable invoke browser in grid:Could not start a new session. Possible causes are invalid address of the remote server or browser start-up failure.
Build info: version: '2.48.2', revision: '41bccdd', time: '2015-10-09 19:59:12'
System info: host: 'FVTIII438F1D', ip: '172.17.68.34', os.name: 'Windows 7', os.arch: 'x86', os.version: '6.1', java.version: '1.7.0_55'
Driver info: driver.version: SeleniumDriver
[INFO ][2015-11-10 17:57:18,001][com.java.SeleniumDriver] [  498] - Executing on local machine
[INFO ][2015-11-10 17:57:27,561][com.java.SeleniumDriver] [  248] - IE11is opened
[INFO ][2015-11-10 17:57:28,451][com.java.SeleniumDriver] [  753] - Test cases to be executed are: [3]
[INFO ][2015-11-10 17:57:28,452][com.java.ImportnExport.ImportTestDataDetailsExcel] [   49] - test data details path===== D:\BankersDashboard\TestInputs\TestData.xls
[INFO ][2015-11-10 17:57:28,522][com.java.SeleniumDriver] [  796] - ------------------------------------------
[INFO ][2015-11-10 17:57:28,522][com.java.SeleniumDriver] [  797] - Test case being Executed: 3
[INFO ][2015-11-10 17:57:28,522][com.java.SeleniumDriver] [  808] - Test step:1
[INFO ][2015-11-10 17:57:28,522][com.java.SeleniumDriver] [  820] - Datavalue is----------Logout
[INFO ][2015-11-10 17:57:28,522][com.java.SeleniumDriver] [  844] - DataField : BTN
[INFO ][2015-11-10 17:57:28,522][com.java.SeleniumDriver] [  846] - DataValue : Logout
[INFO ][2015-11-10 17:57:28,522][com.java.SeleniumDriver] [  852] - <In Set values of the page>
[INFO ][2015-11-10 17:57:28,522][com.java.SeleniumDriver] [  855] - {Data Fields & Data Values Exist}
[INFO ][2015-11-10 17:57:28,522][com.java.SeleniumDriver] [  857] - --------------------------setting values-----------------------------
[INFO ][2015-11-10 17:57:28,532][com.java.SeleniumDriver] [  860] - Action Type : Verify
[INFO ][2015-11-10 17:57:28,542][com.java.TestType] [ 5247] - field= BTN value= Logout
[INFO ][2015-11-10 17:57:28,542][com.java.TestType] [ 4140] - value = Logout
[ERROR][2015-11-10 17:57:45,832][com.java.TestType] [ 5771] - Assertion Error: 
[INFO ][2015-11-10 17:57:45,832][com.java.SeleniumDriver] [  869] -  RESULT false
[INFO ][2015-11-10 17:57:45,832][com.java.SeleniumDriver] [  916] - ?   F A I L   ?
[INFO ][2015-11-10 17:57:45,832][com.java.SeleniumDriver] [  924] - Browser Type : IE11
[INFO ][2015-11-10 17:57:45,832][com.java.SeleniumDriver] [  925] - Adding Failed case3
[DEBUG][2015-11-10 17:57:45,923][com.java.SeleniumDriver] [  992] -  tdd.getCondition() IF:3:Next
[INFO ][2015-11-10 17:57:45,923][com.java.SeleniumDriver] [  996] - Continue next step...
[INFO ][2015-11-10 17:57:45,923][com.java.SeleniumDriver] [  796] - ------------------------------------------
[INFO ][2015-11-10 17:57:45,923][com.java.SeleniumDriver] [  797] - Test case being Executed: 3
[INFO ][2015-11-10 17:57:45,923][com.java.SeleniumDriver] [  808] - Test step:2
[INFO ][2015-11-10 17:57:45,923][com.java.SeleniumDriver] [  820] - Datavalue is----------Concept#1:1-14
[INFO ][2015-11-10 17:57:45,923][com.java.SeleniumDriver] [  844] - DataField : test
[INFO ][2015-11-10 17:57:45,923][com.java.SeleniumDriver] [  846] - DataValue : Concept#1:1-14
[INFO ][2015-11-10 17:57:45,923][com.java.SeleniumDriver] [  852] - <In Set values of the page>
[INFO ][2015-11-10 17:57:45,923][com.java.SeleniumDriver] [  855] - {Data Fields & Data Values Exist}
[INFO ][2015-11-10 17:57:45,923][com.java.SeleniumDriver] [  857] - --------------------------setting values-----------------------------
[INFO ][2015-11-10 17:57:45,923][com.java.SeleniumDriver] [  860] - Action Type : ExecuteTestCase
[INFO ][2015-11-10 17:57:45,923][com.java.TestType] [  423] - The Concept sheet name is ---------- Concept
[INFO ][2015-11-10 17:57:45,923][com.java.TestType] [  426] - The Concept ID  is ---------- 1
[DEBUG][2015-11-10 17:57:45,923][com.java.TestType] [  430] - Steps being executted in the Concept are: 1:14
[INFO ][2015-11-10 17:57:45,923][com.java.TestType] [  437] - Test data details path ---------- D:\BankersDashboard\TestInputs\TestData.xls
[INFO ][2015-11-10 17:57:45,953][com.java.TestType] [  468] -  str(1) = 1
[INFO ][2015-11-10 17:57:45,953][com.java.TestType] [  471] - Test case Id is---1
[INFO ][2015-11-10 17:57:45,953][com.java.TestType] [  473] - 1
[INFO ][2015-11-10 17:57:45,953][com.java.TestType] [  468] -  str(2) = 1
[INFO ][2015-11-10 17:57:45,953][com.java.TestType] [  520] - row values are--------{1=com.java.Objects.TestDataDetails@16358b8}
[INFO ][2015-11-10 17:57:45,953][com.java.TestType] [  468] -  str(1) = 1
[INFO ][2015-11-10 17:57:45,953][com.java.TestType] [  471] - Test case Id is---1
[INFO ][2015-11-10 17:57:45,953][com.java.TestType] [  473] - 1
[INFO ][2015-11-10 17:57:45,953][com.java.TestType] [  468] -  str(2) = 2
[INFO ][2015-11-10 17:57:45,953][com.java.TestType] [  520] - row values are--------{1=com.java.Objects.TestDataDetails@16358b8, 2=com.java.Objects.TestDataDetails@19c5407}
[INFO ][2015-11-10 17:57:45,953][com.java.TestType] [  468] -  str(1) = 1
[INFO ][2015-11-10 17:57:45,953][com.java.TestType] [  471] - Test case Id is---1
[INFO ][2015-11-10 17:57:45,953][com.java.TestType] [  473] - 1
[INFO ][2015-11-10 17:57:45,953][com.java.TestType] [  468] -  str(2) = 3
[INFO ][2015-11-10 17:57:45,963][com.java.TestType] [  520] - row values are--------{1=com.java.Objects.TestDataDetails@16358b8, 2=com.java.Objects.TestDataDetails@19c5407, 3=com.java.Objects.TestDataDetails@15d176}
[INFO ][2015-11-10 17:57:45,963][com.java.TestType] [  468] -  str(1) = 1
[INFO ][2015-11-10 17:57:45,963][com.java.TestType] [  471] - Test case Id is---1
[INFO ][2015-11-10 17:57:45,963][com.java.TestType] [  473] - 1
[INFO ][2015-11-10 17:57:45,963][com.java.TestType] [  468] -  str(2) = 4
[INFO ][2015-11-10 17:57:45,963][com.java.TestType] [  520] - row values are--------{1=com.java.Objects.TestDataDetails@16358b8, 2=com.java.Objects.TestDataDetails@19c5407, 3=com.java.Objects.TestDataDetails@15d176, 4=com.java.Objects.TestDataDetails@186a6d2}
[INFO ][2015-11-10 17:57:45,963][com.java.TestType] [  468] -  str(1) = 1
[INFO ][2015-11-10 17:57:45,963][com.java.TestType] [  471] - Test case Id is---1
[INFO ][2015-11-10 17:57:45,963][com.java.TestType] [  473] - 1
[INFO ][2015-11-10 17:57:45,963][com.java.TestType] [  468] -  str(2) = 5
[INFO ][2015-11-10 17:57:45,963][com.java.TestType] [  520] - row values are--------{1=com.java.Objects.TestDataDetails@16358b8, 2=com.java.Objects.TestDataDetails@19c5407, 3=com.java.Objects.TestDataDetails@15d176, 4=com.java.Objects.TestDataDetails@186a6d2, 5=com.java.Objects.TestDataDetails@1e57a5a}
[INFO ][2015-11-10 17:57:45,963][com.java.TestType] [  468] -  str(1) = 1
[INFO ][2015-11-10 17:57:45,963][com.java.TestType] [  471] - Test case Id is---1
[INFO ][2015-11-10 17:57:45,963][com.java.TestType] [  473] - 1
[INFO ][2015-11-10 17:57:45,963][com.java.TestType] [  468] -  str(2) = 6
[INFO ][2015-11-10 17:57:45,963][com.java.TestType] [  520] - row values are--------{1=com.java.Objects.TestDataDetails@16358b8, 2=com.java.Objects.TestDataDetails@19c5407, 3=com.java.Objects.TestDataDetails@15d176, 4=com.java.Objects.TestDataDetails@186a6d2, 5=com.java.Objects.TestDataDetails@1e57a5a, 6=com.java.Objects.TestDataDetails@53fd6a}
[INFO ][2015-11-10 17:57:45,963][com.java.TestType] [  468] -  str(1) = 1
[INFO ][2015-11-10 17:57:45,963][com.java.TestType] [  471] - Test case Id is---1
[INFO ][2015-11-10 17:57:45,963][com.java.TestType] [  473] - 1
[INFO ][2015-11-10 17:57:45,963][com.java.TestType] [  468] -  str(2) = 7
[INFO ][2015-11-10 17:57:45,963][com.java.TestType] [  520] - row values are--------{1=com.java.Objects.TestDataDetails@16358b8, 2=com.java.Objects.TestDataDetails@19c5407, 3=com.java.Objects.TestDataDetails@15d176, 4=com.java.Objects.TestDataDetails@186a6d2, 5=com.java.Objects.TestDataDetails@1e57a5a, 6=com.java.Objects.TestDataDetails@53fd6a, 7=com.java.Objects.TestDataDetails@16de23f}
[INFO ][2015-11-10 17:57:45,963][com.java.TestType] [  468] -  str(1) = 1
[INFO ][2015-11-10 17:57:45,963][com.java.TestType] [  471] - Test case Id is---1
[INFO ][2015-11-10 17:57:45,963][com.java.TestType] [  473] - 1
[INFO ][2015-11-10 17:57:45,963][com.java.TestType] [  468] -  str(2) = 8
[INFO ][2015-11-10 17:57:45,963][com.java.TestType] [  520] - row values are--------{1=com.java.Objects.TestDataDetails@16358b8, 2=com.java.Objects.TestDataDetails@19c5407, 3=com.java.Objects.TestDataDetails@15d176, 4=com.java.Objects.TestDataDetails@186a6d2, 5=com.java.Objects.TestDataDetails@1e57a5a, 6=com.java.Objects.TestDataDetails@53fd6a, 7=com.java.Objects.TestDataDetails@16de23f, 8=com.java.Objects.TestDataDetails@1b2ba93}
[INFO ][2015-11-10 17:57:45,963][com.java.TestType] [  468] -  str(1) = 1
[INFO ][2015-11-10 17:57:45,963][com.java.TestType] [  471] - Test case Id is---1
[INFO ][2015-11-10 17:57:45,963][com.java.TestType] [  473] - 1
[INFO ][2015-11-10 17:57:45,963][com.java.TestType] [  468] -  str(2) = 9
[INFO ][2015-11-10 17:57:45,963][com.java.TestType] [  520] - row values are--------{1=com.java.Objects.TestDataDetails@16358b8, 2=com.java.Objects.TestDataDetails@19c5407, 3=com.java.Objects.TestDataDetails@15d176, 4=com.java.Objects.TestDataDetails@186a6d2, 5=com.java.Objects.TestDataDetails@1e57a5a, 6=com.java.Objects.TestDataDetails@53fd6a, 7=com.java.Objects.TestDataDetails@16de23f, 8=com.java.Objects.TestDataDetails@1b2ba93, 9=com.java.Objects.TestDataDetails@778aab}
[INFO ][2015-11-10 17:57:45,963][com.java.TestType] [  468] -  str(1) = 1
[INFO ][2015-11-10 17:57:45,963][com.java.TestType] [  471] - Test case Id is---1
[INFO ][2015-11-10 17:57:45,963][com.java.TestType] [  473] - 1
[INFO ][2015-11-10 17:57:45,963][com.java.TestType] [  468] -  str(2) = 10
[INFO ][2015-11-10 17:57:45,963][com.java.TestType] [  520] - row values are--------{1=com.java.Objects.TestDataDetails@16358b8, 2=com.java.Objects.TestDataDetails@19c5407, 3=com.java.Objects.TestDataDetails@15d176, 4=com.java.Objects.TestDataDetails@186a6d2, 5=com.java.Objects.TestDataDetails@1e57a5a, 6=com.java.Objects.TestDataDetails@53fd6a, 7=com.java.Objects.TestDataDetails@16de23f, 8=com.java.Objects.TestDataDetails@1b2ba93, 9=com.java.Objects.TestDataDetails@778aab, 10=com.java.Objects.TestDataDetails@14784c4}
[INFO ][2015-11-10 17:57:45,963][com.java.TestType] [  468] -  str(1) = 1
[INFO ][2015-11-10 17:57:45,963][com.java.TestType] [  471] - Test case Id is---1
[INFO ][2015-11-10 17:57:45,963][com.java.TestType] [  473] - 1
[INFO ][2015-11-10 17:57:45,963][com.java.TestType] [  468] -  str(2) = 11
[INFO ][2015-11-10 17:57:45,963][com.java.TestType] [  520] - row values are--------{1=com.java.Objects.TestDataDetails@16358b8, 2=com.java.Objects.TestDataDetails@19c5407, 3=com.java.Objects.TestDataDetails@15d176, 4=com.java.Objects.TestDataDetails@186a6d2, 5=com.java.Objects.TestDataDetails@1e57a5a, 6=com.java.Objects.TestDataDetails@53fd6a, 7=com.java.Objects.TestDataDetails@16de23f, 8=com.java.Objects.TestDataDetails@1b2ba93, 9=com.java.Objects.TestDataDetails@778aab, 10=com.java.Objects.TestDataDetails@14784c4, 11=com.java.Objects.TestDataDetails@c4728f}
[INFO ][2015-11-10 17:57:45,963][com.java.TestType] [  468] -  str(1) = 1
[INFO ][2015-11-10 17:57:45,963][com.java.TestType] [  471] - Test case Id is---1
[INFO ][2015-11-10 17:57:45,963][com.java.TestType] [  473] - 1
[INFO ][2015-11-10 17:57:45,963][com.java.TestType] [  468] -  str(2) = 12
[INFO ][2015-11-10 17:57:45,973][com.java.TestType] [  520] - row values are--------{1=com.java.Objects.TestDataDetails@16358b8, 2=com.java.Objects.TestDataDetails@19c5407, 3=com.java.Objects.TestDataDetails@15d176, 4=com.java.Objects.TestDataDetails@186a6d2, 5=com.java.Objects.TestDataDetails@1e57a5a, 6=com.java.Objects.TestDataDetails@53fd6a, 7=com.java.Objects.TestDataDetails@16de23f, 8=com.java.Objects.TestDataDetails@1b2ba93, 9=com.java.Objects.TestDataDetails@778aab, 10=com.java.Objects.TestDataDetails@14784c4, 11=com.java.Objects.TestDataDetails@c4728f, 12=com.java.Objects.TestDataDetails@adc928}
[INFO ][2015-11-10 17:57:45,973][com.java.TestType] [  468] -  str(1) = 1
[INFO ][2015-11-10 17:57:45,973][com.java.TestType] [  471] - Test case Id is---1
[INFO ][2015-11-10 17:57:45,973][com.java.TestType] [  473] - 1
[INFO ][2015-11-10 17:57:45,973][com.java.TestType] [  468] -  str(2) = 13
[INFO ][2015-11-10 17:57:45,973][com.java.TestType] [  520] - row values are--------{1=com.java.Objects.TestDataDetails@16358b8, 2=com.java.Objects.TestDataDetails@19c5407, 3=com.java.Objects.TestDataDetails@15d176, 4=com.java.Objects.TestDataDetails@186a6d2, 5=com.java.Objects.TestDataDetails@1e57a5a, 6=com.java.Objects.TestDataDetails@53fd6a, 7=com.java.Objects.TestDataDetails@16de23f, 8=com.java.Objects.TestDataDetails@1b2ba93, 9=com.java.Objects.TestDataDetails@778aab, 10=com.java.Objects.TestDataDetails@14784c4, 11=com.java.Objects.TestDataDetails@c4728f, 12=com.java.Objects.TestDataDetails@adc928, 13=com.java.Objects.TestDataDetails@48c46b}
[INFO ][2015-11-10 17:57:45,973][com.java.TestType] [  468] -  str(1) = 1
[INFO ][2015-11-10 17:57:45,973][com.java.TestType] [  471] - Test case Id is---1
[INFO ][2015-11-10 17:57:45,973][com.java.TestType] [  473] - 1
[INFO ][2015-11-10 17:57:45,973][com.java.TestType] [  468] -  str(2) = 14
[INFO ][2015-11-10 17:57:45,973][com.java.TestType] [  520] - row values are--------{1=com.java.Objects.TestDataDetails@16358b8, 2=com.java.Objects.TestDataDetails@19c5407, 3=com.java.Objects.TestDataDetails@15d176, 4=com.java.Objects.TestDataDetails@186a6d2, 5=com.java.Objects.TestDataDetails@1e57a5a, 6=com.java.Objects.TestDataDetails@53fd6a, 7=com.java.Objects.TestDataDetails@16de23f, 8=com.java.Objects.TestDataDetails@1b2ba93, 9=com.java.Objects.TestDataDetails@778aab, 10=com.java.Objects.TestDataDetails@14784c4, 11=com.java.Objects.TestDataDetails@c4728f, 12=com.java.Objects.TestDataDetails@adc928, 13=com.java.Objects.TestDataDetails@48c46b, 14=com.java.Objects.TestDataDetails@11e9be0}
[INFO ][2015-11-10 17:57:45,973][com.java.TestType] [ 8348] - Looping 1TCID = 1
[DEBUG][2015-11-10 17:57:45,973][com.java.TestType] [ 8389] - Concept ID:1 :: Step being Executed: 1::1
[INFO ][2015-11-10 17:57:45,973][com.java.TestType] [ 8427] - dataFields : TXTusername
[DEBUG][2015-11-10 17:57:45,973][com.java.TestType] [ 8433] - <In Set values of the page>
[DEBUG][2015-11-10 17:57:45,973][com.java.TestType] [ 8438] - {Data Fields & Data Values Exist}
[INFO ][2015-11-10 17:57:45,973][com.java.TestType] [ 8444] - --------------------------setting values-----------------------------
[INFO ][2015-11-10 17:57:45,973][com.java.TestType] [ 8447] - Action Type : CLEARANDENTER
[INFO ][2015-11-10 17:57:45,973][com.java.TestType] [ 4140] - value = naresh.nayini.00000
[INFO ][2015-11-10 17:57:50,800][com.java.TestType] [ 8466] -  RESULT true
[INFO ][2015-11-10 17:57:50,800][com.java.TestType] [ 8583] - ?   P A S S   ?
[DEBUG][2015-11-10 17:57:50,800][com.java.TestType] [ 8389] - Concept ID:1 :: Step being Executed: 1::2
[INFO ][2015-11-10 17:57:50,800][com.java.TestType] [ 8427] - dataFields : TXTpassword
[DEBUG][2015-11-10 17:57:50,800][com.java.TestType] [ 8433] - <In Set values of the page>
[DEBUG][2015-11-10 17:57:50,800][com.java.TestType] [ 8438] - {Data Fields & Data Values Exist}
[INFO ][2015-11-10 17:57:50,800][com.java.TestType] [ 8444] - --------------------------setting values-----------------------------
[INFO ][2015-11-10 17:57:50,800][com.java.TestType] [ 8447] - Action Type : CLEARANDENTER
[INFO ][2015-11-10 17:57:50,800][com.java.TestType] [ 4140] - value = Password1*
[INFO ][2015-11-10 17:57:55,752][com.java.TestType] [ 8466] -  RESULT true
[INFO ][2015-11-10 17:57:55,752][com.java.TestType] [ 8583] - ?   P A S S   ?
[DEBUG][2015-11-10 17:57:55,752][com.java.TestType] [ 8389] - Concept ID:1 :: Step being Executed: 1::3
[ERROR][2015-11-10 17:57:55,752][com.java.TestType] [ 8422] - Exception: null
[INFO ][2015-11-10 17:57:55,752][com.java.TestType] [ 8427] - dataFields : XPH//button[@type='submit']
[DEBUG][2015-11-10 17:57:55,752][com.java.TestType] [ 8433] - <In Set values of the page>
[DEBUG][2015-11-10 17:57:55,752][com.java.TestType] [ 8438] - {Data Fields & Data Values Exist}
[INFO ][2015-11-10 17:57:55,752][com.java.TestType] [ 8444] - --------------------------setting values-----------------------------
[INFO ][2015-11-10 17:57:55,752][com.java.TestType] [ 8447] - Action Type : Click
[INFO ][2015-11-10 17:57:55,752][com.java.TestType] [ 4453] - Field ::XPH//button[@type='submit']
[INFO ][2015-11-10 17:57:56,752][com.java.TestType] [ 4512] - BEFORE CLICK
[INFO ][2015-11-10 17:57:57,604][com.java.TestType] [ 4520] - Unable to click the object Login
[INFO ][2015-11-10 17:57:57,604][com.java.TestType] [ 8466] -  RESULT true
[INFO ][2015-11-10 17:57:57,604][com.java.TestType] [ 8583] - ?   P A S S   ?
[DEBUG][2015-11-10 17:57:57,604][com.java.TestType] [ 8389] - Concept ID:1 :: Step being Executed: 1::4
[INFO ][2015-11-10 17:57:57,604][com.java.TestType] [ 8427] - dataFields : LNKLogout
[DEBUG][2015-11-10 17:57:57,604][com.java.TestType] [ 8433] - <In Set values of the page>
[DEBUG][2015-11-10 17:57:57,604][com.java.TestType] [ 8438] - {Data Fields & Data Values Exist}
[INFO ][2015-11-10 17:57:57,604][com.java.TestType] [ 8444] - --------------------------setting values-----------------------------
[INFO ][2015-11-10 17:57:57,604][com.java.TestType] [ 8447] - Action Type : WaitForElement
[INFO ][2015-11-10 17:58:08,255][com.java.TestType] [ 8466] -  RESULT true
[INFO ][2015-11-10 17:58:08,255][com.java.TestType] [ 8583] - ?   P A S S   ?
[DEBUG][2015-11-10 17:58:08,255][com.java.TestType] [ 8389] - Concept ID:1 :: Step being Executed: 1::13
[INFO ][2015-11-10 17:58:08,255][com.java.TestType] [ 8427] - dataFields : LNK
[DEBUG][2015-11-10 17:58:08,255][com.java.TestType] [ 8433] - <In Set values of the page>
[DEBUG][2015-11-10 17:58:08,255][com.java.TestType] [ 8438] - {Data Fields & Data Values Exist}
[INFO ][2015-11-10 17:58:08,255][com.java.TestType] [ 8444] - --------------------------setting values-----------------------------
[INFO ][2015-11-10 17:58:08,255][com.java.TestType] [ 8447] - Action Type : Verify
[INFO ][2015-11-10 17:58:08,255][com.java.TestType] [ 5247] - field= LNK value= Logout
[INFO ][2015-11-10 17:58:08,255][com.java.TestType] [ 4140] - value = Logout
[INFO ][2015-11-10 17:58:08,286][com.java.TestType] [ 8466] -  RESULT true
[INFO ][2015-11-10 17:58:08,286][com.java.TestType] [ 8583] - ?   P A S S   ?
[DEBUG][2015-11-10 17:58:08,286][com.java.TestType] [ 8389] - Concept ID:1 :: Step being Executed: 1::14
[INFO ][2015-11-10 17:58:08,286][com.java.TestType] [ 8427] - dataFields : BTN
[DEBUG][2015-11-10 17:58:08,286][com.java.TestType] [ 8433] - <In Set values of the page>
[DEBUG][2015-11-10 17:58:08,286][com.java.TestType] [ 8438] - {Data Fields & Data Values Exist}
[INFO ][2015-11-10 17:58:08,286][com.java.TestType] [ 8444] - --------------------------setting values-----------------------------
[INFO ][2015-11-10 17:58:08,286][com.java.TestType] [ 8447] - Action Type : Verify
[INFO ][2015-11-10 17:58:08,286][com.java.TestType] [ 5247] - field= BTN value= //img[contains(@src,'bdlogo.jpg')]
[INFO ][2015-11-10 17:58:08,286][com.java.TestType] [ 4140] - value = //img[contains(@src,'bdlogo.jpg')]
[INFO ][2015-11-10 17:58:08,316][com.java.TestType] [ 8466] -  RESULT true
[INFO ][2015-11-10 17:58:08,316][com.java.TestType] [ 8583] - ?   P A S S   ?
[INFO ][2015-11-10 17:58:08,316][com.java.TestType] [ 8654] - Looping End......
[INFO ][2015-11-10 17:58:08,316][com.java.SeleniumDriver] [  869] -  RESULT true
[INFO ][2015-11-10 17:58:08,316][com.java.SeleniumDriver] [ 1074] - ?   P A S S   ?
[INFO ][2015-11-10 17:58:08,316][com.java.SeleniumDriver] [  796] - ------------------------------------------
[INFO ][2015-11-10 17:58:08,316][com.java.SeleniumDriver] [  797] - Test case being Executed: 3
[INFO ][2015-11-10 17:58:08,316][com.java.SeleniumDriver] [  808] - Test step:3
[INFO ][2015-11-10 17:58:08,316][com.java.SeleniumDriver] [  820] - Datavalue is----------Concept#2:1-2
[INFO ][2015-11-10 17:58:08,316][com.java.SeleniumDriver] [  844] - DataField : test
[INFO ][2015-11-10 17:58:08,316][com.java.SeleniumDriver] [  846] - DataValue : Concept#2:1-2
[INFO ][2015-11-10 17:58:08,316][com.java.SeleniumDriver] [  852] - <In Set values of the page>
[INFO ][2015-11-10 17:58:08,316][com.java.SeleniumDriver] [  855] - {Data Fields & Data Values Exist}
[INFO ][2015-11-10 17:58:08,316][com.java.SeleniumDriver] [  857] - --------------------------setting values-----------------------------
[INFO ][2015-11-10 17:58:08,316][com.java.SeleniumDriver] [  860] - Action Type : ExecuteTestCase
[INFO ][2015-11-10 17:58:08,316][com.java.TestType] [  423] - The Concept sheet name is ---------- Concept
[INFO ][2015-11-10 17:58:08,316][com.java.TestType] [  426] - The Concept ID  is ---------- 2
[DEBUG][2015-11-10 17:58:08,316][com.java.TestType] [  430] - Steps being executted in the Concept are: 1:2
[INFO ][2015-11-10 17:58:08,316][com.java.TestType] [  437] - Test data details path ---------- D:\BankersDashboard\TestInputs\TestData.xls
[INFO ][2015-11-10 17:58:08,346][com.java.TestType] [  468] -  str(1) = 2
[INFO ][2015-11-10 17:58:08,346][com.java.TestType] [  471] - Test case Id is---2
[INFO ][2015-11-10 17:58:08,346][com.java.TestType] [  473] - 2
[INFO ][2015-11-10 17:58:08,346][com.java.TestType] [  468] -  str(2) = 1
[INFO ][2015-11-10 17:58:08,346][com.java.TestType] [  520] - row values are--------{1=com.java.Objects.TestDataDetails@ab8b3b}
[INFO ][2015-11-10 17:58:08,346][com.java.TestType] [  468] -  str(1) = 2
[INFO ][2015-11-10 17:58:08,346][com.java.TestType] [  471] - Test case Id is---2
[INFO ][2015-11-10 17:58:08,346][com.java.TestType] [  473] - 2
[INFO ][2015-11-10 17:58:08,346][com.java.TestType] [  468] -  str(2) = 2
[INFO ][2015-11-10 17:58:08,346][com.java.TestType] [  520] - row values are--------{1=com.java.Objects.TestDataDetails@ab8b3b, 2=com.java.Objects.TestDataDetails@10037f7}
[INFO ][2015-11-10 17:58:08,346][com.java.TestType] [  468] -  str(1) = 2
[INFO ][2015-11-10 17:58:08,346][com.java.TestType] [  471] - Test case Id is---2
[INFO ][2015-11-10 17:58:08,346][com.java.TestType] [  473] - 2
[INFO ][2015-11-10 17:58:08,346][com.java.TestType] [  468] -  str(2) = 3
[INFO ][2015-11-10 17:58:08,346][com.java.TestType] [  520] - row values are--------{1=com.java.Objects.TestDataDetails@ab8b3b, 2=com.java.Objects.TestDataDetails@10037f7, 3=com.java.Objects.TestDataDetails@1d628ee}
[INFO ][2015-11-10 17:58:08,346][com.java.TestType] [ 8348] - Looping 1TCID = 2
[DEBUG][2015-11-10 17:58:08,346][com.java.TestType] [ 8389] - Concept ID:2 :: Step being Executed: 2::1
[INFO ][2015-11-10 17:58:08,346][com.java.TestType] [ 8427] - dataFields : BNK//select[@id='bank']
[DEBUG][2015-11-10 17:58:08,346][com.java.TestType] [ 8433] - <In Set values of the page>
[DEBUG][2015-11-10 17:58:08,346][com.java.TestType] [ 8438] - {Data Fields & Data Values Exist}
[INFO ][2015-11-10 17:58:08,346][com.java.TestType] [ 8444] - --------------------------setting values-----------------------------
[INFO ][2015-11-10 17:58:08,346][com.java.TestType] [ 8447] - Action Type : Select
[INFO ][2015-11-10 17:58:08,346][com.java.TestType] [ 4140] - value = PFC
[INFO ][2015-11-10 17:58:08,536][com.java.TestType] [ 8466] -  RESULT true
[INFO ][2015-11-10 17:58:08,536][com.java.TestType] [ 8583] - ?   P A S S   ?
[DEBUG][2015-11-10 17:58:08,536][com.java.TestType] [ 8389] - Concept ID:2 :: Step being Executed: 2::2
[INFO ][2015-11-10 17:58:08,536][com.java.TestType] [ 8427] - dataFields : LNKLogout
[DEBUG][2015-11-10 17:58:08,536][com.java.TestType] [ 8433] - <In Set values of the page>
[DEBUG][2015-11-10 17:58:08,536][com.java.TestType] [ 8438] - {Data Fields & Data Values Exist}
[INFO ][2015-11-10 17:58:08,536][com.java.TestType] [ 8444] - --------------------------setting values-----------------------------
[INFO ][2015-11-10 17:58:08,536][com.java.TestType] [ 8447] - Action Type : WaitTime
[DEBUG][2015-11-10 17:58:08,536][com.java.TestType] [ 3975] - sleepTime: 5000
[INFO ][2015-11-10 17:58:13,541][com.java.TestType] [ 8466] -  RESULT true
[INFO ][2015-11-10 17:58:13,541][com.java.TestType] [ 8583] - ?   P A S S   ?
[INFO ][2015-11-10 17:58:13,541][com.java.TestType] [ 8654] - Looping End......
[INFO ][2015-11-10 17:58:13,541][com.java.SeleniumDriver] [  869] -  RESULT true
[INFO ][2015-11-10 17:58:13,541][com.java.SeleniumDriver] [ 1074] - ?   P A S S   ?
[INFO ][2015-11-10 17:58:13,541][com.java.SeleniumDriver] [  796] - ------------------------------------------
[INFO ][2015-11-10 17:58:13,541][com.java.SeleniumDriver] [  797] - Test case being Executed: 3
[INFO ][2015-11-10 17:58:13,541][com.java.SeleniumDriver] [  808] - Test step:4
[INFO ][2015-11-10 17:58:13,541][com.java.SeleniumDriver] [  820] - Datavalue is----------2
[INFO ][2015-11-10 17:58:13,541][com.java.SeleniumDriver] [  844] - DataField : BTNG/L
[INFO ][2015-11-10 17:58:13,541][com.java.SeleniumDriver] [  846] - DataValue : 2
[INFO ][2015-11-10 17:58:13,541][com.java.SeleniumDriver] [  852] - <In Set values of the page>
[INFO ][2015-11-10 17:58:13,541][com.java.SeleniumDriver] [  855] - {Data Fields & Data Values Exist}
[INFO ][2015-11-10 17:58:13,541][com.java.SeleniumDriver] [  857] - --------------------------setting values-----------------------------
[INFO ][2015-11-10 17:58:13,541][com.java.SeleniumDriver] [  860] - Action Type : WAITFORELEMENT
[INFO ][2015-11-10 17:58:13,592][com.java.SeleniumDriver] [  869] -  RESULT true
[INFO ][2015-11-10 17:58:13,592][com.java.SeleniumDriver] [ 1074] - ?   P A S S   ?
[INFO ][2015-11-10 17:58:13,592][com.java.SeleniumDriver] [  796] - ------------------------------------------
[INFO ][2015-11-10 17:58:13,592][com.java.SeleniumDriver] [  797] - Test case being Executed: 3
[INFO ][2015-11-10 17:58:13,592][com.java.SeleniumDriver] [  808] - Test step:5
[INFO ][2015-11-10 17:58:13,592][com.java.SeleniumDriver] [  820] - Datavalue is----------null
[DEBUG][2015-11-10 17:58:13,592][com.java.SeleniumDriver] [  838] - Exception: null
[INFO ][2015-11-10 17:58:13,592][com.java.SeleniumDriver] [  844] - DataField : //span[@class="icon-coin"]&&//a[text()='Summaries']&&//a[@data-id="ExecutiveSummary"]
[INFO ][2015-11-10 17:58:13,592][com.java.SeleniumDriver] [  846] - DataValue : 
[INFO ][2015-11-10 17:58:13,592][com.java.SeleniumDriver] [  852] - <In Set values of the page>
[INFO ][2015-11-10 17:58:13,592][com.java.SeleniumDriver] [  855] - {Data Fields & Data Values Exist}
[INFO ][2015-11-10 17:58:13,592][com.java.SeleniumDriver] [  857] - --------------------------setting values-----------------------------
[INFO ][2015-11-10 17:58:13,592][com.java.SeleniumDriver] [  860] - Action Type : MOUSEOVER
[INFO ][2015-11-10 17:58:45,320][com.java.SeleniumDriver] [  869] -  RESULT true
[INFO ][2015-11-10 17:58:45,320][com.java.SeleniumDriver] [ 1074] - ?   P A S S   ?
[INFO ][2015-11-10 17:58:45,320][com.java.SeleniumDriver] [  796] - ------------------------------------------
[INFO ][2015-11-10 17:58:45,320][com.java.SeleniumDriver] [  797] - Test case being Executed: 3
[INFO ][2015-11-10 17:58:45,320][com.java.SeleniumDriver] [  808] - Test step:6
[INFO ][2015-11-10 17:58:45,320][com.java.SeleniumDriver] [  820] - Datavalue is----------5
[INFO ][2015-11-10 17:58:45,320][com.java.SeleniumDriver] [  844] - DataField : XPH//span[contains(text(),'Show Report')]
[INFO ][2015-11-10 17:58:45,320][com.java.SeleniumDriver] [  846] - DataValue : 5
[INFO ][2015-11-10 17:58:45,320][com.java.SeleniumDriver] [  852] - <In Set values of the page>
[INFO ][2015-11-10 17:58:45,320][com.java.SeleniumDriver] [  855] - {Data Fields & Data Values Exist}
[INFO ][2015-11-10 17:58:45,320][com.java.SeleniumDriver] [  857] - --------------------------setting values-----------------------------
[INFO ][2015-11-10 17:58:45,320][com.java.SeleniumDriver] [  860] - Action Type : WAITFORELEMENT
[INFO ][2015-11-10 17:58:45,351][com.java.SeleniumDriver] [  869] -  RESULT true
[INFO ][2015-11-10 17:58:45,351][com.java.SeleniumDriver] [ 1074] - ?   P A S S   ?
[INFO ][2015-11-10 17:58:45,351][com.java.SeleniumDriver] [  796] - ------------------------------------------
[INFO ][2015-11-10 17:58:45,351][com.java.SeleniumDriver] [  797] - Test case being Executed: 3
[INFO ][2015-11-10 17:58:45,351][com.java.SeleniumDriver] [  808] - Test step:7
[INFO ][2015-11-10 17:58:45,351][com.java.SeleniumDriver] [  820] - Datavalue is----------Executive Summary
[INFO ][2015-11-10 17:58:45,351][com.java.SeleniumDriver] [  844] - DataField : XPH//span[@class="ui-dialog-title" and text()='Executive Summary']
[INFO ][2015-11-10 17:58:45,351][com.java.SeleniumDriver] [  846] - DataValue : Executive Summary
[INFO ][2015-11-10 17:58:45,351][com.java.SeleniumDriver] [  852] - <In Set values of the page>
[INFO ][2015-11-10 17:58:45,351][com.java.SeleniumDriver] [  855] - {Data Fields & Data Values Exist}
[INFO ][2015-11-10 17:58:45,351][com.java.SeleniumDriver] [  857] - --------------------------setting values-----------------------------
[INFO ][2015-11-10 17:58:45,351][com.java.SeleniumDriver] [  860] - Action Type : VERIFY
[INFO ][2015-11-10 17:58:45,351][com.java.TestType] [ 5247] - field= XPH//span[@class="ui-dialog-title" and text()='Executive Summary'] value= Executive Summary
[INFO ][2015-11-10 17:58:45,351][com.java.TestType] [ 4140] - value = Executive Summary
[ERROR][2015-11-10 17:58:45,491][com.java.TestType] [ 5550] - Element  not found :Executive Summary
[INFO ][2015-11-10 17:58:45,491][com.java.SeleniumDriver] [  869] -  RESULT false
[INFO ][2015-11-10 17:58:45,491][com.java.SeleniumDriver] [  916] - ?   F A I L   ?
[INFO ][2015-11-10 17:58:45,491][com.java.SeleniumDriver] [  924] - Browser Type : IE11
[INFO ][2015-11-10 17:58:45,491][com.java.SeleniumDriver] [  925] - Adding Failed case3
[INFO ][2015-11-10 17:58:45,711][com.java.SeleniumDriver] [ 1038] - failedCases = 3
[ERROR][2015-11-10 17:58:45,711][com.java.SeleniumDriver] [ 1525] - Platform Errors : Our apologies...::We have encountered an issue with your request.::Our apologies?:We encountered an issue with your request.
[INFO ][2015-11-10 17:58:45,711][com.java.SeleniumDriver] [ 1529] - Length =3
[ERROR][2015-11-10 17:58:45,711][com.java.SeleniumDriver] [ 1532] - Error 0 = Our apologies...
[ERROR][2015-11-10 17:58:45,761][com.java.SeleniumDriver] [ 1532] - Error 1 = We have encountered an issue with your request.
[ERROR][2015-11-10 17:58:45,801][com.java.SeleniumDriver] [ 1532] - Error 2 = Our apologies?:We encountered an issue with your request.
[DEBUG][2015-11-10 17:58:45,841][com.java.SeleniumDriver] [ 1176] - Case found
[DEBUG][2015-11-10 17:58:45,841][com.java.SeleniumDriver] [ 1181] - Incrementing ReportCounters[0]:1
[INFO ][2015-11-10 17:58:45,841][com.java.SeleniumDriver] [ 1200] - The results are-------------------[3, 7, GL: Summary: Executive Summary, Fail, 
Test case failed at Step No. :: 7   Error Message ::  Element not found:Executive Summary. Screen Shot : D:\BankersDashboard\TestReports\111015\3_111015_175845_IE11.png, Tue Nov 10 17:58:45 IST 2015]
[INFO ][2015-11-10 17:58:45,841][com.java.SeleniumDriver] [ 1204] - End time is-------1 min 31 sec
[INFO ][2015-11-10 17:58:45,841][com.java.SeleniumDriver] [ 1205] - The results are-------------------[3, 7, GL: Summary: Executive Summary, Fail, 
Test case failed at Step No. :: 7   Error Message ::  Element not found:Executive Summary. Screen Shot : D:\BankersDashboard\TestReports\111015\3_111015_175845_IE11.png, Tue Nov 10 17:58:45 IST 2015]
[DEBUG][2015-11-10 17:58:45,841][com.java.ImportnExport.ExportTestResultsExcel] [  222] - testResultPath = D:\BankersDashboard/TestReports/Test Results_BankersDashBoard_111015_175716_IE11_Any Bank USA.xls
[DEBUG][2015-11-10 17:58:45,841][com.java.ImportnExport.ExportTestResultsExcel] [  223] - browser is------------IE11
[DEBUG][2015-11-10 17:58:45,881][com.java.ImportnExport.ExportTestResultsExcel] [  270] - result.size() = 6
[DEBUG][2015-11-10 17:58:45,881][com.java.ImportnExport.ExportTestResultsExcel] [  274] - No of rows in sheet=1
[DEBUG][2015-11-10 17:58:45,881][com.java.ImportnExport.ExportTestResultsExcel] [  301] - ..in export..3
[DEBUG][2015-11-10 17:58:45,881][com.java.ImportnExport.ExportTestResultsExcel] [  301] - ..in export..GL: Summary: Executive Summary
[DEBUG][2015-11-10 17:58:45,881][com.java.ImportnExport.ExportTestResultsExcel] [  301] - ..in export..Fail
[DEBUG][2015-11-10 17:58:45,881][com.java.ImportnExport.ExportTestResultsExcel] [  301] - ..in export..
Test case failed at Step No. :: 7   Error Message ::  Element not found:Executive Summary. Screen Shot : D:\BankersDashboard\TestReports\111015\3_111015_175845_IE11.png
[DEBUG][2015-11-10 17:58:45,881][com.java.ImportnExport.ExportTestResultsExcel] [  301] - ..in export..Tue Nov 10 17:58:45 IST 2015
[INFO ][2015-11-10 17:58:45,881][com.java.SeleniumDriver] [ 1263] - out loop:0 size:1 TestCases:[3] testcases:[3]
[INFO ][2015-11-10 17:58:47,881][com.java.SeleniumDriver] [ 1306] - Total Number of Cases:1
[INFO ][2015-11-10 17:58:47,881][com.java.TemplateGenerator] [  302] - Executed:1
[INFO ][2015-11-10 17:58:47,881][com.java.TemplateGenerator] [  303] - Passed:0
[INFO ][2015-11-10 17:58:47,881][com.java.TemplateGenerator] [  304] - Failed:1
[INFO ][2015-11-10 17:58:47,881][com.java.TemplateGenerator] [  305] - Skipeed:0
[INFO ][2015-11-10 17:58:47,881][com.java.TemplateGenerator] [  306] - Application URL:https://clients-xuat.bankersdashboard.com
[INFO ][2015-11-10 17:58:47,881][com.java.TemplateGenerator] [  307] - Start Time:111015_175716
[INFO ][2015-11-10 17:58:47,881][com.java.TemplateGenerator] [  308] -  Creating HTML Report 
[ERROR][2015-11-10 17:58:47,881][com.java.TemplateGenerator] [  409] - Unparseable date: "Tue Nov 10 05:57:16 IST 2015"
[INFO ][2015-11-10 17:58:47,881][com.java.TemplateGenerator] [  654] -  Exporting case :: 3
[INFO ][2015-11-10 17:58:47,881][com.java.SeleniumDriver] [ 1355] - End Time:111015_175847
[INFO ][2015-11-10 17:58:47,881][com.java.SeleniumDriver] [ 1358] - Data in Test Execution Details:{3=FAILTest case failed at Step No. :: 7   Error Message ::  Element not found:Executive Summary}
[INFO ][2015-11-10 17:58:47,881][com.java.SeleniumDriver] [ 1359] - Data in Failed Execution Deatils:{}
[INFO ][2015-11-10 17:58:47,881][com.java.SeleniumDriver] [ 1361] - ReportCounter:Total:1 :: PASS: 0 ::FAIL: 1
[INFO ][2015-11-10 17:58:47,881][com.java.SeleniumDriver] [ 1362] - FailedReportCounter:Total:0 :: PASS: 0 ::FAIL: 0
[INFO ][2015-11-10 17:58:47,882][com.java.EmailTestReport] [   63] - Sending report mail details:
[INFO ][2015-11-10 17:58:47,882][com.java.EmailTestReport] [   80] - Excel Report Path:D:\BankersDashboard/TestReports/Test Results_BankersDashBoard_111015_175716_IE11_Any Bank USA.xls
[INFO ][2015-11-10 17:58:47,882][com.java.EmailTestReport] [   81] - HTML Report Path:D:\BankersDashboard//TestReports//Test Results_BankersDashBoard_111015_175716_IE11_Any Bank USA.html
[INFO ][2015-11-10 17:58:47,882][com.java.EmailTestReport] [   82] - smtpHostName:mail01.valuelabs.com
[INFO ][2015-11-10 17:58:47,882][com.java.EmailTestReport] [   83] - Recipient:venkateswararao.gubbala@valuelabs.com
[INFO ][2015-11-10 17:58:47,882][com.java.EmailTestReport] [   84] - From:venkateswararao.gubbala@valuelabs.com
[INFO ][2015-11-10 17:58:47,882][com.java.EmailTestReport] [   85] - Subject:Deluxe Corp Bankers Dashboard Automation Test Report - Any Bank USA - IE11
[INFO ][2015-11-10 17:58:47,902][com.java.EmailTestReport] [  143] -  Added venkateswararao.gubbala@valuelabs.com
[INFO ][2015-11-10 17:58:52,033][com.java.SeleniumDriver] [  719] - quitting the browser 
[INFO ][2015-11-10 17:58:53,285][com.java.SeleniumDriver] [  263] - Execution Completed Stopping the thread
