[INFO ][2015-12-15 12:16:31,136][com.java.SeleniumDriver] [  213] - Execute Failed Casesfalse
[INFO ][2015-12-15 12:16:31,136][com.java.SeleniumDriver] [  214] - Browser: IE10
[INFO ][2015-12-15 12:16:31,136][com.java.SeleniumDriver] [  215] - [1, 7]
[INFO ][2015-12-15 12:16:31,136][com.java.SeleniumDriver] [  216] - Total TestCases:2
[INFO ][2015-12-15 12:16:31,136][com.java.SeleniumDriver] [  217] -  Reading Properties from Property File 
[DEBUG][2015-12-15 12:16:31,136][com.java.SeleniumDriver] [  238] - url : https://clients-xuat.bankersdashboard.com
[INFO ][2015-12-15 12:16:31,146][com.java.ImportnExport.ExportTestResultsExcel] [  116] - Time Stamp Tue Dec 15 12:16:31 IST 2015
[INFO ][2015-12-15 12:16:31,146][com.java.ImportnExport.ExportTestResultsExcel] [  175] - OUT FILE : D:\BankersDashboard/TestReports/Test Results_BankersDashBoard_121515_121631_IE10_CB&S Bank.xls
[INFO ][2015-12-15 12:16:31,197][com.java.ImportnExport.ExportTestResultsExcel] [  180] - Test Result file is created
[DEBUG][2015-12-15 12:16:31,387][com.java.SeleniumDriver] [  426] - Hub ip address is-------172.17.68.34
[INFO ][2015-12-15 12:16:31,387][com.java.SeleniumDriver] [  452] - Grid URL:http://172.17.68.34:4444/wd/hub
[INFO ][2015-12-15 12:16:31,387][com.java.SeleniumDriver] [  453] - Capability:Capabilities [{platform=ANY, ensureCleanSession=true, ignoreProtectedModeSettings=true, acceptSslCerts=true, ignoreZoomSetting=true, browserName=internet explorer, browserstack.ie.noFlash=true, version=null}]
[ERROR][2015-12-15 12:16:33,056][com.java.SeleniumDriver] [  497] - Unable invoke browser in grid:Could not start a new session. Possible causes are invalid address of the remote server or browser start-up failure.
Build info: version: '2.48.2', revision: '41bccdd', time: '2015-10-09 19:59:12'
System info: host: 'FVTIII438F1D', ip: '172.17.68.34', os.name: 'Windows 7', os.arch: 'x86', os.version: '6.1', java.version: '1.7.0_55'
Driver info: driver.version: SeleniumDriver
[INFO ][2015-12-15 12:16:33,056][com.java.SeleniumDriver] [  499] - Executing on local machine
[INFO ][2015-12-15 12:16:43,518][com.java.SeleniumDriver] [  248] - IE10is opened
[INFO ][2015-12-15 12:16:44,371][com.java.SeleniumDriver] [  754] - Test cases to be executed are: [1, 7]
[INFO ][2015-12-15 12:16:44,392][com.java.ImportnExport.ImportTestDataDetailsExcel] [   49] - test data details path===== D:\BankersDashboard\TestInputs\TestData.xls
[INFO ][2015-12-15 12:16:44,492][com.java.SeleniumDriver] [  821] - ------------------------------------------
[INFO ][2015-12-15 12:16:44,492][com.java.SeleniumDriver] [  822] - Test case being Executed: 1
[INFO ][2015-12-15 12:16:44,492][com.java.SeleniumDriver] [  833] - Test step:1
[INFO ][2015-12-15 12:16:44,492][com.java.SeleniumDriver] [  845] - Datavalue is----------Concept#1:1-16
[INFO ][2015-12-15 12:16:44,492][com.java.SeleniumDriver] [  869] - DataField : test
[INFO ][2015-12-15 12:16:44,492][com.java.SeleniumDriver] [  871] - DataValue : Concept#1:1-16
[INFO ][2015-12-15 12:16:44,492][com.java.SeleniumDriver] [  877] - <In Set values of the page>
[INFO ][2015-12-15 12:16:44,492][com.java.SeleniumDriver] [  880] - {Data Fields & Data Values Exist}
[INFO ][2015-12-15 12:16:44,492][com.java.SeleniumDriver] [  882] - --------------------------setting values-----------------------------
[INFO ][2015-12-15 12:16:44,492][com.java.SeleniumDriver] [  885] - Action Type : ExecuteTestCase
[INFO ][2015-12-15 12:16:44,582][com.java.TestType] [  437] - The Concept sheet name is ---------- Concept
[INFO ][2015-12-15 12:16:44,582][com.java.TestType] [  440] - The Concept ID  is ---------- 1
[DEBUG][2015-12-15 12:16:44,582][com.java.TestType] [  444] - Steps being executted in the Concept are: 1:16
[INFO ][2015-12-15 12:16:44,582][com.java.TestType] [  451] - Test data details path ---------- D:\BankersDashboard\TestInputs\TestData.xls
[INFO ][2015-12-15 12:16:44,612][com.java.TestType] [  482] -  str(1) = 1
[INFO ][2015-12-15 12:16:44,612][com.java.TestType] [  485] - Test case Id is---1
[INFO ][2015-12-15 12:16:44,612][com.java.TestType] [  487] - 1
[INFO ][2015-12-15 12:16:44,612][com.java.TestType] [  482] -  str(2) = 1
[INFO ][2015-12-15 12:16:44,622][com.java.TestType] [  534] - row values are--------{1=com.java.Objects.TestDataDetails@3dc5d6}
[INFO ][2015-12-15 12:16:44,622][com.java.TestType] [  482] -  str(1) = 1
[INFO ][2015-12-15 12:16:44,622][com.java.TestType] [  485] - Test case Id is---1
[INFO ][2015-12-15 12:16:44,622][com.java.TestType] [  487] - 1
[INFO ][2015-12-15 12:16:44,622][com.java.TestType] [  482] -  str(2) = 2
[INFO ][2015-12-15 12:16:44,622][com.java.TestType] [  534] - row values are--------{1=com.java.Objects.TestDataDetails@3dc5d6, 2=com.java.Objects.TestDataDetails@1065b63}
[INFO ][2015-12-15 12:16:44,622][com.java.TestType] [  482] -  str(1) = 1
[INFO ][2015-12-15 12:16:44,622][com.java.TestType] [  485] - Test case Id is---1
[INFO ][2015-12-15 12:16:44,622][com.java.TestType] [  487] - 1
[INFO ][2015-12-15 12:16:44,622][com.java.TestType] [  482] -  str(2) = 3
[INFO ][2015-12-15 12:16:44,622][com.java.TestType] [  534] - row values are--------{1=com.java.Objects.TestDataDetails@3dc5d6, 2=com.java.Objects.TestDataDetails@1065b63, 3=com.java.Objects.TestDataDetails@1891bde}
[INFO ][2015-12-15 12:16:44,622][com.java.TestType] [  482] -  str(1) = 1
[INFO ][2015-12-15 12:16:44,622][com.java.TestType] [  485] - Test case Id is---1
[INFO ][2015-12-15 12:16:44,622][com.java.TestType] [  487] - 1
[INFO ][2015-12-15 12:16:44,622][com.java.TestType] [  482] -  str(2) = 4
[INFO ][2015-12-15 12:16:44,622][com.java.TestType] [  534] - row values are--------{1=com.java.Objects.TestDataDetails@3dc5d6, 2=com.java.Objects.TestDataDetails@1065b63, 3=com.java.Objects.TestDataDetails@1891bde, 4=com.java.Objects.TestDataDetails@173a483}
[INFO ][2015-12-15 12:16:44,622][com.java.TestType] [  482] -  str(1) = 1
[INFO ][2015-12-15 12:16:44,622][com.java.TestType] [  485] - Test case Id is---1
[INFO ][2015-12-15 12:16:44,622][com.java.TestType] [  487] - 1
[INFO ][2015-12-15 12:16:44,622][com.java.TestType] [  482] -  str(2) = 5
[INFO ][2015-12-15 12:16:44,622][com.java.TestType] [  534] - row values are--------{1=com.java.Objects.TestDataDetails@3dc5d6, 2=com.java.Objects.TestDataDetails@1065b63, 3=com.java.Objects.TestDataDetails@1891bde, 4=com.java.Objects.TestDataDetails@173a483, 5=com.java.Objects.TestDataDetails@17fb05a}
[INFO ][2015-12-15 12:16:44,622][com.java.TestType] [  482] -  str(1) = 1
[INFO ][2015-12-15 12:16:44,622][com.java.TestType] [  485] - Test case Id is---1
[INFO ][2015-12-15 12:16:44,622][com.java.TestType] [  487] - 1
[INFO ][2015-12-15 12:16:44,622][com.java.TestType] [  482] -  str(2) = 6
[INFO ][2015-12-15 12:16:44,632][com.java.TestType] [  534] - row values are--------{1=com.java.Objects.TestDataDetails@3dc5d6, 2=com.java.Objects.TestDataDetails@1065b63, 3=com.java.Objects.TestDataDetails@1891bde, 4=com.java.Objects.TestDataDetails@173a483, 5=com.java.Objects.TestDataDetails@17fb05a, 6=com.java.Objects.TestDataDetails@1118892}
[INFO ][2015-12-15 12:16:44,632][com.java.TestType] [  482] -  str(1) = 1
[INFO ][2015-12-15 12:16:44,632][com.java.TestType] [  485] - Test case Id is---1
[INFO ][2015-12-15 12:16:44,632][com.java.TestType] [  487] - 1
[INFO ][2015-12-15 12:16:44,632][com.java.TestType] [  482] -  str(2) = 7
[INFO ][2015-12-15 12:16:44,632][com.java.TestType] [  534] - row values are--------{1=com.java.Objects.TestDataDetails@3dc5d6, 2=com.java.Objects.TestDataDetails@1065b63, 3=com.java.Objects.TestDataDetails@1891bde, 4=com.java.Objects.TestDataDetails@173a483, 5=com.java.Objects.TestDataDetails@17fb05a, 6=com.java.Objects.TestDataDetails@1118892, 7=com.java.Objects.TestDataDetails@13a3c8e}
[INFO ][2015-12-15 12:16:44,632][com.java.TestType] [  482] -  str(1) = 1
[INFO ][2015-12-15 12:16:44,632][com.java.TestType] [  485] - Test case Id is---1
[INFO ][2015-12-15 12:16:44,632][com.java.TestType] [  487] - 1
[INFO ][2015-12-15 12:16:44,632][com.java.TestType] [  482] -  str(2) = 8
[INFO ][2015-12-15 12:16:44,632][com.java.TestType] [  534] - row values are--------{1=com.java.Objects.TestDataDetails@3dc5d6, 2=com.java.Objects.TestDataDetails@1065b63, 3=com.java.Objects.TestDataDetails@1891bde, 4=com.java.Objects.TestDataDetails@173a483, 5=com.java.Objects.TestDataDetails@17fb05a, 6=com.java.Objects.TestDataDetails@1118892, 7=com.java.Objects.TestDataDetails@13a3c8e, 8=com.java.Objects.TestDataDetails@a354d1}
[INFO ][2015-12-15 12:16:44,632][com.java.TestType] [  482] -  str(1) = 1
[INFO ][2015-12-15 12:16:44,632][com.java.TestType] [  485] - Test case Id is---1
[INFO ][2015-12-15 12:16:44,632][com.java.TestType] [  487] - 1
[INFO ][2015-12-15 12:16:44,632][com.java.TestType] [  482] -  str(2) = 9
[INFO ][2015-12-15 12:16:44,632][com.java.TestType] [  534] - row values are--------{1=com.java.Objects.TestDataDetails@3dc5d6, 2=com.java.Objects.TestDataDetails@1065b63, 3=com.java.Objects.TestDataDetails@1891bde, 4=com.java.Objects.TestDataDetails@173a483, 5=com.java.Objects.TestDataDetails@17fb05a, 6=com.java.Objects.TestDataDetails@1118892, 7=com.java.Objects.TestDataDetails@13a3c8e, 8=com.java.Objects.TestDataDetails@a354d1, 9=com.java.Objects.TestDataDetails@74bff1}
[INFO ][2015-12-15 12:16:44,632][com.java.TestType] [  482] -  str(1) = 1
[INFO ][2015-12-15 12:16:44,632][com.java.TestType] [  485] - Test case Id is---1
[INFO ][2015-12-15 12:16:44,632][com.java.TestType] [  487] - 1
[INFO ][2015-12-15 12:16:44,632][com.java.TestType] [  482] -  str(2) = 10
[INFO ][2015-12-15 12:16:44,632][com.java.TestType] [  534] - row values are--------{1=com.java.Objects.TestDataDetails@3dc5d6, 2=com.java.Objects.TestDataDetails@1065b63, 3=com.java.Objects.TestDataDetails@1891bde, 4=com.java.Objects.TestDataDetails@173a483, 5=com.java.Objects.TestDataDetails@17fb05a, 6=com.java.Objects.TestDataDetails@1118892, 7=com.java.Objects.TestDataDetails@13a3c8e, 8=com.java.Objects.TestDataDetails@a354d1, 9=com.java.Objects.TestDataDetails@74bff1, 10=com.java.Objects.TestDataDetails@11f470c}
[INFO ][2015-12-15 12:16:44,632][com.java.TestType] [  482] -  str(1) = 1
[INFO ][2015-12-15 12:16:44,632][com.java.TestType] [  485] - Test case Id is---1
[INFO ][2015-12-15 12:16:44,632][com.java.TestType] [  487] - 1
[INFO ][2015-12-15 12:16:44,632][com.java.TestType] [  482] -  str(2) = 11
[INFO ][2015-12-15 12:16:44,632][com.java.TestType] [  534] - row values are--------{1=com.java.Objects.TestDataDetails@3dc5d6, 2=com.java.Objects.TestDataDetails@1065b63, 3=com.java.Objects.TestDataDetails@1891bde, 4=com.java.Objects.TestDataDetails@173a483, 5=com.java.Objects.TestDataDetails@17fb05a, 6=com.java.Objects.TestDataDetails@1118892, 7=com.java.Objects.TestDataDetails@13a3c8e, 8=com.java.Objects.TestDataDetails@a354d1, 9=com.java.Objects.TestDataDetails@74bff1, 10=com.java.Objects.TestDataDetails@11f470c, 11=com.java.Objects.TestDataDetails@1744cf}
[INFO ][2015-12-15 12:16:44,632][com.java.TestType] [  482] -  str(1) = 1
[INFO ][2015-12-15 12:16:44,632][com.java.TestType] [  485] - Test case Id is---1
[INFO ][2015-12-15 12:16:44,632][com.java.TestType] [  487] - 1
[INFO ][2015-12-15 12:16:44,632][com.java.TestType] [  482] -  str(2) = 12
[INFO ][2015-12-15 12:16:44,632][com.java.TestType] [  534] - row values are--------{1=com.java.Objects.TestDataDetails@3dc5d6, 2=com.java.Objects.TestDataDetails@1065b63, 3=com.java.Objects.TestDataDetails@1891bde, 4=com.java.Objects.TestDataDetails@173a483, 5=com.java.Objects.TestDataDetails@17fb05a, 6=com.java.Objects.TestDataDetails@1118892, 7=com.java.Objects.TestDataDetails@13a3c8e, 8=com.java.Objects.TestDataDetails@a354d1, 9=com.java.Objects.TestDataDetails@74bff1, 10=com.java.Objects.TestDataDetails@11f470c, 11=com.java.Objects.TestDataDetails@1744cf, 12=com.java.Objects.TestDataDetails@aa441a}
[INFO ][2015-12-15 12:16:44,632][com.java.TestType] [  482] -  str(1) = 1
[INFO ][2015-12-15 12:16:44,632][com.java.TestType] [  485] - Test case Id is---1
[INFO ][2015-12-15 12:16:44,632][com.java.TestType] [  487] - 1
[INFO ][2015-12-15 12:16:44,632][com.java.TestType] [  482] -  str(2) = 13
[INFO ][2015-12-15 12:16:44,632][com.java.TestType] [  534] - row values are--------{1=com.java.Objects.TestDataDetails@3dc5d6, 2=com.java.Objects.TestDataDetails@1065b63, 3=com.java.Objects.TestDataDetails@1891bde, 4=com.java.Objects.TestDataDetails@173a483, 5=com.java.Objects.TestDataDetails@17fb05a, 6=com.java.Objects.TestDataDetails@1118892, 7=com.java.Objects.TestDataDetails@13a3c8e, 8=com.java.Objects.TestDataDetails@a354d1, 9=com.java.Objects.TestDataDetails@74bff1, 10=com.java.Objects.TestDataDetails@11f470c, 11=com.java.Objects.TestDataDetails@1744cf, 12=com.java.Objects.TestDataDetails@aa441a, 13=com.java.Objects.TestDataDetails@7a00b}
[INFO ][2015-12-15 12:16:44,632][com.java.TestType] [  482] -  str(1) = 1
[INFO ][2015-12-15 12:16:44,632][com.java.TestType] [  485] - Test case Id is---1
[INFO ][2015-12-15 12:16:44,632][com.java.TestType] [  487] - 1
[INFO ][2015-12-15 12:16:44,632][com.java.TestType] [  482] -  str(2) = 14
[INFO ][2015-12-15 12:16:44,642][com.java.TestType] [  534] - row values are--------{1=com.java.Objects.TestDataDetails@3dc5d6, 2=com.java.Objects.TestDataDetails@1065b63, 3=com.java.Objects.TestDataDetails@1891bde, 4=com.java.Objects.TestDataDetails@173a483, 5=com.java.Objects.TestDataDetails@17fb05a, 6=com.java.Objects.TestDataDetails@1118892, 7=com.java.Objects.TestDataDetails@13a3c8e, 8=com.java.Objects.TestDataDetails@a354d1, 9=com.java.Objects.TestDataDetails@74bff1, 10=com.java.Objects.TestDataDetails@11f470c, 11=com.java.Objects.TestDataDetails@1744cf, 12=com.java.Objects.TestDataDetails@aa441a, 13=com.java.Objects.TestDataDetails@7a00b, 14=com.java.Objects.TestDataDetails@857f67}
[INFO ][2015-12-15 12:16:44,642][com.java.TestType] [  482] -  str(1) = 1
[INFO ][2015-12-15 12:16:44,642][com.java.TestType] [  485] - Test case Id is---1
[INFO ][2015-12-15 12:16:44,642][com.java.TestType] [  487] - 1
[INFO ][2015-12-15 12:16:44,642][com.java.TestType] [  482] -  str(2) = 15
[INFO ][2015-12-15 12:16:44,642][com.java.TestType] [  534] - row values are--------{1=com.java.Objects.TestDataDetails@3dc5d6, 2=com.java.Objects.TestDataDetails@1065b63, 3=com.java.Objects.TestDataDetails@1891bde, 4=com.java.Objects.TestDataDetails@173a483, 5=com.java.Objects.TestDataDetails@17fb05a, 6=com.java.Objects.TestDataDetails@1118892, 7=com.java.Objects.TestDataDetails@13a3c8e, 8=com.java.Objects.TestDataDetails@a354d1, 9=com.java.Objects.TestDataDetails@74bff1, 10=com.java.Objects.TestDataDetails@11f470c, 11=com.java.Objects.TestDataDetails@1744cf, 12=com.java.Objects.TestDataDetails@aa441a, 13=com.java.Objects.TestDataDetails@7a00b, 14=com.java.Objects.TestDataDetails@857f67, 15=com.java.Objects.TestDataDetails@a0cbbe}
[INFO ][2015-12-15 12:16:44,642][com.java.TestType] [  482] -  str(1) = 1
[INFO ][2015-12-15 12:16:44,642][com.java.TestType] [  485] - Test case Id is---1
[INFO ][2015-12-15 12:16:44,642][com.java.TestType] [  487] - 1
[INFO ][2015-12-15 12:16:44,642][com.java.TestType] [  482] -  str(2) = 16
[INFO ][2015-12-15 12:16:44,642][com.java.TestType] [  534] - row values are--------{1=com.java.Objects.TestDataDetails@3dc5d6, 2=com.java.Objects.TestDataDetails@1065b63, 3=com.java.Objects.TestDataDetails@1891bde, 4=com.java.Objects.TestDataDetails@173a483, 5=com.java.Objects.TestDataDetails@17fb05a, 6=com.java.Objects.TestDataDetails@1118892, 7=com.java.Objects.TestDataDetails@13a3c8e, 8=com.java.Objects.TestDataDetails@a354d1, 9=com.java.Objects.TestDataDetails@74bff1, 10=com.java.Objects.TestDataDetails@11f470c, 11=com.java.Objects.TestDataDetails@1744cf, 12=com.java.Objects.TestDataDetails@aa441a, 13=com.java.Objects.TestDataDetails@7a00b, 14=com.java.Objects.TestDataDetails@857f67, 15=com.java.Objects.TestDataDetails@a0cbbe, 16=com.java.Objects.TestDataDetails@1cd35c5}
[INFO ][2015-12-15 12:16:44,642][com.java.TestType] [10115] - Looping 1TCID = 1
[DEBUG][2015-12-15 12:16:44,642][com.java.TestType] [10156] - Concept ID:1 :: Step being Executed: 1::1
[INFO ][2015-12-15 12:16:44,642][com.java.TestType] [10194] - dataFields : TXTusername
[DEBUG][2015-12-15 12:16:44,642][com.java.TestType] [10200] - <In Set values of the page>
[DEBUG][2015-12-15 12:16:44,642][com.java.TestType] [10205] - {Data Fields & Data Values Exist}
[INFO ][2015-12-15 12:16:44,642][com.java.TestType] [10211] - --------------------------setting values-----------------------------
[INFO ][2015-12-15 12:16:44,642][com.java.TestType] [10214] - Action Type : CLEARANDENTER
[INFO ][2015-12-15 12:16:44,642][com.java.TestType] [ 5502] - value = valuelabs.ie10.15310
[INFO ][2015-12-15 12:16:49,478][com.java.TestType] [10233] -  RESULT true
[INFO ][2015-12-15 12:16:49,478][com.java.TestType] [10350] - ?   P A S S   ?
[DEBUG][2015-12-15 12:16:49,478][com.java.TestType] [10156] - Concept ID:1 :: Step being Executed: 1::2
[INFO ][2015-12-15 12:16:49,478][com.java.TestType] [10194] - dataFields : TXTpassword
[DEBUG][2015-12-15 12:16:49,478][com.java.TestType] [10200] - <In Set values of the page>
[DEBUG][2015-12-15 12:16:49,478][com.java.TestType] [10205] - {Data Fields & Data Values Exist}
[INFO ][2015-12-15 12:16:49,478][com.java.TestType] [10211] - --------------------------setting values-----------------------------
[INFO ][2015-12-15 12:16:49,478][com.java.TestType] [10214] - Action Type : CLEARANDENTER
[INFO ][2015-12-15 12:16:49,478][com.java.TestType] [ 5502] - value = Password1*
[INFO ][2015-12-15 12:16:54,344][com.java.TestType] [10233] -  RESULT true
[INFO ][2015-12-15 12:16:54,344][com.java.TestType] [10350] - ?   P A S S   ?
[DEBUG][2015-12-15 12:16:54,344][com.java.TestType] [10156] - Concept ID:1 :: Step being Executed: 1::3
[ERROR][2015-12-15 12:16:54,344][com.java.TestType] [10189] - Exception: null
[INFO ][2015-12-15 12:16:54,344][com.java.TestType] [10194] - dataFields : XPH//button[@type='submit']
[DEBUG][2015-12-15 12:16:54,344][com.java.TestType] [10200] - <In Set values of the page>
[DEBUG][2015-12-15 12:16:54,344][com.java.TestType] [10205] - {Data Fields & Data Values Exist}
[INFO ][2015-12-15 12:16:54,344][com.java.TestType] [10211] - --------------------------setting values-----------------------------
[INFO ][2015-12-15 12:16:54,344][com.java.TestType] [10214] - Action Type : Click
[INFO ][2015-12-15 12:16:54,344][com.java.TestType] [ 5858] - Field ::XPH//button[@type='submit']
[INFO ][2015-12-15 12:16:54,344][com.java.TestType] [ 5502] - value = 
[INFO ][2015-12-15 12:16:55,343][com.java.TestType] [ 5995] - BEFORE CLICK
[INFO ][2015-12-15 12:16:56,243][com.java.TestType] [ 6003] - Unable to click the object Login
[INFO ][2015-12-15 12:16:56,243][com.java.TestType] [10233] -  RESULT true
[INFO ][2015-12-15 12:16:56,243][com.java.TestType] [10350] - ?   P A S S   ?
[DEBUG][2015-12-15 12:16:56,243][com.java.TestType] [10156] - Concept ID:1 :: Step being Executed: 1::4
[INFO ][2015-12-15 12:16:56,243][com.java.TestType] [10194] - dataFields : LNKLogout
[DEBUG][2015-12-15 12:16:56,243][com.java.TestType] [10200] - <In Set values of the page>
[DEBUG][2015-12-15 12:16:56,243][com.java.TestType] [10205] - {Data Fields & Data Values Exist}
[INFO ][2015-12-15 12:16:56,243][com.java.TestType] [10211] - --------------------------setting values-----------------------------
[INFO ][2015-12-15 12:16:56,243][com.java.TestType] [10214] - Action Type : WaitForElement
[INFO ][2015-12-15 12:17:04,128][com.java.TestType] [10233] -  RESULT true
[INFO ][2015-12-15 12:17:04,128][com.java.TestType] [10350] - ?   P A S S   ?
[DEBUG][2015-12-15 12:17:04,128][com.java.TestType] [10156] - Concept ID:1 :: Step being Executed: 1::15
[INFO ][2015-12-15 12:17:04,128][com.java.TestType] [10194] - dataFields : LNK
[DEBUG][2015-12-15 12:17:04,128][com.java.TestType] [10200] - <In Set values of the page>
[DEBUG][2015-12-15 12:17:04,128][com.java.TestType] [10205] - {Data Fields & Data Values Exist}
[INFO ][2015-12-15 12:17:04,128][com.java.TestType] [10211] - --------------------------setting values-----------------------------
[INFO ][2015-12-15 12:17:04,128][com.java.TestType] [10214] - Action Type : Verify
[INFO ][2015-12-15 12:17:04,128][com.java.TestType] [ 6801] - field= LNK value= Logout
[INFO ][2015-12-15 12:17:04,128][com.java.TestType] [ 5502] - value = Logout
[INFO ][2015-12-15 12:17:04,159][com.java.TestType] [10233] -  RESULT true
[INFO ][2015-12-15 12:17:04,159][com.java.TestType] [10350] - ?   P A S S   ?
[DEBUG][2015-12-15 12:17:04,159][com.java.TestType] [10156] - Concept ID:1 :: Step being Executed: 1::16
[INFO ][2015-12-15 12:17:04,159][com.java.TestType] [10194] - dataFields : BTN
[DEBUG][2015-12-15 12:17:04,159][com.java.TestType] [10200] - <In Set values of the page>
[DEBUG][2015-12-15 12:17:04,159][com.java.TestType] [10205] - {Data Fields & Data Values Exist}
[INFO ][2015-12-15 12:17:04,159][com.java.TestType] [10211] - --------------------------setting values-----------------------------
[INFO ][2015-12-15 12:17:04,159][com.java.TestType] [10214] - Action Type : Verify
[INFO ][2015-12-15 12:17:04,159][com.java.TestType] [ 6801] - field= BTN value= //img[contains(@src,'bdlogo.jpg')]
[INFO ][2015-12-15 12:17:04,159][com.java.TestType] [ 5502] - value = //img[contains(@src,'bdlogo.jpg')]
[INFO ][2015-12-15 12:17:04,209][com.java.TestType] [10233] -  RESULT true
[INFO ][2015-12-15 12:17:04,209][com.java.TestType] [10350] - ?   P A S S   ?
[INFO ][2015-12-15 12:17:04,209][com.java.TestType] [10421] - Looping End......
[INFO ][2015-12-15 12:17:04,209][com.java.SeleniumDriver] [  894] -  RESULT true
[INFO ][2015-12-15 12:17:04,209][com.java.SeleniumDriver] [ 1100] - ?   P A S S   ?
[INFO ][2015-12-15 12:17:04,209][com.java.SeleniumDriver] [  821] - ------------------------------------------
[INFO ][2015-12-15 12:17:04,209][com.java.SeleniumDriver] [  822] - Test case being Executed: 1
[INFO ][2015-12-15 12:17:04,209][com.java.SeleniumDriver] [  833] - Test step:2
[INFO ][2015-12-15 12:17:04,209][com.java.SeleniumDriver] [  845] - Datavalue is----------Concept#2:1-2
[INFO ][2015-12-15 12:17:04,209][com.java.SeleniumDriver] [  869] - DataField : test
[INFO ][2015-12-15 12:17:04,209][com.java.SeleniumDriver] [  871] - DataValue : Concept#2:1-2
[INFO ][2015-12-15 12:17:04,209][com.java.SeleniumDriver] [  877] - <In Set values of the page>
[INFO ][2015-12-15 12:17:04,209][com.java.SeleniumDriver] [  880] - {Data Fields & Data Values Exist}
[INFO ][2015-12-15 12:17:04,209][com.java.SeleniumDriver] [  882] - --------------------------setting values-----------------------------
[INFO ][2015-12-15 12:17:04,209][com.java.SeleniumDriver] [  885] - Action Type : ExecuteTestCase
[INFO ][2015-12-15 12:17:04,209][com.java.TestType] [  437] - The Concept sheet name is ---------- Concept
[INFO ][2015-12-15 12:17:04,209][com.java.TestType] [  440] - The Concept ID  is ---------- 2
[DEBUG][2015-12-15 12:17:04,209][com.java.TestType] [  444] - Steps being executted in the Concept are: 1:2
[INFO ][2015-12-15 12:17:04,209][com.java.TestType] [  451] - Test data details path ---------- D:\BankersDashboard\TestInputs\TestData.xls
[INFO ][2015-12-15 12:17:04,239][com.java.TestType] [  482] -  str(1) = 2
[INFO ][2015-12-15 12:17:04,239][com.java.TestType] [  485] - Test case Id is---2
[INFO ][2015-12-15 12:17:04,239][com.java.TestType] [  487] - 2
[INFO ][2015-12-15 12:17:04,239][com.java.TestType] [  482] -  str(2) = 1
[INFO ][2015-12-15 12:17:04,249][com.java.TestType] [  534] - row values are--------{1=com.java.Objects.TestDataDetails@efae19}
[INFO ][2015-12-15 12:17:04,249][com.java.TestType] [  482] -  str(1) = 2
[INFO ][2015-12-15 12:17:04,249][com.java.TestType] [  485] - Test case Id is---2
[INFO ][2015-12-15 12:17:04,249][com.java.TestType] [  487] - 2
[INFO ][2015-12-15 12:17:04,249][com.java.TestType] [  482] -  str(2) = 2
[INFO ][2015-12-15 12:17:04,249][com.java.TestType] [  534] - row values are--------{1=com.java.Objects.TestDataDetails@efae19, 2=com.java.Objects.TestDataDetails@1c107f4}
[INFO ][2015-12-15 12:17:04,249][com.java.TestType] [  482] -  str(1) = 2
[INFO ][2015-12-15 12:17:04,249][com.java.TestType] [  485] - Test case Id is---2
[INFO ][2015-12-15 12:17:04,249][com.java.TestType] [  487] - 2
[INFO ][2015-12-15 12:17:04,249][com.java.TestType] [  482] -  str(2) = 3
[INFO ][2015-12-15 12:17:04,249][com.java.TestType] [  534] - row values are--------{1=com.java.Objects.TestDataDetails@efae19, 2=com.java.Objects.TestDataDetails@1c107f4, 3=com.java.Objects.TestDataDetails@1e246e4}
[INFO ][2015-12-15 12:17:04,249][com.java.TestType] [10115] - Looping 1TCID = 2
[DEBUG][2015-12-15 12:17:04,249][com.java.TestType] [10156] - Concept ID:2 :: Step being Executed: 2::1
[INFO ][2015-12-15 12:17:04,249][com.java.TestType] [10194] - dataFields : BNK//select[@id='bank']
[DEBUG][2015-12-15 12:17:04,249][com.java.TestType] [10200] - <In Set values of the page>
[DEBUG][2015-12-15 12:17:04,249][com.java.TestType] [10205] - {Data Fields & Data Values Exist}
[INFO ][2015-12-15 12:17:04,249][com.java.TestType] [10211] - --------------------------setting values-----------------------------
[INFO ][2015-12-15 12:17:04,249][com.java.TestType] [10214] - Action Type : Select
[INFO ][2015-12-15 12:17:04,249][com.java.TestType] [ 5502] - value = PFC
[INFO ][2015-12-15 12:17:04,421][com.java.TestType] [10233] -  RESULT true
[INFO ][2015-12-15 12:17:04,421][com.java.TestType] [10350] - ?   P A S S   ?
[DEBUG][2015-12-15 12:17:04,421][com.java.TestType] [10156] - Concept ID:2 :: Step being Executed: 2::2
[INFO ][2015-12-15 12:17:04,421][com.java.TestType] [10194] - dataFields : LNKLogout
[DEBUG][2015-12-15 12:17:04,421][com.java.TestType] [10200] - <In Set values of the page>
[DEBUG][2015-12-15 12:17:04,421][com.java.TestType] [10205] - {Data Fields & Data Values Exist}
[INFO ][2015-12-15 12:17:04,421][com.java.TestType] [10211] - --------------------------setting values-----------------------------
[INFO ][2015-12-15 12:17:04,421][com.java.TestType] [10214] - Action Type : WaitTime
[DEBUG][2015-12-15 12:17:04,421][com.java.TestType] [ 5322] - sleepTime: 5000
[INFO ][2015-12-15 12:17:09,428][com.java.TestType] [10233] -  RESULT true
[INFO ][2015-12-15 12:17:09,428][com.java.TestType] [10350] - ?   P A S S   ?
[INFO ][2015-12-15 12:17:09,428][com.java.TestType] [10421] - Looping End......
[INFO ][2015-12-15 12:17:09,428][com.java.SeleniumDriver] [  894] -  RESULT true
[INFO ][2015-12-15 12:17:09,428][com.java.SeleniumDriver] [ 1100] - ?   P A S S   ?
[INFO ][2015-12-15 12:17:09,428][com.java.SeleniumDriver] [  821] - ------------------------------------------
[INFO ][2015-12-15 12:17:09,428][com.java.SeleniumDriver] [  822] - Test case being Executed: 1
[INFO ][2015-12-15 12:17:09,428][com.java.SeleniumDriver] [  833] - Test step:3
[INFO ][2015-12-15 12:17:09,428][com.java.SeleniumDriver] [  845] - Datavalue is----------2
[INFO ][2015-12-15 12:17:09,428][com.java.SeleniumDriver] [  869] - DataField : XPH//button[contains(text(),'Add Content')]
[INFO ][2015-12-15 12:17:09,428][com.java.SeleniumDriver] [  871] - DataValue : 2
[INFO ][2015-12-15 12:17:09,428][com.java.SeleniumDriver] [  877] - <In Set values of the page>
[INFO ][2015-12-15 12:17:09,428][com.java.SeleniumDriver] [  880] - {Data Fields & Data Values Exist}
[INFO ][2015-12-15 12:17:09,428][com.java.SeleniumDriver] [  882] - --------------------------setting values-----------------------------
[INFO ][2015-12-15 12:17:09,428][com.java.SeleniumDriver] [  885] - Action Type : WAITFORELEMENT
[INFO ][2015-12-15 12:17:09,459][com.java.SeleniumDriver] [  894] -  RESULT true
[INFO ][2015-12-15 12:17:09,459][com.java.SeleniumDriver] [ 1100] - ?   P A S S   ?
[DEBUG][2015-12-15 12:17:09,459][com.java.SeleniumDriver] [ 1212] - Case found
[DEBUG][2015-12-15 12:17:09,459][com.java.SeleniumDriver] [ 1217] - Incrementing ReportCounters[0]:1
[INFO ][2015-12-15 12:17:09,459][com.java.SeleniumDriver] [ 1236] - The results are-------------------[1, 1, Valid Login, Pass, , Tue Dec 15 12:17:04 IST 2015, 1, 2, Valid Login, Pass, , Tue Dec 15 12:17:09 IST 2015, 1, 3, Valid Login, Pass, , Tue Dec 15 12:17:09 IST 2015]
[INFO ][2015-12-15 12:17:09,459][com.java.SeleniumDriver] [ 1240] - End time is-------41 sec
[INFO ][2015-12-15 12:17:09,459][com.java.SeleniumDriver] [ 1241] - The results are-------------------[1, 1, Valid Login, Pass, , Tue Dec 15 12:17:04 IST 2015, 1, 2, Valid Login, Pass, , Tue Dec 15 12:17:09 IST 2015, 1, 3, Valid Login, Pass, , Tue Dec 15 12:17:09 IST 2015]
[DEBUG][2015-12-15 12:17:09,459][com.java.ImportnExport.ExportTestResultsExcel] [  222] - testResultPath = D:\BankersDashboard/TestReports/Test Results_BankersDashBoard_121515_121631_IE10_CB&S Bank.xls
[DEBUG][2015-12-15 12:17:09,459][com.java.ImportnExport.ExportTestResultsExcel] [  223] - browser is------------IE10
[DEBUG][2015-12-15 12:17:09,509][com.java.ImportnExport.ExportTestResultsExcel] [  270] - result.size() = 18
[DEBUG][2015-12-15 12:17:09,509][com.java.ImportnExport.ExportTestResultsExcel] [  274] - No of rows in sheet=1
[DEBUG][2015-12-15 12:17:09,509][com.java.ImportnExport.ExportTestResultsExcel] [  301] - ..in export..1
[DEBUG][2015-12-15 12:17:09,509][com.java.ImportnExport.ExportTestResultsExcel] [  301] - ..in export..Valid Login
[DEBUG][2015-12-15 12:17:09,509][com.java.ImportnExport.ExportTestResultsExcel] [  301] - ..in export..Pass
[DEBUG][2015-12-15 12:17:09,509][com.java.ImportnExport.ExportTestResultsExcel] [  301] - ..in export..
[DEBUG][2015-12-15 12:17:09,509][com.java.ImportnExport.ExportTestResultsExcel] [  301] - ..in export..Tue Dec 15 12:17:04 IST 2015
[INFO ][2015-12-15 12:17:09,509][com.java.SeleniumDriver] [ 1299] - out loop:0 size:2 TestCases:[1, 7] testcases:[1, 7]
[INFO ][2015-12-15 12:17:09,509][com.java.ImportnExport.ImportTestDataDetailsExcel] [   49] - test data details path===== D:\BankersDashboard\TestInputs\TestData.xls
[INFO ][2015-12-15 12:17:34,227][com.java.SeleniumDriver] [  821] - ------------------------------------------
[INFO ][2015-12-15 12:17:34,227][com.java.SeleniumDriver] [  822] - Test case being Executed: 7
[INFO ][2015-12-15 12:17:34,227][com.java.SeleniumDriver] [  833] - Test step:1
[INFO ][2015-12-15 12:17:34,227][com.java.SeleniumDriver] [  845] - Datavalue is----------Logout
[INFO ][2015-12-15 12:17:34,227][com.java.SeleniumDriver] [  869] - DataField : BTN
[INFO ][2015-12-15 12:17:34,227][com.java.SeleniumDriver] [  871] - DataValue : Logout
[INFO ][2015-12-15 12:17:34,227][com.java.SeleniumDriver] [  877] - <In Set values of the page>
[INFO ][2015-12-15 12:17:34,227][com.java.SeleniumDriver] [  880] - {Data Fields & Data Values Exist}
[INFO ][2015-12-15 12:17:34,227][com.java.SeleniumDriver] [  882] - --------------------------setting values-----------------------------
[INFO ][2015-12-15 12:17:34,227][com.java.SeleniumDriver] [  885] - Action Type : Verify
[INFO ][2015-12-15 12:17:34,227][com.java.TestType] [ 6801] - field= BTN value= Logout
[INFO ][2015-12-15 12:17:34,227][com.java.TestType] [ 5502] - value = Logout
[INFO ][2015-12-15 12:17:34,288][com.java.SeleniumDriver] [  894] -  RESULT true
[INFO ][2015-12-15 12:17:34,288][com.java.SeleniumDriver] [ 1100] - ?   P A S S   ?
[INFO ][2015-12-15 12:17:34,288][com.java.SeleniumDriver] [ 1142] - step change to 3
[INFO ][2015-12-15 12:17:34,288][com.java.SeleniumDriver] [  821] - ------------------------------------------
[INFO ][2015-12-15 12:17:34,288][com.java.SeleniumDriver] [  822] - Test case being Executed: 7
[INFO ][2015-12-15 12:17:34,288][com.java.SeleniumDriver] [  833] - Test step:3
[INFO ][2015-12-15 12:17:34,288][com.java.SeleniumDriver] [  845] - Datavalue is----------Concept#2:1-2
[INFO ][2015-12-15 12:17:34,288][com.java.SeleniumDriver] [  869] - DataField : test
[INFO ][2015-12-15 12:17:34,288][com.java.SeleniumDriver] [  871] - DataValue : Concept#2:1-2
[INFO ][2015-12-15 12:17:34,288][com.java.SeleniumDriver] [  877] - <In Set values of the page>
[INFO ][2015-12-15 12:17:34,288][com.java.SeleniumDriver] [  880] - {Data Fields & Data Values Exist}
[INFO ][2015-12-15 12:17:34,288][com.java.SeleniumDriver] [  882] - --------------------------setting values-----------------------------
[INFO ][2015-12-15 12:17:34,288][com.java.SeleniumDriver] [  885] - Action Type : ExecuteTestCase
[INFO ][2015-12-15 12:17:34,288][com.java.TestType] [  437] - The Concept sheet name is ---------- Concept
[INFO ][2015-12-15 12:17:34,288][com.java.TestType] [  440] - The Concept ID  is ---------- 2
[DEBUG][2015-12-15 12:17:34,288][com.java.TestType] [  444] - Steps being executted in the Concept are: 1:2
[INFO ][2015-12-15 12:17:34,288][com.java.TestType] [  451] - Test data details path ---------- D:\BankersDashboard\TestInputs\TestData.xls
[INFO ][2015-12-15 12:17:34,318][com.java.TestType] [  482] -  str(1) = 2
[INFO ][2015-12-15 12:17:34,318][com.java.TestType] [  485] - Test case Id is---2
[INFO ][2015-12-15 12:17:34,318][com.java.TestType] [  487] - 2
[INFO ][2015-12-15 12:17:34,318][com.java.TestType] [  482] -  str(2) = 1
[INFO ][2015-12-15 12:17:34,318][com.java.TestType] [  534] - row values are--------{1=com.java.Objects.TestDataDetails@cf601e}
[INFO ][2015-12-15 12:17:34,318][com.java.TestType] [  482] -  str(1) = 2
[INFO ][2015-12-15 12:17:34,318][com.java.TestType] [  485] - Test case Id is---2
[INFO ][2015-12-15 12:17:34,318][com.java.TestType] [  487] - 2
[INFO ][2015-12-15 12:17:34,318][com.java.TestType] [  482] -  str(2) = 2
[INFO ][2015-12-15 12:17:34,318][com.java.TestType] [  534] - row values are--------{1=com.java.Objects.TestDataDetails@cf601e, 2=com.java.Objects.TestDataDetails@1749418}
[INFO ][2015-12-15 12:17:34,318][com.java.TestType] [  482] -  str(1) = 2
[INFO ][2015-12-15 12:17:34,318][com.java.TestType] [  485] - Test case Id is---2
[INFO ][2015-12-15 12:17:34,318][com.java.TestType] [  487] - 2
[INFO ][2015-12-15 12:17:34,318][com.java.TestType] [  482] -  str(2) = 3
[INFO ][2015-12-15 12:17:34,318][com.java.TestType] [  534] - row values are--------{1=com.java.Objects.TestDataDetails@cf601e, 2=com.java.Objects.TestDataDetails@1749418, 3=com.java.Objects.TestDataDetails@1b4124d}
[INFO ][2015-12-15 12:17:34,318][com.java.TestType] [10115] - Looping 1TCID = 2
[DEBUG][2015-12-15 12:17:34,318][com.java.TestType] [10156] - Concept ID:2 :: Step being Executed: 2::1
[INFO ][2015-12-15 12:17:34,318][com.java.TestType] [10194] - dataFields : BNK//select[@id='bank']
[DEBUG][2015-12-15 12:17:34,318][com.java.TestType] [10200] - <In Set values of the page>
[DEBUG][2015-12-15 12:17:34,318][com.java.TestType] [10205] - {Data Fields & Data Values Exist}
[INFO ][2015-12-15 12:17:34,318][com.java.TestType] [10211] - --------------------------setting values-----------------------------
[INFO ][2015-12-15 12:17:34,318][com.java.TestType] [10214] - Action Type : Select
[INFO ][2015-12-15 12:17:34,318][com.java.TestType] [ 5502] - value = PFC
[INFO ][2015-12-15 12:17:34,498][com.java.TestType] [10233] -  RESULT true
[INFO ][2015-12-15 12:17:34,498][com.java.TestType] [10350] - ?   P A S S   ?
[DEBUG][2015-12-15 12:17:34,498][com.java.TestType] [10156] - Concept ID:2 :: Step being Executed: 2::2
[INFO ][2015-12-15 12:17:34,498][com.java.TestType] [10194] - dataFields : LNKLogout
[DEBUG][2015-12-15 12:17:34,498][com.java.TestType] [10200] - <In Set values of the page>
[DEBUG][2015-12-15 12:17:34,498][com.java.TestType] [10205] - {Data Fields & Data Values Exist}
[INFO ][2015-12-15 12:17:34,498][com.java.TestType] [10211] - --------------------------setting values-----------------------------
[INFO ][2015-12-15 12:17:34,498][com.java.TestType] [10214] - Action Type : WaitTime
[DEBUG][2015-12-15 12:17:34,498][com.java.TestType] [ 5322] - sleepTime: 5000
[INFO ][2015-12-15 12:17:39,498][com.java.TestType] [10233] -  RESULT true
[INFO ][2015-12-15 12:17:39,498][com.java.TestType] [10350] - ?   P A S S   ?
[INFO ][2015-12-15 12:17:39,498][com.java.TestType] [10421] - Looping End......
[INFO ][2015-12-15 12:17:39,498][com.java.SeleniumDriver] [  894] -  RESULT true
[INFO ][2015-12-15 12:17:39,498][com.java.SeleniumDriver] [ 1100] - ?   P A S S   ?
[INFO ][2015-12-15 12:17:39,498][com.java.SeleniumDriver] [  821] - ------------------------------------------
[INFO ][2015-12-15 12:17:39,498][com.java.SeleniumDriver] [  822] - Test case being Executed: 7
[INFO ][2015-12-15 12:17:39,498][com.java.SeleniumDriver] [  833] - Test step:4
[INFO ][2015-12-15 12:17:39,498][com.java.SeleniumDriver] [  845] - Datavalue is----------null
[DEBUG][2015-12-15 12:17:39,498][com.java.SeleniumDriver] [  863] - Exception: null
[INFO ][2015-12-15 12:17:39,498][com.java.SeleniumDriver] [  869] - DataField : //span[@class='icon-user4']&&//a[text()='Users']&&//a[@data-id="ModifyUsers"]
[INFO ][2015-12-15 12:17:39,498][com.java.SeleniumDriver] [  871] - DataValue : 
[INFO ][2015-12-15 12:17:39,498][com.java.SeleniumDriver] [  877] - <In Set values of the page>
[INFO ][2015-12-15 12:17:39,498][com.java.SeleniumDriver] [  880] - {Data Fields & Data Values Exist}
[INFO ][2015-12-15 12:17:39,498][com.java.SeleniumDriver] [  882] - --------------------------setting values-----------------------------
[INFO ][2015-12-15 12:17:39,498][com.java.SeleniumDriver] [  885] - Action Type : MouseOver
[INFO ][2015-12-15 12:18:06,409][com.java.SeleniumDriver] [  894] -  RESULT true
[INFO ][2015-12-15 12:18:06,409][com.java.SeleniumDriver] [ 1100] - ?   P A S S   ?
[INFO ][2015-12-15 12:18:06,409][com.java.SeleniumDriver] [  821] - ------------------------------------------
[INFO ][2015-12-15 12:18:06,409][com.java.SeleniumDriver] [  822] - Test case being Executed: 7
[INFO ][2015-12-15 12:18:06,409][com.java.SeleniumDriver] [  833] - Test step:5
[INFO ][2015-12-15 12:18:06,409][com.java.SeleniumDriver] [  845] - Datavalue is----------2
[INFO ][2015-12-15 12:18:06,411][com.java.SeleniumDriver] [  869] - DataField : BTNframeDialogContent
[INFO ][2015-12-15 12:18:06,411][com.java.SeleniumDriver] [  871] - DataValue : 2
[INFO ][2015-12-15 12:18:06,411][com.java.SeleniumDriver] [  877] - <In Set values of the page>
[INFO ][2015-12-15 12:18:06,411][com.java.SeleniumDriver] [  880] - {Data Fields & Data Values Exist}
[INFO ][2015-12-15 12:18:06,411][com.java.SeleniumDriver] [  882] - --------------------------setting values-----------------------------
[INFO ][2015-12-15 12:18:06,411][com.java.SeleniumDriver] [  885] - Action Type : WaitForElement
[INFO ][2015-12-15 12:18:07,600][com.java.SeleniumDriver] [  894] -  RESULT true
[INFO ][2015-12-15 12:18:07,600][com.java.SeleniumDriver] [ 1100] - ?   P A S S   ?
[INFO ][2015-12-15 12:18:07,601][com.java.SeleniumDriver] [  821] - ------------------------------------------
[INFO ][2015-12-15 12:18:07,601][com.java.SeleniumDriver] [  822] - Test case being Executed: 7
[INFO ][2015-12-15 12:18:07,601][com.java.SeleniumDriver] [  833] - Test step:6
[INFO ][2015-12-15 12:18:07,601][com.java.SeleniumDriver] [  845] - Datavalue is----------null
[DEBUG][2015-12-15 12:18:07,601][com.java.SeleniumDriver] [  863] - Exception: null
[INFO ][2015-12-15 12:18:07,601][com.java.SeleniumDriver] [  869] - DataField : BTNframeDialogContent
[INFO ][2015-12-15 12:18:07,601][com.java.SeleniumDriver] [  871] - DataValue : 
[INFO ][2015-12-15 12:18:07,601][com.java.SeleniumDriver] [  877] - <In Set values of the page>
[INFO ][2015-12-15 12:18:07,601][com.java.SeleniumDriver] [  880] - {Data Fields & Data Values Exist}
[INFO ][2015-12-15 12:18:07,601][com.java.SeleniumDriver] [  882] - --------------------------setting values-----------------------------
[INFO ][2015-12-15 12:18:07,601][com.java.SeleniumDriver] [  885] - Action Type : SELECTFRAME
[INFO ][2015-12-15 12:18:08,801][com.java.SeleniumDriver] [  894] -  RESULT true
[INFO ][2015-12-15 12:18:08,801][com.java.SeleniumDriver] [ 1100] - ?   P A S S   ?
[INFO ][2015-12-15 12:18:08,801][com.java.SeleniumDriver] [  821] - ------------------------------------------
[INFO ][2015-12-15 12:18:08,801][com.java.SeleniumDriver] [  822] - Test case being Executed: 7
[INFO ][2015-12-15 12:18:08,801][com.java.SeleniumDriver] [  833] - Test step:7
[INFO ][2015-12-15 12:18:08,801][com.java.SeleniumDriver] [  845] - Datavalue is----------2
[INFO ][2015-12-15 12:18:08,801][com.java.SeleniumDriver] [  869] - DataField : BTNbtnAddUser
[INFO ][2015-12-15 12:18:08,801][com.java.SeleniumDriver] [  871] - DataValue : 2
[INFO ][2015-12-15 12:18:08,801][com.java.SeleniumDriver] [  877] - <In Set values of the page>
[INFO ][2015-12-15 12:18:08,801][com.java.SeleniumDriver] [  880] - {Data Fields & Data Values Exist}
[INFO ][2015-12-15 12:18:08,802][com.java.SeleniumDriver] [  882] - --------------------------setting values-----------------------------
[INFO ][2015-12-15 12:18:08,802][com.java.SeleniumDriver] [  885] - Action Type : WaitForElement
[INFO ][2015-12-15 12:18:10,104][com.java.SeleniumDriver] [  894] -  RESULT true
[INFO ][2015-12-15 12:18:10,104][com.java.SeleniumDriver] [ 1100] - ?   P A S S   ?
[INFO ][2015-12-15 12:18:10,104][com.java.SeleniumDriver] [  821] - ------------------------------------------
[INFO ][2015-12-15 12:18:10,104][com.java.SeleniumDriver] [  822] - Test case being Executed: 7
[INFO ][2015-12-15 12:18:10,104][com.java.SeleniumDriver] [  833] - Test step:8
[INFO ][2015-12-15 12:18:10,104][com.java.SeleniumDriver] [  845] - Datavalue is----------null
[DEBUG][2015-12-15 12:18:10,104][com.java.SeleniumDriver] [  863] - Exception: null
[INFO ][2015-12-15 12:18:10,104][com.java.SeleniumDriver] [  869] - DataField : BTNbtnAddUser
[INFO ][2015-12-15 12:18:10,104][com.java.SeleniumDriver] [  871] - DataValue : 
[INFO ][2015-12-15 12:18:10,105][com.java.SeleniumDriver] [  877] - <In Set values of the page>
[INFO ][2015-12-15 12:18:10,105][com.java.SeleniumDriver] [  880] - {Data Fields & Data Values Exist}
[INFO ][2015-12-15 12:18:10,105][com.java.SeleniumDriver] [  882] - --------------------------setting values-----------------------------
[INFO ][2015-12-15 12:18:10,105][com.java.SeleniumDriver] [  885] - Action Type : Click
[INFO ][2015-12-15 12:18:10,105][com.java.TestType] [ 5858] - Field ::BTNbtnAddUser
[INFO ][2015-12-15 12:18:10,105][com.java.TestType] [ 5502] - value = 
[INFO ][2015-12-15 12:18:11,105][com.java.TestType] [ 5974] - BEFORE CLICK
[INFO ][2015-12-15 12:18:12,573][com.java.TestType] [ 5981] - Unable to click the object Add user button
[INFO ][2015-12-15 12:18:12,573][com.java.SeleniumDriver] [  894] -  RESULT true
[INFO ][2015-12-15 12:18:12,573][com.java.SeleniumDriver] [ 1100] - ?   P A S S   ?
[INFO ][2015-12-15 12:18:12,575][com.java.SeleniumDriver] [  821] - ------------------------------------------
[INFO ][2015-12-15 12:18:12,575][com.java.SeleniumDriver] [  822] - Test case being Executed: 7
[INFO ][2015-12-15 12:18:12,575][com.java.SeleniumDriver] [  833] - Test step:9
[INFO ][2015-12-15 12:18:12,575][com.java.SeleniumDriver] [  845] - Datavalue is----------2
[INFO ][2015-12-15 12:18:12,575][com.java.SeleniumDriver] [  869] - DataField : BTNtxtUserName
[INFO ][2015-12-15 12:18:12,575][com.java.SeleniumDriver] [  871] - DataValue : 2
[INFO ][2015-12-15 12:18:12,575][com.java.SeleniumDriver] [  877] - <In Set values of the page>
[INFO ][2015-12-15 12:18:12,575][com.java.SeleniumDriver] [  880] - {Data Fields & Data Values Exist}
[INFO ][2015-12-15 12:18:12,575][com.java.SeleniumDriver] [  882] - --------------------------setting values-----------------------------
[INFO ][2015-12-15 12:18:12,575][com.java.SeleniumDriver] [  885] - Action Type : WaitForElement
[INFO ][2015-12-15 12:18:13,744][com.java.SeleniumDriver] [  894] -  RESULT true
[INFO ][2015-12-15 12:18:13,744][com.java.SeleniumDriver] [ 1100] - ?   P A S S   ?
[INFO ][2015-12-15 12:18:13,744][com.java.SeleniumDriver] [  821] - ------------------------------------------
[INFO ][2015-12-15 12:18:13,744][com.java.SeleniumDriver] [  822] - Test case being Executed: 7
[INFO ][2015-12-15 12:18:13,744][com.java.SeleniumDriver] [  833] - Test step:10
[INFO ][2015-12-15 12:18:13,744][com.java.SeleniumDriver] [  845] - Datavalue is----------dt:NewUserName
[INFO ][2015-12-15 12:18:13,744][com.java.SeleniumDriver] [  869] - DataField : TXTtxtUserName
[INFO ][2015-12-15 12:18:13,744][com.java.SeleniumDriver] [  871] - DataValue : dt:NewUserName
[INFO ][2015-12-15 12:18:13,744][com.java.SeleniumDriver] [  877] - <In Set values of the page>
[INFO ][2015-12-15 12:18:13,744][com.java.SeleniumDriver] [  880] - {Data Fields & Data Values Exist}
[INFO ][2015-12-15 12:18:13,745][com.java.SeleniumDriver] [  882] - --------------------------setting values-----------------------------
[INFO ][2015-12-15 12:18:13,745][com.java.SeleniumDriver] [  885] - Action Type : Enter
[INFO ][2015-12-15 12:18:13,745][com.java.TestType] [ 6256] - field = txtUserName
[INFO ][2015-12-15 12:18:13,745][com.java.TestType] [ 5502] - value = vltest.robot
[INFO ][2015-12-15 12:18:15,129][com.java.SeleniumDriver] [  894] -  RESULT true
[INFO ][2015-12-15 12:18:15,129][com.java.SeleniumDriver] [ 1100] - ?   P A S S   ?
[INFO ][2015-12-15 12:18:15,129][com.java.SeleniumDriver] [  821] - ------------------------------------------
[INFO ][2015-12-15 12:18:15,129][com.java.SeleniumDriver] [  822] - Test case being Executed: 7
[INFO ][2015-12-15 12:18:15,129][com.java.SeleniumDriver] [  833] - Test step:11
[INFO ][2015-12-15 12:18:15,129][com.java.SeleniumDriver] [  845] - Datavalue is----------VLTest
[INFO ][2015-12-15 12:18:15,129][com.java.SeleniumDriver] [  869] - DataField : TXTtxtFirstName
[INFO ][2015-12-15 12:18:15,129][com.java.SeleniumDriver] [  871] - DataValue : VLTest
[INFO ][2015-12-15 12:18:15,129][com.java.SeleniumDriver] [  877] - <In Set values of the page>
[INFO ][2015-12-15 12:18:15,129][com.java.SeleniumDriver] [  880] - {Data Fields & Data Values Exist}
[INFO ][2015-12-15 12:18:15,129][com.java.SeleniumDriver] [  882] - --------------------------setting values-----------------------------
[INFO ][2015-12-15 12:18:15,129][com.java.SeleniumDriver] [  885] - Action Type : Enter
[INFO ][2015-12-15 12:18:15,129][com.java.TestType] [ 6256] - field = txtFirstName
[INFO ][2015-12-15 12:18:15,130][com.java.TestType] [ 5502] - value = VLTest
[INFO ][2015-12-15 12:18:16,786][com.java.SeleniumDriver] [  894] -  RESULT true
[INFO ][2015-12-15 12:18:16,786][com.java.SeleniumDriver] [ 1100] - ?   P A S S   ?
[INFO ][2015-12-15 12:18:16,786][com.java.SeleniumDriver] [  821] - ------------------------------------------
[INFO ][2015-12-15 12:18:16,786][com.java.SeleniumDriver] [  822] - Test case being Executed: 7
[INFO ][2015-12-15 12:18:16,786][com.java.SeleniumDriver] [  833] - Test step:12
[INFO ][2015-12-15 12:18:16,786][com.java.SeleniumDriver] [  845] - Datavalue is----------Robot
[INFO ][2015-12-15 12:18:16,786][com.java.SeleniumDriver] [  869] - DataField : TXTtxtLastName
[INFO ][2015-12-15 12:18:16,786][com.java.SeleniumDriver] [  871] - DataValue : Robot
[INFO ][2015-12-15 12:18:16,786][com.java.SeleniumDriver] [  877] - <In Set values of the page>
[INFO ][2015-12-15 12:18:16,786][com.java.SeleniumDriver] [  880] - {Data Fields & Data Values Exist}
[INFO ][2015-12-15 12:18:16,786][com.java.SeleniumDriver] [  882] - --------------------------setting values-----------------------------
[INFO ][2015-12-15 12:18:16,786][com.java.SeleniumDriver] [  885] - Action Type : Enter
[INFO ][2015-12-15 12:18:16,787][com.java.TestType] [ 6256] - field = txtLastName
[INFO ][2015-12-15 12:18:16,787][com.java.TestType] [ 5502] - value = Robot
[INFO ][2015-12-15 12:18:18,224][com.java.SeleniumDriver] [  894] -  RESULT true
[INFO ][2015-12-15 12:18:18,224][com.java.SeleniumDriver] [ 1100] - ?   P A S S   ?
[INFO ][2015-12-15 12:18:18,224][com.java.SeleniumDriver] [  821] - ------------------------------------------
[INFO ][2015-12-15 12:18:18,224][com.java.SeleniumDriver] [  822] - Test case being Executed: 7
[INFO ][2015-12-15 12:18:18,224][com.java.SeleniumDriver] [  833] - Test step:13
[INFO ][2015-12-15 12:18:18,224][com.java.SeleniumDriver] [  845] - Datavalue is----------ValueLabs
[INFO ][2015-12-15 12:18:18,224][com.java.SeleniumDriver] [  869] - DataField : TXTtxtCompany
[INFO ][2015-12-15 12:18:18,224][com.java.SeleniumDriver] [  871] - DataValue : ValueLabs
[INFO ][2015-12-15 12:18:18,224][com.java.SeleniumDriver] [  877] - <In Set values of the page>
[INFO ][2015-12-15 12:18:18,224][com.java.SeleniumDriver] [  880] - {Data Fields & Data Values Exist}
[INFO ][2015-12-15 12:18:18,224][com.java.SeleniumDriver] [  882] - --------------------------setting values-----------------------------
[INFO ][2015-12-15 12:18:18,224][com.java.SeleniumDriver] [  885] - Action Type : Enter
[INFO ][2015-12-15 12:18:18,224][com.java.TestType] [ 6256] - field = txtCompany
[INFO ][2015-12-15 12:18:18,225][com.java.TestType] [ 5502] - value = ValueLabs
[INFO ][2015-12-15 12:18:19,792][com.java.SeleniumDriver] [  894] -  RESULT true
[INFO ][2015-12-15 12:18:19,792][com.java.SeleniumDriver] [ 1100] - ?   P A S S   ?
[INFO ][2015-12-15 12:18:19,792][com.java.SeleniumDriver] [  821] - ------------------------------------------
[INFO ][2015-12-15 12:18:19,792][com.java.SeleniumDriver] [  822] - Test case being Executed: 7
[INFO ][2015-12-15 12:18:19,792][com.java.SeleniumDriver] [  833] - Test step:14
[INFO ][2015-12-15 12:18:19,792][com.java.SeleniumDriver] [  845] - Datavalue is----------India
[INFO ][2015-12-15 12:18:19,792][com.java.SeleniumDriver] [  869] - DataField : TXTtxtLocation
[INFO ][2015-12-15 12:18:19,792][com.java.SeleniumDriver] [  871] - DataValue : India
[INFO ][2015-12-15 12:18:19,792][com.java.SeleniumDriver] [  877] - <In Set values of the page>
[INFO ][2015-12-15 12:18:19,792][com.java.SeleniumDriver] [  880] - {Data Fields & Data Values Exist}
[INFO ][2015-12-15 12:18:19,792][com.java.SeleniumDriver] [  882] - --------------------------setting values-----------------------------
[INFO ][2015-12-15 12:18:19,792][com.java.SeleniumDriver] [  885] - Action Type : Enter
[INFO ][2015-12-15 12:18:19,793][com.java.TestType] [ 6256] - field = txtLocation
[INFO ][2015-12-15 12:18:19,793][com.java.TestType] [ 5502] - value = India
[INFO ][2015-12-15 12:18:21,231][com.java.SeleniumDriver] [  894] -  RESULT true
[INFO ][2015-12-15 12:18:21,231][com.java.SeleniumDriver] [ 1100] - ?   P A S S   ?
[INFO ][2015-12-15 12:18:21,231][com.java.SeleniumDriver] [  821] - ------------------------------------------
[INFO ][2015-12-15 12:18:21,231][com.java.SeleniumDriver] [  822] - Test case being Executed: 7
[INFO ][2015-12-15 12:18:21,231][com.java.SeleniumDriver] [  833] - Test step:15
[INFO ][2015-12-15 12:18:21,231][com.java.SeleniumDriver] [  845] - Datavalue is----------vltest.robot@valuelabs.com
[INFO ][2015-12-15 12:18:21,231][com.java.SeleniumDriver] [  869] - DataField : TXTtxtEMail
[INFO ][2015-12-15 12:18:21,231][com.java.SeleniumDriver] [  871] - DataValue : vltest.robot@valuelabs.com
[INFO ][2015-12-15 12:18:21,231][com.java.SeleniumDriver] [  877] - <In Set values of the page>
[INFO ][2015-12-15 12:18:21,231][com.java.SeleniumDriver] [  880] - {Data Fields & Data Values Exist}
[INFO ][2015-12-15 12:18:21,231][com.java.SeleniumDriver] [  882] - --------------------------setting values-----------------------------
[INFO ][2015-12-15 12:18:21,231][com.java.SeleniumDriver] [  885] - Action Type : Enter
[INFO ][2015-12-15 12:18:21,231][com.java.TestType] [ 6256] - field = txtEMail
[INFO ][2015-12-15 12:18:21,232][com.java.TestType] [ 5502] - value = vltest.robot@valuelabs.com
[INFO ][2015-12-15 12:18:22,790][com.java.SeleniumDriver] [  894] -  RESULT true
[INFO ][2015-12-15 12:18:22,790][com.java.SeleniumDriver] [ 1100] - ?   P A S S   ?
[INFO ][2015-12-15 12:18:22,790][com.java.SeleniumDriver] [  821] - ------------------------------------------
[INFO ][2015-12-15 12:18:22,790][com.java.SeleniumDriver] [  822] - Test case being Executed: 7
[INFO ][2015-12-15 12:18:22,790][com.java.SeleniumDriver] [  833] - Test step:16
[INFO ][2015-12-15 12:18:22,790][com.java.SeleniumDriver] [  845] - Datavalue is----------12345678901
[INFO ][2015-12-15 12:18:22,791][com.java.SeleniumDriver] [  869] - DataField : TXTtxtPhone
[INFO ][2015-12-15 12:18:22,791][com.java.SeleniumDriver] [  871] - DataValue : 12345678901
[INFO ][2015-12-15 12:18:22,791][com.java.SeleniumDriver] [  877] - <In Set values of the page>
[INFO ][2015-12-15 12:18:22,791][com.java.SeleniumDriver] [  880] - {Data Fields & Data Values Exist}
[INFO ][2015-12-15 12:18:22,791][com.java.SeleniumDriver] [  882] - --------------------------setting values-----------------------------
[INFO ][2015-12-15 12:18:22,791][com.java.SeleniumDriver] [  885] - Action Type : Enter
[INFO ][2015-12-15 12:18:22,791][com.java.TestType] [ 6256] - field = txtPhone
[INFO ][2015-12-15 12:18:22,791][com.java.TestType] [ 5502] - value = 12345678901
[INFO ][2015-12-15 12:18:24,157][com.java.SeleniumDriver] [  894] -  RESULT true
[INFO ][2015-12-15 12:18:24,157][com.java.SeleniumDriver] [ 1100] - ?   P A S S   ?
[INFO ][2015-12-15 12:18:24,157][com.java.SeleniumDriver] [  821] - ------------------------------------------
[INFO ][2015-12-15 12:18:24,157][com.java.SeleniumDriver] [  822] - Test case being Executed: 7
[INFO ][2015-12-15 12:18:24,157][com.java.SeleniumDriver] [  833] - Test step:17
[INFO ][2015-12-15 12:18:24,157][com.java.SeleniumDriver] [  845] - Datavalue is----------dt:NewUserPswd
[INFO ][2015-12-15 12:18:24,157][com.java.SeleniumDriver] [  869] - DataField : TXTtxtPassword
[INFO ][2015-12-15 12:18:24,157][com.java.SeleniumDriver] [  871] - DataValue : dt:NewUserPswd
[INFO ][2015-12-15 12:18:24,157][com.java.SeleniumDriver] [  877] - <In Set values of the page>
[INFO ][2015-12-15 12:18:24,157][com.java.SeleniumDriver] [  880] - {Data Fields & Data Values Exist}
[INFO ][2015-12-15 12:18:24,157][com.java.SeleniumDriver] [  882] - --------------------------setting values-----------------------------
[INFO ][2015-12-15 12:18:24,157][com.java.SeleniumDriver] [  885] - Action Type : Enter
[INFO ][2015-12-15 12:18:24,158][com.java.TestType] [ 6256] - field = txtPassword
[INFO ][2015-12-15 12:18:24,158][com.java.TestType] [ 5502] - value = Password1*
[INFO ][2015-12-15 12:18:25,737][com.java.SeleniumDriver] [  894] -  RESULT true
[INFO ][2015-12-15 12:18:25,737][com.java.SeleniumDriver] [ 1100] - ?   P A S S   ?
[INFO ][2015-12-15 12:18:25,737][com.java.SeleniumDriver] [  821] - ------------------------------------------
[INFO ][2015-12-15 12:18:25,737][com.java.SeleniumDriver] [  822] - Test case being Executed: 7
[INFO ][2015-12-15 12:18:25,737][com.java.SeleniumDriver] [  833] - Test step:18
[INFO ][2015-12-15 12:18:25,737][com.java.SeleniumDriver] [  845] - Datavalue is----------dt:NewUserPswd
[INFO ][2015-12-15 12:18:25,737][com.java.SeleniumDriver] [  869] - DataField : TXTtxtPasswordConfirm
[INFO ][2015-12-15 12:18:25,737][com.java.SeleniumDriver] [  871] - DataValue : dt:NewUserPswd
[INFO ][2015-12-15 12:18:25,737][com.java.SeleniumDriver] [  877] - <In Set values of the page>
[INFO ][2015-12-15 12:18:25,737][com.java.SeleniumDriver] [  880] - {Data Fields & Data Values Exist}
[INFO ][2015-12-15 12:18:25,737][com.java.SeleniumDriver] [  882] - --------------------------setting values-----------------------------
[INFO ][2015-12-15 12:18:25,737][com.java.SeleniumDriver] [  885] - Action Type : Enter
[INFO ][2015-12-15 12:18:25,738][com.java.TestType] [ 6256] - field = txtPasswordConfirm
[INFO ][2015-12-15 12:18:25,738][com.java.TestType] [ 5502] - value = Password1*
[INFO ][2015-12-15 12:18:27,321][com.java.SeleniumDriver] [  894] -  RESULT true
[INFO ][2015-12-15 12:18:27,321][com.java.SeleniumDriver] [ 1100] - ?   P A S S   ?
[INFO ][2015-12-15 12:18:27,321][com.java.SeleniumDriver] [  821] - ------------------------------------------
[INFO ][2015-12-15 12:18:27,321][com.java.SeleniumDriver] [  822] - Test case being Executed: 7
[INFO ][2015-12-15 12:18:27,321][com.java.SeleniumDriver] [  833] - Test step:19
[INFO ][2015-12-15 12:18:27,321][com.java.SeleniumDriver] [  845] - Datavalue is----------null
[DEBUG][2015-12-15 12:18:27,321][com.java.SeleniumDriver] [  863] - Exception: null
[INFO ][2015-12-15 12:18:27,321][com.java.SeleniumDriver] [  869] - DataField : BTNparent
[INFO ][2015-12-15 12:18:27,321][com.java.SeleniumDriver] [  871] - DataValue : 
[INFO ][2015-12-15 12:18:27,321][com.java.SeleniumDriver] [  877] - <In Set values of the page>
[INFO ][2015-12-15 12:18:27,321][com.java.SeleniumDriver] [  880] - {Data Fields & Data Values Exist}
[INFO ][2015-12-15 12:18:27,321][com.java.SeleniumDriver] [  882] - --------------------------setting values-----------------------------
[INFO ][2015-12-15 12:18:27,322][com.java.SeleniumDriver] [  885] - Action Type : SELECTFRAME
[INFO ][2015-12-15 12:18:27,333][com.java.SeleniumDriver] [  894] -  RESULT true
[INFO ][2015-12-15 12:18:27,334][com.java.SeleniumDriver] [ 1100] - ?   P A S S   ?
[INFO ][2015-12-15 12:18:27,334][com.java.SeleniumDriver] [  821] - ------------------------------------------
[INFO ][2015-12-15 12:18:27,334][com.java.SeleniumDriver] [  822] - Test case being Executed: 7
[INFO ][2015-12-15 12:18:27,334][com.java.SeleniumDriver] [  833] - Test step:20
[INFO ][2015-12-15 12:18:27,334][com.java.SeleniumDriver] [  845] - Datavalue is----------5
[INFO ][2015-12-15 12:18:27,334][com.java.SeleniumDriver] [  869] - DataField : test
[INFO ][2015-12-15 12:18:27,334][com.java.SeleniumDriver] [  871] - DataValue : 5
[INFO ][2015-12-15 12:18:27,334][com.java.SeleniumDriver] [  877] - <In Set values of the page>
[INFO ][2015-12-15 12:18:27,334][com.java.SeleniumDriver] [  880] - {Data Fields & Data Values Exist}
[INFO ][2015-12-15 12:18:27,334][com.java.SeleniumDriver] [  882] - --------------------------setting values-----------------------------
[INFO ][2015-12-15 12:18:27,334][com.java.SeleniumDriver] [  885] - Action Type : WaitTime
[DEBUG][2015-12-15 12:18:27,334][com.java.TestType] [ 5322] - sleepTime: 5000
[INFO ][2015-12-15 12:18:32,334][com.java.SeleniumDriver] [  894] -  RESULT true
[INFO ][2015-12-15 12:18:32,334][com.java.SeleniumDriver] [ 1100] - ?   P A S S   ?
[INFO ][2015-12-15 12:18:32,334][com.java.SeleniumDriver] [  821] - ------------------------------------------
[INFO ][2015-12-15 12:18:32,334][com.java.SeleniumDriver] [  822] - Test case being Executed: 7
[INFO ][2015-12-15 12:18:32,334][com.java.SeleniumDriver] [  833] - Test step:21
[INFO ][2015-12-15 12:18:32,334][com.java.SeleniumDriver] [  845] - Datavalue is----------null
[DEBUG][2015-12-15 12:18:32,334][com.java.SeleniumDriver] [  863] - Exception: null
[INFO ][2015-12-15 12:18:32,334][com.java.SeleniumDriver] [  869] - DataField : XPH//span[contains(text(), 'Finished')]
[INFO ][2015-12-15 12:18:32,334][com.java.SeleniumDriver] [  871] - DataValue : 
[INFO ][2015-12-15 12:18:32,334][com.java.SeleniumDriver] [  877] - <In Set values of the page>
[INFO ][2015-12-15 12:18:32,334][com.java.SeleniumDriver] [  880] - {Data Fields & Data Values Exist}
[INFO ][2015-12-15 12:18:32,335][com.java.SeleniumDriver] [  882] - --------------------------setting values-----------------------------
[INFO ][2015-12-15 12:18:32,335][com.java.SeleniumDriver] [  885] - Action Type : Click
[INFO ][2015-12-15 12:18:32,335][com.java.TestType] [ 5858] - Field ::XPH//span[contains(text(), 'Finished')]
[INFO ][2015-12-15 12:18:32,335][com.java.TestType] [ 5502] - value = 
[INFO ][2015-12-15 12:18:33,334][com.java.TestType] [ 5995] - BEFORE CLICK
[INFO ][2015-12-15 12:18:36,988][com.java.TestType] [ 6003] - Unable to click the object Finished button
[INFO ][2015-12-15 12:18:36,988][com.java.SeleniumDriver] [  894] -  RESULT true
[INFO ][2015-12-15 12:18:36,988][com.java.SeleniumDriver] [ 1100] - ?   P A S S   ?
[INFO ][2015-12-15 12:18:36,988][com.java.SeleniumDriver] [  821] - ------------------------------------------
[INFO ][2015-12-15 12:18:36,988][com.java.SeleniumDriver] [  822] - Test case being Executed: 7
[INFO ][2015-12-15 12:18:36,988][com.java.SeleniumDriver] [  833] - Test step:22
[INFO ][2015-12-15 12:18:36,988][com.java.SeleniumDriver] [  845] - Datavalue is----------3
[INFO ][2015-12-15 12:18:36,988][com.java.SeleniumDriver] [  869] - DataField : XPH//span[contains(text(), 'Finished')]
[INFO ][2015-12-15 12:18:36,988][com.java.SeleniumDriver] [  871] - DataValue : 3
[INFO ][2015-12-15 12:18:36,988][com.java.SeleniumDriver] [  877] - <In Set values of the page>
[INFO ][2015-12-15 12:18:36,988][com.java.SeleniumDriver] [  880] - {Data Fields & Data Values Exist}
[INFO ][2015-12-15 12:18:36,988][com.java.SeleniumDriver] [  882] - --------------------------setting values-----------------------------
[INFO ][2015-12-15 12:18:36,988][com.java.SeleniumDriver] [  885] - Action Type : WaitForElement
[INFO ][2015-12-15 12:18:37,021][com.java.SeleniumDriver] [  894] -  RESULT true
[INFO ][2015-12-15 12:18:37,021][com.java.SeleniumDriver] [ 1100] - ?   P A S S   ?
[INFO ][2015-12-15 12:18:37,021][com.java.SeleniumDriver] [  821] - ------------------------------------------
[INFO ][2015-12-15 12:18:37,021][com.java.SeleniumDriver] [  822] - Test case being Executed: 7
[INFO ][2015-12-15 12:18:37,021][com.java.SeleniumDriver] [  833] - Test step:23
[INFO ][2015-12-15 12:18:37,021][com.java.SeleniumDriver] [  845] - Datavalue is----------null
[DEBUG][2015-12-15 12:18:37,021][com.java.SeleniumDriver] [  863] - Exception: null
[INFO ][2015-12-15 12:18:37,021][com.java.SeleniumDriver] [  869] - DataField : BTNframeDialogContent
[INFO ][2015-12-15 12:18:37,021][com.java.SeleniumDriver] [  871] - DataValue : 
[INFO ][2015-12-15 12:18:37,022][com.java.SeleniumDriver] [  877] - <In Set values of the page>
[INFO ][2015-12-15 12:18:37,022][com.java.SeleniumDriver] [  880] - {Data Fields & Data Values Exist}
[INFO ][2015-12-15 12:18:37,022][com.java.SeleniumDriver] [  882] - --------------------------setting values-----------------------------
[INFO ][2015-12-15 12:18:37,022][com.java.SeleniumDriver] [  885] - Action Type : SELECTFRAME
[INFO ][2015-12-15 12:18:38,271][com.java.SeleniumDriver] [  894] -  RESULT true
[INFO ][2015-12-15 12:18:38,271][com.java.SeleniumDriver] [ 1100] - ?   P A S S   ?
[INFO ][2015-12-15 12:18:38,271][com.java.SeleniumDriver] [  821] - ------------------------------------------
[INFO ][2015-12-15 12:18:38,271][com.java.SeleniumDriver] [  822] - Test case being Executed: 7
[INFO ][2015-12-15 12:18:38,271][com.java.SeleniumDriver] [  833] - Test step:24
[INFO ][2015-12-15 12:18:38,271][com.java.SeleniumDriver] [  845] - Datavalue is----------index:3
[INFO ][2015-12-15 12:18:38,271][com.java.SeleniumDriver] [  869] - DataField : BTNddlEntityAccess
[INFO ][2015-12-15 12:18:38,271][com.java.SeleniumDriver] [  871] - DataValue : index:3
[INFO ][2015-12-15 12:18:38,271][com.java.SeleniumDriver] [  877] - <In Set values of the page>
[INFO ][2015-12-15 12:18:38,271][com.java.SeleniumDriver] [  880] - {Data Fields & Data Values Exist}
[INFO ][2015-12-15 12:18:38,272][com.java.SeleniumDriver] [  882] - --------------------------setting values-----------------------------
[INFO ][2015-12-15 12:18:38,272][com.java.SeleniumDriver] [  885] - Action Type : Click
[INFO ][2015-12-15 12:18:38,272][com.java.TestType] [ 5858] - Field ::BTNddlEntityAccess
[INFO ][2015-12-15 12:18:38,272][com.java.TestType] [ 5502] - value = index:3
[INFO ][2015-12-15 12:18:39,272][com.java.TestType] [ 5974] - BEFORE CLICK
[INFO ][2015-12-15 12:18:40,585][com.java.TestType] [ 5981] - Unable to click the object Bank's dropdown
[INFO ][2015-12-15 12:18:40,585][com.java.SeleniumDriver] [  894] -  RESULT true
[INFO ][2015-12-15 12:18:40,585][com.java.SeleniumDriver] [ 1100] - ?   P A S S   ?
[INFO ][2015-12-15 12:18:40,585][com.java.SeleniumDriver] [  821] - ------------------------------------------
[INFO ][2015-12-15 12:18:40,585][com.java.SeleniumDriver] [  822] - Test case being Executed: 7
[INFO ][2015-12-15 12:18:40,585][com.java.SeleniumDriver] [  833] - Test step:25
[INFO ][2015-12-15 12:18:40,585][com.java.SeleniumDriver] [  845] - Datavalue is----------null
[DEBUG][2015-12-15 12:18:40,585][com.java.SeleniumDriver] [  863] - Exception: null
[INFO ][2015-12-15 12:18:40,585][com.java.SeleniumDriver] [  869] - DataField : BTNrdoEnableEntity_Enable
[INFO ][2015-12-15 12:18:40,585][com.java.SeleniumDriver] [  871] - DataValue : 
[INFO ][2015-12-15 12:18:40,585][com.java.SeleniumDriver] [  877] - <In Set values of the page>
[INFO ][2015-12-15 12:18:40,585][com.java.SeleniumDriver] [  880] - {Data Fields & Data Values Exist}
[INFO ][2015-12-15 12:18:40,585][com.java.SeleniumDriver] [  882] - --------------------------setting values-----------------------------
[INFO ][2015-12-15 12:18:40,586][com.java.SeleniumDriver] [  885] - Action Type : Click
[INFO ][2015-12-15 12:18:40,586][com.java.TestType] [ 5858] - Field ::BTNrdoEnableEntity_Enable
[INFO ][2015-12-15 12:18:40,586][com.java.TestType] [ 5502] - value = 
[INFO ][2015-12-15 12:18:41,586][com.java.TestType] [ 5974] - BEFORE CLICK
[INFO ][2015-12-15 12:18:42,865][com.java.TestType] [ 5981] - Unable to click the object Enable radio button
[INFO ][2015-12-15 12:18:42,865][com.java.SeleniumDriver] [  894] -  RESULT true
[INFO ][2015-12-15 12:18:42,865][com.java.SeleniumDriver] [ 1100] - ?   P A S S   ?
[INFO ][2015-12-15 12:18:42,865][com.java.SeleniumDriver] [  821] - ------------------------------------------
[INFO ][2015-12-15 12:18:42,865][com.java.SeleniumDriver] [  822] - Test case being Executed: 7
[INFO ][2015-12-15 12:18:42,865][com.java.SeleniumDriver] [  833] - Test step:26
[INFO ][2015-12-15 12:18:42,865][com.java.SeleniumDriver] [  845] - Datavalue is----------null
[DEBUG][2015-12-15 12:18:42,865][com.java.SeleniumDriver] [  863] - Exception: null
[INFO ][2015-12-15 12:18:42,865][com.java.SeleniumDriver] [  869] - DataField : BTNchkProfitCenterAll
[INFO ][2015-12-15 12:18:42,865][com.java.SeleniumDriver] [  871] - DataValue : 
[INFO ][2015-12-15 12:18:42,865][com.java.SeleniumDriver] [  877] - <In Set values of the page>
[INFO ][2015-12-15 12:18:42,865][com.java.SeleniumDriver] [  880] - {Data Fields & Data Values Exist}
[INFO ][2015-12-15 12:18:42,865][com.java.SeleniumDriver] [  882] - --------------------------setting values-----------------------------
[INFO ][2015-12-15 12:18:42,866][com.java.SeleniumDriver] [  885] - Action Type : Click
[INFO ][2015-12-15 12:18:42,866][com.java.TestType] [ 5858] - Field ::BTNchkProfitCenterAll
[INFO ][2015-12-15 12:18:42,866][com.java.TestType] [ 5502] - value = 
[INFO ][2015-12-15 12:18:43,866][com.java.TestType] [ 5974] - BEFORE CLICK
[INFO ][2015-12-15 12:18:45,155][com.java.TestType] [ 5981] - Unable to click the object All Check box
[INFO ][2015-12-15 12:18:45,155][com.java.SeleniumDriver] [  894] -  RESULT true
[INFO ][2015-12-15 12:18:45,155][com.java.SeleniumDriver] [ 1100] - ?   P A S S   ?
[INFO ][2015-12-15 12:18:45,155][com.java.SeleniumDriver] [  821] - ------------------------------------------
[INFO ][2015-12-15 12:18:45,155][com.java.SeleniumDriver] [  822] - Test case being Executed: 7
[INFO ][2015-12-15 12:18:45,155][com.java.SeleniumDriver] [  833] - Test step:27
[INFO ][2015-12-15 12:18:45,155][com.java.SeleniumDriver] [  845] - Datavalue is----------null
[DEBUG][2015-12-15 12:18:45,155][com.java.SeleniumDriver] [  863] - Exception: null
[INFO ][2015-12-15 12:18:45,155][com.java.SeleniumDriver] [  869] - DataField : BTNchkPrivsAccessGL
[INFO ][2015-12-15 12:18:45,155][com.java.SeleniumDriver] [  871] - DataValue : 
[INFO ][2015-12-15 12:18:45,155][com.java.SeleniumDriver] [  877] - <In Set values of the page>
[INFO ][2015-12-15 12:18:45,156][com.java.SeleniumDriver] [  880] - {Data Fields & Data Values Exist}
[INFO ][2015-12-15 12:18:45,156][com.java.SeleniumDriver] [  882] - --------------------------setting values-----------------------------
[INFO ][2015-12-15 12:18:45,156][com.java.SeleniumDriver] [  885] - Action Type : Click
[INFO ][2015-12-15 12:18:45,156][com.java.TestType] [ 5858] - Field ::BTNchkPrivsAccessGL
[INFO ][2015-12-15 12:18:45,156][com.java.TestType] [ 5502] - value = 
[INFO ][2015-12-15 12:18:46,156][com.java.TestType] [ 5974] - BEFORE CLICK
[INFO ][2015-12-15 12:18:47,426][com.java.TestType] [ 5981] - Unable to click the object GL check box
[INFO ][2015-12-15 12:18:47,427][com.java.SeleniumDriver] [  894] -  RESULT true
[INFO ][2015-12-15 12:18:47,427][com.java.SeleniumDriver] [ 1100] - ?   P A S S   ?
[INFO ][2015-12-15 12:18:47,427][com.java.SeleniumDriver] [  821] - ------------------------------------------
[INFO ][2015-12-15 12:18:47,427][com.java.SeleniumDriver] [  822] - Test case being Executed: 7
[INFO ][2015-12-15 12:18:47,427][com.java.SeleniumDriver] [  833] - Test step:28
[INFO ][2015-12-15 12:18:47,427][com.java.SeleniumDriver] [  845] - Datavalue is----------null
[DEBUG][2015-12-15 12:18:47,427][com.java.SeleniumDriver] [  863] - Exception: null
[INFO ][2015-12-15 12:18:47,427][com.java.SeleniumDriver] [  869] - DataField : BTNchkPrivsAccessAL
[INFO ][2015-12-15 12:18:47,427][com.java.SeleniumDriver] [  871] - DataValue : 
[INFO ][2015-12-15 12:18:47,427][com.java.SeleniumDriver] [  877] - <In Set values of the page>
[INFO ][2015-12-15 12:18:47,427][com.java.SeleniumDriver] [  880] - {Data Fields & Data Values Exist}
[INFO ][2015-12-15 12:18:47,427][com.java.SeleniumDriver] [  882] - --------------------------setting values-----------------------------
[INFO ][2015-12-15 12:18:47,428][com.java.SeleniumDriver] [  885] - Action Type : Click
[INFO ][2015-12-15 12:18:47,428][com.java.TestType] [ 5858] - Field ::BTNchkPrivsAccessAL
[INFO ][2015-12-15 12:18:47,428][com.java.TestType] [ 5502] - value = 
[INFO ][2015-12-15 12:18:48,427][com.java.TestType] [ 5974] - BEFORE CLICK
[INFO ][2015-12-15 12:18:49,676][com.java.TestType] [ 5981] - Unable to click the object AL Check box
[INFO ][2015-12-15 12:18:49,676][com.java.SeleniumDriver] [  894] -  RESULT true
[INFO ][2015-12-15 12:18:49,676][com.java.SeleniumDriver] [ 1100] - ?   P A S S   ?
[INFO ][2015-12-15 12:18:49,676][com.java.SeleniumDriver] [  821] - ------------------------------------------
[INFO ][2015-12-15 12:18:49,676][com.java.SeleniumDriver] [  822] - Test case being Executed: 7
[INFO ][2015-12-15 12:18:49,676][com.java.SeleniumDriver] [  833] - Test step:29
[INFO ][2015-12-15 12:18:49,676][com.java.SeleniumDriver] [  845] - Datavalue is----------null
[DEBUG][2015-12-15 12:18:49,676][com.java.SeleniumDriver] [  863] - Exception: null
[INFO ][2015-12-15 12:18:49,676][com.java.SeleniumDriver] [  869] - DataField : BTNchkPrivsDesignBoardPackage
[INFO ][2015-12-15 12:18:49,676][com.java.SeleniumDriver] [  871] - DataValue : 
[INFO ][2015-12-15 12:18:49,676][com.java.SeleniumDriver] [  877] - <In Set values of the page>
[INFO ][2015-12-15 12:18:49,676][com.java.SeleniumDriver] [  880] - {Data Fields & Data Values Exist}
[INFO ][2015-12-15 12:18:49,677][com.java.SeleniumDriver] [  882] - --------------------------setting values-----------------------------
[INFO ][2015-12-15 12:18:49,677][com.java.SeleniumDriver] [  885] - Action Type : Click
[INFO ][2015-12-15 12:18:49,677][com.java.TestType] [ 5858] - Field ::BTNchkPrivsDesignBoardPackage
[INFO ][2015-12-15 12:18:49,677][com.java.TestType] [ 5502] - value = 
[INFO ][2015-12-15 12:18:50,677][com.java.TestType] [ 5974] - BEFORE CLICK
[INFO ][2015-12-15 12:18:51,925][com.java.TestType] [ 5981] - Unable to click the object Design Board Package check box
[INFO ][2015-12-15 12:18:51,925][com.java.SeleniumDriver] [  894] -  RESULT true
[INFO ][2015-12-15 12:18:51,925][com.java.SeleniumDriver] [ 1100] - ?   P A S S   ?
[INFO ][2015-12-15 12:18:51,925][com.java.SeleniumDriver] [  821] - ------------------------------------------
[INFO ][2015-12-15 12:18:51,925][com.java.SeleniumDriver] [  822] - Test case being Executed: 7
[INFO ][2015-12-15 12:18:51,925][com.java.SeleniumDriver] [  833] - Test step:30
[INFO ][2015-12-15 12:18:51,926][com.java.SeleniumDriver] [  845] - Datavalue is----------null
[DEBUG][2015-12-15 12:18:51,926][com.java.SeleniumDriver] [  863] - Exception: null
[INFO ][2015-12-15 12:18:51,926][com.java.SeleniumDriver] [  869] - DataField : BTNparent
[INFO ][2015-12-15 12:18:51,926][com.java.SeleniumDriver] [  871] - DataValue : 
[INFO ][2015-12-15 12:18:51,926][com.java.SeleniumDriver] [  877] - <In Set values of the page>
[INFO ][2015-12-15 12:18:51,926][com.java.SeleniumDriver] [  880] - {Data Fields & Data Values Exist}
[INFO ][2015-12-15 12:18:51,926][com.java.SeleniumDriver] [  882] - --------------------------setting values-----------------------------
[INFO ][2015-12-15 12:18:51,926][com.java.SeleniumDriver] [  885] - Action Type : SELECTFRAME
[INFO ][2015-12-15 12:18:51,939][com.java.SeleniumDriver] [  894] -  RESULT true
[INFO ][2015-12-15 12:18:51,939][com.java.SeleniumDriver] [ 1100] - ?   P A S S   ?
[INFO ][2015-12-15 12:18:51,939][com.java.SeleniumDriver] [  821] - ------------------------------------------
[INFO ][2015-12-15 12:18:51,939][com.java.SeleniumDriver] [  822] - Test case being Executed: 7
[INFO ][2015-12-15 12:18:51,939][com.java.SeleniumDriver] [  833] - Test step:31
[INFO ][2015-12-15 12:18:51,939][com.java.SeleniumDriver] [  845] - Datavalue is----------5
[INFO ][2015-12-15 12:18:51,939][com.java.SeleniumDriver] [  869] - DataField : test
[INFO ][2015-12-15 12:18:51,939][com.java.SeleniumDriver] [  871] - DataValue : 5
[INFO ][2015-12-15 12:18:51,939][com.java.SeleniumDriver] [  877] - <In Set values of the page>
[INFO ][2015-12-15 12:18:51,939][com.java.SeleniumDriver] [  880] - {Data Fields & Data Values Exist}
[INFO ][2015-12-15 12:18:51,939][com.java.SeleniumDriver] [  882] - --------------------------setting values-----------------------------
[INFO ][2015-12-15 12:18:51,939][com.java.SeleniumDriver] [  885] - Action Type : WaitTime
[DEBUG][2015-12-15 12:18:51,939][com.java.TestType] [ 5322] - sleepTime: 5000
[INFO ][2015-12-15 12:18:56,938][com.java.SeleniumDriver] [  894] -  RESULT true
[INFO ][2015-12-15 12:18:56,938][com.java.SeleniumDriver] [ 1100] - ?   P A S S   ?
[INFO ][2015-12-15 12:18:56,938][com.java.SeleniumDriver] [  821] - ------------------------------------------
[INFO ][2015-12-15 12:18:56,938][com.java.SeleniumDriver] [  822] - Test case being Executed: 7
[INFO ][2015-12-15 12:18:56,938][com.java.SeleniumDriver] [  833] - Test step:32
[INFO ][2015-12-15 12:18:56,938][com.java.SeleniumDriver] [  845] - Datavalue is----------null
[DEBUG][2015-12-15 12:18:56,938][com.java.SeleniumDriver] [  863] - Exception: null
[INFO ][2015-12-15 12:18:56,938][com.java.SeleniumDriver] [  869] - DataField : XPH//span[contains(text(), 'Finished')]
[INFO ][2015-12-15 12:18:56,938][com.java.SeleniumDriver] [  871] - DataValue : 
[INFO ][2015-12-15 12:18:56,938][com.java.SeleniumDriver] [  877] - <In Set values of the page>
[INFO ][2015-12-15 12:18:56,938][com.java.SeleniumDriver] [  880] - {Data Fields & Data Values Exist}
[INFO ][2015-12-15 12:18:56,938][com.java.SeleniumDriver] [  882] - --------------------------setting values-----------------------------
[INFO ][2015-12-15 12:18:56,939][com.java.SeleniumDriver] [  885] - Action Type : Click
[INFO ][2015-12-15 12:18:56,939][com.java.TestType] [ 5858] - Field ::XPH//span[contains(text(), 'Finished')]
[INFO ][2015-12-15 12:18:56,939][com.java.TestType] [ 5502] - value = 
[INFO ][2015-12-15 12:18:57,938][com.java.TestType] [ 5995] - BEFORE CLICK
[INFO ][2015-12-15 12:19:00,257][com.java.TestType] [ 6003] - Unable to click the object Finished button
[INFO ][2015-12-15 12:19:00,257][com.java.SeleniumDriver] [  894] -  RESULT true
[INFO ][2015-12-15 12:19:00,257][com.java.SeleniumDriver] [ 1100] - ?   P A S S   ?
[INFO ][2015-12-15 12:19:00,257][com.java.SeleniumDriver] [  821] - ------------------------------------------
[INFO ][2015-12-15 12:19:00,257][com.java.SeleniumDriver] [  822] - Test case being Executed: 7
[INFO ][2015-12-15 12:19:00,257][com.java.SeleniumDriver] [  833] - Test step:33
[INFO ][2015-12-15 12:19:00,257][com.java.SeleniumDriver] [  845] - Datavalue is----------5
[INFO ][2015-12-15 12:19:00,257][com.java.SeleniumDriver] [  869] - DataField : BTNframeDialogContent
[INFO ][2015-12-15 12:19:00,257][com.java.SeleniumDriver] [  871] - DataValue : 5
[INFO ][2015-12-15 12:19:00,257][com.java.SeleniumDriver] [  877] - <In Set values of the page>
[INFO ][2015-12-15 12:19:00,257][com.java.SeleniumDriver] [  880] - {Data Fields & Data Values Exist}
[INFO ][2015-12-15 12:19:00,257][com.java.SeleniumDriver] [  882] - --------------------------setting values-----------------------------
[INFO ][2015-12-15 12:19:00,257][com.java.SeleniumDriver] [  885] - Action Type : WaitForElement
[INFO ][2015-12-15 12:19:01,442][com.java.SeleniumDriver] [  894] -  RESULT true
[INFO ][2015-12-15 12:19:01,442][com.java.SeleniumDriver] [ 1100] - ?   P A S S   ?
[INFO ][2015-12-15 12:19:01,442][com.java.SeleniumDriver] [  821] - ------------------------------------------
[INFO ][2015-12-15 12:19:01,442][com.java.SeleniumDriver] [  822] - Test case being Executed: 7
[INFO ][2015-12-15 12:19:01,442][com.java.SeleniumDriver] [  833] - Test step:34
[INFO ][2015-12-15 12:19:01,442][com.java.SeleniumDriver] [  845] - Datavalue is----------null
[DEBUG][2015-12-15 12:19:01,442][com.java.SeleniumDriver] [  863] - Exception: null
[INFO ][2015-12-15 12:19:01,442][com.java.SeleniumDriver] [  869] - DataField : BTNframeDialogContent
[INFO ][2015-12-15 12:19:01,442][com.java.SeleniumDriver] [  871] - DataValue : 
[INFO ][2015-12-15 12:19:01,442][com.java.SeleniumDriver] [  877] - <In Set values of the page>
[INFO ][2015-12-15 12:19:01,442][com.java.SeleniumDriver] [  880] - {Data Fields & Data Values Exist}
[INFO ][2015-12-15 12:19:01,442][com.java.SeleniumDriver] [  882] - --------------------------setting values-----------------------------
[INFO ][2015-12-15 12:19:01,443][com.java.SeleniumDriver] [  885] - Action Type : SELECTFRAME
[INFO ][2015-12-15 12:19:02,656][com.java.SeleniumDriver] [  894] -  RESULT true
[INFO ][2015-12-15 12:19:02,656][com.java.SeleniumDriver] [ 1100] - ?   P A S S   ?
[INFO ][2015-12-15 12:19:02,656][com.java.SeleniumDriver] [  821] - ------------------------------------------
[INFO ][2015-12-15 12:19:02,656][com.java.SeleniumDriver] [  822] - Test case being Executed: 7
[INFO ][2015-12-15 12:19:02,656][com.java.SeleniumDriver] [  833] - Test step:35
[INFO ][2015-12-15 12:19:02,656][com.java.SeleniumDriver] [  845] - Datavalue is----------6
[INFO ][2015-12-15 12:19:02,657][com.java.SeleniumDriver] [  869] - DataField : XPH//table[@id="tblUserListing"]//td[contains(text(),'vltest.robot')]
[INFO ][2015-12-15 12:19:02,657][com.java.SeleniumDriver] [  871] - DataValue : 6
[INFO ][2015-12-15 12:19:02,657][com.java.SeleniumDriver] [  877] - <In Set values of the page>
[INFO ][2015-12-15 12:19:02,657][com.java.SeleniumDriver] [  880] - {Data Fields & Data Values Exist}
[INFO ][2015-12-15 12:19:02,657][com.java.SeleniumDriver] [  882] - --------------------------setting values-----------------------------
[INFO ][2015-12-15 12:19:02,657][com.java.SeleniumDriver] [  885] - Action Type : WaitForElement
[INFO ][2015-12-15 12:19:02,710][com.java.SeleniumDriver] [  894] -  RESULT true
[INFO ][2015-12-15 12:19:02,711][com.java.SeleniumDriver] [ 1100] - ?   P A S S   ?
[INFO ][2015-12-15 12:19:02,711][com.java.SeleniumDriver] [  821] - ------------------------------------------
[INFO ][2015-12-15 12:19:02,711][com.java.SeleniumDriver] [  822] - Test case being Executed: 7
[INFO ][2015-12-15 12:19:02,712][com.java.SeleniumDriver] [  833] - Test step:36
[INFO ][2015-12-15 12:19:02,712][com.java.SeleniumDriver] [  845] - Datavalue is----------dt:NewUserName
[INFO ][2015-12-15 12:19:02,712][com.java.SeleniumDriver] [  869] - DataField : USR
[INFO ][2015-12-15 12:19:02,712][com.java.SeleniumDriver] [  871] - DataValue : dt:NewUserName
[INFO ][2015-12-15 12:19:02,712][com.java.SeleniumDriver] [  877] - <In Set values of the page>
[INFO ][2015-12-15 12:19:02,712][com.java.SeleniumDriver] [  880] - {Data Fields & Data Values Exist}
[INFO ][2015-12-15 12:19:02,712][com.java.SeleniumDriver] [  882] - --------------------------setting values-----------------------------
[INFO ][2015-12-15 12:19:02,712][com.java.SeleniumDriver] [  885] - Action Type : Verify
[INFO ][2015-12-15 12:19:02,712][com.java.TestType] [ 6801] - field= USR value= dt:NewUserName
[INFO ][2015-12-15 12:19:02,712][com.java.TestType] [ 5502] - value = vltest.robot
[INFO ][2015-12-15 12:19:02,757][com.java.SeleniumDriver] [  894] -  RESULT true
[INFO ][2015-12-15 12:19:02,757][com.java.SeleniumDriver] [ 1100] - ?   P A S S   ?
[INFO ][2015-12-15 12:19:02,757][com.java.SeleniumDriver] [  821] - ------------------------------------------
[INFO ][2015-12-15 12:19:02,757][com.java.SeleniumDriver] [  822] - Test case being Executed: 7
[INFO ][2015-12-15 12:19:02,757][com.java.SeleniumDriver] [  833] - Test step:37
[INFO ][2015-12-15 12:19:02,757][com.java.SeleniumDriver] [  845] - Datavalue is----------Login_username
[INFO ][2015-12-15 12:19:02,757][com.java.SeleniumDriver] [  869] - DataField : XPH//table[@id="tblUserListing"]//td[contains(text(),'vltest.robot')]
[INFO ][2015-12-15 12:19:02,757][com.java.SeleniumDriver] [  871] - DataValue : Login_username
[INFO ][2015-12-15 12:19:02,757][com.java.SeleniumDriver] [  877] - <In Set values of the page>
[INFO ][2015-12-15 12:19:02,757][com.java.SeleniumDriver] [  880] - {Data Fields & Data Values Exist}
[INFO ][2015-12-15 12:19:02,757][com.java.SeleniumDriver] [  882] - --------------------------setting values-----------------------------
[INFO ][2015-12-15 12:19:02,757][com.java.SeleniumDriver] [  885] - Action Type : STOREVALUE
[INFO ][2015-12-15 12:19:02,758][com.java.TestType] [ 7981] - field= XPH//table[@id="tblUserListing"]//td[contains(text(),'vltest.robot')]
[DEBUG][2015-12-15 12:19:02,844][com.java.TestType] [ 8033] - Key:: Login_username   Value:: vltest.robot.15310
[INFO ][2015-12-15 12:19:02,844][com.java.SeleniumDriver] [  894] -  RESULT true
[INFO ][2015-12-15 12:19:02,844][com.java.SeleniumDriver] [ 1100] - ?   P A S S   ?
[INFO ][2015-12-15 12:19:02,844][com.java.SeleniumDriver] [  821] - ------------------------------------------
[INFO ][2015-12-15 12:19:02,844][com.java.SeleniumDriver] [  822] - Test case being Executed: 7
[INFO ][2015-12-15 12:19:02,844][com.java.SeleniumDriver] [  833] - Test step:38
[INFO ][2015-12-15 12:19:02,844][com.java.SeleniumDriver] [  845] - Datavalue is----------null
[DEBUG][2015-12-15 12:19:02,844][com.java.SeleniumDriver] [  863] - Exception: null
[INFO ][2015-12-15 12:19:02,844][com.java.SeleniumDriver] [  869] - DataField : BTNparent
[INFO ][2015-12-15 12:19:02,844][com.java.SeleniumDriver] [  871] - DataValue : 
[INFO ][2015-12-15 12:19:02,844][com.java.SeleniumDriver] [  877] - <In Set values of the page>
[INFO ][2015-12-15 12:19:02,845][com.java.SeleniumDriver] [  880] - {Data Fields & Data Values Exist}
[INFO ][2015-12-15 12:19:02,845][com.java.SeleniumDriver] [  882] - --------------------------setting values-----------------------------
[INFO ][2015-12-15 12:19:02,845][com.java.SeleniumDriver] [  885] - Action Type : SelectFrame
[INFO ][2015-12-15 12:19:02,856][com.java.SeleniumDriver] [  894] -  RESULT true
[INFO ][2015-12-15 12:19:02,857][com.java.SeleniumDriver] [ 1100] - ?   P A S S   ?
[INFO ][2015-12-15 12:19:02,857][com.java.SeleniumDriver] [  821] - ------------------------------------------
[INFO ][2015-12-15 12:19:02,857][com.java.SeleniumDriver] [  822] - Test case being Executed: 7
[INFO ][2015-12-15 12:19:02,857][com.java.SeleniumDriver] [  833] - Test step:39
[INFO ][2015-12-15 12:19:02,857][com.java.SeleniumDriver] [  845] - Datavalue is----------null
[DEBUG][2015-12-15 12:19:02,857][com.java.SeleniumDriver] [  863] - Exception: null
[INFO ][2015-12-15 12:19:02,857][com.java.SeleniumDriver] [  869] - DataField : XPH//span[contains(text(), 'Finished')]
[INFO ][2015-12-15 12:19:02,857][com.java.SeleniumDriver] [  871] - DataValue : 
[INFO ][2015-12-15 12:19:02,857][com.java.SeleniumDriver] [  877] - <In Set values of the page>
[INFO ][2015-12-15 12:19:02,857][com.java.SeleniumDriver] [  880] - {Data Fields & Data Values Exist}
[INFO ][2015-12-15 12:19:02,857][com.java.SeleniumDriver] [  882] - --------------------------setting values-----------------------------
[INFO ][2015-12-15 12:19:02,857][com.java.SeleniumDriver] [  885] - Action Type : Click
[INFO ][2015-12-15 12:19:02,857][com.java.TestType] [ 5858] - Field ::XPH//span[contains(text(), 'Finished')]
[INFO ][2015-12-15 12:19:02,857][com.java.TestType] [ 5502] - value = 
[INFO ][2015-12-15 12:19:03,858][com.java.TestType] [ 5995] - BEFORE CLICK
[INFO ][2015-12-15 12:19:04,933][com.java.TestType] [ 6003] - Unable to click the object Finished button
[INFO ][2015-12-15 12:19:04,933][com.java.SeleniumDriver] [  894] -  RESULT true
[INFO ][2015-12-15 12:19:04,933][com.java.SeleniumDriver] [ 1100] - ?   P A S S   ?
[INFO ][2015-12-15 12:19:04,933][com.java.SeleniumDriver] [  821] - ------------------------------------------
[INFO ][2015-12-15 12:19:04,933][com.java.SeleniumDriver] [  822] - Test case being Executed: 7
[INFO ][2015-12-15 12:19:04,933][com.java.SeleniumDriver] [  833] - Test step:40
[INFO ][2015-12-15 12:19:04,933][com.java.SeleniumDriver] [  845] - Datavalue is----------Concept#3:1-2
[INFO ][2015-12-15 12:19:04,933][com.java.SeleniumDriver] [  869] - DataField : test
[INFO ][2015-12-15 12:19:04,933][com.java.SeleniumDriver] [  871] - DataValue : Concept#3:1-2
[INFO ][2015-12-15 12:19:04,933][com.java.SeleniumDriver] [  877] - <In Set values of the page>
[INFO ][2015-12-15 12:19:04,933][com.java.SeleniumDriver] [  880] - {Data Fields & Data Values Exist}
[INFO ][2015-12-15 12:19:04,933][com.java.SeleniumDriver] [  882] - --------------------------setting values-----------------------------
[INFO ][2015-12-15 12:19:04,933][com.java.SeleniumDriver] [  885] - Action Type : ExecuteTestCase
[INFO ][2015-12-15 12:19:04,934][com.java.TestType] [  437] - The Concept sheet name is ---------- Concept
[INFO ][2015-12-15 12:19:04,934][com.java.TestType] [  440] - The Concept ID  is ---------- 3
[DEBUG][2015-12-15 12:19:04,934][com.java.TestType] [  444] - Steps being executted in the Concept are: 1:2
[INFO ][2015-12-15 12:19:04,934][com.java.TestType] [  451] - Test data details path ---------- D:\BankersDashboard\TestInputs\TestData.xls
[INFO ][2015-12-15 12:19:04,964][com.java.TestType] [  482] -  str(1) = 3
[INFO ][2015-12-15 12:19:04,964][com.java.TestType] [  485] - Test case Id is---3
[INFO ][2015-12-15 12:19:04,964][com.java.TestType] [  487] - 3
[INFO ][2015-12-15 12:19:04,964][com.java.TestType] [  482] -  str(2) = 1
[INFO ][2015-12-15 12:19:04,965][com.java.TestType] [  534] - row values are--------{1=com.java.Objects.TestDataDetails@10975b0}
[INFO ][2015-12-15 12:19:04,965][com.java.TestType] [  482] -  str(1) = 3
[INFO ][2015-12-15 12:19:04,965][com.java.TestType] [  485] - Test case Id is---3
[INFO ][2015-12-15 12:19:04,965][com.java.TestType] [  487] - 3
[INFO ][2015-12-15 12:19:04,965][com.java.TestType] [  482] -  str(2) = 2
[INFO ][2015-12-15 12:19:04,967][com.java.TestType] [  534] - row values are--------{1=com.java.Objects.TestDataDetails@10975b0, 2=com.java.Objects.TestDataDetails@110a0ca}
[INFO ][2015-12-15 12:19:04,967][com.java.TestType] [10115] - Looping 1TCID = 3
[DEBUG][2015-12-15 12:19:04,967][com.java.TestType] [10156] - Concept ID:3 :: Step being Executed: 3::1
[INFO ][2015-12-15 12:19:04,967][com.java.TestType] [10194] - dataFields : test
[DEBUG][2015-12-15 12:19:04,967][com.java.TestType] [10200] - <In Set values of the page>
[DEBUG][2015-12-15 12:19:04,967][com.java.TestType] [10205] - {Data Fields & Data Values Exist}
[INFO ][2015-12-15 12:19:04,967][com.java.TestType] [10211] - --------------------------setting values-----------------------------
[INFO ][2015-12-15 12:19:04,967][com.java.TestType] [10214] - Action Type : Logout
[INFO ][2015-12-15 12:19:07,274][com.java.TestType] [ 5858] - Field ::CNF
[INFO ][2015-12-15 12:19:07,274][com.java.TestType] [ 5502] - value = OK
[INFO ][2015-12-15 12:19:09,581][com.java.TestType] [ 5991] - Click the object confirmation
[INFO ][2015-12-15 12:19:09,581][com.java.TestType] [ 5992] - Unable to click the object confirmation
[DEBUG][2015-12-15 12:19:10,975][com.java.SeleniumDriver] [  426] - Hub ip address is-------172.17.68.34
[INFO ][2015-12-15 12:19:10,975][com.java.SeleniumDriver] [  452] - Grid URL:http://172.17.68.34:4444/wd/hub
[INFO ][2015-12-15 12:19:10,975][com.java.SeleniumDriver] [  453] - Capability:Capabilities [{platform=ANY, ensureCleanSession=true, ignoreProtectedModeSettings=true, acceptSslCerts=true, ignoreZoomSetting=true, browserName=internet explorer, browserstack.ie.noFlash=true, version=null}]
[ERROR][2015-12-15 12:19:11,988][com.java.SeleniumDriver] [  497] - Unable invoke browser in grid:Could not start a new session. Possible causes are invalid address of the remote server or browser start-up failure.
Build info: version: '2.48.2', revision: '41bccdd', time: '2015-10-09 19:59:12'
System info: host: 'FVTIII438F1D', ip: '172.17.68.34', os.name: 'Windows 7', os.arch: 'x86', os.version: '6.1', java.version: '1.7.0_55'
Driver info: driver.version: SeleniumDriver
[INFO ][2015-12-15 12:19:11,988][com.java.SeleniumDriver] [  499] - Executing on local machine
[INFO ][2015-12-15 12:19:21,566][com.java.TestType] [10233] -  RESULT true
[INFO ][2015-12-15 12:19:21,566][com.java.TestType] [10350] - ?   P A S S   ?
[DEBUG][2015-12-15 12:19:21,566][com.java.TestType] [10156] - Concept ID:3 :: Step being Executed: 3::2
[INFO ][2015-12-15 12:19:21,566][com.java.TestType] [10194] - dataFields : test
[DEBUG][2015-12-15 12:19:21,566][com.java.TestType] [10200] - <In Set values of the page>
[DEBUG][2015-12-15 12:19:21,566][com.java.TestType] [10205] - {Data Fields & Data Values Exist}
[INFO ][2015-12-15 12:19:21,566][com.java.TestType] [10211] - --------------------------setting values-----------------------------
[INFO ][2015-12-15 12:19:21,566][com.java.TestType] [10214] - Action Type : WaitTime
[DEBUG][2015-12-15 12:19:21,566][com.java.TestType] [ 5322] - sleepTime: 2000
[INFO ][2015-12-15 12:19:23,567][com.java.TestType] [10233] -  RESULT true
[INFO ][2015-12-15 12:19:23,567][com.java.TestType] [10350] - ?   P A S S   ?
[INFO ][2015-12-15 12:19:23,567][com.java.TestType] [10421] - Looping End......
[INFO ][2015-12-15 12:19:23,567][com.java.SeleniumDriver] [  894] -  RESULT true
[INFO ][2015-12-15 12:19:23,567][com.java.SeleniumDriver] [ 1100] - ?   P A S S   ?
[INFO ][2015-12-15 12:19:23,567][com.java.SeleniumDriver] [  821] - ------------------------------------------
[INFO ][2015-12-15 12:19:23,567][com.java.SeleniumDriver] [  822] - Test case being Executed: 7
[INFO ][2015-12-15 12:19:23,567][com.java.SeleniumDriver] [  833] - Test step:41
[INFO ][2015-12-15 12:19:23,567][com.java.SeleniumDriver] [  845] - Datavalue is----------HMVLogin_username
[INFO ][2015-12-15 12:19:23,567][com.java.SeleniumDriver] [  869] - DataField : TXTusername
[INFO ][2015-12-15 12:19:23,567][com.java.SeleniumDriver] [  871] - DataValue : HMVLogin_username
[INFO ][2015-12-15 12:19:23,567][com.java.SeleniumDriver] [  877] - <In Set values of the page>
[INFO ][2015-12-15 12:19:23,567][com.java.SeleniumDriver] [  880] - {Data Fields & Data Values Exist}
[INFO ][2015-12-15 12:19:23,567][com.java.SeleniumDriver] [  882] - --------------------------setting values-----------------------------
[INFO ][2015-12-15 12:19:23,567][com.java.SeleniumDriver] [  885] - Action Type : CLEARANDENTER
[INFO ][2015-12-15 12:19:23,567][com.java.TestType] [ 5502] - value = vltest.robot.15310
[INFO ][2015-12-15 12:19:28,416][com.java.SeleniumDriver] [  894] -  RESULT true
[INFO ][2015-12-15 12:19:28,416][com.java.SeleniumDriver] [ 1100] - ?   P A S S   ?
[INFO ][2015-12-15 12:19:28,416][com.java.SeleniumDriver] [  821] - ------------------------------------------
[INFO ][2015-12-15 12:19:28,416][com.java.SeleniumDriver] [  822] - Test case being Executed: 7
[INFO ][2015-12-15 12:19:28,416][com.java.SeleniumDriver] [  833] - Test step:42
[INFO ][2015-12-15 12:19:28,416][com.java.SeleniumDriver] [  845] - Datavalue is----------dt:NewUserPswd
[INFO ][2015-12-15 12:19:28,416][com.java.SeleniumDriver] [  869] - DataField : TXTpassword
[INFO ][2015-12-15 12:19:28,416][com.java.SeleniumDriver] [  871] - DataValue : dt:NewUserPswd
[INFO ][2015-12-15 12:19:28,416][com.java.SeleniumDriver] [  877] - <In Set values of the page>
[INFO ][2015-12-15 12:19:28,416][com.java.SeleniumDriver] [  880] - {Data Fields & Data Values Exist}
[INFO ][2015-12-15 12:19:28,416][com.java.SeleniumDriver] [  882] - --------------------------setting values-----------------------------
[INFO ][2015-12-15 12:19:28,416][com.java.SeleniumDriver] [  885] - Action Type : CLEARANDENTER
[INFO ][2015-12-15 12:19:28,416][com.java.TestType] [ 5502] - value = Password1*
[INFO ][2015-12-15 12:19:33,283][com.java.SeleniumDriver] [  894] -  RESULT true
[INFO ][2015-12-15 12:19:33,283][com.java.SeleniumDriver] [ 1100] - ?   P A S S   ?
[INFO ][2015-12-15 12:19:33,283][com.java.SeleniumDriver] [  821] - ------------------------------------------
[INFO ][2015-12-15 12:19:33,283][com.java.SeleniumDriver] [  822] - Test case being Executed: 7
[INFO ][2015-12-15 12:19:33,283][com.java.SeleniumDriver] [  833] - Test step:43
[INFO ][2015-12-15 12:19:33,283][com.java.SeleniumDriver] [  845] - Datavalue is----------null
[DEBUG][2015-12-15 12:19:33,283][com.java.SeleniumDriver] [  863] - Exception: null
[INFO ][2015-12-15 12:19:33,283][com.java.SeleniumDriver] [  869] - DataField : XPH//button[@type='submit']
[INFO ][2015-12-15 12:19:33,283][com.java.SeleniumDriver] [  871] - DataValue : 
[INFO ][2015-12-15 12:19:33,283][com.java.SeleniumDriver] [  877] - <In Set values of the page>
[INFO ][2015-12-15 12:19:33,283][com.java.SeleniumDriver] [  880] - {Data Fields & Data Values Exist}
[INFO ][2015-12-15 12:19:33,283][com.java.SeleniumDriver] [  882] - --------------------------setting values-----------------------------
[INFO ][2015-12-15 12:19:33,283][com.java.SeleniumDriver] [  885] - Action Type : Click
[INFO ][2015-12-15 12:19:33,283][com.java.TestType] [ 5858] - Field ::XPH//button[@type='submit']
[INFO ][2015-12-15 12:19:33,283][com.java.TestType] [ 5502] - value = 
[INFO ][2015-12-15 12:19:34,283][com.java.TestType] [ 5995] - BEFORE CLICK
[INFO ][2015-12-15 12:19:35,053][com.java.TestType] [ 6003] - Unable to click the object Login
[INFO ][2015-12-15 12:19:35,053][com.java.SeleniumDriver] [  894] -  RESULT true
[INFO ][2015-12-15 12:19:35,053][com.java.SeleniumDriver] [ 1100] - ?   P A S S   ?
[INFO ][2015-12-15 12:19:35,053][com.java.SeleniumDriver] [  821] - ------------------------------------------
[INFO ][2015-12-15 12:19:35,053][com.java.SeleniumDriver] [  822] - Test case being Executed: 7
[INFO ][2015-12-15 12:19:35,053][com.java.SeleniumDriver] [  833] - Test step:44
[INFO ][2015-12-15 12:19:35,053][com.java.SeleniumDriver] [  845] - Datavalue is----------10
[INFO ][2015-12-15 12:19:35,053][com.java.SeleniumDriver] [  869] - DataField : test
[INFO ][2015-12-15 12:19:35,053][com.java.SeleniumDriver] [  871] - DataValue : 10
[INFO ][2015-12-15 12:19:35,053][com.java.SeleniumDriver] [  877] - <In Set values of the page>
[INFO ][2015-12-15 12:19:35,053][com.java.SeleniumDriver] [  880] - {Data Fields & Data Values Exist}
[INFO ][2015-12-15 12:19:35,053][com.java.SeleniumDriver] [  882] - --------------------------setting values-----------------------------
[INFO ][2015-12-15 12:19:35,053][com.java.SeleniumDriver] [  885] - Action Type : WaitTime
[DEBUG][2015-12-15 12:19:35,053][com.java.TestType] [ 5322] - sleepTime: 10000
[INFO ][2015-12-15 12:19:45,059][com.java.SeleniumDriver] [  894] -  RESULT true
[INFO ][2015-12-15 12:19:45,059][com.java.SeleniumDriver] [ 1100] - ?   P A S S   ?
[INFO ][2015-12-15 12:19:45,059][com.java.SeleniumDriver] [  821] - ------------------------------------------
[INFO ][2015-12-15 12:19:45,059][com.java.SeleniumDriver] [  822] - Test case being Executed: 7
[INFO ][2015-12-15 12:19:45,059][com.java.SeleniumDriver] [  833] - Test step:45
[INFO ][2015-12-15 12:19:45,059][com.java.SeleniumDriver] [  845] - Datavalue is----------5
[INFO ][2015-12-15 12:19:45,059][com.java.SeleniumDriver] [  869] - DataField : LNKLogout
[INFO ][2015-12-15 12:19:45,059][com.java.SeleniumDriver] [  871] - DataValue : 5
[INFO ][2015-12-15 12:19:45,059][com.java.SeleniumDriver] [  877] - <In Set values of the page>
[INFO ][2015-12-15 12:19:45,059][com.java.SeleniumDriver] [  880] - {Data Fields & Data Values Exist}
[INFO ][2015-12-15 12:19:45,059][com.java.SeleniumDriver] [  882] - --------------------------setting values-----------------------------
[INFO ][2015-12-15 12:19:45,059][com.java.SeleniumDriver] [  885] - Action Type : WaitForElement
[DEBUG][2015-12-15 12:21:18,032][com.java.TestType] [ 6513] - link=Logout   :: Link not Found
[INFO ][2015-12-15 12:21:18,032][com.java.SeleniumDriver] [  894] -  RESULT false
[INFO ][2015-12-15 12:21:18,032][com.java.SeleniumDriver] [  941] - ?   F A I L   ?
[INFO ][2015-12-15 12:21:18,032][com.java.SeleniumDriver] [  949] - Browser Type : IE10
[INFO ][2015-12-15 12:21:18,032][com.java.SeleniumDriver] [  950] - Adding Failed case7
[INFO ][2015-12-15 12:21:18,032][com.java.SeleniumDriver] [  969] - Directory Created
[DEBUG][2015-12-15 12:21:18,313][com.java.SeleniumDriver] [ 1018] -  tdd.getCondition() IF:48:Next
[INFO ][2015-12-15 12:21:18,313][com.java.SeleniumDriver] [ 1022] - Continue next step...
[INFO ][2015-12-15 12:21:18,313][com.java.SeleniumDriver] [  821] - ------------------------------------------
[INFO ][2015-12-15 12:21:18,313][com.java.SeleniumDriver] [  822] - Test case being Executed: 7
[INFO ][2015-12-15 12:21:18,313][com.java.SeleniumDriver] [  833] - Test step:46
[INFO ][2015-12-15 12:21:18,313][com.java.SeleniumDriver] [  845] - Datavalue is----------Bankers Dashboard from Deluxe
[INFO ][2015-12-15 12:21:18,313][com.java.SeleniumDriver] [  869] - DataField : TTL
[INFO ][2015-12-15 12:21:18,313][com.java.SeleniumDriver] [  871] - DataValue : Bankers Dashboard from Deluxe
[INFO ][2015-12-15 12:21:18,313][com.java.SeleniumDriver] [  877] - <In Set values of the page>
[INFO ][2015-12-15 12:21:18,313][com.java.SeleniumDriver] [  880] - {Data Fields & Data Values Exist}
[INFO ][2015-12-15 12:21:18,313][com.java.SeleniumDriver] [  882] - --------------------------setting values-----------------------------
[INFO ][2015-12-15 12:21:18,313][com.java.SeleniumDriver] [  885] - Action Type : CLOSEWINDOW
[INFO ][2015-12-15 12:21:18,493][com.java.SeleniumDriver] [  894] -  RESULT true
[INFO ][2015-12-15 12:21:18,493][com.java.SeleniumDriver] [ 1100] - ?   P A S S   ?
[INFO ][2015-12-15 12:21:18,493][com.java.SeleniumDriver] [  821] - ------------------------------------------
[INFO ][2015-12-15 12:21:18,493][com.java.SeleniumDriver] [  822] - Test case being Executed: 7
[INFO ][2015-12-15 12:21:18,493][com.java.SeleniumDriver] [  833] - Test step:47
[INFO ][2015-12-15 12:21:18,493][com.java.SeleniumDriver] [  845] - Datavalue is----------5
[INFO ][2015-12-15 12:21:18,493][com.java.SeleniumDriver] [  869] - DataField : LNKLogout
[INFO ][2015-12-15 12:21:18,493][com.java.SeleniumDriver] [  871] - DataValue : 5
[INFO ][2015-12-15 12:21:18,493][com.java.SeleniumDriver] [  877] - <In Set values of the page>
[INFO ][2015-12-15 12:21:18,493][com.java.SeleniumDriver] [  880] - {Data Fields & Data Values Exist}
[INFO ][2015-12-15 12:21:18,493][com.java.SeleniumDriver] [  882] - --------------------------setting values-----------------------------
[INFO ][2015-12-15 12:21:18,493][com.java.SeleniumDriver] [  885] - Action Type : WaitTime
[DEBUG][2015-12-15 12:21:18,493][com.java.TestType] [ 5322] - sleepTime: 5000
[INFO ][2015-12-15 12:21:23,493][com.java.SeleniumDriver] [  894] -  RESULT true
[INFO ][2015-12-15 12:21:23,493][com.java.SeleniumDriver] [ 1100] - ?   P A S S   ?
[INFO ][2015-12-15 12:21:23,493][com.java.SeleniumDriver] [  821] - ------------------------------------------
[INFO ][2015-12-15 12:21:23,493][com.java.SeleniumDriver] [  822] - Test case being Executed: 7
[INFO ][2015-12-15 12:21:23,493][com.java.SeleniumDriver] [  833] - Test step:48
[INFO ][2015-12-15 12:21:23,493][com.java.SeleniumDriver] [  845] - Datavalue is----------Banker'sDashboard
[INFO ][2015-12-15 12:21:23,493][com.java.SeleniumDriver] [  869] - DataField : TTL
[INFO ][2015-12-15 12:21:23,493][com.java.SeleniumDriver] [  871] - DataValue : Banker'sDashboard
[INFO ][2015-12-15 12:21:23,493][com.java.SeleniumDriver] [  877] - <In Set values of the page>
[INFO ][2015-12-15 12:21:23,493][com.java.SeleniumDriver] [  880] - {Data Fields & Data Values Exist}
[INFO ][2015-12-15 12:21:23,493][com.java.SeleniumDriver] [  882] - --------------------------setting values-----------------------------
[INFO ][2015-12-15 12:21:23,493][com.java.SeleniumDriver] [  885] - Action Type : SelectWindow
[INFO ][2015-12-15 12:21:35,924][com.java.SeleniumDriver] [  894] -  RESULT true
[INFO ][2015-12-15 12:21:35,924][com.java.SeleniumDriver] [ 1100] - ?   P A S S   ?
[INFO ][2015-12-15 12:21:35,924][com.java.SeleniumDriver] [  821] - ------------------------------------------
[INFO ][2015-12-15 12:21:35,924][com.java.SeleniumDriver] [  822] - Test case being Executed: 7
[INFO ][2015-12-15 12:21:35,924][com.java.SeleniumDriver] [  833] - Test step:49
[INFO ][2015-12-15 12:21:35,924][com.java.SeleniumDriver] [  845] - Datavalue is----------5
[INFO ][2015-12-15 12:21:35,924][com.java.SeleniumDriver] [  869] - DataField : test
[INFO ][2015-12-15 12:21:35,924][com.java.SeleniumDriver] [  871] - DataValue : 5
[INFO ][2015-12-15 12:21:35,924][com.java.SeleniumDriver] [  877] - <In Set values of the page>
[INFO ][2015-12-15 12:21:35,924][com.java.SeleniumDriver] [  880] - {Data Fields & Data Values Exist}
[INFO ][2015-12-15 12:21:35,924][com.java.SeleniumDriver] [  882] - --------------------------setting values-----------------------------
[INFO ][2015-12-15 12:21:35,924][com.java.SeleniumDriver] [  885] - Action Type : WaitTime
[DEBUG][2015-12-15 12:21:35,924][com.java.TestType] [ 5322] - sleepTime: 5000
[INFO ][2015-12-15 12:21:40,924][com.java.SeleniumDriver] [  894] -  RESULT true
[INFO ][2015-12-15 12:21:40,924][com.java.SeleniumDriver] [ 1100] - ?   P A S S   ?
[INFO ][2015-12-15 12:21:40,924][com.java.SeleniumDriver] [  821] - ------------------------------------------
[INFO ][2015-12-15 12:21:40,924][com.java.SeleniumDriver] [  822] - Test case being Executed: 7
[INFO ][2015-12-15 12:21:40,924][com.java.SeleniumDriver] [  833] - Test step:50
[INFO ][2015-12-15 12:21:40,924][com.java.SeleniumDriver] [  845] - Datavalue is----------null
[DEBUG][2015-12-15 12:21:40,924][com.java.SeleniumDriver] [  863] - Exception: null
[INFO ][2015-12-15 12:21:40,924][com.java.SeleniumDriver] [  869] - DataField : //span[@class='icon-stack']&&//a[@data-id="SetupPackage"]
[INFO ][2015-12-15 12:21:40,924][com.java.SeleniumDriver] [  871] - DataValue : 
[INFO ][2015-12-15 12:21:40,924][com.java.SeleniumDriver] [  877] - <In Set values of the page>
[INFO ][2015-12-15 12:21:40,924][com.java.SeleniumDriver] [  880] - {Data Fields & Data Values Exist}
[INFO ][2015-12-15 12:21:40,924][com.java.SeleniumDriver] [  882] - --------------------------setting values-----------------------------
[INFO ][2015-12-15 12:21:40,924][com.java.SeleniumDriver] [  885] - Action Type : MOUSEOVER
[INFO ][2015-12-15 12:22:04,261][com.java.SeleniumDriver] [  894] -  RESULT true
[INFO ][2015-12-15 12:22:04,261][com.java.SeleniumDriver] [ 1100] - ?   P A S S   ?
[INFO ][2015-12-15 12:22:04,261][com.java.SeleniumDriver] [  821] - ------------------------------------------
[INFO ][2015-12-15 12:22:04,261][com.java.SeleniumDriver] [  822] - Test case being Executed: 7
[INFO ][2015-12-15 12:22:04,261][com.java.SeleniumDriver] [  833] - Test step:51
[INFO ][2015-12-15 12:22:04,261][com.java.SeleniumDriver] [  845] - Datavalue is----------5
[INFO ][2015-12-15 12:22:04,261][com.java.SeleniumDriver] [  869] - DataField : BTNdivHelpText
[INFO ][2015-12-15 12:22:04,261][com.java.SeleniumDriver] [  871] - DataValue : 5
[INFO ][2015-12-15 12:22:04,261][com.java.SeleniumDriver] [  877] - <In Set values of the page>
[INFO ][2015-12-15 12:22:04,261][com.java.SeleniumDriver] [  880] - {Data Fields & Data Values Exist}
[INFO ][2015-12-15 12:22:04,261][com.java.SeleniumDriver] [  882] - --------------------------setting values-----------------------------
[INFO ][2015-12-15 12:22:04,261][com.java.SeleniumDriver] [  885] - Action Type : WAITFORELEMENT
[INFO ][2015-12-15 12:22:05,442][com.java.SeleniumDriver] [  894] -  RESULT true
[INFO ][2015-12-15 12:22:05,442][com.java.SeleniumDriver] [ 1100] - ?   P A S S   ?
[INFO ][2015-12-15 12:22:05,442][com.java.SeleniumDriver] [  821] - ------------------------------------------
[INFO ][2015-12-15 12:22:05,442][com.java.SeleniumDriver] [  822] - Test case being Executed: 7
[INFO ][2015-12-15 12:22:05,442][com.java.SeleniumDriver] [  833] - Test step:52
[INFO ][2015-12-15 12:22:05,442][com.java.SeleniumDriver] [  845] - Datavalue is----------null
[DEBUG][2015-12-15 12:22:05,442][com.java.SeleniumDriver] [  863] - Exception: null
[INFO ][2015-12-15 12:22:05,442][com.java.SeleniumDriver] [  869] - DataField : BTNframeDialogContent
[INFO ][2015-12-15 12:22:05,442][com.java.SeleniumDriver] [  871] - DataValue : 
[INFO ][2015-12-15 12:22:05,442][com.java.SeleniumDriver] [  877] - <In Set values of the page>
[INFO ][2015-12-15 12:22:05,442][com.java.SeleniumDriver] [  880] - {Data Fields & Data Values Exist}
[INFO ][2015-12-15 12:22:05,442][com.java.SeleniumDriver] [  882] - --------------------------setting values-----------------------------
[INFO ][2015-12-15 12:22:05,442][com.java.SeleniumDriver] [  885] - Action Type : SELECTFRAME
[INFO ][2015-12-15 12:22:06,644][com.java.SeleniumDriver] [  894] -  RESULT true
[INFO ][2015-12-15 12:22:06,644][com.java.SeleniumDriver] [ 1100] - ?   P A S S   ?
[INFO ][2015-12-15 12:22:06,644][com.java.SeleniumDriver] [  821] - ------------------------------------------
[INFO ][2015-12-15 12:22:06,644][com.java.SeleniumDriver] [  822] - Test case being Executed: 7
[INFO ][2015-12-15 12:22:06,644][com.java.SeleniumDriver] [  833] - Test step:53
[INFO ][2015-12-15 12:22:06,644][com.java.SeleniumDriver] [  845] - Datavalue is----------//div[@class='ui-widget-content']/div/button
[INFO ][2015-12-15 12:22:06,644][com.java.SeleniumDriver] [  869] - DataField : BTN
[INFO ][2015-12-15 12:22:06,644][com.java.SeleniumDriver] [  871] - DataValue : //div[@class='ui-widget-content']/div/button
[INFO ][2015-12-15 12:22:06,644][com.java.SeleniumDriver] [  877] - <In Set values of the page>
[INFO ][2015-12-15 12:22:06,644][com.java.SeleniumDriver] [  880] - {Data Fields & Data Values Exist}
[INFO ][2015-12-15 12:22:06,644][com.java.SeleniumDriver] [  882] - --------------------------setting values-----------------------------
[INFO ][2015-12-15 12:22:06,644][com.java.SeleniumDriver] [  885] - Action Type : VERIFY
[INFO ][2015-12-15 12:22:06,644][com.java.TestType] [ 6801] - field= BTN value= //div[@class='ui-widget-content']/div/button
[INFO ][2015-12-15 12:22:06,644][com.java.TestType] [ 5502] - value = //div[@class='ui-widget-content']/div/button
[INFO ][2015-12-15 12:22:06,684][com.java.SeleniumDriver] [  894] -  RESULT true
[INFO ][2015-12-15 12:22:06,684][com.java.SeleniumDriver] [ 1100] - ?   P A S S   ?
[INFO ][2015-12-15 12:22:06,684][com.java.SeleniumDriver] [  821] - ------------------------------------------
[INFO ][2015-12-15 12:22:06,684][com.java.SeleniumDriver] [  822] - Test case being Executed: 7
[INFO ][2015-12-15 12:22:06,684][com.java.SeleniumDriver] [  833] - Test step:54
[INFO ][2015-12-15 12:22:06,684][com.java.SeleniumDriver] [  845] - Datavalue is----------3
[INFO ][2015-12-15 12:22:06,684][com.java.SeleniumDriver] [  869] - DataField : XPH//span[@class='glyphicon glyphicon-plus']
[INFO ][2015-12-15 12:22:06,684][com.java.SeleniumDriver] [  871] - DataValue : 3
[INFO ][2015-12-15 12:22:06,684][com.java.SeleniumDriver] [  877] - <In Set values of the page>
[INFO ][2015-12-15 12:22:06,684][com.java.SeleniumDriver] [  880] - {Data Fields & Data Values Exist}
[INFO ][2015-12-15 12:22:06,684][com.java.SeleniumDriver] [  882] - --------------------------setting values-----------------------------
[INFO ][2015-12-15 12:22:06,684][com.java.SeleniumDriver] [  885] - Action Type : WAITFORELEMENT
[INFO ][2015-12-15 12:22:06,704][com.java.SeleniumDriver] [  894] -  RESULT true
[INFO ][2015-12-15 12:22:06,704][com.java.SeleniumDriver] [ 1100] - ?   P A S S   ?
[INFO ][2015-12-15 12:22:06,704][com.java.SeleniumDriver] [  821] - ------------------------------------------
[INFO ][2015-12-15 12:22:06,704][com.java.SeleniumDriver] [  822] - Test case being Executed: 7
[INFO ][2015-12-15 12:22:06,704][com.java.SeleniumDriver] [  833] - Test step:55
[INFO ][2015-12-15 12:22:06,704][com.java.SeleniumDriver] [  845] - Datavalue is----------null
[DEBUG][2015-12-15 12:22:06,704][com.java.SeleniumDriver] [  863] - Exception: null
[INFO ][2015-12-15 12:22:06,704][com.java.SeleniumDriver] [  869] - DataField : XPH//span[@class='glyphicon glyphicon-plus']
[INFO ][2015-12-15 12:22:06,704][com.java.SeleniumDriver] [  871] - DataValue : 
[INFO ][2015-12-15 12:22:06,704][com.java.SeleniumDriver] [  877] - <In Set values of the page>
[INFO ][2015-12-15 12:22:06,704][com.java.SeleniumDriver] [  880] - {Data Fields & Data Values Exist}
[INFO ][2015-12-15 12:22:06,704][com.java.SeleniumDriver] [  882] - --------------------------setting values-----------------------------
[INFO ][2015-12-15 12:22:06,704][com.java.SeleniumDriver] [  885] - Action Type : CLICK
[INFO ][2015-12-15 12:22:06,704][com.java.TestType] [ 5858] - Field ::XPH//span[@class='glyphicon glyphicon-plus']
[INFO ][2015-12-15 12:22:06,704][com.java.TestType] [ 5502] - value = 
[INFO ][2015-12-15 12:22:07,704][com.java.TestType] [ 5995] - BEFORE CLICK
[INFO ][2015-12-15 12:22:08,674][com.java.TestType] [ 6003] - Unable to click the object +' Button
[INFO ][2015-12-15 12:22:08,674][com.java.SeleniumDriver] [  894] -  RESULT true
[INFO ][2015-12-15 12:22:08,674][com.java.SeleniumDriver] [ 1100] - ?   P A S S   ?
[INFO ][2015-12-15 12:22:08,674][com.java.SeleniumDriver] [  821] - ------------------------------------------
[INFO ][2015-12-15 12:22:08,674][com.java.SeleniumDriver] [  822] - Test case being Executed: 7
[INFO ][2015-12-15 12:22:08,674][com.java.SeleniumDriver] [  833] - Test step:56
[INFO ][2015-12-15 12:22:08,674][com.java.SeleniumDriver] [  845] - Datavalue is----------3
[INFO ][2015-12-15 12:22:08,674][com.java.SeleniumDriver] [  869] - DataField : XPH//span[@class='dlg_Label']
[INFO ][2015-12-15 12:22:08,674][com.java.SeleniumDriver] [  871] - DataValue : 3
[INFO ][2015-12-15 12:22:08,674][com.java.SeleniumDriver] [  877] - <In Set values of the page>
[INFO ][2015-12-15 12:22:08,674][com.java.SeleniumDriver] [  880] - {Data Fields & Data Values Exist}
[INFO ][2015-12-15 12:22:08,674][com.java.SeleniumDriver] [  882] - --------------------------setting values-----------------------------
[INFO ][2015-12-15 12:22:08,674][com.java.SeleniumDriver] [  885] - Action Type : WAITFORELEMENT
[INFO ][2015-12-15 12:22:08,695][com.java.SeleniumDriver] [  894] -  RESULT true
[INFO ][2015-12-15 12:22:08,695][com.java.SeleniumDriver] [ 1100] - ?   P A S S   ?
[INFO ][2015-12-15 12:22:08,695][com.java.SeleniumDriver] [  821] - ------------------------------------------
[INFO ][2015-12-15 12:22:08,695][com.java.SeleniumDriver] [  822] - Test case being Executed: 7
[INFO ][2015-12-15 12:22:08,695][com.java.SeleniumDriver] [  833] - Test step:57
[INFO ][2015-12-15 12:22:08,695][com.java.SeleniumDriver] [  845] - Datavalue is----------Package Name
[INFO ][2015-12-15 12:22:08,695][com.java.SeleniumDriver] [  869] - DataField : XPH//span[@class='dlg_Label']
[INFO ][2015-12-15 12:22:08,695][com.java.SeleniumDriver] [  871] - DataValue : Package Name
[INFO ][2015-12-15 12:22:08,695][com.java.SeleniumDriver] [  877] - <In Set values of the page>
[INFO ][2015-12-15 12:22:08,695][com.java.SeleniumDriver] [  880] - {Data Fields & Data Values Exist}
[INFO ][2015-12-15 12:22:08,695][com.java.SeleniumDriver] [  882] - --------------------------setting values-----------------------------
[INFO ][2015-12-15 12:22:08,695][com.java.SeleniumDriver] [  885] - Action Type : VERIFY
[INFO ][2015-12-15 12:22:08,695][com.java.TestType] [ 6801] - field= XPH//span[@class='dlg_Label'] value= Package Name
[INFO ][2015-12-15 12:22:08,695][com.java.TestType] [ 5502] - value = Package Name
[INFO ][2015-12-15 12:22:08,775][com.java.SeleniumDriver] [  894] -  RESULT true
[INFO ][2015-12-15 12:22:08,775][com.java.SeleniumDriver] [ 1100] - ?   P A S S   ?
[INFO ][2015-12-15 12:22:08,775][com.java.SeleniumDriver] [  821] - ------------------------------------------
[INFO ][2015-12-15 12:22:08,775][com.java.SeleniumDriver] [  822] - Test case being Executed: 7
[INFO ][2015-12-15 12:22:08,775][com.java.SeleniumDriver] [  833] - Test step:58
[INFO ][2015-12-15 12:22:08,775][com.java.SeleniumDriver] [  845] - Datavalue is----------3
[INFO ][2015-12-15 12:22:08,775][com.java.SeleniumDriver] [  869] - DataField : XPH//div[contains(@id,'ember')]/div//input[contains(@class, 'ember-view ember-text-')]
[INFO ][2015-12-15 12:22:08,775][com.java.SeleniumDriver] [  871] - DataValue : 3
[INFO ][2015-12-15 12:22:08,775][com.java.SeleniumDriver] [  877] - <In Set values of the page>
[INFO ][2015-12-15 12:22:08,775][com.java.SeleniumDriver] [  880] - {Data Fields & Data Values Exist}
[INFO ][2015-12-15 12:22:08,775][com.java.SeleniumDriver] [  882] - --------------------------setting values-----------------------------
[INFO ][2015-12-15 12:22:08,775][com.java.SeleniumDriver] [  885] - Action Type : WAITFORELEMENT
[INFO ][2015-12-15 12:22:08,795][com.java.SeleniumDriver] [  894] -  RESULT true
[INFO ][2015-12-15 12:22:08,795][com.java.SeleniumDriver] [ 1100] - ?   P A S S   ?
[INFO ][2015-12-15 12:22:08,795][com.java.SeleniumDriver] [  821] - ------------------------------------------
[INFO ][2015-12-15 12:22:08,795][com.java.SeleniumDriver] [  822] - Test case being Executed: 7
[INFO ][2015-12-15 12:22:08,795][com.java.SeleniumDriver] [  833] - Test step:59
[INFO ][2015-12-15 12:22:08,795][com.java.SeleniumDriver] [  845] - Datavalue is----------null
[DEBUG][2015-12-15 12:22:08,795][com.java.SeleniumDriver] [  863] - Exception: null
[INFO ][2015-12-15 12:22:08,795][com.java.SeleniumDriver] [  869] - DataField : XPH//div[contains(@id,'ember')]/div//input[contains(@class, 'ember-view ember-text-')]
[INFO ][2015-12-15 12:22:08,795][com.java.SeleniumDriver] [  871] - DataValue : 
[INFO ][2015-12-15 12:22:08,795][com.java.SeleniumDriver] [  877] - <In Set values of the page>
[INFO ][2015-12-15 12:22:08,795][com.java.SeleniumDriver] [  880] - {Data Fields & Data Values Exist}
[INFO ][2015-12-15 12:22:08,795][com.java.SeleniumDriver] [  882] - --------------------------setting values-----------------------------
[INFO ][2015-12-15 12:22:08,795][com.java.SeleniumDriver] [  885] - Action Type : CLICK
[INFO ][2015-12-15 12:22:08,795][com.java.TestType] [ 5858] - Field ::XPH//div[contains(@id,'ember')]/div//input[contains(@class, 'ember-view ember-text-')]
[INFO ][2015-12-15 12:22:08,795][com.java.TestType] [ 5502] - value = 
[INFO ][2015-12-15 12:22:09,795][com.java.TestType] [ 5995] - BEFORE CLICK
[INFO ][2015-12-15 12:22:10,475][com.java.TestType] [ 6003] - Unable to click the object PackageName Textfield
[INFO ][2015-12-15 12:22:10,475][com.java.SeleniumDriver] [  894] -  RESULT true
[INFO ][2015-12-15 12:22:10,475][com.java.SeleniumDriver] [ 1100] - ?   P A S S   ?
[INFO ][2015-12-15 12:22:10,475][com.java.SeleniumDriver] [  821] - ------------------------------------------
[INFO ][2015-12-15 12:22:10,475][com.java.SeleniumDriver] [  822] - Test case being Executed: 7
[INFO ][2015-12-15 12:22:10,475][com.java.SeleniumDriver] [  833] - Test step:60
[INFO ][2015-12-15 12:22:10,475][com.java.SeleniumDriver] [  845] - Datavalue is----------RNDVL_Test#
[INFO ][2015-12-15 12:22:10,475][com.java.SeleniumDriver] [  869] - DataField : TXT//div[contains(@id,'ember')]/div//input[contains(@class, 'ember-view ember-text-')]
[INFO ][2015-12-15 12:22:10,475][com.java.SeleniumDriver] [  871] - DataValue : RNDVL_Test#
[INFO ][2015-12-15 12:22:10,475][com.java.SeleniumDriver] [  877] - <In Set values of the page>
[INFO ][2015-12-15 12:22:10,475][com.java.SeleniumDriver] [  880] - {Data Fields & Data Values Exist}
[INFO ][2015-12-15 12:22:10,475][com.java.SeleniumDriver] [  882] - --------------------------setting values-----------------------------
[INFO ][2015-12-15 12:22:10,475][com.java.SeleniumDriver] [  885] - Action Type : CLEARANDENTER
[INFO ][2015-12-15 12:22:10,475][com.java.TestType] [ 5502] - value = VL_Test#77218
[INFO ][2015-12-15 12:22:11,386][com.java.SeleniumDriver] [  894] -  RESULT true
[INFO ][2015-12-15 12:22:11,386][com.java.SeleniumDriver] [ 1100] - ?   P A S S   ?
[INFO ][2015-12-15 12:22:11,386][com.java.SeleniumDriver] [  821] - ------------------------------------------
[INFO ][2015-12-15 12:22:11,386][com.java.SeleniumDriver] [  822] - Test case being Executed: 7
[INFO ][2015-12-15 12:22:11,386][com.java.SeleniumDriver] [  833] - Test step:61
[INFO ][2015-12-15 12:22:11,386][com.java.SeleniumDriver] [  845] - Datavalue is----------5
[INFO ][2015-12-15 12:22:11,386][com.java.SeleniumDriver] [  869] - DataField : null
[INFO ][2015-12-15 12:22:11,386][com.java.SeleniumDriver] [  871] - DataValue : 5
[INFO ][2015-12-15 12:22:11,386][com.java.SeleniumDriver] [  877] - <In Set values of the page>
[INFO ][2015-12-15 12:22:11,386][com.java.SeleniumDriver] [  880] - {Data Fields & Data Values Exist}
[INFO ][2015-12-15 12:22:11,386][com.java.SeleniumDriver] [  882] - --------------------------setting values-----------------------------
[INFO ][2015-12-15 12:22:11,386][com.java.SeleniumDriver] [  885] - Action Type : WAITTIME
[DEBUG][2015-12-15 12:22:11,386][com.java.TestType] [ 5322] - sleepTime: 5000
[INFO ][2015-12-15 12:22:16,386][com.java.SeleniumDriver] [  894] -  RESULT true
[INFO ][2015-12-15 12:22:16,386][com.java.SeleniumDriver] [ 1100] - ?   P A S S   ?
[INFO ][2015-12-15 12:22:16,386][com.java.SeleniumDriver] [  821] - ------------------------------------------
[INFO ][2015-12-15 12:22:16,386][com.java.SeleniumDriver] [  822] - Test case being Executed: 7
[INFO ][2015-12-15 12:22:16,386][com.java.SeleniumDriver] [  833] - Test step:62
[INFO ][2015-12-15 12:22:16,386][com.java.SeleniumDriver] [  845] - Datavalue is----------PackageName
[INFO ][2015-12-15 12:22:16,386][com.java.SeleniumDriver] [  869] - DataField : TXT//div[contains(@id,'ember')]/div//input[contains(@class, 'ember-view ember-text-')]
[INFO ][2015-12-15 12:22:16,386][com.java.SeleniumDriver] [  871] - DataValue : PackageName
[INFO ][2015-12-15 12:22:16,386][com.java.SeleniumDriver] [  877] - <In Set values of the page>
[INFO ][2015-12-15 12:22:16,386][com.java.SeleniumDriver] [  880] - {Data Fields & Data Values Exist}
[INFO ][2015-12-15 12:22:16,386][com.java.SeleniumDriver] [  882] - --------------------------setting values-----------------------------
[INFO ][2015-12-15 12:22:16,386][com.java.SeleniumDriver] [  885] - Action Type : STOREVALUE
[INFO ][2015-12-15 12:22:16,386][com.java.TestType] [ 7981] - field= TXT//div[contains(@id,'ember')]/div//input[contains(@class, 'ember-view ember-text-')]
[DEBUG][2015-12-15 12:22:16,447][com.java.TestType] [ 7995] - Key:: PackageName  Value:: VL_Test#77218
[INFO ][2015-12-15 12:22:16,447][com.java.SeleniumDriver] [  894] -  RESULT true
[INFO ][2015-12-15 12:22:16,447][com.java.SeleniumDriver] [ 1100] - ?   P A S S   ?
[INFO ][2015-12-15 12:22:16,447][com.java.SeleniumDriver] [  821] - ------------------------------------------
[INFO ][2015-12-15 12:22:16,447][com.java.SeleniumDriver] [  822] - Test case being Executed: 7
[INFO ][2015-12-15 12:22:16,447][com.java.SeleniumDriver] [  833] - Test step:63
[INFO ][2015-12-15 12:22:16,447][com.java.SeleniumDriver] [  845] - Datavalue is----------null
[DEBUG][2015-12-15 12:22:16,447][com.java.SeleniumDriver] [  863] - Exception: null
[INFO ][2015-12-15 12:22:16,447][com.java.SeleniumDriver] [  869] - DataField : XPH//div[2]/div[2]/input[1]
[INFO ][2015-12-15 12:22:16,447][com.java.SeleniumDriver] [  871] - DataValue : 
[INFO ][2015-12-15 12:22:16,447][com.java.SeleniumDriver] [  877] - <In Set values of the page>
[INFO ][2015-12-15 12:22:16,447][com.java.SeleniumDriver] [  880] - {Data Fields & Data Values Exist}
[INFO ][2015-12-15 12:22:16,447][com.java.SeleniumDriver] [  882] - --------------------------setting values-----------------------------
[INFO ][2015-12-15 12:22:16,447][com.java.SeleniumDriver] [  885] - Action Type : CLICK
[INFO ][2015-12-15 12:22:16,447][com.java.TestType] [ 5858] - Field ::XPH//div[2]/div[2]/input[1]
[INFO ][2015-12-15 12:22:16,447][com.java.TestType] [ 5502] - value = 
[INFO ][2015-12-15 12:22:17,447][com.java.TestType] [ 5995] - BEFORE CLICK
[INFO ][2015-12-15 12:22:18,156][com.java.TestType] [ 6003] - Unable to click the object Yes radio button
[INFO ][2015-12-15 12:22:18,156][com.java.SeleniumDriver] [  894] -  RESULT true
[INFO ][2015-12-15 12:22:18,156][com.java.SeleniumDriver] [ 1100] - ?   P A S S   ?
[INFO ][2015-12-15 12:22:18,156][com.java.SeleniumDriver] [  821] - ------------------------------------------
[INFO ][2015-12-15 12:22:18,156][com.java.SeleniumDriver] [  822] - Test case being Executed: 7
[INFO ][2015-12-15 12:22:18,156][com.java.SeleniumDriver] [  833] - Test step:64
[INFO ][2015-12-15 12:22:18,156][com.java.SeleniumDriver] [  845] - Datavalue is----------5
[INFO ][2015-12-15 12:22:18,156][com.java.SeleniumDriver] [  869] - DataField : XPH//span[contains(text(),'Save')]
[INFO ][2015-12-15 12:22:18,156][com.java.SeleniumDriver] [  871] - DataValue : 5
[INFO ][2015-12-15 12:22:18,156][com.java.SeleniumDriver] [  877] - <In Set values of the page>
[INFO ][2015-12-15 12:22:18,156][com.java.SeleniumDriver] [  880] - {Data Fields & Data Values Exist}
[INFO ][2015-12-15 12:22:18,156][com.java.SeleniumDriver] [  882] - --------------------------setting values-----------------------------
[INFO ][2015-12-15 12:22:18,156][com.java.SeleniumDriver] [  885] - Action Type : WAITFORELEMENT
[INFO ][2015-12-15 12:22:18,177][com.java.SeleniumDriver] [  894] -  RESULT true
[INFO ][2015-12-15 12:22:18,177][com.java.SeleniumDriver] [ 1100] - ?   P A S S   ?
[INFO ][2015-12-15 12:22:18,177][com.java.SeleniumDriver] [  821] - ------------------------------------------
[INFO ][2015-12-15 12:22:18,177][com.java.SeleniumDriver] [  822] - Test case being Executed: 7
[INFO ][2015-12-15 12:22:18,177][com.java.SeleniumDriver] [  833] - Test step:65
[INFO ][2015-12-15 12:22:18,177][com.java.SeleniumDriver] [  845] - Datavalue is----------null
[DEBUG][2015-12-15 12:22:18,177][com.java.SeleniumDriver] [  863] - Exception: null
[INFO ][2015-12-15 12:22:18,177][com.java.SeleniumDriver] [  869] - DataField : HDN//span[contains(text(),'Save')]
[INFO ][2015-12-15 12:22:18,177][com.java.SeleniumDriver] [  871] - DataValue : 
[INFO ][2015-12-15 12:22:18,177][com.java.SeleniumDriver] [  877] - <In Set values of the page>
[INFO ][2015-12-15 12:22:18,177][com.java.SeleniumDriver] [  880] - {Data Fields & Data Values Exist}
[INFO ][2015-12-15 12:22:18,177][com.java.SeleniumDriver] [  882] - --------------------------setting values-----------------------------
[INFO ][2015-12-15 12:22:18,177][com.java.SeleniumDriver] [  885] - Action Type : CLICK
[INFO ][2015-12-15 12:22:18,177][com.java.TestType] [ 5858] - Field ::HDN//span[contains(text(),'Save')]
[INFO ][2015-12-15 12:22:18,177][com.java.TestType] [ 5502] - value = 
[INFO ][2015-12-15 12:22:19,239][com.java.SeleniumDriver] [  894] -  RESULT true
[INFO ][2015-12-15 12:22:19,239][com.java.SeleniumDriver] [ 1100] - ?   P A S S   ?
[INFO ][2015-12-15 12:22:19,239][com.java.SeleniumDriver] [  821] - ------------------------------------------
[INFO ][2015-12-15 12:22:19,239][com.java.SeleniumDriver] [  822] - Test case being Executed: 7
[INFO ][2015-12-15 12:22:19,239][com.java.SeleniumDriver] [  833] - Test step:66
[INFO ][2015-12-15 12:22:19,239][com.java.SeleniumDriver] [  845] - Datavalue is----------3
[INFO ][2015-12-15 12:22:19,239][com.java.SeleniumDriver] [  869] - DataField : XPH//span[@class='dlg_Label']
[INFO ][2015-12-15 12:22:19,239][com.java.SeleniumDriver] [  871] - DataValue : 3
[INFO ][2015-12-15 12:22:19,239][com.java.SeleniumDriver] [  877] - <In Set values of the page>
[INFO ][2015-12-15 12:22:19,239][com.java.SeleniumDriver] [  880] - {Data Fields & Data Values Exist}
[INFO ][2015-12-15 12:22:19,239][com.java.SeleniumDriver] [  882] - --------------------------setting values-----------------------------
[INFO ][2015-12-15 12:22:19,239][com.java.SeleniumDriver] [  885] - Action Type : WAITFORELEMENT
[INFO ][2015-12-15 12:22:19,259][com.java.SeleniumDriver] [  894] -  RESULT true
[INFO ][2015-12-15 12:22:19,259][com.java.SeleniumDriver] [ 1100] - ?   P A S S   ?
[INFO ][2015-12-15 12:22:19,259][com.java.SeleniumDriver] [  821] - ------------------------------------------
[INFO ][2015-12-15 12:22:19,259][com.java.SeleniumDriver] [  822] - Test case being Executed: 7
[INFO ][2015-12-15 12:22:19,259][com.java.SeleniumDriver] [  833] - Test step:67
[INFO ][2015-12-15 12:22:19,259][com.java.SeleniumDriver] [  845] - Datavalue is----------Current Package
[INFO ][2015-12-15 12:22:19,259][com.java.SeleniumDriver] [  869] - DataField : XPH//span[@class='dlg_Label']
[INFO ][2015-12-15 12:22:19,259][com.java.SeleniumDriver] [  871] - DataValue : Current Package
[INFO ][2015-12-15 12:22:19,259][com.java.SeleniumDriver] [  877] - <In Set values of the page>
[INFO ][2015-12-15 12:22:19,259][com.java.SeleniumDriver] [  880] - {Data Fields & Data Values Exist}
[INFO ][2015-12-15 12:22:19,259][com.java.SeleniumDriver] [  882] - --------------------------setting values-----------------------------
[INFO ][2015-12-15 12:22:19,259][com.java.SeleniumDriver] [  885] - Action Type : VERIFY
[INFO ][2015-12-15 12:22:19,259][com.java.TestType] [ 6801] - field= XPH//span[@class='dlg_Label'] value= Current Package
[INFO ][2015-12-15 12:22:19,259][com.java.TestType] [ 5502] - value = Current Package
[ERROR][2015-12-15 12:22:19,359][com.java.TestType] [ 7289] - Element  not found :Current Package
[INFO ][2015-12-15 12:22:19,359][com.java.SeleniumDriver] [  894] -  RESULT false
[INFO ][2015-12-15 12:22:19,359][com.java.SeleniumDriver] [  941] - ?   F A I L   ?
[INFO ][2015-12-15 12:22:19,359][com.java.SeleniumDriver] [  949] - Browser Type : IE10
[INFO ][2015-12-15 12:22:19,359][com.java.SeleniumDriver] [  950] - Adding Failed case7
[INFO ][2015-12-15 12:22:20,079][com.java.SeleniumDriver] [ 1064] - failedCases = 7
[ERROR][2015-12-15 12:22:20,079][com.java.SeleniumDriver] [ 1561] - Platform Errors : Our apologies...::We have encountered an issue with your request.::Our apologies?:We encountered an issue with your request.
[INFO ][2015-12-15 12:22:20,079][com.java.SeleniumDriver] [ 1565] - Length =3
[ERROR][2015-12-15 12:22:20,079][com.java.SeleniumDriver] [ 1568] - Error 0 = Our apologies...
[ERROR][2015-12-15 12:22:21,199][com.java.SeleniumDriver] [ 1568] - Error 1 = We have encountered an issue with your request.
[ERROR][2015-12-15 12:22:21,230][com.java.SeleniumDriver] [ 1568] - Error 2 = Our apologies?:We encountered an issue with your request.
[INFO ][2015-12-15 12:22:21,250][com.java.SeleniumDriver] [ 1579] - strError:
[DEBUG][2015-12-15 12:22:21,260][com.java.SeleniumDriver] [ 1212] - Case found
[DEBUG][2015-12-15 12:22:21,260][com.java.SeleniumDriver] [ 1217] - Incrementing ReportCounters[0]:2
[INFO ][2015-12-15 12:22:21,260][com.java.SeleniumDriver] [ 1236] - The results are-------------------[7, 67, Report Packages: Add Board Report Package then Revoke Priviledges, Fail, 
Test case failed at Step No. :: 67   Error Message ::  Element not found:Current Package. Screen Shot : D:\BankersDashboard\TestReports\121515\7_121515_122219_IE10.png, Tue Dec 15 12:22:21 IST 2015]
[INFO ][2015-12-15 12:22:21,260][com.java.SeleniumDriver] [ 1240] - End time is-------5 min 52 sec
[INFO ][2015-12-15 12:22:21,260][com.java.SeleniumDriver] [ 1241] - The results are-------------------[7, 67, Report Packages: Add Board Report Package then Revoke Priviledges, Fail, 
Test case failed at Step No. :: 67   Error Message ::  Element not found:Current Package. Screen Shot : D:\BankersDashboard\TestReports\121515\7_121515_122219_IE10.png, Tue Dec 15 12:22:21 IST 2015]
[DEBUG][2015-12-15 12:22:21,260][com.java.ImportnExport.ExportTestResultsExcel] [  222] - testResultPath = D:\BankersDashboard/TestReports/Test Results_BankersDashBoard_121515_121631_IE10_CB&S Bank.xls
[DEBUG][2015-12-15 12:22:21,260][com.java.ImportnExport.ExportTestResultsExcel] [  223] - browser is------------IE10
[DEBUG][2015-12-15 12:22:21,260][com.java.ImportnExport.ExportTestResultsExcel] [  270] - result.size() = 6
[DEBUG][2015-12-15 12:22:21,260][com.java.ImportnExport.ExportTestResultsExcel] [  274] - No of rows in sheet=2
[DEBUG][2015-12-15 12:22:21,260][com.java.ImportnExport.ExportTestResultsExcel] [  301] - ..in export..7
[DEBUG][2015-12-15 12:22:21,260][com.java.ImportnExport.ExportTestResultsExcel] [  301] - ..in export..Report Packages: Add Board Report Package then Revoke Priviledges
[DEBUG][2015-12-15 12:22:21,260][com.java.ImportnExport.ExportTestResultsExcel] [  301] - ..in export..Fail
[DEBUG][2015-12-15 12:22:21,260][com.java.ImportnExport.ExportTestResultsExcel] [  301] - ..in export..
Test case failed at Step No. :: 67   Error Message ::  Element not found:Current Package. Screen Shot : D:\BankersDashboard\TestReports\121515\7_121515_122219_IE10.png
[DEBUG][2015-12-15 12:22:21,260][com.java.ImportnExport.ExportTestResultsExcel] [  301] - ..in export..Tue Dec 15 12:22:21 IST 2015
[INFO ][2015-12-15 12:22:21,260][com.java.SeleniumDriver] [ 1299] - out loop:1 size:2 TestCases:[1, 7] testcases:[1, 7]
[INFO ][2015-12-15 12:22:23,260][com.java.SeleniumDriver] [ 1342] - Total Number of Cases:2
[INFO ][2015-12-15 12:22:23,260][com.java.TemplateGenerator] [  302] - Executed:2
[INFO ][2015-12-15 12:22:23,260][com.java.TemplateGenerator] [  303] - Passed:1
[INFO ][2015-12-15 12:22:23,260][com.java.TemplateGenerator] [  304] - Failed:1
[INFO ][2015-12-15 12:22:23,260][com.java.TemplateGenerator] [  305] - Skipeed:0
[INFO ][2015-12-15 12:22:23,260][com.java.TemplateGenerator] [  306] - Application URL:https://clients-xuat.bankersdashboard.com
[INFO ][2015-12-15 12:22:23,260][com.java.TemplateGenerator] [  307] - Start Time:121515_121631
[INFO ][2015-12-15 12:22:23,260][com.java.TemplateGenerator] [  308] -  Creating HTML Report 
[ERROR][2015-12-15 12:22:23,261][com.java.TemplateGenerator] [  409] - Unparseable date: "Tue Dec 15 12:16:31 IST 2015"
[INFO ][2015-12-15 12:22:23,261][com.java.TemplateGenerator] [  654] -  Exporting case :: 1
[INFO ][2015-12-15 12:22:23,261][com.java.TemplateGenerator] [  654] -  Exporting case :: 7
[INFO ][2015-12-15 12:22:23,281][com.java.SeleniumDriver] [ 1391] - End Time:121515_122223
[INFO ][2015-12-15 12:22:23,281][com.java.SeleniumDriver] [ 1394] - Data in Test Execution Details:{1=PASS, 7=FAILTest case failed at Step No. :: 67   Error Message ::  Element not found:Current Package}
[INFO ][2015-12-15 12:22:23,281][com.java.SeleniumDriver] [ 1395] - Data in Failed Execution Deatils:{}
[INFO ][2015-12-15 12:22:23,281][com.java.SeleniumDriver] [ 1397] - ReportCounter:Total:2 :: PASS: 1 ::FAIL: 1
[INFO ][2015-12-15 12:22:23,281][com.java.SeleniumDriver] [ 1398] - FailedReportCounter:Total:0 :: PASS: 0 ::FAIL: 0
[INFO ][2015-12-15 12:22:23,321][com.java.EmailTestReport] [   63] - Sending report mail details:
[INFO ][2015-12-15 12:22:23,321][com.java.EmailTestReport] [   80] - Excel Report Path:D:\BankersDashboard/TestReports/Test Results_BankersDashBoard_121515_121631_IE10_CB&S Bank.xls
[INFO ][2015-12-15 12:22:23,321][com.java.EmailTestReport] [   81] - HTML Report Path:D:\BankersDashboard//TestReports//Test Results_BankersDashBoard_121515_121631_IE10_CB&S Bank.html
[INFO ][2015-12-15 12:22:23,321][com.java.EmailTestReport] [   82] - smtpHostName:mail01.valuelabs.com
[INFO ][2015-12-15 12:22:23,321][com.java.EmailTestReport] [   83] - Recipient:venkateswararao.gubbala@valuelabs.com;
[INFO ][2015-12-15 12:22:23,321][com.java.EmailTestReport] [   84] - From:venkateswararao.gubbala@valuelabs.com;
[INFO ][2015-12-15 12:22:23,321][com.java.EmailTestReport] [   85] - Subject:Deluxe Corp Bankers Dashboard Automation Test Report - CB&S Bank - IE10
[INFO ][2015-12-15 12:22:23,331][com.java.EmailTestReport] [  143] -  Added venkateswararao.gubbala@valuelabs.com
[INFO ][2015-12-15 12:22:26,761][com.java.SeleniumDriver] [  720] - quitting the browser 
[INFO ][2015-12-15 12:22:28,371][com.java.SeleniumDriver] [  264] - Execution Completed Stopping the thread
