[INFO ][2016-01-12 19:46:51,845][com.java.SeleniumDriver] [  213] - Execute Failed Casesfalse
[INFO ][2016-01-12 19:46:51,845][com.java.SeleniumDriver] [  214] - Browser: IE10
[INFO ][2016-01-12 19:46:51,845][com.java.SeleniumDriver] [  215] - [1, 11, 12]
[INFO ][2016-01-12 19:46:51,845][com.java.SeleniumDriver] [  216] - Total TestCases:3
[INFO ][2016-01-12 19:46:51,845][com.java.SeleniumDriver] [  217] -  Reading Properties from Property File 
[DEBUG][2016-01-12 19:46:51,845][com.java.SeleniumDriver] [  238] - url : https://clients-xuat.bankersdashboard.com
[INFO ][2016-01-12 19:46:51,845][com.java.ImportnExport.ExportTestResultsExcel] [  116] - Time Stamp Tue Jan 12 07:46:51 IST 2016
[INFO ][2016-01-12 19:46:51,845][com.java.ImportnExport.ExportTestResultsExcel] [  175] - OUT FILE : D:\BankersDashboard/TestReports/Test Results_BankersDashBoard_011216_194651_IE10_Bank of North Carolina.xls
[INFO ][2016-01-12 19:46:51,876][com.java.ImportnExport.ExportTestResultsExcel] [  180] - Test Result file is created
[DEBUG][2016-01-12 19:46:51,976][com.java.SeleniumDriver] [  426] - Hub ip address is-------172.17.68.34
[INFO ][2016-01-12 19:46:51,976][com.java.SeleniumDriver] [  452] - Grid URL:http://172.17.68.34:4444/wd/hub
[INFO ][2016-01-12 19:46:51,976][com.java.SeleniumDriver] [  453] - Capability:Capabilities [{platform=ANY, ensureCleanSession=true, ignoreProtectedModeSettings=true, acceptSslCerts=true, ignoreZoomSetting=true, browserName=internet explorer, browserstack.ie.noFlash=true, version=null}]
[ERROR][2016-01-12 19:46:53,296][com.java.SeleniumDriver] [  498] - Unable invoke browser in grid:Could not start a new session. Possible causes are invalid address of the remote server or browser start-up failure.
Build info: version: '2.48.2', revision: '41bccdd', time: '2015-10-09 19:59:12'
System info: host: 'FVTIII438F1D', ip: '172.17.68.34', os.name: 'Windows 7', os.arch: 'x86', os.version: '6.1', java.version: '1.7.0_55'
Driver info: driver.version: SeleniumDriver
[INFO ][2016-01-12 19:46:53,296][com.java.SeleniumDriver] [  500] - Executing on local machine
[INFO ][2016-01-12 19:47:03,731][com.java.SeleniumDriver] [  248] - IE10is opened
[INFO ][2016-01-12 19:47:04,583][com.java.SeleniumDriver] [  756] - Test cases to be executed are: [1, 11, 12]
[INFO ][2016-01-12 19:47:04,604][com.java.ImportnExport.ImportTestDataDetailsExcel] [   49] - test data details path===== D:\BankersDashboard\TestInputs\TestData.xls
[INFO ][2016-01-12 19:47:04,704][com.java.SeleniumDriver] [  856] - ------------------------------------------
[INFO ][2016-01-12 19:47:04,704][com.java.SeleniumDriver] [  857] - Test case being Executed: 1
[INFO ][2016-01-12 19:47:04,704][com.java.SeleniumDriver] [  869] - Test step:1
[INFO ][2016-01-12 19:47:04,704][com.java.SeleniumDriver] [  881] - Datavalue is----------Concept#1:1-16
[INFO ][2016-01-12 19:47:04,704][com.java.SeleniumDriver] [  905] - DataField : test
[INFO ][2016-01-12 19:47:04,704][com.java.SeleniumDriver] [  907] - DataValue : Concept#1:1-16
[INFO ][2016-01-12 19:47:04,704][com.java.SeleniumDriver] [  913] - <In Set values of the page>
[INFO ][2016-01-12 19:47:04,704][com.java.SeleniumDriver] [  916] - {Data Fields & Data Values Exist}
[INFO ][2016-01-12 19:47:04,704][com.java.SeleniumDriver] [  918] - --------------------------setting values-----------------------------
[INFO ][2016-01-12 19:47:04,704][com.java.SeleniumDriver] [  921] - Action Type : ExecuteTestCase
[INFO ][2016-01-12 19:47:04,724][com.java.TestType] [  437] - The Concept sheet name is ---------- Concept
[INFO ][2016-01-12 19:47:04,724][com.java.TestType] [  440] - The Concept ID  is ---------- 1
[DEBUG][2016-01-12 19:47:04,724][com.java.TestType] [  444] - Steps being executted in the Concept are: 1:16
[INFO ][2016-01-12 19:47:04,724][com.java.TestType] [  451] - Test data details path ---------- D:\BankersDashboard\TestInputs\TestData.xls
[INFO ][2016-01-12 19:47:04,754][com.java.TestType] [  482] -  str(1) = 1
[INFO ][2016-01-12 19:47:04,754][com.java.TestType] [  485] - Test case Id is---1
[INFO ][2016-01-12 19:47:04,754][com.java.TestType] [  487] - 1
[INFO ][2016-01-12 19:47:04,764][com.java.TestType] [  482] -  str(2) = 1
[INFO ][2016-01-12 19:47:04,764][com.java.TestType] [  482] -  str(1) = 1
[INFO ][2016-01-12 19:47:04,764][com.java.TestType] [  485] - Test case Id is---1
[INFO ][2016-01-12 19:47:04,764][com.java.TestType] [  487] - 1
[INFO ][2016-01-12 19:47:04,764][com.java.TestType] [  482] -  str(2) = 2
[INFO ][2016-01-12 19:47:04,764][com.java.TestType] [  482] -  str(1) = 1
[INFO ][2016-01-12 19:47:04,764][com.java.TestType] [  485] - Test case Id is---1
[INFO ][2016-01-12 19:47:04,764][com.java.TestType] [  487] - 1
[INFO ][2016-01-12 19:47:04,764][com.java.TestType] [  482] -  str(2) = 3
[INFO ][2016-01-12 19:47:04,764][com.java.TestType] [  482] -  str(1) = 1
[INFO ][2016-01-12 19:47:04,764][com.java.TestType] [  485] - Test case Id is---1
[INFO ][2016-01-12 19:47:04,764][com.java.TestType] [  487] - 1
[INFO ][2016-01-12 19:47:04,764][com.java.TestType] [  482] -  str(2) = 4
[INFO ][2016-01-12 19:47:04,764][com.java.TestType] [  482] -  str(1) = 1
[INFO ][2016-01-12 19:47:04,764][com.java.TestType] [  485] - Test case Id is---1
[INFO ][2016-01-12 19:47:04,764][com.java.TestType] [  487] - 1
[INFO ][2016-01-12 19:47:04,764][com.java.TestType] [  482] -  str(2) = 5
[INFO ][2016-01-12 19:47:04,764][com.java.TestType] [  482] -  str(1) = 1
[INFO ][2016-01-12 19:47:04,764][com.java.TestType] [  485] - Test case Id is---1
[INFO ][2016-01-12 19:47:04,764][com.java.TestType] [  487] - 1
[INFO ][2016-01-12 19:47:04,774][com.java.TestType] [  482] -  str(2) = 6
[INFO ][2016-01-12 19:47:04,774][com.java.TestType] [  482] -  str(1) = 1
[INFO ][2016-01-12 19:47:04,774][com.java.TestType] [  485] - Test case Id is---1
[INFO ][2016-01-12 19:47:04,774][com.java.TestType] [  487] - 1
[INFO ][2016-01-12 19:47:04,774][com.java.TestType] [  482] -  str(2) = 7
[INFO ][2016-01-12 19:47:04,774][com.java.TestType] [  482] -  str(1) = 1
[INFO ][2016-01-12 19:47:04,774][com.java.TestType] [  485] - Test case Id is---1
[INFO ][2016-01-12 19:47:04,774][com.java.TestType] [  487] - 1
[INFO ][2016-01-12 19:47:04,774][com.java.TestType] [  482] -  str(2) = 8
[INFO ][2016-01-12 19:47:04,774][com.java.TestType] [  482] -  str(1) = 1
[INFO ][2016-01-12 19:47:04,774][com.java.TestType] [  485] - Test case Id is---1
[INFO ][2016-01-12 19:47:04,774][com.java.TestType] [  487] - 1
[INFO ][2016-01-12 19:47:04,774][com.java.TestType] [  482] -  str(2) = 9
[INFO ][2016-01-12 19:47:04,774][com.java.TestType] [  482] -  str(1) = 1
[INFO ][2016-01-12 19:47:04,774][com.java.TestType] [  485] - Test case Id is---1
[INFO ][2016-01-12 19:47:04,774][com.java.TestType] [  487] - 1
[INFO ][2016-01-12 19:47:04,774][com.java.TestType] [  482] -  str(2) = 10
[INFO ][2016-01-12 19:47:04,774][com.java.TestType] [  482] -  str(1) = 1
[INFO ][2016-01-12 19:47:04,774][com.java.TestType] [  485] - Test case Id is---1
[INFO ][2016-01-12 19:47:04,774][com.java.TestType] [  487] - 1
[INFO ][2016-01-12 19:47:04,774][com.java.TestType] [  482] -  str(2) = 11
[INFO ][2016-01-12 19:47:04,774][com.java.TestType] [  482] -  str(1) = 1
[INFO ][2016-01-12 19:47:04,774][com.java.TestType] [  485] - Test case Id is---1
[INFO ][2016-01-12 19:47:04,774][com.java.TestType] [  487] - 1
[INFO ][2016-01-12 19:47:04,774][com.java.TestType] [  482] -  str(2) = 12
[INFO ][2016-01-12 19:47:04,774][com.java.TestType] [  482] -  str(1) = 1
[INFO ][2016-01-12 19:47:04,774][com.java.TestType] [  485] - Test case Id is---1
[INFO ][2016-01-12 19:47:04,774][com.java.TestType] [  487] - 1
[INFO ][2016-01-12 19:47:04,774][com.java.TestType] [  482] -  str(2) = 13
[INFO ][2016-01-12 19:47:04,774][com.java.TestType] [  482] -  str(1) = 1
[INFO ][2016-01-12 19:47:04,774][com.java.TestType] [  485] - Test case Id is---1
[INFO ][2016-01-12 19:47:04,774][com.java.TestType] [  487] - 1
[INFO ][2016-01-12 19:47:04,774][com.java.TestType] [  482] -  str(2) = 14
[INFO ][2016-01-12 19:47:04,784][com.java.TestType] [  482] -  str(1) = 1
[INFO ][2016-01-12 19:47:04,784][com.java.TestType] [  485] - Test case Id is---1
[INFO ][2016-01-12 19:47:04,784][com.java.TestType] [  487] - 1
[INFO ][2016-01-12 19:47:04,784][com.java.TestType] [  482] -  str(2) = 15
[INFO ][2016-01-12 19:47:04,784][com.java.TestType] [  482] -  str(1) = 1
[INFO ][2016-01-12 19:47:04,784][com.java.TestType] [  485] - Test case Id is---1
[INFO ][2016-01-12 19:47:04,784][com.java.TestType] [  487] - 1
[INFO ][2016-01-12 19:47:04,784][com.java.TestType] [  482] -  str(2) = 16
[INFO ][2016-01-12 19:47:04,784][com.java.TestType] [11196] - Looping 1TCID = 1
[DEBUG][2016-01-12 19:47:04,784][com.java.TestType] [11237] - Concept ID:1 :: Step being Executed: 1::1
[INFO ][2016-01-12 19:47:04,784][com.java.TestType] [11275] - dataFields : TXTusername
[DEBUG][2016-01-12 19:47:04,784][com.java.TestType] [11281] - <In Set values of the page>
[DEBUG][2016-01-12 19:47:04,784][com.java.TestType] [11286] - {Data Fields & Data Values Exist}
[INFO ][2016-01-12 19:47:04,784][com.java.TestType] [11292] - --------------------------setting values-----------------------------
[INFO ][2016-01-12 19:47:04,784][com.java.TestType] [11295] - Action Type : CLEARANDENTER
[INFO ][2016-01-12 19:47:04,784][com.java.TestType] [ 6136] - value = valuelabs.ie10.33527
[INFO ][2016-01-12 19:47:09,524][com.java.TestType] [11314] -  RESULT true
[INFO ][2016-01-12 19:47:09,524][com.java.TestType] [11431] - ?   P A S S   ?
[DEBUG][2016-01-12 19:47:09,524][com.java.TestType] [11237] - Concept ID:1 :: Step being Executed: 1::2
[INFO ][2016-01-12 19:47:09,524][com.java.TestType] [11275] - dataFields : TXTpassword
[DEBUG][2016-01-12 19:47:09,524][com.java.TestType] [11281] - <In Set values of the page>
[DEBUG][2016-01-12 19:47:09,524][com.java.TestType] [11286] - {Data Fields & Data Values Exist}
[INFO ][2016-01-12 19:47:09,524][com.java.TestType] [11292] - --------------------------setting values-----------------------------
[INFO ][2016-01-12 19:47:09,524][com.java.TestType] [11295] - Action Type : CLEARANDENTER
[INFO ][2016-01-12 19:47:09,524][com.java.TestType] [ 6136] - value = Password1*
[INFO ][2016-01-12 19:47:14,323][com.java.TestType] [11314] -  RESULT true
[INFO ][2016-01-12 19:47:14,323][com.java.TestType] [11431] - ?   P A S S   ?
[DEBUG][2016-01-12 19:47:14,323][com.java.TestType] [11237] - Concept ID:1 :: Step being Executed: 1::3
[ERROR][2016-01-12 19:47:14,323][com.java.TestType] [11270] - Exception: null
[INFO ][2016-01-12 19:47:14,323][com.java.TestType] [11275] - dataFields : XPH//button[@type='submit']
[DEBUG][2016-01-12 19:47:14,323][com.java.TestType] [11281] - <In Set values of the page>
[DEBUG][2016-01-12 19:47:14,323][com.java.TestType] [11286] - {Data Fields & Data Values Exist}
[INFO ][2016-01-12 19:47:14,323][com.java.TestType] [11292] - --------------------------setting values-----------------------------
[INFO ][2016-01-12 19:47:14,323][com.java.TestType] [11295] - Action Type : Click
[INFO ][2016-01-12 19:47:14,323][com.java.TestType] [ 6515] - Field ::XPH//button[@type='submit']
[INFO ][2016-01-12 19:47:14,323][com.java.TestType] [ 6136] - value = 
[INFO ][2016-01-12 19:47:15,323][com.java.TestType] [ 6652] - BEFORE CLICK
[INFO ][2016-01-12 19:47:16,176][com.java.TestType] [ 6660] - Unable to click the object Login
[INFO ][2016-01-12 19:47:16,176][com.java.TestType] [11314] -  RESULT true
[INFO ][2016-01-12 19:47:16,176][com.java.TestType] [11431] - ?   P A S S   ?
[DEBUG][2016-01-12 19:47:16,176][com.java.TestType] [11237] - Concept ID:1 :: Step being Executed: 1::4
[INFO ][2016-01-12 19:47:16,176][com.java.TestType] [11275] - dataFields : LNKLogout
[DEBUG][2016-01-12 19:47:16,176][com.java.TestType] [11281] - <In Set values of the page>
[DEBUG][2016-01-12 19:47:16,176][com.java.TestType] [11286] - {Data Fields & Data Values Exist}
[INFO ][2016-01-12 19:47:16,176][com.java.TestType] [11292] - --------------------------setting values-----------------------------
[INFO ][2016-01-12 19:47:16,176][com.java.TestType] [11295] - Action Type : WaitForElement
[INFO ][2016-01-12 19:47:19,644][com.java.TestType] [11314] -  RESULT true
[INFO ][2016-01-12 19:47:19,644][com.java.TestType] [11431] - ?   P A S S   ?
[DEBUG][2016-01-12 19:47:19,644][com.java.TestType] [11237] - Concept ID:1 :: Step being Executed: 1::15
[INFO ][2016-01-12 19:47:19,644][com.java.TestType] [11275] - dataFields : LNK
[DEBUG][2016-01-12 19:47:19,644][com.java.TestType] [11281] - <In Set values of the page>
[DEBUG][2016-01-12 19:47:19,644][com.java.TestType] [11286] - {Data Fields & Data Values Exist}
[INFO ][2016-01-12 19:47:19,644][com.java.TestType] [11292] - --------------------------setting values-----------------------------
[INFO ][2016-01-12 19:47:19,644][com.java.TestType] [11295] - Action Type : Verify
[INFO ][2016-01-12 19:47:19,644][com.java.TestType] [ 7605] - field= LNK value= Logout
[INFO ][2016-01-12 19:47:19,644][com.java.TestType] [ 6136] - value = Logout
[INFO ][2016-01-12 19:47:19,685][com.java.TestType] [11314] -  RESULT true
[INFO ][2016-01-12 19:47:19,685][com.java.TestType] [11431] - ?   P A S S   ?
[DEBUG][2016-01-12 19:47:19,685][com.java.TestType] [11237] - Concept ID:1 :: Step being Executed: 1::16
[INFO ][2016-01-12 19:47:19,685][com.java.TestType] [11275] - dataFields : BTN
[DEBUG][2016-01-12 19:47:19,685][com.java.TestType] [11281] - <In Set values of the page>
[DEBUG][2016-01-12 19:47:19,685][com.java.TestType] [11286] - {Data Fields & Data Values Exist}
[INFO ][2016-01-12 19:47:19,685][com.java.TestType] [11292] - --------------------------setting values-----------------------------
[INFO ][2016-01-12 19:47:19,685][com.java.TestType] [11295] - Action Type : Verify
[INFO ][2016-01-12 19:47:19,685][com.java.TestType] [ 7605] - field= BTN value= //img[contains(@src,'bdlogo.jpg')]
[INFO ][2016-01-12 19:47:19,685][com.java.TestType] [ 6136] - value = //img[contains(@src,'bdlogo.jpg')]
[INFO ][2016-01-12 19:47:19,745][com.java.TestType] [11314] -  RESULT true
[INFO ][2016-01-12 19:47:19,745][com.java.TestType] [11431] - ?   P A S S   ?
[INFO ][2016-01-12 19:47:19,745][com.java.TestType] [11502] - Looping End......
[INFO ][2016-01-12 19:47:19,745][com.java.SeleniumDriver] [  930] -  RESULT true
[INFO ][2016-01-12 19:47:19,745][com.java.SeleniumDriver] [ 1136] - ?   P A S S   ?
[INFO ][2016-01-12 19:47:19,745][com.java.SeleniumDriver] [  856] - ------------------------------------------
[INFO ][2016-01-12 19:47:19,745][com.java.SeleniumDriver] [  857] - Test case being Executed: 1
[INFO ][2016-01-12 19:47:19,745][com.java.SeleniumDriver] [  869] - Test step:2
[INFO ][2016-01-12 19:47:19,745][com.java.SeleniumDriver] [  881] - Datavalue is----------Concept#2:1-2
[INFO ][2016-01-12 19:47:19,745][com.java.SeleniumDriver] [  905] - DataField : test
[INFO ][2016-01-12 19:47:19,745][com.java.SeleniumDriver] [  907] - DataValue : Concept#2:1-2
[INFO ][2016-01-12 19:47:19,745][com.java.SeleniumDriver] [  913] - <In Set values of the page>
[INFO ][2016-01-12 19:47:19,745][com.java.SeleniumDriver] [  916] - {Data Fields & Data Values Exist}
[INFO ][2016-01-12 19:47:19,745][com.java.SeleniumDriver] [  918] - --------------------------setting values-----------------------------
[INFO ][2016-01-12 19:47:19,745][com.java.SeleniumDriver] [  921] - Action Type : ExecuteTestCase
[INFO ][2016-01-12 19:47:19,745][com.java.TestType] [  437] - The Concept sheet name is ---------- Concept
[INFO ][2016-01-12 19:47:19,745][com.java.TestType] [  440] - The Concept ID  is ---------- 2
[DEBUG][2016-01-12 19:47:19,745][com.java.TestType] [  444] - Steps being executted in the Concept are: 1:2
[INFO ][2016-01-12 19:47:19,745][com.java.TestType] [  451] - Test data details path ---------- D:\BankersDashboard\TestInputs\TestData.xls
[INFO ][2016-01-12 19:47:19,785][com.java.TestType] [  482] -  str(1) = 2
[INFO ][2016-01-12 19:47:19,785][com.java.TestType] [  485] - Test case Id is---2
[INFO ][2016-01-12 19:47:19,785][com.java.TestType] [  487] - 2
[INFO ][2016-01-12 19:47:19,785][com.java.TestType] [  482] -  str(2) = 1
[INFO ][2016-01-12 19:47:19,785][com.java.TestType] [  482] -  str(1) = 2
[INFO ][2016-01-12 19:47:19,785][com.java.TestType] [  485] - Test case Id is---2
[INFO ][2016-01-12 19:47:19,785][com.java.TestType] [  487] - 2
[INFO ][2016-01-12 19:47:19,785][com.java.TestType] [  482] -  str(2) = 2
[INFO ][2016-01-12 19:47:19,785][com.java.TestType] [  482] -  str(1) = 2
[INFO ][2016-01-12 19:47:19,785][com.java.TestType] [  485] - Test case Id is---2
[INFO ][2016-01-12 19:47:19,785][com.java.TestType] [  487] - 2
[INFO ][2016-01-12 19:47:19,785][com.java.TestType] [  482] -  str(2) = 3
[INFO ][2016-01-12 19:47:19,785][com.java.TestType] [11196] - Looping 1TCID = 2
[DEBUG][2016-01-12 19:47:19,785][com.java.TestType] [11237] - Concept ID:2 :: Step being Executed: 2::1
[INFO ][2016-01-12 19:47:19,785][com.java.TestType] [11275] - dataFields : BNK//select[@id='bank']
[DEBUG][2016-01-12 19:47:19,785][com.java.TestType] [11281] - <In Set values of the page>
[DEBUG][2016-01-12 19:47:19,785][com.java.TestType] [11286] - {Data Fields & Data Values Exist}
[INFO ][2016-01-12 19:47:19,785][com.java.TestType] [11292] - --------------------------setting values-----------------------------
[INFO ][2016-01-12 19:47:19,785][com.java.TestType] [11295] - Action Type : Select
[INFO ][2016-01-12 19:47:19,785][com.java.TestType] [ 6136] - value = PFC
[INFO ][2016-01-12 19:47:20,303][com.java.TestType] [11314] -  RESULT true
[INFO ][2016-01-12 19:47:20,303][com.java.TestType] [11431] - ?   P A S S   ?
[DEBUG][2016-01-12 19:47:20,303][com.java.TestType] [11237] - Concept ID:2 :: Step being Executed: 2::2
[INFO ][2016-01-12 19:47:20,303][com.java.TestType] [11275] - dataFields : LNKLogout
[DEBUG][2016-01-12 19:47:20,303][com.java.TestType] [11281] - <In Set values of the page>
[DEBUG][2016-01-12 19:47:20,303][com.java.TestType] [11286] - {Data Fields & Data Values Exist}
[INFO ][2016-01-12 19:47:20,303][com.java.TestType] [11292] - --------------------------setting values-----------------------------
[INFO ][2016-01-12 19:47:20,303][com.java.TestType] [11295] - Action Type : WaitTime
[DEBUG][2016-01-12 19:47:20,303][com.java.TestType] [ 5950] - sleepTime: 5000
[INFO ][2016-01-12 19:47:25,325][com.java.TestType] [11314] -  RESULT true
[INFO ][2016-01-12 19:47:25,325][com.java.TestType] [11431] - ?   P A S S   ?
[INFO ][2016-01-12 19:47:25,325][com.java.TestType] [11502] - Looping End......
[INFO ][2016-01-12 19:47:25,325][com.java.SeleniumDriver] [  930] -  RESULT true
[INFO ][2016-01-12 19:47:25,325][com.java.SeleniumDriver] [ 1136] - ?   P A S S   ?
[INFO ][2016-01-12 19:47:25,325][com.java.SeleniumDriver] [  856] - ------------------------------------------
[INFO ][2016-01-12 19:47:25,325][com.java.SeleniumDriver] [  857] - Test case being Executed: 1
[INFO ][2016-01-12 19:47:25,325][com.java.SeleniumDriver] [  869] - Test step:3
[INFO ][2016-01-12 19:47:25,325][com.java.SeleniumDriver] [  881] - Datavalue is----------2
[INFO ][2016-01-12 19:47:25,325][com.java.SeleniumDriver] [  905] - DataField : XPH//button[contains(text(),'Add Content')]
[INFO ][2016-01-12 19:47:25,325][com.java.SeleniumDriver] [  907] - DataValue : 2
[INFO ][2016-01-12 19:47:25,325][com.java.SeleniumDriver] [  913] - <In Set values of the page>
[INFO ][2016-01-12 19:47:25,325][com.java.SeleniumDriver] [  916] - {Data Fields & Data Values Exist}
[INFO ][2016-01-12 19:47:25,325][com.java.SeleniumDriver] [  918] - --------------------------setting values-----------------------------
[INFO ][2016-01-12 19:47:25,325][com.java.SeleniumDriver] [  921] - Action Type : WAITFORELEMENT
[INFO ][2016-01-12 19:47:25,366][com.java.SeleniumDriver] [  930] -  RESULT true
[INFO ][2016-01-12 19:47:25,366][com.java.SeleniumDriver] [ 1136] - ?   P A S S   ?
[DEBUG][2016-01-12 19:47:25,366][com.java.SeleniumDriver] [ 1248] - Case found
[DEBUG][2016-01-12 19:47:25,366][com.java.SeleniumDriver] [ 1253] - Incrementing ReportCounters[0]:1
[INFO ][2016-01-12 19:47:25,366][com.java.SeleniumDriver] [ 1272] - The results are-------------------[1, 1, Valid Login, Pass, , Tue Jan 12 19:47:19 IST 2016, 1, 2, Valid Login, Pass, , Tue Jan 12 19:47:25 IST 2016, 1, 3, Valid Login, Pass, , Tue Jan 12 19:47:25 IST 2016]
[INFO ][2016-01-12 19:47:25,366][com.java.SeleniumDriver] [ 1276] - End time is-------35 sec
[INFO ][2016-01-12 19:47:25,366][com.java.SeleniumDriver] [ 1277] - The results are-------------------[1, 1, Valid Login, Pass, , Tue Jan 12 19:47:19 IST 2016, 1, 2, Valid Login, Pass, , Tue Jan 12 19:47:25 IST 2016, 1, 3, Valid Login, Pass, , Tue Jan 12 19:47:25 IST 2016]
[DEBUG][2016-01-12 19:47:25,366][com.java.ImportnExport.ExportTestResultsExcel] [  222] - testResultPath = D:\BankersDashboard/TestReports/Test Results_BankersDashBoard_011216_194651_IE10_Bank of North Carolina.xls
[DEBUG][2016-01-12 19:47:25,366][com.java.ImportnExport.ExportTestResultsExcel] [  223] - browser is------------IE10
[DEBUG][2016-01-12 19:47:25,406][com.java.ImportnExport.ExportTestResultsExcel] [  270] - result.size() = 18
[DEBUG][2016-01-12 19:47:25,406][com.java.ImportnExport.ExportTestResultsExcel] [  274] - No of rows in sheet=1
[DEBUG][2016-01-12 19:47:25,406][com.java.ImportnExport.ExportTestResultsExcel] [  301] - ..in export..1
[DEBUG][2016-01-12 19:47:25,406][com.java.ImportnExport.ExportTestResultsExcel] [  301] - ..in export..Valid Login
[DEBUG][2016-01-12 19:47:25,406][com.java.ImportnExport.ExportTestResultsExcel] [  301] - ..in export..Pass
[DEBUG][2016-01-12 19:47:25,406][com.java.ImportnExport.ExportTestResultsExcel] [  301] - ..in export..
[DEBUG][2016-01-12 19:47:25,406][com.java.ImportnExport.ExportTestResultsExcel] [  301] - ..in export..Tue Jan 12 19:47:19 IST 2016
[INFO ][2016-01-12 19:47:25,406][com.java.SeleniumDriver] [ 1337] - out loop:0 size:3 TestCases:[1, 11, 12] testcases:[1, 11, 12]
[INFO ][2016-01-12 19:47:25,406][com.java.ImportnExport.ImportTestDataDetailsExcel] [   49] - test data details path===== D:\BankersDashboard\TestInputs\TestData.xls
[INFO ][2016-01-12 19:47:46,137][com.java.SeleniumDriver] [  856] - ------------------------------------------
[INFO ][2016-01-12 19:47:46,137][com.java.SeleniumDriver] [  857] - Test case being Executed: 11
[INFO ][2016-01-12 19:47:46,137][com.java.SeleniumDriver] [  869] - Test step:1
[INFO ][2016-01-12 19:47:46,137][com.java.SeleniumDriver] [  881] - Datavalue is----------Logout
[INFO ][2016-01-12 19:47:46,137][com.java.SeleniumDriver] [  905] - DataField : BTN
[INFO ][2016-01-12 19:47:46,137][com.java.SeleniumDriver] [  907] - DataValue : Logout
[INFO ][2016-01-12 19:47:46,137][com.java.SeleniumDriver] [  913] - <In Set values of the page>
[INFO ][2016-01-12 19:47:46,137][com.java.SeleniumDriver] [  916] - {Data Fields & Data Values Exist}
[INFO ][2016-01-12 19:47:46,137][com.java.SeleniumDriver] [  918] - --------------------------setting values-----------------------------
[INFO ][2016-01-12 19:47:46,137][com.java.SeleniumDriver] [  921] - Action Type : VERIFY
[INFO ][2016-01-12 19:47:46,238][com.java.TestType] [ 7605] - field= BTN value= Logout
[INFO ][2016-01-12 19:47:46,238][com.java.TestType] [ 6136] - value = Logout
[INFO ][2016-01-12 19:47:46,398][com.java.SeleniumDriver] [  930] -  RESULT true
[INFO ][2016-01-12 19:47:46,398][com.java.SeleniumDriver] [ 1136] - ?   P A S S   ?
[INFO ][2016-01-12 19:47:46,398][com.java.SeleniumDriver] [ 1178] - step change to 3
[INFO ][2016-01-12 19:47:46,398][com.java.SeleniumDriver] [  856] - ------------------------------------------
[INFO ][2016-01-12 19:47:46,398][com.java.SeleniumDriver] [  857] - Test case being Executed: 11
[INFO ][2016-01-12 19:47:46,398][com.java.SeleniumDriver] [  869] - Test step:3
[INFO ][2016-01-12 19:47:46,398][com.java.SeleniumDriver] [  881] - Datavalue is----------Concept#2:1-2
[INFO ][2016-01-12 19:47:46,398][com.java.SeleniumDriver] [  905] - DataField : test
[INFO ][2016-01-12 19:47:46,398][com.java.SeleniumDriver] [  907] - DataValue : Concept#2:1-2
[INFO ][2016-01-12 19:47:46,398][com.java.SeleniumDriver] [  913] - <In Set values of the page>
[INFO ][2016-01-12 19:47:46,398][com.java.SeleniumDriver] [  916] - {Data Fields & Data Values Exist}
[INFO ][2016-01-12 19:47:46,398][com.java.SeleniumDriver] [  918] - --------------------------setting values-----------------------------
[INFO ][2016-01-12 19:47:46,398][com.java.SeleniumDriver] [  921] - Action Type : ExecuteTestCase
[INFO ][2016-01-12 19:47:46,398][com.java.TestType] [  437] - The Concept sheet name is ---------- Concept
[INFO ][2016-01-12 19:47:46,398][com.java.TestType] [  440] - The Concept ID  is ---------- 2
[DEBUG][2016-01-12 19:47:46,398][com.java.TestType] [  444] - Steps being executted in the Concept are: 1:2
[INFO ][2016-01-12 19:47:46,398][com.java.TestType] [  451] - Test data details path ---------- D:\BankersDashboard\TestInputs\TestData.xls
[INFO ][2016-01-12 19:47:46,428][com.java.TestType] [  482] -  str(1) = 2
[INFO ][2016-01-12 19:47:46,428][com.java.TestType] [  485] - Test case Id is---2
[INFO ][2016-01-12 19:47:46,428][com.java.TestType] [  487] - 2
[INFO ][2016-01-12 19:47:46,428][com.java.TestType] [  482] -  str(2) = 1
[INFO ][2016-01-12 19:47:46,428][com.java.TestType] [  482] -  str(1) = 2
[INFO ][2016-01-12 19:47:46,428][com.java.TestType] [  485] - Test case Id is---2
[INFO ][2016-01-12 19:47:46,428][com.java.TestType] [  487] - 2
[INFO ][2016-01-12 19:47:46,428][com.java.TestType] [  482] -  str(2) = 2
[INFO ][2016-01-12 19:47:46,428][com.java.TestType] [  482] -  str(1) = 2
[INFO ][2016-01-12 19:47:46,428][com.java.TestType] [  485] - Test case Id is---2
[INFO ][2016-01-12 19:47:46,428][com.java.TestType] [  487] - 2
[INFO ][2016-01-12 19:47:46,428][com.java.TestType] [  482] -  str(2) = 3
[INFO ][2016-01-12 19:47:46,428][com.java.TestType] [11196] - Looping 1TCID = 2
[DEBUG][2016-01-12 19:47:46,438][com.java.TestType] [11237] - Concept ID:2 :: Step being Executed: 2::1
[INFO ][2016-01-12 19:47:46,438][com.java.TestType] [11275] - dataFields : BNK//select[@id='bank']
[DEBUG][2016-01-12 19:47:46,438][com.java.TestType] [11281] - <In Set values of the page>
[DEBUG][2016-01-12 19:47:46,438][com.java.TestType] [11286] - {Data Fields & Data Values Exist}
[INFO ][2016-01-12 19:47:46,438][com.java.TestType] [11292] - --------------------------setting values-----------------------------
[INFO ][2016-01-12 19:47:46,438][com.java.TestType] [11295] - Action Type : Select
[INFO ][2016-01-12 19:47:46,438][com.java.TestType] [ 6136] - value = PFC
[INFO ][2016-01-12 19:47:46,618][com.java.TestType] [11314] -  RESULT true
[INFO ][2016-01-12 19:47:46,618][com.java.TestType] [11431] - ?   P A S S   ?
[DEBUG][2016-01-12 19:47:46,618][com.java.TestType] [11237] - Concept ID:2 :: Step being Executed: 2::2
[INFO ][2016-01-12 19:47:46,618][com.java.TestType] [11275] - dataFields : LNKLogout
[DEBUG][2016-01-12 19:47:46,618][com.java.TestType] [11281] - <In Set values of the page>
[DEBUG][2016-01-12 19:47:46,618][com.java.TestType] [11286] - {Data Fields & Data Values Exist}
[INFO ][2016-01-12 19:47:46,618][com.java.TestType] [11292] - --------------------------setting values-----------------------------
[INFO ][2016-01-12 19:47:46,618][com.java.TestType] [11295] - Action Type : WaitTime
[DEBUG][2016-01-12 19:47:46,618][com.java.TestType] [ 5950] - sleepTime: 5000
[INFO ][2016-01-12 19:47:51,618][com.java.TestType] [11314] -  RESULT true
[INFO ][2016-01-12 19:47:51,618][com.java.TestType] [11431] - ?   P A S S   ?
[INFO ][2016-01-12 19:47:51,618][com.java.TestType] [11502] - Looping End......
[INFO ][2016-01-12 19:47:51,618][com.java.SeleniumDriver] [  930] -  RESULT true
[INFO ][2016-01-12 19:47:51,618][com.java.SeleniumDriver] [ 1136] - ?   P A S S   ?
[INFO ][2016-01-12 19:47:51,618][com.java.SeleniumDriver] [  856] - ------------------------------------------
[INFO ][2016-01-12 19:47:51,618][com.java.SeleniumDriver] [  857] - Test case being Executed: 11
[INFO ][2016-01-12 19:47:51,618][com.java.SeleniumDriver] [  869] - Test step:4
[INFO ][2016-01-12 19:47:51,618][com.java.SeleniumDriver] [  881] - Datavalue is----------null
[DEBUG][2016-01-12 19:47:51,618][com.java.SeleniumDriver] [  899] - Exception: null
[INFO ][2016-01-12 19:47:51,618][com.java.SeleniumDriver] [  905] - DataField : //span[@class='icon-user4']&&//a[text()='Company Settings']&&//a[@data-id="RatedLoans"]
[INFO ][2016-01-12 19:47:51,618][com.java.SeleniumDriver] [  907] - DataValue : 
[INFO ][2016-01-12 19:47:51,618][com.java.SeleniumDriver] [  913] - <In Set values of the page>
[INFO ][2016-01-12 19:47:51,618][com.java.SeleniumDriver] [  916] - {Data Fields & Data Values Exist}
[INFO ][2016-01-12 19:47:51,618][com.java.SeleniumDriver] [  918] - --------------------------setting values-----------------------------
[INFO ][2016-01-12 19:47:51,618][com.java.SeleniumDriver] [  921] - Action Type : MOUSEOVER
[INFO ][2016-01-12 19:48:18,514][com.java.SeleniumDriver] [  930] -  RESULT true
[INFO ][2016-01-12 19:48:18,514][com.java.SeleniumDriver] [ 1136] - ?   P A S S   ?
[INFO ][2016-01-12 19:48:18,514][com.java.SeleniumDriver] [  856] - ------------------------------------------
[INFO ][2016-01-12 19:48:18,514][com.java.SeleniumDriver] [  857] - Test case being Executed: 11
[INFO ][2016-01-12 19:48:18,514][com.java.SeleniumDriver] [  869] - Test step:5
[INFO ][2016-01-12 19:48:18,514][com.java.SeleniumDriver] [  881] - Datavalue is----------Rated Loan Categories
[INFO ][2016-01-12 19:48:18,514][com.java.SeleniumDriver] [  905] - DataField : XPH//span[contains(text(), 'Rated Loan Categories')]
[INFO ][2016-01-12 19:48:18,514][com.java.SeleniumDriver] [  907] - DataValue : Rated Loan Categories
[INFO ][2016-01-12 19:48:18,514][com.java.SeleniumDriver] [  913] - <In Set values of the page>
[INFO ][2016-01-12 19:48:18,514][com.java.SeleniumDriver] [  916] - {Data Fields & Data Values Exist}
[INFO ][2016-01-12 19:48:18,514][com.java.SeleniumDriver] [  918] - --------------------------setting values-----------------------------
[INFO ][2016-01-12 19:48:18,514][com.java.SeleniumDriver] [  921] - Action Type : VERIFY
[INFO ][2016-01-12 19:48:18,514][com.java.TestType] [ 7605] - field= XPH//span[contains(text(), 'Rated Loan Categories')] value= Rated Loan Categories
[INFO ][2016-01-12 19:48:18,514][com.java.TestType] [ 6136] - value = Rated Loan Categories
[INFO ][2016-01-12 19:48:18,645][com.java.SeleniumDriver] [  930] -  RESULT true
[INFO ][2016-01-12 19:48:18,645][com.java.SeleniumDriver] [ 1136] - ?   P A S S   ?
[INFO ][2016-01-12 19:48:18,645][com.java.SeleniumDriver] [  856] - ------------------------------------------
[INFO ][2016-01-12 19:48:18,645][com.java.SeleniumDriver] [  857] - Test case being Executed: 11
[INFO ][2016-01-12 19:48:18,645][com.java.SeleniumDriver] [  869] - Test step:6
[INFO ][2016-01-12 19:48:18,645][com.java.SeleniumDriver] [  881] - Datavalue is----------null
[DEBUG][2016-01-12 19:48:18,645][com.java.SeleniumDriver] [  899] - Exception: null
[INFO ][2016-01-12 19:48:18,645][com.java.SeleniumDriver] [  905] - DataField : BTNframeDialogContent
[INFO ][2016-01-12 19:48:18,645][com.java.SeleniumDriver] [  907] - DataValue : 
[INFO ][2016-01-12 19:48:18,645][com.java.SeleniumDriver] [  913] - <In Set values of the page>
[INFO ][2016-01-12 19:48:18,645][com.java.SeleniumDriver] [  916] - {Data Fields & Data Values Exist}
[INFO ][2016-01-12 19:48:18,645][com.java.SeleniumDriver] [  918] - --------------------------setting values-----------------------------
[INFO ][2016-01-12 19:48:18,645][com.java.SeleniumDriver] [  921] - Action Type : SELECTFRAME
[INFO ][2016-01-12 19:48:19,876][com.java.SeleniumDriver] [  930] -  RESULT true
[INFO ][2016-01-12 19:48:19,876][com.java.SeleniumDriver] [ 1136] - ?   P A S S   ?
[INFO ][2016-01-12 19:48:19,876][com.java.SeleniumDriver] [  856] - ------------------------------------------
[INFO ][2016-01-12 19:48:19,876][com.java.SeleniumDriver] [  857] - Test case being Executed: 11
[INFO ][2016-01-12 19:48:19,876][com.java.SeleniumDriver] [  869] - Test step:7
[INFO ][2016-01-12 19:48:19,876][com.java.SeleniumDriver] [  881] - Datavalue is----------null
[DEBUG][2016-01-12 19:48:19,876][com.java.SeleniumDriver] [  899] - Exception: null
[INFO ][2016-01-12 19:48:19,876][com.java.SeleniumDriver] [  905] - DataField : BTNbtnAddNew
[INFO ][2016-01-12 19:48:19,876][com.java.SeleniumDriver] [  907] - DataValue : 
[INFO ][2016-01-12 19:48:19,876][com.java.SeleniumDriver] [  913] - <In Set values of the page>
[INFO ][2016-01-12 19:48:19,876][com.java.SeleniumDriver] [  916] - {Data Fields & Data Values Exist}
[INFO ][2016-01-12 19:48:19,876][com.java.SeleniumDriver] [  918] - --------------------------setting values-----------------------------
[INFO ][2016-01-12 19:48:19,876][com.java.SeleniumDriver] [  921] - Action Type : CLICK
[INFO ][2016-01-12 19:48:19,876][com.java.TestType] [ 6515] - Field ::BTNbtnAddNew
[INFO ][2016-01-12 19:48:19,876][com.java.TestType] [ 6136] - value = 
[INFO ][2016-01-12 19:48:20,876][com.java.TestType] [ 6631] - BEFORE CLICK
[INFO ][2016-01-12 19:48:22,047][com.java.TestType] [ 6638] - Unable to click the object Add New Category button
[INFO ][2016-01-12 19:48:22,047][com.java.SeleniumDriver] [  930] -  RESULT true
[INFO ][2016-01-12 19:48:22,047][com.java.SeleniumDriver] [ 1136] - ?   P A S S   ?
[INFO ][2016-01-12 19:48:22,047][com.java.SeleniumDriver] [  856] - ------------------------------------------
[INFO ][2016-01-12 19:48:22,047][com.java.SeleniumDriver] [  857] - Test case being Executed: 11
[INFO ][2016-01-12 19:48:22,047][com.java.SeleniumDriver] [  869] - Test step:8
[INFO ][2016-01-12 19:48:22,047][com.java.SeleniumDriver] [  881] - Datavalue is----------5
[INFO ][2016-01-12 19:48:22,047][com.java.SeleniumDriver] [  905] - DataField : XPH//td[contains(text(),'Description')]
[INFO ][2016-01-12 19:48:22,047][com.java.SeleniumDriver] [  907] - DataValue : 5
[INFO ][2016-01-12 19:48:22,047][com.java.SeleniumDriver] [  913] - <In Set values of the page>
[INFO ][2016-01-12 19:48:22,047][com.java.SeleniumDriver] [  916] - {Data Fields & Data Values Exist}
[INFO ][2016-01-12 19:48:22,047][com.java.SeleniumDriver] [  918] - --------------------------setting values-----------------------------
[INFO ][2016-01-12 19:48:22,047][com.java.SeleniumDriver] [  921] - Action Type : WAITFORELEMENT
[INFO ][2016-01-12 19:48:22,077][com.java.SeleniumDriver] [  930] -  RESULT true
[INFO ][2016-01-12 19:48:22,077][com.java.SeleniumDriver] [ 1136] - ?   P A S S   ?
[INFO ][2016-01-12 19:48:22,077][com.java.SeleniumDriver] [  856] - ------------------------------------------
[INFO ][2016-01-12 19:48:22,077][com.java.SeleniumDriver] [  857] - Test case being Executed: 11
[INFO ][2016-01-12 19:48:22,077][com.java.SeleniumDriver] [  869] - Test step:9
[INFO ][2016-01-12 19:48:22,077][com.java.SeleniumDriver] [  881] - Datavalue is----------//td[contains(text(),'Description')]
[INFO ][2016-01-12 19:48:22,077][com.java.SeleniumDriver] [  905] - DataField : BTN
[INFO ][2016-01-12 19:48:22,077][com.java.SeleniumDriver] [  907] - DataValue : //td[contains(text(),'Description')]
[INFO ][2016-01-12 19:48:22,077][com.java.SeleniumDriver] [  913] - <In Set values of the page>
[INFO ][2016-01-12 19:48:22,077][com.java.SeleniumDriver] [  916] - {Data Fields & Data Values Exist}
[INFO ][2016-01-12 19:48:22,077][com.java.SeleniumDriver] [  918] - --------------------------setting values-----------------------------
[INFO ][2016-01-12 19:48:22,077][com.java.SeleniumDriver] [  921] - Action Type : VERIFY
[INFO ][2016-01-12 19:48:22,077][com.java.TestType] [ 7605] - field= BTN value= //td[contains(text(),'Description')]
[INFO ][2016-01-12 19:48:22,077][com.java.TestType] [ 6136] - value = //td[contains(text(),'Description')]
[INFO ][2016-01-12 19:48:22,117][com.java.SeleniumDriver] [  930] -  RESULT true
[INFO ][2016-01-12 19:48:22,117][com.java.SeleniumDriver] [ 1136] - ?   P A S S   ?
[INFO ][2016-01-12 19:48:22,117][com.java.SeleniumDriver] [  856] - ------------------------------------------
[INFO ][2016-01-12 19:48:22,117][com.java.SeleniumDriver] [  857] - Test case being Executed: 11
[INFO ][2016-01-12 19:48:22,117][com.java.SeleniumDriver] [  869] - Test step:10
[INFO ][2016-01-12 19:48:22,117][com.java.SeleniumDriver] [  881] - Datavalue is----------//td[contains(text(),'Rated Loan*')]
[INFO ][2016-01-12 19:48:22,117][com.java.SeleniumDriver] [  905] - DataField : BTN
[INFO ][2016-01-12 19:48:22,117][com.java.SeleniumDriver] [  907] - DataValue : //td[contains(text(),'Rated Loan*')]
[INFO ][2016-01-12 19:48:22,117][com.java.SeleniumDriver] [  913] - <In Set values of the page>
[INFO ][2016-01-12 19:48:22,117][com.java.SeleniumDriver] [  916] - {Data Fields & Data Values Exist}
[INFO ][2016-01-12 19:48:22,117][com.java.SeleniumDriver] [  918] - --------------------------setting values-----------------------------
[INFO ][2016-01-12 19:48:22,117][com.java.SeleniumDriver] [  921] - Action Type : VERIFY
[INFO ][2016-01-12 19:48:22,117][com.java.TestType] [ 7605] - field= BTN value= //td[contains(text(),'Rated Loan*')]
[INFO ][2016-01-12 19:48:22,117][com.java.TestType] [ 6136] - value = //td[contains(text(),'Rated Loan*')]
[INFO ][2016-01-12 19:48:22,157][com.java.SeleniumDriver] [  930] -  RESULT true
[INFO ][2016-01-12 19:48:22,157][com.java.SeleniumDriver] [ 1136] - ?   P A S S   ?
[INFO ][2016-01-12 19:48:22,157][com.java.SeleniumDriver] [  856] - ------------------------------------------
[INFO ][2016-01-12 19:48:22,157][com.java.SeleniumDriver] [  857] - Test case being Executed: 11
[INFO ][2016-01-12 19:48:22,157][com.java.SeleniumDriver] [  869] - Test step:11
[INFO ][2016-01-12 19:48:22,157][com.java.SeleniumDriver] [  881] - Datavalue is----------RNDTesting
[INFO ][2016-01-12 19:48:22,157][com.java.SeleniumDriver] [  905] - DataField : TXTtxtDescription
[INFO ][2016-01-12 19:48:22,157][com.java.SeleniumDriver] [  907] - DataValue : RNDTesting
[INFO ][2016-01-12 19:48:22,157][com.java.SeleniumDriver] [  913] - <In Set values of the page>
[INFO ][2016-01-12 19:48:22,157][com.java.SeleniumDriver] [  916] - {Data Fields & Data Values Exist}
[INFO ][2016-01-12 19:48:22,157][com.java.SeleniumDriver] [  918] - --------------------------setting values-----------------------------
[INFO ][2016-01-12 19:48:22,157][com.java.SeleniumDriver] [  921] - Action Type : CLEARANDENTER
[INFO ][2016-01-12 19:48:22,157][com.java.TestType] [ 6136] - value = Testing106807
[INFO ][2016-01-12 19:48:24,659][com.java.SeleniumDriver] [  930] -  RESULT true
[INFO ][2016-01-12 19:48:24,659][com.java.SeleniumDriver] [ 1136] - ?   P A S S   ?
[INFO ][2016-01-12 19:48:24,659][com.java.SeleniumDriver] [  856] - ------------------------------------------
[INFO ][2016-01-12 19:48:24,659][com.java.SeleniumDriver] [  857] - Test case being Executed: 11
[INFO ][2016-01-12 19:48:24,659][com.java.SeleniumDriver] [  869] - Test step:12
[INFO ][2016-01-12 19:48:24,659][com.java.SeleniumDriver] [  881] - Datavalue is----------2
[INFO ][2016-01-12 19:48:24,659][com.java.SeleniumDriver] [  905] - DataField : test
[INFO ][2016-01-12 19:48:24,659][com.java.SeleniumDriver] [  907] - DataValue : 2
[INFO ][2016-01-12 19:48:24,659][com.java.SeleniumDriver] [  913] - <In Set values of the page>
[INFO ][2016-01-12 19:48:24,659][com.java.SeleniumDriver] [  916] - {Data Fields & Data Values Exist}
[INFO ][2016-01-12 19:48:24,659][com.java.SeleniumDriver] [  918] - --------------------------setting values-----------------------------
[INFO ][2016-01-12 19:48:24,659][com.java.SeleniumDriver] [  921] - Action Type : WAITTIME
[DEBUG][2016-01-12 19:48:24,659][com.java.TestType] [ 5950] - sleepTime: 2000
[INFO ][2016-01-12 19:48:26,659][com.java.SeleniumDriver] [  930] -  RESULT true
[INFO ][2016-01-12 19:48:26,659][com.java.SeleniumDriver] [ 1136] - ?   P A S S   ?
[INFO ][2016-01-12 19:48:26,659][com.java.SeleniumDriver] [  856] - ------------------------------------------
[INFO ][2016-01-12 19:48:26,659][com.java.SeleniumDriver] [  857] - Test case being Executed: 11
[INFO ][2016-01-12 19:48:26,659][com.java.SeleniumDriver] [  869] - Test step:13
[INFO ][2016-01-12 19:48:26,659][com.java.SeleniumDriver] [  881] - Datavalue is----------Test
[INFO ][2016-01-12 19:48:26,659][com.java.SeleniumDriver] [  905] - DataField : TXTtxtDescription
[INFO ][2016-01-12 19:48:26,659][com.java.SeleniumDriver] [  907] - DataValue : Test
[INFO ][2016-01-12 19:48:26,659][com.java.SeleniumDriver] [  913] - <In Set values of the page>
[INFO ][2016-01-12 19:48:26,659][com.java.SeleniumDriver] [  916] - {Data Fields & Data Values Exist}
[INFO ][2016-01-12 19:48:26,659][com.java.SeleniumDriver] [  918] - --------------------------setting values-----------------------------
[INFO ][2016-01-12 19:48:26,659][com.java.SeleniumDriver] [  921] - Action Type : STOREVALUE
[INFO ][2016-01-12 19:48:26,659][com.java.TestType] [ 8956] - field= TXTtxtDescription
[DEBUG][2016-01-12 19:48:27,751][com.java.TestType] [ 8970] - Key:: Test  Value:: Testing106807
[INFO ][2016-01-12 19:48:27,751][com.java.SeleniumDriver] [  930] -  RESULT true
[INFO ][2016-01-12 19:48:27,751][com.java.SeleniumDriver] [ 1136] - ?   P A S S   ?
[INFO ][2016-01-12 19:48:27,751][com.java.SeleniumDriver] [  856] - ------------------------------------------
[INFO ][2016-01-12 19:48:27,751][com.java.SeleniumDriver] [  857] - Test case being Executed: 11
[INFO ][2016-01-12 19:48:27,751][com.java.SeleniumDriver] [  869] - Test step:14
[INFO ][2016-01-12 19:48:27,751][com.java.SeleniumDriver] [  881] - Datavalue is----------3
[INFO ][2016-01-12 19:48:27,751][com.java.SeleniumDriver] [  905] - DataField : test
[INFO ][2016-01-12 19:48:27,751][com.java.SeleniumDriver] [  907] - DataValue : 3
[INFO ][2016-01-12 19:48:27,751][com.java.SeleniumDriver] [  913] - <In Set values of the page>
[INFO ][2016-01-12 19:48:27,751][com.java.SeleniumDriver] [  916] - {Data Fields & Data Values Exist}
[INFO ][2016-01-12 19:48:27,751][com.java.SeleniumDriver] [  918] - --------------------------setting values-----------------------------
[INFO ][2016-01-12 19:48:27,751][com.java.SeleniumDriver] [  921] - Action Type : WAITTIME
[DEBUG][2016-01-12 19:48:27,751][com.java.TestType] [ 5950] - sleepTime: 3000
[INFO ][2016-01-12 19:48:30,751][com.java.SeleniumDriver] [  930] -  RESULT true
[INFO ][2016-01-12 19:48:30,751][com.java.SeleniumDriver] [ 1136] - ?   P A S S   ?
[INFO ][2016-01-12 19:48:30,751][com.java.SeleniumDriver] [  856] - ------------------------------------------
[INFO ][2016-01-12 19:48:30,751][com.java.SeleniumDriver] [  857] - Test case being Executed: 11
[INFO ][2016-01-12 19:48:30,751][com.java.SeleniumDriver] [  869] - Test step:15
[INFO ][2016-01-12 19:48:30,751][com.java.SeleniumDriver] [  881] - Datavalue is----------1.00
[INFO ][2016-01-12 19:48:30,751][com.java.SeleniumDriver] [  905] - DataField : TXTtxtWeight
[INFO ][2016-01-12 19:48:30,751][com.java.SeleniumDriver] [  907] - DataValue : 1.00
[INFO ][2016-01-12 19:48:30,751][com.java.SeleniumDriver] [  913] - <In Set values of the page>
[INFO ][2016-01-12 19:48:30,751][com.java.SeleniumDriver] [  916] - {Data Fields & Data Values Exist}
[INFO ][2016-01-12 19:48:30,751][com.java.SeleniumDriver] [  918] - --------------------------setting values-----------------------------
[INFO ][2016-01-12 19:48:30,751][com.java.SeleniumDriver] [  921] - Action Type : CLEARANDENTER
[INFO ][2016-01-12 19:48:30,751][com.java.TestType] [ 6136] - value = 1.00
[INFO ][2016-01-12 19:48:33,064][com.java.SeleniumDriver] [  930] -  RESULT true
[INFO ][2016-01-12 19:48:33,064][com.java.SeleniumDriver] [ 1136] - ?   P A S S   ?
[INFO ][2016-01-12 19:48:33,064][com.java.SeleniumDriver] [  856] - ------------------------------------------
[INFO ][2016-01-12 19:48:33,064][com.java.SeleniumDriver] [  857] - Test case being Executed: 11
[INFO ][2016-01-12 19:48:33,064][com.java.SeleniumDriver] [  869] - Test step:16
[INFO ][2016-01-12 19:48:33,064][com.java.SeleniumDriver] [  881] - Datavalue is----------Historical
[INFO ][2016-01-12 19:48:33,064][com.java.SeleniumDriver] [  905] - DataField : TXTtxtWeight
[INFO ][2016-01-12 19:48:33,064][com.java.SeleniumDriver] [  907] - DataValue : Historical
[INFO ][2016-01-12 19:48:33,064][com.java.SeleniumDriver] [  913] - <In Set values of the page>
[INFO ][2016-01-12 19:48:33,064][com.java.SeleniumDriver] [  916] - {Data Fields & Data Values Exist}
[INFO ][2016-01-12 19:48:33,064][com.java.SeleniumDriver] [  918] - --------------------------setting values-----------------------------
[INFO ][2016-01-12 19:48:33,064][com.java.SeleniumDriver] [  921] - Action Type : STOREVALUE
[INFO ][2016-01-12 19:48:33,064][com.java.TestType] [ 8956] - field= TXTtxtWeight
[DEBUG][2016-01-12 19:48:34,156][com.java.TestType] [ 8970] - Key:: Historical  Value:: 1.00
[INFO ][2016-01-12 19:48:34,156][com.java.SeleniumDriver] [  930] -  RESULT true
[INFO ][2016-01-12 19:48:34,156][com.java.SeleniumDriver] [ 1136] - ?   P A S S   ?
[INFO ][2016-01-12 19:48:34,156][com.java.SeleniumDriver] [  856] - ------------------------------------------
[INFO ][2016-01-12 19:48:34,156][com.java.SeleniumDriver] [  857] - Test case being Executed: 11
[INFO ][2016-01-12 19:48:34,156][com.java.SeleniumDriver] [  869] - Test step:17
[INFO ][2016-01-12 19:48:34,156][com.java.SeleniumDriver] [  881] - Datavalue is----------3
[INFO ][2016-01-12 19:48:34,156][com.java.SeleniumDriver] [  905] - DataField : test
[INFO ][2016-01-12 19:48:34,156][com.java.SeleniumDriver] [  907] - DataValue : 3
[INFO ][2016-01-12 19:48:34,156][com.java.SeleniumDriver] [  913] - <In Set values of the page>
[INFO ][2016-01-12 19:48:34,156][com.java.SeleniumDriver] [  916] - {Data Fields & Data Values Exist}
[INFO ][2016-01-12 19:48:34,156][com.java.SeleniumDriver] [  918] - --------------------------setting values-----------------------------
[INFO ][2016-01-12 19:48:34,156][com.java.SeleniumDriver] [  921] - Action Type : WAITTIME
[DEBUG][2016-01-12 19:48:34,156][com.java.TestType] [ 5950] - sleepTime: 3000
[INFO ][2016-01-12 19:48:37,156][com.java.SeleniumDriver] [  930] -  RESULT true
[INFO ][2016-01-12 19:48:37,156][com.java.SeleniumDriver] [ 1136] - ?   P A S S   ?
[INFO ][2016-01-12 19:48:37,156][com.java.SeleniumDriver] [  856] - ------------------------------------------
[INFO ][2016-01-12 19:48:37,156][com.java.SeleniumDriver] [  857] - Test case being Executed: 11
[INFO ][2016-01-12 19:48:37,156][com.java.SeleniumDriver] [  869] - Test step:18
[INFO ][2016-01-12 19:48:37,156][com.java.SeleniumDriver] [  881] - Datavalue is----------1.20
[INFO ][2016-01-12 19:48:37,156][com.java.SeleniumDriver] [  905] - DataField : TXTtxtWeight1
[INFO ][2016-01-12 19:48:37,156][com.java.SeleniumDriver] [  907] - DataValue : 1.20
[INFO ][2016-01-12 19:48:37,156][com.java.SeleniumDriver] [  913] - <In Set values of the page>
[INFO ][2016-01-12 19:48:37,156][com.java.SeleniumDriver] [  916] - {Data Fields & Data Values Exist}
[INFO ][2016-01-12 19:48:37,156][com.java.SeleniumDriver] [  918] - --------------------------setting values-----------------------------
[INFO ][2016-01-12 19:48:37,156][com.java.SeleniumDriver] [  921] - Action Type : CLEARANDENTER
[INFO ][2016-01-12 19:48:37,156][com.java.TestType] [ 6136] - value = 1.20
[INFO ][2016-01-12 19:48:39,449][com.java.SeleniumDriver] [  930] -  RESULT true
[INFO ][2016-01-12 19:48:39,449][com.java.SeleniumDriver] [ 1136] - ?   P A S S   ?
[INFO ][2016-01-12 19:48:39,449][com.java.SeleniumDriver] [  856] - ------------------------------------------
[INFO ][2016-01-12 19:48:39,449][com.java.SeleniumDriver] [  857] - Test case being Executed: 11
[INFO ][2016-01-12 19:48:39,449][com.java.SeleniumDriver] [  869] - Test step:19
[INFO ][2016-01-12 19:48:39,449][com.java.SeleniumDriver] [  881] - Datavalue is----------Economic
[INFO ][2016-01-12 19:48:39,449][com.java.SeleniumDriver] [  905] - DataField : TXTtxtWeight1
[INFO ][2016-01-12 19:48:39,449][com.java.SeleniumDriver] [  907] - DataValue : Economic
[INFO ][2016-01-12 19:48:39,449][com.java.SeleniumDriver] [  913] - <In Set values of the page>
[INFO ][2016-01-12 19:48:39,449][com.java.SeleniumDriver] [  916] - {Data Fields & Data Values Exist}
[INFO ][2016-01-12 19:48:39,449][com.java.SeleniumDriver] [  918] - --------------------------setting values-----------------------------
[INFO ][2016-01-12 19:48:39,449][com.java.SeleniumDriver] [  921] - Action Type : STOREVALUE
[INFO ][2016-01-12 19:48:39,449][com.java.TestType] [ 8956] - field= TXTtxtWeight1
[DEBUG][2016-01-12 19:48:40,530][com.java.TestType] [ 8970] - Key:: Economic  Value:: 1.20
[INFO ][2016-01-12 19:48:40,530][com.java.SeleniumDriver] [  930] -  RESULT true
[INFO ][2016-01-12 19:48:40,530][com.java.SeleniumDriver] [ 1136] - ?   P A S S   ?
[INFO ][2016-01-12 19:48:40,530][com.java.SeleniumDriver] [  856] - ------------------------------------------
[INFO ][2016-01-12 19:48:40,530][com.java.SeleniumDriver] [  857] - Test case being Executed: 11
[INFO ][2016-01-12 19:48:40,530][com.java.SeleniumDriver] [  869] - Test step:20
[INFO ][2016-01-12 19:48:40,530][com.java.SeleniumDriver] [  881] - Datavalue is----------3
[INFO ][2016-01-12 19:48:40,530][com.java.SeleniumDriver] [  905] - DataField : test
[INFO ][2016-01-12 19:48:40,530][com.java.SeleniumDriver] [  907] - DataValue : 3
[INFO ][2016-01-12 19:48:40,530][com.java.SeleniumDriver] [  913] - <In Set values of the page>
[INFO ][2016-01-12 19:48:40,530][com.java.SeleniumDriver] [  916] - {Data Fields & Data Values Exist}
[INFO ][2016-01-12 19:48:40,530][com.java.SeleniumDriver] [  918] - --------------------------setting values-----------------------------
[INFO ][2016-01-12 19:48:40,530][com.java.SeleniumDriver] [  921] - Action Type : WAITTIME
[DEBUG][2016-01-12 19:48:40,530][com.java.TestType] [ 5950] - sleepTime: 3000
[INFO ][2016-01-12 19:48:43,530][com.java.SeleniumDriver] [  930] -  RESULT true
[INFO ][2016-01-12 19:48:43,530][com.java.SeleniumDriver] [ 1136] - ?   P A S S   ?
[INFO ][2016-01-12 19:48:43,530][com.java.SeleniumDriver] [  856] - ------------------------------------------
[INFO ][2016-01-12 19:48:43,530][com.java.SeleniumDriver] [  857] - Test case being Executed: 11
[INFO ][2016-01-12 19:48:43,530][com.java.SeleniumDriver] [  869] - Test step:21
[INFO ][2016-01-12 19:48:43,530][com.java.SeleniumDriver] [  881] - Datavalue is----------0.50
[INFO ][2016-01-12 19:48:43,530][com.java.SeleniumDriver] [  905] - DataField : TXTtxtWeight2
[INFO ][2016-01-12 19:48:43,530][com.java.SeleniumDriver] [  907] - DataValue : 0.50
[INFO ][2016-01-12 19:48:43,530][com.java.SeleniumDriver] [  913] - <In Set values of the page>
[INFO ][2016-01-12 19:48:43,530][com.java.SeleniumDriver] [  916] - {Data Fields & Data Values Exist}
[INFO ][2016-01-12 19:48:43,530][com.java.SeleniumDriver] [  918] - --------------------------setting values-----------------------------
[INFO ][2016-01-12 19:48:43,530][com.java.SeleniumDriver] [  921] - Action Type : CLEARANDENTER
[INFO ][2016-01-12 19:48:43,530][com.java.TestType] [ 6136] - value = 0.50
[INFO ][2016-01-12 19:48:45,834][com.java.SeleniumDriver] [  930] -  RESULT true
[INFO ][2016-01-12 19:48:45,834][com.java.SeleniumDriver] [ 1136] - ?   P A S S   ?
[INFO ][2016-01-12 19:48:45,834][com.java.SeleniumDriver] [  856] - ------------------------------------------
[INFO ][2016-01-12 19:48:45,834][com.java.SeleniumDriver] [  857] - Test case being Executed: 11
[INFO ][2016-01-12 19:48:45,834][com.java.SeleniumDriver] [  869] - Test step:22
[INFO ][2016-01-12 19:48:45,834][com.java.SeleniumDriver] [  881] - Datavalue is----------Other
[INFO ][2016-01-12 19:48:45,834][com.java.SeleniumDriver] [  905] - DataField : TXTtxtWeight2
[INFO ][2016-01-12 19:48:45,834][com.java.SeleniumDriver] [  907] - DataValue : Other
[INFO ][2016-01-12 19:48:45,834][com.java.SeleniumDriver] [  913] - <In Set values of the page>
[INFO ][2016-01-12 19:48:45,834][com.java.SeleniumDriver] [  916] - {Data Fields & Data Values Exist}
[INFO ][2016-01-12 19:48:45,834][com.java.SeleniumDriver] [  918] - --------------------------setting values-----------------------------
[INFO ][2016-01-12 19:48:45,834][com.java.SeleniumDriver] [  921] - Action Type : STOREVALUE
[INFO ][2016-01-12 19:48:45,834][com.java.TestType] [ 8956] - field= TXTtxtWeight2
[DEBUG][2016-01-12 19:48:46,915][com.java.TestType] [ 8970] - Key:: Other  Value:: 0.50
[INFO ][2016-01-12 19:48:46,915][com.java.SeleniumDriver] [  930] -  RESULT true
[INFO ][2016-01-12 19:48:46,915][com.java.SeleniumDriver] [ 1136] - ?   P A S S   ?
[INFO ][2016-01-12 19:48:46,915][com.java.SeleniumDriver] [  856] - ------------------------------------------
[INFO ][2016-01-12 19:48:46,915][com.java.SeleniumDriver] [  857] - Test case being Executed: 11
[INFO ][2016-01-12 19:48:46,915][com.java.SeleniumDriver] [  869] - Test step:23
[INFO ][2016-01-12 19:48:46,915][com.java.SeleniumDriver] [  881] - Datavalue is----------3
[INFO ][2016-01-12 19:48:46,915][com.java.SeleniumDriver] [  905] - DataField : test
[INFO ][2016-01-12 19:48:46,915][com.java.SeleniumDriver] [  907] - DataValue : 3
[INFO ][2016-01-12 19:48:46,915][com.java.SeleniumDriver] [  913] - <In Set values of the page>
[INFO ][2016-01-12 19:48:46,915][com.java.SeleniumDriver] [  916] - {Data Fields & Data Values Exist}
[INFO ][2016-01-12 19:48:46,915][com.java.SeleniumDriver] [  918] - --------------------------setting values-----------------------------
[INFO ][2016-01-12 19:48:46,915][com.java.SeleniumDriver] [  921] - Action Type : WAITTIME
[DEBUG][2016-01-12 19:48:46,915][com.java.TestType] [ 5950] - sleepTime: 3000
[INFO ][2016-01-12 19:48:49,915][com.java.SeleniumDriver] [  930] -  RESULT true
[INFO ][2016-01-12 19:48:49,915][com.java.SeleniumDriver] [ 1136] - ?   P A S S   ?
[INFO ][2016-01-12 19:48:49,915][com.java.SeleniumDriver] [  856] - ------------------------------------------
[INFO ][2016-01-12 19:48:49,915][com.java.SeleniumDriver] [  857] - Test case being Executed: 11
[INFO ][2016-01-12 19:48:49,915][com.java.SeleniumDriver] [  869] - Test step:24
[INFO ][2016-01-12 19:48:49,915][com.java.SeleniumDriver] [  881] - Datavalue is----------null
[DEBUG][2016-01-12 19:48:49,915][com.java.SeleniumDriver] [  899] - Exception: null
[INFO ][2016-01-12 19:48:49,915][com.java.SeleniumDriver] [  905] - DataField : BTNchkRated
[INFO ][2016-01-12 19:48:49,915][com.java.SeleniumDriver] [  907] - DataValue : 
[INFO ][2016-01-12 19:48:49,915][com.java.SeleniumDriver] [  913] - <In Set values of the page>
[INFO ][2016-01-12 19:48:49,915][com.java.SeleniumDriver] [  916] - {Data Fields & Data Values Exist}
[INFO ][2016-01-12 19:48:49,915][com.java.SeleniumDriver] [  918] - --------------------------setting values-----------------------------
[INFO ][2016-01-12 19:48:49,915][com.java.SeleniumDriver] [  921] - Action Type : CLICK
[INFO ][2016-01-12 19:48:49,915][com.java.TestType] [ 6515] - Field ::BTNchkRated
[INFO ][2016-01-12 19:48:49,915][com.java.TestType] [ 6136] - value = 
[INFO ][2016-01-12 19:48:50,916][com.java.TestType] [ 6631] - BEFORE CLICK
[INFO ][2016-01-12 19:48:52,077][com.java.TestType] [ 6638] - Unable to click the object RatedLoan checkbox
[INFO ][2016-01-12 19:48:52,077][com.java.SeleniumDriver] [  930] -  RESULT true
[INFO ][2016-01-12 19:48:52,077][com.java.SeleniumDriver] [ 1136] - ?   P A S S   ?
[INFO ][2016-01-12 19:48:52,077][com.java.SeleniumDriver] [  856] - ------------------------------------------
[INFO ][2016-01-12 19:48:52,077][com.java.SeleniumDriver] [  857] - Test case being Executed: 11
[INFO ][2016-01-12 19:48:52,077][com.java.SeleniumDriver] [  869] - Test step:25
[INFO ][2016-01-12 19:48:52,077][com.java.SeleniumDriver] [  881] - Datavalue is----------null
[DEBUG][2016-01-12 19:48:52,077][com.java.SeleniumDriver] [  899] - Exception: null
[INFO ][2016-01-12 19:48:52,077][com.java.SeleniumDriver] [  905] - DataField : BTNparent
[INFO ][2016-01-12 19:48:52,077][com.java.SeleniumDriver] [  907] - DataValue : 
[INFO ][2016-01-12 19:48:52,077][com.java.SeleniumDriver] [  913] - <In Set values of the page>
[INFO ][2016-01-12 19:48:52,077][com.java.SeleniumDriver] [  916] - {Data Fields & Data Values Exist}
[INFO ][2016-01-12 19:48:52,077][com.java.SeleniumDriver] [  918] - --------------------------setting values-----------------------------
[INFO ][2016-01-12 19:48:52,077][com.java.SeleniumDriver] [  921] - Action Type : SELECTFRAME
[INFO ][2016-01-12 19:48:52,087][com.java.SeleniumDriver] [  930] -  RESULT true
[INFO ][2016-01-12 19:48:52,087][com.java.SeleniumDriver] [ 1136] - ?   P A S S   ?
[INFO ][2016-01-12 19:48:52,087][com.java.SeleniumDriver] [  856] - ------------------------------------------
[INFO ][2016-01-12 19:48:52,087][com.java.SeleniumDriver] [  857] - Test case being Executed: 11
[INFO ][2016-01-12 19:48:52,087][com.java.SeleniumDriver] [  869] - Test step:26
[INFO ][2016-01-12 19:48:52,087][com.java.SeleniumDriver] [  881] - Datavalue is----------5
[INFO ][2016-01-12 19:48:52,087][com.java.SeleniumDriver] [  905] - DataField : XPH//span[contains(text(), 'Update')]
[INFO ][2016-01-12 19:48:52,087][com.java.SeleniumDriver] [  907] - DataValue : 5
[INFO ][2016-01-12 19:48:52,087][com.java.SeleniumDriver] [  913] - <In Set values of the page>
[INFO ][2016-01-12 19:48:52,087][com.java.SeleniumDriver] [  916] - {Data Fields & Data Values Exist}
[INFO ][2016-01-12 19:48:52,087][com.java.SeleniumDriver] [  918] - --------------------------setting values-----------------------------
[INFO ][2016-01-12 19:48:52,087][com.java.SeleniumDriver] [  921] - Action Type : WAITFORELEMENT
[INFO ][2016-01-12 19:48:52,117][com.java.SeleniumDriver] [  930] -  RESULT true
[INFO ][2016-01-12 19:48:52,117][com.java.SeleniumDriver] [ 1136] - ?   P A S S   ?
[INFO ][2016-01-12 19:48:52,117][com.java.SeleniumDriver] [  856] - ------------------------------------------
[INFO ][2016-01-12 19:48:52,117][com.java.SeleniumDriver] [  857] - Test case being Executed: 11
[INFO ][2016-01-12 19:48:52,117][com.java.SeleniumDriver] [  869] - Test step:27
[INFO ][2016-01-12 19:48:52,117][com.java.SeleniumDriver] [  881] - Datavalue is----------null
[DEBUG][2016-01-12 19:48:52,117][com.java.SeleniumDriver] [  899] - Exception: null
[INFO ][2016-01-12 19:48:52,117][com.java.SeleniumDriver] [  905] - DataField : XPH//span[contains(text(), 'Update')]
[INFO ][2016-01-12 19:48:52,117][com.java.SeleniumDriver] [  907] - DataValue : 
[INFO ][2016-01-12 19:48:52,117][com.java.SeleniumDriver] [  913] - <In Set values of the page>
[INFO ][2016-01-12 19:48:52,117][com.java.SeleniumDriver] [  916] - {Data Fields & Data Values Exist}
[INFO ][2016-01-12 19:48:52,117][com.java.SeleniumDriver] [  918] - --------------------------setting values-----------------------------
[INFO ][2016-01-12 19:48:52,117][com.java.SeleniumDriver] [  921] - Action Type : CLICK
[INFO ][2016-01-12 19:48:52,117][com.java.TestType] [ 6515] - Field ::XPH//span[contains(text(), 'Update')]
[INFO ][2016-01-12 19:48:52,117][com.java.TestType] [ 6136] - value = 
[INFO ][2016-01-12 19:48:53,117][com.java.TestType] [ 6652] - BEFORE CLICK
[INFO ][2016-01-12 19:48:54,030][com.java.TestType] [ 6660] - Unable to click the object Update button
[INFO ][2016-01-12 19:48:54,030][com.java.SeleniumDriver] [  930] -  RESULT true
[INFO ][2016-01-12 19:48:54,030][com.java.SeleniumDriver] [ 1136] - ?   P A S S   ?
[INFO ][2016-01-12 19:48:54,030][com.java.SeleniumDriver] [  856] - ------------------------------------------
[INFO ][2016-01-12 19:48:54,030][com.java.SeleniumDriver] [  857] - Test case being Executed: 11
[INFO ][2016-01-12 19:48:54,030][com.java.SeleniumDriver] [  869] - Test step:28
[INFO ][2016-01-12 19:48:54,030][com.java.SeleniumDriver] [  881] - Datavalue is----------5
[INFO ][2016-01-12 19:48:54,030][com.java.SeleniumDriver] [  905] - DataField : XPH//span[contains(text(), 'Rated Loan Categories')]
[INFO ][2016-01-12 19:48:54,030][com.java.SeleniumDriver] [  907] - DataValue : 5
[INFO ][2016-01-12 19:48:54,030][com.java.SeleniumDriver] [  913] - <In Set values of the page>
[INFO ][2016-01-12 19:48:54,030][com.java.SeleniumDriver] [  916] - {Data Fields & Data Values Exist}
[INFO ][2016-01-12 19:48:54,030][com.java.SeleniumDriver] [  918] - --------------------------setting values-----------------------------
[INFO ][2016-01-12 19:48:54,030][com.java.SeleniumDriver] [  921] - Action Type : WAITFORELEMENT
[INFO ][2016-01-12 19:48:54,491][com.java.SeleniumDriver] [  930] -  RESULT true
[INFO ][2016-01-12 19:48:54,491][com.java.SeleniumDriver] [ 1136] - ?   P A S S   ?
[INFO ][2016-01-12 19:48:54,491][com.java.SeleniumDriver] [  856] - ------------------------------------------
[INFO ][2016-01-12 19:48:54,491][com.java.SeleniumDriver] [  857] - Test case being Executed: 11
[INFO ][2016-01-12 19:48:54,491][com.java.SeleniumDriver] [  869] - Test step:29
[INFO ][2016-01-12 19:48:54,491][com.java.SeleniumDriver] [  881] - Datavalue is----------null
[DEBUG][2016-01-12 19:48:54,491][com.java.SeleniumDriver] [  899] - Exception: null
[INFO ][2016-01-12 19:48:54,491][com.java.SeleniumDriver] [  905] - DataField : BTNframeDialogContent
[INFO ][2016-01-12 19:48:54,491][com.java.SeleniumDriver] [  907] - DataValue : 
[INFO ][2016-01-12 19:48:54,491][com.java.SeleniumDriver] [  913] - <In Set values of the page>
[INFO ][2016-01-12 19:48:54,491][com.java.SeleniumDriver] [  916] - {Data Fields & Data Values Exist}
[INFO ][2016-01-12 19:48:54,491][com.java.SeleniumDriver] [  918] - --------------------------setting values-----------------------------
[INFO ][2016-01-12 19:48:54,491][com.java.SeleniumDriver] [  921] - Action Type : SELECTFRAME
[INFO ][2016-01-12 19:48:55,722][com.java.SeleniumDriver] [  930] -  RESULT true
[INFO ][2016-01-12 19:48:55,722][com.java.SeleniumDriver] [ 1136] - ?   P A S S   ?
[INFO ][2016-01-12 19:48:55,722][com.java.SeleniumDriver] [  856] - ------------------------------------------
[INFO ][2016-01-12 19:48:55,722][com.java.SeleniumDriver] [  857] - Test case being Executed: 11
[INFO ][2016-01-12 19:48:55,722][com.java.SeleniumDriver] [  869] - Test step:30
[INFO ][2016-01-12 19:48:55,722][com.java.SeleniumDriver] [  881] - Datavalue is----------HMVTest
[INFO ][2016-01-12 19:48:55,722][com.java.SeleniumDriver] [  905] - DataField : MSG
[INFO ][2016-01-12 19:48:55,722][com.java.SeleniumDriver] [  907] - DataValue : HMVTest
[INFO ][2016-01-12 19:48:55,722][com.java.SeleniumDriver] [  913] - <In Set values of the page>
[INFO ][2016-01-12 19:48:55,722][com.java.SeleniumDriver] [  916] - {Data Fields & Data Values Exist}
[INFO ][2016-01-12 19:48:55,722][com.java.SeleniumDriver] [  918] - --------------------------setting values-----------------------------
[INFO ][2016-01-12 19:48:55,722][com.java.SeleniumDriver] [  921] - Action Type : VERIFY
[INFO ][2016-01-12 19:48:55,722][com.java.TestType] [ 7605] - field= MSG value= HMVTest
[INFO ][2016-01-12 19:48:55,722][com.java.TestType] [ 6136] - value = Testing106807
[DEBUG][2016-01-12 19:48:55,722][com.java.TestType] [ 8411] - value :: Testing106807
[INFO ][2016-01-12 19:48:55,742][com.java.SeleniumDriver] [  930] -  RESULT true
[INFO ][2016-01-12 19:48:55,742][com.java.SeleniumDriver] [ 1136] - ?   P A S S   ?
[INFO ][2016-01-12 19:48:55,742][com.java.SeleniumDriver] [  856] - ------------------------------------------
[INFO ][2016-01-12 19:48:55,742][com.java.SeleniumDriver] [  857] - Test case being Executed: 11
[INFO ][2016-01-12 19:48:55,742][com.java.SeleniumDriver] [  869] - Test step:31
[INFO ][2016-01-12 19:48:55,742][com.java.SeleniumDriver] [  881] - Datavalue is----------Test::Historical
[INFO ][2016-01-12 19:48:55,742][com.java.SeleniumDriver] [  905] - DataField : PVP//input[@value="mytext"]/following::td[1]/input
[INFO ][2016-01-12 19:48:55,742][com.java.SeleniumDriver] [  907] - DataValue : Test::Historical
[INFO ][2016-01-12 19:48:55,742][com.java.SeleniumDriver] [  913] - <In Set values of the page>
[INFO ][2016-01-12 19:48:55,742][com.java.SeleniumDriver] [  916] - {Data Fields & Data Values Exist}
[INFO ][2016-01-12 19:48:55,742][com.java.SeleniumDriver] [  918] - --------------------------setting values-----------------------------
[INFO ][2016-01-12 19:48:55,742][com.java.SeleniumDriver] [  921] - Action Type : VERIFY
[INFO ][2016-01-12 19:48:55,742][com.java.TestType] [ 7605] - field= PVP//input[@value="mytext"]/following::td[1]/input value= Test::Historical
[INFO ][2016-01-12 19:48:55,742][com.java.TestType] [ 6136] - value = Test::Historical
[INFO ][2016-01-12 19:48:55,852][com.java.SeleniumDriver] [  930] -  RESULT false
[INFO ][2016-01-12 19:48:55,852][com.java.SeleniumDriver] [  977] - ?   F A I L   ?
[INFO ][2016-01-12 19:48:55,852][com.java.SeleniumDriver] [  985] - Browser Type : IE10
[INFO ][2016-01-12 19:48:55,852][com.java.SeleniumDriver] [  986] - Adding Failed case11
[INFO ][2016-01-12 19:48:56,232][com.java.SeleniumDriver] [ 1100] - failedCases = 11
[ERROR][2016-01-12 19:48:56,232][com.java.SeleniumDriver] [ 1599] - Platform Errors : Our apologies...::We have encountered an issue with your request.::Our apologies?:We encountered an issue with your request.
[INFO ][2016-01-12 19:48:56,232][com.java.SeleniumDriver] [ 1603] - Length =3
[ERROR][2016-01-12 19:48:56,232][com.java.SeleniumDriver] [ 1606] - Error 0 = Our apologies...
[ERROR][2016-01-12 19:48:56,252][com.java.SeleniumDriver] [ 1606] - Error 1 = We have encountered an issue with your request.
[ERROR][2016-01-12 19:48:56,272][com.java.SeleniumDriver] [ 1606] - Error 2 = Our apologies?:We encountered an issue with your request.
[INFO ][2016-01-12 19:48:56,292][com.java.SeleniumDriver] [ 1617] - strError:
[DEBUG][2016-01-12 19:48:56,302][com.java.SeleniumDriver] [ 1248] - Case found
[DEBUG][2016-01-12 19:48:56,302][com.java.SeleniumDriver] [ 1253] - Incrementing ReportCounters[0]:2
[INFO ][2016-01-12 19:48:56,302][com.java.SeleniumDriver] [ 1272] - The results are-------------------[11, 31, Admin: Company Settings: Rated Loan Categories: Add New Category, Fail, 
Test case failed at Step No. :: 31. Screen Shot : D:\BankersDashboard\TestReports\011216\11_011216_194855_IE10.png, Tue Jan 12 19:48:56 IST 2016]
[INFO ][2016-01-12 19:48:56,302][com.java.SeleniumDriver] [ 1276] - End time is-------2 min 6 sec
[INFO ][2016-01-12 19:48:56,302][com.java.SeleniumDriver] [ 1277] - The results are-------------------[11, 31, Admin: Company Settings: Rated Loan Categories: Add New Category, Fail, 
Test case failed at Step No. :: 31. Screen Shot : D:\BankersDashboard\TestReports\011216\11_011216_194855_IE10.png, Tue Jan 12 19:48:56 IST 2016]
[DEBUG][2016-01-12 19:48:56,302][com.java.ImportnExport.ExportTestResultsExcel] [  222] - testResultPath = D:\BankersDashboard/TestReports/Test Results_BankersDashBoard_011216_194651_IE10_Bank of North Carolina.xls
[DEBUG][2016-01-12 19:48:56,302][com.java.ImportnExport.ExportTestResultsExcel] [  223] - browser is------------IE10
[DEBUG][2016-01-12 19:48:56,302][com.java.ImportnExport.ExportTestResultsExcel] [  270] - result.size() = 6
[DEBUG][2016-01-12 19:48:56,302][com.java.ImportnExport.ExportTestResultsExcel] [  274] - No of rows in sheet=2
[DEBUG][2016-01-12 19:48:56,302][com.java.ImportnExport.ExportTestResultsExcel] [  301] - ..in export..11
[DEBUG][2016-01-12 19:48:56,302][com.java.ImportnExport.ExportTestResultsExcel] [  301] - ..in export..Admin: Company Settings: Rated Loan Categories: Add New Category
[DEBUG][2016-01-12 19:48:56,302][com.java.ImportnExport.ExportTestResultsExcel] [  301] - ..in export..Fail
[DEBUG][2016-01-12 19:48:56,302][com.java.ImportnExport.ExportTestResultsExcel] [  301] - ..in export..
Test case failed at Step No. :: 31. Screen Shot : D:\BankersDashboard\TestReports\011216\11_011216_194855_IE10.png
[DEBUG][2016-01-12 19:48:56,302][com.java.ImportnExport.ExportTestResultsExcel] [  301] - ..in export..Tue Jan 12 19:48:56 IST 2016
[INFO ][2016-01-12 19:48:56,302][com.java.SeleniumDriver] [ 1337] - out loop:1 size:3 TestCases:[1, 11, 12] testcases:[1, 11, 12]
[INFO ][2016-01-12 19:48:56,302][com.java.ImportnExport.ImportTestDataDetailsExcel] [   49] - test data details path===== D:\BankersDashboard\TestInputs\TestData.xls
[INFO ][2016-01-12 19:49:16,998][com.java.SeleniumDriver] [  856] - ------------------------------------------
[INFO ][2016-01-12 19:49:16,998][com.java.SeleniumDriver] [  857] - Test case being Executed: 12
[INFO ][2016-01-12 19:49:16,998][com.java.SeleniumDriver] [  869] - Test step:1
[INFO ][2016-01-12 19:49:16,998][com.java.SeleniumDriver] [  881] - Datavalue is----------Logout
[INFO ][2016-01-12 19:49:16,998][com.java.SeleniumDriver] [  905] - DataField : BTN
[INFO ][2016-01-12 19:49:16,998][com.java.SeleniumDriver] [  907] - DataValue : Logout
[INFO ][2016-01-12 19:49:16,998][com.java.SeleniumDriver] [  913] - <In Set values of the page>
[INFO ][2016-01-12 19:49:16,998][com.java.SeleniumDriver] [  916] - {Data Fields & Data Values Exist}
[INFO ][2016-01-12 19:49:16,998][com.java.SeleniumDriver] [  918] - --------------------------setting values-----------------------------
[INFO ][2016-01-12 19:49:16,998][com.java.SeleniumDriver] [  921] - Action Type : VERIFY
[INFO ][2016-01-12 19:49:16,998][com.java.TestType] [ 7605] - field= BTN value= Logout
[INFO ][2016-01-12 19:49:16,998][com.java.TestType] [ 6136] - value = Logout
[INFO ][2016-01-12 19:49:17,059][com.java.SeleniumDriver] [  930] -  RESULT true
[INFO ][2016-01-12 19:49:17,059][com.java.SeleniumDriver] [ 1136] - ?   P A S S   ?
[INFO ][2016-01-12 19:49:17,059][com.java.SeleniumDriver] [ 1178] - step change to 3
[INFO ][2016-01-12 19:49:17,059][com.java.SeleniumDriver] [  856] - ------------------------------------------
[INFO ][2016-01-12 19:49:17,059][com.java.SeleniumDriver] [  857] - Test case being Executed: 12
[INFO ][2016-01-12 19:49:17,059][com.java.SeleniumDriver] [  869] - Test step:3
[INFO ][2016-01-12 19:49:17,059][com.java.SeleniumDriver] [  881] - Datavalue is----------Concept#2:1-2
[INFO ][2016-01-12 19:49:17,059][com.java.SeleniumDriver] [  905] - DataField : test
[INFO ][2016-01-12 19:49:17,059][com.java.SeleniumDriver] [  907] - DataValue : Concept#2:1-2
[INFO ][2016-01-12 19:49:17,059][com.java.SeleniumDriver] [  913] - <In Set values of the page>
[INFO ][2016-01-12 19:49:17,059][com.java.SeleniumDriver] [  916] - {Data Fields & Data Values Exist}
[INFO ][2016-01-12 19:49:17,059][com.java.SeleniumDriver] [  918] - --------------------------setting values-----------------------------
[INFO ][2016-01-12 19:49:17,059][com.java.SeleniumDriver] [  921] - Action Type : ExecuteTestCase
[INFO ][2016-01-12 19:49:17,059][com.java.TestType] [  437] - The Concept sheet name is ---------- Concept
[INFO ][2016-01-12 19:49:17,059][com.java.TestType] [  440] - The Concept ID  is ---------- 2
[DEBUG][2016-01-12 19:49:17,059][com.java.TestType] [  444] - Steps being executted in the Concept are: 1:2
[INFO ][2016-01-12 19:49:17,059][com.java.TestType] [  451] - Test data details path ---------- D:\BankersDashboard\TestInputs\TestData.xls
[INFO ][2016-01-12 19:49:17,089][com.java.TestType] [  482] -  str(1) = 2
[INFO ][2016-01-12 19:49:17,089][com.java.TestType] [  485] - Test case Id is---2
[INFO ][2016-01-12 19:49:17,089][com.java.TestType] [  487] - 2
[INFO ][2016-01-12 19:49:17,089][com.java.TestType] [  482] -  str(2) = 1
[INFO ][2016-01-12 19:49:17,089][com.java.TestType] [  482] -  str(1) = 2
[INFO ][2016-01-12 19:49:17,089][com.java.TestType] [  485] - Test case Id is---2
[INFO ][2016-01-12 19:49:17,089][com.java.TestType] [  487] - 2
[INFO ][2016-01-12 19:49:17,089][com.java.TestType] [  482] -  str(2) = 2
[INFO ][2016-01-12 19:49:17,089][com.java.TestType] [  482] -  str(1) = 2
[INFO ][2016-01-12 19:49:17,089][com.java.TestType] [  485] - Test case Id is---2
[INFO ][2016-01-12 19:49:17,089][com.java.TestType] [  487] - 2
[INFO ][2016-01-12 19:49:17,089][com.java.TestType] [  482] -  str(2) = 3
[INFO ][2016-01-12 19:49:17,089][com.java.TestType] [11196] - Looping 1TCID = 2
[DEBUG][2016-01-12 19:49:17,089][com.java.TestType] [11237] - Concept ID:2 :: Step being Executed: 2::1
[INFO ][2016-01-12 19:49:17,089][com.java.TestType] [11275] - dataFields : BNK//select[@id='bank']
[DEBUG][2016-01-12 19:49:17,089][com.java.TestType] [11281] - <In Set values of the page>
[DEBUG][2016-01-12 19:49:17,089][com.java.TestType] [11286] - {Data Fields & Data Values Exist}
[INFO ][2016-01-12 19:49:17,089][com.java.TestType] [11292] - --------------------------setting values-----------------------------
[INFO ][2016-01-12 19:49:17,089][com.java.TestType] [11295] - Action Type : Select
[INFO ][2016-01-12 19:49:17,089][com.java.TestType] [ 6136] - value = PFC
[INFO ][2016-01-12 19:49:17,289][com.java.TestType] [11314] -  RESULT true
[INFO ][2016-01-12 19:49:17,289][com.java.TestType] [11431] - ?   P A S S   ?
[DEBUG][2016-01-12 19:49:17,289][com.java.TestType] [11237] - Concept ID:2 :: Step being Executed: 2::2
[INFO ][2016-01-12 19:49:17,289][com.java.TestType] [11275] - dataFields : LNKLogout
[DEBUG][2016-01-12 19:49:17,289][com.java.TestType] [11281] - <In Set values of the page>
[DEBUG][2016-01-12 19:49:17,289][com.java.TestType] [11286] - {Data Fields & Data Values Exist}
[INFO ][2016-01-12 19:49:17,289][com.java.TestType] [11292] - --------------------------setting values-----------------------------
[INFO ][2016-01-12 19:49:17,289][com.java.TestType] [11295] - Action Type : WaitTime
[DEBUG][2016-01-12 19:49:17,289][com.java.TestType] [ 5950] - sleepTime: 5000
[INFO ][2016-01-12 19:49:22,289][com.java.TestType] [11314] -  RESULT true
[INFO ][2016-01-12 19:49:22,289][com.java.TestType] [11431] - ?   P A S S   ?
[INFO ][2016-01-12 19:49:22,289][com.java.TestType] [11502] - Looping End......
[INFO ][2016-01-12 19:49:22,289][com.java.SeleniumDriver] [  930] -  RESULT true
[INFO ][2016-01-12 19:49:22,289][com.java.SeleniumDriver] [ 1136] - ?   P A S S   ?
[INFO ][2016-01-12 19:49:22,289][com.java.SeleniumDriver] [  856] - ------------------------------------------
[INFO ][2016-01-12 19:49:22,289][com.java.SeleniumDriver] [  857] - Test case being Executed: 12
[INFO ][2016-01-12 19:49:22,289][com.java.SeleniumDriver] [  869] - Test step:4
[INFO ][2016-01-12 19:49:22,289][com.java.SeleniumDriver] [  881] - Datavalue is----------null
[DEBUG][2016-01-12 19:49:22,289][com.java.SeleniumDriver] [  899] - Exception: null
[INFO ][2016-01-12 19:49:22,289][com.java.SeleniumDriver] [  905] - DataField : //span[@class='icon-user4']&&//a[text()='Company Settings']&&//a[@data-id="RatedLoans"]
[INFO ][2016-01-12 19:49:22,289][com.java.SeleniumDriver] [  907] - DataValue : 
[INFO ][2016-01-12 19:49:22,289][com.java.SeleniumDriver] [  913] - <In Set values of the page>
[INFO ][2016-01-12 19:49:22,289][com.java.SeleniumDriver] [  916] - {Data Fields & Data Values Exist}
[INFO ][2016-01-12 19:49:22,289][com.java.SeleniumDriver] [  918] - --------------------------setting values-----------------------------
[INFO ][2016-01-12 19:49:22,289][com.java.SeleniumDriver] [  921] - Action Type : MOUSEOVER
[INFO ][2016-01-12 19:49:49,050][com.java.SeleniumDriver] [  930] -  RESULT true
[INFO ][2016-01-12 19:49:49,050][com.java.SeleniumDriver] [ 1136] - ?   P A S S   ?
[INFO ][2016-01-12 19:49:49,050][com.java.SeleniumDriver] [  856] - ------------------------------------------
[INFO ][2016-01-12 19:49:49,050][com.java.SeleniumDriver] [  857] - Test case being Executed: 12
[INFO ][2016-01-12 19:49:49,050][com.java.SeleniumDriver] [  869] - Test step:5
[INFO ][2016-01-12 19:49:49,050][com.java.SeleniumDriver] [  881] - Datavalue is----------Rated Loan Categories
[INFO ][2016-01-12 19:49:49,050][com.java.SeleniumDriver] [  905] - DataField : XPH//span[contains(text(), 'Rated Loan Categories')]
[INFO ][2016-01-12 19:49:49,050][com.java.SeleniumDriver] [  907] - DataValue : Rated Loan Categories
[INFO ][2016-01-12 19:49:49,050][com.java.SeleniumDriver] [  913] - <In Set values of the page>
[INFO ][2016-01-12 19:49:49,050][com.java.SeleniumDriver] [  916] - {Data Fields & Data Values Exist}
[INFO ][2016-01-12 19:49:49,050][com.java.SeleniumDriver] [  918] - --------------------------setting values-----------------------------
[INFO ][2016-01-12 19:49:49,050][com.java.SeleniumDriver] [  921] - Action Type : VERIFY
[INFO ][2016-01-12 19:49:49,050][com.java.TestType] [ 7605] - field= XPH//span[contains(text(), 'Rated Loan Categories')] value= Rated Loan Categories
[INFO ][2016-01-12 19:49:49,050][com.java.TestType] [ 6136] - value = Rated Loan Categories
[INFO ][2016-01-12 19:49:49,171][com.java.SeleniumDriver] [  930] -  RESULT true
[INFO ][2016-01-12 19:49:49,171][com.java.SeleniumDriver] [ 1136] - ?   P A S S   ?
[INFO ][2016-01-12 19:49:49,171][com.java.SeleniumDriver] [  856] - ------------------------------------------
[INFO ][2016-01-12 19:49:49,171][com.java.SeleniumDriver] [  857] - Test case being Executed: 12
[INFO ][2016-01-12 19:49:49,171][com.java.SeleniumDriver] [  869] - Test step:6
[INFO ][2016-01-12 19:49:49,171][com.java.SeleniumDriver] [  881] - Datavalue is----------null
[DEBUG][2016-01-12 19:49:49,171][com.java.SeleniumDriver] [  899] - Exception: null
[INFO ][2016-01-12 19:49:49,171][com.java.SeleniumDriver] [  905] - DataField : BTNframeDialogContent
[INFO ][2016-01-12 19:49:49,171][com.java.SeleniumDriver] [  907] - DataValue : 
[INFO ][2016-01-12 19:49:49,171][com.java.SeleniumDriver] [  913] - <In Set values of the page>
[INFO ][2016-01-12 19:49:49,171][com.java.SeleniumDriver] [  916] - {Data Fields & Data Values Exist}
[INFO ][2016-01-12 19:49:49,171][com.java.SeleniumDriver] [  918] - --------------------------setting values-----------------------------
[INFO ][2016-01-12 19:49:49,171][com.java.SeleniumDriver] [  921] - Action Type : SELECTFRAME
[INFO ][2016-01-12 19:49:50,402][com.java.SeleniumDriver] [  930] -  RESULT true
[INFO ][2016-01-12 19:49:50,402][com.java.SeleniumDriver] [ 1136] - ?   P A S S   ?
[INFO ][2016-01-12 19:49:50,402][com.java.SeleniumDriver] [  856] - ------------------------------------------
[INFO ][2016-01-12 19:49:50,402][com.java.SeleniumDriver] [  857] - Test case being Executed: 12
[INFO ][2016-01-12 19:49:50,402][com.java.SeleniumDriver] [  869] - Test step:7
[INFO ][2016-01-12 19:49:50,402][com.java.SeleniumDriver] [  881] - Datavalue is----------null
[DEBUG][2016-01-12 19:49:50,402][com.java.SeleniumDriver] [  899] - Exception: null
[INFO ][2016-01-12 19:49:50,402][com.java.SeleniumDriver] [  905] - DataField : BTNbtnAddNew
[INFO ][2016-01-12 19:49:50,402][com.java.SeleniumDriver] [  907] - DataValue : 
[INFO ][2016-01-12 19:49:50,402][com.java.SeleniumDriver] [  913] - <In Set values of the page>
[INFO ][2016-01-12 19:49:50,402][com.java.SeleniumDriver] [  916] - {Data Fields & Data Values Exist}
[INFO ][2016-01-12 19:49:50,402][com.java.SeleniumDriver] [  918] - --------------------------setting values-----------------------------
[INFO ][2016-01-12 19:49:50,402][com.java.SeleniumDriver] [  921] - Action Type : CLICK
[INFO ][2016-01-12 19:49:50,402][com.java.TestType] [ 6515] - Field ::BTNbtnAddNew
[INFO ][2016-01-12 19:49:50,402][com.java.TestType] [ 6136] - value = 
[INFO ][2016-01-12 19:49:51,402][com.java.TestType] [ 6631] - BEFORE CLICK
[INFO ][2016-01-12 19:49:52,583][com.java.TestType] [ 6638] - Unable to click the object Add New Category button
[INFO ][2016-01-12 19:49:52,583][com.java.SeleniumDriver] [  930] -  RESULT true
[INFO ][2016-01-12 19:49:52,583][com.java.SeleniumDriver] [ 1136] - ?   P A S S   ?
[INFO ][2016-01-12 19:49:52,583][com.java.SeleniumDriver] [  856] - ------------------------------------------
[INFO ][2016-01-12 19:49:52,583][com.java.SeleniumDriver] [  857] - Test case being Executed: 12
[INFO ][2016-01-12 19:49:52,583][com.java.SeleniumDriver] [  869] - Test step:8
[INFO ][2016-01-12 19:49:52,583][com.java.SeleniumDriver] [  881] - Datavalue is----------5
[INFO ][2016-01-12 19:49:52,583][com.java.SeleniumDriver] [  905] - DataField : XPH//td[contains(text(),'Description')]
[INFO ][2016-01-12 19:49:52,583][com.java.SeleniumDriver] [  907] - DataValue : 5
[INFO ][2016-01-12 19:49:52,583][com.java.SeleniumDriver] [  913] - <In Set values of the page>
[INFO ][2016-01-12 19:49:52,583][com.java.SeleniumDriver] [  916] - {Data Fields & Data Values Exist}
[INFO ][2016-01-12 19:49:52,583][com.java.SeleniumDriver] [  918] - --------------------------setting values-----------------------------
[INFO ][2016-01-12 19:49:52,583][com.java.SeleniumDriver] [  921] - Action Type : WAITFORELEMENT
[INFO ][2016-01-12 19:49:52,613][com.java.SeleniumDriver] [  930] -  RESULT true
[INFO ][2016-01-12 19:49:52,613][com.java.SeleniumDriver] [ 1136] - ?   P A S S   ?
[INFO ][2016-01-12 19:49:52,613][com.java.SeleniumDriver] [  856] - ------------------------------------------
[INFO ][2016-01-12 19:49:52,613][com.java.SeleniumDriver] [  857] - Test case being Executed: 12
[INFO ][2016-01-12 19:49:52,613][com.java.SeleniumDriver] [  869] - Test step:9
[INFO ][2016-01-12 19:49:52,613][com.java.SeleniumDriver] [  881] - Datavalue is----------//td[contains(text(),'Description')]
[INFO ][2016-01-12 19:49:52,613][com.java.SeleniumDriver] [  905] - DataField : BTN
[INFO ][2016-01-12 19:49:52,613][com.java.SeleniumDriver] [  907] - DataValue : //td[contains(text(),'Description')]
[INFO ][2016-01-12 19:49:52,613][com.java.SeleniumDriver] [  913] - <In Set values of the page>
[INFO ][2016-01-12 19:49:52,613][com.java.SeleniumDriver] [  916] - {Data Fields & Data Values Exist}
[INFO ][2016-01-12 19:49:52,613][com.java.SeleniumDriver] [  918] - --------------------------setting values-----------------------------
[INFO ][2016-01-12 19:49:52,613][com.java.SeleniumDriver] [  921] - Action Type : VERIFY
[INFO ][2016-01-12 19:49:52,613][com.java.TestType] [ 7605] - field= BTN value= //td[contains(text(),'Description')]
[INFO ][2016-01-12 19:49:52,613][com.java.TestType] [ 6136] - value = //td[contains(text(),'Description')]
[INFO ][2016-01-12 19:49:52,653][com.java.SeleniumDriver] [  930] -  RESULT true
[INFO ][2016-01-12 19:49:52,653][com.java.SeleniumDriver] [ 1136] - ?   P A S S   ?
[INFO ][2016-01-12 19:49:52,653][com.java.SeleniumDriver] [  856] - ------------------------------------------
[INFO ][2016-01-12 19:49:52,653][com.java.SeleniumDriver] [  857] - Test case being Executed: 12
[INFO ][2016-01-12 19:49:52,653][com.java.SeleniumDriver] [  869] - Test step:10
[INFO ][2016-01-12 19:49:52,653][com.java.SeleniumDriver] [  881] - Datavalue is----------//td[contains(text(),'Rated Loan*')]
[INFO ][2016-01-12 19:49:52,653][com.java.SeleniumDriver] [  905] - DataField : BTN
[INFO ][2016-01-12 19:49:52,653][com.java.SeleniumDriver] [  907] - DataValue : //td[contains(text(),'Rated Loan*')]
[INFO ][2016-01-12 19:49:52,653][com.java.SeleniumDriver] [  913] - <In Set values of the page>
[INFO ][2016-01-12 19:49:52,653][com.java.SeleniumDriver] [  916] - {Data Fields & Data Values Exist}
[INFO ][2016-01-12 19:49:52,653][com.java.SeleniumDriver] [  918] - --------------------------setting values-----------------------------
[INFO ][2016-01-12 19:49:52,653][com.java.SeleniumDriver] [  921] - Action Type : VERIFY
[INFO ][2016-01-12 19:49:52,653][com.java.TestType] [ 7605] - field= BTN value= //td[contains(text(),'Rated Loan*')]
[INFO ][2016-01-12 19:49:52,653][com.java.TestType] [ 6136] - value = //td[contains(text(),'Rated Loan*')]
[INFO ][2016-01-12 19:49:52,693][com.java.SeleniumDriver] [  930] -  RESULT true
[INFO ][2016-01-12 19:49:52,693][com.java.SeleniumDriver] [ 1136] - ?   P A S S   ?
[INFO ][2016-01-12 19:49:52,693][com.java.SeleniumDriver] [  856] - ------------------------------------------
[INFO ][2016-01-12 19:49:52,693][com.java.SeleniumDriver] [  857] - Test case being Executed: 12
[INFO ][2016-01-12 19:49:52,693][com.java.SeleniumDriver] [  869] - Test step:11
[INFO ][2016-01-12 19:49:52,693][com.java.SeleniumDriver] [  881] - Datavalue is----------RNDTesting
[INFO ][2016-01-12 19:49:52,693][com.java.SeleniumDriver] [  905] - DataField : TXTtxtDescription
[INFO ][2016-01-12 19:49:52,693][com.java.SeleniumDriver] [  907] - DataValue : RNDTesting
[INFO ][2016-01-12 19:49:52,693][com.java.SeleniumDriver] [  913] - <In Set values of the page>
[INFO ][2016-01-12 19:49:52,693][com.java.SeleniumDriver] [  916] - {Data Fields & Data Values Exist}
[INFO ][2016-01-12 19:49:52,693][com.java.SeleniumDriver] [  918] - --------------------------setting values-----------------------------
[INFO ][2016-01-12 19:49:52,693][com.java.SeleniumDriver] [  921] - Action Type : CLEARANDENTER
[INFO ][2016-01-12 19:49:52,693][com.java.TestType] [ 6136] - value = Testing59397
[INFO ][2016-01-12 19:49:55,177][com.java.SeleniumDriver] [  930] -  RESULT true
[INFO ][2016-01-12 19:49:55,177][com.java.SeleniumDriver] [ 1136] - ?   P A S S   ?
[INFO ][2016-01-12 19:49:55,177][com.java.SeleniumDriver] [  856] - ------------------------------------------
[INFO ][2016-01-12 19:49:55,177][com.java.SeleniumDriver] [  857] - Test case being Executed: 12
[INFO ][2016-01-12 19:49:55,177][com.java.SeleniumDriver] [  869] - Test step:12
[INFO ][2016-01-12 19:49:55,177][com.java.SeleniumDriver] [  881] - Datavalue is----------2
[INFO ][2016-01-12 19:49:55,177][com.java.SeleniumDriver] [  905] - DataField : test
[INFO ][2016-01-12 19:49:55,177][com.java.SeleniumDriver] [  907] - DataValue : 2
[INFO ][2016-01-12 19:49:55,177][com.java.SeleniumDriver] [  913] - <In Set values of the page>
[INFO ][2016-01-12 19:49:55,177][com.java.SeleniumDriver] [  916] - {Data Fields & Data Values Exist}
[INFO ][2016-01-12 19:49:55,177][com.java.SeleniumDriver] [  918] - --------------------------setting values-----------------------------
[INFO ][2016-01-12 19:49:55,177][com.java.SeleniumDriver] [  921] - Action Type : WAITTIME
[DEBUG][2016-01-12 19:49:55,177][com.java.TestType] [ 5950] - sleepTime: 2000
[INFO ][2016-01-12 19:49:57,177][com.java.SeleniumDriver] [  930] -  RESULT true
[INFO ][2016-01-12 19:49:57,177][com.java.SeleniumDriver] [ 1136] - ?   P A S S   ?
[INFO ][2016-01-12 19:49:57,177][com.java.SeleniumDriver] [  856] - ------------------------------------------
[INFO ][2016-01-12 19:49:57,177][com.java.SeleniumDriver] [  857] - Test case being Executed: 12
[INFO ][2016-01-12 19:49:57,177][com.java.SeleniumDriver] [  869] - Test step:13
[INFO ][2016-01-12 19:49:57,177][com.java.SeleniumDriver] [  881] - Datavalue is----------Test
[INFO ][2016-01-12 19:49:57,177][com.java.SeleniumDriver] [  905] - DataField : TXTtxtDescription
[INFO ][2016-01-12 19:49:57,177][com.java.SeleniumDriver] [  907] - DataValue : Test
[INFO ][2016-01-12 19:49:57,177][com.java.SeleniumDriver] [  913] - <In Set values of the page>
[INFO ][2016-01-12 19:49:57,177][com.java.SeleniumDriver] [  916] - {Data Fields & Data Values Exist}
[INFO ][2016-01-12 19:49:57,177][com.java.SeleniumDriver] [  918] - --------------------------setting values-----------------------------
[INFO ][2016-01-12 19:49:57,177][com.java.SeleniumDriver] [  921] - Action Type : STOREVALUE
[INFO ][2016-01-12 19:49:57,177][com.java.TestType] [ 8956] - field= TXTtxtDescription
[DEBUG][2016-01-12 19:49:58,271][com.java.TestType] [ 8970] - Key:: Test  Value:: Testing59397
[INFO ][2016-01-12 19:49:58,271][com.java.SeleniumDriver] [  930] -  RESULT true
[INFO ][2016-01-12 19:49:58,271][com.java.SeleniumDriver] [ 1136] - ?   P A S S   ?
[INFO ][2016-01-12 19:49:58,271][com.java.SeleniumDriver] [  856] - ------------------------------------------
[INFO ][2016-01-12 19:49:58,271][com.java.SeleniumDriver] [  857] - Test case being Executed: 12
[INFO ][2016-01-12 19:49:58,271][com.java.SeleniumDriver] [  869] - Test step:14
[INFO ][2016-01-12 19:49:58,271][com.java.SeleniumDriver] [  881] - Datavalue is----------3
[INFO ][2016-01-12 19:49:58,271][com.java.SeleniumDriver] [  905] - DataField : test
[INFO ][2016-01-12 19:49:58,271][com.java.SeleniumDriver] [  907] - DataValue : 3
[INFO ][2016-01-12 19:49:58,271][com.java.SeleniumDriver] [  913] - <In Set values of the page>
[INFO ][2016-01-12 19:49:58,271][com.java.SeleniumDriver] [  916] - {Data Fields & Data Values Exist}
[INFO ][2016-01-12 19:49:58,271][com.java.SeleniumDriver] [  918] - --------------------------setting values-----------------------------
[INFO ][2016-01-12 19:49:58,271][com.java.SeleniumDriver] [  921] - Action Type : WAITTIME
[DEBUG][2016-01-12 19:49:58,271][com.java.TestType] [ 5950] - sleepTime: 3000
[INFO ][2016-01-12 19:50:01,271][com.java.SeleniumDriver] [  930] -  RESULT true
[INFO ][2016-01-12 19:50:01,271][com.java.SeleniumDriver] [ 1136] - ?   P A S S   ?
[INFO ][2016-01-12 19:50:01,271][com.java.SeleniumDriver] [  856] - ------------------------------------------
[INFO ][2016-01-12 19:50:01,271][com.java.SeleniumDriver] [  857] - Test case being Executed: 12
[INFO ][2016-01-12 19:50:01,271][com.java.SeleniumDriver] [  869] - Test step:15
[INFO ][2016-01-12 19:50:01,271][com.java.SeleniumDriver] [  881] - Datavalue is----------1.00
[INFO ][2016-01-12 19:50:01,271][com.java.SeleniumDriver] [  905] - DataField : TXTtxtWeight
[INFO ][2016-01-12 19:50:01,271][com.java.SeleniumDriver] [  907] - DataValue : 1.00
[INFO ][2016-01-12 19:50:01,271][com.java.SeleniumDriver] [  913] - <In Set values of the page>
[INFO ][2016-01-12 19:50:01,271][com.java.SeleniumDriver] [  916] - {Data Fields & Data Values Exist}
[INFO ][2016-01-12 19:50:01,271][com.java.SeleniumDriver] [  918] - --------------------------setting values-----------------------------
[INFO ][2016-01-12 19:50:01,271][com.java.SeleniumDriver] [  921] - Action Type : CLEARANDENTER
[INFO ][2016-01-12 19:50:01,271][com.java.TestType] [ 6136] - value = 1.00
[INFO ][2016-01-12 19:50:03,574][com.java.SeleniumDriver] [  930] -  RESULT true
[INFO ][2016-01-12 19:50:03,574][com.java.SeleniumDriver] [ 1136] - ?   P A S S   ?
[INFO ][2016-01-12 19:50:03,574][com.java.SeleniumDriver] [  856] - ------------------------------------------
[INFO ][2016-01-12 19:50:03,574][com.java.SeleniumDriver] [  857] - Test case being Executed: 12
[INFO ][2016-01-12 19:50:03,574][com.java.SeleniumDriver] [  869] - Test step:16
[INFO ][2016-01-12 19:50:03,574][com.java.SeleniumDriver] [  881] - Datavalue is----------Historical
[INFO ][2016-01-12 19:50:03,574][com.java.SeleniumDriver] [  905] - DataField : TXTtxtWeight
[INFO ][2016-01-12 19:50:03,574][com.java.SeleniumDriver] [  907] - DataValue : Historical
[INFO ][2016-01-12 19:50:03,574][com.java.SeleniumDriver] [  913] - <In Set values of the page>
[INFO ][2016-01-12 19:50:03,574][com.java.SeleniumDriver] [  916] - {Data Fields & Data Values Exist}
[INFO ][2016-01-12 19:50:03,574][com.java.SeleniumDriver] [  918] - --------------------------setting values-----------------------------
[INFO ][2016-01-12 19:50:03,574][com.java.SeleniumDriver] [  921] - Action Type : STOREVALUE
[INFO ][2016-01-12 19:50:03,574][com.java.TestType] [ 8956] - field= TXTtxtWeight
[DEBUG][2016-01-12 19:50:04,655][com.java.TestType] [ 8970] - Key:: Historical  Value:: 1.00
[INFO ][2016-01-12 19:50:04,655][com.java.SeleniumDriver] [  930] -  RESULT true
[INFO ][2016-01-12 19:50:04,655][com.java.SeleniumDriver] [ 1136] - ?   P A S S   ?
[INFO ][2016-01-12 19:50:04,655][com.java.SeleniumDriver] [  856] - ------------------------------------------
[INFO ][2016-01-12 19:50:04,655][com.java.SeleniumDriver] [  857] - Test case being Executed: 12
[INFO ][2016-01-12 19:50:04,655][com.java.SeleniumDriver] [  869] - Test step:17
[INFO ][2016-01-12 19:50:04,655][com.java.SeleniumDriver] [  881] - Datavalue is----------3
[INFO ][2016-01-12 19:50:04,655][com.java.SeleniumDriver] [  905] - DataField : test
[INFO ][2016-01-12 19:50:04,655][com.java.SeleniumDriver] [  907] - DataValue : 3
[INFO ][2016-01-12 19:50:04,655][com.java.SeleniumDriver] [  913] - <In Set values of the page>
[INFO ][2016-01-12 19:50:04,655][com.java.SeleniumDriver] [  916] - {Data Fields & Data Values Exist}
[INFO ][2016-01-12 19:50:04,655][com.java.SeleniumDriver] [  918] - --------------------------setting values-----------------------------
[INFO ][2016-01-12 19:50:04,655][com.java.SeleniumDriver] [  921] - Action Type : WAITTIME
[DEBUG][2016-01-12 19:50:04,655][com.java.TestType] [ 5950] - sleepTime: 3000
[INFO ][2016-01-12 19:50:07,655][com.java.SeleniumDriver] [  930] -  RESULT true
[INFO ][2016-01-12 19:50:07,655][com.java.SeleniumDriver] [ 1136] - ?   P A S S   ?
[INFO ][2016-01-12 19:50:07,655][com.java.SeleniumDriver] [  856] - ------------------------------------------
[INFO ][2016-01-12 19:50:07,655][com.java.SeleniumDriver] [  857] - Test case being Executed: 12
[INFO ][2016-01-12 19:50:07,655][com.java.SeleniumDriver] [  869] - Test step:18
[INFO ][2016-01-12 19:50:07,655][com.java.SeleniumDriver] [  881] - Datavalue is----------1.20
[INFO ][2016-01-12 19:50:07,655][com.java.SeleniumDriver] [  905] - DataField : TXTtxtWeight1
[INFO ][2016-01-12 19:50:07,655][com.java.SeleniumDriver] [  907] - DataValue : 1.20
[INFO ][2016-01-12 19:50:07,655][com.java.SeleniumDriver] [  913] - <In Set values of the page>
[INFO ][2016-01-12 19:50:07,655][com.java.SeleniumDriver] [  916] - {Data Fields & Data Values Exist}
[INFO ][2016-01-12 19:50:07,655][com.java.SeleniumDriver] [  918] - --------------------------setting values-----------------------------
[INFO ][2016-01-12 19:50:07,655][com.java.SeleniumDriver] [  921] - Action Type : CLEARANDENTER
[INFO ][2016-01-12 19:50:07,655][com.java.TestType] [ 6136] - value = 1.20
[INFO ][2016-01-12 19:50:09,948][com.java.SeleniumDriver] [  930] -  RESULT true
[INFO ][2016-01-12 19:50:09,948][com.java.SeleniumDriver] [ 1136] - ?   P A S S   ?
[INFO ][2016-01-12 19:50:09,948][com.java.SeleniumDriver] [  856] - ------------------------------------------
[INFO ][2016-01-12 19:50:09,948][com.java.SeleniumDriver] [  857] - Test case being Executed: 12
[INFO ][2016-01-12 19:50:09,948][com.java.SeleniumDriver] [  869] - Test step:19
[INFO ][2016-01-12 19:50:09,948][com.java.SeleniumDriver] [  881] - Datavalue is----------Economic
[INFO ][2016-01-12 19:50:09,948][com.java.SeleniumDriver] [  905] - DataField : TXTtxtWeight1
[INFO ][2016-01-12 19:50:09,948][com.java.SeleniumDriver] [  907] - DataValue : Economic
[INFO ][2016-01-12 19:50:09,948][com.java.SeleniumDriver] [  913] - <In Set values of the page>
[INFO ][2016-01-12 19:50:09,948][com.java.SeleniumDriver] [  916] - {Data Fields & Data Values Exist}
[INFO ][2016-01-12 19:50:09,948][com.java.SeleniumDriver] [  918] - --------------------------setting values-----------------------------
[INFO ][2016-01-12 19:50:09,948][com.java.SeleniumDriver] [  921] - Action Type : STOREVALUE
[INFO ][2016-01-12 19:50:09,948][com.java.TestType] [ 8956] - field= TXTtxtWeight1
[DEBUG][2016-01-12 19:50:11,029][com.java.TestType] [ 8970] - Key:: Economic  Value:: 1.20
[INFO ][2016-01-12 19:50:11,029][com.java.SeleniumDriver] [  930] -  RESULT true
[INFO ][2016-01-12 19:50:11,029][com.java.SeleniumDriver] [ 1136] - ?   P A S S   ?
[INFO ][2016-01-12 19:50:11,029][com.java.SeleniumDriver] [  856] - ------------------------------------------
[INFO ][2016-01-12 19:50:11,029][com.java.SeleniumDriver] [  857] - Test case being Executed: 12
[INFO ][2016-01-12 19:50:11,029][com.java.SeleniumDriver] [  869] - Test step:20
[INFO ][2016-01-12 19:50:11,029][com.java.SeleniumDriver] [  881] - Datavalue is----------3
[INFO ][2016-01-12 19:50:11,029][com.java.SeleniumDriver] [  905] - DataField : test
[INFO ][2016-01-12 19:50:11,029][com.java.SeleniumDriver] [  907] - DataValue : 3
[INFO ][2016-01-12 19:50:11,029][com.java.SeleniumDriver] [  913] - <In Set values of the page>
[INFO ][2016-01-12 19:50:11,029][com.java.SeleniumDriver] [  916] - {Data Fields & Data Values Exist}
[INFO ][2016-01-12 19:50:11,029][com.java.SeleniumDriver] [  918] - --------------------------setting values-----------------------------
[INFO ][2016-01-12 19:50:11,029][com.java.SeleniumDriver] [  921] - Action Type : WAITTIME
[DEBUG][2016-01-12 19:50:11,029][com.java.TestType] [ 5950] - sleepTime: 3000
[INFO ][2016-01-12 19:50:14,029][com.java.SeleniumDriver] [  930] -  RESULT true
[INFO ][2016-01-12 19:50:14,029][com.java.SeleniumDriver] [ 1136] - ?   P A S S   ?
[INFO ][2016-01-12 19:50:14,029][com.java.SeleniumDriver] [  856] - ------------------------------------------
[INFO ][2016-01-12 19:50:14,029][com.java.SeleniumDriver] [  857] - Test case being Executed: 12
[INFO ][2016-01-12 19:50:14,029][com.java.SeleniumDriver] [  869] - Test step:21
[INFO ][2016-01-12 19:50:14,029][com.java.SeleniumDriver] [  881] - Datavalue is----------0.50
[INFO ][2016-01-12 19:50:14,029][com.java.SeleniumDriver] [  905] - DataField : TXTtxtWeight2
[INFO ][2016-01-12 19:50:14,029][com.java.SeleniumDriver] [  907] - DataValue : 0.50
[INFO ][2016-01-12 19:50:14,029][com.java.SeleniumDriver] [  913] - <In Set values of the page>
[INFO ][2016-01-12 19:50:14,029][com.java.SeleniumDriver] [  916] - {Data Fields & Data Values Exist}
[INFO ][2016-01-12 19:50:14,029][com.java.SeleniumDriver] [  918] - --------------------------setting values-----------------------------
[INFO ][2016-01-12 19:50:14,029][com.java.SeleniumDriver] [  921] - Action Type : CLEARANDENTER
[INFO ][2016-01-12 19:50:14,029][com.java.TestType] [ 6136] - value = 0.50
[INFO ][2016-01-12 19:50:16,332][com.java.SeleniumDriver] [  930] -  RESULT true
[INFO ][2016-01-12 19:50:16,332][com.java.SeleniumDriver] [ 1136] - ?   P A S S   ?
[INFO ][2016-01-12 19:50:16,332][com.java.SeleniumDriver] [  856] - ------------------------------------------
[INFO ][2016-01-12 19:50:16,332][com.java.SeleniumDriver] [  857] - Test case being Executed: 12
[INFO ][2016-01-12 19:50:16,332][com.java.SeleniumDriver] [  869] - Test step:22
[INFO ][2016-01-12 19:50:16,332][com.java.SeleniumDriver] [  881] - Datavalue is----------Other
[INFO ][2016-01-12 19:50:16,332][com.java.SeleniumDriver] [  905] - DataField : TXTtxtWeight2
[INFO ][2016-01-12 19:50:16,332][com.java.SeleniumDriver] [  907] - DataValue : Other
[INFO ][2016-01-12 19:50:16,332][com.java.SeleniumDriver] [  913] - <In Set values of the page>
[INFO ][2016-01-12 19:50:16,332][com.java.SeleniumDriver] [  916] - {Data Fields & Data Values Exist}
[INFO ][2016-01-12 19:50:16,332][com.java.SeleniumDriver] [  918] - --------------------------setting values-----------------------------
[INFO ][2016-01-12 19:50:16,332][com.java.SeleniumDriver] [  921] - Action Type : STOREVALUE
[INFO ][2016-01-12 19:50:16,332][com.java.TestType] [ 8956] - field= TXTtxtWeight2
[DEBUG][2016-01-12 19:50:17,413][com.java.TestType] [ 8970] - Key:: Other  Value:: 0.50
[INFO ][2016-01-12 19:50:17,413][com.java.SeleniumDriver] [  930] -  RESULT true
[INFO ][2016-01-12 19:50:17,413][com.java.SeleniumDriver] [ 1136] - ?   P A S S   ?
[INFO ][2016-01-12 19:50:17,413][com.java.SeleniumDriver] [  856] - ------------------------------------------
[INFO ][2016-01-12 19:50:17,413][com.java.SeleniumDriver] [  857] - Test case being Executed: 12
[INFO ][2016-01-12 19:50:17,413][com.java.SeleniumDriver] [  869] - Test step:23
[INFO ][2016-01-12 19:50:17,413][com.java.SeleniumDriver] [  881] - Datavalue is----------3
[INFO ][2016-01-12 19:50:17,413][com.java.SeleniumDriver] [  905] - DataField : test
[INFO ][2016-01-12 19:50:17,413][com.java.SeleniumDriver] [  907] - DataValue : 3
[INFO ][2016-01-12 19:50:17,413][com.java.SeleniumDriver] [  913] - <In Set values of the page>
[INFO ][2016-01-12 19:50:17,413][com.java.SeleniumDriver] [  916] - {Data Fields & Data Values Exist}
[INFO ][2016-01-12 19:50:17,413][com.java.SeleniumDriver] [  918] - --------------------------setting values-----------------------------
[INFO ][2016-01-12 19:50:17,413][com.java.SeleniumDriver] [  921] - Action Type : WAITTIME
[DEBUG][2016-01-12 19:50:17,413][com.java.TestType] [ 5950] - sleepTime: 3000
[INFO ][2016-01-12 19:50:20,413][com.java.SeleniumDriver] [  930] -  RESULT true
[INFO ][2016-01-12 19:50:20,413][com.java.SeleniumDriver] [ 1136] - ?   P A S S   ?
[INFO ][2016-01-12 19:50:20,413][com.java.SeleniumDriver] [  856] - ------------------------------------------
[INFO ][2016-01-12 19:50:20,413][com.java.SeleniumDriver] [  857] - Test case being Executed: 12
[INFO ][2016-01-12 19:50:20,413][com.java.SeleniumDriver] [  869] - Test step:24
[INFO ][2016-01-12 19:50:20,413][com.java.SeleniumDriver] [  881] - Datavalue is----------null
[DEBUG][2016-01-12 19:50:20,413][com.java.SeleniumDriver] [  899] - Exception: null
[INFO ][2016-01-12 19:50:20,413][com.java.SeleniumDriver] [  905] - DataField : BTNchkRated
[INFO ][2016-01-12 19:50:20,413][com.java.SeleniumDriver] [  907] - DataValue : 
[INFO ][2016-01-12 19:50:20,413][com.java.SeleniumDriver] [  913] - <In Set values of the page>
[INFO ][2016-01-12 19:50:20,413][com.java.SeleniumDriver] [  916] - {Data Fields & Data Values Exist}
[INFO ][2016-01-12 19:50:20,413][com.java.SeleniumDriver] [  918] - --------------------------setting values-----------------------------
[INFO ][2016-01-12 19:50:20,413][com.java.SeleniumDriver] [  921] - Action Type : CLICK
[INFO ][2016-01-12 19:50:20,413][com.java.TestType] [ 6515] - Field ::BTNchkRated
[INFO ][2016-01-12 19:50:20,413][com.java.TestType] [ 6136] - value = 
[INFO ][2016-01-12 19:50:21,414][com.java.TestType] [ 6631] - BEFORE CLICK
[INFO ][2016-01-12 19:50:22,575][com.java.TestType] [ 6638] - Unable to click the object RatedLoan checkbox
[INFO ][2016-01-12 19:50:22,575][com.java.SeleniumDriver] [  930] -  RESULT true
[INFO ][2016-01-12 19:50:22,575][com.java.SeleniumDriver] [ 1136] - ?   P A S S   ?
[INFO ][2016-01-12 19:50:22,575][com.java.SeleniumDriver] [  856] - ------------------------------------------
[INFO ][2016-01-12 19:50:22,575][com.java.SeleniumDriver] [  857] - Test case being Executed: 12
[INFO ][2016-01-12 19:50:22,575][com.java.SeleniumDriver] [  869] - Test step:25
[INFO ][2016-01-12 19:50:22,575][com.java.SeleniumDriver] [  881] - Datavalue is----------null
[DEBUG][2016-01-12 19:50:22,575][com.java.SeleniumDriver] [  899] - Exception: null
[INFO ][2016-01-12 19:50:22,575][com.java.SeleniumDriver] [  905] - DataField : BTNparent
[INFO ][2016-01-12 19:50:22,575][com.java.SeleniumDriver] [  907] - DataValue : 
[INFO ][2016-01-12 19:50:22,575][com.java.SeleniumDriver] [  913] - <In Set values of the page>
[INFO ][2016-01-12 19:50:22,575][com.java.SeleniumDriver] [  916] - {Data Fields & Data Values Exist}
[INFO ][2016-01-12 19:50:22,575][com.java.SeleniumDriver] [  918] - --------------------------setting values-----------------------------
[INFO ][2016-01-12 19:50:22,575][com.java.SeleniumDriver] [  921] - Action Type : SELECTFRAME
[INFO ][2016-01-12 19:50:22,585][com.java.SeleniumDriver] [  930] -  RESULT true
[INFO ][2016-01-12 19:50:22,585][com.java.SeleniumDriver] [ 1136] - ?   P A S S   ?
[INFO ][2016-01-12 19:50:22,585][com.java.SeleniumDriver] [  856] - ------------------------------------------
[INFO ][2016-01-12 19:50:22,585][com.java.SeleniumDriver] [  857] - Test case being Executed: 12
[INFO ][2016-01-12 19:50:22,585][com.java.SeleniumDriver] [  869] - Test step:26
[INFO ][2016-01-12 19:50:22,585][com.java.SeleniumDriver] [  881] - Datavalue is----------5
[INFO ][2016-01-12 19:50:22,585][com.java.SeleniumDriver] [  905] - DataField : XPH//span[contains(text(), 'Update')]
[INFO ][2016-01-12 19:50:22,585][com.java.SeleniumDriver] [  907] - DataValue : 5
[INFO ][2016-01-12 19:50:22,585][com.java.SeleniumDriver] [  913] - <In Set values of the page>
[INFO ][2016-01-12 19:50:22,585][com.java.SeleniumDriver] [  916] - {Data Fields & Data Values Exist}
[INFO ][2016-01-12 19:50:22,585][com.java.SeleniumDriver] [  918] - --------------------------setting values-----------------------------
[INFO ][2016-01-12 19:50:22,585][com.java.SeleniumDriver] [  921] - Action Type : WAITFORELEMENT
[INFO ][2016-01-12 19:50:22,615][com.java.SeleniumDriver] [  930] -  RESULT true
[INFO ][2016-01-12 19:50:22,615][com.java.SeleniumDriver] [ 1136] - ?   P A S S   ?
[INFO ][2016-01-12 19:50:22,615][com.java.SeleniumDriver] [  856] - ------------------------------------------
[INFO ][2016-01-12 19:50:22,615][com.java.SeleniumDriver] [  857] - Test case being Executed: 12
[INFO ][2016-01-12 19:50:22,615][com.java.SeleniumDriver] [  869] - Test step:27
[INFO ][2016-01-12 19:50:22,615][com.java.SeleniumDriver] [  881] - Datavalue is----------null
[DEBUG][2016-01-12 19:50:22,615][com.java.SeleniumDriver] [  899] - Exception: null
[INFO ][2016-01-12 19:50:22,615][com.java.SeleniumDriver] [  905] - DataField : XPH//span[contains(text(), 'Update')]
[INFO ][2016-01-12 19:50:22,615][com.java.SeleniumDriver] [  907] - DataValue : 
[INFO ][2016-01-12 19:50:22,615][com.java.SeleniumDriver] [  913] - <In Set values of the page>
[INFO ][2016-01-12 19:50:22,615][com.java.SeleniumDriver] [  916] - {Data Fields & Data Values Exist}
[INFO ][2016-01-12 19:50:22,615][com.java.SeleniumDriver] [  918] - --------------------------setting values-----------------------------
[INFO ][2016-01-12 19:50:22,615][com.java.SeleniumDriver] [  921] - Action Type : CLICK
[INFO ][2016-01-12 19:50:22,615][com.java.TestType] [ 6515] - Field ::XPH//span[contains(text(), 'Update')]
[INFO ][2016-01-12 19:50:22,615][com.java.TestType] [ 6136] - value = 
[INFO ][2016-01-12 19:50:23,615][com.java.TestType] [ 6652] - BEFORE CLICK
[INFO ][2016-01-12 19:50:24,508][com.java.TestType] [ 6660] - Unable to click the object Update button
[INFO ][2016-01-12 19:50:24,508][com.java.SeleniumDriver] [  930] -  RESULT true
[INFO ][2016-01-12 19:50:24,508][com.java.SeleniumDriver] [ 1136] - ?   P A S S   ?
[INFO ][2016-01-12 19:50:24,508][com.java.SeleniumDriver] [  856] - ------------------------------------------
[INFO ][2016-01-12 19:50:24,508][com.java.SeleniumDriver] [  857] - Test case being Executed: 12
[INFO ][2016-01-12 19:50:24,508][com.java.SeleniumDriver] [  869] - Test step:28
[INFO ][2016-01-12 19:50:24,508][com.java.SeleniumDriver] [  881] - Datavalue is----------5
[INFO ][2016-01-12 19:50:24,508][com.java.SeleniumDriver] [  905] - DataField : XPH//span[contains(text(), 'Rated Loan Categories')]
[INFO ][2016-01-12 19:50:24,508][com.java.SeleniumDriver] [  907] - DataValue : 5
[INFO ][2016-01-12 19:50:24,508][com.java.SeleniumDriver] [  913] - <In Set values of the page>
[INFO ][2016-01-12 19:50:24,508][com.java.SeleniumDriver] [  916] - {Data Fields & Data Values Exist}
[INFO ][2016-01-12 19:50:24,508][com.java.SeleniumDriver] [  918] - --------------------------setting values-----------------------------
[INFO ][2016-01-12 19:50:24,508][com.java.SeleniumDriver] [  921] - Action Type : WAITFORELEMENT
[INFO ][2016-01-12 19:50:24,969][com.java.SeleniumDriver] [  930] -  RESULT true
[INFO ][2016-01-12 19:50:24,969][com.java.SeleniumDriver] [ 1136] - ?   P A S S   ?
[INFO ][2016-01-12 19:50:24,969][com.java.SeleniumDriver] [  856] - ------------------------------------------
[INFO ][2016-01-12 19:50:24,969][com.java.SeleniumDriver] [  857] - Test case being Executed: 12
[INFO ][2016-01-12 19:50:24,969][com.java.SeleniumDriver] [  869] - Test step:29
[INFO ][2016-01-12 19:50:24,969][com.java.SeleniumDriver] [  881] - Datavalue is----------null
[DEBUG][2016-01-12 19:50:24,969][com.java.SeleniumDriver] [  899] - Exception: null
[INFO ][2016-01-12 19:50:24,969][com.java.SeleniumDriver] [  905] - DataField : BTNframeDialogContent
[INFO ][2016-01-12 19:50:24,969][com.java.SeleniumDriver] [  907] - DataValue : 
[INFO ][2016-01-12 19:50:24,969][com.java.SeleniumDriver] [  913] - <In Set values of the page>
[INFO ][2016-01-12 19:50:24,969][com.java.SeleniumDriver] [  916] - {Data Fields & Data Values Exist}
[INFO ][2016-01-12 19:50:24,969][com.java.SeleniumDriver] [  918] - --------------------------setting values-----------------------------
[INFO ][2016-01-12 19:50:24,969][com.java.SeleniumDriver] [  921] - Action Type : SELECTFRAME
[INFO ][2016-01-12 19:50:26,220][com.java.SeleniumDriver] [  930] -  RESULT true
[INFO ][2016-01-12 19:50:26,220][com.java.SeleniumDriver] [ 1136] - ?   P A S S   ?
[INFO ][2016-01-12 19:50:26,220][com.java.SeleniumDriver] [  856] - ------------------------------------------
[INFO ][2016-01-12 19:50:26,220][com.java.SeleniumDriver] [  857] - Test case being Executed: 12
[INFO ][2016-01-12 19:50:26,220][com.java.SeleniumDriver] [  869] - Test step:30
[INFO ][2016-01-12 19:50:26,220][com.java.SeleniumDriver] [  881] - Datavalue is----------HMVTest
[INFO ][2016-01-12 19:50:26,220][com.java.SeleniumDriver] [  905] - DataField : MSG
[INFO ][2016-01-12 19:50:26,220][com.java.SeleniumDriver] [  907] - DataValue : HMVTest
[INFO ][2016-01-12 19:50:26,220][com.java.SeleniumDriver] [  913] - <In Set values of the page>
[INFO ][2016-01-12 19:50:26,220][com.java.SeleniumDriver] [  916] - {Data Fields & Data Values Exist}
[INFO ][2016-01-12 19:50:26,220][com.java.SeleniumDriver] [  918] - --------------------------setting values-----------------------------
[INFO ][2016-01-12 19:50:26,220][com.java.SeleniumDriver] [  921] - Action Type : VERIFY
[INFO ][2016-01-12 19:50:26,220][com.java.TestType] [ 7605] - field= MSG value= HMVTest
[INFO ][2016-01-12 19:50:26,220][com.java.TestType] [ 6136] - value = Testing59397
[DEBUG][2016-01-12 19:50:26,220][com.java.TestType] [ 8411] - value :: Testing59397
[INFO ][2016-01-12 19:50:26,240][com.java.SeleniumDriver] [  930] -  RESULT true
[INFO ][2016-01-12 19:50:26,240][com.java.SeleniumDriver] [ 1136] - ?   P A S S   ?
[INFO ][2016-01-12 19:50:26,240][com.java.SeleniumDriver] [  856] - ------------------------------------------
[INFO ][2016-01-12 19:50:26,240][com.java.SeleniumDriver] [  857] - Test case being Executed: 12
[INFO ][2016-01-12 19:50:26,240][com.java.SeleniumDriver] [  869] - Test step:31
[INFO ][2016-01-12 19:50:26,240][com.java.SeleniumDriver] [  881] - Datavalue is----------null
[DEBUG][2016-01-12 19:50:26,240][com.java.SeleniumDriver] [  899] - Exception: null
[INFO ][2016-01-12 19:50:26,240][com.java.SeleniumDriver] [  905] - DataField : BTNparent
[INFO ][2016-01-12 19:50:26,240][com.java.SeleniumDriver] [  907] - DataValue : 
[INFO ][2016-01-12 19:50:26,240][com.java.SeleniumDriver] [  913] - <In Set values of the page>
[INFO ][2016-01-12 19:50:26,240][com.java.SeleniumDriver] [  916] - {Data Fields & Data Values Exist}
[INFO ][2016-01-12 19:50:26,240][com.java.SeleniumDriver] [  918] - --------------------------setting values-----------------------------
[INFO ][2016-01-12 19:50:26,240][com.java.SeleniumDriver] [  921] - Action Type : SELECTFRAME
[INFO ][2016-01-12 19:50:26,250][com.java.SeleniumDriver] [  930] -  RESULT true
[INFO ][2016-01-12 19:50:26,250][com.java.SeleniumDriver] [ 1136] - ?   P A S S   ?
[INFO ][2016-01-12 19:50:26,250][com.java.SeleniumDriver] [  856] - ------------------------------------------
[INFO ][2016-01-12 19:50:26,250][com.java.SeleniumDriver] [  857] - Test case being Executed: 12
[INFO ][2016-01-12 19:50:26,250][com.java.SeleniumDriver] [  869] - Test step:32
[INFO ][2016-01-12 19:50:26,250][com.java.SeleniumDriver] [  881] - Datavalue is----------null
[DEBUG][2016-01-12 19:50:26,250][com.java.SeleniumDriver] [  899] - Exception: null
[INFO ][2016-01-12 19:50:26,250][com.java.SeleniumDriver] [  905] - DataField : XPH//span[contains(text(), 'Update')]
[INFO ][2016-01-12 19:50:26,250][com.java.SeleniumDriver] [  907] - DataValue : 
[INFO ][2016-01-12 19:50:26,250][com.java.SeleniumDriver] [  913] - <In Set values of the page>
[INFO ][2016-01-12 19:50:26,250][com.java.SeleniumDriver] [  916] - {Data Fields & Data Values Exist}
[INFO ][2016-01-12 19:50:26,250][com.java.SeleniumDriver] [  918] - --------------------------setting values-----------------------------
[INFO ][2016-01-12 19:50:26,250][com.java.SeleniumDriver] [  921] - Action Type : CLICK
[INFO ][2016-01-12 19:50:26,250][com.java.TestType] [ 6515] - Field ::XPH//span[contains(text(), 'Update')]
[INFO ][2016-01-12 19:50:26,250][com.java.TestType] [ 6136] - value = 
[INFO ][2016-01-12 19:50:27,250][com.java.TestType] [ 6652] - BEFORE CLICK
[INFO ][2016-01-12 19:50:28,460][com.java.TestType] [ 6660] - Unable to click the object Update button
[INFO ][2016-01-12 19:50:28,460][com.java.SeleniumDriver] [  930] -  RESULT true
[INFO ][2016-01-12 19:50:28,460][com.java.SeleniumDriver] [ 1136] - ?   P A S S   ?
[INFO ][2016-01-12 19:50:28,460][com.java.SeleniumDriver] [  856] - ------------------------------------------
[INFO ][2016-01-12 19:50:28,460][com.java.SeleniumDriver] [  857] - Test case being Executed: 12
[INFO ][2016-01-12 19:50:28,460][com.java.SeleniumDriver] [  869] - Test step:33
[INFO ][2016-01-12 19:50:28,460][com.java.SeleniumDriver] [  881] - Datavalue is----------3
[INFO ][2016-01-12 19:50:28,460][com.java.SeleniumDriver] [  905] - DataField : XPH//div[contains(text(), 'My Dashboard')]
[INFO ][2016-01-12 19:50:28,460][com.java.SeleniumDriver] [  907] - DataValue : 3
[INFO ][2016-01-12 19:50:28,460][com.java.SeleniumDriver] [  913] - <In Set values of the page>
[INFO ][2016-01-12 19:50:28,460][com.java.SeleniumDriver] [  916] - {Data Fields & Data Values Exist}
[INFO ][2016-01-12 19:50:28,460][com.java.SeleniumDriver] [  918] - --------------------------setting values-----------------------------
[INFO ][2016-01-12 19:50:28,460][com.java.SeleniumDriver] [  921] - Action Type : WAITFORELEMENT
[INFO ][2016-01-12 19:50:28,491][com.java.SeleniumDriver] [  930] -  RESULT true
[INFO ][2016-01-12 19:50:28,491][com.java.SeleniumDriver] [ 1136] - ?   P A S S   ?
[INFO ][2016-01-12 19:50:28,491][com.java.SeleniumDriver] [  856] - ------------------------------------------
[INFO ][2016-01-12 19:50:28,491][com.java.SeleniumDriver] [  857] - Test case being Executed: 12
[INFO ][2016-01-12 19:50:28,491][com.java.SeleniumDriver] [  869] - Test step:34
[INFO ][2016-01-12 19:50:28,491][com.java.SeleniumDriver] [  881] - Datavalue is----------My Dashboard
[INFO ][2016-01-12 19:50:28,491][com.java.SeleniumDriver] [  905] - DataField : XPH//div[contains(text(), 'My Dashboard')]
[INFO ][2016-01-12 19:50:28,491][com.java.SeleniumDriver] [  907] - DataValue : My Dashboard
[INFO ][2016-01-12 19:50:28,491][com.java.SeleniumDriver] [  913] - <In Set values of the page>
[INFO ][2016-01-12 19:50:28,491][com.java.SeleniumDriver] [  916] - {Data Fields & Data Values Exist}
[INFO ][2016-01-12 19:50:28,491][com.java.SeleniumDriver] [  918] - --------------------------setting values-----------------------------
[INFO ][2016-01-12 19:50:28,491][com.java.SeleniumDriver] [  921] - Action Type : VERIFY
[INFO ][2016-01-12 19:50:28,491][com.java.TestType] [ 7605] - field= XPH//div[contains(text(), 'My Dashboard')] value= My Dashboard
[INFO ][2016-01-12 19:50:28,491][com.java.TestType] [ 6136] - value = My Dashboard
[INFO ][2016-01-12 19:50:28,621][com.java.SeleniumDriver] [  930] -  RESULT true
[INFO ][2016-01-12 19:50:28,621][com.java.SeleniumDriver] [ 1136] - ?   P A S S   ?
[INFO ][2016-01-12 19:50:28,621][com.java.SeleniumDriver] [  856] - ------------------------------------------
[INFO ][2016-01-12 19:50:28,621][com.java.SeleniumDriver] [  857] - Test case being Executed: 12
[INFO ][2016-01-12 19:50:28,621][com.java.SeleniumDriver] [  869] - Test step:35
[INFO ][2016-01-12 19:50:28,621][com.java.SeleniumDriver] [  881] - Datavalue is----------null
[DEBUG][2016-01-12 19:50:28,621][com.java.SeleniumDriver] [  899] - Exception: null
[INFO ][2016-01-12 19:50:28,621][com.java.SeleniumDriver] [  905] - DataField : //span[@class='icon-user4']&&//a[text()='Company Settings']&&//a[@data-id="RatedLoans"]
[INFO ][2016-01-12 19:50:28,621][com.java.SeleniumDriver] [  907] - DataValue : 
[INFO ][2016-01-12 19:50:28,621][com.java.SeleniumDriver] [  913] - <In Set values of the page>
[INFO ][2016-01-12 19:50:28,621][com.java.SeleniumDriver] [  916] - {Data Fields & Data Values Exist}
[INFO ][2016-01-12 19:50:28,621][com.java.SeleniumDriver] [  918] - --------------------------setting values-----------------------------
[INFO ][2016-01-12 19:50:28,621][com.java.SeleniumDriver] [  921] - Action Type : MOUSEOVER
[INFO ][2016-01-12 19:50:55,384][com.java.SeleniumDriver] [  930] -  RESULT true
[INFO ][2016-01-12 19:50:55,384][com.java.SeleniumDriver] [ 1136] - ?   P A S S   ?
[INFO ][2016-01-12 19:50:55,384][com.java.SeleniumDriver] [  856] - ------------------------------------------
[INFO ][2016-01-12 19:50:55,384][com.java.SeleniumDriver] [  857] - Test case being Executed: 12
[INFO ][2016-01-12 19:50:55,384][com.java.SeleniumDriver] [  869] - Test step:36
[INFO ][2016-01-12 19:50:55,384][com.java.SeleniumDriver] [  881] - Datavalue is----------Rated Loan Categories
[INFO ][2016-01-12 19:50:55,384][com.java.SeleniumDriver] [  905] - DataField : XPH//span[contains(text(), 'Rated Loan Categories')]
[INFO ][2016-01-12 19:50:55,384][com.java.SeleniumDriver] [  907] - DataValue : Rated Loan Categories
[INFO ][2016-01-12 19:50:55,384][com.java.SeleniumDriver] [  913] - <In Set values of the page>
[INFO ][2016-01-12 19:50:55,384][com.java.SeleniumDriver] [  916] - {Data Fields & Data Values Exist}
[INFO ][2016-01-12 19:50:55,384][com.java.SeleniumDriver] [  918] - --------------------------setting values-----------------------------
[INFO ][2016-01-12 19:50:55,384][com.java.SeleniumDriver] [  921] - Action Type : VERIFY
[INFO ][2016-01-12 19:50:55,384][com.java.TestType] [ 7605] - field= XPH//span[contains(text(), 'Rated Loan Categories')] value= Rated Loan Categories
[INFO ][2016-01-12 19:50:55,384][com.java.TestType] [ 6136] - value = Rated Loan Categories
[INFO ][2016-01-12 19:50:55,505][com.java.SeleniumDriver] [  930] -  RESULT true
[INFO ][2016-01-12 19:50:55,505][com.java.SeleniumDriver] [ 1136] - ?   P A S S   ?
[INFO ][2016-01-12 19:50:55,505][com.java.SeleniumDriver] [  856] - ------------------------------------------
[INFO ][2016-01-12 19:50:55,505][com.java.SeleniumDriver] [  857] - Test case being Executed: 12
[INFO ][2016-01-12 19:50:55,505][com.java.SeleniumDriver] [  869] - Test step:37
[INFO ][2016-01-12 19:50:55,505][com.java.SeleniumDriver] [  881] - Datavalue is----------null
[DEBUG][2016-01-12 19:50:55,505][com.java.SeleniumDriver] [  899] - Exception: null
[INFO ][2016-01-12 19:50:55,505][com.java.SeleniumDriver] [  905] - DataField : BTNframeDialogContent
[INFO ][2016-01-12 19:50:55,505][com.java.SeleniumDriver] [  907] - DataValue : 
[INFO ][2016-01-12 19:50:55,505][com.java.SeleniumDriver] [  913] - <In Set values of the page>
[INFO ][2016-01-12 19:50:55,505][com.java.SeleniumDriver] [  916] - {Data Fields & Data Values Exist}
[INFO ][2016-01-12 19:50:55,505][com.java.SeleniumDriver] [  918] - --------------------------setting values-----------------------------
[INFO ][2016-01-12 19:50:55,505][com.java.SeleniumDriver] [  921] - Action Type : SELECTFRAME
[INFO ][2016-01-12 19:50:56,726][com.java.SeleniumDriver] [  930] -  RESULT true
[INFO ][2016-01-12 19:50:56,726][com.java.SeleniumDriver] [ 1136] - ?   P A S S   ?
[INFO ][2016-01-12 19:50:56,726][com.java.SeleniumDriver] [  856] - ------------------------------------------
[INFO ][2016-01-12 19:50:56,726][com.java.SeleniumDriver] [  857] - Test case being Executed: 12
[INFO ][2016-01-12 19:50:56,726][com.java.SeleniumDriver] [  869] - Test step:38
[INFO ][2016-01-12 19:50:56,726][com.java.SeleniumDriver] [  881] - Datavalue is----------Test
[INFO ][2016-01-12 19:50:56,726][com.java.SeleniumDriver] [  905] - DataField : MNC//table[@id="tblRatedLoans"]//input[@value='mytext']
[INFO ][2016-01-12 19:50:56,726][com.java.SeleniumDriver] [  907] - DataValue : Test
[INFO ][2016-01-12 19:50:56,726][com.java.SeleniumDriver] [  913] - <In Set values of the page>
[INFO ][2016-01-12 19:50:56,726][com.java.SeleniumDriver] [  916] - {Data Fields & Data Values Exist}
[INFO ][2016-01-12 19:50:56,726][com.java.SeleniumDriver] [  918] - --------------------------setting values-----------------------------
[INFO ][2016-01-12 19:50:56,726][com.java.SeleniumDriver] [  921] - Action Type : CLICK
[INFO ][2016-01-12 19:50:56,726][com.java.TestType] [ 6515] - Field ::MNC//table[@id="tblRatedLoans"]//input[@value='mytext']
[INFO ][2016-01-12 19:50:56,726][com.java.TestType] [ 6136] - value = Test
[INFO ][2016-01-12 19:50:57,947][com.java.SeleniumDriver] [  930] -  RESULT true
[INFO ][2016-01-12 19:50:57,947][com.java.SeleniumDriver] [ 1136] - ?   P A S S   ?
[INFO ][2016-01-12 19:50:57,947][com.java.SeleniumDriver] [  856] - ------------------------------------------
[INFO ][2016-01-12 19:50:57,947][com.java.SeleniumDriver] [  857] - Test case being Executed: 12
[INFO ][2016-01-12 19:50:57,947][com.java.SeleniumDriver] [  869] - Test step:39
[INFO ][2016-01-12 19:50:57,947][com.java.SeleniumDriver] [  881] - Datavalue is----------Test::Test1$%^2*
[INFO ][2016-01-12 19:50:57,947][com.java.SeleniumDriver] [  905] - DataField : PVP//table[@id="tblRatedLoans"]//input[@value='mytext']
[INFO ][2016-01-12 19:50:57,947][com.java.SeleniumDriver] [  907] - DataValue : Test::Test1$%^2*
[INFO ][2016-01-12 19:50:57,947][com.java.SeleniumDriver] [  913] - <In Set values of the page>
[INFO ][2016-01-12 19:50:57,947][com.java.SeleniumDriver] [  916] - {Data Fields & Data Values Exist}
[INFO ][2016-01-12 19:50:57,947][com.java.SeleniumDriver] [  918] - --------------------------setting values-----------------------------
[INFO ][2016-01-12 19:50:57,947][com.java.SeleniumDriver] [  921] - Action Type : CLEARANDENTER
[INFO ][2016-01-12 19:50:57,947][com.java.TestType] [ 6136] - value = Test::Test1$%^2*
[ERROR][2016-01-12 19:51:18,347][com.java.TestType] [ 7209] - Exception in clearAndEnter: null
[DEBUG][2016-01-12 19:51:18,347][com.java.TestType] [ 7213] - For ENTER action type the data field should be TXT
[INFO ][2016-01-12 19:51:18,347][com.java.SeleniumDriver] [  930] -  RESULT false
[INFO ][2016-01-12 19:51:18,347][com.java.SeleniumDriver] [  977] - ?   F A I L   ?
[INFO ][2016-01-12 19:51:18,347][com.java.SeleniumDriver] [  985] - Browser Type : IE10
[INFO ][2016-01-12 19:51:18,347][com.java.SeleniumDriver] [  986] - Adding Failed case12
[INFO ][2016-01-12 19:51:18,608][com.java.SeleniumDriver] [ 1100] - failedCases = 11-12
[ERROR][2016-01-12 19:51:18,608][com.java.SeleniumDriver] [ 1599] - Platform Errors : Our apologies...::We have encountered an issue with your request.::Our apologies?:We encountered an issue with your request.
[INFO ][2016-01-12 19:51:18,608][com.java.SeleniumDriver] [ 1603] - Length =3
[ERROR][2016-01-12 19:51:18,608][com.java.SeleniumDriver] [ 1606] - Error 0 = Our apologies...
[ERROR][2016-01-12 19:51:18,718][com.java.SeleniumDriver] [ 1606] - Error 1 = We have encountered an issue with your request.
[ERROR][2016-01-12 19:51:18,738][com.java.SeleniumDriver] [ 1606] - Error 2 = Our apologies?:We encountered an issue with your request.
[INFO ][2016-01-12 19:51:18,758][com.java.SeleniumDriver] [ 1617] - strError:
[DEBUG][2016-01-12 19:51:18,768][com.java.SeleniumDriver] [ 1248] - Case found
[DEBUG][2016-01-12 19:51:18,768][com.java.SeleniumDriver] [ 1253] - Incrementing ReportCounters[0]:3
[INFO ][2016-01-12 19:51:18,768][com.java.SeleniumDriver] [ 1272] - The results are-------------------[12, 39, Admin: Company Settings: Rated Loan Categories: Modify Existing Category, Fail, 
Test case failed at Step No. :: 39   Error Message ::  For ENTER action type the data field should be TXT. Screen Shot : D:\BankersDashboard\TestReports\011216\12_011216_195118_IE10.png, Tue Jan 12 19:51:18 IST 2016]
[INFO ][2016-01-12 19:51:18,768][com.java.SeleniumDriver] [ 1276] - End time is-------4 min 29 sec
[INFO ][2016-01-12 19:51:18,768][com.java.SeleniumDriver] [ 1277] - The results are-------------------[12, 39, Admin: Company Settings: Rated Loan Categories: Modify Existing Category, Fail, 
Test case failed at Step No. :: 39   Error Message ::  For ENTER action type the data field should be TXT. Screen Shot : D:\BankersDashboard\TestReports\011216\12_011216_195118_IE10.png, Tue Jan 12 19:51:18 IST 2016]
[DEBUG][2016-01-12 19:51:18,768][com.java.ImportnExport.ExportTestResultsExcel] [  222] - testResultPath = D:\BankersDashboard/TestReports/Test Results_BankersDashBoard_011216_194651_IE10_Bank of North Carolina.xls
[DEBUG][2016-01-12 19:51:18,768][com.java.ImportnExport.ExportTestResultsExcel] [  223] - browser is------------IE10
[DEBUG][2016-01-12 19:51:18,768][com.java.ImportnExport.ExportTestResultsExcel] [  270] - result.size() = 6
[DEBUG][2016-01-12 19:51:18,768][com.java.ImportnExport.ExportTestResultsExcel] [  274] - No of rows in sheet=3
[DEBUG][2016-01-12 19:51:18,768][com.java.ImportnExport.ExportTestResultsExcel] [  301] - ..in export..12
[DEBUG][2016-01-12 19:51:18,768][com.java.ImportnExport.ExportTestResultsExcel] [  301] - ..in export..Admin: Company Settings: Rated Loan Categories: Modify Existing Category
[DEBUG][2016-01-12 19:51:18,768][com.java.ImportnExport.ExportTestResultsExcel] [  301] - ..in export..Fail
[DEBUG][2016-01-12 19:51:18,768][com.java.ImportnExport.ExportTestResultsExcel] [  301] - ..in export..
Test case failed at Step No. :: 39   Error Message ::  For ENTER action type the data field should be TXT. Screen Shot : D:\BankersDashboard\TestReports\011216\12_011216_195118_IE10.png
[DEBUG][2016-01-12 19:51:18,768][com.java.ImportnExport.ExportTestResultsExcel] [  301] - ..in export..Tue Jan 12 19:51:18 IST 2016
[INFO ][2016-01-12 19:51:18,768][com.java.SeleniumDriver] [ 1337] - out loop:2 size:3 TestCases:[1, 11, 12] testcases:[1, 11, 12]
[INFO ][2016-01-12 19:51:20,768][com.java.SeleniumDriver] [ 1380] - Total Number of Cases:3
[INFO ][2016-01-12 19:51:20,768][com.java.TemplateGenerator] [  302] - Executed:3
[INFO ][2016-01-12 19:51:20,768][com.java.TemplateGenerator] [  303] - Passed:1
[INFO ][2016-01-12 19:51:20,768][com.java.TemplateGenerator] [  304] - Failed:2
[INFO ][2016-01-12 19:51:20,768][com.java.TemplateGenerator] [  305] - Skipeed:0
[INFO ][2016-01-12 19:51:20,768][com.java.TemplateGenerator] [  306] - Application URL:https://clients-xuat.bankersdashboard.com
[INFO ][2016-01-12 19:51:20,768][com.java.TemplateGenerator] [  307] - Start Time:011216_194651
[INFO ][2016-01-12 19:51:20,768][com.java.TemplateGenerator] [  308] -  Creating HTML Report 
[ERROR][2016-01-12 19:51:20,768][com.java.TemplateGenerator] [  409] - Unparseable date: "Tue Jan 12 07:46:51 IST 2016"
[INFO ][2016-01-12 19:51:20,768][com.java.TemplateGenerator] [  654] -  Exporting case :: 1
[INFO ][2016-01-12 19:51:20,768][com.java.TemplateGenerator] [  654] -  Exporting case :: 11
[INFO ][2016-01-12 19:51:20,768][com.java.TemplateGenerator] [  654] -  Exporting case :: 12
[INFO ][2016-01-12 19:51:20,768][com.java.SeleniumDriver] [ 1429] - End Time:011216_195120
[INFO ][2016-01-12 19:51:20,768][com.java.SeleniumDriver] [ 1432] - Data in Test Execution Details:{1=PASS, 11=FAILTest case failed at Step No. :: 31, 12=FAILTest case failed at Step No. :: 39   Error Message ::  For ENTER action type the data field should be TXT}
[INFO ][2016-01-12 19:51:20,768][com.java.SeleniumDriver] [ 1433] - Data in Failed Execution Deatils:{}
[INFO ][2016-01-12 19:51:20,768][com.java.SeleniumDriver] [ 1435] - ReportCounter:Total:3 :: PASS: 1 ::FAIL: 2
[INFO ][2016-01-12 19:51:20,768][com.java.SeleniumDriver] [ 1436] - FailedReportCounter:Total:0 :: PASS: 0 ::FAIL: 0
[INFO ][2016-01-12 19:51:20,769][com.java.EmailTestReport] [   63] - Sending report mail details:
[INFO ][2016-01-12 19:51:20,769][com.java.EmailTestReport] [   80] - Excel Report Path:D:\BankersDashboard/TestReports/Test Results_BankersDashBoard_011216_194651_IE10_Bank of North Carolina.xls
[INFO ][2016-01-12 19:51:20,769][com.java.EmailTestReport] [   81] - HTML Report Path:D:\BankersDashboard//TestReports//Test Results_BankersDashBoard_011216_194651_IE10_Bank of North Carolina.html
[INFO ][2016-01-12 19:51:20,769][com.java.EmailTestReport] [   82] - smtpHostName:mail01.valuelabs.com
[INFO ][2016-01-12 19:51:20,769][com.java.EmailTestReport] [   83] - Recipient:venkateswararao.gubbala@valuelabs.com;
[INFO ][2016-01-12 19:51:20,769][com.java.EmailTestReport] [   84] - From:venkateswararao.gubbala@valuelabs.com;
[INFO ][2016-01-12 19:51:20,769][com.java.EmailTestReport] [   85] - Subject:Deluxe Corp Bankers Dashboard Automation Test Report - Bank of North Carolina - IE10
[INFO ][2016-01-12 19:51:20,799][com.java.EmailTestReport] [  143] -  Added venkateswararao.gubbala@valuelabs.com
[INFO ][2016-01-12 19:51:23,879][com.java.SeleniumDriver] [  722] - quitting the browser 
[INFO ][2016-01-12 19:51:25,571][com.java.SeleniumDriver] [  264] - Execution Completed Stopping the thread
