[INFO ][2015-10-27 21:39:43,954][com.java.SeleniumDriver] [  213] - Execute Failed Casesfalse
[INFO ][2015-10-27 21:39:43,954][com.java.SeleniumDriver] [  214] - Browser: IE11
[INFO ][2015-10-27 21:39:43,954][com.java.SeleniumDriver] [  215] - [3]
[INFO ][2015-10-27 21:39:43,954][com.java.SeleniumDriver] [  216] - Total TestCases:1
[INFO ][2015-10-27 21:39:43,954][com.java.SeleniumDriver] [  217] -  Reading Properties from Property File 
[DEBUG][2015-10-27 21:39:43,954][com.java.SeleniumDriver] [  238] - url : https://clients.xuat.bankersdashboard.com
[INFO ][2015-10-27 21:39:43,955][com.java.ImportnExport.ExportTestResultsExcel] [  116] - Time Stamp Tue Oct 27 09:39:43 IST 2015
[INFO ][2015-10-27 21:39:43,955][com.java.ImportnExport.ExportTestResultsExcel] [  175] - OUT FILE : D:\BankersDashboard/TestReports/Test Results_BankersDashBoard_102715_213943_IE11_Any Bank USA.xls
[INFO ][2015-10-27 21:39:43,984][com.java.ImportnExport.ExportTestResultsExcel] [  180] - Test Result file is created
[DEBUG][2015-10-27 21:39:44,084][com.java.SeleniumDriver] [  425] - Hub ip address is-------172.17.68.34
[INFO ][2015-10-27 21:39:44,086][com.java.SeleniumDriver] [  451] - Grid URL:http://172.17.68.34:4444/wd/hub
[INFO ][2015-10-27 21:39:44,086][com.java.SeleniumDriver] [  452] - Capability:Capabilities [{platform=ANY, ensureCleanSession=true, ignoreProtectedModeSettings=true, acceptSslCerts=true, ignoreZoomSetting=true, browserName=internet explorer, browserstack.ie.noFlash=true, version=Node1}]
[ERROR][2015-10-27 21:39:45,381][com.java.SeleniumDriver] [  496] - Unable invoke browser in grid:Could not start a new session. Possible causes are invalid address of the remote server or browser start-up failure.
Build info: version: '2.48.2', revision: '41bccdd', time: '2015-10-09 19:59:12'
System info: host: 'FVTIII438F1D', ip: '172.17.68.34', os.name: 'Windows 7', os.arch: 'x86', os.version: '6.1', java.version: '1.7.0_55'
Driver info: driver.version: SeleniumDriver
[INFO ][2015-10-27 21:39:45,381][com.java.SeleniumDriver] [  498] - Executing on local machine
[INFO ][2015-10-27 21:39:54,605][com.java.SeleniumDriver] [  248] - IE11is opened
[INFO ][2015-10-27 21:39:55,228][com.java.SeleniumDriver] [  752] - Test cases to be executed are: [3]
[INFO ][2015-10-27 21:39:55,228][com.java.ImportnExport.ImportTestDataDetailsExcel] [   49] - test data details path===== D:\BankersDashboard\TestInputs\TestData.xls
[INFO ][2015-10-27 21:39:56,003][com.java.SeleniumDriver] [  790] - ------------------------------------------
[INFO ][2015-10-27 21:39:56,003][com.java.SeleniumDriver] [  791] - Test case being Executed: 3
[INFO ][2015-10-27 21:39:56,018][com.java.SeleniumDriver] [  802] - Test step:1
[INFO ][2015-10-27 21:39:56,018][com.java.SeleniumDriver] [  814] - Datavalue is----------Logout
[INFO ][2015-10-27 21:39:56,018][com.java.SeleniumDriver] [  838] - DataField : LNK
[INFO ][2015-10-27 21:39:56,018][com.java.SeleniumDriver] [  840] - DataValue : Logout
[INFO ][2015-10-27 21:39:56,018][com.java.SeleniumDriver] [  846] - <In Set values of the page>
[INFO ][2015-10-27 21:39:56,018][com.java.SeleniumDriver] [  849] - {Data Fields & Data Values Exist}
[INFO ][2015-10-27 21:39:56,018][com.java.SeleniumDriver] [  851] - --------------------------setting values-----------------------------
[INFO ][2015-10-27 21:39:56,018][com.java.SeleniumDriver] [  854] - Action Type : Verify
[INFO ][2015-10-27 21:39:56,036][com.java.TestType] [ 3897] - field= LNK value= Logout
[INFO ][2015-10-27 21:39:56,038][com.java.TestType] [ 2981] - value = Logout
[ERROR][2015-10-27 21:40:48,085][com.java.TestType] [ 4270] - Assertion Error: 
[INFO ][2015-10-27 21:40:48,085][com.java.SeleniumDriver] [  863] -  RESULT false
[INFO ][2015-10-27 21:40:48,085][com.java.SeleniumDriver] [  910] - ?   F A I L   ?
[INFO ][2015-10-27 21:40:48,085][com.java.SeleniumDriver] [  913] - Browser Type : IE11
[INFO ][2015-10-27 21:40:48,085][com.java.SeleniumDriver] [  914] - Adding Failed case3
[INFO ][2015-10-27 21:40:48,729][com.java.SeleniumDriver] [  997] - failedCases = 3
[ERROR][2015-10-27 21:40:48,729][com.java.SeleniumDriver] [ 1500] - Platform Errors : Our apologies...::We have encountered an issue with your request.::Our apologies?:We encountered an issue with your request.
[INFO ][2015-10-27 21:40:48,729][com.java.SeleniumDriver] [ 1504] - Length =3
[ERROR][2015-10-27 21:40:48,729][com.java.SeleniumDriver] [ 1507] - Error 0 = Our apologies...
[ERROR][2015-10-27 21:40:48,745][com.java.SeleniumDriver] [ 1507] - Error 1 = We have encountered an issue with your request.
[ERROR][2015-10-27 21:40:48,767][com.java.SeleniumDriver] [ 1507] - Error 2 = Our apologies?:We encountered an issue with your request.
[DEBUG][2015-10-27 21:40:48,790][com.java.SeleniumDriver] [ 1022] -  tdd.getCondition() IF:3:Next
[INFO ][2015-10-27 21:40:48,790][com.java.SeleniumDriver] [ 1026] - Continue next step...
[INFO ][2015-10-27 21:40:48,790][com.java.SeleniumDriver] [  790] - ------------------------------------------
[INFO ][2015-10-27 21:40:48,790][com.java.SeleniumDriver] [  791] - Test case being Executed: 3
[INFO ][2015-10-27 21:40:48,792][com.java.SeleniumDriver] [  802] - Test step:2
[INFO ][2015-10-27 21:40:48,792][com.java.SeleniumDriver] [  814] - Datavalue is----------Concept#1:1-14
[INFO ][2015-10-27 21:40:48,792][com.java.SeleniumDriver] [  838] - DataField : test
[INFO ][2015-10-27 21:40:48,792][com.java.SeleniumDriver] [  840] - DataValue : Concept#1:1-14
[INFO ][2015-10-27 21:40:48,792][com.java.SeleniumDriver] [  846] - <In Set values of the page>
[INFO ][2015-10-27 21:40:48,792][com.java.SeleniumDriver] [  849] - {Data Fields & Data Values Exist}
[INFO ][2015-10-27 21:40:48,792][com.java.SeleniumDriver] [  851] - --------------------------setting values-----------------------------
[INFO ][2015-10-27 21:40:48,792][com.java.SeleniumDriver] [  854] - Action Type : ExecuteTestCase
[INFO ][2015-10-27 21:40:48,792][com.java.TestType] [  353] - The Concept sheet name is ---------- Concept
[INFO ][2015-10-27 21:40:48,792][com.java.TestType] [  355] - The Concept ID  is ---------- 1
[DEBUG][2015-10-27 21:40:48,792][com.java.TestType] [  357] - Steps being executted in the Concept are: 1:14
[INFO ][2015-10-27 21:40:48,792][com.java.TestType] [  361] - Test data details path ---------- D:\BankersDashboard\TestInputs\TestData.xls
[INFO ][2015-10-27 21:40:48,822][com.java.TestType] [  385] -  str(1) = 1
[INFO ][2015-10-27 21:40:48,822][com.java.TestType] [  388] - Test case Id is---1
[INFO ][2015-10-27 21:40:48,822][com.java.TestType] [  390] - 1
[INFO ][2015-10-27 21:40:48,822][com.java.TestType] [  385] -  str(2) = 1
[INFO ][2015-10-27 21:40:48,827][com.java.TestType] [  435] - row values are--------{1=com.java.Objects.TestDataDetails@1b64769}
[INFO ][2015-10-27 21:40:48,827][com.java.TestType] [  385] -  str(1) = 1
[INFO ][2015-10-27 21:40:48,827][com.java.TestType] [  388] - Test case Id is---1
[INFO ][2015-10-27 21:40:48,827][com.java.TestType] [  390] - 1
[INFO ][2015-10-27 21:40:48,827][com.java.TestType] [  385] -  str(2) = 2
[INFO ][2015-10-27 21:40:48,827][com.java.TestType] [  435] - row values are--------{1=com.java.Objects.TestDataDetails@1b64769, 2=com.java.Objects.TestDataDetails@15d7d60}
[INFO ][2015-10-27 21:40:48,827][com.java.TestType] [  385] -  str(1) = 1
[INFO ][2015-10-27 21:40:48,827][com.java.TestType] [  388] - Test case Id is---1
[INFO ][2015-10-27 21:40:48,827][com.java.TestType] [  390] - 1
[INFO ][2015-10-27 21:40:48,827][com.java.TestType] [  385] -  str(2) = 3
[INFO ][2015-10-27 21:40:48,827][com.java.TestType] [  435] - row values are--------{1=com.java.Objects.TestDataDetails@1b64769, 2=com.java.Objects.TestDataDetails@15d7d60, 3=com.java.Objects.TestDataDetails@11fcae6}
[INFO ][2015-10-27 21:40:48,830][com.java.TestType] [  385] -  str(1) = 1
[INFO ][2015-10-27 21:40:48,830][com.java.TestType] [  388] - Test case Id is---1
[INFO ][2015-10-27 21:40:48,830][com.java.TestType] [  390] - 1
[INFO ][2015-10-27 21:40:48,830][com.java.TestType] [  385] -  str(2) = 4
[INFO ][2015-10-27 21:40:48,830][com.java.TestType] [  435] - row values are--------{1=com.java.Objects.TestDataDetails@1b64769, 2=com.java.Objects.TestDataDetails@15d7d60, 3=com.java.Objects.TestDataDetails@11fcae6, 4=com.java.Objects.TestDataDetails@a799c1}
[INFO ][2015-10-27 21:40:48,830][com.java.TestType] [  385] -  str(1) = 1
[INFO ][2015-10-27 21:40:48,830][com.java.TestType] [  388] - Test case Id is---1
[INFO ][2015-10-27 21:40:48,830][com.java.TestType] [  390] - 1
[INFO ][2015-10-27 21:40:48,830][com.java.TestType] [  385] -  str(2) = 5
[INFO ][2015-10-27 21:40:48,830][com.java.TestType] [  435] - row values are--------{1=com.java.Objects.TestDataDetails@1b64769, 2=com.java.Objects.TestDataDetails@15d7d60, 3=com.java.Objects.TestDataDetails@11fcae6, 4=com.java.Objects.TestDataDetails@a799c1, 5=com.java.Objects.TestDataDetails@15a58fe}
[INFO ][2015-10-27 21:40:48,830][com.java.TestType] [  385] -  str(1) = 1
[INFO ][2015-10-27 21:40:48,830][com.java.TestType] [  388] - Test case Id is---1
[INFO ][2015-10-27 21:40:48,830][com.java.TestType] [  390] - 1
[INFO ][2015-10-27 21:40:48,832][com.java.TestType] [  385] -  str(2) = 6
[INFO ][2015-10-27 21:40:48,832][com.java.TestType] [  435] - row values are--------{1=com.java.Objects.TestDataDetails@1b64769, 2=com.java.Objects.TestDataDetails@15d7d60, 3=com.java.Objects.TestDataDetails@11fcae6, 4=com.java.Objects.TestDataDetails@a799c1, 5=com.java.Objects.TestDataDetails@15a58fe, 6=com.java.Objects.TestDataDetails@efb167}
[INFO ][2015-10-27 21:40:48,832][com.java.TestType] [  385] -  str(1) = 1
[INFO ][2015-10-27 21:40:48,832][com.java.TestType] [  388] - Test case Id is---1
[INFO ][2015-10-27 21:40:48,832][com.java.TestType] [  390] - 1
[INFO ][2015-10-27 21:40:48,832][com.java.TestType] [  385] -  str(2) = 7
[INFO ][2015-10-27 21:40:48,832][com.java.TestType] [  435] - row values are--------{1=com.java.Objects.TestDataDetails@1b64769, 2=com.java.Objects.TestDataDetails@15d7d60, 3=com.java.Objects.TestDataDetails@11fcae6, 4=com.java.Objects.TestDataDetails@a799c1, 5=com.java.Objects.TestDataDetails@15a58fe, 6=com.java.Objects.TestDataDetails@efb167, 7=com.java.Objects.TestDataDetails@153dc4b}
[INFO ][2015-10-27 21:40:48,832][com.java.TestType] [  385] -  str(1) = 1
[INFO ][2015-10-27 21:40:48,832][com.java.TestType] [  388] - Test case Id is---1
[INFO ][2015-10-27 21:40:48,832][com.java.TestType] [  390] - 1
[INFO ][2015-10-27 21:40:48,832][com.java.TestType] [  385] -  str(2) = 8
[INFO ][2015-10-27 21:40:48,835][com.java.TestType] [  435] - row values are--------{1=com.java.Objects.TestDataDetails@1b64769, 2=com.java.Objects.TestDataDetails@15d7d60, 3=com.java.Objects.TestDataDetails@11fcae6, 4=com.java.Objects.TestDataDetails@a799c1, 5=com.java.Objects.TestDataDetails@15a58fe, 6=com.java.Objects.TestDataDetails@efb167, 7=com.java.Objects.TestDataDetails@153dc4b, 8=com.java.Objects.TestDataDetails@15efa6c}
[INFO ][2015-10-27 21:40:48,835][com.java.TestType] [  385] -  str(1) = 1
[INFO ][2015-10-27 21:40:48,835][com.java.TestType] [  388] - Test case Id is---1
[INFO ][2015-10-27 21:40:48,835][com.java.TestType] [  390] - 1
[INFO ][2015-10-27 21:40:48,835][com.java.TestType] [  385] -  str(2) = 9
[INFO ][2015-10-27 21:40:48,835][com.java.TestType] [  435] - row values are--------{1=com.java.Objects.TestDataDetails@1b64769, 2=com.java.Objects.TestDataDetails@15d7d60, 3=com.java.Objects.TestDataDetails@11fcae6, 4=com.java.Objects.TestDataDetails@a799c1, 5=com.java.Objects.TestDataDetails@15a58fe, 6=com.java.Objects.TestDataDetails@efb167, 7=com.java.Objects.TestDataDetails@153dc4b, 8=com.java.Objects.TestDataDetails@15efa6c, 9=com.java.Objects.TestDataDetails@1ec7a3}
[INFO ][2015-10-27 21:40:48,837][com.java.TestType] [  385] -  str(1) = 1
[INFO ][2015-10-27 21:40:48,837][com.java.TestType] [  388] - Test case Id is---1
[INFO ][2015-10-27 21:40:48,837][com.java.TestType] [  390] - 1
[INFO ][2015-10-27 21:40:48,837][com.java.TestType] [  385] -  str(2) = 10
[INFO ][2015-10-27 21:40:48,837][com.java.TestType] [  435] - row values are--------{1=com.java.Objects.TestDataDetails@1b64769, 2=com.java.Objects.TestDataDetails@15d7d60, 3=com.java.Objects.TestDataDetails@11fcae6, 4=com.java.Objects.TestDataDetails@a799c1, 5=com.java.Objects.TestDataDetails@15a58fe, 6=com.java.Objects.TestDataDetails@efb167, 7=com.java.Objects.TestDataDetails@153dc4b, 8=com.java.Objects.TestDataDetails@15efa6c, 9=com.java.Objects.TestDataDetails@1ec7a3, 10=com.java.Objects.TestDataDetails@18b4b42}
[INFO ][2015-10-27 21:40:48,837][com.java.TestType] [  385] -  str(1) = 1
[INFO ][2015-10-27 21:40:48,837][com.java.TestType] [  388] - Test case Id is---1
[INFO ][2015-10-27 21:40:48,837][com.java.TestType] [  390] - 1
[INFO ][2015-10-27 21:40:48,837][com.java.TestType] [  385] -  str(2) = 11
[INFO ][2015-10-27 21:40:48,837][com.java.TestType] [  435] - row values are--------{1=com.java.Objects.TestDataDetails@1b64769, 2=com.java.Objects.TestDataDetails@15d7d60, 3=com.java.Objects.TestDataDetails@11fcae6, 4=com.java.Objects.TestDataDetails@a799c1, 5=com.java.Objects.TestDataDetails@15a58fe, 6=com.java.Objects.TestDataDetails@efb167, 7=com.java.Objects.TestDataDetails@153dc4b, 8=com.java.Objects.TestDataDetails@15efa6c, 9=com.java.Objects.TestDataDetails@1ec7a3, 10=com.java.Objects.TestDataDetails@18b4b42, 11=com.java.Objects.TestDataDetails@1f4cd7}
[INFO ][2015-10-27 21:40:48,837][com.java.TestType] [  385] -  str(1) = 1
[INFO ][2015-10-27 21:40:48,837][com.java.TestType] [  388] - Test case Id is---1
[INFO ][2015-10-27 21:40:48,837][com.java.TestType] [  390] - 1
[INFO ][2015-10-27 21:40:48,837][com.java.TestType] [  385] -  str(2) = 12
[INFO ][2015-10-27 21:40:48,840][com.java.TestType] [  435] - row values are--------{1=com.java.Objects.TestDataDetails@1b64769, 2=com.java.Objects.TestDataDetails@15d7d60, 3=com.java.Objects.TestDataDetails@11fcae6, 4=com.java.Objects.TestDataDetails@a799c1, 5=com.java.Objects.TestDataDetails@15a58fe, 6=com.java.Objects.TestDataDetails@efb167, 7=com.java.Objects.TestDataDetails@153dc4b, 8=com.java.Objects.TestDataDetails@15efa6c, 9=com.java.Objects.TestDataDetails@1ec7a3, 10=com.java.Objects.TestDataDetails@18b4b42, 11=com.java.Objects.TestDataDetails@1f4cd7, 12=com.java.Objects.TestDataDetails@4b862}
[INFO ][2015-10-27 21:40:48,840][com.java.TestType] [  385] -  str(1) = 1
[INFO ][2015-10-27 21:40:48,840][com.java.TestType] [  388] - Test case Id is---1
[INFO ][2015-10-27 21:40:48,840][com.java.TestType] [  390] - 1
[INFO ][2015-10-27 21:40:48,840][com.java.TestType] [  385] -  str(2) = 13
[INFO ][2015-10-27 21:40:48,840][com.java.TestType] [  435] - row values are--------{1=com.java.Objects.TestDataDetails@1b64769, 2=com.java.Objects.TestDataDetails@15d7d60, 3=com.java.Objects.TestDataDetails@11fcae6, 4=com.java.Objects.TestDataDetails@a799c1, 5=com.java.Objects.TestDataDetails@15a58fe, 6=com.java.Objects.TestDataDetails@efb167, 7=com.java.Objects.TestDataDetails@153dc4b, 8=com.java.Objects.TestDataDetails@15efa6c, 9=com.java.Objects.TestDataDetails@1ec7a3, 10=com.java.Objects.TestDataDetails@18b4b42, 11=com.java.Objects.TestDataDetails@1f4cd7, 12=com.java.Objects.TestDataDetails@4b862, 13=com.java.Objects.TestDataDetails@1e0bffc}
[INFO ][2015-10-27 21:40:48,840][com.java.TestType] [  385] -  str(1) = 1
[INFO ][2015-10-27 21:40:48,840][com.java.TestType] [  388] - Test case Id is---1
[INFO ][2015-10-27 21:40:48,840][com.java.TestType] [  390] - 1
[INFO ][2015-10-27 21:40:48,840][com.java.TestType] [  385] -  str(2) = 14
[INFO ][2015-10-27 21:40:48,840][com.java.TestType] [  435] - row values are--------{1=com.java.Objects.TestDataDetails@1b64769, 2=com.java.Objects.TestDataDetails@15d7d60, 3=com.java.Objects.TestDataDetails@11fcae6, 4=com.java.Objects.TestDataDetails@a799c1, 5=com.java.Objects.TestDataDetails@15a58fe, 6=com.java.Objects.TestDataDetails@efb167, 7=com.java.Objects.TestDataDetails@153dc4b, 8=com.java.Objects.TestDataDetails@15efa6c, 9=com.java.Objects.TestDataDetails@1ec7a3, 10=com.java.Objects.TestDataDetails@18b4b42, 11=com.java.Objects.TestDataDetails@1f4cd7, 12=com.java.Objects.TestDataDetails@4b862, 13=com.java.Objects.TestDataDetails@1e0bffc, 14=com.java.Objects.TestDataDetails@568614}
[INFO ][2015-10-27 21:40:48,842][com.java.TestType] [ 6336] - Looping 1TCID = 1
[DEBUG][2015-10-27 21:40:48,842][com.java.TestType] [ 6347] - Concept ID:1 :: Step being Executed: 1::1
[INFO ][2015-10-27 21:40:48,842][com.java.TestType] [ 6380] - dataFields : TXTusername
[DEBUG][2015-10-27 21:40:48,842][com.java.TestType] [ 6385] - <In Set values of the page>
[DEBUG][2015-10-27 21:40:48,842][com.java.TestType] [ 6389] - {Data Fields & Data Values Exist}
[INFO ][2015-10-27 21:40:48,842][com.java.TestType] [ 6393] - --------------------------setting values-----------------------------
[INFO ][2015-10-27 21:40:48,845][com.java.TestType] [ 6396] - Action Type : CLEARANDENTER
[INFO ][2015-10-27 21:40:48,845][com.java.TestType] [ 2981] - value = naresh.nayini.00000
[INFO ][2015-10-27 21:40:53,695][com.java.TestType] [ 6407] -  RESULT true
[INFO ][2015-10-27 21:40:53,695][com.java.TestType] [ 6511] - ?   P A S S   ?
[DEBUG][2015-10-27 21:40:53,695][com.java.TestType] [ 6347] - Concept ID:1 :: Step being Executed: 1::2
[INFO ][2015-10-27 21:40:53,695][com.java.TestType] [ 6380] - dataFields : TXTpassword
[DEBUG][2015-10-27 21:40:53,695][com.java.TestType] [ 6385] - <In Set values of the page>
[DEBUG][2015-10-27 21:40:53,695][com.java.TestType] [ 6389] - {Data Fields & Data Values Exist}
[INFO ][2015-10-27 21:40:53,695][com.java.TestType] [ 6393] - --------------------------setting values-----------------------------
[INFO ][2015-10-27 21:40:53,695][com.java.TestType] [ 6396] - Action Type : CLEARANDENTER
[INFO ][2015-10-27 21:40:53,695][com.java.TestType] [ 2981] - value = Password1*
[INFO ][2015-10-27 21:40:58,653][com.java.TestType] [ 6407] -  RESULT true
[INFO ][2015-10-27 21:40:58,653][com.java.TestType] [ 6511] - ?   P A S S   ?
[DEBUG][2015-10-27 21:40:58,653][com.java.TestType] [ 6347] - Concept ID:1 :: Step being Executed: 1::3
[ERROR][2015-10-27 21:40:58,653][com.java.TestType] [ 6375] - Exception: null
[INFO ][2015-10-27 21:40:58,653][com.java.TestType] [ 6380] - dataFields : XPH//button[@type='submit']
[DEBUG][2015-10-27 21:40:58,653][com.java.TestType] [ 6385] - <In Set values of the page>
[DEBUG][2015-10-27 21:40:58,653][com.java.TestType] [ 6389] - {Data Fields & Data Values Exist}
[INFO ][2015-10-27 21:40:58,653][com.java.TestType] [ 6393] - --------------------------setting values-----------------------------
[INFO ][2015-10-27 21:40:58,653][com.java.TestType] [ 6396] - Action Type : Click
[INFO ][2015-10-27 21:40:58,653][com.java.TestType] [ 3258] - Field ::XPH//button[@type='submit']
[INFO ][2015-10-27 21:40:59,654][com.java.TestType] [ 3309] - BEFORE CLICK
[INFO ][2015-10-27 21:41:00,530][com.java.TestType] [ 3315] - Unable to click the object Login
[INFO ][2015-10-27 21:41:00,530][com.java.TestType] [ 6407] -  RESULT true
[INFO ][2015-10-27 21:41:00,530][com.java.TestType] [ 6511] - ?   P A S S   ?
[DEBUG][2015-10-27 21:41:00,530][com.java.TestType] [ 6347] - Concept ID:1 :: Step being Executed: 1::4
[INFO ][2015-10-27 21:41:00,530][com.java.TestType] [ 6380] - dataFields : LNKLogout
[DEBUG][2015-10-27 21:41:00,530][com.java.TestType] [ 6385] - <In Set values of the page>
[DEBUG][2015-10-27 21:41:00,530][com.java.TestType] [ 6389] - {Data Fields & Data Values Exist}
[INFO ][2015-10-27 21:41:00,530][com.java.TestType] [ 6393] - --------------------------setting values-----------------------------
[INFO ][2015-10-27 21:41:00,530][com.java.TestType] [ 6396] - Action Type : WaitForElement
[DEBUG][2015-10-27 21:41:22,007][com.java.TestType] [ 3707] - link=Logout   :: Link not Found
[INFO ][2015-10-27 21:41:22,007][com.java.TestType] [ 6407] -  RESULT false
[INFO ][2015-10-27 21:41:22,007][com.java.TestType] [ 6452] - ?   F A I L   ?
[DEBUG][2015-10-27 21:41:22,007][com.java.TestType] [ 6455] - Browser Type : IE11
[INFO ][2015-10-27 21:41:22,007][com.java.TestType] [ 6468] - ProjPath:D:\BankersDashboard
[DEBUG][2015-10-27 21:41:22,007][com.java.TestType] [ 6347] - Concept ID:1 :: Step being Executed: 1::5
[INFO ][2015-10-27 21:41:22,007][com.java.TestType] [ 6380] - dataFields : TTL
[DEBUG][2015-10-27 21:41:22,007][com.java.TestType] [ 6385] - <In Set values of the page>
[DEBUG][2015-10-27 21:41:22,007][com.java.TestType] [ 6389] - {Data Fields & Data Values Exist}
[INFO ][2015-10-27 21:41:22,007][com.java.TestType] [ 6393] - --------------------------setting values-----------------------------
[INFO ][2015-10-27 21:41:22,007][com.java.TestType] [ 6396] - Action Type : SelectWindow
[ERROR][2015-10-27 21:41:34,048][com.java.TestType] [ 3793] - Exception: Error retrieving window with handle current (WARNING: The server did not provide any stacktrace information)
Command duration or timeout: 12 milliseconds
Build info: version: '2.48.2', revision: '41bccdd', time: '2015-10-09 19:59:12'
System info: host: 'FVTIII438F1D', ip: '172.17.68.34', os.name: 'Windows 7', os.arch: 'x86', os.version: '6.1', java.version: '1.7.0_55'
Session ID: cfb1b368-04b1-4b97-94d8-912edc9a52d2
Driver info: org.openqa.selenium.ie.InternetExplorerDriver
Capabilities [{platform=WINDOWS, javascriptEnabled=true, elementScrollBehavior=0, ignoreZoomSetting=false, enablePersistentHover=true, ie.ensureCleanSession=false, browserName=internet explorer, enableElementCacheCleanup=true, unexpectedAlertBehaviour=dismiss, version=11, ie.usePerProcessProxy=false, ignoreProtectedModeSettings=true, cssSelectorsEnabled=true, requireWindowFocus=false, initialBrowserUrl=http://localhost:26549/, handlesAlerts=true, ie.forceCreateProcessApi=false, nativeEvents=true, browserAttachTimeout=0, ie.browserCommandLineSwitches=, takesScreenshot=true}]
[DEBUG][2015-10-27 21:41:34,048][com.java.TestType] [ 3794] - Banker's Dashboard   ::Title not found
[DEBUG][2015-10-27 21:41:34,048][com.java.TestType] [ 3797] - Window with title   ::+Banker's Dashboard::not Found
[INFO ][2015-10-27 21:41:34,048][com.java.TestType] [ 6407] -  RESULT false
[INFO ][2015-10-27 21:41:34,048][com.java.TestType] [ 6452] - ?   F A I L   ?
[DEBUG][2015-10-27 21:41:34,048][com.java.TestType] [ 6455] - Browser Type : IE11
[INFO ][2015-10-27 21:41:34,048][com.java.TestType] [ 6468] - ProjPath:D:\BankersDashboard
[INFO ][2015-10-27 21:41:34,049][com.java.SeleniumDriver] [  863] -  RESULT false
[INFO ][2015-10-27 21:41:34,054][com.java.SeleniumDriver] [  910] - ?   F A I L   ?
[INFO ][2015-10-27 21:41:34,054][com.java.SeleniumDriver] [  913] - Browser Type : IE11
[INFO ][2015-10-27 21:41:34,054][com.java.SeleniumDriver] [  914] - Adding Failed case3
[ERROR][2015-10-27 21:41:34,090][com.java.SeleniumDriver] [  964] - Unable to capture the screenshot
[ERROR][2015-10-27 21:41:34,090][com.java.SeleniumDriver] [  965] - Error:Unable to get browser (WARNING: The server did not provide any stacktrace information)
Command duration or timeout: 10 milliseconds
Build info: version: '2.48.2', revision: '41bccdd', time: '2015-10-09 19:59:12'
System info: host: 'FVTIII438F1D', ip: '172.17.68.34', os.name: 'Windows 7', os.arch: 'x86', os.version: '6.1', java.version: '1.7.0_55'
Session ID: cfb1b368-04b1-4b97-94d8-912edc9a52d2
Driver info: org.openqa.selenium.ie.InternetExplorerDriver
Capabilities [{platform=WINDOWS, javascriptEnabled=true, elementScrollBehavior=0, ignoreZoomSetting=false, enablePersistentHover=true, ie.ensureCleanSession=false, browserName=internet explorer, enableElementCacheCleanup=true, unexpectedAlertBehaviour=dismiss, version=11, ie.usePerProcessProxy=false, ignoreProtectedModeSettings=true, cssSelectorsEnabled=true, requireWindowFocus=false, initialBrowserUrl=http://localhost:26549/, handlesAlerts=true, ie.forceCreateProcessApi=false, nativeEvents=true, browserAttachTimeout=0, ie.browserCommandLineSwitches=, takesScreenshot=true}]
[WARN ][2015-10-27 21:41:34,092][com.java.SeleniumDriver] [  973] - Source 'D:\BankersDashboard\TestReports\102715' exists but is a directory
[INFO ][2015-10-27 21:41:34,092][com.java.SeleniumDriver] [  997] - failedCases = 3,3
[ERROR][2015-10-27 21:41:34,092][com.java.SeleniumDriver] [ 1500] - Platform Errors : Our apologies...::We have encountered an issue with your request.::Our apologies?:We encountered an issue with your request.
[INFO ][2015-10-27 21:41:34,092][com.java.SeleniumDriver] [ 1504] - Length =3
[ERROR][2015-10-27 21:41:34,092][com.java.SeleniumDriver] [ 1507] - Error 0 = Our apologies...
[DEBUG][2015-10-27 21:41:34,102][com.java.SeleniumDriver] [ 1520] - Unable to get the Platform Error list from Hash Map.
[DEBUG][2015-10-27 21:41:34,102][com.java.SeleniumDriver] [ 1154] - Case found
[DEBUG][2015-10-27 21:41:34,102][com.java.SeleniumDriver] [ 1159] - Incrementing ReportCounters[0]:1
[INFO ][2015-10-27 21:41:34,102][com.java.SeleniumDriver] [ 1178] - The results are-------------------[3, 1, DashBoard : My DashBoard, Fail, 
Test case failed at Step No. :: 1   Error Message ::  . Screen Shot : D:\BankersDashboard\TestReports\102715\3_102715_214048_IE11.png, Tue Oct 27 21:40:48 IST 2015]
[INFO ][2015-10-27 21:41:34,102][com.java.SeleniumDriver] [ 1182] - End time is-------1 min 52 sec
[INFO ][2015-10-27 21:41:34,102][com.java.SeleniumDriver] [ 1183] - The results are-------------------[3, 1, DashBoard : My DashBoard, Fail, 
Test case failed at Step No. :: 1   Error Message ::  . Screen Shot : D:\BankersDashboard\TestReports\102715\3_102715_214048_IE11.png, Tue Oct 27 21:40:48 IST 2015]
[DEBUG][2015-10-27 21:41:34,102][com.java.ImportnExport.ExportTestResultsExcel] [  222] - testResultPath = D:\BankersDashboard/TestReports/Test Results_BankersDashBoard_102715_213943_IE11_Any Bank USA.xls
[DEBUG][2015-10-27 21:41:34,102][com.java.ImportnExport.ExportTestResultsExcel] [  223] - browser is------------IE11
[DEBUG][2015-10-27 21:41:34,145][com.java.ImportnExport.ExportTestResultsExcel] [  270] - result.size() = 6
[DEBUG][2015-10-27 21:41:34,145][com.java.ImportnExport.ExportTestResultsExcel] [  274] - No of rows in sheet=1
[DEBUG][2015-10-27 21:41:34,145][com.java.ImportnExport.ExportTestResultsExcel] [  301] - ..in export..3
[DEBUG][2015-10-27 21:41:34,145][com.java.ImportnExport.ExportTestResultsExcel] [  301] - ..in export..DashBoard : My DashBoard
[DEBUG][2015-10-27 21:41:34,145][com.java.ImportnExport.ExportTestResultsExcel] [  301] - ..in export..Fail
[DEBUG][2015-10-27 21:41:34,145][com.java.ImportnExport.ExportTestResultsExcel] [  301] - ..in export..
Test case failed at Step No. :: 1   Error Message ::  . Screen Shot : D:\BankersDashboard\TestReports\102715\3_102715_214048_IE11.png
[DEBUG][2015-10-27 21:41:34,145][com.java.ImportnExport.ExportTestResultsExcel] [  301] - ..in export..Tue Oct 27 21:40:48 IST 2015
[INFO ][2015-10-27 21:41:34,147][com.java.SeleniumDriver] [ 1241] - out loop:0 size:1 TestCases:[3] testcases:[3]
[INFO ][2015-10-27 21:41:36,149][com.java.SeleniumDriver] [ 1281] - Total Number of Cases:1
[INFO ][2015-10-27 21:41:36,149][com.java.TemplateGenerator] [  302] - Executed:1
[INFO ][2015-10-27 21:41:36,149][com.java.TemplateGenerator] [  303] - Passed:0
[INFO ][2015-10-27 21:41:36,149][com.java.TemplateGenerator] [  304] - Failed:1
[INFO ][2015-10-27 21:41:36,149][com.java.TemplateGenerator] [  305] - Skipeed:0
[INFO ][2015-10-27 21:41:36,149][com.java.TemplateGenerator] [  306] - Application URL:https://clients.xuat.bankersdashboard.com
[INFO ][2015-10-27 21:41:36,149][com.java.TemplateGenerator] [  307] - Start Time:102715_213943
[INFO ][2015-10-27 21:41:36,149][com.java.TemplateGenerator] [  308] -  Creating HTML Report 
[ERROR][2015-10-27 21:41:36,149][com.java.TemplateGenerator] [  409] - Unparseable date: "Tue Oct 27 09:39:43 IST 2015"
[INFO ][2015-10-27 21:41:36,149][com.java.TemplateGenerator] [  654] -  Exporting case :: 3
[INFO ][2015-10-27 21:41:36,152][com.java.SeleniumDriver] [ 1330] - End Time:102715_214136
[INFO ][2015-10-27 21:41:36,152][com.java.SeleniumDriver] [ 1333] - Data in Test Execution Details:{3=FAILTest case failed at Step No. :: 2   Error Message ::  In CONCEPT: Test case failed at Step No. :: 5   Error Message ::  Window with title   ::+Banker's Dashboard::not Found}
[INFO ][2015-10-27 21:41:36,152][com.java.SeleniumDriver] [ 1334] - Data in Failed Execution Deatils:{}
[INFO ][2015-10-27 21:41:36,152][com.java.SeleniumDriver] [ 1336] - ReportCounter:Total:1 :: PASS: 0 ::FAIL: 1
[INFO ][2015-10-27 21:41:36,152][com.java.SeleniumDriver] [ 1337] - FailedReportCounter:Total:0 :: PASS: 0 ::FAIL: 0
[INFO ][2015-10-27 21:41:36,161][com.java.EmailTestReport] [   63] - Sending report mail details:
[INFO ][2015-10-27 21:41:36,161][com.java.EmailTestReport] [   80] - Excel Report Path:D:\BankersDashboard/TestReports/Test Results_BankersDashBoard_102715_213943_IE11_Any Bank USA.xls
[INFO ][2015-10-27 21:41:36,161][com.java.EmailTestReport] [   81] - HTML Report Path:D:\BankersDashboard//TestReports//Test Results_BankersDashBoard_102715_213943_IE11_Any Bank USA.html
[INFO ][2015-10-27 21:41:36,161][com.java.EmailTestReport] [   82] - smtpHostName:mail01.valuelabs.com
[INFO ][2015-10-27 21:41:36,161][com.java.EmailTestReport] [   83] - Recipient:venkateswararao.gubbala@valuelabs.com
[INFO ][2015-10-27 21:41:36,161][com.java.EmailTestReport] [   84] - From:venkateswararao.gubbala@valuelabs.com
[INFO ][2015-10-27 21:41:36,161][com.java.EmailTestReport] [   85] - Subject:DestinationRewards Automation Test Report - Any Bank USA - IE11
[INFO ][2015-10-27 21:41:36,176][com.java.EmailTestReport] [  143] -  Added venkateswararao.gubbala@valuelabs.com
[INFO ][2015-10-27 21:41:44,046][com.java.SeleniumDriver] [  719] - quitting the browser 
[INFO ][2015-10-27 21:41:45,246][com.java.SeleniumDriver] [  263] - Execution Completed Stopping the thread
