[INFO ][2016-02-09 22:41:37,774][com.java.SeleniumDriver] [  213] - Execute Failed Casesfalse
[INFO ][2016-02-09 22:41:37,774][com.java.SeleniumDriver] [  214] - Browser: IE10
[INFO ][2016-02-09 22:41:37,775][com.java.SeleniumDriver] [  215] - [1, 8, 9]
[INFO ][2016-02-09 22:41:37,775][com.java.SeleniumDriver] [  216] - Total TestCases:3
[INFO ][2016-02-09 22:41:37,775][com.java.SeleniumDriver] [  217] -  Reading Properties from Property File 
[DEBUG][2016-02-09 22:41:37,775][com.java.SeleniumDriver] [  238] - url : https://clients-xuat.bankersdashboard.com
[INFO ][2016-02-09 22:41:37,776][com.java.ImportnExport.ExportTestResultsExcel] [  116] - Time Stamp Tue Feb 09 10:41:37 IST 2016
[INFO ][2016-02-09 22:41:37,776][com.java.ImportnExport.ExportTestResultsExcel] [  175] - OUT FILE : D:\BankersDashboard/TestReports/Test Results_BankersDashBoard_020916_224137_IE10_Any Bank USA.xls
[INFO ][2016-02-09 22:41:37,807][com.java.ImportnExport.ExportTestResultsExcel] [  180] - Test Result file is created
[DEBUG][2016-02-09 22:41:37,902][com.java.SeleniumDriver] [  426] - Hub ip address is-------172.17.68.34
[INFO ][2016-02-09 22:41:37,902][com.java.SeleniumDriver] [  452] - Grid URL:http://172.17.68.34:4444/wd/hub
[INFO ][2016-02-09 22:41:37,903][com.java.SeleniumDriver] [  453] - Capability:Capabilities [{platform=ANY, ensureCleanSession=true, ignoreProtectedModeSettings=true, acceptSslCerts=true, ignoreZoomSetting=true, browserName=internet explorer, browserstack.ie.noFlash=true, version=null}]
[ERROR][2016-02-09 22:41:39,253][com.java.SeleniumDriver] [  498] - Unable invoke browser in grid:Could not start a new session. Possible causes are invalid address of the remote server or browser start-up failure.
Build info: version: '2.48.2', revision: '41bccdd', time: '2015-10-09 19:59:12'
System info: host: 'FVTIII438F1D', ip: '172.17.68.34', os.name: 'Windows 7', os.arch: 'x86', os.version: '6.1', java.version: '1.7.0_55'
Driver info: driver.version: SeleniumDriver
[INFO ][2016-02-09 22:41:39,254][com.java.SeleniumDriver] [  500] - Executing on local machine
[INFO ][2016-02-09 22:41:50,032][com.java.SeleniumDriver] [  248] - IE10is opened
[INFO ][2016-02-09 22:41:50,879][com.java.SeleniumDriver] [  756] - Test cases to be executed are: [1, 8, 9]
[INFO ][2016-02-09 22:41:50,904][com.java.ImportnExport.ImportTestDataDetailsExcel] [   49] - test data details path===== D:\BankersDashboard\TestInputs\TestData.xls
[INFO ][2016-02-09 22:41:50,971][com.java.SeleniumDriver] [  856] - ------------------------------------------
[INFO ][2016-02-09 22:41:50,971][com.java.SeleniumDriver] [  857] - Test case being Executed: 1
[INFO ][2016-02-09 22:41:50,971][com.java.SeleniumDriver] [  869] - Test step:1
[INFO ][2016-02-09 22:41:50,971][com.java.SeleniumDriver] [  881] - Datavalue is----------Concept#1:1-16
[INFO ][2016-02-09 22:41:50,971][com.java.SeleniumDriver] [  905] - DataField : test
[INFO ][2016-02-09 22:41:50,972][com.java.SeleniumDriver] [  907] - DataValue : Concept#1:1-16
[INFO ][2016-02-09 22:41:50,972][com.java.SeleniumDriver] [  913] - <In Set values of the page>
[INFO ][2016-02-09 22:41:50,972][com.java.SeleniumDriver] [  916] - {Data Fields & Data Values Exist}
[INFO ][2016-02-09 22:41:50,972][com.java.SeleniumDriver] [  918] - --------------------------setting values-----------------------------
[INFO ][2016-02-09 22:41:50,972][com.java.SeleniumDriver] [  921] - Action Type : ExecuteTestCase
[INFO ][2016-02-09 22:41:50,990][com.java.TestType] [  448] - The Concept sheet name is ---------- Concept
[INFO ][2016-02-09 22:41:50,990][com.java.TestType] [  451] - The Concept ID  is ---------- 1
[DEBUG][2016-02-09 22:41:50,990][com.java.TestType] [  455] - Steps being executted in the Concept are: 1:16
[INFO ][2016-02-09 22:41:50,991][com.java.TestType] [  462] - Test data details path ---------- D:\BankersDashboard\TestInputs\TestData.xls
[INFO ][2016-02-09 22:41:51,011][com.java.TestType] [  493] -  str(1) = 1
[INFO ][2016-02-09 22:41:51,012][com.java.TestType] [  496] - Test case Id is---1
[INFO ][2016-02-09 22:41:51,012][com.java.TestType] [  498] - 1
[INFO ][2016-02-09 22:41:51,012][com.java.TestType] [  493] -  str(2) = 1
[INFO ][2016-02-09 22:41:51,014][com.java.TestType] [  493] -  str(1) = 1
[INFO ][2016-02-09 22:41:51,014][com.java.TestType] [  496] - Test case Id is---1
[INFO ][2016-02-09 22:41:51,014][com.java.TestType] [  498] - 1
[INFO ][2016-02-09 22:41:51,015][com.java.TestType] [  493] -  str(2) = 2
[INFO ][2016-02-09 22:41:51,016][com.java.TestType] [  493] -  str(1) = 1
[INFO ][2016-02-09 22:41:51,016][com.java.TestType] [  496] - Test case Id is---1
[INFO ][2016-02-09 22:41:51,016][com.java.TestType] [  498] - 1
[INFO ][2016-02-09 22:41:51,016][com.java.TestType] [  493] -  str(2) = 3
[INFO ][2016-02-09 22:41:51,017][com.java.TestType] [  493] -  str(1) = 1
[INFO ][2016-02-09 22:41:51,018][com.java.TestType] [  496] - Test case Id is---1
[INFO ][2016-02-09 22:41:51,018][com.java.TestType] [  498] - 1
[INFO ][2016-02-09 22:41:51,018][com.java.TestType] [  493] -  str(2) = 4
[INFO ][2016-02-09 22:41:51,020][com.java.TestType] [  493] -  str(1) = 1
[INFO ][2016-02-09 22:41:51,020][com.java.TestType] [  496] - Test case Id is---1
[INFO ][2016-02-09 22:41:51,020][com.java.TestType] [  498] - 1
[INFO ][2016-02-09 22:41:51,020][com.java.TestType] [  493] -  str(2) = 5
[INFO ][2016-02-09 22:41:51,023][com.java.TestType] [  493] -  str(1) = 1
[INFO ][2016-02-09 22:41:51,023][com.java.TestType] [  496] - Test case Id is---1
[INFO ][2016-02-09 22:41:51,023][com.java.TestType] [  498] - 1
[INFO ][2016-02-09 22:41:51,023][com.java.TestType] [  493] -  str(2) = 6
[INFO ][2016-02-09 22:41:51,025][com.java.TestType] [  493] -  str(1) = 1
[INFO ][2016-02-09 22:41:51,025][com.java.TestType] [  496] - Test case Id is---1
[INFO ][2016-02-09 22:41:51,025][com.java.TestType] [  498] - 1
[INFO ][2016-02-09 22:41:51,025][com.java.TestType] [  493] -  str(2) = 7
[INFO ][2016-02-09 22:41:51,026][com.java.TestType] [  493] -  str(1) = 1
[INFO ][2016-02-09 22:41:51,026][com.java.TestType] [  496] - Test case Id is---1
[INFO ][2016-02-09 22:41:51,026][com.java.TestType] [  498] - 1
[INFO ][2016-02-09 22:41:51,026][com.java.TestType] [  493] -  str(2) = 8
[INFO ][2016-02-09 22:41:51,027][com.java.TestType] [  493] -  str(1) = 1
[INFO ][2016-02-09 22:41:51,027][com.java.TestType] [  496] - Test case Id is---1
[INFO ][2016-02-09 22:41:51,027][com.java.TestType] [  498] - 1
[INFO ][2016-02-09 22:41:51,027][com.java.TestType] [  493] -  str(2) = 9
[INFO ][2016-02-09 22:41:51,028][com.java.TestType] [  493] -  str(1) = 1
[INFO ][2016-02-09 22:41:51,028][com.java.TestType] [  496] - Test case Id is---1
[INFO ][2016-02-09 22:41:51,028][com.java.TestType] [  498] - 1
[INFO ][2016-02-09 22:41:51,028][com.java.TestType] [  493] -  str(2) = 10
[INFO ][2016-02-09 22:41:51,029][com.java.TestType] [  493] -  str(1) = 1
[INFO ][2016-02-09 22:41:51,029][com.java.TestType] [  496] - Test case Id is---1
[INFO ][2016-02-09 22:41:51,029][com.java.TestType] [  498] - 1
[INFO ][2016-02-09 22:41:51,029][com.java.TestType] [  493] -  str(2) = 11
[INFO ][2016-02-09 22:41:51,030][com.java.TestType] [  493] -  str(1) = 1
[INFO ][2016-02-09 22:41:51,030][com.java.TestType] [  496] - Test case Id is---1
[INFO ][2016-02-09 22:41:51,030][com.java.TestType] [  498] - 1
[INFO ][2016-02-09 22:41:51,030][com.java.TestType] [  493] -  str(2) = 12
[INFO ][2016-02-09 22:41:51,032][com.java.TestType] [  493] -  str(1) = 1
[INFO ][2016-02-09 22:41:51,032][com.java.TestType] [  496] - Test case Id is---1
[INFO ][2016-02-09 22:41:51,032][com.java.TestType] [  498] - 1
[INFO ][2016-02-09 22:41:51,032][com.java.TestType] [  493] -  str(2) = 13
[INFO ][2016-02-09 22:41:51,033][com.java.TestType] [  493] -  str(1) = 1
[INFO ][2016-02-09 22:41:51,033][com.java.TestType] [  496] - Test case Id is---1
[INFO ][2016-02-09 22:41:51,033][com.java.TestType] [  498] - 1
[INFO ][2016-02-09 22:41:51,033][com.java.TestType] [  493] -  str(2) = 14
[INFO ][2016-02-09 22:41:51,034][com.java.TestType] [  493] -  str(1) = 1
[INFO ][2016-02-09 22:41:51,034][com.java.TestType] [  496] - Test case Id is---1
[INFO ][2016-02-09 22:41:51,034][com.java.TestType] [  498] - 1
[INFO ][2016-02-09 22:41:51,034][com.java.TestType] [  493] -  str(2) = 15
[INFO ][2016-02-09 22:41:51,035][com.java.TestType] [  493] -  str(1) = 1
[INFO ][2016-02-09 22:41:51,035][com.java.TestType] [  496] - Test case Id is---1
[INFO ][2016-02-09 22:41:51,035][com.java.TestType] [  498] - 1
[INFO ][2016-02-09 22:41:51,035][com.java.TestType] [  493] -  str(2) = 16
[INFO ][2016-02-09 22:41:51,035][com.java.TestType] [12140] - Looping 1TCID = 1
[DEBUG][2016-02-09 22:41:51,036][com.java.TestType] [12181] - Concept ID:1 :: Step being Executed: 1::1
[INFO ][2016-02-09 22:41:51,036][com.java.TestType] [12219] - dataFields : TXTusername
[DEBUG][2016-02-09 22:41:51,036][com.java.TestType] [12225] - <In Set values of the page>
[DEBUG][2016-02-09 22:41:51,036][com.java.TestType] [12230] - {Data Fields & Data Values Exist}
[INFO ][2016-02-09 22:41:51,036][com.java.TestType] [12236] - --------------------------setting values-----------------------------
[INFO ][2016-02-09 22:41:51,036][com.java.TestType] [12239] - Action Type : CLEARANDENTER
[INFO ][2016-02-09 22:41:53,323][com.java.TestType] [ 6752] - value = naresh.nayini1.00000
[INFO ][2016-02-09 22:41:55,722][com.java.TestType] [12258] -  RESULT true
[INFO ][2016-02-09 22:41:55,722][com.java.TestType] [12375] - ?   P A S S   ?
[DEBUG][2016-02-09 22:41:55,722][com.java.TestType] [12181] - Concept ID:1 :: Step being Executed: 1::2
[INFO ][2016-02-09 22:41:55,722][com.java.TestType] [12219] - dataFields : TXTpassword
[DEBUG][2016-02-09 22:41:55,723][com.java.TestType] [12225] - <In Set values of the page>
[DEBUG][2016-02-09 22:41:55,723][com.java.TestType] [12230] - {Data Fields & Data Values Exist}
[INFO ][2016-02-09 22:41:55,723][com.java.TestType] [12236] - --------------------------setting values-----------------------------
[INFO ][2016-02-09 22:41:55,723][com.java.TestType] [12239] - Action Type : CLEARANDENTER
[INFO ][2016-02-09 22:41:57,992][com.java.TestType] [ 6752] - value = Password1*
[INFO ][2016-02-09 22:42:00,533][com.java.TestType] [12258] -  RESULT true
[INFO ][2016-02-09 22:42:00,533][com.java.TestType] [12375] - ?   P A S S   ?
[DEBUG][2016-02-09 22:42:00,533][com.java.TestType] [12181] - Concept ID:1 :: Step being Executed: 1::3
[ERROR][2016-02-09 22:42:00,533][com.java.TestType] [12214] - Exception: null
[INFO ][2016-02-09 22:42:00,533][com.java.TestType] [12219] - dataFields : XPH//button[@type='submit']
[DEBUG][2016-02-09 22:42:00,533][com.java.TestType] [12225] - <In Set values of the page>
[DEBUG][2016-02-09 22:42:00,533][com.java.TestType] [12230] - {Data Fields & Data Values Exist}
[INFO ][2016-02-09 22:42:00,533][com.java.TestType] [12236] - --------------------------setting values-----------------------------
[INFO ][2016-02-09 22:42:00,534][com.java.TestType] [12239] - Action Type : Click
[INFO ][2016-02-09 22:42:00,534][com.java.TestType] [ 7153] - Field ::XPH//button[@type='submit']
[INFO ][2016-02-09 22:42:00,534][com.java.TestType] [ 6752] - value = 
[INFO ][2016-02-09 22:42:01,534][com.java.TestType] [ 7330] - BEFORE CLICK
[INFO ][2016-02-09 22:42:05,032][com.java.TestType] [ 7338] - Unable to click the object Login
[INFO ][2016-02-09 22:42:05,032][com.java.TestType] [12258] -  RESULT true
[INFO ][2016-02-09 22:42:05,032][com.java.TestType] [12375] - ?   P A S S   ?
[DEBUG][2016-02-09 22:42:05,033][com.java.TestType] [12181] - Concept ID:1 :: Step being Executed: 1::4
[INFO ][2016-02-09 22:42:05,033][com.java.TestType] [12219] - dataFields : LNKLogout
[DEBUG][2016-02-09 22:42:05,033][com.java.TestType] [12225] - <In Set values of the page>
[DEBUG][2016-02-09 22:42:05,033][com.java.TestType] [12230] - {Data Fields & Data Values Exist}
[INFO ][2016-02-09 22:42:05,033][com.java.TestType] [12236] - --------------------------setting values-----------------------------
[INFO ][2016-02-09 22:42:05,033][com.java.TestType] [12239] - Action Type : WaitForElement
[INFO ][2016-02-09 22:42:05,162][com.java.TestType] [12258] -  RESULT true
[INFO ][2016-02-09 22:42:05,162][com.java.TestType] [12375] - ?   P A S S   ?
[DEBUG][2016-02-09 22:42:05,162][com.java.TestType] [12181] - Concept ID:1 :: Step being Executed: 1::15
[INFO ][2016-02-09 22:42:05,162][com.java.TestType] [12219] - dataFields : LNK
[DEBUG][2016-02-09 22:42:05,162][com.java.TestType] [12225] - <In Set values of the page>
[DEBUG][2016-02-09 22:42:05,162][com.java.TestType] [12230] - {Data Fields & Data Values Exist}
[INFO ][2016-02-09 22:42:05,162][com.java.TestType] [12236] - --------------------------setting values-----------------------------
[INFO ][2016-02-09 22:42:05,162][com.java.TestType] [12239] - Action Type : Verify
[INFO ][2016-02-09 22:42:05,163][com.java.TestType] [ 8386] - field= LNK value= Logout
[INFO ][2016-02-09 22:42:05,164][com.java.TestType] [ 6752] - value = Logout
[INFO ][2016-02-09 22:42:05,200][com.java.TestType] [12258] -  RESULT true
[INFO ][2016-02-09 22:42:05,202][com.java.TestType] [12375] - ?   P A S S   ?
[DEBUG][2016-02-09 22:42:05,202][com.java.TestType] [12181] - Concept ID:1 :: Step being Executed: 1::16
[INFO ][2016-02-09 22:42:05,202][com.java.TestType] [12219] - dataFields : BTN
[DEBUG][2016-02-09 22:42:05,202][com.java.TestType] [12225] - <In Set values of the page>
[DEBUG][2016-02-09 22:42:05,203][com.java.TestType] [12230] - {Data Fields & Data Values Exist}
[INFO ][2016-02-09 22:42:05,203][com.java.TestType] [12236] - --------------------------setting values-----------------------------
[INFO ][2016-02-09 22:42:05,203][com.java.TestType] [12239] - Action Type : Verify
[INFO ][2016-02-09 22:42:05,203][com.java.TestType] [ 8386] - field= BTN value= //img[contains(@src,'bdlogo.jpg')]
[INFO ][2016-02-09 22:42:05,203][com.java.TestType] [ 6752] - value = //img[contains(@src,'bdlogo.jpg')]
[INFO ][2016-02-09 22:42:05,274][com.java.TestType] [12258] -  RESULT true
[INFO ][2016-02-09 22:42:05,274][com.java.TestType] [12375] - ?   P A S S   ?
[INFO ][2016-02-09 22:42:05,274][com.java.TestType] [12446] - Looping End......
[INFO ][2016-02-09 22:42:05,276][com.java.SeleniumDriver] [  930] -  RESULT true
[INFO ][2016-02-09 22:42:05,276][com.java.SeleniumDriver] [ 1136] - ?   P A S S   ?
[INFO ][2016-02-09 22:42:05,276][com.java.SeleniumDriver] [  856] - ------------------------------------------
[INFO ][2016-02-09 22:42:05,276][com.java.SeleniumDriver] [  857] - Test case being Executed: 1
[INFO ][2016-02-09 22:42:05,276][com.java.SeleniumDriver] [  869] - Test step:2
[INFO ][2016-02-09 22:42:05,276][com.java.SeleniumDriver] [  881] - Datavalue is----------Concept#2:1-2
[INFO ][2016-02-09 22:42:05,276][com.java.SeleniumDriver] [  905] - DataField : test
[INFO ][2016-02-09 22:42:05,276][com.java.SeleniumDriver] [  907] - DataValue : Concept#2:1-2
[INFO ][2016-02-09 22:42:05,277][com.java.SeleniumDriver] [  913] - <In Set values of the page>
[INFO ][2016-02-09 22:42:05,277][com.java.SeleniumDriver] [  916] - {Data Fields & Data Values Exist}
[INFO ][2016-02-09 22:42:05,277][com.java.SeleniumDriver] [  918] - --------------------------setting values-----------------------------
[INFO ][2016-02-09 22:42:05,277][com.java.SeleniumDriver] [  921] - Action Type : ExecuteTestCase
[INFO ][2016-02-09 22:42:05,277][com.java.TestType] [  448] - The Concept sheet name is ---------- Concept
[INFO ][2016-02-09 22:42:05,277][com.java.TestType] [  451] - The Concept ID  is ---------- 2
[DEBUG][2016-02-09 22:42:05,277][com.java.TestType] [  455] - Steps being executted in the Concept are: 1:2
[INFO ][2016-02-09 22:42:05,278][com.java.TestType] [  462] - Test data details path ---------- D:\BankersDashboard\TestInputs\TestData.xls
[INFO ][2016-02-09 22:42:05,296][com.java.TestType] [  493] -  str(1) = 2
[INFO ][2016-02-09 22:42:05,296][com.java.TestType] [  496] - Test case Id is---2
[INFO ][2016-02-09 22:42:05,296][com.java.TestType] [  498] - 2
[INFO ][2016-02-09 22:42:05,296][com.java.TestType] [  493] -  str(2) = 1
[INFO ][2016-02-09 22:42:05,298][com.java.TestType] [  493] -  str(1) = 2
[INFO ][2016-02-09 22:42:05,298][com.java.TestType] [  496] - Test case Id is---2
[INFO ][2016-02-09 22:42:05,298][com.java.TestType] [  498] - 2
[INFO ][2016-02-09 22:42:05,298][com.java.TestType] [  493] -  str(2) = 2
[INFO ][2016-02-09 22:42:05,299][com.java.TestType] [  493] -  str(1) = 2
[INFO ][2016-02-09 22:42:05,299][com.java.TestType] [  496] - Test case Id is---2
[INFO ][2016-02-09 22:42:05,299][com.java.TestType] [  498] - 2
[INFO ][2016-02-09 22:42:05,299][com.java.TestType] [  493] -  str(2) = 3
[INFO ][2016-02-09 22:42:05,300][com.java.TestType] [12140] - Looping 1TCID = 2
[DEBUG][2016-02-09 22:42:05,300][com.java.TestType] [12181] - Concept ID:2 :: Step being Executed: 2::1
[INFO ][2016-02-09 22:42:05,300][com.java.TestType] [12219] - dataFields : BNK//select[@id='bank']
[DEBUG][2016-02-09 22:42:05,300][com.java.TestType] [12225] - <In Set values of the page>
[DEBUG][2016-02-09 22:42:05,300][com.java.TestType] [12230] - {Data Fields & Data Values Exist}
[INFO ][2016-02-09 22:42:05,300][com.java.TestType] [12236] - --------------------------setting values-----------------------------
[INFO ][2016-02-09 22:42:05,300][com.java.TestType] [12239] - Action Type : Select
[INFO ][2016-02-09 22:42:05,301][com.java.TestType] [ 6752] - value = PFC
[INFO ][2016-02-09 22:42:05,545][com.java.TestType] [12258] -  RESULT true
[INFO ][2016-02-09 22:42:05,545][com.java.TestType] [12375] - ?   P A S S   ?
[DEBUG][2016-02-09 22:42:05,545][com.java.TestType] [12181] - Concept ID:2 :: Step being Executed: 2::2
[INFO ][2016-02-09 22:42:05,545][com.java.TestType] [12219] - dataFields : LNKLogout
[DEBUG][2016-02-09 22:42:05,545][com.java.TestType] [12225] - <In Set values of the page>
[DEBUG][2016-02-09 22:42:05,545][com.java.TestType] [12230] - {Data Fields & Data Values Exist}
[INFO ][2016-02-09 22:42:05,545][com.java.TestType] [12236] - --------------------------setting values-----------------------------
[INFO ][2016-02-09 22:42:05,546][com.java.TestType] [12239] - Action Type : WaitTime
[DEBUG][2016-02-09 22:42:05,546][com.java.TestType] [ 6561] - sleepTime: 5000
[INFO ][2016-02-09 22:42:10,546][com.java.TestType] [12258] -  RESULT true
[INFO ][2016-02-09 22:42:10,546][com.java.TestType] [12375] - ?   P A S S   ?
[INFO ][2016-02-09 22:42:10,546][com.java.TestType] [12446] - Looping End......
[INFO ][2016-02-09 22:42:10,548][com.java.SeleniumDriver] [  930] -  RESULT true
[INFO ][2016-02-09 22:42:10,548][com.java.SeleniumDriver] [ 1136] - ?   P A S S   ?
[INFO ][2016-02-09 22:42:10,548][com.java.SeleniumDriver] [  856] - ------------------------------------------
[INFO ][2016-02-09 22:42:10,548][com.java.SeleniumDriver] [  857] - Test case being Executed: 1
[INFO ][2016-02-09 22:42:10,548][com.java.SeleniumDriver] [  869] - Test step:3
[INFO ][2016-02-09 22:42:10,548][com.java.SeleniumDriver] [  881] - Datavalue is----------2
[INFO ][2016-02-09 22:42:10,548][com.java.SeleniumDriver] [  905] - DataField : XPH//button[contains(text(),'Add Content')]
[INFO ][2016-02-09 22:42:10,548][com.java.SeleniumDriver] [  907] - DataValue : 2
[INFO ][2016-02-09 22:42:10,548][com.java.SeleniumDriver] [  913] - <In Set values of the page>
[INFO ][2016-02-09 22:42:10,548][com.java.SeleniumDriver] [  916] - {Data Fields & Data Values Exist}
[INFO ][2016-02-09 22:42:10,548][com.java.SeleniumDriver] [  918] - --------------------------setting values-----------------------------
[INFO ][2016-02-09 22:42:10,548][com.java.SeleniumDriver] [  921] - Action Type : WAITFORELEMENT
[INFO ][2016-02-09 22:42:10,597][com.java.SeleniumDriver] [  930] -  RESULT true
[INFO ][2016-02-09 22:42:10,597][com.java.SeleniumDriver] [ 1136] - ?   P A S S   ?
[DEBUG][2016-02-09 22:42:10,597][com.java.SeleniumDriver] [ 1248] - Case found
[DEBUG][2016-02-09 22:42:10,597][com.java.SeleniumDriver] [ 1253] - Incrementing ReportCounters[0]:1
[INFO ][2016-02-09 22:42:10,597][com.java.SeleniumDriver] [ 1272] - The results are-------------------[1, 1, Valid Login, Pass, , Tue Feb 09 22:42:05 IST 2016, 1, 2, Valid Login, Pass, , Tue Feb 09 22:42:10 IST 2016, 1, 3, Valid Login, Pass, , Tue Feb 09 22:42:10 IST 2016]
[INFO ][2016-02-09 22:42:10,597][com.java.SeleniumDriver] [ 1276] - End time is-------35 sec
[INFO ][2016-02-09 22:42:10,598][com.java.SeleniumDriver] [ 1277] - The results are-------------------[1, 1, Valid Login, Pass, , Tue Feb 09 22:42:05 IST 2016, 1, 2, Valid Login, Pass, , Tue Feb 09 22:42:10 IST 2016, 1, 3, Valid Login, Pass, , Tue Feb 09 22:42:10 IST 2016]
[DEBUG][2016-02-09 22:42:10,598][com.java.ImportnExport.ExportTestResultsExcel] [  222] - testResultPath = D:\BankersDashboard/TestReports/Test Results_BankersDashBoard_020916_224137_IE10_Any Bank USA.xls
[DEBUG][2016-02-09 22:42:10,598][com.java.ImportnExport.ExportTestResultsExcel] [  223] - browser is------------IE10
[DEBUG][2016-02-09 22:42:10,645][com.java.ImportnExport.ExportTestResultsExcel] [  270] - result.size() = 18
[DEBUG][2016-02-09 22:42:10,645][com.java.ImportnExport.ExportTestResultsExcel] [  274] - No of rows in sheet=1
[DEBUG][2016-02-09 22:42:10,645][com.java.ImportnExport.ExportTestResultsExcel] [  301] - ..in export..1
[DEBUG][2016-02-09 22:42:10,645][com.java.ImportnExport.ExportTestResultsExcel] [  301] - ..in export..Valid Login
[DEBUG][2016-02-09 22:42:10,645][com.java.ImportnExport.ExportTestResultsExcel] [  301] - ..in export..Pass
[DEBUG][2016-02-09 22:42:10,646][com.java.ImportnExport.ExportTestResultsExcel] [  301] - ..in export..
[DEBUG][2016-02-09 22:42:10,646][com.java.ImportnExport.ExportTestResultsExcel] [  301] - ..in export..Tue Feb 09 22:42:05 IST 2016
[INFO ][2016-02-09 22:42:10,648][com.java.SeleniumDriver] [ 1337] - out loop:0 size:3 TestCases:[1, 8, 9] testcases:[1, 8, 9]
[INFO ][2016-02-09 22:42:10,650][com.java.ImportnExport.ImportTestDataDetailsExcel] [   49] - test data details path===== D:\BankersDashboard\TestInputs\TestData.xls
[INFO ][2016-02-09 22:42:25,848][com.java.SeleniumDriver] [  856] - ------------------------------------------
[INFO ][2016-02-09 22:42:25,848][com.java.SeleniumDriver] [  857] - Test case being Executed: 8
[INFO ][2016-02-09 22:42:25,848][com.java.SeleniumDriver] [  869] - Test step:1
[INFO ][2016-02-09 22:42:25,848][com.java.SeleniumDriver] [  881] - Datavalue is----------Logout
[INFO ][2016-02-09 22:42:25,848][com.java.SeleniumDriver] [  905] - DataField : BTN
[INFO ][2016-02-09 22:42:25,848][com.java.SeleniumDriver] [  907] - DataValue : Logout
[INFO ][2016-02-09 22:42:25,848][com.java.SeleniumDriver] [  913] - <In Set values of the page>
[INFO ][2016-02-09 22:42:25,848][com.java.SeleniumDriver] [  916] - {Data Fields & Data Values Exist}
[INFO ][2016-02-09 22:42:25,848][com.java.SeleniumDriver] [  918] - --------------------------setting values-----------------------------
[INFO ][2016-02-09 22:42:25,848][com.java.SeleniumDriver] [  921] - Action Type : Verify
[INFO ][2016-02-09 22:42:25,849][com.java.TestType] [ 8386] - field= BTN value= Logout
[INFO ][2016-02-09 22:42:25,849][com.java.TestType] [ 6752] - value = Logout
[INFO ][2016-02-09 22:42:25,964][com.java.SeleniumDriver] [  930] -  RESULT true
[INFO ][2016-02-09 22:42:25,964][com.java.SeleniumDriver] [ 1136] - ?   P A S S   ?
[INFO ][2016-02-09 22:42:25,965][com.java.SeleniumDriver] [ 1178] - step change to 3
[INFO ][2016-02-09 22:42:25,965][com.java.SeleniumDriver] [  856] - ------------------------------------------
[INFO ][2016-02-09 22:42:25,965][com.java.SeleniumDriver] [  857] - Test case being Executed: 8
[INFO ][2016-02-09 22:42:25,965][com.java.SeleniumDriver] [  869] - Test step:3
[INFO ][2016-02-09 22:42:25,965][com.java.SeleniumDriver] [  881] - Datavalue is----------Concept#2:1-3
[INFO ][2016-02-09 22:42:25,965][com.java.SeleniumDriver] [  905] - DataField : test
[INFO ][2016-02-09 22:42:25,965][com.java.SeleniumDriver] [  907] - DataValue : Concept#2:1-3
[INFO ][2016-02-09 22:42:25,965][com.java.SeleniumDriver] [  913] - <In Set values of the page>
[INFO ][2016-02-09 22:42:25,965][com.java.SeleniumDriver] [  916] - {Data Fields & Data Values Exist}
[INFO ][2016-02-09 22:42:25,965][com.java.SeleniumDriver] [  918] - --------------------------setting values-----------------------------
[INFO ][2016-02-09 22:42:25,965][com.java.SeleniumDriver] [  921] - Action Type : ExecuteTestCase
[INFO ][2016-02-09 22:42:25,965][com.java.TestType] [  448] - The Concept sheet name is ---------- Concept
[INFO ][2016-02-09 22:42:25,966][com.java.TestType] [  451] - The Concept ID  is ---------- 2
[DEBUG][2016-02-09 22:42:25,966][com.java.TestType] [  455] - Steps being executted in the Concept are: 1:3
[INFO ][2016-02-09 22:42:25,966][com.java.TestType] [  462] - Test data details path ---------- D:\BankersDashboard\TestInputs\TestData.xls
[INFO ][2016-02-09 22:42:25,983][com.java.TestType] [  493] -  str(1) = 2
[INFO ][2016-02-09 22:42:25,983][com.java.TestType] [  496] - Test case Id is---2
[INFO ][2016-02-09 22:42:25,983][com.java.TestType] [  498] - 2
[INFO ][2016-02-09 22:42:25,984][com.java.TestType] [  493] -  str(2) = 1
[INFO ][2016-02-09 22:42:25,985][com.java.TestType] [  493] -  str(1) = 2
[INFO ][2016-02-09 22:42:25,985][com.java.TestType] [  496] - Test case Id is---2
[INFO ][2016-02-09 22:42:25,985][com.java.TestType] [  498] - 2
[INFO ][2016-02-09 22:42:25,985][com.java.TestType] [  493] -  str(2) = 2
[INFO ][2016-02-09 22:42:25,987][com.java.TestType] [  493] -  str(1) = 2
[INFO ][2016-02-09 22:42:25,987][com.java.TestType] [  496] - Test case Id is---2
[INFO ][2016-02-09 22:42:25,987][com.java.TestType] [  498] - 2
[INFO ][2016-02-09 22:42:25,987][com.java.TestType] [  493] -  str(2) = 3
[INFO ][2016-02-09 22:42:25,987][com.java.TestType] [12140] - Looping 1TCID = 2
[DEBUG][2016-02-09 22:42:25,988][com.java.TestType] [12181] - Concept ID:2 :: Step being Executed: 2::1
[INFO ][2016-02-09 22:42:25,988][com.java.TestType] [12219] - dataFields : BNK//select[@id='bank']
[DEBUG][2016-02-09 22:42:25,988][com.java.TestType] [12225] - <In Set values of the page>
[DEBUG][2016-02-09 22:42:25,988][com.java.TestType] [12230] - {Data Fields & Data Values Exist}
[INFO ][2016-02-09 22:42:25,988][com.java.TestType] [12236] - --------------------------setting values-----------------------------
[INFO ][2016-02-09 22:42:25,988][com.java.TestType] [12239] - Action Type : Select
[INFO ][2016-02-09 22:42:25,988][com.java.TestType] [ 6752] - value = PFC
[INFO ][2016-02-09 22:42:26,278][com.java.TestType] [12258] -  RESULT true
[INFO ][2016-02-09 22:42:26,278][com.java.TestType] [12375] - ?   P A S S   ?
[DEBUG][2016-02-09 22:42:26,278][com.java.TestType] [12181] - Concept ID:2 :: Step being Executed: 2::2
[INFO ][2016-02-09 22:42:26,278][com.java.TestType] [12219] - dataFields : LNKLogout
[DEBUG][2016-02-09 22:42:26,278][com.java.TestType] [12225] - <In Set values of the page>
[DEBUG][2016-02-09 22:42:26,278][com.java.TestType] [12230] - {Data Fields & Data Values Exist}
[INFO ][2016-02-09 22:42:26,279][com.java.TestType] [12236] - --------------------------setting values-----------------------------
[INFO ][2016-02-09 22:42:26,279][com.java.TestType] [12239] - Action Type : WaitTime
[DEBUG][2016-02-09 22:42:26,279][com.java.TestType] [ 6561] - sleepTime: 5000
[INFO ][2016-02-09 22:42:31,279][com.java.TestType] [12258] -  RESULT true
[INFO ][2016-02-09 22:42:31,279][com.java.TestType] [12375] - ?   P A S S   ?
[DEBUG][2016-02-09 22:42:31,279][com.java.TestType] [12181] - Concept ID:2 :: Step being Executed: 2::3
[INFO ][2016-02-09 22:42:31,279][com.java.TestType] [12219] - dataFields : LNKLogout
[DEBUG][2016-02-09 22:42:31,279][com.java.TestType] [12225] - <In Set values of the page>
[DEBUG][2016-02-09 22:42:31,279][com.java.TestType] [12230] - {Data Fields & Data Values Exist}
[INFO ][2016-02-09 22:42:31,279][com.java.TestType] [12236] - --------------------------setting values-----------------------------
[INFO ][2016-02-09 22:42:31,279][com.java.TestType] [12239] - Action Type : WaitForElement
[INFO ][2016-02-09 22:42:31,326][com.java.TestType] [12258] -  RESULT true
[INFO ][2016-02-09 22:42:31,326][com.java.TestType] [12375] - ?   P A S S   ?
[INFO ][2016-02-09 22:42:31,326][com.java.TestType] [12446] - Looping End......
[INFO ][2016-02-09 22:42:31,328][com.java.SeleniumDriver] [  930] -  RESULT true
[INFO ][2016-02-09 22:42:31,328][com.java.SeleniumDriver] [ 1136] - ?   P A S S   ?
[INFO ][2016-02-09 22:42:31,328][com.java.SeleniumDriver] [  856] - ------------------------------------------
[INFO ][2016-02-09 22:42:31,328][com.java.SeleniumDriver] [  857] - Test case being Executed: 8
[INFO ][2016-02-09 22:42:31,328][com.java.SeleniumDriver] [  869] - Test step:4
[INFO ][2016-02-09 22:42:31,328][com.java.SeleniumDriver] [  881] - Datavalue is----------Concept#12:1-11
[INFO ][2016-02-09 22:42:31,328][com.java.SeleniumDriver] [  905] - DataField : test
[INFO ][2016-02-09 22:42:31,328][com.java.SeleniumDriver] [  907] - DataValue : Concept#12:1-11
[INFO ][2016-02-09 22:42:31,328][com.java.SeleniumDriver] [  913] - <In Set values of the page>
[INFO ][2016-02-09 22:42:31,328][com.java.SeleniumDriver] [  916] - {Data Fields & Data Values Exist}
[INFO ][2016-02-09 22:42:31,328][com.java.SeleniumDriver] [  918] - --------------------------setting values-----------------------------
[INFO ][2016-02-09 22:42:31,328][com.java.SeleniumDriver] [  921] - Action Type : ExecuteTestCase
[INFO ][2016-02-09 22:42:31,329][com.java.TestType] [  448] - The Concept sheet name is ---------- Concept
[INFO ][2016-02-09 22:42:31,329][com.java.TestType] [  451] - The Concept ID  is ---------- 12
[DEBUG][2016-02-09 22:42:31,329][com.java.TestType] [  455] - Steps being executted in the Concept are: 1:11
[INFO ][2016-02-09 22:42:31,329][com.java.TestType] [  462] - Test data details path ---------- D:\BankersDashboard\TestInputs\TestData.xls
[INFO ][2016-02-09 22:42:31,349][com.java.TestType] [  493] -  str(1) = 12
[INFO ][2016-02-09 22:42:31,349][com.java.TestType] [  496] - Test case Id is---12
[INFO ][2016-02-09 22:42:31,349][com.java.TestType] [  498] - 12
[INFO ][2016-02-09 22:42:31,349][com.java.TestType] [  493] -  str(2) = 1
[INFO ][2016-02-09 22:42:31,351][com.java.TestType] [  493] -  str(1) = 12
[INFO ][2016-02-09 22:42:31,351][com.java.TestType] [  496] - Test case Id is---12
[INFO ][2016-02-09 22:42:31,351][com.java.TestType] [  498] - 12
[INFO ][2016-02-09 22:42:31,351][com.java.TestType] [  493] -  str(2) = 2
[INFO ][2016-02-09 22:42:31,352][com.java.TestType] [  493] -  str(1) = 12
[INFO ][2016-02-09 22:42:31,352][com.java.TestType] [  496] - Test case Id is---12
[INFO ][2016-02-09 22:42:31,352][com.java.TestType] [  498] - 12
[INFO ][2016-02-09 22:42:31,352][com.java.TestType] [  493] -  str(2) = 3
[INFO ][2016-02-09 22:42:31,352][com.java.TestType] [  493] -  str(1) = 12
[INFO ][2016-02-09 22:42:31,352][com.java.TestType] [  496] - Test case Id is---12
[INFO ][2016-02-09 22:42:31,352][com.java.TestType] [  498] - 12
[INFO ][2016-02-09 22:42:31,353][com.java.TestType] [  493] -  str(2) = 4
[INFO ][2016-02-09 22:42:31,353][com.java.TestType] [  493] -  str(1) = 12
[INFO ][2016-02-09 22:42:31,353][com.java.TestType] [  496] - Test case Id is---12
[INFO ][2016-02-09 22:42:31,353][com.java.TestType] [  498] - 12
[INFO ][2016-02-09 22:42:31,353][com.java.TestType] [  493] -  str(2) = 5
[INFO ][2016-02-09 22:42:31,354][com.java.TestType] [  493] -  str(1) = 12
[INFO ][2016-02-09 22:42:31,354][com.java.TestType] [  496] - Test case Id is---12
[INFO ][2016-02-09 22:42:31,354][com.java.TestType] [  498] - 12
[INFO ][2016-02-09 22:42:31,354][com.java.TestType] [  493] -  str(2) = 6
[INFO ][2016-02-09 22:42:31,355][com.java.TestType] [  493] -  str(1) = 12
[INFO ][2016-02-09 22:42:31,355][com.java.TestType] [  496] - Test case Id is---12
[INFO ][2016-02-09 22:42:31,355][com.java.TestType] [  498] - 12
[INFO ][2016-02-09 22:42:31,355][com.java.TestType] [  493] -  str(2) = 7
[INFO ][2016-02-09 22:42:31,357][com.java.TestType] [  493] -  str(1) = 12
[INFO ][2016-02-09 22:42:31,357][com.java.TestType] [  496] - Test case Id is---12
[INFO ][2016-02-09 22:42:31,357][com.java.TestType] [  498] - 12
[INFO ][2016-02-09 22:42:31,357][com.java.TestType] [  493] -  str(2) = 8
[INFO ][2016-02-09 22:42:31,358][com.java.TestType] [  493] -  str(1) = 12
[INFO ][2016-02-09 22:42:31,358][com.java.TestType] [  496] - Test case Id is---12
[INFO ][2016-02-09 22:42:31,358][com.java.TestType] [  498] - 12
[INFO ][2016-02-09 22:42:31,358][com.java.TestType] [  493] -  str(2) = 9
[INFO ][2016-02-09 22:42:31,359][com.java.TestType] [  493] -  str(1) = 12
[INFO ][2016-02-09 22:42:31,359][com.java.TestType] [  496] - Test case Id is---12
[INFO ][2016-02-09 22:42:31,359][com.java.TestType] [  498] - 12
[INFO ][2016-02-09 22:42:31,359][com.java.TestType] [  493] -  str(2) = 10
[INFO ][2016-02-09 22:42:31,360][com.java.TestType] [  493] -  str(1) = 12
[INFO ][2016-02-09 22:42:31,360][com.java.TestType] [  496] - Test case Id is---12
[INFO ][2016-02-09 22:42:31,360][com.java.TestType] [  498] - 12
[INFO ][2016-02-09 22:42:31,360][com.java.TestType] [  493] -  str(2) = 11
[INFO ][2016-02-09 22:42:31,361][com.java.TestType] [12140] - Looping 1TCID = 12
[DEBUG][2016-02-09 22:42:31,361][com.java.TestType] [12181] - Concept ID:12 :: Step being Executed: 12::1
[ERROR][2016-02-09 22:42:31,361][com.java.TestType] [12214] - Exception: null
[INFO ][2016-02-09 22:42:31,361][com.java.TestType] [12219] - dataFields : BTNparent
[DEBUG][2016-02-09 22:42:31,361][com.java.TestType] [12225] - <In Set values of the page>
[DEBUG][2016-02-09 22:42:31,361][com.java.TestType] [12230] - {Data Fields & Data Values Exist}
[INFO ][2016-02-09 22:42:31,361][com.java.TestType] [12236] - --------------------------setting values-----------------------------
[INFO ][2016-02-09 22:42:31,361][com.java.TestType] [12239] - Action Type : SELECTFRAME
[INFO ][2016-02-09 22:42:31,377][com.java.TestType] [12258] -  RESULT true
[INFO ][2016-02-09 22:42:31,377][com.java.TestType] [12375] - ?   P A S S   ?
[DEBUG][2016-02-09 22:42:31,378][com.java.TestType] [12181] - Concept ID:12 :: Step being Executed: 12::2
[INFO ][2016-02-09 22:42:31,378][com.java.TestType] [12219] - dataFields : test
[DEBUG][2016-02-09 22:42:31,379][com.java.TestType] [12225] - <In Set values of the page>
[DEBUG][2016-02-09 22:42:31,380][com.java.TestType] [12230] - {Data Fields & Data Values Exist}
[INFO ][2016-02-09 22:42:31,380][com.java.TestType] [12236] - --------------------------setting values-----------------------------
[INFO ][2016-02-09 22:42:31,380][com.java.TestType] [12239] - Action Type : OPENURL
[INFO ][2016-02-09 22:42:31,380][com.java.TestType] [ 6752] - value = https://clients-xuat.bankersdashboard.com
[INFO ][2016-02-09 22:42:31,380][com.java.TestType] [  364] - Open URL : https://clients-xuat.bankersdashboard.com
[INFO ][2016-02-09 22:42:34,171][com.java.TestType] [12258] -  RESULT true
[INFO ][2016-02-09 22:42:34,171][com.java.TestType] [12375] - ?   P A S S   ?
[DEBUG][2016-02-09 22:42:34,171][com.java.TestType] [12181] - Concept ID:12 :: Step being Executed: 12::3
[ERROR][2016-02-09 22:42:34,171][com.java.TestType] [12214] - Exception: null
[INFO ][2016-02-09 22:42:34,171][com.java.TestType] [12219] - dataFields : //span[@class='icon-cog2']&&//a[@data-id="UserSettings"]
[DEBUG][2016-02-09 22:42:34,171][com.java.TestType] [12225] - <In Set values of the page>
[DEBUG][2016-02-09 22:42:34,172][com.java.TestType] [12230] - {Data Fields & Data Values Exist}
[INFO ][2016-02-09 22:42:34,172][com.java.TestType] [12236] - --------------------------setting values-----------------------------
[INFO ][2016-02-09 22:42:34,172][com.java.TestType] [12239] - Action Type : MOUSEOVER
[INFO ][2016-02-09 22:43:15,371][com.java.TestType] [12258] -  RESULT true
[INFO ][2016-02-09 22:43:15,371][com.java.TestType] [12375] - ?   P A S S   ?
[DEBUG][2016-02-09 22:43:15,372][com.java.TestType] [12181] - Concept ID:12 :: Step being Executed: 12::4
[INFO ][2016-02-09 22:43:15,372][com.java.TestType] [12219] - dataFields : BTNframeDialogContent
[DEBUG][2016-02-09 22:43:15,372][com.java.TestType] [12225] - <In Set values of the page>
[DEBUG][2016-02-09 22:43:15,372][com.java.TestType] [12230] - {Data Fields & Data Values Exist}
[INFO ][2016-02-09 22:43:15,372][com.java.TestType] [12236] - --------------------------setting values-----------------------------
[INFO ][2016-02-09 22:43:15,372][com.java.TestType] [12239] - Action Type : WaitForElement
[INFO ][2016-02-09 22:43:16,667][com.java.TestType] [12258] -  RESULT true
[INFO ][2016-02-09 22:43:16,667][com.java.TestType] [12375] - ?   P A S S   ?
[DEBUG][2016-02-09 22:43:16,667][com.java.TestType] [12181] - Concept ID:12 :: Step being Executed: 12::5
[ERROR][2016-02-09 22:43:16,667][com.java.TestType] [12214] - Exception: null
[INFO ][2016-02-09 22:43:16,668][com.java.TestType] [12219] - dataFields : BTNframeDialogContent
[DEBUG][2016-02-09 22:43:16,668][com.java.TestType] [12225] - <In Set values of the page>
[DEBUG][2016-02-09 22:43:16,668][com.java.TestType] [12230] - {Data Fields & Data Values Exist}
[INFO ][2016-02-09 22:43:16,668][com.java.TestType] [12236] - --------------------------setting values-----------------------------
[INFO ][2016-02-09 22:43:16,668][com.java.TestType] [12239] - Action Type : SELECTFRAME
[INFO ][2016-02-09 22:43:17,983][com.java.TestType] [12258] -  RESULT true
[INFO ][2016-02-09 22:43:17,983][com.java.TestType] [12375] - ?   P A S S   ?
[DEBUG][2016-02-09 22:43:17,983][com.java.TestType] [12181] - Concept ID:12 :: Step being Executed: 12::6
[INFO ][2016-02-09 22:43:17,983][com.java.TestType] [12219] - dataFields : SLBddlRoundingValue
[DEBUG][2016-02-09 22:43:17,983][com.java.TestType] [12225] - <In Set values of the page>
[DEBUG][2016-02-09 22:43:17,983][com.java.TestType] [12230] - {Data Fields & Data Values Exist}
[INFO ][2016-02-09 22:43:17,983][com.java.TestType] [12236] - --------------------------setting values-----------------------------
[INFO ][2016-02-09 22:43:17,984][com.java.TestType] [12239] - Action Type : SELECT
[INFO ][2016-02-09 22:43:17,984][com.java.TestType] [ 6752] - value = 1
[INFO ][2016-02-09 22:43:20,311][com.java.TestType] [12258] -  RESULT true
[INFO ][2016-02-09 22:43:20,312][com.java.TestType] [12375] - ?   P A S S   ?
[DEBUG][2016-02-09 22:43:20,312][com.java.TestType] [12181] - Concept ID:12 :: Step being Executed: 12::7
[ERROR][2016-02-09 22:43:20,312][com.java.TestType] [12214] - Exception: null
[INFO ][2016-02-09 22:43:20,312][com.java.TestType] [12219] - dataFields : BTNparent
[DEBUG][2016-02-09 22:43:20,312][com.java.TestType] [12225] - <In Set values of the page>
[DEBUG][2016-02-09 22:43:20,312][com.java.TestType] [12230] - {Data Fields & Data Values Exist}
[INFO ][2016-02-09 22:43:20,312][com.java.TestType] [12236] - --------------------------setting values-----------------------------
[INFO ][2016-02-09 22:43:20,312][com.java.TestType] [12239] - Action Type : SELECTFRAME
[INFO ][2016-02-09 22:43:20,327][com.java.TestType] [12258] -  RESULT true
[INFO ][2016-02-09 22:43:20,327][com.java.TestType] [12375] - ?   P A S S   ?
[DEBUG][2016-02-09 22:43:20,327][com.java.TestType] [12181] - Concept ID:12 :: Step being Executed: 12::8
[ERROR][2016-02-09 22:43:20,327][com.java.TestType] [12214] - Exception: null
[INFO ][2016-02-09 22:43:20,327][com.java.TestType] [12219] - dataFields : BTN//span[text()='Finished']
[DEBUG][2016-02-09 22:43:20,327][com.java.TestType] [12225] - <In Set values of the page>
[DEBUG][2016-02-09 22:43:20,327][com.java.TestType] [12230] - {Data Fields & Data Values Exist}
[INFO ][2016-02-09 22:43:20,328][com.java.TestType] [12236] - --------------------------setting values-----------------------------
[INFO ][2016-02-09 22:43:20,328][com.java.TestType] [12239] - Action Type : Click
[INFO ][2016-02-09 22:43:20,328][com.java.TestType] [ 7153] - Field ::BTN//span[text()='Finished']
[INFO ][2016-02-09 22:43:20,328][com.java.TestType] [ 6752] - value = 
[INFO ][2016-02-09 22:43:21,328][com.java.TestType] [ 7309] - BEFORE CLICK
[INFO ][2016-02-09 22:43:21,715][com.java.TestType] [ 7316] - Unable to click the object Finished button
[INFO ][2016-02-09 22:43:21,715][com.java.TestType] [12258] -  RESULT true
[INFO ][2016-02-09 22:43:21,715][com.java.TestType] [12375] - ?   P A S S   ?
[DEBUG][2016-02-09 22:43:21,715][com.java.TestType] [12181] - Concept ID:12 :: Step being Executed: 12::9
[INFO ][2016-02-09 22:43:21,715][com.java.TestType] [12219] - dataFields : XPH//div[contains(text(), 'My Dashboard')]
[DEBUG][2016-02-09 22:43:21,715][com.java.TestType] [12225] - <In Set values of the page>
[DEBUG][2016-02-09 22:43:21,715][com.java.TestType] [12230] - {Data Fields & Data Values Exist}
[INFO ][2016-02-09 22:43:21,715][com.java.TestType] [12236] - --------------------------setting values-----------------------------
[INFO ][2016-02-09 22:43:21,716][com.java.TestType] [12239] - Action Type : WAITFORELEMENT
[INFO ][2016-02-09 22:43:21,750][com.java.TestType] [12258] -  RESULT true
[INFO ][2016-02-09 22:43:21,750][com.java.TestType] [12375] - ?   P A S S   ?
[DEBUG][2016-02-09 22:43:21,750][com.java.TestType] [12181] - Concept ID:12 :: Step being Executed: 12::10
[INFO ][2016-02-09 22:43:21,750][com.java.TestType] [12219] - dataFields : null
[DEBUG][2016-02-09 22:43:21,750][com.java.TestType] [12225] - <In Set values of the page>
[INFO ][2016-02-09 22:43:21,750][com.java.TestType] [12375] - ?   P A S S   ?
[DEBUG][2016-02-09 22:43:21,751][com.java.TestType] [12181] - Concept ID:12 :: Step being Executed: 12::11
[ERROR][2016-02-09 22:43:21,751][com.java.TestType] [12214] - Exception: null
[INFO ][2016-02-09 22:43:21,751][com.java.TestType] [12219] - dataFields : BTNcloseAllTabs
[DEBUG][2016-02-09 22:43:21,751][com.java.TestType] [12225] - <In Set values of the page>
[DEBUG][2016-02-09 22:43:21,751][com.java.TestType] [12230] - {Data Fields & Data Values Exist}
[INFO ][2016-02-09 22:43:21,751][com.java.TestType] [12236] - --------------------------setting values-----------------------------
[INFO ][2016-02-09 22:43:21,751][com.java.TestType] [12239] - Action Type : CLICK
[INFO ][2016-02-09 22:43:21,751][com.java.TestType] [ 7153] - Field ::BTNcloseAllTabs
[INFO ][2016-02-09 22:43:21,751][com.java.TestType] [ 6752] - value = 
[INFO ][2016-02-09 22:43:22,751][com.java.TestType] [ 7309] - BEFORE CLICK
[INFO ][2016-02-09 22:43:24,388][com.java.TestType] [ 7316] - Unable to click the object Close all tabs button
[INFO ][2016-02-09 22:43:24,388][com.java.TestType] [12258] -  RESULT true
[INFO ][2016-02-09 22:43:24,388][com.java.TestType] [12375] - ?   P A S S   ?
[INFO ][2016-02-09 22:43:24,388][com.java.TestType] [12446] - Looping End......
[INFO ][2016-02-09 22:43:24,390][com.java.SeleniumDriver] [  930] -  RESULT true
[INFO ][2016-02-09 22:43:24,390][com.java.SeleniumDriver] [ 1136] - ?   P A S S   ?
[INFO ][2016-02-09 22:43:24,390][com.java.SeleniumDriver] [  856] - ------------------------------------------
[INFO ][2016-02-09 22:43:24,390][com.java.SeleniumDriver] [  857] - Test case being Executed: 8
[INFO ][2016-02-09 22:43:24,390][com.java.SeleniumDriver] [  869] - Test step:5
[INFO ][2016-02-09 22:43:24,390][com.java.SeleniumDriver] [  881] - Datavalue is----------null
[DEBUG][2016-02-09 22:43:24,390][com.java.SeleniumDriver] [  899] - Exception: null
[INFO ][2016-02-09 22:43:24,390][com.java.SeleniumDriver] [  905] - DataField : //span[@class="icon-cog2"]&&//a[text()='Customize']&&//a[@data-id="TabletAlerts"]
[INFO ][2016-02-09 22:43:24,390][com.java.SeleniumDriver] [  907] - DataValue : 
[INFO ][2016-02-09 22:43:24,390][com.java.SeleniumDriver] [  913] - <In Set values of the page>
[INFO ][2016-02-09 22:43:24,390][com.java.SeleniumDriver] [  916] - {Data Fields & Data Values Exist}
[INFO ][2016-02-09 22:43:24,391][com.java.SeleniumDriver] [  918] - --------------------------setting values-----------------------------
[INFO ][2016-02-09 22:43:24,391][com.java.SeleniumDriver] [  921] - Action Type : MOUSEOVER
[INFO ][2016-02-09 22:44:08,386][com.java.SeleniumDriver] [  930] -  RESULT true
[INFO ][2016-02-09 22:44:08,386][com.java.SeleniumDriver] [ 1136] - ?   P A S S   ?
[INFO ][2016-02-09 22:44:08,387][com.java.SeleniumDriver] [  856] - ------------------------------------------
[INFO ][2016-02-09 22:44:08,387][com.java.SeleniumDriver] [  857] - Test case being Executed: 8
[INFO ][2016-02-09 22:44:08,387][com.java.SeleniumDriver] [  869] - Test step:6
[INFO ][2016-02-09 22:44:08,387][com.java.SeleniumDriver] [  881] - Datavalue is----------My Alerts
[INFO ][2016-02-09 22:44:08,387][com.java.SeleniumDriver] [  905] - DataField : XPH//span[@class='ui-dialog-title']
[INFO ][2016-02-09 22:44:08,387][com.java.SeleniumDriver] [  907] - DataValue : My Alerts
[INFO ][2016-02-09 22:44:08,387][com.java.SeleniumDriver] [  913] - <In Set values of the page>
[INFO ][2016-02-09 22:44:08,387][com.java.SeleniumDriver] [  916] - {Data Fields & Data Values Exist}
[INFO ][2016-02-09 22:44:08,387][com.java.SeleniumDriver] [  918] - --------------------------setting values-----------------------------
[INFO ][2016-02-09 22:44:08,387][com.java.SeleniumDriver] [  921] - Action Type : verify
[INFO ][2016-02-09 22:44:08,387][com.java.TestType] [ 8386] - field= XPH//span[@class='ui-dialog-title'] value= My Alerts
[INFO ][2016-02-09 22:44:08,387][com.java.TestType] [ 6752] - value = My Alerts
[INFO ][2016-02-09 22:44:08,571][com.java.SeleniumDriver] [  930] -  RESULT true
[INFO ][2016-02-09 22:44:08,571][com.java.SeleniumDriver] [ 1136] - ?   P A S S   ?
[INFO ][2016-02-09 22:44:08,571][com.java.SeleniumDriver] [  856] - ------------------------------------------
[INFO ][2016-02-09 22:44:08,571][com.java.SeleniumDriver] [  857] - Test case being Executed: 8
[INFO ][2016-02-09 22:44:08,571][com.java.SeleniumDriver] [  869] - Test step:7
[INFO ][2016-02-09 22:44:08,571][com.java.SeleniumDriver] [  881] - Datavalue is----------null
[DEBUG][2016-02-09 22:44:08,571][com.java.SeleniumDriver] [  899] - Exception: null
[INFO ][2016-02-09 22:44:08,571][com.java.SeleniumDriver] [  905] - DataField : BTNframeDialogContent
[INFO ][2016-02-09 22:44:08,571][com.java.SeleniumDriver] [  907] - DataValue : 
[INFO ][2016-02-09 22:44:08,572][com.java.SeleniumDriver] [  913] - <In Set values of the page>
[INFO ][2016-02-09 22:44:08,572][com.java.SeleniumDriver] [  916] - {Data Fields & Data Values Exist}
[INFO ][2016-02-09 22:44:08,572][com.java.SeleniumDriver] [  918] - --------------------------setting values-----------------------------
[INFO ][2016-02-09 22:44:08,572][com.java.SeleniumDriver] [  921] - Action Type : SELECTFRAME
[INFO ][2016-02-09 22:44:09,911][com.java.SeleniumDriver] [  930] -  RESULT true
[INFO ][2016-02-09 22:44:09,911][com.java.SeleniumDriver] [ 1136] - ?   P A S S   ?
[INFO ][2016-02-09 22:44:09,911][com.java.SeleniumDriver] [  856] - ------------------------------------------
[INFO ][2016-02-09 22:44:09,911][com.java.SeleniumDriver] [  857] - Test case being Executed: 8
[INFO ][2016-02-09 22:44:09,911][com.java.SeleniumDriver] [  869] - Test step:8
[INFO ][2016-02-09 22:44:09,911][com.java.SeleniumDriver] [  881] - Datavalue is----------null
[DEBUG][2016-02-09 22:44:09,911][com.java.SeleniumDriver] [  899] - Exception: null
[INFO ][2016-02-09 22:44:09,911][com.java.SeleniumDriver] [  905] - DataField : XPH//span[contains(text(),'Balance Sheet')]
[INFO ][2016-02-09 22:44:09,911][com.java.SeleniumDriver] [  907] - DataValue : 
[INFO ][2016-02-09 22:44:09,911][com.java.SeleniumDriver] [  913] - <In Set values of the page>
[INFO ][2016-02-09 22:44:09,912][com.java.SeleniumDriver] [  916] - {Data Fields & Data Values Exist}
[INFO ][2016-02-09 22:44:09,912][com.java.SeleniumDriver] [  918] - --------------------------setting values-----------------------------
[INFO ][2016-02-09 22:44:09,912][com.java.SeleniumDriver] [  921] - Action Type : CLICK
[INFO ][2016-02-09 22:44:09,912][com.java.TestType] [ 7153] - Field ::XPH//span[contains(text(),'Balance Sheet')]
[INFO ][2016-02-09 22:44:09,912][com.java.TestType] [ 6752] - value = 
[INFO ][2016-02-09 22:44:10,912][com.java.TestType] [ 7330] - BEFORE CLICK
[INFO ][2016-02-09 22:44:11,719][com.java.TestType] [ 7338] - Unable to click the object Balance Sheet
[INFO ][2016-02-09 22:44:11,719][com.java.SeleniumDriver] [  930] -  RESULT true
[INFO ][2016-02-09 22:44:11,720][com.java.SeleniumDriver] [ 1136] - ?   P A S S   ?
[INFO ][2016-02-09 22:44:11,720][com.java.SeleniumDriver] [  856] - ------------------------------------------
[INFO ][2016-02-09 22:44:11,720][com.java.SeleniumDriver] [  857] - Test case being Executed: 8
[INFO ][2016-02-09 22:44:11,721][com.java.SeleniumDriver] [  869] - Test step:9
[INFO ][2016-02-09 22:44:11,721][com.java.SeleniumDriver] [  881] - Datavalue is----------5
[INFO ][2016-02-09 22:44:11,721][com.java.SeleniumDriver] [  905] - DataField : test
[INFO ][2016-02-09 22:44:11,721][com.java.SeleniumDriver] [  907] - DataValue : 5
[INFO ][2016-02-09 22:44:11,721][com.java.SeleniumDriver] [  913] - <In Set values of the page>
[INFO ][2016-02-09 22:44:11,721][com.java.SeleniumDriver] [  916] - {Data Fields & Data Values Exist}
[INFO ][2016-02-09 22:44:11,721][com.java.SeleniumDriver] [  918] - --------------------------setting values-----------------------------
[INFO ][2016-02-09 22:44:11,721][com.java.SeleniumDriver] [  921] - Action Type : WAITTIME
[DEBUG][2016-02-09 22:44:11,721][com.java.TestType] [ 6561] - sleepTime: 5000
[INFO ][2016-02-09 22:44:16,721][com.java.SeleniumDriver] [  930] -  RESULT true
[INFO ][2016-02-09 22:44:16,721][com.java.SeleniumDriver] [ 1136] - ?   P A S S   ?
[INFO ][2016-02-09 22:44:16,721][com.java.SeleniumDriver] [  856] - ------------------------------------------
[INFO ][2016-02-09 22:44:16,721][com.java.SeleniumDriver] [  857] - Test case being Executed: 8
[INFO ][2016-02-09 22:44:16,721][com.java.SeleniumDriver] [  869] - Test step:10
[INFO ][2016-02-09 22:44:16,721][com.java.SeleniumDriver] [  881] - Datavalue is----------RMD0
[INFO ][2016-02-09 22:44:16,721][com.java.SeleniumDriver] [  905] - DataField : TXT//table[@id="BalSheetTbl"]/tbody//td[4]/input[@class="perVal"]
[INFO ][2016-02-09 22:44:16,721][com.java.SeleniumDriver] [  907] - DataValue : RMD0
[INFO ][2016-02-09 22:44:16,721][com.java.SeleniumDriver] [  913] - <In Set values of the page>
[INFO ][2016-02-09 22:44:16,721][com.java.SeleniumDriver] [  916] - {Data Fields & Data Values Exist}
[INFO ][2016-02-09 22:44:16,721][com.java.SeleniumDriver] [  918] - --------------------------setting values-----------------------------
[INFO ][2016-02-09 22:44:16,721][com.java.SeleniumDriver] [  921] - Action Type : CLEARANDENTER
[INFO ][2016-02-09 22:44:16,849][com.java.TestType] [ 6752] - value = 02
[INFO ][2016-02-09 22:44:16,984][com.java.SeleniumDriver] [  930] -  RESULT true
[INFO ][2016-02-09 22:44:16,984][com.java.SeleniumDriver] [ 1136] - ?   P A S S   ?
[INFO ][2016-02-09 22:44:16,984][com.java.SeleniumDriver] [  856] - ------------------------------------------
[INFO ][2016-02-09 22:44:16,984][com.java.SeleniumDriver] [  857] - Test case being Executed: 8
[INFO ][2016-02-09 22:44:16,984][com.java.SeleniumDriver] [  869] - Test step:11
[INFO ][2016-02-09 22:44:16,984][com.java.SeleniumDriver] [  881] - Datavalue is----------null
[DEBUG][2016-02-09 22:44:16,984][com.java.SeleniumDriver] [  899] - Exception: null
[INFO ][2016-02-09 22:44:16,984][com.java.SeleniumDriver] [  905] - DataField : BTNparent
[INFO ][2016-02-09 22:44:16,984][com.java.SeleniumDriver] [  907] - DataValue : 
[INFO ][2016-02-09 22:44:16,986][com.java.SeleniumDriver] [  913] - <In Set values of the page>
[INFO ][2016-02-09 22:44:16,986][com.java.SeleniumDriver] [  916] - {Data Fields & Data Values Exist}
[INFO ][2016-02-09 22:44:16,986][com.java.SeleniumDriver] [  918] - --------------------------setting values-----------------------------
[INFO ][2016-02-09 22:44:16,986][com.java.SeleniumDriver] [  921] - Action Type : SELECTFRAME
[INFO ][2016-02-09 22:44:17,001][com.java.SeleniumDriver] [  930] -  RESULT true
[INFO ][2016-02-09 22:44:17,001][com.java.SeleniumDriver] [ 1136] - ?   P A S S   ?
[INFO ][2016-02-09 22:44:17,001][com.java.SeleniumDriver] [  856] - ------------------------------------------
[INFO ][2016-02-09 22:44:17,001][com.java.SeleniumDriver] [  857] - Test case being Executed: 8
[INFO ][2016-02-09 22:44:17,001][com.java.SeleniumDriver] [  869] - Test step:12
[INFO ][2016-02-09 22:44:17,001][com.java.SeleniumDriver] [  881] - Datavalue is----------null
[DEBUG][2016-02-09 22:44:17,001][com.java.SeleniumDriver] [  899] - Exception: null
[INFO ][2016-02-09 22:44:17,001][com.java.SeleniumDriver] [  905] - DataField : HDN//span[contains(text(),'Save')]
[INFO ][2016-02-09 22:44:17,001][com.java.SeleniumDriver] [  907] - DataValue : 
[INFO ][2016-02-09 22:44:17,002][com.java.SeleniumDriver] [  913] - <In Set values of the page>
[INFO ][2016-02-09 22:44:17,002][com.java.SeleniumDriver] [  916] - {Data Fields & Data Values Exist}
[INFO ][2016-02-09 22:44:17,002][com.java.SeleniumDriver] [  918] - --------------------------setting values-----------------------------
[INFO ][2016-02-09 22:44:17,002][com.java.SeleniumDriver] [  921] - Action Type : CLICK
[INFO ][2016-02-09 22:44:17,002][com.java.TestType] [ 7153] - Field ::HDN//span[contains(text(),'Save')]
[INFO ][2016-02-09 22:44:17,002][com.java.TestType] [ 6752] - value = 
[INFO ][2016-02-09 22:44:18,327][com.java.SeleniumDriver] [  930] -  RESULT true
[INFO ][2016-02-09 22:44:18,327][com.java.SeleniumDriver] [ 1136] - ?   P A S S   ?
[INFO ][2016-02-09 22:44:18,327][com.java.SeleniumDriver] [  856] - ------------------------------------------
[INFO ][2016-02-09 22:44:18,327][com.java.SeleniumDriver] [  857] - Test case being Executed: 8
[INFO ][2016-02-09 22:44:18,327][com.java.SeleniumDriver] [  869] - Test step:13
[INFO ][2016-02-09 22:44:18,327][com.java.SeleniumDriver] [  881] - Datavalue is----------null
[DEBUG][2016-02-09 22:44:18,327][com.java.SeleniumDriver] [  899] - Exception: null
[INFO ][2016-02-09 22:44:18,327][com.java.SeleniumDriver] [  905] - DataField : XPH//div[@class="menu"]//span[@class='glyphicon glyphicon-bell']
[INFO ][2016-02-09 22:44:18,327][com.java.SeleniumDriver] [  907] - DataValue : 
[INFO ][2016-02-09 22:44:18,327][com.java.SeleniumDriver] [  913] - <In Set values of the page>
[INFO ][2016-02-09 22:44:18,329][com.java.SeleniumDriver] [  916] - {Data Fields & Data Values Exist}
[INFO ][2016-02-09 22:44:18,329][com.java.SeleniumDriver] [  918] - --------------------------setting values-----------------------------
[INFO ][2016-02-09 22:44:18,329][com.java.SeleniumDriver] [  921] - Action Type : CLICK
[INFO ][2016-02-09 22:44:18,329][com.java.TestType] [ 7153] - Field ::XPH//div[@class="menu"]//span[@class='glyphicon glyphicon-bell']
[INFO ][2016-02-09 22:44:18,329][com.java.TestType] [ 6752] - value = 
[INFO ][2016-02-09 22:44:19,330][com.java.TestType] [ 7330] - BEFORE CLICK
[INFO ][2016-02-09 22:44:20,574][com.java.TestType] [ 7338] - Unable to click the object Click on  bell symbol
[INFO ][2016-02-09 22:44:20,574][com.java.SeleniumDriver] [  930] -  RESULT true
[INFO ][2016-02-09 22:44:20,574][com.java.SeleniumDriver] [ 1136] - ?   P A S S   ?
[INFO ][2016-02-09 22:44:20,574][com.java.SeleniumDriver] [  856] - ------------------------------------------
[INFO ][2016-02-09 22:44:20,574][com.java.SeleniumDriver] [  857] - Test case being Executed: 8
[INFO ][2016-02-09 22:44:20,574][com.java.SeleniumDriver] [  869] - Test step:14
[INFO ][2016-02-09 22:44:20,574][com.java.SeleniumDriver] [  881] - Datavalue is----------null
[DEBUG][2016-02-09 22:44:20,574][com.java.SeleniumDriver] [  899] - Exception: null
[INFO ][2016-02-09 22:44:20,574][com.java.SeleniumDriver] [  905] - DataField : XPH//div[contains(@class,'rightMenuContainer')]//div[@class="menu-drawer"]
[INFO ][2016-02-09 22:44:20,574][com.java.SeleniumDriver] [  907] - DataValue : 
[INFO ][2016-02-09 22:44:20,574][com.java.SeleniumDriver] [  913] - <In Set values of the page>
[INFO ][2016-02-09 22:44:20,574][com.java.SeleniumDriver] [  916] - {Data Fields & Data Values Exist}
[INFO ][2016-02-09 22:44:20,575][com.java.SeleniumDriver] [  918] - --------------------------setting values-----------------------------
[INFO ][2016-02-09 22:44:20,575][com.java.SeleniumDriver] [  921] - Action Type : CLICK
[INFO ][2016-02-09 22:44:20,575][com.java.TestType] [ 7153] - Field ::XPH//div[contains(@class,'rightMenuContainer')]//div[@class="menu-drawer"]
[INFO ][2016-02-09 22:44:20,575][com.java.TestType] [ 6752] - value = 
[INFO ][2016-02-09 22:44:21,575][com.java.TestType] [ 7330] - BEFORE CLICK
[INFO ][2016-02-09 22:44:22,478][com.java.TestType] [ 7338] - Unable to click the object Click on the Today's Alert Page
[INFO ][2016-02-09 22:44:22,478][com.java.SeleniumDriver] [  930] -  RESULT true
[INFO ][2016-02-09 22:44:22,478][com.java.SeleniumDriver] [ 1136] - ?   P A S S   ?
[INFO ][2016-02-09 22:44:22,478][com.java.SeleniumDriver] [  856] - ------------------------------------------
[INFO ][2016-02-09 22:44:22,478][com.java.SeleniumDriver] [  857] - Test case being Executed: 8
[INFO ][2016-02-09 22:44:22,478][com.java.SeleniumDriver] [  869] - Test step:15
[INFO ][2016-02-09 22:44:22,478][com.java.SeleniumDriver] [  881] - Datavalue is----------//div[@class="menu-drawer"]//span
[INFO ][2016-02-09 22:44:22,478][com.java.SeleniumDriver] [  905] - DataField : BTN
[INFO ][2016-02-09 22:44:22,478][com.java.SeleniumDriver] [  907] - DataValue : //div[@class="menu-drawer"]//span
[INFO ][2016-02-09 22:44:22,478][com.java.SeleniumDriver] [  913] - <In Set values of the page>
[INFO ][2016-02-09 22:44:22,478][com.java.SeleniumDriver] [  916] - {Data Fields & Data Values Exist}
[INFO ][2016-02-09 22:44:22,478][com.java.SeleniumDriver] [  918] - --------------------------setting values-----------------------------
[INFO ][2016-02-09 22:44:22,478][com.java.SeleniumDriver] [  921] - Action Type : VERIFY
[INFO ][2016-02-09 22:44:22,479][com.java.TestType] [ 8386] - field= BTN value= //div[@class="menu-drawer"]//span
[INFO ][2016-02-09 22:44:22,479][com.java.TestType] [ 6752] - value = //div[@class="menu-drawer"]//span
[INFO ][2016-02-09 22:44:22,591][com.java.SeleniumDriver] [  930] -  RESULT true
[INFO ][2016-02-09 22:44:22,592][com.java.SeleniumDriver] [ 1136] - ?   P A S S   ?
[INFO ][2016-02-09 22:44:22,592][com.java.SeleniumDriver] [  856] - ------------------------------------------
[INFO ][2016-02-09 22:44:22,592][com.java.SeleniumDriver] [  857] - Test case being Executed: 8
[INFO ][2016-02-09 22:44:22,592][com.java.SeleniumDriver] [  869] - Test step:16
[INFO ][2016-02-09 22:44:22,592][com.java.SeleniumDriver] [  881] - Datavalue is----------//div[@id='isAlertsHeading']/h4
[INFO ][2016-02-09 22:44:22,592][com.java.SeleniumDriver] [  905] - DataField : BTN
[INFO ][2016-02-09 22:44:22,592][com.java.SeleniumDriver] [  907] - DataValue : //div[@id='isAlertsHeading']/h4
[INFO ][2016-02-09 22:44:22,592][com.java.SeleniumDriver] [  913] - <In Set values of the page>
[INFO ][2016-02-09 22:44:22,592][com.java.SeleniumDriver] [  916] - {Data Fields & Data Values Exist}
[INFO ][2016-02-09 22:44:22,592][com.java.SeleniumDriver] [  918] - --------------------------setting values-----------------------------
[INFO ][2016-02-09 22:44:22,592][com.java.SeleniumDriver] [  921] - Action Type : VERIFY
[INFO ][2016-02-09 22:44:22,592][com.java.TestType] [ 8386] - field= BTN value= //div[@id='isAlertsHeading']/h4
[INFO ][2016-02-09 22:44:22,592][com.java.TestType] [ 6752] - value = //div[@id='isAlertsHeading']/h4
[INFO ][2016-02-09 22:44:22,662][com.java.SeleniumDriver] [  930] -  RESULT true
[INFO ][2016-02-09 22:44:22,662][com.java.SeleniumDriver] [ 1136] - ?   P A S S   ?
[INFO ][2016-02-09 22:44:22,662][com.java.SeleniumDriver] [  856] - ------------------------------------------
[INFO ][2016-02-09 22:44:22,662][com.java.SeleniumDriver] [  857] - Test case being Executed: 8
[INFO ][2016-02-09 22:44:22,662][com.java.SeleniumDriver] [  869] - Test step:17
[INFO ][2016-02-09 22:44:22,662][com.java.SeleniumDriver] [  881] - Datavalue is----------null
[DEBUG][2016-02-09 22:44:22,662][com.java.SeleniumDriver] [  899] - Exception: null
[INFO ][2016-02-09 22:44:22,663][com.java.SeleniumDriver] [  905] - DataField : XPH//div[@class="panel panel-default ng-scope"]/div[@id='bsAlertsHeading']/h4
[INFO ][2016-02-09 22:44:22,663][com.java.SeleniumDriver] [  907] - DataValue : 
[INFO ][2016-02-09 22:44:22,663][com.java.SeleniumDriver] [  913] - <In Set values of the page>
[INFO ][2016-02-09 22:44:22,663][com.java.SeleniumDriver] [  916] - {Data Fields & Data Values Exist}
[INFO ][2016-02-09 22:44:22,663][com.java.SeleniumDriver] [  918] - --------------------------setting values-----------------------------
[INFO ][2016-02-09 22:44:22,663][com.java.SeleniumDriver] [  921] - Action Type : CLICK
[INFO ][2016-02-09 22:44:22,663][com.java.TestType] [ 7153] - Field ::XPH//div[@class="panel panel-default ng-scope"]/div[@id='bsAlertsHeading']/h4
[INFO ][2016-02-09 22:44:22,663][com.java.TestType] [ 6752] - value = 
[INFO ][2016-02-09 22:44:23,663][com.java.TestType] [ 7330] - BEFORE CLICK
[INFO ][2016-02-09 22:44:24,598][com.java.TestType] [ 7338] - Unable to click the object Click on Income Statement tab
[INFO ][2016-02-09 22:44:24,598][com.java.SeleniumDriver] [  930] -  RESULT true
[INFO ][2016-02-09 22:44:24,598][com.java.SeleniumDriver] [ 1136] - ?   P A S S   ?
[INFO ][2016-02-09 22:44:24,598][com.java.SeleniumDriver] [  856] - ------------------------------------------
[INFO ][2016-02-09 22:44:24,598][com.java.SeleniumDriver] [  857] - Test case being Executed: 8
[INFO ][2016-02-09 22:44:24,598][com.java.SeleniumDriver] [  869] - Test step:18
[INFO ][2016-02-09 22:44:24,598][com.java.SeleniumDriver] [  881] - Datavalue is----------5
[INFO ][2016-02-09 22:44:24,598][com.java.SeleniumDriver] [  905] - DataField : null
[INFO ][2016-02-09 22:44:24,598][com.java.SeleniumDriver] [  907] - DataValue : 5
[INFO ][2016-02-09 22:44:24,598][com.java.SeleniumDriver] [  913] - <In Set values of the page>
[INFO ][2016-02-09 22:44:24,598][com.java.SeleniumDriver] [  916] - {Data Fields & Data Values Exist}
[INFO ][2016-02-09 22:44:24,598][com.java.SeleniumDriver] [  918] - --------------------------setting values-----------------------------
[INFO ][2016-02-09 22:44:24,599][com.java.SeleniumDriver] [  921] - Action Type : WAITTIME
[DEBUG][2016-02-09 22:44:24,599][com.java.TestType] [ 6561] - sleepTime: 5000
[INFO ][2016-02-09 22:44:29,599][com.java.SeleniumDriver] [  930] -  RESULT true
[INFO ][2016-02-09 22:44:29,599][com.java.SeleniumDriver] [ 1136] - ?   P A S S   ?
[INFO ][2016-02-09 22:44:29,599][com.java.SeleniumDriver] [  856] - ------------------------------------------
[INFO ][2016-02-09 22:44:29,599][com.java.SeleniumDriver] [  857] - Test case being Executed: 8
[INFO ][2016-02-09 22:44:29,599][com.java.SeleniumDriver] [  869] - Test step:19
[INFO ][2016-02-09 22:44:29,599][com.java.SeleniumDriver] [  881] - Datavalue is----------//div[@id='bsAlertsContent']//div[@class="ng-binding"]
[INFO ][2016-02-09 22:44:29,599][com.java.SeleniumDriver] [  905] - DataField : BTN
[INFO ][2016-02-09 22:44:29,599][com.java.SeleniumDriver] [  907] - DataValue : //div[@id='bsAlertsContent']//div[@class="ng-binding"]
[INFO ][2016-02-09 22:44:29,599][com.java.SeleniumDriver] [  913] - <In Set values of the page>
[INFO ][2016-02-09 22:44:29,599][com.java.SeleniumDriver] [  916] - {Data Fields & Data Values Exist}
[INFO ][2016-02-09 22:44:29,599][com.java.SeleniumDriver] [  918] - --------------------------setting values-----------------------------
[INFO ][2016-02-09 22:44:29,600][com.java.SeleniumDriver] [  921] - Action Type : VERIFY
[INFO ][2016-02-09 22:44:29,600][com.java.TestType] [ 8386] - field= BTN value= //div[@id='bsAlertsContent']//div[@class="ng-binding"]
[INFO ][2016-02-09 22:44:29,600][com.java.TestType] [ 6752] - value = //div[@id='bsAlertsContent']//div[@class="ng-binding"]
[INFO ][2016-02-09 22:44:29,680][com.java.SeleniumDriver] [  930] -  RESULT true
[INFO ][2016-02-09 22:44:29,680][com.java.SeleniumDriver] [ 1136] - ?   P A S S   ?
[INFO ][2016-02-09 22:44:29,680][com.java.SeleniumDriver] [  856] - ------------------------------------------
[INFO ][2016-02-09 22:44:29,680][com.java.SeleniumDriver] [  857] - Test case being Executed: 8
[INFO ][2016-02-09 22:44:29,680][com.java.SeleniumDriver] [  869] - Test step:20
[INFO ][2016-02-09 22:44:29,680][com.java.SeleniumDriver] [  881] - Datavalue is----------null
[DEBUG][2016-02-09 22:44:29,681][com.java.SeleniumDriver] [  899] - Exception: null
[INFO ][2016-02-09 22:44:29,681][com.java.SeleniumDriver] [  905] - DataField : XPH//div[@class="panel panel-default ng-scope"]/div[@id='bsAlertsHeading']/h4
[INFO ][2016-02-09 22:44:29,681][com.java.SeleniumDriver] [  907] - DataValue : 
[INFO ][2016-02-09 22:44:29,681][com.java.SeleniumDriver] [  913] - <In Set values of the page>
[INFO ][2016-02-09 22:44:29,681][com.java.SeleniumDriver] [  916] - {Data Fields & Data Values Exist}
[INFO ][2016-02-09 22:44:29,681][com.java.SeleniumDriver] [  918] - --------------------------setting values-----------------------------
[INFO ][2016-02-09 22:44:29,681][com.java.SeleniumDriver] [  921] - Action Type : CLICK
[INFO ][2016-02-09 22:44:29,681][com.java.TestType] [ 7153] - Field ::XPH//div[@class="panel panel-default ng-scope"]/div[@id='bsAlertsHeading']/h4
[INFO ][2016-02-09 22:44:29,681][com.java.TestType] [ 6752] - value = 
[INFO ][2016-02-09 22:44:30,681][com.java.TestType] [ 7330] - BEFORE CLICK
[INFO ][2016-02-09 22:44:31,636][com.java.TestType] [ 7338] - Unable to click the object Click on Income Statement tab
[INFO ][2016-02-09 22:44:31,636][com.java.SeleniumDriver] [  930] -  RESULT true
[INFO ][2016-02-09 22:44:31,636][com.java.SeleniumDriver] [ 1136] - ?   P A S S   ?
[INFO ][2016-02-09 22:44:31,636][com.java.SeleniumDriver] [  856] - ------------------------------------------
[INFO ][2016-02-09 22:44:31,636][com.java.SeleniumDriver] [  857] - Test case being Executed: 8
[INFO ][2016-02-09 22:44:31,636][com.java.SeleniumDriver] [  869] - Test step:21
[INFO ][2016-02-09 22:44:31,636][com.java.SeleniumDriver] [  881] - Datavalue is----------//*[@id='bsAlertsContent']/div/div[1]/div[1]
[INFO ][2016-02-09 22:44:31,636][com.java.SeleniumDriver] [  905] - DataField : MSG
[INFO ][2016-02-09 22:44:31,636][com.java.SeleniumDriver] [  907] - DataValue : //*[@id='bsAlertsContent']/div/div[1]/div[1]
[INFO ][2016-02-09 22:44:31,636][com.java.SeleniumDriver] [  913] - <In Set values of the page>
[INFO ][2016-02-09 22:44:31,636][com.java.SeleniumDriver] [  916] - {Data Fields & Data Values Exist}
[INFO ][2016-02-09 22:44:31,636][com.java.SeleniumDriver] [  918] - --------------------------setting values-----------------------------
[INFO ][2016-02-09 22:44:31,637][com.java.SeleniumDriver] [  921] - Action Type : VERIFYNOTPRESENT
[INFO ][2016-02-09 22:44:31,637][com.java.TestType] [10224] - field= MSG value= //*[@id='bsAlertsContent']/div/div[1]/div[1]
[INFO ][2016-02-09 22:44:31,728][com.java.SeleniumDriver] [  930] -  RESULT true
[INFO ][2016-02-09 22:44:31,728][com.java.SeleniumDriver] [ 1136] - ?   P A S S   ?
[INFO ][2016-02-09 22:44:31,728][com.java.SeleniumDriver] [  856] - ------------------------------------------
[INFO ][2016-02-09 22:44:31,728][com.java.SeleniumDriver] [  857] - Test case being Executed: 8
[INFO ][2016-02-09 22:44:31,728][com.java.SeleniumDriver] [  869] - Test step:22
[INFO ][2016-02-09 22:44:31,728][com.java.SeleniumDriver] [  881] - Datavalue is----------5
[INFO ][2016-02-09 22:44:31,728][com.java.SeleniumDriver] [  905] - DataField : null
[INFO ][2016-02-09 22:44:31,729][com.java.SeleniumDriver] [  907] - DataValue : 5
[INFO ][2016-02-09 22:44:31,729][com.java.SeleniumDriver] [  913] - <In Set values of the page>
[INFO ][2016-02-09 22:44:31,729][com.java.SeleniumDriver] [  916] - {Data Fields & Data Values Exist}
[INFO ][2016-02-09 22:44:31,729][com.java.SeleniumDriver] [  918] - --------------------------setting values-----------------------------
[INFO ][2016-02-09 22:44:31,729][com.java.SeleniumDriver] [  921] - Action Type : WAITTIME
[DEBUG][2016-02-09 22:44:31,729][com.java.TestType] [ 6561] - sleepTime: 5000
[INFO ][2016-02-09 22:44:36,729][com.java.SeleniumDriver] [  930] -  RESULT true
[INFO ][2016-02-09 22:44:36,729][com.java.SeleniumDriver] [ 1136] - ?   P A S S   ?
[INFO ][2016-02-09 22:44:36,729][com.java.SeleniumDriver] [  856] - ------------------------------------------
[INFO ][2016-02-09 22:44:36,729][com.java.SeleniumDriver] [  857] - Test case being Executed: 8
[INFO ][2016-02-09 22:44:36,729][com.java.SeleniumDriver] [  869] - Test step:23
[INFO ][2016-02-09 22:44:36,729][com.java.SeleniumDriver] [  881] - Datavalue is----------null
[DEBUG][2016-02-09 22:44:36,729][com.java.SeleniumDriver] [  899] - Exception: null
[INFO ][2016-02-09 22:44:36,729][com.java.SeleniumDriver] [  905] - DataField : HDN//span[@class='glyphicon glyphicon-refresh ng-scope']
[INFO ][2016-02-09 22:44:36,729][com.java.SeleniumDriver] [  907] - DataValue : 
[INFO ][2016-02-09 22:44:36,729][com.java.SeleniumDriver] [  913] - <In Set values of the page>
[INFO ][2016-02-09 22:44:36,729][com.java.SeleniumDriver] [  916] - {Data Fields & Data Values Exist}
[INFO ][2016-02-09 22:44:36,729][com.java.SeleniumDriver] [  918] - --------------------------setting values-----------------------------
[INFO ][2016-02-09 22:44:36,730][com.java.SeleniumDriver] [  921] - Action Type : CLICK
[INFO ][2016-02-09 22:44:36,730][com.java.TestType] [ 7153] - Field ::HDN//span[@class='glyphicon glyphicon-refresh ng-scope']
[INFO ][2016-02-09 22:44:36,730][com.java.TestType] [ 6752] - value = 
[INFO ][2016-02-09 22:44:37,895][com.java.SeleniumDriver] [  930] -  RESULT true
[INFO ][2016-02-09 22:44:37,895][com.java.SeleniumDriver] [ 1136] - ?   P A S S   ?
[INFO ][2016-02-09 22:44:37,895][com.java.SeleniumDriver] [  856] - ------------------------------------------
[INFO ][2016-02-09 22:44:37,895][com.java.SeleniumDriver] [  857] - Test case being Executed: 8
[INFO ][2016-02-09 22:44:37,895][com.java.SeleniumDriver] [  869] - Test step:24
[INFO ][2016-02-09 22:44:37,895][com.java.SeleniumDriver] [  881] - Datavalue is----------15
[INFO ][2016-02-09 22:44:37,895][com.java.SeleniumDriver] [  905] - DataField : null
[INFO ][2016-02-09 22:44:37,895][com.java.SeleniumDriver] [  907] - DataValue : 15
[INFO ][2016-02-09 22:44:37,895][com.java.SeleniumDriver] [  913] - <In Set values of the page>
[INFO ][2016-02-09 22:44:37,895][com.java.SeleniumDriver] [  916] - {Data Fields & Data Values Exist}
[INFO ][2016-02-09 22:44:37,895][com.java.SeleniumDriver] [  918] - --------------------------setting values-----------------------------
[INFO ][2016-02-09 22:44:37,896][com.java.SeleniumDriver] [  921] - Action Type : WAITTIME
[DEBUG][2016-02-09 22:44:37,896][com.java.TestType] [ 6561] - sleepTime: 15000
[INFO ][2016-02-09 22:44:52,896][com.java.SeleniumDriver] [  930] -  RESULT true
[INFO ][2016-02-09 22:44:52,896][com.java.SeleniumDriver] [ 1136] - ?   P A S S   ?
[INFO ][2016-02-09 22:44:52,896][com.java.SeleniumDriver] [  856] - ------------------------------------------
[INFO ][2016-02-09 22:44:52,896][com.java.SeleniumDriver] [  857] - Test case being Executed: 8
[INFO ][2016-02-09 22:44:52,896][com.java.SeleniumDriver] [  869] - Test step:25
[INFO ][2016-02-09 22:44:52,896][com.java.SeleniumDriver] [  881] - Datavalue is----------::glyphicon-play down
[INFO ][2016-02-09 22:44:52,896][com.java.SeleniumDriver] [  905] - DataField : CCM//div[@class="panel panel-default ng-scope"]/div[@id='bsAlertsHeading']/h4/span
[INFO ][2016-02-09 22:44:52,896][com.java.SeleniumDriver] [  907] - DataValue : ::glyphicon-play down
[INFO ][2016-02-09 22:44:52,896][com.java.SeleniumDriver] [  913] - <In Set values of the page>
[INFO ][2016-02-09 22:44:52,896][com.java.SeleniumDriver] [  916] - {Data Fields & Data Values Exist}
[INFO ][2016-02-09 22:44:52,896][com.java.SeleniumDriver] [  918] - --------------------------setting values-----------------------------
[INFO ][2016-02-09 22:44:52,896][com.java.SeleniumDriver] [  921] - Action Type : VERIFY
[INFO ][2016-02-09 22:44:52,897][com.java.TestType] [ 8386] - field= CCM//div[@class="panel panel-default ng-scope"]/div[@id='bsAlertsHeading']/h4/span value= ::glyphicon-play down
[INFO ][2016-02-09 22:44:52,897][com.java.TestType] [ 6752] - value = ::glyphicon-play down
[INFO ][2016-02-09 22:44:53,088][com.java.SeleniumDriver] [  930] -  RESULT true
[INFO ][2016-02-09 22:44:53,088][com.java.SeleniumDriver] [ 1136] - ?   P A S S   ?
[INFO ][2016-02-09 22:44:53,088][com.java.SeleniumDriver] [ 1178] - step change to 28
[INFO ][2016-02-09 22:44:53,088][com.java.SeleniumDriver] [  856] - ------------------------------------------
[INFO ][2016-02-09 22:44:53,088][com.java.SeleniumDriver] [  857] - Test case being Executed: 8
[INFO ][2016-02-09 22:44:53,088][com.java.SeleniumDriver] [  869] - Test step:28
[INFO ][2016-02-09 22:44:53,088][com.java.SeleniumDriver] [  881] - Datavalue is----------3
[INFO ][2016-02-09 22:44:53,088][com.java.SeleniumDriver] [  905] - DataField : null
[INFO ][2016-02-09 22:44:53,088][com.java.SeleniumDriver] [  907] - DataValue : 3
[INFO ][2016-02-09 22:44:53,088][com.java.SeleniumDriver] [  913] - <In Set values of the page>
[INFO ][2016-02-09 22:44:53,088][com.java.SeleniumDriver] [  916] - {Data Fields & Data Values Exist}
[INFO ][2016-02-09 22:44:53,088][com.java.SeleniumDriver] [  918] - --------------------------setting values-----------------------------
[INFO ][2016-02-09 22:44:53,088][com.java.SeleniumDriver] [  921] - Action Type : WAITTIME
[DEBUG][2016-02-09 22:44:53,089][com.java.TestType] [ 6561] - sleepTime: 3000
[INFO ][2016-02-09 22:44:56,089][com.java.SeleniumDriver] [  930] -  RESULT true
[INFO ][2016-02-09 22:44:56,089][com.java.SeleniumDriver] [ 1136] - ?   P A S S   ?
[INFO ][2016-02-09 22:44:56,089][com.java.SeleniumDriver] [  856] - ------------------------------------------
[INFO ][2016-02-09 22:44:56,089][com.java.SeleniumDriver] [  857] - Test case being Executed: 8
[INFO ][2016-02-09 22:44:56,089][com.java.SeleniumDriver] [  869] - Test step:29
[INFO ][2016-02-09 22:44:56,089][com.java.SeleniumDriver] [  881] - Datavalue is----------numberofupdatesbeforerefreshing
[INFO ][2016-02-09 22:44:56,089][com.java.SeleniumDriver] [  905] - DataField : XPH//div[@id="bsAlertsHeading"]//span[@class="badge pull-right ng-binding"]
[INFO ][2016-02-09 22:44:56,089][com.java.SeleniumDriver] [  907] - DataValue : numberofupdatesbeforerefreshing
[INFO ][2016-02-09 22:44:56,089][com.java.SeleniumDriver] [  913] - <In Set values of the page>
[INFO ][2016-02-09 22:44:56,089][com.java.SeleniumDriver] [  916] - {Data Fields & Data Values Exist}
[INFO ][2016-02-09 22:44:56,089][com.java.SeleniumDriver] [  918] - --------------------------setting values-----------------------------
[INFO ][2016-02-09 22:44:56,089][com.java.SeleniumDriver] [  921] - Action Type : STOREVALUE
[INFO ][2016-02-09 22:44:56,090][com.java.TestType] [ 9905] - field= XPH//div[@id="bsAlertsHeading"]//span[@class="badge pull-right ng-binding"]
[DEBUG][2016-02-09 22:44:56,205][com.java.TestType] [ 9960] - Key:: numberofupdatesbeforerefreshing   Value:: 1
[INFO ][2016-02-09 22:44:56,205][com.java.SeleniumDriver] [  930] -  RESULT true
[INFO ][2016-02-09 22:44:56,205][com.java.SeleniumDriver] [ 1136] - ?   P A S S   ?
[INFO ][2016-02-09 22:44:56,205][com.java.SeleniumDriver] [  856] - ------------------------------------------
[INFO ][2016-02-09 22:44:56,205][com.java.SeleniumDriver] [  857] - Test case being Executed: 8
[INFO ][2016-02-09 22:44:56,205][com.java.SeleniumDriver] [  869] - Test step:30
[INFO ][2016-02-09 22:44:56,205][com.java.SeleniumDriver] [  881] - Datavalue is----------HMVnumberofupdatesbeforerefreshing
[INFO ][2016-02-09 22:44:56,205][com.java.SeleniumDriver] [  905] - DataField : TAL//div[@id="bsAlertsContent"]//div[@class="bd-alert ng-scope"]
[INFO ][2016-02-09 22:44:56,206][com.java.SeleniumDriver] [  907] - DataValue : HMVnumberofupdatesbeforerefreshing
[INFO ][2016-02-09 22:44:56,206][com.java.SeleniumDriver] [  913] - <In Set values of the page>
[INFO ][2016-02-09 22:44:56,206][com.java.SeleniumDriver] [  916] - {Data Fields & Data Values Exist}
[INFO ][2016-02-09 22:44:56,206][com.java.SeleniumDriver] [  918] - --------------------------setting values-----------------------------
[INFO ][2016-02-09 22:44:56,206][com.java.SeleniumDriver] [  921] - Action Type : VERIFY
[INFO ][2016-02-09 22:44:56,206][com.java.TestType] [ 8386] - field= TAL//div[@id="bsAlertsContent"]//div[@class="bd-alert ng-scope"] value= HMVnumberofupdatesbeforerefreshing
[INFO ][2016-02-09 22:44:56,206][com.java.TestType] [ 6752] - value = 1
[INFO ][2016-02-09 22:44:56,281][com.java.SeleniumDriver] [  930] -  RESULT true
[INFO ][2016-02-09 22:44:56,281][com.java.SeleniumDriver] [ 1136] - ?   P A S S   ?
[INFO ][2016-02-09 22:44:56,283][com.java.SeleniumDriver] [  856] - ------------------------------------------
[INFO ][2016-02-09 22:44:56,283][com.java.SeleniumDriver] [  857] - Test case being Executed: 8
[INFO ][2016-02-09 22:44:56,283][com.java.SeleniumDriver] [  869] - Test step:31
[INFO ][2016-02-09 22:44:56,283][com.java.SeleniumDriver] [  881] - Datavalue is----------BalanceSheet
[INFO ][2016-02-09 22:44:56,283][com.java.SeleniumDriver] [  905] - DataField : XPH//div[@id="bsAlertsContent"]//div[@class="bd-alert ng-scope"][1]/div[@class="ng-binding"]
[INFO ][2016-02-09 22:44:56,283][com.java.SeleniumDriver] [  907] - DataValue : BalanceSheet
[INFO ][2016-02-09 22:44:56,283][com.java.SeleniumDriver] [  913] - <In Set values of the page>
[INFO ][2016-02-09 22:44:56,283][com.java.SeleniumDriver] [  916] - {Data Fields & Data Values Exist}
[INFO ][2016-02-09 22:44:56,283][com.java.SeleniumDriver] [  918] - --------------------------setting values-----------------------------
[INFO ][2016-02-09 22:44:56,283][com.java.SeleniumDriver] [  921] - Action Type : STOREVALUE
[INFO ][2016-02-09 22:44:56,283][com.java.TestType] [ 9905] - field= XPH//div[@id="bsAlertsContent"]//div[@class="bd-alert ng-scope"][1]/div[@class="ng-binding"]
[DEBUG][2016-02-09 22:44:56,396][com.java.TestType] [ 9960] - Key:: BalanceSheet   Value:: Cash and due from banks
[INFO ][2016-02-09 22:44:56,396][com.java.SeleniumDriver] [  930] -  RESULT true
[INFO ][2016-02-09 22:44:56,396][com.java.SeleniumDriver] [ 1136] - ?   P A S S   ?
[INFO ][2016-02-09 22:44:56,396][com.java.SeleniumDriver] [  856] - ------------------------------------------
[INFO ][2016-02-09 22:44:56,396][com.java.SeleniumDriver] [  857] - Test case being Executed: 8
[INFO ][2016-02-09 22:44:56,396][com.java.SeleniumDriver] [  869] - Test step:32
[INFO ][2016-02-09 22:44:56,396][com.java.SeleniumDriver] [  881] - Datavalue is----------Change
[INFO ][2016-02-09 22:44:56,396][com.java.SeleniumDriver] [  905] - DataField : XPH//div[@id="bsAlertsContent"]//div[@class="bd-alert ng-scope"][1]//span[@ class="ng-binding"]
[INFO ][2016-02-09 22:44:56,396][com.java.SeleniumDriver] [  907] - DataValue : Change
[INFO ][2016-02-09 22:44:56,396][com.java.SeleniumDriver] [  913] - <In Set values of the page>
[INFO ][2016-02-09 22:44:56,396][com.java.SeleniumDriver] [  916] - {Data Fields & Data Values Exist}
[INFO ][2016-02-09 22:44:56,397][com.java.SeleniumDriver] [  918] - --------------------------setting values-----------------------------
[INFO ][2016-02-09 22:44:56,397][com.java.SeleniumDriver] [  921] - Action Type : STOREVALUE
[INFO ][2016-02-09 22:44:56,397][com.java.TestType] [ 9905] - field= XPH//div[@id="bsAlertsContent"]//div[@class="bd-alert ng-scope"][1]//span[@ class="ng-binding"]
[DEBUG][2016-02-09 22:44:56,509][com.java.TestType] [ 9960] - Key:: Change   Value:: ($1,501,959)
[INFO ][2016-02-09 22:44:56,509][com.java.SeleniumDriver] [  930] -  RESULT true
[INFO ][2016-02-09 22:44:56,509][com.java.SeleniumDriver] [ 1136] - ?   P A S S   ?
[INFO ][2016-02-09 22:44:56,509][com.java.SeleniumDriver] [  856] - ------------------------------------------
[INFO ][2016-02-09 22:44:56,509][com.java.SeleniumDriver] [  857] - Test case being Executed: 8
[INFO ][2016-02-09 22:44:56,509][com.java.SeleniumDriver] [  869] - Test step:33
[INFO ][2016-02-09 22:44:56,509][com.java.SeleniumDriver] [  881] - Datavalue is----------Percentage
[INFO ][2016-02-09 22:44:56,509][com.java.SeleniumDriver] [  905] - DataField : XPH//div[@id="bsAlertsContent"]//div[@class="bd-alert ng-scope"][1]//span[@class="pull-right ng-binding"]
[INFO ][2016-02-09 22:44:56,509][com.java.SeleniumDriver] [  907] - DataValue : Percentage
[INFO ][2016-02-09 22:44:56,509][com.java.SeleniumDriver] [  913] - <In Set values of the page>
[INFO ][2016-02-09 22:44:56,509][com.java.SeleniumDriver] [  916] - {Data Fields & Data Values Exist}
[INFO ][2016-02-09 22:44:56,510][com.java.SeleniumDriver] [  918] - --------------------------setting values-----------------------------
[INFO ][2016-02-09 22:44:56,510][com.java.SeleniumDriver] [  921] - Action Type : STOREVALUE
[INFO ][2016-02-09 22:44:56,510][com.java.TestType] [ 9905] - field= XPH//div[@id="bsAlertsContent"]//div[@class="bd-alert ng-scope"][1]//span[@class="pull-right ng-binding"]
[DEBUG][2016-02-09 22:44:56,676][com.java.TestType] [ 9960] - Key:: Percentage   Value:: (29.51)%
[INFO ][2016-02-09 22:44:56,676][com.java.SeleniumDriver] [  930] -  RESULT true
[INFO ][2016-02-09 22:44:56,676][com.java.SeleniumDriver] [ 1136] - ?   P A S S   ?
[INFO ][2016-02-09 22:44:56,676][com.java.SeleniumDriver] [  856] - ------------------------------------------
[INFO ][2016-02-09 22:44:56,676][com.java.SeleniumDriver] [  857] - Test case being Executed: 8
[INFO ][2016-02-09 22:44:56,676][com.java.SeleniumDriver] [  869] - Test step:34
[INFO ][2016-02-09 22:44:56,676][com.java.SeleniumDriver] [  881] - Datavalue is----------null
[DEBUG][2016-02-09 22:44:56,677][com.java.SeleniumDriver] [  899] - Exception: null
[INFO ][2016-02-09 22:44:56,677][com.java.SeleniumDriver] [  905] - DataField : XPH//span[@class="glyphicon glyphicon-list-alt"]
[INFO ][2016-02-09 22:44:56,677][com.java.SeleniumDriver] [  907] - DataValue : 
[INFO ][2016-02-09 22:44:56,677][com.java.SeleniumDriver] [  913] - <In Set values of the page>
[INFO ][2016-02-09 22:44:56,677][com.java.SeleniumDriver] [  916] - {Data Fields & Data Values Exist}
[INFO ][2016-02-09 22:44:56,677][com.java.SeleniumDriver] [  918] - --------------------------setting values-----------------------------
[INFO ][2016-02-09 22:44:56,677][com.java.SeleniumDriver] [  921] - Action Type : CLICK
[INFO ][2016-02-09 22:44:56,677][com.java.TestType] [ 7153] - Field ::XPH//span[@class="glyphicon glyphicon-list-alt"]
[INFO ][2016-02-09 22:44:56,677][com.java.TestType] [ 6752] - value = 
[INFO ][2016-02-09 22:44:57,677][com.java.TestType] [ 7330] - BEFORE CLICK
[INFO ][2016-02-09 22:44:58,901][com.java.TestType] [ 7338] - Unable to click the object Click on the report button
[INFO ][2016-02-09 22:44:58,901][com.java.SeleniumDriver] [  930] -  RESULT true
[INFO ][2016-02-09 22:44:58,901][com.java.SeleniumDriver] [ 1136] - ?   P A S S   ?
[INFO ][2016-02-09 22:44:58,901][com.java.SeleniumDriver] [  856] - ------------------------------------------
[INFO ][2016-02-09 22:44:58,901][com.java.SeleniumDriver] [  857] - Test case being Executed: 8
[INFO ][2016-02-09 22:44:58,901][com.java.SeleniumDriver] [  869] - Test step:35
[INFO ][2016-02-09 22:44:58,901][com.java.SeleniumDriver] [  881] - Datavalue is----------10
[INFO ][2016-02-09 22:44:58,901][com.java.SeleniumDriver] [  905] - DataField : XPH//img[@id='loading']
[INFO ][2016-02-09 22:44:58,901][com.java.SeleniumDriver] [  907] - DataValue : 10
[INFO ][2016-02-09 22:44:58,901][com.java.SeleniumDriver] [  913] - <In Set values of the page>
[INFO ][2016-02-09 22:44:58,901][com.java.SeleniumDriver] [  916] - {Data Fields & Data Values Exist}
[INFO ][2016-02-09 22:44:58,901][com.java.SeleniumDriver] [  918] - --------------------------setting values-----------------------------
[INFO ][2016-02-09 22:44:58,901][com.java.SeleniumDriver] [  921] - Action Type : WaitForElement
[INFO ][2016-02-09 22:44:58,957][com.java.SeleniumDriver] [  930] -  RESULT true
[INFO ][2016-02-09 22:44:58,957][com.java.SeleniumDriver] [ 1136] - ?   P A S S   ?
[INFO ][2016-02-09 22:44:58,958][com.java.SeleniumDriver] [  856] - ------------------------------------------
[INFO ][2016-02-09 22:44:58,958][com.java.SeleniumDriver] [  857] - Test case being Executed: 8
[INFO ][2016-02-09 22:44:58,958][com.java.SeleniumDriver] [  869] - Test step:36
[INFO ][2016-02-09 22:44:58,958][com.java.SeleniumDriver] [  881] - Datavalue is----------90
[INFO ][2016-02-09 22:44:58,958][com.java.SeleniumDriver] [  905] - DataField : XPH//img[@id='loading']
[INFO ][2016-02-09 22:44:58,958][com.java.SeleniumDriver] [  907] - DataValue : 90
[INFO ][2016-02-09 22:44:58,958][com.java.SeleniumDriver] [  913] - <In Set values of the page>
[INFO ][2016-02-09 22:44:58,958][com.java.SeleniumDriver] [  916] - {Data Fields & Data Values Exist}
[INFO ][2016-02-09 22:44:58,958][com.java.SeleniumDriver] [  918] - --------------------------setting values-----------------------------
[INFO ][2016-02-09 22:44:58,958][com.java.SeleniumDriver] [  921] - Action Type : waitForElementNotPresent
[INFO ][2016-02-09 22:45:00,143][com.java.SeleniumDriver] [  930] -  RESULT true
[INFO ][2016-02-09 22:45:00,143][com.java.SeleniumDriver] [ 1136] - ?   P A S S   ?
[INFO ][2016-02-09 22:45:00,143][com.java.SeleniumDriver] [  856] - ------------------------------------------
[INFO ][2016-02-09 22:45:00,143][com.java.SeleniumDriver] [  857] - Test case being Executed: 8
[INFO ][2016-02-09 22:45:00,143][com.java.SeleniumDriver] [  869] - Test step:37
[INFO ][2016-02-09 22:45:00,143][com.java.SeleniumDriver] [  881] - Datavalue is----------15
[INFO ][2016-02-09 22:45:00,143][com.java.SeleniumDriver] [  905] - DataField : null
[INFO ][2016-02-09 22:45:00,143][com.java.SeleniumDriver] [  907] - DataValue : 15
[INFO ][2016-02-09 22:45:00,143][com.java.SeleniumDriver] [  913] - <In Set values of the page>
[INFO ][2016-02-09 22:45:00,143][com.java.SeleniumDriver] [  916] - {Data Fields & Data Values Exist}
[INFO ][2016-02-09 22:45:00,144][com.java.SeleniumDriver] [  918] - --------------------------setting values-----------------------------
[INFO ][2016-02-09 22:45:00,144][com.java.SeleniumDriver] [  921] - Action Type : WAITTIME
[DEBUG][2016-02-09 22:45:00,144][com.java.TestType] [ 6561] - sleepTime: 15000
[INFO ][2016-02-09 22:45:15,144][com.java.SeleniumDriver] [  930] -  RESULT true
[INFO ][2016-02-09 22:45:15,144][com.java.SeleniumDriver] [ 1136] - ?   P A S S   ?
[INFO ][2016-02-09 22:45:15,144][com.java.SeleniumDriver] [  856] - ------------------------------------------
[INFO ][2016-02-09 22:45:15,144][com.java.SeleniumDriver] [  857] - Test case being Executed: 8
[INFO ][2016-02-09 22:45:15,144][com.java.SeleniumDriver] [  869] - Test step:38
[INFO ][2016-02-09 22:45:15,144][com.java.SeleniumDriver] [  881] - Datavalue is----------BalanceSheet::Change
[INFO ][2016-02-09 22:45:15,144][com.java.SeleniumDriver] [  905] - DataField : PVP//div[contains(text(),'mytext')]/following::td[3]/div
[INFO ][2016-02-09 22:45:15,144][com.java.SeleniumDriver] [  907] - DataValue : BalanceSheet::Change
[INFO ][2016-02-09 22:45:15,144][com.java.SeleniumDriver] [  913] - <In Set values of the page>
[INFO ][2016-02-09 22:45:15,144][com.java.SeleniumDriver] [  916] - {Data Fields & Data Values Exist}
[INFO ][2016-02-09 22:45:15,144][com.java.SeleniumDriver] [  918] - --------------------------setting values-----------------------------
[INFO ][2016-02-09 22:45:15,144][com.java.SeleniumDriver] [  921] - Action Type : VERIFY
[INFO ][2016-02-09 22:45:15,145][com.java.TestType] [ 8386] - field= PVP//div[contains(text(),'mytext')]/following::td[3]/div value= BalanceSheet::Change
[INFO ][2016-02-09 22:45:15,145][com.java.TestType] [ 6752] - value = BalanceSheet::Change
[INFO ][2016-02-09 22:45:15,334][com.java.SeleniumDriver] [  930] -  RESULT true
[INFO ][2016-02-09 22:45:15,334][com.java.SeleniumDriver] [ 1136] - ?   P A S S   ?
[INFO ][2016-02-09 22:45:15,335][com.java.SeleniumDriver] [  856] - ------------------------------------------
[INFO ][2016-02-09 22:45:15,335][com.java.SeleniumDriver] [  857] - Test case being Executed: 8
[INFO ][2016-02-09 22:45:15,335][com.java.SeleniumDriver] [  869] - Test step:39
[INFO ][2016-02-09 22:45:15,335][com.java.SeleniumDriver] [  881] - Datavalue is----------BalanceSheet::Percentage
[INFO ][2016-02-09 22:45:15,335][com.java.SeleniumDriver] [  905] - DataField : PVP//div[contains(text(),'mytext')]/following::td[4]/div
[INFO ][2016-02-09 22:45:15,335][com.java.SeleniumDriver] [  907] - DataValue : BalanceSheet::Percentage
[INFO ][2016-02-09 22:45:15,335][com.java.SeleniumDriver] [  913] - <In Set values of the page>
[INFO ][2016-02-09 22:45:15,335][com.java.SeleniumDriver] [  916] - {Data Fields & Data Values Exist}
[INFO ][2016-02-09 22:45:15,335][com.java.SeleniumDriver] [  918] - --------------------------setting values-----------------------------
[INFO ][2016-02-09 22:45:15,335][com.java.SeleniumDriver] [  921] - Action Type : VERIFY
[INFO ][2016-02-09 22:45:15,335][com.java.TestType] [ 8386] - field= PVP//div[contains(text(),'mytext')]/following::td[4]/div value= BalanceSheet::Percentage
[INFO ][2016-02-09 22:45:15,335][com.java.TestType] [ 6752] - value = BalanceSheet::Percentage
[DEBUG][2016-02-09 22:45:15,335][com.java.TestType] [ 9605] - Exception: BalanceSheet::Percentage
[DEBUG][2016-02-09 22:45:15,335][com.java.TestType] [ 9608] - Element not replaced::BalanceSheet::Percentage
[INFO ][2016-02-09 22:45:15,336][com.java.SeleniumDriver] [  930] -  RESULT false
[INFO ][2016-02-09 22:45:15,336][com.java.SeleniumDriver] [  977] - ?   F A I L   ?
[INFO ][2016-02-09 22:45:15,336][com.java.SeleniumDriver] [  985] - Browser Type : IE10
[INFO ][2016-02-09 22:45:15,336][com.java.SeleniumDriver] [  986] - Adding Failed case8
[INFO ][2016-02-09 22:45:15,603][com.java.SeleniumDriver] [ 1100] - failedCases = 8
[ERROR][2016-02-09 22:45:15,603][com.java.SeleniumDriver] [ 1599] - Platform Errors : Our apologies...::We have encountered an issue with your request.::Our apologies?:We encountered an issue with your request.
[INFO ][2016-02-09 22:45:15,603][com.java.SeleniumDriver] [ 1603] - Length =3
[ERROR][2016-02-09 22:45:15,603][com.java.SeleniumDriver] [ 1606] - Error 0 = Our apologies...
[ERROR][2016-02-09 22:45:15,707][com.java.SeleniumDriver] [ 1606] - Error 1 = We have encountered an issue with your request.
[ERROR][2016-02-09 22:45:15,826][com.java.SeleniumDriver] [ 1606] - Error 2 = Our apologies?:We encountered an issue with your request.
[INFO ][2016-02-09 22:45:15,917][com.java.SeleniumDriver] [ 1617] - strError:
[DEBUG][2016-02-09 22:45:15,932][com.java.SeleniumDriver] [ 1248] - Case found
[DEBUG][2016-02-09 22:45:15,932][com.java.SeleniumDriver] [ 1253] - Incrementing ReportCounters[0]:2
[INFO ][2016-02-09 22:45:15,932][com.java.SeleniumDriver] [ 1272] - The results are-------------------[8, 39, Right Hand Menu: BS Alerts-BS Alerts data correctness, Fail, 
Test case failed at Step No. :: 39   Error Message ::  Element not replaced::BalanceSheet::Percentage. Screen Shot : D:\BankersDashboard\TestReports\020916\8_020916_224515_IE10.png, Tue Feb 09 22:45:15 IST 2016]
[INFO ][2016-02-09 22:45:15,932][com.java.SeleniumDriver] [ 1276] - End time is-------3 min 40 sec
[INFO ][2016-02-09 22:45:15,932][com.java.SeleniumDriver] [ 1277] - The results are-------------------[8, 39, Right Hand Menu: BS Alerts-BS Alerts data correctness, Fail, 
Test case failed at Step No. :: 39   Error Message ::  Element not replaced::BalanceSheet::Percentage. Screen Shot : D:\BankersDashboard\TestReports\020916\8_020916_224515_IE10.png, Tue Feb 09 22:45:15 IST 2016]
[DEBUG][2016-02-09 22:45:15,932][com.java.ImportnExport.ExportTestResultsExcel] [  222] - testResultPath = D:\BankersDashboard/TestReports/Test Results_BankersDashBoard_020916_224137_IE10_Any Bank USA.xls
[DEBUG][2016-02-09 22:45:15,932][com.java.ImportnExport.ExportTestResultsExcel] [  223] - browser is------------IE10
[DEBUG][2016-02-09 22:45:15,934][com.java.ImportnExport.ExportTestResultsExcel] [  270] - result.size() = 6
[DEBUG][2016-02-09 22:45:15,935][com.java.ImportnExport.ExportTestResultsExcel] [  274] - No of rows in sheet=2
[DEBUG][2016-02-09 22:45:15,935][com.java.ImportnExport.ExportTestResultsExcel] [  301] - ..in export..8
[DEBUG][2016-02-09 22:45:15,935][com.java.ImportnExport.ExportTestResultsExcel] [  301] - ..in export..Right Hand Menu: BS Alerts-BS Alerts data correctness
[DEBUG][2016-02-09 22:45:15,935][com.java.ImportnExport.ExportTestResultsExcel] [  301] - ..in export..Fail
[DEBUG][2016-02-09 22:45:15,935][com.java.ImportnExport.ExportTestResultsExcel] [  301] - ..in export..
Test case failed at Step No. :: 39   Error Message ::  Element not replaced::BalanceSheet::Percentage. Screen Shot : D:\BankersDashboard\TestReports\020916\8_020916_224515_IE10.png
[DEBUG][2016-02-09 22:45:15,935][com.java.ImportnExport.ExportTestResultsExcel] [  301] - ..in export..Tue Feb 09 22:45:15 IST 2016
[INFO ][2016-02-09 22:45:15,936][com.java.SeleniumDriver] [ 1337] - out loop:1 size:3 TestCases:[1, 8, 9] testcases:[1, 8, 9]
[INFO ][2016-02-09 22:45:15,936][com.java.ImportnExport.ImportTestDataDetailsExcel] [   49] - test data details path===== D:\BankersDashboard\TestInputs\TestData.xls
[INFO ][2016-02-09 22:45:32,068][com.java.SeleniumDriver] [  856] - ------------------------------------------
[INFO ][2016-02-09 22:45:32,068][com.java.SeleniumDriver] [  857] - Test case being Executed: 9
[INFO ][2016-02-09 22:45:32,068][com.java.SeleniumDriver] [  869] - Test step:1
[INFO ][2016-02-09 22:45:32,068][com.java.SeleniumDriver] [  881] - Datavalue is----------Logout
[INFO ][2016-02-09 22:45:32,068][com.java.SeleniumDriver] [  905] - DataField : BTN
[INFO ][2016-02-09 22:45:32,068][com.java.SeleniumDriver] [  907] - DataValue : Logout
[INFO ][2016-02-09 22:45:32,068][com.java.SeleniumDriver] [  913] - <In Set values of the page>
[INFO ][2016-02-09 22:45:32,068][com.java.SeleniumDriver] [  916] - {Data Fields & Data Values Exist}
[INFO ][2016-02-09 22:45:32,068][com.java.SeleniumDriver] [  918] - --------------------------setting values-----------------------------
[INFO ][2016-02-09 22:45:32,068][com.java.SeleniumDriver] [  921] - Action Type : Verify
[INFO ][2016-02-09 22:45:32,068][com.java.TestType] [ 8386] - field= BTN value= Logout
[INFO ][2016-02-09 22:45:32,068][com.java.TestType] [ 6752] - value = Logout
[INFO ][2016-02-09 22:45:32,141][com.java.SeleniumDriver] [  930] -  RESULT true
[INFO ][2016-02-09 22:45:32,141][com.java.SeleniumDriver] [ 1136] - ?   P A S S   ?
[INFO ][2016-02-09 22:45:32,141][com.java.SeleniumDriver] [ 1178] - step change to 3
[INFO ][2016-02-09 22:45:32,141][com.java.SeleniumDriver] [  856] - ------------------------------------------
[INFO ][2016-02-09 22:45:32,141][com.java.SeleniumDriver] [  857] - Test case being Executed: 9
[INFO ][2016-02-09 22:45:32,142][com.java.SeleniumDriver] [  869] - Test step:3
[INFO ][2016-02-09 22:45:32,142][com.java.SeleniumDriver] [  881] - Datavalue is----------Concept#2:1-2
[INFO ][2016-02-09 22:45:32,142][com.java.SeleniumDriver] [  905] - DataField : test
[INFO ][2016-02-09 22:45:32,142][com.java.SeleniumDriver] [  907] - DataValue : Concept#2:1-2
[INFO ][2016-02-09 22:45:32,142][com.java.SeleniumDriver] [  913] - <In Set values of the page>
[INFO ][2016-02-09 22:45:32,142][com.java.SeleniumDriver] [  916] - {Data Fields & Data Values Exist}
[INFO ][2016-02-09 22:45:32,142][com.java.SeleniumDriver] [  918] - --------------------------setting values-----------------------------
[INFO ][2016-02-09 22:45:32,142][com.java.SeleniumDriver] [  921] - Action Type : ExecuteTestCase
[INFO ][2016-02-09 22:45:32,142][com.java.TestType] [  448] - The Concept sheet name is ---------- Concept
[INFO ][2016-02-09 22:45:32,142][com.java.TestType] [  451] - The Concept ID  is ---------- 2
[DEBUG][2016-02-09 22:45:32,142][com.java.TestType] [  455] - Steps being executted in the Concept are: 1:2
[INFO ][2016-02-09 22:45:32,142][com.java.TestType] [  462] - Test data details path ---------- D:\BankersDashboard\TestInputs\TestData.xls
[INFO ][2016-02-09 22:45:32,159][com.java.TestType] [  493] -  str(1) = 2
[INFO ][2016-02-09 22:45:32,160][com.java.TestType] [  496] - Test case Id is---2
[INFO ][2016-02-09 22:45:32,160][com.java.TestType] [  498] - 2
[INFO ][2016-02-09 22:45:32,160][com.java.TestType] [  493] -  str(2) = 1
[INFO ][2016-02-09 22:45:32,162][com.java.TestType] [  493] -  str(1) = 2
[INFO ][2016-02-09 22:45:32,162][com.java.TestType] [  496] - Test case Id is---2
[INFO ][2016-02-09 22:45:32,162][com.java.TestType] [  498] - 2
[INFO ][2016-02-09 22:45:32,162][com.java.TestType] [  493] -  str(2) = 2
[INFO ][2016-02-09 22:45:32,162][com.java.TestType] [  493] -  str(1) = 2
[INFO ][2016-02-09 22:45:32,163][com.java.TestType] [  496] - Test case Id is---2
[INFO ][2016-02-09 22:45:32,163][com.java.TestType] [  498] - 2
[INFO ][2016-02-09 22:45:32,163][com.java.TestType] [  493] -  str(2) = 3
[INFO ][2016-02-09 22:45:32,163][com.java.TestType] [12140] - Looping 1TCID = 2
[DEBUG][2016-02-09 22:45:32,163][com.java.TestType] [12181] - Concept ID:2 :: Step being Executed: 2::1
[INFO ][2016-02-09 22:45:32,163][com.java.TestType] [12219] - dataFields : BNK//select[@id='bank']
[DEBUG][2016-02-09 22:45:32,163][com.java.TestType] [12225] - <In Set values of the page>
[DEBUG][2016-02-09 22:45:32,164][com.java.TestType] [12230] - {Data Fields & Data Values Exist}
[INFO ][2016-02-09 22:45:32,164][com.java.TestType] [12236] - --------------------------setting values-----------------------------
[INFO ][2016-02-09 22:45:32,164][com.java.TestType] [12239] - Action Type : Select
[INFO ][2016-02-09 22:45:32,164][com.java.TestType] [ 6752] - value = PFC
[INFO ][2016-02-09 22:45:32,401][com.java.TestType] [12258] -  RESULT true
[INFO ][2016-02-09 22:45:32,401][com.java.TestType] [12375] - ?   P A S S   ?
[DEBUG][2016-02-09 22:45:32,401][com.java.TestType] [12181] - Concept ID:2 :: Step being Executed: 2::2
[INFO ][2016-02-09 22:45:32,401][com.java.TestType] [12219] - dataFields : LNKLogout
[DEBUG][2016-02-09 22:45:32,401][com.java.TestType] [12225] - <In Set values of the page>
[DEBUG][2016-02-09 22:45:32,401][com.java.TestType] [12230] - {Data Fields & Data Values Exist}
[INFO ][2016-02-09 22:45:32,401][com.java.TestType] [12236] - --------------------------setting values-----------------------------
[INFO ][2016-02-09 22:45:32,401][com.java.TestType] [12239] - Action Type : WaitTime
[DEBUG][2016-02-09 22:45:32,402][com.java.TestType] [ 6561] - sleepTime: 5000
[INFO ][2016-02-09 22:45:37,402][com.java.TestType] [12258] -  RESULT true
[INFO ][2016-02-09 22:45:37,402][com.java.TestType] [12375] - ?   P A S S   ?
[INFO ][2016-02-09 22:45:37,403][com.java.TestType] [12446] - Looping End......
[INFO ][2016-02-09 22:45:37,404][com.java.SeleniumDriver] [  930] -  RESULT true
[INFO ][2016-02-09 22:45:37,404][com.java.SeleniumDriver] [ 1136] - ?   P A S S   ?
[INFO ][2016-02-09 22:45:37,404][com.java.SeleniumDriver] [  856] - ------------------------------------------
[INFO ][2016-02-09 22:45:37,404][com.java.SeleniumDriver] [  857] - Test case being Executed: 9
[INFO ][2016-02-09 22:45:37,404][com.java.SeleniumDriver] [  869] - Test step:4
[INFO ][2016-02-09 22:45:37,404][com.java.SeleniumDriver] [  881] - Datavalue is----------2
[INFO ][2016-02-09 22:45:37,404][com.java.SeleniumDriver] [  905] - DataField : XPH//span[@class='icon-compass']
[INFO ][2016-02-09 22:45:37,404][com.java.SeleniumDriver] [  907] - DataValue : 2
[INFO ][2016-02-09 22:45:37,404][com.java.SeleniumDriver] [  913] - <In Set values of the page>
[INFO ][2016-02-09 22:45:37,405][com.java.SeleniumDriver] [  916] - {Data Fields & Data Values Exist}
[INFO ][2016-02-09 22:45:37,405][com.java.SeleniumDriver] [  918] - --------------------------setting values-----------------------------
[INFO ][2016-02-09 22:45:37,405][com.java.SeleniumDriver] [  921] - Action Type : WaitForElement
[INFO ][2016-02-09 22:45:37,440][com.java.SeleniumDriver] [  930] -  RESULT true
[INFO ][2016-02-09 22:45:37,440][com.java.SeleniumDriver] [ 1136] - ?   P A S S   ?
[INFO ][2016-02-09 22:45:37,440][com.java.SeleniumDriver] [  856] - ------------------------------------------
[INFO ][2016-02-09 22:45:37,440][com.java.SeleniumDriver] [  857] - Test case being Executed: 9
[INFO ][2016-02-09 22:45:37,440][com.java.SeleniumDriver] [  869] - Test step:5
[INFO ][2016-02-09 22:45:37,440][com.java.SeleniumDriver] [  881] - Datavalue is----------2
[INFO ][2016-02-09 22:45:37,440][com.java.SeleniumDriver] [  905] - DataField : XPH//button[contains(@class,'menu-item handle')]
[INFO ][2016-02-09 22:45:37,440][com.java.SeleniumDriver] [  907] - DataValue : 2
[INFO ][2016-02-09 22:45:37,441][com.java.SeleniumDriver] [  913] - <In Set values of the page>
[INFO ][2016-02-09 22:45:37,441][com.java.SeleniumDriver] [  916] - {Data Fields & Data Values Exist}
[INFO ][2016-02-09 22:45:37,442][com.java.SeleniumDriver] [  918] - --------------------------setting values-----------------------------
[INFO ][2016-02-09 22:45:37,442][com.java.SeleniumDriver] [  921] - Action Type : WaitForElement
[INFO ][2016-02-09 22:45:37,489][com.java.SeleniumDriver] [  930] -  RESULT true
[INFO ][2016-02-09 22:45:37,489][com.java.SeleniumDriver] [ 1136] - ?   P A S S   ?
[INFO ][2016-02-09 22:45:37,489][com.java.SeleniumDriver] [  856] - ------------------------------------------
[INFO ][2016-02-09 22:45:37,489][com.java.SeleniumDriver] [  857] - Test case being Executed: 9
[INFO ][2016-02-09 22:45:37,489][com.java.SeleniumDriver] [  869] - Test step:6
[INFO ][2016-02-09 22:45:37,489][com.java.SeleniumDriver] [  881] - Datavalue is----------null
[DEBUG][2016-02-09 22:45:37,490][com.java.SeleniumDriver] [  899] - Exception: null
[INFO ][2016-02-09 22:45:37,490][com.java.SeleniumDriver] [  905] - DataField : XPH//button[contains(@class,'menu-item handle')]
[INFO ][2016-02-09 22:45:37,490][com.java.SeleniumDriver] [  907] - DataValue : 
[INFO ][2016-02-09 22:45:37,490][com.java.SeleniumDriver] [  913] - <In Set values of the page>
[INFO ][2016-02-09 22:45:37,490][com.java.SeleniumDriver] [  916] - {Data Fields & Data Values Exist}
[INFO ][2016-02-09 22:45:37,490][com.java.SeleniumDriver] [  918] - --------------------------setting values-----------------------------
[INFO ][2016-02-09 22:45:37,490][com.java.SeleniumDriver] [  921] - Action Type : Click
[INFO ][2016-02-09 22:45:37,490][com.java.TestType] [ 7153] - Field ::XPH//button[contains(@class,'menu-item handle')]
[INFO ][2016-02-09 22:45:37,490][com.java.TestType] [ 6752] - value = 
[INFO ][2016-02-09 22:45:38,490][com.java.TestType] [ 7330] - BEFORE CLICK
[INFO ][2016-02-09 22:45:39,411][com.java.TestType] [ 7338] - Unable to click the object Collapse Menu
[INFO ][2016-02-09 22:45:39,411][com.java.SeleniumDriver] [  930] -  RESULT true
[INFO ][2016-02-09 22:45:39,411][com.java.SeleniumDriver] [ 1136] - ?   P A S S   ?
[INFO ][2016-02-09 22:45:39,411][com.java.SeleniumDriver] [  856] - ------------------------------------------
[INFO ][2016-02-09 22:45:39,411][com.java.SeleniumDriver] [  857] - Test case being Executed: 9
[INFO ][2016-02-09 22:45:39,411][com.java.SeleniumDriver] [  869] - Test step:7
[INFO ][2016-02-09 22:45:39,411][com.java.SeleniumDriver] [  881] - Datavalue is----------null
[DEBUG][2016-02-09 22:45:39,411][com.java.SeleniumDriver] [  899] - Exception: null
[INFO ][2016-02-09 22:45:39,411][com.java.SeleniumDriver] [  905] - DataField : XPH//button[@id='menu-toggle']
[INFO ][2016-02-09 22:45:39,411][com.java.SeleniumDriver] [  907] - DataValue : 
[INFO ][2016-02-09 22:45:39,411][com.java.SeleniumDriver] [  913] - <In Set values of the page>
[INFO ][2016-02-09 22:45:39,411][com.java.SeleniumDriver] [  916] - {Data Fields & Data Values Exist}
[INFO ][2016-02-09 22:45:39,412][com.java.SeleniumDriver] [  918] - --------------------------setting values-----------------------------
[INFO ][2016-02-09 22:45:39,412][com.java.SeleniumDriver] [  921] - Action Type : Click
[INFO ][2016-02-09 22:45:39,412][com.java.TestType] [ 7153] - Field ::XPH//button[@id='menu-toggle']
[INFO ][2016-02-09 22:45:39,412][com.java.TestType] [ 6752] - value = 
[INFO ][2016-02-09 22:45:40,412][com.java.TestType] [ 7330] - BEFORE CLICK
[INFO ][2016-02-09 22:45:41,875][com.java.TestType] [ 7338] - Unable to click the object Hide left menu 
[INFO ][2016-02-09 22:45:41,875][com.java.SeleniumDriver] [  930] -  RESULT true
[INFO ][2016-02-09 22:45:41,875][com.java.SeleniumDriver] [ 1136] - ?   P A S S   ?
[INFO ][2016-02-09 22:45:41,875][com.java.SeleniumDriver] [  856] - ------------------------------------------
[INFO ][2016-02-09 22:45:41,875][com.java.SeleniumDriver] [  857] - Test case being Executed: 9
[INFO ][2016-02-09 22:45:41,875][com.java.SeleniumDriver] [  869] - Test step:8
[INFO ][2016-02-09 22:45:41,875][com.java.SeleniumDriver] [  881] - Datavalue is----------null
[DEBUG][2016-02-09 22:45:41,875][com.java.SeleniumDriver] [  899] - Exception: null
[INFO ][2016-02-09 22:45:41,875][com.java.SeleniumDriver] [  905] - DataField : XPH//button[@id='menu-toggle']
[INFO ][2016-02-09 22:45:41,875][com.java.SeleniumDriver] [  907] - DataValue : 
[INFO ][2016-02-09 22:45:41,875][com.java.SeleniumDriver] [  913] - <In Set values of the page>
[INFO ][2016-02-09 22:45:41,875][com.java.SeleniumDriver] [  916] - {Data Fields & Data Values Exist}
[INFO ][2016-02-09 22:45:41,876][com.java.SeleniumDriver] [  918] - --------------------------setting values-----------------------------
[INFO ][2016-02-09 22:45:41,876][com.java.SeleniumDriver] [  921] - Action Type : Click
[INFO ][2016-02-09 22:45:41,876][com.java.TestType] [ 7153] - Field ::XPH//button[@id='menu-toggle']
[INFO ][2016-02-09 22:45:41,876][com.java.TestType] [ 6752] - value = 
[INFO ][2016-02-09 22:45:42,876][com.java.TestType] [ 7330] - BEFORE CLICK
[INFO ][2016-02-09 22:45:44,291][com.java.TestType] [ 7338] - Unable to click the object Hide left menu 
[INFO ][2016-02-09 22:45:44,291][com.java.SeleniumDriver] [  930] -  RESULT true
[INFO ][2016-02-09 22:45:44,291][com.java.SeleniumDriver] [ 1136] - ?   P A S S   ?
[INFO ][2016-02-09 22:45:44,291][com.java.SeleniumDriver] [  856] - ------------------------------------------
[INFO ][2016-02-09 22:45:44,291][com.java.SeleniumDriver] [  857] - Test case being Executed: 9
[INFO ][2016-02-09 22:45:44,291][com.java.SeleniumDriver] [  869] - Test step:9
[INFO ][2016-02-09 22:45:44,291][com.java.SeleniumDriver] [  881] - Datavalue is----------null
[DEBUG][2016-02-09 22:45:44,291][com.java.SeleniumDriver] [  899] - Exception: null
[INFO ][2016-02-09 22:45:44,291][com.java.SeleniumDriver] [  905] - DataField : XPH//button[@class='menu-item handle']
[INFO ][2016-02-09 22:45:44,291][com.java.SeleniumDriver] [  907] - DataValue : 
[INFO ][2016-02-09 22:45:44,291][com.java.SeleniumDriver] [  913] - <In Set values of the page>
[INFO ][2016-02-09 22:45:44,291][com.java.SeleniumDriver] [  916] - {Data Fields & Data Values Exist}
[INFO ][2016-02-09 22:45:44,292][com.java.SeleniumDriver] [  918] - --------------------------setting values-----------------------------
[INFO ][2016-02-09 22:45:44,292][com.java.SeleniumDriver] [  921] - Action Type : Click
[INFO ][2016-02-09 22:45:44,292][com.java.TestType] [ 7153] - Field ::XPH//button[@class='menu-item handle']
[INFO ][2016-02-09 22:45:44,292][com.java.TestType] [ 6752] - value = 
[INFO ][2016-02-09 22:45:45,292][com.java.TestType] [ 7330] - BEFORE CLICK
[INFO ][2016-02-09 22:45:46,318][com.java.TestType] [ 7338] - Unable to click the object Expand menu
[INFO ][2016-02-09 22:45:46,318][com.java.SeleniumDriver] [  930] -  RESULT true
[INFO ][2016-02-09 22:45:46,318][com.java.SeleniumDriver] [ 1136] - ?   P A S S   ?
[INFO ][2016-02-09 22:45:46,318][com.java.SeleniumDriver] [  856] - ------------------------------------------
[INFO ][2016-02-09 22:45:46,318][com.java.SeleniumDriver] [  857] - Test case being Executed: 9
[INFO ][2016-02-09 22:45:46,318][com.java.SeleniumDriver] [  869] - Test step:10
[INFO ][2016-02-09 22:45:46,318][com.java.SeleniumDriver] [  881] - Datavalue is----------2
[INFO ][2016-02-09 22:45:46,318][com.java.SeleniumDriver] [  905] - DataField : XPH//div[@class="menu"]//span[@class='glyphicon glyphicon-bell']
[INFO ][2016-02-09 22:45:46,318][com.java.SeleniumDriver] [  907] - DataValue : 2
[INFO ][2016-02-09 22:45:46,318][com.java.SeleniumDriver] [  913] - <In Set values of the page>
[INFO ][2016-02-09 22:45:46,318][com.java.SeleniumDriver] [  916] - {Data Fields & Data Values Exist}
[INFO ][2016-02-09 22:45:46,318][com.java.SeleniumDriver] [  918] - --------------------------setting values-----------------------------
[INFO ][2016-02-09 22:45:46,318][com.java.SeleniumDriver] [  921] - Action Type : WaitForElement
[INFO ][2016-02-09 22:45:46,396][com.java.SeleniumDriver] [  930] -  RESULT true
[INFO ][2016-02-09 22:45:46,396][com.java.SeleniumDriver] [ 1136] - ?   P A S S   ?
[INFO ][2016-02-09 22:45:46,396][com.java.SeleniumDriver] [  856] - ------------------------------------------
[INFO ][2016-02-09 22:45:46,397][com.java.SeleniumDriver] [  857] - Test case being Executed: 9
[INFO ][2016-02-09 22:45:46,397][com.java.SeleniumDriver] [  869] - Test step:11
[INFO ][2016-02-09 22:45:46,397][com.java.SeleniumDriver] [  881] - Datavalue is----------null
[DEBUG][2016-02-09 22:45:46,397][com.java.SeleniumDriver] [  899] - Exception: null
[INFO ][2016-02-09 22:45:46,397][com.java.SeleniumDriver] [  905] - DataField : XPH//div[@class="menu"]//span[@class='glyphicon glyphicon-bell']
[INFO ][2016-02-09 22:45:46,397][com.java.SeleniumDriver] [  907] - DataValue : 
[INFO ][2016-02-09 22:45:46,397][com.java.SeleniumDriver] [  913] - <In Set values of the page>
[INFO ][2016-02-09 22:45:46,397][com.java.SeleniumDriver] [  916] - {Data Fields & Data Values Exist}
[INFO ][2016-02-09 22:45:46,397][com.java.SeleniumDriver] [  918] - --------------------------setting values-----------------------------
[INFO ][2016-02-09 22:45:46,397][com.java.SeleniumDriver] [  921] - Action Type : Click
[INFO ][2016-02-09 22:45:46,397][com.java.TestType] [ 7153] - Field ::XPH//div[@class="menu"]//span[@class='glyphicon glyphicon-bell']
[INFO ][2016-02-09 22:45:46,397][com.java.TestType] [ 6752] - value = 
[INFO ][2016-02-09 22:45:47,397][com.java.TestType] [ 7330] - BEFORE CLICK
[INFO ][2016-02-09 22:45:48,340][com.java.TestType] [ 7338] - Unable to click the object Bell Icon
[INFO ][2016-02-09 22:45:48,340][com.java.SeleniumDriver] [  930] -  RESULT true
[INFO ][2016-02-09 22:45:48,340][com.java.SeleniumDriver] [ 1136] - ?   P A S S   ?
[INFO ][2016-02-09 22:45:48,340][com.java.SeleniumDriver] [  856] - ------------------------------------------
[INFO ][2016-02-09 22:45:48,340][com.java.SeleniumDriver] [  857] - Test case being Executed: 9
[INFO ][2016-02-09 22:45:48,340][com.java.SeleniumDriver] [  869] - Test step:12
[INFO ][2016-02-09 22:45:48,340][com.java.SeleniumDriver] [  881] - Datavalue is----------//div[@class="body"]//button[@data-original-title="Collapse Menu" ]
[INFO ][2016-02-09 22:45:48,340][com.java.SeleniumDriver] [  905] - DataField : BTN
[INFO ][2016-02-09 22:45:48,340][com.java.SeleniumDriver] [  907] - DataValue : //div[@class="body"]//button[@data-original-title="Collapse Menu" ]
[INFO ][2016-02-09 22:45:48,340][com.java.SeleniumDriver] [  913] - <In Set values of the page>
[INFO ][2016-02-09 22:45:48,340][com.java.SeleniumDriver] [  916] - {Data Fields & Data Values Exist}
[INFO ][2016-02-09 22:45:48,340][com.java.SeleniumDriver] [  918] - --------------------------setting values-----------------------------
[INFO ][2016-02-09 22:45:48,340][com.java.SeleniumDriver] [  921] - Action Type : VERIFY
[INFO ][2016-02-09 22:45:48,341][com.java.TestType] [ 8386] - field= BTN value= //div[@class="body"]//button[@data-original-title="Collapse Menu" ]
[INFO ][2016-02-09 22:45:48,341][com.java.TestType] [ 6752] - value = //div[@class="body"]//button[@data-original-title="Collapse Menu" ]
[DEBUG][2016-02-09 22:46:31,926][com.java.TestType] [ 8039] - //div[@class="body"]//button[@data-original-title="Collapse Menu" ]   :: Element not Found
[ERROR][2016-02-09 22:46:52,722][com.java.TestType] [ 9141] - Assertion Error: 
[INFO ][2016-02-09 22:46:52,722][com.java.SeleniumDriver] [  930] -  RESULT false
[INFO ][2016-02-09 22:46:52,722][com.java.SeleniumDriver] [  977] - ?   F A I L   ?
[INFO ][2016-02-09 22:46:52,722][com.java.SeleniumDriver] [  985] - Browser Type : IE10
[INFO ][2016-02-09 22:46:52,722][com.java.SeleniumDriver] [  986] - Adding Failed case9
[DEBUG][2016-02-09 22:46:52,851][com.java.SeleniumDriver] [ 1054] -  tdd.getCondition() IF:15:Next
[INFO ][2016-02-09 22:46:52,851][com.java.SeleniumDriver] [ 1058] - Continue next step...
[INFO ][2016-02-09 22:46:52,851][com.java.SeleniumDriver] [  856] - ------------------------------------------
[INFO ][2016-02-09 22:46:52,852][com.java.SeleniumDriver] [  857] - Test case being Executed: 9
[INFO ][2016-02-09 22:46:52,852][com.java.SeleniumDriver] [  869] - Test step:13
[INFO ][2016-02-09 22:46:52,852][com.java.SeleniumDriver] [  881] - Datavalue is----------null
[DEBUG][2016-02-09 22:46:52,852][com.java.SeleniumDriver] [  899] - Exception: null
[INFO ][2016-02-09 22:46:52,852][com.java.SeleniumDriver] [  905] - DataField : XPH//button[contains(@class,'menu-item handle')]
[INFO ][2016-02-09 22:46:52,852][com.java.SeleniumDriver] [  907] - DataValue : 
[INFO ][2016-02-09 22:46:52,852][com.java.SeleniumDriver] [  913] - <In Set values of the page>
[INFO ][2016-02-09 22:46:52,852][com.java.SeleniumDriver] [  916] - {Data Fields & Data Values Exist}
[INFO ][2016-02-09 22:46:52,852][com.java.SeleniumDriver] [  918] - --------------------------setting values-----------------------------
[INFO ][2016-02-09 22:46:52,852][com.java.SeleniumDriver] [  921] - Action Type : Click
[INFO ][2016-02-09 22:46:52,852][com.java.TestType] [ 7153] - Field ::XPH//button[contains(@class,'menu-item handle')]
[INFO ][2016-02-09 22:46:52,852][com.java.TestType] [ 6752] - value = 
[INFO ][2016-02-09 22:46:53,852][com.java.TestType] [ 7330] - BEFORE CLICK
[INFO ][2016-02-09 22:46:54,861][com.java.TestType] [ 7338] - Unable to click the object Bell Icon
[INFO ][2016-02-09 22:46:54,861][com.java.SeleniumDriver] [  930] -  RESULT true
[INFO ][2016-02-09 22:46:54,861][com.java.SeleniumDriver] [ 1136] - ?   P A S S   ?
[INFO ][2016-02-09 22:46:54,861][com.java.SeleniumDriver] [  856] - ------------------------------------------
[INFO ][2016-02-09 22:46:54,861][com.java.SeleniumDriver] [  857] - Test case being Executed: 9
[INFO ][2016-02-09 22:46:54,861][com.java.SeleniumDriver] [  869] - Test step:14
[INFO ][2016-02-09 22:46:54,861][com.java.SeleniumDriver] [  881] - Datavalue is----------null
[DEBUG][2016-02-09 22:46:54,862][com.java.SeleniumDriver] [  899] - Exception: null
[INFO ][2016-02-09 22:46:54,862][com.java.SeleniumDriver] [  905] - DataField : XPH//div[@class="menu"]//span[@class='glyphicon glyphicon-bell']
[INFO ][2016-02-09 22:46:54,862][com.java.SeleniumDriver] [  907] - DataValue : 
[INFO ][2016-02-09 22:46:54,862][com.java.SeleniumDriver] [  913] - <In Set values of the page>
[INFO ][2016-02-09 22:46:54,862][com.java.SeleniumDriver] [  916] - {Data Fields & Data Values Exist}
[INFO ][2016-02-09 22:46:54,862][com.java.SeleniumDriver] [  918] - --------------------------setting values-----------------------------
[INFO ][2016-02-09 22:46:54,862][com.java.SeleniumDriver] [  921] - Action Type : Click
[INFO ][2016-02-09 22:46:54,862][com.java.TestType] [ 7153] - Field ::XPH//div[@class="menu"]//span[@class='glyphicon glyphicon-bell']
[INFO ][2016-02-09 22:46:54,862][com.java.TestType] [ 6752] - value = 
[INFO ][2016-02-09 22:46:55,862][com.java.TestType] [ 7330] - BEFORE CLICK
[INFO ][2016-02-09 22:46:56,693][com.java.TestType] [ 7338] - Unable to click the object Bell Icon
[INFO ][2016-02-09 22:46:56,693][com.java.SeleniumDriver] [  930] -  RESULT true
[INFO ][2016-02-09 22:46:56,693][com.java.SeleniumDriver] [ 1136] - ?   P A S S   ?
[INFO ][2016-02-09 22:46:56,693][com.java.SeleniumDriver] [  856] - ------------------------------------------
[INFO ][2016-02-09 22:46:56,693][com.java.SeleniumDriver] [  857] - Test case being Executed: 9
[WARN ][2016-02-09 22:46:56,693][com.java.SeleniumDriver] [  861] - -----------------------Step Skipped:: 	TestCaseNo:  9	 StepNo: 15  	::	Action Type:  WaitForElement 	::		ClientName In TestData:  "SKIP" 	::	ClientName in config:  "Any Bank USA"-----------------------------
[INFO ][2016-02-09 22:46:56,693][com.java.SeleniumDriver] [  856] - ------------------------------------------
[INFO ][2016-02-09 22:46:56,693][com.java.SeleniumDriver] [  857] - Test case being Executed: 9
[INFO ][2016-02-09 22:46:56,693][com.java.SeleniumDriver] [  869] - Test step:16
[INFO ][2016-02-09 22:46:56,693][com.java.SeleniumDriver] [  881] - Datavalue is----------null
[DEBUG][2016-02-09 22:46:56,695][com.java.SeleniumDriver] [  899] - Exception: null
[INFO ][2016-02-09 22:46:56,695][com.java.SeleniumDriver] [  905] - DataField : XPH//div[@class='panel panel-default ng-scope'][2]//span[@class='glyphicon glyphicon-play']
[INFO ][2016-02-09 22:46:56,695][com.java.SeleniumDriver] [  907] - DataValue : 
[INFO ][2016-02-09 22:46:56,695][com.java.SeleniumDriver] [  913] - <In Set values of the page>
[INFO ][2016-02-09 22:46:56,695][com.java.SeleniumDriver] [  916] - {Data Fields & Data Values Exist}
[INFO ][2016-02-09 22:46:56,695][com.java.SeleniumDriver] [  918] - --------------------------setting values-----------------------------
[INFO ][2016-02-09 22:46:56,695][com.java.SeleniumDriver] [  921] - Action Type : Click
[INFO ][2016-02-09 22:46:56,695][com.java.TestType] [ 7153] - Field ::XPH//div[@class='panel panel-default ng-scope'][2]//span[@class='glyphicon glyphicon-play']
[INFO ][2016-02-09 22:46:56,696][com.java.TestType] [ 6752] - value = 
[INFO ][2016-02-09 22:46:57,696][com.java.TestType] [ 7330] - BEFORE CLICK
[ERROR][2016-02-09 22:46:58,131][com.java.TestType] [ 7684] - Exception in click:: Element //div[@class='panel panel-default ng-scope'][2]//span[@class='glyphicon glyphicon-play'] not found
[INFO ][2016-02-09 22:46:58,131][com.java.TestType] [ 7688] - Element :://div[@class='panel panel-default ng-scope'][2]//span[@class='glyphicon glyphicon-play']:: not found
[INFO ][2016-02-09 22:46:58,131][com.java.SeleniumDriver] [  930] -  RESULT false
[INFO ][2016-02-09 22:46:58,131][com.java.SeleniumDriver] [  977] - ?   F A I L   ?
[INFO ][2016-02-09 22:46:58,132][com.java.SeleniumDriver] [  985] - Browser Type : IE10
[INFO ][2016-02-09 22:46:58,132][com.java.SeleniumDriver] [  986] - Adding Failed case9
[INFO ][2016-02-09 22:46:58,417][com.java.SeleniumDriver] [ 1100] - failedCases = 8-9
[ERROR][2016-02-09 22:46:58,417][com.java.SeleniumDriver] [ 1599] - Platform Errors : Our apologies...::We have encountered an issue with your request.::Our apologies?:We encountered an issue with your request.
[INFO ][2016-02-09 22:46:58,417][com.java.SeleniumDriver] [ 1603] - Length =3
[ERROR][2016-02-09 22:46:58,417][com.java.SeleniumDriver] [ 1606] - Error 0 = Our apologies...
[ERROR][2016-02-09 22:46:58,483][com.java.SeleniumDriver] [ 1606] - Error 1 = We have encountered an issue with your request.
[ERROR][2016-02-09 22:46:58,577][com.java.SeleniumDriver] [ 1606] - Error 2 = Our apologies?:We encountered an issue with your request.
[INFO ][2016-02-09 22:46:58,633][com.java.SeleniumDriver] [ 1617] - strError:
[DEBUG][2016-02-09 22:46:58,648][com.java.SeleniumDriver] [ 1248] - Case found
[DEBUG][2016-02-09 22:46:58,648][com.java.SeleniumDriver] [ 1253] - Incrementing ReportCounters[0]:3
[INFO ][2016-02-09 22:46:58,648][com.java.SeleniumDriver] [ 1272] - The results are-------------------[9, 16, BD Right Hand Menu Bar: IS Alerts -IS alerts exists, Fail, 
Test case failed at Step No. :: 16   Error Message ::  Element :://div[@class='panel panel-default ng-scope'][2]//span[@class='glyphicon glyphicon-play']:: not found. Screen Shot : D:\BankersDashboard\TestReports\020916\9_020916_224658_IE10.png, Tue Feb 09 22:46:58 IST 2016]
[INFO ][2016-02-09 22:46:58,648][com.java.SeleniumDriver] [ 1276] - End time is-------5 min 23 sec
[INFO ][2016-02-09 22:46:58,648][com.java.SeleniumDriver] [ 1277] - The results are-------------------[9, 16, BD Right Hand Menu Bar: IS Alerts -IS alerts exists, Fail, 
Test case failed at Step No. :: 16   Error Message ::  Element :://div[@class='panel panel-default ng-scope'][2]//span[@class='glyphicon glyphicon-play']:: not found. Screen Shot : D:\BankersDashboard\TestReports\020916\9_020916_224658_IE10.png, Tue Feb 09 22:46:58 IST 2016]
[DEBUG][2016-02-09 22:46:58,648][com.java.ImportnExport.ExportTestResultsExcel] [  222] - testResultPath = D:\BankersDashboard/TestReports/Test Results_BankersDashBoard_020916_224137_IE10_Any Bank USA.xls
[DEBUG][2016-02-09 22:46:58,648][com.java.ImportnExport.ExportTestResultsExcel] [  223] - browser is------------IE10
[DEBUG][2016-02-09 22:46:58,651][com.java.ImportnExport.ExportTestResultsExcel] [  270] - result.size() = 6
[DEBUG][2016-02-09 22:46:58,651][com.java.ImportnExport.ExportTestResultsExcel] [  274] - No of rows in sheet=3
[DEBUG][2016-02-09 22:46:58,651][com.java.ImportnExport.ExportTestResultsExcel] [  301] - ..in export..9
[DEBUG][2016-02-09 22:46:58,651][com.java.ImportnExport.ExportTestResultsExcel] [  301] - ..in export..BD Right Hand Menu Bar: IS Alerts -IS alerts exists
[DEBUG][2016-02-09 22:46:58,651][com.java.ImportnExport.ExportTestResultsExcel] [  301] - ..in export..Fail
[DEBUG][2016-02-09 22:46:58,651][com.java.ImportnExport.ExportTestResultsExcel] [  301] - ..in export..
Test case failed at Step No. :: 16   Error Message ::  Element :://div[@class='panel panel-default ng-scope'][2]//span[@class='glyphicon glyphicon-play']:: not found. Screen Shot : D:\BankersDashboard\TestReports\020916\9_020916_224658_IE10.png
[DEBUG][2016-02-09 22:46:58,651][com.java.ImportnExport.ExportTestResultsExcel] [  301] - ..in export..Tue Feb 09 22:46:58 IST 2016
[INFO ][2016-02-09 22:46:58,653][com.java.SeleniumDriver] [ 1337] - out loop:2 size:3 TestCases:[1, 8, 9] testcases:[1, 8, 9]
[INFO ][2016-02-09 22:47:00,653][com.java.SeleniumDriver] [ 1380] - Total Number of Cases:3
[INFO ][2016-02-09 22:47:00,653][com.java.TemplateGenerator] [  302] - Executed:3
[INFO ][2016-02-09 22:47:00,653][com.java.TemplateGenerator] [  303] - Passed:1
[INFO ][2016-02-09 22:47:00,653][com.java.TemplateGenerator] [  304] - Failed:2
[INFO ][2016-02-09 22:47:00,653][com.java.TemplateGenerator] [  305] - Skipeed:0
[INFO ][2016-02-09 22:47:00,653][com.java.TemplateGenerator] [  306] - Application URL:https://clients-xuat.bankersdashboard.com
[INFO ][2016-02-09 22:47:00,653][com.java.TemplateGenerator] [  307] - Start Time:020916_224137
[INFO ][2016-02-09 22:47:00,653][com.java.TemplateGenerator] [  308] -  Creating HTML Report 
[ERROR][2016-02-09 22:47:00,654][com.java.TemplateGenerator] [  409] - Unparseable date: "Tue Feb 09 10:41:37 IST 2016"
[INFO ][2016-02-09 22:47:00,654][com.java.TemplateGenerator] [  654] -  Exporting case :: 1
[INFO ][2016-02-09 22:47:00,654][com.java.TemplateGenerator] [  654] -  Exporting case :: 8
[INFO ][2016-02-09 22:47:00,654][com.java.TemplateGenerator] [  654] -  Exporting case :: 9
[INFO ][2016-02-09 22:47:00,661][com.java.SeleniumDriver] [ 1429] - End Time:020916_224700
[INFO ][2016-02-09 22:47:00,661][com.java.SeleniumDriver] [ 1432] - Data in Test Execution Details:{1=PASS, 8=FAILTest case failed at Step No. :: 39   Error Message ::  Element not replaced::BalanceSheet::Percentage, 9=FAILTest case failed at Step No. :: 16   Error Message ::  Element :://div[@class='panel panel-default ng-scope'][2]//span[@class='glyphicon glyphicon-play']:: not found}
[INFO ][2016-02-09 22:47:00,661][com.java.SeleniumDriver] [ 1433] - Data in Failed Execution Deatils:{}
[INFO ][2016-02-09 22:47:00,661][com.java.SeleniumDriver] [ 1435] - ReportCounter:Total:3 :: PASS: 1 ::FAIL: 2
[INFO ][2016-02-09 22:47:00,661][com.java.SeleniumDriver] [ 1436] - FailedReportCounter:Total:0 :: PASS: 0 ::FAIL: 0
[INFO ][2016-02-09 22:47:00,667][com.java.EmailTestReport] [   63] - Sending report mail details:
[INFO ][2016-02-09 22:47:00,667][com.java.EmailTestReport] [   80] - Excel Report Path:D:\BankersDashboard/TestReports/Test Results_BankersDashBoard_020916_224137_IE10_Any Bank USA.xls
[INFO ][2016-02-09 22:47:00,667][com.java.EmailTestReport] [   81] - HTML Report Path:D:\BankersDashboard//TestReports//Test Results_BankersDashBoard_020916_224137_IE10_Any Bank USA.html
[INFO ][2016-02-09 22:47:00,667][com.java.EmailTestReport] [   82] - smtpHostName:mail01.valuelabs.com
[INFO ][2016-02-09 22:47:00,667][com.java.EmailTestReport] [   83] - Recipient:venkateswararao.gubbala@valuelabs.com;
[INFO ][2016-02-09 22:47:00,668][com.java.EmailTestReport] [   84] - From:venkateswararao.gubbala@valuelabs.com;
[INFO ][2016-02-09 22:47:00,668][com.java.EmailTestReport] [   85] - Subject:Deluxe Corp Bankers Dashboard Automation Test Report - Any Bank USA - IE10
[INFO ][2016-02-09 22:47:00,685][com.java.EmailTestReport] [  143] -  Added venkateswararao.gubbala@valuelabs.com
[INFO ][2016-02-09 22:47:04,044][com.java.SeleniumDriver] [  722] - quitting the browser 
[INFO ][2016-02-09 22:47:05,319][com.java.SeleniumDriver] [  264] - Execution Completed Stopping the thread
