[INFO ][2016-01-07 16:10:53,142][com.java.SeleniumDriver] [  213] - Execute Failed Casesfalse
[INFO ][2016-01-07 16:10:53,142][com.java.SeleniumDriver] [  214] - Browser: IE10
[INFO ][2016-01-07 16:10:53,143][com.java.SeleniumDriver] [  215] - [1, 2, 3]
[INFO ][2016-01-07 16:10:53,143][com.java.SeleniumDriver] [  216] - Total TestCases:3
[INFO ][2016-01-07 16:10:53,143][com.java.SeleniumDriver] [  217] -  Reading Properties from Property File 
[DEBUG][2016-01-07 16:10:53,143][com.java.SeleniumDriver] [  238] - url : https://clients-xuat.bankersdashboard.com
[INFO ][2016-01-07 16:10:53,144][com.java.ImportnExport.ExportTestResultsExcel] [  116] - Time Stamp Thu Jan 07 04:10:53 IST 2016
[INFO ][2016-01-07 16:10:53,145][com.java.ImportnExport.ExportTestResultsExcel] [  175] - OUT FILE : D:\BankersDashboard/TestReports/Test Results_BankersDashBoard_010716_161053_IE10_First Bank.xls
[INFO ][2016-01-07 16:10:53,174][com.java.ImportnExport.ExportTestResultsExcel] [  180] - Test Result file is created
[DEBUG][2016-01-07 16:10:53,277][com.java.SeleniumDriver] [  426] - Hub ip address is-------172.17.68.34
[INFO ][2016-01-07 16:10:53,277][com.java.SeleniumDriver] [  452] - Grid URL:http://172.17.68.34:4444/wd/hub
[INFO ][2016-01-07 16:10:53,278][com.java.SeleniumDriver] [  453] - Capability:Capabilities [{platform=ANY, ensureCleanSession=true, ignoreProtectedModeSettings=true, acceptSslCerts=true, ignoreZoomSetting=true, browserName=internet explorer, browserstack.ie.noFlash=true, version=null}]
[ERROR][2016-01-07 16:10:54,605][com.java.SeleniumDriver] [  498] - Unable invoke browser in grid:Could not start a new session. Possible causes are invalid address of the remote server or browser start-up failure.
Build info: version: '2.48.2', revision: '41bccdd', time: '2015-10-09 19:59:12'
System info: host: 'FVTIII438F1D', ip: '172.17.68.34', os.name: 'Windows 7', os.arch: 'x86', os.version: '6.1', java.version: '1.7.0_55'
Driver info: driver.version: SeleniumDriver
[INFO ][2016-01-07 16:10:54,605][com.java.SeleniumDriver] [  500] - Executing on local machine
[INFO ][2016-01-07 16:11:05,326][com.java.SeleniumDriver] [  248] - IE10is opened
[INFO ][2016-01-07 16:11:06,157][com.java.SeleniumDriver] [  756] - Test cases to be executed are: [1, 2, 3]
[INFO ][2016-01-07 16:11:06,178][com.java.ImportnExport.ImportTestDataDetailsExcel] [   49] - test data details path===== D:\BankersDashboard\TestInputs\TestData.xls
[INFO ][2016-01-07 16:11:06,271][com.java.SeleniumDriver] [  832] - ------------------------------------------
[INFO ][2016-01-07 16:11:06,271][com.java.SeleniumDriver] [  833] - Test case being Executed: 1
[INFO ][2016-01-07 16:11:06,271][com.java.SeleniumDriver] [  845] - Test step:1
[INFO ][2016-01-07 16:11:06,271][com.java.SeleniumDriver] [  857] - Datavalue is----------Concept#1:1-16
[INFO ][2016-01-07 16:11:06,272][com.java.SeleniumDriver] [  881] - DataField : test
[INFO ][2016-01-07 16:11:06,272][com.java.SeleniumDriver] [  883] - DataValue : Concept#1:1-16
[INFO ][2016-01-07 16:11:06,272][com.java.SeleniumDriver] [  889] - <In Set values of the page>
[INFO ][2016-01-07 16:11:06,272][com.java.SeleniumDriver] [  892] - {Data Fields & Data Values Exist}
[INFO ][2016-01-07 16:11:06,272][com.java.SeleniumDriver] [  894] - --------------------------setting values-----------------------------
[INFO ][2016-01-07 16:11:06,272][com.java.SeleniumDriver] [  897] - Action Type : ExecuteTestCase
[INFO ][2016-01-07 16:11:06,291][com.java.TestType] [  437] - The Concept sheet name is ---------- Concept
[INFO ][2016-01-07 16:11:06,291][com.java.TestType] [  440] - The Concept ID  is ---------- 1
[DEBUG][2016-01-07 16:11:06,291][com.java.TestType] [  444] - Steps being executted in the Concept are: 1:16
[INFO ][2016-01-07 16:11:06,291][com.java.TestType] [  451] - Test data details path ---------- D:\BankersDashboard\TestInputs\TestData.xls
[INFO ][2016-01-07 16:11:06,323][com.java.TestType] [  482] -  str(1) = 1
[INFO ][2016-01-07 16:11:06,323][com.java.TestType] [  485] - Test case Id is---1
[INFO ][2016-01-07 16:11:06,323][com.java.TestType] [  487] - 1
[INFO ][2016-01-07 16:11:06,323][com.java.TestType] [  482] -  str(2) = 1
[INFO ][2016-01-07 16:11:06,326][com.java.TestType] [  482] -  str(1) = 1
[INFO ][2016-01-07 16:11:06,326][com.java.TestType] [  485] - Test case Id is---1
[INFO ][2016-01-07 16:11:06,326][com.java.TestType] [  487] - 1
[INFO ][2016-01-07 16:11:06,326][com.java.TestType] [  482] -  str(2) = 2
[INFO ][2016-01-07 16:11:06,327][com.java.TestType] [  482] -  str(1) = 1
[INFO ][2016-01-07 16:11:06,328][com.java.TestType] [  485] - Test case Id is---1
[INFO ][2016-01-07 16:11:06,328][com.java.TestType] [  487] - 1
[INFO ][2016-01-07 16:11:06,328][com.java.TestType] [  482] -  str(2) = 3
[INFO ][2016-01-07 16:11:06,329][com.java.TestType] [  482] -  str(1) = 1
[INFO ][2016-01-07 16:11:06,329][com.java.TestType] [  485] - Test case Id is---1
[INFO ][2016-01-07 16:11:06,329][com.java.TestType] [  487] - 1
[INFO ][2016-01-07 16:11:06,329][com.java.TestType] [  482] -  str(2) = 4
[INFO ][2016-01-07 16:11:06,331][com.java.TestType] [  482] -  str(1) = 1
[INFO ][2016-01-07 16:11:06,331][com.java.TestType] [  485] - Test case Id is---1
[INFO ][2016-01-07 16:11:06,331][com.java.TestType] [  487] - 1
[INFO ][2016-01-07 16:11:06,331][com.java.TestType] [  482] -  str(2) = 5
[INFO ][2016-01-07 16:11:06,334][com.java.TestType] [  482] -  str(1) = 1
[INFO ][2016-01-07 16:11:06,334][com.java.TestType] [  485] - Test case Id is---1
[INFO ][2016-01-07 16:11:06,334][com.java.TestType] [  487] - 1
[INFO ][2016-01-07 16:11:06,334][com.java.TestType] [  482] -  str(2) = 6
[INFO ][2016-01-07 16:11:06,335][com.java.TestType] [  482] -  str(1) = 1
[INFO ][2016-01-07 16:11:06,335][com.java.TestType] [  485] - Test case Id is---1
[INFO ][2016-01-07 16:11:06,335][com.java.TestType] [  487] - 1
[INFO ][2016-01-07 16:11:06,335][com.java.TestType] [  482] -  str(2) = 7
[INFO ][2016-01-07 16:11:06,336][com.java.TestType] [  482] -  str(1) = 1
[INFO ][2016-01-07 16:11:06,336][com.java.TestType] [  485] - Test case Id is---1
[INFO ][2016-01-07 16:11:06,336][com.java.TestType] [  487] - 1
[INFO ][2016-01-07 16:11:06,336][com.java.TestType] [  482] -  str(2) = 8
[INFO ][2016-01-07 16:11:06,337][com.java.TestType] [  482] -  str(1) = 1
[INFO ][2016-01-07 16:11:06,337][com.java.TestType] [  485] - Test case Id is---1
[INFO ][2016-01-07 16:11:06,337][com.java.TestType] [  487] - 1
[INFO ][2016-01-07 16:11:06,337][com.java.TestType] [  482] -  str(2) = 9
[INFO ][2016-01-07 16:11:06,338][com.java.TestType] [  482] -  str(1) = 1
[INFO ][2016-01-07 16:11:06,338][com.java.TestType] [  485] - Test case Id is---1
[INFO ][2016-01-07 16:11:06,338][com.java.TestType] [  487] - 1
[INFO ][2016-01-07 16:11:06,338][com.java.TestType] [  482] -  str(2) = 10
[INFO ][2016-01-07 16:11:06,339][com.java.TestType] [  482] -  str(1) = 1
[INFO ][2016-01-07 16:11:06,339][com.java.TestType] [  485] - Test case Id is---1
[INFO ][2016-01-07 16:11:06,339][com.java.TestType] [  487] - 1
[INFO ][2016-01-07 16:11:06,339][com.java.TestType] [  482] -  str(2) = 11
[INFO ][2016-01-07 16:11:06,340][com.java.TestType] [  482] -  str(1) = 1
[INFO ][2016-01-07 16:11:06,340][com.java.TestType] [  485] - Test case Id is---1
[INFO ][2016-01-07 16:11:06,340][com.java.TestType] [  487] - 1
[INFO ][2016-01-07 16:11:06,340][com.java.TestType] [  482] -  str(2) = 12
[INFO ][2016-01-07 16:11:06,341][com.java.TestType] [  482] -  str(1) = 1
[INFO ][2016-01-07 16:11:06,341][com.java.TestType] [  485] - Test case Id is---1
[INFO ][2016-01-07 16:11:06,341][com.java.TestType] [  487] - 1
[INFO ][2016-01-07 16:11:06,341][com.java.TestType] [  482] -  str(2) = 13
[INFO ][2016-01-07 16:11:06,343][com.java.TestType] [  482] -  str(1) = 1
[INFO ][2016-01-07 16:11:06,343][com.java.TestType] [  485] - Test case Id is---1
[INFO ][2016-01-07 16:11:06,343][com.java.TestType] [  487] - 1
[INFO ][2016-01-07 16:11:06,343][com.java.TestType] [  482] -  str(2) = 14
[INFO ][2016-01-07 16:11:06,344][com.java.TestType] [  482] -  str(1) = 1
[INFO ][2016-01-07 16:11:06,344][com.java.TestType] [  485] - Test case Id is---1
[INFO ][2016-01-07 16:11:06,344][com.java.TestType] [  487] - 1
[INFO ][2016-01-07 16:11:06,344][com.java.TestType] [  482] -  str(2) = 15
[INFO ][2016-01-07 16:11:06,345][com.java.TestType] [  482] -  str(1) = 1
[INFO ][2016-01-07 16:11:06,345][com.java.TestType] [  485] - Test case Id is---1
[INFO ][2016-01-07 16:11:06,345][com.java.TestType] [  487] - 1
[INFO ][2016-01-07 16:11:06,345][com.java.TestType] [  482] -  str(2) = 16
[INFO ][2016-01-07 16:11:06,346][com.java.TestType] [10822] - Looping 1TCID = 1
[DEBUG][2016-01-07 16:11:06,346][com.java.TestType] [10863] - Concept ID:1 :: Step being Executed: 1::1
[INFO ][2016-01-07 16:11:06,346][com.java.TestType] [10901] - dataFields : TXTusername
[DEBUG][2016-01-07 16:11:06,346][com.java.TestType] [10907] - <In Set values of the page>
[DEBUG][2016-01-07 16:11:06,346][com.java.TestType] [10912] - {Data Fields & Data Values Exist}
[INFO ][2016-01-07 16:11:06,346][com.java.TestType] [10918] - --------------------------setting values-----------------------------
[INFO ][2016-01-07 16:11:06,346][com.java.TestType] [10921] - Action Type : CLEARANDENTER
[INFO ][2016-01-07 16:11:06,346][com.java.TestType] [ 5895] - value = valuelabs.ie10.15019
[INFO ][2016-01-07 16:11:11,101][com.java.TestType] [10940] -  RESULT true
[INFO ][2016-01-07 16:11:11,102][com.java.TestType] [11057] - ?   P A S S   ?
[DEBUG][2016-01-07 16:11:11,102][com.java.TestType] [10863] - Concept ID:1 :: Step being Executed: 1::2
[INFO ][2016-01-07 16:11:11,102][com.java.TestType] [10901] - dataFields : TXTpassword
[DEBUG][2016-01-07 16:11:11,102][com.java.TestType] [10907] - <In Set values of the page>
[DEBUG][2016-01-07 16:11:11,102][com.java.TestType] [10912] - {Data Fields & Data Values Exist}
[INFO ][2016-01-07 16:11:11,103][com.java.TestType] [10918] - --------------------------setting values-----------------------------
[INFO ][2016-01-07 16:11:11,103][com.java.TestType] [10921] - Action Type : CLEARANDENTER
[INFO ][2016-01-07 16:11:11,103][com.java.TestType] [ 5895] - value = Password1*
[INFO ][2016-01-07 16:11:15,970][com.java.TestType] [10940] -  RESULT true
[INFO ][2016-01-07 16:11:15,970][com.java.TestType] [11057] - ?   P A S S   ?
[DEBUG][2016-01-07 16:11:15,971][com.java.TestType] [10863] - Concept ID:1 :: Step being Executed: 1::3
[ERROR][2016-01-07 16:11:15,971][com.java.TestType] [10896] - Exception: null
[INFO ][2016-01-07 16:11:15,971][com.java.TestType] [10901] - dataFields : XPH//button[@type='submit']
[DEBUG][2016-01-07 16:11:15,971][com.java.TestType] [10907] - <In Set values of the page>
[DEBUG][2016-01-07 16:11:15,972][com.java.TestType] [10912] - {Data Fields & Data Values Exist}
[INFO ][2016-01-07 16:11:15,972][com.java.TestType] [10918] - --------------------------setting values-----------------------------
[INFO ][2016-01-07 16:11:15,972][com.java.TestType] [10921] - Action Type : Click
[INFO ][2016-01-07 16:11:15,972][com.java.TestType] [ 6274] - Field ::XPH//button[@type='submit']
[INFO ][2016-01-07 16:11:15,972][com.java.TestType] [ 5895] - value = 
[INFO ][2016-01-07 16:11:16,972][com.java.TestType] [ 6411] - BEFORE CLICK
[INFO ][2016-01-07 16:11:20,502][com.java.TestType] [ 6419] - Unable to click the object Login
[INFO ][2016-01-07 16:11:20,502][com.java.TestType] [10940] -  RESULT true
[INFO ][2016-01-07 16:11:20,502][com.java.TestType] [11057] - ?   P A S S   ?
[DEBUG][2016-01-07 16:11:20,502][com.java.TestType] [10863] - Concept ID:1 :: Step being Executed: 1::4
[INFO ][2016-01-07 16:11:20,502][com.java.TestType] [10901] - dataFields : LNKLogout
[DEBUG][2016-01-07 16:11:20,502][com.java.TestType] [10907] - <In Set values of the page>
[DEBUG][2016-01-07 16:11:20,502][com.java.TestType] [10912] - {Data Fields & Data Values Exist}
[INFO ][2016-01-07 16:11:20,502][com.java.TestType] [10918] - --------------------------setting values-----------------------------
[INFO ][2016-01-07 16:11:20,502][com.java.TestType] [10921] - Action Type : WaitForElement
[INFO ][2016-01-07 16:11:20,539][com.java.TestType] [10940] -  RESULT true
[INFO ][2016-01-07 16:11:20,539][com.java.TestType] [11057] - ?   P A S S   ?
[DEBUG][2016-01-07 16:11:20,539][com.java.TestType] [10863] - Concept ID:1 :: Step being Executed: 1::15
[INFO ][2016-01-07 16:11:20,539][com.java.TestType] [10901] - dataFields : LNK
[DEBUG][2016-01-07 16:11:20,540][com.java.TestType] [10907] - <In Set values of the page>
[DEBUG][2016-01-07 16:11:20,540][com.java.TestType] [10912] - {Data Fields & Data Values Exist}
[INFO ][2016-01-07 16:11:20,540][com.java.TestType] [10918] - --------------------------setting values-----------------------------
[INFO ][2016-01-07 16:11:20,540][com.java.TestType] [10921] - Action Type : Verify
[INFO ][2016-01-07 16:11:20,540][com.java.TestType] [ 7269] - field= LNK value= Logout
[INFO ][2016-01-07 16:11:20,541][com.java.TestType] [ 5895] - value = Logout
[INFO ][2016-01-07 16:11:20,680][com.java.TestType] [10940] -  RESULT true
[INFO ][2016-01-07 16:11:20,681][com.java.TestType] [11057] - ?   P A S S   ?
[DEBUG][2016-01-07 16:11:20,681][com.java.TestType] [10863] - Concept ID:1 :: Step being Executed: 1::16
[INFO ][2016-01-07 16:11:20,681][com.java.TestType] [10901] - dataFields : BTN
[DEBUG][2016-01-07 16:11:20,681][com.java.TestType] [10907] - <In Set values of the page>
[DEBUG][2016-01-07 16:11:20,681][com.java.TestType] [10912] - {Data Fields & Data Values Exist}
[INFO ][2016-01-07 16:11:20,681][com.java.TestType] [10918] - --------------------------setting values-----------------------------
[INFO ][2016-01-07 16:11:20,681][com.java.TestType] [10921] - Action Type : Verify
[INFO ][2016-01-07 16:11:20,681][com.java.TestType] [ 7269] - field= BTN value= //img[contains(@src,'bdlogo.jpg')]
[INFO ][2016-01-07 16:11:20,681][com.java.TestType] [ 5895] - value = //img[contains(@src,'bdlogo.jpg')]
[INFO ][2016-01-07 16:11:20,754][com.java.TestType] [10940] -  RESULT true
[INFO ][2016-01-07 16:11:20,754][com.java.TestType] [11057] - ?   P A S S   ?
[INFO ][2016-01-07 16:11:20,754][com.java.TestType] [11128] - Looping End......
[INFO ][2016-01-07 16:11:20,758][com.java.SeleniumDriver] [  906] -  RESULT true
[INFO ][2016-01-07 16:11:20,758][com.java.SeleniumDriver] [ 1112] - ?   P A S S   ?
[INFO ][2016-01-07 16:11:20,758][com.java.SeleniumDriver] [  832] - ------------------------------------------
[INFO ][2016-01-07 16:11:20,758][com.java.SeleniumDriver] [  833] - Test case being Executed: 1
[INFO ][2016-01-07 16:11:20,758][com.java.SeleniumDriver] [  845] - Test step:2
[INFO ][2016-01-07 16:11:20,758][com.java.SeleniumDriver] [  857] - Datavalue is----------Concept#2:1-2
[INFO ][2016-01-07 16:11:20,758][com.java.SeleniumDriver] [  881] - DataField : test
[INFO ][2016-01-07 16:11:20,758][com.java.SeleniumDriver] [  883] - DataValue : Concept#2:1-2
[INFO ][2016-01-07 16:11:20,758][com.java.SeleniumDriver] [  889] - <In Set values of the page>
[INFO ][2016-01-07 16:11:20,758][com.java.SeleniumDriver] [  892] - {Data Fields & Data Values Exist}
[INFO ][2016-01-07 16:11:20,760][com.java.SeleniumDriver] [  894] - --------------------------setting values-----------------------------
[INFO ][2016-01-07 16:11:20,760][com.java.SeleniumDriver] [  897] - Action Type : ExecuteTestCase
[INFO ][2016-01-07 16:11:20,761][com.java.TestType] [  437] - The Concept sheet name is ---------- Concept
[INFO ][2016-01-07 16:11:20,761][com.java.TestType] [  440] - The Concept ID  is ---------- 2
[DEBUG][2016-01-07 16:11:20,761][com.java.TestType] [  444] - Steps being executted in the Concept are: 1:2
[INFO ][2016-01-07 16:11:20,761][com.java.TestType] [  451] - Test data details path ---------- D:\BankersDashboard\TestInputs\TestData.xls
[INFO ][2016-01-07 16:11:20,788][com.java.TestType] [  482] -  str(1) = 2
[INFO ][2016-01-07 16:11:20,789][com.java.TestType] [  485] - Test case Id is---2
[INFO ][2016-01-07 16:11:20,789][com.java.TestType] [  487] - 2
[INFO ][2016-01-07 16:11:20,789][com.java.TestType] [  482] -  str(2) = 1
[INFO ][2016-01-07 16:11:20,791][com.java.TestType] [  482] -  str(1) = 2
[INFO ][2016-01-07 16:11:20,791][com.java.TestType] [  485] - Test case Id is---2
[INFO ][2016-01-07 16:11:20,791][com.java.TestType] [  487] - 2
[INFO ][2016-01-07 16:11:20,791][com.java.TestType] [  482] -  str(2) = 2
[INFO ][2016-01-07 16:11:20,791][com.java.TestType] [  482] -  str(1) = 2
[INFO ][2016-01-07 16:11:20,792][com.java.TestType] [  485] - Test case Id is---2
[INFO ][2016-01-07 16:11:20,792][com.java.TestType] [  487] - 2
[INFO ][2016-01-07 16:11:20,792][com.java.TestType] [  482] -  str(2) = 3
[INFO ][2016-01-07 16:11:20,792][com.java.TestType] [10822] - Looping 1TCID = 2
[DEBUG][2016-01-07 16:11:20,792][com.java.TestType] [10863] - Concept ID:2 :: Step being Executed: 2::1
[INFO ][2016-01-07 16:11:20,793][com.java.TestType] [10901] - dataFields : BNK//select[@id='bank']
[DEBUG][2016-01-07 16:11:20,793][com.java.TestType] [10907] - <In Set values of the page>
[DEBUG][2016-01-07 16:11:20,793][com.java.TestType] [10912] - {Data Fields & Data Values Exist}
[INFO ][2016-01-07 16:11:20,793][com.java.TestType] [10918] - --------------------------setting values-----------------------------
[INFO ][2016-01-07 16:11:20,793][com.java.TestType] [10921] - Action Type : Select
[INFO ][2016-01-07 16:11:20,793][com.java.TestType] [ 5895] - value = PFC
[INFO ][2016-01-07 16:11:21,012][com.java.TestType] [10940] -  RESULT true
[INFO ][2016-01-07 16:11:21,012][com.java.TestType] [11057] - ?   P A S S   ?
[DEBUG][2016-01-07 16:11:21,013][com.java.TestType] [10863] - Concept ID:2 :: Step being Executed: 2::2
[INFO ][2016-01-07 16:11:21,013][com.java.TestType] [10901] - dataFields : LNKLogout
[DEBUG][2016-01-07 16:11:21,013][com.java.TestType] [10907] - <In Set values of the page>
[DEBUG][2016-01-07 16:11:21,013][com.java.TestType] [10912] - {Data Fields & Data Values Exist}
[INFO ][2016-01-07 16:11:21,013][com.java.TestType] [10918] - --------------------------setting values-----------------------------
[INFO ][2016-01-07 16:11:21,013][com.java.TestType] [10921] - Action Type : WaitTime
[DEBUG][2016-01-07 16:11:21,013][com.java.TestType] [ 5715] - sleepTime: 5000
[INFO ][2016-01-07 16:11:26,013][com.java.TestType] [10940] -  RESULT true
[INFO ][2016-01-07 16:11:26,013][com.java.TestType] [11057] - ?   P A S S   ?
[INFO ][2016-01-07 16:11:26,013][com.java.TestType] [11128] - Looping End......
[INFO ][2016-01-07 16:11:26,017][com.java.SeleniumDriver] [  906] -  RESULT true
[INFO ][2016-01-07 16:11:26,017][com.java.SeleniumDriver] [ 1112] - ?   P A S S   ?
[INFO ][2016-01-07 16:11:26,017][com.java.SeleniumDriver] [  832] - ------------------------------------------
[INFO ][2016-01-07 16:11:26,017][com.java.SeleniumDriver] [  833] - Test case being Executed: 1
[INFO ][2016-01-07 16:11:26,017][com.java.SeleniumDriver] [  845] - Test step:3
[INFO ][2016-01-07 16:11:26,017][com.java.SeleniumDriver] [  857] - Datavalue is----------2
[INFO ][2016-01-07 16:11:26,017][com.java.SeleniumDriver] [  881] - DataField : XPH//button[contains(text(),'Add Content')]
[INFO ][2016-01-07 16:11:26,017][com.java.SeleniumDriver] [  883] - DataValue : 2
[INFO ][2016-01-07 16:11:26,017][com.java.SeleniumDriver] [  889] - <In Set values of the page>
[INFO ][2016-01-07 16:11:26,017][com.java.SeleniumDriver] [  892] - {Data Fields & Data Values Exist}
[INFO ][2016-01-07 16:11:26,017][com.java.SeleniumDriver] [  894] - --------------------------setting values-----------------------------
[INFO ][2016-01-07 16:11:26,017][com.java.SeleniumDriver] [  897] - Action Type : WAITFORELEMENT
[INFO ][2016-01-07 16:11:26,056][com.java.SeleniumDriver] [  906] -  RESULT true
[INFO ][2016-01-07 16:11:26,056][com.java.SeleniumDriver] [ 1112] - ?   P A S S   ?
[DEBUG][2016-01-07 16:11:26,056][com.java.SeleniumDriver] [ 1224] - Case found
[DEBUG][2016-01-07 16:11:26,056][com.java.SeleniumDriver] [ 1229] - Incrementing ReportCounters[0]:1
[INFO ][2016-01-07 16:11:26,057][com.java.SeleniumDriver] [ 1248] - The results are-------------------[1, 1, Valid Login, Pass, , Thu Jan 07 16:11:20 IST 2016, 1, 2, Valid Login, Pass, , Thu Jan 07 16:11:26 IST 2016, 1, 3, Valid Login, Pass, , Thu Jan 07 16:11:26 IST 2016]
[INFO ][2016-01-07 16:11:26,057][com.java.SeleniumDriver] [ 1252] - End time is-------35 sec
[INFO ][2016-01-07 16:11:26,057][com.java.SeleniumDriver] [ 1253] - The results are-------------------[1, 1, Valid Login, Pass, , Thu Jan 07 16:11:20 IST 2016, 1, 2, Valid Login, Pass, , Thu Jan 07 16:11:26 IST 2016, 1, 3, Valid Login, Pass, , Thu Jan 07 16:11:26 IST 2016]
[DEBUG][2016-01-07 16:11:26,057][com.java.ImportnExport.ExportTestResultsExcel] [  222] - testResultPath = D:\BankersDashboard/TestReports/Test Results_BankersDashBoard_010716_161053_IE10_First Bank.xls
[DEBUG][2016-01-07 16:11:26,057][com.java.ImportnExport.ExportTestResultsExcel] [  223] - browser is------------IE10
[DEBUG][2016-01-07 16:11:26,104][com.java.ImportnExport.ExportTestResultsExcel] [  270] - result.size() = 18
[DEBUG][2016-01-07 16:11:26,104][com.java.ImportnExport.ExportTestResultsExcel] [  274] - No of rows in sheet=1
[DEBUG][2016-01-07 16:11:26,105][com.java.ImportnExport.ExportTestResultsExcel] [  301] - ..in export..1
[DEBUG][2016-01-07 16:11:26,105][com.java.ImportnExport.ExportTestResultsExcel] [  301] - ..in export..Valid Login
[DEBUG][2016-01-07 16:11:26,105][com.java.ImportnExport.ExportTestResultsExcel] [  301] - ..in export..Pass
[DEBUG][2016-01-07 16:11:26,105][com.java.ImportnExport.ExportTestResultsExcel] [  301] - ..in export..
[DEBUG][2016-01-07 16:11:26,105][com.java.ImportnExport.ExportTestResultsExcel] [  301] - ..in export..Thu Jan 07 16:11:20 IST 2016
[INFO ][2016-01-07 16:11:26,107][com.java.SeleniumDriver] [ 1313] - out loop:0 size:3 TestCases:[1, 2, 3] testcases:[1, 2, 3]
[INFO ][2016-01-07 16:11:26,107][com.java.ImportnExport.ImportTestDataDetailsExcel] [   49] - test data details path===== D:\BankersDashboard\TestInputs\TestData.xls
[INFO ][2016-01-07 16:11:56,086][com.java.SeleniumDriver] [  832] - ------------------------------------------
[INFO ][2016-01-07 16:11:56,086][com.java.SeleniumDriver] [  833] - Test case being Executed: 2
[INFO ][2016-01-07 16:11:56,086][com.java.SeleniumDriver] [  845] - Test step:1
[INFO ][2016-01-07 16:11:56,086][com.java.SeleniumDriver] [  857] - Datavalue is----------Logout
[INFO ][2016-01-07 16:11:56,086][com.java.SeleniumDriver] [  881] - DataField : BTN
[INFO ][2016-01-07 16:11:56,086][com.java.SeleniumDriver] [  883] - DataValue : Logout
[INFO ][2016-01-07 16:11:56,086][com.java.SeleniumDriver] [  889] - <In Set values of the page>
[INFO ][2016-01-07 16:11:56,086][com.java.SeleniumDriver] [  892] - {Data Fields & Data Values Exist}
[INFO ][2016-01-07 16:11:56,086][com.java.SeleniumDriver] [  894] - --------------------------setting values-----------------------------
[INFO ][2016-01-07 16:11:56,086][com.java.SeleniumDriver] [  897] - Action Type : Verify
[INFO ][2016-01-07 16:11:56,086][com.java.TestType] [ 7269] - field= BTN value= Logout
[INFO ][2016-01-07 16:11:56,086][com.java.TestType] [ 5895] - value = Logout
[INFO ][2016-01-07 16:11:56,302][com.java.SeleniumDriver] [  906] -  RESULT true
[INFO ][2016-01-07 16:11:56,302][com.java.SeleniumDriver] [ 1112] - ?   P A S S   ?
[INFO ][2016-01-07 16:11:56,302][com.java.SeleniumDriver] [ 1154] - step change to 3
[INFO ][2016-01-07 16:11:56,303][com.java.SeleniumDriver] [  832] - ------------------------------------------
[INFO ][2016-01-07 16:11:56,303][com.java.SeleniumDriver] [  833] - Test case being Executed: 2
[INFO ][2016-01-07 16:11:56,303][com.java.SeleniumDriver] [  845] - Test step:3
[INFO ][2016-01-07 16:11:56,303][com.java.SeleniumDriver] [  857] - Datavalue is----------null
[DEBUG][2016-01-07 16:11:56,303][com.java.SeleniumDriver] [  875] - Exception: null
[INFO ][2016-01-07 16:11:56,303][com.java.SeleniumDriver] [  881] - DataField : //span[@class='icon-user4']&&//a[text()='Users']&&//a[@data-id="ModifyUsers"]
[INFO ][2016-01-07 16:11:56,303][com.java.SeleniumDriver] [  883] - DataValue : 
[INFO ][2016-01-07 16:11:56,303][com.java.SeleniumDriver] [  889] - <In Set values of the page>
[INFO ][2016-01-07 16:11:56,303][com.java.SeleniumDriver] [  892] - {Data Fields & Data Values Exist}
[INFO ][2016-01-07 16:11:56,303][com.java.SeleniumDriver] [  894] - --------------------------setting values-----------------------------
[INFO ][2016-01-07 16:11:56,303][com.java.SeleniumDriver] [  897] - Action Type : MouseOver
[INFO ][2016-01-07 16:12:25,515][com.java.SeleniumDriver] [  906] -  RESULT true
[INFO ][2016-01-07 16:12:25,515][com.java.SeleniumDriver] [ 1112] - ?   P A S S   ?
[INFO ][2016-01-07 16:12:25,515][com.java.SeleniumDriver] [  832] - ------------------------------------------
[INFO ][2016-01-07 16:12:25,515][com.java.SeleniumDriver] [  833] - Test case being Executed: 2
[INFO ][2016-01-07 16:12:25,515][com.java.SeleniumDriver] [  845] - Test step:4
[INFO ][2016-01-07 16:12:25,515][com.java.SeleniumDriver] [  857] - Datavalue is----------2
[INFO ][2016-01-07 16:12:25,515][com.java.SeleniumDriver] [  881] - DataField : BTNframeDialogContent
[INFO ][2016-01-07 16:12:25,515][com.java.SeleniumDriver] [  883] - DataValue : 2
[INFO ][2016-01-07 16:12:25,515][com.java.SeleniumDriver] [  889] - <In Set values of the page>
[INFO ][2016-01-07 16:12:25,515][com.java.SeleniumDriver] [  892] - {Data Fields & Data Values Exist}
[INFO ][2016-01-07 16:12:25,515][com.java.SeleniumDriver] [  894] - --------------------------setting values-----------------------------
[INFO ][2016-01-07 16:12:25,515][com.java.SeleniumDriver] [  897] - Action Type : WaitForElement
[INFO ][2016-01-07 16:12:26,747][com.java.SeleniumDriver] [  906] -  RESULT true
[INFO ][2016-01-07 16:12:26,747][com.java.SeleniumDriver] [ 1112] - ?   P A S S   ?
[INFO ][2016-01-07 16:12:26,747][com.java.SeleniumDriver] [  832] - ------------------------------------------
[INFO ][2016-01-07 16:12:26,747][com.java.SeleniumDriver] [  833] - Test case being Executed: 2
[INFO ][2016-01-07 16:12:26,747][com.java.SeleniumDriver] [  845] - Test step:5
[INFO ][2016-01-07 16:12:26,748][com.java.SeleniumDriver] [  857] - Datavalue is----------null
[DEBUG][2016-01-07 16:12:26,748][com.java.SeleniumDriver] [  875] - Exception: null
[INFO ][2016-01-07 16:12:26,748][com.java.SeleniumDriver] [  881] - DataField : BTNframeDialogContent
[INFO ][2016-01-07 16:12:26,748][com.java.SeleniumDriver] [  883] - DataValue : 
[INFO ][2016-01-07 16:12:26,748][com.java.SeleniumDriver] [  889] - <In Set values of the page>
[INFO ][2016-01-07 16:12:26,748][com.java.SeleniumDriver] [  892] - {Data Fields & Data Values Exist}
[INFO ][2016-01-07 16:12:26,748][com.java.SeleniumDriver] [  894] - --------------------------setting values-----------------------------
[INFO ][2016-01-07 16:12:26,748][com.java.SeleniumDriver] [  897] - Action Type : SelectFrame
[INFO ][2016-01-07 16:12:28,020][com.java.SeleniumDriver] [  906] -  RESULT true
[INFO ][2016-01-07 16:12:28,020][com.java.SeleniumDriver] [ 1112] - ?   P A S S   ?
[INFO ][2016-01-07 16:12:28,020][com.java.SeleniumDriver] [  832] - ------------------------------------------
[INFO ][2016-01-07 16:12:28,020][com.java.SeleniumDriver] [  833] - Test case being Executed: 2
[INFO ][2016-01-07 16:12:28,020][com.java.SeleniumDriver] [  845] - Test step:6
[INFO ][2016-01-07 16:12:28,020][com.java.SeleniumDriver] [  857] - Datavalue is----------2
[INFO ][2016-01-07 16:12:28,020][com.java.SeleniumDriver] [  881] - DataField : BTNbtnAddUser
[INFO ][2016-01-07 16:12:28,021][com.java.SeleniumDriver] [  883] - DataValue : 2
[INFO ][2016-01-07 16:12:28,021][com.java.SeleniumDriver] [  889] - <In Set values of the page>
[INFO ][2016-01-07 16:12:28,021][com.java.SeleniumDriver] [  892] - {Data Fields & Data Values Exist}
[INFO ][2016-01-07 16:12:28,021][com.java.SeleniumDriver] [  894] - --------------------------setting values-----------------------------
[INFO ][2016-01-07 16:12:28,021][com.java.SeleniumDriver] [  897] - Action Type : WaitForElement
[INFO ][2016-01-07 16:12:29,669][com.java.SeleniumDriver] [  906] -  RESULT true
[INFO ][2016-01-07 16:12:29,669][com.java.SeleniumDriver] [ 1112] - ?   P A S S   ?
[INFO ][2016-01-07 16:12:29,669][com.java.SeleniumDriver] [  832] - ------------------------------------------
[INFO ][2016-01-07 16:12:29,669][com.java.SeleniumDriver] [  833] - Test case being Executed: 2
[INFO ][2016-01-07 16:12:29,669][com.java.SeleniumDriver] [  845] - Test step:7
[INFO ][2016-01-07 16:12:29,670][com.java.SeleniumDriver] [  857] - Datavalue is----------null
[DEBUG][2016-01-07 16:12:29,670][com.java.SeleniumDriver] [  875] - Exception: null
[INFO ][2016-01-07 16:12:29,670][com.java.SeleniumDriver] [  881] - DataField : BTNbtnAddUser
[INFO ][2016-01-07 16:12:29,670][com.java.SeleniumDriver] [  883] - DataValue : 
[INFO ][2016-01-07 16:12:29,670][com.java.SeleniumDriver] [  889] - <In Set values of the page>
[INFO ][2016-01-07 16:12:29,670][com.java.SeleniumDriver] [  892] - {Data Fields & Data Values Exist}
[INFO ][2016-01-07 16:12:29,670][com.java.SeleniumDriver] [  894] - --------------------------setting values-----------------------------
[INFO ][2016-01-07 16:12:29,670][com.java.SeleniumDriver] [  897] - Action Type : Click
[INFO ][2016-01-07 16:12:29,670][com.java.TestType] [ 6274] - Field ::BTNbtnAddUser
[INFO ][2016-01-07 16:12:29,670][com.java.TestType] [ 5895] - value = 
[INFO ][2016-01-07 16:12:30,670][com.java.TestType] [ 6390] - BEFORE CLICK
[INFO ][2016-01-07 16:12:32,477][com.java.TestType] [ 6397] - Unable to click the object Add user button
[INFO ][2016-01-07 16:12:32,477][com.java.SeleniumDriver] [  906] -  RESULT true
[INFO ][2016-01-07 16:12:32,477][com.java.SeleniumDriver] [ 1112] - ?   P A S S   ?
[INFO ][2016-01-07 16:12:32,477][com.java.SeleniumDriver] [  832] - ------------------------------------------
[INFO ][2016-01-07 16:12:32,477][com.java.SeleniumDriver] [  833] - Test case being Executed: 2
[INFO ][2016-01-07 16:12:32,477][com.java.SeleniumDriver] [  845] - Test step:8
[INFO ][2016-01-07 16:12:32,477][com.java.SeleniumDriver] [  857] - Datavalue is----------2
[INFO ][2016-01-07 16:12:32,477][com.java.SeleniumDriver] [  881] - DataField : BTNtxtUserName
[INFO ][2016-01-07 16:12:32,477][com.java.SeleniumDriver] [  883] - DataValue : 2
[INFO ][2016-01-07 16:12:32,478][com.java.SeleniumDriver] [  889] - <In Set values of the page>
[INFO ][2016-01-07 16:12:32,478][com.java.SeleniumDriver] [  892] - {Data Fields & Data Values Exist}
[INFO ][2016-01-07 16:12:32,478][com.java.SeleniumDriver] [  894] - --------------------------setting values-----------------------------
[INFO ][2016-01-07 16:12:32,478][com.java.SeleniumDriver] [  897] - Action Type : WaitForElement
[INFO ][2016-01-07 16:12:33,634][com.java.SeleniumDriver] [  906] -  RESULT true
[INFO ][2016-01-07 16:12:33,634][com.java.SeleniumDriver] [ 1112] - ?   P A S S   ?
[INFO ][2016-01-07 16:12:33,634][com.java.SeleniumDriver] [  832] - ------------------------------------------
[INFO ][2016-01-07 16:12:33,635][com.java.SeleniumDriver] [  833] - Test case being Executed: 2
[INFO ][2016-01-07 16:12:33,635][com.java.SeleniumDriver] [  845] - Test step:9
[INFO ][2016-01-07 16:12:33,635][com.java.SeleniumDriver] [  857] - Datavalue is----------5
[INFO ][2016-01-07 16:12:33,635][com.java.SeleniumDriver] [  881] - DataField : TXTtxtUserName
[INFO ][2016-01-07 16:12:33,635][com.java.SeleniumDriver] [  883] - DataValue : 5
[INFO ][2016-01-07 16:12:33,635][com.java.SeleniumDriver] [  889] - <In Set values of the page>
[INFO ][2016-01-07 16:12:33,635][com.java.SeleniumDriver] [  892] - {Data Fields & Data Values Exist}
[INFO ][2016-01-07 16:12:33,635][com.java.SeleniumDriver] [  894] - --------------------------setting values-----------------------------
[INFO ][2016-01-07 16:12:33,635][com.java.SeleniumDriver] [  897] - Action Type : WaitForElement
[INFO ][2016-01-07 16:12:34,777][com.java.SeleniumDriver] [  906] -  RESULT true
[INFO ][2016-01-07 16:12:34,777][com.java.SeleniumDriver] [ 1112] - ?   P A S S   ?
[INFO ][2016-01-07 16:12:34,778][com.java.SeleniumDriver] [  832] - ------------------------------------------
[INFO ][2016-01-07 16:12:34,778][com.java.SeleniumDriver] [  833] - Test case being Executed: 2
[INFO ][2016-01-07 16:12:34,778][com.java.SeleniumDriver] [  845] - Test step:10
[INFO ][2016-01-07 16:12:34,778][com.java.SeleniumDriver] [  857] - Datavalue is----------RNDvltest.robot
[INFO ][2016-01-07 16:12:34,778][com.java.SeleniumDriver] [  881] - DataField : TXTtxtUserName
[INFO ][2016-01-07 16:12:34,778][com.java.SeleniumDriver] [  883] - DataValue : RNDvltest.robot
[INFO ][2016-01-07 16:12:34,778][com.java.SeleniumDriver] [  889] - <In Set values of the page>
[INFO ][2016-01-07 16:12:34,778][com.java.SeleniumDriver] [  892] - {Data Fields & Data Values Exist}
[INFO ][2016-01-07 16:12:34,778][com.java.SeleniumDriver] [  894] - --------------------------setting values-----------------------------
[INFO ][2016-01-07 16:12:34,778][com.java.SeleniumDriver] [  897] - Action Type : CLEARANDENTER
[INFO ][2016-01-07 16:12:34,778][com.java.TestType] [ 5895] - value = vltest.robot98800
[INFO ][2016-01-07 16:12:37,341][com.java.SeleniumDriver] [  906] -  RESULT true
[INFO ][2016-01-07 16:12:37,342][com.java.SeleniumDriver] [ 1112] - ?   P A S S   ?
[INFO ][2016-01-07 16:12:37,342][com.java.SeleniumDriver] [  832] - ------------------------------------------
[INFO ][2016-01-07 16:12:37,342][com.java.SeleniumDriver] [  833] - Test case being Executed: 2
[INFO ][2016-01-07 16:12:37,342][com.java.SeleniumDriver] [  845] - Test step:11
[INFO ][2016-01-07 16:12:37,342][com.java.SeleniumDriver] [  857] - Datavalue is----------5
[INFO ][2016-01-07 16:12:37,342][com.java.SeleniumDriver] [  881] - DataField : TXTtxtFirstName
[INFO ][2016-01-07 16:12:37,342][com.java.SeleniumDriver] [  883] - DataValue : 5
[INFO ][2016-01-07 16:12:37,342][com.java.SeleniumDriver] [  889] - <In Set values of the page>
[INFO ][2016-01-07 16:12:37,342][com.java.SeleniumDriver] [  892] - {Data Fields & Data Values Exist}
[INFO ][2016-01-07 16:12:37,342][com.java.SeleniumDriver] [  894] - --------------------------setting values-----------------------------
[INFO ][2016-01-07 16:12:37,342][com.java.SeleniumDriver] [  897] - Action Type : WaitForElement
[INFO ][2016-01-07 16:12:38,499][com.java.SeleniumDriver] [  906] -  RESULT true
[INFO ][2016-01-07 16:12:38,499][com.java.SeleniumDriver] [ 1112] - ?   P A S S   ?
[INFO ][2016-01-07 16:12:38,499][com.java.SeleniumDriver] [  832] - ------------------------------------------
[INFO ][2016-01-07 16:12:38,499][com.java.SeleniumDriver] [  833] - Test case being Executed: 2
[INFO ][2016-01-07 16:12:38,500][com.java.SeleniumDriver] [  845] - Test step:12
[INFO ][2016-01-07 16:12:38,500][com.java.SeleniumDriver] [  857] - Datavalue is----------GivenNewUserName
[INFO ][2016-01-07 16:12:38,500][com.java.SeleniumDriver] [  881] - DataField : TXTtxtUserName
[INFO ][2016-01-07 16:12:38,500][com.java.SeleniumDriver] [  883] - DataValue : GivenNewUserName
[INFO ][2016-01-07 16:12:38,500][com.java.SeleniumDriver] [  889] - <In Set values of the page>
[INFO ][2016-01-07 16:12:38,500][com.java.SeleniumDriver] [  892] - {Data Fields & Data Values Exist}
[INFO ][2016-01-07 16:12:38,500][com.java.SeleniumDriver] [  894] - --------------------------setting values-----------------------------
[INFO ][2016-01-07 16:12:38,500][com.java.SeleniumDriver] [  897] - Action Type : STOREVALUE
[INFO ][2016-01-07 16:12:38,500][com.java.TestType] [ 8612] - field= TXTtxtUserName
[DEBUG][2016-01-07 16:12:39,692][com.java.TestType] [ 8626] - Key:: GivenNewUserName  Value:: vltest.robot98800
[INFO ][2016-01-07 16:12:39,692][com.java.SeleniumDriver] [  906] -  RESULT true
[INFO ][2016-01-07 16:12:39,692][com.java.SeleniumDriver] [ 1112] - ?   P A S S   ?
[INFO ][2016-01-07 16:12:39,692][com.java.SeleniumDriver] [  832] - ------------------------------------------
[INFO ][2016-01-07 16:12:39,692][com.java.SeleniumDriver] [  833] - Test case being Executed: 2
[INFO ][2016-01-07 16:12:39,692][com.java.SeleniumDriver] [  845] - Test step:13
[INFO ][2016-01-07 16:12:39,692][com.java.SeleniumDriver] [  857] - Datavalue is----------VLTest
[INFO ][2016-01-07 16:12:39,692][com.java.SeleniumDriver] [  881] - DataField : TXTtxtFirstName
[INFO ][2016-01-07 16:12:39,693][com.java.SeleniumDriver] [  883] - DataValue : VLTest
[INFO ][2016-01-07 16:12:39,693][com.java.SeleniumDriver] [  889] - <In Set values of the page>
[INFO ][2016-01-07 16:12:39,693][com.java.SeleniumDriver] [  892] - {Data Fields & Data Values Exist}
[INFO ][2016-01-07 16:12:39,693][com.java.SeleniumDriver] [  894] - --------------------------setting values-----------------------------
[INFO ][2016-01-07 16:12:39,693][com.java.SeleniumDriver] [  897] - Action Type : Enter
[INFO ][2016-01-07 16:12:39,693][com.java.TestType] [ 6696] - field = txtFirstName
[INFO ][2016-01-07 16:12:39,693][com.java.TestType] [ 5895] - value = VLTest
[INFO ][2016-01-07 16:12:41,387][com.java.SeleniumDriver] [  906] -  RESULT true
[INFO ][2016-01-07 16:12:41,387][com.java.SeleniumDriver] [ 1112] - ?   P A S S   ?
[INFO ][2016-01-07 16:12:41,387][com.java.SeleniumDriver] [  832] - ------------------------------------------
[INFO ][2016-01-07 16:12:41,387][com.java.SeleniumDriver] [  833] - Test case being Executed: 2
[INFO ][2016-01-07 16:12:41,387][com.java.SeleniumDriver] [  845] - Test step:14
[INFO ][2016-01-07 16:12:41,387][com.java.SeleniumDriver] [  857] - Datavalue is----------5
[INFO ][2016-01-07 16:12:41,387][com.java.SeleniumDriver] [  881] - DataField : TXTtxtLastName
[INFO ][2016-01-07 16:12:41,387][com.java.SeleniumDriver] [  883] - DataValue : 5
[INFO ][2016-01-07 16:12:41,387][com.java.SeleniumDriver] [  889] - <In Set values of the page>
[INFO ][2016-01-07 16:12:41,388][com.java.SeleniumDriver] [  892] - {Data Fields & Data Values Exist}
[INFO ][2016-01-07 16:12:41,388][com.java.SeleniumDriver] [  894] - --------------------------setting values-----------------------------
[INFO ][2016-01-07 16:12:41,388][com.java.SeleniumDriver] [  897] - Action Type : WaitForElement
[INFO ][2016-01-07 16:12:42,543][com.java.SeleniumDriver] [  906] -  RESULT true
[INFO ][2016-01-07 16:12:42,543][com.java.SeleniumDriver] [ 1112] - ?   P A S S   ?
[INFO ][2016-01-07 16:12:42,543][com.java.SeleniumDriver] [  832] - ------------------------------------------
[INFO ][2016-01-07 16:12:42,544][com.java.SeleniumDriver] [  833] - Test case being Executed: 2
[INFO ][2016-01-07 16:12:42,544][com.java.SeleniumDriver] [  845] - Test step:15
[INFO ][2016-01-07 16:12:42,544][com.java.SeleniumDriver] [  857] - Datavalue is----------Robot
[INFO ][2016-01-07 16:12:42,544][com.java.SeleniumDriver] [  881] - DataField : TXTtxtLastName
[INFO ][2016-01-07 16:12:42,544][com.java.SeleniumDriver] [  883] - DataValue : Robot
[INFO ][2016-01-07 16:12:42,544][com.java.SeleniumDriver] [  889] - <In Set values of the page>
[INFO ][2016-01-07 16:12:42,544][com.java.SeleniumDriver] [  892] - {Data Fields & Data Values Exist}
[INFO ][2016-01-07 16:12:42,545][com.java.SeleniumDriver] [  894] - --------------------------setting values-----------------------------
[INFO ][2016-01-07 16:12:42,545][com.java.SeleniumDriver] [  897] - Action Type : Enter
[INFO ][2016-01-07 16:12:42,545][com.java.TestType] [ 6696] - field = txtLastName
[INFO ][2016-01-07 16:12:42,545][com.java.TestType] [ 5895] - value = Robot
[INFO ][2016-01-07 16:12:44,012][com.java.SeleniumDriver] [  906] -  RESULT true
[INFO ][2016-01-07 16:12:44,012][com.java.SeleniumDriver] [ 1112] - ?   P A S S   ?
[INFO ][2016-01-07 16:12:44,012][com.java.SeleniumDriver] [  832] - ------------------------------------------
[INFO ][2016-01-07 16:12:44,012][com.java.SeleniumDriver] [  833] - Test case being Executed: 2
[INFO ][2016-01-07 16:12:44,012][com.java.SeleniumDriver] [  845] - Test step:16
[INFO ][2016-01-07 16:12:44,012][com.java.SeleniumDriver] [  857] - Datavalue is----------5
[INFO ][2016-01-07 16:12:44,012][com.java.SeleniumDriver] [  881] - DataField : TXTtxtCompany
[INFO ][2016-01-07 16:12:44,013][com.java.SeleniumDriver] [  883] - DataValue : 5
[INFO ][2016-01-07 16:12:44,013][com.java.SeleniumDriver] [  889] - <In Set values of the page>
[INFO ][2016-01-07 16:12:44,013][com.java.SeleniumDriver] [  892] - {Data Fields & Data Values Exist}
[INFO ][2016-01-07 16:12:44,013][com.java.SeleniumDriver] [  894] - --------------------------setting values-----------------------------
[INFO ][2016-01-07 16:12:44,013][com.java.SeleniumDriver] [  897] - Action Type : WaitForElement
[INFO ][2016-01-07 16:12:45,169][com.java.SeleniumDriver] [  906] -  RESULT true
[INFO ][2016-01-07 16:12:45,169][com.java.SeleniumDriver] [ 1112] - ?   P A S S   ?
[INFO ][2016-01-07 16:12:45,169][com.java.SeleniumDriver] [  832] - ------------------------------------------
[INFO ][2016-01-07 16:12:45,169][com.java.SeleniumDriver] [  833] - Test case being Executed: 2
[INFO ][2016-01-07 16:12:45,169][com.java.SeleniumDriver] [  845] - Test step:17
[INFO ][2016-01-07 16:12:45,170][com.java.SeleniumDriver] [  857] - Datavalue is----------ValueLabs
[INFO ][2016-01-07 16:12:45,170][com.java.SeleniumDriver] [  881] - DataField : TXTtxtCompany
[INFO ][2016-01-07 16:12:45,170][com.java.SeleniumDriver] [  883] - DataValue : ValueLabs
[INFO ][2016-01-07 16:12:45,170][com.java.SeleniumDriver] [  889] - <In Set values of the page>
[INFO ][2016-01-07 16:12:45,170][com.java.SeleniumDriver] [  892] - {Data Fields & Data Values Exist}
[INFO ][2016-01-07 16:12:45,170][com.java.SeleniumDriver] [  894] - --------------------------setting values-----------------------------
[INFO ][2016-01-07 16:12:45,170][com.java.SeleniumDriver] [  897] - Action Type : Enter
[INFO ][2016-01-07 16:12:45,170][com.java.TestType] [ 6696] - field = txtCompany
[INFO ][2016-01-07 16:12:45,170][com.java.TestType] [ 5895] - value = ValueLabs
[INFO ][2016-01-07 16:12:46,766][com.java.SeleniumDriver] [  906] -  RESULT true
[INFO ][2016-01-07 16:12:46,767][com.java.SeleniumDriver] [ 1112] - ?   P A S S   ?
[INFO ][2016-01-07 16:12:46,767][com.java.SeleniumDriver] [  832] - ------------------------------------------
[INFO ][2016-01-07 16:12:46,767][com.java.SeleniumDriver] [  833] - Test case being Executed: 2
[INFO ][2016-01-07 16:12:46,767][com.java.SeleniumDriver] [  845] - Test step:18
[INFO ][2016-01-07 16:12:46,767][com.java.SeleniumDriver] [  857] - Datavalue is----------5
[INFO ][2016-01-07 16:12:46,767][com.java.SeleniumDriver] [  881] - DataField : TXTtxtLocation
[INFO ][2016-01-07 16:12:46,767][com.java.SeleniumDriver] [  883] - DataValue : 5
[INFO ][2016-01-07 16:12:46,767][com.java.SeleniumDriver] [  889] - <In Set values of the page>
[INFO ][2016-01-07 16:12:46,767][com.java.SeleniumDriver] [  892] - {Data Fields & Data Values Exist}
[INFO ][2016-01-07 16:12:46,767][com.java.SeleniumDriver] [  894] - --------------------------setting values-----------------------------
[INFO ][2016-01-07 16:12:46,767][com.java.SeleniumDriver] [  897] - Action Type : WaitForElement
[INFO ][2016-01-07 16:12:47,924][com.java.SeleniumDriver] [  906] -  RESULT true
[INFO ][2016-01-07 16:12:47,925][com.java.SeleniumDriver] [ 1112] - ?   P A S S   ?
[INFO ][2016-01-07 16:12:47,925][com.java.SeleniumDriver] [  832] - ------------------------------------------
[INFO ][2016-01-07 16:12:47,925][com.java.SeleniumDriver] [  833] - Test case being Executed: 2
[INFO ][2016-01-07 16:12:47,925][com.java.SeleniumDriver] [  845] - Test step:19
[INFO ][2016-01-07 16:12:47,925][com.java.SeleniumDriver] [  857] - Datavalue is----------India
[INFO ][2016-01-07 16:12:47,925][com.java.SeleniumDriver] [  881] - DataField : TXTtxtLocation
[INFO ][2016-01-07 16:12:47,925][com.java.SeleniumDriver] [  883] - DataValue : India
[INFO ][2016-01-07 16:12:47,925][com.java.SeleniumDriver] [  889] - <In Set values of the page>
[INFO ][2016-01-07 16:12:47,925][com.java.SeleniumDriver] [  892] - {Data Fields & Data Values Exist}
[INFO ][2016-01-07 16:12:47,925][com.java.SeleniumDriver] [  894] - --------------------------setting values-----------------------------
[INFO ][2016-01-07 16:12:47,925][com.java.SeleniumDriver] [  897] - Action Type : Enter
[INFO ][2016-01-07 16:12:47,925][com.java.TestType] [ 6696] - field = txtLocation
[INFO ][2016-01-07 16:12:47,925][com.java.TestType] [ 5895] - value = India
[INFO ][2016-01-07 16:12:49,393][com.java.SeleniumDriver] [  906] -  RESULT true
[INFO ][2016-01-07 16:12:49,393][com.java.SeleniumDriver] [ 1112] - ?   P A S S   ?
[INFO ][2016-01-07 16:12:49,393][com.java.SeleniumDriver] [  832] - ------------------------------------------
[INFO ][2016-01-07 16:12:49,393][com.java.SeleniumDriver] [  833] - Test case being Executed: 2
[INFO ][2016-01-07 16:12:49,393][com.java.SeleniumDriver] [  845] - Test step:20
[INFO ][2016-01-07 16:12:49,393][com.java.SeleniumDriver] [  857] - Datavalue is----------5
[INFO ][2016-01-07 16:12:49,393][com.java.SeleniumDriver] [  881] - DataField : TXTtxtEMail
[INFO ][2016-01-07 16:12:49,393][com.java.SeleniumDriver] [  883] - DataValue : 5
[INFO ][2016-01-07 16:12:49,393][com.java.SeleniumDriver] [  889] - <In Set values of the page>
[INFO ][2016-01-07 16:12:49,393][com.java.SeleniumDriver] [  892] - {Data Fields & Data Values Exist}
[INFO ][2016-01-07 16:12:49,393][com.java.SeleniumDriver] [  894] - --------------------------setting values-----------------------------
[INFO ][2016-01-07 16:12:49,394][com.java.SeleniumDriver] [  897] - Action Type : WaitForElement
[INFO ][2016-01-07 16:12:50,552][com.java.SeleniumDriver] [  906] -  RESULT true
[INFO ][2016-01-07 16:12:50,552][com.java.SeleniumDriver] [ 1112] - ?   P A S S   ?
[INFO ][2016-01-07 16:12:50,552][com.java.SeleniumDriver] [  832] - ------------------------------------------
[INFO ][2016-01-07 16:12:50,552][com.java.SeleniumDriver] [  833] - Test case being Executed: 2
[INFO ][2016-01-07 16:12:50,552][com.java.SeleniumDriver] [  845] - Test step:21
[INFO ][2016-01-07 16:12:50,553][com.java.SeleniumDriver] [  857] - Datavalue is----------vltest.robot@valuelabs.com
[INFO ][2016-01-07 16:12:50,553][com.java.SeleniumDriver] [  881] - DataField : TXTtxtEMail
[INFO ][2016-01-07 16:12:50,553][com.java.SeleniumDriver] [  883] - DataValue : vltest.robot@valuelabs.com
[INFO ][2016-01-07 16:12:50,553][com.java.SeleniumDriver] [  889] - <In Set values of the page>
[INFO ][2016-01-07 16:12:50,553][com.java.SeleniumDriver] [  892] - {Data Fields & Data Values Exist}
[INFO ][2016-01-07 16:12:50,553][com.java.SeleniumDriver] [  894] - --------------------------setting values-----------------------------
[INFO ][2016-01-07 16:12:50,553][com.java.SeleniumDriver] [  897] - Action Type : Enter
[INFO ][2016-01-07 16:12:50,553][com.java.TestType] [ 6696] - field = txtEMail
[INFO ][2016-01-07 16:12:50,553][com.java.TestType] [ 5895] - value = vltest.robot@valuelabs.com
[INFO ][2016-01-07 16:12:52,141][com.java.SeleniumDriver] [  906] -  RESULT true
[INFO ][2016-01-07 16:12:52,141][com.java.SeleniumDriver] [ 1112] - ?   P A S S   ?
[INFO ][2016-01-07 16:12:52,141][com.java.SeleniumDriver] [  832] - ------------------------------------------
[INFO ][2016-01-07 16:12:52,141][com.java.SeleniumDriver] [  833] - Test case being Executed: 2
[INFO ][2016-01-07 16:12:52,141][com.java.SeleniumDriver] [  845] - Test step:22
[INFO ][2016-01-07 16:12:52,141][com.java.SeleniumDriver] [  857] - Datavalue is----------5
[INFO ][2016-01-07 16:12:52,141][com.java.SeleniumDriver] [  881] - DataField : TXTtxtPhone
[INFO ][2016-01-07 16:12:52,141][com.java.SeleniumDriver] [  883] - DataValue : 5
[INFO ][2016-01-07 16:12:52,141][com.java.SeleniumDriver] [  889] - <In Set values of the page>
[INFO ][2016-01-07 16:12:52,141][com.java.SeleniumDriver] [  892] - {Data Fields & Data Values Exist}
[INFO ][2016-01-07 16:12:52,141][com.java.SeleniumDriver] [  894] - --------------------------setting values-----------------------------
[INFO ][2016-01-07 16:12:52,142][com.java.SeleniumDriver] [  897] - Action Type : WaitForElement
[INFO ][2016-01-07 16:12:53,288][com.java.SeleniumDriver] [  906] -  RESULT true
[INFO ][2016-01-07 16:12:53,288][com.java.SeleniumDriver] [ 1112] - ?   P A S S   ?
[INFO ][2016-01-07 16:12:53,288][com.java.SeleniumDriver] [  832] - ------------------------------------------
[INFO ][2016-01-07 16:12:53,288][com.java.SeleniumDriver] [  833] - Test case being Executed: 2
[INFO ][2016-01-07 16:12:53,288][com.java.SeleniumDriver] [  845] - Test step:23
[INFO ][2016-01-07 16:12:53,289][com.java.SeleniumDriver] [  857] - Datavalue is----------12345678901
[INFO ][2016-01-07 16:12:53,289][com.java.SeleniumDriver] [  881] - DataField : TXTtxtPhone
[INFO ][2016-01-07 16:12:53,289][com.java.SeleniumDriver] [  883] - DataValue : 12345678901
[INFO ][2016-01-07 16:12:53,289][com.java.SeleniumDriver] [  889] - <In Set values of the page>
[INFO ][2016-01-07 16:12:53,289][com.java.SeleniumDriver] [  892] - {Data Fields & Data Values Exist}
[INFO ][2016-01-07 16:12:53,289][com.java.SeleniumDriver] [  894] - --------------------------setting values-----------------------------
[INFO ][2016-01-07 16:12:53,289][com.java.SeleniumDriver] [  897] - Action Type : Enter
[INFO ][2016-01-07 16:12:53,289][com.java.TestType] [ 6696] - field = txtPhone
[INFO ][2016-01-07 16:12:53,289][com.java.TestType] [ 5895] - value = 12345678901
[INFO ][2016-01-07 16:12:54,704][com.java.SeleniumDriver] [  906] -  RESULT true
[INFO ][2016-01-07 16:12:54,704][com.java.SeleniumDriver] [ 1112] - ?   P A S S   ?
[INFO ][2016-01-07 16:12:54,704][com.java.SeleniumDriver] [  832] - ------------------------------------------
[INFO ][2016-01-07 16:12:54,704][com.java.SeleniumDriver] [  833] - Test case being Executed: 2
[INFO ][2016-01-07 16:12:54,704][com.java.SeleniumDriver] [  845] - Test step:24
[INFO ][2016-01-07 16:12:54,704][com.java.SeleniumDriver] [  857] - Datavalue is----------5
[INFO ][2016-01-07 16:12:54,704][com.java.SeleniumDriver] [  881] - DataField : TXTtxtPassword
[INFO ][2016-01-07 16:12:54,704][com.java.SeleniumDriver] [  883] - DataValue : 5
[INFO ][2016-01-07 16:12:54,704][com.java.SeleniumDriver] [  889] - <In Set values of the page>
[INFO ][2016-01-07 16:12:54,704][com.java.SeleniumDriver] [  892] - {Data Fields & Data Values Exist}
[INFO ][2016-01-07 16:12:54,704][com.java.SeleniumDriver] [  894] - --------------------------setting values-----------------------------
[INFO ][2016-01-07 16:12:54,705][com.java.SeleniumDriver] [  897] - Action Type : WaitForElement
[INFO ][2016-01-07 16:12:55,857][com.java.SeleniumDriver] [  906] -  RESULT true
[INFO ][2016-01-07 16:12:55,857][com.java.SeleniumDriver] [ 1112] - ?   P A S S   ?
[INFO ][2016-01-07 16:12:55,859][com.java.SeleniumDriver] [  832] - ------------------------------------------
[INFO ][2016-01-07 16:12:55,859][com.java.SeleniumDriver] [  833] - Test case being Executed: 2
[INFO ][2016-01-07 16:12:55,859][com.java.SeleniumDriver] [  845] - Test step:25
[INFO ][2016-01-07 16:12:55,859][com.java.SeleniumDriver] [  857] - Datavalue is----------dt:NewUserPswd
[INFO ][2016-01-07 16:12:55,859][com.java.SeleniumDriver] [  881] - DataField : TXTtxtPassword
[INFO ][2016-01-07 16:12:55,859][com.java.SeleniumDriver] [  883] - DataValue : dt:NewUserPswd
[INFO ][2016-01-07 16:12:55,859][com.java.SeleniumDriver] [  889] - <In Set values of the page>
[INFO ][2016-01-07 16:12:55,859][com.java.SeleniumDriver] [  892] - {Data Fields & Data Values Exist}
[INFO ][2016-01-07 16:12:55,859][com.java.SeleniumDriver] [  894] - --------------------------setting values-----------------------------
[INFO ][2016-01-07 16:12:55,860][com.java.SeleniumDriver] [  897] - Action Type : CLEARANDENTER
[INFO ][2016-01-07 16:12:55,860][com.java.TestType] [ 5895] - value = Password1*
[INFO ][2016-01-07 16:12:58,611][com.java.SeleniumDriver] [  906] -  RESULT true
[INFO ][2016-01-07 16:12:58,611][com.java.SeleniumDriver] [ 1112] - ?   P A S S   ?
[INFO ][2016-01-07 16:12:58,611][com.java.SeleniumDriver] [  832] - ------------------------------------------
[INFO ][2016-01-07 16:12:58,611][com.java.SeleniumDriver] [  833] - Test case being Executed: 2
[INFO ][2016-01-07 16:12:58,611][com.java.SeleniumDriver] [  845] - Test step:26
[INFO ][2016-01-07 16:12:58,611][com.java.SeleniumDriver] [  857] - Datavalue is----------5
[INFO ][2016-01-07 16:12:58,611][com.java.SeleniumDriver] [  881] - DataField : TXTtxtPasswordConfirm
[INFO ][2016-01-07 16:12:58,611][com.java.SeleniumDriver] [  883] - DataValue : 5
[INFO ][2016-01-07 16:12:58,611][com.java.SeleniumDriver] [  889] - <In Set values of the page>
[INFO ][2016-01-07 16:12:58,611][com.java.SeleniumDriver] [  892] - {Data Fields & Data Values Exist}
[INFO ][2016-01-07 16:12:58,612][com.java.SeleniumDriver] [  894] - --------------------------setting values-----------------------------
[INFO ][2016-01-07 16:12:58,612][com.java.SeleniumDriver] [  897] - Action Type : WaitForElement
[INFO ][2016-01-07 16:12:59,783][com.java.SeleniumDriver] [  906] -  RESULT true
[INFO ][2016-01-07 16:12:59,783][com.java.SeleniumDriver] [ 1112] - ?   P A S S   ?
[INFO ][2016-01-07 16:12:59,783][com.java.SeleniumDriver] [  832] - ------------------------------------------
[INFO ][2016-01-07 16:12:59,783][com.java.SeleniumDriver] [  833] - Test case being Executed: 2
[INFO ][2016-01-07 16:12:59,783][com.java.SeleniumDriver] [  845] - Test step:27
[INFO ][2016-01-07 16:12:59,783][com.java.SeleniumDriver] [  857] - Datavalue is----------dt:NewUserPswd
[INFO ][2016-01-07 16:12:59,783][com.java.SeleniumDriver] [  881] - DataField : TXTtxtPasswordConfirm
[INFO ][2016-01-07 16:12:59,784][com.java.SeleniumDriver] [  883] - DataValue : dt:NewUserPswd
[INFO ][2016-01-07 16:12:59,784][com.java.SeleniumDriver] [  889] - <In Set values of the page>
[INFO ][2016-01-07 16:12:59,784][com.java.SeleniumDriver] [  892] - {Data Fields & Data Values Exist}
[INFO ][2016-01-07 16:12:59,784][com.java.SeleniumDriver] [  894] - --------------------------setting values-----------------------------
[INFO ][2016-01-07 16:12:59,784][com.java.SeleniumDriver] [  897] - Action Type : CLEARANDENTER
[INFO ][2016-01-07 16:12:59,784][com.java.TestType] [ 5895] - value = Password1*
[INFO ][2016-01-07 16:13:02,542][com.java.SeleniumDriver] [  906] -  RESULT true
[INFO ][2016-01-07 16:13:02,542][com.java.SeleniumDriver] [ 1112] - ?   P A S S   ?
[INFO ][2016-01-07 16:13:02,542][com.java.SeleniumDriver] [  832] - ------------------------------------------
[INFO ][2016-01-07 16:13:02,542][com.java.SeleniumDriver] [  833] - Test case being Executed: 2
[INFO ][2016-01-07 16:13:02,542][com.java.SeleniumDriver] [  845] - Test step:28
[INFO ][2016-01-07 16:13:02,542][com.java.SeleniumDriver] [  857] - Datavalue is----------5
[INFO ][2016-01-07 16:13:02,542][com.java.SeleniumDriver] [  881] - DataField : test
[INFO ][2016-01-07 16:13:02,542][com.java.SeleniumDriver] [  883] - DataValue : 5
[INFO ][2016-01-07 16:13:02,543][com.java.SeleniumDriver] [  889] - <In Set values of the page>
[INFO ][2016-01-07 16:13:02,543][com.java.SeleniumDriver] [  892] - {Data Fields & Data Values Exist}
[INFO ][2016-01-07 16:13:02,543][com.java.SeleniumDriver] [  894] - --------------------------setting values-----------------------------
[INFO ][2016-01-07 16:13:02,543][com.java.SeleniumDriver] [  897] - Action Type : WaitTime
[DEBUG][2016-01-07 16:13:02,543][com.java.TestType] [ 5715] - sleepTime: 5000
[INFO ][2016-01-07 16:13:07,543][com.java.SeleniumDriver] [  906] -  RESULT true
[INFO ][2016-01-07 16:13:07,543][com.java.SeleniumDriver] [ 1112] - ?   P A S S   ?
[INFO ][2016-01-07 16:13:07,543][com.java.SeleniumDriver] [  832] - ------------------------------------------
[INFO ][2016-01-07 16:13:07,543][com.java.SeleniumDriver] [  833] - Test case being Executed: 2
[INFO ][2016-01-07 16:13:07,543][com.java.SeleniumDriver] [  845] - Test step:29
[INFO ][2016-01-07 16:13:07,543][com.java.SeleniumDriver] [  857] - Datavalue is----------null
[DEBUG][2016-01-07 16:13:07,543][com.java.SeleniumDriver] [  875] - Exception: null
[INFO ][2016-01-07 16:13:07,543][com.java.SeleniumDriver] [  881] - DataField : BTNparent
[INFO ][2016-01-07 16:13:07,543][com.java.SeleniumDriver] [  883] - DataValue : 
[INFO ][2016-01-07 16:13:07,543][com.java.SeleniumDriver] [  889] - <In Set values of the page>
[INFO ][2016-01-07 16:13:07,543][com.java.SeleniumDriver] [  892] - {Data Fields & Data Values Exist}
[INFO ][2016-01-07 16:13:07,543][com.java.SeleniumDriver] [  894] - --------------------------setting values-----------------------------
[INFO ][2016-01-07 16:13:07,544][com.java.SeleniumDriver] [  897] - Action Type : SelectFrame
[INFO ][2016-01-07 16:13:07,560][com.java.SeleniumDriver] [  906] -  RESULT true
[INFO ][2016-01-07 16:13:07,560][com.java.SeleniumDriver] [ 1112] - ?   P A S S   ?
[INFO ][2016-01-07 16:13:07,560][com.java.SeleniumDriver] [  832] - ------------------------------------------
[INFO ][2016-01-07 16:13:07,560][com.java.SeleniumDriver] [  833] - Test case being Executed: 2
[INFO ][2016-01-07 16:13:07,560][com.java.SeleniumDriver] [  845] - Test step:30
[INFO ][2016-01-07 16:13:07,560][com.java.SeleniumDriver] [  857] - Datavalue is----------null
[DEBUG][2016-01-07 16:13:07,560][com.java.SeleniumDriver] [  875] - Exception: null
[INFO ][2016-01-07 16:13:07,561][com.java.SeleniumDriver] [  881] - DataField : XPH//span[contains(text(), 'Finished')]
[INFO ][2016-01-07 16:13:07,561][com.java.SeleniumDriver] [  883] - DataValue : 
[INFO ][2016-01-07 16:13:07,561][com.java.SeleniumDriver] [  889] - <In Set values of the page>
[INFO ][2016-01-07 16:13:07,561][com.java.SeleniumDriver] [  892] - {Data Fields & Data Values Exist}
[INFO ][2016-01-07 16:13:07,561][com.java.SeleniumDriver] [  894] - --------------------------setting values-----------------------------
[INFO ][2016-01-07 16:13:07,561][com.java.SeleniumDriver] [  897] - Action Type : Click
[INFO ][2016-01-07 16:13:07,561][com.java.TestType] [ 6274] - Field ::XPH//span[contains(text(), 'Finished')]
[INFO ][2016-01-07 16:13:07,561][com.java.TestType] [ 5895] - value = 
[INFO ][2016-01-07 16:13:08,561][com.java.TestType] [ 6411] - BEFORE CLICK
[INFO ][2016-01-07 16:13:09,492][com.java.TestType] [ 6419] - Unable to click the object Finished button
[INFO ][2016-01-07 16:13:09,492][com.java.SeleniumDriver] [  906] -  RESULT true
[INFO ][2016-01-07 16:13:09,492][com.java.SeleniumDriver] [ 1112] - ?   P A S S   ?
[INFO ][2016-01-07 16:13:09,492][com.java.SeleniumDriver] [  832] - ------------------------------------------
[INFO ][2016-01-07 16:13:09,492][com.java.SeleniumDriver] [  833] - Test case being Executed: 2
[INFO ][2016-01-07 16:13:09,492][com.java.SeleniumDriver] [  845] - Test step:31
[INFO ][2016-01-07 16:13:09,492][com.java.SeleniumDriver] [  857] - Datavalue is----------5
[INFO ][2016-01-07 16:13:09,492][com.java.SeleniumDriver] [  881] - DataField : test
[INFO ][2016-01-07 16:13:09,492][com.java.SeleniumDriver] [  883] - DataValue : 5
[INFO ][2016-01-07 16:13:09,492][com.java.SeleniumDriver] [  889] - <In Set values of the page>
[INFO ][2016-01-07 16:13:09,492][com.java.SeleniumDriver] [  892] - {Data Fields & Data Values Exist}
[INFO ][2016-01-07 16:13:09,492][com.java.SeleniumDriver] [  894] - --------------------------setting values-----------------------------
[INFO ][2016-01-07 16:13:09,494][com.java.SeleniumDriver] [  897] - Action Type : WaitTime
[DEBUG][2016-01-07 16:13:09,494][com.java.TestType] [ 5715] - sleepTime: 5000
[INFO ][2016-01-07 16:13:14,494][com.java.SeleniumDriver] [  906] -  RESULT true
[INFO ][2016-01-07 16:13:14,494][com.java.SeleniumDriver] [ 1112] - ?   P A S S   ?
[INFO ][2016-01-07 16:13:14,494][com.java.SeleniumDriver] [  832] - ------------------------------------------
[INFO ][2016-01-07 16:13:14,494][com.java.SeleniumDriver] [  833] - Test case being Executed: 2
[INFO ][2016-01-07 16:13:14,494][com.java.SeleniumDriver] [  845] - Test step:32
[INFO ][2016-01-07 16:13:14,494][com.java.SeleniumDriver] [  857] - Datavalue is----------null
[DEBUG][2016-01-07 16:13:14,494][com.java.SeleniumDriver] [  875] - Exception: null
[INFO ][2016-01-07 16:13:14,494][com.java.SeleniumDriver] [  881] - DataField : BTNframeDialogContent
[INFO ][2016-01-07 16:13:14,494][com.java.SeleniumDriver] [  883] - DataValue : 
[INFO ][2016-01-07 16:13:14,494][com.java.SeleniumDriver] [  889] - <In Set values of the page>
[INFO ][2016-01-07 16:13:14,494][com.java.SeleniumDriver] [  892] - {Data Fields & Data Values Exist}
[INFO ][2016-01-07 16:13:14,495][com.java.SeleniumDriver] [  894] - --------------------------setting values-----------------------------
[INFO ][2016-01-07 16:13:14,495][com.java.SeleniumDriver] [  897] - Action Type : SelectFrame
[INFO ][2016-01-07 16:13:18,241][com.java.SeleniumDriver] [  906] -  RESULT true
[INFO ][2016-01-07 16:13:18,241][com.java.SeleniumDriver] [ 1112] - ?   P A S S   ?
[INFO ][2016-01-07 16:13:18,241][com.java.SeleniumDriver] [  832] - ------------------------------------------
[INFO ][2016-01-07 16:13:18,241][com.java.SeleniumDriver] [  833] - Test case being Executed: 2
[INFO ][2016-01-07 16:13:18,241][com.java.SeleniumDriver] [  845] - Test step:33
[INFO ][2016-01-07 16:13:18,241][com.java.SeleniumDriver] [  857] - Datavalue is----------null
[DEBUG][2016-01-07 16:13:18,242][com.java.SeleniumDriver] [  875] - Exception: null
[INFO ][2016-01-07 16:13:18,242][com.java.SeleniumDriver] [  881] - DataField : BTNchkGlobalPrivsUserAdmin
[INFO ][2016-01-07 16:13:18,242][com.java.SeleniumDriver] [  883] - DataValue : 
[INFO ][2016-01-07 16:13:18,242][com.java.SeleniumDriver] [  889] - <In Set values of the page>
[INFO ][2016-01-07 16:13:18,242][com.java.SeleniumDriver] [  892] - {Data Fields & Data Values Exist}
[INFO ][2016-01-07 16:13:18,242][com.java.SeleniumDriver] [  894] - --------------------------setting values-----------------------------
[INFO ][2016-01-07 16:13:18,242][com.java.SeleniumDriver] [  897] - Action Type : Click
[INFO ][2016-01-07 16:13:18,242][com.java.TestType] [ 6274] - Field ::BTNchkGlobalPrivsUserAdmin
[INFO ][2016-01-07 16:13:18,242][com.java.TestType] [ 5895] - value = 
[INFO ][2016-01-07 16:13:19,242][com.java.TestType] [ 6390] - BEFORE CLICK
[INFO ][2016-01-07 16:13:20,796][com.java.TestType] [ 6397] - Unable to click the object User Admin check box
[INFO ][2016-01-07 16:13:20,796][com.java.SeleniumDriver] [  906] -  RESULT true
[INFO ][2016-01-07 16:13:20,796][com.java.SeleniumDriver] [ 1112] - ?   P A S S   ?
[INFO ][2016-01-07 16:13:20,798][com.java.SeleniumDriver] [  832] - ------------------------------------------
[INFO ][2016-01-07 16:13:20,798][com.java.SeleniumDriver] [  833] - Test case being Executed: 2
[INFO ][2016-01-07 16:13:20,798][com.java.SeleniumDriver] [  845] - Test step:34
[INFO ][2016-01-07 16:13:20,798][com.java.SeleniumDriver] [  857] - Datavalue is----------index:1
[INFO ][2016-01-07 16:13:20,798][com.java.SeleniumDriver] [  881] - DataField : COBddlEntityAccess
[INFO ][2016-01-07 16:13:20,798][com.java.SeleniumDriver] [  883] - DataValue : index:1
[INFO ][2016-01-07 16:13:20,798][com.java.SeleniumDriver] [  889] - <In Set values of the page>
[INFO ][2016-01-07 16:13:20,798][com.java.SeleniumDriver] [  892] - {Data Fields & Data Values Exist}
[INFO ][2016-01-07 16:13:20,798][com.java.SeleniumDriver] [  894] - --------------------------setting values-----------------------------
[INFO ][2016-01-07 16:13:20,798][com.java.SeleniumDriver] [  897] - Action Type : select
[INFO ][2016-01-07 16:13:20,798][com.java.TestType] [ 5895] - value = 1
[INFO ][2016-01-07 16:13:22,011][com.java.TestType] [ 6013] -  In COB ddlEntityAccess : 1
[ERROR][2016-01-07 16:13:22,072][com.java.TestType] [ 6160] - Unable to perform Action Select Cannot locate option with index: 1
For documentation on this error, please visit: http://seleniumhq.org/exceptions/no_such_element.html
Build info: version: '2.48.2', revision: '41bccdd', time: '2015-10-09 19:59:12'
System info: host: 'FVTIII438F1D', ip: '172.17.68.34', os.name: 'Windows 7', os.arch: 'x86', os.version: '6.1', java.version: '1.7.0_55'
Driver info: driver.version: SeleniumDriver
[INFO ][2016-01-07 16:13:22,072][com.java.SeleniumDriver] [  906] -  RESULT false
[INFO ][2016-01-07 16:13:22,072][com.java.SeleniumDriver] [  953] - ?   F A I L   ?
[INFO ][2016-01-07 16:13:22,072][com.java.SeleniumDriver] [  961] - Browser Type : IE10
[INFO ][2016-01-07 16:13:22,072][com.java.SeleniumDriver] [  962] - Adding Failed case2
[DEBUG][2016-01-07 16:13:22,847][com.java.SeleniumDriver] [ 1030] -  tdd.getCondition() IF:36:Next
[INFO ][2016-01-07 16:13:22,848][com.java.SeleniumDriver] [ 1034] - Continue next step...
[INFO ][2016-01-07 16:13:22,848][com.java.SeleniumDriver] [  832] - ------------------------------------------
[INFO ][2016-01-07 16:13:22,848][com.java.SeleniumDriver] [  833] - Test case being Executed: 2
[INFO ][2016-01-07 16:13:22,848][com.java.SeleniumDriver] [  845] - Test step:35
[INFO ][2016-01-07 16:13:22,848][com.java.SeleniumDriver] [  857] - Datavalue is----------index:0
[INFO ][2016-01-07 16:13:22,848][com.java.SeleniumDriver] [  881] - DataField : COBddlEntityAccess
[INFO ][2016-01-07 16:13:22,848][com.java.SeleniumDriver] [  883] - DataValue : index:0
[INFO ][2016-01-07 16:13:22,848][com.java.SeleniumDriver] [  889] - <In Set values of the page>
[INFO ][2016-01-07 16:13:22,848][com.java.SeleniumDriver] [  892] - {Data Fields & Data Values Exist}
[INFO ][2016-01-07 16:13:22,848][com.java.SeleniumDriver] [  894] - --------------------------setting values-----------------------------
[INFO ][2016-01-07 16:13:22,848][com.java.SeleniumDriver] [  897] - Action Type : select
[INFO ][2016-01-07 16:13:22,848][com.java.TestType] [ 5895] - value = 0
[INFO ][2016-01-07 16:13:24,112][com.java.TestType] [ 6013] -  In COB ddlEntityAccess : 0
[INFO ][2016-01-07 16:13:24,186][com.java.SeleniumDriver] [  906] -  RESULT true
[INFO ][2016-01-07 16:13:24,186][com.java.SeleniumDriver] [ 1112] - ?   P A S S   ?
[INFO ][2016-01-07 16:13:24,186][com.java.SeleniumDriver] [  832] - ------------------------------------------
[INFO ][2016-01-07 16:13:24,186][com.java.SeleniumDriver] [  833] - Test case being Executed: 2
[INFO ][2016-01-07 16:13:24,186][com.java.SeleniumDriver] [  845] - Test step:36
[INFO ][2016-01-07 16:13:24,186][com.java.SeleniumDriver] [  857] - Datavalue is----------null
[DEBUG][2016-01-07 16:13:24,186][com.java.SeleniumDriver] [  875] - Exception: null
[INFO ][2016-01-07 16:13:24,186][com.java.SeleniumDriver] [  881] - DataField : BTNrdoEnableEntity_Enable
[INFO ][2016-01-07 16:13:24,187][com.java.SeleniumDriver] [  883] - DataValue : 
[INFO ][2016-01-07 16:13:24,187][com.java.SeleniumDriver] [  889] - <In Set values of the page>
[INFO ][2016-01-07 16:13:24,187][com.java.SeleniumDriver] [  892] - {Data Fields & Data Values Exist}
[INFO ][2016-01-07 16:13:24,187][com.java.SeleniumDriver] [  894] - --------------------------setting values-----------------------------
[INFO ][2016-01-07 16:13:24,187][com.java.SeleniumDriver] [  897] - Action Type : Click
[INFO ][2016-01-07 16:13:24,187][com.java.TestType] [ 6274] - Field ::BTNrdoEnableEntity_Enable
[INFO ][2016-01-07 16:13:24,187][com.java.TestType] [ 5895] - value = 
[INFO ][2016-01-07 16:13:25,187][com.java.TestType] [ 6390] - BEFORE CLICK
[INFO ][2016-01-07 16:13:26,551][com.java.TestType] [ 6397] - Unable to click the object Enable radio button
[INFO ][2016-01-07 16:13:26,551][com.java.SeleniumDriver] [  906] -  RESULT true
[INFO ][2016-01-07 16:13:26,551][com.java.SeleniumDriver] [ 1112] - ?   P A S S   ?
[INFO ][2016-01-07 16:13:26,551][com.java.SeleniumDriver] [  832] - ------------------------------------------
[INFO ][2016-01-07 16:13:26,551][com.java.SeleniumDriver] [  833] - Test case being Executed: 2
[INFO ][2016-01-07 16:13:26,551][com.java.SeleniumDriver] [  845] - Test step:37
[INFO ][2016-01-07 16:13:26,551][com.java.SeleniumDriver] [  857] - Datavalue is----------null
[DEBUG][2016-01-07 16:13:26,551][com.java.SeleniumDriver] [  875] - Exception: null
[INFO ][2016-01-07 16:13:26,551][com.java.SeleniumDriver] [  881] - DataField : BTNchkProfitCenterAll
[INFO ][2016-01-07 16:13:26,553][com.java.SeleniumDriver] [  883] - DataValue : 
[INFO ][2016-01-07 16:13:26,553][com.java.SeleniumDriver] [  889] - <In Set values of the page>
[INFO ][2016-01-07 16:13:26,553][com.java.SeleniumDriver] [  892] - {Data Fields & Data Values Exist}
[INFO ][2016-01-07 16:13:26,553][com.java.SeleniumDriver] [  894] - --------------------------setting values-----------------------------
[INFO ][2016-01-07 16:13:26,553][com.java.SeleniumDriver] [  897] - Action Type : Click
[INFO ][2016-01-07 16:13:26,553][com.java.TestType] [ 6274] - Field ::BTNchkProfitCenterAll
[INFO ][2016-01-07 16:13:26,553][com.java.TestType] [ 5895] - value = 
[INFO ][2016-01-07 16:13:27,554][com.java.TestType] [ 6390] - BEFORE CLICK
[INFO ][2016-01-07 16:13:29,031][com.java.TestType] [ 6397] - Unable to click the object All Check box
[INFO ][2016-01-07 16:13:29,031][com.java.SeleniumDriver] [  906] -  RESULT true
[INFO ][2016-01-07 16:13:29,031][com.java.SeleniumDriver] [ 1112] - ?   P A S S   ?
[INFO ][2016-01-07 16:13:29,031][com.java.SeleniumDriver] [  832] - ------------------------------------------
[INFO ][2016-01-07 16:13:29,031][com.java.SeleniumDriver] [  833] - Test case being Executed: 2
[INFO ][2016-01-07 16:13:29,031][com.java.SeleniumDriver] [  845] - Test step:38
[INFO ][2016-01-07 16:13:29,031][com.java.SeleniumDriver] [  857] - Datavalue is----------null
[DEBUG][2016-01-07 16:13:29,032][com.java.SeleniumDriver] [  875] - Exception: null
[INFO ][2016-01-07 16:13:29,032][com.java.SeleniumDriver] [  881] - DataField : BTNchkPrivsAccessGL
[INFO ][2016-01-07 16:13:29,032][com.java.SeleniumDriver] [  883] - DataValue : 
[INFO ][2016-01-07 16:13:29,032][com.java.SeleniumDriver] [  889] - <In Set values of the page>
[INFO ][2016-01-07 16:13:29,032][com.java.SeleniumDriver] [  892] - {Data Fields & Data Values Exist}
[INFO ][2016-01-07 16:13:29,032][com.java.SeleniumDriver] [  894] - --------------------------setting values-----------------------------
[INFO ][2016-01-07 16:13:29,032][com.java.SeleniumDriver] [  897] - Action Type : Click
[INFO ][2016-01-07 16:13:29,032][com.java.TestType] [ 6274] - Field ::BTNchkPrivsAccessGL
[INFO ][2016-01-07 16:13:29,032][com.java.TestType] [ 5895] - value = 
[INFO ][2016-01-07 16:13:30,032][com.java.TestType] [ 6390] - BEFORE CLICK
[INFO ][2016-01-07 16:13:31,379][com.java.TestType] [ 6397] - Unable to click the object GL check box
[INFO ][2016-01-07 16:13:31,379][com.java.SeleniumDriver] [  906] -  RESULT true
[INFO ][2016-01-07 16:13:31,379][com.java.SeleniumDriver] [ 1112] - ?   P A S S   ?
[INFO ][2016-01-07 16:13:31,379][com.java.SeleniumDriver] [  832] - ------------------------------------------
[INFO ][2016-01-07 16:13:31,379][com.java.SeleniumDriver] [  833] - Test case being Executed: 2
[INFO ][2016-01-07 16:13:31,379][com.java.SeleniumDriver] [  845] - Test step:39
[INFO ][2016-01-07 16:13:31,379][com.java.SeleniumDriver] [  857] - Datavalue is----------null
[DEBUG][2016-01-07 16:13:31,380][com.java.SeleniumDriver] [  875] - Exception: null
[INFO ][2016-01-07 16:13:31,380][com.java.SeleniumDriver] [  881] - DataField : BTNparent
[INFO ][2016-01-07 16:13:31,380][com.java.SeleniumDriver] [  883] - DataValue : 
[INFO ][2016-01-07 16:13:31,380][com.java.SeleniumDriver] [  889] - <In Set values of the page>
[INFO ][2016-01-07 16:13:31,380][com.java.SeleniumDriver] [  892] - {Data Fields & Data Values Exist}
[INFO ][2016-01-07 16:13:31,380][com.java.SeleniumDriver] [  894] - --------------------------setting values-----------------------------
[INFO ][2016-01-07 16:13:31,380][com.java.SeleniumDriver] [  897] - Action Type : SelectFrame
[INFO ][2016-01-07 16:13:31,395][com.java.SeleniumDriver] [  906] -  RESULT true
[INFO ][2016-01-07 16:13:31,395][com.java.SeleniumDriver] [ 1112] - ?   P A S S   ?
[INFO ][2016-01-07 16:13:31,395][com.java.SeleniumDriver] [  832] - ------------------------------------------
[INFO ][2016-01-07 16:13:31,395][com.java.SeleniumDriver] [  833] - Test case being Executed: 2
[INFO ][2016-01-07 16:13:31,395][com.java.SeleniumDriver] [  845] - Test step:40
[INFO ][2016-01-07 16:13:31,395][com.java.SeleniumDriver] [  857] - Datavalue is----------5
[INFO ][2016-01-07 16:13:31,395][com.java.SeleniumDriver] [  881] - DataField : test
[INFO ][2016-01-07 16:13:31,395][com.java.SeleniumDriver] [  883] - DataValue : 5
[INFO ][2016-01-07 16:13:31,396][com.java.SeleniumDriver] [  889] - <In Set values of the page>
[INFO ][2016-01-07 16:13:31,396][com.java.SeleniumDriver] [  892] - {Data Fields & Data Values Exist}
[INFO ][2016-01-07 16:13:31,396][com.java.SeleniumDriver] [  894] - --------------------------setting values-----------------------------
[INFO ][2016-01-07 16:13:31,396][com.java.SeleniumDriver] [  897] - Action Type : WaitTime
[DEBUG][2016-01-07 16:13:31,396][com.java.TestType] [ 5715] - sleepTime: 5000
[INFO ][2016-01-07 16:13:36,397][com.java.SeleniumDriver] [  906] -  RESULT true
[INFO ][2016-01-07 16:13:36,397][com.java.SeleniumDriver] [ 1112] - ?   P A S S   ?
[INFO ][2016-01-07 16:13:36,397][com.java.SeleniumDriver] [  832] - ------------------------------------------
[INFO ][2016-01-07 16:13:36,397][com.java.SeleniumDriver] [  833] - Test case being Executed: 2
[INFO ][2016-01-07 16:13:36,397][com.java.SeleniumDriver] [  845] - Test step:41
[INFO ][2016-01-07 16:13:36,397][com.java.SeleniumDriver] [  857] - Datavalue is----------null
[DEBUG][2016-01-07 16:13:36,397][com.java.SeleniumDriver] [  875] - Exception: null
[INFO ][2016-01-07 16:13:36,397][com.java.SeleniumDriver] [  881] - DataField : XPH//span[contains(text(), 'Finished')]
[INFO ][2016-01-07 16:13:36,397][com.java.SeleniumDriver] [  883] - DataValue : 
[INFO ][2016-01-07 16:13:36,397][com.java.SeleniumDriver] [  889] - <In Set values of the page>
[INFO ][2016-01-07 16:13:36,397][com.java.SeleniumDriver] [  892] - {Data Fields & Data Values Exist}
[INFO ][2016-01-07 16:13:36,398][com.java.SeleniumDriver] [  894] - --------------------------setting values-----------------------------
[INFO ][2016-01-07 16:13:36,398][com.java.SeleniumDriver] [  897] - Action Type : Click
[INFO ][2016-01-07 16:13:36,398][com.java.TestType] [ 6274] - Field ::XPH//span[contains(text(), 'Finished')]
[INFO ][2016-01-07 16:13:36,398][com.java.TestType] [ 5895] - value = 
[INFO ][2016-01-07 16:13:37,399][com.java.TestType] [ 6411] - BEFORE CLICK
[INFO ][2016-01-07 16:13:40,746][com.java.TestType] [ 6419] - Unable to click the object Finished button
[INFO ][2016-01-07 16:13:40,746][com.java.SeleniumDriver] [  906] -  RESULT true
[INFO ][2016-01-07 16:13:40,746][com.java.SeleniumDriver] [ 1112] - ?   P A S S   ?
[INFO ][2016-01-07 16:13:40,746][com.java.SeleniumDriver] [  832] - ------------------------------------------
[INFO ][2016-01-07 16:13:40,746][com.java.SeleniumDriver] [  833] - Test case being Executed: 2
[INFO ][2016-01-07 16:13:40,746][com.java.SeleniumDriver] [  845] - Test step:42
[INFO ][2016-01-07 16:13:40,746][com.java.SeleniumDriver] [  857] - Datavalue is----------5
[INFO ][2016-01-07 16:13:40,746][com.java.SeleniumDriver] [  881] - DataField : BTNframeDialogContent
[INFO ][2016-01-07 16:13:40,746][com.java.SeleniumDriver] [  883] - DataValue : 5
[INFO ][2016-01-07 16:13:40,746][com.java.SeleniumDriver] [  889] - <In Set values of the page>
[INFO ][2016-01-07 16:13:40,746][com.java.SeleniumDriver] [  892] - {Data Fields & Data Values Exist}
[INFO ][2016-01-07 16:13:40,746][com.java.SeleniumDriver] [  894] - --------------------------setting values-----------------------------
[INFO ][2016-01-07 16:13:40,746][com.java.SeleniumDriver] [  897] - Action Type : WaitForElement
[INFO ][2016-01-07 16:13:41,986][com.java.SeleniumDriver] [  906] -  RESULT true
[INFO ][2016-01-07 16:13:41,986][com.java.SeleniumDriver] [ 1112] - ?   P A S S   ?
[INFO ][2016-01-07 16:13:41,986][com.java.SeleniumDriver] [  832] - ------------------------------------------
[INFO ][2016-01-07 16:13:41,986][com.java.SeleniumDriver] [  833] - Test case being Executed: 2
[INFO ][2016-01-07 16:13:41,986][com.java.SeleniumDriver] [  845] - Test step:43
[INFO ][2016-01-07 16:13:41,986][com.java.SeleniumDriver] [  857] - Datavalue is----------null
[DEBUG][2016-01-07 16:13:41,987][com.java.SeleniumDriver] [  875] - Exception: null
[INFO ][2016-01-07 16:13:41,987][com.java.SeleniumDriver] [  881] - DataField : BTNframeDialogContent
[INFO ][2016-01-07 16:13:41,987][com.java.SeleniumDriver] [  883] - DataValue : 
[INFO ][2016-01-07 16:13:41,987][com.java.SeleniumDriver] [  889] - <In Set values of the page>
[INFO ][2016-01-07 16:13:41,987][com.java.SeleniumDriver] [  892] - {Data Fields & Data Values Exist}
[INFO ][2016-01-07 16:13:41,987][com.java.SeleniumDriver] [  894] - --------------------------setting values-----------------------------
[INFO ][2016-01-07 16:13:41,987][com.java.SeleniumDriver] [  897] - Action Type : SelectFrame
[INFO ][2016-01-07 16:13:43,260][com.java.SeleniumDriver] [  906] -  RESULT true
[INFO ][2016-01-07 16:13:43,260][com.java.SeleniumDriver] [ 1112] - ?   P A S S   ?
[INFO ][2016-01-07 16:13:43,260][com.java.SeleniumDriver] [  832] - ------------------------------------------
[INFO ][2016-01-07 16:13:43,260][com.java.SeleniumDriver] [  833] - Test case being Executed: 2
[INFO ][2016-01-07 16:13:43,260][com.java.SeleniumDriver] [  845] - Test step:44
[INFO ][2016-01-07 16:13:43,260][com.java.SeleniumDriver] [  857] - Datavalue is----------null
[DEBUG][2016-01-07 16:13:43,260][com.java.SeleniumDriver] [  875] - Exception: null
[INFO ][2016-01-07 16:13:43,260][com.java.SeleniumDriver] [  881] - DataField : XPH//table[@id="tblUserListing"]//td[contains(text(),'vltest.robot')]
[INFO ][2016-01-07 16:13:43,261][com.java.SeleniumDriver] [  883] - DataValue : 
[INFO ][2016-01-07 16:13:43,261][com.java.SeleniumDriver] [  889] - <In Set values of the page>
[INFO ][2016-01-07 16:13:43,261][com.java.SeleniumDriver] [  892] - {Data Fields & Data Values Exist}
[INFO ][2016-01-07 16:13:43,261][com.java.SeleniumDriver] [  894] - --------------------------setting values-----------------------------
[INFO ][2016-01-07 16:13:43,261][com.java.SeleniumDriver] [  897] - Action Type : WaitForElement
[INFO ][2016-01-07 16:13:43,296][com.java.SeleniumDriver] [  906] -  RESULT true
[INFO ][2016-01-07 16:13:43,296][com.java.SeleniumDriver] [ 1112] - ?   P A S S   ?
[INFO ][2016-01-07 16:13:43,297][com.java.SeleniumDriver] [  832] - ------------------------------------------
[INFO ][2016-01-07 16:13:43,297][com.java.SeleniumDriver] [  833] - Test case being Executed: 2
[INFO ][2016-01-07 16:13:43,297][com.java.SeleniumDriver] [  845] - Test step:45
[INFO ][2016-01-07 16:13:43,297][com.java.SeleniumDriver] [  857] - Datavalue is----------HMVGivenNewUserName
[INFO ][2016-01-07 16:13:43,297][com.java.SeleniumDriver] [  881] - DataField : USR
[INFO ][2016-01-07 16:13:43,297][com.java.SeleniumDriver] [  883] - DataValue : HMVGivenNewUserName
[INFO ][2016-01-07 16:13:43,297][com.java.SeleniumDriver] [  889] - <In Set values of the page>
[INFO ][2016-01-07 16:13:43,297][com.java.SeleniumDriver] [  892] - {Data Fields & Data Values Exist}
[INFO ][2016-01-07 16:13:43,297][com.java.SeleniumDriver] [  894] - --------------------------setting values-----------------------------
[INFO ][2016-01-07 16:13:43,297][com.java.SeleniumDriver] [  897] - Action Type : Verify
[INFO ][2016-01-07 16:13:43,297][com.java.TestType] [ 7269] - field= USR value= HMVGivenNewUserName
[INFO ][2016-01-07 16:13:43,297][com.java.TestType] [ 5895] - value = vltest.robot98800
[INFO ][2016-01-07 16:13:43,347][com.java.SeleniumDriver] [  906] -  RESULT true
[INFO ][2016-01-07 16:13:43,347][com.java.SeleniumDriver] [ 1112] - ?   P A S S   ?
[INFO ][2016-01-07 16:13:43,347][com.java.SeleniumDriver] [  832] - ------------------------------------------
[INFO ][2016-01-07 16:13:43,347][com.java.SeleniumDriver] [  833] - Test case being Executed: 2
[INFO ][2016-01-07 16:13:43,347][com.java.SeleniumDriver] [  845] - Test step:46
[INFO ][2016-01-07 16:13:43,347][com.java.SeleniumDriver] [  857] - Datavalue is----------GivenNewUserName::Login_username
[INFO ][2016-01-07 16:13:43,347][com.java.SeleniumDriver] [  881] - DataField : PVP//table[@id="tblUserListing"]//td[contains(text(),'mytext')]
[INFO ][2016-01-07 16:13:43,347][com.java.SeleniumDriver] [  883] - DataValue : GivenNewUserName::Login_username
[INFO ][2016-01-07 16:13:43,348][com.java.SeleniumDriver] [  889] - <In Set values of the page>
[INFO ][2016-01-07 16:13:43,348][com.java.SeleniumDriver] [  892] - {Data Fields & Data Values Exist}
[INFO ][2016-01-07 16:13:43,348][com.java.SeleniumDriver] [  894] - --------------------------setting values-----------------------------
[INFO ][2016-01-07 16:13:43,348][com.java.SeleniumDriver] [  897] - Action Type : STOREVALUE
[INFO ][2016-01-07 16:13:43,348][com.java.TestType] [ 8612] - field= PVP//table[@id="tblUserListing"]//td[contains(text(),'mytext')]
[DEBUG][2016-01-07 16:13:43,450][com.java.TestType] [ 8903] - Key:: GivenNewUserName::Login_username  Value:: vltest.robot98800.15019
[INFO ][2016-01-07 16:13:43,450][com.java.SeleniumDriver] [  906] -  RESULT true
[INFO ][2016-01-07 16:13:43,450][com.java.SeleniumDriver] [ 1112] - ?   P A S S   ?
[INFO ][2016-01-07 16:13:43,450][com.java.SeleniumDriver] [  832] - ------------------------------------------
[INFO ][2016-01-07 16:13:43,450][com.java.SeleniumDriver] [  833] - Test case being Executed: 2
[INFO ][2016-01-07 16:13:43,450][com.java.SeleniumDriver] [  845] - Test step:47
[INFO ][2016-01-07 16:13:43,451][com.java.SeleniumDriver] [  857] - Datavalue is----------10
[INFO ][2016-01-07 16:13:43,451][com.java.SeleniumDriver] [  881] - DataField : test
[INFO ][2016-01-07 16:13:43,451][com.java.SeleniumDriver] [  883] - DataValue : 10
[INFO ][2016-01-07 16:13:43,451][com.java.SeleniumDriver] [  889] - <In Set values of the page>
[INFO ][2016-01-07 16:13:43,451][com.java.SeleniumDriver] [  892] - {Data Fields & Data Values Exist}
[INFO ][2016-01-07 16:13:43,451][com.java.SeleniumDriver] [  894] - --------------------------setting values-----------------------------
[INFO ][2016-01-07 16:13:43,451][com.java.SeleniumDriver] [  897] - Action Type : WaitTime
[DEBUG][2016-01-07 16:13:43,451][com.java.TestType] [ 5715] - sleepTime: 10000
[INFO ][2016-01-07 16:13:53,452][com.java.SeleniumDriver] [  906] -  RESULT true
[INFO ][2016-01-07 16:13:53,453][com.java.SeleniumDriver] [ 1112] - ?   P A S S   ?
[INFO ][2016-01-07 16:13:53,453][com.java.SeleniumDriver] [  832] - ------------------------------------------
[INFO ][2016-01-07 16:13:53,453][com.java.SeleniumDriver] [  833] - Test case being Executed: 2
[INFO ][2016-01-07 16:13:53,453][com.java.SeleniumDriver] [  845] - Test step:48
[INFO ][2016-01-07 16:13:53,454][com.java.SeleniumDriver] [  857] - Datavalue is----------null
[DEBUG][2016-01-07 16:13:53,454][com.java.SeleniumDriver] [  875] - Exception: null
[INFO ][2016-01-07 16:13:53,454][com.java.SeleniumDriver] [  881] - DataField : BTNparent
[INFO ][2016-01-07 16:13:53,454][com.java.SeleniumDriver] [  883] - DataValue : 
[INFO ][2016-01-07 16:13:53,454][com.java.SeleniumDriver] [  889] - <In Set values of the page>
[INFO ][2016-01-07 16:13:53,454][com.java.SeleniumDriver] [  892] - {Data Fields & Data Values Exist}
[INFO ][2016-01-07 16:13:53,454][com.java.SeleniumDriver] [  894] - --------------------------setting values-----------------------------
[INFO ][2016-01-07 16:13:53,454][com.java.SeleniumDriver] [  897] - Action Type : SelectFrame
[INFO ][2016-01-07 16:13:53,471][com.java.SeleniumDriver] [  906] -  RESULT true
[INFO ][2016-01-07 16:13:53,471][com.java.SeleniumDriver] [ 1112] - ?   P A S S   ?
[INFO ][2016-01-07 16:13:53,471][com.java.SeleniumDriver] [  832] - ------------------------------------------
[INFO ][2016-01-07 16:13:53,471][com.java.SeleniumDriver] [  833] - Test case being Executed: 2
[INFO ][2016-01-07 16:13:53,472][com.java.SeleniumDriver] [  845] - Test step:49
[INFO ][2016-01-07 16:13:53,472][com.java.SeleniumDriver] [  857] - Datavalue is----------null
[DEBUG][2016-01-07 16:13:53,472][com.java.SeleniumDriver] [  875] - Exception: null
[INFO ][2016-01-07 16:13:53,472][com.java.SeleniumDriver] [  881] - DataField : XPH//span[contains(text(), 'Finished')]
[INFO ][2016-01-07 16:13:53,472][com.java.SeleniumDriver] [  883] - DataValue : 
[INFO ][2016-01-07 16:13:53,472][com.java.SeleniumDriver] [  889] - <In Set values of the page>
[INFO ][2016-01-07 16:13:53,472][com.java.SeleniumDriver] [  892] - {Data Fields & Data Values Exist}
[INFO ][2016-01-07 16:13:53,472][com.java.SeleniumDriver] [  894] - --------------------------setting values-----------------------------
[INFO ][2016-01-07 16:13:53,472][com.java.SeleniumDriver] [  897] - Action Type : Click
[INFO ][2016-01-07 16:13:53,472][com.java.TestType] [ 6274] - Field ::XPH//span[contains(text(), 'Finished')]
[INFO ][2016-01-07 16:13:53,472][com.java.TestType] [ 5895] - value = 
[INFO ][2016-01-07 16:13:54,472][com.java.TestType] [ 6411] - BEFORE CLICK
[INFO ][2016-01-07 16:13:55,664][com.java.TestType] [ 6419] - Unable to click the object Finished button
[INFO ][2016-01-07 16:13:55,664][com.java.SeleniumDriver] [  906] -  RESULT true
[INFO ][2016-01-07 16:13:55,664][com.java.SeleniumDriver] [ 1112] - ?   P A S S   ?
[INFO ][2016-01-07 16:13:55,664][com.java.SeleniumDriver] [  832] - ------------------------------------------
[INFO ][2016-01-07 16:13:55,664][com.java.SeleniumDriver] [  833] - Test case being Executed: 2
[INFO ][2016-01-07 16:13:55,664][com.java.SeleniumDriver] [  845] - Test step:50
[INFO ][2016-01-07 16:13:55,664][com.java.SeleniumDriver] [  857] - Datavalue is----------10
[INFO ][2016-01-07 16:13:55,664][com.java.SeleniumDriver] [  881] - DataField : XPH//div[contains(text(), 'My Dashboard')]
[INFO ][2016-01-07 16:13:55,664][com.java.SeleniumDriver] [  883] - DataValue : 10
[INFO ][2016-01-07 16:13:55,664][com.java.SeleniumDriver] [  889] - <In Set values of the page>
[INFO ][2016-01-07 16:13:55,664][com.java.SeleniumDriver] [  892] - {Data Fields & Data Values Exist}
[INFO ][2016-01-07 16:13:55,665][com.java.SeleniumDriver] [  894] - --------------------------setting values-----------------------------
[INFO ][2016-01-07 16:13:55,665][com.java.SeleniumDriver] [  897] - Action Type : WAITFORELEMENT
[INFO ][2016-01-07 16:13:55,703][com.java.SeleniumDriver] [  906] -  RESULT true
[INFO ][2016-01-07 16:13:55,703][com.java.SeleniumDriver] [ 1112] - ?   P A S S   ?
[INFO ][2016-01-07 16:13:55,704][com.java.SeleniumDriver] [  832] - ------------------------------------------
[INFO ][2016-01-07 16:13:55,704][com.java.SeleniumDriver] [  833] - Test case being Executed: 2
[INFO ][2016-01-07 16:13:55,704][com.java.SeleniumDriver] [  845] - Test step:51
[INFO ][2016-01-07 16:13:55,704][com.java.SeleniumDriver] [  857] - Datavalue is----------null
[DEBUG][2016-01-07 16:13:55,704][com.java.SeleniumDriver] [  875] - Exception: null
[INFO ][2016-01-07 16:13:55,704][com.java.SeleniumDriver] [  881] - DataField : //span[@class='icon-user4']&&//a[text()='Users']&&//a[@data-id="ModifyUsers"]
[INFO ][2016-01-07 16:13:55,704][com.java.SeleniumDriver] [  883] - DataValue : 
[INFO ][2016-01-07 16:13:55,704][com.java.SeleniumDriver] [  889] - <In Set values of the page>
[INFO ][2016-01-07 16:13:55,704][com.java.SeleniumDriver] [  892] - {Data Fields & Data Values Exist}
[INFO ][2016-01-07 16:13:55,704][com.java.SeleniumDriver] [  894] - --------------------------setting values-----------------------------
[INFO ][2016-01-07 16:13:55,704][com.java.SeleniumDriver] [  897] - Action Type : MouseOver
[INFO ][2016-01-07 16:14:23,186][com.java.SeleniumDriver] [  906] -  RESULT true
[INFO ][2016-01-07 16:14:23,186][com.java.SeleniumDriver] [ 1112] - ?   P A S S   ?
[INFO ][2016-01-07 16:14:23,187][com.java.SeleniumDriver] [  832] - ------------------------------------------
[INFO ][2016-01-07 16:14:23,187][com.java.SeleniumDriver] [  833] - Test case being Executed: 2
[INFO ][2016-01-07 16:14:23,187][com.java.SeleniumDriver] [  845] - Test step:52
[INFO ][2016-01-07 16:14:23,187][com.java.SeleniumDriver] [  857] - Datavalue is----------5
[INFO ][2016-01-07 16:14:23,187][com.java.SeleniumDriver] [  881] - DataField : BTNframeDialogContent
[INFO ][2016-01-07 16:14:23,187][com.java.SeleniumDriver] [  883] - DataValue : 5
[INFO ][2016-01-07 16:14:23,187][com.java.SeleniumDriver] [  889] - <In Set values of the page>
[INFO ][2016-01-07 16:14:23,187][com.java.SeleniumDriver] [  892] - {Data Fields & Data Values Exist}
[INFO ][2016-01-07 16:14:23,187][com.java.SeleniumDriver] [  894] - --------------------------setting values-----------------------------
[INFO ][2016-01-07 16:14:23,187][com.java.SeleniumDriver] [  897] - Action Type : WaitForElement
[INFO ][2016-01-07 16:14:24,424][com.java.SeleniumDriver] [  906] -  RESULT true
[INFO ][2016-01-07 16:14:24,424][com.java.SeleniumDriver] [ 1112] - ?   P A S S   ?
[INFO ][2016-01-07 16:14:24,424][com.java.SeleniumDriver] [  832] - ------------------------------------------
[INFO ][2016-01-07 16:14:24,424][com.java.SeleniumDriver] [  833] - Test case being Executed: 2
[INFO ][2016-01-07 16:14:24,424][com.java.SeleniumDriver] [  845] - Test step:53
[INFO ][2016-01-07 16:14:24,424][com.java.SeleniumDriver] [  857] - Datavalue is----------null
[DEBUG][2016-01-07 16:14:24,425][com.java.SeleniumDriver] [  875] - Exception: null
[INFO ][2016-01-07 16:14:24,425][com.java.SeleniumDriver] [  881] - DataField : BTNframeDialogContent
[INFO ][2016-01-07 16:14:24,425][com.java.SeleniumDriver] [  883] - DataValue : 
[INFO ][2016-01-07 16:14:24,425][com.java.SeleniumDriver] [  889] - <In Set values of the page>
[INFO ][2016-01-07 16:14:24,425][com.java.SeleniumDriver] [  892] - {Data Fields & Data Values Exist}
[INFO ][2016-01-07 16:14:24,425][com.java.SeleniumDriver] [  894] - --------------------------setting values-----------------------------
[INFO ][2016-01-07 16:14:24,425][com.java.SeleniumDriver] [  897] - Action Type : SelectFrame
[INFO ][2016-01-07 16:14:25,691][com.java.SeleniumDriver] [  906] -  RESULT true
[INFO ][2016-01-07 16:14:25,691][com.java.SeleniumDriver] [ 1112] - ?   P A S S   ?
[INFO ][2016-01-07 16:14:25,691][com.java.SeleniumDriver] [  832] - ------------------------------------------
[INFO ][2016-01-07 16:14:25,691][com.java.SeleniumDriver] [  833] - Test case being Executed: 2
[INFO ][2016-01-07 16:14:25,691][com.java.SeleniumDriver] [  845] - Test step:54
[INFO ][2016-01-07 16:14:25,691][com.java.SeleniumDriver] [  857] - Datavalue is----------5
[INFO ][2016-01-07 16:14:25,691][com.java.SeleniumDriver] [  881] - DataField : BTNbtnAddUser
[INFO ][2016-01-07 16:14:25,691][com.java.SeleniumDriver] [  883] - DataValue : 5
[INFO ][2016-01-07 16:14:25,691][com.java.SeleniumDriver] [  889] - <In Set values of the page>
[INFO ][2016-01-07 16:14:25,693][com.java.SeleniumDriver] [  892] - {Data Fields & Data Values Exist}
[INFO ][2016-01-07 16:14:25,693][com.java.SeleniumDriver] [  894] - --------------------------setting values-----------------------------
[INFO ][2016-01-07 16:14:25,693][com.java.SeleniumDriver] [  897] - Action Type : WaitForElement
[INFO ][2016-01-07 16:14:27,330][com.java.SeleniumDriver] [  906] -  RESULT true
[INFO ][2016-01-07 16:14:27,330][com.java.SeleniumDriver] [ 1112] - ?   P A S S   ?
[INFO ][2016-01-07 16:14:27,330][com.java.SeleniumDriver] [  832] - ------------------------------------------
[INFO ][2016-01-07 16:14:27,330][com.java.SeleniumDriver] [  833] - Test case being Executed: 2
[INFO ][2016-01-07 16:14:27,330][com.java.SeleniumDriver] [  845] - Test step:55
[INFO ][2016-01-07 16:14:27,331][com.java.SeleniumDriver] [  857] - Datavalue is----------Login_username
[INFO ][2016-01-07 16:14:27,331][com.java.SeleniumDriver] [  881] - DataField : MNC//div[@id="divUserListing"]//td//a[@id='modifyUser.mytext']
[INFO ][2016-01-07 16:14:27,331][com.java.SeleniumDriver] [  883] - DataValue : Login_username
[INFO ][2016-01-07 16:14:27,331][com.java.SeleniumDriver] [  889] - <In Set values of the page>
[INFO ][2016-01-07 16:14:27,331][com.java.SeleniumDriver] [  892] - {Data Fields & Data Values Exist}
[INFO ][2016-01-07 16:14:27,331][com.java.SeleniumDriver] [  894] - --------------------------setting values-----------------------------
[INFO ][2016-01-07 16:14:27,331][com.java.SeleniumDriver] [  897] - Action Type : Click
[INFO ][2016-01-07 16:14:27,331][com.java.TestType] [ 6274] - Field ::MNC//div[@id="divUserListing"]//td//a[@id='modifyUser.mytext']
[INFO ][2016-01-07 16:14:27,331][com.java.TestType] [ 5895] - value = Login_username
[INFO ][2016-01-07 16:14:28,781][com.java.SeleniumDriver] [  906] -  RESULT true
[INFO ][2016-01-07 16:14:28,781][com.java.SeleniumDriver] [ 1112] - ?   P A S S   ?
[INFO ][2016-01-07 16:14:28,781][com.java.SeleniumDriver] [  832] - ------------------------------------------
[INFO ][2016-01-07 16:14:28,781][com.java.SeleniumDriver] [  833] - Test case being Executed: 2
[INFO ][2016-01-07 16:14:28,781][com.java.SeleniumDriver] [  845] - Test step:56
[INFO ][2016-01-07 16:14:28,783][com.java.SeleniumDriver] [  857] - Datavalue is----------2
[INFO ][2016-01-07 16:14:28,783][com.java.SeleniumDriver] [  881] - DataField : BTNtxtFirstName
[INFO ][2016-01-07 16:14:28,783][com.java.SeleniumDriver] [  883] - DataValue : 2
[INFO ][2016-01-07 16:14:28,783][com.java.SeleniumDriver] [  889] - <In Set values of the page>
[INFO ][2016-01-07 16:14:28,783][com.java.SeleniumDriver] [  892] - {Data Fields & Data Values Exist}
[INFO ][2016-01-07 16:14:28,783][com.java.SeleniumDriver] [  894] - --------------------------setting values-----------------------------
[INFO ][2016-01-07 16:14:28,783][com.java.SeleniumDriver] [  897] - Action Type : WaitForElement
[INFO ][2016-01-07 16:14:30,262][com.java.SeleniumDriver] [  906] -  RESULT true
[INFO ][2016-01-07 16:14:30,262][com.java.SeleniumDriver] [ 1112] - ?   P A S S   ?
[INFO ][2016-01-07 16:14:30,262][com.java.SeleniumDriver] [  832] - ------------------------------------------
[INFO ][2016-01-07 16:14:30,262][com.java.SeleniumDriver] [  833] - Test case being Executed: 2
[INFO ][2016-01-07 16:14:30,262][com.java.SeleniumDriver] [  845] - Test step:57
[INFO ][2016-01-07 16:14:30,262][com.java.SeleniumDriver] [  857] - Datavalue is----------dt:ResetNewPswd
[INFO ][2016-01-07 16:14:30,263][com.java.SeleniumDriver] [  881] - DataField : TXTtxtPassword
[INFO ][2016-01-07 16:14:30,263][com.java.SeleniumDriver] [  883] - DataValue : dt:ResetNewPswd
[INFO ][2016-01-07 16:14:30,263][com.java.SeleniumDriver] [  889] - <In Set values of the page>
[INFO ][2016-01-07 16:14:30,263][com.java.SeleniumDriver] [  892] - {Data Fields & Data Values Exist}
[INFO ][2016-01-07 16:14:30,263][com.java.SeleniumDriver] [  894] - --------------------------setting values-----------------------------
[INFO ][2016-01-07 16:14:30,263][com.java.SeleniumDriver] [  897] - Action Type : CLEARANDENTER
[INFO ][2016-01-07 16:14:30,263][com.java.TestType] [ 5895] - value = Password#1
[INFO ][2016-01-07 16:14:33,005][com.java.SeleniumDriver] [  906] -  RESULT true
[INFO ][2016-01-07 16:14:33,005][com.java.SeleniumDriver] [ 1112] - ?   P A S S   ?
[INFO ][2016-01-07 16:14:33,005][com.java.SeleniumDriver] [  832] - ------------------------------------------
[INFO ][2016-01-07 16:14:33,007][com.java.SeleniumDriver] [  833] - Test case being Executed: 2
[INFO ][2016-01-07 16:14:33,007][com.java.SeleniumDriver] [  845] - Test step:58
[INFO ][2016-01-07 16:14:33,007][com.java.SeleniumDriver] [  857] - Datavalue is----------5
[INFO ][2016-01-07 16:14:33,007][com.java.SeleniumDriver] [  881] - DataField : TXTtxtPasswordConfirm
[INFO ][2016-01-07 16:14:33,007][com.java.SeleniumDriver] [  883] - DataValue : 5
[INFO ][2016-01-07 16:14:33,007][com.java.SeleniumDriver] [  889] - <In Set values of the page>
[INFO ][2016-01-07 16:14:33,007][com.java.SeleniumDriver] [  892] - {Data Fields & Data Values Exist}
[INFO ][2016-01-07 16:14:33,007][com.java.SeleniumDriver] [  894] - --------------------------setting values-----------------------------
[INFO ][2016-01-07 16:14:33,007][com.java.SeleniumDriver] [  897] - Action Type : WaitForElement
[INFO ][2016-01-07 16:14:34,167][com.java.SeleniumDriver] [  906] -  RESULT true
[INFO ][2016-01-07 16:14:34,167][com.java.SeleniumDriver] [ 1112] - ?   P A S S   ?
[INFO ][2016-01-07 16:14:34,167][com.java.SeleniumDriver] [  832] - ------------------------------------------
[INFO ][2016-01-07 16:14:34,168][com.java.SeleniumDriver] [  833] - Test case being Executed: 2
[INFO ][2016-01-07 16:14:34,168][com.java.SeleniumDriver] [  845] - Test step:59
[INFO ][2016-01-07 16:14:34,168][com.java.SeleniumDriver] [  857] - Datavalue is----------dt:ResetNewPswd
[INFO ][2016-01-07 16:14:34,168][com.java.SeleniumDriver] [  881] - DataField : TXTtxtPasswordConfirm
[INFO ][2016-01-07 16:14:34,168][com.java.SeleniumDriver] [  883] - DataValue : dt:ResetNewPswd
[INFO ][2016-01-07 16:14:34,168][com.java.SeleniumDriver] [  889] - <In Set values of the page>
[INFO ][2016-01-07 16:14:34,168][com.java.SeleniumDriver] [  892] - {Data Fields & Data Values Exist}
[INFO ][2016-01-07 16:14:34,168][com.java.SeleniumDriver] [  894] - --------------------------setting values-----------------------------
[INFO ][2016-01-07 16:14:34,168][com.java.SeleniumDriver] [  897] - Action Type : CLEARANDENTER
[INFO ][2016-01-07 16:14:34,168][com.java.TestType] [ 5895] - value = Password#1
[INFO ][2016-01-07 16:14:36,891][com.java.SeleniumDriver] [  906] -  RESULT true
[INFO ][2016-01-07 16:14:36,891][com.java.SeleniumDriver] [ 1112] - ?   P A S S   ?
[INFO ][2016-01-07 16:14:36,892][com.java.SeleniumDriver] [  832] - ------------------------------------------
[INFO ][2016-01-07 16:14:36,892][com.java.SeleniumDriver] [  833] - Test case being Executed: 2
[INFO ][2016-01-07 16:14:36,892][com.java.SeleniumDriver] [  845] - Test step:60
[INFO ][2016-01-07 16:14:36,892][com.java.SeleniumDriver] [  857] - Datavalue is----------5
[INFO ][2016-01-07 16:14:36,892][com.java.SeleniumDriver] [  881] - DataField : test
[INFO ][2016-01-07 16:14:36,892][com.java.SeleniumDriver] [  883] - DataValue : 5
[INFO ][2016-01-07 16:14:36,892][com.java.SeleniumDriver] [  889] - <In Set values of the page>
[INFO ][2016-01-07 16:14:36,892][com.java.SeleniumDriver] [  892] - {Data Fields & Data Values Exist}
[INFO ][2016-01-07 16:14:36,892][com.java.SeleniumDriver] [  894] - --------------------------setting values-----------------------------
[INFO ][2016-01-07 16:14:36,892][com.java.SeleniumDriver] [  897] - Action Type : WaitTime
[DEBUG][2016-01-07 16:14:36,892][com.java.TestType] [ 5715] - sleepTime: 5000
[INFO ][2016-01-07 16:14:41,892][com.java.SeleniumDriver] [  906] -  RESULT true
[INFO ][2016-01-07 16:14:41,892][com.java.SeleniumDriver] [ 1112] - ?   P A S S   ?
[INFO ][2016-01-07 16:14:41,892][com.java.SeleniumDriver] [  832] - ------------------------------------------
[INFO ][2016-01-07 16:14:41,892][com.java.SeleniumDriver] [  833] - Test case being Executed: 2
[INFO ][2016-01-07 16:14:41,892][com.java.SeleniumDriver] [  845] - Test step:61
[INFO ][2016-01-07 16:14:41,893][com.java.SeleniumDriver] [  857] - Datavalue is----------null
[DEBUG][2016-01-07 16:14:41,893][com.java.SeleniumDriver] [  875] - Exception: null
[INFO ][2016-01-07 16:14:41,893][com.java.SeleniumDriver] [  881] - DataField : BTNrdoResendYes
[INFO ][2016-01-07 16:14:41,893][com.java.SeleniumDriver] [  883] - DataValue : 
[INFO ][2016-01-07 16:14:41,893][com.java.SeleniumDriver] [  889] - <In Set values of the page>
[INFO ][2016-01-07 16:14:41,893][com.java.SeleniumDriver] [  892] - {Data Fields & Data Values Exist}
[INFO ][2016-01-07 16:14:41,893][com.java.SeleniumDriver] [  894] - --------------------------setting values-----------------------------
[INFO ][2016-01-07 16:14:41,893][com.java.SeleniumDriver] [  897] - Action Type : Click
[INFO ][2016-01-07 16:14:41,893][com.java.TestType] [ 6274] - Field ::BTNrdoResendYes
[INFO ][2016-01-07 16:14:41,893][com.java.TestType] [ 5895] - value = 
[INFO ][2016-01-07 16:14:42,893][com.java.TestType] [ 6390] - BEFORE CLICK
[INFO ][2016-01-07 16:14:44,216][com.java.TestType] [ 6397] - Unable to click the object Yes Radio button
[INFO ][2016-01-07 16:14:44,216][com.java.SeleniumDriver] [  906] -  RESULT true
[INFO ][2016-01-07 16:14:44,216][com.java.SeleniumDriver] [ 1112] - ?   P A S S   ?
[INFO ][2016-01-07 16:14:44,216][com.java.SeleniumDriver] [  832] - ------------------------------------------
[INFO ][2016-01-07 16:14:44,216][com.java.SeleniumDriver] [  833] - Test case being Executed: 2
[INFO ][2016-01-07 16:14:44,216][com.java.SeleniumDriver] [  845] - Test step:62
[INFO ][2016-01-07 16:14:44,216][com.java.SeleniumDriver] [  857] - Datavalue is----------null
[DEBUG][2016-01-07 16:14:44,216][com.java.SeleniumDriver] [  875] - Exception: null
[INFO ][2016-01-07 16:14:44,217][com.java.SeleniumDriver] [  881] - DataField : BTNparent
[INFO ][2016-01-07 16:14:44,217][com.java.SeleniumDriver] [  883] - DataValue : 
[INFO ][2016-01-07 16:14:44,217][com.java.SeleniumDriver] [  889] - <In Set values of the page>
[INFO ][2016-01-07 16:14:44,217][com.java.SeleniumDriver] [  892] - {Data Fields & Data Values Exist}
[INFO ][2016-01-07 16:14:44,217][com.java.SeleniumDriver] [  894] - --------------------------setting values-----------------------------
[INFO ][2016-01-07 16:14:44,217][com.java.SeleniumDriver] [  897] - Action Type : SelectFrame
[INFO ][2016-01-07 16:14:44,232][com.java.SeleniumDriver] [  906] -  RESULT true
[INFO ][2016-01-07 16:14:44,232][com.java.SeleniumDriver] [ 1112] - ?   P A S S   ?
[INFO ][2016-01-07 16:14:44,232][com.java.SeleniumDriver] [  832] - ------------------------------------------
[INFO ][2016-01-07 16:14:44,232][com.java.SeleniumDriver] [  833] - Test case being Executed: 2
[INFO ][2016-01-07 16:14:44,232][com.java.SeleniumDriver] [  845] - Test step:63
[INFO ][2016-01-07 16:14:44,232][com.java.SeleniumDriver] [  857] - Datavalue is----------null
[DEBUG][2016-01-07 16:14:44,232][com.java.SeleniumDriver] [  875] - Exception: null
[INFO ][2016-01-07 16:14:44,232][com.java.SeleniumDriver] [  881] - DataField : XPH//span[contains(text(), 'Finished')]
[INFO ][2016-01-07 16:14:44,232][com.java.SeleniumDriver] [  883] - DataValue : 
[INFO ][2016-01-07 16:14:44,233][com.java.SeleniumDriver] [  889] - <In Set values of the page>
[INFO ][2016-01-07 16:14:44,233][com.java.SeleniumDriver] [  892] - {Data Fields & Data Values Exist}
[INFO ][2016-01-07 16:14:44,233][com.java.SeleniumDriver] [  894] - --------------------------setting values-----------------------------
[INFO ][2016-01-07 16:14:44,233][com.java.SeleniumDriver] [  897] - Action Type : Click
[INFO ][2016-01-07 16:14:44,233][com.java.TestType] [ 6274] - Field ::XPH//span[contains(text(), 'Finished')]
[INFO ][2016-01-07 16:14:44,233][com.java.TestType] [ 5895] - value = 
[INFO ][2016-01-07 16:14:45,233][com.java.TestType] [ 6411] - BEFORE CLICK
[INFO ][2016-01-07 16:14:46,134][com.java.TestType] [ 6419] - Unable to click the object Finished button
[INFO ][2016-01-07 16:14:46,134][com.java.SeleniumDriver] [  906] -  RESULT true
[INFO ][2016-01-07 16:14:46,134][com.java.SeleniumDriver] [ 1112] - ?   P A S S   ?
[INFO ][2016-01-07 16:14:46,134][com.java.SeleniumDriver] [  832] - ------------------------------------------
[INFO ][2016-01-07 16:14:46,134][com.java.SeleniumDriver] [  833] - Test case being Executed: 2
[INFO ][2016-01-07 16:14:46,134][com.java.SeleniumDriver] [  845] - Test step:64
[INFO ][2016-01-07 16:14:46,134][com.java.SeleniumDriver] [  857] - Datavalue is----------10
[INFO ][2016-01-07 16:14:46,134][com.java.SeleniumDriver] [  881] - DataField : test
[INFO ][2016-01-07 16:14:46,134][com.java.SeleniumDriver] [  883] - DataValue : 10
[INFO ][2016-01-07 16:14:46,134][com.java.SeleniumDriver] [  889] - <In Set values of the page>
[INFO ][2016-01-07 16:14:46,134][com.java.SeleniumDriver] [  892] - {Data Fields & Data Values Exist}
[INFO ][2016-01-07 16:14:46,134][com.java.SeleniumDriver] [  894] - --------------------------setting values-----------------------------
[INFO ][2016-01-07 16:14:46,134][com.java.SeleniumDriver] [  897] - Action Type : WaitTime
[DEBUG][2016-01-07 16:14:46,135][com.java.TestType] [ 5715] - sleepTime: 10000
[INFO ][2016-01-07 16:14:56,135][com.java.SeleniumDriver] [  906] -  RESULT true
[INFO ][2016-01-07 16:14:56,135][com.java.SeleniumDriver] [ 1112] - ?   P A S S   ?
[INFO ][2016-01-07 16:14:56,135][com.java.SeleniumDriver] [  832] - ------------------------------------------
[INFO ][2016-01-07 16:14:56,135][com.java.SeleniumDriver] [  833] - Test case being Executed: 2
[INFO ][2016-01-07 16:14:56,135][com.java.SeleniumDriver] [  845] - Test step:65
[INFO ][2016-01-07 16:14:56,135][com.java.SeleniumDriver] [  857] - Datavalue is----------5
[INFO ][2016-01-07 16:14:56,135][com.java.SeleniumDriver] [  881] - DataField : BTNframeDialogContent
[INFO ][2016-01-07 16:14:56,135][com.java.SeleniumDriver] [  883] - DataValue : 5
[INFO ][2016-01-07 16:14:56,135][com.java.SeleniumDriver] [  889] - <In Set values of the page>
[INFO ][2016-01-07 16:14:56,135][com.java.SeleniumDriver] [  892] - {Data Fields & Data Values Exist}
[INFO ][2016-01-07 16:14:56,135][com.java.SeleniumDriver] [  894] - --------------------------setting values-----------------------------
[INFO ][2016-01-07 16:14:56,135][com.java.SeleniumDriver] [  897] - Action Type : WaitForElement
[INFO ][2016-01-07 16:14:57,398][com.java.SeleniumDriver] [  906] -  RESULT true
[INFO ][2016-01-07 16:14:57,398][com.java.SeleniumDriver] [ 1112] - ?   P A S S   ?
[INFO ][2016-01-07 16:14:57,398][com.java.SeleniumDriver] [  832] - ------------------------------------------
[INFO ][2016-01-07 16:14:57,398][com.java.SeleniumDriver] [  833] - Test case being Executed: 2
[INFO ][2016-01-07 16:14:57,398][com.java.SeleniumDriver] [  845] - Test step:66
[INFO ][2016-01-07 16:14:57,398][com.java.SeleniumDriver] [  857] - Datavalue is----------null
[DEBUG][2016-01-07 16:14:57,398][com.java.SeleniumDriver] [  875] - Exception: null
[INFO ][2016-01-07 16:14:57,398][com.java.SeleniumDriver] [  881] - DataField : BTNframeDialogContent
[INFO ][2016-01-07 16:14:57,399][com.java.SeleniumDriver] [  883] - DataValue : 
[INFO ][2016-01-07 16:14:57,399][com.java.SeleniumDriver] [  889] - <In Set values of the page>
[INFO ][2016-01-07 16:14:57,399][com.java.SeleniumDriver] [  892] - {Data Fields & Data Values Exist}
[INFO ][2016-01-07 16:14:57,399][com.java.SeleniumDriver] [  894] - --------------------------setting values-----------------------------
[INFO ][2016-01-07 16:14:57,399][com.java.SeleniumDriver] [  897] - Action Type : SelectFrame
[INFO ][2016-01-07 16:14:58,720][com.java.SeleniumDriver] [  906] -  RESULT true
[INFO ][2016-01-07 16:14:58,720][com.java.SeleniumDriver] [ 1112] - ?   P A S S   ?
[INFO ][2016-01-07 16:14:58,720][com.java.SeleniumDriver] [  832] - ------------------------------------------
[INFO ][2016-01-07 16:14:58,720][com.java.SeleniumDriver] [  833] - Test case being Executed: 2
[INFO ][2016-01-07 16:14:58,720][com.java.SeleniumDriver] [  845] - Test step:67
[INFO ][2016-01-07 16:14:58,720][com.java.SeleniumDriver] [  857] - Datavalue is----------null
[DEBUG][2016-01-07 16:14:58,720][com.java.SeleniumDriver] [  875] - Exception: null
[INFO ][2016-01-07 16:14:58,720][com.java.SeleniumDriver] [  881] - DataField : XPH//table[@id="tblUserListing"]//td[contains(text(),'vltest.robot')]
[INFO ][2016-01-07 16:14:58,720][com.java.SeleniumDriver] [  883] - DataValue : 
[INFO ][2016-01-07 16:14:58,721][com.java.SeleniumDriver] [  889] - <In Set values of the page>
[INFO ][2016-01-07 16:14:58,721][com.java.SeleniumDriver] [  892] - {Data Fields & Data Values Exist}
[INFO ][2016-01-07 16:14:58,721][com.java.SeleniumDriver] [  894] - --------------------------setting values-----------------------------
[INFO ][2016-01-07 16:14:58,721][com.java.SeleniumDriver] [  897] - Action Type : WaitForElement
[INFO ][2016-01-07 16:14:58,768][com.java.SeleniumDriver] [  906] -  RESULT true
[INFO ][2016-01-07 16:14:58,768][com.java.SeleniumDriver] [ 1112] - ?   P A S S   ?
[INFO ][2016-01-07 16:14:58,768][com.java.SeleniumDriver] [  832] - ------------------------------------------
[INFO ][2016-01-07 16:14:58,768][com.java.SeleniumDriver] [  833] - Test case being Executed: 2
[INFO ][2016-01-07 16:14:58,768][com.java.SeleniumDriver] [  845] - Test step:68
[INFO ][2016-01-07 16:14:58,768][com.java.SeleniumDriver] [  857] - Datavalue is----------HMVLogin_username
[INFO ][2016-01-07 16:14:58,768][com.java.SeleniumDriver] [  881] - DataField : USR
[INFO ][2016-01-07 16:14:58,768][com.java.SeleniumDriver] [  883] - DataValue : HMVLogin_username
[INFO ][2016-01-07 16:14:58,769][com.java.SeleniumDriver] [  889] - <In Set values of the page>
[INFO ][2016-01-07 16:14:58,769][com.java.SeleniumDriver] [  892] - {Data Fields & Data Values Exist}
[INFO ][2016-01-07 16:14:58,769][com.java.SeleniumDriver] [  894] - --------------------------setting values-----------------------------
[INFO ][2016-01-07 16:14:58,769][com.java.SeleniumDriver] [  897] - Action Type : Verify
[INFO ][2016-01-07 16:14:58,769][com.java.TestType] [ 7269] - field= USR value= HMVLogin_username
[INFO ][2016-01-07 16:14:58,769][com.java.TestType] [ 5895] - value = vltest.robot98800.15019
[INFO ][2016-01-07 16:14:58,819][com.java.SeleniumDriver] [  906] -  RESULT true
[INFO ][2016-01-07 16:14:58,820][com.java.SeleniumDriver] [ 1112] - ?   P A S S   ?
[INFO ][2016-01-07 16:14:58,820][com.java.SeleniumDriver] [  832] - ------------------------------------------
[INFO ][2016-01-07 16:14:58,820][com.java.SeleniumDriver] [  833] - Test case being Executed: 2
[INFO ][2016-01-07 16:14:58,820][com.java.SeleniumDriver] [  845] - Test step:69
[INFO ][2016-01-07 16:14:58,820][com.java.SeleniumDriver] [  857] - Datavalue is----------null
[DEBUG][2016-01-07 16:14:58,820][com.java.SeleniumDriver] [  875] - Exception: null
[INFO ][2016-01-07 16:14:58,820][com.java.SeleniumDriver] [  881] - DataField : BTNparent
[INFO ][2016-01-07 16:14:58,820][com.java.SeleniumDriver] [  883] - DataValue : 
[INFO ][2016-01-07 16:14:58,820][com.java.SeleniumDriver] [  889] - <In Set values of the page>
[INFO ][2016-01-07 16:14:58,820][com.java.SeleniumDriver] [  892] - {Data Fields & Data Values Exist}
[INFO ][2016-01-07 16:14:58,820][com.java.SeleniumDriver] [  894] - --------------------------setting values-----------------------------
[INFO ][2016-01-07 16:14:58,820][com.java.SeleniumDriver] [  897] - Action Type : SelectFrame
[INFO ][2016-01-07 16:14:58,835][com.java.SeleniumDriver] [  906] -  RESULT true
[INFO ][2016-01-07 16:14:58,835][com.java.SeleniumDriver] [ 1112] - ?   P A S S   ?
[INFO ][2016-01-07 16:14:58,835][com.java.SeleniumDriver] [  832] - ------------------------------------------
[INFO ][2016-01-07 16:14:58,835][com.java.SeleniumDriver] [  833] - Test case being Executed: 2
[INFO ][2016-01-07 16:14:58,835][com.java.SeleniumDriver] [  845] - Test step:70
[INFO ][2016-01-07 16:14:58,835][com.java.SeleniumDriver] [  857] - Datavalue is----------5
[INFO ][2016-01-07 16:14:58,835][com.java.SeleniumDriver] [  881] - DataField : XPH//span[contains(text(), 'Finished')]
[INFO ][2016-01-07 16:14:58,835][com.java.SeleniumDriver] [  883] - DataValue : 5
[INFO ][2016-01-07 16:14:58,835][com.java.SeleniumDriver] [  889] - <In Set values of the page>
[INFO ][2016-01-07 16:14:58,835][com.java.SeleniumDriver] [  892] - {Data Fields & Data Values Exist}
[INFO ][2016-01-07 16:14:58,835][com.java.SeleniumDriver] [  894] - --------------------------setting values-----------------------------
[INFO ][2016-01-07 16:14:58,835][com.java.SeleniumDriver] [  897] - Action Type : WaitForElement
[INFO ][2016-01-07 16:14:58,871][com.java.SeleniumDriver] [  906] -  RESULT true
[INFO ][2016-01-07 16:14:58,872][com.java.SeleniumDriver] [ 1112] - ?   P A S S   ?
[INFO ][2016-01-07 16:14:58,872][com.java.SeleniumDriver] [  832] - ------------------------------------------
[INFO ][2016-01-07 16:14:58,872][com.java.SeleniumDriver] [  833] - Test case being Executed: 2
[INFO ][2016-01-07 16:14:58,872][com.java.SeleniumDriver] [  845] - Test step:71
[INFO ][2016-01-07 16:14:58,872][com.java.SeleniumDriver] [  857] - Datavalue is----------null
[DEBUG][2016-01-07 16:14:58,872][com.java.SeleniumDriver] [  875] - Exception: null
[INFO ][2016-01-07 16:14:58,872][com.java.SeleniumDriver] [  881] - DataField : XPH//span[contains(text(), 'Finished')]
[INFO ][2016-01-07 16:14:58,872][com.java.SeleniumDriver] [  883] - DataValue : 
[INFO ][2016-01-07 16:14:58,872][com.java.SeleniumDriver] [  889] - <In Set values of the page>
[INFO ][2016-01-07 16:14:58,872][com.java.SeleniumDriver] [  892] - {Data Fields & Data Values Exist}
[INFO ][2016-01-07 16:14:58,872][com.java.SeleniumDriver] [  894] - --------------------------setting values-----------------------------
[INFO ][2016-01-07 16:14:58,872][com.java.SeleniumDriver] [  897] - Action Type : Click
[INFO ][2016-01-07 16:14:58,872][com.java.TestType] [ 6274] - Field ::XPH//span[contains(text(), 'Finished')]
[INFO ][2016-01-07 16:14:58,873][com.java.TestType] [ 5895] - value = 
[INFO ][2016-01-07 16:14:59,873][com.java.TestType] [ 6411] - BEFORE CLICK
[INFO ][2016-01-07 16:15:01,103][com.java.TestType] [ 6419] - Unable to click the object Finished button
[INFO ][2016-01-07 16:15:01,103][com.java.SeleniumDriver] [  906] -  RESULT true
[INFO ][2016-01-07 16:15:01,103][com.java.SeleniumDriver] [ 1112] - ?   P A S S   ?
[INFO ][2016-01-07 16:15:01,103][com.java.SeleniumDriver] [  832] - ------------------------------------------
[INFO ][2016-01-07 16:15:01,103][com.java.SeleniumDriver] [  833] - Test case being Executed: 2
[INFO ][2016-01-07 16:15:01,103][com.java.SeleniumDriver] [  845] - Test step:72
[INFO ][2016-01-07 16:15:01,103][com.java.SeleniumDriver] [  857] - Datavalue is----------10
[INFO ][2016-01-07 16:15:01,103][com.java.SeleniumDriver] [  881] - DataField : XPH//div[contains(text(), 'My Dashboard')]
[INFO ][2016-01-07 16:15:01,103][com.java.SeleniumDriver] [  883] - DataValue : 10
[INFO ][2016-01-07 16:15:01,103][com.java.SeleniumDriver] [  889] - <In Set values of the page>
[INFO ][2016-01-07 16:15:01,103][com.java.SeleniumDriver] [  892] - {Data Fields & Data Values Exist}
[INFO ][2016-01-07 16:15:01,103][com.java.SeleniumDriver] [  894] - --------------------------setting values-----------------------------
[INFO ][2016-01-07 16:15:01,104][com.java.SeleniumDriver] [  897] - Action Type : WAITFORELEMENT
[INFO ][2016-01-07 16:15:01,141][com.java.SeleniumDriver] [  906] -  RESULT true
[INFO ][2016-01-07 16:15:01,141][com.java.SeleniumDriver] [ 1112] - ?   P A S S   ?
[INFO ][2016-01-07 16:15:01,141][com.java.SeleniumDriver] [  832] - ------------------------------------------
[INFO ][2016-01-07 16:15:01,141][com.java.SeleniumDriver] [  833] - Test case being Executed: 2
[INFO ][2016-01-07 16:15:01,141][com.java.SeleniumDriver] [  845] - Test step:73
[INFO ][2016-01-07 16:15:01,141][com.java.SeleniumDriver] [  857] - Datavalue is----------Concept#3:1-2
[INFO ][2016-01-07 16:15:01,141][com.java.SeleniumDriver] [  881] - DataField : test
[INFO ][2016-01-07 16:15:01,141][com.java.SeleniumDriver] [  883] - DataValue : Concept#3:1-2
[INFO ][2016-01-07 16:15:01,142][com.java.SeleniumDriver] [  889] - <In Set values of the page>
[INFO ][2016-01-07 16:15:01,142][com.java.SeleniumDriver] [  892] - {Data Fields & Data Values Exist}
[INFO ][2016-01-07 16:15:01,142][com.java.SeleniumDriver] [  894] - --------------------------setting values-----------------------------
[INFO ][2016-01-07 16:15:01,142][com.java.SeleniumDriver] [  897] - Action Type : ExecuteTestCase
[INFO ][2016-01-07 16:15:01,142][com.java.TestType] [  437] - The Concept sheet name is ---------- Concept
[INFO ][2016-01-07 16:15:01,142][com.java.TestType] [  440] - The Concept ID  is ---------- 3
[DEBUG][2016-01-07 16:15:01,142][com.java.TestType] [  444] - Steps being executted in the Concept are: 1:2
[INFO ][2016-01-07 16:15:01,142][com.java.TestType] [  451] - Test data details path ---------- D:\BankersDashboard\TestInputs\TestData.xls
[INFO ][2016-01-07 16:15:01,170][com.java.TestType] [  482] -  str(1) = 3
[INFO ][2016-01-07 16:15:01,170][com.java.TestType] [  485] - Test case Id is---3
[INFO ][2016-01-07 16:15:01,170][com.java.TestType] [  487] - 3
[INFO ][2016-01-07 16:15:01,171][com.java.TestType] [  482] -  str(2) = 1
[INFO ][2016-01-07 16:15:01,172][com.java.TestType] [  482] -  str(1) = 3
[INFO ][2016-01-07 16:15:01,172][com.java.TestType] [  485] - Test case Id is---3
[INFO ][2016-01-07 16:15:01,172][com.java.TestType] [  487] - 3
[INFO ][2016-01-07 16:15:01,172][com.java.TestType] [  482] -  str(2) = 2
[INFO ][2016-01-07 16:15:01,173][com.java.TestType] [10822] - Looping 1TCID = 3
[DEBUG][2016-01-07 16:15:01,173][com.java.TestType] [10863] - Concept ID:3 :: Step being Executed: 3::1
[INFO ][2016-01-07 16:15:01,173][com.java.TestType] [10901] - dataFields : test
[DEBUG][2016-01-07 16:15:01,173][com.java.TestType] [10907] - <In Set values of the page>
[DEBUG][2016-01-07 16:15:01,173][com.java.TestType] [10912] - {Data Fields & Data Values Exist}
[INFO ][2016-01-07 16:15:01,173][com.java.TestType] [10918] - --------------------------setting values-----------------------------
[INFO ][2016-01-07 16:15:01,173][com.java.TestType] [10921] - Action Type : Logout
[INFO ][2016-01-07 16:15:03,378][com.java.TestType] [ 6274] - Field ::CNF
[INFO ][2016-01-07 16:15:03,378][com.java.TestType] [ 5895] - value = OK
[INFO ][2016-01-07 16:15:04,744][com.java.TestType] [ 6407] - Click the object confirmation
[INFO ][2016-01-07 16:15:04,744][com.java.TestType] [ 6408] - Unable to click the object confirmation
[DEBUG][2016-01-07 16:15:06,608][com.java.SeleniumDriver] [  426] - Hub ip address is-------172.17.68.34
[INFO ][2016-01-07 16:15:06,608][com.java.SeleniumDriver] [  452] - Grid URL:http://172.17.68.34:4444/wd/hub
[INFO ][2016-01-07 16:15:06,608][com.java.SeleniumDriver] [  453] - Capability:Capabilities [{platform=ANY, ensureCleanSession=true, ignoreProtectedModeSettings=true, acceptSslCerts=true, ignoreZoomSetting=true, browserName=internet explorer, browserstack.ie.noFlash=true, version=null}]
[ERROR][2016-01-07 16:15:07,610][com.java.SeleniumDriver] [  498] - Unable invoke browser in grid:Could not start a new session. Possible causes are invalid address of the remote server or browser start-up failure.
Build info: version: '2.48.2', revision: '41bccdd', time: '2015-10-09 19:59:12'
System info: host: 'FVTIII438F1D', ip: '172.17.68.34', os.name: 'Windows 7', os.arch: 'x86', os.version: '6.1', java.version: '1.7.0_55'
Driver info: driver.version: SeleniumDriver
[INFO ][2016-01-07 16:15:07,611][com.java.SeleniumDriver] [  500] - Executing on local machine
[INFO ][2016-01-07 16:15:17,990][com.java.TestType] [10940] -  RESULT true
[INFO ][2016-01-07 16:15:17,990][com.java.TestType] [11057] - ?   P A S S   ?
[DEBUG][2016-01-07 16:15:17,990][com.java.TestType] [10863] - Concept ID:3 :: Step being Executed: 3::2
[INFO ][2016-01-07 16:15:17,990][com.java.TestType] [10901] - dataFields : test
[DEBUG][2016-01-07 16:15:17,990][com.java.TestType] [10907] - <In Set values of the page>
[DEBUG][2016-01-07 16:15:17,990][com.java.TestType] [10912] - {Data Fields & Data Values Exist}
[INFO ][2016-01-07 16:15:17,991][com.java.TestType] [10918] - --------------------------setting values-----------------------------
[INFO ][2016-01-07 16:15:17,991][com.java.TestType] [10921] - Action Type : WaitTime
[DEBUG][2016-01-07 16:15:17,991][com.java.TestType] [ 5715] - sleepTime: 2000
[INFO ][2016-01-07 16:15:19,991][com.java.TestType] [10940] -  RESULT true
[INFO ][2016-01-07 16:15:19,991][com.java.TestType] [11057] - ?   P A S S   ?
[INFO ][2016-01-07 16:15:19,991][com.java.TestType] [11128] - Looping End......
[INFO ][2016-01-07 16:15:19,994][com.java.SeleniumDriver] [  906] -  RESULT true
[INFO ][2016-01-07 16:15:19,994][com.java.SeleniumDriver] [ 1112] - ?   P A S S   ?
[INFO ][2016-01-07 16:15:19,995][com.java.SeleniumDriver] [  832] - ------------------------------------------
[INFO ][2016-01-07 16:15:19,995][com.java.SeleniumDriver] [  833] - Test case being Executed: 2
[INFO ][2016-01-07 16:15:19,995][com.java.SeleniumDriver] [  845] - Test step:74
[INFO ][2016-01-07 16:15:19,995][com.java.SeleniumDriver] [  857] - Datavalue is----------20
[INFO ][2016-01-07 16:15:19,995][com.java.SeleniumDriver] [  881] - DataField : test
[INFO ][2016-01-07 16:15:19,995][com.java.SeleniumDriver] [  883] - DataValue : 20
[INFO ][2016-01-07 16:15:19,995][com.java.SeleniumDriver] [  889] - <In Set values of the page>
[INFO ][2016-01-07 16:15:19,995][com.java.SeleniumDriver] [  892] - {Data Fields & Data Values Exist}
[INFO ][2016-01-07 16:15:19,995][com.java.SeleniumDriver] [  894] - --------------------------setting values-----------------------------
[INFO ][2016-01-07 16:15:19,995][com.java.SeleniumDriver] [  897] - Action Type : WaitTime
[DEBUG][2016-01-07 16:15:19,995][com.java.TestType] [ 5715] - sleepTime: 20000
[INFO ][2016-01-07 16:15:39,996][com.java.SeleniumDriver] [  906] -  RESULT true
[INFO ][2016-01-07 16:15:39,996][com.java.SeleniumDriver] [ 1112] - ?   P A S S   ?
[INFO ][2016-01-07 16:15:39,996][com.java.SeleniumDriver] [  832] - ------------------------------------------
[INFO ][2016-01-07 16:15:39,996][com.java.SeleniumDriver] [  833] - Test case being Executed: 2
[INFO ][2016-01-07 16:15:39,996][com.java.SeleniumDriver] [  845] - Test step:75
[INFO ][2016-01-07 16:15:39,996][com.java.SeleniumDriver] [  857] - Datavalue is----------dt:HTTPSURL
[INFO ][2016-01-07 16:15:39,997][com.java.SeleniumDriver] [  881] - DataField : test
[INFO ][2016-01-07 16:15:39,997][com.java.SeleniumDriver] [  883] - DataValue : dt:HTTPSURL
[INFO ][2016-01-07 16:15:39,997][com.java.SeleniumDriver] [  889] - <In Set values of the page>
[INFO ][2016-01-07 16:15:39,997][com.java.SeleniumDriver] [  892] - {Data Fields & Data Values Exist}
[INFO ][2016-01-07 16:15:39,997][com.java.SeleniumDriver] [  894] - --------------------------setting values-----------------------------
[INFO ][2016-01-07 16:15:39,997][com.java.SeleniumDriver] [  897] - Action Type : OpenURL
[INFO ][2016-01-07 16:15:39,997][com.java.TestType] [ 5895] - value = https://clients-xuat.bankersdashboard.com
[INFO ][2016-01-07 16:15:39,997][com.java.TestType] [  353] - Open URL : https://clients-xuat.bankersdashboard.com
[INFO ][2016-01-07 16:15:40,816][com.java.SeleniumDriver] [  906] -  RESULT true
[INFO ][2016-01-07 16:15:40,816][com.java.SeleniumDriver] [ 1112] - ?   P A S S   ?
[INFO ][2016-01-07 16:15:40,816][com.java.SeleniumDriver] [  832] - ------------------------------------------
[INFO ][2016-01-07 16:15:40,816][com.java.SeleniumDriver] [  833] - Test case being Executed: 2
[INFO ][2016-01-07 16:15:40,816][com.java.SeleniumDriver] [  845] - Test step:76
[INFO ][2016-01-07 16:15:40,816][com.java.SeleniumDriver] [  857] - Datavalue is----------15
[INFO ][2016-01-07 16:15:40,816][com.java.SeleniumDriver] [  881] - DataField : TXTusername
[INFO ][2016-01-07 16:15:40,816][com.java.SeleniumDriver] [  883] - DataValue : 15
[INFO ][2016-01-07 16:15:40,816][com.java.SeleniumDriver] [  889] - <In Set values of the page>
[INFO ][2016-01-07 16:15:40,817][com.java.SeleniumDriver] [  892] - {Data Fields & Data Values Exist}
[INFO ][2016-01-07 16:15:40,817][com.java.SeleniumDriver] [  894] - --------------------------setting values-----------------------------
[INFO ][2016-01-07 16:15:40,817][com.java.SeleniumDriver] [  897] - Action Type : WAITFORELEMENT
[INFO ][2016-01-07 16:15:42,999][com.java.SeleniumDriver] [  906] -  RESULT true
[INFO ][2016-01-07 16:15:42,999][com.java.SeleniumDriver] [ 1112] - ?   P A S S   ?
[INFO ][2016-01-07 16:15:42,999][com.java.SeleniumDriver] [  832] - ------------------------------------------
[INFO ][2016-01-07 16:15:42,999][com.java.SeleniumDriver] [  833] - Test case being Executed: 2
[INFO ][2016-01-07 16:15:42,999][com.java.SeleniumDriver] [  845] - Test step:77
[INFO ][2016-01-07 16:15:42,999][com.java.SeleniumDriver] [  857] - Datavalue is----------HMVLogin_username
[INFO ][2016-01-07 16:15:43,000][com.java.SeleniumDriver] [  881] - DataField : TXTusername
[INFO ][2016-01-07 16:15:43,000][com.java.SeleniumDriver] [  883] - DataValue : HMVLogin_username
[INFO ][2016-01-07 16:15:43,000][com.java.SeleniumDriver] [  889] - <In Set values of the page>
[INFO ][2016-01-07 16:15:43,000][com.java.SeleniumDriver] [  892] - {Data Fields & Data Values Exist}
[INFO ][2016-01-07 16:15:43,000][com.java.SeleniumDriver] [  894] - --------------------------setting values-----------------------------
[INFO ][2016-01-07 16:15:43,000][com.java.SeleniumDriver] [  897] - Action Type : CLEARANDENTER
[INFO ][2016-01-07 16:15:43,000][com.java.TestType] [ 5895] - value = vltest.robot98800.15019
[INFO ][2016-01-07 16:15:47,762][com.java.SeleniumDriver] [  906] -  RESULT true
[INFO ][2016-01-07 16:15:47,762][com.java.SeleniumDriver] [ 1112] - ?   P A S S   ?
[INFO ][2016-01-07 16:15:47,763][com.java.SeleniumDriver] [  832] - ------------------------------------------
[INFO ][2016-01-07 16:15:47,763][com.java.SeleniumDriver] [  833] - Test case being Executed: 2
[INFO ][2016-01-07 16:15:47,763][com.java.SeleniumDriver] [  845] - Test step:78
[INFO ][2016-01-07 16:15:47,763][com.java.SeleniumDriver] [  857] - Datavalue is----------dt:ResetNewPswd
[INFO ][2016-01-07 16:15:47,763][com.java.SeleniumDriver] [  881] - DataField : TXTpassword
[INFO ][2016-01-07 16:15:47,763][com.java.SeleniumDriver] [  883] - DataValue : dt:ResetNewPswd
[INFO ][2016-01-07 16:15:47,763][com.java.SeleniumDriver] [  889] - <In Set values of the page>
[INFO ][2016-01-07 16:15:47,763][com.java.SeleniumDriver] [  892] - {Data Fields & Data Values Exist}
[INFO ][2016-01-07 16:15:47,763][com.java.SeleniumDriver] [  894] - --------------------------setting values-----------------------------
[INFO ][2016-01-07 16:15:47,763][com.java.SeleniumDriver] [  897] - Action Type : CLEARANDENTER
[INFO ][2016-01-07 16:15:47,763][com.java.TestType] [ 5895] - value = Password#1
[INFO ][2016-01-07 16:15:52,631][com.java.SeleniumDriver] [  906] -  RESULT true
[INFO ][2016-01-07 16:15:52,631][com.java.SeleniumDriver] [ 1112] - ?   P A S S   ?
[INFO ][2016-01-07 16:15:52,631][com.java.SeleniumDriver] [  832] - ------------------------------------------
[INFO ][2016-01-07 16:15:52,631][com.java.SeleniumDriver] [  833] - Test case being Executed: 2
[INFO ][2016-01-07 16:15:52,631][com.java.SeleniumDriver] [  845] - Test step:79
[INFO ][2016-01-07 16:15:52,631][com.java.SeleniumDriver] [  857] - Datavalue is----------null
[DEBUG][2016-01-07 16:15:52,631][com.java.SeleniumDriver] [  875] - Exception: null
[INFO ][2016-01-07 16:15:52,631][com.java.SeleniumDriver] [  881] - DataField : XPH//button[@type='submit']
[INFO ][2016-01-07 16:15:52,631][com.java.SeleniumDriver] [  883] - DataValue : 
[INFO ][2016-01-07 16:15:52,631][com.java.SeleniumDriver] [  889] - <In Set values of the page>
[INFO ][2016-01-07 16:15:52,631][com.java.SeleniumDriver] [  892] - {Data Fields & Data Values Exist}
[INFO ][2016-01-07 16:15:52,631][com.java.SeleniumDriver] [  894] - --------------------------setting values-----------------------------
[INFO ][2016-01-07 16:15:52,632][com.java.SeleniumDriver] [  897] - Action Type : Click
[INFO ][2016-01-07 16:15:52,632][com.java.TestType] [ 6274] - Field ::XPH//button[@type='submit']
[INFO ][2016-01-07 16:15:52,632][com.java.TestType] [ 5895] - value = 
[INFO ][2016-01-07 16:15:53,632][com.java.TestType] [ 6411] - BEFORE CLICK
[INFO ][2016-01-07 16:15:54,467][com.java.TestType] [ 6419] - Unable to click the object Login
[INFO ][2016-01-07 16:15:54,467][com.java.SeleniumDriver] [  906] -  RESULT true
[INFO ][2016-01-07 16:15:54,467][com.java.SeleniumDriver] [ 1112] - ?   P A S S   ?
[INFO ][2016-01-07 16:15:54,467][com.java.SeleniumDriver] [  832] - ------------------------------------------
[INFO ][2016-01-07 16:15:54,467][com.java.SeleniumDriver] [  833] - Test case being Executed: 2
[INFO ][2016-01-07 16:15:54,467][com.java.SeleniumDriver] [  845] - Test step:80
[INFO ][2016-01-07 16:15:54,467][com.java.SeleniumDriver] [  857] - Datavalue is----------20
[INFO ][2016-01-07 16:15:54,467][com.java.SeleniumDriver] [  881] - DataField : test
[INFO ][2016-01-07 16:15:54,467][com.java.SeleniumDriver] [  883] - DataValue : 20
[INFO ][2016-01-07 16:15:54,467][com.java.SeleniumDriver] [  889] - <In Set values of the page>
[INFO ][2016-01-07 16:15:54,467][com.java.SeleniumDriver] [  892] - {Data Fields & Data Values Exist}
[INFO ][2016-01-07 16:15:54,467][com.java.SeleniumDriver] [  894] - --------------------------setting values-----------------------------
[INFO ][2016-01-07 16:15:54,467][com.java.SeleniumDriver] [  897] - Action Type : WaitTime
[DEBUG][2016-01-07 16:15:54,468][com.java.TestType] [ 5715] - sleepTime: 20000
[INFO ][2016-01-07 16:16:14,468][com.java.SeleniumDriver] [  906] -  RESULT true
[INFO ][2016-01-07 16:16:14,468][com.java.SeleniumDriver] [ 1112] - ?   P A S S   ?
[INFO ][2016-01-07 16:16:14,468][com.java.SeleniumDriver] [  832] - ------------------------------------------
[INFO ][2016-01-07 16:16:14,468][com.java.SeleniumDriver] [  833] - Test case being Executed: 2
[INFO ][2016-01-07 16:16:14,469][com.java.SeleniumDriver] [  845] - Test step:81
[INFO ][2016-01-07 16:16:14,469][com.java.SeleniumDriver] [  857] - Datavalue is----------Banker'sDashboard
[INFO ][2016-01-07 16:16:14,469][com.java.SeleniumDriver] [  881] - DataField : TTL
[INFO ][2016-01-07 16:16:14,469][com.java.SeleniumDriver] [  883] - DataValue : Banker'sDashboard
[INFO ][2016-01-07 16:16:14,469][com.java.SeleniumDriver] [  889] - <In Set values of the page>
[INFO ][2016-01-07 16:16:14,469][com.java.SeleniumDriver] [  892] - {Data Fields & Data Values Exist}
[INFO ][2016-01-07 16:16:14,469][com.java.SeleniumDriver] [  894] - --------------------------setting values-----------------------------
[INFO ][2016-01-07 16:16:14,469][com.java.SeleniumDriver] [  897] - Action Type : SelectWindow
[INFO ][2016-01-07 16:16:29,088][com.java.SeleniumDriver] [  906] -  RESULT true
[INFO ][2016-01-07 16:16:29,088][com.java.SeleniumDriver] [ 1112] - ?   P A S S   ?
[INFO ][2016-01-07 16:16:29,088][com.java.SeleniumDriver] [  832] - ------------------------------------------
[INFO ][2016-01-07 16:16:29,088][com.java.SeleniumDriver] [  833] - Test case being Executed: 2
[INFO ][2016-01-07 16:16:29,088][com.java.SeleniumDriver] [  845] - Test step:82
[INFO ][2016-01-07 16:16:29,088][com.java.SeleniumDriver] [  857] - Datavalue is----------10
[INFO ][2016-01-07 16:16:29,088][com.java.SeleniumDriver] [  881] - DataField : XPH//div[contains(text(), 'My Dashboard')]
[INFO ][2016-01-07 16:16:29,088][com.java.SeleniumDriver] [  883] - DataValue : 10
[INFO ][2016-01-07 16:16:29,088][com.java.SeleniumDriver] [  889] - <In Set values of the page>
[INFO ][2016-01-07 16:16:29,088][com.java.SeleniumDriver] [  892] - {Data Fields & Data Values Exist}
[INFO ][2016-01-07 16:16:29,088][com.java.SeleniumDriver] [  894] - --------------------------setting values-----------------------------
[INFO ][2016-01-07 16:16:29,089][com.java.SeleniumDriver] [  897] - Action Type : WAITFORELEMENT
[INFO ][2016-01-07 16:16:29,174][com.java.SeleniumDriver] [  906] -  RESULT true
[INFO ][2016-01-07 16:16:29,174][com.java.SeleniumDriver] [ 1112] - ?   P A S S   ?
[INFO ][2016-01-07 16:16:29,174][com.java.SeleniumDriver] [  832] - ------------------------------------------
[INFO ][2016-01-07 16:16:29,174][com.java.SeleniumDriver] [  833] - Test case being Executed: 2
[INFO ][2016-01-07 16:16:29,174][com.java.SeleniumDriver] [  845] - Test step:83
[INFO ][2016-01-07 16:16:29,174][com.java.SeleniumDriver] [  857] - Datavalue is----------//div[contains(text(), 'My Dashboard')]
[INFO ][2016-01-07 16:16:29,174][com.java.SeleniumDriver] [  881] - DataField : BTN
[INFO ][2016-01-07 16:16:29,174][com.java.SeleniumDriver] [  883] - DataValue : //div[contains(text(), 'My Dashboard')]
[INFO ][2016-01-07 16:16:29,175][com.java.SeleniumDriver] [  889] - <In Set values of the page>
[INFO ][2016-01-07 16:16:29,175][com.java.SeleniumDriver] [  892] - {Data Fields & Data Values Exist}
[INFO ][2016-01-07 16:16:29,175][com.java.SeleniumDriver] [  894] - --------------------------setting values-----------------------------
[INFO ][2016-01-07 16:16:29,175][com.java.SeleniumDriver] [  897] - Action Type : VERIFY
[INFO ][2016-01-07 16:16:29,175][com.java.TestType] [ 7269] - field= BTN value= //div[contains(text(), 'My Dashboard')]
[INFO ][2016-01-07 16:16:29,175][com.java.TestType] [ 5895] - value = //div[contains(text(), 'My Dashboard')]
[INFO ][2016-01-07 16:16:29,245][com.java.SeleniumDriver] [  906] -  RESULT true
[INFO ][2016-01-07 16:16:29,245][com.java.SeleniumDriver] [ 1112] - ?   P A S S   ?
[INFO ][2016-01-07 16:16:29,245][com.java.SeleniumDriver] [  832] - ------------------------------------------
[INFO ][2016-01-07 16:16:29,245][com.java.SeleniumDriver] [  833] - Test case being Executed: 2
[INFO ][2016-01-07 16:16:29,245][com.java.SeleniumDriver] [  845] - Test step:84
[INFO ][2016-01-07 16:16:29,245][com.java.SeleniumDriver] [  857] - Datavalue is----------Concept#3:1-2
[INFO ][2016-01-07 16:16:29,245][com.java.SeleniumDriver] [  881] - DataField : test
[INFO ][2016-01-07 16:16:29,245][com.java.SeleniumDriver] [  883] - DataValue : Concept#3:1-2
[INFO ][2016-01-07 16:16:29,245][com.java.SeleniumDriver] [  889] - <In Set values of the page>
[INFO ][2016-01-07 16:16:29,246][com.java.SeleniumDriver] [  892] - {Data Fields & Data Values Exist}
[INFO ][2016-01-07 16:16:29,246][com.java.SeleniumDriver] [  894] - --------------------------setting values-----------------------------
[INFO ][2016-01-07 16:16:29,246][com.java.SeleniumDriver] [  897] - Action Type : ExecuteTestCase
[INFO ][2016-01-07 16:16:29,246][com.java.TestType] [  437] - The Concept sheet name is ---------- Concept
[INFO ][2016-01-07 16:16:29,246][com.java.TestType] [  440] - The Concept ID  is ---------- 3
[DEBUG][2016-01-07 16:16:29,246][com.java.TestType] [  444] - Steps being executted in the Concept are: 1:2
[INFO ][2016-01-07 16:16:29,246][com.java.TestType] [  451] - Test data details path ---------- D:\BankersDashboard\TestInputs\TestData.xls
[INFO ][2016-01-07 16:16:29,273][com.java.TestType] [  482] -  str(1) = 3
[INFO ][2016-01-07 16:16:29,273][com.java.TestType] [  485] - Test case Id is---3
[INFO ][2016-01-07 16:16:29,273][com.java.TestType] [  487] - 3
[INFO ][2016-01-07 16:16:29,273][com.java.TestType] [  482] -  str(2) = 1
[INFO ][2016-01-07 16:16:29,275][com.java.TestType] [  482] -  str(1) = 3
[INFO ][2016-01-07 16:16:29,275][com.java.TestType] [  485] - Test case Id is---3
[INFO ][2016-01-07 16:16:29,275][com.java.TestType] [  487] - 3
[INFO ][2016-01-07 16:16:29,275][com.java.TestType] [  482] -  str(2) = 2
[INFO ][2016-01-07 16:16:29,276][com.java.TestType] [10822] - Looping 1TCID = 3
[DEBUG][2016-01-07 16:16:29,276][com.java.TestType] [10863] - Concept ID:3 :: Step being Executed: 3::1
[INFO ][2016-01-07 16:16:29,276][com.java.TestType] [10901] - dataFields : test
[DEBUG][2016-01-07 16:16:29,276][com.java.TestType] [10907] - <In Set values of the page>
[DEBUG][2016-01-07 16:16:29,276][com.java.TestType] [10912] - {Data Fields & Data Values Exist}
[INFO ][2016-01-07 16:16:29,276][com.java.TestType] [10918] - --------------------------setting values-----------------------------
[INFO ][2016-01-07 16:16:29,276][com.java.TestType] [10921] - Action Type : Logout
[INFO ][2016-01-07 16:16:32,394][com.java.TestType] [ 6274] - Field ::CNF
[INFO ][2016-01-07 16:16:32,394][com.java.TestType] [ 5895] - value = OK
[ERROR][2016-01-07 16:16:33,410][com.java.TestType] [ 6608] - Exception in click:: Unable to get browser (WARNING: The server did not provide any stacktrace information)
Command duration or timeout: 15 milliseconds
Build info: version: '2.48.2', revision: '41bccdd', time: '2015-10-09 19:59:12'
System info: host: 'FVTIII438F1D', ip: '172.17.68.34', os.name: 'Windows 7', os.arch: 'x86', os.version: '6.1', java.version: '1.7.0_55'
Session ID: 5f5d78a3-45cf-4845-8d82-56c8bb20e49f
Driver info: org.openqa.selenium.ie.InternetExplorerDriver
Capabilities [{platform=WINDOWS, javascriptEnabled=true, elementScrollBehavior=0, ignoreZoomSetting=false, enablePersistentHover=true, ie.ensureCleanSession=false, browserName=internet explorer, enableElementCacheCleanup=true, unexpectedAlertBehaviour=dismiss, version=10, ie.usePerProcessProxy=false, ignoreProtectedModeSettings=true, cssSelectorsEnabled=true, requireWindowFocus=false, initialBrowserUrl=http://localhost:47913/, handlesAlerts=true, ie.forceCreateProcessApi=false, nativeEvents=true, browserAttachTimeout=0, ie.browserCommandLineSwitches=, takesScreenshot=true}]
[INFO ][2016-01-07 16:16:33,410][com.java.TestType] [ 6612] - Element :::: not found
[DEBUG][2016-01-07 16:16:35,285][com.java.SeleniumDriver] [  426] - Hub ip address is-------172.17.68.34
[INFO ][2016-01-07 16:16:35,286][com.java.SeleniumDriver] [  452] - Grid URL:http://172.17.68.34:4444/wd/hub
[INFO ][2016-01-07 16:16:35,286][com.java.SeleniumDriver] [  453] - Capability:Capabilities [{platform=ANY, ensureCleanSession=true, ignoreProtectedModeSettings=true, acceptSslCerts=true, ignoreZoomSetting=true, browserName=internet explorer, browserstack.ie.noFlash=true, version=null}]
[ERROR][2016-01-07 16:16:36,299][com.java.SeleniumDriver] [  498] - Unable invoke browser in grid:Could not start a new session. Possible causes are invalid address of the remote server or browser start-up failure.
Build info: version: '2.48.2', revision: '41bccdd', time: '2015-10-09 19:59:12'
System info: host: 'FVTIII438F1D', ip: '172.17.68.34', os.name: 'Windows 7', os.arch: 'x86', os.version: '6.1', java.version: '1.7.0_55'
Driver info: driver.version: SeleniumDriver
[INFO ][2016-01-07 16:16:36,299][com.java.SeleniumDriver] [  500] - Executing on local machine
[INFO ][2016-01-07 16:16:46,469][com.java.TestType] [10940] -  RESULT true
[INFO ][2016-01-07 16:16:46,469][com.java.TestType] [11057] - ?   P A S S   ?
[DEBUG][2016-01-07 16:16:46,469][com.java.TestType] [10863] - Concept ID:3 :: Step being Executed: 3::2
[INFO ][2016-01-07 16:16:46,469][com.java.TestType] [10901] - dataFields : test
[DEBUG][2016-01-07 16:16:46,469][com.java.TestType] [10907] - <In Set values of the page>
[DEBUG][2016-01-07 16:16:46,469][com.java.TestType] [10912] - {Data Fields & Data Values Exist}
[INFO ][2016-01-07 16:16:46,469][com.java.TestType] [10918] - --------------------------setting values-----------------------------
[INFO ][2016-01-07 16:16:46,469][com.java.TestType] [10921] - Action Type : WaitTime
[DEBUG][2016-01-07 16:16:46,469][com.java.TestType] [ 5715] - sleepTime: 2000
[INFO ][2016-01-07 16:16:48,469][com.java.TestType] [10940] -  RESULT true
[INFO ][2016-01-07 16:16:48,469][com.java.TestType] [11057] - ?   P A S S   ?
[INFO ][2016-01-07 16:16:48,469][com.java.TestType] [11128] - Looping End......
[INFO ][2016-01-07 16:16:48,472][com.java.SeleniumDriver] [  906] -  RESULT true
[INFO ][2016-01-07 16:16:48,472][com.java.SeleniumDriver] [ 1112] - ?   P A S S   ?
[INFO ][2016-01-07 16:16:48,473][com.java.SeleniumDriver] [  832] - ------------------------------------------
[INFO ][2016-01-07 16:16:48,473][com.java.SeleniumDriver] [  833] - Test case being Executed: 2
[INFO ][2016-01-07 16:16:48,473][com.java.SeleniumDriver] [  845] - Test step:85
[INFO ][2016-01-07 16:16:48,473][com.java.SeleniumDriver] [  857] - Datavalue is----------Concept#1:1-16
[INFO ][2016-01-07 16:16:48,473][com.java.SeleniumDriver] [  881] - DataField : test
[INFO ][2016-01-07 16:16:48,473][com.java.SeleniumDriver] [  883] - DataValue : Concept#1:1-16
[INFO ][2016-01-07 16:16:48,473][com.java.SeleniumDriver] [  889] - <In Set values of the page>
[INFO ][2016-01-07 16:16:48,473][com.java.SeleniumDriver] [  892] - {Data Fields & Data Values Exist}
[INFO ][2016-01-07 16:16:48,473][com.java.SeleniumDriver] [  894] - --------------------------setting values-----------------------------
[INFO ][2016-01-07 16:16:48,473][com.java.SeleniumDriver] [  897] - Action Type : ExecuteTestCase
[INFO ][2016-01-07 16:16:48,473][com.java.TestType] [  437] - The Concept sheet name is ---------- Concept
[INFO ][2016-01-07 16:16:48,473][com.java.TestType] [  440] - The Concept ID  is ---------- 1
[DEBUG][2016-01-07 16:16:48,473][com.java.TestType] [  444] - Steps being executted in the Concept are: 1:16
[INFO ][2016-01-07 16:16:48,474][com.java.TestType] [  451] - Test data details path ---------- D:\BankersDashboard\TestInputs\TestData.xls
[INFO ][2016-01-07 16:16:48,505][com.java.TestType] [  482] -  str(1) = 1
[INFO ][2016-01-07 16:16:48,505][com.java.TestType] [  485] - Test case Id is---1
[INFO ][2016-01-07 16:16:48,505][com.java.TestType] [  487] - 1
[INFO ][2016-01-07 16:16:48,505][com.java.TestType] [  482] -  str(2) = 1
[INFO ][2016-01-07 16:16:48,507][com.java.TestType] [  482] -  str(1) = 1
[INFO ][2016-01-07 16:16:48,507][com.java.TestType] [  485] - Test case Id is---1
[INFO ][2016-01-07 16:16:48,507][com.java.TestType] [  487] - 1
[INFO ][2016-01-07 16:16:48,507][com.java.TestType] [  482] -  str(2) = 2
[INFO ][2016-01-07 16:16:48,508][com.java.TestType] [  482] -  str(1) = 1
[INFO ][2016-01-07 16:16:48,508][com.java.TestType] [  485] - Test case Id is---1
[INFO ][2016-01-07 16:16:48,508][com.java.TestType] [  487] - 1
[INFO ][2016-01-07 16:16:48,508][com.java.TestType] [  482] -  str(2) = 3
[INFO ][2016-01-07 16:16:48,508][com.java.TestType] [  482] -  str(1) = 1
[INFO ][2016-01-07 16:16:48,508][com.java.TestType] [  485] - Test case Id is---1
[INFO ][2016-01-07 16:16:48,508][com.java.TestType] [  487] - 1
[INFO ][2016-01-07 16:16:48,509][com.java.TestType] [  482] -  str(2) = 4
[INFO ][2016-01-07 16:16:48,509][com.java.TestType] [  482] -  str(1) = 1
[INFO ][2016-01-07 16:16:48,509][com.java.TestType] [  485] - Test case Id is---1
[INFO ][2016-01-07 16:16:48,509][com.java.TestType] [  487] - 1
[INFO ][2016-01-07 16:16:48,509][com.java.TestType] [  482] -  str(2) = 5
[INFO ][2016-01-07 16:16:48,510][com.java.TestType] [  482] -  str(1) = 1
[INFO ][2016-01-07 16:16:48,510][com.java.TestType] [  485] - Test case Id is---1
[INFO ][2016-01-07 16:16:48,510][com.java.TestType] [  487] - 1
[INFO ][2016-01-07 16:16:48,510][com.java.TestType] [  482] -  str(2) = 6
[INFO ][2016-01-07 16:16:48,511][com.java.TestType] [  482] -  str(1) = 1
[INFO ][2016-01-07 16:16:48,511][com.java.TestType] [  485] - Test case Id is---1
[INFO ][2016-01-07 16:16:48,511][com.java.TestType] [  487] - 1
[INFO ][2016-01-07 16:16:48,511][com.java.TestType] [  482] -  str(2) = 7
[INFO ][2016-01-07 16:16:48,512][com.java.TestType] [  482] -  str(1) = 1
[INFO ][2016-01-07 16:16:48,512][com.java.TestType] [  485] - Test case Id is---1
[INFO ][2016-01-07 16:16:48,512][com.java.TestType] [  487] - 1
[INFO ][2016-01-07 16:16:48,512][com.java.TestType] [  482] -  str(2) = 8
[INFO ][2016-01-07 16:16:48,513][com.java.TestType] [  482] -  str(1) = 1
[INFO ][2016-01-07 16:16:48,513][com.java.TestType] [  485] - Test case Id is---1
[INFO ][2016-01-07 16:16:48,513][com.java.TestType] [  487] - 1
[INFO ][2016-01-07 16:16:48,513][com.java.TestType] [  482] -  str(2) = 9
[INFO ][2016-01-07 16:16:48,514][com.java.TestType] [  482] -  str(1) = 1
[INFO ][2016-01-07 16:16:48,514][com.java.TestType] [  485] - Test case Id is---1
[INFO ][2016-01-07 16:16:48,514][com.java.TestType] [  487] - 1
[INFO ][2016-01-07 16:16:48,514][com.java.TestType] [  482] -  str(2) = 10
[INFO ][2016-01-07 16:16:48,515][com.java.TestType] [  482] -  str(1) = 1
[INFO ][2016-01-07 16:16:48,515][com.java.TestType] [  485] - Test case Id is---1
[INFO ][2016-01-07 16:16:48,515][com.java.TestType] [  487] - 1
[INFO ][2016-01-07 16:16:48,515][com.java.TestType] [  482] -  str(2) = 11
[INFO ][2016-01-07 16:16:48,516][com.java.TestType] [  482] -  str(1) = 1
[INFO ][2016-01-07 16:16:48,516][com.java.TestType] [  485] - Test case Id is---1
[INFO ][2016-01-07 16:16:48,516][com.java.TestType] [  487] - 1
[INFO ][2016-01-07 16:16:48,516][com.java.TestType] [  482] -  str(2) = 12
[INFO ][2016-01-07 16:16:48,516][com.java.TestType] [  482] -  str(1) = 1
[INFO ][2016-01-07 16:16:48,516][com.java.TestType] [  485] - Test case Id is---1
[INFO ][2016-01-07 16:16:48,516][com.java.TestType] [  487] - 1
[INFO ][2016-01-07 16:16:48,517][com.java.TestType] [  482] -  str(2) = 13
[INFO ][2016-01-07 16:16:48,517][com.java.TestType] [  482] -  str(1) = 1
[INFO ][2016-01-07 16:16:48,517][com.java.TestType] [  485] - Test case Id is---1
[INFO ][2016-01-07 16:16:48,517][com.java.TestType] [  487] - 1
[INFO ][2016-01-07 16:16:48,517][com.java.TestType] [  482] -  str(2) = 14
[INFO ][2016-01-07 16:16:48,518][com.java.TestType] [  482] -  str(1) = 1
[INFO ][2016-01-07 16:16:48,518][com.java.TestType] [  485] - Test case Id is---1
[INFO ][2016-01-07 16:16:48,518][com.java.TestType] [  487] - 1
[INFO ][2016-01-07 16:16:48,518][com.java.TestType] [  482] -  str(2) = 15
[INFO ][2016-01-07 16:16:48,519][com.java.TestType] [  482] -  str(1) = 1
[INFO ][2016-01-07 16:16:48,519][com.java.TestType] [  485] - Test case Id is---1
[INFO ][2016-01-07 16:16:48,519][com.java.TestType] [  487] - 1
[INFO ][2016-01-07 16:16:48,519][com.java.TestType] [  482] -  str(2) = 16
[INFO ][2016-01-07 16:16:48,520][com.java.TestType] [10822] - Looping 1TCID = 1
[DEBUG][2016-01-07 16:16:48,520][com.java.TestType] [10863] - Concept ID:1 :: Step being Executed: 1::1
[INFO ][2016-01-07 16:16:48,521][com.java.TestType] [10901] - dataFields : TXTusername
[DEBUG][2016-01-07 16:16:48,521][com.java.TestType] [10907] - <In Set values of the page>
[DEBUG][2016-01-07 16:16:48,521][com.java.TestType] [10912] - {Data Fields & Data Values Exist}
[INFO ][2016-01-07 16:16:48,521][com.java.TestType] [10918] - --------------------------setting values-----------------------------
[INFO ][2016-01-07 16:16:48,521][com.java.TestType] [10921] - Action Type : CLEARANDENTER
[INFO ][2016-01-07 16:16:48,521][com.java.TestType] [ 5895] - value = valuelabs.ie10.15019
[INFO ][2016-01-07 16:16:53,277][com.java.TestType] [10940] -  RESULT true
[INFO ][2016-01-07 16:16:53,277][com.java.TestType] [11057] - ?   P A S S   ?
[DEBUG][2016-01-07 16:16:53,277][com.java.TestType] [10863] - Concept ID:1 :: Step being Executed: 1::2
[INFO ][2016-01-07 16:16:53,277][com.java.TestType] [10901] - dataFields : TXTpassword
[DEBUG][2016-01-07 16:16:53,277][com.java.TestType] [10907] - <In Set values of the page>
[DEBUG][2016-01-07 16:16:53,277][com.java.TestType] [10912] - {Data Fields & Data Values Exist}
[INFO ][2016-01-07 16:16:53,277][com.java.TestType] [10918] - --------------------------setting values-----------------------------
[INFO ][2016-01-07 16:16:53,278][com.java.TestType] [10921] - Action Type : CLEARANDENTER
[INFO ][2016-01-07 16:16:53,278][com.java.TestType] [ 5895] - value = Password1*
[INFO ][2016-01-07 16:16:58,144][com.java.TestType] [10940] -  RESULT true
[INFO ][2016-01-07 16:16:58,144][com.java.TestType] [11057] - ?   P A S S   ?
[DEBUG][2016-01-07 16:16:58,144][com.java.TestType] [10863] - Concept ID:1 :: Step being Executed: 1::3
[ERROR][2016-01-07 16:16:58,144][com.java.TestType] [10896] - Exception: null
[INFO ][2016-01-07 16:16:58,144][com.java.TestType] [10901] - dataFields : XPH//button[@type='submit']
[DEBUG][2016-01-07 16:16:58,144][com.java.TestType] [10907] - <In Set values of the page>
[DEBUG][2016-01-07 16:16:58,144][com.java.TestType] [10912] - {Data Fields & Data Values Exist}
[INFO ][2016-01-07 16:16:58,145][com.java.TestType] [10918] - --------------------------setting values-----------------------------
[INFO ][2016-01-07 16:16:58,145][com.java.TestType] [10921] - Action Type : Click
[INFO ][2016-01-07 16:16:58,145][com.java.TestType] [ 6274] - Field ::XPH//button[@type='submit']
[INFO ][2016-01-07 16:16:58,145][com.java.TestType] [ 5895] - value = 
[INFO ][2016-01-07 16:16:59,145][com.java.TestType] [ 6411] - BEFORE CLICK
[INFO ][2016-01-07 16:17:02,628][com.java.TestType] [ 6419] - Unable to click the object Login
[INFO ][2016-01-07 16:17:02,628][com.java.TestType] [10940] -  RESULT true
[INFO ][2016-01-07 16:17:02,628][com.java.TestType] [11057] - ?   P A S S   ?
[DEBUG][2016-01-07 16:17:02,628][com.java.TestType] [10863] - Concept ID:1 :: Step being Executed: 1::4
[INFO ][2016-01-07 16:17:02,628][com.java.TestType] [10901] - dataFields : LNKLogout
[DEBUG][2016-01-07 16:17:02,628][com.java.TestType] [10907] - <In Set values of the page>
[DEBUG][2016-01-07 16:17:02,628][com.java.TestType] [10912] - {Data Fields & Data Values Exist}
[INFO ][2016-01-07 16:17:02,628][com.java.TestType] [10918] - --------------------------setting values-----------------------------
[INFO ][2016-01-07 16:17:02,628][com.java.TestType] [10921] - Action Type : WaitForElement
[INFO ][2016-01-07 16:17:02,665][com.java.TestType] [10940] -  RESULT true
[INFO ][2016-01-07 16:17:02,665][com.java.TestType] [11057] - ?   P A S S   ?
[DEBUG][2016-01-07 16:17:02,666][com.java.TestType] [10863] - Concept ID:1 :: Step being Executed: 1::15
[INFO ][2016-01-07 16:17:02,666][com.java.TestType] [10901] - dataFields : LNK
[DEBUG][2016-01-07 16:17:02,666][com.java.TestType] [10907] - <In Set values of the page>
[DEBUG][2016-01-07 16:17:02,666][com.java.TestType] [10912] - {Data Fields & Data Values Exist}
[INFO ][2016-01-07 16:17:02,666][com.java.TestType] [10918] - --------------------------setting values-----------------------------
[INFO ][2016-01-07 16:17:02,666][com.java.TestType] [10921] - Action Type : Verify
[INFO ][2016-01-07 16:17:02,666][com.java.TestType] [ 7269] - field= LNK value= Logout
[INFO ][2016-01-07 16:17:02,666][com.java.TestType] [ 5895] - value = Logout
[INFO ][2016-01-07 16:17:02,793][com.java.TestType] [10940] -  RESULT true
[INFO ][2016-01-07 16:17:02,793][com.java.TestType] [11057] - ?   P A S S   ?
[DEBUG][2016-01-07 16:17:02,793][com.java.TestType] [10863] - Concept ID:1 :: Step being Executed: 1::16
[INFO ][2016-01-07 16:17:02,793][com.java.TestType] [10901] - dataFields : BTN
[DEBUG][2016-01-07 16:17:02,793][com.java.TestType] [10907] - <In Set values of the page>
[DEBUG][2016-01-07 16:17:02,793][com.java.TestType] [10912] - {Data Fields & Data Values Exist}
[INFO ][2016-01-07 16:17:02,794][com.java.TestType] [10918] - --------------------------setting values-----------------------------
[INFO ][2016-01-07 16:17:02,794][com.java.TestType] [10921] - Action Type : Verify
[INFO ][2016-01-07 16:17:02,794][com.java.TestType] [ 7269] - field= BTN value= //img[contains(@src,'bdlogo.jpg')]
[INFO ][2016-01-07 16:17:02,794][com.java.TestType] [ 5895] - value = //img[contains(@src,'bdlogo.jpg')]
[INFO ][2016-01-07 16:17:02,865][com.java.TestType] [10940] -  RESULT true
[INFO ][2016-01-07 16:17:02,865][com.java.TestType] [11057] - ?   P A S S   ?
[INFO ][2016-01-07 16:17:02,865][com.java.TestType] [11128] - Looping End......
[INFO ][2016-01-07 16:17:02,869][com.java.SeleniumDriver] [  906] -  RESULT true
[INFO ][2016-01-07 16:17:02,869][com.java.SeleniumDriver] [ 1112] - ?   P A S S   ?
[INFO ][2016-01-07 16:17:02,869][com.java.SeleniumDriver] [  832] - ------------------------------------------
[INFO ][2016-01-07 16:17:02,869][com.java.SeleniumDriver] [  833] - Test case being Executed: 2
[INFO ][2016-01-07 16:17:02,869][com.java.SeleniumDriver] [  845] - Test step:86
[INFO ][2016-01-07 16:17:02,869][com.java.SeleniumDriver] [  857] - Datavalue is----------10
[INFO ][2016-01-07 16:17:02,869][com.java.SeleniumDriver] [  881] - DataField : XPH//div[contains(text(), 'My Dashboard')]
[INFO ][2016-01-07 16:17:02,869][com.java.SeleniumDriver] [  883] - DataValue : 10
[INFO ][2016-01-07 16:17:02,869][com.java.SeleniumDriver] [  889] - <In Set values of the page>
[INFO ][2016-01-07 16:17:02,870][com.java.SeleniumDriver] [  892] - {Data Fields & Data Values Exist}
[INFO ][2016-01-07 16:17:02,870][com.java.SeleniumDriver] [  894] - --------------------------setting values-----------------------------
[INFO ][2016-01-07 16:17:02,870][com.java.SeleniumDriver] [  897] - Action Type : WAITFORELEMENT
[INFO ][2016-01-07 16:17:04,034][com.java.SeleniumDriver] [  906] -  RESULT true
[INFO ][2016-01-07 16:17:04,034][com.java.SeleniumDriver] [ 1112] - ?   P A S S   ?
[INFO ][2016-01-07 16:17:04,034][com.java.SeleniumDriver] [  832] - ------------------------------------------
[INFO ][2016-01-07 16:17:04,034][com.java.SeleniumDriver] [  833] - Test case being Executed: 2
[INFO ][2016-01-07 16:17:04,034][com.java.SeleniumDriver] [  845] - Test step:87
[INFO ][2016-01-07 16:17:04,034][com.java.SeleniumDriver] [  857] - Datavalue is----------//div[contains(text(), 'My Dashboard')]
[INFO ][2016-01-07 16:17:04,034][com.java.SeleniumDriver] [  881] - DataField : BTN
[INFO ][2016-01-07 16:17:04,035][com.java.SeleniumDriver] [  883] - DataValue : //div[contains(text(), 'My Dashboard')]
[INFO ][2016-01-07 16:17:04,035][com.java.SeleniumDriver] [  889] - <In Set values of the page>
[INFO ][2016-01-07 16:17:04,035][com.java.SeleniumDriver] [  892] - {Data Fields & Data Values Exist}
[INFO ][2016-01-07 16:17:04,035][com.java.SeleniumDriver] [  894] - --------------------------setting values-----------------------------
[INFO ][2016-01-07 16:17:04,035][com.java.SeleniumDriver] [  897] - Action Type : VERIFY
[INFO ][2016-01-07 16:17:04,035][com.java.TestType] [ 7269] - field= BTN value= //div[contains(text(), 'My Dashboard')]
[INFO ][2016-01-07 16:17:04,035][com.java.TestType] [ 5895] - value = //div[contains(text(), 'My Dashboard')]
[INFO ][2016-01-07 16:17:04,105][com.java.SeleniumDriver] [  906] -  RESULT true
[INFO ][2016-01-07 16:17:04,105][com.java.SeleniumDriver] [ 1112] - ?   P A S S   ?
[INFO ][2016-01-07 16:17:04,105][com.java.SeleniumDriver] [  832] - ------------------------------------------
[INFO ][2016-01-07 16:17:04,105][com.java.SeleniumDriver] [  833] - Test case being Executed: 2
[INFO ][2016-01-07 16:17:04,105][com.java.SeleniumDriver] [  845] - Test step:88
[INFO ][2016-01-07 16:17:04,105][com.java.SeleniumDriver] [  857] - Datavalue is----------null
[DEBUG][2016-01-07 16:17:04,106][com.java.SeleniumDriver] [  875] - Exception: null
[INFO ][2016-01-07 16:17:04,106][com.java.SeleniumDriver] [  881] - DataField : //span[@class='icon-user4']&&//a[text()='Users']&&//a[@data-id="ModifyUsers"]
[INFO ][2016-01-07 16:17:04,106][com.java.SeleniumDriver] [  883] - DataValue : 
[INFO ][2016-01-07 16:17:04,106][com.java.SeleniumDriver] [  889] - <In Set values of the page>
[INFO ][2016-01-07 16:17:04,106][com.java.SeleniumDriver] [  892] - {Data Fields & Data Values Exist}
[INFO ][2016-01-07 16:17:04,106][com.java.SeleniumDriver] [  894] - --------------------------setting values-----------------------------
[INFO ][2016-01-07 16:17:04,106][com.java.SeleniumDriver] [  897] - Action Type : MouseOver
[INFO ][2016-01-07 16:17:31,717][com.java.SeleniumDriver] [  906] -  RESULT true
[INFO ][2016-01-07 16:17:31,717][com.java.SeleniumDriver] [ 1112] - ?   P A S S   ?
[INFO ][2016-01-07 16:17:31,717][com.java.SeleniumDriver] [  832] - ------------------------------------------
[INFO ][2016-01-07 16:17:31,717][com.java.SeleniumDriver] [  833] - Test case being Executed: 2
[INFO ][2016-01-07 16:17:31,717][com.java.SeleniumDriver] [  845] - Test step:89
[INFO ][2016-01-07 16:17:31,717][com.java.SeleniumDriver] [  857] - Datavalue is----------10
[INFO ][2016-01-07 16:17:31,717][com.java.SeleniumDriver] [  881] - DataField : BTNframeDialogContent
[INFO ][2016-01-07 16:17:31,717][com.java.SeleniumDriver] [  883] - DataValue : 10
[INFO ][2016-01-07 16:17:31,717][com.java.SeleniumDriver] [  889] - <In Set values of the page>
[INFO ][2016-01-07 16:17:31,717][com.java.SeleniumDriver] [  892] - {Data Fields & Data Values Exist}
[INFO ][2016-01-07 16:17:31,717][com.java.SeleniumDriver] [  894] - --------------------------setting values-----------------------------
[INFO ][2016-01-07 16:17:31,717][com.java.SeleniumDriver] [  897] - Action Type : WaitForElement
[INFO ][2016-01-07 16:17:32,942][com.java.SeleniumDriver] [  906] -  RESULT true
[INFO ][2016-01-07 16:17:32,942][com.java.SeleniumDriver] [ 1112] - ?   P A S S   ?
[INFO ][2016-01-07 16:17:32,942][com.java.SeleniumDriver] [  832] - ------------------------------------------
[INFO ][2016-01-07 16:17:32,943][com.java.SeleniumDriver] [  833] - Test case being Executed: 2
[INFO ][2016-01-07 16:17:32,943][com.java.SeleniumDriver] [  845] - Test step:90
[INFO ][2016-01-07 16:17:32,943][com.java.SeleniumDriver] [  857] - Datavalue is----------null
[DEBUG][2016-01-07 16:17:32,943][com.java.SeleniumDriver] [  875] - Exception: null
[INFO ][2016-01-07 16:17:32,943][com.java.SeleniumDriver] [  881] - DataField : BTNframeDialogContent
[INFO ][2016-01-07 16:17:32,943][com.java.SeleniumDriver] [  883] - DataValue : 
[INFO ][2016-01-07 16:17:32,943][com.java.SeleniumDriver] [  889] - <In Set values of the page>
[INFO ][2016-01-07 16:17:32,943][com.java.SeleniumDriver] [  892] - {Data Fields & Data Values Exist}
[INFO ][2016-01-07 16:17:32,943][com.java.SeleniumDriver] [  894] - --------------------------setting values-----------------------------
[INFO ][2016-01-07 16:17:32,943][com.java.SeleniumDriver] [  897] - Action Type : SelectFrame
[INFO ][2016-01-07 16:17:34,209][com.java.SeleniumDriver] [  906] -  RESULT true
[INFO ][2016-01-07 16:17:34,209][com.java.SeleniumDriver] [ 1112] - ?   P A S S   ?
[INFO ][2016-01-07 16:17:34,209][com.java.SeleniumDriver] [  832] - ------------------------------------------
[INFO ][2016-01-07 16:17:34,209][com.java.SeleniumDriver] [  833] - Test case being Executed: 2
[INFO ][2016-01-07 16:17:34,209][com.java.SeleniumDriver] [  845] - Test step:91
[INFO ][2016-01-07 16:17:34,209][com.java.SeleniumDriver] [  857] - Datavalue is----------Login_username
[INFO ][2016-01-07 16:17:34,209][com.java.SeleniumDriver] [  881] - DataField : MNC//div[@id="divUserListing"]//td//span[@id='deleteUser.mytext']
[INFO ][2016-01-07 16:17:34,209][com.java.SeleniumDriver] [  883] - DataValue : Login_username
[INFO ][2016-01-07 16:17:34,209][com.java.SeleniumDriver] [  889] - <In Set values of the page>
[INFO ][2016-01-07 16:17:34,209][com.java.SeleniumDriver] [  892] - {Data Fields & Data Values Exist}
[INFO ][2016-01-07 16:17:34,210][com.java.SeleniumDriver] [  894] - --------------------------setting values-----------------------------
[INFO ][2016-01-07 16:17:34,210][com.java.SeleniumDriver] [  897] - Action Type : CLICKWITHALERT
[INFO ][2016-01-07 16:17:34,210][com.java.TestType] [ 6274] - Field ::MNC//div[@id="divUserListing"]//td//span[@id='deleteUser.mytext']
[INFO ][2016-01-07 16:17:34,210][com.java.TestType] [ 5895] - value = Login_username
[INFO ][2016-01-07 16:17:38,178][com.java.SeleniumDriver] [  906] -  RESULT true
[INFO ][2016-01-07 16:17:38,178][com.java.SeleniumDriver] [ 1112] - ?   P A S S   ?
[INFO ][2016-01-07 16:17:38,178][com.java.SeleniumDriver] [  832] - ------------------------------------------
[INFO ][2016-01-07 16:17:38,178][com.java.SeleniumDriver] [  833] - Test case being Executed: 2
[INFO ][2016-01-07 16:17:38,178][com.java.SeleniumDriver] [  845] - Test step:92
[INFO ][2016-01-07 16:17:38,178][com.java.SeleniumDriver] [  857] - Datavalue is----------null
[DEBUG][2016-01-07 16:17:38,179][com.java.SeleniumDriver] [  875] - Exception: null
[INFO ][2016-01-07 16:17:38,179][com.java.SeleniumDriver] [  881] - DataField : BTNparent
[INFO ][2016-01-07 16:17:38,179][com.java.SeleniumDriver] [  883] - DataValue : 
[INFO ][2016-01-07 16:17:38,179][com.java.SeleniumDriver] [  889] - <In Set values of the page>
[INFO ][2016-01-07 16:17:38,179][com.java.SeleniumDriver] [  892] - {Data Fields & Data Values Exist}
[INFO ][2016-01-07 16:17:38,179][com.java.SeleniumDriver] [  894] - --------------------------setting values-----------------------------
[INFO ][2016-01-07 16:17:38,179][com.java.SeleniumDriver] [  897] - Action Type : SelectFrame
[INFO ][2016-01-07 16:17:38,194][com.java.SeleniumDriver] [  906] -  RESULT true
[INFO ][2016-01-07 16:17:38,194][com.java.SeleniumDriver] [ 1112] - ?   P A S S   ?
[INFO ][2016-01-07 16:17:38,194][com.java.SeleniumDriver] [  832] - ------------------------------------------
[INFO ][2016-01-07 16:17:38,194][com.java.SeleniumDriver] [  833] - Test case being Executed: 2
[INFO ][2016-01-07 16:17:38,194][com.java.SeleniumDriver] [  845] - Test step:93
[INFO ][2016-01-07 16:17:38,194][com.java.SeleniumDriver] [  857] - Datavalue is----------null
[DEBUG][2016-01-07 16:17:38,194][com.java.SeleniumDriver] [  875] - Exception: null
[INFO ][2016-01-07 16:17:38,194][com.java.SeleniumDriver] [  881] - DataField : BTN//span[text()='Finished']
[INFO ][2016-01-07 16:17:38,195][com.java.SeleniumDriver] [  883] - DataValue : 
[INFO ][2016-01-07 16:17:38,195][com.java.SeleniumDriver] [  889] - <In Set values of the page>
[INFO ][2016-01-07 16:17:38,195][com.java.SeleniumDriver] [  892] - {Data Fields & Data Values Exist}
[INFO ][2016-01-07 16:17:38,195][com.java.SeleniumDriver] [  894] - --------------------------setting values-----------------------------
[INFO ][2016-01-07 16:17:38,195][com.java.SeleniumDriver] [  897] - Action Type : Click
[INFO ][2016-01-07 16:17:38,195][com.java.TestType] [ 6274] - Field ::BTN//span[text()='Finished']
[INFO ][2016-01-07 16:17:38,195][com.java.TestType] [ 5895] - value = 
[INFO ][2016-01-07 16:17:39,195][com.java.TestType] [ 6390] - BEFORE CLICK
[INFO ][2016-01-07 16:17:40,791][com.java.TestType] [ 6397] - Unable to click the object Finished button
[INFO ][2016-01-07 16:17:40,791][com.java.SeleniumDriver] [  906] -  RESULT true
[INFO ][2016-01-07 16:17:40,791][com.java.SeleniumDriver] [ 1112] - ?   P A S S   ?
[INFO ][2016-01-07 16:17:40,791][com.java.SeleniumDriver] [  832] - ------------------------------------------
[INFO ][2016-01-07 16:17:40,791][com.java.SeleniumDriver] [  833] - Test case being Executed: 2
[INFO ][2016-01-07 16:17:40,791][com.java.SeleniumDriver] [  845] - Test step:94
[INFO ][2016-01-07 16:17:40,791][com.java.SeleniumDriver] [  857] - Datavalue is----------10
[INFO ][2016-01-07 16:17:40,791][com.java.SeleniumDriver] [  881] - DataField : XPH//div[contains(text(), 'My Dashboard')]
[INFO ][2016-01-07 16:17:40,791][com.java.SeleniumDriver] [  883] - DataValue : 10
[INFO ][2016-01-07 16:17:40,792][com.java.SeleniumDriver] [  889] - <In Set values of the page>
[INFO ][2016-01-07 16:17:40,792][com.java.SeleniumDriver] [  892] - {Data Fields & Data Values Exist}
[INFO ][2016-01-07 16:17:40,792][com.java.SeleniumDriver] [  894] - --------------------------setting values-----------------------------
[INFO ][2016-01-07 16:17:40,792][com.java.SeleniumDriver] [  897] - Action Type : WAITFORELEMENT
[INFO ][2016-01-07 16:17:40,828][com.java.SeleniumDriver] [  906] -  RESULT true
[INFO ][2016-01-07 16:17:40,828][com.java.SeleniumDriver] [ 1112] - ?   P A S S   ?
[INFO ][2016-01-07 16:17:40,828][com.java.SeleniumDriver] [  832] - ------------------------------------------
[INFO ][2016-01-07 16:17:40,828][com.java.SeleniumDriver] [  833] - Test case being Executed: 2
[INFO ][2016-01-07 16:17:40,828][com.java.SeleniumDriver] [  845] - Test step:95
[INFO ][2016-01-07 16:17:40,829][com.java.SeleniumDriver] [  857] - Datavalue is----------//div[contains(text(), 'My Dashboard')]
[INFO ][2016-01-07 16:17:40,829][com.java.SeleniumDriver] [  881] - DataField : BTN
[INFO ][2016-01-07 16:17:40,829][com.java.SeleniumDriver] [  883] - DataValue : //div[contains(text(), 'My Dashboard')]
[INFO ][2016-01-07 16:17:40,829][com.java.SeleniumDriver] [  889] - <In Set values of the page>
[INFO ][2016-01-07 16:17:40,829][com.java.SeleniumDriver] [  892] - {Data Fields & Data Values Exist}
[INFO ][2016-01-07 16:17:40,829][com.java.SeleniumDriver] [  894] - --------------------------setting values-----------------------------
[INFO ][2016-01-07 16:17:40,829][com.java.SeleniumDriver] [  897] - Action Type : VERIFY
[INFO ][2016-01-07 16:17:40,829][com.java.TestType] [ 7269] - field= BTN value= //div[contains(text(), 'My Dashboard')]
[INFO ][2016-01-07 16:17:40,829][com.java.TestType] [ 5895] - value = //div[contains(text(), 'My Dashboard')]
[INFO ][2016-01-07 16:17:40,901][com.java.SeleniumDriver] [  906] -  RESULT true
[INFO ][2016-01-07 16:17:40,901][com.java.SeleniumDriver] [ 1112] - ?   P A S S   ?
[DEBUG][2016-01-07 16:17:40,901][com.java.SeleniumDriver] [ 1224] - Case found
[DEBUG][2016-01-07 16:17:40,901][com.java.SeleniumDriver] [ 1229] - Incrementing ReportCounters[0]:2
[INFO ][2016-01-07 16:17:40,901][com.java.SeleniumDriver] [ 1248] - The results are-------------------[2, 1, Admin: Users: Manage Users: Reset User Password, Pass, , Thu Jan 07 16:11:56 IST 2016, 2, 3, Admin: Users: Manage Users: Reset User Password, Pass, , Thu Jan 07 16:12:25 IST 2016, 2, 4, Admin: Users: Manage Users: Reset User Password, Pass, , Thu Jan 07 16:12:26 IST 2016, 2, 5, Admin: Users: Manage Users: Reset User Password, Pass, , Thu Jan 07 16:12:28 IST 2016, 2, 6, Admin: Users: Manage Users: Reset User Password, Pass, , Thu Jan 07 16:12:29 IST 2016, 2, 7, Admin: Users: Manage Users: Reset User Password, Pass, , Thu Jan 07 16:12:32 IST 2016, 2, 8, Admin: Users: Manage Users: Reset User Password, Pass, , Thu Jan 07 16:12:33 IST 2016, 2, 9, Admin: Users: Manage Users: Reset User Password, Pass, , Thu Jan 07 16:12:34 IST 2016, 2, 10, Admin: Users: Manage Users: Reset User Password, Pass, , Thu Jan 07 16:12:37 IST 2016, 2, 11, Admin: Users: Manage Users: Reset User Password, Pass, , Thu Jan 07 16:12:38 IST 2016, 2, 12, Admin: Users: Manage Users: Reset User Password, Pass, , Thu Jan 07 16:12:39 IST 2016, 2, 13, Admin: Users: Manage Users: Reset User Password, Pass, , Thu Jan 07 16:12:41 IST 2016, 2, 14, Admin: Users: Manage Users: Reset User Password, Pass, , Thu Jan 07 16:12:42 IST 2016, 2, 15, Admin: Users: Manage Users: Reset User Password, Pass, , Thu Jan 07 16:12:44 IST 2016, 2, 16, Admin: Users: Manage Users: Reset User Password, Pass, , Thu Jan 07 16:12:45 IST 2016, 2, 17, Admin: Users: Manage Users: Reset User Password, Pass, , Thu Jan 07 16:12:46 IST 2016, 2, 18, Admin: Users: Manage Users: Reset User Password, Pass, , Thu Jan 07 16:12:47 IST 2016, 2, 19, Admin: Users: Manage Users: Reset User Password, Pass, , Thu Jan 07 16:12:49 IST 2016, 2, 20, Admin: Users: Manage Users: Reset User Password, Pass, , Thu Jan 07 16:12:50 IST 2016, 2, 21, Admin: Users: Manage Users: Reset User Password, Pass, , Thu Jan 07 16:12:52 IST 2016, 2, 22, Admin: Users: Manage Users: Reset User Password, Pass, , Thu Jan 07 16:12:53 IST 2016, 2, 23, Admin: Users: Manage Users: Reset User Password, Pass, , Thu Jan 07 16:12:54 IST 2016, 2, 24, Admin: Users: Manage Users: Reset User Password, Pass, , Thu Jan 07 16:12:55 IST 2016, 2, 25, Admin: Users: Manage Users: Reset User Password, Pass, , Thu Jan 07 16:12:58 IST 2016, 2, 26, Admin: Users: Manage Users: Reset User Password, Pass, , Thu Jan 07 16:12:59 IST 2016, 2, 27, Admin: Users: Manage Users: Reset User Password, Pass, , Thu Jan 07 16:13:02 IST 2016, 2, 28, Admin: Users: Manage Users: Reset User Password, Pass, , Thu Jan 07 16:13:07 IST 2016, 2, 29, Admin: Users: Manage Users: Reset User Password, Pass, , Thu Jan 07 16:13:07 IST 2016, 2, 30, Admin: Users: Manage Users: Reset User Password, Pass, , Thu Jan 07 16:13:09 IST 2016, 2, 31, Admin: Users: Manage Users: Reset User Password, Pass, , Thu Jan 07 16:13:14 IST 2016, 2, 32, Admin: Users: Manage Users: Reset User Password, Pass, , Thu Jan 07 16:13:18 IST 2016, 2, 33, Admin: Users: Manage Users: Reset User Password, Pass, , Thu Jan 07 16:13:20 IST 2016, 2, 34, Admin: Users: Manage Users: Reset User Password, Pass, , Thu Jan 07 16:13:22 IST 2016, 2, 35, Admin: Users: Manage Users: Reset User Password, Pass, , Thu Jan 07 16:13:24 IST 2016, 2, 36, Admin: Users: Manage Users: Reset User Password, Pass, , Thu Jan 07 16:13:26 IST 2016, 2, 37, Admin: Users: Manage Users: Reset User Password, Pass, , Thu Jan 07 16:13:29 IST 2016, 2, 38, Admin: Users: Manage Users: Reset User Password, Pass, , Thu Jan 07 16:13:31 IST 2016, 2, 39, Admin: Users: Manage Users: Reset User Password, Pass, , Thu Jan 07 16:13:31 IST 2016, 2, 40, Admin: Users: Manage Users: Reset User Password, Pass, , Thu Jan 07 16:13:36 IST 2016, 2, 41, Admin: Users: Manage Users: Reset User Password, Pass, , Thu Jan 07 16:13:40 IST 2016, 2, 42, Admin: Users: Manage Users: Reset User Password, Pass, , Thu Jan 07 16:13:41 IST 2016, 2, 43, Admin: Users: Manage Users: Reset User Password, Pass, , Thu Jan 07 16:13:43 IST 2016, 2, 44, Admin: Users: Manage Users: Reset User Password, Pass, , Thu Jan 07 16:13:43 IST 2016, 2, 45, Admin: Users: Manage Users: Reset User Password, Pass, , Thu Jan 07 16:13:43 IST 2016, 2, 46, Admin: Users: Manage Users: Reset User Password, Pass, , Thu Jan 07 16:13:43 IST 2016, 2, 47, Admin: Users: Manage Users: Reset User Password, Pass, , Thu Jan 07 16:13:53 IST 2016, 2, 48, Admin: Users: Manage Users: Reset User Password, Pass, , Thu Jan 07 16:13:53 IST 2016, 2, 49, Admin: Users: Manage Users: Reset User Password, Pass, , Thu Jan 07 16:13:55 IST 2016, 2, 50, Admin: Users: Manage Users: Reset User Password, Pass, , Thu Jan 07 16:13:55 IST 2016, 2, 51, Admin: Users: Manage Users: Reset User Password, Pass, , Thu Jan 07 16:14:23 IST 2016, 2, 52, Admin: Users: Manage Users: Reset User Password, Pass, , Thu Jan 07 16:14:24 IST 2016, 2, 53, Admin: Users: Manage Users: Reset User Password, Pass, , Thu Jan 07 16:14:25 IST 2016, 2, 54, Admin: Users: Manage Users: Reset User Password, Pass, , Thu Jan 07 16:14:27 IST 2016, 2, 55, Admin: Users: Manage Users: Reset User Password, Pass, , Thu Jan 07 16:14:28 IST 2016, 2, 56, Admin: Users: Manage Users: Reset User Password, Pass, , Thu Jan 07 16:14:30 IST 2016, 2, 57, Admin: Users: Manage Users: Reset User Password, Pass, , Thu Jan 07 16:14:33 IST 2016, 2, 58, Admin: Users: Manage Users: Reset User Password, Pass, , Thu Jan 07 16:14:34 IST 2016, 2, 59, Admin: Users: Manage Users: Reset User Password, Pass, , Thu Jan 07 16:14:36 IST 2016, 2, 60, Admin: Users: Manage Users: Reset User Password, Pass, , Thu Jan 07 16:14:41 IST 2016, 2, 61, Admin: Users: Manage Users: Reset User Password, Pass, , Thu Jan 07 16:14:44 IST 2016, 2, 62, Admin: Users: Manage Users: Reset User Password, Pass, , Thu Jan 07 16:14:44 IST 2016, 2, 63, Admin: Users: Manage Users: Reset User Password, Pass, , Thu Jan 07 16:14:46 IST 2016, 2, 64, Admin: Users: Manage Users: Reset User Password, Pass, , Thu Jan 07 16:14:56 IST 2016, 2, 65, Admin: Users: Manage Users: Reset User Password, Pass, , Thu Jan 07 16:14:57 IST 2016, 2, 66, Admin: Users: Manage Users: Reset User Password, Pass, , Thu Jan 07 16:14:58 IST 2016, 2, 67, Admin: Users: Manage Users: Reset User Password, Pass, , Thu Jan 07 16:14:58 IST 2016, 2, 68, Admin: Users: Manage Users: Reset User Password, Pass, , Thu Jan 07 16:14:58 IST 2016, 2, 69, Admin: Users: Manage Users: Reset User Password, Pass, , Thu Jan 07 16:14:58 IST 2016, 2, 70, Admin: Users: Manage Users: Reset User Password, Pass, , Thu Jan 07 16:14:58 IST 2016, 2, 71, Admin: Users: Manage Users: Reset User Password, Pass, , Thu Jan 07 16:15:01 IST 2016, 2, 72, Admin: Users: Manage Users: Reset User Password, Pass, , Thu Jan 07 16:15:01 IST 2016, 2, 73, Admin: Users: Manage Users: Reset User Password, Pass, , Thu Jan 07 16:15:19 IST 2016, 2, 74, Admin: Users: Manage Users: Reset User Password, Pass, , Thu Jan 07 16:15:39 IST 2016, 2, 75, Admin: Users: Manage Users: Reset User Password, Pass, , Thu Jan 07 16:15:40 IST 2016, 2, 76, Admin: Users: Manage Users: Reset User Password, Pass, , Thu Jan 07 16:15:42 IST 2016, 2, 77, Admin: Users: Manage Users: Reset User Password, Pass, , Thu Jan 07 16:15:47 IST 2016, 2, 78, Admin: Users: Manage Users: Reset User Password, Pass, , Thu Jan 07 16:15:52 IST 2016, 2, 79, Admin: Users: Manage Users: Reset User Password, Pass, , Thu Jan 07 16:15:54 IST 2016, 2, 80, Admin: Users: Manage Users: Reset User Password, Pass, , Thu Jan 07 16:16:14 IST 2016, 2, 81, Admin: Users: Manage Users: Reset User Password, Pass, , Thu Jan 07 16:16:29 IST 2016, 2, 82, Admin: Users: Manage Users: Reset User Password, Pass, , Thu Jan 07 16:16:29 IST 2016, 2, 83, Admin: Users: Manage Users: Reset User Password, Pass, , Thu Jan 07 16:16:29 IST 2016, 2, 84, Admin: Users: Manage Users: Reset User Password, Pass, , Thu Jan 07 16:16:48 IST 2016, 2, 85, Admin: Users: Manage Users: Reset User Password, Pass, , Thu Jan 07 16:17:02 IST 2016, 2, 86, Admin: Users: Manage Users: Reset User Password, Pass, , Thu Jan 07 16:17:04 IST 2016, 2, 87, Admin: Users: Manage Users: Reset User Password, Pass, , Thu Jan 07 16:17:04 IST 2016, 2, 88, Admin: Users: Manage Users: Reset User Password, Pass, , Thu Jan 07 16:17:31 IST 2016, 2, 89, Admin: Users: Manage Users: Reset User Password, Pass, , Thu Jan 07 16:17:32 IST 2016, 2, 90, Admin: Users: Manage Users: Reset User Password, Pass, , Thu Jan 07 16:17:34 IST 2016, 2, 91, Admin: Users: Manage Users: Reset User Password, Pass, , Thu Jan 07 16:17:38 IST 2016, 2, 92, Admin: Users: Manage Users: Reset User Password, Pass, , Thu Jan 07 16:17:38 IST 2016, 2, 93, Admin: Users: Manage Users: Reset User Password, Pass, , Thu Jan 07 16:17:40 IST 2016, 2, 94, Admin: Users: Manage Users: Reset User Password, Pass, , Thu Jan 07 16:17:40 IST 2016, 2, 95, Admin: Users: Manage Users: Reset User Password, Pass, , Thu Jan 07 16:17:40 IST 2016]
[INFO ][2016-01-07 16:17:40,902][com.java.SeleniumDriver] [ 1252] - End time is-------6 min 50 sec
[INFO ][2016-01-07 16:17:40,902][com.java.SeleniumDriver] [ 1253] - The results are-------------------[2, 1, Admin: Users: Manage Users: Reset User Password, Pass, , Thu Jan 07 16:11:56 IST 2016, 2, 3, Admin: Users: Manage Users: Reset User Password, Pass, , Thu Jan 07 16:12:25 IST 2016, 2, 4, Admin: Users: Manage Users: Reset User Password, Pass, , Thu Jan 07 16:12:26 IST 2016, 2, 5, Admin: Users: Manage Users: Reset User Password, Pass, , Thu Jan 07 16:12:28 IST 2016, 2, 6, Admin: Users: Manage Users: Reset User Password, Pass, , Thu Jan 07 16:12:29 IST 2016, 2, 7, Admin: Users: Manage Users: Reset User Password, Pass, , Thu Jan 07 16:12:32 IST 2016, 2, 8, Admin: Users: Manage Users: Reset User Password, Pass, , Thu Jan 07 16:12:33 IST 2016, 2, 9, Admin: Users: Manage Users: Reset User Password, Pass, , Thu Jan 07 16:12:34 IST 2016, 2, 10, Admin: Users: Manage Users: Reset User Password, Pass, , Thu Jan 07 16:12:37 IST 2016, 2, 11, Admin: Users: Manage Users: Reset User Password, Pass, , Thu Jan 07 16:12:38 IST 2016, 2, 12, Admin: Users: Manage Users: Reset User Password, Pass, , Thu Jan 07 16:12:39 IST 2016, 2, 13, Admin: Users: Manage Users: Reset User Password, Pass, , Thu Jan 07 16:12:41 IST 2016, 2, 14, Admin: Users: Manage Users: Reset User Password, Pass, , Thu Jan 07 16:12:42 IST 2016, 2, 15, Admin: Users: Manage Users: Reset User Password, Pass, , Thu Jan 07 16:12:44 IST 2016, 2, 16, Admin: Users: Manage Users: Reset User Password, Pass, , Thu Jan 07 16:12:45 IST 2016, 2, 17, Admin: Users: Manage Users: Reset User Password, Pass, , Thu Jan 07 16:12:46 IST 2016, 2, 18, Admin: Users: Manage Users: Reset User Password, Pass, , Thu Jan 07 16:12:47 IST 2016, 2, 19, Admin: Users: Manage Users: Reset User Password, Pass, , Thu Jan 07 16:12:49 IST 2016, 2, 20, Admin: Users: Manage Users: Reset User Password, Pass, , Thu Jan 07 16:12:50 IST 2016, 2, 21, Admin: Users: Manage Users: Reset User Password, Pass, , Thu Jan 07 16:12:52 IST 2016, 2, 22, Admin: Users: Manage Users: Reset User Password, Pass, , Thu Jan 07 16:12:53 IST 2016, 2, 23, Admin: Users: Manage Users: Reset User Password, Pass, , Thu Jan 07 16:12:54 IST 2016, 2, 24, Admin: Users: Manage Users: Reset User Password, Pass, , Thu Jan 07 16:12:55 IST 2016, 2, 25, Admin: Users: Manage Users: Reset User Password, Pass, , Thu Jan 07 16:12:58 IST 2016, 2, 26, Admin: Users: Manage Users: Reset User Password, Pass, , Thu Jan 07 16:12:59 IST 2016, 2, 27, Admin: Users: Manage Users: Reset User Password, Pass, , Thu Jan 07 16:13:02 IST 2016, 2, 28, Admin: Users: Manage Users: Reset User Password, Pass, , Thu Jan 07 16:13:07 IST 2016, 2, 29, Admin: Users: Manage Users: Reset User Password, Pass, , Thu Jan 07 16:13:07 IST 2016, 2, 30, Admin: Users: Manage Users: Reset User Password, Pass, , Thu Jan 07 16:13:09 IST 2016, 2, 31, Admin: Users: Manage Users: Reset User Password, Pass, , Thu Jan 07 16:13:14 IST 2016, 2, 32, Admin: Users: Manage Users: Reset User Password, Pass, , Thu Jan 07 16:13:18 IST 2016, 2, 33, Admin: Users: Manage Users: Reset User Password, Pass, , Thu Jan 07 16:13:20 IST 2016, 2, 34, Admin: Users: Manage Users: Reset User Password, Pass, , Thu Jan 07 16:13:22 IST 2016, 2, 35, Admin: Users: Manage Users: Reset User Password, Pass, , Thu Jan 07 16:13:24 IST 2016, 2, 36, Admin: Users: Manage Users: Reset User Password, Pass, , Thu Jan 07 16:13:26 IST 2016, 2, 37, Admin: Users: Manage Users: Reset User Password, Pass, , Thu Jan 07 16:13:29 IST 2016, 2, 38, Admin: Users: Manage Users: Reset User Password, Pass, , Thu Jan 07 16:13:31 IST 2016, 2, 39, Admin: Users: Manage Users: Reset User Password, Pass, , Thu Jan 07 16:13:31 IST 2016, 2, 40, Admin: Users: Manage Users: Reset User Password, Pass, , Thu Jan 07 16:13:36 IST 2016, 2, 41, Admin: Users: Manage Users: Reset User Password, Pass, , Thu Jan 07 16:13:40 IST 2016, 2, 42, Admin: Users: Manage Users: Reset User Password, Pass, , Thu Jan 07 16:13:41 IST 2016, 2, 43, Admin: Users: Manage Users: Reset User Password, Pass, , Thu Jan 07 16:13:43 IST 2016, 2, 44, Admin: Users: Manage Users: Reset User Password, Pass, , Thu Jan 07 16:13:43 IST 2016, 2, 45, Admin: Users: Manage Users: Reset User Password, Pass, , Thu Jan 07 16:13:43 IST 2016, 2, 46, Admin: Users: Manage Users: Reset User Password, Pass, , Thu Jan 07 16:13:43 IST 2016, 2, 47, Admin: Users: Manage Users: Reset User Password, Pass, , Thu Jan 07 16:13:53 IST 2016, 2, 48, Admin: Users: Manage Users: Reset User Password, Pass, , Thu Jan 07 16:13:53 IST 2016, 2, 49, Admin: Users: Manage Users: Reset User Password, Pass, , Thu Jan 07 16:13:55 IST 2016, 2, 50, Admin: Users: Manage Users: Reset User Password, Pass, , Thu Jan 07 16:13:55 IST 2016, 2, 51, Admin: Users: Manage Users: Reset User Password, Pass, , Thu Jan 07 16:14:23 IST 2016, 2, 52, Admin: Users: Manage Users: Reset User Password, Pass, , Thu Jan 07 16:14:24 IST 2016, 2, 53, Admin: Users: Manage Users: Reset User Password, Pass, , Thu Jan 07 16:14:25 IST 2016, 2, 54, Admin: Users: Manage Users: Reset User Password, Pass, , Thu Jan 07 16:14:27 IST 2016, 2, 55, Admin: Users: Manage Users: Reset User Password, Pass, , Thu Jan 07 16:14:28 IST 2016, 2, 56, Admin: Users: Manage Users: Reset User Password, Pass, , Thu Jan 07 16:14:30 IST 2016, 2, 57, Admin: Users: Manage Users: Reset User Password, Pass, , Thu Jan 07 16:14:33 IST 2016, 2, 58, Admin: Users: Manage Users: Reset User Password, Pass, , Thu Jan 07 16:14:34 IST 2016, 2, 59, Admin: Users: Manage Users: Reset User Password, Pass, , Thu Jan 07 16:14:36 IST 2016, 2, 60, Admin: Users: Manage Users: Reset User Password, Pass, , Thu Jan 07 16:14:41 IST 2016, 2, 61, Admin: Users: Manage Users: Reset User Password, Pass, , Thu Jan 07 16:14:44 IST 2016, 2, 62, Admin: Users: Manage Users: Reset User Password, Pass, , Thu Jan 07 16:14:44 IST 2016, 2, 63, Admin: Users: Manage Users: Reset User Password, Pass, , Thu Jan 07 16:14:46 IST 2016, 2, 64, Admin: Users: Manage Users: Reset User Password, Pass, , Thu Jan 07 16:14:56 IST 2016, 2, 65, Admin: Users: Manage Users: Reset User Password, Pass, , Thu Jan 07 16:14:57 IST 2016, 2, 66, Admin: Users: Manage Users: Reset User Password, Pass, , Thu Jan 07 16:14:58 IST 2016, 2, 67, Admin: Users: Manage Users: Reset User Password, Pass, , Thu Jan 07 16:14:58 IST 2016, 2, 68, Admin: Users: Manage Users: Reset User Password, Pass, , Thu Jan 07 16:14:58 IST 2016, 2, 69, Admin: Users: Manage Users: Reset User Password, Pass, , Thu Jan 07 16:14:58 IST 2016, 2, 70, Admin: Users: Manage Users: Reset User Password, Pass, , Thu Jan 07 16:14:58 IST 2016, 2, 71, Admin: Users: Manage Users: Reset User Password, Pass, , Thu Jan 07 16:15:01 IST 2016, 2, 72, Admin: Users: Manage Users: Reset User Password, Pass, , Thu Jan 07 16:15:01 IST 2016, 2, 73, Admin: Users: Manage Users: Reset User Password, Pass, , Thu Jan 07 16:15:19 IST 2016, 2, 74, Admin: Users: Manage Users: Reset User Password, Pass, , Thu Jan 07 16:15:39 IST 2016, 2, 75, Admin: Users: Manage Users: Reset User Password, Pass, , Thu Jan 07 16:15:40 IST 2016, 2, 76, Admin: Users: Manage Users: Reset User Password, Pass, , Thu Jan 07 16:15:42 IST 2016, 2, 77, Admin: Users: Manage Users: Reset User Password, Pass, , Thu Jan 07 16:15:47 IST 2016, 2, 78, Admin: Users: Manage Users: Reset User Password, Pass, , Thu Jan 07 16:15:52 IST 2016, 2, 79, Admin: Users: Manage Users: Reset User Password, Pass, , Thu Jan 07 16:15:54 IST 2016, 2, 80, Admin: Users: Manage Users: Reset User Password, Pass, , Thu Jan 07 16:16:14 IST 2016, 2, 81, Admin: Users: Manage Users: Reset User Password, Pass, , Thu Jan 07 16:16:29 IST 2016, 2, 82, Admin: Users: Manage Users: Reset User Password, Pass, , Thu Jan 07 16:16:29 IST 2016, 2, 83, Admin: Users: Manage Users: Reset User Password, Pass, , Thu Jan 07 16:16:29 IST 2016, 2, 84, Admin: Users: Manage Users: Reset User Password, Pass, , Thu Jan 07 16:16:48 IST 2016, 2, 85, Admin: Users: Manage Users: Reset User Password, Pass, , Thu Jan 07 16:17:02 IST 2016, 2, 86, Admin: Users: Manage Users: Reset User Password, Pass, , Thu Jan 07 16:17:04 IST 2016, 2, 87, Admin: Users: Manage Users: Reset User Password, Pass, , Thu Jan 07 16:17:04 IST 2016, 2, 88, Admin: Users: Manage Users: Reset User Password, Pass, , Thu Jan 07 16:17:31 IST 2016, 2, 89, Admin: Users: Manage Users: Reset User Password, Pass, , Thu Jan 07 16:17:32 IST 2016, 2, 90, Admin: Users: Manage Users: Reset User Password, Pass, , Thu Jan 07 16:17:34 IST 2016, 2, 91, Admin: Users: Manage Users: Reset User Password, Pass, , Thu Jan 07 16:17:38 IST 2016, 2, 92, Admin: Users: Manage Users: Reset User Password, Pass, , Thu Jan 07 16:17:38 IST 2016, 2, 93, Admin: Users: Manage Users: Reset User Password, Pass, , Thu Jan 07 16:17:40 IST 2016, 2, 94, Admin: Users: Manage Users: Reset User Password, Pass, , Thu Jan 07 16:17:40 IST 2016, 2, 95, Admin: Users: Manage Users: Reset User Password, Pass, , Thu Jan 07 16:17:40 IST 2016]
[DEBUG][2016-01-07 16:17:40,902][com.java.ImportnExport.ExportTestResultsExcel] [  222] - testResultPath = D:\BankersDashboard/TestReports/Test Results_BankersDashBoard_010716_161053_IE10_First Bank.xls
[DEBUG][2016-01-07 16:17:40,902][com.java.ImportnExport.ExportTestResultsExcel] [  223] - browser is------------IE10
[DEBUG][2016-01-07 16:17:40,904][com.java.ImportnExport.ExportTestResultsExcel] [  270] - result.size() = 564
[DEBUG][2016-01-07 16:17:40,904][com.java.ImportnExport.ExportTestResultsExcel] [  274] - No of rows in sheet=2
[DEBUG][2016-01-07 16:17:40,904][com.java.ImportnExport.ExportTestResultsExcel] [  301] - ..in export..2
[DEBUG][2016-01-07 16:17:40,904][com.java.ImportnExport.ExportTestResultsExcel] [  301] - ..in export..Admin: Users: Manage Users: Reset User Password
[DEBUG][2016-01-07 16:17:40,904][com.java.ImportnExport.ExportTestResultsExcel] [  301] - ..in export..Pass
[DEBUG][2016-01-07 16:17:40,905][com.java.ImportnExport.ExportTestResultsExcel] [  301] - ..in export..
[DEBUG][2016-01-07 16:17:40,905][com.java.ImportnExport.ExportTestResultsExcel] [  301] - ..in export..Thu Jan 07 16:11:56 IST 2016
[INFO ][2016-01-07 16:17:40,906][com.java.SeleniumDriver] [ 1313] - out loop:1 size:3 TestCases:[1, 2, 3] testcases:[1, 2, 3]
[INFO ][2016-01-07 16:17:40,906][com.java.ImportnExport.ImportTestDataDetailsExcel] [   49] - test data details path===== D:\BankersDashboard\TestInputs\TestData.xls
[INFO ][2016-01-07 16:18:06,045][com.java.SeleniumDriver] [  832] - ------------------------------------------
[INFO ][2016-01-07 16:18:06,045][com.java.SeleniumDriver] [  833] - Test case being Executed: 3
[INFO ][2016-01-07 16:18:06,045][com.java.SeleniumDriver] [  845] - Test step:1
[INFO ][2016-01-07 16:18:06,045][com.java.SeleniumDriver] [  857] - Datavalue is----------Logout
[INFO ][2016-01-07 16:18:06,045][com.java.SeleniumDriver] [  881] - DataField : BTN
[INFO ][2016-01-07 16:18:06,045][com.java.SeleniumDriver] [  883] - DataValue : Logout
[INFO ][2016-01-07 16:18:06,045][com.java.SeleniumDriver] [  889] - <In Set values of the page>
[INFO ][2016-01-07 16:18:06,045][com.java.SeleniumDriver] [  892] - {Data Fields & Data Values Exist}
[INFO ][2016-01-07 16:18:06,045][com.java.SeleniumDriver] [  894] - --------------------------setting values-----------------------------
[INFO ][2016-01-07 16:18:06,045][com.java.SeleniumDriver] [  897] - Action Type : Verify
[INFO ][2016-01-07 16:18:06,045][com.java.TestType] [ 7269] - field= BTN value= Logout
[INFO ][2016-01-07 16:18:06,046][com.java.TestType] [ 5895] - value = Logout
[INFO ][2016-01-07 16:18:06,134][com.java.SeleniumDriver] [  906] -  RESULT true
[INFO ][2016-01-07 16:18:06,134][com.java.SeleniumDriver] [ 1112] - ?   P A S S   ?
[INFO ][2016-01-07 16:18:06,134][com.java.SeleniumDriver] [ 1154] - step change to 3
[INFO ][2016-01-07 16:18:06,134][com.java.SeleniumDriver] [  832] - ------------------------------------------
[INFO ][2016-01-07 16:18:06,135][com.java.SeleniumDriver] [  833] - Test case being Executed: 3
[INFO ][2016-01-07 16:18:06,135][com.java.SeleniumDriver] [  845] - Test step:3
[INFO ][2016-01-07 16:18:06,135][com.java.SeleniumDriver] [  857] - Datavalue is----------null
[DEBUG][2016-01-07 16:18:06,135][com.java.SeleniumDriver] [  875] - Exception: null
[INFO ][2016-01-07 16:18:06,135][com.java.SeleniumDriver] [  881] - DataField : //span[@class='icon-user4']&&//a[text()='Users']&&//a[@data-id="ModifyUsers"]
[INFO ][2016-01-07 16:18:06,135][com.java.SeleniumDriver] [  883] - DataValue : 
[INFO ][2016-01-07 16:18:06,135][com.java.SeleniumDriver] [  889] - <In Set values of the page>
[INFO ][2016-01-07 16:18:06,136][com.java.SeleniumDriver] [  892] - {Data Fields & Data Values Exist}
[INFO ][2016-01-07 16:18:06,136][com.java.SeleniumDriver] [  894] - --------------------------setting values-----------------------------
[INFO ][2016-01-07 16:18:06,136][com.java.SeleniumDriver] [  897] - Action Type : MouseOver
[INFO ][2016-01-07 16:18:33,594][com.java.SeleniumDriver] [  906] -  RESULT true
[INFO ][2016-01-07 16:18:33,594][com.java.SeleniumDriver] [ 1112] - ?   P A S S   ?
[INFO ][2016-01-07 16:18:33,594][com.java.SeleniumDriver] [  832] - ------------------------------------------
[INFO ][2016-01-07 16:18:33,594][com.java.SeleniumDriver] [  833] - Test case being Executed: 3
[INFO ][2016-01-07 16:18:33,594][com.java.SeleniumDriver] [  845] - Test step:4
[INFO ][2016-01-07 16:18:33,594][com.java.SeleniumDriver] [  857] - Datavalue is----------2
[INFO ][2016-01-07 16:18:33,594][com.java.SeleniumDriver] [  881] - DataField : BTNframeDialogContent
[INFO ][2016-01-07 16:18:33,594][com.java.SeleniumDriver] [  883] - DataValue : 2
[INFO ][2016-01-07 16:18:33,594][com.java.SeleniumDriver] [  889] - <In Set values of the page>
[INFO ][2016-01-07 16:18:33,594][com.java.SeleniumDriver] [  892] - {Data Fields & Data Values Exist}
[INFO ][2016-01-07 16:18:33,594][com.java.SeleniumDriver] [  894] - --------------------------setting values-----------------------------
[INFO ][2016-01-07 16:18:33,594][com.java.SeleniumDriver] [  897] - Action Type : WaitForElement
[INFO ][2016-01-07 16:18:34,826][com.java.SeleniumDriver] [  906] -  RESULT true
[INFO ][2016-01-07 16:18:34,826][com.java.SeleniumDriver] [ 1112] - ?   P A S S   ?
[INFO ][2016-01-07 16:18:34,826][com.java.SeleniumDriver] [  832] - ------------------------------------------
[INFO ][2016-01-07 16:18:34,826][com.java.SeleniumDriver] [  833] - Test case being Executed: 3
[INFO ][2016-01-07 16:18:34,827][com.java.SeleniumDriver] [  845] - Test step:5
[INFO ][2016-01-07 16:18:34,827][com.java.SeleniumDriver] [  857] - Datavalue is----------null
[DEBUG][2016-01-07 16:18:34,827][com.java.SeleniumDriver] [  875] - Exception: null
[INFO ][2016-01-07 16:18:34,827][com.java.SeleniumDriver] [  881] - DataField : BTNframeDialogContent
[INFO ][2016-01-07 16:18:34,827][com.java.SeleniumDriver] [  883] - DataValue : 
[INFO ][2016-01-07 16:18:34,827][com.java.SeleniumDriver] [  889] - <In Set values of the page>
[INFO ][2016-01-07 16:18:34,827][com.java.SeleniumDriver] [  892] - {Data Fields & Data Values Exist}
[INFO ][2016-01-07 16:18:34,827][com.java.SeleniumDriver] [  894] - --------------------------setting values-----------------------------
[INFO ][2016-01-07 16:18:34,827][com.java.SeleniumDriver] [  897] - Action Type : SelectFrame
[INFO ][2016-01-07 16:18:36,088][com.java.SeleniumDriver] [  906] -  RESULT true
[INFO ][2016-01-07 16:18:36,088][com.java.SeleniumDriver] [ 1112] - ?   P A S S   ?
[INFO ][2016-01-07 16:18:36,088][com.java.SeleniumDriver] [  832] - ------------------------------------------
[INFO ][2016-01-07 16:18:36,088][com.java.SeleniumDriver] [  833] - Test case being Executed: 3
[INFO ][2016-01-07 16:18:36,088][com.java.SeleniumDriver] [  845] - Test step:6
[INFO ][2016-01-07 16:18:36,088][com.java.SeleniumDriver] [  857] - Datavalue is----------2
[INFO ][2016-01-07 16:18:36,088][com.java.SeleniumDriver] [  881] - DataField : BTNbtnAddUser
[INFO ][2016-01-07 16:18:36,088][com.java.SeleniumDriver] [  883] - DataValue : 2
[INFO ][2016-01-07 16:18:36,089][com.java.SeleniumDriver] [  889] - <In Set values of the page>
[INFO ][2016-01-07 16:18:36,089][com.java.SeleniumDriver] [  892] - {Data Fields & Data Values Exist}
[INFO ][2016-01-07 16:18:36,089][com.java.SeleniumDriver] [  894] - --------------------------setting values-----------------------------
[INFO ][2016-01-07 16:18:36,089][com.java.SeleniumDriver] [  897] - Action Type : WaitForElement
[INFO ][2016-01-07 16:18:37,730][com.java.SeleniumDriver] [  906] -  RESULT true
[INFO ][2016-01-07 16:18:37,730][com.java.SeleniumDriver] [ 1112] - ?   P A S S   ?
[INFO ][2016-01-07 16:18:37,730][com.java.SeleniumDriver] [  832] - ------------------------------------------
[INFO ][2016-01-07 16:18:37,730][com.java.SeleniumDriver] [  833] - Test case being Executed: 3
[INFO ][2016-01-07 16:18:37,730][com.java.SeleniumDriver] [  845] - Test step:7
[INFO ][2016-01-07 16:18:37,730][com.java.SeleniumDriver] [  857] - Datavalue is----------null
[DEBUG][2016-01-07 16:18:37,731][com.java.SeleniumDriver] [  875] - Exception: null
[INFO ][2016-01-07 16:18:37,731][com.java.SeleniumDriver] [  881] - DataField : BTNbtnAddUser
[INFO ][2016-01-07 16:18:37,731][com.java.SeleniumDriver] [  883] - DataValue : 
[INFO ][2016-01-07 16:18:37,731][com.java.SeleniumDriver] [  889] - <In Set values of the page>
[INFO ][2016-01-07 16:18:37,731][com.java.SeleniumDriver] [  892] - {Data Fields & Data Values Exist}
[INFO ][2016-01-07 16:18:37,731][com.java.SeleniumDriver] [  894] - --------------------------setting values-----------------------------
[INFO ][2016-01-07 16:18:37,731][com.java.SeleniumDriver] [  897] - Action Type : Click
[INFO ][2016-01-07 16:18:37,731][com.java.TestType] [ 6274] - Field ::BTNbtnAddUser
[INFO ][2016-01-07 16:18:37,731][com.java.TestType] [ 5895] - value = 
[INFO ][2016-01-07 16:18:38,731][com.java.TestType] [ 6390] - BEFORE CLICK
[INFO ][2016-01-07 16:18:40,518][com.java.TestType] [ 6397] - Unable to click the object Add user button
[INFO ][2016-01-07 16:18:40,518][com.java.SeleniumDriver] [  906] -  RESULT true
[INFO ][2016-01-07 16:18:40,518][com.java.SeleniumDriver] [ 1112] - ?   P A S S   ?
[INFO ][2016-01-07 16:18:40,518][com.java.SeleniumDriver] [  832] - ------------------------------------------
[INFO ][2016-01-07 16:18:40,518][com.java.SeleniumDriver] [  833] - Test case being Executed: 3
[INFO ][2016-01-07 16:18:40,518][com.java.SeleniumDriver] [  845] - Test step:8
[INFO ][2016-01-07 16:18:40,518][com.java.SeleniumDriver] [  857] - Datavalue is----------2
[INFO ][2016-01-07 16:18:40,518][com.java.SeleniumDriver] [  881] - DataField : BTNtxtUserName
[INFO ][2016-01-07 16:18:40,518][com.java.SeleniumDriver] [  883] - DataValue : 2
[INFO ][2016-01-07 16:18:40,518][com.java.SeleniumDriver] [  889] - <In Set values of the page>
[INFO ][2016-01-07 16:18:40,519][com.java.SeleniumDriver] [  892] - {Data Fields & Data Values Exist}
[INFO ][2016-01-07 16:18:40,519][com.java.SeleniumDriver] [  894] - --------------------------setting values-----------------------------
[INFO ][2016-01-07 16:18:40,519][com.java.SeleniumDriver] [  897] - Action Type : WaitForElement
[INFO ][2016-01-07 16:18:41,685][com.java.SeleniumDriver] [  906] -  RESULT true
[INFO ][2016-01-07 16:18:41,685][com.java.SeleniumDriver] [ 1112] - ?   P A S S   ?
[INFO ][2016-01-07 16:18:41,685][com.java.SeleniumDriver] [  832] - ------------------------------------------
[INFO ][2016-01-07 16:18:41,685][com.java.SeleniumDriver] [  833] - Test case being Executed: 3
[INFO ][2016-01-07 16:18:41,686][com.java.SeleniumDriver] [  845] - Test step:9
[INFO ][2016-01-07 16:18:41,686][com.java.SeleniumDriver] [  857] - Datavalue is----------5
[INFO ][2016-01-07 16:18:41,686][com.java.SeleniumDriver] [  881] - DataField : TXTtxtUserName
[INFO ][2016-01-07 16:18:41,686][com.java.SeleniumDriver] [  883] - DataValue : 5
[INFO ][2016-01-07 16:18:41,686][com.java.SeleniumDriver] [  889] - <In Set values of the page>
[INFO ][2016-01-07 16:18:41,686][com.java.SeleniumDriver] [  892] - {Data Fields & Data Values Exist}
[INFO ][2016-01-07 16:18:41,686][com.java.SeleniumDriver] [  894] - --------------------------setting values-----------------------------
[INFO ][2016-01-07 16:18:41,686][com.java.SeleniumDriver] [  897] - Action Type : WaitForElement
[INFO ][2016-01-07 16:18:42,830][com.java.SeleniumDriver] [  906] -  RESULT true
[INFO ][2016-01-07 16:18:42,830][com.java.SeleniumDriver] [ 1112] - ?   P A S S   ?
[INFO ][2016-01-07 16:18:42,830][com.java.SeleniumDriver] [  832] - ------------------------------------------
[INFO ][2016-01-07 16:18:42,830][com.java.SeleniumDriver] [  833] - Test case being Executed: 3
[INFO ][2016-01-07 16:18:42,830][com.java.SeleniumDriver] [  845] - Test step:10
[INFO ][2016-01-07 16:18:42,830][com.java.SeleniumDriver] [  857] - Datavalue is----------RNDvltest.robot
[INFO ][2016-01-07 16:18:42,830][com.java.SeleniumDriver] [  881] - DataField : TXTtxtUserName
[INFO ][2016-01-07 16:18:42,830][com.java.SeleniumDriver] [  883] - DataValue : RNDvltest.robot
[INFO ][2016-01-07 16:18:42,830][com.java.SeleniumDriver] [  889] - <In Set values of the page>
[INFO ][2016-01-07 16:18:42,830][com.java.SeleniumDriver] [  892] - {Data Fields & Data Values Exist}
[INFO ][2016-01-07 16:18:42,830][com.java.SeleniumDriver] [  894] - --------------------------setting values-----------------------------
[INFO ][2016-01-07 16:18:42,831][com.java.SeleniumDriver] [  897] - Action Type : CLEARANDENTER
[INFO ][2016-01-07 16:18:42,831][com.java.TestType] [ 5895] - value = vltest.robot26948
[INFO ][2016-01-07 16:18:45,385][com.java.SeleniumDriver] [  906] -  RESULT true
[INFO ][2016-01-07 16:18:45,385][com.java.SeleniumDriver] [ 1112] - ?   P A S S   ?
[INFO ][2016-01-07 16:18:45,385][com.java.SeleniumDriver] [  832] - ------------------------------------------
[INFO ][2016-01-07 16:18:45,385][com.java.SeleniumDriver] [  833] - Test case being Executed: 3
[INFO ][2016-01-07 16:18:45,385][com.java.SeleniumDriver] [  845] - Test step:11
[INFO ][2016-01-07 16:18:45,385][com.java.SeleniumDriver] [  857] - Datavalue is----------5
[INFO ][2016-01-07 16:18:45,385][com.java.SeleniumDriver] [  881] - DataField : TXTtxtFirstName
[INFO ][2016-01-07 16:18:45,386][com.java.SeleniumDriver] [  883] - DataValue : 5
[INFO ][2016-01-07 16:18:45,386][com.java.SeleniumDriver] [  889] - <In Set values of the page>
[INFO ][2016-01-07 16:18:45,386][com.java.SeleniumDriver] [  892] - {Data Fields & Data Values Exist}
[INFO ][2016-01-07 16:18:45,386][com.java.SeleniumDriver] [  894] - --------------------------setting values-----------------------------
[INFO ][2016-01-07 16:18:45,386][com.java.SeleniumDriver] [  897] - Action Type : WaitForElement
[INFO ][2016-01-07 16:18:46,544][com.java.SeleniumDriver] [  906] -  RESULT true
[INFO ][2016-01-07 16:18:46,544][com.java.SeleniumDriver] [ 1112] - ?   P A S S   ?
[INFO ][2016-01-07 16:18:46,544][com.java.SeleniumDriver] [  832] - ------------------------------------------
[INFO ][2016-01-07 16:18:46,544][com.java.SeleniumDriver] [  833] - Test case being Executed: 3
[INFO ][2016-01-07 16:18:46,544][com.java.SeleniumDriver] [  845] - Test step:12
[INFO ][2016-01-07 16:18:46,544][com.java.SeleniumDriver] [  857] - Datavalue is----------GivenNewUserName
[INFO ][2016-01-07 16:18:46,544][com.java.SeleniumDriver] [  881] - DataField : TXTtxtUserName
[INFO ][2016-01-07 16:18:46,544][com.java.SeleniumDriver] [  883] - DataValue : GivenNewUserName
[INFO ][2016-01-07 16:18:46,544][com.java.SeleniumDriver] [  889] - <In Set values of the page>
[INFO ][2016-01-07 16:18:46,544][com.java.SeleniumDriver] [  892] - {Data Fields & Data Values Exist}
[INFO ][2016-01-07 16:18:46,544][com.java.SeleniumDriver] [  894] - --------------------------setting values-----------------------------
[INFO ][2016-01-07 16:18:46,545][com.java.SeleniumDriver] [  897] - Action Type : STOREVALUE
[INFO ][2016-01-07 16:18:46,545][com.java.TestType] [ 8612] - field= TXTtxtUserName
[DEBUG][2016-01-07 16:18:47,725][com.java.TestType] [ 8626] - Key:: GivenNewUserName  Value:: vltest.robot26948
[INFO ][2016-01-07 16:18:47,725][com.java.SeleniumDriver] [  906] -  RESULT true
[INFO ][2016-01-07 16:18:47,725][com.java.SeleniumDriver] [ 1112] - ?   P A S S   ?
[INFO ][2016-01-07 16:18:47,725][com.java.SeleniumDriver] [  832] - ------------------------------------------
[INFO ][2016-01-07 16:18:47,726][com.java.SeleniumDriver] [  833] - Test case being Executed: 3
[INFO ][2016-01-07 16:18:47,726][com.java.SeleniumDriver] [  845] - Test step:13
[INFO ][2016-01-07 16:18:47,726][com.java.SeleniumDriver] [  857] - Datavalue is----------VLTest
[INFO ][2016-01-07 16:18:47,726][com.java.SeleniumDriver] [  881] - DataField : TXTtxtFirstName
[INFO ][2016-01-07 16:18:47,726][com.java.SeleniumDriver] [  883] - DataValue : VLTest
[INFO ][2016-01-07 16:18:47,726][com.java.SeleniumDriver] [  889] - <In Set values of the page>
[INFO ][2016-01-07 16:18:47,726][com.java.SeleniumDriver] [  892] - {Data Fields & Data Values Exist}
[INFO ][2016-01-07 16:18:47,726][com.java.SeleniumDriver] [  894] - --------------------------setting values-----------------------------
[INFO ][2016-01-07 16:18:47,726][com.java.SeleniumDriver] [  897] - Action Type : Enter
[INFO ][2016-01-07 16:18:47,726][com.java.TestType] [ 6696] - field = txtFirstName
[INFO ][2016-01-07 16:18:47,726][com.java.TestType] [ 5895] - value = VLTest
[INFO ][2016-01-07 16:18:49,407][com.java.SeleniumDriver] [  906] -  RESULT true
[INFO ][2016-01-07 16:18:49,407][com.java.SeleniumDriver] [ 1112] - ?   P A S S   ?
[INFO ][2016-01-07 16:18:49,407][com.java.SeleniumDriver] [  832] - ------------------------------------------
[INFO ][2016-01-07 16:18:49,407][com.java.SeleniumDriver] [  833] - Test case being Executed: 3
[INFO ][2016-01-07 16:18:49,407][com.java.SeleniumDriver] [  845] - Test step:14
[INFO ][2016-01-07 16:18:49,407][com.java.SeleniumDriver] [  857] - Datavalue is----------5
[INFO ][2016-01-07 16:18:49,407][com.java.SeleniumDriver] [  881] - DataField : TXTtxtLastName
[INFO ][2016-01-07 16:18:49,407][com.java.SeleniumDriver] [  883] - DataValue : 5
[INFO ][2016-01-07 16:18:49,409][com.java.SeleniumDriver] [  889] - <In Set values of the page>
[INFO ][2016-01-07 16:18:49,409][com.java.SeleniumDriver] [  892] - {Data Fields & Data Values Exist}
[INFO ][2016-01-07 16:18:49,409][com.java.SeleniumDriver] [  894] - --------------------------setting values-----------------------------
[INFO ][2016-01-07 16:18:49,409][com.java.SeleniumDriver] [  897] - Action Type : WaitForElement
[INFO ][2016-01-07 16:18:50,564][com.java.SeleniumDriver] [  906] -  RESULT true
[INFO ][2016-01-07 16:18:50,564][com.java.SeleniumDriver] [ 1112] - ?   P A S S   ?
[INFO ][2016-01-07 16:18:50,564][com.java.SeleniumDriver] [  832] - ------------------------------------------
[INFO ][2016-01-07 16:18:50,564][com.java.SeleniumDriver] [  833] - Test case being Executed: 3
[INFO ][2016-01-07 16:18:50,564][com.java.SeleniumDriver] [  845] - Test step:15
[INFO ][2016-01-07 16:18:50,564][com.java.SeleniumDriver] [  857] - Datavalue is----------Robot
[INFO ][2016-01-07 16:18:50,564][com.java.SeleniumDriver] [  881] - DataField : TXTtxtLastName
[INFO ][2016-01-07 16:18:50,565][com.java.SeleniumDriver] [  883] - DataValue : Robot
[INFO ][2016-01-07 16:18:50,565][com.java.SeleniumDriver] [  889] - <In Set values of the page>
[INFO ][2016-01-07 16:18:50,565][com.java.SeleniumDriver] [  892] - {Data Fields & Data Values Exist}
[INFO ][2016-01-07 16:18:50,565][com.java.SeleniumDriver] [  894] - --------------------------setting values-----------------------------
[INFO ][2016-01-07 16:18:50,565][com.java.SeleniumDriver] [  897] - Action Type : Enter
[INFO ][2016-01-07 16:18:50,565][com.java.TestType] [ 6696] - field = txtLastName
[INFO ][2016-01-07 16:18:50,565][com.java.TestType] [ 5895] - value = Robot
[INFO ][2016-01-07 16:18:52,027][com.java.SeleniumDriver] [  906] -  RESULT true
[INFO ][2016-01-07 16:18:52,027][com.java.SeleniumDriver] [ 1112] - ?   P A S S   ?
[INFO ][2016-01-07 16:18:52,027][com.java.SeleniumDriver] [  832] - ------------------------------------------
[INFO ][2016-01-07 16:18:52,027][com.java.SeleniumDriver] [  833] - Test case being Executed: 3
[INFO ][2016-01-07 16:18:52,027][com.java.SeleniumDriver] [  845] - Test step:16
[INFO ][2016-01-07 16:18:52,027][com.java.SeleniumDriver] [  857] - Datavalue is----------5
[INFO ][2016-01-07 16:18:52,027][com.java.SeleniumDriver] [  881] - DataField : TXTtxtCompany
[INFO ][2016-01-07 16:18:52,027][com.java.SeleniumDriver] [  883] - DataValue : 5
[INFO ][2016-01-07 16:18:52,028][com.java.SeleniumDriver] [  889] - <In Set values of the page>
[INFO ][2016-01-07 16:18:52,028][com.java.SeleniumDriver] [  892] - {Data Fields & Data Values Exist}
[INFO ][2016-01-07 16:18:52,028][com.java.SeleniumDriver] [  894] - --------------------------setting values-----------------------------
[INFO ][2016-01-07 16:18:52,028][com.java.SeleniumDriver] [  897] - Action Type : WaitForElement
[INFO ][2016-01-07 16:18:53,187][com.java.SeleniumDriver] [  906] -  RESULT true
[INFO ][2016-01-07 16:18:53,187][com.java.SeleniumDriver] [ 1112] - ?   P A S S   ?
[INFO ][2016-01-07 16:18:53,187][com.java.SeleniumDriver] [  832] - ------------------------------------------
[INFO ][2016-01-07 16:18:53,187][com.java.SeleniumDriver] [  833] - Test case being Executed: 3
[INFO ][2016-01-07 16:18:53,187][com.java.SeleniumDriver] [  845] - Test step:17
[INFO ][2016-01-07 16:18:53,187][com.java.SeleniumDriver] [  857] - Datavalue is----------ValueLabs
[INFO ][2016-01-07 16:18:53,187][com.java.SeleniumDriver] [  881] - DataField : TXTtxtCompany
[INFO ][2016-01-07 16:18:53,187][com.java.SeleniumDriver] [  883] - DataValue : ValueLabs
[INFO ][2016-01-07 16:18:53,187][com.java.SeleniumDriver] [  889] - <In Set values of the page>
[INFO ][2016-01-07 16:18:53,187][com.java.SeleniumDriver] [  892] - {Data Fields & Data Values Exist}
[INFO ][2016-01-07 16:18:53,188][com.java.SeleniumDriver] [  894] - --------------------------setting values-----------------------------
[INFO ][2016-01-07 16:18:53,188][com.java.SeleniumDriver] [  897] - Action Type : Enter
[INFO ][2016-01-07 16:18:53,188][com.java.TestType] [ 6696] - field = txtCompany
[INFO ][2016-01-07 16:18:53,188][com.java.TestType] [ 5895] - value = ValueLabs
[INFO ][2016-01-07 16:18:54,791][com.java.SeleniumDriver] [  906] -  RESULT true
[INFO ][2016-01-07 16:18:54,791][com.java.SeleniumDriver] [ 1112] - ?   P A S S   ?
[INFO ][2016-01-07 16:18:54,791][com.java.SeleniumDriver] [  832] - ------------------------------------------
[INFO ][2016-01-07 16:18:54,791][com.java.SeleniumDriver] [  833] - Test case being Executed: 3
[INFO ][2016-01-07 16:18:54,791][com.java.SeleniumDriver] [  845] - Test step:18
[INFO ][2016-01-07 16:18:54,791][com.java.SeleniumDriver] [  857] - Datavalue is----------5
[INFO ][2016-01-07 16:18:54,791][com.java.SeleniumDriver] [  881] - DataField : TXTtxtLocation
[INFO ][2016-01-07 16:18:54,791][com.java.SeleniumDriver] [  883] - DataValue : 5
[INFO ][2016-01-07 16:18:54,791][com.java.SeleniumDriver] [  889] - <In Set values of the page>
[INFO ][2016-01-07 16:18:54,791][com.java.SeleniumDriver] [  892] - {Data Fields & Data Values Exist}
[INFO ][2016-01-07 16:18:54,791][com.java.SeleniumDriver] [  894] - --------------------------setting values-----------------------------
[INFO ][2016-01-07 16:18:54,791][com.java.SeleniumDriver] [  897] - Action Type : WaitForElement
[INFO ][2016-01-07 16:18:55,957][com.java.SeleniumDriver] [  906] -  RESULT true
[INFO ][2016-01-07 16:18:55,957][com.java.SeleniumDriver] [ 1112] - ?   P A S S   ?
[INFO ][2016-01-07 16:18:55,957][com.java.SeleniumDriver] [  832] - ------------------------------------------
[INFO ][2016-01-07 16:18:55,957][com.java.SeleniumDriver] [  833] - Test case being Executed: 3
[INFO ][2016-01-07 16:18:55,957][com.java.SeleniumDriver] [  845] - Test step:19
[INFO ][2016-01-07 16:18:55,957][com.java.SeleniumDriver] [  857] - Datavalue is----------India
[INFO ][2016-01-07 16:18:55,958][com.java.SeleniumDriver] [  881] - DataField : TXTtxtLocation
[INFO ][2016-01-07 16:18:55,958][com.java.SeleniumDriver] [  883] - DataValue : India
[INFO ][2016-01-07 16:18:55,958][com.java.SeleniumDriver] [  889] - <In Set values of the page>
[INFO ][2016-01-07 16:18:55,958][com.java.SeleniumDriver] [  892] - {Data Fields & Data Values Exist}
[INFO ][2016-01-07 16:18:55,958][com.java.SeleniumDriver] [  894] - --------------------------setting values-----------------------------
[INFO ][2016-01-07 16:18:55,958][com.java.SeleniumDriver] [  897] - Action Type : Enter
[INFO ][2016-01-07 16:18:55,958][com.java.TestType] [ 6696] - field = txtLocation
[INFO ][2016-01-07 16:18:55,958][com.java.TestType] [ 5895] - value = India
[INFO ][2016-01-07 16:18:57,429][com.java.SeleniumDriver] [  906] -  RESULT true
[INFO ][2016-01-07 16:18:57,429][com.java.SeleniumDriver] [ 1112] - ?   P A S S   ?
[INFO ][2016-01-07 16:18:57,429][com.java.SeleniumDriver] [  832] - ------------------------------------------
[INFO ][2016-01-07 16:18:57,429][com.java.SeleniumDriver] [  833] - Test case being Executed: 3
[INFO ][2016-01-07 16:18:57,429][com.java.SeleniumDriver] [  845] - Test step:20
[INFO ][2016-01-07 16:18:57,429][com.java.SeleniumDriver] [  857] - Datavalue is----------5
[INFO ][2016-01-07 16:18:57,429][com.java.SeleniumDriver] [  881] - DataField : TXTtxtEMail
[INFO ][2016-01-07 16:18:57,430][com.java.SeleniumDriver] [  883] - DataValue : 5
[INFO ][2016-01-07 16:18:57,430][com.java.SeleniumDriver] [  889] - <In Set values of the page>
[INFO ][2016-01-07 16:18:57,430][com.java.SeleniumDriver] [  892] - {Data Fields & Data Values Exist}
[INFO ][2016-01-07 16:18:57,430][com.java.SeleniumDriver] [  894] - --------------------------setting values-----------------------------
[INFO ][2016-01-07 16:18:57,430][com.java.SeleniumDriver] [  897] - Action Type : WaitForElement
[INFO ][2016-01-07 16:18:58,585][com.java.SeleniumDriver] [  906] -  RESULT true
[INFO ][2016-01-07 16:18:58,585][com.java.SeleniumDriver] [ 1112] - ?   P A S S   ?
[INFO ][2016-01-07 16:18:58,585][com.java.SeleniumDriver] [  832] - ------------------------------------------
[INFO ][2016-01-07 16:18:58,585][com.java.SeleniumDriver] [  833] - Test case being Executed: 3
[INFO ][2016-01-07 16:18:58,585][com.java.SeleniumDriver] [  845] - Test step:21
[INFO ][2016-01-07 16:18:58,586][com.java.SeleniumDriver] [  857] - Datavalue is----------vltest.robot@valuelabs.com
[INFO ][2016-01-07 16:18:58,586][com.java.SeleniumDriver] [  881] - DataField : TXTtxtEMail
[INFO ][2016-01-07 16:18:58,586][com.java.SeleniumDriver] [  883] - DataValue : vltest.robot@valuelabs.com
[INFO ][2016-01-07 16:18:58,586][com.java.SeleniumDriver] [  889] - <In Set values of the page>
[INFO ][2016-01-07 16:18:58,586][com.java.SeleniumDriver] [  892] - {Data Fields & Data Values Exist}
[INFO ][2016-01-07 16:18:58,586][com.java.SeleniumDriver] [  894] - --------------------------setting values-----------------------------
[INFO ][2016-01-07 16:18:58,586][com.java.SeleniumDriver] [  897] - Action Type : Enter
[INFO ][2016-01-07 16:18:58,586][com.java.TestType] [ 6696] - field = txtEMail
[INFO ][2016-01-07 16:18:58,586][com.java.TestType] [ 5895] - value = vltest.robot@valuelabs.com
[INFO ][2016-01-07 16:19:00,170][com.java.SeleniumDriver] [  906] -  RESULT true
[INFO ][2016-01-07 16:19:00,170][com.java.SeleniumDriver] [ 1112] - ?   P A S S   ?
[INFO ][2016-01-07 16:19:00,170][com.java.SeleniumDriver] [  832] - ------------------------------------------
[INFO ][2016-01-07 16:19:00,170][com.java.SeleniumDriver] [  833] - Test case being Executed: 3
[INFO ][2016-01-07 16:19:00,170][com.java.SeleniumDriver] [  845] - Test step:22
[INFO ][2016-01-07 16:19:00,170][com.java.SeleniumDriver] [  857] - Datavalue is----------5
[INFO ][2016-01-07 16:19:00,170][com.java.SeleniumDriver] [  881] - DataField : TXTtxtPhone
[INFO ][2016-01-07 16:19:00,170][com.java.SeleniumDriver] [  883] - DataValue : 5
[INFO ][2016-01-07 16:19:00,170][com.java.SeleniumDriver] [  889] - <In Set values of the page>
[INFO ][2016-01-07 16:19:00,170][com.java.SeleniumDriver] [  892] - {Data Fields & Data Values Exist}
[INFO ][2016-01-07 16:19:00,170][com.java.SeleniumDriver] [  894] - --------------------------setting values-----------------------------
[INFO ][2016-01-07 16:19:00,170][com.java.SeleniumDriver] [  897] - Action Type : WaitForElement
[INFO ][2016-01-07 16:19:01,324][com.java.SeleniumDriver] [  906] -  RESULT true
[INFO ][2016-01-07 16:19:01,324][com.java.SeleniumDriver] [ 1112] - ?   P A S S   ?
[INFO ][2016-01-07 16:19:01,324][com.java.SeleniumDriver] [  832] - ------------------------------------------
[INFO ][2016-01-07 16:19:01,326][com.java.SeleniumDriver] [  833] - Test case being Executed: 3
[INFO ][2016-01-07 16:19:01,326][com.java.SeleniumDriver] [  845] - Test step:23
[INFO ][2016-01-07 16:19:01,326][com.java.SeleniumDriver] [  857] - Datavalue is----------12345678901
[INFO ][2016-01-07 16:19:01,326][com.java.SeleniumDriver] [  881] - DataField : TXTtxtPhone
[INFO ][2016-01-07 16:19:01,326][com.java.SeleniumDriver] [  883] - DataValue : 12345678901
[INFO ][2016-01-07 16:19:01,326][com.java.SeleniumDriver] [  889] - <In Set values of the page>
[INFO ][2016-01-07 16:19:01,326][com.java.SeleniumDriver] [  892] - {Data Fields & Data Values Exist}
[INFO ][2016-01-07 16:19:01,326][com.java.SeleniumDriver] [  894] - --------------------------setting values-----------------------------
[INFO ][2016-01-07 16:19:01,326][com.java.SeleniumDriver] [  897] - Action Type : Enter
[INFO ][2016-01-07 16:19:01,326][com.java.TestType] [ 6696] - field = txtPhone
[INFO ][2016-01-07 16:19:01,327][com.java.TestType] [ 5895] - value = 12345678901
[INFO ][2016-01-07 16:19:02,736][com.java.SeleniumDriver] [  906] -  RESULT true
[INFO ][2016-01-07 16:19:02,736][com.java.SeleniumDriver] [ 1112] - ?   P A S S   ?
[INFO ][2016-01-07 16:19:02,738][com.java.SeleniumDriver] [  832] - ------------------------------------------
[INFO ][2016-01-07 16:19:02,738][com.java.SeleniumDriver] [  833] - Test case being Executed: 3
[INFO ][2016-01-07 16:19:02,738][com.java.SeleniumDriver] [  845] - Test step:24
[INFO ][2016-01-07 16:19:02,738][com.java.SeleniumDriver] [  857] - Datavalue is----------5
[INFO ][2016-01-07 16:19:02,738][com.java.SeleniumDriver] [  881] - DataField : TXTtxtPassword
[INFO ][2016-01-07 16:19:02,738][com.java.SeleniumDriver] [  883] - DataValue : 5
[INFO ][2016-01-07 16:19:02,738][com.java.SeleniumDriver] [  889] - <In Set values of the page>
[INFO ][2016-01-07 16:19:02,738][com.java.SeleniumDriver] [  892] - {Data Fields & Data Values Exist}
[INFO ][2016-01-07 16:19:02,738][com.java.SeleniumDriver] [  894] - --------------------------setting values-----------------------------
[INFO ][2016-01-07 16:19:02,738][com.java.SeleniumDriver] [  897] - Action Type : WaitForElement
[INFO ][2016-01-07 16:19:03,892][com.java.SeleniumDriver] [  906] -  RESULT true
[INFO ][2016-01-07 16:19:03,892][com.java.SeleniumDriver] [ 1112] - ?   P A S S   ?
[INFO ][2016-01-07 16:19:03,892][com.java.SeleniumDriver] [  832] - ------------------------------------------
[INFO ][2016-01-07 16:19:03,893][com.java.SeleniumDriver] [  833] - Test case being Executed: 3
[INFO ][2016-01-07 16:19:03,893][com.java.SeleniumDriver] [  845] - Test step:25
[INFO ][2016-01-07 16:19:03,893][com.java.SeleniumDriver] [  857] - Datavalue is----------dt:NewUserPswd
[INFO ][2016-01-07 16:19:03,893][com.java.SeleniumDriver] [  881] - DataField : TXTtxtPassword
[INFO ][2016-01-07 16:19:03,893][com.java.SeleniumDriver] [  883] - DataValue : dt:NewUserPswd
[INFO ][2016-01-07 16:19:03,893][com.java.SeleniumDriver] [  889] - <In Set values of the page>
[INFO ][2016-01-07 16:19:03,893][com.java.SeleniumDriver] [  892] - {Data Fields & Data Values Exist}
[INFO ][2016-01-07 16:19:03,893][com.java.SeleniumDriver] [  894] - --------------------------setting values-----------------------------
[INFO ][2016-01-07 16:19:03,893][com.java.SeleniumDriver] [  897] - Action Type : CLEARANDENTER
[INFO ][2016-01-07 16:19:03,894][com.java.TestType] [ 5895] - value = Password1*
[INFO ][2016-01-07 16:19:06,634][com.java.SeleniumDriver] [  906] -  RESULT true
[INFO ][2016-01-07 16:19:06,635][com.java.SeleniumDriver] [ 1112] - ?   P A S S   ?
[INFO ][2016-01-07 16:19:06,635][com.java.SeleniumDriver] [  832] - ------------------------------------------
[INFO ][2016-01-07 16:19:06,635][com.java.SeleniumDriver] [  833] - Test case being Executed: 3
[INFO ][2016-01-07 16:19:06,635][com.java.SeleniumDriver] [  845] - Test step:26
[INFO ][2016-01-07 16:19:06,635][com.java.SeleniumDriver] [  857] - Datavalue is----------5
[INFO ][2016-01-07 16:19:06,635][com.java.SeleniumDriver] [  881] - DataField : TXTtxtPasswordConfirm
[INFO ][2016-01-07 16:19:06,635][com.java.SeleniumDriver] [  883] - DataValue : 5
[INFO ][2016-01-07 16:19:06,635][com.java.SeleniumDriver] [  889] - <In Set values of the page>
[INFO ][2016-01-07 16:19:06,635][com.java.SeleniumDriver] [  892] - {Data Fields & Data Values Exist}
[INFO ][2016-01-07 16:19:06,635][com.java.SeleniumDriver] [  894] - --------------------------setting values-----------------------------
[INFO ][2016-01-07 16:19:06,635][com.java.SeleniumDriver] [  897] - Action Type : WaitForElement
[INFO ][2016-01-07 16:19:07,790][com.java.SeleniumDriver] [  906] -  RESULT true
[INFO ][2016-01-07 16:19:07,790][com.java.SeleniumDriver] [ 1112] - ?   P A S S   ?
[INFO ][2016-01-07 16:19:07,790][com.java.SeleniumDriver] [  832] - ------------------------------------------
[INFO ][2016-01-07 16:19:07,790][com.java.SeleniumDriver] [  833] - Test case being Executed: 3
[INFO ][2016-01-07 16:19:07,790][com.java.SeleniumDriver] [  845] - Test step:27
[INFO ][2016-01-07 16:19:07,790][com.java.SeleniumDriver] [  857] - Datavalue is----------dt:NewUserPswd
[INFO ][2016-01-07 16:19:07,791][com.java.SeleniumDriver] [  881] - DataField : TXTtxtPasswordConfirm
[INFO ][2016-01-07 16:19:07,791][com.java.SeleniumDriver] [  883] - DataValue : dt:NewUserPswd
[INFO ][2016-01-07 16:19:07,791][com.java.SeleniumDriver] [  889] - <In Set values of the page>
[INFO ][2016-01-07 16:19:07,791][com.java.SeleniumDriver] [  892] - {Data Fields & Data Values Exist}
[INFO ][2016-01-07 16:19:07,791][com.java.SeleniumDriver] [  894] - --------------------------setting values-----------------------------
[INFO ][2016-01-07 16:19:07,791][com.java.SeleniumDriver] [  897] - Action Type : CLEARANDENTER
[INFO ][2016-01-07 16:19:07,791][com.java.TestType] [ 5895] - value = Password1*
[INFO ][2016-01-07 16:19:10,527][com.java.SeleniumDriver] [  906] -  RESULT true
[INFO ][2016-01-07 16:19:10,527][com.java.SeleniumDriver] [ 1112] - ?   P A S S   ?
[INFO ][2016-01-07 16:19:10,527][com.java.SeleniumDriver] [  832] - ------------------------------------------
[INFO ][2016-01-07 16:19:10,527][com.java.SeleniumDriver] [  833] - Test case being Executed: 3
[INFO ][2016-01-07 16:19:10,527][com.java.SeleniumDriver] [  845] - Test step:28
[INFO ][2016-01-07 16:19:10,527][com.java.SeleniumDriver] [  857] - Datavalue is----------5
[INFO ][2016-01-07 16:19:10,527][com.java.SeleniumDriver] [  881] - DataField : test
[INFO ][2016-01-07 16:19:10,527][com.java.SeleniumDriver] [  883] - DataValue : 5
[INFO ][2016-01-07 16:19:10,527][com.java.SeleniumDriver] [  889] - <In Set values of the page>
[INFO ][2016-01-07 16:19:10,527][com.java.SeleniumDriver] [  892] - {Data Fields & Data Values Exist}
[INFO ][2016-01-07 16:19:10,527][com.java.SeleniumDriver] [  894] - --------------------------setting values-----------------------------
[INFO ][2016-01-07 16:19:10,527][com.java.SeleniumDriver] [  897] - Action Type : WaitTime
[DEBUG][2016-01-07 16:19:10,528][com.java.TestType] [ 5715] - sleepTime: 5000
[INFO ][2016-01-07 16:19:15,529][com.java.SeleniumDriver] [  906] -  RESULT true
[INFO ][2016-01-07 16:19:15,529][com.java.SeleniumDriver] [ 1112] - ?   P A S S   ?
[INFO ][2016-01-07 16:19:15,529][com.java.SeleniumDriver] [  832] - ------------------------------------------
[INFO ][2016-01-07 16:19:15,530][com.java.SeleniumDriver] [  833] - Test case being Executed: 3
[INFO ][2016-01-07 16:19:15,530][com.java.SeleniumDriver] [  845] - Test step:29
[INFO ][2016-01-07 16:19:15,530][com.java.SeleniumDriver] [  857] - Datavalue is----------null
[DEBUG][2016-01-07 16:19:15,530][com.java.SeleniumDriver] [  875] - Exception: null
[INFO ][2016-01-07 16:19:15,530][com.java.SeleniumDriver] [  881] - DataField : BTNparent
[INFO ][2016-01-07 16:19:15,530][com.java.SeleniumDriver] [  883] - DataValue : 
[INFO ][2016-01-07 16:19:15,530][com.java.SeleniumDriver] [  889] - <In Set values of the page>
[INFO ][2016-01-07 16:19:15,530][com.java.SeleniumDriver] [  892] - {Data Fields & Data Values Exist}
[INFO ][2016-01-07 16:19:15,530][com.java.SeleniumDriver] [  894] - --------------------------setting values-----------------------------
[INFO ][2016-01-07 16:19:15,530][com.java.SeleniumDriver] [  897] - Action Type : SelectFrame
[INFO ][2016-01-07 16:19:15,546][com.java.SeleniumDriver] [  906] -  RESULT true
[INFO ][2016-01-07 16:19:15,546][com.java.SeleniumDriver] [ 1112] - ?   P A S S   ?
[INFO ][2016-01-07 16:19:15,546][com.java.SeleniumDriver] [  832] - ------------------------------------------
[INFO ][2016-01-07 16:19:15,547][com.java.SeleniumDriver] [  833] - Test case being Executed: 3
[INFO ][2016-01-07 16:19:15,547][com.java.SeleniumDriver] [  845] - Test step:30
[INFO ][2016-01-07 16:19:15,547][com.java.SeleniumDriver] [  857] - Datavalue is----------null
[DEBUG][2016-01-07 16:19:15,547][com.java.SeleniumDriver] [  875] - Exception: null
[INFO ][2016-01-07 16:19:15,547][com.java.SeleniumDriver] [  881] - DataField : XPH//span[contains(text(), 'Finished')]
[INFO ][2016-01-07 16:19:15,547][com.java.SeleniumDriver] [  883] - DataValue : 
[INFO ][2016-01-07 16:19:15,547][com.java.SeleniumDriver] [  889] - <In Set values of the page>
[INFO ][2016-01-07 16:19:15,547][com.java.SeleniumDriver] [  892] - {Data Fields & Data Values Exist}
[INFO ][2016-01-07 16:19:15,547][com.java.SeleniumDriver] [  894] - --------------------------setting values-----------------------------
[INFO ][2016-01-07 16:19:15,547][com.java.SeleniumDriver] [  897] - Action Type : Click
[INFO ][2016-01-07 16:19:15,547][com.java.TestType] [ 6274] - Field ::XPH//span[contains(text(), 'Finished')]
[INFO ][2016-01-07 16:19:15,547][com.java.TestType] [ 5895] - value = 
[INFO ][2016-01-07 16:19:16,547][com.java.TestType] [ 6411] - BEFORE CLICK
[INFO ][2016-01-07 16:19:17,461][com.java.TestType] [ 6419] - Unable to click the object Finished button
[INFO ][2016-01-07 16:19:17,461][com.java.SeleniumDriver] [  906] -  RESULT true
[INFO ][2016-01-07 16:19:17,461][com.java.SeleniumDriver] [ 1112] - ?   P A S S   ?
[INFO ][2016-01-07 16:19:17,461][com.java.SeleniumDriver] [  832] - ------------------------------------------
[INFO ][2016-01-07 16:19:17,461][com.java.SeleniumDriver] [  833] - Test case being Executed: 3
[INFO ][2016-01-07 16:19:17,461][com.java.SeleniumDriver] [  845] - Test step:31
[INFO ][2016-01-07 16:19:17,461][com.java.SeleniumDriver] [  857] - Datavalue is----------5
[INFO ][2016-01-07 16:19:17,461][com.java.SeleniumDriver] [  881] - DataField : test
[INFO ][2016-01-07 16:19:17,461][com.java.SeleniumDriver] [  883] - DataValue : 5
[INFO ][2016-01-07 16:19:17,461][com.java.SeleniumDriver] [  889] - <In Set values of the page>
[INFO ][2016-01-07 16:19:17,461][com.java.SeleniumDriver] [  892] - {Data Fields & Data Values Exist}
[INFO ][2016-01-07 16:19:17,461][com.java.SeleniumDriver] [  894] - --------------------------setting values-----------------------------
[INFO ][2016-01-07 16:19:17,461][com.java.SeleniumDriver] [  897] - Action Type : WaitTime
[DEBUG][2016-01-07 16:19:17,462][com.java.TestType] [ 5715] - sleepTime: 5000
[INFO ][2016-01-07 16:19:22,462][com.java.SeleniumDriver] [  906] -  RESULT true
[INFO ][2016-01-07 16:19:22,462][com.java.SeleniumDriver] [ 1112] - ?   P A S S   ?
[INFO ][2016-01-07 16:19:22,462][com.java.SeleniumDriver] [  832] - ------------------------------------------
[INFO ][2016-01-07 16:19:22,462][com.java.SeleniumDriver] [  833] - Test case being Executed: 3
[INFO ][2016-01-07 16:19:22,462][com.java.SeleniumDriver] [  845] - Test step:32
[INFO ][2016-01-07 16:19:22,462][com.java.SeleniumDriver] [  857] - Datavalue is----------null
[DEBUG][2016-01-07 16:19:22,462][com.java.SeleniumDriver] [  875] - Exception: null
[INFO ][2016-01-07 16:19:22,462][com.java.SeleniumDriver] [  881] - DataField : XPH//span[contains(text(), 'Finished')]
[INFO ][2016-01-07 16:19:22,462][com.java.SeleniumDriver] [  883] - DataValue : 
[INFO ][2016-01-07 16:19:22,462][com.java.SeleniumDriver] [  889] - <In Set values of the page>
[INFO ][2016-01-07 16:19:22,462][com.java.SeleniumDriver] [  892] - {Data Fields & Data Values Exist}
[INFO ][2016-01-07 16:19:22,462][com.java.SeleniumDriver] [  894] - --------------------------setting values-----------------------------
[INFO ][2016-01-07 16:19:22,463][com.java.SeleniumDriver] [  897] - Action Type : Click
[INFO ][2016-01-07 16:19:22,463][com.java.TestType] [ 6274] - Field ::XPH//span[contains(text(), 'Finished')]
[INFO ][2016-01-07 16:19:22,463][com.java.TestType] [ 5895] - value = 
[INFO ][2016-01-07 16:19:23,463][com.java.TestType] [ 6411] - BEFORE CLICK
[INFO ][2016-01-07 16:19:26,708][com.java.TestType] [ 6419] - Unable to click the object Finished button
[INFO ][2016-01-07 16:19:26,708][com.java.SeleniumDriver] [  906] -  RESULT true
[INFO ][2016-01-07 16:19:26,708][com.java.SeleniumDriver] [ 1112] - ?   P A S S   ?
[INFO ][2016-01-07 16:19:26,708][com.java.SeleniumDriver] [  832] - ------------------------------------------
[INFO ][2016-01-07 16:19:26,708][com.java.SeleniumDriver] [  833] - Test case being Executed: 3
[INFO ][2016-01-07 16:19:26,708][com.java.SeleniumDriver] [  845] - Test step:33
[INFO ][2016-01-07 16:19:26,708][com.java.SeleniumDriver] [  857] - Datavalue is----------5
[INFO ][2016-01-07 16:19:26,708][com.java.SeleniumDriver] [  881] - DataField : BTNframeDialogContent
[INFO ][2016-01-07 16:19:26,708][com.java.SeleniumDriver] [  883] - DataValue : 5
[INFO ][2016-01-07 16:19:26,708][com.java.SeleniumDriver] [  889] - <In Set values of the page>
[INFO ][2016-01-07 16:19:26,708][com.java.SeleniumDriver] [  892] - {Data Fields & Data Values Exist}
[INFO ][2016-01-07 16:19:26,708][com.java.SeleniumDriver] [  894] - --------------------------setting values-----------------------------
[INFO ][2016-01-07 16:19:26,708][com.java.SeleniumDriver] [  897] - Action Type : WaitForElement
[INFO ][2016-01-07 16:19:27,932][com.java.SeleniumDriver] [  906] -  RESULT true
[INFO ][2016-01-07 16:19:27,932][com.java.SeleniumDriver] [ 1112] - ?   P A S S   ?
[INFO ][2016-01-07 16:19:27,932][com.java.SeleniumDriver] [  832] - ------------------------------------------
[INFO ][2016-01-07 16:19:27,933][com.java.SeleniumDriver] [  833] - Test case being Executed: 3
[INFO ][2016-01-07 16:19:27,933][com.java.SeleniumDriver] [  845] - Test step:34
[INFO ][2016-01-07 16:19:27,933][com.java.SeleniumDriver] [  857] - Datavalue is----------null
[DEBUG][2016-01-07 16:19:27,933][com.java.SeleniumDriver] [  875] - Exception: null
[INFO ][2016-01-07 16:19:27,933][com.java.SeleniumDriver] [  881] - DataField : BTNframeDialogContent
[INFO ][2016-01-07 16:19:27,933][com.java.SeleniumDriver] [  883] - DataValue : 
[INFO ][2016-01-07 16:19:27,933][com.java.SeleniumDriver] [  889] - <In Set values of the page>
[INFO ][2016-01-07 16:19:27,933][com.java.SeleniumDriver] [  892] - {Data Fields & Data Values Exist}
[INFO ][2016-01-07 16:19:27,933][com.java.SeleniumDriver] [  894] - --------------------------setting values-----------------------------
[INFO ][2016-01-07 16:19:27,933][com.java.SeleniumDriver] [  897] - Action Type : SelectFrame
[INFO ][2016-01-07 16:19:29,207][com.java.SeleniumDriver] [  906] -  RESULT true
[INFO ][2016-01-07 16:19:29,207][com.java.SeleniumDriver] [ 1112] - ?   P A S S   ?
[INFO ][2016-01-07 16:19:29,208][com.java.SeleniumDriver] [  832] - ------------------------------------------
[INFO ][2016-01-07 16:19:29,208][com.java.SeleniumDriver] [  833] - Test case being Executed: 3
[INFO ][2016-01-07 16:19:29,208][com.java.SeleniumDriver] [  845] - Test step:35
[INFO ][2016-01-07 16:19:29,208][com.java.SeleniumDriver] [  857] - Datavalue is----------null
[DEBUG][2016-01-07 16:19:29,208][com.java.SeleniumDriver] [  875] - Exception: null
[INFO ][2016-01-07 16:19:29,208][com.java.SeleniumDriver] [  881] - DataField : XPH//table[@id="tblUserListing"]//td[contains(text(),'vltest.robot')]
[INFO ][2016-01-07 16:19:29,208][com.java.SeleniumDriver] [  883] - DataValue : 
[INFO ][2016-01-07 16:19:29,208][com.java.SeleniumDriver] [  889] - <In Set values of the page>
[INFO ][2016-01-07 16:19:29,208][com.java.SeleniumDriver] [  892] - {Data Fields & Data Values Exist}
[INFO ][2016-01-07 16:19:29,208][com.java.SeleniumDriver] [  894] - --------------------------setting values-----------------------------
[INFO ][2016-01-07 16:19:29,208][com.java.SeleniumDriver] [  897] - Action Type : WaitForElement
[INFO ][2016-01-07 16:19:29,243][com.java.SeleniumDriver] [  906] -  RESULT true
[INFO ][2016-01-07 16:19:29,243][com.java.SeleniumDriver] [ 1112] - ?   P A S S   ?
[INFO ][2016-01-07 16:19:29,243][com.java.SeleniumDriver] [  832] - ------------------------------------------
[INFO ][2016-01-07 16:19:29,243][com.java.SeleniumDriver] [  833] - Test case being Executed: 3
[INFO ][2016-01-07 16:19:29,243][com.java.SeleniumDriver] [  845] - Test step:36
[INFO ][2016-01-07 16:19:29,243][com.java.SeleniumDriver] [  857] - Datavalue is----------HMVGivenNewUserName
[INFO ][2016-01-07 16:19:29,243][com.java.SeleniumDriver] [  881] - DataField : USR
[INFO ][2016-01-07 16:19:29,243][com.java.SeleniumDriver] [  883] - DataValue : HMVGivenNewUserName
[INFO ][2016-01-07 16:19:29,244][com.java.SeleniumDriver] [  889] - <In Set values of the page>
[INFO ][2016-01-07 16:19:29,244][com.java.SeleniumDriver] [  892] - {Data Fields & Data Values Exist}
[INFO ][2016-01-07 16:19:29,244][com.java.SeleniumDriver] [  894] - --------------------------setting values-----------------------------
[INFO ][2016-01-07 16:19:29,244][com.java.SeleniumDriver] [  897] - Action Type : Verify
[INFO ][2016-01-07 16:19:29,244][com.java.TestType] [ 7269] - field= USR value= HMVGivenNewUserName
[INFO ][2016-01-07 16:19:29,244][com.java.TestType] [ 5895] - value = vltest.robot26948
[INFO ][2016-01-07 16:19:29,295][com.java.SeleniumDriver] [  906] -  RESULT true
[INFO ][2016-01-07 16:19:29,295][com.java.SeleniumDriver] [ 1112] - ?   P A S S   ?
[INFO ][2016-01-07 16:19:29,295][com.java.SeleniumDriver] [  832] - ------------------------------------------
[INFO ][2016-01-07 16:19:29,295][com.java.SeleniumDriver] [  833] - Test case being Executed: 3
[INFO ][2016-01-07 16:19:29,295][com.java.SeleniumDriver] [  845] - Test step:37
[INFO ][2016-01-07 16:19:29,295][com.java.SeleniumDriver] [  857] - Datavalue is----------GivenNewUserName::Login_username
[INFO ][2016-01-07 16:19:29,295][com.java.SeleniumDriver] [  881] - DataField : PVP//table[@id="tblUserListing"]//td[contains(text(),'mytext')]
[INFO ][2016-01-07 16:19:29,295][com.java.SeleniumDriver] [  883] - DataValue : GivenNewUserName::Login_username
[INFO ][2016-01-07 16:19:29,296][com.java.SeleniumDriver] [  889] - <In Set values of the page>
[INFO ][2016-01-07 16:19:29,296][com.java.SeleniumDriver] [  892] - {Data Fields & Data Values Exist}
[INFO ][2016-01-07 16:19:29,296][com.java.SeleniumDriver] [  894] - --------------------------setting values-----------------------------
[INFO ][2016-01-07 16:19:29,296][com.java.SeleniumDriver] [  897] - Action Type : STOREVALUE
[INFO ][2016-01-07 16:19:29,296][com.java.TestType] [ 8612] - field= PVP//table[@id="tblUserListing"]//td[contains(text(),'mytext')]
[DEBUG][2016-01-07 16:19:29,395][com.java.TestType] [ 8903] - Key:: GivenNewUserName::Login_username  Value:: vltest.robot26948.15019
[INFO ][2016-01-07 16:19:29,395][com.java.SeleniumDriver] [  906] -  RESULT true
[INFO ][2016-01-07 16:19:29,395][com.java.SeleniumDriver] [ 1112] - ?   P A S S   ?
[INFO ][2016-01-07 16:19:29,395][com.java.SeleniumDriver] [  832] - ------------------------------------------
[INFO ][2016-01-07 16:19:29,395][com.java.SeleniumDriver] [  833] - Test case being Executed: 3
[INFO ][2016-01-07 16:19:29,395][com.java.SeleniumDriver] [  845] - Test step:38
[INFO ][2016-01-07 16:19:29,395][com.java.SeleniumDriver] [  857] - Datavalue is----------5
[INFO ][2016-01-07 16:19:29,395][com.java.SeleniumDriver] [  881] - DataField : null
[INFO ][2016-01-07 16:19:29,395][com.java.SeleniumDriver] [  883] - DataValue : 5
[INFO ][2016-01-07 16:19:29,396][com.java.SeleniumDriver] [  889] - <In Set values of the page>
[INFO ][2016-01-07 16:19:29,396][com.java.SeleniumDriver] [  892] - {Data Fields & Data Values Exist}
[INFO ][2016-01-07 16:19:29,396][com.java.SeleniumDriver] [  894] - --------------------------setting values-----------------------------
[INFO ][2016-01-07 16:19:29,396][com.java.SeleniumDriver] [  897] - Action Type : WAITTIME
[DEBUG][2016-01-07 16:19:29,396][com.java.TestType] [ 5715] - sleepTime: 5000
[INFO ][2016-01-07 16:19:34,397][com.java.SeleniumDriver] [  906] -  RESULT true
[INFO ][2016-01-07 16:19:34,397][com.java.SeleniumDriver] [ 1112] - ?   P A S S   ?
[INFO ][2016-01-07 16:19:34,397][com.java.SeleniumDriver] [  832] - ------------------------------------------
[INFO ][2016-01-07 16:19:34,397][com.java.SeleniumDriver] [  833] - Test case being Executed: 3
[INFO ][2016-01-07 16:19:34,397][com.java.SeleniumDriver] [  845] - Test step:39
[INFO ][2016-01-07 16:19:34,397][com.java.SeleniumDriver] [  857] - Datavalue is----------null
[DEBUG][2016-01-07 16:19:34,397][com.java.SeleniumDriver] [  875] - Exception: null
[INFO ][2016-01-07 16:19:34,397][com.java.SeleniumDriver] [  881] - DataField : BTNbtnAddUser
[INFO ][2016-01-07 16:19:34,397][com.java.SeleniumDriver] [  883] - DataValue : 
[INFO ][2016-01-07 16:19:34,397][com.java.SeleniumDriver] [  889] - <In Set values of the page>
[INFO ][2016-01-07 16:19:34,397][com.java.SeleniumDriver] [  892] - {Data Fields & Data Values Exist}
[INFO ][2016-01-07 16:19:34,397][com.java.SeleniumDriver] [  894] - --------------------------setting values-----------------------------
[INFO ][2016-01-07 16:19:34,398][com.java.SeleniumDriver] [  897] - Action Type : WaitForElement
[INFO ][2016-01-07 16:19:36,044][com.java.SeleniumDriver] [  906] -  RESULT true
[INFO ][2016-01-07 16:19:36,044][com.java.SeleniumDriver] [ 1112] - ?   P A S S   ?
[INFO ][2016-01-07 16:19:36,044][com.java.SeleniumDriver] [  832] - ------------------------------------------
[INFO ][2016-01-07 16:19:36,044][com.java.SeleniumDriver] [  833] - Test case being Executed: 3
[INFO ][2016-01-07 16:19:36,044][com.java.SeleniumDriver] [  845] - Test step:40
[INFO ][2016-01-07 16:19:36,044][com.java.SeleniumDriver] [  857] - Datavalue is----------Login_username
[INFO ][2016-01-07 16:19:36,044][com.java.SeleniumDriver] [  881] - DataField : MNC//div[@id="divUserListing"]//td//a[@id='modifyUser.mytext']
[INFO ][2016-01-07 16:19:36,045][com.java.SeleniumDriver] [  883] - DataValue : Login_username
[INFO ][2016-01-07 16:19:36,045][com.java.SeleniumDriver] [  889] - <In Set values of the page>
[INFO ][2016-01-07 16:19:36,045][com.java.SeleniumDriver] [  892] - {Data Fields & Data Values Exist}
[INFO ][2016-01-07 16:19:36,045][com.java.SeleniumDriver] [  894] - --------------------------setting values-----------------------------
[INFO ][2016-01-07 16:19:36,045][com.java.SeleniumDriver] [  897] - Action Type : CLICK
[INFO ][2016-01-07 16:19:36,045][com.java.TestType] [ 6274] - Field ::MNC//div[@id="divUserListing"]//td//a[@id='modifyUser.mytext']
[INFO ][2016-01-07 16:19:36,045][com.java.TestType] [ 5895] - value = Login_username
[INFO ][2016-01-07 16:19:37,365][com.java.SeleniumDriver] [  906] -  RESULT true
[INFO ][2016-01-07 16:19:37,365][com.java.SeleniumDriver] [ 1112] - ?   P A S S   ?
[INFO ][2016-01-07 16:19:37,365][com.java.SeleniumDriver] [  832] - ------------------------------------------
[INFO ][2016-01-07 16:19:37,365][com.java.SeleniumDriver] [  833] - Test case being Executed: 3
[INFO ][2016-01-07 16:19:37,365][com.java.SeleniumDriver] [  845] - Test step:41
[INFO ][2016-01-07 16:19:37,365][com.java.SeleniumDriver] [  857] - Datavalue is----------5
[INFO ][2016-01-07 16:19:37,365][com.java.SeleniumDriver] [  881] - DataField : null
[INFO ][2016-01-07 16:19:37,365][com.java.SeleniumDriver] [  883] - DataValue : 5
[INFO ][2016-01-07 16:19:37,365][com.java.SeleniumDriver] [  889] - <In Set values of the page>
[INFO ][2016-01-07 16:19:37,365][com.java.SeleniumDriver] [  892] - {Data Fields & Data Values Exist}
[INFO ][2016-01-07 16:19:37,366][com.java.SeleniumDriver] [  894] - --------------------------setting values-----------------------------
[INFO ][2016-01-07 16:19:37,366][com.java.SeleniumDriver] [  897] - Action Type : WAITTIME
[DEBUG][2016-01-07 16:19:37,366][com.java.TestType] [ 5715] - sleepTime: 5000
[INFO ][2016-01-07 16:19:42,366][com.java.SeleniumDriver] [  906] -  RESULT true
[INFO ][2016-01-07 16:19:42,366][com.java.SeleniumDriver] [ 1112] - ?   P A S S   ?
[INFO ][2016-01-07 16:19:42,366][com.java.SeleniumDriver] [  832] - ------------------------------------------
[INFO ][2016-01-07 16:19:42,366][com.java.SeleniumDriver] [  833] - Test case being Executed: 3
[INFO ][2016-01-07 16:19:42,366][com.java.SeleniumDriver] [  845] - Test step:42
[INFO ][2016-01-07 16:19:42,366][com.java.SeleniumDriver] [  857] - Datavalue is----------null
[DEBUG][2016-01-07 16:19:42,366][com.java.SeleniumDriver] [  875] - Exception: null
[INFO ][2016-01-07 16:19:42,366][com.java.SeleniumDriver] [  881] - DataField : BTNbtnAccess
[INFO ][2016-01-07 16:19:42,366][com.java.SeleniumDriver] [  883] - DataValue : 
[INFO ][2016-01-07 16:19:42,366][com.java.SeleniumDriver] [  889] - <In Set values of the page>
[INFO ][2016-01-07 16:19:42,366][com.java.SeleniumDriver] [  892] - {Data Fields & Data Values Exist}
[INFO ][2016-01-07 16:19:42,366][com.java.SeleniumDriver] [  894] - --------------------------setting values-----------------------------
[INFO ][2016-01-07 16:19:42,366][com.java.SeleniumDriver] [  897] - Action Type : CLICK
[INFO ][2016-01-07 16:19:42,367][com.java.TestType] [ 6274] - Field ::BTNbtnAccess
[INFO ][2016-01-07 16:19:42,367][com.java.TestType] [ 5895] - value = 
[INFO ][2016-01-07 16:19:43,367][com.java.TestType] [ 6390] - BEFORE CLICK
[INFO ][2016-01-07 16:19:48,504][com.java.TestType] [ 6397] - Unable to click the object Set Access button
[INFO ][2016-01-07 16:19:48,504][com.java.SeleniumDriver] [  906] -  RESULT true
[INFO ][2016-01-07 16:19:48,504][com.java.SeleniumDriver] [ 1112] - ?   P A S S   ?
[INFO ][2016-01-07 16:19:48,504][com.java.SeleniumDriver] [  832] - ------------------------------------------
[INFO ][2016-01-07 16:19:48,504][com.java.SeleniumDriver] [  833] - Test case being Executed: 3
[INFO ][2016-01-07 16:19:48,504][com.java.SeleniumDriver] [  845] - Test step:43
[INFO ][2016-01-07 16:19:48,504][com.java.SeleniumDriver] [  857] - Datavalue is----------null
[DEBUG][2016-01-07 16:19:48,504][com.java.SeleniumDriver] [  875] - Exception: null
[INFO ][2016-01-07 16:19:48,504][com.java.SeleniumDriver] [  881] - DataField : BTN//select[@id='ddlEntityAccess']//option[2]
[INFO ][2016-01-07 16:19:48,505][com.java.SeleniumDriver] [  883] - DataValue : 
[INFO ][2016-01-07 16:19:48,505][com.java.SeleniumDriver] [  889] - <In Set values of the page>
[INFO ][2016-01-07 16:19:48,505][com.java.SeleniumDriver] [  892] - {Data Fields & Data Values Exist}
[INFO ][2016-01-07 16:19:48,505][com.java.SeleniumDriver] [  894] - --------------------------setting values-----------------------------
[INFO ][2016-01-07 16:19:48,505][com.java.SeleniumDriver] [  897] - Action Type : CLICK
[INFO ][2016-01-07 16:19:48,505][com.java.TestType] [ 6274] - Field ::BTN//select[@id='ddlEntityAccess']//option[2]
[INFO ][2016-01-07 16:19:48,505][com.java.TestType] [ 5895] - value = 
[INFO ][2016-01-07 16:19:49,505][com.java.TestType] [ 6390] - BEFORE CLICK
[ERROR][2016-01-07 16:20:10,010][com.java.TestType] [ 6608] - Exception in click:: null
[INFO ][2016-01-07 16:20:10,011][com.java.TestType] [ 6612] - Element :://select[@id='ddlEntityAccess']//option[2]:: not found
[INFO ][2016-01-07 16:20:10,011][com.java.SeleniumDriver] [  906] -  RESULT false
[INFO ][2016-01-07 16:20:10,011][com.java.SeleniumDriver] [  953] - ?   F A I L   ?
[INFO ][2016-01-07 16:20:10,012][com.java.SeleniumDriver] [  961] - Browser Type : IE10
[INFO ][2016-01-07 16:20:10,012][com.java.SeleniumDriver] [  962] - Adding Failed case3
[INFO ][2016-01-07 16:20:10,937][com.java.SeleniumDriver] [ 1076] - failedCases = 3
[ERROR][2016-01-07 16:20:10,938][com.java.SeleniumDriver] [ 1575] - Platform Errors : Our apologies...::We have encountered an issue with your request.::Our apologies?:We encountered an issue with your request.
[INFO ][2016-01-07 16:20:10,938][com.java.SeleniumDriver] [ 1579] - Length =3
[ERROR][2016-01-07 16:20:10,938][com.java.SeleniumDriver] [ 1582] - Error 0 = Our apologies...
[ERROR][2016-01-07 16:20:11,121][com.java.SeleniumDriver] [ 1582] - Error 1 = We have encountered an issue with your request.
[ERROR][2016-01-07 16:20:11,181][com.java.SeleniumDriver] [ 1582] - Error 2 = Our apologies?:We encountered an issue with your request.
[INFO ][2016-01-07 16:20:11,243][com.java.SeleniumDriver] [ 1593] - strError:
[DEBUG][2016-01-07 16:20:11,259][com.java.SeleniumDriver] [ 1224] - Case found
[DEBUG][2016-01-07 16:20:11,259][com.java.SeleniumDriver] [ 1229] - Incrementing ReportCounters[0]:3
[INFO ][2016-01-07 16:20:11,259][com.java.SeleniumDriver] [ 1248] - The results are-------------------[3, 43, Admin: Users: Manage Users: Set Access for Users, Fail, 
Test case failed at Step No. :: 43   Error Message ::  Element :://select[@id='ddlEntityAccess']//option[2]:: not found. Screen Shot : D:\BankersDashboard\TestReports\010716\3_010716_162010_IE10.png, Thu Jan 07 16:20:11 IST 2016]
[INFO ][2016-01-07 16:20:11,259][com.java.SeleniumDriver] [ 1252] - End time is-------9 min 20 sec
[INFO ][2016-01-07 16:20:11,259][com.java.SeleniumDriver] [ 1253] - The results are-------------------[3, 43, Admin: Users: Manage Users: Set Access for Users, Fail, 
Test case failed at Step No. :: 43   Error Message ::  Element :://select[@id='ddlEntityAccess']//option[2]:: not found. Screen Shot : D:\BankersDashboard\TestReports\010716\3_010716_162010_IE10.png, Thu Jan 07 16:20:11 IST 2016]
[DEBUG][2016-01-07 16:20:11,259][com.java.ImportnExport.ExportTestResultsExcel] [  222] - testResultPath = D:\BankersDashboard/TestReports/Test Results_BankersDashBoard_010716_161053_IE10_First Bank.xls
[DEBUG][2016-01-07 16:20:11,259][com.java.ImportnExport.ExportTestResultsExcel] [  223] - browser is------------IE10
[DEBUG][2016-01-07 16:20:11,263][com.java.ImportnExport.ExportTestResultsExcel] [  270] - result.size() = 6
[DEBUG][2016-01-07 16:20:11,263][com.java.ImportnExport.ExportTestResultsExcel] [  274] - No of rows in sheet=3
[DEBUG][2016-01-07 16:20:11,263][com.java.ImportnExport.ExportTestResultsExcel] [  301] - ..in export..3
[DEBUG][2016-01-07 16:20:11,264][com.java.ImportnExport.ExportTestResultsExcel] [  301] - ..in export..Admin: Users: Manage Users: Set Access for Users
[DEBUG][2016-01-07 16:20:11,264][com.java.ImportnExport.ExportTestResultsExcel] [  301] - ..in export..Fail
[DEBUG][2016-01-07 16:20:11,264][com.java.ImportnExport.ExportTestResultsExcel] [  301] - ..in export..
Test case failed at Step No. :: 43   Error Message ::  Element :://select[@id='ddlEntityAccess']//option[2]:: not found. Screen Shot : D:\BankersDashboard\TestReports\010716\3_010716_162010_IE10.png
[DEBUG][2016-01-07 16:20:11,264][com.java.ImportnExport.ExportTestResultsExcel] [  301] - ..in export..Thu Jan 07 16:20:11 IST 2016
[INFO ][2016-01-07 16:20:11,265][com.java.SeleniumDriver] [ 1313] - out loop:2 size:3 TestCases:[1, 2, 3] testcases:[1, 2, 3]
[INFO ][2016-01-07 16:20:13,265][com.java.SeleniumDriver] [ 1356] - Total Number of Cases:3
[INFO ][2016-01-07 16:20:13,265][com.java.TemplateGenerator] [  302] - Executed:3
[INFO ][2016-01-07 16:20:13,265][com.java.TemplateGenerator] [  303] - Passed:2
[INFO ][2016-01-07 16:20:13,265][com.java.TemplateGenerator] [  304] - Failed:1
[INFO ][2016-01-07 16:20:13,267][com.java.TemplateGenerator] [  305] - Skipeed:0
[INFO ][2016-01-07 16:20:13,267][com.java.TemplateGenerator] [  306] - Application URL:https://clients-xuat.bankersdashboard.com
[INFO ][2016-01-07 16:20:13,267][com.java.TemplateGenerator] [  307] - Start Time:010716_161053
[INFO ][2016-01-07 16:20:13,267][com.java.TemplateGenerator] [  308] -  Creating HTML Report 
[ERROR][2016-01-07 16:20:13,267][com.java.TemplateGenerator] [  409] - Unparseable date: "Thu Jan 07 04:10:53 IST 2016"
[INFO ][2016-01-07 16:20:13,268][com.java.TemplateGenerator] [  654] -  Exporting case :: 1
[INFO ][2016-01-07 16:20:13,268][com.java.TemplateGenerator] [  654] -  Exporting case :: 2
[INFO ][2016-01-07 16:20:13,268][com.java.TemplateGenerator] [  654] -  Exporting case :: 3
[INFO ][2016-01-07 16:20:13,274][com.java.SeleniumDriver] [ 1405] - End Time:010716_162013
[INFO ][2016-01-07 16:20:13,274][com.java.SeleniumDriver] [ 1408] - Data in Test Execution Details:{1=PASS, 2=PASS, 3=FAILTest case failed at Step No. :: 43   Error Message ::  Element :://select[@id='ddlEntityAccess']//option[2]:: not found}
[INFO ][2016-01-07 16:20:13,274][com.java.SeleniumDriver] [ 1409] - Data in Failed Execution Deatils:{}
[INFO ][2016-01-07 16:20:13,275][com.java.SeleniumDriver] [ 1411] - ReportCounter:Total:3 :: PASS: 2 ::FAIL: 1
[INFO ][2016-01-07 16:20:13,275][com.java.SeleniumDriver] [ 1412] - FailedReportCounter:Total:0 :: PASS: 0 ::FAIL: 0
[INFO ][2016-01-07 16:20:13,282][com.java.EmailTestReport] [   63] - Sending report mail details:
[INFO ][2016-01-07 16:20:13,283][com.java.EmailTestReport] [   80] - Excel Report Path:D:\BankersDashboard/TestReports/Test Results_BankersDashBoard_010716_161053_IE10_First Bank.xls
[INFO ][2016-01-07 16:20:13,283][com.java.EmailTestReport] [   81] - HTML Report Path:D:\BankersDashboard//TestReports//Test Results_BankersDashBoard_010716_161053_IE10_First Bank.html
[INFO ][2016-01-07 16:20:13,283][com.java.EmailTestReport] [   82] - smtpHostName:mail01.valuelabs.com
[INFO ][2016-01-07 16:20:13,283][com.java.EmailTestReport] [   83] - Recipient:venkateswararao.gubbala@valuelabs.com;
[INFO ][2016-01-07 16:20:13,283][com.java.EmailTestReport] [   84] - From:venkateswararao.gubbala@valuelabs.com;
[INFO ][2016-01-07 16:20:13,283][com.java.EmailTestReport] [   85] - Subject:Deluxe Corp Bankers Dashboard Automation Test Report - First Bank - IE10
[INFO ][2016-01-07 16:20:13,299][com.java.EmailTestReport] [  143] -  Added venkateswararao.gubbala@valuelabs.com
[INFO ][2016-01-07 16:20:16,417][com.java.SeleniumDriver] [  722] - quitting the browser 
[INFO ][2016-01-07 16:20:17,588][com.java.SeleniumDriver] [  264] - Execution Completed Stopping the thread
