[INFO ][2016-02-08 15:33:45,467][com.java.SeleniumDriver] [  213] - Execute Failed Casesfalse
[INFO ][2016-02-08 15:33:45,467][com.java.SeleniumDriver] [  214] - Browser: IE10
[INFO ][2016-02-08 15:33:45,477][com.java.SeleniumDriver] [  215] - [1, 9, 12, 16, 21, 22]
[INFO ][2016-02-08 15:33:45,477][com.java.SeleniumDriver] [  216] - Total TestCases:6
[INFO ][2016-02-08 15:33:45,477][com.java.SeleniumDriver] [  217] -  Reading Properties from Property File 
[DEBUG][2016-02-08 15:33:45,477][com.java.SeleniumDriver] [  238] - url : https://clients-xuat.bankersdashboard.com
[INFO ][2016-02-08 15:33:45,477][com.java.ImportnExport.ExportTestResultsExcel] [  116] - Time Stamp Mon Feb 08 03:33:45 IST 2016
[INFO ][2016-02-08 15:33:45,477][com.java.ImportnExport.ExportTestResultsExcel] [  175] - OUT FILE : D:\BankersDashboard/TestReports/Test Results_BankersDashBoard_020816_153345_IE10_United Bank.xls
[INFO ][2016-02-08 15:33:45,508][com.java.ImportnExport.ExportTestResultsExcel] [  180] - Test Result file is created
[DEBUG][2016-02-08 15:33:45,608][com.java.SeleniumDriver] [  426] - Hub ip address is-------172.17.68.34
[INFO ][2016-02-08 15:33:45,608][com.java.SeleniumDriver] [  452] - Grid URL:http://172.17.68.34:4444/wd/hub
[INFO ][2016-02-08 15:33:45,608][com.java.SeleniumDriver] [  453] - Capability:Capabilities [{platform=ANY, ensureCleanSession=true, ignoreProtectedModeSettings=true, acceptSslCerts=true, ignoreZoomSetting=true, browserName=internet explorer, browserstack.ie.noFlash=true, version=null}]
[ERROR][2016-02-08 15:33:46,918][com.java.SeleniumDriver] [  498] - Unable invoke browser in grid:Could not start a new session. Possible causes are invalid address of the remote server or browser start-up failure.
Build info: version: '2.48.2', revision: '41bccdd', time: '2015-10-09 19:59:12'
System info: host: 'FVTIII438F1D', ip: '172.17.68.34', os.name: 'Windows 7', os.arch: 'x86', os.version: '6.1', java.version: '1.7.0_55'
Driver info: driver.version: SeleniumDriver
[INFO ][2016-02-08 15:33:46,918][com.java.SeleniumDriver] [  500] - Executing on local machine
[INFO ][2016-02-08 15:34:00,785][com.java.SeleniumDriver] [  248] - IE10is opened
[INFO ][2016-02-08 15:34:01,635][com.java.SeleniumDriver] [  756] - Test cases to be executed are: [1, 9, 12, 16, 21, 22]
[INFO ][2016-02-08 15:34:01,656][com.java.ImportnExport.ImportTestDataDetailsExcel] [   49] - test data details path===== D:\BankersDashboard\TestInputs\TestData.xls
[INFO ][2016-02-08 15:34:01,756][com.java.SeleniumDriver] [  856] - ------------------------------------------
[INFO ][2016-02-08 15:34:01,756][com.java.SeleniumDriver] [  857] - Test case being Executed: 1
[INFO ][2016-02-08 15:34:01,756][com.java.SeleniumDriver] [  869] - Test step:1
[INFO ][2016-02-08 15:34:01,756][com.java.SeleniumDriver] [  881] - Datavalue is----------Concept#1:1-16
[INFO ][2016-02-08 15:34:01,756][com.java.SeleniumDriver] [  905] - DataField : test
[INFO ][2016-02-08 15:34:01,756][com.java.SeleniumDriver] [  907] - DataValue : Concept#1:1-16
[INFO ][2016-02-08 15:34:01,756][com.java.SeleniumDriver] [  913] - <In Set values of the page>
[INFO ][2016-02-08 15:34:01,756][com.java.SeleniumDriver] [  916] - {Data Fields & Data Values Exist}
[INFO ][2016-02-08 15:34:01,756][com.java.SeleniumDriver] [  918] - --------------------------setting values-----------------------------
[INFO ][2016-02-08 15:34:01,756][com.java.SeleniumDriver] [  921] - Action Type : ExecuteTestCase
[INFO ][2016-02-08 15:34:01,776][com.java.TestType] [  448] - The Concept sheet name is ---------- Concept
[INFO ][2016-02-08 15:34:01,776][com.java.TestType] [  451] - The Concept ID  is ---------- 1
[DEBUG][2016-02-08 15:34:01,776][com.java.TestType] [  455] - Steps being executted in the Concept are: 1:16
[INFO ][2016-02-08 15:34:01,776][com.java.TestType] [  462] - Test data details path ---------- D:\BankersDashboard\TestInputs\TestData.xls
[INFO ][2016-02-08 15:34:01,816][com.java.TestType] [  493] -  str(1) = 1
[INFO ][2016-02-08 15:34:01,816][com.java.TestType] [  496] - Test case Id is---1
[INFO ][2016-02-08 15:34:01,816][com.java.TestType] [  498] - 1
[INFO ][2016-02-08 15:34:01,816][com.java.TestType] [  493] -  str(2) = 1
[INFO ][2016-02-08 15:34:01,816][com.java.TestType] [  493] -  str(1) = 1
[INFO ][2016-02-08 15:34:01,816][com.java.TestType] [  496] - Test case Id is---1
[INFO ][2016-02-08 15:34:01,816][com.java.TestType] [  498] - 1
[INFO ][2016-02-08 15:34:01,816][com.java.TestType] [  493] -  str(2) = 2
[INFO ][2016-02-08 15:34:01,816][com.java.TestType] [  493] -  str(1) = 1
[INFO ][2016-02-08 15:34:01,816][com.java.TestType] [  496] - Test case Id is---1
[INFO ][2016-02-08 15:34:01,816][com.java.TestType] [  498] - 1
[INFO ][2016-02-08 15:34:01,816][com.java.TestType] [  493] -  str(2) = 3
[INFO ][2016-02-08 15:34:01,826][com.java.TestType] [  493] -  str(1) = 1
[INFO ][2016-02-08 15:34:01,826][com.java.TestType] [  496] - Test case Id is---1
[INFO ][2016-02-08 15:34:01,826][com.java.TestType] [  498] - 1
[INFO ][2016-02-08 15:34:01,826][com.java.TestType] [  493] -  str(2) = 4
[INFO ][2016-02-08 15:34:01,826][com.java.TestType] [  493] -  str(1) = 1
[INFO ][2016-02-08 15:34:01,826][com.java.TestType] [  496] - Test case Id is---1
[INFO ][2016-02-08 15:34:01,826][com.java.TestType] [  498] - 1
[INFO ][2016-02-08 15:34:01,826][com.java.TestType] [  493] -  str(2) = 5
[INFO ][2016-02-08 15:34:01,826][com.java.TestType] [  493] -  str(1) = 1
[INFO ][2016-02-08 15:34:01,826][com.java.TestType] [  496] - Test case Id is---1
[INFO ][2016-02-08 15:34:01,826][com.java.TestType] [  498] - 1
[INFO ][2016-02-08 15:34:01,826][com.java.TestType] [  493] -  str(2) = 6
[INFO ][2016-02-08 15:34:01,826][com.java.TestType] [  493] -  str(1) = 1
[INFO ][2016-02-08 15:34:01,826][com.java.TestType] [  496] - Test case Id is---1
[INFO ][2016-02-08 15:34:01,826][com.java.TestType] [  498] - 1
[INFO ][2016-02-08 15:34:01,826][com.java.TestType] [  493] -  str(2) = 7
[INFO ][2016-02-08 15:34:01,826][com.java.TestType] [  493] -  str(1) = 1
[INFO ][2016-02-08 15:34:01,826][com.java.TestType] [  496] - Test case Id is---1
[INFO ][2016-02-08 15:34:01,826][com.java.TestType] [  498] - 1
[INFO ][2016-02-08 15:34:01,826][com.java.TestType] [  493] -  str(2) = 8
[INFO ][2016-02-08 15:34:01,826][com.java.TestType] [  493] -  str(1) = 1
[INFO ][2016-02-08 15:34:01,826][com.java.TestType] [  496] - Test case Id is---1
[INFO ][2016-02-08 15:34:01,826][com.java.TestType] [  498] - 1
[INFO ][2016-02-08 15:34:01,826][com.java.TestType] [  493] -  str(2) = 9
[INFO ][2016-02-08 15:34:01,826][com.java.TestType] [  493] -  str(1) = 1
[INFO ][2016-02-08 15:34:01,826][com.java.TestType] [  496] - Test case Id is---1
[INFO ][2016-02-08 15:34:01,826][com.java.TestType] [  498] - 1
[INFO ][2016-02-08 15:34:01,826][com.java.TestType] [  493] -  str(2) = 10
[INFO ][2016-02-08 15:34:01,836][com.java.TestType] [  493] -  str(1) = 1
[INFO ][2016-02-08 15:34:01,836][com.java.TestType] [  496] - Test case Id is---1
[INFO ][2016-02-08 15:34:01,836][com.java.TestType] [  498] - 1
[INFO ][2016-02-08 15:34:01,836][com.java.TestType] [  493] -  str(2) = 11
[INFO ][2016-02-08 15:34:01,836][com.java.TestType] [  493] -  str(1) = 1
[INFO ][2016-02-08 15:34:01,836][com.java.TestType] [  496] - Test case Id is---1
[INFO ][2016-02-08 15:34:01,836][com.java.TestType] [  498] - 1
[INFO ][2016-02-08 15:34:01,836][com.java.TestType] [  493] -  str(2) = 12
[INFO ][2016-02-08 15:34:01,836][com.java.TestType] [  493] -  str(1) = 1
[INFO ][2016-02-08 15:34:01,836][com.java.TestType] [  496] - Test case Id is---1
[INFO ][2016-02-08 15:34:01,836][com.java.TestType] [  498] - 1
[INFO ][2016-02-08 15:34:01,836][com.java.TestType] [  493] -  str(2) = 13
[INFO ][2016-02-08 15:34:01,836][com.java.TestType] [  493] -  str(1) = 1
[INFO ][2016-02-08 15:34:01,836][com.java.TestType] [  496] - Test case Id is---1
[INFO ][2016-02-08 15:34:01,836][com.java.TestType] [  498] - 1
[INFO ][2016-02-08 15:34:01,836][com.java.TestType] [  493] -  str(2) = 14
[INFO ][2016-02-08 15:34:01,836][com.java.TestType] [  493] -  str(1) = 1
[INFO ][2016-02-08 15:34:01,836][com.java.TestType] [  496] - Test case Id is---1
[INFO ][2016-02-08 15:34:01,836][com.java.TestType] [  498] - 1
[INFO ][2016-02-08 15:34:01,836][com.java.TestType] [  493] -  str(2) = 15
[INFO ][2016-02-08 15:34:01,836][com.java.TestType] [  493] -  str(1) = 1
[INFO ][2016-02-08 15:34:01,836][com.java.TestType] [  496] - Test case Id is---1
[INFO ][2016-02-08 15:34:01,836][com.java.TestType] [  498] - 1
[INFO ][2016-02-08 15:34:01,836][com.java.TestType] [  493] -  str(2) = 16
[INFO ][2016-02-08 15:34:01,836][com.java.TestType] [12120] - Looping 1TCID = 1
[DEBUG][2016-02-08 15:34:01,836][com.java.TestType] [12161] - Concept ID:1 :: Step being Executed: 1::1
[INFO ][2016-02-08 15:34:01,836][com.java.TestType] [12199] - dataFields : TXTusername
[DEBUG][2016-02-08 15:34:01,836][com.java.TestType] [12205] - <In Set values of the page>
[DEBUG][2016-02-08 15:34:01,836][com.java.TestType] [12210] - {Data Fields & Data Values Exist}
[INFO ][2016-02-08 15:34:01,836][com.java.TestType] [12216] - --------------------------setting values-----------------------------
[INFO ][2016-02-08 15:34:01,836][com.java.TestType] [12219] - Action Type : CLEARANDENTER
[INFO ][2016-02-08 15:34:04,117][com.java.TestType] [ 6748] - value = valuelabs.ie10.00058
[INFO ][2016-02-08 15:34:06,575][com.java.TestType] [12238] -  RESULT true
[INFO ][2016-02-08 15:34:06,575][com.java.TestType] [12355] - ?   P A S S   ?
[DEBUG][2016-02-08 15:34:06,575][com.java.TestType] [12161] - Concept ID:1 :: Step being Executed: 1::2
[INFO ][2016-02-08 15:34:06,575][com.java.TestType] [12199] - dataFields : TXTpassword
[DEBUG][2016-02-08 15:34:06,575][com.java.TestType] [12205] - <In Set values of the page>
[DEBUG][2016-02-08 15:34:06,575][com.java.TestType] [12210] - {Data Fields & Data Values Exist}
[INFO ][2016-02-08 15:34:06,575][com.java.TestType] [12216] - --------------------------setting values-----------------------------
[INFO ][2016-02-08 15:34:06,575][com.java.TestType] [12219] - Action Type : CLEARANDENTER
[INFO ][2016-02-08 15:34:08,816][com.java.TestType] [ 6748] - value = Password1*
[INFO ][2016-02-08 15:34:11,385][com.java.TestType] [12238] -  RESULT true
[INFO ][2016-02-08 15:34:11,385][com.java.TestType] [12355] - ?   P A S S   ?
[DEBUG][2016-02-08 15:34:11,385][com.java.TestType] [12161] - Concept ID:1 :: Step being Executed: 1::3
[ERROR][2016-02-08 15:34:11,385][com.java.TestType] [12194] - Exception: null
[INFO ][2016-02-08 15:34:11,385][com.java.TestType] [12199] - dataFields : XPH//button[@type='submit']
[DEBUG][2016-02-08 15:34:11,385][com.java.TestType] [12205] - <In Set values of the page>
[DEBUG][2016-02-08 15:34:11,385][com.java.TestType] [12210] - {Data Fields & Data Values Exist}
[INFO ][2016-02-08 15:34:11,385][com.java.TestType] [12216] - --------------------------setting values-----------------------------
[INFO ][2016-02-08 15:34:11,385][com.java.TestType] [12219] - Action Type : Click
[INFO ][2016-02-08 15:34:11,385][com.java.TestType] [ 7149] - Field ::XPH//button[@type='submit']
[INFO ][2016-02-08 15:34:11,385][com.java.TestType] [ 6748] - value = 
[INFO ][2016-02-08 15:34:12,385][com.java.TestType] [ 7326] - BEFORE CLICK
[INFO ][2016-02-08 15:34:15,880][com.java.TestType] [ 7334] - Unable to click the object Login
[INFO ][2016-02-08 15:34:15,880][com.java.TestType] [12238] -  RESULT true
[INFO ][2016-02-08 15:34:15,880][com.java.TestType] [12355] - ?   P A S S   ?
[DEBUG][2016-02-08 15:34:15,880][com.java.TestType] [12161] - Concept ID:1 :: Step being Executed: 1::4
[INFO ][2016-02-08 15:34:15,880][com.java.TestType] [12199] - dataFields : LNKLogout
[DEBUG][2016-02-08 15:34:15,880][com.java.TestType] [12205] - <In Set values of the page>
[DEBUG][2016-02-08 15:34:15,880][com.java.TestType] [12210] - {Data Fields & Data Values Exist}
[INFO ][2016-02-08 15:34:15,880][com.java.TestType] [12216] - --------------------------setting values-----------------------------
[INFO ][2016-02-08 15:34:15,880][com.java.TestType] [12219] - Action Type : WaitForElement
[INFO ][2016-02-08 15:34:15,911][com.java.TestType] [12238] -  RESULT true
[INFO ][2016-02-08 15:34:15,911][com.java.TestType] [12355] - ?   P A S S   ?
[DEBUG][2016-02-08 15:34:15,911][com.java.TestType] [12161] - Concept ID:1 :: Step being Executed: 1::15
[INFO ][2016-02-08 15:34:15,911][com.java.TestType] [12199] - dataFields : LNK
[DEBUG][2016-02-08 15:34:15,911][com.java.TestType] [12205] - <In Set values of the page>
[DEBUG][2016-02-08 15:34:15,911][com.java.TestType] [12210] - {Data Fields & Data Values Exist}
[INFO ][2016-02-08 15:34:15,911][com.java.TestType] [12216] - --------------------------setting values-----------------------------
[INFO ][2016-02-08 15:34:15,911][com.java.TestType] [12219] - Action Type : Verify
[INFO ][2016-02-08 15:34:15,911][com.java.TestType] [ 8382] - field= LNK value= Logout
[INFO ][2016-02-08 15:34:15,911][com.java.TestType] [ 6748] - value = Logout
[INFO ][2016-02-08 15:34:15,951][com.java.TestType] [12238] -  RESULT true
[INFO ][2016-02-08 15:34:15,951][com.java.TestType] [12355] - ?   P A S S   ?
[DEBUG][2016-02-08 15:34:15,951][com.java.TestType] [12161] - Concept ID:1 :: Step being Executed: 1::16
[INFO ][2016-02-08 15:34:15,951][com.java.TestType] [12199] - dataFields : BTN
[DEBUG][2016-02-08 15:34:15,951][com.java.TestType] [12205] - <In Set values of the page>
[DEBUG][2016-02-08 15:34:15,951][com.java.TestType] [12210] - {Data Fields & Data Values Exist}
[INFO ][2016-02-08 15:34:15,951][com.java.TestType] [12216] - --------------------------setting values-----------------------------
[INFO ][2016-02-08 15:34:15,951][com.java.TestType] [12219] - Action Type : Verify
[INFO ][2016-02-08 15:34:15,951][com.java.TestType] [ 8382] - field= BTN value= //img[contains(@src,'bdlogo.jpg')]
[INFO ][2016-02-08 15:34:15,951][com.java.TestType] [ 6748] - value = //img[contains(@src,'bdlogo.jpg')]
[INFO ][2016-02-08 15:34:16,141][com.java.TestType] [12238] -  RESULT true
[INFO ][2016-02-08 15:34:16,141][com.java.TestType] [12355] - ?   P A S S   ?
[INFO ][2016-02-08 15:34:16,141][com.java.TestType] [12426] - Looping End......
[INFO ][2016-02-08 15:34:16,141][com.java.SeleniumDriver] [  930] -  RESULT true
[INFO ][2016-02-08 15:34:16,141][com.java.SeleniumDriver] [ 1136] - ?   P A S S   ?
[INFO ][2016-02-08 15:34:16,141][com.java.SeleniumDriver] [  856] - ------------------------------------------
[INFO ][2016-02-08 15:34:16,141][com.java.SeleniumDriver] [  857] - Test case being Executed: 1
[INFO ][2016-02-08 15:34:16,141][com.java.SeleniumDriver] [  869] - Test step:2
[INFO ][2016-02-08 15:34:16,141][com.java.SeleniumDriver] [  881] - Datavalue is----------Concept#2:1-2
[INFO ][2016-02-08 15:34:16,141][com.java.SeleniumDriver] [  905] - DataField : test
[INFO ][2016-02-08 15:34:16,141][com.java.SeleniumDriver] [  907] - DataValue : Concept#2:1-2
[INFO ][2016-02-08 15:34:16,141][com.java.SeleniumDriver] [  913] - <In Set values of the page>
[INFO ][2016-02-08 15:34:16,141][com.java.SeleniumDriver] [  916] - {Data Fields & Data Values Exist}
[INFO ][2016-02-08 15:34:16,141][com.java.SeleniumDriver] [  918] - --------------------------setting values-----------------------------
[INFO ][2016-02-08 15:34:16,141][com.java.SeleniumDriver] [  921] - Action Type : ExecuteTestCase
[INFO ][2016-02-08 15:34:16,141][com.java.TestType] [  448] - The Concept sheet name is ---------- Concept
[INFO ][2016-02-08 15:34:16,141][com.java.TestType] [  451] - The Concept ID  is ---------- 2
[DEBUG][2016-02-08 15:34:16,141][com.java.TestType] [  455] - Steps being executted in the Concept are: 1:2
[INFO ][2016-02-08 15:34:16,141][com.java.TestType] [  462] - Test data details path ---------- D:\BankersDashboard\TestInputs\TestData.xls
[INFO ][2016-02-08 15:34:16,181][com.java.TestType] [  493] -  str(1) = 2
[INFO ][2016-02-08 15:34:16,181][com.java.TestType] [  496] - Test case Id is---2
[INFO ][2016-02-08 15:34:16,181][com.java.TestType] [  498] - 2
[INFO ][2016-02-08 15:34:16,181][com.java.TestType] [  493] -  str(2) = 1
[INFO ][2016-02-08 15:34:16,181][com.java.TestType] [  493] -  str(1) = 2
[INFO ][2016-02-08 15:34:16,181][com.java.TestType] [  496] - Test case Id is---2
[INFO ][2016-02-08 15:34:16,181][com.java.TestType] [  498] - 2
[INFO ][2016-02-08 15:34:16,181][com.java.TestType] [  493] -  str(2) = 2
[INFO ][2016-02-08 15:34:16,181][com.java.TestType] [  493] -  str(1) = 2
[INFO ][2016-02-08 15:34:16,181][com.java.TestType] [  496] - Test case Id is---2
[INFO ][2016-02-08 15:34:16,181][com.java.TestType] [  498] - 2
[INFO ][2016-02-08 15:34:16,181][com.java.TestType] [  493] -  str(2) = 3
[INFO ][2016-02-08 15:34:16,181][com.java.TestType] [12120] - Looping 1TCID = 2
[DEBUG][2016-02-08 15:34:16,181][com.java.TestType] [12161] - Concept ID:2 :: Step being Executed: 2::1
[INFO ][2016-02-08 15:34:16,181][com.java.TestType] [12199] - dataFields : BNK//select[@id='bank']
[DEBUG][2016-02-08 15:34:16,181][com.java.TestType] [12205] - <In Set values of the page>
[DEBUG][2016-02-08 15:34:16,181][com.java.TestType] [12210] - {Data Fields & Data Values Exist}
[INFO ][2016-02-08 15:34:16,181][com.java.TestType] [12216] - --------------------------setting values-----------------------------
[INFO ][2016-02-08 15:34:16,181][com.java.TestType] [12219] - Action Type : Select
[INFO ][2016-02-08 15:34:16,181][com.java.TestType] [ 6748] - value = PFC
[INFO ][2016-02-08 15:34:16,371][com.java.TestType] [12238] -  RESULT true
[INFO ][2016-02-08 15:34:16,371][com.java.TestType] [12355] - ?   P A S S   ?
[DEBUG][2016-02-08 15:34:16,371][com.java.TestType] [12161] - Concept ID:2 :: Step being Executed: 2::2
[INFO ][2016-02-08 15:34:16,371][com.java.TestType] [12199] - dataFields : LNKLogout
[DEBUG][2016-02-08 15:34:16,371][com.java.TestType] [12205] - <In Set values of the page>
[DEBUG][2016-02-08 15:34:16,371][com.java.TestType] [12210] - {Data Fields & Data Values Exist}
[INFO ][2016-02-08 15:34:16,371][com.java.TestType] [12216] - --------------------------setting values-----------------------------
[INFO ][2016-02-08 15:34:16,371][com.java.TestType] [12219] - Action Type : WaitTime
[DEBUG][2016-02-08 15:34:16,371][com.java.TestType] [ 6562] - sleepTime: 5000
[INFO ][2016-02-08 15:34:21,375][com.java.TestType] [12238] -  RESULT true
[INFO ][2016-02-08 15:34:21,375][com.java.TestType] [12355] - ?   P A S S   ?
[INFO ][2016-02-08 15:34:21,375][com.java.TestType] [12426] - Looping End......
[INFO ][2016-02-08 15:34:21,375][com.java.SeleniumDriver] [  930] -  RESULT true
[INFO ][2016-02-08 15:34:21,375][com.java.SeleniumDriver] [ 1136] - ?   P A S S   ?
[INFO ][2016-02-08 15:34:21,375][com.java.SeleniumDriver] [  856] - ------------------------------------------
[INFO ][2016-02-08 15:34:21,375][com.java.SeleniumDriver] [  857] - Test case being Executed: 1
[INFO ][2016-02-08 15:34:21,375][com.java.SeleniumDriver] [  869] - Test step:3
[INFO ][2016-02-08 15:34:21,375][com.java.SeleniumDriver] [  881] - Datavalue is----------2
[INFO ][2016-02-08 15:34:21,375][com.java.SeleniumDriver] [  905] - DataField : XPH//button[contains(text(),'Add Content')]
[INFO ][2016-02-08 15:34:21,375][com.java.SeleniumDriver] [  907] - DataValue : 2
[INFO ][2016-02-08 15:34:21,375][com.java.SeleniumDriver] [  913] - <In Set values of the page>
[INFO ][2016-02-08 15:34:21,375][com.java.SeleniumDriver] [  916] - {Data Fields & Data Values Exist}
[INFO ][2016-02-08 15:34:21,375][com.java.SeleniumDriver] [  918] - --------------------------setting values-----------------------------
[INFO ][2016-02-08 15:34:21,375][com.java.SeleniumDriver] [  921] - Action Type : WAITFORELEMENT
[INFO ][2016-02-08 15:34:21,416][com.java.SeleniumDriver] [  930] -  RESULT true
[INFO ][2016-02-08 15:34:21,416][com.java.SeleniumDriver] [ 1136] - ?   P A S S   ?
[DEBUG][2016-02-08 15:34:21,416][com.java.SeleniumDriver] [ 1248] - Case found
[DEBUG][2016-02-08 15:34:21,416][com.java.SeleniumDriver] [ 1253] - Incrementing ReportCounters[0]:1
[INFO ][2016-02-08 15:34:21,416][com.java.SeleniumDriver] [ 1272] - The results are-------------------[1, 1, Valid Login, Pass, , Mon Feb 08 15:34:16 IST 2016, 1, 2, Valid Login, Pass, , Mon Feb 08 15:34:21 IST 2016, 1, 3, Valid Login, Pass, , Mon Feb 08 15:34:21 IST 2016]
[INFO ][2016-02-08 15:34:21,416][com.java.SeleniumDriver] [ 1276] - End time is-------38 sec
[INFO ][2016-02-08 15:34:21,416][com.java.SeleniumDriver] [ 1277] - The results are-------------------[1, 1, Valid Login, Pass, , Mon Feb 08 15:34:16 IST 2016, 1, 2, Valid Login, Pass, , Mon Feb 08 15:34:21 IST 2016, 1, 3, Valid Login, Pass, , Mon Feb 08 15:34:21 IST 2016]
[DEBUG][2016-02-08 15:34:21,416][com.java.ImportnExport.ExportTestResultsExcel] [  222] - testResultPath = D:\BankersDashboard/TestReports/Test Results_BankersDashBoard_020816_153345_IE10_United Bank.xls
[DEBUG][2016-02-08 15:34:21,416][com.java.ImportnExport.ExportTestResultsExcel] [  223] - browser is------------IE10
[DEBUG][2016-02-08 15:34:21,456][com.java.ImportnExport.ExportTestResultsExcel] [  270] - result.size() = 18
[DEBUG][2016-02-08 15:34:21,456][com.java.ImportnExport.ExportTestResultsExcel] [  274] - No of rows in sheet=1
[DEBUG][2016-02-08 15:34:21,456][com.java.ImportnExport.ExportTestResultsExcel] [  301] - ..in export..1
[DEBUG][2016-02-08 15:34:21,456][com.java.ImportnExport.ExportTestResultsExcel] [  301] - ..in export..Valid Login
[DEBUG][2016-02-08 15:34:21,456][com.java.ImportnExport.ExportTestResultsExcel] [  301] - ..in export..Pass
[DEBUG][2016-02-08 15:34:21,456][com.java.ImportnExport.ExportTestResultsExcel] [  301] - ..in export..
[DEBUG][2016-02-08 15:34:21,456][com.java.ImportnExport.ExportTestResultsExcel] [  301] - ..in export..Mon Feb 08 15:34:16 IST 2016
[INFO ][2016-02-08 15:34:21,456][com.java.SeleniumDriver] [ 1337] - out loop:0 size:6 TestCases:[1, 9, 12, 16, 21, 22] testcases:[1, 9, 12, 16, 21, 22]
[INFO ][2016-02-08 15:34:21,456][com.java.ImportnExport.ImportTestDataDetailsExcel] [   49] - test data details path===== D:\BankersDashboard\TestInputs\TestData.xls
[INFO ][2016-02-08 15:34:41,196][com.java.SeleniumDriver] [  856] - ------------------------------------------
[INFO ][2016-02-08 15:34:41,196][com.java.SeleniumDriver] [  857] - Test case being Executed: 9
[INFO ][2016-02-08 15:34:41,196][com.java.SeleniumDriver] [  869] - Test step:1
[INFO ][2016-02-08 15:34:41,196][com.java.SeleniumDriver] [  881] - Datavalue is----------5
[INFO ][2016-02-08 15:34:41,196][com.java.SeleniumDriver] [  905] - DataField : LNKLogout
[INFO ][2016-02-08 15:34:41,196][com.java.SeleniumDriver] [  907] - DataValue : 5
[INFO ][2016-02-08 15:34:41,196][com.java.SeleniumDriver] [  913] - <In Set values of the page>
[INFO ][2016-02-08 15:34:41,196][com.java.SeleniumDriver] [  916] - {Data Fields & Data Values Exist}
[INFO ][2016-02-08 15:34:41,196][com.java.SeleniumDriver] [  918] - --------------------------setting values-----------------------------
[INFO ][2016-02-08 15:34:41,196][com.java.SeleniumDriver] [  921] - Action Type : WaitForElement
[INFO ][2016-02-08 15:34:41,477][com.java.SeleniumDriver] [  930] -  RESULT true
[INFO ][2016-02-08 15:34:41,477][com.java.SeleniumDriver] [ 1136] - ?   P A S S   ?
[INFO ][2016-02-08 15:34:41,477][com.java.SeleniumDriver] [ 1178] - step change to 3
[INFO ][2016-02-08 15:34:41,477][com.java.SeleniumDriver] [  856] - ------------------------------------------
[INFO ][2016-02-08 15:34:41,477][com.java.SeleniumDriver] [  857] - Test case being Executed: 9
[INFO ][2016-02-08 15:34:41,477][com.java.SeleniumDriver] [  869] - Test step:3
[INFO ][2016-02-08 15:34:41,477][com.java.SeleniumDriver] [  881] - Datavalue is----------Concept#2:1-2
[INFO ][2016-02-08 15:34:41,477][com.java.SeleniumDriver] [  905] - DataField : test
[INFO ][2016-02-08 15:34:41,477][com.java.SeleniumDriver] [  907] - DataValue : Concept#2:1-2
[INFO ][2016-02-08 15:34:41,477][com.java.SeleniumDriver] [  913] - <In Set values of the page>
[INFO ][2016-02-08 15:34:41,477][com.java.SeleniumDriver] [  916] - {Data Fields & Data Values Exist}
[INFO ][2016-02-08 15:34:41,477][com.java.SeleniumDriver] [  918] - --------------------------setting values-----------------------------
[INFO ][2016-02-08 15:34:41,477][com.java.SeleniumDriver] [  921] - Action Type : ExecuteTestCase
[INFO ][2016-02-08 15:34:41,477][com.java.TestType] [  448] - The Concept sheet name is ---------- Concept
[INFO ][2016-02-08 15:34:41,477][com.java.TestType] [  451] - The Concept ID  is ---------- 2
[DEBUG][2016-02-08 15:34:41,477][com.java.TestType] [  455] - Steps being executted in the Concept are: 1:2
[INFO ][2016-02-08 15:34:41,477][com.java.TestType] [  462] - Test data details path ---------- D:\BankersDashboard\TestInputs\TestData.xls
[INFO ][2016-02-08 15:34:41,507][com.java.TestType] [  493] -  str(1) = 2
[INFO ][2016-02-08 15:34:41,507][com.java.TestType] [  496] - Test case Id is---2
[INFO ][2016-02-08 15:34:41,507][com.java.TestType] [  498] - 2
[INFO ][2016-02-08 15:34:41,507][com.java.TestType] [  493] -  str(2) = 1
[INFO ][2016-02-08 15:34:41,517][com.java.TestType] [  493] -  str(1) = 2
[INFO ][2016-02-08 15:34:41,517][com.java.TestType] [  496] - Test case Id is---2
[INFO ][2016-02-08 15:34:41,517][com.java.TestType] [  498] - 2
[INFO ][2016-02-08 15:34:41,517][com.java.TestType] [  493] -  str(2) = 2
[INFO ][2016-02-08 15:34:41,517][com.java.TestType] [  493] -  str(1) = 2
[INFO ][2016-02-08 15:34:41,517][com.java.TestType] [  496] - Test case Id is---2
[INFO ][2016-02-08 15:34:41,517][com.java.TestType] [  498] - 2
[INFO ][2016-02-08 15:34:41,517][com.java.TestType] [  493] -  str(2) = 3
[INFO ][2016-02-08 15:34:41,517][com.java.TestType] [12120] - Looping 1TCID = 2
[DEBUG][2016-02-08 15:34:41,517][com.java.TestType] [12161] - Concept ID:2 :: Step being Executed: 2::1
[INFO ][2016-02-08 15:34:41,517][com.java.TestType] [12199] - dataFields : BNK//select[@id='bank']
[DEBUG][2016-02-08 15:34:41,517][com.java.TestType] [12205] - <In Set values of the page>
[DEBUG][2016-02-08 15:34:41,517][com.java.TestType] [12210] - {Data Fields & Data Values Exist}
[INFO ][2016-02-08 15:34:41,517][com.java.TestType] [12216] - --------------------------setting values-----------------------------
[INFO ][2016-02-08 15:34:41,517][com.java.TestType] [12219] - Action Type : Select
[INFO ][2016-02-08 15:34:41,517][com.java.TestType] [ 6748] - value = PFC
[INFO ][2016-02-08 15:34:43,088][com.java.TestType] [12238] -  RESULT true
[INFO ][2016-02-08 15:34:43,088][com.java.TestType] [12355] - ?   P A S S   ?
[DEBUG][2016-02-08 15:34:43,088][com.java.TestType] [12161] - Concept ID:2 :: Step being Executed: 2::2
[INFO ][2016-02-08 15:34:43,088][com.java.TestType] [12199] - dataFields : LNKLogout
[DEBUG][2016-02-08 15:34:43,088][com.java.TestType] [12205] - <In Set values of the page>
[DEBUG][2016-02-08 15:34:43,088][com.java.TestType] [12210] - {Data Fields & Data Values Exist}
[INFO ][2016-02-08 15:34:43,088][com.java.TestType] [12216] - --------------------------setting values-----------------------------
[INFO ][2016-02-08 15:34:43,088][com.java.TestType] [12219] - Action Type : WaitTime
[DEBUG][2016-02-08 15:34:43,088][com.java.TestType] [ 6562] - sleepTime: 5000
[INFO ][2016-02-08 15:34:48,088][com.java.TestType] [12238] -  RESULT true
[INFO ][2016-02-08 15:34:48,088][com.java.TestType] [12355] - ?   P A S S   ?
[INFO ][2016-02-08 15:34:48,088][com.java.TestType] [12426] - Looping End......
[INFO ][2016-02-08 15:34:48,088][com.java.SeleniumDriver] [  930] -  RESULT true
[INFO ][2016-02-08 15:34:48,088][com.java.SeleniumDriver] [ 1136] - ?   P A S S   ?
[INFO ][2016-02-08 15:34:48,088][com.java.SeleniumDriver] [  856] - ------------------------------------------
[INFO ][2016-02-08 15:34:48,088][com.java.SeleniumDriver] [  857] - Test case being Executed: 9
[INFO ][2016-02-08 15:34:48,088][com.java.SeleniumDriver] [  869] - Test step:4
[INFO ][2016-02-08 15:34:48,088][com.java.SeleniumDriver] [  881] - Datavalue is----------null
[DEBUG][2016-02-08 15:34:48,088][com.java.SeleniumDriver] [  899] - Exception: null
[INFO ][2016-02-08 15:34:48,088][com.java.SeleniumDriver] [  905] - DataField : //span[@class="icon-user4"]&&//a[contains(text(),'A/L Mapping')]&&//a[@data-id="LoanProductCodes"]
[INFO ][2016-02-08 15:34:48,088][com.java.SeleniumDriver] [  907] - DataValue : 
[INFO ][2016-02-08 15:34:48,088][com.java.SeleniumDriver] [  913] - <In Set values of the page>
[INFO ][2016-02-08 15:34:48,088][com.java.SeleniumDriver] [  916] - {Data Fields & Data Values Exist}
[INFO ][2016-02-08 15:34:48,088][com.java.SeleniumDriver] [  918] - --------------------------setting values-----------------------------
[INFO ][2016-02-08 15:34:48,088][com.java.SeleniumDriver] [  921] - Action Type : mouseover
[INFO ][2016-02-08 15:35:33,043][com.java.SeleniumDriver] [  930] -  RESULT true
[INFO ][2016-02-08 15:35:33,043][com.java.SeleniumDriver] [ 1136] - ?   P A S S   ?
[INFO ][2016-02-08 15:35:33,043][com.java.SeleniumDriver] [  856] - ------------------------------------------
[INFO ][2016-02-08 15:35:33,043][com.java.SeleniumDriver] [  857] - Test case being Executed: 9
[INFO ][2016-02-08 15:35:33,043][com.java.SeleniumDriver] [  869] - Test step:5
[INFO ][2016-02-08 15:35:33,043][com.java.SeleniumDriver] [  881] - Datavalue is----------5
[INFO ][2016-02-08 15:35:33,043][com.java.SeleniumDriver] [  905] - DataField : BTNframeDialogContent
[INFO ][2016-02-08 15:35:33,043][com.java.SeleniumDriver] [  907] - DataValue : 5
[INFO ][2016-02-08 15:35:33,043][com.java.SeleniumDriver] [  913] - <In Set values of the page>
[INFO ][2016-02-08 15:35:33,043][com.java.SeleniumDriver] [  916] - {Data Fields & Data Values Exist}
[INFO ][2016-02-08 15:35:33,043][com.java.SeleniumDriver] [  918] - --------------------------setting values-----------------------------
[INFO ][2016-02-08 15:35:33,043][com.java.SeleniumDriver] [  921] - Action Type : waitforelement
[INFO ][2016-02-08 15:35:34,324][com.java.SeleniumDriver] [  930] -  RESULT true
[INFO ][2016-02-08 15:35:34,324][com.java.SeleniumDriver] [ 1136] - ?   P A S S   ?
[INFO ][2016-02-08 15:35:34,324][com.java.SeleniumDriver] [  856] - ------------------------------------------
[INFO ][2016-02-08 15:35:34,324][com.java.SeleniumDriver] [  857] - Test case being Executed: 9
[INFO ][2016-02-08 15:35:34,324][com.java.SeleniumDriver] [  869] - Test step:6
[INFO ][2016-02-08 15:35:34,324][com.java.SeleniumDriver] [  881] - Datavalue is----------Loan Product Codes
[INFO ][2016-02-08 15:35:34,324][com.java.SeleniumDriver] [  905] - DataField : MSG
[INFO ][2016-02-08 15:35:34,324][com.java.SeleniumDriver] [  907] - DataValue : Loan Product Codes
[INFO ][2016-02-08 15:35:34,324][com.java.SeleniumDriver] [  913] - <In Set values of the page>
[INFO ][2016-02-08 15:35:34,324][com.java.SeleniumDriver] [  916] - {Data Fields & Data Values Exist}
[INFO ][2016-02-08 15:35:34,324][com.java.SeleniumDriver] [  918] - --------------------------setting values-----------------------------
[INFO ][2016-02-08 15:35:34,324][com.java.SeleniumDriver] [  921] - Action Type : VERIFY
[INFO ][2016-02-08 15:35:34,324][com.java.TestType] [ 8382] - field= MSG value= Loan Product Codes
[INFO ][2016-02-08 15:35:34,324][com.java.TestType] [ 6748] - value = Loan Product Codes
[DEBUG][2016-02-08 15:35:34,324][com.java.TestType] [ 9245] - value :: Loan Product Codes
[INFO ][2016-02-08 15:35:34,385][com.java.SeleniumDriver] [  930] -  RESULT true
[INFO ][2016-02-08 15:35:34,385][com.java.SeleniumDriver] [ 1136] - ?   P A S S   ?
[INFO ][2016-02-08 15:35:34,385][com.java.SeleniumDriver] [  856] - ------------------------------------------
[INFO ][2016-02-08 15:35:34,385][com.java.SeleniumDriver] [  857] - Test case being Executed: 9
[INFO ][2016-02-08 15:35:34,385][com.java.SeleniumDriver] [  869] - Test step:7
[INFO ][2016-02-08 15:35:34,385][com.java.SeleniumDriver] [  881] - Datavalue is----------null
[DEBUG][2016-02-08 15:35:34,385][com.java.SeleniumDriver] [  899] - Exception: null
[INFO ][2016-02-08 15:35:34,385][com.java.SeleniumDriver] [  905] - DataField : BTNframeDialogContent
[INFO ][2016-02-08 15:35:34,385][com.java.SeleniumDriver] [  907] - DataValue : 
[INFO ][2016-02-08 15:35:34,385][com.java.SeleniumDriver] [  913] - <In Set values of the page>
[INFO ][2016-02-08 15:35:34,385][com.java.SeleniumDriver] [  916] - {Data Fields & Data Values Exist}
[INFO ][2016-02-08 15:35:34,385][com.java.SeleniumDriver] [  918] - --------------------------setting values-----------------------------
[INFO ][2016-02-08 15:35:34,385][com.java.SeleniumDriver] [  921] - Action Type : SELECTFRAME
[INFO ][2016-02-08 15:35:35,634][com.java.SeleniumDriver] [  930] -  RESULT true
[INFO ][2016-02-08 15:35:35,634][com.java.SeleniumDriver] [ 1136] - ?   P A S S   ?
[INFO ][2016-02-08 15:35:35,634][com.java.SeleniumDriver] [  856] - ------------------------------------------
[INFO ][2016-02-08 15:35:35,634][com.java.SeleniumDriver] [  857] - Test case being Executed: 9
[INFO ][2016-02-08 15:35:35,634][com.java.SeleniumDriver] [  869] - Test step:8
[INFO ][2016-02-08 15:35:35,634][com.java.SeleniumDriver] [  881] - Datavalue is----------index:3
[INFO ][2016-02-08 15:35:35,634][com.java.SeleniumDriver] [  905] - DataField : COBddlLoanProductCodes
[INFO ][2016-02-08 15:35:35,634][com.java.SeleniumDriver] [  907] - DataValue : index:3
[INFO ][2016-02-08 15:35:35,634][com.java.SeleniumDriver] [  913] - <In Set values of the page>
[INFO ][2016-02-08 15:35:35,634][com.java.SeleniumDriver] [  916] - {Data Fields & Data Values Exist}
[INFO ][2016-02-08 15:35:35,634][com.java.SeleniumDriver] [  918] - --------------------------setting values-----------------------------
[INFO ][2016-02-08 15:35:35,634][com.java.SeleniumDriver] [  921] - Action Type : SELECT
[INFO ][2016-02-08 15:35:35,634][com.java.TestType] [ 6748] - value = 3
[INFO ][2016-02-08 15:35:36,755][com.java.TestType] [ 6888] -  In COB ddlLoanProductCodes : 3
[INFO ][2016-02-08 15:35:37,115][com.java.SeleniumDriver] [  930] -  RESULT true
[INFO ][2016-02-08 15:35:37,115][com.java.SeleniumDriver] [ 1136] - ?   P A S S   ?
[INFO ][2016-02-08 15:35:37,115][com.java.SeleniumDriver] [  856] - ------------------------------------------
[INFO ][2016-02-08 15:35:37,115][com.java.SeleniumDriver] [  857] - Test case being Executed: 9
[INFO ][2016-02-08 15:35:37,115][com.java.SeleniumDriver] [  869] - Test step:9
[INFO ][2016-02-08 15:35:37,115][com.java.SeleniumDriver] [  881] - Datavalue is----------2
[INFO ][2016-02-08 15:35:37,115][com.java.SeleniumDriver] [  905] - DataField : test
[INFO ][2016-02-08 15:35:37,115][com.java.SeleniumDriver] [  907] - DataValue : 2
[INFO ][2016-02-08 15:35:37,115][com.java.SeleniumDriver] [  913] - <In Set values of the page>
[INFO ][2016-02-08 15:35:37,115][com.java.SeleniumDriver] [  916] - {Data Fields & Data Values Exist}
[INFO ][2016-02-08 15:35:37,115][com.java.SeleniumDriver] [  918] - --------------------------setting values-----------------------------
[INFO ][2016-02-08 15:35:37,115][com.java.SeleniumDriver] [  921] - Action Type : WaitTime
[DEBUG][2016-02-08 15:35:37,115][com.java.TestType] [ 6562] - sleepTime: 2000
[INFO ][2016-02-08 15:35:39,115][com.java.SeleniumDriver] [  930] -  RESULT true
[INFO ][2016-02-08 15:35:39,115][com.java.SeleniumDriver] [ 1136] - ?   P A S S   ?
[INFO ][2016-02-08 15:35:39,115][com.java.SeleniumDriver] [  856] - ------------------------------------------
[INFO ][2016-02-08 15:35:39,115][com.java.SeleniumDriver] [  857] - Test case being Executed: 9
[INFO ][2016-02-08 15:35:39,115][com.java.SeleniumDriver] [  869] - Test step:10
[INFO ][2016-02-08 15:35:39,115][com.java.SeleniumDriver] [  881] - Datavalue is----------SelectedLPC
[INFO ][2016-02-08 15:35:39,115][com.java.SeleniumDriver] [  905] - DataField : SLBddlLoanProductCodes
[INFO ][2016-02-08 15:35:39,115][com.java.SeleniumDriver] [  907] - DataValue : SelectedLPC
[INFO ][2016-02-08 15:35:39,115][com.java.SeleniumDriver] [  913] - <In Set values of the page>
[INFO ][2016-02-08 15:35:39,115][com.java.SeleniumDriver] [  916] - {Data Fields & Data Values Exist}
[INFO ][2016-02-08 15:35:39,115][com.java.SeleniumDriver] [  918] - --------------------------setting values-----------------------------
[INFO ][2016-02-08 15:35:39,115][com.java.SeleniumDriver] [  921] - Action Type : storevalue
[INFO ][2016-02-08 15:35:39,115][com.java.TestType] [ 9885] - field= SLBddlLoanProductCodes
[INFO ][2016-02-08 15:35:40,437][com.java.SeleniumDriver] [  930] -  RESULT true
[INFO ][2016-02-08 15:35:40,437][com.java.SeleniumDriver] [ 1136] - ?   P A S S   ?
[INFO ][2016-02-08 15:35:40,437][com.java.SeleniumDriver] [  856] - ------------------------------------------
[INFO ][2016-02-08 15:35:40,437][com.java.SeleniumDriver] [  857] - Test case being Executed: 9
[INFO ][2016-02-08 15:35:40,437][com.java.SeleniumDriver] [  869] - Test step:11
[INFO ][2016-02-08 15:35:40,437][com.java.SeleniumDriver] [  881] - Datavalue is----------null
[DEBUG][2016-02-08 15:35:40,437][com.java.SeleniumDriver] [  899] - Exception: null
[INFO ][2016-02-08 15:35:40,437][com.java.SeleniumDriver] [  905] - DataField : BTNbtnModify
[INFO ][2016-02-08 15:35:40,437][com.java.SeleniumDriver] [  907] - DataValue : 
[INFO ][2016-02-08 15:35:40,437][com.java.SeleniumDriver] [  913] - <In Set values of the page>
[INFO ][2016-02-08 15:35:40,437][com.java.SeleniumDriver] [  916] - {Data Fields & Data Values Exist}
[INFO ][2016-02-08 15:35:40,437][com.java.SeleniumDriver] [  918] - --------------------------setting values-----------------------------
[INFO ][2016-02-08 15:35:40,437][com.java.SeleniumDriver] [  921] - Action Type : click
[INFO ][2016-02-08 15:35:40,437][com.java.TestType] [ 7149] - Field ::BTNbtnModify
[INFO ][2016-02-08 15:35:40,437][com.java.TestType] [ 6748] - value = 
[INFO ][2016-02-08 15:35:41,437][com.java.TestType] [ 7305] - BEFORE CLICK
[INFO ][2016-02-08 15:35:42,716][com.java.TestType] [ 7312] - Unable to click the object Modify button
[INFO ][2016-02-08 15:35:42,716][com.java.SeleniumDriver] [  930] -  RESULT true
[INFO ][2016-02-08 15:35:42,716][com.java.SeleniumDriver] [ 1136] - ?   P A S S   ?
[INFO ][2016-02-08 15:35:42,716][com.java.SeleniumDriver] [  856] - ------------------------------------------
[INFO ][2016-02-08 15:35:42,716][com.java.SeleniumDriver] [  857] - Test case being Executed: 9
[INFO ][2016-02-08 15:35:42,716][com.java.SeleniumDriver] [  869] - Test step:12
[INFO ][2016-02-08 15:35:42,716][com.java.SeleniumDriver] [  881] - Datavalue is----------10
[INFO ][2016-02-08 15:35:42,716][com.java.SeleniumDriver] [  905] - DataField : DSPtxtDescription
[INFO ][2016-02-08 15:35:42,716][com.java.SeleniumDriver] [  907] - DataValue : 10
[INFO ][2016-02-08 15:35:42,716][com.java.SeleniumDriver] [  913] - <In Set values of the page>
[INFO ][2016-02-08 15:35:42,716][com.java.SeleniumDriver] [  916] - {Data Fields & Data Values Exist}
[INFO ][2016-02-08 15:35:42,716][com.java.SeleniumDriver] [  918] - --------------------------setting values-----------------------------
[INFO ][2016-02-08 15:35:42,716][com.java.SeleniumDriver] [  921] - Action Type : waitforelement
[INFO ][2016-02-08 15:35:43,817][com.java.SeleniumDriver] [  930] -  RESULT true
[INFO ][2016-02-08 15:35:43,817][com.java.SeleniumDriver] [ 1136] - ?   P A S S   ?
[INFO ][2016-02-08 15:35:43,817][com.java.SeleniumDriver] [  856] - ------------------------------------------
[INFO ][2016-02-08 15:35:43,817][com.java.SeleniumDriver] [  857] - Test case being Executed: 9
[INFO ][2016-02-08 15:35:43,817][com.java.SeleniumDriver] [  869] - Test step:13
[INFO ][2016-02-08 15:35:43,817][com.java.SeleniumDriver] [  881] - Datavalue is----------10
[INFO ][2016-02-08 15:35:43,817][com.java.SeleniumDriver] [  905] - DataField : test
[INFO ][2016-02-08 15:35:43,817][com.java.SeleniumDriver] [  907] - DataValue : 10
[INFO ][2016-02-08 15:35:43,817][com.java.SeleniumDriver] [  913] - <In Set values of the page>
[INFO ][2016-02-08 15:35:43,817][com.java.SeleniumDriver] [  916] - {Data Fields & Data Values Exist}
[INFO ][2016-02-08 15:35:43,817][com.java.SeleniumDriver] [  918] - --------------------------setting values-----------------------------
[INFO ][2016-02-08 15:35:43,817][com.java.SeleniumDriver] [  921] - Action Type : WaitTime
[DEBUG][2016-02-08 15:35:43,817][com.java.TestType] [ 6562] - sleepTime: 10000
[INFO ][2016-02-08 15:35:53,817][com.java.SeleniumDriver] [  930] -  RESULT true
[INFO ][2016-02-08 15:35:53,817][com.java.SeleniumDriver] [ 1136] - ?   P A S S   ?
[INFO ][2016-02-08 15:35:53,817][com.java.SeleniumDriver] [  856] - ------------------------------------------
[INFO ][2016-02-08 15:35:53,817][com.java.SeleniumDriver] [  857] - Test case being Executed: 9
[INFO ][2016-02-08 15:35:53,817][com.java.SeleniumDriver] [  869] - Test step:14
[INFO ][2016-02-08 15:35:53,817][com.java.SeleniumDriver] [  881] - Datavalue is----------Rollbackvalue
[INFO ][2016-02-08 15:35:53,817][com.java.SeleniumDriver] [  905] - DataField : SLBddlGLAccount
[INFO ][2016-02-08 15:35:53,817][com.java.SeleniumDriver] [  907] - DataValue : Rollbackvalue
[INFO ][2016-02-08 15:35:53,817][com.java.SeleniumDriver] [  913] - <In Set values of the page>
[INFO ][2016-02-08 15:35:53,817][com.java.SeleniumDriver] [  916] - {Data Fields & Data Values Exist}
[INFO ][2016-02-08 15:35:53,817][com.java.SeleniumDriver] [  918] - --------------------------setting values-----------------------------
[INFO ][2016-02-08 15:35:53,817][com.java.SeleniumDriver] [  921] - Action Type : STOREVALUE
[INFO ][2016-02-08 15:35:53,817][com.java.TestType] [ 9885] - field= SLBddlGLAccount
[INFO ][2016-02-08 15:35:55,239][com.java.SeleniumDriver] [  930] -  RESULT true
[INFO ][2016-02-08 15:35:55,239][com.java.SeleniumDriver] [ 1136] - ?   P A S S   ?
[INFO ][2016-02-08 15:35:55,239][com.java.SeleniumDriver] [  856] - ------------------------------------------
[INFO ][2016-02-08 15:35:55,239][com.java.SeleniumDriver] [  857] - Test case being Executed: 9
[INFO ][2016-02-08 15:35:55,239][com.java.SeleniumDriver] [  869] - Test step:15
[INFO ][2016-02-08 15:35:55,239][com.java.SeleniumDriver] [  881] - Datavalue is----------2
[INFO ][2016-02-08 15:35:55,239][com.java.SeleniumDriver] [  905] - DataField : test
[INFO ][2016-02-08 15:35:55,239][com.java.SeleniumDriver] [  907] - DataValue : 2
[INFO ][2016-02-08 15:35:55,239][com.java.SeleniumDriver] [  913] - <In Set values of the page>
[INFO ][2016-02-08 15:35:55,239][com.java.SeleniumDriver] [  916] - {Data Fields & Data Values Exist}
[INFO ][2016-02-08 15:35:55,239][com.java.SeleniumDriver] [  918] - --------------------------setting values-----------------------------
[INFO ][2016-02-08 15:35:55,239][com.java.SeleniumDriver] [  921] - Action Type : WaitTime
[DEBUG][2016-02-08 15:35:55,239][com.java.TestType] [ 6562] - sleepTime: 2000
[INFO ][2016-02-08 15:35:57,239][com.java.SeleniumDriver] [  930] -  RESULT true
[INFO ][2016-02-08 15:35:57,239][com.java.SeleniumDriver] [ 1136] - ?   P A S S   ?
[INFO ][2016-02-08 15:35:57,239][com.java.SeleniumDriver] [  856] - ------------------------------------------
[INFO ][2016-02-08 15:35:57,239][com.java.SeleniumDriver] [  857] - Test case being Executed: 9
[INFO ][2016-02-08 15:35:57,239][com.java.SeleniumDriver] [  869] - Test step:16
[INFO ][2016-02-08 15:35:57,239][com.java.SeleniumDriver] [  881] - Datavalue is----------index:3
[INFO ][2016-02-08 15:35:57,239][com.java.SeleniumDriver] [  905] - DataField : COBddlGLAccount
[INFO ][2016-02-08 15:35:57,239][com.java.SeleniumDriver] [  907] - DataValue : index:3
[INFO ][2016-02-08 15:35:57,239][com.java.SeleniumDriver] [  913] - <In Set values of the page>
[INFO ][2016-02-08 15:35:57,239][com.java.SeleniumDriver] [  916] - {Data Fields & Data Values Exist}
[INFO ][2016-02-08 15:35:57,239][com.java.SeleniumDriver] [  918] - --------------------------setting values-----------------------------
[INFO ][2016-02-08 15:35:57,239][com.java.SeleniumDriver] [  921] - Action Type : SELECT
[INFO ][2016-02-08 15:35:57,239][com.java.TestType] [ 6748] - value = 3
[INFO ][2016-02-08 15:35:58,361][com.java.TestType] [ 6888] -  In COB ddlGLAccount : 3
[INFO ][2016-02-08 15:35:58,561][com.java.SeleniumDriver] [  930] -  RESULT true
[INFO ][2016-02-08 15:35:58,561][com.java.SeleniumDriver] [ 1136] - ?   P A S S   ?
[INFO ][2016-02-08 15:35:58,561][com.java.SeleniumDriver] [  856] - ------------------------------------------
[INFO ][2016-02-08 15:35:58,561][com.java.SeleniumDriver] [  857] - Test case being Executed: 9
[INFO ][2016-02-08 15:35:58,561][com.java.SeleniumDriver] [  869] - Test step:17
[INFO ][2016-02-08 15:35:58,561][com.java.SeleniumDriver] [  881] - Datavalue is----------2
[INFO ][2016-02-08 15:35:58,561][com.java.SeleniumDriver] [  905] - DataField : test
[INFO ][2016-02-08 15:35:58,561][com.java.SeleniumDriver] [  907] - DataValue : 2
[INFO ][2016-02-08 15:35:58,561][com.java.SeleniumDriver] [  913] - <In Set values of the page>
[INFO ][2016-02-08 15:35:58,561][com.java.SeleniumDriver] [  916] - {Data Fields & Data Values Exist}
[INFO ][2016-02-08 15:35:58,561][com.java.SeleniumDriver] [  918] - --------------------------setting values-----------------------------
[INFO ][2016-02-08 15:35:58,561][com.java.SeleniumDriver] [  921] - Action Type : WaitTime
[DEBUG][2016-02-08 15:35:58,561][com.java.TestType] [ 6562] - sleepTime: 2000
[INFO ][2016-02-08 15:36:00,565][com.java.SeleniumDriver] [  930] -  RESULT true
[INFO ][2016-02-08 15:36:00,565][com.java.SeleniumDriver] [ 1136] - ?   P A S S   ?
[INFO ][2016-02-08 15:36:00,565][com.java.SeleniumDriver] [  856] - ------------------------------------------
[INFO ][2016-02-08 15:36:00,565][com.java.SeleniumDriver] [  857] - Test case being Executed: 9
[INFO ][2016-02-08 15:36:00,565][com.java.SeleniumDriver] [  869] - Test step:18
[INFO ][2016-02-08 15:36:00,565][com.java.SeleniumDriver] [  881] - Datavalue is----------SelectedGLCode
[INFO ][2016-02-08 15:36:00,565][com.java.SeleniumDriver] [  905] - DataField : SLBddlGLAccount
[INFO ][2016-02-08 15:36:00,565][com.java.SeleniumDriver] [  907] - DataValue : SelectedGLCode
[INFO ][2016-02-08 15:36:00,565][com.java.SeleniumDriver] [  913] - <In Set values of the page>
[INFO ][2016-02-08 15:36:00,565][com.java.SeleniumDriver] [  916] - {Data Fields & Data Values Exist}
[INFO ][2016-02-08 15:36:00,565][com.java.SeleniumDriver] [  918] - --------------------------setting values-----------------------------
[INFO ][2016-02-08 15:36:00,565][com.java.SeleniumDriver] [  921] - Action Type : storevalue
[INFO ][2016-02-08 15:36:00,565][com.java.TestType] [ 9885] - field= SLBddlGLAccount
[INFO ][2016-02-08 15:36:01,887][com.java.SeleniumDriver] [  930] -  RESULT true
[INFO ][2016-02-08 15:36:01,887][com.java.SeleniumDriver] [ 1136] - ?   P A S S   ?
[INFO ][2016-02-08 15:36:01,887][com.java.SeleniumDriver] [  856] - ------------------------------------------
[INFO ][2016-02-08 15:36:01,887][com.java.SeleniumDriver] [  857] - Test case being Executed: 9
[INFO ][2016-02-08 15:36:01,887][com.java.SeleniumDriver] [  869] - Test step:19
[INFO ][2016-02-08 15:36:01,887][com.java.SeleniumDriver] [  881] - Datavalue is----------null
[DEBUG][2016-02-08 15:36:01,887][com.java.SeleniumDriver] [  899] - Exception: null
[INFO ][2016-02-08 15:36:01,887][com.java.SeleniumDriver] [  905] - DataField : BTNparent
[INFO ][2016-02-08 15:36:01,887][com.java.SeleniumDriver] [  907] - DataValue : 
[INFO ][2016-02-08 15:36:01,887][com.java.SeleniumDriver] [  913] - <In Set values of the page>
[INFO ][2016-02-08 15:36:01,887][com.java.SeleniumDriver] [  916] - {Data Fields & Data Values Exist}
[INFO ][2016-02-08 15:36:01,887][com.java.SeleniumDriver] [  918] - --------------------------setting values-----------------------------
[INFO ][2016-02-08 15:36:01,887][com.java.SeleniumDriver] [  921] - Action Type : SELECTFRAME
[INFO ][2016-02-08 15:36:01,897][com.java.SeleniumDriver] [  930] -  RESULT true
[INFO ][2016-02-08 15:36:01,897][com.java.SeleniumDriver] [ 1136] - ?   P A S S   ?
[INFO ][2016-02-08 15:36:01,897][com.java.SeleniumDriver] [  856] - ------------------------------------------
[INFO ][2016-02-08 15:36:01,897][com.java.SeleniumDriver] [  857] - Test case being Executed: 9
[INFO ][2016-02-08 15:36:01,897][com.java.SeleniumDriver] [  869] - Test step:20
[INFO ][2016-02-08 15:36:01,897][com.java.SeleniumDriver] [  881] - Datavalue is----------null
[DEBUG][2016-02-08 15:36:01,897][com.java.SeleniumDriver] [  899] - Exception: null
[INFO ][2016-02-08 15:36:01,897][com.java.SeleniumDriver] [  905] - DataField : XPH//span[contains(text(),'Finished')]
[INFO ][2016-02-08 15:36:01,897][com.java.SeleniumDriver] [  907] - DataValue : 
[INFO ][2016-02-08 15:36:01,897][com.java.SeleniumDriver] [  913] - <In Set values of the page>
[INFO ][2016-02-08 15:36:01,897][com.java.SeleniumDriver] [  916] - {Data Fields & Data Values Exist}
[INFO ][2016-02-08 15:36:01,897][com.java.SeleniumDriver] [  918] - --------------------------setting values-----------------------------
[INFO ][2016-02-08 15:36:01,897][com.java.SeleniumDriver] [  921] - Action Type : click
[INFO ][2016-02-08 15:36:01,897][com.java.TestType] [ 7149] - Field ::XPH//span[contains(text(),'Finished')]
[INFO ][2016-02-08 15:36:01,897][com.java.TestType] [ 6748] - value = 
[INFO ][2016-02-08 15:36:02,897][com.java.TestType] [ 7326] - BEFORE CLICK
[INFO ][2016-02-08 15:36:03,757][com.java.TestType] [ 7334] - Unable to click the object Finished button
[INFO ][2016-02-08 15:36:03,757][com.java.SeleniumDriver] [  930] -  RESULT true
[INFO ][2016-02-08 15:36:03,757][com.java.SeleniumDriver] [ 1136] - ?   P A S S   ?
[INFO ][2016-02-08 15:36:03,757][com.java.SeleniumDriver] [  856] - ------------------------------------------
[INFO ][2016-02-08 15:36:03,757][com.java.SeleniumDriver] [  857] - Test case being Executed: 9
[INFO ][2016-02-08 15:36:03,757][com.java.SeleniumDriver] [  869] - Test step:21
[INFO ][2016-02-08 15:36:03,757][com.java.SeleniumDriver] [  881] - Datavalue is----------5
[INFO ][2016-02-08 15:36:03,757][com.java.SeleniumDriver] [  905] - DataField : BTNframeDialogContent
[INFO ][2016-02-08 15:36:03,757][com.java.SeleniumDriver] [  907] - DataValue : 5
[INFO ][2016-02-08 15:36:03,757][com.java.SeleniumDriver] [  913] - <In Set values of the page>
[INFO ][2016-02-08 15:36:03,757][com.java.SeleniumDriver] [  916] - {Data Fields & Data Values Exist}
[INFO ][2016-02-08 15:36:03,757][com.java.SeleniumDriver] [  918] - --------------------------setting values-----------------------------
[INFO ][2016-02-08 15:36:03,757][com.java.SeleniumDriver] [  921] - Action Type : waitforelement
[INFO ][2016-02-08 15:36:05,008][com.java.SeleniumDriver] [  930] -  RESULT true
[INFO ][2016-02-08 15:36:05,008][com.java.SeleniumDriver] [ 1136] - ?   P A S S   ?
[INFO ][2016-02-08 15:36:05,008][com.java.SeleniumDriver] [  856] - ------------------------------------------
[INFO ][2016-02-08 15:36:05,008][com.java.SeleniumDriver] [  857] - Test case being Executed: 9
[INFO ][2016-02-08 15:36:05,008][com.java.SeleniumDriver] [  869] - Test step:22
[INFO ][2016-02-08 15:36:05,008][com.java.SeleniumDriver] [  881] - Datavalue is----------null
[DEBUG][2016-02-08 15:36:05,008][com.java.SeleniumDriver] [  899] - Exception: null
[INFO ][2016-02-08 15:36:05,008][com.java.SeleniumDriver] [  905] - DataField : BTNframeDialogContent
[INFO ][2016-02-08 15:36:05,008][com.java.SeleniumDriver] [  907] - DataValue : 
[INFO ][2016-02-08 15:36:05,008][com.java.SeleniumDriver] [  913] - <In Set values of the page>
[INFO ][2016-02-08 15:36:05,008][com.java.SeleniumDriver] [  916] - {Data Fields & Data Values Exist}
[INFO ][2016-02-08 15:36:05,008][com.java.SeleniumDriver] [  918] - --------------------------setting values-----------------------------
[INFO ][2016-02-08 15:36:05,008][com.java.SeleniumDriver] [  921] - Action Type : SELECTFRAME
[INFO ][2016-02-08 15:36:06,260][com.java.SeleniumDriver] [  930] -  RESULT true
[INFO ][2016-02-08 15:36:06,260][com.java.SeleniumDriver] [ 1136] - ?   P A S S   ?
[INFO ][2016-02-08 15:36:06,260][com.java.SeleniumDriver] [  856] - ------------------------------------------
[INFO ][2016-02-08 15:36:06,260][com.java.SeleniumDriver] [  857] - Test case being Executed: 9
[INFO ][2016-02-08 15:36:06,260][com.java.SeleniumDriver] [  869] - Test step:23
[INFO ][2016-02-08 15:36:06,260][com.java.SeleniumDriver] [  881] - Datavalue is----------5
[INFO ][2016-02-08 15:36:06,260][com.java.SeleniumDriver] [  905] - DataField : BTNbtnModify
[INFO ][2016-02-08 15:36:06,260][com.java.SeleniumDriver] [  907] - DataValue : 5
[INFO ][2016-02-08 15:36:06,260][com.java.SeleniumDriver] [  913] - <In Set values of the page>
[INFO ][2016-02-08 15:36:06,260][com.java.SeleniumDriver] [  916] - {Data Fields & Data Values Exist}
[INFO ][2016-02-08 15:36:06,260][com.java.SeleniumDriver] [  918] - --------------------------setting values-----------------------------
[INFO ][2016-02-08 15:36:06,260][com.java.SeleniumDriver] [  921] - Action Type : waitforelement
[INFO ][2016-02-08 15:36:07,340][com.java.SeleniumDriver] [  930] -  RESULT true
[INFO ][2016-02-08 15:36:07,340][com.java.SeleniumDriver] [ 1136] - ?   P A S S   ?
[INFO ][2016-02-08 15:36:07,340][com.java.SeleniumDriver] [  856] - ------------------------------------------
[INFO ][2016-02-08 15:36:07,340][com.java.SeleniumDriver] [  857] - Test case being Executed: 9
[INFO ][2016-02-08 15:36:07,340][com.java.SeleniumDriver] [  869] - Test step:24
[INFO ][2016-02-08 15:36:07,340][com.java.SeleniumDriver] [  881] - Datavalue is----------5
[INFO ][2016-02-08 15:36:07,340][com.java.SeleniumDriver] [  905] - DataField : DSPddlLoanProductCodes
[INFO ][2016-02-08 15:36:07,340][com.java.SeleniumDriver] [  907] - DataValue : 5
[INFO ][2016-02-08 15:36:07,340][com.java.SeleniumDriver] [  913] - <In Set values of the page>
[INFO ][2016-02-08 15:36:07,340][com.java.SeleniumDriver] [  916] - {Data Fields & Data Values Exist}
[INFO ][2016-02-08 15:36:07,340][com.java.SeleniumDriver] [  918] - --------------------------setting values-----------------------------
[INFO ][2016-02-08 15:36:07,340][com.java.SeleniumDriver] [  921] - Action Type : waitforelement
[INFO ][2016-02-08 15:36:08,482][com.java.SeleniumDriver] [  930] -  RESULT true
[INFO ][2016-02-08 15:36:08,482][com.java.SeleniumDriver] [ 1136] - ?   P A S S   ?
[INFO ][2016-02-08 15:36:08,482][com.java.SeleniumDriver] [  856] - ------------------------------------------
[INFO ][2016-02-08 15:36:08,482][com.java.SeleniumDriver] [  857] - Test case being Executed: 9
[INFO ][2016-02-08 15:36:08,482][com.java.SeleniumDriver] [  869] - Test step:25
[INFO ][2016-02-08 15:36:08,482][com.java.SeleniumDriver] [  881] - Datavalue is----------HMVSelectedLPC
[INFO ][2016-02-08 15:36:08,482][com.java.SeleniumDriver] [  905] - DataField : SLBddlLoanProductCodes
[INFO ][2016-02-08 15:36:08,482][com.java.SeleniumDriver] [  907] - DataValue : HMVSelectedLPC
[INFO ][2016-02-08 15:36:08,482][com.java.SeleniumDriver] [  913] - <In Set values of the page>
[INFO ][2016-02-08 15:36:08,482][com.java.SeleniumDriver] [  916] - {Data Fields & Data Values Exist}
[INFO ][2016-02-08 15:36:08,482][com.java.SeleniumDriver] [  918] - --------------------------setting values-----------------------------
[INFO ][2016-02-08 15:36:08,482][com.java.SeleniumDriver] [  921] - Action Type : SELECT
[INFO ][2016-02-08 15:36:08,482][com.java.TestType] [ 6748] - value = A7
[INFO ][2016-02-08 15:36:10,775][com.java.SeleniumDriver] [  930] -  RESULT true
[INFO ][2016-02-08 15:36:10,775][com.java.SeleniumDriver] [ 1136] - ?   P A S S   ?
[INFO ][2016-02-08 15:36:10,775][com.java.SeleniumDriver] [  856] - ------------------------------------------
[INFO ][2016-02-08 15:36:10,775][com.java.SeleniumDriver] [  857] - Test case being Executed: 9
[INFO ][2016-02-08 15:36:10,775][com.java.SeleniumDriver] [  869] - Test step:26
[INFO ][2016-02-08 15:36:10,775][com.java.SeleniumDriver] [  881] - Datavalue is----------null
[DEBUG][2016-02-08 15:36:10,775][com.java.SeleniumDriver] [  899] - Exception: null
[INFO ][2016-02-08 15:36:10,775][com.java.SeleniumDriver] [  905] - DataField : BTNbtnModify
[INFO ][2016-02-08 15:36:10,775][com.java.SeleniumDriver] [  907] - DataValue : 
[INFO ][2016-02-08 15:36:10,775][com.java.SeleniumDriver] [  913] - <In Set values of the page>
[INFO ][2016-02-08 15:36:10,775][com.java.SeleniumDriver] [  916] - {Data Fields & Data Values Exist}
[INFO ][2016-02-08 15:36:10,775][com.java.SeleniumDriver] [  918] - --------------------------setting values-----------------------------
[INFO ][2016-02-08 15:36:10,775][com.java.SeleniumDriver] [  921] - Action Type : click
[INFO ][2016-02-08 15:36:10,775][com.java.TestType] [ 7149] - Field ::BTNbtnModify
[INFO ][2016-02-08 15:36:10,775][com.java.TestType] [ 6748] - value = 
[INFO ][2016-02-08 15:36:11,775][com.java.TestType] [ 7305] - BEFORE CLICK
[INFO ][2016-02-08 15:36:13,076][com.java.TestType] [ 7312] - Unable to click the object Modify button
[INFO ][2016-02-08 15:36:13,076][com.java.SeleniumDriver] [  930] -  RESULT true
[INFO ][2016-02-08 15:36:13,076][com.java.SeleniumDriver] [ 1136] - ?   P A S S   ?
[INFO ][2016-02-08 15:36:13,076][com.java.SeleniumDriver] [  856] - ------------------------------------------
[INFO ][2016-02-08 15:36:13,076][com.java.SeleniumDriver] [  857] - Test case being Executed: 9
[INFO ][2016-02-08 15:36:13,076][com.java.SeleniumDriver] [  869] - Test step:27
[INFO ][2016-02-08 15:36:13,076][com.java.SeleniumDriver] [  881] - Datavalue is----------10
[INFO ][2016-02-08 15:36:13,076][com.java.SeleniumDriver] [  905] - DataField : DSPddlGLAccount
[INFO ][2016-02-08 15:36:13,076][com.java.SeleniumDriver] [  907] - DataValue : 10
[INFO ][2016-02-08 15:36:13,076][com.java.SeleniumDriver] [  913] - <In Set values of the page>
[INFO ][2016-02-08 15:36:13,076][com.java.SeleniumDriver] [  916] - {Data Fields & Data Values Exist}
[INFO ][2016-02-08 15:36:13,076][com.java.SeleniumDriver] [  918] - --------------------------setting values-----------------------------
[INFO ][2016-02-08 15:36:13,076][com.java.SeleniumDriver] [  921] - Action Type : waitforelement
[INFO ][2016-02-08 15:36:14,178][com.java.SeleniumDriver] [  930] -  RESULT true
[INFO ][2016-02-08 15:36:14,178][com.java.SeleniumDriver] [ 1136] - ?   P A S S   ?
[INFO ][2016-02-08 15:36:14,178][com.java.SeleniumDriver] [  856] - ------------------------------------------
[INFO ][2016-02-08 15:36:14,178][com.java.SeleniumDriver] [  857] - Test case being Executed: 9
[INFO ][2016-02-08 15:36:14,178][com.java.SeleniumDriver] [  869] - Test step:28
[INFO ][2016-02-08 15:36:14,178][com.java.SeleniumDriver] [  881] - Datavalue is----------HMVSelectedGLCode
[INFO ][2016-02-08 15:36:14,178][com.java.SeleniumDriver] [  905] - DataField : COBddlGLAccount
[INFO ][2016-02-08 15:36:14,178][com.java.SeleniumDriver] [  907] - DataValue : HMVSelectedGLCode
[INFO ][2016-02-08 15:36:14,178][com.java.SeleniumDriver] [  913] - <In Set values of the page>
[INFO ][2016-02-08 15:36:14,178][com.java.SeleniumDriver] [  916] - {Data Fields & Data Values Exist}
[INFO ][2016-02-08 15:36:14,178][com.java.SeleniumDriver] [  918] - --------------------------setting values-----------------------------
[INFO ][2016-02-08 15:36:14,178][com.java.SeleniumDriver] [  921] - Action Type : VERIFY
[INFO ][2016-02-08 15:36:14,178][com.java.TestType] [ 8382] - field= COBddlGLAccount value= HMVSelectedGLCode
[INFO ][2016-02-08 15:36:14,178][com.java.TestType] [ 6748] - value = 14000300-FARMLAND
[ERROR][2016-02-08 15:36:15,539][com.java.TestType] [ 8935] - Exception: No options are selected
For documentation on this error, please visit: http://seleniumhq.org/exceptions/no_such_element.html
Build info: version: '2.48.2', revision: '41bccdd', time: '2015-10-09 19:59:12'
System info: host: 'FVTIII438F1D', ip: '172.17.68.34', os.name: 'Windows 7', os.arch: 'x86', os.version: '6.1', java.version: '1.7.0_55'
Driver info: driver.version: SeleniumDriver
[INFO ][2016-02-08 15:36:15,539][com.java.SeleniumDriver] [  930] -  RESULT false
[INFO ][2016-02-08 15:36:15,539][com.java.SeleniumDriver] [  977] - ?   F A I L   ?
[INFO ][2016-02-08 15:36:15,539][com.java.SeleniumDriver] [  985] - Browser Type : IE10
[INFO ][2016-02-08 15:36:15,539][com.java.SeleniumDriver] [  986] - Adding Failed case9
[INFO ][2016-02-08 15:36:15,829][com.java.SeleniumDriver] [ 1100] - failedCases = 9
[ERROR][2016-02-08 15:36:15,829][com.java.SeleniumDriver] [ 1599] - Platform Errors : Our apologies...::We have encountered an issue with your request.::Our apologies?:We encountered an issue with your request.
[INFO ][2016-02-08 15:36:15,829][com.java.SeleniumDriver] [ 1603] - Length =3
[ERROR][2016-02-08 15:36:15,829][com.java.SeleniumDriver] [ 1606] - Error 0 = Our apologies...
[ERROR][2016-02-08 15:36:15,949][com.java.SeleniumDriver] [ 1606] - Error 1 = We have encountered an issue with your request.
[ERROR][2016-02-08 15:36:15,969][com.java.SeleniumDriver] [ 1606] - Error 2 = Our apologies?:We encountered an issue with your request.
[INFO ][2016-02-08 15:36:15,989][com.java.SeleniumDriver] [ 1617] - strError:
[DEBUG][2016-02-08 15:36:15,999][com.java.SeleniumDriver] [ 1248] - Case found
[DEBUG][2016-02-08 15:36:15,999][com.java.SeleniumDriver] [ 1253] - Incrementing ReportCounters[0]:2
[INFO ][2016-02-08 15:36:15,999][com.java.SeleniumDriver] [ 1272] - The results are-------------------[9, 28, Admin: AL Mapping: Loan Product Codes: Modify, Fail, 
Test case failed at Step No. :: 28   Error Message ::  ComboBox not found :14000300-FARMLAND. Screen Shot : D:\BankersDashboard\TestReports\020816\9_020816_153615_IE10.png, Mon Feb 08 15:36:15 IST 2016]
[INFO ][2016-02-08 15:36:15,999][com.java.SeleniumDriver] [ 1276] - End time is-------2 min 32 sec
[INFO ][2016-02-08 15:36:15,999][com.java.SeleniumDriver] [ 1277] - The results are-------------------[9, 28, Admin: AL Mapping: Loan Product Codes: Modify, Fail, 
Test case failed at Step No. :: 28   Error Message ::  ComboBox not found :14000300-FARMLAND. Screen Shot : D:\BankersDashboard\TestReports\020816\9_020816_153615_IE10.png, Mon Feb 08 15:36:15 IST 2016]
[DEBUG][2016-02-08 15:36:15,999][com.java.ImportnExport.ExportTestResultsExcel] [  222] - testResultPath = D:\BankersDashboard/TestReports/Test Results_BankersDashBoard_020816_153345_IE10_United Bank.xls
[DEBUG][2016-02-08 15:36:15,999][com.java.ImportnExport.ExportTestResultsExcel] [  223] - browser is------------IE10
[DEBUG][2016-02-08 15:36:15,999][com.java.ImportnExport.ExportTestResultsExcel] [  270] - result.size() = 6
[DEBUG][2016-02-08 15:36:15,999][com.java.ImportnExport.ExportTestResultsExcel] [  274] - No of rows in sheet=2
[DEBUG][2016-02-08 15:36:15,999][com.java.ImportnExport.ExportTestResultsExcel] [  301] - ..in export..9
[DEBUG][2016-02-08 15:36:15,999][com.java.ImportnExport.ExportTestResultsExcel] [  301] - ..in export..Admin: AL Mapping: Loan Product Codes: Modify
[DEBUG][2016-02-08 15:36:15,999][com.java.ImportnExport.ExportTestResultsExcel] [  301] - ..in export..Fail
[DEBUG][2016-02-08 15:36:15,999][com.java.ImportnExport.ExportTestResultsExcel] [  301] - ..in export..
Test case failed at Step No. :: 28   Error Message ::  ComboBox not found :14000300-FARMLAND. Screen Shot : D:\BankersDashboard\TestReports\020816\9_020816_153615_IE10.png
[DEBUG][2016-02-08 15:36:15,999][com.java.ImportnExport.ExportTestResultsExcel] [  301] - ..in export..Mon Feb 08 15:36:15 IST 2016
[INFO ][2016-02-08 15:36:15,999][com.java.SeleniumDriver] [ 1337] - out loop:1 size:6 TestCases:[1, 9, 12, 16, 21, 22] testcases:[1, 9, 12, 16, 21, 22]
[INFO ][2016-02-08 15:36:15,999][com.java.ImportnExport.ImportTestDataDetailsExcel] [   49] - test data details path===== D:\BankersDashboard\TestInputs\TestData.xls
[INFO ][2016-02-08 15:36:36,030][com.java.SeleniumDriver] [  856] - ------------------------------------------
[INFO ][2016-02-08 15:36:36,030][com.java.SeleniumDriver] [  857] - Test case being Executed: 12
[INFO ][2016-02-08 15:36:36,030][com.java.SeleniumDriver] [  869] - Test step:1
[INFO ][2016-02-08 15:36:36,030][com.java.SeleniumDriver] [  881] - Datavalue is----------Logout
[INFO ][2016-02-08 15:36:36,030][com.java.SeleniumDriver] [  905] - DataField : BTN
[INFO ][2016-02-08 15:36:36,030][com.java.SeleniumDriver] [  907] - DataValue : Logout
[INFO ][2016-02-08 15:36:36,030][com.java.SeleniumDriver] [  913] - <In Set values of the page>
[INFO ][2016-02-08 15:36:36,030][com.java.SeleniumDriver] [  916] - {Data Fields & Data Values Exist}
[INFO ][2016-02-08 15:36:36,030][com.java.SeleniumDriver] [  918] - --------------------------setting values-----------------------------
[INFO ][2016-02-08 15:36:36,030][com.java.SeleniumDriver] [  921] - Action Type : VERIFY
[INFO ][2016-02-08 15:36:36,030][com.java.TestType] [ 8382] - field= BTN value= Logout
[INFO ][2016-02-08 15:36:36,030][com.java.TestType] [ 6748] - value = Logout
[INFO ][2016-02-08 15:36:36,171][com.java.SeleniumDriver] [  930] -  RESULT true
[INFO ][2016-02-08 15:36:36,171][com.java.SeleniumDriver] [ 1136] - ?   P A S S   ?
[INFO ][2016-02-08 15:36:36,171][com.java.SeleniumDriver] [ 1178] - step change to 3
[INFO ][2016-02-08 15:36:36,171][com.java.SeleniumDriver] [  856] - ------------------------------------------
[INFO ][2016-02-08 15:36:36,171][com.java.SeleniumDriver] [  857] - Test case being Executed: 12
[INFO ][2016-02-08 15:36:36,171][com.java.SeleniumDriver] [  869] - Test step:3
[INFO ][2016-02-08 15:36:36,171][com.java.SeleniumDriver] [  881] - Datavalue is----------Concept#2:1-2
[INFO ][2016-02-08 15:36:36,171][com.java.SeleniumDriver] [  905] - DataField : test
[INFO ][2016-02-08 15:36:36,171][com.java.SeleniumDriver] [  907] - DataValue : Concept#2:1-2
[INFO ][2016-02-08 15:36:36,171][com.java.SeleniumDriver] [  913] - <In Set values of the page>
[INFO ][2016-02-08 15:36:36,171][com.java.SeleniumDriver] [  916] - {Data Fields & Data Values Exist}
[INFO ][2016-02-08 15:36:36,171][com.java.SeleniumDriver] [  918] - --------------------------setting values-----------------------------
[INFO ][2016-02-08 15:36:36,171][com.java.SeleniumDriver] [  921] - Action Type : ExecuteTestCase
[INFO ][2016-02-08 15:36:36,171][com.java.TestType] [  448] - The Concept sheet name is ---------- Concept
[INFO ][2016-02-08 15:36:36,171][com.java.TestType] [  451] - The Concept ID  is ---------- 2
[DEBUG][2016-02-08 15:36:36,171][com.java.TestType] [  455] - Steps being executted in the Concept are: 1:2
[INFO ][2016-02-08 15:36:36,171][com.java.TestType] [  462] - Test data details path ---------- D:\BankersDashboard\TestInputs\TestData.xls
[INFO ][2016-02-08 15:36:36,201][com.java.TestType] [  493] -  str(1) = 2
[INFO ][2016-02-08 15:36:36,201][com.java.TestType] [  496] - Test case Id is---2
[INFO ][2016-02-08 15:36:36,201][com.java.TestType] [  498] - 2
[INFO ][2016-02-08 15:36:36,201][com.java.TestType] [  493] -  str(2) = 1
[INFO ][2016-02-08 15:36:36,211][com.java.TestType] [  493] -  str(1) = 2
[INFO ][2016-02-08 15:36:36,211][com.java.TestType] [  496] - Test case Id is---2
[INFO ][2016-02-08 15:36:36,211][com.java.TestType] [  498] - 2
[INFO ][2016-02-08 15:36:36,211][com.java.TestType] [  493] -  str(2) = 2
[INFO ][2016-02-08 15:36:36,211][com.java.TestType] [  493] -  str(1) = 2
[INFO ][2016-02-08 15:36:36,211][com.java.TestType] [  496] - Test case Id is---2
[INFO ][2016-02-08 15:36:36,211][com.java.TestType] [  498] - 2
[INFO ][2016-02-08 15:36:36,211][com.java.TestType] [  493] -  str(2) = 3
[INFO ][2016-02-08 15:36:36,211][com.java.TestType] [12120] - Looping 1TCID = 2
[DEBUG][2016-02-08 15:36:36,211][com.java.TestType] [12161] - Concept ID:2 :: Step being Executed: 2::1
[INFO ][2016-02-08 15:36:36,211][com.java.TestType] [12199] - dataFields : BNK//select[@id='bank']
[DEBUG][2016-02-08 15:36:36,211][com.java.TestType] [12205] - <In Set values of the page>
[DEBUG][2016-02-08 15:36:36,211][com.java.TestType] [12210] - {Data Fields & Data Values Exist}
[INFO ][2016-02-08 15:36:36,211][com.java.TestType] [12216] - --------------------------setting values-----------------------------
[INFO ][2016-02-08 15:36:36,211][com.java.TestType] [12219] - Action Type : Select
[INFO ][2016-02-08 15:36:36,211][com.java.TestType] [ 6748] - value = PFC
[INFO ][2016-02-08 15:36:36,521][com.java.TestType] [12238] -  RESULT true
[INFO ][2016-02-08 15:36:36,521][com.java.TestType] [12355] - ?   P A S S   ?
[DEBUG][2016-02-08 15:36:36,521][com.java.TestType] [12161] - Concept ID:2 :: Step being Executed: 2::2
[INFO ][2016-02-08 15:36:36,521][com.java.TestType] [12199] - dataFields : LNKLogout
[DEBUG][2016-02-08 15:36:36,521][com.java.TestType] [12205] - <In Set values of the page>
[DEBUG][2016-02-08 15:36:36,521][com.java.TestType] [12210] - {Data Fields & Data Values Exist}
[INFO ][2016-02-08 15:36:36,521][com.java.TestType] [12216] - --------------------------setting values-----------------------------
[INFO ][2016-02-08 15:36:36,521][com.java.TestType] [12219] - Action Type : WaitTime
[DEBUG][2016-02-08 15:36:36,521][com.java.TestType] [ 6562] - sleepTime: 5000
[INFO ][2016-02-08 15:36:41,521][com.java.TestType] [12238] -  RESULT true
[INFO ][2016-02-08 15:36:41,521][com.java.TestType] [12355] - ?   P A S S   ?
[INFO ][2016-02-08 15:36:41,521][com.java.TestType] [12426] - Looping End......
[INFO ][2016-02-08 15:36:41,521][com.java.SeleniumDriver] [  930] -  RESULT true
[INFO ][2016-02-08 15:36:41,521][com.java.SeleniumDriver] [ 1136] - ?   P A S S   ?
[INFO ][2016-02-08 15:36:41,521][com.java.SeleniumDriver] [  856] - ------------------------------------------
[INFO ][2016-02-08 15:36:41,521][com.java.SeleniumDriver] [  857] - Test case being Executed: 12
[INFO ][2016-02-08 15:36:41,521][com.java.SeleniumDriver] [  869] - Test step:4
[INFO ][2016-02-08 15:36:41,521][com.java.SeleniumDriver] [  881] - Datavalue is----------null
[DEBUG][2016-02-08 15:36:41,521][com.java.SeleniumDriver] [  899] - Exception: null
[INFO ][2016-02-08 15:36:41,521][com.java.SeleniumDriver] [  905] - DataField : //span[@class='icon-user4']&&//a[text()='Company Settings']&&//a[@data-id="RatedLoans"]
[INFO ][2016-02-08 15:36:41,521][com.java.SeleniumDriver] [  907] - DataValue : 
[INFO ][2016-02-08 15:36:41,521][com.java.SeleniumDriver] [  913] - <In Set values of the page>
[INFO ][2016-02-08 15:36:41,521][com.java.SeleniumDriver] [  916] - {Data Fields & Data Values Exist}
[INFO ][2016-02-08 15:36:41,521][com.java.SeleniumDriver] [  918] - --------------------------setting values-----------------------------
[INFO ][2016-02-08 15:36:41,521][com.java.SeleniumDriver] [  921] - Action Type : MOUSEOVER
[INFO ][2016-02-08 15:37:26,350][com.java.SeleniumDriver] [  930] -  RESULT true
[INFO ][2016-02-08 15:37:26,350][com.java.SeleniumDriver] [ 1136] - ?   P A S S   ?
[INFO ][2016-02-08 15:37:26,350][com.java.SeleniumDriver] [  856] - ------------------------------------------
[INFO ][2016-02-08 15:37:26,350][com.java.SeleniumDriver] [  857] - Test case being Executed: 12
[INFO ][2016-02-08 15:37:26,350][com.java.SeleniumDriver] [  869] - Test step:5
[INFO ][2016-02-08 15:37:26,350][com.java.SeleniumDriver] [  881] - Datavalue is----------Rated Loan Categories
[INFO ][2016-02-08 15:37:26,350][com.java.SeleniumDriver] [  905] - DataField : XPH//span[contains(text(), 'Rated Loan Categories')]
[INFO ][2016-02-08 15:37:26,350][com.java.SeleniumDriver] [  907] - DataValue : Rated Loan Categories
[INFO ][2016-02-08 15:37:26,350][com.java.SeleniumDriver] [  913] - <In Set values of the page>
[INFO ][2016-02-08 15:37:26,350][com.java.SeleniumDriver] [  916] - {Data Fields & Data Values Exist}
[INFO ][2016-02-08 15:37:26,350][com.java.SeleniumDriver] [  918] - --------------------------setting values-----------------------------
[INFO ][2016-02-08 15:37:26,350][com.java.SeleniumDriver] [  921] - Action Type : VERIFY
[INFO ][2016-02-08 15:37:26,350][com.java.TestType] [ 8382] - field= XPH//span[contains(text(), 'Rated Loan Categories')] value= Rated Loan Categories
[INFO ][2016-02-08 15:37:26,350][com.java.TestType] [ 6748] - value = Rated Loan Categories
[INFO ][2016-02-08 15:37:26,521][com.java.SeleniumDriver] [  930] -  RESULT true
[INFO ][2016-02-08 15:37:26,521][com.java.SeleniumDriver] [ 1136] - ?   P A S S   ?
[INFO ][2016-02-08 15:37:26,521][com.java.SeleniumDriver] [  856] - ------------------------------------------
[INFO ][2016-02-08 15:37:26,521][com.java.SeleniumDriver] [  857] - Test case being Executed: 12
[INFO ][2016-02-08 15:37:26,521][com.java.SeleniumDriver] [  869] - Test step:6
[INFO ][2016-02-08 15:37:26,521][com.java.SeleniumDriver] [  881] - Datavalue is----------null
[DEBUG][2016-02-08 15:37:26,521][com.java.SeleniumDriver] [  899] - Exception: null
[INFO ][2016-02-08 15:37:26,521][com.java.SeleniumDriver] [  905] - DataField : BTNframeDialogContent
[INFO ][2016-02-08 15:37:26,521][com.java.SeleniumDriver] [  907] - DataValue : 
[INFO ][2016-02-08 15:37:26,521][com.java.SeleniumDriver] [  913] - <In Set values of the page>
[INFO ][2016-02-08 15:37:26,521][com.java.SeleniumDriver] [  916] - {Data Fields & Data Values Exist}
[INFO ][2016-02-08 15:37:26,521][com.java.SeleniumDriver] [  918] - --------------------------setting values-----------------------------
[INFO ][2016-02-08 15:37:26,521][com.java.SeleniumDriver] [  921] - Action Type : SELECTFRAME
[INFO ][2016-02-08 15:37:27,852][com.java.SeleniumDriver] [  930] -  RESULT true
[INFO ][2016-02-08 15:37:27,852][com.java.SeleniumDriver] [ 1136] - ?   P A S S   ?
[INFO ][2016-02-08 15:37:27,852][com.java.SeleniumDriver] [  856] - ------------------------------------------
[INFO ][2016-02-08 15:37:27,852][com.java.SeleniumDriver] [  857] - Test case being Executed: 12
[INFO ][2016-02-08 15:37:27,852][com.java.SeleniumDriver] [  869] - Test step:7
[INFO ][2016-02-08 15:37:27,852][com.java.SeleniumDriver] [  881] - Datavalue is----------null
[DEBUG][2016-02-08 15:37:27,852][com.java.SeleniumDriver] [  899] - Exception: null
[INFO ][2016-02-08 15:37:27,852][com.java.SeleniumDriver] [  905] - DataField : BTNbtnAddNew
[INFO ][2016-02-08 15:37:27,852][com.java.SeleniumDriver] [  907] - DataValue : 
[INFO ][2016-02-08 15:37:27,852][com.java.SeleniumDriver] [  913] - <In Set values of the page>
[INFO ][2016-02-08 15:37:27,852][com.java.SeleniumDriver] [  916] - {Data Fields & Data Values Exist}
[INFO ][2016-02-08 15:37:27,852][com.java.SeleniumDriver] [  918] - --------------------------setting values-----------------------------
[INFO ][2016-02-08 15:37:27,852][com.java.SeleniumDriver] [  921] - Action Type : CLICK
[INFO ][2016-02-08 15:37:27,852][com.java.TestType] [ 7149] - Field ::BTNbtnAddNew
[INFO ][2016-02-08 15:37:27,852][com.java.TestType] [ 6748] - value = 
[INFO ][2016-02-08 15:37:28,851][com.java.TestType] [ 7305] - BEFORE CLICK
[INFO ][2016-02-08 15:37:30,082][com.java.TestType] [ 7312] - Unable to click the object Add New Category button
[INFO ][2016-02-08 15:37:30,082][com.java.SeleniumDriver] [  930] -  RESULT true
[INFO ][2016-02-08 15:37:30,082][com.java.SeleniumDriver] [ 1136] - ?   P A S S   ?
[INFO ][2016-02-08 15:37:30,082][com.java.SeleniumDriver] [  856] - ------------------------------------------
[INFO ][2016-02-08 15:37:30,082][com.java.SeleniumDriver] [  857] - Test case being Executed: 12
[INFO ][2016-02-08 15:37:30,082][com.java.SeleniumDriver] [  869] - Test step:8
[INFO ][2016-02-08 15:37:30,082][com.java.SeleniumDriver] [  881] - Datavalue is----------5
[INFO ][2016-02-08 15:37:30,082][com.java.SeleniumDriver] [  905] - DataField : XPH//td[contains(text(),'Description')]
[INFO ][2016-02-08 15:37:30,082][com.java.SeleniumDriver] [  907] - DataValue : 5
[INFO ][2016-02-08 15:37:30,082][com.java.SeleniumDriver] [  913] - <In Set values of the page>
[INFO ][2016-02-08 15:37:30,082][com.java.SeleniumDriver] [  916] - {Data Fields & Data Values Exist}
[INFO ][2016-02-08 15:37:30,082][com.java.SeleniumDriver] [  918] - --------------------------setting values-----------------------------
[INFO ][2016-02-08 15:37:30,082][com.java.SeleniumDriver] [  921] - Action Type : WAITFORELEMENT
[INFO ][2016-02-08 15:37:30,112][com.java.SeleniumDriver] [  930] -  RESULT true
[INFO ][2016-02-08 15:37:30,112][com.java.SeleniumDriver] [ 1136] - ?   P A S S   ?
[INFO ][2016-02-08 15:37:30,112][com.java.SeleniumDriver] [  856] - ------------------------------------------
[INFO ][2016-02-08 15:37:30,112][com.java.SeleniumDriver] [  857] - Test case being Executed: 12
[INFO ][2016-02-08 15:37:30,112][com.java.SeleniumDriver] [  869] - Test step:9
[INFO ][2016-02-08 15:37:30,112][com.java.SeleniumDriver] [  881] - Datavalue is----------//td[contains(text(),'Description')]
[INFO ][2016-02-08 15:37:30,112][com.java.SeleniumDriver] [  905] - DataField : BTN
[INFO ][2016-02-08 15:37:30,112][com.java.SeleniumDriver] [  907] - DataValue : //td[contains(text(),'Description')]
[INFO ][2016-02-08 15:37:30,112][com.java.SeleniumDriver] [  913] - <In Set values of the page>
[INFO ][2016-02-08 15:37:30,112][com.java.SeleniumDriver] [  916] - {Data Fields & Data Values Exist}
[INFO ][2016-02-08 15:37:30,112][com.java.SeleniumDriver] [  918] - --------------------------setting values-----------------------------
[INFO ][2016-02-08 15:37:30,112][com.java.SeleniumDriver] [  921] - Action Type : VERIFY
[INFO ][2016-02-08 15:37:30,112][com.java.TestType] [ 8382] - field= BTN value= //td[contains(text(),'Description')]
[INFO ][2016-02-08 15:37:30,112][com.java.TestType] [ 6748] - value = //td[contains(text(),'Description')]
[INFO ][2016-02-08 15:37:30,152][com.java.SeleniumDriver] [  930] -  RESULT true
[INFO ][2016-02-08 15:37:30,152][com.java.SeleniumDriver] [ 1136] - ?   P A S S   ?
[INFO ][2016-02-08 15:37:30,152][com.java.SeleniumDriver] [  856] - ------------------------------------------
[INFO ][2016-02-08 15:37:30,152][com.java.SeleniumDriver] [  857] - Test case being Executed: 12
[INFO ][2016-02-08 15:37:30,152][com.java.SeleniumDriver] [  869] - Test step:10
[INFO ][2016-02-08 15:37:30,152][com.java.SeleniumDriver] [  881] - Datavalue is----------//td[contains(text(),'Rated Loan*')]
[INFO ][2016-02-08 15:37:30,152][com.java.SeleniumDriver] [  905] - DataField : BTN
[INFO ][2016-02-08 15:37:30,152][com.java.SeleniumDriver] [  907] - DataValue : //td[contains(text(),'Rated Loan*')]
[INFO ][2016-02-08 15:37:30,152][com.java.SeleniumDriver] [  913] - <In Set values of the page>
[INFO ][2016-02-08 15:37:30,152][com.java.SeleniumDriver] [  916] - {Data Fields & Data Values Exist}
[INFO ][2016-02-08 15:37:30,152][com.java.SeleniumDriver] [  918] - --------------------------setting values-----------------------------
[INFO ][2016-02-08 15:37:30,152][com.java.SeleniumDriver] [  921] - Action Type : VERIFY
[INFO ][2016-02-08 15:37:30,152][com.java.TestType] [ 8382] - field= BTN value= //td[contains(text(),'Rated Loan*')]
[INFO ][2016-02-08 15:37:30,152][com.java.TestType] [ 6748] - value = //td[contains(text(),'Rated Loan*')]
[INFO ][2016-02-08 15:37:30,192][com.java.SeleniumDriver] [  930] -  RESULT true
[INFO ][2016-02-08 15:37:30,192][com.java.SeleniumDriver] [ 1136] - ?   P A S S   ?
[INFO ][2016-02-08 15:37:30,192][com.java.SeleniumDriver] [  856] - ------------------------------------------
[INFO ][2016-02-08 15:37:30,192][com.java.SeleniumDriver] [  857] - Test case being Executed: 12
[INFO ][2016-02-08 15:37:30,192][com.java.SeleniumDriver] [  869] - Test step:11
[INFO ][2016-02-08 15:37:30,192][com.java.SeleniumDriver] [  881] - Datavalue is----------RNDVLTest
[INFO ][2016-02-08 15:37:30,192][com.java.SeleniumDriver] [  905] - DataField : TXTtxtDescription
[INFO ][2016-02-08 15:37:30,192][com.java.SeleniumDriver] [  907] - DataValue : RNDVLTest
[INFO ][2016-02-08 15:37:30,192][com.java.SeleniumDriver] [  913] - <In Set values of the page>
[INFO ][2016-02-08 15:37:30,192][com.java.SeleniumDriver] [  916] - {Data Fields & Data Values Exist}
[INFO ][2016-02-08 15:37:30,192][com.java.SeleniumDriver] [  918] - --------------------------setting values-----------------------------
[INFO ][2016-02-08 15:37:30,192][com.java.SeleniumDriver] [  921] - Action Type : CLEARANDENTER
[INFO ][2016-02-08 15:37:31,323][com.java.TestType] [ 6748] - value = VLTest92376
[INFO ][2016-02-08 15:37:32,904][com.java.SeleniumDriver] [  930] -  RESULT true
[INFO ][2016-02-08 15:37:32,904][com.java.SeleniumDriver] [ 1136] - ?   P A S S   ?
[INFO ][2016-02-08 15:37:32,904][com.java.SeleniumDriver] [  856] - ------------------------------------------
[INFO ][2016-02-08 15:37:32,904][com.java.SeleniumDriver] [  857] - Test case being Executed: 12
[INFO ][2016-02-08 15:37:32,904][com.java.SeleniumDriver] [  869] - Test step:12
[INFO ][2016-02-08 15:37:32,904][com.java.SeleniumDriver] [  881] - Datavalue is----------2
[INFO ][2016-02-08 15:37:32,904][com.java.SeleniumDriver] [  905] - DataField : test
[INFO ][2016-02-08 15:37:32,904][com.java.SeleniumDriver] [  907] - DataValue : 2
[INFO ][2016-02-08 15:37:32,904][com.java.SeleniumDriver] [  913] - <In Set values of the page>
[INFO ][2016-02-08 15:37:32,904][com.java.SeleniumDriver] [  916] - {Data Fields & Data Values Exist}
[INFO ][2016-02-08 15:37:32,904][com.java.SeleniumDriver] [  918] - --------------------------setting values-----------------------------
[INFO ][2016-02-08 15:37:32,904][com.java.SeleniumDriver] [  921] - Action Type : WAITTIME
[DEBUG][2016-02-08 15:37:32,904][com.java.TestType] [ 6562] - sleepTime: 2000
[INFO ][2016-02-08 15:37:34,904][com.java.SeleniumDriver] [  930] -  RESULT true
[INFO ][2016-02-08 15:37:34,904][com.java.SeleniumDriver] [ 1136] - ?   P A S S   ?
[INFO ][2016-02-08 15:37:34,904][com.java.SeleniumDriver] [  856] - ------------------------------------------
[INFO ][2016-02-08 15:37:34,904][com.java.SeleniumDriver] [  857] - Test case being Executed: 12
[INFO ][2016-02-08 15:37:34,904][com.java.SeleniumDriver] [  869] - Test step:13
[INFO ][2016-02-08 15:37:34,904][com.java.SeleniumDriver] [  881] - Datavalue is----------Test
[INFO ][2016-02-08 15:37:34,904][com.java.SeleniumDriver] [  905] - DataField : TXTtxtDescription
[INFO ][2016-02-08 15:37:34,904][com.java.SeleniumDriver] [  907] - DataValue : Test
[INFO ][2016-02-08 15:37:34,904][com.java.SeleniumDriver] [  913] - <In Set values of the page>
[INFO ][2016-02-08 15:37:34,904][com.java.SeleniumDriver] [  916] - {Data Fields & Data Values Exist}
[INFO ][2016-02-08 15:37:34,904][com.java.SeleniumDriver] [  918] - --------------------------setting values-----------------------------
[INFO ][2016-02-08 15:37:34,904][com.java.SeleniumDriver] [  921] - Action Type : STOREVALUE
[INFO ][2016-02-08 15:37:34,904][com.java.TestType] [ 9885] - field= TXTtxtDescription
[DEBUG][2016-02-08 15:37:35,995][com.java.TestType] [ 9899] - Key:: Test  Value:: VLTest92376
[INFO ][2016-02-08 15:37:35,995][com.java.SeleniumDriver] [  930] -  RESULT true
[INFO ][2016-02-08 15:37:35,995][com.java.SeleniumDriver] [ 1136] - ?   P A S S   ?
[INFO ][2016-02-08 15:37:35,995][com.java.SeleniumDriver] [  856] - ------------------------------------------
[INFO ][2016-02-08 15:37:35,995][com.java.SeleniumDriver] [  857] - Test case being Executed: 12
[INFO ][2016-02-08 15:37:35,995][com.java.SeleniumDriver] [  869] - Test step:14
[INFO ][2016-02-08 15:37:35,995][com.java.SeleniumDriver] [  881] - Datavalue is----------3
[INFO ][2016-02-08 15:37:35,995][com.java.SeleniumDriver] [  905] - DataField : test
[INFO ][2016-02-08 15:37:35,995][com.java.SeleniumDriver] [  907] - DataValue : 3
[INFO ][2016-02-08 15:37:35,995][com.java.SeleniumDriver] [  913] - <In Set values of the page>
[INFO ][2016-02-08 15:37:35,995][com.java.SeleniumDriver] [  916] - {Data Fields & Data Values Exist}
[INFO ][2016-02-08 15:37:35,995][com.java.SeleniumDriver] [  918] - --------------------------setting values-----------------------------
[INFO ][2016-02-08 15:37:35,995][com.java.SeleniumDriver] [  921] - Action Type : WAITTIME
[DEBUG][2016-02-08 15:37:35,995][com.java.TestType] [ 6562] - sleepTime: 3000
[INFO ][2016-02-08 15:37:38,995][com.java.SeleniumDriver] [  930] -  RESULT true
[INFO ][2016-02-08 15:37:38,995][com.java.SeleniumDriver] [ 1136] - ?   P A S S   ?
[INFO ][2016-02-08 15:37:38,995][com.java.SeleniumDriver] [  856] - ------------------------------------------
[INFO ][2016-02-08 15:37:38,995][com.java.SeleniumDriver] [  857] - Test case being Executed: 12
[INFO ][2016-02-08 15:37:38,995][com.java.SeleniumDriver] [  869] - Test step:15
[INFO ][2016-02-08 15:37:38,995][com.java.SeleniumDriver] [  881] - Datavalue is----------1.00
[INFO ][2016-02-08 15:37:38,995][com.java.SeleniumDriver] [  905] - DataField : TXTtxtWeight
[INFO ][2016-02-08 15:37:38,995][com.java.SeleniumDriver] [  907] - DataValue : 1.00
[INFO ][2016-02-08 15:37:38,995][com.java.SeleniumDriver] [  913] - <In Set values of the page>
[INFO ][2016-02-08 15:37:38,995][com.java.SeleniumDriver] [  916] - {Data Fields & Data Values Exist}
[INFO ][2016-02-08 15:37:38,995][com.java.SeleniumDriver] [  918] - --------------------------setting values-----------------------------
[INFO ][2016-02-08 15:37:38,995][com.java.SeleniumDriver] [  921] - Action Type : CLEARANDENTER
[INFO ][2016-02-08 15:37:40,127][com.java.TestType] [ 6748] - value = 1.00
[INFO ][2016-02-08 15:37:41,298][com.java.SeleniumDriver] [  930] -  RESULT true
[INFO ][2016-02-08 15:37:41,298][com.java.SeleniumDriver] [ 1136] - ?   P A S S   ?
[INFO ][2016-02-08 15:37:41,298][com.java.SeleniumDriver] [  856] - ------------------------------------------
[INFO ][2016-02-08 15:37:41,298][com.java.SeleniumDriver] [  857] - Test case being Executed: 12
[INFO ][2016-02-08 15:37:41,298][com.java.SeleniumDriver] [  869] - Test step:16
[INFO ][2016-02-08 15:37:41,298][com.java.SeleniumDriver] [  881] - Datavalue is----------Historical
[INFO ][2016-02-08 15:37:41,298][com.java.SeleniumDriver] [  905] - DataField : TXTtxtWeight
[INFO ][2016-02-08 15:37:41,298][com.java.SeleniumDriver] [  907] - DataValue : Historical
[INFO ][2016-02-08 15:37:41,298][com.java.SeleniumDriver] [  913] - <In Set values of the page>
[INFO ][2016-02-08 15:37:41,298][com.java.SeleniumDriver] [  916] - {Data Fields & Data Values Exist}
[INFO ][2016-02-08 15:37:41,298][com.java.SeleniumDriver] [  918] - --------------------------setting values-----------------------------
[INFO ][2016-02-08 15:37:41,298][com.java.SeleniumDriver] [  921] - Action Type : STOREVALUE
[INFO ][2016-02-08 15:37:41,298][com.java.TestType] [ 9885] - field= TXTtxtWeight
[DEBUG][2016-02-08 15:37:42,381][com.java.TestType] [ 9899] - Key:: Historical  Value:: 1.00
[INFO ][2016-02-08 15:37:42,381][com.java.SeleniumDriver] [  930] -  RESULT true
[INFO ][2016-02-08 15:37:42,381][com.java.SeleniumDriver] [ 1136] - ?   P A S S   ?
[INFO ][2016-02-08 15:37:42,381][com.java.SeleniumDriver] [  856] - ------------------------------------------
[INFO ][2016-02-08 15:37:42,381][com.java.SeleniumDriver] [  857] - Test case being Executed: 12
[INFO ][2016-02-08 15:37:42,381][com.java.SeleniumDriver] [  869] - Test step:17
[INFO ][2016-02-08 15:37:42,381][com.java.SeleniumDriver] [  881] - Datavalue is----------3
[INFO ][2016-02-08 15:37:42,381][com.java.SeleniumDriver] [  905] - DataField : test
[INFO ][2016-02-08 15:37:42,381][com.java.SeleniumDriver] [  907] - DataValue : 3
[INFO ][2016-02-08 15:37:42,381][com.java.SeleniumDriver] [  913] - <In Set values of the page>
[INFO ][2016-02-08 15:37:42,381][com.java.SeleniumDriver] [  916] - {Data Fields & Data Values Exist}
[INFO ][2016-02-08 15:37:42,381][com.java.SeleniumDriver] [  918] - --------------------------setting values-----------------------------
[INFO ][2016-02-08 15:37:42,381][com.java.SeleniumDriver] [  921] - Action Type : WAITTIME
[DEBUG][2016-02-08 15:37:42,381][com.java.TestType] [ 6562] - sleepTime: 3000
[INFO ][2016-02-08 15:37:45,380][com.java.SeleniumDriver] [  930] -  RESULT true
[INFO ][2016-02-08 15:37:45,380][com.java.SeleniumDriver] [ 1136] - ?   P A S S   ?
[INFO ][2016-02-08 15:37:45,380][com.java.SeleniumDriver] [  856] - ------------------------------------------
[INFO ][2016-02-08 15:37:45,380][com.java.SeleniumDriver] [  857] - Test case being Executed: 12
[INFO ][2016-02-08 15:37:45,380][com.java.SeleniumDriver] [  869] - Test step:18
[INFO ][2016-02-08 15:37:45,380][com.java.SeleniumDriver] [  881] - Datavalue is----------1.20
[INFO ][2016-02-08 15:37:45,380][com.java.SeleniumDriver] [  905] - DataField : TXTtxtWeight1
[INFO ][2016-02-08 15:37:45,380][com.java.SeleniumDriver] [  907] - DataValue : 1.20
[INFO ][2016-02-08 15:37:45,380][com.java.SeleniumDriver] [  913] - <In Set values of the page>
[INFO ][2016-02-08 15:37:45,380][com.java.SeleniumDriver] [  916] - {Data Fields & Data Values Exist}
[INFO ][2016-02-08 15:37:45,380][com.java.SeleniumDriver] [  918] - --------------------------setting values-----------------------------
[INFO ][2016-02-08 15:37:45,380][com.java.SeleniumDriver] [  921] - Action Type : CLEARANDENTER
[INFO ][2016-02-08 15:37:46,512][com.java.TestType] [ 6748] - value = 1.20
[INFO ][2016-02-08 15:37:47,693][com.java.SeleniumDriver] [  930] -  RESULT true
[INFO ][2016-02-08 15:37:47,693][com.java.SeleniumDriver] [ 1136] - ?   P A S S   ?
[INFO ][2016-02-08 15:37:47,693][com.java.SeleniumDriver] [  856] - ------------------------------------------
[INFO ][2016-02-08 15:37:47,693][com.java.SeleniumDriver] [  857] - Test case being Executed: 12
[INFO ][2016-02-08 15:37:47,693][com.java.SeleniumDriver] [  869] - Test step:19
[INFO ][2016-02-08 15:37:47,693][com.java.SeleniumDriver] [  881] - Datavalue is----------Economic
[INFO ][2016-02-08 15:37:47,693][com.java.SeleniumDriver] [  905] - DataField : TXTtxtWeight1
[INFO ][2016-02-08 15:37:47,693][com.java.SeleniumDriver] [  907] - DataValue : Economic
[INFO ][2016-02-08 15:37:47,693][com.java.SeleniumDriver] [  913] - <In Set values of the page>
[INFO ][2016-02-08 15:37:47,693][com.java.SeleniumDriver] [  916] - {Data Fields & Data Values Exist}
[INFO ][2016-02-08 15:37:47,693][com.java.SeleniumDriver] [  918] - --------------------------setting values-----------------------------
[INFO ][2016-02-08 15:37:47,693][com.java.SeleniumDriver] [  921] - Action Type : STOREVALUE
[INFO ][2016-02-08 15:37:47,693][com.java.TestType] [ 9885] - field= TXTtxtWeight1
[DEBUG][2016-02-08 15:37:48,784][com.java.TestType] [ 9899] - Key:: Economic  Value:: 1.20
[INFO ][2016-02-08 15:37:48,784][com.java.SeleniumDriver] [  930] -  RESULT true
[INFO ][2016-02-08 15:37:48,784][com.java.SeleniumDriver] [ 1136] - ?   P A S S   ?
[INFO ][2016-02-08 15:37:48,784][com.java.SeleniumDriver] [  856] - ------------------------------------------
[INFO ][2016-02-08 15:37:48,784][com.java.SeleniumDriver] [  857] - Test case being Executed: 12
[INFO ][2016-02-08 15:37:48,784][com.java.SeleniumDriver] [  869] - Test step:20
[INFO ][2016-02-08 15:37:48,784][com.java.SeleniumDriver] [  881] - Datavalue is----------3
[INFO ][2016-02-08 15:37:48,784][com.java.SeleniumDriver] [  905] - DataField : test
[INFO ][2016-02-08 15:37:48,784][com.java.SeleniumDriver] [  907] - DataValue : 3
[INFO ][2016-02-08 15:37:48,784][com.java.SeleniumDriver] [  913] - <In Set values of the page>
[INFO ][2016-02-08 15:37:48,784][com.java.SeleniumDriver] [  916] - {Data Fields & Data Values Exist}
[INFO ][2016-02-08 15:37:48,784][com.java.SeleniumDriver] [  918] - --------------------------setting values-----------------------------
[INFO ][2016-02-08 15:37:48,784][com.java.SeleniumDriver] [  921] - Action Type : WAITTIME
[DEBUG][2016-02-08 15:37:48,784][com.java.TestType] [ 6562] - sleepTime: 3000
[INFO ][2016-02-08 15:37:51,783][com.java.SeleniumDriver] [  930] -  RESULT true
[INFO ][2016-02-08 15:37:51,783][com.java.SeleniumDriver] [ 1136] - ?   P A S S   ?
[INFO ][2016-02-08 15:37:51,783][com.java.SeleniumDriver] [  856] - ------------------------------------------
[INFO ][2016-02-08 15:37:51,783][com.java.SeleniumDriver] [  857] - Test case being Executed: 12
[INFO ][2016-02-08 15:37:51,783][com.java.SeleniumDriver] [  869] - Test step:21
[INFO ][2016-02-08 15:37:51,783][com.java.SeleniumDriver] [  881] - Datavalue is----------0.50
[INFO ][2016-02-08 15:37:51,783][com.java.SeleniumDriver] [  905] - DataField : TXTtxtWeight2
[INFO ][2016-02-08 15:37:51,783][com.java.SeleniumDriver] [  907] - DataValue : 0.50
[INFO ][2016-02-08 15:37:51,783][com.java.SeleniumDriver] [  913] - <In Set values of the page>
[INFO ][2016-02-08 15:37:51,783][com.java.SeleniumDriver] [  916] - {Data Fields & Data Values Exist}
[INFO ][2016-02-08 15:37:51,783][com.java.SeleniumDriver] [  918] - --------------------------setting values-----------------------------
[INFO ][2016-02-08 15:37:51,783][com.java.SeleniumDriver] [  921] - Action Type : CLEARANDENTER
[INFO ][2016-02-08 15:37:52,917][com.java.TestType] [ 6748] - value = 0.50
[INFO ][2016-02-08 15:37:54,088][com.java.SeleniumDriver] [  930] -  RESULT true
[INFO ][2016-02-08 15:37:54,088][com.java.SeleniumDriver] [ 1136] - ?   P A S S   ?
[INFO ][2016-02-08 15:37:54,088][com.java.SeleniumDriver] [  856] - ------------------------------------------
[INFO ][2016-02-08 15:37:54,088][com.java.SeleniumDriver] [  857] - Test case being Executed: 12
[INFO ][2016-02-08 15:37:54,088][com.java.SeleniumDriver] [  869] - Test step:22
[INFO ][2016-02-08 15:37:54,088][com.java.SeleniumDriver] [  881] - Datavalue is----------Other
[INFO ][2016-02-08 15:37:54,088][com.java.SeleniumDriver] [  905] - DataField : TXTtxtWeight2
[INFO ][2016-02-08 15:37:54,088][com.java.SeleniumDriver] [  907] - DataValue : Other
[INFO ][2016-02-08 15:37:54,088][com.java.SeleniumDriver] [  913] - <In Set values of the page>
[INFO ][2016-02-08 15:37:54,088][com.java.SeleniumDriver] [  916] - {Data Fields & Data Values Exist}
[INFO ][2016-02-08 15:37:54,088][com.java.SeleniumDriver] [  918] - --------------------------setting values-----------------------------
[INFO ][2016-02-08 15:37:54,088][com.java.SeleniumDriver] [  921] - Action Type : STOREVALUE
[INFO ][2016-02-08 15:37:54,088][com.java.TestType] [ 9885] - field= TXTtxtWeight2
[DEBUG][2016-02-08 15:37:55,169][com.java.TestType] [ 9899] - Key:: Other  Value:: 0.50
[INFO ][2016-02-08 15:37:55,169][com.java.SeleniumDriver] [  930] -  RESULT true
[INFO ][2016-02-08 15:37:55,169][com.java.SeleniumDriver] [ 1136] - ?   P A S S   ?
[INFO ][2016-02-08 15:37:55,169][com.java.SeleniumDriver] [  856] - ------------------------------------------
[INFO ][2016-02-08 15:37:55,169][com.java.SeleniumDriver] [  857] - Test case being Executed: 12
[INFO ][2016-02-08 15:37:55,169][com.java.SeleniumDriver] [  869] - Test step:23
[INFO ][2016-02-08 15:37:55,169][com.java.SeleniumDriver] [  881] - Datavalue is----------3
[INFO ][2016-02-08 15:37:55,169][com.java.SeleniumDriver] [  905] - DataField : test
[INFO ][2016-02-08 15:37:55,169][com.java.SeleniumDriver] [  907] - DataValue : 3
[INFO ][2016-02-08 15:37:55,169][com.java.SeleniumDriver] [  913] - <In Set values of the page>
[INFO ][2016-02-08 15:37:55,169][com.java.SeleniumDriver] [  916] - {Data Fields & Data Values Exist}
[INFO ][2016-02-08 15:37:55,169][com.java.SeleniumDriver] [  918] - --------------------------setting values-----------------------------
[INFO ][2016-02-08 15:37:55,169][com.java.SeleniumDriver] [  921] - Action Type : WAITTIME
[DEBUG][2016-02-08 15:37:55,169][com.java.TestType] [ 6562] - sleepTime: 3000
[INFO ][2016-02-08 15:37:58,168][com.java.SeleniumDriver] [  930] -  RESULT true
[INFO ][2016-02-08 15:37:58,168][com.java.SeleniumDriver] [ 1136] - ?   P A S S   ?
[INFO ][2016-02-08 15:37:58,168][com.java.SeleniumDriver] [  856] - ------------------------------------------
[INFO ][2016-02-08 15:37:58,168][com.java.SeleniumDriver] [  857] - Test case being Executed: 12
[INFO ][2016-02-08 15:37:58,168][com.java.SeleniumDriver] [  869] - Test step:24
[INFO ][2016-02-08 15:37:58,168][com.java.SeleniumDriver] [  881] - Datavalue is----------null
[DEBUG][2016-02-08 15:37:58,168][com.java.SeleniumDriver] [  899] - Exception: null
[INFO ][2016-02-08 15:37:58,168][com.java.SeleniumDriver] [  905] - DataField : BTNchkRated
[INFO ][2016-02-08 15:37:58,168][com.java.SeleniumDriver] [  907] - DataValue : 
[INFO ][2016-02-08 15:37:58,168][com.java.SeleniumDriver] [  913] - <In Set values of the page>
[INFO ][2016-02-08 15:37:58,168][com.java.SeleniumDriver] [  916] - {Data Fields & Data Values Exist}
[INFO ][2016-02-08 15:37:58,168][com.java.SeleniumDriver] [  918] - --------------------------setting values-----------------------------
[INFO ][2016-02-08 15:37:58,168][com.java.SeleniumDriver] [  921] - Action Type : CLICK
[INFO ][2016-02-08 15:37:58,168][com.java.TestType] [ 7149] - Field ::BTNchkRated
[INFO ][2016-02-08 15:37:58,168][com.java.TestType] [ 6748] - value = 
[INFO ][2016-02-08 15:37:59,169][com.java.TestType] [ 7305] - BEFORE CLICK
[INFO ][2016-02-08 15:38:00,321][com.java.TestType] [ 7312] - Unable to click the object RatedLoan checkbox
[INFO ][2016-02-08 15:38:00,321][com.java.SeleniumDriver] [  930] -  RESULT true
[INFO ][2016-02-08 15:38:00,321][com.java.SeleniumDriver] [ 1136] - ?   P A S S   ?
[INFO ][2016-02-08 15:38:00,321][com.java.SeleniumDriver] [  856] - ------------------------------------------
[INFO ][2016-02-08 15:38:00,321][com.java.SeleniumDriver] [  857] - Test case being Executed: 12
[INFO ][2016-02-08 15:38:00,321][com.java.SeleniumDriver] [  869] - Test step:25
[INFO ][2016-02-08 15:38:00,321][com.java.SeleniumDriver] [  881] - Datavalue is----------null
[DEBUG][2016-02-08 15:38:00,321][com.java.SeleniumDriver] [  899] - Exception: null
[INFO ][2016-02-08 15:38:00,321][com.java.SeleniumDriver] [  905] - DataField : BTNparent
[INFO ][2016-02-08 15:38:00,321][com.java.SeleniumDriver] [  907] - DataValue : 
[INFO ][2016-02-08 15:38:00,321][com.java.SeleniumDriver] [  913] - <In Set values of the page>
[INFO ][2016-02-08 15:38:00,321][com.java.SeleniumDriver] [  916] - {Data Fields & Data Values Exist}
[INFO ][2016-02-08 15:38:00,321][com.java.SeleniumDriver] [  918] - --------------------------setting values-----------------------------
[INFO ][2016-02-08 15:38:00,321][com.java.SeleniumDriver] [  921] - Action Type : SELECTFRAME
[INFO ][2016-02-08 15:38:00,331][com.java.SeleniumDriver] [  930] -  RESULT true
[INFO ][2016-02-08 15:38:00,331][com.java.SeleniumDriver] [ 1136] - ?   P A S S   ?
[INFO ][2016-02-08 15:38:00,331][com.java.SeleniumDriver] [  856] - ------------------------------------------
[INFO ][2016-02-08 15:38:00,331][com.java.SeleniumDriver] [  857] - Test case being Executed: 12
[INFO ][2016-02-08 15:38:00,331][com.java.SeleniumDriver] [  869] - Test step:26
[INFO ][2016-02-08 15:38:00,331][com.java.SeleniumDriver] [  881] - Datavalue is----------5
[INFO ][2016-02-08 15:38:00,331][com.java.SeleniumDriver] [  905] - DataField : XPH//span[contains(text(), 'Update')]
[INFO ][2016-02-08 15:38:00,331][com.java.SeleniumDriver] [  907] - DataValue : 5
[INFO ][2016-02-08 15:38:00,331][com.java.SeleniumDriver] [  913] - <In Set values of the page>
[INFO ][2016-02-08 15:38:00,331][com.java.SeleniumDriver] [  916] - {Data Fields & Data Values Exist}
[INFO ][2016-02-08 15:38:00,331][com.java.SeleniumDriver] [  918] - --------------------------setting values-----------------------------
[INFO ][2016-02-08 15:38:00,331][com.java.SeleniumDriver] [  921] - Action Type : WAITFORELEMENT
[INFO ][2016-02-08 15:38:00,361][com.java.SeleniumDriver] [  930] -  RESULT true
[INFO ][2016-02-08 15:38:00,361][com.java.SeleniumDriver] [ 1136] - ?   P A S S   ?
[INFO ][2016-02-08 15:38:00,361][com.java.SeleniumDriver] [  856] - ------------------------------------------
[INFO ][2016-02-08 15:38:00,361][com.java.SeleniumDriver] [  857] - Test case being Executed: 12
[INFO ][2016-02-08 15:38:00,361][com.java.SeleniumDriver] [  869] - Test step:27
[INFO ][2016-02-08 15:38:00,361][com.java.SeleniumDriver] [  881] - Datavalue is----------null
[DEBUG][2016-02-08 15:38:00,361][com.java.SeleniumDriver] [  899] - Exception: null
[INFO ][2016-02-08 15:38:00,361][com.java.SeleniumDriver] [  905] - DataField : HDN//span[contains(text(), 'Update')]
[INFO ][2016-02-08 15:38:00,361][com.java.SeleniumDriver] [  907] - DataValue : 
[INFO ][2016-02-08 15:38:00,361][com.java.SeleniumDriver] [  913] - <In Set values of the page>
[INFO ][2016-02-08 15:38:00,361][com.java.SeleniumDriver] [  916] - {Data Fields & Data Values Exist}
[INFO ][2016-02-08 15:38:00,361][com.java.SeleniumDriver] [  918] - --------------------------setting values-----------------------------
[INFO ][2016-02-08 15:38:00,361][com.java.SeleniumDriver] [  921] - Action Type : CLICK
[INFO ][2016-02-08 15:38:00,361][com.java.TestType] [ 7149] - Field ::HDN//span[contains(text(), 'Update')]
[INFO ][2016-02-08 15:38:00,361][com.java.TestType] [ 6748] - value = 
[INFO ][2016-02-08 15:38:01,512][com.java.SeleniumDriver] [  930] -  RESULT true
[INFO ][2016-02-08 15:38:01,512][com.java.SeleniumDriver] [ 1136] - ?   P A S S   ?
[INFO ][2016-02-08 15:38:01,512][com.java.SeleniumDriver] [  856] - ------------------------------------------
[INFO ][2016-02-08 15:38:01,512][com.java.SeleniumDriver] [  857] - Test case being Executed: 12
[INFO ][2016-02-08 15:38:01,512][com.java.SeleniumDriver] [  869] - Test step:28
[INFO ][2016-02-08 15:38:01,512][com.java.SeleniumDriver] [  881] - Datavalue is----------5
[INFO ][2016-02-08 15:38:01,512][com.java.SeleniumDriver] [  905] - DataField : XPH//span[contains(text(), 'Rated Loan Categories')]
[INFO ][2016-02-08 15:38:01,512][com.java.SeleniumDriver] [  907] - DataValue : 5
[INFO ][2016-02-08 15:38:01,512][com.java.SeleniumDriver] [  913] - <In Set values of the page>
[INFO ][2016-02-08 15:38:01,512][com.java.SeleniumDriver] [  916] - {Data Fields & Data Values Exist}
[INFO ][2016-02-08 15:38:01,512][com.java.SeleniumDriver] [  918] - --------------------------setting values-----------------------------
[INFO ][2016-02-08 15:38:01,512][com.java.SeleniumDriver] [  921] - Action Type : WAITFORELEMENT
[INFO ][2016-02-08 15:38:01,552][com.java.SeleniumDriver] [  930] -  RESULT true
[INFO ][2016-02-08 15:38:01,552][com.java.SeleniumDriver] [ 1136] - ?   P A S S   ?
[INFO ][2016-02-08 15:38:01,552][com.java.SeleniumDriver] [  856] - ------------------------------------------
[INFO ][2016-02-08 15:38:01,552][com.java.SeleniumDriver] [  857] - Test case being Executed: 12
[INFO ][2016-02-08 15:38:01,552][com.java.SeleniumDriver] [  869] - Test step:29
[INFO ][2016-02-08 15:38:01,552][com.java.SeleniumDriver] [  881] - Datavalue is----------null
[DEBUG][2016-02-08 15:38:01,552][com.java.SeleniumDriver] [  899] - Exception: null
[INFO ][2016-02-08 15:38:01,552][com.java.SeleniumDriver] [  905] - DataField : BTNframeDialogContent
[INFO ][2016-02-08 15:38:01,552][com.java.SeleniumDriver] [  907] - DataValue : 
[INFO ][2016-02-08 15:38:01,552][com.java.SeleniumDriver] [  913] - <In Set values of the page>
[INFO ][2016-02-08 15:38:01,552][com.java.SeleniumDriver] [  916] - {Data Fields & Data Values Exist}
[INFO ][2016-02-08 15:38:01,552][com.java.SeleniumDriver] [  918] - --------------------------setting values-----------------------------
[INFO ][2016-02-08 15:38:01,552][com.java.SeleniumDriver] [  921] - Action Type : SELECTFRAME
[INFO ][2016-02-08 15:38:02,783][com.java.SeleniumDriver] [  930] -  RESULT true
[INFO ][2016-02-08 15:38:02,783][com.java.SeleniumDriver] [ 1136] - ?   P A S S   ?
[INFO ][2016-02-08 15:38:02,783][com.java.SeleniumDriver] [  856] - ------------------------------------------
[INFO ][2016-02-08 15:38:02,783][com.java.SeleniumDriver] [  857] - Test case being Executed: 12
[INFO ][2016-02-08 15:38:02,783][com.java.SeleniumDriver] [  869] - Test step:30
[INFO ][2016-02-08 15:38:02,783][com.java.SeleniumDriver] [  881] - Datavalue is----------HMVTest
[INFO ][2016-02-08 15:38:02,783][com.java.SeleniumDriver] [  905] - DataField : MSG
[INFO ][2016-02-08 15:38:02,783][com.java.SeleniumDriver] [  907] - DataValue : HMVTest
[INFO ][2016-02-08 15:38:02,783][com.java.SeleniumDriver] [  913] - <In Set values of the page>
[INFO ][2016-02-08 15:38:02,783][com.java.SeleniumDriver] [  916] - {Data Fields & Data Values Exist}
[INFO ][2016-02-08 15:38:02,783][com.java.SeleniumDriver] [  918] - --------------------------setting values-----------------------------
[INFO ][2016-02-08 15:38:02,783][com.java.SeleniumDriver] [  921] - Action Type : VERIFY
[INFO ][2016-02-08 15:38:02,783][com.java.TestType] [ 8382] - field= MSG value= HMVTest
[INFO ][2016-02-08 15:38:02,783][com.java.TestType] [ 6748] - value = VLTest92376
[DEBUG][2016-02-08 15:38:02,783][com.java.TestType] [ 9245] - value :: VLTest92376
[ERROR][2016-02-08 15:38:02,803][com.java.TestType] [ 9250] - Assertion Error: 
[INFO ][2016-02-08 15:38:02,803][com.java.SeleniumDriver] [  930] -  RESULT false
[INFO ][2016-02-08 15:38:02,803][com.java.SeleniumDriver] [  977] - ?   F A I L   ?
[INFO ][2016-02-08 15:38:02,803][com.java.SeleniumDriver] [  985] - Browser Type : IE10
[INFO ][2016-02-08 15:38:02,803][com.java.SeleniumDriver] [  986] - Adding Failed case12
[INFO ][2016-02-08 15:38:03,143][com.java.SeleniumDriver] [ 1100] - failedCases = 9,12
[ERROR][2016-02-08 15:38:03,143][com.java.SeleniumDriver] [ 1599] - Platform Errors : Our apologies...::We have encountered an issue with your request.::Our apologies?:We encountered an issue with your request.
[INFO ][2016-02-08 15:38:03,143][com.java.SeleniumDriver] [ 1603] - Length =3
[ERROR][2016-02-08 15:38:03,143][com.java.SeleniumDriver] [ 1606] - Error 0 = Our apologies...
[ERROR][2016-02-08 15:38:03,243][com.java.SeleniumDriver] [ 1606] - Error 1 = We have encountered an issue with your request.
[ERROR][2016-02-08 15:38:03,263][com.java.SeleniumDriver] [ 1606] - Error 2 = Our apologies?:We encountered an issue with your request.
[INFO ][2016-02-08 15:38:03,283][com.java.SeleniumDriver] [ 1617] - strError:
[DEBUG][2016-02-08 15:38:03,293][com.java.SeleniumDriver] [ 1248] - Case found
[DEBUG][2016-02-08 15:38:03,293][com.java.SeleniumDriver] [ 1253] - Incrementing ReportCounters[0]:3
[INFO ][2016-02-08 15:38:03,293][com.java.SeleniumDriver] [ 1272] - The results are-------------------[12, 30, Admin: Company Settings: Rated Loan Categories: Modify Existing Category, Fail, 
Test case failed at Step No. :: 30   Error Message ::  Text Verification failed: . Screen Shot : D:\BankersDashboard\TestReports\020816\12_020816_153802_IE10.png, Mon Feb 08 15:38:03 IST 2016]
[INFO ][2016-02-08 15:38:03,293][com.java.SeleniumDriver] [ 1276] - End time is-------4 min 20 sec
[INFO ][2016-02-08 15:38:03,293][com.java.SeleniumDriver] [ 1277] - The results are-------------------[12, 30, Admin: Company Settings: Rated Loan Categories: Modify Existing Category, Fail, 
Test case failed at Step No. :: 30   Error Message ::  Text Verification failed: . Screen Shot : D:\BankersDashboard\TestReports\020816\12_020816_153802_IE10.png, Mon Feb 08 15:38:03 IST 2016]
[DEBUG][2016-02-08 15:38:03,293][com.java.ImportnExport.ExportTestResultsExcel] [  222] - testResultPath = D:\BankersDashboard/TestReports/Test Results_BankersDashBoard_020816_153345_IE10_United Bank.xls
[DEBUG][2016-02-08 15:38:03,293][com.java.ImportnExport.ExportTestResultsExcel] [  223] - browser is------------IE10
[DEBUG][2016-02-08 15:38:03,293][com.java.ImportnExport.ExportTestResultsExcel] [  270] - result.size() = 6
[DEBUG][2016-02-08 15:38:03,293][com.java.ImportnExport.ExportTestResultsExcel] [  274] - No of rows in sheet=3
[DEBUG][2016-02-08 15:38:03,293][com.java.ImportnExport.ExportTestResultsExcel] [  301] - ..in export..12
[DEBUG][2016-02-08 15:38:03,293][com.java.ImportnExport.ExportTestResultsExcel] [  301] - ..in export..Admin: Company Settings: Rated Loan Categories: Modify Existing Category
[DEBUG][2016-02-08 15:38:03,293][com.java.ImportnExport.ExportTestResultsExcel] [  301] - ..in export..Fail
[DEBUG][2016-02-08 15:38:03,293][com.java.ImportnExport.ExportTestResultsExcel] [  301] - ..in export..
Test case failed at Step No. :: 30   Error Message ::  Text Verification failed: . Screen Shot : D:\BankersDashboard\TestReports\020816\12_020816_153802_IE10.png
[DEBUG][2016-02-08 15:38:03,293][com.java.ImportnExport.ExportTestResultsExcel] [  301] - ..in export..Mon Feb 08 15:38:03 IST 2016
[INFO ][2016-02-08 15:38:03,293][com.java.SeleniumDriver] [ 1337] - out loop:2 size:6 TestCases:[1, 9, 12, 16, 21, 22] testcases:[1, 9, 12, 16, 21, 22]
[INFO ][2016-02-08 15:38:03,293][com.java.ImportnExport.ImportTestDataDetailsExcel] [   49] - test data details path===== D:\BankersDashboard\TestInputs\TestData.xls
[INFO ][2016-02-08 15:38:33,935][com.java.SeleniumDriver] [  856] - ------------------------------------------
[INFO ][2016-02-08 15:38:33,935][com.java.SeleniumDriver] [  857] - Test case being Executed: 16
[INFO ][2016-02-08 15:38:33,935][com.java.SeleniumDriver] [  869] - Test step:1
[INFO ][2016-02-08 15:38:33,935][com.java.SeleniumDriver] [  881] - Datavalue is----------Logout
[INFO ][2016-02-08 15:38:33,935][com.java.SeleniumDriver] [  905] - DataField : BTN
[INFO ][2016-02-08 15:38:33,935][com.java.SeleniumDriver] [  907] - DataValue : Logout
[INFO ][2016-02-08 15:38:33,935][com.java.SeleniumDriver] [  913] - <In Set values of the page>
[INFO ][2016-02-08 15:38:33,935][com.java.SeleniumDriver] [  916] - {Data Fields & Data Values Exist}
[INFO ][2016-02-08 15:38:33,935][com.java.SeleniumDriver] [  918] - --------------------------setting values-----------------------------
[INFO ][2016-02-08 15:38:33,935][com.java.SeleniumDriver] [  921] - Action Type : Verify
[INFO ][2016-02-08 15:38:33,935][com.java.TestType] [ 8382] - field= BTN value= Logout
[INFO ][2016-02-08 15:38:33,935][com.java.TestType] [ 6748] - value = Logout
[INFO ][2016-02-08 15:38:34,036][com.java.SeleniumDriver] [  930] -  RESULT true
[INFO ][2016-02-08 15:38:34,036][com.java.SeleniumDriver] [ 1136] - ?   P A S S   ?
[INFO ][2016-02-08 15:38:34,036][com.java.SeleniumDriver] [ 1178] - step change to 3
[INFO ][2016-02-08 15:38:34,036][com.java.SeleniumDriver] [  856] - ------------------------------------------
[INFO ][2016-02-08 15:38:34,036][com.java.SeleniumDriver] [  857] - Test case being Executed: 16
[INFO ][2016-02-08 15:38:34,036][com.java.SeleniumDriver] [  869] - Test step:3
[INFO ][2016-02-08 15:38:34,036][com.java.SeleniumDriver] [  881] - Datavalue is----------Concept#2:1-2
[INFO ][2016-02-08 15:38:34,036][com.java.SeleniumDriver] [  905] - DataField : test
[INFO ][2016-02-08 15:38:34,036][com.java.SeleniumDriver] [  907] - DataValue : Concept#2:1-2
[INFO ][2016-02-08 15:38:34,036][com.java.SeleniumDriver] [  913] - <In Set values of the page>
[INFO ][2016-02-08 15:38:34,036][com.java.SeleniumDriver] [  916] - {Data Fields & Data Values Exist}
[INFO ][2016-02-08 15:38:34,036][com.java.SeleniumDriver] [  918] - --------------------------setting values-----------------------------
[INFO ][2016-02-08 15:38:34,036][com.java.SeleniumDriver] [  921] - Action Type : ExecuteTestCase
[INFO ][2016-02-08 15:38:34,036][com.java.TestType] [  448] - The Concept sheet name is ---------- Concept
[INFO ][2016-02-08 15:38:34,036][com.java.TestType] [  451] - The Concept ID  is ---------- 2
[DEBUG][2016-02-08 15:38:34,036][com.java.TestType] [  455] - Steps being executted in the Concept are: 1:2
[INFO ][2016-02-08 15:38:34,036][com.java.TestType] [  462] - Test data details path ---------- D:\BankersDashboard\TestInputs\TestData.xls
[INFO ][2016-02-08 15:38:34,066][com.java.TestType] [  493] -  str(1) = 2
[INFO ][2016-02-08 15:38:34,066][com.java.TestType] [  496] - Test case Id is---2
[INFO ][2016-02-08 15:38:34,066][com.java.TestType] [  498] - 2
[INFO ][2016-02-08 15:38:34,066][com.java.TestType] [  493] -  str(2) = 1
[INFO ][2016-02-08 15:38:34,066][com.java.TestType] [  493] -  str(1) = 2
[INFO ][2016-02-08 15:38:34,066][com.java.TestType] [  496] - Test case Id is---2
[INFO ][2016-02-08 15:38:34,066][com.java.TestType] [  498] - 2
[INFO ][2016-02-08 15:38:34,066][com.java.TestType] [  493] -  str(2) = 2
[INFO ][2016-02-08 15:38:34,076][com.java.TestType] [  493] -  str(1) = 2
[INFO ][2016-02-08 15:38:34,076][com.java.TestType] [  496] - Test case Id is---2
[INFO ][2016-02-08 15:38:34,076][com.java.TestType] [  498] - 2
[INFO ][2016-02-08 15:38:34,076][com.java.TestType] [  493] -  str(2) = 3
[INFO ][2016-02-08 15:38:34,076][com.java.TestType] [12120] - Looping 1TCID = 2
[DEBUG][2016-02-08 15:38:34,076][com.java.TestType] [12161] - Concept ID:2 :: Step being Executed: 2::1
[INFO ][2016-02-08 15:38:34,076][com.java.TestType] [12199] - dataFields : BNK//select[@id='bank']
[DEBUG][2016-02-08 15:38:34,076][com.java.TestType] [12205] - <In Set values of the page>
[DEBUG][2016-02-08 15:38:34,076][com.java.TestType] [12210] - {Data Fields & Data Values Exist}
[INFO ][2016-02-08 15:38:34,076][com.java.TestType] [12216] - --------------------------setting values-----------------------------
[INFO ][2016-02-08 15:38:34,076][com.java.TestType] [12219] - Action Type : Select
[INFO ][2016-02-08 15:38:34,076][com.java.TestType] [ 6748] - value = PFC
[INFO ][2016-02-08 15:38:34,256][com.java.TestType] [12238] -  RESULT true
[INFO ][2016-02-08 15:38:34,256][com.java.TestType] [12355] - ?   P A S S   ?
[DEBUG][2016-02-08 15:38:34,256][com.java.TestType] [12161] - Concept ID:2 :: Step being Executed: 2::2
[INFO ][2016-02-08 15:38:34,256][com.java.TestType] [12199] - dataFields : LNKLogout
[DEBUG][2016-02-08 15:38:34,256][com.java.TestType] [12205] - <In Set values of the page>
[DEBUG][2016-02-08 15:38:34,256][com.java.TestType] [12210] - {Data Fields & Data Values Exist}
[INFO ][2016-02-08 15:38:34,256][com.java.TestType] [12216] - --------------------------setting values-----------------------------
[INFO ][2016-02-08 15:38:34,256][com.java.TestType] [12219] - Action Type : WaitTime
[DEBUG][2016-02-08 15:38:34,256][com.java.TestType] [ 6562] - sleepTime: 5000
[INFO ][2016-02-08 15:38:39,256][com.java.TestType] [12238] -  RESULT true
[INFO ][2016-02-08 15:38:39,256][com.java.TestType] [12355] - ?   P A S S   ?
[INFO ][2016-02-08 15:38:39,256][com.java.TestType] [12426] - Looping End......
[INFO ][2016-02-08 15:38:39,256][com.java.SeleniumDriver] [  930] -  RESULT true
[INFO ][2016-02-08 15:38:39,256][com.java.SeleniumDriver] [ 1136] - ?   P A S S   ?
[INFO ][2016-02-08 15:38:39,256][com.java.SeleniumDriver] [  856] - ------------------------------------------
[INFO ][2016-02-08 15:38:39,256][com.java.SeleniumDriver] [  857] - Test case being Executed: 16
[INFO ][2016-02-08 15:38:39,256][com.java.SeleniumDriver] [  869] - Test step:4
[INFO ][2016-02-08 15:38:39,256][com.java.SeleniumDriver] [  881] - Datavalue is----------Concept#101:1-67
[INFO ][2016-02-08 15:38:39,256][com.java.SeleniumDriver] [  905] - DataField : test
[INFO ][2016-02-08 15:38:39,256][com.java.SeleniumDriver] [  907] - DataValue : Concept#101:1-67
[INFO ][2016-02-08 15:38:39,256][com.java.SeleniumDriver] [  913] - <In Set values of the page>
[INFO ][2016-02-08 15:38:39,256][com.java.SeleniumDriver] [  916] - {Data Fields & Data Values Exist}
[INFO ][2016-02-08 15:38:39,256][com.java.SeleniumDriver] [  918] - --------------------------setting values-----------------------------
[INFO ][2016-02-08 15:38:39,256][com.java.SeleniumDriver] [  921] - Action Type : ExecuteTestCase
[INFO ][2016-02-08 15:38:39,256][com.java.TestType] [  448] - The Concept sheet name is ---------- Concept
[INFO ][2016-02-08 15:38:39,256][com.java.TestType] [  451] - The Concept ID  is ---------- 101
[DEBUG][2016-02-08 15:38:39,256][com.java.TestType] [  455] - Steps being executted in the Concept are: 1:67
[INFO ][2016-02-08 15:38:39,256][com.java.TestType] [  462] - Test data details path ---------- D:\BankersDashboard\TestInputs\TestData.xls
[INFO ][2016-02-08 15:38:39,307][com.java.TestType] [  493] -  str(1) = 101
[INFO ][2016-02-08 15:38:39,307][com.java.TestType] [  496] - Test case Id is---101
[INFO ][2016-02-08 15:38:39,307][com.java.TestType] [  498] - 101
[INFO ][2016-02-08 15:38:39,307][com.java.TestType] [  493] -  str(2) = 1
[INFO ][2016-02-08 15:38:39,307][com.java.TestType] [  493] -  str(1) = 101
[INFO ][2016-02-08 15:38:39,307][com.java.TestType] [  496] - Test case Id is---101
[INFO ][2016-02-08 15:38:39,307][com.java.TestType] [  498] - 101
[INFO ][2016-02-08 15:38:39,307][com.java.TestType] [  493] -  str(2) = 2
[INFO ][2016-02-08 15:38:39,307][com.java.TestType] [  493] -  str(1) = 101
[INFO ][2016-02-08 15:38:39,307][com.java.TestType] [  496] - Test case Id is---101
[INFO ][2016-02-08 15:38:39,307][com.java.TestType] [  498] - 101
[INFO ][2016-02-08 15:38:39,307][com.java.TestType] [  493] -  str(2) = 3
[INFO ][2016-02-08 15:38:39,307][com.java.TestType] [  493] -  str(1) = 101
[INFO ][2016-02-08 15:38:39,307][com.java.TestType] [  496] - Test case Id is---101
[INFO ][2016-02-08 15:38:39,307][com.java.TestType] [  498] - 101
[INFO ][2016-02-08 15:38:39,307][com.java.TestType] [  493] -  str(2) = 4
[INFO ][2016-02-08 15:38:39,307][com.java.TestType] [  493] -  str(1) = 101
[INFO ][2016-02-08 15:38:39,307][com.java.TestType] [  496] - Test case Id is---101
[INFO ][2016-02-08 15:38:39,307][com.java.TestType] [  498] - 101
[INFO ][2016-02-08 15:38:39,307][com.java.TestType] [  493] -  str(2) = 5
[INFO ][2016-02-08 15:38:39,307][com.java.TestType] [  493] -  str(1) = 101
[INFO ][2016-02-08 15:38:39,307][com.java.TestType] [  496] - Test case Id is---101
[INFO ][2016-02-08 15:38:39,307][com.java.TestType] [  498] - 101
[INFO ][2016-02-08 15:38:39,307][com.java.TestType] [  493] -  str(2) = 6
[INFO ][2016-02-08 15:38:39,317][com.java.TestType] [  493] -  str(1) = 101
[INFO ][2016-02-08 15:38:39,317][com.java.TestType] [  496] - Test case Id is---101
[INFO ][2016-02-08 15:38:39,317][com.java.TestType] [  498] - 101
[INFO ][2016-02-08 15:38:39,317][com.java.TestType] [  493] -  str(2) = 7
[INFO ][2016-02-08 15:38:39,317][com.java.TestType] [  493] -  str(1) = 101
[INFO ][2016-02-08 15:38:39,317][com.java.TestType] [  496] - Test case Id is---101
[INFO ][2016-02-08 15:38:39,317][com.java.TestType] [  498] - 101
[INFO ][2016-02-08 15:38:39,317][com.java.TestType] [  493] -  str(2) = 8
[INFO ][2016-02-08 15:38:39,317][com.java.TestType] [  493] -  str(1) = 101
[INFO ][2016-02-08 15:38:39,317][com.java.TestType] [  496] - Test case Id is---101
[INFO ][2016-02-08 15:38:39,317][com.java.TestType] [  498] - 101
[INFO ][2016-02-08 15:38:39,317][com.java.TestType] [  493] -  str(2) = 9
[INFO ][2016-02-08 15:38:39,317][com.java.TestType] [  493] -  str(1) = 101
[INFO ][2016-02-08 15:38:39,317][com.java.TestType] [  496] - Test case Id is---101
[INFO ][2016-02-08 15:38:39,317][com.java.TestType] [  498] - 101
[INFO ][2016-02-08 15:38:39,317][com.java.TestType] [  493] -  str(2) = 10
[INFO ][2016-02-08 15:38:39,317][com.java.TestType] [  493] -  str(1) = 101
[INFO ][2016-02-08 15:38:39,317][com.java.TestType] [  496] - Test case Id is---101
[INFO ][2016-02-08 15:38:39,317][com.java.TestType] [  498] - 101
[INFO ][2016-02-08 15:38:39,317][com.java.TestType] [  493] -  str(2) = 11
[INFO ][2016-02-08 15:38:39,317][com.java.TestType] [  493] -  str(1) = 101
[INFO ][2016-02-08 15:38:39,317][com.java.TestType] [  496] - Test case Id is---101
[INFO ][2016-02-08 15:38:39,317][com.java.TestType] [  498] - 101
[INFO ][2016-02-08 15:38:39,317][com.java.TestType] [  493] -  str(2) = 12
[INFO ][2016-02-08 15:38:39,317][com.java.TestType] [  493] -  str(1) = 101
[INFO ][2016-02-08 15:38:39,317][com.java.TestType] [  496] - Test case Id is---101
[INFO ][2016-02-08 15:38:39,317][com.java.TestType] [  498] - 101
[INFO ][2016-02-08 15:38:39,317][com.java.TestType] [  493] -  str(2) = 13
[INFO ][2016-02-08 15:38:39,317][com.java.TestType] [  493] -  str(1) = 101
[INFO ][2016-02-08 15:38:39,317][com.java.TestType] [  496] - Test case Id is---101
[INFO ][2016-02-08 15:38:39,317][com.java.TestType] [  498] - 101
[INFO ][2016-02-08 15:38:39,317][com.java.TestType] [  493] -  str(2) = 14
[INFO ][2016-02-08 15:38:39,317][com.java.TestType] [  493] -  str(1) = 101
[INFO ][2016-02-08 15:38:39,317][com.java.TestType] [  496] - Test case Id is---101
[INFO ][2016-02-08 15:38:39,317][com.java.TestType] [  498] - 101
[INFO ][2016-02-08 15:38:39,317][com.java.TestType] [  493] -  str(2) = 15
[INFO ][2016-02-08 15:38:39,317][com.java.TestType] [  493] -  str(1) = 101
[INFO ][2016-02-08 15:38:39,317][com.java.TestType] [  496] - Test case Id is---101
[INFO ][2016-02-08 15:38:39,317][com.java.TestType] [  498] - 101
[INFO ][2016-02-08 15:38:39,317][com.java.TestType] [  493] -  str(2) = 16
[INFO ][2016-02-08 15:38:39,317][com.java.TestType] [  493] -  str(1) = 101
[INFO ][2016-02-08 15:38:39,317][com.java.TestType] [  496] - Test case Id is---101
[INFO ][2016-02-08 15:38:39,317][com.java.TestType] [  498] - 101
[INFO ][2016-02-08 15:38:39,317][com.java.TestType] [  493] -  str(2) = 17
[INFO ][2016-02-08 15:38:39,317][com.java.TestType] [  493] -  str(1) = 101
[INFO ][2016-02-08 15:38:39,317][com.java.TestType] [  496] - Test case Id is---101
[INFO ][2016-02-08 15:38:39,317][com.java.TestType] [  498] - 101
[INFO ][2016-02-08 15:38:39,317][com.java.TestType] [  493] -  str(2) = 18
[INFO ][2016-02-08 15:38:39,327][com.java.TestType] [  493] -  str(1) = 101
[INFO ][2016-02-08 15:38:39,327][com.java.TestType] [  496] - Test case Id is---101
[INFO ][2016-02-08 15:38:39,327][com.java.TestType] [  498] - 101
[INFO ][2016-02-08 15:38:39,327][com.java.TestType] [  493] -  str(2) = 19
[INFO ][2016-02-08 15:38:39,327][com.java.TestType] [  493] -  str(1) = 101
[INFO ][2016-02-08 15:38:39,327][com.java.TestType] [  496] - Test case Id is---101
[INFO ][2016-02-08 15:38:39,327][com.java.TestType] [  498] - 101
[INFO ][2016-02-08 15:38:39,327][com.java.TestType] [  493] -  str(2) = 20
[INFO ][2016-02-08 15:38:39,327][com.java.TestType] [  493] -  str(1) = 101
[INFO ][2016-02-08 15:38:39,327][com.java.TestType] [  496] - Test case Id is---101
[INFO ][2016-02-08 15:38:39,327][com.java.TestType] [  498] - 101
[INFO ][2016-02-08 15:38:39,327][com.java.TestType] [  493] -  str(2) = 21
[INFO ][2016-02-08 15:38:39,327][com.java.TestType] [  493] -  str(1) = 101
[INFO ][2016-02-08 15:38:39,327][com.java.TestType] [  496] - Test case Id is---101
[INFO ][2016-02-08 15:38:39,327][com.java.TestType] [  498] - 101
[INFO ][2016-02-08 15:38:39,327][com.java.TestType] [  493] -  str(2) = 22
[INFO ][2016-02-08 15:38:39,327][com.java.TestType] [  493] -  str(1) = 101
[INFO ][2016-02-08 15:38:39,327][com.java.TestType] [  496] - Test case Id is---101
[INFO ][2016-02-08 15:38:39,327][com.java.TestType] [  498] - 101
[INFO ][2016-02-08 15:38:39,327][com.java.TestType] [  493] -  str(2) = 23
[INFO ][2016-02-08 15:38:39,327][com.java.TestType] [  493] -  str(1) = 101
[INFO ][2016-02-08 15:38:39,327][com.java.TestType] [  496] - Test case Id is---101
[INFO ][2016-02-08 15:38:39,327][com.java.TestType] [  498] - 101
[INFO ][2016-02-08 15:38:39,327][com.java.TestType] [  493] -  str(2) = 24
[INFO ][2016-02-08 15:38:39,327][com.java.TestType] [  493] -  str(1) = 101
[INFO ][2016-02-08 15:38:39,327][com.java.TestType] [  496] - Test case Id is---101
[INFO ][2016-02-08 15:38:39,327][com.java.TestType] [  498] - 101
[INFO ][2016-02-08 15:38:39,327][com.java.TestType] [  493] -  str(2) = 25
[INFO ][2016-02-08 15:38:39,327][com.java.TestType] [  493] -  str(1) = 101
[INFO ][2016-02-08 15:38:39,327][com.java.TestType] [  496] - Test case Id is---101
[INFO ][2016-02-08 15:38:39,327][com.java.TestType] [  498] - 101
[INFO ][2016-02-08 15:38:39,327][com.java.TestType] [  493] -  str(2) = 26
[INFO ][2016-02-08 15:38:39,327][com.java.TestType] [  493] -  str(1) = 101
[INFO ][2016-02-08 15:38:39,327][com.java.TestType] [  496] - Test case Id is---101
[INFO ][2016-02-08 15:38:39,327][com.java.TestType] [  498] - 101
[INFO ][2016-02-08 15:38:39,327][com.java.TestType] [  493] -  str(2) = 27
[INFO ][2016-02-08 15:38:39,327][com.java.TestType] [  493] -  str(1) = 101
[INFO ][2016-02-08 15:38:39,327][com.java.TestType] [  496] - Test case Id is---101
[INFO ][2016-02-08 15:38:39,327][com.java.TestType] [  498] - 101
[INFO ][2016-02-08 15:38:39,327][com.java.TestType] [  493] -  str(2) = 28
[INFO ][2016-02-08 15:38:39,327][com.java.TestType] [  493] -  str(1) = 101
[INFO ][2016-02-08 15:38:39,327][com.java.TestType] [  496] - Test case Id is---101
[INFO ][2016-02-08 15:38:39,327][com.java.TestType] [  498] - 101
[INFO ][2016-02-08 15:38:39,327][com.java.TestType] [  493] -  str(2) = 29
[INFO ][2016-02-08 15:38:39,327][com.java.TestType] [  493] -  str(1) = 101
[INFO ][2016-02-08 15:38:39,327][com.java.TestType] [  496] - Test case Id is---101
[INFO ][2016-02-08 15:38:39,337][com.java.TestType] [  498] - 101
[INFO ][2016-02-08 15:38:39,337][com.java.TestType] [  493] -  str(2) = 30
[INFO ][2016-02-08 15:38:39,337][com.java.TestType] [  493] -  str(1) = 101
[INFO ][2016-02-08 15:38:39,337][com.java.TestType] [  496] - Test case Id is---101
[INFO ][2016-02-08 15:38:39,337][com.java.TestType] [  498] - 101
[INFO ][2016-02-08 15:38:39,337][com.java.TestType] [  493] -  str(2) = 31
[INFO ][2016-02-08 15:38:39,337][com.java.TestType] [  493] -  str(1) = 101
[INFO ][2016-02-08 15:38:39,337][com.java.TestType] [  496] - Test case Id is---101
[INFO ][2016-02-08 15:38:39,337][com.java.TestType] [  498] - 101
[INFO ][2016-02-08 15:38:39,337][com.java.TestType] [  493] -  str(2) = 32
[INFO ][2016-02-08 15:38:39,337][com.java.TestType] [  493] -  str(1) = 101
[INFO ][2016-02-08 15:38:39,337][com.java.TestType] [  496] - Test case Id is---101
[INFO ][2016-02-08 15:38:39,337][com.java.TestType] [  498] - 101
[INFO ][2016-02-08 15:38:39,337][com.java.TestType] [  493] -  str(2) = 33
[INFO ][2016-02-08 15:38:39,337][com.java.TestType] [  493] -  str(1) = 101
[INFO ][2016-02-08 15:38:39,337][com.java.TestType] [  496] - Test case Id is---101
[INFO ][2016-02-08 15:38:39,337][com.java.TestType] [  498] - 101
[INFO ][2016-02-08 15:38:39,337][com.java.TestType] [  493] -  str(2) = 34
[INFO ][2016-02-08 15:38:39,337][com.java.TestType] [  493] -  str(1) = 101
[INFO ][2016-02-08 15:38:39,337][com.java.TestType] [  496] - Test case Id is---101
[INFO ][2016-02-08 15:38:39,337][com.java.TestType] [  498] - 101
[INFO ][2016-02-08 15:38:39,337][com.java.TestType] [  493] -  str(2) = 35
[INFO ][2016-02-08 15:38:39,337][com.java.TestType] [  493] -  str(1) = 101
[INFO ][2016-02-08 15:38:39,337][com.java.TestType] [  496] - Test case Id is---101
[INFO ][2016-02-08 15:38:39,337][com.java.TestType] [  498] - 101
[INFO ][2016-02-08 15:38:39,337][com.java.TestType] [  493] -  str(2) = 36
[INFO ][2016-02-08 15:38:39,337][com.java.TestType] [  493] -  str(1) = 101
[INFO ][2016-02-08 15:38:39,337][com.java.TestType] [  496] - Test case Id is---101
[INFO ][2016-02-08 15:38:39,337][com.java.TestType] [  498] - 101
[INFO ][2016-02-08 15:38:39,337][com.java.TestType] [  493] -  str(2) = 37
[INFO ][2016-02-08 15:38:39,337][com.java.TestType] [  493] -  str(1) = 101
[INFO ][2016-02-08 15:38:39,337][com.java.TestType] [  496] - Test case Id is---101
[INFO ][2016-02-08 15:38:39,337][com.java.TestType] [  498] - 101
[INFO ][2016-02-08 15:38:39,337][com.java.TestType] [  493] -  str(2) = 38
[INFO ][2016-02-08 15:38:39,337][com.java.TestType] [  493] -  str(1) = 101
[INFO ][2016-02-08 15:38:39,337][com.java.TestType] [  496] - Test case Id is---101
[INFO ][2016-02-08 15:38:39,337][com.java.TestType] [  498] - 101
[INFO ][2016-02-08 15:38:39,337][com.java.TestType] [  493] -  str(2) = 39
[INFO ][2016-02-08 15:38:39,337][com.java.TestType] [  493] -  str(1) = 101
[INFO ][2016-02-08 15:38:39,337][com.java.TestType] [  496] - Test case Id is---101
[INFO ][2016-02-08 15:38:39,337][com.java.TestType] [  498] - 101
[INFO ][2016-02-08 15:38:39,337][com.java.TestType] [  493] -  str(2) = 40
[INFO ][2016-02-08 15:38:39,337][com.java.TestType] [  493] -  str(1) = 101
[INFO ][2016-02-08 15:38:39,337][com.java.TestType] [  496] - Test case Id is---101
[INFO ][2016-02-08 15:38:39,337][com.java.TestType] [  498] - 101
[INFO ][2016-02-08 15:38:39,337][com.java.TestType] [  493] -  str(2) = 41
[INFO ][2016-02-08 15:38:39,337][com.java.TestType] [  493] -  str(1) = 101
[INFO ][2016-02-08 15:38:39,337][com.java.TestType] [  496] - Test case Id is---101
[INFO ][2016-02-08 15:38:39,337][com.java.TestType] [  498] - 101
[INFO ][2016-02-08 15:38:39,337][com.java.TestType] [  493] -  str(2) = 42
[INFO ][2016-02-08 15:38:39,347][com.java.TestType] [  493] -  str(1) = 101
[INFO ][2016-02-08 15:38:39,347][com.java.TestType] [  496] - Test case Id is---101
[INFO ][2016-02-08 15:38:39,347][com.java.TestType] [  498] - 101
[INFO ][2016-02-08 15:38:39,347][com.java.TestType] [  493] -  str(2) = 43
[INFO ][2016-02-08 15:38:39,347][com.java.TestType] [  493] -  str(1) = 101
[INFO ][2016-02-08 15:38:39,347][com.java.TestType] [  496] - Test case Id is---101
[INFO ][2016-02-08 15:38:39,347][com.java.TestType] [  498] - 101
[INFO ][2016-02-08 15:38:39,347][com.java.TestType] [  493] -  str(2) = 44
[INFO ][2016-02-08 15:38:39,347][com.java.TestType] [  493] -  str(1) = 101
[INFO ][2016-02-08 15:38:39,347][com.java.TestType] [  496] - Test case Id is---101
[INFO ][2016-02-08 15:38:39,347][com.java.TestType] [  498] - 101
[INFO ][2016-02-08 15:38:39,347][com.java.TestType] [  493] -  str(2) = 45
[INFO ][2016-02-08 15:38:39,347][com.java.TestType] [  493] -  str(1) = 101
[INFO ][2016-02-08 15:38:39,347][com.java.TestType] [  496] - Test case Id is---101
[INFO ][2016-02-08 15:38:39,347][com.java.TestType] [  498] - 101
[INFO ][2016-02-08 15:38:39,347][com.java.TestType] [  493] -  str(2) = 46
[INFO ][2016-02-08 15:38:39,347][com.java.TestType] [  493] -  str(1) = 101
[INFO ][2016-02-08 15:38:39,347][com.java.TestType] [  496] - Test case Id is---101
[INFO ][2016-02-08 15:38:39,347][com.java.TestType] [  498] - 101
[INFO ][2016-02-08 15:38:39,347][com.java.TestType] [  493] -  str(2) = 47
[INFO ][2016-02-08 15:38:39,347][com.java.TestType] [  493] -  str(1) = 101
[INFO ][2016-02-08 15:38:39,347][com.java.TestType] [  496] - Test case Id is---101
[INFO ][2016-02-08 15:38:39,347][com.java.TestType] [  498] - 101
[INFO ][2016-02-08 15:38:39,347][com.java.TestType] [  493] -  str(2) = 48
[INFO ][2016-02-08 15:38:39,347][com.java.TestType] [  493] -  str(1) = 101
[INFO ][2016-02-08 15:38:39,347][com.java.TestType] [  496] - Test case Id is---101
[INFO ][2016-02-08 15:38:39,347][com.java.TestType] [  498] - 101
[INFO ][2016-02-08 15:38:39,347][com.java.TestType] [  493] -  str(2) = 49
[INFO ][2016-02-08 15:38:39,347][com.java.TestType] [  493] -  str(1) = 101
[INFO ][2016-02-08 15:38:39,347][com.java.TestType] [  496] - Test case Id is---101
[INFO ][2016-02-08 15:38:39,347][com.java.TestType] [  498] - 101
[INFO ][2016-02-08 15:38:39,347][com.java.TestType] [  493] -  str(2) = 50
[INFO ][2016-02-08 15:38:39,347][com.java.TestType] [  493] -  str(1) = 101
[INFO ][2016-02-08 15:38:39,347][com.java.TestType] [  496] - Test case Id is---101
[INFO ][2016-02-08 15:38:39,347][com.java.TestType] [  498] - 101
[INFO ][2016-02-08 15:38:39,347][com.java.TestType] [  493] -  str(2) = 51
[INFO ][2016-02-08 15:38:39,347][com.java.TestType] [  493] -  str(1) = 101
[INFO ][2016-02-08 15:38:39,347][com.java.TestType] [  496] - Test case Id is---101
[INFO ][2016-02-08 15:38:39,347][com.java.TestType] [  498] - 101
[INFO ][2016-02-08 15:38:39,347][com.java.TestType] [  493] -  str(2) = 52
[INFO ][2016-02-08 15:38:39,347][com.java.TestType] [  493] -  str(1) = 101
[INFO ][2016-02-08 15:38:39,347][com.java.TestType] [  496] - Test case Id is---101
[INFO ][2016-02-08 15:38:39,347][com.java.TestType] [  498] - 101
[INFO ][2016-02-08 15:38:39,347][com.java.TestType] [  493] -  str(2) = 53
[INFO ][2016-02-08 15:38:39,347][com.java.TestType] [  493] -  str(1) = 101
[INFO ][2016-02-08 15:38:39,347][com.java.TestType] [  496] - Test case Id is---101
[INFO ][2016-02-08 15:38:39,347][com.java.TestType] [  498] - 101
[INFO ][2016-02-08 15:38:39,347][com.java.TestType] [  493] -  str(2) = 54
[INFO ][2016-02-08 15:38:39,357][com.java.TestType] [  493] -  str(1) = 101
[INFO ][2016-02-08 15:38:39,357][com.java.TestType] [  496] - Test case Id is---101
[INFO ][2016-02-08 15:38:39,357][com.java.TestType] [  498] - 101
[INFO ][2016-02-08 15:38:39,357][com.java.TestType] [  493] -  str(2) = 55
[INFO ][2016-02-08 15:38:39,357][com.java.TestType] [  493] -  str(1) = 101
[INFO ][2016-02-08 15:38:39,357][com.java.TestType] [  496] - Test case Id is---101
[INFO ][2016-02-08 15:38:39,357][com.java.TestType] [  498] - 101
[INFO ][2016-02-08 15:38:39,357][com.java.TestType] [  493] -  str(2) = 56
[INFO ][2016-02-08 15:38:39,357][com.java.TestType] [  493] -  str(1) = 101
[INFO ][2016-02-08 15:38:39,357][com.java.TestType] [  496] - Test case Id is---101
[INFO ][2016-02-08 15:38:39,357][com.java.TestType] [  498] - 101
[INFO ][2016-02-08 15:38:39,357][com.java.TestType] [  493] -  str(2) = 57
[INFO ][2016-02-08 15:38:39,357][com.java.TestType] [  493] -  str(1) = 101
[INFO ][2016-02-08 15:38:39,357][com.java.TestType] [  496] - Test case Id is---101
[INFO ][2016-02-08 15:38:39,357][com.java.TestType] [  498] - 101
[INFO ][2016-02-08 15:38:39,357][com.java.TestType] [  493] -  str(2) = 58
[INFO ][2016-02-08 15:38:39,357][com.java.TestType] [  493] -  str(1) = 101
[INFO ][2016-02-08 15:38:39,357][com.java.TestType] [  496] - Test case Id is---101
[INFO ][2016-02-08 15:38:39,357][com.java.TestType] [  498] - 101
[INFO ][2016-02-08 15:38:39,357][com.java.TestType] [  493] -  str(2) = 59
[INFO ][2016-02-08 15:38:39,357][com.java.TestType] [  493] -  str(1) = 101
[INFO ][2016-02-08 15:38:39,357][com.java.TestType] [  496] - Test case Id is---101
[INFO ][2016-02-08 15:38:39,357][com.java.TestType] [  498] - 101
[INFO ][2016-02-08 15:38:39,357][com.java.TestType] [  493] -  str(2) = 60
[INFO ][2016-02-08 15:38:39,357][com.java.TestType] [  493] -  str(1) = 101
[INFO ][2016-02-08 15:38:39,357][com.java.TestType] [  496] - Test case Id is---101
[INFO ][2016-02-08 15:38:39,357][com.java.TestType] [  498] - 101
[INFO ][2016-02-08 15:38:39,357][com.java.TestType] [  493] -  str(2) = 61
[INFO ][2016-02-08 15:38:39,357][com.java.TestType] [  493] -  str(1) = 101
[INFO ][2016-02-08 15:38:39,357][com.java.TestType] [  496] - Test case Id is---101
[INFO ][2016-02-08 15:38:39,357][com.java.TestType] [  498] - 101
[INFO ][2016-02-08 15:38:39,357][com.java.TestType] [  493] -  str(2) = 62
[INFO ][2016-02-08 15:38:39,357][com.java.TestType] [  493] -  str(1) = 101
[INFO ][2016-02-08 15:38:39,357][com.java.TestType] [  496] - Test case Id is---101
[INFO ][2016-02-08 15:38:39,357][com.java.TestType] [  498] - 101
[INFO ][2016-02-08 15:38:39,357][com.java.TestType] [  493] -  str(2) = 63
[INFO ][2016-02-08 15:38:39,357][com.java.TestType] [  493] -  str(1) = 101
[INFO ][2016-02-08 15:38:39,357][com.java.TestType] [  496] - Test case Id is---101
[INFO ][2016-02-08 15:38:39,357][com.java.TestType] [  498] - 101
[INFO ][2016-02-08 15:38:39,357][com.java.TestType] [  493] -  str(2) = 64
[INFO ][2016-02-08 15:38:39,357][com.java.TestType] [  493] -  str(1) = 101
[INFO ][2016-02-08 15:38:39,357][com.java.TestType] [  496] - Test case Id is---101
[INFO ][2016-02-08 15:38:39,357][com.java.TestType] [  498] - 101
[INFO ][2016-02-08 15:38:39,357][com.java.TestType] [  493] -  str(2) = 65
[INFO ][2016-02-08 15:38:39,357][com.java.TestType] [  493] -  str(1) = 101
[INFO ][2016-02-08 15:38:39,357][com.java.TestType] [  496] - Test case Id is---101
[INFO ][2016-02-08 15:38:39,357][com.java.TestType] [  498] - 101
[INFO ][2016-02-08 15:38:39,357][com.java.TestType] [  493] -  str(2) = 66
[INFO ][2016-02-08 15:38:39,357][com.java.TestType] [  493] -  str(1) = 101
[INFO ][2016-02-08 15:38:39,357][com.java.TestType] [  496] - Test case Id is---101
[INFO ][2016-02-08 15:38:39,367][com.java.TestType] [  498] - 101
[INFO ][2016-02-08 15:38:39,367][com.java.TestType] [  493] -  str(2) = 67
[INFO ][2016-02-08 15:38:39,367][com.java.TestType] [  493] -  str(1) = 101
[INFO ][2016-02-08 15:38:39,367][com.java.TestType] [  496] - Test case Id is---101
[INFO ][2016-02-08 15:38:39,367][com.java.TestType] [  498] - 101
[INFO ][2016-02-08 15:38:39,367][com.java.TestType] [  493] -  str(2) = 68
[INFO ][2016-02-08 15:38:39,367][com.java.TestType] [  493] -  str(1) = 101
[INFO ][2016-02-08 15:38:39,367][com.java.TestType] [  496] - Test case Id is---101
[INFO ][2016-02-08 15:38:39,367][com.java.TestType] [  498] - 101
[INFO ][2016-02-08 15:38:39,367][com.java.TestType] [  493] -  str(2) = 69
[INFO ][2016-02-08 15:38:39,367][com.java.TestType] [  493] -  str(1) = 101
[INFO ][2016-02-08 15:38:39,367][com.java.TestType] [  496] - Test case Id is---101
[INFO ][2016-02-08 15:38:39,367][com.java.TestType] [  498] - 101
[INFO ][2016-02-08 15:38:39,367][com.java.TestType] [  493] -  str(2) = 70
[INFO ][2016-02-08 15:38:39,367][com.java.TestType] [  493] -  str(1) = 101
[INFO ][2016-02-08 15:38:39,367][com.java.TestType] [  496] - Test case Id is---101
[INFO ][2016-02-08 15:38:39,367][com.java.TestType] [  498] - 101
[INFO ][2016-02-08 15:38:39,367][com.java.TestType] [  493] -  str(2) = 71
[INFO ][2016-02-08 15:38:39,367][com.java.TestType] [  493] -  str(1) = 101
[INFO ][2016-02-08 15:38:39,367][com.java.TestType] [  496] - Test case Id is---101
[INFO ][2016-02-08 15:38:39,367][com.java.TestType] [  498] - 101
[INFO ][2016-02-08 15:38:39,367][com.java.TestType] [  493] -  str(2) = 72
[INFO ][2016-02-08 15:38:39,367][com.java.TestType] [  493] -  str(1) = 101
[INFO ][2016-02-08 15:38:39,367][com.java.TestType] [  496] - Test case Id is---101
[INFO ][2016-02-08 15:38:39,367][com.java.TestType] [  498] - 101
[INFO ][2016-02-08 15:38:39,367][com.java.TestType] [  493] -  str(2) = 73
[INFO ][2016-02-08 15:38:39,367][com.java.TestType] [  493] -  str(1) = 101
[INFO ][2016-02-08 15:38:39,367][com.java.TestType] [  496] - Test case Id is---101
[INFO ][2016-02-08 15:38:39,367][com.java.TestType] [  498] - 101
[INFO ][2016-02-08 15:38:39,367][com.java.TestType] [  493] -  str(2) = 74
[INFO ][2016-02-08 15:38:39,367][com.java.TestType] [  493] -  str(1) = 101
[INFO ][2016-02-08 15:38:39,367][com.java.TestType] [  496] - Test case Id is---101
[INFO ][2016-02-08 15:38:39,367][com.java.TestType] [  498] - 101
[INFO ][2016-02-08 15:38:39,367][com.java.TestType] [  493] -  str(2) = 75
[INFO ][2016-02-08 15:38:39,367][com.java.TestType] [  493] -  str(1) = 101
[INFO ][2016-02-08 15:38:39,367][com.java.TestType] [  496] - Test case Id is---101
[INFO ][2016-02-08 15:38:39,367][com.java.TestType] [  498] - 101
[INFO ][2016-02-08 15:38:39,367][com.java.TestType] [  493] -  str(2) = 76
[INFO ][2016-02-08 15:38:39,367][com.java.TestType] [  493] -  str(1) = 101
[INFO ][2016-02-08 15:38:39,367][com.java.TestType] [  496] - Test case Id is---101
[INFO ][2016-02-08 15:38:39,367][com.java.TestType] [  498] - 101
[INFO ][2016-02-08 15:38:39,367][com.java.TestType] [  493] -  str(2) = 77
[INFO ][2016-02-08 15:38:39,367][com.java.TestType] [  493] -  str(1) = 101
[INFO ][2016-02-08 15:38:39,367][com.java.TestType] [  496] - Test case Id is---101
[INFO ][2016-02-08 15:38:39,367][com.java.TestType] [  498] - 101
[INFO ][2016-02-08 15:38:39,367][com.java.TestType] [  493] -  str(2) = 78
[INFO ][2016-02-08 15:38:39,377][com.java.TestType] [12120] - Looping 1TCID = 101
[DEBUG][2016-02-08 15:38:39,377][com.java.TestType] [12161] - Concept ID:101 :: Step being Executed: 101::1
[ERROR][2016-02-08 15:38:39,377][com.java.TestType] [12194] - Exception: null
[INFO ][2016-02-08 15:38:39,377][com.java.TestType] [12199] - dataFields : BTNparent
[DEBUG][2016-02-08 15:38:39,377][com.java.TestType] [12205] - <In Set values of the page>
[DEBUG][2016-02-08 15:38:39,377][com.java.TestType] [12210] - {Data Fields & Data Values Exist}
[INFO ][2016-02-08 15:38:39,377][com.java.TestType] [12216] - --------------------------setting values-----------------------------
[INFO ][2016-02-08 15:38:39,377][com.java.TestType] [12219] - Action Type : SELECTFRAME
[INFO ][2016-02-08 15:38:39,387][com.java.TestType] [12238] -  RESULT true
[INFO ][2016-02-08 15:38:39,387][com.java.TestType] [12355] - ?   P A S S   ?
[DEBUG][2016-02-08 15:38:39,387][com.java.TestType] [12161] - Concept ID:101 :: Step being Executed: 101::2
[INFO ][2016-02-08 15:38:39,387][com.java.TestType] [12199] - dataFields : test
[DEBUG][2016-02-08 15:38:39,387][com.java.TestType] [12205] - <In Set values of the page>
[DEBUG][2016-02-08 15:38:39,387][com.java.TestType] [12210] - {Data Fields & Data Values Exist}
[INFO ][2016-02-08 15:38:39,387][com.java.TestType] [12216] - --------------------------setting values-----------------------------
[INFO ][2016-02-08 15:38:39,387][com.java.TestType] [12219] - Action Type : OPENURL
[INFO ][2016-02-08 15:38:39,387][com.java.TestType] [ 6748] - value = https://clients-xuat.bankersdashboard.com
[INFO ][2016-02-08 15:38:39,387][com.java.TestType] [  364] - Open URL : https://clients-xuat.bankersdashboard.com
[INFO ][2016-02-08 15:38:42,541][com.java.TestType] [12238] -  RESULT true
[INFO ][2016-02-08 15:38:42,541][com.java.TestType] [12355] - ?   P A S S   ?
[DEBUG][2016-02-08 15:38:42,541][com.java.TestType] [12161] - Concept ID:101 :: Step being Executed: 101::3
[ERROR][2016-02-08 15:38:42,541][com.java.TestType] [12194] - Exception: null
[INFO ][2016-02-08 15:38:42,541][com.java.TestType] [12199] - dataFields : //span[@class='icon-user4']&&//a[text()='Users']&&//a[@data-id="ModifyUsers"]
[DEBUG][2016-02-08 15:38:42,541][com.java.TestType] [12205] - <In Set values of the page>
[DEBUG][2016-02-08 15:38:42,541][com.java.TestType] [12210] - {Data Fields & Data Values Exist}
[INFO ][2016-02-08 15:38:42,541][com.java.TestType] [12216] - --------------------------setting values-----------------------------
[INFO ][2016-02-08 15:38:42,541][com.java.TestType] [12219] - Action Type : MouseOver
[INFO ][2016-02-08 15:39:27,294][com.java.TestType] [12238] -  RESULT true
[INFO ][2016-02-08 15:39:27,294][com.java.TestType] [12355] - ?   P A S S   ?
[DEBUG][2016-02-08 15:39:27,294][com.java.TestType] [12161] - Concept ID:101 :: Step being Executed: 101::4
[INFO ][2016-02-08 15:39:27,294][com.java.TestType] [12199] - dataFields : BTNframeDialogContent
[DEBUG][2016-02-08 15:39:27,294][com.java.TestType] [12205] - <In Set values of the page>
[DEBUG][2016-02-08 15:39:27,294][com.java.TestType] [12210] - {Data Fields & Data Values Exist}
[INFO ][2016-02-08 15:39:27,294][com.java.TestType] [12216] - --------------------------setting values-----------------------------
[INFO ][2016-02-08 15:39:27,294][com.java.TestType] [12219] - Action Type : WaitForElement
[INFO ][2016-02-08 15:39:28,625][com.java.TestType] [12238] -  RESULT true
[INFO ][2016-02-08 15:39:28,625][com.java.TestType] [12355] - ?   P A S S   ?
[DEBUG][2016-02-08 15:39:28,625][com.java.TestType] [12161] - Concept ID:101 :: Step being Executed: 101::5
[ERROR][2016-02-08 15:39:28,625][com.java.TestType] [12194] - Exception: null
[INFO ][2016-02-08 15:39:28,625][com.java.TestType] [12199] - dataFields : BTNframeDialogContent
[DEBUG][2016-02-08 15:39:28,625][com.java.TestType] [12205] - <In Set values of the page>
[DEBUG][2016-02-08 15:39:28,625][com.java.TestType] [12210] - {Data Fields & Data Values Exist}
[INFO ][2016-02-08 15:39:28,625][com.java.TestType] [12216] - --------------------------setting values-----------------------------
[INFO ][2016-02-08 15:39:28,625][com.java.TestType] [12219] - Action Type : SelectFrame
[INFO ][2016-02-08 15:39:29,947][com.java.TestType] [12238] -  RESULT true
[INFO ][2016-02-08 15:39:29,947][com.java.TestType] [12355] - ?   P A S S   ?
[DEBUG][2016-02-08 15:39:29,947][com.java.TestType] [12161] - Concept ID:101 :: Step being Executed: 101::6
[INFO ][2016-02-08 15:39:29,947][com.java.TestType] [12199] - dataFields : BTNbtnAddUser
[DEBUG][2016-02-08 15:39:29,947][com.java.TestType] [12205] - <In Set values of the page>
[DEBUG][2016-02-08 15:39:29,947][com.java.TestType] [12210] - {Data Fields & Data Values Exist}
[INFO ][2016-02-08 15:39:29,947][com.java.TestType] [12216] - --------------------------setting values-----------------------------
[INFO ][2016-02-08 15:39:29,947][com.java.TestType] [12219] - Action Type : WaitForElement
[INFO ][2016-02-08 15:39:31,257][com.java.TestType] [12238] -  RESULT true
[INFO ][2016-02-08 15:39:31,257][com.java.TestType] [12355] - ?   P A S S   ?
[DEBUG][2016-02-08 15:39:31,257][com.java.TestType] [12161] - Concept ID:101 :: Step being Executed: 101::7
[ERROR][2016-02-08 15:39:31,257][com.java.TestType] [12194] - Exception: null
[INFO ][2016-02-08 15:39:31,257][com.java.TestType] [12199] - dataFields : BTNbtnAddUser
[DEBUG][2016-02-08 15:39:31,257][com.java.TestType] [12205] - <In Set values of the page>
[DEBUG][2016-02-08 15:39:31,257][com.java.TestType] [12210] - {Data Fields & Data Values Exist}
[INFO ][2016-02-08 15:39:31,257][com.java.TestType] [12216] - --------------------------setting values-----------------------------
[INFO ][2016-02-08 15:39:31,257][com.java.TestType] [12219] - Action Type : Click
[INFO ][2016-02-08 15:39:31,257][com.java.TestType] [ 7149] - Field ::BTNbtnAddUser
[INFO ][2016-02-08 15:39:31,257][com.java.TestType] [ 6748] - value = 
[INFO ][2016-02-08 15:39:32,258][com.java.TestType] [ 7305] - BEFORE CLICK
[INFO ][2016-02-08 15:39:33,760][com.java.TestType] [ 7312] - Unable to click the object Add user button
[INFO ][2016-02-08 15:39:33,760][com.java.TestType] [12238] -  RESULT true
[INFO ][2016-02-08 15:39:33,760][com.java.TestType] [12355] - ?   P A S S   ?
[DEBUG][2016-02-08 15:39:33,760][com.java.TestType] [12161] - Concept ID:101 :: Step being Executed: 101::8
[INFO ][2016-02-08 15:39:33,760][com.java.TestType] [12199] - dataFields : BTNtxtUserName
[DEBUG][2016-02-08 15:39:33,760][com.java.TestType] [12205] - <In Set values of the page>
[DEBUG][2016-02-08 15:39:33,760][com.java.TestType] [12210] - {Data Fields & Data Values Exist}
[INFO ][2016-02-08 15:39:33,760][com.java.TestType] [12216] - --------------------------setting values-----------------------------
[INFO ][2016-02-08 15:39:33,760][com.java.TestType] [12219] - Action Type : WaitForElement
[INFO ][2016-02-08 15:39:38,031][com.java.TestType] [12238] -  RESULT true
[INFO ][2016-02-08 15:39:38,031][com.java.TestType] [12355] - ?   P A S S   ?
[DEBUG][2016-02-08 15:39:38,031][com.java.TestType] [12161] - Concept ID:101 :: Step being Executed: 101::9
[INFO ][2016-02-08 15:39:38,031][com.java.TestType] [12199] - dataFields : TXTtxtUserName
[DEBUG][2016-02-08 15:39:38,031][com.java.TestType] [12205] - <In Set values of the page>
[DEBUG][2016-02-08 15:39:38,031][com.java.TestType] [12210] - {Data Fields & Data Values Exist}
[INFO ][2016-02-08 15:39:38,031][com.java.TestType] [12216] - --------------------------setting values-----------------------------
[INFO ][2016-02-08 15:39:38,031][com.java.TestType] [12219] - Action Type : WaitForElement
[INFO ][2016-02-08 15:39:39,112][com.java.TestType] [12238] -  RESULT true
[INFO ][2016-02-08 15:39:39,112][com.java.TestType] [12355] - ?   P A S S   ?
[DEBUG][2016-02-08 15:39:39,112][com.java.TestType] [12161] - Concept ID:101 :: Step being Executed: 101::10
[INFO ][2016-02-08 15:39:39,112][com.java.TestType] [12199] - dataFields : TXTtxtUserName
[DEBUG][2016-02-08 15:39:39,112][com.java.TestType] [12205] - <In Set values of the page>
[DEBUG][2016-02-08 15:39:39,112][com.java.TestType] [12210] - {Data Fields & Data Values Exist}
[INFO ][2016-02-08 15:39:39,112][com.java.TestType] [12216] - --------------------------setting values-----------------------------
[INFO ][2016-02-08 15:39:39,112][com.java.TestType] [12219] - Action Type : CLEARANDENTER
[INFO ][2016-02-08 15:39:40,284][com.java.TestType] [ 6748] - value = vltest.robot76156
[INFO ][2016-02-08 15:39:41,644][com.java.TestType] [12238] -  RESULT true
[INFO ][2016-02-08 15:39:41,644][com.java.TestType] [12355] - ?   P A S S   ?
[DEBUG][2016-02-08 15:39:41,644][com.java.TestType] [12161] - Concept ID:101 :: Step being Executed: 101::11
[INFO ][2016-02-08 15:39:41,644][com.java.TestType] [12199] - dataFields : TXTtxtFirstName
[DEBUG][2016-02-08 15:39:41,644][com.java.TestType] [12205] - <In Set values of the page>
[DEBUG][2016-02-08 15:39:41,644][com.java.TestType] [12210] - {Data Fields & Data Values Exist}
[INFO ][2016-02-08 15:39:41,644][com.java.TestType] [12216] - --------------------------setting values-----------------------------
[INFO ][2016-02-08 15:39:41,644][com.java.TestType] [12219] - Action Type : WaitForElement
[INFO ][2016-02-08 15:39:42,714][com.java.TestType] [12238] -  RESULT true
[INFO ][2016-02-08 15:39:42,714][com.java.TestType] [12355] - ?   P A S S   ?
[DEBUG][2016-02-08 15:39:42,714][com.java.TestType] [12161] - Concept ID:101 :: Step being Executed: 101::12
[INFO ][2016-02-08 15:39:42,714][com.java.TestType] [12199] - dataFields : TXTtxtUserName
[DEBUG][2016-02-08 15:39:42,714][com.java.TestType] [12205] - <In Set values of the page>
[DEBUG][2016-02-08 15:39:42,714][com.java.TestType] [12210] - {Data Fields & Data Values Exist}
[INFO ][2016-02-08 15:39:42,714][com.java.TestType] [12216] - --------------------------setting values-----------------------------
[INFO ][2016-02-08 15:39:42,714][com.java.TestType] [12219] - Action Type : STOREVALUE
[INFO ][2016-02-08 15:39:42,714][com.java.TestType] [ 9885] - field= TXTtxtUserName
[DEBUG][2016-02-08 15:39:43,837][com.java.TestType] [ 9899] - Key:: GivenNewUserName  Value:: vltest.robot76156
[INFO ][2016-02-08 15:39:43,837][com.java.TestType] [12238] -  RESULT true
[INFO ][2016-02-08 15:39:43,837][com.java.TestType] [12355] - ?   P A S S   ?
[DEBUG][2016-02-08 15:39:43,837][com.java.TestType] [12161] - Concept ID:101 :: Step being Executed: 101::13
[INFO ][2016-02-08 15:39:43,837][com.java.TestType] [12199] - dataFields : TXTtxtFirstName
[DEBUG][2016-02-08 15:39:43,837][com.java.TestType] [12205] - <In Set values of the page>
[DEBUG][2016-02-08 15:39:43,837][com.java.TestType] [12210] - {Data Fields & Data Values Exist}
[INFO ][2016-02-08 15:39:43,837][com.java.TestType] [12216] - --------------------------setting values-----------------------------
[INFO ][2016-02-08 15:39:43,837][com.java.TestType] [12219] - Action Type : Enter
[INFO ][2016-02-08 15:39:43,837][com.java.TestType] [ 7768] - field = txtFirstName
[INFO ][2016-02-08 15:39:43,837][com.java.TestType] [ 6748] - value = VLTest
[INFO ][2016-02-08 15:39:45,548][com.java.TestType] [12238] -  RESULT true
[INFO ][2016-02-08 15:39:45,548][com.java.TestType] [12355] - ?   P A S S   ?
[DEBUG][2016-02-08 15:39:45,548][com.java.TestType] [12161] - Concept ID:101 :: Step being Executed: 101::14
[INFO ][2016-02-08 15:39:45,548][com.java.TestType] [12199] - dataFields : TXTtxtLastName
[DEBUG][2016-02-08 15:39:45,548][com.java.TestType] [12205] - <In Set values of the page>
[DEBUG][2016-02-08 15:39:45,548][com.java.TestType] [12210] - {Data Fields & Data Values Exist}
[INFO ][2016-02-08 15:39:45,548][com.java.TestType] [12216] - --------------------------setting values-----------------------------
[INFO ][2016-02-08 15:39:45,548][com.java.TestType] [12219] - Action Type : WaitForElement
[INFO ][2016-02-08 15:39:46,638][com.java.TestType] [12238] -  RESULT true
[INFO ][2016-02-08 15:39:46,638][com.java.TestType] [12355] - ?   P A S S   ?
[DEBUG][2016-02-08 15:39:46,638][com.java.TestType] [12161] - Concept ID:101 :: Step being Executed: 101::15
[INFO ][2016-02-08 15:39:46,638][com.java.TestType] [12199] - dataFields : TXTtxtLastName
[DEBUG][2016-02-08 15:39:46,638][com.java.TestType] [12205] - <In Set values of the page>
[DEBUG][2016-02-08 15:39:46,638][com.java.TestType] [12210] - {Data Fields & Data Values Exist}
[INFO ][2016-02-08 15:39:46,638][com.java.TestType] [12216] - --------------------------setting values-----------------------------
[INFO ][2016-02-08 15:39:46,638][com.java.TestType] [12219] - Action Type : Enter
[INFO ][2016-02-08 15:39:46,638][com.java.TestType] [ 7768] - field = txtLastName
[INFO ][2016-02-08 15:39:46,638][com.java.TestType] [ 6748] - value = Robot
[INFO ][2016-02-08 15:39:48,090][com.java.TestType] [12238] -  RESULT true
[INFO ][2016-02-08 15:39:48,090][com.java.TestType] [12355] - ?   P A S S   ?
[DEBUG][2016-02-08 15:39:48,090][com.java.TestType] [12161] - Concept ID:101 :: Step being Executed: 101::16
[INFO ][2016-02-08 15:39:48,090][com.java.TestType] [12199] - dataFields : TXTtxtCompany
[DEBUG][2016-02-08 15:39:48,090][com.java.TestType] [12205] - <In Set values of the page>
[DEBUG][2016-02-08 15:39:48,090][com.java.TestType] [12210] - {Data Fields & Data Values Exist}
[INFO ][2016-02-08 15:39:48,090][com.java.TestType] [12216] - --------------------------setting values-----------------------------
[INFO ][2016-02-08 15:39:48,090][com.java.TestType] [12219] - Action Type : WaitForElement
[INFO ][2016-02-08 15:39:49,179][com.java.TestType] [12238] -  RESULT true
[INFO ][2016-02-08 15:39:49,179][com.java.TestType] [12355] - ?   P A S S   ?
[DEBUG][2016-02-08 15:39:49,179][com.java.TestType] [12161] - Concept ID:101 :: Step being Executed: 101::17
[INFO ][2016-02-08 15:39:49,179][com.java.TestType] [12199] - dataFields : TXTtxtCompany
[DEBUG][2016-02-08 15:39:49,179][com.java.TestType] [12205] - <In Set values of the page>
[DEBUG][2016-02-08 15:39:49,179][com.java.TestType] [12210] - {Data Fields & Data Values Exist}
[INFO ][2016-02-08 15:39:49,179][com.java.TestType] [12216] - --------------------------setting values-----------------------------
[INFO ][2016-02-08 15:39:49,179][com.java.TestType] [12219] - Action Type : Enter
[INFO ][2016-02-08 15:39:49,179][com.java.TestType] [ 7768] - field = txtCompany
[INFO ][2016-02-08 15:39:49,179][com.java.TestType] [ 6748] - value = ValueLabs
[INFO ][2016-02-08 15:39:50,801][com.java.TestType] [12238] -  RESULT true
[INFO ][2016-02-08 15:39:50,801][com.java.TestType] [12355] - ?   P A S S   ?
[DEBUG][2016-02-08 15:39:50,801][com.java.TestType] [12161] - Concept ID:101 :: Step being Executed: 101::18
[INFO ][2016-02-08 15:39:50,801][com.java.TestType] [12199] - dataFields : TXTtxtLocation
[DEBUG][2016-02-08 15:39:50,801][com.java.TestType] [12205] - <In Set values of the page>
[DEBUG][2016-02-08 15:39:50,801][com.java.TestType] [12210] - {Data Fields & Data Values Exist}
[INFO ][2016-02-08 15:39:50,801][com.java.TestType] [12216] - --------------------------setting values-----------------------------
[INFO ][2016-02-08 15:39:50,801][com.java.TestType] [12219] - Action Type : WaitForElement
[INFO ][2016-02-08 15:39:51,899][com.java.TestType] [12238] -  RESULT true
[INFO ][2016-02-08 15:39:51,899][com.java.TestType] [12355] - ?   P A S S   ?
[DEBUG][2016-02-08 15:39:51,899][com.java.TestType] [12161] - Concept ID:101 :: Step being Executed: 101::19
[INFO ][2016-02-08 15:39:51,899][com.java.TestType] [12199] - dataFields : TXTtxtLocation
[DEBUG][2016-02-08 15:39:51,899][com.java.TestType] [12205] - <In Set values of the page>
[DEBUG][2016-02-08 15:39:51,899][com.java.TestType] [12210] - {Data Fields & Data Values Exist}
[INFO ][2016-02-08 15:39:51,899][com.java.TestType] [12216] - --------------------------setting values-----------------------------
[INFO ][2016-02-08 15:39:51,899][com.java.TestType] [12219] - Action Type : Enter
[INFO ][2016-02-08 15:39:51,899][com.java.TestType] [ 7768] - field = txtLocation
[INFO ][2016-02-08 15:39:51,899][com.java.TestType] [ 6748] - value = India
[INFO ][2016-02-08 15:39:53,351][com.java.TestType] [12238] -  RESULT true
[INFO ][2016-02-08 15:39:53,351][com.java.TestType] [12355] - ?   P A S S   ?
[DEBUG][2016-02-08 15:39:53,351][com.java.TestType] [12161] - Concept ID:101 :: Step being Executed: 101::20
[INFO ][2016-02-08 15:39:53,351][com.java.TestType] [12199] - dataFields : TXTtxtEMail
[DEBUG][2016-02-08 15:39:53,351][com.java.TestType] [12205] - <In Set values of the page>
[DEBUG][2016-02-08 15:39:53,351][com.java.TestType] [12210] - {Data Fields & Data Values Exist}
[INFO ][2016-02-08 15:39:53,351][com.java.TestType] [12216] - --------------------------setting values-----------------------------
[INFO ][2016-02-08 15:39:53,351][com.java.TestType] [12219] - Action Type : WaitForElement
[INFO ][2016-02-08 15:39:54,431][com.java.TestType] [12238] -  RESULT true
[INFO ][2016-02-08 15:39:54,431][com.java.TestType] [12355] - ?   P A S S   ?
[DEBUG][2016-02-08 15:39:54,431][com.java.TestType] [12161] - Concept ID:101 :: Step being Executed: 101::21
[INFO ][2016-02-08 15:39:54,431][com.java.TestType] [12199] - dataFields : TXTtxtEMail
[DEBUG][2016-02-08 15:39:54,431][com.java.TestType] [12205] - <In Set values of the page>
[DEBUG][2016-02-08 15:39:54,431][com.java.TestType] [12210] - {Data Fields & Data Values Exist}
[INFO ][2016-02-08 15:39:54,431][com.java.TestType] [12216] - --------------------------setting values-----------------------------
[INFO ][2016-02-08 15:39:54,431][com.java.TestType] [12219] - Action Type : Enter
[INFO ][2016-02-08 15:39:54,431][com.java.TestType] [ 7768] - field = txtEMail
[INFO ][2016-02-08 15:39:54,431][com.java.TestType] [ 6748] - value = vltest.robot@valuelabs.com
[INFO ][2016-02-08 15:39:56,102][com.java.TestType] [12238] -  RESULT true
[INFO ][2016-02-08 15:39:56,102][com.java.TestType] [12355] - ?   P A S S   ?
[DEBUG][2016-02-08 15:39:56,102][com.java.TestType] [12161] - Concept ID:101 :: Step being Executed: 101::22
[INFO ][2016-02-08 15:39:56,102][com.java.TestType] [12199] - dataFields : TXTtxtPhone
[DEBUG][2016-02-08 15:39:56,102][com.java.TestType] [12205] - <In Set values of the page>
[DEBUG][2016-02-08 15:39:56,102][com.java.TestType] [12210] - {Data Fields & Data Values Exist}
[INFO ][2016-02-08 15:39:56,102][com.java.TestType] [12216] - --------------------------setting values-----------------------------
[INFO ][2016-02-08 15:39:56,102][com.java.TestType] [12219] - Action Type : WaitForElement
[INFO ][2016-02-08 15:39:57,172][com.java.TestType] [12238] -  RESULT true
[INFO ][2016-02-08 15:39:57,172][com.java.TestType] [12355] - ?   P A S S   ?
[DEBUG][2016-02-08 15:39:57,172][com.java.TestType] [12161] - Concept ID:101 :: Step being Executed: 101::23
[INFO ][2016-02-08 15:39:57,172][com.java.TestType] [12199] - dataFields : TXTtxtPhone
[DEBUG][2016-02-08 15:39:57,172][com.java.TestType] [12205] - <In Set values of the page>
[DEBUG][2016-02-08 15:39:57,172][com.java.TestType] [12210] - {Data Fields & Data Values Exist}
[INFO ][2016-02-08 15:39:57,172][com.java.TestType] [12216] - --------------------------setting values-----------------------------
[INFO ][2016-02-08 15:39:57,172][com.java.TestType] [12219] - Action Type : Enter
[INFO ][2016-02-08 15:39:57,172][com.java.TestType] [ 7768] - field = txtPhone
[INFO ][2016-02-08 15:39:57,172][com.java.TestType] [ 6748] - value = 12345678901
[INFO ][2016-02-08 15:39:58,584][com.java.TestType] [12238] -  RESULT true
[INFO ][2016-02-08 15:39:58,584][com.java.TestType] [12355] - ?   P A S S   ?
[DEBUG][2016-02-08 15:39:58,584][com.java.TestType] [12161] - Concept ID:101 :: Step being Executed: 101::24
[INFO ][2016-02-08 15:39:58,584][com.java.TestType] [12199] - dataFields : TXTtxtPassword
[DEBUG][2016-02-08 15:39:58,584][com.java.TestType] [12205] - <In Set values of the page>
[DEBUG][2016-02-08 15:39:58,584][com.java.TestType] [12210] - {Data Fields & Data Values Exist}
[INFO ][2016-02-08 15:39:58,584][com.java.TestType] [12216] - --------------------------setting values-----------------------------
[INFO ][2016-02-08 15:39:58,584][com.java.TestType] [12219] - Action Type : WaitForElement
[INFO ][2016-02-08 15:39:59,676][com.java.TestType] [12238] -  RESULT true
[INFO ][2016-02-08 15:39:59,676][com.java.TestType] [12355] - ?   P A S S   ?
[DEBUG][2016-02-08 15:39:59,676][com.java.TestType] [12161] - Concept ID:101 :: Step being Executed: 101::25
[INFO ][2016-02-08 15:39:59,676][com.java.TestType] [12199] - dataFields : TXTtxtPassword
[DEBUG][2016-02-08 15:39:59,676][com.java.TestType] [12205] - <In Set values of the page>
[DEBUG][2016-02-08 15:39:59,676][com.java.TestType] [12210] - {Data Fields & Data Values Exist}
[INFO ][2016-02-08 15:39:59,676][com.java.TestType] [12216] - --------------------------setting values-----------------------------
[INFO ][2016-02-08 15:39:59,676][com.java.TestType] [12219] - Action Type : CLEARANDENTER
[INFO ][2016-02-08 15:40:00,849][com.java.TestType] [ 6748] - value = Password1*
[INFO ][2016-02-08 15:40:02,340][com.java.TestType] [12238] -  RESULT true
[INFO ][2016-02-08 15:40:02,340][com.java.TestType] [12355] - ?   P A S S   ?
[DEBUG][2016-02-08 15:40:02,340][com.java.TestType] [12161] - Concept ID:101 :: Step being Executed: 101::26
[INFO ][2016-02-08 15:40:02,340][com.java.TestType] [12199] - dataFields : TXTtxtPasswordConfirm
[DEBUG][2016-02-08 15:40:02,340][com.java.TestType] [12205] - <In Set values of the page>
[DEBUG][2016-02-08 15:40:02,340][com.java.TestType] [12210] - {Data Fields & Data Values Exist}
[INFO ][2016-02-08 15:40:02,340][com.java.TestType] [12216] - --------------------------setting values-----------------------------
[INFO ][2016-02-08 15:40:02,340][com.java.TestType] [12219] - Action Type : WaitForElement
[INFO ][2016-02-08 15:40:03,429][com.java.TestType] [12238] -  RESULT true
[INFO ][2016-02-08 15:40:03,429][com.java.TestType] [12355] - ?   P A S S   ?
[DEBUG][2016-02-08 15:40:03,429][com.java.TestType] [12161] - Concept ID:101 :: Step being Executed: 101::27
[INFO ][2016-02-08 15:40:03,429][com.java.TestType] [12199] - dataFields : TXTtxtPasswordConfirm
[DEBUG][2016-02-08 15:40:03,429][com.java.TestType] [12205] - <In Set values of the page>
[DEBUG][2016-02-08 15:40:03,429][com.java.TestType] [12210] - {Data Fields & Data Values Exist}
[INFO ][2016-02-08 15:40:03,429][com.java.TestType] [12216] - --------------------------setting values-----------------------------
[INFO ][2016-02-08 15:40:03,429][com.java.TestType] [12219] - Action Type : CLEARANDENTER
[INFO ][2016-02-08 15:40:04,591][com.java.TestType] [ 6748] - value = Password1*
[INFO ][2016-02-08 15:40:06,092][com.java.TestType] [12238] -  RESULT true
[INFO ][2016-02-08 15:40:06,092][com.java.TestType] [12355] - ?   P A S S   ?
[DEBUG][2016-02-08 15:40:06,092][com.java.TestType] [12161] - Concept ID:101 :: Step being Executed: 101::28
[INFO ][2016-02-08 15:40:06,092][com.java.TestType] [12199] - dataFields : SLBddlDBUsers
[DEBUG][2016-02-08 15:40:06,092][com.java.TestType] [12205] - <In Set values of the page>
[DEBUG][2016-02-08 15:40:06,092][com.java.TestType] [12210] - {Data Fields & Data Values Exist}
[INFO ][2016-02-08 15:40:06,092][com.java.TestType] [12216] - --------------------------setting values-----------------------------
[INFO ][2016-02-08 15:40:06,092][com.java.TestType] [12219] - Action Type : SELECT
[INFO ][2016-02-08 15:40:06,092][com.java.TestType] [ 6748] - value = Nayini1, Naresh
[DEBUG][2016-02-08 15:40:08,924][com.java.TestType] [ 6957] - Exception occured in select : Cannot locate element with text: Nayini1, Naresh
For documentation on this error, please visit: http://seleniumhq.org/exceptions/no_such_element.html
Build info: version: '2.48.2', revision: '41bccdd', time: '2015-10-09 19:59:12'
System info: host: 'FVTIII438F1D', ip: '172.17.68.34', os.name: 'Windows 7', os.arch: 'x86', os.version: '6.1', java.version: '1.7.0_55'
Driver info: driver.version: SeleniumDriver
[INFO ][2016-02-08 15:40:08,924][com.java.TestType] [12238] -  RESULT false
[INFO ][2016-02-08 15:40:08,924][com.java.TestType] [12276] - ?   F A I L   ?
[DEBUG][2016-02-08 15:40:08,924][com.java.TestType] [12279] - Browser Type : IE10
[DEBUG][2016-02-08 15:40:08,924][com.java.TestType] [12161] - Concept ID:101 :: Step being Executed: 101::29
[INFO ][2016-02-08 15:40:08,924][com.java.TestType] [12199] - dataFields : test
[DEBUG][2016-02-08 15:40:08,924][com.java.TestType] [12205] - <In Set values of the page>
[DEBUG][2016-02-08 15:40:08,924][com.java.TestType] [12210] - {Data Fields & Data Values Exist}
[INFO ][2016-02-08 15:40:08,924][com.java.TestType] [12216] - --------------------------setting values-----------------------------
[INFO ][2016-02-08 15:40:08,924][com.java.TestType] [12219] - Action Type : WaitTime
[DEBUG][2016-02-08 15:40:08,924][com.java.TestType] [ 6562] - sleepTime: 5000
[INFO ][2016-02-08 15:40:13,932][com.java.TestType] [12238] -  RESULT true
[INFO ][2016-02-08 15:40:13,932][com.java.TestType] [12355] - ?   P A S S   ?
[DEBUG][2016-02-08 15:40:13,932][com.java.TestType] [12161] - Concept ID:101 :: Step being Executed: 101::30
[ERROR][2016-02-08 15:40:13,932][com.java.TestType] [12194] - Exception: null
[INFO ][2016-02-08 15:40:13,932][com.java.TestType] [12199] - dataFields : BTNparent
[DEBUG][2016-02-08 15:40:13,932][com.java.TestType] [12205] - <In Set values of the page>
[DEBUG][2016-02-08 15:40:13,932][com.java.TestType] [12210] - {Data Fields & Data Values Exist}
[INFO ][2016-02-08 15:40:13,932][com.java.TestType] [12216] - --------------------------setting values-----------------------------
[INFO ][2016-02-08 15:40:13,932][com.java.TestType] [12219] - Action Type : SelectFrame
[INFO ][2016-02-08 15:40:13,933][com.java.TestType] [12238] -  RESULT true
[INFO ][2016-02-08 15:40:13,933][com.java.TestType] [12355] - ?   P A S S   ?
[DEBUG][2016-02-08 15:40:13,933][com.java.TestType] [12161] - Concept ID:101 :: Step being Executed: 101::31
[ERROR][2016-02-08 15:40:13,933][com.java.TestType] [12194] - Exception: null
[INFO ][2016-02-08 15:40:13,933][com.java.TestType] [12199] - dataFields : HDN//span[contains(text(), 'Finished')]
[DEBUG][2016-02-08 15:40:13,933][com.java.TestType] [12205] - <In Set values of the page>
[DEBUG][2016-02-08 15:40:13,933][com.java.TestType] [12210] - {Data Fields & Data Values Exist}
[INFO ][2016-02-08 15:40:13,933][com.java.TestType] [12216] - --------------------------setting values-----------------------------
[INFO ][2016-02-08 15:40:13,933][com.java.TestType] [12219] - Action Type : Click
[INFO ][2016-02-08 15:40:13,933][com.java.TestType] [ 7149] - Field ::HDN//span[contains(text(), 'Finished')]
[INFO ][2016-02-08 15:40:13,933][com.java.TestType] [ 6748] - value = 
[INFO ][2016-02-08 15:40:15,114][com.java.TestType] [12238] -  RESULT true
[INFO ][2016-02-08 15:40:15,114][com.java.TestType] [12355] - ?   P A S S   ?
[DEBUG][2016-02-08 15:40:15,114][com.java.TestType] [12161] - Concept ID:101 :: Step being Executed: 101::32
[INFO ][2016-02-08 15:40:15,114][com.java.TestType] [12199] - dataFields : test
[DEBUG][2016-02-08 15:40:15,114][com.java.TestType] [12205] - <In Set values of the page>
[DEBUG][2016-02-08 15:40:15,114][com.java.TestType] [12210] - {Data Fields & Data Values Exist}
[INFO ][2016-02-08 15:40:15,114][com.java.TestType] [12216] - --------------------------setting values-----------------------------
[INFO ][2016-02-08 15:40:15,114][com.java.TestType] [12219] - Action Type : WaitTime
[DEBUG][2016-02-08 15:40:15,114][com.java.TestType] [ 6562] - sleepTime: 5000
[INFO ][2016-02-08 15:40:20,113][com.java.TestType] [12238] -  RESULT true
[INFO ][2016-02-08 15:40:20,113][com.java.TestType] [12355] - ?   P A S S   ?
[DEBUG][2016-02-08 15:40:20,113][com.java.TestType] [12161] - Concept ID:101 :: Step being Executed: 101::33
[ERROR][2016-02-08 15:40:20,113][com.java.TestType] [12194] - Exception: null
[INFO ][2016-02-08 15:40:20,113][com.java.TestType] [12199] - dataFields : HDN//span[contains(text(), 'Finished')]
[DEBUG][2016-02-08 15:40:20,113][com.java.TestType] [12205] - <In Set values of the page>
[DEBUG][2016-02-08 15:40:20,113][com.java.TestType] [12210] - {Data Fields & Data Values Exist}
[INFO ][2016-02-08 15:40:20,113][com.java.TestType] [12216] - --------------------------setting values-----------------------------
[INFO ][2016-02-08 15:40:20,113][com.java.TestType] [12219] - Action Type : Click
[INFO ][2016-02-08 15:40:20,113][com.java.TestType] [ 7149] - Field ::HDN//span[contains(text(), 'Finished')]
[INFO ][2016-02-08 15:40:20,113][com.java.TestType] [ 6748] - value = 
[INFO ][2016-02-08 15:40:21,385][com.java.TestType] [12238] -  RESULT true
[INFO ][2016-02-08 15:40:21,385][com.java.TestType] [12355] - ?   P A S S   ?
[DEBUG][2016-02-08 15:40:21,385][com.java.TestType] [12161] - Concept ID:101 :: Step being Executed: 101::34
[INFO ][2016-02-08 15:40:21,385][com.java.TestType] [12199] - dataFields : BTNframeDialogContent
[DEBUG][2016-02-08 15:40:21,385][com.java.TestType] [12205] - <In Set values of the page>
[DEBUG][2016-02-08 15:40:21,385][com.java.TestType] [12210] - {Data Fields & Data Values Exist}
[INFO ][2016-02-08 15:40:21,385][com.java.TestType] [12216] - --------------------------setting values-----------------------------
[INFO ][2016-02-08 15:40:21,385][com.java.TestType] [12219] - Action Type : WaitForElement
[INFO ][2016-02-08 15:40:23,454][com.java.TestType] [12238] -  RESULT true
[INFO ][2016-02-08 15:40:23,454][com.java.TestType] [12355] - ?   P A S S   ?
[DEBUG][2016-02-08 15:40:23,454][com.java.TestType] [12161] - Concept ID:101 :: Step being Executed: 101::35
[ERROR][2016-02-08 15:40:23,454][com.java.TestType] [12194] - Exception: null
[INFO ][2016-02-08 15:40:23,454][com.java.TestType] [12199] - dataFields : BTNframeDialogContent
[DEBUG][2016-02-08 15:40:23,454][com.java.TestType] [12205] - <In Set values of the page>
[DEBUG][2016-02-08 15:40:23,454][com.java.TestType] [12210] - {Data Fields & Data Values Exist}
[INFO ][2016-02-08 15:40:23,454][com.java.TestType] [12216] - --------------------------setting values-----------------------------
[INFO ][2016-02-08 15:40:23,454][com.java.TestType] [12219] - Action Type : SelectFrame
[INFO ][2016-02-08 15:40:24,685][com.java.TestType] [12238] -  RESULT true
[INFO ][2016-02-08 15:40:24,685][com.java.TestType] [12355] - ?   P A S S   ?
[DEBUG][2016-02-08 15:40:24,685][com.java.TestType] [12161] - Concept ID:101 :: Step being Executed: 101::36
[INFO ][2016-02-08 15:40:24,685][com.java.TestType] [12199] - dataFields : XPH//table[@id="tblUserListing"]//td[contains(text(),'vltest.robot')]
[DEBUG][2016-02-08 15:40:24,685][com.java.TestType] [12205] - <In Set values of the page>
[DEBUG][2016-02-08 15:40:24,685][com.java.TestType] [12210] - {Data Fields & Data Values Exist}
[INFO ][2016-02-08 15:40:24,685][com.java.TestType] [12216] - --------------------------setting values-----------------------------
[INFO ][2016-02-08 15:40:24,685][com.java.TestType] [12219] - Action Type : WaitForElement
[INFO ][2016-02-08 15:40:24,715][com.java.TestType] [12238] -  RESULT true
[INFO ][2016-02-08 15:40:24,715][com.java.TestType] [12355] - ?   P A S S   ?
[DEBUG][2016-02-08 15:40:24,715][com.java.TestType] [12161] - Concept ID:101 :: Step being Executed: 101::37
[INFO ][2016-02-08 15:40:24,715][com.java.TestType] [12199] - dataFields : USR
[DEBUG][2016-02-08 15:40:24,715][com.java.TestType] [12205] - <In Set values of the page>
[DEBUG][2016-02-08 15:40:24,715][com.java.TestType] [12210] - {Data Fields & Data Values Exist}
[INFO ][2016-02-08 15:40:24,715][com.java.TestType] [12216] - --------------------------setting values-----------------------------
[INFO ][2016-02-08 15:40:24,715][com.java.TestType] [12219] - Action Type : Verify
[INFO ][2016-02-08 15:40:24,715][com.java.TestType] [ 8382] - field= USR value= HMVGivenNewUserName
[INFO ][2016-02-08 15:40:24,715][com.java.TestType] [ 6748] - value = vltest.robot76156
[INFO ][2016-02-08 15:40:24,765][com.java.TestType] [12238] -  RESULT true
[INFO ][2016-02-08 15:40:24,765][com.java.TestType] [12355] - ?   P A S S   ?
[DEBUG][2016-02-08 15:40:24,765][com.java.TestType] [12161] - Concept ID:101 :: Step being Executed: 101::38
[INFO ][2016-02-08 15:40:24,765][com.java.TestType] [12199] - dataFields : PVP//table[@id="tblUserListing"]//td[contains(text(),'mytext')]
[DEBUG][2016-02-08 15:40:24,765][com.java.TestType] [12205] - <In Set values of the page>
[DEBUG][2016-02-08 15:40:24,765][com.java.TestType] [12210] - {Data Fields & Data Values Exist}
[INFO ][2016-02-08 15:40:24,765][com.java.TestType] [12216] - --------------------------setting values-----------------------------
[INFO ][2016-02-08 15:40:24,765][com.java.TestType] [12219] - Action Type : STOREVALUE
[INFO ][2016-02-08 15:40:24,765][com.java.TestType] [ 9885] - field= PVP//table[@id="tblUserListing"]//td[contains(text(),'mytext')]
[DEBUG][2016-02-08 15:40:24,855][com.java.TestType] [10174] - Key:: GivenNewUserName::Login_username  Value:: vltest.robot76156.00058
[INFO ][2016-02-08 15:40:24,855][com.java.TestType] [12238] -  RESULT true
[INFO ][2016-02-08 15:40:24,855][com.java.TestType] [12355] - ?   P A S S   ?
[DEBUG][2016-02-08 15:40:24,855][com.java.TestType] [12161] - Concept ID:101 :: Step being Executed: 101::39
[INFO ][2016-02-08 15:40:24,855][com.java.TestType] [12199] - dataFields : null
[DEBUG][2016-02-08 15:40:24,855][com.java.TestType] [12205] - <In Set values of the page>
[INFO ][2016-02-08 15:40:24,855][com.java.TestType] [12355] - ?   P A S S   ?
[DEBUG][2016-02-08 15:40:24,855][com.java.TestType] [12161] - Concept ID:101 :: Step being Executed: 101::40
[ERROR][2016-02-08 15:40:24,855][com.java.TestType] [12194] - Exception: null
[INFO ][2016-02-08 15:40:24,855][com.java.TestType] [12199] - dataFields : BTNbtnAddUser
[DEBUG][2016-02-08 15:40:24,855][com.java.TestType] [12205] - <In Set values of the page>
[DEBUG][2016-02-08 15:40:24,855][com.java.TestType] [12210] - {Data Fields & Data Values Exist}
[INFO ][2016-02-08 15:40:24,855][com.java.TestType] [12216] - --------------------------setting values-----------------------------
[INFO ][2016-02-08 15:40:24,855][com.java.TestType] [12219] - Action Type : WaitForElement
[INFO ][2016-02-08 15:40:26,125][com.java.TestType] [12238] -  RESULT true
[INFO ][2016-02-08 15:40:26,125][com.java.TestType] [12355] - ?   P A S S   ?
[DEBUG][2016-02-08 15:40:26,125][com.java.TestType] [12161] - Concept ID:101 :: Step being Executed: 101::41
[INFO ][2016-02-08 15:40:26,125][com.java.TestType] [12199] - dataFields : MNC//div[@id="divUserListing"]//td//a[@id='modifyUser.mytext']
[DEBUG][2016-02-08 15:40:26,125][com.java.TestType] [12205] - <In Set values of the page>
[DEBUG][2016-02-08 15:40:26,125][com.java.TestType] [12210] - {Data Fields & Data Values Exist}
[INFO ][2016-02-08 15:40:26,125][com.java.TestType] [12216] - --------------------------setting values-----------------------------
[INFO ][2016-02-08 15:40:26,125][com.java.TestType] [12219] - Action Type : CLICK
[INFO ][2016-02-08 15:40:26,125][com.java.TestType] [ 7149] - Field ::MNC//div[@id="divUserListing"]//td//a[@id='modifyUser.mytext']
[INFO ][2016-02-08 15:40:26,125][com.java.TestType] [ 6748] - value = Login_username
[INFO ][2016-02-08 15:40:27,447][com.java.TestType] [12238] -  RESULT true
[INFO ][2016-02-08 15:40:27,447][com.java.TestType] [12355] - ?   P A S S   ?
[DEBUG][2016-02-08 15:40:27,447][com.java.TestType] [12161] - Concept ID:101 :: Step being Executed: 101::42
[INFO ][2016-02-08 15:40:27,447][com.java.TestType] [12199] - dataFields : null
[DEBUG][2016-02-08 15:40:27,447][com.java.TestType] [12205] - <In Set values of the page>
[INFO ][2016-02-08 15:40:27,447][com.java.TestType] [12355] - ?   P A S S   ?
[DEBUG][2016-02-08 15:40:27,447][com.java.TestType] [12161] - Concept ID:101 :: Step being Executed: 101::43
[ERROR][2016-02-08 15:40:27,447][com.java.TestType] [12194] - Exception: null
[INFO ][2016-02-08 15:40:27,447][com.java.TestType] [12199] - dataFields : BTNbtnAccess
[DEBUG][2016-02-08 15:40:27,447][com.java.TestType] [12205] - <In Set values of the page>
[DEBUG][2016-02-08 15:40:27,447][com.java.TestType] [12210] - {Data Fields & Data Values Exist}
[INFO ][2016-02-08 15:40:27,447][com.java.TestType] [12216] - --------------------------setting values-----------------------------
[INFO ][2016-02-08 15:40:27,447][com.java.TestType] [12219] - Action Type : CLICK
[INFO ][2016-02-08 15:40:27,447][com.java.TestType] [ 7149] - Field ::BTNbtnAccess
[INFO ][2016-02-08 15:40:27,447][com.java.TestType] [ 6748] - value = 
[INFO ][2016-02-08 15:40:28,447][com.java.TestType] [ 7305] - BEFORE CLICK
[INFO ][2016-02-08 15:40:33,007][com.java.TestType] [ 7312] - Unable to click the object Set Access button
[INFO ][2016-02-08 15:40:33,007][com.java.TestType] [12238] -  RESULT true
[INFO ][2016-02-08 15:40:33,007][com.java.TestType] [12355] - ?   P A S S   ?
[DEBUG][2016-02-08 15:40:33,007][com.java.TestType] [12161] - Concept ID:101 :: Step being Executed: 101::44
[ERROR][2016-02-08 15:40:33,007][com.java.TestType] [12194] - Exception: null
[INFO ][2016-02-08 15:40:33,007][com.java.TestType] [12199] - dataFields : BTN//select[@id='ddlEntityAccess']//option[2]
[DEBUG][2016-02-08 15:40:33,007][com.java.TestType] [12205] - <In Set values of the page>
[DEBUG][2016-02-08 15:40:33,007][com.java.TestType] [12210] - {Data Fields & Data Values Exist}
[INFO ][2016-02-08 15:40:33,007][com.java.TestType] [12216] - --------------------------setting values-----------------------------
[INFO ][2016-02-08 15:40:33,007][com.java.TestType] [12219] - Action Type : CLICK
[INFO ][2016-02-08 15:40:33,007][com.java.TestType] [ 7149] - Field ::BTN//select[@id='ddlEntityAccess']//option[2]
[INFO ][2016-02-08 15:40:33,007][com.java.TestType] [ 6748] - value = 
[INFO ][2016-02-08 15:40:34,015][com.java.TestType] [ 7305] - BEFORE CLICK
[INFO ][2016-02-08 15:40:34,746][com.java.TestType] [ 7312] - Unable to click the object Bank entity
[INFO ][2016-02-08 15:40:34,746][com.java.TestType] [12238] -  RESULT true
[INFO ][2016-02-08 15:40:34,746][com.java.TestType] [12355] - ?   P A S S   ?
[DEBUG][2016-02-08 15:40:34,746][com.java.TestType] [12161] - Concept ID:101 :: Step being Executed: 101::46
[ERROR][2016-02-08 15:40:34,746][com.java.TestType] [12194] - Exception: null
[INFO ][2016-02-08 15:40:34,746][com.java.TestType] [12199] - dataFields : BTNrdoEnableEntity_Enable
[DEBUG][2016-02-08 15:40:34,746][com.java.TestType] [12205] - <In Set values of the page>
[DEBUG][2016-02-08 15:40:34,746][com.java.TestType] [12210] - {Data Fields & Data Values Exist}
[INFO ][2016-02-08 15:40:34,746][com.java.TestType] [12216] - --------------------------setting values-----------------------------
[INFO ][2016-02-08 15:40:34,746][com.java.TestType] [12219] - Action Type : CLICK
[INFO ][2016-02-08 15:40:34,746][com.java.TestType] [ 7149] - Field ::BTNrdoEnableEntity_Enable
[INFO ][2016-02-08 15:40:34,746][com.java.TestType] [ 6748] - value = 
[INFO ][2016-02-08 15:40:35,746][com.java.TestType] [ 7305] - BEFORE CLICK
[INFO ][2016-02-08 15:40:37,037][com.java.TestType] [ 7312] - Unable to click the object Enable radio button
[INFO ][2016-02-08 15:40:37,037][com.java.TestType] [12238] -  RESULT true
[INFO ][2016-02-08 15:40:37,037][com.java.TestType] [12355] - ?   P A S S   ?
[DEBUG][2016-02-08 15:40:37,037][com.java.TestType] [12161] - Concept ID:101 :: Step being Executed: 101::47
[ERROR][2016-02-08 15:40:37,037][com.java.TestType] [12194] - Exception: null
[INFO ][2016-02-08 15:40:37,037][com.java.TestType] [12199] - dataFields : BTNchkGlobalPrivsUserAdmin
[DEBUG][2016-02-08 15:40:37,037][com.java.TestType] [12205] - <In Set values of the page>
[DEBUG][2016-02-08 15:40:37,037][com.java.TestType] [12210] - {Data Fields & Data Values Exist}
[INFO ][2016-02-08 15:40:37,037][com.java.TestType] [12216] - --------------------------setting values-----------------------------
[INFO ][2016-02-08 15:40:37,037][com.java.TestType] [12219] - Action Type : CLICK
[INFO ][2016-02-08 15:40:37,037][com.java.TestType] [ 7149] - Field ::BTNchkGlobalPrivsUserAdmin
[INFO ][2016-02-08 15:40:37,037][com.java.TestType] [ 6748] - value = 
[INFO ][2016-02-08 15:40:38,037][com.java.TestType] [ 7305] - BEFORE CLICK
[INFO ][2016-02-08 15:40:39,237][com.java.TestType] [ 7312] - Unable to click the object User Admin check box
[INFO ][2016-02-08 15:40:39,237][com.java.TestType] [12238] -  RESULT true
[INFO ][2016-02-08 15:40:39,237][com.java.TestType] [12355] - ?   P A S S   ?
[DEBUG][2016-02-08 15:40:39,237][com.java.TestType] [12161] - Concept ID:101 :: Step being Executed: 101::48
[ERROR][2016-02-08 15:40:39,237][com.java.TestType] [12194] - Exception: null
[INFO ][2016-02-08 15:40:39,237][com.java.TestType] [12199] - dataFields : BTNchkGlobalPrivsDocumentVaultAdmin
[DEBUG][2016-02-08 15:40:39,237][com.java.TestType] [12205] - <In Set values of the page>
[DEBUG][2016-02-08 15:40:39,237][com.java.TestType] [12210] - {Data Fields & Data Values Exist}
[INFO ][2016-02-08 15:40:39,237][com.java.TestType] [12216] - --------------------------setting values-----------------------------
[INFO ][2016-02-08 15:40:39,237][com.java.TestType] [12219] - Action Type : CLICK
[INFO ][2016-02-08 15:40:39,237][com.java.TestType] [ 7149] - Field ::BTNchkGlobalPrivsDocumentVaultAdmin
[INFO ][2016-02-08 15:40:39,237][com.java.TestType] [ 6748] - value = 
[INFO ][2016-02-08 15:40:40,237][com.java.TestType] [ 7305] - BEFORE CLICK
[INFO ][2016-02-08 15:40:41,438][com.java.TestType] [ 7312] - Unable to click the object Document Vault Admin box
[INFO ][2016-02-08 15:40:41,438][com.java.TestType] [12238] -  RESULT true
[INFO ][2016-02-08 15:40:41,438][com.java.TestType] [12355] - ?   P A S S   ?
[DEBUG][2016-02-08 15:40:41,438][com.java.TestType] [12161] - Concept ID:101 :: Step being Executed: 101::49
[ERROR][2016-02-08 15:40:41,438][com.java.TestType] [12194] - Exception: null
[INFO ][2016-02-08 15:40:41,438][com.java.TestType] [12199] - dataFields : BTNchkGlobalPrivsTabletApp
[DEBUG][2016-02-08 15:40:41,438][com.java.TestType] [12205] - <In Set values of the page>
[DEBUG][2016-02-08 15:40:41,438][com.java.TestType] [12210] - {Data Fields & Data Values Exist}
[INFO ][2016-02-08 15:40:41,438][com.java.TestType] [12216] - --------------------------setting values-----------------------------
[INFO ][2016-02-08 15:40:41,438][com.java.TestType] [12219] - Action Type : CLICK
[INFO ][2016-02-08 15:40:41,438][com.java.TestType] [ 7149] - Field ::BTNchkGlobalPrivsTabletApp
[INFO ][2016-02-08 15:40:41,438][com.java.TestType] [ 6748] - value = 
[INFO ][2016-02-08 15:40:42,438][com.java.TestType] [ 7305] - BEFORE CLICK
[INFO ][2016-02-08 15:40:43,655][com.java.TestType] [ 7312] - Unable to click the object Allow Tablet App Access
[INFO ][2016-02-08 15:40:43,655][com.java.TestType] [12238] -  RESULT true
[INFO ][2016-02-08 15:40:43,655][com.java.TestType] [12355] - ?   P A S S   ?
[DEBUG][2016-02-08 15:40:43,655][com.java.TestType] [12161] - Concept ID:101 :: Step being Executed: 101::50
[ERROR][2016-02-08 15:40:43,655][com.java.TestType] [12194] - Exception: null
[INFO ][2016-02-08 15:40:43,655][com.java.TestType] [12199] - dataFields : BTNchkProfitCenterAll
[DEBUG][2016-02-08 15:40:43,655][com.java.TestType] [12205] - <In Set values of the page>
[DEBUG][2016-02-08 15:40:43,655][com.java.TestType] [12210] - {Data Fields & Data Values Exist}
[INFO ][2016-02-08 15:40:43,655][com.java.TestType] [12216] - --------------------------setting values-----------------------------
[INFO ][2016-02-08 15:40:43,655][com.java.TestType] [12219] - Action Type : CLICK
[INFO ][2016-02-08 15:40:43,655][com.java.TestType] [ 7149] - Field ::BTNchkProfitCenterAll
[INFO ][2016-02-08 15:40:43,655][com.java.TestType] [ 6748] - value = 
[INFO ][2016-02-08 15:40:44,655][com.java.TestType] [ 7305] - BEFORE CLICK
[INFO ][2016-02-08 15:40:45,855][com.java.TestType] [ 7312] - Unable to click the object All Check box
[INFO ][2016-02-08 15:40:45,855][com.java.TestType] [12238] -  RESULT true
[INFO ][2016-02-08 15:40:45,855][com.java.TestType] [12355] - ?   P A S S   ?
[DEBUG][2016-02-08 15:40:45,855][com.java.TestType] [12161] - Concept ID:101 :: Step being Executed: 101::51
[ERROR][2016-02-08 15:40:45,855][com.java.TestType] [12194] - Exception: null
[INFO ][2016-02-08 15:40:45,855][com.java.TestType] [12199] - dataFields : BTNchkPrivsAccessGL
[DEBUG][2016-02-08 15:40:45,855][com.java.TestType] [12205] - <In Set values of the page>
[DEBUG][2016-02-08 15:40:45,855][com.java.TestType] [12210] - {Data Fields & Data Values Exist}
[INFO ][2016-02-08 15:40:45,855][com.java.TestType] [12216] - --------------------------setting values-----------------------------
[INFO ][2016-02-08 15:40:45,855][com.java.TestType] [12219] - Action Type : CLICK
[INFO ][2016-02-08 15:40:45,855][com.java.TestType] [ 7149] - Field ::BTNchkPrivsAccessGL
[INFO ][2016-02-08 15:40:45,855][com.java.TestType] [ 6748] - value = 
[INFO ][2016-02-08 15:40:46,855][com.java.TestType] [ 7305] - BEFORE CLICK
[INFO ][2016-02-08 15:40:48,056][com.java.TestType] [ 7312] - Unable to click the object GL check box
[INFO ][2016-02-08 15:40:48,056][com.java.TestType] [12238] -  RESULT true
[INFO ][2016-02-08 15:40:48,056][com.java.TestType] [12355] - ?   P A S S   ?
[DEBUG][2016-02-08 15:40:48,056][com.java.TestType] [12161] - Concept ID:101 :: Step being Executed: 101::52
[ERROR][2016-02-08 15:40:48,056][com.java.TestType] [12194] - Exception: null
[INFO ][2016-02-08 15:40:48,056][com.java.TestType] [12199] - dataFields : BTNchkPrivsAccessAL
[DEBUG][2016-02-08 15:40:48,056][com.java.TestType] [12205] - <In Set values of the page>
[DEBUG][2016-02-08 15:40:48,056][com.java.TestType] [12210] - {Data Fields & Data Values Exist}
[INFO ][2016-02-08 15:40:48,056][com.java.TestType] [12216] - --------------------------setting values-----------------------------
[INFO ][2016-02-08 15:40:48,056][com.java.TestType] [12219] - Action Type : CLICK
[INFO ][2016-02-08 15:40:48,056][com.java.TestType] [ 7149] - Field ::BTNchkPrivsAccessAL
[INFO ][2016-02-08 15:40:48,056][com.java.TestType] [ 6748] - value = 
[INFO ][2016-02-08 15:40:49,056][com.java.TestType] [ 7305] - BEFORE CLICK
[INFO ][2016-02-08 15:40:50,297][com.java.TestType] [ 7312] - Unable to click the object Access A/L box
[INFO ][2016-02-08 15:40:50,297][com.java.TestType] [12238] -  RESULT true
[INFO ][2016-02-08 15:40:50,297][com.java.TestType] [12355] - ?   P A S S   ?
[DEBUG][2016-02-08 15:40:50,297][com.java.TestType] [12161] - Concept ID:101 :: Step being Executed: 101::53
[ERROR][2016-02-08 15:40:50,297][com.java.TestType] [12194] - Exception: null
[INFO ][2016-02-08 15:40:50,297][com.java.TestType] [12199] - dataFields : BTNchkPrivsParamsAdmin
[DEBUG][2016-02-08 15:40:50,297][com.java.TestType] [12205] - <In Set values of the page>
[DEBUG][2016-02-08 15:40:50,297][com.java.TestType] [12210] - {Data Fields & Data Values Exist}
[INFO ][2016-02-08 15:40:50,297][com.java.TestType] [12216] - --------------------------setting values-----------------------------
[INFO ][2016-02-08 15:40:50,297][com.java.TestType] [12219] - Action Type : CLICK
[INFO ][2016-02-08 15:40:50,297][com.java.TestType] [ 7149] - Field ::BTNchkPrivsParamsAdmin
[INFO ][2016-02-08 15:40:50,297][com.java.TestType] [ 6748] - value = 
[INFO ][2016-02-08 15:40:51,297][com.java.TestType] [ 7305] - BEFORE CLICK
[INFO ][2016-02-08 15:40:52,527][com.java.TestType] [ 7312] - Unable to click the object Parameters Admin box
[INFO ][2016-02-08 15:40:52,527][com.java.TestType] [12238] -  RESULT true
[INFO ][2016-02-08 15:40:52,527][com.java.TestType] [12355] - ?   P A S S   ?
[DEBUG][2016-02-08 15:40:52,527][com.java.TestType] [12161] - Concept ID:101 :: Step being Executed: 101::54
[ERROR][2016-02-08 15:40:52,527][com.java.TestType] [12194] - Exception: null
[INFO ][2016-02-08 15:40:52,527][com.java.TestType] [12199] - dataFields : BTNchkPrivsDesignBoardPackage
[DEBUG][2016-02-08 15:40:52,527][com.java.TestType] [12205] - <In Set values of the page>
[DEBUG][2016-02-08 15:40:52,527][com.java.TestType] [12210] - {Data Fields & Data Values Exist}
[INFO ][2016-02-08 15:40:52,527][com.java.TestType] [12216] - --------------------------setting values-----------------------------
[INFO ][2016-02-08 15:40:52,527][com.java.TestType] [12219] - Action Type : CLICK
[INFO ][2016-02-08 15:40:52,527][com.java.TestType] [ 7149] - Field ::BTNchkPrivsDesignBoardPackage
[INFO ][2016-02-08 15:40:52,527][com.java.TestType] [ 6748] - value = 
[INFO ][2016-02-08 15:40:53,529][com.java.TestType] [ 7305] - BEFORE CLICK
[INFO ][2016-02-08 15:40:54,760][com.java.TestType] [ 7312] - Unable to click the object Design Board Package box
[INFO ][2016-02-08 15:40:54,760][com.java.TestType] [12238] -  RESULT true
[INFO ][2016-02-08 15:40:54,760][com.java.TestType] [12355] - ?   P A S S   ?
[DEBUG][2016-02-08 15:40:54,760][com.java.TestType] [12161] - Concept ID:101 :: Step being Executed: 101::55
[ERROR][2016-02-08 15:40:54,760][com.java.TestType] [12194] - Exception: null
[INFO ][2016-02-08 15:40:54,760][com.java.TestType] [12199] - dataFields : BTNchkPrivsProjectionsAdmin
[DEBUG][2016-02-08 15:40:54,760][com.java.TestType] [12205] - <In Set values of the page>
[DEBUG][2016-02-08 15:40:54,760][com.java.TestType] [12210] - {Data Fields & Data Values Exist}
[INFO ][2016-02-08 15:40:54,760][com.java.TestType] [12216] - --------------------------setting values-----------------------------
[INFO ][2016-02-08 15:40:54,760][com.java.TestType] [12219] - Action Type : CLICK
[INFO ][2016-02-08 15:40:54,760][com.java.TestType] [ 7149] - Field ::BTNchkPrivsProjectionsAdmin
[INFO ][2016-02-08 15:40:54,760][com.java.TestType] [ 6748] - value = 
[INFO ][2016-02-08 15:40:55,760][com.java.TestType] [ 7305] - BEFORE CLICK
[INFO ][2016-02-08 15:40:56,971][com.java.TestType] [ 7312] - Unable to click the object Projections Admin box
[INFO ][2016-02-08 15:40:56,971][com.java.TestType] [12238] -  RESULT true
[INFO ][2016-02-08 15:40:56,971][com.java.TestType] [12355] - ?   P A S S   ?
[DEBUG][2016-02-08 15:40:56,971][com.java.TestType] [12161] - Concept ID:101 :: Step being Executed: 101::56
[ERROR][2016-02-08 15:40:56,971][com.java.TestType] [12194] - Exception: null
[INFO ][2016-02-08 15:40:56,971][com.java.TestType] [12199] - dataFields : BTNchkPrivsMappingAdmin
[DEBUG][2016-02-08 15:40:56,971][com.java.TestType] [12205] - <In Set values of the page>
[DEBUG][2016-02-08 15:40:56,971][com.java.TestType] [12210] - {Data Fields & Data Values Exist}
[INFO ][2016-02-08 15:40:56,971][com.java.TestType] [12216] - --------------------------setting values-----------------------------
[INFO ][2016-02-08 15:40:56,971][com.java.TestType] [12219] - Action Type : CLICK
[INFO ][2016-02-08 15:40:56,971][com.java.TestType] [ 7149] - Field ::BTNchkPrivsMappingAdmin
[INFO ][2016-02-08 15:40:56,971][com.java.TestType] [ 6748] - value = 
[INFO ][2016-02-08 15:40:57,971][com.java.TestType] [ 7305] - BEFORE CLICK
[INFO ][2016-02-08 15:40:59,202][com.java.TestType] [ 7312] - Unable to click the object Mapping Admin box
[INFO ][2016-02-08 15:40:59,202][com.java.TestType] [12238] -  RESULT true
[INFO ][2016-02-08 15:40:59,202][com.java.TestType] [12355] - ?   P A S S   ?
[DEBUG][2016-02-08 15:40:59,202][com.java.TestType] [12161] - Concept ID:101 :: Step being Executed: 101::57
[ERROR][2016-02-08 15:40:59,202][com.java.TestType] [12194] - Exception: null
[INFO ][2016-02-08 15:40:59,202][com.java.TestType] [12199] - dataFields : BTNchkPrivsAccessDataExport
[DEBUG][2016-02-08 15:40:59,202][com.java.TestType] [12205] - <In Set values of the page>
[DEBUG][2016-02-08 15:40:59,202][com.java.TestType] [12210] - {Data Fields & Data Values Exist}
[INFO ][2016-02-08 15:40:59,202][com.java.TestType] [12216] - --------------------------setting values-----------------------------
[INFO ][2016-02-08 15:40:59,202][com.java.TestType] [12219] - Action Type : CLICK
[INFO ][2016-02-08 15:40:59,202][com.java.TestType] [ 7149] - Field ::BTNchkPrivsAccessDataExport
[INFO ][2016-02-08 15:40:59,202][com.java.TestType] [ 6748] - value = 
[INFO ][2016-02-08 15:41:00,201][com.java.TestType] [ 7305] - BEFORE CLICK
[INFO ][2016-02-08 15:41:01,432][com.java.TestType] [ 7312] - Unable to click the object Access Data Export box
[INFO ][2016-02-08 15:41:01,432][com.java.TestType] [12238] -  RESULT true
[INFO ][2016-02-08 15:41:01,432][com.java.TestType] [12355] - ?   P A S S   ?
[DEBUG][2016-02-08 15:41:01,432][com.java.TestType] [12161] - Concept ID:101 :: Step being Executed: 101::58
[ERROR][2016-02-08 15:41:01,432][com.java.TestType] [12194] - Exception: null
[INFO ][2016-02-08 15:41:01,432][com.java.TestType] [12199] - dataFields : BTNchkPrivsUpdateMemoFields
[DEBUG][2016-02-08 15:41:01,432][com.java.TestType] [12205] - <In Set values of the page>
[DEBUG][2016-02-08 15:41:01,432][com.java.TestType] [12210] - {Data Fields & Data Values Exist}
[INFO ][2016-02-08 15:41:01,432][com.java.TestType] [12216] - --------------------------setting values-----------------------------
[INFO ][2016-02-08 15:41:01,432][com.java.TestType] [12219] - Action Type : CLICK
[INFO ][2016-02-08 15:41:01,432][com.java.TestType] [ 7149] - Field ::BTNchkPrivsUpdateMemoFields
[INFO ][2016-02-08 15:41:01,432][com.java.TestType] [ 6748] - value = 
[INFO ][2016-02-08 15:41:02,432][com.java.TestType] [ 7305] - BEFORE CLICK
[INFO ][2016-02-08 15:41:03,663][com.java.TestType] [ 7312] - Unable to click the object Update Memo Fields box
[INFO ][2016-02-08 15:41:03,663][com.java.TestType] [12238] -  RESULT true
[INFO ][2016-02-08 15:41:03,663][com.java.TestType] [12355] - ?   P A S S   ?
[DEBUG][2016-02-08 15:41:03,663][com.java.TestType] [12161] - Concept ID:101 :: Step being Executed: 101::59
[ERROR][2016-02-08 15:41:03,663][com.java.TestType] [12194] - Exception: null
[INFO ][2016-02-08 15:41:03,663][com.java.TestType] [12199] - dataFields : BTNparent
[DEBUG][2016-02-08 15:41:03,663][com.java.TestType] [12205] - <In Set values of the page>
[DEBUG][2016-02-08 15:41:03,663][com.java.TestType] [12210] - {Data Fields & Data Values Exist}
[INFO ][2016-02-08 15:41:03,663][com.java.TestType] [12216] - --------------------------setting values-----------------------------
[INFO ][2016-02-08 15:41:03,663][com.java.TestType] [12219] - Action Type : SELECTFRAME
[INFO ][2016-02-08 15:41:03,673][com.java.TestType] [12238] -  RESULT true
[INFO ][2016-02-08 15:41:03,673][com.java.TestType] [12355] - ?   P A S S   ?
[DEBUG][2016-02-08 15:41:03,673][com.java.TestType] [12161] - Concept ID:101 :: Step being Executed: 101::60
[INFO ][2016-02-08 15:41:03,673][com.java.TestType] [12199] - dataFields : test
[DEBUG][2016-02-08 15:41:03,673][com.java.TestType] [12205] - <In Set values of the page>
[DEBUG][2016-02-08 15:41:03,673][com.java.TestType] [12210] - {Data Fields & Data Values Exist}
[INFO ][2016-02-08 15:41:03,673][com.java.TestType] [12216] - --------------------------setting values-----------------------------
[INFO ][2016-02-08 15:41:03,673][com.java.TestType] [12219] - Action Type : WAITTIME
[DEBUG][2016-02-08 15:41:03,673][com.java.TestType] [ 6562] - sleepTime: 5000
[INFO ][2016-02-08 15:41:08,680][com.java.TestType] [12238] -  RESULT true
[INFO ][2016-02-08 15:41:08,680][com.java.TestType] [12355] - ?   P A S S   ?
[DEBUG][2016-02-08 15:41:08,680][com.java.TestType] [12161] - Concept ID:101 :: Step being Executed: 101::61
[ERROR][2016-02-08 15:41:08,680][com.java.TestType] [12194] - Exception: null
[INFO ][2016-02-08 15:41:08,680][com.java.TestType] [12199] - dataFields : XPH//span[contains(text(), 'Finished')]
[DEBUG][2016-02-08 15:41:08,680][com.java.TestType] [12205] - <In Set values of the page>
[DEBUG][2016-02-08 15:41:08,680][com.java.TestType] [12210] - {Data Fields & Data Values Exist}
[INFO ][2016-02-08 15:41:08,680][com.java.TestType] [12216] - --------------------------setting values-----------------------------
[INFO ][2016-02-08 15:41:08,680][com.java.TestType] [12219] - Action Type : CLICK
[INFO ][2016-02-08 15:41:08,680][com.java.TestType] [ 7149] - Field ::XPH//span[contains(text(), 'Finished')]
[INFO ][2016-02-08 15:41:08,680][com.java.TestType] [ 6748] - value = 
[INFO ][2016-02-08 15:41:09,681][com.java.TestType] [ 7326] - BEFORE CLICK
[INFO ][2016-02-08 15:41:10,753][com.java.TestType] [ 7334] - Unable to click the object Finished button
[INFO ][2016-02-08 15:41:10,753][com.java.TestType] [12238] -  RESULT true
[INFO ][2016-02-08 15:41:10,753][com.java.TestType] [12355] - ?   P A S S   ?
[DEBUG][2016-02-08 15:41:10,753][com.java.TestType] [12161] - Concept ID:101 :: Step being Executed: 101::62
[INFO ][2016-02-08 15:41:10,753][com.java.TestType] [12199] - dataFields : null
[DEBUG][2016-02-08 15:41:10,753][com.java.TestType] [12205] - <In Set values of the page>
[INFO ][2016-02-08 15:41:10,753][com.java.TestType] [12355] - ?   P A S S   ?
[DEBUG][2016-02-08 15:41:10,753][com.java.TestType] [12161] - Concept ID:101 :: Step being Executed: 101::63
[ERROR][2016-02-08 15:41:10,753][com.java.TestType] [12194] - Exception: null
[INFO ][2016-02-08 15:41:10,753][com.java.TestType] [12199] - dataFields : BTNframeDialogContent
[DEBUG][2016-02-08 15:41:10,753][com.java.TestType] [12205] - <In Set values of the page>
[DEBUG][2016-02-08 15:41:10,753][com.java.TestType] [12210] - {Data Fields & Data Values Exist}
[INFO ][2016-02-08 15:41:10,753][com.java.TestType] [12216] - --------------------------setting values-----------------------------
[INFO ][2016-02-08 15:41:10,753][com.java.TestType] [12219] - Action Type : SelectFrame
[INFO ][2016-02-08 15:41:12,055][com.java.TestType] [12238] -  RESULT true
[INFO ][2016-02-08 15:41:12,055][com.java.TestType] [12355] - ?   P A S S   ?
[DEBUG][2016-02-08 15:41:12,055][com.java.TestType] [12161] - Concept ID:101 :: Step being Executed: 101::64
[ERROR][2016-02-08 15:41:12,055][com.java.TestType] [12194] - Exception: null
[INFO ][2016-02-08 15:41:12,055][com.java.TestType] [12199] - dataFields : XPH//table[@id="tblUserListing"]//td[contains(text(),'vltest.robot')]
[DEBUG][2016-02-08 15:41:12,055][com.java.TestType] [12205] - <In Set values of the page>
[DEBUG][2016-02-08 15:41:12,055][com.java.TestType] [12210] - {Data Fields & Data Values Exist}
[INFO ][2016-02-08 15:41:12,055][com.java.TestType] [12216] - --------------------------setting values-----------------------------
[INFO ][2016-02-08 15:41:12,055][com.java.TestType] [12219] - Action Type : WaitForElement
[INFO ][2016-02-08 15:41:12,075][com.java.TestType] [12238] -  RESULT true
[INFO ][2016-02-08 15:41:12,075][com.java.TestType] [12355] - ?   P A S S   ?
[DEBUG][2016-02-08 15:41:12,075][com.java.TestType] [12161] - Concept ID:101 :: Step being Executed: 101::65
[INFO ][2016-02-08 15:41:12,075][com.java.TestType] [12199] - dataFields : USR
[DEBUG][2016-02-08 15:41:12,075][com.java.TestType] [12205] - <In Set values of the page>
[DEBUG][2016-02-08 15:41:12,075][com.java.TestType] [12210] - {Data Fields & Data Values Exist}
[INFO ][2016-02-08 15:41:12,075][com.java.TestType] [12216] - --------------------------setting values-----------------------------
[INFO ][2016-02-08 15:41:12,075][com.java.TestType] [12219] - Action Type : Verify
[INFO ][2016-02-08 15:41:12,075][com.java.TestType] [ 8382] - field= USR value= HMVLogin_username
[INFO ][2016-02-08 15:41:12,075][com.java.TestType] [ 6748] - value = vltest.robot76156.00058
[INFO ][2016-02-08 15:41:12,115][com.java.TestType] [12238] -  RESULT true
[INFO ][2016-02-08 15:41:12,115][com.java.TestType] [12355] - ?   P A S S   ?
[DEBUG][2016-02-08 15:41:12,115][com.java.TestType] [12161] - Concept ID:101 :: Step being Executed: 101::66
[ERROR][2016-02-08 15:41:12,115][com.java.TestType] [12194] - Exception: null
[INFO ][2016-02-08 15:41:12,115][com.java.TestType] [12199] - dataFields : BTNparent
[DEBUG][2016-02-08 15:41:12,115][com.java.TestType] [12205] - <In Set values of the page>
[DEBUG][2016-02-08 15:41:12,115][com.java.TestType] [12210] - {Data Fields & Data Values Exist}
[INFO ][2016-02-08 15:41:12,115][com.java.TestType] [12216] - --------------------------setting values-----------------------------
[INFO ][2016-02-08 15:41:12,115][com.java.TestType] [12219] - Action Type : SelectFrame
[INFO ][2016-02-08 15:41:12,125][com.java.TestType] [12238] -  RESULT true
[INFO ][2016-02-08 15:41:12,125][com.java.TestType] [12355] - ?   P A S S   ?
[DEBUG][2016-02-08 15:41:12,125][com.java.TestType] [12161] - Concept ID:101 :: Step being Executed: 101::67
[ERROR][2016-02-08 15:41:12,125][com.java.TestType] [12194] - Exception: null
[INFO ][2016-02-08 15:41:12,125][com.java.TestType] [12199] - dataFields : XPH//span[contains(text(), 'Finished')]
[DEBUG][2016-02-08 15:41:12,125][com.java.TestType] [12205] - <In Set values of the page>
[DEBUG][2016-02-08 15:41:12,125][com.java.TestType] [12210] - {Data Fields & Data Values Exist}
[INFO ][2016-02-08 15:41:12,125][com.java.TestType] [12216] - --------------------------setting values-----------------------------
[INFO ][2016-02-08 15:41:12,125][com.java.TestType] [12219] - Action Type : Click
[INFO ][2016-02-08 15:41:12,125][com.java.TestType] [ 7149] - Field ::XPH//span[contains(text(), 'Finished')]
[INFO ][2016-02-08 15:41:12,125][com.java.TestType] [ 6748] - value = 
[INFO ][2016-02-08 15:41:13,125][com.java.TestType] [ 7326] - BEFORE CLICK
[INFO ][2016-02-08 15:41:14,045][com.java.TestType] [ 7334] - Unable to click the object Finished button
[INFO ][2016-02-08 15:41:14,045][com.java.TestType] [12238] -  RESULT true
[INFO ][2016-02-08 15:41:14,045][com.java.TestType] [12355] - ?   P A S S   ?
[INFO ][2016-02-08 15:41:14,045][com.java.TestType] [12426] - Looping End......
[INFO ][2016-02-08 15:41:14,045][com.java.SeleniumDriver] [  930] -  RESULT true
[INFO ][2016-02-08 15:41:14,045][com.java.SeleniumDriver] [ 1136] - ?   P A S S   ?
[INFO ][2016-02-08 15:41:14,045][com.java.SeleniumDriver] [  856] - ------------------------------------------
[INFO ][2016-02-08 15:41:14,045][com.java.SeleniumDriver] [  857] - Test case being Executed: 16
[INFO ][2016-02-08 15:41:14,045][com.java.SeleniumDriver] [  869] - Test step:5
[INFO ][2016-02-08 15:41:14,045][com.java.SeleniumDriver] [  881] - Datavalue is----------Logout
[INFO ][2016-02-08 15:41:14,045][com.java.SeleniumDriver] [  905] - DataField : test
[INFO ][2016-02-08 15:41:14,045][com.java.SeleniumDriver] [  907] - DataValue : Logout
[INFO ][2016-02-08 15:41:14,045][com.java.SeleniumDriver] [  913] - <In Set values of the page>
[INFO ][2016-02-08 15:41:14,045][com.java.SeleniumDriver] [  916] - {Data Fields & Data Values Exist}
[INFO ][2016-02-08 15:41:14,045][com.java.SeleniumDriver] [  918] - --------------------------setting values-----------------------------
[INFO ][2016-02-08 15:41:14,045][com.java.SeleniumDriver] [  921] - Action Type : Logout
[INFO ][2016-02-08 15:41:17,378][com.java.TestType] [ 7149] - Field ::CNF
[INFO ][2016-02-08 15:41:17,378][com.java.TestType] [ 6748] - value = OK
[ERROR][2016-02-08 15:41:18,487][com.java.TestType] [ 7680] - Exception in click:: No alert is active (WARNING: The server did not provide any stacktrace information)
Command duration or timeout: 100 milliseconds
Build info: version: '2.48.2', revision: '41bccdd', time: '2015-10-09 19:59:12'
System info: host: 'FVTIII438F1D', ip: '172.17.68.34', os.name: 'Windows 7', os.arch: 'x86', os.version: '6.1', java.version: '1.7.0_55'
Session ID: 11b005c3-2ee0-4691-8ba7-f0cfd94751cf
Driver info: org.openqa.selenium.ie.InternetExplorerDriver
Capabilities [{platform=WINDOWS, javascriptEnabled=true, elementScrollBehavior=0, ignoreZoomSetting=false, enablePersistentHover=true, ie.ensureCleanSession=false, browserName=internet explorer, enableElementCacheCleanup=true, unexpectedAlertBehaviour=dismiss, version=10, ie.usePerProcessProxy=false, ignoreProtectedModeSettings=true, cssSelectorsEnabled=true, requireWindowFocus=false, initialBrowserUrl=http://localhost:10154/, handlesAlerts=true, ie.forceCreateProcessApi=false, nativeEvents=true, browserAttachTimeout=0, ie.browserCommandLineSwitches=, takesScreenshot=true}]
[INFO ][2016-02-08 15:41:18,487][com.java.TestType] [ 7684] - Element :::: not found
[DEBUG][2016-02-08 15:41:20,219][com.java.SeleniumDriver] [  426] - Hub ip address is-------172.17.68.34
[INFO ][2016-02-08 15:41:20,219][com.java.SeleniumDriver] [  452] - Grid URL:http://172.17.68.34:4444/wd/hub
[INFO ][2016-02-08 15:41:20,219][com.java.SeleniumDriver] [  453] - Capability:Capabilities [{platform=ANY, ensureCleanSession=true, ignoreProtectedModeSettings=true, acceptSslCerts=true, ignoreZoomSetting=true, browserName=internet explorer, browserstack.ie.noFlash=true, version=null}]
[ERROR][2016-02-08 15:41:21,230][com.java.SeleniumDriver] [  498] - Unable invoke browser in grid:Could not start a new session. Possible causes are invalid address of the remote server or browser start-up failure.
Build info: version: '2.48.2', revision: '41bccdd', time: '2015-10-09 19:59:12'
System info: host: 'FVTIII438F1D', ip: '172.17.68.34', os.name: 'Windows 7', os.arch: 'x86', os.version: '6.1', java.version: '1.7.0_55'
Driver info: driver.version: SeleniumDriver
[INFO ][2016-02-08 15:41:21,230][com.java.SeleniumDriver] [  500] - Executing on local machine
[INFO ][2016-02-08 15:41:45,155][com.java.SeleniumDriver] [  930] -  RESULT true
[INFO ][2016-02-08 15:41:45,155][com.java.SeleniumDriver] [ 1136] - ?   P A S S   ?
[INFO ][2016-02-08 15:41:45,155][com.java.SeleniumDriver] [  856] - ------------------------------------------
[INFO ][2016-02-08 15:41:45,155][com.java.SeleniumDriver] [  857] - Test case being Executed: 16
[INFO ][2016-02-08 15:41:45,155][com.java.SeleniumDriver] [  869] - Test step:6
[INFO ][2016-02-08 15:41:45,155][com.java.SeleniumDriver] [  881] - Datavalue is----------5
[INFO ][2016-02-08 15:41:45,155][com.java.SeleniumDriver] [  905] - DataField : test
[INFO ][2016-02-08 15:41:45,155][com.java.SeleniumDriver] [  907] - DataValue : 5
[INFO ][2016-02-08 15:41:45,155][com.java.SeleniumDriver] [  913] - <In Set values of the page>
[INFO ][2016-02-08 15:41:45,155][com.java.SeleniumDriver] [  916] - {Data Fields & Data Values Exist}
[INFO ][2016-02-08 15:41:45,155][com.java.SeleniumDriver] [  918] - --------------------------setting values-----------------------------
[INFO ][2016-02-08 15:41:45,155][com.java.SeleniumDriver] [  921] - Action Type : WaitTime
[DEBUG][2016-02-08 15:41:45,155][com.java.TestType] [ 6562] - sleepTime: 5000
[INFO ][2016-02-08 15:41:50,156][com.java.SeleniumDriver] [  930] -  RESULT true
[INFO ][2016-02-08 15:41:50,156][com.java.SeleniumDriver] [ 1136] - ?   P A S S   ?
[INFO ][2016-02-08 15:41:50,156][com.java.SeleniumDriver] [  856] - ------------------------------------------
[INFO ][2016-02-08 15:41:50,156][com.java.SeleniumDriver] [  857] - Test case being Executed: 16
[INFO ][2016-02-08 15:41:50,156][com.java.SeleniumDriver] [  869] - Test step:7
[INFO ][2016-02-08 15:41:50,156][com.java.SeleniumDriver] [  881] - Datavalue is----------10
[INFO ][2016-02-08 15:41:50,156][com.java.SeleniumDriver] [  905] - DataField : BTNusername
[INFO ][2016-02-08 15:41:50,156][com.java.SeleniumDriver] [  907] - DataValue : 10
[INFO ][2016-02-08 15:41:50,156][com.java.SeleniumDriver] [  913] - <In Set values of the page>
[INFO ][2016-02-08 15:41:50,156][com.java.SeleniumDriver] [  916] - {Data Fields & Data Values Exist}
[INFO ][2016-02-08 15:41:50,156][com.java.SeleniumDriver] [  918] - --------------------------setting values-----------------------------
[INFO ][2016-02-08 15:41:50,156][com.java.SeleniumDriver] [  921] - Action Type : WaitForElement
[INFO ][2016-02-08 15:41:52,313][com.java.SeleniumDriver] [  930] -  RESULT true
[INFO ][2016-02-08 15:41:52,313][com.java.SeleniumDriver] [ 1136] - ?   P A S S   ?
[INFO ][2016-02-08 15:41:52,313][com.java.SeleniumDriver] [  856] - ------------------------------------------
[INFO ][2016-02-08 15:41:52,313][com.java.SeleniumDriver] [  857] - Test case being Executed: 16
[INFO ][2016-02-08 15:41:52,313][com.java.SeleniumDriver] [  869] - Test step:8
[INFO ][2016-02-08 15:41:52,313][com.java.SeleniumDriver] [  881] - Datavalue is----------HMVLogin_username
[INFO ][2016-02-08 15:41:52,313][com.java.SeleniumDriver] [  905] - DataField : TXTusername
[INFO ][2016-02-08 15:41:52,313][com.java.SeleniumDriver] [  907] - DataValue : HMVLogin_username
[INFO ][2016-02-08 15:41:52,313][com.java.SeleniumDriver] [  913] - <In Set values of the page>
[INFO ][2016-02-08 15:41:52,313][com.java.SeleniumDriver] [  916] - {Data Fields & Data Values Exist}
[INFO ][2016-02-08 15:41:52,313][com.java.SeleniumDriver] [  918] - --------------------------setting values-----------------------------
[INFO ][2016-02-08 15:41:52,313][com.java.SeleniumDriver] [  921] - Action Type : CLEARANDENTER
[INFO ][2016-02-08 15:41:54,555][com.java.TestType] [ 6748] - value = vltest.robot76156.00058
[INFO ][2016-02-08 15:41:57,004][com.java.SeleniumDriver] [  930] -  RESULT true
[INFO ][2016-02-08 15:41:57,004][com.java.SeleniumDriver] [ 1136] - ?   P A S S   ?
[INFO ][2016-02-08 15:41:57,004][com.java.SeleniumDriver] [  856] - ------------------------------------------
[INFO ][2016-02-08 15:41:57,004][com.java.SeleniumDriver] [  857] - Test case being Executed: 16
[INFO ][2016-02-08 15:41:57,004][com.java.SeleniumDriver] [  869] - Test step:9
[INFO ][2016-02-08 15:41:57,004][com.java.SeleniumDriver] [  881] - Datavalue is----------dt:NewUserPswd
[INFO ][2016-02-08 15:41:57,004][com.java.SeleniumDriver] [  905] - DataField : TXTpassword
[INFO ][2016-02-08 15:41:57,004][com.java.SeleniumDriver] [  907] - DataValue : dt:NewUserPswd
[INFO ][2016-02-08 15:41:57,004][com.java.SeleniumDriver] [  913] - <In Set values of the page>
[INFO ][2016-02-08 15:41:57,004][com.java.SeleniumDriver] [  916] - {Data Fields & Data Values Exist}
[INFO ][2016-02-08 15:41:57,004][com.java.SeleniumDriver] [  918] - --------------------------setting values-----------------------------
[INFO ][2016-02-08 15:41:57,004][com.java.SeleniumDriver] [  921] - Action Type : CLEARANDENTER
[INFO ][2016-02-08 15:41:59,265][com.java.TestType] [ 6748] - value = Password1*
[INFO ][2016-02-08 15:42:01,823][com.java.SeleniumDriver] [  930] -  RESULT true
[INFO ][2016-02-08 15:42:01,823][com.java.SeleniumDriver] [ 1136] - ?   P A S S   ?
[INFO ][2016-02-08 15:42:01,823][com.java.SeleniumDriver] [  856] - ------------------------------------------
[INFO ][2016-02-08 15:42:01,823][com.java.SeleniumDriver] [  857] - Test case being Executed: 16
[INFO ][2016-02-08 15:42:01,823][com.java.SeleniumDriver] [  869] - Test step:10
[INFO ][2016-02-08 15:42:01,823][com.java.SeleniumDriver] [  881] - Datavalue is----------null
[DEBUG][2016-02-08 15:42:01,823][com.java.SeleniumDriver] [  899] - Exception: null
[INFO ][2016-02-08 15:42:01,823][com.java.SeleniumDriver] [  905] - DataField : XPH//button[@type='submit']
[INFO ][2016-02-08 15:42:01,823][com.java.SeleniumDriver] [  907] - DataValue : 
[INFO ][2016-02-08 15:42:01,823][com.java.SeleniumDriver] [  913] - <In Set values of the page>
[INFO ][2016-02-08 15:42:01,823][com.java.SeleniumDriver] [  916] - {Data Fields & Data Values Exist}
[INFO ][2016-02-08 15:42:01,823][com.java.SeleniumDriver] [  918] - --------------------------setting values-----------------------------
[INFO ][2016-02-08 15:42:01,823][com.java.SeleniumDriver] [  921] - Action Type : Click
[INFO ][2016-02-08 15:42:01,823][com.java.TestType] [ 7149] - Field ::XPH//button[@type='submit']
[INFO ][2016-02-08 15:42:01,823][com.java.TestType] [ 6748] - value = 
[INFO ][2016-02-08 15:42:02,823][com.java.TestType] [ 7326] - BEFORE CLICK
[INFO ][2016-02-08 15:42:03,635][com.java.TestType] [ 7334] - Unable to click the object Login
[INFO ][2016-02-08 15:42:03,635][com.java.SeleniumDriver] [  930] -  RESULT true
[INFO ][2016-02-08 15:42:03,635][com.java.SeleniumDriver] [ 1136] - ?   P A S S   ?
[INFO ][2016-02-08 15:42:03,635][com.java.SeleniumDriver] [  856] - ------------------------------------------
[INFO ][2016-02-08 15:42:03,635][com.java.SeleniumDriver] [  857] - Test case being Executed: 16
[INFO ][2016-02-08 15:42:03,635][com.java.SeleniumDriver] [  869] - Test step:11
[INFO ][2016-02-08 15:42:03,635][com.java.SeleniumDriver] [  881] - Datavalue is----------20
[INFO ][2016-02-08 15:42:03,635][com.java.SeleniumDriver] [  905] - DataField : test
[INFO ][2016-02-08 15:42:03,635][com.java.SeleniumDriver] [  907] - DataValue : 20
[INFO ][2016-02-08 15:42:03,635][com.java.SeleniumDriver] [  913] - <In Set values of the page>
[INFO ][2016-02-08 15:42:03,635][com.java.SeleniumDriver] [  916] - {Data Fields & Data Values Exist}
[INFO ][2016-02-08 15:42:03,635][com.java.SeleniumDriver] [  918] - --------------------------setting values-----------------------------
[INFO ][2016-02-08 15:42:03,635][com.java.SeleniumDriver] [  921] - Action Type : WaitTime
[DEBUG][2016-02-08 15:42:03,635][com.java.TestType] [ 6562] - sleepTime: 20000
[INFO ][2016-02-08 15:42:23,640][com.java.SeleniumDriver] [  930] -  RESULT true
[INFO ][2016-02-08 15:42:23,640][com.java.SeleniumDriver] [ 1136] - ?   P A S S   ?
[INFO ][2016-02-08 15:42:23,640][com.java.SeleniumDriver] [  856] - ------------------------------------------
[INFO ][2016-02-08 15:42:23,640][com.java.SeleniumDriver] [  857] - Test case being Executed: 16
[INFO ][2016-02-08 15:42:23,640][com.java.SeleniumDriver] [  869] - Test step:12
[INFO ][2016-02-08 15:42:23,640][com.java.SeleniumDriver] [  881] - Datavalue is----------Banker'sDashboard
[INFO ][2016-02-08 15:42:23,640][com.java.SeleniumDriver] [  905] - DataField : TTL
[INFO ][2016-02-08 15:42:23,640][com.java.SeleniumDriver] [  907] - DataValue : Banker'sDashboard
[INFO ][2016-02-08 15:42:23,640][com.java.SeleniumDriver] [  913] - <In Set values of the page>
[INFO ][2016-02-08 15:42:23,640][com.java.SeleniumDriver] [  916] - {Data Fields & Data Values Exist}
[INFO ][2016-02-08 15:42:23,640][com.java.SeleniumDriver] [  918] - --------------------------setting values-----------------------------
[INFO ][2016-02-08 15:42:23,640][com.java.SeleniumDriver] [  921] - Action Type : SelectWindow
[INFO ][2016-02-08 15:42:35,982][com.java.SeleniumDriver] [  930] -  RESULT true
[INFO ][2016-02-08 15:42:35,982][com.java.SeleniumDriver] [ 1136] - ?   P A S S   ?
[INFO ][2016-02-08 15:42:35,982][com.java.SeleniumDriver] [  856] - ------------------------------------------
[INFO ][2016-02-08 15:42:35,982][com.java.SeleniumDriver] [  857] - Test case being Executed: 16
[INFO ][2016-02-08 15:42:35,982][com.java.SeleniumDriver] [  869] - Test step:13
[INFO ][2016-02-08 15:42:35,982][com.java.SeleniumDriver] [  881] - Datavalue is----------5
[INFO ][2016-02-08 15:42:35,982][com.java.SeleniumDriver] [  905] - DataField : test
[INFO ][2016-02-08 15:42:35,982][com.java.SeleniumDriver] [  907] - DataValue : 5
[INFO ][2016-02-08 15:42:35,982][com.java.SeleniumDriver] [  913] - <In Set values of the page>
[INFO ][2016-02-08 15:42:35,982][com.java.SeleniumDriver] [  916] - {Data Fields & Data Values Exist}
[INFO ][2016-02-08 15:42:35,982][com.java.SeleniumDriver] [  918] - --------------------------setting values-----------------------------
[INFO ][2016-02-08 15:42:35,982][com.java.SeleniumDriver] [  921] - Action Type : WaitTime
[DEBUG][2016-02-08 15:42:35,982][com.java.TestType] [ 6562] - sleepTime: 5000
[INFO ][2016-02-08 15:42:40,981][com.java.SeleniumDriver] [  930] -  RESULT true
[INFO ][2016-02-08 15:42:40,981][com.java.SeleniumDriver] [ 1136] - ?   P A S S   ?
[INFO ][2016-02-08 15:42:40,981][com.java.SeleniumDriver] [  856] - ------------------------------------------
[INFO ][2016-02-08 15:42:40,981][com.java.SeleniumDriver] [  857] - Test case being Executed: 16
[INFO ][2016-02-08 15:42:40,981][com.java.SeleniumDriver] [  869] - Test step:14
[INFO ][2016-02-08 15:42:40,981][com.java.SeleniumDriver] [  881] - Datavalue is----------10
[INFO ][2016-02-08 15:42:40,981][com.java.SeleniumDriver] [  905] - DataField : XPH//div[contains(text(), 'My Dashboard')]
[INFO ][2016-02-08 15:42:40,981][com.java.SeleniumDriver] [  907] - DataValue : 10
[INFO ][2016-02-08 15:42:40,981][com.java.SeleniumDriver] [  913] - <In Set values of the page>
[INFO ][2016-02-08 15:42:40,981][com.java.SeleniumDriver] [  916] - {Data Fields & Data Values Exist}
[INFO ][2016-02-08 15:42:40,981][com.java.SeleniumDriver] [  918] - --------------------------setting values-----------------------------
[INFO ][2016-02-08 15:42:40,981][com.java.SeleniumDriver] [  921] - Action Type : WAITFORELEMENT
[INFO ][2016-02-08 15:42:41,042][com.java.SeleniumDriver] [  930] -  RESULT true
[INFO ][2016-02-08 15:42:41,042][com.java.SeleniumDriver] [ 1136] - ?   P A S S   ?
[INFO ][2016-02-08 15:42:41,042][com.java.SeleniumDriver] [  856] - ------------------------------------------
[INFO ][2016-02-08 15:42:41,042][com.java.SeleniumDriver] [  857] - Test case being Executed: 16
[INFO ][2016-02-08 15:42:41,042][com.java.SeleniumDriver] [  869] - Test step:15
[INFO ][2016-02-08 15:42:41,042][com.java.SeleniumDriver] [  881] - Datavalue is----------//div[contains(text(), 'My Dashboard')]
[INFO ][2016-02-08 15:42:41,042][com.java.SeleniumDriver] [  905] - DataField : BTN
[INFO ][2016-02-08 15:42:41,042][com.java.SeleniumDriver] [  907] - DataValue : //div[contains(text(), 'My Dashboard')]
[INFO ][2016-02-08 15:42:41,042][com.java.SeleniumDriver] [  913] - <In Set values of the page>
[INFO ][2016-02-08 15:42:41,042][com.java.SeleniumDriver] [  916] - {Data Fields & Data Values Exist}
[INFO ][2016-02-08 15:42:41,042][com.java.SeleniumDriver] [  918] - --------------------------setting values-----------------------------
[INFO ][2016-02-08 15:42:41,042][com.java.SeleniumDriver] [  921] - Action Type : VERIFY
[INFO ][2016-02-08 15:42:41,042][com.java.TestType] [ 8382] - field= BTN value= //div[contains(text(), 'My Dashboard')]
[INFO ][2016-02-08 15:42:41,042][com.java.TestType] [ 6748] - value = //div[contains(text(), 'My Dashboard')]
[INFO ][2016-02-08 15:42:41,112][com.java.SeleniumDriver] [  930] -  RESULT true
[INFO ][2016-02-08 15:42:41,112][com.java.SeleniumDriver] [ 1136] - ?   P A S S   ?
[INFO ][2016-02-08 15:42:41,112][com.java.SeleniumDriver] [  856] - ------------------------------------------
[INFO ][2016-02-08 15:42:41,112][com.java.SeleniumDriver] [  857] - Test case being Executed: 16
[INFO ][2016-02-08 15:42:41,112][com.java.SeleniumDriver] [  869] - Test step:16
[INFO ][2016-02-08 15:42:41,112][com.java.SeleniumDriver] [  881] - Datavalue is----------null
[DEBUG][2016-02-08 15:42:41,112][com.java.SeleniumDriver] [  899] - Exception: null
[INFO ][2016-02-08 15:42:41,112][com.java.SeleniumDriver] [  905] - DataField : //span[@class='icon-user4']&&//a[text()='Company Settings']&&//a[@data-id="SelectFeatures"]
[INFO ][2016-02-08 15:42:41,112][com.java.SeleniumDriver] [  907] - DataValue : 
[INFO ][2016-02-08 15:42:41,112][com.java.SeleniumDriver] [  913] - <In Set values of the page>
[INFO ][2016-02-08 15:42:41,112][com.java.SeleniumDriver] [  916] - {Data Fields & Data Values Exist}
[INFO ][2016-02-08 15:42:41,112][com.java.SeleniumDriver] [  918] - --------------------------setting values-----------------------------
[INFO ][2016-02-08 15:42:41,112][com.java.SeleniumDriver] [  921] - Action Type : MOUSEOVER
[INFO ][2016-02-08 15:43:30,137][com.java.SeleniumDriver] [  930] -  RESULT true
[INFO ][2016-02-08 15:43:30,137][com.java.SeleniumDriver] [ 1136] - ?   P A S S   ?
[INFO ][2016-02-08 15:43:30,137][com.java.SeleniumDriver] [  856] - ------------------------------------------
[INFO ][2016-02-08 15:43:30,137][com.java.SeleniumDriver] [  857] - Test case being Executed: 16
[INFO ][2016-02-08 15:43:30,137][com.java.SeleniumDriver] [  869] - Test step:17
[INFO ][2016-02-08 15:43:30,137][com.java.SeleniumDriver] [  881] - Datavalue is----------Enable/Disable Features
[INFO ][2016-02-08 15:43:30,137][com.java.SeleniumDriver] [  905] - DataField : XPH//span[text()='Enable/Disable Features']
[INFO ][2016-02-08 15:43:30,137][com.java.SeleniumDriver] [  907] - DataValue : Enable/Disable Features
[INFO ][2016-02-08 15:43:30,137][com.java.SeleniumDriver] [  913] - <In Set values of the page>
[INFO ][2016-02-08 15:43:30,137][com.java.SeleniumDriver] [  916] - {Data Fields & Data Values Exist}
[INFO ][2016-02-08 15:43:30,137][com.java.SeleniumDriver] [  918] - --------------------------setting values-----------------------------
[INFO ][2016-02-08 15:43:30,137][com.java.SeleniumDriver] [  921] - Action Type : VERIFY
[INFO ][2016-02-08 15:43:30,137][com.java.TestType] [ 8382] - field= XPH//span[text()='Enable/Disable Features'] value= Enable/Disable Features
[INFO ][2016-02-08 15:43:30,137][com.java.TestType] [ 6748] - value = Enable/Disable Features
[INFO ][2016-02-08 15:43:30,258][com.java.SeleniumDriver] [  930] -  RESULT true
[INFO ][2016-02-08 15:43:30,258][com.java.SeleniumDriver] [ 1136] - ?   P A S S   ?
[INFO ][2016-02-08 15:43:30,258][com.java.SeleniumDriver] [  856] - ------------------------------------------
[INFO ][2016-02-08 15:43:30,258][com.java.SeleniumDriver] [  857] - Test case being Executed: 16
[INFO ][2016-02-08 15:43:30,258][com.java.SeleniumDriver] [  869] - Test step:18
[INFO ][2016-02-08 15:43:30,258][com.java.SeleniumDriver] [  881] - Datavalue is----------null
[DEBUG][2016-02-08 15:43:30,258][com.java.SeleniumDriver] [  899] - Exception: null
[INFO ][2016-02-08 15:43:30,258][com.java.SeleniumDriver] [  905] - DataField : BTNframeDialogContent
[INFO ][2016-02-08 15:43:30,258][com.java.SeleniumDriver] [  907] - DataValue : 
[INFO ][2016-02-08 15:43:30,258][com.java.SeleniumDriver] [  913] - <In Set values of the page>
[INFO ][2016-02-08 15:43:30,258][com.java.SeleniumDriver] [  916] - {Data Fields & Data Values Exist}
[INFO ][2016-02-08 15:43:30,258][com.java.SeleniumDriver] [  918] - --------------------------setting values-----------------------------
[INFO ][2016-02-08 15:43:30,258][com.java.SeleniumDriver] [  921] - Action Type : SELECTFRAME
[INFO ][2016-02-08 15:43:31,499][com.java.SeleniumDriver] [  930] -  RESULT true
[INFO ][2016-02-08 15:43:31,499][com.java.SeleniumDriver] [ 1136] - ?   P A S S   ?
[INFO ][2016-02-08 15:43:31,499][com.java.SeleniumDriver] [  856] - ------------------------------------------
[INFO ][2016-02-08 15:43:31,499][com.java.SeleniumDriver] [  857] - Test case being Executed: 16
[INFO ][2016-02-08 15:43:31,499][com.java.SeleniumDriver] [  869] - Test step:19
[INFO ][2016-02-08 15:43:31,499][com.java.SeleniumDriver] [  881] - Datavalue is----------null
[DEBUG][2016-02-08 15:43:31,499][com.java.SeleniumDriver] [  899] - Exception: null
[INFO ][2016-02-08 15:43:31,499][com.java.SeleniumDriver] [  905] - DataField : BTN//td[contains(text(),'Loan Pricing Model:')]/following::td[text()='Enabled']/input
[INFO ][2016-02-08 15:43:31,499][com.java.SeleniumDriver] [  907] - DataValue : 
[INFO ][2016-02-08 15:43:31,499][com.java.SeleniumDriver] [  913] - <In Set values of the page>
[INFO ][2016-02-08 15:43:31,499][com.java.SeleniumDriver] [  916] - {Data Fields & Data Values Exist}
[INFO ][2016-02-08 15:43:31,499][com.java.SeleniumDriver] [  918] - --------------------------setting values-----------------------------
[INFO ][2016-02-08 15:43:31,499][com.java.SeleniumDriver] [  921] - Action Type : CLICK
[INFO ][2016-02-08 15:43:31,499][com.java.TestType] [ 7149] - Field ::BTN//td[contains(text(),'Loan Pricing Model:')]/following::td[text()='Enabled']/input
[INFO ][2016-02-08 15:43:31,499][com.java.TestType] [ 6748] - value = 
[INFO ][2016-02-08 15:43:32,499][com.java.TestType] [ 7305] - BEFORE CLICK
[INFO ][2016-02-08 15:43:32,720][com.java.TestType] [ 7312] - Unable to click the object Loan pricing model enable button
[INFO ][2016-02-08 15:43:32,720][com.java.SeleniumDriver] [  930] -  RESULT true
[INFO ][2016-02-08 15:43:32,720][com.java.SeleniumDriver] [ 1136] - ?   P A S S   ?
[INFO ][2016-02-08 15:43:32,720][com.java.SeleniumDriver] [  856] - ------------------------------------------
[INFO ][2016-02-08 15:43:32,720][com.java.SeleniumDriver] [  857] - Test case being Executed: 16
[INFO ][2016-02-08 15:43:32,720][com.java.SeleniumDriver] [  869] - Test step:20
[INFO ][2016-02-08 15:43:32,720][com.java.SeleniumDriver] [  881] - Datavalue is----------3
[INFO ][2016-02-08 15:43:32,720][com.java.SeleniumDriver] [  905] - DataField : TEST
[INFO ][2016-02-08 15:43:32,720][com.java.SeleniumDriver] [  907] - DataValue : 3
[INFO ][2016-02-08 15:43:32,720][com.java.SeleniumDriver] [  913] - <In Set values of the page>
[INFO ][2016-02-08 15:43:32,720][com.java.SeleniumDriver] [  916] - {Data Fields & Data Values Exist}
[INFO ][2016-02-08 15:43:32,720][com.java.SeleniumDriver] [  918] - --------------------------setting values-----------------------------
[INFO ][2016-02-08 15:43:32,720][com.java.SeleniumDriver] [  921] - Action Type : WaitTime
[DEBUG][2016-02-08 15:43:32,720][com.java.TestType] [ 6562] - sleepTime: 3000
[INFO ][2016-02-08 15:43:35,723][com.java.SeleniumDriver] [  930] -  RESULT true
[INFO ][2016-02-08 15:43:35,723][com.java.SeleniumDriver] [ 1136] - ?   P A S S   ?
[INFO ][2016-02-08 15:43:35,723][com.java.SeleniumDriver] [  856] - ------------------------------------------
[INFO ][2016-02-08 15:43:35,723][com.java.SeleniumDriver] [  857] - Test case being Executed: 16
[INFO ][2016-02-08 15:43:35,723][com.java.SeleniumDriver] [  869] - Test step:21
[INFO ][2016-02-08 15:43:35,723][com.java.SeleniumDriver] [  881] - Datavalue is----------null
[DEBUG][2016-02-08 15:43:35,723][com.java.SeleniumDriver] [  899] - Exception: null
[INFO ][2016-02-08 15:43:35,723][com.java.SeleniumDriver] [  905] - DataField : BTNparent
[INFO ][2016-02-08 15:43:35,723][com.java.SeleniumDriver] [  907] - DataValue : 
[INFO ][2016-02-08 15:43:35,723][com.java.SeleniumDriver] [  913] - <In Set values of the page>
[INFO ][2016-02-08 15:43:35,723][com.java.SeleniumDriver] [  916] - {Data Fields & Data Values Exist}
[INFO ][2016-02-08 15:43:35,723][com.java.SeleniumDriver] [  918] - --------------------------setting values-----------------------------
[INFO ][2016-02-08 15:43:35,723][com.java.SeleniumDriver] [  921] - Action Type : SELECTFRAME
[INFO ][2016-02-08 15:43:35,724][com.java.SeleniumDriver] [  930] -  RESULT true
[INFO ][2016-02-08 15:43:35,724][com.java.SeleniumDriver] [ 1136] - ?   P A S S   ?
[INFO ][2016-02-08 15:43:35,724][com.java.SeleniumDriver] [  856] - ------------------------------------------
[INFO ][2016-02-08 15:43:35,724][com.java.SeleniumDriver] [  857] - Test case being Executed: 16
[INFO ][2016-02-08 15:43:35,724][com.java.SeleniumDriver] [  869] - Test step:22
[INFO ][2016-02-08 15:43:35,724][com.java.SeleniumDriver] [  881] - Datavalue is----------null
[DEBUG][2016-02-08 15:43:35,724][com.java.SeleniumDriver] [  899] - Exception: null
[INFO ][2016-02-08 15:43:35,724][com.java.SeleniumDriver] [  905] - DataField : HDN//span[contains(text(),'Update')]
[INFO ][2016-02-08 15:43:35,724][com.java.SeleniumDriver] [  907] - DataValue : 
[INFO ][2016-02-08 15:43:35,724][com.java.SeleniumDriver] [  913] - <In Set values of the page>
[INFO ][2016-02-08 15:43:35,724][com.java.SeleniumDriver] [  916] - {Data Fields & Data Values Exist}
[INFO ][2016-02-08 15:43:35,724][com.java.SeleniumDriver] [  918] - --------------------------setting values-----------------------------
[INFO ][2016-02-08 15:43:35,724][com.java.SeleniumDriver] [  921] - Action Type : CLICK
[INFO ][2016-02-08 15:43:35,724][com.java.TestType] [ 7149] - Field ::HDN//span[contains(text(),'Update')]
[INFO ][2016-02-08 15:43:35,724][com.java.TestType] [ 6748] - value = 
[INFO ][2016-02-08 15:43:37,652][com.java.SeleniumDriver] [  930] -  RESULT true
[INFO ][2016-02-08 15:43:37,652][com.java.SeleniumDriver] [ 1136] - ?   P A S S   ?
[INFO ][2016-02-08 15:43:37,652][com.java.SeleniumDriver] [  856] - ------------------------------------------
[INFO ][2016-02-08 15:43:37,652][com.java.SeleniumDriver] [  857] - Test case being Executed: 16
[INFO ][2016-02-08 15:43:37,652][com.java.SeleniumDriver] [  869] - Test step:23
[INFO ][2016-02-08 15:43:37,652][com.java.SeleniumDriver] [  881] - Datavalue is----------10
[INFO ][2016-02-08 15:43:37,652][com.java.SeleniumDriver] [  905] - DataField : XPH//div[contains(text(), 'My Dashboard')]
[INFO ][2016-02-08 15:43:37,652][com.java.SeleniumDriver] [  907] - DataValue : 10
[INFO ][2016-02-08 15:43:37,652][com.java.SeleniumDriver] [  913] - <In Set values of the page>
[INFO ][2016-02-08 15:43:37,652][com.java.SeleniumDriver] [  916] - {Data Fields & Data Values Exist}
[INFO ][2016-02-08 15:43:37,652][com.java.SeleniumDriver] [  918] - --------------------------setting values-----------------------------
[INFO ][2016-02-08 15:43:37,652][com.java.SeleniumDriver] [  921] - Action Type : WAITFORELEMENT
[INFO ][2016-02-08 15:43:37,692][com.java.SeleniumDriver] [  930] -  RESULT true
[INFO ][2016-02-08 15:43:37,692][com.java.SeleniumDriver] [ 1136] - ?   P A S S   ?
[INFO ][2016-02-08 15:43:37,692][com.java.SeleniumDriver] [  856] - ------------------------------------------
[INFO ][2016-02-08 15:43:37,692][com.java.SeleniumDriver] [  857] - Test case being Executed: 16
[INFO ][2016-02-08 15:43:37,692][com.java.SeleniumDriver] [  869] - Test step:24
[INFO ][2016-02-08 15:43:37,692][com.java.SeleniumDriver] [  881] - Datavalue is----------CNF
[INFO ][2016-02-08 15:43:37,692][com.java.SeleniumDriver] [  905] - DataField : BNK//select[@id='bank']
[INFO ][2016-02-08 15:43:37,692][com.java.SeleniumDriver] [  907] - DataValue : CNF
[INFO ][2016-02-08 15:43:37,692][com.java.SeleniumDriver] [  913] - <In Set values of the page>
[INFO ][2016-02-08 15:43:37,692][com.java.SeleniumDriver] [  916] - {Data Fields & Data Values Exist}
[INFO ][2016-02-08 15:43:37,692][com.java.SeleniumDriver] [  918] - --------------------------setting values-----------------------------
[INFO ][2016-02-08 15:43:37,692][com.java.SeleniumDriver] [  921] - Action Type : Select
[INFO ][2016-02-08 15:43:37,692][com.java.TestType] [ 6748] - value = CNF
[INFO ][2016-02-08 15:43:38,374][com.java.SeleniumDriver] [  930] -  RESULT false
[INFO ][2016-02-08 15:43:38,374][com.java.SeleniumDriver] [  977] - ?   F A I L   ?
[INFO ][2016-02-08 15:43:38,374][com.java.SeleniumDriver] [  985] - Browser Type : IE10
[INFO ][2016-02-08 15:43:38,374][com.java.SeleniumDriver] [  986] - Adding Failed case16
[DEBUG][2016-02-08 15:43:38,675][com.java.SeleniumDriver] [ 1054] -  tdd.getCondition() IF:Next:30
[INFO ][2016-02-08 15:43:38,685][com.java.SeleniumDriver] [ 1063] - step change to 30
[INFO ][2016-02-08 15:43:38,685][com.java.SeleniumDriver] [  856] - ------------------------------------------
[INFO ][2016-02-08 15:43:38,685][com.java.SeleniumDriver] [  857] - Test case being Executed: 16
[INFO ][2016-02-08 15:43:38,685][com.java.SeleniumDriver] [  869] - Test step:30
[INFO ][2016-02-08 15:43:38,685][com.java.SeleniumDriver] [  881] - Datavalue is----------Concept#3:1-2
[INFO ][2016-02-08 15:43:38,685][com.java.SeleniumDriver] [  905] - DataField : test
[INFO ][2016-02-08 15:43:38,685][com.java.SeleniumDriver] [  907] - DataValue : Concept#3:1-2
[INFO ][2016-02-08 15:43:38,685][com.java.SeleniumDriver] [  913] - <In Set values of the page>
[INFO ][2016-02-08 15:43:38,685][com.java.SeleniumDriver] [  916] - {Data Fields & Data Values Exist}
[INFO ][2016-02-08 15:43:38,685][com.java.SeleniumDriver] [  918] - --------------------------setting values-----------------------------
[INFO ][2016-02-08 15:43:38,685][com.java.SeleniumDriver] [  921] - Action Type : ExecuteTestCase
[INFO ][2016-02-08 15:43:38,685][com.java.TestType] [  448] - The Concept sheet name is ---------- Concept
[INFO ][2016-02-08 15:43:38,685][com.java.TestType] [  451] - The Concept ID  is ---------- 3
[DEBUG][2016-02-08 15:43:38,685][com.java.TestType] [  455] - Steps being executted in the Concept are: 1:2
[INFO ][2016-02-08 15:43:38,685][com.java.TestType] [  462] - Test data details path ---------- D:\BankersDashboard\TestInputs\TestData.xls
[INFO ][2016-02-08 15:43:38,715][com.java.TestType] [  493] -  str(1) = 3
[INFO ][2016-02-08 15:43:38,715][com.java.TestType] [  496] - Test case Id is---3
[INFO ][2016-02-08 15:43:38,715][com.java.TestType] [  498] - 3
[INFO ][2016-02-08 15:43:38,715][com.java.TestType] [  493] -  str(2) = 1
[INFO ][2016-02-08 15:43:38,715][com.java.TestType] [  493] -  str(1) = 3
[INFO ][2016-02-08 15:43:38,715][com.java.TestType] [  496] - Test case Id is---3
[INFO ][2016-02-08 15:43:38,715][com.java.TestType] [  498] - 3
[INFO ][2016-02-08 15:43:38,715][com.java.TestType] [  493] -  str(2) = 2
[INFO ][2016-02-08 15:43:38,715][com.java.TestType] [12120] - Looping 1TCID = 3
[DEBUG][2016-02-08 15:43:38,715][com.java.TestType] [12161] - Concept ID:3 :: Step being Executed: 3::1
[INFO ][2016-02-08 15:43:38,715][com.java.TestType] [12199] - dataFields : test
[DEBUG][2016-02-08 15:43:38,715][com.java.TestType] [12205] - <In Set values of the page>
[DEBUG][2016-02-08 15:43:38,715][com.java.TestType] [12210] - {Data Fields & Data Values Exist}
[INFO ][2016-02-08 15:43:38,725][com.java.TestType] [12216] - --------------------------setting values-----------------------------
[INFO ][2016-02-08 15:43:38,725][com.java.TestType] [12219] - Action Type : Logout
[INFO ][2016-02-08 15:43:41,622][com.java.TestType] [ 7149] - Field ::CNF
[INFO ][2016-02-08 15:43:41,622][com.java.TestType] [ 6748] - value = OK
[ERROR][2016-02-08 15:43:42,633][com.java.TestType] [ 7680] - Exception in click:: Unable to get browser (WARNING: The server did not provide any stacktrace information)
Command duration or timeout: 10 milliseconds
Build info: version: '2.48.2', revision: '41bccdd', time: '2015-10-09 19:59:12'
System info: host: 'FVTIII438F1D', ip: '172.17.68.34', os.name: 'Windows 7', os.arch: 'x86', os.version: '6.1', java.version: '1.7.0_55'
Session ID: a39e36a6-223a-4195-a87c-a56c9790a92e
Driver info: org.openqa.selenium.ie.InternetExplorerDriver
Capabilities [{platform=WINDOWS, javascriptEnabled=true, elementScrollBehavior=0, ignoreZoomSetting=false, enablePersistentHover=true, ie.ensureCleanSession=false, browserName=internet explorer, enableElementCacheCleanup=true, unexpectedAlertBehaviour=dismiss, version=10, ie.usePerProcessProxy=false, ignoreProtectedModeSettings=true, cssSelectorsEnabled=true, requireWindowFocus=false, initialBrowserUrl=http://localhost:45644/, handlesAlerts=true, ie.forceCreateProcessApi=false, nativeEvents=true, browserAttachTimeout=0, ie.browserCommandLineSwitches=, takesScreenshot=true}]
[INFO ][2016-02-08 15:43:42,633][com.java.TestType] [ 7684] - Element :::: not found
[DEBUG][2016-02-08 15:43:43,803][com.java.SeleniumDriver] [  426] - Hub ip address is-------172.17.68.34
[INFO ][2016-02-08 15:43:43,803][com.java.SeleniumDriver] [  452] - Grid URL:http://172.17.68.34:4444/wd/hub
[INFO ][2016-02-08 15:43:43,803][com.java.SeleniumDriver] [  453] - Capability:Capabilities [{platform=ANY, ensureCleanSession=true, ignoreProtectedModeSettings=true, acceptSslCerts=true, ignoreZoomSetting=true, browserName=internet explorer, browserstack.ie.noFlash=true, version=null}]
[ERROR][2016-02-08 15:43:44,804][com.java.SeleniumDriver] [  498] - Unable invoke browser in grid:Could not start a new session. Possible causes are invalid address of the remote server or browser start-up failure.
Build info: version: '2.48.2', revision: '41bccdd', time: '2015-10-09 19:59:12'
System info: host: 'FVTIII438F1D', ip: '172.17.68.34', os.name: 'Windows 7', os.arch: 'x86', os.version: '6.1', java.version: '1.7.0_55'
Driver info: driver.version: SeleniumDriver
[INFO ][2016-02-08 15:43:44,804][com.java.SeleniumDriver] [  500] - Executing on local machine
