[INFO ][2015-12-07 18:55:47,513][com.java.SeleniumDriver] [  213] - Execute Failed Casesfalse
[INFO ][2015-12-07 18:55:47,513][com.java.SeleniumDriver] [  214] - Browser: IE10
[INFO ][2015-12-07 18:55:47,513][com.java.SeleniumDriver] [  215] - [1, 6]
[INFO ][2015-12-07 18:55:47,513][com.java.SeleniumDriver] [  216] - Total TestCases:2
[INFO ][2015-12-07 18:55:47,513][com.java.SeleniumDriver] [  217] -  Reading Properties from Property File 
[DEBUG][2015-12-07 18:55:47,513][com.java.SeleniumDriver] [  238] - url : https://clients-xuat.bankersdashboard.com
[INFO ][2015-12-07 18:55:47,523][com.java.ImportnExport.ExportTestResultsExcel] [  116] - Time Stamp Mon Dec 07 06:55:47 IST 2015
[INFO ][2015-12-07 18:55:47,523][com.java.ImportnExport.ExportTestResultsExcel] [  175] - OUT FILE : D:\BankersDashboard/TestReports/Test Results_BankersDashBoard_120715_185547_IE10_Any Bank USA.xls
[INFO ][2015-12-07 18:55:47,544][com.java.ImportnExport.ExportTestResultsExcel] [  180] - Test Result file is created
[DEBUG][2015-12-07 18:55:47,654][com.java.SeleniumDriver] [  426] - Hub ip address is-------172.17.68.34
[INFO ][2015-12-07 18:55:47,654][com.java.SeleniumDriver] [  452] - Grid URL:http://172.17.68.34:4444/wd/hub
[INFO ][2015-12-07 18:55:47,654][com.java.SeleniumDriver] [  453] - Capability:Capabilities [{platform=ANY, ensureCleanSession=true, ignoreProtectedModeSettings=true, acceptSslCerts=true, ignoreZoomSetting=true, browserName=internet explorer, browserstack.ie.noFlash=true, version=null}]
[ERROR][2015-12-07 18:55:48,944][com.java.SeleniumDriver] [  497] - Unable invoke browser in grid:Could not start a new session. Possible causes are invalid address of the remote server or browser start-up failure.
Build info: version: '2.48.2', revision: '41bccdd', time: '2015-10-09 19:59:12'
System info: host: 'FVTIII438F1D', ip: '172.17.68.34', os.name: 'Windows 7', os.arch: 'x86', os.version: '6.1', java.version: '1.7.0_55'
Driver info: driver.version: SeleniumDriver
[INFO ][2015-12-07 18:55:48,944][com.java.SeleniumDriver] [  499] - Executing on local machine
[INFO ][2015-12-07 18:55:59,073][com.java.SeleniumDriver] [  248] - IE10is opened
[INFO ][2015-12-07 18:56:00,389][com.java.SeleniumDriver] [  754] - Test cases to be executed are: [1, 6]
[INFO ][2015-12-07 18:56:00,400][com.java.ImportnExport.ImportTestDataDetailsExcel] [   49] - test data details path===== D:\BankersDashboard\TestInputs\TestData.xls
[INFO ][2015-12-07 18:56:00,480][com.java.SeleniumDriver] [  820] - ------------------------------------------
[INFO ][2015-12-07 18:56:00,480][com.java.SeleniumDriver] [  821] - Test case being Executed: 1
[INFO ][2015-12-07 18:56:00,480][com.java.SeleniumDriver] [  832] - Test step:1
[INFO ][2015-12-07 18:56:00,480][com.java.SeleniumDriver] [  844] - Datavalue is----------Concept#1:1-16
[INFO ][2015-12-07 18:56:00,480][com.java.SeleniumDriver] [  868] - DataField : test
[INFO ][2015-12-07 18:56:00,480][com.java.SeleniumDriver] [  870] - DataValue : Concept#1:1-16
[INFO ][2015-12-07 18:56:00,480][com.java.SeleniumDriver] [  876] - <In Set values of the page>
[INFO ][2015-12-07 18:56:00,480][com.java.SeleniumDriver] [  879] - {Data Fields & Data Values Exist}
[INFO ][2015-12-07 18:56:00,480][com.java.SeleniumDriver] [  881] - --------------------------setting values-----------------------------
[INFO ][2015-12-07 18:56:00,480][com.java.SeleniumDriver] [  884] - Action Type : ExecuteTestCase
[INFO ][2015-12-07 18:56:00,490][com.java.TestType] [  436] - The Concept sheet name is ---------- Concept
[INFO ][2015-12-07 18:56:00,490][com.java.TestType] [  439] - The Concept ID  is ---------- 1
[DEBUG][2015-12-07 18:56:00,490][com.java.TestType] [  443] - Steps being executted in the Concept are: 1:16
[INFO ][2015-12-07 18:56:00,490][com.java.TestType] [  450] - Test data details path ---------- D:\BankersDashboard\TestInputs\TestData.xls
[INFO ][2015-12-07 18:56:00,530][com.java.TestType] [  481] -  str(1) = 1
[INFO ][2015-12-07 18:56:00,530][com.java.TestType] [  484] - Test case Id is---1
[INFO ][2015-12-07 18:56:00,530][com.java.TestType] [  486] - 1
[INFO ][2015-12-07 18:56:00,530][com.java.TestType] [  481] -  str(2) = 1
[INFO ][2015-12-07 18:56:00,530][com.java.TestType] [  533] - row values are--------{1=com.java.Objects.TestDataDetails@119ab42}
[INFO ][2015-12-07 18:56:00,530][com.java.TestType] [  481] -  str(1) = 1
[INFO ][2015-12-07 18:56:00,530][com.java.TestType] [  484] - Test case Id is---1
[INFO ][2015-12-07 18:56:00,530][com.java.TestType] [  486] - 1
[INFO ][2015-12-07 18:56:00,530][com.java.TestType] [  481] -  str(2) = 2
[INFO ][2015-12-07 18:56:00,540][com.java.TestType] [  533] - row values are--------{1=com.java.Objects.TestDataDetails@119ab42, 2=com.java.Objects.TestDataDetails@915056}
[INFO ][2015-12-07 18:56:00,540][com.java.TestType] [  481] -  str(1) = 1
[INFO ][2015-12-07 18:56:00,540][com.java.TestType] [  484] - Test case Id is---1
[INFO ][2015-12-07 18:56:00,540][com.java.TestType] [  486] - 1
[INFO ][2015-12-07 18:56:00,540][com.java.TestType] [  481] -  str(2) = 3
[INFO ][2015-12-07 18:56:00,540][com.java.TestType] [  533] - row values are--------{1=com.java.Objects.TestDataDetails@119ab42, 2=com.java.Objects.TestDataDetails@915056, 3=com.java.Objects.TestDataDetails@79cc94}
[INFO ][2015-12-07 18:56:00,540][com.java.TestType] [  481] -  str(1) = 1
[INFO ][2015-12-07 18:56:00,540][com.java.TestType] [  484] - Test case Id is---1
[INFO ][2015-12-07 18:56:00,540][com.java.TestType] [  486] - 1
[INFO ][2015-12-07 18:56:00,540][com.java.TestType] [  481] -  str(2) = 4
[INFO ][2015-12-07 18:56:00,540][com.java.TestType] [  533] - row values are--------{1=com.java.Objects.TestDataDetails@119ab42, 2=com.java.Objects.TestDataDetails@915056, 3=com.java.Objects.TestDataDetails@79cc94, 4=com.java.Objects.TestDataDetails@1157426}
[INFO ][2015-12-07 18:56:00,540][com.java.TestType] [  481] -  str(1) = 1
[INFO ][2015-12-07 18:56:00,540][com.java.TestType] [  484] - Test case Id is---1
[INFO ][2015-12-07 18:56:00,540][com.java.TestType] [  486] - 1
[INFO ][2015-12-07 18:56:00,540][com.java.TestType] [  481] -  str(2) = 5
[INFO ][2015-12-07 18:56:00,540][com.java.TestType] [  533] - row values are--------{1=com.java.Objects.TestDataDetails@119ab42, 2=com.java.Objects.TestDataDetails@915056, 3=com.java.Objects.TestDataDetails@79cc94, 4=com.java.Objects.TestDataDetails@1157426, 5=com.java.Objects.TestDataDetails@19a6440}
[INFO ][2015-12-07 18:56:00,540][com.java.TestType] [  481] -  str(1) = 1
[INFO ][2015-12-07 18:56:00,540][com.java.TestType] [  484] - Test case Id is---1
[INFO ][2015-12-07 18:56:00,540][com.java.TestType] [  486] - 1
[INFO ][2015-12-07 18:56:00,540][com.java.TestType] [  481] -  str(2) = 6
[INFO ][2015-12-07 18:56:00,540][com.java.TestType] [  533] - row values are--------{1=com.java.Objects.TestDataDetails@119ab42, 2=com.java.Objects.TestDataDetails@915056, 3=com.java.Objects.TestDataDetails@79cc94, 4=com.java.Objects.TestDataDetails@1157426, 5=com.java.Objects.TestDataDetails@19a6440, 6=com.java.Objects.TestDataDetails@1971b94}
[INFO ][2015-12-07 18:56:00,540][com.java.TestType] [  481] -  str(1) = 1
[INFO ][2015-12-07 18:56:00,540][com.java.TestType] [  484] - Test case Id is---1
[INFO ][2015-12-07 18:56:00,540][com.java.TestType] [  486] - 1
[INFO ][2015-12-07 18:56:00,540][com.java.TestType] [  481] -  str(2) = 7
[INFO ][2015-12-07 18:56:00,540][com.java.TestType] [  533] - row values are--------{1=com.java.Objects.TestDataDetails@119ab42, 2=com.java.Objects.TestDataDetails@915056, 3=com.java.Objects.TestDataDetails@79cc94, 4=com.java.Objects.TestDataDetails@1157426, 5=com.java.Objects.TestDataDetails@19a6440, 6=com.java.Objects.TestDataDetails@1971b94, 7=com.java.Objects.TestDataDetails@1bf3708}
[INFO ][2015-12-07 18:56:00,550][com.java.TestType] [  481] -  str(1) = 1
[INFO ][2015-12-07 18:56:00,550][com.java.TestType] [  484] - Test case Id is---1
[INFO ][2015-12-07 18:56:00,550][com.java.TestType] [  486] - 1
[INFO ][2015-12-07 18:56:00,550][com.java.TestType] [  481] -  str(2) = 8
[INFO ][2015-12-07 18:56:00,550][com.java.TestType] [  533] - row values are--------{1=com.java.Objects.TestDataDetails@119ab42, 2=com.java.Objects.TestDataDetails@915056, 3=com.java.Objects.TestDataDetails@79cc94, 4=com.java.Objects.TestDataDetails@1157426, 5=com.java.Objects.TestDataDetails@19a6440, 6=com.java.Objects.TestDataDetails@1971b94, 7=com.java.Objects.TestDataDetails@1bf3708, 8=com.java.Objects.TestDataDetails@1c7d517}
[INFO ][2015-12-07 18:56:00,550][com.java.TestType] [  481] -  str(1) = 1
[INFO ][2015-12-07 18:56:00,550][com.java.TestType] [  484] - Test case Id is---1
[INFO ][2015-12-07 18:56:00,550][com.java.TestType] [  486] - 1
[INFO ][2015-12-07 18:56:00,550][com.java.TestType] [  481] -  str(2) = 9
[INFO ][2015-12-07 18:56:00,550][com.java.TestType] [  533] - row values are--------{1=com.java.Objects.TestDataDetails@119ab42, 2=com.java.Objects.TestDataDetails@915056, 3=com.java.Objects.TestDataDetails@79cc94, 4=com.java.Objects.TestDataDetails@1157426, 5=com.java.Objects.TestDataDetails@19a6440, 6=com.java.Objects.TestDataDetails@1971b94, 7=com.java.Objects.TestDataDetails@1bf3708, 8=com.java.Objects.TestDataDetails@1c7d517, 9=com.java.Objects.TestDataDetails@872ba6}
[INFO ][2015-12-07 18:56:00,550][com.java.TestType] [  481] -  str(1) = 1
[INFO ][2015-12-07 18:56:00,550][com.java.TestType] [  484] - Test case Id is---1
[INFO ][2015-12-07 18:56:00,550][com.java.TestType] [  486] - 1
[INFO ][2015-12-07 18:56:00,550][com.java.TestType] [  481] -  str(2) = 10
[INFO ][2015-12-07 18:56:00,550][com.java.TestType] [  533] - row values are--------{1=com.java.Objects.TestDataDetails@119ab42, 2=com.java.Objects.TestDataDetails@915056, 3=com.java.Objects.TestDataDetails@79cc94, 4=com.java.Objects.TestDataDetails@1157426, 5=com.java.Objects.TestDataDetails@19a6440, 6=com.java.Objects.TestDataDetails@1971b94, 7=com.java.Objects.TestDataDetails@1bf3708, 8=com.java.Objects.TestDataDetails@1c7d517, 9=com.java.Objects.TestDataDetails@872ba6, 10=com.java.Objects.TestDataDetails@6cd712}
[INFO ][2015-12-07 18:56:00,550][com.java.TestType] [  481] -  str(1) = 1
[INFO ][2015-12-07 18:56:00,550][com.java.TestType] [  484] - Test case Id is---1
[INFO ][2015-12-07 18:56:00,550][com.java.TestType] [  486] - 1
[INFO ][2015-12-07 18:56:00,550][com.java.TestType] [  481] -  str(2) = 11
[INFO ][2015-12-07 18:56:00,550][com.java.TestType] [  533] - row values are--------{1=com.java.Objects.TestDataDetails@119ab42, 2=com.java.Objects.TestDataDetails@915056, 3=com.java.Objects.TestDataDetails@79cc94, 4=com.java.Objects.TestDataDetails@1157426, 5=com.java.Objects.TestDataDetails@19a6440, 6=com.java.Objects.TestDataDetails@1971b94, 7=com.java.Objects.TestDataDetails@1bf3708, 8=com.java.Objects.TestDataDetails@1c7d517, 9=com.java.Objects.TestDataDetails@872ba6, 10=com.java.Objects.TestDataDetails@6cd712, 11=com.java.Objects.TestDataDetails@1e36eb9}
[INFO ][2015-12-07 18:56:00,550][com.java.TestType] [  481] -  str(1) = 1
[INFO ][2015-12-07 18:56:00,550][com.java.TestType] [  484] - Test case Id is---1
[INFO ][2015-12-07 18:56:00,550][com.java.TestType] [  486] - 1
[INFO ][2015-12-07 18:56:00,550][com.java.TestType] [  481] -  str(2) = 12
[INFO ][2015-12-07 18:56:00,550][com.java.TestType] [  533] - row values are--------{1=com.java.Objects.TestDataDetails@119ab42, 2=com.java.Objects.TestDataDetails@915056, 3=com.java.Objects.TestDataDetails@79cc94, 4=com.java.Objects.TestDataDetails@1157426, 5=com.java.Objects.TestDataDetails@19a6440, 6=com.java.Objects.TestDataDetails@1971b94, 7=com.java.Objects.TestDataDetails@1bf3708, 8=com.java.Objects.TestDataDetails@1c7d517, 9=com.java.Objects.TestDataDetails@872ba6, 10=com.java.Objects.TestDataDetails@6cd712, 11=com.java.Objects.TestDataDetails@1e36eb9, 12=com.java.Objects.TestDataDetails@14ced4e}
[INFO ][2015-12-07 18:56:00,550][com.java.TestType] [  481] -  str(1) = 1
[INFO ][2015-12-07 18:56:00,550][com.java.TestType] [  484] - Test case Id is---1
[INFO ][2015-12-07 18:56:00,550][com.java.TestType] [  486] - 1
[INFO ][2015-12-07 18:56:00,550][com.java.TestType] [  481] -  str(2) = 13
[INFO ][2015-12-07 18:56:00,550][com.java.TestType] [  533] - row values are--------{1=com.java.Objects.TestDataDetails@119ab42, 2=com.java.Objects.TestDataDetails@915056, 3=com.java.Objects.TestDataDetails@79cc94, 4=com.java.Objects.TestDataDetails@1157426, 5=com.java.Objects.TestDataDetails@19a6440, 6=com.java.Objects.TestDataDetails@1971b94, 7=com.java.Objects.TestDataDetails@1bf3708, 8=com.java.Objects.TestDataDetails@1c7d517, 9=com.java.Objects.TestDataDetails@872ba6, 10=com.java.Objects.TestDataDetails@6cd712, 11=com.java.Objects.TestDataDetails@1e36eb9, 12=com.java.Objects.TestDataDetails@14ced4e, 13=com.java.Objects.TestDataDetails@1e1760a}
[INFO ][2015-12-07 18:56:00,550][com.java.TestType] [  481] -  str(1) = 1
[INFO ][2015-12-07 18:56:00,550][com.java.TestType] [  484] - Test case Id is---1
[INFO ][2015-12-07 18:56:00,550][com.java.TestType] [  486] - 1
[INFO ][2015-12-07 18:56:00,550][com.java.TestType] [  481] -  str(2) = 14
[INFO ][2015-12-07 18:56:00,550][com.java.TestType] [  533] - row values are--------{1=com.java.Objects.TestDataDetails@119ab42, 2=com.java.Objects.TestDataDetails@915056, 3=com.java.Objects.TestDataDetails@79cc94, 4=com.java.Objects.TestDataDetails@1157426, 5=com.java.Objects.TestDataDetails@19a6440, 6=com.java.Objects.TestDataDetails@1971b94, 7=com.java.Objects.TestDataDetails@1bf3708, 8=com.java.Objects.TestDataDetails@1c7d517, 9=com.java.Objects.TestDataDetails@872ba6, 10=com.java.Objects.TestDataDetails@6cd712, 11=com.java.Objects.TestDataDetails@1e36eb9, 12=com.java.Objects.TestDataDetails@14ced4e, 13=com.java.Objects.TestDataDetails@1e1760a, 14=com.java.Objects.TestDataDetails@104bc9}
[INFO ][2015-12-07 18:56:00,560][com.java.TestType] [  481] -  str(1) = 1
[INFO ][2015-12-07 18:56:00,560][com.java.TestType] [  484] - Test case Id is---1
[INFO ][2015-12-07 18:56:00,560][com.java.TestType] [  486] - 1
[INFO ][2015-12-07 18:56:00,560][com.java.TestType] [  481] -  str(2) = 15
[INFO ][2015-12-07 18:56:00,560][com.java.TestType] [  533] - row values are--------{1=com.java.Objects.TestDataDetails@119ab42, 2=com.java.Objects.TestDataDetails@915056, 3=com.java.Objects.TestDataDetails@79cc94, 4=com.java.Objects.TestDataDetails@1157426, 5=com.java.Objects.TestDataDetails@19a6440, 6=com.java.Objects.TestDataDetails@1971b94, 7=com.java.Objects.TestDataDetails@1bf3708, 8=com.java.Objects.TestDataDetails@1c7d517, 9=com.java.Objects.TestDataDetails@872ba6, 10=com.java.Objects.TestDataDetails@6cd712, 11=com.java.Objects.TestDataDetails@1e36eb9, 12=com.java.Objects.TestDataDetails@14ced4e, 13=com.java.Objects.TestDataDetails@1e1760a, 14=com.java.Objects.TestDataDetails@104bc9, 15=com.java.Objects.TestDataDetails@1f7057}
[INFO ][2015-12-07 18:56:00,560][com.java.TestType] [  481] -  str(1) = 1
[INFO ][2015-12-07 18:56:00,560][com.java.TestType] [  484] - Test case Id is---1
[INFO ][2015-12-07 18:56:00,560][com.java.TestType] [  486] - 1
[INFO ][2015-12-07 18:56:00,560][com.java.TestType] [  481] -  str(2) = 16
[INFO ][2015-12-07 18:56:00,560][com.java.TestType] [  533] - row values are--------{1=com.java.Objects.TestDataDetails@119ab42, 2=com.java.Objects.TestDataDetails@915056, 3=com.java.Objects.TestDataDetails@79cc94, 4=com.java.Objects.TestDataDetails@1157426, 5=com.java.Objects.TestDataDetails@19a6440, 6=com.java.Objects.TestDataDetails@1971b94, 7=com.java.Objects.TestDataDetails@1bf3708, 8=com.java.Objects.TestDataDetails@1c7d517, 9=com.java.Objects.TestDataDetails@872ba6, 10=com.java.Objects.TestDataDetails@6cd712, 11=com.java.Objects.TestDataDetails@1e36eb9, 12=com.java.Objects.TestDataDetails@14ced4e, 13=com.java.Objects.TestDataDetails@1e1760a, 14=com.java.Objects.TestDataDetails@104bc9, 15=com.java.Objects.TestDataDetails@1f7057, 16=com.java.Objects.TestDataDetails@1947a96}
[INFO ][2015-12-07 18:56:00,560][com.java.TestType] [ 9944] - Looping 1TCID = 1
[DEBUG][2015-12-07 18:56:00,560][com.java.TestType] [ 9985] - Concept ID:1 :: Step being Executed: 1::1
[INFO ][2015-12-07 18:56:00,560][com.java.TestType] [10023] - dataFields : TXTusername
[DEBUG][2015-12-07 18:56:00,560][com.java.TestType] [10029] - <In Set values of the page>
[DEBUG][2015-12-07 18:56:00,560][com.java.TestType] [10034] - {Data Fields & Data Values Exist}
[INFO ][2015-12-07 18:56:00,560][com.java.TestType] [10040] - --------------------------setting values-----------------------------
[INFO ][2015-12-07 18:56:00,560][com.java.TestType] [10043] - Action Type : CLEARANDENTER
[INFO ][2015-12-07 18:56:00,560][com.java.TestType] [ 5430] - value = naresh.nayini.00000
[INFO ][2015-12-07 18:56:05,624][com.java.TestType] [10062] -  RESULT true
[INFO ][2015-12-07 18:56:05,624][com.java.TestType] [10179] - ?   P A S S   ?
[DEBUG][2015-12-07 18:56:05,624][com.java.TestType] [ 9985] - Concept ID:1 :: Step being Executed: 1::2
[INFO ][2015-12-07 18:56:05,624][com.java.TestType] [10023] - dataFields : TXTpassword
[DEBUG][2015-12-07 18:56:05,624][com.java.TestType] [10029] - <In Set values of the page>
[DEBUG][2015-12-07 18:56:05,624][com.java.TestType] [10034] - {Data Fields & Data Values Exist}
[INFO ][2015-12-07 18:56:05,624][com.java.TestType] [10040] - --------------------------setting values-----------------------------
[INFO ][2015-12-07 18:56:05,624][com.java.TestType] [10043] - Action Type : CLEARANDENTER
[INFO ][2015-12-07 18:56:05,624][com.java.TestType] [ 5430] - value = Password1*
[INFO ][2015-12-07 18:56:10,526][com.java.TestType] [10062] -  RESULT true
[INFO ][2015-12-07 18:56:10,526][com.java.TestType] [10179] - ?   P A S S   ?
[DEBUG][2015-12-07 18:56:10,526][com.java.TestType] [ 9985] - Concept ID:1 :: Step being Executed: 1::3
[ERROR][2015-12-07 18:56:10,526][com.java.TestType] [10018] - Exception: null
[INFO ][2015-12-07 18:56:10,526][com.java.TestType] [10023] - dataFields : XPH//button[@type='submit']
[DEBUG][2015-12-07 18:56:10,526][com.java.TestType] [10029] - <In Set values of the page>
[DEBUG][2015-12-07 18:56:10,526][com.java.TestType] [10034] - {Data Fields & Data Values Exist}
[INFO ][2015-12-07 18:56:10,526][com.java.TestType] [10040] - --------------------------setting values-----------------------------
[INFO ][2015-12-07 18:56:10,526][com.java.TestType] [10043] - Action Type : Click
[INFO ][2015-12-07 18:56:10,526][com.java.TestType] [ 5758] - Field ::XPH//button[@type='submit']
[INFO ][2015-12-07 18:56:11,526][com.java.TestType] [ 5852] - BEFORE CLICK
[INFO ][2015-12-07 18:56:12,373][com.java.TestType] [ 5860] - Unable to click the object Login
[INFO ][2015-12-07 18:56:12,373][com.java.TestType] [10062] -  RESULT true
[INFO ][2015-12-07 18:56:12,373][com.java.TestType] [10179] - ?   P A S S   ?
[DEBUG][2015-12-07 18:56:12,373][com.java.TestType] [ 9985] - Concept ID:1 :: Step being Executed: 1::4
[INFO ][2015-12-07 18:56:12,373][com.java.TestType] [10023] - dataFields : LNKLogout
[DEBUG][2015-12-07 18:56:12,373][com.java.TestType] [10029] - <In Set values of the page>
[DEBUG][2015-12-07 18:56:12,373][com.java.TestType] [10034] - {Data Fields & Data Values Exist}
[INFO ][2015-12-07 18:56:12,373][com.java.TestType] [10040] - --------------------------setting values-----------------------------
[INFO ][2015-12-07 18:56:12,373][com.java.TestType] [10043] - Action Type : WaitForElement
[INFO ][2015-12-07 18:56:15,760][com.java.TestType] [10062] -  RESULT true
[INFO ][2015-12-07 18:56:15,760][com.java.TestType] [10179] - ?   P A S S   ?
[DEBUG][2015-12-07 18:56:15,760][com.java.TestType] [ 9985] - Concept ID:1 :: Step being Executed: 1::15
[INFO ][2015-12-07 18:56:15,760][com.java.TestType] [10023] - dataFields : LNK
[DEBUG][2015-12-07 18:56:15,760][com.java.TestType] [10029] - <In Set values of the page>
[DEBUG][2015-12-07 18:56:15,760][com.java.TestType] [10034] - {Data Fields & Data Values Exist}
[INFO ][2015-12-07 18:56:15,760][com.java.TestType] [10040] - --------------------------setting values-----------------------------
[INFO ][2015-12-07 18:56:15,760][com.java.TestType] [10043] - Action Type : Verify
[INFO ][2015-12-07 18:56:15,760][com.java.TestType] [ 6636] - field= LNK value= Logout
[INFO ][2015-12-07 18:56:15,760][com.java.TestType] [ 5430] - value = Logout
[INFO ][2015-12-07 18:56:15,791][com.java.TestType] [10062] -  RESULT true
[INFO ][2015-12-07 18:56:15,791][com.java.TestType] [10179] - ?   P A S S   ?
[DEBUG][2015-12-07 18:56:15,791][com.java.TestType] [ 9985] - Concept ID:1 :: Step being Executed: 1::16
[INFO ][2015-12-07 18:56:15,791][com.java.TestType] [10023] - dataFields : BTN
[DEBUG][2015-12-07 18:56:15,791][com.java.TestType] [10029] - <In Set values of the page>
[DEBUG][2015-12-07 18:56:15,791][com.java.TestType] [10034] - {Data Fields & Data Values Exist}
[INFO ][2015-12-07 18:56:15,791][com.java.TestType] [10040] - --------------------------setting values-----------------------------
[INFO ][2015-12-07 18:56:15,791][com.java.TestType] [10043] - Action Type : Verify
[INFO ][2015-12-07 18:56:15,791][com.java.TestType] [ 6636] - field= BTN value= //img[contains(@src,'bdlogo.jpg')]
[INFO ][2015-12-07 18:56:15,791][com.java.TestType] [ 5430] - value = //img[contains(@src,'bdlogo.jpg')]
[INFO ][2015-12-07 18:56:15,861][com.java.TestType] [10062] -  RESULT true
[INFO ][2015-12-07 18:56:15,861][com.java.TestType] [10179] - ?   P A S S   ?
[INFO ][2015-12-07 18:56:15,861][com.java.TestType] [10250] - Looping End......
[INFO ][2015-12-07 18:56:15,861][com.java.SeleniumDriver] [  893] -  RESULT true
[INFO ][2015-12-07 18:56:15,861][com.java.SeleniumDriver] [ 1099] - ?   P A S S   ?
[INFO ][2015-12-07 18:56:15,861][com.java.SeleniumDriver] [  820] - ------------------------------------------
[INFO ][2015-12-07 18:56:15,861][com.java.SeleniumDriver] [  821] - Test case being Executed: 1
[INFO ][2015-12-07 18:56:15,861][com.java.SeleniumDriver] [  832] - Test step:2
[INFO ][2015-12-07 18:56:15,861][com.java.SeleniumDriver] [  844] - Datavalue is----------Concept#2:1-2
[INFO ][2015-12-07 18:56:15,861][com.java.SeleniumDriver] [  868] - DataField : test
[INFO ][2015-12-07 18:56:15,861][com.java.SeleniumDriver] [  870] - DataValue : Concept#2:1-2
[INFO ][2015-12-07 18:56:15,861][com.java.SeleniumDriver] [  876] - <In Set values of the page>
[INFO ][2015-12-07 18:56:15,861][com.java.SeleniumDriver] [  879] - {Data Fields & Data Values Exist}
[INFO ][2015-12-07 18:56:15,861][com.java.SeleniumDriver] [  881] - --------------------------setting values-----------------------------
[INFO ][2015-12-07 18:56:15,861][com.java.SeleniumDriver] [  884] - Action Type : ExecuteTestCase
[INFO ][2015-12-07 18:56:15,861][com.java.TestType] [  436] - The Concept sheet name is ---------- Concept
[INFO ][2015-12-07 18:56:15,861][com.java.TestType] [  439] - The Concept ID  is ---------- 2
[DEBUG][2015-12-07 18:56:15,861][com.java.TestType] [  443] - Steps being executted in the Concept are: 1:2
[INFO ][2015-12-07 18:56:15,861][com.java.TestType] [  450] - Test data details path ---------- D:\BankersDashboard\TestInputs\TestData.xls
[INFO ][2015-12-07 18:56:15,891][com.java.TestType] [  481] -  str(1) = 2
[INFO ][2015-12-07 18:56:15,901][com.java.TestType] [  484] - Test case Id is---2
[INFO ][2015-12-07 18:56:15,901][com.java.TestType] [  486] - 2
[INFO ][2015-12-07 18:56:15,901][com.java.TestType] [  481] -  str(2) = 1
[INFO ][2015-12-07 18:56:15,901][com.java.TestType] [  533] - row values are--------{1=com.java.Objects.TestDataDetails@10fcd4}
[INFO ][2015-12-07 18:56:15,901][com.java.TestType] [  481] -  str(1) = 2
[INFO ][2015-12-07 18:56:15,901][com.java.TestType] [  484] - Test case Id is---2
[INFO ][2015-12-07 18:56:15,901][com.java.TestType] [  486] - 2
[INFO ][2015-12-07 18:56:15,901][com.java.TestType] [  481] -  str(2) = 2
[INFO ][2015-12-07 18:56:15,901][com.java.TestType] [  533] - row values are--------{1=com.java.Objects.TestDataDetails@10fcd4, 2=com.java.Objects.TestDataDetails@1a3a9db}
[INFO ][2015-12-07 18:56:15,901][com.java.TestType] [  481] -  str(1) = 2
[INFO ][2015-12-07 18:56:15,901][com.java.TestType] [  484] - Test case Id is---2
[INFO ][2015-12-07 18:56:15,901][com.java.TestType] [  486] - 2
[INFO ][2015-12-07 18:56:15,901][com.java.TestType] [  481] -  str(2) = 3
[INFO ][2015-12-07 18:56:15,901][com.java.TestType] [  533] - row values are--------{1=com.java.Objects.TestDataDetails@10fcd4, 2=com.java.Objects.TestDataDetails@1a3a9db, 3=com.java.Objects.TestDataDetails@c13917}
[INFO ][2015-12-07 18:56:15,901][com.java.TestType] [ 9944] - Looping 1TCID = 2
[DEBUG][2015-12-07 18:56:15,901][com.java.TestType] [ 9985] - Concept ID:2 :: Step being Executed: 2::1
[INFO ][2015-12-07 18:56:15,901][com.java.TestType] [10023] - dataFields : BNK//select[@id='bank']
[DEBUG][2015-12-07 18:56:15,901][com.java.TestType] [10029] - <In Set values of the page>
[DEBUG][2015-12-07 18:56:15,901][com.java.TestType] [10034] - {Data Fields & Data Values Exist}
[INFO ][2015-12-07 18:56:15,901][com.java.TestType] [10040] - --------------------------setting values-----------------------------
[INFO ][2015-12-07 18:56:15,901][com.java.TestType] [10043] - Action Type : Select
[INFO ][2015-12-07 18:56:15,901][com.java.TestType] [ 5430] - value = PFC
[INFO ][2015-12-07 18:56:16,081][com.java.TestType] [10062] -  RESULT true
[INFO ][2015-12-07 18:56:16,081][com.java.TestType] [10179] - ?   P A S S   ?
[DEBUG][2015-12-07 18:56:16,081][com.java.TestType] [ 9985] - Concept ID:2 :: Step being Executed: 2::2
[INFO ][2015-12-07 18:56:16,081][com.java.TestType] [10023] - dataFields : LNKLogout
[DEBUG][2015-12-07 18:56:16,081][com.java.TestType] [10029] - <In Set values of the page>
[DEBUG][2015-12-07 18:56:16,081][com.java.TestType] [10034] - {Data Fields & Data Values Exist}
[INFO ][2015-12-07 18:56:16,081][com.java.TestType] [10040] - --------------------------setting values-----------------------------
[INFO ][2015-12-07 18:56:16,081][com.java.TestType] [10043] - Action Type : WaitTime
[DEBUG][2015-12-07 18:56:16,081][com.java.TestType] [ 5250] - sleepTime: 5000
[INFO ][2015-12-07 18:56:21,088][com.java.TestType] [10062] -  RESULT true
[INFO ][2015-12-07 18:56:21,088][com.java.TestType] [10179] - ?   P A S S   ?
[INFO ][2015-12-07 18:56:21,088][com.java.TestType] [10250] - Looping End......
[INFO ][2015-12-07 18:56:21,088][com.java.SeleniumDriver] [  893] -  RESULT true
[INFO ][2015-12-07 18:56:21,088][com.java.SeleniumDriver] [ 1099] - ?   P A S S   ?
[INFO ][2015-12-07 18:56:21,088][com.java.SeleniumDriver] [  820] - ------------------------------------------
[INFO ][2015-12-07 18:56:21,088][com.java.SeleniumDriver] [  821] - Test case being Executed: 1
[INFO ][2015-12-07 18:56:21,088][com.java.SeleniumDriver] [  832] - Test step:3
[INFO ][2015-12-07 18:56:21,088][com.java.SeleniumDriver] [  844] - Datavalue is----------2
[INFO ][2015-12-07 18:56:21,088][com.java.SeleniumDriver] [  868] - DataField : XPH//button[contains(text(),'Add Content')]
[INFO ][2015-12-07 18:56:21,088][com.java.SeleniumDriver] [  870] - DataValue : 2
[INFO ][2015-12-07 18:56:21,088][com.java.SeleniumDriver] [  876] - <In Set values of the page>
[INFO ][2015-12-07 18:56:21,088][com.java.SeleniumDriver] [  879] - {Data Fields & Data Values Exist}
[INFO ][2015-12-07 18:56:21,088][com.java.SeleniumDriver] [  881] - --------------------------setting values-----------------------------
[INFO ][2015-12-07 18:56:21,088][com.java.SeleniumDriver] [  884] - Action Type : WAITFORELEMENT
[INFO ][2015-12-07 18:56:21,129][com.java.SeleniumDriver] [  893] -  RESULT true
[INFO ][2015-12-07 18:56:21,129][com.java.SeleniumDriver] [ 1099] - ?   P A S S   ?
[DEBUG][2015-12-07 18:56:21,129][com.java.SeleniumDriver] [ 1211] - Case found
[DEBUG][2015-12-07 18:56:21,129][com.java.SeleniumDriver] [ 1216] - Incrementing ReportCounters[0]:1
[INFO ][2015-12-07 18:56:21,129][com.java.SeleniumDriver] [ 1235] - The results are-------------------[1, 1, Valid Login, Pass, , Mon Dec 07 18:56:15 IST 2015, 1, 2, Valid Login, Pass, , Mon Dec 07 18:56:21 IST 2015, 1, 3, Valid Login, Pass, , Mon Dec 07 18:56:21 IST 2015]
[INFO ][2015-12-07 18:56:21,129][com.java.SeleniumDriver] [ 1239] - End time is-------35 sec
[INFO ][2015-12-07 18:56:21,129][com.java.SeleniumDriver] [ 1240] - The results are-------------------[1, 1, Valid Login, Pass, , Mon Dec 07 18:56:15 IST 2015, 1, 2, Valid Login, Pass, , Mon Dec 07 18:56:21 IST 2015, 1, 3, Valid Login, Pass, , Mon Dec 07 18:56:21 IST 2015]
[DEBUG][2015-12-07 18:56:21,129][com.java.ImportnExport.ExportTestResultsExcel] [  222] - testResultPath = D:\BankersDashboard/TestReports/Test Results_BankersDashBoard_120715_185547_IE10_Any Bank USA.xls
[DEBUG][2015-12-07 18:56:21,129][com.java.ImportnExport.ExportTestResultsExcel] [  223] - browser is------------IE10
[DEBUG][2015-12-07 18:56:21,169][com.java.ImportnExport.ExportTestResultsExcel] [  270] - result.size() = 18
[DEBUG][2015-12-07 18:56:21,169][com.java.ImportnExport.ExportTestResultsExcel] [  274] - No of rows in sheet=1
[DEBUG][2015-12-07 18:56:21,169][com.java.ImportnExport.ExportTestResultsExcel] [  301] - ..in export..1
[DEBUG][2015-12-07 18:56:21,169][com.java.ImportnExport.ExportTestResultsExcel] [  301] - ..in export..Valid Login
[DEBUG][2015-12-07 18:56:21,169][com.java.ImportnExport.ExportTestResultsExcel] [  301] - ..in export..Pass
[DEBUG][2015-12-07 18:56:21,169][com.java.ImportnExport.ExportTestResultsExcel] [  301] - ..in export..
[DEBUG][2015-12-07 18:56:21,169][com.java.ImportnExport.ExportTestResultsExcel] [  301] - ..in export..Mon Dec 07 18:56:15 IST 2015
[INFO ][2015-12-07 18:56:21,169][com.java.SeleniumDriver] [ 1298] - out loop:0 size:2 TestCases:[1, 6] testcases:[1, 6]
[INFO ][2015-12-07 18:56:21,169][com.java.ImportnExport.ImportTestDataDetailsExcel] [   49] - test data details path===== D:\BankersDashboard\TestInputs\TestData.xls
[INFO ][2015-12-07 18:56:35,965][com.java.SeleniumDriver] [  820] - ------------------------------------------
[INFO ][2015-12-07 18:56:35,965][com.java.SeleniumDriver] [  821] - Test case being Executed: 6
[INFO ][2015-12-07 18:56:35,965][com.java.SeleniumDriver] [  832] - Test step:1
[INFO ][2015-12-07 18:56:35,965][com.java.SeleniumDriver] [  844] - Datavalue is----------Logout
[INFO ][2015-12-07 18:56:35,965][com.java.SeleniumDriver] [  868] - DataField : BTN
[INFO ][2015-12-07 18:56:35,965][com.java.SeleniumDriver] [  870] - DataValue : Logout
[INFO ][2015-12-07 18:56:35,965][com.java.SeleniumDriver] [  876] - <In Set values of the page>
[INFO ][2015-12-07 18:56:35,965][com.java.SeleniumDriver] [  879] - {Data Fields & Data Values Exist}
[INFO ][2015-12-07 18:56:35,965][com.java.SeleniumDriver] [  881] - --------------------------setting values-----------------------------
[INFO ][2015-12-07 18:56:35,965][com.java.SeleniumDriver] [  884] - Action Type : Verify
[INFO ][2015-12-07 18:56:35,965][com.java.TestType] [ 6636] - field= BTN value= Logout
[INFO ][2015-12-07 18:56:35,965][com.java.TestType] [ 5430] - value = Logout
[INFO ][2015-12-07 18:56:36,036][com.java.SeleniumDriver] [  893] -  RESULT true
[INFO ][2015-12-07 18:56:36,036][com.java.SeleniumDriver] [ 1099] - ?   P A S S   ?
[INFO ][2015-12-07 18:56:36,036][com.java.SeleniumDriver] [ 1141] - step change to 3
[INFO ][2015-12-07 18:56:36,036][com.java.SeleniumDriver] [  820] - ------------------------------------------
[INFO ][2015-12-07 18:56:36,036][com.java.SeleniumDriver] [  821] - Test case being Executed: 6
[INFO ][2015-12-07 18:56:36,036][com.java.SeleniumDriver] [  832] - Test step:3
[INFO ][2015-12-07 18:56:36,036][com.java.SeleniumDriver] [  844] - Datavalue is----------Concept#2:1-2
[INFO ][2015-12-07 18:56:36,036][com.java.SeleniumDriver] [  868] - DataField : test
[INFO ][2015-12-07 18:56:36,036][com.java.SeleniumDriver] [  870] - DataValue : Concept#2:1-2
[INFO ][2015-12-07 18:56:36,036][com.java.SeleniumDriver] [  876] - <In Set values of the page>
[INFO ][2015-12-07 18:56:36,036][com.java.SeleniumDriver] [  879] - {Data Fields & Data Values Exist}
[INFO ][2015-12-07 18:56:36,036][com.java.SeleniumDriver] [  881] - --------------------------setting values-----------------------------
[INFO ][2015-12-07 18:56:36,036][com.java.SeleniumDriver] [  884] - Action Type : ExecuteTestCase
[INFO ][2015-12-07 18:56:36,036][com.java.TestType] [  436] - The Concept sheet name is ---------- Concept
[INFO ][2015-12-07 18:56:36,036][com.java.TestType] [  439] - The Concept ID  is ---------- 2
[DEBUG][2015-12-07 18:56:36,036][com.java.TestType] [  443] - Steps being executted in the Concept are: 1:2
[INFO ][2015-12-07 18:56:36,036][com.java.TestType] [  450] - Test data details path ---------- D:\BankersDashboard\TestInputs\TestData.xls
[INFO ][2015-12-07 18:56:36,066][com.java.TestType] [  481] -  str(1) = 2
[INFO ][2015-12-07 18:56:36,066][com.java.TestType] [  484] - Test case Id is---2
[INFO ][2015-12-07 18:56:36,066][com.java.TestType] [  486] - 2
[INFO ][2015-12-07 18:56:36,066][com.java.TestType] [  481] -  str(2) = 1
[INFO ][2015-12-07 18:56:36,066][com.java.TestType] [  533] - row values are--------{1=com.java.Objects.TestDataDetails@96b7a4}
[INFO ][2015-12-07 18:56:36,066][com.java.TestType] [  481] -  str(1) = 2
[INFO ][2015-12-07 18:56:36,066][com.java.TestType] [  484] - Test case Id is---2
[INFO ][2015-12-07 18:56:36,066][com.java.TestType] [  486] - 2
[INFO ][2015-12-07 18:56:36,066][com.java.TestType] [  481] -  str(2) = 2
[INFO ][2015-12-07 18:56:36,066][com.java.TestType] [  533] - row values are--------{1=com.java.Objects.TestDataDetails@96b7a4, 2=com.java.Objects.TestDataDetails@19d2d53}
[INFO ][2015-12-07 18:56:36,066][com.java.TestType] [  481] -  str(1) = 2
[INFO ][2015-12-07 18:56:36,066][com.java.TestType] [  484] - Test case Id is---2
[INFO ][2015-12-07 18:56:36,066][com.java.TestType] [  486] - 2
[INFO ][2015-12-07 18:56:36,066][com.java.TestType] [  481] -  str(2) = 3
[INFO ][2015-12-07 18:56:36,066][com.java.TestType] [  533] - row values are--------{1=com.java.Objects.TestDataDetails@96b7a4, 2=com.java.Objects.TestDataDetails@19d2d53, 3=com.java.Objects.TestDataDetails@1f38e9a}
[INFO ][2015-12-07 18:56:36,066][com.java.TestType] [ 9944] - Looping 1TCID = 2
[DEBUG][2015-12-07 18:56:36,066][com.java.TestType] [ 9985] - Concept ID:2 :: Step being Executed: 2::1
[INFO ][2015-12-07 18:56:36,066][com.java.TestType] [10023] - dataFields : BNK//select[@id='bank']
[DEBUG][2015-12-07 18:56:36,066][com.java.TestType] [10029] - <In Set values of the page>
[DEBUG][2015-12-07 18:56:36,066][com.java.TestType] [10034] - {Data Fields & Data Values Exist}
[INFO ][2015-12-07 18:56:36,066][com.java.TestType] [10040] - --------------------------setting values-----------------------------
[INFO ][2015-12-07 18:56:36,066][com.java.TestType] [10043] - Action Type : Select
[INFO ][2015-12-07 18:56:36,076][com.java.TestType] [ 5430] - value = PFC
[INFO ][2015-12-07 18:56:36,256][com.java.TestType] [10062] -  RESULT true
[INFO ][2015-12-07 18:56:36,256][com.java.TestType] [10179] - ?   P A S S   ?
[DEBUG][2015-12-07 18:56:36,256][com.java.TestType] [ 9985] - Concept ID:2 :: Step being Executed: 2::2
[INFO ][2015-12-07 18:56:36,256][com.java.TestType] [10023] - dataFields : LNKLogout
[DEBUG][2015-12-07 18:56:36,256][com.java.TestType] [10029] - <In Set values of the page>
[DEBUG][2015-12-07 18:56:36,256][com.java.TestType] [10034] - {Data Fields & Data Values Exist}
[INFO ][2015-12-07 18:56:36,256][com.java.TestType] [10040] - --------------------------setting values-----------------------------
[INFO ][2015-12-07 18:56:36,256][com.java.TestType] [10043] - Action Type : WaitTime
[DEBUG][2015-12-07 18:56:36,256][com.java.TestType] [ 5250] - sleepTime: 5000
[INFO ][2015-12-07 18:56:41,256][com.java.TestType] [10062] -  RESULT true
[INFO ][2015-12-07 18:56:41,256][com.java.TestType] [10179] - ?   P A S S   ?
[INFO ][2015-12-07 18:56:41,256][com.java.TestType] [10250] - Looping End......
[INFO ][2015-12-07 18:56:41,256][com.java.SeleniumDriver] [  893] -  RESULT true
[INFO ][2015-12-07 18:56:41,256][com.java.SeleniumDriver] [ 1099] - ?   P A S S   ?
[INFO ][2015-12-07 18:56:41,256][com.java.SeleniumDriver] [  820] - ------------------------------------------
[INFO ][2015-12-07 18:56:41,256][com.java.SeleniumDriver] [  821] - Test case being Executed: 6
[INFO ][2015-12-07 18:56:41,256][com.java.SeleniumDriver] [  832] - Test step:4
[INFO ][2015-12-07 18:56:41,256][com.java.SeleniumDriver] [  844] - Datavalue is----------null
[DEBUG][2015-12-07 18:56:41,256][com.java.SeleniumDriver] [  862] - Exception: null
[INFO ][2015-12-07 18:56:41,256][com.java.SeleniumDriver] [  868] - DataField : //span[@class='icon-stats']&&//a[@data-id="Forecasting"]
[INFO ][2015-12-07 18:56:41,256][com.java.SeleniumDriver] [  870] - DataValue : 
[INFO ][2015-12-07 18:56:41,256][com.java.SeleniumDriver] [  876] - <In Set values of the page>
[INFO ][2015-12-07 18:56:41,256][com.java.SeleniumDriver] [  879] - {Data Fields & Data Values Exist}
[INFO ][2015-12-07 18:56:41,256][com.java.SeleniumDriver] [  881] - --------------------------setting values-----------------------------
[INFO ][2015-12-07 18:56:41,256][com.java.SeleniumDriver] [  884] - Action Type : MOUSEOVER
[INFO ][2015-12-07 18:57:04,254][com.java.SeleniumDriver] [  893] -  RESULT true
[INFO ][2015-12-07 18:57:04,254][com.java.SeleniumDriver] [ 1099] - ?   P A S S   ?
[INFO ][2015-12-07 18:57:04,254][com.java.SeleniumDriver] [  820] - ------------------------------------------
[INFO ][2015-12-07 18:57:04,254][com.java.SeleniumDriver] [  821] - Test case being Executed: 6
[INFO ][2015-12-07 18:57:04,254][com.java.SeleniumDriver] [  832] - Test step:5
[INFO ][2015-12-07 18:57:04,254][com.java.SeleniumDriver] [  844] - Datavalue is----------5
[INFO ][2015-12-07 18:57:04,254][com.java.SeleniumDriver] [  868] - DataField : null
[INFO ][2015-12-07 18:57:04,254][com.java.SeleniumDriver] [  870] - DataValue : 5
[INFO ][2015-12-07 18:57:04,254][com.java.SeleniumDriver] [  876] - <In Set values of the page>
[INFO ][2015-12-07 18:57:04,254][com.java.SeleniumDriver] [  879] - {Data Fields & Data Values Exist}
[INFO ][2015-12-07 18:57:04,254][com.java.SeleniumDriver] [  881] - --------------------------setting values-----------------------------
[INFO ][2015-12-07 18:57:04,254][com.java.SeleniumDriver] [  884] - Action Type : WAITTIME
[DEBUG][2015-12-07 18:57:04,254][com.java.TestType] [ 5250] - sleepTime: 5000
[INFO ][2015-12-07 18:57:09,255][com.java.SeleniumDriver] [  893] -  RESULT true
[INFO ][2015-12-07 18:57:09,255][com.java.SeleniumDriver] [ 1099] - ?   P A S S   ?
[INFO ][2015-12-07 18:57:09,255][com.java.SeleniumDriver] [  820] - ------------------------------------------
[INFO ][2015-12-07 18:57:09,255][com.java.SeleniumDriver] [  821] - Test case being Executed: 6
[INFO ][2015-12-07 18:57:09,255][com.java.SeleniumDriver] [  832] - Test step:6
[INFO ][2015-12-07 18:57:09,255][com.java.SeleniumDriver] [  844] - Datavalue is----------Forecasting 
[INFO ][2015-12-07 18:57:09,255][com.java.SeleniumDriver] [  868] - DataField : TTL
[INFO ][2015-12-07 18:57:09,255][com.java.SeleniumDriver] [  870] - DataValue : Forecasting 
[INFO ][2015-12-07 18:57:09,255][com.java.SeleniumDriver] [  876] - <In Set values of the page>
[INFO ][2015-12-07 18:57:09,255][com.java.SeleniumDriver] [  879] - {Data Fields & Data Values Exist}
[INFO ][2015-12-07 18:57:09,255][com.java.SeleniumDriver] [  881] - --------------------------setting values-----------------------------
[INFO ][2015-12-07 18:57:09,255][com.java.SeleniumDriver] [  884] - Action Type : SELECTWINDOW
[INFO ][2015-12-07 18:57:21,828][com.java.SeleniumDriver] [  893] -  RESULT true
[INFO ][2015-12-07 18:57:21,828][com.java.SeleniumDriver] [ 1099] - ?   P A S S   ?
[INFO ][2015-12-07 18:57:21,828][com.java.SeleniumDriver] [  820] - ------------------------------------------
[INFO ][2015-12-07 18:57:21,828][com.java.SeleniumDriver] [  821] - Test case being Executed: 6
[INFO ][2015-12-07 18:57:21,828][com.java.SeleniumDriver] [  832] - Test step:7
[INFO ][2015-12-07 18:57:21,828][com.java.SeleniumDriver] [  844] - Datavalue is----------null
[DEBUG][2015-12-07 18:57:21,828][com.java.SeleniumDriver] [  862] - Exception: null
[INFO ][2015-12-07 18:57:21,828][com.java.SeleniumDriver] [  868] - DataField : BTNframeDialogContent
[INFO ][2015-12-07 18:57:21,828][com.java.SeleniumDriver] [  870] - DataValue : 
[INFO ][2015-12-07 18:57:21,828][com.java.SeleniumDriver] [  876] - <In Set values of the page>
[INFO ][2015-12-07 18:57:21,828][com.java.SeleniumDriver] [  879] - {Data Fields & Data Values Exist}
[INFO ][2015-12-07 18:57:21,828][com.java.SeleniumDriver] [  881] - --------------------------setting values-----------------------------
[INFO ][2015-12-07 18:57:21,828][com.java.SeleniumDriver] [  884] - Action Type : SELECTFRAME
[INFO ][2015-12-07 18:57:22,951][com.java.SeleniumDriver] [  893] -  RESULT true
[INFO ][2015-12-07 18:57:22,951][com.java.SeleniumDriver] [ 1099] - ?   P A S S   ?
[INFO ][2015-12-07 18:57:22,951][com.java.SeleniumDriver] [  820] - ------------------------------------------
[INFO ][2015-12-07 18:57:22,951][com.java.SeleniumDriver] [  821] - Test case being Executed: 6
[INFO ][2015-12-07 18:57:22,951][com.java.SeleniumDriver] [  832] - Test step:8
[INFO ][2015-12-07 18:57:22,951][com.java.SeleniumDriver] [  844] - Datavalue is----------10
[INFO ][2015-12-07 18:57:22,951][com.java.SeleniumDriver] [  868] - DataField : DSPddlProjects
[INFO ][2015-12-07 18:57:22,951][com.java.SeleniumDriver] [  870] - DataValue : 10
[INFO ][2015-12-07 18:57:22,951][com.java.SeleniumDriver] [  876] - <In Set values of the page>
[INFO ][2015-12-07 18:57:22,951][com.java.SeleniumDriver] [  879] - {Data Fields & Data Values Exist}
[INFO ][2015-12-07 18:57:22,951][com.java.SeleniumDriver] [  881] - --------------------------setting values-----------------------------
[INFO ][2015-12-07 18:57:22,951][com.java.SeleniumDriver] [  884] - Action Type : WAITFORELEMENT
[INFO ][2015-12-07 18:57:24,052][com.java.SeleniumDriver] [  893] -  RESULT true
[INFO ][2015-12-07 18:57:24,052][com.java.SeleniumDriver] [ 1099] - ?   P A S S   ?
[INFO ][2015-12-07 18:57:24,052][com.java.SeleniumDriver] [  820] - ------------------------------------------
[INFO ][2015-12-07 18:57:24,052][com.java.SeleniumDriver] [  821] - Test case being Executed: 6
[INFO ][2015-12-07 18:57:24,052][com.java.SeleniumDriver] [  832] - Test step:9
[INFO ][2015-12-07 18:57:24,052][com.java.SeleniumDriver] [  844] - Datavalue is----------index:1
[INFO ][2015-12-07 18:57:24,052][com.java.SeleniumDriver] [  868] - DataField : COBddlProjects
[INFO ][2015-12-07 18:57:24,052][com.java.SeleniumDriver] [  870] - DataValue : index:1
[INFO ][2015-12-07 18:57:24,052][com.java.SeleniumDriver] [  876] - <In Set values of the page>
[INFO ][2015-12-07 18:57:24,052][com.java.SeleniumDriver] [  879] - {Data Fields & Data Values Exist}
[INFO ][2015-12-07 18:57:24,052][com.java.SeleniumDriver] [  881] - --------------------------setting values-----------------------------
[INFO ][2015-12-07 18:57:24,052][com.java.SeleniumDriver] [  884] - Action Type : SELECT
[INFO ][2015-12-07 18:57:24,052][com.java.TestType] [ 5430] - value = 1
[INFO ][2015-12-07 18:57:25,143][com.java.TestType] [ 5548] -  In COB ddlProjects : 1
[INFO ][2015-12-07 18:57:25,283][com.java.SeleniumDriver] [  893] -  RESULT true
[INFO ][2015-12-07 18:57:25,283][com.java.SeleniumDriver] [ 1099] - ?   P A S S   ?
[INFO ][2015-12-07 18:57:25,283][com.java.SeleniumDriver] [ 1136] - Continue next step...
[INFO ][2015-12-07 18:57:25,283][com.java.SeleniumDriver] [  820] - ------------------------------------------
[INFO ][2015-12-07 18:57:25,283][com.java.SeleniumDriver] [  821] - Test case being Executed: 6
[INFO ][2015-12-07 18:57:25,283][com.java.SeleniumDriver] [  832] - Test step:10
[INFO ][2015-12-07 18:57:25,283][com.java.SeleniumDriver] [  844] - Datavalue is----------CurrentProject
[INFO ][2015-12-07 18:57:25,283][com.java.SeleniumDriver] [  868] - DataField : SLBddlProjects
[INFO ][2015-12-07 18:57:25,283][com.java.SeleniumDriver] [  870] - DataValue : CurrentProject
[INFO ][2015-12-07 18:57:25,283][com.java.SeleniumDriver] [  876] - <In Set values of the page>
[INFO ][2015-12-07 18:57:25,283][com.java.SeleniumDriver] [  879] - {Data Fields & Data Values Exist}
[INFO ][2015-12-07 18:57:25,283][com.java.SeleniumDriver] [  881] - --------------------------setting values-----------------------------
[INFO ][2015-12-07 18:57:25,283][com.java.SeleniumDriver] [  884] - Action Type : storevalue
[INFO ][2015-12-07 18:57:25,283][com.java.TestType] [ 7814] - field= SLBddlProjects
[INFO ][2015-12-07 18:57:26,454][com.java.SeleniumDriver] [  893] -  RESULT true
[INFO ][2015-12-07 18:57:26,454][com.java.SeleniumDriver] [ 1099] - ?   P A S S   ?
[INFO ][2015-12-07 18:57:26,454][com.java.SeleniumDriver] [  820] - ------------------------------------------
[INFO ][2015-12-07 18:57:26,454][com.java.SeleniumDriver] [  821] - Test case being Executed: 6
[INFO ][2015-12-07 18:57:26,454][com.java.SeleniumDriver] [  832] - Test step:11
[INFO ][2015-12-07 18:57:26,454][com.java.SeleniumDriver] [  844] - Datavalue is----------null
[DEBUG][2015-12-07 18:57:26,454][com.java.SeleniumDriver] [  862] - Exception: null
[INFO ][2015-12-07 18:57:26,454][com.java.SeleniumDriver] [  868] - DataField : HDNbtnOpenProject
[INFO ][2015-12-07 18:57:26,454][com.java.SeleniumDriver] [  870] - DataValue : 
[INFO ][2015-12-07 18:57:26,454][com.java.SeleniumDriver] [  876] - <In Set values of the page>
[INFO ][2015-12-07 18:57:26,454][com.java.SeleniumDriver] [  879] - {Data Fields & Data Values Exist}
[INFO ][2015-12-07 18:57:26,454][com.java.SeleniumDriver] [  881] - --------------------------setting values-----------------------------
[INFO ][2015-12-07 18:57:26,454][com.java.SeleniumDriver] [  884] - Action Type : CLICK
[INFO ][2015-12-07 18:57:26,454][com.java.TestType] [ 5758] - Field ::HDNbtnOpenProject
[INFO ][2015-12-07 18:57:29,105][com.java.SeleniumDriver] [  893] -  RESULT true
[INFO ][2015-12-07 18:57:29,105][com.java.SeleniumDriver] [ 1099] - ?   P A S S   ?
[INFO ][2015-12-07 18:57:29,105][com.java.SeleniumDriver] [  820] - ------------------------------------------
[INFO ][2015-12-07 18:57:29,105][com.java.SeleniumDriver] [  821] - Test case being Executed: 6
[INFO ][2015-12-07 18:57:29,105][com.java.SeleniumDriver] [  832] - Test step:12
[INFO ][2015-12-07 18:57:29,105][com.java.SeleniumDriver] [  844] - Datavalue is----------2
[INFO ][2015-12-07 18:57:29,105][com.java.SeleniumDriver] [  868] - DataField : null
[INFO ][2015-12-07 18:57:29,105][com.java.SeleniumDriver] [  870] - DataValue : 2
[INFO ][2015-12-07 18:57:29,105][com.java.SeleniumDriver] [  876] - <In Set values of the page>
[INFO ][2015-12-07 18:57:29,105][com.java.SeleniumDriver] [  879] - {Data Fields & Data Values Exist}
[INFO ][2015-12-07 18:57:29,105][com.java.SeleniumDriver] [  881] - --------------------------setting values-----------------------------
[INFO ][2015-12-07 18:57:29,105][com.java.SeleniumDriver] [  884] - Action Type : WAITTIME
[DEBUG][2015-12-07 18:57:29,105][com.java.TestType] [ 5250] - sleepTime: 2000
[INFO ][2015-12-07 18:57:31,110][com.java.SeleniumDriver] [  893] -  RESULT true
[INFO ][2015-12-07 18:57:31,110][com.java.SeleniumDriver] [ 1099] - ?   P A S S   ?
[INFO ][2015-12-07 18:57:31,110][com.java.SeleniumDriver] [  820] - ------------------------------------------
[INFO ][2015-12-07 18:57:31,110][com.java.SeleniumDriver] [  821] - Test case being Executed: 6
[INFO ][2015-12-07 18:57:31,110][com.java.SeleniumDriver] [  832] - Test step:13
[INFO ][2015-12-07 18:57:31,110][com.java.SeleniumDriver] [  844] - Datavalue is----------null
[DEBUG][2015-12-07 18:57:31,110][com.java.SeleniumDriver] [  862] - Exception: null
[INFO ][2015-12-07 18:57:31,110][com.java.SeleniumDriver] [  868] - DataField : BTNParent
[INFO ][2015-12-07 18:57:31,110][com.java.SeleniumDriver] [  870] - DataValue : 
[INFO ][2015-12-07 18:57:31,110][com.java.SeleniumDriver] [  876] - <In Set values of the page>
[INFO ][2015-12-07 18:57:31,110][com.java.SeleniumDriver] [  879] - {Data Fields & Data Values Exist}
[INFO ][2015-12-07 18:57:31,110][com.java.SeleniumDriver] [  881] - --------------------------setting values-----------------------------
[INFO ][2015-12-07 18:57:31,110][com.java.SeleniumDriver] [  884] - Action Type : SELECTFRAME
[INFO ][2015-12-07 18:57:31,111][com.java.SeleniumDriver] [  893] -  RESULT true
[INFO ][2015-12-07 18:57:31,111][com.java.SeleniumDriver] [ 1099] - ?   P A S S   ?
[INFO ][2015-12-07 18:57:31,111][com.java.SeleniumDriver] [  820] - ------------------------------------------
[INFO ][2015-12-07 18:57:31,111][com.java.SeleniumDriver] [  821] - Test case being Executed: 6
[INFO ][2015-12-07 18:57:31,111][com.java.SeleniumDriver] [  832] - Test step:14
[INFO ][2015-12-07 18:57:31,111][com.java.SeleniumDriver] [  844] - Datavalue is----------10
[INFO ][2015-12-07 18:57:31,111][com.java.SeleniumDriver] [  868] - DataField : DSPFile
[INFO ][2015-12-07 18:57:31,111][com.java.SeleniumDriver] [  870] - DataValue : 10
[INFO ][2015-12-07 18:57:31,111][com.java.SeleniumDriver] [  876] - <In Set values of the page>
[INFO ][2015-12-07 18:57:31,111][com.java.SeleniumDriver] [  879] - {Data Fields & Data Values Exist}
[INFO ][2015-12-07 18:57:31,111][com.java.SeleniumDriver] [  881] - --------------------------setting values-----------------------------
[INFO ][2015-12-07 18:57:31,111][com.java.SeleniumDriver] [  884] - Action Type : WAITFORELEMENT
[INFO ][2015-12-07 18:57:31,241][com.java.SeleniumDriver] [  893] -  RESULT true
[INFO ][2015-12-07 18:57:31,241][com.java.SeleniumDriver] [ 1099] - ?   P A S S   ?
[INFO ][2015-12-07 18:57:31,241][com.java.SeleniumDriver] [  820] - ------------------------------------------
[INFO ][2015-12-07 18:57:31,241][com.java.SeleniumDriver] [  821] - Test case being Executed: 6
[INFO ][2015-12-07 18:57:31,241][com.java.SeleniumDriver] [  832] - Test step:15
[INFO ][2015-12-07 18:57:31,241][com.java.SeleniumDriver] [  844] - Datavalue is----------10
[INFO ][2015-12-07 18:57:31,241][com.java.SeleniumDriver] [  868] - DataField : null
[INFO ][2015-12-07 18:57:31,241][com.java.SeleniumDriver] [  870] - DataValue : 10
[INFO ][2015-12-07 18:57:31,241][com.java.SeleniumDriver] [  876] - <In Set values of the page>
[INFO ][2015-12-07 18:57:31,241][com.java.SeleniumDriver] [  879] - {Data Fields & Data Values Exist}
[INFO ][2015-12-07 18:57:31,241][com.java.SeleniumDriver] [  881] - --------------------------setting values-----------------------------
[INFO ][2015-12-07 18:57:31,241][com.java.SeleniumDriver] [  884] - Action Type : WAITTIME
[DEBUG][2015-12-07 18:57:31,241][com.java.TestType] [ 5250] - sleepTime: 10000
[INFO ][2015-12-07 18:57:41,245][com.java.SeleniumDriver] [  893] -  RESULT true
[INFO ][2015-12-07 18:57:41,245][com.java.SeleniumDriver] [ 1099] - ?   P A S S   ?
[INFO ][2015-12-07 18:57:41,245][com.java.SeleniumDriver] [  820] - ------------------------------------------
[INFO ][2015-12-07 18:57:41,245][com.java.SeleniumDriver] [  821] - Test case being Executed: 6
[INFO ][2015-12-07 18:57:41,245][com.java.SeleniumDriver] [  832] - Test step:16
[INFO ][2015-12-07 18:57:41,245][com.java.SeleniumDriver] [  844] - Datavalue is----------HMVCurrentProject
[INFO ][2015-12-07 18:57:41,245][com.java.SeleniumDriver] [  868] - DataField : XPH//span[@id='lblProject']
[INFO ][2015-12-07 18:57:41,245][com.java.SeleniumDriver] [  870] - DataValue : HMVCurrentProject
[INFO ][2015-12-07 18:57:41,245][com.java.SeleniumDriver] [  876] - <In Set values of the page>
[INFO ][2015-12-07 18:57:41,245][com.java.SeleniumDriver] [  879] - {Data Fields & Data Values Exist}
[INFO ][2015-12-07 18:57:41,245][com.java.SeleniumDriver] [  881] - --------------------------setting values-----------------------------
[INFO ][2015-12-07 18:57:41,245][com.java.SeleniumDriver] [  884] - Action Type : VERIFY
[INFO ][2015-12-07 18:57:41,245][com.java.TestType] [ 6636] - field= XPH//span[@id='lblProject'] value= HMVCurrentProject
[INFO ][2015-12-07 18:57:41,245][com.java.TestType] [ 5430] - value = Dallas User Group
[INFO ][2015-12-07 18:57:41,386][com.java.SeleniumDriver] [  893] -  RESULT true
[INFO ][2015-12-07 18:57:41,386][com.java.SeleniumDriver] [ 1099] - ?   P A S S   ?
[INFO ][2015-12-07 18:57:41,386][com.java.SeleniumDriver] [  820] - ------------------------------------------
[INFO ][2015-12-07 18:57:41,386][com.java.SeleniumDriver] [  821] - Test case being Executed: 6
[INFO ][2015-12-07 18:57:41,386][com.java.SeleniumDriver] [  832] - Test step:17
[INFO ][2015-12-07 18:57:41,386][com.java.SeleniumDriver] [  844] - Datavalue is----------null
[DEBUG][2015-12-07 18:57:41,386][com.java.SeleniumDriver] [  862] - Exception: null
[INFO ][2015-12-07 18:57:41,386][com.java.SeleniumDriver] [  868] - DataField : HDNmenuTools
[INFO ][2015-12-07 18:57:41,386][com.java.SeleniumDriver] [  870] - DataValue : 
[INFO ][2015-12-07 18:57:41,386][com.java.SeleniumDriver] [  876] - <In Set values of the page>
[INFO ][2015-12-07 18:57:41,386][com.java.SeleniumDriver] [  879] - {Data Fields & Data Values Exist}
[INFO ][2015-12-07 18:57:41,386][com.java.SeleniumDriver] [  881] - --------------------------setting values-----------------------------
[INFO ][2015-12-07 18:57:41,386][com.java.SeleniumDriver] [  884] - Action Type : CLICK
[INFO ][2015-12-07 18:57:41,386][com.java.TestType] [ 5758] - Field ::HDNmenuTools
[INFO ][2015-12-07 18:57:43,527][com.java.SeleniumDriver] [  893] -  RESULT true
[INFO ][2015-12-07 18:57:43,527][com.java.SeleniumDriver] [ 1099] - ?   P A S S   ?
[INFO ][2015-12-07 18:57:43,527][com.java.SeleniumDriver] [  820] - ------------------------------------------
[INFO ][2015-12-07 18:57:43,527][com.java.SeleniumDriver] [  821] - Test case being Executed: 6
[INFO ][2015-12-07 18:57:43,527][com.java.SeleniumDriver] [  832] - Test step:18
[INFO ][2015-12-07 18:57:43,527][com.java.SeleniumDriver] [  844] - Datavalue is----------10
[INFO ][2015-12-07 18:57:43,527][com.java.SeleniumDriver] [  868] - DataField : DSPmenuSyncProject
[INFO ][2015-12-07 18:57:43,527][com.java.SeleniumDriver] [  870] - DataValue : 10
[INFO ][2015-12-07 18:57:43,527][com.java.SeleniumDriver] [  876] - <In Set values of the page>
[INFO ][2015-12-07 18:57:43,527][com.java.SeleniumDriver] [  879] - {Data Fields & Data Values Exist}
[INFO ][2015-12-07 18:57:43,527][com.java.SeleniumDriver] [  881] - --------------------------setting values-----------------------------
[INFO ][2015-12-07 18:57:43,527][com.java.SeleniumDriver] [  884] - Action Type : WAITFORELEMENT
[INFO ][2015-12-07 18:57:44,733][com.java.SeleniumDriver] [  893] -  RESULT true
[INFO ][2015-12-07 18:57:44,733][com.java.SeleniumDriver] [ 1099] - ?   P A S S   ?
[INFO ][2015-12-07 18:57:44,733][com.java.SeleniumDriver] [  820] - ------------------------------------------
[INFO ][2015-12-07 18:57:44,733][com.java.SeleniumDriver] [  821] - Test case being Executed: 6
[INFO ][2015-12-07 18:57:44,733][com.java.SeleniumDriver] [  832] - Test step:19
[INFO ][2015-12-07 18:57:44,733][com.java.SeleniumDriver] [  844] - Datavalue is----------null
[DEBUG][2015-12-07 18:57:44,733][com.java.SeleniumDriver] [  862] - Exception: null
[INFO ][2015-12-07 18:57:44,733][com.java.SeleniumDriver] [  868] - DataField : HDNmenuSyncProject
[INFO ][2015-12-07 18:57:44,733][com.java.SeleniumDriver] [  870] - DataValue : 
[INFO ][2015-12-07 18:57:44,733][com.java.SeleniumDriver] [  876] - <In Set values of the page>
[INFO ][2015-12-07 18:57:44,733][com.java.SeleniumDriver] [  879] - {Data Fields & Data Values Exist}
[INFO ][2015-12-07 18:57:44,733][com.java.SeleniumDriver] [  881] - --------------------------setting values-----------------------------
[INFO ][2015-12-07 18:57:44,733][com.java.SeleniumDriver] [  884] - Action Type : CLICK
[INFO ][2015-12-07 18:57:44,733][com.java.TestType] [ 5758] - Field ::HDNmenuSyncProject
[INFO ][2015-12-07 18:57:46,889][com.java.SeleniumDriver] [  893] -  RESULT true
[INFO ][2015-12-07 18:57:46,889][com.java.SeleniumDriver] [ 1099] - ?   P A S S   ?
[INFO ][2015-12-07 18:57:46,889][com.java.SeleniumDriver] [  820] - ------------------------------------------
[INFO ][2015-12-07 18:57:46,889][com.java.SeleniumDriver] [  821] - Test case being Executed: 6
[INFO ][2015-12-07 18:57:46,889][com.java.SeleniumDriver] [  832] - Test step:20
[INFO ][2015-12-07 18:57:46,889][com.java.SeleniumDriver] [  844] - Datavalue is----------2
[INFO ][2015-12-07 18:57:46,889][com.java.SeleniumDriver] [  868] - DataField : null
[INFO ][2015-12-07 18:57:46,889][com.java.SeleniumDriver] [  870] - DataValue : 2
[INFO ][2015-12-07 18:57:46,889][com.java.SeleniumDriver] [  876] - <In Set values of the page>
[INFO ][2015-12-07 18:57:46,889][com.java.SeleniumDriver] [  879] - {Data Fields & Data Values Exist}
[INFO ][2015-12-07 18:57:46,889][com.java.SeleniumDriver] [  881] - --------------------------setting values-----------------------------
[INFO ][2015-12-07 18:57:46,889][com.java.SeleniumDriver] [  884] - Action Type : WAITTIME
[DEBUG][2015-12-07 18:57:46,899][com.java.TestType] [ 5250] - sleepTime: 2000
[INFO ][2015-12-07 18:57:48,909][com.java.SeleniumDriver] [  893] -  RESULT true
[INFO ][2015-12-07 18:57:48,909][com.java.SeleniumDriver] [ 1099] - ?   P A S S   ?
[INFO ][2015-12-07 18:57:48,909][com.java.SeleniumDriver] [  820] - ------------------------------------------
[INFO ][2015-12-07 18:57:48,909][com.java.SeleniumDriver] [  821] - Test case being Executed: 6
[INFO ][2015-12-07 18:57:48,909][com.java.SeleniumDriver] [  832] - Test step:21
[INFO ][2015-12-07 18:57:48,909][com.java.SeleniumDriver] [  844] - Datavalue is----------Synchronize Historical
[INFO ][2015-12-07 18:57:48,909][com.java.SeleniumDriver] [  868] - DataField : XPH//span[@id='ui-dialog-title-mdDialog']
[INFO ][2015-12-07 18:57:48,909][com.java.SeleniumDriver] [  870] - DataValue : Synchronize Historical
[INFO ][2015-12-07 18:57:48,909][com.java.SeleniumDriver] [  876] - <In Set values of the page>
[INFO ][2015-12-07 18:57:48,909][com.java.SeleniumDriver] [  879] - {Data Fields & Data Values Exist}
[INFO ][2015-12-07 18:57:48,909][com.java.SeleniumDriver] [  881] - --------------------------setting values-----------------------------
[INFO ][2015-12-07 18:57:48,909][com.java.SeleniumDriver] [  884] - Action Type : VERIFY
[INFO ][2015-12-07 18:57:48,909][com.java.TestType] [ 6636] - field= XPH//span[@id='ui-dialog-title-mdDialog'] value= Synchronize Historical
[INFO ][2015-12-07 18:57:48,909][com.java.TestType] [ 5430] - value = Synchronize Historical
[INFO ][2015-12-07 18:57:49,040][com.java.SeleniumDriver] [  893] -  RESULT true
[INFO ][2015-12-07 18:57:49,040][com.java.SeleniumDriver] [ 1099] - ?   P A S S   ?
[INFO ][2015-12-07 18:57:49,040][com.java.SeleniumDriver] [  820] - ------------------------------------------
[INFO ][2015-12-07 18:57:49,040][com.java.SeleniumDriver] [  821] - Test case being Executed: 6
[INFO ][2015-12-07 18:57:49,040][com.java.SeleniumDriver] [  832] - Test step:22
[INFO ][2015-12-07 18:57:49,040][com.java.SeleniumDriver] [  844] - Datavalue is----------null
[DEBUG][2015-12-07 18:57:49,040][com.java.SeleniumDriver] [  862] - Exception: null
[INFO ][2015-12-07 18:57:49,040][com.java.SeleniumDriver] [  868] - DataField : BTNframeDialogContent
[INFO ][2015-12-07 18:57:49,040][com.java.SeleniumDriver] [  870] - DataValue : 
[INFO ][2015-12-07 18:57:49,040][com.java.SeleniumDriver] [  876] - <In Set values of the page>
[INFO ][2015-12-07 18:57:49,040][com.java.SeleniumDriver] [  879] - {Data Fields & Data Values Exist}
[INFO ][2015-12-07 18:57:49,040][com.java.SeleniumDriver] [  881] - --------------------------setting values-----------------------------
[INFO ][2015-12-07 18:57:49,040][com.java.SeleniumDriver] [  884] - Action Type : SELECTFRAME
[INFO ][2015-12-07 18:57:50,191][com.java.SeleniumDriver] [  893] -  RESULT true
[INFO ][2015-12-07 18:57:50,191][com.java.SeleniumDriver] [ 1099] - ?   P A S S   ?
[INFO ][2015-12-07 18:57:50,191][com.java.SeleniumDriver] [  820] - ------------------------------------------
[INFO ][2015-12-07 18:57:50,191][com.java.SeleniumDriver] [  821] - Test case being Executed: 6
[INFO ][2015-12-07 18:57:50,191][com.java.SeleniumDriver] [  832] - Test step:23
[INFO ][2015-12-07 18:57:50,191][com.java.SeleniumDriver] [  844] - Datavalue is----------index:1
[INFO ][2015-12-07 18:57:50,191][com.java.SeleniumDriver] [  868] - DataField : COBddlSyncThruDate
[INFO ][2015-12-07 18:57:50,191][com.java.SeleniumDriver] [  870] - DataValue : index:1
[INFO ][2015-12-07 18:57:50,191][com.java.SeleniumDriver] [  876] - <In Set values of the page>
[INFO ][2015-12-07 18:57:50,191][com.java.SeleniumDriver] [  879] - {Data Fields & Data Values Exist}
[INFO ][2015-12-07 18:57:50,191][com.java.SeleniumDriver] [  881] - --------------------------setting values-----------------------------
[INFO ][2015-12-07 18:57:50,191][com.java.SeleniumDriver] [  884] - Action Type : SELECT
[INFO ][2015-12-07 18:57:50,191][com.java.TestType] [ 5430] - value = 1
[INFO ][2015-12-07 18:57:51,282][com.java.TestType] [ 5548] -  In COB ddlSyncThruDate : 1
[INFO ][2015-12-07 18:57:51,422][com.java.SeleniumDriver] [  893] -  RESULT true
[INFO ][2015-12-07 18:57:51,422][com.java.SeleniumDriver] [ 1099] - ?   P A S S   ?
[INFO ][2015-12-07 18:57:51,422][com.java.SeleniumDriver] [  820] - ------------------------------------------
[INFO ][2015-12-07 18:57:51,422][com.java.SeleniumDriver] [  821] - Test case being Executed: 6
[INFO ][2015-12-07 18:57:51,422][com.java.SeleniumDriver] [  832] - Test step:24
[INFO ][2015-12-07 18:57:51,422][com.java.SeleniumDriver] [  844] - Datavalue is----------null
[DEBUG][2015-12-07 18:57:51,422][com.java.SeleniumDriver] [  862] - Exception: null
[INFO ][2015-12-07 18:57:51,422][com.java.SeleniumDriver] [  868] - DataField : HDNrdoLLABS
[INFO ][2015-12-07 18:57:51,422][com.java.SeleniumDriver] [  870] - DataValue : 
[INFO ][2015-12-07 18:57:51,422][com.java.SeleniumDriver] [  876] - <In Set values of the page>
[INFO ][2015-12-07 18:57:51,422][com.java.SeleniumDriver] [  879] - {Data Fields & Data Values Exist}
[INFO ][2015-12-07 18:57:51,422][com.java.SeleniumDriver] [  881] - --------------------------setting values-----------------------------
[INFO ][2015-12-07 18:57:51,422][com.java.SeleniumDriver] [  884] - Action Type : CLICK
[INFO ][2015-12-07 18:57:51,422][com.java.TestType] [ 5758] - Field ::HDNrdoLLABS
[INFO ][2015-12-07 18:57:53,503][com.java.SeleniumDriver] [  893] -  RESULT true
[INFO ][2015-12-07 18:57:53,503][com.java.SeleniumDriver] [ 1099] - ?   P A S S   ?
[INFO ][2015-12-07 18:57:53,503][com.java.SeleniumDriver] [  820] - ------------------------------------------
[INFO ][2015-12-07 18:57:53,503][com.java.SeleniumDriver] [  821] - Test case being Executed: 6
[INFO ][2015-12-07 18:57:53,503][com.java.SeleniumDriver] [  832] - Test step:25
[INFO ][2015-12-07 18:57:53,503][com.java.SeleniumDriver] [  844] - Datavalue is----------null
[DEBUG][2015-12-07 18:57:53,503][com.java.SeleniumDriver] [  862] - Exception: null
[INFO ][2015-12-07 18:57:53,503][com.java.SeleniumDriver] [  868] - DataField : HDNbtnSynchronize
[INFO ][2015-12-07 18:57:53,503][com.java.SeleniumDriver] [  870] - DataValue : 
[INFO ][2015-12-07 18:57:53,503][com.java.SeleniumDriver] [  876] - <In Set values of the page>
[INFO ][2015-12-07 18:57:53,503][com.java.SeleniumDriver] [  879] - {Data Fields & Data Values Exist}
[INFO ][2015-12-07 18:57:53,503][com.java.SeleniumDriver] [  881] - --------------------------setting values-----------------------------
[INFO ][2015-12-07 18:57:53,503][com.java.SeleniumDriver] [  884] - Action Type : CLICK
[INFO ][2015-12-07 18:57:53,503][com.java.TestType] [ 5758] - Field ::HDNbtnSynchronize
[INFO ][2015-12-07 18:57:55,869][com.java.SeleniumDriver] [  893] -  RESULT true
[INFO ][2015-12-07 18:57:55,869][com.java.SeleniumDriver] [ 1099] - ?   P A S S   ?
[INFO ][2015-12-07 18:57:55,869][com.java.SeleniumDriver] [  820] - ------------------------------------------
[INFO ][2015-12-07 18:57:55,869][com.java.SeleniumDriver] [  821] - Test case being Executed: 6
[INFO ][2015-12-07 18:57:55,869][com.java.SeleniumDriver] [  832] - Test step:26
[INFO ][2015-12-07 18:57:55,879][com.java.SeleniumDriver] [  844] - Datavalue is----------OK
[INFO ][2015-12-07 18:57:55,879][com.java.SeleniumDriver] [  868] - DataField : CNF
[INFO ][2015-12-07 18:57:55,879][com.java.SeleniumDriver] [  870] - DataValue : OK
[INFO ][2015-12-07 18:57:55,879][com.java.SeleniumDriver] [  876] - <In Set values of the page>
[INFO ][2015-12-07 18:57:55,879][com.java.SeleniumDriver] [  879] - {Data Fields & Data Values Exist}
[INFO ][2015-12-07 18:57:55,879][com.java.SeleniumDriver] [  881] - --------------------------setting values-----------------------------
[INFO ][2015-12-07 18:57:55,879][com.java.SeleniumDriver] [  884] - Action Type : Click
[INFO ][2015-12-07 18:57:55,879][com.java.TestType] [ 5758] - Field ::CNF
[ERROR][2015-12-07 18:57:56,994][com.java.TestType] [ 6026] - Exception in click:: No alert is active (WARNING: The server did not provide any stacktrace information)
Command duration or timeout: 100 milliseconds
Build info: version: '2.48.2', revision: '41bccdd', time: '2015-10-09 19:59:12'
System info: host: 'FVTIII438F1D', ip: '172.17.68.34', os.name: 'Windows 7', os.arch: 'x86', os.version: '6.1', java.version: '1.7.0_55'
Session ID: 5312dab7-4b55-4d17-ba8d-5d592586b8c3
Driver info: org.openqa.selenium.ie.InternetExplorerDriver
Capabilities [{platform=WINDOWS, javascriptEnabled=true, elementScrollBehavior=0, ignoreZoomSetting=false, enablePersistentHover=true, ie.ensureCleanSession=false, browserName=internet explorer, enableElementCacheCleanup=true, unexpectedAlertBehaviour=dismiss, version=10, ie.usePerProcessProxy=false, ignoreProtectedModeSettings=true, cssSelectorsEnabled=true, requireWindowFocus=false, initialBrowserUrl=http://localhost:47081/, handlesAlerts=true, ie.forceCreateProcessApi=false, nativeEvents=true, browserAttachTimeout=0, ie.browserCommandLineSwitches=, takesScreenshot=true}]
[INFO ][2015-12-07 18:57:56,994][com.java.TestType] [ 6030] - Element :::: not found
[INFO ][2015-12-07 18:57:56,994][com.java.SeleniumDriver] [  893] -  RESULT false
[INFO ][2015-12-07 18:57:56,994][com.java.SeleniumDriver] [  940] - ?   F A I L   ?
[INFO ][2015-12-07 18:57:56,994][com.java.SeleniumDriver] [  948] - Browser Type : IE10
[INFO ][2015-12-07 18:57:56,994][com.java.SeleniumDriver] [  949] - Adding Failed case6
[DEBUG][2015-12-07 18:58:07,216][com.java.SeleniumDriver] [ 1017] -  tdd.getCondition() IF:69:Next
[INFO ][2015-12-07 18:58:07,216][com.java.SeleniumDriver] [ 1021] - Continue next step...
[INFO ][2015-12-07 18:58:07,216][com.java.SeleniumDriver] [  820] - ------------------------------------------
[INFO ][2015-12-07 18:58:07,216][com.java.SeleniumDriver] [  821] - Test case being Executed: 6
[INFO ][2015-12-07 18:58:07,216][com.java.SeleniumDriver] [  832] - Test step:27
[INFO ][2015-12-07 18:58:07,216][com.java.SeleniumDriver] [  844] - Datavalue is----------null
[DEBUG][2015-12-07 18:58:07,216][com.java.SeleniumDriver] [  862] - Exception: null
[INFO ][2015-12-07 18:58:07,216][com.java.SeleniumDriver] [  868] - DataField : BTNParent
[INFO ][2015-12-07 18:58:07,216][com.java.SeleniumDriver] [  870] - DataValue : 
[INFO ][2015-12-07 18:58:07,216][com.java.SeleniumDriver] [  876] - <In Set values of the page>
[INFO ][2015-12-07 18:58:07,216][com.java.SeleniumDriver] [  879] - {Data Fields & Data Values Exist}
[INFO ][2015-12-07 18:58:07,216][com.java.SeleniumDriver] [  881] - --------------------------setting values-----------------------------
[INFO ][2015-12-07 18:58:07,216][com.java.SeleniumDriver] [  884] - Action Type : SELECTFRAME
[INFO ][2015-12-07 18:58:07,217][com.java.SeleniumDriver] [  893] -  RESULT true
[INFO ][2015-12-07 18:58:07,217][com.java.SeleniumDriver] [ 1099] - ?   P A S S   ?
[INFO ][2015-12-07 18:58:07,217][com.java.SeleniumDriver] [  820] - ------------------------------------------
[INFO ][2015-12-07 18:58:07,217][com.java.SeleniumDriver] [  821] - Test case being Executed: 6
[INFO ][2015-12-07 18:58:07,217][com.java.SeleniumDriver] [  832] - Test step:28
[INFO ][2015-12-07 18:58:07,217][com.java.SeleniumDriver] [  844] - Datavalue is----------Synchronize in Progress
[INFO ][2015-12-07 18:58:07,217][com.java.SeleniumDriver] [  868] - DataField : XPH//span[@id='ui-dialog-title-mdDialog']
[INFO ][2015-12-07 18:58:07,217][com.java.SeleniumDriver] [  870] - DataValue : Synchronize in Progress
[INFO ][2015-12-07 18:58:07,217][com.java.SeleniumDriver] [  876] - <In Set values of the page>
[INFO ][2015-12-07 18:58:07,217][com.java.SeleniumDriver] [  879] - {Data Fields & Data Values Exist}
[INFO ][2015-12-07 18:58:07,217][com.java.SeleniumDriver] [  881] - --------------------------setting values-----------------------------
[INFO ][2015-12-07 18:58:07,217][com.java.SeleniumDriver] [  884] - Action Type : VERIFY
[INFO ][2015-12-07 18:58:07,217][com.java.TestType] [ 6636] - field= XPH//span[@id='ui-dialog-title-mdDialog'] value= Synchronize in Progress
[INFO ][2015-12-07 18:58:07,217][com.java.TestType] [ 5430] - value = Synchronize in Progress
[INFO ][2015-12-07 18:58:07,367][com.java.SeleniumDriver] [  893] -  RESULT true
[INFO ][2015-12-07 18:58:07,367][com.java.SeleniumDriver] [ 1099] - ?   P A S S   ?
[INFO ][2015-12-07 18:58:07,367][com.java.SeleniumDriver] [  820] - ------------------------------------------
[INFO ][2015-12-07 18:58:07,367][com.java.SeleniumDriver] [  821] - Test case being Executed: 6
[INFO ][2015-12-07 18:58:07,367][com.java.SeleniumDriver] [  832] - Test step:29
[INFO ][2015-12-07 18:58:07,367][com.java.SeleniumDriver] [  844] - Datavalue is----------null
[DEBUG][2015-12-07 18:58:07,367][com.java.SeleniumDriver] [  862] - Exception: null
[INFO ][2015-12-07 18:58:07,367][com.java.SeleniumDriver] [  868] - DataField : BTNframeDialogContent
[INFO ][2015-12-07 18:58:07,367][com.java.SeleniumDriver] [  870] - DataValue : 
[INFO ][2015-12-07 18:58:07,367][com.java.SeleniumDriver] [  876] - <In Set values of the page>
[INFO ][2015-12-07 18:58:07,367][com.java.SeleniumDriver] [  879] - {Data Fields & Data Values Exist}
[INFO ][2015-12-07 18:58:07,367][com.java.SeleniumDriver] [  881] - --------------------------setting values-----------------------------
[INFO ][2015-12-07 18:58:07,367][com.java.SeleniumDriver] [  884] - Action Type : SELECTFRAME
[INFO ][2015-12-07 18:58:08,508][com.java.SeleniumDriver] [  893] -  RESULT true
[INFO ][2015-12-07 18:58:08,508][com.java.SeleniumDriver] [ 1099] - ?   P A S S   ?
[INFO ][2015-12-07 18:58:08,508][com.java.SeleniumDriver] [  820] - ------------------------------------------
[INFO ][2015-12-07 18:58:08,508][com.java.SeleniumDriver] [  821] - Test case being Executed: 6
[INFO ][2015-12-07 18:58:08,508][com.java.SeleniumDriver] [  832] - Test step:30
[INFO ][2015-12-07 18:58:08,508][com.java.SeleniumDriver] [  844] - Datavalue is----------Your project is now being resynchronized.
[INFO ][2015-12-07 18:58:08,508][com.java.SeleniumDriver] [  868] - DataField : XPH//td[@id='lblEmail']
[INFO ][2015-12-07 18:58:08,508][com.java.SeleniumDriver] [  870] - DataValue : Your project is now being resynchronized.
[INFO ][2015-12-07 18:58:08,508][com.java.SeleniumDriver] [  876] - <In Set values of the page>
[INFO ][2015-12-07 18:58:08,508][com.java.SeleniumDriver] [  879] - {Data Fields & Data Values Exist}
[INFO ][2015-12-07 18:58:08,508][com.java.SeleniumDriver] [  881] - --------------------------setting values-----------------------------
[INFO ][2015-12-07 18:58:08,508][com.java.SeleniumDriver] [  884] - Action Type : VERIFY
[INFO ][2015-12-07 18:58:08,508][com.java.TestType] [ 6636] - field= XPH//td[@id='lblEmail'] value= Your project is now being resynchronized.
[INFO ][2015-12-07 18:58:08,508][com.java.TestType] [ 5430] - value = Your project is now being resynchronized.
[INFO ][2015-12-07 18:58:08,598][com.java.SeleniumDriver] [  893] -  RESULT true
[INFO ][2015-12-07 18:58:08,598][com.java.SeleniumDriver] [ 1099] - ?   P A S S   ?
[INFO ][2015-12-07 18:58:08,598][com.java.SeleniumDriver] [  820] - ------------------------------------------
[INFO ][2015-12-07 18:58:08,598][com.java.SeleniumDriver] [  821] - Test case being Executed: 6
[INFO ][2015-12-07 18:58:08,598][com.java.SeleniumDriver] [  832] - Test step:31
[INFO ][2015-12-07 18:58:08,598][com.java.SeleniumDriver] [  844] - Datavalue is----------null
[DEBUG][2015-12-07 18:58:08,598][com.java.SeleniumDriver] [  862] - Exception: null
[INFO ][2015-12-07 18:58:08,598][com.java.SeleniumDriver] [  868] - DataField : HDNbtnClose
[INFO ][2015-12-07 18:58:08,598][com.java.SeleniumDriver] [  870] - DataValue : 
[INFO ][2015-12-07 18:58:08,598][com.java.SeleniumDriver] [  876] - <In Set values of the page>
[INFO ][2015-12-07 18:58:08,598][com.java.SeleniumDriver] [  879] - {Data Fields & Data Values Exist}
[INFO ][2015-12-07 18:58:08,598][com.java.SeleniumDriver] [  881] - --------------------------setting values-----------------------------
[INFO ][2015-12-07 18:58:08,598][com.java.SeleniumDriver] [  884] - Action Type : CLICK
[INFO ][2015-12-07 18:58:08,598][com.java.TestType] [ 5758] - Field ::HDNbtnClose
[INFO ][2015-12-07 18:58:10,939][com.java.SeleniumDriver] [  893] -  RESULT true
[INFO ][2015-12-07 18:58:10,939][com.java.SeleniumDriver] [ 1099] - ?   P A S S   ?
[INFO ][2015-12-07 18:58:10,939][com.java.SeleniumDriver] [  820] - ------------------------------------------
[INFO ][2015-12-07 18:58:10,939][com.java.SeleniumDriver] [  821] - Test case being Executed: 6
[INFO ][2015-12-07 18:58:10,939][com.java.SeleniumDriver] [  832] - Test step:32
[INFO ][2015-12-07 18:58:10,939][com.java.SeleniumDriver] [  844] - Datavalue is----------Banker'sDashboard
[INFO ][2015-12-07 18:58:10,939][com.java.SeleniumDriver] [  868] - DataField : TTL
[INFO ][2015-12-07 18:58:10,939][com.java.SeleniumDriver] [  870] - DataValue : Banker'sDashboard
[INFO ][2015-12-07 18:58:10,939][com.java.SeleniumDriver] [  876] - <In Set values of the page>
[INFO ][2015-12-07 18:58:10,939][com.java.SeleniumDriver] [  879] - {Data Fields & Data Values Exist}
[INFO ][2015-12-07 18:58:10,939][com.java.SeleniumDriver] [  881] - --------------------------setting values-----------------------------
[INFO ][2015-12-07 18:58:10,939][com.java.SeleniumDriver] [  884] - Action Type : SelectWindow
[INFO ][2015-12-07 18:58:23,414][com.java.SeleniumDriver] [  893] -  RESULT true
[INFO ][2015-12-07 18:58:23,414][com.java.SeleniumDriver] [ 1099] - ?   P A S S   ?
[INFO ][2015-12-07 18:58:23,414][com.java.SeleniumDriver] [  820] - ------------------------------------------
[INFO ][2015-12-07 18:58:23,414][com.java.SeleniumDriver] [  821] - Test case being Executed: 6
[INFO ][2015-12-07 18:58:23,414][com.java.SeleniumDriver] [  832] - Test step:33
[INFO ][2015-12-07 18:58:23,414][com.java.SeleniumDriver] [  844] - Datavalue is----------5
[INFO ][2015-12-07 18:58:23,414][com.java.SeleniumDriver] [  868] - DataField : null
[INFO ][2015-12-07 18:58:23,414][com.java.SeleniumDriver] [  870] - DataValue : 5
[INFO ][2015-12-07 18:58:23,414][com.java.SeleniumDriver] [  876] - <In Set values of the page>
[INFO ][2015-12-07 18:58:23,414][com.java.SeleniumDriver] [  879] - {Data Fields & Data Values Exist}
[INFO ][2015-12-07 18:58:23,414][com.java.SeleniumDriver] [  881] - --------------------------setting values-----------------------------
[INFO ][2015-12-07 18:58:23,414][com.java.SeleniumDriver] [  884] - Action Type : WAITTIME
[DEBUG][2015-12-07 18:58:23,414][com.java.TestType] [ 5250] - sleepTime: 5000
[INFO ][2015-12-07 18:58:28,414][com.java.SeleniumDriver] [  893] -  RESULT true
[INFO ][2015-12-07 18:58:28,414][com.java.SeleniumDriver] [ 1099] - ?   P A S S   ?
[INFO ][2015-12-07 18:58:28,414][com.java.SeleniumDriver] [  820] - ------------------------------------------
[INFO ][2015-12-07 18:58:28,414][com.java.SeleniumDriver] [  821] - Test case being Executed: 6
[INFO ][2015-12-07 18:58:28,414][com.java.SeleniumDriver] [  832] - Test step:34
[INFO ][2015-12-07 18:58:28,414][com.java.SeleniumDriver] [  844] - Datavalue is----------null
[DEBUG][2015-12-07 18:58:28,414][com.java.SeleniumDriver] [  862] - Exception: null
[INFO ][2015-12-07 18:58:28,414][com.java.SeleniumDriver] [  868] - DataField : //span[@class='icon-stats']&&//a[@data-id="Forecasting"]
[INFO ][2015-12-07 18:58:28,414][com.java.SeleniumDriver] [  870] - DataValue : 
[INFO ][2015-12-07 18:58:28,414][com.java.SeleniumDriver] [  876] - <In Set values of the page>
[INFO ][2015-12-07 18:58:28,414][com.java.SeleniumDriver] [  879] - {Data Fields & Data Values Exist}
[INFO ][2015-12-07 18:58:28,414][com.java.SeleniumDriver] [  881] - --------------------------setting values-----------------------------
[INFO ][2015-12-07 18:58:28,414][com.java.SeleniumDriver] [  884] - Action Type : MOUSEOVER
[INFO ][2015-12-07 18:58:51,307][com.java.SeleniumDriver] [  893] -  RESULT true
[INFO ][2015-12-07 18:58:51,307][com.java.SeleniumDriver] [ 1099] - ?   P A S S   ?
[INFO ][2015-12-07 18:58:51,307][com.java.SeleniumDriver] [  820] - ------------------------------------------
[INFO ][2015-12-07 18:58:51,307][com.java.SeleniumDriver] [  821] - Test case being Executed: 6
[INFO ][2015-12-07 18:58:51,307][com.java.SeleniumDriver] [  832] - Test step:35
[INFO ][2015-12-07 18:58:51,307][com.java.SeleniumDriver] [  844] - Datavalue is----------5
[INFO ][2015-12-07 18:58:51,307][com.java.SeleniumDriver] [  868] - DataField : null
[INFO ][2015-12-07 18:58:51,307][com.java.SeleniumDriver] [  870] - DataValue : 5
[INFO ][2015-12-07 18:58:51,307][com.java.SeleniumDriver] [  876] - <In Set values of the page>
[INFO ][2015-12-07 18:58:51,307][com.java.SeleniumDriver] [  879] - {Data Fields & Data Values Exist}
[INFO ][2015-12-07 18:58:51,307][com.java.SeleniumDriver] [  881] - --------------------------setting values-----------------------------
[INFO ][2015-12-07 18:58:51,307][com.java.SeleniumDriver] [  884] - Action Type : WAITTIME
[DEBUG][2015-12-07 18:58:51,307][com.java.TestType] [ 5250] - sleepTime: 5000
[INFO ][2015-12-07 18:58:56,313][com.java.SeleniumDriver] [  893] -  RESULT true
[INFO ][2015-12-07 18:58:56,313][com.java.SeleniumDriver] [ 1099] - ?   P A S S   ?
[INFO ][2015-12-07 18:58:56,313][com.java.SeleniumDriver] [  820] - ------------------------------------------
[INFO ][2015-12-07 18:58:56,313][com.java.SeleniumDriver] [  821] - Test case being Executed: 6
[INFO ][2015-12-07 18:58:56,313][com.java.SeleniumDriver] [  832] - Test step:36
[INFO ][2015-12-07 18:58:56,313][com.java.SeleniumDriver] [  844] - Datavalue is----------Forecasting 
[INFO ][2015-12-07 18:58:56,313][com.java.SeleniumDriver] [  868] - DataField : TTL
[INFO ][2015-12-07 18:58:56,313][com.java.SeleniumDriver] [  870] - DataValue : Forecasting 
[INFO ][2015-12-07 18:58:56,313][com.java.SeleniumDriver] [  876] - <In Set values of the page>
[INFO ][2015-12-07 18:58:56,313][com.java.SeleniumDriver] [  879] - {Data Fields & Data Values Exist}
[INFO ][2015-12-07 18:58:56,313][com.java.SeleniumDriver] [  881] - --------------------------setting values-----------------------------
[INFO ][2015-12-07 18:58:56,313][com.java.SeleniumDriver] [  884] - Action Type : SELECTWINDOW
[INFO ][2015-12-07 18:59:08,890][com.java.SeleniumDriver] [  893] -  RESULT true
[INFO ][2015-12-07 18:59:08,890][com.java.SeleniumDriver] [ 1099] - ?   P A S S   ?
[INFO ][2015-12-07 18:59:08,890][com.java.SeleniumDriver] [  820] - ------------------------------------------
[INFO ][2015-12-07 18:59:08,890][com.java.SeleniumDriver] [  821] - Test case being Executed: 6
[INFO ][2015-12-07 18:59:08,890][com.java.SeleniumDriver] [  832] - Test step:37
[INFO ][2015-12-07 18:59:08,890][com.java.SeleniumDriver] [  844] - Datavalue is----------null
[DEBUG][2015-12-07 18:59:08,890][com.java.SeleniumDriver] [  862] - Exception: null
[INFO ][2015-12-07 18:59:08,890][com.java.SeleniumDriver] [  868] - DataField : BTNframeDialogContent
[INFO ][2015-12-07 18:59:08,890][com.java.SeleniumDriver] [  870] - DataValue : 
[INFO ][2015-12-07 18:59:08,890][com.java.SeleniumDriver] [  876] - <In Set values of the page>
[INFO ][2015-12-07 18:59:08,890][com.java.SeleniumDriver] [  879] - {Data Fields & Data Values Exist}
[INFO ][2015-12-07 18:59:08,890][com.java.SeleniumDriver] [  881] - --------------------------setting values-----------------------------
[INFO ][2015-12-07 18:59:08,890][com.java.SeleniumDriver] [  884] - Action Type : SELECTFRAME
[INFO ][2015-12-07 18:59:10,008][com.java.SeleniumDriver] [  893] -  RESULT true
[INFO ][2015-12-07 18:59:10,008][com.java.SeleniumDriver] [ 1099] - ?   P A S S   ?
[INFO ][2015-12-07 18:59:10,008][com.java.SeleniumDriver] [  820] - ------------------------------------------
[INFO ][2015-12-07 18:59:10,008][com.java.SeleniumDriver] [  821] - Test case being Executed: 6
[INFO ][2015-12-07 18:59:10,008][com.java.SeleniumDriver] [  832] - Test step:38
[INFO ][2015-12-07 18:59:10,008][com.java.SeleniumDriver] [  844] - Datavalue is----------10
[INFO ][2015-12-07 18:59:10,008][com.java.SeleniumDriver] [  868] - DataField : DSPddlProjects
[INFO ][2015-12-07 18:59:10,008][com.java.SeleniumDriver] [  870] - DataValue : 10
[INFO ][2015-12-07 18:59:10,008][com.java.SeleniumDriver] [  876] - <In Set values of the page>
[INFO ][2015-12-07 18:59:10,008][com.java.SeleniumDriver] [  879] - {Data Fields & Data Values Exist}
[INFO ][2015-12-07 18:59:10,008][com.java.SeleniumDriver] [  881] - --------------------------setting values-----------------------------
[INFO ][2015-12-07 18:59:10,008][com.java.SeleniumDriver] [  884] - Action Type : WAITFORELEMENT
[INFO ][2015-12-07 18:59:11,091][com.java.SeleniumDriver] [  893] -  RESULT true
[INFO ][2015-12-07 18:59:11,091][com.java.SeleniumDriver] [ 1099] - ?   P A S S   ?
[INFO ][2015-12-07 18:59:11,092][com.java.SeleniumDriver] [  820] - ------------------------------------------
[INFO ][2015-12-07 18:59:11,092][com.java.SeleniumDriver] [  821] - Test case being Executed: 6
[INFO ][2015-12-07 18:59:11,092][com.java.SeleniumDriver] [  832] - Test step:39
[INFO ][2015-12-07 18:59:11,092][com.java.SeleniumDriver] [  844] - Datavalue is----------HMVCurrentProject
[INFO ][2015-12-07 18:59:11,092][com.java.SeleniumDriver] [  868] - DataField : XPHddlProjects
[INFO ][2015-12-07 18:59:11,092][com.java.SeleniumDriver] [  870] - DataValue : HMVCurrentProject
[INFO ][2015-12-07 18:59:11,092][com.java.SeleniumDriver] [  876] - <In Set values of the page>
[INFO ][2015-12-07 18:59:11,092][com.java.SeleniumDriver] [  879] - {Data Fields & Data Values Exist}
[INFO ][2015-12-07 18:59:11,092][com.java.SeleniumDriver] [  881] - --------------------------setting values-----------------------------
[INFO ][2015-12-07 18:59:11,092][com.java.SeleniumDriver] [  884] - Action Type : VERIFYNOTPRESENT
[INFO ][2015-12-07 18:59:11,092][com.java.TestType] [ 8090] - field= XPHddlProjects value= HMVCurrentProject
[INFO ][2015-12-07 18:59:12,233][com.java.SeleniumDriver] [  893] -  RESULT true
[INFO ][2015-12-07 18:59:12,233][com.java.SeleniumDriver] [ 1099] - ?   P A S S   ?
[INFO ][2015-12-07 18:59:12,233][com.java.SeleniumDriver] [  820] - ------------------------------------------
[INFO ][2015-12-07 18:59:12,233][com.java.SeleniumDriver] [  821] - Test case being Executed: 6
[INFO ][2015-12-07 18:59:12,233][com.java.SeleniumDriver] [  832] - Test step:40
[INFO ][2015-12-07 18:59:12,233][com.java.SeleniumDriver] [  844] - Datavalue is----------null
[DEBUG][2015-12-07 18:59:12,233][com.java.SeleniumDriver] [  862] - Exception: null
[INFO ][2015-12-07 18:59:12,233][com.java.SeleniumDriver] [  868] - DataField : BTNParent
[INFO ][2015-12-07 18:59:12,233][com.java.SeleniumDriver] [  870] - DataValue : 
[INFO ][2015-12-07 18:59:12,233][com.java.SeleniumDriver] [  876] - <In Set values of the page>
[INFO ][2015-12-07 18:59:12,233][com.java.SeleniumDriver] [  879] - {Data Fields & Data Values Exist}
[INFO ][2015-12-07 18:59:12,233][com.java.SeleniumDriver] [  881] - --------------------------setting values-----------------------------
[INFO ][2015-12-07 18:59:12,233][com.java.SeleniumDriver] [  884] - Action Type : SELECTFRAME
[INFO ][2015-12-07 18:59:12,243][com.java.SeleniumDriver] [  893] -  RESULT true
[INFO ][2015-12-07 18:59:12,243][com.java.SeleniumDriver] [ 1099] - ?   P A S S   ?
[INFO ][2015-12-07 18:59:12,243][com.java.SeleniumDriver] [  820] - ------------------------------------------
[INFO ][2015-12-07 18:59:12,243][com.java.SeleniumDriver] [  821] - Test case being Executed: 6
[INFO ][2015-12-07 18:59:12,243][com.java.SeleniumDriver] [  832] - Test step:41
[INFO ][2015-12-07 18:59:12,243][com.java.SeleniumDriver] [  844] - Datavalue is----------Forecasting 
[INFO ][2015-12-07 18:59:12,243][com.java.SeleniumDriver] [  868] - DataField : TTL
[INFO ][2015-12-07 18:59:12,243][com.java.SeleniumDriver] [  870] - DataValue : Forecasting 
[INFO ][2015-12-07 18:59:12,243][com.java.SeleniumDriver] [  876] - <In Set values of the page>
[INFO ][2015-12-07 18:59:12,243][com.java.SeleniumDriver] [  879] - {Data Fields & Data Values Exist}
[INFO ][2015-12-07 18:59:12,243][com.java.SeleniumDriver] [  881] - --------------------------setting values-----------------------------
[INFO ][2015-12-07 18:59:12,243][com.java.SeleniumDriver] [  884] - Action Type : CLOSEWINDOW
[INFO ][2015-12-07 18:59:12,533][com.java.SeleniumDriver] [  893] -  RESULT true
[INFO ][2015-12-07 18:59:12,533][com.java.SeleniumDriver] [ 1099] - ?   P A S S   ?
[INFO ][2015-12-07 18:59:12,533][com.java.SeleniumDriver] [  820] - ------------------------------------------
[INFO ][2015-12-07 18:59:12,533][com.java.SeleniumDriver] [  821] - Test case being Executed: 6
[INFO ][2015-12-07 18:59:12,533][com.java.SeleniumDriver] [  832] - Test step:42
[INFO ][2015-12-07 18:59:12,533][com.java.SeleniumDriver] [  844] - Datavalue is----------5
[INFO ][2015-12-07 18:59:12,533][com.java.SeleniumDriver] [  868] - DataField : null
[INFO ][2015-12-07 18:59:12,533][com.java.SeleniumDriver] [  870] - DataValue : 5
[INFO ][2015-12-07 18:59:12,533][com.java.SeleniumDriver] [  876] - <In Set values of the page>
[INFO ][2015-12-07 18:59:12,533][com.java.SeleniumDriver] [  879] - {Data Fields & Data Values Exist}
[INFO ][2015-12-07 18:59:12,533][com.java.SeleniumDriver] [  881] - --------------------------setting values-----------------------------
[INFO ][2015-12-07 18:59:12,533][com.java.SeleniumDriver] [  884] - Action Type : WAITTIME
[DEBUG][2015-12-07 18:59:12,533][com.java.TestType] [ 5250] - sleepTime: 5000
[INFO ][2015-12-07 18:59:17,533][com.java.SeleniumDriver] [  893] -  RESULT true
[INFO ][2015-12-07 18:59:17,533][com.java.SeleniumDriver] [ 1099] - ?   P A S S   ?
[INFO ][2015-12-07 18:59:17,533][com.java.SeleniumDriver] [  820] - ------------------------------------------
[INFO ][2015-12-07 18:59:17,533][com.java.SeleniumDriver] [  821] - Test case being Executed: 6
[INFO ][2015-12-07 18:59:17,533][com.java.SeleniumDriver] [  832] - Test step:43
[INFO ][2015-12-07 18:59:17,533][com.java.SeleniumDriver] [  844] - Datavalue is----------Banker'sDashboard
[INFO ][2015-12-07 18:59:17,533][com.java.SeleniumDriver] [  868] - DataField : TTL
[INFO ][2015-12-07 18:59:17,533][com.java.SeleniumDriver] [  870] - DataValue : Banker'sDashboard
[INFO ][2015-12-07 18:59:17,533][com.java.SeleniumDriver] [  876] - <In Set values of the page>
[INFO ][2015-12-07 18:59:17,533][com.java.SeleniumDriver] [  879] - {Data Fields & Data Values Exist}
[INFO ][2015-12-07 18:59:17,533][com.java.SeleniumDriver] [  881] - --------------------------setting values-----------------------------
[INFO ][2015-12-07 18:59:17,533][com.java.SeleniumDriver] [  884] - Action Type : SelectWindow
[INFO ][2015-12-07 18:59:29,965][com.java.SeleniumDriver] [  893] -  RESULT true
[INFO ][2015-12-07 18:59:29,965][com.java.SeleniumDriver] [ 1099] - ?   P A S S   ?
[INFO ][2015-12-07 18:59:29,965][com.java.SeleniumDriver] [  820] - ------------------------------------------
[INFO ][2015-12-07 18:59:29,965][com.java.SeleniumDriver] [  821] - Test case being Executed: 6
[INFO ][2015-12-07 18:59:29,965][com.java.SeleniumDriver] [  832] - Test step:44
[INFO ][2015-12-07 18:59:29,965][com.java.SeleniumDriver] [  844] - Datavalue is----------Logout
[INFO ][2015-12-07 18:59:29,965][com.java.SeleniumDriver] [  868] - DataField : test
[INFO ][2015-12-07 18:59:29,965][com.java.SeleniumDriver] [  870] - DataValue : Logout
[INFO ][2015-12-07 18:59:29,965][com.java.SeleniumDriver] [  876] - <In Set values of the page>
[INFO ][2015-12-07 18:59:29,965][com.java.SeleniumDriver] [  879] - {Data Fields & Data Values Exist}
[INFO ][2015-12-07 18:59:29,965][com.java.SeleniumDriver] [  881] - --------------------------setting values-----------------------------
[INFO ][2015-12-07 18:59:29,965][com.java.SeleniumDriver] [  884] - Action Type : Logout
[INFO ][2015-12-07 18:59:32,290][com.java.TestType] [ 5758] - Field ::CNF
[INFO ][2015-12-07 18:59:34,593][com.java.TestType] [ 5848] - Click the object confirmation
[INFO ][2015-12-07 18:59:34,593][com.java.TestType] [ 5849] - Unable to click the object confirmation
[DEBUG][2015-12-07 18:59:35,793][com.java.SeleniumDriver] [  426] - Hub ip address is-------172.17.68.34
[INFO ][2015-12-07 18:59:35,793][com.java.SeleniumDriver] [  452] - Grid URL:http://172.17.68.34:4444/wd/hub
[INFO ][2015-12-07 18:59:35,793][com.java.SeleniumDriver] [  453] - Capability:Capabilities [{platform=ANY, ensureCleanSession=true, ignoreProtectedModeSettings=true, acceptSslCerts=true, ignoreZoomSetting=true, browserName=internet explorer, browserstack.ie.noFlash=true, version=null}]
[ERROR][2015-12-07 18:59:36,808][com.java.SeleniumDriver] [  497] - Unable invoke browser in grid:Could not start a new session. Possible causes are invalid address of the remote server or browser start-up failure.
Build info: version: '2.48.2', revision: '41bccdd', time: '2015-10-09 19:59:12'
System info: host: 'FVTIII438F1D', ip: '172.17.68.34', os.name: 'Windows 7', os.arch: 'x86', os.version: '6.1', java.version: '1.7.0_55'
Driver info: driver.version: SeleniumDriver
[INFO ][2015-12-07 18:59:36,808][com.java.SeleniumDriver] [  499] - Executing on local machine
[INFO ][2015-12-07 18:59:47,022][com.java.SeleniumDriver] [  893] -  RESULT true
[INFO ][2015-12-07 18:59:47,022][com.java.SeleniumDriver] [ 1099] - ?   P A S S   ?
[INFO ][2015-12-07 18:59:47,022][com.java.SeleniumDriver] [  820] - ------------------------------------------
[INFO ][2015-12-07 18:59:47,022][com.java.SeleniumDriver] [  821] - Test case being Executed: 6
[INFO ][2015-12-07 18:59:47,022][com.java.SeleniumDriver] [  832] - Test step:45
[INFO ][2015-12-07 18:59:47,022][com.java.SeleniumDriver] [  844] - Datavalue is----------Logout
[INFO ][2015-12-07 18:59:47,022][com.java.SeleniumDriver] [  868] - DataField : BTN
[INFO ][2015-12-07 18:59:47,022][com.java.SeleniumDriver] [  870] - DataValue : Logout
[INFO ][2015-12-07 18:59:47,022][com.java.SeleniumDriver] [  876] - <In Set values of the page>
[INFO ][2015-12-07 18:59:47,022][com.java.SeleniumDriver] [  879] - {Data Fields & Data Values Exist}
[INFO ][2015-12-07 18:59:47,022][com.java.SeleniumDriver] [  881] - --------------------------setting values-----------------------------
[INFO ][2015-12-07 18:59:47,022][com.java.SeleniumDriver] [  884] - Action Type : Verify
[INFO ][2015-12-07 18:59:47,022][com.java.TestType] [ 6636] - field= BTN value= Logout
[INFO ][2015-12-07 18:59:47,022][com.java.TestType] [ 5430] - value = Logout
[DEBUG][2015-12-07 19:00:23,050][com.java.TestType] [ 6346] - Logout   :: Element not Found
[ERROR][2015-12-07 19:00:40,071][com.java.TestType] [ 7347] - Assertion Error: 
[INFO ][2015-12-07 19:00:40,071][com.java.SeleniumDriver] [  893] -  RESULT false
[INFO ][2015-12-07 19:00:40,071][com.java.SeleniumDriver] [  940] - ?   F A I L   ?
[INFO ][2015-12-07 19:00:40,071][com.java.SeleniumDriver] [  948] - Browser Type : IE10
[INFO ][2015-12-07 19:00:40,071][com.java.SeleniumDriver] [  949] - Adding Failed case6
[DEBUG][2015-12-07 19:00:40,712][com.java.SeleniumDriver] [ 1017] -  tdd.getCondition() IF:49:Next
[INFO ][2015-12-07 19:00:40,712][com.java.SeleniumDriver] [ 1021] - Continue next step...
[INFO ][2015-12-07 19:00:40,712][com.java.SeleniumDriver] [  820] - ------------------------------------------
[INFO ][2015-12-07 19:00:40,712][com.java.SeleniumDriver] [  821] - Test case being Executed: 6
[INFO ][2015-12-07 19:00:40,712][com.java.SeleniumDriver] [  832] - Test step:46
[INFO ][2015-12-07 19:00:40,712][com.java.SeleniumDriver] [  844] - Datavalue is----------Concept#1:1-14
[INFO ][2015-12-07 19:00:40,712][com.java.SeleniumDriver] [  868] - DataField : test
[INFO ][2015-12-07 19:00:40,712][com.java.SeleniumDriver] [  870] - DataValue : Concept#1:1-14
[INFO ][2015-12-07 19:00:40,712][com.java.SeleniumDriver] [  876] - <In Set values of the page>
[INFO ][2015-12-07 19:00:40,712][com.java.SeleniumDriver] [  879] - {Data Fields & Data Values Exist}
[INFO ][2015-12-07 19:00:40,712][com.java.SeleniumDriver] [  881] - --------------------------setting values-----------------------------
[INFO ][2015-12-07 19:00:40,712][com.java.SeleniumDriver] [  884] - Action Type : ExecuteTestCase
[INFO ][2015-12-07 19:00:40,712][com.java.TestType] [  436] - The Concept sheet name is ---------- Concept
[INFO ][2015-12-07 19:00:40,712][com.java.TestType] [  439] - The Concept ID  is ---------- 1
[DEBUG][2015-12-07 19:00:40,712][com.java.TestType] [  443] - Steps being executted in the Concept are: 1:14
[INFO ][2015-12-07 19:00:40,712][com.java.TestType] [  450] - Test data details path ---------- D:\BankersDashboard\TestInputs\TestData.xls
[INFO ][2015-12-07 19:00:40,742][com.java.TestType] [  481] -  str(1) = 1
[INFO ][2015-12-07 19:00:40,742][com.java.TestType] [  484] - Test case Id is---1
[INFO ][2015-12-07 19:00:40,742][com.java.TestType] [  486] - 1
[INFO ][2015-12-07 19:00:40,742][com.java.TestType] [  481] -  str(2) = 1
[INFO ][2015-12-07 19:00:40,742][com.java.TestType] [  533] - row values are--------{1=com.java.Objects.TestDataDetails@1cfa4ed}
[INFO ][2015-12-07 19:00:40,742][com.java.TestType] [  481] -  str(1) = 1
[INFO ][2015-12-07 19:00:40,742][com.java.TestType] [  484] - Test case Id is---1
[INFO ][2015-12-07 19:00:40,742][com.java.TestType] [  486] - 1
[INFO ][2015-12-07 19:00:40,742][com.java.TestType] [  481] -  str(2) = 2
[INFO ][2015-12-07 19:00:40,742][com.java.TestType] [  533] - row values are--------{1=com.java.Objects.TestDataDetails@1cfa4ed, 2=com.java.Objects.TestDataDetails@181d44a}
[INFO ][2015-12-07 19:00:40,742][com.java.TestType] [  481] -  str(1) = 1
[INFO ][2015-12-07 19:00:40,742][com.java.TestType] [  484] - Test case Id is---1
[INFO ][2015-12-07 19:00:40,742][com.java.TestType] [  486] - 1
[INFO ][2015-12-07 19:00:40,742][com.java.TestType] [  481] -  str(2) = 3
[INFO ][2015-12-07 19:00:40,742][com.java.TestType] [  533] - row values are--------{1=com.java.Objects.TestDataDetails@1cfa4ed, 2=com.java.Objects.TestDataDetails@181d44a, 3=com.java.Objects.TestDataDetails@1a821ca}
[INFO ][2015-12-07 19:00:40,742][com.java.TestType] [  481] -  str(1) = 1
[INFO ][2015-12-07 19:00:40,742][com.java.TestType] [  484] - Test case Id is---1
[INFO ][2015-12-07 19:00:40,742][com.java.TestType] [  486] - 1
[INFO ][2015-12-07 19:00:40,742][com.java.TestType] [  481] -  str(2) = 4
[INFO ][2015-12-07 19:00:40,752][com.java.TestType] [  533] - row values are--------{1=com.java.Objects.TestDataDetails@1cfa4ed, 2=com.java.Objects.TestDataDetails@181d44a, 3=com.java.Objects.TestDataDetails@1a821ca, 4=com.java.Objects.TestDataDetails@17fb506}
[INFO ][2015-12-07 19:00:40,752][com.java.TestType] [  481] -  str(1) = 1
[INFO ][2015-12-07 19:00:40,752][com.java.TestType] [  484] - Test case Id is---1
[INFO ][2015-12-07 19:00:40,752][com.java.TestType] [  486] - 1
[INFO ][2015-12-07 19:00:40,752][com.java.TestType] [  481] -  str(2) = 5
[INFO ][2015-12-07 19:00:40,752][com.java.TestType] [  533] - row values are--------{1=com.java.Objects.TestDataDetails@1cfa4ed, 2=com.java.Objects.TestDataDetails@181d44a, 3=com.java.Objects.TestDataDetails@1a821ca, 4=com.java.Objects.TestDataDetails@17fb506, 5=com.java.Objects.TestDataDetails@1c755b6}
[INFO ][2015-12-07 19:00:40,752][com.java.TestType] [  481] -  str(1) = 1
[INFO ][2015-12-07 19:00:40,752][com.java.TestType] [  484] - Test case Id is---1
[INFO ][2015-12-07 19:00:40,752][com.java.TestType] [  486] - 1
[INFO ][2015-12-07 19:00:40,752][com.java.TestType] [  481] -  str(2) = 6
[INFO ][2015-12-07 19:00:40,752][com.java.TestType] [  533] - row values are--------{1=com.java.Objects.TestDataDetails@1cfa4ed, 2=com.java.Objects.TestDataDetails@181d44a, 3=com.java.Objects.TestDataDetails@1a821ca, 4=com.java.Objects.TestDataDetails@17fb506, 5=com.java.Objects.TestDataDetails@1c755b6, 6=com.java.Objects.TestDataDetails@864944}
[INFO ][2015-12-07 19:00:40,752][com.java.TestType] [  481] -  str(1) = 1
[INFO ][2015-12-07 19:00:40,752][com.java.TestType] [  484] - Test case Id is---1
[INFO ][2015-12-07 19:00:40,752][com.java.TestType] [  486] - 1
[INFO ][2015-12-07 19:00:40,752][com.java.TestType] [  481] -  str(2) = 7
[INFO ][2015-12-07 19:00:40,752][com.java.TestType] [  533] - row values are--------{1=com.java.Objects.TestDataDetails@1cfa4ed, 2=com.java.Objects.TestDataDetails@181d44a, 3=com.java.Objects.TestDataDetails@1a821ca, 4=com.java.Objects.TestDataDetails@17fb506, 5=com.java.Objects.TestDataDetails@1c755b6, 6=com.java.Objects.TestDataDetails@864944, 7=com.java.Objects.TestDataDetails@c2fa04}
[INFO ][2015-12-07 19:00:40,752][com.java.TestType] [  481] -  str(1) = 1
[INFO ][2015-12-07 19:00:40,752][com.java.TestType] [  484] - Test case Id is---1
[INFO ][2015-12-07 19:00:40,752][com.java.TestType] [  486] - 1
[INFO ][2015-12-07 19:00:40,752][com.java.TestType] [  481] -  str(2) = 8
[INFO ][2015-12-07 19:00:40,752][com.java.TestType] [  533] - row values are--------{1=com.java.Objects.TestDataDetails@1cfa4ed, 2=com.java.Objects.TestDataDetails@181d44a, 3=com.java.Objects.TestDataDetails@1a821ca, 4=com.java.Objects.TestDataDetails@17fb506, 5=com.java.Objects.TestDataDetails@1c755b6, 6=com.java.Objects.TestDataDetails@864944, 7=com.java.Objects.TestDataDetails@c2fa04, 8=com.java.Objects.TestDataDetails@16040a9}
[INFO ][2015-12-07 19:00:40,752][com.java.TestType] [  481] -  str(1) = 1
[INFO ][2015-12-07 19:00:40,752][com.java.TestType] [  484] - Test case Id is---1
[INFO ][2015-12-07 19:00:40,752][com.java.TestType] [  486] - 1
[INFO ][2015-12-07 19:00:40,752][com.java.TestType] [  481] -  str(2) = 9
[INFO ][2015-12-07 19:00:40,752][com.java.TestType] [  533] - row values are--------{1=com.java.Objects.TestDataDetails@1cfa4ed, 2=com.java.Objects.TestDataDetails@181d44a, 3=com.java.Objects.TestDataDetails@1a821ca, 4=com.java.Objects.TestDataDetails@17fb506, 5=com.java.Objects.TestDataDetails@1c755b6, 6=com.java.Objects.TestDataDetails@864944, 7=com.java.Objects.TestDataDetails@c2fa04, 8=com.java.Objects.TestDataDetails@16040a9, 9=com.java.Objects.TestDataDetails@db0561}
[INFO ][2015-12-07 19:00:40,752][com.java.TestType] [  481] -  str(1) = 1
[INFO ][2015-12-07 19:00:40,752][com.java.TestType] [  484] - Test case Id is---1
[INFO ][2015-12-07 19:00:40,752][com.java.TestType] [  486] - 1
[INFO ][2015-12-07 19:00:40,752][com.java.TestType] [  481] -  str(2) = 10
[INFO ][2015-12-07 19:00:40,752][com.java.TestType] [  533] - row values are--------{1=com.java.Objects.TestDataDetails@1cfa4ed, 2=com.java.Objects.TestDataDetails@181d44a, 3=com.java.Objects.TestDataDetails@1a821ca, 4=com.java.Objects.TestDataDetails@17fb506, 5=com.java.Objects.TestDataDetails@1c755b6, 6=com.java.Objects.TestDataDetails@864944, 7=com.java.Objects.TestDataDetails@c2fa04, 8=com.java.Objects.TestDataDetails@16040a9, 9=com.java.Objects.TestDataDetails@db0561, 10=com.java.Objects.TestDataDetails@1ab0b6c}
[INFO ][2015-12-07 19:00:40,752][com.java.TestType] [  481] -  str(1) = 1
[INFO ][2015-12-07 19:00:40,752][com.java.TestType] [  484] - Test case Id is---1
[INFO ][2015-12-07 19:00:40,752][com.java.TestType] [  486] - 1
[INFO ][2015-12-07 19:00:40,752][com.java.TestType] [  481] -  str(2) = 11
[INFO ][2015-12-07 19:00:40,752][com.java.TestType] [  533] - row values are--------{1=com.java.Objects.TestDataDetails@1cfa4ed, 2=com.java.Objects.TestDataDetails@181d44a, 3=com.java.Objects.TestDataDetails@1a821ca, 4=com.java.Objects.TestDataDetails@17fb506, 5=com.java.Objects.TestDataDetails@1c755b6, 6=com.java.Objects.TestDataDetails@864944, 7=com.java.Objects.TestDataDetails@c2fa04, 8=com.java.Objects.TestDataDetails@16040a9, 9=com.java.Objects.TestDataDetails@db0561, 10=com.java.Objects.TestDataDetails@1ab0b6c, 11=com.java.Objects.TestDataDetails@f6ee44}
[INFO ][2015-12-07 19:00:40,752][com.java.TestType] [  481] -  str(1) = 1
[INFO ][2015-12-07 19:00:40,752][com.java.TestType] [  484] - Test case Id is---1
[INFO ][2015-12-07 19:00:40,752][com.java.TestType] [  486] - 1
[INFO ][2015-12-07 19:00:40,752][com.java.TestType] [  481] -  str(2) = 12
[INFO ][2015-12-07 19:00:40,752][com.java.TestType] [  533] - row values are--------{1=com.java.Objects.TestDataDetails@1cfa4ed, 2=com.java.Objects.TestDataDetails@181d44a, 3=com.java.Objects.TestDataDetails@1a821ca, 4=com.java.Objects.TestDataDetails@17fb506, 5=com.java.Objects.TestDataDetails@1c755b6, 6=com.java.Objects.TestDataDetails@864944, 7=com.java.Objects.TestDataDetails@c2fa04, 8=com.java.Objects.TestDataDetails@16040a9, 9=com.java.Objects.TestDataDetails@db0561, 10=com.java.Objects.TestDataDetails@1ab0b6c, 11=com.java.Objects.TestDataDetails@f6ee44, 12=com.java.Objects.TestDataDetails@10454bd}
[INFO ][2015-12-07 19:00:40,752][com.java.TestType] [  481] -  str(1) = 1
[INFO ][2015-12-07 19:00:40,752][com.java.TestType] [  484] - Test case Id is---1
[INFO ][2015-12-07 19:00:40,752][com.java.TestType] [  486] - 1
[INFO ][2015-12-07 19:00:40,752][com.java.TestType] [  481] -  str(2) = 13
[INFO ][2015-12-07 19:00:40,752][com.java.TestType] [  533] - row values are--------{1=com.java.Objects.TestDataDetails@1cfa4ed, 2=com.java.Objects.TestDataDetails@181d44a, 3=com.java.Objects.TestDataDetails@1a821ca, 4=com.java.Objects.TestDataDetails@17fb506, 5=com.java.Objects.TestDataDetails@1c755b6, 6=com.java.Objects.TestDataDetails@864944, 7=com.java.Objects.TestDataDetails@c2fa04, 8=com.java.Objects.TestDataDetails@16040a9, 9=com.java.Objects.TestDataDetails@db0561, 10=com.java.Objects.TestDataDetails@1ab0b6c, 11=com.java.Objects.TestDataDetails@f6ee44, 12=com.java.Objects.TestDataDetails@10454bd, 13=com.java.Objects.TestDataDetails@185e5c7}
[INFO ][2015-12-07 19:00:40,752][com.java.TestType] [  481] -  str(1) = 1
[INFO ][2015-12-07 19:00:40,752][com.java.TestType] [  484] - Test case Id is---1
[INFO ][2015-12-07 19:00:40,752][com.java.TestType] [  486] - 1
[INFO ][2015-12-07 19:00:40,752][com.java.TestType] [  481] -  str(2) = 14
[INFO ][2015-12-07 19:00:40,752][com.java.TestType] [  533] - row values are--------{1=com.java.Objects.TestDataDetails@1cfa4ed, 2=com.java.Objects.TestDataDetails@181d44a, 3=com.java.Objects.TestDataDetails@1a821ca, 4=com.java.Objects.TestDataDetails@17fb506, 5=com.java.Objects.TestDataDetails@1c755b6, 6=com.java.Objects.TestDataDetails@864944, 7=com.java.Objects.TestDataDetails@c2fa04, 8=com.java.Objects.TestDataDetails@16040a9, 9=com.java.Objects.TestDataDetails@db0561, 10=com.java.Objects.TestDataDetails@1ab0b6c, 11=com.java.Objects.TestDataDetails@f6ee44, 12=com.java.Objects.TestDataDetails@10454bd, 13=com.java.Objects.TestDataDetails@185e5c7, 14=com.java.Objects.TestDataDetails@bb981e}
[INFO ][2015-12-07 19:00:40,752][com.java.TestType] [  481] -  str(1) = 1
[INFO ][2015-12-07 19:00:40,752][com.java.TestType] [  484] - Test case Id is---1
[INFO ][2015-12-07 19:00:40,752][com.java.TestType] [  486] - 1
[INFO ][2015-12-07 19:00:40,752][com.java.TestType] [  481] -  str(2) = 15
[INFO ][2015-12-07 19:00:40,762][com.java.TestType] [  533] - row values are--------{1=com.java.Objects.TestDataDetails@1cfa4ed, 2=com.java.Objects.TestDataDetails@181d44a, 3=com.java.Objects.TestDataDetails@1a821ca, 4=com.java.Objects.TestDataDetails@17fb506, 5=com.java.Objects.TestDataDetails@1c755b6, 6=com.java.Objects.TestDataDetails@864944, 7=com.java.Objects.TestDataDetails@c2fa04, 8=com.java.Objects.TestDataDetails@16040a9, 9=com.java.Objects.TestDataDetails@db0561, 10=com.java.Objects.TestDataDetails@1ab0b6c, 11=com.java.Objects.TestDataDetails@f6ee44, 12=com.java.Objects.TestDataDetails@10454bd, 13=com.java.Objects.TestDataDetails@185e5c7, 14=com.java.Objects.TestDataDetails@bb981e, 15=com.java.Objects.TestDataDetails@165922d}
[INFO ][2015-12-07 19:00:40,762][com.java.TestType] [  481] -  str(1) = 1
[INFO ][2015-12-07 19:00:40,762][com.java.TestType] [  484] - Test case Id is---1
[INFO ][2015-12-07 19:00:40,762][com.java.TestType] [  486] - 1
[INFO ][2015-12-07 19:00:40,762][com.java.TestType] [  481] -  str(2) = 16
[INFO ][2015-12-07 19:00:40,762][com.java.TestType] [  533] - row values are--------{1=com.java.Objects.TestDataDetails@1cfa4ed, 2=com.java.Objects.TestDataDetails@181d44a, 3=com.java.Objects.TestDataDetails@1a821ca, 4=com.java.Objects.TestDataDetails@17fb506, 5=com.java.Objects.TestDataDetails@1c755b6, 6=com.java.Objects.TestDataDetails@864944, 7=com.java.Objects.TestDataDetails@c2fa04, 8=com.java.Objects.TestDataDetails@16040a9, 9=com.java.Objects.TestDataDetails@db0561, 10=com.java.Objects.TestDataDetails@1ab0b6c, 11=com.java.Objects.TestDataDetails@f6ee44, 12=com.java.Objects.TestDataDetails@10454bd, 13=com.java.Objects.TestDataDetails@185e5c7, 14=com.java.Objects.TestDataDetails@bb981e, 15=com.java.Objects.TestDataDetails@165922d, 16=com.java.Objects.TestDataDetails@74a312}
[INFO ][2015-12-07 19:00:40,762][com.java.TestType] [ 9944] - Looping 1TCID = 1
[DEBUG][2015-12-07 19:00:40,762][com.java.TestType] [ 9985] - Concept ID:1 :: Step being Executed: 1::1
[INFO ][2015-12-07 19:00:40,762][com.java.TestType] [10023] - dataFields : TXTusername
[DEBUG][2015-12-07 19:00:40,762][com.java.TestType] [10029] - <In Set values of the page>
[DEBUG][2015-12-07 19:00:40,762][com.java.TestType] [10034] - {Data Fields & Data Values Exist}
[INFO ][2015-12-07 19:00:40,762][com.java.TestType] [10040] - --------------------------setting values-----------------------------
[INFO ][2015-12-07 19:00:40,762][com.java.TestType] [10043] - Action Type : CLEARANDENTER
[INFO ][2015-12-07 19:00:40,762][com.java.TestType] [ 5430] - value = naresh.nayini.00000
[INFO ][2015-12-07 19:00:45,549][com.java.TestType] [10062] -  RESULT true
[INFO ][2015-12-07 19:00:45,549][com.java.TestType] [10179] - ?   P A S S   ?
[DEBUG][2015-12-07 19:00:45,549][com.java.TestType] [ 9985] - Concept ID:1 :: Step being Executed: 1::2
[INFO ][2015-12-07 19:00:45,549][com.java.TestType] [10023] - dataFields : TXTpassword
[DEBUG][2015-12-07 19:00:45,549][com.java.TestType] [10029] - <In Set values of the page>
[DEBUG][2015-12-07 19:00:45,549][com.java.TestType] [10034] - {Data Fields & Data Values Exist}
[INFO ][2015-12-07 19:00:45,549][com.java.TestType] [10040] - --------------------------setting values-----------------------------
[INFO ][2015-12-07 19:00:45,549][com.java.TestType] [10043] - Action Type : CLEARANDENTER
[INFO ][2015-12-07 19:00:45,549][com.java.TestType] [ 5430] - value = Password1*
[INFO ][2015-12-07 19:00:50,466][com.java.TestType] [10062] -  RESULT true
[INFO ][2015-12-07 19:00:50,466][com.java.TestType] [10179] - ?   P A S S   ?
[DEBUG][2015-12-07 19:00:50,466][com.java.TestType] [ 9985] - Concept ID:1 :: Step being Executed: 1::3
[ERROR][2015-12-07 19:00:50,466][com.java.TestType] [10018] - Exception: null
[INFO ][2015-12-07 19:00:50,466][com.java.TestType] [10023] - dataFields : XPH//button[@type='submit']
[DEBUG][2015-12-07 19:00:50,466][com.java.TestType] [10029] - <In Set values of the page>
[DEBUG][2015-12-07 19:00:50,466][com.java.TestType] [10034] - {Data Fields & Data Values Exist}
[INFO ][2015-12-07 19:00:50,466][com.java.TestType] [10040] - --------------------------setting values-----------------------------
[INFO ][2015-12-07 19:00:50,466][com.java.TestType] [10043] - Action Type : Click
[INFO ][2015-12-07 19:00:50,466][com.java.TestType] [ 5758] - Field ::XPH//button[@type='submit']
[INFO ][2015-12-07 19:00:51,466][com.java.TestType] [ 5852] - BEFORE CLICK
[INFO ][2015-12-07 19:00:52,256][com.java.TestType] [ 5860] - Unable to click the object Login
[INFO ][2015-12-07 19:00:52,256][com.java.TestType] [10062] -  RESULT true
[INFO ][2015-12-07 19:00:52,256][com.java.TestType] [10179] - ?   P A S S   ?
[DEBUG][2015-12-07 19:00:52,256][com.java.TestType] [ 9985] - Concept ID:1 :: Step being Executed: 1::4
[INFO ][2015-12-07 19:00:52,256][com.java.TestType] [10023] - dataFields : LNKLogout
[DEBUG][2015-12-07 19:00:52,256][com.java.TestType] [10029] - <In Set values of the page>
[DEBUG][2015-12-07 19:00:52,256][com.java.TestType] [10034] - {Data Fields & Data Values Exist}
[INFO ][2015-12-07 19:00:52,256][com.java.TestType] [10040] - --------------------------setting values-----------------------------
[INFO ][2015-12-07 19:00:52,256][com.java.TestType] [10043] - Action Type : WaitForElement
[INFO ][2015-12-07 19:00:59,909][com.java.TestType] [10062] -  RESULT true
[INFO ][2015-12-07 19:00:59,909][com.java.TestType] [10179] - ?   P A S S   ?
[INFO ][2015-12-07 19:00:59,909][com.java.TestType] [10250] - Looping End......
[INFO ][2015-12-07 19:00:59,909][com.java.SeleniumDriver] [  893] -  RESULT true
[INFO ][2015-12-07 19:00:59,909][com.java.SeleniumDriver] [ 1099] - ?   P A S S   ?
[INFO ][2015-12-07 19:00:59,909][com.java.SeleniumDriver] [  820] - ------------------------------------------
[INFO ][2015-12-07 19:00:59,909][com.java.SeleniumDriver] [  821] - Test case being Executed: 6
[INFO ][2015-12-07 19:00:59,909][com.java.SeleniumDriver] [  832] - Test step:47
[INFO ][2015-12-07 19:00:59,909][com.java.SeleniumDriver] [  844] - Datavalue is----------Concept#2:1-2
[INFO ][2015-12-07 19:00:59,909][com.java.SeleniumDriver] [  868] - DataField : test
[INFO ][2015-12-07 19:00:59,909][com.java.SeleniumDriver] [  870] - DataValue : Concept#2:1-2
[INFO ][2015-12-07 19:00:59,909][com.java.SeleniumDriver] [  876] - <In Set values of the page>
[INFO ][2015-12-07 19:00:59,909][com.java.SeleniumDriver] [  879] - {Data Fields & Data Values Exist}
[INFO ][2015-12-07 19:00:59,909][com.java.SeleniumDriver] [  881] - --------------------------setting values-----------------------------
[INFO ][2015-12-07 19:00:59,909][com.java.SeleniumDriver] [  884] - Action Type : ExecuteTestCase
[INFO ][2015-12-07 19:00:59,909][com.java.TestType] [  436] - The Concept sheet name is ---------- Concept
[INFO ][2015-12-07 19:00:59,909][com.java.TestType] [  439] - The Concept ID  is ---------- 2
[DEBUG][2015-12-07 19:00:59,909][com.java.TestType] [  443] - Steps being executted in the Concept are: 1:2
[INFO ][2015-12-07 19:00:59,909][com.java.TestType] [  450] - Test data details path ---------- D:\BankersDashboard\TestInputs\TestData.xls
[INFO ][2015-12-07 19:00:59,942][com.java.TestType] [  481] -  str(1) = 2
[INFO ][2015-12-07 19:00:59,942][com.java.TestType] [  484] - Test case Id is---2
[INFO ][2015-12-07 19:00:59,942][com.java.TestType] [  486] - 2
[INFO ][2015-12-07 19:00:59,942][com.java.TestType] [  481] -  str(2) = 1
[INFO ][2015-12-07 19:00:59,942][com.java.TestType] [  533] - row values are--------{1=com.java.Objects.TestDataDetails@1018a98}
[INFO ][2015-12-07 19:00:59,942][com.java.TestType] [  481] -  str(1) = 2
[INFO ][2015-12-07 19:00:59,942][com.java.TestType] [  484] - Test case Id is---2
[INFO ][2015-12-07 19:00:59,942][com.java.TestType] [  486] - 2
[INFO ][2015-12-07 19:00:59,942][com.java.TestType] [  481] -  str(2) = 2
[INFO ][2015-12-07 19:00:59,942][com.java.TestType] [  533] - row values are--------{1=com.java.Objects.TestDataDetails@1018a98, 2=com.java.Objects.TestDataDetails@1b535fe}
[INFO ][2015-12-07 19:00:59,942][com.java.TestType] [  481] -  str(1) = 2
[INFO ][2015-12-07 19:00:59,942][com.java.TestType] [  484] - Test case Id is---2
[INFO ][2015-12-07 19:00:59,942][com.java.TestType] [  486] - 2
[INFO ][2015-12-07 19:00:59,942][com.java.TestType] [  481] -  str(2) = 3
[INFO ][2015-12-07 19:00:59,942][com.java.TestType] [  533] - row values are--------{1=com.java.Objects.TestDataDetails@1018a98, 2=com.java.Objects.TestDataDetails@1b535fe, 3=com.java.Objects.TestDataDetails@44b53c}
[INFO ][2015-12-07 19:00:59,942][com.java.TestType] [ 9944] - Looping 1TCID = 2
[DEBUG][2015-12-07 19:00:59,942][com.java.TestType] [ 9985] - Concept ID:2 :: Step being Executed: 2::1
[INFO ][2015-12-07 19:00:59,952][com.java.TestType] [10023] - dataFields : BNK//select[@id='bank']
[DEBUG][2015-12-07 19:00:59,952][com.java.TestType] [10029] - <In Set values of the page>
[DEBUG][2015-12-07 19:00:59,952][com.java.TestType] [10034] - {Data Fields & Data Values Exist}
[INFO ][2015-12-07 19:00:59,952][com.java.TestType] [10040] - --------------------------setting values-----------------------------
[INFO ][2015-12-07 19:00:59,952][com.java.TestType] [10043] - Action Type : Select
[INFO ][2015-12-07 19:00:59,952][com.java.TestType] [ 5430] - value = PFC
[INFO ][2015-12-07 19:01:00,135][com.java.TestType] [10062] -  RESULT true
[INFO ][2015-12-07 19:01:00,135][com.java.TestType] [10179] - ?   P A S S   ?
[DEBUG][2015-12-07 19:01:00,135][com.java.TestType] [ 9985] - Concept ID:2 :: Step being Executed: 2::2
[INFO ][2015-12-07 19:01:00,135][com.java.TestType] [10023] - dataFields : LNKLogout
[DEBUG][2015-12-07 19:01:00,135][com.java.TestType] [10029] - <In Set values of the page>
[DEBUG][2015-12-07 19:01:00,135][com.java.TestType] [10034] - {Data Fields & Data Values Exist}
[INFO ][2015-12-07 19:01:00,135][com.java.TestType] [10040] - --------------------------setting values-----------------------------
[INFO ][2015-12-07 19:01:00,135][com.java.TestType] [10043] - Action Type : WaitTime
[DEBUG][2015-12-07 19:01:00,135][com.java.TestType] [ 5250] - sleepTime: 5000
[INFO ][2015-12-07 19:01:05,135][com.java.TestType] [10062] -  RESULT true
[INFO ][2015-12-07 19:01:05,135][com.java.TestType] [10179] - ?   P A S S   ?
[INFO ][2015-12-07 19:01:05,135][com.java.TestType] [10250] - Looping End......
[INFO ][2015-12-07 19:01:05,135][com.java.SeleniumDriver] [  893] -  RESULT true
[INFO ][2015-12-07 19:01:05,135][com.java.SeleniumDriver] [ 1099] - ?   P A S S   ?
[INFO ][2015-12-07 19:01:05,135][com.java.SeleniumDriver] [  820] - ------------------------------------------
[INFO ][2015-12-07 19:01:05,135][com.java.SeleniumDriver] [  821] - Test case being Executed: 6
[INFO ][2015-12-07 19:01:05,135][com.java.SeleniumDriver] [  832] - Test step:48
[INFO ][2015-12-07 19:01:05,135][com.java.SeleniumDriver] [  844] - Datavalue is----------null
[DEBUG][2015-12-07 19:01:05,135][com.java.SeleniumDriver] [  862] - Exception: null
[INFO ][2015-12-07 19:01:05,135][com.java.SeleniumDriver] [  868] - DataField : //span[@class='icon-stats']&&//a[@data-id="Forecasting"]
[INFO ][2015-12-07 19:01:05,135][com.java.SeleniumDriver] [  870] - DataValue : 
[INFO ][2015-12-07 19:01:05,135][com.java.SeleniumDriver] [  876] - <In Set values of the page>
[INFO ][2015-12-07 19:01:05,135][com.java.SeleniumDriver] [  879] - {Data Fields & Data Values Exist}
[INFO ][2015-12-07 19:01:05,135][com.java.SeleniumDriver] [  881] - --------------------------setting values-----------------------------
[INFO ][2015-12-07 19:01:05,135][com.java.SeleniumDriver] [  884] - Action Type : MOUSEOVER
[INFO ][2015-12-07 19:01:30,198][com.java.SeleniumDriver] [  893] -  RESULT true
[INFO ][2015-12-07 19:01:30,198][com.java.SeleniumDriver] [ 1099] - ?   P A S S   ?
[INFO ][2015-12-07 19:01:30,198][com.java.SeleniumDriver] [  820] - ------------------------------------------
[INFO ][2015-12-07 19:01:30,198][com.java.SeleniumDriver] [  821] - Test case being Executed: 6
[INFO ][2015-12-07 19:01:30,198][com.java.SeleniumDriver] [  832] - Test step:49
[INFO ][2015-12-07 19:01:30,198][com.java.SeleniumDriver] [  844] - Datavalue is----------5
[INFO ][2015-12-07 19:01:30,198][com.java.SeleniumDriver] [  868] - DataField : null
[INFO ][2015-12-07 19:01:30,198][com.java.SeleniumDriver] [  870] - DataValue : 5
[INFO ][2015-12-07 19:01:30,198][com.java.SeleniumDriver] [  876] - <In Set values of the page>
[INFO ][2015-12-07 19:01:30,198][com.java.SeleniumDriver] [  879] - {Data Fields & Data Values Exist}
[INFO ][2015-12-07 19:01:30,198][com.java.SeleniumDriver] [  881] - --------------------------setting values-----------------------------
[INFO ][2015-12-07 19:01:30,198][com.java.SeleniumDriver] [  884] - Action Type : WAITTIME
[DEBUG][2015-12-07 19:01:30,198][com.java.TestType] [ 5250] - sleepTime: 5000
[INFO ][2015-12-07 19:01:35,200][com.java.SeleniumDriver] [  893] -  RESULT true
[INFO ][2015-12-07 19:01:35,200][com.java.SeleniumDriver] [ 1099] - ?   P A S S   ?
[INFO ][2015-12-07 19:01:35,200][com.java.SeleniumDriver] [  820] - ------------------------------------------
[INFO ][2015-12-07 19:01:35,200][com.java.SeleniumDriver] [  821] - Test case being Executed: 6
[INFO ][2015-12-07 19:01:35,200][com.java.SeleniumDriver] [  832] - Test step:50
[INFO ][2015-12-07 19:01:35,200][com.java.SeleniumDriver] [  844] - Datavalue is----------Forecasting 
[INFO ][2015-12-07 19:01:35,200][com.java.SeleniumDriver] [  868] - DataField : TTL
[INFO ][2015-12-07 19:01:35,200][com.java.SeleniumDriver] [  870] - DataValue : Forecasting 
[INFO ][2015-12-07 19:01:35,200][com.java.SeleniumDriver] [  876] - <In Set values of the page>
[INFO ][2015-12-07 19:01:35,200][com.java.SeleniumDriver] [  879] - {Data Fields & Data Values Exist}
[INFO ][2015-12-07 19:01:35,200][com.java.SeleniumDriver] [  881] - --------------------------setting values-----------------------------
[INFO ][2015-12-07 19:01:35,200][com.java.SeleniumDriver] [  884] - Action Type : SELECTWINDOW
[INFO ][2015-12-07 19:01:47,757][com.java.SeleniumDriver] [  893] -  RESULT true
[INFO ][2015-12-07 19:01:47,757][com.java.SeleniumDriver] [ 1099] - ?   P A S S   ?
[INFO ][2015-12-07 19:01:47,757][com.java.SeleniumDriver] [  820] - ------------------------------------------
[INFO ][2015-12-07 19:01:47,757][com.java.SeleniumDriver] [  821] - Test case being Executed: 6
[INFO ][2015-12-07 19:01:47,757][com.java.SeleniumDriver] [  832] - Test step:51
[INFO ][2015-12-07 19:01:47,757][com.java.SeleniumDriver] [  844] - Datavalue is----------10
[INFO ][2015-12-07 19:01:47,757][com.java.SeleniumDriver] [  868] - DataField : DSP//span[contains(text(),'Forecasting')]
[INFO ][2015-12-07 19:01:47,757][com.java.SeleniumDriver] [  870] - DataValue : 10
[INFO ][2015-12-07 19:01:47,757][com.java.SeleniumDriver] [  876] - <In Set values of the page>
[INFO ][2015-12-07 19:01:47,757][com.java.SeleniumDriver] [  879] - {Data Fields & Data Values Exist}
[INFO ][2015-12-07 19:01:47,757][com.java.SeleniumDriver] [  881] - --------------------------setting values-----------------------------
[INFO ][2015-12-07 19:01:47,757][com.java.SeleniumDriver] [  884] - Action Type : WAITFORELEMENT
[INFO ][2015-12-07 19:01:47,867][com.java.SeleniumDriver] [  893] -  RESULT true
[INFO ][2015-12-07 19:01:47,867][com.java.SeleniumDriver] [ 1099] - ?   P A S S   ?
[INFO ][2015-12-07 19:01:47,867][com.java.SeleniumDriver] [  820] - ------------------------------------------
[INFO ][2015-12-07 19:01:47,867][com.java.SeleniumDriver] [  821] - Test case being Executed: 6
[INFO ][2015-12-07 19:01:47,867][com.java.SeleniumDriver] [  832] - Test step:52
[INFO ][2015-12-07 19:01:47,867][com.java.SeleniumDriver] [  844] - Datavalue is----------null
[DEBUG][2015-12-07 19:01:47,867][com.java.SeleniumDriver] [  862] - Exception: null
[INFO ][2015-12-07 19:01:47,867][com.java.SeleniumDriver] [  868] - DataField : BTNframeDialogContent
[INFO ][2015-12-07 19:01:47,867][com.java.SeleniumDriver] [  870] - DataValue : 
[INFO ][2015-12-07 19:01:47,867][com.java.SeleniumDriver] [  876] - <In Set values of the page>
[INFO ][2015-12-07 19:01:47,867][com.java.SeleniumDriver] [  879] - {Data Fields & Data Values Exist}
[INFO ][2015-12-07 19:01:47,867][com.java.SeleniumDriver] [  881] - --------------------------setting values-----------------------------
[INFO ][2015-12-07 19:01:47,867][com.java.SeleniumDriver] [  884] - Action Type : SELECTFRAME
[INFO ][2015-12-07 19:01:48,988][com.java.SeleniumDriver] [  893] -  RESULT true
[INFO ][2015-12-07 19:01:48,988][com.java.SeleniumDriver] [ 1099] - ?   P A S S   ?
[INFO ][2015-12-07 19:01:48,988][com.java.SeleniumDriver] [  820] - ------------------------------------------
[INFO ][2015-12-07 19:01:48,988][com.java.SeleniumDriver] [  821] - Test case being Executed: 6
[INFO ][2015-12-07 19:01:48,988][com.java.SeleniumDriver] [  832] - Test step:53
[INFO ][2015-12-07 19:01:48,988][com.java.SeleniumDriver] [  844] - Datavalue is----------10
[INFO ][2015-12-07 19:01:48,988][com.java.SeleniumDriver] [  868] - DataField : DSPddlProjects
[INFO ][2015-12-07 19:01:48,988][com.java.SeleniumDriver] [  870] - DataValue : 10
[INFO ][2015-12-07 19:01:48,988][com.java.SeleniumDriver] [  876] - <In Set values of the page>
[INFO ][2015-12-07 19:01:48,988][com.java.SeleniumDriver] [  879] - {Data Fields & Data Values Exist}
[INFO ][2015-12-07 19:01:48,988][com.java.SeleniumDriver] [  881] - --------------------------setting values-----------------------------
[INFO ][2015-12-07 19:01:48,988][com.java.SeleniumDriver] [  884] - Action Type : WAITFORELEMENT
[INFO ][2015-12-07 19:01:50,089][com.java.SeleniumDriver] [  893] -  RESULT true
[INFO ][2015-12-07 19:01:50,089][com.java.SeleniumDriver] [ 1099] - ?   P A S S   ?
[INFO ][2015-12-07 19:01:50,089][com.java.SeleniumDriver] [  820] - ------------------------------------------
[INFO ][2015-12-07 19:01:50,089][com.java.SeleniumDriver] [  821] - Test case being Executed: 6
[INFO ][2015-12-07 19:01:50,089][com.java.SeleniumDriver] [  832] - Test step:54
[INFO ][2015-12-07 19:01:50,089][com.java.SeleniumDriver] [  844] - Datavalue is----------HMVCurrentProject
[INFO ][2015-12-07 19:01:50,089][com.java.SeleniumDriver] [  868] - DataField : COBddlProjects
[INFO ][2015-12-07 19:01:50,089][com.java.SeleniumDriver] [  870] - DataValue : HMVCurrentProject
[INFO ][2015-12-07 19:01:50,089][com.java.SeleniumDriver] [  876] - <In Set values of the page>
[INFO ][2015-12-07 19:01:50,089][com.java.SeleniumDriver] [  879] - {Data Fields & Data Values Exist}
[INFO ][2015-12-07 19:01:50,089][com.java.SeleniumDriver] [  881] - --------------------------setting values-----------------------------
[INFO ][2015-12-07 19:01:50,089][com.java.SeleniumDriver] [  884] - Action Type : SELECT
[INFO ][2015-12-07 19:01:50,089][com.java.TestType] [ 5430] - value = Dallas User Group
[INFO ][2015-12-07 19:01:51,170][com.java.TestType] [ 5548] -  In COB ddlProjects : Dallas User Group
[DEBUG][2015-12-07 19:01:52,255][com.java.TestType] [ 5573] - Java Script : javascript:var s = document.getElementById('ddlProjects');for (i = 0; i< s.options.length; i++){   if (s.options[i].text.trim().toUpperCase() == 'DALLAS USER GROUP'){      s.options[i].selected = true;      s.click();      break;   }}
[INFO ][2015-12-07 19:01:54,265][com.java.SeleniumDriver] [  893] -  RESULT true
[INFO ][2015-12-07 19:01:54,265][com.java.SeleniumDriver] [ 1099] - ?   P A S S   ?
[INFO ][2015-12-07 19:01:54,265][com.java.SeleniumDriver] [  820] - ------------------------------------------
[INFO ][2015-12-07 19:01:54,265][com.java.SeleniumDriver] [  821] - Test case being Executed: 6
[INFO ][2015-12-07 19:01:54,265][com.java.SeleniumDriver] [  832] - Test step:55
[INFO ][2015-12-07 19:01:54,265][com.java.SeleniumDriver] [  844] - Datavalue is----------null
[DEBUG][2015-12-07 19:01:54,265][com.java.SeleniumDriver] [  862] - Exception: null
[INFO ][2015-12-07 19:01:54,265][com.java.SeleniumDriver] [  868] - DataField : HDNbtnOpenProject
[INFO ][2015-12-07 19:01:54,265][com.java.SeleniumDriver] [  870] - DataValue : 
[INFO ][2015-12-07 19:01:54,265][com.java.SeleniumDriver] [  876] - <In Set values of the page>
[INFO ][2015-12-07 19:01:54,265][com.java.SeleniumDriver] [  879] - {Data Fields & Data Values Exist}
[INFO ][2015-12-07 19:01:54,265][com.java.SeleniumDriver] [  881] - --------------------------setting values-----------------------------
[INFO ][2015-12-07 19:01:54,265][com.java.SeleniumDriver] [  884] - Action Type : CLICK
[INFO ][2015-12-07 19:01:54,265][com.java.TestType] [ 5758] - Field ::HDNbtnOpenProject
[INFO ][2015-12-07 19:01:56,907][com.java.SeleniumDriver] [  893] -  RESULT true
[INFO ][2015-12-07 19:01:56,907][com.java.SeleniumDriver] [ 1099] - ?   P A S S   ?
[INFO ][2015-12-07 19:01:56,907][com.java.SeleniumDriver] [  820] - ------------------------------------------
[INFO ][2015-12-07 19:01:56,907][com.java.SeleniumDriver] [  821] - Test case being Executed: 6
[INFO ][2015-12-07 19:01:56,907][com.java.SeleniumDriver] [  832] - Test step:56
[INFO ][2015-12-07 19:01:56,907][com.java.SeleniumDriver] [  844] - Datavalue is----------3
[INFO ][2015-12-07 19:01:56,907][com.java.SeleniumDriver] [  868] - DataField : XPH//div[@class="blockUI blockOverlay"]
[INFO ][2015-12-07 19:01:56,907][com.java.SeleniumDriver] [  870] - DataValue : 3
[INFO ][2015-12-07 19:01:56,907][com.java.SeleniumDriver] [  876] - <In Set values of the page>
[INFO ][2015-12-07 19:01:56,907][com.java.SeleniumDriver] [  879] - {Data Fields & Data Values Exist}
[INFO ][2015-12-07 19:01:56,907][com.java.SeleniumDriver] [  881] - --------------------------setting values-----------------------------
[INFO ][2015-12-07 19:01:56,907][com.java.SeleniumDriver] [  884] - Action Type : WaitForElement
[DEBUG][2015-12-07 19:03:00,934][com.java.TestType] [ 6346] - //div[@class="blockUI blockOverlay"]   :: Element not Found
[INFO ][2015-12-07 19:03:00,934][com.java.SeleniumDriver] [  893] -  RESULT false
[INFO ][2015-12-07 19:03:00,934][com.java.SeleniumDriver] [  940] - ?   F A I L   ?
[INFO ][2015-12-07 19:03:00,934][com.java.SeleniumDriver] [  948] - Browser Type : IE10
[INFO ][2015-12-07 19:03:00,934][com.java.SeleniumDriver] [  949] - Adding Failed case6
[INFO ][2015-12-07 19:03:11,104][com.java.SeleniumDriver] [ 1063] - failedCases = 6
[ERROR][2015-12-07 19:03:11,104][com.java.SeleniumDriver] [ 1560] - Platform Errors : Our apologies...::We have encountered an issue with your request.::Our apologies?:We encountered an issue with your request.
[INFO ][2015-12-07 19:03:11,104][com.java.SeleniumDriver] [ 1564] - Length =3
[ERROR][2015-12-07 19:03:11,104][com.java.SeleniumDriver] [ 1567] - Error 0 = Our apologies...
[ERROR][2015-12-07 19:03:11,125][com.java.SeleniumDriver] [ 1567] - Error 1 = We have encountered an issue with your request.
[ERROR][2015-12-07 19:03:11,135][com.java.SeleniumDriver] [ 1567] - Error 2 = Our apologies?:We encountered an issue with your request.
[INFO ][2015-12-07 19:03:11,145][com.java.SeleniumDriver] [ 1578] - strError:
[DEBUG][2015-12-07 19:03:11,155][com.java.SeleniumDriver] [ 1211] - Case found
[DEBUG][2015-12-07 19:03:11,155][com.java.SeleniumDriver] [ 1216] - Incrementing ReportCounters[0]:2
[INFO ][2015-12-07 19:03:11,155][com.java.SeleniumDriver] [ 1235] - The results are-------------------[6, 56, Synchronize Historical, Fail, 
Test case failed at Step No. :: 56   Error Message ::  //div[@class="blockUI blockOverlay"]   :: Element not Found. Screen Shot : D:\BankersDashboard\TestReports\120715\6_120715_190300_IE10.png, Mon Dec 07 19:03:11 IST 2015]
[INFO ][2015-12-07 19:03:11,155][com.java.SeleniumDriver] [ 1239] - End time is-------7 min 25 sec
[INFO ][2015-12-07 19:03:11,155][com.java.SeleniumDriver] [ 1240] - The results are-------------------[6, 56, Synchronize Historical, Fail, 
Test case failed at Step No. :: 56   Error Message ::  //div[@class="blockUI blockOverlay"]   :: Element not Found. Screen Shot : D:\BankersDashboard\TestReports\120715\6_120715_190300_IE10.png, Mon Dec 07 19:03:11 IST 2015]
[DEBUG][2015-12-07 19:03:11,155][com.java.ImportnExport.ExportTestResultsExcel] [  222] - testResultPath = D:\BankersDashboard/TestReports/Test Results_BankersDashBoard_120715_185547_IE10_Any Bank USA.xls
[DEBUG][2015-12-07 19:03:11,155][com.java.ImportnExport.ExportTestResultsExcel] [  223] - browser is------------IE10
[DEBUG][2015-12-07 19:03:11,155][com.java.ImportnExport.ExportTestResultsExcel] [  270] - result.size() = 6
[DEBUG][2015-12-07 19:03:11,155][com.java.ImportnExport.ExportTestResultsExcel] [  274] - No of rows in sheet=2
[DEBUG][2015-12-07 19:03:11,155][com.java.ImportnExport.ExportTestResultsExcel] [  301] - ..in export..6
[DEBUG][2015-12-07 19:03:11,155][com.java.ImportnExport.ExportTestResultsExcel] [  301] - ..in export..Synchronize Historical
[DEBUG][2015-12-07 19:03:11,155][com.java.ImportnExport.ExportTestResultsExcel] [  301] - ..in export..Fail
[DEBUG][2015-12-07 19:03:11,155][com.java.ImportnExport.ExportTestResultsExcel] [  301] - ..in export..
Test case failed at Step No. :: 56   Error Message ::  //div[@class="blockUI blockOverlay"]   :: Element not Found. Screen Shot : D:\BankersDashboard\TestReports\120715\6_120715_190300_IE10.png
[DEBUG][2015-12-07 19:03:11,155][com.java.ImportnExport.ExportTestResultsExcel] [  301] - ..in export..Mon Dec 07 19:03:11 IST 2015
[INFO ][2015-12-07 19:03:11,155][com.java.SeleniumDriver] [ 1298] - out loop:1 size:2 TestCases:[1, 6] testcases:[1, 6]
[INFO ][2015-12-07 19:03:13,155][com.java.SeleniumDriver] [ 1341] - Total Number of Cases:2
[INFO ][2015-12-07 19:03:13,155][com.java.TemplateGenerator] [  302] - Executed:2
[INFO ][2015-12-07 19:03:13,155][com.java.TemplateGenerator] [  303] - Passed:1
[INFO ][2015-12-07 19:03:13,155][com.java.TemplateGenerator] [  304] - Failed:1
[INFO ][2015-12-07 19:03:13,155][com.java.TemplateGenerator] [  305] - Skipeed:0
[INFO ][2015-12-07 19:03:13,155][com.java.TemplateGenerator] [  306] - Application URL:https://clients-xuat.bankersdashboard.com
[INFO ][2015-12-07 19:03:13,155][com.java.TemplateGenerator] [  307] - Start Time:120715_185547
[INFO ][2015-12-07 19:03:13,155][com.java.TemplateGenerator] [  308] -  Creating HTML Report 
[ERROR][2015-12-07 19:03:13,155][com.java.TemplateGenerator] [  409] - Unparseable date: "Mon Dec 07 06:55:47 IST 2015"
[INFO ][2015-12-07 19:03:13,155][com.java.TemplateGenerator] [  654] -  Exporting case :: 1
[INFO ][2015-12-07 19:03:13,155][com.java.TemplateGenerator] [  654] -  Exporting case :: 6
[INFO ][2015-12-07 19:03:13,155][com.java.SeleniumDriver] [ 1390] - End Time:120715_190313
[INFO ][2015-12-07 19:03:13,155][com.java.SeleniumDriver] [ 1393] - Data in Test Execution Details:{1=PASS, 6=FAILTest case failed at Step No. :: 56   Error Message ::  //div[@class="blockUI blockOverlay"]   :: Element not Found}
[INFO ][2015-12-07 19:03:13,155][com.java.SeleniumDriver] [ 1394] - Data in Failed Execution Deatils:{}
[INFO ][2015-12-07 19:03:13,155][com.java.SeleniumDriver] [ 1396] - ReportCounter:Total:2 :: PASS: 1 ::FAIL: 1
[INFO ][2015-12-07 19:03:13,155][com.java.SeleniumDriver] [ 1397] - FailedReportCounter:Total:0 :: PASS: 0 ::FAIL: 0
[INFO ][2015-12-07 19:03:13,156][com.java.EmailTestReport] [   63] - Sending report mail details:
[INFO ][2015-12-07 19:03:13,156][com.java.EmailTestReport] [   80] - Excel Report Path:D:\BankersDashboard/TestReports/Test Results_BankersDashBoard_120715_185547_IE10_Any Bank USA.xls
[INFO ][2015-12-07 19:03:13,156][com.java.EmailTestReport] [   81] - HTML Report Path:D:\BankersDashboard//TestReports//Test Results_BankersDashBoard_120715_185547_IE10_Any Bank USA.html
[INFO ][2015-12-07 19:03:13,156][com.java.EmailTestReport] [   82] - smtpHostName:mail01.valuelabs.com
[INFO ][2015-12-07 19:03:13,156][com.java.EmailTestReport] [   83] - Recipient:venkateswararao.gubbala@valuelabs.com;
[INFO ][2015-12-07 19:03:13,156][com.java.EmailTestReport] [   84] - From:venkateswararao.gubbala@valuelabs.com;
[INFO ][2015-12-07 19:03:13,156][com.java.EmailTestReport] [   85] - Subject:Deluxe Corp Bankers Dashboard Automation Test Report - Any Bank USA - IE10
[INFO ][2015-12-07 19:03:13,176][com.java.EmailTestReport] [  143] -  Added venkateswararao.gubbala@valuelabs.com
[INFO ][2015-12-07 19:03:16,316][com.java.SeleniumDriver] [  720] - quitting the browser 
[INFO ][2015-12-07 19:03:17,443][com.java.SeleniumDriver] [  264] - Execution Completed Stopping the thread
