[INFO ][2015-11-05 14:31:28,290][com.java.SeleniumDriver] [  213] - Execute Failed Casesfalse
[INFO ][2015-11-05 14:31:28,290][com.java.SeleniumDriver] [  214] - Browser: IE11
[INFO ][2015-11-05 14:31:28,290][com.java.SeleniumDriver] [  215] - [1, 11]
[INFO ][2015-11-05 14:31:28,290][com.java.SeleniumDriver] [  216] - Total TestCases:2
[INFO ][2015-11-05 14:31:28,290][com.java.SeleniumDriver] [  217] -  Reading Properties from Property File 
[DEBUG][2015-11-05 14:31:28,290][com.java.SeleniumDriver] [  238] - url : https://clients-xuat.bankersdashboard.com
[INFO ][2015-11-05 14:31:28,290][com.java.ImportnExport.ExportTestResultsExcel] [  116] - Time Stamp Thu Nov 05 02:31:28 IST 2015
[INFO ][2015-11-05 14:31:28,290][com.java.ImportnExport.ExportTestResultsExcel] [  175] - OUT FILE : D:\BankersDashboard/TestReports/Test Results_BankersDashBoard_110515_143128_IE11_Simmons First National Bank.xls
[INFO ][2015-11-05 14:31:28,311][com.java.ImportnExport.ExportTestResultsExcel] [  180] - Test Result file is created
[DEBUG][2015-11-05 14:31:28,411][com.java.SeleniumDriver] [  425] - Hub ip address is-------172.17.68.34
[INFO ][2015-11-05 14:31:28,411][com.java.SeleniumDriver] [  451] - Grid URL:http://172.17.68.34:4444/wd/hub
[INFO ][2015-11-05 14:31:28,411][com.java.SeleniumDriver] [  452] - Capability:Capabilities [{platform=ANY, ensureCleanSession=true, ignoreProtectedModeSettings=true, acceptSslCerts=true, ignoreZoomSetting=true, browserName=internet explorer, browserstack.ie.noFlash=true, version=Node1}]
[ERROR][2015-11-05 14:31:29,691][com.java.SeleniumDriver] [  496] - Unable invoke browser in grid:Could not start a new session. Possible causes are invalid address of the remote server or browser start-up failure.
Build info: version: '2.48.2', revision: '41bccdd', time: '2015-10-09 19:59:12'
System info: host: 'FVTIII438F1D', ip: '172.17.68.34', os.name: 'Windows 7', os.arch: 'x86', os.version: '6.1', java.version: '1.7.0_55'
Driver info: driver.version: SeleniumDriver
[INFO ][2015-11-05 14:31:29,691][com.java.SeleniumDriver] [  498] - Executing on local machine
[INFO ][2015-11-05 14:31:38,875][com.java.SeleniumDriver] [  248] - IE11is opened
[INFO ][2015-11-05 14:31:39,723][com.java.SeleniumDriver] [  752] - Test cases to be executed are: [1, 11]
[INFO ][2015-11-05 14:31:39,723][com.java.ImportnExport.ImportTestDataDetailsExcel] [   49] - test data details path===== D:\BankersDashboard\TestInputs\TestData.xls
[INFO ][2015-11-05 14:31:50,752][com.java.SeleniumDriver] [  788] - ------------------------------------------
[INFO ][2015-11-05 14:31:50,752][com.java.SeleniumDriver] [  789] - Test case being Executed: 1
[INFO ][2015-11-05 14:31:50,753][com.java.SeleniumDriver] [  800] - Test step:1
[INFO ][2015-11-05 14:31:50,753][com.java.SeleniumDriver] [  812] - Datavalue is----------Concept#1:1-14
[INFO ][2015-11-05 14:31:50,753][com.java.SeleniumDriver] [  836] - DataField : test
[INFO ][2015-11-05 14:31:50,753][com.java.SeleniumDriver] [  838] - DataValue : Concept#1:1-14
[INFO ][2015-11-05 14:31:50,753][com.java.SeleniumDriver] [  844] - <In Set values of the page>
[INFO ][2015-11-05 14:31:50,753][com.java.SeleniumDriver] [  847] - {Data Fields & Data Values Exist}
[INFO ][2015-11-05 14:31:50,753][com.java.SeleniumDriver] [  849] - --------------------------setting values-----------------------------
[INFO ][2015-11-05 14:31:50,753][com.java.SeleniumDriver] [  852] - Action Type : ExecuteTestCase
[INFO ][2015-11-05 14:31:50,783][com.java.TestType] [  414] - The Concept sheet name is ---------- Concept
[INFO ][2015-11-05 14:31:50,783][com.java.TestType] [  417] - The Concept ID  is ---------- 1
[DEBUG][2015-11-05 14:31:50,783][com.java.TestType] [  421] - Steps being executted in the Concept are: 1:14
[INFO ][2015-11-05 14:31:50,783][com.java.TestType] [  428] - Test data details path ---------- D:\BankersDashboard\TestInputs\TestData.xls
[INFO ][2015-11-05 14:31:50,813][com.java.TestType] [  459] -  str(1) = 1
[INFO ][2015-11-05 14:31:50,813][com.java.TestType] [  462] - Test case Id is---1
[INFO ][2015-11-05 14:31:50,813][com.java.TestType] [  464] - 1
[INFO ][2015-11-05 14:31:50,813][com.java.TestType] [  459] -  str(2) = 1
[INFO ][2015-11-05 14:31:50,823][com.java.TestType] [  511] - row values are--------{1=com.java.Objects.TestDataDetails@1edc134}
[INFO ][2015-11-05 14:31:50,823][com.java.TestType] [  459] -  str(1) = 1
[INFO ][2015-11-05 14:31:50,823][com.java.TestType] [  462] - Test case Id is---1
[INFO ][2015-11-05 14:31:50,823][com.java.TestType] [  464] - 1
[INFO ][2015-11-05 14:31:50,823][com.java.TestType] [  459] -  str(2) = 2
[INFO ][2015-11-05 14:31:50,823][com.java.TestType] [  511] - row values are--------{1=com.java.Objects.TestDataDetails@1edc134, 2=com.java.Objects.TestDataDetails@19de6c}
[INFO ][2015-11-05 14:31:50,823][com.java.TestType] [  459] -  str(1) = 1
[INFO ][2015-11-05 14:31:50,823][com.java.TestType] [  462] - Test case Id is---1
[INFO ][2015-11-05 14:31:50,823][com.java.TestType] [  464] - 1
[INFO ][2015-11-05 14:31:50,823][com.java.TestType] [  459] -  str(2) = 3
[INFO ][2015-11-05 14:31:50,823][com.java.TestType] [  511] - row values are--------{1=com.java.Objects.TestDataDetails@1edc134, 2=com.java.Objects.TestDataDetails@19de6c, 3=com.java.Objects.TestDataDetails@9b81d5}
[INFO ][2015-11-05 14:31:50,823][com.java.TestType] [  459] -  str(1) = 1
[INFO ][2015-11-05 14:31:50,823][com.java.TestType] [  462] - Test case Id is---1
[INFO ][2015-11-05 14:31:50,823][com.java.TestType] [  464] - 1
[INFO ][2015-11-05 14:31:50,823][com.java.TestType] [  459] -  str(2) = 4
[INFO ][2015-11-05 14:31:50,823][com.java.TestType] [  511] - row values are--------{1=com.java.Objects.TestDataDetails@1edc134, 2=com.java.Objects.TestDataDetails@19de6c, 3=com.java.Objects.TestDataDetails@9b81d5, 4=com.java.Objects.TestDataDetails@1f8a98}
[INFO ][2015-11-05 14:31:50,823][com.java.TestType] [  459] -  str(1) = 1
[INFO ][2015-11-05 14:31:50,823][com.java.TestType] [  462] - Test case Id is---1
[INFO ][2015-11-05 14:31:50,823][com.java.TestType] [  464] - 1
[INFO ][2015-11-05 14:31:50,823][com.java.TestType] [  459] -  str(2) = 5
[INFO ][2015-11-05 14:31:50,823][com.java.TestType] [  511] - row values are--------{1=com.java.Objects.TestDataDetails@1edc134, 2=com.java.Objects.TestDataDetails@19de6c, 3=com.java.Objects.TestDataDetails@9b81d5, 4=com.java.Objects.TestDataDetails@1f8a98, 5=com.java.Objects.TestDataDetails@f5bb3d}
[INFO ][2015-11-05 14:31:50,823][com.java.TestType] [  459] -  str(1) = 1
[INFO ][2015-11-05 14:31:50,823][com.java.TestType] [  462] - Test case Id is---1
[INFO ][2015-11-05 14:31:50,823][com.java.TestType] [  464] - 1
[INFO ][2015-11-05 14:31:50,823][com.java.TestType] [  459] -  str(2) = 6
[INFO ][2015-11-05 14:31:50,833][com.java.TestType] [  511] - row values are--------{1=com.java.Objects.TestDataDetails@1edc134, 2=com.java.Objects.TestDataDetails@19de6c, 3=com.java.Objects.TestDataDetails@9b81d5, 4=com.java.Objects.TestDataDetails@1f8a98, 5=com.java.Objects.TestDataDetails@f5bb3d, 6=com.java.Objects.TestDataDetails@945083}
[INFO ][2015-11-05 14:31:50,833][com.java.TestType] [  459] -  str(1) = 1
[INFO ][2015-11-05 14:31:50,833][com.java.TestType] [  462] - Test case Id is---1
[INFO ][2015-11-05 14:31:50,833][com.java.TestType] [  464] - 1
[INFO ][2015-11-05 14:31:50,833][com.java.TestType] [  459] -  str(2) = 7
[INFO ][2015-11-05 14:31:50,833][com.java.TestType] [  511] - row values are--------{1=com.java.Objects.TestDataDetails@1edc134, 2=com.java.Objects.TestDataDetails@19de6c, 3=com.java.Objects.TestDataDetails@9b81d5, 4=com.java.Objects.TestDataDetails@1f8a98, 5=com.java.Objects.TestDataDetails@f5bb3d, 6=com.java.Objects.TestDataDetails@945083, 7=com.java.Objects.TestDataDetails@112c003}
[INFO ][2015-11-05 14:31:50,833][com.java.TestType] [  459] -  str(1) = 1
[INFO ][2015-11-05 14:31:50,833][com.java.TestType] [  462] - Test case Id is---1
[INFO ][2015-11-05 14:31:50,833][com.java.TestType] [  464] - 1
[INFO ][2015-11-05 14:31:50,833][com.java.TestType] [  459] -  str(2) = 8
[INFO ][2015-11-05 14:31:50,833][com.java.TestType] [  511] - row values are--------{1=com.java.Objects.TestDataDetails@1edc134, 2=com.java.Objects.TestDataDetails@19de6c, 3=com.java.Objects.TestDataDetails@9b81d5, 4=com.java.Objects.TestDataDetails@1f8a98, 5=com.java.Objects.TestDataDetails@f5bb3d, 6=com.java.Objects.TestDataDetails@945083, 7=com.java.Objects.TestDataDetails@112c003, 8=com.java.Objects.TestDataDetails@18778fd}
[INFO ][2015-11-05 14:31:50,833][com.java.TestType] [  459] -  str(1) = 1
[INFO ][2015-11-05 14:31:50,833][com.java.TestType] [  462] - Test case Id is---1
[INFO ][2015-11-05 14:31:50,833][com.java.TestType] [  464] - 1
[INFO ][2015-11-05 14:31:50,833][com.java.TestType] [  459] -  str(2) = 9
[INFO ][2015-11-05 14:31:50,833][com.java.TestType] [  511] - row values are--------{1=com.java.Objects.TestDataDetails@1edc134, 2=com.java.Objects.TestDataDetails@19de6c, 3=com.java.Objects.TestDataDetails@9b81d5, 4=com.java.Objects.TestDataDetails@1f8a98, 5=com.java.Objects.TestDataDetails@f5bb3d, 6=com.java.Objects.TestDataDetails@945083, 7=com.java.Objects.TestDataDetails@112c003, 8=com.java.Objects.TestDataDetails@18778fd, 9=com.java.Objects.TestDataDetails@182c145}
[INFO ][2015-11-05 14:31:50,833][com.java.TestType] [  459] -  str(1) = 1
[INFO ][2015-11-05 14:31:50,833][com.java.TestType] [  462] - Test case Id is---1
[INFO ][2015-11-05 14:31:50,833][com.java.TestType] [  464] - 1
[INFO ][2015-11-05 14:31:50,833][com.java.TestType] [  459] -  str(2) = 10
[INFO ][2015-11-05 14:31:50,833][com.java.TestType] [  511] - row values are--------{1=com.java.Objects.TestDataDetails@1edc134, 2=com.java.Objects.TestDataDetails@19de6c, 3=com.java.Objects.TestDataDetails@9b81d5, 4=com.java.Objects.TestDataDetails@1f8a98, 5=com.java.Objects.TestDataDetails@f5bb3d, 6=com.java.Objects.TestDataDetails@945083, 7=com.java.Objects.TestDataDetails@112c003, 8=com.java.Objects.TestDataDetails@18778fd, 9=com.java.Objects.TestDataDetails@182c145, 10=com.java.Objects.TestDataDetails@1137c6}
[INFO ][2015-11-05 14:31:50,833][com.java.TestType] [  459] -  str(1) = 1
[INFO ][2015-11-05 14:31:50,833][com.java.TestType] [  462] - Test case Id is---1
[INFO ][2015-11-05 14:31:50,833][com.java.TestType] [  464] - 1
[INFO ][2015-11-05 14:31:50,833][com.java.TestType] [  459] -  str(2) = 11
[INFO ][2015-11-05 14:31:50,833][com.java.TestType] [  511] - row values are--------{1=com.java.Objects.TestDataDetails@1edc134, 2=com.java.Objects.TestDataDetails@19de6c, 3=com.java.Objects.TestDataDetails@9b81d5, 4=com.java.Objects.TestDataDetails@1f8a98, 5=com.java.Objects.TestDataDetails@f5bb3d, 6=com.java.Objects.TestDataDetails@945083, 7=com.java.Objects.TestDataDetails@112c003, 8=com.java.Objects.TestDataDetails@18778fd, 9=com.java.Objects.TestDataDetails@182c145, 10=com.java.Objects.TestDataDetails@1137c6, 11=com.java.Objects.TestDataDetails@edb374}
[INFO ][2015-11-05 14:31:50,833][com.java.TestType] [  459] -  str(1) = 1
[INFO ][2015-11-05 14:31:50,833][com.java.TestType] [  462] - Test case Id is---1
[INFO ][2015-11-05 14:31:50,833][com.java.TestType] [  464] - 1
[INFO ][2015-11-05 14:31:50,833][com.java.TestType] [  459] -  str(2) = 12
[INFO ][2015-11-05 14:31:50,833][com.java.TestType] [  511] - row values are--------{1=com.java.Objects.TestDataDetails@1edc134, 2=com.java.Objects.TestDataDetails@19de6c, 3=com.java.Objects.TestDataDetails@9b81d5, 4=com.java.Objects.TestDataDetails@1f8a98, 5=com.java.Objects.TestDataDetails@f5bb3d, 6=com.java.Objects.TestDataDetails@945083, 7=com.java.Objects.TestDataDetails@112c003, 8=com.java.Objects.TestDataDetails@18778fd, 9=com.java.Objects.TestDataDetails@182c145, 10=com.java.Objects.TestDataDetails@1137c6, 11=com.java.Objects.TestDataDetails@edb374, 12=com.java.Objects.TestDataDetails@7da122}
[INFO ][2015-11-05 14:31:50,833][com.java.TestType] [  459] -  str(1) = 1
[INFO ][2015-11-05 14:31:50,833][com.java.TestType] [  462] - Test case Id is---1
[INFO ][2015-11-05 14:31:50,833][com.java.TestType] [  464] - 1
[INFO ][2015-11-05 14:31:50,833][com.java.TestType] [  459] -  str(2) = 13
[INFO ][2015-11-05 14:31:50,833][com.java.TestType] [  511] - row values are--------{1=com.java.Objects.TestDataDetails@1edc134, 2=com.java.Objects.TestDataDetails@19de6c, 3=com.java.Objects.TestDataDetails@9b81d5, 4=com.java.Objects.TestDataDetails@1f8a98, 5=com.java.Objects.TestDataDetails@f5bb3d, 6=com.java.Objects.TestDataDetails@945083, 7=com.java.Objects.TestDataDetails@112c003, 8=com.java.Objects.TestDataDetails@18778fd, 9=com.java.Objects.TestDataDetails@182c145, 10=com.java.Objects.TestDataDetails@1137c6, 11=com.java.Objects.TestDataDetails@edb374, 12=com.java.Objects.TestDataDetails@7da122, 13=com.java.Objects.TestDataDetails@445889}
[INFO ][2015-11-05 14:31:50,833][com.java.TestType] [  459] -  str(1) = 1
[INFO ][2015-11-05 14:31:50,833][com.java.TestType] [  462] - Test case Id is---1
[INFO ][2015-11-05 14:31:50,833][com.java.TestType] [  464] - 1
[INFO ][2015-11-05 14:31:50,833][com.java.TestType] [  459] -  str(2) = 14
[INFO ][2015-11-05 14:31:50,833][com.java.TestType] [  511] - row values are--------{1=com.java.Objects.TestDataDetails@1edc134, 2=com.java.Objects.TestDataDetails@19de6c, 3=com.java.Objects.TestDataDetails@9b81d5, 4=com.java.Objects.TestDataDetails@1f8a98, 5=com.java.Objects.TestDataDetails@f5bb3d, 6=com.java.Objects.TestDataDetails@945083, 7=com.java.Objects.TestDataDetails@112c003, 8=com.java.Objects.TestDataDetails@18778fd, 9=com.java.Objects.TestDataDetails@182c145, 10=com.java.Objects.TestDataDetails@1137c6, 11=com.java.Objects.TestDataDetails@edb374, 12=com.java.Objects.TestDataDetails@7da122, 13=com.java.Objects.TestDataDetails@445889, 14=com.java.Objects.TestDataDetails@33b94e}
[INFO ][2015-11-05 14:31:50,833][com.java.TestType] [ 7927] - Looping 1TCID = 1
[DEBUG][2015-11-05 14:31:50,833][com.java.TestType] [ 7968] - Concept ID:1 :: Step being Executed: 1::1
[INFO ][2015-11-05 14:31:50,843][com.java.TestType] [ 8006] - dataFields : TXTusername
[DEBUG][2015-11-05 14:31:50,843][com.java.TestType] [ 8012] - <In Set values of the page>
[DEBUG][2015-11-05 14:31:50,843][com.java.TestType] [ 8017] - {Data Fields & Data Values Exist}
[INFO ][2015-11-05 14:31:50,843][com.java.TestType] [ 8023] - --------------------------setting values-----------------------------
[INFO ][2015-11-05 14:31:50,843][com.java.TestType] [ 8026] - Action Type : CLEARANDENTER
[INFO ][2015-11-05 14:31:50,843][com.java.TestType] [ 3778] - value = valuelabs.ie11.03890
[INFO ][2015-11-05 14:31:55,646][com.java.TestType] [ 8045] -  RESULT true
[INFO ][2015-11-05 14:31:55,646][com.java.TestType] [ 8162] - ?   P A S S   ?
[DEBUG][2015-11-05 14:31:55,646][com.java.TestType] [ 7968] - Concept ID:1 :: Step being Executed: 1::2
[INFO ][2015-11-05 14:31:55,646][com.java.TestType] [ 8006] - dataFields : TXTpassword
[DEBUG][2015-11-05 14:31:55,646][com.java.TestType] [ 8012] - <In Set values of the page>
[DEBUG][2015-11-05 14:31:55,646][com.java.TestType] [ 8017] - {Data Fields & Data Values Exist}
[INFO ][2015-11-05 14:31:55,646][com.java.TestType] [ 8023] - --------------------------setting values-----------------------------
[INFO ][2015-11-05 14:31:55,646][com.java.TestType] [ 8026] - Action Type : CLEARANDENTER
[INFO ][2015-11-05 14:31:55,646][com.java.TestType] [ 3778] - value = Password1*
[INFO ][2015-11-05 14:32:00,583][com.java.TestType] [ 8045] -  RESULT true
[INFO ][2015-11-05 14:32:00,583][com.java.TestType] [ 8162] - ?   P A S S   ?
[DEBUG][2015-11-05 14:32:00,583][com.java.TestType] [ 7968] - Concept ID:1 :: Step being Executed: 1::3
[ERROR][2015-11-05 14:32:00,583][com.java.TestType] [ 8001] - Exception: null
[INFO ][2015-11-05 14:32:00,583][com.java.TestType] [ 8006] - dataFields : XPH//button[@type='submit']
[DEBUG][2015-11-05 14:32:00,583][com.java.TestType] [ 8012] - <In Set values of the page>
[DEBUG][2015-11-05 14:32:00,583][com.java.TestType] [ 8017] - {Data Fields & Data Values Exist}
[INFO ][2015-11-05 14:32:00,583][com.java.TestType] [ 8023] - --------------------------setting values-----------------------------
[INFO ][2015-11-05 14:32:00,583][com.java.TestType] [ 8026] - Action Type : Click
[INFO ][2015-11-05 14:32:00,583][com.java.TestType] [ 4091] - Field ::XPH//button[@type='submit']
[INFO ][2015-11-05 14:32:01,583][com.java.TestType] [ 4150] - BEFORE CLICK
[INFO ][2015-11-05 14:32:02,405][com.java.TestType] [ 4158] - Unable to click the object Login
[INFO ][2015-11-05 14:32:02,405][com.java.TestType] [ 8045] -  RESULT true
[INFO ][2015-11-05 14:32:02,405][com.java.TestType] [ 8162] - ?   P A S S   ?
[DEBUG][2015-11-05 14:32:02,405][com.java.TestType] [ 7968] - Concept ID:1 :: Step being Executed: 1::4
[INFO ][2015-11-05 14:32:02,405][com.java.TestType] [ 8006] - dataFields : LNKLogout
[DEBUG][2015-11-05 14:32:02,405][com.java.TestType] [ 8012] - <In Set values of the page>
[DEBUG][2015-11-05 14:32:02,405][com.java.TestType] [ 8017] - {Data Fields & Data Values Exist}
[INFO ][2015-11-05 14:32:02,405][com.java.TestType] [ 8023] - --------------------------setting values-----------------------------
[INFO ][2015-11-05 14:32:02,405][com.java.TestType] [ 8026] - Action Type : WaitForElement
[INFO ][2015-11-05 14:32:09,451][com.java.TestType] [ 8045] -  RESULT true
[INFO ][2015-11-05 14:32:09,451][com.java.TestType] [ 8162] - ?   P A S S   ?
[DEBUG][2015-11-05 14:32:09,451][com.java.TestType] [ 7968] - Concept ID:1 :: Step being Executed: 1::13
[INFO ][2015-11-05 14:32:09,451][com.java.TestType] [ 8006] - dataFields : LNK
[DEBUG][2015-11-05 14:32:09,451][com.java.TestType] [ 8012] - <In Set values of the page>
[DEBUG][2015-11-05 14:32:09,451][com.java.TestType] [ 8017] - {Data Fields & Data Values Exist}
[INFO ][2015-11-05 14:32:09,451][com.java.TestType] [ 8023] - --------------------------setting values-----------------------------
[INFO ][2015-11-05 14:32:09,451][com.java.TestType] [ 8026] - Action Type : Verify
[INFO ][2015-11-05 14:32:09,451][com.java.TestType] [ 4904] - field= LNK value= Logout
[INFO ][2015-11-05 14:32:09,451][com.java.TestType] [ 3778] - value = Logout
[INFO ][2015-11-05 14:32:09,492][com.java.TestType] [ 8045] -  RESULT true
[INFO ][2015-11-05 14:32:09,492][com.java.TestType] [ 8162] - ?   P A S S   ?
[DEBUG][2015-11-05 14:32:09,492][com.java.TestType] [ 7968] - Concept ID:1 :: Step being Executed: 1::14
[INFO ][2015-11-05 14:32:09,492][com.java.TestType] [ 8006] - dataFields : BTN
[DEBUG][2015-11-05 14:32:09,492][com.java.TestType] [ 8012] - <In Set values of the page>
[DEBUG][2015-11-05 14:32:09,492][com.java.TestType] [ 8017] - {Data Fields & Data Values Exist}
[INFO ][2015-11-05 14:32:09,492][com.java.TestType] [ 8023] - --------------------------setting values-----------------------------
[INFO ][2015-11-05 14:32:09,492][com.java.TestType] [ 8026] - Action Type : Verify
[INFO ][2015-11-05 14:32:09,492][com.java.TestType] [ 4904] - field= BTN value= //img[contains(@src,'bdlogo.jpg')]
[INFO ][2015-11-05 14:32:09,492][com.java.TestType] [ 3778] - value = //img[contains(@src,'bdlogo.jpg')]
[INFO ][2015-11-05 14:32:09,522][com.java.TestType] [ 8045] -  RESULT true
[INFO ][2015-11-05 14:32:09,522][com.java.TestType] [ 8162] - ?   P A S S   ?
[INFO ][2015-11-05 14:32:09,522][com.java.TestType] [ 8233] - Looping End......
[INFO ][2015-11-05 14:32:09,522][com.java.SeleniumDriver] [  861] -  RESULT true
[INFO ][2015-11-05 14:32:09,522][com.java.SeleniumDriver] [ 1066] - ?   P A S S   ?
[INFO ][2015-11-05 14:32:09,522][com.java.SeleniumDriver] [  788] - ------------------------------------------
[INFO ][2015-11-05 14:32:09,522][com.java.SeleniumDriver] [  789] - Test case being Executed: 1
[INFO ][2015-11-05 14:32:09,522][com.java.SeleniumDriver] [  800] - Test step:2
[INFO ][2015-11-05 14:32:09,522][com.java.SeleniumDriver] [  812] - Datavalue is----------Concept#2:1-2
[INFO ][2015-11-05 14:32:09,522][com.java.SeleniumDriver] [  836] - DataField : test
[INFO ][2015-11-05 14:32:09,522][com.java.SeleniumDriver] [  838] - DataValue : Concept#2:1-2
[INFO ][2015-11-05 14:32:09,522][com.java.SeleniumDriver] [  844] - <In Set values of the page>
[INFO ][2015-11-05 14:32:09,522][com.java.SeleniumDriver] [  847] - {Data Fields & Data Values Exist}
[INFO ][2015-11-05 14:32:09,522][com.java.SeleniumDriver] [  849] - --------------------------setting values-----------------------------
[INFO ][2015-11-05 14:32:09,522][com.java.SeleniumDriver] [  852] - Action Type : ExecuteTestCase
[INFO ][2015-11-05 14:32:09,522][com.java.TestType] [  414] - The Concept sheet name is ---------- Concept
[INFO ][2015-11-05 14:32:09,522][com.java.TestType] [  417] - The Concept ID  is ---------- 2
[DEBUG][2015-11-05 14:32:09,522][com.java.TestType] [  421] - Steps being executted in the Concept are: 1:2
[INFO ][2015-11-05 14:32:09,522][com.java.TestType] [  428] - Test data details path ---------- D:\BankersDashboard\TestInputs\TestData.xls
[INFO ][2015-11-05 14:32:09,562][com.java.TestType] [  459] -  str(1) = 2
[INFO ][2015-11-05 14:32:09,562][com.java.TestType] [  462] - Test case Id is---2
[INFO ][2015-11-05 14:32:09,562][com.java.TestType] [  464] - 2
[INFO ][2015-11-05 14:32:09,562][com.java.TestType] [  459] -  str(2) = 1
[INFO ][2015-11-05 14:32:09,562][com.java.TestType] [  511] - row values are--------{1=com.java.Objects.TestDataDetails@1ecab43}
[INFO ][2015-11-05 14:32:09,562][com.java.TestType] [  459] -  str(1) = 2
[INFO ][2015-11-05 14:32:09,562][com.java.TestType] [  462] - Test case Id is---2
[INFO ][2015-11-05 14:32:09,562][com.java.TestType] [  464] - 2
[INFO ][2015-11-05 14:32:09,562][com.java.TestType] [  459] -  str(2) = 2
[INFO ][2015-11-05 14:32:09,562][com.java.TestType] [  511] - row values are--------{1=com.java.Objects.TestDataDetails@1ecab43, 2=com.java.Objects.TestDataDetails@19e5e6b}
[INFO ][2015-11-05 14:32:09,562][com.java.TestType] [  459] -  str(1) = 2
[INFO ][2015-11-05 14:32:09,562][com.java.TestType] [  462] - Test case Id is---2
[INFO ][2015-11-05 14:32:09,562][com.java.TestType] [  464] - 2
[INFO ][2015-11-05 14:32:09,562][com.java.TestType] [  459] -  str(2) = 3
[INFO ][2015-11-05 14:32:09,562][com.java.TestType] [  511] - row values are--------{1=com.java.Objects.TestDataDetails@1ecab43, 2=com.java.Objects.TestDataDetails@19e5e6b, 3=com.java.Objects.TestDataDetails@7e77c9}
[INFO ][2015-11-05 14:32:09,562][com.java.TestType] [ 7927] - Looping 1TCID = 2
[DEBUG][2015-11-05 14:32:09,562][com.java.TestType] [ 7968] - Concept ID:2 :: Step being Executed: 2::1
[INFO ][2015-11-05 14:32:09,562][com.java.TestType] [ 8006] - dataFields : BNK//select[@id='bank']
[DEBUG][2015-11-05 14:32:09,562][com.java.TestType] [ 8012] - <In Set values of the page>
[DEBUG][2015-11-05 14:32:09,562][com.java.TestType] [ 8017] - {Data Fields & Data Values Exist}
[INFO ][2015-11-05 14:32:09,562][com.java.TestType] [ 8023] - --------------------------setting values-----------------------------
[INFO ][2015-11-05 14:32:09,562][com.java.TestType] [ 8026] - Action Type : Select
[INFO ][2015-11-05 14:32:09,562][com.java.TestType] [ 3778] - value = PFC
[INFO ][2015-11-05 14:32:09,752][com.java.TestType] [ 8045] -  RESULT true
[INFO ][2015-11-05 14:32:09,752][com.java.TestType] [ 8162] - ?   P A S S   ?
[DEBUG][2015-11-05 14:32:09,752][com.java.TestType] [ 7968] - Concept ID:2 :: Step being Executed: 2::2
[INFO ][2015-11-05 14:32:09,752][com.java.TestType] [ 8006] - dataFields : LNKLogout
[DEBUG][2015-11-05 14:32:09,752][com.java.TestType] [ 8012] - <In Set values of the page>
[DEBUG][2015-11-05 14:32:09,752][com.java.TestType] [ 8017] - {Data Fields & Data Values Exist}
[INFO ][2015-11-05 14:32:09,752][com.java.TestType] [ 8023] - --------------------------setting values-----------------------------
[INFO ][2015-11-05 14:32:09,752][com.java.TestType] [ 8026] - Action Type : WaitTime
[DEBUG][2015-11-05 14:32:09,752][com.java.TestType] [ 3677] - sleepTime: 5000
[INFO ][2015-11-05 14:32:14,752][com.java.TestType] [ 8045] -  RESULT true
[INFO ][2015-11-05 14:32:14,752][com.java.TestType] [ 8162] - ?   P A S S   ?
[INFO ][2015-11-05 14:32:14,752][com.java.TestType] [ 8233] - Looping End......
[INFO ][2015-11-05 14:32:14,752][com.java.SeleniumDriver] [  861] -  RESULT true
[INFO ][2015-11-05 14:32:14,752][com.java.SeleniumDriver] [ 1066] - ?   P A S S   ?
[INFO ][2015-11-05 14:32:14,752][com.java.SeleniumDriver] [  788] - ------------------------------------------
[INFO ][2015-11-05 14:32:14,752][com.java.SeleniumDriver] [  789] - Test case being Executed: 1
[INFO ][2015-11-05 14:32:14,752][com.java.SeleniumDriver] [  800] - Test step:3
[INFO ][2015-11-05 14:32:14,752][com.java.SeleniumDriver] [  812] - Datavalue is----------2
[INFO ][2015-11-05 14:32:14,752][com.java.SeleniumDriver] [  836] - DataField : XPH//button[contains(text(),'Add Content')]
[INFO ][2015-11-05 14:32:14,752][com.java.SeleniumDriver] [  838] - DataValue : 2
[INFO ][2015-11-05 14:32:14,752][com.java.SeleniumDriver] [  844] - <In Set values of the page>
[INFO ][2015-11-05 14:32:14,752][com.java.SeleniumDriver] [  847] - {Data Fields & Data Values Exist}
[INFO ][2015-11-05 14:32:14,752][com.java.SeleniumDriver] [  849] - --------------------------setting values-----------------------------
[INFO ][2015-11-05 14:32:14,752][com.java.SeleniumDriver] [  852] - Action Type : WAITFORELEMENT
[INFO ][2015-11-05 14:32:14,793][com.java.SeleniumDriver] [  861] -  RESULT true
[INFO ][2015-11-05 14:32:14,793][com.java.SeleniumDriver] [ 1066] - ?   P A S S   ?
[DEBUG][2015-11-05 14:32:14,793][com.java.SeleniumDriver] [ 1168] - Case found
[DEBUG][2015-11-05 14:32:14,793][com.java.SeleniumDriver] [ 1173] - Incrementing ReportCounters[0]:1
[INFO ][2015-11-05 14:32:14,793][com.java.SeleniumDriver] [ 1192] - The results are-------------------[1, 1, Valid Login, Pass, , Thu Nov 05 14:32:09 IST 2015, 1, 2, Valid Login, Pass, , Thu Nov 05 14:32:14 IST 2015, 1, 3, Valid Login, Pass, , Thu Nov 05 14:32:14 IST 2015]
[INFO ][2015-11-05 14:32:14,793][com.java.SeleniumDriver] [ 1196] - End time is-------48 sec
[INFO ][2015-11-05 14:32:14,793][com.java.SeleniumDriver] [ 1197] - The results are-------------------[1, 1, Valid Login, Pass, , Thu Nov 05 14:32:09 IST 2015, 1, 2, Valid Login, Pass, , Thu Nov 05 14:32:14 IST 2015, 1, 3, Valid Login, Pass, , Thu Nov 05 14:32:14 IST 2015]
[DEBUG][2015-11-05 14:32:14,793][com.java.ImportnExport.ExportTestResultsExcel] [  222] - testResultPath = D:\BankersDashboard/TestReports/Test Results_BankersDashBoard_110515_143128_IE11_Simmons First National Bank.xls
[DEBUG][2015-11-05 14:32:14,793][com.java.ImportnExport.ExportTestResultsExcel] [  223] - browser is------------IE11
[DEBUG][2015-11-05 14:32:14,833][com.java.ImportnExport.ExportTestResultsExcel] [  270] - result.size() = 18
[DEBUG][2015-11-05 14:32:14,833][com.java.ImportnExport.ExportTestResultsExcel] [  274] - No of rows in sheet=1
[DEBUG][2015-11-05 14:32:14,833][com.java.ImportnExport.ExportTestResultsExcel] [  301] - ..in export..1
[DEBUG][2015-11-05 14:32:14,833][com.java.ImportnExport.ExportTestResultsExcel] [  301] - ..in export..Valid Login
[DEBUG][2015-11-05 14:32:14,833][com.java.ImportnExport.ExportTestResultsExcel] [  301] - ..in export..Pass
[DEBUG][2015-11-05 14:32:14,833][com.java.ImportnExport.ExportTestResultsExcel] [  301] - ..in export..
[DEBUG][2015-11-05 14:32:14,833][com.java.ImportnExport.ExportTestResultsExcel] [  301] - ..in export..Thu Nov 05 14:32:09 IST 2015
[INFO ][2015-11-05 14:32:14,833][com.java.SeleniumDriver] [ 1255] - out loop:0 size:2 TestCases:[1, 11] testcases:[1, 11]
[INFO ][2015-11-05 14:32:14,833][com.java.ImportnExport.ImportTestDataDetailsExcel] [   49] - test data details path===== D:\BankersDashboard\TestInputs\TestData.xls
[INFO ][2015-11-05 14:32:57,832][com.java.SeleniumDriver] [  788] - ------------------------------------------
[INFO ][2015-11-05 14:32:57,832][com.java.SeleniumDriver] [  789] - Test case being Executed: 11
[INFO ][2015-11-05 14:32:57,832][com.java.SeleniumDriver] [  800] - Test step:1
[INFO ][2015-11-05 14:32:57,832][com.java.SeleniumDriver] [  812] - Datavalue is----------Logout
[INFO ][2015-11-05 14:32:57,832][com.java.SeleniumDriver] [  836] - DataField : BTN
[INFO ][2015-11-05 14:32:57,832][com.java.SeleniumDriver] [  838] - DataValue : Logout
[INFO ][2015-11-05 14:32:57,832][com.java.SeleniumDriver] [  844] - <In Set values of the page>
[INFO ][2015-11-05 14:32:57,832][com.java.SeleniumDriver] [  847] - {Data Fields & Data Values Exist}
[INFO ][2015-11-05 14:32:57,832][com.java.SeleniumDriver] [  849] - --------------------------setting values-----------------------------
[INFO ][2015-11-05 14:32:57,832][com.java.SeleniumDriver] [  852] - Action Type : Verify
[INFO ][2015-11-05 14:32:57,832][com.java.TestType] [ 4904] - field= BTN value= Logout
[INFO ][2015-11-05 14:32:57,832][com.java.TestType] [ 3778] - value = Logout
[INFO ][2015-11-05 14:32:57,863][com.java.SeleniumDriver] [  861] -  RESULT true
[INFO ][2015-11-05 14:32:57,863][com.java.SeleniumDriver] [ 1066] - ?   P A S S   ?
[INFO ][2015-11-05 14:32:57,863][com.java.SeleniumDriver] [ 1108] - step change to 3
[INFO ][2015-11-05 14:32:57,863][com.java.SeleniumDriver] [  788] - ------------------------------------------
[INFO ][2015-11-05 14:32:57,863][com.java.SeleniumDriver] [  789] - Test case being Executed: 11
[INFO ][2015-11-05 14:32:57,863][com.java.SeleniumDriver] [  800] - Test step:3
[INFO ][2015-11-05 14:32:57,863][com.java.SeleniumDriver] [  812] - Datavalue is----------Concept#2:1-2
[INFO ][2015-11-05 14:32:57,863][com.java.SeleniumDriver] [  836] - DataField : test
[INFO ][2015-11-05 14:32:57,863][com.java.SeleniumDriver] [  838] - DataValue : Concept#2:1-2
[INFO ][2015-11-05 14:32:57,863][com.java.SeleniumDriver] [  844] - <In Set values of the page>
[INFO ][2015-11-05 14:32:57,863][com.java.SeleniumDriver] [  847] - {Data Fields & Data Values Exist}
[INFO ][2015-11-05 14:32:57,863][com.java.SeleniumDriver] [  849] - --------------------------setting values-----------------------------
[INFO ][2015-11-05 14:32:57,863][com.java.SeleniumDriver] [  852] - Action Type : ExecuteTestCase
[INFO ][2015-11-05 14:32:57,863][com.java.TestType] [  414] - The Concept sheet name is ---------- Concept
[INFO ][2015-11-05 14:32:57,863][com.java.TestType] [  417] - The Concept ID  is ---------- 2
[DEBUG][2015-11-05 14:32:57,863][com.java.TestType] [  421] - Steps being executted in the Concept are: 1:2
[INFO ][2015-11-05 14:32:57,863][com.java.TestType] [  428] - Test data details path ---------- D:\BankersDashboard\TestInputs\TestData.xls
[INFO ][2015-11-05 14:32:57,893][com.java.TestType] [  459] -  str(1) = 2
[INFO ][2015-11-05 14:32:57,893][com.java.TestType] [  462] - Test case Id is---2
[INFO ][2015-11-05 14:32:57,893][com.java.TestType] [  464] - 2
[INFO ][2015-11-05 14:32:57,893][com.java.TestType] [  459] -  str(2) = 1
[INFO ][2015-11-05 14:32:57,893][com.java.TestType] [  511] - row values are--------{1=com.java.Objects.TestDataDetails@172978f}
[INFO ][2015-11-05 14:32:57,893][com.java.TestType] [  459] -  str(1) = 2
[INFO ][2015-11-05 14:32:57,893][com.java.TestType] [  462] - Test case Id is---2
[INFO ][2015-11-05 14:32:57,893][com.java.TestType] [  464] - 2
[INFO ][2015-11-05 14:32:57,893][com.java.TestType] [  459] -  str(2) = 2
[INFO ][2015-11-05 14:32:57,893][com.java.TestType] [  511] - row values are--------{1=com.java.Objects.TestDataDetails@172978f, 2=com.java.Objects.TestDataDetails@a5d24b}
[INFO ][2015-11-05 14:32:57,893][com.java.TestType] [  459] -  str(1) = 2
[INFO ][2015-11-05 14:32:57,893][com.java.TestType] [  462] - Test case Id is---2
[INFO ][2015-11-05 14:32:57,893][com.java.TestType] [  464] - 2
[INFO ][2015-11-05 14:32:57,893][com.java.TestType] [  459] -  str(2) = 3
[INFO ][2015-11-05 14:32:57,893][com.java.TestType] [  511] - row values are--------{1=com.java.Objects.TestDataDetails@172978f, 2=com.java.Objects.TestDataDetails@a5d24b, 3=com.java.Objects.TestDataDetails@146f75a}
[INFO ][2015-11-05 14:32:57,893][com.java.TestType] [ 7927] - Looping 1TCID = 2
[DEBUG][2015-11-05 14:32:57,893][com.java.TestType] [ 7968] - Concept ID:2 :: Step being Executed: 2::1
[INFO ][2015-11-05 14:32:57,893][com.java.TestType] [ 8006] - dataFields : BNK//select[@id='bank']
[DEBUG][2015-11-05 14:32:57,893][com.java.TestType] [ 8012] - <In Set values of the page>
[DEBUG][2015-11-05 14:32:57,893][com.java.TestType] [ 8017] - {Data Fields & Data Values Exist}
[INFO ][2015-11-05 14:32:57,893][com.java.TestType] [ 8023] - --------------------------setting values-----------------------------
[INFO ][2015-11-05 14:32:57,893][com.java.TestType] [ 8026] - Action Type : Select
[INFO ][2015-11-05 14:32:57,893][com.java.TestType] [ 3778] - value = PFC
[INFO ][2015-11-05 14:32:58,093][com.java.TestType] [ 8045] -  RESULT true
[INFO ][2015-11-05 14:32:58,093][com.java.TestType] [ 8162] - ?   P A S S   ?
[DEBUG][2015-11-05 14:32:58,093][com.java.TestType] [ 7968] - Concept ID:2 :: Step being Executed: 2::2
[INFO ][2015-11-05 14:32:58,093][com.java.TestType] [ 8006] - dataFields : LNKLogout
[DEBUG][2015-11-05 14:32:58,093][com.java.TestType] [ 8012] - <In Set values of the page>
[DEBUG][2015-11-05 14:32:58,093][com.java.TestType] [ 8017] - {Data Fields & Data Values Exist}
[INFO ][2015-11-05 14:32:58,093][com.java.TestType] [ 8023] - --------------------------setting values-----------------------------
[INFO ][2015-11-05 14:32:58,093][com.java.TestType] [ 8026] - Action Type : WaitTime
[DEBUG][2015-11-05 14:32:58,093][com.java.TestType] [ 3677] - sleepTime: 5000
[INFO ][2015-11-05 14:33:03,093][com.java.TestType] [ 8045] -  RESULT true
[INFO ][2015-11-05 14:33:03,093][com.java.TestType] [ 8162] - ?   P A S S   ?
[INFO ][2015-11-05 14:33:03,093][com.java.TestType] [ 8233] - Looping End......
[INFO ][2015-11-05 14:33:03,093][com.java.SeleniumDriver] [  861] -  RESULT true
[INFO ][2015-11-05 14:33:03,093][com.java.SeleniumDriver] [ 1066] - ?   P A S S   ?
[INFO ][2015-11-05 14:33:03,093][com.java.SeleniumDriver] [  788] - ------------------------------------------
[INFO ][2015-11-05 14:33:03,093][com.java.SeleniumDriver] [  789] - Test case being Executed: 11
[INFO ][2015-11-05 14:33:03,093][com.java.SeleniumDriver] [  800] - Test step:4
[INFO ][2015-11-05 14:33:03,093][com.java.SeleniumDriver] [  812] - Datavalue is----------null
[DEBUG][2015-11-05 14:33:03,093][com.java.SeleniumDriver] [  830] - Exception: null
[INFO ][2015-11-05 14:33:03,093][com.java.SeleniumDriver] [  836] - DataField : //span[@class='icon-user4']&&Users&&Manage Users
[INFO ][2015-11-05 14:33:03,093][com.java.SeleniumDriver] [  838] - DataValue : 
[INFO ][2015-11-05 14:33:03,093][com.java.SeleniumDriver] [  844] - <In Set values of the page>
[INFO ][2015-11-05 14:33:03,093][com.java.SeleniumDriver] [  847] - {Data Fields & Data Values Exist}
[INFO ][2015-11-05 14:33:03,093][com.java.SeleniumDriver] [  849] - --------------------------setting values-----------------------------
[INFO ][2015-11-05 14:33:03,093][com.java.SeleniumDriver] [  852] - Action Type : MouseOver
[INFO ][2015-11-05 14:33:32,192][com.java.SeleniumDriver] [  861] -  RESULT true
[INFO ][2015-11-05 14:33:32,192][com.java.SeleniumDriver] [ 1066] - ?   P A S S   ?
[INFO ][2015-11-05 14:33:32,192][com.java.SeleniumDriver] [  788] - ------------------------------------------
[INFO ][2015-11-05 14:33:32,192][com.java.SeleniumDriver] [  789] - Test case being Executed: 11
[INFO ][2015-11-05 14:33:32,192][com.java.SeleniumDriver] [  800] - Test step:5
[INFO ][2015-11-05 14:33:32,192][com.java.SeleniumDriver] [  812] - Datavalue is----------2
[INFO ][2015-11-05 14:33:32,192][com.java.SeleniumDriver] [  836] - DataField : BTNframeDialogContent
[INFO ][2015-11-05 14:33:32,192][com.java.SeleniumDriver] [  838] - DataValue : 2
[INFO ][2015-11-05 14:33:32,192][com.java.SeleniumDriver] [  844] - <In Set values of the page>
[INFO ][2015-11-05 14:33:32,192][com.java.SeleniumDriver] [  847] - {Data Fields & Data Values Exist}
[INFO ][2015-11-05 14:33:32,192][com.java.SeleniumDriver] [  849] - --------------------------setting values-----------------------------
[INFO ][2015-11-05 14:33:32,192][com.java.SeleniumDriver] [  852] - Action Type : WaitForElement
[INFO ][2015-11-05 14:33:33,403][com.java.SeleniumDriver] [  861] -  RESULT true
[INFO ][2015-11-05 14:33:33,403][com.java.SeleniumDriver] [ 1066] - ?   P A S S   ?
[INFO ][2015-11-05 14:33:33,403][com.java.SeleniumDriver] [  788] - ------------------------------------------
[INFO ][2015-11-05 14:33:33,403][com.java.SeleniumDriver] [  789] - Test case being Executed: 11
[INFO ][2015-11-05 14:33:33,403][com.java.SeleniumDriver] [  800] - Test step:6
[INFO ][2015-11-05 14:33:33,403][com.java.SeleniumDriver] [  812] - Datavalue is----------null
[DEBUG][2015-11-05 14:33:33,403][com.java.SeleniumDriver] [  830] - Exception: null
[INFO ][2015-11-05 14:33:33,403][com.java.SeleniumDriver] [  836] - DataField : BTNframeDialogContent
[INFO ][2015-11-05 14:33:33,403][com.java.SeleniumDriver] [  838] - DataValue : 
[INFO ][2015-11-05 14:33:33,403][com.java.SeleniumDriver] [  844] - <In Set values of the page>
[INFO ][2015-11-05 14:33:33,403][com.java.SeleniumDriver] [  847] - {Data Fields & Data Values Exist}
[INFO ][2015-11-05 14:33:33,403][com.java.SeleniumDriver] [  849] - --------------------------setting values-----------------------------
[INFO ][2015-11-05 14:33:33,403][com.java.SeleniumDriver] [  852] - Action Type : SelectFrame
[INFO ][2015-11-05 14:33:34,635][com.java.SeleniumDriver] [  861] -  RESULT true
[INFO ][2015-11-05 14:33:34,635][com.java.SeleniumDriver] [ 1066] - ?   P A S S   ?
[INFO ][2015-11-05 14:33:34,635][com.java.SeleniumDriver] [  788] - ------------------------------------------
[INFO ][2015-11-05 14:33:34,635][com.java.SeleniumDriver] [  789] - Test case being Executed: 11
[INFO ][2015-11-05 14:33:34,635][com.java.SeleniumDriver] [  800] - Test step:7
[INFO ][2015-11-05 14:33:34,635][com.java.SeleniumDriver] [  812] - Datavalue is----------2
[INFO ][2015-11-05 14:33:34,635][com.java.SeleniumDriver] [  836] - DataField : BTNbtnAddUser
[INFO ][2015-11-05 14:33:34,635][com.java.SeleniumDriver] [  838] - DataValue : 2
[INFO ][2015-11-05 14:33:34,635][com.java.SeleniumDriver] [  844] - <In Set values of the page>
[INFO ][2015-11-05 14:33:34,635][com.java.SeleniumDriver] [  847] - {Data Fields & Data Values Exist}
[INFO ][2015-11-05 14:33:34,635][com.java.SeleniumDriver] [  849] - --------------------------setting values-----------------------------
[INFO ][2015-11-05 14:33:34,635][com.java.SeleniumDriver] [  852] - Action Type : WaitForElement
[INFO ][2015-11-05 14:33:36,488][com.java.SeleniumDriver] [  861] -  RESULT true
[INFO ][2015-11-05 14:33:36,488][com.java.SeleniumDriver] [ 1066] - ?   P A S S   ?
[INFO ][2015-11-05 14:33:36,488][com.java.SeleniumDriver] [  788] - ------------------------------------------
[INFO ][2015-11-05 14:33:36,488][com.java.SeleniumDriver] [  789] - Test case being Executed: 11
[INFO ][2015-11-05 14:33:36,488][com.java.SeleniumDriver] [  800] - Test step:8
[INFO ][2015-11-05 14:33:36,488][com.java.SeleniumDriver] [  812] - Datavalue is----------null
[DEBUG][2015-11-05 14:33:36,488][com.java.SeleniumDriver] [  830] - Exception: null
[INFO ][2015-11-05 14:33:36,488][com.java.SeleniumDriver] [  836] - DataField : BTNbtnAddUser
[INFO ][2015-11-05 14:33:36,488][com.java.SeleniumDriver] [  838] - DataValue : 
[INFO ][2015-11-05 14:33:36,488][com.java.SeleniumDriver] [  844] - <In Set values of the page>
[INFO ][2015-11-05 14:33:36,488][com.java.SeleniumDriver] [  847] - {Data Fields & Data Values Exist}
[INFO ][2015-11-05 14:33:36,488][com.java.SeleniumDriver] [  849] - --------------------------setting values-----------------------------
[INFO ][2015-11-05 14:33:36,488][com.java.SeleniumDriver] [  852] - Action Type : Click
[INFO ][2015-11-05 14:33:36,488][com.java.TestType] [ 4091] - Field ::BTNbtnAddUser
[INFO ][2015-11-05 14:33:37,489][com.java.TestType] [ 4129] - BEFORE CLICK
[INFO ][2015-11-05 14:33:39,460][com.java.TestType] [ 4136] - Unable to click the object Add user button
[INFO ][2015-11-05 14:33:39,460][com.java.SeleniumDriver] [  861] -  RESULT true
[INFO ][2015-11-05 14:33:39,460][com.java.SeleniumDriver] [ 1066] - ?   P A S S   ?
[INFO ][2015-11-05 14:33:39,460][com.java.SeleniumDriver] [  788] - ------------------------------------------
[INFO ][2015-11-05 14:33:39,460][com.java.SeleniumDriver] [  789] - Test case being Executed: 11
[INFO ][2015-11-05 14:33:39,460][com.java.SeleniumDriver] [  800] - Test step:9
[INFO ][2015-11-05 14:33:39,460][com.java.SeleniumDriver] [  812] - Datavalue is----------2
[INFO ][2015-11-05 14:33:39,460][com.java.SeleniumDriver] [  836] - DataField : BTNtxtUserName
[INFO ][2015-11-05 14:33:39,460][com.java.SeleniumDriver] [  838] - DataValue : 2
[INFO ][2015-11-05 14:33:39,460][com.java.SeleniumDriver] [  844] - <In Set values of the page>
[INFO ][2015-11-05 14:33:39,460][com.java.SeleniumDriver] [  847] - {Data Fields & Data Values Exist}
[INFO ][2015-11-05 14:33:39,460][com.java.SeleniumDriver] [  849] - --------------------------setting values-----------------------------
[INFO ][2015-11-05 14:33:39,460][com.java.SeleniumDriver] [  852] - Action Type : WaitForElement
[INFO ][2015-11-05 14:33:48,030][com.java.SeleniumDriver] [  861] -  RESULT true
[INFO ][2015-11-05 14:33:48,030][com.java.SeleniumDriver] [ 1066] - ?   P A S S   ?
[INFO ][2015-11-05 14:33:48,030][com.java.SeleniumDriver] [  788] - ------------------------------------------
[INFO ][2015-11-05 14:33:48,030][com.java.SeleniumDriver] [  789] - Test case being Executed: 11
[INFO ][2015-11-05 14:33:48,030][com.java.SeleniumDriver] [  800] - Test step:10
[INFO ][2015-11-05 14:33:48,030][com.java.SeleniumDriver] [  812] - Datavalue is----------dt:NewUserName
[INFO ][2015-11-05 14:33:48,030][com.java.SeleniumDriver] [  836] - DataField : TXTtxtUserName
[INFO ][2015-11-05 14:33:48,030][com.java.SeleniumDriver] [  838] - DataValue : dt:NewUserName
[INFO ][2015-11-05 14:33:48,030][com.java.SeleniumDriver] [  844] - <In Set values of the page>
[INFO ][2015-11-05 14:33:48,030][com.java.SeleniumDriver] [  847] - {Data Fields & Data Values Exist}
[INFO ][2015-11-05 14:33:48,030][com.java.SeleniumDriver] [  849] - --------------------------setting values-----------------------------
[INFO ][2015-11-05 14:33:48,030][com.java.SeleniumDriver] [  852] - Action Type : Enter
[INFO ][2015-11-05 14:33:48,030][com.java.TestType] [ 4411] - field = txtUserName
[INFO ][2015-11-05 14:33:48,030][com.java.TestType] [ 3778] - value = vltest.robot
[INFO ][2015-11-05 14:33:50,803][com.java.SeleniumDriver] [  861] -  RESULT true
[INFO ][2015-11-05 14:33:50,803][com.java.SeleniumDriver] [ 1066] - ?   P A S S   ?
[INFO ][2015-11-05 14:33:50,803][com.java.SeleniumDriver] [  788] - ------------------------------------------
[INFO ][2015-11-05 14:33:50,803][com.java.SeleniumDriver] [  789] - Test case being Executed: 11
[INFO ][2015-11-05 14:33:50,803][com.java.SeleniumDriver] [  800] - Test step:11
[INFO ][2015-11-05 14:33:50,803][com.java.SeleniumDriver] [  812] - Datavalue is----------VLTest
[INFO ][2015-11-05 14:33:50,803][com.java.SeleniumDriver] [  836] - DataField : TXTtxtFirstName
[INFO ][2015-11-05 14:33:50,803][com.java.SeleniumDriver] [  838] - DataValue : VLTest
[INFO ][2015-11-05 14:33:50,803][com.java.SeleniumDriver] [  844] - <In Set values of the page>
[INFO ][2015-11-05 14:33:50,803][com.java.SeleniumDriver] [  847] - {Data Fields & Data Values Exist}
[INFO ][2015-11-05 14:33:50,803][com.java.SeleniumDriver] [  849] - --------------------------setting values-----------------------------
[INFO ][2015-11-05 14:33:50,803][com.java.SeleniumDriver] [  852] - Action Type : Enter
[INFO ][2015-11-05 14:33:50,803][com.java.TestType] [ 4411] - field = txtFirstName
[INFO ][2015-11-05 14:33:50,803][com.java.TestType] [ 3778] - value = VLTest
[INFO ][2015-11-05 14:33:53,865][com.java.SeleniumDriver] [  861] -  RESULT true
[INFO ][2015-11-05 14:33:53,865][com.java.SeleniumDriver] [ 1066] - ?   P A S S   ?
[INFO ][2015-11-05 14:33:53,865][com.java.SeleniumDriver] [  788] - ------------------------------------------
[INFO ][2015-11-05 14:33:53,865][com.java.SeleniumDriver] [  789] - Test case being Executed: 11
[INFO ][2015-11-05 14:33:53,865][com.java.SeleniumDriver] [  800] - Test step:12
[INFO ][2015-11-05 14:33:53,865][com.java.SeleniumDriver] [  812] - Datavalue is----------Robot
[INFO ][2015-11-05 14:33:53,865][com.java.SeleniumDriver] [  836] - DataField : TXTtxtLastName
[INFO ][2015-11-05 14:33:53,865][com.java.SeleniumDriver] [  838] - DataValue : Robot
[INFO ][2015-11-05 14:33:53,865][com.java.SeleniumDriver] [  844] - <In Set values of the page>
[INFO ][2015-11-05 14:33:53,865][com.java.SeleniumDriver] [  847] - {Data Fields & Data Values Exist}
[INFO ][2015-11-05 14:33:53,865][com.java.SeleniumDriver] [  849] - --------------------------setting values-----------------------------
[INFO ][2015-11-05 14:33:53,865][com.java.SeleniumDriver] [  852] - Action Type : Enter
[INFO ][2015-11-05 14:33:53,865][com.java.TestType] [ 4411] - field = txtLastName
[INFO ][2015-11-05 14:33:53,865][com.java.TestType] [ 3778] - value = Robot
[INFO ][2015-11-05 14:33:56,677][com.java.SeleniumDriver] [  861] -  RESULT true
[INFO ][2015-11-05 14:33:56,677][com.java.SeleniumDriver] [ 1066] - ?   P A S S   ?
[INFO ][2015-11-05 14:33:56,677][com.java.SeleniumDriver] [  788] - ------------------------------------------
[INFO ][2015-11-05 14:33:56,677][com.java.SeleniumDriver] [  789] - Test case being Executed: 11
[INFO ][2015-11-05 14:33:56,677][com.java.SeleniumDriver] [  800] - Test step:13
[INFO ][2015-11-05 14:33:56,677][com.java.SeleniumDriver] [  812] - Datavalue is----------ValueLabs
[INFO ][2015-11-05 14:33:56,677][com.java.SeleniumDriver] [  836] - DataField : TXTtxtCompany
[INFO ][2015-11-05 14:33:56,677][com.java.SeleniumDriver] [  838] - DataValue : ValueLabs
[INFO ][2015-11-05 14:33:56,677][com.java.SeleniumDriver] [  844] - <In Set values of the page>
[INFO ][2015-11-05 14:33:56,677][com.java.SeleniumDriver] [  847] - {Data Fields & Data Values Exist}
[INFO ][2015-11-05 14:33:56,677][com.java.SeleniumDriver] [  849] - --------------------------setting values-----------------------------
[INFO ][2015-11-05 14:33:56,677][com.java.SeleniumDriver] [  852] - Action Type : Enter
[INFO ][2015-11-05 14:33:56,677][com.java.TestType] [ 4411] - field = txtCompany
[INFO ][2015-11-05 14:33:56,677][com.java.TestType] [ 3778] - value = ValueLabs
[INFO ][2015-11-05 14:33:59,639][com.java.SeleniumDriver] [  861] -  RESULT true
[INFO ][2015-11-05 14:33:59,639][com.java.SeleniumDriver] [ 1066] - ?   P A S S   ?
[INFO ][2015-11-05 14:33:59,639][com.java.SeleniumDriver] [  788] - ------------------------------------------
[INFO ][2015-11-05 14:33:59,639][com.java.SeleniumDriver] [  789] - Test case being Executed: 11
[INFO ][2015-11-05 14:33:59,639][com.java.SeleniumDriver] [  800] - Test step:14
[INFO ][2015-11-05 14:33:59,639][com.java.SeleniumDriver] [  812] - Datavalue is----------India
[INFO ][2015-11-05 14:33:59,639][com.java.SeleniumDriver] [  836] - DataField : TXTtxtLocation
[INFO ][2015-11-05 14:33:59,639][com.java.SeleniumDriver] [  838] - DataValue : India
[INFO ][2015-11-05 14:33:59,639][com.java.SeleniumDriver] [  844] - <In Set values of the page>
[INFO ][2015-11-05 14:33:59,639][com.java.SeleniumDriver] [  847] - {Data Fields & Data Values Exist}
[INFO ][2015-11-05 14:33:59,639][com.java.SeleniumDriver] [  849] - --------------------------setting values-----------------------------
[INFO ][2015-11-05 14:33:59,639][com.java.SeleniumDriver] [  852] - Action Type : Enter
[INFO ][2015-11-05 14:33:59,639][com.java.TestType] [ 4411] - field = txtLocation
[INFO ][2015-11-05 14:33:59,639][com.java.TestType] [ 3778] - value = India
[INFO ][2015-11-05 14:34:02,431][com.java.SeleniumDriver] [  861] -  RESULT true
[INFO ][2015-11-05 14:34:02,431][com.java.SeleniumDriver] [ 1066] - ?   P A S S   ?
[INFO ][2015-11-05 14:34:02,431][com.java.SeleniumDriver] [  788] - ------------------------------------------
[INFO ][2015-11-05 14:34:02,431][com.java.SeleniumDriver] [  789] - Test case being Executed: 11
[INFO ][2015-11-05 14:34:02,431][com.java.SeleniumDriver] [  800] - Test step:15
[INFO ][2015-11-05 14:34:02,431][com.java.SeleniumDriver] [  812] - Datavalue is----------vltest.robot@valuelabs.com
[INFO ][2015-11-05 14:34:02,431][com.java.SeleniumDriver] [  836] - DataField : TXTtxtEMail
[INFO ][2015-11-05 14:34:02,431][com.java.SeleniumDriver] [  838] - DataValue : vltest.robot@valuelabs.com
[INFO ][2015-11-05 14:34:02,431][com.java.SeleniumDriver] [  844] - <In Set values of the page>
[INFO ][2015-11-05 14:34:02,431][com.java.SeleniumDriver] [  847] - {Data Fields & Data Values Exist}
[INFO ][2015-11-05 14:34:02,431][com.java.SeleniumDriver] [  849] - --------------------------setting values-----------------------------
[INFO ][2015-11-05 14:34:02,431][com.java.SeleniumDriver] [  852] - Action Type : Enter
[INFO ][2015-11-05 14:34:02,431][com.java.TestType] [ 4411] - field = txtEMail
[INFO ][2015-11-05 14:34:02,431][com.java.TestType] [ 3778] - value = vltest.robot@valuelabs.com
[INFO ][2015-11-05 14:34:05,463][com.java.SeleniumDriver] [  861] -  RESULT true
[INFO ][2015-11-05 14:34:05,463][com.java.SeleniumDriver] [ 1066] - ?   P A S S   ?
[INFO ][2015-11-05 14:34:05,463][com.java.SeleniumDriver] [  788] - ------------------------------------------
[INFO ][2015-11-05 14:34:05,463][com.java.SeleniumDriver] [  789] - Test case being Executed: 11
[INFO ][2015-11-05 14:34:05,463][com.java.SeleniumDriver] [  800] - Test step:16
[INFO ][2015-11-05 14:34:05,463][com.java.SeleniumDriver] [  812] - Datavalue is----------12345678901
[INFO ][2015-11-05 14:34:05,463][com.java.SeleniumDriver] [  836] - DataField : TXTtxtPhone
[INFO ][2015-11-05 14:34:05,463][com.java.SeleniumDriver] [  838] - DataValue : 12345678901
[INFO ][2015-11-05 14:34:05,463][com.java.SeleniumDriver] [  844] - <In Set values of the page>
[INFO ][2015-11-05 14:34:05,463][com.java.SeleniumDriver] [  847] - {Data Fields & Data Values Exist}
[INFO ][2015-11-05 14:34:05,463][com.java.SeleniumDriver] [  849] - --------------------------setting values-----------------------------
[INFO ][2015-11-05 14:34:05,463][com.java.SeleniumDriver] [  852] - Action Type : Enter
[INFO ][2015-11-05 14:34:05,463][com.java.TestType] [ 4411] - field = txtPhone
[INFO ][2015-11-05 14:34:05,463][com.java.TestType] [ 3778] - value = 12345678901
[INFO ][2015-11-05 14:34:08,225][com.java.SeleniumDriver] [  861] -  RESULT true
[INFO ][2015-11-05 14:34:08,225][com.java.SeleniumDriver] [ 1066] - ?   P A S S   ?
[INFO ][2015-11-05 14:34:08,225][com.java.SeleniumDriver] [  788] - ------------------------------------------
[INFO ][2015-11-05 14:34:08,225][com.java.SeleniumDriver] [  789] - Test case being Executed: 11
[INFO ][2015-11-05 14:34:08,225][com.java.SeleniumDriver] [  800] - Test step:17
[INFO ][2015-11-05 14:34:08,225][com.java.SeleniumDriver] [  812] - Datavalue is----------dt:NewUserPswd
[INFO ][2015-11-05 14:34:08,225][com.java.SeleniumDriver] [  836] - DataField : TXTtxtPassword
[INFO ][2015-11-05 14:34:08,225][com.java.SeleniumDriver] [  838] - DataValue : dt:NewUserPswd
[INFO ][2015-11-05 14:34:08,225][com.java.SeleniumDriver] [  844] - <In Set values of the page>
[INFO ][2015-11-05 14:34:08,225][com.java.SeleniumDriver] [  847] - {Data Fields & Data Values Exist}
[INFO ][2015-11-05 14:34:08,225][com.java.SeleniumDriver] [  849] - --------------------------setting values-----------------------------
[INFO ][2015-11-05 14:34:08,225][com.java.SeleniumDriver] [  852] - Action Type : Enter
[INFO ][2015-11-05 14:34:08,225][com.java.TestType] [ 4411] - field = txtPassword
[INFO ][2015-11-05 14:34:08,225][com.java.TestType] [ 3778] - value = Password1*
[INFO ][2015-11-05 14:34:11,207][com.java.SeleniumDriver] [  861] -  RESULT true
[INFO ][2015-11-05 14:34:11,207][com.java.SeleniumDriver] [ 1066] - ?   P A S S   ?
[INFO ][2015-11-05 14:34:11,207][com.java.SeleniumDriver] [  788] - ------------------------------------------
[INFO ][2015-11-05 14:34:11,207][com.java.SeleniumDriver] [  789] - Test case being Executed: 11
[INFO ][2015-11-05 14:34:11,207][com.java.SeleniumDriver] [  800] - Test step:18
[INFO ][2015-11-05 14:34:11,207][com.java.SeleniumDriver] [  812] - Datavalue is----------dt:NewUserPswd
[INFO ][2015-11-05 14:34:11,207][com.java.SeleniumDriver] [  836] - DataField : TXTtxtPasswordConfirm
[INFO ][2015-11-05 14:34:11,207][com.java.SeleniumDriver] [  838] - DataValue : dt:NewUserPswd
[INFO ][2015-11-05 14:34:11,207][com.java.SeleniumDriver] [  844] - <In Set values of the page>
[INFO ][2015-11-05 14:34:11,207][com.java.SeleniumDriver] [  847] - {Data Fields & Data Values Exist}
[INFO ][2015-11-05 14:34:11,207][com.java.SeleniumDriver] [  849] - --------------------------setting values-----------------------------
[INFO ][2015-11-05 14:34:11,207][com.java.SeleniumDriver] [  852] - Action Type : Enter
[INFO ][2015-11-05 14:34:11,207][com.java.TestType] [ 4411] - field = txtPasswordConfirm
[INFO ][2015-11-05 14:34:11,207][com.java.TestType] [ 3778] - value = Password1*
[INFO ][2015-11-05 14:34:14,179][com.java.SeleniumDriver] [  861] -  RESULT true
[INFO ][2015-11-05 14:34:14,179][com.java.SeleniumDriver] [ 1066] - ?   P A S S   ?
[INFO ][2015-11-05 14:34:14,179][com.java.SeleniumDriver] [  788] - ------------------------------------------
[INFO ][2015-11-05 14:34:14,179][com.java.SeleniumDriver] [  789] - Test case being Executed: 11
[INFO ][2015-11-05 14:34:14,179][com.java.SeleniumDriver] [  800] - Test step:19
[INFO ][2015-11-05 14:34:14,179][com.java.SeleniumDriver] [  812] - Datavalue is----------null
[DEBUG][2015-11-05 14:34:14,179][com.java.SeleniumDriver] [  830] - Exception: null
[INFO ][2015-11-05 14:34:14,179][com.java.SeleniumDriver] [  836] - DataField : BTNparent
[INFO ][2015-11-05 14:34:14,179][com.java.SeleniumDriver] [  838] - DataValue : 
[INFO ][2015-11-05 14:34:14,179][com.java.SeleniumDriver] [  844] - <In Set values of the page>
[INFO ][2015-11-05 14:34:14,179][com.java.SeleniumDriver] [  847] - {Data Fields & Data Values Exist}
[INFO ][2015-11-05 14:34:14,179][com.java.SeleniumDriver] [  849] - --------------------------setting values-----------------------------
[INFO ][2015-11-05 14:34:14,179][com.java.SeleniumDriver] [  852] - Action Type : SelectFrame
[INFO ][2015-11-05 14:34:14,189][com.java.SeleniumDriver] [  861] -  RESULT true
[INFO ][2015-11-05 14:34:14,189][com.java.SeleniumDriver] [ 1066] - ?   P A S S   ?
[INFO ][2015-11-05 14:34:14,189][com.java.SeleniumDriver] [  788] - ------------------------------------------
[INFO ][2015-11-05 14:34:14,189][com.java.SeleniumDriver] [  789] - Test case being Executed: 11
[INFO ][2015-11-05 14:34:14,189][com.java.SeleniumDriver] [  800] - Test step:20
[INFO ][2015-11-05 14:34:14,189][com.java.SeleniumDriver] [  812] - Datavalue is----------5
[INFO ][2015-11-05 14:34:14,189][com.java.SeleniumDriver] [  836] - DataField : test
[INFO ][2015-11-05 14:34:14,189][com.java.SeleniumDriver] [  838] - DataValue : 5
[INFO ][2015-11-05 14:34:14,189][com.java.SeleniumDriver] [  844] - <In Set values of the page>
[INFO ][2015-11-05 14:34:14,189][com.java.SeleniumDriver] [  847] - {Data Fields & Data Values Exist}
[INFO ][2015-11-05 14:34:14,189][com.java.SeleniumDriver] [  849] - --------------------------setting values-----------------------------
[INFO ][2015-11-05 14:34:14,189][com.java.SeleniumDriver] [  852] - Action Type : WaitTime
[DEBUG][2015-11-05 14:34:14,189][com.java.TestType] [ 3677] - sleepTime: 5000
[INFO ][2015-11-05 14:34:19,189][com.java.SeleniumDriver] [  861] -  RESULT true
[INFO ][2015-11-05 14:34:19,189][com.java.SeleniumDriver] [ 1066] - ?   P A S S   ?
[INFO ][2015-11-05 14:34:19,189][com.java.SeleniumDriver] [  788] - ------------------------------------------
[INFO ][2015-11-05 14:34:19,189][com.java.SeleniumDriver] [  789] - Test case being Executed: 11
[INFO ][2015-11-05 14:34:19,189][com.java.SeleniumDriver] [  800] - Test step:21
[INFO ][2015-11-05 14:34:19,189][com.java.SeleniumDriver] [  812] - Datavalue is----------null
[DEBUG][2015-11-05 14:34:19,189][com.java.SeleniumDriver] [  830] - Exception: null
[INFO ][2015-11-05 14:34:19,189][com.java.SeleniumDriver] [  836] - DataField : XPH//span[contains(text(), 'Finished')]
[INFO ][2015-11-05 14:34:19,189][com.java.SeleniumDriver] [  838] - DataValue : 
[INFO ][2015-11-05 14:34:19,189][com.java.SeleniumDriver] [  844] - <In Set values of the page>
[INFO ][2015-11-05 14:34:19,189][com.java.SeleniumDriver] [  847] - {Data Fields & Data Values Exist}
[INFO ][2015-11-05 14:34:19,189][com.java.SeleniumDriver] [  849] - --------------------------setting values-----------------------------
[INFO ][2015-11-05 14:34:19,189][com.java.SeleniumDriver] [  852] - Action Type : Click
[INFO ][2015-11-05 14:34:19,189][com.java.TestType] [ 4091] - Field ::XPH//span[contains(text(), 'Finished')]
[INFO ][2015-11-05 14:34:20,190][com.java.TestType] [ 4150] - BEFORE CLICK
[INFO ][2015-11-05 14:34:21,650][com.java.TestType] [ 4158] - Unable to click the object Finished button
[INFO ][2015-11-05 14:34:21,650][com.java.SeleniumDriver] [  861] -  RESULT true
[INFO ][2015-11-05 14:34:21,650][com.java.SeleniumDriver] [ 1066] - ?   P A S S   ?
[INFO ][2015-11-05 14:34:21,650][com.java.SeleniumDriver] [  788] - ------------------------------------------
[INFO ][2015-11-05 14:34:21,650][com.java.SeleniumDriver] [  789] - Test case being Executed: 11
[INFO ][2015-11-05 14:34:21,650][com.java.SeleniumDriver] [  800] - Test step:22
[INFO ][2015-11-05 14:34:21,650][com.java.SeleniumDriver] [  812] - Datavalue is----------null
[DEBUG][2015-11-05 14:34:21,650][com.java.SeleniumDriver] [  830] - Exception: null
[INFO ][2015-11-05 14:34:21,650][com.java.SeleniumDriver] [  836] - DataField : XPH//span[contains(text(), 'Finished')]
[INFO ][2015-11-05 14:34:21,650][com.java.SeleniumDriver] [  838] - DataValue : 
[INFO ][2015-11-05 14:34:21,650][com.java.SeleniumDriver] [  844] - <In Set values of the page>
[INFO ][2015-11-05 14:34:21,650][com.java.SeleniumDriver] [  847] - {Data Fields & Data Values Exist}
[INFO ][2015-11-05 14:34:21,650][com.java.SeleniumDriver] [  849] - --------------------------setting values-----------------------------
[INFO ][2015-11-05 14:34:21,650][com.java.SeleniumDriver] [  852] - Action Type : WaitForElement
[INFO ][2015-11-05 14:34:21,691][com.java.SeleniumDriver] [  861] -  RESULT true
[INFO ][2015-11-05 14:34:21,691][com.java.SeleniumDriver] [ 1066] - ?   P A S S   ?
[INFO ][2015-11-05 14:34:21,691][com.java.SeleniumDriver] [  788] - ------------------------------------------
[INFO ][2015-11-05 14:34:21,691][com.java.SeleniumDriver] [  789] - Test case being Executed: 11
[INFO ][2015-11-05 14:34:21,691][com.java.SeleniumDriver] [  800] - Test step:23
[INFO ][2015-11-05 14:34:21,691][com.java.SeleniumDriver] [  812] - Datavalue is----------null
[DEBUG][2015-11-05 14:34:21,691][com.java.SeleniumDriver] [  830] - Exception: null
[INFO ][2015-11-05 14:34:21,691][com.java.SeleniumDriver] [  836] - DataField : BTNframeDialogContent
[INFO ][2015-11-05 14:34:21,691][com.java.SeleniumDriver] [  838] - DataValue : 
[INFO ][2015-11-05 14:34:21,691][com.java.SeleniumDriver] [  844] - <In Set values of the page>
[INFO ][2015-11-05 14:34:21,691][com.java.SeleniumDriver] [  847] - {Data Fields & Data Values Exist}
[INFO ][2015-11-05 14:34:21,691][com.java.SeleniumDriver] [  849] - --------------------------setting values-----------------------------
[INFO ][2015-11-05 14:34:21,691][com.java.SeleniumDriver] [  852] - Action Type : SelectFrame
[INFO ][2015-11-05 14:34:22,972][com.java.SeleniumDriver] [  861] -  RESULT true
[INFO ][2015-11-05 14:34:22,972][com.java.SeleniumDriver] [ 1066] - ?   P A S S   ?
[INFO ][2015-11-05 14:34:22,972][com.java.SeleniumDriver] [  788] - ------------------------------------------
[INFO ][2015-11-05 14:34:22,972][com.java.SeleniumDriver] [  789] - Test case being Executed: 11
[INFO ][2015-11-05 14:34:22,972][com.java.SeleniumDriver] [  800] - Test step:24
[INFO ][2015-11-05 14:34:22,972][com.java.SeleniumDriver] [  812] - Datavalue is----------null
[DEBUG][2015-11-05 14:34:22,972][com.java.SeleniumDriver] [  830] - Exception: null
[INFO ][2015-11-05 14:34:22,972][com.java.SeleniumDriver] [  836] - DataField : BTNchkGlobalPrivsUserAdmin
[INFO ][2015-11-05 14:34:22,972][com.java.SeleniumDriver] [  838] - DataValue : 
[INFO ][2015-11-05 14:34:22,972][com.java.SeleniumDriver] [  844] - <In Set values of the page>
[INFO ][2015-11-05 14:34:22,972][com.java.SeleniumDriver] [  847] - {Data Fields & Data Values Exist}
[INFO ][2015-11-05 14:34:22,972][com.java.SeleniumDriver] [  849] - --------------------------setting values-----------------------------
[INFO ][2015-11-05 14:34:22,972][com.java.SeleniumDriver] [  852] - Action Type : Click
[INFO ][2015-11-05 14:34:22,972][com.java.TestType] [ 4091] - Field ::BTNchkGlobalPrivsUserAdmin
[INFO ][2015-11-05 14:34:23,972][com.java.TestType] [ 4129] - BEFORE CLICK
[INFO ][2015-11-05 14:34:25,283][com.java.TestType] [ 4136] - Unable to click the object User Admin check box
[INFO ][2015-11-05 14:34:25,283][com.java.SeleniumDriver] [  861] -  RESULT true
[INFO ][2015-11-05 14:34:25,283][com.java.SeleniumDriver] [ 1066] - ?   P A S S   ?
[INFO ][2015-11-05 14:34:25,283][com.java.SeleniumDriver] [  788] - ------------------------------------------
[INFO ][2015-11-05 14:34:25,283][com.java.SeleniumDriver] [  789] - Test case being Executed: 11
[INFO ][2015-11-05 14:34:25,283][com.java.SeleniumDriver] [  800] - Test step:25
[INFO ][2015-11-05 14:34:25,283][com.java.SeleniumDriver] [  812] - Datavalue is----------null
[DEBUG][2015-11-05 14:34:25,283][com.java.SeleniumDriver] [  830] - Exception: null
[INFO ][2015-11-05 14:34:25,283][com.java.SeleniumDriver] [  836] - DataField : BTNrdoEnableEntity_Enable
[INFO ][2015-11-05 14:34:25,283][com.java.SeleniumDriver] [  838] - DataValue : 
[INFO ][2015-11-05 14:34:25,283][com.java.SeleniumDriver] [  844] - <In Set values of the page>
[INFO ][2015-11-05 14:34:25,283][com.java.SeleniumDriver] [  847] - {Data Fields & Data Values Exist}
[INFO ][2015-11-05 14:34:25,283][com.java.SeleniumDriver] [  849] - --------------------------setting values-----------------------------
[INFO ][2015-11-05 14:34:25,283][com.java.SeleniumDriver] [  852] - Action Type : Click
[INFO ][2015-11-05 14:34:25,283][com.java.TestType] [ 4091] - Field ::BTNrdoEnableEntity_Enable
[INFO ][2015-11-05 14:34:26,283][com.java.TestType] [ 4129] - BEFORE CLICK
[INFO ][2015-11-05 14:34:27,574][com.java.TestType] [ 4136] - Unable to click the object Enable radio button
[INFO ][2015-11-05 14:34:27,574][com.java.SeleniumDriver] [  861] -  RESULT true
[INFO ][2015-11-05 14:34:27,574][com.java.SeleniumDriver] [ 1066] - ?   P A S S   ?
[INFO ][2015-11-05 14:34:27,574][com.java.SeleniumDriver] [  788] - ------------------------------------------
[INFO ][2015-11-05 14:34:27,574][com.java.SeleniumDriver] [  789] - Test case being Executed: 11
[INFO ][2015-11-05 14:34:27,574][com.java.SeleniumDriver] [  800] - Test step:26
[INFO ][2015-11-05 14:34:27,574][com.java.SeleniumDriver] [  812] - Datavalue is----------null
[DEBUG][2015-11-05 14:34:27,574][com.java.SeleniumDriver] [  830] - Exception: null
[INFO ][2015-11-05 14:34:27,574][com.java.SeleniumDriver] [  836] - DataField : BTNchkProfitCenterAll
[INFO ][2015-11-05 14:34:27,574][com.java.SeleniumDriver] [  838] - DataValue : 
[INFO ][2015-11-05 14:34:27,574][com.java.SeleniumDriver] [  844] - <In Set values of the page>
[INFO ][2015-11-05 14:34:27,574][com.java.SeleniumDriver] [  847] - {Data Fields & Data Values Exist}
[INFO ][2015-11-05 14:34:27,574][com.java.SeleniumDriver] [  849] - --------------------------setting values-----------------------------
[INFO ][2015-11-05 14:34:27,574][com.java.SeleniumDriver] [  852] - Action Type : Click
[INFO ][2015-11-05 14:34:27,574][com.java.TestType] [ 4091] - Field ::BTNchkProfitCenterAll
[INFO ][2015-11-05 14:34:28,574][com.java.TestType] [ 4129] - BEFORE CLICK
[INFO ][2015-11-05 14:34:29,865][com.java.TestType] [ 4136] - Unable to click the object All Check box
[INFO ][2015-11-05 14:34:29,865][com.java.SeleniumDriver] [  861] -  RESULT true
[INFO ][2015-11-05 14:34:29,865][com.java.SeleniumDriver] [ 1066] - ?   P A S S   ?
[INFO ][2015-11-05 14:34:29,865][com.java.SeleniumDriver] [  788] - ------------------------------------------
[INFO ][2015-11-05 14:34:29,865][com.java.SeleniumDriver] [  789] - Test case being Executed: 11
[INFO ][2015-11-05 14:34:29,865][com.java.SeleniumDriver] [  800] - Test step:27
[INFO ][2015-11-05 14:34:29,865][com.java.SeleniumDriver] [  812] - Datavalue is----------null
[DEBUG][2015-11-05 14:34:29,865][com.java.SeleniumDriver] [  830] - Exception: null
[INFO ][2015-11-05 14:34:29,865][com.java.SeleniumDriver] [  836] - DataField : BTNchkPrivsAccessGL
[INFO ][2015-11-05 14:34:29,865][com.java.SeleniumDriver] [  838] - DataValue : 
[INFO ][2015-11-05 14:34:29,865][com.java.SeleniumDriver] [  844] - <In Set values of the page>
[INFO ][2015-11-05 14:34:29,865][com.java.SeleniumDriver] [  847] - {Data Fields & Data Values Exist}
[INFO ][2015-11-05 14:34:29,865][com.java.SeleniumDriver] [  849] - --------------------------setting values-----------------------------
[INFO ][2015-11-05 14:34:29,865][com.java.SeleniumDriver] [  852] - Action Type : Click
[INFO ][2015-11-05 14:34:29,865][com.java.TestType] [ 4091] - Field ::BTNchkPrivsAccessGL
[INFO ][2015-11-05 14:34:30,865][com.java.TestType] [ 4129] - BEFORE CLICK
[INFO ][2015-11-05 14:34:32,147][com.java.TestType] [ 4136] - Unable to click the object GL check box
[INFO ][2015-11-05 14:34:32,147][com.java.SeleniumDriver] [  861] -  RESULT true
[INFO ][2015-11-05 14:34:32,147][com.java.SeleniumDriver] [ 1066] - ?   P A S S   ?
[INFO ][2015-11-05 14:34:32,147][com.java.SeleniumDriver] [  788] - ------------------------------------------
[INFO ][2015-11-05 14:34:32,147][com.java.SeleniumDriver] [  789] - Test case being Executed: 11
[INFO ][2015-11-05 14:34:32,147][com.java.SeleniumDriver] [  800] - Test step:28
[INFO ][2015-11-05 14:34:32,147][com.java.SeleniumDriver] [  812] - Datavalue is----------null
[DEBUG][2015-11-05 14:34:32,147][com.java.SeleniumDriver] [  830] - Exception: null
[INFO ][2015-11-05 14:34:32,147][com.java.SeleniumDriver] [  836] - DataField : BTNparent
[INFO ][2015-11-05 14:34:32,147][com.java.SeleniumDriver] [  838] - DataValue : 
[INFO ][2015-11-05 14:34:32,147][com.java.SeleniumDriver] [  844] - <In Set values of the page>
[INFO ][2015-11-05 14:34:32,147][com.java.SeleniumDriver] [  847] - {Data Fields & Data Values Exist}
[INFO ][2015-11-05 14:34:32,147][com.java.SeleniumDriver] [  849] - --------------------------setting values-----------------------------
[INFO ][2015-11-05 14:34:32,147][com.java.SeleniumDriver] [  852] - Action Type : SelectFrame
[INFO ][2015-11-05 14:34:32,157][com.java.SeleniumDriver] [  861] -  RESULT true
[INFO ][2015-11-05 14:34:32,157][com.java.SeleniumDriver] [ 1066] - ?   P A S S   ?
[INFO ][2015-11-05 14:34:32,157][com.java.SeleniumDriver] [  788] - ------------------------------------------
[INFO ][2015-11-05 14:34:32,157][com.java.SeleniumDriver] [  789] - Test case being Executed: 11
[INFO ][2015-11-05 14:34:32,157][com.java.SeleniumDriver] [  800] - Test step:29
[INFO ][2015-11-05 14:34:32,157][com.java.SeleniumDriver] [  812] - Datavalue is----------5
[INFO ][2015-11-05 14:34:32,157][com.java.SeleniumDriver] [  836] - DataField : test
[INFO ][2015-11-05 14:34:32,157][com.java.SeleniumDriver] [  838] - DataValue : 5
[INFO ][2015-11-05 14:34:32,157][com.java.SeleniumDriver] [  844] - <In Set values of the page>
[INFO ][2015-11-05 14:34:32,157][com.java.SeleniumDriver] [  847] - {Data Fields & Data Values Exist}
[INFO ][2015-11-05 14:34:32,157][com.java.SeleniumDriver] [  849] - --------------------------setting values-----------------------------
[INFO ][2015-11-05 14:34:32,157][com.java.SeleniumDriver] [  852] - Action Type : WaitTime
[DEBUG][2015-11-05 14:34:32,157][com.java.TestType] [ 3677] - sleepTime: 5000
[INFO ][2015-11-05 14:34:37,157][com.java.SeleniumDriver] [  861] -  RESULT true
[INFO ][2015-11-05 14:34:37,157][com.java.SeleniumDriver] [ 1066] - ?   P A S S   ?
[INFO ][2015-11-05 14:34:37,157][com.java.SeleniumDriver] [  788] - ------------------------------------------
[INFO ][2015-11-05 14:34:37,157][com.java.SeleniumDriver] [  789] - Test case being Executed: 11
[INFO ][2015-11-05 14:34:37,157][com.java.SeleniumDriver] [  800] - Test step:30
[INFO ][2015-11-05 14:34:37,157][com.java.SeleniumDriver] [  812] - Datavalue is----------null
[DEBUG][2015-11-05 14:34:37,157][com.java.SeleniumDriver] [  830] - Exception: null
[INFO ][2015-11-05 14:34:37,157][com.java.SeleniumDriver] [  836] - DataField : XPH//span[contains(text(), 'Finished')]
[INFO ][2015-11-05 14:34:37,157][com.java.SeleniumDriver] [  838] - DataValue : 
[INFO ][2015-11-05 14:34:37,157][com.java.SeleniumDriver] [  844] - <In Set values of the page>
[INFO ][2015-11-05 14:34:37,157][com.java.SeleniumDriver] [  847] - {Data Fields & Data Values Exist}
[INFO ][2015-11-05 14:34:37,157][com.java.SeleniumDriver] [  849] - --------------------------setting values-----------------------------
[INFO ][2015-11-05 14:34:37,157][com.java.SeleniumDriver] [  852] - Action Type : Click
[INFO ][2015-11-05 14:34:37,157][com.java.TestType] [ 4091] - Field ::XPH//span[contains(text(), 'Finished')]
[INFO ][2015-11-05 14:34:38,158][com.java.TestType] [ 4150] - BEFORE CLICK
[INFO ][2015-11-05 14:34:46,528][com.java.TestType] [ 4158] - Unable to click the object Finished button
[INFO ][2015-11-05 14:34:46,528][com.java.SeleniumDriver] [  861] -  RESULT true
[INFO ][2015-11-05 14:34:46,528][com.java.SeleniumDriver] [ 1066] - ?   P A S S   ?
[INFO ][2015-11-05 14:34:46,528][com.java.SeleniumDriver] [  788] - ------------------------------------------
[INFO ][2015-11-05 14:34:46,528][com.java.SeleniumDriver] [  789] - Test case being Executed: 11
[INFO ][2015-11-05 14:34:46,528][com.java.SeleniumDriver] [  800] - Test step:31
[INFO ][2015-11-05 14:34:46,528][com.java.SeleniumDriver] [  812] - Datavalue is----------5
[INFO ][2015-11-05 14:34:46,528][com.java.SeleniumDriver] [  836] - DataField : BTNframeDialogContent
[INFO ][2015-11-05 14:34:46,528][com.java.SeleniumDriver] [  838] - DataValue : 5
[INFO ][2015-11-05 14:34:46,528][com.java.SeleniumDriver] [  844] - <In Set values of the page>
[INFO ][2015-11-05 14:34:46,528][com.java.SeleniumDriver] [  847] - {Data Fields & Data Values Exist}
[INFO ][2015-11-05 14:34:46,528][com.java.SeleniumDriver] [  849] - --------------------------setting values-----------------------------
[INFO ][2015-11-05 14:34:46,528][com.java.SeleniumDriver] [  852] - Action Type : WaitForElement
[INFO ][2015-11-05 14:34:47,719][com.java.SeleniumDriver] [  861] -  RESULT true
[INFO ][2015-11-05 14:34:47,719][com.java.SeleniumDriver] [ 1066] - ?   P A S S   ?
[INFO ][2015-11-05 14:34:47,719][com.java.SeleniumDriver] [  788] - ------------------------------------------
[INFO ][2015-11-05 14:34:47,719][com.java.SeleniumDriver] [  789] - Test case being Executed: 11
[INFO ][2015-11-05 14:34:47,719][com.java.SeleniumDriver] [  800] - Test step:32
[INFO ][2015-11-05 14:34:47,719][com.java.SeleniumDriver] [  812] - Datavalue is----------null
[DEBUG][2015-11-05 14:34:47,719][com.java.SeleniumDriver] [  830] - Exception: null
[INFO ][2015-11-05 14:34:47,719][com.java.SeleniumDriver] [  836] - DataField : BTNframeDialogContent
[INFO ][2015-11-05 14:34:47,719][com.java.SeleniumDriver] [  838] - DataValue : 
[INFO ][2015-11-05 14:34:47,719][com.java.SeleniumDriver] [  844] - <In Set values of the page>
[INFO ][2015-11-05 14:34:47,719][com.java.SeleniumDriver] [  847] - {Data Fields & Data Values Exist}
[INFO ][2015-11-05 14:34:47,719][com.java.SeleniumDriver] [  849] - --------------------------setting values-----------------------------
[INFO ][2015-11-05 14:34:47,719][com.java.SeleniumDriver] [  852] - Action Type : SelectFrame
[INFO ][2015-11-05 14:34:48,951][com.java.SeleniumDriver] [  861] -  RESULT true
[INFO ][2015-11-05 14:34:48,951][com.java.SeleniumDriver] [ 1066] - ?   P A S S   ?
[INFO ][2015-11-05 14:34:48,951][com.java.SeleniumDriver] [  788] - ------------------------------------------
[INFO ][2015-11-05 14:34:48,951][com.java.SeleniumDriver] [  789] - Test case being Executed: 11
[INFO ][2015-11-05 14:34:48,951][com.java.SeleniumDriver] [  800] - Test step:33
[INFO ][2015-11-05 14:34:48,951][com.java.SeleniumDriver] [  812] - Datavalue is----------null
[DEBUG][2015-11-05 14:34:48,951][com.java.SeleniumDriver] [  830] - Exception: null
[INFO ][2015-11-05 14:34:48,951][com.java.SeleniumDriver] [  836] - DataField : XPH//table[@id="tblUserListing"]//td[contains(text(),'vltest.robot')]
[INFO ][2015-11-05 14:34:48,951][com.java.SeleniumDriver] [  838] - DataValue : 
[INFO ][2015-11-05 14:34:48,951][com.java.SeleniumDriver] [  844] - <In Set values of the page>
[INFO ][2015-11-05 14:34:48,951][com.java.SeleniumDriver] [  847] - {Data Fields & Data Values Exist}
[INFO ][2015-11-05 14:34:48,951][com.java.SeleniumDriver] [  849] - --------------------------setting values-----------------------------
[INFO ][2015-11-05 14:34:48,951][com.java.SeleniumDriver] [  852] - Action Type : WaitForElement
[INFO ][2015-11-05 14:34:49,011][com.java.SeleniumDriver] [  861] -  RESULT true
[INFO ][2015-11-05 14:34:49,011][com.java.SeleniumDriver] [ 1066] - ?   P A S S   ?
[INFO ][2015-11-05 14:34:49,011][com.java.SeleniumDriver] [  788] - ------------------------------------------
[INFO ][2015-11-05 14:34:49,011][com.java.SeleniumDriver] [  789] - Test case being Executed: 11
[INFO ][2015-11-05 14:34:49,011][com.java.SeleniumDriver] [  800] - Test step:34
[INFO ][2015-11-05 14:34:49,011][com.java.SeleniumDriver] [  812] - Datavalue is----------dt:NewUserName
[INFO ][2015-11-05 14:34:49,011][com.java.SeleniumDriver] [  836] - DataField : USR
[INFO ][2015-11-05 14:34:49,011][com.java.SeleniumDriver] [  838] - DataValue : dt:NewUserName
[INFO ][2015-11-05 14:34:49,011][com.java.SeleniumDriver] [  844] - <In Set values of the page>
[INFO ][2015-11-05 14:34:49,011][com.java.SeleniumDriver] [  847] - {Data Fields & Data Values Exist}
[INFO ][2015-11-05 14:34:49,011][com.java.SeleniumDriver] [  849] - --------------------------setting values-----------------------------
[INFO ][2015-11-05 14:34:49,011][com.java.SeleniumDriver] [  852] - Action Type : Verify
[INFO ][2015-11-05 14:34:49,011][com.java.TestType] [ 4904] - field= USR value= dt:NewUserName
[INFO ][2015-11-05 14:34:49,011][com.java.TestType] [ 3778] - value = vltest.robot
[INFO ][2015-11-05 14:34:49,081][com.java.SeleniumDriver] [  861] -  RESULT true
[INFO ][2015-11-05 14:34:49,081][com.java.SeleniumDriver] [ 1066] - ?   P A S S   ?
[INFO ][2015-11-05 14:34:49,081][com.java.SeleniumDriver] [  788] - ------------------------------------------
[INFO ][2015-11-05 14:34:49,081][com.java.SeleniumDriver] [  789] - Test case being Executed: 11
[INFO ][2015-11-05 14:34:49,081][com.java.SeleniumDriver] [  800] - Test step:35
[INFO ][2015-11-05 14:34:49,081][com.java.SeleniumDriver] [  812] - Datavalue is----------Login_username
[INFO ][2015-11-05 14:34:49,081][com.java.SeleniumDriver] [  836] - DataField : XPH//table[@id="tblUserListing"]//td[contains(text(),'vltest.robot')]
[INFO ][2015-11-05 14:34:49,081][com.java.SeleniumDriver] [  838] - DataValue : Login_username
[INFO ][2015-11-05 14:34:49,081][com.java.SeleniumDriver] [  844] - <In Set values of the page>
[INFO ][2015-11-05 14:34:49,081][com.java.SeleniumDriver] [  847] - {Data Fields & Data Values Exist}
[INFO ][2015-11-05 14:34:49,081][com.java.SeleniumDriver] [  849] - --------------------------setting values-----------------------------
[INFO ][2015-11-05 14:34:49,081][com.java.SeleniumDriver] [  852] - Action Type : STOREVALUE
[INFO ][2015-11-05 14:34:49,081][com.java.TestType] [ 5838] - field= XPH//table[@id="tblUserListing"]//td[contains(text(),'vltest.robot')]
[DEBUG][2015-11-05 14:34:49,181][com.java.TestType] [ 5890] - Key:: Login_username   Value:: vltest.robot.03890
[INFO ][2015-11-05 14:34:49,181][com.java.SeleniumDriver] [  861] -  RESULT true
[INFO ][2015-11-05 14:34:49,181][com.java.SeleniumDriver] [ 1066] - ?   P A S S   ?
[INFO ][2015-11-05 14:34:49,181][com.java.SeleniumDriver] [  788] - ------------------------------------------
[INFO ][2015-11-05 14:34:49,181][com.java.SeleniumDriver] [  789] - Test case being Executed: 11
[INFO ][2015-11-05 14:34:49,181][com.java.SeleniumDriver] [  800] - Test step:36
[INFO ][2015-11-05 14:34:49,181][com.java.SeleniumDriver] [  812] - Datavalue is----------null
[DEBUG][2015-11-05 14:34:49,181][com.java.SeleniumDriver] [  830] - Exception: null
[INFO ][2015-11-05 14:34:49,181][com.java.SeleniumDriver] [  836] - DataField : BTNparent
[INFO ][2015-11-05 14:34:49,181][com.java.SeleniumDriver] [  838] - DataValue : 
[INFO ][2015-11-05 14:34:49,181][com.java.SeleniumDriver] [  844] - <In Set values of the page>
[INFO ][2015-11-05 14:34:49,181][com.java.SeleniumDriver] [  847] - {Data Fields & Data Values Exist}
[INFO ][2015-11-05 14:34:49,181][com.java.SeleniumDriver] [  849] - --------------------------setting values-----------------------------
[INFO ][2015-11-05 14:34:49,181][com.java.SeleniumDriver] [  852] - Action Type : SelectFrame
[INFO ][2015-11-05 14:34:49,191][com.java.SeleniumDriver] [  861] -  RESULT true
[INFO ][2015-11-05 14:34:49,191][com.java.SeleniumDriver] [ 1066] - ?   P A S S   ?
[INFO ][2015-11-05 14:34:49,191][com.java.SeleniumDriver] [  788] - ------------------------------------------
[INFO ][2015-11-05 14:34:49,191][com.java.SeleniumDriver] [  789] - Test case being Executed: 11
[INFO ][2015-11-05 14:34:49,191][com.java.SeleniumDriver] [  800] - Test step:37
[INFO ][2015-11-05 14:34:49,191][com.java.SeleniumDriver] [  812] - Datavalue is----------null
[DEBUG][2015-11-05 14:34:49,191][com.java.SeleniumDriver] [  830] - Exception: null
[INFO ][2015-11-05 14:34:49,191][com.java.SeleniumDriver] [  836] - DataField : XPH//span[contains(text(), 'Finished')]
[INFO ][2015-11-05 14:34:49,191][com.java.SeleniumDriver] [  838] - DataValue : 
[INFO ][2015-11-05 14:34:49,191][com.java.SeleniumDriver] [  844] - <In Set values of the page>
[INFO ][2015-11-05 14:34:49,191][com.java.SeleniumDriver] [  847] - {Data Fields & Data Values Exist}
[INFO ][2015-11-05 14:34:49,191][com.java.SeleniumDriver] [  849] - --------------------------setting values-----------------------------
[INFO ][2015-11-05 14:34:49,191][com.java.SeleniumDriver] [  852] - Action Type : Click
[INFO ][2015-11-05 14:34:49,191][com.java.TestType] [ 4091] - Field ::XPH//span[contains(text(), 'Finished')]
[INFO ][2015-11-05 14:34:50,191][com.java.TestType] [ 4150] - BEFORE CLICK
[INFO ][2015-11-05 14:34:51,281][com.java.TestType] [ 4158] - Unable to click the object Finished button
[INFO ][2015-11-05 14:34:51,281][com.java.SeleniumDriver] [  861] -  RESULT true
[INFO ][2015-11-05 14:34:51,281][com.java.SeleniumDriver] [ 1066] - ?   P A S S   ?
[INFO ][2015-11-05 14:34:51,281][com.java.SeleniumDriver] [  788] - ------------------------------------------
[INFO ][2015-11-05 14:34:51,281][com.java.SeleniumDriver] [  789] - Test case being Executed: 11
[INFO ][2015-11-05 14:34:51,281][com.java.SeleniumDriver] [  800] - Test step:38
[INFO ][2015-11-05 14:34:51,281][com.java.SeleniumDriver] [  812] - Datavalue is----------Concept#3:1-2
[INFO ][2015-11-05 14:34:51,281][com.java.SeleniumDriver] [  836] - DataField : test
[INFO ][2015-11-05 14:34:51,281][com.java.SeleniumDriver] [  838] - DataValue : Concept#3:1-2
[INFO ][2015-11-05 14:34:51,281][com.java.SeleniumDriver] [  844] - <In Set values of the page>
[INFO ][2015-11-05 14:34:51,281][com.java.SeleniumDriver] [  847] - {Data Fields & Data Values Exist}
[INFO ][2015-11-05 14:34:51,281][com.java.SeleniumDriver] [  849] - --------------------------setting values-----------------------------
[INFO ][2015-11-05 14:34:51,281][com.java.SeleniumDriver] [  852] - Action Type : ExecuteTestCase
[INFO ][2015-11-05 14:34:51,281][com.java.TestType] [  414] - The Concept sheet name is ---------- Concept
[INFO ][2015-11-05 14:34:51,281][com.java.TestType] [  417] - The Concept ID  is ---------- 3
[DEBUG][2015-11-05 14:34:51,281][com.java.TestType] [  421] - Steps being executted in the Concept are: 1:2
[INFO ][2015-11-05 14:34:51,281][com.java.TestType] [  428] - Test data details path ---------- D:\BankersDashboard\TestInputs\TestData.xls
[INFO ][2015-11-05 14:34:51,312][com.java.TestType] [  459] -  str(1) = 3
[INFO ][2015-11-05 14:34:51,312][com.java.TestType] [  462] - Test case Id is---3
[INFO ][2015-11-05 14:34:51,312][com.java.TestType] [  464] - 3
[INFO ][2015-11-05 14:34:51,312][com.java.TestType] [  459] -  str(2) = 1
[INFO ][2015-11-05 14:34:51,312][com.java.TestType] [  511] - row values are--------{1=com.java.Objects.TestDataDetails@bddbc2}
[INFO ][2015-11-05 14:34:51,312][com.java.TestType] [  459] -  str(1) = 3
[INFO ][2015-11-05 14:34:51,312][com.java.TestType] [  462] - Test case Id is---3
[INFO ][2015-11-05 14:34:51,312][com.java.TestType] [  464] - 3
[INFO ][2015-11-05 14:34:51,312][com.java.TestType] [  459] -  str(2) = 2
[INFO ][2015-11-05 14:34:51,312][com.java.TestType] [  511] - row values are--------{1=com.java.Objects.TestDataDetails@bddbc2, 2=com.java.Objects.TestDataDetails@8d87fc}
[INFO ][2015-11-05 14:34:51,312][com.java.TestType] [ 7927] - Looping 1TCID = 3
[DEBUG][2015-11-05 14:34:51,312][com.java.TestType] [ 7968] - Concept ID:3 :: Step being Executed: 3::1
[INFO ][2015-11-05 14:34:51,312][com.java.TestType] [ 8006] - dataFields : test
[DEBUG][2015-11-05 14:34:51,312][com.java.TestType] [ 8012] - <In Set values of the page>
[DEBUG][2015-11-05 14:34:51,312][com.java.TestType] [ 8017] - {Data Fields & Data Values Exist}
[INFO ][2015-11-05 14:34:51,312][com.java.TestType] [ 8023] - --------------------------setting values-----------------------------
[INFO ][2015-11-05 14:34:51,312][com.java.TestType] [ 8026] - Action Type : Logout
[INFO ][2015-11-05 14:34:53,467][com.java.TestType] [ 4091] - Field ::CNF
[INFO ][2015-11-05 14:34:54,820][com.java.TestType] [ 4146] - Click the object confirmation
[INFO ][2015-11-05 14:34:54,820][com.java.TestType] [ 4147] - Unable to click the object confirmation
[DEBUG][2015-11-05 14:34:54,822][com.java.SeleniumDriver] [  425] - Hub ip address is-------172.17.68.34
[INFO ][2015-11-05 14:34:54,822][com.java.SeleniumDriver] [  451] - Grid URL:http://172.17.68.34:4444/wd/hub
[INFO ][2015-11-05 14:34:54,824][com.java.SeleniumDriver] [  452] - Capability:Capabilities [{platform=ANY, ensureCleanSession=true, ignoreProtectedModeSettings=true, acceptSslCerts=true, ignoreZoomSetting=true, browserName=internet explorer, browserstack.ie.noFlash=true, version=Node1}]
[ERROR][2015-11-05 14:34:55,847][com.java.SeleniumDriver] [  496] - Unable invoke browser in grid:Could not start a new session. Possible causes are invalid address of the remote server or browser start-up failure.
Build info: version: '2.48.2', revision: '41bccdd', time: '2015-10-09 19:59:12'
System info: host: 'FVTIII438F1D', ip: '172.17.68.34', os.name: 'Windows 7', os.arch: 'x86', os.version: '6.1', java.version: '1.7.0_55'
Driver info: driver.version: SeleniumDriver
[INFO ][2015-11-05 14:34:55,847][com.java.SeleniumDriver] [  498] - Executing on local machine
[INFO ][2015-11-05 14:35:04,761][com.java.TestType] [ 8045] -  RESULT true
[INFO ][2015-11-05 14:35:04,761][com.java.TestType] [ 8162] - ?   P A S S   ?
[DEBUG][2015-11-05 14:35:04,761][com.java.TestType] [ 7968] - Concept ID:3 :: Step being Executed: 3::2
[INFO ][2015-11-05 14:35:04,761][com.java.TestType] [ 8006] - dataFields : test
[DEBUG][2015-11-05 14:35:04,761][com.java.TestType] [ 8012] - <In Set values of the page>
[DEBUG][2015-11-05 14:35:04,761][com.java.TestType] [ 8017] - {Data Fields & Data Values Exist}
[INFO ][2015-11-05 14:35:04,761][com.java.TestType] [ 8023] - --------------------------setting values-----------------------------
[INFO ][2015-11-05 14:35:04,761][com.java.TestType] [ 8026] - Action Type : WaitTime
[DEBUG][2015-11-05 14:35:04,761][com.java.TestType] [ 3677] - sleepTime: 2000
[INFO ][2015-11-05 14:35:06,762][com.java.TestType] [ 8045] -  RESULT true
[INFO ][2015-11-05 14:35:06,762][com.java.TestType] [ 8162] - ?   P A S S   ?
[INFO ][2015-11-05 14:35:06,762][com.java.TestType] [ 8233] - Looping End......
[INFO ][2015-11-05 14:35:06,762][com.java.SeleniumDriver] [  861] -  RESULT true
[INFO ][2015-11-05 14:35:06,762][com.java.SeleniumDriver] [ 1066] - ?   P A S S   ?
[INFO ][2015-11-05 14:35:06,762][com.java.SeleniumDriver] [  788] - ------------------------------------------
[INFO ][2015-11-05 14:35:06,762][com.java.SeleniumDriver] [  789] - Test case being Executed: 11
[INFO ][2015-11-05 14:35:06,762][com.java.SeleniumDriver] [  800] - Test step:39
[INFO ][2015-11-05 14:35:06,762][com.java.SeleniumDriver] [  812] - Datavalue is----------HMVLogin_username
[INFO ][2015-11-05 14:35:06,762][com.java.SeleniumDriver] [  836] - DataField : TXTusername
[INFO ][2015-11-05 14:35:06,762][com.java.SeleniumDriver] [  838] - DataValue : HMVLogin_username
[INFO ][2015-11-05 14:35:06,762][com.java.SeleniumDriver] [  844] - <In Set values of the page>
[INFO ][2015-11-05 14:35:06,762][com.java.SeleniumDriver] [  847] - {Data Fields & Data Values Exist}
[INFO ][2015-11-05 14:35:06,762][com.java.SeleniumDriver] [  849] - --------------------------setting values-----------------------------
[INFO ][2015-11-05 14:35:06,762][com.java.SeleniumDriver] [  852] - Action Type : CLEARANDENTER
[INFO ][2015-11-05 14:35:06,762][com.java.TestType] [ 3778] - value = vltest.robot.03890
[INFO ][2015-11-05 14:35:11,543][com.java.SeleniumDriver] [  861] -  RESULT true
[INFO ][2015-11-05 14:35:11,543][com.java.SeleniumDriver] [ 1066] - ?   P A S S   ?
[INFO ][2015-11-05 14:35:11,543][com.java.SeleniumDriver] [  788] - ------------------------------------------
[INFO ][2015-11-05 14:35:11,543][com.java.SeleniumDriver] [  789] - Test case being Executed: 11
[INFO ][2015-11-05 14:35:11,543][com.java.SeleniumDriver] [  800] - Test step:40
[INFO ][2015-11-05 14:35:11,543][com.java.SeleniumDriver] [  812] - Datavalue is----------dt:NewUserPswd
[INFO ][2015-11-05 14:35:11,543][com.java.SeleniumDriver] [  836] - DataField : TXTpassword
[INFO ][2015-11-05 14:35:11,543][com.java.SeleniumDriver] [  838] - DataValue : dt:NewUserPswd
[INFO ][2015-11-05 14:35:11,543][com.java.SeleniumDriver] [  844] - <In Set values of the page>
[INFO ][2015-11-05 14:35:11,543][com.java.SeleniumDriver] [  847] - {Data Fields & Data Values Exist}
[INFO ][2015-11-05 14:35:11,543][com.java.SeleniumDriver] [  849] - --------------------------setting values-----------------------------
[INFO ][2015-11-05 14:35:11,543][com.java.SeleniumDriver] [  852] - Action Type : CLEARANDENTER
[INFO ][2015-11-05 14:35:11,543][com.java.TestType] [ 3778] - value = Password1*
[INFO ][2015-11-05 14:35:16,470][com.java.SeleniumDriver] [  861] -  RESULT true
[INFO ][2015-11-05 14:35:16,470][com.java.SeleniumDriver] [ 1066] - ?   P A S S   ?
[INFO ][2015-11-05 14:35:16,470][com.java.SeleniumDriver] [  788] - ------------------------------------------
[INFO ][2015-11-05 14:35:16,470][com.java.SeleniumDriver] [  789] - Test case being Executed: 11
[INFO ][2015-11-05 14:35:16,470][com.java.SeleniumDriver] [  800] - Test step:41
[INFO ][2015-11-05 14:35:16,470][com.java.SeleniumDriver] [  812] - Datavalue is----------null
[DEBUG][2015-11-05 14:35:16,470][com.java.SeleniumDriver] [  830] - Exception: null
[INFO ][2015-11-05 14:35:16,470][com.java.SeleniumDriver] [  836] - DataField : XPH//button[@type='submit']
[INFO ][2015-11-05 14:35:16,470][com.java.SeleniumDriver] [  838] - DataValue : 
[INFO ][2015-11-05 14:35:16,470][com.java.SeleniumDriver] [  844] - <In Set values of the page>
[INFO ][2015-11-05 14:35:16,470][com.java.SeleniumDriver] [  847] - {Data Fields & Data Values Exist}
[INFO ][2015-11-05 14:35:16,470][com.java.SeleniumDriver] [  849] - --------------------------setting values-----------------------------
[INFO ][2015-11-05 14:35:16,470][com.java.SeleniumDriver] [  852] - Action Type : Click
[INFO ][2015-11-05 14:35:16,470][com.java.TestType] [ 4091] - Field ::XPH//button[@type='submit']
[INFO ][2015-11-05 14:35:17,470][com.java.TestType] [ 4150] - BEFORE CLICK
[INFO ][2015-11-05 14:35:18,282][com.java.TestType] [ 4158] - Unable to click the object Login
[INFO ][2015-11-05 14:35:18,282][com.java.SeleniumDriver] [  861] -  RESULT true
[INFO ][2015-11-05 14:35:18,282][com.java.SeleniumDriver] [ 1066] - ?   P A S S   ?
[INFO ][2015-11-05 14:35:18,282][com.java.SeleniumDriver] [  788] - ------------------------------------------
[INFO ][2015-11-05 14:35:18,282][com.java.SeleniumDriver] [  789] - Test case being Executed: 11
[INFO ][2015-11-05 14:35:18,282][com.java.SeleniumDriver] [  800] - Test step:42
[INFO ][2015-11-05 14:35:18,282][com.java.SeleniumDriver] [  812] - Datavalue is----------null
[DEBUG][2015-11-05 14:35:18,282][com.java.SeleniumDriver] [  830] - Exception: null
[INFO ][2015-11-05 14:35:18,282][com.java.SeleniumDriver] [  836] - DataField : test
[INFO ][2015-11-05 14:35:18,282][com.java.SeleniumDriver] [  838] - DataValue : 
[INFO ][2015-11-05 14:35:18,282][com.java.SeleniumDriver] [  844] - <In Set values of the page>
[INFO ][2015-11-05 14:35:18,282][com.java.SeleniumDriver] [  847] - {Data Fields & Data Values Exist}
[INFO ][2015-11-05 14:35:18,282][com.java.SeleniumDriver] [  849] - --------------------------setting values-----------------------------
[INFO ][2015-11-05 14:35:18,282][com.java.SeleniumDriver] [  852] - Action Type : WaitTime
[DEBUG][2015-11-05 14:35:18,282][com.java.TestType] [ 3677] - sleepTime: 10000
[INFO ][2015-11-05 14:35:28,268][com.java.SeleniumDriver] [  861] -  RESULT true
[INFO ][2015-11-05 14:35:28,268][com.java.SeleniumDriver] [ 1066] - ?   P A S S   ?
[INFO ][2015-11-05 14:35:28,268][com.java.SeleniumDriver] [  788] - ------------------------------------------
[INFO ][2015-11-05 14:35:28,268][com.java.SeleniumDriver] [  789] - Test case being Executed: 11
[INFO ][2015-11-05 14:35:28,268][com.java.SeleniumDriver] [  800] - Test step:43
[INFO ][2015-11-05 14:35:28,268][com.java.SeleniumDriver] [  812] - Datavalue is----------Banker'sDashboard
[INFO ][2015-11-05 14:35:28,268][com.java.SeleniumDriver] [  836] - DataField : TTL
[INFO ][2015-11-05 14:35:28,268][com.java.SeleniumDriver] [  838] - DataValue : Banker'sDashboard
[INFO ][2015-11-05 14:35:28,268][com.java.SeleniumDriver] [  844] - <In Set values of the page>
[INFO ][2015-11-05 14:35:28,268][com.java.SeleniumDriver] [  847] - {Data Fields & Data Values Exist}
[INFO ][2015-11-05 14:35:28,268][com.java.SeleniumDriver] [  849] - --------------------------setting values-----------------------------
[INFO ][2015-11-05 14:35:28,268][com.java.SeleniumDriver] [  852] - Action Type : SelectWindow
[INFO ][2015-11-05 14:35:40,435][com.java.SeleniumDriver] [  861] -  RESULT true
[INFO ][2015-11-05 14:35:40,435][com.java.SeleniumDriver] [ 1066] - ?   P A S S   ?
[INFO ][2015-11-05 14:35:40,435][com.java.SeleniumDriver] [  788] - ------------------------------------------
[INFO ][2015-11-05 14:35:40,435][com.java.SeleniumDriver] [  789] - Test case being Executed: 11
[INFO ][2015-11-05 14:35:40,435][com.java.SeleniumDriver] [  800] - Test step:44
[INFO ][2015-11-05 14:35:40,435][com.java.SeleniumDriver] [  812] - Datavalue is----------20
[INFO ][2015-11-05 14:35:40,435][com.java.SeleniumDriver] [  836] - DataField : test
[INFO ][2015-11-05 14:35:40,435][com.java.SeleniumDriver] [  838] - DataValue : 20
[INFO ][2015-11-05 14:35:40,435][com.java.SeleniumDriver] [  844] - <In Set values of the page>
[INFO ][2015-11-05 14:35:40,435][com.java.SeleniumDriver] [  847] - {Data Fields & Data Values Exist}
[INFO ][2015-11-05 14:35:40,435][com.java.SeleniumDriver] [  849] - --------------------------setting values-----------------------------
[INFO ][2015-11-05 14:35:40,435][com.java.SeleniumDriver] [  852] - Action Type : WaitTime
[DEBUG][2015-11-05 14:35:40,435][com.java.TestType] [ 3677] - sleepTime: 20000
[INFO ][2015-11-05 14:36:00,436][com.java.SeleniumDriver] [  861] -  RESULT true
[INFO ][2015-11-05 14:36:00,436][com.java.SeleniumDriver] [ 1066] - ?   P A S S   ?
[INFO ][2015-11-05 14:36:00,436][com.java.SeleniumDriver] [  788] - ------------------------------------------
[INFO ][2015-11-05 14:36:00,436][com.java.SeleniumDriver] [  789] - Test case being Executed: 11
[INFO ][2015-11-05 14:36:00,436][com.java.SeleniumDriver] [  800] - Test step:45
[INFO ][2015-11-05 14:36:00,436][com.java.SeleniumDriver] [  812] - Datavalue is----------null
[DEBUG][2015-11-05 14:36:00,436][com.java.SeleniumDriver] [  830] - Exception: null
[INFO ][2015-11-05 14:36:00,436][com.java.SeleniumDriver] [  836] - DataField : //span[@class='icon-cog2']&&User Settings
[INFO ][2015-11-05 14:36:00,436][com.java.SeleniumDriver] [  838] - DataValue : 
[INFO ][2015-11-05 14:36:00,436][com.java.SeleniumDriver] [  844] - <In Set values of the page>
[INFO ][2015-11-05 14:36:00,436][com.java.SeleniumDriver] [  847] - {Data Fields & Data Values Exist}
[INFO ][2015-11-05 14:36:00,436][com.java.SeleniumDriver] [  849] - --------------------------setting values-----------------------------
[INFO ][2015-11-05 14:36:00,436][com.java.SeleniumDriver] [  852] - Action Type : MouseOver
[INFO ][2015-11-05 14:36:27,147][com.java.SeleniumDriver] [  861] -  RESULT true
[INFO ][2015-11-05 14:36:27,147][com.java.SeleniumDriver] [ 1066] - ?   P A S S   ?
[INFO ][2015-11-05 14:36:27,147][com.java.SeleniumDriver] [  788] - ------------------------------------------
[INFO ][2015-11-05 14:36:27,147][com.java.SeleniumDriver] [  789] - Test case being Executed: 11
[INFO ][2015-11-05 14:36:27,147][com.java.SeleniumDriver] [  800] - Test step:46
[INFO ][2015-11-05 14:36:27,147][com.java.SeleniumDriver] [  812] - Datavalue is----------null
[DEBUG][2015-11-05 14:36:27,147][com.java.SeleniumDriver] [  830] - Exception: null
[INFO ][2015-11-05 14:36:27,147][com.java.SeleniumDriver] [  836] - DataField : BTNframeDialogContent
[INFO ][2015-11-05 14:36:27,147][com.java.SeleniumDriver] [  838] - DataValue : 
[INFO ][2015-11-05 14:36:27,147][com.java.SeleniumDriver] [  844] - <In Set values of the page>
[INFO ][2015-11-05 14:36:27,147][com.java.SeleniumDriver] [  847] - {Data Fields & Data Values Exist}
[INFO ][2015-11-05 14:36:27,147][com.java.SeleniumDriver] [  849] - --------------------------setting values-----------------------------
[INFO ][2015-11-05 14:36:27,147][com.java.SeleniumDriver] [  852] - Action Type : WaitForElement
[INFO ][2015-11-05 14:36:28,328][com.java.SeleniumDriver] [  861] -  RESULT true
[INFO ][2015-11-05 14:36:28,328][com.java.SeleniumDriver] [ 1066] - ?   P A S S   ?
[INFO ][2015-11-05 14:36:28,328][com.java.SeleniumDriver] [  788] - ------------------------------------------
[INFO ][2015-11-05 14:36:28,328][com.java.SeleniumDriver] [  789] - Test case being Executed: 11
[INFO ][2015-11-05 14:36:28,328][com.java.SeleniumDriver] [  800] - Test step:47
[INFO ][2015-11-05 14:36:28,328][com.java.SeleniumDriver] [  812] - Datavalue is----------frameDialogContent
[INFO ][2015-11-05 14:36:28,328][com.java.SeleniumDriver] [  836] - DataField : BTN
[INFO ][2015-11-05 14:36:28,328][com.java.SeleniumDriver] [  838] - DataValue : frameDialogContent
[INFO ][2015-11-05 14:36:28,328][com.java.SeleniumDriver] [  844] - <In Set values of the page>
[INFO ][2015-11-05 14:36:28,328][com.java.SeleniumDriver] [  847] - {Data Fields & Data Values Exist}
[INFO ][2015-11-05 14:36:28,328][com.java.SeleniumDriver] [  849] - --------------------------setting values-----------------------------
[INFO ][2015-11-05 14:36:28,328][com.java.SeleniumDriver] [  852] - Action Type : SELECTFRAMEBYNAME
[INFO ][2015-11-05 14:36:28,328][com.java.TestType] [ 3778] - value = frameDialogContent
[INFO ][2015-11-05 14:36:28,389][com.java.SeleniumDriver] [  861] -  RESULT true
[INFO ][2015-11-05 14:36:28,389][com.java.SeleniumDriver] [ 1066] - ?   P A S S   ?
[INFO ][2015-11-05 14:36:28,389][com.java.SeleniumDriver] [  788] - ------------------------------------------
[INFO ][2015-11-05 14:36:28,389][com.java.SeleniumDriver] [  789] - Test case being Executed: 11
[INFO ][2015-11-05 14:36:28,389][com.java.SeleniumDriver] [  800] - Test step:48
[INFO ][2015-11-05 14:36:28,389][com.java.SeleniumDriver] [  812] - Datavalue is----------No
[INFO ][2015-11-05 14:36:28,389][com.java.SeleniumDriver] [  836] - DataField : SLBddlOpenBDInNewWindow
[INFO ][2015-11-05 14:36:28,389][com.java.SeleniumDriver] [  838] - DataValue : No
[INFO ][2015-11-05 14:36:28,389][com.java.SeleniumDriver] [  844] - <In Set values of the page>
[INFO ][2015-11-05 14:36:28,389][com.java.SeleniumDriver] [  847] - {Data Fields & Data Values Exist}
[INFO ][2015-11-05 14:36:28,389][com.java.SeleniumDriver] [  849] - --------------------------setting values-----------------------------
[INFO ][2015-11-05 14:36:28,389][com.java.SeleniumDriver] [  852] - Action Type : Select
[INFO ][2015-11-05 14:36:28,389][com.java.TestType] [ 3778] - value = No
[INFO ][2015-11-05 14:36:30,641][com.java.SeleniumDriver] [  861] -  RESULT true
[INFO ][2015-11-05 14:36:30,641][com.java.SeleniumDriver] [ 1066] - ?   P A S S   ?
[INFO ][2015-11-05 14:36:30,641][com.java.SeleniumDriver] [  788] - ------------------------------------------
[INFO ][2015-11-05 14:36:30,641][com.java.SeleniumDriver] [  789] - Test case being Executed: 11
[INFO ][2015-11-05 14:36:30,641][com.java.SeleniumDriver] [  800] - Test step:49
[INFO ][2015-11-05 14:36:30,641][com.java.SeleniumDriver] [  812] - Datavalue is----------null
[DEBUG][2015-11-05 14:36:30,641][com.java.SeleniumDriver] [  830] - Exception: null
[INFO ][2015-11-05 14:36:30,641][com.java.SeleniumDriver] [  836] - DataField : BTNparent
[INFO ][2015-11-05 14:36:30,641][com.java.SeleniumDriver] [  838] - DataValue : 
[INFO ][2015-11-05 14:36:30,641][com.java.SeleniumDriver] [  844] - <In Set values of the page>
[INFO ][2015-11-05 14:36:30,641][com.java.SeleniumDriver] [  847] - {Data Fields & Data Values Exist}
[INFO ][2015-11-05 14:36:30,641][com.java.SeleniumDriver] [  849] - --------------------------setting values-----------------------------
[INFO ][2015-11-05 14:36:30,641][com.java.SeleniumDriver] [  852] - Action Type : SELECTFRAME
[INFO ][2015-11-05 14:36:30,651][com.java.SeleniumDriver] [  861] -  RESULT true
[INFO ][2015-11-05 14:36:30,651][com.java.SeleniumDriver] [ 1066] - ?   P A S S   ?
[INFO ][2015-11-05 14:36:30,651][com.java.SeleniumDriver] [  788] - ------------------------------------------
[INFO ][2015-11-05 14:36:30,651][com.java.SeleniumDriver] [  789] - Test case being Executed: 11
[INFO ][2015-11-05 14:36:30,651][com.java.SeleniumDriver] [  800] - Test step:50
[INFO ][2015-11-05 14:36:30,651][com.java.SeleniumDriver] [  812] - Datavalue is----------null
[DEBUG][2015-11-05 14:36:30,651][com.java.SeleniumDriver] [  830] - Exception: null
[INFO ][2015-11-05 14:36:30,651][com.java.SeleniumDriver] [  836] - DataField : BTN//span[text()='Finished']
[INFO ][2015-11-05 14:36:30,651][com.java.SeleniumDriver] [  838] - DataValue : 
[INFO ][2015-11-05 14:36:30,651][com.java.SeleniumDriver] [  844] - <In Set values of the page>
[INFO ][2015-11-05 14:36:30,651][com.java.SeleniumDriver] [  847] - {Data Fields & Data Values Exist}
[INFO ][2015-11-05 14:36:30,651][com.java.SeleniumDriver] [  849] - --------------------------setting values-----------------------------
[INFO ][2015-11-05 14:36:30,651][com.java.SeleniumDriver] [  852] - Action Type : Click
[INFO ][2015-11-05 14:36:30,651][com.java.TestType] [ 4091] - Field ::BTN//span[text()='Finished']
[INFO ][2015-11-05 14:36:31,651][com.java.TestType] [ 4129] - BEFORE CLICK
[INFO ][2015-11-05 14:36:31,912][com.java.TestType] [ 4136] - Unable to click the object Finished button
[INFO ][2015-11-05 14:36:31,912][com.java.SeleniumDriver] [  861] -  RESULT true
[INFO ][2015-11-05 14:36:31,912][com.java.SeleniumDriver] [ 1066] - ?   P A S S   ?
[INFO ][2015-11-05 14:36:31,912][com.java.SeleniumDriver] [  788] - ------------------------------------------
[INFO ][2015-11-05 14:36:31,912][com.java.SeleniumDriver] [  789] - Test case being Executed: 11
[INFO ][2015-11-05 14:36:31,912][com.java.SeleniumDriver] [  800] - Test step:51
[INFO ][2015-11-05 14:36:31,912][com.java.SeleniumDriver] [  812] - Datavalue is----------Logout
[INFO ][2015-11-05 14:36:31,912][com.java.SeleniumDriver] [  836] - DataField : LNK
[INFO ][2015-11-05 14:36:31,912][com.java.SeleniumDriver] [  838] - DataValue : Logout
[INFO ][2015-11-05 14:36:31,912][com.java.SeleniumDriver] [  844] - <In Set values of the page>
[INFO ][2015-11-05 14:36:31,912][com.java.SeleniumDriver] [  847] - {Data Fields & Data Values Exist}
[INFO ][2015-11-05 14:36:31,912][com.java.SeleniumDriver] [  849] - --------------------------setting values-----------------------------
[INFO ][2015-11-05 14:36:31,912][com.java.SeleniumDriver] [  852] - Action Type : Verify
[INFO ][2015-11-05 14:36:31,912][com.java.TestType] [ 4904] - field= LNK value= Logout
[INFO ][2015-11-05 14:36:31,912][com.java.TestType] [ 3778] - value = Logout
[INFO ][2015-11-05 14:36:31,982][com.java.SeleniumDriver] [  861] -  RESULT true
[INFO ][2015-11-05 14:36:31,982][com.java.SeleniumDriver] [ 1066] - ?   P A S S   ?
[INFO ][2015-11-05 14:36:31,982][com.java.SeleniumDriver] [  788] - ------------------------------------------
[INFO ][2015-11-05 14:36:31,982][com.java.SeleniumDriver] [  789] - Test case being Executed: 11
[INFO ][2015-11-05 14:36:31,982][com.java.SeleniumDriver] [  800] - Test step:52
[INFO ][2015-11-05 14:36:31,982][com.java.SeleniumDriver] [  812] - Datavalue is----------//img[contains(@src,'bdlogo.jpg')]
[INFO ][2015-11-05 14:36:31,982][com.java.SeleniumDriver] [  836] - DataField : BTN
[INFO ][2015-11-05 14:36:31,982][com.java.SeleniumDriver] [  838] - DataValue : //img[contains(@src,'bdlogo.jpg')]
[INFO ][2015-11-05 14:36:31,982][com.java.SeleniumDriver] [  844] - <In Set values of the page>
[INFO ][2015-11-05 14:36:31,982][com.java.SeleniumDriver] [  847] - {Data Fields & Data Values Exist}
[INFO ][2015-11-05 14:36:31,982][com.java.SeleniumDriver] [  849] - --------------------------setting values-----------------------------
[INFO ][2015-11-05 14:36:31,982][com.java.SeleniumDriver] [  852] - Action Type : Verify
[INFO ][2015-11-05 14:36:31,982][com.java.TestType] [ 4904] - field= BTN value= //img[contains(@src,'bdlogo.jpg')]
[INFO ][2015-11-05 14:36:31,982][com.java.TestType] [ 3778] - value = //img[contains(@src,'bdlogo.jpg')]
[INFO ][2015-11-05 14:36:32,062][com.java.SeleniumDriver] [  861] -  RESULT true
[INFO ][2015-11-05 14:36:32,062][com.java.SeleniumDriver] [ 1066] - ?   P A S S   ?
[INFO ][2015-11-05 14:36:32,062][com.java.SeleniumDriver] [  788] - ------------------------------------------
[INFO ][2015-11-05 14:36:32,062][com.java.SeleniumDriver] [  789] - Test case being Executed: 11
[INFO ][2015-11-05 14:36:32,062][com.java.SeleniumDriver] [  800] - Test step:53
[INFO ][2015-11-05 14:36:32,062][com.java.SeleniumDriver] [  812] - Datavalue is----------null
[DEBUG][2015-11-05 14:36:32,062][com.java.SeleniumDriver] [  830] - Exception: null
[INFO ][2015-11-05 14:36:32,062][com.java.SeleniumDriver] [  836] - DataField : null
[INFO ][2015-11-05 14:36:32,062][com.java.SeleniumDriver] [  838] - DataValue : 
[INFO ][2015-11-05 14:36:32,062][com.java.SeleniumDriver] [  844] - <In Set values of the page>
[INFO ][2015-11-05 14:36:32,062][com.java.SeleniumDriver] [  847] - {Data Fields & Data Values Exist}
[INFO ][2015-11-05 14:36:32,062][com.java.SeleniumDriver] [  849] - --------------------------setting values-----------------------------
[INFO ][2015-11-05 14:36:32,062][com.java.SeleniumDriver] [  852] - Action Type : OPENNEWBROWSER
[DEBUG][2015-11-05 14:36:35,302][com.java.SeleniumDriver] [  425] - Hub ip address is-------172.17.68.34
[INFO ][2015-11-05 14:36:35,302][com.java.SeleniumDriver] [  451] - Grid URL:http://172.17.68.34:4444/wd/hub
[INFO ][2015-11-05 14:36:35,302][com.java.SeleniumDriver] [  452] - Capability:Capabilities [{platform=ANY, ensureCleanSession=true, ignoreProtectedModeSettings=true, acceptSslCerts=true, ignoreZoomSetting=true, browserName=internet explorer, browserstack.ie.noFlash=true, version=Node1}]
[ERROR][2015-11-05 14:36:36,403][com.java.SeleniumDriver] [  496] - Unable invoke browser in grid:Could not start a new session. Possible causes are invalid address of the remote server or browser start-up failure.
Build info: version: '2.48.2', revision: '41bccdd', time: '2015-10-09 19:59:12'
System info: host: 'FVTIII438F1D', ip: '172.17.68.34', os.name: 'Windows 7', os.arch: 'x86', os.version: '6.1', java.version: '1.7.0_55'
Driver info: driver.version: SeleniumDriver
[INFO ][2015-11-05 14:36:36,403][com.java.SeleniumDriver] [  498] - Executing on local machine
[INFO ][2015-11-05 14:36:45,280][com.java.TestType] [ 4904] - field= null value= 
[DEBUG][2015-11-05 14:36:45,280][com.java.TestType] [  798] - Unable to perform actionnull
[ERROR][2015-11-05 14:36:45,280][com.java.TestType] [  799] - Exception: null
[INFO ][2015-11-05 14:36:45,280][com.java.SeleniumDriver] [  861] -  RESULT false
[INFO ][2015-11-05 14:36:45,280][com.java.SeleniumDriver] [  908] - ?   F A I L   ?
[INFO ][2015-11-05 14:36:45,280][com.java.SeleniumDriver] [  916] - Browser Type : IE11
[INFO ][2015-11-05 14:36:45,280][com.java.SeleniumDriver] [  917] - Adding Failed case11
[INFO ][2015-11-05 14:36:45,911][com.java.SeleniumDriver] [ 1030] - failedCases = 11
[ERROR][2015-11-05 14:36:45,911][com.java.SeleniumDriver] [ 1516] - Platform Errors : Our apologies...::We have encountered an issue with your request.::Our apologies?:We encountered an issue with your request.
[INFO ][2015-11-05 14:36:45,911][com.java.SeleniumDriver] [ 1520] - Length =3
[ERROR][2015-11-05 14:36:45,911][com.java.SeleniumDriver] [ 1523] - Error 0 = Our apologies...
[ERROR][2015-11-05 14:36:45,941][com.java.SeleniumDriver] [ 1523] - Error 1 = We have encountered an issue with your request.
[ERROR][2015-11-05 14:36:45,961][com.java.SeleniumDriver] [ 1523] - Error 2 = Our apologies?:We encountered an issue with your request.
[DEBUG][2015-11-05 14:36:45,991][com.java.SeleniumDriver] [ 1168] - Case found
[DEBUG][2015-11-05 14:36:45,991][com.java.SeleniumDriver] [ 1173] - Incrementing ReportCounters[0]:2
[INFO ][2015-11-05 14:36:45,991][com.java.SeleniumDriver] [ 1192] - The results are-------------------[11, 53, Manage Users: Add User, Fail, 
Test case failed at Step No. :: 53. Screen Shot : D:\BankersDashboard\TestReports\110515\11_110515_143645_IE11.png, Thu Nov 05 14:36:45 IST 2015]
[INFO ][2015-11-05 14:36:45,991][com.java.SeleniumDriver] [ 1196] - End time is-------5 min 19 sec
[INFO ][2015-11-05 14:36:45,991][com.java.SeleniumDriver] [ 1197] - The results are-------------------[11, 53, Manage Users: Add User, Fail, 
Test case failed at Step No. :: 53. Screen Shot : D:\BankersDashboard\TestReports\110515\11_110515_143645_IE11.png, Thu Nov 05 14:36:45 IST 2015]
[DEBUG][2015-11-05 14:36:45,991][com.java.ImportnExport.ExportTestResultsExcel] [  222] - testResultPath = D:\BankersDashboard/TestReports/Test Results_BankersDashBoard_110515_143128_IE11_Simmons First National Bank.xls
[DEBUG][2015-11-05 14:36:45,991][com.java.ImportnExport.ExportTestResultsExcel] [  223] - browser is------------IE11
[DEBUG][2015-11-05 14:36:45,991][com.java.ImportnExport.ExportTestResultsExcel] [  270] - result.size() = 6
[DEBUG][2015-11-05 14:36:45,991][com.java.ImportnExport.ExportTestResultsExcel] [  274] - No of rows in sheet=2
[DEBUG][2015-11-05 14:36:45,991][com.java.ImportnExport.ExportTestResultsExcel] [  301] - ..in export..11
[DEBUG][2015-11-05 14:36:45,991][com.java.ImportnExport.ExportTestResultsExcel] [  301] - ..in export..Manage Users: Add User
[DEBUG][2015-11-05 14:36:45,991][com.java.ImportnExport.ExportTestResultsExcel] [  301] - ..in export..Fail
[DEBUG][2015-11-05 14:36:45,991][com.java.ImportnExport.ExportTestResultsExcel] [  301] - ..in export..
Test case failed at Step No. :: 53. Screen Shot : D:\BankersDashboard\TestReports\110515\11_110515_143645_IE11.png
[DEBUG][2015-11-05 14:36:45,991][com.java.ImportnExport.ExportTestResultsExcel] [  301] - ..in export..Thu Nov 05 14:36:45 IST 2015
[INFO ][2015-11-05 14:36:45,991][com.java.SeleniumDriver] [ 1255] - out loop:1 size:2 TestCases:[1, 11] testcases:[1, 11]
[INFO ][2015-11-05 14:36:47,991][com.java.SeleniumDriver] [ 1297] - Total Number of Cases:2
[INFO ][2015-11-05 14:36:47,991][com.java.TemplateGenerator] [  302] - Executed:2
[INFO ][2015-11-05 14:36:47,991][com.java.TemplateGenerator] [  303] - Passed:1
[INFO ][2015-11-05 14:36:47,991][com.java.TemplateGenerator] [  304] - Failed:1
[INFO ][2015-11-05 14:36:47,991][com.java.TemplateGenerator] [  305] - Skipeed:0
[INFO ][2015-11-05 14:36:47,991][com.java.TemplateGenerator] [  306] - Application URL:https://clients-xuat.bankersdashboard.com
[INFO ][2015-11-05 14:36:47,991][com.java.TemplateGenerator] [  307] - Start Time:110515_143128
[INFO ][2015-11-05 14:36:47,991][com.java.TemplateGenerator] [  308] -  Creating HTML Report 
[ERROR][2015-11-05 14:36:47,991][com.java.TemplateGenerator] [  409] - Unparseable date: "Thu Nov 05 02:31:28 IST 2015"
[INFO ][2015-11-05 14:36:47,991][com.java.TemplateGenerator] [  654] -  Exporting case :: 1
[INFO ][2015-11-05 14:36:47,991][com.java.TemplateGenerator] [  654] -  Exporting case :: 11
[INFO ][2015-11-05 14:36:47,991][com.java.SeleniumDriver] [ 1346] - End Time:110515_143647
[INFO ][2015-11-05 14:36:47,991][com.java.SeleniumDriver] [ 1349] - Data in Test Execution Details:{1=PASS, 11=FAILTest case failed at Step No. :: 53}
[INFO ][2015-11-05 14:36:47,991][com.java.SeleniumDriver] [ 1350] - Data in Failed Execution Deatils:{}
[INFO ][2015-11-05 14:36:47,991][com.java.SeleniumDriver] [ 1352] - ReportCounter:Total:2 :: PASS: 1 ::FAIL: 1
[INFO ][2015-11-05 14:36:47,991][com.java.SeleniumDriver] [ 1353] - FailedReportCounter:Total:0 :: PASS: 0 ::FAIL: 0
[INFO ][2015-11-05 14:36:47,992][com.java.EmailTestReport] [   63] - Sending report mail details:
[INFO ][2015-11-05 14:36:47,992][com.java.EmailTestReport] [   80] - Excel Report Path:D:\BankersDashboard/TestReports/Test Results_BankersDashBoard_110515_143128_IE11_Simmons First National Bank.xls
[INFO ][2015-11-05 14:36:47,992][com.java.EmailTestReport] [   81] - HTML Report Path:D:\BankersDashboard//TestReports//Test Results_BankersDashBoard_110515_143128_IE11_Simmons First National Bank.html
[INFO ][2015-11-05 14:36:47,992][com.java.EmailTestReport] [   82] - smtpHostName:mail01.valuelabs.com
[INFO ][2015-11-05 14:36:47,992][com.java.EmailTestReport] [   83] - Recipient:venkateswararao.gubbala@valuelabs.com
[INFO ][2015-11-05 14:36:47,992][com.java.EmailTestReport] [   84] - From:venkateswararao.gubbala@valuelabs.com
[INFO ][2015-11-05 14:36:47,992][com.java.EmailTestReport] [   85] - Subject:Deluxe Corp Bankers Dashboard Automation Test Report - Simmons First National Bank - IE11
[INFO ][2015-11-05 14:36:48,012][com.java.EmailTestReport] [  143] -  Added venkateswararao.gubbala@valuelabs.com
[INFO ][2015-11-05 14:36:51,462][com.java.SeleniumDriver] [  719] - quitting the browser 
[INFO ][2015-11-05 14:36:52,572][com.java.SeleniumDriver] [  263] - Execution Completed Stopping the thread
