[INFO ][2015-12-22 18:38:40,740][com.java.SeleniumDriver] [  213] - Execute Failed Casesfalse
[INFO ][2015-12-22 18:38:40,741][com.java.SeleniumDriver] [  214] - Browser: IE10
[INFO ][2015-12-22 18:38:40,741][com.java.SeleniumDriver] [  215] - [18]
[INFO ][2015-12-22 18:38:40,741][com.java.SeleniumDriver] [  216] - Total TestCases:1
[INFO ][2015-12-22 18:38:40,741][com.java.SeleniumDriver] [  217] -  Reading Properties from Property File 
[DEBUG][2015-12-22 18:38:40,742][com.java.SeleniumDriver] [  238] - url : https://clients-xuat.bankersdashboard.com
[INFO ][2015-12-22 18:38:40,743][com.java.ImportnExport.ExportTestResultsExcel] [  116] - Time Stamp Tue Dec 22 06:38:40 IST 2015
[INFO ][2015-12-22 18:38:40,743][com.java.ImportnExport.ExportTestResultsExcel] [  175] - OUT FILE : D:\BankersDashboard/TestReports/Test Results_BankersDashBoard_122215_183840_IE10_Bank of North Carolina.xls
[INFO ][2015-12-22 18:38:40,788][com.java.ImportnExport.ExportTestResultsExcel] [  180] - Test Result file is created
[DEBUG][2015-12-22 18:38:40,888][com.java.SeleniumDriver] [  426] - Hub ip address is-------172.17.68.34
[INFO ][2015-12-22 18:38:40,889][com.java.SeleniumDriver] [  452] - Grid URL:http://172.17.68.34:4444/wd/hub
[INFO ][2015-12-22 18:38:40,889][com.java.SeleniumDriver] [  453] - Capability:Capabilities [{platform=ANY, ensureCleanSession=true, ignoreProtectedModeSettings=true, acceptSslCerts=true, ignoreZoomSetting=true, browserName=internet explorer, browserstack.ie.noFlash=true, version=null}]
[ERROR][2015-12-22 18:38:42,198][com.java.SeleniumDriver] [  497] - Unable invoke browser in grid:Could not start a new session. Possible causes are invalid address of the remote server or browser start-up failure.
Build info: version: '2.48.2', revision: '41bccdd', time: '2015-10-09 19:59:12'
System info: host: 'FVTIII438F1D', ip: '172.17.68.34', os.name: 'Windows 7', os.arch: 'x86', os.version: '6.1', java.version: '1.7.0_55'
Driver info: driver.version: SeleniumDriver
[INFO ][2015-12-22 18:38:42,198][com.java.SeleniumDriver] [  499] - Executing on local machine
[INFO ][2015-12-22 18:38:52,747][com.java.SeleniumDriver] [  248] - IE10is opened
[INFO ][2015-12-22 18:38:53,583][com.java.SeleniumDriver] [  754] - Test cases to be executed are: [18]
[INFO ][2015-12-22 18:38:53,602][com.java.ImportnExport.ImportTestDataDetailsExcel] [   49] - test data details path===== D:\BankersDashboard\TestInputs\TestData.xls
[INFO ][2015-12-22 18:38:53,707][com.java.SeleniumDriver] [  821] - ------------------------------------------
[INFO ][2015-12-22 18:38:53,707][com.java.SeleniumDriver] [  822] - Test case being Executed: 18
[INFO ][2015-12-22 18:38:53,707][com.java.SeleniumDriver] [  833] - Test step:1
[INFO ][2015-12-22 18:38:53,707][com.java.SeleniumDriver] [  845] - Datavalue is----------Logout
[INFO ][2015-12-22 18:38:53,707][com.java.SeleniumDriver] [  869] - DataField : BTN
[INFO ][2015-12-22 18:38:53,707][com.java.SeleniumDriver] [  871] - DataValue : Logout
[INFO ][2015-12-22 18:38:53,707][com.java.SeleniumDriver] [  877] - <In Set values of the page>
[INFO ][2015-12-22 18:38:53,707][com.java.SeleniumDriver] [  880] - {Data Fields & Data Values Exist}
[INFO ][2015-12-22 18:38:53,708][com.java.SeleniumDriver] [  882] - --------------------------setting values-----------------------------
[INFO ][2015-12-22 18:38:53,708][com.java.SeleniumDriver] [  885] - Action Type : Verify
[INFO ][2015-12-22 18:38:53,726][com.java.TestType] [ 6946] - field= BTN value= Logout
[INFO ][2015-12-22 18:38:53,727][com.java.TestType] [ 5596] - value = Logout
[DEBUG][2015-12-22 18:39:29,877][com.java.TestType] [ 6607] - Logout   :: Element not Found
[ERROR][2015-12-22 18:39:46,940][com.java.TestType] [ 7659] - Assertion Error: 
[INFO ][2015-12-22 18:39:46,940][com.java.SeleniumDriver] [  894] -  RESULT false
[INFO ][2015-12-22 18:39:46,940][com.java.SeleniumDriver] [  941] - ?   F A I L   ?
[INFO ][2015-12-22 18:39:46,940][com.java.SeleniumDriver] [  949] - Browser Type : IE10
[INFO ][2015-12-22 18:39:46,941][com.java.SeleniumDriver] [  950] - Adding Failed case18
[DEBUG][2015-12-22 18:39:47,584][com.java.SeleniumDriver] [ 1018] -  tdd.getCondition() IF:Next:3
[INFO ][2015-12-22 18:39:47,584][com.java.SeleniumDriver] [ 1027] - step change to 3
[INFO ][2015-12-22 18:39:47,584][com.java.SeleniumDriver] [  821] - ------------------------------------------
[INFO ][2015-12-22 18:39:47,584][com.java.SeleniumDriver] [  822] - Test case being Executed: 18
[INFO ][2015-12-22 18:39:47,584][com.java.SeleniumDriver] [  833] - Test step:3
[INFO ][2015-12-22 18:39:47,584][com.java.SeleniumDriver] [  845] - Datavalue is----------Concept#1:1-2
[INFO ][2015-12-22 18:39:47,584][com.java.SeleniumDriver] [  869] - DataField : test
[INFO ][2015-12-22 18:39:47,585][com.java.SeleniumDriver] [  871] - DataValue : Concept#1:1-2
[INFO ][2015-12-22 18:39:47,585][com.java.SeleniumDriver] [  877] - <In Set values of the page>
[INFO ][2015-12-22 18:39:47,585][com.java.SeleniumDriver] [  880] - {Data Fields & Data Values Exist}
[INFO ][2015-12-22 18:39:47,585][com.java.SeleniumDriver] [  882] - --------------------------setting values-----------------------------
[INFO ][2015-12-22 18:39:47,585][com.java.SeleniumDriver] [  885] - Action Type : ExecuteTestCase
[INFO ][2015-12-22 18:39:47,585][com.java.TestType] [  437] - The Concept sheet name is ---------- Concept
[INFO ][2015-12-22 18:39:47,585][com.java.TestType] [  440] - The Concept ID  is ---------- 1
[DEBUG][2015-12-22 18:39:47,585][com.java.TestType] [  444] - Steps being executted in the Concept are: 1:2
[INFO ][2015-12-22 18:39:47,585][com.java.TestType] [  451] - Test data details path ---------- D:\BankersDashboard\TestInputs\TestData.xls
[INFO ][2015-12-22 18:39:47,617][com.java.TestType] [  482] -  str(1) = 1
[INFO ][2015-12-22 18:39:47,617][com.java.TestType] [  485] - Test case Id is---1
[INFO ][2015-12-22 18:39:47,617][com.java.TestType] [  487] - 1
[INFO ][2015-12-22 18:39:47,617][com.java.TestType] [  482] -  str(2) = 1
[INFO ][2015-12-22 18:39:47,619][com.java.TestType] [  534] - row values are--------{1=com.java.Objects.TestDataDetails@1f8254f}
[INFO ][2015-12-22 18:39:47,619][com.java.TestType] [  482] -  str(1) = 1
[INFO ][2015-12-22 18:39:47,619][com.java.TestType] [  485] - Test case Id is---1
[INFO ][2015-12-22 18:39:47,619][com.java.TestType] [  487] - 1
[INFO ][2015-12-22 18:39:47,619][com.java.TestType] [  482] -  str(2) = 2
[INFO ][2015-12-22 18:39:47,620][com.java.TestType] [  534] - row values are--------{1=com.java.Objects.TestDataDetails@1f8254f, 2=com.java.Objects.TestDataDetails@fefc32}
[INFO ][2015-12-22 18:39:47,620][com.java.TestType] [  482] -  str(1) = 1
[INFO ][2015-12-22 18:39:47,620][com.java.TestType] [  485] - Test case Id is---1
[INFO ][2015-12-22 18:39:47,620][com.java.TestType] [  487] - 1
[INFO ][2015-12-22 18:39:47,620][com.java.TestType] [  482] -  str(2) = 3
[INFO ][2015-12-22 18:39:47,621][com.java.TestType] [  534] - row values are--------{1=com.java.Objects.TestDataDetails@1f8254f, 2=com.java.Objects.TestDataDetails@fefc32, 3=com.java.Objects.TestDataDetails@1f0788d}
[INFO ][2015-12-22 18:39:47,621][com.java.TestType] [  482] -  str(1) = 1
[INFO ][2015-12-22 18:39:47,621][com.java.TestType] [  485] - Test case Id is---1
[INFO ][2015-12-22 18:39:47,621][com.java.TestType] [  487] - 1
[INFO ][2015-12-22 18:39:47,621][com.java.TestType] [  482] -  str(2) = 4
[INFO ][2015-12-22 18:39:47,622][com.java.TestType] [  534] - row values are--------{1=com.java.Objects.TestDataDetails@1f8254f, 2=com.java.Objects.TestDataDetails@fefc32, 3=com.java.Objects.TestDataDetails@1f0788d, 4=com.java.Objects.TestDataDetails@155226f}
[INFO ][2015-12-22 18:39:47,622][com.java.TestType] [  482] -  str(1) = 1
[INFO ][2015-12-22 18:39:47,622][com.java.TestType] [  485] - Test case Id is---1
[INFO ][2015-12-22 18:39:47,622][com.java.TestType] [  487] - 1
[INFO ][2015-12-22 18:39:47,623][com.java.TestType] [  482] -  str(2) = 5
[INFO ][2015-12-22 18:39:47,623][com.java.TestType] [  534] - row values are--------{1=com.java.Objects.TestDataDetails@1f8254f, 2=com.java.Objects.TestDataDetails@fefc32, 3=com.java.Objects.TestDataDetails@1f0788d, 4=com.java.Objects.TestDataDetails@155226f, 5=com.java.Objects.TestDataDetails@eaa79c}
[INFO ][2015-12-22 18:39:47,623][com.java.TestType] [  482] -  str(1) = 1
[INFO ][2015-12-22 18:39:47,624][com.java.TestType] [  485] - Test case Id is---1
[INFO ][2015-12-22 18:39:47,624][com.java.TestType] [  487] - 1
[INFO ][2015-12-22 18:39:47,624][com.java.TestType] [  482] -  str(2) = 6
[INFO ][2015-12-22 18:39:47,624][com.java.TestType] [  534] - row values are--------{1=com.java.Objects.TestDataDetails@1f8254f, 2=com.java.Objects.TestDataDetails@fefc32, 3=com.java.Objects.TestDataDetails@1f0788d, 4=com.java.Objects.TestDataDetails@155226f, 5=com.java.Objects.TestDataDetails@eaa79c, 6=com.java.Objects.TestDataDetails@fd586d}
[INFO ][2015-12-22 18:39:47,625][com.java.TestType] [  482] -  str(1) = 1
[INFO ][2015-12-22 18:39:47,625][com.java.TestType] [  485] - Test case Id is---1
[INFO ][2015-12-22 18:39:47,625][com.java.TestType] [  487] - 1
[INFO ][2015-12-22 18:39:47,625][com.java.TestType] [  482] -  str(2) = 7
[INFO ][2015-12-22 18:39:47,627][com.java.TestType] [  534] - row values are--------{1=com.java.Objects.TestDataDetails@1f8254f, 2=com.java.Objects.TestDataDetails@fefc32, 3=com.java.Objects.TestDataDetails@1f0788d, 4=com.java.Objects.TestDataDetails@155226f, 5=com.java.Objects.TestDataDetails@eaa79c, 6=com.java.Objects.TestDataDetails@fd586d, 7=com.java.Objects.TestDataDetails@15c560a}
[INFO ][2015-12-22 18:39:47,627][com.java.TestType] [  482] -  str(1) = 1
[INFO ][2015-12-22 18:39:47,627][com.java.TestType] [  485] - Test case Id is---1
[INFO ][2015-12-22 18:39:47,627][com.java.TestType] [  487] - 1
[INFO ][2015-12-22 18:39:47,627][com.java.TestType] [  482] -  str(2) = 8
[INFO ][2015-12-22 18:39:47,628][com.java.TestType] [  534] - row values are--------{1=com.java.Objects.TestDataDetails@1f8254f, 2=com.java.Objects.TestDataDetails@fefc32, 3=com.java.Objects.TestDataDetails@1f0788d, 4=com.java.Objects.TestDataDetails@155226f, 5=com.java.Objects.TestDataDetails@eaa79c, 6=com.java.Objects.TestDataDetails@fd586d, 7=com.java.Objects.TestDataDetails@15c560a, 8=com.java.Objects.TestDataDetails@1d55c36}
[INFO ][2015-12-22 18:39:47,628][com.java.TestType] [  482] -  str(1) = 1
[INFO ][2015-12-22 18:39:47,628][com.java.TestType] [  485] - Test case Id is---1
[INFO ][2015-12-22 18:39:47,628][com.java.TestType] [  487] - 1
[INFO ][2015-12-22 18:39:47,628][com.java.TestType] [  482] -  str(2) = 9
[INFO ][2015-12-22 18:39:47,629][com.java.TestType] [  534] - row values are--------{1=com.java.Objects.TestDataDetails@1f8254f, 2=com.java.Objects.TestDataDetails@fefc32, 3=com.java.Objects.TestDataDetails@1f0788d, 4=com.java.Objects.TestDataDetails@155226f, 5=com.java.Objects.TestDataDetails@eaa79c, 6=com.java.Objects.TestDataDetails@fd586d, 7=com.java.Objects.TestDataDetails@15c560a, 8=com.java.Objects.TestDataDetails@1d55c36, 9=com.java.Objects.TestDataDetails@150e6e9}
[INFO ][2015-12-22 18:39:47,629][com.java.TestType] [  482] -  str(1) = 1
[INFO ][2015-12-22 18:39:47,629][com.java.TestType] [  485] - Test case Id is---1
[INFO ][2015-12-22 18:39:47,629][com.java.TestType] [  487] - 1
[INFO ][2015-12-22 18:39:47,630][com.java.TestType] [  482] -  str(2) = 10
[INFO ][2015-12-22 18:39:47,630][com.java.TestType] [  534] - row values are--------{1=com.java.Objects.TestDataDetails@1f8254f, 2=com.java.Objects.TestDataDetails@fefc32, 3=com.java.Objects.TestDataDetails@1f0788d, 4=com.java.Objects.TestDataDetails@155226f, 5=com.java.Objects.TestDataDetails@eaa79c, 6=com.java.Objects.TestDataDetails@fd586d, 7=com.java.Objects.TestDataDetails@15c560a, 8=com.java.Objects.TestDataDetails@1d55c36, 9=com.java.Objects.TestDataDetails@150e6e9, 10=com.java.Objects.TestDataDetails@19a01f9}
[INFO ][2015-12-22 18:39:47,630][com.java.TestType] [  482] -  str(1) = 1
[INFO ][2015-12-22 18:39:47,630][com.java.TestType] [  485] - Test case Id is---1
[INFO ][2015-12-22 18:39:47,631][com.java.TestType] [  487] - 1
[INFO ][2015-12-22 18:39:47,631][com.java.TestType] [  482] -  str(2) = 11
[INFO ][2015-12-22 18:39:47,631][com.java.TestType] [  534] - row values are--------{1=com.java.Objects.TestDataDetails@1f8254f, 2=com.java.Objects.TestDataDetails@fefc32, 3=com.java.Objects.TestDataDetails@1f0788d, 4=com.java.Objects.TestDataDetails@155226f, 5=com.java.Objects.TestDataDetails@eaa79c, 6=com.java.Objects.TestDataDetails@fd586d, 7=com.java.Objects.TestDataDetails@15c560a, 8=com.java.Objects.TestDataDetails@1d55c36, 9=com.java.Objects.TestDataDetails@150e6e9, 10=com.java.Objects.TestDataDetails@19a01f9, 11=com.java.Objects.TestDataDetails@c46396}
[INFO ][2015-12-22 18:39:47,631][com.java.TestType] [  482] -  str(1) = 1
[INFO ][2015-12-22 18:39:47,632][com.java.TestType] [  485] - Test case Id is---1
[INFO ][2015-12-22 18:39:47,632][com.java.TestType] [  487] - 1
[INFO ][2015-12-22 18:39:47,632][com.java.TestType] [  482] -  str(2) = 12
[INFO ][2015-12-22 18:39:47,632][com.java.TestType] [  534] - row values are--------{1=com.java.Objects.TestDataDetails@1f8254f, 2=com.java.Objects.TestDataDetails@fefc32, 3=com.java.Objects.TestDataDetails@1f0788d, 4=com.java.Objects.TestDataDetails@155226f, 5=com.java.Objects.TestDataDetails@eaa79c, 6=com.java.Objects.TestDataDetails@fd586d, 7=com.java.Objects.TestDataDetails@15c560a, 8=com.java.Objects.TestDataDetails@1d55c36, 9=com.java.Objects.TestDataDetails@150e6e9, 10=com.java.Objects.TestDataDetails@19a01f9, 11=com.java.Objects.TestDataDetails@c46396, 12=com.java.Objects.TestDataDetails@dd36f3}
[INFO ][2015-12-22 18:39:47,633][com.java.TestType] [  482] -  str(1) = 1
[INFO ][2015-12-22 18:39:47,633][com.java.TestType] [  485] - Test case Id is---1
[INFO ][2015-12-22 18:39:47,633][com.java.TestType] [  487] - 1
[INFO ][2015-12-22 18:39:47,633][com.java.TestType] [  482] -  str(2) = 13
[INFO ][2015-12-22 18:39:47,634][com.java.TestType] [  534] - row values are--------{1=com.java.Objects.TestDataDetails@1f8254f, 2=com.java.Objects.TestDataDetails@fefc32, 3=com.java.Objects.TestDataDetails@1f0788d, 4=com.java.Objects.TestDataDetails@155226f, 5=com.java.Objects.TestDataDetails@eaa79c, 6=com.java.Objects.TestDataDetails@fd586d, 7=com.java.Objects.TestDataDetails@15c560a, 8=com.java.Objects.TestDataDetails@1d55c36, 9=com.java.Objects.TestDataDetails@150e6e9, 10=com.java.Objects.TestDataDetails@19a01f9, 11=com.java.Objects.TestDataDetails@c46396, 12=com.java.Objects.TestDataDetails@dd36f3, 13=com.java.Objects.TestDataDetails@192c255}
[INFO ][2015-12-22 18:39:47,634][com.java.TestType] [  482] -  str(1) = 1
[INFO ][2015-12-22 18:39:47,634][com.java.TestType] [  485] - Test case Id is---1
[INFO ][2015-12-22 18:39:47,634][com.java.TestType] [  487] - 1
[INFO ][2015-12-22 18:39:47,634][com.java.TestType] [  482] -  str(2) = 14
[INFO ][2015-12-22 18:39:47,635][com.java.TestType] [  534] - row values are--------{1=com.java.Objects.TestDataDetails@1f8254f, 2=com.java.Objects.TestDataDetails@fefc32, 3=com.java.Objects.TestDataDetails@1f0788d, 4=com.java.Objects.TestDataDetails@155226f, 5=com.java.Objects.TestDataDetails@eaa79c, 6=com.java.Objects.TestDataDetails@fd586d, 7=com.java.Objects.TestDataDetails@15c560a, 8=com.java.Objects.TestDataDetails@1d55c36, 9=com.java.Objects.TestDataDetails@150e6e9, 10=com.java.Objects.TestDataDetails@19a01f9, 11=com.java.Objects.TestDataDetails@c46396, 12=com.java.Objects.TestDataDetails@dd36f3, 13=com.java.Objects.TestDataDetails@192c255, 14=com.java.Objects.TestDataDetails@5fbf68}
[INFO ][2015-12-22 18:39:47,635][com.java.TestType] [  482] -  str(1) = 1
[INFO ][2015-12-22 18:39:47,637][com.java.TestType] [  485] - Test case Id is---1
[INFO ][2015-12-22 18:39:47,637][com.java.TestType] [  487] - 1
[INFO ][2015-12-22 18:39:47,637][com.java.TestType] [  482] -  str(2) = 15
[INFO ][2015-12-22 18:39:47,637][com.java.TestType] [  534] - row values are--------{1=com.java.Objects.TestDataDetails@1f8254f, 2=com.java.Objects.TestDataDetails@fefc32, 3=com.java.Objects.TestDataDetails@1f0788d, 4=com.java.Objects.TestDataDetails@155226f, 5=com.java.Objects.TestDataDetails@eaa79c, 6=com.java.Objects.TestDataDetails@fd586d, 7=com.java.Objects.TestDataDetails@15c560a, 8=com.java.Objects.TestDataDetails@1d55c36, 9=com.java.Objects.TestDataDetails@150e6e9, 10=com.java.Objects.TestDataDetails@19a01f9, 11=com.java.Objects.TestDataDetails@c46396, 12=com.java.Objects.TestDataDetails@dd36f3, 13=com.java.Objects.TestDataDetails@192c255, 14=com.java.Objects.TestDataDetails@5fbf68, 15=com.java.Objects.TestDataDetails@134a4c3}
[INFO ][2015-12-22 18:39:47,637][com.java.TestType] [  482] -  str(1) = 1
[INFO ][2015-12-22 18:39:47,638][com.java.TestType] [  485] - Test case Id is---1
[INFO ][2015-12-22 18:39:47,638][com.java.TestType] [  487] - 1
[INFO ][2015-12-22 18:39:47,638][com.java.TestType] [  482] -  str(2) = 16
[INFO ][2015-12-22 18:39:47,638][com.java.TestType] [  534] - row values are--------{1=com.java.Objects.TestDataDetails@1f8254f, 2=com.java.Objects.TestDataDetails@fefc32, 3=com.java.Objects.TestDataDetails@1f0788d, 4=com.java.Objects.TestDataDetails@155226f, 5=com.java.Objects.TestDataDetails@eaa79c, 6=com.java.Objects.TestDataDetails@fd586d, 7=com.java.Objects.TestDataDetails@15c560a, 8=com.java.Objects.TestDataDetails@1d55c36, 9=com.java.Objects.TestDataDetails@150e6e9, 10=com.java.Objects.TestDataDetails@19a01f9, 11=com.java.Objects.TestDataDetails@c46396, 12=com.java.Objects.TestDataDetails@dd36f3, 13=com.java.Objects.TestDataDetails@192c255, 14=com.java.Objects.TestDataDetails@5fbf68, 15=com.java.Objects.TestDataDetails@134a4c3, 16=com.java.Objects.TestDataDetails@16afedb}
[INFO ][2015-12-22 18:39:47,638][com.java.TestType] [10274] - Looping 1TCID = 1
[DEBUG][2015-12-22 18:39:47,639][com.java.TestType] [10315] - Concept ID:1 :: Step being Executed: 1::1
[INFO ][2015-12-22 18:39:47,639][com.java.TestType] [10353] - dataFields : TXTusername
[DEBUG][2015-12-22 18:39:47,639][com.java.TestType] [10359] - <In Set values of the page>
[DEBUG][2015-12-22 18:39:47,639][com.java.TestType] [10364] - {Data Fields & Data Values Exist}
[INFO ][2015-12-22 18:39:47,639][com.java.TestType] [10370] - --------------------------setting values-----------------------------
[INFO ][2015-12-22 18:39:47,639][com.java.TestType] [10373] - Action Type : CLEARANDENTER
[INFO ][2015-12-22 18:39:47,639][com.java.TestType] [ 5596] - value = valuelabs.ie10.33527
[INFO ][2015-12-22 18:39:52,365][com.java.TestType] [10392] -  RESULT true
[INFO ][2015-12-22 18:39:52,366][com.java.TestType] [10509] - ?   P A S S   ?
[DEBUG][2015-12-22 18:39:52,366][com.java.TestType] [10315] - Concept ID:1 :: Step being Executed: 1::2
[INFO ][2015-12-22 18:39:52,366][com.java.TestType] [10353] - dataFields : TXTpassword
[DEBUG][2015-12-22 18:39:52,366][com.java.TestType] [10359] - <In Set values of the page>
[DEBUG][2015-12-22 18:39:52,366][com.java.TestType] [10364] - {Data Fields & Data Values Exist}
[INFO ][2015-12-22 18:39:52,366][com.java.TestType] [10370] - --------------------------setting values-----------------------------
[INFO ][2015-12-22 18:39:52,367][com.java.TestType] [10373] - Action Type : CLEARANDENTER
[INFO ][2015-12-22 18:39:52,367][com.java.TestType] [ 5596] - value = Password1*
[INFO ][2015-12-22 18:39:57,202][com.java.TestType] [10392] -  RESULT true
[INFO ][2015-12-22 18:39:57,202][com.java.TestType] [10509] - ?   P A S S   ?
[INFO ][2015-12-22 18:39:57,202][com.java.TestType] [10580] - Looping End......
[INFO ][2015-12-22 18:39:57,206][com.java.SeleniumDriver] [  894] -  RESULT true
[INFO ][2015-12-22 18:39:57,206][com.java.SeleniumDriver] [ 1100] - ?   P A S S   ?
[INFO ][2015-12-22 18:39:57,206][com.java.SeleniumDriver] [  821] - ------------------------------------------
[INFO ][2015-12-22 18:39:57,208][com.java.SeleniumDriver] [  822] - Test case being Executed: 18
[INFO ][2015-12-22 18:39:57,208][com.java.SeleniumDriver] [  833] - Test step:4
[INFO ][2015-12-22 18:39:57,208][com.java.SeleniumDriver] [  845] - Datavalue is----------null
[DEBUG][2015-12-22 18:39:57,208][com.java.SeleniumDriver] [  863] - Exception: null
[INFO ][2015-12-22 18:39:57,208][com.java.SeleniumDriver] [  869] - DataField : CHK//div[@id="loginbox"]//input[@ng-click='vm.rememberMe()']
[INFO ][2015-12-22 18:39:57,208][com.java.SeleniumDriver] [  871] - DataValue : 
[INFO ][2015-12-22 18:39:57,208][com.java.SeleniumDriver] [  877] - <In Set values of the page>
[INFO ][2015-12-22 18:39:57,208][com.java.SeleniumDriver] [  880] - {Data Fields & Data Values Exist}
[INFO ][2015-12-22 18:39:57,208][com.java.SeleniumDriver] [  882] - --------------------------setting values-----------------------------
[INFO ][2015-12-22 18:39:57,208][com.java.SeleniumDriver] [  885] - Action Type : Check
[INFO ][2015-12-22 18:39:58,523][com.java.SeleniumDriver] [  894] -  RESULT true
[INFO ][2015-12-22 18:39:58,523][com.java.SeleniumDriver] [ 1100] - ?   P A S S   ?
[INFO ][2015-12-22 18:39:58,523][com.java.SeleniumDriver] [  821] - ------------------------------------------
[INFO ][2015-12-22 18:39:58,523][com.java.SeleniumDriver] [  822] - Test case being Executed: 18
[INFO ][2015-12-22 18:39:58,523][com.java.SeleniumDriver] [  833] - Test step:5
[INFO ][2015-12-22 18:39:58,523][com.java.SeleniumDriver] [  845] - Datavalue is----------null
[DEBUG][2015-12-22 18:39:58,523][com.java.SeleniumDriver] [  863] - Exception: null
[INFO ][2015-12-22 18:39:58,523][com.java.SeleniumDriver] [  869] - DataField : XPH//button[@type='submit']
[INFO ][2015-12-22 18:39:58,523][com.java.SeleniumDriver] [  871] - DataValue : 
[INFO ][2015-12-22 18:39:58,523][com.java.SeleniumDriver] [  877] - <In Set values of the page>
[INFO ][2015-12-22 18:39:58,523][com.java.SeleniumDriver] [  880] - {Data Fields & Data Values Exist}
[INFO ][2015-12-22 18:39:58,524][com.java.SeleniumDriver] [  882] - --------------------------setting values-----------------------------
[INFO ][2015-12-22 18:39:58,524][com.java.SeleniumDriver] [  885] - Action Type : Click
[INFO ][2015-12-22 18:39:58,524][com.java.TestType] [ 5975] - Field ::XPH//button[@type='submit']
[INFO ][2015-12-22 18:39:58,524][com.java.TestType] [ 5596] - value = 
[INFO ][2015-12-22 18:39:59,525][com.java.TestType] [ 6112] - BEFORE CLICK
[INFO ][2015-12-22 18:40:00,397][com.java.TestType] [ 6120] - Unable to click the object Login
[INFO ][2015-12-22 18:40:00,397][com.java.SeleniumDriver] [  894] -  RESULT true
[INFO ][2015-12-22 18:40:00,397][com.java.SeleniumDriver] [ 1100] - ?   P A S S   ?
[INFO ][2015-12-22 18:40:00,398][com.java.SeleniumDriver] [  821] - ------------------------------------------
[INFO ][2015-12-22 18:40:00,398][com.java.SeleniumDriver] [  822] - Test case being Executed: 18
[INFO ][2015-12-22 18:40:00,399][com.java.SeleniumDriver] [  833] - Test step:6
[INFO ][2015-12-22 18:40:00,399][com.java.SeleniumDriver] [  845] - Datavalue is----------Concept#1:4-16
[INFO ][2015-12-22 18:40:00,399][com.java.SeleniumDriver] [  869] - DataField : test
[INFO ][2015-12-22 18:40:00,399][com.java.SeleniumDriver] [  871] - DataValue : Concept#1:4-16
[INFO ][2015-12-22 18:40:00,399][com.java.SeleniumDriver] [  877] - <In Set values of the page>
[INFO ][2015-12-22 18:40:00,399][com.java.SeleniumDriver] [  880] - {Data Fields & Data Values Exist}
[INFO ][2015-12-22 18:40:00,399][com.java.SeleniumDriver] [  882] - --------------------------setting values-----------------------------
[INFO ][2015-12-22 18:40:00,399][com.java.SeleniumDriver] [  885] - Action Type : ExecuteTestCase
[INFO ][2015-12-22 18:40:00,399][com.java.TestType] [  437] - The Concept sheet name is ---------- Concept
[INFO ][2015-12-22 18:40:00,400][com.java.TestType] [  440] - The Concept ID  is ---------- 1
[DEBUG][2015-12-22 18:40:00,400][com.java.TestType] [  444] - Steps being executted in the Concept are: 4:16
[INFO ][2015-12-22 18:40:00,400][com.java.TestType] [  451] - Test data details path ---------- D:\BankersDashboard\TestInputs\TestData.xls
[INFO ][2015-12-22 18:40:00,430][com.java.TestType] [  482] -  str(1) = 1
[INFO ][2015-12-22 18:40:00,430][com.java.TestType] [  485] - Test case Id is---1
[INFO ][2015-12-22 18:40:00,430][com.java.TestType] [  487] - 1
[INFO ][2015-12-22 18:40:00,430][com.java.TestType] [  482] -  str(2) = 1
[INFO ][2015-12-22 18:40:00,432][com.java.TestType] [  534] - row values are--------{1=com.java.Objects.TestDataDetails@9cce9}
[INFO ][2015-12-22 18:40:00,432][com.java.TestType] [  482] -  str(1) = 1
[INFO ][2015-12-22 18:40:00,432][com.java.TestType] [  485] - Test case Id is---1
[INFO ][2015-12-22 18:40:00,432][com.java.TestType] [  487] - 1
[INFO ][2015-12-22 18:40:00,432][com.java.TestType] [  482] -  str(2) = 2
[INFO ][2015-12-22 18:40:00,433][com.java.TestType] [  534] - row values are--------{1=com.java.Objects.TestDataDetails@9cce9, 2=com.java.Objects.TestDataDetails@17189ad}
[INFO ][2015-12-22 18:40:00,433][com.java.TestType] [  482] -  str(1) = 1
[INFO ][2015-12-22 18:40:00,433][com.java.TestType] [  485] - Test case Id is---1
[INFO ][2015-12-22 18:40:00,433][com.java.TestType] [  487] - 1
[INFO ][2015-12-22 18:40:00,433][com.java.TestType] [  482] -  str(2) = 3
[INFO ][2015-12-22 18:40:00,433][com.java.TestType] [  534] - row values are--------{1=com.java.Objects.TestDataDetails@9cce9, 2=com.java.Objects.TestDataDetails@17189ad, 3=com.java.Objects.TestDataDetails@3525fc}
[INFO ][2015-12-22 18:40:00,434][com.java.TestType] [  482] -  str(1) = 1
[INFO ][2015-12-22 18:40:00,434][com.java.TestType] [  485] - Test case Id is---1
[INFO ][2015-12-22 18:40:00,434][com.java.TestType] [  487] - 1
[INFO ][2015-12-22 18:40:00,434][com.java.TestType] [  482] -  str(2) = 4
[INFO ][2015-12-22 18:40:00,435][com.java.TestType] [  534] - row values are--------{1=com.java.Objects.TestDataDetails@9cce9, 2=com.java.Objects.TestDataDetails@17189ad, 3=com.java.Objects.TestDataDetails@3525fc, 4=com.java.Objects.TestDataDetails@174433c}
[INFO ][2015-12-22 18:40:00,435][com.java.TestType] [  482] -  str(1) = 1
[INFO ][2015-12-22 18:40:00,435][com.java.TestType] [  485] - Test case Id is---1
[INFO ][2015-12-22 18:40:00,435][com.java.TestType] [  487] - 1
[INFO ][2015-12-22 18:40:00,435][com.java.TestType] [  482] -  str(2) = 5
[INFO ][2015-12-22 18:40:00,436][com.java.TestType] [  534] - row values are--------{1=com.java.Objects.TestDataDetails@9cce9, 2=com.java.Objects.TestDataDetails@17189ad, 3=com.java.Objects.TestDataDetails@3525fc, 4=com.java.Objects.TestDataDetails@174433c, 5=com.java.Objects.TestDataDetails@104a64a}
[INFO ][2015-12-22 18:40:00,436][com.java.TestType] [  482] -  str(1) = 1
[INFO ][2015-12-22 18:40:00,436][com.java.TestType] [  485] - Test case Id is---1
[INFO ][2015-12-22 18:40:00,436][com.java.TestType] [  487] - 1
[INFO ][2015-12-22 18:40:00,436][com.java.TestType] [  482] -  str(2) = 6
[INFO ][2015-12-22 18:40:00,437][com.java.TestType] [  534] - row values are--------{1=com.java.Objects.TestDataDetails@9cce9, 2=com.java.Objects.TestDataDetails@17189ad, 3=com.java.Objects.TestDataDetails@3525fc, 4=com.java.Objects.TestDataDetails@174433c, 5=com.java.Objects.TestDataDetails@104a64a, 6=com.java.Objects.TestDataDetails@24ad9b}
[INFO ][2015-12-22 18:40:00,437][com.java.TestType] [  482] -  str(1) = 1
[INFO ][2015-12-22 18:40:00,437][com.java.TestType] [  485] - Test case Id is---1
[INFO ][2015-12-22 18:40:00,437][com.java.TestType] [  487] - 1
[INFO ][2015-12-22 18:40:00,437][com.java.TestType] [  482] -  str(2) = 7
[INFO ][2015-12-22 18:40:00,438][com.java.TestType] [  534] - row values are--------{1=com.java.Objects.TestDataDetails@9cce9, 2=com.java.Objects.TestDataDetails@17189ad, 3=com.java.Objects.TestDataDetails@3525fc, 4=com.java.Objects.TestDataDetails@174433c, 5=com.java.Objects.TestDataDetails@104a64a, 6=com.java.Objects.TestDataDetails@24ad9b, 7=com.java.Objects.TestDataDetails@1dc78dd}
[INFO ][2015-12-22 18:40:00,438][com.java.TestType] [  482] -  str(1) = 1
[INFO ][2015-12-22 18:40:00,438][com.java.TestType] [  485] - Test case Id is---1
[INFO ][2015-12-22 18:40:00,438][com.java.TestType] [  487] - 1
[INFO ][2015-12-22 18:40:00,438][com.java.TestType] [  482] -  str(2) = 8
[INFO ][2015-12-22 18:40:00,439][com.java.TestType] [  534] - row values are--------{1=com.java.Objects.TestDataDetails@9cce9, 2=com.java.Objects.TestDataDetails@17189ad, 3=com.java.Objects.TestDataDetails@3525fc, 4=com.java.Objects.TestDataDetails@174433c, 5=com.java.Objects.TestDataDetails@104a64a, 6=com.java.Objects.TestDataDetails@24ad9b, 7=com.java.Objects.TestDataDetails@1dc78dd, 8=com.java.Objects.TestDataDetails@c46000}
[INFO ][2015-12-22 18:40:00,439][com.java.TestType] [  482] -  str(1) = 1
[INFO ][2015-12-22 18:40:00,439][com.java.TestType] [  485] - Test case Id is---1
[INFO ][2015-12-22 18:40:00,439][com.java.TestType] [  487] - 1
[INFO ][2015-12-22 18:40:00,439][com.java.TestType] [  482] -  str(2) = 9
[INFO ][2015-12-22 18:40:00,440][com.java.TestType] [  534] - row values are--------{1=com.java.Objects.TestDataDetails@9cce9, 2=com.java.Objects.TestDataDetails@17189ad, 3=com.java.Objects.TestDataDetails@3525fc, 4=com.java.Objects.TestDataDetails@174433c, 5=com.java.Objects.TestDataDetails@104a64a, 6=com.java.Objects.TestDataDetails@24ad9b, 7=com.java.Objects.TestDataDetails@1dc78dd, 8=com.java.Objects.TestDataDetails@c46000, 9=com.java.Objects.TestDataDetails@1c98853}
[INFO ][2015-12-22 18:40:00,440][com.java.TestType] [  482] -  str(1) = 1
[INFO ][2015-12-22 18:40:00,440][com.java.TestType] [  485] - Test case Id is---1
[INFO ][2015-12-22 18:40:00,440][com.java.TestType] [  487] - 1
[INFO ][2015-12-22 18:40:00,440][com.java.TestType] [  482] -  str(2) = 10
[INFO ][2015-12-22 18:40:00,441][com.java.TestType] [  534] - row values are--------{1=com.java.Objects.TestDataDetails@9cce9, 2=com.java.Objects.TestDataDetails@17189ad, 3=com.java.Objects.TestDataDetails@3525fc, 4=com.java.Objects.TestDataDetails@174433c, 5=com.java.Objects.TestDataDetails@104a64a, 6=com.java.Objects.TestDataDetails@24ad9b, 7=com.java.Objects.TestDataDetails@1dc78dd, 8=com.java.Objects.TestDataDetails@c46000, 9=com.java.Objects.TestDataDetails@1c98853, 10=com.java.Objects.TestDataDetails@61ef35}
[INFO ][2015-12-22 18:40:00,441][com.java.TestType] [  482] -  str(1) = 1
[INFO ][2015-12-22 18:40:00,441][com.java.TestType] [  485] - Test case Id is---1
[INFO ][2015-12-22 18:40:00,441][com.java.TestType] [  487] - 1
[INFO ][2015-12-22 18:40:00,441][com.java.TestType] [  482] -  str(2) = 11
[INFO ][2015-12-22 18:40:00,442][com.java.TestType] [  534] - row values are--------{1=com.java.Objects.TestDataDetails@9cce9, 2=com.java.Objects.TestDataDetails@17189ad, 3=com.java.Objects.TestDataDetails@3525fc, 4=com.java.Objects.TestDataDetails@174433c, 5=com.java.Objects.TestDataDetails@104a64a, 6=com.java.Objects.TestDataDetails@24ad9b, 7=com.java.Objects.TestDataDetails@1dc78dd, 8=com.java.Objects.TestDataDetails@c46000, 9=com.java.Objects.TestDataDetails@1c98853, 10=com.java.Objects.TestDataDetails@61ef35, 11=com.java.Objects.TestDataDetails@1edf48d}
[INFO ][2015-12-22 18:40:00,442][com.java.TestType] [  482] -  str(1) = 1
[INFO ][2015-12-22 18:40:00,442][com.java.TestType] [  485] - Test case Id is---1
[INFO ][2015-12-22 18:40:00,442][com.java.TestType] [  487] - 1
[INFO ][2015-12-22 18:40:00,442][com.java.TestType] [  482] -  str(2) = 12
[INFO ][2015-12-22 18:40:00,442][com.java.TestType] [  534] - row values are--------{1=com.java.Objects.TestDataDetails@9cce9, 2=com.java.Objects.TestDataDetails@17189ad, 3=com.java.Objects.TestDataDetails@3525fc, 4=com.java.Objects.TestDataDetails@174433c, 5=com.java.Objects.TestDataDetails@104a64a, 6=com.java.Objects.TestDataDetails@24ad9b, 7=com.java.Objects.TestDataDetails@1dc78dd, 8=com.java.Objects.TestDataDetails@c46000, 9=com.java.Objects.TestDataDetails@1c98853, 10=com.java.Objects.TestDataDetails@61ef35, 11=com.java.Objects.TestDataDetails@1edf48d, 12=com.java.Objects.TestDataDetails@153e96}
[INFO ][2015-12-22 18:40:00,443][com.java.TestType] [  482] -  str(1) = 1
[INFO ][2015-12-22 18:40:00,443][com.java.TestType] [  485] - Test case Id is---1
[INFO ][2015-12-22 18:40:00,443][com.java.TestType] [  487] - 1
[INFO ][2015-12-22 18:40:00,443][com.java.TestType] [  482] -  str(2) = 13
[INFO ][2015-12-22 18:40:00,444][com.java.TestType] [  534] - row values are--------{1=com.java.Objects.TestDataDetails@9cce9, 2=com.java.Objects.TestDataDetails@17189ad, 3=com.java.Objects.TestDataDetails@3525fc, 4=com.java.Objects.TestDataDetails@174433c, 5=com.java.Objects.TestDataDetails@104a64a, 6=com.java.Objects.TestDataDetails@24ad9b, 7=com.java.Objects.TestDataDetails@1dc78dd, 8=com.java.Objects.TestDataDetails@c46000, 9=com.java.Objects.TestDataDetails@1c98853, 10=com.java.Objects.TestDataDetails@61ef35, 11=com.java.Objects.TestDataDetails@1edf48d, 12=com.java.Objects.TestDataDetails@153e96, 13=com.java.Objects.TestDataDetails@1a4eb85}
[INFO ][2015-12-22 18:40:00,444][com.java.TestType] [  482] -  str(1) = 1
[INFO ][2015-12-22 18:40:00,444][com.java.TestType] [  485] - Test case Id is---1
[INFO ][2015-12-22 18:40:00,444][com.java.TestType] [  487] - 1
[INFO ][2015-12-22 18:40:00,444][com.java.TestType] [  482] -  str(2) = 14
[INFO ][2015-12-22 18:40:00,445][com.java.TestType] [  534] - row values are--------{1=com.java.Objects.TestDataDetails@9cce9, 2=com.java.Objects.TestDataDetails@17189ad, 3=com.java.Objects.TestDataDetails@3525fc, 4=com.java.Objects.TestDataDetails@174433c, 5=com.java.Objects.TestDataDetails@104a64a, 6=com.java.Objects.TestDataDetails@24ad9b, 7=com.java.Objects.TestDataDetails@1dc78dd, 8=com.java.Objects.TestDataDetails@c46000, 9=com.java.Objects.TestDataDetails@1c98853, 10=com.java.Objects.TestDataDetails@61ef35, 11=com.java.Objects.TestDataDetails@1edf48d, 12=com.java.Objects.TestDataDetails@153e96, 13=com.java.Objects.TestDataDetails@1a4eb85, 14=com.java.Objects.TestDataDetails@1246baf}
[INFO ][2015-12-22 18:40:00,445][com.java.TestType] [  482] -  str(1) = 1
[INFO ][2015-12-22 18:40:00,445][com.java.TestType] [  485] - Test case Id is---1
[INFO ][2015-12-22 18:40:00,445][com.java.TestType] [  487] - 1
[INFO ][2015-12-22 18:40:00,445][com.java.TestType] [  482] -  str(2) = 15
[INFO ][2015-12-22 18:40:00,446][com.java.TestType] [  534] - row values are--------{1=com.java.Objects.TestDataDetails@9cce9, 2=com.java.Objects.TestDataDetails@17189ad, 3=com.java.Objects.TestDataDetails@3525fc, 4=com.java.Objects.TestDataDetails@174433c, 5=com.java.Objects.TestDataDetails@104a64a, 6=com.java.Objects.TestDataDetails@24ad9b, 7=com.java.Objects.TestDataDetails@1dc78dd, 8=com.java.Objects.TestDataDetails@c46000, 9=com.java.Objects.TestDataDetails@1c98853, 10=com.java.Objects.TestDataDetails@61ef35, 11=com.java.Objects.TestDataDetails@1edf48d, 12=com.java.Objects.TestDataDetails@153e96, 13=com.java.Objects.TestDataDetails@1a4eb85, 14=com.java.Objects.TestDataDetails@1246baf, 15=com.java.Objects.TestDataDetails@1525b89}
[INFO ][2015-12-22 18:40:00,446][com.java.TestType] [  482] -  str(1) = 1
[INFO ][2015-12-22 18:40:00,446][com.java.TestType] [  485] - Test case Id is---1
[INFO ][2015-12-22 18:40:00,446][com.java.TestType] [  487] - 1
[INFO ][2015-12-22 18:40:00,446][com.java.TestType] [  482] -  str(2) = 16
[INFO ][2015-12-22 18:40:00,447][com.java.TestType] [  534] - row values are--------{1=com.java.Objects.TestDataDetails@9cce9, 2=com.java.Objects.TestDataDetails@17189ad, 3=com.java.Objects.TestDataDetails@3525fc, 4=com.java.Objects.TestDataDetails@174433c, 5=com.java.Objects.TestDataDetails@104a64a, 6=com.java.Objects.TestDataDetails@24ad9b, 7=com.java.Objects.TestDataDetails@1dc78dd, 8=com.java.Objects.TestDataDetails@c46000, 9=com.java.Objects.TestDataDetails@1c98853, 10=com.java.Objects.TestDataDetails@61ef35, 11=com.java.Objects.TestDataDetails@1edf48d, 12=com.java.Objects.TestDataDetails@153e96, 13=com.java.Objects.TestDataDetails@1a4eb85, 14=com.java.Objects.TestDataDetails@1246baf, 15=com.java.Objects.TestDataDetails@1525b89, 16=com.java.Objects.TestDataDetails@11e02d2}
[INFO ][2015-12-22 18:40:00,447][com.java.TestType] [10274] - Looping 1TCID = 1
[DEBUG][2015-12-22 18:40:00,447][com.java.TestType] [10315] - Concept ID:1 :: Step being Executed: 1::4
[INFO ][2015-12-22 18:40:00,447][com.java.TestType] [10353] - dataFields : LNKLogout
[DEBUG][2015-12-22 18:40:00,447][com.java.TestType] [10359] - <In Set values of the page>
[DEBUG][2015-12-22 18:40:00,447][com.java.TestType] [10364] - {Data Fields & Data Values Exist}
[INFO ][2015-12-22 18:40:00,447][com.java.TestType] [10370] - --------------------------setting values-----------------------------
[INFO ][2015-12-22 18:40:00,448][com.java.TestType] [10373] - Action Type : WaitForElement
[INFO ][2015-12-22 18:40:08,003][com.java.TestType] [10392] -  RESULT true
[INFO ][2015-12-22 18:40:08,003][com.java.TestType] [10509] - ?   P A S S   ?
[DEBUG][2015-12-22 18:40:08,003][com.java.TestType] [10315] - Concept ID:1 :: Step being Executed: 1::15
[INFO ][2015-12-22 18:40:08,003][com.java.TestType] [10353] - dataFields : LNK
[DEBUG][2015-12-22 18:40:08,003][com.java.TestType] [10359] - <In Set values of the page>
[DEBUG][2015-12-22 18:40:08,003][com.java.TestType] [10364] - {Data Fields & Data Values Exist}
[INFO ][2015-12-22 18:40:08,003][com.java.TestType] [10370] - --------------------------setting values-----------------------------
[INFO ][2015-12-22 18:40:08,004][com.java.TestType] [10373] - Action Type : Verify
[INFO ][2015-12-22 18:40:08,004][com.java.TestType] [ 6946] - field= LNK value= Logout
[INFO ][2015-12-22 18:40:08,004][com.java.TestType] [ 5596] - value = Logout
[INFO ][2015-12-22 18:40:08,038][com.java.TestType] [10392] -  RESULT true
[INFO ][2015-12-22 18:40:08,038][com.java.TestType] [10509] - ?   P A S S   ?
[DEBUG][2015-12-22 18:40:08,038][com.java.TestType] [10315] - Concept ID:1 :: Step being Executed: 1::16
[INFO ][2015-12-22 18:40:08,039][com.java.TestType] [10353] - dataFields : BTN
[DEBUG][2015-12-22 18:40:08,039][com.java.TestType] [10359] - <In Set values of the page>
[DEBUG][2015-12-22 18:40:08,039][com.java.TestType] [10364] - {Data Fields & Data Values Exist}
[INFO ][2015-12-22 18:40:08,039][com.java.TestType] [10370] - --------------------------setting values-----------------------------
[INFO ][2015-12-22 18:40:08,039][com.java.TestType] [10373] - Action Type : Verify
[INFO ][2015-12-22 18:40:08,039][com.java.TestType] [ 6946] - field= BTN value= //img[contains(@src,'bdlogo.jpg')]
[INFO ][2015-12-22 18:40:08,039][com.java.TestType] [ 5596] - value = //img[contains(@src,'bdlogo.jpg')]
[INFO ][2015-12-22 18:40:08,109][com.java.TestType] [10392] -  RESULT true
[INFO ][2015-12-22 18:40:08,109][com.java.TestType] [10509] - ?   P A S S   ?
[INFO ][2015-12-22 18:40:08,109][com.java.TestType] [10580] - Looping End......
[INFO ][2015-12-22 18:40:08,113][com.java.SeleniumDriver] [  894] -  RESULT true
[INFO ][2015-12-22 18:40:08,113][com.java.SeleniumDriver] [ 1100] - ?   P A S S   ?
[INFO ][2015-12-22 18:40:08,113][com.java.SeleniumDriver] [  821] - ------------------------------------------
[INFO ][2015-12-22 18:40:08,113][com.java.SeleniumDriver] [  822] - Test case being Executed: 18
[INFO ][2015-12-22 18:40:08,113][com.java.SeleniumDriver] [  833] - Test step:7
[INFO ][2015-12-22 18:40:08,113][com.java.SeleniumDriver] [  845] - Datavalue is----------null
[DEBUG][2015-12-22 18:40:08,113][com.java.SeleniumDriver] [  863] - Exception: null
[INFO ][2015-12-22 18:40:08,113][com.java.SeleniumDriver] [  869] - DataField : //span[@class='icon-cog2']&&//a[@data-id="UserSettings"]
[INFO ][2015-12-22 18:40:08,114][com.java.SeleniumDriver] [  871] - DataValue : 
[INFO ][2015-12-22 18:40:08,114][com.java.SeleniumDriver] [  877] - <In Set values of the page>
[INFO ][2015-12-22 18:40:08,114][com.java.SeleniumDriver] [  880] - {Data Fields & Data Values Exist}
[INFO ][2015-12-22 18:40:08,114][com.java.SeleniumDriver] [  882] - --------------------------setting values-----------------------------
[INFO ][2015-12-22 18:40:08,114][com.java.SeleniumDriver] [  885] - Action Type : MouseOver
[INFO ][2015-12-22 18:40:31,720][com.java.SeleniumDriver] [  894] -  RESULT true
[INFO ][2015-12-22 18:40:31,720][com.java.SeleniumDriver] [ 1100] - ?   P A S S   ?
[INFO ][2015-12-22 18:40:31,720][com.java.SeleniumDriver] [  821] - ------------------------------------------
[INFO ][2015-12-22 18:40:31,720][com.java.SeleniumDriver] [  822] - Test case being Executed: 18
[INFO ][2015-12-22 18:40:31,720][com.java.SeleniumDriver] [  833] - Test step:8
[INFO ][2015-12-22 18:40:31,720][com.java.SeleniumDriver] [  845] - Datavalue is----------1
[INFO ][2015-12-22 18:40:31,720][com.java.SeleniumDriver] [  869] - DataField : BTNframeDialogContent
[INFO ][2015-12-22 18:40:31,720][com.java.SeleniumDriver] [  871] - DataValue : 1
[INFO ][2015-12-22 18:40:31,720][com.java.SeleniumDriver] [  877] - <In Set values of the page>
[INFO ][2015-12-22 18:40:31,720][com.java.SeleniumDriver] [  880] - {Data Fields & Data Values Exist}
[INFO ][2015-12-22 18:40:31,720][com.java.SeleniumDriver] [  882] - --------------------------setting values-----------------------------
[INFO ][2015-12-22 18:40:31,720][com.java.SeleniumDriver] [  885] - Action Type : WaitForElement
[INFO ][2015-12-22 18:40:32,926][com.java.SeleniumDriver] [  894] -  RESULT true
[INFO ][2015-12-22 18:40:32,926][com.java.SeleniumDriver] [ 1100] - ?   P A S S   ?
[INFO ][2015-12-22 18:40:32,926][com.java.SeleniumDriver] [  821] - ------------------------------------------
[INFO ][2015-12-22 18:40:32,926][com.java.SeleniumDriver] [  822] - Test case being Executed: 18
[INFO ][2015-12-22 18:40:32,926][com.java.SeleniumDriver] [  833] - Test step:9
[INFO ][2015-12-22 18:40:32,927][com.java.SeleniumDriver] [  845] - Datavalue is----------frameDialogContent
[INFO ][2015-12-22 18:40:32,927][com.java.SeleniumDriver] [  869] - DataField : BTN
[INFO ][2015-12-22 18:40:32,928][com.java.SeleniumDriver] [  871] - DataValue : frameDialogContent
[INFO ][2015-12-22 18:40:32,928][com.java.SeleniumDriver] [  877] - <In Set values of the page>
[INFO ][2015-12-22 18:40:32,928][com.java.SeleniumDriver] [  880] - {Data Fields & Data Values Exist}
[INFO ][2015-12-22 18:40:32,928][com.java.SeleniumDriver] [  882] - --------------------------setting values-----------------------------
[INFO ][2015-12-22 18:40:32,928][com.java.SeleniumDriver] [  885] - Action Type : SELECTFRAMEBYNAME
[INFO ][2015-12-22 18:40:32,928][com.java.TestType] [ 5596] - value = frameDialogContent
[INFO ][2015-12-22 18:40:32,999][com.java.SeleniumDriver] [  894] -  RESULT true
[INFO ][2015-12-22 18:40:32,999][com.java.SeleniumDriver] [ 1100] - ?   P A S S   ?
[INFO ][2015-12-22 18:40:32,999][com.java.SeleniumDriver] [  821] - ------------------------------------------
[INFO ][2015-12-22 18:40:32,999][com.java.SeleniumDriver] [  822] - Test case being Executed: 18
[INFO ][2015-12-22 18:40:32,999][com.java.SeleniumDriver] [  833] - Test step:10
[INFO ][2015-12-22 18:40:32,999][com.java.SeleniumDriver] [  845] - Datavalue is----------Yes
[INFO ][2015-12-22 18:40:33,000][com.java.SeleniumDriver] [  869] - DataField : COBddlOpenBDInNewWindow
[INFO ][2015-12-22 18:40:33,000][com.java.SeleniumDriver] [  871] - DataValue : Yes
[INFO ][2015-12-22 18:40:33,000][com.java.SeleniumDriver] [  877] - <In Set values of the page>
[INFO ][2015-12-22 18:40:33,000][com.java.SeleniumDriver] [  880] - {Data Fields & Data Values Exist}
[INFO ][2015-12-22 18:40:33,000][com.java.SeleniumDriver] [  882] - --------------------------setting values-----------------------------
[INFO ][2015-12-22 18:40:33,000][com.java.SeleniumDriver] [  885] - Action Type : Verify
[INFO ][2015-12-22 18:40:33,000][com.java.TestType] [ 6946] - field= COBddlOpenBDInNewWindow value= Yes
[INFO ][2015-12-22 18:40:33,000][com.java.TestType] [ 5596] - value = Yes
[ERROR][2015-12-22 18:40:33,203][com.java.TestType] [ 7477] - Assertion error: expected:<Yes> but was:<No>
[INFO ][2015-12-22 18:40:33,203][com.java.SeleniumDriver] [  894] -  RESULT false
[INFO ][2015-12-22 18:40:33,203][com.java.SeleniumDriver] [  941] - ?   F A I L   ?
[INFO ][2015-12-22 18:40:33,203][com.java.SeleniumDriver] [  949] - Browser Type : IE10
[INFO ][2015-12-22 18:40:33,203][com.java.SeleniumDriver] [  950] - Adding Failed case18
[DEBUG][2015-12-22 18:40:33,891][com.java.SeleniumDriver] [ 1018] -  tdd.getCondition() IF:18:Next
[INFO ][2015-12-22 18:40:33,891][com.java.SeleniumDriver] [ 1022] - Continue next step...
[INFO ][2015-12-22 18:40:33,891][com.java.SeleniumDriver] [  821] - ------------------------------------------
[INFO ][2015-12-22 18:40:33,891][com.java.SeleniumDriver] [  822] - Test case being Executed: 18
[INFO ][2015-12-22 18:40:33,891][com.java.SeleniumDriver] [  833] - Test step:11
[INFO ][2015-12-22 18:40:33,891][com.java.SeleniumDriver] [  845] - Datavalue is----------Yes
[INFO ][2015-12-22 18:40:33,891][com.java.SeleniumDriver] [  869] - DataField : SLBddlOpenBDInNewWindow
[INFO ][2015-12-22 18:40:33,891][com.java.SeleniumDriver] [  871] - DataValue : Yes
[INFO ][2015-12-22 18:40:33,892][com.java.SeleniumDriver] [  877] - <In Set values of the page>
[INFO ][2015-12-22 18:40:33,892][com.java.SeleniumDriver] [  880] - {Data Fields & Data Values Exist}
[INFO ][2015-12-22 18:40:33,892][com.java.SeleniumDriver] [  882] - --------------------------setting values-----------------------------
[INFO ][2015-12-22 18:40:33,892][com.java.SeleniumDriver] [  885] - Action Type : Select
[INFO ][2015-12-22 18:40:33,892][com.java.TestType] [ 5596] - value = Yes
[INFO ][2015-12-22 18:40:36,314][com.java.SeleniumDriver] [  894] -  RESULT true
[INFO ][2015-12-22 18:40:36,314][com.java.SeleniumDriver] [ 1100] - ?   P A S S   ?
[INFO ][2015-12-22 18:40:36,314][com.java.SeleniumDriver] [  821] - ------------------------------------------
[INFO ][2015-12-22 18:40:36,314][com.java.SeleniumDriver] [  822] - Test case being Executed: 18
[INFO ][2015-12-22 18:40:36,314][com.java.SeleniumDriver] [  833] - Test step:12
[INFO ][2015-12-22 18:40:36,314][com.java.SeleniumDriver] [  845] - Datavalue is----------null
[DEBUG][2015-12-22 18:40:36,314][com.java.SeleniumDriver] [  863] - Exception: null
[INFO ][2015-12-22 18:40:36,315][com.java.SeleniumDriver] [  869] - DataField : BTNparent
[INFO ][2015-12-22 18:40:36,315][com.java.SeleniumDriver] [  871] - DataValue : 
[INFO ][2015-12-22 18:40:36,315][com.java.SeleniumDriver] [  877] - <In Set values of the page>
[INFO ][2015-12-22 18:40:36,315][com.java.SeleniumDriver] [  880] - {Data Fields & Data Values Exist}
[INFO ][2015-12-22 18:40:36,315][com.java.SeleniumDriver] [  882] - --------------------------setting values-----------------------------
[INFO ][2015-12-22 18:40:36,315][com.java.SeleniumDriver] [  885] - Action Type : SELECTFRAME
[INFO ][2015-12-22 18:40:36,330][com.java.SeleniumDriver] [  894] -  RESULT true
[INFO ][2015-12-22 18:40:36,330][com.java.SeleniumDriver] [ 1100] - ?   P A S S   ?
[INFO ][2015-12-22 18:40:36,330][com.java.SeleniumDriver] [  821] - ------------------------------------------
[INFO ][2015-12-22 18:40:36,330][com.java.SeleniumDriver] [  822] - Test case being Executed: 18
[INFO ][2015-12-22 18:40:36,330][com.java.SeleniumDriver] [  833] - Test step:13
[INFO ][2015-12-22 18:40:36,330][com.java.SeleniumDriver] [  845] - Datavalue is----------null
[DEBUG][2015-12-22 18:40:36,330][com.java.SeleniumDriver] [  863] - Exception: null
[INFO ][2015-12-22 18:40:36,330][com.java.SeleniumDriver] [  869] - DataField : BTN//span[text()='Finished']
[INFO ][2015-12-22 18:40:36,330][com.java.SeleniumDriver] [  871] - DataValue : 
[INFO ][2015-12-22 18:40:36,330][com.java.SeleniumDriver] [  877] - <In Set values of the page>
[INFO ][2015-12-22 18:40:36,331][com.java.SeleniumDriver] [  880] - {Data Fields & Data Values Exist}
[INFO ][2015-12-22 18:40:36,331][com.java.SeleniumDriver] [  882] - --------------------------setting values-----------------------------
[INFO ][2015-12-22 18:40:36,332][com.java.SeleniumDriver] [  885] - Action Type : Click
[INFO ][2015-12-22 18:40:36,332][com.java.TestType] [ 5975] - Field ::BTN//span[text()='Finished']
[INFO ][2015-12-22 18:40:36,332][com.java.TestType] [ 5596] - value = 
[INFO ][2015-12-22 18:40:37,333][com.java.TestType] [ 6091] - BEFORE CLICK
[INFO ][2015-12-22 18:40:37,671][com.java.TestType] [ 6098] - Unable to click the object Finished button
[INFO ][2015-12-22 18:40:37,671][com.java.SeleniumDriver] [  894] -  RESULT true
[INFO ][2015-12-22 18:40:37,671][com.java.SeleniumDriver] [ 1100] - ?   P A S S   ?
[INFO ][2015-12-22 18:40:37,671][com.java.SeleniumDriver] [  821] - ------------------------------------------
[INFO ][2015-12-22 18:40:37,671][com.java.SeleniumDriver] [  822] - Test case being Executed: 18
[INFO ][2015-12-22 18:40:37,671][com.java.SeleniumDriver] [  833] - Test step:14
[INFO ][2015-12-22 18:40:37,671][com.java.SeleniumDriver] [  845] - Datavalue is----------Logout
[INFO ][2015-12-22 18:40:37,671][com.java.SeleniumDriver] [  869] - DataField : LNK
[INFO ][2015-12-22 18:40:37,671][com.java.SeleniumDriver] [  871] - DataValue : Logout
[INFO ][2015-12-22 18:40:37,672][com.java.SeleniumDriver] [  877] - <In Set values of the page>
[INFO ][2015-12-22 18:40:37,672][com.java.SeleniumDriver] [  880] - {Data Fields & Data Values Exist}
[INFO ][2015-12-22 18:40:37,672][com.java.SeleniumDriver] [  882] - --------------------------setting values-----------------------------
[INFO ][2015-12-22 18:40:37,672][com.java.SeleniumDriver] [  885] - Action Type : Verify
[INFO ][2015-12-22 18:40:37,672][com.java.TestType] [ 6946] - field= LNK value= Logout
[INFO ][2015-12-22 18:40:37,672][com.java.TestType] [ 5596] - value = Logout
[INFO ][2015-12-22 18:40:37,848][com.java.SeleniumDriver] [  894] -  RESULT true
[INFO ][2015-12-22 18:40:37,848][com.java.SeleniumDriver] [ 1100] - ?   P A S S   ?
[INFO ][2015-12-22 18:40:37,848][com.java.SeleniumDriver] [  821] - ------------------------------------------
[INFO ][2015-12-22 18:40:37,848][com.java.SeleniumDriver] [  822] - Test case being Executed: 18
[INFO ][2015-12-22 18:40:37,848][com.java.SeleniumDriver] [  833] - Test step:15
[INFO ][2015-12-22 18:40:37,849][com.java.SeleniumDriver] [  845] - Datavalue is----------//img[contains(@src,'bdlogo.jpg')]
[INFO ][2015-12-22 18:40:37,849][com.java.SeleniumDriver] [  869] - DataField : BTN
[INFO ][2015-12-22 18:40:37,849][com.java.SeleniumDriver] [  871] - DataValue : //img[contains(@src,'bdlogo.jpg')]
[INFO ][2015-12-22 18:40:37,849][com.java.SeleniumDriver] [  877] - <In Set values of the page>
[INFO ][2015-12-22 18:40:37,849][com.java.SeleniumDriver] [  880] - {Data Fields & Data Values Exist}
[INFO ][2015-12-22 18:40:37,849][com.java.SeleniumDriver] [  882] - --------------------------setting values-----------------------------
[INFO ][2015-12-22 18:40:37,849][com.java.SeleniumDriver] [  885] - Action Type : Verify
[INFO ][2015-12-22 18:40:37,849][com.java.TestType] [ 6946] - field= BTN value= //img[contains(@src,'bdlogo.jpg')]
[INFO ][2015-12-22 18:40:37,849][com.java.TestType] [ 5596] - value = //img[contains(@src,'bdlogo.jpg')]
[INFO ][2015-12-22 18:40:38,019][com.java.SeleniumDriver] [  894] -  RESULT true
[INFO ][2015-12-22 18:40:38,019][com.java.SeleniumDriver] [ 1100] - ?   P A S S   ?
[INFO ][2015-12-22 18:40:38,019][com.java.SeleniumDriver] [  821] - ------------------------------------------
[INFO ][2015-12-22 18:40:38,019][com.java.SeleniumDriver] [  822] - Test case being Executed: 18
[INFO ][2015-12-22 18:40:38,019][com.java.SeleniumDriver] [  833] - Test step:16
[INFO ][2015-12-22 18:40:38,019][com.java.SeleniumDriver] [  845] - Datavalue is----------Concept#3:1-2
[INFO ][2015-12-22 18:40:38,020][com.java.SeleniumDriver] [  869] - DataField : test
[INFO ][2015-12-22 18:40:38,020][com.java.SeleniumDriver] [  871] - DataValue : Concept#3:1-2
[INFO ][2015-12-22 18:40:38,020][com.java.SeleniumDriver] [  877] - <In Set values of the page>
[INFO ][2015-12-22 18:40:38,020][com.java.SeleniumDriver] [  880] - {Data Fields & Data Values Exist}
[INFO ][2015-12-22 18:40:38,021][com.java.SeleniumDriver] [  882] - --------------------------setting values-----------------------------
[INFO ][2015-12-22 18:40:38,021][com.java.SeleniumDriver] [  885] - Action Type : ExecuteTestCase
[INFO ][2015-12-22 18:40:38,021][com.java.TestType] [  437] - The Concept sheet name is ---------- Concept
[INFO ][2015-12-22 18:40:38,022][com.java.TestType] [  440] - The Concept ID  is ---------- 3
[DEBUG][2015-12-22 18:40:38,022][com.java.TestType] [  444] - Steps being executted in the Concept are: 1:2
[INFO ][2015-12-22 18:40:38,022][com.java.TestType] [  451] - Test data details path ---------- D:\BankersDashboard\TestInputs\TestData.xls
[INFO ][2015-12-22 18:40:38,050][com.java.TestType] [  482] -  str(1) = 3
[INFO ][2015-12-22 18:40:38,050][com.java.TestType] [  485] - Test case Id is---3
[INFO ][2015-12-22 18:40:38,050][com.java.TestType] [  487] - 3
[INFO ][2015-12-22 18:40:38,050][com.java.TestType] [  482] -  str(2) = 1
[INFO ][2015-12-22 18:40:38,051][com.java.TestType] [  534] - row values are--------{1=com.java.Objects.TestDataDetails@54cfc9}
[INFO ][2015-12-22 18:40:38,052][com.java.TestType] [  482] -  str(1) = 3
[INFO ][2015-12-22 18:40:38,052][com.java.TestType] [  485] - Test case Id is---3
[INFO ][2015-12-22 18:40:38,052][com.java.TestType] [  487] - 3
[INFO ][2015-12-22 18:40:38,052][com.java.TestType] [  482] -  str(2) = 2
[INFO ][2015-12-22 18:40:38,052][com.java.TestType] [  534] - row values are--------{1=com.java.Objects.TestDataDetails@54cfc9, 2=com.java.Objects.TestDataDetails@821075}
[INFO ][2015-12-22 18:40:38,052][com.java.TestType] [10274] - Looping 1TCID = 3
[DEBUG][2015-12-22 18:40:38,053][com.java.TestType] [10315] - Concept ID:3 :: Step being Executed: 3::1
[INFO ][2015-12-22 18:40:38,053][com.java.TestType] [10353] - dataFields : test
[DEBUG][2015-12-22 18:40:38,053][com.java.TestType] [10359] - <In Set values of the page>
[DEBUG][2015-12-22 18:40:38,053][com.java.TestType] [10364] - {Data Fields & Data Values Exist}
[INFO ][2015-12-22 18:40:38,053][com.java.TestType] [10370] - --------------------------setting values-----------------------------
[INFO ][2015-12-22 18:40:38,053][com.java.TestType] [10373] - Action Type : Logout
[INFO ][2015-12-22 18:40:40,267][com.java.TestType] [ 5975] - Field ::CNF
[INFO ][2015-12-22 18:40:40,267][com.java.TestType] [ 5596] - value = OK
[INFO ][2015-12-22 18:40:42,579][com.java.TestType] [ 6108] - Click the object confirmation
[INFO ][2015-12-22 18:40:42,579][com.java.TestType] [ 6109] - Unable to click the object confirmation
[DEBUG][2015-12-22 18:40:43,850][com.java.SeleniumDriver] [  426] - Hub ip address is-------172.17.68.34
[INFO ][2015-12-22 18:40:43,850][com.java.SeleniumDriver] [  452] - Grid URL:http://172.17.68.34:4444/wd/hub
[INFO ][2015-12-22 18:40:43,850][com.java.SeleniumDriver] [  453] - Capability:Capabilities [{platform=ANY, ensureCleanSession=true, ignoreProtectedModeSettings=true, acceptSslCerts=true, ignoreZoomSetting=true, browserName=internet explorer, browserstack.ie.noFlash=true, version=null}]
[ERROR][2015-12-22 18:40:44,852][com.java.SeleniumDriver] [  497] - Unable invoke browser in grid:Could not start a new session. Possible causes are invalid address of the remote server or browser start-up failure.
Build info: version: '2.48.2', revision: '41bccdd', time: '2015-10-09 19:59:12'
System info: host: 'FVTIII438F1D', ip: '172.17.68.34', os.name: 'Windows 7', os.arch: 'x86', os.version: '6.1', java.version: '1.7.0_55'
Driver info: driver.version: SeleniumDriver
[INFO ][2015-12-22 18:40:44,853][com.java.SeleniumDriver] [  499] - Executing on local machine
[INFO ][2015-12-22 18:40:55,198][com.java.TestType] [10392] -  RESULT true
[INFO ][2015-12-22 18:40:55,198][com.java.TestType] [10509] - ?   P A S S   ?
[DEBUG][2015-12-22 18:40:55,198][com.java.TestType] [10315] - Concept ID:3 :: Step being Executed: 3::2
[INFO ][2015-12-22 18:40:55,198][com.java.TestType] [10353] - dataFields : test
[DEBUG][2015-12-22 18:40:55,198][com.java.TestType] [10359] - <In Set values of the page>
[DEBUG][2015-12-22 18:40:55,198][com.java.TestType] [10364] - {Data Fields & Data Values Exist}
[INFO ][2015-12-22 18:40:55,198][com.java.TestType] [10370] - --------------------------setting values-----------------------------
[INFO ][2015-12-22 18:40:55,199][com.java.TestType] [10373] - Action Type : WaitTime
[DEBUG][2015-12-22 18:40:55,200][com.java.TestType] [ 5416] - sleepTime: 2000
[INFO ][2015-12-22 18:40:57,200][com.java.TestType] [10392] -  RESULT true
[INFO ][2015-12-22 18:40:57,200][com.java.TestType] [10509] - ?   P A S S   ?
[INFO ][2015-12-22 18:40:57,200][com.java.TestType] [10580] - Looping End......
[INFO ][2015-12-22 18:40:57,204][com.java.SeleniumDriver] [  894] -  RESULT true
[INFO ][2015-12-22 18:40:57,204][com.java.SeleniumDriver] [ 1100] - ?   P A S S   ?
[INFO ][2015-12-22 18:40:57,204][com.java.SeleniumDriver] [  821] - ------------------------------------------
[INFO ][2015-12-22 18:40:57,204][com.java.SeleniumDriver] [  822] - Test case being Executed: 18
[INFO ][2015-12-22 18:40:57,204][com.java.SeleniumDriver] [  833] - Test step:17
[INFO ][2015-12-22 18:40:57,204][com.java.SeleniumDriver] [  845] - Datavalue is----------Concept#1:1-4
[INFO ][2015-12-22 18:40:57,204][com.java.SeleniumDriver] [  869] - DataField : test
[INFO ][2015-12-22 18:40:57,205][com.java.SeleniumDriver] [  871] - DataValue : Concept#1:1-4
[INFO ][2015-12-22 18:40:57,205][com.java.SeleniumDriver] [  877] - <In Set values of the page>
[INFO ][2015-12-22 18:40:57,205][com.java.SeleniumDriver] [  880] - {Data Fields & Data Values Exist}
[INFO ][2015-12-22 18:40:57,205][com.java.SeleniumDriver] [  882] - --------------------------setting values-----------------------------
[INFO ][2015-12-22 18:40:57,205][com.java.SeleniumDriver] [  885] - Action Type : ExecuteTestCase
[INFO ][2015-12-22 18:40:57,205][com.java.TestType] [  437] - The Concept sheet name is ---------- Concept
[INFO ][2015-12-22 18:40:57,205][com.java.TestType] [  440] - The Concept ID  is ---------- 1
[DEBUG][2015-12-22 18:40:57,205][com.java.TestType] [  444] - Steps being executted in the Concept are: 1:4
[INFO ][2015-12-22 18:40:57,205][com.java.TestType] [  451] - Test data details path ---------- D:\BankersDashboard\TestInputs\TestData.xls
[INFO ][2015-12-22 18:40:57,241][com.java.TestType] [  482] -  str(1) = 1
[INFO ][2015-12-22 18:40:57,241][com.java.TestType] [  485] - Test case Id is---1
[INFO ][2015-12-22 18:40:57,241][com.java.TestType] [  487] - 1
[INFO ][2015-12-22 18:40:57,242][com.java.TestType] [  482] -  str(2) = 1
[INFO ][2015-12-22 18:40:57,244][com.java.TestType] [  534] - row values are--------{1=com.java.Objects.TestDataDetails@88ba35}
[INFO ][2015-12-22 18:40:57,244][com.java.TestType] [  482] -  str(1) = 1
[INFO ][2015-12-22 18:40:57,244][com.java.TestType] [  485] - Test case Id is---1
[INFO ][2015-12-22 18:40:57,244][com.java.TestType] [  487] - 1
[INFO ][2015-12-22 18:40:57,244][com.java.TestType] [  482] -  str(2) = 2
[INFO ][2015-12-22 18:40:57,244][com.java.TestType] [  534] - row values are--------{1=com.java.Objects.TestDataDetails@88ba35, 2=com.java.Objects.TestDataDetails@1841d38}
[INFO ][2015-12-22 18:40:57,245][com.java.TestType] [  482] -  str(1) = 1
[INFO ][2015-12-22 18:40:57,245][com.java.TestType] [  485] - Test case Id is---1
[INFO ][2015-12-22 18:40:57,245][com.java.TestType] [  487] - 1
[INFO ][2015-12-22 18:40:57,245][com.java.TestType] [  482] -  str(2) = 3
[INFO ][2015-12-22 18:40:57,245][com.java.TestType] [  534] - row values are--------{1=com.java.Objects.TestDataDetails@88ba35, 2=com.java.Objects.TestDataDetails@1841d38, 3=com.java.Objects.TestDataDetails@1023556}
[INFO ][2015-12-22 18:40:57,245][com.java.TestType] [  482] -  str(1) = 1
[INFO ][2015-12-22 18:40:57,245][com.java.TestType] [  485] - Test case Id is---1
[INFO ][2015-12-22 18:40:57,246][com.java.TestType] [  487] - 1
[INFO ][2015-12-22 18:40:57,246][com.java.TestType] [  482] -  str(2) = 4
[INFO ][2015-12-22 18:40:57,246][com.java.TestType] [  534] - row values are--------{1=com.java.Objects.TestDataDetails@88ba35, 2=com.java.Objects.TestDataDetails@1841d38, 3=com.java.Objects.TestDataDetails@1023556, 4=com.java.Objects.TestDataDetails@155d4d6}
[INFO ][2015-12-22 18:40:57,246][com.java.TestType] [  482] -  str(1) = 1
[INFO ][2015-12-22 18:40:57,246][com.java.TestType] [  485] - Test case Id is---1
[INFO ][2015-12-22 18:40:57,246][com.java.TestType] [  487] - 1
[INFO ][2015-12-22 18:40:57,247][com.java.TestType] [  482] -  str(2) = 5
[INFO ][2015-12-22 18:40:57,247][com.java.TestType] [  534] - row values are--------{1=com.java.Objects.TestDataDetails@88ba35, 2=com.java.Objects.TestDataDetails@1841d38, 3=com.java.Objects.TestDataDetails@1023556, 4=com.java.Objects.TestDataDetails@155d4d6, 5=com.java.Objects.TestDataDetails@1019252}
[INFO ][2015-12-22 18:40:57,247][com.java.TestType] [  482] -  str(1) = 1
[INFO ][2015-12-22 18:40:57,247][com.java.TestType] [  485] - Test case Id is---1
[INFO ][2015-12-22 18:40:57,247][com.java.TestType] [  487] - 1
[INFO ][2015-12-22 18:40:57,248][com.java.TestType] [  482] -  str(2) = 6
[INFO ][2015-12-22 18:40:57,248][com.java.TestType] [  534] - row values are--------{1=com.java.Objects.TestDataDetails@88ba35, 2=com.java.Objects.TestDataDetails@1841d38, 3=com.java.Objects.TestDataDetails@1023556, 4=com.java.Objects.TestDataDetails@155d4d6, 5=com.java.Objects.TestDataDetails@1019252, 6=com.java.Objects.TestDataDetails@1fbf741}
[INFO ][2015-12-22 18:40:57,248][com.java.TestType] [  482] -  str(1) = 1
[INFO ][2015-12-22 18:40:57,248][com.java.TestType] [  485] - Test case Id is---1
[INFO ][2015-12-22 18:40:57,248][com.java.TestType] [  487] - 1
[INFO ][2015-12-22 18:40:57,248][com.java.TestType] [  482] -  str(2) = 7
[INFO ][2015-12-22 18:40:57,249][com.java.TestType] [  534] - row values are--------{1=com.java.Objects.TestDataDetails@88ba35, 2=com.java.Objects.TestDataDetails@1841d38, 3=com.java.Objects.TestDataDetails@1023556, 4=com.java.Objects.TestDataDetails@155d4d6, 5=com.java.Objects.TestDataDetails@1019252, 6=com.java.Objects.TestDataDetails@1fbf741, 7=com.java.Objects.TestDataDetails@14cb4d6}
[INFO ][2015-12-22 18:40:57,249][com.java.TestType] [  482] -  str(1) = 1
[INFO ][2015-12-22 18:40:57,249][com.java.TestType] [  485] - Test case Id is---1
[INFO ][2015-12-22 18:40:57,249][com.java.TestType] [  487] - 1
[INFO ][2015-12-22 18:40:57,249][com.java.TestType] [  482] -  str(2) = 8
[INFO ][2015-12-22 18:40:57,251][com.java.TestType] [  534] - row values are--------{1=com.java.Objects.TestDataDetails@88ba35, 2=com.java.Objects.TestDataDetails@1841d38, 3=com.java.Objects.TestDataDetails@1023556, 4=com.java.Objects.TestDataDetails@155d4d6, 5=com.java.Objects.TestDataDetails@1019252, 6=com.java.Objects.TestDataDetails@1fbf741, 7=com.java.Objects.TestDataDetails@14cb4d6, 8=com.java.Objects.TestDataDetails@65fa44}
[INFO ][2015-12-22 18:40:57,251][com.java.TestType] [  482] -  str(1) = 1
[INFO ][2015-12-22 18:40:57,251][com.java.TestType] [  485] - Test case Id is---1
[INFO ][2015-12-22 18:40:57,251][com.java.TestType] [  487] - 1
[INFO ][2015-12-22 18:40:57,251][com.java.TestType] [  482] -  str(2) = 9
[INFO ][2015-12-22 18:40:57,252][com.java.TestType] [  534] - row values are--------{1=com.java.Objects.TestDataDetails@88ba35, 2=com.java.Objects.TestDataDetails@1841d38, 3=com.java.Objects.TestDataDetails@1023556, 4=com.java.Objects.TestDataDetails@155d4d6, 5=com.java.Objects.TestDataDetails@1019252, 6=com.java.Objects.TestDataDetails@1fbf741, 7=com.java.Objects.TestDataDetails@14cb4d6, 8=com.java.Objects.TestDataDetails@65fa44, 9=com.java.Objects.TestDataDetails@16ddc2f}
[INFO ][2015-12-22 18:40:57,252][com.java.TestType] [  482] -  str(1) = 1
[INFO ][2015-12-22 18:40:57,252][com.java.TestType] [  485] - Test case Id is---1
[INFO ][2015-12-22 18:40:57,252][com.java.TestType] [  487] - 1
[INFO ][2015-12-22 18:40:57,252][com.java.TestType] [  482] -  str(2) = 10
[INFO ][2015-12-22 18:40:57,253][com.java.TestType] [  534] - row values are--------{1=com.java.Objects.TestDataDetails@88ba35, 2=com.java.Objects.TestDataDetails@1841d38, 3=com.java.Objects.TestDataDetails@1023556, 4=com.java.Objects.TestDataDetails@155d4d6, 5=com.java.Objects.TestDataDetails@1019252, 6=com.java.Objects.TestDataDetails@1fbf741, 7=com.java.Objects.TestDataDetails@14cb4d6, 8=com.java.Objects.TestDataDetails@65fa44, 9=com.java.Objects.TestDataDetails@16ddc2f, 10=com.java.Objects.TestDataDetails@dfa655}
[INFO ][2015-12-22 18:40:57,253][com.java.TestType] [  482] -  str(1) = 1
[INFO ][2015-12-22 18:40:57,253][com.java.TestType] [  485] - Test case Id is---1
[INFO ][2015-12-22 18:40:57,253][com.java.TestType] [  487] - 1
[INFO ][2015-12-22 18:40:57,253][com.java.TestType] [  482] -  str(2) = 11
[INFO ][2015-12-22 18:40:57,254][com.java.TestType] [  534] - row values are--------{1=com.java.Objects.TestDataDetails@88ba35, 2=com.java.Objects.TestDataDetails@1841d38, 3=com.java.Objects.TestDataDetails@1023556, 4=com.java.Objects.TestDataDetails@155d4d6, 5=com.java.Objects.TestDataDetails@1019252, 6=com.java.Objects.TestDataDetails@1fbf741, 7=com.java.Objects.TestDataDetails@14cb4d6, 8=com.java.Objects.TestDataDetails@65fa44, 9=com.java.Objects.TestDataDetails@16ddc2f, 10=com.java.Objects.TestDataDetails@dfa655, 11=com.java.Objects.TestDataDetails@122556f}
[INFO ][2015-12-22 18:40:57,254][com.java.TestType] [  482] -  str(1) = 1
[INFO ][2015-12-22 18:40:57,254][com.java.TestType] [  485] - Test case Id is---1
[INFO ][2015-12-22 18:40:57,254][com.java.TestType] [  487] - 1
[INFO ][2015-12-22 18:40:57,254][com.java.TestType] [  482] -  str(2) = 12
[INFO ][2015-12-22 18:40:57,254][com.java.TestType] [  534] - row values are--------{1=com.java.Objects.TestDataDetails@88ba35, 2=com.java.Objects.TestDataDetails@1841d38, 3=com.java.Objects.TestDataDetails@1023556, 4=com.java.Objects.TestDataDetails@155d4d6, 5=com.java.Objects.TestDataDetails@1019252, 6=com.java.Objects.TestDataDetails@1fbf741, 7=com.java.Objects.TestDataDetails@14cb4d6, 8=com.java.Objects.TestDataDetails@65fa44, 9=com.java.Objects.TestDataDetails@16ddc2f, 10=com.java.Objects.TestDataDetails@dfa655, 11=com.java.Objects.TestDataDetails@122556f, 12=com.java.Objects.TestDataDetails@1b18d5e}
[INFO ][2015-12-22 18:40:57,255][com.java.TestType] [  482] -  str(1) = 1
[INFO ][2015-12-22 18:40:57,255][com.java.TestType] [  485] - Test case Id is---1
[INFO ][2015-12-22 18:40:57,255][com.java.TestType] [  487] - 1
[INFO ][2015-12-22 18:40:57,255][com.java.TestType] [  482] -  str(2) = 13
[INFO ][2015-12-22 18:40:57,255][com.java.TestType] [  534] - row values are--------{1=com.java.Objects.TestDataDetails@88ba35, 2=com.java.Objects.TestDataDetails@1841d38, 3=com.java.Objects.TestDataDetails@1023556, 4=com.java.Objects.TestDataDetails@155d4d6, 5=com.java.Objects.TestDataDetails@1019252, 6=com.java.Objects.TestDataDetails@1fbf741, 7=com.java.Objects.TestDataDetails@14cb4d6, 8=com.java.Objects.TestDataDetails@65fa44, 9=com.java.Objects.TestDataDetails@16ddc2f, 10=com.java.Objects.TestDataDetails@dfa655, 11=com.java.Objects.TestDataDetails@122556f, 12=com.java.Objects.TestDataDetails@1b18d5e, 13=com.java.Objects.TestDataDetails@7c992e}
[INFO ][2015-12-22 18:40:57,255][com.java.TestType] [  482] -  str(1) = 1
[INFO ][2015-12-22 18:40:57,255][com.java.TestType] [  485] - Test case Id is---1
[INFO ][2015-12-22 18:40:57,256][com.java.TestType] [  487] - 1
[INFO ][2015-12-22 18:40:57,256][com.java.TestType] [  482] -  str(2) = 14
[INFO ][2015-12-22 18:40:57,256][com.java.TestType] [  534] - row values are--------{1=com.java.Objects.TestDataDetails@88ba35, 2=com.java.Objects.TestDataDetails@1841d38, 3=com.java.Objects.TestDataDetails@1023556, 4=com.java.Objects.TestDataDetails@155d4d6, 5=com.java.Objects.TestDataDetails@1019252, 6=com.java.Objects.TestDataDetails@1fbf741, 7=com.java.Objects.TestDataDetails@14cb4d6, 8=com.java.Objects.TestDataDetails@65fa44, 9=com.java.Objects.TestDataDetails@16ddc2f, 10=com.java.Objects.TestDataDetails@dfa655, 11=com.java.Objects.TestDataDetails@122556f, 12=com.java.Objects.TestDataDetails@1b18d5e, 13=com.java.Objects.TestDataDetails@7c992e, 14=com.java.Objects.TestDataDetails@ec8446}
[INFO ][2015-12-22 18:40:57,256][com.java.TestType] [  482] -  str(1) = 1
[INFO ][2015-12-22 18:40:57,256][com.java.TestType] [  485] - Test case Id is---1
[INFO ][2015-12-22 18:40:57,256][com.java.TestType] [  487] - 1
[INFO ][2015-12-22 18:40:57,257][com.java.TestType] [  482] -  str(2) = 15
[INFO ][2015-12-22 18:40:57,257][com.java.TestType] [  534] - row values are--------{1=com.java.Objects.TestDataDetails@88ba35, 2=com.java.Objects.TestDataDetails@1841d38, 3=com.java.Objects.TestDataDetails@1023556, 4=com.java.Objects.TestDataDetails@155d4d6, 5=com.java.Objects.TestDataDetails@1019252, 6=com.java.Objects.TestDataDetails@1fbf741, 7=com.java.Objects.TestDataDetails@14cb4d6, 8=com.java.Objects.TestDataDetails@65fa44, 9=com.java.Objects.TestDataDetails@16ddc2f, 10=com.java.Objects.TestDataDetails@dfa655, 11=com.java.Objects.TestDataDetails@122556f, 12=com.java.Objects.TestDataDetails@1b18d5e, 13=com.java.Objects.TestDataDetails@7c992e, 14=com.java.Objects.TestDataDetails@ec8446, 15=com.java.Objects.TestDataDetails@65f2d7}
[INFO ][2015-12-22 18:40:57,257][com.java.TestType] [  482] -  str(1) = 1
[INFO ][2015-12-22 18:40:57,257][com.java.TestType] [  485] - Test case Id is---1
[INFO ][2015-12-22 18:40:57,257][com.java.TestType] [  487] - 1
[INFO ][2015-12-22 18:40:57,257][com.java.TestType] [  482] -  str(2) = 16
[INFO ][2015-12-22 18:40:57,259][com.java.TestType] [  534] - row values are--------{1=com.java.Objects.TestDataDetails@88ba35, 2=com.java.Objects.TestDataDetails@1841d38, 3=com.java.Objects.TestDataDetails@1023556, 4=com.java.Objects.TestDataDetails@155d4d6, 5=com.java.Objects.TestDataDetails@1019252, 6=com.java.Objects.TestDataDetails@1fbf741, 7=com.java.Objects.TestDataDetails@14cb4d6, 8=com.java.Objects.TestDataDetails@65fa44, 9=com.java.Objects.TestDataDetails@16ddc2f, 10=com.java.Objects.TestDataDetails@dfa655, 11=com.java.Objects.TestDataDetails@122556f, 12=com.java.Objects.TestDataDetails@1b18d5e, 13=com.java.Objects.TestDataDetails@7c992e, 14=com.java.Objects.TestDataDetails@ec8446, 15=com.java.Objects.TestDataDetails@65f2d7, 16=com.java.Objects.TestDataDetails@b36c7e}
[INFO ][2015-12-22 18:40:57,259][com.java.TestType] [10274] - Looping 1TCID = 1
[DEBUG][2015-12-22 18:40:57,259][com.java.TestType] [10315] - Concept ID:1 :: Step being Executed: 1::1
[INFO ][2015-12-22 18:40:57,259][com.java.TestType] [10353] - dataFields : TXTusername
[DEBUG][2015-12-22 18:40:57,259][com.java.TestType] [10359] - <In Set values of the page>
[DEBUG][2015-12-22 18:40:57,259][com.java.TestType] [10364] - {Data Fields & Data Values Exist}
[INFO ][2015-12-22 18:40:57,259][com.java.TestType] [10370] - --------------------------setting values-----------------------------
[INFO ][2015-12-22 18:40:57,259][com.java.TestType] [10373] - Action Type : CLEARANDENTER
[INFO ][2015-12-22 18:40:57,259][com.java.TestType] [ 5596] - value = valuelabs.ie10.33527
[INFO ][2015-12-22 18:41:01,960][com.java.TestType] [10392] -  RESULT true
[INFO ][2015-12-22 18:41:01,960][com.java.TestType] [10509] - ?   P A S S   ?
[DEBUG][2015-12-22 18:41:01,960][com.java.TestType] [10315] - Concept ID:1 :: Step being Executed: 1::2
[INFO ][2015-12-22 18:41:01,960][com.java.TestType] [10353] - dataFields : TXTpassword
[DEBUG][2015-12-22 18:41:01,960][com.java.TestType] [10359] - <In Set values of the page>
[DEBUG][2015-12-22 18:41:01,961][com.java.TestType] [10364] - {Data Fields & Data Values Exist}
[INFO ][2015-12-22 18:41:01,961][com.java.TestType] [10370] - --------------------------setting values-----------------------------
[INFO ][2015-12-22 18:41:01,961][com.java.TestType] [10373] - Action Type : CLEARANDENTER
[INFO ][2015-12-22 18:41:01,961][com.java.TestType] [ 5596] - value = Password1*
[INFO ][2015-12-22 18:41:06,771][com.java.TestType] [10392] -  RESULT true
[INFO ][2015-12-22 18:41:06,772][com.java.TestType] [10509] - ?   P A S S   ?
[DEBUG][2015-12-22 18:41:06,772][com.java.TestType] [10315] - Concept ID:1 :: Step being Executed: 1::3
[ERROR][2015-12-22 18:41:06,772][com.java.TestType] [10348] - Exception: null
[INFO ][2015-12-22 18:41:06,772][com.java.TestType] [10353] - dataFields : XPH//button[@type='submit']
[DEBUG][2015-12-22 18:41:06,772][com.java.TestType] [10359] - <In Set values of the page>
[DEBUG][2015-12-22 18:41:06,772][com.java.TestType] [10364] - {Data Fields & Data Values Exist}
[INFO ][2015-12-22 18:41:06,772][com.java.TestType] [10370] - --------------------------setting values-----------------------------
[INFO ][2015-12-22 18:41:06,772][com.java.TestType] [10373] - Action Type : Click
[INFO ][2015-12-22 18:41:06,772][com.java.TestType] [ 5975] - Field ::XPH//button[@type='submit']
[INFO ][2015-12-22 18:41:06,772][com.java.TestType] [ 5596] - value = 
[INFO ][2015-12-22 18:41:07,773][com.java.TestType] [ 6112] - BEFORE CLICK
[INFO ][2015-12-22 18:41:08,586][com.java.TestType] [ 6120] - Unable to click the object Login
[INFO ][2015-12-22 18:41:08,586][com.java.TestType] [10392] -  RESULT true
[INFO ][2015-12-22 18:41:08,586][com.java.TestType] [10509] - ?   P A S S   ?
[DEBUG][2015-12-22 18:41:08,586][com.java.TestType] [10315] - Concept ID:1 :: Step being Executed: 1::4
[INFO ][2015-12-22 18:41:08,586][com.java.TestType] [10353] - dataFields : LNKLogout
[DEBUG][2015-12-22 18:41:08,586][com.java.TestType] [10359] - <In Set values of the page>
[DEBUG][2015-12-22 18:41:08,586][com.java.TestType] [10364] - {Data Fields & Data Values Exist}
[INFO ][2015-12-22 18:41:08,586][com.java.TestType] [10370] - --------------------------setting values-----------------------------
[INFO ][2015-12-22 18:41:08,586][com.java.TestType] [10373] - Action Type : WaitForElement
[DEBUG][2015-12-22 18:42:42,238][com.java.TestType] [ 6631] - link=Logout   :: Link not Found
[INFO ][2015-12-22 18:42:42,238][com.java.TestType] [10392] -  RESULT false
[INFO ][2015-12-22 18:42:42,238][com.java.TestType] [10430] - ?   F A I L   ?
[DEBUG][2015-12-22 18:42:42,238][com.java.TestType] [10433] - Browser Type : IE10
[INFO ][2015-12-22 18:42:42,240][com.java.TestType] [10580] - Looping End......
[INFO ][2015-12-22 18:42:42,244][com.java.SeleniumDriver] [  894] -  RESULT true
[INFO ][2015-12-22 18:42:42,244][com.java.SeleniumDriver] [ 1100] - ?   P A S S   ?
[INFO ][2015-12-22 18:42:42,244][com.java.SeleniumDriver] [  821] - ------------------------------------------
[INFO ][2015-12-22 18:42:42,245][com.java.SeleniumDriver] [  822] - Test case being Executed: 18
[INFO ][2015-12-22 18:42:42,245][com.java.SeleniumDriver] [  833] - Test step:18
[INFO ][2015-12-22 18:42:42,245][com.java.SeleniumDriver] [  845] - Datavalue is----------Banker'sDashboard
[INFO ][2015-12-22 18:42:42,245][com.java.SeleniumDriver] [  869] - DataField : TTL
[INFO ][2015-12-22 18:42:42,245][com.java.SeleniumDriver] [  871] - DataValue : Banker'sDashboard
[INFO ][2015-12-22 18:42:42,245][com.java.SeleniumDriver] [  877] - <In Set values of the page>
[INFO ][2015-12-22 18:42:42,245][com.java.SeleniumDriver] [  880] - {Data Fields & Data Values Exist}
[INFO ][2015-12-22 18:42:42,245][com.java.SeleniumDriver] [  882] - --------------------------setting values-----------------------------
[INFO ][2015-12-22 18:42:42,245][com.java.SeleniumDriver] [  885] - Action Type : SelectWindow
[INFO ][2015-12-22 18:42:54,858][com.java.SeleniumDriver] [  894] -  RESULT true
[INFO ][2015-12-22 18:42:54,858][com.java.SeleniumDriver] [ 1100] - ?   P A S S   ?
[INFO ][2015-12-22 18:42:54,858][com.java.SeleniumDriver] [  821] - ------------------------------------------
[INFO ][2015-12-22 18:42:54,859][com.java.SeleniumDriver] [  822] - Test case being Executed: 18
[INFO ][2015-12-22 18:42:54,859][com.java.SeleniumDriver] [  833] - Test step:19
[INFO ][2015-12-22 18:42:54,859][com.java.SeleniumDriver] [  845] - Datavalue is----------10
[INFO ][2015-12-22 18:42:54,859][com.java.SeleniumDriver] [  869] - DataField : test
[INFO ][2015-12-22 18:42:54,859][com.java.SeleniumDriver] [  871] - DataValue : 10
[INFO ][2015-12-22 18:42:54,859][com.java.SeleniumDriver] [  877] - <In Set values of the page>
[INFO ][2015-12-22 18:42:54,859][com.java.SeleniumDriver] [  880] - {Data Fields & Data Values Exist}
[INFO ][2015-12-22 18:42:54,859][com.java.SeleniumDriver] [  882] - --------------------------setting values-----------------------------
[INFO ][2015-12-22 18:42:54,859][com.java.SeleniumDriver] [  885] - Action Type : WaitTime
[DEBUG][2015-12-22 18:42:54,859][com.java.TestType] [ 5416] - sleepTime: 10000
[INFO ][2015-12-22 18:43:04,860][com.java.SeleniumDriver] [  894] -  RESULT true
[INFO ][2015-12-22 18:43:04,860][com.java.SeleniumDriver] [ 1100] - ?   P A S S   ?
[INFO ][2015-12-22 18:43:04,860][com.java.SeleniumDriver] [  821] - ------------------------------------------
[INFO ][2015-12-22 18:43:04,860][com.java.SeleniumDriver] [  822] - Test case being Executed: 18
[INFO ][2015-12-22 18:43:04,860][com.java.SeleniumDriver] [  833] - Test step:20
[INFO ][2015-12-22 18:43:04,860][com.java.SeleniumDriver] [  845] - Datavalue is----------appurl
[INFO ][2015-12-22 18:43:04,860][com.java.SeleniumDriver] [  869] - DataField : test
[INFO ][2015-12-22 18:43:04,860][com.java.SeleniumDriver] [  871] - DataValue : https://clients-xuat.bankersdashboard.com
[INFO ][2015-12-22 18:43:04,860][com.java.SeleniumDriver] [  877] - <In Set values of the page>
[INFO ][2015-12-22 18:43:04,860][com.java.SeleniumDriver] [  880] - {Data Fields & Data Values Exist}
[INFO ][2015-12-22 18:43:04,860][com.java.SeleniumDriver] [  882] - --------------------------setting values-----------------------------
[INFO ][2015-12-22 18:43:04,860][com.java.SeleniumDriver] [  885] - Action Type : OPENURL
[INFO ][2015-12-22 18:43:04,861][com.java.TestType] [ 5596] - value = https://clients-xuat.bankersdashboard.com
[INFO ][2015-12-22 18:43:04,861][com.java.TestType] [  353] - Open URL : https://clients-xuat.bankersdashboard.com
[INFO ][2015-12-22 18:43:12,751][com.java.SeleniumDriver] [  894] -  RESULT true
[INFO ][2015-12-22 18:43:12,751][com.java.SeleniumDriver] [ 1100] - ?   P A S S   ?
[INFO ][2015-12-22 18:43:12,751][com.java.SeleniumDriver] [  821] - ------------------------------------------
[INFO ][2015-12-22 18:43:12,751][com.java.SeleniumDriver] [  822] - Test case being Executed: 18
[INFO ][2015-12-22 18:43:12,751][com.java.SeleniumDriver] [  833] - Test step:21
[INFO ][2015-12-22 18:43:12,751][com.java.SeleniumDriver] [  845] - Datavalue is----------Concept#1:9-16
[INFO ][2015-12-22 18:43:12,751][com.java.SeleniumDriver] [  869] - DataField : test
[INFO ][2015-12-22 18:43:12,751][com.java.SeleniumDriver] [  871] - DataValue : Concept#1:9-16
[INFO ][2015-12-22 18:43:12,751][com.java.SeleniumDriver] [  877] - <In Set values of the page>
[INFO ][2015-12-22 18:43:12,751][com.java.SeleniumDriver] [  880] - {Data Fields & Data Values Exist}
[INFO ][2015-12-22 18:43:12,751][com.java.SeleniumDriver] [  882] - --------------------------setting values-----------------------------
[INFO ][2015-12-22 18:43:12,752][com.java.SeleniumDriver] [  885] - Action Type : ExecuteTestCase
[INFO ][2015-12-22 18:43:12,752][com.java.TestType] [  437] - The Concept sheet name is ---------- Concept
[INFO ][2015-12-22 18:43:12,752][com.java.TestType] [  440] - The Concept ID  is ---------- 1
[DEBUG][2015-12-22 18:43:12,752][com.java.TestType] [  444] - Steps being executted in the Concept are: 9:16
[INFO ][2015-12-22 18:43:12,752][com.java.TestType] [  451] - Test data details path ---------- D:\BankersDashboard\TestInputs\TestData.xls
[INFO ][2015-12-22 18:43:12,782][com.java.TestType] [  482] -  str(1) = 1
[INFO ][2015-12-22 18:43:12,782][com.java.TestType] [  485] - Test case Id is---1
[INFO ][2015-12-22 18:43:12,782][com.java.TestType] [  487] - 1
[INFO ][2015-12-22 18:43:12,782][com.java.TestType] [  482] -  str(2) = 1
[INFO ][2015-12-22 18:43:12,784][com.java.TestType] [  534] - row values are--------{1=com.java.Objects.TestDataDetails@189aea3}
[INFO ][2015-12-22 18:43:12,784][com.java.TestType] [  482] -  str(1) = 1
[INFO ][2015-12-22 18:43:12,784][com.java.TestType] [  485] - Test case Id is---1
[INFO ][2015-12-22 18:43:12,784][com.java.TestType] [  487] - 1
[INFO ][2015-12-22 18:43:12,784][com.java.TestType] [  482] -  str(2) = 2
[INFO ][2015-12-22 18:43:12,785][com.java.TestType] [  534] - row values are--------{1=com.java.Objects.TestDataDetails@189aea3, 2=com.java.Objects.TestDataDetails@d3f034}
[INFO ][2015-12-22 18:43:12,785][com.java.TestType] [  482] -  str(1) = 1
[INFO ][2015-12-22 18:43:12,785][com.java.TestType] [  485] - Test case Id is---1
[INFO ][2015-12-22 18:43:12,785][com.java.TestType] [  487] - 1
[INFO ][2015-12-22 18:43:12,785][com.java.TestType] [  482] -  str(2) = 3
[INFO ][2015-12-22 18:43:12,786][com.java.TestType] [  534] - row values are--------{1=com.java.Objects.TestDataDetails@189aea3, 2=com.java.Objects.TestDataDetails@d3f034, 3=com.java.Objects.TestDataDetails@1de2e31}
[INFO ][2015-12-22 18:43:12,786][com.java.TestType] [  482] -  str(1) = 1
[INFO ][2015-12-22 18:43:12,786][com.java.TestType] [  485] - Test case Id is---1
[INFO ][2015-12-22 18:43:12,786][com.java.TestType] [  487] - 1
[INFO ][2015-12-22 18:43:12,786][com.java.TestType] [  482] -  str(2) = 4
[INFO ][2015-12-22 18:43:12,788][com.java.TestType] [  534] - row values are--------{1=com.java.Objects.TestDataDetails@189aea3, 2=com.java.Objects.TestDataDetails@d3f034, 3=com.java.Objects.TestDataDetails@1de2e31, 4=com.java.Objects.TestDataDetails@1aac3c7}
[INFO ][2015-12-22 18:43:12,788][com.java.TestType] [  482] -  str(1) = 1
[INFO ][2015-12-22 18:43:12,788][com.java.TestType] [  485] - Test case Id is---1
[INFO ][2015-12-22 18:43:12,788][com.java.TestType] [  487] - 1
[INFO ][2015-12-22 18:43:12,788][com.java.TestType] [  482] -  str(2) = 5
[INFO ][2015-12-22 18:43:12,788][com.java.TestType] [  534] - row values are--------{1=com.java.Objects.TestDataDetails@189aea3, 2=com.java.Objects.TestDataDetails@d3f034, 3=com.java.Objects.TestDataDetails@1de2e31, 4=com.java.Objects.TestDataDetails@1aac3c7, 5=com.java.Objects.TestDataDetails@1df600}
[INFO ][2015-12-22 18:43:12,789][com.java.TestType] [  482] -  str(1) = 1
[INFO ][2015-12-22 18:43:12,789][com.java.TestType] [  485] - Test case Id is---1
[INFO ][2015-12-22 18:43:12,789][com.java.TestType] [  487] - 1
[INFO ][2015-12-22 18:43:12,789][com.java.TestType] [  482] -  str(2) = 6
[INFO ][2015-12-22 18:43:12,789][com.java.TestType] [  534] - row values are--------{1=com.java.Objects.TestDataDetails@189aea3, 2=com.java.Objects.TestDataDetails@d3f034, 3=com.java.Objects.TestDataDetails@1de2e31, 4=com.java.Objects.TestDataDetails@1aac3c7, 5=com.java.Objects.TestDataDetails@1df600, 6=com.java.Objects.TestDataDetails@df5f8}
[INFO ][2015-12-22 18:43:12,789][com.java.TestType] [  482] -  str(1) = 1
[INFO ][2015-12-22 18:43:12,790][com.java.TestType] [  485] - Test case Id is---1
[INFO ][2015-12-22 18:43:12,790][com.java.TestType] [  487] - 1
[INFO ][2015-12-22 18:43:12,790][com.java.TestType] [  482] -  str(2) = 7
[INFO ][2015-12-22 18:43:12,790][com.java.TestType] [  534] - row values are--------{1=com.java.Objects.TestDataDetails@189aea3, 2=com.java.Objects.TestDataDetails@d3f034, 3=com.java.Objects.TestDataDetails@1de2e31, 4=com.java.Objects.TestDataDetails@1aac3c7, 5=com.java.Objects.TestDataDetails@1df600, 6=com.java.Objects.TestDataDetails@df5f8, 7=com.java.Objects.TestDataDetails@d47a34}
[INFO ][2015-12-22 18:43:12,790][com.java.TestType] [  482] -  str(1) = 1
[INFO ][2015-12-22 18:43:12,790][com.java.TestType] [  485] - Test case Id is---1
[INFO ][2015-12-22 18:43:12,791][com.java.TestType] [  487] - 1
[INFO ][2015-12-22 18:43:12,791][com.java.TestType] [  482] -  str(2) = 8
[INFO ][2015-12-22 18:43:12,791][com.java.TestType] [  534] - row values are--------{1=com.java.Objects.TestDataDetails@189aea3, 2=com.java.Objects.TestDataDetails@d3f034, 3=com.java.Objects.TestDataDetails@1de2e31, 4=com.java.Objects.TestDataDetails@1aac3c7, 5=com.java.Objects.TestDataDetails@1df600, 6=com.java.Objects.TestDataDetails@df5f8, 7=com.java.Objects.TestDataDetails@d47a34, 8=com.java.Objects.TestDataDetails@1e9cf8b}
[INFO ][2015-12-22 18:43:12,791][com.java.TestType] [  482] -  str(1) = 1
[INFO ][2015-12-22 18:43:12,791][com.java.TestType] [  485] - Test case Id is---1
[INFO ][2015-12-22 18:43:12,791][com.java.TestType] [  487] - 1
[INFO ][2015-12-22 18:43:12,791][com.java.TestType] [  482] -  str(2) = 9
[INFO ][2015-12-22 18:43:12,792][com.java.TestType] [  534] - row values are--------{1=com.java.Objects.TestDataDetails@189aea3, 2=com.java.Objects.TestDataDetails@d3f034, 3=com.java.Objects.TestDataDetails@1de2e31, 4=com.java.Objects.TestDataDetails@1aac3c7, 5=com.java.Objects.TestDataDetails@1df600, 6=com.java.Objects.TestDataDetails@df5f8, 7=com.java.Objects.TestDataDetails@d47a34, 8=com.java.Objects.TestDataDetails@1e9cf8b, 9=com.java.Objects.TestDataDetails@1172f9d}
[INFO ][2015-12-22 18:43:12,792][com.java.TestType] [  482] -  str(1) = 1
[INFO ][2015-12-22 18:43:12,792][com.java.TestType] [  485] - Test case Id is---1
[INFO ][2015-12-22 18:43:12,792][com.java.TestType] [  487] - 1
[INFO ][2015-12-22 18:43:12,792][com.java.TestType] [  482] -  str(2) = 10
[INFO ][2015-12-22 18:43:12,793][com.java.TestType] [  534] - row values are--------{1=com.java.Objects.TestDataDetails@189aea3, 2=com.java.Objects.TestDataDetails@d3f034, 3=com.java.Objects.TestDataDetails@1de2e31, 4=com.java.Objects.TestDataDetails@1aac3c7, 5=com.java.Objects.TestDataDetails@1df600, 6=com.java.Objects.TestDataDetails@df5f8, 7=com.java.Objects.TestDataDetails@d47a34, 8=com.java.Objects.TestDataDetails@1e9cf8b, 9=com.java.Objects.TestDataDetails@1172f9d, 10=com.java.Objects.TestDataDetails@d705bd}
[INFO ][2015-12-22 18:43:12,793][com.java.TestType] [  482] -  str(1) = 1
[INFO ][2015-12-22 18:43:12,793][com.java.TestType] [  485] - Test case Id is---1
[INFO ][2015-12-22 18:43:12,793][com.java.TestType] [  487] - 1
[INFO ][2015-12-22 18:43:12,794][com.java.TestType] [  482] -  str(2) = 11
[INFO ][2015-12-22 18:43:12,795][com.java.TestType] [  534] - row values are--------{1=com.java.Objects.TestDataDetails@189aea3, 2=com.java.Objects.TestDataDetails@d3f034, 3=com.java.Objects.TestDataDetails@1de2e31, 4=com.java.Objects.TestDataDetails@1aac3c7, 5=com.java.Objects.TestDataDetails@1df600, 6=com.java.Objects.TestDataDetails@df5f8, 7=com.java.Objects.TestDataDetails@d47a34, 8=com.java.Objects.TestDataDetails@1e9cf8b, 9=com.java.Objects.TestDataDetails@1172f9d, 10=com.java.Objects.TestDataDetails@d705bd, 11=com.java.Objects.TestDataDetails@180ca68}
[INFO ][2015-12-22 18:43:12,795][com.java.TestType] [  482] -  str(1) = 1
[INFO ][2015-12-22 18:43:12,795][com.java.TestType] [  485] - Test case Id is---1
[INFO ][2015-12-22 18:43:12,795][com.java.TestType] [  487] - 1
[INFO ][2015-12-22 18:43:12,795][com.java.TestType] [  482] -  str(2) = 12
[INFO ][2015-12-22 18:43:12,796][com.java.TestType] [  534] - row values are--------{1=com.java.Objects.TestDataDetails@189aea3, 2=com.java.Objects.TestDataDetails@d3f034, 3=com.java.Objects.TestDataDetails@1de2e31, 4=com.java.Objects.TestDataDetails@1aac3c7, 5=com.java.Objects.TestDataDetails@1df600, 6=com.java.Objects.TestDataDetails@df5f8, 7=com.java.Objects.TestDataDetails@d47a34, 8=com.java.Objects.TestDataDetails@1e9cf8b, 9=com.java.Objects.TestDataDetails@1172f9d, 10=com.java.Objects.TestDataDetails@d705bd, 11=com.java.Objects.TestDataDetails@180ca68, 12=com.java.Objects.TestDataDetails@938d20}
[INFO ][2015-12-22 18:43:12,796][com.java.TestType] [  482] -  str(1) = 1
[INFO ][2015-12-22 18:43:12,796][com.java.TestType] [  485] - Test case Id is---1
[INFO ][2015-12-22 18:43:12,796][com.java.TestType] [  487] - 1
[INFO ][2015-12-22 18:43:12,796][com.java.TestType] [  482] -  str(2) = 13
[INFO ][2015-12-22 18:43:12,797][com.java.TestType] [  534] - row values are--------{1=com.java.Objects.TestDataDetails@189aea3, 2=com.java.Objects.TestDataDetails@d3f034, 3=com.java.Objects.TestDataDetails@1de2e31, 4=com.java.Objects.TestDataDetails@1aac3c7, 5=com.java.Objects.TestDataDetails@1df600, 6=com.java.Objects.TestDataDetails@df5f8, 7=com.java.Objects.TestDataDetails@d47a34, 8=com.java.Objects.TestDataDetails@1e9cf8b, 9=com.java.Objects.TestDataDetails@1172f9d, 10=com.java.Objects.TestDataDetails@d705bd, 11=com.java.Objects.TestDataDetails@180ca68, 12=com.java.Objects.TestDataDetails@938d20, 13=com.java.Objects.TestDataDetails@106eae8}
[INFO ][2015-12-22 18:43:12,797][com.java.TestType] [  482] -  str(1) = 1
[INFO ][2015-12-22 18:43:12,797][com.java.TestType] [  485] - Test case Id is---1
[INFO ][2015-12-22 18:43:12,797][com.java.TestType] [  487] - 1
[INFO ][2015-12-22 18:43:12,797][com.java.TestType] [  482] -  str(2) = 14
[INFO ][2015-12-22 18:43:12,798][com.java.TestType] [  534] - row values are--------{1=com.java.Objects.TestDataDetails@189aea3, 2=com.java.Objects.TestDataDetails@d3f034, 3=com.java.Objects.TestDataDetails@1de2e31, 4=com.java.Objects.TestDataDetails@1aac3c7, 5=com.java.Objects.TestDataDetails@1df600, 6=com.java.Objects.TestDataDetails@df5f8, 7=com.java.Objects.TestDataDetails@d47a34, 8=com.java.Objects.TestDataDetails@1e9cf8b, 9=com.java.Objects.TestDataDetails@1172f9d, 10=com.java.Objects.TestDataDetails@d705bd, 11=com.java.Objects.TestDataDetails@180ca68, 12=com.java.Objects.TestDataDetails@938d20, 13=com.java.Objects.TestDataDetails@106eae8, 14=com.java.Objects.TestDataDetails@1fe4af1}
[INFO ][2015-12-22 18:43:12,798][com.java.TestType] [  482] -  str(1) = 1
[INFO ][2015-12-22 18:43:12,798][com.java.TestType] [  485] - Test case Id is---1
[INFO ][2015-12-22 18:43:12,798][com.java.TestType] [  487] - 1
[INFO ][2015-12-22 18:43:12,798][com.java.TestType] [  482] -  str(2) = 15
[INFO ][2015-12-22 18:43:12,799][com.java.TestType] [  534] - row values are--------{1=com.java.Objects.TestDataDetails@189aea3, 2=com.java.Objects.TestDataDetails@d3f034, 3=com.java.Objects.TestDataDetails@1de2e31, 4=com.java.Objects.TestDataDetails@1aac3c7, 5=com.java.Objects.TestDataDetails@1df600, 6=com.java.Objects.TestDataDetails@df5f8, 7=com.java.Objects.TestDataDetails@d47a34, 8=com.java.Objects.TestDataDetails@1e9cf8b, 9=com.java.Objects.TestDataDetails@1172f9d, 10=com.java.Objects.TestDataDetails@d705bd, 11=com.java.Objects.TestDataDetails@180ca68, 12=com.java.Objects.TestDataDetails@938d20, 13=com.java.Objects.TestDataDetails@106eae8, 14=com.java.Objects.TestDataDetails@1fe4af1, 15=com.java.Objects.TestDataDetails@94ef64}
[INFO ][2015-12-22 18:43:12,799][com.java.TestType] [  482] -  str(1) = 1
[INFO ][2015-12-22 18:43:12,799][com.java.TestType] [  485] - Test case Id is---1
[INFO ][2015-12-22 18:43:12,799][com.java.TestType] [  487] - 1
[INFO ][2015-12-22 18:43:12,799][com.java.TestType] [  482] -  str(2) = 16
[INFO ][2015-12-22 18:43:12,800][com.java.TestType] [  534] - row values are--------{1=com.java.Objects.TestDataDetails@189aea3, 2=com.java.Objects.TestDataDetails@d3f034, 3=com.java.Objects.TestDataDetails@1de2e31, 4=com.java.Objects.TestDataDetails@1aac3c7, 5=com.java.Objects.TestDataDetails@1df600, 6=com.java.Objects.TestDataDetails@df5f8, 7=com.java.Objects.TestDataDetails@d47a34, 8=com.java.Objects.TestDataDetails@1e9cf8b, 9=com.java.Objects.TestDataDetails@1172f9d, 10=com.java.Objects.TestDataDetails@d705bd, 11=com.java.Objects.TestDataDetails@180ca68, 12=com.java.Objects.TestDataDetails@938d20, 13=com.java.Objects.TestDataDetails@106eae8, 14=com.java.Objects.TestDataDetails@1fe4af1, 15=com.java.Objects.TestDataDetails@94ef64, 16=com.java.Objects.TestDataDetails@28a1d}
[INFO ][2015-12-22 18:43:12,800][com.java.TestType] [10274] - Looping 1TCID = 1
[DEBUG][2015-12-22 18:43:12,800][com.java.TestType] [10315] - Concept ID:1 :: Step being Executed: 1::9
[ERROR][2015-12-22 18:43:12,800][com.java.TestType] [10348] - Exception: null
[INFO ][2015-12-22 18:43:12,800][com.java.TestType] [10353] - dataFields : //span[@class='icon-cog2']&&//a[@data-id="UserSettings"]
[DEBUG][2015-12-22 18:43:12,800][com.java.TestType] [10359] - <In Set values of the page>
[DEBUG][2015-12-22 18:43:12,800][com.java.TestType] [10364] - {Data Fields & Data Values Exist}
[INFO ][2015-12-22 18:43:12,801][com.java.TestType] [10370] - --------------------------setting values-----------------------------
[INFO ][2015-12-22 18:43:12,801][com.java.TestType] [10373] - Action Type : MouseOver
[INFO ][2015-12-22 18:43:36,290][com.java.TestType] [10392] -  RESULT true
[INFO ][2015-12-22 18:43:36,290][com.java.TestType] [10509] - ?   P A S S   ?
[DEBUG][2015-12-22 18:43:36,290][com.java.TestType] [10315] - Concept ID:1 :: Step being Executed: 1::10
[INFO ][2015-12-22 18:43:36,290][com.java.TestType] [10353] - dataFields : BTNframeDialogContent
[DEBUG][2015-12-22 18:43:36,290][com.java.TestType] [10359] - <In Set values of the page>
[DEBUG][2015-12-22 18:43:36,290][com.java.TestType] [10364] - {Data Fields & Data Values Exist}
[INFO ][2015-12-22 18:43:36,290][com.java.TestType] [10370] - --------------------------setting values-----------------------------
[INFO ][2015-12-22 18:43:36,290][com.java.TestType] [10373] - Action Type : WaitForElement
[INFO ][2015-12-22 18:43:37,512][com.java.TestType] [10392] -  RESULT true
[INFO ][2015-12-22 18:43:37,512][com.java.TestType] [10509] - ?   P A S S   ?
[DEBUG][2015-12-22 18:43:37,512][com.java.TestType] [10315] - Concept ID:1 :: Step being Executed: 1::11
[INFO ][2015-12-22 18:43:37,512][com.java.TestType] [10353] - dataFields : BTN
[DEBUG][2015-12-22 18:43:37,512][com.java.TestType] [10359] - <In Set values of the page>
[DEBUG][2015-12-22 18:43:37,513][com.java.TestType] [10364] - {Data Fields & Data Values Exist}
[INFO ][2015-12-22 18:43:37,513][com.java.TestType] [10370] - --------------------------setting values-----------------------------
[INFO ][2015-12-22 18:43:37,513][com.java.TestType] [10373] - Action Type : SELECTFRAMEBYNAME
[INFO ][2015-12-22 18:43:37,513][com.java.TestType] [ 5596] - value = frameDialogContent
[INFO ][2015-12-22 18:43:37,584][com.java.TestType] [10392] -  RESULT true
[INFO ][2015-12-22 18:43:37,584][com.java.TestType] [10509] - ?   P A S S   ?
[DEBUG][2015-12-22 18:43:37,584][com.java.TestType] [10315] - Concept ID:1 :: Step being Executed: 1::12
[INFO ][2015-12-22 18:43:37,584][com.java.TestType] [10353] - dataFields : SLBddlOpenBDInNewWindow
[DEBUG][2015-12-22 18:43:37,584][com.java.TestType] [10359] - <In Set values of the page>
[DEBUG][2015-12-22 18:43:37,584][com.java.TestType] [10364] - {Data Fields & Data Values Exist}
[INFO ][2015-12-22 18:43:37,584][com.java.TestType] [10370] - --------------------------setting values-----------------------------
[INFO ][2015-12-22 18:43:37,584][com.java.TestType] [10373] - Action Type : Select
[INFO ][2015-12-22 18:43:37,585][com.java.TestType] [ 5596] - value = No
[INFO ][2015-12-22 18:43:39,916][com.java.TestType] [10392] -  RESULT true
[INFO ][2015-12-22 18:43:39,916][com.java.TestType] [10509] - ?   P A S S   ?
[DEBUG][2015-12-22 18:43:39,916][com.java.TestType] [10315] - Concept ID:1 :: Step being Executed: 1::13
[ERROR][2015-12-22 18:43:39,916][com.java.TestType] [10348] - Exception: null
[INFO ][2015-12-22 18:43:39,916][com.java.TestType] [10353] - dataFields : BTNparent
[DEBUG][2015-12-22 18:43:39,916][com.java.TestType] [10359] - <In Set values of the page>
[DEBUG][2015-12-22 18:43:39,916][com.java.TestType] [10364] - {Data Fields & Data Values Exist}
[INFO ][2015-12-22 18:43:39,917][com.java.TestType] [10370] - --------------------------setting values-----------------------------
[INFO ][2015-12-22 18:43:39,917][com.java.TestType] [10373] - Action Type : SELECTFRAME
[INFO ][2015-12-22 18:43:39,932][com.java.TestType] [10392] -  RESULT true
[INFO ][2015-12-22 18:43:39,932][com.java.TestType] [10509] - ?   P A S S   ?
[DEBUG][2015-12-22 18:43:39,932][com.java.TestType] [10315] - Concept ID:1 :: Step being Executed: 1::14
[ERROR][2015-12-22 18:43:39,932][com.java.TestType] [10348] - Exception: null
[INFO ][2015-12-22 18:43:39,932][com.java.TestType] [10353] - dataFields : BTN//span[text()='Finished']
[DEBUG][2015-12-22 18:43:39,932][com.java.TestType] [10359] - <In Set values of the page>
[DEBUG][2015-12-22 18:43:39,932][com.java.TestType] [10364] - {Data Fields & Data Values Exist}
[INFO ][2015-12-22 18:43:39,933][com.java.TestType] [10370] - --------------------------setting values-----------------------------
[INFO ][2015-12-22 18:43:39,933][com.java.TestType] [10373] - Action Type : Click
[INFO ][2015-12-22 18:43:39,933][com.java.TestType] [ 5975] - Field ::BTN//span[text()='Finished']
[INFO ][2015-12-22 18:43:39,933][com.java.TestType] [ 5596] - value = 
[INFO ][2015-12-22 18:43:40,933][com.java.TestType] [ 6091] - BEFORE CLICK
[INFO ][2015-12-22 18:43:41,420][com.java.TestType] [ 6098] - Unable to click the object Finished button
[INFO ][2015-12-22 18:43:41,420][com.java.TestType] [10392] -  RESULT true
[INFO ][2015-12-22 18:43:41,420][com.java.TestType] [10509] - ?   P A S S   ?
[DEBUG][2015-12-22 18:43:41,420][com.java.TestType] [10315] - Concept ID:1 :: Step being Executed: 1::15
[INFO ][2015-12-22 18:43:41,420][com.java.TestType] [10353] - dataFields : LNK
[DEBUG][2015-12-22 18:43:41,420][com.java.TestType] [10359] - <In Set values of the page>
[DEBUG][2015-12-22 18:43:41,420][com.java.TestType] [10364] - {Data Fields & Data Values Exist}
[INFO ][2015-12-22 18:43:41,420][com.java.TestType] [10370] - --------------------------setting values-----------------------------
[INFO ][2015-12-22 18:43:41,420][com.java.TestType] [10373] - Action Type : Verify
[INFO ][2015-12-22 18:43:41,421][com.java.TestType] [ 6946] - field= LNK value= Logout
[INFO ][2015-12-22 18:43:41,421][com.java.TestType] [ 5596] - value = Logout
[INFO ][2015-12-22 18:43:41,528][com.java.TestType] [10392] -  RESULT true
[INFO ][2015-12-22 18:43:41,528][com.java.TestType] [10509] - ?   P A S S   ?
[DEBUG][2015-12-22 18:43:41,528][com.java.TestType] [10315] - Concept ID:1 :: Step being Executed: 1::16
[INFO ][2015-12-22 18:43:41,528][com.java.TestType] [10353] - dataFields : BTN
[DEBUG][2015-12-22 18:43:41,528][com.java.TestType] [10359] - <In Set values of the page>
[DEBUG][2015-12-22 18:43:41,528][com.java.TestType] [10364] - {Data Fields & Data Values Exist}
[INFO ][2015-12-22 18:43:41,528][com.java.TestType] [10370] - --------------------------setting values-----------------------------
[INFO ][2015-12-22 18:43:41,528][com.java.TestType] [10373] - Action Type : Verify
[INFO ][2015-12-22 18:43:41,528][com.java.TestType] [ 6946] - field= BTN value= //img[contains(@src,'bdlogo.jpg')]
[INFO ][2015-12-22 18:43:41,529][com.java.TestType] [ 5596] - value = //img[contains(@src,'bdlogo.jpg')]
[INFO ][2015-12-22 18:43:41,681][com.java.TestType] [10392] -  RESULT true
[INFO ][2015-12-22 18:43:41,682][com.java.TestType] [10509] - ?   P A S S   ?
[INFO ][2015-12-22 18:43:41,682][com.java.TestType] [10580] - Looping End......
[INFO ][2015-12-22 18:43:41,685][com.java.SeleniumDriver] [  894] -  RESULT true
[INFO ][2015-12-22 18:43:41,686][com.java.SeleniumDriver] [ 1100] - ?   P A S S   ?
[INFO ][2015-12-22 18:43:41,686][com.java.SeleniumDriver] [  821] - ------------------------------------------
[INFO ][2015-12-22 18:43:41,686][com.java.SeleniumDriver] [  822] - Test case being Executed: 18
[INFO ][2015-12-22 18:43:41,686][com.java.SeleniumDriver] [  833] - Test step:22
[INFO ][2015-12-22 18:43:41,686][com.java.SeleniumDriver] [  845] - Datavalue is----------Concept#3:1-2
[INFO ][2015-12-22 18:43:41,686][com.java.SeleniumDriver] [  869] - DataField : test
[INFO ][2015-12-22 18:43:41,686][com.java.SeleniumDriver] [  871] - DataValue : Concept#3:1-2
[INFO ][2015-12-22 18:43:41,686][com.java.SeleniumDriver] [  877] - <In Set values of the page>
[INFO ][2015-12-22 18:43:41,686][com.java.SeleniumDriver] [  880] - {Data Fields & Data Values Exist}
[INFO ][2015-12-22 18:43:41,686][com.java.SeleniumDriver] [  882] - --------------------------setting values-----------------------------
[INFO ][2015-12-22 18:43:41,686][com.java.SeleniumDriver] [  885] - Action Type : ExecuteTestCase
[INFO ][2015-12-22 18:43:41,686][com.java.TestType] [  437] - The Concept sheet name is ---------- Concept
[INFO ][2015-12-22 18:43:41,686][com.java.TestType] [  440] - The Concept ID  is ---------- 3
[DEBUG][2015-12-22 18:43:41,687][com.java.TestType] [  444] - Steps being executted in the Concept are: 1:2
[INFO ][2015-12-22 18:43:41,687][com.java.TestType] [  451] - Test data details path ---------- D:\BankersDashboard\TestInputs\TestData.xls
[INFO ][2015-12-22 18:43:41,720][com.java.TestType] [  482] -  str(1) = 3
[INFO ][2015-12-22 18:43:41,720][com.java.TestType] [  485] - Test case Id is---3
[INFO ][2015-12-22 18:43:41,720][com.java.TestType] [  487] - 3
[INFO ][2015-12-22 18:43:41,720][com.java.TestType] [  482] -  str(2) = 1
[INFO ][2015-12-22 18:43:41,722][com.java.TestType] [  534] - row values are--------{1=com.java.Objects.TestDataDetails@2b417f}
[INFO ][2015-12-22 18:43:41,722][com.java.TestType] [  482] -  str(1) = 3
[INFO ][2015-12-22 18:43:41,722][com.java.TestType] [  485] - Test case Id is---3
[INFO ][2015-12-22 18:43:41,722][com.java.TestType] [  487] - 3
[INFO ][2015-12-22 18:43:41,722][com.java.TestType] [  482] -  str(2) = 2
[INFO ][2015-12-22 18:43:41,723][com.java.TestType] [  534] - row values are--------{1=com.java.Objects.TestDataDetails@2b417f, 2=com.java.Objects.TestDataDetails@69bf9}
[INFO ][2015-12-22 18:43:41,723][com.java.TestType] [10274] - Looping 1TCID = 3
[DEBUG][2015-12-22 18:43:41,723][com.java.TestType] [10315] - Concept ID:3 :: Step being Executed: 3::1
[INFO ][2015-12-22 18:43:41,723][com.java.TestType] [10353] - dataFields : test
[DEBUG][2015-12-22 18:43:41,723][com.java.TestType] [10359] - <In Set values of the page>
[DEBUG][2015-12-22 18:43:41,723][com.java.TestType] [10364] - {Data Fields & Data Values Exist}
[INFO ][2015-12-22 18:43:41,724][com.java.TestType] [10370] - --------------------------setting values-----------------------------
[INFO ][2015-12-22 18:43:41,724][com.java.TestType] [10373] - Action Type : Logout
[INFO ][2015-12-22 18:43:44,494][com.java.TestType] [ 5975] - Field ::CNF
[INFO ][2015-12-22 18:43:44,494][com.java.TestType] [ 5596] - value = OK
[ERROR][2015-12-22 18:43:45,510][com.java.TestType] [ 6286] - Exception in click:: Unable to get browser (WARNING: The server did not provide any stacktrace information)
Command duration or timeout: 15 milliseconds
Build info: version: '2.48.2', revision: '41bccdd', time: '2015-10-09 19:59:12'
System info: host: 'FVTIII438F1D', ip: '172.17.68.34', os.name: 'Windows 7', os.arch: 'x86', os.version: '6.1', java.version: '1.7.0_55'
Session ID: ef86b5a6-28c3-4371-a720-701a9a44b703
Driver info: org.openqa.selenium.ie.InternetExplorerDriver
Capabilities [{platform=WINDOWS, javascriptEnabled=true, elementScrollBehavior=0, ignoreZoomSetting=false, enablePersistentHover=true, ie.ensureCleanSession=false, browserName=internet explorer, enableElementCacheCleanup=true, unexpectedAlertBehaviour=dismiss, version=10, ie.usePerProcessProxy=false, ignoreProtectedModeSettings=true, cssSelectorsEnabled=true, requireWindowFocus=false, initialBrowserUrl=http://localhost:21071/, handlesAlerts=true, ie.forceCreateProcessApi=false, nativeEvents=true, browserAttachTimeout=0, ie.browserCommandLineSwitches=, takesScreenshot=true}]
[INFO ][2015-12-22 18:43:45,510][com.java.TestType] [ 6290] - Element :::: not found
[DEBUG][2015-12-22 18:43:46,683][com.java.SeleniumDriver] [  426] - Hub ip address is-------172.17.68.34
[INFO ][2015-12-22 18:43:46,683][com.java.SeleniumDriver] [  452] - Grid URL:http://172.17.68.34:4444/wd/hub
[INFO ][2015-12-22 18:43:46,683][com.java.SeleniumDriver] [  453] - Capability:Capabilities [{platform=ANY, ensureCleanSession=true, ignoreProtectedModeSettings=true, acceptSslCerts=true, ignoreZoomSetting=true, browserName=internet explorer, browserstack.ie.noFlash=true, version=null}]
[ERROR][2015-12-22 18:43:47,695][com.java.SeleniumDriver] [  497] - Unable invoke browser in grid:Could not start a new session. Possible causes are invalid address of the remote server or browser start-up failure.
Build info: version: '2.48.2', revision: '41bccdd', time: '2015-10-09 19:59:12'
System info: host: 'FVTIII438F1D', ip: '172.17.68.34', os.name: 'Windows 7', os.arch: 'x86', os.version: '6.1', java.version: '1.7.0_55'
Driver info: driver.version: SeleniumDriver
[INFO ][2015-12-22 18:43:47,696][com.java.SeleniumDriver] [  499] - Executing on local machine
[INFO ][2015-12-22 18:43:57,844][com.java.TestType] [10392] -  RESULT true
[INFO ][2015-12-22 18:43:57,844][com.java.TestType] [10509] - ?   P A S S   ?
[DEBUG][2015-12-22 18:43:57,844][com.java.TestType] [10315] - Concept ID:3 :: Step being Executed: 3::2
[INFO ][2015-12-22 18:43:57,844][com.java.TestType] [10353] - dataFields : test
[DEBUG][2015-12-22 18:43:57,844][com.java.TestType] [10359] - <In Set values of the page>
[DEBUG][2015-12-22 18:43:57,844][com.java.TestType] [10364] - {Data Fields & Data Values Exist}
[INFO ][2015-12-22 18:43:57,844][com.java.TestType] [10370] - --------------------------setting values-----------------------------
[INFO ][2015-12-22 18:43:57,844][com.java.TestType] [10373] - Action Type : WaitTime
[DEBUG][2015-12-22 18:43:57,844][com.java.TestType] [ 5416] - sleepTime: 2000
[INFO ][2015-12-22 18:43:59,846][com.java.TestType] [10392] -  RESULT true
[INFO ][2015-12-22 18:43:59,846][com.java.TestType] [10509] - ?   P A S S   ?
[INFO ][2015-12-22 18:43:59,847][com.java.TestType] [10580] - Looping End......
[INFO ][2015-12-22 18:43:59,850][com.java.SeleniumDriver] [  894] -  RESULT true
[INFO ][2015-12-22 18:43:59,850][com.java.SeleniumDriver] [ 1100] - ?   P A S S   ?
[INFO ][2015-12-22 18:43:59,851][com.java.SeleniumDriver] [  821] - ------------------------------------------
[INFO ][2015-12-22 18:43:59,851][com.java.SeleniumDriver] [  822] - Test case being Executed: 18
[INFO ][2015-12-22 18:43:59,851][com.java.SeleniumDriver] [  833] - Test step:23
[INFO ][2015-12-22 18:43:59,851][com.java.SeleniumDriver] [  845] - Datavalue is----------10
[INFO ][2015-12-22 18:43:59,851][com.java.SeleniumDriver] [  869] - DataField : LNKLogout
[INFO ][2015-12-22 18:43:59,851][com.java.SeleniumDriver] [  871] - DataValue : 10
[INFO ][2015-12-22 18:43:59,851][com.java.SeleniumDriver] [  877] - <In Set values of the page>
[INFO ][2015-12-22 18:43:59,851][com.java.SeleniumDriver] [  880] - {Data Fields & Data Values Exist}
[INFO ][2015-12-22 18:43:59,851][com.java.SeleniumDriver] [  882] - --------------------------setting values-----------------------------
[INFO ][2015-12-22 18:43:59,851][com.java.SeleniumDriver] [  885] - Action Type : WaitTime
[DEBUG][2015-12-22 18:43:59,851][com.java.TestType] [ 5416] - sleepTime: 10000
[INFO ][2015-12-22 18:44:09,852][com.java.SeleniumDriver] [  894] -  RESULT true
[INFO ][2015-12-22 18:44:09,852][com.java.SeleniumDriver] [ 1100] - ?   P A S S   ?
[INFO ][2015-12-22 18:44:09,852][com.java.SeleniumDriver] [  821] - ------------------------------------------
[INFO ][2015-12-22 18:44:09,852][com.java.SeleniumDriver] [  822] - Test case being Executed: 18
[INFO ][2015-12-22 18:44:09,852][com.java.SeleniumDriver] [  833] - Test step:24
[INFO ][2015-12-22 18:44:09,852][com.java.SeleniumDriver] [  845] - Datavalue is----------null
[DEBUG][2015-12-22 18:44:09,852][com.java.SeleniumDriver] [  863] - Exception: null
[INFO ][2015-12-22 18:44:09,852][com.java.SeleniumDriver] [  869] - DataField : CHK//div[@id="loginbox"]//input[@ng-click='vm.rememberMe()']
[INFO ][2015-12-22 18:44:09,852][com.java.SeleniumDriver] [  871] - DataValue : 
[INFO ][2015-12-22 18:44:09,852][com.java.SeleniumDriver] [  877] - <In Set values of the page>
[INFO ][2015-12-22 18:44:09,852][com.java.SeleniumDriver] [  880] - {Data Fields & Data Values Exist}
[INFO ][2015-12-22 18:44:09,853][com.java.SeleniumDriver] [  882] - --------------------------setting values-----------------------------
[INFO ][2015-12-22 18:44:09,853][com.java.SeleniumDriver] [  885] - Action Type : Check
[INFO ][2015-12-22 18:44:11,020][com.java.SeleniumDriver] [  894] -  RESULT true
[INFO ][2015-12-22 18:44:11,020][com.java.SeleniumDriver] [ 1100] - ?   P A S S   ?
[INFO ][2015-12-22 18:44:11,020][com.java.SeleniumDriver] [  821] - ------------------------------------------
[INFO ][2015-12-22 18:44:11,020][com.java.SeleniumDriver] [  822] - Test case being Executed: 18
[INFO ][2015-12-22 18:44:11,021][com.java.SeleniumDriver] [  833] - Test step:25
[INFO ][2015-12-22 18:44:11,021][com.java.SeleniumDriver] [  845] - Datavalue is----------Concept#1:2-4
[INFO ][2015-12-22 18:44:11,021][com.java.SeleniumDriver] [  869] - DataField : test
[INFO ][2015-12-22 18:44:11,021][com.java.SeleniumDriver] [  871] - DataValue : Concept#1:2-4
[INFO ][2015-12-22 18:44:11,021][com.java.SeleniumDriver] [  877] - <In Set values of the page>
[INFO ][2015-12-22 18:44:11,021][com.java.SeleniumDriver] [  880] - {Data Fields & Data Values Exist}
[INFO ][2015-12-22 18:44:11,021][com.java.SeleniumDriver] [  882] - --------------------------setting values-----------------------------
[INFO ][2015-12-22 18:44:11,021][com.java.SeleniumDriver] [  885] - Action Type : ExecuteTestCase
[INFO ][2015-12-22 18:44:11,021][com.java.TestType] [  437] - The Concept sheet name is ---------- Concept
[INFO ][2015-12-22 18:44:11,021][com.java.TestType] [  440] - The Concept ID  is ---------- 1
[DEBUG][2015-12-22 18:44:11,021][com.java.TestType] [  444] - Steps being executted in the Concept are: 2:4
[INFO ][2015-12-22 18:44:11,022][com.java.TestType] [  451] - Test data details path ---------- D:\BankersDashboard\TestInputs\TestData.xls
[INFO ][2015-12-22 18:44:11,051][com.java.TestType] [  482] -  str(1) = 1
[INFO ][2015-12-22 18:44:11,052][com.java.TestType] [  485] - Test case Id is---1
[INFO ][2015-12-22 18:44:11,052][com.java.TestType] [  487] - 1
[INFO ][2015-12-22 18:44:11,052][com.java.TestType] [  482] -  str(2) = 1
[INFO ][2015-12-22 18:44:11,053][com.java.TestType] [  534] - row values are--------{1=com.java.Objects.TestDataDetails@84350}
[INFO ][2015-12-22 18:44:11,053][com.java.TestType] [  482] -  str(1) = 1
[INFO ][2015-12-22 18:44:11,054][com.java.TestType] [  485] - Test case Id is---1
[INFO ][2015-12-22 18:44:11,054][com.java.TestType] [  487] - 1
[INFO ][2015-12-22 18:44:11,054][com.java.TestType] [  482] -  str(2) = 2
[INFO ][2015-12-22 18:44:11,054][com.java.TestType] [  534] - row values are--------{1=com.java.Objects.TestDataDetails@84350, 2=com.java.Objects.TestDataDetails@2b17b5}
[INFO ][2015-12-22 18:44:11,054][com.java.TestType] [  482] -  str(1) = 1
[INFO ][2015-12-22 18:44:11,055][com.java.TestType] [  485] - Test case Id is---1
[INFO ][2015-12-22 18:44:11,055][com.java.TestType] [  487] - 1
[INFO ][2015-12-22 18:44:11,055][com.java.TestType] [  482] -  str(2) = 3
[INFO ][2015-12-22 18:44:11,055][com.java.TestType] [  534] - row values are--------{1=com.java.Objects.TestDataDetails@84350, 2=com.java.Objects.TestDataDetails@2b17b5, 3=com.java.Objects.TestDataDetails@37faea}
[INFO ][2015-12-22 18:44:11,055][com.java.TestType] [  482] -  str(1) = 1
[INFO ][2015-12-22 18:44:11,055][com.java.TestType] [  485] - Test case Id is---1
[INFO ][2015-12-22 18:44:11,055][com.java.TestType] [  487] - 1
[INFO ][2015-12-22 18:44:11,056][com.java.TestType] [  482] -  str(2) = 4
[INFO ][2015-12-22 18:44:11,056][com.java.TestType] [  534] - row values are--------{1=com.java.Objects.TestDataDetails@84350, 2=com.java.Objects.TestDataDetails@2b17b5, 3=com.java.Objects.TestDataDetails@37faea, 4=com.java.Objects.TestDataDetails@c270ff}
[INFO ][2015-12-22 18:44:11,056][com.java.TestType] [  482] -  str(1) = 1
[INFO ][2015-12-22 18:44:11,056][com.java.TestType] [  485] - Test case Id is---1
[INFO ][2015-12-22 18:44:11,056][com.java.TestType] [  487] - 1
[INFO ][2015-12-22 18:44:11,056][com.java.TestType] [  482] -  str(2) = 5
[INFO ][2015-12-22 18:44:11,058][com.java.TestType] [  534] - row values are--------{1=com.java.Objects.TestDataDetails@84350, 2=com.java.Objects.TestDataDetails@2b17b5, 3=com.java.Objects.TestDataDetails@37faea, 4=com.java.Objects.TestDataDetails@c270ff, 5=com.java.Objects.TestDataDetails@517449}
[INFO ][2015-12-22 18:44:11,058][com.java.TestType] [  482] -  str(1) = 1
[INFO ][2015-12-22 18:44:11,058][com.java.TestType] [  485] - Test case Id is---1
[INFO ][2015-12-22 18:44:11,058][com.java.TestType] [  487] - 1
[INFO ][2015-12-22 18:44:11,058][com.java.TestType] [  482] -  str(2) = 6
[INFO ][2015-12-22 18:44:11,059][com.java.TestType] [  534] - row values are--------{1=com.java.Objects.TestDataDetails@84350, 2=com.java.Objects.TestDataDetails@2b17b5, 3=com.java.Objects.TestDataDetails@37faea, 4=com.java.Objects.TestDataDetails@c270ff, 5=com.java.Objects.TestDataDetails@517449, 6=com.java.Objects.TestDataDetails@1850626}
[INFO ][2015-12-22 18:44:11,059][com.java.TestType] [  482] -  str(1) = 1
[INFO ][2015-12-22 18:44:11,059][com.java.TestType] [  485] - Test case Id is---1
[INFO ][2015-12-22 18:44:11,059][com.java.TestType] [  487] - 1
[INFO ][2015-12-22 18:44:11,059][com.java.TestType] [  482] -  str(2) = 7
[INFO ][2015-12-22 18:44:11,059][com.java.TestType] [  534] - row values are--------{1=com.java.Objects.TestDataDetails@84350, 2=com.java.Objects.TestDataDetails@2b17b5, 3=com.java.Objects.TestDataDetails@37faea, 4=com.java.Objects.TestDataDetails@c270ff, 5=com.java.Objects.TestDataDetails@517449, 6=com.java.Objects.TestDataDetails@1850626, 7=com.java.Objects.TestDataDetails@56bc05}
[INFO ][2015-12-22 18:44:11,060][com.java.TestType] [  482] -  str(1) = 1
[INFO ][2015-12-22 18:44:11,060][com.java.TestType] [  485] - Test case Id is---1
[INFO ][2015-12-22 18:44:11,060][com.java.TestType] [  487] - 1
[INFO ][2015-12-22 18:44:11,060][com.java.TestType] [  482] -  str(2) = 8
[INFO ][2015-12-22 18:44:11,060][com.java.TestType] [  534] - row values are--------{1=com.java.Objects.TestDataDetails@84350, 2=com.java.Objects.TestDataDetails@2b17b5, 3=com.java.Objects.TestDataDetails@37faea, 4=com.java.Objects.TestDataDetails@c270ff, 5=com.java.Objects.TestDataDetails@517449, 6=com.java.Objects.TestDataDetails@1850626, 7=com.java.Objects.TestDataDetails@56bc05, 8=com.java.Objects.TestDataDetails@659a05}
[INFO ][2015-12-22 18:44:11,060][com.java.TestType] [  482] -  str(1) = 1
[INFO ][2015-12-22 18:44:11,061][com.java.TestType] [  485] - Test case Id is---1
[INFO ][2015-12-22 18:44:11,061][com.java.TestType] [  487] - 1
[INFO ][2015-12-22 18:44:11,061][com.java.TestType] [  482] -  str(2) = 9
[INFO ][2015-12-22 18:44:11,061][com.java.TestType] [  534] - row values are--------{1=com.java.Objects.TestDataDetails@84350, 2=com.java.Objects.TestDataDetails@2b17b5, 3=com.java.Objects.TestDataDetails@37faea, 4=com.java.Objects.TestDataDetails@c270ff, 5=com.java.Objects.TestDataDetails@517449, 6=com.java.Objects.TestDataDetails@1850626, 7=com.java.Objects.TestDataDetails@56bc05, 8=com.java.Objects.TestDataDetails@659a05, 9=com.java.Objects.TestDataDetails@71a6de}
[INFO ][2015-12-22 18:44:11,061][com.java.TestType] [  482] -  str(1) = 1
[INFO ][2015-12-22 18:44:11,061][com.java.TestType] [  485] - Test case Id is---1
[INFO ][2015-12-22 18:44:11,061][com.java.TestType] [  487] - 1
[INFO ][2015-12-22 18:44:11,062][com.java.TestType] [  482] -  str(2) = 10
[INFO ][2015-12-22 18:44:11,062][com.java.TestType] [  534] - row values are--------{1=com.java.Objects.TestDataDetails@84350, 2=com.java.Objects.TestDataDetails@2b17b5, 3=com.java.Objects.TestDataDetails@37faea, 4=com.java.Objects.TestDataDetails@c270ff, 5=com.java.Objects.TestDataDetails@517449, 6=com.java.Objects.TestDataDetails@1850626, 7=com.java.Objects.TestDataDetails@56bc05, 8=com.java.Objects.TestDataDetails@659a05, 9=com.java.Objects.TestDataDetails@71a6de, 10=com.java.Objects.TestDataDetails@135701c}
[INFO ][2015-12-22 18:44:11,062][com.java.TestType] [  482] -  str(1) = 1
[INFO ][2015-12-22 18:44:11,062][com.java.TestType] [  485] - Test case Id is---1
[INFO ][2015-12-22 18:44:11,062][com.java.TestType] [  487] - 1
[INFO ][2015-12-22 18:44:11,062][com.java.TestType] [  482] -  str(2) = 11
[INFO ][2015-12-22 18:44:11,063][com.java.TestType] [  534] - row values are--------{1=com.java.Objects.TestDataDetails@84350, 2=com.java.Objects.TestDataDetails@2b17b5, 3=com.java.Objects.TestDataDetails@37faea, 4=com.java.Objects.TestDataDetails@c270ff, 5=com.java.Objects.TestDataDetails@517449, 6=com.java.Objects.TestDataDetails@1850626, 7=com.java.Objects.TestDataDetails@56bc05, 8=com.java.Objects.TestDataDetails@659a05, 9=com.java.Objects.TestDataDetails@71a6de, 10=com.java.Objects.TestDataDetails@135701c, 11=com.java.Objects.TestDataDetails@78a54f}
[INFO ][2015-12-22 18:44:11,063][com.java.TestType] [  482] -  str(1) = 1
[INFO ][2015-12-22 18:44:11,063][com.java.TestType] [  485] - Test case Id is---1
[INFO ][2015-12-22 18:44:11,063][com.java.TestType] [  487] - 1
[INFO ][2015-12-22 18:44:11,063][com.java.TestType] [  482] -  str(2) = 12
[INFO ][2015-12-22 18:44:11,064][com.java.TestType] [  534] - row values are--------{1=com.java.Objects.TestDataDetails@84350, 2=com.java.Objects.TestDataDetails@2b17b5, 3=com.java.Objects.TestDataDetails@37faea, 4=com.java.Objects.TestDataDetails@c270ff, 5=com.java.Objects.TestDataDetails@517449, 6=com.java.Objects.TestDataDetails@1850626, 7=com.java.Objects.TestDataDetails@56bc05, 8=com.java.Objects.TestDataDetails@659a05, 9=com.java.Objects.TestDataDetails@71a6de, 10=com.java.Objects.TestDataDetails@135701c, 11=com.java.Objects.TestDataDetails@78a54f, 12=com.java.Objects.TestDataDetails@308385}
[INFO ][2015-12-22 18:44:11,064][com.java.TestType] [  482] -  str(1) = 1
[INFO ][2015-12-22 18:44:11,064][com.java.TestType] [  485] - Test case Id is---1
[INFO ][2015-12-22 18:44:11,064][com.java.TestType] [  487] - 1
[INFO ][2015-12-22 18:44:11,064][com.java.TestType] [  482] -  str(2) = 13
[INFO ][2015-12-22 18:44:11,065][com.java.TestType] [  534] - row values are--------{1=com.java.Objects.TestDataDetails@84350, 2=com.java.Objects.TestDataDetails@2b17b5, 3=com.java.Objects.TestDataDetails@37faea, 4=com.java.Objects.TestDataDetails@c270ff, 5=com.java.Objects.TestDataDetails@517449, 6=com.java.Objects.TestDataDetails@1850626, 7=com.java.Objects.TestDataDetails@56bc05, 8=com.java.Objects.TestDataDetails@659a05, 9=com.java.Objects.TestDataDetails@71a6de, 10=com.java.Objects.TestDataDetails@135701c, 11=com.java.Objects.TestDataDetails@78a54f, 12=com.java.Objects.TestDataDetails@308385, 13=com.java.Objects.TestDataDetails@5ef387}
[INFO ][2015-12-22 18:44:11,065][com.java.TestType] [  482] -  str(1) = 1
[INFO ][2015-12-22 18:44:11,066][com.java.TestType] [  485] - Test case Id is---1
[INFO ][2015-12-22 18:44:11,066][com.java.TestType] [  487] - 1
[INFO ][2015-12-22 18:44:11,066][com.java.TestType] [  482] -  str(2) = 14
[INFO ][2015-12-22 18:44:11,066][com.java.TestType] [  534] - row values are--------{1=com.java.Objects.TestDataDetails@84350, 2=com.java.Objects.TestDataDetails@2b17b5, 3=com.java.Objects.TestDataDetails@37faea, 4=com.java.Objects.TestDataDetails@c270ff, 5=com.java.Objects.TestDataDetails@517449, 6=com.java.Objects.TestDataDetails@1850626, 7=com.java.Objects.TestDataDetails@56bc05, 8=com.java.Objects.TestDataDetails@659a05, 9=com.java.Objects.TestDataDetails@71a6de, 10=com.java.Objects.TestDataDetails@135701c, 11=com.java.Objects.TestDataDetails@78a54f, 12=com.java.Objects.TestDataDetails@308385, 13=com.java.Objects.TestDataDetails@5ef387, 14=com.java.Objects.TestDataDetails@3cf3cb}
[INFO ][2015-12-22 18:44:11,066][com.java.TestType] [  482] -  str(1) = 1
[INFO ][2015-12-22 18:44:11,066][com.java.TestType] [  485] - Test case Id is---1
[INFO ][2015-12-22 18:44:11,066][com.java.TestType] [  487] - 1
[INFO ][2015-12-22 18:44:11,067][com.java.TestType] [  482] -  str(2) = 15
[INFO ][2015-12-22 18:44:11,067][com.java.TestType] [  534] - row values are--------{1=com.java.Objects.TestDataDetails@84350, 2=com.java.Objects.TestDataDetails@2b17b5, 3=com.java.Objects.TestDataDetails@37faea, 4=com.java.Objects.TestDataDetails@c270ff, 5=com.java.Objects.TestDataDetails@517449, 6=com.java.Objects.TestDataDetails@1850626, 7=com.java.Objects.TestDataDetails@56bc05, 8=com.java.Objects.TestDataDetails@659a05, 9=com.java.Objects.TestDataDetails@71a6de, 10=com.java.Objects.TestDataDetails@135701c, 11=com.java.Objects.TestDataDetails@78a54f, 12=com.java.Objects.TestDataDetails@308385, 13=com.java.Objects.TestDataDetails@5ef387, 14=com.java.Objects.TestDataDetails@3cf3cb, 15=com.java.Objects.TestDataDetails@13aecf9}
[INFO ][2015-12-22 18:44:11,067][com.java.TestType] [  482] -  str(1) = 1
[INFO ][2015-12-22 18:44:11,067][com.java.TestType] [  485] - Test case Id is---1
[INFO ][2015-12-22 18:44:11,067][com.java.TestType] [  487] - 1
[INFO ][2015-12-22 18:44:11,067][com.java.TestType] [  482] -  str(2) = 16
[INFO ][2015-12-22 18:44:11,068][com.java.TestType] [  534] - row values are--------{1=com.java.Objects.TestDataDetails@84350, 2=com.java.Objects.TestDataDetails@2b17b5, 3=com.java.Objects.TestDataDetails@37faea, 4=com.java.Objects.TestDataDetails@c270ff, 5=com.java.Objects.TestDataDetails@517449, 6=com.java.Objects.TestDataDetails@1850626, 7=com.java.Objects.TestDataDetails@56bc05, 8=com.java.Objects.TestDataDetails@659a05, 9=com.java.Objects.TestDataDetails@71a6de, 10=com.java.Objects.TestDataDetails@135701c, 11=com.java.Objects.TestDataDetails@78a54f, 12=com.java.Objects.TestDataDetails@308385, 13=com.java.Objects.TestDataDetails@5ef387, 14=com.java.Objects.TestDataDetails@3cf3cb, 15=com.java.Objects.TestDataDetails@13aecf9, 16=com.java.Objects.TestDataDetails@1a4f310}
[INFO ][2015-12-22 18:44:11,068][com.java.TestType] [10274] - Looping 1TCID = 1
[DEBUG][2015-12-22 18:44:11,068][com.java.TestType] [10315] - Concept ID:1 :: Step being Executed: 1::2
[INFO ][2015-12-22 18:44:11,068][com.java.TestType] [10353] - dataFields : TXTpassword
[DEBUG][2015-12-22 18:44:11,068][com.java.TestType] [10359] - <In Set values of the page>
[DEBUG][2015-12-22 18:44:11,069][com.java.TestType] [10364] - {Data Fields & Data Values Exist}
[INFO ][2015-12-22 18:44:11,069][com.java.TestType] [10370] - --------------------------setting values-----------------------------
[INFO ][2015-12-22 18:44:11,069][com.java.TestType] [10373] - Action Type : CLEARANDENTER
[INFO ][2015-12-22 18:44:11,069][com.java.TestType] [ 5596] - value = Password1*
[INFO ][2015-12-22 18:44:15,891][com.java.TestType] [10392] -  RESULT true
[INFO ][2015-12-22 18:44:15,891][com.java.TestType] [10509] - ?   P A S S   ?
[DEBUG][2015-12-22 18:44:15,891][com.java.TestType] [10315] - Concept ID:1 :: Step being Executed: 1::3
[ERROR][2015-12-22 18:44:15,891][com.java.TestType] [10348] - Exception: null
[INFO ][2015-12-22 18:44:15,891][com.java.TestType] [10353] - dataFields : XPH//button[@type='submit']
[DEBUG][2015-12-22 18:44:15,891][com.java.TestType] [10359] - <In Set values of the page>
[DEBUG][2015-12-22 18:44:15,891][com.java.TestType] [10364] - {Data Fields & Data Values Exist}
[INFO ][2015-12-22 18:44:15,892][com.java.TestType] [10370] - --------------------------setting values-----------------------------
[INFO ][2015-12-22 18:44:15,892][com.java.TestType] [10373] - Action Type : Click
[INFO ][2015-12-22 18:44:15,892][com.java.TestType] [ 5975] - Field ::XPH//button[@type='submit']
[INFO ][2015-12-22 18:44:15,892][com.java.TestType] [ 5596] - value = 
[INFO ][2015-12-22 18:44:16,892][com.java.TestType] [ 6112] - BEFORE CLICK
[INFO ][2015-12-22 18:44:17,702][com.java.TestType] [ 6120] - Unable to click the object Login
[INFO ][2015-12-22 18:44:17,702][com.java.TestType] [10392] -  RESULT true
[INFO ][2015-12-22 18:44:17,702][com.java.TestType] [10509] - ?   P A S S   ?
[DEBUG][2015-12-22 18:44:17,702][com.java.TestType] [10315] - Concept ID:1 :: Step being Executed: 1::4
[INFO ][2015-12-22 18:44:17,702][com.java.TestType] [10353] - dataFields : LNKLogout
[DEBUG][2015-12-22 18:44:17,702][com.java.TestType] [10359] - <In Set values of the page>
[DEBUG][2015-12-22 18:44:17,702][com.java.TestType] [10364] - {Data Fields & Data Values Exist}
[INFO ][2015-12-22 18:44:17,702][com.java.TestType] [10370] - --------------------------setting values-----------------------------
[INFO ][2015-12-22 18:44:17,702][com.java.TestType] [10373] - Action Type : WaitForElement
[INFO ][2015-12-22 18:44:21,272][com.java.TestType] [10392] -  RESULT true
[INFO ][2015-12-22 18:44:21,272][com.java.TestType] [10509] - ?   P A S S   ?
[INFO ][2015-12-22 18:44:21,272][com.java.TestType] [10580] - Looping End......
[INFO ][2015-12-22 18:44:21,276][com.java.SeleniumDriver] [  894] -  RESULT true
[INFO ][2015-12-22 18:44:21,276][com.java.SeleniumDriver] [ 1100] - ?   P A S S   ?
[INFO ][2015-12-22 18:44:21,276][com.java.SeleniumDriver] [  821] - ------------------------------------------
[INFO ][2015-12-22 18:44:21,276][com.java.SeleniumDriver] [  822] - Test case being Executed: 18
[INFO ][2015-12-22 18:44:21,276][com.java.SeleniumDriver] [  833] - Test step:26
[INFO ][2015-12-22 18:44:21,276][com.java.SeleniumDriver] [  845] - Datavalue is----------10
[INFO ][2015-12-22 18:44:21,276][com.java.SeleniumDriver] [  869] - DataField : LNKLogout
[INFO ][2015-12-22 18:44:21,276][com.java.SeleniumDriver] [  871] - DataValue : 10
[INFO ][2015-12-22 18:44:21,276][com.java.SeleniumDriver] [  877] - <In Set values of the page>
[INFO ][2015-12-22 18:44:21,276][com.java.SeleniumDriver] [  880] - {Data Fields & Data Values Exist}
[INFO ][2015-12-22 18:44:21,276][com.java.SeleniumDriver] [  882] - --------------------------setting values-----------------------------
[INFO ][2015-12-22 18:44:21,276][com.java.SeleniumDriver] [  885] - Action Type : WaitTime
[DEBUG][2015-12-22 18:44:21,277][com.java.TestType] [ 5416] - sleepTime: 10000
[INFO ][2015-12-22 18:44:31,278][com.java.SeleniumDriver] [  894] -  RESULT true
[INFO ][2015-12-22 18:44:31,278][com.java.SeleniumDriver] [ 1100] - ?   P A S S   ?
[INFO ][2015-12-22 18:44:31,278][com.java.SeleniumDriver] [  821] - ------------------------------------------
[INFO ][2015-12-22 18:44:31,278][com.java.SeleniumDriver] [  822] - Test case being Executed: 18
[INFO ][2015-12-22 18:44:31,278][com.java.SeleniumDriver] [  833] - Test step:27
[INFO ][2015-12-22 18:44:31,278][com.java.SeleniumDriver] [  845] - Datavalue is----------Banker'sDashboard
[INFO ][2015-12-22 18:44:31,278][com.java.SeleniumDriver] [  869] - DataField : TTL
[INFO ][2015-12-22 18:44:31,278][com.java.SeleniumDriver] [  871] - DataValue : Banker'sDashboard
[INFO ][2015-12-22 18:44:31,278][com.java.SeleniumDriver] [  877] - <In Set values of the page>
[INFO ][2015-12-22 18:44:31,278][com.java.SeleniumDriver] [  880] - {Data Fields & Data Values Exist}
[INFO ][2015-12-22 18:44:31,278][com.java.SeleniumDriver] [  882] - --------------------------setting values-----------------------------
[INFO ][2015-12-22 18:44:31,278][com.java.SeleniumDriver] [  885] - Action Type : SelectWindow
[INFO ][2015-12-22 18:44:43,473][com.java.SeleniumDriver] [  894] -  RESULT true
[INFO ][2015-12-22 18:44:43,473][com.java.SeleniumDriver] [ 1100] - ?   P A S S   ?
[INFO ][2015-12-22 18:44:43,473][com.java.SeleniumDriver] [  821] - ------------------------------------------
[INFO ][2015-12-22 18:44:43,473][com.java.SeleniumDriver] [  822] - Test case being Executed: 18
[INFO ][2015-12-22 18:44:43,473][com.java.SeleniumDriver] [  833] - Test step:28
[INFO ][2015-12-22 18:44:43,473][com.java.SeleniumDriver] [  845] - Datavalue is----------test
[INFO ][2015-12-22 18:44:43,473][com.java.SeleniumDriver] [  869] - DataField : test
[INFO ][2015-12-22 18:44:43,473][com.java.SeleniumDriver] [  871] - DataValue : test
[INFO ][2015-12-22 18:44:43,473][com.java.SeleniumDriver] [  877] - <In Set values of the page>
[INFO ][2015-12-22 18:44:43,473][com.java.SeleniumDriver] [  880] - {Data Fields & Data Values Exist}
[INFO ][2015-12-22 18:44:43,474][com.java.SeleniumDriver] [  882] - --------------------------setting values-----------------------------
[INFO ][2015-12-22 18:44:43,474][com.java.SeleniumDriver] [  885] - Action Type : CLEARBROWSERCACHE
[INFO ][2015-12-22 18:44:48,559][com.java.SeleniumDriver] [  894] -  RESULT true
[INFO ][2015-12-22 18:44:48,559][com.java.SeleniumDriver] [ 1100] - ?   P A S S   ?
[INFO ][2015-12-22 18:44:48,559][com.java.SeleniumDriver] [  821] - ------------------------------------------
[INFO ][2015-12-22 18:44:48,559][com.java.SeleniumDriver] [  822] - Test case being Executed: 18
[INFO ][2015-12-22 18:44:48,559][com.java.SeleniumDriver] [  833] - Test step:29
[INFO ][2015-12-22 18:44:48,559][com.java.SeleniumDriver] [  845] - Datavalue is----------Concept#3:1-2
[INFO ][2015-12-22 18:44:48,560][com.java.SeleniumDriver] [  869] - DataField : test
[INFO ][2015-12-22 18:44:48,560][com.java.SeleniumDriver] [  871] - DataValue : Concept#3:1-2
[INFO ][2015-12-22 18:44:48,560][com.java.SeleniumDriver] [  877] - <In Set values of the page>
[INFO ][2015-12-22 18:44:48,560][com.java.SeleniumDriver] [  880] - {Data Fields & Data Values Exist}
[INFO ][2015-12-22 18:44:48,560][com.java.SeleniumDriver] [  882] - --------------------------setting values-----------------------------
[INFO ][2015-12-22 18:44:48,560][com.java.SeleniumDriver] [  885] - Action Type : ExecuteTestCase
[INFO ][2015-12-22 18:44:48,560][com.java.TestType] [  437] - The Concept sheet name is ---------- Concept
[INFO ][2015-12-22 18:44:48,560][com.java.TestType] [  440] - The Concept ID  is ---------- 3
[DEBUG][2015-12-22 18:44:48,560][com.java.TestType] [  444] - Steps being executted in the Concept are: 1:2
[INFO ][2015-12-22 18:44:48,560][com.java.TestType] [  451] - Test data details path ---------- D:\BankersDashboard\TestInputs\TestData.xls
[INFO ][2015-12-22 18:44:48,588][com.java.TestType] [  482] -  str(1) = 3
[INFO ][2015-12-22 18:44:48,589][com.java.TestType] [  485] - Test case Id is---3
[INFO ][2015-12-22 18:44:48,589][com.java.TestType] [  487] - 3
[INFO ][2015-12-22 18:44:48,589][com.java.TestType] [  482] -  str(2) = 1
[INFO ][2015-12-22 18:44:48,590][com.java.TestType] [  534] - row values are--------{1=com.java.Objects.TestDataDetails@1a8a86a}
[INFO ][2015-12-22 18:44:48,590][com.java.TestType] [  482] -  str(1) = 3
[INFO ][2015-12-22 18:44:48,590][com.java.TestType] [  485] - Test case Id is---3
[INFO ][2015-12-22 18:44:48,591][com.java.TestType] [  487] - 3
[INFO ][2015-12-22 18:44:48,591][com.java.TestType] [  482] -  str(2) = 2
[INFO ][2015-12-22 18:44:48,591][com.java.TestType] [  534] - row values are--------{1=com.java.Objects.TestDataDetails@1a8a86a, 2=com.java.Objects.TestDataDetails@5c48bc}
[INFO ][2015-12-22 18:44:48,591][com.java.TestType] [10274] - Looping 1TCID = 3
[DEBUG][2015-12-22 18:44:48,591][com.java.TestType] [10315] - Concept ID:3 :: Step being Executed: 3::1
[INFO ][2015-12-22 18:44:48,592][com.java.TestType] [10353] - dataFields : test
[DEBUG][2015-12-22 18:44:48,592][com.java.TestType] [10359] - <In Set values of the page>
[DEBUG][2015-12-22 18:44:48,592][com.java.TestType] [10364] - {Data Fields & Data Values Exist}
[INFO ][2015-12-22 18:44:48,592][com.java.TestType] [10370] - --------------------------setting values-----------------------------
[INFO ][2015-12-22 18:44:48,592][com.java.TestType] [10373] - Action Type : Logout
[INFO ][2015-12-22 18:44:50,917][com.java.TestType] [ 5975] - Field ::CNF
[INFO ][2015-12-22 18:44:50,917][com.java.TestType] [ 5596] - value = OK
[INFO ][2015-12-22 18:44:53,230][com.java.TestType] [ 6108] - Click the object confirmation
[INFO ][2015-12-22 18:44:53,230][com.java.TestType] [ 6109] - Unable to click the object confirmation
[DEBUG][2015-12-22 18:44:54,358][com.java.SeleniumDriver] [  426] - Hub ip address is-------172.17.68.34
[INFO ][2015-12-22 18:44:54,358][com.java.SeleniumDriver] [  452] - Grid URL:http://172.17.68.34:4444/wd/hub
[INFO ][2015-12-22 18:44:54,358][com.java.SeleniumDriver] [  453] - Capability:Capabilities [{platform=ANY, ensureCleanSession=true, ignoreProtectedModeSettings=true, acceptSslCerts=true, ignoreZoomSetting=true, browserName=internet explorer, browserstack.ie.noFlash=true, version=null}]
[ERROR][2015-12-22 18:44:55,361][com.java.SeleniumDriver] [  497] - Unable invoke browser in grid:Could not start a new session. Possible causes are invalid address of the remote server or browser start-up failure.
Build info: version: '2.48.2', revision: '41bccdd', time: '2015-10-09 19:59:12'
System info: host: 'FVTIII438F1D', ip: '172.17.68.34', os.name: 'Windows 7', os.arch: 'x86', os.version: '6.1', java.version: '1.7.0_55'
Driver info: driver.version: SeleniumDriver
[INFO ][2015-12-22 18:44:55,361][com.java.SeleniumDriver] [  499] - Executing on local machine
[INFO ][2015-12-22 18:45:05,671][com.java.TestType] [10392] -  RESULT true
[INFO ][2015-12-22 18:45:05,671][com.java.TestType] [10509] - ?   P A S S   ?
[DEBUG][2015-12-22 18:45:05,671][com.java.TestType] [10315] - Concept ID:3 :: Step being Executed: 3::2
[INFO ][2015-12-22 18:45:05,671][com.java.TestType] [10353] - dataFields : test
[DEBUG][2015-12-22 18:45:05,671][com.java.TestType] [10359] - <In Set values of the page>
[DEBUG][2015-12-22 18:45:05,671][com.java.TestType] [10364] - {Data Fields & Data Values Exist}
[INFO ][2015-12-22 18:45:05,671][com.java.TestType] [10370] - --------------------------setting values-----------------------------
[INFO ][2015-12-22 18:45:05,672][com.java.TestType] [10373] - Action Type : WaitTime
[DEBUG][2015-12-22 18:45:05,672][com.java.TestType] [ 5416] - sleepTime: 2000
[INFO ][2015-12-22 18:45:07,672][com.java.TestType] [10392] -  RESULT true
[INFO ][2015-12-22 18:45:07,672][com.java.TestType] [10509] - ?   P A S S   ?
[INFO ][2015-12-22 18:45:07,672][com.java.TestType] [10580] - Looping End......
[INFO ][2015-12-22 18:45:07,675][com.java.SeleniumDriver] [  894] -  RESULT true
[INFO ][2015-12-22 18:45:07,676][com.java.SeleniumDriver] [ 1100] - ?   P A S S   ?
[INFO ][2015-12-22 18:45:07,676][com.java.SeleniumDriver] [  821] - ------------------------------------------
[INFO ][2015-12-22 18:45:07,676][com.java.SeleniumDriver] [  822] - Test case being Executed: 18
[INFO ][2015-12-22 18:45:07,676][com.java.SeleniumDriver] [  833] - Test step:30
[INFO ][2015-12-22 18:45:07,676][com.java.SeleniumDriver] [  845] - Datavalue is----------//input[@ng-model="vm.rememberUsername"]
[INFO ][2015-12-22 18:45:07,676][com.java.SeleniumDriver] [  869] - DataField : SLT
[INFO ][2015-12-22 18:45:07,676][com.java.SeleniumDriver] [  871] - DataValue : //input[@ng-model="vm.rememberUsername"]
[INFO ][2015-12-22 18:45:07,676][com.java.SeleniumDriver] [  877] - <In Set values of the page>
[INFO ][2015-12-22 18:45:07,676][com.java.SeleniumDriver] [  880] - {Data Fields & Data Values Exist}
[INFO ][2015-12-22 18:45:07,676][com.java.SeleniumDriver] [  882] - --------------------------setting values-----------------------------
[INFO ][2015-12-22 18:45:07,676][com.java.SeleniumDriver] [  885] - Action Type : Verify
[INFO ][2015-12-22 18:45:07,678][com.java.TestType] [ 6946] - field= SLT value= //input[@ng-model="vm.rememberUsername"]
[INFO ][2015-12-22 18:45:07,678][com.java.TestType] [ 5596] - value = //input[@ng-model="vm.rememberUsername"]
[INFO ][2015-12-22 18:45:07,784][com.java.SeleniumDriver] [  894] -  RESULT true
[INFO ][2015-12-22 18:45:07,784][com.java.SeleniumDriver] [ 1100] - ?   P A S S   ?
[DEBUG][2015-12-22 18:45:07,784][com.java.SeleniumDriver] [ 1212] - Case found
[DEBUG][2015-12-22 18:45:07,784][com.java.SeleniumDriver] [ 1217] - Incrementing ReportCounters[0]:1
[INFO ][2015-12-22 18:45:07,784][com.java.SeleniumDriver] [ 1236] - The results are-------------------[18, 1, BD-LOGIN: Disable Autocomplete HTML - No Save, Logout & Close Browser, Pass, , Tue Dec 22 18:39:47 IST 2015, 18, 3, BD-LOGIN: Disable Autocomplete HTML - No Save, Logout & Close Browser, Pass, , Tue Dec 22 18:39:57 IST 2015, 18, 4, BD-LOGIN: Disable Autocomplete HTML - No Save, Logout & Close Browser, Pass, , Tue Dec 22 18:39:58 IST 2015, 18, 5, BD-LOGIN: Disable Autocomplete HTML - No Save, Logout & Close Browser, Pass, , Tue Dec 22 18:40:00 IST 2015, 18, 6, BD-LOGIN: Disable Autocomplete HTML - No Save, Logout & Close Browser, Pass, , Tue Dec 22 18:40:08 IST 2015, 18, 7, BD-LOGIN: Disable Autocomplete HTML - No Save, Logout & Close Browser, Pass, , Tue Dec 22 18:40:31 IST 2015, 18, 8, BD-LOGIN: Disable Autocomplete HTML - No Save, Logout & Close Browser, Pass, , Tue Dec 22 18:40:32 IST 2015, 18, 9, BD-LOGIN: Disable Autocomplete HTML - No Save, Logout & Close Browser, Pass, , Tue Dec 22 18:40:32 IST 2015, 18, 10, BD-LOGIN: Disable Autocomplete HTML - No Save, Logout & Close Browser, Pass, , Tue Dec 22 18:40:33 IST 2015, 18, 11, BD-LOGIN: Disable Autocomplete HTML - No Save, Logout & Close Browser, Pass, , Tue Dec 22 18:40:36 IST 2015, 18, 12, BD-LOGIN: Disable Autocomplete HTML - No Save, Logout & Close Browser, Pass, , Tue Dec 22 18:40:36 IST 2015, 18, 13, BD-LOGIN: Disable Autocomplete HTML - No Save, Logout & Close Browser, Pass, , Tue Dec 22 18:40:37 IST 2015, 18, 14, BD-LOGIN: Disable Autocomplete HTML - No Save, Logout & Close Browser, Pass, , Tue Dec 22 18:40:37 IST 2015, 18, 15, BD-LOGIN: Disable Autocomplete HTML - No Save, Logout & Close Browser, Pass, , Tue Dec 22 18:40:38 IST 2015, 18, 16, BD-LOGIN: Disable Autocomplete HTML - No Save, Logout & Close Browser, Pass, , Tue Dec 22 18:40:57 IST 2015, 18, 17, BD-LOGIN: Disable Autocomplete HTML - No Save, Logout & Close Browser, Pass, , Tue Dec 22 18:42:42 IST 2015, 18, 18, BD-LOGIN: Disable Autocomplete HTML - No Save, Logout & Close Browser, Pass, , Tue Dec 22 18:42:54 IST 2015, 18, 19, BD-LOGIN: Disable Autocomplete HTML - No Save, Logout & Close Browser, Pass, , Tue Dec 22 18:43:04 IST 2015, 18, 20, BD-LOGIN: Disable Autocomplete HTML - No Save, Logout & Close Browser, Pass, , Tue Dec 22 18:43:12 IST 2015, 18, 21, BD-LOGIN: Disable Autocomplete HTML - No Save, Logout & Close Browser, Pass, , Tue Dec 22 18:43:41 IST 2015, 18, 22, BD-LOGIN: Disable Autocomplete HTML - No Save, Logout & Close Browser, Pass, , Tue Dec 22 18:43:59 IST 2015, 18, 23, BD-LOGIN: Disable Autocomplete HTML - No Save, Logout & Close Browser, Pass, , Tue Dec 22 18:44:09 IST 2015, 18, 24, BD-LOGIN: Disable Autocomplete HTML - No Save, Logout & Close Browser, Pass, , Tue Dec 22 18:44:11 IST 2015, 18, 25, BD-LOGIN: Disable Autocomplete HTML - No Save, Logout & Close Browser, Pass, , Tue Dec 22 18:44:21 IST 2015, 18, 26, BD-LOGIN: Disable Autocomplete HTML - No Save, Logout & Close Browser, Pass, , Tue Dec 22 18:44:31 IST 2015, 18, 27, BD-LOGIN: Disable Autocomplete HTML - No Save, Logout & Close Browser, Pass, , Tue Dec 22 18:44:43 IST 2015, 18, 28, BD-LOGIN: Disable Autocomplete HTML - No Save, Logout & Close Browser, Pass, , Tue Dec 22 18:44:48 IST 2015, 18, 29, BD-LOGIN: Disable Autocomplete HTML - No Save, Logout & Close Browser, Pass, , Tue Dec 22 18:45:07 IST 2015, 18, 30, BD-LOGIN: Disable Autocomplete HTML - No Save, Logout & Close Browser, Pass, , Tue Dec 22 18:45:07 IST 2015]
[INFO ][2015-12-22 18:45:07,784][com.java.SeleniumDriver] [ 1240] - End time is-------6 min 29 sec
[INFO ][2015-12-22 18:45:07,784][com.java.SeleniumDriver] [ 1241] - The results are-------------------[18, 1, BD-LOGIN: Disable Autocomplete HTML - No Save, Logout & Close Browser, Pass, , Tue Dec 22 18:39:47 IST 2015, 18, 3, BD-LOGIN: Disable Autocomplete HTML - No Save, Logout & Close Browser, Pass, , Tue Dec 22 18:39:57 IST 2015, 18, 4, BD-LOGIN: Disable Autocomplete HTML - No Save, Logout & Close Browser, Pass, , Tue Dec 22 18:39:58 IST 2015, 18, 5, BD-LOGIN: Disable Autocomplete HTML - No Save, Logout & Close Browser, Pass, , Tue Dec 22 18:40:00 IST 2015, 18, 6, BD-LOGIN: Disable Autocomplete HTML - No Save, Logout & Close Browser, Pass, , Tue Dec 22 18:40:08 IST 2015, 18, 7, BD-LOGIN: Disable Autocomplete HTML - No Save, Logout & Close Browser, Pass, , Tue Dec 22 18:40:31 IST 2015, 18, 8, BD-LOGIN: Disable Autocomplete HTML - No Save, Logout & Close Browser, Pass, , Tue Dec 22 18:40:32 IST 2015, 18, 9, BD-LOGIN: Disable Autocomplete HTML - No Save, Logout & Close Browser, Pass, , Tue Dec 22 18:40:32 IST 2015, 18, 10, BD-LOGIN: Disable Autocomplete HTML - No Save, Logout & Close Browser, Pass, , Tue Dec 22 18:40:33 IST 2015, 18, 11, BD-LOGIN: Disable Autocomplete HTML - No Save, Logout & Close Browser, Pass, , Tue Dec 22 18:40:36 IST 2015, 18, 12, BD-LOGIN: Disable Autocomplete HTML - No Save, Logout & Close Browser, Pass, , Tue Dec 22 18:40:36 IST 2015, 18, 13, BD-LOGIN: Disable Autocomplete HTML - No Save, Logout & Close Browser, Pass, , Tue Dec 22 18:40:37 IST 2015, 18, 14, BD-LOGIN: Disable Autocomplete HTML - No Save, Logout & Close Browser, Pass, , Tue Dec 22 18:40:37 IST 2015, 18, 15, BD-LOGIN: Disable Autocomplete HTML - No Save, Logout & Close Browser, Pass, , Tue Dec 22 18:40:38 IST 2015, 18, 16, BD-LOGIN: Disable Autocomplete HTML - No Save, Logout & Close Browser, Pass, , Tue Dec 22 18:40:57 IST 2015, 18, 17, BD-LOGIN: Disable Autocomplete HTML - No Save, Logout & Close Browser, Pass, , Tue Dec 22 18:42:42 IST 2015, 18, 18, BD-LOGIN: Disable Autocomplete HTML - No Save, Logout & Close Browser, Pass, , Tue Dec 22 18:42:54 IST 2015, 18, 19, BD-LOGIN: Disable Autocomplete HTML - No Save, Logout & Close Browser, Pass, , Tue Dec 22 18:43:04 IST 2015, 18, 20, BD-LOGIN: Disable Autocomplete HTML - No Save, Logout & Close Browser, Pass, , Tue Dec 22 18:43:12 IST 2015, 18, 21, BD-LOGIN: Disable Autocomplete HTML - No Save, Logout & Close Browser, Pass, , Tue Dec 22 18:43:41 IST 2015, 18, 22, BD-LOGIN: Disable Autocomplete HTML - No Save, Logout & Close Browser, Pass, , Tue Dec 22 18:43:59 IST 2015, 18, 23, BD-LOGIN: Disable Autocomplete HTML - No Save, Logout & Close Browser, Pass, , Tue Dec 22 18:44:09 IST 2015, 18, 24, BD-LOGIN: Disable Autocomplete HTML - No Save, Logout & Close Browser, Pass, , Tue Dec 22 18:44:11 IST 2015, 18, 25, BD-LOGIN: Disable Autocomplete HTML - No Save, Logout & Close Browser, Pass, , Tue Dec 22 18:44:21 IST 2015, 18, 26, BD-LOGIN: Disable Autocomplete HTML - No Save, Logout & Close Browser, Pass, , Tue Dec 22 18:44:31 IST 2015, 18, 27, BD-LOGIN: Disable Autocomplete HTML - No Save, Logout & Close Browser, Pass, , Tue Dec 22 18:44:43 IST 2015, 18, 28, BD-LOGIN: Disable Autocomplete HTML - No Save, Logout & Close Browser, Pass, , Tue Dec 22 18:44:48 IST 2015, 18, 29, BD-LOGIN: Disable Autocomplete HTML - No Save, Logout & Close Browser, Pass, , Tue Dec 22 18:45:07 IST 2015, 18, 30, BD-LOGIN: Disable Autocomplete HTML - No Save, Logout & Close Browser, Pass, , Tue Dec 22 18:45:07 IST 2015]
[DEBUG][2015-12-22 18:45:07,785][com.java.ImportnExport.ExportTestResultsExcel] [  222] - testResultPath = D:\BankersDashboard/TestReports/Test Results_BankersDashBoard_122215_183840_IE10_Bank of North Carolina.xls
[DEBUG][2015-12-22 18:45:07,785][com.java.ImportnExport.ExportTestResultsExcel] [  223] - browser is------------IE10
[DEBUG][2015-12-22 18:45:07,830][com.java.ImportnExport.ExportTestResultsExcel] [  270] - result.size() = 174
[DEBUG][2015-12-22 18:45:07,831][com.java.ImportnExport.ExportTestResultsExcel] [  274] - No of rows in sheet=1
[DEBUG][2015-12-22 18:45:07,831][com.java.ImportnExport.ExportTestResultsExcel] [  301] - ..in export..18
[DEBUG][2015-12-22 18:45:07,831][com.java.ImportnExport.ExportTestResultsExcel] [  301] - ..in export..BD-LOGIN: Disable Autocomplete HTML - No Save, Logout & Close Browser
[DEBUG][2015-12-22 18:45:07,831][com.java.ImportnExport.ExportTestResultsExcel] [  301] - ..in export..Pass
[DEBUG][2015-12-22 18:45:07,831][com.java.ImportnExport.ExportTestResultsExcel] [  301] - ..in export..
[DEBUG][2015-12-22 18:45:07,831][com.java.ImportnExport.ExportTestResultsExcel] [  301] - ..in export..Tue Dec 22 18:39:47 IST 2015
[INFO ][2015-12-22 18:45:07,833][com.java.SeleniumDriver] [ 1299] - out loop:0 size:1 TestCases:[18] testcases:[18]
[INFO ][2015-12-22 18:45:09,834][com.java.SeleniumDriver] [ 1342] - Total Number of Cases:1
[INFO ][2015-12-22 18:45:09,834][com.java.TemplateGenerator] [  302] - Executed:1
[INFO ][2015-12-22 18:45:09,834][com.java.TemplateGenerator] [  303] - Passed:1
[INFO ][2015-12-22 18:45:09,834][com.java.TemplateGenerator] [  304] - Failed:0
[INFO ][2015-12-22 18:45:09,834][com.java.TemplateGenerator] [  305] - Skipeed:0
[INFO ][2015-12-22 18:45:09,834][com.java.TemplateGenerator] [  306] - Application URL:https://clients-xuat.bankersdashboard.com
[INFO ][2015-12-22 18:45:09,834][com.java.TemplateGenerator] [  307] - Start Time:122215_183840
[INFO ][2015-12-22 18:45:09,834][com.java.TemplateGenerator] [  308] -  Creating HTML Report 
[ERROR][2015-12-22 18:45:09,835][com.java.TemplateGenerator] [  409] - Unparseable date: "Tue Dec 22 06:38:40 IST 2015"
[INFO ][2015-12-22 18:45:09,835][com.java.TemplateGenerator] [  654] -  Exporting case :: 18
[INFO ][2015-12-22 18:45:09,843][com.java.SeleniumDriver] [ 1391] - End Time:122215_184509
[INFO ][2015-12-22 18:45:09,843][com.java.SeleniumDriver] [ 1394] - Data in Test Execution Details:{18=PASS}
[INFO ][2015-12-22 18:45:09,843][com.java.SeleniumDriver] [ 1395] - Data in Failed Execution Deatils:{}
[INFO ][2015-12-22 18:45:09,843][com.java.SeleniumDriver] [ 1397] - ReportCounter:Total:1 :: PASS: 1 ::FAIL: 0
[INFO ][2015-12-22 18:45:09,843][com.java.SeleniumDriver] [ 1398] - FailedReportCounter:Total:0 :: PASS: 0 ::FAIL: 0
[INFO ][2015-12-22 18:45:09,849][com.java.EmailTestReport] [   63] - Sending report mail details:
[INFO ][2015-12-22 18:45:09,850][com.java.EmailTestReport] [   80] - Excel Report Path:D:\BankersDashboard/TestReports/Test Results_BankersDashBoard_122215_183840_IE10_Bank of North Carolina.xls
[INFO ][2015-12-22 18:45:09,850][com.java.EmailTestReport] [   81] - HTML Report Path:D:\BankersDashboard//TestReports//Test Results_BankersDashBoard_122215_183840_IE10_Bank of North Carolina.html
[INFO ][2015-12-22 18:45:09,850][com.java.EmailTestReport] [   82] - smtpHostName:mail01.valuelabs.com
[INFO ][2015-12-22 18:45:09,850][com.java.EmailTestReport] [   83] - Recipient:venkateswararao.gubbala@valuelabs.com;
[INFO ][2015-12-22 18:45:09,850][com.java.EmailTestReport] [   84] - From:venkateswararao.gubbala@valuelabs.com;
[INFO ][2015-12-22 18:45:09,850][com.java.EmailTestReport] [   85] - Subject:Deluxe Corp Bankers Dashboard Automation Test Report - Bank of North Carolina - IE10
[INFO ][2015-12-22 18:45:09,867][com.java.EmailTestReport] [  143] -  Added venkateswararao.gubbala@valuelabs.com
[INFO ][2015-12-22 18:45:12,977][com.java.SeleniumDriver] [  720] - quitting the browser 
[INFO ][2015-12-22 18:45:14,097][com.java.SeleniumDriver] [  264] - Execution Completed Stopping the thread
