[INFO ][2015-12-22 18:17:52,668][com.java.SeleniumDriver] [  213] - Execute Failed Casesfalse
[INFO ][2015-12-22 18:17:52,668][com.java.SeleniumDriver] [  214] - Browser: IE10
[INFO ][2015-12-22 18:17:52,668][com.java.SeleniumDriver] [  215] - [17]
[INFO ][2015-12-22 18:17:52,668][com.java.SeleniumDriver] [  216] - Total TestCases:1
[INFO ][2015-12-22 18:17:52,669][com.java.SeleniumDriver] [  217] -  Reading Properties from Property File 
[DEBUG][2015-12-22 18:17:52,669][com.java.SeleniumDriver] [  238] - url : https://clients-xuat.bankersdashboard.com
[INFO ][2015-12-22 18:17:52,670][com.java.ImportnExport.ExportTestResultsExcel] [  116] - Time Stamp Tue Dec 22 06:17:52 IST 2015
[INFO ][2015-12-22 18:17:52,670][com.java.ImportnExport.ExportTestResultsExcel] [  175] - OUT FILE : D:\BankersDashboard/TestReports/Test Results_BankersDashBoard_122215_181752_IE10_Bank of North Carolina.xls
[INFO ][2015-12-22 18:17:52,700][com.java.ImportnExport.ExportTestResultsExcel] [  180] - Test Result file is created
[DEBUG][2015-12-22 18:17:52,805][com.java.SeleniumDriver] [  426] - Hub ip address is-------172.17.68.34
[INFO ][2015-12-22 18:17:52,806][com.java.SeleniumDriver] [  452] - Grid URL:http://172.17.68.34:4444/wd/hub
[INFO ][2015-12-22 18:17:52,806][com.java.SeleniumDriver] [  453] - Capability:Capabilities [{platform=ANY, ensureCleanSession=true, ignoreProtectedModeSettings=true, acceptSslCerts=true, ignoreZoomSetting=true, browserName=internet explorer, browserstack.ie.noFlash=true, version=null}]
[ERROR][2015-12-22 18:17:54,128][com.java.SeleniumDriver] [  497] - Unable invoke browser in grid:Could not start a new session. Possible causes are invalid address of the remote server or browser start-up failure.
Build info: version: '2.48.2', revision: '41bccdd', time: '2015-10-09 19:59:12'
System info: host: 'FVTIII438F1D', ip: '172.17.68.34', os.name: 'Windows 7', os.arch: 'x86', os.version: '6.1', java.version: '1.7.0_55'
Driver info: driver.version: SeleniumDriver
[INFO ][2015-12-22 18:17:54,128][com.java.SeleniumDriver] [  499] - Executing on local machine
[INFO ][2015-12-22 18:18:04,700][com.java.SeleniumDriver] [  248] - IE10is opened
[INFO ][2015-12-22 18:18:05,546][com.java.SeleniumDriver] [  754] - Test cases to be executed are: [17]
[INFO ][2015-12-22 18:18:05,565][com.java.ImportnExport.ImportTestDataDetailsExcel] [   49] - test data details path===== D:\BankersDashboard\TestInputs\TestData.xls
[INFO ][2015-12-22 18:18:05,671][com.java.SeleniumDriver] [  821] - ------------------------------------------
[INFO ][2015-12-22 18:18:05,673][com.java.SeleniumDriver] [  822] - Test case being Executed: 17
[INFO ][2015-12-22 18:18:05,673][com.java.SeleniumDriver] [  833] - Test step:1
[INFO ][2015-12-22 18:18:05,674][com.java.SeleniumDriver] [  845] - Datavalue is----------Logout
[INFO ][2015-12-22 18:18:05,674][com.java.SeleniumDriver] [  869] - DataField : BTN
[INFO ][2015-12-22 18:18:05,674][com.java.SeleniumDriver] [  871] - DataValue : Logout
[INFO ][2015-12-22 18:18:05,674][com.java.SeleniumDriver] [  877] - <In Set values of the page>
[INFO ][2015-12-22 18:18:05,674][com.java.SeleniumDriver] [  880] - {Data Fields & Data Values Exist}
[INFO ][2015-12-22 18:18:05,674][com.java.SeleniumDriver] [  882] - --------------------------setting values-----------------------------
[INFO ][2015-12-22 18:18:05,674][com.java.SeleniumDriver] [  885] - Action Type : Verify
[INFO ][2015-12-22 18:18:05,692][com.java.TestType] [ 6946] - field= BTN value= Logout
[INFO ][2015-12-22 18:18:05,693][com.java.TestType] [ 5596] - value = Logout
[DEBUG][2015-12-22 18:18:41,764][com.java.TestType] [ 6607] - Logout   :: Element not Found
[ERROR][2015-12-22 18:18:58,791][com.java.TestType] [ 7659] - Assertion Error: 
[INFO ][2015-12-22 18:18:58,791][com.java.SeleniumDriver] [  894] -  RESULT false
[INFO ][2015-12-22 18:18:58,791][com.java.SeleniumDriver] [  941] - ?   F A I L   ?
[INFO ][2015-12-22 18:18:58,791][com.java.SeleniumDriver] [  949] - Browser Type : IE10
[INFO ][2015-12-22 18:18:58,791][com.java.SeleniumDriver] [  950] - Adding Failed case17
[DEBUG][2015-12-22 18:18:59,416][com.java.SeleniumDriver] [ 1018] -  tdd.getCondition() IF:Next:3
[INFO ][2015-12-22 18:18:59,416][com.java.SeleniumDriver] [ 1027] - step change to 3
[INFO ][2015-12-22 18:18:59,418][com.java.SeleniumDriver] [  821] - ------------------------------------------
[INFO ][2015-12-22 18:18:59,418][com.java.SeleniumDriver] [  822] - Test case being Executed: 17
[INFO ][2015-12-22 18:18:59,418][com.java.SeleniumDriver] [  833] - Test step:3
[INFO ][2015-12-22 18:18:59,418][com.java.SeleniumDriver] [  845] - Datavalue is----------Concept#1:1-2
[INFO ][2015-12-22 18:18:59,418][com.java.SeleniumDriver] [  869] - DataField : test
[INFO ][2015-12-22 18:18:59,419][com.java.SeleniumDriver] [  871] - DataValue : Concept#1:1-2
[INFO ][2015-12-22 18:18:59,419][com.java.SeleniumDriver] [  877] - <In Set values of the page>
[INFO ][2015-12-22 18:18:59,419][com.java.SeleniumDriver] [  880] - {Data Fields & Data Values Exist}
[INFO ][2015-12-22 18:18:59,419][com.java.SeleniumDriver] [  882] - --------------------------setting values-----------------------------
[INFO ][2015-12-22 18:18:59,419][com.java.SeleniumDriver] [  885] - Action Type : ExecuteTestCase
[INFO ][2015-12-22 18:18:59,419][com.java.TestType] [  437] - The Concept sheet name is ---------- Concept
[INFO ][2015-12-22 18:18:59,419][com.java.TestType] [  440] - The Concept ID  is ---------- 1
[DEBUG][2015-12-22 18:18:59,419][com.java.TestType] [  444] - Steps being executted in the Concept are: 1:2
[INFO ][2015-12-22 18:18:59,419][com.java.TestType] [  451] - Test data details path ---------- D:\BankersDashboard\TestInputs\TestData.xls
[INFO ][2015-12-22 18:18:59,449][com.java.TestType] [  482] -  str(1) = 1
[INFO ][2015-12-22 18:18:59,449][com.java.TestType] [  485] - Test case Id is---1
[INFO ][2015-12-22 18:18:59,449][com.java.TestType] [  487] - 1
[INFO ][2015-12-22 18:18:59,450][com.java.TestType] [  482] -  str(2) = 1
[INFO ][2015-12-22 18:18:59,451][com.java.TestType] [  534] - row values are--------{1=com.java.Objects.TestDataDetails@b2a8c}
[INFO ][2015-12-22 18:18:59,451][com.java.TestType] [  482] -  str(1) = 1
[INFO ][2015-12-22 18:18:59,452][com.java.TestType] [  485] - Test case Id is---1
[INFO ][2015-12-22 18:18:59,452][com.java.TestType] [  487] - 1
[INFO ][2015-12-22 18:18:59,452][com.java.TestType] [  482] -  str(2) = 2
[INFO ][2015-12-22 18:18:59,452][com.java.TestType] [  534] - row values are--------{1=com.java.Objects.TestDataDetails@b2a8c, 2=com.java.Objects.TestDataDetails@1228b82}
[INFO ][2015-12-22 18:18:59,453][com.java.TestType] [  482] -  str(1) = 1
[INFO ][2015-12-22 18:18:59,453][com.java.TestType] [  485] - Test case Id is---1
[INFO ][2015-12-22 18:18:59,453][com.java.TestType] [  487] - 1
[INFO ][2015-12-22 18:18:59,453][com.java.TestType] [  482] -  str(2) = 3
[INFO ][2015-12-22 18:18:59,454][com.java.TestType] [  534] - row values are--------{1=com.java.Objects.TestDataDetails@b2a8c, 2=com.java.Objects.TestDataDetails@1228b82, 3=com.java.Objects.TestDataDetails@d5bd50}
[INFO ][2015-12-22 18:18:59,454][com.java.TestType] [  482] -  str(1) = 1
[INFO ][2015-12-22 18:18:59,454][com.java.TestType] [  485] - Test case Id is---1
[INFO ][2015-12-22 18:18:59,454][com.java.TestType] [  487] - 1
[INFO ][2015-12-22 18:18:59,454][com.java.TestType] [  482] -  str(2) = 4
[INFO ][2015-12-22 18:18:59,455][com.java.TestType] [  534] - row values are--------{1=com.java.Objects.TestDataDetails@b2a8c, 2=com.java.Objects.TestDataDetails@1228b82, 3=com.java.Objects.TestDataDetails@d5bd50, 4=com.java.Objects.TestDataDetails@e177de}
[INFO ][2015-12-22 18:18:59,455][com.java.TestType] [  482] -  str(1) = 1
[INFO ][2015-12-22 18:18:59,455][com.java.TestType] [  485] - Test case Id is---1
[INFO ][2015-12-22 18:18:59,455][com.java.TestType] [  487] - 1
[INFO ][2015-12-22 18:18:59,455][com.java.TestType] [  482] -  str(2) = 5
[INFO ][2015-12-22 18:18:59,457][com.java.TestType] [  534] - row values are--------{1=com.java.Objects.TestDataDetails@b2a8c, 2=com.java.Objects.TestDataDetails@1228b82, 3=com.java.Objects.TestDataDetails@d5bd50, 4=com.java.Objects.TestDataDetails@e177de, 5=com.java.Objects.TestDataDetails@ed7dad}
[INFO ][2015-12-22 18:18:59,458][com.java.TestType] [  482] -  str(1) = 1
[INFO ][2015-12-22 18:18:59,458][com.java.TestType] [  485] - Test case Id is---1
[INFO ][2015-12-22 18:18:59,458][com.java.TestType] [  487] - 1
[INFO ][2015-12-22 18:18:59,458][com.java.TestType] [  482] -  str(2) = 6
[INFO ][2015-12-22 18:18:59,459][com.java.TestType] [  534] - row values are--------{1=com.java.Objects.TestDataDetails@b2a8c, 2=com.java.Objects.TestDataDetails@1228b82, 3=com.java.Objects.TestDataDetails@d5bd50, 4=com.java.Objects.TestDataDetails@e177de, 5=com.java.Objects.TestDataDetails@ed7dad, 6=com.java.Objects.TestDataDetails@1f8254f}
[INFO ][2015-12-22 18:18:59,459][com.java.TestType] [  482] -  str(1) = 1
[INFO ][2015-12-22 18:18:59,459][com.java.TestType] [  485] - Test case Id is---1
[INFO ][2015-12-22 18:18:59,459][com.java.TestType] [  487] - 1
[INFO ][2015-12-22 18:18:59,459][com.java.TestType] [  482] -  str(2) = 7
[INFO ][2015-12-22 18:18:59,460][com.java.TestType] [  534] - row values are--------{1=com.java.Objects.TestDataDetails@b2a8c, 2=com.java.Objects.TestDataDetails@1228b82, 3=com.java.Objects.TestDataDetails@d5bd50, 4=com.java.Objects.TestDataDetails@e177de, 5=com.java.Objects.TestDataDetails@ed7dad, 6=com.java.Objects.TestDataDetails@1f8254f, 7=com.java.Objects.TestDataDetails@fefc32}
[INFO ][2015-12-22 18:18:59,460][com.java.TestType] [  482] -  str(1) = 1
[INFO ][2015-12-22 18:18:59,460][com.java.TestType] [  485] - Test case Id is---1
[INFO ][2015-12-22 18:18:59,460][com.java.TestType] [  487] - 1
[INFO ][2015-12-22 18:18:59,460][com.java.TestType] [  482] -  str(2) = 8
[INFO ][2015-12-22 18:18:59,461][com.java.TestType] [  534] - row values are--------{1=com.java.Objects.TestDataDetails@b2a8c, 2=com.java.Objects.TestDataDetails@1228b82, 3=com.java.Objects.TestDataDetails@d5bd50, 4=com.java.Objects.TestDataDetails@e177de, 5=com.java.Objects.TestDataDetails@ed7dad, 6=com.java.Objects.TestDataDetails@1f8254f, 7=com.java.Objects.TestDataDetails@fefc32, 8=com.java.Objects.TestDataDetails@1f0788d}
[INFO ][2015-12-22 18:18:59,461][com.java.TestType] [  482] -  str(1) = 1
[INFO ][2015-12-22 18:18:59,461][com.java.TestType] [  485] - Test case Id is---1
[INFO ][2015-12-22 18:18:59,461][com.java.TestType] [  487] - 1
[INFO ][2015-12-22 18:18:59,461][com.java.TestType] [  482] -  str(2) = 9
[INFO ][2015-12-22 18:18:59,462][com.java.TestType] [  534] - row values are--------{1=com.java.Objects.TestDataDetails@b2a8c, 2=com.java.Objects.TestDataDetails@1228b82, 3=com.java.Objects.TestDataDetails@d5bd50, 4=com.java.Objects.TestDataDetails@e177de, 5=com.java.Objects.TestDataDetails@ed7dad, 6=com.java.Objects.TestDataDetails@1f8254f, 7=com.java.Objects.TestDataDetails@fefc32, 8=com.java.Objects.TestDataDetails@1f0788d, 9=com.java.Objects.TestDataDetails@155226f}
[INFO ][2015-12-22 18:18:59,462][com.java.TestType] [  482] -  str(1) = 1
[INFO ][2015-12-22 18:18:59,462][com.java.TestType] [  485] - Test case Id is---1
[INFO ][2015-12-22 18:18:59,462][com.java.TestType] [  487] - 1
[INFO ][2015-12-22 18:18:59,462][com.java.TestType] [  482] -  str(2) = 10
[INFO ][2015-12-22 18:18:59,463][com.java.TestType] [  534] - row values are--------{1=com.java.Objects.TestDataDetails@b2a8c, 2=com.java.Objects.TestDataDetails@1228b82, 3=com.java.Objects.TestDataDetails@d5bd50, 4=com.java.Objects.TestDataDetails@e177de, 5=com.java.Objects.TestDataDetails@ed7dad, 6=com.java.Objects.TestDataDetails@1f8254f, 7=com.java.Objects.TestDataDetails@fefc32, 8=com.java.Objects.TestDataDetails@1f0788d, 9=com.java.Objects.TestDataDetails@155226f, 10=com.java.Objects.TestDataDetails@eaa79c}
[INFO ][2015-12-22 18:18:59,463][com.java.TestType] [  482] -  str(1) = 1
[INFO ][2015-12-22 18:18:59,463][com.java.TestType] [  485] - Test case Id is---1
[INFO ][2015-12-22 18:18:59,463][com.java.TestType] [  487] - 1
[INFO ][2015-12-22 18:18:59,464][com.java.TestType] [  482] -  str(2) = 11
[INFO ][2015-12-22 18:18:59,464][com.java.TestType] [  534] - row values are--------{1=com.java.Objects.TestDataDetails@b2a8c, 2=com.java.Objects.TestDataDetails@1228b82, 3=com.java.Objects.TestDataDetails@d5bd50, 4=com.java.Objects.TestDataDetails@e177de, 5=com.java.Objects.TestDataDetails@ed7dad, 6=com.java.Objects.TestDataDetails@1f8254f, 7=com.java.Objects.TestDataDetails@fefc32, 8=com.java.Objects.TestDataDetails@1f0788d, 9=com.java.Objects.TestDataDetails@155226f, 10=com.java.Objects.TestDataDetails@eaa79c, 11=com.java.Objects.TestDataDetails@fd586d}
[INFO ][2015-12-22 18:18:59,464][com.java.TestType] [  482] -  str(1) = 1
[INFO ][2015-12-22 18:18:59,464][com.java.TestType] [  485] - Test case Id is---1
[INFO ][2015-12-22 18:18:59,465][com.java.TestType] [  487] - 1
[INFO ][2015-12-22 18:18:59,465][com.java.TestType] [  482] -  str(2) = 12
[INFO ][2015-12-22 18:18:59,466][com.java.TestType] [  534] - row values are--------{1=com.java.Objects.TestDataDetails@b2a8c, 2=com.java.Objects.TestDataDetails@1228b82, 3=com.java.Objects.TestDataDetails@d5bd50, 4=com.java.Objects.TestDataDetails@e177de, 5=com.java.Objects.TestDataDetails@ed7dad, 6=com.java.Objects.TestDataDetails@1f8254f, 7=com.java.Objects.TestDataDetails@fefc32, 8=com.java.Objects.TestDataDetails@1f0788d, 9=com.java.Objects.TestDataDetails@155226f, 10=com.java.Objects.TestDataDetails@eaa79c, 11=com.java.Objects.TestDataDetails@fd586d, 12=com.java.Objects.TestDataDetails@15c560a}
[INFO ][2015-12-22 18:18:59,466][com.java.TestType] [  482] -  str(1) = 1
[INFO ][2015-12-22 18:18:59,466][com.java.TestType] [  485] - Test case Id is---1
[INFO ][2015-12-22 18:18:59,466][com.java.TestType] [  487] - 1
[INFO ][2015-12-22 18:18:59,466][com.java.TestType] [  482] -  str(2) = 13
[INFO ][2015-12-22 18:18:59,467][com.java.TestType] [  534] - row values are--------{1=com.java.Objects.TestDataDetails@b2a8c, 2=com.java.Objects.TestDataDetails@1228b82, 3=com.java.Objects.TestDataDetails@d5bd50, 4=com.java.Objects.TestDataDetails@e177de, 5=com.java.Objects.TestDataDetails@ed7dad, 6=com.java.Objects.TestDataDetails@1f8254f, 7=com.java.Objects.TestDataDetails@fefc32, 8=com.java.Objects.TestDataDetails@1f0788d, 9=com.java.Objects.TestDataDetails@155226f, 10=com.java.Objects.TestDataDetails@eaa79c, 11=com.java.Objects.TestDataDetails@fd586d, 12=com.java.Objects.TestDataDetails@15c560a, 13=com.java.Objects.TestDataDetails@1d55c36}
[INFO ][2015-12-22 18:18:59,467][com.java.TestType] [  482] -  str(1) = 1
[INFO ][2015-12-22 18:18:59,467][com.java.TestType] [  485] - Test case Id is---1
[INFO ][2015-12-22 18:18:59,467][com.java.TestType] [  487] - 1
[INFO ][2015-12-22 18:18:59,468][com.java.TestType] [  482] -  str(2) = 14
[INFO ][2015-12-22 18:18:59,468][com.java.TestType] [  534] - row values are--------{1=com.java.Objects.TestDataDetails@b2a8c, 2=com.java.Objects.TestDataDetails@1228b82, 3=com.java.Objects.TestDataDetails@d5bd50, 4=com.java.Objects.TestDataDetails@e177de, 5=com.java.Objects.TestDataDetails@ed7dad, 6=com.java.Objects.TestDataDetails@1f8254f, 7=com.java.Objects.TestDataDetails@fefc32, 8=com.java.Objects.TestDataDetails@1f0788d, 9=com.java.Objects.TestDataDetails@155226f, 10=com.java.Objects.TestDataDetails@eaa79c, 11=com.java.Objects.TestDataDetails@fd586d, 12=com.java.Objects.TestDataDetails@15c560a, 13=com.java.Objects.TestDataDetails@1d55c36, 14=com.java.Objects.TestDataDetails@150e6e9}
[INFO ][2015-12-22 18:18:59,468][com.java.TestType] [  482] -  str(1) = 1
[INFO ][2015-12-22 18:18:59,469][com.java.TestType] [  485] - Test case Id is---1
[INFO ][2015-12-22 18:18:59,469][com.java.TestType] [  487] - 1
[INFO ][2015-12-22 18:18:59,469][com.java.TestType] [  482] -  str(2) = 15
[INFO ][2015-12-22 18:18:59,469][com.java.TestType] [  534] - row values are--------{1=com.java.Objects.TestDataDetails@b2a8c, 2=com.java.Objects.TestDataDetails@1228b82, 3=com.java.Objects.TestDataDetails@d5bd50, 4=com.java.Objects.TestDataDetails@e177de, 5=com.java.Objects.TestDataDetails@ed7dad, 6=com.java.Objects.TestDataDetails@1f8254f, 7=com.java.Objects.TestDataDetails@fefc32, 8=com.java.Objects.TestDataDetails@1f0788d, 9=com.java.Objects.TestDataDetails@155226f, 10=com.java.Objects.TestDataDetails@eaa79c, 11=com.java.Objects.TestDataDetails@fd586d, 12=com.java.Objects.TestDataDetails@15c560a, 13=com.java.Objects.TestDataDetails@1d55c36, 14=com.java.Objects.TestDataDetails@150e6e9, 15=com.java.Objects.TestDataDetails@19a01f9}
[INFO ][2015-12-22 18:18:59,470][com.java.TestType] [  482] -  str(1) = 1
[INFO ][2015-12-22 18:18:59,470][com.java.TestType] [  485] - Test case Id is---1
[INFO ][2015-12-22 18:18:59,470][com.java.TestType] [  487] - 1
[INFO ][2015-12-22 18:18:59,470][com.java.TestType] [  482] -  str(2) = 16
[INFO ][2015-12-22 18:18:59,471][com.java.TestType] [  534] - row values are--------{1=com.java.Objects.TestDataDetails@b2a8c, 2=com.java.Objects.TestDataDetails@1228b82, 3=com.java.Objects.TestDataDetails@d5bd50, 4=com.java.Objects.TestDataDetails@e177de, 5=com.java.Objects.TestDataDetails@ed7dad, 6=com.java.Objects.TestDataDetails@1f8254f, 7=com.java.Objects.TestDataDetails@fefc32, 8=com.java.Objects.TestDataDetails@1f0788d, 9=com.java.Objects.TestDataDetails@155226f, 10=com.java.Objects.TestDataDetails@eaa79c, 11=com.java.Objects.TestDataDetails@fd586d, 12=com.java.Objects.TestDataDetails@15c560a, 13=com.java.Objects.TestDataDetails@1d55c36, 14=com.java.Objects.TestDataDetails@150e6e9, 15=com.java.Objects.TestDataDetails@19a01f9, 16=com.java.Objects.TestDataDetails@c46396}
[INFO ][2015-12-22 18:18:59,471][com.java.TestType] [10274] - Looping 1TCID = 1
[DEBUG][2015-12-22 18:18:59,471][com.java.TestType] [10315] - Concept ID:1 :: Step being Executed: 1::1
[INFO ][2015-12-22 18:18:59,471][com.java.TestType] [10353] - dataFields : TXTusername
[DEBUG][2015-12-22 18:18:59,471][com.java.TestType] [10359] - <In Set values of the page>
[DEBUG][2015-12-22 18:18:59,471][com.java.TestType] [10364] - {Data Fields & Data Values Exist}
[INFO ][2015-12-22 18:18:59,471][com.java.TestType] [10370] - --------------------------setting values-----------------------------
[INFO ][2015-12-22 18:18:59,471][com.java.TestType] [10373] - Action Type : CLEARANDENTER
[INFO ][2015-12-22 18:18:59,471][com.java.TestType] [ 5596] - value = valuelabs.ie10.33527
[INFO ][2015-12-22 18:19:04,171][com.java.TestType] [10392] -  RESULT true
[INFO ][2015-12-22 18:19:04,171][com.java.TestType] [10509] - ?   P A S S   ?
[DEBUG][2015-12-22 18:19:04,171][com.java.TestType] [10315] - Concept ID:1 :: Step being Executed: 1::2
[INFO ][2015-12-22 18:19:04,171][com.java.TestType] [10353] - dataFields : TXTpassword
[DEBUG][2015-12-22 18:19:04,171][com.java.TestType] [10359] - <In Set values of the page>
[DEBUG][2015-12-22 18:19:04,171][com.java.TestType] [10364] - {Data Fields & Data Values Exist}
[INFO ][2015-12-22 18:19:04,172][com.java.TestType] [10370] - --------------------------setting values-----------------------------
[INFO ][2015-12-22 18:19:04,172][com.java.TestType] [10373] - Action Type : CLEARANDENTER
[INFO ][2015-12-22 18:19:04,173][com.java.TestType] [ 5596] - value = Password1*
[INFO ][2015-12-22 18:19:09,009][com.java.TestType] [10392] -  RESULT true
[INFO ][2015-12-22 18:19:09,009][com.java.TestType] [10509] - ?   P A S S   ?
[INFO ][2015-12-22 18:19:09,009][com.java.TestType] [10580] - Looping End......
[INFO ][2015-12-22 18:19:09,013][com.java.SeleniumDriver] [  894] -  RESULT true
[INFO ][2015-12-22 18:19:09,013][com.java.SeleniumDriver] [ 1100] - ?   P A S S   ?
[INFO ][2015-12-22 18:19:09,013][com.java.SeleniumDriver] [  821] - ------------------------------------------
[INFO ][2015-12-22 18:19:09,013][com.java.SeleniumDriver] [  822] - Test case being Executed: 17
[INFO ][2015-12-22 18:19:09,013][com.java.SeleniumDriver] [  833] - Test step:4
[INFO ][2015-12-22 18:19:09,013][com.java.SeleniumDriver] [  845] - Datavalue is----------null
[DEBUG][2015-12-22 18:19:09,013][com.java.SeleniumDriver] [  863] - Exception: null
[INFO ][2015-12-22 18:19:09,013][com.java.SeleniumDriver] [  869] - DataField : CHK//div[@id="loginbox"]//input[@ng-click='vm.rememberMe()']
[INFO ][2015-12-22 18:19:09,013][com.java.SeleniumDriver] [  871] - DataValue : 
[INFO ][2015-12-22 18:19:09,014][com.java.SeleniumDriver] [  877] - <In Set values of the page>
[INFO ][2015-12-22 18:19:09,014][com.java.SeleniumDriver] [  880] - {Data Fields & Data Values Exist}
[INFO ][2015-12-22 18:19:09,014][com.java.SeleniumDriver] [  882] - --------------------------setting values-----------------------------
[INFO ][2015-12-22 18:19:09,014][com.java.SeleniumDriver] [  885] - Action Type : Check
[INFO ][2015-12-22 18:19:10,314][com.java.SeleniumDriver] [  894] -  RESULT true
[INFO ][2015-12-22 18:19:10,314][com.java.SeleniumDriver] [ 1100] - ?   P A S S   ?
[INFO ][2015-12-22 18:19:10,314][com.java.SeleniumDriver] [  821] - ------------------------------------------
[INFO ][2015-12-22 18:19:10,314][com.java.SeleniumDriver] [  822] - Test case being Executed: 17
[INFO ][2015-12-22 18:19:10,314][com.java.SeleniumDriver] [  833] - Test step:5
[INFO ][2015-12-22 18:19:10,314][com.java.SeleniumDriver] [  845] - Datavalue is----------null
[DEBUG][2015-12-22 18:19:10,314][com.java.SeleniumDriver] [  863] - Exception: null
[INFO ][2015-12-22 18:19:10,314][com.java.SeleniumDriver] [  869] - DataField : XPH//button[@type='submit']
[INFO ][2015-12-22 18:19:10,314][com.java.SeleniumDriver] [  871] - DataValue : 
[INFO ][2015-12-22 18:19:10,314][com.java.SeleniumDriver] [  877] - <In Set values of the page>
[INFO ][2015-12-22 18:19:10,314][com.java.SeleniumDriver] [  880] - {Data Fields & Data Values Exist}
[INFO ][2015-12-22 18:19:10,315][com.java.SeleniumDriver] [  882] - --------------------------setting values-----------------------------
[INFO ][2015-12-22 18:19:10,315][com.java.SeleniumDriver] [  885] - Action Type : Click
[INFO ][2015-12-22 18:19:10,315][com.java.TestType] [ 5975] - Field ::XPH//button[@type='submit']
[INFO ][2015-12-22 18:19:10,315][com.java.TestType] [ 5596] - value = 
[INFO ][2015-12-22 18:19:11,315][com.java.TestType] [ 6112] - BEFORE CLICK
[INFO ][2015-12-22 18:19:12,171][com.java.TestType] [ 6120] - Unable to click the object Login
[INFO ][2015-12-22 18:19:12,171][com.java.SeleniumDriver] [  894] -  RESULT true
[INFO ][2015-12-22 18:19:12,171][com.java.SeleniumDriver] [ 1100] - ?   P A S S   ?
[INFO ][2015-12-22 18:19:12,171][com.java.SeleniumDriver] [  821] - ------------------------------------------
[INFO ][2015-12-22 18:19:12,171][com.java.SeleniumDriver] [  822] - Test case being Executed: 17
[INFO ][2015-12-22 18:19:12,171][com.java.SeleniumDriver] [  833] - Test step:6
[INFO ][2015-12-22 18:19:12,171][com.java.SeleniumDriver] [  845] - Datavalue is----------10
[INFO ][2015-12-22 18:19:12,171][com.java.SeleniumDriver] [  869] - DataField : LNKLogout
[INFO ][2015-12-22 18:19:12,171][com.java.SeleniumDriver] [  871] - DataValue : 10
[INFO ][2015-12-22 18:19:12,171][com.java.SeleniumDriver] [  877] - <In Set values of the page>
[INFO ][2015-12-22 18:19:12,171][com.java.SeleniumDriver] [  880] - {Data Fields & Data Values Exist}
[INFO ][2015-12-22 18:19:12,171][com.java.SeleniumDriver] [  882] - --------------------------setting values-----------------------------
[INFO ][2015-12-22 18:19:12,172][com.java.SeleniumDriver] [  885] - Action Type : WaitTime
[DEBUG][2015-12-22 18:19:12,172][com.java.TestType] [ 5416] - sleepTime: 10000
[INFO ][2015-12-22 18:19:22,172][com.java.SeleniumDriver] [  894] -  RESULT true
[INFO ][2015-12-22 18:19:22,172][com.java.SeleniumDriver] [ 1100] - ?   P A S S   ?
[INFO ][2015-12-22 18:19:22,172][com.java.SeleniumDriver] [  821] - ------------------------------------------
[INFO ][2015-12-22 18:19:22,172][com.java.SeleniumDriver] [  822] - Test case being Executed: 17
[INFO ][2015-12-22 18:19:22,172][com.java.SeleniumDriver] [  833] - Test step:7
[INFO ][2015-12-22 18:19:22,172][com.java.SeleniumDriver] [  845] - Datavalue is----------Banker's Dashboard
[INFO ][2015-12-22 18:19:22,172][com.java.SeleniumDriver] [  869] - DataField : TTL
[INFO ][2015-12-22 18:19:22,172][com.java.SeleniumDriver] [  871] - DataValue : Banker's Dashboard
[INFO ][2015-12-22 18:19:22,172][com.java.SeleniumDriver] [  877] - <In Set values of the page>
[INFO ][2015-12-22 18:19:22,172][com.java.SeleniumDriver] [  880] - {Data Fields & Data Values Exist}
[INFO ][2015-12-22 18:19:22,172][com.java.SeleniumDriver] [  882] - --------------------------setting values-----------------------------
[INFO ][2015-12-22 18:19:22,172][com.java.SeleniumDriver] [  885] - Action Type : SelectWindow
[INFO ][2015-12-22 18:19:34,769][com.java.SeleniumDriver] [  894] -  RESULT true
[INFO ][2015-12-22 18:19:34,769][com.java.SeleniumDriver] [ 1100] - ?   P A S S   ?
[INFO ][2015-12-22 18:19:34,769][com.java.SeleniumDriver] [  821] - ------------------------------------------
[INFO ][2015-12-22 18:19:34,769][com.java.SeleniumDriver] [  822] - Test case being Executed: 17
[INFO ][2015-12-22 18:19:34,769][com.java.SeleniumDriver] [  833] - Test step:8
[INFO ][2015-12-22 18:19:34,769][com.java.SeleniumDriver] [  845] - Datavalue is----------null
[DEBUG][2015-12-22 18:19:34,769][com.java.SeleniumDriver] [  863] - Exception: null
[INFO ][2015-12-22 18:19:34,769][com.java.SeleniumDriver] [  869] - DataField : //span[@class='icon-cog2']&&//a[@data-id="UserSettings"]
[INFO ][2015-12-22 18:19:34,769][com.java.SeleniumDriver] [  871] - DataValue : 
[INFO ][2015-12-22 18:19:34,769][com.java.SeleniumDriver] [  877] - <In Set values of the page>
[INFO ][2015-12-22 18:19:34,770][com.java.SeleniumDriver] [  880] - {Data Fields & Data Values Exist}
[INFO ][2015-12-22 18:19:34,770][com.java.SeleniumDriver] [  882] - --------------------------setting values-----------------------------
[INFO ][2015-12-22 18:19:34,770][com.java.SeleniumDriver] [  885] - Action Type : MouseOver
[INFO ][2015-12-22 18:19:57,946][com.java.SeleniumDriver] [  894] -  RESULT true
[INFO ][2015-12-22 18:19:57,946][com.java.SeleniumDriver] [ 1100] - ?   P A S S   ?
[INFO ][2015-12-22 18:19:57,946][com.java.SeleniumDriver] [  821] - ------------------------------------------
[INFO ][2015-12-22 18:19:57,946][com.java.SeleniumDriver] [  822] - Test case being Executed: 17
[INFO ][2015-12-22 18:19:57,946][com.java.SeleniumDriver] [  833] - Test step:9
[INFO ][2015-12-22 18:19:57,946][com.java.SeleniumDriver] [  845] - Datavalue is----------1
[INFO ][2015-12-22 18:19:57,946][com.java.SeleniumDriver] [  869] - DataField : BTNframeDialogContent
[INFO ][2015-12-22 18:19:57,946][com.java.SeleniumDriver] [  871] - DataValue : 1
[INFO ][2015-12-22 18:19:57,946][com.java.SeleniumDriver] [  877] - <In Set values of the page>
[INFO ][2015-12-22 18:19:57,946][com.java.SeleniumDriver] [  880] - {Data Fields & Data Values Exist}
[INFO ][2015-12-22 18:19:57,946][com.java.SeleniumDriver] [  882] - --------------------------setting values-----------------------------
[INFO ][2015-12-22 18:19:57,946][com.java.SeleniumDriver] [  885] - Action Type : WaitForElement
[INFO ][2015-12-22 18:19:59,162][com.java.SeleniumDriver] [  894] -  RESULT true
[INFO ][2015-12-22 18:19:59,162][com.java.SeleniumDriver] [ 1100] - ?   P A S S   ?
[INFO ][2015-12-22 18:19:59,162][com.java.SeleniumDriver] [  821] - ------------------------------------------
[INFO ][2015-12-22 18:19:59,162][com.java.SeleniumDriver] [  822] - Test case being Executed: 17
[INFO ][2015-12-22 18:19:59,162][com.java.SeleniumDriver] [  833] - Test step:10
[INFO ][2015-12-22 18:19:59,163][com.java.SeleniumDriver] [  845] - Datavalue is----------frameDialogContent
[INFO ][2015-12-22 18:19:59,163][com.java.SeleniumDriver] [  869] - DataField : BTN
[INFO ][2015-12-22 18:19:59,163][com.java.SeleniumDriver] [  871] - DataValue : frameDialogContent
[INFO ][2015-12-22 18:19:59,163][com.java.SeleniumDriver] [  877] - <In Set values of the page>
[INFO ][2015-12-22 18:19:59,163][com.java.SeleniumDriver] [  880] - {Data Fields & Data Values Exist}
[INFO ][2015-12-22 18:19:59,163][com.java.SeleniumDriver] [  882] - --------------------------setting values-----------------------------
[INFO ][2015-12-22 18:19:59,163][com.java.SeleniumDriver] [  885] - Action Type : SELECTFRAMEBYNAME
[INFO ][2015-12-22 18:19:59,163][com.java.TestType] [ 5596] - value = frameDialogContent
[INFO ][2015-12-22 18:19:59,233][com.java.SeleniumDriver] [  894] -  RESULT true
[INFO ][2015-12-22 18:19:59,233][com.java.SeleniumDriver] [ 1100] - ?   P A S S   ?
[INFO ][2015-12-22 18:19:59,233][com.java.SeleniumDriver] [  821] - ------------------------------------------
[INFO ][2015-12-22 18:19:59,233][com.java.SeleniumDriver] [  822] - Test case being Executed: 17
[INFO ][2015-12-22 18:19:59,233][com.java.SeleniumDriver] [  833] - Test step:11
[INFO ][2015-12-22 18:19:59,233][com.java.SeleniumDriver] [  845] - Datavalue is----------Yes
[INFO ][2015-12-22 18:19:59,233][com.java.SeleniumDriver] [  869] - DataField : COBddlOpenBDInNewWindow
[INFO ][2015-12-22 18:19:59,233][com.java.SeleniumDriver] [  871] - DataValue : Yes
[INFO ][2015-12-22 18:19:59,233][com.java.SeleniumDriver] [  877] - <In Set values of the page>
[INFO ][2015-12-22 18:19:59,233][com.java.SeleniumDriver] [  880] - {Data Fields & Data Values Exist}
[INFO ][2015-12-22 18:19:59,234][com.java.SeleniumDriver] [  882] - --------------------------setting values-----------------------------
[INFO ][2015-12-22 18:19:59,234][com.java.SeleniumDriver] [  885] - Action Type : Verify
[INFO ][2015-12-22 18:19:59,234][com.java.TestType] [ 6946] - field= COBddlOpenBDInNewWindow value= Yes
[INFO ][2015-12-22 18:19:59,234][com.java.TestType] [ 5596] - value = Yes
[INFO ][2015-12-22 18:19:59,439][com.java.SeleniumDriver] [  894] -  RESULT true
[INFO ][2015-12-22 18:19:59,439][com.java.SeleniumDriver] [ 1100] - ?   P A S S   ?
[INFO ][2015-12-22 18:19:59,441][com.java.SeleniumDriver] [ 1142] - step change to 19
[INFO ][2015-12-22 18:19:59,441][com.java.SeleniumDriver] [  821] - ------------------------------------------
[INFO ][2015-12-22 18:19:59,441][com.java.SeleniumDriver] [  822] - Test case being Executed: 17
[INFO ][2015-12-22 18:19:59,441][com.java.SeleniumDriver] [  833] - Test step:19
[INFO ][2015-12-22 18:19:59,441][com.java.SeleniumDriver] [  845] - Datavalue is----------Banker's Dashboard
[INFO ][2015-12-22 18:19:59,441][com.java.SeleniumDriver] [  869] - DataField : TTL
[INFO ][2015-12-22 18:19:59,441][com.java.SeleniumDriver] [  871] - DataValue : Banker's Dashboard
[INFO ][2015-12-22 18:19:59,441][com.java.SeleniumDriver] [  877] - <In Set values of the page>
[INFO ][2015-12-22 18:19:59,441][com.java.SeleniumDriver] [  880] - {Data Fields & Data Values Exist}
[INFO ][2015-12-22 18:19:59,441][com.java.SeleniumDriver] [  882] - --------------------------setting values-----------------------------
[INFO ][2015-12-22 18:19:59,441][com.java.SeleniumDriver] [  885] - Action Type : SelectWindow
[INFO ][2015-12-22 18:20:11,783][com.java.SeleniumDriver] [  894] -  RESULT true
[INFO ][2015-12-22 18:20:11,784][com.java.SeleniumDriver] [ 1100] - ?   P A S S   ?
[INFO ][2015-12-22 18:20:11,784][com.java.SeleniumDriver] [  821] - ------------------------------------------
[INFO ][2015-12-22 18:20:11,784][com.java.SeleniumDriver] [  822] - Test case being Executed: 17
[INFO ][2015-12-22 18:20:11,784][com.java.SeleniumDriver] [  833] - Test step:20
[INFO ][2015-12-22 18:20:11,784][com.java.SeleniumDriver] [  845] - Datavalue is----------10
[INFO ][2015-12-22 18:20:11,784][com.java.SeleniumDriver] [  869] - DataField : test
[INFO ][2015-12-22 18:20:11,784][com.java.SeleniumDriver] [  871] - DataValue : 10
[INFO ][2015-12-22 18:20:11,784][com.java.SeleniumDriver] [  877] - <In Set values of the page>
[INFO ][2015-12-22 18:20:11,784][com.java.SeleniumDriver] [  880] - {Data Fields & Data Values Exist}
[INFO ][2015-12-22 18:20:11,784][com.java.SeleniumDriver] [  882] - --------------------------setting values-----------------------------
[INFO ][2015-12-22 18:20:11,784][com.java.SeleniumDriver] [  885] - Action Type : WaitTime
[DEBUG][2015-12-22 18:20:11,784][com.java.TestType] [ 5416] - sleepTime: 10000
[INFO ][2015-12-22 18:20:21,784][com.java.SeleniumDriver] [  894] -  RESULT true
[INFO ][2015-12-22 18:20:21,784][com.java.SeleniumDriver] [ 1100] - ?   P A S S   ?
[INFO ][2015-12-22 18:20:21,784][com.java.SeleniumDriver] [  821] - ------------------------------------------
[INFO ][2015-12-22 18:20:21,784][com.java.SeleniumDriver] [  822] - Test case being Executed: 17
[INFO ][2015-12-22 18:20:21,784][com.java.SeleniumDriver] [  833] - Test step:21
[INFO ][2015-12-22 18:20:21,784][com.java.SeleniumDriver] [  845] - Datavalue is----------appurl
[INFO ][2015-12-22 18:20:21,784][com.java.SeleniumDriver] [  869] - DataField : test
[INFO ][2015-12-22 18:20:21,784][com.java.SeleniumDriver] [  871] - DataValue : https://clients-xuat.bankersdashboard.com
[INFO ][2015-12-22 18:20:21,784][com.java.SeleniumDriver] [  877] - <In Set values of the page>
[INFO ][2015-12-22 18:20:21,784][com.java.SeleniumDriver] [  880] - {Data Fields & Data Values Exist}
[INFO ][2015-12-22 18:20:21,784][com.java.SeleniumDriver] [  882] - --------------------------setting values-----------------------------
[INFO ][2015-12-22 18:20:21,785][com.java.SeleniumDriver] [  885] - Action Type : OPENURL
[INFO ][2015-12-22 18:20:21,785][com.java.TestType] [ 5596] - value = https://clients-xuat.bankersdashboard.com
[INFO ][2015-12-22 18:20:21,785][com.java.TestType] [  353] - Open URL : https://clients-xuat.bankersdashboard.com
[INFO ][2015-12-22 18:20:24,491][com.java.SeleniumDriver] [  894] -  RESULT true
[INFO ][2015-12-22 18:20:24,491][com.java.SeleniumDriver] [ 1100] - ?   P A S S   ?
[INFO ][2015-12-22 18:20:24,491][com.java.SeleniumDriver] [  821] - ------------------------------------------
[INFO ][2015-12-22 18:20:24,491][com.java.SeleniumDriver] [  822] - Test case being Executed: 17
[INFO ][2015-12-22 18:20:24,491][com.java.SeleniumDriver] [  833] - Test step:22
[INFO ][2015-12-22 18:20:24,491][com.java.SeleniumDriver] [  845] - Datavalue is----------Concept#1:9-16
[INFO ][2015-12-22 18:20:24,491][com.java.SeleniumDriver] [  869] - DataField : test
[INFO ][2015-12-22 18:20:24,491][com.java.SeleniumDriver] [  871] - DataValue : Concept#1:9-16
[INFO ][2015-12-22 18:20:24,491][com.java.SeleniumDriver] [  877] - <In Set values of the page>
[INFO ][2015-12-22 18:20:24,491][com.java.SeleniumDriver] [  880] - {Data Fields & Data Values Exist}
[INFO ][2015-12-22 18:20:24,492][com.java.SeleniumDriver] [  882] - --------------------------setting values-----------------------------
[INFO ][2015-12-22 18:20:24,492][com.java.SeleniumDriver] [  885] - Action Type : ExecuteTestCase
[INFO ][2015-12-22 18:20:24,492][com.java.TestType] [  437] - The Concept sheet name is ---------- Concept
[INFO ][2015-12-22 18:20:24,492][com.java.TestType] [  440] - The Concept ID  is ---------- 1
[DEBUG][2015-12-22 18:20:24,492][com.java.TestType] [  444] - Steps being executted in the Concept are: 9:16
[INFO ][2015-12-22 18:20:24,492][com.java.TestType] [  451] - Test data details path ---------- D:\BankersDashboard\TestInputs\TestData.xls
[INFO ][2015-12-22 18:20:24,524][com.java.TestType] [  482] -  str(1) = 1
[INFO ][2015-12-22 18:20:24,524][com.java.TestType] [  485] - Test case Id is---1
[INFO ][2015-12-22 18:20:24,524][com.java.TestType] [  487] - 1
[INFO ][2015-12-22 18:20:24,525][com.java.TestType] [  482] -  str(2) = 1
[INFO ][2015-12-22 18:20:24,527][com.java.TestType] [  534] - row values are--------{1=com.java.Objects.TestDataDetails@1886c83}
[INFO ][2015-12-22 18:20:24,527][com.java.TestType] [  482] -  str(1) = 1
[INFO ][2015-12-22 18:20:24,527][com.java.TestType] [  485] - Test case Id is---1
[INFO ][2015-12-22 18:20:24,527][com.java.TestType] [  487] - 1
[INFO ][2015-12-22 18:20:24,527][com.java.TestType] [  482] -  str(2) = 2
[INFO ][2015-12-22 18:20:24,528][com.java.TestType] [  534] - row values are--------{1=com.java.Objects.TestDataDetails@1886c83, 2=com.java.Objects.TestDataDetails@18777a6}
[INFO ][2015-12-22 18:20:24,528][com.java.TestType] [  482] -  str(1) = 1
[INFO ][2015-12-22 18:20:24,528][com.java.TestType] [  485] - Test case Id is---1
[INFO ][2015-12-22 18:20:24,528][com.java.TestType] [  487] - 1
[INFO ][2015-12-22 18:20:24,528][com.java.TestType] [  482] -  str(2) = 3
[INFO ][2015-12-22 18:20:24,529][com.java.TestType] [  534] - row values are--------{1=com.java.Objects.TestDataDetails@1886c83, 2=com.java.Objects.TestDataDetails@18777a6, 3=com.java.Objects.TestDataDetails@124cc9c}
[INFO ][2015-12-22 18:20:24,529][com.java.TestType] [  482] -  str(1) = 1
[INFO ][2015-12-22 18:20:24,529][com.java.TestType] [  485] - Test case Id is---1
[INFO ][2015-12-22 18:20:24,529][com.java.TestType] [  487] - 1
[INFO ][2015-12-22 18:20:24,529][com.java.TestType] [  482] -  str(2) = 4
[INFO ][2015-12-22 18:20:24,530][com.java.TestType] [  534] - row values are--------{1=com.java.Objects.TestDataDetails@1886c83, 2=com.java.Objects.TestDataDetails@18777a6, 3=com.java.Objects.TestDataDetails@124cc9c, 4=com.java.Objects.TestDataDetails@109bb90}
[INFO ][2015-12-22 18:20:24,530][com.java.TestType] [  482] -  str(1) = 1
[INFO ][2015-12-22 18:20:24,530][com.java.TestType] [  485] - Test case Id is---1
[INFO ][2015-12-22 18:20:24,530][com.java.TestType] [  487] - 1
[INFO ][2015-12-22 18:20:24,530][com.java.TestType] [  482] -  str(2) = 5
[INFO ][2015-12-22 18:20:24,531][com.java.TestType] [  534] - row values are--------{1=com.java.Objects.TestDataDetails@1886c83, 2=com.java.Objects.TestDataDetails@18777a6, 3=com.java.Objects.TestDataDetails@124cc9c, 4=com.java.Objects.TestDataDetails@109bb90, 5=com.java.Objects.TestDataDetails@11de0da}
[INFO ][2015-12-22 18:20:24,531][com.java.TestType] [  482] -  str(1) = 1
[INFO ][2015-12-22 18:20:24,531][com.java.TestType] [  485] - Test case Id is---1
[INFO ][2015-12-22 18:20:24,531][com.java.TestType] [  487] - 1
[INFO ][2015-12-22 18:20:24,531][com.java.TestType] [  482] -  str(2) = 6
[INFO ][2015-12-22 18:20:24,532][com.java.TestType] [  534] - row values are--------{1=com.java.Objects.TestDataDetails@1886c83, 2=com.java.Objects.TestDataDetails@18777a6, 3=com.java.Objects.TestDataDetails@124cc9c, 4=com.java.Objects.TestDataDetails@109bb90, 5=com.java.Objects.TestDataDetails@11de0da, 6=com.java.Objects.TestDataDetails@1acc227}
[INFO ][2015-12-22 18:20:24,532][com.java.TestType] [  482] -  str(1) = 1
[INFO ][2015-12-22 18:20:24,532][com.java.TestType] [  485] - Test case Id is---1
[INFO ][2015-12-22 18:20:24,532][com.java.TestType] [  487] - 1
[INFO ][2015-12-22 18:20:24,532][com.java.TestType] [  482] -  str(2) = 7
[INFO ][2015-12-22 18:20:24,533][com.java.TestType] [  534] - row values are--------{1=com.java.Objects.TestDataDetails@1886c83, 2=com.java.Objects.TestDataDetails@18777a6, 3=com.java.Objects.TestDataDetails@124cc9c, 4=com.java.Objects.TestDataDetails@109bb90, 5=com.java.Objects.TestDataDetails@11de0da, 6=com.java.Objects.TestDataDetails@1acc227, 7=com.java.Objects.TestDataDetails@1ac555}
[INFO ][2015-12-22 18:20:24,533][com.java.TestType] [  482] -  str(1) = 1
[INFO ][2015-12-22 18:20:24,533][com.java.TestType] [  485] - Test case Id is---1
[INFO ][2015-12-22 18:20:24,533][com.java.TestType] [  487] - 1
[INFO ][2015-12-22 18:20:24,533][com.java.TestType] [  482] -  str(2) = 8
[INFO ][2015-12-22 18:20:24,534][com.java.TestType] [  534] - row values are--------{1=com.java.Objects.TestDataDetails@1886c83, 2=com.java.Objects.TestDataDetails@18777a6, 3=com.java.Objects.TestDataDetails@124cc9c, 4=com.java.Objects.TestDataDetails@109bb90, 5=com.java.Objects.TestDataDetails@11de0da, 6=com.java.Objects.TestDataDetails@1acc227, 7=com.java.Objects.TestDataDetails@1ac555, 8=com.java.Objects.TestDataDetails@c1a41a}
[INFO ][2015-12-22 18:20:24,534][com.java.TestType] [  482] -  str(1) = 1
[INFO ][2015-12-22 18:20:24,535][com.java.TestType] [  485] - Test case Id is---1
[INFO ][2015-12-22 18:20:24,535][com.java.TestType] [  487] - 1
[INFO ][2015-12-22 18:20:24,535][com.java.TestType] [  482] -  str(2) = 9
[INFO ][2015-12-22 18:20:24,535][com.java.TestType] [  534] - row values are--------{1=com.java.Objects.TestDataDetails@1886c83, 2=com.java.Objects.TestDataDetails@18777a6, 3=com.java.Objects.TestDataDetails@124cc9c, 4=com.java.Objects.TestDataDetails@109bb90, 5=com.java.Objects.TestDataDetails@11de0da, 6=com.java.Objects.TestDataDetails@1acc227, 7=com.java.Objects.TestDataDetails@1ac555, 8=com.java.Objects.TestDataDetails@c1a41a, 9=com.java.Objects.TestDataDetails@1f1abd4}
[INFO ][2015-12-22 18:20:24,536][com.java.TestType] [  482] -  str(1) = 1
[INFO ][2015-12-22 18:20:24,536][com.java.TestType] [  485] - Test case Id is---1
[INFO ][2015-12-22 18:20:24,536][com.java.TestType] [  487] - 1
[INFO ][2015-12-22 18:20:24,536][com.java.TestType] [  482] -  str(2) = 10
[INFO ][2015-12-22 18:20:24,536][com.java.TestType] [  534] - row values are--------{1=com.java.Objects.TestDataDetails@1886c83, 2=com.java.Objects.TestDataDetails@18777a6, 3=com.java.Objects.TestDataDetails@124cc9c, 4=com.java.Objects.TestDataDetails@109bb90, 5=com.java.Objects.TestDataDetails@11de0da, 6=com.java.Objects.TestDataDetails@1acc227, 7=com.java.Objects.TestDataDetails@1ac555, 8=com.java.Objects.TestDataDetails@c1a41a, 9=com.java.Objects.TestDataDetails@1f1abd4, 10=com.java.Objects.TestDataDetails@187748f}
[INFO ][2015-12-22 18:20:24,537][com.java.TestType] [  482] -  str(1) = 1
[INFO ][2015-12-22 18:20:24,537][com.java.TestType] [  485] - Test case Id is---1
[INFO ][2015-12-22 18:20:24,537][com.java.TestType] [  487] - 1
[INFO ][2015-12-22 18:20:24,537][com.java.TestType] [  482] -  str(2) = 11
[INFO ][2015-12-22 18:20:24,537][com.java.TestType] [  534] - row values are--------{1=com.java.Objects.TestDataDetails@1886c83, 2=com.java.Objects.TestDataDetails@18777a6, 3=com.java.Objects.TestDataDetails@124cc9c, 4=com.java.Objects.TestDataDetails@109bb90, 5=com.java.Objects.TestDataDetails@11de0da, 6=com.java.Objects.TestDataDetails@1acc227, 7=com.java.Objects.TestDataDetails@1ac555, 8=com.java.Objects.TestDataDetails@c1a41a, 9=com.java.Objects.TestDataDetails@1f1abd4, 10=com.java.Objects.TestDataDetails@187748f, 11=com.java.Objects.TestDataDetails@1d54c1b}
[INFO ][2015-12-22 18:20:24,538][com.java.TestType] [  482] -  str(1) = 1
[INFO ][2015-12-22 18:20:24,538][com.java.TestType] [  485] - Test case Id is---1
[INFO ][2015-12-22 18:20:24,538][com.java.TestType] [  487] - 1
[INFO ][2015-12-22 18:20:24,538][com.java.TestType] [  482] -  str(2) = 12
[INFO ][2015-12-22 18:20:24,538][com.java.TestType] [  534] - row values are--------{1=com.java.Objects.TestDataDetails@1886c83, 2=com.java.Objects.TestDataDetails@18777a6, 3=com.java.Objects.TestDataDetails@124cc9c, 4=com.java.Objects.TestDataDetails@109bb90, 5=com.java.Objects.TestDataDetails@11de0da, 6=com.java.Objects.TestDataDetails@1acc227, 7=com.java.Objects.TestDataDetails@1ac555, 8=com.java.Objects.TestDataDetails@c1a41a, 9=com.java.Objects.TestDataDetails@1f1abd4, 10=com.java.Objects.TestDataDetails@187748f, 11=com.java.Objects.TestDataDetails@1d54c1b, 12=com.java.Objects.TestDataDetails@a0221f}
[INFO ][2015-12-22 18:20:24,538][com.java.TestType] [  482] -  str(1) = 1
[INFO ][2015-12-22 18:20:24,539][com.java.TestType] [  485] - Test case Id is---1
[INFO ][2015-12-22 18:20:24,539][com.java.TestType] [  487] - 1
[INFO ][2015-12-22 18:20:24,539][com.java.TestType] [  482] -  str(2) = 13
[INFO ][2015-12-22 18:20:24,539][com.java.TestType] [  534] - row values are--------{1=com.java.Objects.TestDataDetails@1886c83, 2=com.java.Objects.TestDataDetails@18777a6, 3=com.java.Objects.TestDataDetails@124cc9c, 4=com.java.Objects.TestDataDetails@109bb90, 5=com.java.Objects.TestDataDetails@11de0da, 6=com.java.Objects.TestDataDetails@1acc227, 7=com.java.Objects.TestDataDetails@1ac555, 8=com.java.Objects.TestDataDetails@c1a41a, 9=com.java.Objects.TestDataDetails@1f1abd4, 10=com.java.Objects.TestDataDetails@187748f, 11=com.java.Objects.TestDataDetails@1d54c1b, 12=com.java.Objects.TestDataDetails@a0221f, 13=com.java.Objects.TestDataDetails@179a711}
[INFO ][2015-12-22 18:20:24,539][com.java.TestType] [  482] -  str(1) = 1
[INFO ][2015-12-22 18:20:24,540][com.java.TestType] [  485] - Test case Id is---1
[INFO ][2015-12-22 18:20:24,540][com.java.TestType] [  487] - 1
[INFO ][2015-12-22 18:20:24,540][com.java.TestType] [  482] -  str(2) = 14
[INFO ][2015-12-22 18:20:24,540][com.java.TestType] [  534] - row values are--------{1=com.java.Objects.TestDataDetails@1886c83, 2=com.java.Objects.TestDataDetails@18777a6, 3=com.java.Objects.TestDataDetails@124cc9c, 4=com.java.Objects.TestDataDetails@109bb90, 5=com.java.Objects.TestDataDetails@11de0da, 6=com.java.Objects.TestDataDetails@1acc227, 7=com.java.Objects.TestDataDetails@1ac555, 8=com.java.Objects.TestDataDetails@c1a41a, 9=com.java.Objects.TestDataDetails@1f1abd4, 10=com.java.Objects.TestDataDetails@187748f, 11=com.java.Objects.TestDataDetails@1d54c1b, 12=com.java.Objects.TestDataDetails@a0221f, 13=com.java.Objects.TestDataDetails@179a711, 14=com.java.Objects.TestDataDetails@c9d46b}
[INFO ][2015-12-22 18:20:24,540][com.java.TestType] [  482] -  str(1) = 1
[INFO ][2015-12-22 18:20:24,541][com.java.TestType] [  485] - Test case Id is---1
[INFO ][2015-12-22 18:20:24,541][com.java.TestType] [  487] - 1
[INFO ][2015-12-22 18:20:24,541][com.java.TestType] [  482] -  str(2) = 15
[INFO ][2015-12-22 18:20:24,541][com.java.TestType] [  534] - row values are--------{1=com.java.Objects.TestDataDetails@1886c83, 2=com.java.Objects.TestDataDetails@18777a6, 3=com.java.Objects.TestDataDetails@124cc9c, 4=com.java.Objects.TestDataDetails@109bb90, 5=com.java.Objects.TestDataDetails@11de0da, 6=com.java.Objects.TestDataDetails@1acc227, 7=com.java.Objects.TestDataDetails@1ac555, 8=com.java.Objects.TestDataDetails@c1a41a, 9=com.java.Objects.TestDataDetails@1f1abd4, 10=com.java.Objects.TestDataDetails@187748f, 11=com.java.Objects.TestDataDetails@1d54c1b, 12=com.java.Objects.TestDataDetails@a0221f, 13=com.java.Objects.TestDataDetails@179a711, 14=com.java.Objects.TestDataDetails@c9d46b, 15=com.java.Objects.TestDataDetails@537030}
[INFO ][2015-12-22 18:20:24,541][com.java.TestType] [  482] -  str(1) = 1
[INFO ][2015-12-22 18:20:24,542][com.java.TestType] [  485] - Test case Id is---1
[INFO ][2015-12-22 18:20:24,542][com.java.TestType] [  487] - 1
[INFO ][2015-12-22 18:20:24,542][com.java.TestType] [  482] -  str(2) = 16
[INFO ][2015-12-22 18:20:24,543][com.java.TestType] [  534] - row values are--------{1=com.java.Objects.TestDataDetails@1886c83, 2=com.java.Objects.TestDataDetails@18777a6, 3=com.java.Objects.TestDataDetails@124cc9c, 4=com.java.Objects.TestDataDetails@109bb90, 5=com.java.Objects.TestDataDetails@11de0da, 6=com.java.Objects.TestDataDetails@1acc227, 7=com.java.Objects.TestDataDetails@1ac555, 8=com.java.Objects.TestDataDetails@c1a41a, 9=com.java.Objects.TestDataDetails@1f1abd4, 10=com.java.Objects.TestDataDetails@187748f, 11=com.java.Objects.TestDataDetails@1d54c1b, 12=com.java.Objects.TestDataDetails@a0221f, 13=com.java.Objects.TestDataDetails@179a711, 14=com.java.Objects.TestDataDetails@c9d46b, 15=com.java.Objects.TestDataDetails@537030, 16=com.java.Objects.TestDataDetails@1a71e7c}
[INFO ][2015-12-22 18:20:24,543][com.java.TestType] [10274] - Looping 1TCID = 1
[DEBUG][2015-12-22 18:20:24,543][com.java.TestType] [10315] - Concept ID:1 :: Step being Executed: 1::9
[ERROR][2015-12-22 18:20:24,543][com.java.TestType] [10348] - Exception: null
[INFO ][2015-12-22 18:20:24,543][com.java.TestType] [10353] - dataFields : //span[@class='icon-cog2']&&//a[@data-id="UserSettings"]
[DEBUG][2015-12-22 18:20:24,543][com.java.TestType] [10359] - <In Set values of the page>
[DEBUG][2015-12-22 18:20:24,544][com.java.TestType] [10364] - {Data Fields & Data Values Exist}
[INFO ][2015-12-22 18:20:24,544][com.java.TestType] [10370] - --------------------------setting values-----------------------------
[INFO ][2015-12-22 18:20:24,544][com.java.TestType] [10373] - Action Type : MouseOver
[INFO ][2015-12-22 18:20:47,619][com.java.TestType] [10392] -  RESULT true
[INFO ][2015-12-22 18:20:47,619][com.java.TestType] [10509] - ?   P A S S   ?
[DEBUG][2015-12-22 18:20:47,619][com.java.TestType] [10315] - Concept ID:1 :: Step being Executed: 1::10
[INFO ][2015-12-22 18:20:47,619][com.java.TestType] [10353] - dataFields : BTNframeDialogContent
[DEBUG][2015-12-22 18:20:47,619][com.java.TestType] [10359] - <In Set values of the page>
[DEBUG][2015-12-22 18:20:47,619][com.java.TestType] [10364] - {Data Fields & Data Values Exist}
[INFO ][2015-12-22 18:20:47,619][com.java.TestType] [10370] - --------------------------setting values-----------------------------
[INFO ][2015-12-22 18:20:47,619][com.java.TestType] [10373] - Action Type : WaitForElement
[INFO ][2015-12-22 18:20:48,839][com.java.TestType] [10392] -  RESULT true
[INFO ][2015-12-22 18:20:48,839][com.java.TestType] [10509] - ?   P A S S   ?
[DEBUG][2015-12-22 18:20:48,839][com.java.TestType] [10315] - Concept ID:1 :: Step being Executed: 1::11
[INFO ][2015-12-22 18:20:48,839][com.java.TestType] [10353] - dataFields : BTN
[DEBUG][2015-12-22 18:20:48,840][com.java.TestType] [10359] - <In Set values of the page>
[DEBUG][2015-12-22 18:20:48,840][com.java.TestType] [10364] - {Data Fields & Data Values Exist}
[INFO ][2015-12-22 18:20:48,840][com.java.TestType] [10370] - --------------------------setting values-----------------------------
[INFO ][2015-12-22 18:20:48,840][com.java.TestType] [10373] - Action Type : SELECTFRAMEBYNAME
[INFO ][2015-12-22 18:20:48,840][com.java.TestType] [ 5596] - value = frameDialogContent
[INFO ][2015-12-22 18:20:48,910][com.java.TestType] [10392] -  RESULT true
[INFO ][2015-12-22 18:20:48,910][com.java.TestType] [10509] - ?   P A S S   ?
[DEBUG][2015-12-22 18:20:48,911][com.java.TestType] [10315] - Concept ID:1 :: Step being Executed: 1::12
[INFO ][2015-12-22 18:20:48,911][com.java.TestType] [10353] - dataFields : SLBddlOpenBDInNewWindow
[DEBUG][2015-12-22 18:20:48,911][com.java.TestType] [10359] - <In Set values of the page>
[DEBUG][2015-12-22 18:20:48,911][com.java.TestType] [10364] - {Data Fields & Data Values Exist}
[INFO ][2015-12-22 18:20:48,911][com.java.TestType] [10370] - --------------------------setting values-----------------------------
[INFO ][2015-12-22 18:20:48,911][com.java.TestType] [10373] - Action Type : Select
[INFO ][2015-12-22 18:20:48,911][com.java.TestType] [ 5596] - value = No
[INFO ][2015-12-22 18:20:51,233][com.java.TestType] [10392] -  RESULT true
[INFO ][2015-12-22 18:20:51,233][com.java.TestType] [10509] - ?   P A S S   ?
[DEBUG][2015-12-22 18:20:51,233][com.java.TestType] [10315] - Concept ID:1 :: Step being Executed: 1::13
[ERROR][2015-12-22 18:20:51,233][com.java.TestType] [10348] - Exception: null
[INFO ][2015-12-22 18:20:51,233][com.java.TestType] [10353] - dataFields : BTNparent
[DEBUG][2015-12-22 18:20:51,233][com.java.TestType] [10359] - <In Set values of the page>
[DEBUG][2015-12-22 18:20:51,234][com.java.TestType] [10364] - {Data Fields & Data Values Exist}
[INFO ][2015-12-22 18:20:51,234][com.java.TestType] [10370] - --------------------------setting values-----------------------------
[INFO ][2015-12-22 18:20:51,234][com.java.TestType] [10373] - Action Type : SELECTFRAME
[INFO ][2015-12-22 18:20:51,249][com.java.TestType] [10392] -  RESULT true
[INFO ][2015-12-22 18:20:51,249][com.java.TestType] [10509] - ?   P A S S   ?
[DEBUG][2015-12-22 18:20:51,249][com.java.TestType] [10315] - Concept ID:1 :: Step being Executed: 1::14
[ERROR][2015-12-22 18:20:51,249][com.java.TestType] [10348] - Exception: null
[INFO ][2015-12-22 18:20:51,249][com.java.TestType] [10353] - dataFields : BTN//span[text()='Finished']
[DEBUG][2015-12-22 18:20:51,249][com.java.TestType] [10359] - <In Set values of the page>
[DEBUG][2015-12-22 18:20:51,250][com.java.TestType] [10364] - {Data Fields & Data Values Exist}
[INFO ][2015-12-22 18:20:51,250][com.java.TestType] [10370] - --------------------------setting values-----------------------------
[INFO ][2015-12-22 18:20:51,250][com.java.TestType] [10373] - Action Type : Click
[INFO ][2015-12-22 18:20:51,250][com.java.TestType] [ 5975] - Field ::BTN//span[text()='Finished']
[INFO ][2015-12-22 18:20:51,251][com.java.TestType] [ 5596] - value = 
[INFO ][2015-12-22 18:20:52,251][com.java.TestType] [ 6091] - BEFORE CLICK
[INFO ][2015-12-22 18:20:52,475][com.java.TestType] [ 6098] - Unable to click the object Finished button
[INFO ][2015-12-22 18:20:52,475][com.java.TestType] [10392] -  RESULT true
[INFO ][2015-12-22 18:20:52,475][com.java.TestType] [10509] - ?   P A S S   ?
[DEBUG][2015-12-22 18:20:52,476][com.java.TestType] [10315] - Concept ID:1 :: Step being Executed: 1::15
[INFO ][2015-12-22 18:20:52,476][com.java.TestType] [10353] - dataFields : LNK
[DEBUG][2015-12-22 18:20:52,476][com.java.TestType] [10359] - <In Set values of the page>
[DEBUG][2015-12-22 18:20:52,476][com.java.TestType] [10364] - {Data Fields & Data Values Exist}
[INFO ][2015-12-22 18:20:52,476][com.java.TestType] [10370] - --------------------------setting values-----------------------------
[INFO ][2015-12-22 18:20:52,476][com.java.TestType] [10373] - Action Type : Verify
[INFO ][2015-12-22 18:20:52,476][com.java.TestType] [ 6946] - field= LNK value= Logout
[INFO ][2015-12-22 18:20:52,476][com.java.TestType] [ 5596] - value = Logout
[INFO ][2015-12-22 18:20:52,512][com.java.TestType] [10392] -  RESULT true
[INFO ][2015-12-22 18:20:52,512][com.java.TestType] [10509] - ?   P A S S   ?
[DEBUG][2015-12-22 18:20:52,512][com.java.TestType] [10315] - Concept ID:1 :: Step being Executed: 1::16
[INFO ][2015-12-22 18:20:52,512][com.java.TestType] [10353] - dataFields : BTN
[DEBUG][2015-12-22 18:20:52,513][com.java.TestType] [10359] - <In Set values of the page>
[DEBUG][2015-12-22 18:20:52,513][com.java.TestType] [10364] - {Data Fields & Data Values Exist}
[INFO ][2015-12-22 18:20:52,513][com.java.TestType] [10370] - --------------------------setting values-----------------------------
[INFO ][2015-12-22 18:20:52,513][com.java.TestType] [10373] - Action Type : Verify
[INFO ][2015-12-22 18:20:52,513][com.java.TestType] [ 6946] - field= BTN value= //img[contains(@src,'bdlogo.jpg')]
[INFO ][2015-12-22 18:20:52,513][com.java.TestType] [ 5596] - value = //img[contains(@src,'bdlogo.jpg')]
[INFO ][2015-12-22 18:20:52,586][com.java.TestType] [10392] -  RESULT true
[INFO ][2015-12-22 18:20:52,587][com.java.TestType] [10509] - ?   P A S S   ?
[INFO ][2015-12-22 18:20:52,587][com.java.TestType] [10580] - Looping End......
[INFO ][2015-12-22 18:20:52,590][com.java.SeleniumDriver] [  894] -  RESULT true
[INFO ][2015-12-22 18:20:52,590][com.java.SeleniumDriver] [ 1100] - ?   P A S S   ?
[INFO ][2015-12-22 18:20:52,590][com.java.SeleniumDriver] [  821] - ------------------------------------------
[INFO ][2015-12-22 18:20:52,591][com.java.SeleniumDriver] [  822] - Test case being Executed: 17
[INFO ][2015-12-22 18:20:52,591][com.java.SeleniumDriver] [  833] - Test step:23
[INFO ][2015-12-22 18:20:52,591][com.java.SeleniumDriver] [  845] - Datavalue is----------close
[INFO ][2015-12-22 18:20:52,591][com.java.SeleniumDriver] [  869] - DataField : test
[INFO ][2015-12-22 18:20:52,591][com.java.SeleniumDriver] [  871] - DataValue : close
[INFO ][2015-12-22 18:20:52,591][com.java.SeleniumDriver] [  877] - <In Set values of the page>
[INFO ][2015-12-22 18:20:52,591][com.java.SeleniumDriver] [  880] - {Data Fields & Data Values Exist}
[INFO ][2015-12-22 18:20:52,591][com.java.SeleniumDriver] [  882] - --------------------------setting values-----------------------------
[INFO ][2015-12-22 18:20:52,591][com.java.SeleniumDriver] [  885] - Action Type : Logout
[INFO ][2015-12-22 18:20:54,768][com.java.TestType] [ 5975] - Field ::CNF
[INFO ][2015-12-22 18:20:54,768][com.java.TestType] [ 5596] - value = OK
[ERROR][2015-12-22 18:20:55,873][com.java.TestType] [ 6286] - Exception in click:: No alert is active (WARNING: The server did not provide any stacktrace information)
Command duration or timeout: 104 milliseconds
Build info: version: '2.48.2', revision: '41bccdd', time: '2015-10-09 19:59:12'
System info: host: 'FVTIII438F1D', ip: '172.17.68.34', os.name: 'Windows 7', os.arch: 'x86', os.version: '6.1', java.version: '1.7.0_55'
Session ID: 76ce4e3d-b4c4-4621-900f-bfd73bdd611b
Driver info: org.openqa.selenium.ie.InternetExplorerDriver
Capabilities [{platform=WINDOWS, javascriptEnabled=true, elementScrollBehavior=0, ignoreZoomSetting=false, enablePersistentHover=true, ie.ensureCleanSession=false, browserName=internet explorer, enableElementCacheCleanup=true, unexpectedAlertBehaviour=dismiss, version=10, ie.usePerProcessProxy=false, ignoreProtectedModeSettings=true, cssSelectorsEnabled=true, requireWindowFocus=false, initialBrowserUrl=http://localhost:45459/, handlesAlerts=true, ie.forceCreateProcessApi=false, nativeEvents=true, browserAttachTimeout=0, ie.browserCommandLineSwitches=, takesScreenshot=true}]
[INFO ][2015-12-22 18:20:55,873][com.java.TestType] [ 6290] - Element :::: not found
[DEBUG][2015-12-22 18:20:55,890][com.java.SeleniumDriver] [  426] - Hub ip address is-------172.17.68.34
[INFO ][2015-12-22 18:20:55,890][com.java.SeleniumDriver] [  452] - Grid URL:http://172.17.68.34:4444/wd/hub
[INFO ][2015-12-22 18:20:55,890][com.java.SeleniumDriver] [  453] - Capability:Capabilities [{platform=ANY, ensureCleanSession=true, ignoreProtectedModeSettings=true, acceptSslCerts=true, ignoreZoomSetting=true, browserName=internet explorer, browserstack.ie.noFlash=true, version=null}]
[ERROR][2015-12-22 18:20:56,902][com.java.SeleniumDriver] [  497] - Unable invoke browser in grid:Could not start a new session. Possible causes are invalid address of the remote server or browser start-up failure.
Build info: version: '2.48.2', revision: '41bccdd', time: '2015-10-09 19:59:12'
System info: host: 'FVTIII438F1D', ip: '172.17.68.34', os.name: 'Windows 7', os.arch: 'x86', os.version: '6.1', java.version: '1.7.0_55'
Driver info: driver.version: SeleniumDriver
[INFO ][2015-12-22 18:20:56,902][com.java.SeleniumDriver] [  499] - Executing on local machine
[INFO ][2015-12-22 18:21:06,982][com.java.SeleniumDriver] [  894] -  RESULT true
[INFO ][2015-12-22 18:21:06,982][com.java.SeleniumDriver] [ 1100] - ?   P A S S   ?
[INFO ][2015-12-22 18:21:06,982][com.java.SeleniumDriver] [  821] - ------------------------------------------
[INFO ][2015-12-22 18:21:06,982][com.java.SeleniumDriver] [  822] - Test case being Executed: 17
[INFO ][2015-12-22 18:21:06,982][com.java.SeleniumDriver] [  833] - Test step:24
[INFO ][2015-12-22 18:21:06,982][com.java.SeleniumDriver] [  845] - Datavalue is----------10
[INFO ][2015-12-22 18:21:06,982][com.java.SeleniumDriver] [  869] - DataField : LNKLogout
[INFO ][2015-12-22 18:21:06,982][com.java.SeleniumDriver] [  871] - DataValue : 10
[INFO ][2015-12-22 18:21:06,982][com.java.SeleniumDriver] [  877] - <In Set values of the page>
[INFO ][2015-12-22 18:21:06,982][com.java.SeleniumDriver] [  880] - {Data Fields & Data Values Exist}
[INFO ][2015-12-22 18:21:06,983][com.java.SeleniumDriver] [  882] - --------------------------setting values-----------------------------
[INFO ][2015-12-22 18:21:06,983][com.java.SeleniumDriver] [  885] - Action Type : WaitTime
[DEBUG][2015-12-22 18:21:06,983][com.java.TestType] [ 5416] - sleepTime: 10000
[INFO ][2015-12-22 18:21:16,983][com.java.SeleniumDriver] [  894] -  RESULT true
[INFO ][2015-12-22 18:21:16,983][com.java.SeleniumDriver] [ 1100] - ?   P A S S   ?
[INFO ][2015-12-22 18:21:16,983][com.java.SeleniumDriver] [  821] - ------------------------------------------
[INFO ][2015-12-22 18:21:16,983][com.java.SeleniumDriver] [  822] - Test case being Executed: 17
[INFO ][2015-12-22 18:21:16,983][com.java.SeleniumDriver] [  833] - Test step:25
[INFO ][2015-12-22 18:21:16,983][com.java.SeleniumDriver] [  845] - Datavalue is----------null
[DEBUG][2015-12-22 18:21:16,983][com.java.SeleniumDriver] [  863] - Exception: null
[INFO ][2015-12-22 18:21:16,983][com.java.SeleniumDriver] [  869] - DataField : CHK//div[@id="loginbox"]//input[@ng-click='vm.rememberMe()']
[INFO ][2015-12-22 18:21:16,983][com.java.SeleniumDriver] [  871] - DataValue : 
[INFO ][2015-12-22 18:21:16,983][com.java.SeleniumDriver] [  877] - <In Set values of the page>
[INFO ][2015-12-22 18:21:16,983][com.java.SeleniumDriver] [  880] - {Data Fields & Data Values Exist}
[INFO ][2015-12-22 18:21:16,984][com.java.SeleniumDriver] [  882] - --------------------------setting values-----------------------------
[INFO ][2015-12-22 18:21:16,984][com.java.SeleniumDriver] [  885] - Action Type : Check
[INFO ][2015-12-22 18:21:18,152][com.java.SeleniumDriver] [  894] -  RESULT true
[INFO ][2015-12-22 18:21:18,152][com.java.SeleniumDriver] [ 1100] - ?   P A S S   ?
[INFO ][2015-12-22 18:21:18,152][com.java.SeleniumDriver] [  821] - ------------------------------------------
[INFO ][2015-12-22 18:21:18,152][com.java.SeleniumDriver] [  822] - Test case being Executed: 17
[INFO ][2015-12-22 18:21:18,152][com.java.SeleniumDriver] [  833] - Test step:26
[INFO ][2015-12-22 18:21:18,152][com.java.SeleniumDriver] [  845] - Datavalue is----------Concept#1:2-4
[INFO ][2015-12-22 18:21:18,152][com.java.SeleniumDriver] [  869] - DataField : test
[INFO ][2015-12-22 18:21:18,152][com.java.SeleniumDriver] [  871] - DataValue : Concept#1:2-4
[INFO ][2015-12-22 18:21:18,152][com.java.SeleniumDriver] [  877] - <In Set values of the page>
[INFO ][2015-12-22 18:21:18,152][com.java.SeleniumDriver] [  880] - {Data Fields & Data Values Exist}
[INFO ][2015-12-22 18:21:18,152][com.java.SeleniumDriver] [  882] - --------------------------setting values-----------------------------
[INFO ][2015-12-22 18:21:18,152][com.java.SeleniumDriver] [  885] - Action Type : ExecuteTestCase
[INFO ][2015-12-22 18:21:18,153][com.java.TestType] [  437] - The Concept sheet name is ---------- Concept
[INFO ][2015-12-22 18:21:18,153][com.java.TestType] [  440] - The Concept ID  is ---------- 1
[DEBUG][2015-12-22 18:21:18,153][com.java.TestType] [  444] - Steps being executted in the Concept are: 2:4
[INFO ][2015-12-22 18:21:18,153][com.java.TestType] [  451] - Test data details path ---------- D:\BankersDashboard\TestInputs\TestData.xls
[INFO ][2015-12-22 18:21:18,184][com.java.TestType] [  482] -  str(1) = 1
[INFO ][2015-12-22 18:21:18,184][com.java.TestType] [  485] - Test case Id is---1
[INFO ][2015-12-22 18:21:18,184][com.java.TestType] [  487] - 1
[INFO ][2015-12-22 18:21:18,184][com.java.TestType] [  482] -  str(2) = 1
[INFO ][2015-12-22 18:21:18,186][com.java.TestType] [  534] - row values are--------{1=com.java.Objects.TestDataDetails@1666bf5}
[INFO ][2015-12-22 18:21:18,186][com.java.TestType] [  482] -  str(1) = 1
[INFO ][2015-12-22 18:21:18,186][com.java.TestType] [  485] - Test case Id is---1
[INFO ][2015-12-22 18:21:18,187][com.java.TestType] [  487] - 1
[INFO ][2015-12-22 18:21:18,187][com.java.TestType] [  482] -  str(2) = 2
[INFO ][2015-12-22 18:21:18,187][com.java.TestType] [  534] - row values are--------{1=com.java.Objects.TestDataDetails@1666bf5, 2=com.java.Objects.TestDataDetails@f221ad}
[INFO ][2015-12-22 18:21:18,187][com.java.TestType] [  482] -  str(1) = 1
[INFO ][2015-12-22 18:21:18,187][com.java.TestType] [  485] - Test case Id is---1
[INFO ][2015-12-22 18:21:18,188][com.java.TestType] [  487] - 1
[INFO ][2015-12-22 18:21:18,188][com.java.TestType] [  482] -  str(2) = 3
[INFO ][2015-12-22 18:21:18,188][com.java.TestType] [  534] - row values are--------{1=com.java.Objects.TestDataDetails@1666bf5, 2=com.java.Objects.TestDataDetails@f221ad, 3=com.java.Objects.TestDataDetails@1adf776}
[INFO ][2015-12-22 18:21:18,188][com.java.TestType] [  482] -  str(1) = 1
[INFO ][2015-12-22 18:21:18,188][com.java.TestType] [  485] - Test case Id is---1
[INFO ][2015-12-22 18:21:18,188][com.java.TestType] [  487] - 1
[INFO ][2015-12-22 18:21:18,189][com.java.TestType] [  482] -  str(2) = 4
[INFO ][2015-12-22 18:21:18,189][com.java.TestType] [  534] - row values are--------{1=com.java.Objects.TestDataDetails@1666bf5, 2=com.java.Objects.TestDataDetails@f221ad, 3=com.java.Objects.TestDataDetails@1adf776, 4=com.java.Objects.TestDataDetails@c7ac0a}
[INFO ][2015-12-22 18:21:18,189][com.java.TestType] [  482] -  str(1) = 1
[INFO ][2015-12-22 18:21:18,189][com.java.TestType] [  485] - Test case Id is---1
[INFO ][2015-12-22 18:21:18,189][com.java.TestType] [  487] - 1
[INFO ][2015-12-22 18:21:18,190][com.java.TestType] [  482] -  str(2) = 5
[INFO ][2015-12-22 18:21:18,190][com.java.TestType] [  534] - row values are--------{1=com.java.Objects.TestDataDetails@1666bf5, 2=com.java.Objects.TestDataDetails@f221ad, 3=com.java.Objects.TestDataDetails@1adf776, 4=com.java.Objects.TestDataDetails@c7ac0a, 5=com.java.Objects.TestDataDetails@169362e}
[INFO ][2015-12-22 18:21:18,190][com.java.TestType] [  482] -  str(1) = 1
[INFO ][2015-12-22 18:21:18,190][com.java.TestType] [  485] - Test case Id is---1
[INFO ][2015-12-22 18:21:18,190][com.java.TestType] [  487] - 1
[INFO ][2015-12-22 18:21:18,191][com.java.TestType] [  482] -  str(2) = 6
[INFO ][2015-12-22 18:21:18,191][com.java.TestType] [  534] - row values are--------{1=com.java.Objects.TestDataDetails@1666bf5, 2=com.java.Objects.TestDataDetails@f221ad, 3=com.java.Objects.TestDataDetails@1adf776, 4=com.java.Objects.TestDataDetails@c7ac0a, 5=com.java.Objects.TestDataDetails@169362e, 6=com.java.Objects.TestDataDetails@ccc474}
[INFO ][2015-12-22 18:21:18,191][com.java.TestType] [  482] -  str(1) = 1
[INFO ][2015-12-22 18:21:18,191][com.java.TestType] [  485] - Test case Id is---1
[INFO ][2015-12-22 18:21:18,191][com.java.TestType] [  487] - 1
[INFO ][2015-12-22 18:21:18,191][com.java.TestType] [  482] -  str(2) = 7
[INFO ][2015-12-22 18:21:18,192][com.java.TestType] [  534] - row values are--------{1=com.java.Objects.TestDataDetails@1666bf5, 2=com.java.Objects.TestDataDetails@f221ad, 3=com.java.Objects.TestDataDetails@1adf776, 4=com.java.Objects.TestDataDetails@c7ac0a, 5=com.java.Objects.TestDataDetails@169362e, 6=com.java.Objects.TestDataDetails@ccc474, 7=com.java.Objects.TestDataDetails@291890}
[INFO ][2015-12-22 18:21:18,192][com.java.TestType] [  482] -  str(1) = 1
[INFO ][2015-12-22 18:21:18,192][com.java.TestType] [  485] - Test case Id is---1
[INFO ][2015-12-22 18:21:18,192][com.java.TestType] [  487] - 1
[INFO ][2015-12-22 18:21:18,192][com.java.TestType] [  482] -  str(2) = 8
[INFO ][2015-12-22 18:21:18,194][com.java.TestType] [  534] - row values are--------{1=com.java.Objects.TestDataDetails@1666bf5, 2=com.java.Objects.TestDataDetails@f221ad, 3=com.java.Objects.TestDataDetails@1adf776, 4=com.java.Objects.TestDataDetails@c7ac0a, 5=com.java.Objects.TestDataDetails@169362e, 6=com.java.Objects.TestDataDetails@ccc474, 7=com.java.Objects.TestDataDetails@291890, 8=com.java.Objects.TestDataDetails@99bf04}
[INFO ][2015-12-22 18:21:18,194][com.java.TestType] [  482] -  str(1) = 1
[INFO ][2015-12-22 18:21:18,194][com.java.TestType] [  485] - Test case Id is---1
[INFO ][2015-12-22 18:21:18,194][com.java.TestType] [  487] - 1
[INFO ][2015-12-22 18:21:18,194][com.java.TestType] [  482] -  str(2) = 9
[INFO ][2015-12-22 18:21:18,195][com.java.TestType] [  534] - row values are--------{1=com.java.Objects.TestDataDetails@1666bf5, 2=com.java.Objects.TestDataDetails@f221ad, 3=com.java.Objects.TestDataDetails@1adf776, 4=com.java.Objects.TestDataDetails@c7ac0a, 5=com.java.Objects.TestDataDetails@169362e, 6=com.java.Objects.TestDataDetails@ccc474, 7=com.java.Objects.TestDataDetails@291890, 8=com.java.Objects.TestDataDetails@99bf04, 9=com.java.Objects.TestDataDetails@2383b2}
[INFO ][2015-12-22 18:21:18,195][com.java.TestType] [  482] -  str(1) = 1
[INFO ][2015-12-22 18:21:18,195][com.java.TestType] [  485] - Test case Id is---1
[INFO ][2015-12-22 18:21:18,195][com.java.TestType] [  487] - 1
[INFO ][2015-12-22 18:21:18,195][com.java.TestType] [  482] -  str(2) = 10
[INFO ][2015-12-22 18:21:18,196][com.java.TestType] [  534] - row values are--------{1=com.java.Objects.TestDataDetails@1666bf5, 2=com.java.Objects.TestDataDetails@f221ad, 3=com.java.Objects.TestDataDetails@1adf776, 4=com.java.Objects.TestDataDetails@c7ac0a, 5=com.java.Objects.TestDataDetails@169362e, 6=com.java.Objects.TestDataDetails@ccc474, 7=com.java.Objects.TestDataDetails@291890, 8=com.java.Objects.TestDataDetails@99bf04, 9=com.java.Objects.TestDataDetails@2383b2, 10=com.java.Objects.TestDataDetails@13b7453}
[INFO ][2015-12-22 18:21:18,196][com.java.TestType] [  482] -  str(1) = 1
[INFO ][2015-12-22 18:21:18,196][com.java.TestType] [  485] - Test case Id is---1
[INFO ][2015-12-22 18:21:18,196][com.java.TestType] [  487] - 1
[INFO ][2015-12-22 18:21:18,196][com.java.TestType] [  482] -  str(2) = 11
[INFO ][2015-12-22 18:21:18,197][com.java.TestType] [  534] - row values are--------{1=com.java.Objects.TestDataDetails@1666bf5, 2=com.java.Objects.TestDataDetails@f221ad, 3=com.java.Objects.TestDataDetails@1adf776, 4=com.java.Objects.TestDataDetails@c7ac0a, 5=com.java.Objects.TestDataDetails@169362e, 6=com.java.Objects.TestDataDetails@ccc474, 7=com.java.Objects.TestDataDetails@291890, 8=com.java.Objects.TestDataDetails@99bf04, 9=com.java.Objects.TestDataDetails@2383b2, 10=com.java.Objects.TestDataDetails@13b7453, 11=com.java.Objects.TestDataDetails@1d20c2}
[INFO ][2015-12-22 18:21:18,197][com.java.TestType] [  482] -  str(1) = 1
[INFO ][2015-12-22 18:21:18,197][com.java.TestType] [  485] - Test case Id is---1
[INFO ][2015-12-22 18:21:18,197][com.java.TestType] [  487] - 1
[INFO ][2015-12-22 18:21:18,197][com.java.TestType] [  482] -  str(2) = 12
[INFO ][2015-12-22 18:21:18,198][com.java.TestType] [  534] - row values are--------{1=com.java.Objects.TestDataDetails@1666bf5, 2=com.java.Objects.TestDataDetails@f221ad, 3=com.java.Objects.TestDataDetails@1adf776, 4=com.java.Objects.TestDataDetails@c7ac0a, 5=com.java.Objects.TestDataDetails@169362e, 6=com.java.Objects.TestDataDetails@ccc474, 7=com.java.Objects.TestDataDetails@291890, 8=com.java.Objects.TestDataDetails@99bf04, 9=com.java.Objects.TestDataDetails@2383b2, 10=com.java.Objects.TestDataDetails@13b7453, 11=com.java.Objects.TestDataDetails@1d20c2, 12=com.java.Objects.TestDataDetails@7a754f}
[INFO ][2015-12-22 18:21:18,198][com.java.TestType] [  482] -  str(1) = 1
[INFO ][2015-12-22 18:21:18,198][com.java.TestType] [  485] - Test case Id is---1
[INFO ][2015-12-22 18:21:18,198][com.java.TestType] [  487] - 1
[INFO ][2015-12-22 18:21:18,198][com.java.TestType] [  482] -  str(2) = 13
[INFO ][2015-12-22 18:21:18,199][com.java.TestType] [  534] - row values are--------{1=com.java.Objects.TestDataDetails@1666bf5, 2=com.java.Objects.TestDataDetails@f221ad, 3=com.java.Objects.TestDataDetails@1adf776, 4=com.java.Objects.TestDataDetails@c7ac0a, 5=com.java.Objects.TestDataDetails@169362e, 6=com.java.Objects.TestDataDetails@ccc474, 7=com.java.Objects.TestDataDetails@291890, 8=com.java.Objects.TestDataDetails@99bf04, 9=com.java.Objects.TestDataDetails@2383b2, 10=com.java.Objects.TestDataDetails@13b7453, 11=com.java.Objects.TestDataDetails@1d20c2, 12=com.java.Objects.TestDataDetails@7a754f, 13=com.java.Objects.TestDataDetails@1d7c4e3}
[INFO ][2015-12-22 18:21:18,199][com.java.TestType] [  482] -  str(1) = 1
[INFO ][2015-12-22 18:21:18,199][com.java.TestType] [  485] - Test case Id is---1
[INFO ][2015-12-22 18:21:18,199][com.java.TestType] [  487] - 1
[INFO ][2015-12-22 18:21:18,199][com.java.TestType] [  482] -  str(2) = 14
[INFO ][2015-12-22 18:21:18,200][com.java.TestType] [  534] - row values are--------{1=com.java.Objects.TestDataDetails@1666bf5, 2=com.java.Objects.TestDataDetails@f221ad, 3=com.java.Objects.TestDataDetails@1adf776, 4=com.java.Objects.TestDataDetails@c7ac0a, 5=com.java.Objects.TestDataDetails@169362e, 6=com.java.Objects.TestDataDetails@ccc474, 7=com.java.Objects.TestDataDetails@291890, 8=com.java.Objects.TestDataDetails@99bf04, 9=com.java.Objects.TestDataDetails@2383b2, 10=com.java.Objects.TestDataDetails@13b7453, 11=com.java.Objects.TestDataDetails@1d20c2, 12=com.java.Objects.TestDataDetails@7a754f, 13=com.java.Objects.TestDataDetails@1d7c4e3, 14=com.java.Objects.TestDataDetails@67f47c}
[INFO ][2015-12-22 18:21:18,200][com.java.TestType] [  482] -  str(1) = 1
[INFO ][2015-12-22 18:21:18,200][com.java.TestType] [  485] - Test case Id is---1
[INFO ][2015-12-22 18:21:18,200][com.java.TestType] [  487] - 1
[INFO ][2015-12-22 18:21:18,200][com.java.TestType] [  482] -  str(2) = 15
[INFO ][2015-12-22 18:21:18,201][com.java.TestType] [  534] - row values are--------{1=com.java.Objects.TestDataDetails@1666bf5, 2=com.java.Objects.TestDataDetails@f221ad, 3=com.java.Objects.TestDataDetails@1adf776, 4=com.java.Objects.TestDataDetails@c7ac0a, 5=com.java.Objects.TestDataDetails@169362e, 6=com.java.Objects.TestDataDetails@ccc474, 7=com.java.Objects.TestDataDetails@291890, 8=com.java.Objects.TestDataDetails@99bf04, 9=com.java.Objects.TestDataDetails@2383b2, 10=com.java.Objects.TestDataDetails@13b7453, 11=com.java.Objects.TestDataDetails@1d20c2, 12=com.java.Objects.TestDataDetails@7a754f, 13=com.java.Objects.TestDataDetails@1d7c4e3, 14=com.java.Objects.TestDataDetails@67f47c, 15=com.java.Objects.TestDataDetails@1faade5}
[INFO ][2015-12-22 18:21:18,201][com.java.TestType] [  482] -  str(1) = 1
[INFO ][2015-12-22 18:21:18,201][com.java.TestType] [  485] - Test case Id is---1
[INFO ][2015-12-22 18:21:18,201][com.java.TestType] [  487] - 1
[INFO ][2015-12-22 18:21:18,201][com.java.TestType] [  482] -  str(2) = 16
[INFO ][2015-12-22 18:21:18,202][com.java.TestType] [  534] - row values are--------{1=com.java.Objects.TestDataDetails@1666bf5, 2=com.java.Objects.TestDataDetails@f221ad, 3=com.java.Objects.TestDataDetails@1adf776, 4=com.java.Objects.TestDataDetails@c7ac0a, 5=com.java.Objects.TestDataDetails@169362e, 6=com.java.Objects.TestDataDetails@ccc474, 7=com.java.Objects.TestDataDetails@291890, 8=com.java.Objects.TestDataDetails@99bf04, 9=com.java.Objects.TestDataDetails@2383b2, 10=com.java.Objects.TestDataDetails@13b7453, 11=com.java.Objects.TestDataDetails@1d20c2, 12=com.java.Objects.TestDataDetails@7a754f, 13=com.java.Objects.TestDataDetails@1d7c4e3, 14=com.java.Objects.TestDataDetails@67f47c, 15=com.java.Objects.TestDataDetails@1faade5, 16=com.java.Objects.TestDataDetails@f1e2d9}
[INFO ][2015-12-22 18:21:18,202][com.java.TestType] [10274] - Looping 1TCID = 1
[DEBUG][2015-12-22 18:21:18,202][com.java.TestType] [10315] - Concept ID:1 :: Step being Executed: 1::2
[INFO ][2015-12-22 18:21:18,202][com.java.TestType] [10353] - dataFields : TXTpassword
[DEBUG][2015-12-22 18:21:18,202][com.java.TestType] [10359] - <In Set values of the page>
[DEBUG][2015-12-22 18:21:18,203][com.java.TestType] [10364] - {Data Fields & Data Values Exist}
[INFO ][2015-12-22 18:21:18,203][com.java.TestType] [10370] - --------------------------setting values-----------------------------
[INFO ][2015-12-22 18:21:18,203][com.java.TestType] [10373] - Action Type : CLEARANDENTER
[INFO ][2015-12-22 18:21:18,203][com.java.TestType] [ 5596] - value = Password1*
[INFO ][2015-12-22 18:21:23,017][com.java.TestType] [10392] -  RESULT true
[INFO ][2015-12-22 18:21:23,017][com.java.TestType] [10509] - ?   P A S S   ?
[DEBUG][2015-12-22 18:21:23,017][com.java.TestType] [10315] - Concept ID:1 :: Step being Executed: 1::3
[ERROR][2015-12-22 18:21:23,017][com.java.TestType] [10348] - Exception: null
[INFO ][2015-12-22 18:21:23,017][com.java.TestType] [10353] - dataFields : XPH//button[@type='submit']
[DEBUG][2015-12-22 18:21:23,017][com.java.TestType] [10359] - <In Set values of the page>
[DEBUG][2015-12-22 18:21:23,017][com.java.TestType] [10364] - {Data Fields & Data Values Exist}
[INFO ][2015-12-22 18:21:23,017][com.java.TestType] [10370] - --------------------------setting values-----------------------------
[INFO ][2015-12-22 18:21:23,018][com.java.TestType] [10373] - Action Type : Click
[INFO ][2015-12-22 18:21:23,018][com.java.TestType] [ 5975] - Field ::XPH//button[@type='submit']
[INFO ][2015-12-22 18:21:23,018][com.java.TestType] [ 5596] - value = 
[INFO ][2015-12-22 18:21:24,018][com.java.TestType] [ 6112] - BEFORE CLICK
[INFO ][2015-12-22 18:21:24,833][com.java.TestType] [ 6120] - Unable to click the object Login
[INFO ][2015-12-22 18:21:24,833][com.java.TestType] [10392] -  RESULT true
[INFO ][2015-12-22 18:21:24,833][com.java.TestType] [10509] - ?   P A S S   ?
[DEBUG][2015-12-22 18:21:24,833][com.java.TestType] [10315] - Concept ID:1 :: Step being Executed: 1::4
[INFO ][2015-12-22 18:21:24,833][com.java.TestType] [10353] - dataFields : LNKLogout
[DEBUG][2015-12-22 18:21:24,833][com.java.TestType] [10359] - <In Set values of the page>
[DEBUG][2015-12-22 18:21:24,833][com.java.TestType] [10364] - {Data Fields & Data Values Exist}
[INFO ][2015-12-22 18:21:24,833][com.java.TestType] [10370] - --------------------------setting values-----------------------------
[INFO ][2015-12-22 18:21:24,833][com.java.TestType] [10373] - Action Type : WaitForElement
[DEBUG][2015-12-22 18:22:58,163][com.java.TestType] [ 6631] - link=Logout   :: Link not Found
[INFO ][2015-12-22 18:22:58,163][com.java.TestType] [10392] -  RESULT false
[INFO ][2015-12-22 18:22:58,163][com.java.TestType] [10430] - ?   F A I L   ?
[DEBUG][2015-12-22 18:22:58,163][com.java.TestType] [10433] - Browser Type : IE10
[INFO ][2015-12-22 18:22:58,163][com.java.TestType] [10580] - Looping End......
[INFO ][2015-12-22 18:22:58,167][com.java.SeleniumDriver] [  894] -  RESULT true
[INFO ][2015-12-22 18:22:58,167][com.java.SeleniumDriver] [ 1100] - ?   P A S S   ?
[INFO ][2015-12-22 18:22:58,168][com.java.SeleniumDriver] [  821] - ------------------------------------------
[INFO ][2015-12-22 18:22:58,168][com.java.SeleniumDriver] [  822] - Test case being Executed: 17
[INFO ][2015-12-22 18:22:58,168][com.java.SeleniumDriver] [  833] - Test step:27
[INFO ][2015-12-22 18:22:58,168][com.java.SeleniumDriver] [  845] - Datavalue is----------10
[INFO ][2015-12-22 18:22:58,168][com.java.SeleniumDriver] [  869] - DataField : LNKLogout
[INFO ][2015-12-22 18:22:58,168][com.java.SeleniumDriver] [  871] - DataValue : 10
[INFO ][2015-12-22 18:22:58,168][com.java.SeleniumDriver] [  877] - <In Set values of the page>
[INFO ][2015-12-22 18:22:58,168][com.java.SeleniumDriver] [  880] - {Data Fields & Data Values Exist}
[INFO ][2015-12-22 18:22:58,168][com.java.SeleniumDriver] [  882] - --------------------------setting values-----------------------------
[INFO ][2015-12-22 18:22:58,168][com.java.SeleniumDriver] [  885] - Action Type : WaitTime
[DEBUG][2015-12-22 18:22:58,168][com.java.TestType] [ 5416] - sleepTime: 10000
[INFO ][2015-12-22 18:23:08,168][com.java.SeleniumDriver] [  894] -  RESULT true
[INFO ][2015-12-22 18:23:08,168][com.java.SeleniumDriver] [ 1100] - ?   P A S S   ?
[INFO ][2015-12-22 18:23:08,168][com.java.SeleniumDriver] [  821] - ------------------------------------------
[INFO ][2015-12-22 18:23:08,168][com.java.SeleniumDriver] [  822] - Test case being Executed: 17
[INFO ][2015-12-22 18:23:08,168][com.java.SeleniumDriver] [  833] - Test step:28
[INFO ][2015-12-22 18:23:08,168][com.java.SeleniumDriver] [  845] - Datavalue is----------Banker's Dashboard
[INFO ][2015-12-22 18:23:08,168][com.java.SeleniumDriver] [  869] - DataField : TTL
[INFO ][2015-12-22 18:23:08,168][com.java.SeleniumDriver] [  871] - DataValue : Banker's Dashboard
[INFO ][2015-12-22 18:23:08,168][com.java.SeleniumDriver] [  877] - <In Set values of the page>
[INFO ][2015-12-22 18:23:08,168][com.java.SeleniumDriver] [  880] - {Data Fields & Data Values Exist}
[INFO ][2015-12-22 18:23:08,168][com.java.SeleniumDriver] [  882] - --------------------------setting values-----------------------------
[INFO ][2015-12-22 18:23:08,168][com.java.SeleniumDriver] [  885] - Action Type : SelectWindow
[INFO ][2015-12-22 18:23:20,771][com.java.SeleniumDriver] [  894] -  RESULT true
[INFO ][2015-12-22 18:23:20,771][com.java.SeleniumDriver] [ 1100] - ?   P A S S   ?
[INFO ][2015-12-22 18:23:20,771][com.java.SeleniumDriver] [  821] - ------------------------------------------
[INFO ][2015-12-22 18:23:20,771][com.java.SeleniumDriver] [  822] - Test case being Executed: 17
[INFO ][2015-12-22 18:23:20,771][com.java.SeleniumDriver] [  833] - Test step:29
[INFO ][2015-12-22 18:23:20,771][com.java.SeleniumDriver] [  845] - Datavalue is----------test
[INFO ][2015-12-22 18:23:20,771][com.java.SeleniumDriver] [  869] - DataField : test
[INFO ][2015-12-22 18:23:20,771][com.java.SeleniumDriver] [  871] - DataValue : test
[INFO ][2015-12-22 18:23:20,771][com.java.SeleniumDriver] [  877] - <In Set values of the page>
[INFO ][2015-12-22 18:23:20,771][com.java.SeleniumDriver] [  880] - {Data Fields & Data Values Exist}
[INFO ][2015-12-22 18:23:20,771][com.java.SeleniumDriver] [  882] - --------------------------setting values-----------------------------
[INFO ][2015-12-22 18:23:20,772][com.java.SeleniumDriver] [  885] - Action Type : CLEARBROWSERCACHE
[INFO ][2015-12-22 18:23:25,914][com.java.SeleniumDriver] [  894] -  RESULT true
[INFO ][2015-12-22 18:23:25,914][com.java.SeleniumDriver] [ 1100] - ?   P A S S   ?
[INFO ][2015-12-22 18:23:25,914][com.java.SeleniumDriver] [  821] - ------------------------------------------
[INFO ][2015-12-22 18:23:25,914][com.java.SeleniumDriver] [  822] - Test case being Executed: 17
[INFO ][2015-12-22 18:23:25,914][com.java.SeleniumDriver] [  833] - Test step:30
[INFO ][2015-12-22 18:23:25,914][com.java.SeleniumDriver] [  845] - Datavalue is----------close
[INFO ][2015-12-22 18:23:25,914][com.java.SeleniumDriver] [  869] - DataField : test
[INFO ][2015-12-22 18:23:25,914][com.java.SeleniumDriver] [  871] - DataValue : close
[INFO ][2015-12-22 18:23:25,914][com.java.SeleniumDriver] [  877] - <In Set values of the page>
[INFO ][2015-12-22 18:23:25,914][com.java.SeleniumDriver] [  880] - {Data Fields & Data Values Exist}
[INFO ][2015-12-22 18:23:25,914][com.java.SeleniumDriver] [  882] - --------------------------setting values-----------------------------
[INFO ][2015-12-22 18:23:25,914][com.java.SeleniumDriver] [  885] - Action Type : Logout
[INFO ][2015-12-22 18:23:28,135][com.java.TestType] [ 5975] - Field ::CNF
[INFO ][2015-12-22 18:23:28,135][com.java.TestType] [ 5596] - value = OK
[ERROR][2015-12-22 18:23:29,241][com.java.TestType] [ 6286] - Exception in click:: No alert is active (WARNING: The server did not provide any stacktrace information)
Command duration or timeout: 105 milliseconds
Build info: version: '2.48.2', revision: '41bccdd', time: '2015-10-09 19:59:12'
System info: host: 'FVTIII438F1D', ip: '172.17.68.34', os.name: 'Windows 7', os.arch: 'x86', os.version: '6.1', java.version: '1.7.0_55'
Session ID: 4168278d-6d11-4fb8-bced-0bc6336d2e9d
Driver info: org.openqa.selenium.ie.InternetExplorerDriver
Capabilities [{platform=WINDOWS, javascriptEnabled=true, elementScrollBehavior=0, ignoreZoomSetting=false, enablePersistentHover=true, ie.ensureCleanSession=false, browserName=internet explorer, enableElementCacheCleanup=true, unexpectedAlertBehaviour=dismiss, version=10, ie.usePerProcessProxy=false, ignoreProtectedModeSettings=true, cssSelectorsEnabled=true, requireWindowFocus=false, initialBrowserUrl=http://localhost:18510/, handlesAlerts=true, ie.forceCreateProcessApi=false, nativeEvents=true, browserAttachTimeout=0, ie.browserCommandLineSwitches=, takesScreenshot=true}]
[INFO ][2015-12-22 18:23:29,242][com.java.TestType] [ 6290] - Element :::: not found
[DEBUG][2015-12-22 18:23:29,258][com.java.SeleniumDriver] [  426] - Hub ip address is-------172.17.68.34
[INFO ][2015-12-22 18:23:29,258][com.java.SeleniumDriver] [  452] - Grid URL:http://172.17.68.34:4444/wd/hub
[INFO ][2015-12-22 18:23:29,258][com.java.SeleniumDriver] [  453] - Capability:Capabilities [{platform=ANY, ensureCleanSession=true, ignoreProtectedModeSettings=true, acceptSslCerts=true, ignoreZoomSetting=true, browserName=internet explorer, browserstack.ie.noFlash=true, version=null}]
[ERROR][2015-12-22 18:23:30,260][com.java.SeleniumDriver] [  497] - Unable invoke browser in grid:Could not start a new session. Possible causes are invalid address of the remote server or browser start-up failure.
Build info: version: '2.48.2', revision: '41bccdd', time: '2015-10-09 19:59:12'
System info: host: 'FVTIII438F1D', ip: '172.17.68.34', os.name: 'Windows 7', os.arch: 'x86', os.version: '6.1', java.version: '1.7.0_55'
Driver info: driver.version: SeleniumDriver
[INFO ][2015-12-22 18:23:30,261][com.java.SeleniumDriver] [  499] - Executing on local machine
[INFO ][2015-12-22 18:23:40,378][com.java.SeleniumDriver] [  894] -  RESULT true
[INFO ][2015-12-22 18:23:40,378][com.java.SeleniumDriver] [ 1100] - ?   P A S S   ?
[INFO ][2015-12-22 18:23:40,378][com.java.SeleniumDriver] [  821] - ------------------------------------------
[INFO ][2015-12-22 18:23:40,378][com.java.SeleniumDriver] [  822] - Test case being Executed: 17
[INFO ][2015-12-22 18:23:40,378][com.java.SeleniumDriver] [  833] - Test step:31
[INFO ][2015-12-22 18:23:40,378][com.java.SeleniumDriver] [  845] - Datavalue is----------//input[@ng-model="vm.rememberUsername"]
[INFO ][2015-12-22 18:23:40,378][com.java.SeleniumDriver] [  869] - DataField : SLT
[INFO ][2015-12-22 18:23:40,378][com.java.SeleniumDriver] [  871] - DataValue : //input[@ng-model="vm.rememberUsername"]
[INFO ][2015-12-22 18:23:40,378][com.java.SeleniumDriver] [  877] - <In Set values of the page>
[INFO ][2015-12-22 18:23:40,379][com.java.SeleniumDriver] [  880] - {Data Fields & Data Values Exist}
[INFO ][2015-12-22 18:23:40,379][com.java.SeleniumDriver] [  882] - --------------------------setting values-----------------------------
[INFO ][2015-12-22 18:23:40,379][com.java.SeleniumDriver] [  885] - Action Type : Verify
[INFO ][2015-12-22 18:23:40,379][com.java.TestType] [ 6946] - field= SLT value= //input[@ng-model="vm.rememberUsername"]
[INFO ][2015-12-22 18:23:40,379][com.java.TestType] [ 5596] - value = //input[@ng-model="vm.rememberUsername"]
[INFO ][2015-12-22 18:23:40,485][com.java.SeleniumDriver] [  894] -  RESULT true
[INFO ][2015-12-22 18:23:40,485][com.java.SeleniumDriver] [ 1100] - ?   P A S S   ?
[INFO ][2015-12-22 18:23:40,485][com.java.SeleniumDriver] [  821] - ------------------------------------------
[INFO ][2015-12-22 18:23:40,485][com.java.SeleniumDriver] [  822] - Test case being Executed: 17
[INFO ][2015-12-22 18:23:40,485][com.java.SeleniumDriver] [  833] - Test step:32
[INFO ][2015-12-22 18:23:40,487][com.java.SeleniumDriver] [  845] - Datavalue is----------Concept#3:1-2
[INFO ][2015-12-22 18:23:40,487][com.java.SeleniumDriver] [  869] - DataField : test
[INFO ][2015-12-22 18:23:40,487][com.java.SeleniumDriver] [  871] - DataValue : Concept#3:1-2
[INFO ][2015-12-22 18:23:40,487][com.java.SeleniumDriver] [  877] - <In Set values of the page>
[INFO ][2015-12-22 18:23:40,487][com.java.SeleniumDriver] [  880] - {Data Fields & Data Values Exist}
[INFO ][2015-12-22 18:23:40,487][com.java.SeleniumDriver] [  882] - --------------------------setting values-----------------------------
[INFO ][2015-12-22 18:23:40,487][com.java.SeleniumDriver] [  885] - Action Type : ExecuteTestCase
[INFO ][2015-12-22 18:23:40,487][com.java.TestType] [  437] - The Concept sheet name is ---------- Concept
[INFO ][2015-12-22 18:23:40,487][com.java.TestType] [  440] - The Concept ID  is ---------- 3
[DEBUG][2015-12-22 18:23:40,487][com.java.TestType] [  444] - Steps being executted in the Concept are: 1:2
[INFO ][2015-12-22 18:23:40,488][com.java.TestType] [  451] - Test data details path ---------- D:\BankersDashboard\TestInputs\TestData.xls
[INFO ][2015-12-22 18:23:40,518][com.java.TestType] [  482] -  str(1) = 3
[INFO ][2015-12-22 18:23:40,518][com.java.TestType] [  485] - Test case Id is---3
[INFO ][2015-12-22 18:23:40,518][com.java.TestType] [  487] - 3
[INFO ][2015-12-22 18:23:40,518][com.java.TestType] [  482] -  str(2) = 1
[INFO ][2015-12-22 18:23:40,519][com.java.TestType] [  534] - row values are--------{1=com.java.Objects.TestDataDetails@c2ae54}
[INFO ][2015-12-22 18:23:40,520][com.java.TestType] [  482] -  str(1) = 3
[INFO ][2015-12-22 18:23:40,520][com.java.TestType] [  485] - Test case Id is---3
[INFO ][2015-12-22 18:23:40,520][com.java.TestType] [  487] - 3
[INFO ][2015-12-22 18:23:40,520][com.java.TestType] [  482] -  str(2) = 2
[INFO ][2015-12-22 18:23:40,520][com.java.TestType] [  534] - row values are--------{1=com.java.Objects.TestDataDetails@c2ae54, 2=com.java.Objects.TestDataDetails@14efeb2}
[INFO ][2015-12-22 18:23:40,520][com.java.TestType] [10274] - Looping 1TCID = 3
[DEBUG][2015-12-22 18:23:40,521][com.java.TestType] [10315] - Concept ID:3 :: Step being Executed: 3::1
[INFO ][2015-12-22 18:23:40,521][com.java.TestType] [10353] - dataFields : test
[DEBUG][2015-12-22 18:23:40,521][com.java.TestType] [10359] - <In Set values of the page>
[DEBUG][2015-12-22 18:23:40,521][com.java.TestType] [10364] - {Data Fields & Data Values Exist}
[INFO ][2015-12-22 18:23:40,521][com.java.TestType] [10370] - --------------------------setting values-----------------------------
[INFO ][2015-12-22 18:23:40,521][com.java.TestType] [10373] - Action Type : Logout
[INFO ][2015-12-22 18:23:40,797][com.java.TestType] [10392] -  RESULT false
[INFO ][2015-12-22 18:23:40,797][com.java.TestType] [10430] - ?   F A I L   ?
[DEBUG][2015-12-22 18:23:40,797][com.java.TestType] [10433] - Browser Type : IE10
[INFO ][2015-12-22 18:23:40,800][com.java.SeleniumDriver] [  894] -  RESULT false
[INFO ][2015-12-22 18:23:40,801][com.java.SeleniumDriver] [  941] - ?   F A I L   ?
[INFO ][2015-12-22 18:23:40,801][com.java.SeleniumDriver] [  949] - Browser Type : IE10
[INFO ][2015-12-22 18:23:40,801][com.java.SeleniumDriver] [  950] - Adding Failed case17
[INFO ][2015-12-22 18:23:41,442][com.java.SeleniumDriver] [ 1064] - failedCases = 17
[ERROR][2015-12-22 18:23:41,442][com.java.SeleniumDriver] [ 1561] - Platform Errors : Our apologies...::We have encountered an issue with your request.::Our apologies?:We encountered an issue with your request.
[INFO ][2015-12-22 18:23:41,442][com.java.SeleniumDriver] [ 1565] - Length =3
[ERROR][2015-12-22 18:23:41,443][com.java.SeleniumDriver] [ 1568] - Error 0 = Our apologies...
[ERROR][2015-12-22 18:23:41,469][com.java.SeleniumDriver] [ 1568] - Error 1 = We have encountered an issue with your request.
[ERROR][2015-12-22 18:23:41,495][com.java.SeleniumDriver] [ 1568] - Error 2 = Our apologies?:We encountered an issue with your request.
[INFO ][2015-12-22 18:23:41,521][com.java.SeleniumDriver] [ 1579] - strError:
[DEBUG][2015-12-22 18:23:41,536][com.java.SeleniumDriver] [ 1212] - Case found
[DEBUG][2015-12-22 18:23:41,536][com.java.SeleniumDriver] [ 1217] - Incrementing ReportCounters[0]:1
[INFO ][2015-12-22 18:23:41,536][com.java.SeleniumDriver] [ 1236] - The results are-------------------[17, 32, BD-LOGIN: Disable Autocomplete HTML - No Save, Logout & Leave Browser Open, Fail, 
Test case failed at Step No. :: 32   Error Message ::  In CONCEPT: Test case failed at Step No. :: 1   Error Message ::  Failed to logout from applicaiton. Screen Shot : D:\BankersDashboard\TestReports\122215\17_122215_182340_IE10.png, Tue Dec 22 18:23:41 IST 2015]
[INFO ][2015-12-22 18:23:41,536][com.java.SeleniumDriver] [ 1240] - End time is-------5 min 51 sec
[INFO ][2015-12-22 18:23:41,536][com.java.SeleniumDriver] [ 1241] - The results are-------------------[17, 32, BD-LOGIN: Disable Autocomplete HTML - No Save, Logout & Leave Browser Open, Fail, 
Test case failed at Step No. :: 32   Error Message ::  In CONCEPT: Test case failed at Step No. :: 1   Error Message ::  Failed to logout from applicaiton. Screen Shot : D:\BankersDashboard\TestReports\122215\17_122215_182340_IE10.png, Tue Dec 22 18:23:41 IST 2015]
[DEBUG][2015-12-22 18:23:41,536][com.java.ImportnExport.ExportTestResultsExcel] [  222] - testResultPath = D:\BankersDashboard/TestReports/Test Results_BankersDashBoard_122215_181752_IE10_Bank of North Carolina.xls
[DEBUG][2015-12-22 18:23:41,536][com.java.ImportnExport.ExportTestResultsExcel] [  223] - browser is------------IE10
[DEBUG][2015-12-22 18:23:41,580][com.java.ImportnExport.ExportTestResultsExcel] [  270] - result.size() = 6
[DEBUG][2015-12-22 18:23:41,581][com.java.ImportnExport.ExportTestResultsExcel] [  274] - No of rows in sheet=1
[DEBUG][2015-12-22 18:23:41,581][com.java.ImportnExport.ExportTestResultsExcel] [  301] - ..in export..17
[DEBUG][2015-12-22 18:23:41,581][com.java.ImportnExport.ExportTestResultsExcel] [  301] - ..in export..BD-LOGIN: Disable Autocomplete HTML - No Save, Logout & Leave Browser Open
[DEBUG][2015-12-22 18:23:41,581][com.java.ImportnExport.ExportTestResultsExcel] [  301] - ..in export..Fail
[DEBUG][2015-12-22 18:23:41,581][com.java.ImportnExport.ExportTestResultsExcel] [  301] - ..in export..
Test case failed at Step No. :: 32   Error Message ::  In CONCEPT: Test case failed at Step No. :: 1   Error Message ::  Failed to logout from applicaiton. Screen Shot : D:\BankersDashboard\TestReports\122215\17_122215_182340_IE10.png
[DEBUG][2015-12-22 18:23:41,581][com.java.ImportnExport.ExportTestResultsExcel] [  301] - ..in export..Tue Dec 22 18:23:41 IST 2015
[INFO ][2015-12-22 18:23:41,583][com.java.SeleniumDriver] [ 1299] - out loop:0 size:1 TestCases:[17] testcases:[17]
[INFO ][2015-12-22 18:23:43,583][com.java.SeleniumDriver] [ 1342] - Total Number of Cases:1
[INFO ][2015-12-22 18:23:43,583][com.java.TemplateGenerator] [  302] - Executed:1
[INFO ][2015-12-22 18:23:43,583][com.java.TemplateGenerator] [  303] - Passed:0
[INFO ][2015-12-22 18:23:43,583][com.java.TemplateGenerator] [  304] - Failed:1
[INFO ][2015-12-22 18:23:43,583][com.java.TemplateGenerator] [  305] - Skipeed:0
[INFO ][2015-12-22 18:23:43,583][com.java.TemplateGenerator] [  306] - Application URL:https://clients-xuat.bankersdashboard.com
[INFO ][2015-12-22 18:23:43,583][com.java.TemplateGenerator] [  307] - Start Time:122215_181752
[INFO ][2015-12-22 18:23:43,583][com.java.TemplateGenerator] [  308] -  Creating HTML Report 
[ERROR][2015-12-22 18:23:43,584][com.java.TemplateGenerator] [  409] - Unparseable date: "Tue Dec 22 06:17:52 IST 2015"
[INFO ][2015-12-22 18:23:43,584][com.java.TemplateGenerator] [  654] -  Exporting case :: 17
[INFO ][2015-12-22 18:23:43,588][com.java.SeleniumDriver] [ 1391] - End Time:122215_182343
[INFO ][2015-12-22 18:23:43,589][com.java.SeleniumDriver] [ 1394] - Data in Test Execution Details:{17=FAILTest case failed at Step No. :: 32   Error Message ::  In CONCEPT: Test case failed at Step No. :: 1   Error Message ::  Failed to logout from applicaiton}
[INFO ][2015-12-22 18:23:43,589][com.java.SeleniumDriver] [ 1395] - Data in Failed Execution Deatils:{}
[INFO ][2015-12-22 18:23:43,589][com.java.SeleniumDriver] [ 1397] - ReportCounter:Total:1 :: PASS: 0 ::FAIL: 1
[INFO ][2015-12-22 18:23:43,589][com.java.SeleniumDriver] [ 1398] - FailedReportCounter:Total:0 :: PASS: 0 ::FAIL: 0
[INFO ][2015-12-22 18:23:43,597][com.java.EmailTestReport] [   63] - Sending report mail details:
[INFO ][2015-12-22 18:23:43,597][com.java.EmailTestReport] [   80] - Excel Report Path:D:\BankersDashboard/TestReports/Test Results_BankersDashBoard_122215_181752_IE10_Bank of North Carolina.xls
[INFO ][2015-12-22 18:23:43,597][com.java.EmailTestReport] [   81] - HTML Report Path:D:\BankersDashboard//TestReports//Test Results_BankersDashBoard_122215_181752_IE10_Bank of North Carolina.html
[INFO ][2015-12-22 18:23:43,597][com.java.EmailTestReport] [   82] - smtpHostName:mail01.valuelabs.com
[INFO ][2015-12-22 18:23:43,597][com.java.EmailTestReport] [   83] - Recipient:venkateswararao.gubbala@valuelabs.com;
[INFO ][2015-12-22 18:23:43,597][com.java.EmailTestReport] [   84] - From:venkateswararao.gubbala@valuelabs.com;
[INFO ][2015-12-22 18:23:43,597][com.java.EmailTestReport] [   85] - Subject:Deluxe Corp Bankers Dashboard Automation Test Report - Bank of North Carolina - IE10
[INFO ][2015-12-22 18:23:43,613][com.java.EmailTestReport] [  143] -  Added venkateswararao.gubbala@valuelabs.com
[INFO ][2015-12-22 18:23:47,661][com.java.SeleniumDriver] [  720] - quitting the browser 
[INFO ][2015-12-22 18:23:48,918][com.java.SeleniumDriver] [  264] - Execution Completed Stopping the thread
