[INFO ][2015-12-07 19:57:42,238][com.java.SeleniumDriver] [  213] - Execute Failed Casesfalse
[INFO ][2015-12-07 19:57:42,238][com.java.SeleniumDriver] [  214] - Browser: IE10
[INFO ][2015-12-07 19:57:42,238][com.java.SeleniumDriver] [  215] - [1, 3, 4, 5]
[INFO ][2015-12-07 19:57:42,238][com.java.SeleniumDriver] [  216] - Total TestCases:4
[INFO ][2015-12-07 19:57:42,238][com.java.SeleniumDriver] [  217] -  Reading Properties from Property File 
[DEBUG][2015-12-07 19:57:42,238][com.java.SeleniumDriver] [  238] - url : https://clients-xuat.bankersdashboard.com
[INFO ][2015-12-07 19:57:42,238][com.java.ImportnExport.ExportTestResultsExcel] [  116] - Time Stamp Mon Dec 07 07:57:42 IST 2015
[INFO ][2015-12-07 19:57:42,238][com.java.ImportnExport.ExportTestResultsExcel] [  175] - OUT FILE : D:\BankersDashboard/TestReports/Test Results_BankersDashBoard_120715_195742_IE10_Any Bank USA.xls
[INFO ][2015-12-07 19:57:42,289][com.java.ImportnExport.ExportTestResultsExcel] [  180] - Test Result file is created
[DEBUG][2015-12-07 19:57:42,389][com.java.SeleniumDriver] [  426] - Hub ip address is-------172.17.68.34
[INFO ][2015-12-07 19:57:42,389][com.java.SeleniumDriver] [  452] - Grid URL:http://172.17.68.34:4444/wd/hub
[INFO ][2015-12-07 19:57:42,389][com.java.SeleniumDriver] [  453] - Capability:Capabilities [{platform=ANY, ensureCleanSession=true, ignoreProtectedModeSettings=true, acceptSslCerts=true, ignoreZoomSetting=true, browserName=internet explorer, browserstack.ie.noFlash=true, version=null}]
[ERROR][2015-12-07 19:57:43,679][com.java.SeleniumDriver] [  497] - Unable invoke browser in grid:Could not start a new session. Possible causes are invalid address of the remote server or browser start-up failure.
Build info: version: '2.48.2', revision: '41bccdd', time: '2015-10-09 19:59:12'
System info: host: 'FVTIII438F1D', ip: '172.17.68.34', os.name: 'Windows 7', os.arch: 'x86', os.version: '6.1', java.version: '1.7.0_55'
Driver info: driver.version: SeleniumDriver
[INFO ][2015-12-07 19:57:43,679][com.java.SeleniumDriver] [  499] - Executing on local machine
[INFO ][2015-12-07 19:57:53,371][com.java.SeleniumDriver] [  248] - IE10is opened
[INFO ][2015-12-07 19:57:54,656][com.java.SeleniumDriver] [  754] - Test cases to be executed are: [1, 3, 4, 5]
[INFO ][2015-12-07 19:57:54,677][com.java.ImportnExport.ImportTestDataDetailsExcel] [   49] - test data details path===== D:\BankersDashboard\TestInputs\TestData.xls
[INFO ][2015-12-07 19:57:54,747][com.java.SeleniumDriver] [  820] - ------------------------------------------
[INFO ][2015-12-07 19:57:54,747][com.java.SeleniumDriver] [  821] - Test case being Executed: 1
[INFO ][2015-12-07 19:57:54,747][com.java.SeleniumDriver] [  832] - Test step:1
[INFO ][2015-12-07 19:57:54,747][com.java.SeleniumDriver] [  844] - Datavalue is----------Concept#1:1-16
[INFO ][2015-12-07 19:57:54,747][com.java.SeleniumDriver] [  868] - DataField : test
[INFO ][2015-12-07 19:57:54,747][com.java.SeleniumDriver] [  870] - DataValue : Concept#1:1-16
[INFO ][2015-12-07 19:57:54,747][com.java.SeleniumDriver] [  876] - <In Set values of the page>
[INFO ][2015-12-07 19:57:54,747][com.java.SeleniumDriver] [  879] - {Data Fields & Data Values Exist}
[INFO ][2015-12-07 19:57:54,747][com.java.SeleniumDriver] [  881] - --------------------------setting values-----------------------------
[INFO ][2015-12-07 19:57:54,747][com.java.SeleniumDriver] [  884] - Action Type : ExecuteTestCase
[INFO ][2015-12-07 19:57:54,767][com.java.TestType] [  436] - The Concept sheet name is ---------- Concept
[INFO ][2015-12-07 19:57:54,767][com.java.TestType] [  439] - The Concept ID  is ---------- 1
[DEBUG][2015-12-07 19:57:54,767][com.java.TestType] [  443] - Steps being executted in the Concept are: 1:16
[INFO ][2015-12-07 19:57:54,767][com.java.TestType] [  450] - Test data details path ---------- D:\BankersDashboard\TestInputs\TestData.xls
[INFO ][2015-12-07 19:57:54,797][com.java.TestType] [  481] -  str(1) = 1
[INFO ][2015-12-07 19:57:54,797][com.java.TestType] [  484] - Test case Id is---1
[INFO ][2015-12-07 19:57:54,797][com.java.TestType] [  486] - 1
[INFO ][2015-12-07 19:57:54,797][com.java.TestType] [  481] -  str(2) = 1
[INFO ][2015-12-07 19:57:54,807][com.java.TestType] [  533] - row values are--------{1=com.java.Objects.TestDataDetails@118ac57}
[INFO ][2015-12-07 19:57:54,807][com.java.TestType] [  481] -  str(1) = 1
[INFO ][2015-12-07 19:57:54,807][com.java.TestType] [  484] - Test case Id is---1
[INFO ][2015-12-07 19:57:54,807][com.java.TestType] [  486] - 1
[INFO ][2015-12-07 19:57:54,807][com.java.TestType] [  481] -  str(2) = 2
[INFO ][2015-12-07 19:57:54,807][com.java.TestType] [  533] - row values are--------{1=com.java.Objects.TestDataDetails@118ac57, 2=com.java.Objects.TestDataDetails@1c200d0}
[INFO ][2015-12-07 19:57:54,807][com.java.TestType] [  481] -  str(1) = 1
[INFO ][2015-12-07 19:57:54,807][com.java.TestType] [  484] - Test case Id is---1
[INFO ][2015-12-07 19:57:54,807][com.java.TestType] [  486] - 1
[INFO ][2015-12-07 19:57:54,807][com.java.TestType] [  481] -  str(2) = 3
[INFO ][2015-12-07 19:57:54,807][com.java.TestType] [  533] - row values are--------{1=com.java.Objects.TestDataDetails@118ac57, 2=com.java.Objects.TestDataDetails@1c200d0, 3=com.java.Objects.TestDataDetails@1f46631}
[INFO ][2015-12-07 19:57:54,807][com.java.TestType] [  481] -  str(1) = 1
[INFO ][2015-12-07 19:57:54,807][com.java.TestType] [  484] - Test case Id is---1
[INFO ][2015-12-07 19:57:54,807][com.java.TestType] [  486] - 1
[INFO ][2015-12-07 19:57:54,807][com.java.TestType] [  481] -  str(2) = 4
[INFO ][2015-12-07 19:57:54,807][com.java.TestType] [  533] - row values are--------{1=com.java.Objects.TestDataDetails@118ac57, 2=com.java.Objects.TestDataDetails@1c200d0, 3=com.java.Objects.TestDataDetails@1f46631, 4=com.java.Objects.TestDataDetails@d675ec}
[INFO ][2015-12-07 19:57:54,807][com.java.TestType] [  481] -  str(1) = 1
[INFO ][2015-12-07 19:57:54,807][com.java.TestType] [  484] - Test case Id is---1
[INFO ][2015-12-07 19:57:54,807][com.java.TestType] [  486] - 1
[INFO ][2015-12-07 19:57:54,807][com.java.TestType] [  481] -  str(2) = 5
[INFO ][2015-12-07 19:57:54,807][com.java.TestType] [  533] - row values are--------{1=com.java.Objects.TestDataDetails@118ac57, 2=com.java.Objects.TestDataDetails@1c200d0, 3=com.java.Objects.TestDataDetails@1f46631, 4=com.java.Objects.TestDataDetails@d675ec, 5=com.java.Objects.TestDataDetails@183e1ad}
[INFO ][2015-12-07 19:57:54,807][com.java.TestType] [  481] -  str(1) = 1
[INFO ][2015-12-07 19:57:54,807][com.java.TestType] [  484] - Test case Id is---1
[INFO ][2015-12-07 19:57:54,807][com.java.TestType] [  486] - 1
[INFO ][2015-12-07 19:57:54,807][com.java.TestType] [  481] -  str(2) = 6
[INFO ][2015-12-07 19:57:54,817][com.java.TestType] [  533] - row values are--------{1=com.java.Objects.TestDataDetails@118ac57, 2=com.java.Objects.TestDataDetails@1c200d0, 3=com.java.Objects.TestDataDetails@1f46631, 4=com.java.Objects.TestDataDetails@d675ec, 5=com.java.Objects.TestDataDetails@183e1ad, 6=com.java.Objects.TestDataDetails@1988f4b}
[INFO ][2015-12-07 19:57:54,817][com.java.TestType] [  481] -  str(1) = 1
[INFO ][2015-12-07 19:57:54,817][com.java.TestType] [  484] - Test case Id is---1
[INFO ][2015-12-07 19:57:54,817][com.java.TestType] [  486] - 1
[INFO ][2015-12-07 19:57:54,817][com.java.TestType] [  481] -  str(2) = 7
[INFO ][2015-12-07 19:57:54,817][com.java.TestType] [  533] - row values are--------{1=com.java.Objects.TestDataDetails@118ac57, 2=com.java.Objects.TestDataDetails@1c200d0, 3=com.java.Objects.TestDataDetails@1f46631, 4=com.java.Objects.TestDataDetails@d675ec, 5=com.java.Objects.TestDataDetails@183e1ad, 6=com.java.Objects.TestDataDetails@1988f4b, 7=com.java.Objects.TestDataDetails@43f347}
[INFO ][2015-12-07 19:57:54,817][com.java.TestType] [  481] -  str(1) = 1
[INFO ][2015-12-07 19:57:54,817][com.java.TestType] [  484] - Test case Id is---1
[INFO ][2015-12-07 19:57:54,817][com.java.TestType] [  486] - 1
[INFO ][2015-12-07 19:57:54,817][com.java.TestType] [  481] -  str(2) = 8
[INFO ][2015-12-07 19:57:54,817][com.java.TestType] [  533] - row values are--------{1=com.java.Objects.TestDataDetails@118ac57, 2=com.java.Objects.TestDataDetails@1c200d0, 3=com.java.Objects.TestDataDetails@1f46631, 4=com.java.Objects.TestDataDetails@d675ec, 5=com.java.Objects.TestDataDetails@183e1ad, 6=com.java.Objects.TestDataDetails@1988f4b, 7=com.java.Objects.TestDataDetails@43f347, 8=com.java.Objects.TestDataDetails@5de5e6}
[INFO ][2015-12-07 19:57:54,817][com.java.TestType] [  481] -  str(1) = 1
[INFO ][2015-12-07 19:57:54,817][com.java.TestType] [  484] - Test case Id is---1
[INFO ][2015-12-07 19:57:54,817][com.java.TestType] [  486] - 1
[INFO ][2015-12-07 19:57:54,817][com.java.TestType] [  481] -  str(2) = 9
[INFO ][2015-12-07 19:57:54,817][com.java.TestType] [  533] - row values are--------{1=com.java.Objects.TestDataDetails@118ac57, 2=com.java.Objects.TestDataDetails@1c200d0, 3=com.java.Objects.TestDataDetails@1f46631, 4=com.java.Objects.TestDataDetails@d675ec, 5=com.java.Objects.TestDataDetails@183e1ad, 6=com.java.Objects.TestDataDetails@1988f4b, 7=com.java.Objects.TestDataDetails@43f347, 8=com.java.Objects.TestDataDetails@5de5e6, 9=com.java.Objects.TestDataDetails@1bd3d8f}
[INFO ][2015-12-07 19:57:54,817][com.java.TestType] [  481] -  str(1) = 1
[INFO ][2015-12-07 19:57:54,817][com.java.TestType] [  484] - Test case Id is---1
[INFO ][2015-12-07 19:57:54,817][com.java.TestType] [  486] - 1
[INFO ][2015-12-07 19:57:54,817][com.java.TestType] [  481] -  str(2) = 10
[INFO ][2015-12-07 19:57:54,817][com.java.TestType] [  533] - row values are--------{1=com.java.Objects.TestDataDetails@118ac57, 2=com.java.Objects.TestDataDetails@1c200d0, 3=com.java.Objects.TestDataDetails@1f46631, 4=com.java.Objects.TestDataDetails@d675ec, 5=com.java.Objects.TestDataDetails@183e1ad, 6=com.java.Objects.TestDataDetails@1988f4b, 7=com.java.Objects.TestDataDetails@43f347, 8=com.java.Objects.TestDataDetails@5de5e6, 9=com.java.Objects.TestDataDetails@1bd3d8f, 10=com.java.Objects.TestDataDetails@3b8d23}
[INFO ][2015-12-07 19:57:54,817][com.java.TestType] [  481] -  str(1) = 1
[INFO ][2015-12-07 19:57:54,817][com.java.TestType] [  484] - Test case Id is---1
[INFO ][2015-12-07 19:57:54,817][com.java.TestType] [  486] - 1
[INFO ][2015-12-07 19:57:54,817][com.java.TestType] [  481] -  str(2) = 11
[INFO ][2015-12-07 19:57:54,817][com.java.TestType] [  533] - row values are--------{1=com.java.Objects.TestDataDetails@118ac57, 2=com.java.Objects.TestDataDetails@1c200d0, 3=com.java.Objects.TestDataDetails@1f46631, 4=com.java.Objects.TestDataDetails@d675ec, 5=com.java.Objects.TestDataDetails@183e1ad, 6=com.java.Objects.TestDataDetails@1988f4b, 7=com.java.Objects.TestDataDetails@43f347, 8=com.java.Objects.TestDataDetails@5de5e6, 9=com.java.Objects.TestDataDetails@1bd3d8f, 10=com.java.Objects.TestDataDetails@3b8d23, 11=com.java.Objects.TestDataDetails@115f6c1}
[INFO ][2015-12-07 19:57:54,817][com.java.TestType] [  481] -  str(1) = 1
[INFO ][2015-12-07 19:57:54,817][com.java.TestType] [  484] - Test case Id is---1
[INFO ][2015-12-07 19:57:54,817][com.java.TestType] [  486] - 1
[INFO ][2015-12-07 19:57:54,817][com.java.TestType] [  481] -  str(2) = 12
[INFO ][2015-12-07 19:57:54,817][com.java.TestType] [  533] - row values are--------{1=com.java.Objects.TestDataDetails@118ac57, 2=com.java.Objects.TestDataDetails@1c200d0, 3=com.java.Objects.TestDataDetails@1f46631, 4=com.java.Objects.TestDataDetails@d675ec, 5=com.java.Objects.TestDataDetails@183e1ad, 6=com.java.Objects.TestDataDetails@1988f4b, 7=com.java.Objects.TestDataDetails@43f347, 8=com.java.Objects.TestDataDetails@5de5e6, 9=com.java.Objects.TestDataDetails@1bd3d8f, 10=com.java.Objects.TestDataDetails@3b8d23, 11=com.java.Objects.TestDataDetails@115f6c1, 12=com.java.Objects.TestDataDetails@3c86bc}
[INFO ][2015-12-07 19:57:54,817][com.java.TestType] [  481] -  str(1) = 1
[INFO ][2015-12-07 19:57:54,817][com.java.TestType] [  484] - Test case Id is---1
[INFO ][2015-12-07 19:57:54,817][com.java.TestType] [  486] - 1
[INFO ][2015-12-07 19:57:54,817][com.java.TestType] [  481] -  str(2) = 13
[INFO ][2015-12-07 19:57:54,817][com.java.TestType] [  533] - row values are--------{1=com.java.Objects.TestDataDetails@118ac57, 2=com.java.Objects.TestDataDetails@1c200d0, 3=com.java.Objects.TestDataDetails@1f46631, 4=com.java.Objects.TestDataDetails@d675ec, 5=com.java.Objects.TestDataDetails@183e1ad, 6=com.java.Objects.TestDataDetails@1988f4b, 7=com.java.Objects.TestDataDetails@43f347, 8=com.java.Objects.TestDataDetails@5de5e6, 9=com.java.Objects.TestDataDetails@1bd3d8f, 10=com.java.Objects.TestDataDetails@3b8d23, 11=com.java.Objects.TestDataDetails@115f6c1, 12=com.java.Objects.TestDataDetails@3c86bc, 13=com.java.Objects.TestDataDetails@15e3fd1}
[INFO ][2015-12-07 19:57:54,817][com.java.TestType] [  481] -  str(1) = 1
[INFO ][2015-12-07 19:57:54,817][com.java.TestType] [  484] - Test case Id is---1
[INFO ][2015-12-07 19:57:54,817][com.java.TestType] [  486] - 1
[INFO ][2015-12-07 19:57:54,817][com.java.TestType] [  481] -  str(2) = 14
[INFO ][2015-12-07 19:57:54,827][com.java.TestType] [  533] - row values are--------{1=com.java.Objects.TestDataDetails@118ac57, 2=com.java.Objects.TestDataDetails@1c200d0, 3=com.java.Objects.TestDataDetails@1f46631, 4=com.java.Objects.TestDataDetails@d675ec, 5=com.java.Objects.TestDataDetails@183e1ad, 6=com.java.Objects.TestDataDetails@1988f4b, 7=com.java.Objects.TestDataDetails@43f347, 8=com.java.Objects.TestDataDetails@5de5e6, 9=com.java.Objects.TestDataDetails@1bd3d8f, 10=com.java.Objects.TestDataDetails@3b8d23, 11=com.java.Objects.TestDataDetails@115f6c1, 12=com.java.Objects.TestDataDetails@3c86bc, 13=com.java.Objects.TestDataDetails@15e3fd1, 14=com.java.Objects.TestDataDetails@2e3cb1}
[INFO ][2015-12-07 19:57:54,827][com.java.TestType] [  481] -  str(1) = 1
[INFO ][2015-12-07 19:57:54,827][com.java.TestType] [  484] - Test case Id is---1
[INFO ][2015-12-07 19:57:54,827][com.java.TestType] [  486] - 1
[INFO ][2015-12-07 19:57:54,827][com.java.TestType] [  481] -  str(2) = 15
[INFO ][2015-12-07 19:57:54,827][com.java.TestType] [  533] - row values are--------{1=com.java.Objects.TestDataDetails@118ac57, 2=com.java.Objects.TestDataDetails@1c200d0, 3=com.java.Objects.TestDataDetails@1f46631, 4=com.java.Objects.TestDataDetails@d675ec, 5=com.java.Objects.TestDataDetails@183e1ad, 6=com.java.Objects.TestDataDetails@1988f4b, 7=com.java.Objects.TestDataDetails@43f347, 8=com.java.Objects.TestDataDetails@5de5e6, 9=com.java.Objects.TestDataDetails@1bd3d8f, 10=com.java.Objects.TestDataDetails@3b8d23, 11=com.java.Objects.TestDataDetails@115f6c1, 12=com.java.Objects.TestDataDetails@3c86bc, 13=com.java.Objects.TestDataDetails@15e3fd1, 14=com.java.Objects.TestDataDetails@2e3cb1, 15=com.java.Objects.TestDataDetails@1d12855}
[INFO ][2015-12-07 19:57:54,827][com.java.TestType] [  481] -  str(1) = 1
[INFO ][2015-12-07 19:57:54,827][com.java.TestType] [  484] - Test case Id is---1
[INFO ][2015-12-07 19:57:54,827][com.java.TestType] [  486] - 1
[INFO ][2015-12-07 19:57:54,827][com.java.TestType] [  481] -  str(2) = 16
[INFO ][2015-12-07 19:57:54,827][com.java.TestType] [  533] - row values are--------{1=com.java.Objects.TestDataDetails@118ac57, 2=com.java.Objects.TestDataDetails@1c200d0, 3=com.java.Objects.TestDataDetails@1f46631, 4=com.java.Objects.TestDataDetails@d675ec, 5=com.java.Objects.TestDataDetails@183e1ad, 6=com.java.Objects.TestDataDetails@1988f4b, 7=com.java.Objects.TestDataDetails@43f347, 8=com.java.Objects.TestDataDetails@5de5e6, 9=com.java.Objects.TestDataDetails@1bd3d8f, 10=com.java.Objects.TestDataDetails@3b8d23, 11=com.java.Objects.TestDataDetails@115f6c1, 12=com.java.Objects.TestDataDetails@3c86bc, 13=com.java.Objects.TestDataDetails@15e3fd1, 14=com.java.Objects.TestDataDetails@2e3cb1, 15=com.java.Objects.TestDataDetails@1d12855, 16=com.java.Objects.TestDataDetails@1741064}
[INFO ][2015-12-07 19:57:54,827][com.java.TestType] [ 9966] - Looping 1TCID = 1
[DEBUG][2015-12-07 19:57:54,827][com.java.TestType] [10007] - Concept ID:1 :: Step being Executed: 1::1
[INFO ][2015-12-07 19:57:54,827][com.java.TestType] [10045] - dataFields : TXTusername
[DEBUG][2015-12-07 19:57:54,827][com.java.TestType] [10051] - <In Set values of the page>
[DEBUG][2015-12-07 19:57:54,827][com.java.TestType] [10056] - {Data Fields & Data Values Exist}
[INFO ][2015-12-07 19:57:54,827][com.java.TestType] [10062] - --------------------------setting values-----------------------------
[INFO ][2015-12-07 19:57:54,827][com.java.TestType] [10065] - Action Type : CLEARANDENTER
[INFO ][2015-12-07 19:57:54,827][com.java.TestType] [ 5430] - value = naresh.nayini.00000
[INFO ][2015-12-07 19:57:59,614][com.java.TestType] [10084] -  RESULT true
[INFO ][2015-12-07 19:57:59,614][com.java.TestType] [10201] - ?   P A S S   ?
[DEBUG][2015-12-07 19:57:59,614][com.java.TestType] [10007] - Concept ID:1 :: Step being Executed: 1::2
[INFO ][2015-12-07 19:57:59,614][com.java.TestType] [10045] - dataFields : TXTpassword
[DEBUG][2015-12-07 19:57:59,614][com.java.TestType] [10051] - <In Set values of the page>
[DEBUG][2015-12-07 19:57:59,614][com.java.TestType] [10056] - {Data Fields & Data Values Exist}
[INFO ][2015-12-07 19:57:59,614][com.java.TestType] [10062] - --------------------------setting values-----------------------------
[INFO ][2015-12-07 19:57:59,614][com.java.TestType] [10065] - Action Type : CLEARANDENTER
[INFO ][2015-12-07 19:57:59,614][com.java.TestType] [ 5430] - value = Password1*
[INFO ][2015-12-07 19:58:04,787][com.java.TestType] [10084] -  RESULT true
[INFO ][2015-12-07 19:58:04,787][com.java.TestType] [10201] - ?   P A S S   ?
[DEBUG][2015-12-07 19:58:04,787][com.java.TestType] [10007] - Concept ID:1 :: Step being Executed: 1::3
[ERROR][2015-12-07 19:58:04,787][com.java.TestType] [10040] - Exception: null
[INFO ][2015-12-07 19:58:04,787][com.java.TestType] [10045] - dataFields : XPH//button[@type='submit']
[DEBUG][2015-12-07 19:58:04,787][com.java.TestType] [10051] - <In Set values of the page>
[DEBUG][2015-12-07 19:58:04,787][com.java.TestType] [10056] - {Data Fields & Data Values Exist}
[INFO ][2015-12-07 19:58:04,787][com.java.TestType] [10062] - --------------------------setting values-----------------------------
[INFO ][2015-12-07 19:58:04,787][com.java.TestType] [10065] - Action Type : Click
[INFO ][2015-12-07 19:58:04,787][com.java.TestType] [ 5758] - Field ::XPH//button[@type='submit']
[INFO ][2015-12-07 19:58:05,787][com.java.TestType] [ 5852] - BEFORE CLICK
[INFO ][2015-12-07 19:58:06,657][com.java.TestType] [ 5860] - Unable to click the object Login
[INFO ][2015-12-07 19:58:06,657][com.java.TestType] [10084] -  RESULT true
[INFO ][2015-12-07 19:58:06,657][com.java.TestType] [10201] - ?   P A S S   ?
[DEBUG][2015-12-07 19:58:06,657][com.java.TestType] [10007] - Concept ID:1 :: Step being Executed: 1::4
[INFO ][2015-12-07 19:58:06,657][com.java.TestType] [10045] - dataFields : LNKLogout
[DEBUG][2015-12-07 19:58:06,657][com.java.TestType] [10051] - <In Set values of the page>
[DEBUG][2015-12-07 19:58:06,657][com.java.TestType] [10056] - {Data Fields & Data Values Exist}
[INFO ][2015-12-07 19:58:06,657][com.java.TestType] [10062] - --------------------------setting values-----------------------------
[INFO ][2015-12-07 19:58:06,657][com.java.TestType] [10065] - Action Type : WaitForElement
[INFO ][2015-12-07 19:58:10,026][com.java.TestType] [10084] -  RESULT true
[INFO ][2015-12-07 19:58:10,026][com.java.TestType] [10201] - ?   P A S S   ?
[DEBUG][2015-12-07 19:58:10,026][com.java.TestType] [10007] - Concept ID:1 :: Step being Executed: 1::15
[INFO ][2015-12-07 19:58:10,026][com.java.TestType] [10045] - dataFields : LNK
[DEBUG][2015-12-07 19:58:10,026][com.java.TestType] [10051] - <In Set values of the page>
[DEBUG][2015-12-07 19:58:10,026][com.java.TestType] [10056] - {Data Fields & Data Values Exist}
[INFO ][2015-12-07 19:58:10,026][com.java.TestType] [10062] - --------------------------setting values-----------------------------
[INFO ][2015-12-07 19:58:10,026][com.java.TestType] [10065] - Action Type : Verify
[INFO ][2015-12-07 19:58:10,026][com.java.TestType] [ 6658] - field= LNK value= Logout
[INFO ][2015-12-07 19:58:10,026][com.java.TestType] [ 5430] - value = Logout
[INFO ][2015-12-07 19:58:10,067][com.java.TestType] [10084] -  RESULT true
[INFO ][2015-12-07 19:58:10,067][com.java.TestType] [10201] - ?   P A S S   ?
[DEBUG][2015-12-07 19:58:10,067][com.java.TestType] [10007] - Concept ID:1 :: Step being Executed: 1::16
[INFO ][2015-12-07 19:58:10,067][com.java.TestType] [10045] - dataFields : BTN
[DEBUG][2015-12-07 19:58:10,067][com.java.TestType] [10051] - <In Set values of the page>
[DEBUG][2015-12-07 19:58:10,067][com.java.TestType] [10056] - {Data Fields & Data Values Exist}
[INFO ][2015-12-07 19:58:10,067][com.java.TestType] [10062] - --------------------------setting values-----------------------------
[INFO ][2015-12-07 19:58:10,067][com.java.TestType] [10065] - Action Type : Verify
[INFO ][2015-12-07 19:58:10,067][com.java.TestType] [ 6658] - field= BTN value= //img[contains(@src,'bdlogo.jpg')]
[INFO ][2015-12-07 19:58:10,067][com.java.TestType] [ 5430] - value = //img[contains(@src,'bdlogo.jpg')]
[INFO ][2015-12-07 19:58:10,127][com.java.TestType] [10084] -  RESULT true
[INFO ][2015-12-07 19:58:10,127][com.java.TestType] [10201] - ?   P A S S   ?
[INFO ][2015-12-07 19:58:10,127][com.java.TestType] [10272] - Looping End......
[INFO ][2015-12-07 19:58:10,127][com.java.SeleniumDriver] [  893] -  RESULT true
[INFO ][2015-12-07 19:58:10,127][com.java.SeleniumDriver] [ 1099] - ?   P A S S   ?
[INFO ][2015-12-07 19:58:10,127][com.java.SeleniumDriver] [  820] - ------------------------------------------
[INFO ][2015-12-07 19:58:10,127][com.java.SeleniumDriver] [  821] - Test case being Executed: 1
[INFO ][2015-12-07 19:58:10,127][com.java.SeleniumDriver] [  832] - Test step:2
[INFO ][2015-12-07 19:58:10,127][com.java.SeleniumDriver] [  844] - Datavalue is----------Concept#2:1-2
[INFO ][2015-12-07 19:58:10,127][com.java.SeleniumDriver] [  868] - DataField : test
[INFO ][2015-12-07 19:58:10,127][com.java.SeleniumDriver] [  870] - DataValue : Concept#2:1-2
[INFO ][2015-12-07 19:58:10,127][com.java.SeleniumDriver] [  876] - <In Set values of the page>
[INFO ][2015-12-07 19:58:10,127][com.java.SeleniumDriver] [  879] - {Data Fields & Data Values Exist}
[INFO ][2015-12-07 19:58:10,127][com.java.SeleniumDriver] [  881] - --------------------------setting values-----------------------------
[INFO ][2015-12-07 19:58:10,127][com.java.SeleniumDriver] [  884] - Action Type : ExecuteTestCase
[INFO ][2015-12-07 19:58:10,127][com.java.TestType] [  436] - The Concept sheet name is ---------- Concept
[INFO ][2015-12-07 19:58:10,127][com.java.TestType] [  439] - The Concept ID  is ---------- 2
[DEBUG][2015-12-07 19:58:10,127][com.java.TestType] [  443] - Steps being executted in the Concept are: 1:2
[INFO ][2015-12-07 19:58:10,127][com.java.TestType] [  450] - Test data details path ---------- D:\BankersDashboard\TestInputs\TestData.xls
[INFO ][2015-12-07 19:58:10,157][com.java.TestType] [  481] -  str(1) = 2
[INFO ][2015-12-07 19:58:10,157][com.java.TestType] [  484] - Test case Id is---2
[INFO ][2015-12-07 19:58:10,157][com.java.TestType] [  486] - 2
[INFO ][2015-12-07 19:58:10,157][com.java.TestType] [  481] -  str(2) = 1
[INFO ][2015-12-07 19:58:10,167][com.java.TestType] [  533] - row values are--------{1=com.java.Objects.TestDataDetails@133381b}
[INFO ][2015-12-07 19:58:10,167][com.java.TestType] [  481] -  str(1) = 2
[INFO ][2015-12-07 19:58:10,167][com.java.TestType] [  484] - Test case Id is---2
[INFO ][2015-12-07 19:58:10,167][com.java.TestType] [  486] - 2
[INFO ][2015-12-07 19:58:10,167][com.java.TestType] [  481] -  str(2) = 2
[INFO ][2015-12-07 19:58:10,167][com.java.TestType] [  533] - row values are--------{1=com.java.Objects.TestDataDetails@133381b, 2=com.java.Objects.TestDataDetails@c75442}
[INFO ][2015-12-07 19:58:10,167][com.java.TestType] [  481] -  str(1) = 2
[INFO ][2015-12-07 19:58:10,167][com.java.TestType] [  484] - Test case Id is---2
[INFO ][2015-12-07 19:58:10,167][com.java.TestType] [  486] - 2
[INFO ][2015-12-07 19:58:10,167][com.java.TestType] [  481] -  str(2) = 3
[INFO ][2015-12-07 19:58:10,167][com.java.TestType] [  533] - row values are--------{1=com.java.Objects.TestDataDetails@133381b, 2=com.java.Objects.TestDataDetails@c75442, 3=com.java.Objects.TestDataDetails@e67e7f}
[INFO ][2015-12-07 19:58:10,167][com.java.TestType] [ 9966] - Looping 1TCID = 2
[DEBUG][2015-12-07 19:58:10,167][com.java.TestType] [10007] - Concept ID:2 :: Step being Executed: 2::1
[INFO ][2015-12-07 19:58:10,167][com.java.TestType] [10045] - dataFields : BNK//select[@id='bank']
[DEBUG][2015-12-07 19:58:10,167][com.java.TestType] [10051] - <In Set values of the page>
[DEBUG][2015-12-07 19:58:10,167][com.java.TestType] [10056] - {Data Fields & Data Values Exist}
[INFO ][2015-12-07 19:58:10,167][com.java.TestType] [10062] - --------------------------setting values-----------------------------
[INFO ][2015-12-07 19:58:10,167][com.java.TestType] [10065] - Action Type : Select
[INFO ][2015-12-07 19:58:10,167][com.java.TestType] [ 5430] - value = PFC
[INFO ][2015-12-07 19:58:10,337][com.java.TestType] [10084] -  RESULT true
[INFO ][2015-12-07 19:58:10,337][com.java.TestType] [10201] - ?   P A S S   ?
[DEBUG][2015-12-07 19:58:10,337][com.java.TestType] [10007] - Concept ID:2 :: Step being Executed: 2::2
[INFO ][2015-12-07 19:58:10,337][com.java.TestType] [10045] - dataFields : LNKLogout
[DEBUG][2015-12-07 19:58:10,337][com.java.TestType] [10051] - <In Set values of the page>
[DEBUG][2015-12-07 19:58:10,337][com.java.TestType] [10056] - {Data Fields & Data Values Exist}
[INFO ][2015-12-07 19:58:10,337][com.java.TestType] [10062] - --------------------------setting values-----------------------------
[INFO ][2015-12-07 19:58:10,337][com.java.TestType] [10065] - Action Type : WaitTime
[DEBUG][2015-12-07 19:58:10,337][com.java.TestType] [ 5250] - sleepTime: 5000
[INFO ][2015-12-07 19:58:15,342][com.java.TestType] [10084] -  RESULT true
[INFO ][2015-12-07 19:58:15,342][com.java.TestType] [10201] - ?   P A S S   ?
[INFO ][2015-12-07 19:58:15,342][com.java.TestType] [10272] - Looping End......
[INFO ][2015-12-07 19:58:15,342][com.java.SeleniumDriver] [  893] -  RESULT true
[INFO ][2015-12-07 19:58:15,342][com.java.SeleniumDriver] [ 1099] - ?   P A S S   ?
[INFO ][2015-12-07 19:58:15,342][com.java.SeleniumDriver] [  820] - ------------------------------------------
[INFO ][2015-12-07 19:58:15,342][com.java.SeleniumDriver] [  821] - Test case being Executed: 1
[INFO ][2015-12-07 19:58:15,342][com.java.SeleniumDriver] [  832] - Test step:3
[INFO ][2015-12-07 19:58:15,342][com.java.SeleniumDriver] [  844] - Datavalue is----------2
[INFO ][2015-12-07 19:58:15,342][com.java.SeleniumDriver] [  868] - DataField : XPH//button[contains(text(),'Add Content')]
[INFO ][2015-12-07 19:58:15,342][com.java.SeleniumDriver] [  870] - DataValue : 2
[INFO ][2015-12-07 19:58:15,342][com.java.SeleniumDriver] [  876] - <In Set values of the page>
[INFO ][2015-12-07 19:58:15,342][com.java.SeleniumDriver] [  879] - {Data Fields & Data Values Exist}
[INFO ][2015-12-07 19:58:15,342][com.java.SeleniumDriver] [  881] - --------------------------setting values-----------------------------
[INFO ][2015-12-07 19:58:15,342][com.java.SeleniumDriver] [  884] - Action Type : WAITFORELEMENT
[INFO ][2015-12-07 19:58:15,613][com.java.SeleniumDriver] [  893] -  RESULT true
[INFO ][2015-12-07 19:58:15,613][com.java.SeleniumDriver] [ 1099] - ?   P A S S   ?
[DEBUG][2015-12-07 19:58:15,613][com.java.SeleniumDriver] [ 1211] - Case found
[DEBUG][2015-12-07 19:58:15,613][com.java.SeleniumDriver] [ 1216] - Incrementing ReportCounters[0]:1
[INFO ][2015-12-07 19:58:15,613][com.java.SeleniumDriver] [ 1235] - The results are-------------------[1, 1, Valid Login, Pass, , Mon Dec 07 19:58:10 IST 2015, 1, 2, Valid Login, Pass, , Mon Dec 07 19:58:15 IST 2015, 1, 3, Valid Login, Pass, , Mon Dec 07 19:58:15 IST 2015]
[INFO ][2015-12-07 19:58:15,613][com.java.SeleniumDriver] [ 1239] - End time is-------35 sec
[INFO ][2015-12-07 19:58:15,613][com.java.SeleniumDriver] [ 1240] - The results are-------------------[1, 1, Valid Login, Pass, , Mon Dec 07 19:58:10 IST 2015, 1, 2, Valid Login, Pass, , Mon Dec 07 19:58:15 IST 2015, 1, 3, Valid Login, Pass, , Mon Dec 07 19:58:15 IST 2015]
[DEBUG][2015-12-07 19:58:15,613][com.java.ImportnExport.ExportTestResultsExcel] [  222] - testResultPath = D:\BankersDashboard/TestReports/Test Results_BankersDashBoard_120715_195742_IE10_Any Bank USA.xls
[DEBUG][2015-12-07 19:58:15,613][com.java.ImportnExport.ExportTestResultsExcel] [  223] - browser is------------IE10
[DEBUG][2015-12-07 19:58:15,653][com.java.ImportnExport.ExportTestResultsExcel] [  270] - result.size() = 18
[DEBUG][2015-12-07 19:58:15,653][com.java.ImportnExport.ExportTestResultsExcel] [  274] - No of rows in sheet=1
[DEBUG][2015-12-07 19:58:15,653][com.java.ImportnExport.ExportTestResultsExcel] [  301] - ..in export..1
[DEBUG][2015-12-07 19:58:15,653][com.java.ImportnExport.ExportTestResultsExcel] [  301] - ..in export..Valid Login
[DEBUG][2015-12-07 19:58:15,653][com.java.ImportnExport.ExportTestResultsExcel] [  301] - ..in export..Pass
[DEBUG][2015-12-07 19:58:15,653][com.java.ImportnExport.ExportTestResultsExcel] [  301] - ..in export..
[DEBUG][2015-12-07 19:58:15,653][com.java.ImportnExport.ExportTestResultsExcel] [  301] - ..in export..Mon Dec 07 19:58:10 IST 2015
[INFO ][2015-12-07 19:58:15,653][com.java.SeleniumDriver] [ 1298] - out loop:0 size:4 TestCases:[1, 3, 4, 5] testcases:[1, 3, 4, 5]
[INFO ][2015-12-07 19:58:15,653][com.java.ImportnExport.ImportTestDataDetailsExcel] [   49] - test data details path===== D:\BankersDashboard\TestInputs\TestData.xls
[INFO ][2015-12-07 19:58:31,538][com.java.SeleniumDriver] [  820] - ------------------------------------------
[INFO ][2015-12-07 19:58:31,538][com.java.SeleniumDriver] [  821] - Test case being Executed: 3
[INFO ][2015-12-07 19:58:31,538][com.java.SeleniumDriver] [  832] - Test step:1
[INFO ][2015-12-07 19:58:31,538][com.java.SeleniumDriver] [  844] - Datavalue is----------Logout
[INFO ][2015-12-07 19:58:31,538][com.java.SeleniumDriver] [  868] - DataField : BTN
[INFO ][2015-12-07 19:58:31,538][com.java.SeleniumDriver] [  870] - DataValue : Logout
[INFO ][2015-12-07 19:58:31,538][com.java.SeleniumDriver] [  876] - <In Set values of the page>
[INFO ][2015-12-07 19:58:31,538][com.java.SeleniumDriver] [  879] - {Data Fields & Data Values Exist}
[INFO ][2015-12-07 19:58:31,538][com.java.SeleniumDriver] [  881] - --------------------------setting values-----------------------------
[INFO ][2015-12-07 19:58:31,538][com.java.SeleniumDriver] [  884] - Action Type : Verify
[INFO ][2015-12-07 19:58:31,538][com.java.TestType] [ 6658] - field= BTN value= Logout
[INFO ][2015-12-07 19:58:31,538][com.java.TestType] [ 5430] - value = Logout
[INFO ][2015-12-07 19:58:31,619][com.java.SeleniumDriver] [  893] -  RESULT true
[INFO ][2015-12-07 19:58:31,619][com.java.SeleniumDriver] [ 1099] - ?   P A S S   ?
[INFO ][2015-12-07 19:58:31,619][com.java.SeleniumDriver] [ 1141] - step change to 3
[INFO ][2015-12-07 19:58:31,619][com.java.SeleniumDriver] [  820] - ------------------------------------------
[INFO ][2015-12-07 19:58:31,619][com.java.SeleniumDriver] [  821] - Test case being Executed: 3
[INFO ][2015-12-07 19:58:31,619][com.java.SeleniumDriver] [  832] - Test step:3
[INFO ][2015-12-07 19:58:31,619][com.java.SeleniumDriver] [  844] - Datavalue is----------Concept#2:1-2
[INFO ][2015-12-07 19:58:31,619][com.java.SeleniumDriver] [  868] - DataField : test
[INFO ][2015-12-07 19:58:31,619][com.java.SeleniumDriver] [  870] - DataValue : Concept#2:1-2
[INFO ][2015-12-07 19:58:31,619][com.java.SeleniumDriver] [  876] - <In Set values of the page>
[INFO ][2015-12-07 19:58:31,619][com.java.SeleniumDriver] [  879] - {Data Fields & Data Values Exist}
[INFO ][2015-12-07 19:58:31,619][com.java.SeleniumDriver] [  881] - --------------------------setting values-----------------------------
[INFO ][2015-12-07 19:58:31,619][com.java.SeleniumDriver] [  884] - Action Type : ExecuteTestCase
[INFO ][2015-12-07 19:58:31,619][com.java.TestType] [  436] - The Concept sheet name is ---------- Concept
[INFO ][2015-12-07 19:58:31,619][com.java.TestType] [  439] - The Concept ID  is ---------- 2
[DEBUG][2015-12-07 19:58:31,619][com.java.TestType] [  443] - Steps being executted in the Concept are: 1:2
[INFO ][2015-12-07 19:58:31,619][com.java.TestType] [  450] - Test data details path ---------- D:\BankersDashboard\TestInputs\TestData.xls
[INFO ][2015-12-07 19:58:31,649][com.java.TestType] [  481] -  str(1) = 2
[INFO ][2015-12-07 19:58:31,649][com.java.TestType] [  484] - Test case Id is---2
[INFO ][2015-12-07 19:58:31,649][com.java.TestType] [  486] - 2
[INFO ][2015-12-07 19:58:31,649][com.java.TestType] [  481] -  str(2) = 1
[INFO ][2015-12-07 19:58:31,649][com.java.TestType] [  533] - row values are--------{1=com.java.Objects.TestDataDetails@1daeba}
[INFO ][2015-12-07 19:58:31,649][com.java.TestType] [  481] -  str(1) = 2
[INFO ][2015-12-07 19:58:31,649][com.java.TestType] [  484] - Test case Id is---2
[INFO ][2015-12-07 19:58:31,649][com.java.TestType] [  486] - 2
[INFO ][2015-12-07 19:58:31,649][com.java.TestType] [  481] -  str(2) = 2
[INFO ][2015-12-07 19:58:31,649][com.java.TestType] [  533] - row values are--------{1=com.java.Objects.TestDataDetails@1daeba, 2=com.java.Objects.TestDataDetails@1236f4}
[INFO ][2015-12-07 19:58:31,649][com.java.TestType] [  481] -  str(1) = 2
[INFO ][2015-12-07 19:58:31,649][com.java.TestType] [  484] - Test case Id is---2
[INFO ][2015-12-07 19:58:31,649][com.java.TestType] [  486] - 2
[INFO ][2015-12-07 19:58:31,649][com.java.TestType] [  481] -  str(2) = 3
[INFO ][2015-12-07 19:58:31,649][com.java.TestType] [  533] - row values are--------{1=com.java.Objects.TestDataDetails@1daeba, 2=com.java.Objects.TestDataDetails@1236f4, 3=com.java.Objects.TestDataDetails@1b56115}
[INFO ][2015-12-07 19:58:31,649][com.java.TestType] [ 9966] - Looping 1TCID = 2
[DEBUG][2015-12-07 19:58:31,649][com.java.TestType] [10007] - Concept ID:2 :: Step being Executed: 2::1
[INFO ][2015-12-07 19:58:31,649][com.java.TestType] [10045] - dataFields : BNK//select[@id='bank']
[DEBUG][2015-12-07 19:58:31,649][com.java.TestType] [10051] - <In Set values of the page>
[DEBUG][2015-12-07 19:58:31,649][com.java.TestType] [10056] - {Data Fields & Data Values Exist}
[INFO ][2015-12-07 19:58:31,649][com.java.TestType] [10062] - --------------------------setting values-----------------------------
[INFO ][2015-12-07 19:58:31,649][com.java.TestType] [10065] - Action Type : Select
[INFO ][2015-12-07 19:58:31,649][com.java.TestType] [ 5430] - value = PFC
[INFO ][2015-12-07 19:58:31,829][com.java.TestType] [10084] -  RESULT true
[INFO ][2015-12-07 19:58:31,829][com.java.TestType] [10201] - ?   P A S S   ?
[DEBUG][2015-12-07 19:58:31,829][com.java.TestType] [10007] - Concept ID:2 :: Step being Executed: 2::2
[INFO ][2015-12-07 19:58:31,829][com.java.TestType] [10045] - dataFields : LNKLogout
[DEBUG][2015-12-07 19:58:31,829][com.java.TestType] [10051] - <In Set values of the page>
[DEBUG][2015-12-07 19:58:31,829][com.java.TestType] [10056] - {Data Fields & Data Values Exist}
[INFO ][2015-12-07 19:58:31,829][com.java.TestType] [10062] - --------------------------setting values-----------------------------
[INFO ][2015-12-07 19:58:31,829][com.java.TestType] [10065] - Action Type : WaitTime
[DEBUG][2015-12-07 19:58:31,829][com.java.TestType] [ 5250] - sleepTime: 5000
[INFO ][2015-12-07 19:58:36,829][com.java.TestType] [10084] -  RESULT true
[INFO ][2015-12-07 19:58:36,829][com.java.TestType] [10201] - ?   P A S S   ?
[INFO ][2015-12-07 19:58:36,829][com.java.TestType] [10272] - Looping End......
[INFO ][2015-12-07 19:58:36,829][com.java.SeleniumDriver] [  893] -  RESULT true
[INFO ][2015-12-07 19:58:36,829][com.java.SeleniumDriver] [ 1099] - ?   P A S S   ?
[INFO ][2015-12-07 19:58:36,829][com.java.SeleniumDriver] [  820] - ------------------------------------------
[INFO ][2015-12-07 19:58:36,829][com.java.SeleniumDriver] [  821] - Test case being Executed: 3
[INFO ][2015-12-07 19:58:36,829][com.java.SeleniumDriver] [  832] - Test step:4
[INFO ][2015-12-07 19:58:36,829][com.java.SeleniumDriver] [  844] - Datavalue is----------null
[DEBUG][2015-12-07 19:58:36,829][com.java.SeleniumDriver] [  862] - Exception: null
[INFO ][2015-12-07 19:58:36,829][com.java.SeleniumDriver] [  868] - DataField : //span[@class='icon-stats']&&//a[@data-id="Forecasting"]
[INFO ][2015-12-07 19:58:36,829][com.java.SeleniumDriver] [  870] - DataValue : 
[INFO ][2015-12-07 19:58:36,829][com.java.SeleniumDriver] [  876] - <In Set values of the page>
[INFO ][2015-12-07 19:58:36,829][com.java.SeleniumDriver] [  879] - {Data Fields & Data Values Exist}
[INFO ][2015-12-07 19:58:36,829][com.java.SeleniumDriver] [  881] - --------------------------setting values-----------------------------
[INFO ][2015-12-07 19:58:36,829][com.java.SeleniumDriver] [  884] - Action Type : MOUSEOVER
[INFO ][2015-12-07 19:58:59,824][com.java.SeleniumDriver] [  893] -  RESULT true
[INFO ][2015-12-07 19:58:59,824][com.java.SeleniumDriver] [ 1099] - ?   P A S S   ?
[INFO ][2015-12-07 19:58:59,824][com.java.SeleniumDriver] [  820] - ------------------------------------------
[INFO ][2015-12-07 19:58:59,824][com.java.SeleniumDriver] [  821] - Test case being Executed: 3
[INFO ][2015-12-07 19:58:59,824][com.java.SeleniumDriver] [  832] - Test step:5
[INFO ][2015-12-07 19:58:59,824][com.java.SeleniumDriver] [  844] - Datavalue is----------5
[INFO ][2015-12-07 19:58:59,824][com.java.SeleniumDriver] [  868] - DataField : null
[INFO ][2015-12-07 19:58:59,824][com.java.SeleniumDriver] [  870] - DataValue : 5
[INFO ][2015-12-07 19:58:59,824][com.java.SeleniumDriver] [  876] - <In Set values of the page>
[INFO ][2015-12-07 19:58:59,824][com.java.SeleniumDriver] [  879] - {Data Fields & Data Values Exist}
[INFO ][2015-12-07 19:58:59,824][com.java.SeleniumDriver] [  881] - --------------------------setting values-----------------------------
[INFO ][2015-12-07 19:58:59,824][com.java.SeleniumDriver] [  884] - Action Type : WAITTIME
[DEBUG][2015-12-07 19:58:59,824][com.java.TestType] [ 5250] - sleepTime: 5000
[INFO ][2015-12-07 19:59:04,828][com.java.SeleniumDriver] [  893] -  RESULT true
[INFO ][2015-12-07 19:59:04,828][com.java.SeleniumDriver] [ 1099] - ?   P A S S   ?
[INFO ][2015-12-07 19:59:04,828][com.java.SeleniumDriver] [  820] - ------------------------------------------
[INFO ][2015-12-07 19:59:04,828][com.java.SeleniumDriver] [  821] - Test case being Executed: 3
[INFO ][2015-12-07 19:59:04,828][com.java.SeleniumDriver] [  832] - Test step:6
[INFO ][2015-12-07 19:59:04,828][com.java.SeleniumDriver] [  844] - Datavalue is----------Forecasting 
[INFO ][2015-12-07 19:59:04,828][com.java.SeleniumDriver] [  868] - DataField : TTL
[INFO ][2015-12-07 19:59:04,828][com.java.SeleniumDriver] [  870] - DataValue : Forecasting 
[INFO ][2015-12-07 19:59:04,828][com.java.SeleniumDriver] [  876] - <In Set values of the page>
[INFO ][2015-12-07 19:59:04,828][com.java.SeleniumDriver] [  879] - {Data Fields & Data Values Exist}
[INFO ][2015-12-07 19:59:04,828][com.java.SeleniumDriver] [  881] - --------------------------setting values-----------------------------
[INFO ][2015-12-07 19:59:04,828][com.java.SeleniumDriver] [  884] - Action Type : SELECTWINDOW
[INFO ][2015-12-07 19:59:17,397][com.java.SeleniumDriver] [  893] -  RESULT true
[INFO ][2015-12-07 19:59:17,397][com.java.SeleniumDriver] [ 1099] - ?   P A S S   ?
[INFO ][2015-12-07 19:59:17,397][com.java.SeleniumDriver] [  820] - ------------------------------------------
[INFO ][2015-12-07 19:59:17,397][com.java.SeleniumDriver] [  821] - Test case being Executed: 3
[INFO ][2015-12-07 19:59:17,397][com.java.SeleniumDriver] [  832] - Test step:7
[INFO ][2015-12-07 19:59:17,397][com.java.SeleniumDriver] [  844] - Datavalue is----------2
[INFO ][2015-12-07 19:59:17,397][com.java.SeleniumDriver] [  868] - DataField : DSPframeDialogContent
[INFO ][2015-12-07 19:59:17,397][com.java.SeleniumDriver] [  870] - DataValue : 2
[INFO ][2015-12-07 19:59:17,397][com.java.SeleniumDriver] [  876] - <In Set values of the page>
[INFO ][2015-12-07 19:59:17,397][com.java.SeleniumDriver] [  879] - {Data Fields & Data Values Exist}
[INFO ][2015-12-07 19:59:17,397][com.java.SeleniumDriver] [  881] - --------------------------setting values-----------------------------
[INFO ][2015-12-07 19:59:17,397][com.java.SeleniumDriver] [  884] - Action Type : WAITFORELEMENT
[INFO ][2015-12-07 19:59:18,558][com.java.SeleniumDriver] [  893] -  RESULT true
[INFO ][2015-12-07 19:59:18,558][com.java.SeleniumDriver] [ 1099] - ?   P A S S   ?
[INFO ][2015-12-07 19:59:18,558][com.java.SeleniumDriver] [  820] - ------------------------------------------
[INFO ][2015-12-07 19:59:18,558][com.java.SeleniumDriver] [  821] - Test case being Executed: 3
[INFO ][2015-12-07 19:59:18,558][com.java.SeleniumDriver] [  832] - Test step:8
[INFO ][2015-12-07 19:59:18,558][com.java.SeleniumDriver] [  844] - Datavalue is----------Forecasting 
[INFO ][2015-12-07 19:59:18,558][com.java.SeleniumDriver] [  868] - DataField : XPH//span[contains(text(),'Forecasting')]
[INFO ][2015-12-07 19:59:18,558][com.java.SeleniumDriver] [  870] - DataValue : Forecasting 
[INFO ][2015-12-07 19:59:18,558][com.java.SeleniumDriver] [  876] - <In Set values of the page>
[INFO ][2015-12-07 19:59:18,558][com.java.SeleniumDriver] [  879] - {Data Fields & Data Values Exist}
[INFO ][2015-12-07 19:59:18,558][com.java.SeleniumDriver] [  881] - --------------------------setting values-----------------------------
[INFO ][2015-12-07 19:59:18,558][com.java.SeleniumDriver] [  884] - Action Type : VERIFY
[INFO ][2015-12-07 19:59:18,558][com.java.TestType] [ 6658] - field= XPH//span[contains(text(),'Forecasting')] value= Forecasting 
[INFO ][2015-12-07 19:59:18,558][com.java.TestType] [ 5430] - value = Forecasting 
[INFO ][2015-12-07 19:59:18,688][com.java.SeleniumDriver] [  893] -  RESULT true
[INFO ][2015-12-07 19:59:18,688][com.java.SeleniumDriver] [ 1099] - ?   P A S S   ?
[INFO ][2015-12-07 19:59:18,688][com.java.SeleniumDriver] [  820] - ------------------------------------------
[INFO ][2015-12-07 19:59:18,688][com.java.SeleniumDriver] [  821] - Test case being Executed: 3
[INFO ][2015-12-07 19:59:18,688][com.java.SeleniumDriver] [  832] - Test step:9
[INFO ][2015-12-07 19:59:18,688][com.java.SeleniumDriver] [  844] - Datavalue is----------null
[DEBUG][2015-12-07 19:59:18,688][com.java.SeleniumDriver] [  862] - Exception: null
[INFO ][2015-12-07 19:59:18,688][com.java.SeleniumDriver] [  868] - DataField : BTNframeDialogContent
[INFO ][2015-12-07 19:59:18,688][com.java.SeleniumDriver] [  870] - DataValue : 
[INFO ][2015-12-07 19:59:18,688][com.java.SeleniumDriver] [  876] - <In Set values of the page>
[INFO ][2015-12-07 19:59:18,688][com.java.SeleniumDriver] [  879] - {Data Fields & Data Values Exist}
[INFO ][2015-12-07 19:59:18,688][com.java.SeleniumDriver] [  881] - --------------------------setting values-----------------------------
[INFO ][2015-12-07 19:59:18,688][com.java.SeleniumDriver] [  884] - Action Type : SELECTFRAME
[INFO ][2015-12-07 19:59:19,819][com.java.SeleniumDriver] [  893] -  RESULT true
[INFO ][2015-12-07 19:59:19,819][com.java.SeleniumDriver] [ 1099] - ?   P A S S   ?
[INFO ][2015-12-07 19:59:19,819][com.java.SeleniumDriver] [  820] - ------------------------------------------
[INFO ][2015-12-07 19:59:19,819][com.java.SeleniumDriver] [  821] - Test case being Executed: 3
[INFO ][2015-12-07 19:59:19,819][com.java.SeleniumDriver] [  832] - Test step:10
[INFO ][2015-12-07 19:59:19,819][com.java.SeleniumDriver] [  844] - Datavalue is----------10
[INFO ][2015-12-07 19:59:19,819][com.java.SeleniumDriver] [  868] - DataField : DSPddlProjects
[INFO ][2015-12-07 19:59:19,819][com.java.SeleniumDriver] [  870] - DataValue : 10
[INFO ][2015-12-07 19:59:19,819][com.java.SeleniumDriver] [  876] - <In Set values of the page>
[INFO ][2015-12-07 19:59:19,819][com.java.SeleniumDriver] [  879] - {Data Fields & Data Values Exist}
[INFO ][2015-12-07 19:59:19,819][com.java.SeleniumDriver] [  881] - --------------------------setting values-----------------------------
[INFO ][2015-12-07 19:59:19,819][com.java.SeleniumDriver] [  884] - Action Type : WAITFORELEMENT
[INFO ][2015-12-07 19:59:20,920][com.java.SeleniumDriver] [  893] -  RESULT true
[INFO ][2015-12-07 19:59:20,920][com.java.SeleniumDriver] [ 1099] - ?   P A S S   ?
[INFO ][2015-12-07 19:59:20,920][com.java.SeleniumDriver] [  820] - ------------------------------------------
[INFO ][2015-12-07 19:59:20,920][com.java.SeleniumDriver] [  821] - Test case being Executed: 3
[INFO ][2015-12-07 19:59:20,920][com.java.SeleniumDriver] [  832] - Test step:11
[INFO ][2015-12-07 19:59:20,920][com.java.SeleniumDriver] [  844] - Datavalue is----------index:1
[INFO ][2015-12-07 19:59:20,920][com.java.SeleniumDriver] [  868] - DataField : COBddlProjects
[INFO ][2015-12-07 19:59:20,920][com.java.SeleniumDriver] [  870] - DataValue : index:1
[INFO ][2015-12-07 19:59:20,920][com.java.SeleniumDriver] [  876] - <In Set values of the page>
[INFO ][2015-12-07 19:59:20,920][com.java.SeleniumDriver] [  879] - {Data Fields & Data Values Exist}
[INFO ][2015-12-07 19:59:20,920][com.java.SeleniumDriver] [  881] - --------------------------setting values-----------------------------
[INFO ][2015-12-07 19:59:20,920][com.java.SeleniumDriver] [  884] - Action Type : SELECT
[INFO ][2015-12-07 19:59:20,920][com.java.TestType] [ 5430] - value = 1
[INFO ][2015-12-07 19:59:22,090][com.java.TestType] [ 5548] -  In COB ddlProjects : 1
[INFO ][2015-12-07 19:59:22,231][com.java.SeleniumDriver] [  893] -  RESULT true
[INFO ][2015-12-07 19:59:22,231][com.java.SeleniumDriver] [ 1099] - ?   P A S S   ?
[INFO ][2015-12-07 19:59:22,231][com.java.SeleniumDriver] [ 1136] - Continue next step...
[INFO ][2015-12-07 19:59:22,231][com.java.SeleniumDriver] [  820] - ------------------------------------------
[INFO ][2015-12-07 19:59:22,231][com.java.SeleniumDriver] [  821] - Test case being Executed: 3
[INFO ][2015-12-07 19:59:22,231][com.java.SeleniumDriver] [  832] - Test step:12
[INFO ][2015-12-07 19:59:22,231][com.java.SeleniumDriver] [  844] - Datavalue is----------CurrentProject
[INFO ][2015-12-07 19:59:22,231][com.java.SeleniumDriver] [  868] - DataField : SLBddlProjects
[INFO ][2015-12-07 19:59:22,231][com.java.SeleniumDriver] [  870] - DataValue : CurrentProject
[INFO ][2015-12-07 19:59:22,231][com.java.SeleniumDriver] [  876] - <In Set values of the page>
[INFO ][2015-12-07 19:59:22,231][com.java.SeleniumDriver] [  879] - {Data Fields & Data Values Exist}
[INFO ][2015-12-07 19:59:22,231][com.java.SeleniumDriver] [  881] - --------------------------setting values-----------------------------
[INFO ][2015-12-07 19:59:22,231][com.java.SeleniumDriver] [  884] - Action Type : storevalue
[INFO ][2015-12-07 19:59:22,231][com.java.TestType] [ 7836] - field= SLBddlProjects
[INFO ][2015-12-07 19:59:23,402][com.java.SeleniumDriver] [  893] -  RESULT true
[INFO ][2015-12-07 19:59:23,402][com.java.SeleniumDriver] [ 1099] - ?   P A S S   ?
[INFO ][2015-12-07 19:59:23,402][com.java.SeleniumDriver] [  820] - ------------------------------------------
[INFO ][2015-12-07 19:59:23,402][com.java.SeleniumDriver] [  821] - Test case being Executed: 3
[INFO ][2015-12-07 19:59:23,402][com.java.SeleniumDriver] [  832] - Test step:13
[INFO ][2015-12-07 19:59:23,402][com.java.SeleniumDriver] [  844] - Datavalue is----------null
[DEBUG][2015-12-07 19:59:23,402][com.java.SeleniumDriver] [  862] - Exception: null
[INFO ][2015-12-07 19:59:23,402][com.java.SeleniumDriver] [  868] - DataField : BTNbtnOpenProject
[INFO ][2015-12-07 19:59:23,402][com.java.SeleniumDriver] [  870] - DataValue : 
[INFO ][2015-12-07 19:59:23,402][com.java.SeleniumDriver] [  876] - <In Set values of the page>
[INFO ][2015-12-07 19:59:23,402][com.java.SeleniumDriver] [  879] - {Data Fields & Data Values Exist}
[INFO ][2015-12-07 19:59:23,402][com.java.SeleniumDriver] [  881] - --------------------------setting values-----------------------------
[INFO ][2015-12-07 19:59:23,402][com.java.SeleniumDriver] [  884] - Action Type : CLICK
[INFO ][2015-12-07 19:59:23,402][com.java.TestType] [ 5758] - Field ::BTNbtnOpenProject
[INFO ][2015-12-07 19:59:24,402][com.java.TestType] [ 5831] - BEFORE CLICK
[INFO ][2015-12-07 19:59:25,543][com.java.TestType] [ 5838] - Unable to click the object Open Project button
[INFO ][2015-12-07 19:59:25,543][com.java.SeleniumDriver] [  893] -  RESULT true
[INFO ][2015-12-07 19:59:25,543][com.java.SeleniumDriver] [ 1099] - ?   P A S S   ?
[INFO ][2015-12-07 19:59:25,543][com.java.SeleniumDriver] [  820] - ------------------------------------------
[INFO ][2015-12-07 19:59:25,543][com.java.SeleniumDriver] [  821] - Test case being Executed: 3
[INFO ][2015-12-07 19:59:25,543][com.java.SeleniumDriver] [  832] - Test step:14
[INFO ][2015-12-07 19:59:25,543][com.java.SeleniumDriver] [  844] - Datavalue is----------2
[INFO ][2015-12-07 19:59:25,543][com.java.SeleniumDriver] [  868] - DataField : null
[INFO ][2015-12-07 19:59:25,543][com.java.SeleniumDriver] [  870] - DataValue : 2
[INFO ][2015-12-07 19:59:25,543][com.java.SeleniumDriver] [  876] - <In Set values of the page>
[INFO ][2015-12-07 19:59:25,543][com.java.SeleniumDriver] [  879] - {Data Fields & Data Values Exist}
[INFO ][2015-12-07 19:59:25,543][com.java.SeleniumDriver] [  881] - --------------------------setting values-----------------------------
[INFO ][2015-12-07 19:59:25,543][com.java.SeleniumDriver] [  884] - Action Type : WAITTIME
[DEBUG][2015-12-07 19:59:25,543][com.java.TestType] [ 5250] - sleepTime: 2000
[INFO ][2015-12-07 19:59:27,543][com.java.SeleniumDriver] [  893] -  RESULT true
[INFO ][2015-12-07 19:59:27,543][com.java.SeleniumDriver] [ 1099] - ?   P A S S   ?
[INFO ][2015-12-07 19:59:27,543][com.java.SeleniumDriver] [  820] - ------------------------------------------
[INFO ][2015-12-07 19:59:27,543][com.java.SeleniumDriver] [  821] - Test case being Executed: 3
[INFO ][2015-12-07 19:59:27,543][com.java.SeleniumDriver] [  832] - Test step:15
[INFO ][2015-12-07 19:59:27,543][com.java.SeleniumDriver] [  844] - Datavalue is----------null
[DEBUG][2015-12-07 19:59:27,543][com.java.SeleniumDriver] [  862] - Exception: null
[INFO ][2015-12-07 19:59:27,543][com.java.SeleniumDriver] [  868] - DataField : BTNParent
[INFO ][2015-12-07 19:59:27,543][com.java.SeleniumDriver] [  870] - DataValue : 
[INFO ][2015-12-07 19:59:27,543][com.java.SeleniumDriver] [  876] - <In Set values of the page>
[INFO ][2015-12-07 19:59:27,543][com.java.SeleniumDriver] [  879] - {Data Fields & Data Values Exist}
[INFO ][2015-12-07 19:59:27,543][com.java.SeleniumDriver] [  881] - --------------------------setting values-----------------------------
[INFO ][2015-12-07 19:59:27,543][com.java.SeleniumDriver] [  884] - Action Type : SELECTFRAME
[INFO ][2015-12-07 19:59:27,544][com.java.SeleniumDriver] [  893] -  RESULT true
[INFO ][2015-12-07 19:59:27,544][com.java.SeleniumDriver] [ 1099] - ?   P A S S   ?
[INFO ][2015-12-07 19:59:27,544][com.java.SeleniumDriver] [  820] - ------------------------------------------
[INFO ][2015-12-07 19:59:27,544][com.java.SeleniumDriver] [  821] - Test case being Executed: 3
[INFO ][2015-12-07 19:59:27,544][com.java.SeleniumDriver] [  832] - Test step:16
[INFO ][2015-12-07 19:59:27,544][com.java.SeleniumDriver] [  844] - Datavalue is----------10
[INFO ][2015-12-07 19:59:27,544][com.java.SeleniumDriver] [  868] - DataField : DSPFile
[INFO ][2015-12-07 19:59:27,544][com.java.SeleniumDriver] [  870] - DataValue : 10
[INFO ][2015-12-07 19:59:27,544][com.java.SeleniumDriver] [  876] - <In Set values of the page>
[INFO ][2015-12-07 19:59:27,544][com.java.SeleniumDriver] [  879] - {Data Fields & Data Values Exist}
[INFO ][2015-12-07 19:59:27,544][com.java.SeleniumDriver] [  881] - --------------------------setting values-----------------------------
[INFO ][2015-12-07 19:59:27,544][com.java.SeleniumDriver] [  884] - Action Type : WAITFORELEMENT
[INFO ][2015-12-07 19:59:27,664][com.java.SeleniumDriver] [  893] -  RESULT true
[INFO ][2015-12-07 19:59:27,664][com.java.SeleniumDriver] [ 1099] - ?   P A S S   ?
[INFO ][2015-12-07 19:59:27,664][com.java.SeleniumDriver] [  820] - ------------------------------------------
[INFO ][2015-12-07 19:59:27,664][com.java.SeleniumDriver] [  821] - Test case being Executed: 3
[INFO ][2015-12-07 19:59:27,664][com.java.SeleniumDriver] [  832] - Test step:17
[INFO ][2015-12-07 19:59:27,664][com.java.SeleniumDriver] [  844] - Datavalue is----------null
[DEBUG][2015-12-07 19:59:27,664][com.java.SeleniumDriver] [  862] - Exception: null
[INFO ][2015-12-07 19:59:27,664][com.java.SeleniumDriver] [  868] - DataField : HDNFile
[INFO ][2015-12-07 19:59:27,664][com.java.SeleniumDriver] [  870] - DataValue : 
[INFO ][2015-12-07 19:59:27,664][com.java.SeleniumDriver] [  876] - <In Set values of the page>
[INFO ][2015-12-07 19:59:27,664][com.java.SeleniumDriver] [  879] - {Data Fields & Data Values Exist}
[INFO ][2015-12-07 19:59:27,664][com.java.SeleniumDriver] [  881] - --------------------------setting values-----------------------------
[INFO ][2015-12-07 19:59:27,664][com.java.SeleniumDriver] [  884] - Action Type : Click
[INFO ][2015-12-07 19:59:27,664][com.java.TestType] [ 5758] - Field ::HDNFile
[INFO ][2015-12-07 19:59:28,760][com.java.SeleniumDriver] [  893] -  RESULT true
[INFO ][2015-12-07 19:59:28,760][com.java.SeleniumDriver] [ 1099] - ?   P A S S   ?
[INFO ][2015-12-07 19:59:28,760][com.java.SeleniumDriver] [  820] - ------------------------------------------
[INFO ][2015-12-07 19:59:28,760][com.java.SeleniumDriver] [  821] - Test case being Executed: 3
[INFO ][2015-12-07 19:59:28,760][com.java.SeleniumDriver] [  832] - Test step:18
[INFO ][2015-12-07 19:59:28,760][com.java.SeleniumDriver] [  844] - Datavalue is----------10
[INFO ][2015-12-07 19:59:28,760][com.java.SeleniumDriver] [  868] - DataField : DSP//a[@id='menuNewProject']
[INFO ][2015-12-07 19:59:28,760][com.java.SeleniumDriver] [  870] - DataValue : 10
[INFO ][2015-12-07 19:59:28,760][com.java.SeleniumDriver] [  876] - <In Set values of the page>
[INFO ][2015-12-07 19:59:28,760][com.java.SeleniumDriver] [  879] - {Data Fields & Data Values Exist}
[INFO ][2015-12-07 19:59:28,760][com.java.SeleniumDriver] [  881] - --------------------------setting values-----------------------------
[INFO ][2015-12-07 19:59:28,760][com.java.SeleniumDriver] [  884] - Action Type : WAITFORELEMENT
[INFO ][2015-12-07 19:59:28,955][com.java.SeleniumDriver] [  893] -  RESULT true
[INFO ][2015-12-07 19:59:28,955][com.java.SeleniumDriver] [ 1099] - ?   P A S S   ?
[INFO ][2015-12-07 19:59:28,955][com.java.SeleniumDriver] [  820] - ------------------------------------------
[INFO ][2015-12-07 19:59:28,955][com.java.SeleniumDriver] [  821] - Test case being Executed: 3
[INFO ][2015-12-07 19:59:28,955][com.java.SeleniumDriver] [  832] - Test step:19
[INFO ][2015-12-07 19:59:28,955][com.java.SeleniumDriver] [  844] - Datavalue is----------null
[DEBUG][2015-12-07 19:59:28,955][com.java.SeleniumDriver] [  862] - Exception: null
[INFO ][2015-12-07 19:59:28,955][com.java.SeleniumDriver] [  868] - DataField : HDN//a[@id='menuNewProject']
[INFO ][2015-12-07 19:59:28,955][com.java.SeleniumDriver] [  870] - DataValue : 
[INFO ][2015-12-07 19:59:28,955][com.java.SeleniumDriver] [  876] - <In Set values of the page>
[INFO ][2015-12-07 19:59:28,955][com.java.SeleniumDriver] [  879] - {Data Fields & Data Values Exist}
[INFO ][2015-12-07 19:59:28,955][com.java.SeleniumDriver] [  881] - --------------------------setting values-----------------------------
[INFO ][2015-12-07 19:59:28,955][com.java.SeleniumDriver] [  884] - Action Type : Click
[INFO ][2015-12-07 19:59:28,955][com.java.TestType] [ 5758] - Field ::HDN//a[@id='menuNewProject']
[INFO ][2015-12-07 19:59:30,068][com.java.SeleniumDriver] [  893] -  RESULT true
[INFO ][2015-12-07 19:59:30,068][com.java.SeleniumDriver] [ 1099] - ?   P A S S   ?
[INFO ][2015-12-07 19:59:30,068][com.java.SeleniumDriver] [  820] - ------------------------------------------
[INFO ][2015-12-07 19:59:30,068][com.java.SeleniumDriver] [  821] - Test case being Executed: 3
[INFO ][2015-12-07 19:59:30,068][com.java.SeleniumDriver] [  832] - Test step:20
[INFO ][2015-12-07 19:59:30,068][com.java.SeleniumDriver] [  844] - Datavalue is----------OK
[INFO ][2015-12-07 19:59:30,068][com.java.SeleniumDriver] [  868] - DataField : CNF
[INFO ][2015-12-07 19:59:30,068][com.java.SeleniumDriver] [  870] - DataValue : OK
[INFO ][2015-12-07 19:59:30,068][com.java.SeleniumDriver] [  876] - <In Set values of the page>
[INFO ][2015-12-07 19:59:30,068][com.java.SeleniumDriver] [  879] - {Data Fields & Data Values Exist}
[INFO ][2015-12-07 19:59:30,068][com.java.SeleniumDriver] [  881] - --------------------------setting values-----------------------------
[INFO ][2015-12-07 19:59:30,068][com.java.SeleniumDriver] [  884] - Action Type : Click
[INFO ][2015-12-07 19:59:30,068][com.java.TestType] [ 5758] - Field ::CNF
[INFO ][2015-12-07 19:59:31,868][com.java.TestType] [ 5848] - Click the object Only one project create dialog
[INFO ][2015-12-07 19:59:31,868][com.java.TestType] [ 5849] - Unable to click the object Only one project create dialog
[INFO ][2015-12-07 19:59:31,868][com.java.SeleniumDriver] [  893] -  RESULT true
[INFO ][2015-12-07 19:59:31,868][com.java.SeleniumDriver] [ 1099] - ?   P A S S   ?
[INFO ][2015-12-07 19:59:31,868][com.java.SeleniumDriver] [ 1141] - step change to 41
[INFO ][2015-12-07 19:59:31,868][com.java.SeleniumDriver] [  820] - ------------------------------------------
[INFO ][2015-12-07 19:59:31,868][com.java.SeleniumDriver] [  821] - Test case being Executed: 3
[INFO ][2015-12-07 19:59:31,868][com.java.SeleniumDriver] [  832] - Test step:41
[INFO ][2015-12-07 19:59:31,868][com.java.SeleniumDriver] [  844] - Datavalue is----------1
[INFO ][2015-12-07 19:59:31,868][com.java.SeleniumDriver] [  868] - DataField : null
[INFO ][2015-12-07 19:59:31,868][com.java.SeleniumDriver] [  870] - DataValue : 1
[INFO ][2015-12-07 19:59:31,868][com.java.SeleniumDriver] [  876] - <In Set values of the page>
[INFO ][2015-12-07 19:59:31,868][com.java.SeleniumDriver] [  879] - {Data Fields & Data Values Exist}
[INFO ][2015-12-07 19:59:31,868][com.java.SeleniumDriver] [  881] - --------------------------setting values-----------------------------
[INFO ][2015-12-07 19:59:31,868][com.java.SeleniumDriver] [  884] - Action Type : WAITTIME
[DEBUG][2015-12-07 19:59:31,868][com.java.TestType] [ 5250] - sleepTime: 1000
[INFO ][2015-12-07 19:59:32,869][com.java.SeleniumDriver] [  893] -  RESULT true
[INFO ][2015-12-07 19:59:32,869][com.java.SeleniumDriver] [ 1099] - ?   P A S S   ?
[DEBUG][2015-12-07 19:59:32,869][com.java.SeleniumDriver] [ 1211] - Case found
[DEBUG][2015-12-07 19:59:32,869][com.java.SeleniumDriver] [ 1216] - Incrementing ReportCounters[0]:2
[INFO ][2015-12-07 19:59:32,869][com.java.SeleniumDriver] [ 1235] - The results are-------------------[3, 1, Copy Of Existinf FC Project, Pass, , Mon Dec 07 19:58:31 IST 2015, 3, 3, Copy Of Existinf FC Project, Pass, , Mon Dec 07 19:58:36 IST 2015, 3, 4, Copy Of Existinf FC Project, Pass, , Mon Dec 07 19:58:59 IST 2015, 3, 5, Copy Of Existinf FC Project, Pass, , Mon Dec 07 19:59:04 IST 2015, 3, 6, Copy Of Existinf FC Project, Pass, , Mon Dec 07 19:59:17 IST 2015, 3, 7, Copy Of Existinf FC Project, Pass, , Mon Dec 07 19:59:18 IST 2015, 3, 8, Copy Of Existinf FC Project, Pass, , Mon Dec 07 19:59:18 IST 2015, 3, 9, Copy Of Existinf FC Project, Pass, , Mon Dec 07 19:59:19 IST 2015, 3, 10, Copy Of Existinf FC Project, Pass, , Mon Dec 07 19:59:20 IST 2015, 3, 11, Copy Of Existinf FC Project, Pass, , Mon Dec 07 19:59:22 IST 2015, 3, 12, Copy Of Existinf FC Project, Pass, , Mon Dec 07 19:59:23 IST 2015, 3, 13, Copy Of Existinf FC Project, Pass, , Mon Dec 07 19:59:25 IST 2015, 3, 14, Copy Of Existinf FC Project, Pass, , Mon Dec 07 19:59:27 IST 2015, 3, 15, Copy Of Existinf FC Project, Pass, , Mon Dec 07 19:59:27 IST 2015, 3, 16, Copy Of Existinf FC Project, Pass, , Mon Dec 07 19:59:27 IST 2015, 3, 17, Copy Of Existinf FC Project, Pass, , Mon Dec 07 19:59:28 IST 2015, 3, 18, Copy Of Existinf FC Project, Pass, , Mon Dec 07 19:59:28 IST 2015, 3, 19, Copy Of Existinf FC Project, Pass, , Mon Dec 07 19:59:30 IST 2015, 3, 20, Copy Of Existinf FC Project, Pass, , Mon Dec 07 19:59:31 IST 2015, 3, 41, Copy Of Existinf FC Project, Pass, , Mon Dec 07 19:59:32 IST 2015]
[INFO ][2015-12-07 19:59:32,869][com.java.SeleniumDriver] [ 1239] - End time is-------1 min 52 sec
[INFO ][2015-12-07 19:59:32,869][com.java.SeleniumDriver] [ 1240] - The results are-------------------[3, 1, Copy Of Existinf FC Project, Pass, , Mon Dec 07 19:58:31 IST 2015, 3, 3, Copy Of Existinf FC Project, Pass, , Mon Dec 07 19:58:36 IST 2015, 3, 4, Copy Of Existinf FC Project, Pass, , Mon Dec 07 19:58:59 IST 2015, 3, 5, Copy Of Existinf FC Project, Pass, , Mon Dec 07 19:59:04 IST 2015, 3, 6, Copy Of Existinf FC Project, Pass, , Mon Dec 07 19:59:17 IST 2015, 3, 7, Copy Of Existinf FC Project, Pass, , Mon Dec 07 19:59:18 IST 2015, 3, 8, Copy Of Existinf FC Project, Pass, , Mon Dec 07 19:59:18 IST 2015, 3, 9, Copy Of Existinf FC Project, Pass, , Mon Dec 07 19:59:19 IST 2015, 3, 10, Copy Of Existinf FC Project, Pass, , Mon Dec 07 19:59:20 IST 2015, 3, 11, Copy Of Existinf FC Project, Pass, , Mon Dec 07 19:59:22 IST 2015, 3, 12, Copy Of Existinf FC Project, Pass, , Mon Dec 07 19:59:23 IST 2015, 3, 13, Copy Of Existinf FC Project, Pass, , Mon Dec 07 19:59:25 IST 2015, 3, 14, Copy Of Existinf FC Project, Pass, , Mon Dec 07 19:59:27 IST 2015, 3, 15, Copy Of Existinf FC Project, Pass, , Mon Dec 07 19:59:27 IST 2015, 3, 16, Copy Of Existinf FC Project, Pass, , Mon Dec 07 19:59:27 IST 2015, 3, 17, Copy Of Existinf FC Project, Pass, , Mon Dec 07 19:59:28 IST 2015, 3, 18, Copy Of Existinf FC Project, Pass, , Mon Dec 07 19:59:28 IST 2015, 3, 19, Copy Of Existinf FC Project, Pass, , Mon Dec 07 19:59:30 IST 2015, 3, 20, Copy Of Existinf FC Project, Pass, , Mon Dec 07 19:59:31 IST 2015, 3, 41, Copy Of Existinf FC Project, Pass, , Mon Dec 07 19:59:32 IST 2015]
[DEBUG][2015-12-07 19:59:32,869][com.java.ImportnExport.ExportTestResultsExcel] [  222] - testResultPath = D:\BankersDashboard/TestReports/Test Results_BankersDashBoard_120715_195742_IE10_Any Bank USA.xls
[DEBUG][2015-12-07 19:59:32,869][com.java.ImportnExport.ExportTestResultsExcel] [  223] - browser is------------IE10
[DEBUG][2015-12-07 19:59:32,869][com.java.ImportnExport.ExportTestResultsExcel] [  270] - result.size() = 120
[DEBUG][2015-12-07 19:59:32,869][com.java.ImportnExport.ExportTestResultsExcel] [  274] - No of rows in sheet=2
[DEBUG][2015-12-07 19:59:32,869][com.java.ImportnExport.ExportTestResultsExcel] [  301] - ..in export..3
[DEBUG][2015-12-07 19:59:32,869][com.java.ImportnExport.ExportTestResultsExcel] [  301] - ..in export..Copy Of Existinf FC Project
[DEBUG][2015-12-07 19:59:32,869][com.java.ImportnExport.ExportTestResultsExcel] [  301] - ..in export..Pass
[DEBUG][2015-12-07 19:59:32,869][com.java.ImportnExport.ExportTestResultsExcel] [  301] - ..in export..
[DEBUG][2015-12-07 19:59:32,869][com.java.ImportnExport.ExportTestResultsExcel] [  301] - ..in export..Mon Dec 07 19:58:31 IST 2015
[INFO ][2015-12-07 19:59:32,869][com.java.SeleniumDriver] [ 1298] - out loop:1 size:4 TestCases:[1, 3, 4, 5] testcases:[1, 3, 4, 5]
[INFO ][2015-12-07 19:59:32,869][com.java.ImportnExport.ImportTestDataDetailsExcel] [   49] - test data details path===== D:\BankersDashboard\TestInputs\TestData.xls
[INFO ][2015-12-07 19:59:54,510][com.java.SeleniumDriver] [  820] - ------------------------------------------
[INFO ][2015-12-07 19:59:54,510][com.java.SeleniumDriver] [  821] - Test case being Executed: 4
[INFO ][2015-12-07 19:59:54,510][com.java.SeleniumDriver] [  832] - Test step:1
[INFO ][2015-12-07 19:59:54,510][com.java.SeleniumDriver] [  844] - Datavalue is----------Logout
[INFO ][2015-12-07 19:59:54,510][com.java.SeleniumDriver] [  868] - DataField : BTN
[INFO ][2015-12-07 19:59:54,510][com.java.SeleniumDriver] [  870] - DataValue : Logout
[INFO ][2015-12-07 19:59:54,510][com.java.SeleniumDriver] [  876] - <In Set values of the page>
[INFO ][2015-12-07 19:59:54,510][com.java.SeleniumDriver] [  879] - {Data Fields & Data Values Exist}
[INFO ][2015-12-07 19:59:54,510][com.java.SeleniumDriver] [  881] - --------------------------setting values-----------------------------
[INFO ][2015-12-07 19:59:54,510][com.java.SeleniumDriver] [  884] - Action Type : Verify
[INFO ][2015-12-07 19:59:54,510][com.java.TestType] [ 6658] - field= BTN value= Logout
[INFO ][2015-12-07 19:59:54,510][com.java.TestType] [ 5430] - value = Logout
[INFO ][2015-12-07 19:59:54,571][com.java.SeleniumDriver] [  893] -  RESULT true
[INFO ][2015-12-07 19:59:54,571][com.java.SeleniumDriver] [ 1099] - ?   P A S S   ?
[INFO ][2015-12-07 19:59:54,571][com.java.SeleniumDriver] [ 1141] - step change to 3
[INFO ][2015-12-07 19:59:54,571][com.java.SeleniumDriver] [  820] - ------------------------------------------
[INFO ][2015-12-07 19:59:54,571][com.java.SeleniumDriver] [  821] - Test case being Executed: 4
[INFO ][2015-12-07 19:59:54,571][com.java.SeleniumDriver] [  832] - Test step:3
[INFO ][2015-12-07 19:59:54,571][com.java.SeleniumDriver] [  844] - Datavalue is----------Concept#2:1-2
[INFO ][2015-12-07 19:59:54,571][com.java.SeleniumDriver] [  868] - DataField : test
[INFO ][2015-12-07 19:59:54,571][com.java.SeleniumDriver] [  870] - DataValue : Concept#2:1-2
[INFO ][2015-12-07 19:59:54,571][com.java.SeleniumDriver] [  876] - <In Set values of the page>
[INFO ][2015-12-07 19:59:54,571][com.java.SeleniumDriver] [  879] - {Data Fields & Data Values Exist}
[INFO ][2015-12-07 19:59:54,571][com.java.SeleniumDriver] [  881] - --------------------------setting values-----------------------------
[INFO ][2015-12-07 19:59:54,571][com.java.SeleniumDriver] [  884] - Action Type : ExecuteTestCase
[INFO ][2015-12-07 19:59:54,571][com.java.TestType] [  436] - The Concept sheet name is ---------- Concept
[INFO ][2015-12-07 19:59:54,571][com.java.TestType] [  439] - The Concept ID  is ---------- 2
[DEBUG][2015-12-07 19:59:54,571][com.java.TestType] [  443] - Steps being executted in the Concept are: 1:2
[INFO ][2015-12-07 19:59:54,571][com.java.TestType] [  450] - Test data details path ---------- D:\BankersDashboard\TestInputs\TestData.xls
[INFO ][2015-12-07 19:59:54,601][com.java.TestType] [  481] -  str(1) = 2
[INFO ][2015-12-07 19:59:54,601][com.java.TestType] [  484] - Test case Id is---2
[INFO ][2015-12-07 19:59:54,601][com.java.TestType] [  486] - 2
[INFO ][2015-12-07 19:59:54,601][com.java.TestType] [  481] -  str(2) = 1
[INFO ][2015-12-07 19:59:54,601][com.java.TestType] [  533] - row values are--------{1=com.java.Objects.TestDataDetails@14089dc}
[INFO ][2015-12-07 19:59:54,601][com.java.TestType] [  481] -  str(1) = 2
[INFO ][2015-12-07 19:59:54,601][com.java.TestType] [  484] - Test case Id is---2
[INFO ][2015-12-07 19:59:54,601][com.java.TestType] [  486] - 2
[INFO ][2015-12-07 19:59:54,601][com.java.TestType] [  481] -  str(2) = 2
[INFO ][2015-12-07 19:59:54,601][com.java.TestType] [  533] - row values are--------{1=com.java.Objects.TestDataDetails@14089dc, 2=com.java.Objects.TestDataDetails@13f3b32}
[INFO ][2015-12-07 19:59:54,601][com.java.TestType] [  481] -  str(1) = 2
[INFO ][2015-12-07 19:59:54,601][com.java.TestType] [  484] - Test case Id is---2
[INFO ][2015-12-07 19:59:54,601][com.java.TestType] [  486] - 2
[INFO ][2015-12-07 19:59:54,601][com.java.TestType] [  481] -  str(2) = 3
[INFO ][2015-12-07 19:59:54,601][com.java.TestType] [  533] - row values are--------{1=com.java.Objects.TestDataDetails@14089dc, 2=com.java.Objects.TestDataDetails@13f3b32, 3=com.java.Objects.TestDataDetails@1f3d43e}
[INFO ][2015-12-07 19:59:54,601][com.java.TestType] [ 9966] - Looping 1TCID = 2
[DEBUG][2015-12-07 19:59:54,601][com.java.TestType] [10007] - Concept ID:2 :: Step being Executed: 2::1
[INFO ][2015-12-07 19:59:54,601][com.java.TestType] [10045] - dataFields : BNK//select[@id='bank']
[DEBUG][2015-12-07 19:59:54,601][com.java.TestType] [10051] - <In Set values of the page>
[DEBUG][2015-12-07 19:59:54,601][com.java.TestType] [10056] - {Data Fields & Data Values Exist}
[INFO ][2015-12-07 19:59:54,601][com.java.TestType] [10062] - --------------------------setting values-----------------------------
[INFO ][2015-12-07 19:59:54,601][com.java.TestType] [10065] - Action Type : Select
[INFO ][2015-12-07 19:59:54,601][com.java.TestType] [ 5430] - value = PFC
[INFO ][2015-12-07 19:59:54,801][com.java.TestType] [10084] -  RESULT true
[INFO ][2015-12-07 19:59:54,801][com.java.TestType] [10201] - ?   P A S S   ?
[DEBUG][2015-12-07 19:59:54,801][com.java.TestType] [10007] - Concept ID:2 :: Step being Executed: 2::2
[INFO ][2015-12-07 19:59:54,801][com.java.TestType] [10045] - dataFields : LNKLogout
[DEBUG][2015-12-07 19:59:54,801][com.java.TestType] [10051] - <In Set values of the page>
[DEBUG][2015-12-07 19:59:54,801][com.java.TestType] [10056] - {Data Fields & Data Values Exist}
[INFO ][2015-12-07 19:59:54,801][com.java.TestType] [10062] - --------------------------setting values-----------------------------
[INFO ][2015-12-07 19:59:54,801][com.java.TestType] [10065] - Action Type : WaitTime
[DEBUG][2015-12-07 19:59:54,801][com.java.TestType] [ 5250] - sleepTime: 5000
[INFO ][2015-12-07 19:59:59,801][com.java.TestType] [10084] -  RESULT true
[INFO ][2015-12-07 19:59:59,801][com.java.TestType] [10201] - ?   P A S S   ?
[INFO ][2015-12-07 19:59:59,801][com.java.TestType] [10272] - Looping End......
[INFO ][2015-12-07 19:59:59,801][com.java.SeleniumDriver] [  893] -  RESULT true
[INFO ][2015-12-07 19:59:59,801][com.java.SeleniumDriver] [ 1099] - ?   P A S S   ?
[INFO ][2015-12-07 19:59:59,801][com.java.SeleniumDriver] [  820] - ------------------------------------------
[INFO ][2015-12-07 19:59:59,801][com.java.SeleniumDriver] [  821] - Test case being Executed: 4
[INFO ][2015-12-07 19:59:59,801][com.java.SeleniumDriver] [  832] - Test step:4
[INFO ][2015-12-07 19:59:59,801][com.java.SeleniumDriver] [  844] - Datavalue is----------3
[INFO ][2015-12-07 19:59:59,801][com.java.SeleniumDriver] [  868] - DataField : XPH//img[@id='loading']
[INFO ][2015-12-07 19:59:59,801][com.java.SeleniumDriver] [  870] - DataValue : 3
[INFO ][2015-12-07 19:59:59,801][com.java.SeleniumDriver] [  876] - <In Set values of the page>
[INFO ][2015-12-07 19:59:59,801][com.java.SeleniumDriver] [  879] - {Data Fields & Data Values Exist}
[INFO ][2015-12-07 19:59:59,801][com.java.SeleniumDriver] [  881] - --------------------------setting values-----------------------------
[INFO ][2015-12-07 19:59:59,801][com.java.SeleniumDriver] [  884] - Action Type : WaitForElement
[INFO ][2015-12-07 19:59:59,842][com.java.SeleniumDriver] [  893] -  RESULT true
[INFO ][2015-12-07 19:59:59,842][com.java.SeleniumDriver] [ 1099] - ?   P A S S   ?
[INFO ][2015-12-07 19:59:59,842][com.java.SeleniumDriver] [  820] - ------------------------------------------
[INFO ][2015-12-07 19:59:59,842][com.java.SeleniumDriver] [  821] - Test case being Executed: 4
[INFO ][2015-12-07 19:59:59,842][com.java.SeleniumDriver] [  832] - Test step:5
[INFO ][2015-12-07 19:59:59,842][com.java.SeleniumDriver] [  844] - Datavalue is----------90
[INFO ][2015-12-07 19:59:59,842][com.java.SeleniumDriver] [  868] - DataField : XPH//img[@id='loading']
[INFO ][2015-12-07 19:59:59,842][com.java.SeleniumDriver] [  870] - DataValue : 90
[INFO ][2015-12-07 19:59:59,842][com.java.SeleniumDriver] [  876] - <In Set values of the page>
[INFO ][2015-12-07 19:59:59,842][com.java.SeleniumDriver] [  879] - {Data Fields & Data Values Exist}
[INFO ][2015-12-07 19:59:59,842][com.java.SeleniumDriver] [  881] - --------------------------setting values-----------------------------
[INFO ][2015-12-07 19:59:59,842][com.java.SeleniumDriver] [  884] - Action Type : waitForElementNotPresent
[INFO ][2015-12-07 19:59:59,942][com.java.SeleniumDriver] [  893] -  RESULT true
[INFO ][2015-12-07 19:59:59,942][com.java.SeleniumDriver] [ 1099] - ?   P A S S   ?
[INFO ][2015-12-07 19:59:59,942][com.java.SeleniumDriver] [  820] - ------------------------------------------
[INFO ][2015-12-07 19:59:59,942][com.java.SeleniumDriver] [  821] - Test case being Executed: 4
[INFO ][2015-12-07 19:59:59,942][com.java.SeleniumDriver] [  832] - Test step:6
[INFO ][2015-12-07 19:59:59,942][com.java.SeleniumDriver] [  844] - Datavalue is----------null
[DEBUG][2015-12-07 19:59:59,942][com.java.SeleniumDriver] [  862] - Exception: null
[INFO ][2015-12-07 19:59:59,942][com.java.SeleniumDriver] [  868] - DataField : //span[@class='icon-stats']&&//a[@data-id="Forecasting"]
[INFO ][2015-12-07 19:59:59,942][com.java.SeleniumDriver] [  870] - DataValue : 
[INFO ][2015-12-07 19:59:59,942][com.java.SeleniumDriver] [  876] - <In Set values of the page>
[INFO ][2015-12-07 19:59:59,942][com.java.SeleniumDriver] [  879] - {Data Fields & Data Values Exist}
[INFO ][2015-12-07 19:59:59,942][com.java.SeleniumDriver] [  881] - --------------------------setting values-----------------------------
[INFO ][2015-12-07 19:59:59,942][com.java.SeleniumDriver] [  884] - Action Type : MOUSEOVER
[INFO ][2015-12-07 20:00:23,208][com.java.SeleniumDriver] [  893] -  RESULT true
[INFO ][2015-12-07 20:00:23,208][com.java.SeleniumDriver] [ 1099] - ?   P A S S   ?
[INFO ][2015-12-07 20:00:23,208][com.java.SeleniumDriver] [  820] - ------------------------------------------
[INFO ][2015-12-07 20:00:23,208][com.java.SeleniumDriver] [  821] - Test case being Executed: 4
[INFO ][2015-12-07 20:00:23,208][com.java.SeleniumDriver] [  832] - Test step:7
[INFO ][2015-12-07 20:00:23,208][com.java.SeleniumDriver] [  844] - Datavalue is----------5
[INFO ][2015-12-07 20:00:23,208][com.java.SeleniumDriver] [  868] - DataField : null
[INFO ][2015-12-07 20:00:23,208][com.java.SeleniumDriver] [  870] - DataValue : 5
[INFO ][2015-12-07 20:00:23,208][com.java.SeleniumDriver] [  876] - <In Set values of the page>
[INFO ][2015-12-07 20:00:23,208][com.java.SeleniumDriver] [  879] - {Data Fields & Data Values Exist}
[INFO ][2015-12-07 20:00:23,208][com.java.SeleniumDriver] [  881] - --------------------------setting values-----------------------------
[INFO ][2015-12-07 20:00:23,208][com.java.SeleniumDriver] [  884] - Action Type : WAITTIME
[DEBUG][2015-12-07 20:00:23,208][com.java.TestType] [ 5250] - sleepTime: 5000
[INFO ][2015-12-07 20:00:28,209][com.java.SeleniumDriver] [  893] -  RESULT true
[INFO ][2015-12-07 20:00:28,209][com.java.SeleniumDriver] [ 1099] - ?   P A S S   ?
[INFO ][2015-12-07 20:00:28,209][com.java.SeleniumDriver] [  820] - ------------------------------------------
[INFO ][2015-12-07 20:00:28,209][com.java.SeleniumDriver] [  821] - Test case being Executed: 4
[INFO ][2015-12-07 20:00:28,209][com.java.SeleniumDriver] [  832] - Test step:8
[INFO ][2015-12-07 20:00:28,209][com.java.SeleniumDriver] [  844] - Datavalue is----------Forecasting 
[INFO ][2015-12-07 20:00:28,209][com.java.SeleniumDriver] [  868] - DataField : TTL
[INFO ][2015-12-07 20:00:28,209][com.java.SeleniumDriver] [  870] - DataValue : Forecasting 
[INFO ][2015-12-07 20:00:28,209][com.java.SeleniumDriver] [  876] - <In Set values of the page>
[INFO ][2015-12-07 20:00:28,209][com.java.SeleniumDriver] [  879] - {Data Fields & Data Values Exist}
[INFO ][2015-12-07 20:00:28,209][com.java.SeleniumDriver] [  881] - --------------------------setting values-----------------------------
[INFO ][2015-12-07 20:00:28,209][com.java.SeleniumDriver] [  884] - Action Type : SELECTWINDOW
[INFO ][2015-12-07 20:00:40,793][com.java.SeleniumDriver] [  893] -  RESULT true
[INFO ][2015-12-07 20:00:40,793][com.java.SeleniumDriver] [ 1099] - ?   P A S S   ?
[INFO ][2015-12-07 20:00:40,793][com.java.SeleniumDriver] [  820] - ------------------------------------------
[INFO ][2015-12-07 20:00:40,793][com.java.SeleniumDriver] [  821] - Test case being Executed: 4
[INFO ][2015-12-07 20:00:40,793][com.java.SeleniumDriver] [  832] - Test step:9
[INFO ][2015-12-07 20:00:40,793][com.java.SeleniumDriver] [  844] - Datavalue is----------10
[INFO ][2015-12-07 20:00:40,793][com.java.SeleniumDriver] [  868] - DataField : DSP//span[contains(text(),'Forecasting')]
[INFO ][2015-12-07 20:00:40,793][com.java.SeleniumDriver] [  870] - DataValue : 10
[INFO ][2015-12-07 20:00:40,793][com.java.SeleniumDriver] [  876] - <In Set values of the page>
[INFO ][2015-12-07 20:00:40,793][com.java.SeleniumDriver] [  879] - {Data Fields & Data Values Exist}
[INFO ][2015-12-07 20:00:40,793][com.java.SeleniumDriver] [  881] - --------------------------setting values-----------------------------
[INFO ][2015-12-07 20:00:40,793][com.java.SeleniumDriver] [  884] - Action Type : WAITFORELEMENT
[INFO ][2015-12-07 20:00:40,923][com.java.SeleniumDriver] [  893] -  RESULT true
[INFO ][2015-12-07 20:00:40,923][com.java.SeleniumDriver] [ 1099] - ?   P A S S   ?
[INFO ][2015-12-07 20:00:40,923][com.java.SeleniumDriver] [  820] - ------------------------------------------
[INFO ][2015-12-07 20:00:40,923][com.java.SeleniumDriver] [  821] - Test case being Executed: 4
[INFO ][2015-12-07 20:00:40,923][com.java.SeleniumDriver] [  832] - Test step:10
[INFO ][2015-12-07 20:00:40,923][com.java.SeleniumDriver] [  844] - Datavalue is----------Forecasting 
[INFO ][2015-12-07 20:00:40,923][com.java.SeleniumDriver] [  868] - DataField : XPH//span[contains(text(),'Forecasting')]
[INFO ][2015-12-07 20:00:40,923][com.java.SeleniumDriver] [  870] - DataValue : Forecasting 
[INFO ][2015-12-07 20:00:40,923][com.java.SeleniumDriver] [  876] - <In Set values of the page>
[INFO ][2015-12-07 20:00:40,923][com.java.SeleniumDriver] [  879] - {Data Fields & Data Values Exist}
[INFO ][2015-12-07 20:00:40,923][com.java.SeleniumDriver] [  881] - --------------------------setting values-----------------------------
[INFO ][2015-12-07 20:00:40,923][com.java.SeleniumDriver] [  884] - Action Type : VERIFY
[INFO ][2015-12-07 20:00:40,923][com.java.TestType] [ 6658] - field= XPH//span[contains(text(),'Forecasting')] value= Forecasting 
[INFO ][2015-12-07 20:00:40,923][com.java.TestType] [ 5430] - value = Forecasting 
[INFO ][2015-12-07 20:00:41,043][com.java.SeleniumDriver] [  893] -  RESULT true
[INFO ][2015-12-07 20:00:41,043][com.java.SeleniumDriver] [ 1099] - ?   P A S S   ?
[INFO ][2015-12-07 20:00:41,043][com.java.SeleniumDriver] [  820] - ------------------------------------------
[INFO ][2015-12-07 20:00:41,043][com.java.SeleniumDriver] [  821] - Test case being Executed: 4
[INFO ][2015-12-07 20:00:41,043][com.java.SeleniumDriver] [  832] - Test step:11
[INFO ][2015-12-07 20:00:41,043][com.java.SeleniumDriver] [  844] - Datavalue is----------null
[DEBUG][2015-12-07 20:00:41,043][com.java.SeleniumDriver] [  862] - Exception: null
[INFO ][2015-12-07 20:00:41,043][com.java.SeleniumDriver] [  868] - DataField : BTNframeDialogContent
[INFO ][2015-12-07 20:00:41,043][com.java.SeleniumDriver] [  870] - DataValue : 
[INFO ][2015-12-07 20:00:41,043][com.java.SeleniumDriver] [  876] - <In Set values of the page>
[INFO ][2015-12-07 20:00:41,043][com.java.SeleniumDriver] [  879] - {Data Fields & Data Values Exist}
[INFO ][2015-12-07 20:00:41,043][com.java.SeleniumDriver] [  881] - --------------------------setting values-----------------------------
[INFO ][2015-12-07 20:00:41,043][com.java.SeleniumDriver] [  884] - Action Type : SELECTFRAME
[INFO ][2015-12-07 20:00:42,154][com.java.SeleniumDriver] [  893] -  RESULT true
[INFO ][2015-12-07 20:00:42,154][com.java.SeleniumDriver] [ 1099] - ?   P A S S   ?
[INFO ][2015-12-07 20:00:42,154][com.java.SeleniumDriver] [  820] - ------------------------------------------
[INFO ][2015-12-07 20:00:42,154][com.java.SeleniumDriver] [  821] - Test case being Executed: 4
[INFO ][2015-12-07 20:00:42,154][com.java.SeleniumDriver] [  832] - Test step:12
[INFO ][2015-12-07 20:00:42,154][com.java.SeleniumDriver] [  844] - Datavalue is----------10
[INFO ][2015-12-07 20:00:42,154][com.java.SeleniumDriver] [  868] - DataField : DSPddlProjects
[INFO ][2015-12-07 20:00:42,154][com.java.SeleniumDriver] [  870] - DataValue : 10
[INFO ][2015-12-07 20:00:42,154][com.java.SeleniumDriver] [  876] - <In Set values of the page>
[INFO ][2015-12-07 20:00:42,154][com.java.SeleniumDriver] [  879] - {Data Fields & Data Values Exist}
[INFO ][2015-12-07 20:00:42,154][com.java.SeleniumDriver] [  881] - --------------------------setting values-----------------------------
[INFO ][2015-12-07 20:00:42,154][com.java.SeleniumDriver] [  884] - Action Type : WAITFORELEMENT
[INFO ][2015-12-07 20:00:43,405][com.java.SeleniumDriver] [  893] -  RESULT true
[INFO ][2015-12-07 20:00:43,405][com.java.SeleniumDriver] [ 1099] - ?   P A S S   ?
[INFO ][2015-12-07 20:00:43,405][com.java.SeleniumDriver] [  820] - ------------------------------------------
[INFO ][2015-12-07 20:00:43,405][com.java.SeleniumDriver] [  821] - Test case being Executed: 4
[INFO ][2015-12-07 20:00:43,405][com.java.SeleniumDriver] [  832] - Test step:13
[INFO ][2015-12-07 20:00:43,405][com.java.SeleniumDriver] [  844] - Datavalue is----------index:1
[INFO ][2015-12-07 20:00:43,405][com.java.SeleniumDriver] [  868] - DataField : COBddlProjects
[INFO ][2015-12-07 20:00:43,405][com.java.SeleniumDriver] [  870] - DataValue : index:1
[INFO ][2015-12-07 20:00:43,405][com.java.SeleniumDriver] [  876] - <In Set values of the page>
[INFO ][2015-12-07 20:00:43,405][com.java.SeleniumDriver] [  879] - {Data Fields & Data Values Exist}
[INFO ][2015-12-07 20:00:43,405][com.java.SeleniumDriver] [  881] - --------------------------setting values-----------------------------
[INFO ][2015-12-07 20:00:43,405][com.java.SeleniumDriver] [  884] - Action Type : SELECT
[INFO ][2015-12-07 20:00:43,405][com.java.TestType] [ 5430] - value = 1
[INFO ][2015-12-07 20:00:44,496][com.java.TestType] [ 5548] -  In COB ddlProjects : 1
[INFO ][2015-12-07 20:00:44,636][com.java.SeleniumDriver] [  893] -  RESULT true
[INFO ][2015-12-07 20:00:44,636][com.java.SeleniumDriver] [ 1099] - ?   P A S S   ?
[INFO ][2015-12-07 20:00:44,636][com.java.SeleniumDriver] [ 1136] - Continue next step...
[INFO ][2015-12-07 20:00:44,636][com.java.SeleniumDriver] [  820] - ------------------------------------------
[INFO ][2015-12-07 20:00:44,636][com.java.SeleniumDriver] [  821] - Test case being Executed: 4
[INFO ][2015-12-07 20:00:44,636][com.java.SeleniumDriver] [  832] - Test step:14
[INFO ][2015-12-07 20:00:44,636][com.java.SeleniumDriver] [  844] - Datavalue is----------CurrentProject
[INFO ][2015-12-07 20:00:44,636][com.java.SeleniumDriver] [  868] - DataField : SLBddlProjects
[INFO ][2015-12-07 20:00:44,636][com.java.SeleniumDriver] [  870] - DataValue : CurrentProject
[INFO ][2015-12-07 20:00:44,636][com.java.SeleniumDriver] [  876] - <In Set values of the page>
[INFO ][2015-12-07 20:00:44,636][com.java.SeleniumDriver] [  879] - {Data Fields & Data Values Exist}
[INFO ][2015-12-07 20:00:44,636][com.java.SeleniumDriver] [  881] - --------------------------setting values-----------------------------
[INFO ][2015-12-07 20:00:44,636][com.java.SeleniumDriver] [  884] - Action Type : storevalue
[INFO ][2015-12-07 20:00:44,636][com.java.TestType] [ 7836] - field= SLBddlProjects
[INFO ][2015-12-07 20:00:45,797][com.java.SeleniumDriver] [  893] -  RESULT true
[INFO ][2015-12-07 20:00:45,797][com.java.SeleniumDriver] [ 1099] - ?   P A S S   ?
[INFO ][2015-12-07 20:00:45,797][com.java.SeleniumDriver] [  820] - ------------------------------------------
[INFO ][2015-12-07 20:00:45,797][com.java.SeleniumDriver] [  821] - Test case being Executed: 4
[INFO ][2015-12-07 20:00:45,797][com.java.SeleniumDriver] [  832] - Test step:15
[INFO ][2015-12-07 20:00:45,797][com.java.SeleniumDriver] [  844] - Datavalue is----------null
[DEBUG][2015-12-07 20:00:45,797][com.java.SeleniumDriver] [  862] - Exception: null
[INFO ][2015-12-07 20:00:45,797][com.java.SeleniumDriver] [  868] - DataField : HDNbtnOpenProject
[INFO ][2015-12-07 20:00:45,797][com.java.SeleniumDriver] [  870] - DataValue : 
[INFO ][2015-12-07 20:00:45,797][com.java.SeleniumDriver] [  876] - <In Set values of the page>
[INFO ][2015-12-07 20:00:45,797][com.java.SeleniumDriver] [  879] - {Data Fields & Data Values Exist}
[INFO ][2015-12-07 20:00:45,797][com.java.SeleniumDriver] [  881] - --------------------------setting values-----------------------------
[INFO ][2015-12-07 20:00:45,797][com.java.SeleniumDriver] [  884] - Action Type : CLICK
[INFO ][2015-12-07 20:00:45,797][com.java.TestType] [ 5758] - Field ::HDNbtnOpenProject
[INFO ][2015-12-07 20:00:48,608][com.java.SeleniumDriver] [  893] -  RESULT true
[INFO ][2015-12-07 20:00:48,608][com.java.SeleniumDriver] [ 1099] - ?   P A S S   ?
[INFO ][2015-12-07 20:00:48,608][com.java.SeleniumDriver] [  820] - ------------------------------------------
[INFO ][2015-12-07 20:00:48,608][com.java.SeleniumDriver] [  821] - Test case being Executed: 4
[INFO ][2015-12-07 20:00:48,608][com.java.SeleniumDriver] [  832] - Test step:16
[INFO ][2015-12-07 20:00:48,608][com.java.SeleniumDriver] [  844] - Datavalue is----------2
[INFO ][2015-12-07 20:00:48,608][com.java.SeleniumDriver] [  868] - DataField : null
[INFO ][2015-12-07 20:00:48,608][com.java.SeleniumDriver] [  870] - DataValue : 2
[INFO ][2015-12-07 20:00:48,608][com.java.SeleniumDriver] [  876] - <In Set values of the page>
[INFO ][2015-12-07 20:00:48,608][com.java.SeleniumDriver] [  879] - {Data Fields & Data Values Exist}
[INFO ][2015-12-07 20:00:48,608][com.java.SeleniumDriver] [  881] - --------------------------setting values-----------------------------
[INFO ][2015-12-07 20:00:48,608][com.java.SeleniumDriver] [  884] - Action Type : WAITTIME
[DEBUG][2015-12-07 20:00:48,608][com.java.TestType] [ 5250] - sleepTime: 2000
[INFO ][2015-12-07 20:00:50,608][com.java.SeleniumDriver] [  893] -  RESULT true
[INFO ][2015-12-07 20:00:50,608][com.java.SeleniumDriver] [ 1099] - ?   P A S S   ?
[INFO ][2015-12-07 20:00:50,608][com.java.SeleniumDriver] [  820] - ------------------------------------------
[INFO ][2015-12-07 20:00:50,608][com.java.SeleniumDriver] [  821] - Test case being Executed: 4
[INFO ][2015-12-07 20:00:50,608][com.java.SeleniumDriver] [  832] - Test step:17
[INFO ][2015-12-07 20:00:50,608][com.java.SeleniumDriver] [  844] - Datavalue is----------null
[DEBUG][2015-12-07 20:00:50,608][com.java.SeleniumDriver] [  862] - Exception: null
[INFO ][2015-12-07 20:00:50,608][com.java.SeleniumDriver] [  868] - DataField : BTNParent
[INFO ][2015-12-07 20:00:50,608][com.java.SeleniumDriver] [  870] - DataValue : 
[INFO ][2015-12-07 20:00:50,608][com.java.SeleniumDriver] [  876] - <In Set values of the page>
[INFO ][2015-12-07 20:00:50,608][com.java.SeleniumDriver] [  879] - {Data Fields & Data Values Exist}
[INFO ][2015-12-07 20:00:50,608][com.java.SeleniumDriver] [  881] - --------------------------setting values-----------------------------
[INFO ][2015-12-07 20:00:50,608][com.java.SeleniumDriver] [  884] - Action Type : SELECTFRAME
[INFO ][2015-12-07 20:00:50,609][com.java.SeleniumDriver] [  893] -  RESULT true
[INFO ][2015-12-07 20:00:50,609][com.java.SeleniumDriver] [ 1099] - ?   P A S S   ?
[INFO ][2015-12-07 20:00:50,609][com.java.SeleniumDriver] [  820] - ------------------------------------------
[INFO ][2015-12-07 20:00:50,609][com.java.SeleniumDriver] [  821] - Test case being Executed: 4
[INFO ][2015-12-07 20:00:50,609][com.java.SeleniumDriver] [  832] - Test step:18
[INFO ][2015-12-07 20:00:50,609][com.java.SeleniumDriver] [  844] - Datavalue is----------10
[INFO ][2015-12-07 20:00:50,609][com.java.SeleniumDriver] [  868] - DataField : DSPFile
[INFO ][2015-12-07 20:00:50,609][com.java.SeleniumDriver] [  870] - DataValue : 10
[INFO ][2015-12-07 20:00:50,609][com.java.SeleniumDriver] [  876] - <In Set values of the page>
[INFO ][2015-12-07 20:00:50,609][com.java.SeleniumDriver] [  879] - {Data Fields & Data Values Exist}
[INFO ][2015-12-07 20:00:50,609][com.java.SeleniumDriver] [  881] - --------------------------setting values-----------------------------
[INFO ][2015-12-07 20:00:50,609][com.java.SeleniumDriver] [  884] - Action Type : WAITFORELEMENT
[INFO ][2015-12-07 20:00:50,729][com.java.SeleniumDriver] [  893] -  RESULT true
[INFO ][2015-12-07 20:00:50,729][com.java.SeleniumDriver] [ 1099] - ?   P A S S   ?
[INFO ][2015-12-07 20:00:50,729][com.java.SeleniumDriver] [  820] - ------------------------------------------
[INFO ][2015-12-07 20:00:50,729][com.java.SeleniumDriver] [  821] - Test case being Executed: 4
[INFO ][2015-12-07 20:00:50,729][com.java.SeleniumDriver] [  832] - Test step:19
[INFO ][2015-12-07 20:00:50,729][com.java.SeleniumDriver] [  844] - Datavalue is----------10
[INFO ][2015-12-07 20:00:50,729][com.java.SeleniumDriver] [  868] - DataField : null
[INFO ][2015-12-07 20:00:50,729][com.java.SeleniumDriver] [  870] - DataValue : 10
[INFO ][2015-12-07 20:00:50,729][com.java.SeleniumDriver] [  876] - <In Set values of the page>
[INFO ][2015-12-07 20:00:50,729][com.java.SeleniumDriver] [  879] - {Data Fields & Data Values Exist}
[INFO ][2015-12-07 20:00:50,729][com.java.SeleniumDriver] [  881] - --------------------------setting values-----------------------------
[INFO ][2015-12-07 20:00:50,729][com.java.SeleniumDriver] [  884] - Action Type : WAITTIME
[DEBUG][2015-12-07 20:00:50,729][com.java.TestType] [ 5250] - sleepTime: 10000
[INFO ][2015-12-07 20:01:00,736][com.java.SeleniumDriver] [  893] -  RESULT true
[INFO ][2015-12-07 20:01:00,736][com.java.SeleniumDriver] [ 1099] - ?   P A S S   ?
[INFO ][2015-12-07 20:01:00,736][com.java.SeleniumDriver] [  820] - ------------------------------------------
[INFO ][2015-12-07 20:01:00,736][com.java.SeleniumDriver] [  821] - Test case being Executed: 4
[INFO ][2015-12-07 20:01:00,736][com.java.SeleniumDriver] [  832] - Test step:20
[INFO ][2015-12-07 20:01:00,736][com.java.SeleniumDriver] [  844] - Datavalue is----------HMVCurrentProject
[INFO ][2015-12-07 20:01:00,736][com.java.SeleniumDriver] [  868] - DataField : XPH//span[@id='lblProject']
[INFO ][2015-12-07 20:01:00,736][com.java.SeleniumDriver] [  870] - DataValue : HMVCurrentProject
[INFO ][2015-12-07 20:01:00,736][com.java.SeleniumDriver] [  876] - <In Set values of the page>
[INFO ][2015-12-07 20:01:00,736][com.java.SeleniumDriver] [  879] - {Data Fields & Data Values Exist}
[INFO ][2015-12-07 20:01:00,736][com.java.SeleniumDriver] [  881] - --------------------------setting values-----------------------------
[INFO ][2015-12-07 20:01:00,736][com.java.SeleniumDriver] [  884] - Action Type : VERIFY
[INFO ][2015-12-07 20:01:00,736][com.java.TestType] [ 6658] - field= XPH//span[@id='lblProject'] value= HMVCurrentProject
[INFO ][2015-12-07 20:01:00,736][com.java.TestType] [ 5430] - value = Dallas User Group
[INFO ][2015-12-07 20:01:00,877][com.java.SeleniumDriver] [  893] -  RESULT true
[INFO ][2015-12-07 20:01:00,877][com.java.SeleniumDriver] [ 1099] - ?   P A S S   ?
[INFO ][2015-12-07 20:01:00,877][com.java.SeleniumDriver] [  820] - ------------------------------------------
[INFO ][2015-12-07 20:01:00,877][com.java.SeleniumDriver] [  821] - Test case being Executed: 4
[INFO ][2015-12-07 20:01:00,877][com.java.SeleniumDriver] [  832] - Test step:21
[INFO ][2015-12-07 20:01:00,877][com.java.SeleniumDriver] [  844] - Datavalue is----------null
[DEBUG][2015-12-07 20:01:00,877][com.java.SeleniumDriver] [  862] - Exception: null
[INFO ][2015-12-07 20:01:00,877][com.java.SeleniumDriver] [  868] - DataField : HDNmenuTools
[INFO ][2015-12-07 20:01:00,877][com.java.SeleniumDriver] [  870] - DataValue : 
[INFO ][2015-12-07 20:01:00,877][com.java.SeleniumDriver] [  876] - <In Set values of the page>
[INFO ][2015-12-07 20:01:00,877][com.java.SeleniumDriver] [  879] - {Data Fields & Data Values Exist}
[INFO ][2015-12-07 20:01:00,877][com.java.SeleniumDriver] [  881] - --------------------------setting values-----------------------------
[INFO ][2015-12-07 20:01:00,877][com.java.SeleniumDriver] [  884] - Action Type : CLICK
[INFO ][2015-12-07 20:01:00,877][com.java.TestType] [ 5758] - Field ::HDNmenuTools
[INFO ][2015-12-07 20:01:03,018][com.java.SeleniumDriver] [  893] -  RESULT true
[INFO ][2015-12-07 20:01:03,018][com.java.SeleniumDriver] [ 1099] - ?   P A S S   ?
[INFO ][2015-12-07 20:01:03,018][com.java.SeleniumDriver] [  820] - ------------------------------------------
[INFO ][2015-12-07 20:01:03,018][com.java.SeleniumDriver] [  821] - Test case being Executed: 4
[INFO ][2015-12-07 20:01:03,018][com.java.SeleniumDriver] [  832] - Test step:22
[INFO ][2015-12-07 20:01:03,018][com.java.SeleniumDriver] [  844] - Datavalue is----------10
[INFO ][2015-12-07 20:01:03,018][com.java.SeleniumDriver] [  868] - DataField : DSPmenuCopyToForecast
[INFO ][2015-12-07 20:01:03,018][com.java.SeleniumDriver] [  870] - DataValue : 10
[INFO ][2015-12-07 20:01:03,018][com.java.SeleniumDriver] [  876] - <In Set values of the page>
[INFO ][2015-12-07 20:01:03,018][com.java.SeleniumDriver] [  879] - {Data Fields & Data Values Exist}
[INFO ][2015-12-07 20:01:03,018][com.java.SeleniumDriver] [  881] - --------------------------setting values-----------------------------
[INFO ][2015-12-07 20:01:03,018][com.java.SeleniumDriver] [  884] - Action Type : WAITFORELEMENT
[INFO ][2015-12-07 20:01:04,244][com.java.SeleniumDriver] [  893] -  RESULT true
[INFO ][2015-12-07 20:01:04,244][com.java.SeleniumDriver] [ 1099] - ?   P A S S   ?
[INFO ][2015-12-07 20:01:04,244][com.java.SeleniumDriver] [  820] - ------------------------------------------
[INFO ][2015-12-07 20:01:04,244][com.java.SeleniumDriver] [  821] - Test case being Executed: 4
[INFO ][2015-12-07 20:01:04,244][com.java.SeleniumDriver] [  832] - Test step:23
[INFO ][2015-12-07 20:01:04,244][com.java.SeleniumDriver] [  844] - Datavalue is----------null
[DEBUG][2015-12-07 20:01:04,244][com.java.SeleniumDriver] [  862] - Exception: null
[INFO ][2015-12-07 20:01:04,244][com.java.SeleniumDriver] [  868] - DataField : HDNmenuCopyToForecast
[INFO ][2015-12-07 20:01:04,244][com.java.SeleniumDriver] [  870] - DataValue : 
[INFO ][2015-12-07 20:01:04,244][com.java.SeleniumDriver] [  876] - <In Set values of the page>
[INFO ][2015-12-07 20:01:04,244][com.java.SeleniumDriver] [  879] - {Data Fields & Data Values Exist}
[INFO ][2015-12-07 20:01:04,244][com.java.SeleniumDriver] [  881] - --------------------------setting values-----------------------------
[INFO ][2015-12-07 20:01:04,244][com.java.SeleniumDriver] [  884] - Action Type : CLICK
[INFO ][2015-12-07 20:01:04,244][com.java.TestType] [ 5758] - Field ::HDNmenuCopyToForecast
[INFO ][2015-12-07 20:01:06,405][com.java.SeleniumDriver] [  893] -  RESULT true
[INFO ][2015-12-07 20:01:06,405][com.java.SeleniumDriver] [ 1099] - ?   P A S S   ?
[INFO ][2015-12-07 20:01:06,405][com.java.SeleniumDriver] [  820] - ------------------------------------------
[INFO ][2015-12-07 20:01:06,405][com.java.SeleniumDriver] [  821] - Test case being Executed: 4
[INFO ][2015-12-07 20:01:06,405][com.java.SeleniumDriver] [  832] - Test step:24
[INFO ][2015-12-07 20:01:06,405][com.java.SeleniumDriver] [  844] - Datavalue is----------2
[INFO ][2015-12-07 20:01:06,405][com.java.SeleniumDriver] [  868] - DataField : null
[INFO ][2015-12-07 20:01:06,405][com.java.SeleniumDriver] [  870] - DataValue : 2
[INFO ][2015-12-07 20:01:06,405][com.java.SeleniumDriver] [  876] - <In Set values of the page>
[INFO ][2015-12-07 20:01:06,405][com.java.SeleniumDriver] [  879] - {Data Fields & Data Values Exist}
[INFO ][2015-12-07 20:01:06,405][com.java.SeleniumDriver] [  881] - --------------------------setting values-----------------------------
[INFO ][2015-12-07 20:01:06,405][com.java.SeleniumDriver] [  884] - Action Type : WAITTIME
[DEBUG][2015-12-07 20:01:06,405][com.java.TestType] [ 5250] - sleepTime: 2000
[INFO ][2015-12-07 20:01:08,405][com.java.SeleniumDriver] [  893] -  RESULT true
[INFO ][2015-12-07 20:01:08,405][com.java.SeleniumDriver] [ 1099] - ?   P A S S   ?
[INFO ][2015-12-07 20:01:08,405][com.java.SeleniumDriver] [  820] - ------------------------------------------
[INFO ][2015-12-07 20:01:08,405][com.java.SeleniumDriver] [  821] - Test case being Executed: 4
[INFO ][2015-12-07 20:01:08,405][com.java.SeleniumDriver] [  832] - Test step:25
[INFO ][2015-12-07 20:01:08,405][com.java.SeleniumDriver] [  844] - Datavalue is----------Forecasting
[INFO ][2015-12-07 20:01:08,405][com.java.SeleniumDriver] [  868] - DataField : XPH//span[@id='ui-dialog-title-mdDialog']
[INFO ][2015-12-07 20:01:08,405][com.java.SeleniumDriver] [  870] - DataValue : Forecasting
[INFO ][2015-12-07 20:01:08,405][com.java.SeleniumDriver] [  876] - <In Set values of the page>
[INFO ][2015-12-07 20:01:08,405][com.java.SeleniumDriver] [  879] - {Data Fields & Data Values Exist}
[INFO ][2015-12-07 20:01:08,405][com.java.SeleniumDriver] [  881] - --------------------------setting values-----------------------------
[INFO ][2015-12-07 20:01:08,405][com.java.SeleniumDriver] [  884] - Action Type : VERIFY
[INFO ][2015-12-07 20:01:08,405][com.java.TestType] [ 6658] - field= XPH//span[@id='ui-dialog-title-mdDialog'] value= Forecasting
[INFO ][2015-12-07 20:01:08,405][com.java.TestType] [ 5430] - value = Forecasting
[INFO ][2015-12-07 20:01:08,527][com.java.SeleniumDriver] [  893] -  RESULT true
[INFO ][2015-12-07 20:01:08,527][com.java.SeleniumDriver] [ 1099] - ?   P A S S   ?
[INFO ][2015-12-07 20:01:08,527][com.java.SeleniumDriver] [  820] - ------------------------------------------
[INFO ][2015-12-07 20:01:08,527][com.java.SeleniumDriver] [  821] - Test case being Executed: 4
[INFO ][2015-12-07 20:01:08,527][com.java.SeleniumDriver] [  832] - Test step:26
[INFO ][2015-12-07 20:01:08,527][com.java.SeleniumDriver] [  844] - Datavalue is----------null
[DEBUG][2015-12-07 20:01:08,527][com.java.SeleniumDriver] [  862] - Exception: null
[INFO ][2015-12-07 20:01:08,527][com.java.SeleniumDriver] [  868] - DataField : BTNframeDialogContent
[INFO ][2015-12-07 20:01:08,527][com.java.SeleniumDriver] [  870] - DataValue : 
[INFO ][2015-12-07 20:01:08,527][com.java.SeleniumDriver] [  876] - <In Set values of the page>
[INFO ][2015-12-07 20:01:08,527][com.java.SeleniumDriver] [  879] - {Data Fields & Data Values Exist}
[INFO ][2015-12-07 20:01:08,527][com.java.SeleniumDriver] [  881] - --------------------------setting values-----------------------------
[INFO ][2015-12-07 20:01:08,527][com.java.SeleniumDriver] [  884] - Action Type : SELECTFRAME
[INFO ][2015-12-07 20:01:09,668][com.java.SeleniumDriver] [  893] -  RESULT true
[INFO ][2015-12-07 20:01:09,668][com.java.SeleniumDriver] [ 1099] - ?   P A S S   ?
[INFO ][2015-12-07 20:01:09,668][com.java.SeleniumDriver] [  820] - ------------------------------------------
[INFO ][2015-12-07 20:01:09,668][com.java.SeleniumDriver] [  821] - Test case being Executed: 4
[INFO ][2015-12-07 20:01:09,668][com.java.SeleniumDriver] [  832] - Test step:27
[INFO ][2015-12-07 20:01:09,668][com.java.SeleniumDriver] [  844] - Datavalue is----------Copying Project
[INFO ][2015-12-07 20:01:09,668][com.java.SeleniumDriver] [  868] - DataField : XPH//td[@class='dlg_Label']
[INFO ][2015-12-07 20:01:09,668][com.java.SeleniumDriver] [  870] - DataValue : Copying Project
[INFO ][2015-12-07 20:01:09,668][com.java.SeleniumDriver] [  876] - <In Set values of the page>
[INFO ][2015-12-07 20:01:09,668][com.java.SeleniumDriver] [  879] - {Data Fields & Data Values Exist}
[INFO ][2015-12-07 20:01:09,668][com.java.SeleniumDriver] [  881] - --------------------------setting values-----------------------------
[INFO ][2015-12-07 20:01:09,668][com.java.SeleniumDriver] [  884] - Action Type : VERIFY
[INFO ][2015-12-07 20:01:09,668][com.java.TestType] [ 6658] - field= XPH//td[@class='dlg_Label'] value= Copying Project
[INFO ][2015-12-07 20:01:09,668][com.java.TestType] [ 5430] - value = Copying Project
[INFO ][2015-12-07 20:01:09,748][com.java.SeleniumDriver] [  893] -  RESULT true
[INFO ][2015-12-07 20:01:09,748][com.java.SeleniumDriver] [ 1099] - ?   P A S S   ?
[INFO ][2015-12-07 20:01:09,748][com.java.SeleniumDriver] [  820] - ------------------------------------------
[INFO ][2015-12-07 20:01:09,748][com.java.SeleniumDriver] [  821] - Test case being Executed: 4
[INFO ][2015-12-07 20:01:09,748][com.java.SeleniumDriver] [  832] - Test step:28
[INFO ][2015-12-07 20:01:09,748][com.java.SeleniumDriver] [  844] - Datavalue is----------Your project is now being processed.
[INFO ][2015-12-07 20:01:09,748][com.java.SeleniumDriver] [  868] - DataField : XPH//TD[@ID='lblEmail']
[INFO ][2015-12-07 20:01:09,748][com.java.SeleniumDriver] [  870] - DataValue : Your project is now being processed.
[INFO ][2015-12-07 20:01:09,748][com.java.SeleniumDriver] [  876] - <In Set values of the page>
[INFO ][2015-12-07 20:01:09,748][com.java.SeleniumDriver] [  879] - {Data Fields & Data Values Exist}
[INFO ][2015-12-07 20:01:09,748][com.java.SeleniumDriver] [  881] - --------------------------setting values-----------------------------
[INFO ][2015-12-07 20:01:09,748][com.java.SeleniumDriver] [  884] - Action Type : VERIFY
[INFO ][2015-12-07 20:01:09,748][com.java.TestType] [ 6658] - field= XPH//TD[@ID='lblEmail'] value= Your project is now being processed.
[INFO ][2015-12-07 20:01:09,748][com.java.TestType] [ 5430] - value = Your project is now being processed.
[INFO ][2015-12-07 20:01:09,828][com.java.SeleniumDriver] [  893] -  RESULT true
[INFO ][2015-12-07 20:01:09,828][com.java.SeleniumDriver] [ 1099] - ?   P A S S   ?
[INFO ][2015-12-07 20:01:09,828][com.java.SeleniumDriver] [  820] - ------------------------------------------
[INFO ][2015-12-07 20:01:09,828][com.java.SeleniumDriver] [  821] - Test case being Executed: 4
[INFO ][2015-12-07 20:01:09,828][com.java.SeleniumDriver] [  832] - Test step:29
[INFO ][2015-12-07 20:01:09,828][com.java.SeleniumDriver] [  844] - Datavalue is----------null
[DEBUG][2015-12-07 20:01:09,828][com.java.SeleniumDriver] [  862] - Exception: null
[INFO ][2015-12-07 20:01:09,828][com.java.SeleniumDriver] [  868] - DataField : BTNParent
[INFO ][2015-12-07 20:01:09,828][com.java.SeleniumDriver] [  870] - DataValue : 
[INFO ][2015-12-07 20:01:09,828][com.java.SeleniumDriver] [  876] - <In Set values of the page>
[INFO ][2015-12-07 20:01:09,828][com.java.SeleniumDriver] [  879] - {Data Fields & Data Values Exist}
[INFO ][2015-12-07 20:01:09,828][com.java.SeleniumDriver] [  881] - --------------------------setting values-----------------------------
[INFO ][2015-12-07 20:01:09,828][com.java.SeleniumDriver] [  884] - Action Type : SELECTFRAME
[INFO ][2015-12-07 20:01:09,838][com.java.SeleniumDriver] [  893] -  RESULT true
[INFO ][2015-12-07 20:01:09,838][com.java.SeleniumDriver] [ 1099] - ?   P A S S   ?
[INFO ][2015-12-07 20:01:09,838][com.java.SeleniumDriver] [  820] - ------------------------------------------
[INFO ][2015-12-07 20:01:09,838][com.java.SeleniumDriver] [  821] - Test case being Executed: 4
[INFO ][2015-12-07 20:01:09,838][com.java.SeleniumDriver] [  832] - Test step:30
[INFO ][2015-12-07 20:01:09,838][com.java.SeleniumDriver] [  844] - Datavalue is----------null
[DEBUG][2015-12-07 20:01:09,838][com.java.SeleniumDriver] [  862] - Exception: null
[INFO ][2015-12-07 20:01:09,838][com.java.SeleniumDriver] [  868] - DataField : HDN//span[text()='close']
[INFO ][2015-12-07 20:01:09,838][com.java.SeleniumDriver] [  870] - DataValue : 
[INFO ][2015-12-07 20:01:09,838][com.java.SeleniumDriver] [  876] - <In Set values of the page>
[INFO ][2015-12-07 20:01:09,838][com.java.SeleniumDriver] [  879] - {Data Fields & Data Values Exist}
[INFO ][2015-12-07 20:01:09,838][com.java.SeleniumDriver] [  881] - --------------------------setting values-----------------------------
[INFO ][2015-12-07 20:01:09,838][com.java.SeleniumDriver] [  884] - Action Type : CLICK
[INFO ][2015-12-07 20:01:09,838][com.java.TestType] [ 5758] - Field ::HDN//span[text()='close']
[INFO ][2015-12-07 20:01:10,929][com.java.SeleniumDriver] [  893] -  RESULT true
[INFO ][2015-12-07 20:01:10,929][com.java.SeleniumDriver] [ 1099] - ?   P A S S   ?
[INFO ][2015-12-07 20:01:10,929][com.java.SeleniumDriver] [  820] - ------------------------------------------
[INFO ][2015-12-07 20:01:10,929][com.java.SeleniumDriver] [  821] - Test case being Executed: 4
[INFO ][2015-12-07 20:01:10,929][com.java.SeleniumDriver] [  832] - Test step:31
[INFO ][2015-12-07 20:01:10,929][com.java.SeleniumDriver] [  844] - Datavalue is----------null
[DEBUG][2015-12-07 20:01:10,929][com.java.SeleniumDriver] [  862] - Exception: null
[INFO ][2015-12-07 20:01:10,929][com.java.SeleniumDriver] [  868] - DataField : HDNmenuTools
[INFO ][2015-12-07 20:01:10,929][com.java.SeleniumDriver] [  870] - DataValue : 
[INFO ][2015-12-07 20:01:10,929][com.java.SeleniumDriver] [  876] - <In Set values of the page>
[INFO ][2015-12-07 20:01:10,929][com.java.SeleniumDriver] [  879] - {Data Fields & Data Values Exist}
[INFO ][2015-12-07 20:01:10,929][com.java.SeleniumDriver] [  881] - --------------------------setting values-----------------------------
[INFO ][2015-12-07 20:01:10,929][com.java.SeleniumDriver] [  884] - Action Type : CLICK
[INFO ][2015-12-07 20:01:10,929][com.java.TestType] [ 5758] - Field ::HDNmenuTools
[INFO ][2015-12-07 20:01:13,090][com.java.SeleniumDriver] [  893] -  RESULT true
[INFO ][2015-12-07 20:01:13,090][com.java.SeleniumDriver] [ 1099] - ?   P A S S   ?
[INFO ][2015-12-07 20:01:13,090][com.java.SeleniumDriver] [  820] - ------------------------------------------
[INFO ][2015-12-07 20:01:13,090][com.java.SeleniumDriver] [  821] - Test case being Executed: 4
[INFO ][2015-12-07 20:01:13,090][com.java.SeleniumDriver] [  832] - Test step:32
[INFO ][2015-12-07 20:01:13,090][com.java.SeleniumDriver] [  844] - Datavalue is----------10
[INFO ][2015-12-07 20:01:13,090][com.java.SeleniumDriver] [  868] - DataField : DSPmenuProjectOptions
[INFO ][2015-12-07 20:01:13,090][com.java.SeleniumDriver] [  870] - DataValue : 10
[INFO ][2015-12-07 20:01:13,090][com.java.SeleniumDriver] [  876] - <In Set values of the page>
[INFO ][2015-12-07 20:01:13,090][com.java.SeleniumDriver] [  879] - {Data Fields & Data Values Exist}
[INFO ][2015-12-07 20:01:13,090][com.java.SeleniumDriver] [  881] - --------------------------setting values-----------------------------
[INFO ][2015-12-07 20:01:13,090][com.java.SeleniumDriver] [  884] - Action Type : WAITFORELEMENT
[INFO ][2015-12-07 20:01:14,321][com.java.SeleniumDriver] [  893] -  RESULT true
[INFO ][2015-12-07 20:01:14,321][com.java.SeleniumDriver] [ 1099] - ?   P A S S   ?
[INFO ][2015-12-07 20:01:14,321][com.java.SeleniumDriver] [  820] - ------------------------------------------
[INFO ][2015-12-07 20:01:14,321][com.java.SeleniumDriver] [  821] - Test case being Executed: 4
[INFO ][2015-12-07 20:01:14,321][com.java.SeleniumDriver] [  832] - Test step:33
[INFO ][2015-12-07 20:01:14,321][com.java.SeleniumDriver] [  844] - Datavalue is----------null
[DEBUG][2015-12-07 20:01:14,321][com.java.SeleniumDriver] [  862] - Exception: null
[INFO ][2015-12-07 20:01:14,321][com.java.SeleniumDriver] [  868] - DataField : BTNmenuProjectOptions
[INFO ][2015-12-07 20:01:14,321][com.java.SeleniumDriver] [  870] - DataValue : 
[INFO ][2015-12-07 20:01:14,321][com.java.SeleniumDriver] [  876] - <In Set values of the page>
[INFO ][2015-12-07 20:01:14,321][com.java.SeleniumDriver] [  879] - {Data Fields & Data Values Exist}
[INFO ][2015-12-07 20:01:14,321][com.java.SeleniumDriver] [  881] - --------------------------setting values-----------------------------
[INFO ][2015-12-07 20:01:14,321][com.java.SeleniumDriver] [  884] - Action Type : CLICK
[INFO ][2015-12-07 20:01:14,321][com.java.TestType] [ 5758] - Field ::BTNmenuProjectOptions
[INFO ][2015-12-07 20:01:15,325][com.java.TestType] [ 5831] - BEFORE CLICK
[INFO ][2015-12-07 20:01:17,879][com.java.TestType] [ 5838] - Unable to click the object ProjectOptions
[INFO ][2015-12-07 20:01:17,879][com.java.SeleniumDriver] [  893] -  RESULT true
[INFO ][2015-12-07 20:01:17,879][com.java.SeleniumDriver] [ 1099] - ?   P A S S   ?
[INFO ][2015-12-07 20:01:17,879][com.java.SeleniumDriver] [  820] - ------------------------------------------
[INFO ][2015-12-07 20:01:17,879][com.java.SeleniumDriver] [  821] - Test case being Executed: 4
[INFO ][2015-12-07 20:01:17,879][com.java.SeleniumDriver] [  832] - Test step:34
[INFO ][2015-12-07 20:01:17,879][com.java.SeleniumDriver] [  844] - Datavalue is----------null
[DEBUG][2015-12-07 20:01:17,879][com.java.SeleniumDriver] [  862] - Exception: null
[INFO ][2015-12-07 20:01:17,879][com.java.SeleniumDriver] [  868] - DataField : BTNframeDialogContent
[INFO ][2015-12-07 20:01:17,879][com.java.SeleniumDriver] [  870] - DataValue : 
[INFO ][2015-12-07 20:01:17,879][com.java.SeleniumDriver] [  876] - <In Set values of the page>
[INFO ][2015-12-07 20:01:17,879][com.java.SeleniumDriver] [  879] - {Data Fields & Data Values Exist}
[INFO ][2015-12-07 20:01:17,879][com.java.SeleniumDriver] [  881] - --------------------------setting values-----------------------------
[INFO ][2015-12-07 20:01:17,879][com.java.SeleniumDriver] [  884] - Action Type : SELECTFRAME
[INFO ][2015-12-07 20:01:19,011][com.java.SeleniumDriver] [  893] -  RESULT true
[INFO ][2015-12-07 20:01:19,011][com.java.SeleniumDriver] [ 1099] - ?   P A S S   ?
[INFO ][2015-12-07 20:01:19,011][com.java.SeleniumDriver] [  820] - ------------------------------------------
[INFO ][2015-12-07 20:01:19,011][com.java.SeleniumDriver] [  821] - Test case being Executed: 4
[INFO ][2015-12-07 20:01:19,011][com.java.SeleniumDriver] [  832] - Test step:35
[INFO ][2015-12-07 20:01:19,011][com.java.SeleniumDriver] [  844] - Datavalue is----------10
[INFO ][2015-12-07 20:01:19,011][com.java.SeleniumDriver] [  868] - DataField : DSP//li[text()='Project History']
[INFO ][2015-12-07 20:01:19,011][com.java.SeleniumDriver] [  870] - DataValue : 10
[INFO ][2015-12-07 20:01:19,011][com.java.SeleniumDriver] [  876] - <In Set values of the page>
[INFO ][2015-12-07 20:01:19,011][com.java.SeleniumDriver] [  879] - {Data Fields & Data Values Exist}
[INFO ][2015-12-07 20:01:19,011][com.java.SeleniumDriver] [  881] - --------------------------setting values-----------------------------
[INFO ][2015-12-07 20:01:19,011][com.java.SeleniumDriver] [  884] - Action Type : WAITFORELEMENT
[INFO ][2015-12-07 20:01:19,091][com.java.SeleniumDriver] [  893] -  RESULT true
[INFO ][2015-12-07 20:01:19,091][com.java.SeleniumDriver] [ 1099] - ?   P A S S   ?
[INFO ][2015-12-07 20:01:19,091][com.java.SeleniumDriver] [  820] - ------------------------------------------
[INFO ][2015-12-07 20:01:19,091][com.java.SeleniumDriver] [  821] - Test case being Executed: 4
[INFO ][2015-12-07 20:01:19,091][com.java.SeleniumDriver] [  832] - Test step:36
[INFO ][2015-12-07 20:01:19,091][com.java.SeleniumDriver] [  844] - Datavalue is----------null
[DEBUG][2015-12-07 20:01:19,091][com.java.SeleniumDriver] [  862] - Exception: null
[INFO ][2015-12-07 20:01:19,091][com.java.SeleniumDriver] [  868] - DataField : XPH//li[text()='Project History']
[INFO ][2015-12-07 20:01:19,091][com.java.SeleniumDriver] [  870] - DataValue : 
[INFO ][2015-12-07 20:01:19,091][com.java.SeleniumDriver] [  876] - <In Set values of the page>
[INFO ][2015-12-07 20:01:19,091][com.java.SeleniumDriver] [  879] - {Data Fields & Data Values Exist}
[INFO ][2015-12-07 20:01:19,091][com.java.SeleniumDriver] [  881] - --------------------------setting values-----------------------------
[INFO ][2015-12-07 20:01:19,091][com.java.SeleniumDriver] [  884] - Action Type : CLICK
[INFO ][2015-12-07 20:01:19,091][com.java.TestType] [ 5758] - Field ::XPH//li[text()='Project History']
[INFO ][2015-12-07 20:01:20,091][com.java.TestType] [ 5852] - BEFORE CLICK
[INFO ][2015-12-07 20:01:20,801][com.java.TestType] [ 5860] - Unable to click the object ProjectHistory
[INFO ][2015-12-07 20:01:20,801][com.java.SeleniumDriver] [  893] -  RESULT true
[INFO ][2015-12-07 20:01:20,801][com.java.SeleniumDriver] [ 1099] - ?   P A S S   ?
[INFO ][2015-12-07 20:01:20,801][com.java.SeleniumDriver] [  820] - ------------------------------------------
[INFO ][2015-12-07 20:01:20,801][com.java.SeleniumDriver] [  821] - Test case being Executed: 4
[INFO ][2015-12-07 20:01:20,801][com.java.SeleniumDriver] [  832] - Test step:37
[INFO ][2015-12-07 20:01:20,801][com.java.SeleniumDriver] [  844] - Datavalue is----------//span[text()='Copy to Forecast']
[INFO ][2015-12-07 20:01:20,801][com.java.SeleniumDriver] [  868] - DataField : BTN
[INFO ][2015-12-07 20:01:20,801][com.java.SeleniumDriver] [  870] - DataValue : //span[text()='Copy to Forecast']
[INFO ][2015-12-07 20:01:20,801][com.java.SeleniumDriver] [  876] - <In Set values of the page>
[INFO ][2015-12-07 20:01:20,801][com.java.SeleniumDriver] [  879] - {Data Fields & Data Values Exist}
[INFO ][2015-12-07 20:01:20,801][com.java.SeleniumDriver] [  881] - --------------------------setting values-----------------------------
[INFO ][2015-12-07 20:01:20,801][com.java.SeleniumDriver] [  884] - Action Type : VERIFY
[INFO ][2015-12-07 20:01:20,801][com.java.TestType] [ 6658] - field= BTN value= //span[text()='Copy to Forecast']
[INFO ][2015-12-07 20:01:20,801][com.java.TestType] [ 5430] - value = //span[text()='Copy to Forecast']
[INFO ][2015-12-07 20:01:20,842][com.java.SeleniumDriver] [  893] -  RESULT true
[INFO ][2015-12-07 20:01:20,842][com.java.SeleniumDriver] [ 1099] - ?   P A S S   ?
[INFO ][2015-12-07 20:01:20,842][com.java.SeleniumDriver] [  820] - ------------------------------------------
[INFO ][2015-12-07 20:01:20,842][com.java.SeleniumDriver] [  821] - Test case being Executed: 4
[INFO ][2015-12-07 20:01:20,842][com.java.SeleniumDriver] [  832] - Test step:38
[INFO ][2015-12-07 20:01:20,842][com.java.SeleniumDriver] [  844] - Datavalue is----------null
[DEBUG][2015-12-07 20:01:20,842][com.java.SeleniumDriver] [  862] - Exception: null
[INFO ][2015-12-07 20:01:20,842][com.java.SeleniumDriver] [  868] - DataField : BTNparent
[INFO ][2015-12-07 20:01:20,842][com.java.SeleniumDriver] [  870] - DataValue : 
[INFO ][2015-12-07 20:01:20,842][com.java.SeleniumDriver] [  876] - <In Set values of the page>
[INFO ][2015-12-07 20:01:20,842][com.java.SeleniumDriver] [  879] - {Data Fields & Data Values Exist}
[INFO ][2015-12-07 20:01:20,842][com.java.SeleniumDriver] [  881] - --------------------------setting values-----------------------------
[INFO ][2015-12-07 20:01:20,842][com.java.SeleniumDriver] [  884] - Action Type : SELECTFRAME
[INFO ][2015-12-07 20:01:20,852][com.java.SeleniumDriver] [  893] -  RESULT true
[INFO ][2015-12-07 20:01:20,852][com.java.SeleniumDriver] [ 1099] - ?   P A S S   ?
[INFO ][2015-12-07 20:01:20,852][com.java.SeleniumDriver] [  820] - ------------------------------------------
[INFO ][2015-12-07 20:01:20,852][com.java.SeleniumDriver] [  821] - Test case being Executed: 4
[INFO ][2015-12-07 20:01:20,852][com.java.SeleniumDriver] [  832] - Test step:39
[INFO ][2015-12-07 20:01:20,852][com.java.SeleniumDriver] [  844] - Datavalue is----------Forecasting 
[INFO ][2015-12-07 20:01:20,852][com.java.SeleniumDriver] [  868] - DataField : TTL
[INFO ][2015-12-07 20:01:20,852][com.java.SeleniumDriver] [  870] - DataValue : Forecasting 
[INFO ][2015-12-07 20:01:20,852][com.java.SeleniumDriver] [  876] - <In Set values of the page>
[INFO ][2015-12-07 20:01:20,852][com.java.SeleniumDriver] [  879] - {Data Fields & Data Values Exist}
[INFO ][2015-12-07 20:01:20,852][com.java.SeleniumDriver] [  881] - --------------------------setting values-----------------------------
[INFO ][2015-12-07 20:01:20,852][com.java.SeleniumDriver] [  884] - Action Type : CLOSEWINDOW
[INFO ][2015-12-07 20:01:21,142][com.java.SeleniumDriver] [  893] -  RESULT true
[INFO ][2015-12-07 20:01:21,142][com.java.SeleniumDriver] [ 1099] - ?   P A S S   ?
[INFO ][2015-12-07 20:01:21,142][com.java.SeleniumDriver] [  820] - ------------------------------------------
[INFO ][2015-12-07 20:01:21,142][com.java.SeleniumDriver] [  821] - Test case being Executed: 4
[INFO ][2015-12-07 20:01:21,142][com.java.SeleniumDriver] [  832] - Test step:40
[INFO ][2015-12-07 20:01:21,142][com.java.SeleniumDriver] [  844] - Datavalue is----------Banker'sDashboard
[INFO ][2015-12-07 20:01:21,142][com.java.SeleniumDriver] [  868] - DataField : TTL
[INFO ][2015-12-07 20:01:21,142][com.java.SeleniumDriver] [  870] - DataValue : Banker'sDashboard
[INFO ][2015-12-07 20:01:21,142][com.java.SeleniumDriver] [  876] - <In Set values of the page>
[INFO ][2015-12-07 20:01:21,142][com.java.SeleniumDriver] [  879] - {Data Fields & Data Values Exist}
[INFO ][2015-12-07 20:01:21,142][com.java.SeleniumDriver] [  881] - --------------------------setting values-----------------------------
[INFO ][2015-12-07 20:01:21,142][com.java.SeleniumDriver] [  884] - Action Type : SelectWindow
[INFO ][2015-12-07 20:01:33,563][com.java.SeleniumDriver] [  893] -  RESULT true
[INFO ][2015-12-07 20:01:33,563][com.java.SeleniumDriver] [ 1099] - ?   P A S S   ?
[INFO ][2015-12-07 20:01:33,563][com.java.SeleniumDriver] [  820] - ------------------------------------------
[INFO ][2015-12-07 20:01:33,563][com.java.SeleniumDriver] [  821] - Test case being Executed: 4
[INFO ][2015-12-07 20:01:33,563][com.java.SeleniumDriver] [  832] - Test step:41
[INFO ][2015-12-07 20:01:33,563][com.java.SeleniumDriver] [  844] - Datavalue is----------1
[INFO ][2015-12-07 20:01:33,563][com.java.SeleniumDriver] [  868] - DataField : null
[INFO ][2015-12-07 20:01:33,563][com.java.SeleniumDriver] [  870] - DataValue : 1
[INFO ][2015-12-07 20:01:33,563][com.java.SeleniumDriver] [  876] - <In Set values of the page>
[INFO ][2015-12-07 20:01:33,563][com.java.SeleniumDriver] [  879] - {Data Fields & Data Values Exist}
[INFO ][2015-12-07 20:01:33,563][com.java.SeleniumDriver] [  881] - --------------------------setting values-----------------------------
[INFO ][2015-12-07 20:01:33,563][com.java.SeleniumDriver] [  884] - Action Type : WAITTIME
[DEBUG][2015-12-07 20:01:33,563][com.java.TestType] [ 5250] - sleepTime: 1000
[INFO ][2015-12-07 20:01:34,563][com.java.SeleniumDriver] [  893] -  RESULT true
[INFO ][2015-12-07 20:01:34,563][com.java.SeleniumDriver] [ 1099] - ?   P A S S   ?
[DEBUG][2015-12-07 20:01:34,563][com.java.SeleniumDriver] [ 1211] - Case found
[DEBUG][2015-12-07 20:01:34,563][com.java.SeleniumDriver] [ 1216] - Incrementing ReportCounters[0]:3
[INFO ][2015-12-07 20:01:34,563][com.java.SeleniumDriver] [ 1235] - The results are-------------------[4, 1, Copy to Forecast project, Pass, , Mon Dec 07 19:59:54 IST 2015, 4, 3, Copy to Forecast project, Pass, , Mon Dec 07 19:59:59 IST 2015, 4, 4, Copy to Forecast project, Pass, , Mon Dec 07 19:59:59 IST 2015, 4, 5, Copy to Forecast project, Pass, , Mon Dec 07 19:59:59 IST 2015, 4, 6, Copy to Forecast project, Pass, , Mon Dec 07 20:00:23 IST 2015, 4, 7, Copy to Forecast project, Pass, , Mon Dec 07 20:00:28 IST 2015, 4, 8, Copy to Forecast project, Pass, , Mon Dec 07 20:00:40 IST 2015, 4, 9, Copy to Forecast project, Pass, , Mon Dec 07 20:00:40 IST 2015, 4, 10, Copy to Forecast project, Pass, , Mon Dec 07 20:00:41 IST 2015, 4, 11, Copy to Forecast project, Pass, , Mon Dec 07 20:00:42 IST 2015, 4, 12, Copy to Forecast project, Pass, , Mon Dec 07 20:00:43 IST 2015, 4, 13, Copy to Forecast project, Pass, , Mon Dec 07 20:00:44 IST 2015, 4, 14, Copy to Forecast project, Pass, , Mon Dec 07 20:00:45 IST 2015, 4, 15, Copy to Forecast project, Pass, , Mon Dec 07 20:00:48 IST 2015, 4, 16, Copy to Forecast project, Pass, , Mon Dec 07 20:00:50 IST 2015, 4, 17, Copy to Forecast project, Pass, , Mon Dec 07 20:00:50 IST 2015, 4, 18, Copy to Forecast project, Pass, , Mon Dec 07 20:00:50 IST 2015, 4, 19, Copy to Forecast project, Pass, , Mon Dec 07 20:01:00 IST 2015, 4, 20, Copy to Forecast project, Pass, , Mon Dec 07 20:01:00 IST 2015, 4, 21, Copy to Forecast project, Pass, , Mon Dec 07 20:01:03 IST 2015, 4, 22, Copy to Forecast project, Pass, , Mon Dec 07 20:01:04 IST 2015, 4, 23, Copy to Forecast project, Pass, , Mon Dec 07 20:01:06 IST 2015, 4, 24, Copy to Forecast project, Pass, , Mon Dec 07 20:01:08 IST 2015, 4, 25, Copy to Forecast project, Pass, , Mon Dec 07 20:01:08 IST 2015, 4, 26, Copy to Forecast project, Pass, , Mon Dec 07 20:01:09 IST 2015, 4, 27, Copy to Forecast project, Pass, , Mon Dec 07 20:01:09 IST 2015, 4, 28, Copy to Forecast project, Pass, , Mon Dec 07 20:01:09 IST 2015, 4, 29, Copy to Forecast project, Pass, , Mon Dec 07 20:01:09 IST 2015, 4, 30, Copy to Forecast project, Pass, , Mon Dec 07 20:01:10 IST 2015, 4, 31, Copy to Forecast project, Pass, , Mon Dec 07 20:01:13 IST 2015, 4, 32, Copy to Forecast project, Pass, , Mon Dec 07 20:01:14 IST 2015, 4, 33, Copy to Forecast project, Pass, , Mon Dec 07 20:01:17 IST 2015, 4, 34, Copy to Forecast project, Pass, , Mon Dec 07 20:01:19 IST 2015, 4, 35, Copy to Forecast project, Pass, , Mon Dec 07 20:01:19 IST 2015, 4, 36, Copy to Forecast project, Pass, , Mon Dec 07 20:01:20 IST 2015, 4, 37, Copy to Forecast project, Pass, , Mon Dec 07 20:01:20 IST 2015, 4, 38, Copy to Forecast project, Pass, , Mon Dec 07 20:01:20 IST 2015, 4, 39, Copy to Forecast project, Pass, , Mon Dec 07 20:01:21 IST 2015, 4, 40, Copy to Forecast project, Pass, , Mon Dec 07 20:01:33 IST 2015, 4, 41, Copy to Forecast project, Pass, , Mon Dec 07 20:01:34 IST 2015]
[INFO ][2015-12-07 20:01:34,563][com.java.SeleniumDriver] [ 1239] - End time is-------3 min 54 sec
[INFO ][2015-12-07 20:01:34,563][com.java.SeleniumDriver] [ 1240] - The results are-------------------[4, 1, Copy to Forecast project, Pass, , Mon Dec 07 19:59:54 IST 2015, 4, 3, Copy to Forecast project, Pass, , Mon Dec 07 19:59:59 IST 2015, 4, 4, Copy to Forecast project, Pass, , Mon Dec 07 19:59:59 IST 2015, 4, 5, Copy to Forecast project, Pass, , Mon Dec 07 19:59:59 IST 2015, 4, 6, Copy to Forecast project, Pass, , Mon Dec 07 20:00:23 IST 2015, 4, 7, Copy to Forecast project, Pass, , Mon Dec 07 20:00:28 IST 2015, 4, 8, Copy to Forecast project, Pass, , Mon Dec 07 20:00:40 IST 2015, 4, 9, Copy to Forecast project, Pass, , Mon Dec 07 20:00:40 IST 2015, 4, 10, Copy to Forecast project, Pass, , Mon Dec 07 20:00:41 IST 2015, 4, 11, Copy to Forecast project, Pass, , Mon Dec 07 20:00:42 IST 2015, 4, 12, Copy to Forecast project, Pass, , Mon Dec 07 20:00:43 IST 2015, 4, 13, Copy to Forecast project, Pass, , Mon Dec 07 20:00:44 IST 2015, 4, 14, Copy to Forecast project, Pass, , Mon Dec 07 20:00:45 IST 2015, 4, 15, Copy to Forecast project, Pass, , Mon Dec 07 20:00:48 IST 2015, 4, 16, Copy to Forecast project, Pass, , Mon Dec 07 20:00:50 IST 2015, 4, 17, Copy to Forecast project, Pass, , Mon Dec 07 20:00:50 IST 2015, 4, 18, Copy to Forecast project, Pass, , Mon Dec 07 20:00:50 IST 2015, 4, 19, Copy to Forecast project, Pass, , Mon Dec 07 20:01:00 IST 2015, 4, 20, Copy to Forecast project, Pass, , Mon Dec 07 20:01:00 IST 2015, 4, 21, Copy to Forecast project, Pass, , Mon Dec 07 20:01:03 IST 2015, 4, 22, Copy to Forecast project, Pass, , Mon Dec 07 20:01:04 IST 2015, 4, 23, Copy to Forecast project, Pass, , Mon Dec 07 20:01:06 IST 2015, 4, 24, Copy to Forecast project, Pass, , Mon Dec 07 20:01:08 IST 2015, 4, 25, Copy to Forecast project, Pass, , Mon Dec 07 20:01:08 IST 2015, 4, 26, Copy to Forecast project, Pass, , Mon Dec 07 20:01:09 IST 2015, 4, 27, Copy to Forecast project, Pass, , Mon Dec 07 20:01:09 IST 2015, 4, 28, Copy to Forecast project, Pass, , Mon Dec 07 20:01:09 IST 2015, 4, 29, Copy to Forecast project, Pass, , Mon Dec 07 20:01:09 IST 2015, 4, 30, Copy to Forecast project, Pass, , Mon Dec 07 20:01:10 IST 2015, 4, 31, Copy to Forecast project, Pass, , Mon Dec 07 20:01:13 IST 2015, 4, 32, Copy to Forecast project, Pass, , Mon Dec 07 20:01:14 IST 2015, 4, 33, Copy to Forecast project, Pass, , Mon Dec 07 20:01:17 IST 2015, 4, 34, Copy to Forecast project, Pass, , Mon Dec 07 20:01:19 IST 2015, 4, 35, Copy to Forecast project, Pass, , Mon Dec 07 20:01:19 IST 2015, 4, 36, Copy to Forecast project, Pass, , Mon Dec 07 20:01:20 IST 2015, 4, 37, Copy to Forecast project, Pass, , Mon Dec 07 20:01:20 IST 2015, 4, 38, Copy to Forecast project, Pass, , Mon Dec 07 20:01:20 IST 2015, 4, 39, Copy to Forecast project, Pass, , Mon Dec 07 20:01:21 IST 2015, 4, 40, Copy to Forecast project, Pass, , Mon Dec 07 20:01:33 IST 2015, 4, 41, Copy to Forecast project, Pass, , Mon Dec 07 20:01:34 IST 2015]
[DEBUG][2015-12-07 20:01:34,563][com.java.ImportnExport.ExportTestResultsExcel] [  222] - testResultPath = D:\BankersDashboard/TestReports/Test Results_BankersDashBoard_120715_195742_IE10_Any Bank USA.xls
[DEBUG][2015-12-07 20:01:34,563][com.java.ImportnExport.ExportTestResultsExcel] [  223] - browser is------------IE10
[DEBUG][2015-12-07 20:01:34,563][com.java.ImportnExport.ExportTestResultsExcel] [  270] - result.size() = 240
[DEBUG][2015-12-07 20:01:34,563][com.java.ImportnExport.ExportTestResultsExcel] [  274] - No of rows in sheet=3
[DEBUG][2015-12-07 20:01:34,563][com.java.ImportnExport.ExportTestResultsExcel] [  301] - ..in export..4
[DEBUG][2015-12-07 20:01:34,563][com.java.ImportnExport.ExportTestResultsExcel] [  301] - ..in export..Copy to Forecast project
[DEBUG][2015-12-07 20:01:34,563][com.java.ImportnExport.ExportTestResultsExcel] [  301] - ..in export..Pass
[DEBUG][2015-12-07 20:01:34,563][com.java.ImportnExport.ExportTestResultsExcel] [  301] - ..in export..
[DEBUG][2015-12-07 20:01:34,563][com.java.ImportnExport.ExportTestResultsExcel] [  301] - ..in export..Mon Dec 07 19:59:54 IST 2015
[INFO ][2015-12-07 20:01:34,563][com.java.SeleniumDriver] [ 1298] - out loop:2 size:4 TestCases:[1, 3, 4, 5] testcases:[1, 3, 4, 5]
[INFO ][2015-12-07 20:01:34,563][com.java.ImportnExport.ImportTestDataDetailsExcel] [   49] - test data details path===== D:\BankersDashboard\TestInputs\TestData.xls
[INFO ][2015-12-07 20:01:55,716][com.java.SeleniumDriver] [  820] - ------------------------------------------
[INFO ][2015-12-07 20:01:55,716][com.java.SeleniumDriver] [  821] - Test case being Executed: 5
[INFO ][2015-12-07 20:01:55,716][com.java.SeleniumDriver] [  832] - Test step:1
[INFO ][2015-12-07 20:01:55,716][com.java.SeleniumDriver] [  844] - Datavalue is----------Logout
[INFO ][2015-12-07 20:01:55,716][com.java.SeleniumDriver] [  868] - DataField : BTN
[INFO ][2015-12-07 20:01:55,716][com.java.SeleniumDriver] [  870] - DataValue : Logout
[INFO ][2015-12-07 20:01:55,716][com.java.SeleniumDriver] [  876] - <In Set values of the page>
[INFO ][2015-12-07 20:01:55,716][com.java.SeleniumDriver] [  879] - {Data Fields & Data Values Exist}
[INFO ][2015-12-07 20:01:55,716][com.java.SeleniumDriver] [  881] - --------------------------setting values-----------------------------
[INFO ][2015-12-07 20:01:55,716][com.java.SeleniumDriver] [  884] - Action Type : Verify
[INFO ][2015-12-07 20:01:55,716][com.java.TestType] [ 6658] - field= BTN value= Logout
[INFO ][2015-12-07 20:01:55,716][com.java.TestType] [ 5430] - value = Logout
[INFO ][2015-12-07 20:01:55,777][com.java.SeleniumDriver] [  893] -  RESULT true
[INFO ][2015-12-07 20:01:55,777][com.java.SeleniumDriver] [ 1099] - ?   P A S S   ?
[INFO ][2015-12-07 20:01:55,777][com.java.SeleniumDriver] [ 1141] - step change to 3
[INFO ][2015-12-07 20:01:55,777][com.java.SeleniumDriver] [  820] - ------------------------------------------
[INFO ][2015-12-07 20:01:55,777][com.java.SeleniumDriver] [  821] - Test case being Executed: 5
[INFO ][2015-12-07 20:01:55,777][com.java.SeleniumDriver] [  832] - Test step:3
[INFO ][2015-12-07 20:01:55,777][com.java.SeleniumDriver] [  844] - Datavalue is----------Concept#2:1-2
[INFO ][2015-12-07 20:01:55,777][com.java.SeleniumDriver] [  868] - DataField : test
[INFO ][2015-12-07 20:01:55,777][com.java.SeleniumDriver] [  870] - DataValue : Concept#2:1-2
[INFO ][2015-12-07 20:01:55,777][com.java.SeleniumDriver] [  876] - <In Set values of the page>
[INFO ][2015-12-07 20:01:55,777][com.java.SeleniumDriver] [  879] - {Data Fields & Data Values Exist}
[INFO ][2015-12-07 20:01:55,777][com.java.SeleniumDriver] [  881] - --------------------------setting values-----------------------------
[INFO ][2015-12-07 20:01:55,777][com.java.SeleniumDriver] [  884] - Action Type : ExecuteTestCase
[INFO ][2015-12-07 20:01:55,777][com.java.TestType] [  436] - The Concept sheet name is ---------- Concept
[INFO ][2015-12-07 20:01:55,777][com.java.TestType] [  439] - The Concept ID  is ---------- 2
[DEBUG][2015-12-07 20:01:55,777][com.java.TestType] [  443] - Steps being executted in the Concept are: 1:2
[INFO ][2015-12-07 20:01:55,777][com.java.TestType] [  450] - Test data details path ---------- D:\BankersDashboard\TestInputs\TestData.xls
[INFO ][2015-12-07 20:01:55,807][com.java.TestType] [  481] -  str(1) = 2
[INFO ][2015-12-07 20:01:55,807][com.java.TestType] [  484] - Test case Id is---2
[INFO ][2015-12-07 20:01:55,807][com.java.TestType] [  486] - 2
[INFO ][2015-12-07 20:01:55,807][com.java.TestType] [  481] -  str(2) = 1
[INFO ][2015-12-07 20:01:55,807][com.java.TestType] [  533] - row values are--------{1=com.java.Objects.TestDataDetails@11917cf}
[INFO ][2015-12-07 20:01:55,807][com.java.TestType] [  481] -  str(1) = 2
[INFO ][2015-12-07 20:01:55,807][com.java.TestType] [  484] - Test case Id is---2
[INFO ][2015-12-07 20:01:55,807][com.java.TestType] [  486] - 2
[INFO ][2015-12-07 20:01:55,807][com.java.TestType] [  481] -  str(2) = 2
[INFO ][2015-12-07 20:01:55,807][com.java.TestType] [  533] - row values are--------{1=com.java.Objects.TestDataDetails@11917cf, 2=com.java.Objects.TestDataDetails@92be8}
[INFO ][2015-12-07 20:01:55,807][com.java.TestType] [  481] -  str(1) = 2
[INFO ][2015-12-07 20:01:55,807][com.java.TestType] [  484] - Test case Id is---2
[INFO ][2015-12-07 20:01:55,807][com.java.TestType] [  486] - 2
[INFO ][2015-12-07 20:01:55,807][com.java.TestType] [  481] -  str(2) = 3
[INFO ][2015-12-07 20:01:55,807][com.java.TestType] [  533] - row values are--------{1=com.java.Objects.TestDataDetails@11917cf, 2=com.java.Objects.TestDataDetails@92be8, 3=com.java.Objects.TestDataDetails@105036e}
[INFO ][2015-12-07 20:01:55,807][com.java.TestType] [ 9966] - Looping 1TCID = 2
[DEBUG][2015-12-07 20:01:55,807][com.java.TestType] [10007] - Concept ID:2 :: Step being Executed: 2::1
[INFO ][2015-12-07 20:01:55,807][com.java.TestType] [10045] - dataFields : BNK//select[@id='bank']
[DEBUG][2015-12-07 20:01:55,807][com.java.TestType] [10051] - <In Set values of the page>
[DEBUG][2015-12-07 20:01:55,807][com.java.TestType] [10056] - {Data Fields & Data Values Exist}
[INFO ][2015-12-07 20:01:55,807][com.java.TestType] [10062] - --------------------------setting values-----------------------------
[INFO ][2015-12-07 20:01:55,807][com.java.TestType] [10065] - Action Type : Select
[INFO ][2015-12-07 20:01:55,807][com.java.TestType] [ 5430] - value = PFC
[INFO ][2015-12-07 20:01:55,987][com.java.TestType] [10084] -  RESULT true
[INFO ][2015-12-07 20:01:55,987][com.java.TestType] [10201] - ?   P A S S   ?
[DEBUG][2015-12-07 20:01:55,987][com.java.TestType] [10007] - Concept ID:2 :: Step being Executed: 2::2
[INFO ][2015-12-07 20:01:55,987][com.java.TestType] [10045] - dataFields : LNKLogout
[DEBUG][2015-12-07 20:01:55,987][com.java.TestType] [10051] - <In Set values of the page>
[DEBUG][2015-12-07 20:01:55,987][com.java.TestType] [10056] - {Data Fields & Data Values Exist}
[INFO ][2015-12-07 20:01:55,987][com.java.TestType] [10062] - --------------------------setting values-----------------------------
[INFO ][2015-12-07 20:01:55,987][com.java.TestType] [10065] - Action Type : WaitTime
[DEBUG][2015-12-07 20:01:55,987][com.java.TestType] [ 5250] - sleepTime: 5000
[INFO ][2015-12-07 20:02:00,991][com.java.TestType] [10084] -  RESULT true
[INFO ][2015-12-07 20:02:00,991][com.java.TestType] [10201] - ?   P A S S   ?
[INFO ][2015-12-07 20:02:00,991][com.java.TestType] [10272] - Looping End......
[INFO ][2015-12-07 20:02:00,991][com.java.SeleniumDriver] [  893] -  RESULT true
[INFO ][2015-12-07 20:02:00,991][com.java.SeleniumDriver] [ 1099] - ?   P A S S   ?
[INFO ][2015-12-07 20:02:00,991][com.java.SeleniumDriver] [  820] - ------------------------------------------
[INFO ][2015-12-07 20:02:00,991][com.java.SeleniumDriver] [  821] - Test case being Executed: 5
[INFO ][2015-12-07 20:02:00,991][com.java.SeleniumDriver] [  832] - Test step:4
[INFO ][2015-12-07 20:02:00,991][com.java.SeleniumDriver] [  844] - Datavalue is----------3
[INFO ][2015-12-07 20:02:00,991][com.java.SeleniumDriver] [  868] - DataField : XPH//img[@id='loading']
[INFO ][2015-12-07 20:02:00,991][com.java.SeleniumDriver] [  870] - DataValue : 3
[INFO ][2015-12-07 20:02:00,991][com.java.SeleniumDriver] [  876] - <In Set values of the page>
[INFO ][2015-12-07 20:02:00,991][com.java.SeleniumDriver] [  879] - {Data Fields & Data Values Exist}
[INFO ][2015-12-07 20:02:00,991][com.java.SeleniumDriver] [  881] - --------------------------setting values-----------------------------
[INFO ][2015-12-07 20:02:00,991][com.java.SeleniumDriver] [  884] - Action Type : WaitForElement
[INFO ][2015-12-07 20:02:01,022][com.java.SeleniumDriver] [  893] -  RESULT true
[INFO ][2015-12-07 20:02:01,022][com.java.SeleniumDriver] [ 1099] - ?   P A S S   ?
[INFO ][2015-12-07 20:02:01,022][com.java.SeleniumDriver] [  820] - ------------------------------------------
[INFO ][2015-12-07 20:02:01,022][com.java.SeleniumDriver] [  821] - Test case being Executed: 5
[INFO ][2015-12-07 20:02:01,022][com.java.SeleniumDriver] [  832] - Test step:5
[INFO ][2015-12-07 20:02:01,022][com.java.SeleniumDriver] [  844] - Datavalue is----------90
[INFO ][2015-12-07 20:02:01,022][com.java.SeleniumDriver] [  868] - DataField : XPH//img[@id='loading']
[INFO ][2015-12-07 20:02:01,022][com.java.SeleniumDriver] [  870] - DataValue : 90
[INFO ][2015-12-07 20:02:01,022][com.java.SeleniumDriver] [  876] - <In Set values of the page>
[INFO ][2015-12-07 20:02:01,022][com.java.SeleniumDriver] [  879] - {Data Fields & Data Values Exist}
[INFO ][2015-12-07 20:02:01,022][com.java.SeleniumDriver] [  881] - --------------------------setting values-----------------------------
[INFO ][2015-12-07 20:02:01,022][com.java.SeleniumDriver] [  884] - Action Type : waitForElementNotPresent
[INFO ][2015-12-07 20:02:01,122][com.java.SeleniumDriver] [  893] -  RESULT true
[INFO ][2015-12-07 20:02:01,122][com.java.SeleniumDriver] [ 1099] - ?   P A S S   ?
[INFO ][2015-12-07 20:02:01,122][com.java.SeleniumDriver] [  820] - ------------------------------------------
[INFO ][2015-12-07 20:02:01,122][com.java.SeleniumDriver] [  821] - Test case being Executed: 5
[INFO ][2015-12-07 20:02:01,122][com.java.SeleniumDriver] [  832] - Test step:6
[INFO ][2015-12-07 20:02:01,122][com.java.SeleniumDriver] [  844] - Datavalue is----------null
[DEBUG][2015-12-07 20:02:01,122][com.java.SeleniumDriver] [  862] - Exception: null
[INFO ][2015-12-07 20:02:01,122][com.java.SeleniumDriver] [  868] - DataField : //span[@class='icon-stats']&&//a[@data-id="Forecasting"]
[INFO ][2015-12-07 20:02:01,122][com.java.SeleniumDriver] [  870] - DataValue : 
[INFO ][2015-12-07 20:02:01,122][com.java.SeleniumDriver] [  876] - <In Set values of the page>
[INFO ][2015-12-07 20:02:01,122][com.java.SeleniumDriver] [  879] - {Data Fields & Data Values Exist}
[INFO ][2015-12-07 20:02:01,122][com.java.SeleniumDriver] [  881] - --------------------------setting values-----------------------------
[INFO ][2015-12-07 20:02:01,122][com.java.SeleniumDriver] [  884] - Action Type : MOUSEOVER
[INFO ][2015-12-07 20:02:24,079][com.java.SeleniumDriver] [  893] -  RESULT true
[INFO ][2015-12-07 20:02:24,079][com.java.SeleniumDriver] [ 1099] - ?   P A S S   ?
[INFO ][2015-12-07 20:02:24,079][com.java.SeleniumDriver] [  820] - ------------------------------------------
[INFO ][2015-12-07 20:02:24,079][com.java.SeleniumDriver] [  821] - Test case being Executed: 5
[INFO ][2015-12-07 20:02:24,079][com.java.SeleniumDriver] [  832] - Test step:7
[INFO ][2015-12-07 20:02:24,079][com.java.SeleniumDriver] [  844] - Datavalue is----------5
[INFO ][2015-12-07 20:02:24,079][com.java.SeleniumDriver] [  868] - DataField : null
[INFO ][2015-12-07 20:02:24,079][com.java.SeleniumDriver] [  870] - DataValue : 5
[INFO ][2015-12-07 20:02:24,079][com.java.SeleniumDriver] [  876] - <In Set values of the page>
[INFO ][2015-12-07 20:02:24,079][com.java.SeleniumDriver] [  879] - {Data Fields & Data Values Exist}
[INFO ][2015-12-07 20:02:24,079][com.java.SeleniumDriver] [  881] - --------------------------setting values-----------------------------
[INFO ][2015-12-07 20:02:24,079][com.java.SeleniumDriver] [  884] - Action Type : WAITTIME
[DEBUG][2015-12-07 20:02:24,079][com.java.TestType] [ 5250] - sleepTime: 5000
[INFO ][2015-12-07 20:02:29,080][com.java.SeleniumDriver] [  893] -  RESULT true
[INFO ][2015-12-07 20:02:29,080][com.java.SeleniumDriver] [ 1099] - ?   P A S S   ?
[INFO ][2015-12-07 20:02:29,080][com.java.SeleniumDriver] [  820] - ------------------------------------------
[INFO ][2015-12-07 20:02:29,080][com.java.SeleniumDriver] [  821] - Test case being Executed: 5
[INFO ][2015-12-07 20:02:29,080][com.java.SeleniumDriver] [  832] - Test step:8
[INFO ][2015-12-07 20:02:29,080][com.java.SeleniumDriver] [  844] - Datavalue is----------Forecasting 
[INFO ][2015-12-07 20:02:29,080][com.java.SeleniumDriver] [  868] - DataField : TTL
[INFO ][2015-12-07 20:02:29,080][com.java.SeleniumDriver] [  870] - DataValue : Forecasting 
[INFO ][2015-12-07 20:02:29,080][com.java.SeleniumDriver] [  876] - <In Set values of the page>
[INFO ][2015-12-07 20:02:29,080][com.java.SeleniumDriver] [  879] - {Data Fields & Data Values Exist}
[INFO ][2015-12-07 20:02:29,080][com.java.SeleniumDriver] [  881] - --------------------------setting values-----------------------------
[INFO ][2015-12-07 20:02:29,080][com.java.SeleniumDriver] [  884] - Action Type : SELECTWINDOW
[INFO ][2015-12-07 20:02:41,649][com.java.SeleniumDriver] [  893] -  RESULT true
[INFO ][2015-12-07 20:02:41,649][com.java.SeleniumDriver] [ 1099] - ?   P A S S   ?
[INFO ][2015-12-07 20:02:41,649][com.java.SeleniumDriver] [  820] - ------------------------------------------
[INFO ][2015-12-07 20:02:41,649][com.java.SeleniumDriver] [  821] - Test case being Executed: 5
[INFO ][2015-12-07 20:02:41,649][com.java.SeleniumDriver] [  832] - Test step:9
[INFO ][2015-12-07 20:02:41,649][com.java.SeleniumDriver] [  844] - Datavalue is----------10
[INFO ][2015-12-07 20:02:41,649][com.java.SeleniumDriver] [  868] - DataField : DSP//span[contains(text(),'Forecasting')]
[INFO ][2015-12-07 20:02:41,649][com.java.SeleniumDriver] [  870] - DataValue : 10
[INFO ][2015-12-07 20:02:41,649][com.java.SeleniumDriver] [  876] - <In Set values of the page>
[INFO ][2015-12-07 20:02:41,649][com.java.SeleniumDriver] [  879] - {Data Fields & Data Values Exist}
[INFO ][2015-12-07 20:02:41,649][com.java.SeleniumDriver] [  881] - --------------------------setting values-----------------------------
[INFO ][2015-12-07 20:02:41,649][com.java.SeleniumDriver] [  884] - Action Type : WAITFORELEMENT
[INFO ][2015-12-07 20:02:41,769][com.java.SeleniumDriver] [  893] -  RESULT true
[INFO ][2015-12-07 20:02:41,769][com.java.SeleniumDriver] [ 1099] - ?   P A S S   ?
[INFO ][2015-12-07 20:02:41,769][com.java.SeleniumDriver] [  820] - ------------------------------------------
[INFO ][2015-12-07 20:02:41,769][com.java.SeleniumDriver] [  821] - Test case being Executed: 5
[INFO ][2015-12-07 20:02:41,769][com.java.SeleniumDriver] [  832] - Test step:10
[INFO ][2015-12-07 20:02:41,769][com.java.SeleniumDriver] [  844] - Datavalue is----------Forecasting 
[INFO ][2015-12-07 20:02:41,769][com.java.SeleniumDriver] [  868] - DataField : XPH//span[contains(text(),'Forecasting')]
[INFO ][2015-12-07 20:02:41,769][com.java.SeleniumDriver] [  870] - DataValue : Forecasting 
[INFO ][2015-12-07 20:02:41,769][com.java.SeleniumDriver] [  876] - <In Set values of the page>
[INFO ][2015-12-07 20:02:41,769][com.java.SeleniumDriver] [  879] - {Data Fields & Data Values Exist}
[INFO ][2015-12-07 20:02:41,769][com.java.SeleniumDriver] [  881] - --------------------------setting values-----------------------------
[INFO ][2015-12-07 20:02:41,769][com.java.SeleniumDriver] [  884] - Action Type : VERIFY
[INFO ][2015-12-07 20:02:41,769][com.java.TestType] [ 6658] - field= XPH//span[contains(text(),'Forecasting')] value= Forecasting 
[INFO ][2015-12-07 20:02:41,769][com.java.TestType] [ 5430] - value = Forecasting 
[INFO ][2015-12-07 20:02:41,889][com.java.SeleniumDriver] [  893] -  RESULT true
[INFO ][2015-12-07 20:02:41,889][com.java.SeleniumDriver] [ 1099] - ?   P A S S   ?
[INFO ][2015-12-07 20:02:41,889][com.java.SeleniumDriver] [  820] - ------------------------------------------
[INFO ][2015-12-07 20:02:41,889][com.java.SeleniumDriver] [  821] - Test case being Executed: 5
[INFO ][2015-12-07 20:02:41,889][com.java.SeleniumDriver] [  832] - Test step:11
[INFO ][2015-12-07 20:02:41,889][com.java.SeleniumDriver] [  844] - Datavalue is----------null
[DEBUG][2015-12-07 20:02:41,889][com.java.SeleniumDriver] [  862] - Exception: null
[INFO ][2015-12-07 20:02:41,889][com.java.SeleniumDriver] [  868] - DataField : BTNframeDialogContent
[INFO ][2015-12-07 20:02:41,889][com.java.SeleniumDriver] [  870] - DataValue : 
[INFO ][2015-12-07 20:02:41,889][com.java.SeleniumDriver] [  876] - <In Set values of the page>
[INFO ][2015-12-07 20:02:41,889][com.java.SeleniumDriver] [  879] - {Data Fields & Data Values Exist}
[INFO ][2015-12-07 20:02:41,889][com.java.SeleniumDriver] [  881] - --------------------------setting values-----------------------------
[INFO ][2015-12-07 20:02:41,889][com.java.SeleniumDriver] [  884] - Action Type : SELECTFRAME
[INFO ][2015-12-07 20:02:43,000][com.java.SeleniumDriver] [  893] -  RESULT true
[INFO ][2015-12-07 20:02:43,000][com.java.SeleniumDriver] [ 1099] - ?   P A S S   ?
[INFO ][2015-12-07 20:02:43,000][com.java.SeleniumDriver] [  820] - ------------------------------------------
[INFO ][2015-12-07 20:02:43,000][com.java.SeleniumDriver] [  821] - Test case being Executed: 5
[INFO ][2015-12-07 20:02:43,000][com.java.SeleniumDriver] [  832] - Test step:12
[INFO ][2015-12-07 20:02:43,000][com.java.SeleniumDriver] [  844] - Datavalue is----------10
[INFO ][2015-12-07 20:02:43,000][com.java.SeleniumDriver] [  868] - DataField : DSPddlProjects
[INFO ][2015-12-07 20:02:43,000][com.java.SeleniumDriver] [  870] - DataValue : 10
[INFO ][2015-12-07 20:02:43,000][com.java.SeleniumDriver] [  876] - <In Set values of the page>
[INFO ][2015-12-07 20:02:43,000][com.java.SeleniumDriver] [  879] - {Data Fields & Data Values Exist}
[INFO ][2015-12-07 20:02:43,000][com.java.SeleniumDriver] [  881] - --------------------------setting values-----------------------------
[INFO ][2015-12-07 20:02:43,000][com.java.SeleniumDriver] [  884] - Action Type : WAITFORELEMENT
[INFO ][2015-12-07 20:02:44,106][com.java.SeleniumDriver] [  893] -  RESULT true
[INFO ][2015-12-07 20:02:44,106][com.java.SeleniumDriver] [ 1099] - ?   P A S S   ?
[INFO ][2015-12-07 20:02:44,106][com.java.SeleniumDriver] [  820] - ------------------------------------------
[INFO ][2015-12-07 20:02:44,106][com.java.SeleniumDriver] [  821] - Test case being Executed: 5
[INFO ][2015-12-07 20:02:44,106][com.java.SeleniumDriver] [  832] - Test step:13
[INFO ][2015-12-07 20:02:44,106][com.java.SeleniumDriver] [  844] - Datavalue is----------index:1
[INFO ][2015-12-07 20:02:44,106][com.java.SeleniumDriver] [  868] - DataField : COBddlProjects
[INFO ][2015-12-07 20:02:44,106][com.java.SeleniumDriver] [  870] - DataValue : index:1
[INFO ][2015-12-07 20:02:44,106][com.java.SeleniumDriver] [  876] - <In Set values of the page>
[INFO ][2015-12-07 20:02:44,106][com.java.SeleniumDriver] [  879] - {Data Fields & Data Values Exist}
[INFO ][2015-12-07 20:02:44,106][com.java.SeleniumDriver] [  881] - --------------------------setting values-----------------------------
[INFO ][2015-12-07 20:02:44,106][com.java.SeleniumDriver] [  884] - Action Type : SELECT
[INFO ][2015-12-07 20:02:44,106][com.java.TestType] [ 5430] - value = 1
[INFO ][2015-12-07 20:02:45,197][com.java.TestType] [ 5548] -  In COB ddlProjects : 1
[INFO ][2015-12-07 20:02:45,337][com.java.SeleniumDriver] [  893] -  RESULT true
[INFO ][2015-12-07 20:02:45,337][com.java.SeleniumDriver] [ 1099] - ?   P A S S   ?
[INFO ][2015-12-07 20:02:45,337][com.java.SeleniumDriver] [ 1136] - Continue next step...
[INFO ][2015-12-07 20:02:45,337][com.java.SeleniumDriver] [  820] - ------------------------------------------
[INFO ][2015-12-07 20:02:45,337][com.java.SeleniumDriver] [  821] - Test case being Executed: 5
[INFO ][2015-12-07 20:02:45,337][com.java.SeleniumDriver] [  832] - Test step:14
[INFO ][2015-12-07 20:02:45,337][com.java.SeleniumDriver] [  844] - Datavalue is----------CurrentProject
[INFO ][2015-12-07 20:02:45,337][com.java.SeleniumDriver] [  868] - DataField : SLBddlProjects
[INFO ][2015-12-07 20:02:45,337][com.java.SeleniumDriver] [  870] - DataValue : CurrentProject
[INFO ][2015-12-07 20:02:45,337][com.java.SeleniumDriver] [  876] - <In Set values of the page>
[INFO ][2015-12-07 20:02:45,337][com.java.SeleniumDriver] [  879] - {Data Fields & Data Values Exist}
[INFO ][2015-12-07 20:02:45,337][com.java.SeleniumDriver] [  881] - --------------------------setting values-----------------------------
[INFO ][2015-12-07 20:02:45,337][com.java.SeleniumDriver] [  884] - Action Type : storevalue
[INFO ][2015-12-07 20:02:45,337][com.java.TestType] [ 7836] - field= SLBddlProjects
[INFO ][2015-12-07 20:02:46,508][com.java.SeleniumDriver] [  893] -  RESULT true
[INFO ][2015-12-07 20:02:46,508][com.java.SeleniumDriver] [ 1099] - ?   P A S S   ?
[INFO ][2015-12-07 20:02:46,508][com.java.SeleniumDriver] [  820] - ------------------------------------------
[INFO ][2015-12-07 20:02:46,508][com.java.SeleniumDriver] [  821] - Test case being Executed: 5
[INFO ][2015-12-07 20:02:46,508][com.java.SeleniumDriver] [  832] - Test step:15
[INFO ][2015-12-07 20:02:46,508][com.java.SeleniumDriver] [  844] - Datavalue is----------null
[DEBUG][2015-12-07 20:02:46,508][com.java.SeleniumDriver] [  862] - Exception: null
[INFO ][2015-12-07 20:02:46,508][com.java.SeleniumDriver] [  868] - DataField : HDNbtnOpenProject
[INFO ][2015-12-07 20:02:46,508][com.java.SeleniumDriver] [  870] - DataValue : 
[INFO ][2015-12-07 20:02:46,508][com.java.SeleniumDriver] [  876] - <In Set values of the page>
[INFO ][2015-12-07 20:02:46,508][com.java.SeleniumDriver] [  879] - {Data Fields & Data Values Exist}
[INFO ][2015-12-07 20:02:46,508][com.java.SeleniumDriver] [  881] - --------------------------setting values-----------------------------
[INFO ][2015-12-07 20:02:46,508][com.java.SeleniumDriver] [  884] - Action Type : CLICK
[INFO ][2015-12-07 20:02:46,508][com.java.TestType] [ 5758] - Field ::HDNbtnOpenProject
[INFO ][2015-12-07 20:02:49,609][com.java.SeleniumDriver] [  893] -  RESULT true
[INFO ][2015-12-07 20:02:49,609][com.java.SeleniumDriver] [ 1099] - ?   P A S S   ?
[INFO ][2015-12-07 20:02:49,609][com.java.SeleniumDriver] [  820] - ------------------------------------------
[INFO ][2015-12-07 20:02:49,609][com.java.SeleniumDriver] [  821] - Test case being Executed: 5
[INFO ][2015-12-07 20:02:49,609][com.java.SeleniumDriver] [  832] - Test step:16
[INFO ][2015-12-07 20:02:49,609][com.java.SeleniumDriver] [  844] - Datavalue is----------2
[INFO ][2015-12-07 20:02:49,609][com.java.SeleniumDriver] [  868] - DataField : null
[INFO ][2015-12-07 20:02:49,609][com.java.SeleniumDriver] [  870] - DataValue : 2
[INFO ][2015-12-07 20:02:49,609][com.java.SeleniumDriver] [  876] - <In Set values of the page>
[INFO ][2015-12-07 20:02:49,609][com.java.SeleniumDriver] [  879] - {Data Fields & Data Values Exist}
[INFO ][2015-12-07 20:02:49,609][com.java.SeleniumDriver] [  881] - --------------------------setting values-----------------------------
[INFO ][2015-12-07 20:02:49,609][com.java.SeleniumDriver] [  884] - Action Type : WAITTIME
[DEBUG][2015-12-07 20:02:49,609][com.java.TestType] [ 5250] - sleepTime: 2000
[INFO ][2015-12-07 20:02:51,610][com.java.SeleniumDriver] [  893] -  RESULT true
[INFO ][2015-12-07 20:02:51,610][com.java.SeleniumDriver] [ 1099] - ?   P A S S   ?
[INFO ][2015-12-07 20:02:51,610][com.java.SeleniumDriver] [  820] - ------------------------------------------
[INFO ][2015-12-07 20:02:51,610][com.java.SeleniumDriver] [  821] - Test case being Executed: 5
[INFO ][2015-12-07 20:02:51,610][com.java.SeleniumDriver] [  832] - Test step:17
[INFO ][2015-12-07 20:02:51,610][com.java.SeleniumDriver] [  844] - Datavalue is----------null
[DEBUG][2015-12-07 20:02:51,610][com.java.SeleniumDriver] [  862] - Exception: null
[INFO ][2015-12-07 20:02:51,610][com.java.SeleniumDriver] [  868] - DataField : BTNParent
[INFO ][2015-12-07 20:02:51,610][com.java.SeleniumDriver] [  870] - DataValue : 
[INFO ][2015-12-07 20:02:51,610][com.java.SeleniumDriver] [  876] - <In Set values of the page>
[INFO ][2015-12-07 20:02:51,610][com.java.SeleniumDriver] [  879] - {Data Fields & Data Values Exist}
[INFO ][2015-12-07 20:02:51,610][com.java.SeleniumDriver] [  881] - --------------------------setting values-----------------------------
[INFO ][2015-12-07 20:02:51,610][com.java.SeleniumDriver] [  884] - Action Type : SELECTFRAME
[INFO ][2015-12-07 20:02:51,611][com.java.SeleniumDriver] [  893] -  RESULT true
[INFO ][2015-12-07 20:02:51,611][com.java.SeleniumDriver] [ 1099] - ?   P A S S   ?
[INFO ][2015-12-07 20:02:51,611][com.java.SeleniumDriver] [  820] - ------------------------------------------
[INFO ][2015-12-07 20:02:51,611][com.java.SeleniumDriver] [  821] - Test case being Executed: 5
[INFO ][2015-12-07 20:02:51,611][com.java.SeleniumDriver] [  832] - Test step:18
[INFO ][2015-12-07 20:02:51,611][com.java.SeleniumDriver] [  844] - Datavalue is----------10
[INFO ][2015-12-07 20:02:51,611][com.java.SeleniumDriver] [  868] - DataField : DSPFile
[INFO ][2015-12-07 20:02:51,611][com.java.SeleniumDriver] [  870] - DataValue : 10
[INFO ][2015-12-07 20:02:51,611][com.java.SeleniumDriver] [  876] - <In Set values of the page>
[INFO ][2015-12-07 20:02:51,611][com.java.SeleniumDriver] [  879] - {Data Fields & Data Values Exist}
[INFO ][2015-12-07 20:02:51,611][com.java.SeleniumDriver] [  881] - --------------------------setting values-----------------------------
[INFO ][2015-12-07 20:02:51,611][com.java.SeleniumDriver] [  884] - Action Type : WAITFORELEMENT
[INFO ][2015-12-07 20:02:51,731][com.java.SeleniumDriver] [  893] -  RESULT true
[INFO ][2015-12-07 20:02:51,731][com.java.SeleniumDriver] [ 1099] - ?   P A S S   ?
[INFO ][2015-12-07 20:02:51,731][com.java.SeleniumDriver] [  820] - ------------------------------------------
[INFO ][2015-12-07 20:02:51,731][com.java.SeleniumDriver] [  821] - Test case being Executed: 5
[INFO ][2015-12-07 20:02:51,731][com.java.SeleniumDriver] [  832] - Test step:19
[INFO ][2015-12-07 20:02:51,731][com.java.SeleniumDriver] [  844] - Datavalue is----------10
[INFO ][2015-12-07 20:02:51,731][com.java.SeleniumDriver] [  868] - DataField : null
[INFO ][2015-12-07 20:02:51,731][com.java.SeleniumDriver] [  870] - DataValue : 10
[INFO ][2015-12-07 20:02:51,731][com.java.SeleniumDriver] [  876] - <In Set values of the page>
[INFO ][2015-12-07 20:02:51,731][com.java.SeleniumDriver] [  879] - {Data Fields & Data Values Exist}
[INFO ][2015-12-07 20:02:51,731][com.java.SeleniumDriver] [  881] - --------------------------setting values-----------------------------
[INFO ][2015-12-07 20:02:51,731][com.java.SeleniumDriver] [  884] - Action Type : WAITTIME
[DEBUG][2015-12-07 20:02:51,731][com.java.TestType] [ 5250] - sleepTime: 10000
[INFO ][2015-12-07 20:03:01,731][com.java.SeleniumDriver] [  893] -  RESULT true
[INFO ][2015-12-07 20:03:01,731][com.java.SeleniumDriver] [ 1099] - ?   P A S S   ?
[INFO ][2015-12-07 20:03:01,731][com.java.SeleniumDriver] [  820] - ------------------------------------------
[INFO ][2015-12-07 20:03:01,731][com.java.SeleniumDriver] [  821] - Test case being Executed: 5
[INFO ][2015-12-07 20:03:01,731][com.java.SeleniumDriver] [  832] - Test step:20
[INFO ][2015-12-07 20:03:01,731][com.java.SeleniumDriver] [  844] - Datavalue is----------HMVCurrentProject
[INFO ][2015-12-07 20:03:01,731][com.java.SeleniumDriver] [  868] - DataField : XPH//span[@id='lblProject']
[INFO ][2015-12-07 20:03:01,731][com.java.SeleniumDriver] [  870] - DataValue : HMVCurrentProject
[INFO ][2015-12-07 20:03:01,731][com.java.SeleniumDriver] [  876] - <In Set values of the page>
[INFO ][2015-12-07 20:03:01,731][com.java.SeleniumDriver] [  879] - {Data Fields & Data Values Exist}
[INFO ][2015-12-07 20:03:01,731][com.java.SeleniumDriver] [  881] - --------------------------setting values-----------------------------
[INFO ][2015-12-07 20:03:01,731][com.java.SeleniumDriver] [  884] - Action Type : VERIFY
[INFO ][2015-12-07 20:03:01,731][com.java.TestType] [ 6658] - field= XPH//span[@id='lblProject'] value= HMVCurrentProject
[INFO ][2015-12-07 20:03:01,731][com.java.TestType] [ 5430] - value = Dallas User Group
[INFO ][2015-12-07 20:03:01,862][com.java.SeleniumDriver] [  893] -  RESULT true
[INFO ][2015-12-07 20:03:01,862][com.java.SeleniumDriver] [ 1099] - ?   P A S S   ?
[INFO ][2015-12-07 20:03:01,862][com.java.SeleniumDriver] [  820] - ------------------------------------------
[INFO ][2015-12-07 20:03:01,862][com.java.SeleniumDriver] [  821] - Test case being Executed: 5
[INFO ][2015-12-07 20:03:01,862][com.java.SeleniumDriver] [  832] - Test step:21
[INFO ][2015-12-07 20:03:01,862][com.java.SeleniumDriver] [  844] - Datavalue is----------null
[DEBUG][2015-12-07 20:03:01,862][com.java.SeleniumDriver] [  862] - Exception: null
[INFO ][2015-12-07 20:03:01,862][com.java.SeleniumDriver] [  868] - DataField : HDNmenuTools
[INFO ][2015-12-07 20:03:01,862][com.java.SeleniumDriver] [  870] - DataValue : 
[INFO ][2015-12-07 20:03:01,862][com.java.SeleniumDriver] [  876] - <In Set values of the page>
[INFO ][2015-12-07 20:03:01,862][com.java.SeleniumDriver] [  879] - {Data Fields & Data Values Exist}
[INFO ][2015-12-07 20:03:01,862][com.java.SeleniumDriver] [  881] - --------------------------setting values-----------------------------
[INFO ][2015-12-07 20:03:01,862][com.java.SeleniumDriver] [  884] - Action Type : CLICK
[INFO ][2015-12-07 20:03:01,862][com.java.TestType] [ 5758] - Field ::HDNmenuTools
[INFO ][2015-12-07 20:03:03,993][com.java.SeleniumDriver] [  893] -  RESULT true
[INFO ][2015-12-07 20:03:03,993][com.java.SeleniumDriver] [ 1099] - ?   P A S S   ?
[INFO ][2015-12-07 20:03:03,993][com.java.SeleniumDriver] [  820] - ------------------------------------------
[INFO ][2015-12-07 20:03:03,993][com.java.SeleniumDriver] [  821] - Test case being Executed: 5
[INFO ][2015-12-07 20:03:03,993][com.java.SeleniumDriver] [  832] - Test step:22
[INFO ][2015-12-07 20:03:03,993][com.java.SeleniumDriver] [  844] - Datavalue is----------3
[INFO ][2015-12-07 20:03:03,993][com.java.SeleniumDriver] [  868] - DataField : DSPmenuCopyToBudget
[INFO ][2015-12-07 20:03:03,993][com.java.SeleniumDriver] [  870] - DataValue : 3
[INFO ][2015-12-07 20:03:03,993][com.java.SeleniumDriver] [  876] - <In Set values of the page>
[INFO ][2015-12-07 20:03:03,993][com.java.SeleniumDriver] [  879] - {Data Fields & Data Values Exist}
[INFO ][2015-12-07 20:03:03,993][com.java.SeleniumDriver] [  881] - --------------------------setting values-----------------------------
[INFO ][2015-12-07 20:03:03,993][com.java.SeleniumDriver] [  884] - Action Type : WAITFORELEMENT
[INFO ][2015-12-07 20:03:05,194][com.java.SeleniumDriver] [  893] -  RESULT true
[INFO ][2015-12-07 20:03:05,194][com.java.SeleniumDriver] [ 1099] - ?   P A S S   ?
[INFO ][2015-12-07 20:03:05,194][com.java.SeleniumDriver] [  820] - ------------------------------------------
[INFO ][2015-12-07 20:03:05,194][com.java.SeleniumDriver] [  821] - Test case being Executed: 5
[INFO ][2015-12-07 20:03:05,194][com.java.SeleniumDriver] [  832] - Test step:23
[INFO ][2015-12-07 20:03:05,194][com.java.SeleniumDriver] [  844] - Datavalue is----------null
[DEBUG][2015-12-07 20:03:05,194][com.java.SeleniumDriver] [  862] - Exception: null
[INFO ][2015-12-07 20:03:05,194][com.java.SeleniumDriver] [  868] - DataField : HDNmenuCopyToBudget
[INFO ][2015-12-07 20:03:05,194][com.java.SeleniumDriver] [  870] - DataValue : 
[INFO ][2015-12-07 20:03:05,194][com.java.SeleniumDriver] [  876] - <In Set values of the page>
[INFO ][2015-12-07 20:03:05,194][com.java.SeleniumDriver] [  879] - {Data Fields & Data Values Exist}
[INFO ][2015-12-07 20:03:05,194][com.java.SeleniumDriver] [  881] - --------------------------setting values-----------------------------
[INFO ][2015-12-07 20:03:05,194][com.java.SeleniumDriver] [  884] - Action Type : CLICK
[INFO ][2015-12-07 20:03:05,194][com.java.TestType] [ 5758] - Field ::HDNmenuCopyToBudget
[INFO ][2015-12-07 20:03:07,340][com.java.SeleniumDriver] [  893] -  RESULT true
[INFO ][2015-12-07 20:03:07,340][com.java.SeleniumDriver] [ 1099] - ?   P A S S   ?
[INFO ][2015-12-07 20:03:07,350][com.java.SeleniumDriver] [  820] - ------------------------------------------
[INFO ][2015-12-07 20:03:07,350][com.java.SeleniumDriver] [  821] - Test case being Executed: 5
[INFO ][2015-12-07 20:03:07,350][com.java.SeleniumDriver] [  832] - Test step:24
[INFO ][2015-12-07 20:03:07,350][com.java.SeleniumDriver] [  844] - Datavalue is----------2
[INFO ][2015-12-07 20:03:07,350][com.java.SeleniumDriver] [  868] - DataField : null
[INFO ][2015-12-07 20:03:07,350][com.java.SeleniumDriver] [  870] - DataValue : 2
[INFO ][2015-12-07 20:03:07,350][com.java.SeleniumDriver] [  876] - <In Set values of the page>
[INFO ][2015-12-07 20:03:07,350][com.java.SeleniumDriver] [  879] - {Data Fields & Data Values Exist}
[INFO ][2015-12-07 20:03:07,350][com.java.SeleniumDriver] [  881] - --------------------------setting values-----------------------------
[INFO ][2015-12-07 20:03:07,350][com.java.SeleniumDriver] [  884] - Action Type : WAITTIME
[DEBUG][2015-12-07 20:03:07,350][com.java.TestType] [ 5250] - sleepTime: 2000
[INFO ][2015-12-07 20:03:09,360][com.java.SeleniumDriver] [  893] -  RESULT true
[INFO ][2015-12-07 20:03:09,360][com.java.SeleniumDriver] [ 1099] - ?   P A S S   ?
[INFO ][2015-12-07 20:03:09,360][com.java.SeleniumDriver] [  820] - ------------------------------------------
[INFO ][2015-12-07 20:03:09,360][com.java.SeleniumDriver] [  821] - Test case being Executed: 5
[INFO ][2015-12-07 20:03:09,360][com.java.SeleniumDriver] [  832] - Test step:25
[INFO ][2015-12-07 20:03:09,360][com.java.SeleniumDriver] [  844] - Datavalue is----------Copy To Budget
[INFO ][2015-12-07 20:03:09,360][com.java.SeleniumDriver] [  868] - DataField : XPH//span[@id='ui-dialog-title-mdDialog']
[INFO ][2015-12-07 20:03:09,360][com.java.SeleniumDriver] [  870] - DataValue : Copy To Budget
[INFO ][2015-12-07 20:03:09,360][com.java.SeleniumDriver] [  876] - <In Set values of the page>
[INFO ][2015-12-07 20:03:09,360][com.java.SeleniumDriver] [  879] - {Data Fields & Data Values Exist}
[INFO ][2015-12-07 20:03:09,360][com.java.SeleniumDriver] [  881] - --------------------------setting values-----------------------------
[INFO ][2015-12-07 20:03:09,360][com.java.SeleniumDriver] [  884] - Action Type : VERIFY
[INFO ][2015-12-07 20:03:09,360][com.java.TestType] [ 6658] - field= XPH//span[@id='ui-dialog-title-mdDialog'] value= Copy To Budget
[INFO ][2015-12-07 20:03:09,360][com.java.TestType] [ 5430] - value = Copy To Budget
[INFO ][2015-12-07 20:03:09,481][com.java.SeleniumDriver] [  893] -  RESULT true
[INFO ][2015-12-07 20:03:09,481][com.java.SeleniumDriver] [ 1099] - ?   P A S S   ?
[INFO ][2015-12-07 20:03:09,481][com.java.SeleniumDriver] [  820] - ------------------------------------------
[INFO ][2015-12-07 20:03:09,481][com.java.SeleniumDriver] [  821] - Test case being Executed: 5
[INFO ][2015-12-07 20:03:09,481][com.java.SeleniumDriver] [  832] - Test step:26
[INFO ][2015-12-07 20:03:09,481][com.java.SeleniumDriver] [  844] - Datavalue is----------null
[DEBUG][2015-12-07 20:03:09,481][com.java.SeleniumDriver] [  862] - Exception: null
[INFO ][2015-12-07 20:03:09,481][com.java.SeleniumDriver] [  868] - DataField : BTNframeDialogContent
[INFO ][2015-12-07 20:03:09,481][com.java.SeleniumDriver] [  870] - DataValue : 
[INFO ][2015-12-07 20:03:09,481][com.java.SeleniumDriver] [  876] - <In Set values of the page>
[INFO ][2015-12-07 20:03:09,481][com.java.SeleniumDriver] [  879] - {Data Fields & Data Values Exist}
[INFO ][2015-12-07 20:03:09,481][com.java.SeleniumDriver] [  881] - --------------------------setting values-----------------------------
[INFO ][2015-12-07 20:03:09,481][com.java.SeleniumDriver] [  884] - Action Type : SELECTFRAME
[INFO ][2015-12-07 20:03:10,622][com.java.SeleniumDriver] [  893] -  RESULT true
[INFO ][2015-12-07 20:03:10,622][com.java.SeleniumDriver] [ 1099] - ?   P A S S   ?
[INFO ][2015-12-07 20:03:10,622][com.java.SeleniumDriver] [  820] - ------------------------------------------
[INFO ][2015-12-07 20:03:10,622][com.java.SeleniumDriver] [  821] - Test case being Executed: 5
[INFO ][2015-12-07 20:03:10,622][com.java.SeleniumDriver] [  832] - Test step:27
[INFO ][2015-12-07 20:03:10,622][com.java.SeleniumDriver] [  844] - Datavalue is----------index:1
[INFO ][2015-12-07 20:03:10,622][com.java.SeleniumDriver] [  868] - DataField : COBddlBudgetYear
[INFO ][2015-12-07 20:03:10,622][com.java.SeleniumDriver] [  870] - DataValue : index:1
[INFO ][2015-12-07 20:03:10,622][com.java.SeleniumDriver] [  876] - <In Set values of the page>
[INFO ][2015-12-07 20:03:10,622][com.java.SeleniumDriver] [  879] - {Data Fields & Data Values Exist}
[INFO ][2015-12-07 20:03:10,622][com.java.SeleniumDriver] [  881] - --------------------------setting values-----------------------------
[INFO ][2015-12-07 20:03:10,622][com.java.SeleniumDriver] [  884] - Action Type : SELECT
[INFO ][2015-12-07 20:03:10,622][com.java.TestType] [ 5430] - value = 1
[INFO ][2015-12-07 20:03:11,713][com.java.TestType] [ 5548] -  In COB ddlBudgetYear : 1
[INFO ][2015-12-07 20:03:11,853][com.java.SeleniumDriver] [  893] -  RESULT true
[INFO ][2015-12-07 20:03:11,853][com.java.SeleniumDriver] [ 1099] - ?   P A S S   ?
[INFO ][2015-12-07 20:03:11,853][com.java.SeleniumDriver] [  820] - ------------------------------------------
[INFO ][2015-12-07 20:03:11,853][com.java.SeleniumDriver] [  821] - Test case being Executed: 5
[INFO ][2015-12-07 20:03:11,853][com.java.SeleniumDriver] [  832] - Test step:28
[INFO ][2015-12-07 20:03:11,853][com.java.SeleniumDriver] [  844] - Datavalue is----------null
[DEBUG][2015-12-07 20:03:11,853][com.java.SeleniumDriver] [  862] - Exception: null
[INFO ][2015-12-07 20:03:11,853][com.java.SeleniumDriver] [  868] - DataField : HDNbtnCopyToBudget
[INFO ][2015-12-07 20:03:11,853][com.java.SeleniumDriver] [  870] - DataValue : 
[INFO ][2015-12-07 20:03:11,853][com.java.SeleniumDriver] [  876] - <In Set values of the page>
[INFO ][2015-12-07 20:03:11,853][com.java.SeleniumDriver] [  879] - {Data Fields & Data Values Exist}
[INFO ][2015-12-07 20:03:11,853][com.java.SeleniumDriver] [  881] - --------------------------setting values-----------------------------
[INFO ][2015-12-07 20:03:11,853][com.java.SeleniumDriver] [  884] - Action Type : CLICK
[INFO ][2015-12-07 20:03:11,853][com.java.TestType] [ 5758] - Field ::HDNbtnCopyToBudget
[INFO ][2015-12-07 20:03:14,227][com.java.SeleniumDriver] [  893] -  RESULT true
[INFO ][2015-12-07 20:03:14,227][com.java.SeleniumDriver] [ 1099] - ?   P A S S   ?
[INFO ][2015-12-07 20:03:14,227][com.java.SeleniumDriver] [  820] - ------------------------------------------
[INFO ][2015-12-07 20:03:14,227][com.java.SeleniumDriver] [  821] - Test case being Executed: 5
[INFO ][2015-12-07 20:03:14,227][com.java.SeleniumDriver] [  832] - Test step:29
[INFO ][2015-12-07 20:03:14,227][com.java.SeleniumDriver] [  844] - Datavalue is----------2
[INFO ][2015-12-07 20:03:14,227][com.java.SeleniumDriver] [  868] - DataField : null
[INFO ][2015-12-07 20:03:14,227][com.java.SeleniumDriver] [  870] - DataValue : 2
[INFO ][2015-12-07 20:03:14,227][com.java.SeleniumDriver] [  876] - <In Set values of the page>
[INFO ][2015-12-07 20:03:14,227][com.java.SeleniumDriver] [  879] - {Data Fields & Data Values Exist}
[INFO ][2015-12-07 20:03:14,227][com.java.SeleniumDriver] [  881] - --------------------------setting values-----------------------------
[INFO ][2015-12-07 20:03:14,227][com.java.SeleniumDriver] [  884] - Action Type : WAITTIME
[DEBUG][2015-12-07 20:03:14,227][com.java.TestType] [ 5250] - sleepTime: 2000
[INFO ][2015-12-07 20:03:16,241][com.java.SeleniumDriver] [  893] -  RESULT true
[INFO ][2015-12-07 20:03:16,241][com.java.SeleniumDriver] [ 1099] - ?   P A S S   ?
[INFO ][2015-12-07 20:03:16,241][com.java.SeleniumDriver] [  820] - ------------------------------------------
[INFO ][2015-12-07 20:03:16,241][com.java.SeleniumDriver] [  821] - Test case being Executed: 5
[INFO ][2015-12-07 20:03:16,241][com.java.SeleniumDriver] [  832] - Test step:30
[INFO ][2015-12-07 20:03:16,241][com.java.SeleniumDriver] [  844] - Datavalue is----------null
[DEBUG][2015-12-07 20:03:16,241][com.java.SeleniumDriver] [  862] - Exception: null
[INFO ][2015-12-07 20:03:16,241][com.java.SeleniumDriver] [  868] - DataField : BTNParent
[INFO ][2015-12-07 20:03:16,241][com.java.SeleniumDriver] [  870] - DataValue : 
[INFO ][2015-12-07 20:03:16,241][com.java.SeleniumDriver] [  876] - <In Set values of the page>
[INFO ][2015-12-07 20:03:16,241][com.java.SeleniumDriver] [  879] - {Data Fields & Data Values Exist}
[INFO ][2015-12-07 20:03:16,241][com.java.SeleniumDriver] [  881] - --------------------------setting values-----------------------------
[INFO ][2015-12-07 20:03:16,241][com.java.SeleniumDriver] [  884] - Action Type : SELECTFRAME
[INFO ][2015-12-07 20:03:16,242][com.java.SeleniumDriver] [  893] -  RESULT true
[INFO ][2015-12-07 20:03:16,242][com.java.SeleniumDriver] [ 1099] - ?   P A S S   ?
[INFO ][2015-12-07 20:03:16,242][com.java.SeleniumDriver] [  820] - ------------------------------------------
[INFO ][2015-12-07 20:03:16,242][com.java.SeleniumDriver] [  821] - Test case being Executed: 5
[INFO ][2015-12-07 20:03:16,242][com.java.SeleniumDriver] [  832] - Test step:31
[INFO ][2015-12-07 20:03:16,242][com.java.SeleniumDriver] [  844] - Datavalue is----------Copy To Budget in Progress
[INFO ][2015-12-07 20:03:16,242][com.java.SeleniumDriver] [  868] - DataField : XPH//span[@id='ui-dialog-title-mdDialog']
[INFO ][2015-12-07 20:03:16,242][com.java.SeleniumDriver] [  870] - DataValue : Copy To Budget in Progress
[INFO ][2015-12-07 20:03:16,242][com.java.SeleniumDriver] [  876] - <In Set values of the page>
[INFO ][2015-12-07 20:03:16,242][com.java.SeleniumDriver] [  879] - {Data Fields & Data Values Exist}
[INFO ][2015-12-07 20:03:16,242][com.java.SeleniumDriver] [  881] - --------------------------setting values-----------------------------
[INFO ][2015-12-07 20:03:16,242][com.java.SeleniumDriver] [  884] - Action Type : VERIFY
[INFO ][2015-12-07 20:03:16,242][com.java.TestType] [ 6658] - field= XPH//span[@id='ui-dialog-title-mdDialog'] value= Copy To Budget in Progress
[INFO ][2015-12-07 20:03:16,242][com.java.TestType] [ 5430] - value = Copy To Budget in Progress
[INFO ][2015-12-07 20:03:16,382][com.java.SeleniumDriver] [  893] -  RESULT true
[INFO ][2015-12-07 20:03:16,382][com.java.SeleniumDriver] [ 1099] - ?   P A S S   ?
[INFO ][2015-12-07 20:03:16,382][com.java.SeleniumDriver] [  820] - ------------------------------------------
[INFO ][2015-12-07 20:03:16,382][com.java.SeleniumDriver] [  821] - Test case being Executed: 5
[INFO ][2015-12-07 20:03:16,382][com.java.SeleniumDriver] [  832] - Test step:32
[INFO ][2015-12-07 20:03:16,382][com.java.SeleniumDriver] [  844] - Datavalue is----------null
[DEBUG][2015-12-07 20:03:16,382][com.java.SeleniumDriver] [  862] - Exception: null
[INFO ][2015-12-07 20:03:16,382][com.java.SeleniumDriver] [  868] - DataField : BTNframeDialogContent
[INFO ][2015-12-07 20:03:16,382][com.java.SeleniumDriver] [  870] - DataValue : 
[INFO ][2015-12-07 20:03:16,382][com.java.SeleniumDriver] [  876] - <In Set values of the page>
[INFO ][2015-12-07 20:03:16,382][com.java.SeleniumDriver] [  879] - {Data Fields & Data Values Exist}
[INFO ][2015-12-07 20:03:16,382][com.java.SeleniumDriver] [  881] - --------------------------setting values-----------------------------
[INFO ][2015-12-07 20:03:16,382][com.java.SeleniumDriver] [  884] - Action Type : SELECTFRAME
[INFO ][2015-12-07 20:03:17,533][com.java.SeleniumDriver] [  893] -  RESULT true
[INFO ][2015-12-07 20:03:17,533][com.java.SeleniumDriver] [ 1099] - ?   P A S S   ?
[INFO ][2015-12-07 20:03:17,533][com.java.SeleniumDriver] [  820] - ------------------------------------------
[INFO ][2015-12-07 20:03:17,533][com.java.SeleniumDriver] [  821] - Test case being Executed: 5
[INFO ][2015-12-07 20:03:17,533][com.java.SeleniumDriver] [  832] - Test step:33
[INFO ][2015-12-07 20:03:17,533][com.java.SeleniumDriver] [  844] - Datavalue is----------Your project is now being processed.
[INFO ][2015-12-07 20:03:17,533][com.java.SeleniumDriver] [  868] - DataField : XPH//td[@id='lblEmail']
[INFO ][2015-12-07 20:03:17,533][com.java.SeleniumDriver] [  870] - DataValue : Your project is now being processed.
[INFO ][2015-12-07 20:03:17,533][com.java.SeleniumDriver] [  876] - <In Set values of the page>
[INFO ][2015-12-07 20:03:17,533][com.java.SeleniumDriver] [  879] - {Data Fields & Data Values Exist}
[INFO ][2015-12-07 20:03:17,533][com.java.SeleniumDriver] [  881] - --------------------------setting values-----------------------------
[INFO ][2015-12-07 20:03:17,533][com.java.SeleniumDriver] [  884] - Action Type : VERIFY
[INFO ][2015-12-07 20:03:17,533][com.java.TestType] [ 6658] - field= XPH//td[@id='lblEmail'] value= Your project is now being processed.
[INFO ][2015-12-07 20:03:17,533][com.java.TestType] [ 5430] - value = Your project is now being processed.
[INFO ][2015-12-07 20:03:17,613][com.java.SeleniumDriver] [  893] -  RESULT true
[INFO ][2015-12-07 20:03:17,613][com.java.SeleniumDriver] [ 1099] - ?   P A S S   ?
[INFO ][2015-12-07 20:03:17,613][com.java.SeleniumDriver] [  820] - ------------------------------------------
[INFO ][2015-12-07 20:03:17,613][com.java.SeleniumDriver] [  821] - Test case being Executed: 5
[INFO ][2015-12-07 20:03:17,613][com.java.SeleniumDriver] [  832] - Test step:34
[INFO ][2015-12-07 20:03:17,613][com.java.SeleniumDriver] [  844] - Datavalue is----------null
[DEBUG][2015-12-07 20:03:17,613][com.java.SeleniumDriver] [  862] - Exception: null
[INFO ][2015-12-07 20:03:17,613][com.java.SeleniumDriver] [  868] - DataField : HDNbtnClose
[INFO ][2015-12-07 20:03:17,613][com.java.SeleniumDriver] [  870] - DataValue : 
[INFO ][2015-12-07 20:03:17,613][com.java.SeleniumDriver] [  876] - <In Set values of the page>
[INFO ][2015-12-07 20:03:17,613][com.java.SeleniumDriver] [  879] - {Data Fields & Data Values Exist}
[INFO ][2015-12-07 20:03:17,613][com.java.SeleniumDriver] [  881] - --------------------------setting values-----------------------------
[INFO ][2015-12-07 20:03:17,613][com.java.SeleniumDriver] [  884] - Action Type : CLICK
[INFO ][2015-12-07 20:03:17,613][com.java.TestType] [ 5758] - Field ::HDNbtnClose
[INFO ][2015-12-07 20:03:19,694][com.java.SeleniumDriver] [  893] -  RESULT true
[INFO ][2015-12-07 20:03:19,694][com.java.SeleniumDriver] [ 1099] - ?   P A S S   ?
[INFO ][2015-12-07 20:03:19,694][com.java.SeleniumDriver] [  820] - ------------------------------------------
[INFO ][2015-12-07 20:03:19,694][com.java.SeleniumDriver] [  821] - Test case being Executed: 5
[INFO ][2015-12-07 20:03:19,694][com.java.SeleniumDriver] [  832] - Test step:35
[INFO ][2015-12-07 20:03:19,694][com.java.SeleniumDriver] [  844] - Datavalue is----------null
[DEBUG][2015-12-07 20:03:19,694][com.java.SeleniumDriver] [  862] - Exception: null
[INFO ][2015-12-07 20:03:19,694][com.java.SeleniumDriver] [  868] - DataField : BTNParent
[INFO ][2015-12-07 20:03:19,694][com.java.SeleniumDriver] [  870] - DataValue : 
[INFO ][2015-12-07 20:03:19,694][com.java.SeleniumDriver] [  876] - <In Set values of the page>
[INFO ][2015-12-07 20:03:19,694][com.java.SeleniumDriver] [  879] - {Data Fields & Data Values Exist}
[INFO ][2015-12-07 20:03:19,694][com.java.SeleniumDriver] [  881] - --------------------------setting values-----------------------------
[INFO ][2015-12-07 20:03:19,694][com.java.SeleniumDriver] [  884] - Action Type : SELECTFRAME
[INFO ][2015-12-07 20:03:19,704][com.java.SeleniumDriver] [  893] -  RESULT true
[INFO ][2015-12-07 20:03:19,704][com.java.SeleniumDriver] [ 1099] - ?   P A S S   ?
[INFO ][2015-12-07 20:03:19,704][com.java.SeleniumDriver] [  820] - ------------------------------------------
[INFO ][2015-12-07 20:03:19,704][com.java.SeleniumDriver] [  821] - Test case being Executed: 5
[INFO ][2015-12-07 20:03:19,704][com.java.SeleniumDriver] [  832] - Test step:36
[INFO ][2015-12-07 20:03:19,704][com.java.SeleniumDriver] [  844] - Datavalue is----------null
[DEBUG][2015-12-07 20:03:19,704][com.java.SeleniumDriver] [  862] - Exception: null
[INFO ][2015-12-07 20:03:19,704][com.java.SeleniumDriver] [  868] - DataField : HDNmenuTools
[INFO ][2015-12-07 20:03:19,704][com.java.SeleniumDriver] [  870] - DataValue : 
[INFO ][2015-12-07 20:03:19,704][com.java.SeleniumDriver] [  876] - <In Set values of the page>
[INFO ][2015-12-07 20:03:19,704][com.java.SeleniumDriver] [  879] - {Data Fields & Data Values Exist}
[INFO ][2015-12-07 20:03:19,704][com.java.SeleniumDriver] [  881] - --------------------------setting values-----------------------------
[INFO ][2015-12-07 20:03:19,704][com.java.SeleniumDriver] [  884] - Action Type : CLICK
[INFO ][2015-12-07 20:03:19,704][com.java.TestType] [ 5758] - Field ::HDNmenuTools
[INFO ][2015-12-07 20:03:21,845][com.java.SeleniumDriver] [  893] -  RESULT true
[INFO ][2015-12-07 20:03:21,845][com.java.SeleniumDriver] [ 1099] - ?   P A S S   ?
[INFO ][2015-12-07 20:03:21,845][com.java.SeleniumDriver] [  820] - ------------------------------------------
[INFO ][2015-12-07 20:03:21,845][com.java.SeleniumDriver] [  821] - Test case being Executed: 5
[INFO ][2015-12-07 20:03:21,845][com.java.SeleniumDriver] [  832] - Test step:37
[INFO ][2015-12-07 20:03:21,845][com.java.SeleniumDriver] [  844] - Datavalue is----------10
[INFO ][2015-12-07 20:03:21,845][com.java.SeleniumDriver] [  868] - DataField : DSPmenuProjectOptions
[INFO ][2015-12-07 20:03:21,845][com.java.SeleniumDriver] [  870] - DataValue : 10
[INFO ][2015-12-07 20:03:21,845][com.java.SeleniumDriver] [  876] - <In Set values of the page>
[INFO ][2015-12-07 20:03:21,845][com.java.SeleniumDriver] [  879] - {Data Fields & Data Values Exist}
[INFO ][2015-12-07 20:03:21,845][com.java.SeleniumDriver] [  881] - --------------------------setting values-----------------------------
[INFO ][2015-12-07 20:03:21,845][com.java.SeleniumDriver] [  884] - Action Type : WAITFORELEMENT
[INFO ][2015-12-07 20:03:23,096][com.java.SeleniumDriver] [  893] -  RESULT true
[INFO ][2015-12-07 20:03:23,096][com.java.SeleniumDriver] [ 1099] - ?   P A S S   ?
[INFO ][2015-12-07 20:03:23,096][com.java.SeleniumDriver] [  820] - ------------------------------------------
[INFO ][2015-12-07 20:03:23,096][com.java.SeleniumDriver] [  821] - Test case being Executed: 5
[INFO ][2015-12-07 20:03:23,096][com.java.SeleniumDriver] [  832] - Test step:38
[INFO ][2015-12-07 20:03:23,096][com.java.SeleniumDriver] [  844] - Datavalue is----------null
[DEBUG][2015-12-07 20:03:23,096][com.java.SeleniumDriver] [  862] - Exception: null
[INFO ][2015-12-07 20:03:23,096][com.java.SeleniumDriver] [  868] - DataField : HDNmenuProjectOptions
[INFO ][2015-12-07 20:03:23,096][com.java.SeleniumDriver] [  870] - DataValue : 
[INFO ][2015-12-07 20:03:23,096][com.java.SeleniumDriver] [  876] - <In Set values of the page>
[INFO ][2015-12-07 20:03:23,096][com.java.SeleniumDriver] [  879] - {Data Fields & Data Values Exist}
[INFO ][2015-12-07 20:03:23,096][com.java.SeleniumDriver] [  881] - --------------------------setting values-----------------------------
[INFO ][2015-12-07 20:03:23,096][com.java.SeleniumDriver] [  884] - Action Type : CLICK
[INFO ][2015-12-07 20:03:23,096][com.java.TestType] [ 5758] - Field ::HDNmenuProjectOptions
[INFO ][2015-12-07 20:03:25,246][com.java.SeleniumDriver] [  893] -  RESULT true
[INFO ][2015-12-07 20:03:25,246][com.java.SeleniumDriver] [ 1099] - ?   P A S S   ?
[INFO ][2015-12-07 20:03:25,246][com.java.SeleniumDriver] [  820] - ------------------------------------------
[INFO ][2015-12-07 20:03:25,246][com.java.SeleniumDriver] [  821] - Test case being Executed: 5
[INFO ][2015-12-07 20:03:25,246][com.java.SeleniumDriver] [  832] - Test step:39
[INFO ][2015-12-07 20:03:25,246][com.java.SeleniumDriver] [  844] - Datavalue is----------null
[DEBUG][2015-12-07 20:03:25,246][com.java.SeleniumDriver] [  862] - Exception: null
[INFO ][2015-12-07 20:03:25,246][com.java.SeleniumDriver] [  868] - DataField : BTNframeDialogContent
[INFO ][2015-12-07 20:03:25,246][com.java.SeleniumDriver] [  870] - DataValue : 
[INFO ][2015-12-07 20:03:25,246][com.java.SeleniumDriver] [  876] - <In Set values of the page>
[INFO ][2015-12-07 20:03:25,246][com.java.SeleniumDriver] [  879] - {Data Fields & Data Values Exist}
[INFO ][2015-12-07 20:03:25,256][com.java.SeleniumDriver] [  881] - --------------------------setting values-----------------------------
[INFO ][2015-12-07 20:03:25,256][com.java.SeleniumDriver] [  884] - Action Type : SELECTFRAME
[INFO ][2015-12-07 20:03:27,087][com.java.SeleniumDriver] [  893] -  RESULT true
[INFO ][2015-12-07 20:03:27,087][com.java.SeleniumDriver] [ 1099] - ?   P A S S   ?
[INFO ][2015-12-07 20:03:27,087][com.java.SeleniumDriver] [  820] - ------------------------------------------
[INFO ][2015-12-07 20:03:27,087][com.java.SeleniumDriver] [  821] - Test case being Executed: 5
[INFO ][2015-12-07 20:03:27,087][com.java.SeleniumDriver] [  832] - Test step:40
[INFO ][2015-12-07 20:03:27,087][com.java.SeleniumDriver] [  844] - Datavalue is----------10
[INFO ][2015-12-07 20:03:27,087][com.java.SeleniumDriver] [  868] - DataField : DSP//li[text()='Project History']
[INFO ][2015-12-07 20:03:27,087][com.java.SeleniumDriver] [  870] - DataValue : 10
[INFO ][2015-12-07 20:03:27,087][com.java.SeleniumDriver] [  876] - <In Set values of the page>
[INFO ][2015-12-07 20:03:27,087][com.java.SeleniumDriver] [  879] - {Data Fields & Data Values Exist}
[INFO ][2015-12-07 20:03:27,087][com.java.SeleniumDriver] [  881] - --------------------------setting values-----------------------------
[INFO ][2015-12-07 20:03:27,087][com.java.SeleniumDriver] [  884] - Action Type : WAITFORELEMENT
[INFO ][2015-12-07 20:03:27,167][com.java.SeleniumDriver] [  893] -  RESULT true
[INFO ][2015-12-07 20:03:27,167][com.java.SeleniumDriver] [ 1099] - ?   P A S S   ?
[INFO ][2015-12-07 20:03:27,167][com.java.SeleniumDriver] [  820] - ------------------------------------------
[INFO ][2015-12-07 20:03:27,167][com.java.SeleniumDriver] [  821] - Test case being Executed: 5
[INFO ][2015-12-07 20:03:27,167][com.java.SeleniumDriver] [  832] - Test step:41
[INFO ][2015-12-07 20:03:27,167][com.java.SeleniumDriver] [  844] - Datavalue is----------null
[DEBUG][2015-12-07 20:03:27,167][com.java.SeleniumDriver] [  862] - Exception: null
[INFO ][2015-12-07 20:03:27,167][com.java.SeleniumDriver] [  868] - DataField : XPH//li[text()='Project History']
[INFO ][2015-12-07 20:03:27,167][com.java.SeleniumDriver] [  870] - DataValue : 
[INFO ][2015-12-07 20:03:27,167][com.java.SeleniumDriver] [  876] - <In Set values of the page>
[INFO ][2015-12-07 20:03:27,167][com.java.SeleniumDriver] [  879] - {Data Fields & Data Values Exist}
[INFO ][2015-12-07 20:03:27,167][com.java.SeleniumDriver] [  881] - --------------------------setting values-----------------------------
[INFO ][2015-12-07 20:03:27,167][com.java.SeleniumDriver] [  884] - Action Type : CLICK
[INFO ][2015-12-07 20:03:27,167][com.java.TestType] [ 5758] - Field ::XPH//li[text()='Project History']
[INFO ][2015-12-07 20:03:28,167][com.java.TestType] [ 5852] - BEFORE CLICK
[INFO ][2015-12-07 20:03:28,857][com.java.TestType] [ 5860] - Unable to click the object ProjectHistory
[INFO ][2015-12-07 20:03:28,857][com.java.SeleniumDriver] [  893] -  RESULT true
[INFO ][2015-12-07 20:03:28,857][com.java.SeleniumDriver] [ 1099] - ?   P A S S   ?
[INFO ][2015-12-07 20:03:28,857][com.java.SeleniumDriver] [  820] - ------------------------------------------
[INFO ][2015-12-07 20:03:28,857][com.java.SeleniumDriver] [  821] - Test case being Executed: 5
[INFO ][2015-12-07 20:03:28,857][com.java.SeleniumDriver] [  832] - Test step:42
[INFO ][2015-12-07 20:03:28,857][com.java.SeleniumDriver] [  844] - Datavalue is----------//span[text()='Copy to Budget']
[INFO ][2015-12-07 20:03:28,857][com.java.SeleniumDriver] [  868] - DataField : BTN
[INFO ][2015-12-07 20:03:28,857][com.java.SeleniumDriver] [  870] - DataValue : //span[text()='Copy to Budget']
[INFO ][2015-12-07 20:03:28,857][com.java.SeleniumDriver] [  876] - <In Set values of the page>
[INFO ][2015-12-07 20:03:28,857][com.java.SeleniumDriver] [  879] - {Data Fields & Data Values Exist}
[INFO ][2015-12-07 20:03:28,857][com.java.SeleniumDriver] [  881] - --------------------------setting values-----------------------------
[INFO ][2015-12-07 20:03:28,857][com.java.SeleniumDriver] [  884] - Action Type : VERIFY
[INFO ][2015-12-07 20:03:28,857][com.java.TestType] [ 6658] - field= BTN value= //span[text()='Copy to Budget']
[INFO ][2015-12-07 20:03:28,857][com.java.TestType] [ 5430] - value = //span[text()='Copy to Budget']
[INFO ][2015-12-07 20:03:28,898][com.java.SeleniumDriver] [  893] -  RESULT true
[INFO ][2015-12-07 20:03:28,898][com.java.SeleniumDriver] [ 1099] - ?   P A S S   ?
[INFO ][2015-12-07 20:03:28,898][com.java.SeleniumDriver] [  820] - ------------------------------------------
[INFO ][2015-12-07 20:03:28,898][com.java.SeleniumDriver] [  821] - Test case being Executed: 5
[INFO ][2015-12-07 20:03:28,898][com.java.SeleniumDriver] [  832] - Test step:43
[INFO ][2015-12-07 20:03:28,898][com.java.SeleniumDriver] [  844] - Datavalue is----------null
[DEBUG][2015-12-07 20:03:28,898][com.java.SeleniumDriver] [  862] - Exception: null
[INFO ][2015-12-07 20:03:28,898][com.java.SeleniumDriver] [  868] - DataField : BTNParent
[INFO ][2015-12-07 20:03:28,898][com.java.SeleniumDriver] [  870] - DataValue : 
[INFO ][2015-12-07 20:03:28,898][com.java.SeleniumDriver] [  876] - <In Set values of the page>
[INFO ][2015-12-07 20:03:28,898][com.java.SeleniumDriver] [  879] - {Data Fields & Data Values Exist}
[INFO ][2015-12-07 20:03:28,898][com.java.SeleniumDriver] [  881] - --------------------------setting values-----------------------------
[INFO ][2015-12-07 20:03:28,898][com.java.SeleniumDriver] [  884] - Action Type : SELECTFRAME
[INFO ][2015-12-07 20:03:28,908][com.java.SeleniumDriver] [  893] -  RESULT true
[INFO ][2015-12-07 20:03:28,908][com.java.SeleniumDriver] [ 1099] - ?   P A S S   ?
[INFO ][2015-12-07 20:03:28,908][com.java.SeleniumDriver] [  820] - ------------------------------------------
[INFO ][2015-12-07 20:03:28,908][com.java.SeleniumDriver] [  821] - Test case being Executed: 5
[INFO ][2015-12-07 20:03:28,908][com.java.SeleniumDriver] [  832] - Test step:44
[INFO ][2015-12-07 20:03:28,908][com.java.SeleniumDriver] [  844] - Datavalue is----------Forecasting 
[INFO ][2015-12-07 20:03:28,908][com.java.SeleniumDriver] [  868] - DataField : TTL
[INFO ][2015-12-07 20:03:28,908][com.java.SeleniumDriver] [  870] - DataValue : Forecasting 
[INFO ][2015-12-07 20:03:28,908][com.java.SeleniumDriver] [  876] - <In Set values of the page>
[INFO ][2015-12-07 20:03:28,908][com.java.SeleniumDriver] [  879] - {Data Fields & Data Values Exist}
[INFO ][2015-12-07 20:03:28,908][com.java.SeleniumDriver] [  881] - --------------------------setting values-----------------------------
[INFO ][2015-12-07 20:03:28,908][com.java.SeleniumDriver] [  884] - Action Type : CLOSEWINDOW
[INFO ][2015-12-07 20:03:29,198][com.java.SeleniumDriver] [  893] -  RESULT true
[INFO ][2015-12-07 20:03:29,198][com.java.SeleniumDriver] [ 1099] - ?   P A S S   ?
[INFO ][2015-12-07 20:03:29,198][com.java.SeleniumDriver] [  820] - ------------------------------------------
[INFO ][2015-12-07 20:03:29,198][com.java.SeleniumDriver] [  821] - Test case being Executed: 5
[INFO ][2015-12-07 20:03:29,198][com.java.SeleniumDriver] [  832] - Test step:45
[INFO ][2015-12-07 20:03:29,198][com.java.SeleniumDriver] [  844] - Datavalue is----------Banker'sDashboard
[INFO ][2015-12-07 20:03:29,198][com.java.SeleniumDriver] [  868] - DataField : TTL
[INFO ][2015-12-07 20:03:29,198][com.java.SeleniumDriver] [  870] - DataValue : Banker'sDashboard
[INFO ][2015-12-07 20:03:29,198][com.java.SeleniumDriver] [  876] - <In Set values of the page>
[INFO ][2015-12-07 20:03:29,198][com.java.SeleniumDriver] [  879] - {Data Fields & Data Values Exist}
[INFO ][2015-12-07 20:03:29,198][com.java.SeleniumDriver] [  881] - --------------------------setting values-----------------------------
[INFO ][2015-12-07 20:03:29,198][com.java.SeleniumDriver] [  884] - Action Type : SelectWindow
[INFO ][2015-12-07 20:03:41,620][com.java.SeleniumDriver] [  893] -  RESULT true
[INFO ][2015-12-07 20:03:41,620][com.java.SeleniumDriver] [ 1099] - ?   P A S S   ?
[INFO ][2015-12-07 20:03:41,620][com.java.SeleniumDriver] [  820] - ------------------------------------------
[INFO ][2015-12-07 20:03:41,620][com.java.SeleniumDriver] [  821] - Test case being Executed: 5
[INFO ][2015-12-07 20:03:41,620][com.java.SeleniumDriver] [  832] - Test step:46
[INFO ][2015-12-07 20:03:41,620][com.java.SeleniumDriver] [  844] - Datavalue is----------1
[INFO ][2015-12-07 20:03:41,620][com.java.SeleniumDriver] [  868] - DataField : null
[INFO ][2015-12-07 20:03:41,620][com.java.SeleniumDriver] [  870] - DataValue : 1
[INFO ][2015-12-07 20:03:41,620][com.java.SeleniumDriver] [  876] - <In Set values of the page>
[INFO ][2015-12-07 20:03:41,620][com.java.SeleniumDriver] [  879] - {Data Fields & Data Values Exist}
[INFO ][2015-12-07 20:03:41,620][com.java.SeleniumDriver] [  881] - --------------------------setting values-----------------------------
[INFO ][2015-12-07 20:03:41,620][com.java.SeleniumDriver] [  884] - Action Type : WAITTIME
[DEBUG][2015-12-07 20:03:41,620][com.java.TestType] [ 5250] - sleepTime: 1000
[INFO ][2015-12-07 20:03:42,620][com.java.SeleniumDriver] [  893] -  RESULT true
[INFO ][2015-12-07 20:03:42,620][com.java.SeleniumDriver] [ 1099] - ?   P A S S   ?
[DEBUG][2015-12-07 20:03:42,620][com.java.SeleniumDriver] [ 1211] - Case found
[DEBUG][2015-12-07 20:03:42,620][com.java.SeleniumDriver] [ 1216] - Incrementing ReportCounters[0]:4
[INFO ][2015-12-07 20:03:42,620][com.java.SeleniumDriver] [ 1235] - The results are-------------------[5, 1, Copy to Budget, Pass, , Mon Dec 07 20:01:55 IST 2015, 5, 3, Copy to Budget, Pass, , Mon Dec 07 20:02:00 IST 2015, 5, 4, Copy to Budget, Pass, , Mon Dec 07 20:02:01 IST 2015, 5, 5, Copy to Budget, Pass, , Mon Dec 07 20:02:01 IST 2015, 5, 6, Copy to Budget, Pass, , Mon Dec 07 20:02:24 IST 2015, 5, 7, Copy to Budget, Pass, , Mon Dec 07 20:02:29 IST 2015, 5, 8, Copy to Budget, Pass, , Mon Dec 07 20:02:41 IST 2015, 5, 9, Copy to Budget, Pass, , Mon Dec 07 20:02:41 IST 2015, 5, 10, Copy to Budget, Pass, , Mon Dec 07 20:02:41 IST 2015, 5, 11, Copy to Budget, Pass, , Mon Dec 07 20:02:43 IST 2015, 5, 12, Copy to Budget, Pass, , Mon Dec 07 20:02:44 IST 2015, 5, 13, Copy to Budget, Pass, , Mon Dec 07 20:02:45 IST 2015, 5, 14, Copy to Budget, Pass, , Mon Dec 07 20:02:46 IST 2015, 5, 15, Copy to Budget, Pass, , Mon Dec 07 20:02:49 IST 2015, 5, 16, Copy to Budget, Pass, , Mon Dec 07 20:02:51 IST 2015, 5, 17, Copy to Budget, Pass, , Mon Dec 07 20:02:51 IST 2015, 5, 18, Copy to Budget, Pass, , Mon Dec 07 20:02:51 IST 2015, 5, 19, Copy to Budget, Pass, , Mon Dec 07 20:03:01 IST 2015, 5, 20, Copy to Budget, Pass, , Mon Dec 07 20:03:01 IST 2015, 5, 21, Copy to Budget, Pass, , Mon Dec 07 20:03:03 IST 2015, 5, 22, Copy to Budget, Pass, , Mon Dec 07 20:03:05 IST 2015, 5, 23, Copy to Budget, Pass, , Mon Dec 07 20:03:07 IST 2015, 5, 24, Copy to Budget, Pass, , Mon Dec 07 20:03:09 IST 2015, 5, 25, Copy to Budget, Pass, , Mon Dec 07 20:03:09 IST 2015, 5, 26, Copy to Budget, Pass, , Mon Dec 07 20:03:10 IST 2015, 5, 27, Copy to Budget, Pass, , Mon Dec 07 20:03:11 IST 2015, 5, 28, Copy to Budget, Pass, , Mon Dec 07 20:03:14 IST 2015, 5, 29, Copy to Budget, Pass, , Mon Dec 07 20:03:16 IST 2015, 5, 30, Copy to Budget, Pass, , Mon Dec 07 20:03:16 IST 2015, 5, 31, Copy to Budget, Pass, , Mon Dec 07 20:03:16 IST 2015, 5, 32, Copy to Budget, Pass, , Mon Dec 07 20:03:17 IST 2015, 5, 33, Copy to Budget, Pass, , Mon Dec 07 20:03:17 IST 2015, 5, 34, Copy to Budget, Pass, , Mon Dec 07 20:03:19 IST 2015, 5, 35, Copy to Budget, Pass, , Mon Dec 07 20:03:19 IST 2015, 5, 36, Copy to Budget, Pass, , Mon Dec 07 20:03:21 IST 2015, 5, 37, Copy to Budget, Pass, , Mon Dec 07 20:03:23 IST 2015, 5, 38, Copy to Budget, Pass, , Mon Dec 07 20:03:25 IST 2015, 5, 39, Copy to Budget, Pass, , Mon Dec 07 20:03:27 IST 2015, 5, 40, Copy to Budget, Pass, , Mon Dec 07 20:03:27 IST 2015, 5, 41, Copy to Budget, Pass, , Mon Dec 07 20:03:28 IST 2015, 5, 42, Copy to Budget, Pass, , Mon Dec 07 20:03:28 IST 2015, 5, 43, Copy to Budget, Pass, , Mon Dec 07 20:03:28 IST 2015, 5, 44, Copy to Budget, Pass, , Mon Dec 07 20:03:29 IST 2015, 5, 45, Copy to Budget, Pass, , Mon Dec 07 20:03:41 IST 2015, 5, 46, Copy to Budget, Pass, , Mon Dec 07 20:03:42 IST 2015]
[INFO ][2015-12-07 20:03:42,620][com.java.SeleniumDriver] [ 1239] - End time is-------6 min 2 sec
[INFO ][2015-12-07 20:03:42,620][com.java.SeleniumDriver] [ 1240] - The results are-------------------[5, 1, Copy to Budget, Pass, , Mon Dec 07 20:01:55 IST 2015, 5, 3, Copy to Budget, Pass, , Mon Dec 07 20:02:00 IST 2015, 5, 4, Copy to Budget, Pass, , Mon Dec 07 20:02:01 IST 2015, 5, 5, Copy to Budget, Pass, , Mon Dec 07 20:02:01 IST 2015, 5, 6, Copy to Budget, Pass, , Mon Dec 07 20:02:24 IST 2015, 5, 7, Copy to Budget, Pass, , Mon Dec 07 20:02:29 IST 2015, 5, 8, Copy to Budget, Pass, , Mon Dec 07 20:02:41 IST 2015, 5, 9, Copy to Budget, Pass, , Mon Dec 07 20:02:41 IST 2015, 5, 10, Copy to Budget, Pass, , Mon Dec 07 20:02:41 IST 2015, 5, 11, Copy to Budget, Pass, , Mon Dec 07 20:02:43 IST 2015, 5, 12, Copy to Budget, Pass, , Mon Dec 07 20:02:44 IST 2015, 5, 13, Copy to Budget, Pass, , Mon Dec 07 20:02:45 IST 2015, 5, 14, Copy to Budget, Pass, , Mon Dec 07 20:02:46 IST 2015, 5, 15, Copy to Budget, Pass, , Mon Dec 07 20:02:49 IST 2015, 5, 16, Copy to Budget, Pass, , Mon Dec 07 20:02:51 IST 2015, 5, 17, Copy to Budget, Pass, , Mon Dec 07 20:02:51 IST 2015, 5, 18, Copy to Budget, Pass, , Mon Dec 07 20:02:51 IST 2015, 5, 19, Copy to Budget, Pass, , Mon Dec 07 20:03:01 IST 2015, 5, 20, Copy to Budget, Pass, , Mon Dec 07 20:03:01 IST 2015, 5, 21, Copy to Budget, Pass, , Mon Dec 07 20:03:03 IST 2015, 5, 22, Copy to Budget, Pass, , Mon Dec 07 20:03:05 IST 2015, 5, 23, Copy to Budget, Pass, , Mon Dec 07 20:03:07 IST 2015, 5, 24, Copy to Budget, Pass, , Mon Dec 07 20:03:09 IST 2015, 5, 25, Copy to Budget, Pass, , Mon Dec 07 20:03:09 IST 2015, 5, 26, Copy to Budget, Pass, , Mon Dec 07 20:03:10 IST 2015, 5, 27, Copy to Budget, Pass, , Mon Dec 07 20:03:11 IST 2015, 5, 28, Copy to Budget, Pass, , Mon Dec 07 20:03:14 IST 2015, 5, 29, Copy to Budget, Pass, , Mon Dec 07 20:03:16 IST 2015, 5, 30, Copy to Budget, Pass, , Mon Dec 07 20:03:16 IST 2015, 5, 31, Copy to Budget, Pass, , Mon Dec 07 20:03:16 IST 2015, 5, 32, Copy to Budget, Pass, , Mon Dec 07 20:03:17 IST 2015, 5, 33, Copy to Budget, Pass, , Mon Dec 07 20:03:17 IST 2015, 5, 34, Copy to Budget, Pass, , Mon Dec 07 20:03:19 IST 2015, 5, 35, Copy to Budget, Pass, , Mon Dec 07 20:03:19 IST 2015, 5, 36, Copy to Budget, Pass, , Mon Dec 07 20:03:21 IST 2015, 5, 37, Copy to Budget, Pass, , Mon Dec 07 20:03:23 IST 2015, 5, 38, Copy to Budget, Pass, , Mon Dec 07 20:03:25 IST 2015, 5, 39, Copy to Budget, Pass, , Mon Dec 07 20:03:27 IST 2015, 5, 40, Copy to Budget, Pass, , Mon Dec 07 20:03:27 IST 2015, 5, 41, Copy to Budget, Pass, , Mon Dec 07 20:03:28 IST 2015, 5, 42, Copy to Budget, Pass, , Mon Dec 07 20:03:28 IST 2015, 5, 43, Copy to Budget, Pass, , Mon Dec 07 20:03:28 IST 2015, 5, 44, Copy to Budget, Pass, , Mon Dec 07 20:03:29 IST 2015, 5, 45, Copy to Budget, Pass, , Mon Dec 07 20:03:41 IST 2015, 5, 46, Copy to Budget, Pass, , Mon Dec 07 20:03:42 IST 2015]
[DEBUG][2015-12-07 20:03:42,620][com.java.ImportnExport.ExportTestResultsExcel] [  222] - testResultPath = D:\BankersDashboard/TestReports/Test Results_BankersDashBoard_120715_195742_IE10_Any Bank USA.xls
[DEBUG][2015-12-07 20:03:42,620][com.java.ImportnExport.ExportTestResultsExcel] [  223] - browser is------------IE10
[DEBUG][2015-12-07 20:03:42,620][com.java.ImportnExport.ExportTestResultsExcel] [  270] - result.size() = 270
[DEBUG][2015-12-07 20:03:42,620][com.java.ImportnExport.ExportTestResultsExcel] [  274] - No of rows in sheet=4
[DEBUG][2015-12-07 20:03:42,620][com.java.ImportnExport.ExportTestResultsExcel] [  301] - ..in export..5
[DEBUG][2015-12-07 20:03:42,620][com.java.ImportnExport.ExportTestResultsExcel] [  301] - ..in export..Copy to Budget
[DEBUG][2015-12-07 20:03:42,620][com.java.ImportnExport.ExportTestResultsExcel] [  301] - ..in export..Pass
[DEBUG][2015-12-07 20:03:42,620][com.java.ImportnExport.ExportTestResultsExcel] [  301] - ..in export..
[DEBUG][2015-12-07 20:03:42,620][com.java.ImportnExport.ExportTestResultsExcel] [  301] - ..in export..Mon Dec 07 20:01:55 IST 2015
[INFO ][2015-12-07 20:03:42,620][com.java.SeleniumDriver] [ 1298] - out loop:3 size:4 TestCases:[1, 3, 4, 5] testcases:[1, 3, 4, 5]
[INFO ][2015-12-07 20:03:44,621][com.java.SeleniumDriver] [ 1341] - Total Number of Cases:4
[INFO ][2015-12-07 20:03:44,621][com.java.TemplateGenerator] [  302] - Executed:4
[INFO ][2015-12-07 20:03:44,621][com.java.TemplateGenerator] [  303] - Passed:4
[INFO ][2015-12-07 20:03:44,621][com.java.TemplateGenerator] [  304] - Failed:0
[INFO ][2015-12-07 20:03:44,621][com.java.TemplateGenerator] [  305] - Skipeed:0
[INFO ][2015-12-07 20:03:44,621][com.java.TemplateGenerator] [  306] - Application URL:https://clients-xuat.bankersdashboard.com
[INFO ][2015-12-07 20:03:44,621][com.java.TemplateGenerator] [  307] - Start Time:120715_195742
[INFO ][2015-12-07 20:03:44,621][com.java.TemplateGenerator] [  308] -  Creating HTML Report 
[ERROR][2015-12-07 20:03:44,621][com.java.TemplateGenerator] [  409] - Unparseable date: "Mon Dec 07 07:57:42 IST 2015"
[INFO ][2015-12-07 20:03:44,621][com.java.TemplateGenerator] [  654] -  Exporting case :: 1
[INFO ][2015-12-07 20:03:44,621][com.java.TemplateGenerator] [  654] -  Exporting case :: 3
[INFO ][2015-12-07 20:03:44,621][com.java.TemplateGenerator] [  654] -  Exporting case :: 4
[INFO ][2015-12-07 20:03:44,621][com.java.TemplateGenerator] [  654] -  Exporting case :: 5
[INFO ][2015-12-07 20:03:44,621][com.java.SeleniumDriver] [ 1390] - End Time:120715_200344
[INFO ][2015-12-07 20:03:44,621][com.java.SeleniumDriver] [ 1393] - Data in Test Execution Details:{1=PASS, 3=PASS, 4=PASS, 5=PASS}
[INFO ][2015-12-07 20:03:44,621][com.java.SeleniumDriver] [ 1394] - Data in Failed Execution Deatils:{}
[INFO ][2015-12-07 20:03:44,621][com.java.SeleniumDriver] [ 1396] - ReportCounter:Total:4 :: PASS: 4 ::FAIL: 0
[INFO ][2015-12-07 20:03:44,622][com.java.SeleniumDriver] [ 1397] - FailedReportCounter:Total:0 :: PASS: 0 ::FAIL: 0
[INFO ][2015-12-07 20:03:44,622][com.java.EmailTestReport] [   63] - Sending report mail details:
[INFO ][2015-12-07 20:03:44,622][com.java.EmailTestReport] [   80] - Excel Report Path:D:\BankersDashboard/TestReports/Test Results_BankersDashBoard_120715_195742_IE10_Any Bank USA.xls
[INFO ][2015-12-07 20:03:44,622][com.java.EmailTestReport] [   81] - HTML Report Path:D:\BankersDashboard//TestReports//Test Results_BankersDashBoard_120715_195742_IE10_Any Bank USA.html
[INFO ][2015-12-07 20:03:44,622][com.java.EmailTestReport] [   82] - smtpHostName:mail01.valuelabs.com
[INFO ][2015-12-07 20:03:44,622][com.java.EmailTestReport] [   83] - Recipient:venkateswararao.gubbala@valuelabs.com;
[INFO ][2015-12-07 20:03:44,622][com.java.EmailTestReport] [   84] - From:venkateswararao.gubbala@valuelabs.com;
[INFO ][2015-12-07 20:03:44,622][com.java.EmailTestReport] [   85] - Subject:Deluxe Corp Bankers Dashboard Automation Test Report - Any Bank USA - IE10
[INFO ][2015-12-07 20:03:44,652][com.java.EmailTestReport] [  143] -  Added venkateswararao.gubbala@valuelabs.com
[INFO ][2015-12-07 20:03:47,755][com.java.SeleniumDriver] [  720] - quitting the browser 
[INFO ][2015-12-07 20:03:48,970][com.java.SeleniumDriver] [  264] - Execution Completed Stopping the thread
