[INFO ][2016-02-09 20:43:33,190][com.java.SeleniumDriver] [  213] - Execute Failed Casesfalse
[INFO ][2016-02-09 20:43:33,190][com.java.SeleniumDriver] [  214] - Browser: IE10
[INFO ][2016-02-09 20:43:33,190][com.java.SeleniumDriver] [  215] - [1, 8]
[INFO ][2016-02-09 20:43:33,190][com.java.SeleniumDriver] [  216] - Total TestCases:2
[INFO ][2016-02-09 20:43:33,190][com.java.SeleniumDriver] [  217] -  Reading Properties from Property File 
[DEBUG][2016-02-09 20:43:33,191][com.java.SeleniumDriver] [  238] - url : https://clients-xuat.bankersdashboard.com
[INFO ][2016-02-09 20:43:33,192][com.java.ImportnExport.ExportTestResultsExcel] [  116] - Time Stamp Tue Feb 09 08:43:33 IST 2016
[INFO ][2016-02-09 20:43:33,192][com.java.ImportnExport.ExportTestResultsExcel] [  175] - OUT FILE : D:\BankersDashboard/TestReports/Test Results_BankersDashBoard_020916_204333_IE10_First Bank.xls
[INFO ][2016-02-09 20:43:33,238][com.java.ImportnExport.ExportTestResultsExcel] [  180] - Test Result file is created
[DEBUG][2016-02-09 20:43:33,329][com.java.SeleniumDriver] [  426] - Hub ip address is-------172.17.68.34
[INFO ][2016-02-09 20:43:33,329][com.java.SeleniumDriver] [  452] - Grid URL:http://172.17.68.34:4444/wd/hub
[INFO ][2016-02-09 20:43:33,330][com.java.SeleniumDriver] [  453] - Capability:Capabilities [{platform=ANY, ensureCleanSession=true, ignoreProtectedModeSettings=true, acceptSslCerts=true, ignoreZoomSetting=true, browserName=internet explorer, browserstack.ie.noFlash=true, version=null}]
[ERROR][2016-02-09 20:43:34,659][com.java.SeleniumDriver] [  498] - Unable invoke browser in grid:Could not start a new session. Possible causes are invalid address of the remote server or browser start-up failure.
Build info: version: '2.48.2', revision: '41bccdd', time: '2015-10-09 19:59:12'
System info: host: 'FVTIII438F1D', ip: '172.17.68.34', os.name: 'Windows 7', os.arch: 'x86', os.version: '6.1', java.version: '1.7.0_55'
Driver info: driver.version: SeleniumDriver
[INFO ][2016-02-09 20:43:34,660][com.java.SeleniumDriver] [  500] - Executing on local machine
[INFO ][2016-02-09 20:43:45,029][com.java.SeleniumDriver] [  248] - IE10is opened
[INFO ][2016-02-09 20:43:45,690][com.java.SeleniumDriver] [  756] - Test cases to be executed are: [1, 8]
[INFO ][2016-02-09 20:43:45,715][com.java.ImportnExport.ImportTestDataDetailsExcel] [   49] - test data details path===== D:\BankersDashboard\TestInputs\TestData.xls
[INFO ][2016-02-09 20:43:45,789][com.java.SeleniumDriver] [  856] - ------------------------------------------
[INFO ][2016-02-09 20:43:45,789][com.java.SeleniumDriver] [  857] - Test case being Executed: 1
[INFO ][2016-02-09 20:43:45,789][com.java.SeleniumDriver] [  869] - Test step:1
[INFO ][2016-02-09 20:43:45,789][com.java.SeleniumDriver] [  881] - Datavalue is----------Concept#1:1-16
[INFO ][2016-02-09 20:43:45,789][com.java.SeleniumDriver] [  905] - DataField : test
[INFO ][2016-02-09 20:43:45,790][com.java.SeleniumDriver] [  907] - DataValue : Concept#1:1-16
[INFO ][2016-02-09 20:43:45,790][com.java.SeleniumDriver] [  913] - <In Set values of the page>
[INFO ][2016-02-09 20:43:45,790][com.java.SeleniumDriver] [  916] - {Data Fields & Data Values Exist}
[INFO ][2016-02-09 20:43:45,790][com.java.SeleniumDriver] [  918] - --------------------------setting values-----------------------------
[INFO ][2016-02-09 20:43:45,792][com.java.SeleniumDriver] [  921] - Action Type : ExecuteTestCase
[INFO ][2016-02-09 20:43:45,810][com.java.TestType] [  448] - The Concept sheet name is ---------- Concept
[INFO ][2016-02-09 20:43:45,810][com.java.TestType] [  451] - The Concept ID  is ---------- 1
[DEBUG][2016-02-09 20:43:45,810][com.java.TestType] [  455] - Steps being executted in the Concept are: 1:16
[INFO ][2016-02-09 20:43:45,810][com.java.TestType] [  462] - Test data details path ---------- D:\BankersDashboard\TestInputs\TestData.xls
[INFO ][2016-02-09 20:43:45,833][com.java.TestType] [  493] -  str(1) = 1
[INFO ][2016-02-09 20:43:45,834][com.java.TestType] [  496] - Test case Id is---1
[INFO ][2016-02-09 20:43:45,834][com.java.TestType] [  498] - 1
[INFO ][2016-02-09 20:43:45,834][com.java.TestType] [  493] -  str(2) = 1
[INFO ][2016-02-09 20:43:45,836][com.java.TestType] [  493] -  str(1) = 1
[INFO ][2016-02-09 20:43:45,836][com.java.TestType] [  496] - Test case Id is---1
[INFO ][2016-02-09 20:43:45,837][com.java.TestType] [  498] - 1
[INFO ][2016-02-09 20:43:45,837][com.java.TestType] [  493] -  str(2) = 2
[INFO ][2016-02-09 20:43:45,838][com.java.TestType] [  493] -  str(1) = 1
[INFO ][2016-02-09 20:43:45,838][com.java.TestType] [  496] - Test case Id is---1
[INFO ][2016-02-09 20:43:45,838][com.java.TestType] [  498] - 1
[INFO ][2016-02-09 20:43:45,838][com.java.TestType] [  493] -  str(2) = 3
[INFO ][2016-02-09 20:43:45,840][com.java.TestType] [  493] -  str(1) = 1
[INFO ][2016-02-09 20:43:45,840][com.java.TestType] [  496] - Test case Id is---1
[INFO ][2016-02-09 20:43:45,840][com.java.TestType] [  498] - 1
[INFO ][2016-02-09 20:43:45,840][com.java.TestType] [  493] -  str(2) = 4
[INFO ][2016-02-09 20:43:45,841][com.java.TestType] [  493] -  str(1) = 1
[INFO ][2016-02-09 20:43:45,841][com.java.TestType] [  496] - Test case Id is---1
[INFO ][2016-02-09 20:43:45,841][com.java.TestType] [  498] - 1
[INFO ][2016-02-09 20:43:45,842][com.java.TestType] [  493] -  str(2) = 5
[INFO ][2016-02-09 20:43:45,844][com.java.TestType] [  493] -  str(1) = 1
[INFO ][2016-02-09 20:43:45,844][com.java.TestType] [  496] - Test case Id is---1
[INFO ][2016-02-09 20:43:45,845][com.java.TestType] [  498] - 1
[INFO ][2016-02-09 20:43:45,845][com.java.TestType] [  493] -  str(2) = 6
[INFO ][2016-02-09 20:43:45,846][com.java.TestType] [  493] -  str(1) = 1
[INFO ][2016-02-09 20:43:45,846][com.java.TestType] [  496] - Test case Id is---1
[INFO ][2016-02-09 20:43:45,846][com.java.TestType] [  498] - 1
[INFO ][2016-02-09 20:43:45,846][com.java.TestType] [  493] -  str(2) = 7
[INFO ][2016-02-09 20:43:45,847][com.java.TestType] [  493] -  str(1) = 1
[INFO ][2016-02-09 20:43:45,847][com.java.TestType] [  496] - Test case Id is---1
[INFO ][2016-02-09 20:43:45,847][com.java.TestType] [  498] - 1
[INFO ][2016-02-09 20:43:45,847][com.java.TestType] [  493] -  str(2) = 8
[INFO ][2016-02-09 20:43:45,848][com.java.TestType] [  493] -  str(1) = 1
[INFO ][2016-02-09 20:43:45,848][com.java.TestType] [  496] - Test case Id is---1
[INFO ][2016-02-09 20:43:45,848][com.java.TestType] [  498] - 1
[INFO ][2016-02-09 20:43:45,848][com.java.TestType] [  493] -  str(2) = 9
[INFO ][2016-02-09 20:43:45,849][com.java.TestType] [  493] -  str(1) = 1
[INFO ][2016-02-09 20:43:45,849][com.java.TestType] [  496] - Test case Id is---1
[INFO ][2016-02-09 20:43:45,849][com.java.TestType] [  498] - 1
[INFO ][2016-02-09 20:43:45,849][com.java.TestType] [  493] -  str(2) = 10
[INFO ][2016-02-09 20:43:45,850][com.java.TestType] [  493] -  str(1) = 1
[INFO ][2016-02-09 20:43:45,850][com.java.TestType] [  496] - Test case Id is---1
[INFO ][2016-02-09 20:43:45,850][com.java.TestType] [  498] - 1
[INFO ][2016-02-09 20:43:45,850][com.java.TestType] [  493] -  str(2) = 11
[INFO ][2016-02-09 20:43:45,851][com.java.TestType] [  493] -  str(1) = 1
[INFO ][2016-02-09 20:43:45,851][com.java.TestType] [  496] - Test case Id is---1
[INFO ][2016-02-09 20:43:45,851][com.java.TestType] [  498] - 1
[INFO ][2016-02-09 20:43:45,851][com.java.TestType] [  493] -  str(2) = 12
[INFO ][2016-02-09 20:43:45,853][com.java.TestType] [  493] -  str(1) = 1
[INFO ][2016-02-09 20:43:45,853][com.java.TestType] [  496] - Test case Id is---1
[INFO ][2016-02-09 20:43:45,853][com.java.TestType] [  498] - 1
[INFO ][2016-02-09 20:43:45,853][com.java.TestType] [  493] -  str(2) = 13
[INFO ][2016-02-09 20:43:45,854][com.java.TestType] [  493] -  str(1) = 1
[INFO ][2016-02-09 20:43:45,854][com.java.TestType] [  496] - Test case Id is---1
[INFO ][2016-02-09 20:43:45,854][com.java.TestType] [  498] - 1
[INFO ][2016-02-09 20:43:45,854][com.java.TestType] [  493] -  str(2) = 14
[INFO ][2016-02-09 20:43:45,855][com.java.TestType] [  493] -  str(1) = 1
[INFO ][2016-02-09 20:43:45,855][com.java.TestType] [  496] - Test case Id is---1
[INFO ][2016-02-09 20:43:45,855][com.java.TestType] [  498] - 1
[INFO ][2016-02-09 20:43:45,855][com.java.TestType] [  493] -  str(2) = 15
[INFO ][2016-02-09 20:43:45,856][com.java.TestType] [  493] -  str(1) = 1
[INFO ][2016-02-09 20:43:45,856][com.java.TestType] [  496] - Test case Id is---1
[INFO ][2016-02-09 20:43:45,856][com.java.TestType] [  498] - 1
[INFO ][2016-02-09 20:43:45,856][com.java.TestType] [  493] -  str(2) = 16
[INFO ][2016-02-09 20:43:45,857][com.java.TestType] [12123] - Looping 1TCID = 1
[DEBUG][2016-02-09 20:43:45,857][com.java.TestType] [12164] - Concept ID:1 :: Step being Executed: 1::1
[INFO ][2016-02-09 20:43:45,857][com.java.TestType] [12202] - dataFields : TXTusername
[DEBUG][2016-02-09 20:43:45,857][com.java.TestType] [12208] - <In Set values of the page>
[DEBUG][2016-02-09 20:43:45,857][com.java.TestType] [12213] - {Data Fields & Data Values Exist}
[INFO ][2016-02-09 20:43:45,857][com.java.TestType] [12219] - --------------------------setting values-----------------------------
[INFO ][2016-02-09 20:43:45,857][com.java.TestType] [12222] - Action Type : CLEARANDENTER
[INFO ][2016-02-09 20:43:48,151][com.java.TestType] [ 6752] - value = valuelabs.ie10.15019
[INFO ][2016-02-09 20:43:50,561][com.java.TestType] [12241] -  RESULT true
[INFO ][2016-02-09 20:43:50,562][com.java.TestType] [12358] - ?   P A S S   ?
[DEBUG][2016-02-09 20:43:50,562][com.java.TestType] [12164] - Concept ID:1 :: Step being Executed: 1::2
[INFO ][2016-02-09 20:43:50,562][com.java.TestType] [12202] - dataFields : TXTpassword
[DEBUG][2016-02-09 20:43:50,562][com.java.TestType] [12208] - <In Set values of the page>
[DEBUG][2016-02-09 20:43:50,562][com.java.TestType] [12213] - {Data Fields & Data Values Exist}
[INFO ][2016-02-09 20:43:50,562][com.java.TestType] [12219] - --------------------------setting values-----------------------------
[INFO ][2016-02-09 20:43:50,562][com.java.TestType] [12222] - Action Type : CLEARANDENTER
[INFO ][2016-02-09 20:43:52,832][com.java.TestType] [ 6752] - value = Password1*
[INFO ][2016-02-09 20:43:55,341][com.java.TestType] [12241] -  RESULT true
[INFO ][2016-02-09 20:43:55,341][com.java.TestType] [12358] - ?   P A S S   ?
[DEBUG][2016-02-09 20:43:55,341][com.java.TestType] [12164] - Concept ID:1 :: Step being Executed: 1::3
[ERROR][2016-02-09 20:43:55,341][com.java.TestType] [12197] - Exception: null
[INFO ][2016-02-09 20:43:55,342][com.java.TestType] [12202] - dataFields : XPH//button[@type='submit']
[DEBUG][2016-02-09 20:43:55,342][com.java.TestType] [12208] - <In Set values of the page>
[DEBUG][2016-02-09 20:43:55,342][com.java.TestType] [12213] - {Data Fields & Data Values Exist}
[INFO ][2016-02-09 20:43:55,342][com.java.TestType] [12219] - --------------------------setting values-----------------------------
[INFO ][2016-02-09 20:43:55,342][com.java.TestType] [12222] - Action Type : Click
[INFO ][2016-02-09 20:43:55,342][com.java.TestType] [ 7153] - Field ::XPH//button[@type='submit']
[INFO ][2016-02-09 20:43:55,342][com.java.TestType] [ 6752] - value = 
[INFO ][2016-02-09 20:43:56,342][com.java.TestType] [ 7330] - BEFORE CLICK
[INFO ][2016-02-09 20:43:59,829][com.java.TestType] [ 7338] - Unable to click the object Login
[INFO ][2016-02-09 20:43:59,829][com.java.TestType] [12241] -  RESULT true
[INFO ][2016-02-09 20:43:59,829][com.java.TestType] [12358] - ?   P A S S   ?
[DEBUG][2016-02-09 20:43:59,829][com.java.TestType] [12164] - Concept ID:1 :: Step being Executed: 1::4
[INFO ][2016-02-09 20:43:59,829][com.java.TestType] [12202] - dataFields : LNKLogout
[DEBUG][2016-02-09 20:43:59,829][com.java.TestType] [12208] - <In Set values of the page>
[DEBUG][2016-02-09 20:43:59,829][com.java.TestType] [12213] - {Data Fields & Data Values Exist}
[INFO ][2016-02-09 20:43:59,829][com.java.TestType] [12219] - --------------------------setting values-----------------------------
[INFO ][2016-02-09 20:43:59,829][com.java.TestType] [12222] - Action Type : WaitForElement
[INFO ][2016-02-09 20:43:59,956][com.java.TestType] [12241] -  RESULT true
[INFO ][2016-02-09 20:43:59,956][com.java.TestType] [12358] - ?   P A S S   ?
[DEBUG][2016-02-09 20:43:59,956][com.java.TestType] [12164] - Concept ID:1 :: Step being Executed: 1::15
[INFO ][2016-02-09 20:43:59,956][com.java.TestType] [12202] - dataFields : LNK
[DEBUG][2016-02-09 20:43:59,956][com.java.TestType] [12208] - <In Set values of the page>
[DEBUG][2016-02-09 20:43:59,956][com.java.TestType] [12213] - {Data Fields & Data Values Exist}
[INFO ][2016-02-09 20:43:59,956][com.java.TestType] [12219] - --------------------------setting values-----------------------------
[INFO ][2016-02-09 20:43:59,957][com.java.TestType] [12222] - Action Type : Verify
[INFO ][2016-02-09 20:43:59,957][com.java.TestType] [ 8386] - field= LNK value= Logout
[INFO ][2016-02-09 20:43:59,958][com.java.TestType] [ 6752] - value = Logout
[INFO ][2016-02-09 20:43:59,994][com.java.TestType] [12241] -  RESULT true
[INFO ][2016-02-09 20:43:59,994][com.java.TestType] [12358] - ?   P A S S   ?
[DEBUG][2016-02-09 20:43:59,995][com.java.TestType] [12164] - Concept ID:1 :: Step being Executed: 1::16
[INFO ][2016-02-09 20:43:59,995][com.java.TestType] [12202] - dataFields : BTN
[DEBUG][2016-02-09 20:43:59,995][com.java.TestType] [12208] - <In Set values of the page>
[DEBUG][2016-02-09 20:43:59,995][com.java.TestType] [12213] - {Data Fields & Data Values Exist}
[INFO ][2016-02-09 20:43:59,995][com.java.TestType] [12219] - --------------------------setting values-----------------------------
[INFO ][2016-02-09 20:43:59,995][com.java.TestType] [12222] - Action Type : Verify
[INFO ][2016-02-09 20:43:59,995][com.java.TestType] [ 8386] - field= BTN value= //img[contains(@src,'bdlogo.jpg')]
[INFO ][2016-02-09 20:43:59,995][com.java.TestType] [ 6752] - value = //img[contains(@src,'bdlogo.jpg')]
[INFO ][2016-02-09 20:44:00,069][com.java.TestType] [12241] -  RESULT true
[INFO ][2016-02-09 20:44:00,069][com.java.TestType] [12358] - ?   P A S S   ?
[INFO ][2016-02-09 20:44:00,069][com.java.TestType] [12429] - Looping End......
[INFO ][2016-02-09 20:44:00,072][com.java.SeleniumDriver] [  930] -  RESULT true
[INFO ][2016-02-09 20:44:00,072][com.java.SeleniumDriver] [ 1136] - ?   P A S S   ?
[INFO ][2016-02-09 20:44:00,072][com.java.SeleniumDriver] [  856] - ------------------------------------------
[INFO ][2016-02-09 20:44:00,072][com.java.SeleniumDriver] [  857] - Test case being Executed: 1
[INFO ][2016-02-09 20:44:00,072][com.java.SeleniumDriver] [  869] - Test step:2
[INFO ][2016-02-09 20:44:00,072][com.java.SeleniumDriver] [  881] - Datavalue is----------Concept#2:1-2
[INFO ][2016-02-09 20:44:00,072][com.java.SeleniumDriver] [  905] - DataField : test
[INFO ][2016-02-09 20:44:00,073][com.java.SeleniumDriver] [  907] - DataValue : Concept#2:1-2
[INFO ][2016-02-09 20:44:00,073][com.java.SeleniumDriver] [  913] - <In Set values of the page>
[INFO ][2016-02-09 20:44:00,073][com.java.SeleniumDriver] [  916] - {Data Fields & Data Values Exist}
[INFO ][2016-02-09 20:44:00,073][com.java.SeleniumDriver] [  918] - --------------------------setting values-----------------------------
[INFO ][2016-02-09 20:44:00,073][com.java.SeleniumDriver] [  921] - Action Type : ExecuteTestCase
[INFO ][2016-02-09 20:44:00,073][com.java.TestType] [  448] - The Concept sheet name is ---------- Concept
[INFO ][2016-02-09 20:44:00,073][com.java.TestType] [  451] - The Concept ID  is ---------- 2
[DEBUG][2016-02-09 20:44:00,073][com.java.TestType] [  455] - Steps being executted in the Concept are: 1:2
[INFO ][2016-02-09 20:44:00,074][com.java.TestType] [  462] - Test data details path ---------- D:\BankersDashboard\TestInputs\TestData.xls
[INFO ][2016-02-09 20:44:00,090][com.java.TestType] [  493] -  str(1) = 2
[INFO ][2016-02-09 20:44:00,091][com.java.TestType] [  496] - Test case Id is---2
[INFO ][2016-02-09 20:44:00,091][com.java.TestType] [  498] - 2
[INFO ][2016-02-09 20:44:00,091][com.java.TestType] [  493] -  str(2) = 1
[INFO ][2016-02-09 20:44:00,092][com.java.TestType] [  493] -  str(1) = 2
[INFO ][2016-02-09 20:44:00,093][com.java.TestType] [  496] - Test case Id is---2
[INFO ][2016-02-09 20:44:00,093][com.java.TestType] [  498] - 2
[INFO ][2016-02-09 20:44:00,093][com.java.TestType] [  493] -  str(2) = 2
[INFO ][2016-02-09 20:44:00,093][com.java.TestType] [  493] -  str(1) = 2
[INFO ][2016-02-09 20:44:00,093][com.java.TestType] [  496] - Test case Id is---2
[INFO ][2016-02-09 20:44:00,094][com.java.TestType] [  498] - 2
[INFO ][2016-02-09 20:44:00,094][com.java.TestType] [  493] -  str(2) = 3
[INFO ][2016-02-09 20:44:00,095][com.java.TestType] [12123] - Looping 1TCID = 2
[DEBUG][2016-02-09 20:44:00,095][com.java.TestType] [12164] - Concept ID:2 :: Step being Executed: 2::1
[INFO ][2016-02-09 20:44:00,095][com.java.TestType] [12202] - dataFields : BNK//select[@id='bank']
[DEBUG][2016-02-09 20:44:00,095][com.java.TestType] [12208] - <In Set values of the page>
[DEBUG][2016-02-09 20:44:00,095][com.java.TestType] [12213] - {Data Fields & Data Values Exist}
[INFO ][2016-02-09 20:44:00,095][com.java.TestType] [12219] - --------------------------setting values-----------------------------
[INFO ][2016-02-09 20:44:00,095][com.java.TestType] [12222] - Action Type : Select
[INFO ][2016-02-09 20:44:00,096][com.java.TestType] [ 6752] - value = PFC
[INFO ][2016-02-09 20:44:00,299][com.java.TestType] [12241] -  RESULT true
[INFO ][2016-02-09 20:44:00,299][com.java.TestType] [12358] - ?   P A S S   ?
[DEBUG][2016-02-09 20:44:00,299][com.java.TestType] [12164] - Concept ID:2 :: Step being Executed: 2::2
[INFO ][2016-02-09 20:44:00,299][com.java.TestType] [12202] - dataFields : LNKLogout
[DEBUG][2016-02-09 20:44:00,299][com.java.TestType] [12208] - <In Set values of the page>
[DEBUG][2016-02-09 20:44:00,299][com.java.TestType] [12213] - {Data Fields & Data Values Exist}
[INFO ][2016-02-09 20:44:00,299][com.java.TestType] [12219] - --------------------------setting values-----------------------------
[INFO ][2016-02-09 20:44:00,300][com.java.TestType] [12222] - Action Type : WaitTime
[DEBUG][2016-02-09 20:44:00,300][com.java.TestType] [ 6561] - sleepTime: 5000
[INFO ][2016-02-09 20:44:05,300][com.java.TestType] [12241] -  RESULT true
[INFO ][2016-02-09 20:44:05,300][com.java.TestType] [12358] - ?   P A S S   ?
[INFO ][2016-02-09 20:44:05,300][com.java.TestType] [12429] - Looping End......
[INFO ][2016-02-09 20:44:05,301][com.java.SeleniumDriver] [  930] -  RESULT true
[INFO ][2016-02-09 20:44:05,301][com.java.SeleniumDriver] [ 1136] - ?   P A S S   ?
[INFO ][2016-02-09 20:44:05,301][com.java.SeleniumDriver] [  856] - ------------------------------------------
[INFO ][2016-02-09 20:44:05,302][com.java.SeleniumDriver] [  857] - Test case being Executed: 1
[INFO ][2016-02-09 20:44:05,302][com.java.SeleniumDriver] [  869] - Test step:3
[INFO ][2016-02-09 20:44:05,302][com.java.SeleniumDriver] [  881] - Datavalue is----------2
[INFO ][2016-02-09 20:44:05,302][com.java.SeleniumDriver] [  905] - DataField : XPH//button[contains(text(),'Add Content')]
[INFO ][2016-02-09 20:44:05,302][com.java.SeleniumDriver] [  907] - DataValue : 2
[INFO ][2016-02-09 20:44:05,302][com.java.SeleniumDriver] [  913] - <In Set values of the page>
[INFO ][2016-02-09 20:44:05,302][com.java.SeleniumDriver] [  916] - {Data Fields & Data Values Exist}
[INFO ][2016-02-09 20:44:05,302][com.java.SeleniumDriver] [  918] - --------------------------setting values-----------------------------
[INFO ][2016-02-09 20:44:05,302][com.java.SeleniumDriver] [  921] - Action Type : WAITFORELEMENT
[INFO ][2016-02-09 20:44:05,340][com.java.SeleniumDriver] [  930] -  RESULT true
[INFO ][2016-02-09 20:44:05,340][com.java.SeleniumDriver] [ 1136] - ?   P A S S   ?
[DEBUG][2016-02-09 20:44:05,340][com.java.SeleniumDriver] [ 1248] - Case found
[DEBUG][2016-02-09 20:44:05,340][com.java.SeleniumDriver] [ 1253] - Incrementing ReportCounters[0]:1
[INFO ][2016-02-09 20:44:05,340][com.java.SeleniumDriver] [ 1272] - The results are-------------------[1, 1, Valid Login, Pass, , Tue Feb 09 20:44:00 IST 2016, 1, 2, Valid Login, Pass, , Tue Feb 09 20:44:05 IST 2016, 1, 3, Valid Login, Pass, , Tue Feb 09 20:44:05 IST 2016]
[INFO ][2016-02-09 20:44:05,340][com.java.SeleniumDriver] [ 1276] - End time is-------34 sec
[INFO ][2016-02-09 20:44:05,340][com.java.SeleniumDriver] [ 1277] - The results are-------------------[1, 1, Valid Login, Pass, , Tue Feb 09 20:44:00 IST 2016, 1, 2, Valid Login, Pass, , Tue Feb 09 20:44:05 IST 2016, 1, 3, Valid Login, Pass, , Tue Feb 09 20:44:05 IST 2016]
[DEBUG][2016-02-09 20:44:05,340][com.java.ImportnExport.ExportTestResultsExcel] [  222] - testResultPath = D:\BankersDashboard/TestReports/Test Results_BankersDashBoard_020916_204333_IE10_First Bank.xls
[DEBUG][2016-02-09 20:44:05,340][com.java.ImportnExport.ExportTestResultsExcel] [  223] - browser is------------IE10
[DEBUG][2016-02-09 20:44:05,467][com.java.ImportnExport.ExportTestResultsExcel] [  270] - result.size() = 18
[DEBUG][2016-02-09 20:44:05,467][com.java.ImportnExport.ExportTestResultsExcel] [  274] - No of rows in sheet=1
[DEBUG][2016-02-09 20:44:05,468][com.java.ImportnExport.ExportTestResultsExcel] [  301] - ..in export..1
[DEBUG][2016-02-09 20:44:05,468][com.java.ImportnExport.ExportTestResultsExcel] [  301] - ..in export..Valid Login
[DEBUG][2016-02-09 20:44:05,468][com.java.ImportnExport.ExportTestResultsExcel] [  301] - ..in export..Pass
[DEBUG][2016-02-09 20:44:05,468][com.java.ImportnExport.ExportTestResultsExcel] [  301] - ..in export..
[DEBUG][2016-02-09 20:44:05,468][com.java.ImportnExport.ExportTestResultsExcel] [  301] - ..in export..Tue Feb 09 20:44:00 IST 2016
[INFO ][2016-02-09 20:44:05,470][com.java.SeleniumDriver] [ 1337] - out loop:0 size:2 TestCases:[1, 8] testcases:[1, 8]
[INFO ][2016-02-09 20:44:05,470][com.java.ImportnExport.ImportTestDataDetailsExcel] [   49] - test data details path===== D:\BankersDashboard\TestInputs\TestData.xls
[INFO ][2016-02-09 20:44:27,047][com.java.SeleniumDriver] [  856] - ------------------------------------------
[INFO ][2016-02-09 20:44:27,047][com.java.SeleniumDriver] [  857] - Test case being Executed: 8
[INFO ][2016-02-09 20:44:27,047][com.java.SeleniumDriver] [  869] - Test step:1
[INFO ][2016-02-09 20:44:27,047][com.java.SeleniumDriver] [  881] - Datavalue is----------Logout
[INFO ][2016-02-09 20:44:27,047][com.java.SeleniumDriver] [  905] - DataField : BTN
[INFO ][2016-02-09 20:44:27,047][com.java.SeleniumDriver] [  907] - DataValue : Logout
[INFO ][2016-02-09 20:44:27,047][com.java.SeleniumDriver] [  913] - <In Set values of the page>
[INFO ][2016-02-09 20:44:27,047][com.java.SeleniumDriver] [  916] - {Data Fields & Data Values Exist}
[INFO ][2016-02-09 20:44:27,047][com.java.SeleniumDriver] [  918] - --------------------------setting values-----------------------------
[INFO ][2016-02-09 20:44:27,047][com.java.SeleniumDriver] [  921] - Action Type : Verify
[INFO ][2016-02-09 20:44:27,047][com.java.TestType] [ 8386] - field= BTN value= Logout
[INFO ][2016-02-09 20:44:27,047][com.java.TestType] [ 6752] - value = Logout
[INFO ][2016-02-09 20:44:27,119][com.java.SeleniumDriver] [  930] -  RESULT true
[INFO ][2016-02-09 20:44:27,119][com.java.SeleniumDriver] [ 1136] - ?   P A S S   ?
[INFO ][2016-02-09 20:44:27,119][com.java.SeleniumDriver] [ 1178] - step change to 3
[INFO ][2016-02-09 20:44:27,119][com.java.SeleniumDriver] [  856] - ------------------------------------------
[INFO ][2016-02-09 20:44:27,119][com.java.SeleniumDriver] [  857] - Test case being Executed: 8
[INFO ][2016-02-09 20:44:27,119][com.java.SeleniumDriver] [  869] - Test step:3
[INFO ][2016-02-09 20:44:27,119][com.java.SeleniumDriver] [  881] - Datavalue is----------Concept#2:1-3
[INFO ][2016-02-09 20:44:27,119][com.java.SeleniumDriver] [  905] - DataField : test
[INFO ][2016-02-09 20:44:27,120][com.java.SeleniumDriver] [  907] - DataValue : Concept#2:1-3
[INFO ][2016-02-09 20:44:27,120][com.java.SeleniumDriver] [  913] - <In Set values of the page>
[INFO ][2016-02-09 20:44:27,120][com.java.SeleniumDriver] [  916] - {Data Fields & Data Values Exist}
[INFO ][2016-02-09 20:44:27,120][com.java.SeleniumDriver] [  918] - --------------------------setting values-----------------------------
[INFO ][2016-02-09 20:44:27,120][com.java.SeleniumDriver] [  921] - Action Type : ExecuteTestCase
[INFO ][2016-02-09 20:44:27,120][com.java.TestType] [  448] - The Concept sheet name is ---------- Concept
[INFO ][2016-02-09 20:44:27,120][com.java.TestType] [  451] - The Concept ID  is ---------- 2
[DEBUG][2016-02-09 20:44:27,120][com.java.TestType] [  455] - Steps being executted in the Concept are: 1:3
[INFO ][2016-02-09 20:44:27,120][com.java.TestType] [  462] - Test data details path ---------- D:\BankersDashboard\TestInputs\TestData.xls
[INFO ][2016-02-09 20:44:27,137][com.java.TestType] [  493] -  str(1) = 2
[INFO ][2016-02-09 20:44:27,137][com.java.TestType] [  496] - Test case Id is---2
[INFO ][2016-02-09 20:44:27,137][com.java.TestType] [  498] - 2
[INFO ][2016-02-09 20:44:27,137][com.java.TestType] [  493] -  str(2) = 1
[INFO ][2016-02-09 20:44:27,138][com.java.TestType] [  493] -  str(1) = 2
[INFO ][2016-02-09 20:44:27,139][com.java.TestType] [  496] - Test case Id is---2
[INFO ][2016-02-09 20:44:27,139][com.java.TestType] [  498] - 2
[INFO ][2016-02-09 20:44:27,139][com.java.TestType] [  493] -  str(2) = 2
[INFO ][2016-02-09 20:44:27,139][com.java.TestType] [  493] -  str(1) = 2
[INFO ][2016-02-09 20:44:27,139][com.java.TestType] [  496] - Test case Id is---2
[INFO ][2016-02-09 20:44:27,139][com.java.TestType] [  498] - 2
[INFO ][2016-02-09 20:44:27,139][com.java.TestType] [  493] -  str(2) = 3
[INFO ][2016-02-09 20:44:27,141][com.java.TestType] [12123] - Looping 1TCID = 2
[DEBUG][2016-02-09 20:44:27,141][com.java.TestType] [12164] - Concept ID:2 :: Step being Executed: 2::1
[INFO ][2016-02-09 20:44:27,141][com.java.TestType] [12202] - dataFields : BNK//select[@id='bank']
[DEBUG][2016-02-09 20:44:27,141][com.java.TestType] [12208] - <In Set values of the page>
[DEBUG][2016-02-09 20:44:27,141][com.java.TestType] [12213] - {Data Fields & Data Values Exist}
[INFO ][2016-02-09 20:44:27,141][com.java.TestType] [12219] - --------------------------setting values-----------------------------
[INFO ][2016-02-09 20:44:27,141][com.java.TestType] [12222] - Action Type : Select
[INFO ][2016-02-09 20:44:27,142][com.java.TestType] [ 6752] - value = PFC
[INFO ][2016-02-09 20:44:27,373][com.java.TestType] [12241] -  RESULT true
[INFO ][2016-02-09 20:44:27,373][com.java.TestType] [12358] - ?   P A S S   ?
[DEBUG][2016-02-09 20:44:27,373][com.java.TestType] [12164] - Concept ID:2 :: Step being Executed: 2::2
[INFO ][2016-02-09 20:44:27,373][com.java.TestType] [12202] - dataFields : LNKLogout
[DEBUG][2016-02-09 20:44:27,373][com.java.TestType] [12208] - <In Set values of the page>
[DEBUG][2016-02-09 20:44:27,373][com.java.TestType] [12213] - {Data Fields & Data Values Exist}
[INFO ][2016-02-09 20:44:27,373][com.java.TestType] [12219] - --------------------------setting values-----------------------------
[INFO ][2016-02-09 20:44:27,374][com.java.TestType] [12222] - Action Type : WaitTime
[DEBUG][2016-02-09 20:44:27,374][com.java.TestType] [ 6561] - sleepTime: 5000
[INFO ][2016-02-09 20:44:32,375][com.java.TestType] [12241] -  RESULT true
[INFO ][2016-02-09 20:44:32,375][com.java.TestType] [12358] - ?   P A S S   ?
[DEBUG][2016-02-09 20:44:32,375][com.java.TestType] [12164] - Concept ID:2 :: Step being Executed: 2::3
[INFO ][2016-02-09 20:44:32,375][com.java.TestType] [12202] - dataFields : LNKLogout
[DEBUG][2016-02-09 20:44:32,375][com.java.TestType] [12208] - <In Set values of the page>
[DEBUG][2016-02-09 20:44:32,375][com.java.TestType] [12213] - {Data Fields & Data Values Exist}
[INFO ][2016-02-09 20:44:32,375][com.java.TestType] [12219] - --------------------------setting values-----------------------------
[INFO ][2016-02-09 20:44:32,375][com.java.TestType] [12222] - Action Type : WaitForElement
[INFO ][2016-02-09 20:44:32,412][com.java.TestType] [12241] -  RESULT true
[INFO ][2016-02-09 20:44:32,412][com.java.TestType] [12358] - ?   P A S S   ?
[INFO ][2016-02-09 20:44:32,412][com.java.TestType] [12429] - Looping End......
[INFO ][2016-02-09 20:44:32,414][com.java.SeleniumDriver] [  930] -  RESULT true
[INFO ][2016-02-09 20:44:32,414][com.java.SeleniumDriver] [ 1136] - ?   P A S S   ?
[INFO ][2016-02-09 20:44:32,414][com.java.SeleniumDriver] [  856] - ------------------------------------------
[INFO ][2016-02-09 20:44:32,414][com.java.SeleniumDriver] [  857] - Test case being Executed: 8
[INFO ][2016-02-09 20:44:32,414][com.java.SeleniumDriver] [  869] - Test step:4
[INFO ][2016-02-09 20:44:32,414][com.java.SeleniumDriver] [  881] - Datavalue is----------null
[DEBUG][2016-02-09 20:44:32,414][com.java.SeleniumDriver] [  899] - Exception: null
[INFO ][2016-02-09 20:44:32,414][com.java.SeleniumDriver] [  905] - DataField : //span[@class="icon-cog2"]&&//a[text()='Customize']&&//a[@data-id="TabletAlerts"]
[INFO ][2016-02-09 20:44:32,414][com.java.SeleniumDriver] [  907] - DataValue : 
[INFO ][2016-02-09 20:44:32,414][com.java.SeleniumDriver] [  913] - <In Set values of the page>
[INFO ][2016-02-09 20:44:32,415][com.java.SeleniumDriver] [  916] - {Data Fields & Data Values Exist}
[INFO ][2016-02-09 20:44:32,415][com.java.SeleniumDriver] [  918] - --------------------------setting values-----------------------------
[INFO ][2016-02-09 20:44:32,415][com.java.SeleniumDriver] [  921] - Action Type : MOUSEOVER
[INFO ][2016-02-09 20:45:17,241][com.java.SeleniumDriver] [  930] -  RESULT true
[INFO ][2016-02-09 20:45:17,243][com.java.SeleniumDriver] [ 1136] - ?   P A S S   ?
[INFO ][2016-02-09 20:45:17,243][com.java.SeleniumDriver] [  856] - ------------------------------------------
[INFO ][2016-02-09 20:45:17,243][com.java.SeleniumDriver] [  857] - Test case being Executed: 8
[INFO ][2016-02-09 20:45:17,243][com.java.SeleniumDriver] [  869] - Test step:5
[INFO ][2016-02-09 20:45:17,243][com.java.SeleniumDriver] [  881] - Datavalue is----------My Alerts
[INFO ][2016-02-09 20:45:17,244][com.java.SeleniumDriver] [  905] - DataField : XPH//span[@class='ui-dialog-title']
[INFO ][2016-02-09 20:45:17,244][com.java.SeleniumDriver] [  907] - DataValue : My Alerts
[INFO ][2016-02-09 20:45:17,244][com.java.SeleniumDriver] [  913] - <In Set values of the page>
[INFO ][2016-02-09 20:45:17,244][com.java.SeleniumDriver] [  916] - {Data Fields & Data Values Exist}
[INFO ][2016-02-09 20:45:17,244][com.java.SeleniumDriver] [  918] - --------------------------setting values-----------------------------
[INFO ][2016-02-09 20:45:17,244][com.java.SeleniumDriver] [  921] - Action Type : verify
[INFO ][2016-02-09 20:45:17,244][com.java.TestType] [ 8386] - field= XPH//span[@class='ui-dialog-title'] value= My Alerts
[INFO ][2016-02-09 20:45:17,244][com.java.TestType] [ 6752] - value = My Alerts
[INFO ][2016-02-09 20:45:17,410][com.java.SeleniumDriver] [  930] -  RESULT true
[INFO ][2016-02-09 20:45:17,410][com.java.SeleniumDriver] [ 1136] - ?   P A S S   ?
[INFO ][2016-02-09 20:45:17,410][com.java.SeleniumDriver] [  856] - ------------------------------------------
[INFO ][2016-02-09 20:45:17,410][com.java.SeleniumDriver] [  857] - Test case being Executed: 8
[INFO ][2016-02-09 20:45:17,410][com.java.SeleniumDriver] [  869] - Test step:6
[INFO ][2016-02-09 20:45:17,410][com.java.SeleniumDriver] [  881] - Datavalue is----------null
[DEBUG][2016-02-09 20:45:17,410][com.java.SeleniumDriver] [  899] - Exception: null
[INFO ][2016-02-09 20:45:17,411][com.java.SeleniumDriver] [  905] - DataField : BTNframeDialogContent
[INFO ][2016-02-09 20:45:17,411][com.java.SeleniumDriver] [  907] - DataValue : 
[INFO ][2016-02-09 20:45:17,411][com.java.SeleniumDriver] [  913] - <In Set values of the page>
[INFO ][2016-02-09 20:45:17,411][com.java.SeleniumDriver] [  916] - {Data Fields & Data Values Exist}
[INFO ][2016-02-09 20:45:17,411][com.java.SeleniumDriver] [  918] - --------------------------setting values-----------------------------
[INFO ][2016-02-09 20:45:17,411][com.java.SeleniumDriver] [  921] - Action Type : SELECTFRAME
[INFO ][2016-02-09 20:45:18,779][com.java.SeleniumDriver] [  930] -  RESULT true
[INFO ][2016-02-09 20:45:18,780][com.java.SeleniumDriver] [ 1136] - ?   P A S S   ?
[INFO ][2016-02-09 20:45:18,780][com.java.SeleniumDriver] [  856] - ------------------------------------------
[INFO ][2016-02-09 20:45:18,780][com.java.SeleniumDriver] [  857] - Test case being Executed: 8
[INFO ][2016-02-09 20:45:18,780][com.java.SeleniumDriver] [  869] - Test step:7
[INFO ][2016-02-09 20:45:18,780][com.java.SeleniumDriver] [  881] - Datavalue is----------null
[DEBUG][2016-02-09 20:45:18,780][com.java.SeleniumDriver] [  899] - Exception: null
[INFO ][2016-02-09 20:45:18,780][com.java.SeleniumDriver] [  905] - DataField : XPH//span[contains(text(),'Balance Sheet')]
[INFO ][2016-02-09 20:45:18,780][com.java.SeleniumDriver] [  907] - DataValue : 
[INFO ][2016-02-09 20:45:18,780][com.java.SeleniumDriver] [  913] - <In Set values of the page>
[INFO ][2016-02-09 20:45:18,780][com.java.SeleniumDriver] [  916] - {Data Fields & Data Values Exist}
[INFO ][2016-02-09 20:45:18,780][com.java.SeleniumDriver] [  918] - --------------------------setting values-----------------------------
[INFO ][2016-02-09 20:45:18,781][com.java.SeleniumDriver] [  921] - Action Type : CLICK
[INFO ][2016-02-09 20:45:18,781][com.java.TestType] [ 7153] - Field ::XPH//span[contains(text(),'Balance Sheet')]
[INFO ][2016-02-09 20:45:18,781][com.java.TestType] [ 6752] - value = 
[INFO ][2016-02-09 20:45:19,781][com.java.TestType] [ 7330] - BEFORE CLICK
[INFO ][2016-02-09 20:45:20,592][com.java.TestType] [ 7338] - Unable to click the object Balance Sheet
[INFO ][2016-02-09 20:45:20,592][com.java.SeleniumDriver] [  930] -  RESULT true
[INFO ][2016-02-09 20:45:20,592][com.java.SeleniumDriver] [ 1136] - ?   P A S S   ?
[INFO ][2016-02-09 20:45:20,592][com.java.SeleniumDriver] [  856] - ------------------------------------------
[INFO ][2016-02-09 20:45:20,592][com.java.SeleniumDriver] [  857] - Test case being Executed: 8
[INFO ][2016-02-09 20:45:20,592][com.java.SeleniumDriver] [  869] - Test step:8
[INFO ][2016-02-09 20:45:20,592][com.java.SeleniumDriver] [  881] - Datavalue is----------5
[INFO ][2016-02-09 20:45:20,592][com.java.SeleniumDriver] [  905] - DataField : test
[INFO ][2016-02-09 20:45:20,592][com.java.SeleniumDriver] [  907] - DataValue : 5
[INFO ][2016-02-09 20:45:20,592][com.java.SeleniumDriver] [  913] - <In Set values of the page>
[INFO ][2016-02-09 20:45:20,592][com.java.SeleniumDriver] [  916] - {Data Fields & Data Values Exist}
[INFO ][2016-02-09 20:45:20,592][com.java.SeleniumDriver] [  918] - --------------------------setting values-----------------------------
[INFO ][2016-02-09 20:45:20,592][com.java.SeleniumDriver] [  921] - Action Type : WAITTIME
[DEBUG][2016-02-09 20:45:20,593][com.java.TestType] [ 6561] - sleepTime: 5000
[INFO ][2016-02-09 20:45:25,593][com.java.SeleniumDriver] [  930] -  RESULT true
[INFO ][2016-02-09 20:45:25,593][com.java.SeleniumDriver] [ 1136] - ?   P A S S   ?
[INFO ][2016-02-09 20:45:25,593][com.java.SeleniumDriver] [  856] - ------------------------------------------
[INFO ][2016-02-09 20:45:25,593][com.java.SeleniumDriver] [  857] - Test case being Executed: 8
[INFO ][2016-02-09 20:45:25,593][com.java.SeleniumDriver] [  869] - Test step:9
[INFO ][2016-02-09 20:45:25,593][com.java.SeleniumDriver] [  881] - Datavalue is----------RMD0
[INFO ][2016-02-09 20:45:25,593][com.java.SeleniumDriver] [  905] - DataField : TXT//table[@id="BalSheetTbl"]/tbody//td[4]/input[@class="perVal"]
[INFO ][2016-02-09 20:45:25,593][com.java.SeleniumDriver] [  907] - DataValue : RMD0
[INFO ][2016-02-09 20:45:25,593][com.java.SeleniumDriver] [  913] - <In Set values of the page>
[INFO ][2016-02-09 20:45:25,593][com.java.SeleniumDriver] [  916] - {Data Fields & Data Values Exist}
[INFO ][2016-02-09 20:45:25,593][com.java.SeleniumDriver] [  918] - --------------------------setting values-----------------------------
[INFO ][2016-02-09 20:45:25,593][com.java.SeleniumDriver] [  921] - Action Type : CLEARANDENTER
[INFO ][2016-02-09 20:45:25,723][com.java.TestType] [ 6752] - value = 06
[INFO ][2016-02-09 20:45:25,857][com.java.SeleniumDriver] [  930] -  RESULT true
[INFO ][2016-02-09 20:45:25,857][com.java.SeleniumDriver] [ 1136] - ?   P A S S   ?
[INFO ][2016-02-09 20:45:25,857][com.java.SeleniumDriver] [  856] - ------------------------------------------
[INFO ][2016-02-09 20:45:25,857][com.java.SeleniumDriver] [  857] - Test case being Executed: 8
[INFO ][2016-02-09 20:45:25,857][com.java.SeleniumDriver] [  869] - Test step:10
[INFO ][2016-02-09 20:45:25,857][com.java.SeleniumDriver] [  881] - Datavalue is----------null
[DEBUG][2016-02-09 20:45:25,858][com.java.SeleniumDriver] [  899] - Exception: null
[INFO ][2016-02-09 20:45:25,858][com.java.SeleniumDriver] [  905] - DataField : BTNparent
[INFO ][2016-02-09 20:45:25,858][com.java.SeleniumDriver] [  907] - DataValue : 
[INFO ][2016-02-09 20:45:25,858][com.java.SeleniumDriver] [  913] - <In Set values of the page>
[INFO ][2016-02-09 20:45:25,858][com.java.SeleniumDriver] [  916] - {Data Fields & Data Values Exist}
[INFO ][2016-02-09 20:45:25,858][com.java.SeleniumDriver] [  918] - --------------------------setting values-----------------------------
[INFO ][2016-02-09 20:45:25,858][com.java.SeleniumDriver] [  921] - Action Type : SELECTFRAME
[INFO ][2016-02-09 20:45:25,873][com.java.SeleniumDriver] [  930] -  RESULT true
[INFO ][2016-02-09 20:45:25,873][com.java.SeleniumDriver] [ 1136] - ?   P A S S   ?
[INFO ][2016-02-09 20:45:25,873][com.java.SeleniumDriver] [  856] - ------------------------------------------
[INFO ][2016-02-09 20:45:25,873][com.java.SeleniumDriver] [  857] - Test case being Executed: 8
[INFO ][2016-02-09 20:45:25,873][com.java.SeleniumDriver] [  869] - Test step:11
[INFO ][2016-02-09 20:45:25,873][com.java.SeleniumDriver] [  881] - Datavalue is----------null
[DEBUG][2016-02-09 20:45:25,873][com.java.SeleniumDriver] [  899] - Exception: null
[INFO ][2016-02-09 20:45:25,873][com.java.SeleniumDriver] [  905] - DataField : HDN//span[contains(text(),'Save')]
[INFO ][2016-02-09 20:45:25,873][com.java.SeleniumDriver] [  907] - DataValue : 
[INFO ][2016-02-09 20:45:25,873][com.java.SeleniumDriver] [  913] - <In Set values of the page>
[INFO ][2016-02-09 20:45:25,874][com.java.SeleniumDriver] [  916] - {Data Fields & Data Values Exist}
[INFO ][2016-02-09 20:45:25,874][com.java.SeleniumDriver] [  918] - --------------------------setting values-----------------------------
[INFO ][2016-02-09 20:45:25,874][com.java.SeleniumDriver] [  921] - Action Type : CLICK
[INFO ][2016-02-09 20:45:25,874][com.java.TestType] [ 7153] - Field ::HDN//span[contains(text(),'Save')]
[INFO ][2016-02-09 20:45:25,874][com.java.TestType] [ 6752] - value = 
[INFO ][2016-02-09 20:45:27,180][com.java.SeleniumDriver] [  930] -  RESULT true
[INFO ][2016-02-09 20:45:27,180][com.java.SeleniumDriver] [ 1136] - ?   P A S S   ?
[INFO ][2016-02-09 20:45:27,180][com.java.SeleniumDriver] [  856] - ------------------------------------------
[INFO ][2016-02-09 20:45:27,180][com.java.SeleniumDriver] [  857] - Test case being Executed: 8
[INFO ][2016-02-09 20:45:27,181][com.java.SeleniumDriver] [  869] - Test step:12
[INFO ][2016-02-09 20:45:27,181][com.java.SeleniumDriver] [  881] - Datavalue is----------null
[DEBUG][2016-02-09 20:45:27,181][com.java.SeleniumDriver] [  899] - Exception: null
[INFO ][2016-02-09 20:45:27,181][com.java.SeleniumDriver] [  905] - DataField : XPH//div[@class="menu"]//span[@class='glyphicon glyphicon-bell']
[INFO ][2016-02-09 20:45:27,181][com.java.SeleniumDriver] [  907] - DataValue : 
[INFO ][2016-02-09 20:45:27,181][com.java.SeleniumDriver] [  913] - <In Set values of the page>
[INFO ][2016-02-09 20:45:27,181][com.java.SeleniumDriver] [  916] - {Data Fields & Data Values Exist}
[INFO ][2016-02-09 20:45:27,181][com.java.SeleniumDriver] [  918] - --------------------------setting values-----------------------------
[INFO ][2016-02-09 20:45:27,181][com.java.SeleniumDriver] [  921] - Action Type : CLICK
[INFO ][2016-02-09 20:45:27,181][com.java.TestType] [ 7153] - Field ::XPH//div[@class="menu"]//span[@class='glyphicon glyphicon-bell']
[INFO ][2016-02-09 20:45:27,181][com.java.TestType] [ 6752] - value = 
[INFO ][2016-02-09 20:45:28,182][com.java.TestType] [ 7330] - BEFORE CLICK
[INFO ][2016-02-09 20:45:29,469][com.java.TestType] [ 7338] - Unable to click the object Click on  bell symbol
[INFO ][2016-02-09 20:45:29,469][com.java.SeleniumDriver] [  930] -  RESULT true
[INFO ][2016-02-09 20:45:29,469][com.java.SeleniumDriver] [ 1136] - ?   P A S S   ?
[INFO ][2016-02-09 20:45:29,469][com.java.SeleniumDriver] [  856] - ------------------------------------------
[INFO ][2016-02-09 20:45:29,469][com.java.SeleniumDriver] [  857] - Test case being Executed: 8
[INFO ][2016-02-09 20:45:29,469][com.java.SeleniumDriver] [  869] - Test step:13
[INFO ][2016-02-09 20:45:29,469][com.java.SeleniumDriver] [  881] - Datavalue is----------null
[DEBUG][2016-02-09 20:45:29,469][com.java.SeleniumDriver] [  899] - Exception: null
[INFO ][2016-02-09 20:45:29,470][com.java.SeleniumDriver] [  905] - DataField : XPH//div[contains(@class,'rightMenuContainer')]//div[@class="menu-drawer"]
[INFO ][2016-02-09 20:45:29,470][com.java.SeleniumDriver] [  907] - DataValue : 
[INFO ][2016-02-09 20:45:29,470][com.java.SeleniumDriver] [  913] - <In Set values of the page>
[INFO ][2016-02-09 20:45:29,471][com.java.SeleniumDriver] [  916] - {Data Fields & Data Values Exist}
[INFO ][2016-02-09 20:45:29,471][com.java.SeleniumDriver] [  918] - --------------------------setting values-----------------------------
[INFO ][2016-02-09 20:45:29,471][com.java.SeleniumDriver] [  921] - Action Type : CLICK
[INFO ][2016-02-09 20:45:29,471][com.java.TestType] [ 7153] - Field ::XPH//div[contains(@class,'rightMenuContainer')]//div[@class="menu-drawer"]
[INFO ][2016-02-09 20:45:29,472][com.java.TestType] [ 6752] - value = 
[INFO ][2016-02-09 20:45:30,472][com.java.TestType] [ 7330] - BEFORE CLICK
[INFO ][2016-02-09 20:45:31,341][com.java.TestType] [ 7338] - Unable to click the object Click on the Today's Alert Page
[INFO ][2016-02-09 20:45:31,341][com.java.SeleniumDriver] [  930] -  RESULT true
[INFO ][2016-02-09 20:45:31,341][com.java.SeleniumDriver] [ 1136] - ?   P A S S   ?
[INFO ][2016-02-09 20:45:31,341][com.java.SeleniumDriver] [  856] - ------------------------------------------
[INFO ][2016-02-09 20:45:31,341][com.java.SeleniumDriver] [  857] - Test case being Executed: 8
[INFO ][2016-02-09 20:45:31,341][com.java.SeleniumDriver] [  869] - Test step:14
[INFO ][2016-02-09 20:45:31,341][com.java.SeleniumDriver] [  881] - Datavalue is----------//div[@class="menu-drawer"]//span
[INFO ][2016-02-09 20:45:31,341][com.java.SeleniumDriver] [  905] - DataField : BTN
[INFO ][2016-02-09 20:45:31,341][com.java.SeleniumDriver] [  907] - DataValue : //div[@class="menu-drawer"]//span
[INFO ][2016-02-09 20:45:31,341][com.java.SeleniumDriver] [  913] - <In Set values of the page>
[INFO ][2016-02-09 20:45:31,341][com.java.SeleniumDriver] [  916] - {Data Fields & Data Values Exist}
[INFO ][2016-02-09 20:45:31,341][com.java.SeleniumDriver] [  918] - --------------------------setting values-----------------------------
[INFO ][2016-02-09 20:45:31,341][com.java.SeleniumDriver] [  921] - Action Type : VERIFY
[INFO ][2016-02-09 20:45:31,342][com.java.TestType] [ 8386] - field= BTN value= //div[@class="menu-drawer"]//span
[INFO ][2016-02-09 20:45:31,342][com.java.TestType] [ 6752] - value = //div[@class="menu-drawer"]//span
[INFO ][2016-02-09 20:45:31,454][com.java.SeleniumDriver] [  930] -  RESULT true
[INFO ][2016-02-09 20:45:31,454][com.java.SeleniumDriver] [ 1136] - ?   P A S S   ?
[INFO ][2016-02-09 20:45:31,454][com.java.SeleniumDriver] [  856] - ------------------------------------------
[INFO ][2016-02-09 20:45:31,454][com.java.SeleniumDriver] [  857] - Test case being Executed: 8
[INFO ][2016-02-09 20:45:31,455][com.java.SeleniumDriver] [  869] - Test step:15
[INFO ][2016-02-09 20:45:31,455][com.java.SeleniumDriver] [  881] - Datavalue is----------//div[@id='isAlertsHeading']/h4
[INFO ][2016-02-09 20:45:31,455][com.java.SeleniumDriver] [  905] - DataField : BTN
[INFO ][2016-02-09 20:45:31,455][com.java.SeleniumDriver] [  907] - DataValue : //div[@id='isAlertsHeading']/h4
[INFO ][2016-02-09 20:45:31,455][com.java.SeleniumDriver] [  913] - <In Set values of the page>
[INFO ][2016-02-09 20:45:31,455][com.java.SeleniumDriver] [  916] - {Data Fields & Data Values Exist}
[INFO ][2016-02-09 20:45:31,456][com.java.SeleniumDriver] [  918] - --------------------------setting values-----------------------------
[INFO ][2016-02-09 20:45:31,457][com.java.SeleniumDriver] [  921] - Action Type : VERIFY
[INFO ][2016-02-09 20:45:31,457][com.java.TestType] [ 8386] - field= BTN value= //div[@id='isAlertsHeading']/h4
[INFO ][2016-02-09 20:45:31,457][com.java.TestType] [ 6752] - value = //div[@id='isAlertsHeading']/h4
[INFO ][2016-02-09 20:45:31,527][com.java.SeleniumDriver] [  930] -  RESULT true
[INFO ][2016-02-09 20:45:31,527][com.java.SeleniumDriver] [ 1136] - ?   P A S S   ?
[INFO ][2016-02-09 20:45:31,527][com.java.SeleniumDriver] [  856] - ------------------------------------------
[INFO ][2016-02-09 20:45:31,527][com.java.SeleniumDriver] [  857] - Test case being Executed: 8
[INFO ][2016-02-09 20:45:31,527][com.java.SeleniumDriver] [  869] - Test step:16
[INFO ][2016-02-09 20:45:31,527][com.java.SeleniumDriver] [  881] - Datavalue is----------null
[DEBUG][2016-02-09 20:45:31,527][com.java.SeleniumDriver] [  899] - Exception: null
[INFO ][2016-02-09 20:45:31,527][com.java.SeleniumDriver] [  905] - DataField : XPH//div[@class="panel panel-default ng-scope"]/div[@id='bsAlertsHeading']/h4
[INFO ][2016-02-09 20:45:31,528][com.java.SeleniumDriver] [  907] - DataValue : 
[INFO ][2016-02-09 20:45:31,528][com.java.SeleniumDriver] [  913] - <In Set values of the page>
[INFO ][2016-02-09 20:45:31,528][com.java.SeleniumDriver] [  916] - {Data Fields & Data Values Exist}
[INFO ][2016-02-09 20:45:31,528][com.java.SeleniumDriver] [  918] - --------------------------setting values-----------------------------
[INFO ][2016-02-09 20:45:31,528][com.java.SeleniumDriver] [  921] - Action Type : CLICK
[INFO ][2016-02-09 20:45:31,528][com.java.TestType] [ 7153] - Field ::XPH//div[@class="panel panel-default ng-scope"]/div[@id='bsAlertsHeading']/h4
[INFO ][2016-02-09 20:45:31,528][com.java.TestType] [ 6752] - value = 
[INFO ][2016-02-09 20:45:32,528][com.java.TestType] [ 7330] - BEFORE CLICK
[INFO ][2016-02-09 20:45:33,487][com.java.TestType] [ 7338] - Unable to click the object Click on Income Statement tab
[INFO ][2016-02-09 20:45:33,487][com.java.SeleniumDriver] [  930] -  RESULT true
[INFO ][2016-02-09 20:45:33,487][com.java.SeleniumDriver] [ 1136] - ?   P A S S   ?
[INFO ][2016-02-09 20:45:33,487][com.java.SeleniumDriver] [  856] - ------------------------------------------
[INFO ][2016-02-09 20:45:33,487][com.java.SeleniumDriver] [  857] - Test case being Executed: 8
[INFO ][2016-02-09 20:45:33,487][com.java.SeleniumDriver] [  869] - Test step:17
[INFO ][2016-02-09 20:45:33,487][com.java.SeleniumDriver] [  881] - Datavalue is----------5
[INFO ][2016-02-09 20:45:33,487][com.java.SeleniumDriver] [  905] - DataField : null
[INFO ][2016-02-09 20:45:33,487][com.java.SeleniumDriver] [  907] - DataValue : 5
[INFO ][2016-02-09 20:45:33,487][com.java.SeleniumDriver] [  913] - <In Set values of the page>
[INFO ][2016-02-09 20:45:33,487][com.java.SeleniumDriver] [  916] - {Data Fields & Data Values Exist}
[INFO ][2016-02-09 20:45:33,488][com.java.SeleniumDriver] [  918] - --------------------------setting values-----------------------------
[INFO ][2016-02-09 20:45:33,488][com.java.SeleniumDriver] [  921] - Action Type : WAITTIME
[DEBUG][2016-02-09 20:45:33,488][com.java.TestType] [ 6561] - sleepTime: 5000
[INFO ][2016-02-09 20:45:38,489][com.java.SeleniumDriver] [  930] -  RESULT true
[INFO ][2016-02-09 20:45:38,489][com.java.SeleniumDriver] [ 1136] - ?   P A S S   ?
[INFO ][2016-02-09 20:45:38,489][com.java.SeleniumDriver] [  856] - ------------------------------------------
[INFO ][2016-02-09 20:45:38,489][com.java.SeleniumDriver] [  857] - Test case being Executed: 8
[INFO ][2016-02-09 20:45:38,489][com.java.SeleniumDriver] [  869] - Test step:18
[INFO ][2016-02-09 20:45:38,489][com.java.SeleniumDriver] [  881] - Datavalue is----------//div[@id='bsAlertsContent']//div[@class="ng-binding"]
[INFO ][2016-02-09 20:45:38,489][com.java.SeleniumDriver] [  905] - DataField : BTN
[INFO ][2016-02-09 20:45:38,489][com.java.SeleniumDriver] [  907] - DataValue : //div[@id='bsAlertsContent']//div[@class="ng-binding"]
[INFO ][2016-02-09 20:45:38,489][com.java.SeleniumDriver] [  913] - <In Set values of the page>
[INFO ][2016-02-09 20:45:38,489][com.java.SeleniumDriver] [  916] - {Data Fields & Data Values Exist}
[INFO ][2016-02-09 20:45:38,489][com.java.SeleniumDriver] [  918] - --------------------------setting values-----------------------------
[INFO ][2016-02-09 20:45:38,489][com.java.SeleniumDriver] [  921] - Action Type : VERIFY
[INFO ][2016-02-09 20:45:38,490][com.java.TestType] [ 8386] - field= BTN value= //div[@id='bsAlertsContent']//div[@class="ng-binding"]
[INFO ][2016-02-09 20:45:38,490][com.java.TestType] [ 6752] - value = //div[@id='bsAlertsContent']//div[@class="ng-binding"]
[INFO ][2016-02-09 20:45:38,563][com.java.SeleniumDriver] [  930] -  RESULT true
[INFO ][2016-02-09 20:45:38,563][com.java.SeleniumDriver] [ 1136] - ?   P A S S   ?
[INFO ][2016-02-09 20:45:38,563][com.java.SeleniumDriver] [  856] - ------------------------------------------
[INFO ][2016-02-09 20:45:38,563][com.java.SeleniumDriver] [  857] - Test case being Executed: 8
[INFO ][2016-02-09 20:45:38,563][com.java.SeleniumDriver] [  869] - Test step:19
[INFO ][2016-02-09 20:45:38,564][com.java.SeleniumDriver] [  881] - Datavalue is----------null
[DEBUG][2016-02-09 20:45:38,564][com.java.SeleniumDriver] [  899] - Exception: null
[INFO ][2016-02-09 20:45:38,564][com.java.SeleniumDriver] [  905] - DataField : XPH//div[@class="panel panel-default ng-scope"]/div[@id='bsAlertsHeading']/h4
[INFO ][2016-02-09 20:45:38,564][com.java.SeleniumDriver] [  907] - DataValue : 
[INFO ][2016-02-09 20:45:38,564][com.java.SeleniumDriver] [  913] - <In Set values of the page>
[INFO ][2016-02-09 20:45:38,564][com.java.SeleniumDriver] [  916] - {Data Fields & Data Values Exist}
[INFO ][2016-02-09 20:45:38,564][com.java.SeleniumDriver] [  918] - --------------------------setting values-----------------------------
[INFO ][2016-02-09 20:45:38,564][com.java.SeleniumDriver] [  921] - Action Type : CLICK
[INFO ][2016-02-09 20:45:38,564][com.java.TestType] [ 7153] - Field ::XPH//div[@class="panel panel-default ng-scope"]/div[@id='bsAlertsHeading']/h4
[INFO ][2016-02-09 20:45:38,564][com.java.TestType] [ 6752] - value = 
[INFO ][2016-02-09 20:45:39,564][com.java.TestType] [ 7330] - BEFORE CLICK
[INFO ][2016-02-09 20:45:40,455][com.java.TestType] [ 7338] - Unable to click the object Click on Income Statement tab
[INFO ][2016-02-09 20:45:40,455][com.java.SeleniumDriver] [  930] -  RESULT true
[INFO ][2016-02-09 20:45:40,455][com.java.SeleniumDriver] [ 1136] - ?   P A S S   ?
[INFO ][2016-02-09 20:45:40,455][com.java.SeleniumDriver] [  856] - ------------------------------------------
[INFO ][2016-02-09 20:45:40,455][com.java.SeleniumDriver] [  857] - Test case being Executed: 8
[INFO ][2016-02-09 20:45:40,455][com.java.SeleniumDriver] [  869] - Test step:20
[INFO ][2016-02-09 20:45:40,455][com.java.SeleniumDriver] [  881] - Datavalue is----------//*[@id='bsAlertsContent']/div/div[1]/div[1]
[INFO ][2016-02-09 20:45:40,455][com.java.SeleniumDriver] [  905] - DataField : MSG
[INFO ][2016-02-09 20:45:40,455][com.java.SeleniumDriver] [  907] - DataValue : //*[@id='bsAlertsContent']/div/div[1]/div[1]
[INFO ][2016-02-09 20:45:40,455][com.java.SeleniumDriver] [  913] - <In Set values of the page>
[INFO ][2016-02-09 20:45:40,455][com.java.SeleniumDriver] [  916] - {Data Fields & Data Values Exist}
[INFO ][2016-02-09 20:45:40,455][com.java.SeleniumDriver] [  918] - --------------------------setting values-----------------------------
[INFO ][2016-02-09 20:45:40,455][com.java.SeleniumDriver] [  921] - Action Type : VERIFYNOTPRESENT
[INFO ][2016-02-09 20:45:40,456][com.java.TestType] [10207] - field= MSG value= //*[@id='bsAlertsContent']/div/div[1]/div[1]
[INFO ][2016-02-09 20:45:40,635][com.java.SeleniumDriver] [  930] -  RESULT true
[INFO ][2016-02-09 20:45:40,635][com.java.SeleniumDriver] [ 1136] - ?   P A S S   ?
[INFO ][2016-02-09 20:45:40,635][com.java.SeleniumDriver] [  856] - ------------------------------------------
[INFO ][2016-02-09 20:45:40,635][com.java.SeleniumDriver] [  857] - Test case being Executed: 8
[INFO ][2016-02-09 20:45:40,635][com.java.SeleniumDriver] [  869] - Test step:21
[INFO ][2016-02-09 20:45:40,636][com.java.SeleniumDriver] [  881] - Datavalue is----------5
[INFO ][2016-02-09 20:45:40,636][com.java.SeleniumDriver] [  905] - DataField : null
[INFO ][2016-02-09 20:45:40,636][com.java.SeleniumDriver] [  907] - DataValue : 5
[INFO ][2016-02-09 20:45:40,636][com.java.SeleniumDriver] [  913] - <In Set values of the page>
[INFO ][2016-02-09 20:45:40,636][com.java.SeleniumDriver] [  916] - {Data Fields & Data Values Exist}
[INFO ][2016-02-09 20:45:40,636][com.java.SeleniumDriver] [  918] - --------------------------setting values-----------------------------
[INFO ][2016-02-09 20:45:40,636][com.java.SeleniumDriver] [  921] - Action Type : WAITTIME
[DEBUG][2016-02-09 20:45:40,636][com.java.TestType] [ 6561] - sleepTime: 5000
[INFO ][2016-02-09 20:45:45,636][com.java.SeleniumDriver] [  930] -  RESULT true
[INFO ][2016-02-09 20:45:45,636][com.java.SeleniumDriver] [ 1136] - ?   P A S S   ?
[INFO ][2016-02-09 20:45:45,636][com.java.SeleniumDriver] [  856] - ------------------------------------------
[INFO ][2016-02-09 20:45:45,636][com.java.SeleniumDriver] [  857] - Test case being Executed: 8
[INFO ][2016-02-09 20:45:45,636][com.java.SeleniumDriver] [  869] - Test step:22
[INFO ][2016-02-09 20:45:45,636][com.java.SeleniumDriver] [  881] - Datavalue is----------null
[DEBUG][2016-02-09 20:45:45,636][com.java.SeleniumDriver] [  899] - Exception: null
[INFO ][2016-02-09 20:45:45,636][com.java.SeleniumDriver] [  905] - DataField : HDN//span[@class='glyphicon glyphicon-refresh ng-scope']
[INFO ][2016-02-09 20:45:45,636][com.java.SeleniumDriver] [  907] - DataValue : 
[INFO ][2016-02-09 20:45:45,636][com.java.SeleniumDriver] [  913] - <In Set values of the page>
[INFO ][2016-02-09 20:45:45,636][com.java.SeleniumDriver] [  916] - {Data Fields & Data Values Exist}
[INFO ][2016-02-09 20:45:45,636][com.java.SeleniumDriver] [  918] - --------------------------setting values-----------------------------
[INFO ][2016-02-09 20:45:45,636][com.java.SeleniumDriver] [  921] - Action Type : CLICK
[INFO ][2016-02-09 20:45:45,637][com.java.TestType] [ 7153] - Field ::HDN//span[@class='glyphicon glyphicon-refresh ng-scope']
[INFO ][2016-02-09 20:45:45,637][com.java.TestType] [ 6752] - value = 
[INFO ][2016-02-09 20:45:46,792][com.java.SeleniumDriver] [  930] -  RESULT true
[INFO ][2016-02-09 20:45:46,792][com.java.SeleniumDriver] [ 1136] - ?   P A S S   ?
[INFO ][2016-02-09 20:45:46,792][com.java.SeleniumDriver] [  856] - ------------------------------------------
[INFO ][2016-02-09 20:45:46,792][com.java.SeleniumDriver] [  857] - Test case being Executed: 8
[INFO ][2016-02-09 20:45:46,792][com.java.SeleniumDriver] [  869] - Test step:23
[INFO ][2016-02-09 20:45:46,792][com.java.SeleniumDriver] [  881] - Datavalue is----------15
[INFO ][2016-02-09 20:45:46,792][com.java.SeleniumDriver] [  905] - DataField : null
[INFO ][2016-02-09 20:45:46,793][com.java.SeleniumDriver] [  907] - DataValue : 15
[INFO ][2016-02-09 20:45:46,793][com.java.SeleniumDriver] [  913] - <In Set values of the page>
[INFO ][2016-02-09 20:45:46,793][com.java.SeleniumDriver] [  916] - {Data Fields & Data Values Exist}
[INFO ][2016-02-09 20:45:46,793][com.java.SeleniumDriver] [  918] - --------------------------setting values-----------------------------
[INFO ][2016-02-09 20:45:46,793][com.java.SeleniumDriver] [  921] - Action Type : WAITTIME
[DEBUG][2016-02-09 20:45:46,793][com.java.TestType] [ 6561] - sleepTime: 15000
[INFO ][2016-02-09 20:46:01,795][com.java.SeleniumDriver] [  930] -  RESULT true
[INFO ][2016-02-09 20:46:01,795][com.java.SeleniumDriver] [ 1136] - ?   P A S S   ?
[INFO ][2016-02-09 20:46:01,795][com.java.SeleniumDriver] [  856] - ------------------------------------------
[INFO ][2016-02-09 20:46:01,795][com.java.SeleniumDriver] [  857] - Test case being Executed: 8
[INFO ][2016-02-09 20:46:01,795][com.java.SeleniumDriver] [  869] - Test step:24
[INFO ][2016-02-09 20:46:01,795][com.java.SeleniumDriver] [  881] - Datavalue is----------glyphicon-play down
[INFO ][2016-02-09 20:46:01,795][com.java.SeleniumDriver] [  905] - DataField : CCM//div[@class="panel panel-default ng-scope"]/div[@id='bsAlertsHeading']/h4/span
[INFO ][2016-02-09 20:46:01,795][com.java.SeleniumDriver] [  907] - DataValue : glyphicon-play down
[INFO ][2016-02-09 20:46:01,795][com.java.SeleniumDriver] [  913] - <In Set values of the page>
[INFO ][2016-02-09 20:46:01,795][com.java.SeleniumDriver] [  916] - {Data Fields & Data Values Exist}
[INFO ][2016-02-09 20:46:01,795][com.java.SeleniumDriver] [  918] - --------------------------setting values-----------------------------
[INFO ][2016-02-09 20:46:01,795][com.java.SeleniumDriver] [  921] - Action Type : VERIFY
[INFO ][2016-02-09 20:46:01,796][com.java.TestType] [ 8386] - field= CCM//div[@class="panel panel-default ng-scope"]/div[@id='bsAlertsHeading']/h4/span value= glyphicon-play down
[INFO ][2016-02-09 20:46:01,796][com.java.TestType] [ 6752] - value = glyphicon-play down
[DEBUG][2016-02-09 20:46:01,796][com.java.TestType] [ 9727] - Exception: glyphicon-play down
[DEBUG][2016-02-09 20:46:01,796][com.java.TestType] [ 9730] - Element not replaced::glyphicon-play down
[INFO ][2016-02-09 20:46:01,796][com.java.SeleniumDriver] [  930] -  RESULT false
[INFO ][2016-02-09 20:46:01,796][com.java.SeleniumDriver] [  977] - ?   F A I L   ?
[INFO ][2016-02-09 20:46:01,797][com.java.SeleniumDriver] [  985] - Browser Type : IE10
[INFO ][2016-02-09 20:46:01,797][com.java.SeleniumDriver] [  986] - Adding Failed case8
[DEBUG][2016-02-09 20:46:02,460][com.java.SeleniumDriver] [ 1054] -  tdd.getCondition() IF:27:Next
[INFO ][2016-02-09 20:46:02,460][com.java.SeleniumDriver] [ 1058] - Continue next step...
[INFO ][2016-02-09 20:46:02,460][com.java.SeleniumDriver] [  856] - ------------------------------------------
[INFO ][2016-02-09 20:46:02,460][com.java.SeleniumDriver] [  857] - Test case being Executed: 8
[INFO ][2016-02-09 20:46:02,460][com.java.SeleniumDriver] [  869] - Test step:25
[INFO ][2016-02-09 20:46:02,460][com.java.SeleniumDriver] [  881] - Datavalue is----------2
[INFO ][2016-02-09 20:46:02,460][com.java.SeleniumDriver] [  905] - DataField : null
[INFO ][2016-02-09 20:46:02,462][com.java.SeleniumDriver] [  907] - DataValue : 2
[INFO ][2016-02-09 20:46:02,462][com.java.SeleniumDriver] [  913] - <In Set values of the page>
[INFO ][2016-02-09 20:46:02,462][com.java.SeleniumDriver] [  916] - {Data Fields & Data Values Exist}
[INFO ][2016-02-09 20:46:02,462][com.java.SeleniumDriver] [  918] - --------------------------setting values-----------------------------
[INFO ][2016-02-09 20:46:02,462][com.java.SeleniumDriver] [  921] - Action Type : WAITTIME
[DEBUG][2016-02-09 20:46:02,463][com.java.TestType] [ 6561] - sleepTime: 2000
[INFO ][2016-02-09 20:46:04,463][com.java.SeleniumDriver] [  930] -  RESULT true
[INFO ][2016-02-09 20:46:04,463][com.java.SeleniumDriver] [ 1136] - ?   P A S S   ?
[INFO ][2016-02-09 20:46:04,463][com.java.SeleniumDriver] [  856] - ------------------------------------------
[INFO ][2016-02-09 20:46:04,463][com.java.SeleniumDriver] [  857] - Test case being Executed: 8
[INFO ][2016-02-09 20:46:04,463][com.java.SeleniumDriver] [  869] - Test step:26
[INFO ][2016-02-09 20:46:04,463][com.java.SeleniumDriver] [  881] - Datavalue is----------null
[DEBUG][2016-02-09 20:46:04,463][com.java.SeleniumDriver] [  899] - Exception: null
[INFO ][2016-02-09 20:46:04,463][com.java.SeleniumDriver] [  905] - DataField : XPH//div[@class="panel panel-default ng-scope"]/div[@id='bsAlertsHeading']/h4
[INFO ][2016-02-09 20:46:04,463][com.java.SeleniumDriver] [  907] - DataValue : 
[INFO ][2016-02-09 20:46:04,463][com.java.SeleniumDriver] [  913] - <In Set values of the page>
[INFO ][2016-02-09 20:46:04,463][com.java.SeleniumDriver] [  916] - {Data Fields & Data Values Exist}
[INFO ][2016-02-09 20:46:04,463][com.java.SeleniumDriver] [  918] - --------------------------setting values-----------------------------
[INFO ][2016-02-09 20:46:04,464][com.java.SeleniumDriver] [  921] - Action Type : CLICK
[INFO ][2016-02-09 20:46:04,464][com.java.TestType] [ 7153] - Field ::XPH//div[@class="panel panel-default ng-scope"]/div[@id='bsAlertsHeading']/h4
[INFO ][2016-02-09 20:46:04,464][com.java.TestType] [ 6752] - value = 
[INFO ][2016-02-09 20:46:05,464][com.java.TestType] [ 7330] - BEFORE CLICK
[ERROR][2016-02-09 20:46:05,819][com.java.TestType] [ 7684] - Exception in click:: Element //div[@class="panel panel-default ng-scope"]/div[@id='bsAlertsHeading']/h4 not found
[INFO ][2016-02-09 20:46:05,819][com.java.TestType] [ 7688] - Element :://div[@class="panel panel-default ng-scope"]/div[@id='bsAlertsHeading']/h4:: not found
[INFO ][2016-02-09 20:46:05,819][com.java.SeleniumDriver] [  930] -  RESULT false
[INFO ][2016-02-09 20:46:05,819][com.java.SeleniumDriver] [  977] - ?   F A I L   ?
[INFO ][2016-02-09 20:46:05,820][com.java.SeleniumDriver] [  985] - Browser Type : IE10
[INFO ][2016-02-09 20:46:05,820][com.java.SeleniumDriver] [  986] - Adding Failed case8
[INFO ][2016-02-09 20:46:06,060][com.java.SeleniumDriver] [ 1100] - failedCases = 8
[ERROR][2016-02-09 20:46:06,060][com.java.SeleniumDriver] [ 1599] - Platform Errors : Our apologies...::We have encountered an issue with your request.::Our apologies?:We encountered an issue with your request.
[INFO ][2016-02-09 20:46:06,060][com.java.SeleniumDriver] [ 1603] - Length =3
[ERROR][2016-02-09 20:46:06,060][com.java.SeleniumDriver] [ 1606] - Error 0 = Our apologies...
[ERROR][2016-02-09 20:46:06,120][com.java.SeleniumDriver] [ 1606] - Error 1 = We have encountered an issue with your request.
[ERROR][2016-02-09 20:46:06,182][com.java.SeleniumDriver] [ 1606] - Error 2 = Our apologies?:We encountered an issue with your request.
[INFO ][2016-02-09 20:46:06,242][com.java.SeleniumDriver] [ 1617] - strError:
[DEBUG][2016-02-09 20:46:06,257][com.java.SeleniumDriver] [ 1248] - Case found
[DEBUG][2016-02-09 20:46:06,257][com.java.SeleniumDriver] [ 1253] - Incrementing ReportCounters[0]:2
[INFO ][2016-02-09 20:46:06,257][com.java.SeleniumDriver] [ 1272] - The results are-------------------[8, 26, Right Hand Menu: BS Alerts-BS Alerts data correctness, Fail, 
Test case failed at Step No. :: 26   Error Message ::  Element :://div[@class="panel panel-default ng-scope"]/div[@id='bsAlertsHeading']/h4:: not found. Screen Shot : D:\BankersDashboard\TestReports\020916\8_020916_204605_IE10.png, Tue Feb 09 20:46:06 IST 2016]
[INFO ][2016-02-09 20:46:06,257][com.java.SeleniumDriver] [ 1276] - End time is-------2 min 35 sec
[INFO ][2016-02-09 20:46:06,257][com.java.SeleniumDriver] [ 1277] - The results are-------------------[8, 26, Right Hand Menu: BS Alerts-BS Alerts data correctness, Fail, 
Test case failed at Step No. :: 26   Error Message ::  Element :://div[@class="panel panel-default ng-scope"]/div[@id='bsAlertsHeading']/h4:: not found. Screen Shot : D:\BankersDashboard\TestReports\020916\8_020916_204605_IE10.png, Tue Feb 09 20:46:06 IST 2016]
[DEBUG][2016-02-09 20:46:06,257][com.java.ImportnExport.ExportTestResultsExcel] [  222] - testResultPath = D:\BankersDashboard/TestReports/Test Results_BankersDashBoard_020916_204333_IE10_First Bank.xls
[DEBUG][2016-02-09 20:46:06,257][com.java.ImportnExport.ExportTestResultsExcel] [  223] - browser is------------IE10
[DEBUG][2016-02-09 20:46:06,259][com.java.ImportnExport.ExportTestResultsExcel] [  270] - result.size() = 6
[DEBUG][2016-02-09 20:46:06,259][com.java.ImportnExport.ExportTestResultsExcel] [  274] - No of rows in sheet=2
[DEBUG][2016-02-09 20:46:06,259][com.java.ImportnExport.ExportTestResultsExcel] [  301] - ..in export..8
[DEBUG][2016-02-09 20:46:06,260][com.java.ImportnExport.ExportTestResultsExcel] [  301] - ..in export..Right Hand Menu: BS Alerts-BS Alerts data correctness
[DEBUG][2016-02-09 20:46:06,260][com.java.ImportnExport.ExportTestResultsExcel] [  301] - ..in export..Fail
[DEBUG][2016-02-09 20:46:06,260][com.java.ImportnExport.ExportTestResultsExcel] [  301] - ..in export..
Test case failed at Step No. :: 26   Error Message ::  Element :://div[@class="panel panel-default ng-scope"]/div[@id='bsAlertsHeading']/h4:: not found. Screen Shot : D:\BankersDashboard\TestReports\020916\8_020916_204605_IE10.png
[DEBUG][2016-02-09 20:46:06,260][com.java.ImportnExport.ExportTestResultsExcel] [  301] - ..in export..Tue Feb 09 20:46:06 IST 2016
[INFO ][2016-02-09 20:46:06,261][com.java.SeleniumDriver] [ 1337] - out loop:1 size:2 TestCases:[1, 8] testcases:[1, 8]
[INFO ][2016-02-09 20:46:08,262][com.java.SeleniumDriver] [ 1380] - Total Number of Cases:2
[INFO ][2016-02-09 20:46:08,262][com.java.TemplateGenerator] [  302] - Executed:2
[INFO ][2016-02-09 20:46:08,262][com.java.TemplateGenerator] [  303] - Passed:1
[INFO ][2016-02-09 20:46:08,262][com.java.TemplateGenerator] [  304] - Failed:1
[INFO ][2016-02-09 20:46:08,262][com.java.TemplateGenerator] [  305] - Skipeed:0
[INFO ][2016-02-09 20:46:08,262][com.java.TemplateGenerator] [  306] - Application URL:https://clients-xuat.bankersdashboard.com
[INFO ][2016-02-09 20:46:08,262][com.java.TemplateGenerator] [  307] - Start Time:020916_204333
[INFO ][2016-02-09 20:46:08,262][com.java.TemplateGenerator] [  308] -  Creating HTML Report 
[ERROR][2016-02-09 20:46:08,263][com.java.TemplateGenerator] [  409] - Unparseable date: "Tue Feb 09 08:43:33 IST 2016"
[INFO ][2016-02-09 20:46:08,263][com.java.TemplateGenerator] [  654] -  Exporting case :: 1
[INFO ][2016-02-09 20:46:08,263][com.java.TemplateGenerator] [  654] -  Exporting case :: 8
[INFO ][2016-02-09 20:46:08,270][com.java.SeleniumDriver] [ 1429] - End Time:020916_204608
[INFO ][2016-02-09 20:46:08,270][com.java.SeleniumDriver] [ 1432] - Data in Test Execution Details:{1=PASS, 8=FAILTest case failed at Step No. :: 26   Error Message ::  Element :://div[@class="panel panel-default ng-scope"]/div[@id='bsAlertsHeading']/h4:: not found}
[INFO ][2016-02-09 20:46:08,270][com.java.SeleniumDriver] [ 1433] - Data in Failed Execution Deatils:{}
[INFO ][2016-02-09 20:46:08,270][com.java.SeleniumDriver] [ 1435] - ReportCounter:Total:2 :: PASS: 1 ::FAIL: 1
[INFO ][2016-02-09 20:46:08,270][com.java.SeleniumDriver] [ 1436] - FailedReportCounter:Total:0 :: PASS: 0 ::FAIL: 0
[INFO ][2016-02-09 20:46:08,276][com.java.EmailTestReport] [   63] - Sending report mail details:
[INFO ][2016-02-09 20:46:08,276][com.java.EmailTestReport] [   80] - Excel Report Path:D:\BankersDashboard/TestReports/Test Results_BankersDashBoard_020916_204333_IE10_First Bank.xls
[INFO ][2016-02-09 20:46:08,276][com.java.EmailTestReport] [   81] - HTML Report Path:D:\BankersDashboard//TestReports//Test Results_BankersDashBoard_020916_204333_IE10_First Bank.html
[INFO ][2016-02-09 20:46:08,276][com.java.EmailTestReport] [   82] - smtpHostName:mail01.valuelabs.com
[INFO ][2016-02-09 20:46:08,276][com.java.EmailTestReport] [   83] - Recipient:venkateswararao.gubbala@valuelabs.com;
[INFO ][2016-02-09 20:46:08,276][com.java.EmailTestReport] [   84] - From:venkateswararao.gubbala@valuelabs.com;
[INFO ][2016-02-09 20:46:08,276][com.java.EmailTestReport] [   85] - Subject:Deluxe Corp Bankers Dashboard Automation Test Report - First Bank - IE10
[INFO ][2016-02-09 20:46:08,293][com.java.EmailTestReport] [  143] -  Added venkateswararao.gubbala@valuelabs.com
[INFO ][2016-02-09 20:46:12,916][com.java.SeleniumDriver] [  722] - quitting the browser 
[INFO ][2016-02-09 20:46:14,179][com.java.SeleniumDriver] [  264] - Execution Completed Stopping the thread
