[INFO ][2016-01-05 15:22:15,988][com.java.SeleniumDriver] [  213] - Execute Failed Casesfalse
[INFO ][2016-01-05 15:22:15,988][com.java.SeleniumDriver] [  214] - Browser: IE10
[INFO ][2016-01-05 15:22:15,988][com.java.SeleniumDriver] [  215] - [1, 3]
[INFO ][2016-01-05 15:22:15,988][com.java.SeleniumDriver] [  216] - Total TestCases:2
[INFO ][2016-01-05 15:22:15,988][com.java.SeleniumDriver] [  217] -  Reading Properties from Property File 
[DEBUG][2016-01-05 15:22:15,989][com.java.SeleniumDriver] [  238] - url : https://clients-xuat.bankersdashboard.com
[INFO ][2016-01-05 15:22:15,990][com.java.ImportnExport.ExportTestResultsExcel] [  116] - Time Stamp Tue Jan 05 03:22:15 IST 2016
[INFO ][2016-01-05 15:22:15,990][com.java.ImportnExport.ExportTestResultsExcel] [  175] - OUT FILE : D:\BankersDashboard/TestReports/Test Results_BankersDashBoard_010516_152215_IE10_United Bank.xls
[INFO ][2016-01-05 15:22:16,020][com.java.ImportnExport.ExportTestResultsExcel] [  180] - Test Result file is created
[DEBUG][2016-01-05 15:22:16,123][com.java.SeleniumDriver] [  426] - Hub ip address is-------172.17.68.34
[INFO ][2016-01-05 15:22:16,123][com.java.SeleniumDriver] [  452] - Grid URL:http://172.17.68.34:4444/wd/hub
[INFO ][2016-01-05 15:22:16,124][com.java.SeleniumDriver] [  453] - Capability:Capabilities [{platform=ANY, ensureCleanSession=true, ignoreProtectedModeSettings=true, acceptSslCerts=true, ignoreZoomSetting=true, browserName=internet explorer, browserstack.ie.noFlash=true, version=null}]
[ERROR][2016-01-05 15:22:17,440][com.java.SeleniumDriver] [  498] - Unable invoke browser in grid:Could not start a new session. Possible causes are invalid address of the remote server or browser start-up failure.
Build info: version: '2.48.2', revision: '41bccdd', time: '2015-10-09 19:59:12'
System info: host: 'FVTIII438F1D', ip: '172.17.68.34', os.name: 'Windows 7', os.arch: 'x86', os.version: '6.1', java.version: '1.7.0_55'
Driver info: driver.version: SeleniumDriver
[INFO ][2016-01-05 15:22:17,440][com.java.SeleniumDriver] [  500] - Executing on local machine
[INFO ][2016-01-05 15:22:28,181][com.java.SeleniumDriver] [  248] - IE10is opened
[INFO ][2016-01-05 15:22:28,826][com.java.SeleniumDriver] [  756] - Test cases to be executed are: [1, 3]
[INFO ][2016-01-05 15:22:28,847][com.java.ImportnExport.ImportTestDataDetailsExcel] [   49] - test data details path===== D:\BankersDashboard\TestInputs\TestData.xls
[INFO ][2016-01-05 15:22:28,939][com.java.SeleniumDriver] [  832] - ------------------------------------------
[INFO ][2016-01-05 15:22:28,939][com.java.SeleniumDriver] [  833] - Test case being Executed: 1
[INFO ][2016-01-05 15:22:28,940][com.java.SeleniumDriver] [  845] - Test step:1
[INFO ][2016-01-05 15:22:28,940][com.java.SeleniumDriver] [  857] - Datavalue is----------Concept#1:1-16
[INFO ][2016-01-05 15:22:28,940][com.java.SeleniumDriver] [  881] - DataField : test
[INFO ][2016-01-05 15:22:28,940][com.java.SeleniumDriver] [  883] - DataValue : Concept#1:1-16
[INFO ][2016-01-05 15:22:28,940][com.java.SeleniumDriver] [  889] - <In Set values of the page>
[INFO ][2016-01-05 15:22:28,940][com.java.SeleniumDriver] [  892] - {Data Fields & Data Values Exist}
[INFO ][2016-01-05 15:22:28,940][com.java.SeleniumDriver] [  894] - --------------------------setting values-----------------------------
[INFO ][2016-01-05 15:22:28,940][com.java.SeleniumDriver] [  897] - Action Type : ExecuteTestCase
[INFO ][2016-01-05 15:22:28,959][com.java.TestType] [  437] - The Concept sheet name is ---------- Concept
[INFO ][2016-01-05 15:22:28,959][com.java.TestType] [  440] - The Concept ID  is ---------- 1
[DEBUG][2016-01-05 15:22:28,959][com.java.TestType] [  444] - Steps being executted in the Concept are: 1:16
[INFO ][2016-01-05 15:22:28,959][com.java.TestType] [  451] - Test data details path ---------- D:\BankersDashboard\TestInputs\TestData.xls
[INFO ][2016-01-05 15:22:28,992][com.java.TestType] [  482] -  str(1) = 1
[INFO ][2016-01-05 15:22:28,992][com.java.TestType] [  485] - Test case Id is---1
[INFO ][2016-01-05 15:22:28,992][com.java.TestType] [  487] - 1
[INFO ][2016-01-05 15:22:28,992][com.java.TestType] [  482] -  str(2) = 1
[INFO ][2016-01-05 15:22:28,995][com.java.TestType] [  482] -  str(1) = 1
[INFO ][2016-01-05 15:22:28,995][com.java.TestType] [  485] - Test case Id is---1
[INFO ][2016-01-05 15:22:28,995][com.java.TestType] [  487] - 1
[INFO ][2016-01-05 15:22:28,995][com.java.TestType] [  482] -  str(2) = 2
[INFO ][2016-01-05 15:22:28,996][com.java.TestType] [  482] -  str(1) = 1
[INFO ][2016-01-05 15:22:28,996][com.java.TestType] [  485] - Test case Id is---1
[INFO ][2016-01-05 15:22:28,996][com.java.TestType] [  487] - 1
[INFO ][2016-01-05 15:22:28,997][com.java.TestType] [  482] -  str(2) = 3
[INFO ][2016-01-05 15:22:28,998][com.java.TestType] [  482] -  str(1) = 1
[INFO ][2016-01-05 15:22:28,998][com.java.TestType] [  485] - Test case Id is---1
[INFO ][2016-01-05 15:22:28,998][com.java.TestType] [  487] - 1
[INFO ][2016-01-05 15:22:28,998][com.java.TestType] [  482] -  str(2) = 4
[INFO ][2016-01-05 15:22:28,999][com.java.TestType] [  482] -  str(1) = 1
[INFO ][2016-01-05 15:22:29,000][com.java.TestType] [  485] - Test case Id is---1
[INFO ][2016-01-05 15:22:29,000][com.java.TestType] [  487] - 1
[INFO ][2016-01-05 15:22:29,000][com.java.TestType] [  482] -  str(2) = 5
[INFO ][2016-01-05 15:22:29,002][com.java.TestType] [  482] -  str(1) = 1
[INFO ][2016-01-05 15:22:29,003][com.java.TestType] [  485] - Test case Id is---1
[INFO ][2016-01-05 15:22:29,003][com.java.TestType] [  487] - 1
[INFO ][2016-01-05 15:22:29,003][com.java.TestType] [  482] -  str(2) = 6
[INFO ][2016-01-05 15:22:29,004][com.java.TestType] [  482] -  str(1) = 1
[INFO ][2016-01-05 15:22:29,005][com.java.TestType] [  485] - Test case Id is---1
[INFO ][2016-01-05 15:22:29,005][com.java.TestType] [  487] - 1
[INFO ][2016-01-05 15:22:29,005][com.java.TestType] [  482] -  str(2) = 7
[INFO ][2016-01-05 15:22:29,006][com.java.TestType] [  482] -  str(1) = 1
[INFO ][2016-01-05 15:22:29,006][com.java.TestType] [  485] - Test case Id is---1
[INFO ][2016-01-05 15:22:29,006][com.java.TestType] [  487] - 1
[INFO ][2016-01-05 15:22:29,006][com.java.TestType] [  482] -  str(2) = 8
[INFO ][2016-01-05 15:22:29,007][com.java.TestType] [  482] -  str(1) = 1
[INFO ][2016-01-05 15:22:29,007][com.java.TestType] [  485] - Test case Id is---1
[INFO ][2016-01-05 15:22:29,007][com.java.TestType] [  487] - 1
[INFO ][2016-01-05 15:22:29,007][com.java.TestType] [  482] -  str(2) = 9
[INFO ][2016-01-05 15:22:29,008][com.java.TestType] [  482] -  str(1) = 1
[INFO ][2016-01-05 15:22:29,008][com.java.TestType] [  485] - Test case Id is---1
[INFO ][2016-01-05 15:22:29,008][com.java.TestType] [  487] - 1
[INFO ][2016-01-05 15:22:29,008][com.java.TestType] [  482] -  str(2) = 10
[INFO ][2016-01-05 15:22:29,009][com.java.TestType] [  482] -  str(1) = 1
[INFO ][2016-01-05 15:22:29,009][com.java.TestType] [  485] - Test case Id is---1
[INFO ][2016-01-05 15:22:29,009][com.java.TestType] [  487] - 1
[INFO ][2016-01-05 15:22:29,009][com.java.TestType] [  482] -  str(2) = 11
[INFO ][2016-01-05 15:22:29,010][com.java.TestType] [  482] -  str(1) = 1
[INFO ][2016-01-05 15:22:29,010][com.java.TestType] [  485] - Test case Id is---1
[INFO ][2016-01-05 15:22:29,010][com.java.TestType] [  487] - 1
[INFO ][2016-01-05 15:22:29,010][com.java.TestType] [  482] -  str(2) = 12
[INFO ][2016-01-05 15:22:29,012][com.java.TestType] [  482] -  str(1) = 1
[INFO ][2016-01-05 15:22:29,012][com.java.TestType] [  485] - Test case Id is---1
[INFO ][2016-01-05 15:22:29,012][com.java.TestType] [  487] - 1
[INFO ][2016-01-05 15:22:29,013][com.java.TestType] [  482] -  str(2) = 13
[INFO ][2016-01-05 15:22:29,013][com.java.TestType] [  482] -  str(1) = 1
[INFO ][2016-01-05 15:22:29,013][com.java.TestType] [  485] - Test case Id is---1
[INFO ][2016-01-05 15:22:29,013][com.java.TestType] [  487] - 1
[INFO ][2016-01-05 15:22:29,014][com.java.TestType] [  482] -  str(2) = 14
[INFO ][2016-01-05 15:22:29,014][com.java.TestType] [  482] -  str(1) = 1
[INFO ][2016-01-05 15:22:29,014][com.java.TestType] [  485] - Test case Id is---1
[INFO ][2016-01-05 15:22:29,014][com.java.TestType] [  487] - 1
[INFO ][2016-01-05 15:22:29,015][com.java.TestType] [  482] -  str(2) = 15
[INFO ][2016-01-05 15:22:29,015][com.java.TestType] [  482] -  str(1) = 1
[INFO ][2016-01-05 15:22:29,015][com.java.TestType] [  485] - Test case Id is---1
[INFO ][2016-01-05 15:22:29,015][com.java.TestType] [  487] - 1
[INFO ][2016-01-05 15:22:29,016][com.java.TestType] [  482] -  str(2) = 16
[INFO ][2016-01-05 15:22:29,016][com.java.TestType] [10614] - Looping 1TCID = 1
[DEBUG][2016-01-05 15:22:29,016][com.java.TestType] [10655] - Concept ID:1 :: Step being Executed: 1::1
[INFO ][2016-01-05 15:22:29,017][com.java.TestType] [10693] - dataFields : TXTusername
[DEBUG][2016-01-05 15:22:29,017][com.java.TestType] [10699] - <In Set values of the page>
[DEBUG][2016-01-05 15:22:29,017][com.java.TestType] [10704] - {Data Fields & Data Values Exist}
[INFO ][2016-01-05 15:22:29,017][com.java.TestType] [10710] - --------------------------setting values-----------------------------
[INFO ][2016-01-05 15:22:29,017][com.java.TestType] [10713] - Action Type : CLEARANDENTER
[INFO ][2016-01-05 15:22:29,017][com.java.TestType] [ 5705] - value = valuelabs.ie10.00058
[INFO ][2016-01-05 15:22:33,765][com.java.TestType] [10732] -  RESULT true
[INFO ][2016-01-05 15:22:33,765][com.java.TestType] [10849] - ?   P A S S   ?
[DEBUG][2016-01-05 15:22:33,765][com.java.TestType] [10655] - Concept ID:1 :: Step being Executed: 1::2
[INFO ][2016-01-05 15:22:33,765][com.java.TestType] [10693] - dataFields : TXTpassword
[DEBUG][2016-01-05 15:22:33,765][com.java.TestType] [10699] - <In Set values of the page>
[DEBUG][2016-01-05 15:22:33,766][com.java.TestType] [10704] - {Data Fields & Data Values Exist}
[INFO ][2016-01-05 15:22:33,766][com.java.TestType] [10710] - --------------------------setting values-----------------------------
[INFO ][2016-01-05 15:22:33,766][com.java.TestType] [10713] - Action Type : CLEARANDENTER
[INFO ][2016-01-05 15:22:33,766][com.java.TestType] [ 5705] - value = Password1*
[INFO ][2016-01-05 15:22:38,818][com.java.TestType] [10732] -  RESULT true
[INFO ][2016-01-05 15:22:38,818][com.java.TestType] [10849] - ?   P A S S   ?
[DEBUG][2016-01-05 15:22:38,818][com.java.TestType] [10655] - Concept ID:1 :: Step being Executed: 1::3
[ERROR][2016-01-05 15:22:38,818][com.java.TestType] [10688] - Exception: null
[INFO ][2016-01-05 15:22:38,818][com.java.TestType] [10693] - dataFields : XPH//button[@type='submit']
[DEBUG][2016-01-05 15:22:38,818][com.java.TestType] [10699] - <In Set values of the page>
[DEBUG][2016-01-05 15:22:38,819][com.java.TestType] [10704] - {Data Fields & Data Values Exist}
[INFO ][2016-01-05 15:22:38,819][com.java.TestType] [10710] - --------------------------setting values-----------------------------
[INFO ][2016-01-05 15:22:38,819][com.java.TestType] [10713] - Action Type : Click
[INFO ][2016-01-05 15:22:38,819][com.java.TestType] [ 6084] - Field ::XPH//button[@type='submit']
[INFO ][2016-01-05 15:22:38,819][com.java.TestType] [ 5705] - value = 
[INFO ][2016-01-05 15:22:39,819][com.java.TestType] [ 6221] - BEFORE CLICK
[INFO ][2016-01-05 15:22:40,677][com.java.TestType] [ 6229] - Unable to click the object Login
[INFO ][2016-01-05 15:22:40,677][com.java.TestType] [10732] -  RESULT true
[INFO ][2016-01-05 15:22:40,677][com.java.TestType] [10849] - ?   P A S S   ?
[DEBUG][2016-01-05 15:22:40,677][com.java.TestType] [10655] - Concept ID:1 :: Step being Executed: 1::4
[INFO ][2016-01-05 15:22:40,677][com.java.TestType] [10693] - dataFields : LNKLogout
[DEBUG][2016-01-05 15:22:40,677][com.java.TestType] [10699] - <In Set values of the page>
[DEBUG][2016-01-05 15:22:40,677][com.java.TestType] [10704] - {Data Fields & Data Values Exist}
[INFO ][2016-01-05 15:22:40,677][com.java.TestType] [10710] - --------------------------setting values-----------------------------
[INFO ][2016-01-05 15:22:40,677][com.java.TestType] [10713] - Action Type : WaitForElement
[INFO ][2016-01-05 15:22:44,207][com.java.TestType] [10732] -  RESULT true
[INFO ][2016-01-05 15:22:44,207][com.java.TestType] [10849] - ?   P A S S   ?
[DEBUG][2016-01-05 15:22:44,207][com.java.TestType] [10655] - Concept ID:1 :: Step being Executed: 1::15
[INFO ][2016-01-05 15:22:44,207][com.java.TestType] [10693] - dataFields : LNK
[DEBUG][2016-01-05 15:22:44,207][com.java.TestType] [10699] - <In Set values of the page>
[DEBUG][2016-01-05 15:22:44,208][com.java.TestType] [10704] - {Data Fields & Data Values Exist}
[INFO ][2016-01-05 15:22:44,208][com.java.TestType] [10710] - --------------------------setting values-----------------------------
[INFO ][2016-01-05 15:22:44,208][com.java.TestType] [10713] - Action Type : Verify
[INFO ][2016-01-05 15:22:44,208][com.java.TestType] [ 7081] - field= LNK value= Logout
[INFO ][2016-01-05 15:22:44,209][com.java.TestType] [ 5705] - value = Logout
[INFO ][2016-01-05 15:22:44,246][com.java.TestType] [10732] -  RESULT true
[INFO ][2016-01-05 15:22:44,246][com.java.TestType] [10849] - ?   P A S S   ?
[DEBUG][2016-01-05 15:22:44,246][com.java.TestType] [10655] - Concept ID:1 :: Step being Executed: 1::16
[INFO ][2016-01-05 15:22:44,246][com.java.TestType] [10693] - dataFields : BTN
[DEBUG][2016-01-05 15:22:44,247][com.java.TestType] [10699] - <In Set values of the page>
[DEBUG][2016-01-05 15:22:44,247][com.java.TestType] [10704] - {Data Fields & Data Values Exist}
[INFO ][2016-01-05 15:22:44,247][com.java.TestType] [10710] - --------------------------setting values-----------------------------
[INFO ][2016-01-05 15:22:44,247][com.java.TestType] [10713] - Action Type : Verify
[INFO ][2016-01-05 15:22:44,247][com.java.TestType] [ 7081] - field= BTN value= //img[contains(@src,'bdlogo.jpg')]
[INFO ][2016-01-05 15:22:44,247][com.java.TestType] [ 5705] - value = //img[contains(@src,'bdlogo.jpg')]
[INFO ][2016-01-05 15:22:44,319][com.java.TestType] [10732] -  RESULT true
[INFO ][2016-01-05 15:22:44,319][com.java.TestType] [10849] - ?   P A S S   ?
[INFO ][2016-01-05 15:22:44,319][com.java.TestType] [10920] - Looping End......
[INFO ][2016-01-05 15:22:44,323][com.java.SeleniumDriver] [  906] -  RESULT true
[INFO ][2016-01-05 15:22:44,324][com.java.SeleniumDriver] [ 1112] - ?   P A S S   ?
[INFO ][2016-01-05 15:22:44,324][com.java.SeleniumDriver] [  832] - ------------------------------------------
[INFO ][2016-01-05 15:22:44,324][com.java.SeleniumDriver] [  833] - Test case being Executed: 1
[INFO ][2016-01-05 15:22:44,324][com.java.SeleniumDriver] [  845] - Test step:2
[INFO ][2016-01-05 15:22:44,324][com.java.SeleniumDriver] [  857] - Datavalue is----------Concept#2:1-2
[INFO ][2016-01-05 15:22:44,324][com.java.SeleniumDriver] [  881] - DataField : test
[INFO ][2016-01-05 15:22:44,324][com.java.SeleniumDriver] [  883] - DataValue : Concept#2:1-2
[INFO ][2016-01-05 15:22:44,324][com.java.SeleniumDriver] [  889] - <In Set values of the page>
[INFO ][2016-01-05 15:22:44,324][com.java.SeleniumDriver] [  892] - {Data Fields & Data Values Exist}
[INFO ][2016-01-05 15:22:44,324][com.java.SeleniumDriver] [  894] - --------------------------setting values-----------------------------
[INFO ][2016-01-05 15:22:44,324][com.java.SeleniumDriver] [  897] - Action Type : ExecuteTestCase
[INFO ][2016-01-05 15:22:44,325][com.java.TestType] [  437] - The Concept sheet name is ---------- Concept
[INFO ][2016-01-05 15:22:44,325][com.java.TestType] [  440] - The Concept ID  is ---------- 2
[DEBUG][2016-01-05 15:22:44,325][com.java.TestType] [  444] - Steps being executted in the Concept are: 1:2
[INFO ][2016-01-05 15:22:44,325][com.java.TestType] [  451] - Test data details path ---------- D:\BankersDashboard\TestInputs\TestData.xls
[INFO ][2016-01-05 15:22:44,353][com.java.TestType] [  482] -  str(1) = 2
[INFO ][2016-01-05 15:22:44,353][com.java.TestType] [  485] - Test case Id is---2
[INFO ][2016-01-05 15:22:44,353][com.java.TestType] [  487] - 2
[INFO ][2016-01-05 15:22:44,353][com.java.TestType] [  482] -  str(2) = 1
[INFO ][2016-01-05 15:22:44,355][com.java.TestType] [  482] -  str(1) = 2
[INFO ][2016-01-05 15:22:44,355][com.java.TestType] [  485] - Test case Id is---2
[INFO ][2016-01-05 15:22:44,355][com.java.TestType] [  487] - 2
[INFO ][2016-01-05 15:22:44,355][com.java.TestType] [  482] -  str(2) = 2
[INFO ][2016-01-05 15:22:44,356][com.java.TestType] [  482] -  str(1) = 2
[INFO ][2016-01-05 15:22:44,356][com.java.TestType] [  485] - Test case Id is---2
[INFO ][2016-01-05 15:22:44,356][com.java.TestType] [  487] - 2
[INFO ][2016-01-05 15:22:44,356][com.java.TestType] [  482] -  str(2) = 3
[INFO ][2016-01-05 15:22:44,357][com.java.TestType] [10614] - Looping 1TCID = 2
[DEBUG][2016-01-05 15:22:44,357][com.java.TestType] [10655] - Concept ID:2 :: Step being Executed: 2::1
[INFO ][2016-01-05 15:22:44,357][com.java.TestType] [10693] - dataFields : BNK//select[@id='bank']
[DEBUG][2016-01-05 15:22:44,357][com.java.TestType] [10699] - <In Set values of the page>
[DEBUG][2016-01-05 15:22:44,357][com.java.TestType] [10704] - {Data Fields & Data Values Exist}
[INFO ][2016-01-05 15:22:44,357][com.java.TestType] [10710] - --------------------------setting values-----------------------------
[INFO ][2016-01-05 15:22:44,357][com.java.TestType] [10713] - Action Type : Select
[INFO ][2016-01-05 15:22:44,357][com.java.TestType] [ 5705] - value = PFC
[INFO ][2016-01-05 15:22:44,567][com.java.TestType] [10732] -  RESULT true
[INFO ][2016-01-05 15:22:44,568][com.java.TestType] [10849] - ?   P A S S   ?
[DEBUG][2016-01-05 15:22:44,568][com.java.TestType] [10655] - Concept ID:2 :: Step being Executed: 2::2
[INFO ][2016-01-05 15:22:44,568][com.java.TestType] [10693] - dataFields : LNKLogout
[DEBUG][2016-01-05 15:22:44,568][com.java.TestType] [10699] - <In Set values of the page>
[DEBUG][2016-01-05 15:22:44,568][com.java.TestType] [10704] - {Data Fields & Data Values Exist}
[INFO ][2016-01-05 15:22:44,568][com.java.TestType] [10710] - --------------------------setting values-----------------------------
[INFO ][2016-01-05 15:22:44,568][com.java.TestType] [10713] - Action Type : WaitTime
[DEBUG][2016-01-05 15:22:44,568][com.java.TestType] [ 5525] - sleepTime: 5000
[INFO ][2016-01-05 15:22:49,568][com.java.TestType] [10732] -  RESULT true
[INFO ][2016-01-05 15:22:49,568][com.java.TestType] [10849] - ?   P A S S   ?
[INFO ][2016-01-05 15:22:49,568][com.java.TestType] [10920] - Looping End......
[INFO ][2016-01-05 15:22:49,571][com.java.SeleniumDriver] [  906] -  RESULT true
[INFO ][2016-01-05 15:22:49,573][com.java.SeleniumDriver] [ 1112] - ?   P A S S   ?
[INFO ][2016-01-05 15:22:49,573][com.java.SeleniumDriver] [  832] - ------------------------------------------
[INFO ][2016-01-05 15:22:49,573][com.java.SeleniumDriver] [  833] - Test case being Executed: 1
[INFO ][2016-01-05 15:22:49,573][com.java.SeleniumDriver] [  845] - Test step:3
[INFO ][2016-01-05 15:22:49,574][com.java.SeleniumDriver] [  857] - Datavalue is----------2
[INFO ][2016-01-05 15:22:49,574][com.java.SeleniumDriver] [  881] - DataField : XPH//button[contains(text(),'Add Content')]
[INFO ][2016-01-05 15:22:49,574][com.java.SeleniumDriver] [  883] - DataValue : 2
[INFO ][2016-01-05 15:22:49,574][com.java.SeleniumDriver] [  889] - <In Set values of the page>
[INFO ][2016-01-05 15:22:49,574][com.java.SeleniumDriver] [  892] - {Data Fields & Data Values Exist}
[INFO ][2016-01-05 15:22:49,574][com.java.SeleniumDriver] [  894] - --------------------------setting values-----------------------------
[INFO ][2016-01-05 15:22:49,574][com.java.SeleniumDriver] [  897] - Action Type : WAITFORELEMENT
[INFO ][2016-01-05 15:22:49,610][com.java.SeleniumDriver] [  906] -  RESULT true
[INFO ][2016-01-05 15:22:49,610][com.java.SeleniumDriver] [ 1112] - ?   P A S S   ?
[DEBUG][2016-01-05 15:22:49,610][com.java.SeleniumDriver] [ 1224] - Case found
[DEBUG][2016-01-05 15:22:49,610][com.java.SeleniumDriver] [ 1229] - Incrementing ReportCounters[0]:1
[INFO ][2016-01-05 15:22:49,610][com.java.SeleniumDriver] [ 1248] - The results are-------------------[1, 1, Valid Login, Pass, , Tue Jan 05 15:22:44 IST 2016, 1, 2, Valid Login, Pass, , Tue Jan 05 15:22:49 IST 2016, 1, 3, Valid Login, Pass, , Tue Jan 05 15:22:49 IST 2016]
[INFO ][2016-01-05 15:22:49,611][com.java.SeleniumDriver] [ 1252] - End time is-------35 sec
[INFO ][2016-01-05 15:22:49,611][com.java.SeleniumDriver] [ 1253] - The results are-------------------[1, 1, Valid Login, Pass, , Tue Jan 05 15:22:44 IST 2016, 1, 2, Valid Login, Pass, , Tue Jan 05 15:22:49 IST 2016, 1, 3, Valid Login, Pass, , Tue Jan 05 15:22:49 IST 2016]
[DEBUG][2016-01-05 15:22:49,611][com.java.ImportnExport.ExportTestResultsExcel] [  222] - testResultPath = D:\BankersDashboard/TestReports/Test Results_BankersDashBoard_010516_152215_IE10_United Bank.xls
[DEBUG][2016-01-05 15:22:49,611][com.java.ImportnExport.ExportTestResultsExcel] [  223] - browser is------------IE10
[DEBUG][2016-01-05 15:22:49,658][com.java.ImportnExport.ExportTestResultsExcel] [  270] - result.size() = 18
[DEBUG][2016-01-05 15:22:49,658][com.java.ImportnExport.ExportTestResultsExcel] [  274] - No of rows in sheet=1
[DEBUG][2016-01-05 15:22:49,658][com.java.ImportnExport.ExportTestResultsExcel] [  301] - ..in export..1
[DEBUG][2016-01-05 15:22:49,659][com.java.ImportnExport.ExportTestResultsExcel] [  301] - ..in export..Valid Login
[DEBUG][2016-01-05 15:22:49,659][com.java.ImportnExport.ExportTestResultsExcel] [  301] - ..in export..Pass
[DEBUG][2016-01-05 15:22:49,659][com.java.ImportnExport.ExportTestResultsExcel] [  301] - ..in export..
[DEBUG][2016-01-05 15:22:49,659][com.java.ImportnExport.ExportTestResultsExcel] [  301] - ..in export..Tue Jan 05 15:22:44 IST 2016
[INFO ][2016-01-05 15:22:49,661][com.java.SeleniumDriver] [ 1313] - out loop:0 size:2 TestCases:[1, 3] testcases:[1, 3]
[INFO ][2016-01-05 15:22:49,661][com.java.ImportnExport.ImportTestDataDetailsExcel] [   49] - test data details path===== D:\BankersDashboard\TestInputs\TestData.xls
[INFO ][2016-01-05 15:23:25,863][com.java.SeleniumDriver] [  832] - ------------------------------------------
[INFO ][2016-01-05 15:23:25,863][com.java.SeleniumDriver] [  833] - Test case being Executed: 3
[INFO ][2016-01-05 15:23:25,863][com.java.SeleniumDriver] [  845] - Test step:1
[INFO ][2016-01-05 15:23:25,863][com.java.SeleniumDriver] [  857] - Datavalue is----------Logout
[INFO ][2016-01-05 15:23:25,863][com.java.SeleniumDriver] [  881] - DataField : BTN
[INFO ][2016-01-05 15:23:25,863][com.java.SeleniumDriver] [  883] - DataValue : Logout
[INFO ][2016-01-05 15:23:25,863][com.java.SeleniumDriver] [  889] - <In Set values of the page>
[INFO ][2016-01-05 15:23:25,863][com.java.SeleniumDriver] [  892] - {Data Fields & Data Values Exist}
[INFO ][2016-01-05 15:23:25,863][com.java.SeleniumDriver] [  894] - --------------------------setting values-----------------------------
[INFO ][2016-01-05 15:23:25,863][com.java.SeleniumDriver] [  897] - Action Type : Verify
[INFO ][2016-01-05 15:23:25,863][com.java.TestType] [ 7081] - field= BTN value= Logout
[INFO ][2016-01-05 15:23:25,863][com.java.TestType] [ 5705] - value = Logout
[INFO ][2016-01-05 15:23:25,948][com.java.SeleniumDriver] [  906] -  RESULT true
[INFO ][2016-01-05 15:23:25,948][com.java.SeleniumDriver] [ 1112] - ?   P A S S   ?
[INFO ][2016-01-05 15:23:25,948][com.java.SeleniumDriver] [ 1154] - step change to 3
[INFO ][2016-01-05 15:23:25,948][com.java.SeleniumDriver] [  832] - ------------------------------------------
[INFO ][2016-01-05 15:23:25,948][com.java.SeleniumDriver] [  833] - Test case being Executed: 3
[INFO ][2016-01-05 15:23:25,948][com.java.SeleniumDriver] [  845] - Test step:3
[INFO ][2016-01-05 15:23:25,948][com.java.SeleniumDriver] [  857] - Datavalue is----------Concept#2:1-2
[INFO ][2016-01-05 15:23:25,948][com.java.SeleniumDriver] [  881] - DataField : test
[INFO ][2016-01-05 15:23:25,948][com.java.SeleniumDriver] [  883] - DataValue : Concept#2:1-2
[INFO ][2016-01-05 15:23:25,948][com.java.SeleniumDriver] [  889] - <In Set values of the page>
[INFO ][2016-01-05 15:23:25,948][com.java.SeleniumDriver] [  892] - {Data Fields & Data Values Exist}
[INFO ][2016-01-05 15:23:25,948][com.java.SeleniumDriver] [  894] - --------------------------setting values-----------------------------
[INFO ][2016-01-05 15:23:25,948][com.java.SeleniumDriver] [  897] - Action Type : ExecuteTestCase
[INFO ][2016-01-05 15:23:25,949][com.java.TestType] [  437] - The Concept sheet name is ---------- Concept
[INFO ][2016-01-05 15:23:25,949][com.java.TestType] [  440] - The Concept ID  is ---------- 2
[DEBUG][2016-01-05 15:23:25,949][com.java.TestType] [  444] - Steps being executted in the Concept are: 1:2
[INFO ][2016-01-05 15:23:25,949][com.java.TestType] [  451] - Test data details path ---------- D:\BankersDashboard\TestInputs\TestData.xls
[INFO ][2016-01-05 15:23:25,977][com.java.TestType] [  482] -  str(1) = 2
[INFO ][2016-01-05 15:23:25,978][com.java.TestType] [  485] - Test case Id is---2
[INFO ][2016-01-05 15:23:25,978][com.java.TestType] [  487] - 2
[INFO ][2016-01-05 15:23:25,978][com.java.TestType] [  482] -  str(2) = 1
[INFO ][2016-01-05 15:23:25,979][com.java.TestType] [  482] -  str(1) = 2
[INFO ][2016-01-05 15:23:25,979][com.java.TestType] [  485] - Test case Id is---2
[INFO ][2016-01-05 15:23:25,979][com.java.TestType] [  487] - 2
[INFO ][2016-01-05 15:23:25,980][com.java.TestType] [  482] -  str(2) = 2
[INFO ][2016-01-05 15:23:25,980][com.java.TestType] [  482] -  str(1) = 2
[INFO ][2016-01-05 15:23:25,980][com.java.TestType] [  485] - Test case Id is---2
[INFO ][2016-01-05 15:23:25,980][com.java.TestType] [  487] - 2
[INFO ][2016-01-05 15:23:25,980][com.java.TestType] [  482] -  str(2) = 3
[INFO ][2016-01-05 15:23:25,981][com.java.TestType] [10614] - Looping 1TCID = 2
[DEBUG][2016-01-05 15:23:25,981][com.java.TestType] [10655] - Concept ID:2 :: Step being Executed: 2::1
[INFO ][2016-01-05 15:23:25,981][com.java.TestType] [10693] - dataFields : BNK//select[@id='bank']
[DEBUG][2016-01-05 15:23:25,981][com.java.TestType] [10699] - <In Set values of the page>
[DEBUG][2016-01-05 15:23:25,981][com.java.TestType] [10704] - {Data Fields & Data Values Exist}
[INFO ][2016-01-05 15:23:25,981][com.java.TestType] [10710] - --------------------------setting values-----------------------------
[INFO ][2016-01-05 15:23:25,981][com.java.TestType] [10713] - Action Type : Select
[INFO ][2016-01-05 15:23:25,982][com.java.TestType] [ 5705] - value = PFC
[INFO ][2016-01-05 15:23:26,193][com.java.TestType] [10732] -  RESULT true
[INFO ][2016-01-05 15:23:26,193][com.java.TestType] [10849] - ?   P A S S   ?
[DEBUG][2016-01-05 15:23:26,193][com.java.TestType] [10655] - Concept ID:2 :: Step being Executed: 2::2
[INFO ][2016-01-05 15:23:26,193][com.java.TestType] [10693] - dataFields : LNKLogout
[DEBUG][2016-01-05 15:23:26,194][com.java.TestType] [10699] - <In Set values of the page>
[DEBUG][2016-01-05 15:23:26,194][com.java.TestType] [10704] - {Data Fields & Data Values Exist}
[INFO ][2016-01-05 15:23:26,194][com.java.TestType] [10710] - --------------------------setting values-----------------------------
[INFO ][2016-01-05 15:23:26,194][com.java.TestType] [10713] - Action Type : WaitTime
[DEBUG][2016-01-05 15:23:26,194][com.java.TestType] [ 5525] - sleepTime: 5000
[INFO ][2016-01-05 15:23:31,195][com.java.TestType] [10732] -  RESULT true
[INFO ][2016-01-05 15:23:31,195][com.java.TestType] [10849] - ?   P A S S   ?
[INFO ][2016-01-05 15:23:31,195][com.java.TestType] [10920] - Looping End......
[INFO ][2016-01-05 15:23:31,199][com.java.SeleniumDriver] [  906] -  RESULT true
[INFO ][2016-01-05 15:23:31,199][com.java.SeleniumDriver] [ 1112] - ?   P A S S   ?
[INFO ][2016-01-05 15:23:31,199][com.java.SeleniumDriver] [  832] - ------------------------------------------
[INFO ][2016-01-05 15:23:31,199][com.java.SeleniumDriver] [  833] - Test case being Executed: 3
[INFO ][2016-01-05 15:23:31,199][com.java.SeleniumDriver] [  845] - Test step:4
[INFO ][2016-01-05 15:23:31,199][com.java.SeleniumDriver] [  857] - Datavalue is----------null
[DEBUG][2016-01-05 15:23:31,199][com.java.SeleniumDriver] [  875] - Exception: null
[INFO ][2016-01-05 15:23:31,199][com.java.SeleniumDriver] [  881] - DataField : //span[@class='icon-user4']&&//a[text()='Users']&&//a[@data-id="ModifyUsers"]
[INFO ][2016-01-05 15:23:31,199][com.java.SeleniumDriver] [  883] - DataValue : 
[INFO ][2016-01-05 15:23:31,199][com.java.SeleniumDriver] [  889] - <In Set values of the page>
[INFO ][2016-01-05 15:23:31,199][com.java.SeleniumDriver] [  892] - {Data Fields & Data Values Exist}
[INFO ][2016-01-05 15:23:31,200][com.java.SeleniumDriver] [  894] - --------------------------setting values-----------------------------
[INFO ][2016-01-05 15:23:31,200][com.java.SeleniumDriver] [  897] - Action Type : MouseOver
[INFO ][2016-01-05 15:23:58,058][com.java.SeleniumDriver] [  906] -  RESULT true
[INFO ][2016-01-05 15:23:58,058][com.java.SeleniumDriver] [ 1112] - ?   P A S S   ?
[INFO ][2016-01-05 15:23:58,058][com.java.SeleniumDriver] [  832] - ------------------------------------------
[INFO ][2016-01-05 15:23:58,058][com.java.SeleniumDriver] [  833] - Test case being Executed: 3
[INFO ][2016-01-05 15:23:58,058][com.java.SeleniumDriver] [  845] - Test step:5
[INFO ][2016-01-05 15:23:58,058][com.java.SeleniumDriver] [  857] - Datavalue is----------2
[INFO ][2016-01-05 15:23:58,058][com.java.SeleniumDriver] [  881] - DataField : BTNframeDialogContent
[INFO ][2016-01-05 15:23:58,058][com.java.SeleniumDriver] [  883] - DataValue : 2
[INFO ][2016-01-05 15:23:58,058][com.java.SeleniumDriver] [  889] - <In Set values of the page>
[INFO ][2016-01-05 15:23:58,058][com.java.SeleniumDriver] [  892] - {Data Fields & Data Values Exist}
[INFO ][2016-01-05 15:23:58,058][com.java.SeleniumDriver] [  894] - --------------------------setting values-----------------------------
[INFO ][2016-01-05 15:23:58,058][com.java.SeleniumDriver] [  897] - Action Type : WaitForElement
[INFO ][2016-01-05 15:23:59,269][com.java.SeleniumDriver] [  906] -  RESULT true
[INFO ][2016-01-05 15:23:59,269][com.java.SeleniumDriver] [ 1112] - ?   P A S S   ?
[INFO ][2016-01-05 15:23:59,269][com.java.SeleniumDriver] [  832] - ------------------------------------------
[INFO ][2016-01-05 15:23:59,269][com.java.SeleniumDriver] [  833] - Test case being Executed: 3
[INFO ][2016-01-05 15:23:59,269][com.java.SeleniumDriver] [  845] - Test step:6
[INFO ][2016-01-05 15:23:59,269][com.java.SeleniumDriver] [  857] - Datavalue is----------null
[DEBUG][2016-01-05 15:23:59,270][com.java.SeleniumDriver] [  875] - Exception: null
[INFO ][2016-01-05 15:23:59,270][com.java.SeleniumDriver] [  881] - DataField : BTNframeDialogContent
[INFO ][2016-01-05 15:23:59,270][com.java.SeleniumDriver] [  883] - DataValue : 
[INFO ][2016-01-05 15:23:59,270][com.java.SeleniumDriver] [  889] - <In Set values of the page>
[INFO ][2016-01-05 15:23:59,270][com.java.SeleniumDriver] [  892] - {Data Fields & Data Values Exist}
[INFO ][2016-01-05 15:23:59,270][com.java.SeleniumDriver] [  894] - --------------------------setting values-----------------------------
[INFO ][2016-01-05 15:23:59,270][com.java.SeleniumDriver] [  897] - Action Type : SelectFrame
[INFO ][2016-01-05 15:24:00,524][com.java.SeleniumDriver] [  906] -  RESULT true
[INFO ][2016-01-05 15:24:00,524][com.java.SeleniumDriver] [ 1112] - ?   P A S S   ?
[INFO ][2016-01-05 15:24:00,524][com.java.SeleniumDriver] [  832] - ------------------------------------------
[INFO ][2016-01-05 15:24:00,524][com.java.SeleniumDriver] [  833] - Test case being Executed: 3
[INFO ][2016-01-05 15:24:00,524][com.java.SeleniumDriver] [  845] - Test step:7
[INFO ][2016-01-05 15:24:00,524][com.java.SeleniumDriver] [  857] - Datavalue is----------2
[INFO ][2016-01-05 15:24:00,524][com.java.SeleniumDriver] [  881] - DataField : BTNbtnAddUser
[INFO ][2016-01-05 15:24:00,524][com.java.SeleniumDriver] [  883] - DataValue : 2
[INFO ][2016-01-05 15:24:00,524][com.java.SeleniumDriver] [  889] - <In Set values of the page>
[INFO ][2016-01-05 15:24:00,524][com.java.SeleniumDriver] [  892] - {Data Fields & Data Values Exist}
[INFO ][2016-01-05 15:24:00,524][com.java.SeleniumDriver] [  894] - --------------------------setting values-----------------------------
[INFO ][2016-01-05 15:24:00,525][com.java.SeleniumDriver] [  897] - Action Type : WaitForElement
[INFO ][2016-01-05 15:24:01,774][com.java.SeleniumDriver] [  906] -  RESULT true
[INFO ][2016-01-05 15:24:01,774][com.java.SeleniumDriver] [ 1112] - ?   P A S S   ?
[INFO ][2016-01-05 15:24:01,774][com.java.SeleniumDriver] [  832] - ------------------------------------------
[INFO ][2016-01-05 15:24:01,774][com.java.SeleniumDriver] [  833] - Test case being Executed: 3
[INFO ][2016-01-05 15:24:01,774][com.java.SeleniumDriver] [  845] - Test step:8
[INFO ][2016-01-05 15:24:01,775][com.java.SeleniumDriver] [  857] - Datavalue is----------null
[DEBUG][2016-01-05 15:24:01,775][com.java.SeleniumDriver] [  875] - Exception: null
[INFO ][2016-01-05 15:24:01,775][com.java.SeleniumDriver] [  881] - DataField : BTNbtnAddUser
[INFO ][2016-01-05 15:24:01,775][com.java.SeleniumDriver] [  883] - DataValue : 
[INFO ][2016-01-05 15:24:01,775][com.java.SeleniumDriver] [  889] - <In Set values of the page>
[INFO ][2016-01-05 15:24:01,775][com.java.SeleniumDriver] [  892] - {Data Fields & Data Values Exist}
[INFO ][2016-01-05 15:24:01,775][com.java.SeleniumDriver] [  894] - --------------------------setting values-----------------------------
[INFO ][2016-01-05 15:24:01,775][com.java.SeleniumDriver] [  897] - Action Type : Click
[INFO ][2016-01-05 15:24:01,775][com.java.TestType] [ 6084] - Field ::BTNbtnAddUser
[INFO ][2016-01-05 15:24:01,775][com.java.TestType] [ 5705] - value = 
[INFO ][2016-01-05 15:24:02,775][com.java.TestType] [ 6200] - BEFORE CLICK
[INFO ][2016-01-05 15:24:04,163][com.java.TestType] [ 6207] - Unable to click the object Add user button
[INFO ][2016-01-05 15:24:04,163][com.java.SeleniumDriver] [  906] -  RESULT true
[INFO ][2016-01-05 15:24:04,163][com.java.SeleniumDriver] [ 1112] - ?   P A S S   ?
[INFO ][2016-01-05 15:24:04,163][com.java.SeleniumDriver] [  832] - ------------------------------------------
[INFO ][2016-01-05 15:24:04,163][com.java.SeleniumDriver] [  833] - Test case being Executed: 3
[INFO ][2016-01-05 15:24:04,163][com.java.SeleniumDriver] [  845] - Test step:9
[INFO ][2016-01-05 15:24:04,163][com.java.SeleniumDriver] [  857] - Datavalue is----------2
[INFO ][2016-01-05 15:24:04,163][com.java.SeleniumDriver] [  881] - DataField : BTNtxtUserName
[INFO ][2016-01-05 15:24:04,163][com.java.SeleniumDriver] [  883] - DataValue : 2
[INFO ][2016-01-05 15:24:04,163][com.java.SeleniumDriver] [  889] - <In Set values of the page>
[INFO ][2016-01-05 15:24:04,164][com.java.SeleniumDriver] [  892] - {Data Fields & Data Values Exist}
[INFO ][2016-01-05 15:24:04,164][com.java.SeleniumDriver] [  894] - --------------------------setting values-----------------------------
[INFO ][2016-01-05 15:24:04,164][com.java.SeleniumDriver] [  897] - Action Type : WaitForElement
[INFO ][2016-01-05 15:24:07,553][com.java.SeleniumDriver] [  906] -  RESULT true
[INFO ][2016-01-05 15:24:07,553][com.java.SeleniumDriver] [ 1112] - ?   P A S S   ?
[INFO ][2016-01-05 15:24:07,553][com.java.SeleniumDriver] [  832] - ------------------------------------------
[INFO ][2016-01-05 15:24:07,553][com.java.SeleniumDriver] [  833] - Test case being Executed: 3
[INFO ][2016-01-05 15:24:07,553][com.java.SeleniumDriver] [  845] - Test step:10
[INFO ][2016-01-05 15:24:07,553][com.java.SeleniumDriver] [  857] - Datavalue is----------5
[INFO ][2016-01-05 15:24:07,554][com.java.SeleniumDriver] [  881] - DataField : TXTtxtUserName
[INFO ][2016-01-05 15:24:07,554][com.java.SeleniumDriver] [  883] - DataValue : 5
[INFO ][2016-01-05 15:24:07,554][com.java.SeleniumDriver] [  889] - <In Set values of the page>
[INFO ][2016-01-05 15:24:07,554][com.java.SeleniumDriver] [  892] - {Data Fields & Data Values Exist}
[INFO ][2016-01-05 15:24:07,554][com.java.SeleniumDriver] [  894] - --------------------------setting values-----------------------------
[INFO ][2016-01-05 15:24:07,554][com.java.SeleniumDriver] [  897] - Action Type : WaitForElement
[INFO ][2016-01-05 15:24:08,637][com.java.SeleniumDriver] [  906] -  RESULT true
[INFO ][2016-01-05 15:24:08,637][com.java.SeleniumDriver] [ 1112] - ?   P A S S   ?
[INFO ][2016-01-05 15:24:08,637][com.java.SeleniumDriver] [  832] - ------------------------------------------
[INFO ][2016-01-05 15:24:08,637][com.java.SeleniumDriver] [  833] - Test case being Executed: 3
[INFO ][2016-01-05 15:24:08,637][com.java.SeleniumDriver] [  845] - Test step:11
[INFO ][2016-01-05 15:24:08,637][com.java.SeleniumDriver] [  857] - Datavalue is----------RNDvltest.robot
[INFO ][2016-01-05 15:24:08,637][com.java.SeleniumDriver] [  881] - DataField : TXTtxtUserName
[INFO ][2016-01-05 15:24:08,638][com.java.SeleniumDriver] [  883] - DataValue : RNDvltest.robot
[INFO ][2016-01-05 15:24:08,638][com.java.SeleniumDriver] [  889] - <In Set values of the page>
[INFO ][2016-01-05 15:24:08,638][com.java.SeleniumDriver] [  892] - {Data Fields & Data Values Exist}
[INFO ][2016-01-05 15:24:08,638][com.java.SeleniumDriver] [  894] - --------------------------setting values-----------------------------
[INFO ][2016-01-05 15:24:08,638][com.java.SeleniumDriver] [  897] - Action Type : CLEARANDENTER
[INFO ][2016-01-05 15:24:08,638][com.java.TestType] [ 5705] - value = vltest.robot40093
[INFO ][2016-01-05 15:24:11,058][com.java.SeleniumDriver] [  906] -  RESULT true
[INFO ][2016-01-05 15:24:11,058][com.java.SeleniumDriver] [ 1112] - ?   P A S S   ?
[INFO ][2016-01-05 15:24:11,058][com.java.SeleniumDriver] [  832] - ------------------------------------------
[INFO ][2016-01-05 15:24:11,058][com.java.SeleniumDriver] [  833] - Test case being Executed: 3
[INFO ][2016-01-05 15:24:11,058][com.java.SeleniumDriver] [  845] - Test step:12
[INFO ][2016-01-05 15:24:11,058][com.java.SeleniumDriver] [  857] - Datavalue is----------5
[INFO ][2016-01-05 15:24:11,058][com.java.SeleniumDriver] [  881] - DataField : TXTtxtFirstName
[INFO ][2016-01-05 15:24:11,058][com.java.SeleniumDriver] [  883] - DataValue : 5
[INFO ][2016-01-05 15:24:11,058][com.java.SeleniumDriver] [  889] - <In Set values of the page>
[INFO ][2016-01-05 15:24:11,058][com.java.SeleniumDriver] [  892] - {Data Fields & Data Values Exist}
[INFO ][2016-01-05 15:24:11,059][com.java.SeleniumDriver] [  894] - --------------------------setting values-----------------------------
[INFO ][2016-01-05 15:24:11,059][com.java.SeleniumDriver] [  897] - Action Type : WaitForElement
[INFO ][2016-01-05 15:24:12,131][com.java.SeleniumDriver] [  906] -  RESULT true
[INFO ][2016-01-05 15:24:12,131][com.java.SeleniumDriver] [ 1112] - ?   P A S S   ?
[INFO ][2016-01-05 15:24:12,131][com.java.SeleniumDriver] [  832] - ------------------------------------------
[INFO ][2016-01-05 15:24:12,131][com.java.SeleniumDriver] [  833] - Test case being Executed: 3
[INFO ][2016-01-05 15:24:12,131][com.java.SeleniumDriver] [  845] - Test step:13
[INFO ][2016-01-05 15:24:12,131][com.java.SeleniumDriver] [  857] - Datavalue is----------GivenNewUserName
[INFO ][2016-01-05 15:24:12,131][com.java.SeleniumDriver] [  881] - DataField : TXTtxtUserName
[INFO ][2016-01-05 15:24:12,132][com.java.SeleniumDriver] [  883] - DataValue : GivenNewUserName
[INFO ][2016-01-05 15:24:12,132][com.java.SeleniumDriver] [  889] - <In Set values of the page>
[INFO ][2016-01-05 15:24:12,132][com.java.SeleniumDriver] [  892] - {Data Fields & Data Values Exist}
[INFO ][2016-01-05 15:24:12,132][com.java.SeleniumDriver] [  894] - --------------------------setting values-----------------------------
[INFO ][2016-01-05 15:24:12,132][com.java.SeleniumDriver] [  897] - Action Type : STOREVALUE
[INFO ][2016-01-05 15:24:12,132][com.java.TestType] [ 8399] - field= TXTtxtUserName
[DEBUG][2016-01-05 15:24:13,245][com.java.TestType] [ 8413] - Key:: GivenNewUserName  Value:: vltest.robot40093
[INFO ][2016-01-05 15:24:13,245][com.java.SeleniumDriver] [  906] -  RESULT true
[INFO ][2016-01-05 15:24:13,245][com.java.SeleniumDriver] [ 1112] - ?   P A S S   ?
[INFO ][2016-01-05 15:24:13,245][com.java.SeleniumDriver] [  832] - ------------------------------------------
[INFO ][2016-01-05 15:24:13,245][com.java.SeleniumDriver] [  833] - Test case being Executed: 3
[INFO ][2016-01-05 15:24:13,245][com.java.SeleniumDriver] [  845] - Test step:14
[INFO ][2016-01-05 15:24:13,245][com.java.SeleniumDriver] [  857] - Datavalue is----------VLTest
[INFO ][2016-01-05 15:24:13,245][com.java.SeleniumDriver] [  881] - DataField : TXTtxtFirstName
[INFO ][2016-01-05 15:24:13,245][com.java.SeleniumDriver] [  883] - DataValue : VLTest
[INFO ][2016-01-05 15:24:13,246][com.java.SeleniumDriver] [  889] - <In Set values of the page>
[INFO ][2016-01-05 15:24:13,246][com.java.SeleniumDriver] [  892] - {Data Fields & Data Values Exist}
[INFO ][2016-01-05 15:24:13,246][com.java.SeleniumDriver] [  894] - --------------------------setting values-----------------------------
[INFO ][2016-01-05 15:24:13,246][com.java.SeleniumDriver] [  897] - Action Type : Enter
[INFO ][2016-01-05 15:24:13,246][com.java.TestType] [ 6508] - field = txtFirstName
[INFO ][2016-01-05 15:24:13,246][com.java.TestType] [ 5705] - value = VLTest
[INFO ][2016-01-05 15:24:14,851][com.java.SeleniumDriver] [  906] -  RESULT true
[INFO ][2016-01-05 15:24:14,851][com.java.SeleniumDriver] [ 1112] - ?   P A S S   ?
[INFO ][2016-01-05 15:24:14,851][com.java.SeleniumDriver] [  832] - ------------------------------------------
[INFO ][2016-01-05 15:24:14,851][com.java.SeleniumDriver] [  833] - Test case being Executed: 3
[INFO ][2016-01-05 15:24:14,851][com.java.SeleniumDriver] [  845] - Test step:15
[INFO ][2016-01-05 15:24:14,851][com.java.SeleniumDriver] [  857] - Datavalue is----------5
[INFO ][2016-01-05 15:24:14,851][com.java.SeleniumDriver] [  881] - DataField : TXTtxtLastName
[INFO ][2016-01-05 15:24:14,851][com.java.SeleniumDriver] [  883] - DataValue : 5
[INFO ][2016-01-05 15:24:14,852][com.java.SeleniumDriver] [  889] - <In Set values of the page>
[INFO ][2016-01-05 15:24:14,852][com.java.SeleniumDriver] [  892] - {Data Fields & Data Values Exist}
[INFO ][2016-01-05 15:24:14,852][com.java.SeleniumDriver] [  894] - --------------------------setting values-----------------------------
[INFO ][2016-01-05 15:24:14,852][com.java.SeleniumDriver] [  897] - Action Type : WaitForElement
[INFO ][2016-01-05 15:24:15,947][com.java.SeleniumDriver] [  906] -  RESULT true
[INFO ][2016-01-05 15:24:15,947][com.java.SeleniumDriver] [ 1112] - ?   P A S S   ?
[INFO ][2016-01-05 15:24:15,947][com.java.SeleniumDriver] [  832] - ------------------------------------------
[INFO ][2016-01-05 15:24:15,947][com.java.SeleniumDriver] [  833] - Test case being Executed: 3
[INFO ][2016-01-05 15:24:15,947][com.java.SeleniumDriver] [  845] - Test step:16
[INFO ][2016-01-05 15:24:15,947][com.java.SeleniumDriver] [  857] - Datavalue is----------Robot
[INFO ][2016-01-05 15:24:15,947][com.java.SeleniumDriver] [  881] - DataField : TXTtxtLastName
[INFO ][2016-01-05 15:24:15,948][com.java.SeleniumDriver] [  883] - DataValue : Robot
[INFO ][2016-01-05 15:24:15,948][com.java.SeleniumDriver] [  889] - <In Set values of the page>
[INFO ][2016-01-05 15:24:15,948][com.java.SeleniumDriver] [  892] - {Data Fields & Data Values Exist}
[INFO ][2016-01-05 15:24:15,948][com.java.SeleniumDriver] [  894] - --------------------------setting values-----------------------------
[INFO ][2016-01-05 15:24:15,949][com.java.SeleniumDriver] [  897] - Action Type : Enter
[INFO ][2016-01-05 15:24:15,949][com.java.TestType] [ 6508] - field = txtLastName
[INFO ][2016-01-05 15:24:15,949][com.java.TestType] [ 5705] - value = Robot
[INFO ][2016-01-05 15:24:17,354][com.java.SeleniumDriver] [  906] -  RESULT true
[INFO ][2016-01-05 15:24:17,354][com.java.SeleniumDriver] [ 1112] - ?   P A S S   ?
[INFO ][2016-01-05 15:24:17,354][com.java.SeleniumDriver] [  832] - ------------------------------------------
[INFO ][2016-01-05 15:24:17,354][com.java.SeleniumDriver] [  833] - Test case being Executed: 3
[INFO ][2016-01-05 15:24:17,354][com.java.SeleniumDriver] [  845] - Test step:17
[INFO ][2016-01-05 15:24:17,354][com.java.SeleniumDriver] [  857] - Datavalue is----------5
[INFO ][2016-01-05 15:24:17,355][com.java.SeleniumDriver] [  881] - DataField : TXTtxtCompany
[INFO ][2016-01-05 15:24:17,355][com.java.SeleniumDriver] [  883] - DataValue : 5
[INFO ][2016-01-05 15:24:17,355][com.java.SeleniumDriver] [  889] - <In Set values of the page>
[INFO ][2016-01-05 15:24:17,355][com.java.SeleniumDriver] [  892] - {Data Fields & Data Values Exist}
[INFO ][2016-01-05 15:24:17,355][com.java.SeleniumDriver] [  894] - --------------------------setting values-----------------------------
[INFO ][2016-01-05 15:24:17,355][com.java.SeleniumDriver] [  897] - Action Type : WaitForElement
[INFO ][2016-01-05 15:24:18,438][com.java.SeleniumDriver] [  906] -  RESULT true
[INFO ][2016-01-05 15:24:18,438][com.java.SeleniumDriver] [ 1112] - ?   P A S S   ?
[INFO ][2016-01-05 15:24:18,438][com.java.SeleniumDriver] [  832] - ------------------------------------------
[INFO ][2016-01-05 15:24:18,438][com.java.SeleniumDriver] [  833] - Test case being Executed: 3
[INFO ][2016-01-05 15:24:18,438][com.java.SeleniumDriver] [  845] - Test step:18
[INFO ][2016-01-05 15:24:18,439][com.java.SeleniumDriver] [  857] - Datavalue is----------ValueLabs
[INFO ][2016-01-05 15:24:18,439][com.java.SeleniumDriver] [  881] - DataField : TXTtxtCompany
[INFO ][2016-01-05 15:24:18,439][com.java.SeleniumDriver] [  883] - DataValue : ValueLabs
[INFO ][2016-01-05 15:24:18,439][com.java.SeleniumDriver] [  889] - <In Set values of the page>
[INFO ][2016-01-05 15:24:18,439][com.java.SeleniumDriver] [  892] - {Data Fields & Data Values Exist}
[INFO ][2016-01-05 15:24:18,439][com.java.SeleniumDriver] [  894] - --------------------------setting values-----------------------------
[INFO ][2016-01-05 15:24:18,439][com.java.SeleniumDriver] [  897] - Action Type : Enter
[INFO ][2016-01-05 15:24:18,439][com.java.TestType] [ 6508] - field = txtCompany
[INFO ][2016-01-05 15:24:18,439][com.java.TestType] [ 5705] - value = ValueLabs
[INFO ][2016-01-05 15:24:19,961][com.java.SeleniumDriver] [  906] -  RESULT true
[INFO ][2016-01-05 15:24:19,961][com.java.SeleniumDriver] [ 1112] - ?   P A S S   ?
[INFO ][2016-01-05 15:24:19,961][com.java.SeleniumDriver] [  832] - ------------------------------------------
[INFO ][2016-01-05 15:24:19,961][com.java.SeleniumDriver] [  833] - Test case being Executed: 3
[INFO ][2016-01-05 15:24:19,961][com.java.SeleniumDriver] [  845] - Test step:19
[INFO ][2016-01-05 15:24:19,961][com.java.SeleniumDriver] [  857] - Datavalue is----------5
[INFO ][2016-01-05 15:24:19,961][com.java.SeleniumDriver] [  881] - DataField : TXTtxtLocation
[INFO ][2016-01-05 15:24:19,961][com.java.SeleniumDriver] [  883] - DataValue : 5
[INFO ][2016-01-05 15:24:19,962][com.java.SeleniumDriver] [  889] - <In Set values of the page>
[INFO ][2016-01-05 15:24:19,962][com.java.SeleniumDriver] [  892] - {Data Fields & Data Values Exist}
[INFO ][2016-01-05 15:24:19,962][com.java.SeleniumDriver] [  894] - --------------------------setting values-----------------------------
[INFO ][2016-01-05 15:24:19,962][com.java.SeleniumDriver] [  897] - Action Type : WaitForElement
[INFO ][2016-01-05 15:24:21,049][com.java.SeleniumDriver] [  906] -  RESULT true
[INFO ][2016-01-05 15:24:21,049][com.java.SeleniumDriver] [ 1112] - ?   P A S S   ?
[INFO ][2016-01-05 15:24:21,049][com.java.SeleniumDriver] [  832] - ------------------------------------------
[INFO ][2016-01-05 15:24:21,049][com.java.SeleniumDriver] [  833] - Test case being Executed: 3
[INFO ][2016-01-05 15:24:21,049][com.java.SeleniumDriver] [  845] - Test step:20
[INFO ][2016-01-05 15:24:21,049][com.java.SeleniumDriver] [  857] - Datavalue is----------India
[INFO ][2016-01-05 15:24:21,050][com.java.SeleniumDriver] [  881] - DataField : TXTtxtLocation
[INFO ][2016-01-05 15:24:21,050][com.java.SeleniumDriver] [  883] - DataValue : India
[INFO ][2016-01-05 15:24:21,050][com.java.SeleniumDriver] [  889] - <In Set values of the page>
[INFO ][2016-01-05 15:24:21,050][com.java.SeleniumDriver] [  892] - {Data Fields & Data Values Exist}
[INFO ][2016-01-05 15:24:21,050][com.java.SeleniumDriver] [  894] - --------------------------setting values-----------------------------
[INFO ][2016-01-05 15:24:21,050][com.java.SeleniumDriver] [  897] - Action Type : Enter
[INFO ][2016-01-05 15:24:21,050][com.java.TestType] [ 6508] - field = txtLocation
[INFO ][2016-01-05 15:24:21,050][com.java.TestType] [ 5705] - value = India
[INFO ][2016-01-05 15:24:22,434][com.java.SeleniumDriver] [  906] -  RESULT true
[INFO ][2016-01-05 15:24:22,434][com.java.SeleniumDriver] [ 1112] - ?   P A S S   ?
[INFO ][2016-01-05 15:24:22,434][com.java.SeleniumDriver] [  832] - ------------------------------------------
[INFO ][2016-01-05 15:24:22,434][com.java.SeleniumDriver] [  833] - Test case being Executed: 3
[INFO ][2016-01-05 15:24:22,434][com.java.SeleniumDriver] [  845] - Test step:21
[INFO ][2016-01-05 15:24:22,434][com.java.SeleniumDriver] [  857] - Datavalue is----------5
[INFO ][2016-01-05 15:24:22,434][com.java.SeleniumDriver] [  881] - DataField : TXTtxtEMail
[INFO ][2016-01-05 15:24:22,434][com.java.SeleniumDriver] [  883] - DataValue : 5
[INFO ][2016-01-05 15:24:22,435][com.java.SeleniumDriver] [  889] - <In Set values of the page>
[INFO ][2016-01-05 15:24:22,435][com.java.SeleniumDriver] [  892] - {Data Fields & Data Values Exist}
[INFO ][2016-01-05 15:24:22,435][com.java.SeleniumDriver] [  894] - --------------------------setting values-----------------------------
[INFO ][2016-01-05 15:24:22,435][com.java.SeleniumDriver] [  897] - Action Type : WaitForElement
[INFO ][2016-01-05 15:24:23,518][com.java.SeleniumDriver] [  906] -  RESULT true
[INFO ][2016-01-05 15:24:23,518][com.java.SeleniumDriver] [ 1112] - ?   P A S S   ?
[INFO ][2016-01-05 15:24:23,518][com.java.SeleniumDriver] [  832] - ------------------------------------------
[INFO ][2016-01-05 15:24:23,518][com.java.SeleniumDriver] [  833] - Test case being Executed: 3
[INFO ][2016-01-05 15:24:23,518][com.java.SeleniumDriver] [  845] - Test step:22
[INFO ][2016-01-05 15:24:23,518][com.java.SeleniumDriver] [  857] - Datavalue is----------vltest.robot@valuelabs.com
[INFO ][2016-01-05 15:24:23,519][com.java.SeleniumDriver] [  881] - DataField : TXTtxtEMail
[INFO ][2016-01-05 15:24:23,519][com.java.SeleniumDriver] [  883] - DataValue : vltest.robot@valuelabs.com
[INFO ][2016-01-05 15:24:23,519][com.java.SeleniumDriver] [  889] - <In Set values of the page>
[INFO ][2016-01-05 15:24:23,519][com.java.SeleniumDriver] [  892] - {Data Fields & Data Values Exist}
[INFO ][2016-01-05 15:24:23,519][com.java.SeleniumDriver] [  894] - --------------------------setting values-----------------------------
[INFO ][2016-01-05 15:24:23,519][com.java.SeleniumDriver] [  897] - Action Type : Enter
[INFO ][2016-01-05 15:24:23,519][com.java.TestType] [ 6508] - field = txtEMail
[INFO ][2016-01-05 15:24:23,519][com.java.TestType] [ 5705] - value = vltest.robot@valuelabs.com
[INFO ][2016-01-05 15:24:25,033][com.java.SeleniumDriver] [  906] -  RESULT true
[INFO ][2016-01-05 15:24:25,033][com.java.SeleniumDriver] [ 1112] - ?   P A S S   ?
[INFO ][2016-01-05 15:24:25,033][com.java.SeleniumDriver] [  832] - ------------------------------------------
[INFO ][2016-01-05 15:24:25,033][com.java.SeleniumDriver] [  833] - Test case being Executed: 3
[INFO ][2016-01-05 15:24:25,033][com.java.SeleniumDriver] [  845] - Test step:23
[INFO ][2016-01-05 15:24:25,034][com.java.SeleniumDriver] [  857] - Datavalue is----------5
[INFO ][2016-01-05 15:24:25,034][com.java.SeleniumDriver] [  881] - DataField : TXTtxtPhone
[INFO ][2016-01-05 15:24:25,034][com.java.SeleniumDriver] [  883] - DataValue : 5
[INFO ][2016-01-05 15:24:25,034][com.java.SeleniumDriver] [  889] - <In Set values of the page>
[INFO ][2016-01-05 15:24:25,034][com.java.SeleniumDriver] [  892] - {Data Fields & Data Values Exist}
[INFO ][2016-01-05 15:24:25,034][com.java.SeleniumDriver] [  894] - --------------------------setting values-----------------------------
[INFO ][2016-01-05 15:24:25,034][com.java.SeleniumDriver] [  897] - Action Type : WaitForElement
[INFO ][2016-01-05 15:24:26,115][com.java.SeleniumDriver] [  906] -  RESULT true
[INFO ][2016-01-05 15:24:26,115][com.java.SeleniumDriver] [ 1112] - ?   P A S S   ?
[INFO ][2016-01-05 15:24:26,115][com.java.SeleniumDriver] [  832] - ------------------------------------------
[INFO ][2016-01-05 15:24:26,115][com.java.SeleniumDriver] [  833] - Test case being Executed: 3
[INFO ][2016-01-05 15:24:26,115][com.java.SeleniumDriver] [  845] - Test step:24
[INFO ][2016-01-05 15:24:26,115][com.java.SeleniumDriver] [  857] - Datavalue is----------12345678901
[INFO ][2016-01-05 15:24:26,115][com.java.SeleniumDriver] [  881] - DataField : TXTtxtPhone
[INFO ][2016-01-05 15:24:26,117][com.java.SeleniumDriver] [  883] - DataValue : 12345678901
[INFO ][2016-01-05 15:24:26,117][com.java.SeleniumDriver] [  889] - <In Set values of the page>
[INFO ][2016-01-05 15:24:26,117][com.java.SeleniumDriver] [  892] - {Data Fields & Data Values Exist}
[INFO ][2016-01-05 15:24:26,117][com.java.SeleniumDriver] [  894] - --------------------------setting values-----------------------------
[INFO ][2016-01-05 15:24:26,117][com.java.SeleniumDriver] [  897] - Action Type : Enter
[INFO ][2016-01-05 15:24:26,117][com.java.TestType] [ 6508] - field = txtPhone
[INFO ][2016-01-05 15:24:26,117][com.java.TestType] [ 5705] - value = 12345678901
[INFO ][2016-01-05 15:24:27,451][com.java.SeleniumDriver] [  906] -  RESULT true
[INFO ][2016-01-05 15:24:27,451][com.java.SeleniumDriver] [ 1112] - ?   P A S S   ?
[INFO ][2016-01-05 15:24:27,452][com.java.SeleniumDriver] [  832] - ------------------------------------------
[INFO ][2016-01-05 15:24:27,452][com.java.SeleniumDriver] [  833] - Test case being Executed: 3
[INFO ][2016-01-05 15:24:27,452][com.java.SeleniumDriver] [  845] - Test step:25
[INFO ][2016-01-05 15:24:27,452][com.java.SeleniumDriver] [  857] - Datavalue is----------5
[INFO ][2016-01-05 15:24:27,452][com.java.SeleniumDriver] [  881] - DataField : TXTtxtPassword
[INFO ][2016-01-05 15:24:27,452][com.java.SeleniumDriver] [  883] - DataValue : 5
[INFO ][2016-01-05 15:24:27,452][com.java.SeleniumDriver] [  889] - <In Set values of the page>
[INFO ][2016-01-05 15:24:27,452][com.java.SeleniumDriver] [  892] - {Data Fields & Data Values Exist}
[INFO ][2016-01-05 15:24:27,452][com.java.SeleniumDriver] [  894] - --------------------------setting values-----------------------------
[INFO ][2016-01-05 15:24:27,452][com.java.SeleniumDriver] [  897] - Action Type : WaitForElement
[INFO ][2016-01-05 15:24:28,535][com.java.SeleniumDriver] [  906] -  RESULT true
[INFO ][2016-01-05 15:24:28,535][com.java.SeleniumDriver] [ 1112] - ?   P A S S   ?
[INFO ][2016-01-05 15:24:28,535][com.java.SeleniumDriver] [  832] - ------------------------------------------
[INFO ][2016-01-05 15:24:28,535][com.java.SeleniumDriver] [  833] - Test case being Executed: 3
[INFO ][2016-01-05 15:24:28,536][com.java.SeleniumDriver] [  845] - Test step:26
[INFO ][2016-01-05 15:24:28,536][com.java.SeleniumDriver] [  857] - Datavalue is----------dt:NewUserPswd
[INFO ][2016-01-05 15:24:28,536][com.java.SeleniumDriver] [  881] - DataField : TXTtxtPassword
[INFO ][2016-01-05 15:24:28,536][com.java.SeleniumDriver] [  883] - DataValue : dt:NewUserPswd
[INFO ][2016-01-05 15:24:28,536][com.java.SeleniumDriver] [  889] - <In Set values of the page>
[INFO ][2016-01-05 15:24:28,536][com.java.SeleniumDriver] [  892] - {Data Fields & Data Values Exist}
[INFO ][2016-01-05 15:24:28,536][com.java.SeleniumDriver] [  894] - --------------------------setting values-----------------------------
[INFO ][2016-01-05 15:24:28,536][com.java.SeleniumDriver] [  897] - Action Type : CLEARANDENTER
[INFO ][2016-01-05 15:24:28,536][com.java.TestType] [ 5705] - value = Password1*
[INFO ][2016-01-05 15:24:31,130][com.java.SeleniumDriver] [  906] -  RESULT true
[INFO ][2016-01-05 15:24:31,130][com.java.SeleniumDriver] [ 1112] - ?   P A S S   ?
[INFO ][2016-01-05 15:24:31,130][com.java.SeleniumDriver] [  832] - ------------------------------------------
[INFO ][2016-01-05 15:24:31,130][com.java.SeleniumDriver] [  833] - Test case being Executed: 3
[INFO ][2016-01-05 15:24:31,130][com.java.SeleniumDriver] [  845] - Test step:27
[INFO ][2016-01-05 15:24:31,130][com.java.SeleniumDriver] [  857] - Datavalue is----------5
[INFO ][2016-01-05 15:24:31,130][com.java.SeleniumDriver] [  881] - DataField : TXTtxtPasswordConfirm
[INFO ][2016-01-05 15:24:31,130][com.java.SeleniumDriver] [  883] - DataValue : 5
[INFO ][2016-01-05 15:24:31,130][com.java.SeleniumDriver] [  889] - <In Set values of the page>
[INFO ][2016-01-05 15:24:31,130][com.java.SeleniumDriver] [  892] - {Data Fields & Data Values Exist}
[INFO ][2016-01-05 15:24:31,130][com.java.SeleniumDriver] [  894] - --------------------------setting values-----------------------------
[INFO ][2016-01-05 15:24:31,131][com.java.SeleniumDriver] [  897] - Action Type : WaitForElement
[INFO ][2016-01-05 15:24:32,216][com.java.SeleniumDriver] [  906] -  RESULT true
[INFO ][2016-01-05 15:24:32,216][com.java.SeleniumDriver] [ 1112] - ?   P A S S   ?
[INFO ][2016-01-05 15:24:32,216][com.java.SeleniumDriver] [  832] - ------------------------------------------
[INFO ][2016-01-05 15:24:32,216][com.java.SeleniumDriver] [  833] - Test case being Executed: 3
[INFO ][2016-01-05 15:24:32,216][com.java.SeleniumDriver] [  845] - Test step:28
[INFO ][2016-01-05 15:24:32,216][com.java.SeleniumDriver] [  857] - Datavalue is----------dt:NewUserPswd
[INFO ][2016-01-05 15:24:32,216][com.java.SeleniumDriver] [  881] - DataField : TXTtxtPasswordConfirm
[INFO ][2016-01-05 15:24:32,217][com.java.SeleniumDriver] [  883] - DataValue : dt:NewUserPswd
[INFO ][2016-01-05 15:24:32,217][com.java.SeleniumDriver] [  889] - <In Set values of the page>
[INFO ][2016-01-05 15:24:32,217][com.java.SeleniumDriver] [  892] - {Data Fields & Data Values Exist}
[INFO ][2016-01-05 15:24:32,217][com.java.SeleniumDriver] [  894] - --------------------------setting values-----------------------------
[INFO ][2016-01-05 15:24:32,217][com.java.SeleniumDriver] [  897] - Action Type : CLEARANDENTER
[INFO ][2016-01-05 15:24:32,217][com.java.TestType] [ 5705] - value = Password1*
[INFO ][2016-01-05 15:24:34,796][com.java.SeleniumDriver] [  906] -  RESULT true
[INFO ][2016-01-05 15:24:34,796][com.java.SeleniumDriver] [ 1112] - ?   P A S S   ?
[INFO ][2016-01-05 15:24:34,796][com.java.SeleniumDriver] [  832] - ------------------------------------------
[INFO ][2016-01-05 15:24:34,796][com.java.SeleniumDriver] [  833] - Test case being Executed: 3
[INFO ][2016-01-05 15:24:34,796][com.java.SeleniumDriver] [  845] - Test step:29
[INFO ][2016-01-05 15:24:34,796][com.java.SeleniumDriver] [  857] - Datavalue is----------5
[INFO ][2016-01-05 15:24:34,796][com.java.SeleniumDriver] [  881] - DataField : test
[INFO ][2016-01-05 15:24:34,796][com.java.SeleniumDriver] [  883] - DataValue : 5
[INFO ][2016-01-05 15:24:34,796][com.java.SeleniumDriver] [  889] - <In Set values of the page>
[INFO ][2016-01-05 15:24:34,796][com.java.SeleniumDriver] [  892] - {Data Fields & Data Values Exist}
[INFO ][2016-01-05 15:24:34,796][com.java.SeleniumDriver] [  894] - --------------------------setting values-----------------------------
[INFO ][2016-01-05 15:24:34,796][com.java.SeleniumDriver] [  897] - Action Type : WaitTime
[DEBUG][2016-01-05 15:24:34,797][com.java.TestType] [ 5525] - sleepTime: 5000
[INFO ][2016-01-05 15:24:39,797][com.java.SeleniumDriver] [  906] -  RESULT true
[INFO ][2016-01-05 15:24:39,797][com.java.SeleniumDriver] [ 1112] - ?   P A S S   ?
[INFO ][2016-01-05 15:24:39,797][com.java.SeleniumDriver] [  832] - ------------------------------------------
[INFO ][2016-01-05 15:24:39,797][com.java.SeleniumDriver] [  833] - Test case being Executed: 3
[INFO ][2016-01-05 15:24:39,797][com.java.SeleniumDriver] [  845] - Test step:30
[INFO ][2016-01-05 15:24:39,797][com.java.SeleniumDriver] [  857] - Datavalue is----------null
[DEBUG][2016-01-05 15:24:39,797][com.java.SeleniumDriver] [  875] - Exception: null
[INFO ][2016-01-05 15:24:39,797][com.java.SeleniumDriver] [  881] - DataField : BTNparent
[INFO ][2016-01-05 15:24:39,797][com.java.SeleniumDriver] [  883] - DataValue : 
[INFO ][2016-01-05 15:24:39,797][com.java.SeleniumDriver] [  889] - <In Set values of the page>
[INFO ][2016-01-05 15:24:39,797][com.java.SeleniumDriver] [  892] - {Data Fields & Data Values Exist}
[INFO ][2016-01-05 15:24:39,797][com.java.SeleniumDriver] [  894] - --------------------------setting values-----------------------------
[INFO ][2016-01-05 15:24:39,797][com.java.SeleniumDriver] [  897] - Action Type : SelectFrame
[INFO ][2016-01-05 15:24:39,813][com.java.SeleniumDriver] [  906] -  RESULT true
[INFO ][2016-01-05 15:24:39,813][com.java.SeleniumDriver] [ 1112] - ?   P A S S   ?
[INFO ][2016-01-05 15:24:39,813][com.java.SeleniumDriver] [  832] - ------------------------------------------
[INFO ][2016-01-05 15:24:39,813][com.java.SeleniumDriver] [  833] - Test case being Executed: 3
[INFO ][2016-01-05 15:24:39,813][com.java.SeleniumDriver] [  845] - Test step:31
[INFO ][2016-01-05 15:24:39,813][com.java.SeleniumDriver] [  857] - Datavalue is----------null
[DEBUG][2016-01-05 15:24:39,813][com.java.SeleniumDriver] [  875] - Exception: null
[INFO ][2016-01-05 15:24:39,813][com.java.SeleniumDriver] [  881] - DataField : XPH//span[contains(text(), 'Finished')]
[INFO ][2016-01-05 15:24:39,813][com.java.SeleniumDriver] [  883] - DataValue : 
[INFO ][2016-01-05 15:24:39,814][com.java.SeleniumDriver] [  889] - <In Set values of the page>
[INFO ][2016-01-05 15:24:39,814][com.java.SeleniumDriver] [  892] - {Data Fields & Data Values Exist}
[INFO ][2016-01-05 15:24:39,814][com.java.SeleniumDriver] [  894] - --------------------------setting values-----------------------------
[INFO ][2016-01-05 15:24:39,814][com.java.SeleniumDriver] [  897] - Action Type : Click
[INFO ][2016-01-05 15:24:39,814][com.java.TestType] [ 6084] - Field ::XPH//span[contains(text(), 'Finished')]
[INFO ][2016-01-05 15:24:39,814][com.java.TestType] [ 5705] - value = 
[INFO ][2016-01-05 15:24:40,815][com.java.TestType] [ 6221] - BEFORE CLICK
[INFO ][2016-01-05 15:24:41,690][com.java.TestType] [ 6229] - Unable to click the object Finished button
[INFO ][2016-01-05 15:24:41,690][com.java.SeleniumDriver] [  906] -  RESULT true
[INFO ][2016-01-05 15:24:41,690][com.java.SeleniumDriver] [ 1112] - ?   P A S S   ?
[INFO ][2016-01-05 15:24:41,690][com.java.SeleniumDriver] [  832] - ------------------------------------------
[INFO ][2016-01-05 15:24:41,690][com.java.SeleniumDriver] [  833] - Test case being Executed: 3
[INFO ][2016-01-05 15:24:41,690][com.java.SeleniumDriver] [  845] - Test step:32
[INFO ][2016-01-05 15:24:41,690][com.java.SeleniumDriver] [  857] - Datavalue is----------5
[INFO ][2016-01-05 15:24:41,690][com.java.SeleniumDriver] [  881] - DataField : test
[INFO ][2016-01-05 15:24:41,690][com.java.SeleniumDriver] [  883] - DataValue : 5
[INFO ][2016-01-05 15:24:41,690][com.java.SeleniumDriver] [  889] - <In Set values of the page>
[INFO ][2016-01-05 15:24:41,690][com.java.SeleniumDriver] [  892] - {Data Fields & Data Values Exist}
[INFO ][2016-01-05 15:24:41,690][com.java.SeleniumDriver] [  894] - --------------------------setting values-----------------------------
[INFO ][2016-01-05 15:24:41,690][com.java.SeleniumDriver] [  897] - Action Type : WaitTime
[DEBUG][2016-01-05 15:24:41,691][com.java.TestType] [ 5525] - sleepTime: 5000
[INFO ][2016-01-05 15:24:46,691][com.java.SeleniumDriver] [  906] -  RESULT true
[INFO ][2016-01-05 15:24:46,691][com.java.SeleniumDriver] [ 1112] - ?   P A S S   ?
[INFO ][2016-01-05 15:24:46,691][com.java.SeleniumDriver] [  832] - ------------------------------------------
[INFO ][2016-01-05 15:24:46,691][com.java.SeleniumDriver] [  833] - Test case being Executed: 3
[INFO ][2016-01-05 15:24:46,691][com.java.SeleniumDriver] [  845] - Test step:33
[INFO ][2016-01-05 15:24:46,691][com.java.SeleniumDriver] [  857] - Datavalue is----------null
[DEBUG][2016-01-05 15:24:46,691][com.java.SeleniumDriver] [  875] - Exception: null
[INFO ][2016-01-05 15:24:46,691][com.java.SeleniumDriver] [  881] - DataField : BTNframeDialogContent
[INFO ][2016-01-05 15:24:46,691][com.java.SeleniumDriver] [  883] - DataValue : 
[INFO ][2016-01-05 15:24:46,691][com.java.SeleniumDriver] [  889] - <In Set values of the page>
[INFO ][2016-01-05 15:24:46,691][com.java.SeleniumDriver] [  892] - {Data Fields & Data Values Exist}
[INFO ][2016-01-05 15:24:46,691][com.java.SeleniumDriver] [  894] - --------------------------setting values-----------------------------
[INFO ][2016-01-05 15:24:46,692][com.java.SeleniumDriver] [  897] - Action Type : SelectFrame
[INFO ][2016-01-05 15:24:47,966][com.java.SeleniumDriver] [  906] -  RESULT true
[INFO ][2016-01-05 15:24:47,966][com.java.SeleniumDriver] [ 1112] - ?   P A S S   ?
[INFO ][2016-01-05 15:24:47,966][com.java.SeleniumDriver] [  832] - ------------------------------------------
[INFO ][2016-01-05 15:24:47,966][com.java.SeleniumDriver] [  833] - Test case being Executed: 3
[INFO ][2016-01-05 15:24:47,966][com.java.SeleniumDriver] [  845] - Test step:34
[INFO ][2016-01-05 15:24:47,966][com.java.SeleniumDriver] [  857] - Datavalue is----------null
[DEBUG][2016-01-05 15:24:47,966][com.java.SeleniumDriver] [  875] - Exception: null
[INFO ][2016-01-05 15:24:47,966][com.java.SeleniumDriver] [  881] - DataField : BTNchkGlobalPrivsUserAdmin
[INFO ][2016-01-05 15:24:47,966][com.java.SeleniumDriver] [  883] - DataValue : 
[INFO ][2016-01-05 15:24:47,966][com.java.SeleniumDriver] [  889] - <In Set values of the page>
[INFO ][2016-01-05 15:24:47,967][com.java.SeleniumDriver] [  892] - {Data Fields & Data Values Exist}
[INFO ][2016-01-05 15:24:47,967][com.java.SeleniumDriver] [  894] - --------------------------setting values-----------------------------
[INFO ][2016-01-05 15:24:47,967][com.java.SeleniumDriver] [  897] - Action Type : Click
[INFO ][2016-01-05 15:24:47,967][com.java.TestType] [ 6084] - Field ::BTNchkGlobalPrivsUserAdmin
[INFO ][2016-01-05 15:24:47,967][com.java.TestType] [ 5705] - value = 
[INFO ][2016-01-05 15:24:48,967][com.java.TestType] [ 6200] - BEFORE CLICK
[INFO ][2016-01-05 15:24:50,196][com.java.TestType] [ 6207] - Unable to click the object User Admin check box
[INFO ][2016-01-05 15:24:50,196][com.java.SeleniumDriver] [  906] -  RESULT true
[INFO ][2016-01-05 15:24:50,196][com.java.SeleniumDriver] [ 1112] - ?   P A S S   ?
[INFO ][2016-01-05 15:24:50,196][com.java.SeleniumDriver] [  832] - ------------------------------------------
[INFO ][2016-01-05 15:24:50,196][com.java.SeleniumDriver] [  833] - Test case being Executed: 3
[INFO ][2016-01-05 15:24:50,196][com.java.SeleniumDriver] [  845] - Test step:35
[INFO ][2016-01-05 15:24:50,196][com.java.SeleniumDriver] [  857] - Datavalue is----------index:1
[INFO ][2016-01-05 15:24:50,196][com.java.SeleniumDriver] [  881] - DataField : COBddlEntityAccess
[INFO ][2016-01-05 15:24:50,196][com.java.SeleniumDriver] [  883] - DataValue : index:1
[INFO ][2016-01-05 15:24:50,196][com.java.SeleniumDriver] [  889] - <In Set values of the page>
[INFO ][2016-01-05 15:24:50,196][com.java.SeleniumDriver] [  892] - {Data Fields & Data Values Exist}
[INFO ][2016-01-05 15:24:50,196][com.java.SeleniumDriver] [  894] - --------------------------setting values-----------------------------
[INFO ][2016-01-05 15:24:50,196][com.java.SeleniumDriver] [  897] - Action Type : select
[INFO ][2016-01-05 15:24:50,197][com.java.TestType] [ 5705] - value = 1
[INFO ][2016-01-05 15:24:51,343][com.java.TestType] [ 5823] -  In COB ddlEntityAccess : 1
[INFO ][2016-01-05 15:24:52,133][com.java.SeleniumDriver] [  906] -  RESULT true
[INFO ][2016-01-05 15:24:52,133][com.java.SeleniumDriver] [ 1112] - ?   P A S S   ?
[INFO ][2016-01-05 15:24:52,133][com.java.SeleniumDriver] [ 1154] - step change to 37
[INFO ][2016-01-05 15:24:52,133][com.java.SeleniumDriver] [  832] - ------------------------------------------
[INFO ][2016-01-05 15:24:52,133][com.java.SeleniumDriver] [  833] - Test case being Executed: 3
[INFO ][2016-01-05 15:24:52,133][com.java.SeleniumDriver] [  845] - Test step:37
[INFO ][2016-01-05 15:24:52,133][com.java.SeleniumDriver] [  857] - Datavalue is----------null
[DEBUG][2016-01-05 15:24:52,133][com.java.SeleniumDriver] [  875] - Exception: null
[INFO ][2016-01-05 15:24:52,133][com.java.SeleniumDriver] [  881] - DataField : BTNrdoEnableEntity_Enable
[INFO ][2016-01-05 15:24:52,133][com.java.SeleniumDriver] [  883] - DataValue : 
[INFO ][2016-01-05 15:24:52,133][com.java.SeleniumDriver] [  889] - <In Set values of the page>
[INFO ][2016-01-05 15:24:52,134][com.java.SeleniumDriver] [  892] - {Data Fields & Data Values Exist}
[INFO ][2016-01-05 15:24:52,134][com.java.SeleniumDriver] [  894] - --------------------------setting values-----------------------------
[INFO ][2016-01-05 15:24:52,134][com.java.SeleniumDriver] [  897] - Action Type : Click
[INFO ][2016-01-05 15:24:52,134][com.java.TestType] [ 6084] - Field ::BTNrdoEnableEntity_Enable
[INFO ][2016-01-05 15:24:52,134][com.java.TestType] [ 5705] - value = 
[INFO ][2016-01-05 15:24:53,134][com.java.TestType] [ 6200] - BEFORE CLICK
[INFO ][2016-01-05 15:24:54,358][com.java.TestType] [ 6207] - Unable to click the object Enable radio button
[INFO ][2016-01-05 15:24:54,359][com.java.SeleniumDriver] [  906] -  RESULT true
[INFO ][2016-01-05 15:24:54,359][com.java.SeleniumDriver] [ 1112] - ?   P A S S   ?
[INFO ][2016-01-05 15:24:54,359][com.java.SeleniumDriver] [  832] - ------------------------------------------
[INFO ][2016-01-05 15:24:54,359][com.java.SeleniumDriver] [  833] - Test case being Executed: 3
[INFO ][2016-01-05 15:24:54,359][com.java.SeleniumDriver] [  845] - Test step:38
[INFO ][2016-01-05 15:24:54,359][com.java.SeleniumDriver] [  857] - Datavalue is----------null
[DEBUG][2016-01-05 15:24:54,359][com.java.SeleniumDriver] [  875] - Exception: null
[INFO ][2016-01-05 15:24:54,359][com.java.SeleniumDriver] [  881] - DataField : BTNchkProfitCenterAll
[INFO ][2016-01-05 15:24:54,359][com.java.SeleniumDriver] [  883] - DataValue : 
[INFO ][2016-01-05 15:24:54,359][com.java.SeleniumDriver] [  889] - <In Set values of the page>
[INFO ][2016-01-05 15:24:54,359][com.java.SeleniumDriver] [  892] - {Data Fields & Data Values Exist}
[INFO ][2016-01-05 15:24:54,359][com.java.SeleniumDriver] [  894] - --------------------------setting values-----------------------------
[INFO ][2016-01-05 15:24:54,359][com.java.SeleniumDriver] [  897] - Action Type : Click
[INFO ][2016-01-05 15:24:54,359][com.java.TestType] [ 6084] - Field ::BTNchkProfitCenterAll
[INFO ][2016-01-05 15:24:54,360][com.java.TestType] [ 5705] - value = 
[INFO ][2016-01-05 15:24:55,360][com.java.TestType] [ 6200] - BEFORE CLICK
[INFO ][2016-01-05 15:24:56,584][com.java.TestType] [ 6207] - Unable to click the object All Check box
[INFO ][2016-01-05 15:24:56,584][com.java.SeleniumDriver] [  906] -  RESULT true
[INFO ][2016-01-05 15:24:56,584][com.java.SeleniumDriver] [ 1112] - ?   P A S S   ?
[INFO ][2016-01-05 15:24:56,584][com.java.SeleniumDriver] [  832] - ------------------------------------------
[INFO ][2016-01-05 15:24:56,584][com.java.SeleniumDriver] [  833] - Test case being Executed: 3
[INFO ][2016-01-05 15:24:56,584][com.java.SeleniumDriver] [  845] - Test step:39
[INFO ][2016-01-05 15:24:56,584][com.java.SeleniumDriver] [  857] - Datavalue is----------null
[DEBUG][2016-01-05 15:24:56,584][com.java.SeleniumDriver] [  875] - Exception: null
[INFO ][2016-01-05 15:24:56,584][com.java.SeleniumDriver] [  881] - DataField : BTNchkPrivsAccessGL
[INFO ][2016-01-05 15:24:56,584][com.java.SeleniumDriver] [  883] - DataValue : 
[INFO ][2016-01-05 15:24:56,586][com.java.SeleniumDriver] [  889] - <In Set values of the page>
[INFO ][2016-01-05 15:24:56,586][com.java.SeleniumDriver] [  892] - {Data Fields & Data Values Exist}
[INFO ][2016-01-05 15:24:56,586][com.java.SeleniumDriver] [  894] - --------------------------setting values-----------------------------
[INFO ][2016-01-05 15:24:56,586][com.java.SeleniumDriver] [  897] - Action Type : Click
[INFO ][2016-01-05 15:24:56,586][com.java.TestType] [ 6084] - Field ::BTNchkPrivsAccessGL
[INFO ][2016-01-05 15:24:56,586][com.java.TestType] [ 5705] - value = 
[INFO ][2016-01-05 15:24:57,586][com.java.TestType] [ 6200] - BEFORE CLICK
[INFO ][2016-01-05 15:24:58,790][com.java.TestType] [ 6207] - Unable to click the object GL check box
[INFO ][2016-01-05 15:24:58,791][com.java.SeleniumDriver] [  906] -  RESULT true
[INFO ][2016-01-05 15:24:58,791][com.java.SeleniumDriver] [ 1112] - ?   P A S S   ?
[INFO ][2016-01-05 15:24:58,791][com.java.SeleniumDriver] [  832] - ------------------------------------------
[INFO ][2016-01-05 15:24:58,791][com.java.SeleniumDriver] [  833] - Test case being Executed: 3
[INFO ][2016-01-05 15:24:58,791][com.java.SeleniumDriver] [  845] - Test step:40
[INFO ][2016-01-05 15:24:58,791][com.java.SeleniumDriver] [  857] - Datavalue is----------null
[DEBUG][2016-01-05 15:24:58,791][com.java.SeleniumDriver] [  875] - Exception: null
[INFO ][2016-01-05 15:24:58,791][com.java.SeleniumDriver] [  881] - DataField : BTNparent
[INFO ][2016-01-05 15:24:58,791][com.java.SeleniumDriver] [  883] - DataValue : 
[INFO ][2016-01-05 15:24:58,791][com.java.SeleniumDriver] [  889] - <In Set values of the page>
[INFO ][2016-01-05 15:24:58,791][com.java.SeleniumDriver] [  892] - {Data Fields & Data Values Exist}
[INFO ][2016-01-05 15:24:58,791][com.java.SeleniumDriver] [  894] - --------------------------setting values-----------------------------
[INFO ][2016-01-05 15:24:58,791][com.java.SeleniumDriver] [  897] - Action Type : SelectFrame
[INFO ][2016-01-05 15:24:58,806][com.java.SeleniumDriver] [  906] -  RESULT true
[INFO ][2016-01-05 15:24:58,806][com.java.SeleniumDriver] [ 1112] - ?   P A S S   ?
[INFO ][2016-01-05 15:24:58,806][com.java.SeleniumDriver] [  832] - ------------------------------------------
[INFO ][2016-01-05 15:24:58,806][com.java.SeleniumDriver] [  833] - Test case being Executed: 3
[INFO ][2016-01-05 15:24:58,806][com.java.SeleniumDriver] [  845] - Test step:41
[INFO ][2016-01-05 15:24:58,806][com.java.SeleniumDriver] [  857] - Datavalue is----------5
[INFO ][2016-01-05 15:24:58,806][com.java.SeleniumDriver] [  881] - DataField : test
[INFO ][2016-01-05 15:24:58,806][com.java.SeleniumDriver] [  883] - DataValue : 5
[INFO ][2016-01-05 15:24:58,806][com.java.SeleniumDriver] [  889] - <In Set values of the page>
[INFO ][2016-01-05 15:24:58,806][com.java.SeleniumDriver] [  892] - {Data Fields & Data Values Exist}
[INFO ][2016-01-05 15:24:58,806][com.java.SeleniumDriver] [  894] - --------------------------setting values-----------------------------
[INFO ][2016-01-05 15:24:58,806][com.java.SeleniumDriver] [  897] - Action Type : WaitTime
[DEBUG][2016-01-05 15:24:58,807][com.java.TestType] [ 5525] - sleepTime: 5000
[INFO ][2016-01-05 15:25:03,808][com.java.SeleniumDriver] [  906] -  RESULT true
[INFO ][2016-01-05 15:25:03,808][com.java.SeleniumDriver] [ 1112] - ?   P A S S   ?
[INFO ][2016-01-05 15:25:03,808][com.java.SeleniumDriver] [  832] - ------------------------------------------
[INFO ][2016-01-05 15:25:03,808][com.java.SeleniumDriver] [  833] - Test case being Executed: 3
[INFO ][2016-01-05 15:25:03,808][com.java.SeleniumDriver] [  845] - Test step:42
[INFO ][2016-01-05 15:25:03,808][com.java.SeleniumDriver] [  857] - Datavalue is----------null
[DEBUG][2016-01-05 15:25:03,808][com.java.SeleniumDriver] [  875] - Exception: null
[INFO ][2016-01-05 15:25:03,808][com.java.SeleniumDriver] [  881] - DataField : XPH//span[contains(text(), 'Finished')]
[INFO ][2016-01-05 15:25:03,808][com.java.SeleniumDriver] [  883] - DataValue : 
[INFO ][2016-01-05 15:25:03,808][com.java.SeleniumDriver] [  889] - <In Set values of the page>
[INFO ][2016-01-05 15:25:03,808][com.java.SeleniumDriver] [  892] - {Data Fields & Data Values Exist}
[INFO ][2016-01-05 15:25:03,808][com.java.SeleniumDriver] [  894] - --------------------------setting values-----------------------------
[INFO ][2016-01-05 15:25:03,808][com.java.SeleniumDriver] [  897] - Action Type : Click
[INFO ][2016-01-05 15:25:03,809][com.java.TestType] [ 6084] - Field ::XPH//span[contains(text(), 'Finished')]
[INFO ][2016-01-05 15:25:03,809][com.java.TestType] [ 5705] - value = 
[INFO ][2016-01-05 15:25:04,809][com.java.TestType] [ 6221] - BEFORE CLICK
[INFO ][2016-01-05 15:25:07,831][com.java.TestType] [ 6229] - Unable to click the object Finished button
[INFO ][2016-01-05 15:25:07,831][com.java.SeleniumDriver] [  906] -  RESULT true
[INFO ][2016-01-05 15:25:07,831][com.java.SeleniumDriver] [ 1112] - ?   P A S S   ?
[INFO ][2016-01-05 15:25:07,831][com.java.SeleniumDriver] [  832] - ------------------------------------------
[INFO ][2016-01-05 15:25:07,831][com.java.SeleniumDriver] [  833] - Test case being Executed: 3
[INFO ][2016-01-05 15:25:07,831][com.java.SeleniumDriver] [  845] - Test step:43
[INFO ][2016-01-05 15:25:07,831][com.java.SeleniumDriver] [  857] - Datavalue is----------5
[INFO ][2016-01-05 15:25:07,831][com.java.SeleniumDriver] [  881] - DataField : BTNframeDialogContent
[INFO ][2016-01-05 15:25:07,831][com.java.SeleniumDriver] [  883] - DataValue : 5
[INFO ][2016-01-05 15:25:07,831][com.java.SeleniumDriver] [  889] - <In Set values of the page>
[INFO ][2016-01-05 15:25:07,831][com.java.SeleniumDriver] [  892] - {Data Fields & Data Values Exist}
[INFO ][2016-01-05 15:25:07,831][com.java.SeleniumDriver] [  894] - --------------------------setting values-----------------------------
[INFO ][2016-01-05 15:25:07,831][com.java.SeleniumDriver] [  897] - Action Type : WaitForElement
[INFO ][2016-01-05 15:25:09,050][com.java.SeleniumDriver] [  906] -  RESULT true
[INFO ][2016-01-05 15:25:09,050][com.java.SeleniumDriver] [ 1112] - ?   P A S S   ?
[INFO ][2016-01-05 15:25:09,050][com.java.SeleniumDriver] [  832] - ------------------------------------------
[INFO ][2016-01-05 15:25:09,050][com.java.SeleniumDriver] [  833] - Test case being Executed: 3
[INFO ][2016-01-05 15:25:09,050][com.java.SeleniumDriver] [  845] - Test step:44
[INFO ][2016-01-05 15:25:09,050][com.java.SeleniumDriver] [  857] - Datavalue is----------null
[DEBUG][2016-01-05 15:25:09,051][com.java.SeleniumDriver] [  875] - Exception: null
[INFO ][2016-01-05 15:25:09,051][com.java.SeleniumDriver] [  881] - DataField : BTNframeDialogContent
[INFO ][2016-01-05 15:25:09,051][com.java.SeleniumDriver] [  883] - DataValue : 
[INFO ][2016-01-05 15:25:09,051][com.java.SeleniumDriver] [  889] - <In Set values of the page>
[INFO ][2016-01-05 15:25:09,051][com.java.SeleniumDriver] [  892] - {Data Fields & Data Values Exist}
[INFO ][2016-01-05 15:25:09,051][com.java.SeleniumDriver] [  894] - --------------------------setting values-----------------------------
[INFO ][2016-01-05 15:25:09,051][com.java.SeleniumDriver] [  897] - Action Type : SelectFrame
[INFO ][2016-01-05 15:25:10,306][com.java.SeleniumDriver] [  906] -  RESULT true
[INFO ][2016-01-05 15:25:10,306][com.java.SeleniumDriver] [ 1112] - ?   P A S S   ?
[INFO ][2016-01-05 15:25:10,306][com.java.SeleniumDriver] [  832] - ------------------------------------------
[INFO ][2016-01-05 15:25:10,306][com.java.SeleniumDriver] [  833] - Test case being Executed: 3
[INFO ][2016-01-05 15:25:10,306][com.java.SeleniumDriver] [  845] - Test step:45
[INFO ][2016-01-05 15:25:10,306][com.java.SeleniumDriver] [  857] - Datavalue is----------null
[DEBUG][2016-01-05 15:25:10,306][com.java.SeleniumDriver] [  875] - Exception: null
[INFO ][2016-01-05 15:25:10,306][com.java.SeleniumDriver] [  881] - DataField : XPH//table[@id="tblUserListing"]//td[contains(text(),'vltest.robot')]
[INFO ][2016-01-05 15:25:10,307][com.java.SeleniumDriver] [  883] - DataValue : 
[INFO ][2016-01-05 15:25:10,307][com.java.SeleniumDriver] [  889] - <In Set values of the page>
[INFO ][2016-01-05 15:25:10,307][com.java.SeleniumDriver] [  892] - {Data Fields & Data Values Exist}
[INFO ][2016-01-05 15:25:10,307][com.java.SeleniumDriver] [  894] - --------------------------setting values-----------------------------
[INFO ][2016-01-05 15:25:10,307][com.java.SeleniumDriver] [  897] - Action Type : WaitForElement
[INFO ][2016-01-05 15:25:10,332][com.java.SeleniumDriver] [  906] -  RESULT true
[INFO ][2016-01-05 15:25:10,332][com.java.SeleniumDriver] [ 1112] - ?   P A S S   ?
[INFO ][2016-01-05 15:25:10,332][com.java.SeleniumDriver] [  832] - ------------------------------------------
[INFO ][2016-01-05 15:25:10,332][com.java.SeleniumDriver] [  833] - Test case being Executed: 3
[INFO ][2016-01-05 15:25:10,332][com.java.SeleniumDriver] [  845] - Test step:46
[INFO ][2016-01-05 15:25:10,332][com.java.SeleniumDriver] [  857] - Datavalue is----------HMVGivenNewUserName
[INFO ][2016-01-05 15:25:10,332][com.java.SeleniumDriver] [  881] - DataField : USR
[INFO ][2016-01-05 15:25:10,332][com.java.SeleniumDriver] [  883] - DataValue : HMVGivenNewUserName
[INFO ][2016-01-05 15:25:10,332][com.java.SeleniumDriver] [  889] - <In Set values of the page>
[INFO ][2016-01-05 15:25:10,333][com.java.SeleniumDriver] [  892] - {Data Fields & Data Values Exist}
[INFO ][2016-01-05 15:25:10,333][com.java.SeleniumDriver] [  894] - --------------------------setting values-----------------------------
[INFO ][2016-01-05 15:25:10,333][com.java.SeleniumDriver] [  897] - Action Type : Verify
[INFO ][2016-01-05 15:25:10,333][com.java.TestType] [ 7081] - field= USR value= HMVGivenNewUserName
[INFO ][2016-01-05 15:25:10,333][com.java.TestType] [ 5705] - value = vltest.robot40093
[INFO ][2016-01-05 15:25:10,382][com.java.SeleniumDriver] [  906] -  RESULT true
[INFO ][2016-01-05 15:25:10,382][com.java.SeleniumDriver] [ 1112] - ?   P A S S   ?
[INFO ][2016-01-05 15:25:10,382][com.java.SeleniumDriver] [  832] - ------------------------------------------
[INFO ][2016-01-05 15:25:10,382][com.java.SeleniumDriver] [  833] - Test case being Executed: 3
[INFO ][2016-01-05 15:25:10,382][com.java.SeleniumDriver] [  845] - Test step:47
[INFO ][2016-01-05 15:25:10,382][com.java.SeleniumDriver] [  857] - Datavalue is----------GivenNewUserName::Login_username
[INFO ][2016-01-05 15:25:10,382][com.java.SeleniumDriver] [  881] - DataField : PVP//table[@id="tblUserListing"]//td[contains(text(),'mytext')]
[INFO ][2016-01-05 15:25:10,383][com.java.SeleniumDriver] [  883] - DataValue : GivenNewUserName::Login_username
[INFO ][2016-01-05 15:25:10,383][com.java.SeleniumDriver] [  889] - <In Set values of the page>
[INFO ][2016-01-05 15:25:10,383][com.java.SeleniumDriver] [  892] - {Data Fields & Data Values Exist}
[INFO ][2016-01-05 15:25:10,383][com.java.SeleniumDriver] [  894] - --------------------------setting values-----------------------------
[INFO ][2016-01-05 15:25:10,383][com.java.SeleniumDriver] [  897] - Action Type : STOREVALUE
[INFO ][2016-01-05 15:25:10,383][com.java.TestType] [ 8399] - field= PVP//table[@id="tblUserListing"]//td[contains(text(),'mytext')]
[DEBUG][2016-01-05 15:25:10,481][com.java.TestType] [ 8695] - Key:: GivenNewUserName::Login_username  Value:: vltest.robot40093.00058
[INFO ][2016-01-05 15:25:10,482][com.java.SeleniumDriver] [  906] -  RESULT true
[INFO ][2016-01-05 15:25:10,482][com.java.SeleniumDriver] [ 1112] - ?   P A S S   ?
[INFO ][2016-01-05 15:25:10,482][com.java.SeleniumDriver] [  832] - ------------------------------------------
[INFO ][2016-01-05 15:25:10,482][com.java.SeleniumDriver] [  833] - Test case being Executed: 3
[INFO ][2016-01-05 15:25:10,482][com.java.SeleniumDriver] [  845] - Test step:48
[INFO ][2016-01-05 15:25:10,482][com.java.SeleniumDriver] [  857] - Datavalue is----------5
[INFO ][2016-01-05 15:25:10,482][com.java.SeleniumDriver] [  881] - DataField : null
[INFO ][2016-01-05 15:25:10,482][com.java.SeleniumDriver] [  883] - DataValue : 5
[INFO ][2016-01-05 15:25:10,482][com.java.SeleniumDriver] [  889] - <In Set values of the page>
[INFO ][2016-01-05 15:25:10,482][com.java.SeleniumDriver] [  892] - {Data Fields & Data Values Exist}
[INFO ][2016-01-05 15:25:10,482][com.java.SeleniumDriver] [  894] - --------------------------setting values-----------------------------
[INFO ][2016-01-05 15:25:10,482][com.java.SeleniumDriver] [  897] - Action Type : WAITTIME
[DEBUG][2016-01-05 15:25:10,482][com.java.TestType] [ 5525] - sleepTime: 5000
[INFO ][2016-01-05 15:25:15,483][com.java.SeleniumDriver] [  906] -  RESULT true
[INFO ][2016-01-05 15:25:15,483][com.java.SeleniumDriver] [ 1112] - ?   P A S S   ?
[INFO ][2016-01-05 15:25:15,483][com.java.SeleniumDriver] [  832] - ------------------------------------------
[INFO ][2016-01-05 15:25:15,483][com.java.SeleniumDriver] [  833] - Test case being Executed: 3
[INFO ][2016-01-05 15:25:15,483][com.java.SeleniumDriver] [  845] - Test step:49
[INFO ][2016-01-05 15:25:15,483][com.java.SeleniumDriver] [  857] - Datavalue is----------Login_username
[INFO ][2016-01-05 15:25:15,483][com.java.SeleniumDriver] [  881] - DataField : MNC//div[@id="divUserListing"]//td//a[@id='modifyUser.mytext']
[INFO ][2016-01-05 15:25:15,483][com.java.SeleniumDriver] [  883] - DataValue : Login_username
[INFO ][2016-01-05 15:25:15,483][com.java.SeleniumDriver] [  889] - <In Set values of the page>
[INFO ][2016-01-05 15:25:15,483][com.java.SeleniumDriver] [  892] - {Data Fields & Data Values Exist}
[INFO ][2016-01-05 15:25:15,483][com.java.SeleniumDriver] [  894] - --------------------------setting values-----------------------------
[INFO ][2016-01-05 15:25:15,483][com.java.SeleniumDriver] [  897] - Action Type : CLICK
[INFO ][2016-01-05 15:25:15,483][com.java.TestType] [ 6084] - Field ::MNC//div[@id="divUserListing"]//td//a[@id='modifyUser.mytext']
[INFO ][2016-01-05 15:25:15,484][com.java.TestType] [ 5705] - value = Login_username
[INFO ][2016-01-05 15:25:16,741][com.java.SeleniumDriver] [  906] -  RESULT true
[INFO ][2016-01-05 15:25:16,741][com.java.SeleniumDriver] [ 1112] - ?   P A S S   ?
[INFO ][2016-01-05 15:25:16,741][com.java.SeleniumDriver] [  832] - ------------------------------------------
[INFO ][2016-01-05 15:25:16,741][com.java.SeleniumDriver] [  833] - Test case being Executed: 3
[INFO ][2016-01-05 15:25:16,741][com.java.SeleniumDriver] [  845] - Test step:50
[INFO ][2016-01-05 15:25:16,741][com.java.SeleniumDriver] [  857] - Datavalue is----------5
[INFO ][2016-01-05 15:25:16,741][com.java.SeleniumDriver] [  881] - DataField : null
[INFO ][2016-01-05 15:25:16,741][com.java.SeleniumDriver] [  883] - DataValue : 5
[INFO ][2016-01-05 15:25:16,741][com.java.SeleniumDriver] [  889] - <In Set values of the page>
[INFO ][2016-01-05 15:25:16,741][com.java.SeleniumDriver] [  892] - {Data Fields & Data Values Exist}
[INFO ][2016-01-05 15:25:16,741][com.java.SeleniumDriver] [  894] - --------------------------setting values-----------------------------
[INFO ][2016-01-05 15:25:16,742][com.java.SeleniumDriver] [  897] - Action Type : WAITTIME
[DEBUG][2016-01-05 15:25:16,743][com.java.TestType] [ 5525] - sleepTime: 5000
[INFO ][2016-01-05 15:25:21,744][com.java.SeleniumDriver] [  906] -  RESULT true
[INFO ][2016-01-05 15:25:21,744][com.java.SeleniumDriver] [ 1112] - ?   P A S S   ?
[INFO ][2016-01-05 15:25:21,744][com.java.SeleniumDriver] [  832] - ------------------------------------------
[INFO ][2016-01-05 15:25:21,744][com.java.SeleniumDriver] [  833] - Test case being Executed: 3
[INFO ][2016-01-05 15:25:21,744][com.java.SeleniumDriver] [  845] - Test step:51
[INFO ][2016-01-05 15:25:21,744][com.java.SeleniumDriver] [  857] - Datavalue is----------null
[DEBUG][2016-01-05 15:25:21,744][com.java.SeleniumDriver] [  875] - Exception: null
[INFO ][2016-01-05 15:25:21,744][com.java.SeleniumDriver] [  881] - DataField : BTNbtnAccess
[INFO ][2016-01-05 15:25:21,744][com.java.SeleniumDriver] [  883] - DataValue : 
[INFO ][2016-01-05 15:25:21,744][com.java.SeleniumDriver] [  889] - <In Set values of the page>
[INFO ][2016-01-05 15:25:21,744][com.java.SeleniumDriver] [  892] - {Data Fields & Data Values Exist}
[INFO ][2016-01-05 15:25:21,744][com.java.SeleniumDriver] [  894] - --------------------------setting values-----------------------------
[INFO ][2016-01-05 15:25:21,744][com.java.SeleniumDriver] [  897] - Action Type : WaitForElement
[INFO ][2016-01-05 15:25:22,825][com.java.SeleniumDriver] [  906] -  RESULT true
[INFO ][2016-01-05 15:25:22,825][com.java.SeleniumDriver] [ 1112] - ?   P A S S   ?
[INFO ][2016-01-05 15:25:22,825][com.java.SeleniumDriver] [  832] - ------------------------------------------
[INFO ][2016-01-05 15:25:22,825][com.java.SeleniumDriver] [  833] - Test case being Executed: 3
[INFO ][2016-01-05 15:25:22,825][com.java.SeleniumDriver] [  845] - Test step:52
[INFO ][2016-01-05 15:25:22,825][com.java.SeleniumDriver] [  857] - Datavalue is----------null
[DEBUG][2016-01-05 15:25:22,825][com.java.SeleniumDriver] [  875] - Exception: null
[INFO ][2016-01-05 15:25:22,825][com.java.SeleniumDriver] [  881] - DataField : BTNbtnAccess
[INFO ][2016-01-05 15:25:22,825][com.java.SeleniumDriver] [  883] - DataValue : 
[INFO ][2016-01-05 15:25:22,826][com.java.SeleniumDriver] [  889] - <In Set values of the page>
[INFO ][2016-01-05 15:25:22,826][com.java.SeleniumDriver] [  892] - {Data Fields & Data Values Exist}
[INFO ][2016-01-05 15:25:22,826][com.java.SeleniumDriver] [  894] - --------------------------setting values-----------------------------
[INFO ][2016-01-05 15:25:22,826][com.java.SeleniumDriver] [  897] - Action Type : CLICK
[INFO ][2016-01-05 15:25:22,826][com.java.TestType] [ 6084] - Field ::BTNbtnAccess
[INFO ][2016-01-05 15:25:22,826][com.java.TestType] [ 5705] - value = 
[INFO ][2016-01-05 15:25:23,826][com.java.TestType] [ 6200] - BEFORE CLICK
[INFO ][2016-01-05 15:25:25,629][com.java.TestType] [ 6207] - Unable to click the object Set Access button
[INFO ][2016-01-05 15:25:25,629][com.java.SeleniumDriver] [  906] -  RESULT true
[INFO ][2016-01-05 15:25:25,629][com.java.SeleniumDriver] [ 1112] - ?   P A S S   ?
[INFO ][2016-01-05 15:25:25,629][com.java.SeleniumDriver] [  832] - ------------------------------------------
[INFO ][2016-01-05 15:25:25,629][com.java.SeleniumDriver] [  833] - Test case being Executed: 3
[INFO ][2016-01-05 15:25:25,629][com.java.SeleniumDriver] [  845] - Test step:53
[INFO ][2016-01-05 15:25:25,629][com.java.SeleniumDriver] [  857] - Datavalue is----------null
[DEBUG][2016-01-05 15:25:25,629][com.java.SeleniumDriver] [  875] - Exception: null
[INFO ][2016-01-05 15:25:25,629][com.java.SeleniumDriver] [  881] - DataField : BTN//select[@id='ddlEntityAccess']//option[2]
[INFO ][2016-01-05 15:25:25,629][com.java.SeleniumDriver] [  883] - DataValue : 
[INFO ][2016-01-05 15:25:25,630][com.java.SeleniumDriver] [  889] - <In Set values of the page>
[INFO ][2016-01-05 15:25:25,630][com.java.SeleniumDriver] [  892] - {Data Fields & Data Values Exist}
[INFO ][2016-01-05 15:25:25,630][com.java.SeleniumDriver] [  894] - --------------------------setting values-----------------------------
[INFO ][2016-01-05 15:25:25,630][com.java.SeleniumDriver] [  897] - Action Type : CLICK
[INFO ][2016-01-05 15:25:25,630][com.java.TestType] [ 6084] - Field ::BTN//select[@id='ddlEntityAccess']//option[2]
[INFO ][2016-01-05 15:25:25,630][com.java.TestType] [ 5705] - value = 
[INFO ][2016-01-05 15:25:26,630][com.java.TestType] [ 6200] - BEFORE CLICK
[INFO ][2016-01-05 15:25:27,326][com.java.TestType] [ 6207] - Unable to click the object Bank entity
[INFO ][2016-01-05 15:25:27,326][com.java.SeleniumDriver] [  906] -  RESULT true
[INFO ][2016-01-05 15:25:27,326][com.java.SeleniumDriver] [ 1112] - ?   P A S S   ?
[INFO ][2016-01-05 15:25:27,326][com.java.SeleniumDriver] [  832] - ------------------------------------------
[INFO ][2016-01-05 15:25:27,326][com.java.SeleniumDriver] [  833] - Test case being Executed: 3
[INFO ][2016-01-05 15:25:27,326][com.java.SeleniumDriver] [  845] - Test step:54
[INFO ][2016-01-05 15:25:27,326][com.java.SeleniumDriver] [  857] - Datavalue is----------null
[DEBUG][2016-01-05 15:25:27,327][com.java.SeleniumDriver] [  875] - Exception: null
[INFO ][2016-01-05 15:25:27,327][com.java.SeleniumDriver] [  881] - DataField : BTNrdoEnableEntity_Enable
[INFO ][2016-01-05 15:25:27,327][com.java.SeleniumDriver] [  883] - DataValue : 
[INFO ][2016-01-05 15:25:27,327][com.java.SeleniumDriver] [  889] - <In Set values of the page>
[INFO ][2016-01-05 15:25:27,327][com.java.SeleniumDriver] [  892] - {Data Fields & Data Values Exist}
[INFO ][2016-01-05 15:25:27,327][com.java.SeleniumDriver] [  894] - --------------------------setting values-----------------------------
[INFO ][2016-01-05 15:25:27,327][com.java.SeleniumDriver] [  897] - Action Type : CLICK
[INFO ][2016-01-05 15:25:27,327][com.java.TestType] [ 6084] - Field ::BTNrdoEnableEntity_Enable
[INFO ][2016-01-05 15:25:27,327][com.java.TestType] [ 5705] - value = 
[INFO ][2016-01-05 15:25:28,327][com.java.TestType] [ 6200] - BEFORE CLICK
[INFO ][2016-01-05 15:25:29,535][com.java.TestType] [ 6207] - Unable to click the object Enable radio button
[INFO ][2016-01-05 15:25:29,535][com.java.SeleniumDriver] [  906] -  RESULT true
[INFO ][2016-01-05 15:25:29,535][com.java.SeleniumDriver] [ 1112] - ?   P A S S   ?
[INFO ][2016-01-05 15:25:29,535][com.java.SeleniumDriver] [  832] - ------------------------------------------
[INFO ][2016-01-05 15:25:29,535][com.java.SeleniumDriver] [  833] - Test case being Executed: 3
[INFO ][2016-01-05 15:25:29,535][com.java.SeleniumDriver] [  845] - Test step:55
[INFO ][2016-01-05 15:25:29,535][com.java.SeleniumDriver] [  857] - Datavalue is----------null
[DEBUG][2016-01-05 15:25:29,535][com.java.SeleniumDriver] [  875] - Exception: null
[INFO ][2016-01-05 15:25:29,535][com.java.SeleniumDriver] [  881] - DataField : BTNchkGlobalPrivsUserAdmin
[INFO ][2016-01-05 15:25:29,535][com.java.SeleniumDriver] [  883] - DataValue : 
[INFO ][2016-01-05 15:25:29,536][com.java.SeleniumDriver] [  889] - <In Set values of the page>
[INFO ][2016-01-05 15:25:29,536][com.java.SeleniumDriver] [  892] - {Data Fields & Data Values Exist}
[INFO ][2016-01-05 15:25:29,536][com.java.SeleniumDriver] [  894] - --------------------------setting values-----------------------------
[INFO ][2016-01-05 15:25:29,536][com.java.SeleniumDriver] [  897] - Action Type : CLICK
[INFO ][2016-01-05 15:25:29,536][com.java.TestType] [ 6084] - Field ::BTNchkGlobalPrivsUserAdmin
[INFO ][2016-01-05 15:25:29,536][com.java.TestType] [ 5705] - value = 
[INFO ][2016-01-05 15:25:30,536][com.java.TestType] [ 6200] - BEFORE CLICK
[INFO ][2016-01-05 15:25:31,741][com.java.TestType] [ 6207] - Unable to click the object User Admin check box
[INFO ][2016-01-05 15:25:31,741][com.java.SeleniumDriver] [  906] -  RESULT true
[INFO ][2016-01-05 15:25:31,741][com.java.SeleniumDriver] [ 1112] - ?   P A S S   ?
[INFO ][2016-01-05 15:25:31,741][com.java.SeleniumDriver] [  832] - ------------------------------------------
[INFO ][2016-01-05 15:25:31,742][com.java.SeleniumDriver] [  833] - Test case being Executed: 3
[INFO ][2016-01-05 15:25:31,742][com.java.SeleniumDriver] [  845] - Test step:56
[INFO ][2016-01-05 15:25:31,743][com.java.SeleniumDriver] [  857] - Datavalue is----------null
[DEBUG][2016-01-05 15:25:31,743][com.java.SeleniumDriver] [  875] - Exception: null
[INFO ][2016-01-05 15:25:31,743][com.java.SeleniumDriver] [  881] - DataField : BTNchkGlobalPrivsDocumentVaultAdmin
[INFO ][2016-01-05 15:25:31,743][com.java.SeleniumDriver] [  883] - DataValue : 
[INFO ][2016-01-05 15:25:31,743][com.java.SeleniumDriver] [  889] - <In Set values of the page>
[INFO ][2016-01-05 15:25:31,744][com.java.SeleniumDriver] [  892] - {Data Fields & Data Values Exist}
[INFO ][2016-01-05 15:25:31,744][com.java.SeleniumDriver] [  894] - --------------------------setting values-----------------------------
[INFO ][2016-01-05 15:25:31,744][com.java.SeleniumDriver] [  897] - Action Type : CLICK
[INFO ][2016-01-05 15:25:31,744][com.java.TestType] [ 6084] - Field ::BTNchkGlobalPrivsDocumentVaultAdmin
[INFO ][2016-01-05 15:25:31,744][com.java.TestType] [ 5705] - value = 
[INFO ][2016-01-05 15:25:32,744][com.java.TestType] [ 6200] - BEFORE CLICK
[INFO ][2016-01-05 15:25:33,946][com.java.TestType] [ 6207] - Unable to click the object Document Vault Admin box
[INFO ][2016-01-05 15:25:33,946][com.java.SeleniumDriver] [  906] -  RESULT true
[INFO ][2016-01-05 15:25:33,946][com.java.SeleniumDriver] [ 1112] - ?   P A S S   ?
[INFO ][2016-01-05 15:25:33,946][com.java.SeleniumDriver] [  832] - ------------------------------------------
[INFO ][2016-01-05 15:25:33,946][com.java.SeleniumDriver] [  833] - Test case being Executed: 3
[INFO ][2016-01-05 15:25:33,946][com.java.SeleniumDriver] [  845] - Test step:57
[INFO ][2016-01-05 15:25:33,946][com.java.SeleniumDriver] [  857] - Datavalue is----------null
[DEBUG][2016-01-05 15:25:33,946][com.java.SeleniumDriver] [  875] - Exception: null
[INFO ][2016-01-05 15:25:33,947][com.java.SeleniumDriver] [  881] - DataField : BTNchkGlobalPrivsTabletApp
[INFO ][2016-01-05 15:25:33,947][com.java.SeleniumDriver] [  883] - DataValue : 
[INFO ][2016-01-05 15:25:33,947][com.java.SeleniumDriver] [  889] - <In Set values of the page>
[INFO ][2016-01-05 15:25:33,947][com.java.SeleniumDriver] [  892] - {Data Fields & Data Values Exist}
[INFO ][2016-01-05 15:25:33,947][com.java.SeleniumDriver] [  894] - --------------------------setting values-----------------------------
[INFO ][2016-01-05 15:25:33,947][com.java.SeleniumDriver] [  897] - Action Type : CLICK
[INFO ][2016-01-05 15:25:33,947][com.java.TestType] [ 6084] - Field ::BTNchkGlobalPrivsTabletApp
[INFO ][2016-01-05 15:25:33,947][com.java.TestType] [ 5705] - value = 
[INFO ][2016-01-05 15:25:34,947][com.java.TestType] [ 6200] - BEFORE CLICK
[INFO ][2016-01-05 15:25:36,142][com.java.TestType] [ 6207] - Unable to click the object Allow Tablet App Access
[INFO ][2016-01-05 15:25:36,142][com.java.SeleniumDriver] [  906] -  RESULT true
[INFO ][2016-01-05 15:25:36,142][com.java.SeleniumDriver] [ 1112] - ?   P A S S   ?
[INFO ][2016-01-05 15:25:36,142][com.java.SeleniumDriver] [  832] - ------------------------------------------
[INFO ][2016-01-05 15:25:36,142][com.java.SeleniumDriver] [  833] - Test case being Executed: 3
[INFO ][2016-01-05 15:25:36,142][com.java.SeleniumDriver] [  845] - Test step:58
[INFO ][2016-01-05 15:25:36,142][com.java.SeleniumDriver] [  857] - Datavalue is----------null
[DEBUG][2016-01-05 15:25:36,142][com.java.SeleniumDriver] [  875] - Exception: null
[INFO ][2016-01-05 15:25:36,142][com.java.SeleniumDriver] [  881] - DataField : BTNchkProfitCenterAll
[INFO ][2016-01-05 15:25:36,142][com.java.SeleniumDriver] [  883] - DataValue : 
[INFO ][2016-01-05 15:25:36,142][com.java.SeleniumDriver] [  889] - <In Set values of the page>
[INFO ][2016-01-05 15:25:36,143][com.java.SeleniumDriver] [  892] - {Data Fields & Data Values Exist}
[INFO ][2016-01-05 15:25:36,143][com.java.SeleniumDriver] [  894] - --------------------------setting values-----------------------------
[INFO ][2016-01-05 15:25:36,143][com.java.SeleniumDriver] [  897] - Action Type : CLICK
[INFO ][2016-01-05 15:25:36,143][com.java.TestType] [ 6084] - Field ::BTNchkProfitCenterAll
[INFO ][2016-01-05 15:25:36,143][com.java.TestType] [ 5705] - value = 
[INFO ][2016-01-05 15:25:37,143][com.java.TestType] [ 6200] - BEFORE CLICK
[INFO ][2016-01-05 15:25:38,337][com.java.TestType] [ 6207] - Unable to click the object All Check box
[INFO ][2016-01-05 15:25:38,337][com.java.SeleniumDriver] [  906] -  RESULT true
[INFO ][2016-01-05 15:25:38,337][com.java.SeleniumDriver] [ 1112] - ?   P A S S   ?
[INFO ][2016-01-05 15:25:38,337][com.java.SeleniumDriver] [  832] - ------------------------------------------
[INFO ][2016-01-05 15:25:38,337][com.java.SeleniumDriver] [  833] - Test case being Executed: 3
[INFO ][2016-01-05 15:25:38,337][com.java.SeleniumDriver] [  845] - Test step:59
[INFO ][2016-01-05 15:25:38,337][com.java.SeleniumDriver] [  857] - Datavalue is----------null
[DEBUG][2016-01-05 15:25:38,337][com.java.SeleniumDriver] [  875] - Exception: null
[INFO ][2016-01-05 15:25:38,337][com.java.SeleniumDriver] [  881] - DataField : BTNchkPrivsAccessGL
[INFO ][2016-01-05 15:25:38,338][com.java.SeleniumDriver] [  883] - DataValue : 
[INFO ][2016-01-05 15:25:38,338][com.java.SeleniumDriver] [  889] - <In Set values of the page>
[INFO ][2016-01-05 15:25:38,338][com.java.SeleniumDriver] [  892] - {Data Fields & Data Values Exist}
[INFO ][2016-01-05 15:25:38,338][com.java.SeleniumDriver] [  894] - --------------------------setting values-----------------------------
[INFO ][2016-01-05 15:25:38,338][com.java.SeleniumDriver] [  897] - Action Type : CLICK
[INFO ][2016-01-05 15:25:38,338][com.java.TestType] [ 6084] - Field ::BTNchkPrivsAccessGL
[INFO ][2016-01-05 15:25:38,338][com.java.TestType] [ 5705] - value = 
[INFO ][2016-01-05 15:25:39,338][com.java.TestType] [ 6200] - BEFORE CLICK
[INFO ][2016-01-05 15:25:40,543][com.java.TestType] [ 6207] - Unable to click the object GL check box
[INFO ][2016-01-05 15:25:40,543][com.java.SeleniumDriver] [  906] -  RESULT true
[INFO ][2016-01-05 15:25:40,543][com.java.SeleniumDriver] [ 1112] - ?   P A S S   ?
[INFO ][2016-01-05 15:25:40,543][com.java.SeleniumDriver] [  832] - ------------------------------------------
[INFO ][2016-01-05 15:25:40,543][com.java.SeleniumDriver] [  833] - Test case being Executed: 3
[INFO ][2016-01-05 15:25:40,543][com.java.SeleniumDriver] [  845] - Test step:60
[INFO ][2016-01-05 15:25:40,543][com.java.SeleniumDriver] [  857] - Datavalue is----------null
[DEBUG][2016-01-05 15:25:40,544][com.java.SeleniumDriver] [  875] - Exception: null
[INFO ][2016-01-05 15:25:40,544][com.java.SeleniumDriver] [  881] - DataField : BTNchkPrivsAccessAL
[INFO ][2016-01-05 15:25:40,544][com.java.SeleniumDriver] [  883] - DataValue : 
[INFO ][2016-01-05 15:25:40,544][com.java.SeleniumDriver] [  889] - <In Set values of the page>
[INFO ][2016-01-05 15:25:40,544][com.java.SeleniumDriver] [  892] - {Data Fields & Data Values Exist}
[INFO ][2016-01-05 15:25:40,544][com.java.SeleniumDriver] [  894] - --------------------------setting values-----------------------------
[INFO ][2016-01-05 15:25:40,544][com.java.SeleniumDriver] [  897] - Action Type : CLICK
[INFO ][2016-01-05 15:25:40,544][com.java.TestType] [ 6084] - Field ::BTNchkPrivsAccessAL
[INFO ][2016-01-05 15:25:40,544][com.java.TestType] [ 5705] - value = 
[INFO ][2016-01-05 15:25:41,545][com.java.TestType] [ 6200] - BEFORE CLICK
[INFO ][2016-01-05 15:25:42,744][com.java.TestType] [ 6207] - Unable to click the object Access A/L box
[INFO ][2016-01-05 15:25:42,744][com.java.SeleniumDriver] [  906] -  RESULT true
[INFO ][2016-01-05 15:25:42,744][com.java.SeleniumDriver] [ 1112] - ?   P A S S   ?
[INFO ][2016-01-05 15:25:42,744][com.java.SeleniumDriver] [  832] - ------------------------------------------
[INFO ][2016-01-05 15:25:42,744][com.java.SeleniumDriver] [  833] - Test case being Executed: 3
[INFO ][2016-01-05 15:25:42,744][com.java.SeleniumDriver] [  845] - Test step:61
[INFO ][2016-01-05 15:25:42,744][com.java.SeleniumDriver] [  857] - Datavalue is----------null
[DEBUG][2016-01-05 15:25:42,744][com.java.SeleniumDriver] [  875] - Exception: null
[INFO ][2016-01-05 15:25:42,744][com.java.SeleniumDriver] [  881] - DataField : BTNchkPrivsParamsAdmin
[INFO ][2016-01-05 15:25:42,745][com.java.SeleniumDriver] [  883] - DataValue : 
[INFO ][2016-01-05 15:25:42,745][com.java.SeleniumDriver] [  889] - <In Set values of the page>
[INFO ][2016-01-05 15:25:42,745][com.java.SeleniumDriver] [  892] - {Data Fields & Data Values Exist}
[INFO ][2016-01-05 15:25:42,745][com.java.SeleniumDriver] [  894] - --------------------------setting values-----------------------------
[INFO ][2016-01-05 15:25:42,745][com.java.SeleniumDriver] [  897] - Action Type : CLICK
[INFO ][2016-01-05 15:25:42,745][com.java.TestType] [ 6084] - Field ::BTNchkPrivsParamsAdmin
[INFO ][2016-01-05 15:25:42,745][com.java.TestType] [ 5705] - value = 
[INFO ][2016-01-05 15:25:43,745][com.java.TestType] [ 6200] - BEFORE CLICK
[INFO ][2016-01-05 15:25:44,953][com.java.TestType] [ 6207] - Unable to click the object Parameters Admin box
[INFO ][2016-01-05 15:25:44,953][com.java.SeleniumDriver] [  906] -  RESULT true
[INFO ][2016-01-05 15:25:44,953][com.java.SeleniumDriver] [ 1112] - ?   P A S S   ?
[INFO ][2016-01-05 15:25:44,953][com.java.SeleniumDriver] [  832] - ------------------------------------------
[INFO ][2016-01-05 15:25:44,953][com.java.SeleniumDriver] [  833] - Test case being Executed: 3
[INFO ][2016-01-05 15:25:44,953][com.java.SeleniumDriver] [  845] - Test step:62
[INFO ][2016-01-05 15:25:44,953][com.java.SeleniumDriver] [  857] - Datavalue is----------null
[DEBUG][2016-01-05 15:25:44,954][com.java.SeleniumDriver] [  875] - Exception: null
[INFO ][2016-01-05 15:25:44,954][com.java.SeleniumDriver] [  881] - DataField : BTNchkPrivsDesignBoardPackage
[INFO ][2016-01-05 15:25:44,954][com.java.SeleniumDriver] [  883] - DataValue : 
[INFO ][2016-01-05 15:25:44,954][com.java.SeleniumDriver] [  889] - <In Set values of the page>
[INFO ][2016-01-05 15:25:44,954][com.java.SeleniumDriver] [  892] - {Data Fields & Data Values Exist}
[INFO ][2016-01-05 15:25:44,954][com.java.SeleniumDriver] [  894] - --------------------------setting values-----------------------------
[INFO ][2016-01-05 15:25:44,954][com.java.SeleniumDriver] [  897] - Action Type : CLICK
[INFO ][2016-01-05 15:25:44,954][com.java.TestType] [ 6084] - Field ::BTNchkPrivsDesignBoardPackage
[INFO ][2016-01-05 15:25:44,954][com.java.TestType] [ 5705] - value = 
[INFO ][2016-01-05 15:25:45,954][com.java.TestType] [ 6200] - BEFORE CLICK
[INFO ][2016-01-05 15:25:47,153][com.java.TestType] [ 6207] - Unable to click the object Design Board Package box
[INFO ][2016-01-05 15:25:47,153][com.java.SeleniumDriver] [  906] -  RESULT true
[INFO ][2016-01-05 15:25:47,153][com.java.SeleniumDriver] [ 1112] - ?   P A S S   ?
[INFO ][2016-01-05 15:25:47,153][com.java.SeleniumDriver] [  832] - ------------------------------------------
[INFO ][2016-01-05 15:25:47,153][com.java.SeleniumDriver] [  833] - Test case being Executed: 3
[INFO ][2016-01-05 15:25:47,153][com.java.SeleniumDriver] [  845] - Test step:63
[INFO ][2016-01-05 15:25:47,153][com.java.SeleniumDriver] [  857] - Datavalue is----------null
[DEBUG][2016-01-05 15:25:47,154][com.java.SeleniumDriver] [  875] - Exception: null
[INFO ][2016-01-05 15:25:47,154][com.java.SeleniumDriver] [  881] - DataField : BTNchkPrivsProjectionsAdmin
[INFO ][2016-01-05 15:25:47,154][com.java.SeleniumDriver] [  883] - DataValue : 
[INFO ][2016-01-05 15:25:47,154][com.java.SeleniumDriver] [  889] - <In Set values of the page>
[INFO ][2016-01-05 15:25:47,154][com.java.SeleniumDriver] [  892] - {Data Fields & Data Values Exist}
[INFO ][2016-01-05 15:25:47,154][com.java.SeleniumDriver] [  894] - --------------------------setting values-----------------------------
[INFO ][2016-01-05 15:25:47,154][com.java.SeleniumDriver] [  897] - Action Type : CLICK
[INFO ][2016-01-05 15:25:47,154][com.java.TestType] [ 6084] - Field ::BTNchkPrivsProjectionsAdmin
[INFO ][2016-01-05 15:25:47,154][com.java.TestType] [ 5705] - value = 
[INFO ][2016-01-05 15:25:48,154][com.java.TestType] [ 6200] - BEFORE CLICK
[INFO ][2016-01-05 15:25:49,384][com.java.TestType] [ 6207] - Unable to click the object Projections Admin box
[INFO ][2016-01-05 15:25:49,385][com.java.SeleniumDriver] [  906] -  RESULT true
[INFO ][2016-01-05 15:25:49,385][com.java.SeleniumDriver] [ 1112] - ?   P A S S   ?
[INFO ][2016-01-05 15:25:49,385][com.java.SeleniumDriver] [  832] - ------------------------------------------
[INFO ][2016-01-05 15:25:49,385][com.java.SeleniumDriver] [  833] - Test case being Executed: 3
[INFO ][2016-01-05 15:25:49,385][com.java.SeleniumDriver] [  845] - Test step:64
[INFO ][2016-01-05 15:25:49,385][com.java.SeleniumDriver] [  857] - Datavalue is----------null
[DEBUG][2016-01-05 15:25:49,385][com.java.SeleniumDriver] [  875] - Exception: null
[INFO ][2016-01-05 15:25:49,385][com.java.SeleniumDriver] [  881] - DataField : BTNchkPrivsMappingAdmin
[INFO ][2016-01-05 15:25:49,385][com.java.SeleniumDriver] [  883] - DataValue : 
[INFO ][2016-01-05 15:25:49,385][com.java.SeleniumDriver] [  889] - <In Set values of the page>
[INFO ][2016-01-05 15:25:49,385][com.java.SeleniumDriver] [  892] - {Data Fields & Data Values Exist}
[INFO ][2016-01-05 15:25:49,385][com.java.SeleniumDriver] [  894] - --------------------------setting values-----------------------------
[INFO ][2016-01-05 15:25:49,385][com.java.SeleniumDriver] [  897] - Action Type : CLICK
[INFO ][2016-01-05 15:25:49,385][com.java.TestType] [ 6084] - Field ::BTNchkPrivsMappingAdmin
[INFO ][2016-01-05 15:25:49,386][com.java.TestType] [ 5705] - value = 
[INFO ][2016-01-05 15:25:50,386][com.java.TestType] [ 6200] - BEFORE CLICK
[INFO ][2016-01-05 15:25:51,597][com.java.TestType] [ 6207] - Unable to click the object Mapping Admin box
[INFO ][2016-01-05 15:25:51,597][com.java.SeleniumDriver] [  906] -  RESULT true
[INFO ][2016-01-05 15:25:51,597][com.java.SeleniumDriver] [ 1112] - ?   P A S S   ?
[INFO ][2016-01-05 15:25:51,597][com.java.SeleniumDriver] [  832] - ------------------------------------------
[INFO ][2016-01-05 15:25:51,597][com.java.SeleniumDriver] [  833] - Test case being Executed: 3
[INFO ][2016-01-05 15:25:51,597][com.java.SeleniumDriver] [  845] - Test step:65
[INFO ][2016-01-05 15:25:51,597][com.java.SeleniumDriver] [  857] - Datavalue is----------null
[DEBUG][2016-01-05 15:25:51,597][com.java.SeleniumDriver] [  875] - Exception: null
[INFO ][2016-01-05 15:25:51,597][com.java.SeleniumDriver] [  881] - DataField : BTNchkPrivsAccessDataExport
[INFO ][2016-01-05 15:25:51,598][com.java.SeleniumDriver] [  883] - DataValue : 
[INFO ][2016-01-05 15:25:51,598][com.java.SeleniumDriver] [  889] - <In Set values of the page>
[INFO ][2016-01-05 15:25:51,598][com.java.SeleniumDriver] [  892] - {Data Fields & Data Values Exist}
[INFO ][2016-01-05 15:25:51,598][com.java.SeleniumDriver] [  894] - --------------------------setting values-----------------------------
[INFO ][2016-01-05 15:25:51,598][com.java.SeleniumDriver] [  897] - Action Type : CLICK
[INFO ][2016-01-05 15:25:51,598][com.java.TestType] [ 6084] - Field ::BTNchkPrivsAccessDataExport
[INFO ][2016-01-05 15:25:51,598][com.java.TestType] [ 5705] - value = 
[INFO ][2016-01-05 15:25:52,598][com.java.TestType] [ 6200] - BEFORE CLICK
[INFO ][2016-01-05 15:25:53,797][com.java.TestType] [ 6207] - Unable to click the object Access Data Export box
[INFO ][2016-01-05 15:25:53,797][com.java.SeleniumDriver] [  906] -  RESULT true
[INFO ][2016-01-05 15:25:53,797][com.java.SeleniumDriver] [ 1112] - ?   P A S S   ?
[INFO ][2016-01-05 15:25:53,797][com.java.SeleniumDriver] [  832] - ------------------------------------------
[INFO ][2016-01-05 15:25:53,797][com.java.SeleniumDriver] [  833] - Test case being Executed: 3
[INFO ][2016-01-05 15:25:53,797][com.java.SeleniumDriver] [  845] - Test step:66
[INFO ][2016-01-05 15:25:53,797][com.java.SeleniumDriver] [  857] - Datavalue is----------null
[DEBUG][2016-01-05 15:25:53,798][com.java.SeleniumDriver] [  875] - Exception: null
[INFO ][2016-01-05 15:25:53,798][com.java.SeleniumDriver] [  881] - DataField : BTNchkPrivsUpdateMemoFields
[INFO ][2016-01-05 15:25:53,798][com.java.SeleniumDriver] [  883] - DataValue : 
[INFO ][2016-01-05 15:25:53,798][com.java.SeleniumDriver] [  889] - <In Set values of the page>
[INFO ][2016-01-05 15:25:53,798][com.java.SeleniumDriver] [  892] - {Data Fields & Data Values Exist}
[INFO ][2016-01-05 15:25:53,798][com.java.SeleniumDriver] [  894] - --------------------------setting values-----------------------------
[INFO ][2016-01-05 15:25:53,798][com.java.SeleniumDriver] [  897] - Action Type : CLICK
[INFO ][2016-01-05 15:25:53,798][com.java.TestType] [ 6084] - Field ::BTNchkPrivsUpdateMemoFields
[INFO ][2016-01-05 15:25:53,798][com.java.TestType] [ 5705] - value = 
[INFO ][2016-01-05 15:25:54,798][com.java.TestType] [ 6200] - BEFORE CLICK
[INFO ][2016-01-05 15:25:55,995][com.java.TestType] [ 6207] - Unable to click the object Update Memo Fields box
[INFO ][2016-01-05 15:25:55,995][com.java.SeleniumDriver] [  906] -  RESULT true
[INFO ][2016-01-05 15:25:55,995][com.java.SeleniumDriver] [ 1112] - ?   P A S S   ?
[INFO ][2016-01-05 15:25:55,995][com.java.SeleniumDriver] [  832] - ------------------------------------------
[INFO ][2016-01-05 15:25:55,995][com.java.SeleniumDriver] [  833] - Test case being Executed: 3
[INFO ][2016-01-05 15:25:55,995][com.java.SeleniumDriver] [  845] - Test step:67
[INFO ][2016-01-05 15:25:55,995][com.java.SeleniumDriver] [  857] - Datavalue is----------null
[DEBUG][2016-01-05 15:25:55,995][com.java.SeleniumDriver] [  875] - Exception: null
[INFO ][2016-01-05 15:25:55,995][com.java.SeleniumDriver] [  881] - DataField : BTNparent
[INFO ][2016-01-05 15:25:55,996][com.java.SeleniumDriver] [  883] - DataValue : 
[INFO ][2016-01-05 15:25:55,996][com.java.SeleniumDriver] [  889] - <In Set values of the page>
[INFO ][2016-01-05 15:25:55,996][com.java.SeleniumDriver] [  892] - {Data Fields & Data Values Exist}
[INFO ][2016-01-05 15:25:55,996][com.java.SeleniumDriver] [  894] - --------------------------setting values-----------------------------
[INFO ][2016-01-05 15:25:55,996][com.java.SeleniumDriver] [  897] - Action Type : SELECTFRAME
[INFO ][2016-01-05 15:25:56,011][com.java.SeleniumDriver] [  906] -  RESULT true
[INFO ][2016-01-05 15:25:56,011][com.java.SeleniumDriver] [ 1112] - ?   P A S S   ?
[INFO ][2016-01-05 15:25:56,011][com.java.SeleniumDriver] [  832] - ------------------------------------------
[INFO ][2016-01-05 15:25:56,011][com.java.SeleniumDriver] [  833] - Test case being Executed: 3
[INFO ][2016-01-05 15:25:56,011][com.java.SeleniumDriver] [  845] - Test step:68
[INFO ][2016-01-05 15:25:56,011][com.java.SeleniumDriver] [  857] - Datavalue is----------5
[INFO ][2016-01-05 15:25:56,011][com.java.SeleniumDriver] [  881] - DataField : test
[INFO ][2016-01-05 15:25:56,011][com.java.SeleniumDriver] [  883] - DataValue : 5
[INFO ][2016-01-05 15:25:56,011][com.java.SeleniumDriver] [  889] - <In Set values of the page>
[INFO ][2016-01-05 15:25:56,011][com.java.SeleniumDriver] [  892] - {Data Fields & Data Values Exist}
[INFO ][2016-01-05 15:25:56,012][com.java.SeleniumDriver] [  894] - --------------------------setting values-----------------------------
[INFO ][2016-01-05 15:25:56,012][com.java.SeleniumDriver] [  897] - Action Type : WAITTIME
[DEBUG][2016-01-05 15:25:56,012][com.java.TestType] [ 5525] - sleepTime: 5000
[INFO ][2016-01-05 15:26:01,013][com.java.SeleniumDriver] [  906] -  RESULT true
[INFO ][2016-01-05 15:26:01,013][com.java.SeleniumDriver] [ 1112] - ?   P A S S   ?
[INFO ][2016-01-05 15:26:01,013][com.java.SeleniumDriver] [  832] - ------------------------------------------
[INFO ][2016-01-05 15:26:01,013][com.java.SeleniumDriver] [  833] - Test case being Executed: 3
[INFO ][2016-01-05 15:26:01,013][com.java.SeleniumDriver] [  845] - Test step:69
[INFO ][2016-01-05 15:26:01,013][com.java.SeleniumDriver] [  857] - Datavalue is----------null
[DEBUG][2016-01-05 15:26:01,013][com.java.SeleniumDriver] [  875] - Exception: null
[INFO ][2016-01-05 15:26:01,013][com.java.SeleniumDriver] [  881] - DataField : XPH//span[contains(text(), 'Finished')]
[INFO ][2016-01-05 15:26:01,013][com.java.SeleniumDriver] [  883] - DataValue : 
[INFO ][2016-01-05 15:26:01,013][com.java.SeleniumDriver] [  889] - <In Set values of the page>
[INFO ][2016-01-05 15:26:01,013][com.java.SeleniumDriver] [  892] - {Data Fields & Data Values Exist}
[INFO ][2016-01-05 15:26:01,013][com.java.SeleniumDriver] [  894] - --------------------------setting values-----------------------------
[INFO ][2016-01-05 15:26:01,014][com.java.SeleniumDriver] [  897] - Action Type : CLICK
[INFO ][2016-01-05 15:26:01,014][com.java.TestType] [ 6084] - Field ::XPH//span[contains(text(), 'Finished')]
[INFO ][2016-01-05 15:26:01,014][com.java.TestType] [ 5705] - value = 
[INFO ][2016-01-05 15:26:02,014][com.java.TestType] [ 6221] - BEFORE CLICK
[INFO ][2016-01-05 15:26:02,965][com.java.TestType] [ 6229] - Unable to click the object Finished button
[INFO ][2016-01-05 15:26:02,965][com.java.SeleniumDriver] [  906] -  RESULT true
[INFO ][2016-01-05 15:26:02,965][com.java.SeleniumDriver] [ 1112] - ?   P A S S   ?
[INFO ][2016-01-05 15:26:02,965][com.java.SeleniumDriver] [  832] - ------------------------------------------
[INFO ][2016-01-05 15:26:02,965][com.java.SeleniumDriver] [  833] - Test case being Executed: 3
[INFO ][2016-01-05 15:26:02,965][com.java.SeleniumDriver] [  845] - Test step:70
[INFO ][2016-01-05 15:26:02,965][com.java.SeleniumDriver] [  857] - Datavalue is----------5
[INFO ][2016-01-05 15:26:02,965][com.java.SeleniumDriver] [  881] - DataField : null
[INFO ][2016-01-05 15:26:02,965][com.java.SeleniumDriver] [  883] - DataValue : 5
[INFO ][2016-01-05 15:26:02,965][com.java.SeleniumDriver] [  889] - <In Set values of the page>
[INFO ][2016-01-05 15:26:02,965][com.java.SeleniumDriver] [  892] - {Data Fields & Data Values Exist}
[INFO ][2016-01-05 15:26:02,965][com.java.SeleniumDriver] [  894] - --------------------------setting values-----------------------------
[INFO ][2016-01-05 15:26:02,966][com.java.SeleniumDriver] [  897] - Action Type : WAITTIME
[DEBUG][2016-01-05 15:26:02,966][com.java.TestType] [ 5525] - sleepTime: 5000
[INFO ][2016-01-05 15:26:07,966][com.java.SeleniumDriver] [  906] -  RESULT true
[INFO ][2016-01-05 15:26:07,966][com.java.SeleniumDriver] [ 1112] - ?   P A S S   ?
[INFO ][2016-01-05 15:26:07,966][com.java.SeleniumDriver] [  832] - ------------------------------------------
[INFO ][2016-01-05 15:26:07,966][com.java.SeleniumDriver] [  833] - Test case being Executed: 3
[INFO ][2016-01-05 15:26:07,966][com.java.SeleniumDriver] [  845] - Test step:71
[INFO ][2016-01-05 15:26:07,966][com.java.SeleniumDriver] [  857] - Datavalue is----------null
[DEBUG][2016-01-05 15:26:07,966][com.java.SeleniumDriver] [  875] - Exception: null
[INFO ][2016-01-05 15:26:07,966][com.java.SeleniumDriver] [  881] - DataField : BTNframeDialogContent
[INFO ][2016-01-05 15:26:07,966][com.java.SeleniumDriver] [  883] - DataValue : 
[INFO ][2016-01-05 15:26:07,966][com.java.SeleniumDriver] [  889] - <In Set values of the page>
[INFO ][2016-01-05 15:26:07,966][com.java.SeleniumDriver] [  892] - {Data Fields & Data Values Exist}
[INFO ][2016-01-05 15:26:07,966][com.java.SeleniumDriver] [  894] - --------------------------setting values-----------------------------
[INFO ][2016-01-05 15:26:07,966][com.java.SeleniumDriver] [  897] - Action Type : SelectFrame
[INFO ][2016-01-05 15:26:09,267][com.java.SeleniumDriver] [  906] -  RESULT true
[INFO ][2016-01-05 15:26:09,267][com.java.SeleniumDriver] [ 1112] - ?   P A S S   ?
[INFO ][2016-01-05 15:26:09,267][com.java.SeleniumDriver] [  832] - ------------------------------------------
[INFO ][2016-01-05 15:26:09,267][com.java.SeleniumDriver] [  833] - Test case being Executed: 3
[INFO ][2016-01-05 15:26:09,267][com.java.SeleniumDriver] [  845] - Test step:72
[INFO ][2016-01-05 15:26:09,267][com.java.SeleniumDriver] [  857] - Datavalue is----------null
[DEBUG][2016-01-05 15:26:09,267][com.java.SeleniumDriver] [  875] - Exception: null
[INFO ][2016-01-05 15:26:09,267][com.java.SeleniumDriver] [  881] - DataField : XPH//table[@id="tblUserListing"]//td[contains(text(),'vltest.robot')]
[INFO ][2016-01-05 15:26:09,267][com.java.SeleniumDriver] [  883] - DataValue : 
[INFO ][2016-01-05 15:26:09,268][com.java.SeleniumDriver] [  889] - <In Set values of the page>
[INFO ][2016-01-05 15:26:09,268][com.java.SeleniumDriver] [  892] - {Data Fields & Data Values Exist}
[INFO ][2016-01-05 15:26:09,268][com.java.SeleniumDriver] [  894] - --------------------------setting values-----------------------------
[INFO ][2016-01-05 15:26:09,268][com.java.SeleniumDriver] [  897] - Action Type : WaitForElement
[INFO ][2016-01-05 15:26:09,294][com.java.SeleniumDriver] [  906] -  RESULT true
[INFO ][2016-01-05 15:26:09,294][com.java.SeleniumDriver] [ 1112] - ?   P A S S   ?
[INFO ][2016-01-05 15:26:09,294][com.java.SeleniumDriver] [  832] - ------------------------------------------
[INFO ][2016-01-05 15:26:09,294][com.java.SeleniumDriver] [  833] - Test case being Executed: 3
[INFO ][2016-01-05 15:26:09,294][com.java.SeleniumDriver] [  845] - Test step:73
[INFO ][2016-01-05 15:26:09,294][com.java.SeleniumDriver] [  857] - Datavalue is----------HMVLogin_username
[INFO ][2016-01-05 15:26:09,294][com.java.SeleniumDriver] [  881] - DataField : USR
[INFO ][2016-01-05 15:26:09,295][com.java.SeleniumDriver] [  883] - DataValue : HMVLogin_username
[INFO ][2016-01-05 15:26:09,295][com.java.SeleniumDriver] [  889] - <In Set values of the page>
[INFO ][2016-01-05 15:26:09,295][com.java.SeleniumDriver] [  892] - {Data Fields & Data Values Exist}
[INFO ][2016-01-05 15:26:09,295][com.java.SeleniumDriver] [  894] - --------------------------setting values-----------------------------
[INFO ][2016-01-05 15:26:09,295][com.java.SeleniumDriver] [  897] - Action Type : Verify
[INFO ][2016-01-05 15:26:09,295][com.java.TestType] [ 7081] - field= USR value= HMVLogin_username
[INFO ][2016-01-05 15:26:09,295][com.java.TestType] [ 5705] - value = vltest.robot40093.00058
[INFO ][2016-01-05 15:26:09,355][com.java.SeleniumDriver] [  906] -  RESULT true
[INFO ][2016-01-05 15:26:09,355][com.java.SeleniumDriver] [ 1112] - ?   P A S S   ?
[INFO ][2016-01-05 15:26:09,355][com.java.SeleniumDriver] [  832] - ------------------------------------------
[INFO ][2016-01-05 15:26:09,355][com.java.SeleniumDriver] [  833] - Test case being Executed: 3
[INFO ][2016-01-05 15:26:09,355][com.java.SeleniumDriver] [  845] - Test step:74
[INFO ][2016-01-05 15:26:09,355][com.java.SeleniumDriver] [  857] - Datavalue is----------null
[DEBUG][2016-01-05 15:26:09,355][com.java.SeleniumDriver] [  875] - Exception: null
[INFO ][2016-01-05 15:26:09,356][com.java.SeleniumDriver] [  881] - DataField : BTNparent
[INFO ][2016-01-05 15:26:09,356][com.java.SeleniumDriver] [  883] - DataValue : 
[INFO ][2016-01-05 15:26:09,356][com.java.SeleniumDriver] [  889] - <In Set values of the page>
[INFO ][2016-01-05 15:26:09,356][com.java.SeleniumDriver] [  892] - {Data Fields & Data Values Exist}
[INFO ][2016-01-05 15:26:09,356][com.java.SeleniumDriver] [  894] - --------------------------setting values-----------------------------
[INFO ][2016-01-05 15:26:09,356][com.java.SeleniumDriver] [  897] - Action Type : SelectFrame
[INFO ][2016-01-05 15:26:09,371][com.java.SeleniumDriver] [  906] -  RESULT true
[INFO ][2016-01-05 15:26:09,371][com.java.SeleniumDriver] [ 1112] - ?   P A S S   ?
[INFO ][2016-01-05 15:26:09,371][com.java.SeleniumDriver] [  832] - ------------------------------------------
[INFO ][2016-01-05 15:26:09,371][com.java.SeleniumDriver] [  833] - Test case being Executed: 3
[INFO ][2016-01-05 15:26:09,371][com.java.SeleniumDriver] [  845] - Test step:75
[INFO ][2016-01-05 15:26:09,371][com.java.SeleniumDriver] [  857] - Datavalue is----------null
[DEBUG][2016-01-05 15:26:09,371][com.java.SeleniumDriver] [  875] - Exception: null
[INFO ][2016-01-05 15:26:09,371][com.java.SeleniumDriver] [  881] - DataField : XPH//span[contains(text(), 'Finished')]
[INFO ][2016-01-05 15:26:09,371][com.java.SeleniumDriver] [  883] - DataValue : 
[INFO ][2016-01-05 15:26:09,371][com.java.SeleniumDriver] [  889] - <In Set values of the page>
[INFO ][2016-01-05 15:26:09,372][com.java.SeleniumDriver] [  892] - {Data Fields & Data Values Exist}
[INFO ][2016-01-05 15:26:09,372][com.java.SeleniumDriver] [  894] - --------------------------setting values-----------------------------
[INFO ][2016-01-05 15:26:09,372][com.java.SeleniumDriver] [  897] - Action Type : Click
[INFO ][2016-01-05 15:26:09,372][com.java.TestType] [ 6084] - Field ::XPH//span[contains(text(), 'Finished')]
[INFO ][2016-01-05 15:26:09,372][com.java.TestType] [ 5705] - value = 
[INFO ][2016-01-05 15:26:10,372][com.java.TestType] [ 6221] - BEFORE CLICK
[INFO ][2016-01-05 15:26:11,267][com.java.TestType] [ 6229] - Unable to click the object Finished button
[INFO ][2016-01-05 15:26:11,267][com.java.SeleniumDriver] [  906] -  RESULT true
[INFO ][2016-01-05 15:26:11,267][com.java.SeleniumDriver] [ 1112] - ?   P A S S   ?
[INFO ][2016-01-05 15:26:11,267][com.java.SeleniumDriver] [  832] - ------------------------------------------
[INFO ][2016-01-05 15:26:11,267][com.java.SeleniumDriver] [  833] - Test case being Executed: 3
[INFO ][2016-01-05 15:26:11,267][com.java.SeleniumDriver] [  845] - Test step:76
[INFO ][2016-01-05 15:26:11,267][com.java.SeleniumDriver] [  857] - Datavalue is----------Concept#3:1-2
[INFO ][2016-01-05 15:26:11,267][com.java.SeleniumDriver] [  881] - DataField : test
[INFO ][2016-01-05 15:26:11,267][com.java.SeleniumDriver] [  883] - DataValue : Concept#3:1-2
[INFO ][2016-01-05 15:26:11,267][com.java.SeleniumDriver] [  889] - <In Set values of the page>
[INFO ][2016-01-05 15:26:11,267][com.java.SeleniumDriver] [  892] - {Data Fields & Data Values Exist}
[INFO ][2016-01-05 15:26:11,267][com.java.SeleniumDriver] [  894] - --------------------------setting values-----------------------------
[INFO ][2016-01-05 15:26:11,268][com.java.SeleniumDriver] [  897] - Action Type : ExecuteTestCase
[INFO ][2016-01-05 15:26:11,268][com.java.TestType] [  437] - The Concept sheet name is ---------- Concept
[INFO ][2016-01-05 15:26:11,268][com.java.TestType] [  440] - The Concept ID  is ---------- 3
[DEBUG][2016-01-05 15:26:11,268][com.java.TestType] [  444] - Steps being executted in the Concept are: 1:2
[INFO ][2016-01-05 15:26:11,269][com.java.TestType] [  451] - Test data details path ---------- D:\BankersDashboard\TestInputs\TestData.xls
[INFO ][2016-01-05 15:26:11,296][com.java.TestType] [  482] -  str(1) = 3
[INFO ][2016-01-05 15:26:11,296][com.java.TestType] [  485] - Test case Id is---3
[INFO ][2016-01-05 15:26:11,296][com.java.TestType] [  487] - 3
[INFO ][2016-01-05 15:26:11,297][com.java.TestType] [  482] -  str(2) = 1
[INFO ][2016-01-05 15:26:11,298][com.java.TestType] [  482] -  str(1) = 3
[INFO ][2016-01-05 15:26:11,298][com.java.TestType] [  485] - Test case Id is---3
[INFO ][2016-01-05 15:26:11,298][com.java.TestType] [  487] - 3
[INFO ][2016-01-05 15:26:11,298][com.java.TestType] [  482] -  str(2) = 2
[INFO ][2016-01-05 15:26:11,299][com.java.TestType] [10614] - Looping 1TCID = 3
[DEBUG][2016-01-05 15:26:11,299][com.java.TestType] [10655] - Concept ID:3 :: Step being Executed: 3::1
[INFO ][2016-01-05 15:26:11,299][com.java.TestType] [10693] - dataFields : test
[DEBUG][2016-01-05 15:26:11,299][com.java.TestType] [10699] - <In Set values of the page>
[DEBUG][2016-01-05 15:26:11,299][com.java.TestType] [10704] - {Data Fields & Data Values Exist}
[INFO ][2016-01-05 15:26:11,299][com.java.TestType] [10710] - --------------------------setting values-----------------------------
[INFO ][2016-01-05 15:26:11,299][com.java.TestType] [10713] - Action Type : Logout
[INFO ][2016-01-05 15:26:14,413][com.java.TestType] [ 6084] - Field ::CNF
[INFO ][2016-01-05 15:26:14,413][com.java.TestType] [ 5705] - value = OK
[ERROR][2016-01-05 15:26:15,518][com.java.TestType] [ 6420] - Exception in click:: No alert is active (WARNING: The server did not provide any stacktrace information)
Command duration or timeout: 104 milliseconds
Build info: version: '2.48.2', revision: '41bccdd', time: '2015-10-09 19:59:12'
System info: host: 'FVTIII438F1D', ip: '172.17.68.34', os.name: 'Windows 7', os.arch: 'x86', os.version: '6.1', java.version: '1.7.0_55'
Session ID: 73523e83-1273-4d1d-ab05-302375eef9fe
Driver info: org.openqa.selenium.ie.InternetExplorerDriver
Capabilities [{platform=WINDOWS, javascriptEnabled=true, elementScrollBehavior=0, ignoreZoomSetting=false, enablePersistentHover=true, ie.ensureCleanSession=false, browserName=internet explorer, enableElementCacheCleanup=true, unexpectedAlertBehaviour=dismiss, version=10, ie.usePerProcessProxy=false, ignoreProtectedModeSettings=true, cssSelectorsEnabled=true, requireWindowFocus=false, initialBrowserUrl=http://localhost:32794/, handlesAlerts=true, ie.forceCreateProcessApi=false, nativeEvents=true, browserAttachTimeout=0, ie.browserCommandLineSwitches=, takesScreenshot=true}]
[INFO ][2016-01-05 15:26:15,518][com.java.TestType] [ 6424] - Element :::: not found
[DEBUG][2016-01-05 15:26:17,229][com.java.SeleniumDriver] [  426] - Hub ip address is-------172.17.68.34
[INFO ][2016-01-05 15:26:17,229][com.java.SeleniumDriver] [  452] - Grid URL:http://172.17.68.34:4444/wd/hub
[INFO ][2016-01-05 15:26:17,229][com.java.SeleniumDriver] [  453] - Capability:Capabilities [{platform=ANY, ensureCleanSession=true, ignoreProtectedModeSettings=true, acceptSslCerts=true, ignoreZoomSetting=true, browserName=internet explorer, browserstack.ie.noFlash=true, version=null}]
[ERROR][2016-01-05 15:26:18,324][com.java.SeleniumDriver] [  498] - Unable invoke browser in grid:Could not start a new session. Possible causes are invalid address of the remote server or browser start-up failure.
Build info: version: '2.48.2', revision: '41bccdd', time: '2015-10-09 19:59:12'
System info: host: 'FVTIII438F1D', ip: '172.17.68.34', os.name: 'Windows 7', os.arch: 'x86', os.version: '6.1', java.version: '1.7.0_55'
Driver info: driver.version: SeleniumDriver
[INFO ][2016-01-05 15:26:18,325][com.java.SeleniumDriver] [  500] - Executing on local machine
[INFO ][2016-01-05 15:26:28,716][com.java.TestType] [10732] -  RESULT true
[INFO ][2016-01-05 15:26:28,717][com.java.TestType] [10849] - ?   P A S S   ?
[DEBUG][2016-01-05 15:26:28,717][com.java.TestType] [10655] - Concept ID:3 :: Step being Executed: 3::2
[INFO ][2016-01-05 15:26:28,717][com.java.TestType] [10693] - dataFields : test
[DEBUG][2016-01-05 15:26:28,717][com.java.TestType] [10699] - <In Set values of the page>
[DEBUG][2016-01-05 15:26:28,717][com.java.TestType] [10704] - {Data Fields & Data Values Exist}
[INFO ][2016-01-05 15:26:28,717][com.java.TestType] [10710] - --------------------------setting values-----------------------------
[INFO ][2016-01-05 15:26:28,717][com.java.TestType] [10713] - Action Type : WaitTime
[DEBUG][2016-01-05 15:26:28,717][com.java.TestType] [ 5525] - sleepTime: 2000
[INFO ][2016-01-05 15:26:30,717][com.java.TestType] [10732] -  RESULT true
[INFO ][2016-01-05 15:26:30,717][com.java.TestType] [10849] - ?   P A S S   ?
[INFO ][2016-01-05 15:26:30,717][com.java.TestType] [10920] - Looping End......
[INFO ][2016-01-05 15:26:30,721][com.java.SeleniumDriver] [  906] -  RESULT true
[INFO ][2016-01-05 15:26:30,721][com.java.SeleniumDriver] [ 1112] - ?   P A S S   ?
[INFO ][2016-01-05 15:26:30,721][com.java.SeleniumDriver] [  832] - ------------------------------------------
[INFO ][2016-01-05 15:26:30,721][com.java.SeleniumDriver] [  833] - Test case being Executed: 3
[INFO ][2016-01-05 15:26:30,721][com.java.SeleniumDriver] [  845] - Test step:77
[INFO ][2016-01-05 15:26:30,721][com.java.SeleniumDriver] [  857] - Datavalue is----------HMVLogin_username
[INFO ][2016-01-05 15:26:30,721][com.java.SeleniumDriver] [  881] - DataField : TXTusername
[INFO ][2016-01-05 15:26:30,721][com.java.SeleniumDriver] [  883] - DataValue : HMVLogin_username
[INFO ][2016-01-05 15:26:30,721][com.java.SeleniumDriver] [  889] - <In Set values of the page>
[INFO ][2016-01-05 15:26:30,721][com.java.SeleniumDriver] [  892] - {Data Fields & Data Values Exist}
[INFO ][2016-01-05 15:26:30,721][com.java.SeleniumDriver] [  894] - --------------------------setting values-----------------------------
[INFO ][2016-01-05 15:26:30,721][com.java.SeleniumDriver] [  897] - Action Type : CLEARANDENTER
[INFO ][2016-01-05 15:26:30,721][com.java.TestType] [ 5705] - value = vltest.robot40093.00058
[INFO ][2016-01-05 15:26:35,429][com.java.SeleniumDriver] [  906] -  RESULT true
[INFO ][2016-01-05 15:26:35,429][com.java.SeleniumDriver] [ 1112] - ?   P A S S   ?
[INFO ][2016-01-05 15:26:35,430][com.java.SeleniumDriver] [  832] - ------------------------------------------
[INFO ][2016-01-05 15:26:35,430][com.java.SeleniumDriver] [  833] - Test case being Executed: 3
[INFO ][2016-01-05 15:26:35,430][com.java.SeleniumDriver] [  845] - Test step:78
[INFO ][2016-01-05 15:26:35,430][com.java.SeleniumDriver] [  857] - Datavalue is----------dt:NewUserPswd
[INFO ][2016-01-05 15:26:35,430][com.java.SeleniumDriver] [  881] - DataField : TXTpassword
[INFO ][2016-01-05 15:26:35,430][com.java.SeleniumDriver] [  883] - DataValue : dt:NewUserPswd
[INFO ][2016-01-05 15:26:35,430][com.java.SeleniumDriver] [  889] - <In Set values of the page>
[INFO ][2016-01-05 15:26:35,430][com.java.SeleniumDriver] [  892] - {Data Fields & Data Values Exist}
[INFO ][2016-01-05 15:26:35,430][com.java.SeleniumDriver] [  894] - --------------------------setting values-----------------------------
[INFO ][2016-01-05 15:26:35,430][com.java.SeleniumDriver] [  897] - Action Type : CLEARANDENTER
[INFO ][2016-01-05 15:26:35,430][com.java.TestType] [ 5705] - value = Password1*
[INFO ][2016-01-05 15:26:40,243][com.java.SeleniumDriver] [  906] -  RESULT true
[INFO ][2016-01-05 15:26:40,243][com.java.SeleniumDriver] [ 1112] - ?   P A S S   ?
[INFO ][2016-01-05 15:26:40,243][com.java.SeleniumDriver] [  832] - ------------------------------------------
[INFO ][2016-01-05 15:26:40,243][com.java.SeleniumDriver] [  833] - Test case being Executed: 3
[INFO ][2016-01-05 15:26:40,243][com.java.SeleniumDriver] [  845] - Test step:79
[INFO ][2016-01-05 15:26:40,243][com.java.SeleniumDriver] [  857] - Datavalue is----------null
[DEBUG][2016-01-05 15:26:40,243][com.java.SeleniumDriver] [  875] - Exception: null
[INFO ][2016-01-05 15:26:40,243][com.java.SeleniumDriver] [  881] - DataField : XPH//button[@type='submit']
[INFO ][2016-01-05 15:26:40,244][com.java.SeleniumDriver] [  883] - DataValue : 
[INFO ][2016-01-05 15:26:40,244][com.java.SeleniumDriver] [  889] - <In Set values of the page>
[INFO ][2016-01-05 15:26:40,244][com.java.SeleniumDriver] [  892] - {Data Fields & Data Values Exist}
[INFO ][2016-01-05 15:26:40,244][com.java.SeleniumDriver] [  894] - --------------------------setting values-----------------------------
[INFO ][2016-01-05 15:26:40,244][com.java.SeleniumDriver] [  897] - Action Type : Click
[INFO ][2016-01-05 15:26:40,244][com.java.TestType] [ 6084] - Field ::XPH//button[@type='submit']
[INFO ][2016-01-05 15:26:40,244][com.java.TestType] [ 5705] - value = 
[INFO ][2016-01-05 15:26:41,245][com.java.TestType] [ 6221] - BEFORE CLICK
[INFO ][2016-01-05 15:26:42,067][com.java.TestType] [ 6229] - Unable to click the object Login
[INFO ][2016-01-05 15:26:42,067][com.java.SeleniumDriver] [  906] -  RESULT true
[INFO ][2016-01-05 15:26:42,067][com.java.SeleniumDriver] [ 1112] - ?   P A S S   ?
[INFO ][2016-01-05 15:26:42,067][com.java.SeleniumDriver] [  832] - ------------------------------------------
[INFO ][2016-01-05 15:26:42,067][com.java.SeleniumDriver] [  833] - Test case being Executed: 3
[INFO ][2016-01-05 15:26:42,067][com.java.SeleniumDriver] [  845] - Test step:80
[INFO ][2016-01-05 15:26:42,067][com.java.SeleniumDriver] [  857] - Datavalue is----------null
[DEBUG][2016-01-05 15:26:42,067][com.java.SeleniumDriver] [  875] - Exception: null
[INFO ][2016-01-05 15:26:42,067][com.java.SeleniumDriver] [  881] - DataField : test
[INFO ][2016-01-05 15:26:42,067][com.java.SeleniumDriver] [  883] - DataValue : 
[INFO ][2016-01-05 15:26:42,067][com.java.SeleniumDriver] [  889] - <In Set values of the page>
[INFO ][2016-01-05 15:26:42,067][com.java.SeleniumDriver] [  892] - {Data Fields & Data Values Exist}
[INFO ][2016-01-05 15:26:42,067][com.java.SeleniumDriver] [  894] - --------------------------setting values-----------------------------
[INFO ][2016-01-05 15:26:42,068][com.java.SeleniumDriver] [  897] - Action Type : WaitTime
[DEBUG][2016-01-05 15:26:42,068][com.java.TestType] [ 5525] - sleepTime: 10000
[INFO ][2016-01-05 15:26:52,069][com.java.SeleniumDriver] [  906] -  RESULT true
[INFO ][2016-01-05 15:26:52,069][com.java.SeleniumDriver] [ 1112] - ?   P A S S   ?
[INFO ][2016-01-05 15:26:52,069][com.java.SeleniumDriver] [  832] - ------------------------------------------
[INFO ][2016-01-05 15:26:52,069][com.java.SeleniumDriver] [  833] - Test case being Executed: 3
[INFO ][2016-01-05 15:26:52,071][com.java.SeleniumDriver] [  845] - Test step:81
[INFO ][2016-01-05 15:26:52,071][com.java.SeleniumDriver] [  857] - Datavalue is----------Banker'sDashboard
[INFO ][2016-01-05 15:26:52,071][com.java.SeleniumDriver] [  881] - DataField : TTL
[INFO ][2016-01-05 15:26:52,071][com.java.SeleniumDriver] [  883] - DataValue : Banker'sDashboard
[INFO ][2016-01-05 15:26:52,071][com.java.SeleniumDriver] [  889] - <In Set values of the page>
[INFO ][2016-01-05 15:26:52,071][com.java.SeleniumDriver] [  892] - {Data Fields & Data Values Exist}
[INFO ][2016-01-05 15:26:52,071][com.java.SeleniumDriver] [  894] - --------------------------setting values-----------------------------
[INFO ][2016-01-05 15:26:52,071][com.java.SeleniumDriver] [  897] - Action Type : SelectWindow
[INFO ][2016-01-05 15:27:04,688][com.java.SeleniumDriver] [  906] -  RESULT true
[INFO ][2016-01-05 15:27:04,688][com.java.SeleniumDriver] [ 1112] - ?   P A S S   ?
[INFO ][2016-01-05 15:27:04,688][com.java.SeleniumDriver] [  832] - ------------------------------------------
[INFO ][2016-01-05 15:27:04,688][com.java.SeleniumDriver] [  833] - Test case being Executed: 3
[INFO ][2016-01-05 15:27:04,688][com.java.SeleniumDriver] [  845] - Test step:82
[INFO ][2016-01-05 15:27:04,688][com.java.SeleniumDriver] [  857] - Datavalue is----------5
[INFO ][2016-01-05 15:27:04,688][com.java.SeleniumDriver] [  881] - DataField : test
[INFO ][2016-01-05 15:27:04,688][com.java.SeleniumDriver] [  883] - DataValue : 5
[INFO ][2016-01-05 15:27:04,688][com.java.SeleniumDriver] [  889] - <In Set values of the page>
[INFO ][2016-01-05 15:27:04,688][com.java.SeleniumDriver] [  892] - {Data Fields & Data Values Exist}
[INFO ][2016-01-05 15:27:04,688][com.java.SeleniumDriver] [  894] - --------------------------setting values-----------------------------
[INFO ][2016-01-05 15:27:04,688][com.java.SeleniumDriver] [  897] - Action Type : WaitTime
[DEBUG][2016-01-05 15:27:04,689][com.java.TestType] [ 5525] - sleepTime: 5000
[INFO ][2016-01-05 15:27:09,689][com.java.SeleniumDriver] [  906] -  RESULT true
[INFO ][2016-01-05 15:27:09,689][com.java.SeleniumDriver] [ 1112] - ?   P A S S   ?
[INFO ][2016-01-05 15:27:09,689][com.java.SeleniumDriver] [  832] - ------------------------------------------
[INFO ][2016-01-05 15:27:09,689][com.java.SeleniumDriver] [  833] - Test case being Executed: 3
[INFO ][2016-01-05 15:27:09,689][com.java.SeleniumDriver] [  845] - Test step:83
[INFO ][2016-01-05 15:27:09,689][com.java.SeleniumDriver] [  857] - Datavalue is----------10
[INFO ][2016-01-05 15:27:09,689][com.java.SeleniumDriver] [  881] - DataField : XPH//div[contains(text(), 'My Dashboard')]
[INFO ][2016-01-05 15:27:09,689][com.java.SeleniumDriver] [  883] - DataValue : 10
[INFO ][2016-01-05 15:27:09,689][com.java.SeleniumDriver] [  889] - <In Set values of the page>
[INFO ][2016-01-05 15:27:09,689][com.java.SeleniumDriver] [  892] - {Data Fields & Data Values Exist}
[INFO ][2016-01-05 15:27:09,689][com.java.SeleniumDriver] [  894] - --------------------------setting values-----------------------------
[INFO ][2016-01-05 15:27:09,689][com.java.SeleniumDriver] [  897] - Action Type : WAITFORELEMENT
[INFO ][2016-01-05 15:27:09,745][com.java.SeleniumDriver] [  906] -  RESULT true
[INFO ][2016-01-05 15:27:09,745][com.java.SeleniumDriver] [ 1112] - ?   P A S S   ?
[INFO ][2016-01-05 15:27:09,745][com.java.SeleniumDriver] [  832] - ------------------------------------------
[INFO ][2016-01-05 15:27:09,745][com.java.SeleniumDriver] [  833] - Test case being Executed: 3
[INFO ][2016-01-05 15:27:09,745][com.java.SeleniumDriver] [  845] - Test step:84
[INFO ][2016-01-05 15:27:09,745][com.java.SeleniumDriver] [  857] - Datavalue is----------My Dashboard
[INFO ][2016-01-05 15:27:09,745][com.java.SeleniumDriver] [  881] - DataField : XPH//div[contains(text(), 'My Dashboard')]
[INFO ][2016-01-05 15:27:09,745][com.java.SeleniumDriver] [  883] - DataValue : My Dashboard
[INFO ][2016-01-05 15:27:09,746][com.java.SeleniumDriver] [  889] - <In Set values of the page>
[INFO ][2016-01-05 15:27:09,746][com.java.SeleniumDriver] [  892] - {Data Fields & Data Values Exist}
[INFO ][2016-01-05 15:27:09,746][com.java.SeleniumDriver] [  894] - --------------------------setting values-----------------------------
[INFO ][2016-01-05 15:27:09,746][com.java.SeleniumDriver] [  897] - Action Type : VERIFY
[INFO ][2016-01-05 15:27:09,746][com.java.TestType] [ 7081] - field= XPH//div[contains(text(), 'My Dashboard')] value= My Dashboard
[INFO ][2016-01-05 15:27:09,746][com.java.TestType] [ 5705] - value = My Dashboard
[INFO ][2016-01-05 15:27:09,906][com.java.SeleniumDriver] [  906] -  RESULT true
[INFO ][2016-01-05 15:27:09,906][com.java.SeleniumDriver] [ 1112] - ?   P A S S   ?
[INFO ][2016-01-05 15:27:09,906][com.java.SeleniumDriver] [  832] - ------------------------------------------
[INFO ][2016-01-05 15:27:09,906][com.java.SeleniumDriver] [  833] - Test case being Executed: 3
[INFO ][2016-01-05 15:27:09,906][com.java.SeleniumDriver] [  845] - Test step:85
[INFO ][2016-01-05 15:27:09,906][com.java.SeleniumDriver] [  857] - Datavalue is----------Concept#3:1-2
[INFO ][2016-01-05 15:27:09,906][com.java.SeleniumDriver] [  881] - DataField : test
[INFO ][2016-01-05 15:27:09,906][com.java.SeleniumDriver] [  883] - DataValue : Concept#3:1-2
[INFO ][2016-01-05 15:27:09,906][com.java.SeleniumDriver] [  889] - <In Set values of the page>
[INFO ][2016-01-05 15:27:09,906][com.java.SeleniumDriver] [  892] - {Data Fields & Data Values Exist}
[INFO ][2016-01-05 15:27:09,906][com.java.SeleniumDriver] [  894] - --------------------------setting values-----------------------------
[INFO ][2016-01-05 15:27:09,907][com.java.SeleniumDriver] [  897] - Action Type : ExecuteTestCase
[INFO ][2016-01-05 15:27:09,907][com.java.TestType] [  437] - The Concept sheet name is ---------- Concept
[INFO ][2016-01-05 15:27:09,907][com.java.TestType] [  440] - The Concept ID  is ---------- 3
[DEBUG][2016-01-05 15:27:09,907][com.java.TestType] [  444] - Steps being executted in the Concept are: 1:2
[INFO ][2016-01-05 15:27:09,907][com.java.TestType] [  451] - Test data details path ---------- D:\BankersDashboard\TestInputs\TestData.xls
[INFO ][2016-01-05 15:27:09,935][com.java.TestType] [  482] -  str(1) = 3
[INFO ][2016-01-05 15:27:09,935][com.java.TestType] [  485] - Test case Id is---3
[INFO ][2016-01-05 15:27:09,935][com.java.TestType] [  487] - 3
[INFO ][2016-01-05 15:27:09,935][com.java.TestType] [  482] -  str(2) = 1
[INFO ][2016-01-05 15:27:09,937][com.java.TestType] [  482] -  str(1) = 3
[INFO ][2016-01-05 15:27:09,937][com.java.TestType] [  485] - Test case Id is---3
[INFO ][2016-01-05 15:27:09,937][com.java.TestType] [  487] - 3
[INFO ][2016-01-05 15:27:09,938][com.java.TestType] [  482] -  str(2) = 2
[INFO ][2016-01-05 15:27:09,938][com.java.TestType] [10614] - Looping 1TCID = 3
[DEBUG][2016-01-05 15:27:09,938][com.java.TestType] [10655] - Concept ID:3 :: Step being Executed: 3::1
[INFO ][2016-01-05 15:27:09,938][com.java.TestType] [10693] - dataFields : test
[DEBUG][2016-01-05 15:27:09,938][com.java.TestType] [10699] - <In Set values of the page>
[DEBUG][2016-01-05 15:27:09,939][com.java.TestType] [10704] - {Data Fields & Data Values Exist}
[INFO ][2016-01-05 15:27:09,939][com.java.TestType] [10710] - --------------------------setting values-----------------------------
[INFO ][2016-01-05 15:27:09,939][com.java.TestType] [10713] - Action Type : Logout
[INFO ][2016-01-05 15:27:12,834][com.java.TestType] [ 6084] - Field ::CNF
[INFO ][2016-01-05 15:27:12,834][com.java.TestType] [ 5705] - value = OK
[ERROR][2016-01-05 15:27:13,849][com.java.TestType] [ 6420] - Exception in click:: Unable to get browser (WARNING: The server did not provide any stacktrace information)
Command duration or timeout: 14 milliseconds
Build info: version: '2.48.2', revision: '41bccdd', time: '2015-10-09 19:59:12'
System info: host: 'FVTIII438F1D', ip: '172.17.68.34', os.name: 'Windows 7', os.arch: 'x86', os.version: '6.1', java.version: '1.7.0_55'
Session ID: d310deaf-1dae-4bf0-9bce-8269b3c9ef20
Driver info: org.openqa.selenium.ie.InternetExplorerDriver
Capabilities [{platform=WINDOWS, javascriptEnabled=true, elementScrollBehavior=0, ignoreZoomSetting=false, enablePersistentHover=true, ie.ensureCleanSession=false, browserName=internet explorer, enableElementCacheCleanup=true, unexpectedAlertBehaviour=dismiss, version=10, ie.usePerProcessProxy=false, ignoreProtectedModeSettings=true, cssSelectorsEnabled=true, requireWindowFocus=false, initialBrowserUrl=http://localhost:33308/, handlesAlerts=true, ie.forceCreateProcessApi=false, nativeEvents=true, browserAttachTimeout=0, ie.browserCommandLineSwitches=, takesScreenshot=true}]
[INFO ][2016-01-05 15:27:13,849][com.java.TestType] [ 6424] - Element :::: not found
[DEBUG][2016-01-05 15:27:14,969][com.java.SeleniumDriver] [  426] - Hub ip address is-------172.17.68.34
[INFO ][2016-01-05 15:27:14,970][com.java.SeleniumDriver] [  452] - Grid URL:http://172.17.68.34:4444/wd/hub
[INFO ][2016-01-05 15:27:14,970][com.java.SeleniumDriver] [  453] - Capability:Capabilities [{platform=ANY, ensureCleanSession=true, ignoreProtectedModeSettings=true, acceptSslCerts=true, ignoreZoomSetting=true, browserName=internet explorer, browserstack.ie.noFlash=true, version=null}]
[ERROR][2016-01-05 15:27:15,972][com.java.SeleniumDriver] [  498] - Unable invoke browser in grid:Could not start a new session. Possible causes are invalid address of the remote server or browser start-up failure.
Build info: version: '2.48.2', revision: '41bccdd', time: '2015-10-09 19:59:12'
System info: host: 'FVTIII438F1D', ip: '172.17.68.34', os.name: 'Windows 7', os.arch: 'x86', os.version: '6.1', java.version: '1.7.0_55'
Driver info: driver.version: SeleniumDriver
[INFO ][2016-01-05 15:27:15,973][com.java.SeleniumDriver] [  500] - Executing on local machine
[INFO ][2016-01-05 15:27:25,791][com.java.TestType] [10732] -  RESULT true
[INFO ][2016-01-05 15:27:25,791][com.java.TestType] [10849] - ?   P A S S   ?
[DEBUG][2016-01-05 15:27:25,791][com.java.TestType] [10655] - Concept ID:3 :: Step being Executed: 3::2
[INFO ][2016-01-05 15:27:25,791][com.java.TestType] [10693] - dataFields : test
[DEBUG][2016-01-05 15:27:25,791][com.java.TestType] [10699] - <In Set values of the page>
[DEBUG][2016-01-05 15:27:25,791][com.java.TestType] [10704] - {Data Fields & Data Values Exist}
[INFO ][2016-01-05 15:27:25,791][com.java.TestType] [10710] - --------------------------setting values-----------------------------
[INFO ][2016-01-05 15:27:25,791][com.java.TestType] [10713] - Action Type : WaitTime
[DEBUG][2016-01-05 15:27:25,791][com.java.TestType] [ 5525] - sleepTime: 2000
[INFO ][2016-01-05 15:27:27,791][com.java.TestType] [10732] -  RESULT true
[INFO ][2016-01-05 15:27:27,791][com.java.TestType] [10849] - ?   P A S S   ?
[INFO ][2016-01-05 15:27:27,791][com.java.TestType] [10920] - Looping End......
[INFO ][2016-01-05 15:27:27,794][com.java.SeleniumDriver] [  906] -  RESULT true
[INFO ][2016-01-05 15:27:27,794][com.java.SeleniumDriver] [ 1112] - ?   P A S S   ?
[INFO ][2016-01-05 15:27:27,794][com.java.SeleniumDriver] [  832] - ------------------------------------------
[INFO ][2016-01-05 15:27:27,795][com.java.SeleniumDriver] [  833] - Test case being Executed: 3
[INFO ][2016-01-05 15:27:27,795][com.java.SeleniumDriver] [  845] - Test step:86
[INFO ][2016-01-05 15:27:27,795][com.java.SeleniumDriver] [  857] - Datavalue is----------Concept#1:1-16
[INFO ][2016-01-05 15:27:27,795][com.java.SeleniumDriver] [  881] - DataField : test
[INFO ][2016-01-05 15:27:27,795][com.java.SeleniumDriver] [  883] - DataValue : Concept#1:1-16
[INFO ][2016-01-05 15:27:27,795][com.java.SeleniumDriver] [  889] - <In Set values of the page>
[INFO ][2016-01-05 15:27:27,795][com.java.SeleniumDriver] [  892] - {Data Fields & Data Values Exist}
[INFO ][2016-01-05 15:27:27,795][com.java.SeleniumDriver] [  894] - --------------------------setting values-----------------------------
[INFO ][2016-01-05 15:27:27,795][com.java.SeleniumDriver] [  897] - Action Type : ExecuteTestCase
[INFO ][2016-01-05 15:27:27,795][com.java.TestType] [  437] - The Concept sheet name is ---------- Concept
[INFO ][2016-01-05 15:27:27,795][com.java.TestType] [  440] - The Concept ID  is ---------- 1
[DEBUG][2016-01-05 15:27:27,795][com.java.TestType] [  444] - Steps being executted in the Concept are: 1:16
[INFO ][2016-01-05 15:27:27,796][com.java.TestType] [  451] - Test data details path ---------- D:\BankersDashboard\TestInputs\TestData.xls
[INFO ][2016-01-05 15:27:27,829][com.java.TestType] [  482] -  str(1) = 1
[INFO ][2016-01-05 15:27:27,829][com.java.TestType] [  485] - Test case Id is---1
[INFO ][2016-01-05 15:27:27,829][com.java.TestType] [  487] - 1
[INFO ][2016-01-05 15:27:27,829][com.java.TestType] [  482] -  str(2) = 1
[INFO ][2016-01-05 15:27:27,830][com.java.TestType] [  482] -  str(1) = 1
[INFO ][2016-01-05 15:27:27,830][com.java.TestType] [  485] - Test case Id is---1
[INFO ][2016-01-05 15:27:27,831][com.java.TestType] [  487] - 1
[INFO ][2016-01-05 15:27:27,831][com.java.TestType] [  482] -  str(2) = 2
[INFO ][2016-01-05 15:27:27,831][com.java.TestType] [  482] -  str(1) = 1
[INFO ][2016-01-05 15:27:27,831][com.java.TestType] [  485] - Test case Id is---1
[INFO ][2016-01-05 15:27:27,831][com.java.TestType] [  487] - 1
[INFO ][2016-01-05 15:27:27,831][com.java.TestType] [  482] -  str(2) = 3
[INFO ][2016-01-05 15:27:27,832][com.java.TestType] [  482] -  str(1) = 1
[INFO ][2016-01-05 15:27:27,832][com.java.TestType] [  485] - Test case Id is---1
[INFO ][2016-01-05 15:27:27,832][com.java.TestType] [  487] - 1
[INFO ][2016-01-05 15:27:27,832][com.java.TestType] [  482] -  str(2) = 4
[INFO ][2016-01-05 15:27:27,833][com.java.TestType] [  482] -  str(1) = 1
[INFO ][2016-01-05 15:27:27,833][com.java.TestType] [  485] - Test case Id is---1
[INFO ][2016-01-05 15:27:27,833][com.java.TestType] [  487] - 1
[INFO ][2016-01-05 15:27:27,833][com.java.TestType] [  482] -  str(2) = 5
[INFO ][2016-01-05 15:27:27,834][com.java.TestType] [  482] -  str(1) = 1
[INFO ][2016-01-05 15:27:27,834][com.java.TestType] [  485] - Test case Id is---1
[INFO ][2016-01-05 15:27:27,834][com.java.TestType] [  487] - 1
[INFO ][2016-01-05 15:27:27,834][com.java.TestType] [  482] -  str(2) = 6
[INFO ][2016-01-05 15:27:27,834][com.java.TestType] [  482] -  str(1) = 1
[INFO ][2016-01-05 15:27:27,835][com.java.TestType] [  485] - Test case Id is---1
[INFO ][2016-01-05 15:27:27,835][com.java.TestType] [  487] - 1
[INFO ][2016-01-05 15:27:27,835][com.java.TestType] [  482] -  str(2) = 7
[INFO ][2016-01-05 15:27:27,836][com.java.TestType] [  482] -  str(1) = 1
[INFO ][2016-01-05 15:27:27,836][com.java.TestType] [  485] - Test case Id is---1
[INFO ][2016-01-05 15:27:27,836][com.java.TestType] [  487] - 1
[INFO ][2016-01-05 15:27:27,836][com.java.TestType] [  482] -  str(2) = 8
[INFO ][2016-01-05 15:27:27,837][com.java.TestType] [  482] -  str(1) = 1
[INFO ][2016-01-05 15:27:27,837][com.java.TestType] [  485] - Test case Id is---1
[INFO ][2016-01-05 15:27:27,837][com.java.TestType] [  487] - 1
[INFO ][2016-01-05 15:27:27,837][com.java.TestType] [  482] -  str(2) = 9
[INFO ][2016-01-05 15:27:27,837][com.java.TestType] [  482] -  str(1) = 1
[INFO ][2016-01-05 15:27:27,837][com.java.TestType] [  485] - Test case Id is---1
[INFO ][2016-01-05 15:27:27,837][com.java.TestType] [  487] - 1
[INFO ][2016-01-05 15:27:27,838][com.java.TestType] [  482] -  str(2) = 10
[INFO ][2016-01-05 15:27:27,838][com.java.TestType] [  482] -  str(1) = 1
[INFO ][2016-01-05 15:27:27,838][com.java.TestType] [  485] - Test case Id is---1
[INFO ][2016-01-05 15:27:27,838][com.java.TestType] [  487] - 1
[INFO ][2016-01-05 15:27:27,838][com.java.TestType] [  482] -  str(2) = 11
[INFO ][2016-01-05 15:27:27,839][com.java.TestType] [  482] -  str(1) = 1
[INFO ][2016-01-05 15:27:27,839][com.java.TestType] [  485] - Test case Id is---1
[INFO ][2016-01-05 15:27:27,839][com.java.TestType] [  487] - 1
[INFO ][2016-01-05 15:27:27,839][com.java.TestType] [  482] -  str(2) = 12
[INFO ][2016-01-05 15:27:27,840][com.java.TestType] [  482] -  str(1) = 1
[INFO ][2016-01-05 15:27:27,840][com.java.TestType] [  485] - Test case Id is---1
[INFO ][2016-01-05 15:27:27,840][com.java.TestType] [  487] - 1
[INFO ][2016-01-05 15:27:27,840][com.java.TestType] [  482] -  str(2) = 13
[INFO ][2016-01-05 15:27:27,840][com.java.TestType] [  482] -  str(1) = 1
[INFO ][2016-01-05 15:27:27,841][com.java.TestType] [  485] - Test case Id is---1
[INFO ][2016-01-05 15:27:27,841][com.java.TestType] [  487] - 1
[INFO ][2016-01-05 15:27:27,841][com.java.TestType] [  482] -  str(2) = 14
[INFO ][2016-01-05 15:27:27,841][com.java.TestType] [  482] -  str(1) = 1
[INFO ][2016-01-05 15:27:27,841][com.java.TestType] [  485] - Test case Id is---1
[INFO ][2016-01-05 15:27:27,841][com.java.TestType] [  487] - 1
[INFO ][2016-01-05 15:27:27,841][com.java.TestType] [  482] -  str(2) = 15
[INFO ][2016-01-05 15:27:27,842][com.java.TestType] [  482] -  str(1) = 1
[INFO ][2016-01-05 15:27:27,842][com.java.TestType] [  485] - Test case Id is---1
[INFO ][2016-01-05 15:27:27,842][com.java.TestType] [  487] - 1
[INFO ][2016-01-05 15:27:27,842][com.java.TestType] [  482] -  str(2) = 16
[INFO ][2016-01-05 15:27:27,843][com.java.TestType] [10614] - Looping 1TCID = 1
[DEBUG][2016-01-05 15:27:27,843][com.java.TestType] [10655] - Concept ID:1 :: Step being Executed: 1::1
[INFO ][2016-01-05 15:27:27,844][com.java.TestType] [10693] - dataFields : TXTusername
[DEBUG][2016-01-05 15:27:27,844][com.java.TestType] [10699] - <In Set values of the page>
[DEBUG][2016-01-05 15:27:27,844][com.java.TestType] [10704] - {Data Fields & Data Values Exist}
[INFO ][2016-01-05 15:27:27,844][com.java.TestType] [10710] - --------------------------setting values-----------------------------
[INFO ][2016-01-05 15:27:27,844][com.java.TestType] [10713] - Action Type : CLEARANDENTER
[INFO ][2016-01-05 15:27:27,844][com.java.TestType] [ 5705] - value = valuelabs.ie10.00058
[INFO ][2016-01-05 15:27:32,552][com.java.TestType] [10732] -  RESULT true
[INFO ][2016-01-05 15:27:32,552][com.java.TestType] [10849] - ?   P A S S   ?
[DEBUG][2016-01-05 15:27:32,552][com.java.TestType] [10655] - Concept ID:1 :: Step being Executed: 1::2
[INFO ][2016-01-05 15:27:32,552][com.java.TestType] [10693] - dataFields : TXTpassword
[DEBUG][2016-01-05 15:27:32,553][com.java.TestType] [10699] - <In Set values of the page>
[DEBUG][2016-01-05 15:27:32,553][com.java.TestType] [10704] - {Data Fields & Data Values Exist}
[INFO ][2016-01-05 15:27:32,553][com.java.TestType] [10710] - --------------------------setting values-----------------------------
[INFO ][2016-01-05 15:27:32,553][com.java.TestType] [10713] - Action Type : CLEARANDENTER
[INFO ][2016-01-05 15:27:32,553][com.java.TestType] [ 5705] - value = Password1*
[INFO ][2016-01-05 15:27:37,374][com.java.TestType] [10732] -  RESULT true
[INFO ][2016-01-05 15:27:37,374][com.java.TestType] [10849] - ?   P A S S   ?
[DEBUG][2016-01-05 15:27:37,374][com.java.TestType] [10655] - Concept ID:1 :: Step being Executed: 1::3
[ERROR][2016-01-05 15:27:37,374][com.java.TestType] [10688] - Exception: null
[INFO ][2016-01-05 15:27:37,374][com.java.TestType] [10693] - dataFields : XPH//button[@type='submit']
[DEBUG][2016-01-05 15:27:37,374][com.java.TestType] [10699] - <In Set values of the page>
[DEBUG][2016-01-05 15:27:37,374][com.java.TestType] [10704] - {Data Fields & Data Values Exist}
[INFO ][2016-01-05 15:27:37,374][com.java.TestType] [10710] - --------------------------setting values-----------------------------
[INFO ][2016-01-05 15:27:37,375][com.java.TestType] [10713] - Action Type : Click
[INFO ][2016-01-05 15:27:37,375][com.java.TestType] [ 6084] - Field ::XPH//button[@type='submit']
[INFO ][2016-01-05 15:27:37,375][com.java.TestType] [ 5705] - value = 
[INFO ][2016-01-05 15:27:38,375][com.java.TestType] [ 6221] - BEFORE CLICK
[INFO ][2016-01-05 15:27:42,481][com.java.TestType] [ 6229] - Unable to click the object Login
[INFO ][2016-01-05 15:27:42,481][com.java.TestType] [10732] -  RESULT true
[INFO ][2016-01-05 15:27:42,481][com.java.TestType] [10849] - ?   P A S S   ?
[DEBUG][2016-01-05 15:27:42,481][com.java.TestType] [10655] - Concept ID:1 :: Step being Executed: 1::4
[INFO ][2016-01-05 15:27:42,481][com.java.TestType] [10693] - dataFields : LNKLogout
[DEBUG][2016-01-05 15:27:42,481][com.java.TestType] [10699] - <In Set values of the page>
[DEBUG][2016-01-05 15:27:42,481][com.java.TestType] [10704] - {Data Fields & Data Values Exist}
[INFO ][2016-01-05 15:27:42,481][com.java.TestType] [10710] - --------------------------setting values-----------------------------
[INFO ][2016-01-05 15:27:42,481][com.java.TestType] [10713] - Action Type : WaitForElement
[INFO ][2016-01-05 15:27:42,520][com.java.TestType] [10732] -  RESULT true
[INFO ][2016-01-05 15:27:42,520][com.java.TestType] [10849] - ?   P A S S   ?
[DEBUG][2016-01-05 15:27:42,521][com.java.TestType] [10655] - Concept ID:1 :: Step being Executed: 1::15
[INFO ][2016-01-05 15:27:42,521][com.java.TestType] [10693] - dataFields : LNK
[DEBUG][2016-01-05 15:27:42,521][com.java.TestType] [10699] - <In Set values of the page>
[DEBUG][2016-01-05 15:27:42,521][com.java.TestType] [10704] - {Data Fields & Data Values Exist}
[INFO ][2016-01-05 15:27:42,521][com.java.TestType] [10710] - --------------------------setting values-----------------------------
[INFO ][2016-01-05 15:27:42,521][com.java.TestType] [10713] - Action Type : Verify
[INFO ][2016-01-05 15:27:42,521][com.java.TestType] [ 7081] - field= LNK value= Logout
[INFO ][2016-01-05 15:27:42,521][com.java.TestType] [ 5705] - value = Logout
[INFO ][2016-01-05 15:27:42,647][com.java.TestType] [10732] -  RESULT true
[INFO ][2016-01-05 15:27:42,647][com.java.TestType] [10849] - ?   P A S S   ?
[DEBUG][2016-01-05 15:27:42,647][com.java.TestType] [10655] - Concept ID:1 :: Step being Executed: 1::16
[INFO ][2016-01-05 15:27:42,647][com.java.TestType] [10693] - dataFields : BTN
[DEBUG][2016-01-05 15:27:42,647][com.java.TestType] [10699] - <In Set values of the page>
[DEBUG][2016-01-05 15:27:42,648][com.java.TestType] [10704] - {Data Fields & Data Values Exist}
[INFO ][2016-01-05 15:27:42,648][com.java.TestType] [10710] - --------------------------setting values-----------------------------
[INFO ][2016-01-05 15:27:42,648][com.java.TestType] [10713] - Action Type : Verify
[INFO ][2016-01-05 15:27:42,648][com.java.TestType] [ 7081] - field= BTN value= //img[contains(@src,'bdlogo.jpg')]
[INFO ][2016-01-05 15:27:42,648][com.java.TestType] [ 5705] - value = //img[contains(@src,'bdlogo.jpg')]
[INFO ][2016-01-05 15:27:42,722][com.java.TestType] [10732] -  RESULT true
[INFO ][2016-01-05 15:27:42,722][com.java.TestType] [10849] - ?   P A S S   ?
[INFO ][2016-01-05 15:27:42,722][com.java.TestType] [10920] - Looping End......
[INFO ][2016-01-05 15:27:42,726][com.java.SeleniumDriver] [  906] -  RESULT true
[INFO ][2016-01-05 15:27:42,726][com.java.SeleniumDriver] [ 1112] - ?   P A S S   ?
[INFO ][2016-01-05 15:27:42,726][com.java.SeleniumDriver] [  832] - ------------------------------------------
[INFO ][2016-01-05 15:27:42,726][com.java.SeleniumDriver] [  833] - Test case being Executed: 3
[INFO ][2016-01-05 15:27:42,726][com.java.SeleniumDriver] [  845] - Test step:87
[INFO ][2016-01-05 15:27:42,726][com.java.SeleniumDriver] [  857] - Datavalue is----------10
[INFO ][2016-01-05 15:27:42,726][com.java.SeleniumDriver] [  881] - DataField : XPH//div[contains(text(), 'My Dashboard')]
[INFO ][2016-01-05 15:27:42,726][com.java.SeleniumDriver] [  883] - DataValue : 10
[INFO ][2016-01-05 15:27:42,726][com.java.SeleniumDriver] [  889] - <In Set values of the page>
[INFO ][2016-01-05 15:27:42,726][com.java.SeleniumDriver] [  892] - {Data Fields & Data Values Exist}
[INFO ][2016-01-05 15:27:42,726][com.java.SeleniumDriver] [  894] - --------------------------setting values-----------------------------
[INFO ][2016-01-05 15:27:42,726][com.java.SeleniumDriver] [  897] - Action Type : WAITFORELEMENT
[INFO ][2016-01-05 15:27:43,840][com.java.SeleniumDriver] [  906] -  RESULT true
[INFO ][2016-01-05 15:27:43,840][com.java.SeleniumDriver] [ 1112] - ?   P A S S   ?
[INFO ][2016-01-05 15:27:43,840][com.java.SeleniumDriver] [  832] - ------------------------------------------
[INFO ][2016-01-05 15:27:43,840][com.java.SeleniumDriver] [  833] - Test case being Executed: 3
[INFO ][2016-01-05 15:27:43,840][com.java.SeleniumDriver] [  845] - Test step:88
[INFO ][2016-01-05 15:27:43,840][com.java.SeleniumDriver] [  857] - Datavalue is----------null
[DEBUG][2016-01-05 15:27:43,840][com.java.SeleniumDriver] [  875] - Exception: null
[INFO ][2016-01-05 15:27:43,840][com.java.SeleniumDriver] [  881] - DataField : //span[@class='icon-user4']&&//a[text()='Users']&&//a[@data-id="ModifyUsers"]
[INFO ][2016-01-05 15:27:43,841][com.java.SeleniumDriver] [  883] - DataValue : 
[INFO ][2016-01-05 15:27:43,841][com.java.SeleniumDriver] [  889] - <In Set values of the page>
[INFO ][2016-01-05 15:27:43,841][com.java.SeleniumDriver] [  892] - {Data Fields & Data Values Exist}
[INFO ][2016-01-05 15:27:43,841][com.java.SeleniumDriver] [  894] - --------------------------setting values-----------------------------
[INFO ][2016-01-05 15:27:43,841][com.java.SeleniumDriver] [  897] - Action Type : MouseOver
[INFO ][2016-01-05 15:28:11,596][com.java.SeleniumDriver] [  906] -  RESULT true
[INFO ][2016-01-05 15:28:11,596][com.java.SeleniumDriver] [ 1112] - ?   P A S S   ?
[INFO ][2016-01-05 15:28:11,596][com.java.SeleniumDriver] [  832] - ------------------------------------------
[INFO ][2016-01-05 15:28:11,596][com.java.SeleniumDriver] [  833] - Test case being Executed: 3
[INFO ][2016-01-05 15:28:11,596][com.java.SeleniumDriver] [  845] - Test step:89
[INFO ][2016-01-05 15:28:11,596][com.java.SeleniumDriver] [  857] - Datavalue is----------10
[INFO ][2016-01-05 15:28:11,596][com.java.SeleniumDriver] [  881] - DataField : BTNframeDialogContent
[INFO ][2016-01-05 15:28:11,596][com.java.SeleniumDriver] [  883] - DataValue : 10
[INFO ][2016-01-05 15:28:11,596][com.java.SeleniumDriver] [  889] - <In Set values of the page>
[INFO ][2016-01-05 15:28:11,596][com.java.SeleniumDriver] [  892] - {Data Fields & Data Values Exist}
[INFO ][2016-01-05 15:28:11,596][com.java.SeleniumDriver] [  894] - --------------------------setting values-----------------------------
[INFO ][2016-01-05 15:28:11,596][com.java.SeleniumDriver] [  897] - Action Type : WaitForElement
[INFO ][2016-01-05 15:28:12,815][com.java.SeleniumDriver] [  906] -  RESULT true
[INFO ][2016-01-05 15:28:12,815][com.java.SeleniumDriver] [ 1112] - ?   P A S S   ?
[INFO ][2016-01-05 15:28:12,815][com.java.SeleniumDriver] [  832] - ------------------------------------------
[INFO ][2016-01-05 15:28:12,815][com.java.SeleniumDriver] [  833] - Test case being Executed: 3
[INFO ][2016-01-05 15:28:12,815][com.java.SeleniumDriver] [  845] - Test step:90
[INFO ][2016-01-05 15:28:12,815][com.java.SeleniumDriver] [  857] - Datavalue is----------null
[DEBUG][2016-01-05 15:28:12,816][com.java.SeleniumDriver] [  875] - Exception: null
[INFO ][2016-01-05 15:28:12,816][com.java.SeleniumDriver] [  881] - DataField : BTNframeDialogContent
[INFO ][2016-01-05 15:28:12,816][com.java.SeleniumDriver] [  883] - DataValue : 
[INFO ][2016-01-05 15:28:12,816][com.java.SeleniumDriver] [  889] - <In Set values of the page>
[INFO ][2016-01-05 15:28:12,816][com.java.SeleniumDriver] [  892] - {Data Fields & Data Values Exist}
[INFO ][2016-01-05 15:28:12,816][com.java.SeleniumDriver] [  894] - --------------------------setting values-----------------------------
[INFO ][2016-01-05 15:28:12,816][com.java.SeleniumDriver] [  897] - Action Type : SelectFrame
[INFO ][2016-01-05 15:28:14,075][com.java.SeleniumDriver] [  906] -  RESULT true
[INFO ][2016-01-05 15:28:14,076][com.java.SeleniumDriver] [ 1112] - ?   P A S S   ?
[INFO ][2016-01-05 15:28:14,076][com.java.SeleniumDriver] [  832] - ------------------------------------------
[INFO ][2016-01-05 15:28:14,076][com.java.SeleniumDriver] [  833] - Test case being Executed: 3
[INFO ][2016-01-05 15:28:14,076][com.java.SeleniumDriver] [  845] - Test step:91
[INFO ][2016-01-05 15:28:14,076][com.java.SeleniumDriver] [  857] - Datavalue is----------HMVGivenNewUserName
[INFO ][2016-01-05 15:28:14,076][com.java.SeleniumDriver] [  881] - DataField : test
[INFO ][2016-01-05 15:28:14,076][com.java.SeleniumDriver] [  883] - DataValue : HMVGivenNewUserName
[INFO ][2016-01-05 15:28:14,076][com.java.SeleniumDriver] [  889] - <In Set values of the page>
[INFO ][2016-01-05 15:28:14,076][com.java.SeleniumDriver] [  892] - {Data Fields & Data Values Exist}
[INFO ][2016-01-05 15:28:14,076][com.java.SeleniumDriver] [  894] - --------------------------setting values-----------------------------
[INFO ][2016-01-05 15:28:14,076][com.java.SeleniumDriver] [  897] - Action Type : DelUser
[INFO ][2016-01-05 15:28:14,076][com.java.TestType] [ 5705] - value = vltest.robot40093
[INFO ][2016-01-05 15:28:14,136][com.java.TestType] [ 6084] - Field ::XPH//span[contains(@id,'deleteUser.vltest.robot40093')]
[INFO ][2016-01-05 15:28:14,136][com.java.TestType] [ 5705] - value = 
[INFO ][2016-01-05 15:28:15,136][com.java.TestType] [ 6221] - BEFORE CLICK
[INFO ][2016-01-05 15:28:15,928][com.java.TestType] [ 6229] - Unable to click the object ClickDelete
[INFO ][2016-01-05 15:28:18,928][com.java.TestType] [ 6084] - Field ::CNF
[INFO ][2016-01-05 15:28:18,928][com.java.TestType] [ 5705] - value = OK
[ERROR][2016-01-05 15:28:20,033][com.java.TestType] [ 6420] - Exception in click:: No alert is active (WARNING: The server did not provide any stacktrace information)
Command duration or timeout: 104 milliseconds
Build info: version: '2.48.2', revision: '41bccdd', time: '2015-10-09 19:59:12'
System info: host: 'FVTIII438F1D', ip: '172.17.68.34', os.name: 'Windows 7', os.arch: 'x86', os.version: '6.1', java.version: '1.7.0_55'
Session ID: 9d460220-e1d8-4af9-9507-80a21fb4f5b4
Driver info: org.openqa.selenium.ie.InternetExplorerDriver
Capabilities [{platform=WINDOWS, javascriptEnabled=true, elementScrollBehavior=0, ignoreZoomSetting=false, enablePersistentHover=true, ie.ensureCleanSession=false, browserName=internet explorer, enableElementCacheCleanup=true, unexpectedAlertBehaviour=dismiss, version=10, ie.usePerProcessProxy=false, ignoreProtectedModeSettings=true, cssSelectorsEnabled=true, requireWindowFocus=false, initialBrowserUrl=http://localhost:28075/, handlesAlerts=true, ie.forceCreateProcessApi=false, nativeEvents=true, browserAttachTimeout=0, ie.browserCommandLineSwitches=, takesScreenshot=true}]
[INFO ][2016-01-05 15:28:20,033][com.java.TestType] [ 6424] - Element :::: not found
[INFO ][2016-01-05 15:28:20,033][com.java.SeleniumDriver] [  906] -  RESULT false
[INFO ][2016-01-05 15:28:20,033][com.java.SeleniumDriver] [  953] - ?   F A I L   ?
[INFO ][2016-01-05 15:28:20,033][com.java.SeleniumDriver] [  961] - Browser Type : IE10
[INFO ][2016-01-05 15:28:20,033][com.java.SeleniumDriver] [  962] - Adding Failed case3
[INFO ][2016-01-05 15:28:20,978][com.java.SeleniumDriver] [ 1076] - failedCases = 3
[ERROR][2016-01-05 15:28:20,978][com.java.SeleniumDriver] [ 1575] - Platform Errors : Our apologies...::We have encountered an issue with your request.::Our apologies?:We encountered an issue with your request.
[INFO ][2016-01-05 15:28:20,978][com.java.SeleniumDriver] [ 1579] - Length =3
[ERROR][2016-01-05 15:28:20,978][com.java.SeleniumDriver] [ 1582] - Error 0 = Our apologies...
[ERROR][2016-01-05 15:28:21,061][com.java.SeleniumDriver] [ 1582] - Error 1 = We have encountered an issue with your request.
[ERROR][2016-01-05 15:28:21,122][com.java.SeleniumDriver] [ 1582] - Error 2 = Our apologies?:We encountered an issue with your request.
[INFO ][2016-01-05 15:28:21,172][com.java.SeleniumDriver] [ 1593] - strError:
[DEBUG][2016-01-05 15:28:21,208][com.java.SeleniumDriver] [ 1224] - Case found
[DEBUG][2016-01-05 15:28:21,208][com.java.SeleniumDriver] [ 1229] - Incrementing ReportCounters[0]:2
[INFO ][2016-01-05 15:28:21,208][com.java.SeleniumDriver] [ 1248] - The results are-------------------[3, 91, Admin: Users: Manage Users: Set Access for Users, Fail, 
Test case failed at Step No. :: 91   Error Message ::  Element :::: not found. Screen Shot : D:\BankersDashboard\TestReports\010516\3_010516_152820_IE10.png, Tue Jan 05 15:28:21 IST 2016]
[INFO ][2016-01-05 15:28:21,208][com.java.SeleniumDriver] [ 1252] - End time is-------6 min 7 sec
[INFO ][2016-01-05 15:28:21,208][com.java.SeleniumDriver] [ 1253] - The results are-------------------[3, 91, Admin: Users: Manage Users: Set Access for Users, Fail, 
Test case failed at Step No. :: 91   Error Message ::  Element :::: not found. Screen Shot : D:\BankersDashboard\TestReports\010516\3_010516_152820_IE10.png, Tue Jan 05 15:28:21 IST 2016]
[DEBUG][2016-01-05 15:28:21,208][com.java.ImportnExport.ExportTestResultsExcel] [  222] - testResultPath = D:\BankersDashboard/TestReports/Test Results_BankersDashBoard_010516_152215_IE10_United Bank.xls
[DEBUG][2016-01-05 15:28:21,208][com.java.ImportnExport.ExportTestResultsExcel] [  223] - browser is------------IE10
[DEBUG][2016-01-05 15:28:21,210][com.java.ImportnExport.ExportTestResultsExcel] [  270] - result.size() = 6
[DEBUG][2016-01-05 15:28:21,211][com.java.ImportnExport.ExportTestResultsExcel] [  274] - No of rows in sheet=2
[DEBUG][2016-01-05 15:28:21,211][com.java.ImportnExport.ExportTestResultsExcel] [  301] - ..in export..3
[DEBUG][2016-01-05 15:28:21,211][com.java.ImportnExport.ExportTestResultsExcel] [  301] - ..in export..Admin: Users: Manage Users: Set Access for Users
[DEBUG][2016-01-05 15:28:21,211][com.java.ImportnExport.ExportTestResultsExcel] [  301] - ..in export..Fail
[DEBUG][2016-01-05 15:28:21,211][com.java.ImportnExport.ExportTestResultsExcel] [  301] - ..in export..
Test case failed at Step No. :: 91   Error Message ::  Element :::: not found. Screen Shot : D:\BankersDashboard\TestReports\010516\3_010516_152820_IE10.png
[DEBUG][2016-01-05 15:28:21,211][com.java.ImportnExport.ExportTestResultsExcel] [  301] - ..in export..Tue Jan 05 15:28:21 IST 2016
[INFO ][2016-01-05 15:28:21,212][com.java.SeleniumDriver] [ 1313] - out loop:1 size:2 TestCases:[1, 3] testcases:[1, 3]
[INFO ][2016-01-05 15:28:23,213][com.java.SeleniumDriver] [ 1356] - Total Number of Cases:2
[INFO ][2016-01-05 15:28:23,213][com.java.TemplateGenerator] [  302] - Executed:2
[INFO ][2016-01-05 15:28:23,213][com.java.TemplateGenerator] [  303] - Passed:1
[INFO ][2016-01-05 15:28:23,213][com.java.TemplateGenerator] [  304] - Failed:1
[INFO ][2016-01-05 15:28:23,214][com.java.TemplateGenerator] [  305] - Skipeed:0
[INFO ][2016-01-05 15:28:23,214][com.java.TemplateGenerator] [  306] - Application URL:https://clients-xuat.bankersdashboard.com
[INFO ][2016-01-05 15:28:23,214][com.java.TemplateGenerator] [  307] - Start Time:010516_152215
[INFO ][2016-01-05 15:28:23,214][com.java.TemplateGenerator] [  308] -  Creating HTML Report 
[ERROR][2016-01-05 15:28:23,214][com.java.TemplateGenerator] [  409] - Unparseable date: "Tue Jan 05 03:22:15 IST 2016"
[INFO ][2016-01-05 15:28:23,214][com.java.TemplateGenerator] [  654] -  Exporting case :: 1
[INFO ][2016-01-05 15:28:23,215][com.java.TemplateGenerator] [  654] -  Exporting case :: 3
[INFO ][2016-01-05 15:28:23,219][com.java.SeleniumDriver] [ 1405] - End Time:010516_152823
[INFO ][2016-01-05 15:28:23,219][com.java.SeleniumDriver] [ 1408] - Data in Test Execution Details:{1=PASS, 3=FAILTest case failed at Step No. :: 91   Error Message ::  Element :::: not found}
[INFO ][2016-01-05 15:28:23,219][com.java.SeleniumDriver] [ 1409] - Data in Failed Execution Deatils:{}
[INFO ][2016-01-05 15:28:23,219][com.java.SeleniumDriver] [ 1411] - ReportCounter:Total:2 :: PASS: 1 ::FAIL: 1
[INFO ][2016-01-05 15:28:23,219][com.java.SeleniumDriver] [ 1412] - FailedReportCounter:Total:0 :: PASS: 0 ::FAIL: 0
[INFO ][2016-01-05 15:28:23,227][com.java.EmailTestReport] [   63] - Sending report mail details:
[INFO ][2016-01-05 15:28:23,227][com.java.EmailTestReport] [   80] - Excel Report Path:D:\BankersDashboard/TestReports/Test Results_BankersDashBoard_010516_152215_IE10_United Bank.xls
[INFO ][2016-01-05 15:28:23,227][com.java.EmailTestReport] [   81] - HTML Report Path:D:\BankersDashboard//TestReports//Test Results_BankersDashBoard_010516_152215_IE10_United Bank.html
[INFO ][2016-01-05 15:28:23,227][com.java.EmailTestReport] [   82] - smtpHostName:mail01.valuelabs.com
[INFO ][2016-01-05 15:28:23,227][com.java.EmailTestReport] [   83] - Recipient:venkateswararao.gubbala@valuelabs.com;
[INFO ][2016-01-05 15:28:23,227][com.java.EmailTestReport] [   84] - From:venkateswararao.gubbala@valuelabs.com;
[INFO ][2016-01-05 15:28:23,227][com.java.EmailTestReport] [   85] - Subject:Deluxe Corp Bankers Dashboard Automation Test Report - United Bank - IE10
[INFO ][2016-01-05 15:28:23,243][com.java.EmailTestReport] [  143] -  Added venkateswararao.gubbala@valuelabs.com
[INFO ][2016-01-05 15:28:26,376][com.java.SeleniumDriver] [  722] - quitting the browser 
[INFO ][2016-01-05 15:28:28,001][com.java.SeleniumDriver] [  264] - Execution Completed Stopping the thread
