[INFO ][2016-01-07 15:51:36,706][com.java.SeleniumDriver] [  213] - Execute Failed Casesfalse
[INFO ][2016-01-07 15:51:36,706][com.java.SeleniumDriver] [  214] - Browser: IE10
[INFO ][2016-01-07 15:51:36,706][com.java.SeleniumDriver] [  215] - [1, 2, 3]
[INFO ][2016-01-07 15:51:36,706][com.java.SeleniumDriver] [  216] - Total TestCases:3
[INFO ][2016-01-07 15:51:36,706][com.java.SeleniumDriver] [  217] -  Reading Properties from Property File 
[DEBUG][2016-01-07 15:51:36,707][com.java.SeleniumDriver] [  238] - url : https://clients-xuat.bankersdashboard.com
[INFO ][2016-01-07 15:51:36,708][com.java.ImportnExport.ExportTestResultsExcel] [  116] - Time Stamp Thu Jan 07 03:51:36 IST 2016
[INFO ][2016-01-07 15:51:36,708][com.java.ImportnExport.ExportTestResultsExcel] [  175] - OUT FILE : D:\BankersDashboard/TestReports/Test Results_BankersDashBoard_010716_155136_IE10_CB&S Bank.xls
[INFO ][2016-01-07 15:51:36,737][com.java.ImportnExport.ExportTestResultsExcel] [  180] - Test Result file is created
[DEBUG][2016-01-07 15:51:36,839][com.java.SeleniumDriver] [  426] - Hub ip address is-------172.17.68.34
[INFO ][2016-01-07 15:51:36,840][com.java.SeleniumDriver] [  452] - Grid URL:http://172.17.68.34:4444/wd/hub
[INFO ][2016-01-07 15:51:36,840][com.java.SeleniumDriver] [  453] - Capability:Capabilities [{platform=ANY, ensureCleanSession=true, ignoreProtectedModeSettings=true, acceptSslCerts=true, ignoreZoomSetting=true, browserName=internet explorer, browserstack.ie.noFlash=true, version=null}]
[ERROR][2016-01-07 15:51:38,172][com.java.SeleniumDriver] [  498] - Unable invoke browser in grid:Could not start a new session. Possible causes are invalid address of the remote server or browser start-up failure.
Build info: version: '2.48.2', revision: '41bccdd', time: '2015-10-09 19:59:12'
System info: host: 'FVTIII438F1D', ip: '172.17.68.34', os.name: 'Windows 7', os.arch: 'x86', os.version: '6.1', java.version: '1.7.0_55'
Driver info: driver.version: SeleniumDriver
[INFO ][2016-01-07 15:51:38,172][com.java.SeleniumDriver] [  500] - Executing on local machine
[INFO ][2016-01-07 15:51:52,036][com.java.SeleniumDriver] [  248] - IE10is opened
[INFO ][2016-01-07 15:51:52,697][com.java.SeleniumDriver] [  756] - Test cases to be executed are: [1, 2, 3]
[INFO ][2016-01-07 15:51:52,718][com.java.ImportnExport.ImportTestDataDetailsExcel] [   49] - test data details path===== D:\BankersDashboard\TestInputs\TestData.xls
[INFO ][2016-01-07 15:51:52,807][com.java.SeleniumDriver] [  832] - ------------------------------------------
[INFO ][2016-01-07 15:51:52,807][com.java.SeleniumDriver] [  833] - Test case being Executed: 1
[INFO ][2016-01-07 15:51:52,807][com.java.SeleniumDriver] [  845] - Test step:1
[INFO ][2016-01-07 15:51:52,807][com.java.SeleniumDriver] [  857] - Datavalue is----------Concept#1:1-16
[INFO ][2016-01-07 15:51:52,807][com.java.SeleniumDriver] [  881] - DataField : test
[INFO ][2016-01-07 15:51:52,808][com.java.SeleniumDriver] [  883] - DataValue : Concept#1:1-16
[INFO ][2016-01-07 15:51:52,808][com.java.SeleniumDriver] [  889] - <In Set values of the page>
[INFO ][2016-01-07 15:51:52,808][com.java.SeleniumDriver] [  892] - {Data Fields & Data Values Exist}
[INFO ][2016-01-07 15:51:52,808][com.java.SeleniumDriver] [  894] - --------------------------setting values-----------------------------
[INFO ][2016-01-07 15:51:52,808][com.java.SeleniumDriver] [  897] - Action Type : ExecuteTestCase
[INFO ][2016-01-07 15:51:52,825][com.java.TestType] [  437] - The Concept sheet name is ---------- Concept
[INFO ][2016-01-07 15:51:52,826][com.java.TestType] [  440] - The Concept ID  is ---------- 1
[DEBUG][2016-01-07 15:51:52,826][com.java.TestType] [  444] - Steps being executted in the Concept are: 1:16
[INFO ][2016-01-07 15:51:52,826][com.java.TestType] [  451] - Test data details path ---------- D:\BankersDashboard\TestInputs\TestData.xls
[INFO ][2016-01-07 15:51:52,857][com.java.TestType] [  482] -  str(1) = 1
[INFO ][2016-01-07 15:51:52,857][com.java.TestType] [  485] - Test case Id is---1
[INFO ][2016-01-07 15:51:52,857][com.java.TestType] [  487] - 1
[INFO ][2016-01-07 15:51:52,858][com.java.TestType] [  482] -  str(2) = 1
[INFO ][2016-01-07 15:51:52,860][com.java.TestType] [  482] -  str(1) = 1
[INFO ][2016-01-07 15:51:52,860][com.java.TestType] [  485] - Test case Id is---1
[INFO ][2016-01-07 15:51:52,860][com.java.TestType] [  487] - 1
[INFO ][2016-01-07 15:51:52,860][com.java.TestType] [  482] -  str(2) = 2
[INFO ][2016-01-07 15:51:52,862][com.java.TestType] [  482] -  str(1) = 1
[INFO ][2016-01-07 15:51:52,862][com.java.TestType] [  485] - Test case Id is---1
[INFO ][2016-01-07 15:51:52,862][com.java.TestType] [  487] - 1
[INFO ][2016-01-07 15:51:52,862][com.java.TestType] [  482] -  str(2) = 3
[INFO ][2016-01-07 15:51:52,863][com.java.TestType] [  482] -  str(1) = 1
[INFO ][2016-01-07 15:51:52,864][com.java.TestType] [  485] - Test case Id is---1
[INFO ][2016-01-07 15:51:52,864][com.java.TestType] [  487] - 1
[INFO ][2016-01-07 15:51:52,864][com.java.TestType] [  482] -  str(2) = 4
[INFO ][2016-01-07 15:51:52,865][com.java.TestType] [  482] -  str(1) = 1
[INFO ][2016-01-07 15:51:52,865][com.java.TestType] [  485] - Test case Id is---1
[INFO ][2016-01-07 15:51:52,865][com.java.TestType] [  487] - 1
[INFO ][2016-01-07 15:51:52,866][com.java.TestType] [  482] -  str(2) = 5
[INFO ][2016-01-07 15:51:52,867][com.java.TestType] [  482] -  str(1) = 1
[INFO ][2016-01-07 15:51:52,867][com.java.TestType] [  485] - Test case Id is---1
[INFO ][2016-01-07 15:51:52,868][com.java.TestType] [  487] - 1
[INFO ][2016-01-07 15:51:52,869][com.java.TestType] [  482] -  str(2) = 6
[INFO ][2016-01-07 15:51:52,869][com.java.TestType] [  482] -  str(1) = 1
[INFO ][2016-01-07 15:51:52,870][com.java.TestType] [  485] - Test case Id is---1
[INFO ][2016-01-07 15:51:52,870][com.java.TestType] [  487] - 1
[INFO ][2016-01-07 15:51:52,870][com.java.TestType] [  482] -  str(2) = 7
[INFO ][2016-01-07 15:51:52,871][com.java.TestType] [  482] -  str(1) = 1
[INFO ][2016-01-07 15:51:52,871][com.java.TestType] [  485] - Test case Id is---1
[INFO ][2016-01-07 15:51:52,871][com.java.TestType] [  487] - 1
[INFO ][2016-01-07 15:51:52,871][com.java.TestType] [  482] -  str(2) = 8
[INFO ][2016-01-07 15:51:52,872][com.java.TestType] [  482] -  str(1) = 1
[INFO ][2016-01-07 15:51:52,872][com.java.TestType] [  485] - Test case Id is---1
[INFO ][2016-01-07 15:51:52,872][com.java.TestType] [  487] - 1
[INFO ][2016-01-07 15:51:52,872][com.java.TestType] [  482] -  str(2) = 9
[INFO ][2016-01-07 15:51:52,873][com.java.TestType] [  482] -  str(1) = 1
[INFO ][2016-01-07 15:51:52,873][com.java.TestType] [  485] - Test case Id is---1
[INFO ][2016-01-07 15:51:52,873][com.java.TestType] [  487] - 1
[INFO ][2016-01-07 15:51:52,873][com.java.TestType] [  482] -  str(2) = 10
[INFO ][2016-01-07 15:51:52,874][com.java.TestType] [  482] -  str(1) = 1
[INFO ][2016-01-07 15:51:52,874][com.java.TestType] [  485] - Test case Id is---1
[INFO ][2016-01-07 15:51:52,874][com.java.TestType] [  487] - 1
[INFO ][2016-01-07 15:51:52,874][com.java.TestType] [  482] -  str(2) = 11
[INFO ][2016-01-07 15:51:52,875][com.java.TestType] [  482] -  str(1) = 1
[INFO ][2016-01-07 15:51:52,875][com.java.TestType] [  485] - Test case Id is---1
[INFO ][2016-01-07 15:51:52,875][com.java.TestType] [  487] - 1
[INFO ][2016-01-07 15:51:52,875][com.java.TestType] [  482] -  str(2) = 12
[INFO ][2016-01-07 15:51:52,876][com.java.TestType] [  482] -  str(1) = 1
[INFO ][2016-01-07 15:51:52,876][com.java.TestType] [  485] - Test case Id is---1
[INFO ][2016-01-07 15:51:52,876][com.java.TestType] [  487] - 1
[INFO ][2016-01-07 15:51:52,876][com.java.TestType] [  482] -  str(2) = 13
[INFO ][2016-01-07 15:51:52,877][com.java.TestType] [  482] -  str(1) = 1
[INFO ][2016-01-07 15:51:52,877][com.java.TestType] [  485] - Test case Id is---1
[INFO ][2016-01-07 15:51:52,877][com.java.TestType] [  487] - 1
[INFO ][2016-01-07 15:51:52,879][com.java.TestType] [  482] -  str(2) = 14
[INFO ][2016-01-07 15:51:52,879][com.java.TestType] [  482] -  str(1) = 1
[INFO ][2016-01-07 15:51:52,879][com.java.TestType] [  485] - Test case Id is---1
[INFO ][2016-01-07 15:51:52,880][com.java.TestType] [  487] - 1
[INFO ][2016-01-07 15:51:52,880][com.java.TestType] [  482] -  str(2) = 15
[INFO ][2016-01-07 15:51:52,880][com.java.TestType] [  482] -  str(1) = 1
[INFO ][2016-01-07 15:51:52,880][com.java.TestType] [  485] - Test case Id is---1
[INFO ][2016-01-07 15:51:52,880][com.java.TestType] [  487] - 1
[INFO ][2016-01-07 15:51:52,880][com.java.TestType] [  482] -  str(2) = 16
[INFO ][2016-01-07 15:51:52,881][com.java.TestType] [10822] - Looping 1TCID = 1
[DEBUG][2016-01-07 15:51:52,881][com.java.TestType] [10863] - Concept ID:1 :: Step being Executed: 1::1
[INFO ][2016-01-07 15:51:52,881][com.java.TestType] [10901] - dataFields : TXTusername
[DEBUG][2016-01-07 15:51:52,882][com.java.TestType] [10907] - <In Set values of the page>
[DEBUG][2016-01-07 15:51:52,882][com.java.TestType] [10912] - {Data Fields & Data Values Exist}
[INFO ][2016-01-07 15:51:52,882][com.java.TestType] [10918] - --------------------------setting values-----------------------------
[INFO ][2016-01-07 15:51:52,882][com.java.TestType] [10921] - Action Type : CLEARANDENTER
[INFO ][2016-01-07 15:51:52,882][com.java.TestType] [ 5895] - value = valuelabs.ie10.15310
[INFO ][2016-01-07 15:51:57,646][com.java.TestType] [10940] -  RESULT true
[INFO ][2016-01-07 15:51:57,647][com.java.TestType] [11057] - ?   P A S S   ?
[DEBUG][2016-01-07 15:51:57,647][com.java.TestType] [10863] - Concept ID:1 :: Step being Executed: 1::2
[INFO ][2016-01-07 15:51:57,648][com.java.TestType] [10901] - dataFields : TXTpassword
[DEBUG][2016-01-07 15:51:57,648][com.java.TestType] [10907] - <In Set values of the page>
[DEBUG][2016-01-07 15:51:57,648][com.java.TestType] [10912] - {Data Fields & Data Values Exist}
[INFO ][2016-01-07 15:51:57,648][com.java.TestType] [10918] - --------------------------setting values-----------------------------
[INFO ][2016-01-07 15:51:57,648][com.java.TestType] [10921] - Action Type : CLEARANDENTER
[INFO ][2016-01-07 15:51:57,648][com.java.TestType] [ 5895] - value = Password1*
[INFO ][2016-01-07 15:52:02,516][com.java.TestType] [10940] -  RESULT true
[INFO ][2016-01-07 15:52:02,516][com.java.TestType] [11057] - ?   P A S S   ?
[DEBUG][2016-01-07 15:52:02,516][com.java.TestType] [10863] - Concept ID:1 :: Step being Executed: 1::3
[ERROR][2016-01-07 15:52:02,517][com.java.TestType] [10896] - Exception: null
[INFO ][2016-01-07 15:52:02,517][com.java.TestType] [10901] - dataFields : XPH//button[@type='submit']
[DEBUG][2016-01-07 15:52:02,517][com.java.TestType] [10907] - <In Set values of the page>
[DEBUG][2016-01-07 15:52:02,517][com.java.TestType] [10912] - {Data Fields & Data Values Exist}
[INFO ][2016-01-07 15:52:02,517][com.java.TestType] [10918] - --------------------------setting values-----------------------------
[INFO ][2016-01-07 15:52:02,517][com.java.TestType] [10921] - Action Type : Click
[INFO ][2016-01-07 15:52:02,517][com.java.TestType] [ 6274] - Field ::XPH//button[@type='submit']
[INFO ][2016-01-07 15:52:02,517][com.java.TestType] [ 5895] - value = 
[INFO ][2016-01-07 15:52:03,517][com.java.TestType] [ 6411] - BEFORE CLICK
[INFO ][2016-01-07 15:52:07,031][com.java.TestType] [ 6419] - Unable to click the object Login
[INFO ][2016-01-07 15:52:07,031][com.java.TestType] [10940] -  RESULT true
[INFO ][2016-01-07 15:52:07,031][com.java.TestType] [11057] - ?   P A S S   ?
[DEBUG][2016-01-07 15:52:07,031][com.java.TestType] [10863] - Concept ID:1 :: Step being Executed: 1::4
[INFO ][2016-01-07 15:52:07,031][com.java.TestType] [10901] - dataFields : LNKLogout
[DEBUG][2016-01-07 15:52:07,031][com.java.TestType] [10907] - <In Set values of the page>
[DEBUG][2016-01-07 15:52:07,031][com.java.TestType] [10912] - {Data Fields & Data Values Exist}
[INFO ][2016-01-07 15:52:07,031][com.java.TestType] [10918] - --------------------------setting values-----------------------------
[INFO ][2016-01-07 15:52:07,031][com.java.TestType] [10921] - Action Type : WaitForElement
[INFO ][2016-01-07 15:52:07,160][com.java.TestType] [10940] -  RESULT true
[INFO ][2016-01-07 15:52:07,160][com.java.TestType] [11057] - ?   P A S S   ?
[DEBUG][2016-01-07 15:52:07,160][com.java.TestType] [10863] - Concept ID:1 :: Step being Executed: 1::15
[INFO ][2016-01-07 15:52:07,160][com.java.TestType] [10901] - dataFields : LNK
[DEBUG][2016-01-07 15:52:07,160][com.java.TestType] [10907] - <In Set values of the page>
[DEBUG][2016-01-07 15:52:07,160][com.java.TestType] [10912] - {Data Fields & Data Values Exist}
[INFO ][2016-01-07 15:52:07,160][com.java.TestType] [10918] - --------------------------setting values-----------------------------
[INFO ][2016-01-07 15:52:07,160][com.java.TestType] [10921] - Action Type : Verify
[INFO ][2016-01-07 15:52:07,160][com.java.TestType] [ 7269] - field= LNK value= Logout
[INFO ][2016-01-07 15:52:07,161][com.java.TestType] [ 5895] - value = Logout
[INFO ][2016-01-07 15:52:07,201][com.java.TestType] [10940] -  RESULT true
[INFO ][2016-01-07 15:52:07,202][com.java.TestType] [11057] - ?   P A S S   ?
[DEBUG][2016-01-07 15:52:07,202][com.java.TestType] [10863] - Concept ID:1 :: Step being Executed: 1::16
[INFO ][2016-01-07 15:52:07,202][com.java.TestType] [10901] - dataFields : BTN
[DEBUG][2016-01-07 15:52:07,202][com.java.TestType] [10907] - <In Set values of the page>
[DEBUG][2016-01-07 15:52:07,202][com.java.TestType] [10912] - {Data Fields & Data Values Exist}
[INFO ][2016-01-07 15:52:07,202][com.java.TestType] [10918] - --------------------------setting values-----------------------------
[INFO ][2016-01-07 15:52:07,202][com.java.TestType] [10921] - Action Type : Verify
[INFO ][2016-01-07 15:52:07,202][com.java.TestType] [ 7269] - field= BTN value= //img[contains(@src,'bdlogo.jpg')]
[INFO ][2016-01-07 15:52:07,202][com.java.TestType] [ 5895] - value = //img[contains(@src,'bdlogo.jpg')]
[INFO ][2016-01-07 15:52:07,275][com.java.TestType] [10940] -  RESULT true
[INFO ][2016-01-07 15:52:07,275][com.java.TestType] [11057] - ?   P A S S   ?
[INFO ][2016-01-07 15:52:07,275][com.java.TestType] [11128] - Looping End......
[INFO ][2016-01-07 15:52:07,279][com.java.SeleniumDriver] [  906] -  RESULT true
[INFO ][2016-01-07 15:52:07,279][com.java.SeleniumDriver] [ 1112] - ?   P A S S   ?
[INFO ][2016-01-07 15:52:07,279][com.java.SeleniumDriver] [  832] - ------------------------------------------
[INFO ][2016-01-07 15:52:07,279][com.java.SeleniumDriver] [  833] - Test case being Executed: 1
[INFO ][2016-01-07 15:52:07,279][com.java.SeleniumDriver] [  845] - Test step:2
[INFO ][2016-01-07 15:52:07,279][com.java.SeleniumDriver] [  857] - Datavalue is----------Concept#2:1-2
[INFO ][2016-01-07 15:52:07,279][com.java.SeleniumDriver] [  881] - DataField : test
[INFO ][2016-01-07 15:52:07,279][com.java.SeleniumDriver] [  883] - DataValue : Concept#2:1-2
[INFO ][2016-01-07 15:52:07,279][com.java.SeleniumDriver] [  889] - <In Set values of the page>
[INFO ][2016-01-07 15:52:07,279][com.java.SeleniumDriver] [  892] - {Data Fields & Data Values Exist}
[INFO ][2016-01-07 15:52:07,279][com.java.SeleniumDriver] [  894] - --------------------------setting values-----------------------------
[INFO ][2016-01-07 15:52:07,280][com.java.SeleniumDriver] [  897] - Action Type : ExecuteTestCase
[INFO ][2016-01-07 15:52:07,280][com.java.TestType] [  437] - The Concept sheet name is ---------- Concept
[INFO ][2016-01-07 15:52:07,280][com.java.TestType] [  440] - The Concept ID  is ---------- 2
[DEBUG][2016-01-07 15:52:07,280][com.java.TestType] [  444] - Steps being executted in the Concept are: 1:2
[INFO ][2016-01-07 15:52:07,280][com.java.TestType] [  451] - Test data details path ---------- D:\BankersDashboard\TestInputs\TestData.xls
[INFO ][2016-01-07 15:52:07,307][com.java.TestType] [  482] -  str(1) = 2
[INFO ][2016-01-07 15:52:07,307][com.java.TestType] [  485] - Test case Id is---2
[INFO ][2016-01-07 15:52:07,308][com.java.TestType] [  487] - 2
[INFO ][2016-01-07 15:52:07,308][com.java.TestType] [  482] -  str(2) = 1
[INFO ][2016-01-07 15:52:07,309][com.java.TestType] [  482] -  str(1) = 2
[INFO ][2016-01-07 15:52:07,310][com.java.TestType] [  485] - Test case Id is---2
[INFO ][2016-01-07 15:52:07,310][com.java.TestType] [  487] - 2
[INFO ][2016-01-07 15:52:07,310][com.java.TestType] [  482] -  str(2) = 2
[INFO ][2016-01-07 15:52:07,311][com.java.TestType] [  482] -  str(1) = 2
[INFO ][2016-01-07 15:52:07,311][com.java.TestType] [  485] - Test case Id is---2
[INFO ][2016-01-07 15:52:07,311][com.java.TestType] [  487] - 2
[INFO ][2016-01-07 15:52:07,311][com.java.TestType] [  482] -  str(2) = 3
[INFO ][2016-01-07 15:52:07,312][com.java.TestType] [10822] - Looping 1TCID = 2
[DEBUG][2016-01-07 15:52:07,312][com.java.TestType] [10863] - Concept ID:2 :: Step being Executed: 2::1
[INFO ][2016-01-07 15:52:07,312][com.java.TestType] [10901] - dataFields : BNK//select[@id='bank']
[DEBUG][2016-01-07 15:52:07,312][com.java.TestType] [10907] - <In Set values of the page>
[DEBUG][2016-01-07 15:52:07,312][com.java.TestType] [10912] - {Data Fields & Data Values Exist}
[INFO ][2016-01-07 15:52:07,312][com.java.TestType] [10918] - --------------------------setting values-----------------------------
[INFO ][2016-01-07 15:52:07,312][com.java.TestType] [10921] - Action Type : Select
[INFO ][2016-01-07 15:52:07,313][com.java.TestType] [ 5895] - value = PFC
[INFO ][2016-01-07 15:52:07,528][com.java.TestType] [10940] -  RESULT true
[INFO ][2016-01-07 15:52:07,528][com.java.TestType] [11057] - ?   P A S S   ?
[DEBUG][2016-01-07 15:52:07,529][com.java.TestType] [10863] - Concept ID:2 :: Step being Executed: 2::2
[INFO ][2016-01-07 15:52:07,529][com.java.TestType] [10901] - dataFields : LNKLogout
[DEBUG][2016-01-07 15:52:07,529][com.java.TestType] [10907] - <In Set values of the page>
[DEBUG][2016-01-07 15:52:07,529][com.java.TestType] [10912] - {Data Fields & Data Values Exist}
[INFO ][2016-01-07 15:52:07,529][com.java.TestType] [10918] - --------------------------setting values-----------------------------
[INFO ][2016-01-07 15:52:07,530][com.java.TestType] [10921] - Action Type : WaitTime
[DEBUG][2016-01-07 15:52:07,530][com.java.TestType] [ 5715] - sleepTime: 5000
[INFO ][2016-01-07 15:52:12,531][com.java.TestType] [10940] -  RESULT true
[INFO ][2016-01-07 15:52:12,531][com.java.TestType] [11057] - ?   P A S S   ?
[INFO ][2016-01-07 15:52:12,531][com.java.TestType] [11128] - Looping End......
[INFO ][2016-01-07 15:52:12,534][com.java.SeleniumDriver] [  906] -  RESULT true
[INFO ][2016-01-07 15:52:12,534][com.java.SeleniumDriver] [ 1112] - ?   P A S S   ?
[INFO ][2016-01-07 15:52:12,535][com.java.SeleniumDriver] [  832] - ------------------------------------------
[INFO ][2016-01-07 15:52:12,535][com.java.SeleniumDriver] [  833] - Test case being Executed: 1
[INFO ][2016-01-07 15:52:12,535][com.java.SeleniumDriver] [  845] - Test step:3
[INFO ][2016-01-07 15:52:12,535][com.java.SeleniumDriver] [  857] - Datavalue is----------2
[INFO ][2016-01-07 15:52:12,535][com.java.SeleniumDriver] [  881] - DataField : XPH//button[contains(text(),'Add Content')]
[INFO ][2016-01-07 15:52:12,535][com.java.SeleniumDriver] [  883] - DataValue : 2
[INFO ][2016-01-07 15:52:12,535][com.java.SeleniumDriver] [  889] - <In Set values of the page>
[INFO ][2016-01-07 15:52:12,535][com.java.SeleniumDriver] [  892] - {Data Fields & Data Values Exist}
[INFO ][2016-01-07 15:52:12,535][com.java.SeleniumDriver] [  894] - --------------------------setting values-----------------------------
[INFO ][2016-01-07 15:52:12,535][com.java.SeleniumDriver] [  897] - Action Type : WAITFORELEMENT
[INFO ][2016-01-07 15:52:12,574][com.java.SeleniumDriver] [  906] -  RESULT true
[INFO ][2016-01-07 15:52:12,574][com.java.SeleniumDriver] [ 1112] - ?   P A S S   ?
[DEBUG][2016-01-07 15:52:12,574][com.java.SeleniumDriver] [ 1224] - Case found
[DEBUG][2016-01-07 15:52:12,574][com.java.SeleniumDriver] [ 1229] - Incrementing ReportCounters[0]:1
[INFO ][2016-01-07 15:52:12,574][com.java.SeleniumDriver] [ 1248] - The results are-------------------[1, 1, Valid Login, Pass, , Thu Jan 07 15:52:07 IST 2016, 1, 2, Valid Login, Pass, , Thu Jan 07 15:52:12 IST 2016, 1, 3, Valid Login, Pass, , Thu Jan 07 15:52:12 IST 2016]
[INFO ][2016-01-07 15:52:12,575][com.java.SeleniumDriver] [ 1252] - End time is-------38 sec
[INFO ][2016-01-07 15:52:12,575][com.java.SeleniumDriver] [ 1253] - The results are-------------------[1, 1, Valid Login, Pass, , Thu Jan 07 15:52:07 IST 2016, 1, 2, Valid Login, Pass, , Thu Jan 07 15:52:12 IST 2016, 1, 3, Valid Login, Pass, , Thu Jan 07 15:52:12 IST 2016]
[DEBUG][2016-01-07 15:52:12,575][com.java.ImportnExport.ExportTestResultsExcel] [  222] - testResultPath = D:\BankersDashboard/TestReports/Test Results_BankersDashBoard_010716_155136_IE10_CB&S Bank.xls
[DEBUG][2016-01-07 15:52:12,575][com.java.ImportnExport.ExportTestResultsExcel] [  223] - browser is------------IE10
[DEBUG][2016-01-07 15:52:12,619][com.java.ImportnExport.ExportTestResultsExcel] [  270] - result.size() = 18
[DEBUG][2016-01-07 15:52:12,620][com.java.ImportnExport.ExportTestResultsExcel] [  274] - No of rows in sheet=1
[DEBUG][2016-01-07 15:52:12,620][com.java.ImportnExport.ExportTestResultsExcel] [  301] - ..in export..1
[DEBUG][2016-01-07 15:52:12,620][com.java.ImportnExport.ExportTestResultsExcel] [  301] - ..in export..Valid Login
[DEBUG][2016-01-07 15:52:12,620][com.java.ImportnExport.ExportTestResultsExcel] [  301] - ..in export..Pass
[DEBUG][2016-01-07 15:52:12,620][com.java.ImportnExport.ExportTestResultsExcel] [  301] - ..in export..
[DEBUG][2016-01-07 15:52:12,620][com.java.ImportnExport.ExportTestResultsExcel] [  301] - ..in export..Thu Jan 07 15:52:07 IST 2016
[INFO ][2016-01-07 15:52:12,622][com.java.SeleniumDriver] [ 1313] - out loop:0 size:3 TestCases:[1, 2, 3] testcases:[1, 2, 3]
[INFO ][2016-01-07 15:52:12,622][com.java.ImportnExport.ImportTestDataDetailsExcel] [   49] - test data details path===== D:\BankersDashboard\TestInputs\TestData.xls
[INFO ][2016-01-07 15:52:31,285][com.java.SeleniumDriver] [  832] - ------------------------------------------
[INFO ][2016-01-07 15:52:31,285][com.java.SeleniumDriver] [  833] - Test case being Executed: 2
[INFO ][2016-01-07 15:52:31,285][com.java.SeleniumDriver] [  845] - Test step:1
[INFO ][2016-01-07 15:52:31,285][com.java.SeleniumDriver] [  857] - Datavalue is----------Logout
[INFO ][2016-01-07 15:52:31,285][com.java.SeleniumDriver] [  881] - DataField : BTN
[INFO ][2016-01-07 15:52:31,285][com.java.SeleniumDriver] [  883] - DataValue : Logout
[INFO ][2016-01-07 15:52:31,285][com.java.SeleniumDriver] [  889] - <In Set values of the page>
[INFO ][2016-01-07 15:52:31,285][com.java.SeleniumDriver] [  892] - {Data Fields & Data Values Exist}
[INFO ][2016-01-07 15:52:31,285][com.java.SeleniumDriver] [  894] - --------------------------setting values-----------------------------
[INFO ][2016-01-07 15:52:31,285][com.java.SeleniumDriver] [  897] - Action Type : Verify
[INFO ][2016-01-07 15:52:31,285][com.java.TestType] [ 7269] - field= BTN value= Logout
[INFO ][2016-01-07 15:52:31,286][com.java.TestType] [ 5895] - value = Logout
[INFO ][2016-01-07 15:52:31,360][com.java.SeleniumDriver] [  906] -  RESULT true
[INFO ][2016-01-07 15:52:31,360][com.java.SeleniumDriver] [ 1112] - ?   P A S S   ?
[INFO ][2016-01-07 15:52:31,360][com.java.SeleniumDriver] [ 1154] - step change to 3
[INFO ][2016-01-07 15:52:31,361][com.java.SeleniumDriver] [  832] - ------------------------------------------
[INFO ][2016-01-07 15:52:31,361][com.java.SeleniumDriver] [  833] - Test case being Executed: 2
[INFO ][2016-01-07 15:52:31,361][com.java.SeleniumDriver] [  845] - Test step:3
[INFO ][2016-01-07 15:52:31,361][com.java.SeleniumDriver] [  857] - Datavalue is----------null
[DEBUG][2016-01-07 15:52:31,361][com.java.SeleniumDriver] [  875] - Exception: null
[INFO ][2016-01-07 15:52:31,361][com.java.SeleniumDriver] [  881] - DataField : //span[@class='icon-user4']&&//a[text()='Users']&&//a[@data-id="ModifyUsers"]
[INFO ][2016-01-07 15:52:31,361][com.java.SeleniumDriver] [  883] - DataValue : 
[INFO ][2016-01-07 15:52:31,361][com.java.SeleniumDriver] [  889] - <In Set values of the page>
[INFO ][2016-01-07 15:52:31,361][com.java.SeleniumDriver] [  892] - {Data Fields & Data Values Exist}
[INFO ][2016-01-07 15:52:31,361][com.java.SeleniumDriver] [  894] - --------------------------setting values-----------------------------
[INFO ][2016-01-07 15:52:31,361][com.java.SeleniumDriver] [  897] - Action Type : MouseOver
[INFO ][2016-01-07 15:52:59,047][com.java.SeleniumDriver] [  906] -  RESULT true
[INFO ][2016-01-07 15:52:59,047][com.java.SeleniumDriver] [ 1112] - ?   P A S S   ?
[INFO ][2016-01-07 15:52:59,047][com.java.SeleniumDriver] [  832] - ------------------------------------------
[INFO ][2016-01-07 15:52:59,047][com.java.SeleniumDriver] [  833] - Test case being Executed: 2
[INFO ][2016-01-07 15:52:59,047][com.java.SeleniumDriver] [  845] - Test step:4
[INFO ][2016-01-07 15:52:59,047][com.java.SeleniumDriver] [  857] - Datavalue is----------2
[INFO ][2016-01-07 15:52:59,047][com.java.SeleniumDriver] [  881] - DataField : BTNframeDialogContent
[INFO ][2016-01-07 15:52:59,047][com.java.SeleniumDriver] [  883] - DataValue : 2
[INFO ][2016-01-07 15:52:59,047][com.java.SeleniumDriver] [  889] - <In Set values of the page>
[INFO ][2016-01-07 15:52:59,048][com.java.SeleniumDriver] [  892] - {Data Fields & Data Values Exist}
[INFO ][2016-01-07 15:52:59,048][com.java.SeleniumDriver] [  894] - --------------------------setting values-----------------------------
[INFO ][2016-01-07 15:52:59,048][com.java.SeleniumDriver] [  897] - Action Type : WaitForElement
[INFO ][2016-01-07 15:53:00,269][com.java.SeleniumDriver] [  906] -  RESULT true
[INFO ][2016-01-07 15:53:00,269][com.java.SeleniumDriver] [ 1112] - ?   P A S S   ?
[INFO ][2016-01-07 15:53:00,270][com.java.SeleniumDriver] [  832] - ------------------------------------------
[INFO ][2016-01-07 15:53:00,270][com.java.SeleniumDriver] [  833] - Test case being Executed: 2
[INFO ][2016-01-07 15:53:00,270][com.java.SeleniumDriver] [  845] - Test step:5
[INFO ][2016-01-07 15:53:00,270][com.java.SeleniumDriver] [  857] - Datavalue is----------null
[DEBUG][2016-01-07 15:53:00,270][com.java.SeleniumDriver] [  875] - Exception: null
[INFO ][2016-01-07 15:53:00,270][com.java.SeleniumDriver] [  881] - DataField : BTNframeDialogContent
[INFO ][2016-01-07 15:53:00,270][com.java.SeleniumDriver] [  883] - DataValue : 
[INFO ][2016-01-07 15:53:00,270][com.java.SeleniumDriver] [  889] - <In Set values of the page>
[INFO ][2016-01-07 15:53:00,270][com.java.SeleniumDriver] [  892] - {Data Fields & Data Values Exist}
[INFO ][2016-01-07 15:53:00,270][com.java.SeleniumDriver] [  894] - --------------------------setting values-----------------------------
[INFO ][2016-01-07 15:53:00,270][com.java.SeleniumDriver] [  897] - Action Type : SelectFrame
[INFO ][2016-01-07 15:53:01,534][com.java.SeleniumDriver] [  906] -  RESULT true
[INFO ][2016-01-07 15:53:01,534][com.java.SeleniumDriver] [ 1112] - ?   P A S S   ?
[INFO ][2016-01-07 15:53:01,534][com.java.SeleniumDriver] [  832] - ------------------------------------------
[INFO ][2016-01-07 15:53:01,534][com.java.SeleniumDriver] [  833] - Test case being Executed: 2
[INFO ][2016-01-07 15:53:01,534][com.java.SeleniumDriver] [  845] - Test step:6
[INFO ][2016-01-07 15:53:01,534][com.java.SeleniumDriver] [  857] - Datavalue is----------2
[INFO ][2016-01-07 15:53:01,534][com.java.SeleniumDriver] [  881] - DataField : BTNbtnAddUser
[INFO ][2016-01-07 15:53:01,535][com.java.SeleniumDriver] [  883] - DataValue : 2
[INFO ][2016-01-07 15:53:01,535][com.java.SeleniumDriver] [  889] - <In Set values of the page>
[INFO ][2016-01-07 15:53:01,535][com.java.SeleniumDriver] [  892] - {Data Fields & Data Values Exist}
[INFO ][2016-01-07 15:53:01,535][com.java.SeleniumDriver] [  894] - --------------------------setting values-----------------------------
[INFO ][2016-01-07 15:53:01,535][com.java.SeleniumDriver] [  897] - Action Type : WaitForElement
[INFO ][2016-01-07 15:53:02,847][com.java.SeleniumDriver] [  906] -  RESULT true
[INFO ][2016-01-07 15:53:02,847][com.java.SeleniumDriver] [ 1112] - ?   P A S S   ?
[INFO ][2016-01-07 15:53:02,847][com.java.SeleniumDriver] [  832] - ------------------------------------------
[INFO ][2016-01-07 15:53:02,847][com.java.SeleniumDriver] [  833] - Test case being Executed: 2
[INFO ][2016-01-07 15:53:02,848][com.java.SeleniumDriver] [  845] - Test step:7
[INFO ][2016-01-07 15:53:02,848][com.java.SeleniumDriver] [  857] - Datavalue is----------null
[DEBUG][2016-01-07 15:53:02,848][com.java.SeleniumDriver] [  875] - Exception: null
[INFO ][2016-01-07 15:53:02,848][com.java.SeleniumDriver] [  881] - DataField : BTNbtnAddUser
[INFO ][2016-01-07 15:53:02,848][com.java.SeleniumDriver] [  883] - DataValue : 
[INFO ][2016-01-07 15:53:02,848][com.java.SeleniumDriver] [  889] - <In Set values of the page>
[INFO ][2016-01-07 15:53:02,848][com.java.SeleniumDriver] [  892] - {Data Fields & Data Values Exist}
[INFO ][2016-01-07 15:53:02,848][com.java.SeleniumDriver] [  894] - --------------------------setting values-----------------------------
[INFO ][2016-01-07 15:53:02,848][com.java.SeleniumDriver] [  897] - Action Type : Click
[INFO ][2016-01-07 15:53:02,848][com.java.TestType] [ 6274] - Field ::BTNbtnAddUser
[INFO ][2016-01-07 15:53:02,848][com.java.TestType] [ 5895] - value = 
[INFO ][2016-01-07 15:53:03,848][com.java.TestType] [ 6390] - BEFORE CLICK
[INFO ][2016-01-07 15:53:05,320][com.java.TestType] [ 6397] - Unable to click the object Add user button
[INFO ][2016-01-07 15:53:05,320][com.java.SeleniumDriver] [  906] -  RESULT true
[INFO ][2016-01-07 15:53:05,320][com.java.SeleniumDriver] [ 1112] - ?   P A S S   ?
[INFO ][2016-01-07 15:53:05,321][com.java.SeleniumDriver] [  832] - ------------------------------------------
[INFO ][2016-01-07 15:53:05,321][com.java.SeleniumDriver] [  833] - Test case being Executed: 2
[INFO ][2016-01-07 15:53:05,321][com.java.SeleniumDriver] [  845] - Test step:8
[INFO ][2016-01-07 15:53:05,321][com.java.SeleniumDriver] [  857] - Datavalue is----------2
[INFO ][2016-01-07 15:53:05,321][com.java.SeleniumDriver] [  881] - DataField : BTNtxtUserName
[INFO ][2016-01-07 15:53:05,321][com.java.SeleniumDriver] [  883] - DataValue : 2
[INFO ][2016-01-07 15:53:05,321][com.java.SeleniumDriver] [  889] - <In Set values of the page>
[INFO ][2016-01-07 15:53:05,321][com.java.SeleniumDriver] [  892] - {Data Fields & Data Values Exist}
[INFO ][2016-01-07 15:53:05,321][com.java.SeleniumDriver] [  894] - --------------------------setting values-----------------------------
[INFO ][2016-01-07 15:53:05,321][com.java.SeleniumDriver] [  897] - Action Type : WaitForElement
[INFO ][2016-01-07 15:53:06,515][com.java.SeleniumDriver] [  906] -  RESULT true
[INFO ][2016-01-07 15:53:06,515][com.java.SeleniumDriver] [ 1112] - ?   P A S S   ?
[INFO ][2016-01-07 15:53:06,516][com.java.SeleniumDriver] [  832] - ------------------------------------------
[INFO ][2016-01-07 15:53:06,516][com.java.SeleniumDriver] [  833] - Test case being Executed: 2
[INFO ][2016-01-07 15:53:06,516][com.java.SeleniumDriver] [  845] - Test step:9
[INFO ][2016-01-07 15:53:06,516][com.java.SeleniumDriver] [  857] - Datavalue is----------5
[INFO ][2016-01-07 15:53:06,516][com.java.SeleniumDriver] [  881] - DataField : TXTtxtUserName
[INFO ][2016-01-07 15:53:06,516][com.java.SeleniumDriver] [  883] - DataValue : 5
[INFO ][2016-01-07 15:53:06,516][com.java.SeleniumDriver] [  889] - <In Set values of the page>
[INFO ][2016-01-07 15:53:06,516][com.java.SeleniumDriver] [  892] - {Data Fields & Data Values Exist}
[INFO ][2016-01-07 15:53:06,516][com.java.SeleniumDriver] [  894] - --------------------------setting values-----------------------------
[INFO ][2016-01-07 15:53:06,516][com.java.SeleniumDriver] [  897] - Action Type : WaitForElement
[INFO ][2016-01-07 15:53:07,612][com.java.SeleniumDriver] [  906] -  RESULT true
[INFO ][2016-01-07 15:53:07,614][com.java.SeleniumDriver] [ 1112] - ?   P A S S   ?
[INFO ][2016-01-07 15:53:07,614][com.java.SeleniumDriver] [  832] - ------------------------------------------
[INFO ][2016-01-07 15:53:07,614][com.java.SeleniumDriver] [  833] - Test case being Executed: 2
[INFO ][2016-01-07 15:53:07,614][com.java.SeleniumDriver] [  845] - Test step:10
[INFO ][2016-01-07 15:53:07,615][com.java.SeleniumDriver] [  857] - Datavalue is----------RNDvltest.robot
[INFO ][2016-01-07 15:53:07,615][com.java.SeleniumDriver] [  881] - DataField : TXTtxtUserName
[INFO ][2016-01-07 15:53:07,615][com.java.SeleniumDriver] [  883] - DataValue : RNDvltest.robot
[INFO ][2016-01-07 15:53:07,615][com.java.SeleniumDriver] [  889] - <In Set values of the page>
[INFO ][2016-01-07 15:53:07,615][com.java.SeleniumDriver] [  892] - {Data Fields & Data Values Exist}
[INFO ][2016-01-07 15:53:07,615][com.java.SeleniumDriver] [  894] - --------------------------setting values-----------------------------
[INFO ][2016-01-07 15:53:07,615][com.java.SeleniumDriver] [  897] - Action Type : CLEARANDENTER
[INFO ][2016-01-07 15:53:07,615][com.java.TestType] [ 5895] - value = vltest.robot84589
[INFO ][2016-01-07 15:53:10,089][com.java.SeleniumDriver] [  906] -  RESULT true
[INFO ][2016-01-07 15:53:10,089][com.java.SeleniumDriver] [ 1112] - ?   P A S S   ?
[INFO ][2016-01-07 15:53:10,089][com.java.SeleniumDriver] [  832] - ------------------------------------------
[INFO ][2016-01-07 15:53:10,089][com.java.SeleniumDriver] [  833] - Test case being Executed: 2
[INFO ][2016-01-07 15:53:10,090][com.java.SeleniumDriver] [  845] - Test step:11
[INFO ][2016-01-07 15:53:10,090][com.java.SeleniumDriver] [  857] - Datavalue is----------5
[INFO ][2016-01-07 15:53:10,090][com.java.SeleniumDriver] [  881] - DataField : TXTtxtFirstName
[INFO ][2016-01-07 15:53:10,090][com.java.SeleniumDriver] [  883] - DataValue : 5
[INFO ][2016-01-07 15:53:10,090][com.java.SeleniumDriver] [  889] - <In Set values of the page>
[INFO ][2016-01-07 15:53:10,090][com.java.SeleniumDriver] [  892] - {Data Fields & Data Values Exist}
[INFO ][2016-01-07 15:53:10,090][com.java.SeleniumDriver] [  894] - --------------------------setting values-----------------------------
[INFO ][2016-01-07 15:53:10,090][com.java.SeleniumDriver] [  897] - Action Type : WaitForElement
[INFO ][2016-01-07 15:53:11,189][com.java.SeleniumDriver] [  906] -  RESULT true
[INFO ][2016-01-07 15:53:11,189][com.java.SeleniumDriver] [ 1112] - ?   P A S S   ?
[INFO ][2016-01-07 15:53:11,189][com.java.SeleniumDriver] [  832] - ------------------------------------------
[INFO ][2016-01-07 15:53:11,191][com.java.SeleniumDriver] [  833] - Test case being Executed: 2
[INFO ][2016-01-07 15:53:11,191][com.java.SeleniumDriver] [  845] - Test step:12
[INFO ][2016-01-07 15:53:11,191][com.java.SeleniumDriver] [  857] - Datavalue is----------GivenNewUserName
[INFO ][2016-01-07 15:53:11,191][com.java.SeleniumDriver] [  881] - DataField : TXTtxtUserName
[INFO ][2016-01-07 15:53:11,191][com.java.SeleniumDriver] [  883] - DataValue : GivenNewUserName
[INFO ][2016-01-07 15:53:11,191][com.java.SeleniumDriver] [  889] - <In Set values of the page>
[INFO ][2016-01-07 15:53:11,191][com.java.SeleniumDriver] [  892] - {Data Fields & Data Values Exist}
[INFO ][2016-01-07 15:53:11,191][com.java.SeleniumDriver] [  894] - --------------------------setting values-----------------------------
[INFO ][2016-01-07 15:53:11,191][com.java.SeleniumDriver] [  897] - Action Type : STOREVALUE
[INFO ][2016-01-07 15:53:11,191][com.java.TestType] [ 8612] - field= TXTtxtUserName
[DEBUG][2016-01-07 15:53:12,326][com.java.TestType] [ 8626] - Key:: GivenNewUserName  Value:: vltest.robot84589
[INFO ][2016-01-07 15:53:12,326][com.java.SeleniumDriver] [  906] -  RESULT true
[INFO ][2016-01-07 15:53:12,326][com.java.SeleniumDriver] [ 1112] - ?   P A S S   ?
[INFO ][2016-01-07 15:53:12,326][com.java.SeleniumDriver] [  832] - ------------------------------------------
[INFO ][2016-01-07 15:53:12,326][com.java.SeleniumDriver] [  833] - Test case being Executed: 2
[INFO ][2016-01-07 15:53:12,326][com.java.SeleniumDriver] [  845] - Test step:13
[INFO ][2016-01-07 15:53:12,326][com.java.SeleniumDriver] [  857] - Datavalue is----------VLTest
[INFO ][2016-01-07 15:53:12,326][com.java.SeleniumDriver] [  881] - DataField : TXTtxtFirstName
[INFO ][2016-01-07 15:53:12,327][com.java.SeleniumDriver] [  883] - DataValue : VLTest
[INFO ][2016-01-07 15:53:12,327][com.java.SeleniumDriver] [  889] - <In Set values of the page>
[INFO ][2016-01-07 15:53:12,327][com.java.SeleniumDriver] [  892] - {Data Fields & Data Values Exist}
[INFO ][2016-01-07 15:53:12,327][com.java.SeleniumDriver] [  894] - --------------------------setting values-----------------------------
[INFO ][2016-01-07 15:53:12,327][com.java.SeleniumDriver] [  897] - Action Type : Enter
[INFO ][2016-01-07 15:53:12,327][com.java.TestType] [ 6696] - field = txtFirstName
[INFO ][2016-01-07 15:53:12,327][com.java.TestType] [ 5895] - value = VLTest
[INFO ][2016-01-07 15:53:13,972][com.java.SeleniumDriver] [  906] -  RESULT true
[INFO ][2016-01-07 15:53:13,972][com.java.SeleniumDriver] [ 1112] - ?   P A S S   ?
[INFO ][2016-01-07 15:53:13,972][com.java.SeleniumDriver] [  832] - ------------------------------------------
[INFO ][2016-01-07 15:53:13,972][com.java.SeleniumDriver] [  833] - Test case being Executed: 2
[INFO ][2016-01-07 15:53:13,972][com.java.SeleniumDriver] [  845] - Test step:14
[INFO ][2016-01-07 15:53:13,973][com.java.SeleniumDriver] [  857] - Datavalue is----------5
[INFO ][2016-01-07 15:53:13,973][com.java.SeleniumDriver] [  881] - DataField : TXTtxtLastName
[INFO ][2016-01-07 15:53:13,973][com.java.SeleniumDriver] [  883] - DataValue : 5
[INFO ][2016-01-07 15:53:13,973][com.java.SeleniumDriver] [  889] - <In Set values of the page>
[INFO ][2016-01-07 15:53:13,973][com.java.SeleniumDriver] [  892] - {Data Fields & Data Values Exist}
[INFO ][2016-01-07 15:53:13,973][com.java.SeleniumDriver] [  894] - --------------------------setting values-----------------------------
[INFO ][2016-01-07 15:53:13,973][com.java.SeleniumDriver] [  897] - Action Type : WaitForElement
[INFO ][2016-01-07 15:53:15,079][com.java.SeleniumDriver] [  906] -  RESULT true
[INFO ][2016-01-07 15:53:15,079][com.java.SeleniumDriver] [ 1112] - ?   P A S S   ?
[INFO ][2016-01-07 15:53:15,079][com.java.SeleniumDriver] [  832] - ------------------------------------------
[INFO ][2016-01-07 15:53:15,079][com.java.SeleniumDriver] [  833] - Test case being Executed: 2
[INFO ][2016-01-07 15:53:15,079][com.java.SeleniumDriver] [  845] - Test step:15
[INFO ][2016-01-07 15:53:15,080][com.java.SeleniumDriver] [  857] - Datavalue is----------Robot
[INFO ][2016-01-07 15:53:15,080][com.java.SeleniumDriver] [  881] - DataField : TXTtxtLastName
[INFO ][2016-01-07 15:53:15,080][com.java.SeleniumDriver] [  883] - DataValue : Robot
[INFO ][2016-01-07 15:53:15,080][com.java.SeleniumDriver] [  889] - <In Set values of the page>
[INFO ][2016-01-07 15:53:15,080][com.java.SeleniumDriver] [  892] - {Data Fields & Data Values Exist}
[INFO ][2016-01-07 15:53:15,080][com.java.SeleniumDriver] [  894] - --------------------------setting values-----------------------------
[INFO ][2016-01-07 15:53:15,080][com.java.SeleniumDriver] [  897] - Action Type : Enter
[INFO ][2016-01-07 15:53:15,080][com.java.TestType] [ 6696] - field = txtLastName
[INFO ][2016-01-07 15:53:15,080][com.java.TestType] [ 5895] - value = Robot
[INFO ][2016-01-07 15:53:16,509][com.java.SeleniumDriver] [  906] -  RESULT true
[INFO ][2016-01-07 15:53:16,509][com.java.SeleniumDriver] [ 1112] - ?   P A S S   ?
[INFO ][2016-01-07 15:53:16,509][com.java.SeleniumDriver] [  832] - ------------------------------------------
[INFO ][2016-01-07 15:53:16,509][com.java.SeleniumDriver] [  833] - Test case being Executed: 2
[INFO ][2016-01-07 15:53:16,509][com.java.SeleniumDriver] [  845] - Test step:16
[INFO ][2016-01-07 15:53:16,509][com.java.SeleniumDriver] [  857] - Datavalue is----------5
[INFO ][2016-01-07 15:53:16,510][com.java.SeleniumDriver] [  881] - DataField : TXTtxtCompany
[INFO ][2016-01-07 15:53:16,510][com.java.SeleniumDriver] [  883] - DataValue : 5
[INFO ][2016-01-07 15:53:16,510][com.java.SeleniumDriver] [  889] - <In Set values of the page>
[INFO ][2016-01-07 15:53:16,510][com.java.SeleniumDriver] [  892] - {Data Fields & Data Values Exist}
[INFO ][2016-01-07 15:53:16,510][com.java.SeleniumDriver] [  894] - --------------------------setting values-----------------------------
[INFO ][2016-01-07 15:53:16,510][com.java.SeleniumDriver] [  897] - Action Type : WaitForElement
[INFO ][2016-01-07 15:53:17,606][com.java.SeleniumDriver] [  906] -  RESULT true
[INFO ][2016-01-07 15:53:17,606][com.java.SeleniumDriver] [ 1112] - ?   P A S S   ?
[INFO ][2016-01-07 15:53:17,606][com.java.SeleniumDriver] [  832] - ------------------------------------------
[INFO ][2016-01-07 15:53:17,606][com.java.SeleniumDriver] [  833] - Test case being Executed: 2
[INFO ][2016-01-07 15:53:17,606][com.java.SeleniumDriver] [  845] - Test step:17
[INFO ][2016-01-07 15:53:17,606][com.java.SeleniumDriver] [  857] - Datavalue is----------ValueLabs
[INFO ][2016-01-07 15:53:17,606][com.java.SeleniumDriver] [  881] - DataField : TXTtxtCompany
[INFO ][2016-01-07 15:53:17,606][com.java.SeleniumDriver] [  883] - DataValue : ValueLabs
[INFO ][2016-01-07 15:53:17,606][com.java.SeleniumDriver] [  889] - <In Set values of the page>
[INFO ][2016-01-07 15:53:17,606][com.java.SeleniumDriver] [  892] - {Data Fields & Data Values Exist}
[INFO ][2016-01-07 15:53:17,606][com.java.SeleniumDriver] [  894] - --------------------------setting values-----------------------------
[INFO ][2016-01-07 15:53:17,607][com.java.SeleniumDriver] [  897] - Action Type : Enter
[INFO ][2016-01-07 15:53:17,607][com.java.TestType] [ 6696] - field = txtCompany
[INFO ][2016-01-07 15:53:17,607][com.java.TestType] [ 5895] - value = ValueLabs
[INFO ][2016-01-07 15:53:19,152][com.java.SeleniumDriver] [  906] -  RESULT true
[INFO ][2016-01-07 15:53:19,153][com.java.SeleniumDriver] [ 1112] - ?   P A S S   ?
[INFO ][2016-01-07 15:53:19,153][com.java.SeleniumDriver] [  832] - ------------------------------------------
[INFO ][2016-01-07 15:53:19,154][com.java.SeleniumDriver] [  833] - Test case being Executed: 2
[INFO ][2016-01-07 15:53:19,154][com.java.SeleniumDriver] [  845] - Test step:18
[INFO ][2016-01-07 15:53:19,154][com.java.SeleniumDriver] [  857] - Datavalue is----------5
[INFO ][2016-01-07 15:53:19,154][com.java.SeleniumDriver] [  881] - DataField : TXTtxtLocation
[INFO ][2016-01-07 15:53:19,154][com.java.SeleniumDriver] [  883] - DataValue : 5
[INFO ][2016-01-07 15:53:19,154][com.java.SeleniumDriver] [  889] - <In Set values of the page>
[INFO ][2016-01-07 15:53:19,154][com.java.SeleniumDriver] [  892] - {Data Fields & Data Values Exist}
[INFO ][2016-01-07 15:53:19,154][com.java.SeleniumDriver] [  894] - --------------------------setting values-----------------------------
[INFO ][2016-01-07 15:53:19,154][com.java.SeleniumDriver] [  897] - Action Type : WaitForElement
[INFO ][2016-01-07 15:53:20,253][com.java.SeleniumDriver] [  906] -  RESULT true
[INFO ][2016-01-07 15:53:20,253][com.java.SeleniumDriver] [ 1112] - ?   P A S S   ?
[INFO ][2016-01-07 15:53:20,253][com.java.SeleniumDriver] [  832] - ------------------------------------------
[INFO ][2016-01-07 15:53:20,253][com.java.SeleniumDriver] [  833] - Test case being Executed: 2
[INFO ][2016-01-07 15:53:20,253][com.java.SeleniumDriver] [  845] - Test step:19
[INFO ][2016-01-07 15:53:20,254][com.java.SeleniumDriver] [  857] - Datavalue is----------India
[INFO ][2016-01-07 15:53:20,254][com.java.SeleniumDriver] [  881] - DataField : TXTtxtLocation
[INFO ][2016-01-07 15:53:20,254][com.java.SeleniumDriver] [  883] - DataValue : India
[INFO ][2016-01-07 15:53:20,254][com.java.SeleniumDriver] [  889] - <In Set values of the page>
[INFO ][2016-01-07 15:53:20,254][com.java.SeleniumDriver] [  892] - {Data Fields & Data Values Exist}
[INFO ][2016-01-07 15:53:20,254][com.java.SeleniumDriver] [  894] - --------------------------setting values-----------------------------
[INFO ][2016-01-07 15:53:20,254][com.java.SeleniumDriver] [  897] - Action Type : Enter
[INFO ][2016-01-07 15:53:20,254][com.java.TestType] [ 6696] - field = txtLocation
[INFO ][2016-01-07 15:53:20,254][com.java.TestType] [ 5895] - value = India
[INFO ][2016-01-07 15:53:21,679][com.java.SeleniumDriver] [  906] -  RESULT true
[INFO ][2016-01-07 15:53:21,679][com.java.SeleniumDriver] [ 1112] - ?   P A S S   ?
[INFO ][2016-01-07 15:53:21,679][com.java.SeleniumDriver] [  832] - ------------------------------------------
[INFO ][2016-01-07 15:53:21,680][com.java.SeleniumDriver] [  833] - Test case being Executed: 2
[INFO ][2016-01-07 15:53:21,680][com.java.SeleniumDriver] [  845] - Test step:20
[INFO ][2016-01-07 15:53:21,680][com.java.SeleniumDriver] [  857] - Datavalue is----------5
[INFO ][2016-01-07 15:53:21,680][com.java.SeleniumDriver] [  881] - DataField : TXTtxtEMail
[INFO ][2016-01-07 15:53:21,680][com.java.SeleniumDriver] [  883] - DataValue : 5
[INFO ][2016-01-07 15:53:21,680][com.java.SeleniumDriver] [  889] - <In Set values of the page>
[INFO ][2016-01-07 15:53:21,680][com.java.SeleniumDriver] [  892] - {Data Fields & Data Values Exist}
[INFO ][2016-01-07 15:53:21,680][com.java.SeleniumDriver] [  894] - --------------------------setting values-----------------------------
[INFO ][2016-01-07 15:53:21,680][com.java.SeleniumDriver] [  897] - Action Type : WaitForElement
[INFO ][2016-01-07 15:53:22,785][com.java.SeleniumDriver] [  906] -  RESULT true
[INFO ][2016-01-07 15:53:22,785][com.java.SeleniumDriver] [ 1112] - ?   P A S S   ?
[INFO ][2016-01-07 15:53:22,785][com.java.SeleniumDriver] [  832] - ------------------------------------------
[INFO ][2016-01-07 15:53:22,785][com.java.SeleniumDriver] [  833] - Test case being Executed: 2
[INFO ][2016-01-07 15:53:22,786][com.java.SeleniumDriver] [  845] - Test step:21
[INFO ][2016-01-07 15:53:22,786][com.java.SeleniumDriver] [  857] - Datavalue is----------vltest.robot@valuelabs.com
[INFO ][2016-01-07 15:53:22,786][com.java.SeleniumDriver] [  881] - DataField : TXTtxtEMail
[INFO ][2016-01-07 15:53:22,786][com.java.SeleniumDriver] [  883] - DataValue : vltest.robot@valuelabs.com
[INFO ][2016-01-07 15:53:22,786][com.java.SeleniumDriver] [  889] - <In Set values of the page>
[INFO ][2016-01-07 15:53:22,786][com.java.SeleniumDriver] [  892] - {Data Fields & Data Values Exist}
[INFO ][2016-01-07 15:53:22,786][com.java.SeleniumDriver] [  894] - --------------------------setting values-----------------------------
[INFO ][2016-01-07 15:53:22,786][com.java.SeleniumDriver] [  897] - Action Type : Enter
[INFO ][2016-01-07 15:53:22,786][com.java.TestType] [ 6696] - field = txtEMail
[INFO ][2016-01-07 15:53:22,786][com.java.TestType] [ 5895] - value = vltest.robot@valuelabs.com
[INFO ][2016-01-07 15:53:24,333][com.java.SeleniumDriver] [  906] -  RESULT true
[INFO ][2016-01-07 15:53:24,333][com.java.SeleniumDriver] [ 1112] - ?   P A S S   ?
[INFO ][2016-01-07 15:53:24,334][com.java.SeleniumDriver] [  832] - ------------------------------------------
[INFO ][2016-01-07 15:53:24,334][com.java.SeleniumDriver] [  833] - Test case being Executed: 2
[INFO ][2016-01-07 15:53:24,334][com.java.SeleniumDriver] [  845] - Test step:22
[INFO ][2016-01-07 15:53:24,334][com.java.SeleniumDriver] [  857] - Datavalue is----------5
[INFO ][2016-01-07 15:53:24,334][com.java.SeleniumDriver] [  881] - DataField : TXTtxtPhone
[INFO ][2016-01-07 15:53:24,334][com.java.SeleniumDriver] [  883] - DataValue : 5
[INFO ][2016-01-07 15:53:24,334][com.java.SeleniumDriver] [  889] - <In Set values of the page>
[INFO ][2016-01-07 15:53:24,334][com.java.SeleniumDriver] [  892] - {Data Fields & Data Values Exist}
[INFO ][2016-01-07 15:53:24,334][com.java.SeleniumDriver] [  894] - --------------------------setting values-----------------------------
[INFO ][2016-01-07 15:53:24,334][com.java.SeleniumDriver] [  897] - Action Type : WaitForElement
[INFO ][2016-01-07 15:53:25,426][com.java.SeleniumDriver] [  906] -  RESULT true
[INFO ][2016-01-07 15:53:25,426][com.java.SeleniumDriver] [ 1112] - ?   P A S S   ?
[INFO ][2016-01-07 15:53:25,426][com.java.SeleniumDriver] [  832] - ------------------------------------------
[INFO ][2016-01-07 15:53:25,426][com.java.SeleniumDriver] [  833] - Test case being Executed: 2
[INFO ][2016-01-07 15:53:25,427][com.java.SeleniumDriver] [  845] - Test step:23
[INFO ][2016-01-07 15:53:25,427][com.java.SeleniumDriver] [  857] - Datavalue is----------12345678901
[INFO ][2016-01-07 15:53:25,427][com.java.SeleniumDriver] [  881] - DataField : TXTtxtPhone
[INFO ][2016-01-07 15:53:25,427][com.java.SeleniumDriver] [  883] - DataValue : 12345678901
[INFO ][2016-01-07 15:53:25,427][com.java.SeleniumDriver] [  889] - <In Set values of the page>
[INFO ][2016-01-07 15:53:25,427][com.java.SeleniumDriver] [  892] - {Data Fields & Data Values Exist}
[INFO ][2016-01-07 15:53:25,427][com.java.SeleniumDriver] [  894] - --------------------------setting values-----------------------------
[INFO ][2016-01-07 15:53:25,427][com.java.SeleniumDriver] [  897] - Action Type : Enter
[INFO ][2016-01-07 15:53:25,429][com.java.TestType] [ 6696] - field = txtPhone
[INFO ][2016-01-07 15:53:25,429][com.java.TestType] [ 5895] - value = 12345678901
[INFO ][2016-01-07 15:53:26,797][com.java.SeleniumDriver] [  906] -  RESULT true
[INFO ][2016-01-07 15:53:26,797][com.java.SeleniumDriver] [ 1112] - ?   P A S S   ?
[INFO ][2016-01-07 15:53:26,798][com.java.SeleniumDriver] [  832] - ------------------------------------------
[INFO ][2016-01-07 15:53:26,798][com.java.SeleniumDriver] [  833] - Test case being Executed: 2
[INFO ][2016-01-07 15:53:26,798][com.java.SeleniumDriver] [  845] - Test step:24
[INFO ][2016-01-07 15:53:26,798][com.java.SeleniumDriver] [  857] - Datavalue is----------5
[INFO ][2016-01-07 15:53:26,798][com.java.SeleniumDriver] [  881] - DataField : TXTtxtPassword
[INFO ][2016-01-07 15:53:26,798][com.java.SeleniumDriver] [  883] - DataValue : 5
[INFO ][2016-01-07 15:53:26,798][com.java.SeleniumDriver] [  889] - <In Set values of the page>
[INFO ][2016-01-07 15:53:26,798][com.java.SeleniumDriver] [  892] - {Data Fields & Data Values Exist}
[INFO ][2016-01-07 15:53:26,798][com.java.SeleniumDriver] [  894] - --------------------------setting values-----------------------------
[INFO ][2016-01-07 15:53:26,798][com.java.SeleniumDriver] [  897] - Action Type : WaitForElement
[INFO ][2016-01-07 15:53:27,903][com.java.SeleniumDriver] [  906] -  RESULT true
[INFO ][2016-01-07 15:53:27,903][com.java.SeleniumDriver] [ 1112] - ?   P A S S   ?
[INFO ][2016-01-07 15:53:27,903][com.java.SeleniumDriver] [  832] - ------------------------------------------
[INFO ][2016-01-07 15:53:27,903][com.java.SeleniumDriver] [  833] - Test case being Executed: 2
[INFO ][2016-01-07 15:53:27,903][com.java.SeleniumDriver] [  845] - Test step:25
[INFO ][2016-01-07 15:53:27,903][com.java.SeleniumDriver] [  857] - Datavalue is----------dt:NewUserPswd
[INFO ][2016-01-07 15:53:27,904][com.java.SeleniumDriver] [  881] - DataField : TXTtxtPassword
[INFO ][2016-01-07 15:53:27,904][com.java.SeleniumDriver] [  883] - DataValue : dt:NewUserPswd
[INFO ][2016-01-07 15:53:27,904][com.java.SeleniumDriver] [  889] - <In Set values of the page>
[INFO ][2016-01-07 15:53:27,904][com.java.SeleniumDriver] [  892] - {Data Fields & Data Values Exist}
[INFO ][2016-01-07 15:53:27,904][com.java.SeleniumDriver] [  894] - --------------------------setting values-----------------------------
[INFO ][2016-01-07 15:53:27,904][com.java.SeleniumDriver] [  897] - Action Type : CLEARANDENTER
[INFO ][2016-01-07 15:53:27,904][com.java.TestType] [ 5895] - value = Password1*
[INFO ][2016-01-07 15:53:30,537][com.java.SeleniumDriver] [  906] -  RESULT true
[INFO ][2016-01-07 15:53:30,537][com.java.SeleniumDriver] [ 1112] - ?   P A S S   ?
[INFO ][2016-01-07 15:53:30,537][com.java.SeleniumDriver] [  832] - ------------------------------------------
[INFO ][2016-01-07 15:53:30,537][com.java.SeleniumDriver] [  833] - Test case being Executed: 2
[INFO ][2016-01-07 15:53:30,537][com.java.SeleniumDriver] [  845] - Test step:26
[INFO ][2016-01-07 15:53:30,537][com.java.SeleniumDriver] [  857] - Datavalue is----------5
[INFO ][2016-01-07 15:53:30,537][com.java.SeleniumDriver] [  881] - DataField : TXTtxtPasswordConfirm
[INFO ][2016-01-07 15:53:30,537][com.java.SeleniumDriver] [  883] - DataValue : 5
[INFO ][2016-01-07 15:53:30,537][com.java.SeleniumDriver] [  889] - <In Set values of the page>
[INFO ][2016-01-07 15:53:30,538][com.java.SeleniumDriver] [  892] - {Data Fields & Data Values Exist}
[INFO ][2016-01-07 15:53:30,538][com.java.SeleniumDriver] [  894] - --------------------------setting values-----------------------------
[INFO ][2016-01-07 15:53:30,538][com.java.SeleniumDriver] [  897] - Action Type : WaitForElement
[INFO ][2016-01-07 15:53:31,636][com.java.SeleniumDriver] [  906] -  RESULT true
[INFO ][2016-01-07 15:53:31,637][com.java.SeleniumDriver] [ 1112] - ?   P A S S   ?
[INFO ][2016-01-07 15:53:31,637][com.java.SeleniumDriver] [  832] - ------------------------------------------
[INFO ][2016-01-07 15:53:31,637][com.java.SeleniumDriver] [  833] - Test case being Executed: 2
[INFO ][2016-01-07 15:53:31,637][com.java.SeleniumDriver] [  845] - Test step:27
[INFO ][2016-01-07 15:53:31,637][com.java.SeleniumDriver] [  857] - Datavalue is----------dt:NewUserPswd
[INFO ][2016-01-07 15:53:31,637][com.java.SeleniumDriver] [  881] - DataField : TXTtxtPasswordConfirm
[INFO ][2016-01-07 15:53:31,637][com.java.SeleniumDriver] [  883] - DataValue : dt:NewUserPswd
[INFO ][2016-01-07 15:53:31,637][com.java.SeleniumDriver] [  889] - <In Set values of the page>
[INFO ][2016-01-07 15:53:31,637][com.java.SeleniumDriver] [  892] - {Data Fields & Data Values Exist}
[INFO ][2016-01-07 15:53:31,637][com.java.SeleniumDriver] [  894] - --------------------------setting values-----------------------------
[INFO ][2016-01-07 15:53:31,637][com.java.SeleniumDriver] [  897] - Action Type : CLEARANDENTER
[INFO ][2016-01-07 15:53:31,637][com.java.TestType] [ 5895] - value = Password1*
[INFO ][2016-01-07 15:53:34,293][com.java.SeleniumDriver] [  906] -  RESULT true
[INFO ][2016-01-07 15:53:34,293][com.java.SeleniumDriver] [ 1112] - ?   P A S S   ?
[INFO ][2016-01-07 15:53:34,293][com.java.SeleniumDriver] [  832] - ------------------------------------------
[INFO ][2016-01-07 15:53:34,293][com.java.SeleniumDriver] [  833] - Test case being Executed: 2
[INFO ][2016-01-07 15:53:34,293][com.java.SeleniumDriver] [  845] - Test step:28
[INFO ][2016-01-07 15:53:34,293][com.java.SeleniumDriver] [  857] - Datavalue is----------5
[INFO ][2016-01-07 15:53:34,295][com.java.SeleniumDriver] [  881] - DataField : test
[INFO ][2016-01-07 15:53:34,295][com.java.SeleniumDriver] [  883] - DataValue : 5
[INFO ][2016-01-07 15:53:34,295][com.java.SeleniumDriver] [  889] - <In Set values of the page>
[INFO ][2016-01-07 15:53:34,295][com.java.SeleniumDriver] [  892] - {Data Fields & Data Values Exist}
[INFO ][2016-01-07 15:53:34,295][com.java.SeleniumDriver] [  894] - --------------------------setting values-----------------------------
[INFO ][2016-01-07 15:53:34,295][com.java.SeleniumDriver] [  897] - Action Type : WaitTime
[DEBUG][2016-01-07 15:53:34,295][com.java.TestType] [ 5715] - sleepTime: 5000
[INFO ][2016-01-07 15:53:39,296][com.java.SeleniumDriver] [  906] -  RESULT true
[INFO ][2016-01-07 15:53:39,296][com.java.SeleniumDriver] [ 1112] - ?   P A S S   ?
[INFO ][2016-01-07 15:53:39,296][com.java.SeleniumDriver] [  832] - ------------------------------------------
[INFO ][2016-01-07 15:53:39,296][com.java.SeleniumDriver] [  833] - Test case being Executed: 2
[INFO ][2016-01-07 15:53:39,296][com.java.SeleniumDriver] [  845] - Test step:29
[INFO ][2016-01-07 15:53:39,296][com.java.SeleniumDriver] [  857] - Datavalue is----------null
[DEBUG][2016-01-07 15:53:39,296][com.java.SeleniumDriver] [  875] - Exception: null
[INFO ][2016-01-07 15:53:39,296][com.java.SeleniumDriver] [  881] - DataField : BTNparent
[INFO ][2016-01-07 15:53:39,296][com.java.SeleniumDriver] [  883] - DataValue : 
[INFO ][2016-01-07 15:53:39,296][com.java.SeleniumDriver] [  889] - <In Set values of the page>
[INFO ][2016-01-07 15:53:39,296][com.java.SeleniumDriver] [  892] - {Data Fields & Data Values Exist}
[INFO ][2016-01-07 15:53:39,297][com.java.SeleniumDriver] [  894] - --------------------------setting values-----------------------------
[INFO ][2016-01-07 15:53:39,297][com.java.SeleniumDriver] [  897] - Action Type : SelectFrame
[INFO ][2016-01-07 15:53:39,313][com.java.SeleniumDriver] [  906] -  RESULT true
[INFO ][2016-01-07 15:53:39,313][com.java.SeleniumDriver] [ 1112] - ?   P A S S   ?
[INFO ][2016-01-07 15:53:39,313][com.java.SeleniumDriver] [  832] - ------------------------------------------
[INFO ][2016-01-07 15:53:39,313][com.java.SeleniumDriver] [  833] - Test case being Executed: 2
[INFO ][2016-01-07 15:53:39,314][com.java.SeleniumDriver] [  845] - Test step:30
[INFO ][2016-01-07 15:53:39,314][com.java.SeleniumDriver] [  857] - Datavalue is----------null
[DEBUG][2016-01-07 15:53:39,314][com.java.SeleniumDriver] [  875] - Exception: null
[INFO ][2016-01-07 15:53:39,314][com.java.SeleniumDriver] [  881] - DataField : XPH//span[contains(text(), 'Finished')]
[INFO ][2016-01-07 15:53:39,315][com.java.SeleniumDriver] [  883] - DataValue : 
[INFO ][2016-01-07 15:53:39,315][com.java.SeleniumDriver] [  889] - <In Set values of the page>
[INFO ][2016-01-07 15:53:39,316][com.java.SeleniumDriver] [  892] - {Data Fields & Data Values Exist}
[INFO ][2016-01-07 15:53:39,316][com.java.SeleniumDriver] [  894] - --------------------------setting values-----------------------------
[INFO ][2016-01-07 15:53:39,316][com.java.SeleniumDriver] [  897] - Action Type : Click
[INFO ][2016-01-07 15:53:39,316][com.java.TestType] [ 6274] - Field ::XPH//span[contains(text(), 'Finished')]
[INFO ][2016-01-07 15:53:39,316][com.java.TestType] [ 5895] - value = 
[INFO ][2016-01-07 15:53:40,316][com.java.TestType] [ 6411] - BEFORE CLICK
[INFO ][2016-01-07 15:53:41,247][com.java.TestType] [ 6419] - Unable to click the object Finished button
[INFO ][2016-01-07 15:53:41,248][com.java.SeleniumDriver] [  906] -  RESULT true
[INFO ][2016-01-07 15:53:41,248][com.java.SeleniumDriver] [ 1112] - ?   P A S S   ?
[INFO ][2016-01-07 15:53:41,248][com.java.SeleniumDriver] [  832] - ------------------------------------------
[INFO ][2016-01-07 15:53:41,248][com.java.SeleniumDriver] [  833] - Test case being Executed: 2
[INFO ][2016-01-07 15:53:41,248][com.java.SeleniumDriver] [  845] - Test step:31
[INFO ][2016-01-07 15:53:41,248][com.java.SeleniumDriver] [  857] - Datavalue is----------5
[INFO ][2016-01-07 15:53:41,248][com.java.SeleniumDriver] [  881] - DataField : test
[INFO ][2016-01-07 15:53:41,248][com.java.SeleniumDriver] [  883] - DataValue : 5
[INFO ][2016-01-07 15:53:41,248][com.java.SeleniumDriver] [  889] - <In Set values of the page>
[INFO ][2016-01-07 15:53:41,248][com.java.SeleniumDriver] [  892] - {Data Fields & Data Values Exist}
[INFO ][2016-01-07 15:53:41,249][com.java.SeleniumDriver] [  894] - --------------------------setting values-----------------------------
[INFO ][2016-01-07 15:53:41,249][com.java.SeleniumDriver] [  897] - Action Type : WaitTime
[DEBUG][2016-01-07 15:53:41,249][com.java.TestType] [ 5715] - sleepTime: 5000
[INFO ][2016-01-07 15:53:46,249][com.java.SeleniumDriver] [  906] -  RESULT true
[INFO ][2016-01-07 15:53:46,249][com.java.SeleniumDriver] [ 1112] - ?   P A S S   ?
[INFO ][2016-01-07 15:53:46,249][com.java.SeleniumDriver] [  832] - ------------------------------------------
[INFO ][2016-01-07 15:53:46,249][com.java.SeleniumDriver] [  833] - Test case being Executed: 2
[INFO ][2016-01-07 15:53:46,249][com.java.SeleniumDriver] [  845] - Test step:32
[INFO ][2016-01-07 15:53:46,249][com.java.SeleniumDriver] [  857] - Datavalue is----------null
[DEBUG][2016-01-07 15:53:46,249][com.java.SeleniumDriver] [  875] - Exception: null
[INFO ][2016-01-07 15:53:46,249][com.java.SeleniumDriver] [  881] - DataField : BTNframeDialogContent
[INFO ][2016-01-07 15:53:46,249][com.java.SeleniumDriver] [  883] - DataValue : 
[INFO ][2016-01-07 15:53:46,249][com.java.SeleniumDriver] [  889] - <In Set values of the page>
[INFO ][2016-01-07 15:53:46,249][com.java.SeleniumDriver] [  892] - {Data Fields & Data Values Exist}
[INFO ][2016-01-07 15:53:46,249][com.java.SeleniumDriver] [  894] - --------------------------setting values-----------------------------
[INFO ][2016-01-07 15:53:46,250][com.java.SeleniumDriver] [  897] - Action Type : SelectFrame
[INFO ][2016-01-07 15:53:48,625][com.java.SeleniumDriver] [  906] -  RESULT true
[INFO ][2016-01-07 15:53:48,625][com.java.SeleniumDriver] [ 1112] - ?   P A S S   ?
[INFO ][2016-01-07 15:53:48,625][com.java.SeleniumDriver] [  832] - ------------------------------------------
[INFO ][2016-01-07 15:53:48,625][com.java.SeleniumDriver] [  833] - Test case being Executed: 2
[INFO ][2016-01-07 15:53:48,625][com.java.SeleniumDriver] [  845] - Test step:33
[INFO ][2016-01-07 15:53:48,625][com.java.SeleniumDriver] [  857] - Datavalue is----------null
[DEBUG][2016-01-07 15:53:48,625][com.java.SeleniumDriver] [  875] - Exception: null
[INFO ][2016-01-07 15:53:48,625][com.java.SeleniumDriver] [  881] - DataField : BTNchkGlobalPrivsUserAdmin
[INFO ][2016-01-07 15:53:48,626][com.java.SeleniumDriver] [  883] - DataValue : 
[INFO ][2016-01-07 15:53:48,626][com.java.SeleniumDriver] [  889] - <In Set values of the page>
[INFO ][2016-01-07 15:53:48,626][com.java.SeleniumDriver] [  892] - {Data Fields & Data Values Exist}
[INFO ][2016-01-07 15:53:48,626][com.java.SeleniumDriver] [  894] - --------------------------setting values-----------------------------
[INFO ][2016-01-07 15:53:48,626][com.java.SeleniumDriver] [  897] - Action Type : Click
[INFO ][2016-01-07 15:53:48,626][com.java.TestType] [ 6274] - Field ::BTNchkGlobalPrivsUserAdmin
[INFO ][2016-01-07 15:53:48,626][com.java.TestType] [ 5895] - value = 
[INFO ][2016-01-07 15:53:49,626][com.java.TestType] [ 6390] - BEFORE CLICK
[INFO ][2016-01-07 15:53:50,992][com.java.TestType] [ 6397] - Unable to click the object User Admin check box
[INFO ][2016-01-07 15:53:50,992][com.java.SeleniumDriver] [  906] -  RESULT true
[INFO ][2016-01-07 15:53:50,992][com.java.SeleniumDriver] [ 1112] - ?   P A S S   ?
[INFO ][2016-01-07 15:53:50,993][com.java.SeleniumDriver] [  832] - ------------------------------------------
[INFO ][2016-01-07 15:53:50,993][com.java.SeleniumDriver] [  833] - Test case being Executed: 2
[INFO ][2016-01-07 15:53:50,993][com.java.SeleniumDriver] [  845] - Test step:34
[INFO ][2016-01-07 15:53:50,993][com.java.SeleniumDriver] [  857] - Datavalue is----------index:1
[INFO ][2016-01-07 15:53:50,993][com.java.SeleniumDriver] [  881] - DataField : COBddlEntityAccess
[INFO ][2016-01-07 15:53:50,993][com.java.SeleniumDriver] [  883] - DataValue : index:1
[INFO ][2016-01-07 15:53:50,993][com.java.SeleniumDriver] [  889] - <In Set values of the page>
[INFO ][2016-01-07 15:53:50,993][com.java.SeleniumDriver] [  892] - {Data Fields & Data Values Exist}
[INFO ][2016-01-07 15:53:50,993][com.java.SeleniumDriver] [  894] - --------------------------setting values-----------------------------
[INFO ][2016-01-07 15:53:50,993][com.java.SeleniumDriver] [  897] - Action Type : select
[INFO ][2016-01-07 15:53:50,993][com.java.TestType] [ 5895] - value = 1
[INFO ][2016-01-07 15:53:52,153][com.java.TestType] [ 6013] -  In COB ddlEntityAccess : 1
[ERROR][2016-01-07 15:53:52,204][com.java.TestType] [ 6160] - Unable to perform Action Select Cannot locate option with index: 1
For documentation on this error, please visit: http://seleniumhq.org/exceptions/no_such_element.html
Build info: version: '2.48.2', revision: '41bccdd', time: '2015-10-09 19:59:12'
System info: host: 'FVTIII438F1D', ip: '172.17.68.34', os.name: 'Windows 7', os.arch: 'x86', os.version: '6.1', java.version: '1.7.0_55'
Driver info: driver.version: SeleniumDriver
[INFO ][2016-01-07 15:53:52,204][com.java.SeleniumDriver] [  906] -  RESULT false
[INFO ][2016-01-07 15:53:52,204][com.java.SeleniumDriver] [  953] - ?   F A I L   ?
[INFO ][2016-01-07 15:53:52,204][com.java.SeleniumDriver] [  961] - Browser Type : IE10
[INFO ][2016-01-07 15:53:52,204][com.java.SeleniumDriver] [  962] - Adding Failed case2
[DEBUG][2016-01-07 15:53:53,032][com.java.SeleniumDriver] [ 1030] -  tdd.getCondition() IF:36:Next
[INFO ][2016-01-07 15:53:53,032][com.java.SeleniumDriver] [ 1034] - Continue next step...
[INFO ][2016-01-07 15:53:53,032][com.java.SeleniumDriver] [  832] - ------------------------------------------
[INFO ][2016-01-07 15:53:53,032][com.java.SeleniumDriver] [  833] - Test case being Executed: 2
[INFO ][2016-01-07 15:53:53,032][com.java.SeleniumDriver] [  845] - Test step:35
[INFO ][2016-01-07 15:53:53,032][com.java.SeleniumDriver] [  857] - Datavalue is----------index:0
[INFO ][2016-01-07 15:53:53,033][com.java.SeleniumDriver] [  881] - DataField : COBddlEntityAccess
[INFO ][2016-01-07 15:53:53,033][com.java.SeleniumDriver] [  883] - DataValue : index:0
[INFO ][2016-01-07 15:53:53,033][com.java.SeleniumDriver] [  889] - <In Set values of the page>
[INFO ][2016-01-07 15:53:53,033][com.java.SeleniumDriver] [  892] - {Data Fields & Data Values Exist}
[INFO ][2016-01-07 15:53:53,033][com.java.SeleniumDriver] [  894] - --------------------------setting values-----------------------------
[INFO ][2016-01-07 15:53:53,033][com.java.SeleniumDriver] [  897] - Action Type : select
[INFO ][2016-01-07 15:53:53,033][com.java.TestType] [ 5895] - value = 0
[INFO ][2016-01-07 15:53:54,349][com.java.TestType] [ 6013] -  In COB ddlEntityAccess : 0
[INFO ][2016-01-07 15:53:54,422][com.java.SeleniumDriver] [  906] -  RESULT true
[INFO ][2016-01-07 15:53:54,422][com.java.SeleniumDriver] [ 1112] - ?   P A S S   ?
[INFO ][2016-01-07 15:53:54,422][com.java.SeleniumDriver] [  832] - ------------------------------------------
[INFO ][2016-01-07 15:53:54,422][com.java.SeleniumDriver] [  833] - Test case being Executed: 2
[INFO ][2016-01-07 15:53:54,424][com.java.SeleniumDriver] [  845] - Test step:36
[INFO ][2016-01-07 15:53:54,424][com.java.SeleniumDriver] [  857] - Datavalue is----------null
[DEBUG][2016-01-07 15:53:54,424][com.java.SeleniumDriver] [  875] - Exception: null
[INFO ][2016-01-07 15:53:54,424][com.java.SeleniumDriver] [  881] - DataField : BTNrdoEnableEntity_Enable
[INFO ][2016-01-07 15:53:54,424][com.java.SeleniumDriver] [  883] - DataValue : 
[INFO ][2016-01-07 15:53:54,424][com.java.SeleniumDriver] [  889] - <In Set values of the page>
[INFO ][2016-01-07 15:53:54,424][com.java.SeleniumDriver] [  892] - {Data Fields & Data Values Exist}
[INFO ][2016-01-07 15:53:54,424][com.java.SeleniumDriver] [  894] - --------------------------setting values-----------------------------
[INFO ][2016-01-07 15:53:54,424][com.java.SeleniumDriver] [  897] - Action Type : Click
[INFO ][2016-01-07 15:53:54,424][com.java.TestType] [ 6274] - Field ::BTNrdoEnableEntity_Enable
[INFO ][2016-01-07 15:53:54,424][com.java.TestType] [ 5895] - value = 
[INFO ][2016-01-07 15:53:55,425][com.java.TestType] [ 6390] - BEFORE CLICK
[INFO ][2016-01-07 15:53:56,740][com.java.TestType] [ 6397] - Unable to click the object Enable radio button
[INFO ][2016-01-07 15:53:56,740][com.java.SeleniumDriver] [  906] -  RESULT true
[INFO ][2016-01-07 15:53:56,740][com.java.SeleniumDriver] [ 1112] - ?   P A S S   ?
[INFO ][2016-01-07 15:53:56,740][com.java.SeleniumDriver] [  832] - ------------------------------------------
[INFO ][2016-01-07 15:53:56,740][com.java.SeleniumDriver] [  833] - Test case being Executed: 2
[INFO ][2016-01-07 15:53:56,740][com.java.SeleniumDriver] [  845] - Test step:37
[INFO ][2016-01-07 15:53:56,740][com.java.SeleniumDriver] [  857] - Datavalue is----------null
[DEBUG][2016-01-07 15:53:56,740][com.java.SeleniumDriver] [  875] - Exception: null
[INFO ][2016-01-07 15:53:56,740][com.java.SeleniumDriver] [  881] - DataField : BTNchkProfitCenterAll
[INFO ][2016-01-07 15:53:56,740][com.java.SeleniumDriver] [  883] - DataValue : 
[INFO ][2016-01-07 15:53:56,741][com.java.SeleniumDriver] [  889] - <In Set values of the page>
[INFO ][2016-01-07 15:53:56,741][com.java.SeleniumDriver] [  892] - {Data Fields & Data Values Exist}
[INFO ][2016-01-07 15:53:56,741][com.java.SeleniumDriver] [  894] - --------------------------setting values-----------------------------
[INFO ][2016-01-07 15:53:56,741][com.java.SeleniumDriver] [  897] - Action Type : Click
[INFO ][2016-01-07 15:53:56,741][com.java.TestType] [ 6274] - Field ::BTNchkProfitCenterAll
[INFO ][2016-01-07 15:53:56,741][com.java.TestType] [ 5895] - value = 
[INFO ][2016-01-07 15:53:57,741][com.java.TestType] [ 6390] - BEFORE CLICK
[INFO ][2016-01-07 15:53:59,009][com.java.TestType] [ 6397] - Unable to click the object All Check box
[INFO ][2016-01-07 15:53:59,009][com.java.SeleniumDriver] [  906] -  RESULT true
[INFO ][2016-01-07 15:53:59,009][com.java.SeleniumDriver] [ 1112] - ?   P A S S   ?
[INFO ][2016-01-07 15:53:59,009][com.java.SeleniumDriver] [  832] - ------------------------------------------
[INFO ][2016-01-07 15:53:59,009][com.java.SeleniumDriver] [  833] - Test case being Executed: 2
[INFO ][2016-01-07 15:53:59,009][com.java.SeleniumDriver] [  845] - Test step:38
[INFO ][2016-01-07 15:53:59,009][com.java.SeleniumDriver] [  857] - Datavalue is----------null
[DEBUG][2016-01-07 15:53:59,010][com.java.SeleniumDriver] [  875] - Exception: null
[INFO ][2016-01-07 15:53:59,010][com.java.SeleniumDriver] [  881] - DataField : BTNchkPrivsAccessGL
[INFO ][2016-01-07 15:53:59,010][com.java.SeleniumDriver] [  883] - DataValue : 
[INFO ][2016-01-07 15:53:59,010][com.java.SeleniumDriver] [  889] - <In Set values of the page>
[INFO ][2016-01-07 15:53:59,010][com.java.SeleniumDriver] [  892] - {Data Fields & Data Values Exist}
[INFO ][2016-01-07 15:53:59,010][com.java.SeleniumDriver] [  894] - --------------------------setting values-----------------------------
[INFO ][2016-01-07 15:53:59,010][com.java.SeleniumDriver] [  897] - Action Type : Click
[INFO ][2016-01-07 15:53:59,010][com.java.TestType] [ 6274] - Field ::BTNchkPrivsAccessGL
[INFO ][2016-01-07 15:53:59,010][com.java.TestType] [ 5895] - value = 
[INFO ][2016-01-07 15:54:00,010][com.java.TestType] [ 6390] - BEFORE CLICK
[INFO ][2016-01-07 15:54:01,319][com.java.TestType] [ 6397] - Unable to click the object GL check box
[INFO ][2016-01-07 15:54:01,319][com.java.SeleniumDriver] [  906] -  RESULT true
[INFO ][2016-01-07 15:54:01,319][com.java.SeleniumDriver] [ 1112] - ?   P A S S   ?
[INFO ][2016-01-07 15:54:01,319][com.java.SeleniumDriver] [  832] - ------------------------------------------
[INFO ][2016-01-07 15:54:01,319][com.java.SeleniumDriver] [  833] - Test case being Executed: 2
[INFO ][2016-01-07 15:54:01,319][com.java.SeleniumDriver] [  845] - Test step:39
[INFO ][2016-01-07 15:54:01,319][com.java.SeleniumDriver] [  857] - Datavalue is----------null
[DEBUG][2016-01-07 15:54:01,320][com.java.SeleniumDriver] [  875] - Exception: null
[INFO ][2016-01-07 15:54:01,320][com.java.SeleniumDriver] [  881] - DataField : BTNparent
[INFO ][2016-01-07 15:54:01,320][com.java.SeleniumDriver] [  883] - DataValue : 
[INFO ][2016-01-07 15:54:01,320][com.java.SeleniumDriver] [  889] - <In Set values of the page>
[INFO ][2016-01-07 15:54:01,320][com.java.SeleniumDriver] [  892] - {Data Fields & Data Values Exist}
[INFO ][2016-01-07 15:54:01,320][com.java.SeleniumDriver] [  894] - --------------------------setting values-----------------------------
[INFO ][2016-01-07 15:54:01,320][com.java.SeleniumDriver] [  897] - Action Type : SelectFrame
[INFO ][2016-01-07 15:54:01,336][com.java.SeleniumDriver] [  906] -  RESULT true
[INFO ][2016-01-07 15:54:01,336][com.java.SeleniumDriver] [ 1112] - ?   P A S S   ?
[INFO ][2016-01-07 15:54:01,336][com.java.SeleniumDriver] [  832] - ------------------------------------------
[INFO ][2016-01-07 15:54:01,336][com.java.SeleniumDriver] [  833] - Test case being Executed: 2
[INFO ][2016-01-07 15:54:01,336][com.java.SeleniumDriver] [  845] - Test step:40
[INFO ][2016-01-07 15:54:01,336][com.java.SeleniumDriver] [  857] - Datavalue is----------5
[INFO ][2016-01-07 15:54:01,336][com.java.SeleniumDriver] [  881] - DataField : test
[INFO ][2016-01-07 15:54:01,336][com.java.SeleniumDriver] [  883] - DataValue : 5
[INFO ][2016-01-07 15:54:01,336][com.java.SeleniumDriver] [  889] - <In Set values of the page>
[INFO ][2016-01-07 15:54:01,336][com.java.SeleniumDriver] [  892] - {Data Fields & Data Values Exist}
[INFO ][2016-01-07 15:54:01,337][com.java.SeleniumDriver] [  894] - --------------------------setting values-----------------------------
[INFO ][2016-01-07 15:54:01,337][com.java.SeleniumDriver] [  897] - Action Type : WaitTime
[DEBUG][2016-01-07 15:54:01,337][com.java.TestType] [ 5715] - sleepTime: 5000
[INFO ][2016-01-07 15:54:06,337][com.java.SeleniumDriver] [  906] -  RESULT true
[INFO ][2016-01-07 15:54:06,337][com.java.SeleniumDriver] [ 1112] - ?   P A S S   ?
[INFO ][2016-01-07 15:54:06,337][com.java.SeleniumDriver] [  832] - ------------------------------------------
[INFO ][2016-01-07 15:54:06,337][com.java.SeleniumDriver] [  833] - Test case being Executed: 2
[INFO ][2016-01-07 15:54:06,337][com.java.SeleniumDriver] [  845] - Test step:41
[INFO ][2016-01-07 15:54:06,337][com.java.SeleniumDriver] [  857] - Datavalue is----------null
[DEBUG][2016-01-07 15:54:06,337][com.java.SeleniumDriver] [  875] - Exception: null
[INFO ][2016-01-07 15:54:06,337][com.java.SeleniumDriver] [  881] - DataField : XPH//span[contains(text(), 'Finished')]
[INFO ][2016-01-07 15:54:06,337][com.java.SeleniumDriver] [  883] - DataValue : 
[INFO ][2016-01-07 15:54:06,337][com.java.SeleniumDriver] [  889] - <In Set values of the page>
[INFO ][2016-01-07 15:54:06,337][com.java.SeleniumDriver] [  892] - {Data Fields & Data Values Exist}
[INFO ][2016-01-07 15:54:06,338][com.java.SeleniumDriver] [  894] - --------------------------setting values-----------------------------
[INFO ][2016-01-07 15:54:06,338][com.java.SeleniumDriver] [  897] - Action Type : Click
[INFO ][2016-01-07 15:54:06,338][com.java.TestType] [ 6274] - Field ::XPH//span[contains(text(), 'Finished')]
[INFO ][2016-01-07 15:54:06,338][com.java.TestType] [ 5895] - value = 
[INFO ][2016-01-07 15:54:07,338][com.java.TestType] [ 6411] - BEFORE CLICK
[INFO ][2016-01-07 15:54:11,721][com.java.TestType] [ 6419] - Unable to click the object Finished button
[INFO ][2016-01-07 15:54:11,721][com.java.SeleniumDriver] [  906] -  RESULT true
[INFO ][2016-01-07 15:54:11,721][com.java.SeleniumDriver] [ 1112] - ?   P A S S   ?
[INFO ][2016-01-07 15:54:11,721][com.java.SeleniumDriver] [  832] - ------------------------------------------
[INFO ][2016-01-07 15:54:11,721][com.java.SeleniumDriver] [  833] - Test case being Executed: 2
[INFO ][2016-01-07 15:54:11,721][com.java.SeleniumDriver] [  845] - Test step:42
[INFO ][2016-01-07 15:54:11,721][com.java.SeleniumDriver] [  857] - Datavalue is----------5
[INFO ][2016-01-07 15:54:11,721][com.java.SeleniumDriver] [  881] - DataField : BTNframeDialogContent
[INFO ][2016-01-07 15:54:11,721][com.java.SeleniumDriver] [  883] - DataValue : 5
[INFO ][2016-01-07 15:54:11,721][com.java.SeleniumDriver] [  889] - <In Set values of the page>
[INFO ][2016-01-07 15:54:11,721][com.java.SeleniumDriver] [  892] - {Data Fields & Data Values Exist}
[INFO ][2016-01-07 15:54:11,721][com.java.SeleniumDriver] [  894] - --------------------------setting values-----------------------------
[INFO ][2016-01-07 15:54:11,721][com.java.SeleniumDriver] [  897] - Action Type : WaitForElement
[INFO ][2016-01-07 15:54:12,946][com.java.SeleniumDriver] [  906] -  RESULT true
[INFO ][2016-01-07 15:54:12,946][com.java.SeleniumDriver] [ 1112] - ?   P A S S   ?
[INFO ][2016-01-07 15:54:12,948][com.java.SeleniumDriver] [  832] - ------------------------------------------
[INFO ][2016-01-07 15:54:12,948][com.java.SeleniumDriver] [  833] - Test case being Executed: 2
[INFO ][2016-01-07 15:54:12,948][com.java.SeleniumDriver] [  845] - Test step:43
[INFO ][2016-01-07 15:54:12,948][com.java.SeleniumDriver] [  857] - Datavalue is----------null
[DEBUG][2016-01-07 15:54:12,948][com.java.SeleniumDriver] [  875] - Exception: null
[INFO ][2016-01-07 15:54:12,948][com.java.SeleniumDriver] [  881] - DataField : BTNframeDialogContent
[INFO ][2016-01-07 15:54:12,948][com.java.SeleniumDriver] [  883] - DataValue : 
[INFO ][2016-01-07 15:54:12,948][com.java.SeleniumDriver] [  889] - <In Set values of the page>
[INFO ][2016-01-07 15:54:12,949][com.java.SeleniumDriver] [  892] - {Data Fields & Data Values Exist}
[INFO ][2016-01-07 15:54:12,949][com.java.SeleniumDriver] [  894] - --------------------------setting values-----------------------------
[INFO ][2016-01-07 15:54:12,949][com.java.SeleniumDriver] [  897] - Action Type : SelectFrame
[INFO ][2016-01-07 15:54:14,214][com.java.SeleniumDriver] [  906] -  RESULT true
[INFO ][2016-01-07 15:54:14,214][com.java.SeleniumDriver] [ 1112] - ?   P A S S   ?
[INFO ][2016-01-07 15:54:14,214][com.java.SeleniumDriver] [  832] - ------------------------------------------
[INFO ][2016-01-07 15:54:14,214][com.java.SeleniumDriver] [  833] - Test case being Executed: 2
[INFO ][2016-01-07 15:54:14,214][com.java.SeleniumDriver] [  845] - Test step:44
[INFO ][2016-01-07 15:54:14,214][com.java.SeleniumDriver] [  857] - Datavalue is----------null
[DEBUG][2016-01-07 15:54:14,214][com.java.SeleniumDriver] [  875] - Exception: null
[INFO ][2016-01-07 15:54:14,214][com.java.SeleniumDriver] [  881] - DataField : XPH//table[@id="tblUserListing"]//td[contains(text(),'vltest.robot')]
[INFO ][2016-01-07 15:54:14,215][com.java.SeleniumDriver] [  883] - DataValue : 
[INFO ][2016-01-07 15:54:14,215][com.java.SeleniumDriver] [  889] - <In Set values of the page>
[INFO ][2016-01-07 15:54:14,215][com.java.SeleniumDriver] [  892] - {Data Fields & Data Values Exist}
[INFO ][2016-01-07 15:54:14,215][com.java.SeleniumDriver] [  894] - --------------------------setting values-----------------------------
[INFO ][2016-01-07 15:54:14,215][com.java.SeleniumDriver] [  897] - Action Type : WaitForElement
[INFO ][2016-01-07 15:54:14,250][com.java.SeleniumDriver] [  906] -  RESULT true
[INFO ][2016-01-07 15:54:14,250][com.java.SeleniumDriver] [ 1112] - ?   P A S S   ?
[INFO ][2016-01-07 15:54:14,250][com.java.SeleniumDriver] [  832] - ------------------------------------------
[INFO ][2016-01-07 15:54:14,250][com.java.SeleniumDriver] [  833] - Test case being Executed: 2
[INFO ][2016-01-07 15:54:14,250][com.java.SeleniumDriver] [  845] - Test step:45
[INFO ][2016-01-07 15:54:14,250][com.java.SeleniumDriver] [  857] - Datavalue is----------HMVGivenNewUserName
[INFO ][2016-01-07 15:54:14,250][com.java.SeleniumDriver] [  881] - DataField : USR
[INFO ][2016-01-07 15:54:14,250][com.java.SeleniumDriver] [  883] - DataValue : HMVGivenNewUserName
[INFO ][2016-01-07 15:54:14,251][com.java.SeleniumDriver] [  889] - <In Set values of the page>
[INFO ][2016-01-07 15:54:14,251][com.java.SeleniumDriver] [  892] - {Data Fields & Data Values Exist}
[INFO ][2016-01-07 15:54:14,251][com.java.SeleniumDriver] [  894] - --------------------------setting values-----------------------------
[INFO ][2016-01-07 15:54:14,251][com.java.SeleniumDriver] [  897] - Action Type : Verify
[INFO ][2016-01-07 15:54:14,251][com.java.TestType] [ 7269] - field= USR value= HMVGivenNewUserName
[INFO ][2016-01-07 15:54:14,251][com.java.TestType] [ 5895] - value = vltest.robot84589
[INFO ][2016-01-07 15:54:14,301][com.java.SeleniumDriver] [  906] -  RESULT true
[INFO ][2016-01-07 15:54:14,301][com.java.SeleniumDriver] [ 1112] - ?   P A S S   ?
[INFO ][2016-01-07 15:54:14,301][com.java.SeleniumDriver] [  832] - ------------------------------------------
[INFO ][2016-01-07 15:54:14,301][com.java.SeleniumDriver] [  833] - Test case being Executed: 2
[INFO ][2016-01-07 15:54:14,301][com.java.SeleniumDriver] [  845] - Test step:46
[INFO ][2016-01-07 15:54:14,301][com.java.SeleniumDriver] [  857] - Datavalue is----------GivenNewUserName::Login_username
[INFO ][2016-01-07 15:54:14,302][com.java.SeleniumDriver] [  881] - DataField : PVP//table[@id="tblUserListing"]//td[contains(text(),'mytext')]
[INFO ][2016-01-07 15:54:14,302][com.java.SeleniumDriver] [  883] - DataValue : GivenNewUserName::Login_username
[INFO ][2016-01-07 15:54:14,302][com.java.SeleniumDriver] [  889] - <In Set values of the page>
[INFO ][2016-01-07 15:54:14,302][com.java.SeleniumDriver] [  892] - {Data Fields & Data Values Exist}
[INFO ][2016-01-07 15:54:14,302][com.java.SeleniumDriver] [  894] - --------------------------setting values-----------------------------
[INFO ][2016-01-07 15:54:14,302][com.java.SeleniumDriver] [  897] - Action Type : STOREVALUE
[INFO ][2016-01-07 15:54:14,302][com.java.TestType] [ 8612] - field= PVP//table[@id="tblUserListing"]//td[contains(text(),'mytext')]
[DEBUG][2016-01-07 15:54:14,403][com.java.TestType] [ 8903] - Key:: GivenNewUserName::Login_username  Value:: vltest.robot84589.15310
[INFO ][2016-01-07 15:54:14,403][com.java.SeleniumDriver] [  906] -  RESULT true
[INFO ][2016-01-07 15:54:14,404][com.java.SeleniumDriver] [ 1112] - ?   P A S S   ?
[INFO ][2016-01-07 15:54:14,404][com.java.SeleniumDriver] [  832] - ------------------------------------------
[INFO ][2016-01-07 15:54:14,404][com.java.SeleniumDriver] [  833] - Test case being Executed: 2
[INFO ][2016-01-07 15:54:14,404][com.java.SeleniumDriver] [  845] - Test step:47
[INFO ][2016-01-07 15:54:14,404][com.java.SeleniumDriver] [  857] - Datavalue is----------10
[INFO ][2016-01-07 15:54:14,404][com.java.SeleniumDriver] [  881] - DataField : test
[INFO ][2016-01-07 15:54:14,404][com.java.SeleniumDriver] [  883] - DataValue : 10
[INFO ][2016-01-07 15:54:14,404][com.java.SeleniumDriver] [  889] - <In Set values of the page>
[INFO ][2016-01-07 15:54:14,404][com.java.SeleniumDriver] [  892] - {Data Fields & Data Values Exist}
[INFO ][2016-01-07 15:54:14,404][com.java.SeleniumDriver] [  894] - --------------------------setting values-----------------------------
[INFO ][2016-01-07 15:54:14,404][com.java.SeleniumDriver] [  897] - Action Type : WaitTime
[DEBUG][2016-01-07 15:54:14,404][com.java.TestType] [ 5715] - sleepTime: 10000
[INFO ][2016-01-07 15:54:24,404][com.java.SeleniumDriver] [  906] -  RESULT true
[INFO ][2016-01-07 15:54:24,404][com.java.SeleniumDriver] [ 1112] - ?   P A S S   ?
[INFO ][2016-01-07 15:54:24,404][com.java.SeleniumDriver] [  832] - ------------------------------------------
[INFO ][2016-01-07 15:54:24,404][com.java.SeleniumDriver] [  833] - Test case being Executed: 2
[INFO ][2016-01-07 15:54:24,404][com.java.SeleniumDriver] [  845] - Test step:48
[INFO ][2016-01-07 15:54:24,404][com.java.SeleniumDriver] [  857] - Datavalue is----------Login_username
[INFO ][2016-01-07 15:54:24,404][com.java.SeleniumDriver] [  881] - DataField : MNC//div[@id="divUserListing"]//td//a[@id='modifyUser.mytext']
[INFO ][2016-01-07 15:54:24,404][com.java.SeleniumDriver] [  883] - DataValue : Login_username
[INFO ][2016-01-07 15:54:24,404][com.java.SeleniumDriver] [  889] - <In Set values of the page>
[INFO ][2016-01-07 15:54:24,404][com.java.SeleniumDriver] [  892] - {Data Fields & Data Values Exist}
[INFO ][2016-01-07 15:54:24,404][com.java.SeleniumDriver] [  894] - --------------------------setting values-----------------------------
[INFO ][2016-01-07 15:54:24,404][com.java.SeleniumDriver] [  897] - Action Type : Click
[INFO ][2016-01-07 15:54:24,405][com.java.TestType] [ 6274] - Field ::MNC//div[@id="divUserListing"]//td//a[@id='modifyUser.mytext']
[INFO ][2016-01-07 15:54:24,405][com.java.TestType] [ 5895] - value = Login_username
[INFO ][2016-01-07 15:54:25,685][com.java.SeleniumDriver] [  906] -  RESULT true
[INFO ][2016-01-07 15:54:25,685][com.java.SeleniumDriver] [ 1112] - ?   P A S S   ?
[INFO ][2016-01-07 15:54:25,685][com.java.SeleniumDriver] [  832] - ------------------------------------------
[INFO ][2016-01-07 15:54:25,685][com.java.SeleniumDriver] [  833] - Test case being Executed: 2
[INFO ][2016-01-07 15:54:25,685][com.java.SeleniumDriver] [  845] - Test step:49
[INFO ][2016-01-07 15:54:25,685][com.java.SeleniumDriver] [  857] - Datavalue is----------2
[INFO ][2016-01-07 15:54:25,685][com.java.SeleniumDriver] [  881] - DataField : BTNtxtFirstName
[INFO ][2016-01-07 15:54:25,685][com.java.SeleniumDriver] [  883] - DataValue : 2
[INFO ][2016-01-07 15:54:25,685][com.java.SeleniumDriver] [  889] - <In Set values of the page>
[INFO ][2016-01-07 15:54:25,687][com.java.SeleniumDriver] [  892] - {Data Fields & Data Values Exist}
[INFO ][2016-01-07 15:54:25,687][com.java.SeleniumDriver] [  894] - --------------------------setting values-----------------------------
[INFO ][2016-01-07 15:54:25,687][com.java.SeleniumDriver] [  897] - Action Type : WaitForElement
[INFO ][2016-01-07 15:54:26,786][com.java.SeleniumDriver] [  906] -  RESULT true
[INFO ][2016-01-07 15:54:26,786][com.java.SeleniumDriver] [ 1112] - ?   P A S S   ?
[INFO ][2016-01-07 15:54:26,787][com.java.SeleniumDriver] [  832] - ------------------------------------------
[INFO ][2016-01-07 15:54:26,787][com.java.SeleniumDriver] [  833] - Test case being Executed: 2
[INFO ][2016-01-07 15:54:26,787][com.java.SeleniumDriver] [  845] - Test step:50
[INFO ][2016-01-07 15:54:26,787][com.java.SeleniumDriver] [  857] - Datavalue is----------dt:ResetNewPswd
[INFO ][2016-01-07 15:54:26,787][com.java.SeleniumDriver] [  881] - DataField : TXTtxtPassword
[INFO ][2016-01-07 15:54:26,787][com.java.SeleniumDriver] [  883] - DataValue : dt:ResetNewPswd
[INFO ][2016-01-07 15:54:26,787][com.java.SeleniumDriver] [  889] - <In Set values of the page>
[INFO ][2016-01-07 15:54:26,787][com.java.SeleniumDriver] [  892] - {Data Fields & Data Values Exist}
[INFO ][2016-01-07 15:54:26,787][com.java.SeleniumDriver] [  894] - --------------------------setting values-----------------------------
[INFO ][2016-01-07 15:54:26,787][com.java.SeleniumDriver] [  897] - Action Type : CLEARANDENTER
[INFO ][2016-01-07 15:54:26,787][com.java.TestType] [ 5895] - value = Password#1
[INFO ][2016-01-07 15:54:29,808][com.java.SeleniumDriver] [  906] -  RESULT true
[INFO ][2016-01-07 15:54:29,808][com.java.SeleniumDriver] [ 1112] - ?   P A S S   ?
[INFO ][2016-01-07 15:54:29,808][com.java.SeleniumDriver] [  832] - ------------------------------------------
[INFO ][2016-01-07 15:54:29,808][com.java.SeleniumDriver] [  833] - Test case being Executed: 2
[INFO ][2016-01-07 15:54:29,808][com.java.SeleniumDriver] [  845] - Test step:51
[INFO ][2016-01-07 15:54:29,808][com.java.SeleniumDriver] [  857] - Datavalue is----------5
[INFO ][2016-01-07 15:54:29,808][com.java.SeleniumDriver] [  881] - DataField : TXTtxtPasswordConfirm
[INFO ][2016-01-07 15:54:29,808][com.java.SeleniumDriver] [  883] - DataValue : 5
[INFO ][2016-01-07 15:54:29,808][com.java.SeleniumDriver] [  889] - <In Set values of the page>
[INFO ][2016-01-07 15:54:29,808][com.java.SeleniumDriver] [  892] - {Data Fields & Data Values Exist}
[INFO ][2016-01-07 15:54:29,808][com.java.SeleniumDriver] [  894] - --------------------------setting values-----------------------------
[INFO ][2016-01-07 15:54:29,809][com.java.SeleniumDriver] [  897] - Action Type : WaitForElement
[INFO ][2016-01-07 15:54:30,924][com.java.SeleniumDriver] [  906] -  RESULT true
[INFO ][2016-01-07 15:54:30,924][com.java.SeleniumDriver] [ 1112] - ?   P A S S   ?
[INFO ][2016-01-07 15:54:30,924][com.java.SeleniumDriver] [  832] - ------------------------------------------
[INFO ][2016-01-07 15:54:30,924][com.java.SeleniumDriver] [  833] - Test case being Executed: 2
[INFO ][2016-01-07 15:54:30,924][com.java.SeleniumDriver] [  845] - Test step:52
[INFO ][2016-01-07 15:54:30,924][com.java.SeleniumDriver] [  857] - Datavalue is----------dt:ResetNewPswd
[INFO ][2016-01-07 15:54:30,924][com.java.SeleniumDriver] [  881] - DataField : TXTtxtPasswordConfirm
[INFO ][2016-01-07 15:54:30,924][com.java.SeleniumDriver] [  883] - DataValue : dt:ResetNewPswd
[INFO ][2016-01-07 15:54:30,925][com.java.SeleniumDriver] [  889] - <In Set values of the page>
[INFO ][2016-01-07 15:54:30,925][com.java.SeleniumDriver] [  892] - {Data Fields & Data Values Exist}
[INFO ][2016-01-07 15:54:30,925][com.java.SeleniumDriver] [  894] - --------------------------setting values-----------------------------
[INFO ][2016-01-07 15:54:30,925][com.java.SeleniumDriver] [  897] - Action Type : CLEARANDENTER
[INFO ][2016-01-07 15:54:30,925][com.java.TestType] [ 5895] - value = Password#1
[INFO ][2016-01-07 15:54:33,575][com.java.SeleniumDriver] [  906] -  RESULT true
[INFO ][2016-01-07 15:54:33,575][com.java.SeleniumDriver] [ 1112] - ?   P A S S   ?
[INFO ][2016-01-07 15:54:33,575][com.java.SeleniumDriver] [  832] - ------------------------------------------
[INFO ][2016-01-07 15:54:33,575][com.java.SeleniumDriver] [  833] - Test case being Executed: 2
[INFO ][2016-01-07 15:54:33,575][com.java.SeleniumDriver] [  845] - Test step:53
[INFO ][2016-01-07 15:54:33,575][com.java.SeleniumDriver] [  857] - Datavalue is----------5
[INFO ][2016-01-07 15:54:33,575][com.java.SeleniumDriver] [  881] - DataField : test
[INFO ][2016-01-07 15:54:33,575][com.java.SeleniumDriver] [  883] - DataValue : 5
[INFO ][2016-01-07 15:54:33,575][com.java.SeleniumDriver] [  889] - <In Set values of the page>
[INFO ][2016-01-07 15:54:33,575][com.java.SeleniumDriver] [  892] - {Data Fields & Data Values Exist}
[INFO ][2016-01-07 15:54:33,575][com.java.SeleniumDriver] [  894] - --------------------------setting values-----------------------------
[INFO ][2016-01-07 15:54:33,576][com.java.SeleniumDriver] [  897] - Action Type : WaitTime
[DEBUG][2016-01-07 15:54:33,576][com.java.TestType] [ 5715] - sleepTime: 5000
[INFO ][2016-01-07 15:54:38,576][com.java.SeleniumDriver] [  906] -  RESULT true
[INFO ][2016-01-07 15:54:38,576][com.java.SeleniumDriver] [ 1112] - ?   P A S S   ?
[INFO ][2016-01-07 15:54:38,576][com.java.SeleniumDriver] [  832] - ------------------------------------------
[INFO ][2016-01-07 15:54:38,576][com.java.SeleniumDriver] [  833] - Test case being Executed: 2
[INFO ][2016-01-07 15:54:38,577][com.java.SeleniumDriver] [  845] - Test step:54
[INFO ][2016-01-07 15:54:38,577][com.java.SeleniumDriver] [  857] - Datavalue is----------null
[DEBUG][2016-01-07 15:54:38,577][com.java.SeleniumDriver] [  875] - Exception: null
[INFO ][2016-01-07 15:54:38,577][com.java.SeleniumDriver] [  881] - DataField : BTNrdoResendYes
[INFO ][2016-01-07 15:54:38,577][com.java.SeleniumDriver] [  883] - DataValue : 
[INFO ][2016-01-07 15:54:38,577][com.java.SeleniumDriver] [  889] - <In Set values of the page>
[INFO ][2016-01-07 15:54:38,577][com.java.SeleniumDriver] [  892] - {Data Fields & Data Values Exist}
[INFO ][2016-01-07 15:54:38,577][com.java.SeleniumDriver] [  894] - --------------------------setting values-----------------------------
[INFO ][2016-01-07 15:54:38,577][com.java.SeleniumDriver] [  897] - Action Type : Click
[INFO ][2016-01-07 15:54:38,577][com.java.TestType] [ 6274] - Field ::BTNrdoResendYes
[INFO ][2016-01-07 15:54:38,577][com.java.TestType] [ 5895] - value = 
[INFO ][2016-01-07 15:54:39,577][com.java.TestType] [ 6390] - BEFORE CLICK
[INFO ][2016-01-07 15:54:40,847][com.java.TestType] [ 6397] - Unable to click the object Yes Radio button
[INFO ][2016-01-07 15:54:40,847][com.java.SeleniumDriver] [  906] -  RESULT true
[INFO ][2016-01-07 15:54:40,847][com.java.SeleniumDriver] [ 1112] - ?   P A S S   ?
[INFO ][2016-01-07 15:54:40,847][com.java.SeleniumDriver] [  832] - ------------------------------------------
[INFO ][2016-01-07 15:54:40,847][com.java.SeleniumDriver] [  833] - Test case being Executed: 2
[INFO ][2016-01-07 15:54:40,847][com.java.SeleniumDriver] [  845] - Test step:55
[INFO ][2016-01-07 15:54:40,847][com.java.SeleniumDriver] [  857] - Datavalue is----------null
[DEBUG][2016-01-07 15:54:40,847][com.java.SeleniumDriver] [  875] - Exception: null
[INFO ][2016-01-07 15:54:40,847][com.java.SeleniumDriver] [  881] - DataField : BTNparent
[INFO ][2016-01-07 15:54:40,847][com.java.SeleniumDriver] [  883] - DataValue : 
[INFO ][2016-01-07 15:54:40,847][com.java.SeleniumDriver] [  889] - <In Set values of the page>
[INFO ][2016-01-07 15:54:40,848][com.java.SeleniumDriver] [  892] - {Data Fields & Data Values Exist}
[INFO ][2016-01-07 15:54:40,848][com.java.SeleniumDriver] [  894] - --------------------------setting values-----------------------------
[INFO ][2016-01-07 15:54:40,848][com.java.SeleniumDriver] [  897] - Action Type : SelectFrame
[INFO ][2016-01-07 15:54:40,863][com.java.SeleniumDriver] [  906] -  RESULT true
[INFO ][2016-01-07 15:54:40,863][com.java.SeleniumDriver] [ 1112] - ?   P A S S   ?
[INFO ][2016-01-07 15:54:40,863][com.java.SeleniumDriver] [  832] - ------------------------------------------
[INFO ][2016-01-07 15:54:40,863][com.java.SeleniumDriver] [  833] - Test case being Executed: 2
[INFO ][2016-01-07 15:54:40,863][com.java.SeleniumDriver] [  845] - Test step:56
[INFO ][2016-01-07 15:54:40,863][com.java.SeleniumDriver] [  857] - Datavalue is----------null
[DEBUG][2016-01-07 15:54:40,863][com.java.SeleniumDriver] [  875] - Exception: null
[INFO ][2016-01-07 15:54:40,863][com.java.SeleniumDriver] [  881] - DataField : XPH//span[contains(text(), 'Finished')]
[INFO ][2016-01-07 15:54:40,864][com.java.SeleniumDriver] [  883] - DataValue : 
[INFO ][2016-01-07 15:54:40,864][com.java.SeleniumDriver] [  889] - <In Set values of the page>
[INFO ][2016-01-07 15:54:40,864][com.java.SeleniumDriver] [  892] - {Data Fields & Data Values Exist}
[INFO ][2016-01-07 15:54:40,864][com.java.SeleniumDriver] [  894] - --------------------------setting values-----------------------------
[INFO ][2016-01-07 15:54:40,864][com.java.SeleniumDriver] [  897] - Action Type : Click
[INFO ][2016-01-07 15:54:40,864][com.java.TestType] [ 6274] - Field ::XPH//span[contains(text(), 'Finished')]
[INFO ][2016-01-07 15:54:40,864][com.java.TestType] [ 5895] - value = 
[INFO ][2016-01-07 15:54:41,864][com.java.TestType] [ 6411] - BEFORE CLICK
[INFO ][2016-01-07 15:54:42,766][com.java.TestType] [ 6419] - Unable to click the object Finished button
[INFO ][2016-01-07 15:54:42,766][com.java.SeleniumDriver] [  906] -  RESULT true
[INFO ][2016-01-07 15:54:42,766][com.java.SeleniumDriver] [ 1112] - ?   P A S S   ?
[INFO ][2016-01-07 15:54:42,766][com.java.SeleniumDriver] [  832] - ------------------------------------------
[INFO ][2016-01-07 15:54:42,766][com.java.SeleniumDriver] [  833] - Test case being Executed: 2
[INFO ][2016-01-07 15:54:42,766][com.java.SeleniumDriver] [  845] - Test step:57
[INFO ][2016-01-07 15:54:42,766][com.java.SeleniumDriver] [  857] - Datavalue is----------10
[INFO ][2016-01-07 15:54:42,766][com.java.SeleniumDriver] [  881] - DataField : test
[INFO ][2016-01-07 15:54:42,766][com.java.SeleniumDriver] [  883] - DataValue : 10
[INFO ][2016-01-07 15:54:42,766][com.java.SeleniumDriver] [  889] - <In Set values of the page>
[INFO ][2016-01-07 15:54:42,766][com.java.SeleniumDriver] [  892] - {Data Fields & Data Values Exist}
[INFO ][2016-01-07 15:54:42,766][com.java.SeleniumDriver] [  894] - --------------------------setting values-----------------------------
[INFO ][2016-01-07 15:54:42,766][com.java.SeleniumDriver] [  897] - Action Type : WaitTime
[DEBUG][2016-01-07 15:54:42,767][com.java.TestType] [ 5715] - sleepTime: 10000
[INFO ][2016-01-07 15:54:52,768][com.java.SeleniumDriver] [  906] -  RESULT true
[INFO ][2016-01-07 15:54:52,768][com.java.SeleniumDriver] [ 1112] - ?   P A S S   ?
[INFO ][2016-01-07 15:54:52,768][com.java.SeleniumDriver] [  832] - ------------------------------------------
[INFO ][2016-01-07 15:54:52,768][com.java.SeleniumDriver] [  833] - Test case being Executed: 2
[INFO ][2016-01-07 15:54:52,768][com.java.SeleniumDriver] [  845] - Test step:58
[INFO ][2016-01-07 15:54:52,768][com.java.SeleniumDriver] [  857] - Datavalue is----------5
[INFO ][2016-01-07 15:54:52,768][com.java.SeleniumDriver] [  881] - DataField : XPH//span[contains(text(), 'Finished')]
[INFO ][2016-01-07 15:54:52,768][com.java.SeleniumDriver] [  883] - DataValue : 5
[INFO ][2016-01-07 15:54:52,768][com.java.SeleniumDriver] [  889] - <In Set values of the page>
[INFO ][2016-01-07 15:54:52,768][com.java.SeleniumDriver] [  892] - {Data Fields & Data Values Exist}
[INFO ][2016-01-07 15:54:52,768][com.java.SeleniumDriver] [  894] - --------------------------setting values-----------------------------
[INFO ][2016-01-07 15:54:52,768][com.java.SeleniumDriver] [  897] - Action Type : WaitForElement
[INFO ][2016-01-07 15:54:52,807][com.java.SeleniumDriver] [  906] -  RESULT true
[INFO ][2016-01-07 15:54:52,807][com.java.SeleniumDriver] [ 1112] - ?   P A S S   ?
[INFO ][2016-01-07 15:54:52,807][com.java.SeleniumDriver] [  832] - ------------------------------------------
[INFO ][2016-01-07 15:54:52,807][com.java.SeleniumDriver] [  833] - Test case being Executed: 2
[INFO ][2016-01-07 15:54:52,807][com.java.SeleniumDriver] [  845] - Test step:59
[INFO ][2016-01-07 15:54:52,807][com.java.SeleniumDriver] [  857] - Datavalue is----------null
[DEBUG][2016-01-07 15:54:52,808][com.java.SeleniumDriver] [  875] - Exception: null
[INFO ][2016-01-07 15:54:52,808][com.java.SeleniumDriver] [  881] - DataField : XPH//span[contains(text(), 'Finished')]
[INFO ][2016-01-07 15:54:52,808][com.java.SeleniumDriver] [  883] - DataValue : 
[INFO ][2016-01-07 15:54:52,808][com.java.SeleniumDriver] [  889] - <In Set values of the page>
[INFO ][2016-01-07 15:54:52,808][com.java.SeleniumDriver] [  892] - {Data Fields & Data Values Exist}
[INFO ][2016-01-07 15:54:52,808][com.java.SeleniumDriver] [  894] - --------------------------setting values-----------------------------
[INFO ][2016-01-07 15:54:52,808][com.java.SeleniumDriver] [  897] - Action Type : Click
[INFO ][2016-01-07 15:54:52,808][com.java.TestType] [ 6274] - Field ::XPH//span[contains(text(), 'Finished')]
[INFO ][2016-01-07 15:54:52,808][com.java.TestType] [ 5895] - value = 
[INFO ][2016-01-07 15:54:53,808][com.java.TestType] [ 6411] - BEFORE CLICK
[INFO ][2016-01-07 15:54:54,756][com.java.TestType] [ 6419] - Unable to click the object Finished button
[INFO ][2016-01-07 15:54:54,756][com.java.SeleniumDriver] [  906] -  RESULT true
[INFO ][2016-01-07 15:54:54,756][com.java.SeleniumDriver] [ 1112] - ?   P A S S   ?
[INFO ][2016-01-07 15:54:54,756][com.java.SeleniumDriver] [  832] - ------------------------------------------
[INFO ][2016-01-07 15:54:54,756][com.java.SeleniumDriver] [  833] - Test case being Executed: 2
[INFO ][2016-01-07 15:54:54,756][com.java.SeleniumDriver] [  845] - Test step:60
[INFO ][2016-01-07 15:54:54,756][com.java.SeleniumDriver] [  857] - Datavalue is----------10
[INFO ][2016-01-07 15:54:54,756][com.java.SeleniumDriver] [  881] - DataField : XPH//div[contains(text(), 'My Dashboard')]
[INFO ][2016-01-07 15:54:54,756][com.java.SeleniumDriver] [  883] - DataValue : 10
[INFO ][2016-01-07 15:54:54,756][com.java.SeleniumDriver] [  889] - <In Set values of the page>
[INFO ][2016-01-07 15:54:54,756][com.java.SeleniumDriver] [  892] - {Data Fields & Data Values Exist}
[INFO ][2016-01-07 15:54:54,756][com.java.SeleniumDriver] [  894] - --------------------------setting values-----------------------------
[INFO ][2016-01-07 15:54:54,756][com.java.SeleniumDriver] [  897] - Action Type : WAITFORELEMENT
[INFO ][2016-01-07 15:54:54,802][com.java.SeleniumDriver] [  906] -  RESULT true
[INFO ][2016-01-07 15:54:54,802][com.java.SeleniumDriver] [ 1112] - ?   P A S S   ?
[INFO ][2016-01-07 15:54:54,802][com.java.SeleniumDriver] [  832] - ------------------------------------------
[INFO ][2016-01-07 15:54:54,802][com.java.SeleniumDriver] [  833] - Test case being Executed: 2
[INFO ][2016-01-07 15:54:54,802][com.java.SeleniumDriver] [  845] - Test step:61
[INFO ][2016-01-07 15:54:54,803][com.java.SeleniumDriver] [  857] - Datavalue is----------Concept#3:1-2
[INFO ][2016-01-07 15:54:54,803][com.java.SeleniumDriver] [  881] - DataField : test
[INFO ][2016-01-07 15:54:54,803][com.java.SeleniumDriver] [  883] - DataValue : Concept#3:1-2
[INFO ][2016-01-07 15:54:54,803][com.java.SeleniumDriver] [  889] - <In Set values of the page>
[INFO ][2016-01-07 15:54:54,803][com.java.SeleniumDriver] [  892] - {Data Fields & Data Values Exist}
[INFO ][2016-01-07 15:54:54,803][com.java.SeleniumDriver] [  894] - --------------------------setting values-----------------------------
[INFO ][2016-01-07 15:54:54,803][com.java.SeleniumDriver] [  897] - Action Type : ExecuteTestCase
[INFO ][2016-01-07 15:54:54,803][com.java.TestType] [  437] - The Concept sheet name is ---------- Concept
[INFO ][2016-01-07 15:54:54,803][com.java.TestType] [  440] - The Concept ID  is ---------- 3
[DEBUG][2016-01-07 15:54:54,803][com.java.TestType] [  444] - Steps being executted in the Concept are: 1:2
[INFO ][2016-01-07 15:54:54,803][com.java.TestType] [  451] - Test data details path ---------- D:\BankersDashboard\TestInputs\TestData.xls
[INFO ][2016-01-07 15:54:54,831][com.java.TestType] [  482] -  str(1) = 3
[INFO ][2016-01-07 15:54:54,831][com.java.TestType] [  485] - Test case Id is---3
[INFO ][2016-01-07 15:54:54,831][com.java.TestType] [  487] - 3
[INFO ][2016-01-07 15:54:54,831][com.java.TestType] [  482] -  str(2) = 1
[INFO ][2016-01-07 15:54:54,832][com.java.TestType] [  482] -  str(1) = 3
[INFO ][2016-01-07 15:54:54,832][com.java.TestType] [  485] - Test case Id is---3
[INFO ][2016-01-07 15:54:54,832][com.java.TestType] [  487] - 3
[INFO ][2016-01-07 15:54:54,833][com.java.TestType] [  482] -  str(2) = 2
[INFO ][2016-01-07 15:54:54,833][com.java.TestType] [10822] - Looping 1TCID = 3
[DEBUG][2016-01-07 15:54:54,833][com.java.TestType] [10863] - Concept ID:3 :: Step being Executed: 3::1
[INFO ][2016-01-07 15:54:54,833][com.java.TestType] [10901] - dataFields : test
[DEBUG][2016-01-07 15:54:54,834][com.java.TestType] [10907] - <In Set values of the page>
[DEBUG][2016-01-07 15:54:54,834][com.java.TestType] [10912] - {Data Fields & Data Values Exist}
[INFO ][2016-01-07 15:54:54,834][com.java.TestType] [10918] - --------------------------setting values-----------------------------
[INFO ][2016-01-07 15:54:54,835][com.java.TestType] [10921] - Action Type : Logout
[INFO ][2016-01-07 15:54:57,043][com.java.TestType] [ 6274] - Field ::CNF
[INFO ][2016-01-07 15:54:57,043][com.java.TestType] [ 5895] - value = OK
[INFO ][2016-01-07 15:54:58,409][com.java.TestType] [ 6407] - Click the object confirmation
[INFO ][2016-01-07 15:54:58,409][com.java.TestType] [ 6408] - Unable to click the object confirmation
[DEBUG][2016-01-07 15:55:00,262][com.java.SeleniumDriver] [  426] - Hub ip address is-------172.17.68.34
[INFO ][2016-01-07 15:55:00,263][com.java.SeleniumDriver] [  452] - Grid URL:http://172.17.68.34:4444/wd/hub
[INFO ][2016-01-07 15:55:00,263][com.java.SeleniumDriver] [  453] - Capability:Capabilities [{platform=ANY, ensureCleanSession=true, ignoreProtectedModeSettings=true, acceptSslCerts=true, ignoreZoomSetting=true, browserName=internet explorer, browserstack.ie.noFlash=true, version=null}]
[ERROR][2016-01-07 15:55:01,276][com.java.SeleniumDriver] [  498] - Unable invoke browser in grid:Could not start a new session. Possible causes are invalid address of the remote server or browser start-up failure.
Build info: version: '2.48.2', revision: '41bccdd', time: '2015-10-09 19:59:12'
System info: host: 'FVTIII438F1D', ip: '172.17.68.34', os.name: 'Windows 7', os.arch: 'x86', os.version: '6.1', java.version: '1.7.0_55'
Driver info: driver.version: SeleniumDriver
[INFO ][2016-01-07 15:55:01,276][com.java.SeleniumDriver] [  500] - Executing on local machine
[INFO ][2016-01-07 15:55:11,640][com.java.TestType] [10940] -  RESULT true
[INFO ][2016-01-07 15:55:11,640][com.java.TestType] [11057] - ?   P A S S   ?
[DEBUG][2016-01-07 15:55:11,641][com.java.TestType] [10863] - Concept ID:3 :: Step being Executed: 3::2
[INFO ][2016-01-07 15:55:11,641][com.java.TestType] [10901] - dataFields : test
[DEBUG][2016-01-07 15:55:11,641][com.java.TestType] [10907] - <In Set values of the page>
[DEBUG][2016-01-07 15:55:11,641][com.java.TestType] [10912] - {Data Fields & Data Values Exist}
[INFO ][2016-01-07 15:55:11,641][com.java.TestType] [10918] - --------------------------setting values-----------------------------
[INFO ][2016-01-07 15:55:11,641][com.java.TestType] [10921] - Action Type : WaitTime
[DEBUG][2016-01-07 15:55:11,641][com.java.TestType] [ 5715] - sleepTime: 2000
[INFO ][2016-01-07 15:55:13,641][com.java.TestType] [10940] -  RESULT true
[INFO ][2016-01-07 15:55:13,641][com.java.TestType] [11057] - ?   P A S S   ?
[INFO ][2016-01-07 15:55:13,641][com.java.TestType] [11128] - Looping End......
[INFO ][2016-01-07 15:55:13,644][com.java.SeleniumDriver] [  906] -  RESULT true
[INFO ][2016-01-07 15:55:13,644][com.java.SeleniumDriver] [ 1112] - ?   P A S S   ?
[INFO ][2016-01-07 15:55:13,644][com.java.SeleniumDriver] [  832] - ------------------------------------------
[INFO ][2016-01-07 15:55:13,645][com.java.SeleniumDriver] [  833] - Test case being Executed: 2
[INFO ][2016-01-07 15:55:13,645][com.java.SeleniumDriver] [  845] - Test step:62
[INFO ][2016-01-07 15:55:13,645][com.java.SeleniumDriver] [  857] - Datavalue is----------dt:HTTPSURL
[INFO ][2016-01-07 15:55:13,645][com.java.SeleniumDriver] [  881] - DataField : test
[INFO ][2016-01-07 15:55:13,645][com.java.SeleniumDriver] [  883] - DataValue : dt:HTTPSURL
[INFO ][2016-01-07 15:55:13,645][com.java.SeleniumDriver] [  889] - <In Set values of the page>
[INFO ][2016-01-07 15:55:13,645][com.java.SeleniumDriver] [  892] - {Data Fields & Data Values Exist}
[INFO ][2016-01-07 15:55:13,645][com.java.SeleniumDriver] [  894] - --------------------------setting values-----------------------------
[INFO ][2016-01-07 15:55:13,645][com.java.SeleniumDriver] [  897] - Action Type : OpenURL
[INFO ][2016-01-07 15:55:13,645][com.java.TestType] [ 5895] - value = https://clients-xuat.bankersdashboard.com
[INFO ][2016-01-07 15:55:13,645][com.java.TestType] [  353] - Open URL : https://clients-xuat.bankersdashboard.com
[INFO ][2016-01-07 15:55:14,282][com.java.SeleniumDriver] [  906] -  RESULT true
[INFO ][2016-01-07 15:55:14,282][com.java.SeleniumDriver] [ 1112] - ?   P A S S   ?
[INFO ][2016-01-07 15:55:14,282][com.java.SeleniumDriver] [  832] - ------------------------------------------
[INFO ][2016-01-07 15:55:14,282][com.java.SeleniumDriver] [  833] - Test case being Executed: 2
[INFO ][2016-01-07 15:55:14,282][com.java.SeleniumDriver] [  845] - Test step:63
[INFO ][2016-01-07 15:55:14,282][com.java.SeleniumDriver] [  857] - Datavalue is----------15
[INFO ][2016-01-07 15:55:14,282][com.java.SeleniumDriver] [  881] - DataField : TXTusername
[INFO ][2016-01-07 15:55:14,282][com.java.SeleniumDriver] [  883] - DataValue : 15
[INFO ][2016-01-07 15:55:14,282][com.java.SeleniumDriver] [  889] - <In Set values of the page>
[INFO ][2016-01-07 15:55:14,282][com.java.SeleniumDriver] [  892] - {Data Fields & Data Values Exist}
[INFO ][2016-01-07 15:55:14,283][com.java.SeleniumDriver] [  894] - --------------------------setting values-----------------------------
[INFO ][2016-01-07 15:55:14,283][com.java.SeleniumDriver] [  897] - Action Type : WAITFORELEMENT
[INFO ][2016-01-07 15:55:16,463][com.java.SeleniumDriver] [  906] -  RESULT true
[INFO ][2016-01-07 15:55:16,463][com.java.SeleniumDriver] [ 1112] - ?   P A S S   ?
[INFO ][2016-01-07 15:55:16,464][com.java.SeleniumDriver] [  832] - ------------------------------------------
[INFO ][2016-01-07 15:55:16,464][com.java.SeleniumDriver] [  833] - Test case being Executed: 2
[INFO ][2016-01-07 15:55:16,464][com.java.SeleniumDriver] [  845] - Test step:64
[INFO ][2016-01-07 15:55:16,464][com.java.SeleniumDriver] [  857] - Datavalue is----------HMVLogin_username
[INFO ][2016-01-07 15:55:16,464][com.java.SeleniumDriver] [  881] - DataField : TXTusername
[INFO ][2016-01-07 15:55:16,464][com.java.SeleniumDriver] [  883] - DataValue : HMVLogin_username
[INFO ][2016-01-07 15:55:16,464][com.java.SeleniumDriver] [  889] - <In Set values of the page>
[INFO ][2016-01-07 15:55:16,464][com.java.SeleniumDriver] [  892] - {Data Fields & Data Values Exist}
[INFO ][2016-01-07 15:55:16,464][com.java.SeleniumDriver] [  894] - --------------------------setting values-----------------------------
[INFO ][2016-01-07 15:55:16,464][com.java.SeleniumDriver] [  897] - Action Type : CLEARANDENTER
[INFO ][2016-01-07 15:55:16,464][com.java.TestType] [ 5895] - value = vltest.robot84589.15310
[INFO ][2016-01-07 15:55:21,196][com.java.SeleniumDriver] [  906] -  RESULT true
[INFO ][2016-01-07 15:55:21,196][com.java.SeleniumDriver] [ 1112] - ?   P A S S   ?
[INFO ][2016-01-07 15:55:21,197][com.java.SeleniumDriver] [  832] - ------------------------------------------
[INFO ][2016-01-07 15:55:21,197][com.java.SeleniumDriver] [  833] - Test case being Executed: 2
[INFO ][2016-01-07 15:55:21,197][com.java.SeleniumDriver] [  845] - Test step:65
[INFO ][2016-01-07 15:55:21,197][com.java.SeleniumDriver] [  857] - Datavalue is----------dt:ResetNewPswd
[INFO ][2016-01-07 15:55:21,197][com.java.SeleniumDriver] [  881] - DataField : TXTpassword
[INFO ][2016-01-07 15:55:21,197][com.java.SeleniumDriver] [  883] - DataValue : dt:ResetNewPswd
[INFO ][2016-01-07 15:55:21,197][com.java.SeleniumDriver] [  889] - <In Set values of the page>
[INFO ][2016-01-07 15:55:21,197][com.java.SeleniumDriver] [  892] - {Data Fields & Data Values Exist}
[INFO ][2016-01-07 15:55:21,197][com.java.SeleniumDriver] [  894] - --------------------------setting values-----------------------------
[INFO ][2016-01-07 15:55:21,197][com.java.SeleniumDriver] [  897] - Action Type : CLEARANDENTER
[INFO ][2016-01-07 15:55:21,197][com.java.TestType] [ 5895] - value = Password#1
[INFO ][2016-01-07 15:55:26,050][com.java.SeleniumDriver] [  906] -  RESULT true
[INFO ][2016-01-07 15:55:26,050][com.java.SeleniumDriver] [ 1112] - ?   P A S S   ?
[INFO ][2016-01-07 15:55:26,051][com.java.SeleniumDriver] [  832] - ------------------------------------------
[INFO ][2016-01-07 15:55:26,051][com.java.SeleniumDriver] [  833] - Test case being Executed: 2
[INFO ][2016-01-07 15:55:26,051][com.java.SeleniumDriver] [  845] - Test step:66
[INFO ][2016-01-07 15:55:26,051][com.java.SeleniumDriver] [  857] - Datavalue is----------null
[DEBUG][2016-01-07 15:55:26,051][com.java.SeleniumDriver] [  875] - Exception: null
[INFO ][2016-01-07 15:55:26,051][com.java.SeleniumDriver] [  881] - DataField : XPH//button[@type='submit']
[INFO ][2016-01-07 15:55:26,051][com.java.SeleniumDriver] [  883] - DataValue : 
[INFO ][2016-01-07 15:55:26,051][com.java.SeleniumDriver] [  889] - <In Set values of the page>
[INFO ][2016-01-07 15:55:26,051][com.java.SeleniumDriver] [  892] - {Data Fields & Data Values Exist}
[INFO ][2016-01-07 15:55:26,051][com.java.SeleniumDriver] [  894] - --------------------------setting values-----------------------------
[INFO ][2016-01-07 15:55:26,051][com.java.SeleniumDriver] [  897] - Action Type : Click
[INFO ][2016-01-07 15:55:26,051][com.java.TestType] [ 6274] - Field ::XPH//button[@type='submit']
[INFO ][2016-01-07 15:55:26,051][com.java.TestType] [ 5895] - value = 
[INFO ][2016-01-07 15:55:27,051][com.java.TestType] [ 6411] - BEFORE CLICK
[INFO ][2016-01-07 15:55:27,879][com.java.TestType] [ 6419] - Unable to click the object Login
[INFO ][2016-01-07 15:55:27,879][com.java.SeleniumDriver] [  906] -  RESULT true
[INFO ][2016-01-07 15:55:27,879][com.java.SeleniumDriver] [ 1112] - ?   P A S S   ?
[INFO ][2016-01-07 15:55:27,879][com.java.SeleniumDriver] [  832] - ------------------------------------------
[INFO ][2016-01-07 15:55:27,879][com.java.SeleniumDriver] [  833] - Test case being Executed: 2
[INFO ][2016-01-07 15:55:27,879][com.java.SeleniumDriver] [  845] - Test step:67
[INFO ][2016-01-07 15:55:27,879][com.java.SeleniumDriver] [  857] - Datavalue is----------20
[INFO ][2016-01-07 15:55:27,879][com.java.SeleniumDriver] [  881] - DataField : test
[INFO ][2016-01-07 15:55:27,879][com.java.SeleniumDriver] [  883] - DataValue : 20
[INFO ][2016-01-07 15:55:27,879][com.java.SeleniumDriver] [  889] - <In Set values of the page>
[INFO ][2016-01-07 15:55:27,879][com.java.SeleniumDriver] [  892] - {Data Fields & Data Values Exist}
[INFO ][2016-01-07 15:55:27,879][com.java.SeleniumDriver] [  894] - --------------------------setting values-----------------------------
[INFO ][2016-01-07 15:55:27,879][com.java.SeleniumDriver] [  897] - Action Type : WaitTime
[DEBUG][2016-01-07 15:55:27,880][com.java.TestType] [ 5715] - sleepTime: 20000
[INFO ][2016-01-07 15:55:47,881][com.java.SeleniumDriver] [  906] -  RESULT true
[INFO ][2016-01-07 15:55:47,881][com.java.SeleniumDriver] [ 1112] - ?   P A S S   ?
[INFO ][2016-01-07 15:55:47,881][com.java.SeleniumDriver] [  832] - ------------------------------------------
[INFO ][2016-01-07 15:55:47,881][com.java.SeleniumDriver] [  833] - Test case being Executed: 2
[INFO ][2016-01-07 15:55:47,881][com.java.SeleniumDriver] [  845] - Test step:68
[INFO ][2016-01-07 15:55:47,881][com.java.SeleniumDriver] [  857] - Datavalue is----------Banker'sDashboard
[INFO ][2016-01-07 15:55:47,881][com.java.SeleniumDriver] [  881] - DataField : TTL
[INFO ][2016-01-07 15:55:47,881][com.java.SeleniumDriver] [  883] - DataValue : Banker'sDashboard
[INFO ][2016-01-07 15:55:47,881][com.java.SeleniumDriver] [  889] - <In Set values of the page>
[INFO ][2016-01-07 15:55:47,881][com.java.SeleniumDriver] [  892] - {Data Fields & Data Values Exist}
[INFO ][2016-01-07 15:55:47,881][com.java.SeleniumDriver] [  894] - --------------------------setting values-----------------------------
[INFO ][2016-01-07 15:55:47,882][com.java.SeleniumDriver] [  897] - Action Type : SelectWindow
[INFO ][2016-01-07 15:56:00,487][com.java.SeleniumDriver] [  906] -  RESULT true
[INFO ][2016-01-07 15:56:00,487][com.java.SeleniumDriver] [ 1112] - ?   P A S S   ?
[INFO ][2016-01-07 15:56:00,487][com.java.SeleniumDriver] [  832] - ------------------------------------------
[INFO ][2016-01-07 15:56:00,487][com.java.SeleniumDriver] [  833] - Test case being Executed: 2
[INFO ][2016-01-07 15:56:00,487][com.java.SeleniumDriver] [  845] - Test step:69
[INFO ][2016-01-07 15:56:00,487][com.java.SeleniumDriver] [  857] - Datavalue is----------10
[INFO ][2016-01-07 15:56:00,487][com.java.SeleniumDriver] [  881] - DataField : XPH//div[contains(text(), 'My Dashboard')]
[INFO ][2016-01-07 15:56:00,487][com.java.SeleniumDriver] [  883] - DataValue : 10
[INFO ][2016-01-07 15:56:00,487][com.java.SeleniumDriver] [  889] - <In Set values of the page>
[INFO ][2016-01-07 15:56:00,487][com.java.SeleniumDriver] [  892] - {Data Fields & Data Values Exist}
[INFO ][2016-01-07 15:56:00,487][com.java.SeleniumDriver] [  894] - --------------------------setting values-----------------------------
[INFO ][2016-01-07 15:56:00,488][com.java.SeleniumDriver] [  897] - Action Type : WAITFORELEMENT
