[INFO ][2015-12-18 14:13:47,750][com.java.SeleniumDriver] [  213] - Execute Failed Casesfalse
[INFO ][2015-12-18 14:13:47,750][com.java.SeleniumDriver] [  214] - Browser: IE10
[INFO ][2015-12-18 14:13:47,750][com.java.SeleniumDriver] [  215] - [1, 7, 8, 9, 10, 11, 12, 13, 14]
[INFO ][2015-12-18 14:13:47,750][com.java.SeleniumDriver] [  216] - Total TestCases:9
[INFO ][2015-12-18 14:13:47,750][com.java.SeleniumDriver] [  217] -  Reading Properties from Property File 
[DEBUG][2015-12-18 14:13:47,750][com.java.SeleniumDriver] [  238] - url : https://clients-xuat.bankersdashboard.com
[INFO ][2015-12-18 14:13:47,766][com.java.ImportnExport.ExportTestResultsExcel] [  116] - Time Stamp Fri Dec 18 02:13:47 IST 2015
[INFO ][2015-12-18 14:13:47,766][com.java.ImportnExport.ExportTestResultsExcel] [  175] - OUT FILE : D:\BankersDashboard/TestReports/Test Results_BankersDashBoard_121815_141347_IE10_Simmons First National Bank.xls
[INFO ][2015-12-18 14:13:47,781][com.java.ImportnExport.ExportTestResultsExcel] [  180] - Test Result file is created
[DEBUG][2015-12-18 14:13:47,892][com.java.SeleniumDriver] [  426] - Hub ip address is-------172.17.68.34
[INFO ][2015-12-18 14:13:47,892][com.java.SeleniumDriver] [  452] - Grid URL:http://172.17.68.34:4444/wd/hub
[INFO ][2015-12-18 14:13:47,892][com.java.SeleniumDriver] [  453] - Capability:Capabilities [{platform=ANY, ensureCleanSession=true, ignoreProtectedModeSettings=true, acceptSslCerts=true, ignoreZoomSetting=true, browserName=internet explorer, browserstack.ie.noFlash=true, version=null}]
[ERROR][2015-12-18 14:13:49,218][com.java.SeleniumDriver] [  497] - Unable invoke browser in grid:Could not start a new session. Possible causes are invalid address of the remote server or browser start-up failure.
Build info: version: '2.48.2', revision: '41bccdd', time: '2015-10-09 19:59:12'
System info: host: 'FVTIII438F1D', ip: '172.17.68.34', os.name: 'Windows 7', os.arch: 'x86', os.version: '6.1', java.version: '1.7.0_55'
Driver info: driver.version: SeleniumDriver
[INFO ][2015-12-18 14:13:49,218][com.java.SeleniumDriver] [  499] - Executing on local machine
[INFO ][2015-12-18 14:14:02,156][com.java.SeleniumDriver] [  248] - IE10is opened
[INFO ][2015-12-18 14:14:03,036][com.java.SeleniumDriver] [  754] - Test cases to be executed are: [1, 7, 8, 9, 10, 11, 12, 13, 14]
[INFO ][2015-12-18 14:14:03,037][com.java.ImportnExport.ImportTestDataDetailsExcel] [   49] - test data details path===== D:\BankersDashboard\TestInputs\TestData.xls
[INFO ][2015-12-18 14:14:03,140][com.java.SeleniumDriver] [  821] - ------------------------------------------
[INFO ][2015-12-18 14:14:03,140][com.java.SeleniumDriver] [  822] - Test case being Executed: 1
[INFO ][2015-12-18 14:14:03,140][com.java.SeleniumDriver] [  833] - Test step:1
[INFO ][2015-12-18 14:14:03,140][com.java.SeleniumDriver] [  845] - Datavalue is----------Concept#1:1-16
[INFO ][2015-12-18 14:14:03,140][com.java.SeleniumDriver] [  869] - DataField : test
[INFO ][2015-12-18 14:14:03,140][com.java.SeleniumDriver] [  871] - DataValue : Concept#1:1-16
[INFO ][2015-12-18 14:14:03,140][com.java.SeleniumDriver] [  877] - <In Set values of the page>
[INFO ][2015-12-18 14:14:03,140][com.java.SeleniumDriver] [  880] - {Data Fields & Data Values Exist}
[INFO ][2015-12-18 14:14:03,140][com.java.SeleniumDriver] [  882] - --------------------------setting values-----------------------------
[INFO ][2015-12-18 14:14:03,140][com.java.SeleniumDriver] [  885] - Action Type : ExecuteTestCase
[INFO ][2015-12-18 14:14:03,156][com.java.TestType] [  437] - The Concept sheet name is ---------- Concept
[INFO ][2015-12-18 14:14:03,156][com.java.TestType] [  440] - The Concept ID  is ---------- 1
[DEBUG][2015-12-18 14:14:03,156][com.java.TestType] [  444] - Steps being executted in the Concept are: 1:16
[INFO ][2015-12-18 14:14:03,156][com.java.TestType] [  451] - Test data details path ---------- D:\BankersDashboard\TestInputs\TestData.xls
[INFO ][2015-12-18 14:14:03,187][com.java.TestType] [  482] -  str(1) = 1
[INFO ][2015-12-18 14:14:03,187][com.java.TestType] [  485] - Test case Id is---1
[INFO ][2015-12-18 14:14:03,187][com.java.TestType] [  487] - 1
[INFO ][2015-12-18 14:14:03,187][com.java.TestType] [  482] -  str(2) = 1
[INFO ][2015-12-18 14:14:03,202][com.java.TestType] [  534] - row values are--------{1=com.java.Objects.TestDataDetails@154cbdf}
[INFO ][2015-12-18 14:14:03,202][com.java.TestType] [  482] -  str(1) = 1
[INFO ][2015-12-18 14:14:03,202][com.java.TestType] [  485] - Test case Id is---1
[INFO ][2015-12-18 14:14:03,202][com.java.TestType] [  487] - 1
[INFO ][2015-12-18 14:14:03,202][com.java.TestType] [  482] -  str(2) = 2
[INFO ][2015-12-18 14:14:03,202][com.java.TestType] [  534] - row values are--------{1=com.java.Objects.TestDataDetails@154cbdf, 2=com.java.Objects.TestDataDetails@165397}
[INFO ][2015-12-18 14:14:03,202][com.java.TestType] [  482] -  str(1) = 1
[INFO ][2015-12-18 14:14:03,202][com.java.TestType] [  485] - Test case Id is---1
[INFO ][2015-12-18 14:14:03,202][com.java.TestType] [  487] - 1
[INFO ][2015-12-18 14:14:03,202][com.java.TestType] [  482] -  str(2) = 3
[INFO ][2015-12-18 14:14:03,202][com.java.TestType] [  534] - row values are--------{1=com.java.Objects.TestDataDetails@154cbdf, 2=com.java.Objects.TestDataDetails@165397, 3=com.java.Objects.TestDataDetails@1036271}
[INFO ][2015-12-18 14:14:03,202][com.java.TestType] [  482] -  str(1) = 1
[INFO ][2015-12-18 14:14:03,202][com.java.TestType] [  485] - Test case Id is---1
[INFO ][2015-12-18 14:14:03,202][com.java.TestType] [  487] - 1
[INFO ][2015-12-18 14:14:03,202][com.java.TestType] [  482] -  str(2) = 4
[INFO ][2015-12-18 14:14:03,202][com.java.TestType] [  534] - row values are--------{1=com.java.Objects.TestDataDetails@154cbdf, 2=com.java.Objects.TestDataDetails@165397, 3=com.java.Objects.TestDataDetails@1036271, 4=com.java.Objects.TestDataDetails@dc3671}
[INFO ][2015-12-18 14:14:03,202][com.java.TestType] [  482] -  str(1) = 1
[INFO ][2015-12-18 14:14:03,202][com.java.TestType] [  485] - Test case Id is---1
[INFO ][2015-12-18 14:14:03,202][com.java.TestType] [  487] - 1
[INFO ][2015-12-18 14:14:03,202][com.java.TestType] [  482] -  str(2) = 5
[INFO ][2015-12-18 14:14:03,202][com.java.TestType] [  534] - row values are--------{1=com.java.Objects.TestDataDetails@154cbdf, 2=com.java.Objects.TestDataDetails@165397, 3=com.java.Objects.TestDataDetails@1036271, 4=com.java.Objects.TestDataDetails@dc3671, 5=com.java.Objects.TestDataDetails@1247d84}
[INFO ][2015-12-18 14:14:03,202][com.java.TestType] [  482] -  str(1) = 1
[INFO ][2015-12-18 14:14:03,202][com.java.TestType] [  485] - Test case Id is---1
[INFO ][2015-12-18 14:14:03,202][com.java.TestType] [  487] - 1
[INFO ][2015-12-18 14:14:03,202][com.java.TestType] [  482] -  str(2) = 6
[INFO ][2015-12-18 14:14:03,202][com.java.TestType] [  534] - row values are--------{1=com.java.Objects.TestDataDetails@154cbdf, 2=com.java.Objects.TestDataDetails@165397, 3=com.java.Objects.TestDataDetails@1036271, 4=com.java.Objects.TestDataDetails@dc3671, 5=com.java.Objects.TestDataDetails@1247d84, 6=com.java.Objects.TestDataDetails@715413}
[INFO ][2015-12-18 14:14:03,202][com.java.TestType] [  482] -  str(1) = 1
[INFO ][2015-12-18 14:14:03,202][com.java.TestType] [  485] - Test case Id is---1
[INFO ][2015-12-18 14:14:03,202][com.java.TestType] [  487] - 1
[INFO ][2015-12-18 14:14:03,202][com.java.TestType] [  482] -  str(2) = 7
[INFO ][2015-12-18 14:14:03,202][com.java.TestType] [  534] - row values are--------{1=com.java.Objects.TestDataDetails@154cbdf, 2=com.java.Objects.TestDataDetails@165397, 3=com.java.Objects.TestDataDetails@1036271, 4=com.java.Objects.TestDataDetails@dc3671, 5=com.java.Objects.TestDataDetails@1247d84, 6=com.java.Objects.TestDataDetails@715413, 7=com.java.Objects.TestDataDetails@17869d9}
[INFO ][2015-12-18 14:14:03,202][com.java.TestType] [  482] -  str(1) = 1
[INFO ][2015-12-18 14:14:03,202][com.java.TestType] [  485] - Test case Id is---1
[INFO ][2015-12-18 14:14:03,202][com.java.TestType] [  487] - 1
[INFO ][2015-12-18 14:14:03,202][com.java.TestType] [  482] -  str(2) = 8
[INFO ][2015-12-18 14:14:03,202][com.java.TestType] [  534] - row values are--------{1=com.java.Objects.TestDataDetails@154cbdf, 2=com.java.Objects.TestDataDetails@165397, 3=com.java.Objects.TestDataDetails@1036271, 4=com.java.Objects.TestDataDetails@dc3671, 5=com.java.Objects.TestDataDetails@1247d84, 6=com.java.Objects.TestDataDetails@715413, 7=com.java.Objects.TestDataDetails@17869d9, 8=com.java.Objects.TestDataDetails@1041d1d}
[INFO ][2015-12-18 14:14:03,202][com.java.TestType] [  482] -  str(1) = 1
[INFO ][2015-12-18 14:14:03,202][com.java.TestType] [  485] - Test case Id is---1
[INFO ][2015-12-18 14:14:03,202][com.java.TestType] [  487] - 1
[INFO ][2015-12-18 14:14:03,202][com.java.TestType] [  482] -  str(2) = 9
[INFO ][2015-12-18 14:14:03,218][com.java.TestType] [  534] - row values are--------{1=com.java.Objects.TestDataDetails@154cbdf, 2=com.java.Objects.TestDataDetails@165397, 3=com.java.Objects.TestDataDetails@1036271, 4=com.java.Objects.TestDataDetails@dc3671, 5=com.java.Objects.TestDataDetails@1247d84, 6=com.java.Objects.TestDataDetails@715413, 7=com.java.Objects.TestDataDetails@17869d9, 8=com.java.Objects.TestDataDetails@1041d1d, 9=com.java.Objects.TestDataDetails@1ea1ba6}
[INFO ][2015-12-18 14:14:03,218][com.java.TestType] [  482] -  str(1) = 1
[INFO ][2015-12-18 14:14:03,218][com.java.TestType] [  485] - Test case Id is---1
[INFO ][2015-12-18 14:14:03,218][com.java.TestType] [  487] - 1
[INFO ][2015-12-18 14:14:03,218][com.java.TestType] [  482] -  str(2) = 10
[INFO ][2015-12-18 14:14:03,218][com.java.TestType] [  534] - row values are--------{1=com.java.Objects.TestDataDetails@154cbdf, 2=com.java.Objects.TestDataDetails@165397, 3=com.java.Objects.TestDataDetails@1036271, 4=com.java.Objects.TestDataDetails@dc3671, 5=com.java.Objects.TestDataDetails@1247d84, 6=com.java.Objects.TestDataDetails@715413, 7=com.java.Objects.TestDataDetails@17869d9, 8=com.java.Objects.TestDataDetails@1041d1d, 9=com.java.Objects.TestDataDetails@1ea1ba6, 10=com.java.Objects.TestDataDetails@62a130}
[INFO ][2015-12-18 14:14:03,218][com.java.TestType] [  482] -  str(1) = 1
[INFO ][2015-12-18 14:14:03,218][com.java.TestType] [  485] - Test case Id is---1
[INFO ][2015-12-18 14:14:03,218][com.java.TestType] [  487] - 1
[INFO ][2015-12-18 14:14:03,218][com.java.TestType] [  482] -  str(2) = 11
[INFO ][2015-12-18 14:14:03,218][com.java.TestType] [  534] - row values are--------{1=com.java.Objects.TestDataDetails@154cbdf, 2=com.java.Objects.TestDataDetails@165397, 3=com.java.Objects.TestDataDetails@1036271, 4=com.java.Objects.TestDataDetails@dc3671, 5=com.java.Objects.TestDataDetails@1247d84, 6=com.java.Objects.TestDataDetails@715413, 7=com.java.Objects.TestDataDetails@17869d9, 8=com.java.Objects.TestDataDetails@1041d1d, 9=com.java.Objects.TestDataDetails@1ea1ba6, 10=com.java.Objects.TestDataDetails@62a130, 11=com.java.Objects.TestDataDetails@1775cce}
[INFO ][2015-12-18 14:14:03,218][com.java.TestType] [  482] -  str(1) = 1
[INFO ][2015-12-18 14:14:03,218][com.java.TestType] [  485] - Test case Id is---1
[INFO ][2015-12-18 14:14:03,218][com.java.TestType] [  487] - 1
[INFO ][2015-12-18 14:14:03,218][com.java.TestType] [  482] -  str(2) = 12
[INFO ][2015-12-18 14:14:03,218][com.java.TestType] [  534] - row values are--------{1=com.java.Objects.TestDataDetails@154cbdf, 2=com.java.Objects.TestDataDetails@165397, 3=com.java.Objects.TestDataDetails@1036271, 4=com.java.Objects.TestDataDetails@dc3671, 5=com.java.Objects.TestDataDetails@1247d84, 6=com.java.Objects.TestDataDetails@715413, 7=com.java.Objects.TestDataDetails@17869d9, 8=com.java.Objects.TestDataDetails@1041d1d, 9=com.java.Objects.TestDataDetails@1ea1ba6, 10=com.java.Objects.TestDataDetails@62a130, 11=com.java.Objects.TestDataDetails@1775cce, 12=com.java.Objects.TestDataDetails@1537843}
[INFO ][2015-12-18 14:14:03,218][com.java.TestType] [  482] -  str(1) = 1
[INFO ][2015-12-18 14:14:03,218][com.java.TestType] [  485] - Test case Id is---1
[INFO ][2015-12-18 14:14:03,218][com.java.TestType] [  487] - 1
[INFO ][2015-12-18 14:14:03,218][com.java.TestType] [  482] -  str(2) = 13
[INFO ][2015-12-18 14:14:03,218][com.java.TestType] [  534] - row values are--------{1=com.java.Objects.TestDataDetails@154cbdf, 2=com.java.Objects.TestDataDetails@165397, 3=com.java.Objects.TestDataDetails@1036271, 4=com.java.Objects.TestDataDetails@dc3671, 5=com.java.Objects.TestDataDetails@1247d84, 6=com.java.Objects.TestDataDetails@715413, 7=com.java.Objects.TestDataDetails@17869d9, 8=com.java.Objects.TestDataDetails@1041d1d, 9=com.java.Objects.TestDataDetails@1ea1ba6, 10=com.java.Objects.TestDataDetails@62a130, 11=com.java.Objects.TestDataDetails@1775cce, 12=com.java.Objects.TestDataDetails@1537843, 13=com.java.Objects.TestDataDetails@de1fb5}
[INFO ][2015-12-18 14:14:03,218][com.java.TestType] [  482] -  str(1) = 1
[INFO ][2015-12-18 14:14:03,218][com.java.TestType] [  485] - Test case Id is---1
[INFO ][2015-12-18 14:14:03,218][com.java.TestType] [  487] - 1
[INFO ][2015-12-18 14:14:03,218][com.java.TestType] [  482] -  str(2) = 14
[INFO ][2015-12-18 14:14:03,218][com.java.TestType] [  534] - row values are--------{1=com.java.Objects.TestDataDetails@154cbdf, 2=com.java.Objects.TestDataDetails@165397, 3=com.java.Objects.TestDataDetails@1036271, 4=com.java.Objects.TestDataDetails@dc3671, 5=com.java.Objects.TestDataDetails@1247d84, 6=com.java.Objects.TestDataDetails@715413, 7=com.java.Objects.TestDataDetails@17869d9, 8=com.java.Objects.TestDataDetails@1041d1d, 9=com.java.Objects.TestDataDetails@1ea1ba6, 10=com.java.Objects.TestDataDetails@62a130, 11=com.java.Objects.TestDataDetails@1775cce, 12=com.java.Objects.TestDataDetails@1537843, 13=com.java.Objects.TestDataDetails@de1fb5, 14=com.java.Objects.TestDataDetails@c1609b}
[INFO ][2015-12-18 14:14:03,218][com.java.TestType] [  482] -  str(1) = 1
[INFO ][2015-12-18 14:14:03,218][com.java.TestType] [  485] - Test case Id is---1
[INFO ][2015-12-18 14:14:03,218][com.java.TestType] [  487] - 1
[INFO ][2015-12-18 14:14:03,218][com.java.TestType] [  482] -  str(2) = 15
[INFO ][2015-12-18 14:14:03,218][com.java.TestType] [  534] - row values are--------{1=com.java.Objects.TestDataDetails@154cbdf, 2=com.java.Objects.TestDataDetails@165397, 3=com.java.Objects.TestDataDetails@1036271, 4=com.java.Objects.TestDataDetails@dc3671, 5=com.java.Objects.TestDataDetails@1247d84, 6=com.java.Objects.TestDataDetails@715413, 7=com.java.Objects.TestDataDetails@17869d9, 8=com.java.Objects.TestDataDetails@1041d1d, 9=com.java.Objects.TestDataDetails@1ea1ba6, 10=com.java.Objects.TestDataDetails@62a130, 11=com.java.Objects.TestDataDetails@1775cce, 12=com.java.Objects.TestDataDetails@1537843, 13=com.java.Objects.TestDataDetails@de1fb5, 14=com.java.Objects.TestDataDetails@c1609b, 15=com.java.Objects.TestDataDetails@95a0b2}
[INFO ][2015-12-18 14:14:03,218][com.java.TestType] [  482] -  str(1) = 1
[INFO ][2015-12-18 14:14:03,218][com.java.TestType] [  485] - Test case Id is---1
[INFO ][2015-12-18 14:14:03,218][com.java.TestType] [  487] - 1
[INFO ][2015-12-18 14:14:03,218][com.java.TestType] [  482] -  str(2) = 16
[INFO ][2015-12-18 14:14:03,218][com.java.TestType] [  534] - row values are--------{1=com.java.Objects.TestDataDetails@154cbdf, 2=com.java.Objects.TestDataDetails@165397, 3=com.java.Objects.TestDataDetails@1036271, 4=com.java.Objects.TestDataDetails@dc3671, 5=com.java.Objects.TestDataDetails@1247d84, 6=com.java.Objects.TestDataDetails@715413, 7=com.java.Objects.TestDataDetails@17869d9, 8=com.java.Objects.TestDataDetails@1041d1d, 9=com.java.Objects.TestDataDetails@1ea1ba6, 10=com.java.Objects.TestDataDetails@62a130, 11=com.java.Objects.TestDataDetails@1775cce, 12=com.java.Objects.TestDataDetails@1537843, 13=com.java.Objects.TestDataDetails@de1fb5, 14=com.java.Objects.TestDataDetails@c1609b, 15=com.java.Objects.TestDataDetails@95a0b2, 16=com.java.Objects.TestDataDetails@1fad8fe}
[INFO ][2015-12-18 14:14:03,218][com.java.TestType] [10143] - Looping 1TCID = 1
[DEBUG][2015-12-18 14:14:03,218][com.java.TestType] [10184] - Concept ID:1 :: Step being Executed: 1::1
[INFO ][2015-12-18 14:14:03,218][com.java.TestType] [10222] - dataFields : TXTusername
[DEBUG][2015-12-18 14:14:03,218][com.java.TestType] [10228] - <In Set values of the page>
[DEBUG][2015-12-18 14:14:03,218][com.java.TestType] [10233] - {Data Fields & Data Values Exist}
[INFO ][2015-12-18 14:14:03,218][com.java.TestType] [10239] - --------------------------setting values-----------------------------
[INFO ][2015-12-18 14:14:03,218][com.java.TestType] [10242] - Action Type : CLEARANDENTER
[INFO ][2015-12-18 14:14:03,218][com.java.TestType] [ 5513] - value = valuelabs.ie10.03890
[INFO ][2015-12-18 14:14:08,292][com.java.TestType] [10261] -  RESULT true
[INFO ][2015-12-18 14:14:08,292][com.java.TestType] [10378] - ?   P A S S   ?
[DEBUG][2015-12-18 14:14:08,292][com.java.TestType] [10184] - Concept ID:1 :: Step being Executed: 1::2
[INFO ][2015-12-18 14:14:08,292][com.java.TestType] [10222] - dataFields : TXTpassword
[DEBUG][2015-12-18 14:14:08,292][com.java.TestType] [10228] - <In Set values of the page>
[DEBUG][2015-12-18 14:14:08,292][com.java.TestType] [10233] - {Data Fields & Data Values Exist}
[INFO ][2015-12-18 14:14:08,292][com.java.TestType] [10239] - --------------------------setting values-----------------------------
[INFO ][2015-12-18 14:14:08,292][com.java.TestType] [10242] - Action Type : CLEARANDENTER
[INFO ][2015-12-18 14:14:08,292][com.java.TestType] [ 5513] - value = Password1*
[INFO ][2015-12-18 14:14:13,492][com.java.TestType] [10261] -  RESULT true
[INFO ][2015-12-18 14:14:13,492][com.java.TestType] [10378] - ?   P A S S   ?
[DEBUG][2015-12-18 14:14:13,492][com.java.TestType] [10184] - Concept ID:1 :: Step being Executed: 1::3
[ERROR][2015-12-18 14:14:13,492][com.java.TestType] [10217] - Exception: null
[INFO ][2015-12-18 14:14:13,492][com.java.TestType] [10222] - dataFields : XPH//button[@type='submit']
[DEBUG][2015-12-18 14:14:13,492][com.java.TestType] [10228] - <In Set values of the page>
[DEBUG][2015-12-18 14:14:13,492][com.java.TestType] [10233] - {Data Fields & Data Values Exist}
[INFO ][2015-12-18 14:14:13,492][com.java.TestType] [10239] - --------------------------setting values-----------------------------
[INFO ][2015-12-18 14:14:13,492][com.java.TestType] [10242] - Action Type : Click
[INFO ][2015-12-18 14:14:13,492][com.java.TestType] [ 5886] - Field ::XPH//button[@type='submit']
[INFO ][2015-12-18 14:14:13,492][com.java.TestType] [ 5513] - value = 
[INFO ][2015-12-18 14:14:14,506][com.java.TestType] [ 6023] - BEFORE CLICK
[INFO ][2015-12-18 14:14:18,183][com.java.TestType] [ 6031] - Unable to click the object Login
[INFO ][2015-12-18 14:14:18,183][com.java.TestType] [10261] -  RESULT true
[INFO ][2015-12-18 14:14:18,183][com.java.TestType] [10378] - ?   P A S S   ?
[DEBUG][2015-12-18 14:14:18,183][com.java.TestType] [10184] - Concept ID:1 :: Step being Executed: 1::4
[INFO ][2015-12-18 14:14:18,183][com.java.TestType] [10222] - dataFields : LNKLogout
[DEBUG][2015-12-18 14:14:18,183][com.java.TestType] [10228] - <In Set values of the page>
[DEBUG][2015-12-18 14:14:18,183][com.java.TestType] [10233] - {Data Fields & Data Values Exist}
[INFO ][2015-12-18 14:14:18,183][com.java.TestType] [10239] - --------------------------setting values-----------------------------
[INFO ][2015-12-18 14:14:18,183][com.java.TestType] [10242] - Action Type : WaitForElement
[INFO ][2015-12-18 14:14:18,372][com.java.TestType] [10261] -  RESULT true
[INFO ][2015-12-18 14:14:18,372][com.java.TestType] [10378] - ?   P A S S   ?
[DEBUG][2015-12-18 14:14:18,372][com.java.TestType] [10184] - Concept ID:1 :: Step being Executed: 1::15
[INFO ][2015-12-18 14:14:18,372][com.java.TestType] [10222] - dataFields : LNK
[DEBUG][2015-12-18 14:14:18,372][com.java.TestType] [10228] - <In Set values of the page>
[DEBUG][2015-12-18 14:14:18,372][com.java.TestType] [10233] - {Data Fields & Data Values Exist}
[INFO ][2015-12-18 14:14:18,372][com.java.TestType] [10239] - --------------------------setting values-----------------------------
[INFO ][2015-12-18 14:14:18,372][com.java.TestType] [10242] - Action Type : Verify
[INFO ][2015-12-18 14:14:18,372][com.java.TestType] [ 6829] - field= LNK value= Logout
[INFO ][2015-12-18 14:14:18,372][com.java.TestType] [ 5513] - value = Logout
[INFO ][2015-12-18 14:14:18,403][com.java.TestType] [10261] -  RESULT true
[INFO ][2015-12-18 14:14:18,403][com.java.TestType] [10378] - ?   P A S S   ?
[DEBUG][2015-12-18 14:14:18,403][com.java.TestType] [10184] - Concept ID:1 :: Step being Executed: 1::16
[INFO ][2015-12-18 14:14:18,403][com.java.TestType] [10222] - dataFields : BTN
[DEBUG][2015-12-18 14:14:18,403][com.java.TestType] [10228] - <In Set values of the page>
[DEBUG][2015-12-18 14:14:18,403][com.java.TestType] [10233] - {Data Fields & Data Values Exist}
[INFO ][2015-12-18 14:14:18,403][com.java.TestType] [10239] - --------------------------setting values-----------------------------
[INFO ][2015-12-18 14:14:18,403][com.java.TestType] [10242] - Action Type : Verify
[INFO ][2015-12-18 14:14:18,403][com.java.TestType] [ 6829] - field= BTN value= //img[contains(@src,'bdlogo.jpg')]
[INFO ][2015-12-18 14:14:18,403][com.java.TestType] [ 5513] - value = //img[contains(@src,'bdlogo.jpg')]
[INFO ][2015-12-18 14:14:18,466][com.java.TestType] [10261] -  RESULT true
[INFO ][2015-12-18 14:14:18,466][com.java.TestType] [10378] - ?   P A S S   ?
[INFO ][2015-12-18 14:14:18,466][com.java.TestType] [10449] - Looping End......
[INFO ][2015-12-18 14:14:18,466][com.java.SeleniumDriver] [  894] -  RESULT true
[INFO ][2015-12-18 14:14:18,466][com.java.SeleniumDriver] [ 1100] - ?   P A S S   ?
[INFO ][2015-12-18 14:14:18,466][com.java.SeleniumDriver] [  821] - ------------------------------------------
[INFO ][2015-12-18 14:14:18,466][com.java.SeleniumDriver] [  822] - Test case being Executed: 1
[INFO ][2015-12-18 14:14:18,466][com.java.SeleniumDriver] [  833] - Test step:2
[INFO ][2015-12-18 14:14:18,466][com.java.SeleniumDriver] [  845] - Datavalue is----------Concept#2:1-2
[INFO ][2015-12-18 14:14:18,466][com.java.SeleniumDriver] [  869] - DataField : test
[INFO ][2015-12-18 14:14:18,466][com.java.SeleniumDriver] [  871] - DataValue : Concept#2:1-2
[INFO ][2015-12-18 14:14:18,466][com.java.SeleniumDriver] [  877] - <In Set values of the page>
[INFO ][2015-12-18 14:14:18,466][com.java.SeleniumDriver] [  880] - {Data Fields & Data Values Exist}
[INFO ][2015-12-18 14:14:18,466][com.java.SeleniumDriver] [  882] - --------------------------setting values-----------------------------
[INFO ][2015-12-18 14:14:18,466][com.java.SeleniumDriver] [  885] - Action Type : ExecuteTestCase
[INFO ][2015-12-18 14:14:18,466][com.java.TestType] [  437] - The Concept sheet name is ---------- Concept
[INFO ][2015-12-18 14:14:18,466][com.java.TestType] [  440] - The Concept ID  is ---------- 2
[DEBUG][2015-12-18 14:14:18,466][com.java.TestType] [  444] - Steps being executted in the Concept are: 1:2
[INFO ][2015-12-18 14:14:18,466][com.java.TestType] [  451] - Test data details path ---------- D:\BankersDashboard\TestInputs\TestData.xls
[INFO ][2015-12-18 14:14:18,497][com.java.TestType] [  482] -  str(1) = 2
[INFO ][2015-12-18 14:14:18,497][com.java.TestType] [  485] - Test case Id is---2
[INFO ][2015-12-18 14:14:18,497][com.java.TestType] [  487] - 2
[INFO ][2015-12-18 14:14:18,497][com.java.TestType] [  482] -  str(2) = 1
[INFO ][2015-12-18 14:14:18,497][com.java.TestType] [  534] - row values are--------{1=com.java.Objects.TestDataDetails@fae153}
[INFO ][2015-12-18 14:14:18,497][com.java.TestType] [  482] -  str(1) = 2
[INFO ][2015-12-18 14:14:18,497][com.java.TestType] [  485] - Test case Id is---2
[INFO ][2015-12-18 14:14:18,497][com.java.TestType] [  487] - 2
[INFO ][2015-12-18 14:14:18,497][com.java.TestType] [  482] -  str(2) = 2
[INFO ][2015-12-18 14:14:18,497][com.java.TestType] [  534] - row values are--------{1=com.java.Objects.TestDataDetails@fae153, 2=com.java.Objects.TestDataDetails@aa4a14}
[INFO ][2015-12-18 14:14:18,497][com.java.TestType] [  482] -  str(1) = 2
[INFO ][2015-12-18 14:14:18,497][com.java.TestType] [  485] - Test case Id is---2
[INFO ][2015-12-18 14:14:18,497][com.java.TestType] [  487] - 2
[INFO ][2015-12-18 14:14:18,497][com.java.TestType] [  482] -  str(2) = 3
[INFO ][2015-12-18 14:14:18,497][com.java.TestType] [  534] - row values are--------{1=com.java.Objects.TestDataDetails@fae153, 2=com.java.Objects.TestDataDetails@aa4a14, 3=com.java.Objects.TestDataDetails@fb4226}
[INFO ][2015-12-18 14:14:18,497][com.java.TestType] [10143] - Looping 1TCID = 2
[DEBUG][2015-12-18 14:14:18,497][com.java.TestType] [10184] - Concept ID:2 :: Step being Executed: 2::1
[INFO ][2015-12-18 14:14:18,497][com.java.TestType] [10222] - dataFields : BNK//select[@id='bank']
[DEBUG][2015-12-18 14:14:18,497][com.java.TestType] [10228] - <In Set values of the page>
[DEBUG][2015-12-18 14:14:18,497][com.java.TestType] [10233] - {Data Fields & Data Values Exist}
[INFO ][2015-12-18 14:14:18,497][com.java.TestType] [10239] - --------------------------setting values-----------------------------
[INFO ][2015-12-18 14:14:18,497][com.java.TestType] [10242] - Action Type : Select
[INFO ][2015-12-18 14:14:18,497][com.java.TestType] [ 5513] - value = PFC
[INFO ][2015-12-18 14:14:18,700][com.java.TestType] [10261] -  RESULT true
[INFO ][2015-12-18 14:14:18,700][com.java.TestType] [10378] - ?   P A S S   ?
[DEBUG][2015-12-18 14:14:18,700][com.java.TestType] [10184] - Concept ID:2 :: Step being Executed: 2::2
[INFO ][2015-12-18 14:14:18,700][com.java.TestType] [10222] - dataFields : LNKLogout
[DEBUG][2015-12-18 14:14:18,700][com.java.TestType] [10228] - <In Set values of the page>
[DEBUG][2015-12-18 14:14:18,700][com.java.TestType] [10233] - {Data Fields & Data Values Exist}
[INFO ][2015-12-18 14:14:18,700][com.java.TestType] [10239] - --------------------------setting values-----------------------------
[INFO ][2015-12-18 14:14:18,700][com.java.TestType] [10242] - Action Type : WaitTime
[DEBUG][2015-12-18 14:14:18,700][com.java.TestType] [ 5333] - sleepTime: 5000
[INFO ][2015-12-18 14:14:23,702][com.java.TestType] [10261] -  RESULT true
[INFO ][2015-12-18 14:14:23,702][com.java.TestType] [10378] - ?   P A S S   ?
[INFO ][2015-12-18 14:14:23,702][com.java.TestType] [10449] - Looping End......
[INFO ][2015-12-18 14:14:23,702][com.java.SeleniumDriver] [  894] -  RESULT true
[INFO ][2015-12-18 14:14:23,702][com.java.SeleniumDriver] [ 1100] - ?   P A S S   ?
[INFO ][2015-12-18 14:14:23,702][com.java.SeleniumDriver] [  821] - ------------------------------------------
[INFO ][2015-12-18 14:14:23,702][com.java.SeleniumDriver] [  822] - Test case being Executed: 1
[INFO ][2015-12-18 14:14:23,702][com.java.SeleniumDriver] [  833] - Test step:3
[INFO ][2015-12-18 14:14:23,702][com.java.SeleniumDriver] [  845] - Datavalue is----------2
[INFO ][2015-12-18 14:14:23,702][com.java.SeleniumDriver] [  869] - DataField : XPH//button[contains(text(),'Add Content')]
[INFO ][2015-12-18 14:14:23,702][com.java.SeleniumDriver] [  871] - DataValue : 2
[INFO ][2015-12-18 14:14:23,702][com.java.SeleniumDriver] [  877] - <In Set values of the page>
[INFO ][2015-12-18 14:14:23,702][com.java.SeleniumDriver] [  880] - {Data Fields & Data Values Exist}
[INFO ][2015-12-18 14:14:23,702][com.java.SeleniumDriver] [  882] - --------------------------setting values-----------------------------
[INFO ][2015-12-18 14:14:23,702][com.java.SeleniumDriver] [  885] - Action Type : WAITFORELEMENT
[INFO ][2015-12-18 14:14:23,750][com.java.SeleniumDriver] [  894] -  RESULT true
[INFO ][2015-12-18 14:14:23,750][com.java.SeleniumDriver] [ 1100] - ?   P A S S   ?
[DEBUG][2015-12-18 14:14:23,750][com.java.SeleniumDriver] [ 1212] - Case found
[DEBUG][2015-12-18 14:14:23,750][com.java.SeleniumDriver] [ 1217] - Incrementing ReportCounters[0]:1
[INFO ][2015-12-18 14:14:23,750][com.java.SeleniumDriver] [ 1236] - The results are-------------------[1, 1, Valid Login, Pass, , Fri Dec 18 14:14:18 IST 2015, 1, 2, Valid Login, Pass, , Fri Dec 18 14:14:23 IST 2015, 1, 3, Valid Login, Pass, , Fri Dec 18 14:14:23 IST 2015]
[INFO ][2015-12-18 14:14:23,750][com.java.SeleniumDriver] [ 1240] - End time is-------38 sec
[INFO ][2015-12-18 14:14:23,750][com.java.SeleniumDriver] [ 1241] - The results are-------------------[1, 1, Valid Login, Pass, , Fri Dec 18 14:14:18 IST 2015, 1, 2, Valid Login, Pass, , Fri Dec 18 14:14:23 IST 2015, 1, 3, Valid Login, Pass, , Fri Dec 18 14:14:23 IST 2015]
[DEBUG][2015-12-18 14:14:23,750][com.java.ImportnExport.ExportTestResultsExcel] [  222] - testResultPath = D:\BankersDashboard/TestReports/Test Results_BankersDashBoard_121815_141347_IE10_Simmons First National Bank.xls
[DEBUG][2015-12-18 14:14:23,750][com.java.ImportnExport.ExportTestResultsExcel] [  223] - browser is------------IE10
[DEBUG][2015-12-18 14:14:23,812][com.java.ImportnExport.ExportTestResultsExcel] [  270] - result.size() = 18
[DEBUG][2015-12-18 14:14:23,812][com.java.ImportnExport.ExportTestResultsExcel] [  274] - No of rows in sheet=1
[DEBUG][2015-12-18 14:14:23,812][com.java.ImportnExport.ExportTestResultsExcel] [  301] - ..in export..1
[DEBUG][2015-12-18 14:14:23,812][com.java.ImportnExport.ExportTestResultsExcel] [  301] - ..in export..Valid Login
[DEBUG][2015-12-18 14:14:23,812][com.java.ImportnExport.ExportTestResultsExcel] [  301] - ..in export..Pass
[DEBUG][2015-12-18 14:14:23,812][com.java.ImportnExport.ExportTestResultsExcel] [  301] - ..in export..
[DEBUG][2015-12-18 14:14:23,812][com.java.ImportnExport.ExportTestResultsExcel] [  301] - ..in export..Fri Dec 18 14:14:18 IST 2015
[INFO ][2015-12-18 14:14:23,812][com.java.SeleniumDriver] [ 1299] - out loop:0 size:9 TestCases:[1, 7, 8, 9, 10, 11, 12, 13, 14] testcases:[1, 7, 8, 9, 10, 11, 12, 13, 14]
[INFO ][2015-12-18 14:14:23,812][com.java.ImportnExport.ImportTestDataDetailsExcel] [   49] - test data details path===== D:\BankersDashboard\TestInputs\TestData.xls
[INFO ][2015-12-18 14:15:22,081][com.java.SeleniumDriver] [  821] - ------------------------------------------
[INFO ][2015-12-18 14:15:22,081][com.java.SeleniumDriver] [  822] - Test case being Executed: 7
[INFO ][2015-12-18 14:15:22,081][com.java.SeleniumDriver] [  833] - Test step:1
[INFO ][2015-12-18 14:15:22,081][com.java.SeleniumDriver] [  845] - Datavalue is----------Logout
[INFO ][2015-12-18 14:15:22,081][com.java.SeleniumDriver] [  869] - DataField : BTN
[INFO ][2015-12-18 14:15:22,081][com.java.SeleniumDriver] [  871] - DataValue : Logout
[INFO ][2015-12-18 14:15:22,081][com.java.SeleniumDriver] [  877] - <In Set values of the page>
[INFO ][2015-12-18 14:15:22,081][com.java.SeleniumDriver] [  880] - {Data Fields & Data Values Exist}
[INFO ][2015-12-18 14:15:22,081][com.java.SeleniumDriver] [  882] - --------------------------setting values-----------------------------
[INFO ][2015-12-18 14:15:22,081][com.java.SeleniumDriver] [  885] - Action Type : Verify
[INFO ][2015-12-18 14:15:22,081][com.java.TestType] [ 6829] - field= BTN value= Logout
[INFO ][2015-12-18 14:15:22,081][com.java.TestType] [ 5513] - value = Logout
[INFO ][2015-12-18 14:15:22,144][com.java.SeleniumDriver] [  894] -  RESULT true
[INFO ][2015-12-18 14:15:22,144][com.java.SeleniumDriver] [ 1100] - ?   P A S S   ?
[INFO ][2015-12-18 14:15:22,144][com.java.SeleniumDriver] [ 1142] - step change to 3
[INFO ][2015-12-18 14:15:22,144][com.java.SeleniumDriver] [  821] - ------------------------------------------
[INFO ][2015-12-18 14:15:22,144][com.java.SeleniumDriver] [  822] - Test case being Executed: 7
[INFO ][2015-12-18 14:15:22,144][com.java.SeleniumDriver] [  833] - Test step:3
[INFO ][2015-12-18 14:15:22,144][com.java.SeleniumDriver] [  845] - Datavalue is----------Concept#2:1-2
[INFO ][2015-12-18 14:15:22,144][com.java.SeleniumDriver] [  869] - DataField : test
[INFO ][2015-12-18 14:15:22,144][com.java.SeleniumDriver] [  871] - DataValue : Concept#2:1-2
[INFO ][2015-12-18 14:15:22,144][com.java.SeleniumDriver] [  877] - <In Set values of the page>
[INFO ][2015-12-18 14:15:22,144][com.java.SeleniumDriver] [  880] - {Data Fields & Data Values Exist}
[INFO ][2015-12-18 14:15:22,144][com.java.SeleniumDriver] [  882] - --------------------------setting values-----------------------------
[INFO ][2015-12-18 14:15:22,144][com.java.SeleniumDriver] [  885] - Action Type : ExecuteTestCase
[INFO ][2015-12-18 14:15:22,144][com.java.TestType] [  437] - The Concept sheet name is ---------- Concept
[INFO ][2015-12-18 14:15:22,144][com.java.TestType] [  440] - The Concept ID  is ---------- 2
[DEBUG][2015-12-18 14:15:22,144][com.java.TestType] [  444] - Steps being executted in the Concept are: 1:2
[INFO ][2015-12-18 14:15:22,144][com.java.TestType] [  451] - Test data details path ---------- D:\BankersDashboard\TestInputs\TestData.xls
[INFO ][2015-12-18 14:15:22,175][com.java.TestType] [  482] -  str(1) = 2
[INFO ][2015-12-18 14:15:22,175][com.java.TestType] [  485] - Test case Id is---2
[INFO ][2015-12-18 14:15:22,175][com.java.TestType] [  487] - 2
[INFO ][2015-12-18 14:15:22,175][com.java.TestType] [  482] -  str(2) = 1
[INFO ][2015-12-18 14:15:22,175][com.java.TestType] [  534] - row values are--------{1=com.java.Objects.TestDataDetails@1875b76}
[INFO ][2015-12-18 14:15:22,175][com.java.TestType] [  482] -  str(1) = 2
[INFO ][2015-12-18 14:15:22,175][com.java.TestType] [  485] - Test case Id is---2
[INFO ][2015-12-18 14:15:22,175][com.java.TestType] [  487] - 2
[INFO ][2015-12-18 14:15:22,175][com.java.TestType] [  482] -  str(2) = 2
[INFO ][2015-12-18 14:15:22,175][com.java.TestType] [  534] - row values are--------{1=com.java.Objects.TestDataDetails@1875b76, 2=com.java.Objects.TestDataDetails@1cc6114}
[INFO ][2015-12-18 14:15:22,175][com.java.TestType] [  482] -  str(1) = 2
[INFO ][2015-12-18 14:15:22,175][com.java.TestType] [  485] - Test case Id is---2
[INFO ][2015-12-18 14:15:22,175][com.java.TestType] [  487] - 2
[INFO ][2015-12-18 14:15:22,175][com.java.TestType] [  482] -  str(2) = 3
[INFO ][2015-12-18 14:15:22,175][com.java.TestType] [  534] - row values are--------{1=com.java.Objects.TestDataDetails@1875b76, 2=com.java.Objects.TestDataDetails@1cc6114, 3=com.java.Objects.TestDataDetails@99e3c9}
[INFO ][2015-12-18 14:15:22,175][com.java.TestType] [10143] - Looping 1TCID = 2
[DEBUG][2015-12-18 14:15:22,175][com.java.TestType] [10184] - Concept ID:2 :: Step being Executed: 2::1
[INFO ][2015-12-18 14:15:22,175][com.java.TestType] [10222] - dataFields : BNK//select[@id='bank']
[DEBUG][2015-12-18 14:15:22,175][com.java.TestType] [10228] - <In Set values of the page>
[DEBUG][2015-12-18 14:15:22,175][com.java.TestType] [10233] - {Data Fields & Data Values Exist}
[INFO ][2015-12-18 14:15:22,175][com.java.TestType] [10239] - --------------------------setting values-----------------------------
[INFO ][2015-12-18 14:15:22,175][com.java.TestType] [10242] - Action Type : Select
[INFO ][2015-12-18 14:15:22,175][com.java.TestType] [ 5513] - value = PFC
[INFO ][2015-12-18 14:15:22,378][com.java.TestType] [10261] -  RESULT true
[INFO ][2015-12-18 14:15:22,378][com.java.TestType] [10378] - ?   P A S S   ?
[DEBUG][2015-12-18 14:15:22,378][com.java.TestType] [10184] - Concept ID:2 :: Step being Executed: 2::2
[INFO ][2015-12-18 14:15:22,378][com.java.TestType] [10222] - dataFields : LNKLogout
[DEBUG][2015-12-18 14:15:22,378][com.java.TestType] [10228] - <In Set values of the page>
[DEBUG][2015-12-18 14:15:22,378][com.java.TestType] [10233] - {Data Fields & Data Values Exist}
[INFO ][2015-12-18 14:15:22,378][com.java.TestType] [10239] - --------------------------setting values-----------------------------
[INFO ][2015-12-18 14:15:22,378][com.java.TestType] [10242] - Action Type : WaitTime
[DEBUG][2015-12-18 14:15:22,378][com.java.TestType] [ 5333] - sleepTime: 5000
[INFO ][2015-12-18 14:15:27,386][com.java.TestType] [10261] -  RESULT true
[INFO ][2015-12-18 14:15:27,386][com.java.TestType] [10378] - ?   P A S S   ?
[INFO ][2015-12-18 14:15:27,386][com.java.TestType] [10449] - Looping End......
[INFO ][2015-12-18 14:15:27,386][com.java.SeleniumDriver] [  894] -  RESULT true
[INFO ][2015-12-18 14:15:27,386][com.java.SeleniumDriver] [ 1100] - ?   P A S S   ?
[INFO ][2015-12-18 14:15:27,386][com.java.SeleniumDriver] [  821] - ------------------------------------------
[INFO ][2015-12-18 14:15:27,386][com.java.SeleniumDriver] [  822] - Test case being Executed: 7
[INFO ][2015-12-18 14:15:27,386][com.java.SeleniumDriver] [  833] - Test step:4
[INFO ][2015-12-18 14:15:27,386][com.java.SeleniumDriver] [  845] - Datavalue is----------null
[DEBUG][2015-12-18 14:15:27,386][com.java.SeleniumDriver] [  863] - Exception: null
[INFO ][2015-12-18 14:15:27,386][com.java.SeleniumDriver] [  869] - DataField : //span[@class='icon-user4']&&//a[text()='Users']&&//a[@data-id="ModifyUsers"]
[INFO ][2015-12-18 14:15:27,386][com.java.SeleniumDriver] [  871] - DataValue : 
[INFO ][2015-12-18 14:15:27,386][com.java.SeleniumDriver] [  877] - <In Set values of the page>
[INFO ][2015-12-18 14:15:27,386][com.java.SeleniumDriver] [  880] - {Data Fields & Data Values Exist}
[INFO ][2015-12-18 14:15:27,386][com.java.SeleniumDriver] [  882] - --------------------------setting values-----------------------------
[INFO ][2015-12-18 14:15:27,386][com.java.SeleniumDriver] [  885] - Action Type : MouseOver
[INFO ][2015-12-18 14:15:54,789][com.java.SeleniumDriver] [  894] -  RESULT true
[INFO ][2015-12-18 14:15:54,789][com.java.SeleniumDriver] [ 1100] - ?   P A S S   ?
[INFO ][2015-12-18 14:15:54,789][com.java.SeleniumDriver] [  821] - ------------------------------------------
[INFO ][2015-12-18 14:15:54,789][com.java.SeleniumDriver] [  822] - Test case being Executed: 7
[INFO ][2015-12-18 14:15:54,789][com.java.SeleniumDriver] [  833] - Test step:5
[INFO ][2015-12-18 14:15:54,789][com.java.SeleniumDriver] [  845] - Datavalue is----------2
[INFO ][2015-12-18 14:15:54,789][com.java.SeleniumDriver] [  869] - DataField : BTNframeDialogContent
[INFO ][2015-12-18 14:15:54,789][com.java.SeleniumDriver] [  871] - DataValue : 2
[INFO ][2015-12-18 14:15:54,789][com.java.SeleniumDriver] [  877] - <In Set values of the page>
[INFO ][2015-12-18 14:15:54,789][com.java.SeleniumDriver] [  880] - {Data Fields & Data Values Exist}
[INFO ][2015-12-18 14:15:54,789][com.java.SeleniumDriver] [  882] - --------------------------setting values-----------------------------
[INFO ][2015-12-18 14:15:54,789][com.java.SeleniumDriver] [  885] - Action Type : WaitForElement
[INFO ][2015-12-18 14:15:56,038][com.java.SeleniumDriver] [  894] -  RESULT true
[INFO ][2015-12-18 14:15:56,038][com.java.SeleniumDriver] [ 1100] - ?   P A S S   ?
[INFO ][2015-12-18 14:15:56,038][com.java.SeleniumDriver] [  821] - ------------------------------------------
[INFO ][2015-12-18 14:15:56,038][com.java.SeleniumDriver] [  822] - Test case being Executed: 7
[INFO ][2015-12-18 14:15:56,038][com.java.SeleniumDriver] [  833] - Test step:6
[INFO ][2015-12-18 14:15:56,038][com.java.SeleniumDriver] [  845] - Datavalue is----------null
[DEBUG][2015-12-18 14:15:56,038][com.java.SeleniumDriver] [  863] - Exception: null
[INFO ][2015-12-18 14:15:56,038][com.java.SeleniumDriver] [  869] - DataField : BTNframeDialogContent
[INFO ][2015-12-18 14:15:56,038][com.java.SeleniumDriver] [  871] - DataValue : 
[INFO ][2015-12-18 14:15:56,038][com.java.SeleniumDriver] [  877] - <In Set values of the page>
[INFO ][2015-12-18 14:15:56,038][com.java.SeleniumDriver] [  880] - {Data Fields & Data Values Exist}
[INFO ][2015-12-18 14:15:56,038][com.java.SeleniumDriver] [  882] - --------------------------setting values-----------------------------
[INFO ][2015-12-18 14:15:56,038][com.java.SeleniumDriver] [  885] - Action Type : SELECTFRAME
[INFO ][2015-12-18 14:15:57,319][com.java.SeleniumDriver] [  894] -  RESULT true
[INFO ][2015-12-18 14:15:57,319][com.java.SeleniumDriver] [ 1100] - ?   P A S S   ?
[INFO ][2015-12-18 14:15:57,319][com.java.SeleniumDriver] [  821] - ------------------------------------------
[INFO ][2015-12-18 14:15:57,319][com.java.SeleniumDriver] [  822] - Test case being Executed: 7
[INFO ][2015-12-18 14:15:57,319][com.java.SeleniumDriver] [  833] - Test step:7
[INFO ][2015-12-18 14:15:57,319][com.java.SeleniumDriver] [  845] - Datavalue is----------2
[INFO ][2015-12-18 14:15:57,319][com.java.SeleniumDriver] [  869] - DataField : BTNbtnAddUser
[INFO ][2015-12-18 14:15:57,319][com.java.SeleniumDriver] [  871] - DataValue : 2
[INFO ][2015-12-18 14:15:57,319][com.java.SeleniumDriver] [  877] - <In Set values of the page>
[INFO ][2015-12-18 14:15:57,319][com.java.SeleniumDriver] [  880] - {Data Fields & Data Values Exist}
[INFO ][2015-12-18 14:15:57,319][com.java.SeleniumDriver] [  882] - --------------------------setting values-----------------------------
[INFO ][2015-12-18 14:15:57,319][com.java.SeleniumDriver] [  885] - Action Type : WaitForElement
[INFO ][2015-12-18 14:15:59,175][com.java.SeleniumDriver] [  894] -  RESULT true
[INFO ][2015-12-18 14:15:59,175][com.java.SeleniumDriver] [ 1100] - ?   P A S S   ?
[INFO ][2015-12-18 14:15:59,175][com.java.SeleniumDriver] [  821] - ------------------------------------------
[INFO ][2015-12-18 14:15:59,175][com.java.SeleniumDriver] [  822] - Test case being Executed: 7
[INFO ][2015-12-18 14:15:59,175][com.java.SeleniumDriver] [  833] - Test step:8
[INFO ][2015-12-18 14:15:59,175][com.java.SeleniumDriver] [  845] - Datavalue is----------null
[DEBUG][2015-12-18 14:15:59,175][com.java.SeleniumDriver] [  863] - Exception: null
[INFO ][2015-12-18 14:15:59,175][com.java.SeleniumDriver] [  869] - DataField : BTNbtnAddUser
[INFO ][2015-12-18 14:15:59,175][com.java.SeleniumDriver] [  871] - DataValue : 
[INFO ][2015-12-18 14:15:59,175][com.java.SeleniumDriver] [  877] - <In Set values of the page>
[INFO ][2015-12-18 14:15:59,175][com.java.SeleniumDriver] [  880] - {Data Fields & Data Values Exist}
[INFO ][2015-12-18 14:15:59,175][com.java.SeleniumDriver] [  882] - --------------------------setting values-----------------------------
[INFO ][2015-12-18 14:15:59,175][com.java.SeleniumDriver] [  885] - Action Type : Click
[INFO ][2015-12-18 14:15:59,175][com.java.TestType] [ 5886] - Field ::BTNbtnAddUser
[INFO ][2015-12-18 14:15:59,175][com.java.TestType] [ 5513] - value = 
[INFO ][2015-12-18 14:16:00,190][com.java.TestType] [ 6002] - BEFORE CLICK
[INFO ][2015-12-18 14:16:02,267][com.java.TestType] [ 6009] - Unable to click the object Add user button
[INFO ][2015-12-18 14:16:02,267][com.java.SeleniumDriver] [  894] -  RESULT true
[INFO ][2015-12-18 14:16:02,267][com.java.SeleniumDriver] [ 1100] - ?   P A S S   ?
[INFO ][2015-12-18 14:16:02,267][com.java.SeleniumDriver] [  821] - ------------------------------------------
[INFO ][2015-12-18 14:16:02,267][com.java.SeleniumDriver] [  822] - Test case being Executed: 7
[INFO ][2015-12-18 14:16:02,267][com.java.SeleniumDriver] [  833] - Test step:9
[INFO ][2015-12-18 14:16:02,267][com.java.SeleniumDriver] [  845] - Datavalue is----------2
[INFO ][2015-12-18 14:16:02,267][com.java.SeleniumDriver] [  869] - DataField : BTNtxtUserName
[INFO ][2015-12-18 14:16:02,267][com.java.SeleniumDriver] [  871] - DataValue : 2
[INFO ][2015-12-18 14:16:02,267][com.java.SeleniumDriver] [  877] - <In Set values of the page>
[INFO ][2015-12-18 14:16:02,267][com.java.SeleniumDriver] [  880] - {Data Fields & Data Values Exist}
[INFO ][2015-12-18 14:16:02,267][com.java.SeleniumDriver] [  882] - --------------------------setting values-----------------------------
[INFO ][2015-12-18 14:16:02,267][com.java.SeleniumDriver] [  885] - Action Type : WaitForElement
[INFO ][2015-12-18 14:16:12,237][com.java.SeleniumDriver] [  894] -  RESULT true
[INFO ][2015-12-18 14:16:12,237][com.java.SeleniumDriver] [ 1100] - ?   P A S S   ?
[INFO ][2015-12-18 14:16:12,237][com.java.SeleniumDriver] [  821] - ------------------------------------------
[INFO ][2015-12-18 14:16:12,237][com.java.SeleniumDriver] [  822] - Test case being Executed: 7
[INFO ][2015-12-18 14:16:12,237][com.java.SeleniumDriver] [  833] - Test step:10
[INFO ][2015-12-18 14:16:12,237][com.java.SeleniumDriver] [  845] - Datavalue is----------dt:NewUserName
[INFO ][2015-12-18 14:16:12,237][com.java.SeleniumDriver] [  869] - DataField : TXTtxtUserName
[INFO ][2015-12-18 14:16:12,237][com.java.SeleniumDriver] [  871] - DataValue : dt:NewUserName
[INFO ][2015-12-18 14:16:12,237][com.java.SeleniumDriver] [  877] - <In Set values of the page>
[INFO ][2015-12-18 14:16:12,237][com.java.SeleniumDriver] [  880] - {Data Fields & Data Values Exist}
[INFO ][2015-12-18 14:16:12,237][com.java.SeleniumDriver] [  882] - --------------------------setting values-----------------------------
[INFO ][2015-12-18 14:16:12,237][com.java.SeleniumDriver] [  885] - Action Type : Enter
[INFO ][2015-12-18 14:16:12,237][com.java.TestType] [ 6284] - field = txtUserName
[INFO ][2015-12-18 14:16:12,237][com.java.TestType] [ 5513] - value = vltest.robot
[INFO ][2015-12-18 14:16:13,910][com.java.SeleniumDriver] [  894] -  RESULT true
[INFO ][2015-12-18 14:16:13,910][com.java.SeleniumDriver] [ 1100] - ?   P A S S   ?
[INFO ][2015-12-18 14:16:13,910][com.java.SeleniumDriver] [  821] - ------------------------------------------
[INFO ][2015-12-18 14:16:13,910][com.java.SeleniumDriver] [  822] - Test case being Executed: 7
[INFO ][2015-12-18 14:16:13,910][com.java.SeleniumDriver] [  833] - Test step:11
[INFO ][2015-12-18 14:16:13,910][com.java.SeleniumDriver] [  845] - Datavalue is----------VLTest
[INFO ][2015-12-18 14:16:13,910][com.java.SeleniumDriver] [  869] - DataField : TXTtxtFirstName
[INFO ][2015-12-18 14:16:13,910][com.java.SeleniumDriver] [  871] - DataValue : VLTest
[INFO ][2015-12-18 14:16:13,910][com.java.SeleniumDriver] [  877] - <In Set values of the page>
[INFO ][2015-12-18 14:16:13,910][com.java.SeleniumDriver] [  880] - {Data Fields & Data Values Exist}
[INFO ][2015-12-18 14:16:13,910][com.java.SeleniumDriver] [  882] - --------------------------setting values-----------------------------
[INFO ][2015-12-18 14:16:13,910][com.java.SeleniumDriver] [  885] - Action Type : Enter
[INFO ][2015-12-18 14:16:13,910][com.java.TestType] [ 6284] - field = txtFirstName
[INFO ][2015-12-18 14:16:13,910][com.java.TestType] [ 5513] - value = VLTest
[INFO ][2015-12-18 14:16:15,876][com.java.SeleniumDriver] [  894] -  RESULT true
[INFO ][2015-12-18 14:16:15,876][com.java.SeleniumDriver] [ 1100] - ?   P A S S   ?
[INFO ][2015-12-18 14:16:15,876][com.java.SeleniumDriver] [  821] - ------------------------------------------
[INFO ][2015-12-18 14:16:15,876][com.java.SeleniumDriver] [  822] - Test case being Executed: 7
[INFO ][2015-12-18 14:16:15,876][com.java.SeleniumDriver] [  833] - Test step:12
[INFO ][2015-12-18 14:16:15,876][com.java.SeleniumDriver] [  845] - Datavalue is----------Robot
[INFO ][2015-12-18 14:16:15,876][com.java.SeleniumDriver] [  869] - DataField : TXTtxtLastName
[INFO ][2015-12-18 14:16:15,876][com.java.SeleniumDriver] [  871] - DataValue : Robot
[INFO ][2015-12-18 14:16:15,876][com.java.SeleniumDriver] [  877] - <In Set values of the page>
[INFO ][2015-12-18 14:16:15,876][com.java.SeleniumDriver] [  880] - {Data Fields & Data Values Exist}
[INFO ][2015-12-18 14:16:15,876][com.java.SeleniumDriver] [  882] - --------------------------setting values-----------------------------
[INFO ][2015-12-18 14:16:15,876][com.java.SeleniumDriver] [  885] - Action Type : Enter
[INFO ][2015-12-18 14:16:15,876][com.java.TestType] [ 6284] - field = txtLastName
[INFO ][2015-12-18 14:16:15,876][com.java.TestType] [ 5513] - value = Robot
[INFO ][2015-12-18 14:16:17,562][com.java.SeleniumDriver] [  894] -  RESULT true
[INFO ][2015-12-18 14:16:17,562][com.java.SeleniumDriver] [ 1100] - ?   P A S S   ?
[INFO ][2015-12-18 14:16:17,562][com.java.SeleniumDriver] [  821] - ------------------------------------------
[INFO ][2015-12-18 14:16:17,562][com.java.SeleniumDriver] [  822] - Test case being Executed: 7
[INFO ][2015-12-18 14:16:17,562][com.java.SeleniumDriver] [  833] - Test step:13
[INFO ][2015-12-18 14:16:17,562][com.java.SeleniumDriver] [  845] - Datavalue is----------ValueLabs
[INFO ][2015-12-18 14:16:17,562][com.java.SeleniumDriver] [  869] - DataField : TXTtxtCompany
[INFO ][2015-12-18 14:16:17,562][com.java.SeleniumDriver] [  871] - DataValue : ValueLabs
[INFO ][2015-12-18 14:16:17,562][com.java.SeleniumDriver] [  877] - <In Set values of the page>
[INFO ][2015-12-18 14:16:17,562][com.java.SeleniumDriver] [  880] - {Data Fields & Data Values Exist}
[INFO ][2015-12-18 14:16:17,562][com.java.SeleniumDriver] [  882] - --------------------------setting values-----------------------------
[INFO ][2015-12-18 14:16:17,562][com.java.SeleniumDriver] [  885] - Action Type : Enter
[INFO ][2015-12-18 14:16:17,562][com.java.TestType] [ 6284] - field = txtCompany
[INFO ][2015-12-18 14:16:17,562][com.java.TestType] [ 5513] - value = ValueLabs
[INFO ][2015-12-18 14:16:19,435][com.java.SeleniumDriver] [  894] -  RESULT true
[INFO ][2015-12-18 14:16:19,435][com.java.SeleniumDriver] [ 1100] - ?   P A S S   ?
[INFO ][2015-12-18 14:16:19,435][com.java.SeleniumDriver] [  821] - ------------------------------------------
[INFO ][2015-12-18 14:16:19,435][com.java.SeleniumDriver] [  822] - Test case being Executed: 7
[INFO ][2015-12-18 14:16:19,435][com.java.SeleniumDriver] [  833] - Test step:14
[INFO ][2015-12-18 14:16:19,435][com.java.SeleniumDriver] [  845] - Datavalue is----------India
[INFO ][2015-12-18 14:16:19,435][com.java.SeleniumDriver] [  869] - DataField : TXTtxtLocation
[INFO ][2015-12-18 14:16:19,435][com.java.SeleniumDriver] [  871] - DataValue : India
[INFO ][2015-12-18 14:16:19,435][com.java.SeleniumDriver] [  877] - <In Set values of the page>
[INFO ][2015-12-18 14:16:19,435][com.java.SeleniumDriver] [  880] - {Data Fields & Data Values Exist}
[INFO ][2015-12-18 14:16:19,435][com.java.SeleniumDriver] [  882] - --------------------------setting values-----------------------------
[INFO ][2015-12-18 14:16:19,435][com.java.SeleniumDriver] [  885] - Action Type : Enter
[INFO ][2015-12-18 14:16:19,435][com.java.TestType] [ 6284] - field = txtLocation
[INFO ][2015-12-18 14:16:19,435][com.java.TestType] [ 5513] - value = India
[INFO ][2015-12-18 14:16:21,136][com.java.SeleniumDriver] [  894] -  RESULT true
[INFO ][2015-12-18 14:16:21,136][com.java.SeleniumDriver] [ 1100] - ?   P A S S   ?
[INFO ][2015-12-18 14:16:21,136][com.java.SeleniumDriver] [  821] - ------------------------------------------
[INFO ][2015-12-18 14:16:21,136][com.java.SeleniumDriver] [  822] - Test case being Executed: 7
[INFO ][2015-12-18 14:16:21,136][com.java.SeleniumDriver] [  833] - Test step:15
[INFO ][2015-12-18 14:16:21,136][com.java.SeleniumDriver] [  845] - Datavalue is----------vltestreport.robot@valuelabs.com
[INFO ][2015-12-18 14:16:21,136][com.java.SeleniumDriver] [  869] - DataField : TXTtxtEMail
[INFO ][2015-12-18 14:16:21,136][com.java.SeleniumDriver] [  871] - DataValue : vltestreport.robot@valuelabs.com
[INFO ][2015-12-18 14:16:21,136][com.java.SeleniumDriver] [  877] - <In Set values of the page>
[INFO ][2015-12-18 14:16:21,136][com.java.SeleniumDriver] [  880] - {Data Fields & Data Values Exist}
[INFO ][2015-12-18 14:16:21,136][com.java.SeleniumDriver] [  882] - --------------------------setting values-----------------------------
[INFO ][2015-12-18 14:16:21,136][com.java.SeleniumDriver] [  885] - Action Type : Enter
[INFO ][2015-12-18 14:16:21,136][com.java.TestType] [ 6284] - field = txtEMail
[INFO ][2015-12-18 14:16:21,136][com.java.TestType] [ 5513] - value = vltestreport.robot@valuelabs.com
[INFO ][2015-12-18 14:16:23,224][com.java.SeleniumDriver] [  894] -  RESULT true
[INFO ][2015-12-18 14:16:23,224][com.java.SeleniumDriver] [ 1100] - ?   P A S S   ?
[INFO ][2015-12-18 14:16:23,224][com.java.SeleniumDriver] [  821] - ------------------------------------------
[INFO ][2015-12-18 14:16:23,224][com.java.SeleniumDriver] [  822] - Test case being Executed: 7
[INFO ][2015-12-18 14:16:23,224][com.java.SeleniumDriver] [  833] - Test step:16
[INFO ][2015-12-18 14:16:23,224][com.java.SeleniumDriver] [  845] - Datavalue is----------12345678901
[INFO ][2015-12-18 14:16:23,224][com.java.SeleniumDriver] [  869] - DataField : TXTtxtPhone
[INFO ][2015-12-18 14:16:23,224][com.java.SeleniumDriver] [  871] - DataValue : 12345678901
[INFO ][2015-12-18 14:16:23,224][com.java.SeleniumDriver] [  877] - <In Set values of the page>
[INFO ][2015-12-18 14:16:23,224][com.java.SeleniumDriver] [  880] - {Data Fields & Data Values Exist}
[INFO ][2015-12-18 14:16:23,224][com.java.SeleniumDriver] [  882] - --------------------------setting values-----------------------------
[INFO ][2015-12-18 14:16:23,224][com.java.SeleniumDriver] [  885] - Action Type : Enter
[INFO ][2015-12-18 14:16:23,224][com.java.TestType] [ 6284] - field = txtPhone
[INFO ][2015-12-18 14:16:23,224][com.java.TestType] [ 5513] - value = 12345678901
[INFO ][2015-12-18 14:16:24,879][com.java.SeleniumDriver] [  894] -  RESULT true
[INFO ][2015-12-18 14:16:24,879][com.java.SeleniumDriver] [ 1100] - ?   P A S S   ?
[INFO ][2015-12-18 14:16:24,879][com.java.SeleniumDriver] [  821] - ------------------------------------------
[INFO ][2015-12-18 14:16:24,879][com.java.SeleniumDriver] [  822] - Test case being Executed: 7
[INFO ][2015-12-18 14:16:24,879][com.java.SeleniumDriver] [  833] - Test step:17
[INFO ][2015-12-18 14:16:24,879][com.java.SeleniumDriver] [  845] - Datavalue is----------dt:NewUserPswd
[INFO ][2015-12-18 14:16:24,879][com.java.SeleniumDriver] [  869] - DataField : TXTtxtPassword
[INFO ][2015-12-18 14:16:24,879][com.java.SeleniumDriver] [  871] - DataValue : dt:NewUserPswd
[INFO ][2015-12-18 14:16:24,879][com.java.SeleniumDriver] [  877] - <In Set values of the page>
[INFO ][2015-12-18 14:16:24,879][com.java.SeleniumDriver] [  880] - {Data Fields & Data Values Exist}
[INFO ][2015-12-18 14:16:24,879][com.java.SeleniumDriver] [  882] - --------------------------setting values-----------------------------
[INFO ][2015-12-18 14:16:24,879][com.java.SeleniumDriver] [  885] - Action Type : Enter
[INFO ][2015-12-18 14:16:24,879][com.java.TestType] [ 6284] - field = txtPassword
[INFO ][2015-12-18 14:16:24,879][com.java.TestType] [ 5513] - value = Password1*
[INFO ][2015-12-18 14:16:26,783][com.java.SeleniumDriver] [  894] -  RESULT true
[INFO ][2015-12-18 14:16:26,783][com.java.SeleniumDriver] [ 1100] - ?   P A S S   ?
[INFO ][2015-12-18 14:16:26,783][com.java.SeleniumDriver] [  821] - ------------------------------------------
[INFO ][2015-12-18 14:16:26,783][com.java.SeleniumDriver] [  822] - Test case being Executed: 7
[INFO ][2015-12-18 14:16:26,783][com.java.SeleniumDriver] [  833] - Test step:18
[INFO ][2015-12-18 14:16:26,783][com.java.SeleniumDriver] [  845] - Datavalue is----------dt:NewUserPswd
[INFO ][2015-12-18 14:16:26,783][com.java.SeleniumDriver] [  869] - DataField : TXTtxtPasswordConfirm
[INFO ][2015-12-18 14:16:26,783][com.java.SeleniumDriver] [  871] - DataValue : dt:NewUserPswd
[INFO ][2015-12-18 14:16:26,783][com.java.SeleniumDriver] [  877] - <In Set values of the page>
[INFO ][2015-12-18 14:16:26,783][com.java.SeleniumDriver] [  880] - {Data Fields & Data Values Exist}
[INFO ][2015-12-18 14:16:26,783][com.java.SeleniumDriver] [  882] - --------------------------setting values-----------------------------
[INFO ][2015-12-18 14:16:26,783][com.java.SeleniumDriver] [  885] - Action Type : Enter
[INFO ][2015-12-18 14:16:26,783][com.java.TestType] [ 6284] - field = txtPasswordConfirm
[INFO ][2015-12-18 14:16:26,783][com.java.TestType] [ 5513] - value = Password1*
[INFO ][2015-12-18 14:16:28,703][com.java.SeleniumDriver] [  894] -  RESULT true
[INFO ][2015-12-18 14:16:28,703][com.java.SeleniumDriver] [ 1100] - ?   P A S S   ?
[INFO ][2015-12-18 14:16:28,703][com.java.SeleniumDriver] [  821] - ------------------------------------------
[INFO ][2015-12-18 14:16:28,703][com.java.SeleniumDriver] [  822] - Test case being Executed: 7
[INFO ][2015-12-18 14:16:28,703][com.java.SeleniumDriver] [  833] - Test step:19
[INFO ][2015-12-18 14:16:28,703][com.java.SeleniumDriver] [  845] - Datavalue is----------null
[DEBUG][2015-12-18 14:16:28,703][com.java.SeleniumDriver] [  863] - Exception: null
[INFO ][2015-12-18 14:16:28,703][com.java.SeleniumDriver] [  869] - DataField : BTNparent
[INFO ][2015-12-18 14:16:28,703][com.java.SeleniumDriver] [  871] - DataValue : 
[INFO ][2015-12-18 14:16:28,703][com.java.SeleniumDriver] [  877] - <In Set values of the page>
[INFO ][2015-12-18 14:16:28,703][com.java.SeleniumDriver] [  880] - {Data Fields & Data Values Exist}
[INFO ][2015-12-18 14:16:28,703][com.java.SeleniumDriver] [  882] - --------------------------setting values-----------------------------
[INFO ][2015-12-18 14:16:28,703][com.java.SeleniumDriver] [  885] - Action Type : SELECTFRAME
[INFO ][2015-12-18 14:16:28,718][com.java.SeleniumDriver] [  894] -  RESULT true
[INFO ][2015-12-18 14:16:28,718][com.java.SeleniumDriver] [ 1100] - ?   P A S S   ?
[INFO ][2015-12-18 14:16:28,718][com.java.SeleniumDriver] [  821] - ------------------------------------------
[INFO ][2015-12-18 14:16:28,718][com.java.SeleniumDriver] [  822] - Test case being Executed: 7
[INFO ][2015-12-18 14:16:28,718][com.java.SeleniumDriver] [  833] - Test step:20
[INFO ][2015-12-18 14:16:28,718][com.java.SeleniumDriver] [  845] - Datavalue is----------5
[INFO ][2015-12-18 14:16:28,718][com.java.SeleniumDriver] [  869] - DataField : test
[INFO ][2015-12-18 14:16:28,718][com.java.SeleniumDriver] [  871] - DataValue : 5
[INFO ][2015-12-18 14:16:28,718][com.java.SeleniumDriver] [  877] - <In Set values of the page>
[INFO ][2015-12-18 14:16:28,718][com.java.SeleniumDriver] [  880] - {Data Fields & Data Values Exist}
[INFO ][2015-12-18 14:16:28,718][com.java.SeleniumDriver] [  882] - --------------------------setting values-----------------------------
[INFO ][2015-12-18 14:16:28,718][com.java.SeleniumDriver] [  885] - Action Type : WaitTime
[DEBUG][2015-12-18 14:16:28,718][com.java.TestType] [ 5333] - sleepTime: 5000
[INFO ][2015-12-18 14:16:33,727][com.java.SeleniumDriver] [  894] -  RESULT true
[INFO ][2015-12-18 14:16:33,727][com.java.SeleniumDriver] [ 1100] - ?   P A S S   ?
[INFO ][2015-12-18 14:16:33,727][com.java.SeleniumDriver] [  821] - ------------------------------------------
[INFO ][2015-12-18 14:16:33,727][com.java.SeleniumDriver] [  822] - Test case being Executed: 7
[INFO ][2015-12-18 14:16:33,727][com.java.SeleniumDriver] [  833] - Test step:21
[INFO ][2015-12-18 14:16:33,727][com.java.SeleniumDriver] [  845] - Datavalue is----------null
[DEBUG][2015-12-18 14:16:33,727][com.java.SeleniumDriver] [  863] - Exception: null
[INFO ][2015-12-18 14:16:33,727][com.java.SeleniumDriver] [  869] - DataField : XPH//span[contains(text(), 'Finished')]
[INFO ][2015-12-18 14:16:33,727][com.java.SeleniumDriver] [  871] - DataValue : 
[INFO ][2015-12-18 14:16:33,727][com.java.SeleniumDriver] [  877] - <In Set values of the page>
[INFO ][2015-12-18 14:16:33,727][com.java.SeleniumDriver] [  880] - {Data Fields & Data Values Exist}
[INFO ][2015-12-18 14:16:33,727][com.java.SeleniumDriver] [  882] - --------------------------setting values-----------------------------
[INFO ][2015-12-18 14:16:33,727][com.java.SeleniumDriver] [  885] - Action Type : Click
[INFO ][2015-12-18 14:16:33,727][com.java.TestType] [ 5886] - Field ::XPH//span[contains(text(), 'Finished')]
[INFO ][2015-12-18 14:16:33,727][com.java.TestType] [ 5513] - value = 
[INFO ][2015-12-18 14:16:34,742][com.java.TestType] [ 6023] - BEFORE CLICK
[INFO ][2015-12-18 14:16:36,396][com.java.TestType] [ 6031] - Unable to click the object Finished button
[INFO ][2015-12-18 14:16:36,396][com.java.SeleniumDriver] [  894] -  RESULT true
[INFO ][2015-12-18 14:16:36,396][com.java.SeleniumDriver] [ 1100] - ?   P A S S   ?
[INFO ][2015-12-18 14:16:36,396][com.java.SeleniumDriver] [  821] - ------------------------------------------
[INFO ][2015-12-18 14:16:36,396][com.java.SeleniumDriver] [  822] - Test case being Executed: 7
[INFO ][2015-12-18 14:16:36,396][com.java.SeleniumDriver] [  833] - Test step:22
[INFO ][2015-12-18 14:16:36,396][com.java.SeleniumDriver] [  845] - Datavalue is----------3
[INFO ][2015-12-18 14:16:36,396][com.java.SeleniumDriver] [  869] - DataField : XPH//span[contains(text(), 'Finished')]
[INFO ][2015-12-18 14:16:36,396][com.java.SeleniumDriver] [  871] - DataValue : 3
[INFO ][2015-12-18 14:16:36,396][com.java.SeleniumDriver] [  877] - <In Set values of the page>
[INFO ][2015-12-18 14:16:36,396][com.java.SeleniumDriver] [  880] - {Data Fields & Data Values Exist}
[INFO ][2015-12-18 14:16:36,396][com.java.SeleniumDriver] [  882] - --------------------------setting values-----------------------------
[INFO ][2015-12-18 14:16:36,396][com.java.SeleniumDriver] [  885] - Action Type : WaitForElement
[INFO ][2015-12-18 14:16:36,443][com.java.SeleniumDriver] [  894] -  RESULT true
[INFO ][2015-12-18 14:16:36,443][com.java.SeleniumDriver] [ 1100] - ?   P A S S   ?
[INFO ][2015-12-18 14:16:36,443][com.java.SeleniumDriver] [  821] - ------------------------------------------
[INFO ][2015-12-18 14:16:36,443][com.java.SeleniumDriver] [  822] - Test case being Executed: 7
[INFO ][2015-12-18 14:16:36,443][com.java.SeleniumDriver] [  833] - Test step:23
[INFO ][2015-12-18 14:16:36,443][com.java.SeleniumDriver] [  845] - Datavalue is----------null
[DEBUG][2015-12-18 14:16:36,443][com.java.SeleniumDriver] [  863] - Exception: null
[INFO ][2015-12-18 14:16:36,443][com.java.SeleniumDriver] [  869] - DataField : BTNframeDialogContent
[INFO ][2015-12-18 14:16:36,443][com.java.SeleniumDriver] [  871] - DataValue : 
[INFO ][2015-12-18 14:16:36,443][com.java.SeleniumDriver] [  877] - <In Set values of the page>
[INFO ][2015-12-18 14:16:36,443][com.java.SeleniumDriver] [  880] - {Data Fields & Data Values Exist}
[INFO ][2015-12-18 14:16:36,443][com.java.SeleniumDriver] [  882] - --------------------------setting values-----------------------------
[INFO ][2015-12-18 14:16:36,443][com.java.SeleniumDriver] [  885] - Action Type : SELECTFRAME
[INFO ][2015-12-18 14:16:37,739][com.java.SeleniumDriver] [  894] -  RESULT true
[INFO ][2015-12-18 14:16:37,739][com.java.SeleniumDriver] [ 1100] - ?   P A S S   ?
[INFO ][2015-12-18 14:16:37,739][com.java.SeleniumDriver] [  821] - ------------------------------------------
[INFO ][2015-12-18 14:16:37,739][com.java.SeleniumDriver] [  822] - Test case being Executed: 7
[INFO ][2015-12-18 14:16:37,739][com.java.SeleniumDriver] [  833] - Test step:24
[INFO ][2015-12-18 14:16:37,739][com.java.SeleniumDriver] [  845] - Datavalue is----------index:3
[INFO ][2015-12-18 14:16:37,739][com.java.SeleniumDriver] [  869] - DataField : BTNddlEntityAccess
[INFO ][2015-12-18 14:16:37,739][com.java.SeleniumDriver] [  871] - DataValue : index:3
[INFO ][2015-12-18 14:16:37,739][com.java.SeleniumDriver] [  877] - <In Set values of the page>
[INFO ][2015-12-18 14:16:37,739][com.java.SeleniumDriver] [  880] - {Data Fields & Data Values Exist}
[INFO ][2015-12-18 14:16:37,739][com.java.SeleniumDriver] [  882] - --------------------------setting values-----------------------------
[INFO ][2015-12-18 14:16:37,739][com.java.SeleniumDriver] [  885] - Action Type : Click
[INFO ][2015-12-18 14:16:37,739][com.java.TestType] [ 5886] - Field ::BTNddlEntityAccess
[INFO ][2015-12-18 14:16:37,739][com.java.TestType] [ 5513] - value = index:3
[INFO ][2015-12-18 14:16:38,753][com.java.TestType] [ 6002] - BEFORE CLICK
[INFO ][2015-12-18 14:16:40,158][com.java.TestType] [ 6009] - Unable to click the object Bank's dropdown
[INFO ][2015-12-18 14:16:40,158][com.java.SeleniumDriver] [  894] -  RESULT true
[INFO ][2015-12-18 14:16:40,158][com.java.SeleniumDriver] [ 1100] - ?   P A S S   ?
[INFO ][2015-12-18 14:16:40,158][com.java.SeleniumDriver] [  821] - ------------------------------------------
[INFO ][2015-12-18 14:16:40,158][com.java.SeleniumDriver] [  822] - Test case being Executed: 7
[INFO ][2015-12-18 14:16:40,158][com.java.SeleniumDriver] [  833] - Test step:25
[INFO ][2015-12-18 14:16:40,158][com.java.SeleniumDriver] [  845] - Datavalue is----------null
[DEBUG][2015-12-18 14:16:40,158][com.java.SeleniumDriver] [  863] - Exception: null
[INFO ][2015-12-18 14:16:40,158][com.java.SeleniumDriver] [  869] - DataField : BTNrdoEnableEntity_Enable
[INFO ][2015-12-18 14:16:40,158][com.java.SeleniumDriver] [  871] - DataValue : 
[INFO ][2015-12-18 14:16:40,158][com.java.SeleniumDriver] [  877] - <In Set values of the page>
[INFO ][2015-12-18 14:16:40,158][com.java.SeleniumDriver] [  880] - {Data Fields & Data Values Exist}
[INFO ][2015-12-18 14:16:40,158][com.java.SeleniumDriver] [  882] - --------------------------setting values-----------------------------
[INFO ][2015-12-18 14:16:40,158][com.java.SeleniumDriver] [  885] - Action Type : Click
[INFO ][2015-12-18 14:16:40,158][com.java.TestType] [ 5886] - Field ::BTNrdoEnableEntity_Enable
[INFO ][2015-12-18 14:16:40,158][com.java.TestType] [ 5513] - value = 
[INFO ][2015-12-18 14:16:41,172][com.java.TestType] [ 6002] - BEFORE CLICK
[INFO ][2015-12-18 14:16:42,577][com.java.TestType] [ 6009] - Unable to click the object Enable radio button
[INFO ][2015-12-18 14:16:42,577][com.java.SeleniumDriver] [  894] -  RESULT true
[INFO ][2015-12-18 14:16:42,577][com.java.SeleniumDriver] [ 1100] - ?   P A S S   ?
[INFO ][2015-12-18 14:16:42,577][com.java.SeleniumDriver] [  821] - ------------------------------------------
[INFO ][2015-12-18 14:16:42,577][com.java.SeleniumDriver] [  822] - Test case being Executed: 7
[INFO ][2015-12-18 14:16:42,577][com.java.SeleniumDriver] [  833] - Test step:26
[INFO ][2015-12-18 14:16:42,577][com.java.SeleniumDriver] [  845] - Datavalue is----------null
[DEBUG][2015-12-18 14:16:42,577][com.java.SeleniumDriver] [  863] - Exception: null
[INFO ][2015-12-18 14:16:42,577][com.java.SeleniumDriver] [  869] - DataField : BTNchkProfitCenterAll
[INFO ][2015-12-18 14:16:42,577][com.java.SeleniumDriver] [  871] - DataValue : 
[INFO ][2015-12-18 14:16:42,577][com.java.SeleniumDriver] [  877] - <In Set values of the page>
[INFO ][2015-12-18 14:16:42,577][com.java.SeleniumDriver] [  880] - {Data Fields & Data Values Exist}
[INFO ][2015-12-18 14:16:42,577][com.java.SeleniumDriver] [  882] - --------------------------setting values-----------------------------
[INFO ][2015-12-18 14:16:42,577][com.java.SeleniumDriver] [  885] - Action Type : Click
[INFO ][2015-12-18 14:16:42,577][com.java.TestType] [ 5886] - Field ::BTNchkProfitCenterAll
[INFO ][2015-12-18 14:16:42,577][com.java.TestType] [ 5513] - value = 
[INFO ][2015-12-18 14:16:43,579][com.java.TestType] [ 6002] - BEFORE CLICK
[INFO ][2015-12-18 14:16:44,952][com.java.TestType] [ 6009] - Unable to click the object All Check box
[INFO ][2015-12-18 14:16:44,952][com.java.SeleniumDriver] [  894] -  RESULT true
[INFO ][2015-12-18 14:16:44,952][com.java.SeleniumDriver] [ 1100] - ?   P A S S   ?
[INFO ][2015-12-18 14:16:44,952][com.java.SeleniumDriver] [  821] - ------------------------------------------
[INFO ][2015-12-18 14:16:44,952][com.java.SeleniumDriver] [  822] - Test case being Executed: 7
[INFO ][2015-12-18 14:16:44,952][com.java.SeleniumDriver] [  833] - Test step:27
[INFO ][2015-12-18 14:16:44,952][com.java.SeleniumDriver] [  845] - Datavalue is----------null
[DEBUG][2015-12-18 14:16:44,952][com.java.SeleniumDriver] [  863] - Exception: null
[INFO ][2015-12-18 14:16:44,952][com.java.SeleniumDriver] [  869] - DataField : BTNchkPrivsAccessGL
[INFO ][2015-12-18 14:16:44,952][com.java.SeleniumDriver] [  871] - DataValue : 
[INFO ][2015-12-18 14:16:44,952][com.java.SeleniumDriver] [  877] - <In Set values of the page>
[INFO ][2015-12-18 14:16:44,952][com.java.SeleniumDriver] [  880] - {Data Fields & Data Values Exist}
[INFO ][2015-12-18 14:16:44,952][com.java.SeleniumDriver] [  882] - --------------------------setting values-----------------------------
[INFO ][2015-12-18 14:16:44,952][com.java.SeleniumDriver] [  885] - Action Type : Click
[INFO ][2015-12-18 14:16:44,952][com.java.TestType] [ 5886] - Field ::BTNchkPrivsAccessGL
[INFO ][2015-12-18 14:16:44,952][com.java.TestType] [ 5513] - value = 
[INFO ][2015-12-18 14:16:45,966][com.java.TestType] [ 6002] - BEFORE CLICK
[INFO ][2015-12-18 14:16:47,371][com.java.TestType] [ 6009] - Unable to click the object GL check box
[INFO ][2015-12-18 14:16:47,371][com.java.SeleniumDriver] [  894] -  RESULT true
[INFO ][2015-12-18 14:16:47,371][com.java.SeleniumDriver] [ 1100] - ?   P A S S   ?
[INFO ][2015-12-18 14:16:47,371][com.java.SeleniumDriver] [  821] - ------------------------------------------
[INFO ][2015-12-18 14:16:47,371][com.java.SeleniumDriver] [  822] - Test case being Executed: 7
[INFO ][2015-12-18 14:16:47,371][com.java.SeleniumDriver] [  833] - Test step:28
[INFO ][2015-12-18 14:16:47,371][com.java.SeleniumDriver] [  845] - Datavalue is----------null
[DEBUG][2015-12-18 14:16:47,371][com.java.SeleniumDriver] [  863] - Exception: null
[INFO ][2015-12-18 14:16:47,371][com.java.SeleniumDriver] [  869] - DataField : BTNchkPrivsAccessAL
[INFO ][2015-12-18 14:16:47,371][com.java.SeleniumDriver] [  871] - DataValue : 
[INFO ][2015-12-18 14:16:47,371][com.java.SeleniumDriver] [  877] - <In Set values of the page>
[INFO ][2015-12-18 14:16:47,371][com.java.SeleniumDriver] [  880] - {Data Fields & Data Values Exist}
[INFO ][2015-12-18 14:16:47,371][com.java.SeleniumDriver] [  882] - --------------------------setting values-----------------------------
[INFO ][2015-12-18 14:16:47,371][com.java.SeleniumDriver] [  885] - Action Type : Click
[INFO ][2015-12-18 14:16:47,371][com.java.TestType] [ 5886] - Field ::BTNchkPrivsAccessAL
[INFO ][2015-12-18 14:16:47,371][com.java.TestType] [ 5513] - value = 
[INFO ][2015-12-18 14:16:48,385][com.java.TestType] [ 6002] - BEFORE CLICK
[INFO ][2015-12-18 14:16:49,837][com.java.TestType] [ 6009] - Unable to click the object AL Check box
[INFO ][2015-12-18 14:16:49,837][com.java.SeleniumDriver] [  894] -  RESULT true
[INFO ][2015-12-18 14:16:49,837][com.java.SeleniumDriver] [ 1100] - ?   P A S S   ?
[INFO ][2015-12-18 14:16:49,837][com.java.SeleniumDriver] [  821] - ------------------------------------------
[INFO ][2015-12-18 14:16:49,837][com.java.SeleniumDriver] [  822] - Test case being Executed: 7
[INFO ][2015-12-18 14:16:49,837][com.java.SeleniumDriver] [  833] - Test step:29
[INFO ][2015-12-18 14:16:49,837][com.java.SeleniumDriver] [  845] - Datavalue is----------null
[DEBUG][2015-12-18 14:16:49,837][com.java.SeleniumDriver] [  863] - Exception: null
[INFO ][2015-12-18 14:16:49,837][com.java.SeleniumDriver] [  869] - DataField : BTNchkPrivsDesignBoardPackage
[INFO ][2015-12-18 14:16:49,837][com.java.SeleniumDriver] [  871] - DataValue : 
[INFO ][2015-12-18 14:16:49,837][com.java.SeleniumDriver] [  877] - <In Set values of the page>
[INFO ][2015-12-18 14:16:49,837][com.java.SeleniumDriver] [  880] - {Data Fields & Data Values Exist}
[INFO ][2015-12-18 14:16:49,837][com.java.SeleniumDriver] [  882] - --------------------------setting values-----------------------------
[INFO ][2015-12-18 14:16:49,837][com.java.SeleniumDriver] [  885] - Action Type : Click
[INFO ][2015-12-18 14:16:49,837][com.java.TestType] [ 5886] - Field ::BTNchkPrivsDesignBoardPackage
[INFO ][2015-12-18 14:16:49,837][com.java.TestType] [ 5513] - value = 
[INFO ][2015-12-18 14:16:50,851][com.java.TestType] [ 6002] - BEFORE CLICK
[INFO ][2015-12-18 14:16:52,399][com.java.TestType] [ 6009] - Unable to click the object Design Board Package check box
[INFO ][2015-12-18 14:16:52,399][com.java.SeleniumDriver] [  894] -  RESULT true
[INFO ][2015-12-18 14:16:52,399][com.java.SeleniumDriver] [ 1100] - ?   P A S S   ?
[INFO ][2015-12-18 14:16:52,399][com.java.SeleniumDriver] [  821] - ------------------------------------------
[INFO ][2015-12-18 14:16:52,399][com.java.SeleniumDriver] [  822] - Test case being Executed: 7
[INFO ][2015-12-18 14:16:52,399][com.java.SeleniumDriver] [  833] - Test step:30
[INFO ][2015-12-18 14:16:52,399][com.java.SeleniumDriver] [  845] - Datavalue is----------null
[DEBUG][2015-12-18 14:16:52,399][com.java.SeleniumDriver] [  863] - Exception: null
[INFO ][2015-12-18 14:16:52,399][com.java.SeleniumDriver] [  869] - DataField : BTNparent
[INFO ][2015-12-18 14:16:52,399][com.java.SeleniumDriver] [  871] - DataValue : 
[INFO ][2015-12-18 14:16:52,399][com.java.SeleniumDriver] [  877] - <In Set values of the page>
[INFO ][2015-12-18 14:16:52,399][com.java.SeleniumDriver] [  880] - {Data Fields & Data Values Exist}
[INFO ][2015-12-18 14:16:52,399][com.java.SeleniumDriver] [  882] - --------------------------setting values-----------------------------
[INFO ][2015-12-18 14:16:52,399][com.java.SeleniumDriver] [  885] - Action Type : SELECTFRAME
[INFO ][2015-12-18 14:16:52,414][com.java.SeleniumDriver] [  894] -  RESULT true
[INFO ][2015-12-18 14:16:52,414][com.java.SeleniumDriver] [ 1100] - ?   P A S S   ?
[INFO ][2015-12-18 14:16:52,414][com.java.SeleniumDriver] [  821] - ------------------------------------------
[INFO ][2015-12-18 14:16:52,414][com.java.SeleniumDriver] [  822] - Test case being Executed: 7
[INFO ][2015-12-18 14:16:52,414][com.java.SeleniumDriver] [  833] - Test step:31
[INFO ][2015-12-18 14:16:52,414][com.java.SeleniumDriver] [  845] - Datavalue is----------5
[INFO ][2015-12-18 14:16:52,414][com.java.SeleniumDriver] [  869] - DataField : test
[INFO ][2015-12-18 14:16:52,414][com.java.SeleniumDriver] [  871] - DataValue : 5
[INFO ][2015-12-18 14:16:52,414][com.java.SeleniumDriver] [  877] - <In Set values of the page>
[INFO ][2015-12-18 14:16:52,414][com.java.SeleniumDriver] [  880] - {Data Fields & Data Values Exist}
[INFO ][2015-12-18 14:16:52,414][com.java.SeleniumDriver] [  882] - --------------------------setting values-----------------------------
[INFO ][2015-12-18 14:16:52,414][com.java.SeleniumDriver] [  885] - Action Type : WaitTime
[DEBUG][2015-12-18 14:16:52,414][com.java.TestType] [ 5333] - sleepTime: 5000
[INFO ][2015-12-18 14:16:57,422][com.java.SeleniumDriver] [  894] -  RESULT true
[INFO ][2015-12-18 14:16:57,422][com.java.SeleniumDriver] [ 1100] - ?   P A S S   ?
[INFO ][2015-12-18 14:16:57,422][com.java.SeleniumDriver] [  821] - ------------------------------------------
[INFO ][2015-12-18 14:16:57,422][com.java.SeleniumDriver] [  822] - Test case being Executed: 7
[INFO ][2015-12-18 14:16:57,422][com.java.SeleniumDriver] [  833] - Test step:32
[INFO ][2015-12-18 14:16:57,422][com.java.SeleniumDriver] [  845] - Datavalue is----------null
[DEBUG][2015-12-18 14:16:57,422][com.java.SeleniumDriver] [  863] - Exception: null
[INFO ][2015-12-18 14:16:57,422][com.java.SeleniumDriver] [  869] - DataField : XPH//span[contains(text(), 'Finished')]
[INFO ][2015-12-18 14:16:57,422][com.java.SeleniumDriver] [  871] - DataValue : 
[INFO ][2015-12-18 14:16:57,422][com.java.SeleniumDriver] [  877] - <In Set values of the page>
[INFO ][2015-12-18 14:16:57,422][com.java.SeleniumDriver] [  880] - {Data Fields & Data Values Exist}
[INFO ][2015-12-18 14:16:57,422][com.java.SeleniumDriver] [  882] - --------------------------setting values-----------------------------
[INFO ][2015-12-18 14:16:57,422][com.java.SeleniumDriver] [  885] - Action Type : Click
[INFO ][2015-12-18 14:16:57,422][com.java.TestType] [ 5886] - Field ::XPH//span[contains(text(), 'Finished')]
[INFO ][2015-12-18 14:16:57,422][com.java.TestType] [ 5513] - value = 
[INFO ][2015-12-18 14:16:58,437][com.java.TestType] [ 6023] - BEFORE CLICK
[INFO ][2015-12-18 14:17:09,448][com.java.TestType] [ 6031] - Unable to click the object Finished button
[INFO ][2015-12-18 14:17:09,448][com.java.SeleniumDriver] [  894] -  RESULT true
[INFO ][2015-12-18 14:17:09,448][com.java.SeleniumDriver] [ 1100] - ?   P A S S   ?
[INFO ][2015-12-18 14:17:09,448][com.java.SeleniumDriver] [  821] - ------------------------------------------
[INFO ][2015-12-18 14:17:09,448][com.java.SeleniumDriver] [  822] - Test case being Executed: 7
[INFO ][2015-12-18 14:17:09,448][com.java.SeleniumDriver] [  833] - Test step:33
[INFO ][2015-12-18 14:17:09,448][com.java.SeleniumDriver] [  845] - Datavalue is----------5
[INFO ][2015-12-18 14:17:09,448][com.java.SeleniumDriver] [  869] - DataField : BTNframeDialogContent
[INFO ][2015-12-18 14:17:09,448][com.java.SeleniumDriver] [  871] - DataValue : 5
[INFO ][2015-12-18 14:17:09,448][com.java.SeleniumDriver] [  877] - <In Set values of the page>
[INFO ][2015-12-18 14:17:09,448][com.java.SeleniumDriver] [  880] - {Data Fields & Data Values Exist}
[INFO ][2015-12-18 14:17:09,448][com.java.SeleniumDriver] [  882] - --------------------------setting values-----------------------------
[INFO ][2015-12-18 14:17:09,448][com.java.SeleniumDriver] [  885] - Action Type : WaitForElement
[INFO ][2015-12-18 14:17:10,712][com.java.SeleniumDriver] [  894] -  RESULT true
[INFO ][2015-12-18 14:17:10,712][com.java.SeleniumDriver] [ 1100] - ?   P A S S   ?
[INFO ][2015-12-18 14:17:10,712][com.java.SeleniumDriver] [  821] - ------------------------------------------
[INFO ][2015-12-18 14:17:10,712][com.java.SeleniumDriver] [  822] - Test case being Executed: 7
[INFO ][2015-12-18 14:17:10,712][com.java.SeleniumDriver] [  833] - Test step:34
[INFO ][2015-12-18 14:17:10,712][com.java.SeleniumDriver] [  845] - Datavalue is----------null
[DEBUG][2015-12-18 14:17:10,712][com.java.SeleniumDriver] [  863] - Exception: null
[INFO ][2015-12-18 14:17:10,712][com.java.SeleniumDriver] [  869] - DataField : BTNframeDialogContent
[INFO ][2015-12-18 14:17:10,712][com.java.SeleniumDriver] [  871] - DataValue : 
[INFO ][2015-12-18 14:17:10,712][com.java.SeleniumDriver] [  877] - <In Set values of the page>
[INFO ][2015-12-18 14:17:10,712][com.java.SeleniumDriver] [  880] - {Data Fields & Data Values Exist}
[INFO ][2015-12-18 14:17:10,712][com.java.SeleniumDriver] [  882] - --------------------------setting values-----------------------------
[INFO ][2015-12-18 14:17:10,712][com.java.SeleniumDriver] [  885] - Action Type : SELECTFRAME
[INFO ][2015-12-18 14:17:11,978][com.java.SeleniumDriver] [  894] -  RESULT true
[INFO ][2015-12-18 14:17:11,978][com.java.SeleniumDriver] [ 1100] - ?   P A S S   ?
[INFO ][2015-12-18 14:17:11,978][com.java.SeleniumDriver] [  821] - ------------------------------------------
[INFO ][2015-12-18 14:17:11,978][com.java.SeleniumDriver] [  822] - Test case being Executed: 7
[INFO ][2015-12-18 14:17:11,978][com.java.SeleniumDriver] [  833] - Test step:35
[INFO ][2015-12-18 14:17:11,978][com.java.SeleniumDriver] [  845] - Datavalue is----------6
[INFO ][2015-12-18 14:17:11,978][com.java.SeleniumDriver] [  869] - DataField : XPH//table[@id="tblUserListing"]//td[contains(text(),'vltest.robot')]
[INFO ][2015-12-18 14:17:11,978][com.java.SeleniumDriver] [  871] - DataValue : 6
[INFO ][2015-12-18 14:17:11,978][com.java.SeleniumDriver] [  877] - <In Set values of the page>
[INFO ][2015-12-18 14:17:11,978][com.java.SeleniumDriver] [  880] - {Data Fields & Data Values Exist}
[INFO ][2015-12-18 14:17:11,978][com.java.SeleniumDriver] [  882] - --------------------------setting values-----------------------------
[INFO ][2015-12-18 14:17:11,978][com.java.SeleniumDriver] [  885] - Action Type : WaitForElement
[INFO ][2015-12-18 14:17:12,040][com.java.SeleniumDriver] [  894] -  RESULT true
[INFO ][2015-12-18 14:17:12,040][com.java.SeleniumDriver] [ 1100] - ?   P A S S   ?
[INFO ][2015-12-18 14:17:12,040][com.java.SeleniumDriver] [  821] - ------------------------------------------
[INFO ][2015-12-18 14:17:12,040][com.java.SeleniumDriver] [  822] - Test case being Executed: 7
[INFO ][2015-12-18 14:17:12,040][com.java.SeleniumDriver] [  833] - Test step:36
[INFO ][2015-12-18 14:17:12,040][com.java.SeleniumDriver] [  845] - Datavalue is----------dt:NewUserName
[INFO ][2015-12-18 14:17:12,040][com.java.SeleniumDriver] [  869] - DataField : USR
[INFO ][2015-12-18 14:17:12,040][com.java.SeleniumDriver] [  871] - DataValue : dt:NewUserName
[INFO ][2015-12-18 14:17:12,040][com.java.SeleniumDriver] [  877] - <In Set values of the page>
[INFO ][2015-12-18 14:17:12,040][com.java.SeleniumDriver] [  880] - {Data Fields & Data Values Exist}
[INFO ][2015-12-18 14:17:12,040][com.java.SeleniumDriver] [  882] - --------------------------setting values-----------------------------
[INFO ][2015-12-18 14:17:12,040][com.java.SeleniumDriver] [  885] - Action Type : Verify
[INFO ][2015-12-18 14:17:12,040][com.java.TestType] [ 6829] - field= USR value= dt:NewUserName
[INFO ][2015-12-18 14:17:12,040][com.java.TestType] [ 5513] - value = vltest.robot
[INFO ][2015-12-18 14:17:12,103][com.java.SeleniumDriver] [  894] -  RESULT true
[INFO ][2015-12-18 14:17:12,103][com.java.SeleniumDriver] [ 1100] - ?   P A S S   ?
[INFO ][2015-12-18 14:17:12,103][com.java.SeleniumDriver] [  821] - ------------------------------------------
[INFO ][2015-12-18 14:17:12,103][com.java.SeleniumDriver] [  822] - Test case being Executed: 7
[INFO ][2015-12-18 14:17:12,103][com.java.SeleniumDriver] [  833] - Test step:37
[INFO ][2015-12-18 14:17:12,103][com.java.SeleniumDriver] [  845] - Datavalue is----------Login_username
[INFO ][2015-12-18 14:17:12,103][com.java.SeleniumDriver] [  869] - DataField : XPH//table[@id="tblUserListing"]//td[contains(text(),'vltest.robot')]
[INFO ][2015-12-18 14:17:12,103][com.java.SeleniumDriver] [  871] - DataValue : Login_username
[INFO ][2015-12-18 14:17:12,103][com.java.SeleniumDriver] [  877] - <In Set values of the page>
[INFO ][2015-12-18 14:17:12,103][com.java.SeleniumDriver] [  880] - {Data Fields & Data Values Exist}
[INFO ][2015-12-18 14:17:12,103][com.java.SeleniumDriver] [  882] - --------------------------setting values-----------------------------
[INFO ][2015-12-18 14:17:12,103][com.java.SeleniumDriver] [  885] - Action Type : STOREVALUE
[INFO ][2015-12-18 14:17:12,103][com.java.TestType] [ 8009] - field= XPH//table[@id="tblUserListing"]//td[contains(text(),'vltest.robot')]
[DEBUG][2015-12-18 14:17:12,212][com.java.TestType] [ 8061] - Key:: Login_username   Value:: vltest.robot.03890
[INFO ][2015-12-18 14:17:12,212][com.java.SeleniumDriver] [  894] -  RESULT true
[INFO ][2015-12-18 14:17:12,212][com.java.SeleniumDriver] [ 1100] - ?   P A S S   ?
[INFO ][2015-12-18 14:17:12,212][com.java.SeleniumDriver] [  821] - ------------------------------------------
[INFO ][2015-12-18 14:17:12,212][com.java.SeleniumDriver] [  822] - Test case being Executed: 7
[INFO ][2015-12-18 14:17:12,212][com.java.SeleniumDriver] [  833] - Test step:38
[INFO ][2015-12-18 14:17:12,212][com.java.SeleniumDriver] [  845] - Datavalue is----------null
[DEBUG][2015-12-18 14:17:12,212][com.java.SeleniumDriver] [  863] - Exception: null
[INFO ][2015-12-18 14:17:12,212][com.java.SeleniumDriver] [  869] - DataField : BTNparent
[INFO ][2015-12-18 14:17:12,212][com.java.SeleniumDriver] [  871] - DataValue : 
[INFO ][2015-12-18 14:17:12,212][com.java.SeleniumDriver] [  877] - <In Set values of the page>
[INFO ][2015-12-18 14:17:12,212][com.java.SeleniumDriver] [  880] - {Data Fields & Data Values Exist}
[INFO ][2015-12-18 14:17:12,212][com.java.SeleniumDriver] [  882] - --------------------------setting values-----------------------------
[INFO ][2015-12-18 14:17:12,212][com.java.SeleniumDriver] [  885] - Action Type : SelectFrame
[INFO ][2015-12-18 14:17:12,228][com.java.SeleniumDriver] [  894] -  RESULT true
[INFO ][2015-12-18 14:17:12,228][com.java.SeleniumDriver] [ 1100] - ?   P A S S   ?
[INFO ][2015-12-18 14:17:12,228][com.java.SeleniumDriver] [  821] - ------------------------------------------
[INFO ][2015-12-18 14:17:12,228][com.java.SeleniumDriver] [  822] - Test case being Executed: 7
[INFO ][2015-12-18 14:17:12,228][com.java.SeleniumDriver] [  833] - Test step:39
[INFO ][2015-12-18 14:17:12,228][com.java.SeleniumDriver] [  845] - Datavalue is----------null
[DEBUG][2015-12-18 14:17:12,228][com.java.SeleniumDriver] [  863] - Exception: null
[INFO ][2015-12-18 14:17:12,228][com.java.SeleniumDriver] [  869] - DataField : XPH//span[contains(text(), 'Finished')]
[INFO ][2015-12-18 14:17:12,228][com.java.SeleniumDriver] [  871] - DataValue : 
[INFO ][2015-12-18 14:17:12,228][com.java.SeleniumDriver] [  877] - <In Set values of the page>
[INFO ][2015-12-18 14:17:12,228][com.java.SeleniumDriver] [  880] - {Data Fields & Data Values Exist}
[INFO ][2015-12-18 14:17:12,228][com.java.SeleniumDriver] [  882] - --------------------------setting values-----------------------------
[INFO ][2015-12-18 14:17:12,228][com.java.SeleniumDriver] [  885] - Action Type : Click
[INFO ][2015-12-18 14:17:12,228][com.java.TestType] [ 5886] - Field ::XPH//span[contains(text(), 'Finished')]
[INFO ][2015-12-18 14:17:12,228][com.java.TestType] [ 5513] - value = 
[INFO ][2015-12-18 14:17:13,242][com.java.TestType] [ 6023] - BEFORE CLICK
[INFO ][2015-12-18 14:17:14,443][com.java.TestType] [ 6031] - Unable to click the object Finished button
[INFO ][2015-12-18 14:17:14,443][com.java.SeleniumDriver] [  894] -  RESULT true
[INFO ][2015-12-18 14:17:14,443][com.java.SeleniumDriver] [ 1100] - ?   P A S S   ?
[INFO ][2015-12-18 14:17:14,443][com.java.SeleniumDriver] [  821] - ------------------------------------------
[INFO ][2015-12-18 14:17:14,443][com.java.SeleniumDriver] [  822] - Test case being Executed: 7
[INFO ][2015-12-18 14:17:14,443][com.java.SeleniumDriver] [  833] - Test step:40
[INFO ][2015-12-18 14:17:14,443][com.java.SeleniumDriver] [  845] - Datavalue is----------Concept#3:1-2
[INFO ][2015-12-18 14:17:14,443][com.java.SeleniumDriver] [  869] - DataField : test
[INFO ][2015-12-18 14:17:14,443][com.java.SeleniumDriver] [  871] - DataValue : Concept#3:1-2
[INFO ][2015-12-18 14:17:14,443][com.java.SeleniumDriver] [  877] - <In Set values of the page>
[INFO ][2015-12-18 14:17:14,443][com.java.SeleniumDriver] [  880] - {Data Fields & Data Values Exist}
[INFO ][2015-12-18 14:17:14,443][com.java.SeleniumDriver] [  882] - --------------------------setting values-----------------------------
[INFO ][2015-12-18 14:17:14,443][com.java.SeleniumDriver] [  885] - Action Type : ExecuteTestCase
[INFO ][2015-12-18 14:17:14,443][com.java.TestType] [  437] - The Concept sheet name is ---------- Concept
[INFO ][2015-12-18 14:17:14,443][com.java.TestType] [  440] - The Concept ID  is ---------- 3
[DEBUG][2015-12-18 14:17:14,443][com.java.TestType] [  444] - Steps being executted in the Concept are: 1:2
[INFO ][2015-12-18 14:17:14,443][com.java.TestType] [  451] - Test data details path ---------- D:\BankersDashboard\TestInputs\TestData.xls
[INFO ][2015-12-18 14:17:14,459][com.java.TestType] [  482] -  str(1) = 3
[INFO ][2015-12-18 14:17:14,459][com.java.TestType] [  485] - Test case Id is---3
[INFO ][2015-12-18 14:17:14,475][com.java.TestType] [  487] - 3
[INFO ][2015-12-18 14:17:14,475][com.java.TestType] [  482] -  str(2) = 1
[INFO ][2015-12-18 14:17:14,475][com.java.TestType] [  534] - row values are--------{1=com.java.Objects.TestDataDetails@17256ca}
[INFO ][2015-12-18 14:17:14,475][com.java.TestType] [  482] -  str(1) = 3
[INFO ][2015-12-18 14:17:14,475][com.java.TestType] [  485] - Test case Id is---3
[INFO ][2015-12-18 14:17:14,475][com.java.TestType] [  487] - 3
[INFO ][2015-12-18 14:17:14,475][com.java.TestType] [  482] -  str(2) = 2
[INFO ][2015-12-18 14:17:14,475][com.java.TestType] [  534] - row values are--------{1=com.java.Objects.TestDataDetails@17256ca, 2=com.java.Objects.TestDataDetails@1af1ee6}
[INFO ][2015-12-18 14:17:14,475][com.java.TestType] [10143] - Looping 1TCID = 3
[DEBUG][2015-12-18 14:17:14,475][com.java.TestType] [10184] - Concept ID:3 :: Step being Executed: 3::1
[INFO ][2015-12-18 14:17:14,475][com.java.TestType] [10222] - dataFields : test
[DEBUG][2015-12-18 14:17:14,475][com.java.TestType] [10228] - <In Set values of the page>
[DEBUG][2015-12-18 14:17:14,475][com.java.TestType] [10233] - {Data Fields & Data Values Exist}
[INFO ][2015-12-18 14:17:14,475][com.java.TestType] [10239] - --------------------------setting values-----------------------------
[INFO ][2015-12-18 14:17:14,475][com.java.TestType] [10242] - Action Type : Logout
[INFO ][2015-12-18 14:17:16,667][com.java.TestType] [ 5886] - Field ::CNF
[INFO ][2015-12-18 14:17:16,667][com.java.TestType] [ 5513] - value = OK
[INFO ][2015-12-18 14:17:18,976][com.java.TestType] [ 6019] - Click the object confirmation
[INFO ][2015-12-18 14:17:18,976][com.java.TestType] [ 6020] - Unable to click the object confirmation
[DEBUG][2015-12-18 14:17:20,468][com.java.SeleniumDriver] [  426] - Hub ip address is-------172.17.68.34
[INFO ][2015-12-18 14:17:20,468][com.java.SeleniumDriver] [  452] - Grid URL:http://172.17.68.34:4444/wd/hub
[INFO ][2015-12-18 14:17:20,468][com.java.SeleniumDriver] [  453] - Capability:Capabilities [{platform=ANY, ensureCleanSession=true, ignoreProtectedModeSettings=true, acceptSslCerts=true, ignoreZoomSetting=true, browserName=internet explorer, browserstack.ie.noFlash=true, version=null}]
[ERROR][2015-12-18 14:17:21,498][com.java.SeleniumDriver] [  497] - Unable invoke browser in grid:Could not start a new session. Possible causes are invalid address of the remote server or browser start-up failure.
Build info: version: '2.48.2', revision: '41bccdd', time: '2015-10-09 19:59:12'
System info: host: 'FVTIII438F1D', ip: '172.17.68.34', os.name: 'Windows 7', os.arch: 'x86', os.version: '6.1', java.version: '1.7.0_55'
Driver info: driver.version: SeleniumDriver
[INFO ][2015-12-18 14:17:21,498][com.java.SeleniumDriver] [  499] - Executing on local machine
[INFO ][2015-12-18 14:17:34,114][com.java.TestType] [10261] -  RESULT true
[INFO ][2015-12-18 14:17:34,114][com.java.TestType] [10378] - ?   P A S S   ?
[DEBUG][2015-12-18 14:17:34,114][com.java.TestType] [10184] - Concept ID:3 :: Step being Executed: 3::2
[INFO ][2015-12-18 14:17:34,114][com.java.TestType] [10222] - dataFields : test
[DEBUG][2015-12-18 14:17:34,114][com.java.TestType] [10228] - <In Set values of the page>
[DEBUG][2015-12-18 14:17:34,114][com.java.TestType] [10233] - {Data Fields & Data Values Exist}
[INFO ][2015-12-18 14:17:34,114][com.java.TestType] [10239] - --------------------------setting values-----------------------------
[INFO ][2015-12-18 14:17:34,114][com.java.TestType] [10242] - Action Type : WaitTime
[DEBUG][2015-12-18 14:17:34,114][com.java.TestType] [ 5333] - sleepTime: 2000
[INFO ][2015-12-18 14:17:36,127][com.java.TestType] [10261] -  RESULT true
[INFO ][2015-12-18 14:17:36,127][com.java.TestType] [10378] - ?   P A S S   ?
[INFO ][2015-12-18 14:17:36,127][com.java.TestType] [10449] - Looping End......
[INFO ][2015-12-18 14:17:36,127][com.java.SeleniumDriver] [  894] -  RESULT true
[INFO ][2015-12-18 14:17:36,127][com.java.SeleniumDriver] [ 1100] - ?   P A S S   ?
[INFO ][2015-12-18 14:17:36,127][com.java.SeleniumDriver] [  821] - ------------------------------------------
[INFO ][2015-12-18 14:17:36,127][com.java.SeleniumDriver] [  822] - Test case being Executed: 7
[INFO ][2015-12-18 14:17:36,127][com.java.SeleniumDriver] [  833] - Test step:41
[INFO ][2015-12-18 14:17:36,127][com.java.SeleniumDriver] [  845] - Datavalue is----------HMVLogin_username
[INFO ][2015-12-18 14:17:36,127][com.java.SeleniumDriver] [  869] - DataField : TXTusername
[INFO ][2015-12-18 14:17:36,127][com.java.SeleniumDriver] [  871] - DataValue : HMVLogin_username
[INFO ][2015-12-18 14:17:36,127][com.java.SeleniumDriver] [  877] - <In Set values of the page>
[INFO ][2015-12-18 14:17:36,127][com.java.SeleniumDriver] [  880] - {Data Fields & Data Values Exist}
[INFO ][2015-12-18 14:17:36,127][com.java.SeleniumDriver] [  882] - --------------------------setting values-----------------------------
[INFO ][2015-12-18 14:17:36,127][com.java.SeleniumDriver] [  885] - Action Type : CLEARANDENTER
[INFO ][2015-12-18 14:17:36,127][com.java.TestType] [ 5513] - value = vltest.robot.03890
[INFO ][2015-12-18 14:17:41,179][com.java.SeleniumDriver] [  894] -  RESULT true
[INFO ][2015-12-18 14:17:41,179][com.java.SeleniumDriver] [ 1100] - ?   P A S S   ?
[INFO ][2015-12-18 14:17:41,179][com.java.SeleniumDriver] [  821] - ------------------------------------------
[INFO ][2015-12-18 14:17:41,179][com.java.SeleniumDriver] [  822] - Test case being Executed: 7
[INFO ][2015-12-18 14:17:41,179][com.java.SeleniumDriver] [  833] - Test step:42
[INFO ][2015-12-18 14:17:41,179][com.java.SeleniumDriver] [  845] - Datavalue is----------dt:NewUserPswd
[INFO ][2015-12-18 14:17:41,179][com.java.SeleniumDriver] [  869] - DataField : TXTpassword
[INFO ][2015-12-18 14:17:41,179][com.java.SeleniumDriver] [  871] - DataValue : dt:NewUserPswd
[INFO ][2015-12-18 14:17:41,179][com.java.SeleniumDriver] [  877] - <In Set values of the page>
[INFO ][2015-12-18 14:17:41,179][com.java.SeleniumDriver] [  880] - {Data Fields & Data Values Exist}
[INFO ][2015-12-18 14:17:41,179][com.java.SeleniumDriver] [  882] - --------------------------setting values-----------------------------
[INFO ][2015-12-18 14:17:41,179][com.java.SeleniumDriver] [  885] - Action Type : CLEARANDENTER
[INFO ][2015-12-18 14:17:41,179][com.java.TestType] [ 5513] - value = Password1*
[INFO ][2015-12-18 14:17:46,395][com.java.SeleniumDriver] [  894] -  RESULT true
[INFO ][2015-12-18 14:17:46,395][com.java.SeleniumDriver] [ 1100] - ?   P A S S   ?
[INFO ][2015-12-18 14:17:46,395][com.java.SeleniumDriver] [  821] - ------------------------------------------
[INFO ][2015-12-18 14:17:46,395][com.java.SeleniumDriver] [  822] - Test case being Executed: 7
[INFO ][2015-12-18 14:17:46,395][com.java.SeleniumDriver] [  833] - Test step:43
[INFO ][2015-12-18 14:17:46,395][com.java.SeleniumDriver] [  845] - Datavalue is----------null
[DEBUG][2015-12-18 14:17:46,395][com.java.SeleniumDriver] [  863] - Exception: null
[INFO ][2015-12-18 14:17:46,395][com.java.SeleniumDriver] [  869] - DataField : XPH//button[@type='submit']
[INFO ][2015-12-18 14:17:46,395][com.java.SeleniumDriver] [  871] - DataValue : 
[INFO ][2015-12-18 14:17:46,395][com.java.SeleniumDriver] [  877] - <In Set values of the page>
[INFO ][2015-12-18 14:17:46,395][com.java.SeleniumDriver] [  880] - {Data Fields & Data Values Exist}
[INFO ][2015-12-18 14:17:46,395][com.java.SeleniumDriver] [  882] - --------------------------setting values-----------------------------
[INFO ][2015-12-18 14:17:46,395][com.java.SeleniumDriver] [  885] - Action Type : Click
[INFO ][2015-12-18 14:17:46,395][com.java.TestType] [ 5886] - Field ::XPH//button[@type='submit']
[INFO ][2015-12-18 14:17:46,395][com.java.TestType] [ 5513] - value = 
[INFO ][2015-12-18 14:17:47,409][com.java.TestType] [ 6023] - BEFORE CLICK
[INFO ][2015-12-18 14:17:48,428][com.java.TestType] [ 6031] - Unable to click the object Login
[INFO ][2015-12-18 14:17:48,428][com.java.SeleniumDriver] [  894] -  RESULT true
[INFO ][2015-12-18 14:17:48,428][com.java.SeleniumDriver] [ 1100] - ?   P A S S   ?
[INFO ][2015-12-18 14:17:48,428][com.java.SeleniumDriver] [  821] - ------------------------------------------
[INFO ][2015-12-18 14:17:48,428][com.java.SeleniumDriver] [  822] - Test case being Executed: 7
[INFO ][2015-12-18 14:17:48,428][com.java.SeleniumDriver] [  833] - Test step:44
[INFO ][2015-12-18 14:17:48,428][com.java.SeleniumDriver] [  845] - Datavalue is----------10
[INFO ][2015-12-18 14:17:48,428][com.java.SeleniumDriver] [  869] - DataField : test
[INFO ][2015-12-18 14:17:48,428][com.java.SeleniumDriver] [  871] - DataValue : 10
[INFO ][2015-12-18 14:17:48,428][com.java.SeleniumDriver] [  877] - <In Set values of the page>
[INFO ][2015-12-18 14:17:48,428][com.java.SeleniumDriver] [  880] - {Data Fields & Data Values Exist}
[INFO ][2015-12-18 14:17:48,428][com.java.SeleniumDriver] [  882] - --------------------------setting values-----------------------------
[INFO ][2015-12-18 14:17:48,428][com.java.SeleniumDriver] [  885] - Action Type : WaitTime
[DEBUG][2015-12-18 14:17:48,428][com.java.TestType] [ 5333] - sleepTime: 10000
[INFO ][2015-12-18 14:17:58,428][com.java.SeleniumDriver] [  894] -  RESULT true
[INFO ][2015-12-18 14:17:58,428][com.java.SeleniumDriver] [ 1100] - ?   P A S S   ?
[INFO ][2015-12-18 14:17:58,428][com.java.SeleniumDriver] [  821] - ------------------------------------------
[INFO ][2015-12-18 14:17:58,428][com.java.SeleniumDriver] [  822] - Test case being Executed: 7
[INFO ][2015-12-18 14:17:58,428][com.java.SeleniumDriver] [  833] - Test step:45
[INFO ][2015-12-18 14:17:58,428][com.java.SeleniumDriver] [  845] - Datavalue is----------3
[INFO ][2015-12-18 14:17:58,428][com.java.SeleniumDriver] [  869] - DataField : LNKLogout
[INFO ][2015-12-18 14:17:58,428][com.java.SeleniumDriver] [  871] - DataValue : 3
[INFO ][2015-12-18 14:17:58,428][com.java.SeleniumDriver] [  877] - <In Set values of the page>
[INFO ][2015-12-18 14:17:58,428][com.java.SeleniumDriver] [  880] - {Data Fields & Data Values Exist}
[INFO ][2015-12-18 14:17:58,428][com.java.SeleniumDriver] [  882] - --------------------------setting values-----------------------------
[INFO ][2015-12-18 14:17:58,428][com.java.SeleniumDriver] [  885] - Action Type : WaitForElement
[DEBUG][2015-12-18 14:18:56,407][com.java.TestType] [ 6541] - link=Logout   :: Link not Found
[INFO ][2015-12-18 14:18:56,407][com.java.SeleniumDriver] [  894] -  RESULT false
[INFO ][2015-12-18 14:18:56,407][com.java.SeleniumDriver] [  941] - ?   F A I L   ?
[INFO ][2015-12-18 14:18:56,407][com.java.SeleniumDriver] [  949] - Browser Type : IE10
[INFO ][2015-12-18 14:18:56,407][com.java.SeleniumDriver] [  950] - Adding Failed case7
[DEBUG][2015-12-18 14:18:57,312][com.java.SeleniumDriver] [ 1018] -  tdd.getCondition() IF:48:Next
[INFO ][2015-12-18 14:18:57,312][com.java.SeleniumDriver] [ 1022] - Continue next step...
[INFO ][2015-12-18 14:18:57,312][com.java.SeleniumDriver] [  821] - ------------------------------------------
[INFO ][2015-12-18 14:18:57,312][com.java.SeleniumDriver] [  822] - Test case being Executed: 7
[INFO ][2015-12-18 14:18:57,312][com.java.SeleniumDriver] [  833] - Test step:46
[INFO ][2015-12-18 14:18:57,312][com.java.SeleniumDriver] [  845] - Datavalue is----------Concept#1:6-16
[INFO ][2015-12-18 14:18:57,312][com.java.SeleniumDriver] [  869] - DataField : test
[INFO ][2015-12-18 14:18:57,312][com.java.SeleniumDriver] [  871] - DataValue : Concept#1:6-16
[INFO ][2015-12-18 14:18:57,312][com.java.SeleniumDriver] [  877] - <In Set values of the page>
[INFO ][2015-12-18 14:18:57,312][com.java.SeleniumDriver] [  880] - {Data Fields & Data Values Exist}
[INFO ][2015-12-18 14:18:57,312][com.java.SeleniumDriver] [  882] - --------------------------setting values-----------------------------
[INFO ][2015-12-18 14:18:57,312][com.java.SeleniumDriver] [  885] - Action Type : ExecuteTestCase
[INFO ][2015-12-18 14:18:57,312][com.java.TestType] [  437] - The Concept sheet name is ---------- Concept
[INFO ][2015-12-18 14:18:57,312][com.java.TestType] [  440] - The Concept ID  is ---------- 1
[DEBUG][2015-12-18 14:18:57,312][com.java.TestType] [  444] - Steps being executted in the Concept are: 6:16
[INFO ][2015-12-18 14:18:57,312][com.java.TestType] [  451] - Test data details path ---------- D:\BankersDashboard\TestInputs\TestData.xls
[INFO ][2015-12-18 14:18:57,344][com.java.TestType] [  482] -  str(1) = 1
[INFO ][2015-12-18 14:18:57,344][com.java.TestType] [  485] - Test case Id is---1
[INFO ][2015-12-18 14:18:57,344][com.java.TestType] [  487] - 1
[INFO ][2015-12-18 14:18:57,344][com.java.TestType] [  482] -  str(2) = 1
[INFO ][2015-12-18 14:18:57,344][com.java.TestType] [  534] - row values are--------{1=com.java.Objects.TestDataDetails@1ec379c}
[INFO ][2015-12-18 14:18:57,344][com.java.TestType] [  482] -  str(1) = 1
[INFO ][2015-12-18 14:18:57,344][com.java.TestType] [  485] - Test case Id is---1
[INFO ][2015-12-18 14:18:57,344][com.java.TestType] [  487] - 1
[INFO ][2015-12-18 14:18:57,344][com.java.TestType] [  482] -  str(2) = 2
[INFO ][2015-12-18 14:18:57,344][com.java.TestType] [  534] - row values are--------{1=com.java.Objects.TestDataDetails@1ec379c, 2=com.java.Objects.TestDataDetails@12c502f}
[INFO ][2015-12-18 14:18:57,344][com.java.TestType] [  482] -  str(1) = 1
[INFO ][2015-12-18 14:18:57,344][com.java.TestType] [  485] - Test case Id is---1
[INFO ][2015-12-18 14:18:57,344][com.java.TestType] [  487] - 1
[INFO ][2015-12-18 14:18:57,344][com.java.TestType] [  482] -  str(2) = 3
[INFO ][2015-12-18 14:18:57,344][com.java.TestType] [  534] - row values are--------{1=com.java.Objects.TestDataDetails@1ec379c, 2=com.java.Objects.TestDataDetails@12c502f, 3=com.java.Objects.TestDataDetails@d77502}
[INFO ][2015-12-18 14:18:57,344][com.java.TestType] [  482] -  str(1) = 1
[INFO ][2015-12-18 14:18:57,344][com.java.TestType] [  485] - Test case Id is---1
[INFO ][2015-12-18 14:18:57,344][com.java.TestType] [  487] - 1
[INFO ][2015-12-18 14:18:57,344][com.java.TestType] [  482] -  str(2) = 4
[INFO ][2015-12-18 14:18:57,344][com.java.TestType] [  534] - row values are--------{1=com.java.Objects.TestDataDetails@1ec379c, 2=com.java.Objects.TestDataDetails@12c502f, 3=com.java.Objects.TestDataDetails@d77502, 4=com.java.Objects.TestDataDetails@b4dcbd}
[INFO ][2015-12-18 14:18:57,344][com.java.TestType] [  482] -  str(1) = 1
[INFO ][2015-12-18 14:18:57,344][com.java.TestType] [  485] - Test case Id is---1
[INFO ][2015-12-18 14:18:57,344][com.java.TestType] [  487] - 1
[INFO ][2015-12-18 14:18:57,344][com.java.TestType] [  482] -  str(2) = 5
[INFO ][2015-12-18 14:18:57,344][com.java.TestType] [  534] - row values are--------{1=com.java.Objects.TestDataDetails@1ec379c, 2=com.java.Objects.TestDataDetails@12c502f, 3=com.java.Objects.TestDataDetails@d77502, 4=com.java.Objects.TestDataDetails@b4dcbd, 5=com.java.Objects.TestDataDetails@14cd1be}
[INFO ][2015-12-18 14:18:57,344][com.java.TestType] [  482] -  str(1) = 1
[INFO ][2015-12-18 14:18:57,344][com.java.TestType] [  485] - Test case Id is---1
[INFO ][2015-12-18 14:18:57,344][com.java.TestType] [  487] - 1
[INFO ][2015-12-18 14:18:57,344][com.java.TestType] [  482] -  str(2) = 6
[INFO ][2015-12-18 14:18:57,359][com.java.TestType] [  534] - row values are--------{1=com.java.Objects.TestDataDetails@1ec379c, 2=com.java.Objects.TestDataDetails@12c502f, 3=com.java.Objects.TestDataDetails@d77502, 4=com.java.Objects.TestDataDetails@b4dcbd, 5=com.java.Objects.TestDataDetails@14cd1be, 6=com.java.Objects.TestDataDetails@15c8824}
[INFO ][2015-12-18 14:18:57,359][com.java.TestType] [  482] -  str(1) = 1
[INFO ][2015-12-18 14:18:57,359][com.java.TestType] [  485] - Test case Id is---1
[INFO ][2015-12-18 14:18:57,359][com.java.TestType] [  487] - 1
[INFO ][2015-12-18 14:18:57,359][com.java.TestType] [  482] -  str(2) = 7
[INFO ][2015-12-18 14:18:57,359][com.java.TestType] [  534] - row values are--------{1=com.java.Objects.TestDataDetails@1ec379c, 2=com.java.Objects.TestDataDetails@12c502f, 3=com.java.Objects.TestDataDetails@d77502, 4=com.java.Objects.TestDataDetails@b4dcbd, 5=com.java.Objects.TestDataDetails@14cd1be, 6=com.java.Objects.TestDataDetails@15c8824, 7=com.java.Objects.TestDataDetails@5f0b44}
[INFO ][2015-12-18 14:18:57,359][com.java.TestType] [  482] -  str(1) = 1
[INFO ][2015-12-18 14:18:57,359][com.java.TestType] [  485] - Test case Id is---1
[INFO ][2015-12-18 14:18:57,359][com.java.TestType] [  487] - 1
[INFO ][2015-12-18 14:18:57,359][com.java.TestType] [  482] -  str(2) = 8
[INFO ][2015-12-18 14:18:57,359][com.java.TestType] [  534] - row values are--------{1=com.java.Objects.TestDataDetails@1ec379c, 2=com.java.Objects.TestDataDetails@12c502f, 3=com.java.Objects.TestDataDetails@d77502, 4=com.java.Objects.TestDataDetails@b4dcbd, 5=com.java.Objects.TestDataDetails@14cd1be, 6=com.java.Objects.TestDataDetails@15c8824, 7=com.java.Objects.TestDataDetails@5f0b44, 8=com.java.Objects.TestDataDetails@65bb84}
[INFO ][2015-12-18 14:18:57,359][com.java.TestType] [  482] -  str(1) = 1
[INFO ][2015-12-18 14:18:57,359][com.java.TestType] [  485] - Test case Id is---1
[INFO ][2015-12-18 14:18:57,359][com.java.TestType] [  487] - 1
[INFO ][2015-12-18 14:18:57,359][com.java.TestType] [  482] -  str(2) = 9
[INFO ][2015-12-18 14:18:57,359][com.java.TestType] [  534] - row values are--------{1=com.java.Objects.TestDataDetails@1ec379c, 2=com.java.Objects.TestDataDetails@12c502f, 3=com.java.Objects.TestDataDetails@d77502, 4=com.java.Objects.TestDataDetails@b4dcbd, 5=com.java.Objects.TestDataDetails@14cd1be, 6=com.java.Objects.TestDataDetails@15c8824, 7=com.java.Objects.TestDataDetails@5f0b44, 8=com.java.Objects.TestDataDetails@65bb84, 9=com.java.Objects.TestDataDetails@167ed85}
[INFO ][2015-12-18 14:18:57,359][com.java.TestType] [  482] -  str(1) = 1
[INFO ][2015-12-18 14:18:57,359][com.java.TestType] [  485] - Test case Id is---1
[INFO ][2015-12-18 14:18:57,359][com.java.TestType] [  487] - 1
[INFO ][2015-12-18 14:18:57,359][com.java.TestType] [  482] -  str(2) = 10
[INFO ][2015-12-18 14:18:57,359][com.java.TestType] [  534] - row values are--------{1=com.java.Objects.TestDataDetails@1ec379c, 2=com.java.Objects.TestDataDetails@12c502f, 3=com.java.Objects.TestDataDetails@d77502, 4=com.java.Objects.TestDataDetails@b4dcbd, 5=com.java.Objects.TestDataDetails@14cd1be, 6=com.java.Objects.TestDataDetails@15c8824, 7=com.java.Objects.TestDataDetails@5f0b44, 8=com.java.Objects.TestDataDetails@65bb84, 9=com.java.Objects.TestDataDetails@167ed85, 10=com.java.Objects.TestDataDetails@124a0db}
[INFO ][2015-12-18 14:18:57,359][com.java.TestType] [  482] -  str(1) = 1
[INFO ][2015-12-18 14:18:57,359][com.java.TestType] [  485] - Test case Id is---1
[INFO ][2015-12-18 14:18:57,359][com.java.TestType] [  487] - 1
[INFO ][2015-12-18 14:18:57,359][com.java.TestType] [  482] -  str(2) = 11
[INFO ][2015-12-18 14:18:57,359][com.java.TestType] [  534] - row values are--------{1=com.java.Objects.TestDataDetails@1ec379c, 2=com.java.Objects.TestDataDetails@12c502f, 3=com.java.Objects.TestDataDetails@d77502, 4=com.java.Objects.TestDataDetails@b4dcbd, 5=com.java.Objects.TestDataDetails@14cd1be, 6=com.java.Objects.TestDataDetails@15c8824, 7=com.java.Objects.TestDataDetails@5f0b44, 8=com.java.Objects.TestDataDetails@65bb84, 9=com.java.Objects.TestDataDetails@167ed85, 10=com.java.Objects.TestDataDetails@124a0db, 11=com.java.Objects.TestDataDetails@8e0d42}
[INFO ][2015-12-18 14:18:57,359][com.java.TestType] [  482] -  str(1) = 1
[INFO ][2015-12-18 14:18:57,359][com.java.TestType] [  485] - Test case Id is---1
[INFO ][2015-12-18 14:18:57,359][com.java.TestType] [  487] - 1
[INFO ][2015-12-18 14:18:57,359][com.java.TestType] [  482] -  str(2) = 12
[INFO ][2015-12-18 14:18:57,359][com.java.TestType] [  534] - row values are--------{1=com.java.Objects.TestDataDetails@1ec379c, 2=com.java.Objects.TestDataDetails@12c502f, 3=com.java.Objects.TestDataDetails@d77502, 4=com.java.Objects.TestDataDetails@b4dcbd, 5=com.java.Objects.TestDataDetails@14cd1be, 6=com.java.Objects.TestDataDetails@15c8824, 7=com.java.Objects.TestDataDetails@5f0b44, 8=com.java.Objects.TestDataDetails@65bb84, 9=com.java.Objects.TestDataDetails@167ed85, 10=com.java.Objects.TestDataDetails@124a0db, 11=com.java.Objects.TestDataDetails@8e0d42, 12=com.java.Objects.TestDataDetails@182fc0a}
[INFO ][2015-12-18 14:18:57,359][com.java.TestType] [  482] -  str(1) = 1
[INFO ][2015-12-18 14:18:57,359][com.java.TestType] [  485] - Test case Id is---1
[INFO ][2015-12-18 14:18:57,359][com.java.TestType] [  487] - 1
[INFO ][2015-12-18 14:18:57,359][com.java.TestType] [  482] -  str(2) = 13
[INFO ][2015-12-18 14:18:57,359][com.java.TestType] [  534] - row values are--------{1=com.java.Objects.TestDataDetails@1ec379c, 2=com.java.Objects.TestDataDetails@12c502f, 3=com.java.Objects.TestDataDetails@d77502, 4=com.java.Objects.TestDataDetails@b4dcbd, 5=com.java.Objects.TestDataDetails@14cd1be, 6=com.java.Objects.TestDataDetails@15c8824, 7=com.java.Objects.TestDataDetails@5f0b44, 8=com.java.Objects.TestDataDetails@65bb84, 9=com.java.Objects.TestDataDetails@167ed85, 10=com.java.Objects.TestDataDetails@124a0db, 11=com.java.Objects.TestDataDetails@8e0d42, 12=com.java.Objects.TestDataDetails@182fc0a, 13=com.java.Objects.TestDataDetails@bbd4d9}
[INFO ][2015-12-18 14:18:57,359][com.java.TestType] [  482] -  str(1) = 1
[INFO ][2015-12-18 14:18:57,359][com.java.TestType] [  485] - Test case Id is---1
[INFO ][2015-12-18 14:18:57,359][com.java.TestType] [  487] - 1
[INFO ][2015-12-18 14:18:57,359][com.java.TestType] [  482] -  str(2) = 14
[INFO ][2015-12-18 14:18:57,359][com.java.TestType] [  534] - row values are--------{1=com.java.Objects.TestDataDetails@1ec379c, 2=com.java.Objects.TestDataDetails@12c502f, 3=com.java.Objects.TestDataDetails@d77502, 4=com.java.Objects.TestDataDetails@b4dcbd, 5=com.java.Objects.TestDataDetails@14cd1be, 6=com.java.Objects.TestDataDetails@15c8824, 7=com.java.Objects.TestDataDetails@5f0b44, 8=com.java.Objects.TestDataDetails@65bb84, 9=com.java.Objects.TestDataDetails@167ed85, 10=com.java.Objects.TestDataDetails@124a0db, 11=com.java.Objects.TestDataDetails@8e0d42, 12=com.java.Objects.TestDataDetails@182fc0a, 13=com.java.Objects.TestDataDetails@bbd4d9, 14=com.java.Objects.TestDataDetails@3fead8}
[INFO ][2015-12-18 14:18:57,359][com.java.TestType] [  482] -  str(1) = 1
[INFO ][2015-12-18 14:18:57,359][com.java.TestType] [  485] - Test case Id is---1
[INFO ][2015-12-18 14:18:57,359][com.java.TestType] [  487] - 1
[INFO ][2015-12-18 14:18:57,359][com.java.TestType] [  482] -  str(2) = 15
[INFO ][2015-12-18 14:18:57,359][com.java.TestType] [  534] - row values are--------{1=com.java.Objects.TestDataDetails@1ec379c, 2=com.java.Objects.TestDataDetails@12c502f, 3=com.java.Objects.TestDataDetails@d77502, 4=com.java.Objects.TestDataDetails@b4dcbd, 5=com.java.Objects.TestDataDetails@14cd1be, 6=com.java.Objects.TestDataDetails@15c8824, 7=com.java.Objects.TestDataDetails@5f0b44, 8=com.java.Objects.TestDataDetails@65bb84, 9=com.java.Objects.TestDataDetails@167ed85, 10=com.java.Objects.TestDataDetails@124a0db, 11=com.java.Objects.TestDataDetails@8e0d42, 12=com.java.Objects.TestDataDetails@182fc0a, 13=com.java.Objects.TestDataDetails@bbd4d9, 14=com.java.Objects.TestDataDetails@3fead8, 15=com.java.Objects.TestDataDetails@5d2731}
[INFO ][2015-12-18 14:18:57,359][com.java.TestType] [  482] -  str(1) = 1
[INFO ][2015-12-18 14:18:57,359][com.java.TestType] [  485] - Test case Id is---1
[INFO ][2015-12-18 14:18:57,359][com.java.TestType] [  487] - 1
[INFO ][2015-12-18 14:18:57,359][com.java.TestType] [  482] -  str(2) = 16
[INFO ][2015-12-18 14:18:57,359][com.java.TestType] [  534] - row values are--------{1=com.java.Objects.TestDataDetails@1ec379c, 2=com.java.Objects.TestDataDetails@12c502f, 3=com.java.Objects.TestDataDetails@d77502, 4=com.java.Objects.TestDataDetails@b4dcbd, 5=com.java.Objects.TestDataDetails@14cd1be, 6=com.java.Objects.TestDataDetails@15c8824, 7=com.java.Objects.TestDataDetails@5f0b44, 8=com.java.Objects.TestDataDetails@65bb84, 9=com.java.Objects.TestDataDetails@167ed85, 10=com.java.Objects.TestDataDetails@124a0db, 11=com.java.Objects.TestDataDetails@8e0d42, 12=com.java.Objects.TestDataDetails@182fc0a, 13=com.java.Objects.TestDataDetails@bbd4d9, 14=com.java.Objects.TestDataDetails@3fead8, 15=com.java.Objects.TestDataDetails@5d2731, 16=com.java.Objects.TestDataDetails@160bdd7}
[INFO ][2015-12-18 14:18:57,359][com.java.TestType] [10143] - Looping 1TCID = 1
[DEBUG][2015-12-18 14:18:57,359][com.java.TestType] [10184] - Concept ID:1 :: Step being Executed: 1::6
[INFO ][2015-12-18 14:18:57,359][com.java.TestType] [10222] - dataFields : LNKLogout
[DEBUG][2015-12-18 14:18:57,359][com.java.TestType] [10228] - <In Set values of the page>
[DEBUG][2015-12-18 14:18:57,359][com.java.TestType] [10233] - {Data Fields & Data Values Exist}
[INFO ][2015-12-18 14:18:57,359][com.java.TestType] [10239] - --------------------------setting values-----------------------------
[INFO ][2015-12-18 14:18:57,359][com.java.TestType] [10242] - Action Type : WaitTime
[DEBUG][2015-12-18 14:18:57,359][com.java.TestType] [ 5333] - sleepTime: 3000
[INFO ][2015-12-18 14:19:00,370][com.java.TestType] [10261] -  RESULT true
[INFO ][2015-12-18 14:19:00,370][com.java.TestType] [10378] - ?   P A S S   ?
[DEBUG][2015-12-18 14:19:00,370][com.java.TestType] [10184] - Concept ID:1 :: Step being Executed: 1::7
[INFO ][2015-12-18 14:19:00,370][com.java.TestType] [10222] - dataFields : TTL
[DEBUG][2015-12-18 14:19:00,370][com.java.TestType] [10228] - <In Set values of the page>
[DEBUG][2015-12-18 14:19:00,370][com.java.TestType] [10233] - {Data Fields & Data Values Exist}
[INFO ][2015-12-18 14:19:00,370][com.java.TestType] [10239] - --------------------------setting values-----------------------------
[INFO ][2015-12-18 14:19:00,370][com.java.TestType] [10242] - Action Type : SelectWindow
[INFO ][2015-12-18 14:19:13,151][com.java.TestType] [10261] -  RESULT true
[INFO ][2015-12-18 14:19:13,151][com.java.TestType] [10378] - ?   P A S S   ?
[DEBUG][2015-12-18 14:19:13,151][com.java.TestType] [10184] - Concept ID:1 :: Step being Executed: 1::8
[INFO ][2015-12-18 14:19:13,151][com.java.TestType] [10222] - dataFields : test
[DEBUG][2015-12-18 14:19:13,151][com.java.TestType] [10228] - <In Set values of the page>
[DEBUG][2015-12-18 14:19:13,151][com.java.TestType] [10233] - {Data Fields & Data Values Exist}
[INFO ][2015-12-18 14:19:13,151][com.java.TestType] [10239] - --------------------------setting values-----------------------------
[INFO ][2015-12-18 14:19:13,151][com.java.TestType] [10242] - Action Type : WaitTime
[DEBUG][2015-12-18 14:19:13,151][com.java.TestType] [ 5333] - sleepTime: 20000
[INFO ][2015-12-18 14:19:33,154][com.java.TestType] [10261] -  RESULT true
[INFO ][2015-12-18 14:19:33,154][com.java.TestType] [10378] - ?   P A S S   ?
[DEBUG][2015-12-18 14:19:33,154][com.java.TestType] [10184] - Concept ID:1 :: Step being Executed: 1::9
[ERROR][2015-12-18 14:19:33,154][com.java.TestType] [10217] - Exception: null
[INFO ][2015-12-18 14:19:33,154][com.java.TestType] [10222] - dataFields : //span[@class='icon-cog2']&&//a[@data-id="UserSettings"]
[DEBUG][2015-12-18 14:19:33,154][com.java.TestType] [10228] - <In Set values of the page>
[DEBUG][2015-12-18 14:19:33,154][com.java.TestType] [10233] - {Data Fields & Data Values Exist}
[INFO ][2015-12-18 14:19:33,154][com.java.TestType] [10239] - --------------------------setting values-----------------------------
[INFO ][2015-12-18 14:19:33,154][com.java.TestType] [10242] - Action Type : MouseOver
[INFO ][2015-12-18 14:19:56,169][com.java.TestType] [10261] -  RESULT true
[INFO ][2015-12-18 14:19:56,169][com.java.TestType] [10378] - ?   P A S S   ?
[DEBUG][2015-12-18 14:19:56,169][com.java.TestType] [10184] - Concept ID:1 :: Step being Executed: 1::10
[INFO ][2015-12-18 14:19:56,169][com.java.TestType] [10222] - dataFields : BTNframeDialogContent
[DEBUG][2015-12-18 14:19:56,169][com.java.TestType] [10228] - <In Set values of the page>
[DEBUG][2015-12-18 14:19:56,169][com.java.TestType] [10233] - {Data Fields & Data Values Exist}
[INFO ][2015-12-18 14:19:56,169][com.java.TestType] [10239] - --------------------------setting values-----------------------------
[INFO ][2015-12-18 14:19:56,169][com.java.TestType] [10242] - Action Type : WaitForElement
[INFO ][2015-12-18 14:19:57,355][com.java.TestType] [10261] -  RESULT true
[INFO ][2015-12-18 14:19:57,355][com.java.TestType] [10378] - ?   P A S S   ?
[DEBUG][2015-12-18 14:19:57,355][com.java.TestType] [10184] - Concept ID:1 :: Step being Executed: 1::11
[INFO ][2015-12-18 14:19:57,355][com.java.TestType] [10222] - dataFields : BTN
[DEBUG][2015-12-18 14:19:57,355][com.java.TestType] [10228] - <In Set values of the page>
[DEBUG][2015-12-18 14:19:57,355][com.java.TestType] [10233] - {Data Fields & Data Values Exist}
[INFO ][2015-12-18 14:19:57,355][com.java.TestType] [10239] - --------------------------setting values-----------------------------
[INFO ][2015-12-18 14:19:57,355][com.java.TestType] [10242] - Action Type : SELECTFRAMEBYNAME
[INFO ][2015-12-18 14:19:57,355][com.java.TestType] [ 5513] - value = frameDialogContent
[INFO ][2015-12-18 14:19:57,434][com.java.TestType] [10261] -  RESULT true
[INFO ][2015-12-18 14:19:57,434][com.java.TestType] [10378] - ?   P A S S   ?
[DEBUG][2015-12-18 14:19:57,434][com.java.TestType] [10184] - Concept ID:1 :: Step being Executed: 1::12
[INFO ][2015-12-18 14:19:57,434][com.java.TestType] [10222] - dataFields : SLBddlOpenBDInNewWindow
[DEBUG][2015-12-18 14:19:57,434][com.java.TestType] [10228] - <In Set values of the page>
[DEBUG][2015-12-18 14:19:57,434][com.java.TestType] [10233] - {Data Fields & Data Values Exist}
[INFO ][2015-12-18 14:19:57,434][com.java.TestType] [10239] - --------------------------setting values-----------------------------
[INFO ][2015-12-18 14:19:57,434][com.java.TestType] [10242] - Action Type : Select
[INFO ][2015-12-18 14:19:57,434][com.java.TestType] [ 5513] - value = No
[INFO ][2015-12-18 14:19:59,776][com.java.TestType] [10261] -  RESULT true
[INFO ][2015-12-18 14:19:59,776][com.java.TestType] [10378] - ?   P A S S   ?
[DEBUG][2015-12-18 14:19:59,776][com.java.TestType] [10184] - Concept ID:1 :: Step being Executed: 1::13
[ERROR][2015-12-18 14:19:59,776][com.java.TestType] [10217] - Exception: null
[INFO ][2015-12-18 14:19:59,776][com.java.TestType] [10222] - dataFields : BTNparent
[DEBUG][2015-12-18 14:19:59,776][com.java.TestType] [10228] - <In Set values of the page>
[DEBUG][2015-12-18 14:19:59,776][com.java.TestType] [10233] - {Data Fields & Data Values Exist}
[INFO ][2015-12-18 14:19:59,776][com.java.TestType] [10239] - --------------------------setting values-----------------------------
[INFO ][2015-12-18 14:19:59,776][com.java.TestType] [10242] - Action Type : SELECTFRAME
[INFO ][2015-12-18 14:19:59,792][com.java.TestType] [10261] -  RESULT true
[INFO ][2015-12-18 14:19:59,792][com.java.TestType] [10378] - ?   P A S S   ?
[DEBUG][2015-12-18 14:19:59,792][com.java.TestType] [10184] - Concept ID:1 :: Step being Executed: 1::14
[ERROR][2015-12-18 14:19:59,792][com.java.TestType] [10217] - Exception: null
[INFO ][2015-12-18 14:19:59,792][com.java.TestType] [10222] - dataFields : BTN//span[text()='Finished']
[DEBUG][2015-12-18 14:19:59,792][com.java.TestType] [10228] - <In Set values of the page>
[DEBUG][2015-12-18 14:19:59,792][com.java.TestType] [10233] - {Data Fields & Data Values Exist}
[INFO ][2015-12-18 14:19:59,792][com.java.TestType] [10239] - --------------------------setting values-----------------------------
[INFO ][2015-12-18 14:19:59,792][com.java.TestType] [10242] - Action Type : Click
[INFO ][2015-12-18 14:19:59,792][com.java.TestType] [ 5886] - Field ::BTN//span[text()='Finished']
[INFO ][2015-12-18 14:19:59,792][com.java.TestType] [ 5513] - value = 
[INFO ][2015-12-18 14:20:00,807][com.java.TestType] [ 6002] - BEFORE CLICK
[INFO ][2015-12-18 14:20:01,011][com.java.TestType] [ 6009] - Unable to click the object Finished button
[INFO ][2015-12-18 14:20:01,011][com.java.TestType] [10261] -  RESULT true
[INFO ][2015-12-18 14:20:01,011][com.java.TestType] [10378] - ?   P A S S   ?
[DEBUG][2015-12-18 14:20:01,011][com.java.TestType] [10184] - Concept ID:1 :: Step being Executed: 1::15
[INFO ][2015-12-18 14:20:01,011][com.java.TestType] [10222] - dataFields : LNK
[DEBUG][2015-12-18 14:20:01,011][com.java.TestType] [10228] - <In Set values of the page>
[DEBUG][2015-12-18 14:20:01,011][com.java.TestType] [10233] - {Data Fields & Data Values Exist}
[INFO ][2015-12-18 14:20:01,011][com.java.TestType] [10239] - --------------------------setting values-----------------------------
[INFO ][2015-12-18 14:20:01,011][com.java.TestType] [10242] - Action Type : Verify
[INFO ][2015-12-18 14:20:01,011][com.java.TestType] [ 6829] - field= LNK value= Logout
[INFO ][2015-12-18 14:20:01,011][com.java.TestType] [ 5513] - value = Logout
[INFO ][2015-12-18 14:20:01,042][com.java.TestType] [10261] -  RESULT true
[INFO ][2015-12-18 14:20:01,042][com.java.TestType] [10378] - ?   P A S S   ?
[DEBUG][2015-12-18 14:20:01,042][com.java.TestType] [10184] - Concept ID:1 :: Step being Executed: 1::16
[INFO ][2015-12-18 14:20:01,042][com.java.TestType] [10222] - dataFields : BTN
[DEBUG][2015-12-18 14:20:01,042][com.java.TestType] [10228] - <In Set values of the page>
[DEBUG][2015-12-18 14:20:01,042][com.java.TestType] [10233] - {Data Fields & Data Values Exist}
[INFO ][2015-12-18 14:20:01,042][com.java.TestType] [10239] - --------------------------setting values-----------------------------
[INFO ][2015-12-18 14:20:01,042][com.java.TestType] [10242] - Action Type : Verify
[INFO ][2015-12-18 14:20:01,042][com.java.TestType] [ 6829] - field= BTN value= //img[contains(@src,'bdlogo.jpg')]
[INFO ][2015-12-18 14:20:01,042][com.java.TestType] [ 5513] - value = //img[contains(@src,'bdlogo.jpg')]
[INFO ][2015-12-18 14:20:01,104][com.java.TestType] [10261] -  RESULT true
[INFO ][2015-12-18 14:20:01,104][com.java.TestType] [10378] - ?   P A S S   ?
[INFO ][2015-12-18 14:20:01,104][com.java.TestType] [10449] - Looping End......
[INFO ][2015-12-18 14:20:01,104][com.java.SeleniumDriver] [  894] -  RESULT true
[INFO ][2015-12-18 14:20:01,104][com.java.SeleniumDriver] [ 1100] - ?   P A S S   ?
[INFO ][2015-12-18 14:20:01,104][com.java.SeleniumDriver] [  821] - ------------------------------------------
[INFO ][2015-12-18 14:20:01,104][com.java.SeleniumDriver] [  822] - Test case being Executed: 7
[INFO ][2015-12-18 14:20:01,104][com.java.SeleniumDriver] [  833] - Test step:47
[INFO ][2015-12-18 14:20:01,104][com.java.SeleniumDriver] [  845] - Datavalue is----------5
[INFO ][2015-12-18 14:20:01,104][com.java.SeleniumDriver] [  869] - DataField : LNKLogout
[INFO ][2015-12-18 14:20:01,104][com.java.SeleniumDriver] [  871] - DataValue : 5
[INFO ][2015-12-18 14:20:01,104][com.java.SeleniumDriver] [  877] - <In Set values of the page>
[INFO ][2015-12-18 14:20:01,104][com.java.SeleniumDriver] [  880] - {Data Fields & Data Values Exist}
[INFO ][2015-12-18 14:20:01,104][com.java.SeleniumDriver] [  882] - --------------------------setting values-----------------------------
[INFO ][2015-12-18 14:20:01,104][com.java.SeleniumDriver] [  885] - Action Type : WaitTime
[DEBUG][2015-12-18 14:20:01,104][com.java.TestType] [ 5333] - sleepTime: 5000
[INFO ][2015-12-18 14:20:06,112][com.java.SeleniumDriver] [  894] -  RESULT true
[INFO ][2015-12-18 14:20:06,112][com.java.SeleniumDriver] [ 1100] - ?   P A S S   ?
[INFO ][2015-12-18 14:20:06,112][com.java.SeleniumDriver] [  821] - ------------------------------------------
[INFO ][2015-12-18 14:20:06,112][com.java.SeleniumDriver] [  822] - Test case being Executed: 7
[INFO ][2015-12-18 14:20:06,112][com.java.SeleniumDriver] [  833] - Test step:48
[INFO ][2015-12-18 14:20:06,112][com.java.SeleniumDriver] [  845] - Datavalue is----------Banker'sDashboard
[INFO ][2015-12-18 14:20:06,112][com.java.SeleniumDriver] [  869] - DataField : TTL
[INFO ][2015-12-18 14:20:06,112][com.java.SeleniumDriver] [  871] - DataValue : Banker'sDashboard
[INFO ][2015-12-18 14:20:06,112][com.java.SeleniumDriver] [  877] - <In Set values of the page>
[INFO ][2015-12-18 14:20:06,112][com.java.SeleniumDriver] [  880] - {Data Fields & Data Values Exist}
[INFO ][2015-12-18 14:20:06,112][com.java.SeleniumDriver] [  882] - --------------------------setting values-----------------------------
[INFO ][2015-12-18 14:20:06,112][com.java.SeleniumDriver] [  885] - Action Type : SelectWindow
[INFO ][2015-12-18 14:20:18,630][com.java.SeleniumDriver] [  894] -  RESULT true
[INFO ][2015-12-18 14:20:18,630][com.java.SeleniumDriver] [ 1100] - ?   P A S S   ?
[INFO ][2015-12-18 14:20:18,630][com.java.SeleniumDriver] [  821] - ------------------------------------------
[INFO ][2015-12-18 14:20:18,630][com.java.SeleniumDriver] [  822] - Test case being Executed: 7
[INFO ][2015-12-18 14:20:18,630][com.java.SeleniumDriver] [  833] - Test step:49
[INFO ][2015-12-18 14:20:18,630][com.java.SeleniumDriver] [  845] - Datavalue is----------5
[INFO ][2015-12-18 14:20:18,630][com.java.SeleniumDriver] [  869] - DataField : test
[INFO ][2015-12-18 14:20:18,630][com.java.SeleniumDriver] [  871] - DataValue : 5
[INFO ][2015-12-18 14:20:18,630][com.java.SeleniumDriver] [  877] - <In Set values of the page>
[INFO ][2015-12-18 14:20:18,630][com.java.SeleniumDriver] [  880] - {Data Fields & Data Values Exist}
[INFO ][2015-12-18 14:20:18,630][com.java.SeleniumDriver] [  882] - --------------------------setting values-----------------------------
[INFO ][2015-12-18 14:20:18,630][com.java.SeleniumDriver] [  885] - Action Type : WaitTime
[DEBUG][2015-12-18 14:20:18,630][com.java.TestType] [ 5333] - sleepTime: 5000
[INFO ][2015-12-18 14:20:23,638][com.java.SeleniumDriver] [  894] -  RESULT true
[INFO ][2015-12-18 14:20:23,638][com.java.SeleniumDriver] [ 1100] - ?   P A S S   ?
[INFO ][2015-12-18 14:20:23,638][com.java.SeleniumDriver] [  821] - ------------------------------------------
[INFO ][2015-12-18 14:20:23,638][com.java.SeleniumDriver] [  822] - Test case being Executed: 7
[INFO ][2015-12-18 14:20:23,638][com.java.SeleniumDriver] [  833] - Test step:50
[INFO ][2015-12-18 14:20:23,638][com.java.SeleniumDriver] [  845] - Datavalue is----------null
[DEBUG][2015-12-18 14:20:23,638][com.java.SeleniumDriver] [  863] - Exception: null
[INFO ][2015-12-18 14:20:23,638][com.java.SeleniumDriver] [  869] - DataField : //span[@class='icon-stack']&&//a[@data-id="SetupPackage"]
[INFO ][2015-12-18 14:20:23,638][com.java.SeleniumDriver] [  871] - DataValue : 
[INFO ][2015-12-18 14:20:23,638][com.java.SeleniumDriver] [  877] - <In Set values of the page>
[INFO ][2015-12-18 14:20:23,638][com.java.SeleniumDriver] [  880] - {Data Fields & Data Values Exist}
[INFO ][2015-12-18 14:20:23,638][com.java.SeleniumDriver] [  882] - --------------------------setting values-----------------------------
[INFO ][2015-12-18 14:20:23,638][com.java.SeleniumDriver] [  885] - Action Type : MOUSEOVER
[INFO ][2015-12-18 14:20:46,518][com.java.SeleniumDriver] [  894] -  RESULT true
[INFO ][2015-12-18 14:20:46,518][com.java.SeleniumDriver] [ 1100] - ?   P A S S   ?
[INFO ][2015-12-18 14:20:46,518][com.java.SeleniumDriver] [  821] - ------------------------------------------
[INFO ][2015-12-18 14:20:46,518][com.java.SeleniumDriver] [  822] - Test case being Executed: 7
[INFO ][2015-12-18 14:20:46,518][com.java.SeleniumDriver] [  833] - Test step:51
[INFO ][2015-12-18 14:20:46,518][com.java.SeleniumDriver] [  845] - Datavalue is----------5
[INFO ][2015-12-18 14:20:46,518][com.java.SeleniumDriver] [  869] - DataField : BTNdivHelpText
[INFO ][2015-12-18 14:20:46,518][com.java.SeleniumDriver] [  871] - DataValue : 5
[INFO ][2015-12-18 14:20:46,518][com.java.SeleniumDriver] [  877] - <In Set values of the page>
[INFO ][2015-12-18 14:20:46,518][com.java.SeleniumDriver] [  880] - {Data Fields & Data Values Exist}
[INFO ][2015-12-18 14:20:46,518][com.java.SeleniumDriver] [  882] - --------------------------setting values-----------------------------
[INFO ][2015-12-18 14:20:46,518][com.java.SeleniumDriver] [  885] - Action Type : WAITFORELEMENT
[INFO ][2015-12-18 14:20:47,721][com.java.SeleniumDriver] [  894] -  RESULT true
[INFO ][2015-12-18 14:20:47,721][com.java.SeleniumDriver] [ 1100] - ?   P A S S   ?
[INFO ][2015-12-18 14:20:47,721][com.java.SeleniumDriver] [  821] - ------------------------------------------
[INFO ][2015-12-18 14:20:47,721][com.java.SeleniumDriver] [  822] - Test case being Executed: 7
[INFO ][2015-12-18 14:20:47,721][com.java.SeleniumDriver] [  833] - Test step:52
[INFO ][2015-12-18 14:20:47,721][com.java.SeleniumDriver] [  845] - Datavalue is----------null
[DEBUG][2015-12-18 14:20:47,721][com.java.SeleniumDriver] [  863] - Exception: null
[INFO ][2015-12-18 14:20:47,721][com.java.SeleniumDriver] [  869] - DataField : BTNframeDialogContent
[INFO ][2015-12-18 14:20:47,721][com.java.SeleniumDriver] [  871] - DataValue : 
[INFO ][2015-12-18 14:20:47,721][com.java.SeleniumDriver] [  877] - <In Set values of the page>
[INFO ][2015-12-18 14:20:47,721][com.java.SeleniumDriver] [  880] - {Data Fields & Data Values Exist}
[INFO ][2015-12-18 14:20:47,721][com.java.SeleniumDriver] [  882] - --------------------------setting values-----------------------------
[INFO ][2015-12-18 14:20:47,721][com.java.SeleniumDriver] [  885] - Action Type : SELECTFRAME
[INFO ][2015-12-18 14:20:48,955][com.java.SeleniumDriver] [  894] -  RESULT true
[INFO ][2015-12-18 14:20:48,955][com.java.SeleniumDriver] [ 1100] - ?   P A S S   ?
[INFO ][2015-12-18 14:20:48,955][com.java.SeleniumDriver] [  821] - ------------------------------------------
[INFO ][2015-12-18 14:20:48,955][com.java.SeleniumDriver] [  822] - Test case being Executed: 7
[INFO ][2015-12-18 14:20:48,955][com.java.SeleniumDriver] [  833] - Test step:53
[INFO ][2015-12-18 14:20:48,955][com.java.SeleniumDriver] [  845] - Datavalue is----------//div[@class='ui-widget-content']/div/button
[INFO ][2015-12-18 14:20:48,955][com.java.SeleniumDriver] [  869] - DataField : BTN
[INFO ][2015-12-18 14:20:48,955][com.java.SeleniumDriver] [  871] - DataValue : //div[@class='ui-widget-content']/div/button
[INFO ][2015-12-18 14:20:48,955][com.java.SeleniumDriver] [  877] - <In Set values of the page>
[INFO ][2015-12-18 14:20:48,955][com.java.SeleniumDriver] [  880] - {Data Fields & Data Values Exist}
[INFO ][2015-12-18 14:20:48,955][com.java.SeleniumDriver] [  882] - --------------------------setting values-----------------------------
[INFO ][2015-12-18 14:20:48,955][com.java.SeleniumDriver] [  885] - Action Type : VERIFY
[INFO ][2015-12-18 14:20:48,955][com.java.TestType] [ 6829] - field= BTN value= //div[@class='ui-widget-content']/div/button
[INFO ][2015-12-18 14:20:48,955][com.java.TestType] [ 5513] - value = //div[@class='ui-widget-content']/div/button
[INFO ][2015-12-18 14:20:49,002][com.java.SeleniumDriver] [  894] -  RESULT true
[INFO ][2015-12-18 14:20:49,002][com.java.SeleniumDriver] [ 1100] - ?   P A S S   ?
[INFO ][2015-12-18 14:20:49,002][com.java.SeleniumDriver] [  821] - ------------------------------------------
[INFO ][2015-12-18 14:20:49,002][com.java.SeleniumDriver] [  822] - Test case being Executed: 7
[INFO ][2015-12-18 14:20:49,002][com.java.SeleniumDriver] [  833] - Test step:54
[INFO ][2015-12-18 14:20:49,002][com.java.SeleniumDriver] [  845] - Datavalue is----------3
[INFO ][2015-12-18 14:20:49,002][com.java.SeleniumDriver] [  869] - DataField : XPH//span[@class='glyphicon glyphicon-plus']
[INFO ][2015-12-18 14:20:49,002][com.java.SeleniumDriver] [  871] - DataValue : 3
[INFO ][2015-12-18 14:20:49,002][com.java.SeleniumDriver] [  877] - <In Set values of the page>
[INFO ][2015-12-18 14:20:49,002][com.java.SeleniumDriver] [  880] - {Data Fields & Data Values Exist}
[INFO ][2015-12-18 14:20:49,002][com.java.SeleniumDriver] [  882] - --------------------------setting values-----------------------------
[INFO ][2015-12-18 14:20:49,002][com.java.SeleniumDriver] [  885] - Action Type : WAITFORELEMENT
[INFO ][2015-12-18 14:20:49,017][com.java.SeleniumDriver] [  894] -  RESULT true
[INFO ][2015-12-18 14:20:49,017][com.java.SeleniumDriver] [ 1100] - ?   P A S S   ?
[INFO ][2015-12-18 14:20:49,017][com.java.SeleniumDriver] [  821] - ------------------------------------------
[INFO ][2015-12-18 14:20:49,017][com.java.SeleniumDriver] [  822] - Test case being Executed: 7
[INFO ][2015-12-18 14:20:49,017][com.java.SeleniumDriver] [  833] - Test step:55
[INFO ][2015-12-18 14:20:49,017][com.java.SeleniumDriver] [  845] - Datavalue is----------null
[DEBUG][2015-12-18 14:20:49,017][com.java.SeleniumDriver] [  863] - Exception: null
[INFO ][2015-12-18 14:20:49,017][com.java.SeleniumDriver] [  869] - DataField : XPH//span[@class='glyphicon glyphicon-plus']
[INFO ][2015-12-18 14:20:49,017][com.java.SeleniumDriver] [  871] - DataValue : 
[INFO ][2015-12-18 14:20:49,017][com.java.SeleniumDriver] [  877] - <In Set values of the page>
[INFO ][2015-12-18 14:20:49,017][com.java.SeleniumDriver] [  880] - {Data Fields & Data Values Exist}
[INFO ][2015-12-18 14:20:49,017][com.java.SeleniumDriver] [  882] - --------------------------setting values-----------------------------
[INFO ][2015-12-18 14:20:49,017][com.java.SeleniumDriver] [  885] - Action Type : CLICK
[INFO ][2015-12-18 14:20:49,017][com.java.TestType] [ 5886] - Field ::XPH//span[@class='glyphicon glyphicon-plus']
[INFO ][2015-12-18 14:20:49,017][com.java.TestType] [ 5513] - value = 
[INFO ][2015-12-18 14:20:50,031][com.java.TestType] [ 6023] - BEFORE CLICK
[INFO ][2015-12-18 14:20:50,905][com.java.TestType] [ 6031] - Unable to click the object +' Button
[INFO ][2015-12-18 14:20:50,905][com.java.SeleniumDriver] [  894] -  RESULT true
[INFO ][2015-12-18 14:20:50,905][com.java.SeleniumDriver] [ 1100] - ?   P A S S   ?
[INFO ][2015-12-18 14:20:50,905][com.java.SeleniumDriver] [  821] - ------------------------------------------
[INFO ][2015-12-18 14:20:50,905][com.java.SeleniumDriver] [  822] - Test case being Executed: 7
[INFO ][2015-12-18 14:20:50,905][com.java.SeleniumDriver] [  833] - Test step:56
[INFO ][2015-12-18 14:20:50,905][com.java.SeleniumDriver] [  845] - Datavalue is----------3
[INFO ][2015-12-18 14:20:50,905][com.java.SeleniumDriver] [  869] - DataField : XPH//span[@class='dlg_Label']
[INFO ][2015-12-18 14:20:50,905][com.java.SeleniumDriver] [  871] - DataValue : 3
[INFO ][2015-12-18 14:20:50,905][com.java.SeleniumDriver] [  877] - <In Set values of the page>
[INFO ][2015-12-18 14:20:50,905][com.java.SeleniumDriver] [  880] - {Data Fields & Data Values Exist}
[INFO ][2015-12-18 14:20:50,905][com.java.SeleniumDriver] [  882] - --------------------------setting values-----------------------------
[INFO ][2015-12-18 14:20:50,905][com.java.SeleniumDriver] [  885] - Action Type : WAITFORELEMENT
[INFO ][2015-12-18 14:20:50,921][com.java.SeleniumDriver] [  894] -  RESULT true
[INFO ][2015-12-18 14:20:50,921][com.java.SeleniumDriver] [ 1100] - ?   P A S S   ?
[INFO ][2015-12-18 14:20:50,921][com.java.SeleniumDriver] [  821] - ------------------------------------------
[INFO ][2015-12-18 14:20:50,921][com.java.SeleniumDriver] [  822] - Test case being Executed: 7
[INFO ][2015-12-18 14:20:50,921][com.java.SeleniumDriver] [  833] - Test step:57
[INFO ][2015-12-18 14:20:50,921][com.java.SeleniumDriver] [  845] - Datavalue is----------Package Name
[INFO ][2015-12-18 14:20:50,921][com.java.SeleniumDriver] [  869] - DataField : XPH//span[@class='dlg_Label']
[INFO ][2015-12-18 14:20:50,921][com.java.SeleniumDriver] [  871] - DataValue : Package Name
[INFO ][2015-12-18 14:20:50,921][com.java.SeleniumDriver] [  877] - <In Set values of the page>
[INFO ][2015-12-18 14:20:50,921][com.java.SeleniumDriver] [  880] - {Data Fields & Data Values Exist}
[INFO ][2015-12-18 14:20:50,921][com.java.SeleniumDriver] [  882] - --------------------------setting values-----------------------------
[INFO ][2015-12-18 14:20:50,921][com.java.SeleniumDriver] [  885] - Action Type : VERIFY
[INFO ][2015-12-18 14:20:50,921][com.java.TestType] [ 6829] - field= XPH//span[@class='dlg_Label'] value= Package Name
[INFO ][2015-12-18 14:20:50,921][com.java.TestType] [ 5513] - value = Package Name
[ERROR][2015-12-18 14:20:51,031][com.java.TestType] [ 7317] - Element  not found :Package Name
[INFO ][2015-12-18 14:20:51,031][com.java.SeleniumDriver] [  894] -  RESULT false
[INFO ][2015-12-18 14:20:51,031][com.java.SeleniumDriver] [  941] - ?   F A I L   ?
[INFO ][2015-12-18 14:20:51,031][com.java.SeleniumDriver] [  949] - Browser Type : IE10
[INFO ][2015-12-18 14:20:51,031][com.java.SeleniumDriver] [  950] - Adding Failed case7
[INFO ][2015-12-18 14:20:51,717][com.java.SeleniumDriver] [ 1064] - failedCases = 7
[ERROR][2015-12-18 14:20:51,717][com.java.SeleniumDriver] [ 1561] - Platform Errors : Our apologies...::We have encountered an issue with your request.::Our apologies?:We encountered an issue with your request.
[INFO ][2015-12-18 14:20:51,717][com.java.SeleniumDriver] [ 1565] - Length =3
[ERROR][2015-12-18 14:20:51,717][com.java.SeleniumDriver] [ 1568] - Error 0 = Our apologies...
[ERROR][2015-12-18 14:20:51,795][com.java.SeleniumDriver] [ 1568] - Error 1 = We have encountered an issue with your request.
[ERROR][2015-12-18 14:20:51,811][com.java.SeleniumDriver] [ 1568] - Error 2 = Our apologies?:We encountered an issue with your request.
[INFO ][2015-12-18 14:20:51,827][com.java.SeleniumDriver] [ 1579] - strError:
[DEBUG][2015-12-18 14:20:51,842][com.java.SeleniumDriver] [ 1212] - Case found
[DEBUG][2015-12-18 14:20:51,842][com.java.SeleniumDriver] [ 1217] - Incrementing ReportCounters[0]:2
[INFO ][2015-12-18 14:20:51,842][com.java.SeleniumDriver] [ 1236] - The results are-------------------[7, 57, Report Packages: Add Board Report Package then Revoke Priviledges, Fail, 
Test case failed at Step No. :: 57   Error Message ::  Element not found:Package Name. Screen Shot : D:\BankersDashboard\TestReports\121815\7_121815_142051_IE10.png, Fri Dec 18 14:20:51 IST 2015]
[INFO ][2015-12-18 14:20:51,842][com.java.SeleniumDriver] [ 1240] - End time is-------7 min 6 sec
[INFO ][2015-12-18 14:20:51,842][com.java.SeleniumDriver] [ 1241] - The results are-------------------[7, 57, Report Packages: Add Board Report Package then Revoke Priviledges, Fail, 
Test case failed at Step No. :: 57   Error Message ::  Element not found:Package Name. Screen Shot : D:\BankersDashboard\TestReports\121815\7_121815_142051_IE10.png, Fri Dec 18 14:20:51 IST 2015]
[DEBUG][2015-12-18 14:20:51,842][com.java.ImportnExport.ExportTestResultsExcel] [  222] - testResultPath = D:\BankersDashboard/TestReports/Test Results_BankersDashBoard_121815_141347_IE10_Simmons First National Bank.xls
[DEBUG][2015-12-18 14:20:51,842][com.java.ImportnExport.ExportTestResultsExcel] [  223] - browser is------------IE10
[DEBUG][2015-12-18 14:20:51,842][com.java.ImportnExport.ExportTestResultsExcel] [  270] - result.size() = 6
[DEBUG][2015-12-18 14:20:51,842][com.java.ImportnExport.ExportTestResultsExcel] [  274] - No of rows in sheet=2
[DEBUG][2015-12-18 14:20:51,842][com.java.ImportnExport.ExportTestResultsExcel] [  301] - ..in export..7
[DEBUG][2015-12-18 14:20:51,842][com.java.ImportnExport.ExportTestResultsExcel] [  301] - ..in export..Report Packages: Add Board Report Package then Revoke Priviledges
[DEBUG][2015-12-18 14:20:51,842][com.java.ImportnExport.ExportTestResultsExcel] [  301] - ..in export..Fail
[DEBUG][2015-12-18 14:20:51,842][com.java.ImportnExport.ExportTestResultsExcel] [  301] - ..in export..
Test case failed at Step No. :: 57   Error Message ::  Element not found:Package Name. Screen Shot : D:\BankersDashboard\TestReports\121815\7_121815_142051_IE10.png
[DEBUG][2015-12-18 14:20:51,842][com.java.ImportnExport.ExportTestResultsExcel] [  301] - ..in export..Fri Dec 18 14:20:51 IST 2015
[INFO ][2015-12-18 14:20:51,842][com.java.SeleniumDriver] [ 1299] - out loop:1 size:9 TestCases:[1, 7, 8, 9, 10, 11, 12, 13, 14] testcases:[1, 7, 8, 9, 10, 11, 12, 13, 14]
[INFO ][2015-12-18 14:20:51,842][com.java.ImportnExport.ImportTestDataDetailsExcel] [   49] - test data details path===== D:\BankersDashboard\TestInputs\TestData.xls
[DEBUG][2015-12-18 14:20:54,853][com.java.ImportnExport.ImportTestDataDetailsExcel] [  188] - Unable to read the data from the TestData: [Microsoft][ODBC Excel Driver] The connection for viewing your linked Microsoft Excel worksheet was lost.
[INFO ][2015-12-18 14:21:24,642][com.java.SeleniumDriver] [ 1248] - ? S K I P P E D ?
[INFO ][2015-12-18 14:21:24,642][com.java.SeleniumDriver] [ 1249] - Test case:7
[INFO ][2015-12-18 14:21:24,642][com.java.SeleniumDriver] [ 1250] - Report Packages: Add Board Report Package then Revoke Priviledges
[INFO ][2015-12-18 14:21:24,642][com.java.SeleniumDriver] [ 1251] -  No Test Steps Available
[INFO ][2015-12-18 14:21:24,642][com.java.SeleniumDriver] [ 1266] - The results are-------------------[7, 57, Report Packages: Add Board Report Package then Revoke Priviledges, Skipped,  No Test Steps Available, Fri Dec 18 14:21:24 IST 2015]
[INFO ][2015-12-18 14:21:24,642][com.java.SeleniumDriver] [ 1270] - End time is-------7 min 39 sec
[INFO ][2015-12-18 14:21:24,642][com.java.SeleniumDriver] [ 1271] - The results are-------------------[7, 57, Report Packages: Add Board Report Package then Revoke Priviledges, Skipped,  No Test Steps Available, Fri Dec 18 14:21:24 IST 2015]
[DEBUG][2015-12-18 14:21:24,642][com.java.ImportnExport.ExportTestResultsExcel] [  222] - testResultPath = D:\BankersDashboard/TestReports/Test Results_BankersDashBoard_121815_141347_IE10_Simmons First National Bank.xls
[DEBUG][2015-12-18 14:21:24,642][com.java.ImportnExport.ExportTestResultsExcel] [  223] - browser is------------IE10
[DEBUG][2015-12-18 14:21:24,642][com.java.ImportnExport.ExportTestResultsExcel] [  270] - result.size() = 6
[DEBUG][2015-12-18 14:21:24,642][com.java.ImportnExport.ExportTestResultsExcel] [  274] - No of rows in sheet=3
[DEBUG][2015-12-18 14:21:24,642][com.java.ImportnExport.ExportTestResultsExcel] [  301] - ..in export..7
[DEBUG][2015-12-18 14:21:24,642][com.java.ImportnExport.ExportTestResultsExcel] [  301] - ..in export..Report Packages: Add Board Report Package then Revoke Priviledges
[DEBUG][2015-12-18 14:21:24,642][com.java.ImportnExport.ExportTestResultsExcel] [  301] - ..in export..Skipped
[DEBUG][2015-12-18 14:21:24,642][com.java.ImportnExport.ExportTestResultsExcel] [  301] - ..in export.. No Test Steps Available
[DEBUG][2015-12-18 14:21:24,642][com.java.ImportnExport.ExportTestResultsExcel] [  301] - ..in export..Fri Dec 18 14:21:24 IST 2015
[INFO ][2015-12-18 14:21:24,642][com.java.SeleniumDriver] [ 1299] - out loop:2 size:9 TestCases:[1, 7, 8, 9, 10, 11, 12, 13, 14] testcases:[1, 7, 8, 9, 10, 11, 12, 13, 14]
[INFO ][2015-12-18 14:21:24,642][com.java.ImportnExport.ImportTestDataDetailsExcel] [   49] - test data details path===== D:\BankersDashboard\TestInputs\TestData.xls
[DEBUG][2015-12-18 14:21:24,642][com.java.ImportnExport.ImportTestDataDetailsExcel] [  188] - Unable to read the data from the TestData: [Microsoft][ODBC Excel Driver] The connection for viewing your linked Microsoft Excel worksheet was lost.
[INFO ][2015-12-18 14:21:50,404][com.java.SeleniumDriver] [ 1248] - ? S K I P P E D ?
[INFO ][2015-12-18 14:21:50,404][com.java.SeleniumDriver] [ 1249] - Test case:7
[INFO ][2015-12-18 14:21:50,404][com.java.SeleniumDriver] [ 1250] - Report Packages: Add Board Report Package then Revoke Priviledges
[INFO ][2015-12-18 14:21:50,404][com.java.SeleniumDriver] [ 1251] -  No Test Steps Available
[INFO ][2015-12-18 14:21:50,404][com.java.SeleniumDriver] [ 1266] - The results are-------------------[7, 57, Report Packages: Add Board Report Package then Revoke Priviledges, Skipped,  No Test Steps Available, Fri Dec 18 14:21:50 IST 2015]
[INFO ][2015-12-18 14:21:50,404][com.java.SeleniumDriver] [ 1270] - End time is-------8 min 4 sec
[INFO ][2015-12-18 14:21:50,404][com.java.SeleniumDriver] [ 1271] - The results are-------------------[7, 57, Report Packages: Add Board Report Package then Revoke Priviledges, Skipped,  No Test Steps Available, Fri Dec 18 14:21:50 IST 2015]
[DEBUG][2015-12-18 14:21:50,404][com.java.ImportnExport.ExportTestResultsExcel] [  222] - testResultPath = D:\BankersDashboard/TestReports/Test Results_BankersDashBoard_121815_141347_IE10_Simmons First National Bank.xls
[DEBUG][2015-12-18 14:21:50,404][com.java.ImportnExport.ExportTestResultsExcel] [  223] - browser is------------IE10
[DEBUG][2015-12-18 14:21:50,404][com.java.ImportnExport.ExportTestResultsExcel] [  270] - result.size() = 6
[DEBUG][2015-12-18 14:21:50,404][com.java.ImportnExport.ExportTestResultsExcel] [  274] - No of rows in sheet=4
[DEBUG][2015-12-18 14:21:50,404][com.java.ImportnExport.ExportTestResultsExcel] [  301] - ..in export..7
[DEBUG][2015-12-18 14:21:50,404][com.java.ImportnExport.ExportTestResultsExcel] [  301] - ..in export..Report Packages: Add Board Report Package then Revoke Priviledges
[DEBUG][2015-12-18 14:21:50,404][com.java.ImportnExport.ExportTestResultsExcel] [  301] - ..in export..Skipped
[DEBUG][2015-12-18 14:21:50,404][com.java.ImportnExport.ExportTestResultsExcel] [  301] - ..in export.. No Test Steps Available
[DEBUG][2015-12-18 14:21:50,404][com.java.ImportnExport.ExportTestResultsExcel] [  301] - ..in export..Fri Dec 18 14:21:50 IST 2015
[INFO ][2015-12-18 14:21:50,404][com.java.SeleniumDriver] [ 1299] - out loop:3 size:9 TestCases:[1, 7, 8, 9, 10, 11, 12, 13, 14] testcases:[1, 7, 8, 9, 10, 11, 12, 13, 14]
[INFO ][2015-12-18 14:21:50,404][com.java.ImportnExport.ImportTestDataDetailsExcel] [   49] - test data details path===== D:\BankersDashboard\TestInputs\TestData.xls
[DEBUG][2015-12-18 14:21:50,404][com.java.ImportnExport.ImportTestDataDetailsExcel] [  188] - Unable to read the data from the TestData: [Microsoft][ODBC Excel Driver] The connection for viewing your linked Microsoft Excel worksheet was lost.
[INFO ][2015-12-18 14:22:15,318][com.java.SeleniumDriver] [ 1248] - ? S K I P P E D ?
[INFO ][2015-12-18 14:22:15,318][com.java.SeleniumDriver] [ 1249] - Test case:7
[INFO ][2015-12-18 14:22:15,318][com.java.SeleniumDriver] [ 1250] - Report Packages: Add Board Report Package then Revoke Priviledges
[INFO ][2015-12-18 14:22:15,318][com.java.SeleniumDriver] [ 1251] -  No Test Steps Available
[INFO ][2015-12-18 14:22:15,318][com.java.SeleniumDriver] [ 1266] - The results are-------------------[7, 57, Report Packages: Add Board Report Package then Revoke Priviledges, Skipped,  No Test Steps Available, Fri Dec 18 14:22:15 IST 2015]
[INFO ][2015-12-18 14:22:15,318][com.java.SeleniumDriver] [ 1270] - End time is-------8 min 29 sec
[INFO ][2015-12-18 14:22:15,318][com.java.SeleniumDriver] [ 1271] - The results are-------------------[7, 57, Report Packages: Add Board Report Package then Revoke Priviledges, Skipped,  No Test Steps Available, Fri Dec 18 14:22:15 IST 2015]
[DEBUG][2015-12-18 14:22:15,318][com.java.ImportnExport.ExportTestResultsExcel] [  222] - testResultPath = D:\BankersDashboard/TestReports/Test Results_BankersDashBoard_121815_141347_IE10_Simmons First National Bank.xls
[DEBUG][2015-12-18 14:22:15,318][com.java.ImportnExport.ExportTestResultsExcel] [  223] - browser is------------IE10
[DEBUG][2015-12-18 14:22:15,318][com.java.ImportnExport.ExportTestResultsExcel] [  270] - result.size() = 6
[DEBUG][2015-12-18 14:22:15,318][com.java.ImportnExport.ExportTestResultsExcel] [  274] - No of rows in sheet=5
[DEBUG][2015-12-18 14:22:15,318][com.java.ImportnExport.ExportTestResultsExcel] [  301] - ..in export..7
[DEBUG][2015-12-18 14:22:15,318][com.java.ImportnExport.ExportTestResultsExcel] [  301] - ..in export..Report Packages: Add Board Report Package then Revoke Priviledges
[DEBUG][2015-12-18 14:22:15,318][com.java.ImportnExport.ExportTestResultsExcel] [  301] - ..in export..Skipped
[DEBUG][2015-12-18 14:22:15,318][com.java.ImportnExport.ExportTestResultsExcel] [  301] - ..in export.. No Test Steps Available
[DEBUG][2015-12-18 14:22:15,318][com.java.ImportnExport.ExportTestResultsExcel] [  301] - ..in export..Fri Dec 18 14:22:15 IST 2015
[INFO ][2015-12-18 14:22:15,318][com.java.SeleniumDriver] [ 1299] - out loop:4 size:9 TestCases:[1, 7, 8, 9, 10, 11, 12, 13, 14] testcases:[1, 7, 8, 9, 10, 11, 12, 13, 14]
[INFO ][2015-12-18 14:22:15,318][com.java.ImportnExport.ImportTestDataDetailsExcel] [   49] - test data details path===== D:\BankersDashboard\TestInputs\TestData.xls
[DEBUG][2015-12-18 14:22:15,318][com.java.ImportnExport.ImportTestDataDetailsExcel] [  188] - Unable to read the data from the TestData: [Microsoft][ODBC Excel Driver] The connection for viewing your linked Microsoft Excel worksheet was lost.
