[INFO ][2015-11-05 15:40:23,737][com.java.SeleniumDriver] [  213] - Execute Failed Casesfalse
[INFO ][2015-11-05 15:40:23,737][com.java.SeleniumDriver] [  214] - Browser: IE11
[INFO ][2015-11-05 15:40:23,737][com.java.SeleniumDriver] [  215] - [1, 11]
[INFO ][2015-11-05 15:40:23,737][com.java.SeleniumDriver] [  216] - Total TestCases:2
[INFO ][2015-11-05 15:40:23,738][com.java.SeleniumDriver] [  217] -  Reading Properties from Property File 
[DEBUG][2015-11-05 15:40:23,738][com.java.SeleniumDriver] [  238] - url : https://clients-xuat.bankersdashboard.com
[INFO ][2015-11-05 15:40:23,739][com.java.ImportnExport.ExportTestResultsExcel] [  116] - Time Stamp Thu Nov 05 03:40:23 IST 2015
[INFO ][2015-11-05 15:40:23,739][com.java.ImportnExport.ExportTestResultsExcel] [  175] - OUT FILE : D:\BankersDashboard/TestReports/Test Results_BankersDashBoard_110515_154023_IE11_Simmons First National Bank.xls
[INFO ][2015-11-05 15:40:23,778][com.java.ImportnExport.ExportTestResultsExcel] [  180] - Test Result file is created
[DEBUG][2015-11-05 15:40:23,868][com.java.SeleniumDriver] [  425] - Hub ip address is-------172.17.68.34
[INFO ][2015-11-05 15:40:23,869][com.java.SeleniumDriver] [  451] - Grid URL:http://172.17.68.34:4444/wd/hub
[INFO ][2015-11-05 15:40:23,869][com.java.SeleniumDriver] [  452] - Capability:Capabilities [{platform=ANY, ensureCleanSession=true, ignoreProtectedModeSettings=true, acceptSslCerts=true, ignoreZoomSetting=true, browserName=internet explorer, browserstack.ie.noFlash=true, version=Node1}]
[ERROR][2015-11-05 15:40:25,160][com.java.SeleniumDriver] [  496] - Unable invoke browser in grid:Could not start a new session. Possible causes are invalid address of the remote server or browser start-up failure.
Build info: version: '2.48.2', revision: '41bccdd', time: '2015-10-09 19:59:12'
System info: host: 'FVTIII438F1D', ip: '172.17.68.34', os.name: 'Windows 7', os.arch: 'x86', os.version: '6.1', java.version: '1.7.0_55'
Driver info: driver.version: SeleniumDriver
[INFO ][2015-11-05 15:40:25,160][com.java.SeleniumDriver] [  498] - Executing on local machine
[INFO ][2015-11-05 15:40:34,347][com.java.SeleniumDriver] [  248] - IE11is opened
[INFO ][2015-11-05 15:40:35,193][com.java.SeleniumDriver] [  752] - Test cases to be executed are: [1, 11]
[INFO ][2015-11-05 15:40:35,193][com.java.ImportnExport.ImportTestDataDetailsExcel] [   49] - test data details path===== D:\BankersDashboard\TestInputs\TestData.xls
[INFO ][2015-11-05 15:40:47,858][com.java.SeleniumDriver] [  788] - ------------------------------------------
[INFO ][2015-11-05 15:40:47,858][com.java.SeleniumDriver] [  789] - Test case being Executed: 1
[INFO ][2015-11-05 15:40:47,875][com.java.SeleniumDriver] [  800] - Test step:1
[INFO ][2015-11-05 15:40:47,875][com.java.SeleniumDriver] [  812] - Datavalue is----------Concept#1:1-14
[INFO ][2015-11-05 15:40:47,875][com.java.SeleniumDriver] [  836] - DataField : test
[INFO ][2015-11-05 15:40:47,875][com.java.SeleniumDriver] [  838] - DataValue : Concept#1:1-14
[INFO ][2015-11-05 15:40:47,876][com.java.SeleniumDriver] [  844] - <In Set values of the page>
[INFO ][2015-11-05 15:40:47,876][com.java.SeleniumDriver] [  847] - {Data Fields & Data Values Exist}
[INFO ][2015-11-05 15:40:47,876][com.java.SeleniumDriver] [  849] - --------------------------setting values-----------------------------
[INFO ][2015-11-05 15:40:47,876][com.java.SeleniumDriver] [  852] - Action Type : ExecuteTestCase
[INFO ][2015-11-05 15:40:47,895][com.java.TestType] [  414] - The Concept sheet name is ---------- Concept
[INFO ][2015-11-05 15:40:47,895][com.java.TestType] [  417] - The Concept ID  is ---------- 1
[DEBUG][2015-11-05 15:40:47,895][com.java.TestType] [  421] - Steps being executted in the Concept are: 1:14
[INFO ][2015-11-05 15:40:47,896][com.java.TestType] [  428] - Test data details path ---------- D:\BankersDashboard\TestInputs\TestData.xls
[INFO ][2015-11-05 15:40:48,436][com.java.TestType] [  459] -  str(1) = 1
[INFO ][2015-11-05 15:40:48,437][com.java.TestType] [  462] - Test case Id is---1
[INFO ][2015-11-05 15:40:48,437][com.java.TestType] [  464] - 1
[INFO ][2015-11-05 15:40:48,437][com.java.TestType] [  459] -  str(2) = 1
[INFO ][2015-11-05 15:40:48,440][com.java.TestType] [  511] - row values are--------{1=com.java.Objects.TestDataDetails@389cc9}
[INFO ][2015-11-05 15:40:48,440][com.java.TestType] [  459] -  str(1) = 1
[INFO ][2015-11-05 15:40:48,441][com.java.TestType] [  462] - Test case Id is---1
[INFO ][2015-11-05 15:40:48,441][com.java.TestType] [  464] - 1
[INFO ][2015-11-05 15:40:48,441][com.java.TestType] [  459] -  str(2) = 2
[INFO ][2015-11-05 15:40:48,442][com.java.TestType] [  511] - row values are--------{1=com.java.Objects.TestDataDetails@389cc9, 2=com.java.Objects.TestDataDetails@3170cc}
[INFO ][2015-11-05 15:40:48,442][com.java.TestType] [  459] -  str(1) = 1
[INFO ][2015-11-05 15:40:48,442][com.java.TestType] [  462] - Test case Id is---1
[INFO ][2015-11-05 15:40:48,442][com.java.TestType] [  464] - 1
[INFO ][2015-11-05 15:40:48,442][com.java.TestType] [  459] -  str(2) = 3
[INFO ][2015-11-05 15:40:48,444][com.java.TestType] [  511] - row values are--------{1=com.java.Objects.TestDataDetails@389cc9, 2=com.java.Objects.TestDataDetails@3170cc, 3=com.java.Objects.TestDataDetails@85cec8}
[INFO ][2015-11-05 15:40:48,444][com.java.TestType] [  459] -  str(1) = 1
[INFO ][2015-11-05 15:40:48,444][com.java.TestType] [  462] - Test case Id is---1
[INFO ][2015-11-05 15:40:48,444][com.java.TestType] [  464] - 1
[INFO ][2015-11-05 15:40:48,444][com.java.TestType] [  459] -  str(2) = 4
[INFO ][2015-11-05 15:40:48,445][com.java.TestType] [  511] - row values are--------{1=com.java.Objects.TestDataDetails@389cc9, 2=com.java.Objects.TestDataDetails@3170cc, 3=com.java.Objects.TestDataDetails@85cec8, 4=com.java.Objects.TestDataDetails@1a11f21}
[INFO ][2015-11-05 15:40:48,445][com.java.TestType] [  459] -  str(1) = 1
[INFO ][2015-11-05 15:40:48,446][com.java.TestType] [  462] - Test case Id is---1
[INFO ][2015-11-05 15:40:48,446][com.java.TestType] [  464] - 1
[INFO ][2015-11-05 15:40:48,446][com.java.TestType] [  459] -  str(2) = 5
[INFO ][2015-11-05 15:40:48,447][com.java.TestType] [  511] - row values are--------{1=com.java.Objects.TestDataDetails@389cc9, 2=com.java.Objects.TestDataDetails@3170cc, 3=com.java.Objects.TestDataDetails@85cec8, 4=com.java.Objects.TestDataDetails@1a11f21, 5=com.java.Objects.TestDataDetails@4c24a2}
[INFO ][2015-11-05 15:40:48,447][com.java.TestType] [  459] -  str(1) = 1
[INFO ][2015-11-05 15:40:48,447][com.java.TestType] [  462] - Test case Id is---1
[INFO ][2015-11-05 15:40:48,447][com.java.TestType] [  464] - 1
[INFO ][2015-11-05 15:40:48,447][com.java.TestType] [  459] -  str(2) = 6
[INFO ][2015-11-05 15:40:48,449][com.java.TestType] [  511] - row values are--------{1=com.java.Objects.TestDataDetails@389cc9, 2=com.java.Objects.TestDataDetails@3170cc, 3=com.java.Objects.TestDataDetails@85cec8, 4=com.java.Objects.TestDataDetails@1a11f21, 5=com.java.Objects.TestDataDetails@4c24a2, 6=com.java.Objects.TestDataDetails@1ca15af}
[INFO ][2015-11-05 15:40:48,449][com.java.TestType] [  459] -  str(1) = 1
[INFO ][2015-11-05 15:40:48,449][com.java.TestType] [  462] - Test case Id is---1
[INFO ][2015-11-05 15:40:48,449][com.java.TestType] [  464] - 1
[INFO ][2015-11-05 15:40:48,449][com.java.TestType] [  459] -  str(2) = 7
[INFO ][2015-11-05 15:40:48,450][com.java.TestType] [  511] - row values are--------{1=com.java.Objects.TestDataDetails@389cc9, 2=com.java.Objects.TestDataDetails@3170cc, 3=com.java.Objects.TestDataDetails@85cec8, 4=com.java.Objects.TestDataDetails@1a11f21, 5=com.java.Objects.TestDataDetails@4c24a2, 6=com.java.Objects.TestDataDetails@1ca15af, 7=com.java.Objects.TestDataDetails@c73ac2}
[INFO ][2015-11-05 15:40:48,450][com.java.TestType] [  459] -  str(1) = 1
[INFO ][2015-11-05 15:40:48,450][com.java.TestType] [  462] - Test case Id is---1
[INFO ][2015-11-05 15:40:48,450][com.java.TestType] [  464] - 1
[INFO ][2015-11-05 15:40:48,450][com.java.TestType] [  459] -  str(2) = 8
[INFO ][2015-11-05 15:40:48,451][com.java.TestType] [  511] - row values are--------{1=com.java.Objects.TestDataDetails@389cc9, 2=com.java.Objects.TestDataDetails@3170cc, 3=com.java.Objects.TestDataDetails@85cec8, 4=com.java.Objects.TestDataDetails@1a11f21, 5=com.java.Objects.TestDataDetails@4c24a2, 6=com.java.Objects.TestDataDetails@1ca15af, 7=com.java.Objects.TestDataDetails@c73ac2, 8=com.java.Objects.TestDataDetails@399f62}
[INFO ][2015-11-05 15:40:48,451][com.java.TestType] [  459] -  str(1) = 1
[INFO ][2015-11-05 15:40:48,451][com.java.TestType] [  462] - Test case Id is---1
[INFO ][2015-11-05 15:40:48,451][com.java.TestType] [  464] - 1
[INFO ][2015-11-05 15:40:48,451][com.java.TestType] [  459] -  str(2) = 9
[INFO ][2015-11-05 15:40:48,452][com.java.TestType] [  511] - row values are--------{1=com.java.Objects.TestDataDetails@389cc9, 2=com.java.Objects.TestDataDetails@3170cc, 3=com.java.Objects.TestDataDetails@85cec8, 4=com.java.Objects.TestDataDetails@1a11f21, 5=com.java.Objects.TestDataDetails@4c24a2, 6=com.java.Objects.TestDataDetails@1ca15af, 7=com.java.Objects.TestDataDetails@c73ac2, 8=com.java.Objects.TestDataDetails@399f62, 9=com.java.Objects.TestDataDetails@57df88}
[INFO ][2015-11-05 15:40:48,452][com.java.TestType] [  459] -  str(1) = 1
[INFO ][2015-11-05 15:40:48,452][com.java.TestType] [  462] - Test case Id is---1
[INFO ][2015-11-05 15:40:48,452][com.java.TestType] [  464] - 1
[INFO ][2015-11-05 15:40:48,453][com.java.TestType] [  459] -  str(2) = 10
[INFO ][2015-11-05 15:40:48,453][com.java.TestType] [  511] - row values are--------{1=com.java.Objects.TestDataDetails@389cc9, 2=com.java.Objects.TestDataDetails@3170cc, 3=com.java.Objects.TestDataDetails@85cec8, 4=com.java.Objects.TestDataDetails@1a11f21, 5=com.java.Objects.TestDataDetails@4c24a2, 6=com.java.Objects.TestDataDetails@1ca15af, 7=com.java.Objects.TestDataDetails@c73ac2, 8=com.java.Objects.TestDataDetails@399f62, 9=com.java.Objects.TestDataDetails@57df88, 10=com.java.Objects.TestDataDetails@8a1cf6}
[INFO ][2015-11-05 15:40:48,453][com.java.TestType] [  459] -  str(1) = 1
[INFO ][2015-11-05 15:40:48,454][com.java.TestType] [  462] - Test case Id is---1
[INFO ][2015-11-05 15:40:48,454][com.java.TestType] [  464] - 1
[INFO ][2015-11-05 15:40:48,454][com.java.TestType] [  459] -  str(2) = 11
[INFO ][2015-11-05 15:40:48,454][com.java.TestType] [  511] - row values are--------{1=com.java.Objects.TestDataDetails@389cc9, 2=com.java.Objects.TestDataDetails@3170cc, 3=com.java.Objects.TestDataDetails@85cec8, 4=com.java.Objects.TestDataDetails@1a11f21, 5=com.java.Objects.TestDataDetails@4c24a2, 6=com.java.Objects.TestDataDetails@1ca15af, 7=com.java.Objects.TestDataDetails@c73ac2, 8=com.java.Objects.TestDataDetails@399f62, 9=com.java.Objects.TestDataDetails@57df88, 10=com.java.Objects.TestDataDetails@8a1cf6, 11=com.java.Objects.TestDataDetails@1f33544}
[INFO ][2015-11-05 15:40:48,455][com.java.TestType] [  459] -  str(1) = 1
[INFO ][2015-11-05 15:40:48,455][com.java.TestType] [  462] - Test case Id is---1
[INFO ][2015-11-05 15:40:48,455][com.java.TestType] [  464] - 1
[INFO ][2015-11-05 15:40:48,455][com.java.TestType] [  459] -  str(2) = 12
[INFO ][2015-11-05 15:40:48,456][com.java.TestType] [  511] - row values are--------{1=com.java.Objects.TestDataDetails@389cc9, 2=com.java.Objects.TestDataDetails@3170cc, 3=com.java.Objects.TestDataDetails@85cec8, 4=com.java.Objects.TestDataDetails@1a11f21, 5=com.java.Objects.TestDataDetails@4c24a2, 6=com.java.Objects.TestDataDetails@1ca15af, 7=com.java.Objects.TestDataDetails@c73ac2, 8=com.java.Objects.TestDataDetails@399f62, 9=com.java.Objects.TestDataDetails@57df88, 10=com.java.Objects.TestDataDetails@8a1cf6, 11=com.java.Objects.TestDataDetails@1f33544, 12=com.java.Objects.TestDataDetails@648a34}
[INFO ][2015-11-05 15:40:48,456][com.java.TestType] [  459] -  str(1) = 1
[INFO ][2015-11-05 15:40:48,456][com.java.TestType] [  462] - Test case Id is---1
[INFO ][2015-11-05 15:40:48,456][com.java.TestType] [  464] - 1
[INFO ][2015-11-05 15:40:48,456][com.java.TestType] [  459] -  str(2) = 13
[INFO ][2015-11-05 15:40:48,457][com.java.TestType] [  511] - row values are--------{1=com.java.Objects.TestDataDetails@389cc9, 2=com.java.Objects.TestDataDetails@3170cc, 3=com.java.Objects.TestDataDetails@85cec8, 4=com.java.Objects.TestDataDetails@1a11f21, 5=com.java.Objects.TestDataDetails@4c24a2, 6=com.java.Objects.TestDataDetails@1ca15af, 7=com.java.Objects.TestDataDetails@c73ac2, 8=com.java.Objects.TestDataDetails@399f62, 9=com.java.Objects.TestDataDetails@57df88, 10=com.java.Objects.TestDataDetails@8a1cf6, 11=com.java.Objects.TestDataDetails@1f33544, 12=com.java.Objects.TestDataDetails@648a34, 13=com.java.Objects.TestDataDetails@cefaa7}
[INFO ][2015-11-05 15:40:48,458][com.java.TestType] [  459] -  str(1) = 1
[INFO ][2015-11-05 15:40:48,458][com.java.TestType] [  462] - Test case Id is---1
[INFO ][2015-11-05 15:40:48,458][com.java.TestType] [  464] - 1
[INFO ][2015-11-05 15:40:48,458][com.java.TestType] [  459] -  str(2) = 14
[INFO ][2015-11-05 15:40:48,459][com.java.TestType] [  511] - row values are--------{1=com.java.Objects.TestDataDetails@389cc9, 2=com.java.Objects.TestDataDetails@3170cc, 3=com.java.Objects.TestDataDetails@85cec8, 4=com.java.Objects.TestDataDetails@1a11f21, 5=com.java.Objects.TestDataDetails@4c24a2, 6=com.java.Objects.TestDataDetails@1ca15af, 7=com.java.Objects.TestDataDetails@c73ac2, 8=com.java.Objects.TestDataDetails@399f62, 9=com.java.Objects.TestDataDetails@57df88, 10=com.java.Objects.TestDataDetails@8a1cf6, 11=com.java.Objects.TestDataDetails@1f33544, 12=com.java.Objects.TestDataDetails@648a34, 13=com.java.Objects.TestDataDetails@cefaa7, 14=com.java.Objects.TestDataDetails@10ac4be}
[INFO ][2015-11-05 15:40:48,459][com.java.TestType] [ 7929] - Looping 1TCID = 1
[DEBUG][2015-11-05 15:40:48,459][com.java.TestType] [ 7970] - Concept ID:1 :: Step being Executed: 1::1
[INFO ][2015-11-05 15:40:48,460][com.java.TestType] [ 8008] - dataFields : TXTusername
[DEBUG][2015-11-05 15:40:48,460][com.java.TestType] [ 8014] - <In Set values of the page>
[DEBUG][2015-11-05 15:40:48,460][com.java.TestType] [ 8019] - {Data Fields & Data Values Exist}
[INFO ][2015-11-05 15:40:48,460][com.java.TestType] [ 8025] - --------------------------setting values-----------------------------
[INFO ][2015-11-05 15:40:48,460][com.java.TestType] [ 8028] - Action Type : CLEARANDENTER
[INFO ][2015-11-05 15:40:48,460][com.java.TestType] [ 3780] - value = valuelabs.ie11.03890
[INFO ][2015-11-05 15:40:53,274][com.java.TestType] [ 8047] -  RESULT true
[INFO ][2015-11-05 15:40:53,274][com.java.TestType] [ 8164] - ?   P A S S   ?
[DEBUG][2015-11-05 15:40:53,275][com.java.TestType] [ 7970] - Concept ID:1 :: Step being Executed: 1::2
[INFO ][2015-11-05 15:40:53,275][com.java.TestType] [ 8008] - dataFields : TXTpassword
[DEBUG][2015-11-05 15:40:53,275][com.java.TestType] [ 8014] - <In Set values of the page>
[DEBUG][2015-11-05 15:40:53,275][com.java.TestType] [ 8019] - {Data Fields & Data Values Exist}
[INFO ][2015-11-05 15:40:53,275][com.java.TestType] [ 8025] - --------------------------setting values-----------------------------
[INFO ][2015-11-05 15:40:53,275][com.java.TestType] [ 8028] - Action Type : CLEARANDENTER
[INFO ][2015-11-05 15:40:53,275][com.java.TestType] [ 3780] - value = Password1*
[INFO ][2015-11-05 15:40:58,185][com.java.TestType] [ 8047] -  RESULT true
[INFO ][2015-11-05 15:40:58,186][com.java.TestType] [ 8164] - ?   P A S S   ?
[DEBUG][2015-11-05 15:40:58,186][com.java.TestType] [ 7970] - Concept ID:1 :: Step being Executed: 1::3
[ERROR][2015-11-05 15:40:58,186][com.java.TestType] [ 8003] - Exception: null
[INFO ][2015-11-05 15:40:58,186][com.java.TestType] [ 8008] - dataFields : XPH//button[@type='submit']
[DEBUG][2015-11-05 15:40:58,186][com.java.TestType] [ 8014] - <In Set values of the page>
[DEBUG][2015-11-05 15:40:58,186][com.java.TestType] [ 8019] - {Data Fields & Data Values Exist}
[INFO ][2015-11-05 15:40:58,186][com.java.TestType] [ 8025] - --------------------------setting values-----------------------------
[INFO ][2015-11-05 15:40:58,186][com.java.TestType] [ 8028] - Action Type : Click
[INFO ][2015-11-05 15:40:58,186][com.java.TestType] [ 4093] - Field ::XPH//button[@type='submit']
[INFO ][2015-11-05 15:40:59,188][com.java.TestType] [ 4152] - BEFORE CLICK
[INFO ][2015-11-05 15:41:00,050][com.java.TestType] [ 4160] - Unable to click the object Login
[INFO ][2015-11-05 15:41:00,050][com.java.TestType] [ 8047] -  RESULT true
[INFO ][2015-11-05 15:41:00,050][com.java.TestType] [ 8164] - ?   P A S S   ?
[DEBUG][2015-11-05 15:41:00,050][com.java.TestType] [ 7970] - Concept ID:1 :: Step being Executed: 1::4
[INFO ][2015-11-05 15:41:00,050][com.java.TestType] [ 8008] - dataFields : LNKLogout
[DEBUG][2015-11-05 15:41:00,050][com.java.TestType] [ 8014] - <In Set values of the page>
[DEBUG][2015-11-05 15:41:00,050][com.java.TestType] [ 8019] - {Data Fields & Data Values Exist}
[INFO ][2015-11-05 15:41:00,050][com.java.TestType] [ 8025] - --------------------------setting values-----------------------------
[INFO ][2015-11-05 15:41:00,050][com.java.TestType] [ 8028] - Action Type : WaitForElement
[INFO ][2015-11-05 15:41:14,848][com.java.TestType] [ 8047] -  RESULT true
[INFO ][2015-11-05 15:41:14,848][com.java.TestType] [ 8164] - ?   P A S S   ?
[DEBUG][2015-11-05 15:41:14,848][com.java.TestType] [ 7970] - Concept ID:1 :: Step being Executed: 1::13
[INFO ][2015-11-05 15:41:14,848][com.java.TestType] [ 8008] - dataFields : LNK
[DEBUG][2015-11-05 15:41:14,848][com.java.TestType] [ 8014] - <In Set values of the page>
[DEBUG][2015-11-05 15:41:14,848][com.java.TestType] [ 8019] - {Data Fields & Data Values Exist}
[INFO ][2015-11-05 15:41:14,848][com.java.TestType] [ 8025] - --------------------------setting values-----------------------------
[INFO ][2015-11-05 15:41:14,849][com.java.TestType] [ 8028] - Action Type : Verify
[INFO ][2015-11-05 15:41:14,849][com.java.TestType] [ 4906] - field= LNK value= Logout
[INFO ][2015-11-05 15:41:14,851][com.java.TestType] [ 3780] - value = Logout
[INFO ][2015-11-05 15:41:14,885][com.java.TestType] [ 8047] -  RESULT true
[INFO ][2015-11-05 15:41:14,886][com.java.TestType] [ 8164] - ?   P A S S   ?
[DEBUG][2015-11-05 15:41:14,886][com.java.TestType] [ 7970] - Concept ID:1 :: Step being Executed: 1::14
[INFO ][2015-11-05 15:41:14,886][com.java.TestType] [ 8008] - dataFields : BTN
[DEBUG][2015-11-05 15:41:14,886][com.java.TestType] [ 8014] - <In Set values of the page>
[DEBUG][2015-11-05 15:41:14,886][com.java.TestType] [ 8019] - {Data Fields & Data Values Exist}
[INFO ][2015-11-05 15:41:14,887][com.java.TestType] [ 8025] - --------------------------setting values-----------------------------
[INFO ][2015-11-05 15:41:14,887][com.java.TestType] [ 8028] - Action Type : Verify
[INFO ][2015-11-05 15:41:14,887][com.java.TestType] [ 4906] - field= BTN value= //img[contains(@src,'bdlogo.jpg')]
[INFO ][2015-11-05 15:41:14,887][com.java.TestType] [ 3780] - value = //img[contains(@src,'bdlogo.jpg')]
[INFO ][2015-11-05 15:41:14,920][com.java.TestType] [ 8047] -  RESULT true
[INFO ][2015-11-05 15:41:14,920][com.java.TestType] [ 8164] - ?   P A S S   ?
[INFO ][2015-11-05 15:41:14,920][com.java.TestType] [ 8235] - Looping End......
[INFO ][2015-11-05 15:41:14,921][com.java.SeleniumDriver] [  861] -  RESULT true
[INFO ][2015-11-05 15:41:14,921][com.java.SeleniumDriver] [ 1066] - ?   P A S S   ?
[INFO ][2015-11-05 15:41:14,921][com.java.SeleniumDriver] [  788] - ------------------------------------------
[INFO ][2015-11-05 15:41:14,921][com.java.SeleniumDriver] [  789] - Test case being Executed: 1
[INFO ][2015-11-05 15:41:14,922][com.java.SeleniumDriver] [  800] - Test step:2
[INFO ][2015-11-05 15:41:14,922][com.java.SeleniumDriver] [  812] - Datavalue is----------Concept#2:1-2
[INFO ][2015-11-05 15:41:14,922][com.java.SeleniumDriver] [  836] - DataField : test
[INFO ][2015-11-05 15:41:14,922][com.java.SeleniumDriver] [  838] - DataValue : Concept#2:1-2
[INFO ][2015-11-05 15:41:14,922][com.java.SeleniumDriver] [  844] - <In Set values of the page>
[INFO ][2015-11-05 15:41:14,922][com.java.SeleniumDriver] [  847] - {Data Fields & Data Values Exist}
[INFO ][2015-11-05 15:41:14,922][com.java.SeleniumDriver] [  849] - --------------------------setting values-----------------------------
[INFO ][2015-11-05 15:41:14,922][com.java.SeleniumDriver] [  852] - Action Type : ExecuteTestCase
[INFO ][2015-11-05 15:41:14,924][com.java.TestType] [  414] - The Concept sheet name is ---------- Concept
[INFO ][2015-11-05 15:41:14,924][com.java.TestType] [  417] - The Concept ID  is ---------- 2
[DEBUG][2015-11-05 15:41:14,924][com.java.TestType] [  421] - Steps being executted in the Concept are: 1:2
[INFO ][2015-11-05 15:41:14,925][com.java.TestType] [  428] - Test data details path ---------- D:\BankersDashboard\TestInputs\TestData.xls
[INFO ][2015-11-05 15:41:15,483][com.java.TestType] [  459] -  str(1) = 2
[INFO ][2015-11-05 15:41:15,483][com.java.TestType] [  462] - Test case Id is---2
[INFO ][2015-11-05 15:41:15,483][com.java.TestType] [  464] - 2
[INFO ][2015-11-05 15:41:15,483][com.java.TestType] [  459] -  str(2) = 1
[INFO ][2015-11-05 15:41:15,485][com.java.TestType] [  511] - row values are--------{1=com.java.Objects.TestDataDetails@525edc}
[INFO ][2015-11-05 15:41:15,485][com.java.TestType] [  459] -  str(1) = 2
[INFO ][2015-11-05 15:41:15,486][com.java.TestType] [  462] - Test case Id is---2
[INFO ][2015-11-05 15:41:15,486][com.java.TestType] [  464] - 2
[INFO ][2015-11-05 15:41:15,486][com.java.TestType] [  459] -  str(2) = 2
[INFO ][2015-11-05 15:41:15,486][com.java.TestType] [  511] - row values are--------{1=com.java.Objects.TestDataDetails@525edc, 2=com.java.Objects.TestDataDetails@1912a37}
[INFO ][2015-11-05 15:41:15,486][com.java.TestType] [  459] -  str(1) = 2
[INFO ][2015-11-05 15:41:15,486][com.java.TestType] [  462] - Test case Id is---2
[INFO ][2015-11-05 15:41:15,486][com.java.TestType] [  464] - 2
[INFO ][2015-11-05 15:41:15,487][com.java.TestType] [  459] -  str(2) = 3
[INFO ][2015-11-05 15:41:15,487][com.java.TestType] [  511] - row values are--------{1=com.java.Objects.TestDataDetails@525edc, 2=com.java.Objects.TestDataDetails@1912a37, 3=com.java.Objects.TestDataDetails@15eb9de}
[INFO ][2015-11-05 15:41:15,487][com.java.TestType] [ 7929] - Looping 1TCID = 2
[DEBUG][2015-11-05 15:41:15,487][com.java.TestType] [ 7970] - Concept ID:2 :: Step being Executed: 2::1
[INFO ][2015-11-05 15:41:15,487][com.java.TestType] [ 8008] - dataFields : BNK//select[@id='bank']
[DEBUG][2015-11-05 15:41:15,488][com.java.TestType] [ 8014] - <In Set values of the page>
[DEBUG][2015-11-05 15:41:15,488][com.java.TestType] [ 8019] - {Data Fields & Data Values Exist}
[INFO ][2015-11-05 15:41:15,488][com.java.TestType] [ 8025] - --------------------------setting values-----------------------------
[INFO ][2015-11-05 15:41:15,488][com.java.TestType] [ 8028] - Action Type : Select
[INFO ][2015-11-05 15:41:15,488][com.java.TestType] [ 3780] - value = PFC
[INFO ][2015-11-05 15:41:15,686][com.java.TestType] [ 8047] -  RESULT true
[INFO ][2015-11-05 15:41:15,686][com.java.TestType] [ 8164] - ?   P A S S   ?
[DEBUG][2015-11-05 15:41:15,686][com.java.TestType] [ 7970] - Concept ID:2 :: Step being Executed: 2::2
[INFO ][2015-11-05 15:41:15,686][com.java.TestType] [ 8008] - dataFields : LNKLogout
[DEBUG][2015-11-05 15:41:15,686][com.java.TestType] [ 8014] - <In Set values of the page>
[DEBUG][2015-11-05 15:41:15,686][com.java.TestType] [ 8019] - {Data Fields & Data Values Exist}
[INFO ][2015-11-05 15:41:15,686][com.java.TestType] [ 8025] - --------------------------setting values-----------------------------
[INFO ][2015-11-05 15:41:15,686][com.java.TestType] [ 8028] - Action Type : WaitTime
[DEBUG][2015-11-05 15:41:15,686][com.java.TestType] [ 3679] - sleepTime: 5000
[INFO ][2015-11-05 15:41:20,686][com.java.TestType] [ 8047] -  RESULT true
[INFO ][2015-11-05 15:41:20,686][com.java.TestType] [ 8164] - ?   P A S S   ?
[INFO ][2015-11-05 15:41:20,686][com.java.TestType] [ 8235] - Looping End......
[INFO ][2015-11-05 15:41:20,687][com.java.SeleniumDriver] [  861] -  RESULT true
[INFO ][2015-11-05 15:41:20,687][com.java.SeleniumDriver] [ 1066] - ?   P A S S   ?
[INFO ][2015-11-05 15:41:20,687][com.java.SeleniumDriver] [  788] - ------------------------------------------
[INFO ][2015-11-05 15:41:20,687][com.java.SeleniumDriver] [  789] - Test case being Executed: 1
[INFO ][2015-11-05 15:41:20,687][com.java.SeleniumDriver] [  800] - Test step:3
[INFO ][2015-11-05 15:41:20,688][com.java.SeleniumDriver] [  812] - Datavalue is----------2
[INFO ][2015-11-05 15:41:20,688][com.java.SeleniumDriver] [  836] - DataField : XPH//button[contains(text(),'Add Content')]
[INFO ][2015-11-05 15:41:20,688][com.java.SeleniumDriver] [  838] - DataValue : 2
[INFO ][2015-11-05 15:41:20,688][com.java.SeleniumDriver] [  844] - <In Set values of the page>
[INFO ][2015-11-05 15:41:20,688][com.java.SeleniumDriver] [  847] - {Data Fields & Data Values Exist}
[INFO ][2015-11-05 15:41:20,688][com.java.SeleniumDriver] [  849] - --------------------------setting values-----------------------------
[INFO ][2015-11-05 15:41:20,688][com.java.SeleniumDriver] [  852] - Action Type : WAITFORELEMENT
[INFO ][2015-11-05 15:41:20,724][com.java.SeleniumDriver] [  861] -  RESULT true
[INFO ][2015-11-05 15:41:20,724][com.java.SeleniumDriver] [ 1066] - ?   P A S S   ?
[DEBUG][2015-11-05 15:41:20,724][com.java.SeleniumDriver] [ 1168] - Case found
[DEBUG][2015-11-05 15:41:20,724][com.java.SeleniumDriver] [ 1173] - Incrementing ReportCounters[0]:1
[INFO ][2015-11-05 15:41:20,724][com.java.SeleniumDriver] [ 1192] - The results are-------------------[1, 1, Valid Login, Pass, , Thu Nov 05 15:41:14 IST 2015, 1, 2, Valid Login, Pass, , Thu Nov 05 15:41:20 IST 2015, 1, 3, Valid Login, Pass, , Thu Nov 05 15:41:20 IST 2015]
[INFO ][2015-11-05 15:41:20,724][com.java.SeleniumDriver] [ 1196] - End time is-------59 sec
[INFO ][2015-11-05 15:41:20,724][com.java.SeleniumDriver] [ 1197] - The results are-------------------[1, 1, Valid Login, Pass, , Thu Nov 05 15:41:14 IST 2015, 1, 2, Valid Login, Pass, , Thu Nov 05 15:41:20 IST 2015, 1, 3, Valid Login, Pass, , Thu Nov 05 15:41:20 IST 2015]
[DEBUG][2015-11-05 15:41:20,725][com.java.ImportnExport.ExportTestResultsExcel] [  222] - testResultPath = D:\BankersDashboard/TestReports/Test Results_BankersDashBoard_110515_154023_IE11_Simmons First National Bank.xls
[DEBUG][2015-11-05 15:41:20,725][com.java.ImportnExport.ExportTestResultsExcel] [  223] - browser is------------IE11
[DEBUG][2015-11-05 15:41:20,769][com.java.ImportnExport.ExportTestResultsExcel] [  270] - result.size() = 18
[DEBUG][2015-11-05 15:41:20,769][com.java.ImportnExport.ExportTestResultsExcel] [  274] - No of rows in sheet=1
[DEBUG][2015-11-05 15:41:20,769][com.java.ImportnExport.ExportTestResultsExcel] [  301] - ..in export..1
[DEBUG][2015-11-05 15:41:20,769][com.java.ImportnExport.ExportTestResultsExcel] [  301] - ..in export..Valid Login
[DEBUG][2015-11-05 15:41:20,769][com.java.ImportnExport.ExportTestResultsExcel] [  301] - ..in export..Pass
[DEBUG][2015-11-05 15:41:20,769][com.java.ImportnExport.ExportTestResultsExcel] [  301] - ..in export..
[DEBUG][2015-11-05 15:41:20,769][com.java.ImportnExport.ExportTestResultsExcel] [  301] - ..in export..Thu Nov 05 15:41:14 IST 2015
[INFO ][2015-11-05 15:41:20,771][com.java.SeleniumDriver] [ 1255] - out loop:0 size:2 TestCases:[1, 11] testcases:[1, 11]
[INFO ][2015-11-05 15:41:20,771][com.java.ImportnExport.ImportTestDataDetailsExcel] [   49] - test data details path===== D:\BankersDashboard\TestInputs\TestData.xls
[INFO ][2015-11-05 15:42:17,591][com.java.SeleniumDriver] [  788] - ------------------------------------------
[INFO ][2015-11-05 15:42:17,591][com.java.SeleniumDriver] [  789] - Test case being Executed: 11
[INFO ][2015-11-05 15:42:17,591][com.java.SeleniumDriver] [  800] - Test step:1
[INFO ][2015-11-05 15:42:17,591][com.java.SeleniumDriver] [  812] - Datavalue is----------Logout
[INFO ][2015-11-05 15:42:17,591][com.java.SeleniumDriver] [  836] - DataField : BTN
[INFO ][2015-11-05 15:42:17,591][com.java.SeleniumDriver] [  838] - DataValue : Logout
[INFO ][2015-11-05 15:42:17,591][com.java.SeleniumDriver] [  844] - <In Set values of the page>
[INFO ][2015-11-05 15:42:17,591][com.java.SeleniumDriver] [  847] - {Data Fields & Data Values Exist}
[INFO ][2015-11-05 15:42:17,591][com.java.SeleniumDriver] [  849] - --------------------------setting values-----------------------------
[INFO ][2015-11-05 15:42:17,591][com.java.SeleniumDriver] [  852] - Action Type : Verify
[INFO ][2015-11-05 15:42:17,591][com.java.TestType] [ 4906] - field= BTN value= Logout
[INFO ][2015-11-05 15:42:17,591][com.java.TestType] [ 3780] - value = Logout
[INFO ][2015-11-05 15:42:17,632][com.java.SeleniumDriver] [  861] -  RESULT true
[INFO ][2015-11-05 15:42:17,632][com.java.SeleniumDriver] [ 1066] - ?   P A S S   ?
[INFO ][2015-11-05 15:42:17,632][com.java.SeleniumDriver] [ 1108] - step change to 3
[INFO ][2015-11-05 15:42:17,632][com.java.SeleniumDriver] [  788] - ------------------------------------------
[INFO ][2015-11-05 15:42:17,632][com.java.SeleniumDriver] [  789] - Test case being Executed: 11
[INFO ][2015-11-05 15:42:17,632][com.java.SeleniumDriver] [  800] - Test step:3
[INFO ][2015-11-05 15:42:17,632][com.java.SeleniumDriver] [  812] - Datavalue is----------Concept#2:1-2
[INFO ][2015-11-05 15:42:17,632][com.java.SeleniumDriver] [  836] - DataField : test
[INFO ][2015-11-05 15:42:17,632][com.java.SeleniumDriver] [  838] - DataValue : Concept#2:1-2
[INFO ][2015-11-05 15:42:17,632][com.java.SeleniumDriver] [  844] - <In Set values of the page>
[INFO ][2015-11-05 15:42:17,632][com.java.SeleniumDriver] [  847] - {Data Fields & Data Values Exist}
[INFO ][2015-11-05 15:42:17,632][com.java.SeleniumDriver] [  849] - --------------------------setting values-----------------------------
[INFO ][2015-11-05 15:42:17,632][com.java.SeleniumDriver] [  852] - Action Type : ExecuteTestCase
[INFO ][2015-11-05 15:42:17,632][com.java.TestType] [  414] - The Concept sheet name is ---------- Concept
[INFO ][2015-11-05 15:42:17,632][com.java.TestType] [  417] - The Concept ID  is ---------- 2
[DEBUG][2015-11-05 15:42:17,632][com.java.TestType] [  421] - Steps being executted in the Concept are: 1:2
[INFO ][2015-11-05 15:42:17,632][com.java.TestType] [  428] - Test data details path ---------- D:\BankersDashboard\TestInputs\TestData.xls
[INFO ][2015-11-05 15:42:18,182][com.java.TestType] [  459] -  str(1) = 2
[INFO ][2015-11-05 15:42:18,182][com.java.TestType] [  462] - Test case Id is---2
[INFO ][2015-11-05 15:42:18,182][com.java.TestType] [  464] - 2
[INFO ][2015-11-05 15:42:18,182][com.java.TestType] [  459] -  str(2) = 1
[INFO ][2015-11-05 15:42:18,182][com.java.TestType] [  511] - row values are--------{1=com.java.Objects.TestDataDetails@428c00}
[INFO ][2015-11-05 15:42:18,182][com.java.TestType] [  459] -  str(1) = 2
[INFO ][2015-11-05 15:42:18,182][com.java.TestType] [  462] - Test case Id is---2
[INFO ][2015-11-05 15:42:18,182][com.java.TestType] [  464] - 2
[INFO ][2015-11-05 15:42:18,182][com.java.TestType] [  459] -  str(2) = 2
[INFO ][2015-11-05 15:42:18,182][com.java.TestType] [  511] - row values are--------{1=com.java.Objects.TestDataDetails@428c00, 2=com.java.Objects.TestDataDetails@134e8f4}
[INFO ][2015-11-05 15:42:18,182][com.java.TestType] [  459] -  str(1) = 2
[INFO ][2015-11-05 15:42:18,182][com.java.TestType] [  462] - Test case Id is---2
[INFO ][2015-11-05 15:42:18,182][com.java.TestType] [  464] - 2
[INFO ][2015-11-05 15:42:18,182][com.java.TestType] [  459] -  str(2) = 3
[INFO ][2015-11-05 15:42:18,182][com.java.TestType] [  511] - row values are--------{1=com.java.Objects.TestDataDetails@428c00, 2=com.java.Objects.TestDataDetails@134e8f4, 3=com.java.Objects.TestDataDetails@648543}
[INFO ][2015-11-05 15:42:18,182][com.java.TestType] [ 7929] - Looping 1TCID = 2
[DEBUG][2015-11-05 15:42:18,182][com.java.TestType] [ 7970] - Concept ID:2 :: Step being Executed: 2::1
[INFO ][2015-11-05 15:42:18,182][com.java.TestType] [ 8008] - dataFields : BNK//select[@id='bank']
[DEBUG][2015-11-05 15:42:18,182][com.java.TestType] [ 8014] - <In Set values of the page>
[DEBUG][2015-11-05 15:42:18,182][com.java.TestType] [ 8019] - {Data Fields & Data Values Exist}
[INFO ][2015-11-05 15:42:18,182][com.java.TestType] [ 8025] - --------------------------setting values-----------------------------
[INFO ][2015-11-05 15:42:18,182][com.java.TestType] [ 8028] - Action Type : Select
[INFO ][2015-11-05 15:42:18,182][com.java.TestType] [ 3780] - value = PFC
[INFO ][2015-11-05 15:42:18,372][com.java.TestType] [ 8047] -  RESULT true
[INFO ][2015-11-05 15:42:18,372][com.java.TestType] [ 8164] - ?   P A S S   ?
[DEBUG][2015-11-05 15:42:18,372][com.java.TestType] [ 7970] - Concept ID:2 :: Step being Executed: 2::2
[INFO ][2015-11-05 15:42:18,372][com.java.TestType] [ 8008] - dataFields : LNKLogout
[DEBUG][2015-11-05 15:42:18,372][com.java.TestType] [ 8014] - <In Set values of the page>
[DEBUG][2015-11-05 15:42:18,372][com.java.TestType] [ 8019] - {Data Fields & Data Values Exist}
[INFO ][2015-11-05 15:42:18,372][com.java.TestType] [ 8025] - --------------------------setting values-----------------------------
[INFO ][2015-11-05 15:42:18,372][com.java.TestType] [ 8028] - Action Type : WaitTime
[DEBUG][2015-11-05 15:42:18,372][com.java.TestType] [ 3679] - sleepTime: 5000
[INFO ][2015-11-05 15:42:23,372][com.java.TestType] [ 8047] -  RESULT true
[INFO ][2015-11-05 15:42:23,372][com.java.TestType] [ 8164] - ?   P A S S   ?
[INFO ][2015-11-05 15:42:23,372][com.java.TestType] [ 8235] - Looping End......
[INFO ][2015-11-05 15:42:23,372][com.java.SeleniumDriver] [  861] -  RESULT true
[INFO ][2015-11-05 15:42:23,372][com.java.SeleniumDriver] [ 1066] - ?   P A S S   ?
[INFO ][2015-11-05 15:42:23,372][com.java.SeleniumDriver] [  788] - ------------------------------------------
[INFO ][2015-11-05 15:42:23,372][com.java.SeleniumDriver] [  789] - Test case being Executed: 11
[INFO ][2015-11-05 15:42:23,372][com.java.SeleniumDriver] [  800] - Test step:4
[INFO ][2015-11-05 15:42:23,372][com.java.SeleniumDriver] [  812] - Datavalue is----------null
[DEBUG][2015-11-05 15:42:23,372][com.java.SeleniumDriver] [  830] - Exception: null
[INFO ][2015-11-05 15:42:23,372][com.java.SeleniumDriver] [  836] - DataField : //span[@class='icon-user4']&&Users&&Manage Users
[INFO ][2015-11-05 15:42:23,372][com.java.SeleniumDriver] [  838] - DataValue : 
[INFO ][2015-11-05 15:42:23,372][com.java.SeleniumDriver] [  844] - <In Set values of the page>
[INFO ][2015-11-05 15:42:23,372][com.java.SeleniumDriver] [  847] - {Data Fields & Data Values Exist}
[INFO ][2015-11-05 15:42:23,372][com.java.SeleniumDriver] [  849] - --------------------------setting values-----------------------------
[INFO ][2015-11-05 15:42:23,372][com.java.SeleniumDriver] [  852] - Action Type : MouseOver
[INFO ][2015-11-05 15:42:43,946][com.java.SeleniumDriver] [  861] -  RESULT true
[INFO ][2015-11-05 15:42:43,946][com.java.SeleniumDriver] [ 1066] - ?   P A S S   ?
[INFO ][2015-11-05 15:42:43,946][com.java.SeleniumDriver] [  788] - ------------------------------------------
[INFO ][2015-11-05 15:42:43,946][com.java.SeleniumDriver] [  789] - Test case being Executed: 11
[INFO ][2015-11-05 15:42:43,946][com.java.SeleniumDriver] [  800] - Test step:5
[INFO ][2015-11-05 15:42:43,946][com.java.SeleniumDriver] [  812] - Datavalue is----------2
[INFO ][2015-11-05 15:42:43,946][com.java.SeleniumDriver] [  836] - DataField : BTNframeDialogContent
[INFO ][2015-11-05 15:42:43,946][com.java.SeleniumDriver] [  838] - DataValue : 2
[INFO ][2015-11-05 15:42:43,946][com.java.SeleniumDriver] [  844] - <In Set values of the page>
[INFO ][2015-11-05 15:42:43,946][com.java.SeleniumDriver] [  847] - {Data Fields & Data Values Exist}
[INFO ][2015-11-05 15:42:43,946][com.java.SeleniumDriver] [  849] - --------------------------setting values-----------------------------
[INFO ][2015-11-05 15:42:43,946][com.java.SeleniumDriver] [  852] - Action Type : WaitForElement
[INFO ][2015-11-05 15:42:45,157][com.java.SeleniumDriver] [  861] -  RESULT true
[INFO ][2015-11-05 15:42:45,157][com.java.SeleniumDriver] [ 1066] - ?   P A S S   ?
[INFO ][2015-11-05 15:42:45,157][com.java.SeleniumDriver] [  788] - ------------------------------------------
[INFO ][2015-11-05 15:42:45,157][com.java.SeleniumDriver] [  789] - Test case being Executed: 11
[INFO ][2015-11-05 15:42:45,157][com.java.SeleniumDriver] [  800] - Test step:6
[INFO ][2015-11-05 15:42:45,157][com.java.SeleniumDriver] [  812] - Datavalue is----------null
[DEBUG][2015-11-05 15:42:45,157][com.java.SeleniumDriver] [  830] - Exception: null
[INFO ][2015-11-05 15:42:45,157][com.java.SeleniumDriver] [  836] - DataField : BTNframeDialogContent
[INFO ][2015-11-05 15:42:45,157][com.java.SeleniumDriver] [  838] - DataValue : 
[INFO ][2015-11-05 15:42:45,157][com.java.SeleniumDriver] [  844] - <In Set values of the page>
[INFO ][2015-11-05 15:42:45,157][com.java.SeleniumDriver] [  847] - {Data Fields & Data Values Exist}
[INFO ][2015-11-05 15:42:45,157][com.java.SeleniumDriver] [  849] - --------------------------setting values-----------------------------
[INFO ][2015-11-05 15:42:45,157][com.java.SeleniumDriver] [  852] - Action Type : SelectFrame
[INFO ][2015-11-05 15:42:46,409][com.java.SeleniumDriver] [  861] -  RESULT true
[INFO ][2015-11-05 15:42:46,409][com.java.SeleniumDriver] [ 1066] - ?   P A S S   ?
[INFO ][2015-11-05 15:42:46,409][com.java.SeleniumDriver] [  788] - ------------------------------------------
[INFO ][2015-11-05 15:42:46,409][com.java.SeleniumDriver] [  789] - Test case being Executed: 11
[INFO ][2015-11-05 15:42:46,409][com.java.SeleniumDriver] [  800] - Test step:7
[INFO ][2015-11-05 15:42:46,409][com.java.SeleniumDriver] [  812] - Datavalue is----------2
[INFO ][2015-11-05 15:42:46,409][com.java.SeleniumDriver] [  836] - DataField : BTNbtnAddUser
[INFO ][2015-11-05 15:42:46,409][com.java.SeleniumDriver] [  838] - DataValue : 2
[INFO ][2015-11-05 15:42:46,409][com.java.SeleniumDriver] [  844] - <In Set values of the page>
[INFO ][2015-11-05 15:42:46,409][com.java.SeleniumDriver] [  847] - {Data Fields & Data Values Exist}
[INFO ][2015-11-05 15:42:46,409][com.java.SeleniumDriver] [  849] - --------------------------setting values-----------------------------
[INFO ][2015-11-05 15:42:46,409][com.java.SeleniumDriver] [  852] - Action Type : WaitForElement
[INFO ][2015-11-05 15:42:48,239][com.java.SeleniumDriver] [  861] -  RESULT true
[INFO ][2015-11-05 15:42:48,239][com.java.SeleniumDriver] [ 1066] - ?   P A S S   ?
[INFO ][2015-11-05 15:42:48,239][com.java.SeleniumDriver] [  788] - ------------------------------------------
[INFO ][2015-11-05 15:42:48,239][com.java.SeleniumDriver] [  789] - Test case being Executed: 11
[INFO ][2015-11-05 15:42:48,239][com.java.SeleniumDriver] [  800] - Test step:8
[INFO ][2015-11-05 15:42:48,239][com.java.SeleniumDriver] [  812] - Datavalue is----------null
[DEBUG][2015-11-05 15:42:48,239][com.java.SeleniumDriver] [  830] - Exception: null
[INFO ][2015-11-05 15:42:48,239][com.java.SeleniumDriver] [  836] - DataField : BTNbtnAddUser
[INFO ][2015-11-05 15:42:48,239][com.java.SeleniumDriver] [  838] - DataValue : 
[INFO ][2015-11-05 15:42:48,239][com.java.SeleniumDriver] [  844] - <In Set values of the page>
[INFO ][2015-11-05 15:42:48,239][com.java.SeleniumDriver] [  847] - {Data Fields & Data Values Exist}
[INFO ][2015-11-05 15:42:48,239][com.java.SeleniumDriver] [  849] - --------------------------setting values-----------------------------
[INFO ][2015-11-05 15:42:48,239][com.java.SeleniumDriver] [  852] - Action Type : Click
[INFO ][2015-11-05 15:42:48,239][com.java.TestType] [ 4093] - Field ::BTNbtnAddUser
[INFO ][2015-11-05 15:42:49,240][com.java.TestType] [ 4131] - BEFORE CLICK
[INFO ][2015-11-05 15:42:51,231][com.java.TestType] [ 4138] - Unable to click the object Add user button
[INFO ][2015-11-05 15:42:51,231][com.java.SeleniumDriver] [  861] -  RESULT true
[INFO ][2015-11-05 15:42:51,231][com.java.SeleniumDriver] [ 1066] - ?   P A S S   ?
[INFO ][2015-11-05 15:42:51,231][com.java.SeleniumDriver] [  788] - ------------------------------------------
[INFO ][2015-11-05 15:42:51,231][com.java.SeleniumDriver] [  789] - Test case being Executed: 11
[INFO ][2015-11-05 15:42:51,231][com.java.SeleniumDriver] [  800] - Test step:9
[INFO ][2015-11-05 15:42:51,231][com.java.SeleniumDriver] [  812] - Datavalue is----------2
[INFO ][2015-11-05 15:42:51,231][com.java.SeleniumDriver] [  836] - DataField : BTNtxtUserName
[INFO ][2015-11-05 15:42:51,231][com.java.SeleniumDriver] [  838] - DataValue : 2
[INFO ][2015-11-05 15:42:51,231][com.java.SeleniumDriver] [  844] - <In Set values of the page>
[INFO ][2015-11-05 15:42:51,231][com.java.SeleniumDriver] [  847] - {Data Fields & Data Values Exist}
[INFO ][2015-11-05 15:42:51,231][com.java.SeleniumDriver] [  849] - --------------------------setting values-----------------------------
[INFO ][2015-11-05 15:42:51,231][com.java.SeleniumDriver] [  852] - Action Type : WaitForElement
[INFO ][2015-11-05 15:42:52,431][com.java.SeleniumDriver] [  861] -  RESULT true
[INFO ][2015-11-05 15:42:52,431][com.java.SeleniumDriver] [ 1066] - ?   P A S S   ?
[INFO ][2015-11-05 15:42:52,431][com.java.SeleniumDriver] [  788] - ------------------------------------------
[INFO ][2015-11-05 15:42:52,431][com.java.SeleniumDriver] [  789] - Test case being Executed: 11
[INFO ][2015-11-05 15:42:52,431][com.java.SeleniumDriver] [  800] - Test step:10
[INFO ][2015-11-05 15:42:52,431][com.java.SeleniumDriver] [  812] - Datavalue is----------dt:NewUserName
[INFO ][2015-11-05 15:42:52,431][com.java.SeleniumDriver] [  836] - DataField : TXTtxtUserName
[INFO ][2015-11-05 15:42:52,431][com.java.SeleniumDriver] [  838] - DataValue : dt:NewUserName
[INFO ][2015-11-05 15:42:52,431][com.java.SeleniumDriver] [  844] - <In Set values of the page>
[INFO ][2015-11-05 15:42:52,431][com.java.SeleniumDriver] [  847] - {Data Fields & Data Values Exist}
[INFO ][2015-11-05 15:42:52,431][com.java.SeleniumDriver] [  849] - --------------------------setting values-----------------------------
[INFO ][2015-11-05 15:42:52,431][com.java.SeleniumDriver] [  852] - Action Type : Enter
[INFO ][2015-11-05 15:42:52,431][com.java.TestType] [ 4413] - field = txtUserName
[INFO ][2015-11-05 15:42:52,431][com.java.TestType] [ 3780] - value = vltest.robot
[INFO ][2015-11-05 15:42:55,209][com.java.SeleniumDriver] [  861] -  RESULT true
[INFO ][2015-11-05 15:42:55,209][com.java.SeleniumDriver] [ 1066] - ?   P A S S   ?
[INFO ][2015-11-05 15:42:55,209][com.java.SeleniumDriver] [  788] - ------------------------------------------
[INFO ][2015-11-05 15:42:55,209][com.java.SeleniumDriver] [  789] - Test case being Executed: 11
[INFO ][2015-11-05 15:42:55,209][com.java.SeleniumDriver] [  800] - Test step:11
[INFO ][2015-11-05 15:42:55,209][com.java.SeleniumDriver] [  812] - Datavalue is----------VLTest
[INFO ][2015-11-05 15:42:55,209][com.java.SeleniumDriver] [  836] - DataField : TXTtxtFirstName
[INFO ][2015-11-05 15:42:55,209][com.java.SeleniumDriver] [  838] - DataValue : VLTest
[INFO ][2015-11-05 15:42:55,209][com.java.SeleniumDriver] [  844] - <In Set values of the page>
[INFO ][2015-11-05 15:42:55,209][com.java.SeleniumDriver] [  847] - {Data Fields & Data Values Exist}
[INFO ][2015-11-05 15:42:55,209][com.java.SeleniumDriver] [  849] - --------------------------setting values-----------------------------
[INFO ][2015-11-05 15:42:55,209][com.java.SeleniumDriver] [  852] - Action Type : Enter
[INFO ][2015-11-05 15:42:55,209][com.java.TestType] [ 4413] - field = txtFirstName
[INFO ][2015-11-05 15:42:55,209][com.java.TestType] [ 3780] - value = VLTest
[INFO ][2015-11-05 15:43:06,366][com.java.SeleniumDriver] [  861] -  RESULT true
[INFO ][2015-11-05 15:43:06,366][com.java.SeleniumDriver] [ 1066] - ?   P A S S   ?
[INFO ][2015-11-05 15:43:06,366][com.java.SeleniumDriver] [  788] - ------------------------------------------
[INFO ][2015-11-05 15:43:06,366][com.java.SeleniumDriver] [  789] - Test case being Executed: 11
[INFO ][2015-11-05 15:43:06,366][com.java.SeleniumDriver] [  800] - Test step:12
[INFO ][2015-11-05 15:43:06,366][com.java.SeleniumDriver] [  812] - Datavalue is----------Robot
[INFO ][2015-11-05 15:43:06,366][com.java.SeleniumDriver] [  836] - DataField : TXTtxtLastName
[INFO ][2015-11-05 15:43:06,366][com.java.SeleniumDriver] [  838] - DataValue : Robot
[INFO ][2015-11-05 15:43:06,366][com.java.SeleniumDriver] [  844] - <In Set values of the page>
[INFO ][2015-11-05 15:43:06,366][com.java.SeleniumDriver] [  847] - {Data Fields & Data Values Exist}
[INFO ][2015-11-05 15:43:06,366][com.java.SeleniumDriver] [  849] - --------------------------setting values-----------------------------
[INFO ][2015-11-05 15:43:06,366][com.java.SeleniumDriver] [  852] - Action Type : Enter
[INFO ][2015-11-05 15:43:06,366][com.java.TestType] [ 4413] - field = txtLastName
[INFO ][2015-11-05 15:43:06,366][com.java.TestType] [ 3780] - value = Robot
[INFO ][2015-11-05 15:43:09,188][com.java.SeleniumDriver] [  861] -  RESULT true
[INFO ][2015-11-05 15:43:09,188][com.java.SeleniumDriver] [ 1066] - ?   P A S S   ?
[INFO ][2015-11-05 15:43:09,188][com.java.SeleniumDriver] [  788] - ------------------------------------------
[INFO ][2015-11-05 15:43:09,188][com.java.SeleniumDriver] [  789] - Test case being Executed: 11
[INFO ][2015-11-05 15:43:09,188][com.java.SeleniumDriver] [  800] - Test step:13
[INFO ][2015-11-05 15:43:09,188][com.java.SeleniumDriver] [  812] - Datavalue is----------ValueLabs
[INFO ][2015-11-05 15:43:09,188][com.java.SeleniumDriver] [  836] - DataField : TXTtxtCompany
[INFO ][2015-11-05 15:43:09,188][com.java.SeleniumDriver] [  838] - DataValue : ValueLabs
[INFO ][2015-11-05 15:43:09,188][com.java.SeleniumDriver] [  844] - <In Set values of the page>
[INFO ][2015-11-05 15:43:09,188][com.java.SeleniumDriver] [  847] - {Data Fields & Data Values Exist}
[INFO ][2015-11-05 15:43:09,188][com.java.SeleniumDriver] [  849] - --------------------------setting values-----------------------------
[INFO ][2015-11-05 15:43:09,188][com.java.SeleniumDriver] [  852] - Action Type : Enter
[INFO ][2015-11-05 15:43:09,188][com.java.TestType] [ 4413] - field = txtCompany
[INFO ][2015-11-05 15:43:09,188][com.java.TestType] [ 3780] - value = ValueLabs
[INFO ][2015-11-05 15:43:12,160][com.java.SeleniumDriver] [  861] -  RESULT true
[INFO ][2015-11-05 15:43:12,160][com.java.SeleniumDriver] [ 1066] - ?   P A S S   ?
[INFO ][2015-11-05 15:43:12,160][com.java.SeleniumDriver] [  788] - ------------------------------------------
[INFO ][2015-11-05 15:43:12,160][com.java.SeleniumDriver] [  789] - Test case being Executed: 11
[INFO ][2015-11-05 15:43:12,160][com.java.SeleniumDriver] [  800] - Test step:14
[INFO ][2015-11-05 15:43:12,160][com.java.SeleniumDriver] [  812] - Datavalue is----------India
[INFO ][2015-11-05 15:43:12,160][com.java.SeleniumDriver] [  836] - DataField : TXTtxtLocation
[INFO ][2015-11-05 15:43:12,160][com.java.SeleniumDriver] [  838] - DataValue : India
[INFO ][2015-11-05 15:43:12,160][com.java.SeleniumDriver] [  844] - <In Set values of the page>
[INFO ][2015-11-05 15:43:12,160][com.java.SeleniumDriver] [  847] - {Data Fields & Data Values Exist}
[INFO ][2015-11-05 15:43:12,160][com.java.SeleniumDriver] [  849] - --------------------------setting values-----------------------------
[INFO ][2015-11-05 15:43:12,160][com.java.SeleniumDriver] [  852] - Action Type : Enter
[INFO ][2015-11-05 15:43:12,160][com.java.TestType] [ 4413] - field = txtLocation
[INFO ][2015-11-05 15:43:12,160][com.java.TestType] [ 3780] - value = India
[INFO ][2015-11-05 15:43:14,952][com.java.SeleniumDriver] [  861] -  RESULT true
[INFO ][2015-11-05 15:43:14,952][com.java.SeleniumDriver] [ 1066] - ?   P A S S   ?
[INFO ][2015-11-05 15:43:14,952][com.java.SeleniumDriver] [  788] - ------------------------------------------
[INFO ][2015-11-05 15:43:14,952][com.java.SeleniumDriver] [  789] - Test case being Executed: 11
[INFO ][2015-11-05 15:43:14,952][com.java.SeleniumDriver] [  800] - Test step:15
[INFO ][2015-11-05 15:43:14,952][com.java.SeleniumDriver] [  812] - Datavalue is----------vltest.robot@valuelabs.com
[INFO ][2015-11-05 15:43:14,952][com.java.SeleniumDriver] [  836] - DataField : TXTtxtEMail
[INFO ][2015-11-05 15:43:14,952][com.java.SeleniumDriver] [  838] - DataValue : vltest.robot@valuelabs.com
[INFO ][2015-11-05 15:43:14,952][com.java.SeleniumDriver] [  844] - <In Set values of the page>
[INFO ][2015-11-05 15:43:14,952][com.java.SeleniumDriver] [  847] - {Data Fields & Data Values Exist}
[INFO ][2015-11-05 15:43:14,952][com.java.SeleniumDriver] [  849] - --------------------------setting values-----------------------------
[INFO ][2015-11-05 15:43:14,952][com.java.SeleniumDriver] [  852] - Action Type : Enter
[INFO ][2015-11-05 15:43:14,952][com.java.TestType] [ 4413] - field = txtEMail
[INFO ][2015-11-05 15:43:14,952][com.java.TestType] [ 3780] - value = vltest.robot@valuelabs.com
[INFO ][2015-11-05 15:43:18,014][com.java.SeleniumDriver] [  861] -  RESULT true
[INFO ][2015-11-05 15:43:18,014][com.java.SeleniumDriver] [ 1066] - ?   P A S S   ?
[INFO ][2015-11-05 15:43:18,014][com.java.SeleniumDriver] [  788] - ------------------------------------------
[INFO ][2015-11-05 15:43:18,014][com.java.SeleniumDriver] [  789] - Test case being Executed: 11
[INFO ][2015-11-05 15:43:18,014][com.java.SeleniumDriver] [  800] - Test step:16
[INFO ][2015-11-05 15:43:18,014][com.java.SeleniumDriver] [  812] - Datavalue is----------12345678901
[INFO ][2015-11-05 15:43:18,014][com.java.SeleniumDriver] [  836] - DataField : TXTtxtPhone
[INFO ][2015-11-05 15:43:18,014][com.java.SeleniumDriver] [  838] - DataValue : 12345678901
[INFO ][2015-11-05 15:43:18,014][com.java.SeleniumDriver] [  844] - <In Set values of the page>
[INFO ][2015-11-05 15:43:18,014][com.java.SeleniumDriver] [  847] - {Data Fields & Data Values Exist}
[INFO ][2015-11-05 15:43:18,014][com.java.SeleniumDriver] [  849] - --------------------------setting values-----------------------------
[INFO ][2015-11-05 15:43:18,014][com.java.SeleniumDriver] [  852] - Action Type : Enter
[INFO ][2015-11-05 15:43:18,014][com.java.TestType] [ 4413] - field = txtPhone
[INFO ][2015-11-05 15:43:18,014][com.java.TestType] [ 3780] - value = 12345678901
[INFO ][2015-11-05 15:43:20,796][com.java.SeleniumDriver] [  861] -  RESULT true
[INFO ][2015-11-05 15:43:20,796][com.java.SeleniumDriver] [ 1066] - ?   P A S S   ?
[INFO ][2015-11-05 15:43:20,796][com.java.SeleniumDriver] [  788] - ------------------------------------------
[INFO ][2015-11-05 15:43:20,796][com.java.SeleniumDriver] [  789] - Test case being Executed: 11
[INFO ][2015-11-05 15:43:20,796][com.java.SeleniumDriver] [  800] - Test step:17
[INFO ][2015-11-05 15:43:20,796][com.java.SeleniumDriver] [  812] - Datavalue is----------dt:NewUserPswd
[INFO ][2015-11-05 15:43:20,796][com.java.SeleniumDriver] [  836] - DataField : TXTtxtPassword
[INFO ][2015-11-05 15:43:20,796][com.java.SeleniumDriver] [  838] - DataValue : dt:NewUserPswd
[INFO ][2015-11-05 15:43:20,796][com.java.SeleniumDriver] [  844] - <In Set values of the page>
[INFO ][2015-11-05 15:43:20,796][com.java.SeleniumDriver] [  847] - {Data Fields & Data Values Exist}
[INFO ][2015-11-05 15:43:20,796][com.java.SeleniumDriver] [  849] - --------------------------setting values-----------------------------
[INFO ][2015-11-05 15:43:20,796][com.java.SeleniumDriver] [  852] - Action Type : Enter
[INFO ][2015-11-05 15:43:20,796][com.java.TestType] [ 4413] - field = txtPassword
[INFO ][2015-11-05 15:43:20,796][com.java.TestType] [ 3780] - value = Password1*
[INFO ][2015-11-05 15:43:23,798][com.java.SeleniumDriver] [  861] -  RESULT true
[INFO ][2015-11-05 15:43:23,798][com.java.SeleniumDriver] [ 1066] - ?   P A S S   ?
[INFO ][2015-11-05 15:43:23,798][com.java.SeleniumDriver] [  788] - ------------------------------------------
[INFO ][2015-11-05 15:43:23,798][com.java.SeleniumDriver] [  789] - Test case being Executed: 11
[INFO ][2015-11-05 15:43:23,798][com.java.SeleniumDriver] [  800] - Test step:18
[INFO ][2015-11-05 15:43:23,798][com.java.SeleniumDriver] [  812] - Datavalue is----------dt:NewUserPswd
[INFO ][2015-11-05 15:43:23,798][com.java.SeleniumDriver] [  836] - DataField : TXTtxtPasswordConfirm
[INFO ][2015-11-05 15:43:23,798][com.java.SeleniumDriver] [  838] - DataValue : dt:NewUserPswd
[INFO ][2015-11-05 15:43:23,798][com.java.SeleniumDriver] [  844] - <In Set values of the page>
[INFO ][2015-11-05 15:43:23,798][com.java.SeleniumDriver] [  847] - {Data Fields & Data Values Exist}
[INFO ][2015-11-05 15:43:23,798][com.java.SeleniumDriver] [  849] - --------------------------setting values-----------------------------
[INFO ][2015-11-05 15:43:23,798][com.java.SeleniumDriver] [  852] - Action Type : Enter
[INFO ][2015-11-05 15:43:23,798][com.java.TestType] [ 4413] - field = txtPasswordConfirm
[INFO ][2015-11-05 15:43:23,798][com.java.TestType] [ 3780] - value = Password1*
[INFO ][2015-11-05 15:43:26,780][com.java.SeleniumDriver] [  861] -  RESULT true
[INFO ][2015-11-05 15:43:26,780][com.java.SeleniumDriver] [ 1066] - ?   P A S S   ?
[INFO ][2015-11-05 15:43:26,780][com.java.SeleniumDriver] [  788] - ------------------------------------------
[INFO ][2015-11-05 15:43:26,780][com.java.SeleniumDriver] [  789] - Test case being Executed: 11
[INFO ][2015-11-05 15:43:26,780][com.java.SeleniumDriver] [  800] - Test step:19
[INFO ][2015-11-05 15:43:26,780][com.java.SeleniumDriver] [  812] - Datavalue is----------null
[DEBUG][2015-11-05 15:43:26,780][com.java.SeleniumDriver] [  830] - Exception: null
[INFO ][2015-11-05 15:43:26,780][com.java.SeleniumDriver] [  836] - DataField : BTNparent
[INFO ][2015-11-05 15:43:26,780][com.java.SeleniumDriver] [  838] - DataValue : 
[INFO ][2015-11-05 15:43:26,780][com.java.SeleniumDriver] [  844] - <In Set values of the page>
[INFO ][2015-11-05 15:43:26,780][com.java.SeleniumDriver] [  847] - {Data Fields & Data Values Exist}
[INFO ][2015-11-05 15:43:26,780][com.java.SeleniumDriver] [  849] - --------------------------setting values-----------------------------
[INFO ][2015-11-05 15:43:26,780][com.java.SeleniumDriver] [  852] - Action Type : SelectFrame
[INFO ][2015-11-05 15:43:26,790][com.java.SeleniumDriver] [  861] -  RESULT true
[INFO ][2015-11-05 15:43:26,790][com.java.SeleniumDriver] [ 1066] - ?   P A S S   ?
[INFO ][2015-11-05 15:43:26,790][com.java.SeleniumDriver] [  788] - ------------------------------------------
[INFO ][2015-11-05 15:43:26,790][com.java.SeleniumDriver] [  789] - Test case being Executed: 11
[INFO ][2015-11-05 15:43:26,790][com.java.SeleniumDriver] [  800] - Test step:20
[INFO ][2015-11-05 15:43:26,790][com.java.SeleniumDriver] [  812] - Datavalue is----------5
[INFO ][2015-11-05 15:43:26,790][com.java.SeleniumDriver] [  836] - DataField : test
[INFO ][2015-11-05 15:43:26,790][com.java.SeleniumDriver] [  838] - DataValue : 5
[INFO ][2015-11-05 15:43:26,790][com.java.SeleniumDriver] [  844] - <In Set values of the page>
[INFO ][2015-11-05 15:43:26,790][com.java.SeleniumDriver] [  847] - {Data Fields & Data Values Exist}
[INFO ][2015-11-05 15:43:26,790][com.java.SeleniumDriver] [  849] - --------------------------setting values-----------------------------
[INFO ][2015-11-05 15:43:26,790][com.java.SeleniumDriver] [  852] - Action Type : WaitTime
[DEBUG][2015-11-05 15:43:26,790][com.java.TestType] [ 3679] - sleepTime: 5000
[INFO ][2015-11-05 15:43:31,790][com.java.SeleniumDriver] [  861] -  RESULT true
[INFO ][2015-11-05 15:43:31,790][com.java.SeleniumDriver] [ 1066] - ?   P A S S   ?
[INFO ][2015-11-05 15:43:31,790][com.java.SeleniumDriver] [  788] - ------------------------------------------
[INFO ][2015-11-05 15:43:31,790][com.java.SeleniumDriver] [  789] - Test case being Executed: 11
[INFO ][2015-11-05 15:43:31,790][com.java.SeleniumDriver] [  800] - Test step:21
[INFO ][2015-11-05 15:43:31,790][com.java.SeleniumDriver] [  812] - Datavalue is----------null
[DEBUG][2015-11-05 15:43:31,790][com.java.SeleniumDriver] [  830] - Exception: null
[INFO ][2015-11-05 15:43:31,790][com.java.SeleniumDriver] [  836] - DataField : XPH//span[contains(text(), 'Finished')]
[INFO ][2015-11-05 15:43:31,790][com.java.SeleniumDriver] [  838] - DataValue : 
[INFO ][2015-11-05 15:43:31,790][com.java.SeleniumDriver] [  844] - <In Set values of the page>
[INFO ][2015-11-05 15:43:31,790][com.java.SeleniumDriver] [  847] - {Data Fields & Data Values Exist}
[INFO ][2015-11-05 15:43:31,790][com.java.SeleniumDriver] [  849] - --------------------------setting values-----------------------------
[INFO ][2015-11-05 15:43:31,790][com.java.SeleniumDriver] [  852] - Action Type : Click
[INFO ][2015-11-05 15:43:31,790][com.java.TestType] [ 4093] - Field ::XPH//span[contains(text(), 'Finished')]
[INFO ][2015-11-05 15:43:32,791][com.java.TestType] [ 4152] - BEFORE CLICK
[INFO ][2015-11-05 15:43:33,651][com.java.TestType] [ 4160] - Unable to click the object Finished button
[INFO ][2015-11-05 15:43:33,651][com.java.SeleniumDriver] [  861] -  RESULT true
[INFO ][2015-11-05 15:43:33,651][com.java.SeleniumDriver] [ 1066] - ?   P A S S   ?
[INFO ][2015-11-05 15:43:33,651][com.java.SeleniumDriver] [  788] - ------------------------------------------
[INFO ][2015-11-05 15:43:33,651][com.java.SeleniumDriver] [  789] - Test case being Executed: 11
[INFO ][2015-11-05 15:43:33,651][com.java.SeleniumDriver] [  800] - Test step:22
[INFO ][2015-11-05 15:43:33,651][com.java.SeleniumDriver] [  812] - Datavalue is----------null
[DEBUG][2015-11-05 15:43:33,651][com.java.SeleniumDriver] [  830] - Exception: null
[INFO ][2015-11-05 15:43:33,651][com.java.SeleniumDriver] [  836] - DataField : XPH//span[contains(text(), 'Finished')]
[INFO ][2015-11-05 15:43:33,651][com.java.SeleniumDriver] [  838] - DataValue : 
[INFO ][2015-11-05 15:43:33,651][com.java.SeleniumDriver] [  844] - <In Set values of the page>
[INFO ][2015-11-05 15:43:33,651][com.java.SeleniumDriver] [  847] - {Data Fields & Data Values Exist}
[INFO ][2015-11-05 15:43:33,651][com.java.SeleniumDriver] [  849] - --------------------------setting values-----------------------------
[INFO ][2015-11-05 15:43:33,651][com.java.SeleniumDriver] [  852] - Action Type : WaitForElement
[INFO ][2015-11-05 15:43:34,282][com.java.SeleniumDriver] [  861] -  RESULT true
[INFO ][2015-11-05 15:43:34,282][com.java.SeleniumDriver] [ 1066] - ?   P A S S   ?
[INFO ][2015-11-05 15:43:34,282][com.java.SeleniumDriver] [  788] - ------------------------------------------
[INFO ][2015-11-05 15:43:34,282][com.java.SeleniumDriver] [  789] - Test case being Executed: 11
[INFO ][2015-11-05 15:43:34,282][com.java.SeleniumDriver] [  800] - Test step:23
[INFO ][2015-11-05 15:43:34,282][com.java.SeleniumDriver] [  812] - Datavalue is----------null
[DEBUG][2015-11-05 15:43:34,282][com.java.SeleniumDriver] [  830] - Exception: null
[INFO ][2015-11-05 15:43:34,282][com.java.SeleniumDriver] [  836] - DataField : BTNframeDialogContent
[INFO ][2015-11-05 15:43:34,282][com.java.SeleniumDriver] [  838] - DataValue : 
[INFO ][2015-11-05 15:43:34,282][com.java.SeleniumDriver] [  844] - <In Set values of the page>
[INFO ][2015-11-05 15:43:34,282][com.java.SeleniumDriver] [  847] - {Data Fields & Data Values Exist}
[INFO ][2015-11-05 15:43:34,282][com.java.SeleniumDriver] [  849] - --------------------------setting values-----------------------------
[INFO ][2015-11-05 15:43:34,282][com.java.SeleniumDriver] [  852] - Action Type : SelectFrame
[INFO ][2015-11-05 15:43:35,563][com.java.SeleniumDriver] [  861] -  RESULT true
[INFO ][2015-11-05 15:43:35,563][com.java.SeleniumDriver] [ 1066] - ?   P A S S   ?
[INFO ][2015-11-05 15:43:35,563][com.java.SeleniumDriver] [  788] - ------------------------------------------
[INFO ][2015-11-05 15:43:35,563][com.java.SeleniumDriver] [  789] - Test case being Executed: 11
[INFO ][2015-11-05 15:43:35,563][com.java.SeleniumDriver] [  800] - Test step:24
[INFO ][2015-11-05 15:43:35,563][com.java.SeleniumDriver] [  812] - Datavalue is----------null
[DEBUG][2015-11-05 15:43:35,563][com.java.SeleniumDriver] [  830] - Exception: null
[INFO ][2015-11-05 15:43:35,563][com.java.SeleniumDriver] [  836] - DataField : BTNchkGlobalPrivsUserAdmin
[INFO ][2015-11-05 15:43:35,563][com.java.SeleniumDriver] [  838] - DataValue : 
[INFO ][2015-11-05 15:43:35,563][com.java.SeleniumDriver] [  844] - <In Set values of the page>
[INFO ][2015-11-05 15:43:35,563][com.java.SeleniumDriver] [  847] - {Data Fields & Data Values Exist}
[INFO ][2015-11-05 15:43:35,563][com.java.SeleniumDriver] [  849] - --------------------------setting values-----------------------------
[INFO ][2015-11-05 15:43:35,563][com.java.SeleniumDriver] [  852] - Action Type : Click
[INFO ][2015-11-05 15:43:35,563][com.java.TestType] [ 4093] - Field ::BTNchkGlobalPrivsUserAdmin
[INFO ][2015-11-05 15:43:36,563][com.java.TestType] [ 4131] - BEFORE CLICK
[INFO ][2015-11-05 15:43:37,874][com.java.TestType] [ 4138] - Unable to click the object User Admin check box
[INFO ][2015-11-05 15:43:37,874][com.java.SeleniumDriver] [  861] -  RESULT true
[INFO ][2015-11-05 15:43:37,874][com.java.SeleniumDriver] [ 1066] - ?   P A S S   ?
[INFO ][2015-11-05 15:43:37,874][com.java.SeleniumDriver] [  788] - ------------------------------------------
[INFO ][2015-11-05 15:43:37,874][com.java.SeleniumDriver] [  789] - Test case being Executed: 11
[INFO ][2015-11-05 15:43:37,874][com.java.SeleniumDriver] [  800] - Test step:25
[INFO ][2015-11-05 15:43:37,874][com.java.SeleniumDriver] [  812] - Datavalue is----------null
[DEBUG][2015-11-05 15:43:37,874][com.java.SeleniumDriver] [  830] - Exception: null
[INFO ][2015-11-05 15:43:37,874][com.java.SeleniumDriver] [  836] - DataField : BTNrdoEnableEntity_Enable
[INFO ][2015-11-05 15:43:37,874][com.java.SeleniumDriver] [  838] - DataValue : 
[INFO ][2015-11-05 15:43:37,874][com.java.SeleniumDriver] [  844] - <In Set values of the page>
[INFO ][2015-11-05 15:43:37,874][com.java.SeleniumDriver] [  847] - {Data Fields & Data Values Exist}
[INFO ][2015-11-05 15:43:37,874][com.java.SeleniumDriver] [  849] - --------------------------setting values-----------------------------
[INFO ][2015-11-05 15:43:37,874][com.java.SeleniumDriver] [  852] - Action Type : Click
[INFO ][2015-11-05 15:43:37,874][com.java.TestType] [ 4093] - Field ::BTNrdoEnableEntity_Enable
[INFO ][2015-11-05 15:43:38,874][com.java.TestType] [ 4131] - BEFORE CLICK
[INFO ][2015-11-05 15:43:40,175][com.java.TestType] [ 4138] - Unable to click the object Enable radio button
[INFO ][2015-11-05 15:43:40,175][com.java.SeleniumDriver] [  861] -  RESULT true
[INFO ][2015-11-05 15:43:40,175][com.java.SeleniumDriver] [ 1066] - ?   P A S S   ?
[INFO ][2015-11-05 15:43:40,175][com.java.SeleniumDriver] [  788] - ------------------------------------------
[INFO ][2015-11-05 15:43:40,175][com.java.SeleniumDriver] [  789] - Test case being Executed: 11
[INFO ][2015-11-05 15:43:40,175][com.java.SeleniumDriver] [  800] - Test step:26
[INFO ][2015-11-05 15:43:40,175][com.java.SeleniumDriver] [  812] - Datavalue is----------null
[DEBUG][2015-11-05 15:43:40,175][com.java.SeleniumDriver] [  830] - Exception: null
[INFO ][2015-11-05 15:43:40,175][com.java.SeleniumDriver] [  836] - DataField : BTNchkProfitCenterAll
[INFO ][2015-11-05 15:43:40,175][com.java.SeleniumDriver] [  838] - DataValue : 
[INFO ][2015-11-05 15:43:40,175][com.java.SeleniumDriver] [  844] - <In Set values of the page>
[INFO ][2015-11-05 15:43:40,175][com.java.SeleniumDriver] [  847] - {Data Fields & Data Values Exist}
[INFO ][2015-11-05 15:43:40,175][com.java.SeleniumDriver] [  849] - --------------------------setting values-----------------------------
[INFO ][2015-11-05 15:43:40,175][com.java.SeleniumDriver] [  852] - Action Type : Click
[INFO ][2015-11-05 15:43:40,175][com.java.TestType] [ 4093] - Field ::BTNchkProfitCenterAll
[INFO ][2015-11-05 15:43:41,175][com.java.TestType] [ 4131] - BEFORE CLICK
[INFO ][2015-11-05 15:43:42,476][com.java.TestType] [ 4138] - Unable to click the object All Check box
[INFO ][2015-11-05 15:43:42,476][com.java.SeleniumDriver] [  861] -  RESULT true
[INFO ][2015-11-05 15:43:42,476][com.java.SeleniumDriver] [ 1066] - ?   P A S S   ?
[INFO ][2015-11-05 15:43:42,476][com.java.SeleniumDriver] [  788] - ------------------------------------------
[INFO ][2015-11-05 15:43:42,476][com.java.SeleniumDriver] [  789] - Test case being Executed: 11
[INFO ][2015-11-05 15:43:42,476][com.java.SeleniumDriver] [  800] - Test step:27
[INFO ][2015-11-05 15:43:42,476][com.java.SeleniumDriver] [  812] - Datavalue is----------null
[DEBUG][2015-11-05 15:43:42,476][com.java.SeleniumDriver] [  830] - Exception: null
[INFO ][2015-11-05 15:43:42,476][com.java.SeleniumDriver] [  836] - DataField : BTNchkPrivsAccessGL
[INFO ][2015-11-05 15:43:42,476][com.java.SeleniumDriver] [  838] - DataValue : 
[INFO ][2015-11-05 15:43:42,476][com.java.SeleniumDriver] [  844] - <In Set values of the page>
[INFO ][2015-11-05 15:43:42,476][com.java.SeleniumDriver] [  847] - {Data Fields & Data Values Exist}
[INFO ][2015-11-05 15:43:42,476][com.java.SeleniumDriver] [  849] - --------------------------setting values-----------------------------
[INFO ][2015-11-05 15:43:42,476][com.java.SeleniumDriver] [  852] - Action Type : Click
[INFO ][2015-11-05 15:43:42,476][com.java.TestType] [ 4093] - Field ::BTNchkPrivsAccessGL
[INFO ][2015-11-05 15:43:43,476][com.java.TestType] [ 4131] - BEFORE CLICK
[INFO ][2015-11-05 15:43:44,787][com.java.TestType] [ 4138] - Unable to click the object GL check box
[INFO ][2015-11-05 15:43:44,787][com.java.SeleniumDriver] [  861] -  RESULT true
[INFO ][2015-11-05 15:43:44,787][com.java.SeleniumDriver] [ 1066] - ?   P A S S   ?
[INFO ][2015-11-05 15:43:44,787][com.java.SeleniumDriver] [  788] - ------------------------------------------
[INFO ][2015-11-05 15:43:44,787][com.java.SeleniumDriver] [  789] - Test case being Executed: 11
[INFO ][2015-11-05 15:43:44,787][com.java.SeleniumDriver] [  800] - Test step:28
[INFO ][2015-11-05 15:43:44,787][com.java.SeleniumDriver] [  812] - Datavalue is----------null
[DEBUG][2015-11-05 15:43:44,787][com.java.SeleniumDriver] [  830] - Exception: null
[INFO ][2015-11-05 15:43:44,787][com.java.SeleniumDriver] [  836] - DataField : BTNparent
[INFO ][2015-11-05 15:43:44,787][com.java.SeleniumDriver] [  838] - DataValue : 
[INFO ][2015-11-05 15:43:44,787][com.java.SeleniumDriver] [  844] - <In Set values of the page>
[INFO ][2015-11-05 15:43:44,787][com.java.SeleniumDriver] [  847] - {Data Fields & Data Values Exist}
[INFO ][2015-11-05 15:43:44,787][com.java.SeleniumDriver] [  849] - --------------------------setting values-----------------------------
[INFO ][2015-11-05 15:43:44,787][com.java.SeleniumDriver] [  852] - Action Type : SelectFrame
[INFO ][2015-11-05 15:43:44,797][com.java.SeleniumDriver] [  861] -  RESULT true
[INFO ][2015-11-05 15:43:44,797][com.java.SeleniumDriver] [ 1066] - ?   P A S S   ?
[INFO ][2015-11-05 15:43:44,797][com.java.SeleniumDriver] [  788] - ------------------------------------------
[INFO ][2015-11-05 15:43:44,797][com.java.SeleniumDriver] [  789] - Test case being Executed: 11
[INFO ][2015-11-05 15:43:44,797][com.java.SeleniumDriver] [  800] - Test step:29
[INFO ][2015-11-05 15:43:44,797][com.java.SeleniumDriver] [  812] - Datavalue is----------5
[INFO ][2015-11-05 15:43:44,797][com.java.SeleniumDriver] [  836] - DataField : test
[INFO ][2015-11-05 15:43:44,797][com.java.SeleniumDriver] [  838] - DataValue : 5
[INFO ][2015-11-05 15:43:44,797][com.java.SeleniumDriver] [  844] - <In Set values of the page>
[INFO ][2015-11-05 15:43:44,797][com.java.SeleniumDriver] [  847] - {Data Fields & Data Values Exist}
[INFO ][2015-11-05 15:43:44,797][com.java.SeleniumDriver] [  849] - --------------------------setting values-----------------------------
[INFO ][2015-11-05 15:43:44,797][com.java.SeleniumDriver] [  852] - Action Type : WaitTime
[DEBUG][2015-11-05 15:43:44,797][com.java.TestType] [ 3679] - sleepTime: 5000
[INFO ][2015-11-05 15:43:49,797][com.java.SeleniumDriver] [  861] -  RESULT true
[INFO ][2015-11-05 15:43:49,797][com.java.SeleniumDriver] [ 1066] - ?   P A S S   ?
[INFO ][2015-11-05 15:43:49,797][com.java.SeleniumDriver] [  788] - ------------------------------------------
[INFO ][2015-11-05 15:43:49,797][com.java.SeleniumDriver] [  789] - Test case being Executed: 11
[INFO ][2015-11-05 15:43:49,797][com.java.SeleniumDriver] [  800] - Test step:30
[INFO ][2015-11-05 15:43:49,797][com.java.SeleniumDriver] [  812] - Datavalue is----------null
[DEBUG][2015-11-05 15:43:49,797][com.java.SeleniumDriver] [  830] - Exception: null
[INFO ][2015-11-05 15:43:49,797][com.java.SeleniumDriver] [  836] - DataField : XPH//span[contains(text(), 'Finished')]
[INFO ][2015-11-05 15:43:49,797][com.java.SeleniumDriver] [  838] - DataValue : 
[INFO ][2015-11-05 15:43:49,797][com.java.SeleniumDriver] [  844] - <In Set values of the page>
[INFO ][2015-11-05 15:43:49,797][com.java.SeleniumDriver] [  847] - {Data Fields & Data Values Exist}
[INFO ][2015-11-05 15:43:49,797][com.java.SeleniumDriver] [  849] - --------------------------setting values-----------------------------
[INFO ][2015-11-05 15:43:49,797][com.java.SeleniumDriver] [  852] - Action Type : Click
[INFO ][2015-11-05 15:43:49,797][com.java.TestType] [ 4093] - Field ::XPH//span[contains(text(), 'Finished')]
[INFO ][2015-11-05 15:43:50,798][com.java.TestType] [ 4152] - BEFORE CLICK
[INFO ][2015-11-05 15:43:57,238][com.java.TestType] [ 4160] - Unable to click the object Finished button
[INFO ][2015-11-05 15:43:57,238][com.java.SeleniumDriver] [  861] -  RESULT true
[INFO ][2015-11-05 15:43:57,238][com.java.SeleniumDriver] [ 1066] - ?   P A S S   ?
[INFO ][2015-11-05 15:43:57,238][com.java.SeleniumDriver] [  788] - ------------------------------------------
[INFO ][2015-11-05 15:43:57,238][com.java.SeleniumDriver] [  789] - Test case being Executed: 11
[INFO ][2015-11-05 15:43:57,238][com.java.SeleniumDriver] [  800] - Test step:31
[INFO ][2015-11-05 15:43:57,238][com.java.SeleniumDriver] [  812] - Datavalue is----------5
[INFO ][2015-11-05 15:43:57,238][com.java.SeleniumDriver] [  836] - DataField : BTNframeDialogContent
[INFO ][2015-11-05 15:43:57,238][com.java.SeleniumDriver] [  838] - DataValue : 5
[INFO ][2015-11-05 15:43:57,238][com.java.SeleniumDriver] [  844] - <In Set values of the page>
[INFO ][2015-11-05 15:43:57,238][com.java.SeleniumDriver] [  847] - {Data Fields & Data Values Exist}
[INFO ][2015-11-05 15:43:57,238][com.java.SeleniumDriver] [  849] - --------------------------setting values-----------------------------
[INFO ][2015-11-05 15:43:57,238][com.java.SeleniumDriver] [  852] - Action Type : WaitForElement
[INFO ][2015-11-05 15:43:58,449][com.java.SeleniumDriver] [  861] -  RESULT true
[INFO ][2015-11-05 15:43:58,449][com.java.SeleniumDriver] [ 1066] - ?   P A S S   ?
[INFO ][2015-11-05 15:43:58,449][com.java.SeleniumDriver] [  788] - ------------------------------------------
[INFO ][2015-11-05 15:43:58,449][com.java.SeleniumDriver] [  789] - Test case being Executed: 11
[INFO ][2015-11-05 15:43:58,449][com.java.SeleniumDriver] [  800] - Test step:32
[INFO ][2015-11-05 15:43:58,449][com.java.SeleniumDriver] [  812] - Datavalue is----------null
[DEBUG][2015-11-05 15:43:58,449][com.java.SeleniumDriver] [  830] - Exception: null
[INFO ][2015-11-05 15:43:58,449][com.java.SeleniumDriver] [  836] - DataField : BTNframeDialogContent
[INFO ][2015-11-05 15:43:58,449][com.java.SeleniumDriver] [  838] - DataValue : 
[INFO ][2015-11-05 15:43:58,449][com.java.SeleniumDriver] [  844] - <In Set values of the page>
[INFO ][2015-11-05 15:43:58,449][com.java.SeleniumDriver] [  847] - {Data Fields & Data Values Exist}
[INFO ][2015-11-05 15:43:58,449][com.java.SeleniumDriver] [  849] - --------------------------setting values-----------------------------
[INFO ][2015-11-05 15:43:58,449][com.java.SeleniumDriver] [  852] - Action Type : SelectFrame
[INFO ][2015-11-05 15:43:59,691][com.java.SeleniumDriver] [  861] -  RESULT true
[INFO ][2015-11-05 15:43:59,691][com.java.SeleniumDriver] [ 1066] - ?   P A S S   ?
[INFO ][2015-11-05 15:43:59,691][com.java.SeleniumDriver] [  788] - ------------------------------------------
[INFO ][2015-11-05 15:43:59,691][com.java.SeleniumDriver] [  789] - Test case being Executed: 11
[INFO ][2015-11-05 15:43:59,691][com.java.SeleniumDriver] [  800] - Test step:33
[INFO ][2015-11-05 15:43:59,691][com.java.SeleniumDriver] [  812] - Datavalue is----------null
[DEBUG][2015-11-05 15:43:59,691][com.java.SeleniumDriver] [  830] - Exception: null
[INFO ][2015-11-05 15:43:59,691][com.java.SeleniumDriver] [  836] - DataField : XPH//table[@id="tblUserListing"]//td[contains(text(),'vltest.robot')]
[INFO ][2015-11-05 15:43:59,691][com.java.SeleniumDriver] [  838] - DataValue : 
[INFO ][2015-11-05 15:43:59,691][com.java.SeleniumDriver] [  844] - <In Set values of the page>
[INFO ][2015-11-05 15:43:59,691][com.java.SeleniumDriver] [  847] - {Data Fields & Data Values Exist}
[INFO ][2015-11-05 15:43:59,691][com.java.SeleniumDriver] [  849] - --------------------------setting values-----------------------------
[INFO ][2015-11-05 15:43:59,691][com.java.SeleniumDriver] [  852] - Action Type : WaitForElement
[INFO ][2015-11-05 15:43:59,751][com.java.SeleniumDriver] [  861] -  RESULT true
[INFO ][2015-11-05 15:43:59,751][com.java.SeleniumDriver] [ 1066] - ?   P A S S   ?
[INFO ][2015-11-05 15:43:59,751][com.java.SeleniumDriver] [  788] - ------------------------------------------
[INFO ][2015-11-05 15:43:59,751][com.java.SeleniumDriver] [  789] - Test case being Executed: 11
[INFO ][2015-11-05 15:43:59,751][com.java.SeleniumDriver] [  800] - Test step:34
[INFO ][2015-11-05 15:43:59,751][com.java.SeleniumDriver] [  812] - Datavalue is----------dt:NewUserName
[INFO ][2015-11-05 15:43:59,751][com.java.SeleniumDriver] [  836] - DataField : USR
[INFO ][2015-11-05 15:43:59,751][com.java.SeleniumDriver] [  838] - DataValue : dt:NewUserName
[INFO ][2015-11-05 15:43:59,751][com.java.SeleniumDriver] [  844] - <In Set values of the page>
[INFO ][2015-11-05 15:43:59,751][com.java.SeleniumDriver] [  847] - {Data Fields & Data Values Exist}
[INFO ][2015-11-05 15:43:59,751][com.java.SeleniumDriver] [  849] - --------------------------setting values-----------------------------
[INFO ][2015-11-05 15:43:59,751][com.java.SeleniumDriver] [  852] - Action Type : Verify
[INFO ][2015-11-05 15:43:59,751][com.java.TestType] [ 4906] - field= USR value= dt:NewUserName
[INFO ][2015-11-05 15:43:59,751][com.java.TestType] [ 3780] - value = vltest.robot
[INFO ][2015-11-05 15:43:59,811][com.java.SeleniumDriver] [  861] -  RESULT true
[INFO ][2015-11-05 15:43:59,811][com.java.SeleniumDriver] [ 1066] - ?   P A S S   ?
[INFO ][2015-11-05 15:43:59,811][com.java.SeleniumDriver] [  788] - ------------------------------------------
[INFO ][2015-11-05 15:43:59,811][com.java.SeleniumDriver] [  789] - Test case being Executed: 11
[INFO ][2015-11-05 15:43:59,811][com.java.SeleniumDriver] [  800] - Test step:35
[INFO ][2015-11-05 15:43:59,811][com.java.SeleniumDriver] [  812] - Datavalue is----------Login_username
[INFO ][2015-11-05 15:43:59,811][com.java.SeleniumDriver] [  836] - DataField : XPH//table[@id="tblUserListing"]//td[contains(text(),'vltest.robot')]
[INFO ][2015-11-05 15:43:59,811][com.java.SeleniumDriver] [  838] - DataValue : Login_username
[INFO ][2015-11-05 15:43:59,811][com.java.SeleniumDriver] [  844] - <In Set values of the page>
[INFO ][2015-11-05 15:43:59,811][com.java.SeleniumDriver] [  847] - {Data Fields & Data Values Exist}
[INFO ][2015-11-05 15:43:59,811][com.java.SeleniumDriver] [  849] - --------------------------setting values-----------------------------
[INFO ][2015-11-05 15:43:59,811][com.java.SeleniumDriver] [  852] - Action Type : STOREVALUE
[INFO ][2015-11-05 15:43:59,811][com.java.TestType] [ 5840] - field= XPH//table[@id="tblUserListing"]//td[contains(text(),'vltest.robot')]
[DEBUG][2015-11-05 15:43:59,921][com.java.TestType] [ 5892] - Key:: Login_username   Value:: vltest.robot.03890
[INFO ][2015-11-05 15:43:59,921][com.java.SeleniumDriver] [  861] -  RESULT true
[INFO ][2015-11-05 15:43:59,921][com.java.SeleniumDriver] [ 1066] - ?   P A S S   ?
[INFO ][2015-11-05 15:43:59,921][com.java.SeleniumDriver] [  788] - ------------------------------------------
[INFO ][2015-11-05 15:43:59,921][com.java.SeleniumDriver] [  789] - Test case being Executed: 11
[INFO ][2015-11-05 15:43:59,921][com.java.SeleniumDriver] [  800] - Test step:36
[INFO ][2015-11-05 15:43:59,921][com.java.SeleniumDriver] [  812] - Datavalue is----------null
[DEBUG][2015-11-05 15:43:59,921][com.java.SeleniumDriver] [  830] - Exception: null
[INFO ][2015-11-05 15:43:59,921][com.java.SeleniumDriver] [  836] - DataField : BTNparent
[INFO ][2015-11-05 15:43:59,921][com.java.SeleniumDriver] [  838] - DataValue : 
[INFO ][2015-11-05 15:43:59,921][com.java.SeleniumDriver] [  844] - <In Set values of the page>
[INFO ][2015-11-05 15:43:59,921][com.java.SeleniumDriver] [  847] - {Data Fields & Data Values Exist}
[INFO ][2015-11-05 15:43:59,921][com.java.SeleniumDriver] [  849] - --------------------------setting values-----------------------------
[INFO ][2015-11-05 15:43:59,921][com.java.SeleniumDriver] [  852] - Action Type : SelectFrame
[INFO ][2015-11-05 15:43:59,931][com.java.SeleniumDriver] [  861] -  RESULT true
[INFO ][2015-11-05 15:43:59,931][com.java.SeleniumDriver] [ 1066] - ?   P A S S   ?
[INFO ][2015-11-05 15:43:59,931][com.java.SeleniumDriver] [  788] - ------------------------------------------
[INFO ][2015-11-05 15:43:59,931][com.java.SeleniumDriver] [  789] - Test case being Executed: 11
[INFO ][2015-11-05 15:43:59,931][com.java.SeleniumDriver] [  800] - Test step:37
[INFO ][2015-11-05 15:43:59,931][com.java.SeleniumDriver] [  812] - Datavalue is----------null
[DEBUG][2015-11-05 15:43:59,931][com.java.SeleniumDriver] [  830] - Exception: null
[INFO ][2015-11-05 15:43:59,931][com.java.SeleniumDriver] [  836] - DataField : XPH//span[contains(text(), 'Finished')]
[INFO ][2015-11-05 15:43:59,931][com.java.SeleniumDriver] [  838] - DataValue : 
[INFO ][2015-11-05 15:43:59,931][com.java.SeleniumDriver] [  844] - <In Set values of the page>
[INFO ][2015-11-05 15:43:59,931][com.java.SeleniumDriver] [  847] - {Data Fields & Data Values Exist}
[INFO ][2015-11-05 15:43:59,931][com.java.SeleniumDriver] [  849] - --------------------------setting values-----------------------------
[INFO ][2015-11-05 15:43:59,931][com.java.SeleniumDriver] [  852] - Action Type : Click
[INFO ][2015-11-05 15:43:59,931][com.java.TestType] [ 4093] - Field ::XPH//span[contains(text(), 'Finished')]
[INFO ][2015-11-05 15:44:00,931][com.java.TestType] [ 4152] - BEFORE CLICK
[INFO ][2015-11-05 15:44:02,071][com.java.TestType] [ 4160] - Unable to click the object Finished button
[INFO ][2015-11-05 15:44:02,071][com.java.SeleniumDriver] [  861] -  RESULT true
[INFO ][2015-11-05 15:44:02,071][com.java.SeleniumDriver] [ 1066] - ?   P A S S   ?
[INFO ][2015-11-05 15:44:02,071][com.java.SeleniumDriver] [  788] - ------------------------------------------
[INFO ][2015-11-05 15:44:02,071][com.java.SeleniumDriver] [  789] - Test case being Executed: 11
[INFO ][2015-11-05 15:44:02,071][com.java.SeleniumDriver] [  800] - Test step:38
[INFO ][2015-11-05 15:44:02,071][com.java.SeleniumDriver] [  812] - Datavalue is----------Concept#3:1-2
[INFO ][2015-11-05 15:44:02,071][com.java.SeleniumDriver] [  836] - DataField : test
[INFO ][2015-11-05 15:44:02,071][com.java.SeleniumDriver] [  838] - DataValue : Concept#3:1-2
[INFO ][2015-11-05 15:44:02,071][com.java.SeleniumDriver] [  844] - <In Set values of the page>
[INFO ][2015-11-05 15:44:02,071][com.java.SeleniumDriver] [  847] - {Data Fields & Data Values Exist}
[INFO ][2015-11-05 15:44:02,071][com.java.SeleniumDriver] [  849] - --------------------------setting values-----------------------------
[INFO ][2015-11-05 15:44:02,071][com.java.SeleniumDriver] [  852] - Action Type : ExecuteTestCase
[INFO ][2015-11-05 15:44:02,071][com.java.TestType] [  414] - The Concept sheet name is ---------- Concept
[INFO ][2015-11-05 15:44:02,071][com.java.TestType] [  417] - The Concept ID  is ---------- 3
[DEBUG][2015-11-05 15:44:02,071][com.java.TestType] [  421] - Steps being executted in the Concept are: 1:2
[INFO ][2015-11-05 15:44:02,071][com.java.TestType] [  428] - Test data details path ---------- D:\BankersDashboard\TestInputs\TestData.xls
[INFO ][2015-11-05 15:44:02,612][com.java.TestType] [  459] -  str(1) = 3
[INFO ][2015-11-05 15:44:02,612][com.java.TestType] [  462] - Test case Id is---3
[INFO ][2015-11-05 15:44:02,612][com.java.TestType] [  464] - 3
[INFO ][2015-11-05 15:44:02,612][com.java.TestType] [  459] -  str(2) = 1
[INFO ][2015-11-05 15:44:02,612][com.java.TestType] [  511] - row values are--------{1=com.java.Objects.TestDataDetails@bcfadd}
[INFO ][2015-11-05 15:44:02,612][com.java.TestType] [  459] -  str(1) = 3
[INFO ][2015-11-05 15:44:02,612][com.java.TestType] [  462] - Test case Id is---3
[INFO ][2015-11-05 15:44:02,612][com.java.TestType] [  464] - 3
[INFO ][2015-11-05 15:44:02,612][com.java.TestType] [  459] -  str(2) = 2
[INFO ][2015-11-05 15:44:02,612][com.java.TestType] [  511] - row values are--------{1=com.java.Objects.TestDataDetails@bcfadd, 2=com.java.Objects.TestDataDetails@50617b}
[INFO ][2015-11-05 15:44:02,612][com.java.TestType] [ 7929] - Looping 1TCID = 3
[DEBUG][2015-11-05 15:44:02,612][com.java.TestType] [ 7970] - Concept ID:3 :: Step being Executed: 3::1
[INFO ][2015-11-05 15:44:02,612][com.java.TestType] [ 8008] - dataFields : test
[DEBUG][2015-11-05 15:44:02,612][com.java.TestType] [ 8014] - <In Set values of the page>
[DEBUG][2015-11-05 15:44:02,612][com.java.TestType] [ 8019] - {Data Fields & Data Values Exist}
[INFO ][2015-11-05 15:44:02,612][com.java.TestType] [ 8025] - --------------------------setting values-----------------------------
[INFO ][2015-11-05 15:44:02,612][com.java.TestType] [ 8028] - Action Type : Logout
[INFO ][2015-11-05 15:44:04,777][com.java.TestType] [ 4093] - Field ::CNF
[INFO ][2015-11-05 15:44:07,079][com.java.TestType] [ 4148] - Click the object confirmation
[INFO ][2015-11-05 15:44:07,079][com.java.TestType] [ 4149] - Unable to click the object confirmation
[DEBUG][2015-11-05 15:44:07,080][com.java.SeleniumDriver] [  425] - Hub ip address is-------172.17.68.34
[INFO ][2015-11-05 15:44:07,080][com.java.SeleniumDriver] [  451] - Grid URL:http://172.17.68.34:4444/wd/hub
[INFO ][2015-11-05 15:44:07,080][com.java.SeleniumDriver] [  452] - Capability:Capabilities [{platform=ANY, ensureCleanSession=true, ignoreProtectedModeSettings=true, acceptSslCerts=true, ignoreZoomSetting=true, browserName=internet explorer, browserstack.ie.noFlash=true, version=Node1}]
[ERROR][2015-11-05 15:44:08,110][com.java.SeleniumDriver] [  496] - Unable invoke browser in grid:Could not start a new session. Possible causes are invalid address of the remote server or browser start-up failure.
Build info: version: '2.48.2', revision: '41bccdd', time: '2015-10-09 19:59:12'
System info: host: 'FVTIII438F1D', ip: '172.17.68.34', os.name: 'Windows 7', os.arch: 'x86', os.version: '6.1', java.version: '1.7.0_55'
Driver info: driver.version: SeleniumDriver
[INFO ][2015-11-05 15:44:08,110][com.java.SeleniumDriver] [  498] - Executing on local machine
[INFO ][2015-11-05 15:44:17,200][com.java.TestType] [ 8047] -  RESULT true
[INFO ][2015-11-05 15:44:17,200][com.java.TestType] [ 8164] - ?   P A S S   ?
[DEBUG][2015-11-05 15:44:17,200][com.java.TestType] [ 7970] - Concept ID:3 :: Step being Executed: 3::2
[INFO ][2015-11-05 15:44:17,200][com.java.TestType] [ 8008] - dataFields : test
[DEBUG][2015-11-05 15:44:17,200][com.java.TestType] [ 8014] - <In Set values of the page>
[DEBUG][2015-11-05 15:44:17,200][com.java.TestType] [ 8019] - {Data Fields & Data Values Exist}
[INFO ][2015-11-05 15:44:17,200][com.java.TestType] [ 8025] - --------------------------setting values-----------------------------
[INFO ][2015-11-05 15:44:17,200][com.java.TestType] [ 8028] - Action Type : WaitTime
[DEBUG][2015-11-05 15:44:17,200][com.java.TestType] [ 3679] - sleepTime: 2000
[INFO ][2015-11-05 15:44:19,201][com.java.TestType] [ 8047] -  RESULT true
[INFO ][2015-11-05 15:44:19,201][com.java.TestType] [ 8164] - ?   P A S S   ?
[INFO ][2015-11-05 15:44:19,201][com.java.TestType] [ 8235] - Looping End......
[INFO ][2015-11-05 15:44:19,201][com.java.SeleniumDriver] [  861] -  RESULT true
[INFO ][2015-11-05 15:44:19,201][com.java.SeleniumDriver] [ 1066] - ?   P A S S   ?
[INFO ][2015-11-05 15:44:19,201][com.java.SeleniumDriver] [  788] - ------------------------------------------
[INFO ][2015-11-05 15:44:19,201][com.java.SeleniumDriver] [  789] - Test case being Executed: 11
[INFO ][2015-11-05 15:44:19,201][com.java.SeleniumDriver] [  800] - Test step:39
[INFO ][2015-11-05 15:44:19,201][com.java.SeleniumDriver] [  812] - Datavalue is----------HMVLogin_username
[INFO ][2015-11-05 15:44:19,201][com.java.SeleniumDriver] [  836] - DataField : TXTusername
[INFO ][2015-11-05 15:44:19,201][com.java.SeleniumDriver] [  838] - DataValue : HMVLogin_username
[INFO ][2015-11-05 15:44:19,201][com.java.SeleniumDriver] [  844] - <In Set values of the page>
[INFO ][2015-11-05 15:44:19,201][com.java.SeleniumDriver] [  847] - {Data Fields & Data Values Exist}
[INFO ][2015-11-05 15:44:19,201][com.java.SeleniumDriver] [  849] - --------------------------setting values-----------------------------
[INFO ][2015-11-05 15:44:19,201][com.java.SeleniumDriver] [  852] - Action Type : CLEARANDENTER
[INFO ][2015-11-05 15:44:19,201][com.java.TestType] [ 3780] - value = vltest.robot.03890
[INFO ][2015-11-05 15:44:24,039][com.java.SeleniumDriver] [  861] -  RESULT true
[INFO ][2015-11-05 15:44:24,039][com.java.SeleniumDriver] [ 1066] - ?   P A S S   ?
[INFO ][2015-11-05 15:44:24,039][com.java.SeleniumDriver] [  788] - ------------------------------------------
[INFO ][2015-11-05 15:44:24,039][com.java.SeleniumDriver] [  789] - Test case being Executed: 11
[INFO ][2015-11-05 15:44:24,039][com.java.SeleniumDriver] [  800] - Test step:40
[INFO ][2015-11-05 15:44:24,039][com.java.SeleniumDriver] [  812] - Datavalue is----------dt:NewUserPswd
[INFO ][2015-11-05 15:44:24,039][com.java.SeleniumDriver] [  836] - DataField : TXTpassword
[INFO ][2015-11-05 15:44:24,039][com.java.SeleniumDriver] [  838] - DataValue : dt:NewUserPswd
[INFO ][2015-11-05 15:44:24,039][com.java.SeleniumDriver] [  844] - <In Set values of the page>
[INFO ][2015-11-05 15:44:24,039][com.java.SeleniumDriver] [  847] - {Data Fields & Data Values Exist}
[INFO ][2015-11-05 15:44:24,039][com.java.SeleniumDriver] [  849] - --------------------------setting values-----------------------------
[INFO ][2015-11-05 15:44:24,039][com.java.SeleniumDriver] [  852] - Action Type : CLEARANDENTER
[INFO ][2015-11-05 15:44:24,039][com.java.TestType] [ 3780] - value = Password1*
[INFO ][2015-11-05 15:44:28,956][com.java.SeleniumDriver] [  861] -  RESULT true
[INFO ][2015-11-05 15:44:28,956][com.java.SeleniumDriver] [ 1066] - ?   P A S S   ?
[INFO ][2015-11-05 15:44:28,956][com.java.SeleniumDriver] [  788] - ------------------------------------------
[INFO ][2015-11-05 15:44:28,956][com.java.SeleniumDriver] [  789] - Test case being Executed: 11
[INFO ][2015-11-05 15:44:28,956][com.java.SeleniumDriver] [  800] - Test step:41
[INFO ][2015-11-05 15:44:28,956][com.java.SeleniumDriver] [  812] - Datavalue is----------null
[DEBUG][2015-11-05 15:44:28,956][com.java.SeleniumDriver] [  830] - Exception: null
[INFO ][2015-11-05 15:44:28,956][com.java.SeleniumDriver] [  836] - DataField : XPH//button[@type='submit']
[INFO ][2015-11-05 15:44:28,956][com.java.SeleniumDriver] [  838] - DataValue : 
[INFO ][2015-11-05 15:44:28,956][com.java.SeleniumDriver] [  844] - <In Set values of the page>
[INFO ][2015-11-05 15:44:28,956][com.java.SeleniumDriver] [  847] - {Data Fields & Data Values Exist}
[INFO ][2015-11-05 15:44:28,956][com.java.SeleniumDriver] [  849] - --------------------------setting values-----------------------------
[INFO ][2015-11-05 15:44:28,956][com.java.SeleniumDriver] [  852] - Action Type : Click
[INFO ][2015-11-05 15:44:28,956][com.java.TestType] [ 4093] - Field ::XPH//button[@type='submit']
[INFO ][2015-11-05 15:44:29,956][com.java.TestType] [ 4152] - BEFORE CLICK
[INFO ][2015-11-05 15:44:30,776][com.java.TestType] [ 4160] - Unable to click the object Login
[INFO ][2015-11-05 15:44:30,776][com.java.SeleniumDriver] [  861] -  RESULT true
[INFO ][2015-11-05 15:44:30,776][com.java.SeleniumDriver] [ 1066] - ?   P A S S   ?
[INFO ][2015-11-05 15:44:30,776][com.java.SeleniumDriver] [  788] - ------------------------------------------
[INFO ][2015-11-05 15:44:30,776][com.java.SeleniumDriver] [  789] - Test case being Executed: 11
[INFO ][2015-11-05 15:44:30,776][com.java.SeleniumDriver] [  800] - Test step:42
[INFO ][2015-11-05 15:44:30,776][com.java.SeleniumDriver] [  812] - Datavalue is----------null
[DEBUG][2015-11-05 15:44:30,776][com.java.SeleniumDriver] [  830] - Exception: null
[INFO ][2015-11-05 15:44:30,776][com.java.SeleniumDriver] [  836] - DataField : test
[INFO ][2015-11-05 15:44:30,776][com.java.SeleniumDriver] [  838] - DataValue : 
[INFO ][2015-11-05 15:44:30,776][com.java.SeleniumDriver] [  844] - <In Set values of the page>
[INFO ][2015-11-05 15:44:30,776][com.java.SeleniumDriver] [  847] - {Data Fields & Data Values Exist}
[INFO ][2015-11-05 15:44:30,776][com.java.SeleniumDriver] [  849] - --------------------------setting values-----------------------------
[INFO ][2015-11-05 15:44:30,776][com.java.SeleniumDriver] [  852] - Action Type : WaitTime
[DEBUG][2015-11-05 15:44:30,776][com.java.TestType] [ 3679] - sleepTime: 10000
[INFO ][2015-11-05 15:44:40,784][com.java.SeleniumDriver] [  861] -  RESULT true
[INFO ][2015-11-05 15:44:40,784][com.java.SeleniumDriver] [ 1066] - ?   P A S S   ?
[INFO ][2015-11-05 15:44:40,784][com.java.SeleniumDriver] [  788] - ------------------------------------------
[INFO ][2015-11-05 15:44:40,784][com.java.SeleniumDriver] [  789] - Test case being Executed: 11
[INFO ][2015-11-05 15:44:40,784][com.java.SeleniumDriver] [  800] - Test step:43
[INFO ][2015-11-05 15:44:40,784][com.java.SeleniumDriver] [  812] - Datavalue is----------Banker'sDashboard
[INFO ][2015-11-05 15:44:40,784][com.java.SeleniumDriver] [  836] - DataField : TTL
[INFO ][2015-11-05 15:44:40,784][com.java.SeleniumDriver] [  838] - DataValue : Banker'sDashboard
[INFO ][2015-11-05 15:44:40,784][com.java.SeleniumDriver] [  844] - <In Set values of the page>
[INFO ][2015-11-05 15:44:40,784][com.java.SeleniumDriver] [  847] - {Data Fields & Data Values Exist}
[INFO ][2015-11-05 15:44:40,784][com.java.SeleniumDriver] [  849] - --------------------------setting values-----------------------------
[INFO ][2015-11-05 15:44:40,784][com.java.SeleniumDriver] [  852] - Action Type : SelectWindow
[INFO ][2015-11-05 15:44:53,335][com.java.SeleniumDriver] [  861] -  RESULT true
[INFO ][2015-11-05 15:44:53,335][com.java.SeleniumDriver] [ 1066] - ?   P A S S   ?
[INFO ][2015-11-05 15:44:53,335][com.java.SeleniumDriver] [  788] - ------------------------------------------
[INFO ][2015-11-05 15:44:53,335][com.java.SeleniumDriver] [  789] - Test case being Executed: 11
[INFO ][2015-11-05 15:44:53,335][com.java.SeleniumDriver] [  800] - Test step:44
[INFO ][2015-11-05 15:44:53,335][com.java.SeleniumDriver] [  812] - Datavalue is----------20
[INFO ][2015-11-05 15:44:53,335][com.java.SeleniumDriver] [  836] - DataField : test
[INFO ][2015-11-05 15:44:53,335][com.java.SeleniumDriver] [  838] - DataValue : 20
[INFO ][2015-11-05 15:44:53,335][com.java.SeleniumDriver] [  844] - <In Set values of the page>
[INFO ][2015-11-05 15:44:53,335][com.java.SeleniumDriver] [  847] - {Data Fields & Data Values Exist}
[INFO ][2015-11-05 15:44:53,335][com.java.SeleniumDriver] [  849] - --------------------------setting values-----------------------------
[INFO ][2015-11-05 15:44:53,335][com.java.SeleniumDriver] [  852] - Action Type : WaitTime
[DEBUG][2015-11-05 15:44:53,335][com.java.TestType] [ 3679] - sleepTime: 20000
[INFO ][2015-11-05 15:45:13,336][com.java.SeleniumDriver] [  861] -  RESULT true
[INFO ][2015-11-05 15:45:13,336][com.java.SeleniumDriver] [ 1066] - ?   P A S S   ?
[INFO ][2015-11-05 15:45:13,336][com.java.SeleniumDriver] [  788] - ------------------------------------------
[INFO ][2015-11-05 15:45:13,336][com.java.SeleniumDriver] [  789] - Test case being Executed: 11
[INFO ][2015-11-05 15:45:13,336][com.java.SeleniumDriver] [  800] - Test step:45
[INFO ][2015-11-05 15:45:13,336][com.java.SeleniumDriver] [  812] - Datavalue is----------null
[DEBUG][2015-11-05 15:45:13,336][com.java.SeleniumDriver] [  830] - Exception: null
[INFO ][2015-11-05 15:45:13,336][com.java.SeleniumDriver] [  836] - DataField : //span[@class='icon-cog2']&&User Settings
[INFO ][2015-11-05 15:45:13,336][com.java.SeleniumDriver] [  838] - DataValue : 
[INFO ][2015-11-05 15:45:13,336][com.java.SeleniumDriver] [  844] - <In Set values of the page>
[INFO ][2015-11-05 15:45:13,336][com.java.SeleniumDriver] [  847] - {Data Fields & Data Values Exist}
[INFO ][2015-11-05 15:45:13,336][com.java.SeleniumDriver] [  849] - --------------------------setting values-----------------------------
[INFO ][2015-11-05 15:45:13,336][com.java.SeleniumDriver] [  852] - Action Type : MouseOver
[INFO ][2015-11-05 15:45:45,957][com.java.SeleniumDriver] [  861] -  RESULT true
[INFO ][2015-11-05 15:45:45,957][com.java.SeleniumDriver] [ 1066] - ?   P A S S   ?
[INFO ][2015-11-05 15:45:45,957][com.java.SeleniumDriver] [  788] - ------------------------------------------
[INFO ][2015-11-05 15:45:45,957][com.java.SeleniumDriver] [  789] - Test case being Executed: 11
[INFO ][2015-11-05 15:45:45,957][com.java.SeleniumDriver] [  800] - Test step:46
[INFO ][2015-11-05 15:45:45,957][com.java.SeleniumDriver] [  812] - Datavalue is----------null
[DEBUG][2015-11-05 15:45:45,957][com.java.SeleniumDriver] [  830] - Exception: null
[INFO ][2015-11-05 15:45:45,957][com.java.SeleniumDriver] [  836] - DataField : BTNframeDialogContent
[INFO ][2015-11-05 15:45:45,957][com.java.SeleniumDriver] [  838] - DataValue : 
[INFO ][2015-11-05 15:45:45,957][com.java.SeleniumDriver] [  844] - <In Set values of the page>
[INFO ][2015-11-05 15:45:45,957][com.java.SeleniumDriver] [  847] - {Data Fields & Data Values Exist}
[INFO ][2015-11-05 15:45:45,957][com.java.SeleniumDriver] [  849] - --------------------------setting values-----------------------------
[INFO ][2015-11-05 15:45:45,957][com.java.SeleniumDriver] [  852] - Action Type : WaitForElement
[INFO ][2015-11-05 15:45:47,128][com.java.SeleniumDriver] [  861] -  RESULT true
[INFO ][2015-11-05 15:45:47,128][com.java.SeleniumDriver] [ 1066] - ?   P A S S   ?
[INFO ][2015-11-05 15:45:47,128][com.java.SeleniumDriver] [  788] - ------------------------------------------
[INFO ][2015-11-05 15:45:47,128][com.java.SeleniumDriver] [  789] - Test case being Executed: 11
[INFO ][2015-11-05 15:45:47,128][com.java.SeleniumDriver] [  800] - Test step:47
[INFO ][2015-11-05 15:45:47,128][com.java.SeleniumDriver] [  812] - Datavalue is----------frameDialogContent
[INFO ][2015-11-05 15:45:47,128][com.java.SeleniumDriver] [  836] - DataField : BTN
[INFO ][2015-11-05 15:45:47,128][com.java.SeleniumDriver] [  838] - DataValue : frameDialogContent
[INFO ][2015-11-05 15:45:47,128][com.java.SeleniumDriver] [  844] - <In Set values of the page>
[INFO ][2015-11-05 15:45:47,128][com.java.SeleniumDriver] [  847] - {Data Fields & Data Values Exist}
[INFO ][2015-11-05 15:45:47,128][com.java.SeleniumDriver] [  849] - --------------------------setting values-----------------------------
[INFO ][2015-11-05 15:45:47,128][com.java.SeleniumDriver] [  852] - Action Type : SELECTFRAMEBYNAME
[INFO ][2015-11-05 15:45:47,128][com.java.TestType] [ 3780] - value = frameDialogContent
[INFO ][2015-11-05 15:45:47,189][com.java.SeleniumDriver] [  861] -  RESULT true
[INFO ][2015-11-05 15:45:47,189][com.java.SeleniumDriver] [ 1066] - ?   P A S S   ?
[INFO ][2015-11-05 15:45:47,189][com.java.SeleniumDriver] [  788] - ------------------------------------------
[INFO ][2015-11-05 15:45:47,189][com.java.SeleniumDriver] [  789] - Test case being Executed: 11
[INFO ][2015-11-05 15:45:47,189][com.java.SeleniumDriver] [  800] - Test step:48
[INFO ][2015-11-05 15:45:47,189][com.java.SeleniumDriver] [  812] - Datavalue is----------No
[INFO ][2015-11-05 15:45:47,189][com.java.SeleniumDriver] [  836] - DataField : SLBddlOpenBDInNewWindow
[INFO ][2015-11-05 15:45:47,189][com.java.SeleniumDriver] [  838] - DataValue : No
[INFO ][2015-11-05 15:45:47,189][com.java.SeleniumDriver] [  844] - <In Set values of the page>
[INFO ][2015-11-05 15:45:47,189][com.java.SeleniumDriver] [  847] - {Data Fields & Data Values Exist}
[INFO ][2015-11-05 15:45:47,189][com.java.SeleniumDriver] [  849] - --------------------------setting values-----------------------------
[INFO ][2015-11-05 15:45:47,189][com.java.SeleniumDriver] [  852] - Action Type : Select
[INFO ][2015-11-05 15:45:47,189][com.java.TestType] [ 3780] - value = No
[INFO ][2015-11-05 15:45:49,471][com.java.SeleniumDriver] [  861] -  RESULT true
[INFO ][2015-11-05 15:45:49,471][com.java.SeleniumDriver] [ 1066] - ?   P A S S   ?
[INFO ][2015-11-05 15:45:49,471][com.java.SeleniumDriver] [  788] - ------------------------------------------
[INFO ][2015-11-05 15:45:49,471][com.java.SeleniumDriver] [  789] - Test case being Executed: 11
[INFO ][2015-11-05 15:45:49,471][com.java.SeleniumDriver] [  800] - Test step:49
[INFO ][2015-11-05 15:45:49,471][com.java.SeleniumDriver] [  812] - Datavalue is----------null
[DEBUG][2015-11-05 15:45:49,471][com.java.SeleniumDriver] [  830] - Exception: null
[INFO ][2015-11-05 15:45:49,471][com.java.SeleniumDriver] [  836] - DataField : BTNparent
[INFO ][2015-11-05 15:45:49,471][com.java.SeleniumDriver] [  838] - DataValue : 
[INFO ][2015-11-05 15:45:49,471][com.java.SeleniumDriver] [  844] - <In Set values of the page>
[INFO ][2015-11-05 15:45:49,471][com.java.SeleniumDriver] [  847] - {Data Fields & Data Values Exist}
[INFO ][2015-11-05 15:45:49,471][com.java.SeleniumDriver] [  849] - --------------------------setting values-----------------------------
[INFO ][2015-11-05 15:45:49,471][com.java.SeleniumDriver] [  852] - Action Type : SELECTFRAME
[INFO ][2015-11-05 15:45:49,481][com.java.SeleniumDriver] [  861] -  RESULT true
[INFO ][2015-11-05 15:45:49,481][com.java.SeleniumDriver] [ 1066] - ?   P A S S   ?
[INFO ][2015-11-05 15:45:49,481][com.java.SeleniumDriver] [  788] - ------------------------------------------
[INFO ][2015-11-05 15:45:49,481][com.java.SeleniumDriver] [  789] - Test case being Executed: 11
[INFO ][2015-11-05 15:45:49,481][com.java.SeleniumDriver] [  800] - Test step:50
[INFO ][2015-11-05 15:45:49,481][com.java.SeleniumDriver] [  812] - Datavalue is----------null
[DEBUG][2015-11-05 15:45:49,481][com.java.SeleniumDriver] [  830] - Exception: null
[INFO ][2015-11-05 15:45:49,481][com.java.SeleniumDriver] [  836] - DataField : BTN//span[text()='Finished']
[INFO ][2015-11-05 15:45:49,481][com.java.SeleniumDriver] [  838] - DataValue : 
[INFO ][2015-11-05 15:45:49,481][com.java.SeleniumDriver] [  844] - <In Set values of the page>
[INFO ][2015-11-05 15:45:49,481][com.java.SeleniumDriver] [  847] - {Data Fields & Data Values Exist}
[INFO ][2015-11-05 15:45:49,481][com.java.SeleniumDriver] [  849] - --------------------------setting values-----------------------------
[INFO ][2015-11-05 15:45:49,481][com.java.SeleniumDriver] [  852] - Action Type : Click
[INFO ][2015-11-05 15:45:49,481][com.java.TestType] [ 4093] - Field ::BTN//span[text()='Finished']
[INFO ][2015-11-05 15:45:50,481][com.java.TestType] [ 4131] - BEFORE CLICK
[INFO ][2015-11-05 15:45:50,792][com.java.TestType] [ 4138] - Unable to click the object Finished button
[INFO ][2015-11-05 15:45:50,792][com.java.SeleniumDriver] [  861] -  RESULT true
[INFO ][2015-11-05 15:45:50,792][com.java.SeleniumDriver] [ 1066] - ?   P A S S   ?
[INFO ][2015-11-05 15:45:50,792][com.java.SeleniumDriver] [  788] - ------------------------------------------
[INFO ][2015-11-05 15:45:50,792][com.java.SeleniumDriver] [  789] - Test case being Executed: 11
[INFO ][2015-11-05 15:45:50,792][com.java.SeleniumDriver] [  800] - Test step:51
[INFO ][2015-11-05 15:45:50,792][com.java.SeleniumDriver] [  812] - Datavalue is----------Logout
[INFO ][2015-11-05 15:45:50,792][com.java.SeleniumDriver] [  836] - DataField : LNK
[INFO ][2015-11-05 15:45:50,792][com.java.SeleniumDriver] [  838] - DataValue : Logout
[INFO ][2015-11-05 15:45:50,792][com.java.SeleniumDriver] [  844] - <In Set values of the page>
[INFO ][2015-11-05 15:45:50,792][com.java.SeleniumDriver] [  847] - {Data Fields & Data Values Exist}
[INFO ][2015-11-05 15:45:50,792][com.java.SeleniumDriver] [  849] - --------------------------setting values-----------------------------
[INFO ][2015-11-05 15:45:50,792][com.java.SeleniumDriver] [  852] - Action Type : Verify
[INFO ][2015-11-05 15:45:50,792][com.java.TestType] [ 4906] - field= LNK value= Logout
[INFO ][2015-11-05 15:45:50,792][com.java.TestType] [ 3780] - value = Logout
[INFO ][2015-11-05 15:45:50,852][com.java.SeleniumDriver] [  861] -  RESULT true
[INFO ][2015-11-05 15:45:50,852][com.java.SeleniumDriver] [ 1066] - ?   P A S S   ?
[INFO ][2015-11-05 15:45:50,852][com.java.SeleniumDriver] [  788] - ------------------------------------------
[INFO ][2015-11-05 15:45:50,852][com.java.SeleniumDriver] [  789] - Test case being Executed: 11
[INFO ][2015-11-05 15:45:50,852][com.java.SeleniumDriver] [  800] - Test step:52
[INFO ][2015-11-05 15:45:50,852][com.java.SeleniumDriver] [  812] - Datavalue is----------//img[contains(@src,'bdlogo.jpg')]
[INFO ][2015-11-05 15:45:50,852][com.java.SeleniumDriver] [  836] - DataField : BTN
[INFO ][2015-11-05 15:45:50,852][com.java.SeleniumDriver] [  838] - DataValue : //img[contains(@src,'bdlogo.jpg')]
[INFO ][2015-11-05 15:45:50,852][com.java.SeleniumDriver] [  844] - <In Set values of the page>
[INFO ][2015-11-05 15:45:50,852][com.java.SeleniumDriver] [  847] - {Data Fields & Data Values Exist}
[INFO ][2015-11-05 15:45:50,852][com.java.SeleniumDriver] [  849] - --------------------------setting values-----------------------------
[INFO ][2015-11-05 15:45:50,852][com.java.SeleniumDriver] [  852] - Action Type : Verify
[INFO ][2015-11-05 15:45:50,852][com.java.TestType] [ 4906] - field= BTN value= //img[contains(@src,'bdlogo.jpg')]
[INFO ][2015-11-05 15:45:50,852][com.java.TestType] [ 3780] - value = //img[contains(@src,'bdlogo.jpg')]
[INFO ][2015-11-05 15:45:50,912][com.java.SeleniumDriver] [  861] -  RESULT true
[INFO ][2015-11-05 15:45:50,912][com.java.SeleniumDriver] [ 1066] - ?   P A S S   ?
[INFO ][2015-11-05 15:45:50,912][com.java.SeleniumDriver] [  788] - ------------------------------------------
[INFO ][2015-11-05 15:45:50,912][com.java.SeleniumDriver] [  789] - Test case being Executed: 11
[INFO ][2015-11-05 15:45:50,912][com.java.SeleniumDriver] [  800] - Test step:53
[INFO ][2015-11-05 15:45:50,912][com.java.SeleniumDriver] [  812] - Datavalue is----------null
[DEBUG][2015-11-05 15:45:50,912][com.java.SeleniumDriver] [  830] - Exception: null
[INFO ][2015-11-05 15:45:50,912][com.java.SeleniumDriver] [  836] - DataField : null
[INFO ][2015-11-05 15:45:50,912][com.java.SeleniumDriver] [  838] - DataValue : 
[INFO ][2015-11-05 15:45:50,912][com.java.SeleniumDriver] [  844] - <In Set values of the page>
[INFO ][2015-11-05 15:45:50,912][com.java.SeleniumDriver] [  847] - {Data Fields & Data Values Exist}
[INFO ][2015-11-05 15:45:50,912][com.java.SeleniumDriver] [  849] - --------------------------setting values-----------------------------
[INFO ][2015-11-05 15:45:50,912][com.java.SeleniumDriver] [  852] - Action Type : OPENNEWBROWSER
[DEBUG][2015-11-05 15:45:56,254][com.java.SeleniumDriver] [  425] - Hub ip address is-------172.17.68.34
[INFO ][2015-11-05 15:45:56,254][com.java.SeleniumDriver] [  451] - Grid URL:http://172.17.68.34:4444/wd/hub
[INFO ][2015-11-05 15:45:56,254][com.java.SeleniumDriver] [  452] - Capability:Capabilities [{platform=ANY, ensureCleanSession=true, ignoreProtectedModeSettings=true, acceptSslCerts=true, ignoreZoomSetting=true, browserName=internet explorer, browserstack.ie.noFlash=true, version=Node1}]
[ERROR][2015-11-05 15:45:57,255][com.java.SeleniumDriver] [  496] - Unable invoke browser in grid:Could not start a new session. Possible causes are invalid address of the remote server or browser start-up failure.
Build info: version: '2.48.2', revision: '41bccdd', time: '2015-10-09 19:59:12'
System info: host: 'FVTIII438F1D', ip: '172.17.68.34', os.name: 'Windows 7', os.arch: 'x86', os.version: '6.1', java.version: '1.7.0_55'
Driver info: driver.version: SeleniumDriver
[INFO ][2015-11-05 15:45:57,255][com.java.SeleniumDriver] [  498] - Executing on local machine
[INFO ][2015-11-05 15:46:06,350][com.java.SeleniumDriver] [  861] -  RESULT true
[INFO ][2015-11-05 15:46:06,350][com.java.SeleniumDriver] [ 1066] - ?   P A S S   ?
[INFO ][2015-11-05 15:46:06,350][com.java.SeleniumDriver] [  788] - ------------------------------------------
[INFO ][2015-11-05 15:46:06,350][com.java.SeleniumDriver] [  789] - Test case being Executed: 11
[INFO ][2015-11-05 15:46:06,350][com.java.SeleniumDriver] [  800] - Test step:54
[INFO ][2015-11-05 15:46:06,350][com.java.SeleniumDriver] [  812] - Datavalue is----------Concept#1:1-14
[INFO ][2015-11-05 15:46:06,350][com.java.SeleniumDriver] [  836] - DataField : test
[INFO ][2015-11-05 15:46:06,350][com.java.SeleniumDriver] [  838] - DataValue : Concept#1:1-14
[INFO ][2015-11-05 15:46:06,350][com.java.SeleniumDriver] [  844] - <In Set values of the page>
[INFO ][2015-11-05 15:46:06,350][com.java.SeleniumDriver] [  847] - {Data Fields & Data Values Exist}
[INFO ][2015-11-05 15:46:06,350][com.java.SeleniumDriver] [  849] - --------------------------setting values-----------------------------
[INFO ][2015-11-05 15:46:06,350][com.java.SeleniumDriver] [  852] - Action Type : ExecuteTestCase
[INFO ][2015-11-05 15:46:06,350][com.java.TestType] [  414] - The Concept sheet name is ---------- Concept
[INFO ][2015-11-05 15:46:06,350][com.java.TestType] [  417] - The Concept ID  is ---------- 1
[DEBUG][2015-11-05 15:46:06,350][com.java.TestType] [  421] - Steps being executted in the Concept are: 1:14
[INFO ][2015-11-05 15:46:06,350][com.java.TestType] [  428] - Test data details path ---------- D:\BankersDashboard\TestInputs\TestData.xls
[INFO ][2015-11-05 15:46:06,881][com.java.TestType] [  459] -  str(1) = 1
[INFO ][2015-11-05 15:46:06,881][com.java.TestType] [  462] - Test case Id is---1
[INFO ][2015-11-05 15:46:06,881][com.java.TestType] [  464] - 1
[INFO ][2015-11-05 15:46:06,881][com.java.TestType] [  459] -  str(2) = 1
[INFO ][2015-11-05 15:46:06,881][com.java.TestType] [  511] - row values are--------{1=com.java.Objects.TestDataDetails@15ad01a}
[INFO ][2015-11-05 15:46:06,881][com.java.TestType] [  459] -  str(1) = 1
[INFO ][2015-11-05 15:46:06,881][com.java.TestType] [  462] - Test case Id is---1
[INFO ][2015-11-05 15:46:06,891][com.java.TestType] [  464] - 1
[INFO ][2015-11-05 15:46:06,891][com.java.TestType] [  459] -  str(2) = 2
[INFO ][2015-11-05 15:46:06,891][com.java.TestType] [  511] - row values are--------{1=com.java.Objects.TestDataDetails@15ad01a, 2=com.java.Objects.TestDataDetails@162b15b}
[INFO ][2015-11-05 15:46:06,891][com.java.TestType] [  459] -  str(1) = 1
[INFO ][2015-11-05 15:46:06,891][com.java.TestType] [  462] - Test case Id is---1
[INFO ][2015-11-05 15:46:06,891][com.java.TestType] [  464] - 1
[INFO ][2015-11-05 15:46:06,891][com.java.TestType] [  459] -  str(2) = 3
[INFO ][2015-11-05 15:46:06,891][com.java.TestType] [  511] - row values are--------{1=com.java.Objects.TestDataDetails@15ad01a, 2=com.java.Objects.TestDataDetails@162b15b, 3=com.java.Objects.TestDataDetails@f63675}
[INFO ][2015-11-05 15:46:06,891][com.java.TestType] [  459] -  str(1) = 1
[INFO ][2015-11-05 15:46:06,891][com.java.TestType] [  462] - Test case Id is---1
[INFO ][2015-11-05 15:46:06,891][com.java.TestType] [  464] - 1
[INFO ][2015-11-05 15:46:06,891][com.java.TestType] [  459] -  str(2) = 4
[INFO ][2015-11-05 15:46:06,891][com.java.TestType] [  511] - row values are--------{1=com.java.Objects.TestDataDetails@15ad01a, 2=com.java.Objects.TestDataDetails@162b15b, 3=com.java.Objects.TestDataDetails@f63675, 4=com.java.Objects.TestDataDetails@1c3fa85}
[INFO ][2015-11-05 15:46:06,891][com.java.TestType] [  459] -  str(1) = 1
[INFO ][2015-11-05 15:46:06,891][com.java.TestType] [  462] - Test case Id is---1
[INFO ][2015-11-05 15:46:06,891][com.java.TestType] [  464] - 1
[INFO ][2015-11-05 15:46:06,891][com.java.TestType] [  459] -  str(2) = 5
[INFO ][2015-11-05 15:46:06,891][com.java.TestType] [  511] - row values are--------{1=com.java.Objects.TestDataDetails@15ad01a, 2=com.java.Objects.TestDataDetails@162b15b, 3=com.java.Objects.TestDataDetails@f63675, 4=com.java.Objects.TestDataDetails@1c3fa85, 5=com.java.Objects.TestDataDetails@d227bf}
[INFO ][2015-11-05 15:46:06,891][com.java.TestType] [  459] -  str(1) = 1
[INFO ][2015-11-05 15:46:06,891][com.java.TestType] [  462] - Test case Id is---1
[INFO ][2015-11-05 15:46:06,891][com.java.TestType] [  464] - 1
[INFO ][2015-11-05 15:46:06,891][com.java.TestType] [  459] -  str(2) = 6
[INFO ][2015-11-05 15:46:06,891][com.java.TestType] [  511] - row values are--------{1=com.java.Objects.TestDataDetails@15ad01a, 2=com.java.Objects.TestDataDetails@162b15b, 3=com.java.Objects.TestDataDetails@f63675, 4=com.java.Objects.TestDataDetails@1c3fa85, 5=com.java.Objects.TestDataDetails@d227bf, 6=com.java.Objects.TestDataDetails@1e5d76c}
[INFO ][2015-11-05 15:46:06,891][com.java.TestType] [  459] -  str(1) = 1
[INFO ][2015-11-05 15:46:06,891][com.java.TestType] [  462] - Test case Id is---1
[INFO ][2015-11-05 15:46:06,891][com.java.TestType] [  464] - 1
[INFO ][2015-11-05 15:46:06,891][com.java.TestType] [  459] -  str(2) = 7
[INFO ][2015-11-05 15:46:06,891][com.java.TestType] [  511] - row values are--------{1=com.java.Objects.TestDataDetails@15ad01a, 2=com.java.Objects.TestDataDetails@162b15b, 3=com.java.Objects.TestDataDetails@f63675, 4=com.java.Objects.TestDataDetails@1c3fa85, 5=com.java.Objects.TestDataDetails@d227bf, 6=com.java.Objects.TestDataDetails@1e5d76c, 7=com.java.Objects.TestDataDetails@144f7c5}
[INFO ][2015-11-05 15:46:06,891][com.java.TestType] [  459] -  str(1) = 1
[INFO ][2015-11-05 15:46:06,891][com.java.TestType] [  462] - Test case Id is---1
[INFO ][2015-11-05 15:46:06,891][com.java.TestType] [  464] - 1
[INFO ][2015-11-05 15:46:06,891][com.java.TestType] [  459] -  str(2) = 8
[INFO ][2015-11-05 15:46:06,891][com.java.TestType] [  511] - row values are--------{1=com.java.Objects.TestDataDetails@15ad01a, 2=com.java.Objects.TestDataDetails@162b15b, 3=com.java.Objects.TestDataDetails@f63675, 4=com.java.Objects.TestDataDetails@1c3fa85, 5=com.java.Objects.TestDataDetails@d227bf, 6=com.java.Objects.TestDataDetails@1e5d76c, 7=com.java.Objects.TestDataDetails@144f7c5, 8=com.java.Objects.TestDataDetails@380451}
[INFO ][2015-11-05 15:46:06,891][com.java.TestType] [  459] -  str(1) = 1
[INFO ][2015-11-05 15:46:06,891][com.java.TestType] [  462] - Test case Id is---1
[INFO ][2015-11-05 15:46:06,891][com.java.TestType] [  464] - 1
[INFO ][2015-11-05 15:46:06,891][com.java.TestType] [  459] -  str(2) = 9
[INFO ][2015-11-05 15:46:06,891][com.java.TestType] [  511] - row values are--------{1=com.java.Objects.TestDataDetails@15ad01a, 2=com.java.Objects.TestDataDetails@162b15b, 3=com.java.Objects.TestDataDetails@f63675, 4=com.java.Objects.TestDataDetails@1c3fa85, 5=com.java.Objects.TestDataDetails@d227bf, 6=com.java.Objects.TestDataDetails@1e5d76c, 7=com.java.Objects.TestDataDetails@144f7c5, 8=com.java.Objects.TestDataDetails@380451, 9=com.java.Objects.TestDataDetails@554aaf}
[INFO ][2015-11-05 15:46:06,891][com.java.TestType] [  459] -  str(1) = 1
[INFO ][2015-11-05 15:46:06,891][com.java.TestType] [  462] - Test case Id is---1
[INFO ][2015-11-05 15:46:06,891][com.java.TestType] [  464] - 1
[INFO ][2015-11-05 15:46:06,891][com.java.TestType] [  459] -  str(2) = 10
[INFO ][2015-11-05 15:46:06,891][com.java.TestType] [  511] - row values are--------{1=com.java.Objects.TestDataDetails@15ad01a, 2=com.java.Objects.TestDataDetails@162b15b, 3=com.java.Objects.TestDataDetails@f63675, 4=com.java.Objects.TestDataDetails@1c3fa85, 5=com.java.Objects.TestDataDetails@d227bf, 6=com.java.Objects.TestDataDetails@1e5d76c, 7=com.java.Objects.TestDataDetails@144f7c5, 8=com.java.Objects.TestDataDetails@380451, 9=com.java.Objects.TestDataDetails@554aaf, 10=com.java.Objects.TestDataDetails@ee0b0e}
[INFO ][2015-11-05 15:46:06,891][com.java.TestType] [  459] -  str(1) = 1
[INFO ][2015-11-05 15:46:06,891][com.java.TestType] [  462] - Test case Id is---1
[INFO ][2015-11-05 15:46:06,891][com.java.TestType] [  464] - 1
[INFO ][2015-11-05 15:46:06,891][com.java.TestType] [  459] -  str(2) = 11
[INFO ][2015-11-05 15:46:06,891][com.java.TestType] [  511] - row values are--------{1=com.java.Objects.TestDataDetails@15ad01a, 2=com.java.Objects.TestDataDetails@162b15b, 3=com.java.Objects.TestDataDetails@f63675, 4=com.java.Objects.TestDataDetails@1c3fa85, 5=com.java.Objects.TestDataDetails@d227bf, 6=com.java.Objects.TestDataDetails@1e5d76c, 7=com.java.Objects.TestDataDetails@144f7c5, 8=com.java.Objects.TestDataDetails@380451, 9=com.java.Objects.TestDataDetails@554aaf, 10=com.java.Objects.TestDataDetails@ee0b0e, 11=com.java.Objects.TestDataDetails@efd230}
[INFO ][2015-11-05 15:46:06,891][com.java.TestType] [  459] -  str(1) = 1
[INFO ][2015-11-05 15:46:06,891][com.java.TestType] [  462] - Test case Id is---1
[INFO ][2015-11-05 15:46:06,891][com.java.TestType] [  464] - 1
[INFO ][2015-11-05 15:46:06,891][com.java.TestType] [  459] -  str(2) = 12
[INFO ][2015-11-05 15:46:06,891][com.java.TestType] [  511] - row values are--------{1=com.java.Objects.TestDataDetails@15ad01a, 2=com.java.Objects.TestDataDetails@162b15b, 3=com.java.Objects.TestDataDetails@f63675, 4=com.java.Objects.TestDataDetails@1c3fa85, 5=com.java.Objects.TestDataDetails@d227bf, 6=com.java.Objects.TestDataDetails@1e5d76c, 7=com.java.Objects.TestDataDetails@144f7c5, 8=com.java.Objects.TestDataDetails@380451, 9=com.java.Objects.TestDataDetails@554aaf, 10=com.java.Objects.TestDataDetails@ee0b0e, 11=com.java.Objects.TestDataDetails@efd230, 12=com.java.Objects.TestDataDetails@c1c5a4}
[INFO ][2015-11-05 15:46:06,891][com.java.TestType] [  459] -  str(1) = 1
[INFO ][2015-11-05 15:46:06,891][com.java.TestType] [  462] - Test case Id is---1
[INFO ][2015-11-05 15:46:06,891][com.java.TestType] [  464] - 1
[INFO ][2015-11-05 15:46:06,901][com.java.TestType] [  459] -  str(2) = 13
[INFO ][2015-11-05 15:46:06,901][com.java.TestType] [  511] - row values are--------{1=com.java.Objects.TestDataDetails@15ad01a, 2=com.java.Objects.TestDataDetails@162b15b, 3=com.java.Objects.TestDataDetails@f63675, 4=com.java.Objects.TestDataDetails@1c3fa85, 5=com.java.Objects.TestDataDetails@d227bf, 6=com.java.Objects.TestDataDetails@1e5d76c, 7=com.java.Objects.TestDataDetails@144f7c5, 8=com.java.Objects.TestDataDetails@380451, 9=com.java.Objects.TestDataDetails@554aaf, 10=com.java.Objects.TestDataDetails@ee0b0e, 11=com.java.Objects.TestDataDetails@efd230, 12=com.java.Objects.TestDataDetails@c1c5a4, 13=com.java.Objects.TestDataDetails@1244fd9}
[INFO ][2015-11-05 15:46:06,901][com.java.TestType] [  459] -  str(1) = 1
[INFO ][2015-11-05 15:46:06,901][com.java.TestType] [  462] - Test case Id is---1
[INFO ][2015-11-05 15:46:06,901][com.java.TestType] [  464] - 1
[INFO ][2015-11-05 15:46:06,901][com.java.TestType] [  459] -  str(2) = 14
[INFO ][2015-11-05 15:46:06,901][com.java.TestType] [  511] - row values are--------{1=com.java.Objects.TestDataDetails@15ad01a, 2=com.java.Objects.TestDataDetails@162b15b, 3=com.java.Objects.TestDataDetails@f63675, 4=com.java.Objects.TestDataDetails@1c3fa85, 5=com.java.Objects.TestDataDetails@d227bf, 6=com.java.Objects.TestDataDetails@1e5d76c, 7=com.java.Objects.TestDataDetails@144f7c5, 8=com.java.Objects.TestDataDetails@380451, 9=com.java.Objects.TestDataDetails@554aaf, 10=com.java.Objects.TestDataDetails@ee0b0e, 11=com.java.Objects.TestDataDetails@efd230, 12=com.java.Objects.TestDataDetails@c1c5a4, 13=com.java.Objects.TestDataDetails@1244fd9, 14=com.java.Objects.TestDataDetails@26b576}
[INFO ][2015-11-05 15:46:06,901][com.java.TestType] [ 7929] - Looping 1TCID = 1
[DEBUG][2015-11-05 15:46:06,901][com.java.TestType] [ 7970] - Concept ID:1 :: Step being Executed: 1::1
[INFO ][2015-11-05 15:46:06,901][com.java.TestType] [ 8008] - dataFields : TXTusername
[DEBUG][2015-11-05 15:46:06,901][com.java.TestType] [ 8014] - <In Set values of the page>
[DEBUG][2015-11-05 15:46:06,901][com.java.TestType] [ 8019] - {Data Fields & Data Values Exist}
[INFO ][2015-11-05 15:46:06,901][com.java.TestType] [ 8025] - --------------------------setting values-----------------------------
[INFO ][2015-11-05 15:46:06,901][com.java.TestType] [ 8028] - Action Type : CLEARANDENTER
[INFO ][2015-11-05 15:46:06,901][com.java.TestType] [ 3780] - value = valuelabs.ie11.03890
[INFO ][2015-11-05 15:46:11,728][com.java.TestType] [ 8047] -  RESULT true
[INFO ][2015-11-05 15:46:11,728][com.java.TestType] [ 8164] - ?   P A S S   ?
[DEBUG][2015-11-05 15:46:11,728][com.java.TestType] [ 7970] - Concept ID:1 :: Step being Executed: 1::2
[INFO ][2015-11-05 15:46:11,728][com.java.TestType] [ 8008] - dataFields : TXTpassword
[DEBUG][2015-11-05 15:46:11,728][com.java.TestType] [ 8014] - <In Set values of the page>
[DEBUG][2015-11-05 15:46:11,728][com.java.TestType] [ 8019] - {Data Fields & Data Values Exist}
[INFO ][2015-11-05 15:46:11,728][com.java.TestType] [ 8025] - --------------------------setting values-----------------------------
[INFO ][2015-11-05 15:46:11,728][com.java.TestType] [ 8028] - Action Type : CLEARANDENTER
[INFO ][2015-11-05 15:46:11,728][com.java.TestType] [ 3780] - value = Password1*
[INFO ][2015-11-05 15:46:16,687][com.java.TestType] [ 8047] -  RESULT true
[INFO ][2015-11-05 15:46:16,687][com.java.TestType] [ 8164] - ?   P A S S   ?
[DEBUG][2015-11-05 15:46:16,687][com.java.TestType] [ 7970] - Concept ID:1 :: Step being Executed: 1::3
[ERROR][2015-11-05 15:46:16,687][com.java.TestType] [ 8003] - Exception: null
[INFO ][2015-11-05 15:46:16,687][com.java.TestType] [ 8008] - dataFields : XPH//button[@type='submit']
[DEBUG][2015-11-05 15:46:16,687][com.java.TestType] [ 8014] - <In Set values of the page>
[DEBUG][2015-11-05 15:46:16,687][com.java.TestType] [ 8019] - {Data Fields & Data Values Exist}
[INFO ][2015-11-05 15:46:16,687][com.java.TestType] [ 8025] - --------------------------setting values-----------------------------
[INFO ][2015-11-05 15:46:16,687][com.java.TestType] [ 8028] - Action Type : Click
[INFO ][2015-11-05 15:46:16,687][com.java.TestType] [ 4093] - Field ::XPH//button[@type='submit']
[INFO ][2015-11-05 15:46:17,687][com.java.TestType] [ 4152] - BEFORE CLICK
[INFO ][2015-11-05 15:46:18,487][com.java.TestType] [ 4160] - Unable to click the object Login
[INFO ][2015-11-05 15:46:18,487][com.java.TestType] [ 8047] -  RESULT true
[INFO ][2015-11-05 15:46:18,487][com.java.TestType] [ 8164] - ?   P A S S   ?
[DEBUG][2015-11-05 15:46:18,487][com.java.TestType] [ 7970] - Concept ID:1 :: Step being Executed: 1::4
[INFO ][2015-11-05 15:46:18,487][com.java.TestType] [ 8008] - dataFields : LNKLogout
[DEBUG][2015-11-05 15:46:18,487][com.java.TestType] [ 8014] - <In Set values of the page>
[DEBUG][2015-11-05 15:46:18,487][com.java.TestType] [ 8019] - {Data Fields & Data Values Exist}
[INFO ][2015-11-05 15:46:18,487][com.java.TestType] [ 8025] - --------------------------setting values-----------------------------
[INFO ][2015-11-05 15:46:18,487][com.java.TestType] [ 8028] - Action Type : WaitForElement
[INFO ][2015-11-05 15:46:26,306][com.java.TestType] [ 8047] -  RESULT true
[INFO ][2015-11-05 15:46:26,306][com.java.TestType] [ 8164] - ?   P A S S   ?
[DEBUG][2015-11-05 15:46:26,306][com.java.TestType] [ 7970] - Concept ID:1 :: Step being Executed: 1::13
[INFO ][2015-11-05 15:46:26,306][com.java.TestType] [ 8008] - dataFields : LNK
[DEBUG][2015-11-05 15:46:26,306][com.java.TestType] [ 8014] - <In Set values of the page>
[DEBUG][2015-11-05 15:46:26,306][com.java.TestType] [ 8019] - {Data Fields & Data Values Exist}
[INFO ][2015-11-05 15:46:26,306][com.java.TestType] [ 8025] - --------------------------setting values-----------------------------
[INFO ][2015-11-05 15:46:26,306][com.java.TestType] [ 8028] - Action Type : Verify
[INFO ][2015-11-05 15:46:26,306][com.java.TestType] [ 4906] - field= LNK value= Logout
[INFO ][2015-11-05 15:46:26,306][com.java.TestType] [ 3780] - value = Logout
[INFO ][2015-11-05 15:46:26,337][com.java.TestType] [ 8047] -  RESULT true
[INFO ][2015-11-05 15:46:26,337][com.java.TestType] [ 8164] - ?   P A S S   ?
[DEBUG][2015-11-05 15:46:26,337][com.java.TestType] [ 7970] - Concept ID:1 :: Step being Executed: 1::14
[INFO ][2015-11-05 15:46:26,337][com.java.TestType] [ 8008] - dataFields : BTN
[DEBUG][2015-11-05 15:46:26,337][com.java.TestType] [ 8014] - <In Set values of the page>
[DEBUG][2015-11-05 15:46:26,337][com.java.TestType] [ 8019] - {Data Fields & Data Values Exist}
[INFO ][2015-11-05 15:46:26,337][com.java.TestType] [ 8025] - --------------------------setting values-----------------------------
[INFO ][2015-11-05 15:46:26,337][com.java.TestType] [ 8028] - Action Type : Verify
[INFO ][2015-11-05 15:46:26,337][com.java.TestType] [ 4906] - field= BTN value= //img[contains(@src,'bdlogo.jpg')]
[INFO ][2015-11-05 15:46:26,337][com.java.TestType] [ 3780] - value = //img[contains(@src,'bdlogo.jpg')]
[INFO ][2015-11-05 15:46:26,367][com.java.TestType] [ 8047] -  RESULT true
[INFO ][2015-11-05 15:46:26,367][com.java.TestType] [ 8164] - ?   P A S S   ?
[INFO ][2015-11-05 15:46:26,367][com.java.TestType] [ 8235] - Looping End......
[INFO ][2015-11-05 15:46:26,367][com.java.SeleniumDriver] [  861] -  RESULT true
[INFO ][2015-11-05 15:46:26,367][com.java.SeleniumDriver] [ 1066] - ?   P A S S   ?
[INFO ][2015-11-05 15:46:26,367][com.java.SeleniumDriver] [  788] - ------------------------------------------
[INFO ][2015-11-05 15:46:26,367][com.java.SeleniumDriver] [  789] - Test case being Executed: 11
[INFO ][2015-11-05 15:46:26,367][com.java.SeleniumDriver] [  800] - Test step:55
[INFO ][2015-11-05 15:46:26,367][com.java.SeleniumDriver] [  812] - Datavalue is----------null
[DEBUG][2015-11-05 15:46:26,367][com.java.SeleniumDriver] [  830] - Exception: null
[INFO ][2015-11-05 15:46:26,367][com.java.SeleniumDriver] [  836] - DataField : //span[@class='icon-user4']&&Users&&Manage Users
[INFO ][2015-11-05 15:46:26,367][com.java.SeleniumDriver] [  838] - DataValue : 
[INFO ][2015-11-05 15:46:26,367][com.java.SeleniumDriver] [  844] - <In Set values of the page>
[INFO ][2015-11-05 15:46:26,367][com.java.SeleniumDriver] [  847] - {Data Fields & Data Values Exist}
[INFO ][2015-11-05 15:46:26,367][com.java.SeleniumDriver] [  849] - --------------------------setting values-----------------------------
[INFO ][2015-11-05 15:46:26,367][com.java.SeleniumDriver] [  852] - Action Type : MouseOver
[INFO ][2015-11-05 15:47:23,740][com.java.SeleniumDriver] [  861] -  RESULT true
[INFO ][2015-11-05 15:47:23,740][com.java.SeleniumDriver] [ 1066] - ?   P A S S   ?
[INFO ][2015-11-05 15:47:23,740][com.java.SeleniumDriver] [  788] - ------------------------------------------
[INFO ][2015-11-05 15:47:23,740][com.java.SeleniumDriver] [  789] - Test case being Executed: 11
[INFO ][2015-11-05 15:47:23,740][com.java.SeleniumDriver] [  800] - Test step:56
[INFO ][2015-11-05 15:47:23,740][com.java.SeleniumDriver] [  812] - Datavalue is----------null
[DEBUG][2015-11-05 15:47:23,740][com.java.SeleniumDriver] [  830] - Exception: null
[INFO ][2015-11-05 15:47:23,740][com.java.SeleniumDriver] [  836] - DataField : BTNframeDialogContent
[INFO ][2015-11-05 15:47:23,740][com.java.SeleniumDriver] [  838] - DataValue : 
[INFO ][2015-11-05 15:47:23,740][com.java.SeleniumDriver] [  844] - <In Set values of the page>
[INFO ][2015-11-05 15:47:23,740][com.java.SeleniumDriver] [  847] - {Data Fields & Data Values Exist}
[INFO ][2015-11-05 15:47:23,740][com.java.SeleniumDriver] [  849] - --------------------------setting values-----------------------------
[INFO ][2015-11-05 15:47:23,740][com.java.SeleniumDriver] [  852] - Action Type : WaitForElement
[INFO ][2015-11-05 15:47:24,941][com.java.SeleniumDriver] [  861] -  RESULT true
[INFO ][2015-11-05 15:47:24,941][com.java.SeleniumDriver] [ 1066] - ?   P A S S   ?
[INFO ][2015-11-05 15:47:24,941][com.java.SeleniumDriver] [  788] - ------------------------------------------
[INFO ][2015-11-05 15:47:24,941][com.java.SeleniumDriver] [  789] - Test case being Executed: 11
[INFO ][2015-11-05 15:47:24,941][com.java.SeleniumDriver] [  800] - Test step:57
[INFO ][2015-11-05 15:47:24,941][com.java.SeleniumDriver] [  812] - Datavalue is----------null
[DEBUG][2015-11-05 15:47:24,941][com.java.SeleniumDriver] [  830] - Exception: null
[INFO ][2015-11-05 15:47:24,941][com.java.SeleniumDriver] [  836] - DataField : BTNframeDialogContent
[INFO ][2015-11-05 15:47:24,941][com.java.SeleniumDriver] [  838] - DataValue : 
[INFO ][2015-11-05 15:47:24,941][com.java.SeleniumDriver] [  844] - <In Set values of the page>
[INFO ][2015-11-05 15:47:24,941][com.java.SeleniumDriver] [  847] - {Data Fields & Data Values Exist}
[INFO ][2015-11-05 15:47:24,941][com.java.SeleniumDriver] [  849] - --------------------------setting values-----------------------------
[INFO ][2015-11-05 15:47:24,941][com.java.SeleniumDriver] [  852] - Action Type : SelectFrame
[INFO ][2015-11-05 15:47:26,163][com.java.SeleniumDriver] [  861] -  RESULT true
[INFO ][2015-11-05 15:47:26,163][com.java.SeleniumDriver] [ 1066] - ?   P A S S   ?
[INFO ][2015-11-05 15:47:26,163][com.java.SeleniumDriver] [  788] - ------------------------------------------
[INFO ][2015-11-05 15:47:26,163][com.java.SeleniumDriver] [  789] - Test case being Executed: 11
[INFO ][2015-11-05 15:47:26,163][com.java.SeleniumDriver] [  800] - Test step:58
[INFO ][2015-11-05 15:47:26,163][com.java.SeleniumDriver] [  812] - Datavalue is----------dt:NewUserName
[INFO ][2015-11-05 15:47:26,163][com.java.SeleniumDriver] [  836] - DataField : test
[INFO ][2015-11-05 15:47:26,163][com.java.SeleniumDriver] [  838] - DataValue : dt:NewUserName
[INFO ][2015-11-05 15:47:26,163][com.java.SeleniumDriver] [  844] - <In Set values of the page>
[INFO ][2015-11-05 15:47:26,163][com.java.SeleniumDriver] [  847] - {Data Fields & Data Values Exist}
[INFO ][2015-11-05 15:47:26,163][com.java.SeleniumDriver] [  849] - --------------------------setting values-----------------------------
[INFO ][2015-11-05 15:47:26,163][com.java.SeleniumDriver] [  852] - Action Type : DelUser
[INFO ][2015-11-05 15:47:26,163][com.java.TestType] [ 3780] - value = vltest.robot
[INFO ][2015-11-05 15:47:29,613][com.java.TestType] [ 4093] - Field ::CNF
[INFO ][2015-11-05 15:47:30,963][com.java.TestType] [ 4148] - Click the object AcceptAlert
[INFO ][2015-11-05 15:47:30,963][com.java.TestType] [ 4149] - Unable to click the object AcceptAlert
[INFO ][2015-11-05 15:47:30,963][com.java.SeleniumDriver] [  861] -  RESULT true
[INFO ][2015-11-05 15:47:30,963][com.java.SeleniumDriver] [ 1066] - ?   P A S S   ?
[DEBUG][2015-11-05 15:47:30,963][com.java.SeleniumDriver] [ 1168] - Case found
[DEBUG][2015-11-05 15:47:30,963][com.java.SeleniumDriver] [ 1173] - Incrementing ReportCounters[0]:2
[INFO ][2015-11-05 15:47:30,963][com.java.SeleniumDriver] [ 1192] - The results are-------------------[11, 1, Manage Users: Add User, Pass, , Thu Nov 05 15:42:17 IST 2015, 11, 3, Manage Users: Add User, Pass, , Thu Nov 05 15:42:23 IST 2015, 11, 4, Manage Users: Add User, Pass, , Thu Nov 05 15:42:43 IST 2015, 11, 5, Manage Users: Add User, Pass, , Thu Nov 05 15:42:45 IST 2015, 11, 6, Manage Users: Add User, Pass, , Thu Nov 05 15:42:46 IST 2015, 11, 7, Manage Users: Add User, Pass, , Thu Nov 05 15:42:48 IST 2015, 11, 8, Manage Users: Add User, Pass, , Thu Nov 05 15:42:51 IST 2015, 11, 9, Manage Users: Add User, Pass, , Thu Nov 05 15:42:52 IST 2015, 11, 10, Manage Users: Add User, Pass, , Thu Nov 05 15:42:55 IST 2015, 11, 11, Manage Users: Add User, Pass, , Thu Nov 05 15:43:06 IST 2015, 11, 12, Manage Users: Add User, Pass, , Thu Nov 05 15:43:09 IST 2015, 11, 13, Manage Users: Add User, Pass, , Thu Nov 05 15:43:12 IST 2015, 11, 14, Manage Users: Add User, Pass, , Thu Nov 05 15:43:14 IST 2015, 11, 15, Manage Users: Add User, Pass, , Thu Nov 05 15:43:18 IST 2015, 11, 16, Manage Users: Add User, Pass, , Thu Nov 05 15:43:20 IST 2015, 11, 17, Manage Users: Add User, Pass, , Thu Nov 05 15:43:23 IST 2015, 11, 18, Manage Users: Add User, Pass, , Thu Nov 05 15:43:26 IST 2015, 11, 19, Manage Users: Add User, Pass, , Thu Nov 05 15:43:26 IST 2015, 11, 20, Manage Users: Add User, Pass, , Thu Nov 05 15:43:31 IST 2015, 11, 21, Manage Users: Add User, Pass, , Thu Nov 05 15:43:33 IST 2015, 11, 22, Manage Users: Add User, Pass, , Thu Nov 05 15:43:34 IST 2015, 11, 23, Manage Users: Add User, Pass, , Thu Nov 05 15:43:35 IST 2015, 11, 24, Manage Users: Add User, Pass, , Thu Nov 05 15:43:37 IST 2015, 11, 25, Manage Users: Add User, Pass, , Thu Nov 05 15:43:40 IST 2015, 11, 26, Manage Users: Add User, Pass, , Thu Nov 05 15:43:42 IST 2015, 11, 27, Manage Users: Add User, Pass, , Thu Nov 05 15:43:44 IST 2015, 11, 28, Manage Users: Add User, Pass, , Thu Nov 05 15:43:44 IST 2015, 11, 29, Manage Users: Add User, Pass, , Thu Nov 05 15:43:49 IST 2015, 11, 30, Manage Users: Add User, Pass, , Thu Nov 05 15:43:57 IST 2015, 11, 31, Manage Users: Add User, Pass, , Thu Nov 05 15:43:58 IST 2015, 11, 32, Manage Users: Add User, Pass, , Thu Nov 05 15:43:59 IST 2015, 11, 33, Manage Users: Add User, Pass, , Thu Nov 05 15:43:59 IST 2015, 11, 34, Manage Users: Add User, Pass, , Thu Nov 05 15:43:59 IST 2015, 11, 35, Manage Users: Add User, Pass, , Thu Nov 05 15:43:59 IST 2015, 11, 36, Manage Users: Add User, Pass, , Thu Nov 05 15:43:59 IST 2015, 11, 37, Manage Users: Add User, Pass, , Thu Nov 05 15:44:02 IST 2015, 11, 38, Manage Users: Add User, Pass, , Thu Nov 05 15:44:19 IST 2015, 11, 39, Valid Login, Pass, , Thu Nov 05 15:44:24 IST 2015, 11, 40, Valid Login, Pass, , Thu Nov 05 15:44:28 IST 2015, 11, 41, Valid Login, Pass, , Thu Nov 05 15:44:30 IST 2015, 11, 42, Valid Login, Pass, , Thu Nov 05 15:44:40 IST 2015, 11, 43, Valid Login, Pass, , Thu Nov 05 15:44:53 IST 2015, 11, 44, Valid Login, Pass, , Thu Nov 05 15:45:13 IST 2015, 11, 45, Valid Login, Pass, , Thu Nov 05 15:45:45 IST 2015, 11, 46, Valid Login, Pass, , Thu Nov 05 15:45:47 IST 2015, 11, 47, Valid Login, Pass, , Thu Nov 05 15:45:47 IST 2015, 11, 48, Valid Login, Pass, , Thu Nov 05 15:45:49 IST 2015, 11, 49, Valid Login, Pass, , Thu Nov 05 15:45:49 IST 2015, 11, 50, Valid Login, Pass, , Thu Nov 05 15:45:50 IST 2015, 11, 51, Valid Login, Pass, , Thu Nov 05 15:45:50 IST 2015, 11, 52, Valid Login, Pass, , Thu Nov 05 15:45:50 IST 2015, 11, 53, Manage Users: Add User, Pass, , Thu Nov 05 15:46:06 IST 2015, 11, 54, Manage Users: Add User, Pass, , Thu Nov 05 15:46:26 IST 2015, 11, 55, Manage Users: Add User, Pass, , Thu Nov 05 15:47:23 IST 2015, 11, 56, Manage Users: Add User, Pass, , Thu Nov 05 15:47:24 IST 2015, 11, 57, Manage Users: Add User, Pass, , Thu Nov 05 15:47:26 IST 2015, 11, 58, Manage Users: Add User, Pass, , Thu Nov 05 15:47:30 IST 2015]
[INFO ][2015-11-05 15:47:30,963][com.java.SeleniumDriver] [ 1196] - End time is-------7 min 9 sec
[INFO ][2015-11-05 15:47:30,963][com.java.SeleniumDriver] [ 1197] - The results are-------------------[11, 1, Manage Users: Add User, Pass, , Thu Nov 05 15:42:17 IST 2015, 11, 3, Manage Users: Add User, Pass, , Thu Nov 05 15:42:23 IST 2015, 11, 4, Manage Users: Add User, Pass, , Thu Nov 05 15:42:43 IST 2015, 11, 5, Manage Users: Add User, Pass, , Thu Nov 05 15:42:45 IST 2015, 11, 6, Manage Users: Add User, Pass, , Thu Nov 05 15:42:46 IST 2015, 11, 7, Manage Users: Add User, Pass, , Thu Nov 05 15:42:48 IST 2015, 11, 8, Manage Users: Add User, Pass, , Thu Nov 05 15:42:51 IST 2015, 11, 9, Manage Users: Add User, Pass, , Thu Nov 05 15:42:52 IST 2015, 11, 10, Manage Users: Add User, Pass, , Thu Nov 05 15:42:55 IST 2015, 11, 11, Manage Users: Add User, Pass, , Thu Nov 05 15:43:06 IST 2015, 11, 12, Manage Users: Add User, Pass, , Thu Nov 05 15:43:09 IST 2015, 11, 13, Manage Users: Add User, Pass, , Thu Nov 05 15:43:12 IST 2015, 11, 14, Manage Users: Add User, Pass, , Thu Nov 05 15:43:14 IST 2015, 11, 15, Manage Users: Add User, Pass, , Thu Nov 05 15:43:18 IST 2015, 11, 16, Manage Users: Add User, Pass, , Thu Nov 05 15:43:20 IST 2015, 11, 17, Manage Users: Add User, Pass, , Thu Nov 05 15:43:23 IST 2015, 11, 18, Manage Users: Add User, Pass, , Thu Nov 05 15:43:26 IST 2015, 11, 19, Manage Users: Add User, Pass, , Thu Nov 05 15:43:26 IST 2015, 11, 20, Manage Users: Add User, Pass, , Thu Nov 05 15:43:31 IST 2015, 11, 21, Manage Users: Add User, Pass, , Thu Nov 05 15:43:33 IST 2015, 11, 22, Manage Users: Add User, Pass, , Thu Nov 05 15:43:34 IST 2015, 11, 23, Manage Users: Add User, Pass, , Thu Nov 05 15:43:35 IST 2015, 11, 24, Manage Users: Add User, Pass, , Thu Nov 05 15:43:37 IST 2015, 11, 25, Manage Users: Add User, Pass, , Thu Nov 05 15:43:40 IST 2015, 11, 26, Manage Users: Add User, Pass, , Thu Nov 05 15:43:42 IST 2015, 11, 27, Manage Users: Add User, Pass, , Thu Nov 05 15:43:44 IST 2015, 11, 28, Manage Users: Add User, Pass, , Thu Nov 05 15:43:44 IST 2015, 11, 29, Manage Users: Add User, Pass, , Thu Nov 05 15:43:49 IST 2015, 11, 30, Manage Users: Add User, Pass, , Thu Nov 05 15:43:57 IST 2015, 11, 31, Manage Users: Add User, Pass, , Thu Nov 05 15:43:58 IST 2015, 11, 32, Manage Users: Add User, Pass, , Thu Nov 05 15:43:59 IST 2015, 11, 33, Manage Users: Add User, Pass, , Thu Nov 05 15:43:59 IST 2015, 11, 34, Manage Users: Add User, Pass, , Thu Nov 05 15:43:59 IST 2015, 11, 35, Manage Users: Add User, Pass, , Thu Nov 05 15:43:59 IST 2015, 11, 36, Manage Users: Add User, Pass, , Thu Nov 05 15:43:59 IST 2015, 11, 37, Manage Users: Add User, Pass, , Thu Nov 05 15:44:02 IST 2015, 11, 38, Manage Users: Add User, Pass, , Thu Nov 05 15:44:19 IST 2015, 11, 39, Valid Login, Pass, , Thu Nov 05 15:44:24 IST 2015, 11, 40, Valid Login, Pass, , Thu Nov 05 15:44:28 IST 2015, 11, 41, Valid Login, Pass, , Thu Nov 05 15:44:30 IST 2015, 11, 42, Valid Login, Pass, , Thu Nov 05 15:44:40 IST 2015, 11, 43, Valid Login, Pass, , Thu Nov 05 15:44:53 IST 2015, 11, 44, Valid Login, Pass, , Thu Nov 05 15:45:13 IST 2015, 11, 45, Valid Login, Pass, , Thu Nov 05 15:45:45 IST 2015, 11, 46, Valid Login, Pass, , Thu Nov 05 15:45:47 IST 2015, 11, 47, Valid Login, Pass, , Thu Nov 05 15:45:47 IST 2015, 11, 48, Valid Login, Pass, , Thu Nov 05 15:45:49 IST 2015, 11, 49, Valid Login, Pass, , Thu Nov 05 15:45:49 IST 2015, 11, 50, Valid Login, Pass, , Thu Nov 05 15:45:50 IST 2015, 11, 51, Valid Login, Pass, , Thu Nov 05 15:45:50 IST 2015, 11, 52, Valid Login, Pass, , Thu Nov 05 15:45:50 IST 2015, 11, 53, Manage Users: Add User, Pass, , Thu Nov 05 15:46:06 IST 2015, 11, 54, Manage Users: Add User, Pass, , Thu Nov 05 15:46:26 IST 2015, 11, 55, Manage Users: Add User, Pass, , Thu Nov 05 15:47:23 IST 2015, 11, 56, Manage Users: Add User, Pass, , Thu Nov 05 15:47:24 IST 2015, 11, 57, Manage Users: Add User, Pass, , Thu Nov 05 15:47:26 IST 2015, 11, 58, Manage Users: Add User, Pass, , Thu Nov 05 15:47:30 IST 2015]
[DEBUG][2015-11-05 15:47:30,963][com.java.ImportnExport.ExportTestResultsExcel] [  222] - testResultPath = D:\BankersDashboard/TestReports/Test Results_BankersDashBoard_110515_154023_IE11_Simmons First National Bank.xls
[DEBUG][2015-11-05 15:47:30,963][com.java.ImportnExport.ExportTestResultsExcel] [  223] - browser is------------IE11
[DEBUG][2015-11-05 15:47:30,963][com.java.ImportnExport.ExportTestResultsExcel] [  270] - result.size() = 342
[DEBUG][2015-11-05 15:47:30,963][com.java.ImportnExport.ExportTestResultsExcel] [  274] - No of rows in sheet=2
[DEBUG][2015-11-05 15:47:30,963][com.java.ImportnExport.ExportTestResultsExcel] [  301] - ..in export..11
[DEBUG][2015-11-05 15:47:30,963][com.java.ImportnExport.ExportTestResultsExcel] [  301] - ..in export..Manage Users: Add User
[DEBUG][2015-11-05 15:47:30,963][com.java.ImportnExport.ExportTestResultsExcel] [  301] - ..in export..Pass
[DEBUG][2015-11-05 15:47:30,963][com.java.ImportnExport.ExportTestResultsExcel] [  301] - ..in export..
[DEBUG][2015-11-05 15:47:30,963][com.java.ImportnExport.ExportTestResultsExcel] [  301] - ..in export..Thu Nov 05 15:42:17 IST 2015
[INFO ][2015-11-05 15:47:30,963][com.java.SeleniumDriver] [ 1255] - out loop:1 size:2 TestCases:[1, 11] testcases:[1, 11]
[INFO ][2015-11-05 15:47:32,964][com.java.SeleniumDriver] [ 1297] - Total Number of Cases:2
[INFO ][2015-11-05 15:47:32,964][com.java.TemplateGenerator] [  302] - Executed:2
[INFO ][2015-11-05 15:47:32,964][com.java.TemplateGenerator] [  303] - Passed:2
[INFO ][2015-11-05 15:47:32,964][com.java.TemplateGenerator] [  304] - Failed:0
[INFO ][2015-11-05 15:47:32,964][com.java.TemplateGenerator] [  305] - Skipeed:0
[INFO ][2015-11-05 15:47:32,964][com.java.TemplateGenerator] [  306] - Application URL:https://clients-xuat.bankersdashboard.com
[INFO ][2015-11-05 15:47:32,964][com.java.TemplateGenerator] [  307] - Start Time:110515_154023
[INFO ][2015-11-05 15:47:32,964][com.java.TemplateGenerator] [  308] -  Creating HTML Report 
[ERROR][2015-11-05 15:47:32,964][com.java.TemplateGenerator] [  409] - Unparseable date: "Thu Nov 05 03:40:23 IST 2015"
[INFO ][2015-11-05 15:47:32,964][com.java.TemplateGenerator] [  654] -  Exporting case :: 1
[INFO ][2015-11-05 15:47:32,964][com.java.TemplateGenerator] [  654] -  Exporting case :: 11
[INFO ][2015-11-05 15:47:32,964][com.java.SeleniumDriver] [ 1346] - End Time:110515_154732
[INFO ][2015-11-05 15:47:32,964][com.java.SeleniumDriver] [ 1349] - Data in Test Execution Details:{1=PASS, 11=PASS}
[INFO ][2015-11-05 15:47:32,964][com.java.SeleniumDriver] [ 1350] - Data in Failed Execution Deatils:{}
[INFO ][2015-11-05 15:47:32,964][com.java.SeleniumDriver] [ 1352] - ReportCounter:Total:2 :: PASS: 2 ::FAIL: 0
[INFO ][2015-11-05 15:47:32,964][com.java.SeleniumDriver] [ 1353] - FailedReportCounter:Total:0 :: PASS: 0 ::FAIL: 0
[INFO ][2015-11-05 15:47:32,965][com.java.EmailTestReport] [   63] - Sending report mail details:
[INFO ][2015-11-05 15:47:32,965][com.java.EmailTestReport] [   80] - Excel Report Path:D:\BankersDashboard/TestReports/Test Results_BankersDashBoard_110515_154023_IE11_Simmons First National Bank.xls
[INFO ][2015-11-05 15:47:32,965][com.java.EmailTestReport] [   81] - HTML Report Path:D:\BankersDashboard//TestReports//Test Results_BankersDashBoard_110515_154023_IE11_Simmons First National Bank.html
[INFO ][2015-11-05 15:47:32,965][com.java.EmailTestReport] [   82] - smtpHostName:mail01.valuelabs.com
[INFO ][2015-11-05 15:47:32,965][com.java.EmailTestReport] [   83] - Recipient:venkateswararao.gubbala@valuelabs.com
[INFO ][2015-11-05 15:47:32,965][com.java.EmailTestReport] [   84] - From:venkateswararao.gubbala@valuelabs.com
[INFO ][2015-11-05 15:47:32,965][com.java.EmailTestReport] [   85] - Subject:Deluxe Corp Bankers Dashboard Automation Test Report - Simmons First National Bank - IE11
[INFO ][2015-11-05 15:47:32,995][com.java.EmailTestReport] [  143] -  Added venkateswararao.gubbala@valuelabs.com
[INFO ][2015-11-05 15:48:01,366][com.java.SeleniumDriver] [  719] - quitting the browser 
[INFO ][2015-11-05 15:48:02,516][com.java.SeleniumDriver] [  263] - Execution Completed Stopping the thread
