[INFO ][2015-12-08 16:45:30,721][com.java.SeleniumDriver] [  213] - Execute Failed Casesfalse
[INFO ][2015-12-08 16:45:30,721][com.java.SeleniumDriver] [  214] - Browser: IE10
[INFO ][2015-12-08 16:45:30,721][com.java.SeleniumDriver] [  215] - [1, 7, 8, 9]
[INFO ][2015-12-08 16:45:30,721][com.java.SeleniumDriver] [  216] - Total TestCases:4
[INFO ][2015-12-08 16:45:30,721][com.java.SeleniumDriver] [  217] -  Reading Properties from Property File 
[DEBUG][2015-12-08 16:45:30,721][com.java.SeleniumDriver] [  238] - url : https://clients-xuat.bankersdashboard.com
[INFO ][2015-12-08 16:45:30,731][com.java.ImportnExport.ExportTestResultsExcel] [  116] - Time Stamp Tue Dec 08 04:45:30 IST 2015
[INFO ][2015-12-08 16:45:30,731][com.java.ImportnExport.ExportTestResultsExcel] [  175] - OUT FILE : D:\BankersDashboard/TestReports/Test Results_BankersDashBoard_120815_164530_IE10_CB&S Bank.xls
[INFO ][2015-12-08 16:45:30,752][com.java.ImportnExport.ExportTestResultsExcel] [  180] - Test Result file is created
[DEBUG][2015-12-08 16:45:30,852][com.java.SeleniumDriver] [  426] - Hub ip address is-------172.17.68.34
[INFO ][2015-12-08 16:45:30,862][com.java.SeleniumDriver] [  452] - Grid URL:http://172.17.68.34:4444/wd/hub
[INFO ][2015-12-08 16:45:30,862][com.java.SeleniumDriver] [  453] - Capability:Capabilities [{platform=ANY, ensureCleanSession=true, ignoreProtectedModeSettings=true, acceptSslCerts=true, ignoreZoomSetting=true, browserName=internet explorer, browserstack.ie.noFlash=true, version=null}]
[ERROR][2015-12-08 16:45:32,172][com.java.SeleniumDriver] [  497] - Unable invoke browser in grid:Could not start a new session. Possible causes are invalid address of the remote server or browser start-up failure.
Build info: version: '2.48.2', revision: '41bccdd', time: '2015-10-09 19:59:12'
System info: host: 'FVTIII438F1D', ip: '172.17.68.34', os.name: 'Windows 7', os.arch: 'x86', os.version: '6.1', java.version: '1.7.0_55'
Driver info: driver.version: SeleniumDriver
[INFO ][2015-12-08 16:45:32,172][com.java.SeleniumDriver] [  499] - Executing on local machine
[INFO ][2015-12-08 16:45:43,244][com.java.SeleniumDriver] [  248] - IE10is opened
[INFO ][2015-12-08 16:45:43,932][com.java.SeleniumDriver] [  754] - Test cases to be executed are: [1, 7, 8, 9]
[INFO ][2015-12-08 16:45:43,943][com.java.ImportnExport.ImportTestDataDetailsExcel] [   49] - test data details path===== D:\BankersDashboard\TestInputs\TestData.xls
[INFO ][2015-12-08 16:45:44,023][com.java.SeleniumDriver] [  821] - ------------------------------------------
[INFO ][2015-12-08 16:45:44,023][com.java.SeleniumDriver] [  822] - Test case being Executed: 1
[INFO ][2015-12-08 16:45:44,023][com.java.SeleniumDriver] [  833] - Test step:1
[INFO ][2015-12-08 16:45:44,023][com.java.SeleniumDriver] [  845] - Datavalue is----------Concept#1:1-16
[INFO ][2015-12-08 16:45:44,023][com.java.SeleniumDriver] [  869] - DataField : test
[INFO ][2015-12-08 16:45:44,023][com.java.SeleniumDriver] [  871] - DataValue : Concept#1:1-16
[INFO ][2015-12-08 16:45:44,023][com.java.SeleniumDriver] [  877] - <In Set values of the page>
[INFO ][2015-12-08 16:45:44,023][com.java.SeleniumDriver] [  880] - {Data Fields & Data Values Exist}
[INFO ][2015-12-08 16:45:44,023][com.java.SeleniumDriver] [  882] - --------------------------setting values-----------------------------
[INFO ][2015-12-08 16:45:44,023][com.java.SeleniumDriver] [  885] - Action Type : ExecuteTestCase
[INFO ][2015-12-08 16:45:44,043][com.java.TestType] [  436] - The Concept sheet name is ---------- Concept
[INFO ][2015-12-08 16:45:44,043][com.java.TestType] [  439] - The Concept ID  is ---------- 1
[DEBUG][2015-12-08 16:45:44,043][com.java.TestType] [  443] - Steps being executted in the Concept are: 1:16
[INFO ][2015-12-08 16:45:44,043][com.java.TestType] [  450] - Test data details path ---------- D:\BankersDashboard\TestInputs\TestData.xls
[INFO ][2015-12-08 16:45:44,073][com.java.TestType] [  481] -  str(1) = 1
[INFO ][2015-12-08 16:45:44,073][com.java.TestType] [  484] - Test case Id is---1
[INFO ][2015-12-08 16:45:44,073][com.java.TestType] [  486] - 1
[INFO ][2015-12-08 16:45:44,073][com.java.TestType] [  481] -  str(2) = 1
[INFO ][2015-12-08 16:45:44,083][com.java.TestType] [  533] - row values are--------{1=com.java.Objects.TestDataDetails@193bd72}
[INFO ][2015-12-08 16:45:44,083][com.java.TestType] [  481] -  str(1) = 1
[INFO ][2015-12-08 16:45:44,083][com.java.TestType] [  484] - Test case Id is---1
[INFO ][2015-12-08 16:45:44,083][com.java.TestType] [  486] - 1
[INFO ][2015-12-08 16:45:44,083][com.java.TestType] [  481] -  str(2) = 2
[INFO ][2015-12-08 16:45:44,083][com.java.TestType] [  533] - row values are--------{1=com.java.Objects.TestDataDetails@193bd72, 2=com.java.Objects.TestDataDetails@b62996}
[INFO ][2015-12-08 16:45:44,083][com.java.TestType] [  481] -  str(1) = 1
[INFO ][2015-12-08 16:45:44,083][com.java.TestType] [  484] - Test case Id is---1
[INFO ][2015-12-08 16:45:44,083][com.java.TestType] [  486] - 1
[INFO ][2015-12-08 16:45:44,083][com.java.TestType] [  481] -  str(2) = 3
[INFO ][2015-12-08 16:45:44,083][com.java.TestType] [  533] - row values are--------{1=com.java.Objects.TestDataDetails@193bd72, 2=com.java.Objects.TestDataDetails@b62996, 3=com.java.Objects.TestDataDetails@163780b}
[INFO ][2015-12-08 16:45:44,083][com.java.TestType] [  481] -  str(1) = 1
[INFO ][2015-12-08 16:45:44,083][com.java.TestType] [  484] - Test case Id is---1
[INFO ][2015-12-08 16:45:44,083][com.java.TestType] [  486] - 1
[INFO ][2015-12-08 16:45:44,083][com.java.TestType] [  481] -  str(2) = 4
[INFO ][2015-12-08 16:45:44,083][com.java.TestType] [  533] - row values are--------{1=com.java.Objects.TestDataDetails@193bd72, 2=com.java.Objects.TestDataDetails@b62996, 3=com.java.Objects.TestDataDetails@163780b, 4=com.java.Objects.TestDataDetails@42d6f4}
[INFO ][2015-12-08 16:45:44,083][com.java.TestType] [  481] -  str(1) = 1
[INFO ][2015-12-08 16:45:44,083][com.java.TestType] [  484] - Test case Id is---1
[INFO ][2015-12-08 16:45:44,083][com.java.TestType] [  486] - 1
[INFO ][2015-12-08 16:45:44,083][com.java.TestType] [  481] -  str(2) = 5
[INFO ][2015-12-08 16:45:44,083][com.java.TestType] [  533] - row values are--------{1=com.java.Objects.TestDataDetails@193bd72, 2=com.java.Objects.TestDataDetails@b62996, 3=com.java.Objects.TestDataDetails@163780b, 4=com.java.Objects.TestDataDetails@42d6f4, 5=com.java.Objects.TestDataDetails@1d12855}
[INFO ][2015-12-08 16:45:44,083][com.java.TestType] [  481] -  str(1) = 1
[INFO ][2015-12-08 16:45:44,083][com.java.TestType] [  484] - Test case Id is---1
[INFO ][2015-12-08 16:45:44,083][com.java.TestType] [  486] - 1
[INFO ][2015-12-08 16:45:44,083][com.java.TestType] [  481] -  str(2) = 6
[INFO ][2015-12-08 16:45:44,083][com.java.TestType] [  533] - row values are--------{1=com.java.Objects.TestDataDetails@193bd72, 2=com.java.Objects.TestDataDetails@b62996, 3=com.java.Objects.TestDataDetails@163780b, 4=com.java.Objects.TestDataDetails@42d6f4, 5=com.java.Objects.TestDataDetails@1d12855, 6=com.java.Objects.TestDataDetails@1741064}
[INFO ][2015-12-08 16:45:44,083][com.java.TestType] [  481] -  str(1) = 1
[INFO ][2015-12-08 16:45:44,083][com.java.TestType] [  484] - Test case Id is---1
[INFO ][2015-12-08 16:45:44,093][com.java.TestType] [  486] - 1
[INFO ][2015-12-08 16:45:44,093][com.java.TestType] [  481] -  str(2) = 7
[INFO ][2015-12-08 16:45:44,093][com.java.TestType] [  533] - row values are--------{1=com.java.Objects.TestDataDetails@193bd72, 2=com.java.Objects.TestDataDetails@b62996, 3=com.java.Objects.TestDataDetails@163780b, 4=com.java.Objects.TestDataDetails@42d6f4, 5=com.java.Objects.TestDataDetails@1d12855, 6=com.java.Objects.TestDataDetails@1741064, 7=com.java.Objects.TestDataDetails@121bf53}
[INFO ][2015-12-08 16:45:44,093][com.java.TestType] [  481] -  str(1) = 1
[INFO ][2015-12-08 16:45:44,093][com.java.TestType] [  484] - Test case Id is---1
[INFO ][2015-12-08 16:45:44,093][com.java.TestType] [  486] - 1
[INFO ][2015-12-08 16:45:44,093][com.java.TestType] [  481] -  str(2) = 8
[INFO ][2015-12-08 16:45:44,093][com.java.TestType] [  533] - row values are--------{1=com.java.Objects.TestDataDetails@193bd72, 2=com.java.Objects.TestDataDetails@b62996, 3=com.java.Objects.TestDataDetails@163780b, 4=com.java.Objects.TestDataDetails@42d6f4, 5=com.java.Objects.TestDataDetails@1d12855, 6=com.java.Objects.TestDataDetails@1741064, 7=com.java.Objects.TestDataDetails@121bf53, 8=com.java.Objects.TestDataDetails@1dcaa65}
[INFO ][2015-12-08 16:45:44,093][com.java.TestType] [  481] -  str(1) = 1
[INFO ][2015-12-08 16:45:44,093][com.java.TestType] [  484] - Test case Id is---1
[INFO ][2015-12-08 16:45:44,093][com.java.TestType] [  486] - 1
[INFO ][2015-12-08 16:45:44,093][com.java.TestType] [  481] -  str(2) = 9
[INFO ][2015-12-08 16:45:44,093][com.java.TestType] [  533] - row values are--------{1=com.java.Objects.TestDataDetails@193bd72, 2=com.java.Objects.TestDataDetails@b62996, 3=com.java.Objects.TestDataDetails@163780b, 4=com.java.Objects.TestDataDetails@42d6f4, 5=com.java.Objects.TestDataDetails@1d12855, 6=com.java.Objects.TestDataDetails@1741064, 7=com.java.Objects.TestDataDetails@121bf53, 8=com.java.Objects.TestDataDetails@1dcaa65, 9=com.java.Objects.TestDataDetails@39e3dd}
[INFO ][2015-12-08 16:45:44,093][com.java.TestType] [  481] -  str(1) = 1
[INFO ][2015-12-08 16:45:44,093][com.java.TestType] [  484] - Test case Id is---1
[INFO ][2015-12-08 16:45:44,093][com.java.TestType] [  486] - 1
[INFO ][2015-12-08 16:45:44,093][com.java.TestType] [  481] -  str(2) = 10
[INFO ][2015-12-08 16:45:44,093][com.java.TestType] [  533] - row values are--------{1=com.java.Objects.TestDataDetails@193bd72, 2=com.java.Objects.TestDataDetails@b62996, 3=com.java.Objects.TestDataDetails@163780b, 4=com.java.Objects.TestDataDetails@42d6f4, 5=com.java.Objects.TestDataDetails@1d12855, 6=com.java.Objects.TestDataDetails@1741064, 7=com.java.Objects.TestDataDetails@121bf53, 8=com.java.Objects.TestDataDetails@1dcaa65, 9=com.java.Objects.TestDataDetails@39e3dd, 10=com.java.Objects.TestDataDetails@10900d2}
[INFO ][2015-12-08 16:45:44,093][com.java.TestType] [  481] -  str(1) = 1
[INFO ][2015-12-08 16:45:44,093][com.java.TestType] [  484] - Test case Id is---1
[INFO ][2015-12-08 16:45:44,093][com.java.TestType] [  486] - 1
[INFO ][2015-12-08 16:45:44,093][com.java.TestType] [  481] -  str(2) = 11
[INFO ][2015-12-08 16:45:44,093][com.java.TestType] [  533] - row values are--------{1=com.java.Objects.TestDataDetails@193bd72, 2=com.java.Objects.TestDataDetails@b62996, 3=com.java.Objects.TestDataDetails@163780b, 4=com.java.Objects.TestDataDetails@42d6f4, 5=com.java.Objects.TestDataDetails@1d12855, 6=com.java.Objects.TestDataDetails@1741064, 7=com.java.Objects.TestDataDetails@121bf53, 8=com.java.Objects.TestDataDetails@1dcaa65, 9=com.java.Objects.TestDataDetails@39e3dd, 10=com.java.Objects.TestDataDetails@10900d2, 11=com.java.Objects.TestDataDetails@1768719}
[INFO ][2015-12-08 16:45:44,093][com.java.TestType] [  481] -  str(1) = 1
[INFO ][2015-12-08 16:45:44,093][com.java.TestType] [  484] - Test case Id is---1
[INFO ][2015-12-08 16:45:44,093][com.java.TestType] [  486] - 1
[INFO ][2015-12-08 16:45:44,093][com.java.TestType] [  481] -  str(2) = 12
[INFO ][2015-12-08 16:45:44,093][com.java.TestType] [  533] - row values are--------{1=com.java.Objects.TestDataDetails@193bd72, 2=com.java.Objects.TestDataDetails@b62996, 3=com.java.Objects.TestDataDetails@163780b, 4=com.java.Objects.TestDataDetails@42d6f4, 5=com.java.Objects.TestDataDetails@1d12855, 6=com.java.Objects.TestDataDetails@1741064, 7=com.java.Objects.TestDataDetails@121bf53, 8=com.java.Objects.TestDataDetails@1dcaa65, 9=com.java.Objects.TestDataDetails@39e3dd, 10=com.java.Objects.TestDataDetails@10900d2, 11=com.java.Objects.TestDataDetails@1768719, 12=com.java.Objects.TestDataDetails@1435faa}
[INFO ][2015-12-08 16:45:44,093][com.java.TestType] [  481] -  str(1) = 1
[INFO ][2015-12-08 16:45:44,093][com.java.TestType] [  484] - Test case Id is---1
[INFO ][2015-12-08 16:45:44,093][com.java.TestType] [  486] - 1
[INFO ][2015-12-08 16:45:44,093][com.java.TestType] [  481] -  str(2) = 13
[INFO ][2015-12-08 16:45:44,093][com.java.TestType] [  533] - row values are--------{1=com.java.Objects.TestDataDetails@193bd72, 2=com.java.Objects.TestDataDetails@b62996, 3=com.java.Objects.TestDataDetails@163780b, 4=com.java.Objects.TestDataDetails@42d6f4, 5=com.java.Objects.TestDataDetails@1d12855, 6=com.java.Objects.TestDataDetails@1741064, 7=com.java.Objects.TestDataDetails@121bf53, 8=com.java.Objects.TestDataDetails@1dcaa65, 9=com.java.Objects.TestDataDetails@39e3dd, 10=com.java.Objects.TestDataDetails@10900d2, 11=com.java.Objects.TestDataDetails@1768719, 12=com.java.Objects.TestDataDetails@1435faa, 13=com.java.Objects.TestDataDetails@41a9fa}
[INFO ][2015-12-08 16:45:44,093][com.java.TestType] [  481] -  str(1) = 1
[INFO ][2015-12-08 16:45:44,093][com.java.TestType] [  484] - Test case Id is---1
[INFO ][2015-12-08 16:45:44,093][com.java.TestType] [  486] - 1
[INFO ][2015-12-08 16:45:44,093][com.java.TestType] [  481] -  str(2) = 14
[INFO ][2015-12-08 16:45:44,103][com.java.TestType] [  533] - row values are--------{1=com.java.Objects.TestDataDetails@193bd72, 2=com.java.Objects.TestDataDetails@b62996, 3=com.java.Objects.TestDataDetails@163780b, 4=com.java.Objects.TestDataDetails@42d6f4, 5=com.java.Objects.TestDataDetails@1d12855, 6=com.java.Objects.TestDataDetails@1741064, 7=com.java.Objects.TestDataDetails@121bf53, 8=com.java.Objects.TestDataDetails@1dcaa65, 9=com.java.Objects.TestDataDetails@39e3dd, 10=com.java.Objects.TestDataDetails@10900d2, 11=com.java.Objects.TestDataDetails@1768719, 12=com.java.Objects.TestDataDetails@1435faa, 13=com.java.Objects.TestDataDetails@41a9fa, 14=com.java.Objects.TestDataDetails@bba1c5}
[INFO ][2015-12-08 16:45:44,103][com.java.TestType] [  481] -  str(1) = 1
[INFO ][2015-12-08 16:45:44,103][com.java.TestType] [  484] - Test case Id is---1
[INFO ][2015-12-08 16:45:44,103][com.java.TestType] [  486] - 1
[INFO ][2015-12-08 16:45:44,103][com.java.TestType] [  481] -  str(2) = 15
[INFO ][2015-12-08 16:45:44,103][com.java.TestType] [  533] - row values are--------{1=com.java.Objects.TestDataDetails@193bd72, 2=com.java.Objects.TestDataDetails@b62996, 3=com.java.Objects.TestDataDetails@163780b, 4=com.java.Objects.TestDataDetails@42d6f4, 5=com.java.Objects.TestDataDetails@1d12855, 6=com.java.Objects.TestDataDetails@1741064, 7=com.java.Objects.TestDataDetails@121bf53, 8=com.java.Objects.TestDataDetails@1dcaa65, 9=com.java.Objects.TestDataDetails@39e3dd, 10=com.java.Objects.TestDataDetails@10900d2, 11=com.java.Objects.TestDataDetails@1768719, 12=com.java.Objects.TestDataDetails@1435faa, 13=com.java.Objects.TestDataDetails@41a9fa, 14=com.java.Objects.TestDataDetails@bba1c5, 15=com.java.Objects.TestDataDetails@e31468}
[INFO ][2015-12-08 16:45:44,103][com.java.TestType] [  481] -  str(1) = 1
[INFO ][2015-12-08 16:45:44,103][com.java.TestType] [  484] - Test case Id is---1
[INFO ][2015-12-08 16:45:44,103][com.java.TestType] [  486] - 1
[INFO ][2015-12-08 16:45:44,103][com.java.TestType] [  481] -  str(2) = 16
[INFO ][2015-12-08 16:45:44,103][com.java.TestType] [  533] - row values are--------{1=com.java.Objects.TestDataDetails@193bd72, 2=com.java.Objects.TestDataDetails@b62996, 3=com.java.Objects.TestDataDetails@163780b, 4=com.java.Objects.TestDataDetails@42d6f4, 5=com.java.Objects.TestDataDetails@1d12855, 6=com.java.Objects.TestDataDetails@1741064, 7=com.java.Objects.TestDataDetails@121bf53, 8=com.java.Objects.TestDataDetails@1dcaa65, 9=com.java.Objects.TestDataDetails@39e3dd, 10=com.java.Objects.TestDataDetails@10900d2, 11=com.java.Objects.TestDataDetails@1768719, 12=com.java.Objects.TestDataDetails@1435faa, 13=com.java.Objects.TestDataDetails@41a9fa, 14=com.java.Objects.TestDataDetails@bba1c5, 15=com.java.Objects.TestDataDetails@e31468, 16=com.java.Objects.TestDataDetails@16a39df}
[INFO ][2015-12-08 16:45:44,103][com.java.TestType] [ 9982] - Looping 1TCID = 1
[DEBUG][2015-12-08 16:45:44,103][com.java.TestType] [10023] - Concept ID:1 :: Step being Executed: 1::1
[INFO ][2015-12-08 16:45:44,103][com.java.TestType] [10061] - dataFields : TXTusername
[DEBUG][2015-12-08 16:45:44,103][com.java.TestType] [10067] - <In Set values of the page>
[DEBUG][2015-12-08 16:45:44,103][com.java.TestType] [10072] - {Data Fields & Data Values Exist}
[INFO ][2015-12-08 16:45:44,103][com.java.TestType] [10078] - --------------------------setting values-----------------------------
[INFO ][2015-12-08 16:45:44,103][com.java.TestType] [10081] - Action Type : CLEARANDENTER
[INFO ][2015-12-08 16:45:44,103][com.java.TestType] [ 5446] - value = valuelabs.ie10.15310
[INFO ][2015-12-08 16:45:49,058][com.java.TestType] [10100] -  RESULT true
[INFO ][2015-12-08 16:45:49,058][com.java.TestType] [10217] - ?   P A S S   ?
[DEBUG][2015-12-08 16:45:49,058][com.java.TestType] [10023] - Concept ID:1 :: Step being Executed: 1::2
[INFO ][2015-12-08 16:45:49,058][com.java.TestType] [10061] - dataFields : TXTpassword
[DEBUG][2015-12-08 16:45:49,058][com.java.TestType] [10067] - <In Set values of the page>
[DEBUG][2015-12-08 16:45:49,058][com.java.TestType] [10072] - {Data Fields & Data Values Exist}
[INFO ][2015-12-08 16:45:49,058][com.java.TestType] [10078] - --------------------------setting values-----------------------------
[INFO ][2015-12-08 16:45:49,058][com.java.TestType] [10081] - Action Type : CLEARANDENTER
[INFO ][2015-12-08 16:45:49,058][com.java.TestType] [ 5446] - value = Password1*
[INFO ][2015-12-08 16:45:53,955][com.java.TestType] [10100] -  RESULT true
[INFO ][2015-12-08 16:45:53,955][com.java.TestType] [10217] - ?   P A S S   ?
[DEBUG][2015-12-08 16:45:53,955][com.java.TestType] [10023] - Concept ID:1 :: Step being Executed: 1::3
[ERROR][2015-12-08 16:45:53,955][com.java.TestType] [10056] - Exception: null
[INFO ][2015-12-08 16:45:53,955][com.java.TestType] [10061] - dataFields : XPH//button[@type='submit']
[DEBUG][2015-12-08 16:45:53,955][com.java.TestType] [10067] - <In Set values of the page>
[DEBUG][2015-12-08 16:45:53,955][com.java.TestType] [10072] - {Data Fields & Data Values Exist}
[INFO ][2015-12-08 16:45:53,955][com.java.TestType] [10078] - --------------------------setting values-----------------------------
[INFO ][2015-12-08 16:45:53,955][com.java.TestType] [10081] - Action Type : Click
[INFO ][2015-12-08 16:45:53,955][com.java.TestType] [ 5774] - Field ::XPH//button[@type='submit']
[INFO ][2015-12-08 16:45:54,955][com.java.TestType] [ 5868] - BEFORE CLICK
[INFO ][2015-12-08 16:45:55,807][com.java.TestType] [ 5876] - Unable to click the object Login
[INFO ][2015-12-08 16:45:55,807][com.java.TestType] [10100] -  RESULT true
[INFO ][2015-12-08 16:45:55,807][com.java.TestType] [10217] - ?   P A S S   ?
[DEBUG][2015-12-08 16:45:55,807][com.java.TestType] [10023] - Concept ID:1 :: Step being Executed: 1::4
[INFO ][2015-12-08 16:45:55,807][com.java.TestType] [10061] - dataFields : LNKLogout
[DEBUG][2015-12-08 16:45:55,807][com.java.TestType] [10067] - <In Set values of the page>
[DEBUG][2015-12-08 16:45:55,807][com.java.TestType] [10072] - {Data Fields & Data Values Exist}
[INFO ][2015-12-08 16:45:55,807][com.java.TestType] [10078] - --------------------------setting values-----------------------------
[INFO ][2015-12-08 16:45:55,807][com.java.TestType] [10081] - Action Type : WaitForElement
[INFO ][2015-12-08 16:46:00,923][com.java.TestType] [10100] -  RESULT true
[INFO ][2015-12-08 16:46:00,923][com.java.TestType] [10217] - ?   P A S S   ?
[DEBUG][2015-12-08 16:46:00,923][com.java.TestType] [10023] - Concept ID:1 :: Step being Executed: 1::15
[INFO ][2015-12-08 16:46:00,923][com.java.TestType] [10061] - dataFields : LNK
[DEBUG][2015-12-08 16:46:00,923][com.java.TestType] [10067] - <In Set values of the page>
[DEBUG][2015-12-08 16:46:00,923][com.java.TestType] [10072] - {Data Fields & Data Values Exist}
[INFO ][2015-12-08 16:46:00,923][com.java.TestType] [10078] - --------------------------setting values-----------------------------
[INFO ][2015-12-08 16:46:00,923][com.java.TestType] [10081] - Action Type : Verify
[INFO ][2015-12-08 16:46:00,923][com.java.TestType] [ 6674] - field= LNK value= Logout
[INFO ][2015-12-08 16:46:00,923][com.java.TestType] [ 5446] - value = Logout
[INFO ][2015-12-08 16:46:00,954][com.java.TestType] [10100] -  RESULT true
[INFO ][2015-12-08 16:46:00,954][com.java.TestType] [10217] - ?   P A S S   ?
[DEBUG][2015-12-08 16:46:00,954][com.java.TestType] [10023] - Concept ID:1 :: Step being Executed: 1::16
[INFO ][2015-12-08 16:46:00,954][com.java.TestType] [10061] - dataFields : BTN
[DEBUG][2015-12-08 16:46:00,954][com.java.TestType] [10067] - <In Set values of the page>
[DEBUG][2015-12-08 16:46:00,954][com.java.TestType] [10072] - {Data Fields & Data Values Exist}
[INFO ][2015-12-08 16:46:00,954][com.java.TestType] [10078] - --------------------------setting values-----------------------------
[INFO ][2015-12-08 16:46:00,954][com.java.TestType] [10081] - Action Type : Verify
[INFO ][2015-12-08 16:46:00,954][com.java.TestType] [ 6674] - field= BTN value= //img[contains(@src,'bdlogo.jpg')]
[INFO ][2015-12-08 16:46:00,954][com.java.TestType] [ 5446] - value = //img[contains(@src,'bdlogo.jpg')]
[INFO ][2015-12-08 16:46:01,127][com.java.TestType] [10100] -  RESULT true
[INFO ][2015-12-08 16:46:01,127][com.java.TestType] [10217] - ?   P A S S   ?
[INFO ][2015-12-08 16:46:01,127][com.java.TestType] [10288] - Looping End......
[INFO ][2015-12-08 16:46:01,147][com.java.SeleniumDriver] [  894] -  RESULT true
[INFO ][2015-12-08 16:46:01,147][com.java.SeleniumDriver] [ 1100] - ?   P A S S   ?
[INFO ][2015-12-08 16:46:01,147][com.java.SeleniumDriver] [  821] - ------------------------------------------
[INFO ][2015-12-08 16:46:01,147][com.java.SeleniumDriver] [  822] - Test case being Executed: 1
[INFO ][2015-12-08 16:46:01,147][com.java.SeleniumDriver] [  833] - Test step:2
[INFO ][2015-12-08 16:46:01,147][com.java.SeleniumDriver] [  845] - Datavalue is----------Concept#2:1-2
[INFO ][2015-12-08 16:46:01,147][com.java.SeleniumDriver] [  869] - DataField : test
[INFO ][2015-12-08 16:46:01,147][com.java.SeleniumDriver] [  871] - DataValue : Concept#2:1-2
[INFO ][2015-12-08 16:46:01,147][com.java.SeleniumDriver] [  877] - <In Set values of the page>
[INFO ][2015-12-08 16:46:01,147][com.java.SeleniumDriver] [  880] - {Data Fields & Data Values Exist}
[INFO ][2015-12-08 16:46:01,147][com.java.SeleniumDriver] [  882] - --------------------------setting values-----------------------------
[INFO ][2015-12-08 16:46:01,147][com.java.SeleniumDriver] [  885] - Action Type : ExecuteTestCase
[INFO ][2015-12-08 16:46:01,147][com.java.TestType] [  436] - The Concept sheet name is ---------- Concept
[INFO ][2015-12-08 16:46:01,147][com.java.TestType] [  439] - The Concept ID  is ---------- 2
[DEBUG][2015-12-08 16:46:01,147][com.java.TestType] [  443] - Steps being executted in the Concept are: 1:2
[INFO ][2015-12-08 16:46:01,147][com.java.TestType] [  450] - Test data details path ---------- D:\BankersDashboard\TestInputs\TestData.xls
[INFO ][2015-12-08 16:46:01,177][com.java.TestType] [  481] -  str(1) = 2
[INFO ][2015-12-08 16:46:01,177][com.java.TestType] [  484] - Test case Id is---2
[INFO ][2015-12-08 16:46:01,177][com.java.TestType] [  486] - 2
[INFO ][2015-12-08 16:46:01,177][com.java.TestType] [  481] -  str(2) = 1
[INFO ][2015-12-08 16:46:01,177][com.java.TestType] [  533] - row values are--------{1=com.java.Objects.TestDataDetails@5202b8}
[INFO ][2015-12-08 16:46:01,177][com.java.TestType] [  481] -  str(1) = 2
[INFO ][2015-12-08 16:46:01,177][com.java.TestType] [  484] - Test case Id is---2
[INFO ][2015-12-08 16:46:01,177][com.java.TestType] [  486] - 2
[INFO ][2015-12-08 16:46:01,177][com.java.TestType] [  481] -  str(2) = 2
[INFO ][2015-12-08 16:46:01,177][com.java.TestType] [  533] - row values are--------{1=com.java.Objects.TestDataDetails@5202b8, 2=com.java.Objects.TestDataDetails@1a16e2f}
[INFO ][2015-12-08 16:46:01,177][com.java.TestType] [  481] -  str(1) = 2
[INFO ][2015-12-08 16:46:01,177][com.java.TestType] [  484] - Test case Id is---2
[INFO ][2015-12-08 16:46:01,177][com.java.TestType] [  486] - 2
[INFO ][2015-12-08 16:46:01,177][com.java.TestType] [  481] -  str(2) = 3
[INFO ][2015-12-08 16:46:01,177][com.java.TestType] [  533] - row values are--------{1=com.java.Objects.TestDataDetails@5202b8, 2=com.java.Objects.TestDataDetails@1a16e2f, 3=com.java.Objects.TestDataDetails@16aee91}
[INFO ][2015-12-08 16:46:01,177][com.java.TestType] [ 9982] - Looping 1TCID = 2
[DEBUG][2015-12-08 16:46:01,177][com.java.TestType] [10023] - Concept ID:2 :: Step being Executed: 2::1
[INFO ][2015-12-08 16:46:01,177][com.java.TestType] [10061] - dataFields : BNK//select[@id='bank']
[DEBUG][2015-12-08 16:46:01,177][com.java.TestType] [10067] - <In Set values of the page>
[DEBUG][2015-12-08 16:46:01,177][com.java.TestType] [10072] - {Data Fields & Data Values Exist}
[INFO ][2015-12-08 16:46:01,177][com.java.TestType] [10078] - --------------------------setting values-----------------------------
[INFO ][2015-12-08 16:46:01,177][com.java.TestType] [10081] - Action Type : Select
[INFO ][2015-12-08 16:46:01,177][com.java.TestType] [ 5446] - value = PFC
[INFO ][2015-12-08 16:46:01,442][com.java.TestType] [10100] -  RESULT true
[INFO ][2015-12-08 16:46:01,442][com.java.TestType] [10217] - ?   P A S S   ?
[DEBUG][2015-12-08 16:46:01,442][com.java.TestType] [10023] - Concept ID:2 :: Step being Executed: 2::2
[INFO ][2015-12-08 16:46:01,442][com.java.TestType] [10061] - dataFields : LNKLogout
[DEBUG][2015-12-08 16:46:01,442][com.java.TestType] [10067] - <In Set values of the page>
[DEBUG][2015-12-08 16:46:01,442][com.java.TestType] [10072] - {Data Fields & Data Values Exist}
[INFO ][2015-12-08 16:46:01,442][com.java.TestType] [10078] - --------------------------setting values-----------------------------
[INFO ][2015-12-08 16:46:01,442][com.java.TestType] [10081] - Action Type : WaitTime
[DEBUG][2015-12-08 16:46:01,442][com.java.TestType] [ 5266] - sleepTime: 5000
[INFO ][2015-12-08 16:46:06,449][com.java.TestType] [10100] -  RESULT true
[INFO ][2015-12-08 16:46:06,449][com.java.TestType] [10217] - ?   P A S S   ?
[INFO ][2015-12-08 16:46:06,449][com.java.TestType] [10288] - Looping End......
[INFO ][2015-12-08 16:46:06,449][com.java.SeleniumDriver] [  894] -  RESULT true
[INFO ][2015-12-08 16:46:06,449][com.java.SeleniumDriver] [ 1100] - ?   P A S S   ?
[INFO ][2015-12-08 16:46:06,449][com.java.SeleniumDriver] [  821] - ------------------------------------------
[INFO ][2015-12-08 16:46:06,449][com.java.SeleniumDriver] [  822] - Test case being Executed: 1
[INFO ][2015-12-08 16:46:06,449][com.java.SeleniumDriver] [  833] - Test step:3
[INFO ][2015-12-08 16:46:06,449][com.java.SeleniumDriver] [  845] - Datavalue is----------2
[INFO ][2015-12-08 16:46:06,449][com.java.SeleniumDriver] [  869] - DataField : XPH//button[contains(text(),'Add Content')]
[INFO ][2015-12-08 16:46:06,449][com.java.SeleniumDriver] [  871] - DataValue : 2
[INFO ][2015-12-08 16:46:06,449][com.java.SeleniumDriver] [  877] - <In Set values of the page>
[INFO ][2015-12-08 16:46:06,449][com.java.SeleniumDriver] [  880] - {Data Fields & Data Values Exist}
[INFO ][2015-12-08 16:46:06,449][com.java.SeleniumDriver] [  882] - --------------------------setting values-----------------------------
[INFO ][2015-12-08 16:46:06,449][com.java.SeleniumDriver] [  885] - Action Type : WAITFORELEMENT
[INFO ][2015-12-08 16:46:06,490][com.java.SeleniumDriver] [  894] -  RESULT true
[INFO ][2015-12-08 16:46:06,490][com.java.SeleniumDriver] [ 1100] - ?   P A S S   ?
[DEBUG][2015-12-08 16:46:06,490][com.java.SeleniumDriver] [ 1212] - Case found
[DEBUG][2015-12-08 16:46:06,490][com.java.SeleniumDriver] [ 1217] - Incrementing ReportCounters[0]:1
[INFO ][2015-12-08 16:46:06,490][com.java.SeleniumDriver] [ 1236] - The results are-------------------[1, 1, Valid Login, Pass, , Tue Dec 08 16:46:01 IST 2015, 1, 2, Valid Login, Pass, , Tue Dec 08 16:46:06 IST 2015, 1, 3, Valid Login, Pass, , Tue Dec 08 16:46:06 IST 2015]
[INFO ][2015-12-08 16:46:06,490][com.java.SeleniumDriver] [ 1240] - End time is-------37 sec
[INFO ][2015-12-08 16:46:06,490][com.java.SeleniumDriver] [ 1241] - The results are-------------------[1, 1, Valid Login, Pass, , Tue Dec 08 16:46:01 IST 2015, 1, 2, Valid Login, Pass, , Tue Dec 08 16:46:06 IST 2015, 1, 3, Valid Login, Pass, , Tue Dec 08 16:46:06 IST 2015]
[DEBUG][2015-12-08 16:46:06,490][com.java.ImportnExport.ExportTestResultsExcel] [  222] - testResultPath = D:\BankersDashboard/TestReports/Test Results_BankersDashBoard_120815_164530_IE10_CB&S Bank.xls
[DEBUG][2015-12-08 16:46:06,490][com.java.ImportnExport.ExportTestResultsExcel] [  223] - browser is------------IE10
[DEBUG][2015-12-08 16:46:06,530][com.java.ImportnExport.ExportTestResultsExcel] [  270] - result.size() = 18
[DEBUG][2015-12-08 16:46:06,530][com.java.ImportnExport.ExportTestResultsExcel] [  274] - No of rows in sheet=1
[DEBUG][2015-12-08 16:46:06,530][com.java.ImportnExport.ExportTestResultsExcel] [  301] - ..in export..1
[DEBUG][2015-12-08 16:46:06,530][com.java.ImportnExport.ExportTestResultsExcel] [  301] - ..in export..Valid Login
[DEBUG][2015-12-08 16:46:06,530][com.java.ImportnExport.ExportTestResultsExcel] [  301] - ..in export..Pass
[DEBUG][2015-12-08 16:46:06,530][com.java.ImportnExport.ExportTestResultsExcel] [  301] - ..in export..
[DEBUG][2015-12-08 16:46:06,530][com.java.ImportnExport.ExportTestResultsExcel] [  301] - ..in export..Tue Dec 08 16:46:01 IST 2015
[INFO ][2015-12-08 16:46:06,540][com.java.SeleniumDriver] [ 1299] - out loop:0 size:4 TestCases:[1, 7, 8, 9] testcases:[1, 7, 8, 9]
[INFO ][2015-12-08 16:46:06,540][com.java.ImportnExport.ImportTestDataDetailsExcel] [   49] - test data details path===== D:\BankersDashboard\TestInputs\TestData.xls
[INFO ][2015-12-08 16:46:24,502][com.java.SeleniumDriver] [  821] - ------------------------------------------
[INFO ][2015-12-08 16:46:24,502][com.java.SeleniumDriver] [  822] - Test case being Executed: 7
[INFO ][2015-12-08 16:46:24,502][com.java.SeleniumDriver] [  833] - Test step:1
[INFO ][2015-12-08 16:46:24,502][com.java.SeleniumDriver] [  845] - Datavalue is----------Logout
[INFO ][2015-12-08 16:46:24,502][com.java.SeleniumDriver] [  869] - DataField : BTN
[INFO ][2015-12-08 16:46:24,502][com.java.SeleniumDriver] [  871] - DataValue : Logout
[INFO ][2015-12-08 16:46:24,502][com.java.SeleniumDriver] [  877] - <In Set values of the page>
[INFO ][2015-12-08 16:46:24,502][com.java.SeleniumDriver] [  880] - {Data Fields & Data Values Exist}
[INFO ][2015-12-08 16:46:24,502][com.java.SeleniumDriver] [  882] - --------------------------setting values-----------------------------
[INFO ][2015-12-08 16:46:24,502][com.java.SeleniumDriver] [  885] - Action Type : Verify
[INFO ][2015-12-08 16:46:24,502][com.java.TestType] [ 6674] - field= BTN value= Logout
[INFO ][2015-12-08 16:46:24,502][com.java.TestType] [ 5446] - value = Logout
[INFO ][2015-12-08 16:46:24,563][com.java.SeleniumDriver] [  894] -  RESULT true
[INFO ][2015-12-08 16:46:24,563][com.java.SeleniumDriver] [ 1100] - ?   P A S S   ?
[INFO ][2015-12-08 16:46:24,563][com.java.SeleniumDriver] [ 1142] - step change to 3
[INFO ][2015-12-08 16:46:24,563][com.java.SeleniumDriver] [  821] - ------------------------------------------
[INFO ][2015-12-08 16:46:24,563][com.java.SeleniumDriver] [  822] - Test case being Executed: 7
[INFO ][2015-12-08 16:46:24,563][com.java.SeleniumDriver] [  833] - Test step:3
[INFO ][2015-12-08 16:46:24,563][com.java.SeleniumDriver] [  845] - Datavalue is----------Concept#2:1-2
[INFO ][2015-12-08 16:46:24,563][com.java.SeleniumDriver] [  869] - DataField : test
[INFO ][2015-12-08 16:46:24,563][com.java.SeleniumDriver] [  871] - DataValue : Concept#2:1-2
[INFO ][2015-12-08 16:46:24,563][com.java.SeleniumDriver] [  877] - <In Set values of the page>
[INFO ][2015-12-08 16:46:24,563][com.java.SeleniumDriver] [  880] - {Data Fields & Data Values Exist}
[INFO ][2015-12-08 16:46:24,563][com.java.SeleniumDriver] [  882] - --------------------------setting values-----------------------------
[INFO ][2015-12-08 16:46:24,563][com.java.SeleniumDriver] [  885] - Action Type : ExecuteTestCase
[INFO ][2015-12-08 16:46:24,563][com.java.TestType] [  436] - The Concept sheet name is ---------- Concept
[INFO ][2015-12-08 16:46:24,563][com.java.TestType] [  439] - The Concept ID  is ---------- 2
[DEBUG][2015-12-08 16:46:24,563][com.java.TestType] [  443] - Steps being executted in the Concept are: 1:2
[INFO ][2015-12-08 16:46:24,563][com.java.TestType] [  450] - Test data details path ---------- D:\BankersDashboard\TestInputs\TestData.xls
[INFO ][2015-12-08 16:46:24,593][com.java.TestType] [  481] -  str(1) = 2
[INFO ][2015-12-08 16:46:24,593][com.java.TestType] [  484] - Test case Id is---2
[INFO ][2015-12-08 16:46:24,593][com.java.TestType] [  486] - 2
[INFO ][2015-12-08 16:46:24,593][com.java.TestType] [  481] -  str(2) = 1
[INFO ][2015-12-08 16:46:24,593][com.java.TestType] [  533] - row values are--------{1=com.java.Objects.TestDataDetails@1882b7d}
[INFO ][2015-12-08 16:46:24,593][com.java.TestType] [  481] -  str(1) = 2
[INFO ][2015-12-08 16:46:24,593][com.java.TestType] [  484] - Test case Id is---2
[INFO ][2015-12-08 16:46:24,593][com.java.TestType] [  486] - 2
[INFO ][2015-12-08 16:46:24,593][com.java.TestType] [  481] -  str(2) = 2
[INFO ][2015-12-08 16:46:24,593][com.java.TestType] [  533] - row values are--------{1=com.java.Objects.TestDataDetails@1882b7d, 2=com.java.Objects.TestDataDetails@14352d6}
[INFO ][2015-12-08 16:46:24,593][com.java.TestType] [  481] -  str(1) = 2
[INFO ][2015-12-08 16:46:24,593][com.java.TestType] [  484] - Test case Id is---2
[INFO ][2015-12-08 16:46:24,593][com.java.TestType] [  486] - 2
[INFO ][2015-12-08 16:46:24,593][com.java.TestType] [  481] -  str(2) = 3
[INFO ][2015-12-08 16:46:24,593][com.java.TestType] [  533] - row values are--------{1=com.java.Objects.TestDataDetails@1882b7d, 2=com.java.Objects.TestDataDetails@14352d6, 3=com.java.Objects.TestDataDetails@92abdf}
[INFO ][2015-12-08 16:46:24,593][com.java.TestType] [ 9982] - Looping 1TCID = 2
[DEBUG][2015-12-08 16:46:24,593][com.java.TestType] [10023] - Concept ID:2 :: Step being Executed: 2::1
[INFO ][2015-12-08 16:46:24,593][com.java.TestType] [10061] - dataFields : BNK//select[@id='bank']
[DEBUG][2015-12-08 16:46:24,593][com.java.TestType] [10067] - <In Set values of the page>
[DEBUG][2015-12-08 16:46:24,593][com.java.TestType] [10072] - {Data Fields & Data Values Exist}
[INFO ][2015-12-08 16:46:24,593][com.java.TestType] [10078] - --------------------------setting values-----------------------------
[INFO ][2015-12-08 16:46:24,593][com.java.TestType] [10081] - Action Type : Select
[INFO ][2015-12-08 16:46:24,593][com.java.TestType] [ 5446] - value = PFC
[INFO ][2015-12-08 16:46:24,793][com.java.TestType] [10100] -  RESULT true
[INFO ][2015-12-08 16:46:24,793][com.java.TestType] [10217] - ?   P A S S   ?
[DEBUG][2015-12-08 16:46:24,793][com.java.TestType] [10023] - Concept ID:2 :: Step being Executed: 2::2
[INFO ][2015-12-08 16:46:24,793][com.java.TestType] [10061] - dataFields : LNKLogout
[DEBUG][2015-12-08 16:46:24,793][com.java.TestType] [10067] - <In Set values of the page>
[DEBUG][2015-12-08 16:46:24,793][com.java.TestType] [10072] - {Data Fields & Data Values Exist}
[INFO ][2015-12-08 16:46:24,793][com.java.TestType] [10078] - --------------------------setting values-----------------------------
[INFO ][2015-12-08 16:46:24,793][com.java.TestType] [10081] - Action Type : WaitTime
[DEBUG][2015-12-08 16:46:24,793][com.java.TestType] [ 5266] - sleepTime: 5000
[INFO ][2015-12-08 16:46:29,794][com.java.TestType] [10100] -  RESULT true
[INFO ][2015-12-08 16:46:29,794][com.java.TestType] [10217] - ?   P A S S   ?
[INFO ][2015-12-08 16:46:29,794][com.java.TestType] [10288] - Looping End......
[INFO ][2015-12-08 16:46:29,794][com.java.SeleniumDriver] [  894] -  RESULT true
[INFO ][2015-12-08 16:46:29,794][com.java.SeleniumDriver] [ 1100] - ?   P A S S   ?
[INFO ][2015-12-08 16:46:29,794][com.java.SeleniumDriver] [  821] - ------------------------------------------
[INFO ][2015-12-08 16:46:29,794][com.java.SeleniumDriver] [  822] - Test case being Executed: 7
[INFO ][2015-12-08 16:46:29,794][com.java.SeleniumDriver] [  833] - Test step:4
[INFO ][2015-12-08 16:46:29,794][com.java.SeleniumDriver] [  845] - Datavalue is----------null
[DEBUG][2015-12-08 16:46:29,794][com.java.SeleniumDriver] [  863] - Exception: null
[INFO ][2015-12-08 16:46:29,794][com.java.SeleniumDriver] [  869] - DataField : //span[@class='icon-stats']&&//a[@data-id="Forecasting"]
[INFO ][2015-12-08 16:46:29,794][com.java.SeleniumDriver] [  871] - DataValue : 
[INFO ][2015-12-08 16:46:29,794][com.java.SeleniumDriver] [  877] - <In Set values of the page>
[INFO ][2015-12-08 16:46:29,794][com.java.SeleniumDriver] [  880] - {Data Fields & Data Values Exist}
[INFO ][2015-12-08 16:46:29,794][com.java.SeleniumDriver] [  882] - --------------------------setting values-----------------------------
[INFO ][2015-12-08 16:46:29,794][com.java.SeleniumDriver] [  885] - Action Type : MOUSEOVER
[INFO ][2015-12-08 16:46:49,616][com.java.SeleniumDriver] [  894] -  RESULT true
[INFO ][2015-12-08 16:46:49,616][com.java.SeleniumDriver] [ 1100] - ?   P A S S   ?
[INFO ][2015-12-08 16:46:49,616][com.java.SeleniumDriver] [  821] - ------------------------------------------
[INFO ][2015-12-08 16:46:49,616][com.java.SeleniumDriver] [  822] - Test case being Executed: 7
[INFO ][2015-12-08 16:46:49,616][com.java.SeleniumDriver] [  833] - Test step:5
[INFO ][2015-12-08 16:46:49,616][com.java.SeleniumDriver] [  845] - Datavalue is----------5
[INFO ][2015-12-08 16:46:49,616][com.java.SeleniumDriver] [  869] - DataField : null
[INFO ][2015-12-08 16:46:49,616][com.java.SeleniumDriver] [  871] - DataValue : 5
[INFO ][2015-12-08 16:46:49,616][com.java.SeleniumDriver] [  877] - <In Set values of the page>
[INFO ][2015-12-08 16:46:49,616][com.java.SeleniumDriver] [  880] - {Data Fields & Data Values Exist}
[INFO ][2015-12-08 16:46:49,616][com.java.SeleniumDriver] [  882] - --------------------------setting values-----------------------------
[INFO ][2015-12-08 16:46:49,616][com.java.SeleniumDriver] [  885] - Action Type : WAITTIME
[DEBUG][2015-12-08 16:46:49,616][com.java.TestType] [ 5266] - sleepTime: 5000
[INFO ][2015-12-08 16:46:54,617][com.java.SeleniumDriver] [  894] -  RESULT true
[INFO ][2015-12-08 16:46:54,617][com.java.SeleniumDriver] [ 1100] - ?   P A S S   ?
[INFO ][2015-12-08 16:46:54,617][com.java.SeleniumDriver] [  821] - ------------------------------------------
[INFO ][2015-12-08 16:46:54,617][com.java.SeleniumDriver] [  822] - Test case being Executed: 7
[INFO ][2015-12-08 16:46:54,617][com.java.SeleniumDriver] [  833] - Test step:6
[INFO ][2015-12-08 16:46:54,617][com.java.SeleniumDriver] [  845] - Datavalue is----------Forecasting 
[INFO ][2015-12-08 16:46:54,617][com.java.SeleniumDriver] [  869] - DataField : TTL
[INFO ][2015-12-08 16:46:54,617][com.java.SeleniumDriver] [  871] - DataValue : Forecasting 
[INFO ][2015-12-08 16:46:54,617][com.java.SeleniumDriver] [  877] - <In Set values of the page>
[INFO ][2015-12-08 16:46:54,617][com.java.SeleniumDriver] [  880] - {Data Fields & Data Values Exist}
[INFO ][2015-12-08 16:46:54,617][com.java.SeleniumDriver] [  882] - --------------------------setting values-----------------------------
[INFO ][2015-12-08 16:46:54,617][com.java.SeleniumDriver] [  885] - Action Type : SELECTWINDOW
[INFO ][2015-12-08 16:47:07,169][com.java.SeleniumDriver] [  894] -  RESULT true
[INFO ][2015-12-08 16:47:07,169][com.java.SeleniumDriver] [ 1100] - ?   P A S S   ?
[INFO ][2015-12-08 16:47:07,169][com.java.SeleniumDriver] [  821] - ------------------------------------------
[INFO ][2015-12-08 16:47:07,169][com.java.SeleniumDriver] [  822] - Test case being Executed: 7
[INFO ][2015-12-08 16:47:07,169][com.java.SeleniumDriver] [  833] - Test step:7
[INFO ][2015-12-08 16:47:07,169][com.java.SeleniumDriver] [  845] - Datavalue is----------null
[DEBUG][2015-12-08 16:47:07,169][com.java.SeleniumDriver] [  863] - Exception: null
[INFO ][2015-12-08 16:47:07,169][com.java.SeleniumDriver] [  869] - DataField : BTNframeDialogContent
[INFO ][2015-12-08 16:47:07,169][com.java.SeleniumDriver] [  871] - DataValue : 
[INFO ][2015-12-08 16:47:07,169][com.java.SeleniumDriver] [  877] - <In Set values of the page>
[INFO ][2015-12-08 16:47:07,169][com.java.SeleniumDriver] [  880] - {Data Fields & Data Values Exist}
[INFO ][2015-12-08 16:47:07,169][com.java.SeleniumDriver] [  882] - --------------------------setting values-----------------------------
[INFO ][2015-12-08 16:47:07,169][com.java.SeleniumDriver] [  885] - Action Type : SELECTFRAME
[INFO ][2015-12-08 16:47:08,290][com.java.SeleniumDriver] [  894] -  RESULT true
[INFO ][2015-12-08 16:47:08,290][com.java.SeleniumDriver] [ 1100] - ?   P A S S   ?
[INFO ][2015-12-08 16:47:08,290][com.java.SeleniumDriver] [  821] - ------------------------------------------
[INFO ][2015-12-08 16:47:08,290][com.java.SeleniumDriver] [  822] - Test case being Executed: 7
[INFO ][2015-12-08 16:47:08,290][com.java.SeleniumDriver] [  833] - Test step:8
[INFO ][2015-12-08 16:47:08,290][com.java.SeleniumDriver] [  845] - Datavalue is----------10
[INFO ][2015-12-08 16:47:08,290][com.java.SeleniumDriver] [  869] - DataField : DSPddlProjects
[INFO ][2015-12-08 16:47:08,290][com.java.SeleniumDriver] [  871] - DataValue : 10
[INFO ][2015-12-08 16:47:08,290][com.java.SeleniumDriver] [  877] - <In Set values of the page>
[INFO ][2015-12-08 16:47:08,290][com.java.SeleniumDriver] [  880] - {Data Fields & Data Values Exist}
[INFO ][2015-12-08 16:47:08,290][com.java.SeleniumDriver] [  882] - --------------------------setting values-----------------------------
[INFO ][2015-12-08 16:47:08,290][com.java.SeleniumDriver] [  885] - Action Type : WAITFORELEMENT
[INFO ][2015-12-08 16:47:09,391][com.java.SeleniumDriver] [  894] -  RESULT true
[INFO ][2015-12-08 16:47:09,391][com.java.SeleniumDriver] [ 1100] - ?   P A S S   ?
[INFO ][2015-12-08 16:47:09,391][com.java.SeleniumDriver] [  821] - ------------------------------------------
[INFO ][2015-12-08 16:47:09,391][com.java.SeleniumDriver] [  822] - Test case being Executed: 7
[INFO ][2015-12-08 16:47:09,391][com.java.SeleniumDriver] [  833] - Test step:9
[INFO ][2015-12-08 16:47:09,391][com.java.SeleniumDriver] [  845] - Datavalue is----------index:1
[INFO ][2015-12-08 16:47:09,391][com.java.SeleniumDriver] [  869] - DataField : COBddlProjects
[INFO ][2015-12-08 16:47:09,391][com.java.SeleniumDriver] [  871] - DataValue : index:1
[INFO ][2015-12-08 16:47:09,391][com.java.SeleniumDriver] [  877] - <In Set values of the page>
[INFO ][2015-12-08 16:47:09,391][com.java.SeleniumDriver] [  880] - {Data Fields & Data Values Exist}
[INFO ][2015-12-08 16:47:09,391][com.java.SeleniumDriver] [  882] - --------------------------setting values-----------------------------
[INFO ][2015-12-08 16:47:09,391][com.java.SeleniumDriver] [  885] - Action Type : SELECT
[INFO ][2015-12-08 16:47:09,391][com.java.TestType] [ 5446] - value = 1
[INFO ][2015-12-08 16:47:10,482][com.java.TestType] [ 5564] -  In COB ddlProjects : 1
[INFO ][2015-12-08 16:47:10,622][com.java.SeleniumDriver] [  894] -  RESULT true
[INFO ][2015-12-08 16:47:10,622][com.java.SeleniumDriver] [ 1100] - ?   P A S S   ?
[INFO ][2015-12-08 16:47:10,622][com.java.SeleniumDriver] [ 1137] - Continue next step...
[INFO ][2015-12-08 16:47:10,622][com.java.SeleniumDriver] [  821] - ------------------------------------------
[INFO ][2015-12-08 16:47:10,622][com.java.SeleniumDriver] [  822] - Test case being Executed: 7
[INFO ][2015-12-08 16:47:10,622][com.java.SeleniumDriver] [  833] - Test step:10
[INFO ][2015-12-08 16:47:10,622][com.java.SeleniumDriver] [  845] - Datavalue is----------2
[INFO ][2015-12-08 16:47:10,622][com.java.SeleniumDriver] [  869] - DataField : null
[INFO ][2015-12-08 16:47:10,622][com.java.SeleniumDriver] [  871] - DataValue : 2
[INFO ][2015-12-08 16:47:10,622][com.java.SeleniumDriver] [  877] - <In Set values of the page>
[INFO ][2015-12-08 16:47:10,622][com.java.SeleniumDriver] [  880] - {Data Fields & Data Values Exist}
[INFO ][2015-12-08 16:47:10,622][com.java.SeleniumDriver] [  882] - --------------------------setting values-----------------------------
[INFO ][2015-12-08 16:47:10,622][com.java.SeleniumDriver] [  885] - Action Type : WAITTIME
[DEBUG][2015-12-08 16:47:10,622][com.java.TestType] [ 5266] - sleepTime: 2000
[INFO ][2015-12-08 16:47:12,622][com.java.SeleniumDriver] [  894] -  RESULT true
[INFO ][2015-12-08 16:47:12,622][com.java.SeleniumDriver] [ 1100] - ?   P A S S   ?
[INFO ][2015-12-08 16:47:12,622][com.java.SeleniumDriver] [  821] - ------------------------------------------
[INFO ][2015-12-08 16:47:12,622][com.java.SeleniumDriver] [  822] - Test case being Executed: 7
[INFO ][2015-12-08 16:47:12,622][com.java.SeleniumDriver] [  833] - Test step:11
[INFO ][2015-12-08 16:47:12,622][com.java.SeleniumDriver] [  845] - Datavalue is----------CurrentProject
[INFO ][2015-12-08 16:47:12,622][com.java.SeleniumDriver] [  869] - DataField : SLBddlProjects
[INFO ][2015-12-08 16:47:12,622][com.java.SeleniumDriver] [  871] - DataValue : CurrentProject
[INFO ][2015-12-08 16:47:12,622][com.java.SeleniumDriver] [  877] - <In Set values of the page>
[INFO ][2015-12-08 16:47:12,622][com.java.SeleniumDriver] [  880] - {Data Fields & Data Values Exist}
[INFO ][2015-12-08 16:47:12,622][com.java.SeleniumDriver] [  882] - --------------------------setting values-----------------------------
[INFO ][2015-12-08 16:47:12,622][com.java.SeleniumDriver] [  885] - Action Type : storevalue
[INFO ][2015-12-08 16:47:12,622][com.java.TestType] [ 7852] - field= SLBddlProjects
[INFO ][2015-12-08 16:47:13,794][com.java.SeleniumDriver] [  894] -  RESULT true
[INFO ][2015-12-08 16:47:13,794][com.java.SeleniumDriver] [ 1100] - ?   P A S S   ?
[INFO ][2015-12-08 16:47:13,794][com.java.SeleniumDriver] [  821] - ------------------------------------------
[INFO ][2015-12-08 16:47:13,794][com.java.SeleniumDriver] [  822] - Test case being Executed: 7
[INFO ][2015-12-08 16:47:13,794][com.java.SeleniumDriver] [  833] - Test step:12
[INFO ][2015-12-08 16:47:13,794][com.java.SeleniumDriver] [  845] - Datavalue is----------null
[DEBUG][2015-12-08 16:47:13,794][com.java.SeleniumDriver] [  863] - Exception: null
[INFO ][2015-12-08 16:47:13,794][com.java.SeleniumDriver] [  869] - DataField : HDNbtnOpenProject
[INFO ][2015-12-08 16:47:13,794][com.java.SeleniumDriver] [  871] - DataValue : 
[INFO ][2015-12-08 16:47:13,794][com.java.SeleniumDriver] [  877] - <In Set values of the page>
[INFO ][2015-12-08 16:47:13,794][com.java.SeleniumDriver] [  880] - {Data Fields & Data Values Exist}
[INFO ][2015-12-08 16:47:13,794][com.java.SeleniumDriver] [  882] - --------------------------setting values-----------------------------
[INFO ][2015-12-08 16:47:13,794][com.java.SeleniumDriver] [  885] - Action Type : CLICKWITHALERT
[INFO ][2015-12-08 16:47:13,794][com.java.TestType] [ 5774] - Field ::HDNbtnOpenProject
[INFO ][2015-12-08 16:47:17,576][com.java.SeleniumDriver] [  894] -  RESULT true
[INFO ][2015-12-08 16:47:17,576][com.java.SeleniumDriver] [ 1100] - ?   P A S S   ?
[INFO ][2015-12-08 16:47:17,576][com.java.SeleniumDriver] [  821] - ------------------------------------------
[INFO ][2015-12-08 16:47:17,576][com.java.SeleniumDriver] [  822] - Test case being Executed: 7
[INFO ][2015-12-08 16:47:17,576][com.java.SeleniumDriver] [  833] - Test step:13
[INFO ][2015-12-08 16:47:17,576][com.java.SeleniumDriver] [  845] - Datavalue is----------2
[INFO ][2015-12-08 16:47:17,576][com.java.SeleniumDriver] [  869] - DataField : null
[INFO ][2015-12-08 16:47:17,576][com.java.SeleniumDriver] [  871] - DataValue : 2
[INFO ][2015-12-08 16:47:17,576][com.java.SeleniumDriver] [  877] - <In Set values of the page>
[INFO ][2015-12-08 16:47:17,576][com.java.SeleniumDriver] [  880] - {Data Fields & Data Values Exist}
[INFO ][2015-12-08 16:47:17,576][com.java.SeleniumDriver] [  882] - --------------------------setting values-----------------------------
[INFO ][2015-12-08 16:47:17,576][com.java.SeleniumDriver] [  885] - Action Type : WAITTIME
[DEBUG][2015-12-08 16:47:17,576][com.java.TestType] [ 5266] - sleepTime: 2000
[INFO ][2015-12-08 16:47:19,577][com.java.SeleniumDriver] [  894] -  RESULT true
[INFO ][2015-12-08 16:47:19,577][com.java.SeleniumDriver] [ 1100] - ?   P A S S   ?
[INFO ][2015-12-08 16:47:19,577][com.java.SeleniumDriver] [  821] - ------------------------------------------
[INFO ][2015-12-08 16:47:19,577][com.java.SeleniumDriver] [  822] - Test case being Executed: 7
[INFO ][2015-12-08 16:47:19,577][com.java.SeleniumDriver] [  833] - Test step:14
[INFO ][2015-12-08 16:47:19,577][com.java.SeleniumDriver] [  845] - Datavalue is----------null
[DEBUG][2015-12-08 16:47:19,577][com.java.SeleniumDriver] [  863] - Exception: null
[INFO ][2015-12-08 16:47:19,577][com.java.SeleniumDriver] [  869] - DataField : BTNParent
[INFO ][2015-12-08 16:47:19,577][com.java.SeleniumDriver] [  871] - DataValue : 
[INFO ][2015-12-08 16:47:19,577][com.java.SeleniumDriver] [  877] - <In Set values of the page>
[INFO ][2015-12-08 16:47:19,577][com.java.SeleniumDriver] [  880] - {Data Fields & Data Values Exist}
[INFO ][2015-12-08 16:47:19,577][com.java.SeleniumDriver] [  882] - --------------------------setting values-----------------------------
[INFO ][2015-12-08 16:47:19,577][com.java.SeleniumDriver] [  885] - Action Type : SELECTFRAME
[INFO ][2015-12-08 16:47:19,578][com.java.SeleniumDriver] [  894] -  RESULT true
[INFO ][2015-12-08 16:47:19,578][com.java.SeleniumDriver] [ 1100] - ?   P A S S   ?
[INFO ][2015-12-08 16:47:19,578][com.java.SeleniumDriver] [  821] - ------------------------------------------
[INFO ][2015-12-08 16:47:19,578][com.java.SeleniumDriver] [  822] - Test case being Executed: 7
[INFO ][2015-12-08 16:47:19,578][com.java.SeleniumDriver] [  833] - Test step:15
[INFO ][2015-12-08 16:47:19,578][com.java.SeleniumDriver] [  845] - Datavalue is----------10
[INFO ][2015-12-08 16:47:19,578][com.java.SeleniumDriver] [  869] - DataField : DSP//span[@id='lblProject']
[INFO ][2015-12-08 16:47:19,578][com.java.SeleniumDriver] [  871] - DataValue : 10
[INFO ][2015-12-08 16:47:19,578][com.java.SeleniumDriver] [  877] - <In Set values of the page>
[INFO ][2015-12-08 16:47:19,578][com.java.SeleniumDriver] [  880] - {Data Fields & Data Values Exist}
[INFO ][2015-12-08 16:47:19,578][com.java.SeleniumDriver] [  882] - --------------------------setting values-----------------------------
[INFO ][2015-12-08 16:47:19,578][com.java.SeleniumDriver] [  885] - Action Type : WAITFORELEMENT
[INFO ][2015-12-08 16:47:19,708][com.java.SeleniumDriver] [  894] -  RESULT true
[INFO ][2015-12-08 16:47:19,708][com.java.SeleniumDriver] [ 1100] - ?   P A S S   ?
[INFO ][2015-12-08 16:47:19,708][com.java.SeleniumDriver] [  821] - ------------------------------------------
[INFO ][2015-12-08 16:47:19,708][com.java.SeleniumDriver] [  822] - Test case being Executed: 7
[INFO ][2015-12-08 16:47:19,708][com.java.SeleniumDriver] [  833] - Test step:16
[INFO ][2015-12-08 16:47:19,708][com.java.SeleniumDriver] [  845] - Datavalue is----------10
[INFO ][2015-12-08 16:47:19,708][com.java.SeleniumDriver] [  869] - DataField : null
[INFO ][2015-12-08 16:47:19,708][com.java.SeleniumDriver] [  871] - DataValue : 10
[INFO ][2015-12-08 16:47:19,708][com.java.SeleniumDriver] [  877] - <In Set values of the page>
[INFO ][2015-12-08 16:47:19,708][com.java.SeleniumDriver] [  880] - {Data Fields & Data Values Exist}
[INFO ][2015-12-08 16:47:19,708][com.java.SeleniumDriver] [  882] - --------------------------setting values-----------------------------
[INFO ][2015-12-08 16:47:19,708][com.java.SeleniumDriver] [  885] - Action Type : WAITTIME
[DEBUG][2015-12-08 16:47:19,708][com.java.TestType] [ 5266] - sleepTime: 10000
[INFO ][2015-12-08 16:47:29,708][com.java.SeleniumDriver] [  894] -  RESULT true
[INFO ][2015-12-08 16:47:29,708][com.java.SeleniumDriver] [ 1100] - ?   P A S S   ?
[INFO ][2015-12-08 16:47:29,708][com.java.SeleniumDriver] [  821] - ------------------------------------------
[INFO ][2015-12-08 16:47:29,708][com.java.SeleniumDriver] [  822] - Test case being Executed: 7
[INFO ][2015-12-08 16:47:29,708][com.java.SeleniumDriver] [  833] - Test step:17
[INFO ][2015-12-08 16:47:29,708][com.java.SeleniumDriver] [  845] - Datavalue is----------HMVCurrentProject
[INFO ][2015-12-08 16:47:29,708][com.java.SeleniumDriver] [  869] - DataField : XPH//span[@id='lblProject']
[INFO ][2015-12-08 16:47:29,708][com.java.SeleniumDriver] [  871] - DataValue : HMVCurrentProject
[INFO ][2015-12-08 16:47:29,708][com.java.SeleniumDriver] [  877] - <In Set values of the page>
[INFO ][2015-12-08 16:47:29,708][com.java.SeleniumDriver] [  880] - {Data Fields & Data Values Exist}
[INFO ][2015-12-08 16:47:29,708][com.java.SeleniumDriver] [  882] - --------------------------setting values-----------------------------
[INFO ][2015-12-08 16:47:29,708][com.java.SeleniumDriver] [  885] - Action Type : VERIFY
[INFO ][2015-12-08 16:47:29,708][com.java.TestType] [ 6674] - field= XPH//span[@id='lblProject'] value= HMVCurrentProject
[INFO ][2015-12-08 16:47:29,708][com.java.TestType] [ 5446] - value = Budget 2014 1-21-2014
[INFO ][2015-12-08 16:47:29,839][com.java.SeleniumDriver] [  894] -  RESULT true
[INFO ][2015-12-08 16:47:29,839][com.java.SeleniumDriver] [ 1100] - ?   P A S S   ?
[INFO ][2015-12-08 16:47:29,839][com.java.SeleniumDriver] [  821] - ------------------------------------------
[INFO ][2015-12-08 16:47:29,839][com.java.SeleniumDriver] [  822] - Test case being Executed: 7
[INFO ][2015-12-08 16:47:29,839][com.java.SeleniumDriver] [  833] - Test step:18
[INFO ][2015-12-08 16:47:29,839][com.java.SeleniumDriver] [  845] - Datavalue is----------null
[DEBUG][2015-12-08 16:47:29,839][com.java.SeleniumDriver] [  863] - Exception: null
[INFO ][2015-12-08 16:47:29,839][com.java.SeleniumDriver] [  869] - DataField : HDNmenuTools
[INFO ][2015-12-08 16:47:29,839][com.java.SeleniumDriver] [  871] - DataValue : 
[INFO ][2015-12-08 16:47:29,839][com.java.SeleniumDriver] [  877] - <In Set values of the page>
[INFO ][2015-12-08 16:47:29,839][com.java.SeleniumDriver] [  880] - {Data Fields & Data Values Exist}
[INFO ][2015-12-08 16:47:29,839][com.java.SeleniumDriver] [  882] - --------------------------setting values-----------------------------
[INFO ][2015-12-08 16:47:29,839][com.java.SeleniumDriver] [  885] - Action Type : CLICK
[INFO ][2015-12-08 16:47:29,839][com.java.TestType] [ 5774] - Field ::HDNmenuTools
[INFO ][2015-12-08 16:47:31,995][com.java.SeleniumDriver] [  894] -  RESULT true
[INFO ][2015-12-08 16:47:31,995][com.java.SeleniumDriver] [ 1100] - ?   P A S S   ?
[INFO ][2015-12-08 16:47:31,995][com.java.SeleniumDriver] [  821] - ------------------------------------------
[INFO ][2015-12-08 16:47:31,995][com.java.SeleniumDriver] [  822] - Test case being Executed: 7
[INFO ][2015-12-08 16:47:31,995][com.java.SeleniumDriver] [  833] - Test step:19
[INFO ][2015-12-08 16:47:31,995][com.java.SeleniumDriver] [  845] - Datavalue is----------10
[INFO ][2015-12-08 16:47:31,995][com.java.SeleniumDriver] [  869] - DataField : DSPmenuBalance
[INFO ][2015-12-08 16:47:31,995][com.java.SeleniumDriver] [  871] - DataValue : 10
[INFO ][2015-12-08 16:47:31,995][com.java.SeleniumDriver] [  877] - <In Set values of the page>
[INFO ][2015-12-08 16:47:31,995][com.java.SeleniumDriver] [  880] - {Data Fields & Data Values Exist}
[INFO ][2015-12-08 16:47:31,995][com.java.SeleniumDriver] [  882] - --------------------------setting values-----------------------------
[INFO ][2015-12-08 16:47:31,995][com.java.SeleniumDriver] [  885] - Action Type : WAITFORELEMENT
[INFO ][2015-12-08 16:47:33,453][com.java.SeleniumDriver] [  894] -  RESULT true
[INFO ][2015-12-08 16:47:33,453][com.java.SeleniumDriver] [ 1100] - ?   P A S S   ?
[INFO ][2015-12-08 16:47:33,453][com.java.SeleniumDriver] [  821] - ------------------------------------------
[INFO ][2015-12-08 16:47:33,453][com.java.SeleniumDriver] [  822] - Test case being Executed: 7
[INFO ][2015-12-08 16:47:33,453][com.java.SeleniumDriver] [  833] - Test step:20
[INFO ][2015-12-08 16:47:33,453][com.java.SeleniumDriver] [  845] - Datavalue is----------null
[DEBUG][2015-12-08 16:47:33,453][com.java.SeleniumDriver] [  863] - Exception: null
[INFO ][2015-12-08 16:47:33,453][com.java.SeleniumDriver] [  869] - DataField : HDNmenuBalance
[INFO ][2015-12-08 16:47:33,453][com.java.SeleniumDriver] [  871] - DataValue : 
[INFO ][2015-12-08 16:47:33,453][com.java.SeleniumDriver] [  877] - <In Set values of the page>
[INFO ][2015-12-08 16:47:33,453][com.java.SeleniumDriver] [  880] - {Data Fields & Data Values Exist}
[INFO ][2015-12-08 16:47:33,453][com.java.SeleniumDriver] [  882] - --------------------------setting values-----------------------------
[INFO ][2015-12-08 16:47:33,453][com.java.SeleniumDriver] [  885] - Action Type : CLICK
[INFO ][2015-12-08 16:47:33,453][com.java.TestType] [ 5774] - Field ::HDNmenuBalance
[INFO ][2015-12-08 16:47:35,614][com.java.SeleniumDriver] [  894] -  RESULT true
[INFO ][2015-12-08 16:47:35,614][com.java.SeleniumDriver] [ 1100] - ?   P A S S   ?
[INFO ][2015-12-08 16:47:35,614][com.java.SeleniumDriver] [  821] - ------------------------------------------
[INFO ][2015-12-08 16:47:35,614][com.java.SeleniumDriver] [  822] - Test case being Executed: 7
[INFO ][2015-12-08 16:47:35,614][com.java.SeleniumDriver] [  833] - Test step:21
[INFO ][2015-12-08 16:47:35,614][com.java.SeleniumDriver] [  845] - Datavalue is----------5
[INFO ][2015-12-08 16:47:35,614][com.java.SeleniumDriver] [  869] - DataField : XPH//div[@ class="blockUI blockMsg blockPage"]
[INFO ][2015-12-08 16:47:35,614][com.java.SeleniumDriver] [  871] - DataValue : 5
[INFO ][2015-12-08 16:47:35,614][com.java.SeleniumDriver] [  877] - <In Set values of the page>
[INFO ][2015-12-08 16:47:35,614][com.java.SeleniumDriver] [  880] - {Data Fields & Data Values Exist}
[INFO ][2015-12-08 16:47:35,614][com.java.SeleniumDriver] [  882] - --------------------------setting values-----------------------------
[INFO ][2015-12-08 16:47:35,614][com.java.SeleniumDriver] [  885] - Action Type : WAITFORELEMENT
[INFO ][2015-12-08 16:47:35,674][com.java.SeleniumDriver] [  894] -  RESULT true
[INFO ][2015-12-08 16:47:35,674][com.java.SeleniumDriver] [ 1100] - ?   P A S S   ?
[INFO ][2015-12-08 16:47:35,674][com.java.SeleniumDriver] [  821] - ------------------------------------------
[INFO ][2015-12-08 16:47:35,674][com.java.SeleniumDriver] [  822] - Test case being Executed: 7
[INFO ][2015-12-08 16:47:35,674][com.java.SeleniumDriver] [  833] - Test step:22
[INFO ][2015-12-08 16:47:35,674][com.java.SeleniumDriver] [  845] - Datavalue is----------6
[INFO ][2015-12-08 16:47:35,674][com.java.SeleniumDriver] [  869] - DataField : XPH//div[@ class="blockUI blockMsg blockPage"]
[INFO ][2015-12-08 16:47:35,674][com.java.SeleniumDriver] [  871] - DataValue : 6
[INFO ][2015-12-08 16:47:35,674][com.java.SeleniumDriver] [  877] - <In Set values of the page>
[INFO ][2015-12-08 16:47:35,674][com.java.SeleniumDriver] [  880] - {Data Fields & Data Values Exist}
[INFO ][2015-12-08 16:47:35,674][com.java.SeleniumDriver] [  882] - --------------------------setting values-----------------------------
[INFO ][2015-12-08 16:47:35,674][com.java.SeleniumDriver] [  885] - Action Type : WAITFORELEMENTNOTPRESENT
[INFO ][2015-12-08 16:47:42,510][com.java.SeleniumDriver] [  894] -  RESULT true
[INFO ][2015-12-08 16:47:42,510][com.java.SeleniumDriver] [ 1100] - ?   P A S S   ?
[INFO ][2015-12-08 16:47:42,510][com.java.SeleniumDriver] [  821] - ------------------------------------------
[INFO ][2015-12-08 16:47:42,510][com.java.SeleniumDriver] [  822] - Test case being Executed: 7
[INFO ][2015-12-08 16:47:42,510][com.java.SeleniumDriver] [  833] - Test step:23
[INFO ][2015-12-08 16:47:42,510][com.java.SeleniumDriver] [  845] - Datavalue is----------Forecasting
[INFO ][2015-12-08 16:47:42,510][com.java.SeleniumDriver] [  869] - DataField : TTL
[INFO ][2015-12-08 16:47:42,510][com.java.SeleniumDriver] [  871] - DataValue : Forecasting
[INFO ][2015-12-08 16:47:42,510][com.java.SeleniumDriver] [  877] - <In Set values of the page>
[INFO ][2015-12-08 16:47:42,510][com.java.SeleniumDriver] [  880] - {Data Fields & Data Values Exist}
[INFO ][2015-12-08 16:47:42,510][com.java.SeleniumDriver] [  882] - --------------------------setting values-----------------------------
[INFO ][2015-12-08 16:47:42,510][com.java.SeleniumDriver] [  885] - Action Type : CLOSEWINDOW
[INFO ][2015-12-08 16:47:42,800][com.java.SeleniumDriver] [  894] -  RESULT true
[INFO ][2015-12-08 16:47:42,800][com.java.SeleniumDriver] [ 1100] - ?   P A S S   ?
[INFO ][2015-12-08 16:47:42,800][com.java.SeleniumDriver] [  821] - ------------------------------------------
[INFO ][2015-12-08 16:47:42,800][com.java.SeleniumDriver] [  822] - Test case being Executed: 7
[INFO ][2015-12-08 16:47:42,800][com.java.SeleniumDriver] [  833] - Test step:24
[INFO ][2015-12-08 16:47:42,800][com.java.SeleniumDriver] [  845] - Datavalue is----------Banker'sDashboard
[INFO ][2015-12-08 16:47:42,800][com.java.SeleniumDriver] [  869] - DataField : TTL
[INFO ][2015-12-08 16:47:42,800][com.java.SeleniumDriver] [  871] - DataValue : Banker'sDashboard
[INFO ][2015-12-08 16:47:42,800][com.java.SeleniumDriver] [  877] - <In Set values of the page>
[INFO ][2015-12-08 16:47:42,800][com.java.SeleniumDriver] [  880] - {Data Fields & Data Values Exist}
[INFO ][2015-12-08 16:47:42,800][com.java.SeleniumDriver] [  882] - --------------------------setting values-----------------------------
[INFO ][2015-12-08 16:47:42,800][com.java.SeleniumDriver] [  885] - Action Type : SelectWindow
[INFO ][2015-12-08 16:47:56,861][com.java.SeleniumDriver] [  894] -  RESULT true
[INFO ][2015-12-08 16:47:56,861][com.java.SeleniumDriver] [ 1100] - ?   P A S S   ?
[INFO ][2015-12-08 16:47:56,861][com.java.SeleniumDriver] [  821] - ------------------------------------------
[INFO ][2015-12-08 16:47:56,861][com.java.SeleniumDriver] [  822] - Test case being Executed: 7
[INFO ][2015-12-08 16:47:56,861][com.java.SeleniumDriver] [  833] - Test step:25
[INFO ][2015-12-08 16:47:56,861][com.java.SeleniumDriver] [  845] - Datavalue is----------5
[INFO ][2015-12-08 16:47:56,861][com.java.SeleniumDriver] [  869] - DataField : null
[INFO ][2015-12-08 16:47:56,861][com.java.SeleniumDriver] [  871] - DataValue : 5
[INFO ][2015-12-08 16:47:56,861][com.java.SeleniumDriver] [  877] - <In Set values of the page>
[INFO ][2015-12-08 16:47:56,861][com.java.SeleniumDriver] [  880] - {Data Fields & Data Values Exist}
[INFO ][2015-12-08 16:47:56,861][com.java.SeleniumDriver] [  882] - --------------------------setting values-----------------------------
[INFO ][2015-12-08 16:47:56,861][com.java.SeleniumDriver] [  885] - Action Type : WAITTIME
[DEBUG][2015-12-08 16:47:56,861][com.java.TestType] [ 5266] - sleepTime: 5000
[INFO ][2015-12-08 16:48:01,861][com.java.SeleniumDriver] [  894] -  RESULT true
[INFO ][2015-12-08 16:48:01,861][com.java.SeleniumDriver] [ 1100] - ?   P A S S   ?
[INFO ][2015-12-08 16:48:01,861][com.java.SeleniumDriver] [  821] - ------------------------------------------
[INFO ][2015-12-08 16:48:01,861][com.java.SeleniumDriver] [  822] - Test case being Executed: 7
[INFO ][2015-12-08 16:48:01,861][com.java.SeleniumDriver] [  833] - Test step:26
[INFO ][2015-12-08 16:48:01,861][com.java.SeleniumDriver] [  845] - Datavalue is----------null
[DEBUG][2015-12-08 16:48:01,861][com.java.SeleniumDriver] [  863] - Exception: null
[INFO ][2015-12-08 16:48:01,861][com.java.SeleniumDriver] [  869] - DataField : //span[@class='icon-stats']&&//a[@data-id="Forecasting"]
[INFO ][2015-12-08 16:48:01,861][com.java.SeleniumDriver] [  871] - DataValue : 
[INFO ][2015-12-08 16:48:01,861][com.java.SeleniumDriver] [  877] - <In Set values of the page>
[INFO ][2015-12-08 16:48:01,861][com.java.SeleniumDriver] [  880] - {Data Fields & Data Values Exist}
[INFO ][2015-12-08 16:48:01,861][com.java.SeleniumDriver] [  882] - --------------------------setting values-----------------------------
[INFO ][2015-12-08 16:48:01,861][com.java.SeleniumDriver] [  885] - Action Type : MOUSEOVER
[INFO ][2015-12-08 16:48:21,632][com.java.SeleniumDriver] [  894] -  RESULT true
[INFO ][2015-12-08 16:48:21,632][com.java.SeleniumDriver] [ 1100] - ?   P A S S   ?
[INFO ][2015-12-08 16:48:21,632][com.java.SeleniumDriver] [  821] - ------------------------------------------
[INFO ][2015-12-08 16:48:21,632][com.java.SeleniumDriver] [  822] - Test case being Executed: 7
[INFO ][2015-12-08 16:48:21,632][com.java.SeleniumDriver] [  833] - Test step:27
[INFO ][2015-12-08 16:48:21,632][com.java.SeleniumDriver] [  845] - Datavalue is----------5
[INFO ][2015-12-08 16:48:21,632][com.java.SeleniumDriver] [  869] - DataField : null
[INFO ][2015-12-08 16:48:21,632][com.java.SeleniumDriver] [  871] - DataValue : 5
[INFO ][2015-12-08 16:48:21,632][com.java.SeleniumDriver] [  877] - <In Set values of the page>
[INFO ][2015-12-08 16:48:21,632][com.java.SeleniumDriver] [  880] - {Data Fields & Data Values Exist}
[INFO ][2015-12-08 16:48:21,632][com.java.SeleniumDriver] [  882] - --------------------------setting values-----------------------------
[INFO ][2015-12-08 16:48:21,632][com.java.SeleniumDriver] [  885] - Action Type : WAITTIME
[DEBUG][2015-12-08 16:48:21,632][com.java.TestType] [ 5266] - sleepTime: 5000
[INFO ][2015-12-08 16:48:26,633][com.java.SeleniumDriver] [  894] -  RESULT true
[INFO ][2015-12-08 16:48:26,633][com.java.SeleniumDriver] [ 1100] - ?   P A S S   ?
[INFO ][2015-12-08 16:48:26,633][com.java.SeleniumDriver] [  821] - ------------------------------------------
[INFO ][2015-12-08 16:48:26,633][com.java.SeleniumDriver] [  822] - Test case being Executed: 7
[INFO ][2015-12-08 16:48:26,633][com.java.SeleniumDriver] [  833] - Test step:28
[INFO ][2015-12-08 16:48:26,633][com.java.SeleniumDriver] [  845] - Datavalue is----------Forecasting
[INFO ][2015-12-08 16:48:26,633][com.java.SeleniumDriver] [  869] - DataField : TTL
[INFO ][2015-12-08 16:48:26,633][com.java.SeleniumDriver] [  871] - DataValue : Forecasting
[INFO ][2015-12-08 16:48:26,633][com.java.SeleniumDriver] [  877] - <In Set values of the page>
[INFO ][2015-12-08 16:48:26,633][com.java.SeleniumDriver] [  880] - {Data Fields & Data Values Exist}
[INFO ][2015-12-08 16:48:26,633][com.java.SeleniumDriver] [  882] - --------------------------setting values-----------------------------
[INFO ][2015-12-08 16:48:26,633][com.java.SeleniumDriver] [  885] - Action Type : SELECTWINDOW
[INFO ][2015-12-08 16:48:39,197][com.java.SeleniumDriver] [  894] -  RESULT true
[INFO ][2015-12-08 16:48:39,197][com.java.SeleniumDriver] [ 1100] - ?   P A S S   ?
[INFO ][2015-12-08 16:48:39,197][com.java.SeleniumDriver] [  821] - ------------------------------------------
[INFO ][2015-12-08 16:48:39,197][com.java.SeleniumDriver] [  822] - Test case being Executed: 7
[INFO ][2015-12-08 16:48:39,197][com.java.SeleniumDriver] [  833] - Test step:29
[INFO ][2015-12-08 16:48:39,197][com.java.SeleniumDriver] [  845] - Datavalue is----------10
[INFO ][2015-12-08 16:48:39,197][com.java.SeleniumDriver] [  869] - DataField : DSP//span[@id='ui-dialog-title-mdDialog']
[INFO ][2015-12-08 16:48:39,197][com.java.SeleniumDriver] [  871] - DataValue : 10
[INFO ][2015-12-08 16:48:39,197][com.java.SeleniumDriver] [  877] - <In Set values of the page>
[INFO ][2015-12-08 16:48:39,197][com.java.SeleniumDriver] [  880] - {Data Fields & Data Values Exist}
[INFO ][2015-12-08 16:48:39,197][com.java.SeleniumDriver] [  882] - --------------------------setting values-----------------------------
[INFO ][2015-12-08 16:48:39,197][com.java.SeleniumDriver] [  885] - Action Type : WAITFORELEMENT
[INFO ][2015-12-08 16:48:39,317][com.java.SeleniumDriver] [  894] -  RESULT true
[INFO ][2015-12-08 16:48:39,317][com.java.SeleniumDriver] [ 1100] - ?   P A S S   ?
[INFO ][2015-12-08 16:48:39,317][com.java.SeleniumDriver] [  821] - ------------------------------------------
[INFO ][2015-12-08 16:48:39,317][com.java.SeleniumDriver] [  822] - Test case being Executed: 7
[INFO ][2015-12-08 16:48:39,317][com.java.SeleniumDriver] [  833] - Test step:30
[INFO ][2015-12-08 16:48:39,317][com.java.SeleniumDriver] [  845] - Datavalue is----------Forecasting
[INFO ][2015-12-08 16:48:39,317][com.java.SeleniumDriver] [  869] - DataField : XPH//span[@id='ui-dialog-title-mdDialog']
[INFO ][2015-12-08 16:48:39,317][com.java.SeleniumDriver] [  871] - DataValue : Forecasting
[INFO ][2015-12-08 16:48:39,317][com.java.SeleniumDriver] [  877] - <In Set values of the page>
[INFO ][2015-12-08 16:48:39,317][com.java.SeleniumDriver] [  880] - {Data Fields & Data Values Exist}
[INFO ][2015-12-08 16:48:39,317][com.java.SeleniumDriver] [  882] - --------------------------setting values-----------------------------
[INFO ][2015-12-08 16:48:39,317][com.java.SeleniumDriver] [  885] - Action Type : VERIFY
[INFO ][2015-12-08 16:48:39,317][com.java.TestType] [ 6674] - field= XPH//span[@id='ui-dialog-title-mdDialog'] value= Forecasting
[INFO ][2015-12-08 16:48:39,317][com.java.TestType] [ 5446] - value = Forecasting
[INFO ][2015-12-08 16:48:39,447][com.java.SeleniumDriver] [  894] -  RESULT true
[INFO ][2015-12-08 16:48:39,447][com.java.SeleniumDriver] [ 1100] - ?   P A S S   ?
[INFO ][2015-12-08 16:48:39,447][com.java.SeleniumDriver] [  821] - ------------------------------------------
[INFO ][2015-12-08 16:48:39,447][com.java.SeleniumDriver] [  822] - Test case being Executed: 7
[INFO ][2015-12-08 16:48:39,447][com.java.SeleniumDriver] [  833] - Test step:31
[INFO ][2015-12-08 16:48:39,447][com.java.SeleniumDriver] [  845] - Datavalue is----------10
[INFO ][2015-12-08 16:48:39,447][com.java.SeleniumDriver] [  869] - DataField : DSP//span[contains(text(),'Forecasting')]
[INFO ][2015-12-08 16:48:39,447][com.java.SeleniumDriver] [  871] - DataValue : 10
[INFO ][2015-12-08 16:48:39,447][com.java.SeleniumDriver] [  877] - <In Set values of the page>
[INFO ][2015-12-08 16:48:39,447][com.java.SeleniumDriver] [  880] - {Data Fields & Data Values Exist}
[INFO ][2015-12-08 16:48:39,447][com.java.SeleniumDriver] [  882] - --------------------------setting values-----------------------------
[INFO ][2015-12-08 16:48:39,447][com.java.SeleniumDriver] [  885] - Action Type : WAITFORELEMENT
[INFO ][2015-12-08 16:48:39,547][com.java.SeleniumDriver] [  894] -  RESULT true
[INFO ][2015-12-08 16:48:39,547][com.java.SeleniumDriver] [ 1100] - ?   P A S S   ?
[INFO ][2015-12-08 16:48:39,547][com.java.SeleniumDriver] [  821] - ------------------------------------------
[INFO ][2015-12-08 16:48:39,547][com.java.SeleniumDriver] [  822] - Test case being Executed: 7
[INFO ][2015-12-08 16:48:39,547][com.java.SeleniumDriver] [  833] - Test step:32
[INFO ][2015-12-08 16:48:39,547][com.java.SeleniumDriver] [  845] - Datavalue is----------null
[DEBUG][2015-12-08 16:48:39,547][com.java.SeleniumDriver] [  863] - Exception: null
[INFO ][2015-12-08 16:48:39,547][com.java.SeleniumDriver] [  869] - DataField : BTNframeDialogContent
[INFO ][2015-12-08 16:48:39,547][com.java.SeleniumDriver] [  871] - DataValue : 
[INFO ][2015-12-08 16:48:39,547][com.java.SeleniumDriver] [  877] - <In Set values of the page>
[INFO ][2015-12-08 16:48:39,547][com.java.SeleniumDriver] [  880] - {Data Fields & Data Values Exist}
[INFO ][2015-12-08 16:48:39,547][com.java.SeleniumDriver] [  882] - --------------------------setting values-----------------------------
[INFO ][2015-12-08 16:48:39,547][com.java.SeleniumDriver] [  885] - Action Type : SELECTFRAME
[INFO ][2015-12-08 16:48:40,678][com.java.SeleniumDriver] [  894] -  RESULT true
[INFO ][2015-12-08 16:48:40,678][com.java.SeleniumDriver] [ 1100] - ?   P A S S   ?
[INFO ][2015-12-08 16:48:40,678][com.java.SeleniumDriver] [  821] - ------------------------------------------
[INFO ][2015-12-08 16:48:40,678][com.java.SeleniumDriver] [  822] - Test case being Executed: 7
[INFO ][2015-12-08 16:48:40,678][com.java.SeleniumDriver] [  833] - Test step:33
[INFO ][2015-12-08 16:48:40,678][com.java.SeleniumDriver] [  845] - Datavalue is----------10
[INFO ][2015-12-08 16:48:40,678][com.java.SeleniumDriver] [  869] - DataField : DSPddlProjects
[INFO ][2015-12-08 16:48:40,678][com.java.SeleniumDriver] [  871] - DataValue : 10
[INFO ][2015-12-08 16:48:40,678][com.java.SeleniumDriver] [  877] - <In Set values of the page>
[INFO ][2015-12-08 16:48:40,678][com.java.SeleniumDriver] [  880] - {Data Fields & Data Values Exist}
[INFO ][2015-12-08 16:48:40,678][com.java.SeleniumDriver] [  882] - --------------------------setting values-----------------------------
[INFO ][2015-12-08 16:48:40,678][com.java.SeleniumDriver] [  885] - Action Type : WAITFORELEMENT
[INFO ][2015-12-08 16:48:41,779][com.java.SeleniumDriver] [  894] -  RESULT true
[INFO ][2015-12-08 16:48:41,779][com.java.SeleniumDriver] [ 1100] - ?   P A S S   ?
[INFO ][2015-12-08 16:48:41,779][com.java.SeleniumDriver] [  821] - ------------------------------------------
[INFO ][2015-12-08 16:48:41,779][com.java.SeleniumDriver] [  822] - Test case being Executed: 7
[INFO ][2015-12-08 16:48:41,779][com.java.SeleniumDriver] [  833] - Test step:34
[INFO ][2015-12-08 16:48:41,779][com.java.SeleniumDriver] [  845] - Datavalue is----------HMVCurrentProject
[INFO ][2015-12-08 16:48:41,779][com.java.SeleniumDriver] [  869] - DataField : COBddlProjects
[INFO ][2015-12-08 16:48:41,779][com.java.SeleniumDriver] [  871] - DataValue : HMVCurrentProject
[INFO ][2015-12-08 16:48:41,779][com.java.SeleniumDriver] [  877] - <In Set values of the page>
[INFO ][2015-12-08 16:48:41,779][com.java.SeleniumDriver] [  880] - {Data Fields & Data Values Exist}
[INFO ][2015-12-08 16:48:41,779][com.java.SeleniumDriver] [  882] - --------------------------setting values-----------------------------
[INFO ][2015-12-08 16:48:41,779][com.java.SeleniumDriver] [  885] - Action Type : SELECT
[INFO ][2015-12-08 16:48:41,779][com.java.TestType] [ 5446] - value = Budget 2014 1-21-2014
[INFO ][2015-12-08 16:48:42,870][com.java.TestType] [ 5564] -  In COB ddlProjects : Budget 2014 1-21-2014
[DEBUG][2015-12-08 16:48:43,951][com.java.TestType] [ 5589] - Java Script : javascript:var s = document.getElementById('ddlProjects');for (i = 0; i< s.options.length; i++){   if (s.options[i].text.trim().toUpperCase() == 'BUDGET 2014 1-21-2014'){      s.options[i].selected = true;      s.click();      break;   }}
[INFO ][2015-12-08 16:48:45,966][com.java.SeleniumDriver] [  894] -  RESULT true
[INFO ][2015-12-08 16:48:45,966][com.java.SeleniumDriver] [ 1100] - ?   P A S S   ?
[INFO ][2015-12-08 16:48:45,966][com.java.SeleniumDriver] [  821] - ------------------------------------------
[INFO ][2015-12-08 16:48:45,966][com.java.SeleniumDriver] [  822] - Test case being Executed: 7
[INFO ][2015-12-08 16:48:45,966][com.java.SeleniumDriver] [  833] - Test step:35
[INFO ][2015-12-08 16:48:45,966][com.java.SeleniumDriver] [  845] - Datavalue is----------null
[DEBUG][2015-12-08 16:48:45,966][com.java.SeleniumDriver] [  863] - Exception: null
[INFO ][2015-12-08 16:48:45,966][com.java.SeleniumDriver] [  869] - DataField : HDNbtnOpenProject
[INFO ][2015-12-08 16:48:45,966][com.java.SeleniumDriver] [  871] - DataValue : 
[INFO ][2015-12-08 16:48:45,966][com.java.SeleniumDriver] [  877] - <In Set values of the page>
[INFO ][2015-12-08 16:48:45,966][com.java.SeleniumDriver] [  880] - {Data Fields & Data Values Exist}
[INFO ][2015-12-08 16:48:45,966][com.java.SeleniumDriver] [  882] - --------------------------setting values-----------------------------
[INFO ][2015-12-08 16:48:45,966][com.java.SeleniumDriver] [  885] - Action Type : CLICKWITHALERT
[INFO ][2015-12-08 16:48:45,966][com.java.TestType] [ 5774] - Field ::HDNbtnOpenProject
[INFO ][2015-12-08 16:48:49,658][com.java.SeleniumDriver] [  894] -  RESULT true
[INFO ][2015-12-08 16:48:49,658][com.java.SeleniumDriver] [ 1100] - ?   P A S S   ?
[INFO ][2015-12-08 16:48:49,658][com.java.SeleniumDriver] [  821] - ------------------------------------------
[INFO ][2015-12-08 16:48:49,658][com.java.SeleniumDriver] [  822] - Test case being Executed: 7
[INFO ][2015-12-08 16:48:49,658][com.java.SeleniumDriver] [  833] - Test step:36
[INFO ][2015-12-08 16:48:49,658][com.java.SeleniumDriver] [  845] - Datavalue is----------2
[INFO ][2015-12-08 16:48:49,658][com.java.SeleniumDriver] [  869] - DataField : null
[INFO ][2015-12-08 16:48:49,658][com.java.SeleniumDriver] [  871] - DataValue : 2
[INFO ][2015-12-08 16:48:49,658][com.java.SeleniumDriver] [  877] - <In Set values of the page>
[INFO ][2015-12-08 16:48:49,658][com.java.SeleniumDriver] [  880] - {Data Fields & Data Values Exist}
[INFO ][2015-12-08 16:48:49,658][com.java.SeleniumDriver] [  882] - --------------------------setting values-----------------------------
[INFO ][2015-12-08 16:48:49,658][com.java.SeleniumDriver] [  885] - Action Type : WAITTIME
[DEBUG][2015-12-08 16:48:49,658][com.java.TestType] [ 5266] - sleepTime: 2000
[INFO ][2015-12-08 16:48:51,659][com.java.SeleniumDriver] [  894] -  RESULT true
[INFO ][2015-12-08 16:48:51,659][com.java.SeleniumDriver] [ 1100] - ?   P A S S   ?
[INFO ][2015-12-08 16:48:51,659][com.java.SeleniumDriver] [  821] - ------------------------------------------
[INFO ][2015-12-08 16:48:51,659][com.java.SeleniumDriver] [  822] - Test case being Executed: 7
[INFO ][2015-12-08 16:48:51,659][com.java.SeleniumDriver] [  833] - Test step:37
[INFO ][2015-12-08 16:48:51,659][com.java.SeleniumDriver] [  845] - Datavalue is----------null
[DEBUG][2015-12-08 16:48:51,659][com.java.SeleniumDriver] [  863] - Exception: null
[INFO ][2015-12-08 16:48:51,659][com.java.SeleniumDriver] [  869] - DataField : BTNParent
[INFO ][2015-12-08 16:48:51,659][com.java.SeleniumDriver] [  871] - DataValue : 
[INFO ][2015-12-08 16:48:51,659][com.java.SeleniumDriver] [  877] - <In Set values of the page>
[INFO ][2015-12-08 16:48:51,659][com.java.SeleniumDriver] [  880] - {Data Fields & Data Values Exist}
[INFO ][2015-12-08 16:48:51,659][com.java.SeleniumDriver] [  882] - --------------------------setting values-----------------------------
[INFO ][2015-12-08 16:48:51,659][com.java.SeleniumDriver] [  885] - Action Type : SELECTFRAME
[INFO ][2015-12-08 16:48:51,660][com.java.SeleniumDriver] [  894] -  RESULT true
[INFO ][2015-12-08 16:48:51,660][com.java.SeleniumDriver] [ 1100] - ?   P A S S   ?
[INFO ][2015-12-08 16:48:51,660][com.java.SeleniumDriver] [  821] - ------------------------------------------
[INFO ][2015-12-08 16:48:51,660][com.java.SeleniumDriver] [  822] - Test case being Executed: 7
[INFO ][2015-12-08 16:48:51,660][com.java.SeleniumDriver] [  833] - Test step:38
[INFO ][2015-12-08 16:48:51,660][com.java.SeleniumDriver] [  845] - Datavalue is----------null
[DEBUG][2015-12-08 16:48:51,660][com.java.SeleniumDriver] [  863] - Exception: null
[INFO ][2015-12-08 16:48:51,660][com.java.SeleniumDriver] [  869] - DataField : HDNmenuTools
[INFO ][2015-12-08 16:48:51,660][com.java.SeleniumDriver] [  871] - DataValue : 
[INFO ][2015-12-08 16:48:51,660][com.java.SeleniumDriver] [  877] - <In Set values of the page>
[INFO ][2015-12-08 16:48:51,660][com.java.SeleniumDriver] [  880] - {Data Fields & Data Values Exist}
[INFO ][2015-12-08 16:48:51,660][com.java.SeleniumDriver] [  882] - --------------------------setting values-----------------------------
[INFO ][2015-12-08 16:48:51,660][com.java.SeleniumDriver] [  885] - Action Type : CLICK
[INFO ][2015-12-08 16:48:51,660][com.java.TestType] [ 5774] - Field ::HDNmenuTools
[INFO ][2015-12-08 16:48:53,941][com.java.SeleniumDriver] [  894] -  RESULT true
[INFO ][2015-12-08 16:48:53,941][com.java.SeleniumDriver] [ 1100] - ?   P A S S   ?
[INFO ][2015-12-08 16:48:53,941][com.java.SeleniumDriver] [  821] - ------------------------------------------
[INFO ][2015-12-08 16:48:53,941][com.java.SeleniumDriver] [  822] - Test case being Executed: 7
[INFO ][2015-12-08 16:48:53,941][com.java.SeleniumDriver] [  833] - Test step:39
[INFO ][2015-12-08 16:48:53,941][com.java.SeleniumDriver] [  845] - Datavalue is----------10
[INFO ][2015-12-08 16:48:53,941][com.java.SeleniumDriver] [  869] - DataField : DSPmenuProjectOptions
[INFO ][2015-12-08 16:48:53,941][com.java.SeleniumDriver] [  871] - DataValue : 10
[INFO ][2015-12-08 16:48:53,941][com.java.SeleniumDriver] [  877] - <In Set values of the page>
[INFO ][2015-12-08 16:48:53,941][com.java.SeleniumDriver] [  880] - {Data Fields & Data Values Exist}
[INFO ][2015-12-08 16:48:53,941][com.java.SeleniumDriver] [  882] - --------------------------setting values-----------------------------
[INFO ][2015-12-08 16:48:53,941][com.java.SeleniumDriver] [  885] - Action Type : WAITFORELEMENT
[INFO ][2015-12-08 16:48:55,140][com.java.SeleniumDriver] [  894] -  RESULT true
[INFO ][2015-12-08 16:48:55,140][com.java.SeleniumDriver] [ 1100] - ?   P A S S   ?
[INFO ][2015-12-08 16:48:55,140][com.java.SeleniumDriver] [  821] - ------------------------------------------
[INFO ][2015-12-08 16:48:55,140][com.java.SeleniumDriver] [  822] - Test case being Executed: 7
[INFO ][2015-12-08 16:48:55,140][com.java.SeleniumDriver] [  833] - Test step:40
[INFO ][2015-12-08 16:48:55,140][com.java.SeleniumDriver] [  845] - Datavalue is----------null
[DEBUG][2015-12-08 16:48:55,140][com.java.SeleniumDriver] [  863] - Exception: null
[INFO ][2015-12-08 16:48:55,140][com.java.SeleniumDriver] [  869] - DataField : HDNmenuProjectOptions
[INFO ][2015-12-08 16:48:55,140][com.java.SeleniumDriver] [  871] - DataValue : 
[INFO ][2015-12-08 16:48:55,140][com.java.SeleniumDriver] [  877] - <In Set values of the page>
[INFO ][2015-12-08 16:48:55,140][com.java.SeleniumDriver] [  880] - {Data Fields & Data Values Exist}
[INFO ][2015-12-08 16:48:55,140][com.java.SeleniumDriver] [  882] - --------------------------setting values-----------------------------
[INFO ][2015-12-08 16:48:55,140][com.java.SeleniumDriver] [  885] - Action Type : CLICK
[INFO ][2015-12-08 16:48:55,140][com.java.TestType] [ 5774] - Field ::HDNmenuProjectOptions
[INFO ][2015-12-08 16:48:57,328][com.java.SeleniumDriver] [  894] -  RESULT true
[INFO ][2015-12-08 16:48:57,328][com.java.SeleniumDriver] [ 1100] - ?   P A S S   ?
[INFO ][2015-12-08 16:48:57,328][com.java.SeleniumDriver] [  821] - ------------------------------------------
[INFO ][2015-12-08 16:48:57,328][com.java.SeleniumDriver] [  822] - Test case being Executed: 7
[INFO ][2015-12-08 16:48:57,328][com.java.SeleniumDriver] [  833] - Test step:41
[INFO ][2015-12-08 16:48:57,328][com.java.SeleniumDriver] [  845] - Datavalue is----------null
[DEBUG][2015-12-08 16:48:57,328][com.java.SeleniumDriver] [  863] - Exception: null
[INFO ][2015-12-08 16:48:57,328][com.java.SeleniumDriver] [  869] - DataField : BTNframeDialogContent
[INFO ][2015-12-08 16:48:57,328][com.java.SeleniumDriver] [  871] - DataValue : 
[INFO ][2015-12-08 16:48:57,328][com.java.SeleniumDriver] [  877] - <In Set values of the page>
[INFO ][2015-12-08 16:48:57,328][com.java.SeleniumDriver] [  880] - {Data Fields & Data Values Exist}
[INFO ][2015-12-08 16:48:57,328][com.java.SeleniumDriver] [  882] - --------------------------setting values-----------------------------
[INFO ][2015-12-08 16:48:57,328][com.java.SeleniumDriver] [  885] - Action Type : SELECTFRAME
[INFO ][2015-12-08 16:48:59,209][com.java.SeleniumDriver] [  894] -  RESULT true
[INFO ][2015-12-08 16:48:59,209][com.java.SeleniumDriver] [ 1100] - ?   P A S S   ?
[INFO ][2015-12-08 16:48:59,209][com.java.SeleniumDriver] [  821] - ------------------------------------------
[INFO ][2015-12-08 16:48:59,209][com.java.SeleniumDriver] [  822] - Test case being Executed: 7
[INFO ][2015-12-08 16:48:59,209][com.java.SeleniumDriver] [  833] - Test step:42
[INFO ][2015-12-08 16:48:59,209][com.java.SeleniumDriver] [  845] - Datavalue is----------10
[INFO ][2015-12-08 16:48:59,209][com.java.SeleniumDriver] [  869] - DataField : DSP//li[text()='Project History']
[INFO ][2015-12-08 16:48:59,209][com.java.SeleniumDriver] [  871] - DataValue : 10
[INFO ][2015-12-08 16:48:59,209][com.java.SeleniumDriver] [  877] - <In Set values of the page>
[INFO ][2015-12-08 16:48:59,209][com.java.SeleniumDriver] [  880] - {Data Fields & Data Values Exist}
[INFO ][2015-12-08 16:48:59,209][com.java.SeleniumDriver] [  882] - --------------------------setting values-----------------------------
[INFO ][2015-12-08 16:48:59,209][com.java.SeleniumDriver] [  885] - Action Type : WAITFORELEMENT
[INFO ][2015-12-08 16:48:59,289][com.java.SeleniumDriver] [  894] -  RESULT true
[INFO ][2015-12-08 16:48:59,289][com.java.SeleniumDriver] [ 1100] - ?   P A S S   ?
[INFO ][2015-12-08 16:48:59,289][com.java.SeleniumDriver] [  821] - ------------------------------------------
[INFO ][2015-12-08 16:48:59,289][com.java.SeleniumDriver] [  822] - Test case being Executed: 7
[INFO ][2015-12-08 16:48:59,289][com.java.SeleniumDriver] [  833] - Test step:43
[INFO ][2015-12-08 16:48:59,289][com.java.SeleniumDriver] [  845] - Datavalue is----------null
[DEBUG][2015-12-08 16:48:59,289][com.java.SeleniumDriver] [  863] - Exception: null
[INFO ][2015-12-08 16:48:59,289][com.java.SeleniumDriver] [  869] - DataField : XPH//li[text()='Project History']
[INFO ][2015-12-08 16:48:59,289][com.java.SeleniumDriver] [  871] - DataValue : 
[INFO ][2015-12-08 16:48:59,289][com.java.SeleniumDriver] [  877] - <In Set values of the page>
[INFO ][2015-12-08 16:48:59,289][com.java.SeleniumDriver] [  880] - {Data Fields & Data Values Exist}
[INFO ][2015-12-08 16:48:59,289][com.java.SeleniumDriver] [  882] - --------------------------setting values-----------------------------
[INFO ][2015-12-08 16:48:59,289][com.java.SeleniumDriver] [  885] - Action Type : CLICK
[INFO ][2015-12-08 16:48:59,289][com.java.TestType] [ 5774] - Field ::XPH//li[text()='Project History']
[INFO ][2015-12-08 16:49:00,289][com.java.TestType] [ 5868] - BEFORE CLICK
[INFO ][2015-12-08 16:49:00,969][com.java.TestType] [ 5876] - Unable to click the object ProjectHistory
[INFO ][2015-12-08 16:49:00,969][com.java.SeleniumDriver] [  894] -  RESULT true
[INFO ][2015-12-08 16:49:00,969][com.java.SeleniumDriver] [ 1100] - ?   P A S S   ?
[INFO ][2015-12-08 16:49:00,969][com.java.SeleniumDriver] [  821] - ------------------------------------------
[INFO ][2015-12-08 16:49:00,969][com.java.SeleniumDriver] [  822] - Test case being Executed: 7
[INFO ][2015-12-08 16:49:00,969][com.java.SeleniumDriver] [  833] - Test step:44
[INFO ][2015-12-08 16:49:00,969][com.java.SeleniumDriver] [  845] - Datavalue is----------null
[DEBUG][2015-12-08 16:49:00,969][com.java.SeleniumDriver] [  863] - Exception: null
[INFO ][2015-12-08 16:49:00,969][com.java.SeleniumDriver] [  869] - DataField : //table[@id='tblProjectHistoryRec']/tbody/tr[1]/td[2]
[INFO ][2015-12-08 16:49:00,969][com.java.SeleniumDriver] [  871] - DataValue : 
[INFO ][2015-12-08 16:49:00,969][com.java.SeleniumDriver] [  877] - <In Set values of the page>
[INFO ][2015-12-08 16:49:00,969][com.java.SeleniumDriver] [  880] - {Data Fields & Data Values Exist}
[INFO ][2015-12-08 16:49:00,969][com.java.SeleniumDriver] [  882] - --------------------------setting values-----------------------------
[INFO ][2015-12-08 16:49:00,969][com.java.SeleniumDriver] [  885] - Action Type : GETTABLESIZEAFTER
[INFO ][2015-12-08 16:49:01,020][com.java.SeleniumDriver] [  894] -  RESULT true
[INFO ][2015-12-08 16:49:01,020][com.java.SeleniumDriver] [ 1100] - ?   P A S S   ?
[INFO ][2015-12-08 16:49:01,020][com.java.SeleniumDriver] [  821] - ------------------------------------------
[INFO ][2015-12-08 16:49:01,020][com.java.SeleniumDriver] [  822] - Test case being Executed: 7
[INFO ][2015-12-08 16:49:01,020][com.java.SeleniumDriver] [  833] - Test step:45
[INFO ][2015-12-08 16:49:01,020][com.java.SeleniumDriver] [  845] - Datavalue is----------null
[DEBUG][2015-12-08 16:49:01,020][com.java.SeleniumDriver] [  863] - Exception: null
[INFO ][2015-12-08 16:49:01,020][com.java.SeleniumDriver] [  869] - DataField : BTNParent
[INFO ][2015-12-08 16:49:01,020][com.java.SeleniumDriver] [  871] - DataValue : 
[INFO ][2015-12-08 16:49:01,020][com.java.SeleniumDriver] [  877] - <In Set values of the page>
[INFO ][2015-12-08 16:49:01,020][com.java.SeleniumDriver] [  880] - {Data Fields & Data Values Exist}
[INFO ][2015-12-08 16:49:01,020][com.java.SeleniumDriver] [  882] - --------------------------setting values-----------------------------
[INFO ][2015-12-08 16:49:01,020][com.java.SeleniumDriver] [  885] - Action Type : SELECTFRAME
[INFO ][2015-12-08 16:49:01,030][com.java.SeleniumDriver] [  894] -  RESULT true
[INFO ][2015-12-08 16:49:01,030][com.java.SeleniumDriver] [ 1100] - ?   P A S S   ?
[INFO ][2015-12-08 16:49:01,030][com.java.SeleniumDriver] [  821] - ------------------------------------------
[INFO ][2015-12-08 16:49:01,030][com.java.SeleniumDriver] [  822] - Test case being Executed: 7
[INFO ][2015-12-08 16:49:01,030][com.java.SeleniumDriver] [  833] - Test step:46
[INFO ][2015-12-08 16:49:01,030][com.java.SeleniumDriver] [  845] - Datavalue is----------Forecasting
[INFO ][2015-12-08 16:49:01,030][com.java.SeleniumDriver] [  869] - DataField : TTL
[INFO ][2015-12-08 16:49:01,030][com.java.SeleniumDriver] [  871] - DataValue : Forecasting
[INFO ][2015-12-08 16:49:01,030][com.java.SeleniumDriver] [  877] - <In Set values of the page>
[INFO ][2015-12-08 16:49:01,030][com.java.SeleniumDriver] [  880] - {Data Fields & Data Values Exist}
[INFO ][2015-12-08 16:49:01,030][com.java.SeleniumDriver] [  882] - --------------------------setting values-----------------------------
[INFO ][2015-12-08 16:49:01,030][com.java.SeleniumDriver] [  885] - Action Type : CLOSEWINDOW
[INFO ][2015-12-08 16:49:01,320][com.java.SeleniumDriver] [  894] -  RESULT true
[INFO ][2015-12-08 16:49:01,320][com.java.SeleniumDriver] [ 1100] - ?   P A S S   ?
[INFO ][2015-12-08 16:49:01,320][com.java.SeleniumDriver] [  821] - ------------------------------------------
[INFO ][2015-12-08 16:49:01,320][com.java.SeleniumDriver] [  822] - Test case being Executed: 7
[INFO ][2015-12-08 16:49:01,320][com.java.SeleniumDriver] [  833] - Test step:47
[INFO ][2015-12-08 16:49:01,320][com.java.SeleniumDriver] [  845] - Datavalue is----------Banker'sDashboard
[INFO ][2015-12-08 16:49:01,320][com.java.SeleniumDriver] [  869] - DataField : TTL
[INFO ][2015-12-08 16:49:01,320][com.java.SeleniumDriver] [  871] - DataValue : Banker'sDashboard
[INFO ][2015-12-08 16:49:01,320][com.java.SeleniumDriver] [  877] - <In Set values of the page>
[INFO ][2015-12-08 16:49:01,320][com.java.SeleniumDriver] [  880] - {Data Fields & Data Values Exist}
[INFO ][2015-12-08 16:49:01,320][com.java.SeleniumDriver] [  882] - --------------------------setting values-----------------------------
[INFO ][2015-12-08 16:49:01,320][com.java.SeleniumDriver] [  885] - Action Type : SelectWindow
[INFO ][2015-12-08 16:49:13,741][com.java.SeleniumDriver] [  894] -  RESULT true
[INFO ][2015-12-08 16:49:13,741][com.java.SeleniumDriver] [ 1100] - ?   P A S S   ?
[INFO ][2015-12-08 16:49:13,741][com.java.SeleniumDriver] [  821] - ------------------------------------------
[INFO ][2015-12-08 16:49:13,741][com.java.SeleniumDriver] [  822] - Test case being Executed: 7
[INFO ][2015-12-08 16:49:13,741][com.java.SeleniumDriver] [  833] - Test step:48
[INFO ][2015-12-08 16:49:13,741][com.java.SeleniumDriver] [  845] - Datavalue is----------1
[INFO ][2015-12-08 16:49:13,741][com.java.SeleniumDriver] [  869] - DataField : null
[INFO ][2015-12-08 16:49:13,741][com.java.SeleniumDriver] [  871] - DataValue : 1
[INFO ][2015-12-08 16:49:13,741][com.java.SeleniumDriver] [  877] - <In Set values of the page>
[INFO ][2015-12-08 16:49:13,741][com.java.SeleniumDriver] [  880] - {Data Fields & Data Values Exist}
[INFO ][2015-12-08 16:49:13,741][com.java.SeleniumDriver] [  882] - --------------------------setting values-----------------------------
[INFO ][2015-12-08 16:49:13,741][com.java.SeleniumDriver] [  885] - Action Type : WAITTIME
[DEBUG][2015-12-08 16:49:13,741][com.java.TestType] [ 5266] - sleepTime: 1000
[INFO ][2015-12-08 16:49:14,741][com.java.SeleniumDriver] [  894] -  RESULT true
[INFO ][2015-12-08 16:49:14,741][com.java.SeleniumDriver] [ 1100] - ?   P A S S   ?
[DEBUG][2015-12-08 16:49:14,741][com.java.SeleniumDriver] [ 1212] - Case found
[DEBUG][2015-12-08 16:49:14,741][com.java.SeleniumDriver] [ 1217] - Incrementing ReportCounters[0]:2
[INFO ][2015-12-08 16:49:14,741][com.java.SeleniumDriver] [ 1236] - The results are-------------------[7, 1, Reconcile option, Pass, , Tue Dec 08 16:46:24 IST 2015, 7, 3, Reconcile option, Pass, , Tue Dec 08 16:46:29 IST 2015, 7, 4, Reconcile option, Pass, , Tue Dec 08 16:46:49 IST 2015, 7, 5, Reconcile option, Pass, , Tue Dec 08 16:46:54 IST 2015, 7, 6, Reconcile option, Pass, , Tue Dec 08 16:47:07 IST 2015, 7, 7, Reconcile option, Pass, , Tue Dec 08 16:47:08 IST 2015, 7, 8, Reconcile option, Pass, , Tue Dec 08 16:47:09 IST 2015, 7, 9, Reconcile option, Pass, , Tue Dec 08 16:47:10 IST 2015, 7, 10, Reconcile option, Pass, , Tue Dec 08 16:47:12 IST 2015, 7, 11, Reconcile option, Pass, , Tue Dec 08 16:47:13 IST 2015, 7, 12, Reconcile option, Pass, , Tue Dec 08 16:47:17 IST 2015, 7, 13, Reconcile option, Pass, , Tue Dec 08 16:47:19 IST 2015, 7, 14, Reconcile option, Pass, , Tue Dec 08 16:47:19 IST 2015, 7, 15, Reconcile option, Pass, , Tue Dec 08 16:47:19 IST 2015, 7, 16, Reconcile option, Pass, , Tue Dec 08 16:47:29 IST 2015, 7, 17, Reconcile option, Pass, , Tue Dec 08 16:47:29 IST 2015, 7, 18, Reconcile option, Pass, , Tue Dec 08 16:47:31 IST 2015, 7, 19, Reconcile option, Pass, , Tue Dec 08 16:47:33 IST 2015, 7, 20, Reconcile option, Pass, , Tue Dec 08 16:47:35 IST 2015, 7, 21, Reconcile option, Pass, , Tue Dec 08 16:47:35 IST 2015, 7, 22, Reconcile option, Pass, , Tue Dec 08 16:47:42 IST 2015, 7, 23, Reconcile option, Pass, , Tue Dec 08 16:47:42 IST 2015, 7, 24, Reconcile option, Pass, , Tue Dec 08 16:47:56 IST 2015, 7, 25, Reconcile option, Pass, , Tue Dec 08 16:48:01 IST 2015, 7, 26, Reconcile option, Pass, , Tue Dec 08 16:48:21 IST 2015, 7, 27, Reconcile option, Pass, , Tue Dec 08 16:48:26 IST 2015, 7, 28, Reconcile option, Pass, , Tue Dec 08 16:48:39 IST 2015, 7, 29, Reconcile option, Pass, , Tue Dec 08 16:48:39 IST 2015, 7, 30, Reconcile option, Pass, , Tue Dec 08 16:48:39 IST 2015, 7, 31, Reconcile option, Pass, , Tue Dec 08 16:48:39 IST 2015, 7, 32, Reconcile option, Pass, , Tue Dec 08 16:48:40 IST 2015, 7, 33, Reconcile option, Pass, , Tue Dec 08 16:48:41 IST 2015, 7, 34, Reconcile option, Pass, , Tue Dec 08 16:48:45 IST 2015, 7, 35, Reconcile option, Pass, , Tue Dec 08 16:48:49 IST 2015, 7, 36, Reconcile option, Pass, , Tue Dec 08 16:48:51 IST 2015, 7, 37, Reconcile option, Pass, , Tue Dec 08 16:48:51 IST 2015, 7, 38, Reconcile option, Pass, , Tue Dec 08 16:48:53 IST 2015, 7, 39, Reconcile option, Pass, , Tue Dec 08 16:48:55 IST 2015, 7, 40, Reconcile option, Pass, , Tue Dec 08 16:48:57 IST 2015, 7, 41, Reconcile option, Pass, , Tue Dec 08 16:48:59 IST 2015, 7, 42, Reconcile option, Pass, , Tue Dec 08 16:48:59 IST 2015, 7, 43, Reconcile option, Pass, , Tue Dec 08 16:49:00 IST 2015, 7, 44, Reconcile option, Pass, , Tue Dec 08 16:49:01 IST 2015, 7, 45, Reconcile option, Pass, , Tue Dec 08 16:49:01 IST 2015, 7, 46, Reconcile option, Pass, , Tue Dec 08 16:49:01 IST 2015, 7, 47, Reconcile option, Pass, , Tue Dec 08 16:49:13 IST 2015, 7, 48, Reconcile option, Pass, , Tue Dec 08 16:49:14 IST 2015]
[INFO ][2015-12-08 16:49:14,741][com.java.SeleniumDriver] [ 1240] - End time is-------3 min 46 sec
[INFO ][2015-12-08 16:49:14,741][com.java.SeleniumDriver] [ 1241] - The results are-------------------[7, 1, Reconcile option, Pass, , Tue Dec 08 16:46:24 IST 2015, 7, 3, Reconcile option, Pass, , Tue Dec 08 16:46:29 IST 2015, 7, 4, Reconcile option, Pass, , Tue Dec 08 16:46:49 IST 2015, 7, 5, Reconcile option, Pass, , Tue Dec 08 16:46:54 IST 2015, 7, 6, Reconcile option, Pass, , Tue Dec 08 16:47:07 IST 2015, 7, 7, Reconcile option, Pass, , Tue Dec 08 16:47:08 IST 2015, 7, 8, Reconcile option, Pass, , Tue Dec 08 16:47:09 IST 2015, 7, 9, Reconcile option, Pass, , Tue Dec 08 16:47:10 IST 2015, 7, 10, Reconcile option, Pass, , Tue Dec 08 16:47:12 IST 2015, 7, 11, Reconcile option, Pass, , Tue Dec 08 16:47:13 IST 2015, 7, 12, Reconcile option, Pass, , Tue Dec 08 16:47:17 IST 2015, 7, 13, Reconcile option, Pass, , Tue Dec 08 16:47:19 IST 2015, 7, 14, Reconcile option, Pass, , Tue Dec 08 16:47:19 IST 2015, 7, 15, Reconcile option, Pass, , Tue Dec 08 16:47:19 IST 2015, 7, 16, Reconcile option, Pass, , Tue Dec 08 16:47:29 IST 2015, 7, 17, Reconcile option, Pass, , Tue Dec 08 16:47:29 IST 2015, 7, 18, Reconcile option, Pass, , Tue Dec 08 16:47:31 IST 2015, 7, 19, Reconcile option, Pass, , Tue Dec 08 16:47:33 IST 2015, 7, 20, Reconcile option, Pass, , Tue Dec 08 16:47:35 IST 2015, 7, 21, Reconcile option, Pass, , Tue Dec 08 16:47:35 IST 2015, 7, 22, Reconcile option, Pass, , Tue Dec 08 16:47:42 IST 2015, 7, 23, Reconcile option, Pass, , Tue Dec 08 16:47:42 IST 2015, 7, 24, Reconcile option, Pass, , Tue Dec 08 16:47:56 IST 2015, 7, 25, Reconcile option, Pass, , Tue Dec 08 16:48:01 IST 2015, 7, 26, Reconcile option, Pass, , Tue Dec 08 16:48:21 IST 2015, 7, 27, Reconcile option, Pass, , Tue Dec 08 16:48:26 IST 2015, 7, 28, Reconcile option, Pass, , Tue Dec 08 16:48:39 IST 2015, 7, 29, Reconcile option, Pass, , Tue Dec 08 16:48:39 IST 2015, 7, 30, Reconcile option, Pass, , Tue Dec 08 16:48:39 IST 2015, 7, 31, Reconcile option, Pass, , Tue Dec 08 16:48:39 IST 2015, 7, 32, Reconcile option, Pass, , Tue Dec 08 16:48:40 IST 2015, 7, 33, Reconcile option, Pass, , Tue Dec 08 16:48:41 IST 2015, 7, 34, Reconcile option, Pass, , Tue Dec 08 16:48:45 IST 2015, 7, 35, Reconcile option, Pass, , Tue Dec 08 16:48:49 IST 2015, 7, 36, Reconcile option, Pass, , Tue Dec 08 16:48:51 IST 2015, 7, 37, Reconcile option, Pass, , Tue Dec 08 16:48:51 IST 2015, 7, 38, Reconcile option, Pass, , Tue Dec 08 16:48:53 IST 2015, 7, 39, Reconcile option, Pass, , Tue Dec 08 16:48:55 IST 2015, 7, 40, Reconcile option, Pass, , Tue Dec 08 16:48:57 IST 2015, 7, 41, Reconcile option, Pass, , Tue Dec 08 16:48:59 IST 2015, 7, 42, Reconcile option, Pass, , Tue Dec 08 16:48:59 IST 2015, 7, 43, Reconcile option, Pass, , Tue Dec 08 16:49:00 IST 2015, 7, 44, Reconcile option, Pass, , Tue Dec 08 16:49:01 IST 2015, 7, 45, Reconcile option, Pass, , Tue Dec 08 16:49:01 IST 2015, 7, 46, Reconcile option, Pass, , Tue Dec 08 16:49:01 IST 2015, 7, 47, Reconcile option, Pass, , Tue Dec 08 16:49:13 IST 2015, 7, 48, Reconcile option, Pass, , Tue Dec 08 16:49:14 IST 2015]
[DEBUG][2015-12-08 16:49:14,741][com.java.ImportnExport.ExportTestResultsExcel] [  222] - testResultPath = D:\BankersDashboard/TestReports/Test Results_BankersDashBoard_120815_164530_IE10_CB&S Bank.xls
[DEBUG][2015-12-08 16:49:14,741][com.java.ImportnExport.ExportTestResultsExcel] [  223] - browser is------------IE10
[DEBUG][2015-12-08 16:49:14,741][com.java.ImportnExport.ExportTestResultsExcel] [  270] - result.size() = 282
[DEBUG][2015-12-08 16:49:14,741][com.java.ImportnExport.ExportTestResultsExcel] [  274] - No of rows in sheet=2
[DEBUG][2015-12-08 16:49:14,741][com.java.ImportnExport.ExportTestResultsExcel] [  301] - ..in export..7
[DEBUG][2015-12-08 16:49:14,741][com.java.ImportnExport.ExportTestResultsExcel] [  301] - ..in export..Reconcile option
[DEBUG][2015-12-08 16:49:14,741][com.java.ImportnExport.ExportTestResultsExcel] [  301] - ..in export..Pass
[DEBUG][2015-12-08 16:49:14,741][com.java.ImportnExport.ExportTestResultsExcel] [  301] - ..in export..
[DEBUG][2015-12-08 16:49:14,741][com.java.ImportnExport.ExportTestResultsExcel] [  301] - ..in export..Tue Dec 08 16:46:24 IST 2015
[INFO ][2015-12-08 16:49:14,741][com.java.SeleniumDriver] [ 1299] - out loop:1 size:4 TestCases:[1, 7, 8, 9] testcases:[1, 7, 8, 9]
[INFO ][2015-12-08 16:49:14,741][com.java.ImportnExport.ImportTestDataDetailsExcel] [   49] - test data details path===== D:\BankersDashboard\TestInputs\TestData.xls
[INFO ][2015-12-08 16:49:39,268][com.java.SeleniumDriver] [  821] - ------------------------------------------
[INFO ][2015-12-08 16:49:39,268][com.java.SeleniumDriver] [  822] - Test case being Executed: 8
[INFO ][2015-12-08 16:49:39,268][com.java.SeleniumDriver] [  833] - Test step:1
[INFO ][2015-12-08 16:49:39,268][com.java.SeleniumDriver] [  845] - Datavalue is----------Logout
[INFO ][2015-12-08 16:49:39,268][com.java.SeleniumDriver] [  869] - DataField : BTN
[INFO ][2015-12-08 16:49:39,268][com.java.SeleniumDriver] [  871] - DataValue : Logout
[INFO ][2015-12-08 16:49:39,268][com.java.SeleniumDriver] [  877] - <In Set values of the page>
[INFO ][2015-12-08 16:49:39,268][com.java.SeleniumDriver] [  880] - {Data Fields & Data Values Exist}
[INFO ][2015-12-08 16:49:39,268][com.java.SeleniumDriver] [  882] - --------------------------setting values-----------------------------
[INFO ][2015-12-08 16:49:39,268][com.java.SeleniumDriver] [  885] - Action Type : Verify
[INFO ][2015-12-08 16:49:39,268][com.java.TestType] [ 6674] - field= BTN value= Logout
[INFO ][2015-12-08 16:49:39,268][com.java.TestType] [ 5446] - value = Logout
[INFO ][2015-12-08 16:49:39,329][com.java.SeleniumDriver] [  894] -  RESULT true
[INFO ][2015-12-08 16:49:39,329][com.java.SeleniumDriver] [ 1100] - ?   P A S S   ?
[INFO ][2015-12-08 16:49:39,329][com.java.SeleniumDriver] [ 1142] - step change to 3
[INFO ][2015-12-08 16:49:39,329][com.java.SeleniumDriver] [  821] - ------------------------------------------
[INFO ][2015-12-08 16:49:39,329][com.java.SeleniumDriver] [  822] - Test case being Executed: 8
[INFO ][2015-12-08 16:49:39,329][com.java.SeleniumDriver] [  833] - Test step:3
[INFO ][2015-12-08 16:49:39,329][com.java.SeleniumDriver] [  845] - Datavalue is----------Concept#2:1-2
[INFO ][2015-12-08 16:49:39,329][com.java.SeleniumDriver] [  869] - DataField : test
[INFO ][2015-12-08 16:49:39,329][com.java.SeleniumDriver] [  871] - DataValue : Concept#2:1-2
[INFO ][2015-12-08 16:49:39,329][com.java.SeleniumDriver] [  877] - <In Set values of the page>
[INFO ][2015-12-08 16:49:39,329][com.java.SeleniumDriver] [  880] - {Data Fields & Data Values Exist}
[INFO ][2015-12-08 16:49:39,329][com.java.SeleniumDriver] [  882] - --------------------------setting values-----------------------------
[INFO ][2015-12-08 16:49:39,329][com.java.SeleniumDriver] [  885] - Action Type : ExecuteTestCase
[INFO ][2015-12-08 16:49:39,329][com.java.TestType] [  436] - The Concept sheet name is ---------- Concept
[INFO ][2015-12-08 16:49:39,329][com.java.TestType] [  439] - The Concept ID  is ---------- 2
[DEBUG][2015-12-08 16:49:39,329][com.java.TestType] [  443] - Steps being executted in the Concept are: 1:2
[INFO ][2015-12-08 16:49:39,329][com.java.TestType] [  450] - Test data details path ---------- D:\BankersDashboard\TestInputs\TestData.xls
[INFO ][2015-12-08 16:49:39,359][com.java.TestType] [  481] -  str(1) = 2
[INFO ][2015-12-08 16:49:39,359][com.java.TestType] [  484] - Test case Id is---2
[INFO ][2015-12-08 16:49:39,359][com.java.TestType] [  486] - 2
[INFO ][2015-12-08 16:49:39,359][com.java.TestType] [  481] -  str(2) = 1
[INFO ][2015-12-08 16:49:39,359][com.java.TestType] [  533] - row values are--------{1=com.java.Objects.TestDataDetails@18662d}
[INFO ][2015-12-08 16:49:39,359][com.java.TestType] [  481] -  str(1) = 2
[INFO ][2015-12-08 16:49:39,359][com.java.TestType] [  484] - Test case Id is---2
[INFO ][2015-12-08 16:49:39,359][com.java.TestType] [  486] - 2
[INFO ][2015-12-08 16:49:39,359][com.java.TestType] [  481] -  str(2) = 2
[INFO ][2015-12-08 16:49:39,359][com.java.TestType] [  533] - row values are--------{1=com.java.Objects.TestDataDetails@18662d, 2=com.java.Objects.TestDataDetails@5b3a6}
[INFO ][2015-12-08 16:49:39,359][com.java.TestType] [  481] -  str(1) = 2
[INFO ][2015-12-08 16:49:39,359][com.java.TestType] [  484] - Test case Id is---2
[INFO ][2015-12-08 16:49:39,359][com.java.TestType] [  486] - 2
[INFO ][2015-12-08 16:49:39,359][com.java.TestType] [  481] -  str(2) = 3
[INFO ][2015-12-08 16:49:39,359][com.java.TestType] [  533] - row values are--------{1=com.java.Objects.TestDataDetails@18662d, 2=com.java.Objects.TestDataDetails@5b3a6, 3=com.java.Objects.TestDataDetails@1f90731}
[INFO ][2015-12-08 16:49:39,359][com.java.TestType] [ 9982] - Looping 1TCID = 2
[DEBUG][2015-12-08 16:49:39,359][com.java.TestType] [10023] - Concept ID:2 :: Step being Executed: 2::1
[INFO ][2015-12-08 16:49:39,359][com.java.TestType] [10061] - dataFields : BNK//select[@id='bank']
[DEBUG][2015-12-08 16:49:39,359][com.java.TestType] [10067] - <In Set values of the page>
[DEBUG][2015-12-08 16:49:39,359][com.java.TestType] [10072] - {Data Fields & Data Values Exist}
[INFO ][2015-12-08 16:49:39,359][com.java.TestType] [10078] - --------------------------setting values-----------------------------
[INFO ][2015-12-08 16:49:39,359][com.java.TestType] [10081] - Action Type : Select
[INFO ][2015-12-08 16:49:39,359][com.java.TestType] [ 5446] - value = PFC
[INFO ][2015-12-08 16:49:39,559][com.java.TestType] [10100] -  RESULT true
[INFO ][2015-12-08 16:49:39,559][com.java.TestType] [10217] - ?   P A S S   ?
[DEBUG][2015-12-08 16:49:39,559][com.java.TestType] [10023] - Concept ID:2 :: Step being Executed: 2::2
[INFO ][2015-12-08 16:49:39,559][com.java.TestType] [10061] - dataFields : LNKLogout
[DEBUG][2015-12-08 16:49:39,559][com.java.TestType] [10067] - <In Set values of the page>
[DEBUG][2015-12-08 16:49:39,559][com.java.TestType] [10072] - {Data Fields & Data Values Exist}
[INFO ][2015-12-08 16:49:39,559][com.java.TestType] [10078] - --------------------------setting values-----------------------------
[INFO ][2015-12-08 16:49:39,559][com.java.TestType] [10081] - Action Type : WaitTime
[DEBUG][2015-12-08 16:49:39,559][com.java.TestType] [ 5266] - sleepTime: 5000
[INFO ][2015-12-08 16:49:44,560][com.java.TestType] [10100] -  RESULT true
[INFO ][2015-12-08 16:49:44,560][com.java.TestType] [10217] - ?   P A S S   ?
[INFO ][2015-12-08 16:49:44,560][com.java.TestType] [10288] - Looping End......
[INFO ][2015-12-08 16:49:44,560][com.java.SeleniumDriver] [  894] -  RESULT true
[INFO ][2015-12-08 16:49:44,560][com.java.SeleniumDriver] [ 1100] - ?   P A S S   ?
[INFO ][2015-12-08 16:49:44,560][com.java.SeleniumDriver] [  821] - ------------------------------------------
[INFO ][2015-12-08 16:49:44,560][com.java.SeleniumDriver] [  822] - Test case being Executed: 8
[INFO ][2015-12-08 16:49:44,560][com.java.SeleniumDriver] [  833] - Test step:4
[INFO ][2015-12-08 16:49:44,560][com.java.SeleniumDriver] [  845] - Datavalue is----------null
[DEBUG][2015-12-08 16:49:44,560][com.java.SeleniumDriver] [  863] - Exception: null
[INFO ][2015-12-08 16:49:44,560][com.java.SeleniumDriver] [  869] - DataField : //span[@class='icon-stats']&&//a[@data-id="Forecasting"]
[INFO ][2015-12-08 16:49:44,560][com.java.SeleniumDriver] [  871] - DataValue : 
[INFO ][2015-12-08 16:49:44,560][com.java.SeleniumDriver] [  877] - <In Set values of the page>
[INFO ][2015-12-08 16:49:44,560][com.java.SeleniumDriver] [  880] - {Data Fields & Data Values Exist}
[INFO ][2015-12-08 16:49:44,560][com.java.SeleniumDriver] [  882] - --------------------------setting values-----------------------------
[INFO ][2015-12-08 16:49:44,560][com.java.SeleniumDriver] [  885] - Action Type : MOUSEOVER
[INFO ][2015-12-08 16:50:04,395][com.java.SeleniumDriver] [  894] -  RESULT true
[INFO ][2015-12-08 16:50:04,395][com.java.SeleniumDriver] [ 1100] - ?   P A S S   ?
[INFO ][2015-12-08 16:50:04,395][com.java.SeleniumDriver] [  821] - ------------------------------------------
[INFO ][2015-12-08 16:50:04,395][com.java.SeleniumDriver] [  822] - Test case being Executed: 8
[INFO ][2015-12-08 16:50:04,395][com.java.SeleniumDriver] [  833] - Test step:5
[INFO ][2015-12-08 16:50:04,395][com.java.SeleniumDriver] [  845] - Datavalue is----------5
[INFO ][2015-12-08 16:50:04,395][com.java.SeleniumDriver] [  869] - DataField : null
[INFO ][2015-12-08 16:50:04,395][com.java.SeleniumDriver] [  871] - DataValue : 5
[INFO ][2015-12-08 16:50:04,395][com.java.SeleniumDriver] [  877] - <In Set values of the page>
[INFO ][2015-12-08 16:50:04,395][com.java.SeleniumDriver] [  880] - {Data Fields & Data Values Exist}
[INFO ][2015-12-08 16:50:04,395][com.java.SeleniumDriver] [  882] - --------------------------setting values-----------------------------
[INFO ][2015-12-08 16:50:04,395][com.java.SeleniumDriver] [  885] - Action Type : WAITTIME
[DEBUG][2015-12-08 16:50:04,395][com.java.TestType] [ 5266] - sleepTime: 5000
[INFO ][2015-12-08 16:50:09,396][com.java.SeleniumDriver] [  894] -  RESULT true
[INFO ][2015-12-08 16:50:09,396][com.java.SeleniumDriver] [ 1100] - ?   P A S S   ?
[INFO ][2015-12-08 16:50:09,396][com.java.SeleniumDriver] [  821] - ------------------------------------------
[INFO ][2015-12-08 16:50:09,396][com.java.SeleniumDriver] [  822] - Test case being Executed: 8
[INFO ][2015-12-08 16:50:09,396][com.java.SeleniumDriver] [  833] - Test step:6
[INFO ][2015-12-08 16:50:09,396][com.java.SeleniumDriver] [  845] - Datavalue is----------Forecasting 
[INFO ][2015-12-08 16:50:09,396][com.java.SeleniumDriver] [  869] - DataField : TTL
[INFO ][2015-12-08 16:50:09,396][com.java.SeleniumDriver] [  871] - DataValue : Forecasting 
[INFO ][2015-12-08 16:50:09,396][com.java.SeleniumDriver] [  877] - <In Set values of the page>
[INFO ][2015-12-08 16:50:09,396][com.java.SeleniumDriver] [  880] - {Data Fields & Data Values Exist}
[INFO ][2015-12-08 16:50:09,396][com.java.SeleniumDriver] [  882] - --------------------------setting values-----------------------------
[INFO ][2015-12-08 16:50:09,396][com.java.SeleniumDriver] [  885] - Action Type : SELECTWINDOW
[INFO ][2015-12-08 16:50:21,968][com.java.SeleniumDriver] [  894] -  RESULT true
[INFO ][2015-12-08 16:50:21,968][com.java.SeleniumDriver] [ 1100] - ?   P A S S   ?
[INFO ][2015-12-08 16:50:21,968][com.java.SeleniumDriver] [  821] - ------------------------------------------
[INFO ][2015-12-08 16:50:21,968][com.java.SeleniumDriver] [  822] - Test case being Executed: 8
[INFO ][2015-12-08 16:50:21,968][com.java.SeleniumDriver] [  833] - Test step:7
[INFO ][2015-12-08 16:50:21,968][com.java.SeleniumDriver] [  845] - Datavalue is----------10
[INFO ][2015-12-08 16:50:21,968][com.java.SeleniumDriver] [  869] - DataField : DSP//span[contains(text(),'Forecasting')]
[INFO ][2015-12-08 16:50:21,968][com.java.SeleniumDriver] [  871] - DataValue : 10
[INFO ][2015-12-08 16:50:21,968][com.java.SeleniumDriver] [  877] - <In Set values of the page>
[INFO ][2015-12-08 16:50:21,968][com.java.SeleniumDriver] [  880] - {Data Fields & Data Values Exist}
[INFO ][2015-12-08 16:50:21,968][com.java.SeleniumDriver] [  882] - --------------------------setting values-----------------------------
[INFO ][2015-12-08 16:50:21,968][com.java.SeleniumDriver] [  885] - Action Type : WAITFORELEMENT
[INFO ][2015-12-08 16:50:22,098][com.java.SeleniumDriver] [  894] -  RESULT true
[INFO ][2015-12-08 16:50:22,098][com.java.SeleniumDriver] [ 1100] - ?   P A S S   ?
[INFO ][2015-12-08 16:50:22,098][com.java.SeleniumDriver] [  821] - ------------------------------------------
[INFO ][2015-12-08 16:50:22,098][com.java.SeleniumDriver] [  822] - Test case being Executed: 8
[INFO ][2015-12-08 16:50:22,098][com.java.SeleniumDriver] [  833] - Test step:8
[INFO ][2015-12-08 16:50:22,098][com.java.SeleniumDriver] [  845] - Datavalue is----------Forecasting 
[INFO ][2015-12-08 16:50:22,098][com.java.SeleniumDriver] [  869] - DataField : XPH//span[contains(text(),'Forecasting')]
[INFO ][2015-12-08 16:50:22,098][com.java.SeleniumDriver] [  871] - DataValue : Forecasting 
[INFO ][2015-12-08 16:50:22,098][com.java.SeleniumDriver] [  877] - <In Set values of the page>
[INFO ][2015-12-08 16:50:22,098][com.java.SeleniumDriver] [  880] - {Data Fields & Data Values Exist}
[INFO ][2015-12-08 16:50:22,098][com.java.SeleniumDriver] [  882] - --------------------------setting values-----------------------------
[INFO ][2015-12-08 16:50:22,098][com.java.SeleniumDriver] [  885] - Action Type : VERIFY
[INFO ][2015-12-08 16:50:22,098][com.java.TestType] [ 6674] - field= XPH//span[contains(text(),'Forecasting')] value= Forecasting 
[INFO ][2015-12-08 16:50:22,098][com.java.TestType] [ 5446] - value = Forecasting 
[INFO ][2015-12-08 16:50:22,238][com.java.SeleniumDriver] [  894] -  RESULT true
[INFO ][2015-12-08 16:50:22,238][com.java.SeleniumDriver] [ 1100] - ?   P A S S   ?
[INFO ][2015-12-08 16:50:22,238][com.java.SeleniumDriver] [  821] - ------------------------------------------
[INFO ][2015-12-08 16:50:22,238][com.java.SeleniumDriver] [  822] - Test case being Executed: 8
[INFO ][2015-12-08 16:50:22,238][com.java.SeleniumDriver] [  833] - Test step:9
[INFO ][2015-12-08 16:50:22,238][com.java.SeleniumDriver] [  845] - Datavalue is----------null
[DEBUG][2015-12-08 16:50:22,238][com.java.SeleniumDriver] [  863] - Exception: null
[INFO ][2015-12-08 16:50:22,238][com.java.SeleniumDriver] [  869] - DataField : BTNframeDialogContent
[INFO ][2015-12-08 16:50:22,238][com.java.SeleniumDriver] [  871] - DataValue : 
[INFO ][2015-12-08 16:50:22,238][com.java.SeleniumDriver] [  877] - <In Set values of the page>
[INFO ][2015-12-08 16:50:22,238][com.java.SeleniumDriver] [  880] - {Data Fields & Data Values Exist}
[INFO ][2015-12-08 16:50:22,238][com.java.SeleniumDriver] [  882] - --------------------------setting values-----------------------------
[INFO ][2015-12-08 16:50:22,238][com.java.SeleniumDriver] [  885] - Action Type : SELECTFRAME
[INFO ][2015-12-08 16:50:23,369][com.java.SeleniumDriver] [  894] -  RESULT true
[INFO ][2015-12-08 16:50:23,369][com.java.SeleniumDriver] [ 1100] - ?   P A S S   ?
[INFO ][2015-12-08 16:50:23,369][com.java.SeleniumDriver] [  821] - ------------------------------------------
[INFO ][2015-12-08 16:50:23,369][com.java.SeleniumDriver] [  822] - Test case being Executed: 8
[INFO ][2015-12-08 16:50:23,369][com.java.SeleniumDriver] [  833] - Test step:10
[INFO ][2015-12-08 16:50:23,369][com.java.SeleniumDriver] [  845] - Datavalue is----------10
[INFO ][2015-12-08 16:50:23,369][com.java.SeleniumDriver] [  869] - DataField : DSPddlProjects
[INFO ][2015-12-08 16:50:23,369][com.java.SeleniumDriver] [  871] - DataValue : 10
[INFO ][2015-12-08 16:50:23,369][com.java.SeleniumDriver] [  877] - <In Set values of the page>
[INFO ][2015-12-08 16:50:23,369][com.java.SeleniumDriver] [  880] - {Data Fields & Data Values Exist}
[INFO ][2015-12-08 16:50:23,369][com.java.SeleniumDriver] [  882] - --------------------------setting values-----------------------------
[INFO ][2015-12-08 16:50:23,369][com.java.SeleniumDriver] [  885] - Action Type : WAITFORELEMENT
[INFO ][2015-12-08 16:50:24,470][com.java.SeleniumDriver] [  894] -  RESULT true
[INFO ][2015-12-08 16:50:24,470][com.java.SeleniumDriver] [ 1100] - ?   P A S S   ?
[INFO ][2015-12-08 16:50:24,470][com.java.SeleniumDriver] [  821] - ------------------------------------------
[INFO ][2015-12-08 16:50:24,470][com.java.SeleniumDriver] [  822] - Test case being Executed: 8
[INFO ][2015-12-08 16:50:24,470][com.java.SeleniumDriver] [  833] - Test step:11
[INFO ][2015-12-08 16:50:24,470][com.java.SeleniumDriver] [  845] - Datavalue is----------index:1
[INFO ][2015-12-08 16:50:24,470][com.java.SeleniumDriver] [  869] - DataField : COBddlProjects
[INFO ][2015-12-08 16:50:24,470][com.java.SeleniumDriver] [  871] - DataValue : index:1
[INFO ][2015-12-08 16:50:24,470][com.java.SeleniumDriver] [  877] - <In Set values of the page>
[INFO ][2015-12-08 16:50:24,470][com.java.SeleniumDriver] [  880] - {Data Fields & Data Values Exist}
[INFO ][2015-12-08 16:50:24,470][com.java.SeleniumDriver] [  882] - --------------------------setting values-----------------------------
[INFO ][2015-12-08 16:50:24,470][com.java.SeleniumDriver] [  885] - Action Type : SELECT
[INFO ][2015-12-08 16:50:24,470][com.java.TestType] [ 5446] - value = 1
[INFO ][2015-12-08 16:50:25,561][com.java.TestType] [ 5564] -  In COB ddlProjects : 1
[INFO ][2015-12-08 16:50:25,701][com.java.SeleniumDriver] [  894] -  RESULT true
[INFO ][2015-12-08 16:50:25,701][com.java.SeleniumDriver] [ 1100] - ?   P A S S   ?
[INFO ][2015-12-08 16:50:25,701][com.java.SeleniumDriver] [ 1137] - Continue next step...
[INFO ][2015-12-08 16:50:25,701][com.java.SeleniumDriver] [  821] - ------------------------------------------
[INFO ][2015-12-08 16:50:25,701][com.java.SeleniumDriver] [  822] - Test case being Executed: 8
[INFO ][2015-12-08 16:50:25,701][com.java.SeleniumDriver] [  833] - Test step:12
[INFO ][2015-12-08 16:50:25,701][com.java.SeleniumDriver] [  845] - Datavalue is----------CurrentProject
[INFO ][2015-12-08 16:50:25,701][com.java.SeleniumDriver] [  869] - DataField : SLBddlProjects
[INFO ][2015-12-08 16:50:25,701][com.java.SeleniumDriver] [  871] - DataValue : CurrentProject
[INFO ][2015-12-08 16:50:25,701][com.java.SeleniumDriver] [  877] - <In Set values of the page>
[INFO ][2015-12-08 16:50:25,701][com.java.SeleniumDriver] [  880] - {Data Fields & Data Values Exist}
[INFO ][2015-12-08 16:50:25,701][com.java.SeleniumDriver] [  882] - --------------------------setting values-----------------------------
[INFO ][2015-12-08 16:50:25,701][com.java.SeleniumDriver] [  885] - Action Type : storevalue
[INFO ][2015-12-08 16:50:25,701][com.java.TestType] [ 7852] - field= SLBddlProjects
[INFO ][2015-12-08 16:50:26,872][com.java.SeleniumDriver] [  894] -  RESULT true
[INFO ][2015-12-08 16:50:26,872][com.java.SeleniumDriver] [ 1100] - ?   P A S S   ?
[INFO ][2015-12-08 16:50:26,872][com.java.SeleniumDriver] [  821] - ------------------------------------------
[INFO ][2015-12-08 16:50:26,872][com.java.SeleniumDriver] [  822] - Test case being Executed: 8
[INFO ][2015-12-08 16:50:26,872][com.java.SeleniumDriver] [  833] - Test step:13
[INFO ][2015-12-08 16:50:26,872][com.java.SeleniumDriver] [  845] - Datavalue is----------null
[DEBUG][2015-12-08 16:50:26,872][com.java.SeleniumDriver] [  863] - Exception: null
[INFO ][2015-12-08 16:50:26,872][com.java.SeleniumDriver] [  869] - DataField : HDNbtnOpenProject
[INFO ][2015-12-08 16:50:26,872][com.java.SeleniumDriver] [  871] - DataValue : 
[INFO ][2015-12-08 16:50:26,872][com.java.SeleniumDriver] [  877] - <In Set values of the page>
[INFO ][2015-12-08 16:50:26,872][com.java.SeleniumDriver] [  880] - {Data Fields & Data Values Exist}
[INFO ][2015-12-08 16:50:26,872][com.java.SeleniumDriver] [  882] - --------------------------setting values-----------------------------
[INFO ][2015-12-08 16:50:26,872][com.java.SeleniumDriver] [  885] - Action Type : CLICKWITHALERT
[INFO ][2015-12-08 16:50:26,872][com.java.TestType] [ 5774] - Field ::HDNbtnOpenProject
[INFO ][2015-12-08 16:50:30,573][com.java.SeleniumDriver] [  894] -  RESULT true
[INFO ][2015-12-08 16:50:30,573][com.java.SeleniumDriver] [ 1100] - ?   P A S S   ?
[INFO ][2015-12-08 16:50:30,573][com.java.SeleniumDriver] [  821] - ------------------------------------------
[INFO ][2015-12-08 16:50:30,573][com.java.SeleniumDriver] [  822] - Test case being Executed: 8
[INFO ][2015-12-08 16:50:30,573][com.java.SeleniumDriver] [  833] - Test step:14
[INFO ][2015-12-08 16:50:30,573][com.java.SeleniumDriver] [  845] - Datavalue is----------2
[INFO ][2015-12-08 16:50:30,573][com.java.SeleniumDriver] [  869] - DataField : null
[INFO ][2015-12-08 16:50:30,573][com.java.SeleniumDriver] [  871] - DataValue : 2
[INFO ][2015-12-08 16:50:30,573][com.java.SeleniumDriver] [  877] - <In Set values of the page>
[INFO ][2015-12-08 16:50:30,573][com.java.SeleniumDriver] [  880] - {Data Fields & Data Values Exist}
[INFO ][2015-12-08 16:50:30,573][com.java.SeleniumDriver] [  882] - --------------------------setting values-----------------------------
[INFO ][2015-12-08 16:50:30,573][com.java.SeleniumDriver] [  885] - Action Type : WAITTIME
[DEBUG][2015-12-08 16:50:30,573][com.java.TestType] [ 5266] - sleepTime: 2000
[INFO ][2015-12-08 16:50:32,574][com.java.SeleniumDriver] [  894] -  RESULT true
[INFO ][2015-12-08 16:50:32,574][com.java.SeleniumDriver] [ 1100] - ?   P A S S   ?
[INFO ][2015-12-08 16:50:32,574][com.java.SeleniumDriver] [  821] - ------------------------------------------
[INFO ][2015-12-08 16:50:32,574][com.java.SeleniumDriver] [  822] - Test case being Executed: 8
[INFO ][2015-12-08 16:50:32,574][com.java.SeleniumDriver] [  833] - Test step:15
[INFO ][2015-12-08 16:50:32,574][com.java.SeleniumDriver] [  845] - Datavalue is----------null
[DEBUG][2015-12-08 16:50:32,574][com.java.SeleniumDriver] [  863] - Exception: null
[INFO ][2015-12-08 16:50:32,574][com.java.SeleniumDriver] [  869] - DataField : BTNParent
[INFO ][2015-12-08 16:50:32,574][com.java.SeleniumDriver] [  871] - DataValue : 
[INFO ][2015-12-08 16:50:32,574][com.java.SeleniumDriver] [  877] - <In Set values of the page>
[INFO ][2015-12-08 16:50:32,574][com.java.SeleniumDriver] [  880] - {Data Fields & Data Values Exist}
[INFO ][2015-12-08 16:50:32,574][com.java.SeleniumDriver] [  882] - --------------------------setting values-----------------------------
[INFO ][2015-12-08 16:50:32,574][com.java.SeleniumDriver] [  885] - Action Type : SELECTFRAME
[INFO ][2015-12-08 16:50:32,575][com.java.SeleniumDriver] [  894] -  RESULT true
[INFO ][2015-12-08 16:50:32,575][com.java.SeleniumDriver] [ 1100] - ?   P A S S   ?
[INFO ][2015-12-08 16:50:32,575][com.java.SeleniumDriver] [  821] - ------------------------------------------
[INFO ][2015-12-08 16:50:32,575][com.java.SeleniumDriver] [  822] - Test case being Executed: 8
[INFO ][2015-12-08 16:50:32,575][com.java.SeleniumDriver] [  833] - Test step:16
[INFO ][2015-12-08 16:50:32,575][com.java.SeleniumDriver] [  845] - Datavalue is----------10
[INFO ][2015-12-08 16:50:32,575][com.java.SeleniumDriver] [  869] - DataField : DSP//span[@id='lblProject']
[INFO ][2015-12-08 16:50:32,575][com.java.SeleniumDriver] [  871] - DataValue : 10
[INFO ][2015-12-08 16:50:32,575][com.java.SeleniumDriver] [  877] - <In Set values of the page>
[INFO ][2015-12-08 16:50:32,575][com.java.SeleniumDriver] [  880] - {Data Fields & Data Values Exist}
[INFO ][2015-12-08 16:50:32,575][com.java.SeleniumDriver] [  882] - --------------------------setting values-----------------------------
[INFO ][2015-12-08 16:50:32,575][com.java.SeleniumDriver] [  885] - Action Type : WAITFORELEMENT
[INFO ][2015-12-08 16:50:32,705][com.java.SeleniumDriver] [  894] -  RESULT true
[INFO ][2015-12-08 16:50:32,705][com.java.SeleniumDriver] [ 1100] - ?   P A S S   ?
[INFO ][2015-12-08 16:50:32,705][com.java.SeleniumDriver] [  821] - ------------------------------------------
[INFO ][2015-12-08 16:50:32,705][com.java.SeleniumDriver] [  822] - Test case being Executed: 8
[INFO ][2015-12-08 16:50:32,705][com.java.SeleniumDriver] [  833] - Test step:17
[INFO ][2015-12-08 16:50:32,705][com.java.SeleniumDriver] [  845] - Datavalue is----------10
[INFO ][2015-12-08 16:50:32,705][com.java.SeleniumDriver] [  869] - DataField : null
[INFO ][2015-12-08 16:50:32,705][com.java.SeleniumDriver] [  871] - DataValue : 10
[INFO ][2015-12-08 16:50:32,705][com.java.SeleniumDriver] [  877] - <In Set values of the page>
[INFO ][2015-12-08 16:50:32,705][com.java.SeleniumDriver] [  880] - {Data Fields & Data Values Exist}
[INFO ][2015-12-08 16:50:32,705][com.java.SeleniumDriver] [  882] - --------------------------setting values-----------------------------
[INFO ][2015-12-08 16:50:32,705][com.java.SeleniumDriver] [  885] - Action Type : WAITTIME
[DEBUG][2015-12-08 16:50:32,705][com.java.TestType] [ 5266] - sleepTime: 10000
[INFO ][2015-12-08 16:50:42,713][com.java.SeleniumDriver] [  894] -  RESULT true
[INFO ][2015-12-08 16:50:42,713][com.java.SeleniumDriver] [ 1100] - ?   P A S S   ?
[INFO ][2015-12-08 16:50:42,713][com.java.SeleniumDriver] [  821] - ------------------------------------------
[INFO ][2015-12-08 16:50:42,713][com.java.SeleniumDriver] [  822] - Test case being Executed: 8
[INFO ][2015-12-08 16:50:42,713][com.java.SeleniumDriver] [  833] - Test step:18
[INFO ][2015-12-08 16:50:42,713][com.java.SeleniumDriver] [  845] - Datavalue is----------HMVCurrentProject
[INFO ][2015-12-08 16:50:42,713][com.java.SeleniumDriver] [  869] - DataField : XPH//span[@id='lblProject']
[INFO ][2015-12-08 16:50:42,713][com.java.SeleniumDriver] [  871] - DataValue : HMVCurrentProject
[INFO ][2015-12-08 16:50:42,713][com.java.SeleniumDriver] [  877] - <In Set values of the page>
[INFO ][2015-12-08 16:50:42,713][com.java.SeleniumDriver] [  880] - {Data Fields & Data Values Exist}
[INFO ][2015-12-08 16:50:42,713][com.java.SeleniumDriver] [  882] - --------------------------setting values-----------------------------
[INFO ][2015-12-08 16:50:42,713][com.java.SeleniumDriver] [  885] - Action Type : VERIFY
[INFO ][2015-12-08 16:50:42,713][com.java.TestType] [ 6674] - field= XPH//span[@id='lblProject'] value= HMVCurrentProject
[INFO ][2015-12-08 16:50:42,713][com.java.TestType] [ 5446] - value = Budget 2014 1-21-2014
[INFO ][2015-12-08 16:50:42,854][com.java.SeleniumDriver] [  894] -  RESULT true
[INFO ][2015-12-08 16:50:42,854][com.java.SeleniumDriver] [ 1100] - ?   P A S S   ?
[INFO ][2015-12-08 16:50:42,854][com.java.SeleniumDriver] [  821] - ------------------------------------------
[INFO ][2015-12-08 16:50:42,854][com.java.SeleniumDriver] [  822] - Test case being Executed: 8
[INFO ][2015-12-08 16:50:42,854][com.java.SeleniumDriver] [  833] - Test step:19
[INFO ][2015-12-08 16:50:42,854][com.java.SeleniumDriver] [  845] - Datavalue is----------null
[DEBUG][2015-12-08 16:50:42,854][com.java.SeleniumDriver] [  863] - Exception: null
[INFO ][2015-12-08 16:50:42,854][com.java.SeleniumDriver] [  869] - DataField : HDNmenuTools
[INFO ][2015-12-08 16:50:42,854][com.java.SeleniumDriver] [  871] - DataValue : 
[INFO ][2015-12-08 16:50:42,854][com.java.SeleniumDriver] [  877] - <In Set values of the page>
[INFO ][2015-12-08 16:50:42,854][com.java.SeleniumDriver] [  880] - {Data Fields & Data Values Exist}
[INFO ][2015-12-08 16:50:42,854][com.java.SeleniumDriver] [  882] - --------------------------setting values-----------------------------
[INFO ][2015-12-08 16:50:42,854][com.java.SeleniumDriver] [  885] - Action Type : CLICK
[INFO ][2015-12-08 16:50:42,854][com.java.TestType] [ 5774] - Field ::HDNmenuTools
[INFO ][2015-12-08 16:50:45,005][com.java.SeleniumDriver] [  894] -  RESULT true
[INFO ][2015-12-08 16:50:45,005][com.java.SeleniumDriver] [ 1100] - ?   P A S S   ?
[INFO ][2015-12-08 16:50:45,005][com.java.SeleniumDriver] [  821] - ------------------------------------------
[INFO ][2015-12-08 16:50:45,005][com.java.SeleniumDriver] [  822] - Test case being Executed: 8
[INFO ][2015-12-08 16:50:45,005][com.java.SeleniumDriver] [  833] - Test step:20
[INFO ][2015-12-08 16:50:45,005][com.java.SeleniumDriver] [  845] - Datavalue is----------10
[INFO ][2015-12-08 16:50:45,005][com.java.SeleniumDriver] [  869] - DataField : DSPmenuSmartFill
[INFO ][2015-12-08 16:50:45,005][com.java.SeleniumDriver] [  871] - DataValue : 10
[INFO ][2015-12-08 16:50:45,005][com.java.SeleniumDriver] [  877] - <In Set values of the page>
[INFO ][2015-12-08 16:50:45,005][com.java.SeleniumDriver] [  880] - {Data Fields & Data Values Exist}
[INFO ][2015-12-08 16:50:45,005][com.java.SeleniumDriver] [  882] - --------------------------setting values-----------------------------
[INFO ][2015-12-08 16:50:45,005][com.java.SeleniumDriver] [  885] - Action Type : WAITFORELEMENT
[INFO ][2015-12-08 16:50:46,228][com.java.SeleniumDriver] [  894] -  RESULT true
[INFO ][2015-12-08 16:50:46,228][com.java.SeleniumDriver] [ 1100] - ?   P A S S   ?
[INFO ][2015-12-08 16:50:46,228][com.java.SeleniumDriver] [  821] - ------------------------------------------
[INFO ][2015-12-08 16:50:46,228][com.java.SeleniumDriver] [  822] - Test case being Executed: 8
[INFO ][2015-12-08 16:50:46,228][com.java.SeleniumDriver] [  833] - Test step:21
[INFO ][2015-12-08 16:50:46,228][com.java.SeleniumDriver] [  845] - Datavalue is----------null
[DEBUG][2015-12-08 16:50:46,228][com.java.SeleniumDriver] [  863] - Exception: null
[INFO ][2015-12-08 16:50:46,228][com.java.SeleniumDriver] [  869] - DataField : HDNmenuSmartFill
[INFO ][2015-12-08 16:50:46,228][com.java.SeleniumDriver] [  871] - DataValue : 
[INFO ][2015-12-08 16:50:46,228][com.java.SeleniumDriver] [  877] - <In Set values of the page>
[INFO ][2015-12-08 16:50:46,228][com.java.SeleniumDriver] [  880] - {Data Fields & Data Values Exist}
[INFO ][2015-12-08 16:50:46,228][com.java.SeleniumDriver] [  882] - --------------------------setting values-----------------------------
[INFO ][2015-12-08 16:50:46,228][com.java.SeleniumDriver] [  885] - Action Type : CLICK
[INFO ][2015-12-08 16:50:46,228][com.java.TestType] [ 5774] - Field ::HDNmenuSmartFill
[INFO ][2015-12-08 16:50:48,399][com.java.SeleniumDriver] [  894] -  RESULT true
[INFO ][2015-12-08 16:50:48,399][com.java.SeleniumDriver] [ 1100] - ?   P A S S   ?
[INFO ][2015-12-08 16:50:48,399][com.java.SeleniumDriver] [  821] - ------------------------------------------
[INFO ][2015-12-08 16:50:48,399][com.java.SeleniumDriver] [  822] - Test case being Executed: 8
[INFO ][2015-12-08 16:50:48,399][com.java.SeleniumDriver] [  833] - Test step:22
[INFO ][2015-12-08 16:50:48,399][com.java.SeleniumDriver] [  845] - Datavalue is----------10
[INFO ][2015-12-08 16:50:48,399][com.java.SeleniumDriver] [  869] - DataField : DSP//td[@class='dlg_StepInfo']
[INFO ][2015-12-08 16:50:48,399][com.java.SeleniumDriver] [  871] - DataValue : 10
[INFO ][2015-12-08 16:50:48,399][com.java.SeleniumDriver] [  877] - <In Set values of the page>
[INFO ][2015-12-08 16:50:48,399][com.java.SeleniumDriver] [  880] - {Data Fields & Data Values Exist}
[INFO ][2015-12-08 16:50:48,399][com.java.SeleniumDriver] [  882] - --------------------------setting values-----------------------------
[INFO ][2015-12-08 16:50:48,399][com.java.SeleniumDriver] [  885] - Action Type : WAITFORELEMENT
[INFO ][2015-12-08 16:50:49,620][com.java.SeleniumDriver] [  894] -  RESULT true
[INFO ][2015-12-08 16:50:49,620][com.java.SeleniumDriver] [ 1100] - ?   P A S S   ?
[INFO ][2015-12-08 16:50:49,620][com.java.SeleniumDriver] [  821] - ------------------------------------------
[INFO ][2015-12-08 16:50:49,620][com.java.SeleniumDriver] [  822] - Test case being Executed: 8
[INFO ][2015-12-08 16:50:49,620][com.java.SeleniumDriver] [  833] - Test step:23
[INFO ][2015-12-08 16:50:49,620][com.java.SeleniumDriver] [  845] - Datavalue is----------//td[@class='dlg_StepInfo']
[INFO ][2015-12-08 16:50:49,620][com.java.SeleniumDriver] [  869] - DataField : BTN
[INFO ][2015-12-08 16:50:49,620][com.java.SeleniumDriver] [  871] - DataValue : //td[@class='dlg_StepInfo']
[INFO ][2015-12-08 16:50:49,620][com.java.SeleniumDriver] [  877] - <In Set values of the page>
[INFO ][2015-12-08 16:50:49,620][com.java.SeleniumDriver] [  880] - {Data Fields & Data Values Exist}
[INFO ][2015-12-08 16:50:49,620][com.java.SeleniumDriver] [  882] - --------------------------setting values-----------------------------
[INFO ][2015-12-08 16:50:49,620][com.java.SeleniumDriver] [  885] - Action Type : VERIFY
[INFO ][2015-12-08 16:50:49,620][com.java.TestType] [ 6674] - field= BTN value= //td[@class='dlg_StepInfo']
[INFO ][2015-12-08 16:50:49,620][com.java.TestType] [ 5446] - value = //td[@class='dlg_StepInfo']
[INFO ][2015-12-08 16:50:49,680][com.java.SeleniumDriver] [  894] -  RESULT true
[INFO ][2015-12-08 16:50:49,680][com.java.SeleniumDriver] [ 1100] - ?   P A S S   ?
[INFO ][2015-12-08 16:50:49,680][com.java.SeleniumDriver] [  821] - ------------------------------------------
[INFO ][2015-12-08 16:50:49,680][com.java.SeleniumDriver] [  822] - Test case being Executed: 8
[INFO ][2015-12-08 16:50:49,680][com.java.SeleniumDriver] [  833] - Test step:24
[INFO ][2015-12-08 16:50:49,680][com.java.SeleniumDriver] [  845] - Datavalue is----------null
[DEBUG][2015-12-08 16:50:49,680][com.java.SeleniumDriver] [  863] - Exception: null
[INFO ][2015-12-08 16:50:49,680][com.java.SeleniumDriver] [  869] - DataField : XPH//td[@class='dlg_Label']/img
[INFO ][2015-12-08 16:50:49,680][com.java.SeleniumDriver] [  871] - DataValue : 
[INFO ][2015-12-08 16:50:49,680][com.java.SeleniumDriver] [  877] - <In Set values of the page>
[INFO ][2015-12-08 16:50:49,680][com.java.SeleniumDriver] [  880] - {Data Fields & Data Values Exist}
[INFO ][2015-12-08 16:50:49,680][com.java.SeleniumDriver] [  882] - --------------------------setting values-----------------------------
[INFO ][2015-12-08 16:50:49,680][com.java.SeleniumDriver] [  885] - Action Type : CLICK
[INFO ][2015-12-08 16:50:49,680][com.java.TestType] [ 5774] - Field ::XPH//td[@class='dlg_Label']/img
[INFO ][2015-12-08 16:50:50,680][com.java.TestType] [ 5868] - BEFORE CLICK
[INFO ][2015-12-08 16:50:51,440][com.java.TestType] [ 5876] - Unable to click the object Next Button
[INFO ][2015-12-08 16:50:51,440][com.java.SeleniumDriver] [  894] -  RESULT true
[INFO ][2015-12-08 16:50:51,440][com.java.SeleniumDriver] [ 1100] - ?   P A S S   ?
[INFO ][2015-12-08 16:50:51,440][com.java.SeleniumDriver] [  821] - ------------------------------------------
[INFO ][2015-12-08 16:50:51,440][com.java.SeleniumDriver] [  822] - Test case being Executed: 8
[INFO ][2015-12-08 16:50:51,440][com.java.SeleniumDriver] [  833] - Test step:25
[INFO ][2015-12-08 16:50:51,440][com.java.SeleniumDriver] [  845] - Datavalue is----------10
[INFO ][2015-12-08 16:50:51,440][com.java.SeleniumDriver] [  869] - DataField : DSP//td[@class='dlg_Label']/img
[INFO ][2015-12-08 16:50:51,440][com.java.SeleniumDriver] [  871] - DataValue : 10
[INFO ][2015-12-08 16:50:51,440][com.java.SeleniumDriver] [  877] - <In Set values of the page>
[INFO ][2015-12-08 16:50:51,440][com.java.SeleniumDriver] [  880] - {Data Fields & Data Values Exist}
[INFO ][2015-12-08 16:50:51,440][com.java.SeleniumDriver] [  882] - --------------------------setting values-----------------------------
[INFO ][2015-12-08 16:50:51,440][com.java.SeleniumDriver] [  885] - Action Type : WAITFORELEMENT
[INFO ][2015-12-08 16:50:51,561][com.java.SeleniumDriver] [  894] -  RESULT true
[INFO ][2015-12-08 16:50:51,561][com.java.SeleniumDriver] [ 1100] - ?   P A S S   ?
[INFO ][2015-12-08 16:50:51,561][com.java.SeleniumDriver] [  821] - ------------------------------------------
[INFO ][2015-12-08 16:50:51,561][com.java.SeleniumDriver] [  822] - Test case being Executed: 8
[INFO ][2015-12-08 16:50:51,561][com.java.SeleniumDriver] [  833] - Test step:26
[INFO ][2015-12-08 16:50:51,561][com.java.SeleniumDriver] [  845] - Datavalue is----------null
[DEBUG][2015-12-08 16:50:51,561][com.java.SeleniumDriver] [  863] - Exception: null
[INFO ][2015-12-08 16:50:51,561][com.java.SeleniumDriver] [  869] - DataField : XPH//td[@class='dlg_Label']/img
[INFO ][2015-12-08 16:50:51,561][com.java.SeleniumDriver] [  871] - DataValue : 
[INFO ][2015-12-08 16:50:51,561][com.java.SeleniumDriver] [  877] - <In Set values of the page>
[INFO ][2015-12-08 16:50:51,561][com.java.SeleniumDriver] [  880] - {Data Fields & Data Values Exist}
[INFO ][2015-12-08 16:50:51,561][com.java.SeleniumDriver] [  882] - --------------------------setting values-----------------------------
[INFO ][2015-12-08 16:50:51,561][com.java.SeleniumDriver] [  885] - Action Type : CLICK
[INFO ][2015-12-08 16:50:51,561][com.java.TestType] [ 5774] - Field ::XPH//td[@class='dlg_Label']/img
[INFO ][2015-12-08 16:50:52,561][com.java.TestType] [ 5868] - BEFORE CLICK
[INFO ][2015-12-08 16:50:53,836][com.java.TestType] [ 5876] - Unable to click the object Next Button
[INFO ][2015-12-08 16:50:53,836][com.java.SeleniumDriver] [  894] -  RESULT true
[INFO ][2015-12-08 16:50:53,836][com.java.SeleniumDriver] [ 1100] - ?   P A S S   ?
[INFO ][2015-12-08 16:50:53,836][com.java.SeleniumDriver] [  821] - ------------------------------------------
[INFO ][2015-12-08 16:50:53,836][com.java.SeleniumDriver] [  822] - Test case being Executed: 8
[INFO ][2015-12-08 16:50:53,836][com.java.SeleniumDriver] [  833] - Test step:27
[INFO ][2015-12-08 16:50:53,836][com.java.SeleniumDriver] [  845] - Datavalue is----------10
[INFO ][2015-12-08 16:50:53,836][com.java.SeleniumDriver] [  869] - DataField : DSPframeDialogContent
[INFO ][2015-12-08 16:50:53,836][com.java.SeleniumDriver] [  871] - DataValue : 10
[INFO ][2015-12-08 16:50:53,836][com.java.SeleniumDriver] [  877] - <In Set values of the page>
[INFO ][2015-12-08 16:50:53,836][com.java.SeleniumDriver] [  880] - {Data Fields & Data Values Exist}
[INFO ][2015-12-08 16:50:53,836][com.java.SeleniumDriver] [  882] - --------------------------setting values-----------------------------
[INFO ][2015-12-08 16:50:53,836][com.java.SeleniumDriver] [  885] - Action Type : WAITFORELEMENT
[INFO ][2015-12-08 16:50:55,018][com.java.SeleniumDriver] [  894] -  RESULT true
[INFO ][2015-12-08 16:50:55,018][com.java.SeleniumDriver] [ 1100] - ?   P A S S   ?
[INFO ][2015-12-08 16:50:55,018][com.java.SeleniumDriver] [  821] - ------------------------------------------
[INFO ][2015-12-08 16:50:55,018][com.java.SeleniumDriver] [  822] - Test case being Executed: 8
[INFO ][2015-12-08 16:50:55,018][com.java.SeleniumDriver] [  833] - Test step:28
[INFO ][2015-12-08 16:50:55,018][com.java.SeleniumDriver] [  845] - Datavalue is----------null
[DEBUG][2015-12-08 16:50:55,018][com.java.SeleniumDriver] [  863] - Exception: null
[INFO ][2015-12-08 16:50:55,018][com.java.SeleniumDriver] [  869] - DataField : BTNframeDialogContent
[INFO ][2015-12-08 16:50:55,018][com.java.SeleniumDriver] [  871] - DataValue : 
[INFO ][2015-12-08 16:50:55,018][com.java.SeleniumDriver] [  877] - <In Set values of the page>
[INFO ][2015-12-08 16:50:55,018][com.java.SeleniumDriver] [  880] - {Data Fields & Data Values Exist}
[INFO ][2015-12-08 16:50:55,018][com.java.SeleniumDriver] [  882] - --------------------------setting values-----------------------------
[INFO ][2015-12-08 16:50:55,018][com.java.SeleniumDriver] [  885] - Action Type : SELECTFRAME
[INFO ][2015-12-08 16:50:56,169][com.java.SeleniumDriver] [  894] -  RESULT true
[INFO ][2015-12-08 16:50:56,169][com.java.SeleniumDriver] [ 1100] - ?   P A S S   ?
[INFO ][2015-12-08 16:50:56,169][com.java.SeleniumDriver] [  821] - ------------------------------------------
[INFO ][2015-12-08 16:50:56,169][com.java.SeleniumDriver] [  822] - Test case being Executed: 8
[INFO ][2015-12-08 16:50:56,169][com.java.SeleniumDriver] [  833] - Test step:29
[INFO ][2015-12-08 16:50:56,169][com.java.SeleniumDriver] [  845] - Datavalue is----------null
[DEBUG][2015-12-08 16:50:56,169][com.java.SeleniumDriver] [  863] - Exception: null
[INFO ][2015-12-08 16:50:56,169][com.java.SeleniumDriver] [  869] - DataField : BTNbtnNext
[INFO ][2015-12-08 16:50:56,169][com.java.SeleniumDriver] [  871] - DataValue : 
[INFO ][2015-12-08 16:50:56,169][com.java.SeleniumDriver] [  877] - <In Set values of the page>
[INFO ][2015-12-08 16:50:56,169][com.java.SeleniumDriver] [  880] - {Data Fields & Data Values Exist}
[INFO ][2015-12-08 16:50:56,169][com.java.SeleniumDriver] [  882] - --------------------------setting values-----------------------------
[INFO ][2015-12-08 16:50:56,169][com.java.SeleniumDriver] [  885] - Action Type : CLICK
[INFO ][2015-12-08 16:50:56,169][com.java.TestType] [ 5774] - Field ::BTNbtnNext
[INFO ][2015-12-08 16:50:57,169][com.java.TestType] [ 5847] - BEFORE CLICK
[INFO ][2015-12-08 16:50:58,320][com.java.TestType] [ 5854] - Unable to click the object Next Button
[INFO ][2015-12-08 16:50:58,320][com.java.SeleniumDriver] [  894] -  RESULT true
[INFO ][2015-12-08 16:50:58,320][com.java.SeleniumDriver] [ 1100] - ?   P A S S   ?
[INFO ][2015-12-08 16:50:58,320][com.java.SeleniumDriver] [  821] - ------------------------------------------
[INFO ][2015-12-08 16:50:58,320][com.java.SeleniumDriver] [  822] - Test case being Executed: 8
[INFO ][2015-12-08 16:50:58,320][com.java.SeleniumDriver] [  833] - Test step:30
[INFO ][2015-12-08 16:50:58,320][com.java.SeleniumDriver] [  845] - Datavalue is----------null
[DEBUG][2015-12-08 16:50:58,320][com.java.SeleniumDriver] [  863] - Exception: null
[INFO ][2015-12-08 16:50:58,320][com.java.SeleniumDriver] [  869] - DataField : BTNParent
[INFO ][2015-12-08 16:50:58,320][com.java.SeleniumDriver] [  871] - DataValue : 
[INFO ][2015-12-08 16:50:58,320][com.java.SeleniumDriver] [  877] - <In Set values of the page>
[INFO ][2015-12-08 16:50:58,320][com.java.SeleniumDriver] [  880] - {Data Fields & Data Values Exist}
[INFO ][2015-12-08 16:50:58,320][com.java.SeleniumDriver] [  882] - --------------------------setting values-----------------------------
[INFO ][2015-12-08 16:50:58,320][com.java.SeleniumDriver] [  885] - Action Type : SELECTFRAME
[INFO ][2015-12-08 16:50:58,330][com.java.SeleniumDriver] [  894] -  RESULT true
[INFO ][2015-12-08 16:50:58,330][com.java.SeleniumDriver] [ 1100] - ?   P A S S   ?
[INFO ][2015-12-08 16:50:58,330][com.java.SeleniumDriver] [  821] - ------------------------------------------
[INFO ][2015-12-08 16:50:58,330][com.java.SeleniumDriver] [  822] - Test case being Executed: 8
[INFO ][2015-12-08 16:50:58,330][com.java.SeleniumDriver] [  833] - Test step:31
[INFO ][2015-12-08 16:50:58,330][com.java.SeleniumDriver] [  845] - Datavalue is----------5
[INFO ][2015-12-08 16:50:58,330][com.java.SeleniumDriver] [  869] - DataField : null
[INFO ][2015-12-08 16:50:58,330][com.java.SeleniumDriver] [  871] - DataValue : 5
[INFO ][2015-12-08 16:50:58,330][com.java.SeleniumDriver] [  877] - <In Set values of the page>
[INFO ][2015-12-08 16:50:58,330][com.java.SeleniumDriver] [  880] - {Data Fields & Data Values Exist}
[INFO ][2015-12-08 16:50:58,330][com.java.SeleniumDriver] [  882] - --------------------------setting values-----------------------------
[INFO ][2015-12-08 16:50:58,330][com.java.SeleniumDriver] [  885] - Action Type : WAITTIME
[DEBUG][2015-12-08 16:50:58,330][com.java.TestType] [ 5266] - sleepTime: 5000
[INFO ][2015-12-08 16:51:03,330][com.java.SeleniumDriver] [  894] -  RESULT true
[INFO ][2015-12-08 16:51:03,330][com.java.SeleniumDriver] [ 1100] - ?   P A S S   ?
[INFO ][2015-12-08 16:51:03,330][com.java.SeleniumDriver] [  821] - ------------------------------------------
[INFO ][2015-12-08 16:51:03,330][com.java.SeleniumDriver] [  822] - Test case being Executed: 8
[INFO ][2015-12-08 16:51:03,330][com.java.SeleniumDriver] [  833] - Test step:32
[INFO ][2015-12-08 16:51:03,330][com.java.SeleniumDriver] [  845] - Datavalue is----------Forecasting 
[INFO ][2015-12-08 16:51:03,330][com.java.SeleniumDriver] [  869] - DataField : TTL
[INFO ][2015-12-08 16:51:03,330][com.java.SeleniumDriver] [  871] - DataValue : Forecasting 
[INFO ][2015-12-08 16:51:03,330][com.java.SeleniumDriver] [  877] - <In Set values of the page>
[INFO ][2015-12-08 16:51:03,330][com.java.SeleniumDriver] [  880] - {Data Fields & Data Values Exist}
[INFO ][2015-12-08 16:51:03,330][com.java.SeleniumDriver] [  882] - --------------------------setting values-----------------------------
[INFO ][2015-12-08 16:51:03,330][com.java.SeleniumDriver] [  885] - Action Type : CLOSEWINDOW
[INFO ][2015-12-08 16:51:03,621][com.java.SeleniumDriver] [  894] -  RESULT true
[INFO ][2015-12-08 16:51:03,621][com.java.SeleniumDriver] [ 1100] - ?   P A S S   ?
[INFO ][2015-12-08 16:51:03,621][com.java.SeleniumDriver] [  821] - ------------------------------------------
[INFO ][2015-12-08 16:51:03,621][com.java.SeleniumDriver] [  822] - Test case being Executed: 8
[INFO ][2015-12-08 16:51:03,621][com.java.SeleniumDriver] [  833] - Test step:33
[INFO ][2015-12-08 16:51:03,621][com.java.SeleniumDriver] [  845] - Datavalue is----------Banker'sDashboard
[INFO ][2015-12-08 16:51:03,621][com.java.SeleniumDriver] [  869] - DataField : TTL
[INFO ][2015-12-08 16:51:03,621][com.java.SeleniumDriver] [  871] - DataValue : Banker'sDashboard
[INFO ][2015-12-08 16:51:03,621][com.java.SeleniumDriver] [  877] - <In Set values of the page>
[INFO ][2015-12-08 16:51:03,621][com.java.SeleniumDriver] [  880] - {Data Fields & Data Values Exist}
[INFO ][2015-12-08 16:51:03,621][com.java.SeleniumDriver] [  882] - --------------------------setting values-----------------------------
[INFO ][2015-12-08 16:51:03,621][com.java.SeleniumDriver] [  885] - Action Type : SelectWindow
[INFO ][2015-12-08 16:51:16,052][com.java.SeleniumDriver] [  894] -  RESULT true
[INFO ][2015-12-08 16:51:16,052][com.java.SeleniumDriver] [ 1100] - ?   P A S S   ?
[INFO ][2015-12-08 16:51:16,052][com.java.SeleniumDriver] [  821] - ------------------------------------------
[INFO ][2015-12-08 16:51:16,052][com.java.SeleniumDriver] [  822] - Test case being Executed: 8
[INFO ][2015-12-08 16:51:16,052][com.java.SeleniumDriver] [  833] - Test step:34
[INFO ][2015-12-08 16:51:16,052][com.java.SeleniumDriver] [  845] - Datavalue is----------Logout
[INFO ][2015-12-08 16:51:16,052][com.java.SeleniumDriver] [  869] - DataField : test
[INFO ][2015-12-08 16:51:16,052][com.java.SeleniumDriver] [  871] - DataValue : Logout
[INFO ][2015-12-08 16:51:16,052][com.java.SeleniumDriver] [  877] - <In Set values of the page>
[INFO ][2015-12-08 16:51:16,052][com.java.SeleniumDriver] [  880] - {Data Fields & Data Values Exist}
[INFO ][2015-12-08 16:51:16,052][com.java.SeleniumDriver] [  882] - --------------------------setting values-----------------------------
[INFO ][2015-12-08 16:51:16,052][com.java.SeleniumDriver] [  885] - Action Type : Logout
[INFO ][2015-12-08 16:51:18,358][com.java.TestType] [ 5774] - Field ::CNF
[INFO ][2015-12-08 16:51:20,660][com.java.TestType] [ 5864] - Click the object confirmation
[INFO ][2015-12-08 16:51:20,660][com.java.TestType] [ 5865] - Unable to click the object confirmation
[DEBUG][2015-12-08 16:51:22,377][com.java.SeleniumDriver] [  426] - Hub ip address is-------172.17.68.34
[INFO ][2015-12-08 16:51:22,377][com.java.SeleniumDriver] [  452] - Grid URL:http://172.17.68.34:4444/wd/hub
[INFO ][2015-12-08 16:51:22,377][com.java.SeleniumDriver] [  453] - Capability:Capabilities [{platform=ANY, ensureCleanSession=true, ignoreProtectedModeSettings=true, acceptSslCerts=true, ignoreZoomSetting=true, browserName=internet explorer, browserstack.ie.noFlash=true, version=null}]
[ERROR][2015-12-08 16:51:23,378][com.java.SeleniumDriver] [  497] - Unable invoke browser in grid:Could not start a new session. Possible causes are invalid address of the remote server or browser start-up failure.
Build info: version: '2.48.2', revision: '41bccdd', time: '2015-10-09 19:59:12'
System info: host: 'FVTIII438F1D', ip: '172.17.68.34', os.name: 'Windows 7', os.arch: 'x86', os.version: '6.1', java.version: '1.7.0_55'
Driver info: driver.version: SeleniumDriver
[INFO ][2015-12-08 16:51:23,378][com.java.SeleniumDriver] [  499] - Executing on local machine
[INFO ][2015-12-08 16:51:32,700][com.java.SeleniumDriver] [  894] -  RESULT true
[INFO ][2015-12-08 16:51:32,700][com.java.SeleniumDriver] [ 1100] - ?   P A S S   ?
[INFO ][2015-12-08 16:51:32,700][com.java.SeleniumDriver] [  821] - ------------------------------------------
[INFO ][2015-12-08 16:51:32,700][com.java.SeleniumDriver] [  822] - Test case being Executed: 8
[INFO ][2015-12-08 16:51:32,700][com.java.SeleniumDriver] [  833] - Test step:35
[INFO ][2015-12-08 16:51:32,700][com.java.SeleniumDriver] [  845] - Datavalue is----------Logout
[INFO ][2015-12-08 16:51:32,700][com.java.SeleniumDriver] [  869] - DataField : BTN
[INFO ][2015-12-08 16:51:32,700][com.java.SeleniumDriver] [  871] - DataValue : Logout
[INFO ][2015-12-08 16:51:32,700][com.java.SeleniumDriver] [  877] - <In Set values of the page>
[INFO ][2015-12-08 16:51:32,700][com.java.SeleniumDriver] [  880] - {Data Fields & Data Values Exist}
[INFO ][2015-12-08 16:51:32,700][com.java.SeleniumDriver] [  882] - --------------------------setting values-----------------------------
[INFO ][2015-12-08 16:51:32,700][com.java.SeleniumDriver] [  885] - Action Type : Verify
[INFO ][2015-12-08 16:51:32,700][com.java.TestType] [ 6674] - field= BTN value= Logout
[INFO ][2015-12-08 16:51:32,700][com.java.TestType] [ 5446] - value = Logout
[DEBUG][2015-12-08 16:52:08,987][com.java.TestType] [ 6362] - Logout   :: Element not Found
[ERROR][2015-12-08 16:52:26,108][com.java.TestType] [ 7385] - Assertion Error: 
[INFO ][2015-12-08 16:52:26,108][com.java.SeleniumDriver] [  894] -  RESULT false
[INFO ][2015-12-08 16:52:26,108][com.java.SeleniumDriver] [  941] - ?   F A I L   ?
[INFO ][2015-12-08 16:52:26,108][com.java.SeleniumDriver] [  949] - Browser Type : IE10
[INFO ][2015-12-08 16:52:26,108][com.java.SeleniumDriver] [  950] - Adding Failed case8
[DEBUG][2015-12-08 16:52:26,719][com.java.SeleniumDriver] [ 1018] -  tdd.getCondition() IF:39:Next
[INFO ][2015-12-08 16:52:26,719][com.java.SeleniumDriver] [ 1022] - Continue next step...
[INFO ][2015-12-08 16:52:26,719][com.java.SeleniumDriver] [  821] - ------------------------------------------
[INFO ][2015-12-08 16:52:26,719][com.java.SeleniumDriver] [  822] - Test case being Executed: 8
[INFO ][2015-12-08 16:52:26,719][com.java.SeleniumDriver] [  833] - Test step:36
[INFO ][2015-12-08 16:52:26,719][com.java.SeleniumDriver] [  845] - Datavalue is----------Concept#1:1-14
[INFO ][2015-12-08 16:52:26,719][com.java.SeleniumDriver] [  869] - DataField : test
[INFO ][2015-12-08 16:52:26,719][com.java.SeleniumDriver] [  871] - DataValue : Concept#1:1-14
[INFO ][2015-12-08 16:52:26,729][com.java.SeleniumDriver] [  877] - <In Set values of the page>
[INFO ][2015-12-08 16:52:26,729][com.java.SeleniumDriver] [  880] - {Data Fields & Data Values Exist}
[INFO ][2015-12-08 16:52:26,729][com.java.SeleniumDriver] [  882] - --------------------------setting values-----------------------------
[INFO ][2015-12-08 16:52:26,729][com.java.SeleniumDriver] [  885] - Action Type : ExecuteTestCase
[INFO ][2015-12-08 16:52:26,729][com.java.TestType] [  436] - The Concept sheet name is ---------- Concept
[INFO ][2015-12-08 16:52:26,729][com.java.TestType] [  439] - The Concept ID  is ---------- 1
[DEBUG][2015-12-08 16:52:26,729][com.java.TestType] [  443] - Steps being executted in the Concept are: 1:14
[INFO ][2015-12-08 16:52:26,729][com.java.TestType] [  450] - Test data details path ---------- D:\BankersDashboard\TestInputs\TestData.xls
[INFO ][2015-12-08 16:52:26,759][com.java.TestType] [  481] -  str(1) = 1
[INFO ][2015-12-08 16:52:26,759][com.java.TestType] [  484] - Test case Id is---1
[INFO ][2015-12-08 16:52:26,759][com.java.TestType] [  486] - 1
[INFO ][2015-12-08 16:52:26,759][com.java.TestType] [  481] -  str(2) = 1
[INFO ][2015-12-08 16:52:26,759][com.java.TestType] [  533] - row values are--------{1=com.java.Objects.TestDataDetails@1e087e7}
[INFO ][2015-12-08 16:52:26,759][com.java.TestType] [  481] -  str(1) = 1
[INFO ][2015-12-08 16:52:26,759][com.java.TestType] [  484] - Test case Id is---1
[INFO ][2015-12-08 16:52:26,759][com.java.TestType] [  486] - 1
[INFO ][2015-12-08 16:52:26,759][com.java.TestType] [  481] -  str(2) = 2
[INFO ][2015-12-08 16:52:26,759][com.java.TestType] [  533] - row values are--------{1=com.java.Objects.TestDataDetails@1e087e7, 2=com.java.Objects.TestDataDetails@19cb30}
[INFO ][2015-12-08 16:52:26,759][com.java.TestType] [  481] -  str(1) = 1
[INFO ][2015-12-08 16:52:26,759][com.java.TestType] [  484] - Test case Id is---1
[INFO ][2015-12-08 16:52:26,759][com.java.TestType] [  486] - 1
[INFO ][2015-12-08 16:52:26,759][com.java.TestType] [  481] -  str(2) = 3
[INFO ][2015-12-08 16:52:26,759][com.java.TestType] [  533] - row values are--------{1=com.java.Objects.TestDataDetails@1e087e7, 2=com.java.Objects.TestDataDetails@19cb30, 3=com.java.Objects.TestDataDetails@1a39595}
[INFO ][2015-12-08 16:52:26,759][com.java.TestType] [  481] -  str(1) = 1
[INFO ][2015-12-08 16:52:26,759][com.java.TestType] [  484] - Test case Id is---1
[INFO ][2015-12-08 16:52:26,759][com.java.TestType] [  486] - 1
[INFO ][2015-12-08 16:52:26,759][com.java.TestType] [  481] -  str(2) = 4
[INFO ][2015-12-08 16:52:26,759][com.java.TestType] [  533] - row values are--------{1=com.java.Objects.TestDataDetails@1e087e7, 2=com.java.Objects.TestDataDetails@19cb30, 3=com.java.Objects.TestDataDetails@1a39595, 4=com.java.Objects.TestDataDetails@9aef91}
[INFO ][2015-12-08 16:52:26,759][com.java.TestType] [  481] -  str(1) = 1
[INFO ][2015-12-08 16:52:26,759][com.java.TestType] [  484] - Test case Id is---1
[INFO ][2015-12-08 16:52:26,759][com.java.TestType] [  486] - 1
[INFO ][2015-12-08 16:52:26,759][com.java.TestType] [  481] -  str(2) = 5
[INFO ][2015-12-08 16:52:26,759][com.java.TestType] [  533] - row values are--------{1=com.java.Objects.TestDataDetails@1e087e7, 2=com.java.Objects.TestDataDetails@19cb30, 3=com.java.Objects.TestDataDetails@1a39595, 4=com.java.Objects.TestDataDetails@9aef91, 5=com.java.Objects.TestDataDetails@199b411}
[INFO ][2015-12-08 16:52:26,759][com.java.TestType] [  481] -  str(1) = 1
[INFO ][2015-12-08 16:52:26,759][com.java.TestType] [  484] - Test case Id is---1
[INFO ][2015-12-08 16:52:26,759][com.java.TestType] [  486] - 1
[INFO ][2015-12-08 16:52:26,759][com.java.TestType] [  481] -  str(2) = 6
[INFO ][2015-12-08 16:52:26,759][com.java.TestType] [  533] - row values are--------{1=com.java.Objects.TestDataDetails@1e087e7, 2=com.java.Objects.TestDataDetails@19cb30, 3=com.java.Objects.TestDataDetails@1a39595, 4=com.java.Objects.TestDataDetails@9aef91, 5=com.java.Objects.TestDataDetails@199b411, 6=com.java.Objects.TestDataDetails@12e4d}
[INFO ][2015-12-08 16:52:26,759][com.java.TestType] [  481] -  str(1) = 1
[INFO ][2015-12-08 16:52:26,759][com.java.TestType] [  484] - Test case Id is---1
[INFO ][2015-12-08 16:52:26,759][com.java.TestType] [  486] - 1
[INFO ][2015-12-08 16:52:26,759][com.java.TestType] [  481] -  str(2) = 7
[INFO ][2015-12-08 16:52:26,769][com.java.TestType] [  533] - row values are--------{1=com.java.Objects.TestDataDetails@1e087e7, 2=com.java.Objects.TestDataDetails@19cb30, 3=com.java.Objects.TestDataDetails@1a39595, 4=com.java.Objects.TestDataDetails@9aef91, 5=com.java.Objects.TestDataDetails@199b411, 6=com.java.Objects.TestDataDetails@12e4d, 7=com.java.Objects.TestDataDetails@981bc4}
[INFO ][2015-12-08 16:52:26,769][com.java.TestType] [  481] -  str(1) = 1
[INFO ][2015-12-08 16:52:26,769][com.java.TestType] [  484] - Test case Id is---1
[INFO ][2015-12-08 16:52:26,769][com.java.TestType] [  486] - 1
[INFO ][2015-12-08 16:52:26,769][com.java.TestType] [  481] -  str(2) = 8
[INFO ][2015-12-08 16:52:26,769][com.java.TestType] [  533] - row values are--------{1=com.java.Objects.TestDataDetails@1e087e7, 2=com.java.Objects.TestDataDetails@19cb30, 3=com.java.Objects.TestDataDetails@1a39595, 4=com.java.Objects.TestDataDetails@9aef91, 5=com.java.Objects.TestDataDetails@199b411, 6=com.java.Objects.TestDataDetails@12e4d, 7=com.java.Objects.TestDataDetails@981bc4, 8=com.java.Objects.TestDataDetails@194f987}
[INFO ][2015-12-08 16:52:26,769][com.java.TestType] [  481] -  str(1) = 1
[INFO ][2015-12-08 16:52:26,769][com.java.TestType] [  484] - Test case Id is---1
[INFO ][2015-12-08 16:52:26,769][com.java.TestType] [  486] - 1
[INFO ][2015-12-08 16:52:26,769][com.java.TestType] [  481] -  str(2) = 9
[INFO ][2015-12-08 16:52:26,769][com.java.TestType] [  533] - row values are--------{1=com.java.Objects.TestDataDetails@1e087e7, 2=com.java.Objects.TestDataDetails@19cb30, 3=com.java.Objects.TestDataDetails@1a39595, 4=com.java.Objects.TestDataDetails@9aef91, 5=com.java.Objects.TestDataDetails@199b411, 6=com.java.Objects.TestDataDetails@12e4d, 7=com.java.Objects.TestDataDetails@981bc4, 8=com.java.Objects.TestDataDetails@194f987, 9=com.java.Objects.TestDataDetails@a59375}
[INFO ][2015-12-08 16:52:26,769][com.java.TestType] [  481] -  str(1) = 1
[INFO ][2015-12-08 16:52:26,769][com.java.TestType] [  484] - Test case Id is---1
[INFO ][2015-12-08 16:52:26,769][com.java.TestType] [  486] - 1
[INFO ][2015-12-08 16:52:26,769][com.java.TestType] [  481] -  str(2) = 10
[INFO ][2015-12-08 16:52:26,769][com.java.TestType] [  533] - row values are--------{1=com.java.Objects.TestDataDetails@1e087e7, 2=com.java.Objects.TestDataDetails@19cb30, 3=com.java.Objects.TestDataDetails@1a39595, 4=com.java.Objects.TestDataDetails@9aef91, 5=com.java.Objects.TestDataDetails@199b411, 6=com.java.Objects.TestDataDetails@12e4d, 7=com.java.Objects.TestDataDetails@981bc4, 8=com.java.Objects.TestDataDetails@194f987, 9=com.java.Objects.TestDataDetails@a59375, 10=com.java.Objects.TestDataDetails@e8310d}
[INFO ][2015-12-08 16:52:26,769][com.java.TestType] [  481] -  str(1) = 1
[INFO ][2015-12-08 16:52:26,769][com.java.TestType] [  484] - Test case Id is---1
[INFO ][2015-12-08 16:52:26,769][com.java.TestType] [  486] - 1
[INFO ][2015-12-08 16:52:26,769][com.java.TestType] [  481] -  str(2) = 11
[INFO ][2015-12-08 16:52:26,769][com.java.TestType] [  533] - row values are--------{1=com.java.Objects.TestDataDetails@1e087e7, 2=com.java.Objects.TestDataDetails@19cb30, 3=com.java.Objects.TestDataDetails@1a39595, 4=com.java.Objects.TestDataDetails@9aef91, 5=com.java.Objects.TestDataDetails@199b411, 6=com.java.Objects.TestDataDetails@12e4d, 7=com.java.Objects.TestDataDetails@981bc4, 8=com.java.Objects.TestDataDetails@194f987, 9=com.java.Objects.TestDataDetails@a59375, 10=com.java.Objects.TestDataDetails@e8310d, 11=com.java.Objects.TestDataDetails@9ee8c8}
[INFO ][2015-12-08 16:52:26,769][com.java.TestType] [  481] -  str(1) = 1
[INFO ][2015-12-08 16:52:26,769][com.java.TestType] [  484] - Test case Id is---1
[INFO ][2015-12-08 16:52:26,769][com.java.TestType] [  486] - 1
[INFO ][2015-12-08 16:52:26,769][com.java.TestType] [  481] -  str(2) = 12
[INFO ][2015-12-08 16:52:26,769][com.java.TestType] [  533] - row values are--------{1=com.java.Objects.TestDataDetails@1e087e7, 2=com.java.Objects.TestDataDetails@19cb30, 3=com.java.Objects.TestDataDetails@1a39595, 4=com.java.Objects.TestDataDetails@9aef91, 5=com.java.Objects.TestDataDetails@199b411, 6=com.java.Objects.TestDataDetails@12e4d, 7=com.java.Objects.TestDataDetails@981bc4, 8=com.java.Objects.TestDataDetails@194f987, 9=com.java.Objects.TestDataDetails@a59375, 10=com.java.Objects.TestDataDetails@e8310d, 11=com.java.Objects.TestDataDetails@9ee8c8, 12=com.java.Objects.TestDataDetails@154778a}
[INFO ][2015-12-08 16:52:26,769][com.java.TestType] [  481] -  str(1) = 1
[INFO ][2015-12-08 16:52:26,769][com.java.TestType] [  484] - Test case Id is---1
[INFO ][2015-12-08 16:52:26,769][com.java.TestType] [  486] - 1
[INFO ][2015-12-08 16:52:26,769][com.java.TestType] [  481] -  str(2) = 13
[INFO ][2015-12-08 16:52:26,769][com.java.TestType] [  533] - row values are--------{1=com.java.Objects.TestDataDetails@1e087e7, 2=com.java.Objects.TestDataDetails@19cb30, 3=com.java.Objects.TestDataDetails@1a39595, 4=com.java.Objects.TestDataDetails@9aef91, 5=com.java.Objects.TestDataDetails@199b411, 6=com.java.Objects.TestDataDetails@12e4d, 7=com.java.Objects.TestDataDetails@981bc4, 8=com.java.Objects.TestDataDetails@194f987, 9=com.java.Objects.TestDataDetails@a59375, 10=com.java.Objects.TestDataDetails@e8310d, 11=com.java.Objects.TestDataDetails@9ee8c8, 12=com.java.Objects.TestDataDetails@154778a, 13=com.java.Objects.TestDataDetails@10fe1de}
[INFO ][2015-12-08 16:52:26,769][com.java.TestType] [  481] -  str(1) = 1
[INFO ][2015-12-08 16:52:26,769][com.java.TestType] [  484] - Test case Id is---1
[INFO ][2015-12-08 16:52:26,769][com.java.TestType] [  486] - 1
[INFO ][2015-12-08 16:52:26,769][com.java.TestType] [  481] -  str(2) = 14
[INFO ][2015-12-08 16:52:26,769][com.java.TestType] [  533] - row values are--------{1=com.java.Objects.TestDataDetails@1e087e7, 2=com.java.Objects.TestDataDetails@19cb30, 3=com.java.Objects.TestDataDetails@1a39595, 4=com.java.Objects.TestDataDetails@9aef91, 5=com.java.Objects.TestDataDetails@199b411, 6=com.java.Objects.TestDataDetails@12e4d, 7=com.java.Objects.TestDataDetails@981bc4, 8=com.java.Objects.TestDataDetails@194f987, 9=com.java.Objects.TestDataDetails@a59375, 10=com.java.Objects.TestDataDetails@e8310d, 11=com.java.Objects.TestDataDetails@9ee8c8, 12=com.java.Objects.TestDataDetails@154778a, 13=com.java.Objects.TestDataDetails@10fe1de, 14=com.java.Objects.TestDataDetails@c0a4ae}
[INFO ][2015-12-08 16:52:26,769][com.java.TestType] [  481] -  str(1) = 1
[INFO ][2015-12-08 16:52:26,769][com.java.TestType] [  484] - Test case Id is---1
[INFO ][2015-12-08 16:52:26,769][com.java.TestType] [  486] - 1
[INFO ][2015-12-08 16:52:26,769][com.java.TestType] [  481] -  str(2) = 15
[INFO ][2015-12-08 16:52:26,769][com.java.TestType] [  533] - row values are--------{1=com.java.Objects.TestDataDetails@1e087e7, 2=com.java.Objects.TestDataDetails@19cb30, 3=com.java.Objects.TestDataDetails@1a39595, 4=com.java.Objects.TestDataDetails@9aef91, 5=com.java.Objects.TestDataDetails@199b411, 6=com.java.Objects.TestDataDetails@12e4d, 7=com.java.Objects.TestDataDetails@981bc4, 8=com.java.Objects.TestDataDetails@194f987, 9=com.java.Objects.TestDataDetails@a59375, 10=com.java.Objects.TestDataDetails@e8310d, 11=com.java.Objects.TestDataDetails@9ee8c8, 12=com.java.Objects.TestDataDetails@154778a, 13=com.java.Objects.TestDataDetails@10fe1de, 14=com.java.Objects.TestDataDetails@c0a4ae, 15=com.java.Objects.TestDataDetails@e05d33}
[INFO ][2015-12-08 16:52:26,769][com.java.TestType] [  481] -  str(1) = 1
[INFO ][2015-12-08 16:52:26,769][com.java.TestType] [  484] - Test case Id is---1
[INFO ][2015-12-08 16:52:26,769][com.java.TestType] [  486] - 1
[INFO ][2015-12-08 16:52:26,769][com.java.TestType] [  481] -  str(2) = 16
[INFO ][2015-12-08 16:52:26,769][com.java.TestType] [  533] - row values are--------{1=com.java.Objects.TestDataDetails@1e087e7, 2=com.java.Objects.TestDataDetails@19cb30, 3=com.java.Objects.TestDataDetails@1a39595, 4=com.java.Objects.TestDataDetails@9aef91, 5=com.java.Objects.TestDataDetails@199b411, 6=com.java.Objects.TestDataDetails@12e4d, 7=com.java.Objects.TestDataDetails@981bc4, 8=com.java.Objects.TestDataDetails@194f987, 9=com.java.Objects.TestDataDetails@a59375, 10=com.java.Objects.TestDataDetails@e8310d, 11=com.java.Objects.TestDataDetails@9ee8c8, 12=com.java.Objects.TestDataDetails@154778a, 13=com.java.Objects.TestDataDetails@10fe1de, 14=com.java.Objects.TestDataDetails@c0a4ae, 15=com.java.Objects.TestDataDetails@e05d33, 16=com.java.Objects.TestDataDetails@12c94cc}
[INFO ][2015-12-08 16:52:26,769][com.java.TestType] [ 9982] - Looping 1TCID = 1
[DEBUG][2015-12-08 16:52:26,769][com.java.TestType] [10023] - Concept ID:1 :: Step being Executed: 1::1
[INFO ][2015-12-08 16:52:26,769][com.java.TestType] [10061] - dataFields : TXTusername
[DEBUG][2015-12-08 16:52:26,769][com.java.TestType] [10067] - <In Set values of the page>
[DEBUG][2015-12-08 16:52:26,769][com.java.TestType] [10072] - {Data Fields & Data Values Exist}
[INFO ][2015-12-08 16:52:26,769][com.java.TestType] [10078] - --------------------------setting values-----------------------------
[INFO ][2015-12-08 16:52:26,769][com.java.TestType] [10081] - Action Type : CLEARANDENTER
[INFO ][2015-12-08 16:52:26,769][com.java.TestType] [ 5446] - value = valuelabs.ie10.15310
[INFO ][2015-12-08 16:52:31,538][com.java.TestType] [10100] -  RESULT true
[INFO ][2015-12-08 16:52:31,538][com.java.TestType] [10217] - ?   P A S S   ?
[DEBUG][2015-12-08 16:52:31,538][com.java.TestType] [10023] - Concept ID:1 :: Step being Executed: 1::2
[INFO ][2015-12-08 16:52:31,538][com.java.TestType] [10061] - dataFields : TXTpassword
[DEBUG][2015-12-08 16:52:31,538][com.java.TestType] [10067] - <In Set values of the page>
[DEBUG][2015-12-08 16:52:31,538][com.java.TestType] [10072] - {Data Fields & Data Values Exist}
[INFO ][2015-12-08 16:52:31,538][com.java.TestType] [10078] - --------------------------setting values-----------------------------
[INFO ][2015-12-08 16:52:31,538][com.java.TestType] [10081] - Action Type : CLEARANDENTER
[INFO ][2015-12-08 16:52:31,538][com.java.TestType] [ 5446] - value = Password1*
[INFO ][2015-12-08 16:52:36,465][com.java.TestType] [10100] -  RESULT true
[INFO ][2015-12-08 16:52:36,465][com.java.TestType] [10217] - ?   P A S S   ?
[DEBUG][2015-12-08 16:52:36,465][com.java.TestType] [10023] - Concept ID:1 :: Step being Executed: 1::3
[ERROR][2015-12-08 16:52:36,465][com.java.TestType] [10056] - Exception: null
[INFO ][2015-12-08 16:52:36,465][com.java.TestType] [10061] - dataFields : XPH//button[@type='submit']
[DEBUG][2015-12-08 16:52:36,465][com.java.TestType] [10067] - <In Set values of the page>
[DEBUG][2015-12-08 16:52:36,465][com.java.TestType] [10072] - {Data Fields & Data Values Exist}
[INFO ][2015-12-08 16:52:36,465][com.java.TestType] [10078] - --------------------------setting values-----------------------------
[INFO ][2015-12-08 16:52:36,465][com.java.TestType] [10081] - Action Type : Click
[INFO ][2015-12-08 16:52:36,465][com.java.TestType] [ 5774] - Field ::XPH//button[@type='submit']
[INFO ][2015-12-08 16:52:37,465][com.java.TestType] [ 5868] - BEFORE CLICK
[INFO ][2015-12-08 16:52:38,265][com.java.TestType] [ 5876] - Unable to click the object Login
[INFO ][2015-12-08 16:52:38,265][com.java.TestType] [10100] -  RESULT true
[INFO ][2015-12-08 16:52:38,265][com.java.TestType] [10217] - ?   P A S S   ?
[DEBUG][2015-12-08 16:52:38,265][com.java.TestType] [10023] - Concept ID:1 :: Step being Executed: 1::4
[INFO ][2015-12-08 16:52:38,265][com.java.TestType] [10061] - dataFields : LNKLogout
[DEBUG][2015-12-08 16:52:38,265][com.java.TestType] [10067] - <In Set values of the page>
[DEBUG][2015-12-08 16:52:38,265][com.java.TestType] [10072] - {Data Fields & Data Values Exist}
[INFO ][2015-12-08 16:52:38,265][com.java.TestType] [10078] - --------------------------setting values-----------------------------
[INFO ][2015-12-08 16:52:38,265][com.java.TestType] [10081] - Action Type : WaitForElement
[INFO ][2015-12-08 16:52:45,816][com.java.TestType] [10100] -  RESULT true
[INFO ][2015-12-08 16:52:45,816][com.java.TestType] [10217] - ?   P A S S   ?
[INFO ][2015-12-08 16:52:45,816][com.java.TestType] [10288] - Looping End......
[INFO ][2015-12-08 16:52:45,816][com.java.SeleniumDriver] [  894] -  RESULT true
[INFO ][2015-12-08 16:52:45,816][com.java.SeleniumDriver] [ 1100] - ?   P A S S   ?
[INFO ][2015-12-08 16:52:45,816][com.java.SeleniumDriver] [  821] - ------------------------------------------
[INFO ][2015-12-08 16:52:45,816][com.java.SeleniumDriver] [  822] - Test case being Executed: 8
[INFO ][2015-12-08 16:52:45,816][com.java.SeleniumDriver] [  833] - Test step:37
[INFO ][2015-12-08 16:52:45,816][com.java.SeleniumDriver] [  845] - Datavalue is----------Concept#2:1-2
[INFO ][2015-12-08 16:52:45,816][com.java.SeleniumDriver] [  869] - DataField : test
[INFO ][2015-12-08 16:52:45,816][com.java.SeleniumDriver] [  871] - DataValue : Concept#2:1-2
[INFO ][2015-12-08 16:52:45,816][com.java.SeleniumDriver] [  877] - <In Set values of the page>
[INFO ][2015-12-08 16:52:45,816][com.java.SeleniumDriver] [  880] - {Data Fields & Data Values Exist}
[INFO ][2015-12-08 16:52:45,816][com.java.SeleniumDriver] [  882] - --------------------------setting values-----------------------------
[INFO ][2015-12-08 16:52:45,816][com.java.SeleniumDriver] [  885] - Action Type : ExecuteTestCase
[INFO ][2015-12-08 16:52:45,816][com.java.TestType] [  436] - The Concept sheet name is ---------- Concept
[INFO ][2015-12-08 16:52:45,816][com.java.TestType] [  439] - The Concept ID  is ---------- 2
[DEBUG][2015-12-08 16:52:45,816][com.java.TestType] [  443] - Steps being executted in the Concept are: 1:2
[INFO ][2015-12-08 16:52:45,816][com.java.TestType] [  450] - Test data details path ---------- D:\BankersDashboard\TestInputs\TestData.xls
[INFO ][2015-12-08 16:52:45,847][com.java.TestType] [  481] -  str(1) = 2
[INFO ][2015-12-08 16:52:45,847][com.java.TestType] [  484] - Test case Id is---2
[INFO ][2015-12-08 16:52:45,847][com.java.TestType] [  486] - 2
[INFO ][2015-12-08 16:52:45,847][com.java.TestType] [  481] -  str(2) = 1
[INFO ][2015-12-08 16:52:45,847][com.java.TestType] [  533] - row values are--------{1=com.java.Objects.TestDataDetails@153f366}
[INFO ][2015-12-08 16:52:45,847][com.java.TestType] [  481] -  str(1) = 2
[INFO ][2015-12-08 16:52:45,847][com.java.TestType] [  484] - Test case Id is---2
[INFO ][2015-12-08 16:52:45,847][com.java.TestType] [  486] - 2
[INFO ][2015-12-08 16:52:45,847][com.java.TestType] [  481] -  str(2) = 2
[INFO ][2015-12-08 16:52:45,847][com.java.TestType] [  533] - row values are--------{1=com.java.Objects.TestDataDetails@153f366, 2=com.java.Objects.TestDataDetails@16b60ab}
[INFO ][2015-12-08 16:52:45,847][com.java.TestType] [  481] -  str(1) = 2
[INFO ][2015-12-08 16:52:45,847][com.java.TestType] [  484] - Test case Id is---2
[INFO ][2015-12-08 16:52:45,847][com.java.TestType] [  486] - 2
[INFO ][2015-12-08 16:52:45,847][com.java.TestType] [  481] -  str(2) = 3
[INFO ][2015-12-08 16:52:45,857][com.java.TestType] [  533] - row values are--------{1=com.java.Objects.TestDataDetails@153f366, 2=com.java.Objects.TestDataDetails@16b60ab, 3=com.java.Objects.TestDataDetails@18f1c0}
[INFO ][2015-12-08 16:52:45,857][com.java.TestType] [ 9982] - Looping 1TCID = 2
[DEBUG][2015-12-08 16:52:45,857][com.java.TestType] [10023] - Concept ID:2 :: Step being Executed: 2::1
[INFO ][2015-12-08 16:52:45,857][com.java.TestType] [10061] - dataFields : BNK//select[@id='bank']
[DEBUG][2015-12-08 16:52:45,857][com.java.TestType] [10067] - <In Set values of the page>
[DEBUG][2015-12-08 16:52:45,857][com.java.TestType] [10072] - {Data Fields & Data Values Exist}
[INFO ][2015-12-08 16:52:45,857][com.java.TestType] [10078] - --------------------------setting values-----------------------------
[INFO ][2015-12-08 16:52:45,857][com.java.TestType] [10081] - Action Type : Select
[INFO ][2015-12-08 16:52:45,857][com.java.TestType] [ 5446] - value = PFC
[INFO ][2015-12-08 16:52:46,410][com.java.TestType] [10100] -  RESULT true
[INFO ][2015-12-08 16:52:46,410][com.java.TestType] [10217] - ?   P A S S   ?
[DEBUG][2015-12-08 16:52:46,410][com.java.TestType] [10023] - Concept ID:2 :: Step being Executed: 2::2
[INFO ][2015-12-08 16:52:46,410][com.java.TestType] [10061] - dataFields : LNKLogout
[DEBUG][2015-12-08 16:52:46,410][com.java.TestType] [10067] - <In Set values of the page>
[DEBUG][2015-12-08 16:52:46,410][com.java.TestType] [10072] - {Data Fields & Data Values Exist}
[INFO ][2015-12-08 16:52:46,410][com.java.TestType] [10078] - --------------------------setting values-----------------------------
[INFO ][2015-12-08 16:52:46,410][com.java.TestType] [10081] - Action Type : WaitTime
[DEBUG][2015-12-08 16:52:46,410][com.java.TestType] [ 5266] - sleepTime: 5000
[INFO ][2015-12-08 16:52:51,415][com.java.TestType] [10100] -  RESULT true
[INFO ][2015-12-08 16:52:51,415][com.java.TestType] [10217] - ?   P A S S   ?
[INFO ][2015-12-08 16:52:51,415][com.java.TestType] [10288] - Looping End......
[INFO ][2015-12-08 16:52:51,415][com.java.SeleniumDriver] [  894] -  RESULT true
[INFO ][2015-12-08 16:52:51,415][com.java.SeleniumDriver] [ 1100] - ?   P A S S   ?
[INFO ][2015-12-08 16:52:51,415][com.java.SeleniumDriver] [  821] - ------------------------------------------
[INFO ][2015-12-08 16:52:51,415][com.java.SeleniumDriver] [  822] - Test case being Executed: 8
[INFO ][2015-12-08 16:52:51,415][com.java.SeleniumDriver] [  833] - Test step:38
[INFO ][2015-12-08 16:52:51,415][com.java.SeleniumDriver] [  845] - Datavalue is----------null
[DEBUG][2015-12-08 16:52:51,415][com.java.SeleniumDriver] [  863] - Exception: null
[INFO ][2015-12-08 16:52:51,415][com.java.SeleniumDriver] [  869] - DataField : //span[@class='icon-stats']&&//a[@data-id="Forecasting"]
[INFO ][2015-12-08 16:52:51,415][com.java.SeleniumDriver] [  871] - DataValue : 
[INFO ][2015-12-08 16:52:51,415][com.java.SeleniumDriver] [  877] - <In Set values of the page>
[INFO ][2015-12-08 16:52:51,415][com.java.SeleniumDriver] [  880] - {Data Fields & Data Values Exist}
[INFO ][2015-12-08 16:52:51,415][com.java.SeleniumDriver] [  882] - --------------------------setting values-----------------------------
[INFO ][2015-12-08 16:52:51,415][com.java.SeleniumDriver] [  885] - Action Type : MOUSEOVER
[INFO ][2015-12-08 16:53:11,323][com.java.SeleniumDriver] [  894] -  RESULT true
[INFO ][2015-12-08 16:53:11,323][com.java.SeleniumDriver] [ 1100] - ?   P A S S   ?
[INFO ][2015-12-08 16:53:11,323][com.java.SeleniumDriver] [  821] - ------------------------------------------
[INFO ][2015-12-08 16:53:11,323][com.java.SeleniumDriver] [  822] - Test case being Executed: 8
[INFO ][2015-12-08 16:53:11,323][com.java.SeleniumDriver] [  833] - Test step:39
[INFO ][2015-12-08 16:53:11,323][com.java.SeleniumDriver] [  845] - Datavalue is----------5
[INFO ][2015-12-08 16:53:11,323][com.java.SeleniumDriver] [  869] - DataField : null
[INFO ][2015-12-08 16:53:11,323][com.java.SeleniumDriver] [  871] - DataValue : 5
[INFO ][2015-12-08 16:53:11,323][com.java.SeleniumDriver] [  877] - <In Set values of the page>
[INFO ][2015-12-08 16:53:11,323][com.java.SeleniumDriver] [  880] - {Data Fields & Data Values Exist}
[INFO ][2015-12-08 16:53:11,323][com.java.SeleniumDriver] [  882] - --------------------------setting values-----------------------------
[INFO ][2015-12-08 16:53:11,323][com.java.SeleniumDriver] [  885] - Action Type : WAITTIME
[DEBUG][2015-12-08 16:53:11,323][com.java.TestType] [ 5266] - sleepTime: 5000
[INFO ][2015-12-08 16:53:16,324][com.java.SeleniumDriver] [  894] -  RESULT true
[INFO ][2015-12-08 16:53:16,324][com.java.SeleniumDriver] [ 1100] - ?   P A S S   ?
[INFO ][2015-12-08 16:53:16,324][com.java.SeleniumDriver] [  821] - ------------------------------------------
[INFO ][2015-12-08 16:53:16,324][com.java.SeleniumDriver] [  822] - Test case being Executed: 8
[INFO ][2015-12-08 16:53:16,324][com.java.SeleniumDriver] [  833] - Test step:40
[INFO ][2015-12-08 16:53:16,324][com.java.SeleniumDriver] [  845] - Datavalue is----------Forecasting 
[INFO ][2015-12-08 16:53:16,324][com.java.SeleniumDriver] [  869] - DataField : TTL
[INFO ][2015-12-08 16:53:16,324][com.java.SeleniumDriver] [  871] - DataValue : Forecasting 
[INFO ][2015-12-08 16:53:16,324][com.java.SeleniumDriver] [  877] - <In Set values of the page>
[INFO ][2015-12-08 16:53:16,324][com.java.SeleniumDriver] [  880] - {Data Fields & Data Values Exist}
[INFO ][2015-12-08 16:53:16,324][com.java.SeleniumDriver] [  882] - --------------------------setting values-----------------------------
[INFO ][2015-12-08 16:53:16,324][com.java.SeleniumDriver] [  885] - Action Type : SELECTWINDOW
[INFO ][2015-12-08 16:53:28,876][com.java.SeleniumDriver] [  894] -  RESULT true
[INFO ][2015-12-08 16:53:28,876][com.java.SeleniumDriver] [ 1100] - ?   P A S S   ?
[INFO ][2015-12-08 16:53:28,876][com.java.SeleniumDriver] [  821] - ------------------------------------------
[INFO ][2015-12-08 16:53:28,876][com.java.SeleniumDriver] [  822] - Test case being Executed: 8
[INFO ][2015-12-08 16:53:28,876][com.java.SeleniumDriver] [  833] - Test step:41
[INFO ][2015-12-08 16:53:28,876][com.java.SeleniumDriver] [  845] - Datavalue is----------10
[INFO ][2015-12-08 16:53:28,876][com.java.SeleniumDriver] [  869] - DataField : DSP//span[@id='ui-dialog-title-mdDialog']
[INFO ][2015-12-08 16:53:28,876][com.java.SeleniumDriver] [  871] - DataValue : 10
[INFO ][2015-12-08 16:53:28,876][com.java.SeleniumDriver] [  877] - <In Set values of the page>
[INFO ][2015-12-08 16:53:28,876][com.java.SeleniumDriver] [  880] - {Data Fields & Data Values Exist}
[INFO ][2015-12-08 16:53:28,876][com.java.SeleniumDriver] [  882] - --------------------------setting values-----------------------------
[INFO ][2015-12-08 16:53:28,876][com.java.SeleniumDriver] [  885] - Action Type : WAITFORELEMENT
[INFO ][2015-12-08 16:53:29,006][com.java.SeleniumDriver] [  894] -  RESULT true
[INFO ][2015-12-08 16:53:29,006][com.java.SeleniumDriver] [ 1100] - ?   P A S S   ?
[INFO ][2015-12-08 16:53:29,006][com.java.SeleniumDriver] [  821] - ------------------------------------------
[INFO ][2015-12-08 16:53:29,006][com.java.SeleniumDriver] [  822] - Test case being Executed: 8
[INFO ][2015-12-08 16:53:29,006][com.java.SeleniumDriver] [  833] - Test step:42
[INFO ][2015-12-08 16:53:29,006][com.java.SeleniumDriver] [  845] - Datavalue is----------Forecasting 
[INFO ][2015-12-08 16:53:29,006][com.java.SeleniumDriver] [  869] - DataField : XPH//span[@id='ui-dialog-title-mdDialog']
[INFO ][2015-12-08 16:53:29,006][com.java.SeleniumDriver] [  871] - DataValue : Forecasting 
[INFO ][2015-12-08 16:53:29,006][com.java.SeleniumDriver] [  877] - <In Set values of the page>
[INFO ][2015-12-08 16:53:29,006][com.java.SeleniumDriver] [  880] - {Data Fields & Data Values Exist}
[INFO ][2015-12-08 16:53:29,006][com.java.SeleniumDriver] [  882] - --------------------------setting values-----------------------------
[INFO ][2015-12-08 16:53:29,006][com.java.SeleniumDriver] [  885] - Action Type : VERIFY
[INFO ][2015-12-08 16:53:29,006][com.java.TestType] [ 6674] - field= XPH//span[@id='ui-dialog-title-mdDialog'] value= Forecasting 
[INFO ][2015-12-08 16:53:29,006][com.java.TestType] [ 5446] - value = Forecasting 
[INFO ][2015-12-08 16:53:29,136][com.java.SeleniumDriver] [  894] -  RESULT true
[INFO ][2015-12-08 16:53:29,136][com.java.SeleniumDriver] [ 1100] - ?   P A S S   ?
[INFO ][2015-12-08 16:53:29,136][com.java.SeleniumDriver] [  821] - ------------------------------------------
[INFO ][2015-12-08 16:53:29,136][com.java.SeleniumDriver] [  822] - Test case being Executed: 8
[INFO ][2015-12-08 16:53:29,136][com.java.SeleniumDriver] [  833] - Test step:43
[INFO ][2015-12-08 16:53:29,136][com.java.SeleniumDriver] [  845] - Datavalue is----------10
[INFO ][2015-12-08 16:53:29,136][com.java.SeleniumDriver] [  869] - DataField : DSP//span[contains(text(),'Forecasting')]
[INFO ][2015-12-08 16:53:29,136][com.java.SeleniumDriver] [  871] - DataValue : 10
[INFO ][2015-12-08 16:53:29,136][com.java.SeleniumDriver] [  877] - <In Set values of the page>
[INFO ][2015-12-08 16:53:29,136][com.java.SeleniumDriver] [  880] - {Data Fields & Data Values Exist}
[INFO ][2015-12-08 16:53:29,136][com.java.SeleniumDriver] [  882] - --------------------------setting values-----------------------------
[INFO ][2015-12-08 16:53:29,136][com.java.SeleniumDriver] [  885] - Action Type : WAITFORELEMENT
[INFO ][2015-12-08 16:53:29,246][com.java.SeleniumDriver] [  894] -  RESULT true
[INFO ][2015-12-08 16:53:29,246][com.java.SeleniumDriver] [ 1100] - ?   P A S S   ?
[INFO ][2015-12-08 16:53:29,246][com.java.SeleniumDriver] [  821] - ------------------------------------------
[INFO ][2015-12-08 16:53:29,246][com.java.SeleniumDriver] [  822] - Test case being Executed: 8
[INFO ][2015-12-08 16:53:29,246][com.java.SeleniumDriver] [  833] - Test step:44
[INFO ][2015-12-08 16:53:29,246][com.java.SeleniumDriver] [  845] - Datavalue is----------null
[DEBUG][2015-12-08 16:53:29,246][com.java.SeleniumDriver] [  863] - Exception: null
[INFO ][2015-12-08 16:53:29,246][com.java.SeleniumDriver] [  869] - DataField : BTNframeDialogContent
[INFO ][2015-12-08 16:53:29,246][com.java.SeleniumDriver] [  871] - DataValue : 
[INFO ][2015-12-08 16:53:29,246][com.java.SeleniumDriver] [  877] - <In Set values of the page>
[INFO ][2015-12-08 16:53:29,246][com.java.SeleniumDriver] [  880] - {Data Fields & Data Values Exist}
[INFO ][2015-12-08 16:53:29,246][com.java.SeleniumDriver] [  882] - --------------------------setting values-----------------------------
[INFO ][2015-12-08 16:53:29,246][com.java.SeleniumDriver] [  885] - Action Type : SELECTFRAME
[INFO ][2015-12-08 16:53:30,377][com.java.SeleniumDriver] [  894] -  RESULT true
[INFO ][2015-12-08 16:53:30,377][com.java.SeleniumDriver] [ 1100] - ?   P A S S   ?
[INFO ][2015-12-08 16:53:30,377][com.java.SeleniumDriver] [  821] - ------------------------------------------
[INFO ][2015-12-08 16:53:30,377][com.java.SeleniumDriver] [  822] - Test case being Executed: 8
[INFO ][2015-12-08 16:53:30,377][com.java.SeleniumDriver] [  833] - Test step:45
[INFO ][2015-12-08 16:53:30,377][com.java.SeleniumDriver] [  845] - Datavalue is----------10
[INFO ][2015-12-08 16:53:30,377][com.java.SeleniumDriver] [  869] - DataField : DSPddlProjects
[INFO ][2015-12-08 16:53:30,377][com.java.SeleniumDriver] [  871] - DataValue : 10
[INFO ][2015-12-08 16:53:30,377][com.java.SeleniumDriver] [  877] - <In Set values of the page>
[INFO ][2015-12-08 16:53:30,377][com.java.SeleniumDriver] [  880] - {Data Fields & Data Values Exist}
[INFO ][2015-12-08 16:53:30,377][com.java.SeleniumDriver] [  882] - --------------------------setting values-----------------------------
[INFO ][2015-12-08 16:53:30,377][com.java.SeleniumDriver] [  885] - Action Type : WAITFORELEMENT
[INFO ][2015-12-08 16:53:31,478][com.java.SeleniumDriver] [  894] -  RESULT true
[INFO ][2015-12-08 16:53:31,478][com.java.SeleniumDriver] [ 1100] - ?   P A S S   ?
[INFO ][2015-12-08 16:53:31,478][com.java.SeleniumDriver] [  821] - ------------------------------------------
[INFO ][2015-12-08 16:53:31,478][com.java.SeleniumDriver] [  822] - Test case being Executed: 8
[INFO ][2015-12-08 16:53:31,478][com.java.SeleniumDriver] [  833] - Test step:46
[INFO ][2015-12-08 16:53:31,478][com.java.SeleniumDriver] [  845] - Datavalue is----------HMVCurrentProject
[INFO ][2015-12-08 16:53:31,478][com.java.SeleniumDriver] [  869] - DataField : COBddlProjects
[INFO ][2015-12-08 16:53:31,478][com.java.SeleniumDriver] [  871] - DataValue : HMVCurrentProject
[INFO ][2015-12-08 16:53:31,478][com.java.SeleniumDriver] [  877] - <In Set values of the page>
[INFO ][2015-12-08 16:53:31,478][com.java.SeleniumDriver] [  880] - {Data Fields & Data Values Exist}
[INFO ][2015-12-08 16:53:31,478][com.java.SeleniumDriver] [  882] - --------------------------setting values-----------------------------
[INFO ][2015-12-08 16:53:31,478][com.java.SeleniumDriver] [  885] - Action Type : SELECT
[INFO ][2015-12-08 16:53:31,478][com.java.TestType] [ 5446] - value = Budget 2014 1-21-2014
[INFO ][2015-12-08 16:53:32,569][com.java.TestType] [ 5564] -  In COB ddlProjects : Budget 2014 1-21-2014
[DEBUG][2015-12-08 16:53:33,650][com.java.TestType] [ 5589] - Java Script : javascript:var s = document.getElementById('ddlProjects');for (i = 0; i< s.options.length; i++){   if (s.options[i].text.trim().toUpperCase() == 'BUDGET 2014 1-21-2014'){      s.options[i].selected = true;      s.click();      break;   }}
[INFO ][2015-12-08 16:53:35,660][com.java.SeleniumDriver] [  894] -  RESULT true
[INFO ][2015-12-08 16:53:35,660][com.java.SeleniumDriver] [ 1100] - ?   P A S S   ?
[INFO ][2015-12-08 16:53:35,660][com.java.SeleniumDriver] [  821] - ------------------------------------------
[INFO ][2015-12-08 16:53:35,660][com.java.SeleniumDriver] [  822] - Test case being Executed: 8
[INFO ][2015-12-08 16:53:35,660][com.java.SeleniumDriver] [  833] - Test step:47
[INFO ][2015-12-08 16:53:35,660][com.java.SeleniumDriver] [  845] - Datavalue is----------null
[DEBUG][2015-12-08 16:53:35,660][com.java.SeleniumDriver] [  863] - Exception: null
[INFO ][2015-12-08 16:53:35,660][com.java.SeleniumDriver] [  869] - DataField : HDNbtnOpenProject
[INFO ][2015-12-08 16:53:35,660][com.java.SeleniumDriver] [  871] - DataValue : 
[INFO ][2015-12-08 16:53:35,660][com.java.SeleniumDriver] [  877] - <In Set values of the page>
[INFO ][2015-12-08 16:53:35,660][com.java.SeleniumDriver] [  880] - {Data Fields & Data Values Exist}
[INFO ][2015-12-08 16:53:35,660][com.java.SeleniumDriver] [  882] - --------------------------setting values-----------------------------
[INFO ][2015-12-08 16:53:35,660][com.java.SeleniumDriver] [  885] - Action Type : CLICKWITHALERT
[INFO ][2015-12-08 16:53:35,660][com.java.TestType] [ 5774] - Field ::HDNbtnOpenProject
[INFO ][2015-12-08 16:53:38,640][com.java.SeleniumDriver] [  894] -  RESULT true
[INFO ][2015-12-08 16:53:38,640][com.java.SeleniumDriver] [ 1100] - ?   P A S S   ?
[INFO ][2015-12-08 16:53:38,640][com.java.SeleniumDriver] [  821] - ------------------------------------------
[INFO ][2015-12-08 16:53:38,640][com.java.SeleniumDriver] [  822] - Test case being Executed: 8
[INFO ][2015-12-08 16:53:38,640][com.java.SeleniumDriver] [  833] - Test step:48
[INFO ][2015-12-08 16:53:38,640][com.java.SeleniumDriver] [  845] - Datavalue is----------2
[INFO ][2015-12-08 16:53:38,640][com.java.SeleniumDriver] [  869] - DataField : null
[INFO ][2015-12-08 16:53:38,640][com.java.SeleniumDriver] [  871] - DataValue : 2
[INFO ][2015-12-08 16:53:38,640][com.java.SeleniumDriver] [  877] - <In Set values of the page>
[INFO ][2015-12-08 16:53:38,640][com.java.SeleniumDriver] [  880] - {Data Fields & Data Values Exist}
[INFO ][2015-12-08 16:53:38,640][com.java.SeleniumDriver] [  882] - --------------------------setting values-----------------------------
[INFO ][2015-12-08 16:53:38,640][com.java.SeleniumDriver] [  885] - Action Type : WAITTIME
[DEBUG][2015-12-08 16:53:38,640][com.java.TestType] [ 5266] - sleepTime: 2000
[INFO ][2015-12-08 16:53:40,640][com.java.SeleniumDriver] [  894] -  RESULT true
[INFO ][2015-12-08 16:53:40,640][com.java.SeleniumDriver] [ 1100] - ?   P A S S   ?
[INFO ][2015-12-08 16:53:40,640][com.java.SeleniumDriver] [  821] - ------------------------------------------
[INFO ][2015-12-08 16:53:40,640][com.java.SeleniumDriver] [  822] - Test case being Executed: 8
[INFO ][2015-12-08 16:53:40,640][com.java.SeleniumDriver] [  833] - Test step:49
[INFO ][2015-12-08 16:53:40,640][com.java.SeleniumDriver] [  845] - Datavalue is----------null
[DEBUG][2015-12-08 16:53:40,640][com.java.SeleniumDriver] [  863] - Exception: null
[INFO ][2015-12-08 16:53:40,640][com.java.SeleniumDriver] [  869] - DataField : BTNParent
[INFO ][2015-12-08 16:53:40,640][com.java.SeleniumDriver] [  871] - DataValue : 
[INFO ][2015-12-08 16:53:40,640][com.java.SeleniumDriver] [  877] - <In Set values of the page>
[INFO ][2015-12-08 16:53:40,640][com.java.SeleniumDriver] [  880] - {Data Fields & Data Values Exist}
[INFO ][2015-12-08 16:53:40,640][com.java.SeleniumDriver] [  882] - --------------------------setting values-----------------------------
[INFO ][2015-12-08 16:53:40,640][com.java.SeleniumDriver] [  885] - Action Type : SELECTFRAME
[INFO ][2015-12-08 16:53:40,641][com.java.SeleniumDriver] [  894] -  RESULT true
[INFO ][2015-12-08 16:53:40,641][com.java.SeleniumDriver] [ 1100] - ?   P A S S   ?
[INFO ][2015-12-08 16:53:40,641][com.java.SeleniumDriver] [  821] - ------------------------------------------
[INFO ][2015-12-08 16:53:40,641][com.java.SeleniumDriver] [  822] - Test case being Executed: 8
[INFO ][2015-12-08 16:53:40,641][com.java.SeleniumDriver] [  833] - Test step:50
[INFO ][2015-12-08 16:53:40,641][com.java.SeleniumDriver] [  845] - Datavalue is----------null
[DEBUG][2015-12-08 16:53:40,641][com.java.SeleniumDriver] [  863] - Exception: null
[INFO ][2015-12-08 16:53:40,641][com.java.SeleniumDriver] [  869] - DataField : HDNmenuTools
[INFO ][2015-12-08 16:53:40,641][com.java.SeleniumDriver] [  871] - DataValue : 
[INFO ][2015-12-08 16:53:40,641][com.java.SeleniumDriver] [  877] - <In Set values of the page>
[INFO ][2015-12-08 16:53:40,641][com.java.SeleniumDriver] [  880] - {Data Fields & Data Values Exist}
[INFO ][2015-12-08 16:53:40,641][com.java.SeleniumDriver] [  882] - --------------------------setting values-----------------------------
[INFO ][2015-12-08 16:53:40,641][com.java.SeleniumDriver] [  885] - Action Type : CLICK
[INFO ][2015-12-08 16:53:40,641][com.java.TestType] [ 5774] - Field ::HDNmenuTools
[INFO ][2015-12-08 16:53:42,792][com.java.SeleniumDriver] [  894] -  RESULT true
[INFO ][2015-12-08 16:53:42,792][com.java.SeleniumDriver] [ 1100] - ?   P A S S   ?
[INFO ][2015-12-08 16:53:42,792][com.java.SeleniumDriver] [  821] - ------------------------------------------
[INFO ][2015-12-08 16:53:42,792][com.java.SeleniumDriver] [  822] - Test case being Executed: 8
[INFO ][2015-12-08 16:53:42,792][com.java.SeleniumDriver] [  833] - Test step:51
[INFO ][2015-12-08 16:53:42,792][com.java.SeleniumDriver] [  845] - Datavalue is----------10
[INFO ][2015-12-08 16:53:42,792][com.java.SeleniumDriver] [  869] - DataField : DSPmenuProjectOptions
[INFO ][2015-12-08 16:53:42,792][com.java.SeleniumDriver] [  871] - DataValue : 10
[INFO ][2015-12-08 16:53:42,792][com.java.SeleniumDriver] [  877] - <In Set values of the page>
[INFO ][2015-12-08 16:53:42,792][com.java.SeleniumDriver] [  880] - {Data Fields & Data Values Exist}
[INFO ][2015-12-08 16:53:42,792][com.java.SeleniumDriver] [  882] - --------------------------setting values-----------------------------
[INFO ][2015-12-08 16:53:42,792][com.java.SeleniumDriver] [  885] - Action Type : WAITFORELEMENT
[INFO ][2015-12-08 16:53:43,975][com.java.SeleniumDriver] [  894] -  RESULT true
[INFO ][2015-12-08 16:53:43,975][com.java.SeleniumDriver] [ 1100] - ?   P A S S   ?
[INFO ][2015-12-08 16:53:43,975][com.java.SeleniumDriver] [  821] - ------------------------------------------
[INFO ][2015-12-08 16:53:43,975][com.java.SeleniumDriver] [  822] - Test case being Executed: 8
[INFO ][2015-12-08 16:53:43,975][com.java.SeleniumDriver] [  833] - Test step:52
[INFO ][2015-12-08 16:53:43,975][com.java.SeleniumDriver] [  845] - Datavalue is----------null
[DEBUG][2015-12-08 16:53:43,975][com.java.SeleniumDriver] [  863] - Exception: null
[INFO ][2015-12-08 16:53:43,975][com.java.SeleniumDriver] [  869] - DataField : BTNmenuProjectOptions
[INFO ][2015-12-08 16:53:43,975][com.java.SeleniumDriver] [  871] - DataValue : 
[INFO ][2015-12-08 16:53:43,975][com.java.SeleniumDriver] [  877] - <In Set values of the page>
[INFO ][2015-12-08 16:53:43,975][com.java.SeleniumDriver] [  880] - {Data Fields & Data Values Exist}
[INFO ][2015-12-08 16:53:43,975][com.java.SeleniumDriver] [  882] - --------------------------setting values-----------------------------
[INFO ][2015-12-08 16:53:43,975][com.java.SeleniumDriver] [  885] - Action Type : CLICK
[INFO ][2015-12-08 16:53:43,975][com.java.TestType] [ 5774] - Field ::BTNmenuProjectOptions
[INFO ][2015-12-08 16:53:44,975][com.java.TestType] [ 5847] - BEFORE CLICK
[INFO ][2015-12-08 16:53:46,226][com.java.TestType] [ 5854] - Unable to click the object ProjectOptions
[INFO ][2015-12-08 16:53:46,226][com.java.SeleniumDriver] [  894] -  RESULT true
[INFO ][2015-12-08 16:53:46,226][com.java.SeleniumDriver] [ 1100] - ?   P A S S   ?
[INFO ][2015-12-08 16:53:46,226][com.java.SeleniumDriver] [  821] - ------------------------------------------
[INFO ][2015-12-08 16:53:46,226][com.java.SeleniumDriver] [  822] - Test case being Executed: 8
[INFO ][2015-12-08 16:53:46,226][com.java.SeleniumDriver] [  833] - Test step:53
[INFO ][2015-12-08 16:53:46,226][com.java.SeleniumDriver] [  845] - Datavalue is----------null
[DEBUG][2015-12-08 16:53:46,226][com.java.SeleniumDriver] [  863] - Exception: null
[INFO ][2015-12-08 16:53:46,226][com.java.SeleniumDriver] [  869] - DataField : BTNframeDialogContent
[INFO ][2015-12-08 16:53:46,226][com.java.SeleniumDriver] [  871] - DataValue : 
[INFO ][2015-12-08 16:53:46,226][com.java.SeleniumDriver] [  877] - <In Set values of the page>
[INFO ][2015-12-08 16:53:46,226][com.java.SeleniumDriver] [  880] - {Data Fields & Data Values Exist}
[INFO ][2015-12-08 16:53:46,226][com.java.SeleniumDriver] [  882] - --------------------------setting values-----------------------------
[INFO ][2015-12-08 16:53:46,226][com.java.SeleniumDriver] [  885] - Action Type : SELECTFRAME
[ERROR][2015-12-08 16:54:03,106][com.java.TestType] [ 5696] - Exception: null
[INFO ][2015-12-08 16:54:03,106][com.java.SeleniumDriver] [  894] -  RESULT false
[INFO ][2015-12-08 16:54:03,106][com.java.SeleniumDriver] [  941] - ?   F A I L   ?
[INFO ][2015-12-08 16:54:03,106][com.java.SeleniumDriver] [  949] - Browser Type : IE10
[INFO ][2015-12-08 16:54:03,106][com.java.SeleniumDriver] [  950] - Adding Failed case8
[INFO ][2015-12-08 16:54:03,727][com.java.SeleniumDriver] [ 1064] - failedCases = 8
[ERROR][2015-12-08 16:54:03,727][com.java.SeleniumDriver] [ 1561] - Platform Errors : Our apologies...::We have encountered an issue with your request.::Our apologies?:We encountered an issue with your request.
[INFO ][2015-12-08 16:54:03,727][com.java.SeleniumDriver] [ 1565] - Length =3
[ERROR][2015-12-08 16:54:03,727][com.java.SeleniumDriver] [ 1568] - Error 0 = Our apologies...
[ERROR][2015-12-08 16:54:03,767][com.java.SeleniumDriver] [ 1568] - Error 1 = We have encountered an issue with your request.
[ERROR][2015-12-08 16:54:03,797][com.java.SeleniumDriver] [ 1568] - Error 2 = Our apologies?:We encountered an issue with your request.
[INFO ][2015-12-08 16:54:03,827][com.java.SeleniumDriver] [ 1579] - strError:
[DEBUG][2015-12-08 16:54:03,847][com.java.SeleniumDriver] [ 1212] - Case found
[DEBUG][2015-12-08 16:54:03,847][com.java.SeleniumDriver] [ 1217] - Incrementing ReportCounters[0]:3
[INFO ][2015-12-08 16:54:03,847][com.java.SeleniumDriver] [ 1236] - The results are-------------------[8, 53, SmartFill option, Fail, 
Test case failed at Step No. :: 53   Error Message ::  Exception: null. Screen Shot : D:\BankersDashboard\TestReports\120815\8_120815_165403_IE10.png, Tue Dec 08 16:54:03 IST 2015]
[INFO ][2015-12-08 16:54:03,847][com.java.SeleniumDriver] [ 1240] - End time is-------8 min 35 sec
[INFO ][2015-12-08 16:54:03,847][com.java.SeleniumDriver] [ 1241] - The results are-------------------[8, 53, SmartFill option, Fail, 
Test case failed at Step No. :: 53   Error Message ::  Exception: null. Screen Shot : D:\BankersDashboard\TestReports\120815\8_120815_165403_IE10.png, Tue Dec 08 16:54:03 IST 2015]
[DEBUG][2015-12-08 16:54:03,847][com.java.ImportnExport.ExportTestResultsExcel] [  222] - testResultPath = D:\BankersDashboard/TestReports/Test Results_BankersDashBoard_120815_164530_IE10_CB&S Bank.xls
[DEBUG][2015-12-08 16:54:03,847][com.java.ImportnExport.ExportTestResultsExcel] [  223] - browser is------------IE10
[DEBUG][2015-12-08 16:54:03,847][com.java.ImportnExport.ExportTestResultsExcel] [  270] - result.size() = 6
[DEBUG][2015-12-08 16:54:03,847][com.java.ImportnExport.ExportTestResultsExcel] [  274] - No of rows in sheet=3
[DEBUG][2015-12-08 16:54:03,847][com.java.ImportnExport.ExportTestResultsExcel] [  301] - ..in export..8
[DEBUG][2015-12-08 16:54:03,847][com.java.ImportnExport.ExportTestResultsExcel] [  301] - ..in export..SmartFill option
[DEBUG][2015-12-08 16:54:03,847][com.java.ImportnExport.ExportTestResultsExcel] [  301] - ..in export..Fail
[DEBUG][2015-12-08 16:54:03,847][com.java.ImportnExport.ExportTestResultsExcel] [  301] - ..in export..
Test case failed at Step No. :: 53   Error Message ::  Exception: null. Screen Shot : D:\BankersDashboard\TestReports\120815\8_120815_165403_IE10.png
[DEBUG][2015-12-08 16:54:03,847][com.java.ImportnExport.ExportTestResultsExcel] [  301] - ..in export..Tue Dec 08 16:54:03 IST 2015
[INFO ][2015-12-08 16:54:03,847][com.java.SeleniumDriver] [ 1299] - out loop:2 size:4 TestCases:[1, 7, 8, 9] testcases:[1, 7, 8, 9]
[INFO ][2015-12-08 16:54:03,847][com.java.ImportnExport.ImportTestDataDetailsExcel] [   49] - test data details path===== D:\BankersDashboard\TestInputs\TestData.xls
[INFO ][2015-12-08 16:54:29,237][com.java.SeleniumDriver] [  821] - ------------------------------------------
[INFO ][2015-12-08 16:54:29,237][com.java.SeleniumDriver] [  822] - Test case being Executed: 9
[INFO ][2015-12-08 16:54:29,237][com.java.SeleniumDriver] [  833] - Test step:1
[INFO ][2015-12-08 16:54:29,237][com.java.SeleniumDriver] [  845] - Datavalue is----------Logout
[INFO ][2015-12-08 16:54:29,237][com.java.SeleniumDriver] [  869] - DataField : BTN
[INFO ][2015-12-08 16:54:29,237][com.java.SeleniumDriver] [  871] - DataValue : Logout
[INFO ][2015-12-08 16:54:29,237][com.java.SeleniumDriver] [  877] - <In Set values of the page>
[INFO ][2015-12-08 16:54:29,237][com.java.SeleniumDriver] [  880] - {Data Fields & Data Values Exist}
[INFO ][2015-12-08 16:54:29,237][com.java.SeleniumDriver] [  882] - --------------------------setting values-----------------------------
[INFO ][2015-12-08 16:54:29,237][com.java.SeleniumDriver] [  885] - Action Type : Verify
[INFO ][2015-12-08 16:54:29,237][com.java.TestType] [ 6674] - field= BTN value= Logout
[INFO ][2015-12-08 16:54:29,237][com.java.TestType] [ 5446] - value = Logout
[INFO ][2015-12-08 16:54:29,298][com.java.SeleniumDriver] [  894] -  RESULT true
[INFO ][2015-12-08 16:54:29,298][com.java.SeleniumDriver] [ 1100] - ?   P A S S   ?
[INFO ][2015-12-08 16:54:29,298][com.java.SeleniumDriver] [ 1142] - step change to 3
[INFO ][2015-12-08 16:54:29,298][com.java.SeleniumDriver] [  821] - ------------------------------------------
[INFO ][2015-12-08 16:54:29,298][com.java.SeleniumDriver] [  822] - Test case being Executed: 9
[INFO ][2015-12-08 16:54:29,298][com.java.SeleniumDriver] [  833] - Test step:3
[INFO ][2015-12-08 16:54:29,298][com.java.SeleniumDriver] [  845] - Datavalue is----------Concept#2:1-2
[INFO ][2015-12-08 16:54:29,298][com.java.SeleniumDriver] [  869] - DataField : test
[INFO ][2015-12-08 16:54:29,298][com.java.SeleniumDriver] [  871] - DataValue : Concept#2:1-2
[INFO ][2015-12-08 16:54:29,298][com.java.SeleniumDriver] [  877] - <In Set values of the page>
[INFO ][2015-12-08 16:54:29,298][com.java.SeleniumDriver] [  880] - {Data Fields & Data Values Exist}
[INFO ][2015-12-08 16:54:29,298][com.java.SeleniumDriver] [  882] - --------------------------setting values-----------------------------
[INFO ][2015-12-08 16:54:29,298][com.java.SeleniumDriver] [  885] - Action Type : ExecuteTestCase
[INFO ][2015-12-08 16:54:29,298][com.java.TestType] [  436] - The Concept sheet name is ---------- Concept
[INFO ][2015-12-08 16:54:29,298][com.java.TestType] [  439] - The Concept ID  is ---------- 2
[DEBUG][2015-12-08 16:54:29,298][com.java.TestType] [  443] - Steps being executted in the Concept are: 1:2
[INFO ][2015-12-08 16:54:29,298][com.java.TestType] [  450] - Test data details path ---------- D:\BankersDashboard\TestInputs\TestData.xls
[INFO ][2015-12-08 16:54:29,328][com.java.TestType] [  481] -  str(1) = 2
[INFO ][2015-12-08 16:54:29,328][com.java.TestType] [  484] - Test case Id is---2
[INFO ][2015-12-08 16:54:29,328][com.java.TestType] [  486] - 2
[INFO ][2015-12-08 16:54:29,328][com.java.TestType] [  481] -  str(2) = 1
[INFO ][2015-12-08 16:54:29,328][com.java.TestType] [  533] - row values are--------{1=com.java.Objects.TestDataDetails@1a8038d}
[INFO ][2015-12-08 16:54:29,328][com.java.TestType] [  481] -  str(1) = 2
[INFO ][2015-12-08 16:54:29,328][com.java.TestType] [  484] - Test case Id is---2
[INFO ][2015-12-08 16:54:29,328][com.java.TestType] [  486] - 2
[INFO ][2015-12-08 16:54:29,328][com.java.TestType] [  481] -  str(2) = 2
[INFO ][2015-12-08 16:54:29,328][com.java.TestType] [  533] - row values are--------{1=com.java.Objects.TestDataDetails@1a8038d, 2=com.java.Objects.TestDataDetails@168ef25}
[INFO ][2015-12-08 16:54:29,328][com.java.TestType] [  481] -  str(1) = 2
[INFO ][2015-12-08 16:54:29,328][com.java.TestType] [  484] - Test case Id is---2
[INFO ][2015-12-08 16:54:29,328][com.java.TestType] [  486] - 2
[INFO ][2015-12-08 16:54:29,328][com.java.TestType] [  481] -  str(2) = 3
[INFO ][2015-12-08 16:54:29,328][com.java.TestType] [  533] - row values are--------{1=com.java.Objects.TestDataDetails@1a8038d, 2=com.java.Objects.TestDataDetails@168ef25, 3=com.java.Objects.TestDataDetails@1ad9562}
[INFO ][2015-12-08 16:54:29,328][com.java.TestType] [ 9982] - Looping 1TCID = 2
[DEBUG][2015-12-08 16:54:29,328][com.java.TestType] [10023] - Concept ID:2 :: Step being Executed: 2::1
[INFO ][2015-12-08 16:54:29,328][com.java.TestType] [10061] - dataFields : BNK//select[@id='bank']
[DEBUG][2015-12-08 16:54:29,328][com.java.TestType] [10067] - <In Set values of the page>
[DEBUG][2015-12-08 16:54:29,328][com.java.TestType] [10072] - {Data Fields & Data Values Exist}
[INFO ][2015-12-08 16:54:29,328][com.java.TestType] [10078] - --------------------------setting values-----------------------------
[INFO ][2015-12-08 16:54:29,328][com.java.TestType] [10081] - Action Type : Select
[INFO ][2015-12-08 16:54:29,328][com.java.TestType] [ 5446] - value = PFC
[INFO ][2015-12-08 16:54:29,518][com.java.TestType] [10100] -  RESULT true
[INFO ][2015-12-08 16:54:29,518][com.java.TestType] [10217] - ?   P A S S   ?
[DEBUG][2015-12-08 16:54:29,518][com.java.TestType] [10023] - Concept ID:2 :: Step being Executed: 2::2
[INFO ][2015-12-08 16:54:29,518][com.java.TestType] [10061] - dataFields : LNKLogout
[DEBUG][2015-12-08 16:54:29,518][com.java.TestType] [10067] - <In Set values of the page>
[DEBUG][2015-12-08 16:54:29,518][com.java.TestType] [10072] - {Data Fields & Data Values Exist}
[INFO ][2015-12-08 16:54:29,518][com.java.TestType] [10078] - --------------------------setting values-----------------------------
[INFO ][2015-12-08 16:54:29,518][com.java.TestType] [10081] - Action Type : WaitTime
[DEBUG][2015-12-08 16:54:29,518][com.java.TestType] [ 5266] - sleepTime: 5000
[INFO ][2015-12-08 16:54:34,518][com.java.TestType] [10100] -  RESULT true
[INFO ][2015-12-08 16:54:34,518][com.java.TestType] [10217] - ?   P A S S   ?
[INFO ][2015-12-08 16:54:34,518][com.java.TestType] [10288] - Looping End......
[INFO ][2015-12-08 16:54:34,518][com.java.SeleniumDriver] [  894] -  RESULT true
[INFO ][2015-12-08 16:54:34,518][com.java.SeleniumDriver] [ 1100] - ?   P A S S   ?
[INFO ][2015-12-08 16:54:34,518][com.java.SeleniumDriver] [  821] - ------------------------------------------
[INFO ][2015-12-08 16:54:34,518][com.java.SeleniumDriver] [  822] - Test case being Executed: 9
[INFO ][2015-12-08 16:54:34,518][com.java.SeleniumDriver] [  833] - Test step:4
[INFO ][2015-12-08 16:54:34,518][com.java.SeleniumDriver] [  845] - Datavalue is----------null
[DEBUG][2015-12-08 16:54:34,518][com.java.SeleniumDriver] [  863] - Exception: null
[INFO ][2015-12-08 16:54:34,518][com.java.SeleniumDriver] [  869] - DataField : //span[@class='icon-stats']&&//a[@data-id="Forecasting"]
[INFO ][2015-12-08 16:54:34,518][com.java.SeleniumDriver] [  871] - DataValue : 
[INFO ][2015-12-08 16:54:34,518][com.java.SeleniumDriver] [  877] - <In Set values of the page>
[INFO ][2015-12-08 16:54:34,518][com.java.SeleniumDriver] [  880] - {Data Fields & Data Values Exist}
[INFO ][2015-12-08 16:54:34,518][com.java.SeleniumDriver] [  882] - --------------------------setting values-----------------------------
[INFO ][2015-12-08 16:54:34,518][com.java.SeleniumDriver] [  885] - Action Type : MOUSEOVER
[INFO ][2015-12-08 16:54:54,312][com.java.SeleniumDriver] [  894] -  RESULT true
[INFO ][2015-12-08 16:54:54,312][com.java.SeleniumDriver] [ 1100] - ?   P A S S   ?
[INFO ][2015-12-08 16:54:54,312][com.java.SeleniumDriver] [  821] - ------------------------------------------
[INFO ][2015-12-08 16:54:54,312][com.java.SeleniumDriver] [  822] - Test case being Executed: 9
[INFO ][2015-12-08 16:54:54,312][com.java.SeleniumDriver] [  833] - Test step:5
[INFO ][2015-12-08 16:54:54,312][com.java.SeleniumDriver] [  845] - Datavalue is----------5
[INFO ][2015-12-08 16:54:54,312][com.java.SeleniumDriver] [  869] - DataField : null
[INFO ][2015-12-08 16:54:54,312][com.java.SeleniumDriver] [  871] - DataValue : 5
[INFO ][2015-12-08 16:54:54,312][com.java.SeleniumDriver] [  877] - <In Set values of the page>
[INFO ][2015-12-08 16:54:54,312][com.java.SeleniumDriver] [  880] - {Data Fields & Data Values Exist}
[INFO ][2015-12-08 16:54:54,312][com.java.SeleniumDriver] [  882] - --------------------------setting values-----------------------------
[INFO ][2015-12-08 16:54:54,312][com.java.SeleniumDriver] [  885] - Action Type : WAITTIME
[DEBUG][2015-12-08 16:54:54,312][com.java.TestType] [ 5266] - sleepTime: 5000
[INFO ][2015-12-08 16:54:59,313][com.java.SeleniumDriver] [  894] -  RESULT true
[INFO ][2015-12-08 16:54:59,313][com.java.SeleniumDriver] [ 1100] - ?   P A S S   ?
[INFO ][2015-12-08 16:54:59,313][com.java.SeleniumDriver] [  821] - ------------------------------------------
[INFO ][2015-12-08 16:54:59,313][com.java.SeleniumDriver] [  822] - Test case being Executed: 9
[INFO ][2015-12-08 16:54:59,313][com.java.SeleniumDriver] [  833] - Test step:6
[INFO ][2015-12-08 16:54:59,313][com.java.SeleniumDriver] [  845] - Datavalue is----------Forecasting 
[INFO ][2015-12-08 16:54:59,313][com.java.SeleniumDriver] [  869] - DataField : TTL
[INFO ][2015-12-08 16:54:59,313][com.java.SeleniumDriver] [  871] - DataValue : Forecasting 
[INFO ][2015-12-08 16:54:59,313][com.java.SeleniumDriver] [  877] - <In Set values of the page>
[INFO ][2015-12-08 16:54:59,313][com.java.SeleniumDriver] [  880] - {Data Fields & Data Values Exist}
[INFO ][2015-12-08 16:54:59,313][com.java.SeleniumDriver] [  882] - --------------------------setting values-----------------------------
[INFO ][2015-12-08 16:54:59,313][com.java.SeleniumDriver] [  885] - Action Type : SELECTWINDOW
[INFO ][2015-12-08 16:55:11,875][com.java.SeleniumDriver] [  894] -  RESULT true
[INFO ][2015-12-08 16:55:11,875][com.java.SeleniumDriver] [ 1100] - ?   P A S S   ?
[INFO ][2015-12-08 16:55:11,875][com.java.SeleniumDriver] [  821] - ------------------------------------------
[INFO ][2015-12-08 16:55:11,875][com.java.SeleniumDriver] [  822] - Test case being Executed: 9
[INFO ][2015-12-08 16:55:11,875][com.java.SeleniumDriver] [  833] - Test step:7
[INFO ][2015-12-08 16:55:11,875][com.java.SeleniumDriver] [  845] - Datavalue is----------10
[INFO ][2015-12-08 16:55:11,875][com.java.SeleniumDriver] [  869] - DataField : DSP//span[contains(text(),'Forecasting')]
[INFO ][2015-12-08 16:55:11,875][com.java.SeleniumDriver] [  871] - DataValue : 10
[INFO ][2015-12-08 16:55:11,875][com.java.SeleniumDriver] [  877] - <In Set values of the page>
[INFO ][2015-12-08 16:55:11,875][com.java.SeleniumDriver] [  880] - {Data Fields & Data Values Exist}
[INFO ][2015-12-08 16:55:11,875][com.java.SeleniumDriver] [  882] - --------------------------setting values-----------------------------
[INFO ][2015-12-08 16:55:11,875][com.java.SeleniumDriver] [  885] - Action Type : WAITFORELEMENT
[INFO ][2015-12-08 16:55:11,995][com.java.SeleniumDriver] [  894] -  RESULT true
[INFO ][2015-12-08 16:55:11,995][com.java.SeleniumDriver] [ 1100] - ?   P A S S   ?
[INFO ][2015-12-08 16:55:11,995][com.java.SeleniumDriver] [  821] - ------------------------------------------
[INFO ][2015-12-08 16:55:11,995][com.java.SeleniumDriver] [  822] - Test case being Executed: 9
[INFO ][2015-12-08 16:55:11,995][com.java.SeleniumDriver] [  833] - Test step:8
[INFO ][2015-12-08 16:55:11,995][com.java.SeleniumDriver] [  845] - Datavalue is----------Forecasting 
[INFO ][2015-12-08 16:55:11,995][com.java.SeleniumDriver] [  869] - DataField : XPH//span[contains(text(),'Forecasting')]
[INFO ][2015-12-08 16:55:11,995][com.java.SeleniumDriver] [  871] - DataValue : Forecasting 
[INFO ][2015-12-08 16:55:11,995][com.java.SeleniumDriver] [  877] - <In Set values of the page>
[INFO ][2015-12-08 16:55:11,995][com.java.SeleniumDriver] [  880] - {Data Fields & Data Values Exist}
[INFO ][2015-12-08 16:55:11,995][com.java.SeleniumDriver] [  882] - --------------------------setting values-----------------------------
[INFO ][2015-12-08 16:55:11,995][com.java.SeleniumDriver] [  885] - Action Type : VERIFY
[INFO ][2015-12-08 16:55:11,995][com.java.TestType] [ 6674] - field= XPH//span[contains(text(),'Forecasting')] value= Forecasting 
[INFO ][2015-12-08 16:55:11,995][com.java.TestType] [ 5446] - value = Forecasting 
[INFO ][2015-12-08 16:55:12,115][com.java.SeleniumDriver] [  894] -  RESULT true
[INFO ][2015-12-08 16:55:12,115][com.java.SeleniumDriver] [ 1100] - ?   P A S S   ?
[INFO ][2015-12-08 16:55:12,115][com.java.SeleniumDriver] [  821] - ------------------------------------------
[INFO ][2015-12-08 16:55:12,115][com.java.SeleniumDriver] [  822] - Test case being Executed: 9
[INFO ][2015-12-08 16:55:12,115][com.java.SeleniumDriver] [  833] - Test step:9
[INFO ][2015-12-08 16:55:12,115][com.java.SeleniumDriver] [  845] - Datavalue is----------null
[DEBUG][2015-12-08 16:55:12,115][com.java.SeleniumDriver] [  863] - Exception: null
[INFO ][2015-12-08 16:55:12,115][com.java.SeleniumDriver] [  869] - DataField : BTNframeDialogContent
[INFO ][2015-12-08 16:55:12,115][com.java.SeleniumDriver] [  871] - DataValue : 
[INFO ][2015-12-08 16:55:12,115][com.java.SeleniumDriver] [  877] - <In Set values of the page>
[INFO ][2015-12-08 16:55:12,115][com.java.SeleniumDriver] [  880] - {Data Fields & Data Values Exist}
[INFO ][2015-12-08 16:55:12,115][com.java.SeleniumDriver] [  882] - --------------------------setting values-----------------------------
[INFO ][2015-12-08 16:55:12,115][com.java.SeleniumDriver] [  885] - Action Type : SELECTFRAME
[INFO ][2015-12-08 16:55:13,486][com.java.SeleniumDriver] [  894] -  RESULT true
[INFO ][2015-12-08 16:55:13,486][com.java.SeleniumDriver] [ 1100] - ?   P A S S   ?
[INFO ][2015-12-08 16:55:13,486][com.java.SeleniumDriver] [  821] - ------------------------------------------
[INFO ][2015-12-08 16:55:13,486][com.java.SeleniumDriver] [  822] - Test case being Executed: 9
[INFO ][2015-12-08 16:55:13,486][com.java.SeleniumDriver] [  833] - Test step:10
[INFO ][2015-12-08 16:55:13,486][com.java.SeleniumDriver] [  845] - Datavalue is----------10
[INFO ][2015-12-08 16:55:13,486][com.java.SeleniumDriver] [  869] - DataField : DSPddlProjects
[INFO ][2015-12-08 16:55:13,486][com.java.SeleniumDriver] [  871] - DataValue : 10
[INFO ][2015-12-08 16:55:13,486][com.java.SeleniumDriver] [  877] - <In Set values of the page>
[INFO ][2015-12-08 16:55:13,486][com.java.SeleniumDriver] [  880] - {Data Fields & Data Values Exist}
[INFO ][2015-12-08 16:55:13,486][com.java.SeleniumDriver] [  882] - --------------------------setting values-----------------------------
[INFO ][2015-12-08 16:55:13,486][com.java.SeleniumDriver] [  885] - Action Type : WAITFORELEMENT
[INFO ][2015-12-08 16:55:14,587][com.java.SeleniumDriver] [  894] -  RESULT true
[INFO ][2015-12-08 16:55:14,587][com.java.SeleniumDriver] [ 1100] - ?   P A S S   ?
[INFO ][2015-12-08 16:55:14,587][com.java.SeleniumDriver] [  821] - ------------------------------------------
[INFO ][2015-12-08 16:55:14,587][com.java.SeleniumDriver] [  822] - Test case being Executed: 9
[INFO ][2015-12-08 16:55:14,587][com.java.SeleniumDriver] [  833] - Test step:11
[INFO ][2015-12-08 16:55:14,587][com.java.SeleniumDriver] [  845] - Datavalue is----------index:1
[INFO ][2015-12-08 16:55:14,587][com.java.SeleniumDriver] [  869] - DataField : COBddlProjects
[INFO ][2015-12-08 16:55:14,587][com.java.SeleniumDriver] [  871] - DataValue : index:1
[INFO ][2015-12-08 16:55:14,587][com.java.SeleniumDriver] [  877] - <In Set values of the page>
[INFO ][2015-12-08 16:55:14,587][com.java.SeleniumDriver] [  880] - {Data Fields & Data Values Exist}
[INFO ][2015-12-08 16:55:14,587][com.java.SeleniumDriver] [  882] - --------------------------setting values-----------------------------
[INFO ][2015-12-08 16:55:14,587][com.java.SeleniumDriver] [  885] - Action Type : SELECT
[INFO ][2015-12-08 16:55:14,587][com.java.TestType] [ 5446] - value = 1
[INFO ][2015-12-08 16:55:15,678][com.java.TestType] [ 5564] -  In COB ddlProjects : 1
[INFO ][2015-12-08 16:55:15,818][com.java.SeleniumDriver] [  894] -  RESULT true
[INFO ][2015-12-08 16:55:15,818][com.java.SeleniumDriver] [ 1100] - ?   P A S S   ?
[INFO ][2015-12-08 16:55:15,818][com.java.SeleniumDriver] [ 1137] - Continue next step...
[INFO ][2015-12-08 16:55:15,818][com.java.SeleniumDriver] [  821] - ------------------------------------------
[INFO ][2015-12-08 16:55:15,818][com.java.SeleniumDriver] [  822] - Test case being Executed: 9
[INFO ][2015-12-08 16:55:15,818][com.java.SeleniumDriver] [  833] - Test step:12
[INFO ][2015-12-08 16:55:15,818][com.java.SeleniumDriver] [  845] - Datavalue is----------CurrentProject
[INFO ][2015-12-08 16:55:15,818][com.java.SeleniumDriver] [  869] - DataField : SLBddlProjects
[INFO ][2015-12-08 16:55:15,818][com.java.SeleniumDriver] [  871] - DataValue : CurrentProject
[INFO ][2015-12-08 16:55:15,818][com.java.SeleniumDriver] [  877] - <In Set values of the page>
[INFO ][2015-12-08 16:55:15,818][com.java.SeleniumDriver] [  880] - {Data Fields & Data Values Exist}
[INFO ][2015-12-08 16:55:15,818][com.java.SeleniumDriver] [  882] - --------------------------setting values-----------------------------
[INFO ][2015-12-08 16:55:15,818][com.java.SeleniumDriver] [  885] - Action Type : storevalue
[INFO ][2015-12-08 16:55:15,818][com.java.TestType] [ 7852] - field= SLBddlProjects
[INFO ][2015-12-08 16:55:17,000][com.java.SeleniumDriver] [  894] -  RESULT true
[INFO ][2015-12-08 16:55:17,000][com.java.SeleniumDriver] [ 1100] - ?   P A S S   ?
[INFO ][2015-12-08 16:55:17,000][com.java.SeleniumDriver] [  821] - ------------------------------------------
[INFO ][2015-12-08 16:55:17,000][com.java.SeleniumDriver] [  822] - Test case being Executed: 9
[INFO ][2015-12-08 16:55:17,000][com.java.SeleniumDriver] [  833] - Test step:13
[INFO ][2015-12-08 16:55:17,000][com.java.SeleniumDriver] [  845] - Datavalue is----------null
[DEBUG][2015-12-08 16:55:17,000][com.java.SeleniumDriver] [  863] - Exception: null
[INFO ][2015-12-08 16:55:17,000][com.java.SeleniumDriver] [  869] - DataField : HDNbtnOpenProject
[INFO ][2015-12-08 16:55:17,000][com.java.SeleniumDriver] [  871] - DataValue : 
[INFO ][2015-12-08 16:55:17,000][com.java.SeleniumDriver] [  877] - <In Set values of the page>
[INFO ][2015-12-08 16:55:17,000][com.java.SeleniumDriver] [  880] - {Data Fields & Data Values Exist}
[INFO ][2015-12-08 16:55:17,000][com.java.SeleniumDriver] [  882] - --------------------------setting values-----------------------------
[INFO ][2015-12-08 16:55:17,000][com.java.SeleniumDriver] [  885] - Action Type : CLICKWITHALERT
[INFO ][2015-12-08 16:55:17,000][com.java.TestType] [ 5774] - Field ::HDNbtnOpenProject
[INFO ][2015-12-08 16:55:20,411][com.java.SeleniumDriver] [  894] -  RESULT true
[INFO ][2015-12-08 16:55:20,411][com.java.SeleniumDriver] [ 1100] - ?   P A S S   ?
[INFO ][2015-12-08 16:55:20,411][com.java.SeleniumDriver] [  821] - ------------------------------------------
[INFO ][2015-12-08 16:55:20,411][com.java.SeleniumDriver] [  822] - Test case being Executed: 9
[INFO ][2015-12-08 16:55:20,411][com.java.SeleniumDriver] [  833] - Test step:14
[INFO ][2015-12-08 16:55:20,411][com.java.SeleniumDriver] [  845] - Datavalue is----------2
[INFO ][2015-12-08 16:55:20,411][com.java.SeleniumDriver] [  869] - DataField : null
[INFO ][2015-12-08 16:55:20,411][com.java.SeleniumDriver] [  871] - DataValue : 2
[INFO ][2015-12-08 16:55:20,411][com.java.SeleniumDriver] [  877] - <In Set values of the page>
[INFO ][2015-12-08 16:55:20,411][com.java.SeleniumDriver] [  880] - {Data Fields & Data Values Exist}
[INFO ][2015-12-08 16:55:20,411][com.java.SeleniumDriver] [  882] - --------------------------setting values-----------------------------
[INFO ][2015-12-08 16:55:20,411][com.java.SeleniumDriver] [  885] - Action Type : WAITTIME
[DEBUG][2015-12-08 16:55:20,411][com.java.TestType] [ 5266] - sleepTime: 2000
[INFO ][2015-12-08 16:55:22,412][com.java.SeleniumDriver] [  894] -  RESULT true
[INFO ][2015-12-08 16:55:22,412][com.java.SeleniumDriver] [ 1100] - ?   P A S S   ?
[INFO ][2015-12-08 16:55:22,412][com.java.SeleniumDriver] [  821] - ------------------------------------------
[INFO ][2015-12-08 16:55:22,412][com.java.SeleniumDriver] [  822] - Test case being Executed: 9
[INFO ][2015-12-08 16:55:22,412][com.java.SeleniumDriver] [  833] - Test step:15
[INFO ][2015-12-08 16:55:22,412][com.java.SeleniumDriver] [  845] - Datavalue is----------null
[DEBUG][2015-12-08 16:55:22,412][com.java.SeleniumDriver] [  863] - Exception: null
[INFO ][2015-12-08 16:55:22,412][com.java.SeleniumDriver] [  869] - DataField : BTNParent
[INFO ][2015-12-08 16:55:22,412][com.java.SeleniumDriver] [  871] - DataValue : 
[INFO ][2015-12-08 16:55:22,412][com.java.SeleniumDriver] [  877] - <In Set values of the page>
[INFO ][2015-12-08 16:55:22,412][com.java.SeleniumDriver] [  880] - {Data Fields & Data Values Exist}
[INFO ][2015-12-08 16:55:22,412][com.java.SeleniumDriver] [  882] - --------------------------setting values-----------------------------
[INFO ][2015-12-08 16:55:22,412][com.java.SeleniumDriver] [  885] - Action Type : SELECTFRAME
[INFO ][2015-12-08 16:55:22,413][com.java.SeleniumDriver] [  894] -  RESULT true
[INFO ][2015-12-08 16:55:22,413][com.java.SeleniumDriver] [ 1100] - ?   P A S S   ?
[INFO ][2015-12-08 16:55:22,413][com.java.SeleniumDriver] [  821] - ------------------------------------------
[INFO ][2015-12-08 16:55:22,413][com.java.SeleniumDriver] [  822] - Test case being Executed: 9
[INFO ][2015-12-08 16:55:22,413][com.java.SeleniumDriver] [  833] - Test step:16
[INFO ][2015-12-08 16:55:22,413][com.java.SeleniumDriver] [  845] - Datavalue is----------10
[INFO ][2015-12-08 16:55:22,413][com.java.SeleniumDriver] [  869] - DataField : DSP//span[@id='lblProject']
[INFO ][2015-12-08 16:55:22,413][com.java.SeleniumDriver] [  871] - DataValue : 10
[INFO ][2015-12-08 16:55:22,413][com.java.SeleniumDriver] [  877] - <In Set values of the page>
[INFO ][2015-12-08 16:55:22,413][com.java.SeleniumDriver] [  880] - {Data Fields & Data Values Exist}
[INFO ][2015-12-08 16:55:22,413][com.java.SeleniumDriver] [  882] - --------------------------setting values-----------------------------
[INFO ][2015-12-08 16:55:22,413][com.java.SeleniumDriver] [  885] - Action Type : WAITFORELEMENT
[INFO ][2015-12-08 16:55:23,333][com.java.SeleniumDriver] [  894] -  RESULT false
[INFO ][2015-12-08 16:55:23,333][com.java.SeleniumDriver] [  941] - ?   F A I L   ?
[INFO ][2015-12-08 16:55:23,333][com.java.SeleniumDriver] [  949] - Browser Type : IE10
[INFO ][2015-12-08 16:55:23,333][com.java.SeleniumDriver] [  950] - Adding Failed case9
[INFO ][2015-12-08 16:55:23,383][com.java.SeleniumDriver] [ 1064] - failedCases = 8-9
[ERROR][2015-12-08 16:55:23,383][com.java.SeleniumDriver] [ 1561] - Platform Errors : Our apologies...::We have encountered an issue with your request.::Our apologies?:We encountered an issue with your request.
[INFO ][2015-12-08 16:55:23,383][com.java.SeleniumDriver] [ 1565] - Length =3
[ERROR][2015-12-08 16:55:23,383][com.java.SeleniumDriver] [ 1568] - Error 0 = Our apologies...
[ERROR][2015-12-08 16:55:23,413][com.java.SeleniumDriver] [ 1568] - Error 1 = We have encountered an issue with your request.
[ERROR][2015-12-08 16:55:23,444][com.java.SeleniumDriver] [ 1568] - Error 2 = Our apologies?:We encountered an issue with your request.
[INFO ][2015-12-08 16:55:23,484][com.java.SeleniumDriver] [ 1579] - strError:
[DEBUG][2015-12-08 16:55:23,494][com.java.SeleniumDriver] [ 1212] - Case found
[DEBUG][2015-12-08 16:55:23,494][com.java.SeleniumDriver] [ 1217] - Incrementing ReportCounters[0]:4
[INFO ][2015-12-08 16:55:23,494][com.java.SeleniumDriver] [ 1236] - The results are-------------------[9, 16, Project History Updates, Fail, 
Test case failed at Step No. :: 16. Screen Shot : D:\BankersDashboard\TestReports\120815\9_120815_165523_IE10.png, Tue Dec 08 16:55:23 IST 2015]
[INFO ][2015-12-08 16:55:23,494][com.java.SeleniumDriver] [ 1240] - End time is-------9 min 54 sec
[INFO ][2015-12-08 16:55:23,494][com.java.SeleniumDriver] [ 1241] - The results are-------------------[9, 16, Project History Updates, Fail, 
Test case failed at Step No. :: 16. Screen Shot : D:\BankersDashboard\TestReports\120815\9_120815_165523_IE10.png, Tue Dec 08 16:55:23 IST 2015]
[DEBUG][2015-12-08 16:55:23,494][com.java.ImportnExport.ExportTestResultsExcel] [  222] - testResultPath = D:\BankersDashboard/TestReports/Test Results_BankersDashBoard_120815_164530_IE10_CB&S Bank.xls
[DEBUG][2015-12-08 16:55:23,494][com.java.ImportnExport.ExportTestResultsExcel] [  223] - browser is------------IE10
[DEBUG][2015-12-08 16:55:23,494][com.java.ImportnExport.ExportTestResultsExcel] [  270] - result.size() = 6
[DEBUG][2015-12-08 16:55:23,494][com.java.ImportnExport.ExportTestResultsExcel] [  274] - No of rows in sheet=4
[DEBUG][2015-12-08 16:55:23,494][com.java.ImportnExport.ExportTestResultsExcel] [  301] - ..in export..9
[DEBUG][2015-12-08 16:55:23,494][com.java.ImportnExport.ExportTestResultsExcel] [  301] - ..in export..Project History Updates
[DEBUG][2015-12-08 16:55:23,494][com.java.ImportnExport.ExportTestResultsExcel] [  301] - ..in export..Fail
[DEBUG][2015-12-08 16:55:23,494][com.java.ImportnExport.ExportTestResultsExcel] [  301] - ..in export..
Test case failed at Step No. :: 16. Screen Shot : D:\BankersDashboard\TestReports\120815\9_120815_165523_IE10.png
[DEBUG][2015-12-08 16:55:23,494][com.java.ImportnExport.ExportTestResultsExcel] [  301] - ..in export..Tue Dec 08 16:55:23 IST 2015
[INFO ][2015-12-08 16:55:23,494][com.java.SeleniumDriver] [ 1299] - out loop:3 size:4 TestCases:[1, 7, 8, 9] testcases:[1, 7, 8, 9]
[INFO ][2015-12-08 16:55:25,494][com.java.SeleniumDriver] [ 1342] - Total Number of Cases:4
[INFO ][2015-12-08 16:55:25,494][com.java.TemplateGenerator] [  302] - Executed:4
[INFO ][2015-12-08 16:55:25,494][com.java.TemplateGenerator] [  303] - Passed:2
[INFO ][2015-12-08 16:55:25,494][com.java.TemplateGenerator] [  304] - Failed:2
[INFO ][2015-12-08 16:55:25,494][com.java.TemplateGenerator] [  305] - Skipeed:0
[INFO ][2015-12-08 16:55:25,494][com.java.TemplateGenerator] [  306] - Application URL:https://clients-xuat.bankersdashboard.com
[INFO ][2015-12-08 16:55:25,494][com.java.TemplateGenerator] [  307] - Start Time:120815_164530
[INFO ][2015-12-08 16:55:25,494][com.java.TemplateGenerator] [  308] -  Creating HTML Report 
[ERROR][2015-12-08 16:55:25,494][com.java.TemplateGenerator] [  409] - Unparseable date: "Tue Dec 08 04:45:30 IST 2015"
[INFO ][2015-12-08 16:55:25,494][com.java.TemplateGenerator] [  654] -  Exporting case :: 1
[INFO ][2015-12-08 16:55:25,494][com.java.TemplateGenerator] [  654] -  Exporting case :: 7
[INFO ][2015-12-08 16:55:25,494][com.java.TemplateGenerator] [  654] -  Exporting case :: 8
[INFO ][2015-12-08 16:55:25,494][com.java.TemplateGenerator] [  654] -  Exporting case :: 9
[INFO ][2015-12-08 16:55:25,494][com.java.SeleniumDriver] [ 1391] - End Time:120815_165525
[INFO ][2015-12-08 16:55:25,494][com.java.SeleniumDriver] [ 1394] - Data in Test Execution Details:{1=PASS, 7=PASS, 8=FAILTest case failed at Step No. :: 53   Error Message ::  Exception: null, 9=FAILTest case failed at Step No. :: 16}
[INFO ][2015-12-08 16:55:25,494][com.java.SeleniumDriver] [ 1395] - Data in Failed Execution Deatils:{}
[INFO ][2015-12-08 16:55:25,494][com.java.SeleniumDriver] [ 1397] - ReportCounter:Total:4 :: PASS: 2 ::FAIL: 2
[INFO ][2015-12-08 16:55:25,494][com.java.SeleniumDriver] [ 1398] - FailedReportCounter:Total:0 :: PASS: 0 ::FAIL: 0
[INFO ][2015-12-08 16:55:25,495][com.java.EmailTestReport] [   63] - Sending report mail details:
[INFO ][2015-12-08 16:55:25,495][com.java.EmailTestReport] [   80] - Excel Report Path:D:\BankersDashboard/TestReports/Test Results_BankersDashBoard_120815_164530_IE10_CB&S Bank.xls
[INFO ][2015-12-08 16:55:25,495][com.java.EmailTestReport] [   81] - HTML Report Path:D:\BankersDashboard//TestReports//Test Results_BankersDashBoard_120815_164530_IE10_CB&S Bank.html
[INFO ][2015-12-08 16:55:25,495][com.java.EmailTestReport] [   82] - smtpHostName:mail01.valuelabs.com
[INFO ][2015-12-08 16:55:25,495][com.java.EmailTestReport] [   83] - Recipient:venkateswararao.gubbala@valuelabs.com;naresh.nayini@valuelabs.com
[INFO ][2015-12-08 16:55:25,495][com.java.EmailTestReport] [   84] - From:venkateswararao.gubbala@valuelabs.com;naresh.nayini@valuelabs.com
[INFO ][2015-12-08 16:55:25,495][com.java.EmailTestReport] [   85] - Subject:Deluxe Corp Bankers Dashboard Automation Test Report - CB&S Bank - IE10
[INFO ][2015-12-08 16:55:25,515][com.java.EmailTestReport] [  143] -  Added venkateswararao.gubbala@valuelabs.com
[INFO ][2015-12-08 16:55:25,515][com.java.EmailTestReport] [  143] -  Added naresh.nayini@valuelabs.com
[INFO ][2015-12-08 16:55:28,915][com.java.SeleniumDriver] [  720] - quitting the browser 
[INFO ][2015-12-08 16:55:31,132][com.java.SeleniumDriver] [  264] - Execution Completed Stopping the thread
