[INFO ][2016-02-09 20:35:37,492][com.java.SeleniumDriver] [  213] - Execute Failed Casesfalse
[INFO ][2016-02-09 20:35:37,493][com.java.SeleniumDriver] [  214] - Browser: IE10
[INFO ][2016-02-09 20:35:37,493][com.java.SeleniumDriver] [  215] - [1, 4, 8]
[INFO ][2016-02-09 20:35:37,493][com.java.SeleniumDriver] [  216] - Total TestCases:3
[INFO ][2016-02-09 20:35:37,493][com.java.SeleniumDriver] [  217] -  Reading Properties from Property File 
[DEBUG][2016-02-09 20:35:37,493][com.java.SeleniumDriver] [  238] - url : https://clients-xuat.bankersdashboard.com
[INFO ][2016-02-09 20:35:37,494][com.java.ImportnExport.ExportTestResultsExcel] [  116] - Time Stamp Tue Feb 09 08:35:37 IST 2016
[INFO ][2016-02-09 20:35:37,495][com.java.ImportnExport.ExportTestResultsExcel] [  175] - OUT FILE : D:\BankersDashboard/TestReports/Test Results_BankersDashBoard_020916_203537_IE10_First Bank.xls
[INFO ][2016-02-09 20:35:37,524][com.java.ImportnExport.ExportTestResultsExcel] [  180] - Test Result file is created
[DEBUG][2016-02-09 20:35:37,621][com.java.SeleniumDriver] [  426] - Hub ip address is-------172.17.68.34
[INFO ][2016-02-09 20:35:37,622][com.java.SeleniumDriver] [  452] - Grid URL:http://172.17.68.34:4444/wd/hub
[INFO ][2016-02-09 20:35:37,623][com.java.SeleniumDriver] [  453] - Capability:Capabilities [{platform=ANY, ensureCleanSession=true, ignoreProtectedModeSettings=true, acceptSslCerts=true, ignoreZoomSetting=true, browserName=internet explorer, browserstack.ie.noFlash=true, version=null}]
[ERROR][2016-02-09 20:35:38,967][com.java.SeleniumDriver] [  498] - Unable invoke browser in grid:Could not start a new session. Possible causes are invalid address of the remote server or browser start-up failure.
Build info: version: '2.48.2', revision: '41bccdd', time: '2015-10-09 19:59:12'
System info: host: 'FVTIII438F1D', ip: '172.17.68.34', os.name: 'Windows 7', os.arch: 'x86', os.version: '6.1', java.version: '1.7.0_55'
Driver info: driver.version: SeleniumDriver
[INFO ][2016-02-09 20:35:38,968][com.java.SeleniumDriver] [  500] - Executing on local machine
[INFO ][2016-02-09 20:35:49,493][com.java.SeleniumDriver] [  248] - IE10is opened
[INFO ][2016-02-09 20:35:50,340][com.java.SeleniumDriver] [  756] - Test cases to be executed are: [1, 4, 8]
[INFO ][2016-02-09 20:35:50,366][com.java.ImportnExport.ImportTestDataDetailsExcel] [   49] - test data details path===== D:\BankersDashboard\TestInputs\TestData.xls
[INFO ][2016-02-09 20:35:50,441][com.java.SeleniumDriver] [  856] - ------------------------------------------
[INFO ][2016-02-09 20:35:50,441][com.java.SeleniumDriver] [  857] - Test case being Executed: 1
[INFO ][2016-02-09 20:35:50,441][com.java.SeleniumDriver] [  869] - Test step:1
[INFO ][2016-02-09 20:35:50,441][com.java.SeleniumDriver] [  881] - Datavalue is----------Concept#1:1-16
[INFO ][2016-02-09 20:35:50,442][com.java.SeleniumDriver] [  905] - DataField : test
[INFO ][2016-02-09 20:35:50,442][com.java.SeleniumDriver] [  907] - DataValue : Concept#1:1-16
[INFO ][2016-02-09 20:35:50,442][com.java.SeleniumDriver] [  913] - <In Set values of the page>
[INFO ][2016-02-09 20:35:50,442][com.java.SeleniumDriver] [  916] - {Data Fields & Data Values Exist}
[INFO ][2016-02-09 20:35:50,442][com.java.SeleniumDriver] [  918] - --------------------------setting values-----------------------------
[INFO ][2016-02-09 20:35:50,444][com.java.SeleniumDriver] [  921] - Action Type : ExecuteTestCase
[INFO ][2016-02-09 20:35:50,462][com.java.TestType] [  448] - The Concept sheet name is ---------- Concept
[INFO ][2016-02-09 20:35:50,463][com.java.TestType] [  451] - The Concept ID  is ---------- 1
[DEBUG][2016-02-09 20:35:50,463][com.java.TestType] [  455] - Steps being executted in the Concept are: 1:16
[INFO ][2016-02-09 20:35:50,463][com.java.TestType] [  462] - Test data details path ---------- D:\BankersDashboard\TestInputs\TestData.xls
[INFO ][2016-02-09 20:35:50,486][com.java.TestType] [  493] -  str(1) = 1
[INFO ][2016-02-09 20:35:50,486][com.java.TestType] [  496] - Test case Id is---1
[INFO ][2016-02-09 20:35:50,487][com.java.TestType] [  498] - 1
[INFO ][2016-02-09 20:35:50,487][com.java.TestType] [  493] -  str(2) = 1
[INFO ][2016-02-09 20:35:50,489][com.java.TestType] [  493] -  str(1) = 1
[INFO ][2016-02-09 20:35:50,489][com.java.TestType] [  496] - Test case Id is---1
[INFO ][2016-02-09 20:35:50,489][com.java.TestType] [  498] - 1
[INFO ][2016-02-09 20:35:50,490][com.java.TestType] [  493] -  str(2) = 2
[INFO ][2016-02-09 20:35:50,491][com.java.TestType] [  493] -  str(1) = 1
[INFO ][2016-02-09 20:35:50,491][com.java.TestType] [  496] - Test case Id is---1
[INFO ][2016-02-09 20:35:50,491][com.java.TestType] [  498] - 1
[INFO ][2016-02-09 20:35:50,491][com.java.TestType] [  493] -  str(2) = 3
[INFO ][2016-02-09 20:35:50,492][com.java.TestType] [  493] -  str(1) = 1
[INFO ][2016-02-09 20:35:50,493][com.java.TestType] [  496] - Test case Id is---1
[INFO ][2016-02-09 20:35:50,493][com.java.TestType] [  498] - 1
[INFO ][2016-02-09 20:35:50,493][com.java.TestType] [  493] -  str(2) = 4
[INFO ][2016-02-09 20:35:50,494][com.java.TestType] [  493] -  str(1) = 1
[INFO ][2016-02-09 20:35:50,494][com.java.TestType] [  496] - Test case Id is---1
[INFO ][2016-02-09 20:35:50,494][com.java.TestType] [  498] - 1
[INFO ][2016-02-09 20:35:50,494][com.java.TestType] [  493] -  str(2) = 5
[INFO ][2016-02-09 20:35:50,497][com.java.TestType] [  493] -  str(1) = 1
[INFO ][2016-02-09 20:35:50,497][com.java.TestType] [  496] - Test case Id is---1
[INFO ][2016-02-09 20:35:50,497][com.java.TestType] [  498] - 1
[INFO ][2016-02-09 20:35:50,498][com.java.TestType] [  493] -  str(2) = 6
[INFO ][2016-02-09 20:35:50,499][com.java.TestType] [  493] -  str(1) = 1
[INFO ][2016-02-09 20:35:50,499][com.java.TestType] [  496] - Test case Id is---1
[INFO ][2016-02-09 20:35:50,499][com.java.TestType] [  498] - 1
[INFO ][2016-02-09 20:35:50,499][com.java.TestType] [  493] -  str(2) = 7
[INFO ][2016-02-09 20:35:50,500][com.java.TestType] [  493] -  str(1) = 1
[INFO ][2016-02-09 20:35:50,500][com.java.TestType] [  496] - Test case Id is---1
[INFO ][2016-02-09 20:35:50,500][com.java.TestType] [  498] - 1
[INFO ][2016-02-09 20:35:50,500][com.java.TestType] [  493] -  str(2) = 8
[INFO ][2016-02-09 20:35:50,501][com.java.TestType] [  493] -  str(1) = 1
[INFO ][2016-02-09 20:35:50,501][com.java.TestType] [  496] - Test case Id is---1
[INFO ][2016-02-09 20:35:50,501][com.java.TestType] [  498] - 1
[INFO ][2016-02-09 20:35:50,501][com.java.TestType] [  493] -  str(2) = 9
[INFO ][2016-02-09 20:35:50,502][com.java.TestType] [  493] -  str(1) = 1
[INFO ][2016-02-09 20:35:50,502][com.java.TestType] [  496] - Test case Id is---1
[INFO ][2016-02-09 20:35:50,503][com.java.TestType] [  498] - 1
[INFO ][2016-02-09 20:35:50,503][com.java.TestType] [  493] -  str(2) = 10
[INFO ][2016-02-09 20:35:50,503][com.java.TestType] [  493] -  str(1) = 1
[INFO ][2016-02-09 20:35:50,503][com.java.TestType] [  496] - Test case Id is---1
[INFO ][2016-02-09 20:35:50,504][com.java.TestType] [  498] - 1
[INFO ][2016-02-09 20:35:50,504][com.java.TestType] [  493] -  str(2) = 11
[INFO ][2016-02-09 20:35:50,504][com.java.TestType] [  493] -  str(1) = 1
[INFO ][2016-02-09 20:35:50,505][com.java.TestType] [  496] - Test case Id is---1
[INFO ][2016-02-09 20:35:50,505][com.java.TestType] [  498] - 1
[INFO ][2016-02-09 20:35:50,505][com.java.TestType] [  493] -  str(2) = 12
[INFO ][2016-02-09 20:35:50,506][com.java.TestType] [  493] -  str(1) = 1
[INFO ][2016-02-09 20:35:50,507][com.java.TestType] [  496] - Test case Id is---1
[INFO ][2016-02-09 20:35:50,507][com.java.TestType] [  498] - 1
[INFO ][2016-02-09 20:35:50,507][com.java.TestType] [  493] -  str(2) = 13
[INFO ][2016-02-09 20:35:50,508][com.java.TestType] [  493] -  str(1) = 1
[INFO ][2016-02-09 20:35:50,508][com.java.TestType] [  496] - Test case Id is---1
[INFO ][2016-02-09 20:35:50,508][com.java.TestType] [  498] - 1
[INFO ][2016-02-09 20:35:50,508][com.java.TestType] [  493] -  str(2) = 14
[INFO ][2016-02-09 20:35:50,509][com.java.TestType] [  493] -  str(1) = 1
[INFO ][2016-02-09 20:35:50,509][com.java.TestType] [  496] - Test case Id is---1
[INFO ][2016-02-09 20:35:50,509][com.java.TestType] [  498] - 1
[INFO ][2016-02-09 20:35:50,509][com.java.TestType] [  493] -  str(2) = 15
[INFO ][2016-02-09 20:35:50,510][com.java.TestType] [  493] -  str(1) = 1
[INFO ][2016-02-09 20:35:50,510][com.java.TestType] [  496] - Test case Id is---1
[INFO ][2016-02-09 20:35:50,510][com.java.TestType] [  498] - 1
[INFO ][2016-02-09 20:35:50,510][com.java.TestType] [  493] -  str(2) = 16
[INFO ][2016-02-09 20:35:50,510][com.java.TestType] [12123] - Looping 1TCID = 1
[DEBUG][2016-02-09 20:35:50,511][com.java.TestType] [12164] - Concept ID:1 :: Step being Executed: 1::1
[INFO ][2016-02-09 20:35:50,511][com.java.TestType] [12202] - dataFields : TXTusername
[DEBUG][2016-02-09 20:35:50,511][com.java.TestType] [12208] - <In Set values of the page>
[DEBUG][2016-02-09 20:35:50,511][com.java.TestType] [12213] - {Data Fields & Data Values Exist}
[INFO ][2016-02-09 20:35:50,511][com.java.TestType] [12219] - --------------------------setting values-----------------------------
[INFO ][2016-02-09 20:35:50,511][com.java.TestType] [12222] - Action Type : CLEARANDENTER
[INFO ][2016-02-09 20:35:52,807][com.java.TestType] [ 6752] - value = valuelabs.ie10.15019
[INFO ][2016-02-09 20:35:55,218][com.java.TestType] [12241] -  RESULT true
[INFO ][2016-02-09 20:35:55,218][com.java.TestType] [12358] - ?   P A S S   ?
[DEBUG][2016-02-09 20:35:55,218][com.java.TestType] [12164] - Concept ID:1 :: Step being Executed: 1::2
[INFO ][2016-02-09 20:35:55,219][com.java.TestType] [12202] - dataFields : TXTpassword
[DEBUG][2016-02-09 20:35:55,219][com.java.TestType] [12208] - <In Set values of the page>
[DEBUG][2016-02-09 20:35:55,219][com.java.TestType] [12213] - {Data Fields & Data Values Exist}
[INFO ][2016-02-09 20:35:55,219][com.java.TestType] [12219] - --------------------------setting values-----------------------------
[INFO ][2016-02-09 20:35:55,219][com.java.TestType] [12222] - Action Type : CLEARANDENTER
[INFO ][2016-02-09 20:35:57,476][com.java.TestType] [ 6752] - value = Password1*
[INFO ][2016-02-09 20:35:59,996][com.java.TestType] [12241] -  RESULT true
[INFO ][2016-02-09 20:35:59,996][com.java.TestType] [12358] - ?   P A S S   ?
[DEBUG][2016-02-09 20:35:59,996][com.java.TestType] [12164] - Concept ID:1 :: Step being Executed: 1::3
[ERROR][2016-02-09 20:35:59,996][com.java.TestType] [12197] - Exception: null
[INFO ][2016-02-09 20:35:59,996][com.java.TestType] [12202] - dataFields : XPH//button[@type='submit']
[DEBUG][2016-02-09 20:35:59,997][com.java.TestType] [12208] - <In Set values of the page>
[DEBUG][2016-02-09 20:35:59,997][com.java.TestType] [12213] - {Data Fields & Data Values Exist}
[INFO ][2016-02-09 20:35:59,997][com.java.TestType] [12219] - --------------------------setting values-----------------------------
[INFO ][2016-02-09 20:35:59,997][com.java.TestType] [12222] - Action Type : Click
[INFO ][2016-02-09 20:35:59,997][com.java.TestType] [ 7153] - Field ::XPH//button[@type='submit']
[INFO ][2016-02-09 20:35:59,997][com.java.TestType] [ 6752] - value = 
[INFO ][2016-02-09 20:36:00,997][com.java.TestType] [ 7330] - BEFORE CLICK
[INFO ][2016-02-09 20:36:04,482][com.java.TestType] [ 7338] - Unable to click the object Login
[INFO ][2016-02-09 20:36:04,482][com.java.TestType] [12241] -  RESULT true
[INFO ][2016-02-09 20:36:04,482][com.java.TestType] [12358] - ?   P A S S   ?
[DEBUG][2016-02-09 20:36:04,482][com.java.TestType] [12164] - Concept ID:1 :: Step being Executed: 1::4
[INFO ][2016-02-09 20:36:04,482][com.java.TestType] [12202] - dataFields : LNKLogout
[DEBUG][2016-02-09 20:36:04,482][com.java.TestType] [12208] - <In Set values of the page>
[DEBUG][2016-02-09 20:36:04,482][com.java.TestType] [12213] - {Data Fields & Data Values Exist}
[INFO ][2016-02-09 20:36:04,482][com.java.TestType] [12219] - --------------------------setting values-----------------------------
[INFO ][2016-02-09 20:36:04,482][com.java.TestType] [12222] - Action Type : WaitForElement
[INFO ][2016-02-09 20:36:04,629][com.java.TestType] [12241] -  RESULT true
[INFO ][2016-02-09 20:36:04,629][com.java.TestType] [12358] - ?   P A S S   ?
[DEBUG][2016-02-09 20:36:04,629][com.java.TestType] [12164] - Concept ID:1 :: Step being Executed: 1::15
[INFO ][2016-02-09 20:36:04,629][com.java.TestType] [12202] - dataFields : LNK
[DEBUG][2016-02-09 20:36:04,630][com.java.TestType] [12208] - <In Set values of the page>
[DEBUG][2016-02-09 20:36:04,630][com.java.TestType] [12213] - {Data Fields & Data Values Exist}
[INFO ][2016-02-09 20:36:04,630][com.java.TestType] [12219] - --------------------------setting values-----------------------------
[INFO ][2016-02-09 20:36:04,630][com.java.TestType] [12222] - Action Type : Verify
[INFO ][2016-02-09 20:36:04,630][com.java.TestType] [ 8386] - field= LNK value= Logout
[INFO ][2016-02-09 20:36:04,631][com.java.TestType] [ 6752] - value = Logout
[INFO ][2016-02-09 20:36:04,667][com.java.TestType] [12241] -  RESULT true
[INFO ][2016-02-09 20:36:04,667][com.java.TestType] [12358] - ?   P A S S   ?
[DEBUG][2016-02-09 20:36:04,667][com.java.TestType] [12164] - Concept ID:1 :: Step being Executed: 1::16
[INFO ][2016-02-09 20:36:04,668][com.java.TestType] [12202] - dataFields : BTN
[DEBUG][2016-02-09 20:36:04,668][com.java.TestType] [12208] - <In Set values of the page>
[DEBUG][2016-02-09 20:36:04,668][com.java.TestType] [12213] - {Data Fields & Data Values Exist}
[INFO ][2016-02-09 20:36:04,668][com.java.TestType] [12219] - --------------------------setting values-----------------------------
[INFO ][2016-02-09 20:36:04,668][com.java.TestType] [12222] - Action Type : Verify
[INFO ][2016-02-09 20:36:04,668][com.java.TestType] [ 8386] - field= BTN value= //img[contains(@src,'bdlogo.jpg')]
[INFO ][2016-02-09 20:36:04,668][com.java.TestType] [ 6752] - value = //img[contains(@src,'bdlogo.jpg')]
[INFO ][2016-02-09 20:36:04,741][com.java.TestType] [12241] -  RESULT true
[INFO ][2016-02-09 20:36:04,741][com.java.TestType] [12358] - ?   P A S S   ?
[INFO ][2016-02-09 20:36:04,741][com.java.TestType] [12429] - Looping End......
[INFO ][2016-02-09 20:36:04,744][com.java.SeleniumDriver] [  930] -  RESULT true
[INFO ][2016-02-09 20:36:04,744][com.java.SeleniumDriver] [ 1136] - ?   P A S S   ?
[INFO ][2016-02-09 20:36:04,744][com.java.SeleniumDriver] [  856] - ------------------------------------------
[INFO ][2016-02-09 20:36:04,744][com.java.SeleniumDriver] [  857] - Test case being Executed: 1
[INFO ][2016-02-09 20:36:04,744][com.java.SeleniumDriver] [  869] - Test step:2
[INFO ][2016-02-09 20:36:04,745][com.java.SeleniumDriver] [  881] - Datavalue is----------Concept#2:1-2
[INFO ][2016-02-09 20:36:04,745][com.java.SeleniumDriver] [  905] - DataField : test
[INFO ][2016-02-09 20:36:04,745][com.java.SeleniumDriver] [  907] - DataValue : Concept#2:1-2
[INFO ][2016-02-09 20:36:04,745][com.java.SeleniumDriver] [  913] - <In Set values of the page>
[INFO ][2016-02-09 20:36:04,745][com.java.SeleniumDriver] [  916] - {Data Fields & Data Values Exist}
[INFO ][2016-02-09 20:36:04,745][com.java.SeleniumDriver] [  918] - --------------------------setting values-----------------------------
[INFO ][2016-02-09 20:36:04,745][com.java.SeleniumDriver] [  921] - Action Type : ExecuteTestCase
[INFO ][2016-02-09 20:36:04,745][com.java.TestType] [  448] - The Concept sheet name is ---------- Concept
[INFO ][2016-02-09 20:36:04,745][com.java.TestType] [  451] - The Concept ID  is ---------- 2
[DEBUG][2016-02-09 20:36:04,746][com.java.TestType] [  455] - Steps being executted in the Concept are: 1:2
[INFO ][2016-02-09 20:36:04,746][com.java.TestType] [  462] - Test data details path ---------- D:\BankersDashboard\TestInputs\TestData.xls
[INFO ][2016-02-09 20:36:04,763][com.java.TestType] [  493] -  str(1) = 2
[INFO ][2016-02-09 20:36:04,763][com.java.TestType] [  496] - Test case Id is---2
[INFO ][2016-02-09 20:36:04,763][com.java.TestType] [  498] - 2
[INFO ][2016-02-09 20:36:04,763][com.java.TestType] [  493] -  str(2) = 1
[INFO ][2016-02-09 20:36:04,765][com.java.TestType] [  493] -  str(1) = 2
[INFO ][2016-02-09 20:36:04,765][com.java.TestType] [  496] - Test case Id is---2
[INFO ][2016-02-09 20:36:04,765][com.java.TestType] [  498] - 2
[INFO ][2016-02-09 20:36:04,765][com.java.TestType] [  493] -  str(2) = 2
[INFO ][2016-02-09 20:36:04,766][com.java.TestType] [  493] -  str(1) = 2
[INFO ][2016-02-09 20:36:04,766][com.java.TestType] [  496] - Test case Id is---2
[INFO ][2016-02-09 20:36:04,766][com.java.TestType] [  498] - 2
[INFO ][2016-02-09 20:36:04,766][com.java.TestType] [  493] -  str(2) = 3
[INFO ][2016-02-09 20:36:04,767][com.java.TestType] [12123] - Looping 1TCID = 2
[DEBUG][2016-02-09 20:36:04,768][com.java.TestType] [12164] - Concept ID:2 :: Step being Executed: 2::1
[INFO ][2016-02-09 20:36:04,768][com.java.TestType] [12202] - dataFields : BNK//select[@id='bank']
[DEBUG][2016-02-09 20:36:04,768][com.java.TestType] [12208] - <In Set values of the page>
[DEBUG][2016-02-09 20:36:04,768][com.java.TestType] [12213] - {Data Fields & Data Values Exist}
[INFO ][2016-02-09 20:36:04,768][com.java.TestType] [12219] - --------------------------setting values-----------------------------
[INFO ][2016-02-09 20:36:04,768][com.java.TestType] [12222] - Action Type : Select
[INFO ][2016-02-09 20:36:04,768][com.java.TestType] [ 6752] - value = PFC
[INFO ][2016-02-09 20:36:05,014][com.java.TestType] [12241] -  RESULT true
[INFO ][2016-02-09 20:36:05,015][com.java.TestType] [12358] - ?   P A S S   ?
[DEBUG][2016-02-09 20:36:05,015][com.java.TestType] [12164] - Concept ID:2 :: Step being Executed: 2::2
[INFO ][2016-02-09 20:36:05,015][com.java.TestType] [12202] - dataFields : LNKLogout
[DEBUG][2016-02-09 20:36:05,015][com.java.TestType] [12208] - <In Set values of the page>
[DEBUG][2016-02-09 20:36:05,015][com.java.TestType] [12213] - {Data Fields & Data Values Exist}
[INFO ][2016-02-09 20:36:05,015][com.java.TestType] [12219] - --------------------------setting values-----------------------------
[INFO ][2016-02-09 20:36:05,015][com.java.TestType] [12222] - Action Type : WaitTime
[DEBUG][2016-02-09 20:36:05,015][com.java.TestType] [ 6561] - sleepTime: 5000
[INFO ][2016-02-09 20:36:10,016][com.java.TestType] [12241] -  RESULT true
[INFO ][2016-02-09 20:36:10,016][com.java.TestType] [12358] - ?   P A S S   ?
[INFO ][2016-02-09 20:36:10,016][com.java.TestType] [12429] - Looping End......
[INFO ][2016-02-09 20:36:10,017][com.java.SeleniumDriver] [  930] -  RESULT true
[INFO ][2016-02-09 20:36:10,018][com.java.SeleniumDriver] [ 1136] - ?   P A S S   ?
[INFO ][2016-02-09 20:36:10,018][com.java.SeleniumDriver] [  856] - ------------------------------------------
[INFO ][2016-02-09 20:36:10,018][com.java.SeleniumDriver] [  857] - Test case being Executed: 1
[INFO ][2016-02-09 20:36:10,018][com.java.SeleniumDriver] [  869] - Test step:3
[INFO ][2016-02-09 20:36:10,018][com.java.SeleniumDriver] [  881] - Datavalue is----------2
[INFO ][2016-02-09 20:36:10,018][com.java.SeleniumDriver] [  905] - DataField : XPH//button[contains(text(),'Add Content')]
[INFO ][2016-02-09 20:36:10,018][com.java.SeleniumDriver] [  907] - DataValue : 2
[INFO ][2016-02-09 20:36:10,018][com.java.SeleniumDriver] [  913] - <In Set values of the page>
[INFO ][2016-02-09 20:36:10,018][com.java.SeleniumDriver] [  916] - {Data Fields & Data Values Exist}
[INFO ][2016-02-09 20:36:10,018][com.java.SeleniumDriver] [  918] - --------------------------setting values-----------------------------
[INFO ][2016-02-09 20:36:10,018][com.java.SeleniumDriver] [  921] - Action Type : WAITFORELEMENT
[INFO ][2016-02-09 20:36:10,054][com.java.SeleniumDriver] [  930] -  RESULT true
[INFO ][2016-02-09 20:36:10,054][com.java.SeleniumDriver] [ 1136] - ?   P A S S   ?
[DEBUG][2016-02-09 20:36:10,054][com.java.SeleniumDriver] [ 1248] - Case found
[DEBUG][2016-02-09 20:36:10,054][com.java.SeleniumDriver] [ 1253] - Incrementing ReportCounters[0]:1
[INFO ][2016-02-09 20:36:10,054][com.java.SeleniumDriver] [ 1272] - The results are-------------------[1, 1, Valid Login, Pass, , Tue Feb 09 20:36:04 IST 2016, 1, 2, Valid Login, Pass, , Tue Feb 09 20:36:10 IST 2016, 1, 3, Valid Login, Pass, , Tue Feb 09 20:36:10 IST 2016]
[INFO ][2016-02-09 20:36:10,054][com.java.SeleniumDriver] [ 1276] - End time is-------34 sec
[INFO ][2016-02-09 20:36:10,055][com.java.SeleniumDriver] [ 1277] - The results are-------------------[1, 1, Valid Login, Pass, , Tue Feb 09 20:36:04 IST 2016, 1, 2, Valid Login, Pass, , Tue Feb 09 20:36:10 IST 2016, 1, 3, Valid Login, Pass, , Tue Feb 09 20:36:10 IST 2016]
[DEBUG][2016-02-09 20:36:10,055][com.java.ImportnExport.ExportTestResultsExcel] [  222] - testResultPath = D:\BankersDashboard/TestReports/Test Results_BankersDashBoard_020916_203537_IE10_First Bank.xls
[DEBUG][2016-02-09 20:36:10,055][com.java.ImportnExport.ExportTestResultsExcel] [  223] - browser is------------IE10
[DEBUG][2016-02-09 20:36:10,100][com.java.ImportnExport.ExportTestResultsExcel] [  270] - result.size() = 18
[DEBUG][2016-02-09 20:36:10,100][com.java.ImportnExport.ExportTestResultsExcel] [  274] - No of rows in sheet=1
[DEBUG][2016-02-09 20:36:10,100][com.java.ImportnExport.ExportTestResultsExcel] [  301] - ..in export..1
[DEBUG][2016-02-09 20:36:10,100][com.java.ImportnExport.ExportTestResultsExcel] [  301] - ..in export..Valid Login
[DEBUG][2016-02-09 20:36:10,100][com.java.ImportnExport.ExportTestResultsExcel] [  301] - ..in export..Pass
[DEBUG][2016-02-09 20:36:10,101][com.java.ImportnExport.ExportTestResultsExcel] [  301] - ..in export..
[DEBUG][2016-02-09 20:36:10,101][com.java.ImportnExport.ExportTestResultsExcel] [  301] - ..in export..Tue Feb 09 20:36:04 IST 2016
[INFO ][2016-02-09 20:36:10,102][com.java.SeleniumDriver] [ 1337] - out loop:0 size:3 TestCases:[1, 4, 8] testcases:[1, 4, 8]
[INFO ][2016-02-09 20:36:10,102][com.java.ImportnExport.ImportTestDataDetailsExcel] [   49] - test data details path===== D:\BankersDashboard\TestInputs\TestData.xls
[INFO ][2016-02-09 20:36:32,668][com.java.SeleniumDriver] [  856] - ------------------------------------------
[INFO ][2016-02-09 20:36:32,668][com.java.SeleniumDriver] [  857] - Test case being Executed: 4
[INFO ][2016-02-09 20:36:32,668][com.java.SeleniumDriver] [  869] - Test step:1
[INFO ][2016-02-09 20:36:32,668][com.java.SeleniumDriver] [  881] - Datavalue is----------Logout
[INFO ][2016-02-09 20:36:32,668][com.java.SeleniumDriver] [  905] - DataField : BTN
[INFO ][2016-02-09 20:36:32,668][com.java.SeleniumDriver] [  907] - DataValue : Logout
[INFO ][2016-02-09 20:36:32,668][com.java.SeleniumDriver] [  913] - <In Set values of the page>
[INFO ][2016-02-09 20:36:32,668][com.java.SeleniumDriver] [  916] - {Data Fields & Data Values Exist}
[INFO ][2016-02-09 20:36:32,668][com.java.SeleniumDriver] [  918] - --------------------------setting values-----------------------------
[INFO ][2016-02-09 20:36:32,668][com.java.SeleniumDriver] [  921] - Action Type : Verify
[INFO ][2016-02-09 20:36:32,668][com.java.TestType] [ 8386] - field= BTN value= Logout
[INFO ][2016-02-09 20:36:32,668][com.java.TestType] [ 6752] - value = Logout
[INFO ][2016-02-09 20:36:32,741][com.java.SeleniumDriver] [  930] -  RESULT true
[INFO ][2016-02-09 20:36:32,741][com.java.SeleniumDriver] [ 1136] - ?   P A S S   ?
[INFO ][2016-02-09 20:36:32,741][com.java.SeleniumDriver] [ 1178] - step change to 3
[INFO ][2016-02-09 20:36:32,741][com.java.SeleniumDriver] [  856] - ------------------------------------------
[INFO ][2016-02-09 20:36:32,741][com.java.SeleniumDriver] [  857] - Test case being Executed: 4
[INFO ][2016-02-09 20:36:32,742][com.java.SeleniumDriver] [  869] - Test step:3
[INFO ][2016-02-09 20:36:32,742][com.java.SeleniumDriver] [  881] - Datavalue is----------Concept#2:1-3
[INFO ][2016-02-09 20:36:32,742][com.java.SeleniumDriver] [  905] - DataField : test
[INFO ][2016-02-09 20:36:32,743][com.java.SeleniumDriver] [  907] - DataValue : Concept#2:1-3
[INFO ][2016-02-09 20:36:32,743][com.java.SeleniumDriver] [  913] - <In Set values of the page>
[INFO ][2016-02-09 20:36:32,743][com.java.SeleniumDriver] [  916] - {Data Fields & Data Values Exist}
[INFO ][2016-02-09 20:36:32,743][com.java.SeleniumDriver] [  918] - --------------------------setting values-----------------------------
[INFO ][2016-02-09 20:36:32,744][com.java.SeleniumDriver] [  921] - Action Type : ExecuteTestCase
[INFO ][2016-02-09 20:36:32,744][com.java.TestType] [  448] - The Concept sheet name is ---------- Concept
[INFO ][2016-02-09 20:36:32,744][com.java.TestType] [  451] - The Concept ID  is ---------- 2
[DEBUG][2016-02-09 20:36:32,744][com.java.TestType] [  455] - Steps being executted in the Concept are: 1:3
[INFO ][2016-02-09 20:36:32,744][com.java.TestType] [  462] - Test data details path ---------- D:\BankersDashboard\TestInputs\TestData.xls
[INFO ][2016-02-09 20:36:32,761][com.java.TestType] [  493] -  str(1) = 2
[INFO ][2016-02-09 20:36:32,761][com.java.TestType] [  496] - Test case Id is---2
[INFO ][2016-02-09 20:36:32,761][com.java.TestType] [  498] - 2
[INFO ][2016-02-09 20:36:32,761][com.java.TestType] [  493] -  str(2) = 1
[INFO ][2016-02-09 20:36:32,763][com.java.TestType] [  493] -  str(1) = 2
[INFO ][2016-02-09 20:36:32,763][com.java.TestType] [  496] - Test case Id is---2
[INFO ][2016-02-09 20:36:32,763][com.java.TestType] [  498] - 2
[INFO ][2016-02-09 20:36:32,763][com.java.TestType] [  493] -  str(2) = 2
[INFO ][2016-02-09 20:36:32,764][com.java.TestType] [  493] -  str(1) = 2
[INFO ][2016-02-09 20:36:32,764][com.java.TestType] [  496] - Test case Id is---2
[INFO ][2016-02-09 20:36:32,764][com.java.TestType] [  498] - 2
[INFO ][2016-02-09 20:36:32,764][com.java.TestType] [  493] -  str(2) = 3
[INFO ][2016-02-09 20:36:32,764][com.java.TestType] [12123] - Looping 1TCID = 2
[DEBUG][2016-02-09 20:36:32,764][com.java.TestType] [12164] - Concept ID:2 :: Step being Executed: 2::1
[INFO ][2016-02-09 20:36:32,765][com.java.TestType] [12202] - dataFields : BNK//select[@id='bank']
[DEBUG][2016-02-09 20:36:32,765][com.java.TestType] [12208] - <In Set values of the page>
[DEBUG][2016-02-09 20:36:32,765][com.java.TestType] [12213] - {Data Fields & Data Values Exist}
[INFO ][2016-02-09 20:36:32,765][com.java.TestType] [12219] - --------------------------setting values-----------------------------
[INFO ][2016-02-09 20:36:32,765][com.java.TestType] [12222] - Action Type : Select
[INFO ][2016-02-09 20:36:32,766][com.java.TestType] [ 6752] - value = PFC
[INFO ][2016-02-09 20:36:32,997][com.java.TestType] [12241] -  RESULT true
[INFO ][2016-02-09 20:36:32,997][com.java.TestType] [12358] - ?   P A S S   ?
[DEBUG][2016-02-09 20:36:32,997][com.java.TestType] [12164] - Concept ID:2 :: Step being Executed: 2::2
[INFO ][2016-02-09 20:36:32,997][com.java.TestType] [12202] - dataFields : LNKLogout
[DEBUG][2016-02-09 20:36:32,997][com.java.TestType] [12208] - <In Set values of the page>
[DEBUG][2016-02-09 20:36:32,997][com.java.TestType] [12213] - {Data Fields & Data Values Exist}
[INFO ][2016-02-09 20:36:32,998][com.java.TestType] [12219] - --------------------------setting values-----------------------------
[INFO ][2016-02-09 20:36:32,998][com.java.TestType] [12222] - Action Type : WaitTime
[DEBUG][2016-02-09 20:36:32,998][com.java.TestType] [ 6561] - sleepTime: 5000
[INFO ][2016-02-09 20:36:37,999][com.java.TestType] [12241] -  RESULT true
[INFO ][2016-02-09 20:36:37,999][com.java.TestType] [12358] - ?   P A S S   ?
[DEBUG][2016-02-09 20:36:37,999][com.java.TestType] [12164] - Concept ID:2 :: Step being Executed: 2::3
[INFO ][2016-02-09 20:36:37,999][com.java.TestType] [12202] - dataFields : LNKLogout
[DEBUG][2016-02-09 20:36:37,999][com.java.TestType] [12208] - <In Set values of the page>
[DEBUG][2016-02-09 20:36:37,999][com.java.TestType] [12213] - {Data Fields & Data Values Exist}
[INFO ][2016-02-09 20:36:37,999][com.java.TestType] [12219] - --------------------------setting values-----------------------------
[INFO ][2016-02-09 20:36:37,999][com.java.TestType] [12222] - Action Type : WaitForElement
[INFO ][2016-02-09 20:36:38,074][com.java.TestType] [12241] -  RESULT true
[INFO ][2016-02-09 20:36:38,074][com.java.TestType] [12358] - ?   P A S S   ?
[INFO ][2016-02-09 20:36:38,074][com.java.TestType] [12429] - Looping End......
[INFO ][2016-02-09 20:36:38,076][com.java.SeleniumDriver] [  930] -  RESULT true
[INFO ][2016-02-09 20:36:38,076][com.java.SeleniumDriver] [ 1136] - ?   P A S S   ?
[INFO ][2016-02-09 20:36:38,076][com.java.SeleniumDriver] [  856] - ------------------------------------------
[INFO ][2016-02-09 20:36:38,076][com.java.SeleniumDriver] [  857] - Test case being Executed: 4
[INFO ][2016-02-09 20:36:38,076][com.java.SeleniumDriver] [  869] - Test step:4
[INFO ][2016-02-09 20:36:38,076][com.java.SeleniumDriver] [  881] - Datavalue is----------null
[DEBUG][2016-02-09 20:36:38,076][com.java.SeleniumDriver] [  899] - Exception: null
[INFO ][2016-02-09 20:36:38,076][com.java.SeleniumDriver] [  905] - DataField : //span[@class="icon-cog2"]&&//a[text()='Customize']&&//a[@data-id="TabletAlerts"]
[INFO ][2016-02-09 20:36:38,076][com.java.SeleniumDriver] [  907] - DataValue : 
[INFO ][2016-02-09 20:36:38,077][com.java.SeleniumDriver] [  913] - <In Set values of the page>
[INFO ][2016-02-09 20:36:38,077][com.java.SeleniumDriver] [  916] - {Data Fields & Data Values Exist}
[INFO ][2016-02-09 20:36:38,077][com.java.SeleniumDriver] [  918] - --------------------------setting values-----------------------------
[INFO ][2016-02-09 20:36:38,078][com.java.SeleniumDriver] [  921] - Action Type : MOUSEOVER
[INFO ][2016-02-09 20:37:22,729][com.java.SeleniumDriver] [  930] -  RESULT true
[INFO ][2016-02-09 20:37:22,729][com.java.SeleniumDriver] [ 1136] - ?   P A S S   ?
[INFO ][2016-02-09 20:37:22,730][com.java.SeleniumDriver] [  856] - ------------------------------------------
[INFO ][2016-02-09 20:37:22,730][com.java.SeleniumDriver] [  857] - Test case being Executed: 4
[INFO ][2016-02-09 20:37:22,730][com.java.SeleniumDriver] [  869] - Test step:5
[INFO ][2016-02-09 20:37:22,730][com.java.SeleniumDriver] [  881] - Datavalue is----------My Alerts
[INFO ][2016-02-09 20:37:22,730][com.java.SeleniumDriver] [  905] - DataField : XPH//span[@class='ui-dialog-title']
[INFO ][2016-02-09 20:37:22,730][com.java.SeleniumDriver] [  907] - DataValue : My Alerts
[INFO ][2016-02-09 20:37:22,730][com.java.SeleniumDriver] [  913] - <In Set values of the page>
[INFO ][2016-02-09 20:37:22,730][com.java.SeleniumDriver] [  916] - {Data Fields & Data Values Exist}
[INFO ][2016-02-09 20:37:22,730][com.java.SeleniumDriver] [  918] - --------------------------setting values-----------------------------
[INFO ][2016-02-09 20:37:22,730][com.java.SeleniumDriver] [  921] - Action Type : verify
[INFO ][2016-02-09 20:37:22,730][com.java.TestType] [ 8386] - field= XPH//span[@class='ui-dialog-title'] value= My Alerts
[INFO ][2016-02-09 20:37:22,730][com.java.TestType] [ 6752] - value = My Alerts
[INFO ][2016-02-09 20:37:22,896][com.java.SeleniumDriver] [  930] -  RESULT true
[INFO ][2016-02-09 20:37:22,896][com.java.SeleniumDriver] [ 1136] - ?   P A S S   ?
[INFO ][2016-02-09 20:37:22,896][com.java.SeleniumDriver] [  856] - ------------------------------------------
[INFO ][2016-02-09 20:37:22,896][com.java.SeleniumDriver] [  857] - Test case being Executed: 4
[INFO ][2016-02-09 20:37:22,896][com.java.SeleniumDriver] [  869] - Test step:6
[INFO ][2016-02-09 20:37:22,896][com.java.SeleniumDriver] [  881] - Datavalue is----------null
[DEBUG][2016-02-09 20:37:22,896][com.java.SeleniumDriver] [  899] - Exception: null
[INFO ][2016-02-09 20:37:22,897][com.java.SeleniumDriver] [  905] - DataField : BTNframeDialogContent
[INFO ][2016-02-09 20:37:22,897][com.java.SeleniumDriver] [  907] - DataValue : 
[INFO ][2016-02-09 20:37:22,898][com.java.SeleniumDriver] [  913] - <In Set values of the page>
[INFO ][2016-02-09 20:37:22,898][com.java.SeleniumDriver] [  916] - {Data Fields & Data Values Exist}
[INFO ][2016-02-09 20:37:22,898][com.java.SeleniumDriver] [  918] - --------------------------setting values-----------------------------
[INFO ][2016-02-09 20:37:22,898][com.java.SeleniumDriver] [  921] - Action Type : SELECTFRAME
[INFO ][2016-02-09 20:37:24,257][com.java.SeleniumDriver] [  930] -  RESULT true
[INFO ][2016-02-09 20:37:24,257][com.java.SeleniumDriver] [ 1136] - ?   P A S S   ?
[INFO ][2016-02-09 20:37:24,257][com.java.SeleniumDriver] [  856] - ------------------------------------------
[INFO ][2016-02-09 20:37:24,257][com.java.SeleniumDriver] [  857] - Test case being Executed: 4
[INFO ][2016-02-09 20:37:24,257][com.java.SeleniumDriver] [  869] - Test step:7
[INFO ][2016-02-09 20:37:24,257][com.java.SeleniumDriver] [  881] - Datavalue is----------Income Statement
[INFO ][2016-02-09 20:37:24,257][com.java.SeleniumDriver] [  905] - DataField : XPH//span[contains(text(),'Income Statement')]
[INFO ][2016-02-09 20:37:24,257][com.java.SeleniumDriver] [  907] - DataValue : Income Statement
[INFO ][2016-02-09 20:37:24,257][com.java.SeleniumDriver] [  913] - <In Set values of the page>
[INFO ][2016-02-09 20:37:24,257][com.java.SeleniumDriver] [  916] - {Data Fields & Data Values Exist}
[INFO ][2016-02-09 20:37:24,258][com.java.SeleniumDriver] [  918] - --------------------------setting values-----------------------------
[INFO ][2016-02-09 20:37:24,258][com.java.SeleniumDriver] [  921] - Action Type : VERIFY
[INFO ][2016-02-09 20:37:24,258][com.java.TestType] [ 8386] - field= XPH//span[contains(text(),'Income Statement')] value= Income Statement
[INFO ][2016-02-09 20:37:24,258][com.java.TestType] [ 6752] - value = Income Statement
[INFO ][2016-02-09 20:37:24,322][com.java.SeleniumDriver] [  930] -  RESULT true
[INFO ][2016-02-09 20:37:24,322][com.java.SeleniumDriver] [ 1136] - ?   P A S S   ?
[INFO ][2016-02-09 20:37:24,322][com.java.SeleniumDriver] [  856] - ------------------------------------------
[INFO ][2016-02-09 20:37:24,322][com.java.SeleniumDriver] [  857] - Test case being Executed: 4
[INFO ][2016-02-09 20:37:24,322][com.java.SeleniumDriver] [  869] - Test step:8
[INFO ][2016-02-09 20:37:24,322][com.java.SeleniumDriver] [  881] - Datavalue is----------null
[DEBUG][2016-02-09 20:37:24,324][com.java.SeleniumDriver] [  899] - Exception: null
[INFO ][2016-02-09 20:37:24,324][com.java.SeleniumDriver] [  905] - DataField : XPH//span[contains(text(),'Income Statement')]
[INFO ][2016-02-09 20:37:24,324][com.java.SeleniumDriver] [  907] - DataValue : 
[INFO ][2016-02-09 20:37:24,324][com.java.SeleniumDriver] [  913] - <In Set values of the page>
[INFO ][2016-02-09 20:37:24,324][com.java.SeleniumDriver] [  916] - {Data Fields & Data Values Exist}
[INFO ][2016-02-09 20:37:24,324][com.java.SeleniumDriver] [  918] - --------------------------setting values-----------------------------
[INFO ][2016-02-09 20:37:24,324][com.java.SeleniumDriver] [  921] - Action Type : CLICK
[INFO ][2016-02-09 20:37:24,324][com.java.TestType] [ 7153] - Field ::XPH//span[contains(text(),'Income Statement')]
[INFO ][2016-02-09 20:37:24,324][com.java.TestType] [ 6752] - value = 
[INFO ][2016-02-09 20:37:25,325][com.java.TestType] [ 7330] - BEFORE CLICK
[INFO ][2016-02-09 20:37:26,225][com.java.TestType] [ 7338] - Unable to click the object Income Statement
[INFO ][2016-02-09 20:37:26,225][com.java.SeleniumDriver] [  930] -  RESULT true
[INFO ][2016-02-09 20:37:26,225][com.java.SeleniumDriver] [ 1136] - ?   P A S S   ?
[INFO ][2016-02-09 20:37:26,225][com.java.SeleniumDriver] [  856] - ------------------------------------------
[INFO ][2016-02-09 20:37:26,225][com.java.SeleniumDriver] [  857] - Test case being Executed: 4
[INFO ][2016-02-09 20:37:26,225][com.java.SeleniumDriver] [  869] - Test step:9
[INFO ][2016-02-09 20:37:26,225][com.java.SeleniumDriver] [  881] - Datavalue is----------5
[INFO ][2016-02-09 20:37:26,225][com.java.SeleniumDriver] [  905] - DataField : test
[INFO ][2016-02-09 20:37:26,225][com.java.SeleniumDriver] [  907] - DataValue : 5
[INFO ][2016-02-09 20:37:26,225][com.java.SeleniumDriver] [  913] - <In Set values of the page>
[INFO ][2016-02-09 20:37:26,225][com.java.SeleniumDriver] [  916] - {Data Fields & Data Values Exist}
[INFO ][2016-02-09 20:37:26,225][com.java.SeleniumDriver] [  918] - --------------------------setting values-----------------------------
[INFO ][2016-02-09 20:37:26,225][com.java.SeleniumDriver] [  921] - Action Type : WAITTIME
[DEBUG][2016-02-09 20:37:26,226][com.java.TestType] [ 6561] - sleepTime: 5000
[INFO ][2016-02-09 20:37:31,227][com.java.SeleniumDriver] [  930] -  RESULT true
[INFO ][2016-02-09 20:37:31,227][com.java.SeleniumDriver] [ 1136] - ?   P A S S   ?
[INFO ][2016-02-09 20:37:31,227][com.java.SeleniumDriver] [  856] - ------------------------------------------
[INFO ][2016-02-09 20:37:31,227][com.java.SeleniumDriver] [  857] - Test case being Executed: 4
[INFO ][2016-02-09 20:37:31,227][com.java.SeleniumDriver] [  869] - Test step:10
[INFO ][2016-02-09 20:37:31,227][com.java.SeleniumDriver] [  881] - Datavalue is----------RMD0
[INFO ][2016-02-09 20:37:31,227][com.java.SeleniumDriver] [  905] - DataField : TXT//table[@id="IncomeTbl" ]/tbody//td[4]/input[@class="perVal"]
[INFO ][2016-02-09 20:37:31,227][com.java.SeleniumDriver] [  907] - DataValue : RMD0
[INFO ][2016-02-09 20:37:31,227][com.java.SeleniumDriver] [  913] - <In Set values of the page>
[INFO ][2016-02-09 20:37:31,227][com.java.SeleniumDriver] [  916] - {Data Fields & Data Values Exist}
[INFO ][2016-02-09 20:37:31,227][com.java.SeleniumDriver] [  918] - --------------------------setting values-----------------------------
[INFO ][2016-02-09 20:37:31,227][com.java.SeleniumDriver] [  921] - Action Type : CLEARANDENTER
[INFO ][2016-02-09 20:37:31,331][com.java.TestType] [ 6752] - value = 06
[INFO ][2016-02-09 20:37:31,466][com.java.SeleniumDriver] [  930] -  RESULT true
[INFO ][2016-02-09 20:37:31,466][com.java.SeleniumDriver] [ 1136] - ?   P A S S   ?
[INFO ][2016-02-09 20:37:31,466][com.java.SeleniumDriver] [  856] - ------------------------------------------
[INFO ][2016-02-09 20:37:31,466][com.java.SeleniumDriver] [  857] - Test case being Executed: 4
[INFO ][2016-02-09 20:37:31,466][com.java.SeleniumDriver] [  869] - Test step:11
[INFO ][2016-02-09 20:37:31,466][com.java.SeleniumDriver] [  881] - Datavalue is----------null
[DEBUG][2016-02-09 20:37:31,466][com.java.SeleniumDriver] [  899] - Exception: null
[INFO ][2016-02-09 20:37:31,466][com.java.SeleniumDriver] [  905] - DataField : BTNparent
[INFO ][2016-02-09 20:37:31,467][com.java.SeleniumDriver] [  907] - DataValue : 
[INFO ][2016-02-09 20:37:31,467][com.java.SeleniumDriver] [  913] - <In Set values of the page>
[INFO ][2016-02-09 20:37:31,467][com.java.SeleniumDriver] [  916] - {Data Fields & Data Values Exist}
[INFO ][2016-02-09 20:37:31,467][com.java.SeleniumDriver] [  918] - --------------------------setting values-----------------------------
[INFO ][2016-02-09 20:37:31,467][com.java.SeleniumDriver] [  921] - Action Type : SELECTFRAME
[INFO ][2016-02-09 20:37:31,482][com.java.SeleniumDriver] [  930] -  RESULT true
[INFO ][2016-02-09 20:37:31,482][com.java.SeleniumDriver] [ 1136] - ?   P A S S   ?
[INFO ][2016-02-09 20:37:31,482][com.java.SeleniumDriver] [  856] - ------------------------------------------
[INFO ][2016-02-09 20:37:31,482][com.java.SeleniumDriver] [  857] - Test case being Executed: 4
[INFO ][2016-02-09 20:37:31,482][com.java.SeleniumDriver] [  869] - Test step:12
[INFO ][2016-02-09 20:37:31,484][com.java.SeleniumDriver] [  881] - Datavalue is----------null
[DEBUG][2016-02-09 20:37:31,484][com.java.SeleniumDriver] [  899] - Exception: null
[INFO ][2016-02-09 20:37:31,484][com.java.SeleniumDriver] [  905] - DataField : HDN//span[contains(text(),'Save')]
[INFO ][2016-02-09 20:37:31,484][com.java.SeleniumDriver] [  907] - DataValue : 
[INFO ][2016-02-09 20:37:31,484][com.java.SeleniumDriver] [  913] - <In Set values of the page>
[INFO ][2016-02-09 20:37:31,484][com.java.SeleniumDriver] [  916] - {Data Fields & Data Values Exist}
[INFO ][2016-02-09 20:37:31,484][com.java.SeleniumDriver] [  918] - --------------------------setting values-----------------------------
[INFO ][2016-02-09 20:37:31,484][com.java.SeleniumDriver] [  921] - Action Type : CLICK
[INFO ][2016-02-09 20:37:31,484][com.java.TestType] [ 7153] - Field ::HDN//span[contains(text(),'Save')]
[INFO ][2016-02-09 20:37:31,484][com.java.TestType] [ 6752] - value = 
[INFO ][2016-02-09 20:37:32,801][com.java.SeleniumDriver] [  930] -  RESULT true
[INFO ][2016-02-09 20:37:32,801][com.java.SeleniumDriver] [ 1136] - ?   P A S S   ?
[INFO ][2016-02-09 20:37:32,801][com.java.SeleniumDriver] [  856] - ------------------------------------------
[INFO ][2016-02-09 20:37:32,803][com.java.SeleniumDriver] [  857] - Test case being Executed: 4
[INFO ][2016-02-09 20:37:32,803][com.java.SeleniumDriver] [  869] - Test step:13
[INFO ][2016-02-09 20:37:32,803][com.java.SeleniumDriver] [  881] - Datavalue is----------null
[DEBUG][2016-02-09 20:37:32,803][com.java.SeleniumDriver] [  899] - Exception: null
[INFO ][2016-02-09 20:37:32,803][com.java.SeleniumDriver] [  905] - DataField : XPH//div[@class="menu"]//span[@class='glyphicon glyphicon-bell']
[INFO ][2016-02-09 20:37:32,803][com.java.SeleniumDriver] [  907] - DataValue : 
[INFO ][2016-02-09 20:37:32,803][com.java.SeleniumDriver] [  913] - <In Set values of the page>
[INFO ][2016-02-09 20:37:32,803][com.java.SeleniumDriver] [  916] - {Data Fields & Data Values Exist}
[INFO ][2016-02-09 20:37:32,803][com.java.SeleniumDriver] [  918] - --------------------------setting values-----------------------------
[INFO ][2016-02-09 20:37:32,803][com.java.SeleniumDriver] [  921] - Action Type : CLICK
[INFO ][2016-02-09 20:37:32,804][com.java.TestType] [ 7153] - Field ::XPH//div[@class="menu"]//span[@class='glyphicon glyphicon-bell']
[INFO ][2016-02-09 20:37:32,804][com.java.TestType] [ 6752] - value = 
[INFO ][2016-02-09 20:37:33,804][com.java.TestType] [ 7330] - BEFORE CLICK
[INFO ][2016-02-09 20:37:35,150][com.java.TestType] [ 7338] - Unable to click the object Click on  bell symbol
[INFO ][2016-02-09 20:37:35,150][com.java.SeleniumDriver] [  930] -  RESULT true
[INFO ][2016-02-09 20:37:35,150][com.java.SeleniumDriver] [ 1136] - ?   P A S S   ?
[INFO ][2016-02-09 20:37:35,150][com.java.SeleniumDriver] [  856] - ------------------------------------------
[INFO ][2016-02-09 20:37:35,150][com.java.SeleniumDriver] [  857] - Test case being Executed: 4
[INFO ][2016-02-09 20:37:35,150][com.java.SeleniumDriver] [  869] - Test step:14
[INFO ][2016-02-09 20:37:35,150][com.java.SeleniumDriver] [  881] - Datavalue is----------null
[DEBUG][2016-02-09 20:37:35,150][com.java.SeleniumDriver] [  899] - Exception: null
[INFO ][2016-02-09 20:37:35,150][com.java.SeleniumDriver] [  905] - DataField : XPH//div[@class='body']/div[4]/div[2]
[INFO ][2016-02-09 20:37:35,150][com.java.SeleniumDriver] [  907] - DataValue : 
[INFO ][2016-02-09 20:37:35,150][com.java.SeleniumDriver] [  913] - <In Set values of the page>
[INFO ][2016-02-09 20:37:35,150][com.java.SeleniumDriver] [  916] - {Data Fields & Data Values Exist}
[INFO ][2016-02-09 20:37:35,150][com.java.SeleniumDriver] [  918] - --------------------------setting values-----------------------------
[INFO ][2016-02-09 20:37:35,151][com.java.SeleniumDriver] [  921] - Action Type : CLICK
[INFO ][2016-02-09 20:37:35,151][com.java.TestType] [ 7153] - Field ::XPH//div[@class='body']/div[4]/div[2]
[INFO ][2016-02-09 20:37:35,151][com.java.TestType] [ 6752] - value = 
[INFO ][2016-02-09 20:37:36,151][com.java.TestType] [ 7330] - BEFORE CLICK
[INFO ][2016-02-09 20:37:37,011][com.java.TestType] [ 7338] - Unable to click the object Click on the Today's Alert Page
[INFO ][2016-02-09 20:37:37,011][com.java.SeleniumDriver] [  930] -  RESULT true
[INFO ][2016-02-09 20:37:37,011][com.java.SeleniumDriver] [ 1136] - ?   P A S S   ?
[INFO ][2016-02-09 20:37:37,011][com.java.SeleniumDriver] [  856] - ------------------------------------------
[INFO ][2016-02-09 20:37:37,011][com.java.SeleniumDriver] [  857] - Test case being Executed: 4
[INFO ][2016-02-09 20:37:37,011][com.java.SeleniumDriver] [  869] - Test step:15
[INFO ][2016-02-09 20:37:37,011][com.java.SeleniumDriver] [  881] - Datavalue is----------//div[@class="menu-drawer"]//span
[INFO ][2016-02-09 20:37:37,011][com.java.SeleniumDriver] [  905] - DataField : BTN
[INFO ][2016-02-09 20:37:37,011][com.java.SeleniumDriver] [  907] - DataValue : //div[@class="menu-drawer"]//span
[INFO ][2016-02-09 20:37:37,011][com.java.SeleniumDriver] [  913] - <In Set values of the page>
[INFO ][2016-02-09 20:37:37,011][com.java.SeleniumDriver] [  916] - {Data Fields & Data Values Exist}
[INFO ][2016-02-09 20:37:37,011][com.java.SeleniumDriver] [  918] - --------------------------setting values-----------------------------
[INFO ][2016-02-09 20:37:37,011][com.java.SeleniumDriver] [  921] - Action Type : VERIFY
[INFO ][2016-02-09 20:37:37,012][com.java.TestType] [ 8386] - field= BTN value= //div[@class="menu-drawer"]//span
[INFO ][2016-02-09 20:37:37,012][com.java.TestType] [ 6752] - value = //div[@class="menu-drawer"]//span
[INFO ][2016-02-09 20:37:37,112][com.java.SeleniumDriver] [  930] -  RESULT true
[INFO ][2016-02-09 20:37:37,112][com.java.SeleniumDriver] [ 1136] - ?   P A S S   ?
[INFO ][2016-02-09 20:37:37,112][com.java.SeleniumDriver] [  856] - ------------------------------------------
[INFO ][2016-02-09 20:37:37,112][com.java.SeleniumDriver] [  857] - Test case being Executed: 4
[INFO ][2016-02-09 20:37:37,112][com.java.SeleniumDriver] [  869] - Test step:16
[INFO ][2016-02-09 20:37:37,113][com.java.SeleniumDriver] [  881] - Datavalue is----------//div[@id='isAlertsHeading']/h4
[INFO ][2016-02-09 20:37:37,113][com.java.SeleniumDriver] [  905] - DataField : BTN
[INFO ][2016-02-09 20:37:37,113][com.java.SeleniumDriver] [  907] - DataValue : //div[@id='isAlertsHeading']/h4
[INFO ][2016-02-09 20:37:37,113][com.java.SeleniumDriver] [  913] - <In Set values of the page>
[INFO ][2016-02-09 20:37:37,113][com.java.SeleniumDriver] [  916] - {Data Fields & Data Values Exist}
[INFO ][2016-02-09 20:37:37,113][com.java.SeleniumDriver] [  918] - --------------------------setting values-----------------------------
[INFO ][2016-02-09 20:37:37,113][com.java.SeleniumDriver] [  921] - Action Type : VERIFY
[INFO ][2016-02-09 20:37:37,115][com.java.TestType] [ 8386] - field= BTN value= //div[@id='isAlertsHeading']/h4
[INFO ][2016-02-09 20:37:37,115][com.java.TestType] [ 6752] - value = //div[@id='isAlertsHeading']/h4
[INFO ][2016-02-09 20:37:37,185][com.java.SeleniumDriver] [  930] -  RESULT true
[INFO ][2016-02-09 20:37:37,185][com.java.SeleniumDriver] [ 1136] - ?   P A S S   ?
[INFO ][2016-02-09 20:37:37,185][com.java.SeleniumDriver] [  856] - ------------------------------------------
[INFO ][2016-02-09 20:37:37,185][com.java.SeleniumDriver] [  857] - Test case being Executed: 4
[INFO ][2016-02-09 20:37:37,185][com.java.SeleniumDriver] [  869] - Test step:17
[INFO ][2016-02-09 20:37:37,185][com.java.SeleniumDriver] [  881] - Datavalue is----------null
[DEBUG][2016-02-09 20:37:37,185][com.java.SeleniumDriver] [  899] - Exception: null
[INFO ][2016-02-09 20:37:37,185][com.java.SeleniumDriver] [  905] - DataField : XPH//div[@class="panel panel-default ng-scope"]/div[@id='isAlertsHeading']/h4
[INFO ][2016-02-09 20:37:37,185][com.java.SeleniumDriver] [  907] - DataValue : 
[INFO ][2016-02-09 20:37:37,186][com.java.SeleniumDriver] [  913] - <In Set values of the page>
[INFO ][2016-02-09 20:37:37,186][com.java.SeleniumDriver] [  916] - {Data Fields & Data Values Exist}
[INFO ][2016-02-09 20:37:37,186][com.java.SeleniumDriver] [  918] - --------------------------setting values-----------------------------
[INFO ][2016-02-09 20:37:37,186][com.java.SeleniumDriver] [  921] - Action Type : CLICK
[INFO ][2016-02-09 20:37:37,186][com.java.TestType] [ 7153] - Field ::XPH//div[@class="panel panel-default ng-scope"]/div[@id='isAlertsHeading']/h4
[INFO ][2016-02-09 20:37:37,186][com.java.TestType] [ 6752] - value = 
[INFO ][2016-02-09 20:37:38,187][com.java.TestType] [ 7330] - BEFORE CLICK
[INFO ][2016-02-09 20:37:39,107][com.java.TestType] [ 7338] - Unable to click the object Click on Income Statement tab
[INFO ][2016-02-09 20:37:39,107][com.java.SeleniumDriver] [  930] -  RESULT true
[INFO ][2016-02-09 20:37:39,107][com.java.SeleniumDriver] [ 1136] - ?   P A S S   ?
[INFO ][2016-02-09 20:37:39,107][com.java.SeleniumDriver] [  856] - ------------------------------------------
[INFO ][2016-02-09 20:37:39,107][com.java.SeleniumDriver] [  857] - Test case being Executed: 4
[INFO ][2016-02-09 20:37:39,107][com.java.SeleniumDriver] [  869] - Test step:18
[INFO ][2016-02-09 20:37:39,107][com.java.SeleniumDriver] [  881] - Datavalue is----------3
[INFO ][2016-02-09 20:37:39,107][com.java.SeleniumDriver] [  905] - DataField : null
[INFO ][2016-02-09 20:37:39,107][com.java.SeleniumDriver] [  907] - DataValue : 3
[INFO ][2016-02-09 20:37:39,107][com.java.SeleniumDriver] [  913] - <In Set values of the page>
[INFO ][2016-02-09 20:37:39,107][com.java.SeleniumDriver] [  916] - {Data Fields & Data Values Exist}
[INFO ][2016-02-09 20:37:39,107][com.java.SeleniumDriver] [  918] - --------------------------setting values-----------------------------
[INFO ][2016-02-09 20:37:39,107][com.java.SeleniumDriver] [  921] - Action Type : WAITTIME
[DEBUG][2016-02-09 20:37:39,108][com.java.TestType] [ 6561] - sleepTime: 3000
[INFO ][2016-02-09 20:37:42,108][com.java.SeleniumDriver] [  930] -  RESULT true
[INFO ][2016-02-09 20:37:42,108][com.java.SeleniumDriver] [ 1136] - ?   P A S S   ?
[INFO ][2016-02-09 20:37:42,108][com.java.SeleniumDriver] [  856] - ------------------------------------------
[INFO ][2016-02-09 20:37:42,108][com.java.SeleniumDriver] [  857] - Test case being Executed: 4
[INFO ][2016-02-09 20:37:42,108][com.java.SeleniumDriver] [  869] - Test step:19
[INFO ][2016-02-09 20:37:42,108][com.java.SeleniumDriver] [  881] - Datavalue is----------glyphicon-play down
[INFO ][2016-02-09 20:37:42,108][com.java.SeleniumDriver] [  905] - DataField : CCM//div[@class="panel panel-default ng-scope"]/div[@id='isAlertsHeading']/h4/span
[INFO ][2016-02-09 20:37:42,108][com.java.SeleniumDriver] [  907] - DataValue : glyphicon-play down
[INFO ][2016-02-09 20:37:42,108][com.java.SeleniumDriver] [  913] - <In Set values of the page>
[INFO ][2016-02-09 20:37:42,108][com.java.SeleniumDriver] [  916] - {Data Fields & Data Values Exist}
[INFO ][2016-02-09 20:37:42,109][com.java.SeleniumDriver] [  918] - --------------------------setting values-----------------------------
[INFO ][2016-02-09 20:37:42,109][com.java.SeleniumDriver] [  921] - Action Type : VERIFY
[INFO ][2016-02-09 20:37:42,109][com.java.TestType] [ 8386] - field= CCM//div[@class="panel panel-default ng-scope"]/div[@id='isAlertsHeading']/h4/span value= glyphicon-play down
[INFO ][2016-02-09 20:37:42,109][com.java.TestType] [ 6752] - value = glyphicon-play down
[DEBUG][2016-02-09 20:37:42,109][com.java.TestType] [ 9727] - Exception: glyphicon-play down
[DEBUG][2016-02-09 20:37:42,109][com.java.TestType] [ 9730] - Element not replaced::glyphicon-play down
[INFO ][2016-02-09 20:37:42,109][com.java.SeleniumDriver] [  930] -  RESULT false
[INFO ][2016-02-09 20:37:42,109][com.java.SeleniumDriver] [  977] - ?   F A I L   ?
[INFO ][2016-02-09 20:37:42,109][com.java.SeleniumDriver] [  985] - Browser Type : IE10
[INFO ][2016-02-09 20:37:42,109][com.java.SeleniumDriver] [  986] - Adding Failed case4
[DEBUG][2016-02-09 20:37:42,200][com.java.SeleniumDriver] [ 1054] -  tdd.getCondition() IF:23:Next
[INFO ][2016-02-09 20:37:42,201][com.java.SeleniumDriver] [ 1058] - Continue next step...
[INFO ][2016-02-09 20:37:42,201][com.java.SeleniumDriver] [  856] - ------------------------------------------
[INFO ][2016-02-09 20:37:42,201][com.java.SeleniumDriver] [  857] - Test case being Executed: 4
[INFO ][2016-02-09 20:37:42,201][com.java.SeleniumDriver] [  869] - Test step:20
[INFO ][2016-02-09 20:37:42,201][com.java.SeleniumDriver] [  881] - Datavalue is----------2
[INFO ][2016-02-09 20:37:42,201][com.java.SeleniumDriver] [  905] - DataField : null
[INFO ][2016-02-09 20:37:42,201][com.java.SeleniumDriver] [  907] - DataValue : 2
[INFO ][2016-02-09 20:37:42,201][com.java.SeleniumDriver] [  913] - <In Set values of the page>
[INFO ][2016-02-09 20:37:42,201][com.java.SeleniumDriver] [  916] - {Data Fields & Data Values Exist}
[INFO ][2016-02-09 20:37:42,201][com.java.SeleniumDriver] [  918] - --------------------------setting values-----------------------------
[INFO ][2016-02-09 20:37:42,201][com.java.SeleniumDriver] [  921] - Action Type : WAITTIME
[DEBUG][2016-02-09 20:37:42,201][com.java.TestType] [ 6561] - sleepTime: 2000
[INFO ][2016-02-09 20:37:44,203][com.java.SeleniumDriver] [  930] -  RESULT true
[INFO ][2016-02-09 20:37:44,203][com.java.SeleniumDriver] [ 1136] - ?   P A S S   ?
[INFO ][2016-02-09 20:37:44,203][com.java.SeleniumDriver] [  856] - ------------------------------------------
[INFO ][2016-02-09 20:37:44,203][com.java.SeleniumDriver] [  857] - Test case being Executed: 4
[INFO ][2016-02-09 20:37:44,203][com.java.SeleniumDriver] [  869] - Test step:21
[INFO ][2016-02-09 20:37:44,204][com.java.SeleniumDriver] [  881] - Datavalue is----------null
[DEBUG][2016-02-09 20:37:44,204][com.java.SeleniumDriver] [  899] - Exception: null
[INFO ][2016-02-09 20:37:44,204][com.java.SeleniumDriver] [  905] - DataField : XPH//div[@class="panel panel-default ng-scope"]/div[@id='isAlertsHeading']/h4
[INFO ][2016-02-09 20:37:44,204][com.java.SeleniumDriver] [  907] - DataValue : 
[INFO ][2016-02-09 20:37:44,204][com.java.SeleniumDriver] [  913] - <In Set values of the page>
[INFO ][2016-02-09 20:37:44,204][com.java.SeleniumDriver] [  916] - {Data Fields & Data Values Exist}
[INFO ][2016-02-09 20:37:44,204][com.java.SeleniumDriver] [  918] - --------------------------setting values-----------------------------
[INFO ][2016-02-09 20:37:44,204][com.java.SeleniumDriver] [  921] - Action Type : CLICK
[INFO ][2016-02-09 20:37:44,204][com.java.TestType] [ 7153] - Field ::XPH//div[@class="panel panel-default ng-scope"]/div[@id='isAlertsHeading']/h4
[INFO ][2016-02-09 20:37:44,204][com.java.TestType] [ 6752] - value = 
[INFO ][2016-02-09 20:37:45,204][com.java.TestType] [ 7330] - BEFORE CLICK
[INFO ][2016-02-09 20:37:46,101][com.java.TestType] [ 7338] - Unable to click the object Click on Income Statement tab
[INFO ][2016-02-09 20:37:46,101][com.java.SeleniumDriver] [  930] -  RESULT true
[INFO ][2016-02-09 20:37:46,101][com.java.SeleniumDriver] [ 1136] - ?   P A S S   ?
[INFO ][2016-02-09 20:37:46,101][com.java.SeleniumDriver] [  856] - ------------------------------------------
[INFO ][2016-02-09 20:37:46,101][com.java.SeleniumDriver] [  857] - Test case being Executed: 4
[INFO ][2016-02-09 20:37:46,101][com.java.SeleniumDriver] [  869] - Test step:22
[INFO ][2016-02-09 20:37:46,101][com.java.SeleniumDriver] [  881] - Datavalue is----------2
[INFO ][2016-02-09 20:37:46,101][com.java.SeleniumDriver] [  905] - DataField : null
[INFO ][2016-02-09 20:37:46,101][com.java.SeleniumDriver] [  907] - DataValue : 2
[INFO ][2016-02-09 20:37:46,101][com.java.SeleniumDriver] [  913] - <In Set values of the page>
[INFO ][2016-02-09 20:37:46,101][com.java.SeleniumDriver] [  916] - {Data Fields & Data Values Exist}
[INFO ][2016-02-09 20:37:46,101][com.java.SeleniumDriver] [  918] - --------------------------setting values-----------------------------
[INFO ][2016-02-09 20:37:46,101][com.java.SeleniumDriver] [  921] - Action Type : WAITTIME
[DEBUG][2016-02-09 20:37:46,102][com.java.TestType] [ 6561] - sleepTime: 2000
[INFO ][2016-02-09 20:37:48,103][com.java.SeleniumDriver] [  930] -  RESULT true
[INFO ][2016-02-09 20:37:48,103][com.java.SeleniumDriver] [ 1136] - ?   P A S S   ?
[INFO ][2016-02-09 20:37:48,103][com.java.SeleniumDriver] [  856] - ------------------------------------------
[INFO ][2016-02-09 20:37:48,103][com.java.SeleniumDriver] [  857] - Test case being Executed: 4
[INFO ][2016-02-09 20:37:48,103][com.java.SeleniumDriver] [  869] - Test step:23
[INFO ][2016-02-09 20:37:48,103][com.java.SeleniumDriver] [  881] - Datavalue is----------null
[DEBUG][2016-02-09 20:37:48,103][com.java.SeleniumDriver] [  899] - Exception: null
[INFO ][2016-02-09 20:37:48,103][com.java.SeleniumDriver] [  905] - DataField : XPH//div[@class="panel panel-default ng-scope"]/div[@id='isAlertsHeading']/h4
[INFO ][2016-02-09 20:37:48,103][com.java.SeleniumDriver] [  907] - DataValue : 
[INFO ][2016-02-09 20:37:48,103][com.java.SeleniumDriver] [  913] - <In Set values of the page>
[INFO ][2016-02-09 20:37:48,103][com.java.SeleniumDriver] [  916] - {Data Fields & Data Values Exist}
[INFO ][2016-02-09 20:37:48,104][com.java.SeleniumDriver] [  918] - --------------------------setting values-----------------------------
[INFO ][2016-02-09 20:37:48,104][com.java.SeleniumDriver] [  921] - Action Type : CLICK
[INFO ][2016-02-09 20:37:48,104][com.java.TestType] [ 7153] - Field ::XPH//div[@class="panel panel-default ng-scope"]/div[@id='isAlertsHeading']/h4
[INFO ][2016-02-09 20:37:48,104][com.java.TestType] [ 6752] - value = 
[INFO ][2016-02-09 20:37:49,104][com.java.TestType] [ 7330] - BEFORE CLICK
[INFO ][2016-02-09 20:37:49,995][com.java.TestType] [ 7338] - Unable to click the object Click on Income Statement tab
[INFO ][2016-02-09 20:37:49,995][com.java.SeleniumDriver] [  930] -  RESULT true
[INFO ][2016-02-09 20:37:49,995][com.java.SeleniumDriver] [ 1136] - ?   P A S S   ?
[INFO ][2016-02-09 20:37:49,995][com.java.SeleniumDriver] [  856] - ------------------------------------------
[INFO ][2016-02-09 20:37:49,995][com.java.SeleniumDriver] [  857] - Test case being Executed: 4
[INFO ][2016-02-09 20:37:49,995][com.java.SeleniumDriver] [  869] - Test step:24
[INFO ][2016-02-09 20:37:49,995][com.java.SeleniumDriver] [  881] - Datavalue is----------//*[@id='isAlertsContent']/div/div[1]/div[1]
[INFO ][2016-02-09 20:37:49,995][com.java.SeleniumDriver] [  905] - DataField : MSG
[INFO ][2016-02-09 20:37:49,995][com.java.SeleniumDriver] [  907] - DataValue : //*[@id='isAlertsContent']/div/div[1]/div[1]
[INFO ][2016-02-09 20:37:49,995][com.java.SeleniumDriver] [  913] - <In Set values of the page>
[INFO ][2016-02-09 20:37:49,995][com.java.SeleniumDriver] [  916] - {Data Fields & Data Values Exist}
[INFO ][2016-02-09 20:37:49,995][com.java.SeleniumDriver] [  918] - --------------------------setting values-----------------------------
[INFO ][2016-02-09 20:37:49,995][com.java.SeleniumDriver] [  921] - Action Type : VERIFYNOTPRESENT
[INFO ][2016-02-09 20:37:49,996][com.java.TestType] [10207] - field= MSG value= //*[@id='isAlertsContent']/div/div[1]/div[1]
[INFO ][2016-02-09 20:37:50,153][com.java.SeleniumDriver] [  930] -  RESULT true
[INFO ][2016-02-09 20:37:50,153][com.java.SeleniumDriver] [ 1136] - ?   P A S S   ?
[INFO ][2016-02-09 20:37:50,153][com.java.SeleniumDriver] [  856] - ------------------------------------------
[INFO ][2016-02-09 20:37:50,153][com.java.SeleniumDriver] [  857] - Test case being Executed: 4
[INFO ][2016-02-09 20:37:50,153][com.java.SeleniumDriver] [  869] - Test step:25
[INFO ][2016-02-09 20:37:50,154][com.java.SeleniumDriver] [  881] - Datavalue is----------null
[DEBUG][2016-02-09 20:37:50,154][com.java.SeleniumDriver] [  899] - Exception: null
[INFO ][2016-02-09 20:37:50,154][com.java.SeleniumDriver] [  905] - DataField : HDN//span[@class='glyphicon glyphicon-refresh ng-scope']
[INFO ][2016-02-09 20:37:50,154][com.java.SeleniumDriver] [  907] - DataValue : 
[INFO ][2016-02-09 20:37:50,154][com.java.SeleniumDriver] [  913] - <In Set values of the page>
[INFO ][2016-02-09 20:37:50,154][com.java.SeleniumDriver] [  916] - {Data Fields & Data Values Exist}
[INFO ][2016-02-09 20:37:50,154][com.java.SeleniumDriver] [  918] - --------------------------setting values-----------------------------
[INFO ][2016-02-09 20:37:50,154][com.java.SeleniumDriver] [  921] - Action Type : CLICK
[INFO ][2016-02-09 20:37:50,154][com.java.TestType] [ 7153] - Field ::HDN//span[@class='glyphicon glyphicon-refresh ng-scope']
[INFO ][2016-02-09 20:37:50,154][com.java.TestType] [ 6752] - value = 
[INFO ][2016-02-09 20:37:51,289][com.java.SeleniumDriver] [  930] -  RESULT true
[INFO ][2016-02-09 20:37:51,289][com.java.SeleniumDriver] [ 1136] - ?   P A S S   ?
[INFO ][2016-02-09 20:37:51,289][com.java.SeleniumDriver] [  856] - ------------------------------------------
[INFO ][2016-02-09 20:37:51,289][com.java.SeleniumDriver] [  857] - Test case being Executed: 4
[INFO ][2016-02-09 20:37:51,289][com.java.SeleniumDriver] [  869] - Test step:26
[INFO ][2016-02-09 20:37:51,289][com.java.SeleniumDriver] [  881] - Datavalue is----------15
[INFO ][2016-02-09 20:37:51,289][com.java.SeleniumDriver] [  905] - DataField : null
[INFO ][2016-02-09 20:37:51,289][com.java.SeleniumDriver] [  907] - DataValue : 15
[INFO ][2016-02-09 20:37:51,289][com.java.SeleniumDriver] [  913] - <In Set values of the page>
[INFO ][2016-02-09 20:37:51,289][com.java.SeleniumDriver] [  916] - {Data Fields & Data Values Exist}
[INFO ][2016-02-09 20:37:51,289][com.java.SeleniumDriver] [  918] - --------------------------setting values-----------------------------
[INFO ][2016-02-09 20:37:51,290][com.java.SeleniumDriver] [  921] - Action Type : WAITTIME
[DEBUG][2016-02-09 20:37:51,290][com.java.TestType] [ 6561] - sleepTime: 15000
[INFO ][2016-02-09 20:38:06,291][com.java.SeleniumDriver] [  930] -  RESULT true
[INFO ][2016-02-09 20:38:06,291][com.java.SeleniumDriver] [ 1136] - ?   P A S S   ?
[INFO ][2016-02-09 20:38:06,291][com.java.SeleniumDriver] [  856] - ------------------------------------------
[INFO ][2016-02-09 20:38:06,291][com.java.SeleniumDriver] [  857] - Test case being Executed: 4
[INFO ][2016-02-09 20:38:06,291][com.java.SeleniumDriver] [  869] - Test step:27
[INFO ][2016-02-09 20:38:06,291][com.java.SeleniumDriver] [  881] - Datavalue is----------numberofupdatesbeforerefreshing
[INFO ][2016-02-09 20:38:06,291][com.java.SeleniumDriver] [  905] - DataField : XPH//div[@id="isAlertsHeading"]//span[@class="badge pull-right ng-binding"]
[INFO ][2016-02-09 20:38:06,291][com.java.SeleniumDriver] [  907] - DataValue : numberofupdatesbeforerefreshing
[INFO ][2016-02-09 20:38:06,291][com.java.SeleniumDriver] [  913] - <In Set values of the page>
[INFO ][2016-02-09 20:38:06,291][com.java.SeleniumDriver] [  916] - {Data Fields & Data Values Exist}
[INFO ][2016-02-09 20:38:06,291][com.java.SeleniumDriver] [  918] - --------------------------setting values-----------------------------
[INFO ][2016-02-09 20:38:06,291][com.java.SeleniumDriver] [  921] - Action Type : STOREVALUE
[INFO ][2016-02-09 20:38:06,292][com.java.TestType] [ 9888] - field= XPH//div[@id="isAlertsHeading"]//span[@class="badge pull-right ng-binding"]
[DEBUG][2016-02-09 20:38:06,419][com.java.TestType] [ 9943] - Key:: numberofupdatesbeforerefreshing   Value:: 2
[INFO ][2016-02-09 20:38:06,419][com.java.SeleniumDriver] [  930] -  RESULT true
[INFO ][2016-02-09 20:38:06,419][com.java.SeleniumDriver] [ 1136] - ?   P A S S   ?
[INFO ][2016-02-09 20:38:06,419][com.java.SeleniumDriver] [  856] - ------------------------------------------
[INFO ][2016-02-09 20:38:06,419][com.java.SeleniumDriver] [  857] - Test case being Executed: 4
[INFO ][2016-02-09 20:38:06,419][com.java.SeleniumDriver] [  869] - Test step:28
[INFO ][2016-02-09 20:38:06,419][com.java.SeleniumDriver] [  881] - Datavalue is----------HMVnumberofupdatesbeforerefreshing
[INFO ][2016-02-09 20:38:06,420][com.java.SeleniumDriver] [  905] - DataField : TAL//div[@id="isAlertsContent"]//div[@class="bd-alert ng-scope"]
[INFO ][2016-02-09 20:38:06,420][com.java.SeleniumDriver] [  907] - DataValue : HMVnumberofupdatesbeforerefreshing
[INFO ][2016-02-09 20:38:06,420][com.java.SeleniumDriver] [  913] - <In Set values of the page>
[INFO ][2016-02-09 20:38:06,420][com.java.SeleniumDriver] [  916] - {Data Fields & Data Values Exist}
[INFO ][2016-02-09 20:38:06,420][com.java.SeleniumDriver] [  918] - --------------------------setting values-----------------------------
[INFO ][2016-02-09 20:38:06,420][com.java.SeleniumDriver] [  921] - Action Type : VERIFY
[INFO ][2016-02-09 20:38:06,420][com.java.TestType] [ 8386] - field= TAL//div[@id="isAlertsContent"]//div[@class="bd-alert ng-scope"] value= HMVnumberofupdatesbeforerefreshing
[INFO ][2016-02-09 20:38:06,420][com.java.TestType] [ 6752] - value = 2
[INFO ][2016-02-09 20:38:06,455][com.java.SeleniumDriver] [  930] -  RESULT true
[INFO ][2016-02-09 20:38:06,455][com.java.SeleniumDriver] [ 1136] - ?   P A S S   ?
[INFO ][2016-02-09 20:38:06,455][com.java.SeleniumDriver] [  856] - ------------------------------------------
[INFO ][2016-02-09 20:38:06,455][com.java.SeleniumDriver] [  857] - Test case being Executed: 4
[INFO ][2016-02-09 20:38:06,455][com.java.SeleniumDriver] [  869] - Test step:29
[INFO ][2016-02-09 20:38:06,455][com.java.SeleniumDriver] [  881] - Datavalue is----------10
[INFO ][2016-02-09 20:38:06,456][com.java.SeleniumDriver] [  905] - DataField : null
[INFO ][2016-02-09 20:38:06,456][com.java.SeleniumDriver] [  907] - DataValue : 10
[INFO ][2016-02-09 20:38:06,456][com.java.SeleniumDriver] [  913] - <In Set values of the page>
[INFO ][2016-02-09 20:38:06,456][com.java.SeleniumDriver] [  916] - {Data Fields & Data Values Exist}
[INFO ][2016-02-09 20:38:06,456][com.java.SeleniumDriver] [  918] - --------------------------setting values-----------------------------
[INFO ][2016-02-09 20:38:06,456][com.java.SeleniumDriver] [  921] - Action Type : WAITTIME
[DEBUG][2016-02-09 20:38:06,456][com.java.TestType] [ 6561] - sleepTime: 10000
[INFO ][2016-02-09 20:38:16,457][com.java.SeleniumDriver] [  930] -  RESULT true
[INFO ][2016-02-09 20:38:16,457][com.java.SeleniumDriver] [ 1136] - ?   P A S S   ?
[INFO ][2016-02-09 20:38:16,457][com.java.SeleniumDriver] [  856] - ------------------------------------------
[INFO ][2016-02-09 20:38:16,457][com.java.SeleniumDriver] [  857] - Test case being Executed: 4
[INFO ][2016-02-09 20:38:16,457][com.java.SeleniumDriver] [  869] - Test step:30
[INFO ][2016-02-09 20:38:16,457][com.java.SeleniumDriver] [  881] - Datavalue is----------BalanceSheet
[INFO ][2016-02-09 20:38:16,457][com.java.SeleniumDriver] [  905] - DataField : XPH//div[@id="isAlertsContent"]//div[@class="bd-alert ng-scope"][1]/div[@class="ng-binding"]
[INFO ][2016-02-09 20:38:16,457][com.java.SeleniumDriver] [  907] - DataValue : BalanceSheet
[INFO ][2016-02-09 20:38:16,457][com.java.SeleniumDriver] [  913] - <In Set values of the page>
[INFO ][2016-02-09 20:38:16,457][com.java.SeleniumDriver] [  916] - {Data Fields & Data Values Exist}
[INFO ][2016-02-09 20:38:16,457][com.java.SeleniumDriver] [  918] - --------------------------setting values-----------------------------
[INFO ][2016-02-09 20:38:16,457][com.java.SeleniumDriver] [  921] - Action Type : STOREVALUE
[INFO ][2016-02-09 20:38:16,457][com.java.TestType] [ 9888] - field= XPH//div[@id="isAlertsContent"]//div[@class="bd-alert ng-scope"][1]/div[@class="ng-binding"]
[DEBUG][2016-02-09 20:38:16,583][com.java.TestType] [ 9943] - Key:: BalanceSheet   Value:: Interest on federal funds sold
[INFO ][2016-02-09 20:38:16,583][com.java.SeleniumDriver] [  930] -  RESULT true
[INFO ][2016-02-09 20:38:16,583][com.java.SeleniumDriver] [ 1136] - ?   P A S S   ?
[INFO ][2016-02-09 20:38:16,583][com.java.SeleniumDriver] [  856] - ------------------------------------------
[INFO ][2016-02-09 20:38:16,583][com.java.SeleniumDriver] [  857] - Test case being Executed: 4
[INFO ][2016-02-09 20:38:16,583][com.java.SeleniumDriver] [  869] - Test step:31
[INFO ][2016-02-09 20:38:16,583][com.java.SeleniumDriver] [  881] - Datavalue is----------10
[INFO ][2016-02-09 20:38:16,583][com.java.SeleniumDriver] [  905] - DataField : null
[INFO ][2016-02-09 20:38:16,583][com.java.SeleniumDriver] [  907] - DataValue : 10
[INFO ][2016-02-09 20:38:16,583][com.java.SeleniumDriver] [  913] - <In Set values of the page>
[INFO ][2016-02-09 20:38:16,583][com.java.SeleniumDriver] [  916] - {Data Fields & Data Values Exist}
[INFO ][2016-02-09 20:38:16,583][com.java.SeleniumDriver] [  918] - --------------------------setting values-----------------------------
[INFO ][2016-02-09 20:38:16,584][com.java.SeleniumDriver] [  921] - Action Type : WAITTIME
[DEBUG][2016-02-09 20:38:16,584][com.java.TestType] [ 6561] - sleepTime: 10000
[INFO ][2016-02-09 20:38:26,585][com.java.SeleniumDriver] [  930] -  RESULT true
[INFO ][2016-02-09 20:38:26,585][com.java.SeleniumDriver] [ 1136] - ?   P A S S   ?
[INFO ][2016-02-09 20:38:26,585][com.java.SeleniumDriver] [  856] - ------------------------------------------
[INFO ][2016-02-09 20:38:26,585][com.java.SeleniumDriver] [  857] - Test case being Executed: 4
[INFO ][2016-02-09 20:38:26,585][com.java.SeleniumDriver] [  869] - Test step:32
[INFO ][2016-02-09 20:38:26,585][com.java.SeleniumDriver] [  881] - Datavalue is----------Change
[INFO ][2016-02-09 20:38:26,585][com.java.SeleniumDriver] [  905] - DataField : XPH//div[@id="isAlertsContent"]//div[@class="bd-alert ng-scope"][1]//span[@ class="ng-binding"]
[INFO ][2016-02-09 20:38:26,585][com.java.SeleniumDriver] [  907] - DataValue : Change
[INFO ][2016-02-09 20:38:26,585][com.java.SeleniumDriver] [  913] - <In Set values of the page>
[INFO ][2016-02-09 20:38:26,585][com.java.SeleniumDriver] [  916] - {Data Fields & Data Values Exist}
[INFO ][2016-02-09 20:38:26,585][com.java.SeleniumDriver] [  918] - --------------------------setting values-----------------------------
[INFO ][2016-02-09 20:38:26,585][com.java.SeleniumDriver] [  921] - Action Type : STOREVALUE
[INFO ][2016-02-09 20:38:26,585][com.java.TestType] [ 9888] - field= XPH//div[@id="isAlertsContent"]//div[@class="bd-alert ng-scope"][1]//span[@ class="ng-binding"]
[DEBUG][2016-02-09 20:38:26,711][com.java.TestType] [ 9943] - Key:: Change   Value:: $3
[INFO ][2016-02-09 20:38:26,711][com.java.SeleniumDriver] [  930] -  RESULT true
[INFO ][2016-02-09 20:38:26,711][com.java.SeleniumDriver] [ 1136] - ?   P A S S   ?
[INFO ][2016-02-09 20:38:26,711][com.java.SeleniumDriver] [  856] - ------------------------------------------
[INFO ][2016-02-09 20:38:26,711][com.java.SeleniumDriver] [  857] - Test case being Executed: 4
[INFO ][2016-02-09 20:38:26,711][com.java.SeleniumDriver] [  869] - Test step:33
[INFO ][2016-02-09 20:38:26,711][com.java.SeleniumDriver] [  881] - Datavalue is----------3
[INFO ][2016-02-09 20:38:26,711][com.java.SeleniumDriver] [  905] - DataField : null
[INFO ][2016-02-09 20:38:26,711][com.java.SeleniumDriver] [  907] - DataValue : 3
[INFO ][2016-02-09 20:38:26,711][com.java.SeleniumDriver] [  913] - <In Set values of the page>
[INFO ][2016-02-09 20:38:26,712][com.java.SeleniumDriver] [  916] - {Data Fields & Data Values Exist}
[INFO ][2016-02-09 20:38:26,712][com.java.SeleniumDriver] [  918] - --------------------------setting values-----------------------------
[INFO ][2016-02-09 20:38:26,712][com.java.SeleniumDriver] [  921] - Action Type : WAITTIME
[DEBUG][2016-02-09 20:38:26,712][com.java.TestType] [ 6561] - sleepTime: 3000
[INFO ][2016-02-09 20:38:29,713][com.java.SeleniumDriver] [  930] -  RESULT true
[INFO ][2016-02-09 20:38:29,713][com.java.SeleniumDriver] [ 1136] - ?   P A S S   ?
[INFO ][2016-02-09 20:38:29,713][com.java.SeleniumDriver] [  856] - ------------------------------------------
[INFO ][2016-02-09 20:38:29,713][com.java.SeleniumDriver] [  857] - Test case being Executed: 4
[INFO ][2016-02-09 20:38:29,713][com.java.SeleniumDriver] [  869] - Test step:34
[INFO ][2016-02-09 20:38:29,713][com.java.SeleniumDriver] [  881] - Datavalue is----------Percentage
[INFO ][2016-02-09 20:38:29,713][com.java.SeleniumDriver] [  905] - DataField : XPH//div[@id="isAlertsContent"]//div[@class="bd-alert ng-scope"][1]//span[@class="pull-right ng-binding"]
[INFO ][2016-02-09 20:38:29,713][com.java.SeleniumDriver] [  907] - DataValue : Percentage
[INFO ][2016-02-09 20:38:29,713][com.java.SeleniumDriver] [  913] - <In Set values of the page>
[INFO ][2016-02-09 20:38:29,713][com.java.SeleniumDriver] [  916] - {Data Fields & Data Values Exist}
[INFO ][2016-02-09 20:38:29,713][com.java.SeleniumDriver] [  918] - --------------------------setting values-----------------------------
[INFO ][2016-02-09 20:38:29,713][com.java.SeleniumDriver] [  921] - Action Type : STOREVALUE
[INFO ][2016-02-09 20:38:29,713][com.java.TestType] [ 9888] - field= XPH//div[@id="isAlertsContent"]//div[@class="bd-alert ng-scope"][1]//span[@class="pull-right ng-binding"]
[DEBUG][2016-02-09 20:38:29,880][com.java.TestType] [ 9943] - Key:: Percentage   Value:: 12.50%
[INFO ][2016-02-09 20:38:29,880][com.java.SeleniumDriver] [  930] -  RESULT true
[INFO ][2016-02-09 20:38:29,880][com.java.SeleniumDriver] [ 1136] - ?   P A S S   ?
[INFO ][2016-02-09 20:38:29,880][com.java.SeleniumDriver] [  856] - ------------------------------------------
[INFO ][2016-02-09 20:38:29,880][com.java.SeleniumDriver] [  857] - Test case being Executed: 4
[INFO ][2016-02-09 20:38:29,880][com.java.SeleniumDriver] [  869] - Test step:35
[INFO ][2016-02-09 20:38:29,880][com.java.SeleniumDriver] [  881] - Datavalue is----------null
[DEBUG][2016-02-09 20:38:29,880][com.java.SeleniumDriver] [  899] - Exception: null
[INFO ][2016-02-09 20:38:29,881][com.java.SeleniumDriver] [  905] - DataField : XPH//div[@id="isAlertsHeading"]//span[@class="glyphicon glyphicon-list-alt"]
[INFO ][2016-02-09 20:38:29,881][com.java.SeleniumDriver] [  907] - DataValue : 
[INFO ][2016-02-09 20:38:29,881][com.java.SeleniumDriver] [  913] - <In Set values of the page>
[INFO ][2016-02-09 20:38:29,881][com.java.SeleniumDriver] [  916] - {Data Fields & Data Values Exist}
[INFO ][2016-02-09 20:38:29,881][com.java.SeleniumDriver] [  918] - --------------------------setting values-----------------------------
[INFO ][2016-02-09 20:38:29,881][com.java.SeleniumDriver] [  921] - Action Type : CLICK
[INFO ][2016-02-09 20:38:29,881][com.java.TestType] [ 7153] - Field ::XPH//div[@id="isAlertsHeading"]//span[@class="glyphicon glyphicon-list-alt"]
[INFO ][2016-02-09 20:38:29,881][com.java.TestType] [ 6752] - value = 
[INFO ][2016-02-09 20:38:30,881][com.java.TestType] [ 7330] - BEFORE CLICK
[INFO ][2016-02-09 20:38:32,160][com.java.TestType] [ 7338] - Unable to click the object Click on the report button
[INFO ][2016-02-09 20:38:32,160][com.java.SeleniumDriver] [  930] -  RESULT true
[INFO ][2016-02-09 20:38:32,160][com.java.SeleniumDriver] [ 1136] - ?   P A S S   ?
[INFO ][2016-02-09 20:38:32,160][com.java.SeleniumDriver] [  856] - ------------------------------------------
[INFO ][2016-02-09 20:38:32,160][com.java.SeleniumDriver] [  857] - Test case being Executed: 4
[INFO ][2016-02-09 20:38:32,160][com.java.SeleniumDriver] [  869] - Test step:36
[INFO ][2016-02-09 20:38:32,160][com.java.SeleniumDriver] [  881] - Datavalue is----------10
[INFO ][2016-02-09 20:38:32,160][com.java.SeleniumDriver] [  905] - DataField : XPH//img[@id='loading']
[INFO ][2016-02-09 20:38:32,160][com.java.SeleniumDriver] [  907] - DataValue : 10
[INFO ][2016-02-09 20:38:32,160][com.java.SeleniumDriver] [  913] - <In Set values of the page>
[INFO ][2016-02-09 20:38:32,160][com.java.SeleniumDriver] [  916] - {Data Fields & Data Values Exist}
[INFO ][2016-02-09 20:38:32,160][com.java.SeleniumDriver] [  918] - --------------------------setting values-----------------------------
[INFO ][2016-02-09 20:38:32,160][com.java.SeleniumDriver] [  921] - Action Type : WaitForElement
[INFO ][2016-02-09 20:38:32,206][com.java.SeleniumDriver] [  930] -  RESULT true
[INFO ][2016-02-09 20:38:32,206][com.java.SeleniumDriver] [ 1136] - ?   P A S S   ?
[INFO ][2016-02-09 20:38:32,206][com.java.SeleniumDriver] [  856] - ------------------------------------------
[INFO ][2016-02-09 20:38:32,206][com.java.SeleniumDriver] [  857] - Test case being Executed: 4
[INFO ][2016-02-09 20:38:32,206][com.java.SeleniumDriver] [  869] - Test step:37
[INFO ][2016-02-09 20:38:32,206][com.java.SeleniumDriver] [  881] - Datavalue is----------90
[INFO ][2016-02-09 20:38:32,206][com.java.SeleniumDriver] [  905] - DataField : XPH//img[@id='loading']
[INFO ][2016-02-09 20:38:32,206][com.java.SeleniumDriver] [  907] - DataValue : 90
[INFO ][2016-02-09 20:38:32,207][com.java.SeleniumDriver] [  913] - <In Set values of the page>
[INFO ][2016-02-09 20:38:32,207][com.java.SeleniumDriver] [  916] - {Data Fields & Data Values Exist}
[INFO ][2016-02-09 20:38:32,207][com.java.SeleniumDriver] [  918] - --------------------------setting values-----------------------------
[INFO ][2016-02-09 20:38:32,207][com.java.SeleniumDriver] [  921] - Action Type : waitForElementNotPresent
[INFO ][2016-02-09 20:38:34,543][com.java.SeleniumDriver] [  930] -  RESULT true
[INFO ][2016-02-09 20:38:34,543][com.java.SeleniumDriver] [ 1136] - ?   P A S S   ?
[INFO ][2016-02-09 20:38:34,543][com.java.SeleniumDriver] [  856] - ------------------------------------------
[INFO ][2016-02-09 20:38:34,543][com.java.SeleniumDriver] [  857] - Test case being Executed: 4
[INFO ][2016-02-09 20:38:34,543][com.java.SeleniumDriver] [  869] - Test step:38
[INFO ][2016-02-09 20:38:34,544][com.java.SeleniumDriver] [  881] - Datavalue is----------BalanceSheet::Change
[INFO ][2016-02-09 20:38:34,544][com.java.SeleniumDriver] [  905] - DataField : PVP//div[contains(text(),'mytext')]/following::td[3]/div
[INFO ][2016-02-09 20:38:34,544][com.java.SeleniumDriver] [  907] - DataValue : BalanceSheet::Change
[INFO ][2016-02-09 20:38:34,544][com.java.SeleniumDriver] [  913] - <In Set values of the page>
[INFO ][2016-02-09 20:38:34,544][com.java.SeleniumDriver] [  916] - {Data Fields & Data Values Exist}
[INFO ][2016-02-09 20:38:34,544][com.java.SeleniumDriver] [  918] - --------------------------setting values-----------------------------
[INFO ][2016-02-09 20:38:34,544][com.java.SeleniumDriver] [  921] - Action Type : VERIFY
[INFO ][2016-02-09 20:38:34,544][com.java.TestType] [ 8386] - field= PVP//div[contains(text(),'mytext')]/following::td[3]/div value= BalanceSheet::Change
[INFO ][2016-02-09 20:38:34,544][com.java.TestType] [ 6752] - value = BalanceSheet::Change
[INFO ][2016-02-09 20:38:34,776][com.java.SeleniumDriver] [  930] -  RESULT true
[INFO ][2016-02-09 20:38:34,776][com.java.SeleniumDriver] [ 1136] - ?   P A S S   ?
[INFO ][2016-02-09 20:38:34,776][com.java.SeleniumDriver] [  856] - ------------------------------------------
[INFO ][2016-02-09 20:38:34,776][com.java.SeleniumDriver] [  857] - Test case being Executed: 4
[INFO ][2016-02-09 20:38:34,776][com.java.SeleniumDriver] [  869] - Test step:39
[INFO ][2016-02-09 20:38:34,776][com.java.SeleniumDriver] [  881] - Datavalue is----------BalanceSheet::Percentage
[INFO ][2016-02-09 20:38:34,776][com.java.SeleniumDriver] [  905] - DataField : PVP//div[contains(text(),'mytext')]/following::td[4]/div
[INFO ][2016-02-09 20:38:34,777][com.java.SeleniumDriver] [  907] - DataValue : BalanceSheet::Percentage
[INFO ][2016-02-09 20:38:34,777][com.java.SeleniumDriver] [  913] - <In Set values of the page>
[INFO ][2016-02-09 20:38:34,777][com.java.SeleniumDriver] [  916] - {Data Fields & Data Values Exist}
[INFO ][2016-02-09 20:38:34,777][com.java.SeleniumDriver] [  918] - --------------------------setting values-----------------------------
[INFO ][2016-02-09 20:38:34,777][com.java.SeleniumDriver] [  921] - Action Type : VERIFY
[INFO ][2016-02-09 20:38:34,777][com.java.TestType] [ 8386] - field= PVP//div[contains(text(),'mytext')]/following::td[4]/div value= BalanceSheet::Percentage
[INFO ][2016-02-09 20:38:34,777][com.java.TestType] [ 6752] - value = BalanceSheet::Percentage
[INFO ][2016-02-09 20:38:35,020][com.java.SeleniumDriver] [  930] -  RESULT false
[INFO ][2016-02-09 20:38:35,020][com.java.SeleniumDriver] [  977] - ?   F A I L   ?
[INFO ][2016-02-09 20:38:35,020][com.java.SeleniumDriver] [  985] - Browser Type : IE10
[INFO ][2016-02-09 20:38:35,020][com.java.SeleniumDriver] [  986] - Adding Failed case4
[INFO ][2016-02-09 20:38:35,226][com.java.SeleniumDriver] [ 1100] - failedCases = 4
[ERROR][2016-02-09 20:38:35,226][com.java.SeleniumDriver] [ 1599] - Platform Errors : Our apologies...::We have encountered an issue with your request.::Our apologies?:We encountered an issue with your request.
[INFO ][2016-02-09 20:38:35,226][com.java.SeleniumDriver] [ 1603] - Length =3
[ERROR][2016-02-09 20:38:35,226][com.java.SeleniumDriver] [ 1606] - Error 0 = Our apologies...
[ERROR][2016-02-09 20:38:35,383][com.java.SeleniumDriver] [ 1606] - Error 1 = We have encountered an issue with your request.
[ERROR][2016-02-09 20:38:35,490][com.java.SeleniumDriver] [ 1606] - Error 2 = Our apologies?:We encountered an issue with your request.
[INFO ][2016-02-09 20:38:35,572][com.java.SeleniumDriver] [ 1617] - strError:
[DEBUG][2016-02-09 20:38:35,587][com.java.SeleniumDriver] [ 1248] - Case found
[DEBUG][2016-02-09 20:38:35,587][com.java.SeleniumDriver] [ 1253] - Incrementing ReportCounters[0]:2
[INFO ][2016-02-09 20:38:35,587][com.java.SeleniumDriver] [ 1272] - The results are-------------------[4, 39, Right Hand Menu: IS Alerts-IS Alerts are showing on hover menu., Fail, 
Test case failed at Step No. :: 39. Screen Shot : D:\BankersDashboard\TestReports\020916\4_020916_203835_IE10.png, Tue Feb 09 20:38:35 IST 2016]
[INFO ][2016-02-09 20:38:35,587][com.java.SeleniumDriver] [ 1276] - End time is-------3 min 0 sec
[INFO ][2016-02-09 20:38:35,587][com.java.SeleniumDriver] [ 1277] - The results are-------------------[4, 39, Right Hand Menu: IS Alerts-IS Alerts are showing on hover menu., Fail, 
Test case failed at Step No. :: 39. Screen Shot : D:\BankersDashboard\TestReports\020916\4_020916_203835_IE10.png, Tue Feb 09 20:38:35 IST 2016]
[DEBUG][2016-02-09 20:38:35,587][com.java.ImportnExport.ExportTestResultsExcel] [  222] - testResultPath = D:\BankersDashboard/TestReports/Test Results_BankersDashBoard_020916_203537_IE10_First Bank.xls
[DEBUG][2016-02-09 20:38:35,587][com.java.ImportnExport.ExportTestResultsExcel] [  223] - browser is------------IE10
[DEBUG][2016-02-09 20:38:35,590][com.java.ImportnExport.ExportTestResultsExcel] [  270] - result.size() = 6
[DEBUG][2016-02-09 20:38:35,590][com.java.ImportnExport.ExportTestResultsExcel] [  274] - No of rows in sheet=2
[DEBUG][2016-02-09 20:38:35,590][com.java.ImportnExport.ExportTestResultsExcel] [  301] - ..in export..4
[DEBUG][2016-02-09 20:38:35,590][com.java.ImportnExport.ExportTestResultsExcel] [  301] - ..in export..Right Hand Menu: IS Alerts-IS Alerts are showing on hover menu.
[DEBUG][2016-02-09 20:38:35,590][com.java.ImportnExport.ExportTestResultsExcel] [  301] - ..in export..Fail
[DEBUG][2016-02-09 20:38:35,590][com.java.ImportnExport.ExportTestResultsExcel] [  301] - ..in export..
Test case failed at Step No. :: 39. Screen Shot : D:\BankersDashboard\TestReports\020916\4_020916_203835_IE10.png
[DEBUG][2016-02-09 20:38:35,590][com.java.ImportnExport.ExportTestResultsExcel] [  301] - ..in export..Tue Feb 09 20:38:35 IST 2016
[INFO ][2016-02-09 20:38:35,591][com.java.SeleniumDriver] [ 1337] - out loop:1 size:3 TestCases:[1, 4, 8] testcases:[1, 4, 8]
[INFO ][2016-02-09 20:38:35,591][com.java.ImportnExport.ImportTestDataDetailsExcel] [   49] - test data details path===== D:\BankersDashboard\TestInputs\TestData.xls
[INFO ][2016-02-09 20:38:56,296][com.java.SeleniumDriver] [  856] - ------------------------------------------
[INFO ][2016-02-09 20:38:56,296][com.java.SeleniumDriver] [  857] - Test case being Executed: 8
[INFO ][2016-02-09 20:38:56,296][com.java.SeleniumDriver] [  869] - Test step:1
[INFO ][2016-02-09 20:38:56,296][com.java.SeleniumDriver] [  881] - Datavalue is----------Logout
[INFO ][2016-02-09 20:38:56,296][com.java.SeleniumDriver] [  905] - DataField : BTN
[INFO ][2016-02-09 20:38:56,296][com.java.SeleniumDriver] [  907] - DataValue : Logout
[INFO ][2016-02-09 20:38:56,296][com.java.SeleniumDriver] [  913] - <In Set values of the page>
[INFO ][2016-02-09 20:38:56,296][com.java.SeleniumDriver] [  916] - {Data Fields & Data Values Exist}
[INFO ][2016-02-09 20:38:56,296][com.java.SeleniumDriver] [  918] - --------------------------setting values-----------------------------
[INFO ][2016-02-09 20:38:56,296][com.java.SeleniumDriver] [  921] - Action Type : Verify
[INFO ][2016-02-09 20:38:56,296][com.java.TestType] [ 8386] - field= BTN value= Logout
[INFO ][2016-02-09 20:38:56,296][com.java.TestType] [ 6752] - value = Logout
[INFO ][2016-02-09 20:38:57,122][com.java.SeleniumDriver] [  930] -  RESULT true
[INFO ][2016-02-09 20:38:57,122][com.java.SeleniumDriver] [ 1136] - ?   P A S S   ?
[INFO ][2016-02-09 20:38:57,122][com.java.SeleniumDriver] [ 1178] - step change to 3
[INFO ][2016-02-09 20:38:57,122][com.java.SeleniumDriver] [  856] - ------------------------------------------
[INFO ][2016-02-09 20:38:57,122][com.java.SeleniumDriver] [  857] - Test case being Executed: 8
[INFO ][2016-02-09 20:38:57,122][com.java.SeleniumDriver] [  869] - Test step:3
[INFO ][2016-02-09 20:38:57,122][com.java.SeleniumDriver] [  881] - Datavalue is----------Concept#2:1-3
[INFO ][2016-02-09 20:38:57,122][com.java.SeleniumDriver] [  905] - DataField : test
[INFO ][2016-02-09 20:38:57,122][com.java.SeleniumDriver] [  907] - DataValue : Concept#2:1-3
[INFO ][2016-02-09 20:38:57,122][com.java.SeleniumDriver] [  913] - <In Set values of the page>
[INFO ][2016-02-09 20:38:57,122][com.java.SeleniumDriver] [  916] - {Data Fields & Data Values Exist}
[INFO ][2016-02-09 20:38:57,122][com.java.SeleniumDriver] [  918] - --------------------------setting values-----------------------------
[INFO ][2016-02-09 20:38:57,122][com.java.SeleniumDriver] [  921] - Action Type : ExecuteTestCase
[INFO ][2016-02-09 20:38:57,123][com.java.TestType] [  448] - The Concept sheet name is ---------- Concept
[INFO ][2016-02-09 20:38:57,123][com.java.TestType] [  451] - The Concept ID  is ---------- 2
[DEBUG][2016-02-09 20:38:57,123][com.java.TestType] [  455] - Steps being executted in the Concept are: 1:3
[INFO ][2016-02-09 20:38:57,123][com.java.TestType] [  462] - Test data details path ---------- D:\BankersDashboard\TestInputs\TestData.xls
[INFO ][2016-02-09 20:38:57,140][com.java.TestType] [  493] -  str(1) = 2
[INFO ][2016-02-09 20:38:57,140][com.java.TestType] [  496] - Test case Id is---2
[INFO ][2016-02-09 20:38:57,140][com.java.TestType] [  498] - 2
[INFO ][2016-02-09 20:38:57,140][com.java.TestType] [  493] -  str(2) = 1
[INFO ][2016-02-09 20:38:57,141][com.java.TestType] [  493] -  str(1) = 2
[INFO ][2016-02-09 20:38:57,142][com.java.TestType] [  496] - Test case Id is---2
[INFO ][2016-02-09 20:38:57,142][com.java.TestType] [  498] - 2
[INFO ][2016-02-09 20:38:57,142][com.java.TestType] [  493] -  str(2) = 2
[INFO ][2016-02-09 20:38:57,142][com.java.TestType] [  493] -  str(1) = 2
[INFO ][2016-02-09 20:38:57,142][com.java.TestType] [  496] - Test case Id is---2
[INFO ][2016-02-09 20:38:57,142][com.java.TestType] [  498] - 2
[INFO ][2016-02-09 20:38:57,142][com.java.TestType] [  493] -  str(2) = 3
[INFO ][2016-02-09 20:38:57,143][com.java.TestType] [12123] - Looping 1TCID = 2
[DEBUG][2016-02-09 20:38:57,144][com.java.TestType] [12164] - Concept ID:2 :: Step being Executed: 2::1
[INFO ][2016-02-09 20:38:57,144][com.java.TestType] [12202] - dataFields : BNK//select[@id='bank']
[DEBUG][2016-02-09 20:38:57,144][com.java.TestType] [12208] - <In Set values of the page>
[DEBUG][2016-02-09 20:38:57,144][com.java.TestType] [12213] - {Data Fields & Data Values Exist}
[INFO ][2016-02-09 20:38:57,144][com.java.TestType] [12219] - --------------------------setting values-----------------------------
[INFO ][2016-02-09 20:38:57,144][com.java.TestType] [12222] - Action Type : Select
[INFO ][2016-02-09 20:38:57,144][com.java.TestType] [ 6752] - value = PFC
[INFO ][2016-02-09 20:38:57,339][com.java.TestType] [12241] -  RESULT true
[INFO ][2016-02-09 20:38:57,340][com.java.TestType] [12358] - ?   P A S S   ?
[DEBUG][2016-02-09 20:38:57,340][com.java.TestType] [12164] - Concept ID:2 :: Step being Executed: 2::2
[INFO ][2016-02-09 20:38:57,340][com.java.TestType] [12202] - dataFields : LNKLogout
[DEBUG][2016-02-09 20:38:57,340][com.java.TestType] [12208] - <In Set values of the page>
[DEBUG][2016-02-09 20:38:57,340][com.java.TestType] [12213] - {Data Fields & Data Values Exist}
[INFO ][2016-02-09 20:38:57,340][com.java.TestType] [12219] - --------------------------setting values-----------------------------
[INFO ][2016-02-09 20:38:57,340][com.java.TestType] [12222] - Action Type : WaitTime
[DEBUG][2016-02-09 20:38:57,340][com.java.TestType] [ 6561] - sleepTime: 5000
[INFO ][2016-02-09 20:39:02,341][com.java.TestType] [12241] -  RESULT true
[INFO ][2016-02-09 20:39:02,341][com.java.TestType] [12358] - ?   P A S S   ?
[DEBUG][2016-02-09 20:39:02,341][com.java.TestType] [12164] - Concept ID:2 :: Step being Executed: 2::3
[INFO ][2016-02-09 20:39:02,341][com.java.TestType] [12202] - dataFields : LNKLogout
[DEBUG][2016-02-09 20:39:02,341][com.java.TestType] [12208] - <In Set values of the page>
[DEBUG][2016-02-09 20:39:02,341][com.java.TestType] [12213] - {Data Fields & Data Values Exist}
[INFO ][2016-02-09 20:39:02,341][com.java.TestType] [12219] - --------------------------setting values-----------------------------
[INFO ][2016-02-09 20:39:02,341][com.java.TestType] [12222] - Action Type : WaitForElement
[INFO ][2016-02-09 20:39:02,748][com.java.TestType] [12241] -  RESULT true
[INFO ][2016-02-09 20:39:02,748][com.java.TestType] [12358] - ?   P A S S   ?
[INFO ][2016-02-09 20:39:02,748][com.java.TestType] [12429] - Looping End......
[INFO ][2016-02-09 20:39:02,750][com.java.SeleniumDriver] [  930] -  RESULT true
[INFO ][2016-02-09 20:39:02,751][com.java.SeleniumDriver] [ 1136] - ?   P A S S   ?
[INFO ][2016-02-09 20:39:02,752][com.java.SeleniumDriver] [  856] - ------------------------------------------
[INFO ][2016-02-09 20:39:02,752][com.java.SeleniumDriver] [  857] - Test case being Executed: 8
[INFO ][2016-02-09 20:39:02,752][com.java.SeleniumDriver] [  869] - Test step:4
[INFO ][2016-02-09 20:39:02,752][com.java.SeleniumDriver] [  881] - Datavalue is----------null
[DEBUG][2016-02-09 20:39:02,752][com.java.SeleniumDriver] [  899] - Exception: null
[INFO ][2016-02-09 20:39:02,752][com.java.SeleniumDriver] [  905] - DataField : //span[@class="icon-cog2"]&&//a[text()='Customize']&&//a[@data-id="TabletAlerts"]
[INFO ][2016-02-09 20:39:02,752][com.java.SeleniumDriver] [  907] - DataValue : 
[INFO ][2016-02-09 20:39:02,752][com.java.SeleniumDriver] [  913] - <In Set values of the page>
[INFO ][2016-02-09 20:39:02,752][com.java.SeleniumDriver] [  916] - {Data Fields & Data Values Exist}
[INFO ][2016-02-09 20:39:02,752][com.java.SeleniumDriver] [  918] - --------------------------setting values-----------------------------
[INFO ][2016-02-09 20:39:02,752][com.java.SeleniumDriver] [  921] - Action Type : MOUSEOVER
[INFO ][2016-02-09 20:39:50,750][com.java.SeleniumDriver] [  930] -  RESULT true
[INFO ][2016-02-09 20:39:50,750][com.java.SeleniumDriver] [ 1136] - ?   P A S S   ?
[INFO ][2016-02-09 20:39:50,751][com.java.SeleniumDriver] [  856] - ------------------------------------------
[INFO ][2016-02-09 20:39:50,751][com.java.SeleniumDriver] [  857] - Test case being Executed: 8
[INFO ][2016-02-09 20:39:50,751][com.java.SeleniumDriver] [  869] - Test step:5
[INFO ][2016-02-09 20:39:50,751][com.java.SeleniumDriver] [  881] - Datavalue is----------My Alerts
[INFO ][2016-02-09 20:39:50,751][com.java.SeleniumDriver] [  905] - DataField : XPH//span[@class='ui-dialog-title']
[INFO ][2016-02-09 20:39:50,751][com.java.SeleniumDriver] [  907] - DataValue : My Alerts
[INFO ][2016-02-09 20:39:50,751][com.java.SeleniumDriver] [  913] - <In Set values of the page>
[INFO ][2016-02-09 20:39:50,751][com.java.SeleniumDriver] [  916] - {Data Fields & Data Values Exist}
[INFO ][2016-02-09 20:39:50,751][com.java.SeleniumDriver] [  918] - --------------------------setting values-----------------------------
[INFO ][2016-02-09 20:39:50,751][com.java.SeleniumDriver] [  921] - Action Type : verify
[INFO ][2016-02-09 20:39:50,751][com.java.TestType] [ 8386] - field= XPH//span[@class='ui-dialog-title'] value= My Alerts
[INFO ][2016-02-09 20:39:50,751][com.java.TestType] [ 6752] - value = My Alerts
[INFO ][2016-02-09 20:39:51,844][com.java.SeleniumDriver] [  930] -  RESULT true
[INFO ][2016-02-09 20:39:51,844][com.java.SeleniumDriver] [ 1136] - ?   P A S S   ?
[INFO ][2016-02-09 20:39:51,844][com.java.SeleniumDriver] [  856] - ------------------------------------------
[INFO ][2016-02-09 20:39:51,844][com.java.SeleniumDriver] [  857] - Test case being Executed: 8
[INFO ][2016-02-09 20:39:51,844][com.java.SeleniumDriver] [  869] - Test step:6
[INFO ][2016-02-09 20:39:51,844][com.java.SeleniumDriver] [  881] - Datavalue is----------null
[DEBUG][2016-02-09 20:39:51,844][com.java.SeleniumDriver] [  899] - Exception: null
[INFO ][2016-02-09 20:39:51,844][com.java.SeleniumDriver] [  905] - DataField : BTNframeDialogContent
[INFO ][2016-02-09 20:39:51,844][com.java.SeleniumDriver] [  907] - DataValue : 
[INFO ][2016-02-09 20:39:51,845][com.java.SeleniumDriver] [  913] - <In Set values of the page>
[INFO ][2016-02-09 20:39:51,845][com.java.SeleniumDriver] [  916] - {Data Fields & Data Values Exist}
[INFO ][2016-02-09 20:39:51,845][com.java.SeleniumDriver] [  918] - --------------------------setting values-----------------------------
[INFO ][2016-02-09 20:39:51,845][com.java.SeleniumDriver] [  921] - Action Type : SELECTFRAME
[INFO ][2016-02-09 20:39:54,263][com.java.SeleniumDriver] [  930] -  RESULT true
[INFO ][2016-02-09 20:39:54,263][com.java.SeleniumDriver] [ 1136] - ?   P A S S   ?
[INFO ][2016-02-09 20:39:54,263][com.java.SeleniumDriver] [  856] - ------------------------------------------
[INFO ][2016-02-09 20:39:54,263][com.java.SeleniumDriver] [  857] - Test case being Executed: 8
[INFO ][2016-02-09 20:39:54,263][com.java.SeleniumDriver] [  869] - Test step:7
[INFO ][2016-02-09 20:39:54,263][com.java.SeleniumDriver] [  881] - Datavalue is----------null
[DEBUG][2016-02-09 20:39:54,263][com.java.SeleniumDriver] [  899] - Exception: null
[INFO ][2016-02-09 20:39:54,263][com.java.SeleniumDriver] [  905] - DataField : XPH//span[contains(text(),'Balance Sheet')]
[INFO ][2016-02-09 20:39:54,263][com.java.SeleniumDriver] [  907] - DataValue : 
[INFO ][2016-02-09 20:39:54,264][com.java.SeleniumDriver] [  913] - <In Set values of the page>
[INFO ][2016-02-09 20:39:54,264][com.java.SeleniumDriver] [  916] - {Data Fields & Data Values Exist}
[INFO ][2016-02-09 20:39:54,264][com.java.SeleniumDriver] [  918] - --------------------------setting values-----------------------------
[INFO ][2016-02-09 20:39:54,264][com.java.SeleniumDriver] [  921] - Action Type : CLICK
[INFO ][2016-02-09 20:39:54,264][com.java.TestType] [ 7153] - Field ::XPH//span[contains(text(),'Balance Sheet')]
[INFO ][2016-02-09 20:39:54,264][com.java.TestType] [ 6752] - value = 
[INFO ][2016-02-09 20:39:55,264][com.java.TestType] [ 7330] - BEFORE CLICK
[INFO ][2016-02-09 20:39:56,323][com.java.TestType] [ 7338] - Unable to click the object BalanceSheet
[INFO ][2016-02-09 20:39:56,323][com.java.SeleniumDriver] [  930] -  RESULT true
[INFO ][2016-02-09 20:39:56,323][com.java.SeleniumDriver] [ 1136] - ?   P A S S   ?
[INFO ][2016-02-09 20:39:56,323][com.java.SeleniumDriver] [  856] - ------------------------------------------
[INFO ][2016-02-09 20:39:56,323][com.java.SeleniumDriver] [  857] - Test case being Executed: 8
[INFO ][2016-02-09 20:39:56,323][com.java.SeleniumDriver] [  869] - Test step:8
[INFO ][2016-02-09 20:39:56,323][com.java.SeleniumDriver] [  881] - Datavalue is----------5
[INFO ][2016-02-09 20:39:56,324][com.java.SeleniumDriver] [  905] - DataField : test
[INFO ][2016-02-09 20:39:56,324][com.java.SeleniumDriver] [  907] - DataValue : 5
[INFO ][2016-02-09 20:39:56,324][com.java.SeleniumDriver] [  913] - <In Set values of the page>
[INFO ][2016-02-09 20:39:56,324][com.java.SeleniumDriver] [  916] - {Data Fields & Data Values Exist}
[INFO ][2016-02-09 20:39:56,324][com.java.SeleniumDriver] [  918] - --------------------------setting values-----------------------------
[INFO ][2016-02-09 20:39:56,324][com.java.SeleniumDriver] [  921] - Action Type : WAITTIME
[DEBUG][2016-02-09 20:39:56,324][com.java.TestType] [ 6561] - sleepTime: 5000
[INFO ][2016-02-09 20:40:01,325][com.java.SeleniumDriver] [  930] -  RESULT true
[INFO ][2016-02-09 20:40:01,325][com.java.SeleniumDriver] [ 1136] - ?   P A S S   ?
[INFO ][2016-02-09 20:40:01,325][com.java.SeleniumDriver] [  856] - ------------------------------------------
[INFO ][2016-02-09 20:40:01,325][com.java.SeleniumDriver] [  857] - Test case being Executed: 8
[INFO ][2016-02-09 20:40:01,325][com.java.SeleniumDriver] [  869] - Test step:9
[INFO ][2016-02-09 20:40:01,325][com.java.SeleniumDriver] [  881] - Datavalue is----------RMD0
[INFO ][2016-02-09 20:40:01,325][com.java.SeleniumDriver] [  905] - DataField : TXT//table[@id="BalSheetTbl"]/tbody//td[4]/input[@class="perVal"]
[INFO ][2016-02-09 20:40:01,325][com.java.SeleniumDriver] [  907] - DataValue : RMD0
[INFO ][2016-02-09 20:40:01,325][com.java.SeleniumDriver] [  913] - <In Set values of the page>
[INFO ][2016-02-09 20:40:01,325][com.java.SeleniumDriver] [  916] - {Data Fields & Data Values Exist}
[INFO ][2016-02-09 20:40:01,325][com.java.SeleniumDriver] [  918] - --------------------------setting values-----------------------------
[INFO ][2016-02-09 20:40:01,325][com.java.SeleniumDriver] [  921] - Action Type : CLEARANDENTER
[INFO ][2016-02-09 20:40:01,492][com.java.TestType] [ 6752] - value = 06
[INFO ][2016-02-09 20:40:01,709][com.java.SeleniumDriver] [  930] -  RESULT true
[INFO ][2016-02-09 20:40:01,709][com.java.SeleniumDriver] [ 1136] - ?   P A S S   ?
[INFO ][2016-02-09 20:40:01,709][com.java.SeleniumDriver] [  856] - ------------------------------------------
[INFO ][2016-02-09 20:40:01,709][com.java.SeleniumDriver] [  857] - Test case being Executed: 8
[INFO ][2016-02-09 20:40:01,709][com.java.SeleniumDriver] [  869] - Test step:10
[INFO ][2016-02-09 20:40:01,709][com.java.SeleniumDriver] [  881] - Datavalue is----------null
[DEBUG][2016-02-09 20:40:01,709][com.java.SeleniumDriver] [  899] - Exception: null
[INFO ][2016-02-09 20:40:01,710][com.java.SeleniumDriver] [  905] - DataField : BTNparent
[INFO ][2016-02-09 20:40:01,710][com.java.SeleniumDriver] [  907] - DataValue : 
[INFO ][2016-02-09 20:40:01,710][com.java.SeleniumDriver] [  913] - <In Set values of the page>
[INFO ][2016-02-09 20:40:01,710][com.java.SeleniumDriver] [  916] - {Data Fields & Data Values Exist}
[INFO ][2016-02-09 20:40:01,710][com.java.SeleniumDriver] [  918] - --------------------------setting values-----------------------------
[INFO ][2016-02-09 20:40:01,710][com.java.SeleniumDriver] [  921] - Action Type : SELECTFRAME
[INFO ][2016-02-09 20:40:01,726][com.java.SeleniumDriver] [  930] -  RESULT true
[INFO ][2016-02-09 20:40:01,726][com.java.SeleniumDriver] [ 1136] - ?   P A S S   ?
[INFO ][2016-02-09 20:40:01,726][com.java.SeleniumDriver] [  856] - ------------------------------------------
[INFO ][2016-02-09 20:40:01,726][com.java.SeleniumDriver] [  857] - Test case being Executed: 8
[INFO ][2016-02-09 20:40:01,726][com.java.SeleniumDriver] [  869] - Test step:11
[INFO ][2016-02-09 20:40:01,726][com.java.SeleniumDriver] [  881] - Datavalue is----------null
[DEBUG][2016-02-09 20:40:01,727][com.java.SeleniumDriver] [  899] - Exception: null
[INFO ][2016-02-09 20:40:01,727][com.java.SeleniumDriver] [  905] - DataField : HDN//span[contains(text(),'Save')]
[INFO ][2016-02-09 20:40:01,727][com.java.SeleniumDriver] [  907] - DataValue : 
[INFO ][2016-02-09 20:40:01,727][com.java.SeleniumDriver] [  913] - <In Set values of the page>
[INFO ][2016-02-09 20:40:01,727][com.java.SeleniumDriver] [  916] - {Data Fields & Data Values Exist}
[INFO ][2016-02-09 20:40:01,727][com.java.SeleniumDriver] [  918] - --------------------------setting values-----------------------------
[INFO ][2016-02-09 20:40:01,727][com.java.SeleniumDriver] [  921] - Action Type : CLICK
[INFO ][2016-02-09 20:40:01,728][com.java.TestType] [ 7153] - Field ::HDN//span[contains(text(),'Save')]
[INFO ][2016-02-09 20:40:01,728][com.java.TestType] [ 6752] - value = 
[INFO ][2016-02-09 20:40:03,084][com.java.SeleniumDriver] [  930] -  RESULT true
[INFO ][2016-02-09 20:40:03,084][com.java.SeleniumDriver] [ 1136] - ?   P A S S   ?
[INFO ][2016-02-09 20:40:03,084][com.java.SeleniumDriver] [  856] - ------------------------------------------
[INFO ][2016-02-09 20:40:03,084][com.java.SeleniumDriver] [  857] - Test case being Executed: 8
[INFO ][2016-02-09 20:40:03,084][com.java.SeleniumDriver] [  869] - Test step:12
[INFO ][2016-02-09 20:40:03,084][com.java.SeleniumDriver] [  881] - Datavalue is----------null
[DEBUG][2016-02-09 20:40:03,084][com.java.SeleniumDriver] [  899] - Exception: null
[INFO ][2016-02-09 20:40:03,084][com.java.SeleniumDriver] [  905] - DataField : XPH//div[@class="menu"]//span[@class='glyphicon glyphicon-bell']
[INFO ][2016-02-09 20:40:03,085][com.java.SeleniumDriver] [  907] - DataValue : 
[INFO ][2016-02-09 20:40:03,085][com.java.SeleniumDriver] [  913] - <In Set values of the page>
[INFO ][2016-02-09 20:40:03,085][com.java.SeleniumDriver] [  916] - {Data Fields & Data Values Exist}
[INFO ][2016-02-09 20:40:03,085][com.java.SeleniumDriver] [  918] - --------------------------setting values-----------------------------
[INFO ][2016-02-09 20:40:03,085][com.java.SeleniumDriver] [  921] - Action Type : CLICK
[INFO ][2016-02-09 20:40:03,085][com.java.TestType] [ 7153] - Field ::XPH//div[@class="menu"]//span[@class='glyphicon glyphicon-bell']
[INFO ][2016-02-09 20:40:03,085][com.java.TestType] [ 6752] - value = 
[INFO ][2016-02-09 20:40:04,085][com.java.TestType] [ 7330] - BEFORE CLICK
[INFO ][2016-02-09 20:40:05,748][com.java.TestType] [ 7338] - Unable to click the object Click on  bell symbol
[INFO ][2016-02-09 20:40:05,748][com.java.SeleniumDriver] [  930] -  RESULT true
[INFO ][2016-02-09 20:40:05,748][com.java.SeleniumDriver] [ 1136] - ?   P A S S   ?
[INFO ][2016-02-09 20:40:05,748][com.java.SeleniumDriver] [  856] - ------------------------------------------
[INFO ][2016-02-09 20:40:05,748][com.java.SeleniumDriver] [  857] - Test case being Executed: 8
[INFO ][2016-02-09 20:40:05,748][com.java.SeleniumDriver] [  869] - Test step:13
[INFO ][2016-02-09 20:40:05,748][com.java.SeleniumDriver] [  881] - Datavalue is----------null
[DEBUG][2016-02-09 20:40:05,748][com.java.SeleniumDriver] [  899] - Exception: null
[INFO ][2016-02-09 20:40:05,748][com.java.SeleniumDriver] [  905] - DataField : XPH//div[contains(@class,'rightMenuContainer')]//div[@class="menu-drawer"]
[INFO ][2016-02-09 20:40:05,748][com.java.SeleniumDriver] [  907] - DataValue : 
[INFO ][2016-02-09 20:40:05,748][com.java.SeleniumDriver] [  913] - <In Set values of the page>
[INFO ][2016-02-09 20:40:05,748][com.java.SeleniumDriver] [  916] - {Data Fields & Data Values Exist}
[INFO ][2016-02-09 20:40:05,748][com.java.SeleniumDriver] [  918] - --------------------------setting values-----------------------------
[INFO ][2016-02-09 20:40:05,749][com.java.SeleniumDriver] [  921] - Action Type : CLICK
[INFO ][2016-02-09 20:40:05,749][com.java.TestType] [ 7153] - Field ::XPH//div[contains(@class,'rightMenuContainer')]//div[@class="menu-drawer"]
[INFO ][2016-02-09 20:40:05,749][com.java.TestType] [ 6752] - value = 
[INFO ][2016-02-09 20:40:06,749][com.java.TestType] [ 7330] - BEFORE CLICK
[INFO ][2016-02-09 20:40:07,816][com.java.TestType] [ 7338] - Unable to click the object Click on the Today's Alert Page
[INFO ][2016-02-09 20:40:07,816][com.java.SeleniumDriver] [  930] -  RESULT true
[INFO ][2016-02-09 20:40:07,816][com.java.SeleniumDriver] [ 1136] - ?   P A S S   ?
[INFO ][2016-02-09 20:40:07,816][com.java.SeleniumDriver] [  856] - ------------------------------------------
[INFO ][2016-02-09 20:40:07,817][com.java.SeleniumDriver] [  857] - Test case being Executed: 8
[INFO ][2016-02-09 20:40:07,818][com.java.SeleniumDriver] [  869] - Test step:14
[INFO ][2016-02-09 20:40:07,818][com.java.SeleniumDriver] [  881] - Datavalue is----------//div[@class="menu-drawer"]//span
[INFO ][2016-02-09 20:40:07,818][com.java.SeleniumDriver] [  905] - DataField : BTN
[INFO ][2016-02-09 20:40:07,818][com.java.SeleniumDriver] [  907] - DataValue : //div[@class="menu-drawer"]//span
[INFO ][2016-02-09 20:40:07,818][com.java.SeleniumDriver] [  913] - <In Set values of the page>
[INFO ][2016-02-09 20:40:07,818][com.java.SeleniumDriver] [  916] - {Data Fields & Data Values Exist}
[INFO ][2016-02-09 20:40:07,818][com.java.SeleniumDriver] [  918] - --------------------------setting values-----------------------------
[INFO ][2016-02-09 20:40:07,818][com.java.SeleniumDriver] [  921] - Action Type : VERIFY
[INFO ][2016-02-09 20:40:07,818][com.java.TestType] [ 8386] - field= BTN value= //div[@class="menu-drawer"]//span
[INFO ][2016-02-09 20:40:07,818][com.java.TestType] [ 6752] - value = //div[@class="menu-drawer"]//span
[INFO ][2016-02-09 20:40:07,931][com.java.SeleniumDriver] [  930] -  RESULT true
[INFO ][2016-02-09 20:40:07,931][com.java.SeleniumDriver] [ 1136] - ?   P A S S   ?
[INFO ][2016-02-09 20:40:07,931][com.java.SeleniumDriver] [  856] - ------------------------------------------
[INFO ][2016-02-09 20:40:07,931][com.java.SeleniumDriver] [  857] - Test case being Executed: 8
[INFO ][2016-02-09 20:40:07,931][com.java.SeleniumDriver] [  869] - Test step:15
[INFO ][2016-02-09 20:40:07,931][com.java.SeleniumDriver] [  881] - Datavalue is----------//div[@id='isAlertsHeading']/h4
[INFO ][2016-02-09 20:40:07,932][com.java.SeleniumDriver] [  905] - DataField : BTN
[INFO ][2016-02-09 20:40:07,932][com.java.SeleniumDriver] [  907] - DataValue : //div[@id='isAlertsHeading']/h4
[INFO ][2016-02-09 20:40:07,932][com.java.SeleniumDriver] [  913] - <In Set values of the page>
[INFO ][2016-02-09 20:40:07,932][com.java.SeleniumDriver] [  916] - {Data Fields & Data Values Exist}
[INFO ][2016-02-09 20:40:07,932][com.java.SeleniumDriver] [  918] - --------------------------setting values-----------------------------
[INFO ][2016-02-09 20:40:07,932][com.java.SeleniumDriver] [  921] - Action Type : VERIFY
[INFO ][2016-02-09 20:40:07,932][com.java.TestType] [ 8386] - field= BTN value= //div[@id='isAlertsHeading']/h4
[INFO ][2016-02-09 20:40:07,932][com.java.TestType] [ 6752] - value = //div[@id='isAlertsHeading']/h4
[INFO ][2016-02-09 20:40:08,043][com.java.SeleniumDriver] [  930] -  RESULT true
[INFO ][2016-02-09 20:40:08,043][com.java.SeleniumDriver] [ 1136] - ?   P A S S   ?
[INFO ][2016-02-09 20:40:08,043][com.java.SeleniumDriver] [  856] - ------------------------------------------
[INFO ][2016-02-09 20:40:08,043][com.java.SeleniumDriver] [  857] - Test case being Executed: 8
[INFO ][2016-02-09 20:40:08,044][com.java.SeleniumDriver] [  869] - Test step:16
[INFO ][2016-02-09 20:40:08,044][com.java.SeleniumDriver] [  881] - Datavalue is----------null
[DEBUG][2016-02-09 20:40:08,044][com.java.SeleniumDriver] [  899] - Exception: null
[INFO ][2016-02-09 20:40:08,044][com.java.SeleniumDriver] [  905] - DataField : XPH//div[@class="panel panel-default ng-scope"]/div[@id='bsAlertsHeading']/h4
[INFO ][2016-02-09 20:40:08,044][com.java.SeleniumDriver] [  907] - DataValue : 
[INFO ][2016-02-09 20:40:08,044][com.java.SeleniumDriver] [  913] - <In Set values of the page>
[INFO ][2016-02-09 20:40:08,044][com.java.SeleniumDriver] [  916] - {Data Fields & Data Values Exist}
[INFO ][2016-02-09 20:40:08,044][com.java.SeleniumDriver] [  918] - --------------------------setting values-----------------------------
[INFO ][2016-02-09 20:40:08,044][com.java.SeleniumDriver] [  921] - Action Type : CLICK
[INFO ][2016-02-09 20:40:08,044][com.java.TestType] [ 7153] - Field ::XPH//div[@class="panel panel-default ng-scope"]/div[@id='bsAlertsHeading']/h4
[INFO ][2016-02-09 20:40:08,044][com.java.TestType] [ 6752] - value = 
[INFO ][2016-02-09 20:40:09,044][com.java.TestType] [ 7330] - BEFORE CLICK
[INFO ][2016-02-09 20:40:10,054][com.java.TestType] [ 7338] - Unable to click the object Click on Income Statement tab
[INFO ][2016-02-09 20:40:10,054][com.java.SeleniumDriver] [  930] -  RESULT true
[INFO ][2016-02-09 20:40:10,054][com.java.SeleniumDriver] [ 1136] - ?   P A S S   ?
[INFO ][2016-02-09 20:40:10,054][com.java.SeleniumDriver] [  856] - ------------------------------------------
[INFO ][2016-02-09 20:40:10,054][com.java.SeleniumDriver] [  857] - Test case being Executed: 8
[INFO ][2016-02-09 20:40:10,054][com.java.SeleniumDriver] [  869] - Test step:17
[INFO ][2016-02-09 20:40:10,054][com.java.SeleniumDriver] [  881] - Datavalue is----------5
[INFO ][2016-02-09 20:40:10,054][com.java.SeleniumDriver] [  905] - DataField : null
[INFO ][2016-02-09 20:40:10,054][com.java.SeleniumDriver] [  907] - DataValue : 5
[INFO ][2016-02-09 20:40:10,054][com.java.SeleniumDriver] [  913] - <In Set values of the page>
[INFO ][2016-02-09 20:40:10,054][com.java.SeleniumDriver] [  916] - {Data Fields & Data Values Exist}
[INFO ][2016-02-09 20:40:10,054][com.java.SeleniumDriver] [  918] - --------------------------setting values-----------------------------
[INFO ][2016-02-09 20:40:10,054][com.java.SeleniumDriver] [  921] - Action Type : WAITTIME
[DEBUG][2016-02-09 20:40:10,055][com.java.TestType] [ 6561] - sleepTime: 5000
[INFO ][2016-02-09 20:40:15,055][com.java.SeleniumDriver] [  930] -  RESULT true
[INFO ][2016-02-09 20:40:15,055][com.java.SeleniumDriver] [ 1136] - ?   P A S S   ?
[INFO ][2016-02-09 20:40:15,055][com.java.SeleniumDriver] [  856] - ------------------------------------------
[INFO ][2016-02-09 20:40:15,055][com.java.SeleniumDriver] [  857] - Test case being Executed: 8
[INFO ][2016-02-09 20:40:15,055][com.java.SeleniumDriver] [  869] - Test step:18
[INFO ][2016-02-09 20:40:15,055][com.java.SeleniumDriver] [  881] - Datavalue is----------//div[@id='bsAlertsContent']//div[@class="ng-binding"]
[INFO ][2016-02-09 20:40:15,055][com.java.SeleniumDriver] [  905] - DataField : BTN
[INFO ][2016-02-09 20:40:15,055][com.java.SeleniumDriver] [  907] - DataValue : //div[@id='bsAlertsContent']//div[@class="ng-binding"]
[INFO ][2016-02-09 20:40:15,055][com.java.SeleniumDriver] [  913] - <In Set values of the page>
[INFO ][2016-02-09 20:40:15,055][com.java.SeleniumDriver] [  916] - {Data Fields & Data Values Exist}
[INFO ][2016-02-09 20:40:15,055][com.java.SeleniumDriver] [  918] - --------------------------setting values-----------------------------
[INFO ][2016-02-09 20:40:15,055][com.java.SeleniumDriver] [  921] - Action Type : VERIFY
[INFO ][2016-02-09 20:40:15,055][com.java.TestType] [ 8386] - field= BTN value= //div[@id='bsAlertsContent']//div[@class="ng-binding"]
[INFO ][2016-02-09 20:40:15,056][com.java.TestType] [ 6752] - value = //div[@id='bsAlertsContent']//div[@class="ng-binding"]
[INFO ][2016-02-09 20:40:15,198][com.java.SeleniumDriver] [  930] -  RESULT true
[INFO ][2016-02-09 20:40:15,198][com.java.SeleniumDriver] [ 1136] - ?   P A S S   ?
[INFO ][2016-02-09 20:40:15,198][com.java.SeleniumDriver] [  856] - ------------------------------------------
[INFO ][2016-02-09 20:40:15,198][com.java.SeleniumDriver] [  857] - Test case being Executed: 8
[INFO ][2016-02-09 20:40:15,198][com.java.SeleniumDriver] [  869] - Test step:19
[INFO ][2016-02-09 20:40:15,198][com.java.SeleniumDriver] [  881] - Datavalue is----------null
[DEBUG][2016-02-09 20:40:15,200][com.java.SeleniumDriver] [  899] - Exception: null
[INFO ][2016-02-09 20:40:15,200][com.java.SeleniumDriver] [  905] - DataField : XPH//div[@class="panel panel-default ng-scope"]/div[@id='bsAlertsHeading']/h4
[INFO ][2016-02-09 20:40:15,200][com.java.SeleniumDriver] [  907] - DataValue : 
[INFO ][2016-02-09 20:40:15,200][com.java.SeleniumDriver] [  913] - <In Set values of the page>
[INFO ][2016-02-09 20:40:15,200][com.java.SeleniumDriver] [  916] - {Data Fields & Data Values Exist}
[INFO ][2016-02-09 20:40:15,200][com.java.SeleniumDriver] [  918] - --------------------------setting values-----------------------------
[INFO ][2016-02-09 20:40:15,200][com.java.SeleniumDriver] [  921] - Action Type : CLICK
[INFO ][2016-02-09 20:40:15,201][com.java.TestType] [ 7153] - Field ::XPH//div[@class="panel panel-default ng-scope"]/div[@id='bsAlertsHeading']/h4
[INFO ][2016-02-09 20:40:15,201][com.java.TestType] [ 6752] - value = 
[INFO ][2016-02-09 20:40:16,201][com.java.TestType] [ 7330] - BEFORE CLICK
[INFO ][2016-02-09 20:40:17,241][com.java.TestType] [ 7338] - Unable to click the object Click on Income Statement tab
[INFO ][2016-02-09 20:40:17,241][com.java.SeleniumDriver] [  930] -  RESULT true
[INFO ][2016-02-09 20:40:17,241][com.java.SeleniumDriver] [ 1136] - ?   P A S S   ?
[INFO ][2016-02-09 20:40:17,241][com.java.SeleniumDriver] [  856] - ------------------------------------------
[INFO ][2016-02-09 20:40:17,241][com.java.SeleniumDriver] [  857] - Test case being Executed: 8
[INFO ][2016-02-09 20:40:17,241][com.java.SeleniumDriver] [  869] - Test step:20
[INFO ][2016-02-09 20:40:17,241][com.java.SeleniumDriver] [  881] - Datavalue is----------//*[@id='bsAlertsContent']/div/div[1]/div[1]
[INFO ][2016-02-09 20:40:17,241][com.java.SeleniumDriver] [  905] - DataField : MSG
[INFO ][2016-02-09 20:40:17,241][com.java.SeleniumDriver] [  907] - DataValue : //*[@id='bsAlertsContent']/div/div[1]/div[1]
[INFO ][2016-02-09 20:40:17,241][com.java.SeleniumDriver] [  913] - <In Set values of the page>
[INFO ][2016-02-09 20:40:17,241][com.java.SeleniumDriver] [  916] - {Data Fields & Data Values Exist}
[INFO ][2016-02-09 20:40:17,241][com.java.SeleniumDriver] [  918] - --------------------------setting values-----------------------------
[INFO ][2016-02-09 20:40:17,241][com.java.SeleniumDriver] [  921] - Action Type : VERIFYNOTPRESENT
[INFO ][2016-02-09 20:40:17,242][com.java.TestType] [10207] - field= MSG value= //*[@id='bsAlertsContent']/div/div[1]/div[1]
[INFO ][2016-02-09 20:40:17,388][com.java.SeleniumDriver] [  930] -  RESULT true
[INFO ][2016-02-09 20:40:17,388][com.java.SeleniumDriver] [ 1136] - ?   P A S S   ?
[INFO ][2016-02-09 20:40:17,388][com.java.SeleniumDriver] [  856] - ------------------------------------------
[INFO ][2016-02-09 20:40:17,388][com.java.SeleniumDriver] [  857] - Test case being Executed: 8
[INFO ][2016-02-09 20:40:17,388][com.java.SeleniumDriver] [  869] - Test step:21
[INFO ][2016-02-09 20:40:17,388][com.java.SeleniumDriver] [  881] - Datavalue is----------5
[INFO ][2016-02-09 20:40:17,388][com.java.SeleniumDriver] [  905] - DataField : null
[INFO ][2016-02-09 20:40:17,388][com.java.SeleniumDriver] [  907] - DataValue : 5
[INFO ][2016-02-09 20:40:17,388][com.java.SeleniumDriver] [  913] - <In Set values of the page>
[INFO ][2016-02-09 20:40:17,388][com.java.SeleniumDriver] [  916] - {Data Fields & Data Values Exist}
[INFO ][2016-02-09 20:40:17,388][com.java.SeleniumDriver] [  918] - --------------------------setting values-----------------------------
[INFO ][2016-02-09 20:40:17,388][com.java.SeleniumDriver] [  921] - Action Type : WAITTIME
[DEBUG][2016-02-09 20:40:17,389][com.java.TestType] [ 6561] - sleepTime: 5000
[INFO ][2016-02-09 20:40:22,390][com.java.SeleniumDriver] [  930] -  RESULT true
[INFO ][2016-02-09 20:40:22,390][com.java.SeleniumDriver] [ 1136] - ?   P A S S   ?
[INFO ][2016-02-09 20:40:22,390][com.java.SeleniumDriver] [  856] - ------------------------------------------
[INFO ][2016-02-09 20:40:22,390][com.java.SeleniumDriver] [  857] - Test case being Executed: 8
[INFO ][2016-02-09 20:40:22,390][com.java.SeleniumDriver] [  869] - Test step:22
[INFO ][2016-02-09 20:40:22,390][com.java.SeleniumDriver] [  881] - Datavalue is----------null
[DEBUG][2016-02-09 20:40:22,390][com.java.SeleniumDriver] [  899] - Exception: null
[INFO ][2016-02-09 20:40:22,390][com.java.SeleniumDriver] [  905] - DataField : HDN//span[@class='glyphicon glyphicon-refresh ng-scope']
[INFO ][2016-02-09 20:40:22,390][com.java.SeleniumDriver] [  907] - DataValue : 
[INFO ][2016-02-09 20:40:22,390][com.java.SeleniumDriver] [  913] - <In Set values of the page>
[INFO ][2016-02-09 20:40:22,390][com.java.SeleniumDriver] [  916] - {Data Fields & Data Values Exist}
[INFO ][2016-02-09 20:40:22,390][com.java.SeleniumDriver] [  918] - --------------------------setting values-----------------------------
[INFO ][2016-02-09 20:40:22,391][com.java.SeleniumDriver] [  921] - Action Type : CLICK
[INFO ][2016-02-09 20:40:22,391][com.java.TestType] [ 7153] - Field ::HDN//span[@class='glyphicon glyphicon-refresh ng-scope']
[INFO ][2016-02-09 20:40:22,391][com.java.TestType] [ 6752] - value = 
[INFO ][2016-02-09 20:40:23,597][com.java.SeleniumDriver] [  930] -  RESULT true
[INFO ][2016-02-09 20:40:23,597][com.java.SeleniumDriver] [ 1136] - ?   P A S S   ?
[INFO ][2016-02-09 20:40:23,597][com.java.SeleniumDriver] [  856] - ------------------------------------------
[INFO ][2016-02-09 20:40:23,597][com.java.SeleniumDriver] [  857] - Test case being Executed: 8
[INFO ][2016-02-09 20:40:23,597][com.java.SeleniumDriver] [  869] - Test step:23
[INFO ][2016-02-09 20:40:23,597][com.java.SeleniumDriver] [  881] - Datavalue is----------15
[INFO ][2016-02-09 20:40:23,597][com.java.SeleniumDriver] [  905] - DataField : null
[INFO ][2016-02-09 20:40:23,597][com.java.SeleniumDriver] [  907] - DataValue : 15
[INFO ][2016-02-09 20:40:23,597][com.java.SeleniumDriver] [  913] - <In Set values of the page>
[INFO ][2016-02-09 20:40:23,597][com.java.SeleniumDriver] [  916] - {Data Fields & Data Values Exist}
[INFO ][2016-02-09 20:40:23,597][com.java.SeleniumDriver] [  918] - --------------------------setting values-----------------------------
[INFO ][2016-02-09 20:40:23,598][com.java.SeleniumDriver] [  921] - Action Type : WAITTIME
[DEBUG][2016-02-09 20:40:23,598][com.java.TestType] [ 6561] - sleepTime: 15000
[INFO ][2016-02-09 20:40:38,600][com.java.SeleniumDriver] [  930] -  RESULT true
[INFO ][2016-02-09 20:40:38,600][com.java.SeleniumDriver] [ 1136] - ?   P A S S   ?
[INFO ][2016-02-09 20:40:38,600][com.java.SeleniumDriver] [  856] - ------------------------------------------
[INFO ][2016-02-09 20:40:38,600][com.java.SeleniumDriver] [  857] - Test case being Executed: 8
[INFO ][2016-02-09 20:40:38,600][com.java.SeleniumDriver] [  869] - Test step:24
[INFO ][2016-02-09 20:40:38,600][com.java.SeleniumDriver] [  881] - Datavalue is----------null
[DEBUG][2016-02-09 20:40:38,600][com.java.SeleniumDriver] [  899] - Exception: null
[INFO ][2016-02-09 20:40:38,600][com.java.SeleniumDriver] [  905] - DataField : XPH//div[@class="panel panel-default ng-scope"]/div[@id='bsAlertsHeading']/h4
[INFO ][2016-02-09 20:40:38,600][com.java.SeleniumDriver] [  907] - DataValue : 
[INFO ][2016-02-09 20:40:38,600][com.java.SeleniumDriver] [  913] - <In Set values of the page>
[INFO ][2016-02-09 20:40:38,600][com.java.SeleniumDriver] [  916] - {Data Fields & Data Values Exist}
[INFO ][2016-02-09 20:40:38,600][com.java.SeleniumDriver] [  918] - --------------------------setting values-----------------------------
[INFO ][2016-02-09 20:40:38,600][com.java.SeleniumDriver] [  921] - Action Type : CLICK
[INFO ][2016-02-09 20:40:38,601][com.java.TestType] [ 7153] - Field ::XPH//div[@class="panel panel-default ng-scope"]/div[@id='bsAlertsHeading']/h4
[INFO ][2016-02-09 20:40:38,601][com.java.TestType] [ 6752] - value = 
[INFO ][2016-02-09 20:40:39,601][com.java.TestType] [ 7330] - BEFORE CLICK
[INFO ][2016-02-09 20:40:40,669][com.java.TestType] [ 7338] - Unable to click the object Click on Income Statement tab
[INFO ][2016-02-09 20:40:40,669][com.java.SeleniumDriver] [  930] -  RESULT true
[INFO ][2016-02-09 20:40:40,669][com.java.SeleniumDriver] [ 1136] - ?   P A S S   ?
[INFO ][2016-02-09 20:40:40,669][com.java.SeleniumDriver] [  856] - ------------------------------------------
[INFO ][2016-02-09 20:40:40,669][com.java.SeleniumDriver] [  857] - Test case being Executed: 8
[INFO ][2016-02-09 20:40:40,669][com.java.SeleniumDriver] [  869] - Test step:25
[INFO ][2016-02-09 20:40:40,669][com.java.SeleniumDriver] [  881] - Datavalue is----------3
[INFO ][2016-02-09 20:40:40,669][com.java.SeleniumDriver] [  905] - DataField : null
[INFO ][2016-02-09 20:40:40,669][com.java.SeleniumDriver] [  907] - DataValue : 3
[INFO ][2016-02-09 20:40:40,669][com.java.SeleniumDriver] [  913] - <In Set values of the page>
[INFO ][2016-02-09 20:40:40,669][com.java.SeleniumDriver] [  916] - {Data Fields & Data Values Exist}
[INFO ][2016-02-09 20:40:40,669][com.java.SeleniumDriver] [  918] - --------------------------setting values-----------------------------
[INFO ][2016-02-09 20:40:40,669][com.java.SeleniumDriver] [  921] - Action Type : WAITTIME
[DEBUG][2016-02-09 20:40:40,670][com.java.TestType] [ 6561] - sleepTime: 3000
[INFO ][2016-02-09 20:40:43,670][com.java.SeleniumDriver] [  930] -  RESULT true
[INFO ][2016-02-09 20:40:43,670][com.java.SeleniumDriver] [ 1136] - ?   P A S S   ?
[INFO ][2016-02-09 20:40:43,670][com.java.SeleniumDriver] [  856] - ------------------------------------------
[INFO ][2016-02-09 20:40:43,670][com.java.SeleniumDriver] [  857] - Test case being Executed: 8
[INFO ][2016-02-09 20:40:43,670][com.java.SeleniumDriver] [  869] - Test step:26
[INFO ][2016-02-09 20:40:43,670][com.java.SeleniumDriver] [  881] - Datavalue is----------numberofupdatesbeforerefreshing
[INFO ][2016-02-09 20:40:43,670][com.java.SeleniumDriver] [  905] - DataField : XPH//div[@id="bsAlertsHeading"]//span[@class="badge pull-right ng-binding"]
[INFO ][2016-02-09 20:40:43,670][com.java.SeleniumDriver] [  907] - DataValue : numberofupdatesbeforerefreshing
[INFO ][2016-02-09 20:40:43,670][com.java.SeleniumDriver] [  913] - <In Set values of the page>
[INFO ][2016-02-09 20:40:43,670][com.java.SeleniumDriver] [  916] - {Data Fields & Data Values Exist}
[INFO ][2016-02-09 20:40:43,670][com.java.SeleniumDriver] [  918] - --------------------------setting values-----------------------------
[INFO ][2016-02-09 20:40:43,670][com.java.SeleniumDriver] [  921] - Action Type : STOREVALUE
[INFO ][2016-02-09 20:40:43,671][com.java.TestType] [ 9888] - field= XPH//div[@id="bsAlertsHeading"]//span[@class="badge pull-right ng-binding"]
[DEBUG][2016-02-09 20:40:43,886][com.java.TestType] [ 9943] - Key:: numberofupdatesbeforerefreshing   Value:: 3
[INFO ][2016-02-09 20:40:43,886][com.java.SeleniumDriver] [  930] -  RESULT true
[INFO ][2016-02-09 20:40:43,886][com.java.SeleniumDriver] [ 1136] - ?   P A S S   ?
[INFO ][2016-02-09 20:40:43,886][com.java.SeleniumDriver] [  856] - ------------------------------------------
[INFO ][2016-02-09 20:40:43,886][com.java.SeleniumDriver] [  857] - Test case being Executed: 8
[INFO ][2016-02-09 20:40:43,886][com.java.SeleniumDriver] [  869] - Test step:27
[INFO ][2016-02-09 20:40:43,886][com.java.SeleniumDriver] [  881] - Datavalue is----------HMVnumberofupdatesbeforerefreshing
[INFO ][2016-02-09 20:40:43,886][com.java.SeleniumDriver] [  905] - DataField : TAL//div[@id="bsAlertsContent"]//div[@class="bd-alert ng-scope"]
[INFO ][2016-02-09 20:40:43,886][com.java.SeleniumDriver] [  907] - DataValue : HMVnumberofupdatesbeforerefreshing
[INFO ][2016-02-09 20:40:43,886][com.java.SeleniumDriver] [  913] - <In Set values of the page>
[INFO ][2016-02-09 20:40:43,886][com.java.SeleniumDriver] [  916] - {Data Fields & Data Values Exist}
[INFO ][2016-02-09 20:40:43,886][com.java.SeleniumDriver] [  918] - --------------------------setting values-----------------------------
[INFO ][2016-02-09 20:40:43,887][com.java.SeleniumDriver] [  921] - Action Type : VERIFY
[INFO ][2016-02-09 20:40:43,887][com.java.TestType] [ 8386] - field= TAL//div[@id="bsAlertsContent"]//div[@class="bd-alert ng-scope"] value= HMVnumberofupdatesbeforerefreshing
[INFO ][2016-02-09 20:40:43,887][com.java.TestType] [ 6752] - value = 3
[INFO ][2016-02-09 20:40:43,941][com.java.SeleniumDriver] [  930] -  RESULT true
[INFO ][2016-02-09 20:40:43,941][com.java.SeleniumDriver] [ 1136] - ?   P A S S   ?
[INFO ][2016-02-09 20:40:43,941][com.java.SeleniumDriver] [  856] - ------------------------------------------
[INFO ][2016-02-09 20:40:43,942][com.java.SeleniumDriver] [  857] - Test case being Executed: 8
[INFO ][2016-02-09 20:40:43,942][com.java.SeleniumDriver] [  869] - Test step:28
[INFO ][2016-02-09 20:40:43,942][com.java.SeleniumDriver] [  881] - Datavalue is----------BalanceSheet
[INFO ][2016-02-09 20:40:43,942][com.java.SeleniumDriver] [  905] - DataField : XPH//div[@id="bsAlertsContent"]//div[@class="bd-alert ng-scope"][1]/div[@class="ng-binding"]
[INFO ][2016-02-09 20:40:43,942][com.java.SeleniumDriver] [  907] - DataValue : BalanceSheet
[INFO ][2016-02-09 20:40:43,942][com.java.SeleniumDriver] [  913] - <In Set values of the page>
[INFO ][2016-02-09 20:40:43,942][com.java.SeleniumDriver] [  916] - {Data Fields & Data Values Exist}
[INFO ][2016-02-09 20:40:43,942][com.java.SeleniumDriver] [  918] - --------------------------setting values-----------------------------
[INFO ][2016-02-09 20:40:43,942][com.java.SeleniumDriver] [  921] - Action Type : STOREVALUE
[INFO ][2016-02-09 20:40:43,942][com.java.TestType] [ 9888] - field= XPH//div[@id="bsAlertsContent"]//div[@class="bd-alert ng-scope"][1]/div[@class="ng-binding"]
[DEBUG][2016-02-09 20:40:44,116][com.java.TestType] [ 9943] - Key:: BalanceSheet   Value:: 
[INFO ][2016-02-09 20:40:44,116][com.java.SeleniumDriver] [  930] -  RESULT true
[INFO ][2016-02-09 20:40:44,116][com.java.SeleniumDriver] [ 1136] - ?   P A S S   ?
[INFO ][2016-02-09 20:40:44,116][com.java.SeleniumDriver] [  856] - ------------------------------------------
[INFO ][2016-02-09 20:40:44,116][com.java.SeleniumDriver] [  857] - Test case being Executed: 8
[INFO ][2016-02-09 20:40:44,116][com.java.SeleniumDriver] [  869] - Test step:29
[INFO ][2016-02-09 20:40:44,116][com.java.SeleniumDriver] [  881] - Datavalue is----------Change
[INFO ][2016-02-09 20:40:44,116][com.java.SeleniumDriver] [  905] - DataField : XPH//div[@id="bsAlertsContent"]//div[@class="bd-alert ng-scope"][1]//span[@ class="ng-binding"]
[INFO ][2016-02-09 20:40:44,116][com.java.SeleniumDriver] [  907] - DataValue : Change
[INFO ][2016-02-09 20:40:44,116][com.java.SeleniumDriver] [  913] - <In Set values of the page>
[INFO ][2016-02-09 20:40:44,116][com.java.SeleniumDriver] [  916] - {Data Fields & Data Values Exist}
[INFO ][2016-02-09 20:40:44,117][com.java.SeleniumDriver] [  918] - --------------------------setting values-----------------------------
[INFO ][2016-02-09 20:40:44,117][com.java.SeleniumDriver] [  921] - Action Type : STOREVALUE
[INFO ][2016-02-09 20:40:44,117][com.java.TestType] [ 9888] - field= XPH//div[@id="bsAlertsContent"]//div[@class="bd-alert ng-scope"][1]//span[@ class="ng-binding"]
[DEBUG][2016-02-09 20:40:44,299][com.java.TestType] [ 9943] - Key:: Change   Value:: 
[INFO ][2016-02-09 20:40:44,299][com.java.SeleniumDriver] [  930] -  RESULT true
[INFO ][2016-02-09 20:40:44,299][com.java.SeleniumDriver] [ 1136] - ?   P A S S   ?
[INFO ][2016-02-09 20:40:44,299][com.java.SeleniumDriver] [  856] - ------------------------------------------
[INFO ][2016-02-09 20:40:44,299][com.java.SeleniumDriver] [  857] - Test case being Executed: 8
[INFO ][2016-02-09 20:40:44,299][com.java.SeleniumDriver] [  869] - Test step:30
[INFO ][2016-02-09 20:40:44,299][com.java.SeleniumDriver] [  881] - Datavalue is----------Percentage
[INFO ][2016-02-09 20:40:44,299][com.java.SeleniumDriver] [  905] - DataField : XPH//div[@id="bsAlertsContent"]//div[@class="bd-alert ng-scope"][1]//span[@class="pull-right ng-binding"]
[INFO ][2016-02-09 20:40:44,299][com.java.SeleniumDriver] [  907] - DataValue : Percentage
[INFO ][2016-02-09 20:40:44,300][com.java.SeleniumDriver] [  913] - <In Set values of the page>
[INFO ][2016-02-09 20:40:44,300][com.java.SeleniumDriver] [  916] - {Data Fields & Data Values Exist}
[INFO ][2016-02-09 20:40:44,300][com.java.SeleniumDriver] [  918] - --------------------------setting values-----------------------------
[INFO ][2016-02-09 20:40:44,300][com.java.SeleniumDriver] [  921] - Action Type : STOREVALUE
[INFO ][2016-02-09 20:40:44,300][com.java.TestType] [ 9888] - field= XPH//div[@id="bsAlertsContent"]//div[@class="bd-alert ng-scope"][1]//span[@class="pull-right ng-binding"]
[DEBUG][2016-02-09 20:40:44,483][com.java.TestType] [ 9943] - Key:: Percentage   Value:: 
[INFO ][2016-02-09 20:40:44,483][com.java.SeleniumDriver] [  930] -  RESULT true
[INFO ][2016-02-09 20:40:44,483][com.java.SeleniumDriver] [ 1136] - ?   P A S S   ?
[INFO ][2016-02-09 20:40:44,483][com.java.SeleniumDriver] [  856] - ------------------------------------------
[INFO ][2016-02-09 20:40:44,483][com.java.SeleniumDriver] [  857] - Test case being Executed: 8
[INFO ][2016-02-09 20:40:44,483][com.java.SeleniumDriver] [  869] - Test step:31
[INFO ][2016-02-09 20:40:44,483][com.java.SeleniumDriver] [  881] - Datavalue is----------null
[DEBUG][2016-02-09 20:40:44,483][com.java.SeleniumDriver] [  899] - Exception: null
[INFO ][2016-02-09 20:40:44,484][com.java.SeleniumDriver] [  905] - DataField : XPH//span[@class="glyphicon glyphicon-list-alt"]
[INFO ][2016-02-09 20:40:44,484][com.java.SeleniumDriver] [  907] - DataValue : 
[INFO ][2016-02-09 20:40:44,484][com.java.SeleniumDriver] [  913] - <In Set values of the page>
[INFO ][2016-02-09 20:40:44,484][com.java.SeleniumDriver] [  916] - {Data Fields & Data Values Exist}
[INFO ][2016-02-09 20:40:44,484][com.java.SeleniumDriver] [  918] - --------------------------setting values-----------------------------
[INFO ][2016-02-09 20:40:44,484][com.java.SeleniumDriver] [  921] - Action Type : CLICK
[INFO ][2016-02-09 20:40:44,484][com.java.TestType] [ 7153] - Field ::XPH//span[@class="glyphicon glyphicon-list-alt"]
[INFO ][2016-02-09 20:40:44,484][com.java.TestType] [ 6752] - value = 
[INFO ][2016-02-09 20:40:45,484][com.java.TestType] [ 7330] - BEFORE CLICK
[INFO ][2016-02-09 20:40:46,788][com.java.TestType] [ 7338] - Unable to click the object Click on the report button
[INFO ][2016-02-09 20:40:46,788][com.java.SeleniumDriver] [  930] -  RESULT true
[INFO ][2016-02-09 20:40:46,788][com.java.SeleniumDriver] [ 1136] - ?   P A S S   ?
[INFO ][2016-02-09 20:40:46,788][com.java.SeleniumDriver] [  856] - ------------------------------------------
[INFO ][2016-02-09 20:40:46,788][com.java.SeleniumDriver] [  857] - Test case being Executed: 8
[INFO ][2016-02-09 20:40:46,788][com.java.SeleniumDriver] [  869] - Test step:32
[INFO ][2016-02-09 20:40:46,788][com.java.SeleniumDriver] [  881] - Datavalue is----------10
[INFO ][2016-02-09 20:40:46,788][com.java.SeleniumDriver] [  905] - DataField : XPH//img[@id='loading']
[INFO ][2016-02-09 20:40:46,788][com.java.SeleniumDriver] [  907] - DataValue : 10
[INFO ][2016-02-09 20:40:46,788][com.java.SeleniumDriver] [  913] - <In Set values of the page>
[INFO ][2016-02-09 20:40:46,788][com.java.SeleniumDriver] [  916] - {Data Fields & Data Values Exist}
[INFO ][2016-02-09 20:40:46,788][com.java.SeleniumDriver] [  918] - --------------------------setting values-----------------------------
[INFO ][2016-02-09 20:40:46,788][com.java.SeleniumDriver] [  921] - Action Type : WaitForElement
[INFO ][2016-02-09 20:40:46,824][com.java.SeleniumDriver] [  930] -  RESULT true
[INFO ][2016-02-09 20:40:46,824][com.java.SeleniumDriver] [ 1136] - ?   P A S S   ?
[INFO ][2016-02-09 20:40:46,824][com.java.SeleniumDriver] [  856] - ------------------------------------------
[INFO ][2016-02-09 20:40:46,824][com.java.SeleniumDriver] [  857] - Test case being Executed: 8
[INFO ][2016-02-09 20:40:46,824][com.java.SeleniumDriver] [  869] - Test step:33
[INFO ][2016-02-09 20:40:46,824][com.java.SeleniumDriver] [  881] - Datavalue is----------90
[INFO ][2016-02-09 20:40:46,824][com.java.SeleniumDriver] [  905] - DataField : XPH//img[@id='loading']
[INFO ][2016-02-09 20:40:46,825][com.java.SeleniumDriver] [  907] - DataValue : 90
[INFO ][2016-02-09 20:40:46,825][com.java.SeleniumDriver] [  913] - <In Set values of the page>
[INFO ][2016-02-09 20:40:46,825][com.java.SeleniumDriver] [  916] - {Data Fields & Data Values Exist}
[INFO ][2016-02-09 20:40:46,825][com.java.SeleniumDriver] [  918] - --------------------------setting values-----------------------------
[INFO ][2016-02-09 20:40:46,825][com.java.SeleniumDriver] [  921] - Action Type : waitForElementNotPresent
[INFO ][2016-02-09 20:40:49,078][com.java.SeleniumDriver] [  930] -  RESULT true
[INFO ][2016-02-09 20:40:49,078][com.java.SeleniumDriver] [ 1136] - ?   P A S S   ?
[INFO ][2016-02-09 20:40:49,078][com.java.SeleniumDriver] [  856] - ------------------------------------------
[INFO ][2016-02-09 20:40:49,078][com.java.SeleniumDriver] [  857] - Test case being Executed: 8
[INFO ][2016-02-09 20:40:49,078][com.java.SeleniumDriver] [  869] - Test step:34
[INFO ][2016-02-09 20:40:49,078][com.java.SeleniumDriver] [  881] - Datavalue is----------15
[INFO ][2016-02-09 20:40:49,078][com.java.SeleniumDriver] [  905] - DataField : null
[INFO ][2016-02-09 20:40:49,078][com.java.SeleniumDriver] [  907] - DataValue : 15
[INFO ][2016-02-09 20:40:49,078][com.java.SeleniumDriver] [  913] - <In Set values of the page>
[INFO ][2016-02-09 20:40:49,079][com.java.SeleniumDriver] [  916] - {Data Fields & Data Values Exist}
[INFO ][2016-02-09 20:40:49,079][com.java.SeleniumDriver] [  918] - --------------------------setting values-----------------------------
[INFO ][2016-02-09 20:40:49,079][com.java.SeleniumDriver] [  921] - Action Type : WAITTIME
[DEBUG][2016-02-09 20:40:49,079][com.java.TestType] [ 6561] - sleepTime: 15000
[INFO ][2016-02-09 20:41:04,080][com.java.SeleniumDriver] [  930] -  RESULT true
[INFO ][2016-02-09 20:41:04,080][com.java.SeleniumDriver] [ 1136] - ?   P A S S   ?
[INFO ][2016-02-09 20:41:04,080][com.java.SeleniumDriver] [  856] - ------------------------------------------
[INFO ][2016-02-09 20:41:04,080][com.java.SeleniumDriver] [  857] - Test case being Executed: 8
[INFO ][2016-02-09 20:41:04,080][com.java.SeleniumDriver] [  869] - Test step:35
[INFO ][2016-02-09 20:41:04,080][com.java.SeleniumDriver] [  881] - Datavalue is----------BalanceSheet::Change
[INFO ][2016-02-09 20:41:04,080][com.java.SeleniumDriver] [  905] - DataField : PVP//div[contains(text(),'mytext')]/following::td[3]/div
[INFO ][2016-02-09 20:41:04,080][com.java.SeleniumDriver] [  907] - DataValue : BalanceSheet::Change
[INFO ][2016-02-09 20:41:04,080][com.java.SeleniumDriver] [  913] - <In Set values of the page>
[INFO ][2016-02-09 20:41:04,080][com.java.SeleniumDriver] [  916] - {Data Fields & Data Values Exist}
[INFO ][2016-02-09 20:41:04,080][com.java.SeleniumDriver] [  918] - --------------------------setting values-----------------------------
[INFO ][2016-02-09 20:41:04,080][com.java.SeleniumDriver] [  921] - Action Type : VERIFY
[INFO ][2016-02-09 20:41:04,080][com.java.TestType] [ 8386] - field= PVP//div[contains(text(),'mytext')]/following::td[3]/div value= BalanceSheet::Change
[INFO ][2016-02-09 20:41:04,081][com.java.TestType] [ 6752] - value = BalanceSheet::Change
[INFO ][2016-02-09 20:41:06,675][com.java.SeleniumDriver] [  930] -  RESULT true
[INFO ][2016-02-09 20:41:06,675][com.java.SeleniumDriver] [ 1136] - ?   P A S S   ?
[INFO ][2016-02-09 20:41:06,675][com.java.SeleniumDriver] [  856] - ------------------------------------------
[INFO ][2016-02-09 20:41:06,675][com.java.SeleniumDriver] [  857] - Test case being Executed: 8
[INFO ][2016-02-09 20:41:06,675][com.java.SeleniumDriver] [  869] - Test step:36
[INFO ][2016-02-09 20:41:06,675][com.java.SeleniumDriver] [  881] - Datavalue is----------BalanceSheet::Percentage
[INFO ][2016-02-09 20:41:06,675][com.java.SeleniumDriver] [  905] - DataField : PVP//div[contains(text(),'mytext')]/following::td[4]/div
[INFO ][2016-02-09 20:41:06,675][com.java.SeleniumDriver] [  907] - DataValue : BalanceSheet::Percentage
[INFO ][2016-02-09 20:41:06,675][com.java.SeleniumDriver] [  913] - <In Set values of the page>
[INFO ][2016-02-09 20:41:06,676][com.java.SeleniumDriver] [  916] - {Data Fields & Data Values Exist}
[INFO ][2016-02-09 20:41:06,676][com.java.SeleniumDriver] [  918] - --------------------------setting values-----------------------------
[INFO ][2016-02-09 20:41:06,676][com.java.SeleniumDriver] [  921] - Action Type : VERIFY
[INFO ][2016-02-09 20:41:06,676][com.java.TestType] [ 8386] - field= PVP//div[contains(text(),'mytext')]/following::td[4]/div value= BalanceSheet::Percentage
[INFO ][2016-02-09 20:41:06,676][com.java.TestType] [ 6752] - value = BalanceSheet::Percentage
[DEBUG][2016-02-09 20:41:06,676][com.java.TestType] [ 9591] - Exception: BalanceSheet::Percentage
[DEBUG][2016-02-09 20:41:06,676][com.java.TestType] [ 9594] - Element not replaced::BalanceSheet::Percentage
[INFO ][2016-02-09 20:41:06,676][com.java.SeleniumDriver] [  930] -  RESULT false
[INFO ][2016-02-09 20:41:06,676][com.java.SeleniumDriver] [  977] - ?   F A I L   ?
[INFO ][2016-02-09 20:41:06,676][com.java.SeleniumDriver] [  985] - Browser Type : IE10
[INFO ][2016-02-09 20:41:06,676][com.java.SeleniumDriver] [  986] - Adding Failed case8
[INFO ][2016-02-09 20:41:06,853][com.java.SeleniumDriver] [ 1100] - failedCases = 4,8
[ERROR][2016-02-09 20:41:06,853][com.java.SeleniumDriver] [ 1599] - Platform Errors : Our apologies...::We have encountered an issue with your request.::Our apologies?:We encountered an issue with your request.
[INFO ][2016-02-09 20:41:06,853][com.java.SeleniumDriver] [ 1603] - Length =3
[ERROR][2016-02-09 20:41:06,854][com.java.SeleniumDriver] [ 1606] - Error 0 = Our apologies...
[ERROR][2016-02-09 20:41:07,022][com.java.SeleniumDriver] [ 1606] - Error 1 = We have encountered an issue with your request.
[ERROR][2016-02-09 20:41:07,179][com.java.SeleniumDriver] [ 1606] - Error 2 = Our apologies?:We encountered an issue with your request.
[INFO ][2016-02-09 20:41:07,265][com.java.SeleniumDriver] [ 1617] - strError:
[DEBUG][2016-02-09 20:41:07,280][com.java.SeleniumDriver] [ 1248] - Case found
[DEBUG][2016-02-09 20:41:07,280][com.java.SeleniumDriver] [ 1253] - Incrementing ReportCounters[0]:3
[INFO ][2016-02-09 20:41:07,280][com.java.SeleniumDriver] [ 1272] - The results are-------------------[8, 36, Right Hand Menu: BS Alerts-BS Alerts data correctness, Fail, 
Test case failed at Step No. :: 36   Error Message ::  Element not replaced::BalanceSheet::Percentage. Screen Shot : D:\BankersDashboard\TestReports\020916\8_020916_204106_IE10.png, Tue Feb 09 20:41:07 IST 2016]
[INFO ][2016-02-09 20:41:07,280][com.java.SeleniumDriver] [ 1276] - End time is-------5 min 32 sec
[INFO ][2016-02-09 20:41:07,280][com.java.SeleniumDriver] [ 1277] - The results are-------------------[8, 36, Right Hand Menu: BS Alerts-BS Alerts data correctness, Fail, 
Test case failed at Step No. :: 36   Error Message ::  Element not replaced::BalanceSheet::Percentage. Screen Shot : D:\BankersDashboard\TestReports\020916\8_020916_204106_IE10.png, Tue Feb 09 20:41:07 IST 2016]
[DEBUG][2016-02-09 20:41:07,280][com.java.ImportnExport.ExportTestResultsExcel] [  222] - testResultPath = D:\BankersDashboard/TestReports/Test Results_BankersDashBoard_020916_203537_IE10_First Bank.xls
[DEBUG][2016-02-09 20:41:07,280][com.java.ImportnExport.ExportTestResultsExcel] [  223] - browser is------------IE10
[DEBUG][2016-02-09 20:41:07,283][com.java.ImportnExport.ExportTestResultsExcel] [  270] - result.size() = 6
[DEBUG][2016-02-09 20:41:07,283][com.java.ImportnExport.ExportTestResultsExcel] [  274] - No of rows in sheet=3
[DEBUG][2016-02-09 20:41:07,283][com.java.ImportnExport.ExportTestResultsExcel] [  301] - ..in export..8
[DEBUG][2016-02-09 20:41:07,283][com.java.ImportnExport.ExportTestResultsExcel] [  301] - ..in export..Right Hand Menu: BS Alerts-BS Alerts data correctness
[DEBUG][2016-02-09 20:41:07,283][com.java.ImportnExport.ExportTestResultsExcel] [  301] - ..in export..Fail
[DEBUG][2016-02-09 20:41:07,283][com.java.ImportnExport.ExportTestResultsExcel] [  301] - ..in export..
Test case failed at Step No. :: 36   Error Message ::  Element not replaced::BalanceSheet::Percentage. Screen Shot : D:\BankersDashboard\TestReports\020916\8_020916_204106_IE10.png
[DEBUG][2016-02-09 20:41:07,283][com.java.ImportnExport.ExportTestResultsExcel] [  301] - ..in export..Tue Feb 09 20:41:07 IST 2016
[INFO ][2016-02-09 20:41:07,285][com.java.SeleniumDriver] [ 1337] - out loop:2 size:3 TestCases:[1, 4, 8] testcases:[1, 4, 8]
[INFO ][2016-02-09 20:41:09,286][com.java.SeleniumDriver] [ 1380] - Total Number of Cases:3
[INFO ][2016-02-09 20:41:09,286][com.java.TemplateGenerator] [  302] - Executed:3
[INFO ][2016-02-09 20:41:09,286][com.java.TemplateGenerator] [  303] - Passed:1
[INFO ][2016-02-09 20:41:09,286][com.java.TemplateGenerator] [  304] - Failed:2
[INFO ][2016-02-09 20:41:09,286][com.java.TemplateGenerator] [  305] - Skipeed:0
[INFO ][2016-02-09 20:41:09,286][com.java.TemplateGenerator] [  306] - Application URL:https://clients-xuat.bankersdashboard.com
[INFO ][2016-02-09 20:41:09,286][com.java.TemplateGenerator] [  307] - Start Time:020916_203537
[INFO ][2016-02-09 20:41:09,286][com.java.TemplateGenerator] [  308] -  Creating HTML Report 
[ERROR][2016-02-09 20:41:09,287][com.java.TemplateGenerator] [  409] - Unparseable date: "Tue Feb 09 08:35:37 IST 2016"
[INFO ][2016-02-09 20:41:09,287][com.java.TemplateGenerator] [  654] -  Exporting case :: 1
[INFO ][2016-02-09 20:41:09,287][com.java.TemplateGenerator] [  654] -  Exporting case :: 4
[INFO ][2016-02-09 20:41:09,287][com.java.TemplateGenerator] [  654] -  Exporting case :: 8
[INFO ][2016-02-09 20:41:09,295][com.java.SeleniumDriver] [ 1429] - End Time:020916_204109
[INFO ][2016-02-09 20:41:09,295][com.java.SeleniumDriver] [ 1432] - Data in Test Execution Details:{1=PASS, 4=FAILTest case failed at Step No. :: 39, 8=FAILTest case failed at Step No. :: 36   Error Message ::  Element not replaced::BalanceSheet::Percentage}
[INFO ][2016-02-09 20:41:09,295][com.java.SeleniumDriver] [ 1433] - Data in Failed Execution Deatils:{}
[INFO ][2016-02-09 20:41:09,296][com.java.SeleniumDriver] [ 1435] - ReportCounter:Total:3 :: PASS: 1 ::FAIL: 2
[INFO ][2016-02-09 20:41:09,296][com.java.SeleniumDriver] [ 1436] - FailedReportCounter:Total:0 :: PASS: 0 ::FAIL: 0
[INFO ][2016-02-09 20:41:09,302][com.java.EmailTestReport] [   63] - Sending report mail details:
[INFO ][2016-02-09 20:41:09,302][com.java.EmailTestReport] [   80] - Excel Report Path:D:\BankersDashboard/TestReports/Test Results_BankersDashBoard_020916_203537_IE10_First Bank.xls
[INFO ][2016-02-09 20:41:09,302][com.java.EmailTestReport] [   81] - HTML Report Path:D:\BankersDashboard//TestReports//Test Results_BankersDashBoard_020916_203537_IE10_First Bank.html
[INFO ][2016-02-09 20:41:09,302][com.java.EmailTestReport] [   82] - smtpHostName:mail01.valuelabs.com
[INFO ][2016-02-09 20:41:09,302][com.java.EmailTestReport] [   83] - Recipient:venkateswararao.gubbala@valuelabs.com;
[INFO ][2016-02-09 20:41:09,302][com.java.EmailTestReport] [   84] - From:venkateswararao.gubbala@valuelabs.com;
[INFO ][2016-02-09 20:41:09,302][com.java.EmailTestReport] [   85] - Subject:Deluxe Corp Bankers Dashboard Automation Test Report - First Bank - IE10
[INFO ][2016-02-09 20:41:09,318][com.java.EmailTestReport] [  143] -  Added venkateswararao.gubbala@valuelabs.com
[INFO ][2016-02-09 20:41:12,435][com.java.SeleniumDriver] [  722] - quitting the browser 
[INFO ][2016-02-09 20:41:13,685][com.java.SeleniumDriver] [  264] - Execution Completed Stopping the thread
