[INFO ][2016-02-09 22:16:21,935][com.java.SeleniumDriver] [  213] - Execute Failed Casesfalse
[INFO ][2016-02-09 22:16:21,936][com.java.SeleniumDriver] [  214] - Browser: IE10
[INFO ][2016-02-09 22:16:21,936][com.java.SeleniumDriver] [  215] - [1, 8, 9]
[INFO ][2016-02-09 22:16:21,936][com.java.SeleniumDriver] [  216] - Total TestCases:3
[INFO ][2016-02-09 22:16:21,936][com.java.SeleniumDriver] [  217] -  Reading Properties from Property File 
[DEBUG][2016-02-09 22:16:21,936][com.java.SeleniumDriver] [  238] - url : https://clients-xuat.bankersdashboard.com
[INFO ][2016-02-09 22:16:21,939][com.java.ImportnExport.ExportTestResultsExcel] [  116] - Time Stamp Tue Feb 09 10:16:21 IST 2016
[INFO ][2016-02-09 22:16:21,939][com.java.ImportnExport.ExportTestResultsExcel] [  175] - OUT FILE : D:\BankersDashboard/TestReports/Test Results_BankersDashBoard_020916_221621_IE10_Any Bank USA.xls
[INFO ][2016-02-09 22:16:21,979][com.java.ImportnExport.ExportTestResultsExcel] [  180] - Test Result file is created
[DEBUG][2016-02-09 22:16:22,093][com.java.SeleniumDriver] [  426] - Hub ip address is-------172.17.68.34
[INFO ][2016-02-09 22:16:22,094][com.java.SeleniumDriver] [  452] - Grid URL:http://172.17.68.34:4444/wd/hub
[INFO ][2016-02-09 22:16:22,094][com.java.SeleniumDriver] [  453] - Capability:Capabilities [{platform=ANY, ensureCleanSession=true, ignoreProtectedModeSettings=true, acceptSslCerts=true, ignoreZoomSetting=true, browserName=internet explorer, browserstack.ie.noFlash=true, version=null}]
[ERROR][2016-02-09 22:16:23,485][com.java.SeleniumDriver] [  498] - Unable invoke browser in grid:Could not start a new session. Possible causes are invalid address of the remote server or browser start-up failure.
Build info: version: '2.48.2', revision: '41bccdd', time: '2015-10-09 19:59:12'
System info: host: 'FVTIII438F1D', ip: '172.17.68.34', os.name: 'Windows 7', os.arch: 'x86', os.version: '6.1', java.version: '1.7.0_55'
Driver info: driver.version: SeleniumDriver
[INFO ][2016-02-09 22:16:23,485][com.java.SeleniumDriver] [  500] - Executing on local machine
[INFO ][2016-02-09 22:16:33,843][com.java.SeleniumDriver] [  248] - IE10is opened
[INFO ][2016-02-09 22:16:34,479][com.java.SeleniumDriver] [  756] - Test cases to be executed are: [1, 8, 9]
[INFO ][2016-02-09 22:16:34,567][com.java.ImportnExport.ImportTestDataDetailsExcel] [   49] - test data details path===== D:\BankersDashboard\TestInputs\TestData.xls
[INFO ][2016-02-09 22:16:34,651][com.java.SeleniumDriver] [  856] - ------------------------------------------
[INFO ][2016-02-09 22:16:34,651][com.java.SeleniumDriver] [  857] - Test case being Executed: 1
[INFO ][2016-02-09 22:16:34,651][com.java.SeleniumDriver] [  869] - Test step:1
[INFO ][2016-02-09 22:16:34,651][com.java.SeleniumDriver] [  881] - Datavalue is----------Concept#1:1-16
[INFO ][2016-02-09 22:16:34,652][com.java.SeleniumDriver] [  905] - DataField : test
[INFO ][2016-02-09 22:16:34,652][com.java.SeleniumDriver] [  907] - DataValue : Concept#1:1-16
[INFO ][2016-02-09 22:16:34,652][com.java.SeleniumDriver] [  913] - <In Set values of the page>
[INFO ][2016-02-09 22:16:34,652][com.java.SeleniumDriver] [  916] - {Data Fields & Data Values Exist}
[INFO ][2016-02-09 22:16:34,652][com.java.SeleniumDriver] [  918] - --------------------------setting values-----------------------------
[INFO ][2016-02-09 22:16:34,652][com.java.SeleniumDriver] [  921] - Action Type : ExecuteTestCase
[INFO ][2016-02-09 22:16:34,689][com.java.TestType] [  448] - The Concept sheet name is ---------- Concept
[INFO ][2016-02-09 22:16:34,690][com.java.TestType] [  451] - The Concept ID  is ---------- 1
[DEBUG][2016-02-09 22:16:34,690][com.java.TestType] [  455] - Steps being executted in the Concept are: 1:16
[INFO ][2016-02-09 22:16:34,690][com.java.TestType] [  462] - Test data details path ---------- D:\BankersDashboard\TestInputs\TestData.xls
[INFO ][2016-02-09 22:16:34,711][com.java.TestType] [  493] -  str(1) = 1
[INFO ][2016-02-09 22:16:34,711][com.java.TestType] [  496] - Test case Id is---1
[INFO ][2016-02-09 22:16:34,711][com.java.TestType] [  498] - 1
[INFO ][2016-02-09 22:16:34,712][com.java.TestType] [  493] -  str(2) = 1
[INFO ][2016-02-09 22:16:34,714][com.java.TestType] [  493] -  str(1) = 1
[INFO ][2016-02-09 22:16:34,714][com.java.TestType] [  496] - Test case Id is---1
[INFO ][2016-02-09 22:16:34,714][com.java.TestType] [  498] - 1
[INFO ][2016-02-09 22:16:34,714][com.java.TestType] [  493] -  str(2) = 2
[INFO ][2016-02-09 22:16:34,716][com.java.TestType] [  493] -  str(1) = 1
[INFO ][2016-02-09 22:16:34,716][com.java.TestType] [  496] - Test case Id is---1
[INFO ][2016-02-09 22:16:34,716][com.java.TestType] [  498] - 1
[INFO ][2016-02-09 22:16:34,716][com.java.TestType] [  493] -  str(2) = 3
[INFO ][2016-02-09 22:16:34,718][com.java.TestType] [  493] -  str(1) = 1
[INFO ][2016-02-09 22:16:34,718][com.java.TestType] [  496] - Test case Id is---1
[INFO ][2016-02-09 22:16:34,718][com.java.TestType] [  498] - 1
[INFO ][2016-02-09 22:16:34,718][com.java.TestType] [  493] -  str(2) = 4
[INFO ][2016-02-09 22:16:34,719][com.java.TestType] [  493] -  str(1) = 1
[INFO ][2016-02-09 22:16:34,719][com.java.TestType] [  496] - Test case Id is---1
[INFO ][2016-02-09 22:16:34,719][com.java.TestType] [  498] - 1
[INFO ][2016-02-09 22:16:34,720][com.java.TestType] [  493] -  str(2) = 5
[INFO ][2016-02-09 22:16:34,721][com.java.TestType] [  493] -  str(1) = 1
[INFO ][2016-02-09 22:16:34,721][com.java.TestType] [  496] - Test case Id is---1
[INFO ][2016-02-09 22:16:34,721][com.java.TestType] [  498] - 1
[INFO ][2016-02-09 22:16:34,721][com.java.TestType] [  493] -  str(2) = 6
[INFO ][2016-02-09 22:16:34,722][com.java.TestType] [  493] -  str(1) = 1
[INFO ][2016-02-09 22:16:34,722][com.java.TestType] [  496] - Test case Id is---1
[INFO ][2016-02-09 22:16:34,722][com.java.TestType] [  498] - 1
[INFO ][2016-02-09 22:16:34,722][com.java.TestType] [  493] -  str(2) = 7
[INFO ][2016-02-09 22:16:34,723][com.java.TestType] [  493] -  str(1) = 1
[INFO ][2016-02-09 22:16:34,723][com.java.TestType] [  496] - Test case Id is---1
[INFO ][2016-02-09 22:16:34,723][com.java.TestType] [  498] - 1
[INFO ][2016-02-09 22:16:34,723][com.java.TestType] [  493] -  str(2) = 8
[INFO ][2016-02-09 22:16:34,726][com.java.TestType] [  493] -  str(1) = 1
[INFO ][2016-02-09 22:16:34,726][com.java.TestType] [  496] - Test case Id is---1
[INFO ][2016-02-09 22:16:34,726][com.java.TestType] [  498] - 1
[INFO ][2016-02-09 22:16:34,726][com.java.TestType] [  493] -  str(2) = 9
[INFO ][2016-02-09 22:16:34,727][com.java.TestType] [  493] -  str(1) = 1
[INFO ][2016-02-09 22:16:34,727][com.java.TestType] [  496] - Test case Id is---1
[INFO ][2016-02-09 22:16:34,727][com.java.TestType] [  498] - 1
[INFO ][2016-02-09 22:16:34,727][com.java.TestType] [  493] -  str(2) = 10
[INFO ][2016-02-09 22:16:34,728][com.java.TestType] [  493] -  str(1) = 1
[INFO ][2016-02-09 22:16:34,728][com.java.TestType] [  496] - Test case Id is---1
[INFO ][2016-02-09 22:16:34,728][com.java.TestType] [  498] - 1
[INFO ][2016-02-09 22:16:34,728][com.java.TestType] [  493] -  str(2) = 11
[INFO ][2016-02-09 22:16:34,729][com.java.TestType] [  493] -  str(1) = 1
[INFO ][2016-02-09 22:16:34,729][com.java.TestType] [  496] - Test case Id is---1
[INFO ][2016-02-09 22:16:34,729][com.java.TestType] [  498] - 1
[INFO ][2016-02-09 22:16:34,729][com.java.TestType] [  493] -  str(2) = 12
[INFO ][2016-02-09 22:16:34,730][com.java.TestType] [  493] -  str(1) = 1
[INFO ][2016-02-09 22:16:34,730][com.java.TestType] [  496] - Test case Id is---1
[INFO ][2016-02-09 22:16:34,730][com.java.TestType] [  498] - 1
[INFO ][2016-02-09 22:16:34,730][com.java.TestType] [  493] -  str(2) = 13
[INFO ][2016-02-09 22:16:34,731][com.java.TestType] [  493] -  str(1) = 1
[INFO ][2016-02-09 22:16:34,731][com.java.TestType] [  496] - Test case Id is---1
[INFO ][2016-02-09 22:16:34,731][com.java.TestType] [  498] - 1
[INFO ][2016-02-09 22:16:34,731][com.java.TestType] [  493] -  str(2) = 14
[INFO ][2016-02-09 22:16:34,732][com.java.TestType] [  493] -  str(1) = 1
[INFO ][2016-02-09 22:16:34,732][com.java.TestType] [  496] - Test case Id is---1
[INFO ][2016-02-09 22:16:34,732][com.java.TestType] [  498] - 1
[INFO ][2016-02-09 22:16:34,732][com.java.TestType] [  493] -  str(2) = 15
[INFO ][2016-02-09 22:16:34,733][com.java.TestType] [  493] -  str(1) = 1
[INFO ][2016-02-09 22:16:34,733][com.java.TestType] [  496] - Test case Id is---1
[INFO ][2016-02-09 22:16:34,733][com.java.TestType] [  498] - 1
[INFO ][2016-02-09 22:16:34,733][com.java.TestType] [  493] -  str(2) = 16
[INFO ][2016-02-09 22:16:34,734][com.java.TestType] [12135] - Looping 1TCID = 1
[DEBUG][2016-02-09 22:16:34,734][com.java.TestType] [12176] - Concept ID:1 :: Step being Executed: 1::1
[INFO ][2016-02-09 22:16:34,734][com.java.TestType] [12214] - dataFields : TXTusername
[DEBUG][2016-02-09 22:16:34,734][com.java.TestType] [12220] - <In Set values of the page>
[DEBUG][2016-02-09 22:16:34,735][com.java.TestType] [12225] - {Data Fields & Data Values Exist}
[INFO ][2016-02-09 22:16:34,735][com.java.TestType] [12231] - --------------------------setting values-----------------------------
[INFO ][2016-02-09 22:16:34,735][com.java.TestType] [12234] - Action Type : CLEARANDENTER
[INFO ][2016-02-09 22:16:37,058][com.java.TestType] [ 6752] - value = naresh.nayini1.00000
[INFO ][2016-02-09 22:16:39,479][com.java.TestType] [12253] -  RESULT true
[INFO ][2016-02-09 22:16:39,480][com.java.TestType] [12370] - ?   P A S S   ?
[DEBUG][2016-02-09 22:16:39,480][com.java.TestType] [12176] - Concept ID:1 :: Step being Executed: 1::2
[INFO ][2016-02-09 22:16:39,480][com.java.TestType] [12214] - dataFields : TXTpassword
[DEBUG][2016-02-09 22:16:39,480][com.java.TestType] [12220] - <In Set values of the page>
[DEBUG][2016-02-09 22:16:39,480][com.java.TestType] [12225] - {Data Fields & Data Values Exist}
[INFO ][2016-02-09 22:16:39,480][com.java.TestType] [12231] - --------------------------setting values-----------------------------
[INFO ][2016-02-09 22:16:39,480][com.java.TestType] [12234] - Action Type : CLEARANDENTER
[INFO ][2016-02-09 22:16:41,770][com.java.TestType] [ 6752] - value = Password1*
[INFO ][2016-02-09 22:16:44,357][com.java.TestType] [12253] -  RESULT true
[INFO ][2016-02-09 22:16:44,357][com.java.TestType] [12370] - ?   P A S S   ?
[DEBUG][2016-02-09 22:16:44,358][com.java.TestType] [12176] - Concept ID:1 :: Step being Executed: 1::3
[ERROR][2016-02-09 22:16:44,358][com.java.TestType] [12209] - Exception: null
[INFO ][2016-02-09 22:16:44,358][com.java.TestType] [12214] - dataFields : XPH//button[@type='submit']
[DEBUG][2016-02-09 22:16:44,358][com.java.TestType] [12220] - <In Set values of the page>
[DEBUG][2016-02-09 22:16:44,358][com.java.TestType] [12225] - {Data Fields & Data Values Exist}
[INFO ][2016-02-09 22:16:44,358][com.java.TestType] [12231] - --------------------------setting values-----------------------------
[INFO ][2016-02-09 22:16:44,358][com.java.TestType] [12234] - Action Type : Click
[INFO ][2016-02-09 22:16:44,358][com.java.TestType] [ 7153] - Field ::XPH//button[@type='submit']
[INFO ][2016-02-09 22:16:44,359][com.java.TestType] [ 6752] - value = 
[INFO ][2016-02-09 22:16:45,364][com.java.TestType] [ 7330] - BEFORE CLICK
[INFO ][2016-02-09 22:16:48,897][com.java.TestType] [ 7338] - Unable to click the object Login
[INFO ][2016-02-09 22:16:48,897][com.java.TestType] [12253] -  RESULT true
[INFO ][2016-02-09 22:16:48,897][com.java.TestType] [12370] - ?   P A S S   ?
[DEBUG][2016-02-09 22:16:48,897][com.java.TestType] [12176] - Concept ID:1 :: Step being Executed: 1::4
[INFO ][2016-02-09 22:16:48,897][com.java.TestType] [12214] - dataFields : LNKLogout
[DEBUG][2016-02-09 22:16:48,897][com.java.TestType] [12220] - <In Set values of the page>
[DEBUG][2016-02-09 22:16:48,897][com.java.TestType] [12225] - {Data Fields & Data Values Exist}
[INFO ][2016-02-09 22:16:48,897][com.java.TestType] [12231] - --------------------------setting values-----------------------------
[INFO ][2016-02-09 22:16:48,897][com.java.TestType] [12234] - Action Type : WaitForElement
[INFO ][2016-02-09 22:16:49,070][com.java.TestType] [12253] -  RESULT true
[INFO ][2016-02-09 22:16:49,071][com.java.TestType] [12370] - ?   P A S S   ?
[DEBUG][2016-02-09 22:16:49,071][com.java.TestType] [12176] - Concept ID:1 :: Step being Executed: 1::15
[INFO ][2016-02-09 22:16:49,071][com.java.TestType] [12214] - dataFields : LNK
[DEBUG][2016-02-09 22:16:49,071][com.java.TestType] [12220] - <In Set values of the page>
[DEBUG][2016-02-09 22:16:49,071][com.java.TestType] [12225] - {Data Fields & Data Values Exist}
[INFO ][2016-02-09 22:16:49,071][com.java.TestType] [12231] - --------------------------setting values-----------------------------
[INFO ][2016-02-09 22:16:49,071][com.java.TestType] [12234] - Action Type : Verify
[INFO ][2016-02-09 22:16:49,071][com.java.TestType] [ 8386] - field= LNK value= Logout
[INFO ][2016-02-09 22:16:49,075][com.java.TestType] [ 6752] - value = Logout
[INFO ][2016-02-09 22:16:49,112][com.java.TestType] [12253] -  RESULT true
[INFO ][2016-02-09 22:16:49,112][com.java.TestType] [12370] - ?   P A S S   ?
[DEBUG][2016-02-09 22:16:49,113][com.java.TestType] [12176] - Concept ID:1 :: Step being Executed: 1::16
[INFO ][2016-02-09 22:16:49,113][com.java.TestType] [12214] - dataFields : BTN
[DEBUG][2016-02-09 22:16:49,113][com.java.TestType] [12220] - <In Set values of the page>
[DEBUG][2016-02-09 22:16:49,113][com.java.TestType] [12225] - {Data Fields & Data Values Exist}
[INFO ][2016-02-09 22:16:49,113][com.java.TestType] [12231] - --------------------------setting values-----------------------------
[INFO ][2016-02-09 22:16:49,113][com.java.TestType] [12234] - Action Type : Verify
[INFO ][2016-02-09 22:16:49,113][com.java.TestType] [ 8386] - field= BTN value= //img[contains(@src,'bdlogo.jpg')]
[INFO ][2016-02-09 22:16:49,113][com.java.TestType] [ 6752] - value = //img[contains(@src,'bdlogo.jpg')]
[INFO ][2016-02-09 22:16:49,188][com.java.TestType] [12253] -  RESULT true
[INFO ][2016-02-09 22:16:49,188][com.java.TestType] [12370] - ?   P A S S   ?
[INFO ][2016-02-09 22:16:49,188][com.java.TestType] [12441] - Looping End......
[INFO ][2016-02-09 22:16:49,189][com.java.SeleniumDriver] [  930] -  RESULT true
[INFO ][2016-02-09 22:16:49,189][com.java.SeleniumDriver] [ 1136] - ?   P A S S   ?
[INFO ][2016-02-09 22:16:49,189][com.java.SeleniumDriver] [  856] - ------------------------------------------
[INFO ][2016-02-09 22:16:49,189][com.java.SeleniumDriver] [  857] - Test case being Executed: 1
[INFO ][2016-02-09 22:16:49,190][com.java.SeleniumDriver] [  869] - Test step:2
[INFO ][2016-02-09 22:16:49,190][com.java.SeleniumDriver] [  881] - Datavalue is----------Concept#2:1-2
[INFO ][2016-02-09 22:16:49,190][com.java.SeleniumDriver] [  905] - DataField : test
[INFO ][2016-02-09 22:16:49,190][com.java.SeleniumDriver] [  907] - DataValue : Concept#2:1-2
[INFO ][2016-02-09 22:16:49,190][com.java.SeleniumDriver] [  913] - <In Set values of the page>
[INFO ][2016-02-09 22:16:49,190][com.java.SeleniumDriver] [  916] - {Data Fields & Data Values Exist}
[INFO ][2016-02-09 22:16:49,190][com.java.SeleniumDriver] [  918] - --------------------------setting values-----------------------------
[INFO ][2016-02-09 22:16:49,190][com.java.SeleniumDriver] [  921] - Action Type : ExecuteTestCase
[INFO ][2016-02-09 22:16:49,190][com.java.TestType] [  448] - The Concept sheet name is ---------- Concept
[INFO ][2016-02-09 22:16:49,191][com.java.TestType] [  451] - The Concept ID  is ---------- 2
[DEBUG][2016-02-09 22:16:49,191][com.java.TestType] [  455] - Steps being executted in the Concept are: 1:2
[INFO ][2016-02-09 22:16:49,191][com.java.TestType] [  462] - Test data details path ---------- D:\BankersDashboard\TestInputs\TestData.xls
[INFO ][2016-02-09 22:16:49,208][com.java.TestType] [  493] -  str(1) = 2
[INFO ][2016-02-09 22:16:49,208][com.java.TestType] [  496] - Test case Id is---2
[INFO ][2016-02-09 22:16:49,208][com.java.TestType] [  498] - 2
[INFO ][2016-02-09 22:16:49,208][com.java.TestType] [  493] -  str(2) = 1
[INFO ][2016-02-09 22:16:49,210][com.java.TestType] [  493] -  str(1) = 2
[INFO ][2016-02-09 22:16:49,210][com.java.TestType] [  496] - Test case Id is---2
[INFO ][2016-02-09 22:16:49,210][com.java.TestType] [  498] - 2
[INFO ][2016-02-09 22:16:49,210][com.java.TestType] [  493] -  str(2) = 2
[INFO ][2016-02-09 22:16:49,211][com.java.TestType] [  493] -  str(1) = 2
[INFO ][2016-02-09 22:16:49,211][com.java.TestType] [  496] - Test case Id is---2
[INFO ][2016-02-09 22:16:49,211][com.java.TestType] [  498] - 2
[INFO ][2016-02-09 22:16:49,211][com.java.TestType] [  493] -  str(2) = 3
[INFO ][2016-02-09 22:16:49,212][com.java.TestType] [12135] - Looping 1TCID = 2
[DEBUG][2016-02-09 22:16:49,212][com.java.TestType] [12176] - Concept ID:2 :: Step being Executed: 2::1
[INFO ][2016-02-09 22:16:49,212][com.java.TestType] [12214] - dataFields : BNK//select[@id='bank']
[DEBUG][2016-02-09 22:16:49,212][com.java.TestType] [12220] - <In Set values of the page>
[DEBUG][2016-02-09 22:16:49,212][com.java.TestType] [12225] - {Data Fields & Data Values Exist}
[INFO ][2016-02-09 22:16:49,212][com.java.TestType] [12231] - --------------------------setting values-----------------------------
[INFO ][2016-02-09 22:16:49,212][com.java.TestType] [12234] - Action Type : Select
[INFO ][2016-02-09 22:16:49,212][com.java.TestType] [ 6752] - value = PFC
[INFO ][2016-02-09 22:16:49,479][com.java.TestType] [12253] -  RESULT true
[INFO ][2016-02-09 22:16:49,479][com.java.TestType] [12370] - ?   P A S S   ?
[DEBUG][2016-02-09 22:16:49,479][com.java.TestType] [12176] - Concept ID:2 :: Step being Executed: 2::2
[INFO ][2016-02-09 22:16:49,480][com.java.TestType] [12214] - dataFields : LNKLogout
[DEBUG][2016-02-09 22:16:49,480][com.java.TestType] [12220] - <In Set values of the page>
[DEBUG][2016-02-09 22:16:49,480][com.java.TestType] [12225] - {Data Fields & Data Values Exist}
[INFO ][2016-02-09 22:16:49,480][com.java.TestType] [12231] - --------------------------setting values-----------------------------
[INFO ][2016-02-09 22:16:49,480][com.java.TestType] [12234] - Action Type : WaitTime
[DEBUG][2016-02-09 22:16:49,480][com.java.TestType] [ 6561] - sleepTime: 5000
[INFO ][2016-02-09 22:16:54,480][com.java.TestType] [12253] -  RESULT true
[INFO ][2016-02-09 22:16:54,480][com.java.TestType] [12370] - ?   P A S S   ?
[INFO ][2016-02-09 22:16:54,480][com.java.TestType] [12441] - Looping End......
[INFO ][2016-02-09 22:16:54,481][com.java.SeleniumDriver] [  930] -  RESULT true
[INFO ][2016-02-09 22:16:54,481][com.java.SeleniumDriver] [ 1136] - ?   P A S S   ?
[INFO ][2016-02-09 22:16:54,482][com.java.SeleniumDriver] [  856] - ------------------------------------------
[INFO ][2016-02-09 22:16:54,482][com.java.SeleniumDriver] [  857] - Test case being Executed: 1
[INFO ][2016-02-09 22:16:54,482][com.java.SeleniumDriver] [  869] - Test step:3
[INFO ][2016-02-09 22:16:54,482][com.java.SeleniumDriver] [  881] - Datavalue is----------2
[INFO ][2016-02-09 22:16:54,482][com.java.SeleniumDriver] [  905] - DataField : XPH//button[contains(text(),'Add Content')]
[INFO ][2016-02-09 22:16:54,482][com.java.SeleniumDriver] [  907] - DataValue : 2
[INFO ][2016-02-09 22:16:54,482][com.java.SeleniumDriver] [  913] - <In Set values of the page>
[INFO ][2016-02-09 22:16:54,482][com.java.SeleniumDriver] [  916] - {Data Fields & Data Values Exist}
[INFO ][2016-02-09 22:16:54,482][com.java.SeleniumDriver] [  918] - --------------------------setting values-----------------------------
[INFO ][2016-02-09 22:16:54,482][com.java.SeleniumDriver] [  921] - Action Type : WAITFORELEMENT
[INFO ][2016-02-09 22:16:54,522][com.java.SeleniumDriver] [  930] -  RESULT true
[INFO ][2016-02-09 22:16:54,522][com.java.SeleniumDriver] [ 1136] - ?   P A S S   ?
[DEBUG][2016-02-09 22:16:54,522][com.java.SeleniumDriver] [ 1248] - Case found
[DEBUG][2016-02-09 22:16:54,522][com.java.SeleniumDriver] [ 1253] - Incrementing ReportCounters[0]:1
[INFO ][2016-02-09 22:16:54,522][com.java.SeleniumDriver] [ 1272] - The results are-------------------[1, 1, Valid Login, Pass, , Tue Feb 09 22:16:49 IST 2016, 1, 2, Valid Login, Pass, , Tue Feb 09 22:16:54 IST 2016, 1, 3, Valid Login, Pass, , Tue Feb 09 22:16:54 IST 2016]
[INFO ][2016-02-09 22:16:54,522][com.java.SeleniumDriver] [ 1276] - End time is-------34 sec
[INFO ][2016-02-09 22:16:54,522][com.java.SeleniumDriver] [ 1277] - The results are-------------------[1, 1, Valid Login, Pass, , Tue Feb 09 22:16:49 IST 2016, 1, 2, Valid Login, Pass, , Tue Feb 09 22:16:54 IST 2016, 1, 3, Valid Login, Pass, , Tue Feb 09 22:16:54 IST 2016]
[DEBUG][2016-02-09 22:16:54,522][com.java.ImportnExport.ExportTestResultsExcel] [  222] - testResultPath = D:\BankersDashboard/TestReports/Test Results_BankersDashBoard_020916_221621_IE10_Any Bank USA.xls
[DEBUG][2016-02-09 22:16:54,522][com.java.ImportnExport.ExportTestResultsExcel] [  223] - browser is------------IE10
[DEBUG][2016-02-09 22:16:54,577][com.java.ImportnExport.ExportTestResultsExcel] [  270] - result.size() = 18
[DEBUG][2016-02-09 22:16:54,577][com.java.ImportnExport.ExportTestResultsExcel] [  274] - No of rows in sheet=1
[DEBUG][2016-02-09 22:16:54,577][com.java.ImportnExport.ExportTestResultsExcel] [  301] - ..in export..1
[DEBUG][2016-02-09 22:16:54,577][com.java.ImportnExport.ExportTestResultsExcel] [  301] - ..in export..Valid Login
[DEBUG][2016-02-09 22:16:54,578][com.java.ImportnExport.ExportTestResultsExcel] [  301] - ..in export..Pass
[DEBUG][2016-02-09 22:16:54,578][com.java.ImportnExport.ExportTestResultsExcel] [  301] - ..in export..
[DEBUG][2016-02-09 22:16:54,578][com.java.ImportnExport.ExportTestResultsExcel] [  301] - ..in export..Tue Feb 09 22:16:49 IST 2016
[INFO ][2016-02-09 22:16:54,580][com.java.SeleniumDriver] [ 1337] - out loop:0 size:3 TestCases:[1, 8, 9] testcases:[1, 8, 9]
[INFO ][2016-02-09 22:16:54,581][com.java.ImportnExport.ImportTestDataDetailsExcel] [   49] - test data details path===== D:\BankersDashboard\TestInputs\TestData.xls
[INFO ][2016-02-09 22:17:10,709][com.java.SeleniumDriver] [  856] - ------------------------------------------
[INFO ][2016-02-09 22:17:10,709][com.java.SeleniumDriver] [  857] - Test case being Executed: 8
[INFO ][2016-02-09 22:17:10,709][com.java.SeleniumDriver] [  869] - Test step:1
[INFO ][2016-02-09 22:17:10,709][com.java.SeleniumDriver] [  881] - Datavalue is----------Logout
[INFO ][2016-02-09 22:17:10,709][com.java.SeleniumDriver] [  905] - DataField : BTN
[INFO ][2016-02-09 22:17:10,709][com.java.SeleniumDriver] [  907] - DataValue : Logout
[INFO ][2016-02-09 22:17:10,709][com.java.SeleniumDriver] [  913] - <In Set values of the page>
[INFO ][2016-02-09 22:17:10,709][com.java.SeleniumDriver] [  916] - {Data Fields & Data Values Exist}
[INFO ][2016-02-09 22:17:10,709][com.java.SeleniumDriver] [  918] - --------------------------setting values-----------------------------
[INFO ][2016-02-09 22:17:10,709][com.java.SeleniumDriver] [  921] - Action Type : Verify
[INFO ][2016-02-09 22:17:10,709][com.java.TestType] [ 8386] - field= BTN value= Logout
[INFO ][2016-02-09 22:17:10,709][com.java.TestType] [ 6752] - value = Logout
[INFO ][2016-02-09 22:17:10,786][com.java.SeleniumDriver] [  930] -  RESULT true
[INFO ][2016-02-09 22:17:10,786][com.java.SeleniumDriver] [ 1136] - ?   P A S S   ?
[INFO ][2016-02-09 22:17:10,786][com.java.SeleniumDriver] [ 1178] - step change to 3
[INFO ][2016-02-09 22:17:10,786][com.java.SeleniumDriver] [  856] - ------------------------------------------
[INFO ][2016-02-09 22:17:10,786][com.java.SeleniumDriver] [  857] - Test case being Executed: 8
[INFO ][2016-02-09 22:17:10,786][com.java.SeleniumDriver] [  869] - Test step:3
[INFO ][2016-02-09 22:17:10,786][com.java.SeleniumDriver] [  881] - Datavalue is----------Concept#2:1-3
[INFO ][2016-02-09 22:17:10,786][com.java.SeleniumDriver] [  905] - DataField : test
[INFO ][2016-02-09 22:17:10,787][com.java.SeleniumDriver] [  907] - DataValue : Concept#2:1-3
[INFO ][2016-02-09 22:17:10,787][com.java.SeleniumDriver] [  913] - <In Set values of the page>
[INFO ][2016-02-09 22:17:10,787][com.java.SeleniumDriver] [  916] - {Data Fields & Data Values Exist}
[INFO ][2016-02-09 22:17:10,787][com.java.SeleniumDriver] [  918] - --------------------------setting values-----------------------------
[INFO ][2016-02-09 22:17:10,787][com.java.SeleniumDriver] [  921] - Action Type : ExecuteTestCase
[INFO ][2016-02-09 22:17:10,787][com.java.TestType] [  448] - The Concept sheet name is ---------- Concept
[INFO ][2016-02-09 22:17:10,787][com.java.TestType] [  451] - The Concept ID  is ---------- 2
[DEBUG][2016-02-09 22:17:10,787][com.java.TestType] [  455] - Steps being executted in the Concept are: 1:3
[INFO ][2016-02-09 22:17:10,787][com.java.TestType] [  462] - Test data details path ---------- D:\BankersDashboard\TestInputs\TestData.xls
[INFO ][2016-02-09 22:17:10,804][com.java.TestType] [  493] -  str(1) = 2
[INFO ][2016-02-09 22:17:10,805][com.java.TestType] [  496] - Test case Id is---2
[INFO ][2016-02-09 22:17:10,805][com.java.TestType] [  498] - 2
[INFO ][2016-02-09 22:17:10,805][com.java.TestType] [  493] -  str(2) = 1
[INFO ][2016-02-09 22:17:10,806][com.java.TestType] [  493] -  str(1) = 2
[INFO ][2016-02-09 22:17:10,806][com.java.TestType] [  496] - Test case Id is---2
[INFO ][2016-02-09 22:17:10,806][com.java.TestType] [  498] - 2
[INFO ][2016-02-09 22:17:10,806][com.java.TestType] [  493] -  str(2) = 2
[INFO ][2016-02-09 22:17:10,807][com.java.TestType] [  493] -  str(1) = 2
[INFO ][2016-02-09 22:17:10,807][com.java.TestType] [  496] - Test case Id is---2
[INFO ][2016-02-09 22:17:10,807][com.java.TestType] [  498] - 2
[INFO ][2016-02-09 22:17:10,807][com.java.TestType] [  493] -  str(2) = 3
[INFO ][2016-02-09 22:17:10,808][com.java.TestType] [12135] - Looping 1TCID = 2
[DEBUG][2016-02-09 22:17:10,808][com.java.TestType] [12176] - Concept ID:2 :: Step being Executed: 2::1
[INFO ][2016-02-09 22:17:10,808][com.java.TestType] [12214] - dataFields : BNK//select[@id='bank']
[DEBUG][2016-02-09 22:17:10,808][com.java.TestType] [12220] - <In Set values of the page>
[DEBUG][2016-02-09 22:17:10,808][com.java.TestType] [12225] - {Data Fields & Data Values Exist}
[INFO ][2016-02-09 22:17:10,808][com.java.TestType] [12231] - --------------------------setting values-----------------------------
[INFO ][2016-02-09 22:17:10,808][com.java.TestType] [12234] - Action Type : Select
[INFO ][2016-02-09 22:17:10,808][com.java.TestType] [ 6752] - value = PFC
[INFO ][2016-02-09 22:17:11,049][com.java.TestType] [12253] -  RESULT true
[INFO ][2016-02-09 22:17:11,049][com.java.TestType] [12370] - ?   P A S S   ?
[DEBUG][2016-02-09 22:17:11,049][com.java.TestType] [12176] - Concept ID:2 :: Step being Executed: 2::2
[INFO ][2016-02-09 22:17:11,049][com.java.TestType] [12214] - dataFields : LNKLogout
[DEBUG][2016-02-09 22:17:11,049][com.java.TestType] [12220] - <In Set values of the page>
[DEBUG][2016-02-09 22:17:11,049][com.java.TestType] [12225] - {Data Fields & Data Values Exist}
[INFO ][2016-02-09 22:17:11,049][com.java.TestType] [12231] - --------------------------setting values-----------------------------
[INFO ][2016-02-09 22:17:11,049][com.java.TestType] [12234] - Action Type : WaitTime
[DEBUG][2016-02-09 22:17:11,049][com.java.TestType] [ 6561] - sleepTime: 5000
[INFO ][2016-02-09 22:17:16,050][com.java.TestType] [12253] -  RESULT true
[INFO ][2016-02-09 22:17:16,050][com.java.TestType] [12370] - ?   P A S S   ?
[DEBUG][2016-02-09 22:17:16,050][com.java.TestType] [12176] - Concept ID:2 :: Step being Executed: 2::3
[INFO ][2016-02-09 22:17:16,050][com.java.TestType] [12214] - dataFields : LNKLogout
[DEBUG][2016-02-09 22:17:16,050][com.java.TestType] [12220] - <In Set values of the page>
[DEBUG][2016-02-09 22:17:16,050][com.java.TestType] [12225] - {Data Fields & Data Values Exist}
[INFO ][2016-02-09 22:17:16,050][com.java.TestType] [12231] - --------------------------setting values-----------------------------
[INFO ][2016-02-09 22:17:16,050][com.java.TestType] [12234] - Action Type : WaitForElement
[INFO ][2016-02-09 22:17:16,089][com.java.TestType] [12253] -  RESULT true
[INFO ][2016-02-09 22:17:16,089][com.java.TestType] [12370] - ?   P A S S   ?
[INFO ][2016-02-09 22:17:16,089][com.java.TestType] [12441] - Looping End......
[INFO ][2016-02-09 22:17:16,090][com.java.SeleniumDriver] [  930] -  RESULT true
[INFO ][2016-02-09 22:17:16,091][com.java.SeleniumDriver] [ 1136] - ?   P A S S   ?
[INFO ][2016-02-09 22:17:16,091][com.java.SeleniumDriver] [  856] - ------------------------------------------
[INFO ][2016-02-09 22:17:16,091][com.java.SeleniumDriver] [  857] - Test case being Executed: 8
[INFO ][2016-02-09 22:17:16,091][com.java.SeleniumDriver] [  869] - Test step:4
[INFO ][2016-02-09 22:17:16,091][com.java.SeleniumDriver] [  881] - Datavalue is----------Concept#12:1-11
[INFO ][2016-02-09 22:17:16,091][com.java.SeleniumDriver] [  905] - DataField : test
[INFO ][2016-02-09 22:17:16,091][com.java.SeleniumDriver] [  907] - DataValue : Concept#12:1-11
[INFO ][2016-02-09 22:17:16,091][com.java.SeleniumDriver] [  913] - <In Set values of the page>
[INFO ][2016-02-09 22:17:16,091][com.java.SeleniumDriver] [  916] - {Data Fields & Data Values Exist}
[INFO ][2016-02-09 22:17:16,091][com.java.SeleniumDriver] [  918] - --------------------------setting values-----------------------------
[INFO ][2016-02-09 22:17:16,091][com.java.SeleniumDriver] [  921] - Action Type : ExecuteTestCase
[INFO ][2016-02-09 22:17:16,091][com.java.TestType] [  448] - The Concept sheet name is ---------- Concept
[INFO ][2016-02-09 22:17:16,091][com.java.TestType] [  451] - The Concept ID  is ---------- 12
[DEBUG][2016-02-09 22:17:16,092][com.java.TestType] [  455] - Steps being executted in the Concept are: 1:11
[INFO ][2016-02-09 22:17:16,092][com.java.TestType] [  462] - Test data details path ---------- D:\BankersDashboard\TestInputs\TestData.xls
[INFO ][2016-02-09 22:17:16,112][com.java.TestType] [  493] -  str(1) = 12
[INFO ][2016-02-09 22:17:16,112][com.java.TestType] [  496] - Test case Id is---12
[INFO ][2016-02-09 22:17:16,112][com.java.TestType] [  498] - 12
[INFO ][2016-02-09 22:17:16,112][com.java.TestType] [  493] -  str(2) = 1
[INFO ][2016-02-09 22:17:16,113][com.java.TestType] [  493] -  str(1) = 12
[INFO ][2016-02-09 22:17:16,113][com.java.TestType] [  496] - Test case Id is---12
[INFO ][2016-02-09 22:17:16,114][com.java.TestType] [  498] - 12
[INFO ][2016-02-09 22:17:16,114][com.java.TestType] [  493] -  str(2) = 2
[INFO ][2016-02-09 22:17:16,114][com.java.TestType] [  493] -  str(1) = 12
[INFO ][2016-02-09 22:17:16,114][com.java.TestType] [  496] - Test case Id is---12
[INFO ][2016-02-09 22:17:16,114][com.java.TestType] [  498] - 12
[INFO ][2016-02-09 22:17:16,114][com.java.TestType] [  493] -  str(2) = 3
[INFO ][2016-02-09 22:17:16,115][com.java.TestType] [  493] -  str(1) = 12
[INFO ][2016-02-09 22:17:16,115][com.java.TestType] [  496] - Test case Id is---12
[INFO ][2016-02-09 22:17:16,115][com.java.TestType] [  498] - 12
[INFO ][2016-02-09 22:17:16,115][com.java.TestType] [  493] -  str(2) = 4
[INFO ][2016-02-09 22:17:16,116][com.java.TestType] [  493] -  str(1) = 12
[INFO ][2016-02-09 22:17:16,116][com.java.TestType] [  496] - Test case Id is---12
[INFO ][2016-02-09 22:17:16,116][com.java.TestType] [  498] - 12
[INFO ][2016-02-09 22:17:16,116][com.java.TestType] [  493] -  str(2) = 5
[INFO ][2016-02-09 22:17:16,117][com.java.TestType] [  493] -  str(1) = 12
[INFO ][2016-02-09 22:17:16,117][com.java.TestType] [  496] - Test case Id is---12
[INFO ][2016-02-09 22:17:16,117][com.java.TestType] [  498] - 12
[INFO ][2016-02-09 22:17:16,117][com.java.TestType] [  493] -  str(2) = 6
[INFO ][2016-02-09 22:17:16,118][com.java.TestType] [  493] -  str(1) = 12
[INFO ][2016-02-09 22:17:16,118][com.java.TestType] [  496] - Test case Id is---12
[INFO ][2016-02-09 22:17:16,118][com.java.TestType] [  498] - 12
[INFO ][2016-02-09 22:17:16,118][com.java.TestType] [  493] -  str(2) = 7
[INFO ][2016-02-09 22:17:16,119][com.java.TestType] [  493] -  str(1) = 12
[INFO ][2016-02-09 22:17:16,119][com.java.TestType] [  496] - Test case Id is---12
[INFO ][2016-02-09 22:17:16,119][com.java.TestType] [  498] - 12
[INFO ][2016-02-09 22:17:16,119][com.java.TestType] [  493] -  str(2) = 8
[INFO ][2016-02-09 22:17:16,120][com.java.TestType] [  493] -  str(1) = 12
[INFO ][2016-02-09 22:17:16,120][com.java.TestType] [  496] - Test case Id is---12
[INFO ][2016-02-09 22:17:16,120][com.java.TestType] [  498] - 12
[INFO ][2016-02-09 22:17:16,120][com.java.TestType] [  493] -  str(2) = 9
[INFO ][2016-02-09 22:17:16,121][com.java.TestType] [  493] -  str(1) = 12
[INFO ][2016-02-09 22:17:16,121][com.java.TestType] [  496] - Test case Id is---12
[INFO ][2016-02-09 22:17:16,121][com.java.TestType] [  498] - 12
[INFO ][2016-02-09 22:17:16,121][com.java.TestType] [  493] -  str(2) = 10
[INFO ][2016-02-09 22:17:16,122][com.java.TestType] [  493] -  str(1) = 12
[INFO ][2016-02-09 22:17:16,122][com.java.TestType] [  496] - Test case Id is---12
[INFO ][2016-02-09 22:17:16,122][com.java.TestType] [  498] - 12
[INFO ][2016-02-09 22:17:16,122][com.java.TestType] [  493] -  str(2) = 11
[INFO ][2016-02-09 22:17:16,123][com.java.TestType] [12135] - Looping 1TCID = 12
[DEBUG][2016-02-09 22:17:16,123][com.java.TestType] [12176] - Concept ID:12 :: Step being Executed: 12::1
[ERROR][2016-02-09 22:17:16,124][com.java.TestType] [12209] - Exception: null
[INFO ][2016-02-09 22:17:16,125][com.java.TestType] [12214] - dataFields : BTNparent
[DEBUG][2016-02-09 22:17:16,125][com.java.TestType] [12220] - <In Set values of the page>
[DEBUG][2016-02-09 22:17:16,125][com.java.TestType] [12225] - {Data Fields & Data Values Exist}
[INFO ][2016-02-09 22:17:16,125][com.java.TestType] [12231] - --------------------------setting values-----------------------------
[INFO ][2016-02-09 22:17:16,125][com.java.TestType] [12234] - Action Type : SELECTFRAME
[INFO ][2016-02-09 22:17:16,140][com.java.TestType] [12253] -  RESULT true
[INFO ][2016-02-09 22:17:16,140][com.java.TestType] [12370] - ?   P A S S   ?
[DEBUG][2016-02-09 22:17:16,140][com.java.TestType] [12176] - Concept ID:12 :: Step being Executed: 12::2
[INFO ][2016-02-09 22:17:16,140][com.java.TestType] [12214] - dataFields : test
[DEBUG][2016-02-09 22:17:16,140][com.java.TestType] [12220] - <In Set values of the page>
[DEBUG][2016-02-09 22:17:16,140][com.java.TestType] [12225] - {Data Fields & Data Values Exist}
[INFO ][2016-02-09 22:17:16,140][com.java.TestType] [12231] - --------------------------setting values-----------------------------
[INFO ][2016-02-09 22:17:16,141][com.java.TestType] [12234] - Action Type : OPENURL
[INFO ][2016-02-09 22:17:16,141][com.java.TestType] [ 6752] - value = https://clients-xuat.bankersdashboard.com
[INFO ][2016-02-09 22:17:16,141][com.java.TestType] [  364] - Open URL : https://clients-xuat.bankersdashboard.com
[INFO ][2016-02-09 22:17:18,926][com.java.TestType] [12253] -  RESULT true
[INFO ][2016-02-09 22:17:18,927][com.java.TestType] [12370] - ?   P A S S   ?
[DEBUG][2016-02-09 22:17:18,927][com.java.TestType] [12176] - Concept ID:12 :: Step being Executed: 12::3
[ERROR][2016-02-09 22:17:18,927][com.java.TestType] [12209] - Exception: null
[INFO ][2016-02-09 22:17:18,927][com.java.TestType] [12214] - dataFields : //span[@class='icon-cog2']&&//a[@data-id="UserSettings"]
[DEBUG][2016-02-09 22:17:18,927][com.java.TestType] [12220] - <In Set values of the page>
[DEBUG][2016-02-09 22:17:18,927][com.java.TestType] [12225] - {Data Fields & Data Values Exist}
[INFO ][2016-02-09 22:17:18,927][com.java.TestType] [12231] - --------------------------setting values-----------------------------
[INFO ][2016-02-09 22:17:18,927][com.java.TestType] [12234] - Action Type : MOUSEOVER
[INFO ][2016-02-09 22:18:00,054][com.java.TestType] [12253] -  RESULT true
[INFO ][2016-02-09 22:18:00,054][com.java.TestType] [12370] - ?   P A S S   ?
[DEBUG][2016-02-09 22:18:00,054][com.java.TestType] [12176] - Concept ID:12 :: Step being Executed: 12::4
[INFO ][2016-02-09 22:18:00,054][com.java.TestType] [12214] - dataFields : BTNframeDialogContent
[DEBUG][2016-02-09 22:18:00,054][com.java.TestType] [12220] - <In Set values of the page>
[DEBUG][2016-02-09 22:18:00,054][com.java.TestType] [12225] - {Data Fields & Data Values Exist}
[INFO ][2016-02-09 22:18:00,055][com.java.TestType] [12231] - --------------------------setting values-----------------------------
[INFO ][2016-02-09 22:18:00,055][com.java.TestType] [12234] - Action Type : WaitForElement
[INFO ][2016-02-09 22:18:01,345][com.java.TestType] [12253] -  RESULT true
[INFO ][2016-02-09 22:18:01,345][com.java.TestType] [12370] - ?   P A S S   ?
[DEBUG][2016-02-09 22:18:01,345][com.java.TestType] [12176] - Concept ID:12 :: Step being Executed: 12::5
[ERROR][2016-02-09 22:18:01,345][com.java.TestType] [12209] - Exception: null
[INFO ][2016-02-09 22:18:01,345][com.java.TestType] [12214] - dataFields : BTNframeDialogContent
[DEBUG][2016-02-09 22:18:01,346][com.java.TestType] [12220] - <In Set values of the page>
[DEBUG][2016-02-09 22:18:01,346][com.java.TestType] [12225] - {Data Fields & Data Values Exist}
[INFO ][2016-02-09 22:18:01,346][com.java.TestType] [12231] - --------------------------setting values-----------------------------
[INFO ][2016-02-09 22:18:01,346][com.java.TestType] [12234] - Action Type : SELECTFRAME
[INFO ][2016-02-09 22:18:02,676][com.java.TestType] [12253] -  RESULT true
[INFO ][2016-02-09 22:18:02,676][com.java.TestType] [12370] - ?   P A S S   ?
[DEBUG][2016-02-09 22:18:02,676][com.java.TestType] [12176] - Concept ID:12 :: Step being Executed: 12::6
[INFO ][2016-02-09 22:18:02,676][com.java.TestType] [12214] - dataFields : SLBddlRoundingValue
[DEBUG][2016-02-09 22:18:02,676][com.java.TestType] [12220] - <In Set values of the page>
[DEBUG][2016-02-09 22:18:02,676][com.java.TestType] [12225] - {Data Fields & Data Values Exist}
[INFO ][2016-02-09 22:18:02,676][com.java.TestType] [12231] - --------------------------setting values-----------------------------
[INFO ][2016-02-09 22:18:02,676][com.java.TestType] [12234] - Action Type : SELECT
[INFO ][2016-02-09 22:18:02,676][com.java.TestType] [ 6752] - value = 1
[INFO ][2016-02-09 22:18:05,018][com.java.TestType] [12253] -  RESULT true
[INFO ][2016-02-09 22:18:05,018][com.java.TestType] [12370] - ?   P A S S   ?
[DEBUG][2016-02-09 22:18:05,018][com.java.TestType] [12176] - Concept ID:12 :: Step being Executed: 12::7
[ERROR][2016-02-09 22:18:05,018][com.java.TestType] [12209] - Exception: null
[INFO ][2016-02-09 22:18:05,018][com.java.TestType] [12214] - dataFields : BTNparent
[DEBUG][2016-02-09 22:18:05,018][com.java.TestType] [12220] - <In Set values of the page>
[DEBUG][2016-02-09 22:18:05,018][com.java.TestType] [12225] - {Data Fields & Data Values Exist}
[INFO ][2016-02-09 22:18:05,018][com.java.TestType] [12231] - --------------------------setting values-----------------------------
[INFO ][2016-02-09 22:18:05,018][com.java.TestType] [12234] - Action Type : SELECTFRAME
[INFO ][2016-02-09 22:18:05,034][com.java.TestType] [12253] -  RESULT true
[INFO ][2016-02-09 22:18:05,035][com.java.TestType] [12370] - ?   P A S S   ?
[DEBUG][2016-02-09 22:18:05,035][com.java.TestType] [12176] - Concept ID:12 :: Step being Executed: 12::8
[ERROR][2016-02-09 22:18:05,035][com.java.TestType] [12209] - Exception: null
[INFO ][2016-02-09 22:18:05,035][com.java.TestType] [12214] - dataFields : BTN//span[text()='Finished']
[DEBUG][2016-02-09 22:18:05,035][com.java.TestType] [12220] - <In Set values of the page>
[DEBUG][2016-02-09 22:18:05,035][com.java.TestType] [12225] - {Data Fields & Data Values Exist}
[INFO ][2016-02-09 22:18:05,035][com.java.TestType] [12231] - --------------------------setting values-----------------------------
[INFO ][2016-02-09 22:18:05,035][com.java.TestType] [12234] - Action Type : Click
[INFO ][2016-02-09 22:18:05,035][com.java.TestType] [ 7153] - Field ::BTN//span[text()='Finished']
[INFO ][2016-02-09 22:18:05,035][com.java.TestType] [ 6752] - value = 
[INFO ][2016-02-09 22:18:06,035][com.java.TestType] [ 7309] - BEFORE CLICK
[INFO ][2016-02-09 22:18:06,406][com.java.TestType] [ 7316] - Unable to click the object Finished button
[INFO ][2016-02-09 22:18:06,407][com.java.TestType] [12253] -  RESULT true
[INFO ][2016-02-09 22:18:06,407][com.java.TestType] [12370] - ?   P A S S   ?
[DEBUG][2016-02-09 22:18:06,407][com.java.TestType] [12176] - Concept ID:12 :: Step being Executed: 12::9
[INFO ][2016-02-09 22:18:06,407][com.java.TestType] [12214] - dataFields : XPH//div[contains(text(), 'My Dashboard')]
[DEBUG][2016-02-09 22:18:06,407][com.java.TestType] [12220] - <In Set values of the page>
[DEBUG][2016-02-09 22:18:06,407][com.java.TestType] [12225] - {Data Fields & Data Values Exist}
[INFO ][2016-02-09 22:18:06,407][com.java.TestType] [12231] - --------------------------setting values-----------------------------
[INFO ][2016-02-09 22:18:06,407][com.java.TestType] [12234] - Action Type : WAITFORELEMENT
[INFO ][2016-02-09 22:18:06,444][com.java.TestType] [12253] -  RESULT true
[INFO ][2016-02-09 22:18:06,444][com.java.TestType] [12370] - ?   P A S S   ?
[DEBUG][2016-02-09 22:18:06,444][com.java.TestType] [12176] - Concept ID:12 :: Step being Executed: 12::10
[INFO ][2016-02-09 22:18:06,444][com.java.TestType] [12214] - dataFields : null
[DEBUG][2016-02-09 22:18:06,444][com.java.TestType] [12220] - <In Set values of the page>
[INFO ][2016-02-09 22:18:06,444][com.java.TestType] [12370] - ?   P A S S   ?
[DEBUG][2016-02-09 22:18:06,444][com.java.TestType] [12176] - Concept ID:12 :: Step being Executed: 12::11
[ERROR][2016-02-09 22:18:06,444][com.java.TestType] [12209] - Exception: null
[INFO ][2016-02-09 22:18:06,444][com.java.TestType] [12214] - dataFields : BTNcloseAllTabs
[DEBUG][2016-02-09 22:18:06,444][com.java.TestType] [12220] - <In Set values of the page>
[DEBUG][2016-02-09 22:18:06,444][com.java.TestType] [12225] - {Data Fields & Data Values Exist}
[INFO ][2016-02-09 22:18:06,445][com.java.TestType] [12231] - --------------------------setting values-----------------------------
[INFO ][2016-02-09 22:18:06,445][com.java.TestType] [12234] - Action Type : CLICK
[INFO ][2016-02-09 22:18:06,445][com.java.TestType] [ 7153] - Field ::BTNcloseAllTabs
[INFO ][2016-02-09 22:18:06,445][com.java.TestType] [ 6752] - value = 
[INFO ][2016-02-09 22:18:07,445][com.java.TestType] [ 7309] - BEFORE CLICK
[INFO ][2016-02-09 22:18:09,158][com.java.TestType] [ 7316] - Unable to click the object Close all tabs button
[INFO ][2016-02-09 22:18:09,158][com.java.TestType] [12253] -  RESULT true
[INFO ][2016-02-09 22:18:09,158][com.java.TestType] [12370] - ?   P A S S   ?
[INFO ][2016-02-09 22:18:09,158][com.java.TestType] [12441] - Looping End......
[INFO ][2016-02-09 22:18:09,160][com.java.SeleniumDriver] [  930] -  RESULT true
[INFO ][2016-02-09 22:18:09,160][com.java.SeleniumDriver] [ 1136] - ?   P A S S   ?
[INFO ][2016-02-09 22:18:09,160][com.java.SeleniumDriver] [  856] - ------------------------------------------
[INFO ][2016-02-09 22:18:09,160][com.java.SeleniumDriver] [  857] - Test case being Executed: 8
[INFO ][2016-02-09 22:18:09,160][com.java.SeleniumDriver] [  869] - Test step:5
[INFO ][2016-02-09 22:18:09,160][com.java.SeleniumDriver] [  881] - Datavalue is----------null
[DEBUG][2016-02-09 22:18:09,160][com.java.SeleniumDriver] [  899] - Exception: null
[INFO ][2016-02-09 22:18:09,160][com.java.SeleniumDriver] [  905] - DataField : //span[@class="icon-cog2"]&&//a[text()='Customize']&&//a[@data-id="TabletAlerts"]
[INFO ][2016-02-09 22:18:09,160][com.java.SeleniumDriver] [  907] - DataValue : 
[INFO ][2016-02-09 22:18:09,160][com.java.SeleniumDriver] [  913] - <In Set values of the page>
[INFO ][2016-02-09 22:18:09,160][com.java.SeleniumDriver] [  916] - {Data Fields & Data Values Exist}
[INFO ][2016-02-09 22:18:09,161][com.java.SeleniumDriver] [  918] - --------------------------setting values-----------------------------
[INFO ][2016-02-09 22:18:09,161][com.java.SeleniumDriver] [  921] - Action Type : MOUSEOVER
[INFO ][2016-02-09 22:18:54,038][com.java.SeleniumDriver] [  930] -  RESULT true
[INFO ][2016-02-09 22:18:54,038][com.java.SeleniumDriver] [ 1136] - ?   P A S S   ?
[INFO ][2016-02-09 22:18:54,039][com.java.SeleniumDriver] [  856] - ------------------------------------------
[INFO ][2016-02-09 22:18:54,039][com.java.SeleniumDriver] [  857] - Test case being Executed: 8
[INFO ][2016-02-09 22:18:54,039][com.java.SeleniumDriver] [  869] - Test step:6
[INFO ][2016-02-09 22:18:54,039][com.java.SeleniumDriver] [  881] - Datavalue is----------My Alerts
[INFO ][2016-02-09 22:18:54,039][com.java.SeleniumDriver] [  905] - DataField : XPH//span[@class='ui-dialog-title']
[INFO ][2016-02-09 22:18:54,039][com.java.SeleniumDriver] [  907] - DataValue : My Alerts
[INFO ][2016-02-09 22:18:54,039][com.java.SeleniumDriver] [  913] - <In Set values of the page>
[INFO ][2016-02-09 22:18:54,039][com.java.SeleniumDriver] [  916] - {Data Fields & Data Values Exist}
[INFO ][2016-02-09 22:18:54,039][com.java.SeleniumDriver] [  918] - --------------------------setting values-----------------------------
[INFO ][2016-02-09 22:18:54,039][com.java.SeleniumDriver] [  921] - Action Type : verify
[INFO ][2016-02-09 22:18:54,039][com.java.TestType] [ 8386] - field= XPH//span[@class='ui-dialog-title'] value= My Alerts
[INFO ][2016-02-09 22:18:54,039][com.java.TestType] [ 6752] - value = My Alerts
[INFO ][2016-02-09 22:18:54,219][com.java.SeleniumDriver] [  930] -  RESULT true
[INFO ][2016-02-09 22:18:54,220][com.java.SeleniumDriver] [ 1136] - ?   P A S S   ?
[INFO ][2016-02-09 22:18:54,220][com.java.SeleniumDriver] [  856] - ------------------------------------------
[INFO ][2016-02-09 22:18:54,220][com.java.SeleniumDriver] [  857] - Test case being Executed: 8
[INFO ][2016-02-09 22:18:54,220][com.java.SeleniumDriver] [  869] - Test step:7
[INFO ][2016-02-09 22:18:54,220][com.java.SeleniumDriver] [  881] - Datavalue is----------null
[DEBUG][2016-02-09 22:18:54,222][com.java.SeleniumDriver] [  899] - Exception: null
[INFO ][2016-02-09 22:18:54,222][com.java.SeleniumDriver] [  905] - DataField : BTNframeDialogContent
[INFO ][2016-02-09 22:18:54,222][com.java.SeleniumDriver] [  907] - DataValue : 
[INFO ][2016-02-09 22:18:54,222][com.java.SeleniumDriver] [  913] - <In Set values of the page>
[INFO ][2016-02-09 22:18:54,222][com.java.SeleniumDriver] [  916] - {Data Fields & Data Values Exist}
[INFO ][2016-02-09 22:18:54,222][com.java.SeleniumDriver] [  918] - --------------------------setting values-----------------------------
[INFO ][2016-02-09 22:18:54,222][com.java.SeleniumDriver] [  921] - Action Type : SELECTFRAME
[INFO ][2016-02-09 22:18:55,589][com.java.SeleniumDriver] [  930] -  RESULT true
[INFO ][2016-02-09 22:18:55,589][com.java.SeleniumDriver] [ 1136] - ?   P A S S   ?
[INFO ][2016-02-09 22:18:55,589][com.java.SeleniumDriver] [  856] - ------------------------------------------
[INFO ][2016-02-09 22:18:55,589][com.java.SeleniumDriver] [  857] - Test case being Executed: 8
[INFO ][2016-02-09 22:18:55,589][com.java.SeleniumDriver] [  869] - Test step:8
[INFO ][2016-02-09 22:18:55,589][com.java.SeleniumDriver] [  881] - Datavalue is----------null
[DEBUG][2016-02-09 22:18:55,589][com.java.SeleniumDriver] [  899] - Exception: null
[INFO ][2016-02-09 22:18:55,589][com.java.SeleniumDriver] [  905] - DataField : XPH//span[contains(text(),'Balance Sheet')]
[INFO ][2016-02-09 22:18:55,589][com.java.SeleniumDriver] [  907] - DataValue : 
[INFO ][2016-02-09 22:18:55,589][com.java.SeleniumDriver] [  913] - <In Set values of the page>
[INFO ][2016-02-09 22:18:55,589][com.java.SeleniumDriver] [  916] - {Data Fields & Data Values Exist}
[INFO ][2016-02-09 22:18:55,590][com.java.SeleniumDriver] [  918] - --------------------------setting values-----------------------------
[INFO ][2016-02-09 22:18:55,590][com.java.SeleniumDriver] [  921] - Action Type : CLICK
[INFO ][2016-02-09 22:18:55,590][com.java.TestType] [ 7153] - Field ::XPH//span[contains(text(),'Balance Sheet')]
[INFO ][2016-02-09 22:18:55,590][com.java.TestType] [ 6752] - value = 
[INFO ][2016-02-09 22:18:56,590][com.java.TestType] [ 7330] - BEFORE CLICK
[INFO ][2016-02-09 22:18:57,475][com.java.TestType] [ 7338] - Unable to click the object Balance Sheet
[INFO ][2016-02-09 22:18:57,475][com.java.SeleniumDriver] [  930] -  RESULT true
[INFO ][2016-02-09 22:18:57,475][com.java.SeleniumDriver] [ 1136] - ?   P A S S   ?
[INFO ][2016-02-09 22:18:57,475][com.java.SeleniumDriver] [  856] - ------------------------------------------
[INFO ][2016-02-09 22:18:57,475][com.java.SeleniumDriver] [  857] - Test case being Executed: 8
[INFO ][2016-02-09 22:18:57,475][com.java.SeleniumDriver] [  869] - Test step:9
[INFO ][2016-02-09 22:18:57,475][com.java.SeleniumDriver] [  881] - Datavalue is----------5
[INFO ][2016-02-09 22:18:57,475][com.java.SeleniumDriver] [  905] - DataField : test
[INFO ][2016-02-09 22:18:57,475][com.java.SeleniumDriver] [  907] - DataValue : 5
[INFO ][2016-02-09 22:18:57,475][com.java.SeleniumDriver] [  913] - <In Set values of the page>
[INFO ][2016-02-09 22:18:57,475][com.java.SeleniumDriver] [  916] - {Data Fields & Data Values Exist}
[INFO ][2016-02-09 22:18:57,475][com.java.SeleniumDriver] [  918] - --------------------------setting values-----------------------------
[INFO ][2016-02-09 22:18:57,475][com.java.SeleniumDriver] [  921] - Action Type : WAITTIME
[DEBUG][2016-02-09 22:18:57,476][com.java.TestType] [ 6561] - sleepTime: 5000
[INFO ][2016-02-09 22:19:02,477][com.java.SeleniumDriver] [  930] -  RESULT true
[INFO ][2016-02-09 22:19:02,477][com.java.SeleniumDriver] [ 1136] - ?   P A S S   ?
[INFO ][2016-02-09 22:19:02,477][com.java.SeleniumDriver] [  856] - ------------------------------------------
[INFO ][2016-02-09 22:19:02,477][com.java.SeleniumDriver] [  857] - Test case being Executed: 8
[INFO ][2016-02-09 22:19:02,477][com.java.SeleniumDriver] [  869] - Test step:10
[INFO ][2016-02-09 22:19:02,477][com.java.SeleniumDriver] [  881] - Datavalue is----------RMD0
[INFO ][2016-02-09 22:19:02,477][com.java.SeleniumDriver] [  905] - DataField : TXT//table[@id="BalSheetTbl"]/tbody//td[4]/input[@class="perVal"]
[INFO ][2016-02-09 22:19:02,477][com.java.SeleniumDriver] [  907] - DataValue : RMD0
[INFO ][2016-02-09 22:19:02,477][com.java.SeleniumDriver] [  913] - <In Set values of the page>
[INFO ][2016-02-09 22:19:02,477][com.java.SeleniumDriver] [  916] - {Data Fields & Data Values Exist}
[INFO ][2016-02-09 22:19:02,477][com.java.SeleniumDriver] [  918] - --------------------------setting values-----------------------------
[INFO ][2016-02-09 22:19:02,477][com.java.SeleniumDriver] [  921] - Action Type : CLEARANDENTER
[INFO ][2016-02-09 22:19:02,607][com.java.TestType] [ 6752] - value = 06
[INFO ][2016-02-09 22:19:02,744][com.java.SeleniumDriver] [  930] -  RESULT true
[INFO ][2016-02-09 22:19:02,745][com.java.SeleniumDriver] [ 1136] - ?   P A S S   ?
[INFO ][2016-02-09 22:19:02,745][com.java.SeleniumDriver] [  856] - ------------------------------------------
[INFO ][2016-02-09 22:19:02,745][com.java.SeleniumDriver] [  857] - Test case being Executed: 8
[INFO ][2016-02-09 22:19:02,745][com.java.SeleniumDriver] [  869] - Test step:11
[INFO ][2016-02-09 22:19:02,746][com.java.SeleniumDriver] [  881] - Datavalue is----------null
[DEBUG][2016-02-09 22:19:02,748][com.java.SeleniumDriver] [  899] - Exception: null
[INFO ][2016-02-09 22:19:02,748][com.java.SeleniumDriver] [  905] - DataField : BTNparent
[INFO ][2016-02-09 22:19:02,748][com.java.SeleniumDriver] [  907] - DataValue : 
[INFO ][2016-02-09 22:19:02,748][com.java.SeleniumDriver] [  913] - <In Set values of the page>
[INFO ][2016-02-09 22:19:02,748][com.java.SeleniumDriver] [  916] - {Data Fields & Data Values Exist}
[INFO ][2016-02-09 22:19:02,748][com.java.SeleniumDriver] [  918] - --------------------------setting values-----------------------------
[INFO ][2016-02-09 22:19:02,748][com.java.SeleniumDriver] [  921] - Action Type : SELECTFRAME
[INFO ][2016-02-09 22:19:02,763][com.java.SeleniumDriver] [  930] -  RESULT true
[INFO ][2016-02-09 22:19:02,763][com.java.SeleniumDriver] [ 1136] - ?   P A S S   ?
[INFO ][2016-02-09 22:19:02,763][com.java.SeleniumDriver] [  856] - ------------------------------------------
[INFO ][2016-02-09 22:19:02,763][com.java.SeleniumDriver] [  857] - Test case being Executed: 8
[INFO ][2016-02-09 22:19:02,763][com.java.SeleniumDriver] [  869] - Test step:12
[INFO ][2016-02-09 22:19:02,763][com.java.SeleniumDriver] [  881] - Datavalue is----------null
[DEBUG][2016-02-09 22:19:02,763][com.java.SeleniumDriver] [  899] - Exception: null
[INFO ][2016-02-09 22:19:02,763][com.java.SeleniumDriver] [  905] - DataField : HDN//span[contains(text(),'Save')]
[INFO ][2016-02-09 22:19:02,763][com.java.SeleniumDriver] [  907] - DataValue : 
[INFO ][2016-02-09 22:19:02,764][com.java.SeleniumDriver] [  913] - <In Set values of the page>
[INFO ][2016-02-09 22:19:02,764][com.java.SeleniumDriver] [  916] - {Data Fields & Data Values Exist}
[INFO ][2016-02-09 22:19:02,764][com.java.SeleniumDriver] [  918] - --------------------------setting values-----------------------------
[INFO ][2016-02-09 22:19:02,764][com.java.SeleniumDriver] [  921] - Action Type : CLICK
[INFO ][2016-02-09 22:19:02,764][com.java.TestType] [ 7153] - Field ::HDN//span[contains(text(),'Save')]
[INFO ][2016-02-09 22:19:02,764][com.java.TestType] [ 6752] - value = 
[INFO ][2016-02-09 22:19:04,107][com.java.SeleniumDriver] [  930] -  RESULT true
[INFO ][2016-02-09 22:19:04,107][com.java.SeleniumDriver] [ 1136] - ?   P A S S   ?
[INFO ][2016-02-09 22:19:04,107][com.java.SeleniumDriver] [  856] - ------------------------------------------
[INFO ][2016-02-09 22:19:04,107][com.java.SeleniumDriver] [  857] - Test case being Executed: 8
[INFO ][2016-02-09 22:19:04,107][com.java.SeleniumDriver] [  869] - Test step:13
[INFO ][2016-02-09 22:19:04,107][com.java.SeleniumDriver] [  881] - Datavalue is----------null
[DEBUG][2016-02-09 22:19:04,107][com.java.SeleniumDriver] [  899] - Exception: null
[INFO ][2016-02-09 22:19:04,107][com.java.SeleniumDriver] [  905] - DataField : XPH//div[@class="menu"]//span[@class='glyphicon glyphicon-bell']
[INFO ][2016-02-09 22:19:04,107][com.java.SeleniumDriver] [  907] - DataValue : 
[INFO ][2016-02-09 22:19:04,108][com.java.SeleniumDriver] [  913] - <In Set values of the page>
[INFO ][2016-02-09 22:19:04,108][com.java.SeleniumDriver] [  916] - {Data Fields & Data Values Exist}
[INFO ][2016-02-09 22:19:04,108][com.java.SeleniumDriver] [  918] - --------------------------setting values-----------------------------
[INFO ][2016-02-09 22:19:04,108][com.java.SeleniumDriver] [  921] - Action Type : CLICK
[INFO ][2016-02-09 22:19:04,108][com.java.TestType] [ 7153] - Field ::XPH//div[@class="menu"]//span[@class='glyphicon glyphicon-bell']
[INFO ][2016-02-09 22:19:04,108][com.java.TestType] [ 6752] - value = 
[INFO ][2016-02-09 22:19:05,108][com.java.TestType] [ 7330] - BEFORE CLICK
[INFO ][2016-02-09 22:19:06,362][com.java.TestType] [ 7338] - Unable to click the object Click on  bell symbol
[INFO ][2016-02-09 22:19:06,362][com.java.SeleniumDriver] [  930] -  RESULT true
[INFO ][2016-02-09 22:19:06,362][com.java.SeleniumDriver] [ 1136] - ?   P A S S   ?
[INFO ][2016-02-09 22:19:06,362][com.java.SeleniumDriver] [  856] - ------------------------------------------
[INFO ][2016-02-09 22:19:06,362][com.java.SeleniumDriver] [  857] - Test case being Executed: 8
[INFO ][2016-02-09 22:19:06,362][com.java.SeleniumDriver] [  869] - Test step:14
[INFO ][2016-02-09 22:19:06,362][com.java.SeleniumDriver] [  881] - Datavalue is----------null
[DEBUG][2016-02-09 22:19:06,364][com.java.SeleniumDriver] [  899] - Exception: null
[INFO ][2016-02-09 22:19:06,364][com.java.SeleniumDriver] [  905] - DataField : XPH//div[contains(@class,'rightMenuContainer')]//div[@class="menu-drawer"]
[INFO ][2016-02-09 22:19:06,364][com.java.SeleniumDriver] [  907] - DataValue : 
[INFO ][2016-02-09 22:19:06,364][com.java.SeleniumDriver] [  913] - <In Set values of the page>
[INFO ][2016-02-09 22:19:06,364][com.java.SeleniumDriver] [  916] - {Data Fields & Data Values Exist}
[INFO ][2016-02-09 22:19:06,364][com.java.SeleniumDriver] [  918] - --------------------------setting values-----------------------------
[INFO ][2016-02-09 22:19:06,364][com.java.SeleniumDriver] [  921] - Action Type : CLICK
[INFO ][2016-02-09 22:19:06,364][com.java.TestType] [ 7153] - Field ::XPH//div[contains(@class,'rightMenuContainer')]//div[@class="menu-drawer"]
[INFO ][2016-02-09 22:19:06,364][com.java.TestType] [ 6752] - value = 
[INFO ][2016-02-09 22:19:07,365][com.java.TestType] [ 7330] - BEFORE CLICK
[INFO ][2016-02-09 22:19:08,257][com.java.TestType] [ 7338] - Unable to click the object Click on the Today's Alert Page
[INFO ][2016-02-09 22:19:08,257][com.java.SeleniumDriver] [  930] -  RESULT true
[INFO ][2016-02-09 22:19:08,257][com.java.SeleniumDriver] [ 1136] - ?   P A S S   ?
[INFO ][2016-02-09 22:19:08,257][com.java.SeleniumDriver] [  856] - ------------------------------------------
[INFO ][2016-02-09 22:19:08,257][com.java.SeleniumDriver] [  857] - Test case being Executed: 8
[INFO ][2016-02-09 22:19:08,257][com.java.SeleniumDriver] [  869] - Test step:15
[INFO ][2016-02-09 22:19:08,257][com.java.SeleniumDriver] [  881] - Datavalue is----------//div[@class="menu-drawer"]//span
[INFO ][2016-02-09 22:19:08,257][com.java.SeleniumDriver] [  905] - DataField : BTN
[INFO ][2016-02-09 22:19:08,257][com.java.SeleniumDriver] [  907] - DataValue : //div[@class="menu-drawer"]//span
[INFO ][2016-02-09 22:19:08,257][com.java.SeleniumDriver] [  913] - <In Set values of the page>
[INFO ][2016-02-09 22:19:08,257][com.java.SeleniumDriver] [  916] - {Data Fields & Data Values Exist}
[INFO ][2016-02-09 22:19:08,257][com.java.SeleniumDriver] [  918] - --------------------------setting values-----------------------------
[INFO ][2016-02-09 22:19:08,258][com.java.SeleniumDriver] [  921] - Action Type : VERIFY
[INFO ][2016-02-09 22:19:08,258][com.java.TestType] [ 8386] - field= BTN value= //div[@class="menu-drawer"]//span
[INFO ][2016-02-09 22:19:08,258][com.java.TestType] [ 6752] - value = //div[@class="menu-drawer"]//span
[INFO ][2016-02-09 22:19:08,372][com.java.SeleniumDriver] [  930] -  RESULT true
[INFO ][2016-02-09 22:19:08,372][com.java.SeleniumDriver] [ 1136] - ?   P A S S   ?
[INFO ][2016-02-09 22:19:08,372][com.java.SeleniumDriver] [  856] - ------------------------------------------
[INFO ][2016-02-09 22:19:08,372][com.java.SeleniumDriver] [  857] - Test case being Executed: 8
[INFO ][2016-02-09 22:19:08,372][com.java.SeleniumDriver] [  869] - Test step:16
[INFO ][2016-02-09 22:19:08,372][com.java.SeleniumDriver] [  881] - Datavalue is----------//div[@id='isAlertsHeading']/h4
[INFO ][2016-02-09 22:19:08,372][com.java.SeleniumDriver] [  905] - DataField : BTN
[INFO ][2016-02-09 22:19:08,372][com.java.SeleniumDriver] [  907] - DataValue : //div[@id='isAlertsHeading']/h4
[INFO ][2016-02-09 22:19:08,372][com.java.SeleniumDriver] [  913] - <In Set values of the page>
[INFO ][2016-02-09 22:19:08,372][com.java.SeleniumDriver] [  916] - {Data Fields & Data Values Exist}
[INFO ][2016-02-09 22:19:08,372][com.java.SeleniumDriver] [  918] - --------------------------setting values-----------------------------
[INFO ][2016-02-09 22:19:08,372][com.java.SeleniumDriver] [  921] - Action Type : VERIFY
[INFO ][2016-02-09 22:19:08,373][com.java.TestType] [ 8386] - field= BTN value= //div[@id='isAlertsHeading']/h4
[INFO ][2016-02-09 22:19:08,373][com.java.TestType] [ 6752] - value = //div[@id='isAlertsHeading']/h4
[INFO ][2016-02-09 22:19:08,445][com.java.SeleniumDriver] [  930] -  RESULT true
[INFO ][2016-02-09 22:19:08,445][com.java.SeleniumDriver] [ 1136] - ?   P A S S   ?
[INFO ][2016-02-09 22:19:08,445][com.java.SeleniumDriver] [  856] - ------------------------------------------
[INFO ][2016-02-09 22:19:08,445][com.java.SeleniumDriver] [  857] - Test case being Executed: 8
[INFO ][2016-02-09 22:19:08,445][com.java.SeleniumDriver] [  869] - Test step:17
[INFO ][2016-02-09 22:19:08,445][com.java.SeleniumDriver] [  881] - Datavalue is----------null
[DEBUG][2016-02-09 22:19:08,445][com.java.SeleniumDriver] [  899] - Exception: null
[INFO ][2016-02-09 22:19:08,446][com.java.SeleniumDriver] [  905] - DataField : XPH//div[@class="panel panel-default ng-scope"]/div[@id='bsAlertsHeading']/h4
[INFO ][2016-02-09 22:19:08,446][com.java.SeleniumDriver] [  907] - DataValue : 
[INFO ][2016-02-09 22:19:08,446][com.java.SeleniumDriver] [  913] - <In Set values of the page>
[INFO ][2016-02-09 22:19:08,446][com.java.SeleniumDriver] [  916] - {Data Fields & Data Values Exist}
[INFO ][2016-02-09 22:19:08,446][com.java.SeleniumDriver] [  918] - --------------------------setting values-----------------------------
[INFO ][2016-02-09 22:19:08,446][com.java.SeleniumDriver] [  921] - Action Type : CLICK
[INFO ][2016-02-09 22:19:08,446][com.java.TestType] [ 7153] - Field ::XPH//div[@class="panel panel-default ng-scope"]/div[@id='bsAlertsHeading']/h4
[INFO ][2016-02-09 22:19:08,446][com.java.TestType] [ 6752] - value = 
[INFO ][2016-02-09 22:19:09,447][com.java.TestType] [ 7330] - BEFORE CLICK
[INFO ][2016-02-09 22:19:10,394][com.java.TestType] [ 7338] - Unable to click the object Click on Income Statement tab
[INFO ][2016-02-09 22:19:10,394][com.java.SeleniumDriver] [  930] -  RESULT true
[INFO ][2016-02-09 22:19:10,394][com.java.SeleniumDriver] [ 1136] - ?   P A S S   ?
[INFO ][2016-02-09 22:19:10,394][com.java.SeleniumDriver] [  856] - ------------------------------------------
[INFO ][2016-02-09 22:19:10,394][com.java.SeleniumDriver] [  857] - Test case being Executed: 8
[INFO ][2016-02-09 22:19:10,394][com.java.SeleniumDriver] [  869] - Test step:18
[INFO ][2016-02-09 22:19:10,394][com.java.SeleniumDriver] [  881] - Datavalue is----------5
[INFO ][2016-02-09 22:19:10,394][com.java.SeleniumDriver] [  905] - DataField : null
[INFO ][2016-02-09 22:19:10,394][com.java.SeleniumDriver] [  907] - DataValue : 5
[INFO ][2016-02-09 22:19:10,394][com.java.SeleniumDriver] [  913] - <In Set values of the page>
[INFO ][2016-02-09 22:19:10,394][com.java.SeleniumDriver] [  916] - {Data Fields & Data Values Exist}
[INFO ][2016-02-09 22:19:10,394][com.java.SeleniumDriver] [  918] - --------------------------setting values-----------------------------
[INFO ][2016-02-09 22:19:10,394][com.java.SeleniumDriver] [  921] - Action Type : WAITTIME
[DEBUG][2016-02-09 22:19:10,395][com.java.TestType] [ 6561] - sleepTime: 5000
[INFO ][2016-02-09 22:19:15,395][com.java.SeleniumDriver] [  930] -  RESULT true
[INFO ][2016-02-09 22:19:15,395][com.java.SeleniumDriver] [ 1136] - ?   P A S S   ?
[INFO ][2016-02-09 22:19:15,395][com.java.SeleniumDriver] [  856] - ------------------------------------------
[INFO ][2016-02-09 22:19:15,395][com.java.SeleniumDriver] [  857] - Test case being Executed: 8
[INFO ][2016-02-09 22:19:15,395][com.java.SeleniumDriver] [  869] - Test step:19
[INFO ][2016-02-09 22:19:15,395][com.java.SeleniumDriver] [  881] - Datavalue is----------//div[@id='bsAlertsContent']//div[@class="ng-binding"]
[INFO ][2016-02-09 22:19:15,395][com.java.SeleniumDriver] [  905] - DataField : BTN
[INFO ][2016-02-09 22:19:15,395][com.java.SeleniumDriver] [  907] - DataValue : //div[@id='bsAlertsContent']//div[@class="ng-binding"]
[INFO ][2016-02-09 22:19:15,395][com.java.SeleniumDriver] [  913] - <In Set values of the page>
[INFO ][2016-02-09 22:19:15,395][com.java.SeleniumDriver] [  916] - {Data Fields & Data Values Exist}
[INFO ][2016-02-09 22:19:15,395][com.java.SeleniumDriver] [  918] - --------------------------setting values-----------------------------
[INFO ][2016-02-09 22:19:15,395][com.java.SeleniumDriver] [  921] - Action Type : VERIFY
[INFO ][2016-02-09 22:19:15,396][com.java.TestType] [ 8386] - field= BTN value= //div[@id='bsAlertsContent']//div[@class="ng-binding"]
[INFO ][2016-02-09 22:19:15,396][com.java.TestType] [ 6752] - value = //div[@id='bsAlertsContent']//div[@class="ng-binding"]
[INFO ][2016-02-09 22:19:15,482][com.java.SeleniumDriver] [  930] -  RESULT true
[INFO ][2016-02-09 22:19:15,482][com.java.SeleniumDriver] [ 1136] - ?   P A S S   ?
[INFO ][2016-02-09 22:19:15,482][com.java.SeleniumDriver] [  856] - ------------------------------------------
[INFO ][2016-02-09 22:19:15,482][com.java.SeleniumDriver] [  857] - Test case being Executed: 8
[INFO ][2016-02-09 22:19:15,482][com.java.SeleniumDriver] [  869] - Test step:20
[INFO ][2016-02-09 22:19:15,482][com.java.SeleniumDriver] [  881] - Datavalue is----------null
[DEBUG][2016-02-09 22:19:15,482][com.java.SeleniumDriver] [  899] - Exception: null
[INFO ][2016-02-09 22:19:15,482][com.java.SeleniumDriver] [  905] - DataField : XPH//div[@class="panel panel-default ng-scope"]/div[@id='bsAlertsHeading']/h4
[INFO ][2016-02-09 22:19:15,482][com.java.SeleniumDriver] [  907] - DataValue : 
[INFO ][2016-02-09 22:19:15,482][com.java.SeleniumDriver] [  913] - <In Set values of the page>
[INFO ][2016-02-09 22:19:15,483][com.java.SeleniumDriver] [  916] - {Data Fields & Data Values Exist}
[INFO ][2016-02-09 22:19:15,483][com.java.SeleniumDriver] [  918] - --------------------------setting values-----------------------------
[INFO ][2016-02-09 22:19:15,483][com.java.SeleniumDriver] [  921] - Action Type : CLICK
[INFO ][2016-02-09 22:19:15,483][com.java.TestType] [ 7153] - Field ::XPH//div[@class="panel panel-default ng-scope"]/div[@id='bsAlertsHeading']/h4
[INFO ][2016-02-09 22:19:15,483][com.java.TestType] [ 6752] - value = 
[INFO ][2016-02-09 22:19:16,483][com.java.TestType] [ 7330] - BEFORE CLICK
[INFO ][2016-02-09 22:19:17,444][com.java.TestType] [ 7338] - Unable to click the object Click on Income Statement tab
[INFO ][2016-02-09 22:19:17,444][com.java.SeleniumDriver] [  930] -  RESULT true
[INFO ][2016-02-09 22:19:17,444][com.java.SeleniumDriver] [ 1136] - ?   P A S S   ?
[INFO ][2016-02-09 22:19:17,444][com.java.SeleniumDriver] [  856] - ------------------------------------------
[INFO ][2016-02-09 22:19:17,444][com.java.SeleniumDriver] [  857] - Test case being Executed: 8
[INFO ][2016-02-09 22:19:17,444][com.java.SeleniumDriver] [  869] - Test step:21
[INFO ][2016-02-09 22:19:17,444][com.java.SeleniumDriver] [  881] - Datavalue is----------//*[@id='bsAlertsContent']/div/div[1]/div[1]
[INFO ][2016-02-09 22:19:17,444][com.java.SeleniumDriver] [  905] - DataField : MSG
[INFO ][2016-02-09 22:19:17,444][com.java.SeleniumDriver] [  907] - DataValue : //*[@id='bsAlertsContent']/div/div[1]/div[1]
[INFO ][2016-02-09 22:19:17,444][com.java.SeleniumDriver] [  913] - <In Set values of the page>
[INFO ][2016-02-09 22:19:17,444][com.java.SeleniumDriver] [  916] - {Data Fields & Data Values Exist}
[INFO ][2016-02-09 22:19:17,444][com.java.SeleniumDriver] [  918] - --------------------------setting values-----------------------------
[INFO ][2016-02-09 22:19:17,445][com.java.SeleniumDriver] [  921] - Action Type : VERIFYNOTPRESENT
[INFO ][2016-02-09 22:19:17,445][com.java.TestType] [10219] - field= MSG value= //*[@id='bsAlertsContent']/div/div[1]/div[1]
[INFO ][2016-02-09 22:19:17,537][com.java.SeleniumDriver] [  930] -  RESULT true
[INFO ][2016-02-09 22:19:17,537][com.java.SeleniumDriver] [ 1136] - ?   P A S S   ?
[INFO ][2016-02-09 22:19:17,537][com.java.SeleniumDriver] [  856] - ------------------------------------------
[INFO ][2016-02-09 22:19:17,537][com.java.SeleniumDriver] [  857] - Test case being Executed: 8
[INFO ][2016-02-09 22:19:17,537][com.java.SeleniumDriver] [  869] - Test step:22
[INFO ][2016-02-09 22:19:17,537][com.java.SeleniumDriver] [  881] - Datavalue is----------5
[INFO ][2016-02-09 22:19:17,538][com.java.SeleniumDriver] [  905] - DataField : null
[INFO ][2016-02-09 22:19:17,538][com.java.SeleniumDriver] [  907] - DataValue : 5
[INFO ][2016-02-09 22:19:17,538][com.java.SeleniumDriver] [  913] - <In Set values of the page>
[INFO ][2016-02-09 22:19:17,538][com.java.SeleniumDriver] [  916] - {Data Fields & Data Values Exist}
[INFO ][2016-02-09 22:19:17,538][com.java.SeleniumDriver] [  918] - --------------------------setting values-----------------------------
[INFO ][2016-02-09 22:19:17,538][com.java.SeleniumDriver] [  921] - Action Type : WAITTIME
[DEBUG][2016-02-09 22:19:17,538][com.java.TestType] [ 6561] - sleepTime: 5000
[INFO ][2016-02-09 22:19:22,539][com.java.SeleniumDriver] [  930] -  RESULT true
[INFO ][2016-02-09 22:19:22,539][com.java.SeleniumDriver] [ 1136] - ?   P A S S   ?
[INFO ][2016-02-09 22:19:22,539][com.java.SeleniumDriver] [  856] - ------------------------------------------
[INFO ][2016-02-09 22:19:22,539][com.java.SeleniumDriver] [  857] - Test case being Executed: 8
[INFO ][2016-02-09 22:19:22,539][com.java.SeleniumDriver] [  869] - Test step:23
[INFO ][2016-02-09 22:19:22,539][com.java.SeleniumDriver] [  881] - Datavalue is----------null
[DEBUG][2016-02-09 22:19:22,541][com.java.SeleniumDriver] [  899] - Exception: null
[INFO ][2016-02-09 22:19:22,541][com.java.SeleniumDriver] [  905] - DataField : HDN//span[@class='glyphicon glyphicon-refresh ng-scope']
[INFO ][2016-02-09 22:19:22,541][com.java.SeleniumDriver] [  907] - DataValue : 
[INFO ][2016-02-09 22:19:22,541][com.java.SeleniumDriver] [  913] - <In Set values of the page>
[INFO ][2016-02-09 22:19:22,541][com.java.SeleniumDriver] [  916] - {Data Fields & Data Values Exist}
[INFO ][2016-02-09 22:19:22,541][com.java.SeleniumDriver] [  918] - --------------------------setting values-----------------------------
[INFO ][2016-02-09 22:19:22,541][com.java.SeleniumDriver] [  921] - Action Type : CLICK
[INFO ][2016-02-09 22:19:22,541][com.java.TestType] [ 7153] - Field ::HDN//span[@class='glyphicon glyphicon-refresh ng-scope']
[INFO ][2016-02-09 22:19:22,541][com.java.TestType] [ 6752] - value = 
[INFO ][2016-02-09 22:19:23,704][com.java.SeleniumDriver] [  930] -  RESULT true
[INFO ][2016-02-09 22:19:23,704][com.java.SeleniumDriver] [ 1136] - ?   P A S S   ?
[INFO ][2016-02-09 22:19:23,704][com.java.SeleniumDriver] [  856] - ------------------------------------------
[INFO ][2016-02-09 22:19:23,704][com.java.SeleniumDriver] [  857] - Test case being Executed: 8
[INFO ][2016-02-09 22:19:23,704][com.java.SeleniumDriver] [  869] - Test step:24
[INFO ][2016-02-09 22:19:23,705][com.java.SeleniumDriver] [  881] - Datavalue is----------15
[INFO ][2016-02-09 22:19:23,705][com.java.SeleniumDriver] [  905] - DataField : null
[INFO ][2016-02-09 22:19:23,705][com.java.SeleniumDriver] [  907] - DataValue : 15
[INFO ][2016-02-09 22:19:23,705][com.java.SeleniumDriver] [  913] - <In Set values of the page>
[INFO ][2016-02-09 22:19:23,705][com.java.SeleniumDriver] [  916] - {Data Fields & Data Values Exist}
[INFO ][2016-02-09 22:19:23,705][com.java.SeleniumDriver] [  918] - --------------------------setting values-----------------------------
[INFO ][2016-02-09 22:19:23,705][com.java.SeleniumDriver] [  921] - Action Type : WAITTIME
[DEBUG][2016-02-09 22:19:23,705][com.java.TestType] [ 6561] - sleepTime: 15000
[INFO ][2016-02-09 22:19:38,693][com.java.SeleniumDriver] [  930] -  RESULT true
[INFO ][2016-02-09 22:19:38,693][com.java.SeleniumDriver] [ 1136] - ?   P A S S   ?
[INFO ][2016-02-09 22:19:38,693][com.java.SeleniumDriver] [  856] - ------------------------------------------
[INFO ][2016-02-09 22:19:38,693][com.java.SeleniumDriver] [  857] - Test case being Executed: 8
[INFO ][2016-02-09 22:19:38,693][com.java.SeleniumDriver] [  869] - Test step:25
[INFO ][2016-02-09 22:19:38,693][com.java.SeleniumDriver] [  881] - Datavalue is----------glyphicon-play down
[INFO ][2016-02-09 22:19:38,693][com.java.SeleniumDriver] [  905] - DataField : CCM//div[@class="panel panel-default ng-scope"]/div[@id='bsAlertsHeading']/h4/span
[INFO ][2016-02-09 22:19:38,693][com.java.SeleniumDriver] [  907] - DataValue : glyphicon-play down
[INFO ][2016-02-09 22:19:38,693][com.java.SeleniumDriver] [  913] - <In Set values of the page>
[INFO ][2016-02-09 22:19:38,693][com.java.SeleniumDriver] [  916] - {Data Fields & Data Values Exist}
[INFO ][2016-02-09 22:19:38,693][com.java.SeleniumDriver] [  918] - --------------------------setting values-----------------------------
[INFO ][2016-02-09 22:19:38,693][com.java.SeleniumDriver] [  921] - Action Type : VERIFY
[INFO ][2016-02-09 22:19:38,693][com.java.TestType] [ 8386] - field= CCM//div[@class="panel panel-default ng-scope"]/div[@id='bsAlertsHeading']/h4/span value= glyphicon-play down
[INFO ][2016-02-09 22:19:38,694][com.java.TestType] [ 6752] - value = glyphicon-play down
[INFO ][2016-02-09 22:21:30,063][com.java.TestType] [ 8386] - field= //div[@class="panel panel-default ng-scope"]/div[@id='bsAlertsHeading']/h4/span value= glyphicon-play down
