[INFO ][2016-02-03 12:21:53,666][com.java.SeleniumDriver] [  213] - Execute Failed Casesfalse
[INFO ][2016-02-03 12:21:53,666][com.java.SeleniumDriver] [  214] - Browser: IE10
[INFO ][2016-02-03 12:21:53,666][com.java.SeleniumDriver] [  215] - [1, 2, 3, 4, 5]
[INFO ][2016-02-03 12:21:53,666][com.java.SeleniumDriver] [  216] - Total TestCases:5
[INFO ][2016-02-03 12:21:53,666][com.java.SeleniumDriver] [  217] -  Reading Properties from Property File 
[DEBUG][2016-02-03 12:21:53,727][com.java.SeleniumDriver] [  238] - url : https://clients-xuat.bankersdashboard.com
[INFO ][2016-02-03 12:21:53,767][com.java.ImportnExport.ExportTestResultsExcel] [  116] - Time Stamp Wed Feb 03 12:21:53 IST 2016
[INFO ][2016-02-03 12:21:53,767][com.java.ImportnExport.ExportTestResultsExcel] [  175] - OUT FILE : D:\BankersDashboard/TestReports/Test Results_BankersDashBoard_020316_122153_IE10_First Bank.xls
[INFO ][2016-02-03 12:21:55,670][com.java.ImportnExport.ExportTestResultsExcel] [  180] - Test Result file is created
[DEBUG][2016-02-03 12:22:07,621][com.java.SeleniumDriver] [  426] - Hub ip address is-------172.17.68.34
[INFO ][2016-02-03 12:22:07,684][com.java.SeleniumDriver] [  452] - Grid URL:http://172.17.68.34:4444/wd/hub
[INFO ][2016-02-03 12:22:07,684][com.java.SeleniumDriver] [  453] - Capability:Capabilities [{platform=ANY, ensureCleanSession=true, ignoreProtectedModeSettings=true, acceptSslCerts=true, ignoreZoomSetting=true, browserName=internet explorer, browserstack.ie.noFlash=true, version=null}]
[ERROR][2016-02-03 12:22:28,532][com.java.SeleniumDriver] [  498] - Unable invoke browser in grid:Could not start a new session. Possible causes are invalid address of the remote server or browser start-up failure.
Build info: version: '2.48.2', revision: '41bccdd', time: '2015-10-09 19:59:12'
System info: host: 'FVTIII438F1D', ip: '172.17.68.34', os.name: 'Windows 7', os.arch: 'x86', os.version: '6.1', java.version: '1.7.0_55'
Driver info: driver.version: SeleniumDriver
[INFO ][2016-02-03 12:22:28,533][com.java.SeleniumDriver] [  500] - Executing on local machine
[INFO ][2016-02-03 12:22:46,193][com.java.SeleniumDriver] [  248] - IE10is opened
[INFO ][2016-02-03 12:22:46,889][com.java.SeleniumDriver] [  756] - Test cases to be executed are: [1, 2, 3, 4, 5]
[INFO ][2016-02-03 12:22:46,981][com.java.ImportnExport.ImportTestDataDetailsExcel] [   49] - test data details path===== D:\BankersDashboard\TestInputs\TestData.xls
[INFO ][2016-02-03 12:22:47,144][com.java.SeleniumDriver] [  856] - ------------------------------------------
[INFO ][2016-02-03 12:22:47,144][com.java.SeleniumDriver] [  857] - Test case being Executed: 1
[INFO ][2016-02-03 12:22:47,144][com.java.SeleniumDriver] [  869] - Test step:1
[INFO ][2016-02-03 12:22:47,145][com.java.SeleniumDriver] [  881] - Datavalue is----------Concept#1:1-16
[INFO ][2016-02-03 12:22:47,145][com.java.SeleniumDriver] [  905] - DataField : test
[INFO ][2016-02-03 12:22:47,145][com.java.SeleniumDriver] [  907] - DataValue : Concept#1:1-16
[INFO ][2016-02-03 12:22:47,145][com.java.SeleniumDriver] [  913] - <In Set values of the page>
[INFO ][2016-02-03 12:22:47,145][com.java.SeleniumDriver] [  916] - {Data Fields & Data Values Exist}
[INFO ][2016-02-03 12:22:47,145][com.java.SeleniumDriver] [  918] - --------------------------setting values-----------------------------
[INFO ][2016-02-03 12:22:47,145][com.java.SeleniumDriver] [  921] - Action Type : ExecuteTestCase
[INFO ][2016-02-03 12:22:47,576][com.java.TestType] [  448] - The Concept sheet name is ---------- Concept
[INFO ][2016-02-03 12:22:47,576][com.java.TestType] [  451] - The Concept ID  is ---------- 1
[DEBUG][2016-02-03 12:22:47,576][com.java.TestType] [  455] - Steps being executted in the Concept are: 1:16
[INFO ][2016-02-03 12:22:47,576][com.java.TestType] [  462] - Test data details path ---------- D:\BankersDashboard\TestInputs\TestData.xls
[INFO ][2016-02-03 12:22:47,615][com.java.TestType] [  493] -  str(1) = 1
[INFO ][2016-02-03 12:22:47,615][com.java.TestType] [  496] - Test case Id is---1
[INFO ][2016-02-03 12:22:47,616][com.java.TestType] [  498] - 1
[INFO ][2016-02-03 12:22:47,616][com.java.TestType] [  493] -  str(2) = 1
[INFO ][2016-02-03 12:22:47,619][com.java.TestType] [  493] -  str(1) = 1
[INFO ][2016-02-03 12:22:47,620][com.java.TestType] [  496] - Test case Id is---1
[INFO ][2016-02-03 12:22:47,620][com.java.TestType] [  498] - 1
[INFO ][2016-02-03 12:22:47,620][com.java.TestType] [  493] -  str(2) = 2
[INFO ][2016-02-03 12:22:47,621][com.java.TestType] [  493] -  str(1) = 1
[INFO ][2016-02-03 12:22:47,621][com.java.TestType] [  496] - Test case Id is---1
[INFO ][2016-02-03 12:22:47,621][com.java.TestType] [  498] - 1
[INFO ][2016-02-03 12:22:47,623][com.java.TestType] [  493] -  str(2) = 3
[INFO ][2016-02-03 12:22:47,624][com.java.TestType] [  493] -  str(1) = 1
[INFO ][2016-02-03 12:22:47,624][com.java.TestType] [  496] - Test case Id is---1
[INFO ][2016-02-03 12:22:47,624][com.java.TestType] [  498] - 1
[INFO ][2016-02-03 12:22:47,624][com.java.TestType] [  493] -  str(2) = 4
[INFO ][2016-02-03 12:22:47,625][com.java.TestType] [  493] -  str(1) = 1
[INFO ][2016-02-03 12:22:47,625][com.java.TestType] [  496] - Test case Id is---1
[INFO ][2016-02-03 12:22:47,626][com.java.TestType] [  498] - 1
[INFO ][2016-02-03 12:22:47,626][com.java.TestType] [  493] -  str(2) = 5
[INFO ][2016-02-03 12:22:47,627][com.java.TestType] [  493] -  str(1) = 1
[INFO ][2016-02-03 12:22:47,627][com.java.TestType] [  496] - Test case Id is---1
[INFO ][2016-02-03 12:22:47,627][com.java.TestType] [  498] - 1
[INFO ][2016-02-03 12:22:47,627][com.java.TestType] [  493] -  str(2) = 6
[INFO ][2016-02-03 12:22:47,629][com.java.TestType] [  493] -  str(1) = 1
[INFO ][2016-02-03 12:22:47,630][com.java.TestType] [  496] - Test case Id is---1
[INFO ][2016-02-03 12:22:47,630][com.java.TestType] [  498] - 1
[INFO ][2016-02-03 12:22:47,630][com.java.TestType] [  493] -  str(2) = 7
[INFO ][2016-02-03 12:22:47,631][com.java.TestType] [  493] -  str(1) = 1
[INFO ][2016-02-03 12:22:47,631][com.java.TestType] [  496] - Test case Id is---1
[INFO ][2016-02-03 12:22:47,631][com.java.TestType] [  498] - 1
[INFO ][2016-02-03 12:22:47,631][com.java.TestType] [  493] -  str(2) = 8
[INFO ][2016-02-03 12:22:47,632][com.java.TestType] [  493] -  str(1) = 1
[INFO ][2016-02-03 12:22:47,632][com.java.TestType] [  496] - Test case Id is---1
[INFO ][2016-02-03 12:22:47,632][com.java.TestType] [  498] - 1
[INFO ][2016-02-03 12:22:47,632][com.java.TestType] [  493] -  str(2) = 9
[INFO ][2016-02-03 12:22:47,633][com.java.TestType] [  493] -  str(1) = 1
[INFO ][2016-02-03 12:22:47,633][com.java.TestType] [  496] - Test case Id is---1
[INFO ][2016-02-03 12:22:47,633][com.java.TestType] [  498] - 1
[INFO ][2016-02-03 12:22:47,633][com.java.TestType] [  493] -  str(2) = 10
[INFO ][2016-02-03 12:22:47,634][com.java.TestType] [  493] -  str(1) = 1
[INFO ][2016-02-03 12:22:47,634][com.java.TestType] [  496] - Test case Id is---1
[INFO ][2016-02-03 12:22:47,634][com.java.TestType] [  498] - 1
[INFO ][2016-02-03 12:22:47,634][com.java.TestType] [  493] -  str(2) = 11
[INFO ][2016-02-03 12:22:47,635][com.java.TestType] [  493] -  str(1) = 1
[INFO ][2016-02-03 12:22:47,635][com.java.TestType] [  496] - Test case Id is---1
[INFO ][2016-02-03 12:22:47,635][com.java.TestType] [  498] - 1
[INFO ][2016-02-03 12:22:47,635][com.java.TestType] [  493] -  str(2) = 12
[INFO ][2016-02-03 12:22:47,636][com.java.TestType] [  493] -  str(1) = 1
[INFO ][2016-02-03 12:22:47,636][com.java.TestType] [  496] - Test case Id is---1
[INFO ][2016-02-03 12:22:47,636][com.java.TestType] [  498] - 1
[INFO ][2016-02-03 12:22:47,637][com.java.TestType] [  493] -  str(2) = 13
[INFO ][2016-02-03 12:22:47,638][com.java.TestType] [  493] -  str(1) = 1
[INFO ][2016-02-03 12:22:47,638][com.java.TestType] [  496] - Test case Id is---1
[INFO ][2016-02-03 12:22:47,638][com.java.TestType] [  498] - 1
[INFO ][2016-02-03 12:22:47,638][com.java.TestType] [  493] -  str(2) = 14
[INFO ][2016-02-03 12:22:47,639][com.java.TestType] [  493] -  str(1) = 1
[INFO ][2016-02-03 12:22:47,639][com.java.TestType] [  496] - Test case Id is---1
[INFO ][2016-02-03 12:22:47,639][com.java.TestType] [  498] - 1
[INFO ][2016-02-03 12:22:47,639][com.java.TestType] [  493] -  str(2) = 15
[INFO ][2016-02-03 12:22:47,640][com.java.TestType] [  493] -  str(1) = 1
[INFO ][2016-02-03 12:22:47,640][com.java.TestType] [  496] - Test case Id is---1
[INFO ][2016-02-03 12:22:47,640][com.java.TestType] [  498] - 1
[INFO ][2016-02-03 12:22:47,640][com.java.TestType] [  493] -  str(2) = 16
[INFO ][2016-02-03 12:22:47,641][com.java.TestType] [11868] - Looping 1TCID = 1
[DEBUG][2016-02-03 12:22:47,641][com.java.TestType] [11909] - Concept ID:1 :: Step being Executed: 1::1
[INFO ][2016-02-03 12:22:47,641][com.java.TestType] [11947] - dataFields : TXTusername
[DEBUG][2016-02-03 12:22:47,642][com.java.TestType] [11953] - <In Set values of the page>
[DEBUG][2016-02-03 12:22:47,642][com.java.TestType] [11958] - {Data Fields & Data Values Exist}
[INFO ][2016-02-03 12:22:47,642][com.java.TestType] [11964] - --------------------------setting values-----------------------------
[INFO ][2016-02-03 12:22:47,642][com.java.TestType] [11967] - Action Type : CLEARANDENTER
[INFO ][2016-02-03 12:22:50,081][com.java.TestType] [ 6562] - value = valuelabs.ie10.15019
[INFO ][2016-02-03 12:22:52,770][com.java.TestType] [11986] -  RESULT true
[INFO ][2016-02-03 12:22:52,770][com.java.TestType] [12103] - ?   P A S S   ?
[DEBUG][2016-02-03 12:22:52,770][com.java.TestType] [11909] - Concept ID:1 :: Step being Executed: 1::2
[INFO ][2016-02-03 12:22:52,771][com.java.TestType] [11947] - dataFields : TXTpassword
[DEBUG][2016-02-03 12:22:52,771][com.java.TestType] [11953] - <In Set values of the page>
[DEBUG][2016-02-03 12:22:52,771][com.java.TestType] [11958] - {Data Fields & Data Values Exist}
[INFO ][2016-02-03 12:22:52,771][com.java.TestType] [11964] - --------------------------setting values-----------------------------
[INFO ][2016-02-03 12:22:52,771][com.java.TestType] [11967] - Action Type : CLEARANDENTER
[INFO ][2016-02-03 12:22:55,038][com.java.TestType] [ 6562] - value = Password1*
[INFO ][2016-02-03 12:22:57,587][com.java.TestType] [11986] -  RESULT true
[INFO ][2016-02-03 12:22:57,587][com.java.TestType] [12103] - ?   P A S S   ?
[DEBUG][2016-02-03 12:22:57,587][com.java.TestType] [11909] - Concept ID:1 :: Step being Executed: 1::3
[ERROR][2016-02-03 12:22:57,588][com.java.TestType] [11942] - Exception: null
[INFO ][2016-02-03 12:22:57,588][com.java.TestType] [11947] - dataFields : XPH//button[@type='submit']
[DEBUG][2016-02-03 12:22:57,588][com.java.TestType] [11953] - <In Set values of the page>
[DEBUG][2016-02-03 12:22:57,588][com.java.TestType] [11958] - {Data Fields & Data Values Exist}
[INFO ][2016-02-03 12:22:57,588][com.java.TestType] [11964] - --------------------------setting values-----------------------------
[INFO ][2016-02-03 12:22:57,588][com.java.TestType] [11967] - Action Type : Click
[INFO ][2016-02-03 12:22:57,588][com.java.TestType] [ 6941] - Field ::XPH//button[@type='submit']
[INFO ][2016-02-03 12:22:57,588][com.java.TestType] [ 6562] - value = 
[INFO ][2016-02-03 12:22:58,613][com.java.TestType] [ 7114] - BEFORE CLICK
[INFO ][2016-02-03 12:23:00,757][com.java.TestType] [ 7122] - Unable to click the object Login
[INFO ][2016-02-03 12:23:00,757][com.java.TestType] [11986] -  RESULT true
[INFO ][2016-02-03 12:23:00,757][com.java.TestType] [12103] - ?   P A S S   ?
[DEBUG][2016-02-03 12:23:00,757][com.java.TestType] [11909] - Concept ID:1 :: Step being Executed: 1::4
[INFO ][2016-02-03 12:23:00,757][com.java.TestType] [11947] - dataFields : LNKLogout
[DEBUG][2016-02-03 12:23:00,757][com.java.TestType] [11953] - <In Set values of the page>
[DEBUG][2016-02-03 12:23:00,757][com.java.TestType] [11958] - {Data Fields & Data Values Exist}
[INFO ][2016-02-03 12:23:00,757][com.java.TestType] [11964] - --------------------------setting values-----------------------------
[INFO ][2016-02-03 12:23:00,757][com.java.TestType] [11967] - Action Type : WaitForElement
[INFO ][2016-02-03 12:23:09,427][com.java.TestType] [11986] -  RESULT true
[INFO ][2016-02-03 12:23:09,427][com.java.TestType] [12103] - ?   P A S S   ?
[DEBUG][2016-02-03 12:23:09,427][com.java.TestType] [11909] - Concept ID:1 :: Step being Executed: 1::15
[INFO ][2016-02-03 12:23:09,427][com.java.TestType] [11947] - dataFields : LNK
[DEBUG][2016-02-03 12:23:09,427][com.java.TestType] [11953] - <In Set values of the page>
[DEBUG][2016-02-03 12:23:09,428][com.java.TestType] [11958] - {Data Fields & Data Values Exist}
[INFO ][2016-02-03 12:23:09,428][com.java.TestType] [11964] - --------------------------setting values-----------------------------
[INFO ][2016-02-03 12:23:09,428][com.java.TestType] [11967] - Action Type : Verify
[INFO ][2016-02-03 12:23:09,428][com.java.TestType] [ 8173] - field= LNK value= Logout
[INFO ][2016-02-03 12:23:09,502][com.java.TestType] [ 6562] - value = Logout
[INFO ][2016-02-03 12:23:09,641][com.java.TestType] [11986] -  RESULT true
[INFO ][2016-02-03 12:23:09,642][com.java.TestType] [12103] - ?   P A S S   ?
[DEBUG][2016-02-03 12:23:09,642][com.java.TestType] [11909] - Concept ID:1 :: Step being Executed: 1::16
[INFO ][2016-02-03 12:23:09,642][com.java.TestType] [11947] - dataFields : BTN
[DEBUG][2016-02-03 12:23:09,642][com.java.TestType] [11953] - <In Set values of the page>
[DEBUG][2016-02-03 12:23:09,642][com.java.TestType] [11958] - {Data Fields & Data Values Exist}
[INFO ][2016-02-03 12:23:09,642][com.java.TestType] [11964] - --------------------------setting values-----------------------------
[INFO ][2016-02-03 12:23:09,642][com.java.TestType] [11967] - Action Type : Verify
[INFO ][2016-02-03 12:23:09,642][com.java.TestType] [ 8173] - field= BTN value= //img[contains(@src,'bdlogo.jpg')]
[INFO ][2016-02-03 12:23:09,643][com.java.TestType] [ 6562] - value = //img[contains(@src,'bdlogo.jpg')]
[INFO ][2016-02-03 12:23:09,724][com.java.TestType] [11986] -  RESULT true
[INFO ][2016-02-03 12:23:09,724][com.java.TestType] [12103] - ?   P A S S   ?
[INFO ][2016-02-03 12:23:09,724][com.java.TestType] [12174] - Looping End......
[INFO ][2016-02-03 12:23:09,729][com.java.SeleniumDriver] [  930] -  RESULT true
[INFO ][2016-02-03 12:23:09,729][com.java.SeleniumDriver] [ 1136] - ?   P A S S   ?
[INFO ][2016-02-03 12:23:09,729][com.java.SeleniumDriver] [  856] - ------------------------------------------
[INFO ][2016-02-03 12:23:09,729][com.java.SeleniumDriver] [  857] - Test case being Executed: 1
[INFO ][2016-02-03 12:23:09,729][com.java.SeleniumDriver] [  869] - Test step:2
[INFO ][2016-02-03 12:23:09,729][com.java.SeleniumDriver] [  881] - Datavalue is----------Concept#2:1-2
[INFO ][2016-02-03 12:23:09,729][com.java.SeleniumDriver] [  905] - DataField : test
[INFO ][2016-02-03 12:23:09,729][com.java.SeleniumDriver] [  907] - DataValue : Concept#2:1-2
[INFO ][2016-02-03 12:23:09,729][com.java.SeleniumDriver] [  913] - <In Set values of the page>
[INFO ][2016-02-03 12:23:09,729][com.java.SeleniumDriver] [  916] - {Data Fields & Data Values Exist}
[INFO ][2016-02-03 12:23:09,729][com.java.SeleniumDriver] [  918] - --------------------------setting values-----------------------------
[INFO ][2016-02-03 12:23:09,730][com.java.SeleniumDriver] [  921] - Action Type : ExecuteTestCase
[INFO ][2016-02-03 12:23:09,730][com.java.TestType] [  448] - The Concept sheet name is ---------- Concept
[INFO ][2016-02-03 12:23:09,730][com.java.TestType] [  451] - The Concept ID  is ---------- 2
[DEBUG][2016-02-03 12:23:09,730][com.java.TestType] [  455] - Steps being executted in the Concept are: 1:2
[INFO ][2016-02-03 12:23:09,731][com.java.TestType] [  462] - Test data details path ---------- D:\BankersDashboard\TestInputs\TestData.xls
[INFO ][2016-02-03 12:23:09,768][com.java.TestType] [  493] -  str(1) = 2
[INFO ][2016-02-03 12:23:09,768][com.java.TestType] [  496] - Test case Id is---2
[INFO ][2016-02-03 12:23:09,768][com.java.TestType] [  498] - 2
[INFO ][2016-02-03 12:23:09,768][com.java.TestType] [  493] -  str(2) = 1
[INFO ][2016-02-03 12:23:09,770][com.java.TestType] [  493] -  str(1) = 2
[INFO ][2016-02-03 12:23:09,770][com.java.TestType] [  496] - Test case Id is---2
[INFO ][2016-02-03 12:23:09,770][com.java.TestType] [  498] - 2
[INFO ][2016-02-03 12:23:09,770][com.java.TestType] [  493] -  str(2) = 2
[INFO ][2016-02-03 12:23:09,771][com.java.TestType] [  493] -  str(1) = 2
[INFO ][2016-02-03 12:23:09,771][com.java.TestType] [  496] - Test case Id is---2
[INFO ][2016-02-03 12:23:09,771][com.java.TestType] [  498] - 2
[INFO ][2016-02-03 12:23:09,771][com.java.TestType] [  493] -  str(2) = 3
[INFO ][2016-02-03 12:23:09,772][com.java.TestType] [11868] - Looping 1TCID = 2
[DEBUG][2016-02-03 12:23:09,772][com.java.TestType] [11909] - Concept ID:2 :: Step being Executed: 2::1
[INFO ][2016-02-03 12:23:09,772][com.java.TestType] [11947] - dataFields : BNK//select[@id='bank']
[DEBUG][2016-02-03 12:23:09,772][com.java.TestType] [11953] - <In Set values of the page>
[DEBUG][2016-02-03 12:23:09,772][com.java.TestType] [11958] - {Data Fields & Data Values Exist}
[INFO ][2016-02-03 12:23:09,772][com.java.TestType] [11964] - --------------------------setting values-----------------------------
[INFO ][2016-02-03 12:23:09,772][com.java.TestType] [11967] - Action Type : Select
[INFO ][2016-02-03 12:23:09,772][com.java.TestType] [ 6562] - value = PFC
[INFO ][2016-02-03 12:23:10,092][com.java.TestType] [11986] -  RESULT true
[INFO ][2016-02-03 12:23:10,092][com.java.TestType] [12103] - ?   P A S S   ?
[DEBUG][2016-02-03 12:23:10,092][com.java.TestType] [11909] - Concept ID:2 :: Step being Executed: 2::2
[INFO ][2016-02-03 12:23:10,092][com.java.TestType] [11947] - dataFields : LNKLogout
[DEBUG][2016-02-03 12:23:10,092][com.java.TestType] [11953] - <In Set values of the page>
[DEBUG][2016-02-03 12:23:10,093][com.java.TestType] [11958] - {Data Fields & Data Values Exist}
[INFO ][2016-02-03 12:23:10,093][com.java.TestType] [11964] - --------------------------setting values-----------------------------
[INFO ][2016-02-03 12:23:10,093][com.java.TestType] [11967] - Action Type : WaitTime
[DEBUG][2016-02-03 12:23:10,094][com.java.TestType] [ 6376] - sleepTime: 5000
[INFO ][2016-02-03 12:23:15,096][com.java.TestType] [11986] -  RESULT true
[INFO ][2016-02-03 12:23:15,096][com.java.TestType] [12103] - ?   P A S S   ?
[INFO ][2016-02-03 12:23:15,096][com.java.TestType] [12174] - Looping End......
[INFO ][2016-02-03 12:23:15,100][com.java.SeleniumDriver] [  930] -  RESULT true
[INFO ][2016-02-03 12:23:15,100][com.java.SeleniumDriver] [ 1136] - ?   P A S S   ?
[INFO ][2016-02-03 12:23:15,100][com.java.SeleniumDriver] [  856] - ------------------------------------------
[INFO ][2016-02-03 12:23:15,100][com.java.SeleniumDriver] [  857] - Test case being Executed: 1
[INFO ][2016-02-03 12:23:15,100][com.java.SeleniumDriver] [  869] - Test step:3
[INFO ][2016-02-03 12:23:15,101][com.java.SeleniumDriver] [  881] - Datavalue is----------2
[INFO ][2016-02-03 12:23:15,101][com.java.SeleniumDriver] [  905] - DataField : XPH//button[contains(text(),'Add Content')]
[INFO ][2016-02-03 12:23:15,101][com.java.SeleniumDriver] [  907] - DataValue : 2
[INFO ][2016-02-03 12:23:15,101][com.java.SeleniumDriver] [  913] - <In Set values of the page>
[INFO ][2016-02-03 12:23:15,101][com.java.SeleniumDriver] [  916] - {Data Fields & Data Values Exist}
[INFO ][2016-02-03 12:23:15,101][com.java.SeleniumDriver] [  918] - --------------------------setting values-----------------------------
[INFO ][2016-02-03 12:23:15,101][com.java.SeleniumDriver] [  921] - Action Type : WAITFORELEMENT
[INFO ][2016-02-03 12:23:15,137][com.java.SeleniumDriver] [  930] -  RESULT true
[INFO ][2016-02-03 12:23:15,137][com.java.SeleniumDriver] [ 1136] - ?   P A S S   ?
[DEBUG][2016-02-03 12:23:15,137][com.java.SeleniumDriver] [ 1248] - Case found
[DEBUG][2016-02-03 12:23:15,138][com.java.SeleniumDriver] [ 1253] - Incrementing ReportCounters[0]:1
[INFO ][2016-02-03 12:23:15,138][com.java.SeleniumDriver] [ 1272] - The results are-------------------[1, 1, Valid Login, Pass, , Wed Feb 03 12:23:09 IST 2016, 1, 2, Valid Login, Pass, , Wed Feb 03 12:23:15 IST 2016, 1, 3, Valid Login, Pass, , Wed Feb 03 12:23:15 IST 2016]
[INFO ][2016-02-03 12:23:15,138][com.java.SeleniumDriver] [ 1276] - End time is-------1 min 28 sec
[INFO ][2016-02-03 12:23:15,138][com.java.SeleniumDriver] [ 1277] - The results are-------------------[1, 1, Valid Login, Pass, , Wed Feb 03 12:23:09 IST 2016, 1, 2, Valid Login, Pass, , Wed Feb 03 12:23:15 IST 2016, 1, 3, Valid Login, Pass, , Wed Feb 03 12:23:15 IST 2016]
[DEBUG][2016-02-03 12:23:15,138][com.java.ImportnExport.ExportTestResultsExcel] [  222] - testResultPath = D:\BankersDashboard/TestReports/Test Results_BankersDashBoard_020316_122153_IE10_First Bank.xls
[DEBUG][2016-02-03 12:23:15,138][com.java.ImportnExport.ExportTestResultsExcel] [  223] - browser is------------IE10
[DEBUG][2016-02-03 12:23:15,289][com.java.ImportnExport.ExportTestResultsExcel] [  270] - result.size() = 18
[DEBUG][2016-02-03 12:23:15,289][com.java.ImportnExport.ExportTestResultsExcel] [  274] - No of rows in sheet=1
[DEBUG][2016-02-03 12:23:15,289][com.java.ImportnExport.ExportTestResultsExcel] [  301] - ..in export..1
[DEBUG][2016-02-03 12:23:15,289][com.java.ImportnExport.ExportTestResultsExcel] [  301] - ..in export..Valid Login
[DEBUG][2016-02-03 12:23:15,289][com.java.ImportnExport.ExportTestResultsExcel] [  301] - ..in export..Pass
[DEBUG][2016-02-03 12:23:15,289][com.java.ImportnExport.ExportTestResultsExcel] [  301] - ..in export..
[DEBUG][2016-02-03 12:23:15,289][com.java.ImportnExport.ExportTestResultsExcel] [  301] - ..in export..Wed Feb 03 12:23:09 IST 2016
[INFO ][2016-02-03 12:23:15,291][com.java.SeleniumDriver] [ 1337] - out loop:0 size:5 TestCases:[1, 2, 3, 4, 5] testcases:[1, 2, 3, 4, 5]
[INFO ][2016-02-03 12:23:15,291][com.java.ImportnExport.ImportTestDataDetailsExcel] [   49] - test data details path===== D:\BankersDashboard\TestInputs\TestData.xls
[INFO ][2016-02-03 12:25:22,100][com.java.SeleniumDriver] [  856] - ------------------------------------------
[INFO ][2016-02-03 12:25:22,100][com.java.SeleniumDriver] [  857] - Test case being Executed: 2
[INFO ][2016-02-03 12:25:22,100][com.java.SeleniumDriver] [  869] - Test step:1
[INFO ][2016-02-03 12:25:22,100][com.java.SeleniumDriver] [  881] - Datavalue is----------Logout
[INFO ][2016-02-03 12:25:22,100][com.java.SeleniumDriver] [  905] - DataField : BTN
[INFO ][2016-02-03 12:25:22,100][com.java.SeleniumDriver] [  907] - DataValue : Logout
[INFO ][2016-02-03 12:25:22,100][com.java.SeleniumDriver] [  913] - <In Set values of the page>
[INFO ][2016-02-03 12:25:22,100][com.java.SeleniumDriver] [  916] - {Data Fields & Data Values Exist}
[INFO ][2016-02-03 12:25:22,100][com.java.SeleniumDriver] [  918] - --------------------------setting values-----------------------------
[INFO ][2016-02-03 12:25:22,100][com.java.SeleniumDriver] [  921] - Action Type : Verify
[INFO ][2016-02-03 12:25:22,100][com.java.TestType] [ 8173] - field= BTN value= Logout
[INFO ][2016-02-03 12:25:22,101][com.java.TestType] [ 6562] - value = Logout
[INFO ][2016-02-03 12:25:22,174][com.java.SeleniumDriver] [  930] -  RESULT true
[INFO ][2016-02-03 12:25:22,174][com.java.SeleniumDriver] [ 1136] - ?   P A S S   ?
[INFO ][2016-02-03 12:25:22,174][com.java.SeleniumDriver] [ 1178] - step change to 3
[INFO ][2016-02-03 12:25:22,174][com.java.SeleniumDriver] [  856] - ------------------------------------------
[INFO ][2016-02-03 12:25:22,174][com.java.SeleniumDriver] [  857] - Test case being Executed: 2
[INFO ][2016-02-03 12:25:22,174][com.java.SeleniumDriver] [  869] - Test step:3
[INFO ][2016-02-03 12:25:22,175][com.java.SeleniumDriver] [  881] - Datavalue is----------Concept#2:1-2
[INFO ][2016-02-03 12:25:22,175][com.java.SeleniumDriver] [  905] - DataField : test
[INFO ][2016-02-03 12:25:22,175][com.java.SeleniumDriver] [  907] - DataValue : Concept#2:1-2
[INFO ][2016-02-03 12:25:22,175][com.java.SeleniumDriver] [  913] - <In Set values of the page>
[INFO ][2016-02-03 12:25:22,175][com.java.SeleniumDriver] [  916] - {Data Fields & Data Values Exist}
[INFO ][2016-02-03 12:25:22,175][com.java.SeleniumDriver] [  918] - --------------------------setting values-----------------------------
[INFO ][2016-02-03 12:25:22,175][com.java.SeleniumDriver] [  921] - Action Type : ExecuteTestCase
[INFO ][2016-02-03 12:25:22,175][com.java.TestType] [  448] - The Concept sheet name is ---------- Concept
[INFO ][2016-02-03 12:25:22,175][com.java.TestType] [  451] - The Concept ID  is ---------- 2
[DEBUG][2016-02-03 12:25:22,175][com.java.TestType] [  455] - Steps being executted in the Concept are: 1:2
[INFO ][2016-02-03 12:25:22,175][com.java.TestType] [  462] - Test data details path ---------- D:\BankersDashboard\TestInputs\TestData.xls
[INFO ][2016-02-03 12:25:22,208][com.java.TestType] [  493] -  str(1) = 2
[INFO ][2016-02-03 12:25:22,208][com.java.TestType] [  496] - Test case Id is---2
[INFO ][2016-02-03 12:25:22,208][com.java.TestType] [  498] - 2
[INFO ][2016-02-03 12:25:22,208][com.java.TestType] [  493] -  str(2) = 1
[INFO ][2016-02-03 12:25:22,209][com.java.TestType] [  493] -  str(1) = 2
[INFO ][2016-02-03 12:25:22,209][com.java.TestType] [  496] - Test case Id is---2
[INFO ][2016-02-03 12:25:22,209][com.java.TestType] [  498] - 2
[INFO ][2016-02-03 12:25:22,209][com.java.TestType] [  493] -  str(2) = 2
[INFO ][2016-02-03 12:25:22,210][com.java.TestType] [  493] -  str(1) = 2
[INFO ][2016-02-03 12:25:22,210][com.java.TestType] [  496] - Test case Id is---2
[INFO ][2016-02-03 12:25:22,210][com.java.TestType] [  498] - 2
[INFO ][2016-02-03 12:25:22,210][com.java.TestType] [  493] -  str(2) = 3
[INFO ][2016-02-03 12:25:22,211][com.java.TestType] [11868] - Looping 1TCID = 2
[DEBUG][2016-02-03 12:25:22,211][com.java.TestType] [11909] - Concept ID:2 :: Step being Executed: 2::1
[INFO ][2016-02-03 12:25:22,211][com.java.TestType] [11947] - dataFields : BNK//select[@id='bank']
[DEBUG][2016-02-03 12:25:22,211][com.java.TestType] [11953] - <In Set values of the page>
[DEBUG][2016-02-03 12:25:22,211][com.java.TestType] [11958] - {Data Fields & Data Values Exist}
[INFO ][2016-02-03 12:25:22,211][com.java.TestType] [11964] - --------------------------setting values-----------------------------
[INFO ][2016-02-03 12:25:22,211][com.java.TestType] [11967] - Action Type : Select
[INFO ][2016-02-03 12:25:22,211][com.java.TestType] [ 6562] - value = PFC
[INFO ][2016-02-03 12:25:22,443][com.java.TestType] [11986] -  RESULT true
[INFO ][2016-02-03 12:25:22,443][com.java.TestType] [12103] - ?   P A S S   ?
[DEBUG][2016-02-03 12:25:22,443][com.java.TestType] [11909] - Concept ID:2 :: Step being Executed: 2::2
[INFO ][2016-02-03 12:25:22,443][com.java.TestType] [11947] - dataFields : LNKLogout
[DEBUG][2016-02-03 12:25:22,443][com.java.TestType] [11953] - <In Set values of the page>
[DEBUG][2016-02-03 12:25:22,443][com.java.TestType] [11958] - {Data Fields & Data Values Exist}
[INFO ][2016-02-03 12:25:22,443][com.java.TestType] [11964] - --------------------------setting values-----------------------------
[INFO ][2016-02-03 12:25:22,443][com.java.TestType] [11967] - Action Type : WaitTime
[DEBUG][2016-02-03 12:25:22,444][com.java.TestType] [ 6376] - sleepTime: 5000
[INFO ][2016-02-03 12:25:27,446][com.java.TestType] [11986] -  RESULT true
[INFO ][2016-02-03 12:25:27,446][com.java.TestType] [12103] - ?   P A S S   ?
[INFO ][2016-02-03 12:25:27,446][com.java.TestType] [12174] - Looping End......
[INFO ][2016-02-03 12:25:27,450][com.java.SeleniumDriver] [  930] -  RESULT true
[INFO ][2016-02-03 12:25:27,451][com.java.SeleniumDriver] [ 1136] - ?   P A S S   ?
[INFO ][2016-02-03 12:25:27,451][com.java.SeleniumDriver] [  856] - ------------------------------------------
[INFO ][2016-02-03 12:25:27,451][com.java.SeleniumDriver] [  857] - Test case being Executed: 2
[INFO ][2016-02-03 12:25:27,451][com.java.SeleniumDriver] [  869] - Test step:4
[INFO ][2016-02-03 12:25:27,451][com.java.SeleniumDriver] [  881] - Datavalue is----------null
[DEBUG][2016-02-03 12:25:27,451][com.java.SeleniumDriver] [  899] - Exception: null
[INFO ][2016-02-03 12:25:27,451][com.java.SeleniumDriver] [  905] - DataField : //span[@class='icon-stats']&&//a[@data-id="Forecasting"]
[INFO ][2016-02-03 12:25:27,451][com.java.SeleniumDriver] [  907] - DataValue : 
[INFO ][2016-02-03 12:25:27,451][com.java.SeleniumDriver] [  913] - <In Set values of the page>
[INFO ][2016-02-03 12:25:27,451][com.java.SeleniumDriver] [  916] - {Data Fields & Data Values Exist}
[INFO ][2016-02-03 12:25:27,451][com.java.SeleniumDriver] [  918] - --------------------------setting values-----------------------------
[INFO ][2016-02-03 12:25:27,451][com.java.SeleniumDriver] [  921] - Action Type : MOUSEOVER
[INFO ][2016-02-03 12:26:06,280][com.java.SeleniumDriver] [  930] -  RESULT true
[INFO ][2016-02-03 12:26:06,281][com.java.SeleniumDriver] [ 1136] - ?   P A S S   ?
[INFO ][2016-02-03 12:26:06,281][com.java.SeleniumDriver] [  856] - ------------------------------------------
[INFO ][2016-02-03 12:26:06,281][com.java.SeleniumDriver] [  857] - Test case being Executed: 2
[INFO ][2016-02-03 12:26:06,281][com.java.SeleniumDriver] [  869] - Test step:5
[INFO ][2016-02-03 12:26:06,281][com.java.SeleniumDriver] [  881] - Datavalue is----------5
[INFO ][2016-02-03 12:26:06,281][com.java.SeleniumDriver] [  905] - DataField : null
[INFO ][2016-02-03 12:26:06,281][com.java.SeleniumDriver] [  907] - DataValue : 5
[INFO ][2016-02-03 12:26:06,281][com.java.SeleniumDriver] [  913] - <In Set values of the page>
[INFO ][2016-02-03 12:26:06,281][com.java.SeleniumDriver] [  916] - {Data Fields & Data Values Exist}
[INFO ][2016-02-03 12:26:06,281][com.java.SeleniumDriver] [  918] - --------------------------setting values-----------------------------
[INFO ][2016-02-03 12:26:06,281][com.java.SeleniumDriver] [  921] - Action Type : WAITTIME
[DEBUG][2016-02-03 12:26:06,281][com.java.TestType] [ 6376] - sleepTime: 5000
[INFO ][2016-02-03 12:26:11,283][com.java.SeleniumDriver] [  930] -  RESULT true
[INFO ][2016-02-03 12:26:11,283][com.java.SeleniumDriver] [ 1136] - ?   P A S S   ?
[INFO ][2016-02-03 12:26:11,283][com.java.SeleniumDriver] [  856] - ------------------------------------------
[INFO ][2016-02-03 12:26:11,283][com.java.SeleniumDriver] [  857] - Test case being Executed: 2
[INFO ][2016-02-03 12:26:11,283][com.java.SeleniumDriver] [  869] - Test step:6
[INFO ][2016-02-03 12:26:11,284][com.java.SeleniumDriver] [  881] - Datavalue is----------Forecasting 
[INFO ][2016-02-03 12:26:11,284][com.java.SeleniumDriver] [  905] - DataField : TTL
[INFO ][2016-02-03 12:26:11,284][com.java.SeleniumDriver] [  907] - DataValue : Forecasting 
[INFO ][2016-02-03 12:26:11,284][com.java.SeleniumDriver] [  913] - <In Set values of the page>
[INFO ][2016-02-03 12:26:11,284][com.java.SeleniumDriver] [  916] - {Data Fields & Data Values Exist}
[INFO ][2016-02-03 12:26:11,284][com.java.SeleniumDriver] [  918] - --------------------------setting values-----------------------------
[INFO ][2016-02-03 12:26:11,284][com.java.SeleniumDriver] [  921] - Action Type : SELECTWINDOW
[INFO ][2016-02-03 12:26:23,733][com.java.SeleniumDriver] [  930] -  RESULT true
[INFO ][2016-02-03 12:26:23,733][com.java.SeleniumDriver] [ 1136] - ?   P A S S   ?
[INFO ][2016-02-03 12:26:23,733][com.java.SeleniumDriver] [  856] - ------------------------------------------
[INFO ][2016-02-03 12:26:23,733][com.java.SeleniumDriver] [  857] - Test case being Executed: 2
[INFO ][2016-02-03 12:26:23,733][com.java.SeleniumDriver] [  869] - Test step:7
[INFO ][2016-02-03 12:26:23,733][com.java.SeleniumDriver] [  881] - Datavalue is----------2
[INFO ][2016-02-03 12:26:23,733][com.java.SeleniumDriver] [  905] - DataField : BTNframeDialogContent
[INFO ][2016-02-03 12:26:23,733][com.java.SeleniumDriver] [  907] - DataValue : 2
[INFO ][2016-02-03 12:26:23,734][com.java.SeleniumDriver] [  913] - <In Set values of the page>
[INFO ][2016-02-03 12:26:23,734][com.java.SeleniumDriver] [  916] - {Data Fields & Data Values Exist}
[INFO ][2016-02-03 12:26:23,734][com.java.SeleniumDriver] [  918] - --------------------------setting values-----------------------------
[INFO ][2016-02-03 12:26:23,734][com.java.SeleniumDriver] [  921] - Action Type : WAITFORELEMENT
[INFO ][2016-02-03 12:26:24,851][com.java.SeleniumDriver] [  930] -  RESULT true
[INFO ][2016-02-03 12:26:24,852][com.java.SeleniumDriver] [ 1136] - ?   P A S S   ?
[INFO ][2016-02-03 12:26:24,852][com.java.SeleniumDriver] [  856] - ------------------------------------------
[INFO ][2016-02-03 12:26:24,852][com.java.SeleniumDriver] [  857] - Test case being Executed: 2
[INFO ][2016-02-03 12:26:24,852][com.java.SeleniumDriver] [  869] - Test step:8
[INFO ][2016-02-03 12:26:24,852][com.java.SeleniumDriver] [  881] - Datavalue is----------Forecasting 
[INFO ][2016-02-03 12:26:24,852][com.java.SeleniumDriver] [  905] - DataField : XPH//span[@class='ui-dialog-title']
[INFO ][2016-02-03 12:26:24,852][com.java.SeleniumDriver] [  907] - DataValue : Forecasting 
[INFO ][2016-02-03 12:26:24,852][com.java.SeleniumDriver] [  913] - <In Set values of the page>
[INFO ][2016-02-03 12:26:24,852][com.java.SeleniumDriver] [  916] - {Data Fields & Data Values Exist}
[INFO ][2016-02-03 12:26:24,852][com.java.SeleniumDriver] [  918] - --------------------------setting values-----------------------------
[INFO ][2016-02-03 12:26:24,852][com.java.SeleniumDriver] [  921] - Action Type : VERIFY
[INFO ][2016-02-03 12:26:24,852][com.java.TestType] [ 8173] - field= XPH//span[@class='ui-dialog-title'] value= Forecasting 
[INFO ][2016-02-03 12:26:24,852][com.java.TestType] [ 6562] - value = Forecasting 
[INFO ][2016-02-03 12:26:24,962][com.java.SeleniumDriver] [  930] -  RESULT true
[INFO ][2016-02-03 12:26:24,962][com.java.SeleniumDriver] [ 1136] - ?   P A S S   ?
[INFO ][2016-02-03 12:26:24,962][com.java.SeleniumDriver] [  856] - ------------------------------------------
[INFO ][2016-02-03 12:26:24,962][com.java.SeleniumDriver] [  857] - Test case being Executed: 2
[INFO ][2016-02-03 12:26:24,962][com.java.SeleniumDriver] [  869] - Test step:9
[INFO ][2016-02-03 12:26:24,963][com.java.SeleniumDriver] [  881] - Datavalue is----------2
[INFO ][2016-02-03 12:26:24,963][com.java.SeleniumDriver] [  905] - DataField : DSP//span[contains(text(),'Forecasting')]
[INFO ][2016-02-03 12:26:24,963][com.java.SeleniumDriver] [  907] - DataValue : 2
[INFO ][2016-02-03 12:26:24,963][com.java.SeleniumDriver] [  913] - <In Set values of the page>
[INFO ][2016-02-03 12:26:24,963][com.java.SeleniumDriver] [  916] - {Data Fields & Data Values Exist}
[INFO ][2016-02-03 12:26:24,963][com.java.SeleniumDriver] [  918] - --------------------------setting values-----------------------------
[INFO ][2016-02-03 12:26:24,963][com.java.SeleniumDriver] [  921] - Action Type : WAITFORELEMENT
[INFO ][2016-02-03 12:26:25,082][com.java.SeleniumDriver] [  930] -  RESULT true
[INFO ][2016-02-03 12:26:25,082][com.java.SeleniumDriver] [ 1136] - ?   P A S S   ?
[INFO ][2016-02-03 12:26:25,082][com.java.SeleniumDriver] [  856] - ------------------------------------------
[INFO ][2016-02-03 12:26:25,082][com.java.SeleniumDriver] [  857] - Test case being Executed: 2
[INFO ][2016-02-03 12:26:25,082][com.java.SeleniumDriver] [  869] - Test step:10
[INFO ][2016-02-03 12:26:25,082][com.java.SeleniumDriver] [  881] - Datavalue is----------null
[DEBUG][2016-02-03 12:26:25,082][com.java.SeleniumDriver] [  899] - Exception: null
[INFO ][2016-02-03 12:26:25,082][com.java.SeleniumDriver] [  905] - DataField : BTNframeDialogContent
[INFO ][2016-02-03 12:26:25,082][com.java.SeleniumDriver] [  907] - DataValue : 
[INFO ][2016-02-03 12:26:25,082][com.java.SeleniumDriver] [  913] - <In Set values of the page>
[INFO ][2016-02-03 12:26:25,083][com.java.SeleniumDriver] [  916] - {Data Fields & Data Values Exist}
[INFO ][2016-02-03 12:26:25,083][com.java.SeleniumDriver] [  918] - --------------------------setting values-----------------------------
[INFO ][2016-02-03 12:26:25,083][com.java.SeleniumDriver] [  921] - Action Type : SELECTFRAME
[INFO ][2016-02-03 12:26:26,239][com.java.SeleniumDriver] [  930] -  RESULT true
[INFO ][2016-02-03 12:26:26,239][com.java.SeleniumDriver] [ 1136] - ?   P A S S   ?
[INFO ][2016-02-03 12:26:26,239][com.java.SeleniumDriver] [  856] - ------------------------------------------
[INFO ][2016-02-03 12:26:26,239][com.java.SeleniumDriver] [  857] - Test case being Executed: 2
[INFO ][2016-02-03 12:26:26,239][com.java.SeleniumDriver] [  869] - Test step:11
[INFO ][2016-02-03 12:26:26,240][com.java.SeleniumDriver] [  881] - Datavalue is----------10
[INFO ][2016-02-03 12:26:26,240][com.java.SeleniumDriver] [  905] - DataField : DSPddlProjects
[INFO ][2016-02-03 12:26:26,240][com.java.SeleniumDriver] [  907] - DataValue : 10
[INFO ][2016-02-03 12:26:26,240][com.java.SeleniumDriver] [  913] - <In Set values of the page>
[INFO ][2016-02-03 12:26:26,240][com.java.SeleniumDriver] [  916] - {Data Fields & Data Values Exist}
[INFO ][2016-02-03 12:26:26,240][com.java.SeleniumDriver] [  918] - --------------------------setting values-----------------------------
[INFO ][2016-02-03 12:26:26,240][com.java.SeleniumDriver] [  921] - Action Type : WAITFORELEMENT
[INFO ][2016-02-03 12:26:27,361][com.java.SeleniumDriver] [  930] -  RESULT true
[INFO ][2016-02-03 12:26:27,361][com.java.SeleniumDriver] [ 1136] - ?   P A S S   ?
[INFO ][2016-02-03 12:26:27,361][com.java.SeleniumDriver] [  856] - ------------------------------------------
[INFO ][2016-02-03 12:26:27,361][com.java.SeleniumDriver] [  857] - Test case being Executed: 2
[INFO ][2016-02-03 12:26:27,361][com.java.SeleniumDriver] [  869] - Test step:12
[INFO ][2016-02-03 12:26:27,361][com.java.SeleniumDriver] [  881] - Datavalue is----------index:1
[INFO ][2016-02-03 12:26:27,361][com.java.SeleniumDriver] [  905] - DataField : COBddlProjects
[INFO ][2016-02-03 12:26:27,361][com.java.SeleniumDriver] [  907] - DataValue : index:1
[INFO ][2016-02-03 12:26:27,361][com.java.SeleniumDriver] [  913] - <In Set values of the page>
[INFO ][2016-02-03 12:26:27,362][com.java.SeleniumDriver] [  916] - {Data Fields & Data Values Exist}
[INFO ][2016-02-03 12:26:27,362][com.java.SeleniumDriver] [  918] - --------------------------setting values-----------------------------
[INFO ][2016-02-03 12:26:27,362][com.java.SeleniumDriver] [  921] - Action Type : SELECT
[INFO ][2016-02-03 12:26:27,362][com.java.TestType] [ 6562] - value = 1
[INFO ][2016-02-03 12:26:28,470][com.java.TestType] [ 6680] -  In COB ddlProjects : 1
[INFO ][2016-02-03 12:26:28,614][com.java.SeleniumDriver] [  930] -  RESULT true
[INFO ][2016-02-03 12:26:28,615][com.java.SeleniumDriver] [ 1136] - ?   P A S S   ?
[INFO ][2016-02-03 12:26:28,615][com.java.SeleniumDriver] [ 1173] - Continue next step...
[INFO ][2016-02-03 12:26:28,615][com.java.SeleniumDriver] [  856] - ------------------------------------------
[INFO ][2016-02-03 12:26:28,615][com.java.SeleniumDriver] [  857] - Test case being Executed: 2
[INFO ][2016-02-03 12:26:28,615][com.java.SeleniumDriver] [  869] - Test step:13
[INFO ][2016-02-03 12:26:28,615][com.java.SeleniumDriver] [  881] - Datavalue is----------null
[DEBUG][2016-02-03 12:26:28,615][com.java.SeleniumDriver] [  899] - Exception: null
[INFO ][2016-02-03 12:26:28,615][com.java.SeleniumDriver] [  905] - DataField : HDNbtnOpenProject
[INFO ][2016-02-03 12:26:28,615][com.java.SeleniumDriver] [  907] - DataValue : 
[INFO ][2016-02-03 12:26:28,615][com.java.SeleniumDriver] [  913] - <In Set values of the page>
[INFO ][2016-02-03 12:26:28,615][com.java.SeleniumDriver] [  916] - {Data Fields & Data Values Exist}
[INFO ][2016-02-03 12:26:28,615][com.java.SeleniumDriver] [  918] - --------------------------setting values-----------------------------
[INFO ][2016-02-03 12:26:28,616][com.java.SeleniumDriver] [  921] - Action Type : CLICKWITHALERT
[INFO ][2016-02-03 12:26:32,610][com.java.SeleniumDriver] [  930] -  RESULT true
[INFO ][2016-02-03 12:26:32,610][com.java.SeleniumDriver] [ 1136] - ?   P A S S   ?
[INFO ][2016-02-03 12:26:32,610][com.java.SeleniumDriver] [  856] - ------------------------------------------
[INFO ][2016-02-03 12:26:32,610][com.java.SeleniumDriver] [  857] - Test case being Executed: 2
[INFO ][2016-02-03 12:26:32,610][com.java.SeleniumDriver] [  869] - Test step:14
[INFO ][2016-02-03 12:26:32,610][com.java.SeleniumDriver] [  881] - Datavalue is----------null
[DEBUG][2016-02-03 12:26:32,611][com.java.SeleniumDriver] [  899] - Exception: null
[INFO ][2016-02-03 12:26:32,611][com.java.SeleniumDriver] [  905] - DataField : BTNParent
[INFO ][2016-02-03 12:26:32,611][com.java.SeleniumDriver] [  907] - DataValue : 
[INFO ][2016-02-03 12:26:32,611][com.java.SeleniumDriver] [  913] - <In Set values of the page>
[INFO ][2016-02-03 12:26:32,611][com.java.SeleniumDriver] [  916] - {Data Fields & Data Values Exist}
[INFO ][2016-02-03 12:26:32,611][com.java.SeleniumDriver] [  918] - --------------------------setting values-----------------------------
[INFO ][2016-02-03 12:26:32,611][com.java.SeleniumDriver] [  921] - Action Type : SELECTFRAME
[INFO ][2016-02-03 12:26:32,627][com.java.SeleniumDriver] [  930] -  RESULT true
[INFO ][2016-02-03 12:26:32,627][com.java.SeleniumDriver] [ 1136] - ?   P A S S   ?
[INFO ][2016-02-03 12:26:32,627][com.java.SeleniumDriver] [  856] - ------------------------------------------
[INFO ][2016-02-03 12:26:32,628][com.java.SeleniumDriver] [  857] - Test case being Executed: 2
[INFO ][2016-02-03 12:26:32,628][com.java.SeleniumDriver] [  869] - Test step:15
[INFO ][2016-02-03 12:26:32,628][com.java.SeleniumDriver] [  881] - Datavalue is----------null
[DEBUG][2016-02-03 12:26:32,628][com.java.SeleniumDriver] [  899] - Exception: null
[INFO ][2016-02-03 12:26:32,628][com.java.SeleniumDriver] [  905] - DataField : HDN//span[@class="ui-icon ui-icon-closethick"]
[INFO ][2016-02-03 12:26:32,628][com.java.SeleniumDriver] [  907] - DataValue : 
[INFO ][2016-02-03 12:26:32,628][com.java.SeleniumDriver] [  913] - <In Set values of the page>
[INFO ][2016-02-03 12:26:32,628][com.java.SeleniumDriver] [  916] - {Data Fields & Data Values Exist}
[INFO ][2016-02-03 12:26:32,628][com.java.SeleniumDriver] [  918] - --------------------------setting values-----------------------------
[INFO ][2016-02-03 12:26:32,628][com.java.SeleniumDriver] [  921] - Action Type : Click
[INFO ][2016-02-03 12:26:32,628][com.java.TestType] [ 6941] - Field ::HDN//span[@class="ui-icon ui-icon-closethick"]
[INFO ][2016-02-03 12:26:32,628][com.java.TestType] [ 6562] - value = 
[INFO ][2016-02-03 12:26:54,345][com.java.SeleniumDriver] [  930] -  RESULT false
[INFO ][2016-02-03 12:26:54,345][com.java.SeleniumDriver] [  977] - ?   F A I L   ?
[INFO ][2016-02-03 12:26:54,345][com.java.SeleniumDriver] [  985] - Browser Type : IE10
[INFO ][2016-02-03 12:26:54,345][com.java.SeleniumDriver] [  986] - Adding Failed case2
[DEBUG][2016-02-03 12:26:54,985][com.java.SeleniumDriver] [ 1054] -  tdd.getCondition() IF:Next:Next
[INFO ][2016-02-03 12:26:54,985][com.java.SeleniumDriver] [ 1058] - Continue next step...
[INFO ][2016-02-03 12:26:54,985][com.java.SeleniumDriver] [  856] - ------------------------------------------
[INFO ][2016-02-03 12:26:54,985][com.java.SeleniumDriver] [  857] - Test case being Executed: 2
[INFO ][2016-02-03 12:26:54,985][com.java.SeleniumDriver] [  869] - Test step:16
[INFO ][2016-02-03 12:26:54,985][com.java.SeleniumDriver] [  881] - Datavalue is----------5
[INFO ][2016-02-03 12:26:54,985][com.java.SeleniumDriver] [  905] - DataField : null
[INFO ][2016-02-03 12:26:54,985][com.java.SeleniumDriver] [  907] - DataValue : 5
[INFO ][2016-02-03 12:26:54,985][com.java.SeleniumDriver] [  913] - <In Set values of the page>
[INFO ][2016-02-03 12:26:54,985][com.java.SeleniumDriver] [  916] - {Data Fields & Data Values Exist}
[INFO ][2016-02-03 12:26:54,985][com.java.SeleniumDriver] [  918] - --------------------------setting values-----------------------------
[INFO ][2016-02-03 12:26:54,986][com.java.SeleniumDriver] [  921] - Action Type : WAITTIME
[DEBUG][2016-02-03 12:26:54,986][com.java.TestType] [ 6376] - sleepTime: 5000
[INFO ][2016-02-03 12:26:59,988][com.java.SeleniumDriver] [  930] -  RESULT true
[INFO ][2016-02-03 12:26:59,988][com.java.SeleniumDriver] [ 1136] - ?   P A S S   ?
[INFO ][2016-02-03 12:26:59,988][com.java.SeleniumDriver] [  856] - ------------------------------------------
[INFO ][2016-02-03 12:26:59,988][com.java.SeleniumDriver] [  857] - Test case being Executed: 2
[INFO ][2016-02-03 12:26:59,990][com.java.SeleniumDriver] [  869] - Test step:17
[INFO ][2016-02-03 12:26:59,990][com.java.SeleniumDriver] [  881] - Datavalue is----------10
[INFO ][2016-02-03 12:26:59,990][com.java.SeleniumDriver] [  905] - DataField : DSPFile
[INFO ][2016-02-03 12:26:59,990][com.java.SeleniumDriver] [  907] - DataValue : 10
[INFO ][2016-02-03 12:26:59,990][com.java.SeleniumDriver] [  913] - <In Set values of the page>
[INFO ][2016-02-03 12:26:59,990][com.java.SeleniumDriver] [  916] - {Data Fields & Data Values Exist}
[INFO ][2016-02-03 12:26:59,990][com.java.SeleniumDriver] [  918] - --------------------------setting values-----------------------------
[INFO ][2016-02-03 12:26:59,990][com.java.SeleniumDriver] [  921] - Action Type : WAITFORELEMENT
[INFO ][2016-02-03 12:27:00,135][com.java.SeleniumDriver] [  930] -  RESULT true
[INFO ][2016-02-03 12:27:00,135][com.java.SeleniumDriver] [ 1136] - ?   P A S S   ?
[INFO ][2016-02-03 12:27:00,135][com.java.SeleniumDriver] [  856] - ------------------------------------------
[INFO ][2016-02-03 12:27:00,135][com.java.SeleniumDriver] [  857] - Test case being Executed: 2
[INFO ][2016-02-03 12:27:00,136][com.java.SeleniumDriver] [  869] - Test step:18
[INFO ][2016-02-03 12:27:00,136][com.java.SeleniumDriver] [  881] - Datavalue is----------null
[DEBUG][2016-02-03 12:27:00,136][com.java.SeleniumDriver] [  899] - Exception: null
[INFO ][2016-02-03 12:27:00,136][com.java.SeleniumDriver] [  905] - DataField : HDNFile
[INFO ][2016-02-03 12:27:00,136][com.java.SeleniumDriver] [  907] - DataValue : 
[INFO ][2016-02-03 12:27:00,136][com.java.SeleniumDriver] [  913] - <In Set values of the page>
[INFO ][2016-02-03 12:27:00,136][com.java.SeleniumDriver] [  916] - {Data Fields & Data Values Exist}
[INFO ][2016-02-03 12:27:00,136][com.java.SeleniumDriver] [  918] - --------------------------setting values-----------------------------
[INFO ][2016-02-03 12:27:00,136][com.java.SeleniumDriver] [  921] - Action Type : Click
[INFO ][2016-02-03 12:27:00,136][com.java.TestType] [ 6941] - Field ::HDNFile
[INFO ][2016-02-03 12:27:00,136][com.java.TestType] [ 6562] - value = 
[INFO ][2016-02-03 12:27:01,245][com.java.SeleniumDriver] [  930] -  RESULT true
[INFO ][2016-02-03 12:27:01,245][com.java.SeleniumDriver] [ 1136] - ?   P A S S   ?
[INFO ][2016-02-03 12:27:01,245][com.java.SeleniumDriver] [  856] - ------------------------------------------
[INFO ][2016-02-03 12:27:01,245][com.java.SeleniumDriver] [  857] - Test case being Executed: 2
[INFO ][2016-02-03 12:27:01,246][com.java.SeleniumDriver] [  869] - Test step:19
[INFO ][2016-02-03 12:27:01,246][com.java.SeleniumDriver] [  881] - Datavalue is----------10
[INFO ][2016-02-03 12:27:01,246][com.java.SeleniumDriver] [  905] - DataField : DSP//a[@id='menuNewProject']
[INFO ][2016-02-03 12:27:01,246][com.java.SeleniumDriver] [  907] - DataValue : 10
[INFO ][2016-02-03 12:27:01,246][com.java.SeleniumDriver] [  913] - <In Set values of the page>
[INFO ][2016-02-03 12:27:01,246][com.java.SeleniumDriver] [  916] - {Data Fields & Data Values Exist}
[INFO ][2016-02-03 12:27:01,246][com.java.SeleniumDriver] [  918] - --------------------------setting values-----------------------------
[INFO ][2016-02-03 12:27:01,246][com.java.SeleniumDriver] [  921] - Action Type : WAITFORELEMENT
[INFO ][2016-02-03 12:27:01,453][com.java.SeleniumDriver] [  930] -  RESULT true
[INFO ][2016-02-03 12:27:01,453][com.java.SeleniumDriver] [ 1136] - ?   P A S S   ?
[INFO ][2016-02-03 12:27:01,453][com.java.SeleniumDriver] [  856] - ------------------------------------------
[INFO ][2016-02-03 12:27:01,453][com.java.SeleniumDriver] [  857] - Test case being Executed: 2
[INFO ][2016-02-03 12:27:01,453][com.java.SeleniumDriver] [  869] - Test step:20
[INFO ][2016-02-03 12:27:01,453][com.java.SeleniumDriver] [  881] - Datavalue is----------null
[DEBUG][2016-02-03 12:27:01,453][com.java.SeleniumDriver] [  899] - Exception: null
[INFO ][2016-02-03 12:27:01,453][com.java.SeleniumDriver] [  905] - DataField : HDN//a[@id='menuNewProject']
[INFO ][2016-02-03 12:27:01,453][com.java.SeleniumDriver] [  907] - DataValue : 
[INFO ][2016-02-03 12:27:01,453][com.java.SeleniumDriver] [  913] - <In Set values of the page>
[INFO ][2016-02-03 12:27:01,454][com.java.SeleniumDriver] [  916] - {Data Fields & Data Values Exist}
[INFO ][2016-02-03 12:27:01,454][com.java.SeleniumDriver] [  918] - --------------------------setting values-----------------------------
[INFO ][2016-02-03 12:27:01,454][com.java.SeleniumDriver] [  921] - Action Type : Click
[INFO ][2016-02-03 12:27:01,454][com.java.TestType] [ 6941] - Field ::HDN//a[@id='menuNewProject']
[INFO ][2016-02-03 12:27:01,454][com.java.TestType] [ 6562] - value = 
[INFO ][2016-02-03 12:27:02,553][com.java.SeleniumDriver] [  930] -  RESULT true
[INFO ][2016-02-03 12:27:02,553][com.java.SeleniumDriver] [ 1136] - ?   P A S S   ?
[INFO ][2016-02-03 12:27:02,553][com.java.SeleniumDriver] [  856] - ------------------------------------------
[INFO ][2016-02-03 12:27:02,553][com.java.SeleniumDriver] [  857] - Test case being Executed: 2
[INFO ][2016-02-03 12:27:02,553][com.java.SeleniumDriver] [  869] - Test step:21
[INFO ][2016-02-03 12:27:02,553][com.java.SeleniumDriver] [  881] - Datavalue is----------5
[INFO ][2016-02-03 12:27:02,553][com.java.SeleniumDriver] [  905] - DataField : null
[INFO ][2016-02-03 12:27:02,554][com.java.SeleniumDriver] [  907] - DataValue : 5
[INFO ][2016-02-03 12:27:02,554][com.java.SeleniumDriver] [  913] - <In Set values of the page>
[INFO ][2016-02-03 12:27:02,554][com.java.SeleniumDriver] [  916] - {Data Fields & Data Values Exist}
[INFO ][2016-02-03 12:27:02,554][com.java.SeleniumDriver] [  918] - --------------------------setting values-----------------------------
[INFO ][2016-02-03 12:27:02,554][com.java.SeleniumDriver] [  921] - Action Type : WAITTIME
[DEBUG][2016-02-03 12:27:02,554][com.java.TestType] [ 6376] - sleepTime: 5000
[INFO ][2016-02-03 12:27:07,556][com.java.SeleniumDriver] [  930] -  RESULT true
[INFO ][2016-02-03 12:27:07,556][com.java.SeleniumDriver] [ 1136] - ?   P A S S   ?
[INFO ][2016-02-03 12:27:07,556][com.java.SeleniumDriver] [  856] - ------------------------------------------
[INFO ][2016-02-03 12:27:07,556][com.java.SeleniumDriver] [  857] - Test case being Executed: 2
[INFO ][2016-02-03 12:27:07,556][com.java.SeleniumDriver] [  869] - Test step:22
[INFO ][2016-02-03 12:27:07,556][com.java.SeleniumDriver] [  881] - Datavalue is----------OK
[INFO ][2016-02-03 12:27:07,556][com.java.SeleniumDriver] [  905] - DataField : CNF
[INFO ][2016-02-03 12:27:07,556][com.java.SeleniumDriver] [  907] - DataValue : OK
[INFO ][2016-02-03 12:27:07,556][com.java.SeleniumDriver] [  913] - <In Set values of the page>
[INFO ][2016-02-03 12:27:07,556][com.java.SeleniumDriver] [  916] - {Data Fields & Data Values Exist}
[INFO ][2016-02-03 12:27:07,556][com.java.SeleniumDriver] [  918] - --------------------------setting values-----------------------------
[INFO ][2016-02-03 12:27:07,556][com.java.SeleniumDriver] [  921] - Action Type : Click
[INFO ][2016-02-03 12:27:07,557][com.java.TestType] [ 6941] - Field ::CNF
[INFO ][2016-02-03 12:27:07,557][com.java.TestType] [ 6562] - value = OK
[INFO ][2016-02-03 12:27:09,373][com.java.TestType] [ 7110] - Click the object Only one project create dialog
[INFO ][2016-02-03 12:27:09,373][com.java.TestType] [ 7111] - Unable to click the object Only one project create dialog
[INFO ][2016-02-03 12:27:09,373][com.java.SeleniumDriver] [  930] -  RESULT true
[INFO ][2016-02-03 12:27:09,373][com.java.SeleniumDriver] [ 1136] - ?   P A S S   ?
[INFO ][2016-02-03 12:27:09,374][com.java.SeleniumDriver] [ 1178] - step change to 116
[INFO ][2016-02-03 12:27:09,374][com.java.SeleniumDriver] [  856] - ------------------------------------------
[INFO ][2016-02-03 12:27:09,374][com.java.SeleniumDriver] [  857] - Test case being Executed: 2
[INFO ][2016-02-03 12:27:09,374][com.java.SeleniumDriver] [  869] - Test step:116
[INFO ][2016-02-03 12:27:09,374][com.java.SeleniumDriver] [  881] - Datavalue is----------1
[INFO ][2016-02-03 12:27:09,374][com.java.SeleniumDriver] [  905] - DataField : null
[INFO ][2016-02-03 12:27:09,374][com.java.SeleniumDriver] [  907] - DataValue : 1
[INFO ][2016-02-03 12:27:09,374][com.java.SeleniumDriver] [  913] - <In Set values of the page>
[INFO ][2016-02-03 12:27:09,374][com.java.SeleniumDriver] [  916] - {Data Fields & Data Values Exist}
[INFO ][2016-02-03 12:27:09,374][com.java.SeleniumDriver] [  918] - --------------------------setting values-----------------------------
[INFO ][2016-02-03 12:27:09,374][com.java.SeleniumDriver] [  921] - Action Type : WAITTIME
[DEBUG][2016-02-03 12:27:09,374][com.java.TestType] [ 6376] - sleepTime: 1000
[INFO ][2016-02-03 12:27:10,374][com.java.SeleniumDriver] [  930] -  RESULT true
[INFO ][2016-02-03 12:27:10,374][com.java.SeleniumDriver] [ 1136] - ?   P A S S   ?
[DEBUG][2016-02-03 12:27:10,374][com.java.SeleniumDriver] [ 1248] - Case found
[DEBUG][2016-02-03 12:27:10,374][com.java.SeleniumDriver] [ 1253] - Incrementing ReportCounters[0]:2
[INFO ][2016-02-03 12:27:10,374][com.java.SeleniumDriver] [ 1272] - The results are-------------------[2, 1, Projectioans: Forecasting, Pass, , Wed Feb 03 12:25:22 IST 2016, 2, 3, Projectioans: Forecasting, Pass, , Wed Feb 03 12:25:27 IST 2016, 2, 4, Projectioans: Forecasting, Pass, , Wed Feb 03 12:26:06 IST 2016, 2, 5, Projectioans: Forecasting, Pass, , Wed Feb 03 12:26:11 IST 2016, 2, 6, Projectioans: Forecasting, Pass, , Wed Feb 03 12:26:23 IST 2016, 2, 7, Projectioans: Forecasting, Pass, , Wed Feb 03 12:26:24 IST 2016, 2, 8, Projectioans: Forecasting, Pass, , Wed Feb 03 12:26:24 IST 2016, 2, 9, Projectioans: Forecasting, Pass, , Wed Feb 03 12:26:25 IST 2016, 2, 10, Projectioans: Forecasting, Pass, , Wed Feb 03 12:26:26 IST 2016, 2, 11, Projectioans: Forecasting, Pass, , Wed Feb 03 12:26:27 IST 2016, 2, 12, Projectioans: Forecasting, Pass, , Wed Feb 03 12:26:28 IST 2016, 2, 13, Projectioans: Forecasting, Pass, , Wed Feb 03 12:26:32 IST 2016, 2, 14, Projectioans: Forecasting, Pass, , Wed Feb 03 12:26:32 IST 2016, 2, 15, Projectioans: Forecasting, Pass, , Wed Feb 03 12:26:54 IST 2016, 2, 16, Projectioans: Forecasting, Pass, , Wed Feb 03 12:26:59 IST 2016, 2, 17, Projectioans: Forecasting, Pass, , Wed Feb 03 12:27:00 IST 2016, 2, 18, Projectioans: Forecasting, Pass, , Wed Feb 03 12:27:01 IST 2016, 2, 19, Projectioans: Forecasting, Pass, , Wed Feb 03 12:27:01 IST 2016, 2, 20, Projectioans: Forecasting, Pass, , Wed Feb 03 12:27:02 IST 2016, 2, 21, Projectioans: Forecasting, Pass, , Wed Feb 03 12:27:07 IST 2016, 2, 22, Projectioans: Forecasting, Pass, , Wed Feb 03 12:27:09 IST 2016, 2, 116, Projectioans: Forecasting, Pass, , Wed Feb 03 12:27:10 IST 2016]
[INFO ][2016-02-03 12:27:10,374][com.java.SeleniumDriver] [ 1276] - End time is-------5 min 23 sec
[INFO ][2016-02-03 12:27:10,375][com.java.SeleniumDriver] [ 1277] - The results are-------------------[2, 1, Projectioans: Forecasting, Pass, , Wed Feb 03 12:25:22 IST 2016, 2, 3, Projectioans: Forecasting, Pass, , Wed Feb 03 12:25:27 IST 2016, 2, 4, Projectioans: Forecasting, Pass, , Wed Feb 03 12:26:06 IST 2016, 2, 5, Projectioans: Forecasting, Pass, , Wed Feb 03 12:26:11 IST 2016, 2, 6, Projectioans: Forecasting, Pass, , Wed Feb 03 12:26:23 IST 2016, 2, 7, Projectioans: Forecasting, Pass, , Wed Feb 03 12:26:24 IST 2016, 2, 8, Projectioans: Forecasting, Pass, , Wed Feb 03 12:26:24 IST 2016, 2, 9, Projectioans: Forecasting, Pass, , Wed Feb 03 12:26:25 IST 2016, 2, 10, Projectioans: Forecasting, Pass, , Wed Feb 03 12:26:26 IST 2016, 2, 11, Projectioans: Forecasting, Pass, , Wed Feb 03 12:26:27 IST 2016, 2, 12, Projectioans: Forecasting, Pass, , Wed Feb 03 12:26:28 IST 2016, 2, 13, Projectioans: Forecasting, Pass, , Wed Feb 03 12:26:32 IST 2016, 2, 14, Projectioans: Forecasting, Pass, , Wed Feb 03 12:26:32 IST 2016, 2, 15, Projectioans: Forecasting, Pass, , Wed Feb 03 12:26:54 IST 2016, 2, 16, Projectioans: Forecasting, Pass, , Wed Feb 03 12:26:59 IST 2016, 2, 17, Projectioans: Forecasting, Pass, , Wed Feb 03 12:27:00 IST 2016, 2, 18, Projectioans: Forecasting, Pass, , Wed Feb 03 12:27:01 IST 2016, 2, 19, Projectioans: Forecasting, Pass, , Wed Feb 03 12:27:01 IST 2016, 2, 20, Projectioans: Forecasting, Pass, , Wed Feb 03 12:27:02 IST 2016, 2, 21, Projectioans: Forecasting, Pass, , Wed Feb 03 12:27:07 IST 2016, 2, 22, Projectioans: Forecasting, Pass, , Wed Feb 03 12:27:09 IST 2016, 2, 116, Projectioans: Forecasting, Pass, , Wed Feb 03 12:27:10 IST 2016]
[DEBUG][2016-02-03 12:27:10,375][com.java.ImportnExport.ExportTestResultsExcel] [  222] - testResultPath = D:\BankersDashboard/TestReports/Test Results_BankersDashBoard_020316_122153_IE10_First Bank.xls
[DEBUG][2016-02-03 12:27:10,375][com.java.ImportnExport.ExportTestResultsExcel] [  223] - browser is------------IE10
[DEBUG][2016-02-03 12:27:10,377][com.java.ImportnExport.ExportTestResultsExcel] [  270] - result.size() = 132
[DEBUG][2016-02-03 12:27:10,377][com.java.ImportnExport.ExportTestResultsExcel] [  274] - No of rows in sheet=2
[DEBUG][2016-02-03 12:27:10,377][com.java.ImportnExport.ExportTestResultsExcel] [  301] - ..in export..2
[DEBUG][2016-02-03 12:27:10,377][com.java.ImportnExport.ExportTestResultsExcel] [  301] - ..in export..Projectioans: Forecasting
[DEBUG][2016-02-03 12:27:10,377][com.java.ImportnExport.ExportTestResultsExcel] [  301] - ..in export..Pass
[DEBUG][2016-02-03 12:27:10,377][com.java.ImportnExport.ExportTestResultsExcel] [  301] - ..in export..
[DEBUG][2016-02-03 12:27:10,378][com.java.ImportnExport.ExportTestResultsExcel] [  301] - ..in export..Wed Feb 03 12:25:22 IST 2016
[INFO ][2016-02-03 12:27:10,379][com.java.SeleniumDriver] [ 1337] - out loop:1 size:5 TestCases:[1, 2, 3, 4, 5] testcases:[1, 2, 3, 4, 5]
[INFO ][2016-02-03 12:27:10,379][com.java.ImportnExport.ImportTestDataDetailsExcel] [   49] - test data details path===== D:\BankersDashboard\TestInputs\TestData.xls
[INFO ][2016-02-03 12:29:18,662][com.java.SeleniumDriver] [  856] - ------------------------------------------
[INFO ][2016-02-03 12:29:18,663][com.java.SeleniumDriver] [  857] - Test case being Executed: 3
[INFO ][2016-02-03 12:29:18,663][com.java.SeleniumDriver] [  869] - Test step:1
[INFO ][2016-02-03 12:29:18,663][com.java.SeleniumDriver] [  881] - Datavalue is----------Logout
[INFO ][2016-02-03 12:29:18,663][com.java.SeleniumDriver] [  905] - DataField : BTN
[INFO ][2016-02-03 12:29:18,664][com.java.SeleniumDriver] [  907] - DataValue : Logout
[INFO ][2016-02-03 12:29:18,664][com.java.SeleniumDriver] [  913] - <In Set values of the page>
[INFO ][2016-02-03 12:29:18,664][com.java.SeleniumDriver] [  916] - {Data Fields & Data Values Exist}
[INFO ][2016-02-03 12:29:18,664][com.java.SeleniumDriver] [  918] - --------------------------setting values-----------------------------
[INFO ][2016-02-03 12:29:18,664][com.java.SeleniumDriver] [  921] - Action Type : Verify
[INFO ][2016-02-03 12:29:18,664][com.java.TestType] [ 8173] - field= BTN value= Logout
[INFO ][2016-02-03 12:29:18,664][com.java.TestType] [ 6562] - value = Logout
[INFO ][2016-02-03 12:29:18,740][com.java.SeleniumDriver] [  930] -  RESULT true
[INFO ][2016-02-03 12:29:18,740][com.java.SeleniumDriver] [ 1136] - ?   P A S S   ?
[INFO ][2016-02-03 12:29:18,740][com.java.SeleniumDriver] [ 1178] - step change to 3
[INFO ][2016-02-03 12:29:18,741][com.java.SeleniumDriver] [  856] - ------------------------------------------
[INFO ][2016-02-03 12:29:18,741][com.java.SeleniumDriver] [  857] - Test case being Executed: 3
[INFO ][2016-02-03 12:29:18,741][com.java.SeleniumDriver] [  869] - Test step:3
[INFO ][2016-02-03 12:29:18,741][com.java.SeleniumDriver] [  881] - Datavalue is----------Concept#2:1-2
[INFO ][2016-02-03 12:29:18,741][com.java.SeleniumDriver] [  905] - DataField : test
[INFO ][2016-02-03 12:29:18,741][com.java.SeleniumDriver] [  907] - DataValue : Concept#2:1-2
[INFO ][2016-02-03 12:29:18,741][com.java.SeleniumDriver] [  913] - <In Set values of the page>
[INFO ][2016-02-03 12:29:18,741][com.java.SeleniumDriver] [  916] - {Data Fields & Data Values Exist}
[INFO ][2016-02-03 12:29:18,741][com.java.SeleniumDriver] [  918] - --------------------------setting values-----------------------------
[INFO ][2016-02-03 12:29:18,741][com.java.SeleniumDriver] [  921] - Action Type : ExecuteTestCase
[INFO ][2016-02-03 12:29:18,742][com.java.TestType] [  448] - The Concept sheet name is ---------- Concept
[INFO ][2016-02-03 12:29:18,742][com.java.TestType] [  451] - The Concept ID  is ---------- 2
[DEBUG][2016-02-03 12:29:18,742][com.java.TestType] [  455] - Steps being executted in the Concept are: 1:2
[INFO ][2016-02-03 12:29:18,743][com.java.TestType] [  462] - Test data details path ---------- D:\BankersDashboard\TestInputs\TestData.xls
[INFO ][2016-02-03 12:29:18,776][com.java.TestType] [  493] -  str(1) = 2
[INFO ][2016-02-03 12:29:18,776][com.java.TestType] [  496] - Test case Id is---2
[INFO ][2016-02-03 12:29:18,777][com.java.TestType] [  498] - 2
[INFO ][2016-02-03 12:29:18,777][com.java.TestType] [  493] -  str(2) = 1
[INFO ][2016-02-03 12:29:18,778][com.java.TestType] [  493] -  str(1) = 2
[INFO ][2016-02-03 12:29:18,778][com.java.TestType] [  496] - Test case Id is---2
[INFO ][2016-02-03 12:29:18,778][com.java.TestType] [  498] - 2
[INFO ][2016-02-03 12:29:18,778][com.java.TestType] [  493] -  str(2) = 2
[INFO ][2016-02-03 12:29:18,779][com.java.TestType] [  493] -  str(1) = 2
[INFO ][2016-02-03 12:29:18,779][com.java.TestType] [  496] - Test case Id is---2
[INFO ][2016-02-03 12:29:18,779][com.java.TestType] [  498] - 2
[INFO ][2016-02-03 12:29:18,779][com.java.TestType] [  493] -  str(2) = 3
[INFO ][2016-02-03 12:29:18,780][com.java.TestType] [11868] - Looping 1TCID = 2
[DEBUG][2016-02-03 12:29:18,780][com.java.TestType] [11909] - Concept ID:2 :: Step being Executed: 2::1
[INFO ][2016-02-03 12:29:18,780][com.java.TestType] [11947] - dataFields : BNK//select[@id='bank']
[DEBUG][2016-02-03 12:29:18,780][com.java.TestType] [11953] - <In Set values of the page>
[DEBUG][2016-02-03 12:29:18,780][com.java.TestType] [11958] - {Data Fields & Data Values Exist}
[INFO ][2016-02-03 12:29:18,780][com.java.TestType] [11964] - --------------------------setting values-----------------------------
[INFO ][2016-02-03 12:29:18,781][com.java.TestType] [11967] - Action Type : Select
[INFO ][2016-02-03 12:29:18,781][com.java.TestType] [ 6562] - value = PFC
[INFO ][2016-02-03 12:29:19,001][com.java.TestType] [11986] -  RESULT true
[INFO ][2016-02-03 12:29:19,001][com.java.TestType] [12103] - ?   P A S S   ?
[DEBUG][2016-02-03 12:29:19,001][com.java.TestType] [11909] - Concept ID:2 :: Step being Executed: 2::2
[INFO ][2016-02-03 12:29:19,001][com.java.TestType] [11947] - dataFields : LNKLogout
[DEBUG][2016-02-03 12:29:19,001][com.java.TestType] [11953] - <In Set values of the page>
[DEBUG][2016-02-03 12:29:19,002][com.java.TestType] [11958] - {Data Fields & Data Values Exist}
[INFO ][2016-02-03 12:29:19,002][com.java.TestType] [11964] - --------------------------setting values-----------------------------
[INFO ][2016-02-03 12:29:19,003][com.java.TestType] [11967] - Action Type : WaitTime
[DEBUG][2016-02-03 12:29:19,003][com.java.TestType] [ 6376] - sleepTime: 5000
[INFO ][2016-02-03 12:29:24,004][com.java.TestType] [11986] -  RESULT true
[INFO ][2016-02-03 12:29:24,004][com.java.TestType] [12103] - ?   P A S S   ?
[INFO ][2016-02-03 12:29:24,004][com.java.TestType] [12174] - Looping End......
[INFO ][2016-02-03 12:29:24,008][com.java.SeleniumDriver] [  930] -  RESULT true
[INFO ][2016-02-03 12:29:24,008][com.java.SeleniumDriver] [ 1136] - ?   P A S S   ?
[INFO ][2016-02-03 12:29:24,008][com.java.SeleniumDriver] [  856] - ------------------------------------------
[INFO ][2016-02-03 12:29:24,009][com.java.SeleniumDriver] [  857] - Test case being Executed: 3
[INFO ][2016-02-03 12:29:24,009][com.java.SeleniumDriver] [  869] - Test step:4
[INFO ][2016-02-03 12:29:24,009][com.java.SeleniumDriver] [  881] - Datavalue is----------null
[DEBUG][2016-02-03 12:29:24,009][com.java.SeleniumDriver] [  899] - Exception: null
[INFO ][2016-02-03 12:29:24,009][com.java.SeleniumDriver] [  905] - DataField : //span[@class='icon-stats']&&//a[@data-id="Forecasting"]
[INFO ][2016-02-03 12:29:24,009][com.java.SeleniumDriver] [  907] - DataValue : 
[INFO ][2016-02-03 12:29:24,009][com.java.SeleniumDriver] [  913] - <In Set values of the page>
[INFO ][2016-02-03 12:29:24,009][com.java.SeleniumDriver] [  916] - {Data Fields & Data Values Exist}
[INFO ][2016-02-03 12:29:24,009][com.java.SeleniumDriver] [  918] - --------------------------setting values-----------------------------
[INFO ][2016-02-03 12:29:24,009][com.java.SeleniumDriver] [  921] - Action Type : MOUSEOVER
[INFO ][2016-02-03 12:30:02,885][com.java.SeleniumDriver] [  930] -  RESULT true
[INFO ][2016-02-03 12:30:02,885][com.java.SeleniumDriver] [ 1136] - ?   P A S S   ?
[INFO ][2016-02-03 12:30:02,885][com.java.SeleniumDriver] [  856] - ------------------------------------------
[INFO ][2016-02-03 12:30:02,885][com.java.SeleniumDriver] [  857] - Test case being Executed: 3
[INFO ][2016-02-03 12:30:02,885][com.java.SeleniumDriver] [  869] - Test step:5
[INFO ][2016-02-03 12:30:02,885][com.java.SeleniumDriver] [  881] - Datavalue is----------5
[INFO ][2016-02-03 12:30:02,885][com.java.SeleniumDriver] [  905] - DataField : null
[INFO ][2016-02-03 12:30:02,885][com.java.SeleniumDriver] [  907] - DataValue : 5
[INFO ][2016-02-03 12:30:02,885][com.java.SeleniumDriver] [  913] - <In Set values of the page>
[INFO ][2016-02-03 12:30:02,885][com.java.SeleniumDriver] [  916] - {Data Fields & Data Values Exist}
[INFO ][2016-02-03 12:30:02,885][com.java.SeleniumDriver] [  918] - --------------------------setting values-----------------------------
[INFO ][2016-02-03 12:30:02,885][com.java.SeleniumDriver] [  921] - Action Type : WAITTIME
[DEBUG][2016-02-03 12:30:02,886][com.java.TestType] [ 6376] - sleepTime: 5000
[INFO ][2016-02-03 12:30:07,887][com.java.SeleniumDriver] [  930] -  RESULT true
[INFO ][2016-02-03 12:30:07,887][com.java.SeleniumDriver] [ 1136] - ?   P A S S   ?
[INFO ][2016-02-03 12:30:07,887][com.java.SeleniumDriver] [  856] - ------------------------------------------
[INFO ][2016-02-03 12:30:07,887][com.java.SeleniumDriver] [  857] - Test case being Executed: 3
[INFO ][2016-02-03 12:30:07,887][com.java.SeleniumDriver] [  869] - Test step:6
[INFO ][2016-02-03 12:30:07,887][com.java.SeleniumDriver] [  881] - Datavalue is----------Forecasting 
[INFO ][2016-02-03 12:30:07,887][com.java.SeleniumDriver] [  905] - DataField : TTL
[INFO ][2016-02-03 12:30:07,887][com.java.SeleniumDriver] [  907] - DataValue : Forecasting 
[INFO ][2016-02-03 12:30:07,887][com.java.SeleniumDriver] [  913] - <In Set values of the page>
[INFO ][2016-02-03 12:30:07,887][com.java.SeleniumDriver] [  916] - {Data Fields & Data Values Exist}
[INFO ][2016-02-03 12:30:07,887][com.java.SeleniumDriver] [  918] - --------------------------setting values-----------------------------
[INFO ][2016-02-03 12:30:07,887][com.java.SeleniumDriver] [  921] - Action Type : SELECTWINDOW
[INFO ][2016-02-03 12:30:20,512][com.java.SeleniumDriver] [  930] -  RESULT true
[INFO ][2016-02-03 12:30:20,512][com.java.SeleniumDriver] [ 1136] - ?   P A S S   ?
[INFO ][2016-02-03 12:30:20,512][com.java.SeleniumDriver] [  856] - ------------------------------------------
[INFO ][2016-02-03 12:30:20,512][com.java.SeleniumDriver] [  857] - Test case being Executed: 3
[INFO ][2016-02-03 12:30:20,512][com.java.SeleniumDriver] [  869] - Test step:7
[INFO ][2016-02-03 12:30:20,513][com.java.SeleniumDriver] [  881] - Datavalue is----------2
[INFO ][2016-02-03 12:30:20,514][com.java.SeleniumDriver] [  905] - DataField : DSPframeDialogContent
[INFO ][2016-02-03 12:30:20,514][com.java.SeleniumDriver] [  907] - DataValue : 2
[INFO ][2016-02-03 12:30:20,514][com.java.SeleniumDriver] [  913] - <In Set values of the page>
[INFO ][2016-02-03 12:30:20,514][com.java.SeleniumDriver] [  916] - {Data Fields & Data Values Exist}
[INFO ][2016-02-03 12:30:20,514][com.java.SeleniumDriver] [  918] - --------------------------setting values-----------------------------
[INFO ][2016-02-03 12:30:20,515][com.java.SeleniumDriver] [  921] - Action Type : WAITFORELEMENT
[INFO ][2016-02-03 12:30:21,715][com.java.SeleniumDriver] [  930] -  RESULT true
[INFO ][2016-02-03 12:30:21,715][com.java.SeleniumDriver] [ 1136] - ?   P A S S   ?
[INFO ][2016-02-03 12:30:21,715][com.java.SeleniumDriver] [  856] - ------------------------------------------
[INFO ][2016-02-03 12:30:21,715][com.java.SeleniumDriver] [  857] - Test case being Executed: 3
[INFO ][2016-02-03 12:30:21,715][com.java.SeleniumDriver] [  869] - Test step:8
[INFO ][2016-02-03 12:30:21,715][com.java.SeleniumDriver] [  881] - Datavalue is----------Forecasting 
[INFO ][2016-02-03 12:30:21,715][com.java.SeleniumDriver] [  905] - DataField : XPH//span[contains(text(),'Forecasting')]
[INFO ][2016-02-03 12:30:21,716][com.java.SeleniumDriver] [  907] - DataValue : Forecasting 
[INFO ][2016-02-03 12:30:21,716][com.java.SeleniumDriver] [  913] - <In Set values of the page>
[INFO ][2016-02-03 12:30:21,716][com.java.SeleniumDriver] [  916] - {Data Fields & Data Values Exist}
[INFO ][2016-02-03 12:30:21,716][com.java.SeleniumDriver] [  918] - --------------------------setting values-----------------------------
[INFO ][2016-02-03 12:30:21,716][com.java.SeleniumDriver] [  921] - Action Type : VERIFY
[INFO ][2016-02-03 12:30:21,716][com.java.TestType] [ 8173] - field= XPH//span[contains(text(),'Forecasting')] value= Forecasting 
[INFO ][2016-02-03 12:30:21,716][com.java.TestType] [ 6562] - value = Forecasting 
[INFO ][2016-02-03 12:30:21,821][com.java.SeleniumDriver] [  930] -  RESULT true
[INFO ][2016-02-03 12:30:21,821][com.java.SeleniumDriver] [ 1136] - ?   P A S S   ?
[INFO ][2016-02-03 12:30:21,821][com.java.SeleniumDriver] [  856] - ------------------------------------------
[INFO ][2016-02-03 12:30:21,821][com.java.SeleniumDriver] [  857] - Test case being Executed: 3
[INFO ][2016-02-03 12:30:21,821][com.java.SeleniumDriver] [  869] - Test step:9
[INFO ][2016-02-03 12:30:21,821][com.java.SeleniumDriver] [  881] - Datavalue is----------null
[DEBUG][2016-02-03 12:30:21,821][com.java.SeleniumDriver] [  899] - Exception: null
[INFO ][2016-02-03 12:30:21,821][com.java.SeleniumDriver] [  905] - DataField : BTNframeDialogContent
[INFO ][2016-02-03 12:30:21,822][com.java.SeleniumDriver] [  907] - DataValue : 
[INFO ][2016-02-03 12:30:21,822][com.java.SeleniumDriver] [  913] - <In Set values of the page>
[INFO ][2016-02-03 12:30:21,822][com.java.SeleniumDriver] [  916] - {Data Fields & Data Values Exist}
[INFO ][2016-02-03 12:30:21,822][com.java.SeleniumDriver] [  918] - --------------------------setting values-----------------------------
[INFO ][2016-02-03 12:30:21,822][com.java.SeleniumDriver] [  921] - Action Type : SELECTFRAME
[INFO ][2016-02-03 12:30:22,970][com.java.SeleniumDriver] [  930] -  RESULT true
[INFO ][2016-02-03 12:30:22,970][com.java.SeleniumDriver] [ 1136] - ?   P A S S   ?
[INFO ][2016-02-03 12:30:22,970][com.java.SeleniumDriver] [  856] - ------------------------------------------
[INFO ][2016-02-03 12:30:22,970][com.java.SeleniumDriver] [  857] - Test case being Executed: 3
[INFO ][2016-02-03 12:30:22,970][com.java.SeleniumDriver] [  869] - Test step:10
[INFO ][2016-02-03 12:30:22,970][com.java.SeleniumDriver] [  881] - Datavalue is----------10
[INFO ][2016-02-03 12:30:22,970][com.java.SeleniumDriver] [  905] - DataField : DSPddlProjects
[INFO ][2016-02-03 12:30:22,970][com.java.SeleniumDriver] [  907] - DataValue : 10
[INFO ][2016-02-03 12:30:22,971][com.java.SeleniumDriver] [  913] - <In Set values of the page>
[INFO ][2016-02-03 12:30:22,971][com.java.SeleniumDriver] [  916] - {Data Fields & Data Values Exist}
[INFO ][2016-02-03 12:30:22,971][com.java.SeleniumDriver] [  918] - --------------------------setting values-----------------------------
[INFO ][2016-02-03 12:30:22,971][com.java.SeleniumDriver] [  921] - Action Type : WAITFORELEMENT
[INFO ][2016-02-03 12:30:24,071][com.java.SeleniumDriver] [  930] -  RESULT true
[INFO ][2016-02-03 12:30:24,071][com.java.SeleniumDriver] [ 1136] - ?   P A S S   ?
[INFO ][2016-02-03 12:30:24,071][com.java.SeleniumDriver] [  856] - ------------------------------------------
[INFO ][2016-02-03 12:30:24,071][com.java.SeleniumDriver] [  857] - Test case being Executed: 3
[INFO ][2016-02-03 12:30:24,071][com.java.SeleniumDriver] [  869] - Test step:11
[INFO ][2016-02-03 12:30:24,071][com.java.SeleniumDriver] [  881] - Datavalue is----------index:1
[INFO ][2016-02-03 12:30:24,071][com.java.SeleniumDriver] [  905] - DataField : COBddlProjects
[INFO ][2016-02-03 12:30:24,071][com.java.SeleniumDriver] [  907] - DataValue : index:1
[INFO ][2016-02-03 12:30:24,071][com.java.SeleniumDriver] [  913] - <In Set values of the page>
[INFO ][2016-02-03 12:30:24,071][com.java.SeleniumDriver] [  916] - {Data Fields & Data Values Exist}
[INFO ][2016-02-03 12:30:24,071][com.java.SeleniumDriver] [  918] - --------------------------setting values-----------------------------
[INFO ][2016-02-03 12:30:24,072][com.java.SeleniumDriver] [  921] - Action Type : SELECT
[INFO ][2016-02-03 12:30:24,072][com.java.TestType] [ 6562] - value = 1
[INFO ][2016-02-03 12:30:25,169][com.java.TestType] [ 6680] -  In COB ddlProjects : 1
[INFO ][2016-02-03 12:30:25,311][com.java.SeleniumDriver] [  930] -  RESULT true
[INFO ][2016-02-03 12:30:25,311][com.java.SeleniumDriver] [ 1136] - ?   P A S S   ?
[INFO ][2016-02-03 12:30:25,311][com.java.SeleniumDriver] [ 1173] - Continue next step...
[INFO ][2016-02-03 12:30:25,311][com.java.SeleniumDriver] [  856] - ------------------------------------------
[INFO ][2016-02-03 12:30:25,311][com.java.SeleniumDriver] [  857] - Test case being Executed: 3
[INFO ][2016-02-03 12:30:25,311][com.java.SeleniumDriver] [  869] - Test step:12
[INFO ][2016-02-03 12:30:25,311][com.java.SeleniumDriver] [  881] - Datavalue is----------CurrentProject
[INFO ][2016-02-03 12:30:25,311][com.java.SeleniumDriver] [  905] - DataField : SLBddlProjects
[INFO ][2016-02-03 12:30:25,311][com.java.SeleniumDriver] [  907] - DataValue : CurrentProject
[INFO ][2016-02-03 12:30:25,312][com.java.SeleniumDriver] [  913] - <In Set values of the page>
[INFO ][2016-02-03 12:30:25,312][com.java.SeleniumDriver] [  916] - {Data Fields & Data Values Exist}
[INFO ][2016-02-03 12:30:25,312][com.java.SeleniumDriver] [  918] - --------------------------setting values-----------------------------
[INFO ][2016-02-03 12:30:25,312][com.java.SeleniumDriver] [  921] - Action Type : storevalue
[INFO ][2016-02-03 12:30:25,312][com.java.TestType] [ 9633] - field= SLBddlProjects
[INFO ][2016-02-03 12:30:26,513][com.java.SeleniumDriver] [  930] -  RESULT true
[INFO ][2016-02-03 12:30:26,513][com.java.SeleniumDriver] [ 1136] - ?   P A S S   ?
[INFO ][2016-02-03 12:30:26,513][com.java.SeleniumDriver] [  856] - ------------------------------------------
[INFO ][2016-02-03 12:30:26,513][com.java.SeleniumDriver] [  857] - Test case being Executed: 3
[INFO ][2016-02-03 12:30:26,513][com.java.SeleniumDriver] [  869] - Test step:13
[INFO ][2016-02-03 12:30:26,513][com.java.SeleniumDriver] [  881] - Datavalue is----------null
[DEBUG][2016-02-03 12:30:26,513][com.java.SeleniumDriver] [  899] - Exception: null
[INFO ][2016-02-03 12:30:26,514][com.java.SeleniumDriver] [  905] - DataField : BTNbtnOpenProject
[INFO ][2016-02-03 12:30:26,514][com.java.SeleniumDriver] [  907] - DataValue : 
[INFO ][2016-02-03 12:30:26,514][com.java.SeleniumDriver] [  913] - <In Set values of the page>
[INFO ][2016-02-03 12:30:26,514][com.java.SeleniumDriver] [  916] - {Data Fields & Data Values Exist}
[INFO ][2016-02-03 12:30:26,514][com.java.SeleniumDriver] [  918] - --------------------------setting values-----------------------------
[INFO ][2016-02-03 12:30:26,514][com.java.SeleniumDriver] [  921] - Action Type : CLICKWITHALERT
[INFO ][2016-02-03 12:30:30,455][com.java.SeleniumDriver] [  930] -  RESULT true
[INFO ][2016-02-03 12:30:30,455][com.java.SeleniumDriver] [ 1136] - ?   P A S S   ?
[INFO ][2016-02-03 12:30:30,455][com.java.SeleniumDriver] [  856] - ------------------------------------------
[INFO ][2016-02-03 12:30:30,455][com.java.SeleniumDriver] [  857] - Test case being Executed: 3
[INFO ][2016-02-03 12:30:30,455][com.java.SeleniumDriver] [  869] - Test step:14
[INFO ][2016-02-03 12:30:30,455][com.java.SeleniumDriver] [  881] - Datavalue is----------2
[INFO ][2016-02-03 12:30:30,455][com.java.SeleniumDriver] [  905] - DataField : null
[INFO ][2016-02-03 12:30:30,455][com.java.SeleniumDriver] [  907] - DataValue : 2
[INFO ][2016-02-03 12:30:30,455][com.java.SeleniumDriver] [  913] - <In Set values of the page>
[INFO ][2016-02-03 12:30:30,455][com.java.SeleniumDriver] [  916] - {Data Fields & Data Values Exist}
[INFO ][2016-02-03 12:30:30,455][com.java.SeleniumDriver] [  918] - --------------------------setting values-----------------------------
[INFO ][2016-02-03 12:30:30,455][com.java.SeleniumDriver] [  921] - Action Type : WAITTIME
[DEBUG][2016-02-03 12:30:30,455][com.java.TestType] [ 6376] - sleepTime: 2000
[INFO ][2016-02-03 12:30:32,457][com.java.SeleniumDriver] [  930] -  RESULT true
[INFO ][2016-02-03 12:30:32,457][com.java.SeleniumDriver] [ 1136] - ?   P A S S   ?
[INFO ][2016-02-03 12:30:32,457][com.java.SeleniumDriver] [  856] - ------------------------------------------
[INFO ][2016-02-03 12:30:32,457][com.java.SeleniumDriver] [  857] - Test case being Executed: 3
[INFO ][2016-02-03 12:30:32,457][com.java.SeleniumDriver] [  869] - Test step:15
[INFO ][2016-02-03 12:30:32,457][com.java.SeleniumDriver] [  881] - Datavalue is----------null
[DEBUG][2016-02-03 12:30:32,457][com.java.SeleniumDriver] [  899] - Exception: null
[INFO ][2016-02-03 12:30:32,457][com.java.SeleniumDriver] [  905] - DataField : BTNParent
[INFO ][2016-02-03 12:30:32,457][com.java.SeleniumDriver] [  907] - DataValue : 
[INFO ][2016-02-03 12:30:32,457][com.java.SeleniumDriver] [  913] - <In Set values of the page>
[INFO ][2016-02-03 12:30:32,457][com.java.SeleniumDriver] [  916] - {Data Fields & Data Values Exist}
[INFO ][2016-02-03 12:30:32,457][com.java.SeleniumDriver] [  918] - --------------------------setting values-----------------------------
[INFO ][2016-02-03 12:30:32,458][com.java.SeleniumDriver] [  921] - Action Type : SELECTFRAME
[INFO ][2016-02-03 12:30:32,474][com.java.SeleniumDriver] [  930] -  RESULT true
[INFO ][2016-02-03 12:30:32,474][com.java.SeleniumDriver] [ 1136] - ?   P A S S   ?
[INFO ][2016-02-03 12:30:32,474][com.java.SeleniumDriver] [  856] - ------------------------------------------
[INFO ][2016-02-03 12:30:32,474][com.java.SeleniumDriver] [  857] - Test case being Executed: 3
[INFO ][2016-02-03 12:30:32,474][com.java.SeleniumDriver] [  869] - Test step:16
[INFO ][2016-02-03 12:30:32,474][com.java.SeleniumDriver] [  881] - Datavalue is----------10
[INFO ][2016-02-03 12:30:32,475][com.java.SeleniumDriver] [  905] - DataField : DSPFile
[INFO ][2016-02-03 12:30:32,475][com.java.SeleniumDriver] [  907] - DataValue : 10
[INFO ][2016-02-03 12:30:32,475][com.java.SeleniumDriver] [  913] - <In Set values of the page>
[INFO ][2016-02-03 12:30:32,475][com.java.SeleniumDriver] [  916] - {Data Fields & Data Values Exist}
[INFO ][2016-02-03 12:30:32,475][com.java.SeleniumDriver] [  918] - --------------------------setting values-----------------------------
[INFO ][2016-02-03 12:30:32,475][com.java.SeleniumDriver] [  921] - Action Type : WAITFORELEMENT
[INFO ][2016-02-03 12:30:32,606][com.java.SeleniumDriver] [  930] -  RESULT true
[INFO ][2016-02-03 12:30:32,606][com.java.SeleniumDriver] [ 1136] - ?   P A S S   ?
[INFO ][2016-02-03 12:30:32,606][com.java.SeleniumDriver] [  856] - ------------------------------------------
[INFO ][2016-02-03 12:30:32,606][com.java.SeleniumDriver] [  857] - Test case being Executed: 3
[INFO ][2016-02-03 12:30:32,606][com.java.SeleniumDriver] [  869] - Test step:17
[INFO ][2016-02-03 12:30:32,606][com.java.SeleniumDriver] [  881] - Datavalue is----------null
[DEBUG][2016-02-03 12:30:32,606][com.java.SeleniumDriver] [  899] - Exception: null
[INFO ][2016-02-03 12:30:32,606][com.java.SeleniumDriver] [  905] - DataField : HDNFile
[INFO ][2016-02-03 12:30:32,606][com.java.SeleniumDriver] [  907] - DataValue : 
[INFO ][2016-02-03 12:30:32,606][com.java.SeleniumDriver] [  913] - <In Set values of the page>
[INFO ][2016-02-03 12:30:32,606][com.java.SeleniumDriver] [  916] - {Data Fields & Data Values Exist}
[INFO ][2016-02-03 12:30:32,607][com.java.SeleniumDriver] [  918] - --------------------------setting values-----------------------------
[INFO ][2016-02-03 12:30:32,607][com.java.SeleniumDriver] [  921] - Action Type : Click
[INFO ][2016-02-03 12:30:32,607][com.java.TestType] [ 6941] - Field ::HDNFile
[INFO ][2016-02-03 12:30:32,607][com.java.TestType] [ 6562] - value = 
[INFO ][2016-02-03 12:30:33,716][com.java.SeleniumDriver] [  930] -  RESULT true
[INFO ][2016-02-03 12:30:33,717][com.java.SeleniumDriver] [ 1136] - ?   P A S S   ?
[INFO ][2016-02-03 12:30:33,717][com.java.SeleniumDriver] [  856] - ------------------------------------------
[INFO ][2016-02-03 12:30:33,717][com.java.SeleniumDriver] [  857] - Test case being Executed: 3
[INFO ][2016-02-03 12:30:33,717][com.java.SeleniumDriver] [  869] - Test step:18
[INFO ][2016-02-03 12:30:33,717][com.java.SeleniumDriver] [  881] - Datavalue is----------10
[INFO ][2016-02-03 12:30:33,717][com.java.SeleniumDriver] [  905] - DataField : DSP//a[@id='menuNewProject']
[INFO ][2016-02-03 12:30:33,717][com.java.SeleniumDriver] [  907] - DataValue : 10
[INFO ][2016-02-03 12:30:33,717][com.java.SeleniumDriver] [  913] - <In Set values of the page>
[INFO ][2016-02-03 12:30:33,717][com.java.SeleniumDriver] [  916] - {Data Fields & Data Values Exist}
[INFO ][2016-02-03 12:30:33,717][com.java.SeleniumDriver] [  918] - --------------------------setting values-----------------------------
[INFO ][2016-02-03 12:30:33,717][com.java.SeleniumDriver] [  921] - Action Type : WAITFORELEMENT
[INFO ][2016-02-03 12:30:33,915][com.java.SeleniumDriver] [  930] -  RESULT true
[INFO ][2016-02-03 12:30:33,915][com.java.SeleniumDriver] [ 1136] - ?   P A S S   ?
[INFO ][2016-02-03 12:30:33,915][com.java.SeleniumDriver] [  856] - ------------------------------------------
[INFO ][2016-02-03 12:30:33,915][com.java.SeleniumDriver] [  857] - Test case being Executed: 3
[INFO ][2016-02-03 12:30:33,915][com.java.SeleniumDriver] [  869] - Test step:19
[INFO ][2016-02-03 12:30:33,915][com.java.SeleniumDriver] [  881] - Datavalue is----------null
[DEBUG][2016-02-03 12:30:33,915][com.java.SeleniumDriver] [  899] - Exception: null
[INFO ][2016-02-03 12:30:33,915][com.java.SeleniumDriver] [  905] - DataField : HDN//a[@id='menuNewProject']
[INFO ][2016-02-03 12:30:33,915][com.java.SeleniumDriver] [  907] - DataValue : 
[INFO ][2016-02-03 12:30:33,915][com.java.SeleniumDriver] [  913] - <In Set values of the page>
[INFO ][2016-02-03 12:30:33,915][com.java.SeleniumDriver] [  916] - {Data Fields & Data Values Exist}
[INFO ][2016-02-03 12:30:33,916][com.java.SeleniumDriver] [  918] - --------------------------setting values-----------------------------
[INFO ][2016-02-03 12:30:33,916][com.java.SeleniumDriver] [  921] - Action Type : Click
[INFO ][2016-02-03 12:30:33,916][com.java.TestType] [ 6941] - Field ::HDN//a[@id='menuNewProject']
[INFO ][2016-02-03 12:30:33,916][com.java.TestType] [ 6562] - value = 
[INFO ][2016-02-03 12:30:35,025][com.java.SeleniumDriver] [  930] -  RESULT true
[INFO ][2016-02-03 12:30:35,025][com.java.SeleniumDriver] [ 1136] - ?   P A S S   ?
[INFO ][2016-02-03 12:30:35,026][com.java.SeleniumDriver] [  856] - ------------------------------------------
[INFO ][2016-02-03 12:30:35,027][com.java.SeleniumDriver] [  857] - Test case being Executed: 3
[INFO ][2016-02-03 12:30:35,027][com.java.SeleniumDriver] [  869] - Test step:20
[INFO ][2016-02-03 12:30:35,027][com.java.SeleniumDriver] [  881] - Datavalue is----------5
[INFO ][2016-02-03 12:30:35,027][com.java.SeleniumDriver] [  905] - DataField : null
[INFO ][2016-02-03 12:30:35,027][com.java.SeleniumDriver] [  907] - DataValue : 5
[INFO ][2016-02-03 12:30:35,027][com.java.SeleniumDriver] [  913] - <In Set values of the page>
[INFO ][2016-02-03 12:30:35,027][com.java.SeleniumDriver] [  916] - {Data Fields & Data Values Exist}
[INFO ][2016-02-03 12:30:35,027][com.java.SeleniumDriver] [  918] - --------------------------setting values-----------------------------
[INFO ][2016-02-03 12:30:35,027][com.java.SeleniumDriver] [  921] - Action Type : WAITTIME
[DEBUG][2016-02-03 12:30:35,027][com.java.TestType] [ 6376] - sleepTime: 5000
[INFO ][2016-02-03 12:30:40,028][com.java.SeleniumDriver] [  930] -  RESULT true
[INFO ][2016-02-03 12:30:40,028][com.java.SeleniumDriver] [ 1136] - ?   P A S S   ?
[INFO ][2016-02-03 12:30:40,028][com.java.SeleniumDriver] [  856] - ------------------------------------------
[INFO ][2016-02-03 12:30:40,028][com.java.SeleniumDriver] [  857] - Test case being Executed: 3
[INFO ][2016-02-03 12:30:40,028][com.java.SeleniumDriver] [  869] - Test step:21
[INFO ][2016-02-03 12:30:40,028][com.java.SeleniumDriver] [  881] - Datavalue is----------OK
[INFO ][2016-02-03 12:30:40,028][com.java.SeleniumDriver] [  905] - DataField : CNF
[INFO ][2016-02-03 12:30:40,028][com.java.SeleniumDriver] [  907] - DataValue : OK
[INFO ][2016-02-03 12:30:40,028][com.java.SeleniumDriver] [  913] - <In Set values of the page>
[INFO ][2016-02-03 12:30:40,028][com.java.SeleniumDriver] [  916] - {Data Fields & Data Values Exist}
[INFO ][2016-02-03 12:30:40,028][com.java.SeleniumDriver] [  918] - --------------------------setting values-----------------------------
[INFO ][2016-02-03 12:30:40,028][com.java.SeleniumDriver] [  921] - Action Type : Click
[INFO ][2016-02-03 12:30:40,029][com.java.TestType] [ 6941] - Field ::CNF
[INFO ][2016-02-03 12:30:40,029][com.java.TestType] [ 6562] - value = OK
[INFO ][2016-02-03 12:30:41,842][com.java.TestType] [ 7110] - Click the object Only one project create dialog
[INFO ][2016-02-03 12:30:41,842][com.java.TestType] [ 7111] - Unable to click the object Only one project create dialog
[INFO ][2016-02-03 12:30:41,842][com.java.SeleniumDriver] [  930] -  RESULT true
[INFO ][2016-02-03 12:30:41,842][com.java.SeleniumDriver] [ 1136] - ?   P A S S   ?
[INFO ][2016-02-03 12:30:41,843][com.java.SeleniumDriver] [ 1178] - step change to 42
[INFO ][2016-02-03 12:30:41,843][com.java.SeleniumDriver] [  856] - ------------------------------------------
[INFO ][2016-02-03 12:30:41,843][com.java.SeleniumDriver] [  857] - Test case being Executed: 3
[INFO ][2016-02-03 12:30:41,843][com.java.SeleniumDriver] [  869] - Test step:42
[INFO ][2016-02-03 12:30:41,843][com.java.SeleniumDriver] [  881] - Datavalue is----------1
[INFO ][2016-02-03 12:30:41,843][com.java.SeleniumDriver] [  905] - DataField : null
[INFO ][2016-02-03 12:30:41,843][com.java.SeleniumDriver] [  907] - DataValue : 1
[INFO ][2016-02-03 12:30:41,843][com.java.SeleniumDriver] [  913] - <In Set values of the page>
[INFO ][2016-02-03 12:30:41,843][com.java.SeleniumDriver] [  916] - {Data Fields & Data Values Exist}
[INFO ][2016-02-03 12:30:41,843][com.java.SeleniumDriver] [  918] - --------------------------setting values-----------------------------
[INFO ][2016-02-03 12:30:41,843][com.java.SeleniumDriver] [  921] - Action Type : WAITTIME
[DEBUG][2016-02-03 12:30:41,843][com.java.TestType] [ 6376] - sleepTime: 1000
[INFO ][2016-02-03 12:30:42,843][com.java.SeleniumDriver] [  930] -  RESULT true
[INFO ][2016-02-03 12:30:42,843][com.java.SeleniumDriver] [ 1136] - ?   P A S S   ?
[DEBUG][2016-02-03 12:30:42,843][com.java.SeleniumDriver] [ 1248] - Case found
[DEBUG][2016-02-03 12:30:42,843][com.java.SeleniumDriver] [ 1253] - Incrementing ReportCounters[0]:3
[INFO ][2016-02-03 12:30:42,843][com.java.SeleniumDriver] [ 1272] - The results are-------------------[3, 1, Copy Of Existinf FC Project, Pass, , Wed Feb 03 12:29:18 IST 2016, 3, 3, Copy Of Existinf FC Project, Pass, , Wed Feb 03 12:29:24 IST 2016, 3, 4, Copy Of Existinf FC Project, Pass, , Wed Feb 03 12:30:02 IST 2016, 3, 5, Copy Of Existinf FC Project, Pass, , Wed Feb 03 12:30:07 IST 2016, 3, 6, Copy Of Existinf FC Project, Pass, , Wed Feb 03 12:30:20 IST 2016, 3, 7, Copy Of Existinf FC Project, Pass, , Wed Feb 03 12:30:21 IST 2016, 3, 8, Copy Of Existinf FC Project, Pass, , Wed Feb 03 12:30:21 IST 2016, 3, 9, Copy Of Existinf FC Project, Pass, , Wed Feb 03 12:30:22 IST 2016, 3, 10, Copy Of Existinf FC Project, Pass, , Wed Feb 03 12:30:24 IST 2016, 3, 11, Copy Of Existinf FC Project, Pass, , Wed Feb 03 12:30:25 IST 2016, 3, 12, Copy Of Existinf FC Project, Pass, , Wed Feb 03 12:30:26 IST 2016, 3, 13, Copy Of Existinf FC Project, Pass, , Wed Feb 03 12:30:30 IST 2016, 3, 14, Copy Of Existinf FC Project, Pass, , Wed Feb 03 12:30:32 IST 2016, 3, 15, Copy Of Existinf FC Project, Pass, , Wed Feb 03 12:30:32 IST 2016, 3, 16, Copy Of Existinf FC Project, Pass, , Wed Feb 03 12:30:32 IST 2016, 3, 17, Copy Of Existinf FC Project, Pass, , Wed Feb 03 12:30:33 IST 2016, 3, 18, Copy Of Existinf FC Project, Pass, , Wed Feb 03 12:30:33 IST 2016, 3, 19, Copy Of Existinf FC Project, Pass, , Wed Feb 03 12:30:35 IST 2016, 3, 20, Copy Of Existinf FC Project, Pass, , Wed Feb 03 12:30:40 IST 2016, 3, 21, Copy Of Existinf FC Project, Pass, , Wed Feb 03 12:30:41 IST 2016, 3, 42, Copy Of Existinf FC Project, Pass, , Wed Feb 03 12:30:42 IST 2016]
[INFO ][2016-02-03 12:30:42,843][com.java.SeleniumDriver] [ 1276] - End time is-------8 min 56 sec
[INFO ][2016-02-03 12:30:42,843][com.java.SeleniumDriver] [ 1277] - The results are-------------------[3, 1, Copy Of Existinf FC Project, Pass, , Wed Feb 03 12:29:18 IST 2016, 3, 3, Copy Of Existinf FC Project, Pass, , Wed Feb 03 12:29:24 IST 2016, 3, 4, Copy Of Existinf FC Project, Pass, , Wed Feb 03 12:30:02 IST 2016, 3, 5, Copy Of Existinf FC Project, Pass, , Wed Feb 03 12:30:07 IST 2016, 3, 6, Copy Of Existinf FC Project, Pass, , Wed Feb 03 12:30:20 IST 2016, 3, 7, Copy Of Existinf FC Project, Pass, , Wed Feb 03 12:30:21 IST 2016, 3, 8, Copy Of Existinf FC Project, Pass, , Wed Feb 03 12:30:21 IST 2016, 3, 9, Copy Of Existinf FC Project, Pass, , Wed Feb 03 12:30:22 IST 2016, 3, 10, Copy Of Existinf FC Project, Pass, , Wed Feb 03 12:30:24 IST 2016, 3, 11, Copy Of Existinf FC Project, Pass, , Wed Feb 03 12:30:25 IST 2016, 3, 12, Copy Of Existinf FC Project, Pass, , Wed Feb 03 12:30:26 IST 2016, 3, 13, Copy Of Existinf FC Project, Pass, , Wed Feb 03 12:30:30 IST 2016, 3, 14, Copy Of Existinf FC Project, Pass, , Wed Feb 03 12:30:32 IST 2016, 3, 15, Copy Of Existinf FC Project, Pass, , Wed Feb 03 12:30:32 IST 2016, 3, 16, Copy Of Existinf FC Project, Pass, , Wed Feb 03 12:30:32 IST 2016, 3, 17, Copy Of Existinf FC Project, Pass, , Wed Feb 03 12:30:33 IST 2016, 3, 18, Copy Of Existinf FC Project, Pass, , Wed Feb 03 12:30:33 IST 2016, 3, 19, Copy Of Existinf FC Project, Pass, , Wed Feb 03 12:30:35 IST 2016, 3, 20, Copy Of Existinf FC Project, Pass, , Wed Feb 03 12:30:40 IST 2016, 3, 21, Copy Of Existinf FC Project, Pass, , Wed Feb 03 12:30:41 IST 2016, 3, 42, Copy Of Existinf FC Project, Pass, , Wed Feb 03 12:30:42 IST 2016]
[DEBUG][2016-02-03 12:30:42,843][com.java.ImportnExport.ExportTestResultsExcel] [  222] - testResultPath = D:\BankersDashboard/TestReports/Test Results_BankersDashBoard_020316_122153_IE10_First Bank.xls
[DEBUG][2016-02-03 12:30:42,843][com.java.ImportnExport.ExportTestResultsExcel] [  223] - browser is------------IE10
[DEBUG][2016-02-03 12:30:42,848][com.java.ImportnExport.ExportTestResultsExcel] [  270] - result.size() = 126
[DEBUG][2016-02-03 12:30:42,849][com.java.ImportnExport.ExportTestResultsExcel] [  274] - No of rows in sheet=3
[DEBUG][2016-02-03 12:30:42,849][com.java.ImportnExport.ExportTestResultsExcel] [  301] - ..in export..3
[DEBUG][2016-02-03 12:30:42,849][com.java.ImportnExport.ExportTestResultsExcel] [  301] - ..in export..Copy Of Existinf FC Project
[DEBUG][2016-02-03 12:30:42,849][com.java.ImportnExport.ExportTestResultsExcel] [  301] - ..in export..Pass
[DEBUG][2016-02-03 12:30:42,849][com.java.ImportnExport.ExportTestResultsExcel] [  301] - ..in export..
[DEBUG][2016-02-03 12:30:42,849][com.java.ImportnExport.ExportTestResultsExcel] [  301] - ..in export..Wed Feb 03 12:29:18 IST 2016
[INFO ][2016-02-03 12:30:42,850][com.java.SeleniumDriver] [ 1337] - out loop:2 size:5 TestCases:[1, 2, 3, 4, 5] testcases:[1, 2, 3, 4, 5]
[INFO ][2016-02-03 12:30:42,851][com.java.ImportnExport.ImportTestDataDetailsExcel] [   49] - test data details path===== D:\BankersDashboard\TestInputs\TestData.xls
[INFO ][2016-02-03 12:32:46,856][com.java.SeleniumDriver] [  856] - ------------------------------------------
[INFO ][2016-02-03 12:32:46,856][com.java.SeleniumDriver] [  857] - Test case being Executed: 4
[INFO ][2016-02-03 12:32:46,856][com.java.SeleniumDriver] [  869] - Test step:1
[INFO ][2016-02-03 12:32:46,856][com.java.SeleniumDriver] [  881] - Datavalue is----------Logout
[INFO ][2016-02-03 12:32:46,856][com.java.SeleniumDriver] [  905] - DataField : BTN
[INFO ][2016-02-03 12:32:46,856][com.java.SeleniumDriver] [  907] - DataValue : Logout
[INFO ][2016-02-03 12:32:46,856][com.java.SeleniumDriver] [  913] - <In Set values of the page>
[INFO ][2016-02-03 12:32:46,856][com.java.SeleniumDriver] [  916] - {Data Fields & Data Values Exist}
[INFO ][2016-02-03 12:32:46,856][com.java.SeleniumDriver] [  918] - --------------------------setting values-----------------------------
[INFO ][2016-02-03 12:32:46,856][com.java.SeleniumDriver] [  921] - Action Type : Verify
[INFO ][2016-02-03 12:32:46,856][com.java.TestType] [ 8173] - field= BTN value= Logout
[INFO ][2016-02-03 12:32:46,857][com.java.TestType] [ 6562] - value = Logout
[INFO ][2016-02-03 12:32:46,950][com.java.SeleniumDriver] [  930] -  RESULT true
[INFO ][2016-02-03 12:32:46,950][com.java.SeleniumDriver] [ 1136] - ?   P A S S   ?
[INFO ][2016-02-03 12:32:46,950][com.java.SeleniumDriver] [ 1178] - step change to 3
[INFO ][2016-02-03 12:32:46,951][com.java.SeleniumDriver] [  856] - ------------------------------------------
[INFO ][2016-02-03 12:32:46,951][com.java.SeleniumDriver] [  857] - Test case being Executed: 4
[INFO ][2016-02-03 12:32:46,951][com.java.SeleniumDriver] [  869] - Test step:3
[INFO ][2016-02-03 12:32:46,951][com.java.SeleniumDriver] [  881] - Datavalue is----------Concept#2:1-2
[INFO ][2016-02-03 12:32:46,951][com.java.SeleniumDriver] [  905] - DataField : test
[INFO ][2016-02-03 12:32:46,951][com.java.SeleniumDriver] [  907] - DataValue : Concept#2:1-2
[INFO ][2016-02-03 12:32:46,951][com.java.SeleniumDriver] [  913] - <In Set values of the page>
[INFO ][2016-02-03 12:32:46,951][com.java.SeleniumDriver] [  916] - {Data Fields & Data Values Exist}
[INFO ][2016-02-03 12:32:46,951][com.java.SeleniumDriver] [  918] - --------------------------setting values-----------------------------
[INFO ][2016-02-03 12:32:46,953][com.java.SeleniumDriver] [  921] - Action Type : ExecuteTestCase
[INFO ][2016-02-03 12:32:46,953][com.java.TestType] [  448] - The Concept sheet name is ---------- Concept
[INFO ][2016-02-03 12:32:46,953][com.java.TestType] [  451] - The Concept ID  is ---------- 2
[DEBUG][2016-02-03 12:32:46,953][com.java.TestType] [  455] - Steps being executted in the Concept are: 1:2
[INFO ][2016-02-03 12:32:46,953][com.java.TestType] [  462] - Test data details path ---------- D:\BankersDashboard\TestInputs\TestData.xls
[INFO ][2016-02-03 12:32:46,986][com.java.TestType] [  493] -  str(1) = 2
[INFO ][2016-02-03 12:32:46,986][com.java.TestType] [  496] - Test case Id is---2
[INFO ][2016-02-03 12:32:46,986][com.java.TestType] [  498] - 2
[INFO ][2016-02-03 12:32:46,987][com.java.TestType] [  493] -  str(2) = 1
[INFO ][2016-02-03 12:32:46,988][com.java.TestType] [  493] -  str(1) = 2
[INFO ][2016-02-03 12:32:46,988][com.java.TestType] [  496] - Test case Id is---2
[INFO ][2016-02-03 12:32:46,988][com.java.TestType] [  498] - 2
[INFO ][2016-02-03 12:32:46,988][com.java.TestType] [  493] -  str(2) = 2
[INFO ][2016-02-03 12:32:46,989][com.java.TestType] [  493] -  str(1) = 2
[INFO ][2016-02-03 12:32:46,989][com.java.TestType] [  496] - Test case Id is---2
[INFO ][2016-02-03 12:32:46,989][com.java.TestType] [  498] - 2
[INFO ][2016-02-03 12:32:46,989][com.java.TestType] [  493] -  str(2) = 3
[INFO ][2016-02-03 12:32:46,990][com.java.TestType] [11868] - Looping 1TCID = 2
[DEBUG][2016-02-03 12:32:46,990][com.java.TestType] [11909] - Concept ID:2 :: Step being Executed: 2::1
[INFO ][2016-02-03 12:32:46,990][com.java.TestType] [11947] - dataFields : BNK//select[@id='bank']
[DEBUG][2016-02-03 12:32:46,990][com.java.TestType] [11953] - <In Set values of the page>
[DEBUG][2016-02-03 12:32:46,991][com.java.TestType] [11958] - {Data Fields & Data Values Exist}
[INFO ][2016-02-03 12:32:46,991][com.java.TestType] [11964] - --------------------------setting values-----------------------------
[INFO ][2016-02-03 12:32:46,991][com.java.TestType] [11967] - Action Type : Select
[INFO ][2016-02-03 12:32:46,991][com.java.TestType] [ 6562] - value = PFC
[INFO ][2016-02-03 12:32:47,198][com.java.TestType] [11986] -  RESULT true
[INFO ][2016-02-03 12:32:47,198][com.java.TestType] [12103] - ?   P A S S   ?
[DEBUG][2016-02-03 12:32:47,198][com.java.TestType] [11909] - Concept ID:2 :: Step being Executed: 2::2
[INFO ][2016-02-03 12:32:47,198][com.java.TestType] [11947] - dataFields : LNKLogout
[DEBUG][2016-02-03 12:32:47,198][com.java.TestType] [11953] - <In Set values of the page>
[DEBUG][2016-02-03 12:32:47,198][com.java.TestType] [11958] - {Data Fields & Data Values Exist}
[INFO ][2016-02-03 12:32:47,198][com.java.TestType] [11964] - --------------------------setting values-----------------------------
[INFO ][2016-02-03 12:32:47,198][com.java.TestType] [11967] - Action Type : WaitTime
[DEBUG][2016-02-03 12:32:47,199][com.java.TestType] [ 6376] - sleepTime: 5000
[INFO ][2016-02-03 12:32:52,199][com.java.TestType] [11986] -  RESULT true
[INFO ][2016-02-03 12:32:52,199][com.java.TestType] [12103] - ?   P A S S   ?
[INFO ][2016-02-03 12:32:52,199][com.java.TestType] [12174] - Looping End......
[INFO ][2016-02-03 12:32:52,204][com.java.SeleniumDriver] [  930] -  RESULT true
[INFO ][2016-02-03 12:32:52,204][com.java.SeleniumDriver] [ 1136] - ?   P A S S   ?
[INFO ][2016-02-03 12:32:52,205][com.java.SeleniumDriver] [  856] - ------------------------------------------
[INFO ][2016-02-03 12:32:52,205][com.java.SeleniumDriver] [  857] - Test case being Executed: 4
[INFO ][2016-02-03 12:32:52,205][com.java.SeleniumDriver] [  869] - Test step:4
[INFO ][2016-02-03 12:32:52,206][com.java.SeleniumDriver] [  881] - Datavalue is----------3
[INFO ][2016-02-03 12:32:52,206][com.java.SeleniumDriver] [  905] - DataField : XPH//img[@id='loading']
[INFO ][2016-02-03 12:32:52,206][com.java.SeleniumDriver] [  907] - DataValue : 3
[INFO ][2016-02-03 12:32:52,207][com.java.SeleniumDriver] [  913] - <In Set values of the page>
[INFO ][2016-02-03 12:32:52,207][com.java.SeleniumDriver] [  916] - {Data Fields & Data Values Exist}
[INFO ][2016-02-03 12:32:52,207][com.java.SeleniumDriver] [  918] - --------------------------setting values-----------------------------
[INFO ][2016-02-03 12:32:52,207][com.java.SeleniumDriver] [  921] - Action Type : WaitForElement
[INFO ][2016-02-03 12:32:52,243][com.java.SeleniumDriver] [  930] -  RESULT true
[INFO ][2016-02-03 12:32:52,243][com.java.SeleniumDriver] [ 1136] - ?   P A S S   ?
[INFO ][2016-02-03 12:32:52,243][com.java.SeleniumDriver] [  856] - ------------------------------------------
[INFO ][2016-02-03 12:32:52,243][com.java.SeleniumDriver] [  857] - Test case being Executed: 4
[INFO ][2016-02-03 12:32:52,244][com.java.SeleniumDriver] [  869] - Test step:5
[INFO ][2016-02-03 12:32:52,244][com.java.SeleniumDriver] [  881] - Datavalue is----------90
[INFO ][2016-02-03 12:32:52,244][com.java.SeleniumDriver] [  905] - DataField : XPH//img[@id='loading']
[INFO ][2016-02-03 12:32:52,244][com.java.SeleniumDriver] [  907] - DataValue : 90
[INFO ][2016-02-03 12:32:52,244][com.java.SeleniumDriver] [  913] - <In Set values of the page>
[INFO ][2016-02-03 12:32:52,244][com.java.SeleniumDriver] [  916] - {Data Fields & Data Values Exist}
[INFO ][2016-02-03 12:32:52,244][com.java.SeleniumDriver] [  918] - --------------------------setting values-----------------------------
[INFO ][2016-02-03 12:32:52,244][com.java.SeleniumDriver] [  921] - Action Type : waitForElementNotPresent
[INFO ][2016-02-03 12:32:52,359][com.java.SeleniumDriver] [  930] -  RESULT true
[INFO ][2016-02-03 12:32:52,359][com.java.SeleniumDriver] [ 1136] - ?   P A S S   ?
[INFO ][2016-02-03 12:32:52,359][com.java.SeleniumDriver] [  856] - ------------------------------------------
[INFO ][2016-02-03 12:32:52,359][com.java.SeleniumDriver] [  857] - Test case being Executed: 4
[INFO ][2016-02-03 12:32:52,359][com.java.SeleniumDriver] [  869] - Test step:6
[INFO ][2016-02-03 12:32:52,359][com.java.SeleniumDriver] [  881] - Datavalue is----------null
[DEBUG][2016-02-03 12:32:52,359][com.java.SeleniumDriver] [  899] - Exception: null
[INFO ][2016-02-03 12:32:52,359][com.java.SeleniumDriver] [  905] - DataField : //span[@class='icon-stats']&&//a[@data-id="Forecasting"]
[INFO ][2016-02-03 12:32:52,359][com.java.SeleniumDriver] [  907] - DataValue : 
[INFO ][2016-02-03 12:32:52,359][com.java.SeleniumDriver] [  913] - <In Set values of the page>
[INFO ][2016-02-03 12:32:52,359][com.java.SeleniumDriver] [  916] - {Data Fields & Data Values Exist}
[INFO ][2016-02-03 12:32:52,360][com.java.SeleniumDriver] [  918] - --------------------------setting values-----------------------------
[INFO ][2016-02-03 12:32:52,360][com.java.SeleniumDriver] [  921] - Action Type : MOUSEOVER
[INFO ][2016-02-03 12:33:31,335][com.java.SeleniumDriver] [  930] -  RESULT true
[INFO ][2016-02-03 12:33:31,336][com.java.SeleniumDriver] [ 1136] - ?   P A S S   ?
[INFO ][2016-02-03 12:33:31,336][com.java.SeleniumDriver] [  856] - ------------------------------------------
[INFO ][2016-02-03 12:33:31,336][com.java.SeleniumDriver] [  857] - Test case being Executed: 4
[INFO ][2016-02-03 12:33:31,336][com.java.SeleniumDriver] [  869] - Test step:7
[INFO ][2016-02-03 12:33:31,336][com.java.SeleniumDriver] [  881] - Datavalue is----------5
[INFO ][2016-02-03 12:33:31,336][com.java.SeleniumDriver] [  905] - DataField : null
[INFO ][2016-02-03 12:33:31,336][com.java.SeleniumDriver] [  907] - DataValue : 5
[INFO ][2016-02-03 12:33:31,336][com.java.SeleniumDriver] [  913] - <In Set values of the page>
[INFO ][2016-02-03 12:33:31,336][com.java.SeleniumDriver] [  916] - {Data Fields & Data Values Exist}
[INFO ][2016-02-03 12:33:31,336][com.java.SeleniumDriver] [  918] - --------------------------setting values-----------------------------
[INFO ][2016-02-03 12:33:31,336][com.java.SeleniumDriver] [  921] - Action Type : WAITTIME
[DEBUG][2016-02-03 12:33:31,336][com.java.TestType] [ 6376] - sleepTime: 5000
[INFO ][2016-02-03 12:33:36,337][com.java.SeleniumDriver] [  930] -  RESULT true
[INFO ][2016-02-03 12:33:36,337][com.java.SeleniumDriver] [ 1136] - ?   P A S S   ?
[INFO ][2016-02-03 12:33:36,337][com.java.SeleniumDriver] [  856] - ------------------------------------------
[INFO ][2016-02-03 12:33:36,337][com.java.SeleniumDriver] [  857] - Test case being Executed: 4
[INFO ][2016-02-03 12:33:36,337][com.java.SeleniumDriver] [  869] - Test step:8
[INFO ][2016-02-03 12:33:36,337][com.java.SeleniumDriver] [  881] - Datavalue is----------Forecasting 
[INFO ][2016-02-03 12:33:36,337][com.java.SeleniumDriver] [  905] - DataField : TTL
[INFO ][2016-02-03 12:33:36,337][com.java.SeleniumDriver] [  907] - DataValue : Forecasting 
[INFO ][2016-02-03 12:33:36,337][com.java.SeleniumDriver] [  913] - <In Set values of the page>
[INFO ][2016-02-03 12:33:36,337][com.java.SeleniumDriver] [  916] - {Data Fields & Data Values Exist}
[INFO ][2016-02-03 12:33:36,337][com.java.SeleniumDriver] [  918] - --------------------------setting values-----------------------------
[INFO ][2016-02-03 12:33:36,337][com.java.SeleniumDriver] [  921] - Action Type : SELECTWINDOW
[INFO ][2016-02-03 12:33:48,936][com.java.SeleniumDriver] [  930] -  RESULT true
[INFO ][2016-02-03 12:33:48,936][com.java.SeleniumDriver] [ 1136] - ?   P A S S   ?
[INFO ][2016-02-03 12:33:48,936][com.java.SeleniumDriver] [  856] - ------------------------------------------
[INFO ][2016-02-03 12:33:48,936][com.java.SeleniumDriver] [  857] - Test case being Executed: 4
[INFO ][2016-02-03 12:33:48,936][com.java.SeleniumDriver] [  869] - Test step:9
[INFO ][2016-02-03 12:33:48,936][com.java.SeleniumDriver] [  881] - Datavalue is----------10
[INFO ][2016-02-03 12:33:48,936][com.java.SeleniumDriver] [  905] - DataField : DSP//span[contains(text(),'Forecasting')]
[INFO ][2016-02-03 12:33:48,936][com.java.SeleniumDriver] [  907] - DataValue : 10
[INFO ][2016-02-03 12:33:48,936][com.java.SeleniumDriver] [  913] - <In Set values of the page>
[INFO ][2016-02-03 12:33:48,936][com.java.SeleniumDriver] [  916] - {Data Fields & Data Values Exist}
[INFO ][2016-02-03 12:33:48,937][com.java.SeleniumDriver] [  918] - --------------------------setting values-----------------------------
[INFO ][2016-02-03 12:33:48,937][com.java.SeleniumDriver] [  921] - Action Type : WAITFORELEMENT
[INFO ][2016-02-03 12:33:49,076][com.java.SeleniumDriver] [  930] -  RESULT true
[INFO ][2016-02-03 12:33:49,076][com.java.SeleniumDriver] [ 1136] - ?   P A S S   ?
[INFO ][2016-02-03 12:33:49,076][com.java.SeleniumDriver] [  856] - ------------------------------------------
[INFO ][2016-02-03 12:33:49,076][com.java.SeleniumDriver] [  857] - Test case being Executed: 4
[INFO ][2016-02-03 12:33:49,076][com.java.SeleniumDriver] [  869] - Test step:10
[INFO ][2016-02-03 12:33:49,076][com.java.SeleniumDriver] [  881] - Datavalue is----------Forecasting 
[INFO ][2016-02-03 12:33:49,076][com.java.SeleniumDriver] [  905] - DataField : XPH//span[contains(text(),'Forecasting')]
[INFO ][2016-02-03 12:33:49,076][com.java.SeleniumDriver] [  907] - DataValue : Forecasting 
[INFO ][2016-02-03 12:33:49,076][com.java.SeleniumDriver] [  913] - <In Set values of the page>
[INFO ][2016-02-03 12:33:49,076][com.java.SeleniumDriver] [  916] - {Data Fields & Data Values Exist}
[INFO ][2016-02-03 12:33:49,076][com.java.SeleniumDriver] [  918] - --------------------------setting values-----------------------------
[INFO ][2016-02-03 12:33:49,076][com.java.SeleniumDriver] [  921] - Action Type : VERIFY
[INFO ][2016-02-03 12:33:49,077][com.java.TestType] [ 8173] - field= XPH//span[contains(text(),'Forecasting')] value= Forecasting 
[INFO ][2016-02-03 12:33:49,077][com.java.TestType] [ 6562] - value = Forecasting 
[INFO ][2016-02-03 12:33:49,159][com.java.SeleniumDriver] [  930] -  RESULT true
[INFO ][2016-02-03 12:33:49,159][com.java.SeleniumDriver] [ 1136] - ?   P A S S   ?
[INFO ][2016-02-03 12:33:49,159][com.java.SeleniumDriver] [  856] - ------------------------------------------
[INFO ][2016-02-03 12:33:49,159][com.java.SeleniumDriver] [  857] - Test case being Executed: 4
[INFO ][2016-02-03 12:33:49,159][com.java.SeleniumDriver] [  869] - Test step:11
[INFO ][2016-02-03 12:33:49,159][com.java.SeleniumDriver] [  881] - Datavalue is----------null
[DEBUG][2016-02-03 12:33:49,159][com.java.SeleniumDriver] [  899] - Exception: null
[INFO ][2016-02-03 12:33:49,159][com.java.SeleniumDriver] [  905] - DataField : BTNframeDialogContent
[INFO ][2016-02-03 12:33:49,159][com.java.SeleniumDriver] [  907] - DataValue : 
[INFO ][2016-02-03 12:33:49,160][com.java.SeleniumDriver] [  913] - <In Set values of the page>
[INFO ][2016-02-03 12:33:49,160][com.java.SeleniumDriver] [  916] - {Data Fields & Data Values Exist}
[INFO ][2016-02-03 12:33:49,160][com.java.SeleniumDriver] [  918] - --------------------------setting values-----------------------------
[INFO ][2016-02-03 12:33:49,160][com.java.SeleniumDriver] [  921] - Action Type : SELECTFRAME
[INFO ][2016-02-03 12:33:50,307][com.java.SeleniumDriver] [  930] -  RESULT true
[INFO ][2016-02-03 12:33:50,307][com.java.SeleniumDriver] [ 1136] - ?   P A S S   ?
[INFO ][2016-02-03 12:33:50,307][com.java.SeleniumDriver] [  856] - ------------------------------------------
[INFO ][2016-02-03 12:33:50,307][com.java.SeleniumDriver] [  857] - Test case being Executed: 4
[INFO ][2016-02-03 12:33:50,307][com.java.SeleniumDriver] [  869] - Test step:12
[INFO ][2016-02-03 12:33:50,307][com.java.SeleniumDriver] [  881] - Datavalue is----------10
[INFO ][2016-02-03 12:33:50,307][com.java.SeleniumDriver] [  905] - DataField : DSPddlProjects
[INFO ][2016-02-03 12:33:50,307][com.java.SeleniumDriver] [  907] - DataValue : 10
[INFO ][2016-02-03 12:33:50,308][com.java.SeleniumDriver] [  913] - <In Set values of the page>
[INFO ][2016-02-03 12:33:50,308][com.java.SeleniumDriver] [  916] - {Data Fields & Data Values Exist}
[INFO ][2016-02-03 12:33:50,308][com.java.SeleniumDriver] [  918] - --------------------------setting values-----------------------------
[INFO ][2016-02-03 12:33:50,308][com.java.SeleniumDriver] [  921] - Action Type : WAITFORELEMENT
[INFO ][2016-02-03 12:33:51,409][com.java.SeleniumDriver] [  930] -  RESULT true
[INFO ][2016-02-03 12:33:51,409][com.java.SeleniumDriver] [ 1136] - ?   P A S S   ?
[INFO ][2016-02-03 12:33:51,409][com.java.SeleniumDriver] [  856] - ------------------------------------------
[INFO ][2016-02-03 12:33:51,409][com.java.SeleniumDriver] [  857] - Test case being Executed: 4
[INFO ][2016-02-03 12:33:51,409][com.java.SeleniumDriver] [  869] - Test step:13
[INFO ][2016-02-03 12:33:51,409][com.java.SeleniumDriver] [  881] - Datavalue is----------index:1
[INFO ][2016-02-03 12:33:51,409][com.java.SeleniumDriver] [  905] - DataField : COBddlProjects
[INFO ][2016-02-03 12:33:51,409][com.java.SeleniumDriver] [  907] - DataValue : index:1
[INFO ][2016-02-03 12:33:51,409][com.java.SeleniumDriver] [  913] - <In Set values of the page>
[INFO ][2016-02-03 12:33:51,409][com.java.SeleniumDriver] [  916] - {Data Fields & Data Values Exist}
[INFO ][2016-02-03 12:33:51,409][com.java.SeleniumDriver] [  918] - --------------------------setting values-----------------------------
[INFO ][2016-02-03 12:33:51,410][com.java.SeleniumDriver] [  921] - Action Type : SELECT
[INFO ][2016-02-03 12:33:51,410][com.java.TestType] [ 6562] - value = 1
[INFO ][2016-02-03 12:33:52,510][com.java.TestType] [ 6680] -  In COB ddlProjects : 1
[INFO ][2016-02-03 12:33:52,655][com.java.SeleniumDriver] [  930] -  RESULT true
[INFO ][2016-02-03 12:33:52,655][com.java.SeleniumDriver] [ 1136] - ?   P A S S   ?
[INFO ][2016-02-03 12:33:52,655][com.java.SeleniumDriver] [ 1173] - Continue next step...
[INFO ][2016-02-03 12:33:52,655][com.java.SeleniumDriver] [  856] - ------------------------------------------
[INFO ][2016-02-03 12:33:52,655][com.java.SeleniumDriver] [  857] - Test case being Executed: 4
[INFO ][2016-02-03 12:33:52,655][com.java.SeleniumDriver] [  869] - Test step:14
[INFO ][2016-02-03 12:33:52,655][com.java.SeleniumDriver] [  881] - Datavalue is----------CurrentProject
[INFO ][2016-02-03 12:33:52,656][com.java.SeleniumDriver] [  905] - DataField : SLBddlProjects
[INFO ][2016-02-03 12:33:52,656][com.java.SeleniumDriver] [  907] - DataValue : CurrentProject
[INFO ][2016-02-03 12:33:52,656][com.java.SeleniumDriver] [  913] - <In Set values of the page>
[INFO ][2016-02-03 12:33:52,656][com.java.SeleniumDriver] [  916] - {Data Fields & Data Values Exist}
[INFO ][2016-02-03 12:33:52,656][com.java.SeleniumDriver] [  918] - --------------------------setting values-----------------------------
[INFO ][2016-02-03 12:33:52,656][com.java.SeleniumDriver] [  921] - Action Type : storevalue
[INFO ][2016-02-03 12:33:52,656][com.java.TestType] [ 9633] - field= SLBddlProjects
[INFO ][2016-02-03 12:33:53,863][com.java.SeleniumDriver] [  930] -  RESULT true
[INFO ][2016-02-03 12:33:53,863][com.java.SeleniumDriver] [ 1136] - ?   P A S S   ?
[INFO ][2016-02-03 12:33:53,863][com.java.SeleniumDriver] [  856] - ------------------------------------------
[INFO ][2016-02-03 12:33:53,863][com.java.SeleniumDriver] [  857] - Test case being Executed: 4
[INFO ][2016-02-03 12:33:53,863][com.java.SeleniumDriver] [  869] - Test step:15
[INFO ][2016-02-03 12:33:53,863][com.java.SeleniumDriver] [  881] - Datavalue is----------null
[DEBUG][2016-02-03 12:33:53,863][com.java.SeleniumDriver] [  899] - Exception: null
[INFO ][2016-02-03 12:33:53,863][com.java.SeleniumDriver] [  905] - DataField : HDNbtnOpenProject
[INFO ][2016-02-03 12:33:53,863][com.java.SeleniumDriver] [  907] - DataValue : 
[INFO ][2016-02-03 12:33:53,863][com.java.SeleniumDriver] [  913] - <In Set values of the page>
[INFO ][2016-02-03 12:33:53,863][com.java.SeleniumDriver] [  916] - {Data Fields & Data Values Exist}
[INFO ][2016-02-03 12:33:53,864][com.java.SeleniumDriver] [  918] - --------------------------setting values-----------------------------
[INFO ][2016-02-03 12:33:53,864][com.java.SeleniumDriver] [  921] - Action Type : CLICKWITHALERT
[INFO ][2016-02-03 12:33:57,726][com.java.SeleniumDriver] [  930] -  RESULT true
[INFO ][2016-02-03 12:33:57,726][com.java.SeleniumDriver] [ 1136] - ?   P A S S   ?
[INFO ][2016-02-03 12:33:57,726][com.java.SeleniumDriver] [  856] - ------------------------------------------
[INFO ][2016-02-03 12:33:57,726][com.java.SeleniumDriver] [  857] - Test case being Executed: 4
[INFO ][2016-02-03 12:33:57,726][com.java.SeleniumDriver] [  869] - Test step:16
[INFO ][2016-02-03 12:33:57,726][com.java.SeleniumDriver] [  881] - Datavalue is----------2
[INFO ][2016-02-03 12:33:57,727][com.java.SeleniumDriver] [  905] - DataField : null
[INFO ][2016-02-03 12:33:57,727][com.java.SeleniumDriver] [  907] - DataValue : 2
[INFO ][2016-02-03 12:33:57,727][com.java.SeleniumDriver] [  913] - <In Set values of the page>
[INFO ][2016-02-03 12:33:57,727][com.java.SeleniumDriver] [  916] - {Data Fields & Data Values Exist}
[INFO ][2016-02-03 12:33:57,727][com.java.SeleniumDriver] [  918] - --------------------------setting values-----------------------------
[INFO ][2016-02-03 12:33:57,727][com.java.SeleniumDriver] [  921] - Action Type : WAITTIME
[DEBUG][2016-02-03 12:33:57,727][com.java.TestType] [ 6376] - sleepTime: 2000
[INFO ][2016-02-03 12:33:59,727][com.java.SeleniumDriver] [  930] -  RESULT true
[INFO ][2016-02-03 12:33:59,727][com.java.SeleniumDriver] [ 1136] - ?   P A S S   ?
[INFO ][2016-02-03 12:33:59,727][com.java.SeleniumDriver] [  856] - ------------------------------------------
[INFO ][2016-02-03 12:33:59,727][com.java.SeleniumDriver] [  857] - Test case being Executed: 4
[INFO ][2016-02-03 12:33:59,727][com.java.SeleniumDriver] [  869] - Test step:17
[INFO ][2016-02-03 12:33:59,727][com.java.SeleniumDriver] [  881] - Datavalue is----------null
[DEBUG][2016-02-03 12:33:59,727][com.java.SeleniumDriver] [  899] - Exception: null
[INFO ][2016-02-03 12:33:59,727][com.java.SeleniumDriver] [  905] - DataField : BTNParent
[INFO ][2016-02-03 12:33:59,727][com.java.SeleniumDriver] [  907] - DataValue : 
[INFO ][2016-02-03 12:33:59,727][com.java.SeleniumDriver] [  913] - <In Set values of the page>
[INFO ][2016-02-03 12:33:59,727][com.java.SeleniumDriver] [  916] - {Data Fields & Data Values Exist}
[INFO ][2016-02-03 12:33:59,727][com.java.SeleniumDriver] [  918] - --------------------------setting values-----------------------------
[INFO ][2016-02-03 12:33:59,728][com.java.SeleniumDriver] [  921] - Action Type : SELECTFRAME
[INFO ][2016-02-03 12:33:59,744][com.java.SeleniumDriver] [  930] -  RESULT true
[INFO ][2016-02-03 12:33:59,744][com.java.SeleniumDriver] [ 1136] - ?   P A S S   ?
[INFO ][2016-02-03 12:33:59,744][com.java.SeleniumDriver] [  856] - ------------------------------------------
[INFO ][2016-02-03 12:33:59,744][com.java.SeleniumDriver] [  857] - Test case being Executed: 4
[INFO ][2016-02-03 12:33:59,744][com.java.SeleniumDriver] [  869] - Test step:18
[INFO ][2016-02-03 12:33:59,744][com.java.SeleniumDriver] [  881] - Datavalue is----------10
[INFO ][2016-02-03 12:33:59,744][com.java.SeleniumDriver] [  905] - DataField : DSPFile
[INFO ][2016-02-03 12:33:59,744][com.java.SeleniumDriver] [  907] - DataValue : 10
[INFO ][2016-02-03 12:33:59,745][com.java.SeleniumDriver] [  913] - <In Set values of the page>
[INFO ][2016-02-03 12:33:59,745][com.java.SeleniumDriver] [  916] - {Data Fields & Data Values Exist}
[INFO ][2016-02-03 12:33:59,745][com.java.SeleniumDriver] [  918] - --------------------------setting values-----------------------------
[INFO ][2016-02-03 12:33:59,745][com.java.SeleniumDriver] [  921] - Action Type : WAITFORELEMENT
[INFO ][2016-02-03 12:33:59,879][com.java.SeleniumDriver] [  930] -  RESULT true
[INFO ][2016-02-03 12:33:59,879][com.java.SeleniumDriver] [ 1136] - ?   P A S S   ?
[INFO ][2016-02-03 12:33:59,879][com.java.SeleniumDriver] [  856] - ------------------------------------------
[INFO ][2016-02-03 12:33:59,879][com.java.SeleniumDriver] [  857] - Test case being Executed: 4
[INFO ][2016-02-03 12:33:59,879][com.java.SeleniumDriver] [  869] - Test step:19
[INFO ][2016-02-03 12:33:59,879][com.java.SeleniumDriver] [  881] - Datavalue is----------10
[INFO ][2016-02-03 12:33:59,880][com.java.SeleniumDriver] [  905] - DataField : null
[INFO ][2016-02-03 12:33:59,880][com.java.SeleniumDriver] [  907] - DataValue : 10
[INFO ][2016-02-03 12:33:59,880][com.java.SeleniumDriver] [  913] - <In Set values of the page>
[INFO ][2016-02-03 12:33:59,881][com.java.SeleniumDriver] [  916] - {Data Fields & Data Values Exist}
[INFO ][2016-02-03 12:33:59,881][com.java.SeleniumDriver] [  918] - --------------------------setting values-----------------------------
[INFO ][2016-02-03 12:33:59,881][com.java.SeleniumDriver] [  921] - Action Type : WAITTIME
[DEBUG][2016-02-03 12:33:59,881][com.java.TestType] [ 6376] - sleepTime: 10000
[INFO ][2016-02-03 12:34:09,883][com.java.SeleniumDriver] [  930] -  RESULT true
[INFO ][2016-02-03 12:34:09,883][com.java.SeleniumDriver] [ 1136] - ?   P A S S   ?
[INFO ][2016-02-03 12:34:09,883][com.java.SeleniumDriver] [  856] - ------------------------------------------
[INFO ][2016-02-03 12:34:09,883][com.java.SeleniumDriver] [  857] - Test case being Executed: 4
[INFO ][2016-02-03 12:34:09,883][com.java.SeleniumDriver] [  869] - Test step:20
[INFO ][2016-02-03 12:34:09,883][com.java.SeleniumDriver] [  881] - Datavalue is----------Assets
[INFO ][2016-02-03 12:34:09,883][com.java.SeleniumDriver] [  905] - DataField : MSG
[INFO ][2016-02-03 12:34:09,883][com.java.SeleniumDriver] [  907] - DataValue : Assets
[INFO ][2016-02-03 12:34:09,883][com.java.SeleniumDriver] [  913] - <In Set values of the page>
[INFO ][2016-02-03 12:34:09,883][com.java.SeleniumDriver] [  916] - {Data Fields & Data Values Exist}
[INFO ][2016-02-03 12:34:09,883][com.java.SeleniumDriver] [  918] - --------------------------setting values-----------------------------
[INFO ][2016-02-03 12:34:09,883][com.java.SeleniumDriver] [  921] - Action Type : VERIFY
[INFO ][2016-02-03 12:34:09,884][com.java.TestType] [ 8173] - field= MSG value= Assets
[INFO ][2016-02-03 12:34:09,884][com.java.TestType] [ 6562] - value = Assets
[DEBUG][2016-02-03 12:34:09,884][com.java.TestType] [ 9036] - value :: Assets
[INFO ][2016-02-03 12:34:09,923][com.java.SeleniumDriver] [  930] -  RESULT true
[INFO ][2016-02-03 12:34:09,923][com.java.SeleniumDriver] [ 1136] - ?   P A S S   ?
[INFO ][2016-02-03 12:34:09,923][com.java.SeleniumDriver] [  856] - ------------------------------------------
[INFO ][2016-02-03 12:34:09,923][com.java.SeleniumDriver] [  857] - Test case being Executed: 4
[INFO ][2016-02-03 12:34:09,923][com.java.SeleniumDriver] [  869] - Test step:21
[INFO ][2016-02-03 12:34:09,923][com.java.SeleniumDriver] [  881] - Datavalue is----------null
[DEBUG][2016-02-03 12:34:09,923][com.java.SeleniumDriver] [  899] - Exception: null
[INFO ][2016-02-03 12:34:09,924][com.java.SeleniumDriver] [  905] - DataField : HDNmenuTools
[INFO ][2016-02-03 12:34:09,924][com.java.SeleniumDriver] [  907] - DataValue : 
[INFO ][2016-02-03 12:34:09,924][com.java.SeleniumDriver] [  913] - <In Set values of the page>
[INFO ][2016-02-03 12:34:09,924][com.java.SeleniumDriver] [  916] - {Data Fields & Data Values Exist}
[INFO ][2016-02-03 12:34:09,924][com.java.SeleniumDriver] [  918] - --------------------------setting values-----------------------------
[INFO ][2016-02-03 12:34:09,924][com.java.SeleniumDriver] [  921] - Action Type : CLICK
[INFO ][2016-02-03 12:34:09,924][com.java.TestType] [ 6941] - Field ::HDNmenuTools
[INFO ][2016-02-03 12:34:09,924][com.java.TestType] [ 6562] - value = 
[INFO ][2016-02-03 12:34:12,101][com.java.SeleniumDriver] [  930] -  RESULT true
[INFO ][2016-02-03 12:34:12,101][com.java.SeleniumDriver] [ 1136] - ?   P A S S   ?
[INFO ][2016-02-03 12:34:12,101][com.java.SeleniumDriver] [  856] - ------------------------------------------
[INFO ][2016-02-03 12:34:12,101][com.java.SeleniumDriver] [  857] - Test case being Executed: 4
[INFO ][2016-02-03 12:34:12,101][com.java.SeleniumDriver] [  869] - Test step:22
[INFO ][2016-02-03 12:34:12,101][com.java.SeleniumDriver] [  881] - Datavalue is----------10
[INFO ][2016-02-03 12:34:12,101][com.java.SeleniumDriver] [  905] - DataField : DSPmenuCopyToForecast
[INFO ][2016-02-03 12:34:12,102][com.java.SeleniumDriver] [  907] - DataValue : 10
[INFO ][2016-02-03 12:34:12,102][com.java.SeleniumDriver] [  913] - <In Set values of the page>
[INFO ][2016-02-03 12:34:12,102][com.java.SeleniumDriver] [  916] - {Data Fields & Data Values Exist}
[INFO ][2016-02-03 12:34:12,102][com.java.SeleniumDriver] [  918] - --------------------------setting values-----------------------------
[INFO ][2016-02-03 12:34:12,102][com.java.SeleniumDriver] [  921] - Action Type : WAITFORELEMENT
[INFO ][2016-02-03 12:34:13,308][com.java.SeleniumDriver] [  930] -  RESULT true
[INFO ][2016-02-03 12:34:13,308][com.java.SeleniumDriver] [ 1136] - ?   P A S S   ?
[INFO ][2016-02-03 12:34:13,308][com.java.SeleniumDriver] [  856] - ------------------------------------------
[INFO ][2016-02-03 12:34:13,308][com.java.SeleniumDriver] [  857] - Test case being Executed: 4
[INFO ][2016-02-03 12:34:13,308][com.java.SeleniumDriver] [  869] - Test step:23
[INFO ][2016-02-03 12:34:13,308][com.java.SeleniumDriver] [  881] - Datavalue is----------null
[DEBUG][2016-02-03 12:34:13,308][com.java.SeleniumDriver] [  899] - Exception: null
[INFO ][2016-02-03 12:34:13,308][com.java.SeleniumDriver] [  905] - DataField : HDNmenuCopyToForecast
[INFO ][2016-02-03 12:34:13,308][com.java.SeleniumDriver] [  907] - DataValue : 
[INFO ][2016-02-03 12:34:13,308][com.java.SeleniumDriver] [  913] - <In Set values of the page>
[INFO ][2016-02-03 12:34:13,308][com.java.SeleniumDriver] [  916] - {Data Fields & Data Values Exist}
[INFO ][2016-02-03 12:34:13,309][com.java.SeleniumDriver] [  918] - --------------------------setting values-----------------------------
[INFO ][2016-02-03 12:34:13,309][com.java.SeleniumDriver] [  921] - Action Type : CLICK
[INFO ][2016-02-03 12:34:13,309][com.java.TestType] [ 6941] - Field ::HDNmenuCopyToForecast
[INFO ][2016-02-03 12:34:13,309][com.java.TestType] [ 6562] - value = 
[INFO ][2016-02-03 12:34:15,497][com.java.SeleniumDriver] [  930] -  RESULT true
[INFO ][2016-02-03 12:34:15,497][com.java.SeleniumDriver] [ 1136] - ?   P A S S   ?
[INFO ][2016-02-03 12:34:15,497][com.java.SeleniumDriver] [  856] - ------------------------------------------
[INFO ][2016-02-03 12:34:15,497][com.java.SeleniumDriver] [  857] - Test case being Executed: 4
[INFO ][2016-02-03 12:34:15,497][com.java.SeleniumDriver] [  869] - Test step:24
[INFO ][2016-02-03 12:34:15,497][com.java.SeleniumDriver] [  881] - Datavalue is----------2
[INFO ][2016-02-03 12:34:15,497][com.java.SeleniumDriver] [  905] - DataField : null
[INFO ][2016-02-03 12:34:15,497][com.java.SeleniumDriver] [  907] - DataValue : 2
[INFO ][2016-02-03 12:34:15,497][com.java.SeleniumDriver] [  913] - <In Set values of the page>
[INFO ][2016-02-03 12:34:15,497][com.java.SeleniumDriver] [  916] - {Data Fields & Data Values Exist}
[INFO ][2016-02-03 12:34:15,498][com.java.SeleniumDriver] [  918] - --------------------------setting values-----------------------------
[INFO ][2016-02-03 12:34:15,498][com.java.SeleniumDriver] [  921] - Action Type : WAITTIME
[DEBUG][2016-02-03 12:34:15,498][com.java.TestType] [ 6376] - sleepTime: 2000
[INFO ][2016-02-03 12:34:17,499][com.java.SeleniumDriver] [  930] -  RESULT true
[INFO ][2016-02-03 12:34:17,499][com.java.SeleniumDriver] [ 1136] - ?   P A S S   ?
[INFO ][2016-02-03 12:34:17,499][com.java.SeleniumDriver] [  856] - ------------------------------------------
[INFO ][2016-02-03 12:34:17,499][com.java.SeleniumDriver] [  857] - Test case being Executed: 4
[INFO ][2016-02-03 12:34:17,499][com.java.SeleniumDriver] [  869] - Test step:25
[INFO ][2016-02-03 12:34:17,499][com.java.SeleniumDriver] [  881] - Datavalue is----------Forecasting
[INFO ][2016-02-03 12:34:17,499][com.java.SeleniumDriver] [  905] - DataField : XPH//span[@id='ui-dialog-title-mdDialog']
[INFO ][2016-02-03 12:34:17,499][com.java.SeleniumDriver] [  907] - DataValue : Forecasting
[INFO ][2016-02-03 12:34:17,499][com.java.SeleniumDriver] [  913] - <In Set values of the page>
[INFO ][2016-02-03 12:34:17,499][com.java.SeleniumDriver] [  916] - {Data Fields & Data Values Exist}
[INFO ][2016-02-03 12:34:17,499][com.java.SeleniumDriver] [  918] - --------------------------setting values-----------------------------
[INFO ][2016-02-03 12:34:17,499][com.java.SeleniumDriver] [  921] - Action Type : VERIFY
[INFO ][2016-02-03 12:34:17,500][com.java.TestType] [ 8173] - field= XPH//span[@id='ui-dialog-title-mdDialog'] value= Forecasting
[INFO ][2016-02-03 12:34:17,500][com.java.TestType] [ 6562] - value = Forecasting
[INFO ][2016-02-03 12:34:17,609][com.java.SeleniumDriver] [  930] -  RESULT true
[INFO ][2016-02-03 12:34:17,609][com.java.SeleniumDriver] [ 1136] - ?   P A S S   ?
[INFO ][2016-02-03 12:34:17,609][com.java.SeleniumDriver] [  856] - ------------------------------------------
[INFO ][2016-02-03 12:34:17,609][com.java.SeleniumDriver] [  857] - Test case being Executed: 4
[INFO ][2016-02-03 12:34:17,609][com.java.SeleniumDriver] [  869] - Test step:26
[INFO ][2016-02-03 12:34:17,610][com.java.SeleniumDriver] [  881] - Datavalue is----------null
[DEBUG][2016-02-03 12:34:17,610][com.java.SeleniumDriver] [  899] - Exception: null
[INFO ][2016-02-03 12:34:17,610][com.java.SeleniumDriver] [  905] - DataField : BTNframeDialogContent
[INFO ][2016-02-03 12:34:17,610][com.java.SeleniumDriver] [  907] - DataValue : 
[INFO ][2016-02-03 12:34:17,610][com.java.SeleniumDriver] [  913] - <In Set values of the page>
[INFO ][2016-02-03 12:34:17,610][com.java.SeleniumDriver] [  916] - {Data Fields & Data Values Exist}
[INFO ][2016-02-03 12:34:17,610][com.java.SeleniumDriver] [  918] - --------------------------setting values-----------------------------
[INFO ][2016-02-03 12:34:17,610][com.java.SeleniumDriver] [  921] - Action Type : SELECTFRAME
[INFO ][2016-02-03 12:34:18,772][com.java.SeleniumDriver] [  930] -  RESULT true
[INFO ][2016-02-03 12:34:18,772][com.java.SeleniumDriver] [ 1136] - ?   P A S S   ?
[INFO ][2016-02-03 12:34:18,772][com.java.SeleniumDriver] [  856] - ------------------------------------------
[INFO ][2016-02-03 12:34:18,772][com.java.SeleniumDriver] [  857] - Test case being Executed: 4
[INFO ][2016-02-03 12:34:18,772][com.java.SeleniumDriver] [  869] - Test step:27
[INFO ][2016-02-03 12:34:18,772][com.java.SeleniumDriver] [  881] - Datavalue is----------Copying Project
[INFO ][2016-02-03 12:34:18,772][com.java.SeleniumDriver] [  905] - DataField : XPH//td[@class='dlg_Label']
[INFO ][2016-02-03 12:34:18,772][com.java.SeleniumDriver] [  907] - DataValue : Copying Project
[INFO ][2016-02-03 12:34:18,773][com.java.SeleniumDriver] [  913] - <In Set values of the page>
[INFO ][2016-02-03 12:34:18,773][com.java.SeleniumDriver] [  916] - {Data Fields & Data Values Exist}
[INFO ][2016-02-03 12:34:18,773][com.java.SeleniumDriver] [  918] - --------------------------setting values-----------------------------
[INFO ][2016-02-03 12:34:18,773][com.java.SeleniumDriver] [  921] - Action Type : VERIFY
[INFO ][2016-02-03 12:34:18,773][com.java.TestType] [ 8173] - field= XPH//td[@class='dlg_Label'] value= Copying Project
[INFO ][2016-02-03 12:34:18,773][com.java.TestType] [ 6562] - value = Copying Project
[INFO ][2016-02-03 12:34:18,849][com.java.SeleniumDriver] [  930] -  RESULT true
[INFO ][2016-02-03 12:34:18,849][com.java.SeleniumDriver] [ 1136] - ?   P A S S   ?
[INFO ][2016-02-03 12:34:18,849][com.java.SeleniumDriver] [  856] - ------------------------------------------
[INFO ][2016-02-03 12:34:18,849][com.java.SeleniumDriver] [  857] - Test case being Executed: 4
[INFO ][2016-02-03 12:34:18,849][com.java.SeleniumDriver] [  869] - Test step:28
[INFO ][2016-02-03 12:34:18,849][com.java.SeleniumDriver] [  881] - Datavalue is----------Your project is now being processed.
[INFO ][2016-02-03 12:34:18,850][com.java.SeleniumDriver] [  905] - DataField : XPH//TD[@ID='lblEmail']
[INFO ][2016-02-03 12:34:18,850][com.java.SeleniumDriver] [  907] - DataValue : Your project is now being processed.
[INFO ][2016-02-03 12:34:18,850][com.java.SeleniumDriver] [  913] - <In Set values of the page>
[INFO ][2016-02-03 12:34:18,850][com.java.SeleniumDriver] [  916] - {Data Fields & Data Values Exist}
[INFO ][2016-02-03 12:34:18,850][com.java.SeleniumDriver] [  918] - --------------------------setting values-----------------------------
[INFO ][2016-02-03 12:34:18,850][com.java.SeleniumDriver] [  921] - Action Type : VERIFY
[INFO ][2016-02-03 12:34:18,850][com.java.TestType] [ 8173] - field= XPH//TD[@ID='lblEmail'] value= Your project is now being processed.
[INFO ][2016-02-03 12:34:18,850][com.java.TestType] [ 6562] - value = Your project is now being processed.
[INFO ][2016-02-03 12:34:18,904][com.java.SeleniumDriver] [  930] -  RESULT true
[INFO ][2016-02-03 12:34:18,904][com.java.SeleniumDriver] [ 1136] - ?   P A S S   ?
[INFO ][2016-02-03 12:34:18,904][com.java.SeleniumDriver] [  856] - ------------------------------------------
[INFO ][2016-02-03 12:34:18,904][com.java.SeleniumDriver] [  857] - Test case being Executed: 4
[INFO ][2016-02-03 12:34:18,904][com.java.SeleniumDriver] [  869] - Test step:29
[INFO ][2016-02-03 12:34:18,904][com.java.SeleniumDriver] [  881] - Datavalue is----------null
[DEBUG][2016-02-03 12:34:18,904][com.java.SeleniumDriver] [  899] - Exception: null
[INFO ][2016-02-03 12:34:18,904][com.java.SeleniumDriver] [  905] - DataField : BTNParent
[INFO ][2016-02-03 12:34:18,904][com.java.SeleniumDriver] [  907] - DataValue : 
[INFO ][2016-02-03 12:34:18,905][com.java.SeleniumDriver] [  913] - <In Set values of the page>
[INFO ][2016-02-03 12:34:18,905][com.java.SeleniumDriver] [  916] - {Data Fields & Data Values Exist}
[INFO ][2016-02-03 12:34:18,905][com.java.SeleniumDriver] [  918] - --------------------------setting values-----------------------------
[INFO ][2016-02-03 12:34:18,905][com.java.SeleniumDriver] [  921] - Action Type : SELECTFRAME
[INFO ][2016-02-03 12:34:18,921][com.java.SeleniumDriver] [  930] -  RESULT true
[INFO ][2016-02-03 12:34:18,921][com.java.SeleniumDriver] [ 1136] - ?   P A S S   ?
[INFO ][2016-02-03 12:34:18,921][com.java.SeleniumDriver] [  856] - ------------------------------------------
[INFO ][2016-02-03 12:34:18,921][com.java.SeleniumDriver] [  857] - Test case being Executed: 4
[INFO ][2016-02-03 12:34:18,921][com.java.SeleniumDriver] [  869] - Test step:30
[INFO ][2016-02-03 12:34:18,921][com.java.SeleniumDriver] [  881] - Datavalue is----------null
[DEBUG][2016-02-03 12:34:18,921][com.java.SeleniumDriver] [  899] - Exception: null
[INFO ][2016-02-03 12:34:18,921][com.java.SeleniumDriver] [  905] - DataField : HDN//span[text()='close']
[INFO ][2016-02-03 12:34:18,921][com.java.SeleniumDriver] [  907] - DataValue : 
[INFO ][2016-02-03 12:34:18,921][com.java.SeleniumDriver] [  913] - <In Set values of the page>
[INFO ][2016-02-03 12:34:18,921][com.java.SeleniumDriver] [  916] - {Data Fields & Data Values Exist}
[INFO ][2016-02-03 12:34:18,921][com.java.SeleniumDriver] [  918] - --------------------------setting values-----------------------------
[INFO ][2016-02-03 12:34:18,922][com.java.SeleniumDriver] [  921] - Action Type : CLICK
[INFO ][2016-02-03 12:34:18,922][com.java.TestType] [ 6941] - Field ::HDN//span[text()='close']
[INFO ][2016-02-03 12:34:18,922][com.java.TestType] [ 6562] - value = 
[INFO ][2016-02-03 12:34:20,041][com.java.SeleniumDriver] [  930] -  RESULT true
[INFO ][2016-02-03 12:34:20,041][com.java.SeleniumDriver] [ 1136] - ?   P A S S   ?
[INFO ][2016-02-03 12:34:20,041][com.java.SeleniumDriver] [  856] - ------------------------------------------
[INFO ][2016-02-03 12:34:20,041][com.java.SeleniumDriver] [  857] - Test case being Executed: 4
[INFO ][2016-02-03 12:34:20,041][com.java.SeleniumDriver] [  869] - Test step:31
[INFO ][2016-02-03 12:34:20,041][com.java.SeleniumDriver] [  881] - Datavalue is----------null
[DEBUG][2016-02-03 12:34:20,041][com.java.SeleniumDriver] [  899] - Exception: null
[INFO ][2016-02-03 12:34:20,041][com.java.SeleniumDriver] [  905] - DataField : HDNmenuTools
[INFO ][2016-02-03 12:34:20,041][com.java.SeleniumDriver] [  907] - DataValue : 
[INFO ][2016-02-03 12:34:20,041][com.java.SeleniumDriver] [  913] - <In Set values of the page>
[INFO ][2016-02-03 12:34:20,041][com.java.SeleniumDriver] [  916] - {Data Fields & Data Values Exist}
[INFO ][2016-02-03 12:34:20,041][com.java.SeleniumDriver] [  918] - --------------------------setting values-----------------------------
[INFO ][2016-02-03 12:34:20,041][com.java.SeleniumDriver] [  921] - Action Type : CLICK
[INFO ][2016-02-03 12:34:20,042][com.java.TestType] [ 6941] - Field ::HDNmenuTools
[INFO ][2016-02-03 12:34:20,042][com.java.TestType] [ 6562] - value = 
[INFO ][2016-02-03 12:34:22,200][com.java.SeleniumDriver] [  930] -  RESULT true
[INFO ][2016-02-03 12:34:22,200][com.java.SeleniumDriver] [ 1136] - ?   P A S S   ?
[INFO ][2016-02-03 12:34:22,200][com.java.SeleniumDriver] [  856] - ------------------------------------------
[INFO ][2016-02-03 12:34:22,200][com.java.SeleniumDriver] [  857] - Test case being Executed: 4
[INFO ][2016-02-03 12:34:22,200][com.java.SeleniumDriver] [  869] - Test step:32
[INFO ][2016-02-03 12:34:22,200][com.java.SeleniumDriver] [  881] - Datavalue is----------10
[INFO ][2016-02-03 12:34:22,200][com.java.SeleniumDriver] [  905] - DataField : DSPmenuProjectOptions
[INFO ][2016-02-03 12:34:22,200][com.java.SeleniumDriver] [  907] - DataValue : 10
[INFO ][2016-02-03 12:34:22,200][com.java.SeleniumDriver] [  913] - <In Set values of the page>
[INFO ][2016-02-03 12:34:22,200][com.java.SeleniumDriver] [  916] - {Data Fields & Data Values Exist}
[INFO ][2016-02-03 12:34:22,201][com.java.SeleniumDriver] [  918] - --------------------------setting values-----------------------------
[INFO ][2016-02-03 12:34:22,201][com.java.SeleniumDriver] [  921] - Action Type : WAITFORELEMENT
[INFO ][2016-02-03 12:34:23,404][com.java.SeleniumDriver] [  930] -  RESULT true
[INFO ][2016-02-03 12:34:23,404][com.java.SeleniumDriver] [ 1136] - ?   P A S S   ?
[INFO ][2016-02-03 12:34:23,404][com.java.SeleniumDriver] [  856] - ------------------------------------------
[INFO ][2016-02-03 12:34:23,404][com.java.SeleniumDriver] [  857] - Test case being Executed: 4
[INFO ][2016-02-03 12:34:23,404][com.java.SeleniumDriver] [  869] - Test step:33
[INFO ][2016-02-03 12:34:23,404][com.java.SeleniumDriver] [  881] - Datavalue is----------null
[DEBUG][2016-02-03 12:34:23,404][com.java.SeleniumDriver] [  899] - Exception: null
[INFO ][2016-02-03 12:34:23,404][com.java.SeleniumDriver] [  905] - DataField : BTNmenuProjectOptions
[INFO ][2016-02-03 12:34:23,405][com.java.SeleniumDriver] [  907] - DataValue : 
[INFO ][2016-02-03 12:34:23,405][com.java.SeleniumDriver] [  913] - <In Set values of the page>
[INFO ][2016-02-03 12:34:23,405][com.java.SeleniumDriver] [  916] - {Data Fields & Data Values Exist}
[INFO ][2016-02-03 12:34:23,405][com.java.SeleniumDriver] [  918] - --------------------------setting values-----------------------------
[INFO ][2016-02-03 12:34:23,405][com.java.SeleniumDriver] [  921] - Action Type : CLICK
[INFO ][2016-02-03 12:34:23,405][com.java.TestType] [ 6941] - Field ::BTNmenuProjectOptions
[INFO ][2016-02-03 12:34:23,405][com.java.TestType] [ 6562] - value = 
[INFO ][2016-02-03 12:34:24,406][com.java.TestType] [ 7093] - BEFORE CLICK
[INFO ][2016-02-03 12:34:27,523][com.java.TestType] [ 7100] - Unable to click the object ProjectOptions
[INFO ][2016-02-03 12:34:27,523][com.java.SeleniumDriver] [  930] -  RESULT true
[INFO ][2016-02-03 12:34:27,523][com.java.SeleniumDriver] [ 1136] - ?   P A S S   ?
[INFO ][2016-02-03 12:34:27,523][com.java.SeleniumDriver] [  856] - ------------------------------------------
[INFO ][2016-02-03 12:34:27,524][com.java.SeleniumDriver] [  857] - Test case being Executed: 4
[INFO ][2016-02-03 12:34:27,524][com.java.SeleniumDriver] [  869] - Test step:34
[INFO ][2016-02-03 12:34:27,524][com.java.SeleniumDriver] [  881] - Datavalue is----------null
[DEBUG][2016-02-03 12:34:27,524][com.java.SeleniumDriver] [  899] - Exception: null
[INFO ][2016-02-03 12:34:27,524][com.java.SeleniumDriver] [  905] - DataField : BTNframeDialogContent
[INFO ][2016-02-03 12:34:27,524][com.java.SeleniumDriver] [  907] - DataValue : 
[INFO ][2016-02-03 12:34:27,525][com.java.SeleniumDriver] [  913] - <In Set values of the page>
[INFO ][2016-02-03 12:34:27,526][com.java.SeleniumDriver] [  916] - {Data Fields & Data Values Exist}
[INFO ][2016-02-03 12:34:27,526][com.java.SeleniumDriver] [  918] - --------------------------setting values-----------------------------
[INFO ][2016-02-03 12:34:27,526][com.java.SeleniumDriver] [  921] - Action Type : SELECTFRAME
[INFO ][2016-02-03 12:34:28,694][com.java.SeleniumDriver] [  930] -  RESULT true
[INFO ][2016-02-03 12:34:28,694][com.java.SeleniumDriver] [ 1136] - ?   P A S S   ?
[INFO ][2016-02-03 12:34:28,694][com.java.SeleniumDriver] [  856] - ------------------------------------------
[INFO ][2016-02-03 12:34:28,694][com.java.SeleniumDriver] [  857] - Test case being Executed: 4
[INFO ][2016-02-03 12:34:28,694][com.java.SeleniumDriver] [  869] - Test step:35
[INFO ][2016-02-03 12:34:28,694][com.java.SeleniumDriver] [  881] - Datavalue is----------10
[INFO ][2016-02-03 12:34:28,694][com.java.SeleniumDriver] [  905] - DataField : DSP//li[text()='Project History']
[INFO ][2016-02-03 12:34:28,694][com.java.SeleniumDriver] [  907] - DataValue : 10
[INFO ][2016-02-03 12:34:28,694][com.java.SeleniumDriver] [  913] - <In Set values of the page>
[INFO ][2016-02-03 12:34:28,695][com.java.SeleniumDriver] [  916] - {Data Fields & Data Values Exist}
[INFO ][2016-02-03 12:34:28,695][com.java.SeleniumDriver] [  918] - --------------------------setting values-----------------------------
[INFO ][2016-02-03 12:34:28,695][com.java.SeleniumDriver] [  921] - Action Type : WAITFORELEMENT
[INFO ][2016-02-03 12:34:28,774][com.java.SeleniumDriver] [  930] -  RESULT true
[INFO ][2016-02-03 12:34:28,774][com.java.SeleniumDriver] [ 1136] - ?   P A S S   ?
[INFO ][2016-02-03 12:34:28,774][com.java.SeleniumDriver] [  856] - ------------------------------------------
[INFO ][2016-02-03 12:34:28,774][com.java.SeleniumDriver] [  857] - Test case being Executed: 4
[INFO ][2016-02-03 12:34:28,774][com.java.SeleniumDriver] [  869] - Test step:36
[INFO ][2016-02-03 12:34:28,774][com.java.SeleniumDriver] [  881] - Datavalue is----------null
[DEBUG][2016-02-03 12:34:28,774][com.java.SeleniumDriver] [  899] - Exception: null
[INFO ][2016-02-03 12:34:28,774][com.java.SeleniumDriver] [  905] - DataField : XPH//li[text()='Project History']
[INFO ][2016-02-03 12:34:28,774][com.java.SeleniumDriver] [  907] - DataValue : 
[INFO ][2016-02-03 12:34:28,774][com.java.SeleniumDriver] [  913] - <In Set values of the page>
[INFO ][2016-02-03 12:34:28,775][com.java.SeleniumDriver] [  916] - {Data Fields & Data Values Exist}
[INFO ][2016-02-03 12:34:28,775][com.java.SeleniumDriver] [  918] - --------------------------setting values-----------------------------
[INFO ][2016-02-03 12:34:28,775][com.java.SeleniumDriver] [  921] - Action Type : CLICK
[INFO ][2016-02-03 12:34:28,775][com.java.TestType] [ 6941] - Field ::XPH//li[text()='Project History']
[INFO ][2016-02-03 12:34:28,775][com.java.TestType] [ 6562] - value = 
[INFO ][2016-02-03 12:34:29,775][com.java.TestType] [ 7114] - BEFORE CLICK
[INFO ][2016-02-03 12:34:30,534][com.java.TestType] [ 7122] - Unable to click the object ProjectHistory
[INFO ][2016-02-03 12:34:30,534][com.java.SeleniumDriver] [  930] -  RESULT true
[INFO ][2016-02-03 12:34:30,534][com.java.SeleniumDriver] [ 1136] - ?   P A S S   ?
[INFO ][2016-02-03 12:34:30,534][com.java.SeleniumDriver] [  856] - ------------------------------------------
[INFO ][2016-02-03 12:34:30,534][com.java.SeleniumDriver] [  857] - Test case being Executed: 4
[INFO ][2016-02-03 12:34:30,534][com.java.SeleniumDriver] [  869] - Test step:37
[INFO ][2016-02-03 12:34:30,534][com.java.SeleniumDriver] [  881] - Datavalue is----------//span[text()='Copy to Forecast']
[INFO ][2016-02-03 12:34:30,534][com.java.SeleniumDriver] [  905] - DataField : BTN
[INFO ][2016-02-03 12:34:30,534][com.java.SeleniumDriver] [  907] - DataValue : //span[text()='Copy to Forecast']
[INFO ][2016-02-03 12:34:30,534][com.java.SeleniumDriver] [  913] - <In Set values of the page>
[INFO ][2016-02-03 12:34:30,534][com.java.SeleniumDriver] [  916] - {Data Fields & Data Values Exist}
[INFO ][2016-02-03 12:34:30,534][com.java.SeleniumDriver] [  918] - --------------------------setting values-----------------------------
[INFO ][2016-02-03 12:34:30,535][com.java.SeleniumDriver] [  921] - Action Type : VERIFY
[INFO ][2016-02-03 12:34:30,535][com.java.TestType] [ 8173] - field= BTN value= //span[text()='Copy to Forecast']
[INFO ][2016-02-03 12:34:30,535][com.java.TestType] [ 6562] - value = //span[text()='Copy to Forecast']
[INFO ][2016-02-03 12:34:30,581][com.java.SeleniumDriver] [  930] -  RESULT true
[INFO ][2016-02-03 12:34:30,581][com.java.SeleniumDriver] [ 1136] - ?   P A S S   ?
[INFO ][2016-02-03 12:34:30,581][com.java.SeleniumDriver] [  856] - ------------------------------------------
[INFO ][2016-02-03 12:34:30,581][com.java.SeleniumDriver] [  857] - Test case being Executed: 4
[INFO ][2016-02-03 12:34:30,581][com.java.SeleniumDriver] [  869] - Test step:38
[INFO ][2016-02-03 12:34:30,581][com.java.SeleniumDriver] [  881] - Datavalue is----------null
[DEBUG][2016-02-03 12:34:30,581][com.java.SeleniumDriver] [  899] - Exception: null
[INFO ][2016-02-03 12:34:30,582][com.java.SeleniumDriver] [  905] - DataField : BTNparent
[INFO ][2016-02-03 12:34:30,582][com.java.SeleniumDriver] [  907] - DataValue : 
[INFO ][2016-02-03 12:34:30,582][com.java.SeleniumDriver] [  913] - <In Set values of the page>
[INFO ][2016-02-03 12:34:30,582][com.java.SeleniumDriver] [  916] - {Data Fields & Data Values Exist}
[INFO ][2016-02-03 12:34:30,582][com.java.SeleniumDriver] [  918] - --------------------------setting values-----------------------------
[INFO ][2016-02-03 12:34:30,582][com.java.SeleniumDriver] [  921] - Action Type : SELECTFRAME
[INFO ][2016-02-03 12:34:30,597][com.java.SeleniumDriver] [  930] -  RESULT true
[INFO ][2016-02-03 12:34:30,597][com.java.SeleniumDriver] [ 1136] - ?   P A S S   ?
[INFO ][2016-02-03 12:34:30,597][com.java.SeleniumDriver] [  856] - ------------------------------------------
[INFO ][2016-02-03 12:34:30,597][com.java.SeleniumDriver] [  857] - Test case being Executed: 4
[INFO ][2016-02-03 12:34:30,597][com.java.SeleniumDriver] [  869] - Test step:39
[INFO ][2016-02-03 12:34:30,597][com.java.SeleniumDriver] [  881] - Datavalue is----------Forecasting 
[INFO ][2016-02-03 12:34:30,597][com.java.SeleniumDriver] [  905] - DataField : TTL
[INFO ][2016-02-03 12:34:30,597][com.java.SeleniumDriver] [  907] - DataValue : Forecasting 
[INFO ][2016-02-03 12:34:30,597][com.java.SeleniumDriver] [  913] - <In Set values of the page>
[INFO ][2016-02-03 12:34:30,597][com.java.SeleniumDriver] [  916] - {Data Fields & Data Values Exist}
[INFO ][2016-02-03 12:34:30,598][com.java.SeleniumDriver] [  918] - --------------------------setting values-----------------------------
[INFO ][2016-02-03 12:34:30,598][com.java.SeleniumDriver] [  921] - Action Type : CLOSEWINDOW
[INFO ][2016-02-03 12:34:30,932][com.java.SeleniumDriver] [  930] -  RESULT true
[INFO ][2016-02-03 12:34:30,932][com.java.SeleniumDriver] [ 1136] - ?   P A S S   ?
[INFO ][2016-02-03 12:34:30,932][com.java.SeleniumDriver] [  856] - ------------------------------------------
[INFO ][2016-02-03 12:34:30,932][com.java.SeleniumDriver] [  857] - Test case being Executed: 4
[INFO ][2016-02-03 12:34:30,932][com.java.SeleniumDriver] [  869] - Test step:40
[INFO ][2016-02-03 12:34:30,932][com.java.SeleniumDriver] [  881] - Datavalue is----------Banker'sDashboard
[INFO ][2016-02-03 12:34:30,932][com.java.SeleniumDriver] [  905] - DataField : TTL
[INFO ][2016-02-03 12:34:30,932][com.java.SeleniumDriver] [  907] - DataValue : Banker'sDashboard
[INFO ][2016-02-03 12:34:30,933][com.java.SeleniumDriver] [  913] - <In Set values of the page>
[INFO ][2016-02-03 12:34:30,933][com.java.SeleniumDriver] [  916] - {Data Fields & Data Values Exist}
[INFO ][2016-02-03 12:34:30,933][com.java.SeleniumDriver] [  918] - --------------------------setting values-----------------------------
[INFO ][2016-02-03 12:34:30,933][com.java.SeleniumDriver] [  921] - Action Type : SelectWindow
[INFO ][2016-02-03 12:34:43,391][com.java.SeleniumDriver] [  930] -  RESULT true
[INFO ][2016-02-03 12:34:43,392][com.java.SeleniumDriver] [ 1136] - ?   P A S S   ?
[INFO ][2016-02-03 12:34:43,392][com.java.SeleniumDriver] [  856] - ------------------------------------------
[INFO ][2016-02-03 12:34:43,392][com.java.SeleniumDriver] [  857] - Test case being Executed: 4
[INFO ][2016-02-03 12:34:43,392][com.java.SeleniumDriver] [  869] - Test step:41
[INFO ][2016-02-03 12:34:43,392][com.java.SeleniumDriver] [  881] - Datavalue is----------1
[INFO ][2016-02-03 12:34:43,392][com.java.SeleniumDriver] [  905] - DataField : null
[INFO ][2016-02-03 12:34:43,392][com.java.SeleniumDriver] [  907] - DataValue : 1
[INFO ][2016-02-03 12:34:43,392][com.java.SeleniumDriver] [  913] - <In Set values of the page>
[INFO ][2016-02-03 12:34:43,392][com.java.SeleniumDriver] [  916] - {Data Fields & Data Values Exist}
[INFO ][2016-02-03 12:34:43,392][com.java.SeleniumDriver] [  918] - --------------------------setting values-----------------------------
[INFO ][2016-02-03 12:34:43,392][com.java.SeleniumDriver] [  921] - Action Type : WAITTIME
[DEBUG][2016-02-03 12:34:43,392][com.java.TestType] [ 6376] - sleepTime: 1000
[INFO ][2016-02-03 12:34:44,392][com.java.SeleniumDriver] [  930] -  RESULT true
[INFO ][2016-02-03 12:34:44,392][com.java.SeleniumDriver] [ 1136] - ?   P A S S   ?
[DEBUG][2016-02-03 12:34:44,392][com.java.SeleniumDriver] [ 1248] - Case found
[DEBUG][2016-02-03 12:34:44,392][com.java.SeleniumDriver] [ 1253] - Incrementing ReportCounters[0]:4
[INFO ][2016-02-03 12:34:44,392][com.java.SeleniumDriver] [ 1272] - The results are-------------------[4, 1, Copy to Forecast project, Pass, , Wed Feb 03 12:32:46 IST 2016, 4, 3, Copy to Forecast project, Pass, , Wed Feb 03 12:32:52 IST 2016, 4, 4, Copy to Forecast project, Pass, , Wed Feb 03 12:32:52 IST 2016, 4, 5, Copy to Forecast project, Pass, , Wed Feb 03 12:32:52 IST 2016, 4, 6, Copy to Forecast project, Pass, , Wed Feb 03 12:33:31 IST 2016, 4, 7, Copy to Forecast project, Pass, , Wed Feb 03 12:33:36 IST 2016, 4, 8, Copy to Forecast project, Pass, , Wed Feb 03 12:33:48 IST 2016, 4, 9, Copy to Forecast project, Pass, , Wed Feb 03 12:33:49 IST 2016, 4, 10, Copy to Forecast project, Pass, , Wed Feb 03 12:33:49 IST 2016, 4, 11, Copy to Forecast project, Pass, , Wed Feb 03 12:33:50 IST 2016, 4, 12, Copy to Forecast project, Pass, , Wed Feb 03 12:33:51 IST 2016, 4, 13, Copy to Forecast project, Pass, , Wed Feb 03 12:33:52 IST 2016, 4, 14, Copy to Forecast project, Pass, , Wed Feb 03 12:33:53 IST 2016, 4, 15, Copy to Forecast project, Pass, , Wed Feb 03 12:33:57 IST 2016, 4, 16, Copy to Forecast project, Pass, , Wed Feb 03 12:33:59 IST 2016, 4, 17, Copy to Forecast project, Pass, , Wed Feb 03 12:33:59 IST 2016, 4, 18, Copy to Forecast project, Pass, , Wed Feb 03 12:33:59 IST 2016, 4, 19, Copy to Forecast project, Pass, , Wed Feb 03 12:34:09 IST 2016, 4, 20, Copy to Forecast project, Pass, , Wed Feb 03 12:34:09 IST 2016, 4, 21, Copy to Forecast project, Pass, , Wed Feb 03 12:34:12 IST 2016, 4, 22, Copy to Forecast project, Pass, , Wed Feb 03 12:34:13 IST 2016, 4, 23, Copy to Forecast project, Pass, , Wed Feb 03 12:34:15 IST 2016, 4, 24, Copy to Forecast project, Pass, , Wed Feb 03 12:34:17 IST 2016, 4, 25, Copy to Forecast project, Pass, , Wed Feb 03 12:34:17 IST 2016, 4, 26, Copy to Forecast project, Pass, , Wed Feb 03 12:34:18 IST 2016, 4, 27, Copy to Forecast project, Pass, , Wed Feb 03 12:34:18 IST 2016, 4, 28, Copy to Forecast project, Pass, , Wed Feb 03 12:34:18 IST 2016, 4, 29, Copy to Forecast project, Pass, , Wed Feb 03 12:34:18 IST 2016, 4, 30, Copy to Forecast project, Pass, , Wed Feb 03 12:34:20 IST 2016, 4, 31, Copy to Forecast project, Pass, , Wed Feb 03 12:34:22 IST 2016, 4, 32, Copy to Forecast project, Pass, , Wed Feb 03 12:34:23 IST 2016, 4, 33, Copy to Forecast project, Pass, , Wed Feb 03 12:34:27 IST 2016, 4, 34, Copy to Forecast project, Pass, , Wed Feb 03 12:34:28 IST 2016, 4, 35, Copy to Forecast project, Pass, , Wed Feb 03 12:34:28 IST 2016, 4, 36, Copy to Forecast project, Pass, , Wed Feb 03 12:34:30 IST 2016, 4, 37, Copy to Forecast project, Pass, , Wed Feb 03 12:34:30 IST 2016, 4, 38, Copy to Forecast project, Pass, , Wed Feb 03 12:34:30 IST 2016, 4, 39, Copy to Forecast project, Pass, , Wed Feb 03 12:34:30 IST 2016, 4, 40, Copy to Forecast project, Pass, , Wed Feb 03 12:34:43 IST 2016, 4, 41, Copy to Forecast project, Pass, , Wed Feb 03 12:34:44 IST 2016]
[INFO ][2016-02-03 12:34:44,392][com.java.SeleniumDriver] [ 1276] - End time is-------12 min 57 sec
[INFO ][2016-02-03 12:34:44,392][com.java.SeleniumDriver] [ 1277] - The results are-------------------[4, 1, Copy to Forecast project, Pass, , Wed Feb 03 12:32:46 IST 2016, 4, 3, Copy to Forecast project, Pass, , Wed Feb 03 12:32:52 IST 2016, 4, 4, Copy to Forecast project, Pass, , Wed Feb 03 12:32:52 IST 2016, 4, 5, Copy to Forecast project, Pass, , Wed Feb 03 12:32:52 IST 2016, 4, 6, Copy to Forecast project, Pass, , Wed Feb 03 12:33:31 IST 2016, 4, 7, Copy to Forecast project, Pass, , Wed Feb 03 12:33:36 IST 2016, 4, 8, Copy to Forecast project, Pass, , Wed Feb 03 12:33:48 IST 2016, 4, 9, Copy to Forecast project, Pass, , Wed Feb 03 12:33:49 IST 2016, 4, 10, Copy to Forecast project, Pass, , Wed Feb 03 12:33:49 IST 2016, 4, 11, Copy to Forecast project, Pass, , Wed Feb 03 12:33:50 IST 2016, 4, 12, Copy to Forecast project, Pass, , Wed Feb 03 12:33:51 IST 2016, 4, 13, Copy to Forecast project, Pass, , Wed Feb 03 12:33:52 IST 2016, 4, 14, Copy to Forecast project, Pass, , Wed Feb 03 12:33:53 IST 2016, 4, 15, Copy to Forecast project, Pass, , Wed Feb 03 12:33:57 IST 2016, 4, 16, Copy to Forecast project, Pass, , Wed Feb 03 12:33:59 IST 2016, 4, 17, Copy to Forecast project, Pass, , Wed Feb 03 12:33:59 IST 2016, 4, 18, Copy to Forecast project, Pass, , Wed Feb 03 12:33:59 IST 2016, 4, 19, Copy to Forecast project, Pass, , Wed Feb 03 12:34:09 IST 2016, 4, 20, Copy to Forecast project, Pass, , Wed Feb 03 12:34:09 IST 2016, 4, 21, Copy to Forecast project, Pass, , Wed Feb 03 12:34:12 IST 2016, 4, 22, Copy to Forecast project, Pass, , Wed Feb 03 12:34:13 IST 2016, 4, 23, Copy to Forecast project, Pass, , Wed Feb 03 12:34:15 IST 2016, 4, 24, Copy to Forecast project, Pass, , Wed Feb 03 12:34:17 IST 2016, 4, 25, Copy to Forecast project, Pass, , Wed Feb 03 12:34:17 IST 2016, 4, 26, Copy to Forecast project, Pass, , Wed Feb 03 12:34:18 IST 2016, 4, 27, Copy to Forecast project, Pass, , Wed Feb 03 12:34:18 IST 2016, 4, 28, Copy to Forecast project, Pass, , Wed Feb 03 12:34:18 IST 2016, 4, 29, Copy to Forecast project, Pass, , Wed Feb 03 12:34:18 IST 2016, 4, 30, Copy to Forecast project, Pass, , Wed Feb 03 12:34:20 IST 2016, 4, 31, Copy to Forecast project, Pass, , Wed Feb 03 12:34:22 IST 2016, 4, 32, Copy to Forecast project, Pass, , Wed Feb 03 12:34:23 IST 2016, 4, 33, Copy to Forecast project, Pass, , Wed Feb 03 12:34:27 IST 2016, 4, 34, Copy to Forecast project, Pass, , Wed Feb 03 12:34:28 IST 2016, 4, 35, Copy to Forecast project, Pass, , Wed Feb 03 12:34:28 IST 2016, 4, 36, Copy to Forecast project, Pass, , Wed Feb 03 12:34:30 IST 2016, 4, 37, Copy to Forecast project, Pass, , Wed Feb 03 12:34:30 IST 2016, 4, 38, Copy to Forecast project, Pass, , Wed Feb 03 12:34:30 IST 2016, 4, 39, Copy to Forecast project, Pass, , Wed Feb 03 12:34:30 IST 2016, 4, 40, Copy to Forecast project, Pass, , Wed Feb 03 12:34:43 IST 2016, 4, 41, Copy to Forecast project, Pass, , Wed Feb 03 12:34:44 IST 2016]
[DEBUG][2016-02-03 12:34:44,392][com.java.ImportnExport.ExportTestResultsExcel] [  222] - testResultPath = D:\BankersDashboard/TestReports/Test Results_BankersDashBoard_020316_122153_IE10_First Bank.xls
[DEBUG][2016-02-03 12:34:44,392][com.java.ImportnExport.ExportTestResultsExcel] [  223] - browser is------------IE10
[DEBUG][2016-02-03 12:34:44,397][com.java.ImportnExport.ExportTestResultsExcel] [  270] - result.size() = 240
[DEBUG][2016-02-03 12:34:44,397][com.java.ImportnExport.ExportTestResultsExcel] [  274] - No of rows in sheet=4
[DEBUG][2016-02-03 12:34:44,397][com.java.ImportnExport.ExportTestResultsExcel] [  301] - ..in export..4
[DEBUG][2016-02-03 12:34:44,398][com.java.ImportnExport.ExportTestResultsExcel] [  301] - ..in export..Copy to Forecast project
[DEBUG][2016-02-03 12:34:44,398][com.java.ImportnExport.ExportTestResultsExcel] [  301] - ..in export..Pass
[DEBUG][2016-02-03 12:34:44,398][com.java.ImportnExport.ExportTestResultsExcel] [  301] - ..in export..
[DEBUG][2016-02-03 12:34:44,398][com.java.ImportnExport.ExportTestResultsExcel] [  301] - ..in export..Wed Feb 03 12:32:46 IST 2016
[INFO ][2016-02-03 12:34:44,400][com.java.SeleniumDriver] [ 1337] - out loop:3 size:5 TestCases:[1, 2, 3, 4, 5] testcases:[1, 2, 3, 4, 5]
[INFO ][2016-02-03 12:34:44,400][com.java.ImportnExport.ImportTestDataDetailsExcel] [   49] - test data details path===== D:\BankersDashboard\TestInputs\TestData.xls
[INFO ][2016-02-03 12:36:51,460][com.java.SeleniumDriver] [  856] - ------------------------------------------
[INFO ][2016-02-03 12:36:51,460][com.java.SeleniumDriver] [  857] - Test case being Executed: 5
[INFO ][2016-02-03 12:36:51,460][com.java.SeleniumDriver] [  869] - Test step:1
[INFO ][2016-02-03 12:36:51,460][com.java.SeleniumDriver] [  881] - Datavalue is----------Logout
[INFO ][2016-02-03 12:36:51,460][com.java.SeleniumDriver] [  905] - DataField : BTN
[INFO ][2016-02-03 12:36:51,460][com.java.SeleniumDriver] [  907] - DataValue : Logout
[INFO ][2016-02-03 12:36:51,460][com.java.SeleniumDriver] [  913] - <In Set values of the page>
[INFO ][2016-02-03 12:36:51,460][com.java.SeleniumDriver] [  916] - {Data Fields & Data Values Exist}
[INFO ][2016-02-03 12:36:51,460][com.java.SeleniumDriver] [  918] - --------------------------setting values-----------------------------
[INFO ][2016-02-03 12:36:51,460][com.java.SeleniumDriver] [  921] - Action Type : Verify
[INFO ][2016-02-03 12:36:51,460][com.java.TestType] [ 8173] - field= BTN value= Logout
[INFO ][2016-02-03 12:36:51,461][com.java.TestType] [ 6562] - value = Logout
[INFO ][2016-02-03 12:36:51,534][com.java.SeleniumDriver] [  930] -  RESULT true
[INFO ][2016-02-03 12:36:51,534][com.java.SeleniumDriver] [ 1136] - ?   P A S S   ?
[INFO ][2016-02-03 12:36:51,534][com.java.SeleniumDriver] [ 1178] - step change to 3
[INFO ][2016-02-03 12:36:51,534][com.java.SeleniumDriver] [  856] - ------------------------------------------
[INFO ][2016-02-03 12:36:51,534][com.java.SeleniumDriver] [  857] - Test case being Executed: 5
[INFO ][2016-02-03 12:36:51,534][com.java.SeleniumDriver] [  869] - Test step:3
[INFO ][2016-02-03 12:36:51,535][com.java.SeleniumDriver] [  881] - Datavalue is----------Concept#2:1-2
[INFO ][2016-02-03 12:36:51,535][com.java.SeleniumDriver] [  905] - DataField : test
[INFO ][2016-02-03 12:36:51,535][com.java.SeleniumDriver] [  907] - DataValue : Concept#2:1-2
[INFO ][2016-02-03 12:36:51,535][com.java.SeleniumDriver] [  913] - <In Set values of the page>
[INFO ][2016-02-03 12:36:51,535][com.java.SeleniumDriver] [  916] - {Data Fields & Data Values Exist}
[INFO ][2016-02-03 12:36:51,535][com.java.SeleniumDriver] [  918] - --------------------------setting values-----------------------------
[INFO ][2016-02-03 12:36:51,535][com.java.SeleniumDriver] [  921] - Action Type : ExecuteTestCase
[INFO ][2016-02-03 12:36:51,535][com.java.TestType] [  448] - The Concept sheet name is ---------- Concept
[INFO ][2016-02-03 12:36:51,535][com.java.TestType] [  451] - The Concept ID  is ---------- 2
[DEBUG][2016-02-03 12:36:51,535][com.java.TestType] [  455] - Steps being executted in the Concept are: 1:2
[INFO ][2016-02-03 12:36:51,535][com.java.TestType] [  462] - Test data details path ---------- D:\BankersDashboard\TestInputs\TestData.xls
[INFO ][2016-02-03 12:36:51,567][com.java.TestType] [  493] -  str(1) = 2
[INFO ][2016-02-03 12:36:51,567][com.java.TestType] [  496] - Test case Id is---2
[INFO ][2016-02-03 12:36:51,567][com.java.TestType] [  498] - 2
[INFO ][2016-02-03 12:36:51,568][com.java.TestType] [  493] -  str(2) = 1
[INFO ][2016-02-03 12:36:51,569][com.java.TestType] [  493] -  str(1) = 2
[INFO ][2016-02-03 12:36:51,569][com.java.TestType] [  496] - Test case Id is---2
[INFO ][2016-02-03 12:36:51,569][com.java.TestType] [  498] - 2
[INFO ][2016-02-03 12:36:51,569][com.java.TestType] [  493] -  str(2) = 2
[INFO ][2016-02-03 12:36:51,570][com.java.TestType] [  493] -  str(1) = 2
[INFO ][2016-02-03 12:36:51,570][com.java.TestType] [  496] - Test case Id is---2
[INFO ][2016-02-03 12:36:51,570][com.java.TestType] [  498] - 2
[INFO ][2016-02-03 12:36:51,570][com.java.TestType] [  493] -  str(2) = 3
[INFO ][2016-02-03 12:36:51,570][com.java.TestType] [11868] - Looping 1TCID = 2
[DEBUG][2016-02-03 12:36:51,570][com.java.TestType] [11909] - Concept ID:2 :: Step being Executed: 2::1
[INFO ][2016-02-03 12:36:51,571][com.java.TestType] [11947] - dataFields : BNK//select[@id='bank']
[DEBUG][2016-02-03 12:36:51,571][com.java.TestType] [11953] - <In Set values of the page>
[DEBUG][2016-02-03 12:36:51,571][com.java.TestType] [11958] - {Data Fields & Data Values Exist}
[INFO ][2016-02-03 12:36:51,571][com.java.TestType] [11964] - --------------------------setting values-----------------------------
[INFO ][2016-02-03 12:36:51,571][com.java.TestType] [11967] - Action Type : Select
[INFO ][2016-02-03 12:36:51,571][com.java.TestType] [ 6562] - value = PFC
[INFO ][2016-02-03 12:36:51,788][com.java.TestType] [11986] -  RESULT true
[INFO ][2016-02-03 12:36:51,788][com.java.TestType] [12103] - ?   P A S S   ?
[DEBUG][2016-02-03 12:36:51,788][com.java.TestType] [11909] - Concept ID:2 :: Step being Executed: 2::2
[INFO ][2016-02-03 12:36:51,788][com.java.TestType] [11947] - dataFields : LNKLogout
[DEBUG][2016-02-03 12:36:51,788][com.java.TestType] [11953] - <In Set values of the page>
[DEBUG][2016-02-03 12:36:51,788][com.java.TestType] [11958] - {Data Fields & Data Values Exist}
[INFO ][2016-02-03 12:36:51,788][com.java.TestType] [11964] - --------------------------setting values-----------------------------
[INFO ][2016-02-03 12:36:51,789][com.java.TestType] [11967] - Action Type : WaitTime
[DEBUG][2016-02-03 12:36:51,789][com.java.TestType] [ 6376] - sleepTime: 5000
[INFO ][2016-02-03 12:36:56,790][com.java.TestType] [11986] -  RESULT true
[INFO ][2016-02-03 12:36:56,790][com.java.TestType] [12103] - ?   P A S S   ?
[INFO ][2016-02-03 12:36:56,790][com.java.TestType] [12174] - Looping End......
[INFO ][2016-02-03 12:36:56,794][com.java.SeleniumDriver] [  930] -  RESULT true
[INFO ][2016-02-03 12:36:56,794][com.java.SeleniumDriver] [ 1136] - ?   P A S S   ?
[INFO ][2016-02-03 12:36:56,795][com.java.SeleniumDriver] [  856] - ------------------------------------------
[INFO ][2016-02-03 12:36:56,795][com.java.SeleniumDriver] [  857] - Test case being Executed: 5
[INFO ][2016-02-03 12:36:56,795][com.java.SeleniumDriver] [  869] - Test step:4
[INFO ][2016-02-03 12:36:56,795][com.java.SeleniumDriver] [  881] - Datavalue is----------3
[INFO ][2016-02-03 12:36:56,795][com.java.SeleniumDriver] [  905] - DataField : XPH//img[@id='loading']
[INFO ][2016-02-03 12:36:56,795][com.java.SeleniumDriver] [  907] - DataValue : 3
[INFO ][2016-02-03 12:36:56,795][com.java.SeleniumDriver] [  913] - <In Set values of the page>
[INFO ][2016-02-03 12:36:56,795][com.java.SeleniumDriver] [  916] - {Data Fields & Data Values Exist}
[INFO ][2016-02-03 12:36:56,795][com.java.SeleniumDriver] [  918] - --------------------------setting values-----------------------------
[INFO ][2016-02-03 12:36:56,795][com.java.SeleniumDriver] [  921] - Action Type : WaitForElement
[INFO ][2016-02-03 12:36:56,833][com.java.SeleniumDriver] [  930] -  RESULT true
[INFO ][2016-02-03 12:36:56,833][com.java.SeleniumDriver] [ 1136] - ?   P A S S   ?
[INFO ][2016-02-03 12:36:56,833][com.java.SeleniumDriver] [  856] - ------------------------------------------
[INFO ][2016-02-03 12:36:56,833][com.java.SeleniumDriver] [  857] - Test case being Executed: 5
[INFO ][2016-02-03 12:36:56,833][com.java.SeleniumDriver] [  869] - Test step:5
[INFO ][2016-02-03 12:36:56,833][com.java.SeleniumDriver] [  881] - Datavalue is----------90
[INFO ][2016-02-03 12:36:56,833][com.java.SeleniumDriver] [  905] - DataField : XPH//img[@id='loading']
[INFO ][2016-02-03 12:36:56,833][com.java.SeleniumDriver] [  907] - DataValue : 90
[INFO ][2016-02-03 12:36:56,833][com.java.SeleniumDriver] [  913] - <In Set values of the page>
[INFO ][2016-02-03 12:36:56,833][com.java.SeleniumDriver] [  916] - {Data Fields & Data Values Exist}
[INFO ][2016-02-03 12:36:56,834][com.java.SeleniumDriver] [  918] - --------------------------setting values-----------------------------
[INFO ][2016-02-03 12:36:56,834][com.java.SeleniumDriver] [  921] - Action Type : waitForElementNotPresent
[INFO ][2016-02-03 12:36:56,949][com.java.SeleniumDriver] [  930] -  RESULT true
[INFO ][2016-02-03 12:36:56,949][com.java.SeleniumDriver] [ 1136] - ?   P A S S   ?
[INFO ][2016-02-03 12:36:56,949][com.java.SeleniumDriver] [  856] - ------------------------------------------
[INFO ][2016-02-03 12:36:56,949][com.java.SeleniumDriver] [  857] - Test case being Executed: 5
[INFO ][2016-02-03 12:36:56,949][com.java.SeleniumDriver] [  869] - Test step:6
[INFO ][2016-02-03 12:36:56,949][com.java.SeleniumDriver] [  881] - Datavalue is----------null
[DEBUG][2016-02-03 12:36:56,949][com.java.SeleniumDriver] [  899] - Exception: null
[INFO ][2016-02-03 12:36:56,949][com.java.SeleniumDriver] [  905] - DataField : //span[@class='icon-stats']&&//a[@data-id="Forecasting"]
[INFO ][2016-02-03 12:36:56,950][com.java.SeleniumDriver] [  907] - DataValue : 
[INFO ][2016-02-03 12:36:56,950][com.java.SeleniumDriver] [  913] - <In Set values of the page>
[INFO ][2016-02-03 12:36:56,950][com.java.SeleniumDriver] [  916] - {Data Fields & Data Values Exist}
[INFO ][2016-02-03 12:36:56,950][com.java.SeleniumDriver] [  918] - --------------------------setting values-----------------------------
[INFO ][2016-02-03 12:36:56,950][com.java.SeleniumDriver] [  921] - Action Type : MOUSEOVER
[INFO ][2016-02-03 12:37:35,837][com.java.SeleniumDriver] [  930] -  RESULT true
[INFO ][2016-02-03 12:37:35,837][com.java.SeleniumDriver] [ 1136] - ?   P A S S   ?
[INFO ][2016-02-03 12:37:35,837][com.java.SeleniumDriver] [  856] - ------------------------------------------
[INFO ][2016-02-03 12:37:35,837][com.java.SeleniumDriver] [  857] - Test case being Executed: 5
[INFO ][2016-02-03 12:37:35,838][com.java.SeleniumDriver] [  869] - Test step:7
[INFO ][2016-02-03 12:37:35,838][com.java.SeleniumDriver] [  881] - Datavalue is----------5
[INFO ][2016-02-03 12:37:35,838][com.java.SeleniumDriver] [  905] - DataField : null
[INFO ][2016-02-03 12:37:35,838][com.java.SeleniumDriver] [  907] - DataValue : 5
[INFO ][2016-02-03 12:37:35,838][com.java.SeleniumDriver] [  913] - <In Set values of the page>
[INFO ][2016-02-03 12:37:35,838][com.java.SeleniumDriver] [  916] - {Data Fields & Data Values Exist}
[INFO ][2016-02-03 12:37:35,838][com.java.SeleniumDriver] [  918] - --------------------------setting values-----------------------------
[INFO ][2016-02-03 12:37:35,838][com.java.SeleniumDriver] [  921] - Action Type : WAITTIME
[DEBUG][2016-02-03 12:37:35,838][com.java.TestType] [ 6376] - sleepTime: 5000
[INFO ][2016-02-03 12:37:40,838][com.java.SeleniumDriver] [  930] -  RESULT true
[INFO ][2016-02-03 12:37:40,838][com.java.SeleniumDriver] [ 1136] - ?   P A S S   ?
[INFO ][2016-02-03 12:37:40,838][com.java.SeleniumDriver] [  856] - ------------------------------------------
[INFO ][2016-02-03 12:37:40,838][com.java.SeleniumDriver] [  857] - Test case being Executed: 5
[INFO ][2016-02-03 12:37:40,838][com.java.SeleniumDriver] [  869] - Test step:8
[INFO ][2016-02-03 12:37:40,838][com.java.SeleniumDriver] [  881] - Datavalue is----------Forecasting 
[INFO ][2016-02-03 12:37:40,838][com.java.SeleniumDriver] [  905] - DataField : TTL
[INFO ][2016-02-03 12:37:40,838][com.java.SeleniumDriver] [  907] - DataValue : Forecasting 
[INFO ][2016-02-03 12:37:40,838][com.java.SeleniumDriver] [  913] - <In Set values of the page>
[INFO ][2016-02-03 12:37:40,838][com.java.SeleniumDriver] [  916] - {Data Fields & Data Values Exist}
[INFO ][2016-02-03 12:37:40,839][com.java.SeleniumDriver] [  918] - --------------------------setting values-----------------------------
[INFO ][2016-02-03 12:37:40,839][com.java.SeleniumDriver] [  921] - Action Type : SELECTWINDOW
[INFO ][2016-02-03 12:37:53,432][com.java.SeleniumDriver] [  930] -  RESULT true
[INFO ][2016-02-03 12:37:53,432][com.java.SeleniumDriver] [ 1136] - ?   P A S S   ?
[INFO ][2016-02-03 12:37:53,432][com.java.SeleniumDriver] [  856] - ------------------------------------------
[INFO ][2016-02-03 12:37:53,432][com.java.SeleniumDriver] [  857] - Test case being Executed: 5
[INFO ][2016-02-03 12:37:53,432][com.java.SeleniumDriver] [  869] - Test step:9
[INFO ][2016-02-03 12:37:53,432][com.java.SeleniumDriver] [  881] - Datavalue is----------10
[INFO ][2016-02-03 12:37:53,432][com.java.SeleniumDriver] [  905] - DataField : DSP//span[contains(text(),'Forecasting')]
[INFO ][2016-02-03 12:37:53,432][com.java.SeleniumDriver] [  907] - DataValue : 10
[INFO ][2016-02-03 12:37:53,432][com.java.SeleniumDriver] [  913] - <In Set values of the page>
[INFO ][2016-02-03 12:37:53,432][com.java.SeleniumDriver] [  916] - {Data Fields & Data Values Exist}
[INFO ][2016-02-03 12:37:53,432][com.java.SeleniumDriver] [  918] - --------------------------setting values-----------------------------
[INFO ][2016-02-03 12:37:53,433][com.java.SeleniumDriver] [  921] - Action Type : WAITFORELEMENT
[INFO ][2016-02-03 12:37:53,574][com.java.SeleniumDriver] [  930] -  RESULT true
[INFO ][2016-02-03 12:37:53,574][com.java.SeleniumDriver] [ 1136] - ?   P A S S   ?
[INFO ][2016-02-03 12:37:53,574][com.java.SeleniumDriver] [  856] - ------------------------------------------
[INFO ][2016-02-03 12:37:53,574][com.java.SeleniumDriver] [  857] - Test case being Executed: 5
[INFO ][2016-02-03 12:37:53,574][com.java.SeleniumDriver] [  869] - Test step:10
[INFO ][2016-02-03 12:37:53,574][com.java.SeleniumDriver] [  881] - Datavalue is----------Forecasting 
[INFO ][2016-02-03 12:37:53,574][com.java.SeleniumDriver] [  905] - DataField : XPH//span[contains(text(),'Forecasting')]
[INFO ][2016-02-03 12:37:53,574][com.java.SeleniumDriver] [  907] - DataValue : Forecasting 
[INFO ][2016-02-03 12:37:53,574][com.java.SeleniumDriver] [  913] - <In Set values of the page>
[INFO ][2016-02-03 12:37:53,574][com.java.SeleniumDriver] [  916] - {Data Fields & Data Values Exist}
[INFO ][2016-02-03 12:37:53,574][com.java.SeleniumDriver] [  918] - --------------------------setting values-----------------------------
[INFO ][2016-02-03 12:37:53,575][com.java.SeleniumDriver] [  921] - Action Type : VERIFY
[INFO ][2016-02-03 12:37:53,575][com.java.TestType] [ 8173] - field= XPH//span[contains(text(),'Forecasting')] value= Forecasting 
[INFO ][2016-02-03 12:37:53,575][com.java.TestType] [ 6562] - value = Forecasting 
[INFO ][2016-02-03 12:37:53,661][com.java.SeleniumDriver] [  930] -  RESULT true
[INFO ][2016-02-03 12:37:53,661][com.java.SeleniumDriver] [ 1136] - ?   P A S S   ?
[INFO ][2016-02-03 12:37:53,661][com.java.SeleniumDriver] [  856] - ------------------------------------------
[INFO ][2016-02-03 12:37:53,661][com.java.SeleniumDriver] [  857] - Test case being Executed: 5
[INFO ][2016-02-03 12:37:53,661][com.java.SeleniumDriver] [  869] - Test step:11
[INFO ][2016-02-03 12:37:53,661][com.java.SeleniumDriver] [  881] - Datavalue is----------null
[DEBUG][2016-02-03 12:37:53,661][com.java.SeleniumDriver] [  899] - Exception: null
[INFO ][2016-02-03 12:37:53,661][com.java.SeleniumDriver] [  905] - DataField : BTNframeDialogContent
[INFO ][2016-02-03 12:37:53,661][com.java.SeleniumDriver] [  907] - DataValue : 
[INFO ][2016-02-03 12:37:53,662][com.java.SeleniumDriver] [  913] - <In Set values of the page>
[INFO ][2016-02-03 12:37:53,662][com.java.SeleniumDriver] [  916] - {Data Fields & Data Values Exist}
[INFO ][2016-02-03 12:37:53,662][com.java.SeleniumDriver] [  918] - --------------------------setting values-----------------------------
[INFO ][2016-02-03 12:37:53,662][com.java.SeleniumDriver] [  921] - Action Type : SELECTFRAME
[INFO ][2016-02-03 12:37:54,807][com.java.SeleniumDriver] [  930] -  RESULT true
[INFO ][2016-02-03 12:37:54,807][com.java.SeleniumDriver] [ 1136] - ?   P A S S   ?
[INFO ][2016-02-03 12:37:54,807][com.java.SeleniumDriver] [  856] - ------------------------------------------
[INFO ][2016-02-03 12:37:54,807][com.java.SeleniumDriver] [  857] - Test case being Executed: 5
[INFO ][2016-02-03 12:37:54,807][com.java.SeleniumDriver] [  869] - Test step:12
[INFO ][2016-02-03 12:37:54,807][com.java.SeleniumDriver] [  881] - Datavalue is----------10
[INFO ][2016-02-03 12:37:54,807][com.java.SeleniumDriver] [  905] - DataField : DSPddlProjects
[INFO ][2016-02-03 12:37:54,807][com.java.SeleniumDriver] [  907] - DataValue : 10
[INFO ][2016-02-03 12:37:54,807][com.java.SeleniumDriver] [  913] - <In Set values of the page>
[INFO ][2016-02-03 12:37:54,808][com.java.SeleniumDriver] [  916] - {Data Fields & Data Values Exist}
[INFO ][2016-02-03 12:37:54,808][com.java.SeleniumDriver] [  918] - --------------------------setting values-----------------------------
[INFO ][2016-02-03 12:37:54,808][com.java.SeleniumDriver] [  921] - Action Type : WAITFORELEMENT
[INFO ][2016-02-03 12:37:55,918][com.java.SeleniumDriver] [  930] -  RESULT true
[INFO ][2016-02-03 12:37:55,918][com.java.SeleniumDriver] [ 1136] - ?   P A S S   ?
[INFO ][2016-02-03 12:37:55,918][com.java.SeleniumDriver] [  856] - ------------------------------------------
[INFO ][2016-02-03 12:37:55,918][com.java.SeleniumDriver] [  857] - Test case being Executed: 5
[INFO ][2016-02-03 12:37:55,918][com.java.SeleniumDriver] [  869] - Test step:13
[INFO ][2016-02-03 12:37:55,918][com.java.SeleniumDriver] [  881] - Datavalue is----------index:1
[INFO ][2016-02-03 12:37:55,918][com.java.SeleniumDriver] [  905] - DataField : COBddlProjects
[INFO ][2016-02-03 12:37:55,918][com.java.SeleniumDriver] [  907] - DataValue : index:1
[INFO ][2016-02-03 12:37:55,918][com.java.SeleniumDriver] [  913] - <In Set values of the page>
[INFO ][2016-02-03 12:37:55,918][com.java.SeleniumDriver] [  916] - {Data Fields & Data Values Exist}
[INFO ][2016-02-03 12:37:55,918][com.java.SeleniumDriver] [  918] - --------------------------setting values-----------------------------
[INFO ][2016-02-03 12:37:55,918][com.java.SeleniumDriver] [  921] - Action Type : SELECT
[INFO ][2016-02-03 12:37:55,919][com.java.TestType] [ 6562] - value = 1
[INFO ][2016-02-03 12:37:57,030][com.java.TestType] [ 6680] -  In COB ddlProjects : 1
[INFO ][2016-02-03 12:37:57,183][com.java.SeleniumDriver] [  930] -  RESULT true
[INFO ][2016-02-03 12:37:57,183][com.java.SeleniumDriver] [ 1136] - ?   P A S S   ?
[INFO ][2016-02-03 12:37:57,183][com.java.SeleniumDriver] [ 1173] - Continue next step...
[INFO ][2016-02-03 12:37:57,183][com.java.SeleniumDriver] [  856] - ------------------------------------------
[INFO ][2016-02-03 12:37:57,183][com.java.SeleniumDriver] [  857] - Test case being Executed: 5
[INFO ][2016-02-03 12:37:57,183][com.java.SeleniumDriver] [  869] - Test step:14
[INFO ][2016-02-03 12:37:57,183][com.java.SeleniumDriver] [  881] - Datavalue is----------CurrentProject
[INFO ][2016-02-03 12:37:57,183][com.java.SeleniumDriver] [  905] - DataField : SLBddlProjects
[INFO ][2016-02-03 12:37:57,184][com.java.SeleniumDriver] [  907] - DataValue : CurrentProject
[INFO ][2016-02-03 12:37:57,184][com.java.SeleniumDriver] [  913] - <In Set values of the page>
[INFO ][2016-02-03 12:37:57,184][com.java.SeleniumDriver] [  916] - {Data Fields & Data Values Exist}
[INFO ][2016-02-03 12:37:57,184][com.java.SeleniumDriver] [  918] - --------------------------setting values-----------------------------
[INFO ][2016-02-03 12:37:57,184][com.java.SeleniumDriver] [  921] - Action Type : storevalue
[INFO ][2016-02-03 12:37:57,184][com.java.TestType] [ 9633] - field= SLBddlProjects
[INFO ][2016-02-03 12:37:58,393][com.java.SeleniumDriver] [  930] -  RESULT true
[INFO ][2016-02-03 12:37:58,394][com.java.SeleniumDriver] [ 1136] - ?   P A S S   ?
[INFO ][2016-02-03 12:37:58,394][com.java.SeleniumDriver] [  856] - ------------------------------------------
[INFO ][2016-02-03 12:37:58,394][com.java.SeleniumDriver] [  857] - Test case being Executed: 5
[INFO ][2016-02-03 12:37:58,394][com.java.SeleniumDriver] [  869] - Test step:15
[INFO ][2016-02-03 12:37:58,394][com.java.SeleniumDriver] [  881] - Datavalue is----------null
[DEBUG][2016-02-03 12:37:58,394][com.java.SeleniumDriver] [  899] - Exception: null
[INFO ][2016-02-03 12:37:58,394][com.java.SeleniumDriver] [  905] - DataField : HDNbtnOpenProject
[INFO ][2016-02-03 12:37:58,394][com.java.SeleniumDriver] [  907] - DataValue : 
[INFO ][2016-02-03 12:37:58,394][com.java.SeleniumDriver] [  913] - <In Set values of the page>
[INFO ][2016-02-03 12:37:58,394][com.java.SeleniumDriver] [  916] - {Data Fields & Data Values Exist}
[INFO ][2016-02-03 12:37:58,394][com.java.SeleniumDriver] [  918] - --------------------------setting values-----------------------------
[INFO ][2016-02-03 12:37:58,394][com.java.SeleniumDriver] [  921] - Action Type : CLICKWITHALERT
[INFO ][2016-02-03 12:38:02,536][com.java.SeleniumDriver] [  930] -  RESULT true
[INFO ][2016-02-03 12:38:02,536][com.java.SeleniumDriver] [ 1136] - ?   P A S S   ?
[INFO ][2016-02-03 12:38:02,537][com.java.SeleniumDriver] [  856] - ------------------------------------------
[INFO ][2016-02-03 12:38:02,537][com.java.SeleniumDriver] [  857] - Test case being Executed: 5
[INFO ][2016-02-03 12:38:02,537][com.java.SeleniumDriver] [  869] - Test step:16
[INFO ][2016-02-03 12:38:02,537][com.java.SeleniumDriver] [  881] - Datavalue is----------2
[INFO ][2016-02-03 12:38:02,537][com.java.SeleniumDriver] [  905] - DataField : null
[INFO ][2016-02-03 12:38:02,537][com.java.SeleniumDriver] [  907] - DataValue : 2
[INFO ][2016-02-03 12:38:02,537][com.java.SeleniumDriver] [  913] - <In Set values of the page>
[INFO ][2016-02-03 12:38:02,537][com.java.SeleniumDriver] [  916] - {Data Fields & Data Values Exist}
[INFO ][2016-02-03 12:38:02,537][com.java.SeleniumDriver] [  918] - --------------------------setting values-----------------------------
[INFO ][2016-02-03 12:38:02,537][com.java.SeleniumDriver] [  921] - Action Type : WAITTIME
[DEBUG][2016-02-03 12:38:02,537][com.java.TestType] [ 6376] - sleepTime: 2000
[INFO ][2016-02-03 12:38:04,537][com.java.SeleniumDriver] [  930] -  RESULT true
[INFO ][2016-02-03 12:38:04,537][com.java.SeleniumDriver] [ 1136] - ?   P A S S   ?
[INFO ][2016-02-03 12:38:04,537][com.java.SeleniumDriver] [  856] - ------------------------------------------
[INFO ][2016-02-03 12:38:04,538][com.java.SeleniumDriver] [  857] - Test case being Executed: 5
[INFO ][2016-02-03 12:38:04,539][com.java.SeleniumDriver] [  869] - Test step:17
[INFO ][2016-02-03 12:38:04,539][com.java.SeleniumDriver] [  881] - Datavalue is----------null
[DEBUG][2016-02-03 12:38:04,539][com.java.SeleniumDriver] [  899] - Exception: null
[INFO ][2016-02-03 12:38:04,539][com.java.SeleniumDriver] [  905] - DataField : BTNParent
[INFO ][2016-02-03 12:38:04,539][com.java.SeleniumDriver] [  907] - DataValue : 
[INFO ][2016-02-03 12:38:04,539][com.java.SeleniumDriver] [  913] - <In Set values of the page>
[INFO ][2016-02-03 12:38:04,539][com.java.SeleniumDriver] [  916] - {Data Fields & Data Values Exist}
[INFO ][2016-02-03 12:38:04,539][com.java.SeleniumDriver] [  918] - --------------------------setting values-----------------------------
[INFO ][2016-02-03 12:38:04,539][com.java.SeleniumDriver] [  921] - Action Type : SELECTFRAME
[INFO ][2016-02-03 12:38:04,555][com.java.SeleniumDriver] [  930] -  RESULT true
[INFO ][2016-02-03 12:38:04,555][com.java.SeleniumDriver] [ 1136] - ?   P A S S   ?
[INFO ][2016-02-03 12:38:04,555][com.java.SeleniumDriver] [  856] - ------------------------------------------
[INFO ][2016-02-03 12:38:04,555][com.java.SeleniumDriver] [  857] - Test case being Executed: 5
[INFO ][2016-02-03 12:38:04,555][com.java.SeleniumDriver] [  869] - Test step:18
[INFO ][2016-02-03 12:38:04,555][com.java.SeleniumDriver] [  881] - Datavalue is----------10
[INFO ][2016-02-03 12:38:04,556][com.java.SeleniumDriver] [  905] - DataField : DSPFile
[INFO ][2016-02-03 12:38:04,556][com.java.SeleniumDriver] [  907] - DataValue : 10
[INFO ][2016-02-03 12:38:04,556][com.java.SeleniumDriver] [  913] - <In Set values of the page>
[INFO ][2016-02-03 12:38:04,556][com.java.SeleniumDriver] [  916] - {Data Fields & Data Values Exist}
[INFO ][2016-02-03 12:38:04,556][com.java.SeleniumDriver] [  918] - --------------------------setting values-----------------------------
[INFO ][2016-02-03 12:38:04,556][com.java.SeleniumDriver] [  921] - Action Type : WAITFORELEMENT
[INFO ][2016-02-03 12:38:04,689][com.java.SeleniumDriver] [  930] -  RESULT true
[INFO ][2016-02-03 12:38:04,689][com.java.SeleniumDriver] [ 1136] - ?   P A S S   ?
[INFO ][2016-02-03 12:38:04,689][com.java.SeleniumDriver] [  856] - ------------------------------------------
[INFO ][2016-02-03 12:38:04,689][com.java.SeleniumDriver] [  857] - Test case being Executed: 5
[INFO ][2016-02-03 12:38:04,689][com.java.SeleniumDriver] [  869] - Test step:19
[INFO ][2016-02-03 12:38:04,689][com.java.SeleniumDriver] [  881] - Datavalue is----------10
[INFO ][2016-02-03 12:38:04,689][com.java.SeleniumDriver] [  905] - DataField : null
[INFO ][2016-02-03 12:38:04,689][com.java.SeleniumDriver] [  907] - DataValue : 10
[INFO ][2016-02-03 12:38:04,689][com.java.SeleniumDriver] [  913] - <In Set values of the page>
[INFO ][2016-02-03 12:38:04,689][com.java.SeleniumDriver] [  916] - {Data Fields & Data Values Exist}
[INFO ][2016-02-03 12:38:04,689][com.java.SeleniumDriver] [  918] - --------------------------setting values-----------------------------
[INFO ][2016-02-03 12:38:04,689][com.java.SeleniumDriver] [  921] - Action Type : WAITTIME
[DEBUG][2016-02-03 12:38:04,690][com.java.TestType] [ 6376] - sleepTime: 10000
[INFO ][2016-02-03 12:38:14,691][com.java.SeleniumDriver] [  930] -  RESULT true
[INFO ][2016-02-03 12:38:14,691][com.java.SeleniumDriver] [ 1136] - ?   P A S S   ?
[INFO ][2016-02-03 12:38:14,691][com.java.SeleniumDriver] [  856] - ------------------------------------------
[INFO ][2016-02-03 12:38:14,691][com.java.SeleniumDriver] [  857] - Test case being Executed: 5
[INFO ][2016-02-03 12:38:14,691][com.java.SeleniumDriver] [  869] - Test step:20
[INFO ][2016-02-03 12:38:14,691][com.java.SeleniumDriver] [  881] - Datavalue is----------Assets
[INFO ][2016-02-03 12:38:14,691][com.java.SeleniumDriver] [  905] - DataField : MSG
[INFO ][2016-02-03 12:38:14,691][com.java.SeleniumDriver] [  907] - DataValue : Assets
[INFO ][2016-02-03 12:38:14,691][com.java.SeleniumDriver] [  913] - <In Set values of the page>
[INFO ][2016-02-03 12:38:14,691][com.java.SeleniumDriver] [  916] - {Data Fields & Data Values Exist}
[INFO ][2016-02-03 12:38:14,691][com.java.SeleniumDriver] [  918] - --------------------------setting values-----------------------------
[INFO ][2016-02-03 12:38:14,691][com.java.SeleniumDriver] [  921] - Action Type : VERIFY
[INFO ][2016-02-03 12:38:14,692][com.java.TestType] [ 8173] - field= MSG value= Assets
[INFO ][2016-02-03 12:38:14,692][com.java.TestType] [ 6562] - value = Assets
[DEBUG][2016-02-03 12:38:14,692][com.java.TestType] [ 9036] - value :: Assets
[INFO ][2016-02-03 12:38:14,729][com.java.SeleniumDriver] [  930] -  RESULT true
[INFO ][2016-02-03 12:38:14,729][com.java.SeleniumDriver] [ 1136] - ?   P A S S   ?
[INFO ][2016-02-03 12:38:14,729][com.java.SeleniumDriver] [  856] - ------------------------------------------
[INFO ][2016-02-03 12:38:14,729][com.java.SeleniumDriver] [  857] - Test case being Executed: 5
[INFO ][2016-02-03 12:38:14,729][com.java.SeleniumDriver] [  869] - Test step:21
[INFO ][2016-02-03 12:38:14,729][com.java.SeleniumDriver] [  881] - Datavalue is----------null
[DEBUG][2016-02-03 12:38:14,730][com.java.SeleniumDriver] [  899] - Exception: null
[INFO ][2016-02-03 12:38:14,730][com.java.SeleniumDriver] [  905] - DataField : HDNmenuTools
[INFO ][2016-02-03 12:38:14,730][com.java.SeleniumDriver] [  907] - DataValue : 
[INFO ][2016-02-03 12:38:14,730][com.java.SeleniumDriver] [  913] - <In Set values of the page>
[INFO ][2016-02-03 12:38:14,730][com.java.SeleniumDriver] [  916] - {Data Fields & Data Values Exist}
[INFO ][2016-02-03 12:38:14,730][com.java.SeleniumDriver] [  918] - --------------------------setting values-----------------------------
[INFO ][2016-02-03 12:38:14,730][com.java.SeleniumDriver] [  921] - Action Type : CLICK
[INFO ][2016-02-03 12:38:14,730][com.java.TestType] [ 6941] - Field ::HDNmenuTools
[INFO ][2016-02-03 12:38:14,730][com.java.TestType] [ 6562] - value = 
[INFO ][2016-02-03 12:38:16,910][com.java.SeleniumDriver] [  930] -  RESULT true
[INFO ][2016-02-03 12:38:16,910][com.java.SeleniumDriver] [ 1136] - ?   P A S S   ?
[INFO ][2016-02-03 12:38:16,910][com.java.SeleniumDriver] [  856] - ------------------------------------------
[INFO ][2016-02-03 12:38:16,910][com.java.SeleniumDriver] [  857] - Test case being Executed: 5
[INFO ][2016-02-03 12:38:16,910][com.java.SeleniumDriver] [  869] - Test step:22
[INFO ][2016-02-03 12:38:16,910][com.java.SeleniumDriver] [  881] - Datavalue is----------3
[INFO ][2016-02-03 12:38:16,911][com.java.SeleniumDriver] [  905] - DataField : DSPmenuCopyToBudget
[INFO ][2016-02-03 12:38:16,911][com.java.SeleniumDriver] [  907] - DataValue : 3
[INFO ][2016-02-03 12:38:16,911][com.java.SeleniumDriver] [  913] - <In Set values of the page>
[INFO ][2016-02-03 12:38:16,911][com.java.SeleniumDriver] [  916] - {Data Fields & Data Values Exist}
[INFO ][2016-02-03 12:38:16,911][com.java.SeleniumDriver] [  918] - --------------------------setting values-----------------------------
[INFO ][2016-02-03 12:38:16,911][com.java.SeleniumDriver] [  921] - Action Type : WAITFORELEMENT
[INFO ][2016-02-03 12:38:18,098][com.java.SeleniumDriver] [  930] -  RESULT true
[INFO ][2016-02-03 12:38:18,099][com.java.SeleniumDriver] [ 1136] - ?   P A S S   ?
[INFO ][2016-02-03 12:38:18,099][com.java.SeleniumDriver] [  856] - ------------------------------------------
[INFO ][2016-02-03 12:38:18,099][com.java.SeleniumDriver] [  857] - Test case being Executed: 5
[INFO ][2016-02-03 12:38:18,099][com.java.SeleniumDriver] [  869] - Test step:23
[INFO ][2016-02-03 12:38:18,099][com.java.SeleniumDriver] [  881] - Datavalue is----------null
[DEBUG][2016-02-03 12:38:18,099][com.java.SeleniumDriver] [  899] - Exception: null
[INFO ][2016-02-03 12:38:18,099][com.java.SeleniumDriver] [  905] - DataField : HDNmenuCopyToBudget
[INFO ][2016-02-03 12:38:18,099][com.java.SeleniumDriver] [  907] - DataValue : 
[INFO ][2016-02-03 12:38:18,099][com.java.SeleniumDriver] [  913] - <In Set values of the page>
[INFO ][2016-02-03 12:38:18,099][com.java.SeleniumDriver] [  916] - {Data Fields & Data Values Exist}
[INFO ][2016-02-03 12:38:18,099][com.java.SeleniumDriver] [  918] - --------------------------setting values-----------------------------
[INFO ][2016-02-03 12:38:18,099][com.java.SeleniumDriver] [  921] - Action Type : CLICK
[INFO ][2016-02-03 12:38:18,099][com.java.TestType] [ 6941] - Field ::HDNmenuCopyToBudget
[INFO ][2016-02-03 12:38:18,100][com.java.TestType] [ 6562] - value = 
[INFO ][2016-02-03 12:38:20,288][com.java.SeleniumDriver] [  930] -  RESULT true
[INFO ][2016-02-03 12:38:20,288][com.java.SeleniumDriver] [ 1136] - ?   P A S S   ?
[INFO ][2016-02-03 12:38:20,288][com.java.SeleniumDriver] [  856] - ------------------------------------------
[INFO ][2016-02-03 12:38:20,288][com.java.SeleniumDriver] [  857] - Test case being Executed: 5
[INFO ][2016-02-03 12:38:20,288][com.java.SeleniumDriver] [  869] - Test step:24
[INFO ][2016-02-03 12:38:20,288][com.java.SeleniumDriver] [  881] - Datavalue is----------2
[INFO ][2016-02-03 12:38:20,288][com.java.SeleniumDriver] [  905] - DataField : null
[INFO ][2016-02-03 12:38:20,288][com.java.SeleniumDriver] [  907] - DataValue : 2
[INFO ][2016-02-03 12:38:20,288][com.java.SeleniumDriver] [  913] - <In Set values of the page>
[INFO ][2016-02-03 12:38:20,288][com.java.SeleniumDriver] [  916] - {Data Fields & Data Values Exist}
[INFO ][2016-02-03 12:38:20,288][com.java.SeleniumDriver] [  918] - --------------------------setting values-----------------------------
[INFO ][2016-02-03 12:38:20,289][com.java.SeleniumDriver] [  921] - Action Type : WAITTIME
[DEBUG][2016-02-03 12:38:20,289][com.java.TestType] [ 6376] - sleepTime: 2000
[INFO ][2016-02-03 12:38:22,289][com.java.SeleniumDriver] [  930] -  RESULT true
[INFO ][2016-02-03 12:38:22,289][com.java.SeleniumDriver] [ 1136] - ?   P A S S   ?
[INFO ][2016-02-03 12:38:22,289][com.java.SeleniumDriver] [  856] - ------------------------------------------
[INFO ][2016-02-03 12:38:22,289][com.java.SeleniumDriver] [  857] - Test case being Executed: 5
[INFO ][2016-02-03 12:38:22,289][com.java.SeleniumDriver] [  869] - Test step:25
[INFO ][2016-02-03 12:38:22,289][com.java.SeleniumDriver] [  881] - Datavalue is----------Copy To Budget
[INFO ][2016-02-03 12:38:22,289][com.java.SeleniumDriver] [  905] - DataField : XPH//span[@id='ui-dialog-title-mdDialog']
[INFO ][2016-02-03 12:38:22,289][com.java.SeleniumDriver] [  907] - DataValue : Copy To Budget
[INFO ][2016-02-03 12:38:22,289][com.java.SeleniumDriver] [  913] - <In Set values of the page>
[INFO ][2016-02-03 12:38:22,289][com.java.SeleniumDriver] [  916] - {Data Fields & Data Values Exist}
[INFO ][2016-02-03 12:38:22,289][com.java.SeleniumDriver] [  918] - --------------------------setting values-----------------------------
[INFO ][2016-02-03 12:38:22,289][com.java.SeleniumDriver] [  921] - Action Type : VERIFY
[INFO ][2016-02-03 12:38:22,290][com.java.TestType] [ 8173] - field= XPH//span[@id='ui-dialog-title-mdDialog'] value= Copy To Budget
[INFO ][2016-02-03 12:38:22,290][com.java.TestType] [ 6562] - value = Copy To Budget
[INFO ][2016-02-03 12:38:22,398][com.java.SeleniumDriver] [  930] -  RESULT true
[INFO ][2016-02-03 12:38:22,398][com.java.SeleniumDriver] [ 1136] - ?   P A S S   ?
[INFO ][2016-02-03 12:38:22,398][com.java.SeleniumDriver] [  856] - ------------------------------------------
[INFO ][2016-02-03 12:38:22,398][com.java.SeleniumDriver] [  857] - Test case being Executed: 5
[INFO ][2016-02-03 12:38:22,398][com.java.SeleniumDriver] [  869] - Test step:26
[INFO ][2016-02-03 12:38:22,398][com.java.SeleniumDriver] [  881] - Datavalue is----------null
[DEBUG][2016-02-03 12:38:22,398][com.java.SeleniumDriver] [  899] - Exception: null
[INFO ][2016-02-03 12:38:22,399][com.java.SeleniumDriver] [  905] - DataField : BTNframeDialogContent
[INFO ][2016-02-03 12:38:22,399][com.java.SeleniumDriver] [  907] - DataValue : 
[INFO ][2016-02-03 12:38:22,399][com.java.SeleniumDriver] [  913] - <In Set values of the page>
[INFO ][2016-02-03 12:38:22,399][com.java.SeleniumDriver] [  916] - {Data Fields & Data Values Exist}
[INFO ][2016-02-03 12:38:22,399][com.java.SeleniumDriver] [  918] - --------------------------setting values-----------------------------
[INFO ][2016-02-03 12:38:22,399][com.java.SeleniumDriver] [  921] - Action Type : SELECTFRAME
[INFO ][2016-02-03 12:38:23,586][com.java.SeleniumDriver] [  930] -  RESULT true
[INFO ][2016-02-03 12:38:23,586][com.java.SeleniumDriver] [ 1136] - ?   P A S S   ?
[INFO ][2016-02-03 12:38:23,586][com.java.SeleniumDriver] [  856] - ------------------------------------------
[INFO ][2016-02-03 12:38:23,586][com.java.SeleniumDriver] [  857] - Test case being Executed: 5
[INFO ][2016-02-03 12:38:23,586][com.java.SeleniumDriver] [  869] - Test step:27
[INFO ][2016-02-03 12:38:23,587][com.java.SeleniumDriver] [  881] - Datavalue is----------index:1
[INFO ][2016-02-03 12:38:23,587][com.java.SeleniumDriver] [  905] - DataField : COBddlBudgetYear
[INFO ][2016-02-03 12:38:23,587][com.java.SeleniumDriver] [  907] - DataValue : index:1
[INFO ][2016-02-03 12:38:23,587][com.java.SeleniumDriver] [  913] - <In Set values of the page>
[INFO ][2016-02-03 12:38:23,587][com.java.SeleniumDriver] [  916] - {Data Fields & Data Values Exist}
[INFO ][2016-02-03 12:38:23,587][com.java.SeleniumDriver] [  918] - --------------------------setting values-----------------------------
[INFO ][2016-02-03 12:38:23,587][com.java.SeleniumDriver] [  921] - Action Type : SELECT
[INFO ][2016-02-03 12:38:23,587][com.java.TestType] [ 6562] - value = 1
[INFO ][2016-02-03 12:38:24,696][com.java.TestType] [ 6680] -  In COB ddlBudgetYear : 1
[INFO ][2016-02-03 12:38:24,837][com.java.SeleniumDriver] [  930] -  RESULT true
[INFO ][2016-02-03 12:38:24,837][com.java.SeleniumDriver] [ 1136] - ?   P A S S   ?
[INFO ][2016-02-03 12:38:24,837][com.java.SeleniumDriver] [  856] - ------------------------------------------
[INFO ][2016-02-03 12:38:24,837][com.java.SeleniumDriver] [  857] - Test case being Executed: 5
[INFO ][2016-02-03 12:38:24,837][com.java.SeleniumDriver] [  869] - Test step:28
[INFO ][2016-02-03 12:38:24,837][com.java.SeleniumDriver] [  881] - Datavalue is----------null
[DEBUG][2016-02-03 12:38:24,837][com.java.SeleniumDriver] [  899] - Exception: null
[INFO ][2016-02-03 12:38:24,837][com.java.SeleniumDriver] [  905] - DataField : HDNbtnCopyToBudget
[INFO ][2016-02-03 12:38:24,838][com.java.SeleniumDriver] [  907] - DataValue : 
[INFO ][2016-02-03 12:38:24,838][com.java.SeleniumDriver] [  913] - <In Set values of the page>
[INFO ][2016-02-03 12:38:24,838][com.java.SeleniumDriver] [  916] - {Data Fields & Data Values Exist}
[INFO ][2016-02-03 12:38:24,838][com.java.SeleniumDriver] [  918] - --------------------------setting values-----------------------------
[INFO ][2016-02-03 12:38:24,838][com.java.SeleniumDriver] [  921] - Action Type : CLICK
[INFO ][2016-02-03 12:38:24,838][com.java.TestType] [ 6941] - Field ::HDNbtnCopyToBudget
[INFO ][2016-02-03 12:38:24,838][com.java.TestType] [ 6562] - value = 
[INFO ][2016-02-03 12:38:27,237][com.java.SeleniumDriver] [  930] -  RESULT true
[INFO ][2016-02-03 12:38:27,237][com.java.SeleniumDriver] [ 1136] - ?   P A S S   ?
[INFO ][2016-02-03 12:38:27,238][com.java.SeleniumDriver] [  856] - ------------------------------------------
[INFO ][2016-02-03 12:38:27,238][com.java.SeleniumDriver] [  857] - Test case being Executed: 5
[INFO ][2016-02-03 12:38:27,238][com.java.SeleniumDriver] [  869] - Test step:29
[INFO ][2016-02-03 12:38:27,238][com.java.SeleniumDriver] [  881] - Datavalue is----------2
[INFO ][2016-02-03 12:38:27,238][com.java.SeleniumDriver] [  905] - DataField : null
[INFO ][2016-02-03 12:38:27,238][com.java.SeleniumDriver] [  907] - DataValue : 2
[INFO ][2016-02-03 12:38:27,238][com.java.SeleniumDriver] [  913] - <In Set values of the page>
[INFO ][2016-02-03 12:38:27,238][com.java.SeleniumDriver] [  916] - {Data Fields & Data Values Exist}
[INFO ][2016-02-03 12:38:27,238][com.java.SeleniumDriver] [  918] - --------------------------setting values-----------------------------
[INFO ][2016-02-03 12:38:27,238][com.java.SeleniumDriver] [  921] - Action Type : WAITTIME
[DEBUG][2016-02-03 12:38:27,238][com.java.TestType] [ 6376] - sleepTime: 2000
[INFO ][2016-02-03 12:38:29,238][com.java.SeleniumDriver] [  930] -  RESULT true
[INFO ][2016-02-03 12:38:29,238][com.java.SeleniumDriver] [ 1136] - ?   P A S S   ?
[INFO ][2016-02-03 12:38:29,238][com.java.SeleniumDriver] [  856] - ------------------------------------------
[INFO ][2016-02-03 12:38:29,238][com.java.SeleniumDriver] [  857] - Test case being Executed: 5
[INFO ][2016-02-03 12:38:29,238][com.java.SeleniumDriver] [  869] - Test step:30
[INFO ][2016-02-03 12:38:29,238][com.java.SeleniumDriver] [  881] - Datavalue is----------null
[DEBUG][2016-02-03 12:38:29,238][com.java.SeleniumDriver] [  899] - Exception: null
[INFO ][2016-02-03 12:38:29,238][com.java.SeleniumDriver] [  905] - DataField : BTNParent
[INFO ][2016-02-03 12:38:29,238][com.java.SeleniumDriver] [  907] - DataValue : 
[INFO ][2016-02-03 12:38:29,238][com.java.SeleniumDriver] [  913] - <In Set values of the page>
[INFO ][2016-02-03 12:38:29,238][com.java.SeleniumDriver] [  916] - {Data Fields & Data Values Exist}
[INFO ][2016-02-03 12:38:29,239][com.java.SeleniumDriver] [  918] - --------------------------setting values-----------------------------
[INFO ][2016-02-03 12:38:29,239][com.java.SeleniumDriver] [  921] - Action Type : SELECTFRAME
[INFO ][2016-02-03 12:38:29,256][com.java.SeleniumDriver] [  930] -  RESULT true
[INFO ][2016-02-03 12:38:29,256][com.java.SeleniumDriver] [ 1136] - ?   P A S S   ?
[INFO ][2016-02-03 12:38:29,256][com.java.SeleniumDriver] [  856] - ------------------------------------------
[INFO ][2016-02-03 12:38:29,257][com.java.SeleniumDriver] [  857] - Test case being Executed: 5
[INFO ][2016-02-03 12:38:29,257][com.java.SeleniumDriver] [  869] - Test step:31
[INFO ][2016-02-03 12:38:29,257][com.java.SeleniumDriver] [  881] - Datavalue is----------Copy To Budget in Progress
[INFO ][2016-02-03 12:38:29,257][com.java.SeleniumDriver] [  905] - DataField : XPH//span[@id='ui-dialog-title-mdDialog']
[INFO ][2016-02-03 12:38:29,257][com.java.SeleniumDriver] [  907] - DataValue : Copy To Budget in Progress
[INFO ][2016-02-03 12:38:29,257][com.java.SeleniumDriver] [  913] - <In Set values of the page>
[INFO ][2016-02-03 12:38:29,257][com.java.SeleniumDriver] [  916] - {Data Fields & Data Values Exist}
[INFO ][2016-02-03 12:38:29,257][com.java.SeleniumDriver] [  918] - --------------------------setting values-----------------------------
[INFO ][2016-02-03 12:38:29,257][com.java.SeleniumDriver] [  921] - Action Type : VERIFY
[INFO ][2016-02-03 12:38:29,257][com.java.TestType] [ 8173] - field= XPH//span[@id='ui-dialog-title-mdDialog'] value= Copy To Budget in Progress
[INFO ][2016-02-03 12:38:29,257][com.java.TestType] [ 6562] - value = Copy To Budget in Progress
[INFO ][2016-02-03 12:38:29,364][com.java.SeleniumDriver] [  930] -  RESULT true
[INFO ][2016-02-03 12:38:29,364][com.java.SeleniumDriver] [ 1136] - ?   P A S S   ?
[INFO ][2016-02-03 12:38:29,364][com.java.SeleniumDriver] [  856] - ------------------------------------------
[INFO ][2016-02-03 12:38:29,364][com.java.SeleniumDriver] [  857] - Test case being Executed: 5
[INFO ][2016-02-03 12:38:29,364][com.java.SeleniumDriver] [  869] - Test step:32
[INFO ][2016-02-03 12:38:29,364][com.java.SeleniumDriver] [  881] - Datavalue is----------null
[DEBUG][2016-02-03 12:38:29,364][com.java.SeleniumDriver] [  899] - Exception: null
[INFO ][2016-02-03 12:38:29,365][com.java.SeleniumDriver] [  905] - DataField : BTNframeDialogContent
[INFO ][2016-02-03 12:38:29,365][com.java.SeleniumDriver] [  907] - DataValue : 
[INFO ][2016-02-03 12:38:29,365][com.java.SeleniumDriver] [  913] - <In Set values of the page>
[INFO ][2016-02-03 12:38:29,365][com.java.SeleniumDriver] [  916] - {Data Fields & Data Values Exist}
[INFO ][2016-02-03 12:38:29,365][com.java.SeleniumDriver] [  918] - --------------------------setting values-----------------------------
[INFO ][2016-02-03 12:38:29,365][com.java.SeleniumDriver] [  921] - Action Type : SELECTFRAME
[INFO ][2016-02-03 12:38:30,546][com.java.SeleniumDriver] [  930] -  RESULT true
[INFO ][2016-02-03 12:38:30,546][com.java.SeleniumDriver] [ 1136] - ?   P A S S   ?
[INFO ][2016-02-03 12:38:30,546][com.java.SeleniumDriver] [  856] - ------------------------------------------
[INFO ][2016-02-03 12:38:30,546][com.java.SeleniumDriver] [  857] - Test case being Executed: 5
[INFO ][2016-02-03 12:38:30,546][com.java.SeleniumDriver] [  869] - Test step:33
[INFO ][2016-02-03 12:38:30,546][com.java.SeleniumDriver] [  881] - Datavalue is----------Your project is now being processed.
[INFO ][2016-02-03 12:38:30,546][com.java.SeleniumDriver] [  905] - DataField : XPH//td[@id='lblEmail']
[INFO ][2016-02-03 12:38:30,546][com.java.SeleniumDriver] [  907] - DataValue : Your project is now being processed.
[INFO ][2016-02-03 12:38:30,547][com.java.SeleniumDriver] [  913] - <In Set values of the page>
[INFO ][2016-02-03 12:38:30,547][com.java.SeleniumDriver] [  916] - {Data Fields & Data Values Exist}
[INFO ][2016-02-03 12:38:30,547][com.java.SeleniumDriver] [  918] - --------------------------setting values-----------------------------
[INFO ][2016-02-03 12:38:30,547][com.java.SeleniumDriver] [  921] - Action Type : VERIFY
[INFO ][2016-02-03 12:38:30,547][com.java.TestType] [ 8173] - field= XPH//td[@id='lblEmail'] value= Your project is now being processed.
[INFO ][2016-02-03 12:38:30,547][com.java.TestType] [ 6562] - value = Your project is now being processed.
[INFO ][2016-02-03 12:38:30,613][com.java.SeleniumDriver] [  930] -  RESULT true
[INFO ][2016-02-03 12:38:30,613][com.java.SeleniumDriver] [ 1136] - ?   P A S S   ?
[INFO ][2016-02-03 12:38:30,613][com.java.SeleniumDriver] [  856] - ------------------------------------------
[INFO ][2016-02-03 12:38:30,613][com.java.SeleniumDriver] [  857] - Test case being Executed: 5
[INFO ][2016-02-03 12:38:30,613][com.java.SeleniumDriver] [  869] - Test step:34
[INFO ][2016-02-03 12:38:30,613][com.java.SeleniumDriver] [  881] - Datavalue is----------null
[DEBUG][2016-02-03 12:38:30,613][com.java.SeleniumDriver] [  899] - Exception: null
[INFO ][2016-02-03 12:38:30,613][com.java.SeleniumDriver] [  905] - DataField : HDNbtnClose
[INFO ][2016-02-03 12:38:30,613][com.java.SeleniumDriver] [  907] - DataValue : 
[INFO ][2016-02-03 12:38:30,614][com.java.SeleniumDriver] [  913] - <In Set values of the page>
[INFO ][2016-02-03 12:38:30,614][com.java.SeleniumDriver] [  916] - {Data Fields & Data Values Exist}
[INFO ][2016-02-03 12:38:30,614][com.java.SeleniumDriver] [  918] - --------------------------setting values-----------------------------
[INFO ][2016-02-03 12:38:30,614][com.java.SeleniumDriver] [  921] - Action Type : CLICK
[INFO ][2016-02-03 12:38:30,614][com.java.TestType] [ 6941] - Field ::HDNbtnClose
[INFO ][2016-02-03 12:38:30,614][com.java.TestType] [ 6562] - value = 
[INFO ][2016-02-03 12:38:32,740][com.java.SeleniumDriver] [  930] -  RESULT true
[INFO ][2016-02-03 12:38:32,740][com.java.SeleniumDriver] [ 1136] - ?   P A S S   ?
[INFO ][2016-02-03 12:38:32,740][com.java.SeleniumDriver] [  856] - ------------------------------------------
[INFO ][2016-02-03 12:38:32,740][com.java.SeleniumDriver] [  857] - Test case being Executed: 5
[INFO ][2016-02-03 12:38:32,740][com.java.SeleniumDriver] [  869] - Test step:35
[INFO ][2016-02-03 12:38:32,740][com.java.SeleniumDriver] [  881] - Datavalue is----------null
[DEBUG][2016-02-03 12:38:32,740][com.java.SeleniumDriver] [  899] - Exception: null
[INFO ][2016-02-03 12:38:32,741][com.java.SeleniumDriver] [  905] - DataField : BTNParent
[INFO ][2016-02-03 12:38:32,741][com.java.SeleniumDriver] [  907] - DataValue : 
[INFO ][2016-02-03 12:38:32,741][com.java.SeleniumDriver] [  913] - <In Set values of the page>
[INFO ][2016-02-03 12:38:32,741][com.java.SeleniumDriver] [  916] - {Data Fields & Data Values Exist}
[INFO ][2016-02-03 12:38:32,741][com.java.SeleniumDriver] [  918] - --------------------------setting values-----------------------------
[INFO ][2016-02-03 12:38:32,741][com.java.SeleniumDriver] [  921] - Action Type : SELECTFRAME
[INFO ][2016-02-03 12:38:32,756][com.java.SeleniumDriver] [  930] -  RESULT true
[INFO ][2016-02-03 12:38:32,756][com.java.SeleniumDriver] [ 1136] - ?   P A S S   ?
[INFO ][2016-02-03 12:38:32,756][com.java.SeleniumDriver] [  856] - ------------------------------------------
[INFO ][2016-02-03 12:38:32,756][com.java.SeleniumDriver] [  857] - Test case being Executed: 5
[INFO ][2016-02-03 12:38:32,756][com.java.SeleniumDriver] [  869] - Test step:36
[INFO ][2016-02-03 12:38:32,756][com.java.SeleniumDriver] [  881] - Datavalue is----------null
[DEBUG][2016-02-03 12:38:32,756][com.java.SeleniumDriver] [  899] - Exception: null
[INFO ][2016-02-03 12:38:32,756][com.java.SeleniumDriver] [  905] - DataField : HDNmenuTools
[INFO ][2016-02-03 12:38:32,757][com.java.SeleniumDriver] [  907] - DataValue : 
[INFO ][2016-02-03 12:38:32,757][com.java.SeleniumDriver] [  913] - <In Set values of the page>
[INFO ][2016-02-03 12:38:32,757][com.java.SeleniumDriver] [  916] - {Data Fields & Data Values Exist}
[INFO ][2016-02-03 12:38:32,757][com.java.SeleniumDriver] [  918] - --------------------------setting values-----------------------------
[INFO ][2016-02-03 12:38:32,757][com.java.SeleniumDriver] [  921] - Action Type : CLICK
[INFO ][2016-02-03 12:38:32,757][com.java.TestType] [ 6941] - Field ::HDNmenuTools
[INFO ][2016-02-03 12:38:32,757][com.java.TestType] [ 6562] - value = 
[INFO ][2016-02-03 12:38:34,930][com.java.SeleniumDriver] [  930] -  RESULT true
[INFO ][2016-02-03 12:38:34,930][com.java.SeleniumDriver] [ 1136] - ?   P A S S   ?
[INFO ][2016-02-03 12:38:34,930][com.java.SeleniumDriver] [  856] - ------------------------------------------
[INFO ][2016-02-03 12:38:34,930][com.java.SeleniumDriver] [  857] - Test case being Executed: 5
[INFO ][2016-02-03 12:38:34,930][com.java.SeleniumDriver] [  869] - Test step:37
[INFO ][2016-02-03 12:38:34,930][com.java.SeleniumDriver] [  881] - Datavalue is----------10
[INFO ][2016-02-03 12:38:34,930][com.java.SeleniumDriver] [  905] - DataField : DSPmenuProjectOptions
[INFO ][2016-02-03 12:38:34,930][com.java.SeleniumDriver] [  907] - DataValue : 10
[INFO ][2016-02-03 12:38:34,930][com.java.SeleniumDriver] [  913] - <In Set values of the page>
[INFO ][2016-02-03 12:38:34,930][com.java.SeleniumDriver] [  916] - {Data Fields & Data Values Exist}
[INFO ][2016-02-03 12:38:34,932][com.java.SeleniumDriver] [  918] - --------------------------setting values-----------------------------
[INFO ][2016-02-03 12:38:34,932][com.java.SeleniumDriver] [  921] - Action Type : WAITFORELEMENT
[INFO ][2016-02-03 12:38:36,147][com.java.SeleniumDriver] [  930] -  RESULT true
[INFO ][2016-02-03 12:38:36,147][com.java.SeleniumDriver] [ 1136] - ?   P A S S   ?
[INFO ][2016-02-03 12:38:36,147][com.java.SeleniumDriver] [  856] - ------------------------------------------
[INFO ][2016-02-03 12:38:36,147][com.java.SeleniumDriver] [  857] - Test case being Executed: 5
[INFO ][2016-02-03 12:38:36,147][com.java.SeleniumDriver] [  869] - Test step:38
[INFO ][2016-02-03 12:38:36,148][com.java.SeleniumDriver] [  881] - Datavalue is----------null
[DEBUG][2016-02-03 12:38:36,148][com.java.SeleniumDriver] [  899] - Exception: null
[INFO ][2016-02-03 12:38:36,148][com.java.SeleniumDriver] [  905] - DataField : HDNmenuProjectOptions
[INFO ][2016-02-03 12:38:36,148][com.java.SeleniumDriver] [  907] - DataValue : 
[INFO ][2016-02-03 12:38:36,148][com.java.SeleniumDriver] [  913] - <In Set values of the page>
[INFO ][2016-02-03 12:38:36,148][com.java.SeleniumDriver] [  916] - {Data Fields & Data Values Exist}
[INFO ][2016-02-03 12:38:36,148][com.java.SeleniumDriver] [  918] - --------------------------setting values-----------------------------
[INFO ][2016-02-03 12:38:36,148][com.java.SeleniumDriver] [  921] - Action Type : CLICK
[INFO ][2016-02-03 12:38:36,148][com.java.TestType] [ 6941] - Field ::HDNmenuProjectOptions
[INFO ][2016-02-03 12:38:36,148][com.java.TestType] [ 6562] - value = 
[INFO ][2016-02-03 12:38:38,349][com.java.SeleniumDriver] [  930] -  RESULT true
[INFO ][2016-02-03 12:38:38,349][com.java.SeleniumDriver] [ 1136] - ?   P A S S   ?
[INFO ][2016-02-03 12:38:38,349][com.java.SeleniumDriver] [  856] - ------------------------------------------
[INFO ][2016-02-03 12:38:38,349][com.java.SeleniumDriver] [  857] - Test case being Executed: 5
[INFO ][2016-02-03 12:38:38,349][com.java.SeleniumDriver] [  869] - Test step:39
[INFO ][2016-02-03 12:38:38,349][com.java.SeleniumDriver] [  881] - Datavalue is----------null
[DEBUG][2016-02-03 12:38:38,349][com.java.SeleniumDriver] [  899] - Exception: null
[INFO ][2016-02-03 12:38:38,349][com.java.SeleniumDriver] [  905] - DataField : BTNframeDialogContent
[INFO ][2016-02-03 12:38:38,349][com.java.SeleniumDriver] [  907] - DataValue : 
[INFO ][2016-02-03 12:38:38,349][com.java.SeleniumDriver] [  913] - <In Set values of the page>
[INFO ][2016-02-03 12:38:38,349][com.java.SeleniumDriver] [  916] - {Data Fields & Data Values Exist}
[INFO ][2016-02-03 12:38:38,350][com.java.SeleniumDriver] [  918] - --------------------------setting values-----------------------------
[INFO ][2016-02-03 12:38:38,350][com.java.SeleniumDriver] [  921] - Action Type : SELECTFRAME
[INFO ][2016-02-03 12:38:40,279][com.java.SeleniumDriver] [  930] -  RESULT true
[INFO ][2016-02-03 12:38:40,279][com.java.SeleniumDriver] [ 1136] - ?   P A S S   ?
[INFO ][2016-02-03 12:38:40,279][com.java.SeleniumDriver] [  856] - ------------------------------------------
[INFO ][2016-02-03 12:38:40,280][com.java.SeleniumDriver] [  857] - Test case being Executed: 5
[INFO ][2016-02-03 12:38:40,280][com.java.SeleniumDriver] [  869] - Test step:40
[INFO ][2016-02-03 12:38:40,280][com.java.SeleniumDriver] [  881] - Datavalue is----------10
[INFO ][2016-02-03 12:38:40,280][com.java.SeleniumDriver] [  905] - DataField : DSP//li[text()='Project History']
[INFO ][2016-02-03 12:38:40,280][com.java.SeleniumDriver] [  907] - DataValue : 10
[INFO ][2016-02-03 12:38:40,280][com.java.SeleniumDriver] [  913] - <In Set values of the page>
[INFO ][2016-02-03 12:38:40,280][com.java.SeleniumDriver] [  916] - {Data Fields & Data Values Exist}
[INFO ][2016-02-03 12:38:40,280][com.java.SeleniumDriver] [  918] - --------------------------setting values-----------------------------
[INFO ][2016-02-03 12:38:40,280][com.java.SeleniumDriver] [  921] - Action Type : WAITFORELEMENT
[INFO ][2016-02-03 12:38:40,360][com.java.SeleniumDriver] [  930] -  RESULT true
[INFO ][2016-02-03 12:38:40,360][com.java.SeleniumDriver] [ 1136] - ?   P A S S   ?
[INFO ][2016-02-03 12:38:40,360][com.java.SeleniumDriver] [  856] - ------------------------------------------
[INFO ][2016-02-03 12:38:40,360][com.java.SeleniumDriver] [  857] - Test case being Executed: 5
[INFO ][2016-02-03 12:38:40,360][com.java.SeleniumDriver] [  869] - Test step:41
[INFO ][2016-02-03 12:38:40,360][com.java.SeleniumDriver] [  881] - Datavalue is----------null
[DEBUG][2016-02-03 12:38:40,360][com.java.SeleniumDriver] [  899] - Exception: null
[INFO ][2016-02-03 12:38:40,360][com.java.SeleniumDriver] [  905] - DataField : XPH//li[text()='Project History']
[INFO ][2016-02-03 12:38:40,360][com.java.SeleniumDriver] [  907] - DataValue : 
[INFO ][2016-02-03 12:38:40,360][com.java.SeleniumDriver] [  913] - <In Set values of the page>
[INFO ][2016-02-03 12:38:40,360][com.java.SeleniumDriver] [  916] - {Data Fields & Data Values Exist}
[INFO ][2016-02-03 12:38:40,361][com.java.SeleniumDriver] [  918] - --------------------------setting values-----------------------------
[INFO ][2016-02-03 12:38:40,361][com.java.SeleniumDriver] [  921] - Action Type : CLICK
[INFO ][2016-02-03 12:38:40,361][com.java.TestType] [ 6941] - Field ::XPH//li[text()='Project History']
[INFO ][2016-02-03 12:38:40,361][com.java.TestType] [ 6562] - value = 
[INFO ][2016-02-03 12:38:41,361][com.java.TestType] [ 7114] - BEFORE CLICK
[INFO ][2016-02-03 12:38:42,113][com.java.TestType] [ 7122] - Unable to click the object ProjectHistory
[INFO ][2016-02-03 12:38:42,113][com.java.SeleniumDriver] [  930] -  RESULT true
[INFO ][2016-02-03 12:38:42,113][com.java.SeleniumDriver] [ 1136] - ?   P A S S   ?
[INFO ][2016-02-03 12:38:42,113][com.java.SeleniumDriver] [  856] - ------------------------------------------
[INFO ][2016-02-03 12:38:42,113][com.java.SeleniumDriver] [  857] - Test case being Executed: 5
[INFO ][2016-02-03 12:38:42,113][com.java.SeleniumDriver] [  869] - Test step:42
[INFO ][2016-02-03 12:38:42,113][com.java.SeleniumDriver] [  881] - Datavalue is----------//span[text()='Copy to Budget']
[INFO ][2016-02-03 12:38:42,113][com.java.SeleniumDriver] [  905] - DataField : BTN
[INFO ][2016-02-03 12:38:42,113][com.java.SeleniumDriver] [  907] - DataValue : //span[text()='Copy to Budget']
[INFO ][2016-02-03 12:38:42,113][com.java.SeleniumDriver] [  913] - <In Set values of the page>
[INFO ][2016-02-03 12:38:42,113][com.java.SeleniumDriver] [  916] - {Data Fields & Data Values Exist}
[INFO ][2016-02-03 12:38:42,113][com.java.SeleniumDriver] [  918] - --------------------------setting values-----------------------------
[INFO ][2016-02-03 12:38:42,114][com.java.SeleniumDriver] [  921] - Action Type : VERIFY
[INFO ][2016-02-03 12:38:42,114][com.java.TestType] [ 8173] - field= BTN value= //span[text()='Copy to Budget']
[INFO ][2016-02-03 12:38:42,114][com.java.TestType] [ 6562] - value = //span[text()='Copy to Budget']
[INFO ][2016-02-03 12:38:42,154][com.java.SeleniumDriver] [  930] -  RESULT true
[INFO ][2016-02-03 12:38:42,154][com.java.SeleniumDriver] [ 1136] - ?   P A S S   ?
[INFO ][2016-02-03 12:38:42,154][com.java.SeleniumDriver] [  856] - ------------------------------------------
[INFO ][2016-02-03 12:38:42,154][com.java.SeleniumDriver] [  857] - Test case being Executed: 5
[INFO ][2016-02-03 12:38:42,154][com.java.SeleniumDriver] [  869] - Test step:43
[INFO ][2016-02-03 12:38:42,154][com.java.SeleniumDriver] [  881] - Datavalue is----------null
[DEBUG][2016-02-03 12:38:42,155][com.java.SeleniumDriver] [  899] - Exception: null
[INFO ][2016-02-03 12:38:42,155][com.java.SeleniumDriver] [  905] - DataField : BTNParent
[INFO ][2016-02-03 12:38:42,155][com.java.SeleniumDriver] [  907] - DataValue : 
[INFO ][2016-02-03 12:38:42,155][com.java.SeleniumDriver] [  913] - <In Set values of the page>
[INFO ][2016-02-03 12:38:42,155][com.java.SeleniumDriver] [  916] - {Data Fields & Data Values Exist}
[INFO ][2016-02-03 12:38:42,155][com.java.SeleniumDriver] [  918] - --------------------------setting values-----------------------------
[INFO ][2016-02-03 12:38:42,155][com.java.SeleniumDriver] [  921] - Action Type : SELECTFRAME
[INFO ][2016-02-03 12:38:42,170][com.java.SeleniumDriver] [  930] -  RESULT true
[INFO ][2016-02-03 12:38:42,170][com.java.SeleniumDriver] [ 1136] - ?   P A S S   ?
[INFO ][2016-02-03 12:38:42,170][com.java.SeleniumDriver] [  856] - ------------------------------------------
[INFO ][2016-02-03 12:38:42,170][com.java.SeleniumDriver] [  857] - Test case being Executed: 5
[INFO ][2016-02-03 12:38:42,171][com.java.SeleniumDriver] [  869] - Test step:44
[INFO ][2016-02-03 12:38:42,171][com.java.SeleniumDriver] [  881] - Datavalue is----------Forecasting 
[INFO ][2016-02-03 12:38:42,171][com.java.SeleniumDriver] [  905] - DataField : TTL
[INFO ][2016-02-03 12:38:42,171][com.java.SeleniumDriver] [  907] - DataValue : Forecasting 
[INFO ][2016-02-03 12:38:42,171][com.java.SeleniumDriver] [  913] - <In Set values of the page>
[INFO ][2016-02-03 12:38:42,171][com.java.SeleniumDriver] [  916] - {Data Fields & Data Values Exist}
[INFO ][2016-02-03 12:38:42,171][com.java.SeleniumDriver] [  918] - --------------------------setting values-----------------------------
[INFO ][2016-02-03 12:38:42,171][com.java.SeleniumDriver] [  921] - Action Type : CLOSEWINDOW
[INFO ][2016-02-03 12:38:42,504][com.java.SeleniumDriver] [  930] -  RESULT true
[INFO ][2016-02-03 12:38:42,504][com.java.SeleniumDriver] [ 1136] - ?   P A S S   ?
[INFO ][2016-02-03 12:38:42,504][com.java.SeleniumDriver] [  856] - ------------------------------------------
[INFO ][2016-02-03 12:38:42,504][com.java.SeleniumDriver] [  857] - Test case being Executed: 5
[INFO ][2016-02-03 12:38:42,504][com.java.SeleniumDriver] [  869] - Test step:45
[INFO ][2016-02-03 12:38:42,504][com.java.SeleniumDriver] [  881] - Datavalue is----------Banker'sDashboard
[INFO ][2016-02-03 12:38:42,504][com.java.SeleniumDriver] [  905] - DataField : TTL
[INFO ][2016-02-03 12:38:42,504][com.java.SeleniumDriver] [  907] - DataValue : Banker'sDashboard
[INFO ][2016-02-03 12:38:42,505][com.java.SeleniumDriver] [  913] - <In Set values of the page>
[INFO ][2016-02-03 12:38:42,505][com.java.SeleniumDriver] [  916] - {Data Fields & Data Values Exist}
[INFO ][2016-02-03 12:38:42,505][com.java.SeleniumDriver] [  918] - --------------------------setting values-----------------------------
[INFO ][2016-02-03 12:38:42,505][com.java.SeleniumDriver] [  921] - Action Type : SelectWindow
[INFO ][2016-02-03 12:38:54,701][com.java.SeleniumDriver] [  930] -  RESULT true
[INFO ][2016-02-03 12:38:54,701][com.java.SeleniumDriver] [ 1136] - ?   P A S S   ?
[INFO ][2016-02-03 12:38:54,701][com.java.SeleniumDriver] [  856] - ------------------------------------------
[INFO ][2016-02-03 12:38:54,701][com.java.SeleniumDriver] [  857] - Test case being Executed: 5
[INFO ][2016-02-03 12:38:54,701][com.java.SeleniumDriver] [  869] - Test step:46
[INFO ][2016-02-03 12:38:54,701][com.java.SeleniumDriver] [  881] - Datavalue is----------1
[INFO ][2016-02-03 12:38:54,702][com.java.SeleniumDriver] [  905] - DataField : null
[INFO ][2016-02-03 12:38:54,702][com.java.SeleniumDriver] [  907] - DataValue : 1
[INFO ][2016-02-03 12:38:54,702][com.java.SeleniumDriver] [  913] - <In Set values of the page>
[INFO ][2016-02-03 12:38:54,702][com.java.SeleniumDriver] [  916] - {Data Fields & Data Values Exist}
[INFO ][2016-02-03 12:38:54,702][com.java.SeleniumDriver] [  918] - --------------------------setting values-----------------------------
[INFO ][2016-02-03 12:38:54,702][com.java.SeleniumDriver] [  921] - Action Type : WAITTIME
[DEBUG][2016-02-03 12:38:54,702][com.java.TestType] [ 6376] - sleepTime: 1000
[INFO ][2016-02-03 12:38:55,702][com.java.SeleniumDriver] [  930] -  RESULT true
[INFO ][2016-02-03 12:38:55,702][com.java.SeleniumDriver] [ 1136] - ?   P A S S   ?
[DEBUG][2016-02-03 12:38:55,702][com.java.SeleniumDriver] [ 1248] - Case found
[DEBUG][2016-02-03 12:38:55,702][com.java.SeleniumDriver] [ 1253] - Incrementing ReportCounters[0]:5
[INFO ][2016-02-03 12:38:55,702][com.java.SeleniumDriver] [ 1272] - The results are-------------------[5, 1, Copy to Budget, Pass, , Wed Feb 03 12:36:51 IST 2016, 5, 3, Copy to Budget, Pass, , Wed Feb 03 12:36:56 IST 2016, 5, 4, Copy to Budget, Pass, , Wed Feb 03 12:36:56 IST 2016, 5, 5, Copy to Budget, Pass, , Wed Feb 03 12:36:56 IST 2016, 5, 6, Copy to Budget, Pass, , Wed Feb 03 12:37:35 IST 2016, 5, 7, Copy to Budget, Pass, , Wed Feb 03 12:37:40 IST 2016, 5, 8, Copy to Budget, Pass, , Wed Feb 03 12:37:53 IST 2016, 5, 9, Copy to Budget, Pass, , Wed Feb 03 12:37:53 IST 2016, 5, 10, Copy to Budget, Pass, , Wed Feb 03 12:37:53 IST 2016, 5, 11, Copy to Budget, Pass, , Wed Feb 03 12:37:54 IST 2016, 5, 12, Copy to Budget, Pass, , Wed Feb 03 12:37:55 IST 2016, 5, 13, Copy to Budget, Pass, , Wed Feb 03 12:37:57 IST 2016, 5, 14, Copy to Budget, Pass, , Wed Feb 03 12:37:58 IST 2016, 5, 15, Copy to Budget, Pass, , Wed Feb 03 12:38:02 IST 2016, 5, 16, Copy to Budget, Pass, , Wed Feb 03 12:38:04 IST 2016, 5, 17, Copy to Budget, Pass, , Wed Feb 03 12:38:04 IST 2016, 5, 18, Copy to Budget, Pass, , Wed Feb 03 12:38:04 IST 2016, 5, 19, Copy to Budget, Pass, , Wed Feb 03 12:38:14 IST 2016, 5, 20, Copy to Budget, Pass, , Wed Feb 03 12:38:14 IST 2016, 5, 21, Copy to Budget, Pass, , Wed Feb 03 12:38:16 IST 2016, 5, 22, Copy to Budget, Pass, , Wed Feb 03 12:38:18 IST 2016, 5, 23, Copy to Budget, Pass, , Wed Feb 03 12:38:20 IST 2016, 5, 24, Copy to Budget, Pass, , Wed Feb 03 12:38:22 IST 2016, 5, 25, Copy to Budget, Pass, , Wed Feb 03 12:38:22 IST 2016, 5, 26, Copy to Budget, Pass, , Wed Feb 03 12:38:23 IST 2016, 5, 27, Copy to Budget, Pass, , Wed Feb 03 12:38:24 IST 2016, 5, 28, Copy to Budget, Pass, , Wed Feb 03 12:38:27 IST 2016, 5, 29, Copy to Budget, Pass, , Wed Feb 03 12:38:29 IST 2016, 5, 30, Copy to Budget, Pass, , Wed Feb 03 12:38:29 IST 2016, 5, 31, Copy to Budget, Pass, , Wed Feb 03 12:38:29 IST 2016, 5, 32, Copy to Budget, Pass, , Wed Feb 03 12:38:30 IST 2016, 5, 33, Copy to Budget, Pass, , Wed Feb 03 12:38:30 IST 2016, 5, 34, Copy to Budget, Pass, , Wed Feb 03 12:38:32 IST 2016, 5, 35, Copy to Budget, Pass, , Wed Feb 03 12:38:32 IST 2016, 5, 36, Copy to Budget, Pass, , Wed Feb 03 12:38:34 IST 2016, 5, 37, Copy to Budget, Pass, , Wed Feb 03 12:38:36 IST 2016, 5, 38, Copy to Budget, Pass, , Wed Feb 03 12:38:38 IST 2016, 5, 39, Copy to Budget, Pass, , Wed Feb 03 12:38:40 IST 2016, 5, 40, Copy to Budget, Pass, , Wed Feb 03 12:38:40 IST 2016, 5, 41, Copy to Budget, Pass, , Wed Feb 03 12:38:42 IST 2016, 5, 42, Copy to Budget, Pass, , Wed Feb 03 12:38:42 IST 2016, 5, 43, Copy to Budget, Pass, , Wed Feb 03 12:38:42 IST 2016, 5, 44, Copy to Budget, Pass, , Wed Feb 03 12:38:42 IST 2016, 5, 45, Copy to Budget, Pass, , Wed Feb 03 12:38:54 IST 2016, 5, 46, Copy to Budget, Pass, , Wed Feb 03 12:38:55 IST 2016]
[INFO ][2016-02-03 12:38:55,702][com.java.SeleniumDriver] [ 1276] - End time is-------17 min 9 sec
[INFO ][2016-02-03 12:38:55,702][com.java.SeleniumDriver] [ 1277] - The results are-------------------[5, 1, Copy to Budget, Pass, , Wed Feb 03 12:36:51 IST 2016, 5, 3, Copy to Budget, Pass, , Wed Feb 03 12:36:56 IST 2016, 5, 4, Copy to Budget, Pass, , Wed Feb 03 12:36:56 IST 2016, 5, 5, Copy to Budget, Pass, , Wed Feb 03 12:36:56 IST 2016, 5, 6, Copy to Budget, Pass, , Wed Feb 03 12:37:35 IST 2016, 5, 7, Copy to Budget, Pass, , Wed Feb 03 12:37:40 IST 2016, 5, 8, Copy to Budget, Pass, , Wed Feb 03 12:37:53 IST 2016, 5, 9, Copy to Budget, Pass, , Wed Feb 03 12:37:53 IST 2016, 5, 10, Copy to Budget, Pass, , Wed Feb 03 12:37:53 IST 2016, 5, 11, Copy to Budget, Pass, , Wed Feb 03 12:37:54 IST 2016, 5, 12, Copy to Budget, Pass, , Wed Feb 03 12:37:55 IST 2016, 5, 13, Copy to Budget, Pass, , Wed Feb 03 12:37:57 IST 2016, 5, 14, Copy to Budget, Pass, , Wed Feb 03 12:37:58 IST 2016, 5, 15, Copy to Budget, Pass, , Wed Feb 03 12:38:02 IST 2016, 5, 16, Copy to Budget, Pass, , Wed Feb 03 12:38:04 IST 2016, 5, 17, Copy to Budget, Pass, , Wed Feb 03 12:38:04 IST 2016, 5, 18, Copy to Budget, Pass, , Wed Feb 03 12:38:04 IST 2016, 5, 19, Copy to Budget, Pass, , Wed Feb 03 12:38:14 IST 2016, 5, 20, Copy to Budget, Pass, , Wed Feb 03 12:38:14 IST 2016, 5, 21, Copy to Budget, Pass, , Wed Feb 03 12:38:16 IST 2016, 5, 22, Copy to Budget, Pass, , Wed Feb 03 12:38:18 IST 2016, 5, 23, Copy to Budget, Pass, , Wed Feb 03 12:38:20 IST 2016, 5, 24, Copy to Budget, Pass, , Wed Feb 03 12:38:22 IST 2016, 5, 25, Copy to Budget, Pass, , Wed Feb 03 12:38:22 IST 2016, 5, 26, Copy to Budget, Pass, , Wed Feb 03 12:38:23 IST 2016, 5, 27, Copy to Budget, Pass, , Wed Feb 03 12:38:24 IST 2016, 5, 28, Copy to Budget, Pass, , Wed Feb 03 12:38:27 IST 2016, 5, 29, Copy to Budget, Pass, , Wed Feb 03 12:38:29 IST 2016, 5, 30, Copy to Budget, Pass, , Wed Feb 03 12:38:29 IST 2016, 5, 31, Copy to Budget, Pass, , Wed Feb 03 12:38:29 IST 2016, 5, 32, Copy to Budget, Pass, , Wed Feb 03 12:38:30 IST 2016, 5, 33, Copy to Budget, Pass, , Wed Feb 03 12:38:30 IST 2016, 5, 34, Copy to Budget, Pass, , Wed Feb 03 12:38:32 IST 2016, 5, 35, Copy to Budget, Pass, , Wed Feb 03 12:38:32 IST 2016, 5, 36, Copy to Budget, Pass, , Wed Feb 03 12:38:34 IST 2016, 5, 37, Copy to Budget, Pass, , Wed Feb 03 12:38:36 IST 2016, 5, 38, Copy to Budget, Pass, , Wed Feb 03 12:38:38 IST 2016, 5, 39, Copy to Budget, Pass, , Wed Feb 03 12:38:40 IST 2016, 5, 40, Copy to Budget, Pass, , Wed Feb 03 12:38:40 IST 2016, 5, 41, Copy to Budget, Pass, , Wed Feb 03 12:38:42 IST 2016, 5, 42, Copy to Budget, Pass, , Wed Feb 03 12:38:42 IST 2016, 5, 43, Copy to Budget, Pass, , Wed Feb 03 12:38:42 IST 2016, 5, 44, Copy to Budget, Pass, , Wed Feb 03 12:38:42 IST 2016, 5, 45, Copy to Budget, Pass, , Wed Feb 03 12:38:54 IST 2016, 5, 46, Copy to Budget, Pass, , Wed Feb 03 12:38:55 IST 2016]
[DEBUG][2016-02-03 12:38:55,702][com.java.ImportnExport.ExportTestResultsExcel] [  222] - testResultPath = D:\BankersDashboard/TestReports/Test Results_BankersDashBoard_020316_122153_IE10_First Bank.xls
[DEBUG][2016-02-03 12:38:55,702][com.java.ImportnExport.ExportTestResultsExcel] [  223] - browser is------------IE10
[DEBUG][2016-02-03 12:38:55,705][com.java.ImportnExport.ExportTestResultsExcel] [  270] - result.size() = 270
[DEBUG][2016-02-03 12:38:55,705][com.java.ImportnExport.ExportTestResultsExcel] [  274] - No of rows in sheet=5
[DEBUG][2016-02-03 12:38:55,705][com.java.ImportnExport.ExportTestResultsExcel] [  301] - ..in export..5
[DEBUG][2016-02-03 12:38:55,705][com.java.ImportnExport.ExportTestResultsExcel] [  301] - ..in export..Copy to Budget
[DEBUG][2016-02-03 12:38:55,705][com.java.ImportnExport.ExportTestResultsExcel] [  301] - ..in export..Pass
[DEBUG][2016-02-03 12:38:55,705][com.java.ImportnExport.ExportTestResultsExcel] [  301] - ..in export..
[DEBUG][2016-02-03 12:38:55,705][com.java.ImportnExport.ExportTestResultsExcel] [  301] - ..in export..Wed Feb 03 12:36:51 IST 2016
[INFO ][2016-02-03 12:38:55,707][com.java.SeleniumDriver] [ 1337] - out loop:4 size:5 TestCases:[1, 2, 3, 4, 5] testcases:[1, 2, 3, 4, 5]
[INFO ][2016-02-03 12:38:57,708][com.java.SeleniumDriver] [ 1380] - Total Number of Cases:5
[INFO ][2016-02-03 12:38:57,708][com.java.TemplateGenerator] [  302] - Executed:5
[INFO ][2016-02-03 12:38:57,708][com.java.TemplateGenerator] [  303] - Passed:5
[INFO ][2016-02-03 12:38:57,708][com.java.TemplateGenerator] [  304] - Failed:0
[INFO ][2016-02-03 12:38:57,708][com.java.TemplateGenerator] [  305] - Skipeed:0
[INFO ][2016-02-03 12:38:57,708][com.java.TemplateGenerator] [  306] - Application URL:https://clients-xuat.bankersdashboard.com
[INFO ][2016-02-03 12:38:57,708][com.java.TemplateGenerator] [  307] - Start Time:020316_122153
[INFO ][2016-02-03 12:38:57,708][com.java.TemplateGenerator] [  308] -  Creating HTML Report 
[ERROR][2016-02-03 12:38:57,709][com.java.TemplateGenerator] [  409] - Unparseable date: "Wed Feb 03 12:21:53 IST 2016"
[INFO ][2016-02-03 12:38:57,709][com.java.TemplateGenerator] [  654] -  Exporting case :: 1
[INFO ][2016-02-03 12:38:57,709][com.java.TemplateGenerator] [  654] -  Exporting case :: 2
[INFO ][2016-02-03 12:38:57,709][com.java.TemplateGenerator] [  654] -  Exporting case :: 3
[INFO ][2016-02-03 12:38:57,709][com.java.TemplateGenerator] [  654] -  Exporting case :: 4
[INFO ][2016-02-03 12:38:57,709][com.java.TemplateGenerator] [  654] -  Exporting case :: 5
[INFO ][2016-02-03 12:38:57,718][com.java.SeleniumDriver] [ 1429] - End Time:020316_123857
[INFO ][2016-02-03 12:38:57,718][com.java.SeleniumDriver] [ 1432] - Data in Test Execution Details:{1=PASS, 2=PASS, 3=PASS, 4=PASS, 5=PASS}
[INFO ][2016-02-03 12:38:57,718][com.java.SeleniumDriver] [ 1433] - Data in Failed Execution Deatils:{}
[INFO ][2016-02-03 12:38:57,718][com.java.SeleniumDriver] [ 1435] - ReportCounter:Total:5 :: PASS: 5 ::FAIL: 0
[INFO ][2016-02-03 12:38:57,718][com.java.SeleniumDriver] [ 1436] - FailedReportCounter:Total:0 :: PASS: 0 ::FAIL: 0
[INFO ][2016-02-03 12:38:57,724][com.java.EmailTestReport] [   63] - Sending report mail details:
[INFO ][2016-02-03 12:38:57,724][com.java.EmailTestReport] [   80] - Excel Report Path:D:\BankersDashboard/TestReports/Test Results_BankersDashBoard_020316_122153_IE10_First Bank.xls
[INFO ][2016-02-03 12:38:57,724][com.java.EmailTestReport] [   81] - HTML Report Path:D:\BankersDashboard//TestReports//Test Results_BankersDashBoard_020316_122153_IE10_First Bank.html
[INFO ][2016-02-03 12:38:57,724][com.java.EmailTestReport] [   82] - smtpHostName:mail01.valuelabs.com
[INFO ][2016-02-03 12:38:57,724][com.java.EmailTestReport] [   83] - Recipient:venkateswararao.gubbala@valuelabs.com;
[INFO ][2016-02-03 12:38:57,724][com.java.EmailTestReport] [   84] - From:venkateswararao.gubbala@valuelabs.com;
[INFO ][2016-02-03 12:38:57,724][com.java.EmailTestReport] [   85] - Subject:Deluxe Corp Bankers Dashboard Automation Test Report - First Bank - IE10
[INFO ][2016-02-03 12:38:57,742][com.java.EmailTestReport] [  143] -  Added venkateswararao.gubbala@valuelabs.com
[INFO ][2016-02-03 12:39:01,377][com.java.SeleniumDriver] [  722] - quitting the browser 
[INFO ][2016-02-03 12:39:02,586][com.java.SeleniumDriver] [  264] - Execution Completed Stopping the thread
