[INFO ][2016-02-08 11:55:06,472][com.java.SeleniumDriver] [  213] - Execute Failed Casesfalse
[INFO ][2016-02-08 11:55:06,472][com.java.SeleniumDriver] [  214] - Browser: IE10
[INFO ][2016-02-08 11:55:06,472][com.java.SeleniumDriver] [  215] - [1, 13, 16, 19, 20, 30, 38, 41, 42, 43, 44, 49, 50]
[INFO ][2016-02-08 11:55:06,472][com.java.SeleniumDriver] [  216] - Total TestCases:13
[INFO ][2016-02-08 11:55:06,472][com.java.SeleniumDriver] [  217] -  Reading Properties from Property File 
[DEBUG][2016-02-08 11:55:06,472][com.java.SeleniumDriver] [  238] - url : https://clients-xuat.bankersdashboard.com
[INFO ][2016-02-08 11:55:06,472][com.java.ImportnExport.ExportTestResultsExcel] [  116] - Time Stamp Mon Feb 08 11:55:06 IST 2016
[INFO ][2016-02-08 11:55:06,472][com.java.ImportnExport.ExportTestResultsExcel] [  175] - OUT FILE : D:\BankersDashboard/TestReports/Test Results_BankersDashBoard_020816_115506_IE10_United Bank.xls
[INFO ][2016-02-08 11:55:06,504][com.java.ImportnExport.ExportTestResultsExcel] [  180] - Test Result file is created
[DEBUG][2016-02-08 11:55:06,597][com.java.SeleniumDriver] [  426] - Hub ip address is-------172.17.68.34
[INFO ][2016-02-08 11:55:06,597][com.java.SeleniumDriver] [  452] - Grid URL:http://172.17.68.34:4444/wd/hub
[INFO ][2016-02-08 11:55:06,597][com.java.SeleniumDriver] [  453] - Capability:Capabilities [{platform=ANY, ensureCleanSession=true, ignoreProtectedModeSettings=true, acceptSslCerts=true, ignoreZoomSetting=true, browserName=internet explorer, browserstack.ie.noFlash=true, version=null}]
[ERROR][2016-02-08 11:55:07,923][com.java.SeleniumDriver] [  498] - Unable invoke browser in grid:Could not start a new session. Possible causes are invalid address of the remote server or browser start-up failure.
Build info: version: '2.48.2', revision: '41bccdd', time: '2015-10-09 19:59:12'
System info: host: 'FVTIII438F1D', ip: '172.17.68.34', os.name: 'Windows 7', os.arch: 'x86', os.version: '6.1', java.version: '1.7.0_55'
Driver info: driver.version: SeleniumDriver
[INFO ][2016-02-08 11:55:07,923][com.java.SeleniumDriver] [  500] - Executing on local machine
[INFO ][2016-02-08 11:55:29,221][com.java.SeleniumDriver] [  248] - IE10is opened
[INFO ][2016-02-08 11:55:29,850][com.java.SeleniumDriver] [  756] - Test cases to be executed are: [1, 13, 16, 19, 20, 30, 38, 41, 42, 43, 44, 49, 50]
[INFO ][2016-02-08 11:55:29,898][com.java.ImportnExport.ImportTestDataDetailsExcel] [   49] - test data details path===== D:\BankersDashboard\TestInputs\TestData.xls
[INFO ][2016-02-08 11:55:30,007][com.java.SeleniumDriver] [  856] - ------------------------------------------
[INFO ][2016-02-08 11:55:30,007][com.java.SeleniumDriver] [  857] - Test case being Executed: 1
[INFO ][2016-02-08 11:55:30,007][com.java.SeleniumDriver] [  869] - Test step:1
[INFO ][2016-02-08 11:55:30,007][com.java.SeleniumDriver] [  881] - Datavalue is----------Concept#1:1-16
[INFO ][2016-02-08 11:55:30,007][com.java.SeleniumDriver] [  905] - DataField : test
[INFO ][2016-02-08 11:55:30,007][com.java.SeleniumDriver] [  907] - DataValue : Concept#1:1-16
[INFO ][2016-02-08 11:55:30,007][com.java.SeleniumDriver] [  913] - <In Set values of the page>
[INFO ][2016-02-08 11:55:30,007][com.java.SeleniumDriver] [  916] - {Data Fields & Data Values Exist}
[INFO ][2016-02-08 11:55:30,007][com.java.SeleniumDriver] [  918] - --------------------------setting values-----------------------------
[INFO ][2016-02-08 11:55:30,007][com.java.SeleniumDriver] [  921] - Action Type : ExecuteTestCase
[INFO ][2016-02-08 11:55:30,023][com.java.TestType] [  448] - The Concept sheet name is ---------- Concept
[INFO ][2016-02-08 11:55:30,023][com.java.TestType] [  451] - The Concept ID  is ---------- 1
[DEBUG][2016-02-08 11:55:30,023][com.java.TestType] [  455] - Steps being executted in the Concept are: 1:16
[INFO ][2016-02-08 11:55:30,023][com.java.TestType] [  462] - Test data details path ---------- D:\BankersDashboard\TestInputs\TestData.xls
[INFO ][2016-02-08 11:55:30,054][com.java.TestType] [  493] -  str(1) = 1
[INFO ][2016-02-08 11:55:30,054][com.java.TestType] [  496] - Test case Id is---1
[INFO ][2016-02-08 11:55:30,054][com.java.TestType] [  498] - 1
[INFO ][2016-02-08 11:55:30,054][com.java.TestType] [  493] -  str(2) = 1
[INFO ][2016-02-08 11:55:30,070][com.java.TestType] [  493] -  str(1) = 1
[INFO ][2016-02-08 11:55:30,070][com.java.TestType] [  496] - Test case Id is---1
[INFO ][2016-02-08 11:55:30,070][com.java.TestType] [  498] - 1
[INFO ][2016-02-08 11:55:30,070][com.java.TestType] [  493] -  str(2) = 2
[INFO ][2016-02-08 11:55:30,070][com.java.TestType] [  493] -  str(1) = 1
[INFO ][2016-02-08 11:55:30,070][com.java.TestType] [  496] - Test case Id is---1
[INFO ][2016-02-08 11:55:30,070][com.java.TestType] [  498] - 1
[INFO ][2016-02-08 11:55:30,070][com.java.TestType] [  493] -  str(2) = 3
[INFO ][2016-02-08 11:55:30,070][com.java.TestType] [  493] -  str(1) = 1
[INFO ][2016-02-08 11:55:30,070][com.java.TestType] [  496] - Test case Id is---1
[INFO ][2016-02-08 11:55:30,070][com.java.TestType] [  498] - 1
[INFO ][2016-02-08 11:55:30,070][com.java.TestType] [  493] -  str(2) = 4
[INFO ][2016-02-08 11:55:30,070][com.java.TestType] [  493] -  str(1) = 1
[INFO ][2016-02-08 11:55:30,070][com.java.TestType] [  496] - Test case Id is---1
[INFO ][2016-02-08 11:55:30,070][com.java.TestType] [  498] - 1
[INFO ][2016-02-08 11:55:30,070][com.java.TestType] [  493] -  str(2) = 5
[INFO ][2016-02-08 11:55:30,070][com.java.TestType] [  493] -  str(1) = 1
[INFO ][2016-02-08 11:55:30,070][com.java.TestType] [  496] - Test case Id is---1
[INFO ][2016-02-08 11:55:30,070][com.java.TestType] [  498] - 1
[INFO ][2016-02-08 11:55:30,070][com.java.TestType] [  493] -  str(2) = 6
[INFO ][2016-02-08 11:55:30,070][com.java.TestType] [  493] -  str(1) = 1
[INFO ][2016-02-08 11:55:30,070][com.java.TestType] [  496] - Test case Id is---1
[INFO ][2016-02-08 11:55:30,070][com.java.TestType] [  498] - 1
[INFO ][2016-02-08 11:55:30,070][com.java.TestType] [  493] -  str(2) = 7
[INFO ][2016-02-08 11:55:30,070][com.java.TestType] [  493] -  str(1) = 1
[INFO ][2016-02-08 11:55:30,070][com.java.TestType] [  496] - Test case Id is---1
[INFO ][2016-02-08 11:55:30,070][com.java.TestType] [  498] - 1
[INFO ][2016-02-08 11:55:30,070][com.java.TestType] [  493] -  str(2) = 8
[INFO ][2016-02-08 11:55:30,070][com.java.TestType] [  493] -  str(1) = 1
[INFO ][2016-02-08 11:55:30,070][com.java.TestType] [  496] - Test case Id is---1
[INFO ][2016-02-08 11:55:30,070][com.java.TestType] [  498] - 1
[INFO ][2016-02-08 11:55:30,070][com.java.TestType] [  493] -  str(2) = 9
[INFO ][2016-02-08 11:55:30,070][com.java.TestType] [  493] -  str(1) = 1
[INFO ][2016-02-08 11:55:30,070][com.java.TestType] [  496] - Test case Id is---1
[INFO ][2016-02-08 11:55:30,070][com.java.TestType] [  498] - 1
[INFO ][2016-02-08 11:55:30,070][com.java.TestType] [  493] -  str(2) = 10
[INFO ][2016-02-08 11:55:30,070][com.java.TestType] [  493] -  str(1) = 1
[INFO ][2016-02-08 11:55:30,070][com.java.TestType] [  496] - Test case Id is---1
[INFO ][2016-02-08 11:55:30,070][com.java.TestType] [  498] - 1
[INFO ][2016-02-08 11:55:30,070][com.java.TestType] [  493] -  str(2) = 11
[INFO ][2016-02-08 11:55:30,070][com.java.TestType] [  493] -  str(1) = 1
[INFO ][2016-02-08 11:55:30,070][com.java.TestType] [  496] - Test case Id is---1
[INFO ][2016-02-08 11:55:30,070][com.java.TestType] [  498] - 1
[INFO ][2016-02-08 11:55:30,070][com.java.TestType] [  493] -  str(2) = 12
[INFO ][2016-02-08 11:55:30,085][com.java.TestType] [  493] -  str(1) = 1
[INFO ][2016-02-08 11:55:30,085][com.java.TestType] [  496] - Test case Id is---1
[INFO ][2016-02-08 11:55:30,085][com.java.TestType] [  498] - 1
[INFO ][2016-02-08 11:55:30,085][com.java.TestType] [  493] -  str(2) = 13
[INFO ][2016-02-08 11:55:30,085][com.java.TestType] [  493] -  str(1) = 1
[INFO ][2016-02-08 11:55:30,085][com.java.TestType] [  496] - Test case Id is---1
[INFO ][2016-02-08 11:55:30,085][com.java.TestType] [  498] - 1
[INFO ][2016-02-08 11:55:30,085][com.java.TestType] [  493] -  str(2) = 14
[INFO ][2016-02-08 11:55:30,085][com.java.TestType] [  493] -  str(1) = 1
[INFO ][2016-02-08 11:55:30,085][com.java.TestType] [  496] - Test case Id is---1
[INFO ][2016-02-08 11:55:30,085][com.java.TestType] [  498] - 1
[INFO ][2016-02-08 11:55:30,085][com.java.TestType] [  493] -  str(2) = 15
[INFO ][2016-02-08 11:55:30,085][com.java.TestType] [  493] -  str(1) = 1
[INFO ][2016-02-08 11:55:30,085][com.java.TestType] [  496] - Test case Id is---1
[INFO ][2016-02-08 11:55:30,085][com.java.TestType] [  498] - 1
[INFO ][2016-02-08 11:55:30,085][com.java.TestType] [  493] -  str(2) = 16
[INFO ][2016-02-08 11:55:30,085][com.java.TestType] [12093] - Looping 1TCID = 1
[DEBUG][2016-02-08 11:55:30,085][com.java.TestType] [12134] - Concept ID:1 :: Step being Executed: 1::1
[INFO ][2016-02-08 11:55:30,085][com.java.TestType] [12172] - dataFields : TXTusername
[DEBUG][2016-02-08 11:55:30,085][com.java.TestType] [12178] - <In Set values of the page>
[DEBUG][2016-02-08 11:55:30,085][com.java.TestType] [12183] - {Data Fields & Data Values Exist}
[INFO ][2016-02-08 11:55:30,085][com.java.TestType] [12189] - --------------------------setting values-----------------------------
[INFO ][2016-02-08 11:55:30,085][com.java.TestType] [12192] - Action Type : CLEARANDENTER
[INFO ][2016-02-08 11:55:32,442][com.java.TestType] [ 6727] - value = valuelabs.ie10.00058
[INFO ][2016-02-08 11:55:35,054][com.java.TestType] [12211] -  RESULT true
[INFO ][2016-02-08 11:55:35,054][com.java.TestType] [12328] - ?   P A S S   ?
[DEBUG][2016-02-08 11:55:35,054][com.java.TestType] [12134] - Concept ID:1 :: Step being Executed: 1::2
[INFO ][2016-02-08 11:55:35,054][com.java.TestType] [12172] - dataFields : TXTpassword
[DEBUG][2016-02-08 11:55:35,054][com.java.TestType] [12178] - <In Set values of the page>
[DEBUG][2016-02-08 11:55:35,054][com.java.TestType] [12183] - {Data Fields & Data Values Exist}
[INFO ][2016-02-08 11:55:35,054][com.java.TestType] [12189] - --------------------------setting values-----------------------------
[INFO ][2016-02-08 11:55:35,054][com.java.TestType] [12192] - Action Type : CLEARANDENTER
[INFO ][2016-02-08 11:55:37,379][com.java.TestType] [ 6727] - value = Password1*
[INFO ][2016-02-08 11:55:40,091][com.java.TestType] [12211] -  RESULT true
[INFO ][2016-02-08 11:55:40,091][com.java.TestType] [12328] - ?   P A S S   ?
[DEBUG][2016-02-08 11:55:40,091][com.java.TestType] [12134] - Concept ID:1 :: Step being Executed: 1::3
[ERROR][2016-02-08 11:55:40,091][com.java.TestType] [12167] - Exception: null
[INFO ][2016-02-08 11:55:40,091][com.java.TestType] [12172] - dataFields : XPH//button[@type='submit']
[DEBUG][2016-02-08 11:55:40,091][com.java.TestType] [12178] - <In Set values of the page>
[DEBUG][2016-02-08 11:55:40,091][com.java.TestType] [12183] - {Data Fields & Data Values Exist}
[INFO ][2016-02-08 11:55:40,091][com.java.TestType] [12189] - --------------------------setting values-----------------------------
[INFO ][2016-02-08 11:55:40,091][com.java.TestType] [12192] - Action Type : Click
[INFO ][2016-02-08 11:55:40,091][com.java.TestType] [ 7122] - Field ::XPH//button[@type='submit']
[INFO ][2016-02-08 11:55:40,091][com.java.TestType] [ 6727] - value = 
[INFO ][2016-02-08 11:55:41,105][com.java.TestType] [ 7299] - BEFORE CLICK
[INFO ][2016-02-08 11:55:48,198][com.java.TestType] [ 7307] - Unable to click the object Login
[INFO ][2016-02-08 11:55:48,198][com.java.TestType] [12211] -  RESULT true
[INFO ][2016-02-08 11:55:48,198][com.java.TestType] [12328] - ?   P A S S   ?
[DEBUG][2016-02-08 11:55:48,198][com.java.TestType] [12134] - Concept ID:1 :: Step being Executed: 1::4
[INFO ][2016-02-08 11:55:48,198][com.java.TestType] [12172] - dataFields : LNKLogout
[DEBUG][2016-02-08 11:55:48,198][com.java.TestType] [12178] - <In Set values of the page>
[DEBUG][2016-02-08 11:55:48,198][com.java.TestType] [12183] - {Data Fields & Data Values Exist}
[INFO ][2016-02-08 11:55:48,198][com.java.TestType] [12189] - --------------------------setting values-----------------------------
[INFO ][2016-02-08 11:55:48,198][com.java.TestType] [12192] - Action Type : WaitForElement
[INFO ][2016-02-08 11:55:48,287][com.java.TestType] [12211] -  RESULT true
[INFO ][2016-02-08 11:55:48,287][com.java.TestType] [12328] - ?   P A S S   ?
[DEBUG][2016-02-08 11:55:48,287][com.java.TestType] [12134] - Concept ID:1 :: Step being Executed: 1::15
[INFO ][2016-02-08 11:55:48,287][com.java.TestType] [12172] - dataFields : LNK
[DEBUG][2016-02-08 11:55:48,287][com.java.TestType] [12178] - <In Set values of the page>
[DEBUG][2016-02-08 11:55:48,287][com.java.TestType] [12183] - {Data Fields & Data Values Exist}
[INFO ][2016-02-08 11:55:48,287][com.java.TestType] [12189] - --------------------------setting values-----------------------------
[INFO ][2016-02-08 11:55:48,287][com.java.TestType] [12192] - Action Type : Verify
[INFO ][2016-02-08 11:55:48,287][com.java.TestType] [ 8355] - field= LNK value= Logout
[INFO ][2016-02-08 11:55:48,287][com.java.TestType] [ 6727] - value = Logout
[INFO ][2016-02-08 11:55:48,318][com.java.TestType] [12211] -  RESULT true
[INFO ][2016-02-08 11:55:48,318][com.java.TestType] [12328] - ?   P A S S   ?
[DEBUG][2016-02-08 11:55:48,318][com.java.TestType] [12134] - Concept ID:1 :: Step being Executed: 1::16
[INFO ][2016-02-08 11:55:48,318][com.java.TestType] [12172] - dataFields : BTN
[DEBUG][2016-02-08 11:55:48,318][com.java.TestType] [12178] - <In Set values of the page>
[DEBUG][2016-02-08 11:55:48,318][com.java.TestType] [12183] - {Data Fields & Data Values Exist}
[INFO ][2016-02-08 11:55:48,318][com.java.TestType] [12189] - --------------------------setting values-----------------------------
[INFO ][2016-02-08 11:55:48,318][com.java.TestType] [12192] - Action Type : Verify
[INFO ][2016-02-08 11:55:48,318][com.java.TestType] [ 8355] - field= BTN value= //img[contains(@src,'bdlogo.jpg')]
[INFO ][2016-02-08 11:55:48,318][com.java.TestType] [ 6727] - value = //img[contains(@src,'bdlogo.jpg')]
[INFO ][2016-02-08 11:55:48,380][com.java.TestType] [12211] -  RESULT true
[INFO ][2016-02-08 11:55:48,380][com.java.TestType] [12328] - ?   P A S S   ?
[INFO ][2016-02-08 11:55:48,380][com.java.TestType] [12399] - Looping End......
[INFO ][2016-02-08 11:55:48,380][com.java.SeleniumDriver] [  930] -  RESULT true
[INFO ][2016-02-08 11:55:48,380][com.java.SeleniumDriver] [ 1136] - ?   P A S S   ?
[INFO ][2016-02-08 11:55:48,380][com.java.SeleniumDriver] [  856] - ------------------------------------------
[INFO ][2016-02-08 11:55:48,380][com.java.SeleniumDriver] [  857] - Test case being Executed: 1
[INFO ][2016-02-08 11:55:48,380][com.java.SeleniumDriver] [  869] - Test step:2
[INFO ][2016-02-08 11:55:48,380][com.java.SeleniumDriver] [  881] - Datavalue is----------Concept#2:1-2
[INFO ][2016-02-08 11:55:48,380][com.java.SeleniumDriver] [  905] - DataField : test
[INFO ][2016-02-08 11:55:48,380][com.java.SeleniumDriver] [  907] - DataValue : Concept#2:1-2
[INFO ][2016-02-08 11:55:48,380][com.java.SeleniumDriver] [  913] - <In Set values of the page>
[INFO ][2016-02-08 11:55:48,380][com.java.SeleniumDriver] [  916] - {Data Fields & Data Values Exist}
[INFO ][2016-02-08 11:55:48,380][com.java.SeleniumDriver] [  918] - --------------------------setting values-----------------------------
[INFO ][2016-02-08 11:55:48,380][com.java.SeleniumDriver] [  921] - Action Type : ExecuteTestCase
[INFO ][2016-02-08 11:55:48,380][com.java.TestType] [  448] - The Concept sheet name is ---------- Concept
[INFO ][2016-02-08 11:55:48,380][com.java.TestType] [  451] - The Concept ID  is ---------- 2
[DEBUG][2016-02-08 11:55:48,380][com.java.TestType] [  455] - Steps being executted in the Concept are: 1:2
[INFO ][2016-02-08 11:55:48,380][com.java.TestType] [  462] - Test data details path ---------- D:\BankersDashboard\TestInputs\TestData.xls
[INFO ][2016-02-08 11:55:48,411][com.java.TestType] [  493] -  str(1) = 2
[INFO ][2016-02-08 11:55:48,411][com.java.TestType] [  496] - Test case Id is---2
[INFO ][2016-02-08 11:55:48,411][com.java.TestType] [  498] - 2
[INFO ][2016-02-08 11:55:48,411][com.java.TestType] [  493] -  str(2) = 1
[INFO ][2016-02-08 11:55:48,411][com.java.TestType] [  493] -  str(1) = 2
[INFO ][2016-02-08 11:55:48,411][com.java.TestType] [  496] - Test case Id is---2
[INFO ][2016-02-08 11:55:48,411][com.java.TestType] [  498] - 2
[INFO ][2016-02-08 11:55:48,411][com.java.TestType] [  493] -  str(2) = 2
[INFO ][2016-02-08 11:55:48,411][com.java.TestType] [  493] -  str(1) = 2
[INFO ][2016-02-08 11:55:48,411][com.java.TestType] [  496] - Test case Id is---2
[INFO ][2016-02-08 11:55:48,411][com.java.TestType] [  498] - 2
[INFO ][2016-02-08 11:55:48,411][com.java.TestType] [  493] -  str(2) = 3
[INFO ][2016-02-08 11:55:48,411][com.java.TestType] [12093] - Looping 1TCID = 2
[DEBUG][2016-02-08 11:55:48,411][com.java.TestType] [12134] - Concept ID:2 :: Step being Executed: 2::1
[INFO ][2016-02-08 11:55:48,411][com.java.TestType] [12172] - dataFields : BNK//select[@id='bank']
[DEBUG][2016-02-08 11:55:48,411][com.java.TestType] [12178] - <In Set values of the page>
[DEBUG][2016-02-08 11:55:48,411][com.java.TestType] [12183] - {Data Fields & Data Values Exist}
[INFO ][2016-02-08 11:55:48,411][com.java.TestType] [12189] - --------------------------setting values-----------------------------
[INFO ][2016-02-08 11:55:48,411][com.java.TestType] [12192] - Action Type : Select
[INFO ][2016-02-08 11:55:48,411][com.java.TestType] [ 6727] - value = PFC
[INFO ][2016-02-08 11:55:48,759][com.java.TestType] [12211] -  RESULT true
[INFO ][2016-02-08 11:55:48,759][com.java.TestType] [12328] - ?   P A S S   ?
[DEBUG][2016-02-08 11:55:48,759][com.java.TestType] [12134] - Concept ID:2 :: Step being Executed: 2::2
[INFO ][2016-02-08 11:55:48,759][com.java.TestType] [12172] - dataFields : LNKLogout
[DEBUG][2016-02-08 11:55:48,759][com.java.TestType] [12178] - <In Set values of the page>
[DEBUG][2016-02-08 11:55:48,759][com.java.TestType] [12183] - {Data Fields & Data Values Exist}
[INFO ][2016-02-08 11:55:48,759][com.java.TestType] [12189] - --------------------------setting values-----------------------------
[INFO ][2016-02-08 11:55:48,759][com.java.TestType] [12192] - Action Type : WaitTime
[DEBUG][2016-02-08 11:55:48,759][com.java.TestType] [ 6541] - sleepTime: 5000
[INFO ][2016-02-08 11:55:53,765][com.java.TestType] [12211] -  RESULT true
[INFO ][2016-02-08 11:55:53,765][com.java.TestType] [12328] - ?   P A S S   ?
[INFO ][2016-02-08 11:55:53,765][com.java.TestType] [12399] - Looping End......
[INFO ][2016-02-08 11:55:53,765][com.java.SeleniumDriver] [  930] -  RESULT true
[INFO ][2016-02-08 11:55:53,765][com.java.SeleniumDriver] [ 1136] - ?   P A S S   ?
[INFO ][2016-02-08 11:55:53,765][com.java.SeleniumDriver] [  856] - ------------------------------------------
[INFO ][2016-02-08 11:55:53,765][com.java.SeleniumDriver] [  857] - Test case being Executed: 1
[INFO ][2016-02-08 11:55:53,765][com.java.SeleniumDriver] [  869] - Test step:3
[INFO ][2016-02-08 11:55:53,765][com.java.SeleniumDriver] [  881] - Datavalue is----------2
[INFO ][2016-02-08 11:55:53,765][com.java.SeleniumDriver] [  905] - DataField : XPH//button[contains(text(),'Add Content')]
[INFO ][2016-02-08 11:55:53,765][com.java.SeleniumDriver] [  907] - DataValue : 2
[INFO ][2016-02-08 11:55:53,765][com.java.SeleniumDriver] [  913] - <In Set values of the page>
[INFO ][2016-02-08 11:55:53,765][com.java.SeleniumDriver] [  916] - {Data Fields & Data Values Exist}
[INFO ][2016-02-08 11:55:53,765][com.java.SeleniumDriver] [  918] - --------------------------setting values-----------------------------
[INFO ][2016-02-08 11:55:53,765][com.java.SeleniumDriver] [  921] - Action Type : WAITFORELEMENT
[INFO ][2016-02-08 11:55:53,812][com.java.SeleniumDriver] [  930] -  RESULT true
[INFO ][2016-02-08 11:55:53,812][com.java.SeleniumDriver] [ 1136] - ?   P A S S   ?
[DEBUG][2016-02-08 11:55:53,812][com.java.SeleniumDriver] [ 1248] - Case found
[DEBUG][2016-02-08 11:55:53,812][com.java.SeleniumDriver] [ 1253] - Incrementing ReportCounters[0]:1
[INFO ][2016-02-08 11:55:53,812][com.java.SeleniumDriver] [ 1272] - The results are-------------------[1, 1, Valid Login, Pass, , Mon Feb 08 11:55:48 IST 2016, 1, 2, Valid Login, Pass, , Mon Feb 08 11:55:53 IST 2016, 1, 3, Valid Login, Pass, , Mon Feb 08 11:55:53 IST 2016]
[INFO ][2016-02-08 11:55:53,812][com.java.SeleniumDriver] [ 1276] - End time is-------49 sec
[INFO ][2016-02-08 11:55:53,812][com.java.SeleniumDriver] [ 1277] - The results are-------------------[1, 1, Valid Login, Pass, , Mon Feb 08 11:55:48 IST 2016, 1, 2, Valid Login, Pass, , Mon Feb 08 11:55:53 IST 2016, 1, 3, Valid Login, Pass, , Mon Feb 08 11:55:53 IST 2016]
[DEBUG][2016-02-08 11:55:53,812][com.java.ImportnExport.ExportTestResultsExcel] [  222] - testResultPath = D:\BankersDashboard/TestReports/Test Results_BankersDashBoard_020816_115506_IE10_United Bank.xls
[DEBUG][2016-02-08 11:55:53,812][com.java.ImportnExport.ExportTestResultsExcel] [  223] - browser is------------IE10
[DEBUG][2016-02-08 11:55:53,859][com.java.ImportnExport.ExportTestResultsExcel] [  270] - result.size() = 18
[DEBUG][2016-02-08 11:55:53,859][com.java.ImportnExport.ExportTestResultsExcel] [  274] - No of rows in sheet=1
[DEBUG][2016-02-08 11:55:53,859][com.java.ImportnExport.ExportTestResultsExcel] [  301] - ..in export..1
[DEBUG][2016-02-08 11:55:53,859][com.java.ImportnExport.ExportTestResultsExcel] [  301] - ..in export..Valid Login
[DEBUG][2016-02-08 11:55:53,859][com.java.ImportnExport.ExportTestResultsExcel] [  301] - ..in export..Pass
[DEBUG][2016-02-08 11:55:53,859][com.java.ImportnExport.ExportTestResultsExcel] [  301] - ..in export..
[DEBUG][2016-02-08 11:55:53,859][com.java.ImportnExport.ExportTestResultsExcel] [  301] - ..in export..Mon Feb 08 11:55:48 IST 2016
[INFO ][2016-02-08 11:55:53,859][com.java.SeleniumDriver] [ 1337] - out loop:0 size:13 TestCases:[1, 13, 16, 19, 20, 30, 38, 41, 42, 43, 44, 49, 50] testcases:[1, 13, 16, 19, 20, 30, 38, 41, 42, 43, 44, 49, 50]
[INFO ][2016-02-08 11:55:53,859][com.java.ImportnExport.ImportTestDataDetailsExcel] [   49] - test data details path===== D:\BankersDashboard\TestInputs\TestData.xls
[INFO ][2016-02-08 11:56:11,181][com.java.SeleniumDriver] [  856] - ------------------------------------------
[INFO ][2016-02-08 11:56:11,181][com.java.SeleniumDriver] [  857] - Test case being Executed: 13
[INFO ][2016-02-08 11:56:11,181][com.java.SeleniumDriver] [  869] - Test step:1
[INFO ][2016-02-08 11:56:11,181][com.java.SeleniumDriver] [  881] - Datavalue is----------Logout
[INFO ][2016-02-08 11:56:11,181][com.java.SeleniumDriver] [  905] - DataField : BTN
[INFO ][2016-02-08 11:56:11,181][com.java.SeleniumDriver] [  907] - DataValue : Logout
[INFO ][2016-02-08 11:56:11,181][com.java.SeleniumDriver] [  913] - <In Set values of the page>
[INFO ][2016-02-08 11:56:11,181][com.java.SeleniumDriver] [  916] - {Data Fields & Data Values Exist}
[INFO ][2016-02-08 11:56:11,181][com.java.SeleniumDriver] [  918] - --------------------------setting values-----------------------------
[INFO ][2016-02-08 11:56:11,181][com.java.SeleniumDriver] [  921] - Action Type : VERIFY
[INFO ][2016-02-08 11:56:11,181][com.java.TestType] [ 8355] - field= BTN value= Logout
[INFO ][2016-02-08 11:56:11,181][com.java.TestType] [ 6727] - value = Logout
[INFO ][2016-02-08 11:56:11,260][com.java.SeleniumDriver] [  930] -  RESULT true
[INFO ][2016-02-08 11:56:11,260][com.java.SeleniumDriver] [ 1136] - ?   P A S S   ?
[INFO ][2016-02-08 11:56:11,260][com.java.SeleniumDriver] [ 1178] - step change to 3
[INFO ][2016-02-08 11:56:11,260][com.java.SeleniumDriver] [  856] - ------------------------------------------
[INFO ][2016-02-08 11:56:11,260][com.java.SeleniumDriver] [  857] - Test case being Executed: 13
[INFO ][2016-02-08 11:56:11,260][com.java.SeleniumDriver] [  869] - Test step:3
[INFO ][2016-02-08 11:56:11,260][com.java.SeleniumDriver] [  881] - Datavalue is----------Concept#2:1-2
[INFO ][2016-02-08 11:56:11,260][com.java.SeleniumDriver] [  905] - DataField : test
[INFO ][2016-02-08 11:56:11,260][com.java.SeleniumDriver] [  907] - DataValue : Concept#2:1-2
[INFO ][2016-02-08 11:56:11,260][com.java.SeleniumDriver] [  913] - <In Set values of the page>
[INFO ][2016-02-08 11:56:11,260][com.java.SeleniumDriver] [  916] - {Data Fields & Data Values Exist}
[INFO ][2016-02-08 11:56:11,260][com.java.SeleniumDriver] [  918] - --------------------------setting values-----------------------------
[INFO ][2016-02-08 11:56:11,260][com.java.SeleniumDriver] [  921] - Action Type : ExecuteTestCase
[INFO ][2016-02-08 11:56:11,260][com.java.TestType] [  448] - The Concept sheet name is ---------- Concept
[INFO ][2016-02-08 11:56:11,260][com.java.TestType] [  451] - The Concept ID  is ---------- 2
[DEBUG][2016-02-08 11:56:11,260][com.java.TestType] [  455] - Steps being executted in the Concept are: 1:2
[INFO ][2016-02-08 11:56:11,260][com.java.TestType] [  462] - Test data details path ---------- D:\BankersDashboard\TestInputs\TestData.xls
[INFO ][2016-02-08 11:56:11,291][com.java.TestType] [  493] -  str(1) = 2
[INFO ][2016-02-08 11:56:11,291][com.java.TestType] [  496] - Test case Id is---2
[INFO ][2016-02-08 11:56:11,291][com.java.TestType] [  498] - 2
[INFO ][2016-02-08 11:56:11,291][com.java.TestType] [  493] -  str(2) = 1
[INFO ][2016-02-08 11:56:11,291][com.java.TestType] [  493] -  str(1) = 2
[INFO ][2016-02-08 11:56:11,291][com.java.TestType] [  496] - Test case Id is---2
[INFO ][2016-02-08 11:56:11,291][com.java.TestType] [  498] - 2
[INFO ][2016-02-08 11:56:11,291][com.java.TestType] [  493] -  str(2) = 2
[INFO ][2016-02-08 11:56:11,291][com.java.TestType] [  493] -  str(1) = 2
[INFO ][2016-02-08 11:56:11,291][com.java.TestType] [  496] - Test case Id is---2
[INFO ][2016-02-08 11:56:11,291][com.java.TestType] [  498] - 2
[INFO ][2016-02-08 11:56:11,291][com.java.TestType] [  493] -  str(2) = 3
[INFO ][2016-02-08 11:56:11,291][com.java.TestType] [12093] - Looping 1TCID = 2
[DEBUG][2016-02-08 11:56:11,291][com.java.TestType] [12134] - Concept ID:2 :: Step being Executed: 2::1
[INFO ][2016-02-08 11:56:11,291][com.java.TestType] [12172] - dataFields : BNK//select[@id='bank']
[DEBUG][2016-02-08 11:56:11,291][com.java.TestType] [12178] - <In Set values of the page>
[DEBUG][2016-02-08 11:56:11,291][com.java.TestType] [12183] - {Data Fields & Data Values Exist}
[INFO ][2016-02-08 11:56:11,291][com.java.TestType] [12189] - --------------------------setting values-----------------------------
[INFO ][2016-02-08 11:56:11,291][com.java.TestType] [12192] - Action Type : Select
[INFO ][2016-02-08 11:56:11,291][com.java.TestType] [ 6727] - value = PFC
[INFO ][2016-02-08 11:56:11,525][com.java.TestType] [12211] -  RESULT true
[INFO ][2016-02-08 11:56:11,525][com.java.TestType] [12328] - ?   P A S S   ?
[DEBUG][2016-02-08 11:56:11,525][com.java.TestType] [12134] - Concept ID:2 :: Step being Executed: 2::2
[INFO ][2016-02-08 11:56:11,525][com.java.TestType] [12172] - dataFields : LNKLogout
[DEBUG][2016-02-08 11:56:11,525][com.java.TestType] [12178] - <In Set values of the page>
[DEBUG][2016-02-08 11:56:11,525][com.java.TestType] [12183] - {Data Fields & Data Values Exist}
[INFO ][2016-02-08 11:56:11,525][com.java.TestType] [12189] - --------------------------setting values-----------------------------
[INFO ][2016-02-08 11:56:11,525][com.java.TestType] [12192] - Action Type : WaitTime
[DEBUG][2016-02-08 11:56:11,525][com.java.TestType] [ 6541] - sleepTime: 5000
[INFO ][2016-02-08 11:56:16,533][com.java.TestType] [12211] -  RESULT true
[INFO ][2016-02-08 11:56:16,533][com.java.TestType] [12328] - ?   P A S S   ?
[INFO ][2016-02-08 11:56:16,533][com.java.TestType] [12399] - Looping End......
[INFO ][2016-02-08 11:56:16,533][com.java.SeleniumDriver] [  930] -  RESULT true
[INFO ][2016-02-08 11:56:16,533][com.java.SeleniumDriver] [ 1136] - ?   P A S S   ?
[INFO ][2016-02-08 11:56:16,533][com.java.SeleniumDriver] [  856] - ------------------------------------------
[INFO ][2016-02-08 11:56:16,533][com.java.SeleniumDriver] [  857] - Test case being Executed: 13
[INFO ][2016-02-08 11:56:16,533][com.java.SeleniumDriver] [  869] - Test step:4
[INFO ][2016-02-08 11:56:16,533][com.java.SeleniumDriver] [  881] - Datavalue is----------null
[DEBUG][2016-02-08 11:56:16,533][com.java.SeleniumDriver] [  899] - Exception: null
[INFO ][2016-02-08 11:56:16,533][com.java.SeleniumDriver] [  905] - DataField : //span[@class='icon-user4']&&//a[text()='Company Settings']&&//a[@data-id="RatedLoans"]
[INFO ][2016-02-08 11:56:16,533][com.java.SeleniumDriver] [  907] - DataValue : 
[INFO ][2016-02-08 11:56:16,533][com.java.SeleniumDriver] [  913] - <In Set values of the page>
[INFO ][2016-02-08 11:56:16,533][com.java.SeleniumDriver] [  916] - {Data Fields & Data Values Exist}
[INFO ][2016-02-08 11:56:16,533][com.java.SeleniumDriver] [  918] - --------------------------setting values-----------------------------
[INFO ][2016-02-08 11:56:16,533][com.java.SeleniumDriver] [  921] - Action Type : mouseover
[INFO ][2016-02-08 11:57:01,602][com.java.SeleniumDriver] [  930] -  RESULT true
[INFO ][2016-02-08 11:57:01,602][com.java.SeleniumDriver] [ 1136] - ?   P A S S   ?
[INFO ][2016-02-08 11:57:01,602][com.java.SeleniumDriver] [  856] - ------------------------------------------
[INFO ][2016-02-08 11:57:01,602][com.java.SeleniumDriver] [  857] - Test case being Executed: 13
[INFO ][2016-02-08 11:57:01,602][com.java.SeleniumDriver] [  869] - Test step:5
[INFO ][2016-02-08 11:57:01,602][com.java.SeleniumDriver] [  881] - Datavalue is----------Rated Loan Categories
[INFO ][2016-02-08 11:57:01,602][com.java.SeleniumDriver] [  905] - DataField : XPH//span[@class='ui-dialog-title']
[INFO ][2016-02-08 11:57:01,602][com.java.SeleniumDriver] [  907] - DataValue : Rated Loan Categories
[INFO ][2016-02-08 11:57:01,602][com.java.SeleniumDriver] [  913] - <In Set values of the page>
[INFO ][2016-02-08 11:57:01,602][com.java.SeleniumDriver] [  916] - {Data Fields & Data Values Exist}
[INFO ][2016-02-08 11:57:01,602][com.java.SeleniumDriver] [  918] - --------------------------setting values-----------------------------
[INFO ][2016-02-08 11:57:01,602][com.java.SeleniumDriver] [  921] - Action Type : verify
[INFO ][2016-02-08 11:57:01,602][com.java.TestType] [ 8355] - field= XPH//span[@class='ui-dialog-title'] value= Rated Loan Categories
[INFO ][2016-02-08 11:57:01,602][com.java.TestType] [ 6727] - value = Rated Loan Categories
[INFO ][2016-02-08 11:57:01,775][com.java.SeleniumDriver] [  930] -  RESULT true
[INFO ][2016-02-08 11:57:01,775][com.java.SeleniumDriver] [ 1136] - ?   P A S S   ?
[INFO ][2016-02-08 11:57:01,775][com.java.SeleniumDriver] [  856] - ------------------------------------------
[INFO ][2016-02-08 11:57:01,775][com.java.SeleniumDriver] [  857] - Test case being Executed: 13
[INFO ][2016-02-08 11:57:01,775][com.java.SeleniumDriver] [  869] - Test step:6
[INFO ][2016-02-08 11:57:01,775][com.java.SeleniumDriver] [  881] - Datavalue is----------null
[DEBUG][2016-02-08 11:57:01,775][com.java.SeleniumDriver] [  899] - Exception: null
[INFO ][2016-02-08 11:57:01,775][com.java.SeleniumDriver] [  905] - DataField : BTNframeDialogContent
[INFO ][2016-02-08 11:57:01,775][com.java.SeleniumDriver] [  907] - DataValue : 
[INFO ][2016-02-08 11:57:01,775][com.java.SeleniumDriver] [  913] - <In Set values of the page>
[INFO ][2016-02-08 11:57:01,775][com.java.SeleniumDriver] [  916] - {Data Fields & Data Values Exist}
[INFO ][2016-02-08 11:57:01,775][com.java.SeleniumDriver] [  918] - --------------------------setting values-----------------------------
[INFO ][2016-02-08 11:57:01,775][com.java.SeleniumDriver] [  921] - Action Type : selectframe
[INFO ][2016-02-08 11:57:03,133][com.java.SeleniumDriver] [  930] -  RESULT true
[INFO ][2016-02-08 11:57:03,133][com.java.SeleniumDriver] [ 1136] - ?   P A S S   ?
[INFO ][2016-02-08 11:57:03,133][com.java.SeleniumDriver] [  856] - ------------------------------------------
[INFO ][2016-02-08 11:57:03,133][com.java.SeleniumDriver] [  857] - Test case being Executed: 13
[INFO ][2016-02-08 11:57:03,133][com.java.SeleniumDriver] [  869] - Test step:7
[INFO ][2016-02-08 11:57:03,133][com.java.SeleniumDriver] [  881] - Datavalue is----------null
[DEBUG][2016-02-08 11:57:03,133][com.java.SeleniumDriver] [  899] - Exception: null
[INFO ][2016-02-08 11:57:03,133][com.java.SeleniumDriver] [  905] - DataField : CHKchkRated.1
[INFO ][2016-02-08 11:57:03,133][com.java.SeleniumDriver] [  907] - DataValue : 
[INFO ][2016-02-08 11:57:03,133][com.java.SeleniumDriver] [  913] - <In Set values of the page>
[INFO ][2016-02-08 11:57:03,133][com.java.SeleniumDriver] [  916] - {Data Fields & Data Values Exist}
[INFO ][2016-02-08 11:57:03,133][com.java.SeleniumDriver] [  918] - --------------------------setting values-----------------------------
[INFO ][2016-02-08 11:57:03,133][com.java.SeleniumDriver] [  921] - Action Type : check
[INFO ][2016-02-08 11:57:08,815][com.java.SeleniumDriver] [  930] -  RESULT true
[INFO ][2016-02-08 11:57:08,815][com.java.SeleniumDriver] [ 1136] - ?   P A S S   ?
[INFO ][2016-02-08 11:57:08,815][com.java.SeleniumDriver] [  856] - ------------------------------------------
[INFO ][2016-02-08 11:57:08,815][com.java.SeleniumDriver] [  857] - Test case being Executed: 13
[INFO ][2016-02-08 11:57:08,815][com.java.SeleniumDriver] [  869] - Test step:8
[INFO ][2016-02-08 11:57:08,815][com.java.SeleniumDriver] [  881] - Datavalue is----------null
[DEBUG][2016-02-08 11:57:08,815][com.java.SeleniumDriver] [  899] - Exception: null
[INFO ][2016-02-08 11:57:08,815][com.java.SeleniumDriver] [  905] - DataField : CHKchkRated.2
[INFO ][2016-02-08 11:57:08,815][com.java.SeleniumDriver] [  907] - DataValue : 
[INFO ][2016-02-08 11:57:08,815][com.java.SeleniumDriver] [  913] - <In Set values of the page>
[INFO ][2016-02-08 11:57:08,815][com.java.SeleniumDriver] [  916] - {Data Fields & Data Values Exist}
[INFO ][2016-02-08 11:57:08,815][com.java.SeleniumDriver] [  918] - --------------------------setting values-----------------------------
[INFO ][2016-02-08 11:57:08,815][com.java.SeleniumDriver] [  921] - Action Type : check
[INFO ][2016-02-08 11:57:13,016][com.java.SeleniumDriver] [  930] -  RESULT true
[INFO ][2016-02-08 11:57:13,016][com.java.SeleniumDriver] [ 1136] - ?   P A S S   ?
[INFO ][2016-02-08 11:57:13,016][com.java.SeleniumDriver] [  856] - ------------------------------------------
[INFO ][2016-02-08 11:57:13,016][com.java.SeleniumDriver] [  857] - Test case being Executed: 13
[INFO ][2016-02-08 11:57:13,016][com.java.SeleniumDriver] [  869] - Test step:9
[INFO ][2016-02-08 11:57:13,016][com.java.SeleniumDriver] [  881] - Datavalue is----------null
[DEBUG][2016-02-08 11:57:13,016][com.java.SeleniumDriver] [  899] - Exception: null
[INFO ][2016-02-08 11:57:13,016][com.java.SeleniumDriver] [  905] - DataField : BTNparent
[INFO ][2016-02-08 11:57:13,016][com.java.SeleniumDriver] [  907] - DataValue : 
[INFO ][2016-02-08 11:57:13,016][com.java.SeleniumDriver] [  913] - <In Set values of the page>
[INFO ][2016-02-08 11:57:13,016][com.java.SeleniumDriver] [  916] - {Data Fields & Data Values Exist}
[INFO ][2016-02-08 11:57:13,016][com.java.SeleniumDriver] [  918] - --------------------------setting values-----------------------------
[INFO ][2016-02-08 11:57:13,016][com.java.SeleniumDriver] [  921] - Action Type : selectframe
[INFO ][2016-02-08 11:57:13,017][com.java.SeleniumDriver] [  930] -  RESULT true
[INFO ][2016-02-08 11:57:13,017][com.java.SeleniumDriver] [ 1136] - ?   P A S S   ?
[INFO ][2016-02-08 11:57:13,017][com.java.SeleniumDriver] [  856] - ------------------------------------------
[INFO ][2016-02-08 11:57:13,017][com.java.SeleniumDriver] [  857] - Test case being Executed: 13
[INFO ][2016-02-08 11:57:13,017][com.java.SeleniumDriver] [  869] - Test step:10
[INFO ][2016-02-08 11:57:13,017][com.java.SeleniumDriver] [  881] - Datavalue is----------null
[DEBUG][2016-02-08 11:57:13,017][com.java.SeleniumDriver] [  899] - Exception: null
[INFO ][2016-02-08 11:57:13,017][com.java.SeleniumDriver] [  905] - DataField : HDN//span[contains(text(),'Update')]
[INFO ][2016-02-08 11:57:13,017][com.java.SeleniumDriver] [  907] - DataValue : 
[INFO ][2016-02-08 11:57:13,017][com.java.SeleniumDriver] [  913] - <In Set values of the page>
[INFO ][2016-02-08 11:57:13,017][com.java.SeleniumDriver] [  916] - {Data Fields & Data Values Exist}
[INFO ][2016-02-08 11:57:13,017][com.java.SeleniumDriver] [  918] - --------------------------setting values-----------------------------
[INFO ][2016-02-08 11:57:13,017][com.java.SeleniumDriver] [  921] - Action Type : click
[INFO ][2016-02-08 11:57:13,017][com.java.TestType] [ 7122] - Field ::HDN//span[contains(text(),'Update')]
[INFO ][2016-02-08 11:57:13,017][com.java.TestType] [ 6727] - value = 
[INFO ][2016-02-08 11:57:14,297][com.java.SeleniumDriver] [  930] -  RESULT true
[INFO ][2016-02-08 11:57:14,297][com.java.SeleniumDriver] [ 1136] - ?   P A S S   ?
[INFO ][2016-02-08 11:57:14,297][com.java.SeleniumDriver] [  856] - ------------------------------------------
[INFO ][2016-02-08 11:57:14,297][com.java.SeleniumDriver] [  857] - Test case being Executed: 13
[INFO ][2016-02-08 11:57:14,297][com.java.SeleniumDriver] [  869] - Test step:11
[INFO ][2016-02-08 11:57:14,297][com.java.SeleniumDriver] [  881] - Datavalue is----------//span[@class='ui-dialog-title']
[INFO ][2016-02-08 11:57:14,297][com.java.SeleniumDriver] [  905] - DataField : BTN
[INFO ][2016-02-08 11:57:14,297][com.java.SeleniumDriver] [  907] - DataValue : //span[@class='ui-dialog-title']
[INFO ][2016-02-08 11:57:14,297][com.java.SeleniumDriver] [  913] - <In Set values of the page>
[INFO ][2016-02-08 11:57:14,297][com.java.SeleniumDriver] [  916] - {Data Fields & Data Values Exist}
[INFO ][2016-02-08 11:57:14,297][com.java.SeleniumDriver] [  918] - --------------------------setting values-----------------------------
[INFO ][2016-02-08 11:57:14,297][com.java.SeleniumDriver] [  921] - Action Type : verifynotpresent
[INFO ][2016-02-08 11:57:14,297][com.java.TestType] [10177] - field= BTN value= //span[@class='ui-dialog-title']
[INFO ][2016-02-08 11:57:34,360][com.java.SeleniumDriver] [  930] -  RESULT true
[INFO ][2016-02-08 11:57:34,360][com.java.SeleniumDriver] [ 1136] - ?   P A S S   ?
[INFO ][2016-02-08 11:57:34,360][com.java.SeleniumDriver] [  856] - ------------------------------------------
[INFO ][2016-02-08 11:57:34,360][com.java.SeleniumDriver] [  857] - Test case being Executed: 13
[INFO ][2016-02-08 11:57:34,360][com.java.SeleniumDriver] [  869] - Test step:12
[INFO ][2016-02-08 11:57:34,360][com.java.SeleniumDriver] [  881] - Datavalue is----------null
[DEBUG][2016-02-08 11:57:34,360][com.java.SeleniumDriver] [  899] - Exception: null
[INFO ][2016-02-08 11:57:34,360][com.java.SeleniumDriver] [  905] - DataField : //span[@class='icon-user4']&&//a[text()='Company Settings']&&//a[@data-id="RatedLoans"]
[INFO ][2016-02-08 11:57:34,360][com.java.SeleniumDriver] [  907] - DataValue : 
[INFO ][2016-02-08 11:57:34,360][com.java.SeleniumDriver] [  913] - <In Set values of the page>
[INFO ][2016-02-08 11:57:34,360][com.java.SeleniumDriver] [  916] - {Data Fields & Data Values Exist}
[INFO ][2016-02-08 11:57:34,360][com.java.SeleniumDriver] [  918] - --------------------------setting values-----------------------------
[INFO ][2016-02-08 11:57:34,360][com.java.SeleniumDriver] [  921] - Action Type : mouseover
[INFO ][2016-02-08 11:58:19,554][com.java.SeleniumDriver] [  930] -  RESULT true
[INFO ][2016-02-08 11:58:19,554][com.java.SeleniumDriver] [ 1136] - ?   P A S S   ?
[INFO ][2016-02-08 11:58:19,554][com.java.SeleniumDriver] [  856] - ------------------------------------------
[INFO ][2016-02-08 11:58:19,554][com.java.SeleniumDriver] [  857] - Test case being Executed: 13
[INFO ][2016-02-08 11:58:19,554][com.java.SeleniumDriver] [  869] - Test step:13
[INFO ][2016-02-08 11:58:19,554][com.java.SeleniumDriver] [  881] - Datavalue is----------Rated Loan Categories
[INFO ][2016-02-08 11:58:19,554][com.java.SeleniumDriver] [  905] - DataField : XPH//span[@class='ui-dialog-title']
[INFO ][2016-02-08 11:58:19,554][com.java.SeleniumDriver] [  907] - DataValue : Rated Loan Categories
[INFO ][2016-02-08 11:58:19,554][com.java.SeleniumDriver] [  913] - <In Set values of the page>
[INFO ][2016-02-08 11:58:19,554][com.java.SeleniumDriver] [  916] - {Data Fields & Data Values Exist}
[INFO ][2016-02-08 11:58:19,554][com.java.SeleniumDriver] [  918] - --------------------------setting values-----------------------------
[INFO ][2016-02-08 11:58:19,554][com.java.SeleniumDriver] [  921] - Action Type : verify
[INFO ][2016-02-08 11:58:19,554][com.java.TestType] [ 8355] - field= XPH//span[@class='ui-dialog-title'] value= Rated Loan Categories
[INFO ][2016-02-08 11:58:19,554][com.java.TestType] [ 6727] - value = Rated Loan Categories
[INFO ][2016-02-08 11:58:19,726][com.java.SeleniumDriver] [  930] -  RESULT true
[INFO ][2016-02-08 11:58:19,726][com.java.SeleniumDriver] [ 1136] - ?   P A S S   ?
[INFO ][2016-02-08 11:58:19,726][com.java.SeleniumDriver] [  856] - ------------------------------------------
[INFO ][2016-02-08 11:58:19,726][com.java.SeleniumDriver] [  857] - Test case being Executed: 13
[INFO ][2016-02-08 11:58:19,726][com.java.SeleniumDriver] [  869] - Test step:14
[INFO ][2016-02-08 11:58:19,726][com.java.SeleniumDriver] [  881] - Datavalue is----------null
[DEBUG][2016-02-08 11:58:19,726][com.java.SeleniumDriver] [  899] - Exception: null
[INFO ][2016-02-08 11:58:19,726][com.java.SeleniumDriver] [  905] - DataField : BTNframeDialogContent
[INFO ][2016-02-08 11:58:19,726][com.java.SeleniumDriver] [  907] - DataValue : 
[INFO ][2016-02-08 11:58:19,726][com.java.SeleniumDriver] [  913] - <In Set values of the page>
[INFO ][2016-02-08 11:58:19,726][com.java.SeleniumDriver] [  916] - {Data Fields & Data Values Exist}
[INFO ][2016-02-08 11:58:19,726][com.java.SeleniumDriver] [  918] - --------------------------setting values-----------------------------
[INFO ][2016-02-08 11:58:19,726][com.java.SeleniumDriver] [  921] - Action Type : selectframe
[INFO ][2016-02-08 11:58:21,069][com.java.SeleniumDriver] [  930] -  RESULT true
[INFO ][2016-02-08 11:58:21,069][com.java.SeleniumDriver] [ 1136] - ?   P A S S   ?
[INFO ][2016-02-08 11:58:21,069][com.java.SeleniumDriver] [  856] - ------------------------------------------
[INFO ][2016-02-08 11:58:21,069][com.java.SeleniumDriver] [  857] - Test case being Executed: 13
[INFO ][2016-02-08 11:58:21,069][com.java.SeleniumDriver] [  869] - Test step:15
[INFO ][2016-02-08 11:58:21,069][com.java.SeleniumDriver] [  881] - Datavalue is----------null
[DEBUG][2016-02-08 11:58:21,069][com.java.SeleniumDriver] [  899] - Exception: null
[INFO ][2016-02-08 11:58:21,069][com.java.SeleniumDriver] [  905] - DataField : CHKchkRated.1
[INFO ][2016-02-08 11:58:21,069][com.java.SeleniumDriver] [  907] - DataValue : 
[INFO ][2016-02-08 11:58:21,069][com.java.SeleniumDriver] [  913] - <In Set values of the page>
[INFO ][2016-02-08 11:58:21,069][com.java.SeleniumDriver] [  916] - {Data Fields & Data Values Exist}
[INFO ][2016-02-08 11:58:21,069][com.java.SeleniumDriver] [  918] - --------------------------setting values-----------------------------
[INFO ][2016-02-08 11:58:21,069][com.java.SeleniumDriver] [  921] - Action Type : Uncheck
[INFO ][2016-02-08 11:58:26,735][com.java.SeleniumDriver] [  930] -  RESULT true
[INFO ][2016-02-08 11:58:26,735][com.java.SeleniumDriver] [ 1136] - ?   P A S S   ?
[INFO ][2016-02-08 11:58:26,735][com.java.SeleniumDriver] [  856] - ------------------------------------------
[INFO ][2016-02-08 11:58:26,735][com.java.SeleniumDriver] [  857] - Test case being Executed: 13
[INFO ][2016-02-08 11:58:26,735][com.java.SeleniumDriver] [  869] - Test step:16
[INFO ][2016-02-08 11:58:26,735][com.java.SeleniumDriver] [  881] - Datavalue is----------null
[DEBUG][2016-02-08 11:58:26,735][com.java.SeleniumDriver] [  899] - Exception: null
[INFO ][2016-02-08 11:58:26,735][com.java.SeleniumDriver] [  905] - DataField : BTNparent
[INFO ][2016-02-08 11:58:26,735][com.java.SeleniumDriver] [  907] - DataValue : 
[INFO ][2016-02-08 11:58:26,735][com.java.SeleniumDriver] [  913] - <In Set values of the page>
[INFO ][2016-02-08 11:58:26,735][com.java.SeleniumDriver] [  916] - {Data Fields & Data Values Exist}
[INFO ][2016-02-08 11:58:26,735][com.java.SeleniumDriver] [  918] - --------------------------setting values-----------------------------
[INFO ][2016-02-08 11:58:26,735][com.java.SeleniumDriver] [  921] - Action Type : selectframe
[INFO ][2016-02-08 11:58:26,736][com.java.SeleniumDriver] [  930] -  RESULT true
[INFO ][2016-02-08 11:58:26,736][com.java.SeleniumDriver] [ 1136] - ?   P A S S   ?
[INFO ][2016-02-08 11:58:26,736][com.java.SeleniumDriver] [  856] - ------------------------------------------
[INFO ][2016-02-08 11:58:26,736][com.java.SeleniumDriver] [  857] - Test case being Executed: 13
[INFO ][2016-02-08 11:58:26,736][com.java.SeleniumDriver] [  869] - Test step:17
[INFO ][2016-02-08 11:58:26,736][com.java.SeleniumDriver] [  881] - Datavalue is----------null
[DEBUG][2016-02-08 11:58:26,736][com.java.SeleniumDriver] [  899] - Exception: null
[INFO ][2016-02-08 11:58:26,736][com.java.SeleniumDriver] [  905] - DataField : HDN//span[contains(text(),'Update')]
[INFO ][2016-02-08 11:58:26,736][com.java.SeleniumDriver] [  907] - DataValue : 
[INFO ][2016-02-08 11:58:26,736][com.java.SeleniumDriver] [  913] - <In Set values of the page>
[INFO ][2016-02-08 11:58:26,736][com.java.SeleniumDriver] [  916] - {Data Fields & Data Values Exist}
[INFO ][2016-02-08 11:58:26,736][com.java.SeleniumDriver] [  918] - --------------------------setting values-----------------------------
[INFO ][2016-02-08 11:58:26,736][com.java.SeleniumDriver] [  921] - Action Type : click
[INFO ][2016-02-08 11:58:26,736][com.java.TestType] [ 7122] - Field ::HDN//span[contains(text(),'Update')]
[INFO ][2016-02-08 11:58:26,736][com.java.TestType] [ 6727] - value = 
[INFO ][2016-02-08 11:58:28,032][com.java.SeleniumDriver] [  930] -  RESULT true
[INFO ][2016-02-08 11:58:28,032][com.java.SeleniumDriver] [ 1136] - ?   P A S S   ?
[INFO ][2016-02-08 11:58:28,032][com.java.SeleniumDriver] [  856] - ------------------------------------------
[INFO ][2016-02-08 11:58:28,032][com.java.SeleniumDriver] [  857] - Test case being Executed: 13
[INFO ][2016-02-08 11:58:28,032][com.java.SeleniumDriver] [  869] - Test step:18
[INFO ][2016-02-08 11:58:28,032][com.java.SeleniumDriver] [  881] - Datavalue is----------//span[@class='ui-dialog-title']
[INFO ][2016-02-08 11:58:28,032][com.java.SeleniumDriver] [  905] - DataField : BTN
[INFO ][2016-02-08 11:58:28,032][com.java.SeleniumDriver] [  907] - DataValue : //span[@class='ui-dialog-title']
[INFO ][2016-02-08 11:58:28,032][com.java.SeleniumDriver] [  913] - <In Set values of the page>
[INFO ][2016-02-08 11:58:28,032][com.java.SeleniumDriver] [  916] - {Data Fields & Data Values Exist}
[INFO ][2016-02-08 11:58:28,032][com.java.SeleniumDriver] [  918] - --------------------------setting values-----------------------------
[INFO ][2016-02-08 11:58:28,032][com.java.SeleniumDriver] [  921] - Action Type : verifynotpresent
[INFO ][2016-02-08 11:58:28,032][com.java.TestType] [10177] - field= BTN value= //span[@class='ui-dialog-title']
[INFO ][2016-02-08 11:58:48,062][com.java.SeleniumDriver] [  930] -  RESULT true
[INFO ][2016-02-08 11:58:48,062][com.java.SeleniumDriver] [ 1136] - ?   P A S S   ?
[INFO ][2016-02-08 11:58:48,062][com.java.SeleniumDriver] [  856] - ------------------------------------------
[INFO ][2016-02-08 11:58:48,062][com.java.SeleniumDriver] [  857] - Test case being Executed: 13
[INFO ][2016-02-08 11:58:48,062][com.java.SeleniumDriver] [  869] - Test step:19
[INFO ][2016-02-08 11:58:48,062][com.java.SeleniumDriver] [  881] - Datavalue is----------null
[DEBUG][2016-02-08 11:58:48,062][com.java.SeleniumDriver] [  899] - Exception: null
[INFO ][2016-02-08 11:58:48,062][com.java.SeleniumDriver] [  905] - DataField : //span[@class='icon-user4']&&//a[text()='Company Settings']&&//a[@data-id="RatedLoans"]
[INFO ][2016-02-08 11:58:48,062][com.java.SeleniumDriver] [  907] - DataValue : 
[INFO ][2016-02-08 11:58:48,062][com.java.SeleniumDriver] [  913] - <In Set values of the page>
[INFO ][2016-02-08 11:58:48,062][com.java.SeleniumDriver] [  916] - {Data Fields & Data Values Exist}
[INFO ][2016-02-08 11:58:48,062][com.java.SeleniumDriver] [  918] - --------------------------setting values-----------------------------
[INFO ][2016-02-08 11:58:48,062][com.java.SeleniumDriver] [  921] - Action Type : mouseover
[INFO ][2016-02-08 11:59:33,211][com.java.SeleniumDriver] [  930] -  RESULT true
[INFO ][2016-02-08 11:59:33,211][com.java.SeleniumDriver] [ 1136] - ?   P A S S   ?
[INFO ][2016-02-08 11:59:33,211][com.java.SeleniumDriver] [  856] - ------------------------------------------
[INFO ][2016-02-08 11:59:33,211][com.java.SeleniumDriver] [  857] - Test case being Executed: 13
[INFO ][2016-02-08 11:59:33,211][com.java.SeleniumDriver] [  869] - Test step:20
[INFO ][2016-02-08 11:59:33,211][com.java.SeleniumDriver] [  881] - Datavalue is----------Rated Loan Categories
[INFO ][2016-02-08 11:59:33,211][com.java.SeleniumDriver] [  905] - DataField : XPH//span[@class='ui-dialog-title']
[INFO ][2016-02-08 11:59:33,211][com.java.SeleniumDriver] [  907] - DataValue : Rated Loan Categories
[INFO ][2016-02-08 11:59:33,211][com.java.SeleniumDriver] [  913] - <In Set values of the page>
[INFO ][2016-02-08 11:59:33,211][com.java.SeleniumDriver] [  916] - {Data Fields & Data Values Exist}
[INFO ][2016-02-08 11:59:33,211][com.java.SeleniumDriver] [  918] - --------------------------setting values-----------------------------
[INFO ][2016-02-08 11:59:33,211][com.java.SeleniumDriver] [  921] - Action Type : verify
[INFO ][2016-02-08 11:59:33,211][com.java.TestType] [ 8355] - field= XPH//span[@class='ui-dialog-title'] value= Rated Loan Categories
[INFO ][2016-02-08 11:59:33,211][com.java.TestType] [ 6727] - value = Rated Loan Categories
[INFO ][2016-02-08 11:59:33,383][com.java.SeleniumDriver] [  930] -  RESULT true
[INFO ][2016-02-08 11:59:33,383][com.java.SeleniumDriver] [ 1136] - ?   P A S S   ?
[INFO ][2016-02-08 11:59:33,383][com.java.SeleniumDriver] [  856] - ------------------------------------------
[INFO ][2016-02-08 11:59:33,383][com.java.SeleniumDriver] [  857] - Test case being Executed: 13
[INFO ][2016-02-08 11:59:33,383][com.java.SeleniumDriver] [  869] - Test step:21
[INFO ][2016-02-08 11:59:33,383][com.java.SeleniumDriver] [  881] - Datavalue is----------null
[DEBUG][2016-02-08 11:59:33,383][com.java.SeleniumDriver] [  899] - Exception: null
[INFO ][2016-02-08 11:59:33,383][com.java.SeleniumDriver] [  905] - DataField : BTNframeDialogContent
[INFO ][2016-02-08 11:59:33,383][com.java.SeleniumDriver] [  907] - DataValue : 
[INFO ][2016-02-08 11:59:33,383][com.java.SeleniumDriver] [  913] - <In Set values of the page>
[INFO ][2016-02-08 11:59:33,383][com.java.SeleniumDriver] [  916] - {Data Fields & Data Values Exist}
[INFO ][2016-02-08 11:59:33,383][com.java.SeleniumDriver] [  918] - --------------------------setting values-----------------------------
[INFO ][2016-02-08 11:59:33,383][com.java.SeleniumDriver] [  921] - Action Type : selectframe
[INFO ][2016-02-08 11:59:34,726][com.java.SeleniumDriver] [  930] -  RESULT true
[INFO ][2016-02-08 11:59:34,726][com.java.SeleniumDriver] [ 1136] - ?   P A S S   ?
[INFO ][2016-02-08 11:59:34,726][com.java.SeleniumDriver] [  856] - ------------------------------------------
[INFO ][2016-02-08 11:59:34,726][com.java.SeleniumDriver] [  857] - Test case being Executed: 13
[INFO ][2016-02-08 11:59:34,726][com.java.SeleniumDriver] [  869] - Test step:22
[INFO ][2016-02-08 11:59:34,726][com.java.SeleniumDriver] [  881] - Datavalue is----------//input[@id='chkRated.2' and @checked='']
[INFO ][2016-02-08 11:59:34,726][com.java.SeleniumDriver] [  905] - DataField : BTN
[INFO ][2016-02-08 11:59:34,726][com.java.SeleniumDriver] [  907] - DataValue : //input[@id='chkRated.2' and @checked='']
[INFO ][2016-02-08 11:59:34,726][com.java.SeleniumDriver] [  913] - <In Set values of the page>
[INFO ][2016-02-08 11:59:34,726][com.java.SeleniumDriver] [  916] - {Data Fields & Data Values Exist}
[INFO ][2016-02-08 11:59:34,726][com.java.SeleniumDriver] [  918] - --------------------------setting values-----------------------------
[INFO ][2016-02-08 11:59:34,726][com.java.SeleniumDriver] [  921] - Action Type : verify
[INFO ][2016-02-08 11:59:34,726][com.java.TestType] [ 8355] - field= BTN value= //input[@id='chkRated.2' and @checked='']
[INFO ][2016-02-08 11:59:34,726][com.java.TestType] [ 6727] - value = //input[@id='chkRated.2' and @checked='']
[INFO ][2016-02-08 11:59:34,773][com.java.SeleniumDriver] [  930] -  RESULT true
[INFO ][2016-02-08 11:59:34,773][com.java.SeleniumDriver] [ 1136] - ?   P A S S   ?
[INFO ][2016-02-08 11:59:34,773][com.java.SeleniumDriver] [  856] - ------------------------------------------
[INFO ][2016-02-08 11:59:34,773][com.java.SeleniumDriver] [  857] - Test case being Executed: 13
[INFO ][2016-02-08 11:59:34,773][com.java.SeleniumDriver] [  869] - Test step:23
[INFO ][2016-02-08 11:59:34,773][com.java.SeleniumDriver] [  881] - Datavalue is----------//input[@id='chkRated.1' and @checked='']
[INFO ][2016-02-08 11:59:34,773][com.java.SeleniumDriver] [  905] - DataField : BTN
[INFO ][2016-02-08 11:59:34,773][com.java.SeleniumDriver] [  907] - DataValue : //input[@id='chkRated.1' and @checked='']
[INFO ][2016-02-08 11:59:34,773][com.java.SeleniumDriver] [  913] - <In Set values of the page>
[INFO ][2016-02-08 11:59:34,773][com.java.SeleniumDriver] [  916] - {Data Fields & Data Values Exist}
[INFO ][2016-02-08 11:59:34,773][com.java.SeleniumDriver] [  918] - --------------------------setting values-----------------------------
[INFO ][2016-02-08 11:59:34,773][com.java.SeleniumDriver] [  921] - Action Type : verifynotpresent
[INFO ][2016-02-08 11:59:34,773][com.java.TestType] [10177] - field= BTN value= //input[@id='chkRated.1' and @checked='']
[INFO ][2016-02-08 11:59:55,583][com.java.SeleniumDriver] [  930] -  RESULT true
[INFO ][2016-02-08 11:59:55,583][com.java.SeleniumDriver] [ 1136] - ?   P A S S   ?
[DEBUG][2016-02-08 11:59:55,583][com.java.SeleniumDriver] [ 1248] - Case found
[DEBUG][2016-02-08 11:59:55,583][com.java.SeleniumDriver] [ 1253] - Incrementing ReportCounters[0]:2
[INFO ][2016-02-08 11:59:55,583][com.java.SeleniumDriver] [ 1272] - The results are-------------------[13, 1, Admin: Company Settings: Rated Loan Categories: Mark Category as Rated Loan, Pass, , Mon Feb 08 11:56:11 IST 2016, 13, 3, Admin: Company Settings: Rated Loan Categories: Mark Category as Rated Loan, Pass, , Mon Feb 08 11:56:16 IST 2016, 13, 4, Admin: Company Settings: Rated Loan Categories: Mark Category as Rated Loan, Pass, , Mon Feb 08 11:57:01 IST 2016, 13, 5, Admin: Company Settings: Rated Loan Categories: Mark Category as Rated Loan, Pass, , Mon Feb 08 11:57:01 IST 2016, 13, 6, Admin: Company Settings: Rated Loan Categories: Mark Category as Rated Loan, Pass, , Mon Feb 08 11:57:03 IST 2016, 13, 7, Admin: Company Settings: Rated Loan Categories: Mark Category as Rated Loan, Pass, , Mon Feb 08 11:57:08 IST 2016, 13, 8, Admin: Company Settings: Rated Loan Categories: Mark Category as Rated Loan, Pass, , Mon Feb 08 11:57:13 IST 2016, 13, 9, Admin: Company Settings: Rated Loan Categories: Mark Category as Rated Loan, Pass, , Mon Feb 08 11:57:13 IST 2016, 13, 10, Admin: Company Settings: Rated Loan Categories: Mark Category as Rated Loan, Pass, , Mon Feb 08 11:57:14 IST 2016, 13, 11, Admin: Company Settings: Rated Loan Categories: Mark Category as Rated Loan, Pass, , Mon Feb 08 11:57:34 IST 2016, 13, 12, Admin: Company Settings: Rated Loan Categories: Mark Category as Rated Loan, Pass, , Mon Feb 08 11:58:19 IST 2016, 13, 13, Admin: Company Settings: Rated Loan Categories: Mark Category as Rated Loan, Pass, , Mon Feb 08 11:58:19 IST 2016, 13, 14, Admin: Company Settings: Rated Loan Categories: Mark Category as Rated Loan, Pass, , Mon Feb 08 11:58:21 IST 2016, 13, 15, Admin: Company Settings: Rated Loan Categories: Mark Category as Rated Loan, Pass, , Mon Feb 08 11:58:26 IST 2016, 13, 16, Admin: Company Settings: Rated Loan Categories: Mark Category as Rated Loan, Pass, , Mon Feb 08 11:58:26 IST 2016, 13, 17, Admin: Company Settings: Rated Loan Categories: Mark Category as Rated Loan, Pass, , Mon Feb 08 11:58:28 IST 2016, 13, 18, Admin: Company Settings: Rated Loan Categories: Mark Category as Rated Loan, Pass, , Mon Feb 08 11:58:48 IST 2016, 13, 19, Admin: Company Settings: Rated Loan Categories: Mark Category as Rated Loan, Pass, , Mon Feb 08 11:59:33 IST 2016, 13, 20, Admin: Company Settings: Rated Loan Categories: Mark Category as Rated Loan, Pass, , Mon Feb 08 11:59:33 IST 2016, 13, 21, Admin: Company Settings: Rated Loan Categories: Mark Category as Rated Loan, Pass, , Mon Feb 08 11:59:34 IST 2016, 13, 22, Admin: Company Settings: Rated Loan Categories: Mark Category as Rated Loan, Pass, , Mon Feb 08 11:59:34 IST 2016, 13, 23, Admin: Company Settings: Rated Loan Categories: Mark Category as Rated Loan, Pass, , Mon Feb 08 11:59:55 IST 2016]
[INFO ][2016-02-08 11:59:55,583][com.java.SeleniumDriver] [ 1276] - End time is-------4 min 51 sec
[INFO ][2016-02-08 11:59:55,583][com.java.SeleniumDriver] [ 1277] - The results are-------------------[13, 1, Admin: Company Settings: Rated Loan Categories: Mark Category as Rated Loan, Pass, , Mon Feb 08 11:56:11 IST 2016, 13, 3, Admin: Company Settings: Rated Loan Categories: Mark Category as Rated Loan, Pass, , Mon Feb 08 11:56:16 IST 2016, 13, 4, Admin: Company Settings: Rated Loan Categories: Mark Category as Rated Loan, Pass, , Mon Feb 08 11:57:01 IST 2016, 13, 5, Admin: Company Settings: Rated Loan Categories: Mark Category as Rated Loan, Pass, , Mon Feb 08 11:57:01 IST 2016, 13, 6, Admin: Company Settings: Rated Loan Categories: Mark Category as Rated Loan, Pass, , Mon Feb 08 11:57:03 IST 2016, 13, 7, Admin: Company Settings: Rated Loan Categories: Mark Category as Rated Loan, Pass, , Mon Feb 08 11:57:08 IST 2016, 13, 8, Admin: Company Settings: Rated Loan Categories: Mark Category as Rated Loan, Pass, , Mon Feb 08 11:57:13 IST 2016, 13, 9, Admin: Company Settings: Rated Loan Categories: Mark Category as Rated Loan, Pass, , Mon Feb 08 11:57:13 IST 2016, 13, 10, Admin: Company Settings: Rated Loan Categories: Mark Category as Rated Loan, Pass, , Mon Feb 08 11:57:14 IST 2016, 13, 11, Admin: Company Settings: Rated Loan Categories: Mark Category as Rated Loan, Pass, , Mon Feb 08 11:57:34 IST 2016, 13, 12, Admin: Company Settings: Rated Loan Categories: Mark Category as Rated Loan, Pass, , Mon Feb 08 11:58:19 IST 2016, 13, 13, Admin: Company Settings: Rated Loan Categories: Mark Category as Rated Loan, Pass, , Mon Feb 08 11:58:19 IST 2016, 13, 14, Admin: Company Settings: Rated Loan Categories: Mark Category as Rated Loan, Pass, , Mon Feb 08 11:58:21 IST 2016, 13, 15, Admin: Company Settings: Rated Loan Categories: Mark Category as Rated Loan, Pass, , Mon Feb 08 11:58:26 IST 2016, 13, 16, Admin: Company Settings: Rated Loan Categories: Mark Category as Rated Loan, Pass, , Mon Feb 08 11:58:26 IST 2016, 13, 17, Admin: Company Settings: Rated Loan Categories: Mark Category as Rated Loan, Pass, , Mon Feb 08 11:58:28 IST 2016, 13, 18, Admin: Company Settings: Rated Loan Categories: Mark Category as Rated Loan, Pass, , Mon Feb 08 11:58:48 IST 2016, 13, 19, Admin: Company Settings: Rated Loan Categories: Mark Category as Rated Loan, Pass, , Mon Feb 08 11:59:33 IST 2016, 13, 20, Admin: Company Settings: Rated Loan Categories: Mark Category as Rated Loan, Pass, , Mon Feb 08 11:59:33 IST 2016, 13, 21, Admin: Company Settings: Rated Loan Categories: Mark Category as Rated Loan, Pass, , Mon Feb 08 11:59:34 IST 2016, 13, 22, Admin: Company Settings: Rated Loan Categories: Mark Category as Rated Loan, Pass, , Mon Feb 08 11:59:34 IST 2016, 13, 23, Admin: Company Settings: Rated Loan Categories: Mark Category as Rated Loan, Pass, , Mon Feb 08 11:59:55 IST 2016]
[DEBUG][2016-02-08 11:59:55,583][com.java.ImportnExport.ExportTestResultsExcel] [  222] - testResultPath = D:\BankersDashboard/TestReports/Test Results_BankersDashBoard_020816_115506_IE10_United Bank.xls
[DEBUG][2016-02-08 11:59:55,583][com.java.ImportnExport.ExportTestResultsExcel] [  223] - browser is------------IE10
[DEBUG][2016-02-08 11:59:55,583][com.java.ImportnExport.ExportTestResultsExcel] [  270] - result.size() = 132
[DEBUG][2016-02-08 11:59:55,583][com.java.ImportnExport.ExportTestResultsExcel] [  274] - No of rows in sheet=2
[DEBUG][2016-02-08 11:59:55,583][com.java.ImportnExport.ExportTestResultsExcel] [  301] - ..in export..13
[DEBUG][2016-02-08 11:59:55,583][com.java.ImportnExport.ExportTestResultsExcel] [  301] - ..in export..Admin: Company Settings: Rated Loan Categories: Mark Category as Rated Loan
[DEBUG][2016-02-08 11:59:55,583][com.java.ImportnExport.ExportTestResultsExcel] [  301] - ..in export..Pass
[DEBUG][2016-02-08 11:59:55,583][com.java.ImportnExport.ExportTestResultsExcel] [  301] - ..in export..
[DEBUG][2016-02-08 11:59:55,583][com.java.ImportnExport.ExportTestResultsExcel] [  301] - ..in export..Mon Feb 08 11:56:11 IST 2016
[INFO ][2016-02-08 11:59:55,583][com.java.SeleniumDriver] [ 1337] - out loop:1 size:13 TestCases:[1, 13, 16, 19, 20, 30, 38, 41, 42, 43, 44, 49, 50] testcases:[1, 13, 16, 19, 20, 30, 38, 41, 42, 43, 44, 49, 50]
[INFO ][2016-02-08 11:59:55,583][com.java.ImportnExport.ImportTestDataDetailsExcel] [   49] - test data details path===== D:\BankersDashboard\TestInputs\TestData.xls
[INFO ][2016-02-08 12:00:16,197][com.java.SeleniumDriver] [  856] - ------------------------------------------
[INFO ][2016-02-08 12:00:16,197][com.java.SeleniumDriver] [  857] - Test case being Executed: 16
[INFO ][2016-02-08 12:00:16,197][com.java.SeleniumDriver] [  869] - Test step:1
[INFO ][2016-02-08 12:00:16,197][com.java.SeleniumDriver] [  881] - Datavalue is----------Logout
[INFO ][2016-02-08 12:00:16,197][com.java.SeleniumDriver] [  905] - DataField : BTN
[INFO ][2016-02-08 12:00:16,197][com.java.SeleniumDriver] [  907] - DataValue : Logout
[INFO ][2016-02-08 12:00:16,197][com.java.SeleniumDriver] [  913] - <In Set values of the page>
[INFO ][2016-02-08 12:00:16,197][com.java.SeleniumDriver] [  916] - {Data Fields & Data Values Exist}
[INFO ][2016-02-08 12:00:16,197][com.java.SeleniumDriver] [  918] - --------------------------setting values-----------------------------
[INFO ][2016-02-08 12:00:16,197][com.java.SeleniumDriver] [  921] - Action Type : Verify
[INFO ][2016-02-08 12:00:16,197][com.java.TestType] [ 8355] - field= BTN value= Logout
[INFO ][2016-02-08 12:00:16,197][com.java.TestType] [ 6727] - value = Logout
[INFO ][2016-02-08 12:00:16,307][com.java.SeleniumDriver] [  930] -  RESULT true
[INFO ][2016-02-08 12:00:16,307][com.java.SeleniumDriver] [ 1136] - ?   P A S S   ?
[INFO ][2016-02-08 12:00:16,307][com.java.SeleniumDriver] [ 1178] - step change to 3
[INFO ][2016-02-08 12:00:16,307][com.java.SeleniumDriver] [  856] - ------------------------------------------
[INFO ][2016-02-08 12:00:16,307][com.java.SeleniumDriver] [  857] - Test case being Executed: 16
[INFO ][2016-02-08 12:00:16,307][com.java.SeleniumDriver] [  869] - Test step:3
[INFO ][2016-02-08 12:00:16,307][com.java.SeleniumDriver] [  881] - Datavalue is----------Concept#2:1-2
[INFO ][2016-02-08 12:00:16,307][com.java.SeleniumDriver] [  905] - DataField : test
[INFO ][2016-02-08 12:00:16,307][com.java.SeleniumDriver] [  907] - DataValue : Concept#2:1-2
[INFO ][2016-02-08 12:00:16,307][com.java.SeleniumDriver] [  913] - <In Set values of the page>
[INFO ][2016-02-08 12:00:16,307][com.java.SeleniumDriver] [  916] - {Data Fields & Data Values Exist}
[INFO ][2016-02-08 12:00:16,307][com.java.SeleniumDriver] [  918] - --------------------------setting values-----------------------------
[INFO ][2016-02-08 12:00:16,307][com.java.SeleniumDriver] [  921] - Action Type : ExecuteTestCase
[INFO ][2016-02-08 12:00:16,307][com.java.TestType] [  448] - The Concept sheet name is ---------- Concept
[INFO ][2016-02-08 12:00:16,307][com.java.TestType] [  451] - The Concept ID  is ---------- 2
[DEBUG][2016-02-08 12:00:16,307][com.java.TestType] [  455] - Steps being executted in the Concept are: 1:2
[INFO ][2016-02-08 12:00:16,307][com.java.TestType] [  462] - Test data details path ---------- D:\BankersDashboard\TestInputs\TestData.xls
[INFO ][2016-02-08 12:00:16,338][com.java.TestType] [  493] -  str(1) = 2
[INFO ][2016-02-08 12:00:16,338][com.java.TestType] [  496] - Test case Id is---2
[INFO ][2016-02-08 12:00:16,338][com.java.TestType] [  498] - 2
[INFO ][2016-02-08 12:00:16,338][com.java.TestType] [  493] -  str(2) = 1
[INFO ][2016-02-08 12:00:16,338][com.java.TestType] [  493] -  str(1) = 2
[INFO ][2016-02-08 12:00:16,338][com.java.TestType] [  496] - Test case Id is---2
[INFO ][2016-02-08 12:00:16,338][com.java.TestType] [  498] - 2
[INFO ][2016-02-08 12:00:16,338][com.java.TestType] [  493] -  str(2) = 2
[INFO ][2016-02-08 12:00:16,338][com.java.TestType] [  493] -  str(1) = 2
[INFO ][2016-02-08 12:00:16,338][com.java.TestType] [  496] - Test case Id is---2
[INFO ][2016-02-08 12:00:16,338][com.java.TestType] [  498] - 2
[INFO ][2016-02-08 12:00:16,338][com.java.TestType] [  493] -  str(2) = 3
[INFO ][2016-02-08 12:00:16,338][com.java.TestType] [12093] - Looping 1TCID = 2
[DEBUG][2016-02-08 12:00:16,338][com.java.TestType] [12134] - Concept ID:2 :: Step being Executed: 2::1
[INFO ][2016-02-08 12:00:16,338][com.java.TestType] [12172] - dataFields : BNK//select[@id='bank']
[DEBUG][2016-02-08 12:00:16,338][com.java.TestType] [12178] - <In Set values of the page>
[DEBUG][2016-02-08 12:00:16,338][com.java.TestType] [12183] - {Data Fields & Data Values Exist}
[INFO ][2016-02-08 12:00:16,338][com.java.TestType] [12189] - --------------------------setting values-----------------------------
[INFO ][2016-02-08 12:00:16,338][com.java.TestType] [12192] - Action Type : Select
[INFO ][2016-02-08 12:00:16,338][com.java.TestType] [ 6727] - value = PFC
[INFO ][2016-02-08 12:00:16,541][com.java.TestType] [12211] -  RESULT true
[INFO ][2016-02-08 12:00:16,541][com.java.TestType] [12328] - ?   P A S S   ?
[DEBUG][2016-02-08 12:00:16,541][com.java.TestType] [12134] - Concept ID:2 :: Step being Executed: 2::2
[INFO ][2016-02-08 12:00:16,541][com.java.TestType] [12172] - dataFields : LNKLogout
[DEBUG][2016-02-08 12:00:16,541][com.java.TestType] [12178] - <In Set values of the page>
[DEBUG][2016-02-08 12:00:16,541][com.java.TestType] [12183] - {Data Fields & Data Values Exist}
[INFO ][2016-02-08 12:00:16,541][com.java.TestType] [12189] - --------------------------setting values-----------------------------
[INFO ][2016-02-08 12:00:16,541][com.java.TestType] [12192] - Action Type : WaitTime
[DEBUG][2016-02-08 12:00:16,541][com.java.TestType] [ 6541] - sleepTime: 5000
[INFO ][2016-02-08 12:00:21,549][com.java.TestType] [12211] -  RESULT true
[INFO ][2016-02-08 12:00:21,549][com.java.TestType] [12328] - ?   P A S S   ?
[INFO ][2016-02-08 12:00:21,549][com.java.TestType] [12399] - Looping End......
[INFO ][2016-02-08 12:00:21,549][com.java.SeleniumDriver] [  930] -  RESULT true
[INFO ][2016-02-08 12:00:21,549][com.java.SeleniumDriver] [ 1136] - ?   P A S S   ?
[INFO ][2016-02-08 12:00:21,549][com.java.SeleniumDriver] [  856] - ------------------------------------------
[INFO ][2016-02-08 12:00:21,549][com.java.SeleniumDriver] [  857] - Test case being Executed: 16
[INFO ][2016-02-08 12:00:21,549][com.java.SeleniumDriver] [  869] - Test step:4
[INFO ][2016-02-08 12:00:21,549][com.java.SeleniumDriver] [  881] - Datavalue is----------Concept#101:1-67
[INFO ][2016-02-08 12:00:21,549][com.java.SeleniumDriver] [  905] - DataField : test
[INFO ][2016-02-08 12:00:21,549][com.java.SeleniumDriver] [  907] - DataValue : Concept#101:1-67
[INFO ][2016-02-08 12:00:21,549][com.java.SeleniumDriver] [  913] - <In Set values of the page>
[INFO ][2016-02-08 12:00:21,549][com.java.SeleniumDriver] [  916] - {Data Fields & Data Values Exist}
[INFO ][2016-02-08 12:00:21,549][com.java.SeleniumDriver] [  918] - --------------------------setting values-----------------------------
[INFO ][2016-02-08 12:00:21,549][com.java.SeleniumDriver] [  921] - Action Type : ExecuteTestCase
[INFO ][2016-02-08 12:00:21,549][com.java.TestType] [  448] - The Concept sheet name is ---------- Concept
[INFO ][2016-02-08 12:00:21,549][com.java.TestType] [  451] - The Concept ID  is ---------- 101
[DEBUG][2016-02-08 12:00:21,549][com.java.TestType] [  455] - Steps being executted in the Concept are: 1:67
[INFO ][2016-02-08 12:00:21,549][com.java.TestType] [  462] - Test data details path ---------- D:\BankersDashboard\TestInputs\TestData.xls
[INFO ][2016-02-08 12:00:21,597][com.java.TestType] [  493] -  str(1) = 101
[INFO ][2016-02-08 12:00:21,597][com.java.TestType] [  496] - Test case Id is---101
[INFO ][2016-02-08 12:00:21,597][com.java.TestType] [  498] - 101
[INFO ][2016-02-08 12:00:21,597][com.java.TestType] [  493] -  str(2) = 1
[INFO ][2016-02-08 12:00:21,597][com.java.TestType] [  493] -  str(1) = 101
[INFO ][2016-02-08 12:00:21,597][com.java.TestType] [  496] - Test case Id is---101
[INFO ][2016-02-08 12:00:21,597][com.java.TestType] [  498] - 101
[INFO ][2016-02-08 12:00:21,597][com.java.TestType] [  493] -  str(2) = 2
[INFO ][2016-02-08 12:00:21,597][com.java.TestType] [  493] -  str(1) = 101
[INFO ][2016-02-08 12:00:21,597][com.java.TestType] [  496] - Test case Id is---101
[INFO ][2016-02-08 12:00:21,597][com.java.TestType] [  498] - 101
[INFO ][2016-02-08 12:00:21,597][com.java.TestType] [  493] -  str(2) = 3
[INFO ][2016-02-08 12:00:21,597][com.java.TestType] [  493] -  str(1) = 101
[INFO ][2016-02-08 12:00:21,597][com.java.TestType] [  496] - Test case Id is---101
[INFO ][2016-02-08 12:00:21,597][com.java.TestType] [  498] - 101
[INFO ][2016-02-08 12:00:21,597][com.java.TestType] [  493] -  str(2) = 4
[INFO ][2016-02-08 12:00:21,597][com.java.TestType] [  493] -  str(1) = 101
[INFO ][2016-02-08 12:00:21,597][com.java.TestType] [  496] - Test case Id is---101
[INFO ][2016-02-08 12:00:21,597][com.java.TestType] [  498] - 101
[INFO ][2016-02-08 12:00:21,597][com.java.TestType] [  493] -  str(2) = 5
[INFO ][2016-02-08 12:00:21,597][com.java.TestType] [  493] -  str(1) = 101
[INFO ][2016-02-08 12:00:21,597][com.java.TestType] [  496] - Test case Id is---101
[INFO ][2016-02-08 12:00:21,597][com.java.TestType] [  498] - 101
[INFO ][2016-02-08 12:00:21,597][com.java.TestType] [  493] -  str(2) = 6
[INFO ][2016-02-08 12:00:21,597][com.java.TestType] [  493] -  str(1) = 101
[INFO ][2016-02-08 12:00:21,597][com.java.TestType] [  496] - Test case Id is---101
[INFO ][2016-02-08 12:00:21,597][com.java.TestType] [  498] - 101
[INFO ][2016-02-08 12:00:21,597][com.java.TestType] [  493] -  str(2) = 7
[INFO ][2016-02-08 12:00:21,597][com.java.TestType] [  493] -  str(1) = 101
[INFO ][2016-02-08 12:00:21,597][com.java.TestType] [  496] - Test case Id is---101
[INFO ][2016-02-08 12:00:21,597][com.java.TestType] [  498] - 101
[INFO ][2016-02-08 12:00:21,597][com.java.TestType] [  493] -  str(2) = 8
[INFO ][2016-02-08 12:00:21,597][com.java.TestType] [  493] -  str(1) = 101
[INFO ][2016-02-08 12:00:21,597][com.java.TestType] [  496] - Test case Id is---101
[INFO ][2016-02-08 12:00:21,597][com.java.TestType] [  498] - 101
[INFO ][2016-02-08 12:00:21,597][com.java.TestType] [  493] -  str(2) = 9
[INFO ][2016-02-08 12:00:21,597][com.java.TestType] [  493] -  str(1) = 101
[INFO ][2016-02-08 12:00:21,597][com.java.TestType] [  496] - Test case Id is---101
[INFO ][2016-02-08 12:00:21,597][com.java.TestType] [  498] - 101
[INFO ][2016-02-08 12:00:21,597][com.java.TestType] [  493] -  str(2) = 10
[INFO ][2016-02-08 12:00:21,597][com.java.TestType] [  493] -  str(1) = 101
[INFO ][2016-02-08 12:00:21,597][com.java.TestType] [  496] - Test case Id is---101
[INFO ][2016-02-08 12:00:21,597][com.java.TestType] [  498] - 101
[INFO ][2016-02-08 12:00:21,597][com.java.TestType] [  493] -  str(2) = 11
[INFO ][2016-02-08 12:00:21,597][com.java.TestType] [  493] -  str(1) = 101
[INFO ][2016-02-08 12:00:21,597][com.java.TestType] [  496] - Test case Id is---101
[INFO ][2016-02-08 12:00:21,597][com.java.TestType] [  498] - 101
[INFO ][2016-02-08 12:00:21,597][com.java.TestType] [  493] -  str(2) = 12
[INFO ][2016-02-08 12:00:21,612][com.java.TestType] [  493] -  str(1) = 101
[INFO ][2016-02-08 12:00:21,612][com.java.TestType] [  496] - Test case Id is---101
[INFO ][2016-02-08 12:00:21,612][com.java.TestType] [  498] - 101
[INFO ][2016-02-08 12:00:21,612][com.java.TestType] [  493] -  str(2) = 13
[INFO ][2016-02-08 12:00:21,612][com.java.TestType] [  493] -  str(1) = 101
[INFO ][2016-02-08 12:00:21,612][com.java.TestType] [  496] - Test case Id is---101
[INFO ][2016-02-08 12:00:21,612][com.java.TestType] [  498] - 101
[INFO ][2016-02-08 12:00:21,612][com.java.TestType] [  493] -  str(2) = 14
[INFO ][2016-02-08 12:00:21,612][com.java.TestType] [  493] -  str(1) = 101
[INFO ][2016-02-08 12:00:21,612][com.java.TestType] [  496] - Test case Id is---101
[INFO ][2016-02-08 12:00:21,612][com.java.TestType] [  498] - 101
[INFO ][2016-02-08 12:00:21,612][com.java.TestType] [  493] -  str(2) = 15
[INFO ][2016-02-08 12:00:21,612][com.java.TestType] [  493] -  str(1) = 101
[INFO ][2016-02-08 12:00:21,612][com.java.TestType] [  496] - Test case Id is---101
[INFO ][2016-02-08 12:00:21,612][com.java.TestType] [  498] - 101
[INFO ][2016-02-08 12:00:21,612][com.java.TestType] [  493] -  str(2) = 16
[INFO ][2016-02-08 12:00:21,612][com.java.TestType] [  493] -  str(1) = 101
[INFO ][2016-02-08 12:00:21,612][com.java.TestType] [  496] - Test case Id is---101
[INFO ][2016-02-08 12:00:21,612][com.java.TestType] [  498] - 101
[INFO ][2016-02-08 12:00:21,612][com.java.TestType] [  493] -  str(2) = 17
[INFO ][2016-02-08 12:00:21,612][com.java.TestType] [  493] -  str(1) = 101
[INFO ][2016-02-08 12:00:21,612][com.java.TestType] [  496] - Test case Id is---101
[INFO ][2016-02-08 12:00:21,612][com.java.TestType] [  498] - 101
[INFO ][2016-02-08 12:00:21,612][com.java.TestType] [  493] -  str(2) = 18
[INFO ][2016-02-08 12:00:21,612][com.java.TestType] [  493] -  str(1) = 101
[INFO ][2016-02-08 12:00:21,612][com.java.TestType] [  496] - Test case Id is---101
[INFO ][2016-02-08 12:00:21,612][com.java.TestType] [  498] - 101
[INFO ][2016-02-08 12:00:21,612][com.java.TestType] [  493] -  str(2) = 19
[INFO ][2016-02-08 12:00:21,612][com.java.TestType] [  493] -  str(1) = 101
[INFO ][2016-02-08 12:00:21,612][com.java.TestType] [  496] - Test case Id is---101
[INFO ][2016-02-08 12:00:21,612][com.java.TestType] [  498] - 101
[INFO ][2016-02-08 12:00:21,612][com.java.TestType] [  493] -  str(2) = 20
[INFO ][2016-02-08 12:00:21,612][com.java.TestType] [  493] -  str(1) = 101
[INFO ][2016-02-08 12:00:21,612][com.java.TestType] [  496] - Test case Id is---101
[INFO ][2016-02-08 12:00:21,612][com.java.TestType] [  498] - 101
[INFO ][2016-02-08 12:00:21,612][com.java.TestType] [  493] -  str(2) = 21
[INFO ][2016-02-08 12:00:21,612][com.java.TestType] [  493] -  str(1) = 101
[INFO ][2016-02-08 12:00:21,612][com.java.TestType] [  496] - Test case Id is---101
[INFO ][2016-02-08 12:00:21,612][com.java.TestType] [  498] - 101
[INFO ][2016-02-08 12:00:21,612][com.java.TestType] [  493] -  str(2) = 22
[INFO ][2016-02-08 12:00:21,612][com.java.TestType] [  493] -  str(1) = 101
[INFO ][2016-02-08 12:00:21,612][com.java.TestType] [  496] - Test case Id is---101
[INFO ][2016-02-08 12:00:21,612][com.java.TestType] [  498] - 101
[INFO ][2016-02-08 12:00:21,612][com.java.TestType] [  493] -  str(2) = 23
[INFO ][2016-02-08 12:00:21,612][com.java.TestType] [  493] -  str(1) = 101
[INFO ][2016-02-08 12:00:21,612][com.java.TestType] [  496] - Test case Id is---101
[INFO ][2016-02-08 12:00:21,612][com.java.TestType] [  498] - 101
[INFO ][2016-02-08 12:00:21,612][com.java.TestType] [  493] -  str(2) = 24
[INFO ][2016-02-08 12:00:21,612][com.java.TestType] [  493] -  str(1) = 101
[INFO ][2016-02-08 12:00:21,612][com.java.TestType] [  496] - Test case Id is---101
[INFO ][2016-02-08 12:00:21,612][com.java.TestType] [  498] - 101
[INFO ][2016-02-08 12:00:21,612][com.java.TestType] [  493] -  str(2) = 25
[INFO ][2016-02-08 12:00:21,612][com.java.TestType] [  493] -  str(1) = 101
[INFO ][2016-02-08 12:00:21,612][com.java.TestType] [  496] - Test case Id is---101
[INFO ][2016-02-08 12:00:21,612][com.java.TestType] [  498] - 101
[INFO ][2016-02-08 12:00:21,612][com.java.TestType] [  493] -  str(2) = 26
[INFO ][2016-02-08 12:00:21,612][com.java.TestType] [  493] -  str(1) = 101
[INFO ][2016-02-08 12:00:21,612][com.java.TestType] [  496] - Test case Id is---101
[INFO ][2016-02-08 12:00:21,612][com.java.TestType] [  498] - 101
[INFO ][2016-02-08 12:00:21,612][com.java.TestType] [  493] -  str(2) = 27
[INFO ][2016-02-08 12:00:21,612][com.java.TestType] [  493] -  str(1) = 101
[INFO ][2016-02-08 12:00:21,612][com.java.TestType] [  496] - Test case Id is---101
[INFO ][2016-02-08 12:00:21,612][com.java.TestType] [  498] - 101
[INFO ][2016-02-08 12:00:21,612][com.java.TestType] [  493] -  str(2) = 28
[INFO ][2016-02-08 12:00:21,612][com.java.TestType] [  493] -  str(1) = 101
[INFO ][2016-02-08 12:00:21,612][com.java.TestType] [  496] - Test case Id is---101
[INFO ][2016-02-08 12:00:21,612][com.java.TestType] [  498] - 101
[INFO ][2016-02-08 12:00:21,612][com.java.TestType] [  493] -  str(2) = 29
[INFO ][2016-02-08 12:00:21,612][com.java.TestType] [  493] -  str(1) = 101
[INFO ][2016-02-08 12:00:21,612][com.java.TestType] [  496] - Test case Id is---101
[INFO ][2016-02-08 12:00:21,612][com.java.TestType] [  498] - 101
[INFO ][2016-02-08 12:00:21,612][com.java.TestType] [  493] -  str(2) = 30
[INFO ][2016-02-08 12:00:21,628][com.java.TestType] [  493] -  str(1) = 101
[INFO ][2016-02-08 12:00:21,628][com.java.TestType] [  496] - Test case Id is---101
[INFO ][2016-02-08 12:00:21,628][com.java.TestType] [  498] - 101
[INFO ][2016-02-08 12:00:21,628][com.java.TestType] [  493] -  str(2) = 31
[INFO ][2016-02-08 12:00:21,628][com.java.TestType] [  493] -  str(1) = 101
[INFO ][2016-02-08 12:00:21,628][com.java.TestType] [  496] - Test case Id is---101
[INFO ][2016-02-08 12:00:21,628][com.java.TestType] [  498] - 101
[INFO ][2016-02-08 12:00:21,628][com.java.TestType] [  493] -  str(2) = 32
[INFO ][2016-02-08 12:00:21,628][com.java.TestType] [  493] -  str(1) = 101
[INFO ][2016-02-08 12:00:21,628][com.java.TestType] [  496] - Test case Id is---101
[INFO ][2016-02-08 12:00:21,628][com.java.TestType] [  498] - 101
[INFO ][2016-02-08 12:00:21,628][com.java.TestType] [  493] -  str(2) = 33
[INFO ][2016-02-08 12:00:21,628][com.java.TestType] [  493] -  str(1) = 101
[INFO ][2016-02-08 12:00:21,628][com.java.TestType] [  496] - Test case Id is---101
[INFO ][2016-02-08 12:00:21,628][com.java.TestType] [  498] - 101
[INFO ][2016-02-08 12:00:21,628][com.java.TestType] [  493] -  str(2) = 34
[INFO ][2016-02-08 12:00:21,628][com.java.TestType] [  493] -  str(1) = 101
[INFO ][2016-02-08 12:00:21,628][com.java.TestType] [  496] - Test case Id is---101
[INFO ][2016-02-08 12:00:21,628][com.java.TestType] [  498] - 101
[INFO ][2016-02-08 12:00:21,628][com.java.TestType] [  493] -  str(2) = 35
[INFO ][2016-02-08 12:00:21,628][com.java.TestType] [  493] -  str(1) = 101
[INFO ][2016-02-08 12:00:21,628][com.java.TestType] [  496] - Test case Id is---101
[INFO ][2016-02-08 12:00:21,628][com.java.TestType] [  498] - 101
[INFO ][2016-02-08 12:00:21,628][com.java.TestType] [  493] -  str(2) = 36
[INFO ][2016-02-08 12:00:21,628][com.java.TestType] [  493] -  str(1) = 101
[INFO ][2016-02-08 12:00:21,628][com.java.TestType] [  496] - Test case Id is---101
[INFO ][2016-02-08 12:00:21,628][com.java.TestType] [  498] - 101
[INFO ][2016-02-08 12:00:21,628][com.java.TestType] [  493] -  str(2) = 37
[INFO ][2016-02-08 12:00:21,628][com.java.TestType] [  493] -  str(1) = 101
[INFO ][2016-02-08 12:00:21,628][com.java.TestType] [  496] - Test case Id is---101
[INFO ][2016-02-08 12:00:21,628][com.java.TestType] [  498] - 101
[INFO ][2016-02-08 12:00:21,628][com.java.TestType] [  493] -  str(2) = 38
[INFO ][2016-02-08 12:00:21,628][com.java.TestType] [  493] -  str(1) = 101
[INFO ][2016-02-08 12:00:21,628][com.java.TestType] [  496] - Test case Id is---101
[INFO ][2016-02-08 12:00:21,628][com.java.TestType] [  498] - 101
[INFO ][2016-02-08 12:00:21,628][com.java.TestType] [  493] -  str(2) = 39
[INFO ][2016-02-08 12:00:21,628][com.java.TestType] [  493] -  str(1) = 101
[INFO ][2016-02-08 12:00:21,628][com.java.TestType] [  496] - Test case Id is---101
[INFO ][2016-02-08 12:00:21,628][com.java.TestType] [  498] - 101
[INFO ][2016-02-08 12:00:21,628][com.java.TestType] [  493] -  str(2) = 40
[INFO ][2016-02-08 12:00:21,628][com.java.TestType] [  493] -  str(1) = 101
[INFO ][2016-02-08 12:00:21,628][com.java.TestType] [  496] - Test case Id is---101
[INFO ][2016-02-08 12:00:21,628][com.java.TestType] [  498] - 101
[INFO ][2016-02-08 12:00:21,628][com.java.TestType] [  493] -  str(2) = 41
[INFO ][2016-02-08 12:00:21,628][com.java.TestType] [  493] -  str(1) = 101
[INFO ][2016-02-08 12:00:21,628][com.java.TestType] [  496] - Test case Id is---101
[INFO ][2016-02-08 12:00:21,628][com.java.TestType] [  498] - 101
[INFO ][2016-02-08 12:00:21,628][com.java.TestType] [  493] -  str(2) = 42
[INFO ][2016-02-08 12:00:21,628][com.java.TestType] [  493] -  str(1) = 101
[INFO ][2016-02-08 12:00:21,628][com.java.TestType] [  496] - Test case Id is---101
[INFO ][2016-02-08 12:00:21,628][com.java.TestType] [  498] - 101
[INFO ][2016-02-08 12:00:21,628][com.java.TestType] [  493] -  str(2) = 43
[INFO ][2016-02-08 12:00:21,628][com.java.TestType] [  493] -  str(1) = 101
[INFO ][2016-02-08 12:00:21,628][com.java.TestType] [  496] - Test case Id is---101
[INFO ][2016-02-08 12:00:21,628][com.java.TestType] [  498] - 101
[INFO ][2016-02-08 12:00:21,628][com.java.TestType] [  493] -  str(2) = 44
[INFO ][2016-02-08 12:00:21,628][com.java.TestType] [  493] -  str(1) = 101
[INFO ][2016-02-08 12:00:21,628][com.java.TestType] [  496] - Test case Id is---101
[INFO ][2016-02-08 12:00:21,628][com.java.TestType] [  498] - 101
[INFO ][2016-02-08 12:00:21,628][com.java.TestType] [  493] -  str(2) = 45
[INFO ][2016-02-08 12:00:21,628][com.java.TestType] [  493] -  str(1) = 101
[INFO ][2016-02-08 12:00:21,628][com.java.TestType] [  496] - Test case Id is---101
[INFO ][2016-02-08 12:00:21,628][com.java.TestType] [  498] - 101
[INFO ][2016-02-08 12:00:21,628][com.java.TestType] [  493] -  str(2) = 46
[INFO ][2016-02-08 12:00:21,628][com.java.TestType] [  493] -  str(1) = 101
[INFO ][2016-02-08 12:00:21,628][com.java.TestType] [  496] - Test case Id is---101
[INFO ][2016-02-08 12:00:21,628][com.java.TestType] [  498] - 101
[INFO ][2016-02-08 12:00:21,628][com.java.TestType] [  493] -  str(2) = 47
[INFO ][2016-02-08 12:00:21,628][com.java.TestType] [  493] -  str(1) = 101
[INFO ][2016-02-08 12:00:21,628][com.java.TestType] [  496] - Test case Id is---101
[INFO ][2016-02-08 12:00:21,628][com.java.TestType] [  498] - 101
[INFO ][2016-02-08 12:00:21,628][com.java.TestType] [  493] -  str(2) = 48
[INFO ][2016-02-08 12:00:21,643][com.java.TestType] [  493] -  str(1) = 101
[INFO ][2016-02-08 12:00:21,643][com.java.TestType] [  496] - Test case Id is---101
[INFO ][2016-02-08 12:00:21,643][com.java.TestType] [  498] - 101
[INFO ][2016-02-08 12:00:21,643][com.java.TestType] [  493] -  str(2) = 49
[INFO ][2016-02-08 12:00:21,643][com.java.TestType] [  493] -  str(1) = 101
[INFO ][2016-02-08 12:00:21,643][com.java.TestType] [  496] - Test case Id is---101
[INFO ][2016-02-08 12:00:21,643][com.java.TestType] [  498] - 101
[INFO ][2016-02-08 12:00:21,643][com.java.TestType] [  493] -  str(2) = 50
[INFO ][2016-02-08 12:00:21,643][com.java.TestType] [  493] -  str(1) = 101
[INFO ][2016-02-08 12:00:21,643][com.java.TestType] [  496] - Test case Id is---101
[INFO ][2016-02-08 12:00:21,643][com.java.TestType] [  498] - 101
[INFO ][2016-02-08 12:00:21,643][com.java.TestType] [  493] -  str(2) = 51
[INFO ][2016-02-08 12:00:21,643][com.java.TestType] [  493] -  str(1) = 101
[INFO ][2016-02-08 12:00:21,643][com.java.TestType] [  496] - Test case Id is---101
[INFO ][2016-02-08 12:00:21,643][com.java.TestType] [  498] - 101
[INFO ][2016-02-08 12:00:21,643][com.java.TestType] [  493] -  str(2) = 52
[INFO ][2016-02-08 12:00:21,643][com.java.TestType] [  493] -  str(1) = 101
[INFO ][2016-02-08 12:00:21,643][com.java.TestType] [  496] - Test case Id is---101
[INFO ][2016-02-08 12:00:21,643][com.java.TestType] [  498] - 101
[INFO ][2016-02-08 12:00:21,643][com.java.TestType] [  493] -  str(2) = 53
[INFO ][2016-02-08 12:00:21,643][com.java.TestType] [  493] -  str(1) = 101
[INFO ][2016-02-08 12:00:21,643][com.java.TestType] [  496] - Test case Id is---101
[INFO ][2016-02-08 12:00:21,643][com.java.TestType] [  498] - 101
[INFO ][2016-02-08 12:00:21,643][com.java.TestType] [  493] -  str(2) = 54
[INFO ][2016-02-08 12:00:21,643][com.java.TestType] [  493] -  str(1) = 101
[INFO ][2016-02-08 12:00:21,643][com.java.TestType] [  496] - Test case Id is---101
[INFO ][2016-02-08 12:00:21,643][com.java.TestType] [  498] - 101
[INFO ][2016-02-08 12:00:21,643][com.java.TestType] [  493] -  str(2) = 55
[INFO ][2016-02-08 12:00:21,643][com.java.TestType] [  493] -  str(1) = 101
[INFO ][2016-02-08 12:00:21,643][com.java.TestType] [  496] - Test case Id is---101
[INFO ][2016-02-08 12:00:21,643][com.java.TestType] [  498] - 101
[INFO ][2016-02-08 12:00:21,643][com.java.TestType] [  493] -  str(2) = 56
[INFO ][2016-02-08 12:00:21,643][com.java.TestType] [  493] -  str(1) = 101
[INFO ][2016-02-08 12:00:21,643][com.java.TestType] [  496] - Test case Id is---101
[INFO ][2016-02-08 12:00:21,643][com.java.TestType] [  498] - 101
[INFO ][2016-02-08 12:00:21,643][com.java.TestType] [  493] -  str(2) = 57
[INFO ][2016-02-08 12:00:21,643][com.java.TestType] [  493] -  str(1) = 101
[INFO ][2016-02-08 12:00:21,643][com.java.TestType] [  496] - Test case Id is---101
[INFO ][2016-02-08 12:00:21,643][com.java.TestType] [  498] - 101
[INFO ][2016-02-08 12:00:21,643][com.java.TestType] [  493] -  str(2) = 58
[INFO ][2016-02-08 12:00:21,643][com.java.TestType] [  493] -  str(1) = 101
[INFO ][2016-02-08 12:00:21,643][com.java.TestType] [  496] - Test case Id is---101
[INFO ][2016-02-08 12:00:21,643][com.java.TestType] [  498] - 101
[INFO ][2016-02-08 12:00:21,643][com.java.TestType] [  493] -  str(2) = 59
[INFO ][2016-02-08 12:00:21,643][com.java.TestType] [  493] -  str(1) = 101
[INFO ][2016-02-08 12:00:21,643][com.java.TestType] [  496] - Test case Id is---101
[INFO ][2016-02-08 12:00:21,643][com.java.TestType] [  498] - 101
[INFO ][2016-02-08 12:00:21,643][com.java.TestType] [  493] -  str(2) = 60
[INFO ][2016-02-08 12:00:21,643][com.java.TestType] [  493] -  str(1) = 101
[INFO ][2016-02-08 12:00:21,643][com.java.TestType] [  496] - Test case Id is---101
[INFO ][2016-02-08 12:00:21,643][com.java.TestType] [  498] - 101
[INFO ][2016-02-08 12:00:21,643][com.java.TestType] [  493] -  str(2) = 61
[INFO ][2016-02-08 12:00:21,643][com.java.TestType] [  493] -  str(1) = 101
[INFO ][2016-02-08 12:00:21,643][com.java.TestType] [  496] - Test case Id is---101
[INFO ][2016-02-08 12:00:21,643][com.java.TestType] [  498] - 101
[INFO ][2016-02-08 12:00:21,643][com.java.TestType] [  493] -  str(2) = 62
[INFO ][2016-02-08 12:00:21,643][com.java.TestType] [  493] -  str(1) = 101
[INFO ][2016-02-08 12:00:21,643][com.java.TestType] [  496] - Test case Id is---101
[INFO ][2016-02-08 12:00:21,643][com.java.TestType] [  498] - 101
[INFO ][2016-02-08 12:00:21,643][com.java.TestType] [  493] -  str(2) = 63
[INFO ][2016-02-08 12:00:21,643][com.java.TestType] [  493] -  str(1) = 101
[INFO ][2016-02-08 12:00:21,643][com.java.TestType] [  496] - Test case Id is---101
[INFO ][2016-02-08 12:00:21,643][com.java.TestType] [  498] - 101
[INFO ][2016-02-08 12:00:21,643][com.java.TestType] [  493] -  str(2) = 64
[INFO ][2016-02-08 12:00:21,643][com.java.TestType] [  493] -  str(1) = 101
[INFO ][2016-02-08 12:00:21,643][com.java.TestType] [  496] - Test case Id is---101
[INFO ][2016-02-08 12:00:21,643][com.java.TestType] [  498] - 101
[INFO ][2016-02-08 12:00:21,643][com.java.TestType] [  493] -  str(2) = 65
[INFO ][2016-02-08 12:00:21,643][com.java.TestType] [  493] -  str(1) = 101
[INFO ][2016-02-08 12:00:21,659][com.java.TestType] [  496] - Test case Id is---101
[INFO ][2016-02-08 12:00:21,659][com.java.TestType] [  498] - 101
[INFO ][2016-02-08 12:00:21,659][com.java.TestType] [  493] -  str(2) = 66
[INFO ][2016-02-08 12:00:21,659][com.java.TestType] [  493] -  str(1) = 101
[INFO ][2016-02-08 12:00:21,659][com.java.TestType] [  496] - Test case Id is---101
[INFO ][2016-02-08 12:00:21,659][com.java.TestType] [  498] - 101
[INFO ][2016-02-08 12:00:21,659][com.java.TestType] [  493] -  str(2) = 67
[INFO ][2016-02-08 12:00:21,659][com.java.TestType] [  493] -  str(1) = 101
[INFO ][2016-02-08 12:00:21,659][com.java.TestType] [  496] - Test case Id is---101
[INFO ][2016-02-08 12:00:21,659][com.java.TestType] [  498] - 101
[INFO ][2016-02-08 12:00:21,659][com.java.TestType] [  493] -  str(2) = 68
[INFO ][2016-02-08 12:00:21,659][com.java.TestType] [  493] -  str(1) = 101
[INFO ][2016-02-08 12:00:21,659][com.java.TestType] [  496] - Test case Id is---101
[INFO ][2016-02-08 12:00:21,659][com.java.TestType] [  498] - 101
[INFO ][2016-02-08 12:00:21,659][com.java.TestType] [  493] -  str(2) = 69
[INFO ][2016-02-08 12:00:21,659][com.java.TestType] [  493] -  str(1) = 101
[INFO ][2016-02-08 12:00:21,659][com.java.TestType] [  496] - Test case Id is---101
[INFO ][2016-02-08 12:00:21,659][com.java.TestType] [  498] - 101
[INFO ][2016-02-08 12:00:21,659][com.java.TestType] [  493] -  str(2) = 70
[INFO ][2016-02-08 12:00:21,659][com.java.TestType] [  493] -  str(1) = 101
[INFO ][2016-02-08 12:00:21,659][com.java.TestType] [  496] - Test case Id is---101
[INFO ][2016-02-08 12:00:21,659][com.java.TestType] [  498] - 101
[INFO ][2016-02-08 12:00:21,659][com.java.TestType] [  493] -  str(2) = 71
[INFO ][2016-02-08 12:00:21,659][com.java.TestType] [  493] -  str(1) = 101
[INFO ][2016-02-08 12:00:21,659][com.java.TestType] [  496] - Test case Id is---101
[INFO ][2016-02-08 12:00:21,659][com.java.TestType] [  498] - 101
[INFO ][2016-02-08 12:00:21,659][com.java.TestType] [  493] -  str(2) = 72
[INFO ][2016-02-08 12:00:21,659][com.java.TestType] [  493] -  str(1) = 101
[INFO ][2016-02-08 12:00:21,659][com.java.TestType] [  496] - Test case Id is---101
[INFO ][2016-02-08 12:00:21,659][com.java.TestType] [  498] - 101
[INFO ][2016-02-08 12:00:21,659][com.java.TestType] [  493] -  str(2) = 73
[INFO ][2016-02-08 12:00:21,659][com.java.TestType] [  493] -  str(1) = 101
[INFO ][2016-02-08 12:00:21,659][com.java.TestType] [  496] - Test case Id is---101
[INFO ][2016-02-08 12:00:21,659][com.java.TestType] [  498] - 101
[INFO ][2016-02-08 12:00:21,659][com.java.TestType] [  493] -  str(2) = 74
[INFO ][2016-02-08 12:00:21,659][com.java.TestType] [  493] -  str(1) = 101
[INFO ][2016-02-08 12:00:21,659][com.java.TestType] [  496] - Test case Id is---101
[INFO ][2016-02-08 12:00:21,659][com.java.TestType] [  498] - 101
[INFO ][2016-02-08 12:00:21,659][com.java.TestType] [  493] -  str(2) = 75
[INFO ][2016-02-08 12:00:21,659][com.java.TestType] [  493] -  str(1) = 101
[INFO ][2016-02-08 12:00:21,659][com.java.TestType] [  496] - Test case Id is---101
[INFO ][2016-02-08 12:00:21,659][com.java.TestType] [  498] - 101
[INFO ][2016-02-08 12:00:21,659][com.java.TestType] [  493] -  str(2) = 76
[INFO ][2016-02-08 12:00:21,659][com.java.TestType] [  493] -  str(1) = 101
[INFO ][2016-02-08 12:00:21,659][com.java.TestType] [  496] - Test case Id is---101
[INFO ][2016-02-08 12:00:21,659][com.java.TestType] [  498] - 101
[INFO ][2016-02-08 12:00:21,659][com.java.TestType] [  493] -  str(2) = 77
[INFO ][2016-02-08 12:00:21,659][com.java.TestType] [  493] -  str(1) = 101
[INFO ][2016-02-08 12:00:21,659][com.java.TestType] [  496] - Test case Id is---101
[INFO ][2016-02-08 12:00:21,659][com.java.TestType] [  498] - 101
[INFO ][2016-02-08 12:00:21,659][com.java.TestType] [  493] -  str(2) = 78
[INFO ][2016-02-08 12:00:21,659][com.java.TestType] [12093] - Looping 1TCID = 101
[DEBUG][2016-02-08 12:00:21,659][com.java.TestType] [12134] - Concept ID:101 :: Step being Executed: 101::1
[ERROR][2016-02-08 12:00:21,659][com.java.TestType] [12167] - Exception: null
[INFO ][2016-02-08 12:00:21,659][com.java.TestType] [12172] - dataFields : BTNparent
[DEBUG][2016-02-08 12:00:21,659][com.java.TestType] [12178] - <In Set values of the page>
[DEBUG][2016-02-08 12:00:21,659][com.java.TestType] [12183] - {Data Fields & Data Values Exist}
[INFO ][2016-02-08 12:00:21,659][com.java.TestType] [12189] - --------------------------setting values-----------------------------
[INFO ][2016-02-08 12:00:21,659][com.java.TestType] [12192] - Action Type : SELECTFRAME
[INFO ][2016-02-08 12:00:21,690][com.java.TestType] [12211] -  RESULT true
[INFO ][2016-02-08 12:00:21,690][com.java.TestType] [12328] - ?   P A S S   ?
[DEBUG][2016-02-08 12:00:21,690][com.java.TestType] [12134] - Concept ID:101 :: Step being Executed: 101::2
[INFO ][2016-02-08 12:00:21,690][com.java.TestType] [12172] - dataFields : test
[DEBUG][2016-02-08 12:00:21,690][com.java.TestType] [12178] - <In Set values of the page>
[DEBUG][2016-02-08 12:00:21,690][com.java.TestType] [12183] - {Data Fields & Data Values Exist}
[INFO ][2016-02-08 12:00:21,690][com.java.TestType] [12189] - --------------------------setting values-----------------------------
[INFO ][2016-02-08 12:00:21,690][com.java.TestType] [12192] - Action Type : OPENURL
[INFO ][2016-02-08 12:00:21,690][com.java.TestType] [ 6727] - value = https://clients-xuat.bankersdashboard.com
[INFO ][2016-02-08 12:00:21,690][com.java.TestType] [  364] - Open URL : https://clients-xuat.bankersdashboard.com
[INFO ][2016-02-08 12:00:24,795][com.java.TestType] [12211] -  RESULT true
[INFO ][2016-02-08 12:00:24,795][com.java.TestType] [12328] - ?   P A S S   ?
[DEBUG][2016-02-08 12:00:24,795][com.java.TestType] [12134] - Concept ID:101 :: Step being Executed: 101::3
[ERROR][2016-02-08 12:00:24,795][com.java.TestType] [12167] - Exception: null
[INFO ][2016-02-08 12:00:24,795][com.java.TestType] [12172] - dataFields : //span[@class='icon-user4']&&//a[text()='Users']&&//a[@data-id="ModifyUsers"]
[DEBUG][2016-02-08 12:00:24,795][com.java.TestType] [12178] - <In Set values of the page>
[DEBUG][2016-02-08 12:00:24,795][com.java.TestType] [12183] - {Data Fields & Data Values Exist}
[INFO ][2016-02-08 12:00:24,795][com.java.TestType] [12189] - --------------------------setting values-----------------------------
[INFO ][2016-02-08 12:00:24,795][com.java.TestType] [12192] - Action Type : MouseOver
[INFO ][2016-02-08 12:01:10,053][com.java.TestType] [12211] -  RESULT true
[INFO ][2016-02-08 12:01:10,053][com.java.TestType] [12328] - ?   P A S S   ?
[DEBUG][2016-02-08 12:01:10,053][com.java.TestType] [12134] - Concept ID:101 :: Step being Executed: 101::4
[INFO ][2016-02-08 12:01:10,053][com.java.TestType] [12172] - dataFields : BTNframeDialogContent
[DEBUG][2016-02-08 12:01:10,053][com.java.TestType] [12178] - <In Set values of the page>
[DEBUG][2016-02-08 12:01:10,053][com.java.TestType] [12183] - {Data Fields & Data Values Exist}
[INFO ][2016-02-08 12:01:10,053][com.java.TestType] [12189] - --------------------------setting values-----------------------------
[INFO ][2016-02-08 12:01:10,053][com.java.TestType] [12192] - Action Type : WaitForElement
[INFO ][2016-02-08 12:01:11,365][com.java.TestType] [12211] -  RESULT true
[INFO ][2016-02-08 12:01:11,365][com.java.TestType] [12328] - ?   P A S S   ?
[DEBUG][2016-02-08 12:01:11,365][com.java.TestType] [12134] - Concept ID:101 :: Step being Executed: 101::5
[ERROR][2016-02-08 12:01:11,365][com.java.TestType] [12167] - Exception: null
[INFO ][2016-02-08 12:01:11,365][com.java.TestType] [12172] - dataFields : BTNframeDialogContent
[DEBUG][2016-02-08 12:01:11,365][com.java.TestType] [12178] - <In Set values of the page>
[DEBUG][2016-02-08 12:01:11,365][com.java.TestType] [12183] - {Data Fields & Data Values Exist}
[INFO ][2016-02-08 12:01:11,365][com.java.TestType] [12189] - --------------------------setting values-----------------------------
[INFO ][2016-02-08 12:01:11,365][com.java.TestType] [12192] - Action Type : SelectFrame
[INFO ][2016-02-08 12:01:12,740][com.java.TestType] [12211] -  RESULT true
[INFO ][2016-02-08 12:01:12,740][com.java.TestType] [12328] - ?   P A S S   ?
[DEBUG][2016-02-08 12:01:12,740][com.java.TestType] [12134] - Concept ID:101 :: Step being Executed: 101::6
[INFO ][2016-02-08 12:01:12,740][com.java.TestType] [12172] - dataFields : BTNbtnAddUser
[DEBUG][2016-02-08 12:01:12,740][com.java.TestType] [12178] - <In Set values of the page>
[DEBUG][2016-02-08 12:01:12,740][com.java.TestType] [12183] - {Data Fields & Data Values Exist}
[INFO ][2016-02-08 12:01:12,740][com.java.TestType] [12189] - --------------------------setting values-----------------------------
[INFO ][2016-02-08 12:01:12,740][com.java.TestType] [12192] - Action Type : WaitForElement
[INFO ][2016-02-08 12:01:14,112][com.java.TestType] [12211] -  RESULT true
[INFO ][2016-02-08 12:01:14,112][com.java.TestType] [12328] - ?   P A S S   ?
[DEBUG][2016-02-08 12:01:14,112][com.java.TestType] [12134] - Concept ID:101 :: Step being Executed: 101::7
[ERROR][2016-02-08 12:01:14,112][com.java.TestType] [12167] - Exception: null
[INFO ][2016-02-08 12:01:14,112][com.java.TestType] [12172] - dataFields : BTNbtnAddUser
[DEBUG][2016-02-08 12:01:14,112][com.java.TestType] [12178] - <In Set values of the page>
[DEBUG][2016-02-08 12:01:14,112][com.java.TestType] [12183] - {Data Fields & Data Values Exist}
[INFO ][2016-02-08 12:01:14,112][com.java.TestType] [12189] - --------------------------setting values-----------------------------
[INFO ][2016-02-08 12:01:14,112][com.java.TestType] [12192] - Action Type : Click
[INFO ][2016-02-08 12:01:14,112][com.java.TestType] [ 7122] - Field ::BTNbtnAddUser
[INFO ][2016-02-08 12:01:14,112][com.java.TestType] [ 6727] - value = 
[INFO ][2016-02-08 12:01:15,127][com.java.TestType] [ 7278] - BEFORE CLICK
[INFO ][2016-02-08 12:01:16,626][com.java.TestType] [ 7285] - Unable to click the object Add user button
[INFO ][2016-02-08 12:01:16,626][com.java.TestType] [12211] -  RESULT true
[INFO ][2016-02-08 12:01:16,626][com.java.TestType] [12328] - ?   P A S S   ?
[DEBUG][2016-02-08 12:01:16,626][com.java.TestType] [12134] - Concept ID:101 :: Step being Executed: 101::8
[INFO ][2016-02-08 12:01:16,626][com.java.TestType] [12172] - dataFields : BTNtxtUserName
[DEBUG][2016-02-08 12:01:16,626][com.java.TestType] [12178] - <In Set values of the page>
[DEBUG][2016-02-08 12:01:16,626][com.java.TestType] [12183] - {Data Fields & Data Values Exist}
[INFO ][2016-02-08 12:01:16,626][com.java.TestType] [12189] - --------------------------setting values-----------------------------
[INFO ][2016-02-08 12:01:16,626][com.java.TestType] [12192] - Action Type : WaitForElement
[INFO ][2016-02-08 12:01:20,370][com.java.TestType] [12211] -  RESULT true
[INFO ][2016-02-08 12:01:20,370][com.java.TestType] [12328] - ?   P A S S   ?
[DEBUG][2016-02-08 12:01:20,370][com.java.TestType] [12134] - Concept ID:101 :: Step being Executed: 101::9
[INFO ][2016-02-08 12:01:20,370][com.java.TestType] [12172] - dataFields : TXTtxtUserName
[DEBUG][2016-02-08 12:01:20,370][com.java.TestType] [12178] - <In Set values of the page>
[DEBUG][2016-02-08 12:01:20,370][com.java.TestType] [12183] - {Data Fields & Data Values Exist}
[INFO ][2016-02-08 12:01:20,370][com.java.TestType] [12189] - --------------------------setting values-----------------------------
[INFO ][2016-02-08 12:01:20,370][com.java.TestType] [12192] - Action Type : WaitForElement
[INFO ][2016-02-08 12:01:21,479][com.java.TestType] [12211] -  RESULT true
[INFO ][2016-02-08 12:01:21,479][com.java.TestType] [12328] - ?   P A S S   ?
[DEBUG][2016-02-08 12:01:21,479][com.java.TestType] [12134] - Concept ID:101 :: Step being Executed: 101::10
[INFO ][2016-02-08 12:01:21,479][com.java.TestType] [12172] - dataFields : TXTtxtUserName
[DEBUG][2016-02-08 12:01:21,479][com.java.TestType] [12178] - <In Set values of the page>
[DEBUG][2016-02-08 12:01:21,479][com.java.TestType] [12183] - {Data Fields & Data Values Exist}
[INFO ][2016-02-08 12:01:21,479][com.java.TestType] [12189] - --------------------------setting values-----------------------------
[INFO ][2016-02-08 12:01:21,479][com.java.TestType] [12192] - Action Type : CLEARANDENTER
[INFO ][2016-02-08 12:01:22,666][com.java.TestType] [ 6727] - value = vltest.robot56991
[INFO ][2016-02-08 12:01:24,134][com.java.TestType] [12211] -  RESULT true
[INFO ][2016-02-08 12:01:24,134][com.java.TestType] [12328] - ?   P A S S   ?
[DEBUG][2016-02-08 12:01:24,134][com.java.TestType] [12134] - Concept ID:101 :: Step being Executed: 101::11
[INFO ][2016-02-08 12:01:24,134][com.java.TestType] [12172] - dataFields : TXTtxtFirstName
[DEBUG][2016-02-08 12:01:24,134][com.java.TestType] [12178] - <In Set values of the page>
[DEBUG][2016-02-08 12:01:24,134][com.java.TestType] [12183] - {Data Fields & Data Values Exist}
[INFO ][2016-02-08 12:01:24,134][com.java.TestType] [12189] - --------------------------setting values-----------------------------
[INFO ][2016-02-08 12:01:24,134][com.java.TestType] [12192] - Action Type : WaitForElement
[INFO ][2016-02-08 12:01:25,241][com.java.TestType] [12211] -  RESULT true
[INFO ][2016-02-08 12:01:25,241][com.java.TestType] [12328] - ?   P A S S   ?
[DEBUG][2016-02-08 12:01:25,241][com.java.TestType] [12134] - Concept ID:101 :: Step being Executed: 101::12
[INFO ][2016-02-08 12:01:25,241][com.java.TestType] [12172] - dataFields : TXTtxtUserName
[DEBUG][2016-02-08 12:01:25,241][com.java.TestType] [12178] - <In Set values of the page>
[DEBUG][2016-02-08 12:01:25,241][com.java.TestType] [12183] - {Data Fields & Data Values Exist}
[INFO ][2016-02-08 12:01:25,241][com.java.TestType] [12189] - --------------------------setting values-----------------------------
[INFO ][2016-02-08 12:01:25,241][com.java.TestType] [12192] - Action Type : STOREVALUE
[INFO ][2016-02-08 12:01:25,241][com.java.TestType] [ 9858] - field= TXTtxtUserName
[DEBUG][2016-02-08 12:01:26,382][com.java.TestType] [ 9872] - Key:: GivenNewUserName  Value:: vltest.robot56991
[INFO ][2016-02-08 12:01:26,382][com.java.TestType] [12211] -  RESULT true
[INFO ][2016-02-08 12:01:26,382][com.java.TestType] [12328] - ?   P A S S   ?
[DEBUG][2016-02-08 12:01:26,382][com.java.TestType] [12134] - Concept ID:101 :: Step being Executed: 101::13
[INFO ][2016-02-08 12:01:26,382][com.java.TestType] [12172] - dataFields : TXTtxtFirstName
[DEBUG][2016-02-08 12:01:26,382][com.java.TestType] [12178] - <In Set values of the page>
[DEBUG][2016-02-08 12:01:26,382][com.java.TestType] [12183] - {Data Fields & Data Values Exist}
[INFO ][2016-02-08 12:01:26,382][com.java.TestType] [12189] - --------------------------setting values-----------------------------
[INFO ][2016-02-08 12:01:26,382][com.java.TestType] [12192] - Action Type : Enter
[INFO ][2016-02-08 12:01:26,382][com.java.TestType] [ 7741] - field = txtFirstName
[INFO ][2016-02-08 12:01:26,382][com.java.TestType] [ 6727] - value = VLTest
[INFO ][2016-02-08 12:01:28,224][com.java.TestType] [12211] -  RESULT true
[INFO ][2016-02-08 12:01:28,224][com.java.TestType] [12328] - ?   P A S S   ?
[DEBUG][2016-02-08 12:01:28,224][com.java.TestType] [12134] - Concept ID:101 :: Step being Executed: 101::14
[INFO ][2016-02-08 12:01:28,224][com.java.TestType] [12172] - dataFields : TXTtxtLastName
[DEBUG][2016-02-08 12:01:28,224][com.java.TestType] [12178] - <In Set values of the page>
[DEBUG][2016-02-08 12:01:28,224][com.java.TestType] [12183] - {Data Fields & Data Values Exist}
[INFO ][2016-02-08 12:01:28,224][com.java.TestType] [12189] - --------------------------setting values-----------------------------
[INFO ][2016-02-08 12:01:28,224][com.java.TestType] [12192] - Action Type : WaitForElement
[INFO ][2016-02-08 12:01:29,347][com.java.TestType] [12211] -  RESULT true
[INFO ][2016-02-08 12:01:29,347][com.java.TestType] [12328] - ?   P A S S   ?
[DEBUG][2016-02-08 12:01:29,347][com.java.TestType] [12134] - Concept ID:101 :: Step being Executed: 101::15
[INFO ][2016-02-08 12:01:29,347][com.java.TestType] [12172] - dataFields : TXTtxtLastName
[DEBUG][2016-02-08 12:01:29,347][com.java.TestType] [12178] - <In Set values of the page>
[DEBUG][2016-02-08 12:01:29,347][com.java.TestType] [12183] - {Data Fields & Data Values Exist}
[INFO ][2016-02-08 12:01:29,347][com.java.TestType] [12189] - --------------------------setting values-----------------------------
[INFO ][2016-02-08 12:01:29,347][com.java.TestType] [12192] - Action Type : Enter
[INFO ][2016-02-08 12:01:29,347][com.java.TestType] [ 7741] - field = txtLastName
[INFO ][2016-02-08 12:01:29,347][com.java.TestType] [ 6727] - value = Robot
[INFO ][2016-02-08 12:01:30,878][com.java.TestType] [12211] -  RESULT true
[INFO ][2016-02-08 12:01:30,878][com.java.TestType] [12328] - ?   P A S S   ?
[DEBUG][2016-02-08 12:01:30,878][com.java.TestType] [12134] - Concept ID:101 :: Step being Executed: 101::16
[INFO ][2016-02-08 12:01:30,878][com.java.TestType] [12172] - dataFields : TXTtxtCompany
[DEBUG][2016-02-08 12:01:30,878][com.java.TestType] [12178] - <In Set values of the page>
[DEBUG][2016-02-08 12:01:30,878][com.java.TestType] [12183] - {Data Fields & Data Values Exist}
[INFO ][2016-02-08 12:01:30,878][com.java.TestType] [12189] - --------------------------setting values-----------------------------
[INFO ][2016-02-08 12:01:30,878][com.java.TestType] [12192] - Action Type : WaitForElement
[INFO ][2016-02-08 12:01:32,001][com.java.TestType] [12211] -  RESULT true
[INFO ][2016-02-08 12:01:32,001][com.java.TestType] [12328] - ?   P A S S   ?
[DEBUG][2016-02-08 12:01:32,001][com.java.TestType] [12134] - Concept ID:101 :: Step being Executed: 101::17
[INFO ][2016-02-08 12:01:32,001][com.java.TestType] [12172] - dataFields : TXTtxtCompany
[DEBUG][2016-02-08 12:01:32,001][com.java.TestType] [12178] - <In Set values of the page>
[DEBUG][2016-02-08 12:01:32,001][com.java.TestType] [12183] - {Data Fields & Data Values Exist}
[INFO ][2016-02-08 12:01:32,001][com.java.TestType] [12189] - --------------------------setting values-----------------------------
[INFO ][2016-02-08 12:01:32,001][com.java.TestType] [12192] - Action Type : Enter
[INFO ][2016-02-08 12:01:32,001][com.java.TestType] [ 7741] - field = txtCompany
[INFO ][2016-02-08 12:01:32,001][com.java.TestType] [ 6727] - value = ValueLabs
[INFO ][2016-02-08 12:01:33,734][com.java.TestType] [12211] -  RESULT true
[INFO ][2016-02-08 12:01:33,734][com.java.TestType] [12328] - ?   P A S S   ?
[DEBUG][2016-02-08 12:01:33,734][com.java.TestType] [12134] - Concept ID:101 :: Step being Executed: 101::18
[INFO ][2016-02-08 12:01:33,734][com.java.TestType] [12172] - dataFields : TXTtxtLocation
[DEBUG][2016-02-08 12:01:33,734][com.java.TestType] [12178] - <In Set values of the page>
[DEBUG][2016-02-08 12:01:33,734][com.java.TestType] [12183] - {Data Fields & Data Values Exist}
[INFO ][2016-02-08 12:01:33,734][com.java.TestType] [12189] - --------------------------setting values-----------------------------
[INFO ][2016-02-08 12:01:33,734][com.java.TestType] [12192] - Action Type : WaitForElement
[INFO ][2016-02-08 12:01:34,858][com.java.TestType] [12211] -  RESULT true
[INFO ][2016-02-08 12:01:34,858][com.java.TestType] [12328] - ?   P A S S   ?
[DEBUG][2016-02-08 12:01:34,858][com.java.TestType] [12134] - Concept ID:101 :: Step being Executed: 101::19
[INFO ][2016-02-08 12:01:34,858][com.java.TestType] [12172] - dataFields : TXTtxtLocation
[DEBUG][2016-02-08 12:01:34,858][com.java.TestType] [12178] - <In Set values of the page>
[DEBUG][2016-02-08 12:01:34,858][com.java.TestType] [12183] - {Data Fields & Data Values Exist}
[INFO ][2016-02-08 12:01:34,858][com.java.TestType] [12189] - --------------------------setting values-----------------------------
[INFO ][2016-02-08 12:01:34,858][com.java.TestType] [12192] - Action Type : Enter
[INFO ][2016-02-08 12:01:34,858][com.java.TestType] [ 7741] - field = txtLocation
[INFO ][2016-02-08 12:01:34,858][com.java.TestType] [ 6727] - value = India
[INFO ][2016-02-08 12:01:36,388][com.java.TestType] [12211] -  RESULT true
[INFO ][2016-02-08 12:01:36,388][com.java.TestType] [12328] - ?   P A S S   ?
[DEBUG][2016-02-08 12:01:36,388][com.java.TestType] [12134] - Concept ID:101 :: Step being Executed: 101::20
[INFO ][2016-02-08 12:01:36,388][com.java.TestType] [12172] - dataFields : TXTtxtEMail
[DEBUG][2016-02-08 12:01:36,388][com.java.TestType] [12178] - <In Set values of the page>
[DEBUG][2016-02-08 12:01:36,388][com.java.TestType] [12183] - {Data Fields & Data Values Exist}
[INFO ][2016-02-08 12:01:36,388][com.java.TestType] [12189] - --------------------------setting values-----------------------------
[INFO ][2016-02-08 12:01:36,388][com.java.TestType] [12192] - Action Type : WaitForElement
[INFO ][2016-02-08 12:01:37,496][com.java.TestType] [12211] -  RESULT true
[INFO ][2016-02-08 12:01:37,496][com.java.TestType] [12328] - ?   P A S S   ?
[DEBUG][2016-02-08 12:01:37,496][com.java.TestType] [12134] - Concept ID:101 :: Step being Executed: 101::21
[INFO ][2016-02-08 12:01:37,496][com.java.TestType] [12172] - dataFields : TXTtxtEMail
[DEBUG][2016-02-08 12:01:37,496][com.java.TestType] [12178] - <In Set values of the page>
[DEBUG][2016-02-08 12:01:37,496][com.java.TestType] [12183] - {Data Fields & Data Values Exist}
[INFO ][2016-02-08 12:01:37,496][com.java.TestType] [12189] - --------------------------setting values-----------------------------
[INFO ][2016-02-08 12:01:37,496][com.java.TestType] [12192] - Action Type : Enter
[INFO ][2016-02-08 12:01:37,496][com.java.TestType] [ 7741] - field = txtEMail
[INFO ][2016-02-08 12:01:37,496][com.java.TestType] [ 6727] - value = vltest.robot@valuelabs.com
[INFO ][2016-02-08 12:01:39,370][com.java.TestType] [12211] -  RESULT true
[INFO ][2016-02-08 12:01:39,370][com.java.TestType] [12328] - ?   P A S S   ?
[DEBUG][2016-02-08 12:01:39,370][com.java.TestType] [12134] - Concept ID:101 :: Step being Executed: 101::22
[INFO ][2016-02-08 12:01:39,370][com.java.TestType] [12172] - dataFields : TXTtxtPhone
[DEBUG][2016-02-08 12:01:39,370][com.java.TestType] [12178] - <In Set values of the page>
[DEBUG][2016-02-08 12:01:39,370][com.java.TestType] [12183] - {Data Fields & Data Values Exist}
[INFO ][2016-02-08 12:01:39,370][com.java.TestType] [12189] - --------------------------setting values-----------------------------
[INFO ][2016-02-08 12:01:39,370][com.java.TestType] [12192] - Action Type : WaitForElement
[INFO ][2016-02-08 12:01:40,509][com.java.TestType] [12211] -  RESULT true
[INFO ][2016-02-08 12:01:40,509][com.java.TestType] [12328] - ?   P A S S   ?
[DEBUG][2016-02-08 12:01:40,509][com.java.TestType] [12134] - Concept ID:101 :: Step being Executed: 101::23
[INFO ][2016-02-08 12:01:40,509][com.java.TestType] [12172] - dataFields : TXTtxtPhone
[DEBUG][2016-02-08 12:01:40,509][com.java.TestType] [12178] - <In Set values of the page>
[DEBUG][2016-02-08 12:01:40,509][com.java.TestType] [12183] - {Data Fields & Data Values Exist}
[INFO ][2016-02-08 12:01:40,509][com.java.TestType] [12189] - --------------------------setting values-----------------------------
[INFO ][2016-02-08 12:01:40,509][com.java.TestType] [12192] - Action Type : Enter
[INFO ][2016-02-08 12:01:40,509][com.java.TestType] [ 7741] - field = txtPhone
[INFO ][2016-02-08 12:01:40,509][com.java.TestType] [ 6727] - value = 12345678901
[INFO ][2016-02-08 12:01:42,008][com.java.TestType] [12211] -  RESULT true
[INFO ][2016-02-08 12:01:42,008][com.java.TestType] [12328] - ?   P A S S   ?
[DEBUG][2016-02-08 12:01:42,008][com.java.TestType] [12134] - Concept ID:101 :: Step being Executed: 101::24
[INFO ][2016-02-08 12:01:42,008][com.java.TestType] [12172] - dataFields : TXTtxtPassword
[DEBUG][2016-02-08 12:01:42,008][com.java.TestType] [12178] - <In Set values of the page>
[DEBUG][2016-02-08 12:01:42,008][com.java.TestType] [12183] - {Data Fields & Data Values Exist}
[INFO ][2016-02-08 12:01:42,008][com.java.TestType] [12189] - --------------------------setting values-----------------------------
[INFO ][2016-02-08 12:01:42,008][com.java.TestType] [12192] - Action Type : WaitForElement
[INFO ][2016-02-08 12:01:43,132][com.java.TestType] [12211] -  RESULT true
[INFO ][2016-02-08 12:01:43,132][com.java.TestType] [12328] - ?   P A S S   ?
[DEBUG][2016-02-08 12:01:43,132][com.java.TestType] [12134] - Concept ID:101 :: Step being Executed: 101::25
[INFO ][2016-02-08 12:01:43,132][com.java.TestType] [12172] - dataFields : TXTtxtPassword
[DEBUG][2016-02-08 12:01:43,132][com.java.TestType] [12178] - <In Set values of the page>
[DEBUG][2016-02-08 12:01:43,132][com.java.TestType] [12183] - {Data Fields & Data Values Exist}
[INFO ][2016-02-08 12:01:43,132][com.java.TestType] [12189] - --------------------------setting values-----------------------------
[INFO ][2016-02-08 12:01:43,132][com.java.TestType] [12192] - Action Type : CLEARANDENTER
[INFO ][2016-02-08 12:01:44,319][com.java.TestType] [ 6727] - value = Password1*
[INFO ][2016-02-08 12:01:45,943][com.java.TestType] [12211] -  RESULT true
[INFO ][2016-02-08 12:01:45,943][com.java.TestType] [12328] - ?   P A S S   ?
[DEBUG][2016-02-08 12:01:45,943][com.java.TestType] [12134] - Concept ID:101 :: Step being Executed: 101::26
[INFO ][2016-02-08 12:01:45,943][com.java.TestType] [12172] - dataFields : TXTtxtPasswordConfirm
[DEBUG][2016-02-08 12:01:45,943][com.java.TestType] [12178] - <In Set values of the page>
[DEBUG][2016-02-08 12:01:45,943][com.java.TestType] [12183] - {Data Fields & Data Values Exist}
[INFO ][2016-02-08 12:01:45,943][com.java.TestType] [12189] - --------------------------setting values-----------------------------
[INFO ][2016-02-08 12:01:45,943][com.java.TestType] [12192] - Action Type : WaitForElement
[INFO ][2016-02-08 12:01:47,081][com.java.TestType] [12211] -  RESULT true
[INFO ][2016-02-08 12:01:47,081][com.java.TestType] [12328] - ?   P A S S   ?
[DEBUG][2016-02-08 12:01:47,081][com.java.TestType] [12134] - Concept ID:101 :: Step being Executed: 101::27
[INFO ][2016-02-08 12:01:47,081][com.java.TestType] [12172] - dataFields : TXTtxtPasswordConfirm
[DEBUG][2016-02-08 12:01:47,081][com.java.TestType] [12178] - <In Set values of the page>
[DEBUG][2016-02-08 12:01:47,081][com.java.TestType] [12183] - {Data Fields & Data Values Exist}
[INFO ][2016-02-08 12:01:47,081][com.java.TestType] [12189] - --------------------------setting values-----------------------------
[INFO ][2016-02-08 12:01:47,081][com.java.TestType] [12192] - Action Type : CLEARANDENTER
[INFO ][2016-02-08 12:01:48,253][com.java.TestType] [ 6727] - value = Password1*
[INFO ][2016-02-08 12:01:49,861][com.java.TestType] [12211] -  RESULT true
[INFO ][2016-02-08 12:01:49,861][com.java.TestType] [12328] - ?   P A S S   ?
[DEBUG][2016-02-08 12:01:49,861][com.java.TestType] [12134] - Concept ID:101 :: Step being Executed: 101::28
[INFO ][2016-02-08 12:01:49,861][com.java.TestType] [12172] - dataFields : SLBddlDBUsers
[DEBUG][2016-02-08 12:01:49,861][com.java.TestType] [12178] - <In Set values of the page>
[DEBUG][2016-02-08 12:01:49,861][com.java.TestType] [12183] - {Data Fields & Data Values Exist}
[INFO ][2016-02-08 12:01:49,861][com.java.TestType] [12189] - --------------------------setting values-----------------------------
[INFO ][2016-02-08 12:01:49,861][com.java.TestType] [12192] - Action Type : SELECT
[INFO ][2016-02-08 12:01:49,861][com.java.TestType] [ 6727] - value = Nayini1, Naresh
[DEBUG][2016-02-08 12:01:52,796][com.java.TestType] [ 6930] - Exception occured in select : Cannot locate element with text: Nayini1, Naresh
For documentation on this error, please visit: http://seleniumhq.org/exceptions/no_such_element.html
Build info: version: '2.48.2', revision: '41bccdd', time: '2015-10-09 19:59:12'
System info: host: 'FVTIII438F1D', ip: '172.17.68.34', os.name: 'Windows 7', os.arch: 'x86', os.version: '6.1', java.version: '1.7.0_55'
Driver info: driver.version: SeleniumDriver
[INFO ][2016-02-08 12:01:52,796][com.java.TestType] [12211] -  RESULT false
[INFO ][2016-02-08 12:01:52,796][com.java.TestType] [12249] - ?   F A I L   ?
[DEBUG][2016-02-08 12:01:52,796][com.java.TestType] [12252] - Browser Type : IE10
[DEBUG][2016-02-08 12:01:52,796][com.java.TestType] [12134] - Concept ID:101 :: Step being Executed: 101::29
[INFO ][2016-02-08 12:01:52,796][com.java.TestType] [12172] - dataFields : test
[DEBUG][2016-02-08 12:01:52,796][com.java.TestType] [12178] - <In Set values of the page>
[DEBUG][2016-02-08 12:01:52,796][com.java.TestType] [12183] - {Data Fields & Data Values Exist}
[INFO ][2016-02-08 12:01:52,796][com.java.TestType] [12189] - --------------------------setting values-----------------------------
[INFO ][2016-02-08 12:01:52,796][com.java.TestType] [12192] - Action Type : WaitTime
[DEBUG][2016-02-08 12:01:52,796][com.java.TestType] [ 6541] - sleepTime: 5000
[INFO ][2016-02-08 12:01:57,804][com.java.TestType] [12211] -  RESULT true
[INFO ][2016-02-08 12:01:57,804][com.java.TestType] [12328] - ?   P A S S   ?
[DEBUG][2016-02-08 12:01:57,804][com.java.TestType] [12134] - Concept ID:101 :: Step being Executed: 101::30
[ERROR][2016-02-08 12:01:57,804][com.java.TestType] [12167] - Exception: null
[INFO ][2016-02-08 12:01:57,804][com.java.TestType] [12172] - dataFields : BTNparent
[DEBUG][2016-02-08 12:01:57,804][com.java.TestType] [12178] - <In Set values of the page>
[DEBUG][2016-02-08 12:01:57,804][com.java.TestType] [12183] - {Data Fields & Data Values Exist}
[INFO ][2016-02-08 12:01:57,804][com.java.TestType] [12189] - --------------------------setting values-----------------------------
[INFO ][2016-02-08 12:01:57,804][com.java.TestType] [12192] - Action Type : SelectFrame
[INFO ][2016-02-08 12:01:57,805][com.java.TestType] [12211] -  RESULT true
[INFO ][2016-02-08 12:01:57,805][com.java.TestType] [12328] - ?   P A S S   ?
[DEBUG][2016-02-08 12:01:57,805][com.java.TestType] [12134] - Concept ID:101 :: Step being Executed: 101::31
[ERROR][2016-02-08 12:01:57,805][com.java.TestType] [12167] - Exception: null
[INFO ][2016-02-08 12:01:57,805][com.java.TestType] [12172] - dataFields : HDN//span[contains(text(), 'Finished')]
[DEBUG][2016-02-08 12:01:57,805][com.java.TestType] [12178] - <In Set values of the page>
[DEBUG][2016-02-08 12:01:57,805][com.java.TestType] [12183] - {Data Fields & Data Values Exist}
[INFO ][2016-02-08 12:01:57,805][com.java.TestType] [12189] - --------------------------setting values-----------------------------
[INFO ][2016-02-08 12:01:57,805][com.java.TestType] [12192] - Action Type : Click
[INFO ][2016-02-08 12:01:57,805][com.java.TestType] [ 7122] - Field ::HDN//span[contains(text(), 'Finished')]
[INFO ][2016-02-08 12:01:57,805][com.java.TestType] [ 6727] - value = 
[INFO ][2016-02-08 12:01:59,038][com.java.TestType] [12211] -  RESULT true
[INFO ][2016-02-08 12:01:59,038][com.java.TestType] [12328] - ?   P A S S   ?
[DEBUG][2016-02-08 12:01:59,038][com.java.TestType] [12134] - Concept ID:101 :: Step being Executed: 101::32
[INFO ][2016-02-08 12:01:59,038][com.java.TestType] [12172] - dataFields : test
[DEBUG][2016-02-08 12:01:59,038][com.java.TestType] [12178] - <In Set values of the page>
[DEBUG][2016-02-08 12:01:59,038][com.java.TestType] [12183] - {Data Fields & Data Values Exist}
[INFO ][2016-02-08 12:01:59,038][com.java.TestType] [12189] - --------------------------setting values-----------------------------
[INFO ][2016-02-08 12:01:59,038][com.java.TestType] [12192] - Action Type : WaitTime
[DEBUG][2016-02-08 12:01:59,038][com.java.TestType] [ 6541] - sleepTime: 5000
[INFO ][2016-02-08 12:02:04,045][com.java.TestType] [12211] -  RESULT true
[INFO ][2016-02-08 12:02:04,045][com.java.TestType] [12328] - ?   P A S S   ?
[DEBUG][2016-02-08 12:02:04,045][com.java.TestType] [12134] - Concept ID:101 :: Step being Executed: 101::33
[ERROR][2016-02-08 12:02:04,045][com.java.TestType] [12167] - Exception: null
[INFO ][2016-02-08 12:02:04,045][com.java.TestType] [12172] - dataFields : HDN//span[contains(text(), 'Finished')]
[DEBUG][2016-02-08 12:02:04,045][com.java.TestType] [12178] - <In Set values of the page>
[DEBUG][2016-02-08 12:02:04,045][com.java.TestType] [12183] - {Data Fields & Data Values Exist}
[INFO ][2016-02-08 12:02:04,045][com.java.TestType] [12189] - --------------------------setting values-----------------------------
[INFO ][2016-02-08 12:02:04,045][com.java.TestType] [12192] - Action Type : Click
[INFO ][2016-02-08 12:02:04,045][com.java.TestType] [ 7122] - Field ::HDN//span[contains(text(), 'Finished')]
[INFO ][2016-02-08 12:02:04,045][com.java.TestType] [ 6727] - value = 
[INFO ][2016-02-08 12:02:05,342][com.java.TestType] [12211] -  RESULT true
[INFO ][2016-02-08 12:02:05,342][com.java.TestType] [12328] - ?   P A S S   ?
[DEBUG][2016-02-08 12:02:05,342][com.java.TestType] [12134] - Concept ID:101 :: Step being Executed: 101::34
[INFO ][2016-02-08 12:02:05,342][com.java.TestType] [12172] - dataFields : BTNframeDialogContent
[DEBUG][2016-02-08 12:02:05,342][com.java.TestType] [12178] - <In Set values of the page>
[DEBUG][2016-02-08 12:02:05,342][com.java.TestType] [12183] - {Data Fields & Data Values Exist}
[INFO ][2016-02-08 12:02:05,342][com.java.TestType] [12189] - --------------------------setting values-----------------------------
[INFO ][2016-02-08 12:02:05,342][com.java.TestType] [12192] - Action Type : WaitForElement
[INFO ][2016-02-08 12:02:07,027][com.java.TestType] [12211] -  RESULT true
[INFO ][2016-02-08 12:02:07,027][com.java.TestType] [12328] - ?   P A S S   ?
[DEBUG][2016-02-08 12:02:07,027][com.java.TestType] [12134] - Concept ID:101 :: Step being Executed: 101::35
[ERROR][2016-02-08 12:02:07,027][com.java.TestType] [12167] - Exception: null
[INFO ][2016-02-08 12:02:07,027][com.java.TestType] [12172] - dataFields : BTNframeDialogContent
[DEBUG][2016-02-08 12:02:07,027][com.java.TestType] [12178] - <In Set values of the page>
[DEBUG][2016-02-08 12:02:07,027][com.java.TestType] [12183] - {Data Fields & Data Values Exist}
[INFO ][2016-02-08 12:02:07,027][com.java.TestType] [12189] - --------------------------setting values-----------------------------
[INFO ][2016-02-08 12:02:07,027][com.java.TestType] [12192] - Action Type : SelectFrame
[INFO ][2016-02-08 12:02:08,293][com.java.TestType] [12211] -  RESULT true
[INFO ][2016-02-08 12:02:08,293][com.java.TestType] [12328] - ?   P A S S   ?
[DEBUG][2016-02-08 12:02:08,293][com.java.TestType] [12134] - Concept ID:101 :: Step being Executed: 101::36
[INFO ][2016-02-08 12:02:08,293][com.java.TestType] [12172] - dataFields : XPH//table[@id="tblUserListing"]//td[contains(text(),'vltest.robot')]
[DEBUG][2016-02-08 12:02:08,293][com.java.TestType] [12178] - <In Set values of the page>
[DEBUG][2016-02-08 12:02:08,293][com.java.TestType] [12183] - {Data Fields & Data Values Exist}
[INFO ][2016-02-08 12:02:08,293][com.java.TestType] [12189] - --------------------------setting values-----------------------------
[INFO ][2016-02-08 12:02:08,293][com.java.TestType] [12192] - Action Type : WaitForElement
[INFO ][2016-02-08 12:02:08,324][com.java.TestType] [12211] -  RESULT true
[INFO ][2016-02-08 12:02:08,324][com.java.TestType] [12328] - ?   P A S S   ?
[DEBUG][2016-02-08 12:02:08,324][com.java.TestType] [12134] - Concept ID:101 :: Step being Executed: 101::37
[INFO ][2016-02-08 12:02:08,324][com.java.TestType] [12172] - dataFields : USR
[DEBUG][2016-02-08 12:02:08,324][com.java.TestType] [12178] - <In Set values of the page>
[DEBUG][2016-02-08 12:02:08,324][com.java.TestType] [12183] - {Data Fields & Data Values Exist}
[INFO ][2016-02-08 12:02:08,324][com.java.TestType] [12189] - --------------------------setting values-----------------------------
[INFO ][2016-02-08 12:02:08,324][com.java.TestType] [12192] - Action Type : Verify
[INFO ][2016-02-08 12:02:08,324][com.java.TestType] [ 8355] - field= USR value= HMVGivenNewUserName
[INFO ][2016-02-08 12:02:08,324][com.java.TestType] [ 6727] - value = vltest.robot56991
[INFO ][2016-02-08 12:02:08,386][com.java.TestType] [12211] -  RESULT true
[INFO ][2016-02-08 12:02:08,386][com.java.TestType] [12328] - ?   P A S S   ?
[DEBUG][2016-02-08 12:02:08,386][com.java.TestType] [12134] - Concept ID:101 :: Step being Executed: 101::38
[INFO ][2016-02-08 12:02:08,386][com.java.TestType] [12172] - dataFields : PVP//table[@id="tblUserListing"]//td[contains(text(),'mytext')]
[DEBUG][2016-02-08 12:02:08,386][com.java.TestType] [12178] - <In Set values of the page>
[DEBUG][2016-02-08 12:02:08,386][com.java.TestType] [12183] - {Data Fields & Data Values Exist}
[INFO ][2016-02-08 12:02:08,386][com.java.TestType] [12189] - --------------------------setting values-----------------------------
[INFO ][2016-02-08 12:02:08,386][com.java.TestType] [12192] - Action Type : STOREVALUE
[INFO ][2016-02-08 12:02:08,386][com.java.TestType] [ 9858] - field= PVP//table[@id="tblUserListing"]//td[contains(text(),'mytext')]
[DEBUG][2016-02-08 12:02:08,480][com.java.TestType] [10147] - Key:: GivenNewUserName::Login_username  Value:: vltest.robot56991.00058
[INFO ][2016-02-08 12:02:08,480][com.java.TestType] [12211] -  RESULT true
[INFO ][2016-02-08 12:02:08,480][com.java.TestType] [12328] - ?   P A S S   ?
[DEBUG][2016-02-08 12:02:08,480][com.java.TestType] [12134] - Concept ID:101 :: Step being Executed: 101::39
[INFO ][2016-02-08 12:02:08,480][com.java.TestType] [12172] - dataFields : null
[DEBUG][2016-02-08 12:02:08,480][com.java.TestType] [12178] - <In Set values of the page>
[INFO ][2016-02-08 12:02:08,480][com.java.TestType] [12328] - ?   P A S S   ?
[DEBUG][2016-02-08 12:02:08,480][com.java.TestType] [12134] - Concept ID:101 :: Step being Executed: 101::40
[ERROR][2016-02-08 12:02:08,480][com.java.TestType] [12167] - Exception: null
[INFO ][2016-02-08 12:02:08,480][com.java.TestType] [12172] - dataFields : BTNbtnAddUser
[DEBUG][2016-02-08 12:02:08,480][com.java.TestType] [12178] - <In Set values of the page>
[DEBUG][2016-02-08 12:02:08,480][com.java.TestType] [12183] - {Data Fields & Data Values Exist}
[INFO ][2016-02-08 12:02:08,480][com.java.TestType] [12189] - --------------------------setting values-----------------------------
[INFO ][2016-02-08 12:02:08,480][com.java.TestType] [12192] - Action Type : WaitForElement
[INFO ][2016-02-08 12:02:09,775][com.java.TestType] [12211] -  RESULT true
[INFO ][2016-02-08 12:02:09,775][com.java.TestType] [12328] - ?   P A S S   ?
[DEBUG][2016-02-08 12:02:09,775][com.java.TestType] [12134] - Concept ID:101 :: Step being Executed: 101::41
[INFO ][2016-02-08 12:02:09,775][com.java.TestType] [12172] - dataFields : MNC//div[@id="divUserListing"]//td//a[@id='modifyUser.mytext']
[DEBUG][2016-02-08 12:02:09,775][com.java.TestType] [12178] - <In Set values of the page>
[DEBUG][2016-02-08 12:02:09,775][com.java.TestType] [12183] - {Data Fields & Data Values Exist}
[INFO ][2016-02-08 12:02:09,775][com.java.TestType] [12189] - --------------------------setting values-----------------------------
[INFO ][2016-02-08 12:02:09,775][com.java.TestType] [12192] - Action Type : CLICK
[INFO ][2016-02-08 12:02:09,775][com.java.TestType] [ 7122] - Field ::MNC//div[@id="divUserListing"]//td//a[@id='modifyUser.mytext']
[INFO ][2016-02-08 12:02:09,775][com.java.TestType] [ 6727] - value = Login_username
[INFO ][2016-02-08 12:02:11,134][com.java.TestType] [12211] -  RESULT true
[INFO ][2016-02-08 12:02:11,134][com.java.TestType] [12328] - ?   P A S S   ?
[DEBUG][2016-02-08 12:02:11,134][com.java.TestType] [12134] - Concept ID:101 :: Step being Executed: 101::42
[INFO ][2016-02-08 12:02:11,134][com.java.TestType] [12172] - dataFields : null
[DEBUG][2016-02-08 12:02:11,134][com.java.TestType] [12178] - <In Set values of the page>
[INFO ][2016-02-08 12:02:11,134][com.java.TestType] [12328] - ?   P A S S   ?
[DEBUG][2016-02-08 12:02:11,134][com.java.TestType] [12134] - Concept ID:101 :: Step being Executed: 101::43
[ERROR][2016-02-08 12:02:11,134][com.java.TestType] [12167] - Exception: null
[INFO ][2016-02-08 12:02:11,134][com.java.TestType] [12172] - dataFields : BTNbtnAccess
[DEBUG][2016-02-08 12:02:11,134][com.java.TestType] [12178] - <In Set values of the page>
[DEBUG][2016-02-08 12:02:11,134][com.java.TestType] [12183] - {Data Fields & Data Values Exist}
[INFO ][2016-02-08 12:02:11,134][com.java.TestType] [12189] - --------------------------setting values-----------------------------
[INFO ][2016-02-08 12:02:11,134][com.java.TestType] [12192] - Action Type : CLICK
[INFO ][2016-02-08 12:02:11,134][com.java.TestType] [ 7122] - Field ::BTNbtnAccess
[INFO ][2016-02-08 12:02:11,134][com.java.TestType] [ 6727] - value = 
[INFO ][2016-02-08 12:02:12,148][com.java.TestType] [ 7278] - BEFORE CLICK
[INFO ][2016-02-08 12:02:17,718][com.java.TestType] [ 7285] - Unable to click the object Set Access button
[INFO ][2016-02-08 12:02:17,718][com.java.TestType] [12211] -  RESULT true
[INFO ][2016-02-08 12:02:17,718][com.java.TestType] [12328] - ?   P A S S   ?
[DEBUG][2016-02-08 12:02:17,718][com.java.TestType] [12134] - Concept ID:101 :: Step being Executed: 101::44
[ERROR][2016-02-08 12:02:17,718][com.java.TestType] [12167] - Exception: null
[INFO ][2016-02-08 12:02:17,718][com.java.TestType] [12172] - dataFields : BTN//select[@id='ddlEntityAccess']//option[2]
[DEBUG][2016-02-08 12:02:17,718][com.java.TestType] [12178] - <In Set values of the page>
[DEBUG][2016-02-08 12:02:17,718][com.java.TestType] [12183] - {Data Fields & Data Values Exist}
[INFO ][2016-02-08 12:02:17,718][com.java.TestType] [12189] - --------------------------setting values-----------------------------
[INFO ][2016-02-08 12:02:17,718][com.java.TestType] [12192] - Action Type : CLICK
[INFO ][2016-02-08 12:02:17,718][com.java.TestType] [ 7122] - Field ::BTN//select[@id='ddlEntityAccess']//option[2]
[INFO ][2016-02-08 12:02:17,718][com.java.TestType] [ 6727] - value = 
[INFO ][2016-02-08 12:02:18,732][com.java.TestType] [ 7278] - BEFORE CLICK
[INFO ][2016-02-08 12:02:19,466][com.java.TestType] [ 7285] - Unable to click the object Bank entity
[INFO ][2016-02-08 12:02:19,466][com.java.TestType] [12211] -  RESULT true
[INFO ][2016-02-08 12:02:19,466][com.java.TestType] [12328] - ?   P A S S   ?
[DEBUG][2016-02-08 12:02:19,466][com.java.TestType] [12134] - Concept ID:101 :: Step being Executed: 101::46
[ERROR][2016-02-08 12:02:19,466][com.java.TestType] [12167] - Exception: null
[INFO ][2016-02-08 12:02:19,466][com.java.TestType] [12172] - dataFields : BTNrdoEnableEntity_Enable
[DEBUG][2016-02-08 12:02:19,466][com.java.TestType] [12178] - <In Set values of the page>
[DEBUG][2016-02-08 12:02:19,466][com.java.TestType] [12183] - {Data Fields & Data Values Exist}
[INFO ][2016-02-08 12:02:19,466][com.java.TestType] [12189] - --------------------------setting values-----------------------------
[INFO ][2016-02-08 12:02:19,466][com.java.TestType] [12192] - Action Type : CLICK
[INFO ][2016-02-08 12:02:19,466][com.java.TestType] [ 7122] - Field ::BTNrdoEnableEntity_Enable
[INFO ][2016-02-08 12:02:19,466][com.java.TestType] [ 6727] - value = 
[INFO ][2016-02-08 12:02:20,480][com.java.TestType] [ 7278] - BEFORE CLICK
[INFO ][2016-02-08 12:02:21,807][com.java.TestType] [ 7285] - Unable to click the object Enable radio button
[INFO ][2016-02-08 12:02:21,807][com.java.TestType] [12211] -  RESULT true
[INFO ][2016-02-08 12:02:21,807][com.java.TestType] [12328] - ?   P A S S   ?
[DEBUG][2016-02-08 12:02:21,807][com.java.TestType] [12134] - Concept ID:101 :: Step being Executed: 101::47
[ERROR][2016-02-08 12:02:21,807][com.java.TestType] [12167] - Exception: null
[INFO ][2016-02-08 12:02:21,807][com.java.TestType] [12172] - dataFields : BTNchkGlobalPrivsUserAdmin
[DEBUG][2016-02-08 12:02:21,807][com.java.TestType] [12178] - <In Set values of the page>
[DEBUG][2016-02-08 12:02:21,807][com.java.TestType] [12183] - {Data Fields & Data Values Exist}
[INFO ][2016-02-08 12:02:21,807][com.java.TestType] [12189] - --------------------------setting values-----------------------------
[INFO ][2016-02-08 12:02:21,807][com.java.TestType] [12192] - Action Type : CLICK
[INFO ][2016-02-08 12:02:21,807][com.java.TestType] [ 7122] - Field ::BTNchkGlobalPrivsUserAdmin
[INFO ][2016-02-08 12:02:21,807][com.java.TestType] [ 6727] - value = 
[INFO ][2016-02-08 12:02:22,821][com.java.TestType] [ 7278] - BEFORE CLICK
[INFO ][2016-02-08 12:02:24,055][com.java.TestType] [ 7285] - Unable to click the object User Admin check box
[INFO ][2016-02-08 12:02:24,055][com.java.TestType] [12211] -  RESULT true
[INFO ][2016-02-08 12:02:24,055][com.java.TestType] [12328] - ?   P A S S   ?
[DEBUG][2016-02-08 12:02:24,055][com.java.TestType] [12134] - Concept ID:101 :: Step being Executed: 101::48
[ERROR][2016-02-08 12:02:24,055][com.java.TestType] [12167] - Exception: null
[INFO ][2016-02-08 12:02:24,055][com.java.TestType] [12172] - dataFields : BTNchkGlobalPrivsDocumentVaultAdmin
[DEBUG][2016-02-08 12:02:24,055][com.java.TestType] [12178] - <In Set values of the page>
[DEBUG][2016-02-08 12:02:24,055][com.java.TestType] [12183] - {Data Fields & Data Values Exist}
[INFO ][2016-02-08 12:02:24,055][com.java.TestType] [12189] - --------------------------setting values-----------------------------
[INFO ][2016-02-08 12:02:24,055][com.java.TestType] [12192] - Action Type : CLICK
[INFO ][2016-02-08 12:02:24,055][com.java.TestType] [ 7122] - Field ::BTNchkGlobalPrivsDocumentVaultAdmin
[INFO ][2016-02-08 12:02:24,055][com.java.TestType] [ 6727] - value = 
[INFO ][2016-02-08 12:02:25,069][com.java.TestType] [ 7278] - BEFORE CLICK
[INFO ][2016-02-08 12:02:26,302][com.java.TestType] [ 7285] - Unable to click the object Document Vault Admin box
[INFO ][2016-02-08 12:02:26,302][com.java.TestType] [12211] -  RESULT true
[INFO ][2016-02-08 12:02:26,302][com.java.TestType] [12328] - ?   P A S S   ?
[DEBUG][2016-02-08 12:02:26,302][com.java.TestType] [12134] - Concept ID:101 :: Step being Executed: 101::49
[ERROR][2016-02-08 12:02:26,302][com.java.TestType] [12167] - Exception: null
[INFO ][2016-02-08 12:02:26,302][com.java.TestType] [12172] - dataFields : BTNchkGlobalPrivsTabletApp
[DEBUG][2016-02-08 12:02:26,302][com.java.TestType] [12178] - <In Set values of the page>
[DEBUG][2016-02-08 12:02:26,302][com.java.TestType] [12183] - {Data Fields & Data Values Exist}
[INFO ][2016-02-08 12:02:26,302][com.java.TestType] [12189] - --------------------------setting values-----------------------------
[INFO ][2016-02-08 12:02:26,302][com.java.TestType] [12192] - Action Type : CLICK
[INFO ][2016-02-08 12:02:26,302][com.java.TestType] [ 7122] - Field ::BTNchkGlobalPrivsTabletApp
[INFO ][2016-02-08 12:02:26,302][com.java.TestType] [ 6727] - value = 
[INFO ][2016-02-08 12:02:27,316][com.java.TestType] [ 7278] - BEFORE CLICK
[INFO ][2016-02-08 12:02:28,549][com.java.TestType] [ 7285] - Unable to click the object Allow Tablet App Access
[INFO ][2016-02-08 12:02:28,549][com.java.TestType] [12211] -  RESULT true
[INFO ][2016-02-08 12:02:28,549][com.java.TestType] [12328] - ?   P A S S   ?
[DEBUG][2016-02-08 12:02:28,549][com.java.TestType] [12134] - Concept ID:101 :: Step being Executed: 101::50
[ERROR][2016-02-08 12:02:28,549][com.java.TestType] [12167] - Exception: null
[INFO ][2016-02-08 12:02:28,549][com.java.TestType] [12172] - dataFields : BTNchkProfitCenterAll
[DEBUG][2016-02-08 12:02:28,549][com.java.TestType] [12178] - <In Set values of the page>
[DEBUG][2016-02-08 12:02:28,549][com.java.TestType] [12183] - {Data Fields & Data Values Exist}
[INFO ][2016-02-08 12:02:28,549][com.java.TestType] [12189] - --------------------------setting values-----------------------------
[INFO ][2016-02-08 12:02:28,549][com.java.TestType] [12192] - Action Type : CLICK
[INFO ][2016-02-08 12:02:28,549][com.java.TestType] [ 7122] - Field ::BTNchkProfitCenterAll
[INFO ][2016-02-08 12:02:28,549][com.java.TestType] [ 6727] - value = 
[INFO ][2016-02-08 12:02:29,563][com.java.TestType] [ 7278] - BEFORE CLICK
[INFO ][2016-02-08 12:02:30,812][com.java.TestType] [ 7285] - Unable to click the object All Check box
[INFO ][2016-02-08 12:02:30,812][com.java.TestType] [12211] -  RESULT true
[INFO ][2016-02-08 12:02:30,812][com.java.TestType] [12328] - ?   P A S S   ?
[DEBUG][2016-02-08 12:02:30,812][com.java.TestType] [12134] - Concept ID:101 :: Step being Executed: 101::51
[ERROR][2016-02-08 12:02:30,812][com.java.TestType] [12167] - Exception: null
[INFO ][2016-02-08 12:02:30,812][com.java.TestType] [12172] - dataFields : BTNchkPrivsAccessGL
[DEBUG][2016-02-08 12:02:30,812][com.java.TestType] [12178] - <In Set values of the page>
[DEBUG][2016-02-08 12:02:30,812][com.java.TestType] [12183] - {Data Fields & Data Values Exist}
[INFO ][2016-02-08 12:02:30,812][com.java.TestType] [12189] - --------------------------setting values-----------------------------
[INFO ][2016-02-08 12:02:30,812][com.java.TestType] [12192] - Action Type : CLICK
[INFO ][2016-02-08 12:02:30,812][com.java.TestType] [ 7122] - Field ::BTNchkPrivsAccessGL
[INFO ][2016-02-08 12:02:30,812][com.java.TestType] [ 6727] - value = 
[INFO ][2016-02-08 12:02:31,826][com.java.TestType] [ 7278] - BEFORE CLICK
[INFO ][2016-02-08 12:02:33,044][com.java.TestType] [ 7285] - Unable to click the object GL check box
[INFO ][2016-02-08 12:02:33,044][com.java.TestType] [12211] -  RESULT true
[INFO ][2016-02-08 12:02:33,044][com.java.TestType] [12328] - ?   P A S S   ?
[DEBUG][2016-02-08 12:02:33,044][com.java.TestType] [12134] - Concept ID:101 :: Step being Executed: 101::52
[ERROR][2016-02-08 12:02:33,044][com.java.TestType] [12167] - Exception: null
[INFO ][2016-02-08 12:02:33,044][com.java.TestType] [12172] - dataFields : BTNchkPrivsAccessAL
[DEBUG][2016-02-08 12:02:33,044][com.java.TestType] [12178] - <In Set values of the page>
[DEBUG][2016-02-08 12:02:33,044][com.java.TestType] [12183] - {Data Fields & Data Values Exist}
[INFO ][2016-02-08 12:02:33,044][com.java.TestType] [12189] - --------------------------setting values-----------------------------
[INFO ][2016-02-08 12:02:33,044][com.java.TestType] [12192] - Action Type : CLICK
[INFO ][2016-02-08 12:02:33,044][com.java.TestType] [ 7122] - Field ::BTNchkPrivsAccessAL
[INFO ][2016-02-08 12:02:33,044][com.java.TestType] [ 6727] - value = 
[INFO ][2016-02-08 12:02:34,058][com.java.TestType] [ 7278] - BEFORE CLICK
[INFO ][2016-02-08 12:02:35,338][com.java.TestType] [ 7285] - Unable to click the object Access A/L box
[INFO ][2016-02-08 12:02:35,338][com.java.TestType] [12211] -  RESULT true
[INFO ][2016-02-08 12:02:35,338][com.java.TestType] [12328] - ?   P A S S   ?
[DEBUG][2016-02-08 12:02:35,338][com.java.TestType] [12134] - Concept ID:101 :: Step being Executed: 101::53
[ERROR][2016-02-08 12:02:35,338][com.java.TestType] [12167] - Exception: null
[INFO ][2016-02-08 12:02:35,338][com.java.TestType] [12172] - dataFields : BTNchkPrivsParamsAdmin
[DEBUG][2016-02-08 12:02:35,338][com.java.TestType] [12178] - <In Set values of the page>
[DEBUG][2016-02-08 12:02:35,338][com.java.TestType] [12183] - {Data Fields & Data Values Exist}
[INFO ][2016-02-08 12:02:35,338][com.java.TestType] [12189] - --------------------------setting values-----------------------------
[INFO ][2016-02-08 12:02:35,338][com.java.TestType] [12192] - Action Type : CLICK
[INFO ][2016-02-08 12:02:35,338][com.java.TestType] [ 7122] - Field ::BTNchkPrivsParamsAdmin
[INFO ][2016-02-08 12:02:35,338][com.java.TestType] [ 6727] - value = 
[INFO ][2016-02-08 12:02:36,352][com.java.TestType] [ 7278] - BEFORE CLICK
[INFO ][2016-02-08 12:02:37,632][com.java.TestType] [ 7285] - Unable to click the object Parameters Admin box
[INFO ][2016-02-08 12:02:37,632][com.java.TestType] [12211] -  RESULT true
[INFO ][2016-02-08 12:02:37,632][com.java.TestType] [12328] - ?   P A S S   ?
[DEBUG][2016-02-08 12:02:37,632][com.java.TestType] [12134] - Concept ID:101 :: Step being Executed: 101::54
[ERROR][2016-02-08 12:02:37,632][com.java.TestType] [12167] - Exception: null
[INFO ][2016-02-08 12:02:37,632][com.java.TestType] [12172] - dataFields : BTNchkPrivsDesignBoardPackage
[DEBUG][2016-02-08 12:02:37,632][com.java.TestType] [12178] - <In Set values of the page>
[DEBUG][2016-02-08 12:02:37,632][com.java.TestType] [12183] - {Data Fields & Data Values Exist}
[INFO ][2016-02-08 12:02:37,632][com.java.TestType] [12189] - --------------------------setting values-----------------------------
[INFO ][2016-02-08 12:02:37,632][com.java.TestType] [12192] - Action Type : CLICK
[INFO ][2016-02-08 12:02:37,632][com.java.TestType] [ 7122] - Field ::BTNchkPrivsDesignBoardPackage
[INFO ][2016-02-08 12:02:37,632][com.java.TestType] [ 6727] - value = 
[INFO ][2016-02-08 12:02:38,646][com.java.TestType] [ 7278] - BEFORE CLICK
[INFO ][2016-02-08 12:02:39,927][com.java.TestType] [ 7285] - Unable to click the object Design Board Package box
[INFO ][2016-02-08 12:02:39,927][com.java.TestType] [12211] -  RESULT true
[INFO ][2016-02-08 12:02:39,927][com.java.TestType] [12328] - ?   P A S S   ?
[DEBUG][2016-02-08 12:02:39,927][com.java.TestType] [12134] - Concept ID:101 :: Step being Executed: 101::55
[ERROR][2016-02-08 12:02:39,927][com.java.TestType] [12167] - Exception: null
[INFO ][2016-02-08 12:02:39,927][com.java.TestType] [12172] - dataFields : BTNchkPrivsProjectionsAdmin
[DEBUG][2016-02-08 12:02:39,927][com.java.TestType] [12178] - <In Set values of the page>
[DEBUG][2016-02-08 12:02:39,927][com.java.TestType] [12183] - {Data Fields & Data Values Exist}
[INFO ][2016-02-08 12:02:39,927][com.java.TestType] [12189] - --------------------------setting values-----------------------------
[INFO ][2016-02-08 12:02:39,927][com.java.TestType] [12192] - Action Type : CLICK
[INFO ][2016-02-08 12:02:39,927][com.java.TestType] [ 7122] - Field ::BTNchkPrivsProjectionsAdmin
[INFO ][2016-02-08 12:02:39,927][com.java.TestType] [ 6727] - value = 
[INFO ][2016-02-08 12:02:40,941][com.java.TestType] [ 7278] - BEFORE CLICK
[INFO ][2016-02-08 12:02:42,158][com.java.TestType] [ 7285] - Unable to click the object Projections Admin box
[INFO ][2016-02-08 12:02:42,158][com.java.TestType] [12211] -  RESULT true
[INFO ][2016-02-08 12:02:42,158][com.java.TestType] [12328] - ?   P A S S   ?
[DEBUG][2016-02-08 12:02:42,158][com.java.TestType] [12134] - Concept ID:101 :: Step being Executed: 101::56
[ERROR][2016-02-08 12:02:42,158][com.java.TestType] [12167] - Exception: null
[INFO ][2016-02-08 12:02:42,158][com.java.TestType] [12172] - dataFields : BTNchkPrivsMappingAdmin
[DEBUG][2016-02-08 12:02:42,158][com.java.TestType] [12178] - <In Set values of the page>
[DEBUG][2016-02-08 12:02:42,158][com.java.TestType] [12183] - {Data Fields & Data Values Exist}
[INFO ][2016-02-08 12:02:42,158][com.java.TestType] [12189] - --------------------------setting values-----------------------------
[INFO ][2016-02-08 12:02:42,158][com.java.TestType] [12192] - Action Type : CLICK
[INFO ][2016-02-08 12:02:42,158][com.java.TestType] [ 7122] - Field ::BTNchkPrivsMappingAdmin
[INFO ][2016-02-08 12:02:42,158][com.java.TestType] [ 6727] - value = 
[INFO ][2016-02-08 12:02:43,172][com.java.TestType] [ 7278] - BEFORE CLICK
[INFO ][2016-02-08 12:02:44,515][com.java.TestType] [ 7285] - Unable to click the object Mapping Admin box
[INFO ][2016-02-08 12:02:44,515][com.java.TestType] [12211] -  RESULT true
[INFO ][2016-02-08 12:02:44,515][com.java.TestType] [12328] - ?   P A S S   ?
[DEBUG][2016-02-08 12:02:44,515][com.java.TestType] [12134] - Concept ID:101 :: Step being Executed: 101::57
[ERROR][2016-02-08 12:02:44,515][com.java.TestType] [12167] - Exception: null
[INFO ][2016-02-08 12:02:44,515][com.java.TestType] [12172] - dataFields : BTNchkPrivsAccessDataExport
[DEBUG][2016-02-08 12:02:44,515][com.java.TestType] [12178] - <In Set values of the page>
[DEBUG][2016-02-08 12:02:44,515][com.java.TestType] [12183] - {Data Fields & Data Values Exist}
[INFO ][2016-02-08 12:02:44,515][com.java.TestType] [12189] - --------------------------setting values-----------------------------
[INFO ][2016-02-08 12:02:44,515][com.java.TestType] [12192] - Action Type : CLICK
[INFO ][2016-02-08 12:02:44,515][com.java.TestType] [ 7122] - Field ::BTNchkPrivsAccessDataExport
[INFO ][2016-02-08 12:02:44,515][com.java.TestType] [ 6727] - value = 
[INFO ][2016-02-08 12:02:45,529][com.java.TestType] [ 7278] - BEFORE CLICK
[INFO ][2016-02-08 12:02:46,825][com.java.TestType] [ 7285] - Unable to click the object Access Data Export box
[INFO ][2016-02-08 12:02:46,825][com.java.TestType] [12211] -  RESULT true
[INFO ][2016-02-08 12:02:46,825][com.java.TestType] [12328] - ?   P A S S   ?
[DEBUG][2016-02-08 12:02:46,825][com.java.TestType] [12134] - Concept ID:101 :: Step being Executed: 101::58
[ERROR][2016-02-08 12:02:46,825][com.java.TestType] [12167] - Exception: null
[INFO ][2016-02-08 12:02:46,825][com.java.TestType] [12172] - dataFields : BTNchkPrivsUpdateMemoFields
[DEBUG][2016-02-08 12:02:46,825][com.java.TestType] [12178] - <In Set values of the page>
[DEBUG][2016-02-08 12:02:46,825][com.java.TestType] [12183] - {Data Fields & Data Values Exist}
[INFO ][2016-02-08 12:02:46,825][com.java.TestType] [12189] - --------------------------setting values-----------------------------
[INFO ][2016-02-08 12:02:46,825][com.java.TestType] [12192] - Action Type : CLICK
[INFO ][2016-02-08 12:02:46,825][com.java.TestType] [ 7122] - Field ::BTNchkPrivsUpdateMemoFields
[INFO ][2016-02-08 12:02:46,825][com.java.TestType] [ 6727] - value = 
[INFO ][2016-02-08 12:02:47,839][com.java.TestType] [ 7278] - BEFORE CLICK
[INFO ][2016-02-08 12:02:49,181][com.java.TestType] [ 7285] - Unable to click the object Update Memo Fields box
[INFO ][2016-02-08 12:02:49,181][com.java.TestType] [12211] -  RESULT true
[INFO ][2016-02-08 12:02:49,181][com.java.TestType] [12328] - ?   P A S S   ?
[DEBUG][2016-02-08 12:02:49,181][com.java.TestType] [12134] - Concept ID:101 :: Step being Executed: 101::59
[ERROR][2016-02-08 12:02:49,181][com.java.TestType] [12167] - Exception: null
[INFO ][2016-02-08 12:02:49,181][com.java.TestType] [12172] - dataFields : BTNparent
[DEBUG][2016-02-08 12:02:49,181][com.java.TestType] [12178] - <In Set values of the page>
[DEBUG][2016-02-08 12:02:49,181][com.java.TestType] [12183] - {Data Fields & Data Values Exist}
[INFO ][2016-02-08 12:02:49,181][com.java.TestType] [12189] - --------------------------setting values-----------------------------
[INFO ][2016-02-08 12:02:49,181][com.java.TestType] [12192] - Action Type : SELECTFRAME
[INFO ][2016-02-08 12:02:49,197][com.java.TestType] [12211] -  RESULT true
[INFO ][2016-02-08 12:02:49,197][com.java.TestType] [12328] - ?   P A S S   ?
[DEBUG][2016-02-08 12:02:49,197][com.java.TestType] [12134] - Concept ID:101 :: Step being Executed: 101::60
[INFO ][2016-02-08 12:02:49,197][com.java.TestType] [12172] - dataFields : test
[DEBUG][2016-02-08 12:02:49,197][com.java.TestType] [12178] - <In Set values of the page>
[DEBUG][2016-02-08 12:02:49,197][com.java.TestType] [12183] - {Data Fields & Data Values Exist}
[INFO ][2016-02-08 12:02:49,197][com.java.TestType] [12189] - --------------------------setting values-----------------------------
[INFO ][2016-02-08 12:02:49,197][com.java.TestType] [12192] - Action Type : WAITTIME
[DEBUG][2016-02-08 12:02:49,197][com.java.TestType] [ 6541] - sleepTime: 5000
[INFO ][2016-02-08 12:02:54,205][com.java.TestType] [12211] -  RESULT true
[INFO ][2016-02-08 12:02:54,205][com.java.TestType] [12328] - ?   P A S S   ?
[DEBUG][2016-02-08 12:02:54,205][com.java.TestType] [12134] - Concept ID:101 :: Step being Executed: 101::61
[ERROR][2016-02-08 12:02:54,205][com.java.TestType] [12167] - Exception: null
[INFO ][2016-02-08 12:02:54,205][com.java.TestType] [12172] - dataFields : XPH//span[contains(text(), 'Finished')]
[DEBUG][2016-02-08 12:02:54,205][com.java.TestType] [12178] - <In Set values of the page>
[DEBUG][2016-02-08 12:02:54,205][com.java.TestType] [12183] - {Data Fields & Data Values Exist}
[INFO ][2016-02-08 12:02:54,205][com.java.TestType] [12189] - --------------------------setting values-----------------------------
[INFO ][2016-02-08 12:02:54,205][com.java.TestType] [12192] - Action Type : CLICK
[INFO ][2016-02-08 12:02:54,205][com.java.TestType] [ 7122] - Field ::XPH//span[contains(text(), 'Finished')]
[INFO ][2016-02-08 12:02:54,205][com.java.TestType] [ 6727] - value = 
[INFO ][2016-02-08 12:02:55,220][com.java.TestType] [ 7299] - BEFORE CLICK
[INFO ][2016-02-08 12:02:57,531][com.java.TestType] [ 7307] - Unable to click the object Finished button
[INFO ][2016-02-08 12:02:57,531][com.java.TestType] [12211] -  RESULT true
[INFO ][2016-02-08 12:02:57,531][com.java.TestType] [12328] - ?   P A S S   ?
[DEBUG][2016-02-08 12:02:57,531][com.java.TestType] [12134] - Concept ID:101 :: Step being Executed: 101::62
[INFO ][2016-02-08 12:02:57,531][com.java.TestType] [12172] - dataFields : null
[DEBUG][2016-02-08 12:02:57,531][com.java.TestType] [12178] - <In Set values of the page>
[INFO ][2016-02-08 12:02:57,531][com.java.TestType] [12328] - ?   P A S S   ?
[DEBUG][2016-02-08 12:02:57,531][com.java.TestType] [12134] - Concept ID:101 :: Step being Executed: 101::63
[ERROR][2016-02-08 12:02:57,531][com.java.TestType] [12167] - Exception: null
[INFO ][2016-02-08 12:02:57,531][com.java.TestType] [12172] - dataFields : BTNframeDialogContent
[DEBUG][2016-02-08 12:02:57,531][com.java.TestType] [12178] - <In Set values of the page>
[DEBUG][2016-02-08 12:02:57,531][com.java.TestType] [12183] - {Data Fields & Data Values Exist}
[INFO ][2016-02-08 12:02:57,531][com.java.TestType] [12189] - --------------------------setting values-----------------------------
[INFO ][2016-02-08 12:02:57,531][com.java.TestType] [12192] - Action Type : SelectFrame
[INFO ][2016-02-08 12:02:58,843][com.java.TestType] [12211] -  RESULT true
[INFO ][2016-02-08 12:02:58,843][com.java.TestType] [12328] - ?   P A S S   ?
[DEBUG][2016-02-08 12:02:58,843][com.java.TestType] [12134] - Concept ID:101 :: Step being Executed: 101::64
[ERROR][2016-02-08 12:02:58,843][com.java.TestType] [12167] - Exception: null
[INFO ][2016-02-08 12:02:58,843][com.java.TestType] [12172] - dataFields : XPH//table[@id="tblUserListing"]//td[contains(text(),'vltest.robot')]
[DEBUG][2016-02-08 12:02:58,843][com.java.TestType] [12178] - <In Set values of the page>
[DEBUG][2016-02-08 12:02:58,843][com.java.TestType] [12183] - {Data Fields & Data Values Exist}
[INFO ][2016-02-08 12:02:58,843][com.java.TestType] [12189] - --------------------------setting values-----------------------------
[INFO ][2016-02-08 12:02:58,843][com.java.TestType] [12192] - Action Type : WaitForElement
[INFO ][2016-02-08 12:02:58,874][com.java.TestType] [12211] -  RESULT true
[INFO ][2016-02-08 12:02:58,874][com.java.TestType] [12328] - ?   P A S S   ?
[DEBUG][2016-02-08 12:02:58,874][com.java.TestType] [12134] - Concept ID:101 :: Step being Executed: 101::65
[INFO ][2016-02-08 12:02:58,874][com.java.TestType] [12172] - dataFields : USR
[DEBUG][2016-02-08 12:02:58,874][com.java.TestType] [12178] - <In Set values of the page>
[DEBUG][2016-02-08 12:02:58,874][com.java.TestType] [12183] - {Data Fields & Data Values Exist}
[INFO ][2016-02-08 12:02:58,874][com.java.TestType] [12189] - --------------------------setting values-----------------------------
[INFO ][2016-02-08 12:02:58,874][com.java.TestType] [12192] - Action Type : Verify
[INFO ][2016-02-08 12:02:58,874][com.java.TestType] [ 8355] - field= USR value= HMVLogin_username
[INFO ][2016-02-08 12:02:58,874][com.java.TestType] [ 6727] - value = vltest.robot56991.00058
[INFO ][2016-02-08 12:02:58,921][com.java.TestType] [12211] -  RESULT true
[INFO ][2016-02-08 12:02:58,921][com.java.TestType] [12328] - ?   P A S S   ?
[DEBUG][2016-02-08 12:02:58,921][com.java.TestType] [12134] - Concept ID:101 :: Step being Executed: 101::66
[ERROR][2016-02-08 12:02:58,921][com.java.TestType] [12167] - Exception: null
[INFO ][2016-02-08 12:02:58,921][com.java.TestType] [12172] - dataFields : BTNparent
[DEBUG][2016-02-08 12:02:58,921][com.java.TestType] [12178] - <In Set values of the page>
[DEBUG][2016-02-08 12:02:58,921][com.java.TestType] [12183] - {Data Fields & Data Values Exist}
[INFO ][2016-02-08 12:02:58,921][com.java.TestType] [12189] - --------------------------setting values-----------------------------
[INFO ][2016-02-08 12:02:58,921][com.java.TestType] [12192] - Action Type : SelectFrame
[INFO ][2016-02-08 12:02:58,937][com.java.TestType] [12211] -  RESULT true
[INFO ][2016-02-08 12:02:58,937][com.java.TestType] [12328] - ?   P A S S   ?
[DEBUG][2016-02-08 12:02:58,937][com.java.TestType] [12134] - Concept ID:101 :: Step being Executed: 101::67
[ERROR][2016-02-08 12:02:58,937][com.java.TestType] [12167] - Exception: null
[INFO ][2016-02-08 12:02:58,937][com.java.TestType] [12172] - dataFields : XPH//span[contains(text(), 'Finished')]
[DEBUG][2016-02-08 12:02:58,937][com.java.TestType] [12178] - <In Set values of the page>
[DEBUG][2016-02-08 12:02:58,937][com.java.TestType] [12183] - {Data Fields & Data Values Exist}
[INFO ][2016-02-08 12:02:58,937][com.java.TestType] [12189] - --------------------------setting values-----------------------------
[INFO ][2016-02-08 12:02:58,937][com.java.TestType] [12192] - Action Type : Click
[INFO ][2016-02-08 12:02:58,937][com.java.TestType] [ 7122] - Field ::XPH//span[contains(text(), 'Finished')]
[INFO ][2016-02-08 12:02:58,937][com.java.TestType] [ 6727] - value = 
[INFO ][2016-02-08 12:02:59,951][com.java.TestType] [ 7299] - BEFORE CLICK
[INFO ][2016-02-08 12:03:00,918][com.java.TestType] [ 7307] - Unable to click the object Finished button
[INFO ][2016-02-08 12:03:00,918][com.java.TestType] [12211] -  RESULT true
[INFO ][2016-02-08 12:03:00,918][com.java.TestType] [12328] - ?   P A S S   ?
[INFO ][2016-02-08 12:03:00,918][com.java.TestType] [12399] - Looping End......
[INFO ][2016-02-08 12:03:00,918][com.java.SeleniumDriver] [  930] -  RESULT true
[INFO ][2016-02-08 12:03:00,918][com.java.SeleniumDriver] [ 1136] - ?   P A S S   ?
[INFO ][2016-02-08 12:03:00,918][com.java.SeleniumDriver] [  856] - ------------------------------------------
[INFO ][2016-02-08 12:03:00,918][com.java.SeleniumDriver] [  857] - Test case being Executed: 16
[INFO ][2016-02-08 12:03:00,918][com.java.SeleniumDriver] [  869] - Test step:5
[INFO ][2016-02-08 12:03:00,918][com.java.SeleniumDriver] [  881] - Datavalue is----------Logout
[INFO ][2016-02-08 12:03:00,918][com.java.SeleniumDriver] [  905] - DataField : test
[INFO ][2016-02-08 12:03:00,918][com.java.SeleniumDriver] [  907] - DataValue : Logout
[INFO ][2016-02-08 12:03:00,918][com.java.SeleniumDriver] [  913] - <In Set values of the page>
[INFO ][2016-02-08 12:03:00,918][com.java.SeleniumDriver] [  916] - {Data Fields & Data Values Exist}
[INFO ][2016-02-08 12:03:00,918][com.java.SeleniumDriver] [  918] - --------------------------setting values-----------------------------
[INFO ][2016-02-08 12:03:00,918][com.java.SeleniumDriver] [  921] - Action Type : Logout
[INFO ][2016-02-08 12:03:04,086][com.java.TestType] [ 7122] - Field ::CNF
[INFO ][2016-02-08 12:03:04,086][com.java.TestType] [ 6727] - value = OK
[ERROR][2016-02-08 12:03:05,210][com.java.TestType] [ 7653] - Exception in click:: No alert is active (WARNING: The server did not provide any stacktrace information)
Command duration or timeout: 109 milliseconds
Build info: version: '2.48.2', revision: '41bccdd', time: '2015-10-09 19:59:12'
System info: host: 'FVTIII438F1D', ip: '172.17.68.34', os.name: 'Windows 7', os.arch: 'x86', os.version: '6.1', java.version: '1.7.0_55'
Session ID: 336d0a52-9e2b-4f6e-a1d8-34a4650561fe
Driver info: org.openqa.selenium.ie.InternetExplorerDriver
Capabilities [{platform=WINDOWS, javascriptEnabled=true, elementScrollBehavior=0, ignoreZoomSetting=false, enablePersistentHover=true, ie.ensureCleanSession=false, browserName=internet explorer, enableElementCacheCleanup=true, unexpectedAlertBehaviour=dismiss, version=10, ie.usePerProcessProxy=false, ignoreProtectedModeSettings=true, cssSelectorsEnabled=true, requireWindowFocus=false, initialBrowserUrl=http://localhost:6483/, handlesAlerts=true, ie.forceCreateProcessApi=false, nativeEvents=true, browserAttachTimeout=0, ie.browserCommandLineSwitches=, takesScreenshot=true}]
[INFO ][2016-02-08 12:03:05,210][com.java.TestType] [ 7657] - Element :::: not found
[DEBUG][2016-02-08 12:03:06,973][com.java.SeleniumDriver] [  426] - Hub ip address is-------172.17.68.34
[INFO ][2016-02-08 12:03:06,973][com.java.SeleniumDriver] [  452] - Grid URL:http://172.17.68.34:4444/wd/hub
[INFO ][2016-02-08 12:03:06,973][com.java.SeleniumDriver] [  453] - Capability:Capabilities [{platform=ANY, ensureCleanSession=true, ignoreProtectedModeSettings=true, acceptSslCerts=true, ignoreZoomSetting=true, browserName=internet explorer, browserstack.ie.noFlash=true, version=null}]
[ERROR][2016-02-08 12:03:07,988][com.java.SeleniumDriver] [  498] - Unable invoke browser in grid:Could not start a new session. Possible causes are invalid address of the remote server or browser start-up failure.
Build info: version: '2.48.2', revision: '41bccdd', time: '2015-10-09 19:59:12'
System info: host: 'FVTIII438F1D', ip: '172.17.68.34', os.name: 'Windows 7', os.arch: 'x86', os.version: '6.1', java.version: '1.7.0_55'
Driver info: driver.version: SeleniumDriver
[INFO ][2016-02-08 12:03:07,988][com.java.SeleniumDriver] [  500] - Executing on local machine
[INFO ][2016-02-08 12:03:34,824][com.java.SeleniumDriver] [  930] -  RESULT true
[INFO ][2016-02-08 12:03:34,824][com.java.SeleniumDriver] [ 1136] - ?   P A S S   ?
[INFO ][2016-02-08 12:03:34,824][com.java.SeleniumDriver] [  856] - ------------------------------------------
[INFO ][2016-02-08 12:03:34,824][com.java.SeleniumDriver] [  857] - Test case being Executed: 16
[INFO ][2016-02-08 12:03:34,824][com.java.SeleniumDriver] [  869] - Test step:6
[INFO ][2016-02-08 12:03:34,824][com.java.SeleniumDriver] [  881] - Datavalue is----------5
[INFO ][2016-02-08 12:03:34,824][com.java.SeleniumDriver] [  905] - DataField : test
[INFO ][2016-02-08 12:03:34,824][com.java.SeleniumDriver] [  907] - DataValue : 5
[INFO ][2016-02-08 12:03:34,824][com.java.SeleniumDriver] [  913] - <In Set values of the page>
[INFO ][2016-02-08 12:03:34,824][com.java.SeleniumDriver] [  916] - {Data Fields & Data Values Exist}
[INFO ][2016-02-08 12:03:34,824][com.java.SeleniumDriver] [  918] - --------------------------setting values-----------------------------
[INFO ][2016-02-08 12:03:34,824][com.java.SeleniumDriver] [  921] - Action Type : WaitTime
[DEBUG][2016-02-08 12:03:34,824][com.java.TestType] [ 6541] - sleepTime: 5000
[INFO ][2016-02-08 12:03:39,833][com.java.SeleniumDriver] [  930] -  RESULT true
[INFO ][2016-02-08 12:03:39,833][com.java.SeleniumDriver] [ 1136] - ?   P A S S   ?
[INFO ][2016-02-08 12:03:39,833][com.java.SeleniumDriver] [  856] - ------------------------------------------
[INFO ][2016-02-08 12:03:39,833][com.java.SeleniumDriver] [  857] - Test case being Executed: 16
[INFO ][2016-02-08 12:03:39,833][com.java.SeleniumDriver] [  869] - Test step:7
[INFO ][2016-02-08 12:03:39,833][com.java.SeleniumDriver] [  881] - Datavalue is----------10
[INFO ][2016-02-08 12:03:39,833][com.java.SeleniumDriver] [  905] - DataField : BTNusername
[INFO ][2016-02-08 12:03:39,833][com.java.SeleniumDriver] [  907] - DataValue : 10
[INFO ][2016-02-08 12:03:39,833][com.java.SeleniumDriver] [  913] - <In Set values of the page>
[INFO ][2016-02-08 12:03:39,833][com.java.SeleniumDriver] [  916] - {Data Fields & Data Values Exist}
[INFO ][2016-02-08 12:03:39,833][com.java.SeleniumDriver] [  918] - --------------------------setting values-----------------------------
[INFO ][2016-02-08 12:03:39,833][com.java.SeleniumDriver] [  921] - Action Type : WaitForElement
[INFO ][2016-02-08 12:03:42,049][com.java.SeleniumDriver] [  930] -  RESULT true
[INFO ][2016-02-08 12:03:42,049][com.java.SeleniumDriver] [ 1136] - ?   P A S S   ?
[INFO ][2016-02-08 12:03:42,049][com.java.SeleniumDriver] [  856] - ------------------------------------------
[INFO ][2016-02-08 12:03:42,049][com.java.SeleniumDriver] [  857] - Test case being Executed: 16
[INFO ][2016-02-08 12:03:42,049][com.java.SeleniumDriver] [  869] - Test step:8
[INFO ][2016-02-08 12:03:42,049][com.java.SeleniumDriver] [  881] - Datavalue is----------HMVLogin_username
[INFO ][2016-02-08 12:03:42,049][com.java.SeleniumDriver] [  905] - DataField : TXTusername
[INFO ][2016-02-08 12:03:42,049][com.java.SeleniumDriver] [  907] - DataValue : HMVLogin_username
[INFO ][2016-02-08 12:03:42,049][com.java.SeleniumDriver] [  913] - <In Set values of the page>
[INFO ][2016-02-08 12:03:42,049][com.java.SeleniumDriver] [  916] - {Data Fields & Data Values Exist}
[INFO ][2016-02-08 12:03:42,049][com.java.SeleniumDriver] [  918] - --------------------------setting values-----------------------------
[INFO ][2016-02-08 12:03:42,049][com.java.SeleniumDriver] [  921] - Action Type : CLEARANDENTER
[INFO ][2016-02-08 12:03:44,391][com.java.TestType] [ 6727] - value = vltest.robot56991.00058
[INFO ][2016-02-08 12:03:47,002][com.java.SeleniumDriver] [  930] -  RESULT true
[INFO ][2016-02-08 12:03:47,002][com.java.SeleniumDriver] [ 1136] - ?   P A S S   ?
[INFO ][2016-02-08 12:03:47,002][com.java.SeleniumDriver] [  856] - ------------------------------------------
[INFO ][2016-02-08 12:03:47,002][com.java.SeleniumDriver] [  857] - Test case being Executed: 16
[INFO ][2016-02-08 12:03:47,002][com.java.SeleniumDriver] [  869] - Test step:9
[INFO ][2016-02-08 12:03:47,002][com.java.SeleniumDriver] [  881] - Datavalue is----------dt:NewUserPswd
[INFO ][2016-02-08 12:03:47,002][com.java.SeleniumDriver] [  905] - DataField : TXTpassword
[INFO ][2016-02-08 12:03:47,002][com.java.SeleniumDriver] [  907] - DataValue : dt:NewUserPswd
[INFO ][2016-02-08 12:03:47,002][com.java.SeleniumDriver] [  913] - <In Set values of the page>
[INFO ][2016-02-08 12:03:47,002][com.java.SeleniumDriver] [  916] - {Data Fields & Data Values Exist}
[INFO ][2016-02-08 12:03:47,002][com.java.SeleniumDriver] [  918] - --------------------------setting values-----------------------------
[INFO ][2016-02-08 12:03:47,002][com.java.SeleniumDriver] [  921] - Action Type : CLEARANDENTER
[INFO ][2016-02-08 12:03:49,327][com.java.TestType] [ 6727] - value = Password1*
[INFO ][2016-02-08 12:03:52,029][com.java.SeleniumDriver] [  930] -  RESULT true
[INFO ][2016-02-08 12:03:52,029][com.java.SeleniumDriver] [ 1136] - ?   P A S S   ?
[INFO ][2016-02-08 12:03:52,029][com.java.SeleniumDriver] [  856] - ------------------------------------------
[INFO ][2016-02-08 12:03:52,029][com.java.SeleniumDriver] [  857] - Test case being Executed: 16
[INFO ][2016-02-08 12:03:52,029][com.java.SeleniumDriver] [  869] - Test step:10
[INFO ][2016-02-08 12:03:52,029][com.java.SeleniumDriver] [  881] - Datavalue is----------null
[DEBUG][2016-02-08 12:03:52,029][com.java.SeleniumDriver] [  899] - Exception: null
[INFO ][2016-02-08 12:03:52,029][com.java.SeleniumDriver] [  905] - DataField : XPH//button[@type='submit']
[INFO ][2016-02-08 12:03:52,029][com.java.SeleniumDriver] [  907] - DataValue : 
[INFO ][2016-02-08 12:03:52,029][com.java.SeleniumDriver] [  913] - <In Set values of the page>
[INFO ][2016-02-08 12:03:52,029][com.java.SeleniumDriver] [  916] - {Data Fields & Data Values Exist}
[INFO ][2016-02-08 12:03:52,029][com.java.SeleniumDriver] [  918] - --------------------------setting values-----------------------------
[INFO ][2016-02-08 12:03:52,029][com.java.SeleniumDriver] [  921] - Action Type : Click
[INFO ][2016-02-08 12:03:52,029][com.java.TestType] [ 7122] - Field ::XPH//button[@type='submit']
[INFO ][2016-02-08 12:03:52,029][com.java.TestType] [ 6727] - value = 
[INFO ][2016-02-08 12:03:53,043][com.java.TestType] [ 7299] - BEFORE CLICK
[INFO ][2016-02-08 12:03:53,892][com.java.TestType] [ 7307] - Unable to click the object Login
[INFO ][2016-02-08 12:03:53,892][com.java.SeleniumDriver] [  930] -  RESULT true
[INFO ][2016-02-08 12:03:53,892][com.java.SeleniumDriver] [ 1136] - ?   P A S S   ?
[INFO ][2016-02-08 12:03:53,892][com.java.SeleniumDriver] [  856] - ------------------------------------------
[INFO ][2016-02-08 12:03:53,892][com.java.SeleniumDriver] [  857] - Test case being Executed: 16
[INFO ][2016-02-08 12:03:53,892][com.java.SeleniumDriver] [  869] - Test step:11
[INFO ][2016-02-08 12:03:53,892][com.java.SeleniumDriver] [  881] - Datavalue is----------20
[INFO ][2016-02-08 12:03:53,892][com.java.SeleniumDriver] [  905] - DataField : test
[INFO ][2016-02-08 12:03:53,892][com.java.SeleniumDriver] [  907] - DataValue : 20
[INFO ][2016-02-08 12:03:53,892][com.java.SeleniumDriver] [  913] - <In Set values of the page>
[INFO ][2016-02-08 12:03:53,892][com.java.SeleniumDriver] [  916] - {Data Fields & Data Values Exist}
[INFO ][2016-02-08 12:03:53,892][com.java.SeleniumDriver] [  918] - --------------------------setting values-----------------------------
[INFO ][2016-02-08 12:03:53,892][com.java.SeleniumDriver] [  921] - Action Type : WaitTime
[DEBUG][2016-02-08 12:03:53,892][com.java.TestType] [ 6541] - sleepTime: 20000
[INFO ][2016-02-08 12:04:13,925][com.java.SeleniumDriver] [  930] -  RESULT true
[INFO ][2016-02-08 12:04:13,925][com.java.SeleniumDriver] [ 1136] - ?   P A S S   ?
[INFO ][2016-02-08 12:04:13,925][com.java.SeleniumDriver] [  856] - ------------------------------------------
[INFO ][2016-02-08 12:04:13,925][com.java.SeleniumDriver] [  857] - Test case being Executed: 16
[INFO ][2016-02-08 12:04:13,925][com.java.SeleniumDriver] [  869] - Test step:12
[INFO ][2016-02-08 12:04:13,925][com.java.SeleniumDriver] [  881] - Datavalue is----------Banker'sDashboard
[INFO ][2016-02-08 12:04:13,925][com.java.SeleniumDriver] [  905] - DataField : TTL
[INFO ][2016-02-08 12:04:13,925][com.java.SeleniumDriver] [  907] - DataValue : Banker'sDashboard
[INFO ][2016-02-08 12:04:13,925][com.java.SeleniumDriver] [  913] - <In Set values of the page>
[INFO ][2016-02-08 12:04:13,925][com.java.SeleniumDriver] [  916] - {Data Fields & Data Values Exist}
[INFO ][2016-02-08 12:04:13,925][com.java.SeleniumDriver] [  918] - --------------------------setting values-----------------------------
[INFO ][2016-02-08 12:04:13,925][com.java.SeleniumDriver] [  921] - Action Type : SelectWindow
[INFO ][2016-02-08 12:04:26,438][com.java.SeleniumDriver] [  930] -  RESULT true
[INFO ][2016-02-08 12:04:26,438][com.java.SeleniumDriver] [ 1136] - ?   P A S S   ?
[INFO ][2016-02-08 12:04:26,438][com.java.SeleniumDriver] [  856] - ------------------------------------------
[INFO ][2016-02-08 12:04:26,438][com.java.SeleniumDriver] [  857] - Test case being Executed: 16
[INFO ][2016-02-08 12:04:26,438][com.java.SeleniumDriver] [  869] - Test step:13
[INFO ][2016-02-08 12:04:26,438][com.java.SeleniumDriver] [  881] - Datavalue is----------5
[INFO ][2016-02-08 12:04:26,438][com.java.SeleniumDriver] [  905] - DataField : test
[INFO ][2016-02-08 12:04:26,438][com.java.SeleniumDriver] [  907] - DataValue : 5
[INFO ][2016-02-08 12:04:26,438][com.java.SeleniumDriver] [  913] - <In Set values of the page>
[INFO ][2016-02-08 12:04:26,438][com.java.SeleniumDriver] [  916] - {Data Fields & Data Values Exist}
[INFO ][2016-02-08 12:04:26,438][com.java.SeleniumDriver] [  918] - --------------------------setting values-----------------------------
[INFO ][2016-02-08 12:04:26,438][com.java.SeleniumDriver] [  921] - Action Type : WaitTime
[DEBUG][2016-02-08 12:04:26,438][com.java.TestType] [ 6541] - sleepTime: 5000
[INFO ][2016-02-08 12:04:31,445][com.java.SeleniumDriver] [  930] -  RESULT true
[INFO ][2016-02-08 12:04:31,445][com.java.SeleniumDriver] [ 1136] - ?   P A S S   ?
[INFO ][2016-02-08 12:04:31,445][com.java.SeleniumDriver] [  856] - ------------------------------------------
[INFO ][2016-02-08 12:04:31,445][com.java.SeleniumDriver] [  857] - Test case being Executed: 16
[INFO ][2016-02-08 12:04:31,445][com.java.SeleniumDriver] [  869] - Test step:14
[INFO ][2016-02-08 12:04:31,445][com.java.SeleniumDriver] [  881] - Datavalue is----------10
[INFO ][2016-02-08 12:04:31,445][com.java.SeleniumDriver] [  905] - DataField : XPH//div[contains(text(), 'My Dashboard')]
[INFO ][2016-02-08 12:04:31,445][com.java.SeleniumDriver] [  907] - DataValue : 10
[INFO ][2016-02-08 12:04:31,445][com.java.SeleniumDriver] [  913] - <In Set values of the page>
[INFO ][2016-02-08 12:04:31,445][com.java.SeleniumDriver] [  916] - {Data Fields & Data Values Exist}
[INFO ][2016-02-08 12:04:31,445][com.java.SeleniumDriver] [  918] - --------------------------setting values-----------------------------
[INFO ][2016-02-08 12:04:31,445][com.java.SeleniumDriver] [  921] - Action Type : WAITFORELEMENT
[INFO ][2016-02-08 12:04:31,509][com.java.SeleniumDriver] [  930] -  RESULT true
[INFO ][2016-02-08 12:04:31,509][com.java.SeleniumDriver] [ 1136] - ?   P A S S   ?
[INFO ][2016-02-08 12:04:31,509][com.java.SeleniumDriver] [  856] - ------------------------------------------
[INFO ][2016-02-08 12:04:31,509][com.java.SeleniumDriver] [  857] - Test case being Executed: 16
[INFO ][2016-02-08 12:04:31,509][com.java.SeleniumDriver] [  869] - Test step:15
[INFO ][2016-02-08 12:04:31,509][com.java.SeleniumDriver] [  881] - Datavalue is----------//div[contains(text(), 'My Dashboard')]
[INFO ][2016-02-08 12:04:31,509][com.java.SeleniumDriver] [  905] - DataField : BTN
[INFO ][2016-02-08 12:04:31,509][com.java.SeleniumDriver] [  907] - DataValue : //div[contains(text(), 'My Dashboard')]
[INFO ][2016-02-08 12:04:31,509][com.java.SeleniumDriver] [  913] - <In Set values of the page>
[INFO ][2016-02-08 12:04:31,509][com.java.SeleniumDriver] [  916] - {Data Fields & Data Values Exist}
[INFO ][2016-02-08 12:04:31,509][com.java.SeleniumDriver] [  918] - --------------------------setting values-----------------------------
[INFO ][2016-02-08 12:04:31,509][com.java.SeleniumDriver] [  921] - Action Type : VERIFY
[INFO ][2016-02-08 12:04:31,509][com.java.TestType] [ 8355] - field= BTN value= //div[contains(text(), 'My Dashboard')]
[INFO ][2016-02-08 12:04:31,509][com.java.TestType] [ 6727] - value = //div[contains(text(), 'My Dashboard')]
[INFO ][2016-02-08 12:04:31,571][com.java.SeleniumDriver] [  930] -  RESULT true
[INFO ][2016-02-08 12:04:31,571][com.java.SeleniumDriver] [ 1136] - ?   P A S S   ?
[INFO ][2016-02-08 12:04:31,571][com.java.SeleniumDriver] [  856] - ------------------------------------------
[INFO ][2016-02-08 12:04:31,571][com.java.SeleniumDriver] [  857] - Test case being Executed: 16
[INFO ][2016-02-08 12:04:31,571][com.java.SeleniumDriver] [  869] - Test step:16
[INFO ][2016-02-08 12:04:31,571][com.java.SeleniumDriver] [  881] - Datavalue is----------null
[DEBUG][2016-02-08 12:04:31,571][com.java.SeleniumDriver] [  899] - Exception: null
[INFO ][2016-02-08 12:04:31,571][com.java.SeleniumDriver] [  905] - DataField : //span[@class='icon-user4']&&//a[text()='Company Settings']&&//a[@data-id="SelectFeatures"]
[INFO ][2016-02-08 12:04:31,571][com.java.SeleniumDriver] [  907] - DataValue : 
[INFO ][2016-02-08 12:04:31,571][com.java.SeleniumDriver] [  913] - <In Set values of the page>
[INFO ][2016-02-08 12:04:31,571][com.java.SeleniumDriver] [  916] - {Data Fields & Data Values Exist}
[INFO ][2016-02-08 12:04:31,571][com.java.SeleniumDriver] [  918] - --------------------------setting values-----------------------------
[INFO ][2016-02-08 12:04:31,571][com.java.SeleniumDriver] [  921] - Action Type : MOUSEOVER
[INFO ][2016-02-08 12:05:16,502][com.java.SeleniumDriver] [  930] -  RESULT true
[INFO ][2016-02-08 12:05:16,502][com.java.SeleniumDriver] [ 1136] - ?   P A S S   ?
[INFO ][2016-02-08 12:05:16,502][com.java.SeleniumDriver] [  856] - ------------------------------------------
[INFO ][2016-02-08 12:05:16,502][com.java.SeleniumDriver] [  857] - Test case being Executed: 16
[INFO ][2016-02-08 12:05:16,502][com.java.SeleniumDriver] [  869] - Test step:17
[INFO ][2016-02-08 12:05:16,502][com.java.SeleniumDriver] [  881] - Datavalue is----------Enable/Disable Features
[INFO ][2016-02-08 12:05:16,502][com.java.SeleniumDriver] [  905] - DataField : XPH//span[text()='Enable/Disable Features']
[INFO ][2016-02-08 12:05:16,502][com.java.SeleniumDriver] [  907] - DataValue : Enable/Disable Features
[INFO ][2016-02-08 12:05:16,502][com.java.SeleniumDriver] [  913] - <In Set values of the page>
[INFO ][2016-02-08 12:05:16,502][com.java.SeleniumDriver] [  916] - {Data Fields & Data Values Exist}
[INFO ][2016-02-08 12:05:16,502][com.java.SeleniumDriver] [  918] - --------------------------setting values-----------------------------
[INFO ][2016-02-08 12:05:16,502][com.java.SeleniumDriver] [  921] - Action Type : VERIFY
[INFO ][2016-02-08 12:05:16,502][com.java.TestType] [ 8355] - field= XPH//span[text()='Enable/Disable Features'] value= Enable/Disable Features
[INFO ][2016-02-08 12:05:16,502][com.java.TestType] [ 6727] - value = Enable/Disable Features
[INFO ][2016-02-08 12:05:16,659][com.java.SeleniumDriver] [  930] -  RESULT true
[INFO ][2016-02-08 12:05:16,659][com.java.SeleniumDriver] [ 1136] - ?   P A S S   ?
[INFO ][2016-02-08 12:05:16,659][com.java.SeleniumDriver] [  856] - ------------------------------------------
[INFO ][2016-02-08 12:05:16,659][com.java.SeleniumDriver] [  857] - Test case being Executed: 16
[INFO ][2016-02-08 12:05:16,659][com.java.SeleniumDriver] [  869] - Test step:18
[INFO ][2016-02-08 12:05:16,659][com.java.SeleniumDriver] [  881] - Datavalue is----------null
[DEBUG][2016-02-08 12:05:16,659][com.java.SeleniumDriver] [  899] - Exception: null
[INFO ][2016-02-08 12:05:16,659][com.java.SeleniumDriver] [  905] - DataField : BTNframeDialogContent
[INFO ][2016-02-08 12:05:16,659][com.java.SeleniumDriver] [  907] - DataValue : 
[INFO ][2016-02-08 12:05:16,659][com.java.SeleniumDriver] [  913] - <In Set values of the page>
[INFO ][2016-02-08 12:05:16,659][com.java.SeleniumDriver] [  916] - {Data Fields & Data Values Exist}
[INFO ][2016-02-08 12:05:16,659][com.java.SeleniumDriver] [  918] - --------------------------setting values-----------------------------
[INFO ][2016-02-08 12:05:16,659][com.java.SeleniumDriver] [  921] - Action Type : SELECTFRAME
[INFO ][2016-02-08 12:05:17,986][com.java.SeleniumDriver] [  930] -  RESULT true
[INFO ][2016-02-08 12:05:17,986][com.java.SeleniumDriver] [ 1136] - ?   P A S S   ?
[INFO ][2016-02-08 12:05:17,986][com.java.SeleniumDriver] [  856] - ------------------------------------------
[INFO ][2016-02-08 12:05:17,986][com.java.SeleniumDriver] [  857] - Test case being Executed: 16
[INFO ][2016-02-08 12:05:17,986][com.java.SeleniumDriver] [  869] - Test step:19
[INFO ][2016-02-08 12:05:17,986][com.java.SeleniumDriver] [  881] - Datavalue is----------null
[DEBUG][2016-02-08 12:05:17,986][com.java.SeleniumDriver] [  899] - Exception: null
[INFO ][2016-02-08 12:05:17,986][com.java.SeleniumDriver] [  905] - DataField : BTN//td[contains(text(),'Loan Pricing Model:')]/following::td[text()='Enabled']/input
[INFO ][2016-02-08 12:05:17,986][com.java.SeleniumDriver] [  907] - DataValue : 
[INFO ][2016-02-08 12:05:17,986][com.java.SeleniumDriver] [  913] - <In Set values of the page>
[INFO ][2016-02-08 12:05:17,986][com.java.SeleniumDriver] [  916] - {Data Fields & Data Values Exist}
[INFO ][2016-02-08 12:05:17,986][com.java.SeleniumDriver] [  918] - --------------------------setting values-----------------------------
[INFO ][2016-02-08 12:05:17,986][com.java.SeleniumDriver] [  921] - Action Type : CLICK
[INFO ][2016-02-08 12:05:17,986][com.java.TestType] [ 7122] - Field ::BTN//td[contains(text(),'Loan Pricing Model:')]/following::td[text()='Enabled']/input
[INFO ][2016-02-08 12:05:17,986][com.java.TestType] [ 6727] - value = 
[INFO ][2016-02-08 12:05:19,000][com.java.TestType] [ 7278] - BEFORE CLICK
[INFO ][2016-02-08 12:05:19,204][com.java.TestType] [ 7285] - Unable to click the object Loan pricing model enable button
[INFO ][2016-02-08 12:05:19,204][com.java.SeleniumDriver] [  930] -  RESULT true
[INFO ][2016-02-08 12:05:19,204][com.java.SeleniumDriver] [ 1136] - ?   P A S S   ?
[INFO ][2016-02-08 12:05:19,204][com.java.SeleniumDriver] [  856] - ------------------------------------------
[INFO ][2016-02-08 12:05:19,204][com.java.SeleniumDriver] [  857] - Test case being Executed: 16
[INFO ][2016-02-08 12:05:19,204][com.java.SeleniumDriver] [  869] - Test step:20
[INFO ][2016-02-08 12:05:19,204][com.java.SeleniumDriver] [  881] - Datavalue is----------3
[INFO ][2016-02-08 12:05:19,204][com.java.SeleniumDriver] [  905] - DataField : TEST
[INFO ][2016-02-08 12:05:19,204][com.java.SeleniumDriver] [  907] - DataValue : 3
[INFO ][2016-02-08 12:05:19,204][com.java.SeleniumDriver] [  913] - <In Set values of the page>
[INFO ][2016-02-08 12:05:19,204][com.java.SeleniumDriver] [  916] - {Data Fields & Data Values Exist}
[INFO ][2016-02-08 12:05:19,204][com.java.SeleniumDriver] [  918] - --------------------------setting values-----------------------------
[INFO ][2016-02-08 12:05:19,204][com.java.SeleniumDriver] [  921] - Action Type : WaitTime
[DEBUG][2016-02-08 12:05:19,204][com.java.TestType] [ 6541] - sleepTime: 3000
[INFO ][2016-02-08 12:05:22,215][com.java.SeleniumDriver] [  930] -  RESULT true
[INFO ][2016-02-08 12:05:22,215][com.java.SeleniumDriver] [ 1136] - ?   P A S S   ?
[INFO ][2016-02-08 12:05:22,215][com.java.SeleniumDriver] [  856] - ------------------------------------------
[INFO ][2016-02-08 12:05:22,215][com.java.SeleniumDriver] [  857] - Test case being Executed: 16
[INFO ][2016-02-08 12:05:22,215][com.java.SeleniumDriver] [  869] - Test step:21
[INFO ][2016-02-08 12:05:22,215][com.java.SeleniumDriver] [  881] - Datavalue is----------null
[DEBUG][2016-02-08 12:05:22,215][com.java.SeleniumDriver] [  899] - Exception: null
[INFO ][2016-02-08 12:05:22,215][com.java.SeleniumDriver] [  905] - DataField : BTNparent
[INFO ][2016-02-08 12:05:22,215][com.java.SeleniumDriver] [  907] - DataValue : 
[INFO ][2016-02-08 12:05:22,215][com.java.SeleniumDriver] [  913] - <In Set values of the page>
[INFO ][2016-02-08 12:05:22,215][com.java.SeleniumDriver] [  916] - {Data Fields & Data Values Exist}
[INFO ][2016-02-08 12:05:22,215][com.java.SeleniumDriver] [  918] - --------------------------setting values-----------------------------
[INFO ][2016-02-08 12:05:22,215][com.java.SeleniumDriver] [  921] - Action Type : SELECTFRAME
[INFO ][2016-02-08 12:05:22,216][com.java.SeleniumDriver] [  930] -  RESULT true
[INFO ][2016-02-08 12:05:22,216][com.java.SeleniumDriver] [ 1136] - ?   P A S S   ?
[INFO ][2016-02-08 12:05:22,216][com.java.SeleniumDriver] [  856] - ------------------------------------------
[INFO ][2016-02-08 12:05:22,216][com.java.SeleniumDriver] [  857] - Test case being Executed: 16
[INFO ][2016-02-08 12:05:22,216][com.java.SeleniumDriver] [  869] - Test step:22
[INFO ][2016-02-08 12:05:22,216][com.java.SeleniumDriver] [  881] - Datavalue is----------null
[DEBUG][2016-02-08 12:05:22,216][com.java.SeleniumDriver] [  899] - Exception: null
[INFO ][2016-02-08 12:05:22,216][com.java.SeleniumDriver] [  905] - DataField : HDN//span[contains(text(),'Update')]
[INFO ][2016-02-08 12:05:22,216][com.java.SeleniumDriver] [  907] - DataValue : 
[INFO ][2016-02-08 12:05:22,216][com.java.SeleniumDriver] [  913] - <In Set values of the page>
[INFO ][2016-02-08 12:05:22,216][com.java.SeleniumDriver] [  916] - {Data Fields & Data Values Exist}
[INFO ][2016-02-08 12:05:22,216][com.java.SeleniumDriver] [  918] - --------------------------setting values-----------------------------
[INFO ][2016-02-08 12:05:22,216][com.java.SeleniumDriver] [  921] - Action Type : CLICK
[INFO ][2016-02-08 12:05:22,216][com.java.TestType] [ 7122] - Field ::HDN//span[contains(text(),'Update')]
[INFO ][2016-02-08 12:05:22,216][com.java.TestType] [ 6727] - value = 
[INFO ][2016-02-08 12:05:23,512][com.java.SeleniumDriver] [  930] -  RESULT true
[INFO ][2016-02-08 12:05:23,512][com.java.SeleniumDriver] [ 1136] - ?   P A S S   ?
[INFO ][2016-02-08 12:05:23,512][com.java.SeleniumDriver] [  856] - ------------------------------------------
[INFO ][2016-02-08 12:05:23,512][com.java.SeleniumDriver] [  857] - Test case being Executed: 16
[INFO ][2016-02-08 12:05:23,512][com.java.SeleniumDriver] [  869] - Test step:23
[INFO ][2016-02-08 12:05:23,512][com.java.SeleniumDriver] [  881] - Datavalue is----------10
[INFO ][2016-02-08 12:05:23,512][com.java.SeleniumDriver] [  905] - DataField : XPH//div[contains(text(), 'My Dashboard')]
[INFO ][2016-02-08 12:05:23,512][com.java.SeleniumDriver] [  907] - DataValue : 10
[INFO ][2016-02-08 12:05:23,512][com.java.SeleniumDriver] [  913] - <In Set values of the page>
[INFO ][2016-02-08 12:05:23,512][com.java.SeleniumDriver] [  916] - {Data Fields & Data Values Exist}
[INFO ][2016-02-08 12:05:23,512][com.java.SeleniumDriver] [  918] - --------------------------setting values-----------------------------
[INFO ][2016-02-08 12:05:23,512][com.java.SeleniumDriver] [  921] - Action Type : WAITFORELEMENT
[INFO ][2016-02-08 12:05:23,543][com.java.SeleniumDriver] [  930] -  RESULT true
[INFO ][2016-02-08 12:05:23,543][com.java.SeleniumDriver] [ 1136] - ?   P A S S   ?
[INFO ][2016-02-08 12:05:23,543][com.java.SeleniumDriver] [  856] - ------------------------------------------
[INFO ][2016-02-08 12:05:23,543][com.java.SeleniumDriver] [  857] - Test case being Executed: 16
[INFO ][2016-02-08 12:05:23,543][com.java.SeleniumDriver] [  869] - Test step:24
[INFO ][2016-02-08 12:05:23,543][com.java.SeleniumDriver] [  881] - Datavalue is----------CNF
[INFO ][2016-02-08 12:05:23,543][com.java.SeleniumDriver] [  905] - DataField : BNK//select[@id='bank']
[INFO ][2016-02-08 12:05:23,543][com.java.SeleniumDriver] [  907] - DataValue : CNF
[INFO ][2016-02-08 12:05:23,543][com.java.SeleniumDriver] [  913] - <In Set values of the page>
[INFO ][2016-02-08 12:05:23,543][com.java.SeleniumDriver] [  916] - {Data Fields & Data Values Exist}
[INFO ][2016-02-08 12:05:23,543][com.java.SeleniumDriver] [  918] - --------------------------setting values-----------------------------
[INFO ][2016-02-08 12:05:23,543][com.java.SeleniumDriver] [  921] - Action Type : Select
[INFO ][2016-02-08 12:05:23,543][com.java.TestType] [ 6727] - value = CNF
[INFO ][2016-02-08 12:05:24,259][com.java.TestType] [ 6727] - value = 
[DEBUG][2016-02-08 12:05:24,369][com.java.TestType] [ 4905] - Exception: Element must not be hidden, disabled or read-only (WARNING: The server did not provide any stacktrace information)
Command duration or timeout: 46 milliseconds
Build info: version: '2.48.2', revision: '41bccdd', time: '2015-10-09 19:59:12'
System info: host: 'FVTIII438F1D', ip: '172.17.68.34', os.name: 'Windows 7', os.arch: 'x86', os.version: '6.1', java.version: '1.7.0_55'
Session ID: 8e407ed5-55fc-4247-8855-00428f09a9fd
Driver info: org.openqa.selenium.ie.InternetExplorerDriver
Capabilities [{platform=WINDOWS, javascriptEnabled=true, elementScrollBehavior=0, ignoreZoomSetting=false, enablePersistentHover=true, ie.ensureCleanSession=false, browserName=internet explorer, enableElementCacheCleanup=true, unexpectedAlertBehaviour=dismiss, version=10, ie.usePerProcessProxy=false, ignoreProtectedModeSettings=true, cssSelectorsEnabled=true, requireWindowFocus=false, initialBrowserUrl=http://localhost:40797/, handlesAlerts=true, ie.forceCreateProcessApi=false, nativeEvents=true, browserAttachTimeout=0, ie.browserCommandLineSwitches=, takesScreenshot=true}]
[INFO ][2016-02-08 12:05:26,382][com.java.TestType] [ 7122] - Field ::XPH//select[@id='bank']//option[text()='Consolidated Bank']
[INFO ][2016-02-08 12:05:26,382][com.java.TestType] [ 6727] - value = 
[INFO ][2016-02-08 12:05:27,397][com.java.TestType] [ 7299] - BEFORE CLICK
[ERROR][2016-02-08 12:05:27,771][com.java.TestType] [ 7653] - Exception in click:: Element //select[@id='bank']//option[text()='Consolidated Bank'] not found
[INFO ][2016-02-08 12:05:27,771][com.java.TestType] [ 7657] - Element :://select[@id='bank']//option[text()='Consolidated Bank']:: not found
[INFO ][2016-02-08 12:05:27,771][com.java.SeleniumDriver] [  930] -  RESULT true
[INFO ][2016-02-08 12:05:27,771][com.java.SeleniumDriver] [ 1136] - ?   P A S S   ?
[INFO ][2016-02-08 12:05:27,771][com.java.SeleniumDriver] [ 1173] - Continue next step...
[INFO ][2016-02-08 12:05:27,771][com.java.SeleniumDriver] [  856] - ------------------------------------------
[INFO ][2016-02-08 12:05:27,771][com.java.SeleniumDriver] [  857] - Test case being Executed: 16
[INFO ][2016-02-08 12:05:27,771][com.java.SeleniumDriver] [  869] - Test step:25
[INFO ][2016-02-08 12:05:27,771][com.java.SeleniumDriver] [  881] - Datavalue is----------20
[INFO ][2016-02-08 12:05:27,771][com.java.SeleniumDriver] [  905] - DataField : test
[INFO ][2016-02-08 12:05:27,771][com.java.SeleniumDriver] [  907] - DataValue : 20
[INFO ][2016-02-08 12:05:27,771][com.java.SeleniumDriver] [  913] - <In Set values of the page>
[INFO ][2016-02-08 12:05:27,771][com.java.SeleniumDriver] [  916] - {Data Fields & Data Values Exist}
[INFO ][2016-02-08 12:05:27,771][com.java.SeleniumDriver] [  918] - --------------------------setting values-----------------------------
[INFO ][2016-02-08 12:05:27,771][com.java.SeleniumDriver] [  921] - Action Type : WaitTime
[DEBUG][2016-02-08 12:05:27,771][com.java.TestType] [ 6541] - sleepTime: 20000
[INFO ][2016-02-08 12:05:47,771][com.java.SeleniumDriver] [  930] -  RESULT true
[INFO ][2016-02-08 12:05:47,771][com.java.SeleniumDriver] [ 1136] - ?   P A S S   ?
[INFO ][2016-02-08 12:05:47,771][com.java.SeleniumDriver] [  856] - ------------------------------------------
[INFO ][2016-02-08 12:05:47,771][com.java.SeleniumDriver] [  857] - Test case being Executed: 16
[INFO ][2016-02-08 12:05:47,771][com.java.SeleniumDriver] [  869] - Test step:26
[INFO ][2016-02-08 12:05:47,771][com.java.SeleniumDriver] [  881] - Datavalue is----------10
[INFO ][2016-02-08 12:05:47,771][com.java.SeleniumDriver] [  905] - DataField : XPH//div[contains(text(), 'My Dashboard')]
[INFO ][2016-02-08 12:05:47,771][com.java.SeleniumDriver] [  907] - DataValue : 10
[INFO ][2016-02-08 12:05:47,771][com.java.SeleniumDriver] [  913] - <In Set values of the page>
[INFO ][2016-02-08 12:05:47,771][com.java.SeleniumDriver] [  916] - {Data Fields & Data Values Exist}
[INFO ][2016-02-08 12:05:47,771][com.java.SeleniumDriver] [  918] - --------------------------setting values-----------------------------
[INFO ][2016-02-08 12:05:47,771][com.java.SeleniumDriver] [  921] - Action Type : WaitForElement
[INFO ][2016-02-08 12:05:47,804][com.java.SeleniumDriver] [  930] -  RESULT true
[INFO ][2016-02-08 12:05:47,804][com.java.SeleniumDriver] [ 1136] - ?   P A S S   ?
[INFO ][2016-02-08 12:05:47,804][com.java.SeleniumDriver] [  856] - ------------------------------------------
[INFO ][2016-02-08 12:05:47,804][com.java.SeleniumDriver] [  857] - Test case being Executed: 16
[INFO ][2016-02-08 12:05:47,804][com.java.SeleniumDriver] [  869] - Test step:27
[INFO ][2016-02-08 12:05:47,804][com.java.SeleniumDriver] [  881] - Datavalue is----------Concept#2:1-2
[INFO ][2016-02-08 12:05:47,804][com.java.SeleniumDriver] [  905] - DataField : test
[INFO ][2016-02-08 12:05:47,804][com.java.SeleniumDriver] [  907] - DataValue : Concept#2:1-2
[INFO ][2016-02-08 12:05:47,804][com.java.SeleniumDriver] [  913] - <In Set values of the page>
[INFO ][2016-02-08 12:05:47,804][com.java.SeleniumDriver] [  916] - {Data Fields & Data Values Exist}
[INFO ][2016-02-08 12:05:47,804][com.java.SeleniumDriver] [  918] - --------------------------setting values-----------------------------
[INFO ][2016-02-08 12:05:47,804][com.java.SeleniumDriver] [  921] - Action Type : ExecuteTestCase
[INFO ][2016-02-08 12:05:47,804][com.java.TestType] [  448] - The Concept sheet name is ---------- Concept
[INFO ][2016-02-08 12:05:47,804][com.java.TestType] [  451] - The Concept ID  is ---------- 2
[DEBUG][2016-02-08 12:05:47,804][com.java.TestType] [  455] - Steps being executted in the Concept are: 1:2
[INFO ][2016-02-08 12:05:47,804][com.java.TestType] [  462] - Test data details path ---------- D:\BankersDashboard\TestInputs\TestData.xls
[INFO ][2016-02-08 12:05:47,835][com.java.TestType] [  493] -  str(1) = 2
[INFO ][2016-02-08 12:05:47,835][com.java.TestType] [  496] - Test case Id is---2
[INFO ][2016-02-08 12:05:47,835][com.java.TestType] [  498] - 2
[INFO ][2016-02-08 12:05:47,835][com.java.TestType] [  493] -  str(2) = 1
[INFO ][2016-02-08 12:05:47,835][com.java.TestType] [  493] -  str(1) = 2
[INFO ][2016-02-08 12:05:47,835][com.java.TestType] [  496] - Test case Id is---2
[INFO ][2016-02-08 12:05:47,835][com.java.TestType] [  498] - 2
[INFO ][2016-02-08 12:05:47,835][com.java.TestType] [  493] -  str(2) = 2
[INFO ][2016-02-08 12:05:47,835][com.java.TestType] [  493] -  str(1) = 2
[INFO ][2016-02-08 12:05:47,835][com.java.TestType] [  496] - Test case Id is---2
[INFO ][2016-02-08 12:05:47,835][com.java.TestType] [  498] - 2
[INFO ][2016-02-08 12:05:47,835][com.java.TestType] [  493] -  str(2) = 3
[INFO ][2016-02-08 12:05:47,835][com.java.TestType] [12093] - Looping 1TCID = 2
[DEBUG][2016-02-08 12:05:47,835][com.java.TestType] [12134] - Concept ID:2 :: Step being Executed: 2::1
[INFO ][2016-02-08 12:05:47,835][com.java.TestType] [12172] - dataFields : BNK//select[@id='bank']
[DEBUG][2016-02-08 12:05:47,835][com.java.TestType] [12178] - <In Set values of the page>
[DEBUG][2016-02-08 12:05:47,835][com.java.TestType] [12183] - {Data Fields & Data Values Exist}
[INFO ][2016-02-08 12:05:47,835][com.java.TestType] [12189] - --------------------------setting values-----------------------------
[INFO ][2016-02-08 12:05:47,835][com.java.TestType] [12192] - Action Type : Select
[INFO ][2016-02-08 12:05:47,835][com.java.TestType] [ 6727] - value = PFC
[INFO ][2016-02-08 12:05:48,381][com.java.TestType] [12211] -  RESULT false
[INFO ][2016-02-08 12:05:48,381][com.java.TestType] [12249] - ?   F A I L   ?
[DEBUG][2016-02-08 12:05:48,381][com.java.TestType] [12252] - Browser Type : IE10
[INFO ][2016-02-08 12:05:48,381][com.java.SeleniumDriver] [  930] -  RESULT false
[INFO ][2016-02-08 12:05:48,381][com.java.SeleniumDriver] [  977] - ?   F A I L   ?
[INFO ][2016-02-08 12:05:48,381][com.java.SeleniumDriver] [  985] - Browser Type : IE10
[INFO ][2016-02-08 12:05:48,381][com.java.SeleniumDriver] [  986] - Adding Failed case16
[INFO ][2016-02-08 12:05:48,381][com.java.SeleniumDriver] [ 1005] - Directory Created
[INFO ][2016-02-08 12:05:48,631][com.java.SeleniumDriver] [ 1100] - failedCases = 16
[ERROR][2016-02-08 12:05:48,631][com.java.SeleniumDriver] [ 1599] - Platform Errors : Our apologies...::We have encountered an issue with your request.::Our apologies?:We encountered an issue with your request.
[INFO ][2016-02-08 12:05:48,631][com.java.SeleniumDriver] [ 1603] - Length =3
[ERROR][2016-02-08 12:05:48,631][com.java.SeleniumDriver] [ 1606] - Error 0 = Our apologies...
[ERROR][2016-02-08 12:05:48,694][com.java.SeleniumDriver] [ 1606] - Error 1 = We have encountered an issue with your request.
[ERROR][2016-02-08 12:05:48,756][com.java.SeleniumDriver] [ 1606] - Error 2 = Our apologies?:We encountered an issue with your request.
[INFO ][2016-02-08 12:05:48,803][com.java.SeleniumDriver] [ 1617] - strError:
[DEBUG][2016-02-08 12:05:48,819][com.java.SeleniumDriver] [ 1248] - Case found
[DEBUG][2016-02-08 12:05:48,819][com.java.SeleniumDriver] [ 1253] - Incrementing ReportCounters[0]:3
[INFO ][2016-02-08 12:05:48,819][com.java.SeleniumDriver] [ 1272] - The results are-------------------[16, 27, Admin: Company Settings: Select Features: Enable Loan Pricing Model, Fail, 
Test case failed at Step No. :: 27   Error Message ::  In CONCEPT: Test case failed at Step No. :: 1   Error Message ::  Failed to select item: United Bank from //select[@id='bank']. Screen Shot : D:\BankersDashboard\TestReports\020816\16_020816_120548_IE10.png, Mon Feb 08 12:05:48 IST 2016]
[INFO ][2016-02-08 12:05:48,819][com.java.SeleniumDriver] [ 1276] - End time is-------10 min 44 sec
[INFO ][2016-02-08 12:05:48,819][com.java.SeleniumDriver] [ 1277] - The results are-------------------[16, 27, Admin: Company Settings: Select Features: Enable Loan Pricing Model, Fail, 
Test case failed at Step No. :: 27   Error Message ::  In CONCEPT: Test case failed at Step No. :: 1   Error Message ::  Failed to select item: United Bank from //select[@id='bank']. Screen Shot : D:\BankersDashboard\TestReports\020816\16_020816_120548_IE10.png, Mon Feb 08 12:05:48 IST 2016]
[DEBUG][2016-02-08 12:05:48,819][com.java.ImportnExport.ExportTestResultsExcel] [  222] - testResultPath = D:\BankersDashboard/TestReports/Test Results_BankersDashBoard_020816_115506_IE10_United Bank.xls
[DEBUG][2016-02-08 12:05:48,819][com.java.ImportnExport.ExportTestResultsExcel] [  223] - browser is------------IE10
[DEBUG][2016-02-08 12:05:48,819][com.java.ImportnExport.ExportTestResultsExcel] [  270] - result.size() = 6
[DEBUG][2016-02-08 12:05:48,819][com.java.ImportnExport.ExportTestResultsExcel] [  274] - No of rows in sheet=3
[DEBUG][2016-02-08 12:05:48,819][com.java.ImportnExport.ExportTestResultsExcel] [  301] - ..in export..16
[DEBUG][2016-02-08 12:05:48,819][com.java.ImportnExport.ExportTestResultsExcel] [  301] - ..in export..Admin: Company Settings: Select Features: Enable Loan Pricing Model
[DEBUG][2016-02-08 12:05:48,819][com.java.ImportnExport.ExportTestResultsExcel] [  301] - ..in export..Fail
[DEBUG][2016-02-08 12:05:48,819][com.java.ImportnExport.ExportTestResultsExcel] [  301] - ..in export..
Test case failed at Step No. :: 27   Error Message ::  In CONCEPT: Test case failed at Step No. :: 1   Error Message ::  Failed to select item: United Bank from //select[@id='bank']. Screen Shot : D:\BankersDashboard\TestReports\020816\16_020816_120548_IE10.png
[DEBUG][2016-02-08 12:05:48,819][com.java.ImportnExport.ExportTestResultsExcel] [  301] - ..in export..Mon Feb 08 12:05:48 IST 2016
[INFO ][2016-02-08 12:05:48,819][com.java.SeleniumDriver] [ 1337] - out loop:2 size:13 TestCases:[1, 13, 16, 19, 20, 30, 38, 41, 42, 43, 44, 49, 50] testcases:[1, 13, 16, 19, 20, 30, 38, 41, 42, 43, 44, 49, 50]
[INFO ][2016-02-08 12:05:48,819][com.java.ImportnExport.ImportTestDataDetailsExcel] [   49] - test data details path===== D:\BankersDashboard\TestInputs\TestData.xls
[INFO ][2016-02-08 12:06:12,292][com.java.SeleniumDriver] [  856] - ------------------------------------------
[INFO ][2016-02-08 12:06:12,292][com.java.SeleniumDriver] [  857] - Test case being Executed: 19
[INFO ][2016-02-08 12:06:12,292][com.java.SeleniumDriver] [  869] - Test step:1
[INFO ][2016-02-08 12:06:12,292][com.java.SeleniumDriver] [  881] - Datavalue is----------Logout
[INFO ][2016-02-08 12:06:12,292][com.java.SeleniumDriver] [  905] - DataField : BTN
[INFO ][2016-02-08 12:06:12,292][com.java.SeleniumDriver] [  907] - DataValue : Logout
[INFO ][2016-02-08 12:06:12,292][com.java.SeleniumDriver] [  913] - <In Set values of the page>
[INFO ][2016-02-08 12:06:12,292][com.java.SeleniumDriver] [  916] - {Data Fields & Data Values Exist}
[INFO ][2016-02-08 12:06:12,292][com.java.SeleniumDriver] [  918] - --------------------------setting values-----------------------------
[INFO ][2016-02-08 12:06:12,292][com.java.SeleniumDriver] [  921] - Action Type : Verify
[INFO ][2016-02-08 12:06:12,292][com.java.TestType] [ 8355] - field= BTN value= Logout
[INFO ][2016-02-08 12:06:12,292][com.java.TestType] [ 6727] - value = Logout
[INFO ][2016-02-08 12:06:12,386][com.java.SeleniumDriver] [  930] -  RESULT true
[INFO ][2016-02-08 12:06:12,386][com.java.SeleniumDriver] [ 1136] - ?   P A S S   ?
[INFO ][2016-02-08 12:06:12,386][com.java.SeleniumDriver] [ 1178] - step change to 3
[INFO ][2016-02-08 12:06:12,386][com.java.SeleniumDriver] [  856] - ------------------------------------------
[INFO ][2016-02-08 12:06:12,386][com.java.SeleniumDriver] [  857] - Test case being Executed: 19
[INFO ][2016-02-08 12:06:12,386][com.java.SeleniumDriver] [  869] - Test step:3
[INFO ][2016-02-08 12:06:12,386][com.java.SeleniumDriver] [  881] - Datavalue is----------Concept#2:1-2
[INFO ][2016-02-08 12:06:12,386][com.java.SeleniumDriver] [  905] - DataField : test
[INFO ][2016-02-08 12:06:12,386][com.java.SeleniumDriver] [  907] - DataValue : Concept#2:1-2
[INFO ][2016-02-08 12:06:12,386][com.java.SeleniumDriver] [  913] - <In Set values of the page>
[INFO ][2016-02-08 12:06:12,386][com.java.SeleniumDriver] [  916] - {Data Fields & Data Values Exist}
[INFO ][2016-02-08 12:06:12,386][com.java.SeleniumDriver] [  918] - --------------------------setting values-----------------------------
[INFO ][2016-02-08 12:06:12,386][com.java.SeleniumDriver] [  921] - Action Type : ExecuteTestCase
[INFO ][2016-02-08 12:06:12,386][com.java.TestType] [  448] - The Concept sheet name is ---------- Concept
[INFO ][2016-02-08 12:06:12,386][com.java.TestType] [  451] - The Concept ID  is ---------- 2
[DEBUG][2016-02-08 12:06:12,386][com.java.TestType] [  455] - Steps being executted in the Concept are: 1:2
[INFO ][2016-02-08 12:06:12,386][com.java.TestType] [  462] - Test data details path ---------- D:\BankersDashboard\TestInputs\TestData.xls
[INFO ][2016-02-08 12:06:12,418][com.java.TestType] [  493] -  str(1) = 2
[INFO ][2016-02-08 12:06:12,418][com.java.TestType] [  496] - Test case Id is---2
[INFO ][2016-02-08 12:06:12,418][com.java.TestType] [  498] - 2
[INFO ][2016-02-08 12:06:12,418][com.java.TestType] [  493] -  str(2) = 1
[INFO ][2016-02-08 12:06:12,418][com.java.TestType] [  493] -  str(1) = 2
[INFO ][2016-02-08 12:06:12,418][com.java.TestType] [  496] - Test case Id is---2
[INFO ][2016-02-08 12:06:12,418][com.java.TestType] [  498] - 2
[INFO ][2016-02-08 12:06:12,418][com.java.TestType] [  493] -  str(2) = 2
[INFO ][2016-02-08 12:06:12,418][com.java.TestType] [  493] -  str(1) = 2
[INFO ][2016-02-08 12:06:12,418][com.java.TestType] [  496] - Test case Id is---2
[INFO ][2016-02-08 12:06:12,418][com.java.TestType] [  498] - 2
[INFO ][2016-02-08 12:06:12,418][com.java.TestType] [  493] -  str(2) = 3
[INFO ][2016-02-08 12:06:12,418][com.java.TestType] [12093] - Looping 1TCID = 2
[DEBUG][2016-02-08 12:06:12,418][com.java.TestType] [12134] - Concept ID:2 :: Step being Executed: 2::1
[INFO ][2016-02-08 12:06:12,418][com.java.TestType] [12172] - dataFields : BNK//select[@id='bank']
[DEBUG][2016-02-08 12:06:12,418][com.java.TestType] [12178] - <In Set values of the page>
[DEBUG][2016-02-08 12:06:12,418][com.java.TestType] [12183] - {Data Fields & Data Values Exist}
[INFO ][2016-02-08 12:06:12,418][com.java.TestType] [12189] - --------------------------setting values-----------------------------
[INFO ][2016-02-08 12:06:12,418][com.java.TestType] [12192] - Action Type : Select
[INFO ][2016-02-08 12:06:12,418][com.java.TestType] [ 6727] - value = PFC
[INFO ][2016-02-08 12:06:12,979][com.java.TestType] [12211] -  RESULT false
[INFO ][2016-02-08 12:06:12,979][com.java.TestType] [12249] - ?   F A I L   ?
[DEBUG][2016-02-08 12:06:12,979][com.java.TestType] [12252] - Browser Type : IE10
[INFO ][2016-02-08 12:06:12,979][com.java.SeleniumDriver] [  930] -  RESULT false
[INFO ][2016-02-08 12:06:12,979][com.java.SeleniumDriver] [  977] - ?   F A I L   ?
[INFO ][2016-02-08 12:06:12,979][com.java.SeleniumDriver] [  985] - Browser Type : IE10
[INFO ][2016-02-08 12:06:12,979][com.java.SeleniumDriver] [  986] - Adding Failed case19
[INFO ][2016-02-08 12:06:13,230][com.java.SeleniumDriver] [ 1100] - failedCases = 16,19
[ERROR][2016-02-08 12:06:13,230][com.java.SeleniumDriver] [ 1599] - Platform Errors : Our apologies...::We have encountered an issue with your request.::Our apologies?:We encountered an issue with your request.
[INFO ][2016-02-08 12:06:13,230][com.java.SeleniumDriver] [ 1603] - Length =3
[ERROR][2016-02-08 12:06:13,230][com.java.SeleniumDriver] [ 1606] - Error 0 = Our apologies...
[ERROR][2016-02-08 12:06:13,308][com.java.SeleniumDriver] [ 1606] - Error 1 = We have encountered an issue with your request.
[ERROR][2016-02-08 12:06:13,356][com.java.SeleniumDriver] [ 1606] - Error 2 = Our apologies?:We encountered an issue with your request.
[INFO ][2016-02-08 12:06:13,402][com.java.SeleniumDriver] [ 1617] - strError:
[DEBUG][2016-02-08 12:06:13,418][com.java.SeleniumDriver] [ 1248] - Case found
[DEBUG][2016-02-08 12:06:13,418][com.java.SeleniumDriver] [ 1253] - Incrementing ReportCounters[0]:4
[INFO ][2016-02-08 12:06:13,418][com.java.SeleniumDriver] [ 1272] - The results are-------------------[19, 3, Admin: Company Settings: Select Features: Disable Branch Totem Pole, Fail, 
Test case failed at Step No. :: 3   Error Message ::  In CONCEPT: Test case failed at Step No. :: 1   Error Message ::  Failed to select item: United Bank from //select[@id='bank']. Screen Shot : D:\BankersDashboard\TestReports\020816\19_020816_120612_IE10.png, Mon Feb 08 12:06:13 IST 2016]
[INFO ][2016-02-08 12:06:13,418][com.java.SeleniumDriver] [ 1276] - End time is-------11 min 9 sec
[INFO ][2016-02-08 12:06:13,418][com.java.SeleniumDriver] [ 1277] - The results are-------------------[19, 3, Admin: Company Settings: Select Features: Disable Branch Totem Pole, Fail, 
Test case failed at Step No. :: 3   Error Message ::  In CONCEPT: Test case failed at Step No. :: 1   Error Message ::  Failed to select item: United Bank from //select[@id='bank']. Screen Shot : D:\BankersDashboard\TestReports\020816\19_020816_120612_IE10.png, Mon Feb 08 12:06:13 IST 2016]
[DEBUG][2016-02-08 12:06:13,418][com.java.ImportnExport.ExportTestResultsExcel] [  222] - testResultPath = D:\BankersDashboard/TestReports/Test Results_BankersDashBoard_020816_115506_IE10_United Bank.xls
[DEBUG][2016-02-08 12:06:13,418][com.java.ImportnExport.ExportTestResultsExcel] [  223] - browser is------------IE10
[DEBUG][2016-02-08 12:06:13,418][com.java.ImportnExport.ExportTestResultsExcel] [  270] - result.size() = 6
[DEBUG][2016-02-08 12:06:13,418][com.java.ImportnExport.ExportTestResultsExcel] [  274] - No of rows in sheet=4
[DEBUG][2016-02-08 12:06:13,418][com.java.ImportnExport.ExportTestResultsExcel] [  301] - ..in export..19
[DEBUG][2016-02-08 12:06:13,418][com.java.ImportnExport.ExportTestResultsExcel] [  301] - ..in export..Admin: Company Settings: Select Features: Disable Branch Totem Pole
[DEBUG][2016-02-08 12:06:13,418][com.java.ImportnExport.ExportTestResultsExcel] [  301] - ..in export..Fail
[DEBUG][2016-02-08 12:06:13,418][com.java.ImportnExport.ExportTestResultsExcel] [  301] - ..in export..
Test case failed at Step No. :: 3   Error Message ::  In CONCEPT: Test case failed at Step No. :: 1   Error Message ::  Failed to select item: United Bank from //select[@id='bank']. Screen Shot : D:\BankersDashboard\TestReports\020816\19_020816_120612_IE10.png
[DEBUG][2016-02-08 12:06:13,418][com.java.ImportnExport.ExportTestResultsExcel] [  301] - ..in export..Mon Feb 08 12:06:13 IST 2016
[INFO ][2016-02-08 12:06:13,418][com.java.SeleniumDriver] [ 1337] - out loop:3 size:13 TestCases:[1, 13, 16, 19, 20, 30, 38, 41, 42, 43, 44, 49, 50] testcases:[1, 13, 16, 19, 20, 30, 38, 41, 42, 43, 44, 49, 50]
[INFO ][2016-02-08 12:06:13,418][com.java.ImportnExport.ImportTestDataDetailsExcel] [   49] - test data details path===== D:\BankersDashboard\TestInputs\TestData.xls
[INFO ][2016-02-08 12:06:33,823][com.java.SeleniumDriver] [  856] - ------------------------------------------
[INFO ][2016-02-08 12:06:33,823][com.java.SeleniumDriver] [  857] - Test case being Executed: 20
[INFO ][2016-02-08 12:06:33,823][com.java.SeleniumDriver] [  869] - Test step:1
[INFO ][2016-02-08 12:06:33,823][com.java.SeleniumDriver] [  881] - Datavalue is----------Logout
[INFO ][2016-02-08 12:06:33,823][com.java.SeleniumDriver] [  905] - DataField : BTN
[INFO ][2016-02-08 12:06:33,823][com.java.SeleniumDriver] [  907] - DataValue : Logout
[INFO ][2016-02-08 12:06:33,823][com.java.SeleniumDriver] [  913] - <In Set values of the page>
[INFO ][2016-02-08 12:06:33,823][com.java.SeleniumDriver] [  916] - {Data Fields & Data Values Exist}
[INFO ][2016-02-08 12:06:33,823][com.java.SeleniumDriver] [  918] - --------------------------setting values-----------------------------
[INFO ][2016-02-08 12:06:33,823][com.java.SeleniumDriver] [  921] - Action Type : Verify
[INFO ][2016-02-08 12:06:33,823][com.java.TestType] [ 8355] - field= BTN value= Logout
[INFO ][2016-02-08 12:06:33,823][com.java.TestType] [ 6727] - value = Logout
[INFO ][2016-02-08 12:06:33,918][com.java.SeleniumDriver] [  930] -  RESULT true
[INFO ][2016-02-08 12:06:33,918][com.java.SeleniumDriver] [ 1136] - ?   P A S S   ?
[INFO ][2016-02-08 12:06:33,918][com.java.SeleniumDriver] [ 1178] - step change to 3
[INFO ][2016-02-08 12:06:33,918][com.java.SeleniumDriver] [  856] - ------------------------------------------
[INFO ][2016-02-08 12:06:33,918][com.java.SeleniumDriver] [  857] - Test case being Executed: 20
[INFO ][2016-02-08 12:06:33,918][com.java.SeleniumDriver] [  869] - Test step:3
[INFO ][2016-02-08 12:06:33,918][com.java.SeleniumDriver] [  881] - Datavalue is----------Concept#2:1-2
[INFO ][2016-02-08 12:06:33,918][com.java.SeleniumDriver] [  905] - DataField : test
[INFO ][2016-02-08 12:06:33,918][com.java.SeleniumDriver] [  907] - DataValue : Concept#2:1-2
[INFO ][2016-02-08 12:06:33,918][com.java.SeleniumDriver] [  913] - <In Set values of the page>
[INFO ][2016-02-08 12:06:33,918][com.java.SeleniumDriver] [  916] - {Data Fields & Data Values Exist}
[INFO ][2016-02-08 12:06:33,918][com.java.SeleniumDriver] [  918] - --------------------------setting values-----------------------------
[INFO ][2016-02-08 12:06:33,918][com.java.SeleniumDriver] [  921] - Action Type : ExecuteTestCase
[INFO ][2016-02-08 12:06:33,918][com.java.TestType] [  448] - The Concept sheet name is ---------- Concept
[INFO ][2016-02-08 12:06:33,918][com.java.TestType] [  451] - The Concept ID  is ---------- 2
[DEBUG][2016-02-08 12:06:33,918][com.java.TestType] [  455] - Steps being executted in the Concept are: 1:2
[INFO ][2016-02-08 12:06:33,918][com.java.TestType] [  462] - Test data details path ---------- D:\BankersDashboard\TestInputs\TestData.xls
[INFO ][2016-02-08 12:06:33,949][com.java.TestType] [  493] -  str(1) = 2
[INFO ][2016-02-08 12:06:33,949][com.java.TestType] [  496] - Test case Id is---2
[INFO ][2016-02-08 12:06:33,949][com.java.TestType] [  498] - 2
[INFO ][2016-02-08 12:06:33,949][com.java.TestType] [  493] -  str(2) = 1
[INFO ][2016-02-08 12:06:33,949][com.java.TestType] [  493] -  str(1) = 2
[INFO ][2016-02-08 12:06:33,949][com.java.TestType] [  496] - Test case Id is---2
[INFO ][2016-02-08 12:06:33,949][com.java.TestType] [  498] - 2
[INFO ][2016-02-08 12:06:33,949][com.java.TestType] [  493] -  str(2) = 2
[INFO ][2016-02-08 12:06:33,949][com.java.TestType] [  493] -  str(1) = 2
[INFO ][2016-02-08 12:06:33,949][com.java.TestType] [  496] - Test case Id is---2
[INFO ][2016-02-08 12:06:33,949][com.java.TestType] [  498] - 2
[INFO ][2016-02-08 12:06:33,949][com.java.TestType] [  493] -  str(2) = 3
[INFO ][2016-02-08 12:06:33,949][com.java.TestType] [12093] - Looping 1TCID = 2
[DEBUG][2016-02-08 12:06:33,949][com.java.TestType] [12134] - Concept ID:2 :: Step being Executed: 2::1
[INFO ][2016-02-08 12:06:33,949][com.java.TestType] [12172] - dataFields : BNK//select[@id='bank']
[DEBUG][2016-02-08 12:06:33,949][com.java.TestType] [12178] - <In Set values of the page>
[DEBUG][2016-02-08 12:06:33,949][com.java.TestType] [12183] - {Data Fields & Data Values Exist}
[INFO ][2016-02-08 12:06:33,949][com.java.TestType] [12189] - --------------------------setting values-----------------------------
[INFO ][2016-02-08 12:06:33,949][com.java.TestType] [12192] - Action Type : Select
[INFO ][2016-02-08 12:06:33,949][com.java.TestType] [ 6727] - value = PFC
[INFO ][2016-02-08 12:06:34,510][com.java.TestType] [12211] -  RESULT false
[INFO ][2016-02-08 12:06:34,510][com.java.TestType] [12249] - ?   F A I L   ?
[DEBUG][2016-02-08 12:06:34,510][com.java.TestType] [12252] - Browser Type : IE10
[INFO ][2016-02-08 12:06:34,510][com.java.SeleniumDriver] [  930] -  RESULT false
[INFO ][2016-02-08 12:06:34,510][com.java.SeleniumDriver] [  977] - ?   F A I L   ?
[INFO ][2016-02-08 12:06:34,510][com.java.SeleniumDriver] [  985] - Browser Type : IE10
[INFO ][2016-02-08 12:06:34,510][com.java.SeleniumDriver] [  986] - Adding Failed case20
[INFO ][2016-02-08 12:06:34,745][com.java.SeleniumDriver] [ 1100] - failedCases = 16,19-20
[ERROR][2016-02-08 12:06:34,745][com.java.SeleniumDriver] [ 1599] - Platform Errors : Our apologies...::We have encountered an issue with your request.::Our apologies?:We encountered an issue with your request.
[INFO ][2016-02-08 12:06:34,745][com.java.SeleniumDriver] [ 1603] - Length =3
[ERROR][2016-02-08 12:06:34,745][com.java.SeleniumDriver] [ 1606] - Error 0 = Our apologies...
[ERROR][2016-02-08 12:06:34,823][com.java.SeleniumDriver] [ 1606] - Error 1 = We have encountered an issue with your request.
[ERROR][2016-02-08 12:06:34,870][com.java.SeleniumDriver] [ 1606] - Error 2 = Our apologies?:We encountered an issue with your request.
[INFO ][2016-02-08 12:06:34,918][com.java.SeleniumDriver] [ 1617] - strError:
[DEBUG][2016-02-08 12:06:34,934][com.java.SeleniumDriver] [ 1248] - Case found
[DEBUG][2016-02-08 12:06:34,934][com.java.SeleniumDriver] [ 1253] - Incrementing ReportCounters[0]:5
[INFO ][2016-02-08 12:06:34,934][com.java.SeleniumDriver] [ 1272] - The results are-------------------[20, 3, Admin: GL Mapping: Account Mapping: Attempt to Map G/L Account to Parent Group, Fail, 
Test case failed at Step No. :: 3   Error Message ::  In CONCEPT: Test case failed at Step No. :: 1   Error Message ::  Failed to select item: United Bank from //select[@id='bank']. Screen Shot : D:\BankersDashboard\TestReports\020816\20_020816_120634_IE10.png, Mon Feb 08 12:06:34 IST 2016]
[INFO ][2016-02-08 12:06:34,934][com.java.SeleniumDriver] [ 1276] - End time is-------11 min 30 sec
[INFO ][2016-02-08 12:06:34,934][com.java.SeleniumDriver] [ 1277] - The results are-------------------[20, 3, Admin: GL Mapping: Account Mapping: Attempt to Map G/L Account to Parent Group, Fail, 
Test case failed at Step No. :: 3   Error Message ::  In CONCEPT: Test case failed at Step No. :: 1   Error Message ::  Failed to select item: United Bank from //select[@id='bank']. Screen Shot : D:\BankersDashboard\TestReports\020816\20_020816_120634_IE10.png, Mon Feb 08 12:06:34 IST 2016]
[DEBUG][2016-02-08 12:06:34,934][com.java.ImportnExport.ExportTestResultsExcel] [  222] - testResultPath = D:\BankersDashboard/TestReports/Test Results_BankersDashBoard_020816_115506_IE10_United Bank.xls
[DEBUG][2016-02-08 12:06:34,934][com.java.ImportnExport.ExportTestResultsExcel] [  223] - browser is------------IE10
[DEBUG][2016-02-08 12:06:34,934][com.java.ImportnExport.ExportTestResultsExcel] [  270] - result.size() = 6
[DEBUG][2016-02-08 12:06:34,934][com.java.ImportnExport.ExportTestResultsExcel] [  274] - No of rows in sheet=5
[DEBUG][2016-02-08 12:06:34,934][com.java.ImportnExport.ExportTestResultsExcel] [  301] - ..in export..20
[DEBUG][2016-02-08 12:06:34,934][com.java.ImportnExport.ExportTestResultsExcel] [  301] - ..in export..Admin: GL Mapping: Account Mapping: Attempt to Map G/L Account to Parent Group
[DEBUG][2016-02-08 12:06:34,934][com.java.ImportnExport.ExportTestResultsExcel] [  301] - ..in export..Fail
[DEBUG][2016-02-08 12:06:34,934][com.java.ImportnExport.ExportTestResultsExcel] [  301] - ..in export..
Test case failed at Step No. :: 3   Error Message ::  In CONCEPT: Test case failed at Step No. :: 1   Error Message ::  Failed to select item: United Bank from //select[@id='bank']. Screen Shot : D:\BankersDashboard\TestReports\020816\20_020816_120634_IE10.png
[DEBUG][2016-02-08 12:06:34,934][com.java.ImportnExport.ExportTestResultsExcel] [  301] - ..in export..Mon Feb 08 12:06:34 IST 2016
[INFO ][2016-02-08 12:06:34,934][com.java.SeleniumDriver] [ 1337] - out loop:4 size:13 TestCases:[1, 13, 16, 19, 20, 30, 38, 41, 42, 43, 44, 49, 50] testcases:[1, 13, 16, 19, 20, 30, 38, 41, 42, 43, 44, 49, 50]
[INFO ][2016-02-08 12:06:34,934][com.java.ImportnExport.ImportTestDataDetailsExcel] [   49] - test data details path===== D:\BankersDashboard\TestInputs\TestData.xls
[INFO ][2016-02-08 12:06:55,749][com.java.SeleniumDriver] [  856] - ------------------------------------------
[INFO ][2016-02-08 12:06:55,749][com.java.SeleniumDriver] [  857] - Test case being Executed: 30
[INFO ][2016-02-08 12:06:55,749][com.java.SeleniumDriver] [  869] - Test step:1
[INFO ][2016-02-08 12:06:55,749][com.java.SeleniumDriver] [  881] - Datavalue is----------Logout
[INFO ][2016-02-08 12:06:55,749][com.java.SeleniumDriver] [  905] - DataField : BTN
[INFO ][2016-02-08 12:06:55,749][com.java.SeleniumDriver] [  907] - DataValue : Logout
[INFO ][2016-02-08 12:06:55,749][com.java.SeleniumDriver] [  913] - <In Set values of the page>
[INFO ][2016-02-08 12:06:55,749][com.java.SeleniumDriver] [  916] - {Data Fields & Data Values Exist}
[INFO ][2016-02-08 12:06:55,749][com.java.SeleniumDriver] [  918] - --------------------------setting values-----------------------------
[INFO ][2016-02-08 12:06:55,749][com.java.SeleniumDriver] [  921] - Action Type : Verify
[INFO ][2016-02-08 12:06:55,749][com.java.TestType] [ 8355] - field= BTN value= Logout
[INFO ][2016-02-08 12:06:55,749][com.java.TestType] [ 6727] - value = Logout
[INFO ][2016-02-08 12:06:55,812][com.java.SeleniumDriver] [  930] -  RESULT true
[INFO ][2016-02-08 12:06:55,812][com.java.SeleniumDriver] [ 1136] - ?   P A S S   ?
[INFO ][2016-02-08 12:06:55,812][com.java.SeleniumDriver] [ 1178] - step change to 3
[INFO ][2016-02-08 12:06:55,812][com.java.SeleniumDriver] [  856] - ------------------------------------------
[INFO ][2016-02-08 12:06:55,812][com.java.SeleniumDriver] [  857] - Test case being Executed: 30
[INFO ][2016-02-08 12:06:55,812][com.java.SeleniumDriver] [  869] - Test step:3
[INFO ][2016-02-08 12:06:55,812][com.java.SeleniumDriver] [  881] - Datavalue is----------Concept#2:1-2
[INFO ][2016-02-08 12:06:55,812][com.java.SeleniumDriver] [  905] - DataField : test
[INFO ][2016-02-08 12:06:55,812][com.java.SeleniumDriver] [  907] - DataValue : Concept#2:1-2
[INFO ][2016-02-08 12:06:55,812][com.java.SeleniumDriver] [  913] - <In Set values of the page>
[INFO ][2016-02-08 12:06:55,812][com.java.SeleniumDriver] [  916] - {Data Fields & Data Values Exist}
[INFO ][2016-02-08 12:06:55,812][com.java.SeleniumDriver] [  918] - --------------------------setting values-----------------------------
[INFO ][2016-02-08 12:06:55,812][com.java.SeleniumDriver] [  921] - Action Type : ExecuteTestCase
[INFO ][2016-02-08 12:06:55,812][com.java.TestType] [  448] - The Concept sheet name is ---------- Concept
[INFO ][2016-02-08 12:06:55,812][com.java.TestType] [  451] - The Concept ID  is ---------- 2
[DEBUG][2016-02-08 12:06:55,812][com.java.TestType] [  455] - Steps being executted in the Concept are: 1:2
[INFO ][2016-02-08 12:06:55,812][com.java.TestType] [  462] - Test data details path ---------- D:\BankersDashboard\TestInputs\TestData.xls
[INFO ][2016-02-08 12:06:55,843][com.java.TestType] [  493] -  str(1) = 2
[INFO ][2016-02-08 12:06:55,843][com.java.TestType] [  496] - Test case Id is---2
[INFO ][2016-02-08 12:06:55,843][com.java.TestType] [  498] - 2
[INFO ][2016-02-08 12:06:55,843][com.java.TestType] [  493] -  str(2) = 1
[INFO ][2016-02-08 12:06:55,843][com.java.TestType] [  493] -  str(1) = 2
[INFO ][2016-02-08 12:06:55,843][com.java.TestType] [  496] - Test case Id is---2
[INFO ][2016-02-08 12:06:55,843][com.java.TestType] [  498] - 2
[INFO ][2016-02-08 12:06:55,843][com.java.TestType] [  493] -  str(2) = 2
[INFO ][2016-02-08 12:06:55,843][com.java.TestType] [  493] -  str(1) = 2
[INFO ][2016-02-08 12:06:55,843][com.java.TestType] [  496] - Test case Id is---2
[INFO ][2016-02-08 12:06:55,843][com.java.TestType] [  498] - 2
[INFO ][2016-02-08 12:06:55,843][com.java.TestType] [  493] -  str(2) = 3
[INFO ][2016-02-08 12:06:55,843][com.java.TestType] [12093] - Looping 1TCID = 2
[DEBUG][2016-02-08 12:06:55,843][com.java.TestType] [12134] - Concept ID:2 :: Step being Executed: 2::1
[INFO ][2016-02-08 12:06:55,843][com.java.TestType] [12172] - dataFields : BNK//select[@id='bank']
[DEBUG][2016-02-08 12:06:55,843][com.java.TestType] [12178] - <In Set values of the page>
[DEBUG][2016-02-08 12:06:55,843][com.java.TestType] [12183] - {Data Fields & Data Values Exist}
[INFO ][2016-02-08 12:06:55,843][com.java.TestType] [12189] - --------------------------setting values-----------------------------
[INFO ][2016-02-08 12:06:55,843][com.java.TestType] [12192] - Action Type : Select
[INFO ][2016-02-08 12:06:55,843][com.java.TestType] [ 6727] - value = PFC
[INFO ][2016-02-08 12:06:56,374][com.java.TestType] [12211] -  RESULT false
[INFO ][2016-02-08 12:06:56,374][com.java.TestType] [12249] - ?   F A I L   ?
[DEBUG][2016-02-08 12:06:56,374][com.java.TestType] [12252] - Browser Type : IE10
[INFO ][2016-02-08 12:06:56,374][com.java.SeleniumDriver] [  930] -  RESULT false
[INFO ][2016-02-08 12:06:56,374][com.java.SeleniumDriver] [  977] - ?   F A I L   ?
[INFO ][2016-02-08 12:06:56,374][com.java.SeleniumDriver] [  985] - Browser Type : IE10
[INFO ][2016-02-08 12:06:56,374][com.java.SeleniumDriver] [  986] - Adding Failed case30
[INFO ][2016-02-08 12:06:56,609][com.java.SeleniumDriver] [ 1100] - failedCases = 16,19-20,30
[ERROR][2016-02-08 12:06:56,609][com.java.SeleniumDriver] [ 1599] - Platform Errors : Our apologies...::We have encountered an issue with your request.::Our apologies?:We encountered an issue with your request.
[INFO ][2016-02-08 12:06:56,609][com.java.SeleniumDriver] [ 1603] - Length =3
[ERROR][2016-02-08 12:06:56,609][com.java.SeleniumDriver] [ 1606] - Error 0 = Our apologies...
[ERROR][2016-02-08 12:06:56,702][com.java.SeleniumDriver] [ 1606] - Error 1 = We have encountered an issue with your request.
[ERROR][2016-02-08 12:06:56,765][com.java.SeleniumDriver] [ 1606] - Error 2 = Our apologies?:We encountered an issue with your request.
[INFO ][2016-02-08 12:06:56,828][com.java.SeleniumDriver] [ 1617] - strError:
[DEBUG][2016-02-08 12:06:56,844][com.java.SeleniumDriver] [ 1248] - Case found
[DEBUG][2016-02-08 12:06:56,844][com.java.SeleniumDriver] [ 1253] - Incrementing ReportCounters[0]:6
[INFO ][2016-02-08 12:06:56,844][com.java.SeleniumDriver] [ 1272] - The results are-------------------[30, 3, Admin: GL Mapping: Loan Concentration: Add & Delete New Group, Fail, 
Test case failed at Step No. :: 3   Error Message ::  In CONCEPT: Test case failed at Step No. :: 1   Error Message ::  Failed to select item: United Bank from //select[@id='bank']. Screen Shot : D:\BankersDashboard\TestReports\020816\30_020816_120656_IE10.png, Mon Feb 08 12:06:56 IST 2016]
[INFO ][2016-02-08 12:06:56,844][com.java.SeleniumDriver] [ 1276] - End time is-------11 min 52 sec
[INFO ][2016-02-08 12:06:56,844][com.java.SeleniumDriver] [ 1277] - The results are-------------------[30, 3, Admin: GL Mapping: Loan Concentration: Add & Delete New Group, Fail, 
Test case failed at Step No. :: 3   Error Message ::  In CONCEPT: Test case failed at Step No. :: 1   Error Message ::  Failed to select item: United Bank from //select[@id='bank']. Screen Shot : D:\BankersDashboard\TestReports\020816\30_020816_120656_IE10.png, Mon Feb 08 12:06:56 IST 2016]
[DEBUG][2016-02-08 12:06:56,844][com.java.ImportnExport.ExportTestResultsExcel] [  222] - testResultPath = D:\BankersDashboard/TestReports/Test Results_BankersDashBoard_020816_115506_IE10_United Bank.xls
[DEBUG][2016-02-08 12:06:56,844][com.java.ImportnExport.ExportTestResultsExcel] [  223] - browser is------------IE10
[DEBUG][2016-02-08 12:06:56,844][com.java.ImportnExport.ExportTestResultsExcel] [  270] - result.size() = 6
[DEBUG][2016-02-08 12:06:56,844][com.java.ImportnExport.ExportTestResultsExcel] [  274] - No of rows in sheet=6
[DEBUG][2016-02-08 12:06:56,844][com.java.ImportnExport.ExportTestResultsExcel] [  301] - ..in export..30
[DEBUG][2016-02-08 12:06:56,844][com.java.ImportnExport.ExportTestResultsExcel] [  301] - ..in export..Admin: GL Mapping: Loan Concentration: Add & Delete New Group
[DEBUG][2016-02-08 12:06:56,844][com.java.ImportnExport.ExportTestResultsExcel] [  301] - ..in export..Fail
[DEBUG][2016-02-08 12:06:56,844][com.java.ImportnExport.ExportTestResultsExcel] [  301] - ..in export..
Test case failed at Step No. :: 3   Error Message ::  In CONCEPT: Test case failed at Step No. :: 1   Error Message ::  Failed to select item: United Bank from //select[@id='bank']. Screen Shot : D:\BankersDashboard\TestReports\020816\30_020816_120656_IE10.png
[DEBUG][2016-02-08 12:06:56,844][com.java.ImportnExport.ExportTestResultsExcel] [  301] - ..in export..Mon Feb 08 12:06:56 IST 2016
[INFO ][2016-02-08 12:06:56,844][com.java.SeleniumDriver] [ 1337] - out loop:5 size:13 TestCases:[1, 13, 16, 19, 20, 30, 38, 41, 42, 43, 44, 49, 50] testcases:[1, 13, 16, 19, 20, 30, 38, 41, 42, 43, 44, 49, 50]
[INFO ][2016-02-08 12:06:56,844][com.java.ImportnExport.ImportTestDataDetailsExcel] [   49] - test data details path===== D:\BankersDashboard\TestInputs\TestData.xls
