[INFO ][2015-12-15 17:16:06,870][com.java.SeleniumDriver] [  213] - Execute Failed Casesfalse
[INFO ][2015-12-15 17:16:06,870][com.java.SeleniumDriver] [  214] - Browser: IE10
[INFO ][2015-12-15 17:16:06,870][com.java.SeleniumDriver] [  215] - [1, 14]
[INFO ][2015-12-15 17:16:06,870][com.java.SeleniumDriver] [  216] - Total TestCases:2
[INFO ][2015-12-15 17:16:06,880][com.java.SeleniumDriver] [  217] -  Reading Properties from Property File 
[DEBUG][2015-12-15 17:16:06,880][com.java.SeleniumDriver] [  238] - url : https://clients-xuat.bankersdashboard.com
[INFO ][2015-12-15 17:16:06,880][com.java.ImportnExport.ExportTestResultsExcel] [  116] - Time Stamp Tue Dec 15 05:16:06 IST 2015
[INFO ][2015-12-15 17:16:06,880][com.java.ImportnExport.ExportTestResultsExcel] [  175] - OUT FILE : D:\BankersDashboard/TestReports/Test Results_BankersDashBoard_121515_171606_IE10_Bank of North Carolina.xls
[INFO ][2015-12-15 17:16:06,901][com.java.ImportnExport.ExportTestResultsExcel] [  180] - Test Result file is created
[DEBUG][2015-12-15 17:16:07,011][com.java.SeleniumDriver] [  426] - Hub ip address is-------172.17.68.34
[INFO ][2015-12-15 17:16:07,011][com.java.SeleniumDriver] [  452] - Grid URL:http://172.17.68.34:4444/wd/hub
[INFO ][2015-12-15 17:16:07,011][com.java.SeleniumDriver] [  453] - Capability:Capabilities [{platform=ANY, ensureCleanSession=true, ignoreProtectedModeSettings=true, acceptSslCerts=true, ignoreZoomSetting=true, browserName=internet explorer, browserstack.ie.noFlash=true, version=null}]
[ERROR][2015-12-15 17:16:08,336][com.java.SeleniumDriver] [  497] - Unable invoke browser in grid:Could not start a new session. Possible causes are invalid address of the remote server or browser start-up failure.
Build info: version: '2.48.2', revision: '41bccdd', time: '2015-10-09 19:59:12'
System info: host: 'FVTIII438F1D', ip: '172.17.68.34', os.name: 'Windows 7', os.arch: 'x86', os.version: '6.1', java.version: '1.7.0_55'
Driver info: driver.version: SeleniumDriver
[INFO ][2015-12-15 17:16:08,336][com.java.SeleniumDriver] [  499] - Executing on local machine
[INFO ][2015-12-15 17:16:18,015][com.java.SeleniumDriver] [  248] - IE10is opened
[INFO ][2015-12-15 17:16:18,907][com.java.SeleniumDriver] [  754] - Test cases to be executed are: [1, 14]
[INFO ][2015-12-15 17:16:18,926][com.java.ImportnExport.ImportTestDataDetailsExcel] [   49] - test data details path===== D:\BankersDashboard\TestInputs\TestData.xls
[INFO ][2015-12-15 17:16:19,002][com.java.SeleniumDriver] [  821] - ------------------------------------------
[INFO ][2015-12-15 17:16:19,002][com.java.SeleniumDriver] [  822] - Test case being Executed: 1
[INFO ][2015-12-15 17:16:19,002][com.java.SeleniumDriver] [  833] - Test step:1
[INFO ][2015-12-15 17:16:19,003][com.java.SeleniumDriver] [  845] - Datavalue is----------Concept#1:1-16
[INFO ][2015-12-15 17:16:19,003][com.java.SeleniumDriver] [  869] - DataField : test
[INFO ][2015-12-15 17:16:19,003][com.java.SeleniumDriver] [  871] - DataValue : Concept#1:1-16
[INFO ][2015-12-15 17:16:19,003][com.java.SeleniumDriver] [  877] - <In Set values of the page>
[INFO ][2015-12-15 17:16:19,003][com.java.SeleniumDriver] [  880] - {Data Fields & Data Values Exist}
[INFO ][2015-12-15 17:16:19,003][com.java.SeleniumDriver] [  882] - --------------------------setting values-----------------------------
[INFO ][2015-12-15 17:16:19,003][com.java.SeleniumDriver] [  885] - Action Type : ExecuteTestCase
[INFO ][2015-12-15 17:16:19,044][com.java.TestType] [  437] - The Concept sheet name is ---------- Concept
[INFO ][2015-12-15 17:16:19,044][com.java.TestType] [  440] - The Concept ID  is ---------- 1
[DEBUG][2015-12-15 17:16:19,044][com.java.TestType] [  444] - Steps being executted in the Concept are: 1:16
[INFO ][2015-12-15 17:16:19,045][com.java.TestType] [  451] - Test data details path ---------- D:\BankersDashboard\TestInputs\TestData.xls
[INFO ][2015-12-15 17:16:19,080][com.java.TestType] [  482] -  str(1) = 1
[INFO ][2015-12-15 17:16:19,080][com.java.TestType] [  485] - Test case Id is---1
[INFO ][2015-12-15 17:16:19,081][com.java.TestType] [  487] - 1
[INFO ][2015-12-15 17:16:19,081][com.java.TestType] [  482] -  str(2) = 1
[INFO ][2015-12-15 17:16:19,083][com.java.TestType] [  534] - row values are--------{1=com.java.Objects.TestDataDetails@1cd72ca}
[INFO ][2015-12-15 17:16:19,083][com.java.TestType] [  482] -  str(1) = 1
[INFO ][2015-12-15 17:16:19,083][com.java.TestType] [  485] - Test case Id is---1
[INFO ][2015-12-15 17:16:19,083][com.java.TestType] [  487] - 1
[INFO ][2015-12-15 17:16:19,084][com.java.TestType] [  482] -  str(2) = 2
[INFO ][2015-12-15 17:16:19,085][com.java.TestType] [  534] - row values are--------{1=com.java.Objects.TestDataDetails@1cd72ca, 2=com.java.Objects.TestDataDetails@f97aff}
[INFO ][2015-12-15 17:16:19,085][com.java.TestType] [  482] -  str(1) = 1
[INFO ][2015-12-15 17:16:19,085][com.java.TestType] [  485] - Test case Id is---1
[INFO ][2015-12-15 17:16:19,085][com.java.TestType] [  487] - 1
[INFO ][2015-12-15 17:16:19,085][com.java.TestType] [  482] -  str(2) = 3
[INFO ][2015-12-15 17:16:19,086][com.java.TestType] [  534] - row values are--------{1=com.java.Objects.TestDataDetails@1cd72ca, 2=com.java.Objects.TestDataDetails@f97aff, 3=com.java.Objects.TestDataDetails@586f87}
[INFO ][2015-12-15 17:16:19,087][com.java.TestType] [  482] -  str(1) = 1
[INFO ][2015-12-15 17:16:19,087][com.java.TestType] [  485] - Test case Id is---1
[INFO ][2015-12-15 17:16:19,087][com.java.TestType] [  487] - 1
[INFO ][2015-12-15 17:16:19,087][com.java.TestType] [  482] -  str(2) = 4
[INFO ][2015-12-15 17:16:19,090][com.java.TestType] [  534] - row values are--------{1=com.java.Objects.TestDataDetails@1cd72ca, 2=com.java.Objects.TestDataDetails@f97aff, 3=com.java.Objects.TestDataDetails@586f87, 4=com.java.Objects.TestDataDetails@6a67ab}
[INFO ][2015-12-15 17:16:19,090][com.java.TestType] [  482] -  str(1) = 1
[INFO ][2015-12-15 17:16:19,090][com.java.TestType] [  485] - Test case Id is---1
[INFO ][2015-12-15 17:16:19,090][com.java.TestType] [  487] - 1
[INFO ][2015-12-15 17:16:19,090][com.java.TestType] [  482] -  str(2) = 5
[INFO ][2015-12-15 17:16:19,092][com.java.TestType] [  534] - row values are--------{1=com.java.Objects.TestDataDetails@1cd72ca, 2=com.java.Objects.TestDataDetails@f97aff, 3=com.java.Objects.TestDataDetails@586f87, 4=com.java.Objects.TestDataDetails@6a67ab, 5=com.java.Objects.TestDataDetails@a71b2e}
[INFO ][2015-12-15 17:16:19,092][com.java.TestType] [  482] -  str(1) = 1
[INFO ][2015-12-15 17:16:19,092][com.java.TestType] [  485] - Test case Id is---1
[INFO ][2015-12-15 17:16:19,092][com.java.TestType] [  487] - 1
[INFO ][2015-12-15 17:16:19,092][com.java.TestType] [  482] -  str(2) = 6
[INFO ][2015-12-15 17:16:19,093][com.java.TestType] [  534] - row values are--------{1=com.java.Objects.TestDataDetails@1cd72ca, 2=com.java.Objects.TestDataDetails@f97aff, 3=com.java.Objects.TestDataDetails@586f87, 4=com.java.Objects.TestDataDetails@6a67ab, 5=com.java.Objects.TestDataDetails@a71b2e, 6=com.java.Objects.TestDataDetails@20ac02}
[INFO ][2015-12-15 17:16:19,093][com.java.TestType] [  482] -  str(1) = 1
[INFO ][2015-12-15 17:16:19,094][com.java.TestType] [  485] - Test case Id is---1
[INFO ][2015-12-15 17:16:19,094][com.java.TestType] [  487] - 1
[INFO ][2015-12-15 17:16:19,094][com.java.TestType] [  482] -  str(2) = 7
[INFO ][2015-12-15 17:16:19,095][com.java.TestType] [  534] - row values are--------{1=com.java.Objects.TestDataDetails@1cd72ca, 2=com.java.Objects.TestDataDetails@f97aff, 3=com.java.Objects.TestDataDetails@586f87, 4=com.java.Objects.TestDataDetails@6a67ab, 5=com.java.Objects.TestDataDetails@a71b2e, 6=com.java.Objects.TestDataDetails@20ac02, 7=com.java.Objects.TestDataDetails@1887c71}
[INFO ][2015-12-15 17:16:19,095][com.java.TestType] [  482] -  str(1) = 1
[INFO ][2015-12-15 17:16:19,095][com.java.TestType] [  485] - Test case Id is---1
[INFO ][2015-12-15 17:16:19,095][com.java.TestType] [  487] - 1
[INFO ][2015-12-15 17:16:19,095][com.java.TestType] [  482] -  str(2) = 8
[INFO ][2015-12-15 17:16:19,096][com.java.TestType] [  534] - row values are--------{1=com.java.Objects.TestDataDetails@1cd72ca, 2=com.java.Objects.TestDataDetails@f97aff, 3=com.java.Objects.TestDataDetails@586f87, 4=com.java.Objects.TestDataDetails@6a67ab, 5=com.java.Objects.TestDataDetails@a71b2e, 6=com.java.Objects.TestDataDetails@20ac02, 7=com.java.Objects.TestDataDetails@1887c71, 8=com.java.Objects.TestDataDetails@119ab42}
[INFO ][2015-12-15 17:16:19,096][com.java.TestType] [  482] -  str(1) = 1
[INFO ][2015-12-15 17:16:19,096][com.java.TestType] [  485] - Test case Id is---1
[INFO ][2015-12-15 17:16:19,096][com.java.TestType] [  487] - 1
[INFO ][2015-12-15 17:16:19,096][com.java.TestType] [  482] -  str(2) = 9
[INFO ][2015-12-15 17:16:19,097][com.java.TestType] [  534] - row values are--------{1=com.java.Objects.TestDataDetails@1cd72ca, 2=com.java.Objects.TestDataDetails@f97aff, 3=com.java.Objects.TestDataDetails@586f87, 4=com.java.Objects.TestDataDetails@6a67ab, 5=com.java.Objects.TestDataDetails@a71b2e, 6=com.java.Objects.TestDataDetails@20ac02, 7=com.java.Objects.TestDataDetails@1887c71, 8=com.java.Objects.TestDataDetails@119ab42, 9=com.java.Objects.TestDataDetails@915056}
[INFO ][2015-12-15 17:16:19,097][com.java.TestType] [  482] -  str(1) = 1
[INFO ][2015-12-15 17:16:19,097][com.java.TestType] [  485] - Test case Id is---1
[INFO ][2015-12-15 17:16:19,097][com.java.TestType] [  487] - 1
[INFO ][2015-12-15 17:16:19,097][com.java.TestType] [  482] -  str(2) = 10
[INFO ][2015-12-15 17:16:19,100][com.java.TestType] [  534] - row values are--------{1=com.java.Objects.TestDataDetails@1cd72ca, 2=com.java.Objects.TestDataDetails@f97aff, 3=com.java.Objects.TestDataDetails@586f87, 4=com.java.Objects.TestDataDetails@6a67ab, 5=com.java.Objects.TestDataDetails@a71b2e, 6=com.java.Objects.TestDataDetails@20ac02, 7=com.java.Objects.TestDataDetails@1887c71, 8=com.java.Objects.TestDataDetails@119ab42, 9=com.java.Objects.TestDataDetails@915056, 10=com.java.Objects.TestDataDetails@185a2a8}
[INFO ][2015-12-15 17:16:19,100][com.java.TestType] [  482] -  str(1) = 1
[INFO ][2015-12-15 17:16:19,100][com.java.TestType] [  485] - Test case Id is---1
[INFO ][2015-12-15 17:16:19,100][com.java.TestType] [  487] - 1
[INFO ][2015-12-15 17:16:19,100][com.java.TestType] [  482] -  str(2) = 11
[INFO ][2015-12-15 17:16:19,101][com.java.TestType] [  534] - row values are--------{1=com.java.Objects.TestDataDetails@1cd72ca, 2=com.java.Objects.TestDataDetails@f97aff, 3=com.java.Objects.TestDataDetails@586f87, 4=com.java.Objects.TestDataDetails@6a67ab, 5=com.java.Objects.TestDataDetails@a71b2e, 6=com.java.Objects.TestDataDetails@20ac02, 7=com.java.Objects.TestDataDetails@1887c71, 8=com.java.Objects.TestDataDetails@119ab42, 9=com.java.Objects.TestDataDetails@915056, 10=com.java.Objects.TestDataDetails@185a2a8, 11=com.java.Objects.TestDataDetails@1157426}
[INFO ][2015-12-15 17:16:19,101][com.java.TestType] [  482] -  str(1) = 1
[INFO ][2015-12-15 17:16:19,101][com.java.TestType] [  485] - Test case Id is---1
[INFO ][2015-12-15 17:16:19,101][com.java.TestType] [  487] - 1
[INFO ][2015-12-15 17:16:19,101][com.java.TestType] [  482] -  str(2) = 12
[INFO ][2015-12-15 17:16:19,102][com.java.TestType] [  534] - row values are--------{1=com.java.Objects.TestDataDetails@1cd72ca, 2=com.java.Objects.TestDataDetails@f97aff, 3=com.java.Objects.TestDataDetails@586f87, 4=com.java.Objects.TestDataDetails@6a67ab, 5=com.java.Objects.TestDataDetails@a71b2e, 6=com.java.Objects.TestDataDetails@20ac02, 7=com.java.Objects.TestDataDetails@1887c71, 8=com.java.Objects.TestDataDetails@119ab42, 9=com.java.Objects.TestDataDetails@915056, 10=com.java.Objects.TestDataDetails@185a2a8, 11=com.java.Objects.TestDataDetails@1157426, 12=com.java.Objects.TestDataDetails@1c2c35}
[INFO ][2015-12-15 17:16:19,102][com.java.TestType] [  482] -  str(1) = 1
[INFO ][2015-12-15 17:16:19,102][com.java.TestType] [  485] - Test case Id is---1
[INFO ][2015-12-15 17:16:19,102][com.java.TestType] [  487] - 1
[INFO ][2015-12-15 17:16:19,102][com.java.TestType] [  482] -  str(2) = 13
[INFO ][2015-12-15 17:16:19,103][com.java.TestType] [  534] - row values are--------{1=com.java.Objects.TestDataDetails@1cd72ca, 2=com.java.Objects.TestDataDetails@f97aff, 3=com.java.Objects.TestDataDetails@586f87, 4=com.java.Objects.TestDataDetails@6a67ab, 5=com.java.Objects.TestDataDetails@a71b2e, 6=com.java.Objects.TestDataDetails@20ac02, 7=com.java.Objects.TestDataDetails@1887c71, 8=com.java.Objects.TestDataDetails@119ab42, 9=com.java.Objects.TestDataDetails@915056, 10=com.java.Objects.TestDataDetails@185a2a8, 11=com.java.Objects.TestDataDetails@1157426, 12=com.java.Objects.TestDataDetails@1c2c35, 13=com.java.Objects.TestDataDetails@16e68a0}
[INFO ][2015-12-15 17:16:19,103][com.java.TestType] [  482] -  str(1) = 1
[INFO ][2015-12-15 17:16:19,103][com.java.TestType] [  485] - Test case Id is---1
[INFO ][2015-12-15 17:16:19,103][com.java.TestType] [  487] - 1
[INFO ][2015-12-15 17:16:19,103][com.java.TestType] [  482] -  str(2) = 14
[INFO ][2015-12-15 17:16:19,104][com.java.TestType] [  534] - row values are--------{1=com.java.Objects.TestDataDetails@1cd72ca, 2=com.java.Objects.TestDataDetails@f97aff, 3=com.java.Objects.TestDataDetails@586f87, 4=com.java.Objects.TestDataDetails@6a67ab, 5=com.java.Objects.TestDataDetails@a71b2e, 6=com.java.Objects.TestDataDetails@20ac02, 7=com.java.Objects.TestDataDetails@1887c71, 8=com.java.Objects.TestDataDetails@119ab42, 9=com.java.Objects.TestDataDetails@915056, 10=com.java.Objects.TestDataDetails@185a2a8, 11=com.java.Objects.TestDataDetails@1157426, 12=com.java.Objects.TestDataDetails@1c2c35, 13=com.java.Objects.TestDataDetails@16e68a0, 14=com.java.Objects.TestDataDetails@60525c}
[INFO ][2015-12-15 17:16:19,104][com.java.TestType] [  482] -  str(1) = 1
[INFO ][2015-12-15 17:16:19,104][com.java.TestType] [  485] - Test case Id is---1
[INFO ][2015-12-15 17:16:19,104][com.java.TestType] [  487] - 1
[INFO ][2015-12-15 17:16:19,105][com.java.TestType] [  482] -  str(2) = 15
[INFO ][2015-12-15 17:16:19,105][com.java.TestType] [  534] - row values are--------{1=com.java.Objects.TestDataDetails@1cd72ca, 2=com.java.Objects.TestDataDetails@f97aff, 3=com.java.Objects.TestDataDetails@586f87, 4=com.java.Objects.TestDataDetails@6a67ab, 5=com.java.Objects.TestDataDetails@a71b2e, 6=com.java.Objects.TestDataDetails@20ac02, 7=com.java.Objects.TestDataDetails@1887c71, 8=com.java.Objects.TestDataDetails@119ab42, 9=com.java.Objects.TestDataDetails@915056, 10=com.java.Objects.TestDataDetails@185a2a8, 11=com.java.Objects.TestDataDetails@1157426, 12=com.java.Objects.TestDataDetails@1c2c35, 13=com.java.Objects.TestDataDetails@16e68a0, 14=com.java.Objects.TestDataDetails@60525c, 15=com.java.Objects.TestDataDetails@1a33470}
[INFO ][2015-12-15 17:16:19,106][com.java.TestType] [  482] -  str(1) = 1
[INFO ][2015-12-15 17:16:19,106][com.java.TestType] [  485] - Test case Id is---1
[INFO ][2015-12-15 17:16:19,106][com.java.TestType] [  487] - 1
[INFO ][2015-12-15 17:16:19,106][com.java.TestType] [  482] -  str(2) = 16
[INFO ][2015-12-15 17:16:19,107][com.java.TestType] [  534] - row values are--------{1=com.java.Objects.TestDataDetails@1cd72ca, 2=com.java.Objects.TestDataDetails@f97aff, 3=com.java.Objects.TestDataDetails@586f87, 4=com.java.Objects.TestDataDetails@6a67ab, 5=com.java.Objects.TestDataDetails@a71b2e, 6=com.java.Objects.TestDataDetails@20ac02, 7=com.java.Objects.TestDataDetails@1887c71, 8=com.java.Objects.TestDataDetails@119ab42, 9=com.java.Objects.TestDataDetails@915056, 10=com.java.Objects.TestDataDetails@185a2a8, 11=com.java.Objects.TestDataDetails@1157426, 12=com.java.Objects.TestDataDetails@1c2c35, 13=com.java.Objects.TestDataDetails@16e68a0, 14=com.java.Objects.TestDataDetails@60525c, 15=com.java.Objects.TestDataDetails@1a33470, 16=com.java.Objects.TestDataDetails@1490eab}
[INFO ][2015-12-15 17:16:19,107][com.java.TestType] [10118] - Looping 1TCID = 1
[DEBUG][2015-12-15 17:16:19,107][com.java.TestType] [10159] - Concept ID:1 :: Step being Executed: 1::1
[INFO ][2015-12-15 17:16:19,107][com.java.TestType] [10197] - dataFields : TXTusername
[DEBUG][2015-12-15 17:16:19,107][com.java.TestType] [10203] - <In Set values of the page>
[DEBUG][2015-12-15 17:16:19,107][com.java.TestType] [10208] - {Data Fields & Data Values Exist}
[INFO ][2015-12-15 17:16:19,107][com.java.TestType] [10214] - --------------------------setting values-----------------------------
[INFO ][2015-12-15 17:16:19,108][com.java.TestType] [10217] - Action Type : CLEARANDENTER
[INFO ][2015-12-15 17:16:19,108][com.java.TestType] [ 5505] - value = valuelabs.ie10.33527
[INFO ][2015-12-15 17:16:23,911][com.java.TestType] [10236] -  RESULT true
[INFO ][2015-12-15 17:16:23,911][com.java.TestType] [10353] - ?   P A S S   ?
[DEBUG][2015-12-15 17:16:23,911][com.java.TestType] [10159] - Concept ID:1 :: Step being Executed: 1::2
[INFO ][2015-12-15 17:16:23,911][com.java.TestType] [10197] - dataFields : TXTpassword
[DEBUG][2015-12-15 17:16:23,911][com.java.TestType] [10203] - <In Set values of the page>
[DEBUG][2015-12-15 17:16:23,911][com.java.TestType] [10208] - {Data Fields & Data Values Exist}
[INFO ][2015-12-15 17:16:23,911][com.java.TestType] [10214] - --------------------------setting values-----------------------------
[INFO ][2015-12-15 17:16:23,912][com.java.TestType] [10217] - Action Type : CLEARANDENTER
[INFO ][2015-12-15 17:16:23,912][com.java.TestType] [ 5505] - value = Password1*
[INFO ][2015-12-15 17:16:28,796][com.java.TestType] [10236] -  RESULT true
[INFO ][2015-12-15 17:16:28,796][com.java.TestType] [10353] - ?   P A S S   ?
[DEBUG][2015-12-15 17:16:28,797][com.java.TestType] [10159] - Concept ID:1 :: Step being Executed: 1::3
[ERROR][2015-12-15 17:16:28,797][com.java.TestType] [10192] - Exception: null
[INFO ][2015-12-15 17:16:28,797][com.java.TestType] [10197] - dataFields : XPH//button[@type='submit']
[DEBUG][2015-12-15 17:16:28,797][com.java.TestType] [10203] - <In Set values of the page>
[DEBUG][2015-12-15 17:16:28,797][com.java.TestType] [10208] - {Data Fields & Data Values Exist}
[INFO ][2015-12-15 17:16:28,797][com.java.TestType] [10214] - --------------------------setting values-----------------------------
[INFO ][2015-12-15 17:16:28,797][com.java.TestType] [10217] - Action Type : Click
[INFO ][2015-12-15 17:16:28,798][com.java.TestType] [ 5861] - Field ::XPH//button[@type='submit']
[INFO ][2015-12-15 17:16:28,798][com.java.TestType] [ 5505] - value = 
[INFO ][2015-12-15 17:16:29,798][com.java.TestType] [ 5998] - BEFORE CLICK
[INFO ][2015-12-15 17:16:30,650][com.java.TestType] [ 6006] - Unable to click the object Login
[INFO ][2015-12-15 17:16:30,650][com.java.TestType] [10236] -  RESULT true
[INFO ][2015-12-15 17:16:30,650][com.java.TestType] [10353] - ?   P A S S   ?
[DEBUG][2015-12-15 17:16:30,650][com.java.TestType] [10159] - Concept ID:1 :: Step being Executed: 1::4
[INFO ][2015-12-15 17:16:30,650][com.java.TestType] [10197] - dataFields : LNKLogout
[DEBUG][2015-12-15 17:16:30,650][com.java.TestType] [10203] - <In Set values of the page>
[DEBUG][2015-12-15 17:16:30,650][com.java.TestType] [10208] - {Data Fields & Data Values Exist}
[INFO ][2015-12-15 17:16:30,650][com.java.TestType] [10214] - --------------------------setting values-----------------------------
[INFO ][2015-12-15 17:16:30,650][com.java.TestType] [10217] - Action Type : WaitForElement
[INFO ][2015-12-15 17:16:34,067][com.java.TestType] [10236] -  RESULT true
[INFO ][2015-12-15 17:16:34,067][com.java.TestType] [10353] - ?   P A S S   ?
[DEBUG][2015-12-15 17:16:34,067][com.java.TestType] [10159] - Concept ID:1 :: Step being Executed: 1::15
[INFO ][2015-12-15 17:16:34,067][com.java.TestType] [10197] - dataFields : LNK
[DEBUG][2015-12-15 17:16:34,067][com.java.TestType] [10203] - <In Set values of the page>
[DEBUG][2015-12-15 17:16:34,067][com.java.TestType] [10208] - {Data Fields & Data Values Exist}
[INFO ][2015-12-15 17:16:34,067][com.java.TestType] [10214] - --------------------------setting values-----------------------------
[INFO ][2015-12-15 17:16:34,067][com.java.TestType] [10217] - Action Type : Verify
[INFO ][2015-12-15 17:16:34,068][com.java.TestType] [ 6804] - field= LNK value= Logout
[INFO ][2015-12-15 17:16:34,068][com.java.TestType] [ 5505] - value = Logout
[INFO ][2015-12-15 17:16:34,102][com.java.TestType] [10236] -  RESULT true
[INFO ][2015-12-15 17:16:34,102][com.java.TestType] [10353] - ?   P A S S   ?
[DEBUG][2015-12-15 17:16:34,102][com.java.TestType] [10159] - Concept ID:1 :: Step being Executed: 1::16
[INFO ][2015-12-15 17:16:34,102][com.java.TestType] [10197] - dataFields : BTN
[DEBUG][2015-12-15 17:16:34,102][com.java.TestType] [10203] - <In Set values of the page>
[DEBUG][2015-12-15 17:16:34,102][com.java.TestType] [10208] - {Data Fields & Data Values Exist}
[INFO ][2015-12-15 17:16:34,102][com.java.TestType] [10214] - --------------------------setting values-----------------------------
[INFO ][2015-12-15 17:16:34,103][com.java.TestType] [10217] - Action Type : Verify
[INFO ][2015-12-15 17:16:34,103][com.java.TestType] [ 6804] - field= BTN value= //img[contains(@src,'bdlogo.jpg')]
[INFO ][2015-12-15 17:16:34,104][com.java.TestType] [ 5505] - value = //img[contains(@src,'bdlogo.jpg')]
[INFO ][2015-12-15 17:16:34,170][com.java.TestType] [10236] -  RESULT true
[INFO ][2015-12-15 17:16:34,170][com.java.TestType] [10353] - ?   P A S S   ?
[INFO ][2015-12-15 17:16:34,170][com.java.TestType] [10424] - Looping End......
[INFO ][2015-12-15 17:16:34,174][com.java.SeleniumDriver] [  894] -  RESULT true
[INFO ][2015-12-15 17:16:34,174][com.java.SeleniumDriver] [ 1100] - ?   P A S S   ?
[INFO ][2015-12-15 17:16:34,174][com.java.SeleniumDriver] [  821] - ------------------------------------------
[INFO ][2015-12-15 17:16:34,174][com.java.SeleniumDriver] [  822] - Test case being Executed: 1
[INFO ][2015-12-15 17:16:34,174][com.java.SeleniumDriver] [  833] - Test step:2
[INFO ][2015-12-15 17:16:34,174][com.java.SeleniumDriver] [  845] - Datavalue is----------Concept#2:1-2
[INFO ][2015-12-15 17:16:34,174][com.java.SeleniumDriver] [  869] - DataField : test
[INFO ][2015-12-15 17:16:34,175][com.java.SeleniumDriver] [  871] - DataValue : Concept#2:1-2
[INFO ][2015-12-15 17:16:34,175][com.java.SeleniumDriver] [  877] - <In Set values of the page>
[INFO ][2015-12-15 17:16:34,175][com.java.SeleniumDriver] [  880] - {Data Fields & Data Values Exist}
[INFO ][2015-12-15 17:16:34,175][com.java.SeleniumDriver] [  882] - --------------------------setting values-----------------------------
[INFO ][2015-12-15 17:16:34,175][com.java.SeleniumDriver] [  885] - Action Type : ExecuteTestCase
[INFO ][2015-12-15 17:16:34,175][com.java.TestType] [  437] - The Concept sheet name is ---------- Concept
[INFO ][2015-12-15 17:16:34,175][com.java.TestType] [  440] - The Concept ID  is ---------- 2
[DEBUG][2015-12-15 17:16:34,175][com.java.TestType] [  444] - Steps being executted in the Concept are: 1:2
[INFO ][2015-12-15 17:16:34,176][com.java.TestType] [  451] - Test data details path ---------- D:\BankersDashboard\TestInputs\TestData.xls
[INFO ][2015-12-15 17:16:34,205][com.java.TestType] [  482] -  str(1) = 2
[INFO ][2015-12-15 17:16:34,206][com.java.TestType] [  485] - Test case Id is---2
[INFO ][2015-12-15 17:16:34,206][com.java.TestType] [  487] - 2
[INFO ][2015-12-15 17:16:34,206][com.java.TestType] [  482] -  str(2) = 1
[INFO ][2015-12-15 17:16:34,208][com.java.TestType] [  534] - row values are--------{1=com.java.Objects.TestDataDetails@1ff89c3}
[INFO ][2015-12-15 17:16:34,208][com.java.TestType] [  482] -  str(1) = 2
[INFO ][2015-12-15 17:16:34,208][com.java.TestType] [  485] - Test case Id is---2
[INFO ][2015-12-15 17:16:34,208][com.java.TestType] [  487] - 2
[INFO ][2015-12-15 17:16:34,208][com.java.TestType] [  482] -  str(2) = 2
[INFO ][2015-12-15 17:16:34,209][com.java.TestType] [  534] - row values are--------{1=com.java.Objects.TestDataDetails@1ff89c3, 2=com.java.Objects.TestDataDetails@c6dd79}
[INFO ][2015-12-15 17:16:34,209][com.java.TestType] [  482] -  str(1) = 2
[INFO ][2015-12-15 17:16:34,209][com.java.TestType] [  485] - Test case Id is---2
[INFO ][2015-12-15 17:16:34,209][com.java.TestType] [  487] - 2
[INFO ][2015-12-15 17:16:34,209][com.java.TestType] [  482] -  str(2) = 3
[INFO ][2015-12-15 17:16:34,210][com.java.TestType] [  534] - row values are--------{1=com.java.Objects.TestDataDetails@1ff89c3, 2=com.java.Objects.TestDataDetails@c6dd79, 3=com.java.Objects.TestDataDetails@10d7fa4}
[INFO ][2015-12-15 17:16:34,210][com.java.TestType] [10118] - Looping 1TCID = 2
[DEBUG][2015-12-15 17:16:34,210][com.java.TestType] [10159] - Concept ID:2 :: Step being Executed: 2::1
[INFO ][2015-12-15 17:16:34,210][com.java.TestType] [10197] - dataFields : BNK//select[@id='bank']
[DEBUG][2015-12-15 17:16:34,210][com.java.TestType] [10203] - <In Set values of the page>
[DEBUG][2015-12-15 17:16:34,211][com.java.TestType] [10208] - {Data Fields & Data Values Exist}
[INFO ][2015-12-15 17:16:34,211][com.java.TestType] [10214] - --------------------------setting values-----------------------------
[INFO ][2015-12-15 17:16:34,211][com.java.TestType] [10217] - Action Type : Select
[INFO ][2015-12-15 17:16:34,211][com.java.TestType] [ 5505] - value = PFC
[INFO ][2015-12-15 17:16:34,399][com.java.TestType] [10236] -  RESULT true
[INFO ][2015-12-15 17:16:34,399][com.java.TestType] [10353] - ?   P A S S   ?
[DEBUG][2015-12-15 17:16:34,400][com.java.TestType] [10159] - Concept ID:2 :: Step being Executed: 2::2
[INFO ][2015-12-15 17:16:34,400][com.java.TestType] [10197] - dataFields : LNKLogout
[DEBUG][2015-12-15 17:16:34,400][com.java.TestType] [10203] - <In Set values of the page>
[DEBUG][2015-12-15 17:16:34,400][com.java.TestType] [10208] - {Data Fields & Data Values Exist}
[INFO ][2015-12-15 17:16:34,400][com.java.TestType] [10214] - --------------------------setting values-----------------------------
[INFO ][2015-12-15 17:16:34,400][com.java.TestType] [10217] - Action Type : WaitTime
[DEBUG][2015-12-15 17:16:34,400][com.java.TestType] [ 5325] - sleepTime: 5000
[INFO ][2015-12-15 17:16:39,400][com.java.TestType] [10236] -  RESULT true
[INFO ][2015-12-15 17:16:39,400][com.java.TestType] [10353] - ?   P A S S   ?
[INFO ][2015-12-15 17:16:39,400][com.java.TestType] [10424] - Looping End......
[INFO ][2015-12-15 17:16:39,404][com.java.SeleniumDriver] [  894] -  RESULT true
[INFO ][2015-12-15 17:16:39,404][com.java.SeleniumDriver] [ 1100] - ?   P A S S   ?
[INFO ][2015-12-15 17:16:39,404][com.java.SeleniumDriver] [  821] - ------------------------------------------
[INFO ][2015-12-15 17:16:39,404][com.java.SeleniumDriver] [  822] - Test case being Executed: 1
[INFO ][2015-12-15 17:16:39,404][com.java.SeleniumDriver] [  833] - Test step:3
[INFO ][2015-12-15 17:16:39,404][com.java.SeleniumDriver] [  845] - Datavalue is----------2
[INFO ][2015-12-15 17:16:39,406][com.java.SeleniumDriver] [  869] - DataField : XPH//button[contains(text(),'Add Content')]
[INFO ][2015-12-15 17:16:39,406][com.java.SeleniumDriver] [  871] - DataValue : 2
[INFO ][2015-12-15 17:16:39,406][com.java.SeleniumDriver] [  877] - <In Set values of the page>
[INFO ][2015-12-15 17:16:39,406][com.java.SeleniumDriver] [  880] - {Data Fields & Data Values Exist}
[INFO ][2015-12-15 17:16:39,406][com.java.SeleniumDriver] [  882] - --------------------------setting values-----------------------------
[INFO ][2015-12-15 17:16:39,406][com.java.SeleniumDriver] [  885] - Action Type : WAITFORELEMENT
[INFO ][2015-12-15 17:16:39,441][com.java.SeleniumDriver] [  894] -  RESULT true
[INFO ][2015-12-15 17:16:39,441][com.java.SeleniumDriver] [ 1100] - ?   P A S S   ?
[DEBUG][2015-12-15 17:16:39,441][com.java.SeleniumDriver] [ 1212] - Case found
[DEBUG][2015-12-15 17:16:39,441][com.java.SeleniumDriver] [ 1217] - Incrementing ReportCounters[0]:1
[INFO ][2015-12-15 17:16:39,441][com.java.SeleniumDriver] [ 1236] - The results are-------------------[1, 1, Valid Login, Pass, , Tue Dec 15 17:16:34 IST 2015, 1, 2, Valid Login, Pass, , Tue Dec 15 17:16:39 IST 2015, 1, 3, Valid Login, Pass, , Tue Dec 15 17:16:39 IST 2015]
[INFO ][2015-12-15 17:16:39,441][com.java.SeleniumDriver] [ 1240] - End time is-------34 sec
[INFO ][2015-12-15 17:16:39,441][com.java.SeleniumDriver] [ 1241] - The results are-------------------[1, 1, Valid Login, Pass, , Tue Dec 15 17:16:34 IST 2015, 1, 2, Valid Login, Pass, , Tue Dec 15 17:16:39 IST 2015, 1, 3, Valid Login, Pass, , Tue Dec 15 17:16:39 IST 2015]
[DEBUG][2015-12-15 17:16:39,442][com.java.ImportnExport.ExportTestResultsExcel] [  222] - testResultPath = D:\BankersDashboard/TestReports/Test Results_BankersDashBoard_121515_171606_IE10_Bank of North Carolina.xls
[DEBUG][2015-12-15 17:16:39,442][com.java.ImportnExport.ExportTestResultsExcel] [  223] - browser is------------IE10
[DEBUG][2015-12-15 17:16:39,517][com.java.ImportnExport.ExportTestResultsExcel] [  270] - result.size() = 18
[DEBUG][2015-12-15 17:16:39,517][com.java.ImportnExport.ExportTestResultsExcel] [  274] - No of rows in sheet=1
[DEBUG][2015-12-15 17:16:39,518][com.java.ImportnExport.ExportTestResultsExcel] [  301] - ..in export..1
[DEBUG][2015-12-15 17:16:39,518][com.java.ImportnExport.ExportTestResultsExcel] [  301] - ..in export..Valid Login
[DEBUG][2015-12-15 17:16:39,518][com.java.ImportnExport.ExportTestResultsExcel] [  301] - ..in export..Pass
[DEBUG][2015-12-15 17:16:39,518][com.java.ImportnExport.ExportTestResultsExcel] [  301] - ..in export..
[DEBUG][2015-12-15 17:16:39,518][com.java.ImportnExport.ExportTestResultsExcel] [  301] - ..in export..Tue Dec 15 17:16:34 IST 2015
[INFO ][2015-12-15 17:16:39,519][com.java.SeleniumDriver] [ 1299] - out loop:0 size:2 TestCases:[1, 14] testcases:[1, 14]
[INFO ][2015-12-15 17:16:39,520][com.java.ImportnExport.ImportTestDataDetailsExcel] [   49] - test data details path===== D:\BankersDashboard\TestInputs\TestData.xls
[INFO ][2015-12-15 17:16:57,404][com.java.SeleniumDriver] [  821] - ------------------------------------------
[INFO ][2015-12-15 17:16:57,404][com.java.SeleniumDriver] [  822] - Test case being Executed: 14
[INFO ][2015-12-15 17:16:57,404][com.java.SeleniumDriver] [  833] - Test step:1
[INFO ][2015-12-15 17:16:57,404][com.java.SeleniumDriver] [  845] - Datavalue is----------Logout
[INFO ][2015-12-15 17:16:57,405][com.java.SeleniumDriver] [  869] - DataField : BTN
[INFO ][2015-12-15 17:16:57,405][com.java.SeleniumDriver] [  871] - DataValue : Logout
[INFO ][2015-12-15 17:16:57,405][com.java.SeleniumDriver] [  877] - <In Set values of the page>
[INFO ][2015-12-15 17:16:57,405][com.java.SeleniumDriver] [  880] - {Data Fields & Data Values Exist}
[INFO ][2015-12-15 17:16:57,405][com.java.SeleniumDriver] [  882] - --------------------------setting values-----------------------------
[INFO ][2015-12-15 17:16:57,405][com.java.SeleniumDriver] [  885] - Action Type : Verify
[INFO ][2015-12-15 17:16:57,405][com.java.TestType] [ 6804] - field= BTN value= Logout
[INFO ][2015-12-15 17:16:57,405][com.java.TestType] [ 5505] - value = Logout
[INFO ][2015-12-15 17:16:57,471][com.java.SeleniumDriver] [  894] -  RESULT true
[INFO ][2015-12-15 17:16:57,471][com.java.SeleniumDriver] [ 1100] - ?   P A S S   ?
[INFO ][2015-12-15 17:16:57,471][com.java.SeleniumDriver] [ 1142] - step change to 3
[INFO ][2015-12-15 17:16:57,471][com.java.SeleniumDriver] [  821] - ------------------------------------------
[INFO ][2015-12-15 17:16:57,471][com.java.SeleniumDriver] [  822] - Test case being Executed: 14
[INFO ][2015-12-15 17:16:57,471][com.java.SeleniumDriver] [  833] - Test step:3
[INFO ][2015-12-15 17:16:57,471][com.java.SeleniumDriver] [  845] - Datavalue is----------Concept#2:1-2
[INFO ][2015-12-15 17:16:57,471][com.java.SeleniumDriver] [  869] - DataField : test
[INFO ][2015-12-15 17:16:57,471][com.java.SeleniumDriver] [  871] - DataValue : Concept#2:1-2
[INFO ][2015-12-15 17:16:57,472][com.java.SeleniumDriver] [  877] - <In Set values of the page>
[INFO ][2015-12-15 17:16:57,472][com.java.SeleniumDriver] [  880] - {Data Fields & Data Values Exist}
[INFO ][2015-12-15 17:16:57,472][com.java.SeleniumDriver] [  882] - --------------------------setting values-----------------------------
[INFO ][2015-12-15 17:16:57,472][com.java.SeleniumDriver] [  885] - Action Type : ExecuteTestCase
[INFO ][2015-12-15 17:16:57,472][com.java.TestType] [  437] - The Concept sheet name is ---------- Concept
[INFO ][2015-12-15 17:16:57,472][com.java.TestType] [  440] - The Concept ID  is ---------- 2
[DEBUG][2015-12-15 17:16:57,472][com.java.TestType] [  444] - Steps being executted in the Concept are: 1:2
[INFO ][2015-12-15 17:16:57,472][com.java.TestType] [  451] - Test data details path ---------- D:\BankersDashboard\TestInputs\TestData.xls
[INFO ][2015-12-15 17:16:57,502][com.java.TestType] [  482] -  str(1) = 2
[INFO ][2015-12-15 17:16:57,502][com.java.TestType] [  485] - Test case Id is---2
[INFO ][2015-12-15 17:16:57,502][com.java.TestType] [  487] - 2
[INFO ][2015-12-15 17:16:57,502][com.java.TestType] [  482] -  str(2) = 1
[INFO ][2015-12-15 17:16:57,504][com.java.TestType] [  534] - row values are--------{1=com.java.Objects.TestDataDetails@57ac8e}
[INFO ][2015-12-15 17:16:57,504][com.java.TestType] [  482] -  str(1) = 2
[INFO ][2015-12-15 17:16:57,504][com.java.TestType] [  485] - Test case Id is---2
[INFO ][2015-12-15 17:16:57,504][com.java.TestType] [  487] - 2
[INFO ][2015-12-15 17:16:57,504][com.java.TestType] [  482] -  str(2) = 2
[INFO ][2015-12-15 17:16:57,505][com.java.TestType] [  534] - row values are--------{1=com.java.Objects.TestDataDetails@57ac8e, 2=com.java.Objects.TestDataDetails@6dacbe}
[INFO ][2015-12-15 17:16:57,505][com.java.TestType] [  482] -  str(1) = 2
[INFO ][2015-12-15 17:16:57,505][com.java.TestType] [  485] - Test case Id is---2
[INFO ][2015-12-15 17:16:57,505][com.java.TestType] [  487] - 2
[INFO ][2015-12-15 17:16:57,505][com.java.TestType] [  482] -  str(2) = 3
[INFO ][2015-12-15 17:16:57,506][com.java.TestType] [  534] - row values are--------{1=com.java.Objects.TestDataDetails@57ac8e, 2=com.java.Objects.TestDataDetails@6dacbe, 3=com.java.Objects.TestDataDetails@1f5689b}
[INFO ][2015-12-15 17:16:57,506][com.java.TestType] [10118] - Looping 1TCID = 2
[DEBUG][2015-12-15 17:16:57,506][com.java.TestType] [10159] - Concept ID:2 :: Step being Executed: 2::1
[INFO ][2015-12-15 17:16:57,506][com.java.TestType] [10197] - dataFields : BNK//select[@id='bank']
[DEBUG][2015-12-15 17:16:57,506][com.java.TestType] [10203] - <In Set values of the page>
[DEBUG][2015-12-15 17:16:57,506][com.java.TestType] [10208] - {Data Fields & Data Values Exist}
[INFO ][2015-12-15 17:16:57,506][com.java.TestType] [10214] - --------------------------setting values-----------------------------
[INFO ][2015-12-15 17:16:57,506][com.java.TestType] [10217] - Action Type : Select
[INFO ][2015-12-15 17:16:57,507][com.java.TestType] [ 5505] - value = PFC
[INFO ][2015-12-15 17:16:57,691][com.java.TestType] [10236] -  RESULT true
[INFO ][2015-12-15 17:16:57,691][com.java.TestType] [10353] - ?   P A S S   ?
[DEBUG][2015-12-15 17:16:57,691][com.java.TestType] [10159] - Concept ID:2 :: Step being Executed: 2::2
[INFO ][2015-12-15 17:16:57,691][com.java.TestType] [10197] - dataFields : LNKLogout
[DEBUG][2015-12-15 17:16:57,691][com.java.TestType] [10203] - <In Set values of the page>
[DEBUG][2015-12-15 17:16:57,691][com.java.TestType] [10208] - {Data Fields & Data Values Exist}
[INFO ][2015-12-15 17:16:57,691][com.java.TestType] [10214] - --------------------------setting values-----------------------------
[INFO ][2015-12-15 17:16:57,691][com.java.TestType] [10217] - Action Type : WaitTime
[DEBUG][2015-12-15 17:16:57,691][com.java.TestType] [ 5325] - sleepTime: 5000
[INFO ][2015-12-15 17:17:02,692][com.java.TestType] [10236] -  RESULT true
[INFO ][2015-12-15 17:17:02,692][com.java.TestType] [10353] - ?   P A S S   ?
[INFO ][2015-12-15 17:17:02,692][com.java.TestType] [10424] - Looping End......
[INFO ][2015-12-15 17:17:02,696][com.java.SeleniumDriver] [  894] -  RESULT true
[INFO ][2015-12-15 17:17:02,696][com.java.SeleniumDriver] [ 1100] - ?   P A S S   ?
[INFO ][2015-12-15 17:17:02,696][com.java.SeleniumDriver] [  821] - ------------------------------------------
[INFO ][2015-12-15 17:17:02,696][com.java.SeleniumDriver] [  822] - Test case being Executed: 14
[INFO ][2015-12-15 17:17:02,696][com.java.SeleniumDriver] [  833] - Test step:4
[INFO ][2015-12-15 17:17:02,696][com.java.SeleniumDriver] [  845] - Datavalue is----------Concept#7:1-36
[INFO ][2015-12-15 17:17:02,696][com.java.SeleniumDriver] [  869] - DataField : test
[INFO ][2015-12-15 17:17:02,696][com.java.SeleniumDriver] [  871] - DataValue : Concept#7:1-36
[INFO ][2015-12-15 17:17:02,696][com.java.SeleniumDriver] [  877] - <In Set values of the page>
[INFO ][2015-12-15 17:17:02,696][com.java.SeleniumDriver] [  880] - {Data Fields & Data Values Exist}
[INFO ][2015-12-15 17:17:02,697][com.java.SeleniumDriver] [  882] - --------------------------setting values-----------------------------
[INFO ][2015-12-15 17:17:02,697][com.java.SeleniumDriver] [  885] - Action Type : ExecuteTestCase
[INFO ][2015-12-15 17:17:02,697][com.java.TestType] [  437] - The Concept sheet name is ---------- Concept
[INFO ][2015-12-15 17:17:02,697][com.java.TestType] [  440] - The Concept ID  is ---------- 7
[DEBUG][2015-12-15 17:17:02,697][com.java.TestType] [  444] - Steps being executted in the Concept are: 1:36
[INFO ][2015-12-15 17:17:02,697][com.java.TestType] [  451] - Test data details path ---------- D:\BankersDashboard\TestInputs\TestData.xls
[INFO ][2015-12-15 17:17:02,735][com.java.TestType] [  482] -  str(1) = 7
[INFO ][2015-12-15 17:17:02,735][com.java.TestType] [  485] - Test case Id is---7
[INFO ][2015-12-15 17:17:02,735][com.java.TestType] [  487] - 7
[INFO ][2015-12-15 17:17:02,735][com.java.TestType] [  482] -  str(2) = 1
[INFO ][2015-12-15 17:17:02,736][com.java.TestType] [  534] - row values are--------{1=com.java.Objects.TestDataDetails@f45d1}
[INFO ][2015-12-15 17:17:02,736][com.java.TestType] [  482] -  str(1) = 7
[INFO ][2015-12-15 17:17:02,736][com.java.TestType] [  485] - Test case Id is---7
[INFO ][2015-12-15 17:17:02,736][com.java.TestType] [  487] - 7
[INFO ][2015-12-15 17:17:02,737][com.java.TestType] [  482] -  str(2) = 2
[INFO ][2015-12-15 17:17:02,737][com.java.TestType] [  534] - row values are--------{1=com.java.Objects.TestDataDetails@f45d1, 2=com.java.Objects.TestDataDetails@1c11ce0}
[INFO ][2015-12-15 17:17:02,737][com.java.TestType] [  482] -  str(1) = 7
[INFO ][2015-12-15 17:17:02,737][com.java.TestType] [  485] - Test case Id is---7
[INFO ][2015-12-15 17:17:02,737][com.java.TestType] [  487] - 7
[INFO ][2015-12-15 17:17:02,737][com.java.TestType] [  482] -  str(2) = 3
[INFO ][2015-12-15 17:17:02,738][com.java.TestType] [  534] - row values are--------{1=com.java.Objects.TestDataDetails@f45d1, 2=com.java.Objects.TestDataDetails@1c11ce0, 3=com.java.Objects.TestDataDetails@19a3769}
[INFO ][2015-12-15 17:17:02,738][com.java.TestType] [  482] -  str(1) = 7
[INFO ][2015-12-15 17:17:02,738][com.java.TestType] [  485] - Test case Id is---7
[INFO ][2015-12-15 17:17:02,738][com.java.TestType] [  487] - 7
[INFO ][2015-12-15 17:17:02,738][com.java.TestType] [  482] -  str(2) = 4
[INFO ][2015-12-15 17:17:02,739][com.java.TestType] [  534] - row values are--------{1=com.java.Objects.TestDataDetails@f45d1, 2=com.java.Objects.TestDataDetails@1c11ce0, 3=com.java.Objects.TestDataDetails@19a3769, 4=com.java.Objects.TestDataDetails@3af3cb}
[INFO ][2015-12-15 17:17:02,739][com.java.TestType] [  482] -  str(1) = 7
[INFO ][2015-12-15 17:17:02,739][com.java.TestType] [  485] - Test case Id is---7
[INFO ][2015-12-15 17:17:02,739][com.java.TestType] [  487] - 7
[INFO ][2015-12-15 17:17:02,739][com.java.TestType] [  482] -  str(2) = 5
[INFO ][2015-12-15 17:17:02,740][com.java.TestType] [  534] - row values are--------{1=com.java.Objects.TestDataDetails@f45d1, 2=com.java.Objects.TestDataDetails@1c11ce0, 3=com.java.Objects.TestDataDetails@19a3769, 4=com.java.Objects.TestDataDetails@3af3cb, 5=com.java.Objects.TestDataDetails@109d85b}
[INFO ][2015-12-15 17:17:02,740][com.java.TestType] [  482] -  str(1) = 7
[INFO ][2015-12-15 17:17:02,740][com.java.TestType] [  485] - Test case Id is---7
[INFO ][2015-12-15 17:17:02,740][com.java.TestType] [  487] - 7
[INFO ][2015-12-15 17:17:02,740][com.java.TestType] [  482] -  str(2) = 6
[INFO ][2015-12-15 17:17:02,741][com.java.TestType] [  534] - row values are--------{1=com.java.Objects.TestDataDetails@f45d1, 2=com.java.Objects.TestDataDetails@1c11ce0, 3=com.java.Objects.TestDataDetails@19a3769, 4=com.java.Objects.TestDataDetails@3af3cb, 5=com.java.Objects.TestDataDetails@109d85b, 6=com.java.Objects.TestDataDetails@be4377}
[INFO ][2015-12-15 17:17:02,741][com.java.TestType] [  482] -  str(1) = 7
[INFO ][2015-12-15 17:17:02,741][com.java.TestType] [  485] - Test case Id is---7
[INFO ][2015-12-15 17:17:02,741][com.java.TestType] [  487] - 7
[INFO ][2015-12-15 17:17:02,741][com.java.TestType] [  482] -  str(2) = 7
[INFO ][2015-12-15 17:17:02,742][com.java.TestType] [  534] - row values are--------{1=com.java.Objects.TestDataDetails@f45d1, 2=com.java.Objects.TestDataDetails@1c11ce0, 3=com.java.Objects.TestDataDetails@19a3769, 4=com.java.Objects.TestDataDetails@3af3cb, 5=com.java.Objects.TestDataDetails@109d85b, 6=com.java.Objects.TestDataDetails@be4377, 7=com.java.Objects.TestDataDetails@1e04ee8}
[INFO ][2015-12-15 17:17:02,742][com.java.TestType] [  482] -  str(1) = 7
[INFO ][2015-12-15 17:17:02,742][com.java.TestType] [  485] - Test case Id is---7
[INFO ][2015-12-15 17:17:02,742][com.java.TestType] [  487] - 7
[INFO ][2015-12-15 17:17:02,743][com.java.TestType] [  482] -  str(2) = 8
[INFO ][2015-12-15 17:17:02,743][com.java.TestType] [  534] - row values are--------{1=com.java.Objects.TestDataDetails@f45d1, 2=com.java.Objects.TestDataDetails@1c11ce0, 3=com.java.Objects.TestDataDetails@19a3769, 4=com.java.Objects.TestDataDetails@3af3cb, 5=com.java.Objects.TestDataDetails@109d85b, 6=com.java.Objects.TestDataDetails@be4377, 7=com.java.Objects.TestDataDetails@1e04ee8, 8=com.java.Objects.TestDataDetails@11ae5c1}
[INFO ][2015-12-15 17:17:02,744][com.java.TestType] [  482] -  str(1) = 7
[INFO ][2015-12-15 17:17:02,744][com.java.TestType] [  485] - Test case Id is---7
[INFO ][2015-12-15 17:17:02,744][com.java.TestType] [  487] - 7
[INFO ][2015-12-15 17:17:02,744][com.java.TestType] [  482] -  str(2) = 9
[INFO ][2015-12-15 17:17:02,744][com.java.TestType] [  534] - row values are--------{1=com.java.Objects.TestDataDetails@f45d1, 2=com.java.Objects.TestDataDetails@1c11ce0, 3=com.java.Objects.TestDataDetails@19a3769, 4=com.java.Objects.TestDataDetails@3af3cb, 5=com.java.Objects.TestDataDetails@109d85b, 6=com.java.Objects.TestDataDetails@be4377, 7=com.java.Objects.TestDataDetails@1e04ee8, 8=com.java.Objects.TestDataDetails@11ae5c1, 9=com.java.Objects.TestDataDetails@72ee46}
[INFO ][2015-12-15 17:17:02,745][com.java.TestType] [  482] -  str(1) = 7
[INFO ][2015-12-15 17:17:02,745][com.java.TestType] [  485] - Test case Id is---7
[INFO ][2015-12-15 17:17:02,745][com.java.TestType] [  487] - 7
[INFO ][2015-12-15 17:17:02,745][com.java.TestType] [  482] -  str(2) = 10
[INFO ][2015-12-15 17:17:02,745][com.java.TestType] [  534] - row values are--------{1=com.java.Objects.TestDataDetails@f45d1, 2=com.java.Objects.TestDataDetails@1c11ce0, 3=com.java.Objects.TestDataDetails@19a3769, 4=com.java.Objects.TestDataDetails@3af3cb, 5=com.java.Objects.TestDataDetails@109d85b, 6=com.java.Objects.TestDataDetails@be4377, 7=com.java.Objects.TestDataDetails@1e04ee8, 8=com.java.Objects.TestDataDetails@11ae5c1, 9=com.java.Objects.TestDataDetails@72ee46, 10=com.java.Objects.TestDataDetails@1b3a360}
[INFO ][2015-12-15 17:17:02,745][com.java.TestType] [  482] -  str(1) = 7
[INFO ][2015-12-15 17:17:02,746][com.java.TestType] [  485] - Test case Id is---7
[INFO ][2015-12-15 17:17:02,746][com.java.TestType] [  487] - 7
[INFO ][2015-12-15 17:17:02,746][com.java.TestType] [  482] -  str(2) = 11
[INFO ][2015-12-15 17:17:02,746][com.java.TestType] [  534] - row values are--------{1=com.java.Objects.TestDataDetails@f45d1, 2=com.java.Objects.TestDataDetails@1c11ce0, 3=com.java.Objects.TestDataDetails@19a3769, 4=com.java.Objects.TestDataDetails@3af3cb, 5=com.java.Objects.TestDataDetails@109d85b, 6=com.java.Objects.TestDataDetails@be4377, 7=com.java.Objects.TestDataDetails@1e04ee8, 8=com.java.Objects.TestDataDetails@11ae5c1, 9=com.java.Objects.TestDataDetails@72ee46, 10=com.java.Objects.TestDataDetails@1b3a360, 11=com.java.Objects.TestDataDetails@1daa121}
[INFO ][2015-12-15 17:17:02,746][com.java.TestType] [  482] -  str(1) = 7
[INFO ][2015-12-15 17:17:02,746][com.java.TestType] [  485] - Test case Id is---7
[INFO ][2015-12-15 17:17:02,747][com.java.TestType] [  487] - 7
[INFO ][2015-12-15 17:17:02,747][com.java.TestType] [  482] -  str(2) = 12
[INFO ][2015-12-15 17:17:02,747][com.java.TestType] [  534] - row values are--------{1=com.java.Objects.TestDataDetails@f45d1, 2=com.java.Objects.TestDataDetails@1c11ce0, 3=com.java.Objects.TestDataDetails@19a3769, 4=com.java.Objects.TestDataDetails@3af3cb, 5=com.java.Objects.TestDataDetails@109d85b, 6=com.java.Objects.TestDataDetails@be4377, 7=com.java.Objects.TestDataDetails@1e04ee8, 8=com.java.Objects.TestDataDetails@11ae5c1, 9=com.java.Objects.TestDataDetails@72ee46, 10=com.java.Objects.TestDataDetails@1b3a360, 11=com.java.Objects.TestDataDetails@1daa121, 12=com.java.Objects.TestDataDetails@1b7e7e1}
[INFO ][2015-12-15 17:17:02,747][com.java.TestType] [  482] -  str(1) = 7
[INFO ][2015-12-15 17:17:02,747][com.java.TestType] [  485] - Test case Id is---7
[INFO ][2015-12-15 17:17:02,748][com.java.TestType] [  487] - 7
[INFO ][2015-12-15 17:17:02,748][com.java.TestType] [  482] -  str(2) = 13
[INFO ][2015-12-15 17:17:02,748][com.java.TestType] [  534] - row values are--------{1=com.java.Objects.TestDataDetails@f45d1, 2=com.java.Objects.TestDataDetails@1c11ce0, 3=com.java.Objects.TestDataDetails@19a3769, 4=com.java.Objects.TestDataDetails@3af3cb, 5=com.java.Objects.TestDataDetails@109d85b, 6=com.java.Objects.TestDataDetails@be4377, 7=com.java.Objects.TestDataDetails@1e04ee8, 8=com.java.Objects.TestDataDetails@11ae5c1, 9=com.java.Objects.TestDataDetails@72ee46, 10=com.java.Objects.TestDataDetails@1b3a360, 11=com.java.Objects.TestDataDetails@1daa121, 12=com.java.Objects.TestDataDetails@1b7e7e1, 13=com.java.Objects.TestDataDetails@7a7880}
[INFO ][2015-12-15 17:17:02,748][com.java.TestType] [  482] -  str(1) = 7
[INFO ][2015-12-15 17:17:02,748][com.java.TestType] [  485] - Test case Id is---7
[INFO ][2015-12-15 17:17:02,748][com.java.TestType] [  487] - 7
[INFO ][2015-12-15 17:17:02,749][com.java.TestType] [  482] -  str(2) = 14
[INFO ][2015-12-15 17:17:02,749][com.java.TestType] [  534] - row values are--------{1=com.java.Objects.TestDataDetails@f45d1, 2=com.java.Objects.TestDataDetails@1c11ce0, 3=com.java.Objects.TestDataDetails@19a3769, 4=com.java.Objects.TestDataDetails@3af3cb, 5=com.java.Objects.TestDataDetails@109d85b, 6=com.java.Objects.TestDataDetails@be4377, 7=com.java.Objects.TestDataDetails@1e04ee8, 8=com.java.Objects.TestDataDetails@11ae5c1, 9=com.java.Objects.TestDataDetails@72ee46, 10=com.java.Objects.TestDataDetails@1b3a360, 11=com.java.Objects.TestDataDetails@1daa121, 12=com.java.Objects.TestDataDetails@1b7e7e1, 13=com.java.Objects.TestDataDetails@7a7880, 14=com.java.Objects.TestDataDetails@1ca747e}
[INFO ][2015-12-15 17:17:02,749][com.java.TestType] [  482] -  str(1) = 7
[INFO ][2015-12-15 17:17:02,749][com.java.TestType] [  485] - Test case Id is---7
[INFO ][2015-12-15 17:17:02,749][com.java.TestType] [  487] - 7
[INFO ][2015-12-15 17:17:02,749][com.java.TestType] [  482] -  str(2) = 15
[INFO ][2015-12-15 17:17:02,750][com.java.TestType] [  534] - row values are--------{1=com.java.Objects.TestDataDetails@f45d1, 2=com.java.Objects.TestDataDetails@1c11ce0, 3=com.java.Objects.TestDataDetails@19a3769, 4=com.java.Objects.TestDataDetails@3af3cb, 5=com.java.Objects.TestDataDetails@109d85b, 6=com.java.Objects.TestDataDetails@be4377, 7=com.java.Objects.TestDataDetails@1e04ee8, 8=com.java.Objects.TestDataDetails@11ae5c1, 9=com.java.Objects.TestDataDetails@72ee46, 10=com.java.Objects.TestDataDetails@1b3a360, 11=com.java.Objects.TestDataDetails@1daa121, 12=com.java.Objects.TestDataDetails@1b7e7e1, 13=com.java.Objects.TestDataDetails@7a7880, 14=com.java.Objects.TestDataDetails@1ca747e, 15=com.java.Objects.TestDataDetails@c92718}
[INFO ][2015-12-15 17:17:02,750][com.java.TestType] [  482] -  str(1) = 7
[INFO ][2015-12-15 17:17:02,750][com.java.TestType] [  485] - Test case Id is---7
[INFO ][2015-12-15 17:17:02,751][com.java.TestType] [  487] - 7
[INFO ][2015-12-15 17:17:02,751][com.java.TestType] [  482] -  str(2) = 16
[INFO ][2015-12-15 17:17:02,752][com.java.TestType] [  534] - row values are--------{1=com.java.Objects.TestDataDetails@f45d1, 2=com.java.Objects.TestDataDetails@1c11ce0, 3=com.java.Objects.TestDataDetails@19a3769, 4=com.java.Objects.TestDataDetails@3af3cb, 5=com.java.Objects.TestDataDetails@109d85b, 6=com.java.Objects.TestDataDetails@be4377, 7=com.java.Objects.TestDataDetails@1e04ee8, 8=com.java.Objects.TestDataDetails@11ae5c1, 9=com.java.Objects.TestDataDetails@72ee46, 10=com.java.Objects.TestDataDetails@1b3a360, 11=com.java.Objects.TestDataDetails@1daa121, 12=com.java.Objects.TestDataDetails@1b7e7e1, 13=com.java.Objects.TestDataDetails@7a7880, 14=com.java.Objects.TestDataDetails@1ca747e, 15=com.java.Objects.TestDataDetails@c92718, 16=com.java.Objects.TestDataDetails@64f966}
[INFO ][2015-12-15 17:17:02,752][com.java.TestType] [  482] -  str(1) = 7
[INFO ][2015-12-15 17:17:02,752][com.java.TestType] [  485] - Test case Id is---7
[INFO ][2015-12-15 17:17:02,752][com.java.TestType] [  487] - 7
[INFO ][2015-12-15 17:17:02,752][com.java.TestType] [  482] -  str(2) = 17
[INFO ][2015-12-15 17:17:02,753][com.java.TestType] [  534] - row values are--------{1=com.java.Objects.TestDataDetails@f45d1, 2=com.java.Objects.TestDataDetails@1c11ce0, 3=com.java.Objects.TestDataDetails@19a3769, 4=com.java.Objects.TestDataDetails@3af3cb, 5=com.java.Objects.TestDataDetails@109d85b, 6=com.java.Objects.TestDataDetails@be4377, 7=com.java.Objects.TestDataDetails@1e04ee8, 8=com.java.Objects.TestDataDetails@11ae5c1, 9=com.java.Objects.TestDataDetails@72ee46, 10=com.java.Objects.TestDataDetails@1b3a360, 11=com.java.Objects.TestDataDetails@1daa121, 12=com.java.Objects.TestDataDetails@1b7e7e1, 13=com.java.Objects.TestDataDetails@7a7880, 14=com.java.Objects.TestDataDetails@1ca747e, 15=com.java.Objects.TestDataDetails@c92718, 17=com.java.Objects.TestDataDetails@9e067c, 16=com.java.Objects.TestDataDetails@64f966}
[INFO ][2015-12-15 17:17:02,753][com.java.TestType] [  482] -  str(1) = 7
[INFO ][2015-12-15 17:17:02,753][com.java.TestType] [  485] - Test case Id is---7
[INFO ][2015-12-15 17:17:02,753][com.java.TestType] [  487] - 7
[INFO ][2015-12-15 17:17:02,753][com.java.TestType] [  482] -  str(2) = 18
[INFO ][2015-12-15 17:17:02,754][com.java.TestType] [  534] - row values are--------{1=com.java.Objects.TestDataDetails@f45d1, 2=com.java.Objects.TestDataDetails@1c11ce0, 3=com.java.Objects.TestDataDetails@19a3769, 4=com.java.Objects.TestDataDetails@3af3cb, 5=com.java.Objects.TestDataDetails@109d85b, 6=com.java.Objects.TestDataDetails@be4377, 7=com.java.Objects.TestDataDetails@1e04ee8, 8=com.java.Objects.TestDataDetails@11ae5c1, 9=com.java.Objects.TestDataDetails@72ee46, 10=com.java.Objects.TestDataDetails@1b3a360, 11=com.java.Objects.TestDataDetails@1daa121, 12=com.java.Objects.TestDataDetails@1b7e7e1, 13=com.java.Objects.TestDataDetails@7a7880, 14=com.java.Objects.TestDataDetails@1ca747e, 15=com.java.Objects.TestDataDetails@c92718, 17=com.java.Objects.TestDataDetails@9e067c, 16=com.java.Objects.TestDataDetails@64f966, 18=com.java.Objects.TestDataDetails@1ab0b5a}
[INFO ][2015-12-15 17:17:02,754][com.java.TestType] [  482] -  str(1) = 7
[INFO ][2015-12-15 17:17:02,754][com.java.TestType] [  485] - Test case Id is---7
[INFO ][2015-12-15 17:17:02,754][com.java.TestType] [  487] - 7
[INFO ][2015-12-15 17:17:02,754][com.java.TestType] [  482] -  str(2) = 19
[INFO ][2015-12-15 17:17:02,755][com.java.TestType] [  534] - row values are--------{1=com.java.Objects.TestDataDetails@f45d1, 2=com.java.Objects.TestDataDetails@1c11ce0, 3=com.java.Objects.TestDataDetails@19a3769, 4=com.java.Objects.TestDataDetails@3af3cb, 5=com.java.Objects.TestDataDetails@109d85b, 6=com.java.Objects.TestDataDetails@be4377, 7=com.java.Objects.TestDataDetails@1e04ee8, 8=com.java.Objects.TestDataDetails@11ae5c1, 9=com.java.Objects.TestDataDetails@72ee46, 10=com.java.Objects.TestDataDetails@1b3a360, 11=com.java.Objects.TestDataDetails@1daa121, 12=com.java.Objects.TestDataDetails@1b7e7e1, 13=com.java.Objects.TestDataDetails@7a7880, 14=com.java.Objects.TestDataDetails@1ca747e, 15=com.java.Objects.TestDataDetails@c92718, 17=com.java.Objects.TestDataDetails@9e067c, 16=com.java.Objects.TestDataDetails@64f966, 19=com.java.Objects.TestDataDetails@781ecc, 18=com.java.Objects.TestDataDetails@1ab0b5a}
[INFO ][2015-12-15 17:17:02,755][com.java.TestType] [  482] -  str(1) = 7
[INFO ][2015-12-15 17:17:02,755][com.java.TestType] [  485] - Test case Id is---7
[INFO ][2015-12-15 17:17:02,755][com.java.TestType] [  487] - 7
[INFO ][2015-12-15 17:17:02,755][com.java.TestType] [  482] -  str(2) = 20
[INFO ][2015-12-15 17:17:02,756][com.java.TestType] [  534] - row values are--------{1=com.java.Objects.TestDataDetails@f45d1, 2=com.java.Objects.TestDataDetails@1c11ce0, 3=com.java.Objects.TestDataDetails@19a3769, 4=com.java.Objects.TestDataDetails@3af3cb, 5=com.java.Objects.TestDataDetails@109d85b, 6=com.java.Objects.TestDataDetails@be4377, 7=com.java.Objects.TestDataDetails@1e04ee8, 8=com.java.Objects.TestDataDetails@11ae5c1, 9=com.java.Objects.TestDataDetails@72ee46, 10=com.java.Objects.TestDataDetails@1b3a360, 11=com.java.Objects.TestDataDetails@1daa121, 12=com.java.Objects.TestDataDetails@1b7e7e1, 13=com.java.Objects.TestDataDetails@7a7880, 14=com.java.Objects.TestDataDetails@1ca747e, 15=com.java.Objects.TestDataDetails@c92718, 17=com.java.Objects.TestDataDetails@9e067c, 16=com.java.Objects.TestDataDetails@64f966, 19=com.java.Objects.TestDataDetails@781ecc, 18=com.java.Objects.TestDataDetails@1ab0b5a, 20=com.java.Objects.TestDataDetails@109f88f}
[INFO ][2015-12-15 17:17:02,756][com.java.TestType] [  482] -  str(1) = 7
[INFO ][2015-12-15 17:17:02,756][com.java.TestType] [  485] - Test case Id is---7
[INFO ][2015-12-15 17:17:02,756][com.java.TestType] [  487] - 7
[INFO ][2015-12-15 17:17:02,756][com.java.TestType] [  482] -  str(2) = 21
[INFO ][2015-12-15 17:17:02,757][com.java.TestType] [  534] - row values are--------{1=com.java.Objects.TestDataDetails@f45d1, 2=com.java.Objects.TestDataDetails@1c11ce0, 3=com.java.Objects.TestDataDetails@19a3769, 4=com.java.Objects.TestDataDetails@3af3cb, 5=com.java.Objects.TestDataDetails@109d85b, 6=com.java.Objects.TestDataDetails@be4377, 7=com.java.Objects.TestDataDetails@1e04ee8, 8=com.java.Objects.TestDataDetails@11ae5c1, 9=com.java.Objects.TestDataDetails@72ee46, 10=com.java.Objects.TestDataDetails@1b3a360, 11=com.java.Objects.TestDataDetails@1daa121, 12=com.java.Objects.TestDataDetails@1b7e7e1, 13=com.java.Objects.TestDataDetails@7a7880, 14=com.java.Objects.TestDataDetails@1ca747e, 15=com.java.Objects.TestDataDetails@c92718, 17=com.java.Objects.TestDataDetails@9e067c, 16=com.java.Objects.TestDataDetails@64f966, 19=com.java.Objects.TestDataDetails@781ecc, 18=com.java.Objects.TestDataDetails@1ab0b5a, 21=com.java.Objects.TestDataDetails@14b320d, 20=com.java.Objects.TestDataDetails@109f88f}
[INFO ][2015-12-15 17:17:02,757][com.java.TestType] [  482] -  str(1) = 7
[INFO ][2015-12-15 17:17:02,757][com.java.TestType] [  485] - Test case Id is---7
[INFO ][2015-12-15 17:17:02,757][com.java.TestType] [  487] - 7
[INFO ][2015-12-15 17:17:02,757][com.java.TestType] [  482] -  str(2) = 22
[INFO ][2015-12-15 17:17:02,758][com.java.TestType] [  534] - row values are--------{1=com.java.Objects.TestDataDetails@f45d1, 2=com.java.Objects.TestDataDetails@1c11ce0, 3=com.java.Objects.TestDataDetails@19a3769, 4=com.java.Objects.TestDataDetails@3af3cb, 5=com.java.Objects.TestDataDetails@109d85b, 6=com.java.Objects.TestDataDetails@be4377, 7=com.java.Objects.TestDataDetails@1e04ee8, 8=com.java.Objects.TestDataDetails@11ae5c1, 9=com.java.Objects.TestDataDetails@72ee46, 10=com.java.Objects.TestDataDetails@1b3a360, 11=com.java.Objects.TestDataDetails@1daa121, 12=com.java.Objects.TestDataDetails@1b7e7e1, 13=com.java.Objects.TestDataDetails@7a7880, 14=com.java.Objects.TestDataDetails@1ca747e, 15=com.java.Objects.TestDataDetails@c92718, 17=com.java.Objects.TestDataDetails@9e067c, 16=com.java.Objects.TestDataDetails@64f966, 19=com.java.Objects.TestDataDetails@781ecc, 18=com.java.Objects.TestDataDetails@1ab0b5a, 21=com.java.Objects.TestDataDetails@14b320d, 20=com.java.Objects.TestDataDetails@109f88f, 22=com.java.Objects.TestDataDetails@1758c30}
[INFO ][2015-12-15 17:17:02,758][com.java.TestType] [  482] -  str(1) = 7
[INFO ][2015-12-15 17:17:02,758][com.java.TestType] [  485] - Test case Id is---7
[INFO ][2015-12-15 17:17:02,758][com.java.TestType] [  487] - 7
[INFO ][2015-12-15 17:17:02,758][com.java.TestType] [  482] -  str(2) = 23
[INFO ][2015-12-15 17:17:02,760][com.java.TestType] [  534] - row values are--------{1=com.java.Objects.TestDataDetails@f45d1, 2=com.java.Objects.TestDataDetails@1c11ce0, 3=com.java.Objects.TestDataDetails@19a3769, 4=com.java.Objects.TestDataDetails@3af3cb, 5=com.java.Objects.TestDataDetails@109d85b, 6=com.java.Objects.TestDataDetails@be4377, 7=com.java.Objects.TestDataDetails@1e04ee8, 8=com.java.Objects.TestDataDetails@11ae5c1, 9=com.java.Objects.TestDataDetails@72ee46, 10=com.java.Objects.TestDataDetails@1b3a360, 11=com.java.Objects.TestDataDetails@1daa121, 12=com.java.Objects.TestDataDetails@1b7e7e1, 13=com.java.Objects.TestDataDetails@7a7880, 14=com.java.Objects.TestDataDetails@1ca747e, 15=com.java.Objects.TestDataDetails@c92718, 17=com.java.Objects.TestDataDetails@9e067c, 16=com.java.Objects.TestDataDetails@64f966, 19=com.java.Objects.TestDataDetails@781ecc, 18=com.java.Objects.TestDataDetails@1ab0b5a, 21=com.java.Objects.TestDataDetails@14b320d, 20=com.java.Objects.TestDataDetails@109f88f, 23=com.java.Objects.TestDataDetails@1bc21b2, 22=com.java.Objects.TestDataDetails@1758c30}
[INFO ][2015-12-15 17:17:02,760][com.java.TestType] [  482] -  str(1) = 7
[INFO ][2015-12-15 17:17:02,760][com.java.TestType] [  485] - Test case Id is---7
[INFO ][2015-12-15 17:17:02,760][com.java.TestType] [  487] - 7
[INFO ][2015-12-15 17:17:02,760][com.java.TestType] [  482] -  str(2) = 24
[INFO ][2015-12-15 17:17:02,761][com.java.TestType] [  534] - row values are--------{1=com.java.Objects.TestDataDetails@f45d1, 2=com.java.Objects.TestDataDetails@1c11ce0, 3=com.java.Objects.TestDataDetails@19a3769, 4=com.java.Objects.TestDataDetails@3af3cb, 5=com.java.Objects.TestDataDetails@109d85b, 6=com.java.Objects.TestDataDetails@be4377, 7=com.java.Objects.TestDataDetails@1e04ee8, 8=com.java.Objects.TestDataDetails@11ae5c1, 9=com.java.Objects.TestDataDetails@72ee46, 10=com.java.Objects.TestDataDetails@1b3a360, 11=com.java.Objects.TestDataDetails@1daa121, 12=com.java.Objects.TestDataDetails@1b7e7e1, 13=com.java.Objects.TestDataDetails@7a7880, 14=com.java.Objects.TestDataDetails@1ca747e, 15=com.java.Objects.TestDataDetails@c92718, 17=com.java.Objects.TestDataDetails@9e067c, 16=com.java.Objects.TestDataDetails@64f966, 19=com.java.Objects.TestDataDetails@781ecc, 18=com.java.Objects.TestDataDetails@1ab0b5a, 21=com.java.Objects.TestDataDetails@14b320d, 20=com.java.Objects.TestDataDetails@109f88f, 23=com.java.Objects.TestDataDetails@1bc21b2, 22=com.java.Objects.TestDataDetails@1758c30, 24=com.java.Objects.TestDataDetails@5e1377}
[INFO ][2015-12-15 17:17:02,761][com.java.TestType] [  482] -  str(1) = 7
[INFO ][2015-12-15 17:17:02,761][com.java.TestType] [  485] - Test case Id is---7
[INFO ][2015-12-15 17:17:02,761][com.java.TestType] [  487] - 7
[INFO ][2015-12-15 17:17:02,761][com.java.TestType] [  482] -  str(2) = 25
[INFO ][2015-12-15 17:17:02,762][com.java.TestType] [  534] - row values are--------{1=com.java.Objects.TestDataDetails@f45d1, 2=com.java.Objects.TestDataDetails@1c11ce0, 3=com.java.Objects.TestDataDetails@19a3769, 4=com.java.Objects.TestDataDetails@3af3cb, 5=com.java.Objects.TestDataDetails@109d85b, 6=com.java.Objects.TestDataDetails@be4377, 7=com.java.Objects.TestDataDetails@1e04ee8, 8=com.java.Objects.TestDataDetails@11ae5c1, 9=com.java.Objects.TestDataDetails@72ee46, 10=com.java.Objects.TestDataDetails@1b3a360, 11=com.java.Objects.TestDataDetails@1daa121, 12=com.java.Objects.TestDataDetails@1b7e7e1, 13=com.java.Objects.TestDataDetails@7a7880, 14=com.java.Objects.TestDataDetails@1ca747e, 15=com.java.Objects.TestDataDetails@c92718, 17=com.java.Objects.TestDataDetails@9e067c, 16=com.java.Objects.TestDataDetails@64f966, 19=com.java.Objects.TestDataDetails@781ecc, 18=com.java.Objects.TestDataDetails@1ab0b5a, 21=com.java.Objects.TestDataDetails@14b320d, 20=com.java.Objects.TestDataDetails@109f88f, 23=com.java.Objects.TestDataDetails@1bc21b2, 22=com.java.Objects.TestDataDetails@1758c30, 25=com.java.Objects.TestDataDetails@44e3e9, 24=com.java.Objects.TestDataDetails@5e1377}
[INFO ][2015-12-15 17:17:02,762][com.java.TestType] [  482] -  str(1) = 7
[INFO ][2015-12-15 17:17:02,762][com.java.TestType] [  485] - Test case Id is---7
[INFO ][2015-12-15 17:17:02,762][com.java.TestType] [  487] - 7
[INFO ][2015-12-15 17:17:02,762][com.java.TestType] [  482] -  str(2) = 26
[INFO ][2015-12-15 17:17:02,763][com.java.TestType] [  534] - row values are--------{1=com.java.Objects.TestDataDetails@f45d1, 2=com.java.Objects.TestDataDetails@1c11ce0, 3=com.java.Objects.TestDataDetails@19a3769, 4=com.java.Objects.TestDataDetails@3af3cb, 5=com.java.Objects.TestDataDetails@109d85b, 6=com.java.Objects.TestDataDetails@be4377, 7=com.java.Objects.TestDataDetails@1e04ee8, 8=com.java.Objects.TestDataDetails@11ae5c1, 9=com.java.Objects.TestDataDetails@72ee46, 10=com.java.Objects.TestDataDetails@1b3a360, 11=com.java.Objects.TestDataDetails@1daa121, 12=com.java.Objects.TestDataDetails@1b7e7e1, 13=com.java.Objects.TestDataDetails@7a7880, 14=com.java.Objects.TestDataDetails@1ca747e, 15=com.java.Objects.TestDataDetails@c92718, 17=com.java.Objects.TestDataDetails@9e067c, 16=com.java.Objects.TestDataDetails@64f966, 19=com.java.Objects.TestDataDetails@781ecc, 18=com.java.Objects.TestDataDetails@1ab0b5a, 21=com.java.Objects.TestDataDetails@14b320d, 20=com.java.Objects.TestDataDetails@109f88f, 23=com.java.Objects.TestDataDetails@1bc21b2, 22=com.java.Objects.TestDataDetails@1758c30, 25=com.java.Objects.TestDataDetails@44e3e9, 24=com.java.Objects.TestDataDetails@5e1377, 26=com.java.Objects.TestDataDetails@1fd28da}
[INFO ][2015-12-15 17:17:02,763][com.java.TestType] [  482] -  str(1) = 7
[INFO ][2015-12-15 17:17:02,763][com.java.TestType] [  485] - Test case Id is---7
[INFO ][2015-12-15 17:17:02,763][com.java.TestType] [  487] - 7
[INFO ][2015-12-15 17:17:02,763][com.java.TestType] [  482] -  str(2) = 27
[INFO ][2015-12-15 17:17:02,764][com.java.TestType] [  534] - row values are--------{1=com.java.Objects.TestDataDetails@f45d1, 2=com.java.Objects.TestDataDetails@1c11ce0, 3=com.java.Objects.TestDataDetails@19a3769, 4=com.java.Objects.TestDataDetails@3af3cb, 5=com.java.Objects.TestDataDetails@109d85b, 6=com.java.Objects.TestDataDetails@be4377, 7=com.java.Objects.TestDataDetails@1e04ee8, 8=com.java.Objects.TestDataDetails@11ae5c1, 9=com.java.Objects.TestDataDetails@72ee46, 10=com.java.Objects.TestDataDetails@1b3a360, 11=com.java.Objects.TestDataDetails@1daa121, 12=com.java.Objects.TestDataDetails@1b7e7e1, 13=com.java.Objects.TestDataDetails@7a7880, 14=com.java.Objects.TestDataDetails@1ca747e, 15=com.java.Objects.TestDataDetails@c92718, 17=com.java.Objects.TestDataDetails@9e067c, 16=com.java.Objects.TestDataDetails@64f966, 19=com.java.Objects.TestDataDetails@781ecc, 18=com.java.Objects.TestDataDetails@1ab0b5a, 21=com.java.Objects.TestDataDetails@14b320d, 20=com.java.Objects.TestDataDetails@109f88f, 23=com.java.Objects.TestDataDetails@1bc21b2, 22=com.java.Objects.TestDataDetails@1758c30, 25=com.java.Objects.TestDataDetails@44e3e9, 24=com.java.Objects.TestDataDetails@5e1377, 27=com.java.Objects.TestDataDetails@df2ee2, 26=com.java.Objects.TestDataDetails@1fd28da}
[INFO ][2015-12-15 17:17:02,764][com.java.TestType] [  482] -  str(1) = 7
[INFO ][2015-12-15 17:17:02,764][com.java.TestType] [  485] - Test case Id is---7
[INFO ][2015-12-15 17:17:02,764][com.java.TestType] [  487] - 7
[INFO ][2015-12-15 17:17:02,764][com.java.TestType] [  482] -  str(2) = 28
[INFO ][2015-12-15 17:17:02,765][com.java.TestType] [  534] - row values are--------{1=com.java.Objects.TestDataDetails@f45d1, 2=com.java.Objects.TestDataDetails@1c11ce0, 3=com.java.Objects.TestDataDetails@19a3769, 4=com.java.Objects.TestDataDetails@3af3cb, 5=com.java.Objects.TestDataDetails@109d85b, 6=com.java.Objects.TestDataDetails@be4377, 7=com.java.Objects.TestDataDetails@1e04ee8, 8=com.java.Objects.TestDataDetails@11ae5c1, 9=com.java.Objects.TestDataDetails@72ee46, 10=com.java.Objects.TestDataDetails@1b3a360, 11=com.java.Objects.TestDataDetails@1daa121, 12=com.java.Objects.TestDataDetails@1b7e7e1, 13=com.java.Objects.TestDataDetails@7a7880, 14=com.java.Objects.TestDataDetails@1ca747e, 15=com.java.Objects.TestDataDetails@c92718, 17=com.java.Objects.TestDataDetails@9e067c, 16=com.java.Objects.TestDataDetails@64f966, 19=com.java.Objects.TestDataDetails@781ecc, 18=com.java.Objects.TestDataDetails@1ab0b5a, 21=com.java.Objects.TestDataDetails@14b320d, 20=com.java.Objects.TestDataDetails@109f88f, 23=com.java.Objects.TestDataDetails@1bc21b2, 22=com.java.Objects.TestDataDetails@1758c30, 25=com.java.Objects.TestDataDetails@44e3e9, 24=com.java.Objects.TestDataDetails@5e1377, 27=com.java.Objects.TestDataDetails@df2ee2, 26=com.java.Objects.TestDataDetails@1fd28da, 28=com.java.Objects.TestDataDetails@8f27c}
[INFO ][2015-12-15 17:17:02,765][com.java.TestType] [  482] -  str(1) = 7
[INFO ][2015-12-15 17:17:02,765][com.java.TestType] [  485] - Test case Id is---7
[INFO ][2015-12-15 17:17:02,765][com.java.TestType] [  487] - 7
[INFO ][2015-12-15 17:17:02,765][com.java.TestType] [  482] -  str(2) = 29
[INFO ][2015-12-15 17:17:02,766][com.java.TestType] [  534] - row values are--------{1=com.java.Objects.TestDataDetails@f45d1, 2=com.java.Objects.TestDataDetails@1c11ce0, 3=com.java.Objects.TestDataDetails@19a3769, 4=com.java.Objects.TestDataDetails@3af3cb, 5=com.java.Objects.TestDataDetails@109d85b, 6=com.java.Objects.TestDataDetails@be4377, 7=com.java.Objects.TestDataDetails@1e04ee8, 8=com.java.Objects.TestDataDetails@11ae5c1, 9=com.java.Objects.TestDataDetails@72ee46, 10=com.java.Objects.TestDataDetails@1b3a360, 11=com.java.Objects.TestDataDetails@1daa121, 12=com.java.Objects.TestDataDetails@1b7e7e1, 13=com.java.Objects.TestDataDetails@7a7880, 14=com.java.Objects.TestDataDetails@1ca747e, 15=com.java.Objects.TestDataDetails@c92718, 17=com.java.Objects.TestDataDetails@9e067c, 16=com.java.Objects.TestDataDetails@64f966, 19=com.java.Objects.TestDataDetails@781ecc, 18=com.java.Objects.TestDataDetails@1ab0b5a, 21=com.java.Objects.TestDataDetails@14b320d, 20=com.java.Objects.TestDataDetails@109f88f, 23=com.java.Objects.TestDataDetails@1bc21b2, 22=com.java.Objects.TestDataDetails@1758c30, 25=com.java.Objects.TestDataDetails@44e3e9, 24=com.java.Objects.TestDataDetails@5e1377, 27=com.java.Objects.TestDataDetails@df2ee2, 26=com.java.Objects.TestDataDetails@1fd28da, 29=com.java.Objects.TestDataDetails@19d03a, 28=com.java.Objects.TestDataDetails@8f27c}
[INFO ][2015-12-15 17:17:02,766][com.java.TestType] [  482] -  str(1) = 7
[INFO ][2015-12-15 17:17:02,766][com.java.TestType] [  485] - Test case Id is---7
[INFO ][2015-12-15 17:17:02,766][com.java.TestType] [  487] - 7
[INFO ][2015-12-15 17:17:02,766][com.java.TestType] [  482] -  str(2) = 30
[INFO ][2015-12-15 17:17:02,767][com.java.TestType] [  534] - row values are--------{1=com.java.Objects.TestDataDetails@f45d1, 2=com.java.Objects.TestDataDetails@1c11ce0, 3=com.java.Objects.TestDataDetails@19a3769, 4=com.java.Objects.TestDataDetails@3af3cb, 5=com.java.Objects.TestDataDetails@109d85b, 6=com.java.Objects.TestDataDetails@be4377, 7=com.java.Objects.TestDataDetails@1e04ee8, 8=com.java.Objects.TestDataDetails@11ae5c1, 9=com.java.Objects.TestDataDetails@72ee46, 10=com.java.Objects.TestDataDetails@1b3a360, 11=com.java.Objects.TestDataDetails@1daa121, 12=com.java.Objects.TestDataDetails@1b7e7e1, 13=com.java.Objects.TestDataDetails@7a7880, 14=com.java.Objects.TestDataDetails@1ca747e, 15=com.java.Objects.TestDataDetails@c92718, 17=com.java.Objects.TestDataDetails@9e067c, 16=com.java.Objects.TestDataDetails@64f966, 19=com.java.Objects.TestDataDetails@781ecc, 18=com.java.Objects.TestDataDetails@1ab0b5a, 21=com.java.Objects.TestDataDetails@14b320d, 20=com.java.Objects.TestDataDetails@109f88f, 23=com.java.Objects.TestDataDetails@1bc21b2, 22=com.java.Objects.TestDataDetails@1758c30, 25=com.java.Objects.TestDataDetails@44e3e9, 24=com.java.Objects.TestDataDetails@5e1377, 27=com.java.Objects.TestDataDetails@df2ee2, 26=com.java.Objects.TestDataDetails@1fd28da, 29=com.java.Objects.TestDataDetails@19d03a, 28=com.java.Objects.TestDataDetails@8f27c, 30=com.java.Objects.TestDataDetails@a1934f}
[INFO ][2015-12-15 17:17:02,767][com.java.TestType] [  482] -  str(1) = 7
[INFO ][2015-12-15 17:17:02,767][com.java.TestType] [  485] - Test case Id is---7
[INFO ][2015-12-15 17:17:02,767][com.java.TestType] [  487] - 7
[INFO ][2015-12-15 17:17:02,767][com.java.TestType] [  482] -  str(2) = 31
[INFO ][2015-12-15 17:17:02,768][com.java.TestType] [  534] - row values are--------{1=com.java.Objects.TestDataDetails@f45d1, 2=com.java.Objects.TestDataDetails@1c11ce0, 3=com.java.Objects.TestDataDetails@19a3769, 4=com.java.Objects.TestDataDetails@3af3cb, 5=com.java.Objects.TestDataDetails@109d85b, 6=com.java.Objects.TestDataDetails@be4377, 7=com.java.Objects.TestDataDetails@1e04ee8, 8=com.java.Objects.TestDataDetails@11ae5c1, 9=com.java.Objects.TestDataDetails@72ee46, 10=com.java.Objects.TestDataDetails@1b3a360, 11=com.java.Objects.TestDataDetails@1daa121, 12=com.java.Objects.TestDataDetails@1b7e7e1, 13=com.java.Objects.TestDataDetails@7a7880, 14=com.java.Objects.TestDataDetails@1ca747e, 15=com.java.Objects.TestDataDetails@c92718, 17=com.java.Objects.TestDataDetails@9e067c, 16=com.java.Objects.TestDataDetails@64f966, 19=com.java.Objects.TestDataDetails@781ecc, 18=com.java.Objects.TestDataDetails@1ab0b5a, 21=com.java.Objects.TestDataDetails@14b320d, 20=com.java.Objects.TestDataDetails@109f88f, 23=com.java.Objects.TestDataDetails@1bc21b2, 22=com.java.Objects.TestDataDetails@1758c30, 25=com.java.Objects.TestDataDetails@44e3e9, 24=com.java.Objects.TestDataDetails@5e1377, 27=com.java.Objects.TestDataDetails@df2ee2, 26=com.java.Objects.TestDataDetails@1fd28da, 29=com.java.Objects.TestDataDetails@19d03a, 28=com.java.Objects.TestDataDetails@8f27c, 31=com.java.Objects.TestDataDetails@1bdc15c, 30=com.java.Objects.TestDataDetails@a1934f}
[INFO ][2015-12-15 17:17:02,768][com.java.TestType] [  482] -  str(1) = 7
[INFO ][2015-12-15 17:17:02,768][com.java.TestType] [  485] - Test case Id is---7
[INFO ][2015-12-15 17:17:02,769][com.java.TestType] [  487] - 7
[INFO ][2015-12-15 17:17:02,769][com.java.TestType] [  482] -  str(2) = 32
[INFO ][2015-12-15 17:17:02,769][com.java.TestType] [  534] - row values are--------{1=com.java.Objects.TestDataDetails@f45d1, 2=com.java.Objects.TestDataDetails@1c11ce0, 3=com.java.Objects.TestDataDetails@19a3769, 4=com.java.Objects.TestDataDetails@3af3cb, 5=com.java.Objects.TestDataDetails@109d85b, 6=com.java.Objects.TestDataDetails@be4377, 7=com.java.Objects.TestDataDetails@1e04ee8, 8=com.java.Objects.TestDataDetails@11ae5c1, 9=com.java.Objects.TestDataDetails@72ee46, 10=com.java.Objects.TestDataDetails@1b3a360, 11=com.java.Objects.TestDataDetails@1daa121, 12=com.java.Objects.TestDataDetails@1b7e7e1, 13=com.java.Objects.TestDataDetails@7a7880, 14=com.java.Objects.TestDataDetails@1ca747e, 15=com.java.Objects.TestDataDetails@c92718, 17=com.java.Objects.TestDataDetails@9e067c, 16=com.java.Objects.TestDataDetails@64f966, 19=com.java.Objects.TestDataDetails@781ecc, 18=com.java.Objects.TestDataDetails@1ab0b5a, 21=com.java.Objects.TestDataDetails@14b320d, 20=com.java.Objects.TestDataDetails@109f88f, 23=com.java.Objects.TestDataDetails@1bc21b2, 22=com.java.Objects.TestDataDetails@1758c30, 25=com.java.Objects.TestDataDetails@44e3e9, 24=com.java.Objects.TestDataDetails@5e1377, 27=com.java.Objects.TestDataDetails@df2ee2, 26=com.java.Objects.TestDataDetails@1fd28da, 29=com.java.Objects.TestDataDetails@19d03a, 28=com.java.Objects.TestDataDetails@8f27c, 31=com.java.Objects.TestDataDetails@1bdc15c, 30=com.java.Objects.TestDataDetails@a1934f, 32=com.java.Objects.TestDataDetails@e2d428}
[INFO ][2015-12-15 17:17:02,769][com.java.TestType] [  482] -  str(1) = 7
[INFO ][2015-12-15 17:17:02,769][com.java.TestType] [  485] - Test case Id is---7
[INFO ][2015-12-15 17:17:02,770][com.java.TestType] [  487] - 7
[INFO ][2015-12-15 17:17:02,770][com.java.TestType] [  482] -  str(2) = 33
[INFO ][2015-12-15 17:17:02,770][com.java.TestType] [  534] - row values are--------{1=com.java.Objects.TestDataDetails@f45d1, 2=com.java.Objects.TestDataDetails@1c11ce0, 3=com.java.Objects.TestDataDetails@19a3769, 4=com.java.Objects.TestDataDetails@3af3cb, 5=com.java.Objects.TestDataDetails@109d85b, 6=com.java.Objects.TestDataDetails@be4377, 7=com.java.Objects.TestDataDetails@1e04ee8, 8=com.java.Objects.TestDataDetails@11ae5c1, 9=com.java.Objects.TestDataDetails@72ee46, 10=com.java.Objects.TestDataDetails@1b3a360, 11=com.java.Objects.TestDataDetails@1daa121, 12=com.java.Objects.TestDataDetails@1b7e7e1, 13=com.java.Objects.TestDataDetails@7a7880, 14=com.java.Objects.TestDataDetails@1ca747e, 15=com.java.Objects.TestDataDetails@c92718, 17=com.java.Objects.TestDataDetails@9e067c, 16=com.java.Objects.TestDataDetails@64f966, 19=com.java.Objects.TestDataDetails@781ecc, 18=com.java.Objects.TestDataDetails@1ab0b5a, 21=com.java.Objects.TestDataDetails@14b320d, 20=com.java.Objects.TestDataDetails@109f88f, 23=com.java.Objects.TestDataDetails@1bc21b2, 22=com.java.Objects.TestDataDetails@1758c30, 25=com.java.Objects.TestDataDetails@44e3e9, 24=com.java.Objects.TestDataDetails@5e1377, 27=com.java.Objects.TestDataDetails@df2ee2, 26=com.java.Objects.TestDataDetails@1fd28da, 29=com.java.Objects.TestDataDetails@19d03a, 28=com.java.Objects.TestDataDetails@8f27c, 31=com.java.Objects.TestDataDetails@1bdc15c, 30=com.java.Objects.TestDataDetails@a1934f, 32=com.java.Objects.TestDataDetails@e2d428, 33=com.java.Objects.TestDataDetails@734beb}
[INFO ][2015-12-15 17:17:02,770][com.java.TestType] [  482] -  str(1) = 7
[INFO ][2015-12-15 17:17:02,770][com.java.TestType] [  485] - Test case Id is---7
[INFO ][2015-12-15 17:17:02,770][com.java.TestType] [  487] - 7
[INFO ][2015-12-15 17:17:02,771][com.java.TestType] [  482] -  str(2) = 34
[INFO ][2015-12-15 17:17:02,771][com.java.TestType] [  534] - row values are--------{1=com.java.Objects.TestDataDetails@f45d1, 2=com.java.Objects.TestDataDetails@1c11ce0, 3=com.java.Objects.TestDataDetails@19a3769, 4=com.java.Objects.TestDataDetails@3af3cb, 5=com.java.Objects.TestDataDetails@109d85b, 6=com.java.Objects.TestDataDetails@be4377, 7=com.java.Objects.TestDataDetails@1e04ee8, 8=com.java.Objects.TestDataDetails@11ae5c1, 9=com.java.Objects.TestDataDetails@72ee46, 10=com.java.Objects.TestDataDetails@1b3a360, 11=com.java.Objects.TestDataDetails@1daa121, 12=com.java.Objects.TestDataDetails@1b7e7e1, 13=com.java.Objects.TestDataDetails@7a7880, 14=com.java.Objects.TestDataDetails@1ca747e, 15=com.java.Objects.TestDataDetails@c92718, 17=com.java.Objects.TestDataDetails@9e067c, 16=com.java.Objects.TestDataDetails@64f966, 19=com.java.Objects.TestDataDetails@781ecc, 18=com.java.Objects.TestDataDetails@1ab0b5a, 21=com.java.Objects.TestDataDetails@14b320d, 20=com.java.Objects.TestDataDetails@109f88f, 23=com.java.Objects.TestDataDetails@1bc21b2, 22=com.java.Objects.TestDataDetails@1758c30, 25=com.java.Objects.TestDataDetails@44e3e9, 24=com.java.Objects.TestDataDetails@5e1377, 27=com.java.Objects.TestDataDetails@df2ee2, 26=com.java.Objects.TestDataDetails@1fd28da, 29=com.java.Objects.TestDataDetails@19d03a, 28=com.java.Objects.TestDataDetails@8f27c, 31=com.java.Objects.TestDataDetails@1bdc15c, 30=com.java.Objects.TestDataDetails@a1934f, 34=com.java.Objects.TestDataDetails@88a2db, 32=com.java.Objects.TestDataDetails@e2d428, 33=com.java.Objects.TestDataDetails@734beb}
[INFO ][2015-12-15 17:17:02,771][com.java.TestType] [  482] -  str(1) = 7
[INFO ][2015-12-15 17:17:02,771][com.java.TestType] [  485] - Test case Id is---7
[INFO ][2015-12-15 17:17:02,771][com.java.TestType] [  487] - 7
[INFO ][2015-12-15 17:17:02,772][com.java.TestType] [  482] -  str(2) = 35
[INFO ][2015-12-15 17:17:02,772][com.java.TestType] [  534] - row values are--------{1=com.java.Objects.TestDataDetails@f45d1, 2=com.java.Objects.TestDataDetails@1c11ce0, 3=com.java.Objects.TestDataDetails@19a3769, 4=com.java.Objects.TestDataDetails@3af3cb, 5=com.java.Objects.TestDataDetails@109d85b, 6=com.java.Objects.TestDataDetails@be4377, 7=com.java.Objects.TestDataDetails@1e04ee8, 8=com.java.Objects.TestDataDetails@11ae5c1, 9=com.java.Objects.TestDataDetails@72ee46, 10=com.java.Objects.TestDataDetails@1b3a360, 11=com.java.Objects.TestDataDetails@1daa121, 12=com.java.Objects.TestDataDetails@1b7e7e1, 13=com.java.Objects.TestDataDetails@7a7880, 14=com.java.Objects.TestDataDetails@1ca747e, 15=com.java.Objects.TestDataDetails@c92718, 17=com.java.Objects.TestDataDetails@9e067c, 16=com.java.Objects.TestDataDetails@64f966, 19=com.java.Objects.TestDataDetails@781ecc, 18=com.java.Objects.TestDataDetails@1ab0b5a, 21=com.java.Objects.TestDataDetails@14b320d, 20=com.java.Objects.TestDataDetails@109f88f, 23=com.java.Objects.TestDataDetails@1bc21b2, 22=com.java.Objects.TestDataDetails@1758c30, 25=com.java.Objects.TestDataDetails@44e3e9, 24=com.java.Objects.TestDataDetails@5e1377, 27=com.java.Objects.TestDataDetails@df2ee2, 26=com.java.Objects.TestDataDetails@1fd28da, 29=com.java.Objects.TestDataDetails@19d03a, 28=com.java.Objects.TestDataDetails@8f27c, 31=com.java.Objects.TestDataDetails@1bdc15c, 30=com.java.Objects.TestDataDetails@a1934f, 34=com.java.Objects.TestDataDetails@88a2db, 35=com.java.Objects.TestDataDetails@92fef5, 32=com.java.Objects.TestDataDetails@e2d428, 33=com.java.Objects.TestDataDetails@734beb}
[INFO ][2015-12-15 17:17:02,772][com.java.TestType] [  482] -  str(1) = 7
[INFO ][2015-12-15 17:17:02,772][com.java.TestType] [  485] - Test case Id is---7
[INFO ][2015-12-15 17:17:02,772][com.java.TestType] [  487] - 7
[INFO ][2015-12-15 17:17:02,772][com.java.TestType] [  482] -  str(2) = 36
[INFO ][2015-12-15 17:17:02,773][com.java.TestType] [  534] - row values are--------{1=com.java.Objects.TestDataDetails@f45d1, 2=com.java.Objects.TestDataDetails@1c11ce0, 3=com.java.Objects.TestDataDetails@19a3769, 4=com.java.Objects.TestDataDetails@3af3cb, 5=com.java.Objects.TestDataDetails@109d85b, 6=com.java.Objects.TestDataDetails@be4377, 7=com.java.Objects.TestDataDetails@1e04ee8, 8=com.java.Objects.TestDataDetails@11ae5c1, 9=com.java.Objects.TestDataDetails@72ee46, 10=com.java.Objects.TestDataDetails@1b3a360, 11=com.java.Objects.TestDataDetails@1daa121, 12=com.java.Objects.TestDataDetails@1b7e7e1, 13=com.java.Objects.TestDataDetails@7a7880, 14=com.java.Objects.TestDataDetails@1ca747e, 15=com.java.Objects.TestDataDetails@c92718, 17=com.java.Objects.TestDataDetails@9e067c, 16=com.java.Objects.TestDataDetails@64f966, 19=com.java.Objects.TestDataDetails@781ecc, 18=com.java.Objects.TestDataDetails@1ab0b5a, 21=com.java.Objects.TestDataDetails@14b320d, 20=com.java.Objects.TestDataDetails@109f88f, 23=com.java.Objects.TestDataDetails@1bc21b2, 22=com.java.Objects.TestDataDetails@1758c30, 25=com.java.Objects.TestDataDetails@44e3e9, 24=com.java.Objects.TestDataDetails@5e1377, 27=com.java.Objects.TestDataDetails@df2ee2, 26=com.java.Objects.TestDataDetails@1fd28da, 29=com.java.Objects.TestDataDetails@19d03a, 28=com.java.Objects.TestDataDetails@8f27c, 31=com.java.Objects.TestDataDetails@1bdc15c, 30=com.java.Objects.TestDataDetails@a1934f, 34=com.java.Objects.TestDataDetails@88a2db, 35=com.java.Objects.TestDataDetails@92fef5, 32=com.java.Objects.TestDataDetails@e2d428, 33=com.java.Objects.TestDataDetails@734beb, 36=com.java.Objects.TestDataDetails@1d56e70}
[INFO ][2015-12-15 17:17:02,773][com.java.TestType] [10118] - Looping 1TCID = 7
[DEBUG][2015-12-15 17:17:02,773][com.java.TestType] [10159] - Concept ID:7 :: Step being Executed: 7::1
[ERROR][2015-12-15 17:17:02,773][com.java.TestType] [10192] - Exception: null
[INFO ][2015-12-15 17:17:02,774][com.java.TestType] [10197] - dataFields : BTNparent
[DEBUG][2015-12-15 17:17:02,774][com.java.TestType] [10203] - <In Set values of the page>
[DEBUG][2015-12-15 17:17:02,774][com.java.TestType] [10208] - {Data Fields & Data Values Exist}
[INFO ][2015-12-15 17:17:02,774][com.java.TestType] [10214] - --------------------------setting values-----------------------------
[INFO ][2015-12-15 17:17:02,774][com.java.TestType] [10217] - Action Type : SELECTFRAME
[INFO ][2015-12-15 17:17:02,787][com.java.TestType] [10236] -  RESULT true
[INFO ][2015-12-15 17:17:02,787][com.java.TestType] [10353] - ?   P A S S   ?
[DEBUG][2015-12-15 17:17:02,787][com.java.TestType] [10159] - Concept ID:7 :: Step being Executed: 7::2
[INFO ][2015-12-15 17:17:02,787][com.java.TestType] [10197] - dataFields : test
[DEBUG][2015-12-15 17:17:02,787][com.java.TestType] [10203] - <In Set values of the page>
[DEBUG][2015-12-15 17:17:02,787][com.java.TestType] [10208] - {Data Fields & Data Values Exist}
[INFO ][2015-12-15 17:17:02,787][com.java.TestType] [10214] - --------------------------setting values-----------------------------
[INFO ][2015-12-15 17:17:02,787][com.java.TestType] [10217] - Action Type : OPENURL
[INFO ][2015-12-15 17:17:02,787][com.java.TestType] [ 5505] - value = https://clients-xuat.bankersdashboard.com
[INFO ][2015-12-15 17:17:02,788][com.java.TestType] [  353] - Open URL : https://clients-xuat.bankersdashboard.com
[INFO ][2015-12-15 17:17:05,242][com.java.TestType] [10236] -  RESULT true
[INFO ][2015-12-15 17:17:05,242][com.java.TestType] [10353] - ?   P A S S   ?
[DEBUG][2015-12-15 17:17:05,242][com.java.TestType] [10159] - Concept ID:7 :: Step being Executed: 7::3
[ERROR][2015-12-15 17:17:05,242][com.java.TestType] [10192] - Exception: null
[INFO ][2015-12-15 17:17:05,242][com.java.TestType] [10197] - dataFields : //span[@class='icon-stack']&&//a[@data-id="SetupPackage"]
[DEBUG][2015-12-15 17:17:05,242][com.java.TestType] [10203] - <In Set values of the page>
[DEBUG][2015-12-15 17:17:05,242][com.java.TestType] [10208] - {Data Fields & Data Values Exist}
[INFO ][2015-12-15 17:17:05,242][com.java.TestType] [10214] - --------------------------setting values-----------------------------
[INFO ][2015-12-15 17:17:05,242][com.java.TestType] [10217] - Action Type : MOUSEOVER
[INFO ][2015-12-15 17:17:28,331][com.java.TestType] [10236] -  RESULT true
[INFO ][2015-12-15 17:17:28,331][com.java.TestType] [10353] - ?   P A S S   ?
[DEBUG][2015-12-15 17:17:28,332][com.java.TestType] [10159] - Concept ID:7 :: Step being Executed: 7::4
[INFO ][2015-12-15 17:17:28,332][com.java.TestType] [10197] - dataFields : BTNdivHelpText
[DEBUG][2015-12-15 17:17:28,332][com.java.TestType] [10203] - <In Set values of the page>
[DEBUG][2015-12-15 17:17:28,332][com.java.TestType] [10208] - {Data Fields & Data Values Exist}
[INFO ][2015-12-15 17:17:28,332][com.java.TestType] [10214] - --------------------------setting values-----------------------------
[INFO ][2015-12-15 17:17:28,332][com.java.TestType] [10217] - Action Type : WAITFORELEMENT
[INFO ][2015-12-15 17:17:29,548][com.java.TestType] [10236] -  RESULT true
[INFO ][2015-12-15 17:17:29,548][com.java.TestType] [10353] - ?   P A S S   ?
[DEBUG][2015-12-15 17:17:29,548][com.java.TestType] [10159] - Concept ID:7 :: Step being Executed: 7::5
[ERROR][2015-12-15 17:17:29,548][com.java.TestType] [10192] - Exception: null
[INFO ][2015-12-15 17:17:29,548][com.java.TestType] [10197] - dataFields : BTNframeDialogContent
[DEBUG][2015-12-15 17:17:29,548][com.java.TestType] [10203] - <In Set values of the page>
[DEBUG][2015-12-15 17:17:29,548][com.java.TestType] [10208] - {Data Fields & Data Values Exist}
[INFO ][2015-12-15 17:17:29,548][com.java.TestType] [10214] - --------------------------setting values-----------------------------
[INFO ][2015-12-15 17:17:29,549][com.java.TestType] [10217] - Action Type : SELECTFRAME
[INFO ][2015-12-15 17:17:30,791][com.java.TestType] [10236] -  RESULT true
[INFO ][2015-12-15 17:17:30,791][com.java.TestType] [10353] - ?   P A S S   ?
[DEBUG][2015-12-15 17:17:30,791][com.java.TestType] [10159] - Concept ID:7 :: Step being Executed: 7::6
[INFO ][2015-12-15 17:17:30,791][com.java.TestType] [10197] - dataFields : BTN
[DEBUG][2015-12-15 17:17:30,791][com.java.TestType] [10203] - <In Set values of the page>
[DEBUG][2015-12-15 17:17:30,791][com.java.TestType] [10208] - {Data Fields & Data Values Exist}
[INFO ][2015-12-15 17:17:30,791][com.java.TestType] [10214] - --------------------------setting values-----------------------------
[INFO ][2015-12-15 17:17:30,791][com.java.TestType] [10217] - Action Type : VERIFY
[INFO ][2015-12-15 17:17:30,791][com.java.TestType] [ 6804] - field= BTN value= //div[@class='ui-widget-content']/div/button
[INFO ][2015-12-15 17:17:30,792][com.java.TestType] [ 5505] - value = //div[@class='ui-widget-content']/div/button
[INFO ][2015-12-15 17:17:30,856][com.java.TestType] [10236] -  RESULT true
[INFO ][2015-12-15 17:17:30,856][com.java.TestType] [10353] - ?   P A S S   ?
[DEBUG][2015-12-15 17:17:30,856][com.java.TestType] [10159] - Concept ID:7 :: Step being Executed: 7::7
[INFO ][2015-12-15 17:17:30,856][com.java.TestType] [10197] - dataFields : XPH//span[@class='glyphicon glyphicon-plus']
[DEBUG][2015-12-15 17:17:30,856][com.java.TestType] [10203] - <In Set values of the page>
[DEBUG][2015-12-15 17:17:30,856][com.java.TestType] [10208] - {Data Fields & Data Values Exist}
[INFO ][2015-12-15 17:17:30,856][com.java.TestType] [10214] - --------------------------setting values-----------------------------
[INFO ][2015-12-15 17:17:30,857][com.java.TestType] [10217] - Action Type : WAITFORELEMENT
[INFO ][2015-12-15 17:17:30,879][com.java.TestType] [10236] -  RESULT true
[INFO ][2015-12-15 17:17:30,879][com.java.TestType] [10353] - ?   P A S S   ?
[DEBUG][2015-12-15 17:17:30,880][com.java.TestType] [10159] - Concept ID:7 :: Step being Executed: 7::8
[ERROR][2015-12-15 17:17:30,880][com.java.TestType] [10192] - Exception: null
[INFO ][2015-12-15 17:17:30,880][com.java.TestType] [10197] - dataFields : XPH//span[@class='glyphicon glyphicon-plus']
[DEBUG][2015-12-15 17:17:30,880][com.java.TestType] [10203] - <In Set values of the page>
[DEBUG][2015-12-15 17:17:30,880][com.java.TestType] [10208] - {Data Fields & Data Values Exist}
[INFO ][2015-12-15 17:17:30,880][com.java.TestType] [10214] - --------------------------setting values-----------------------------
[INFO ][2015-12-15 17:17:30,880][com.java.TestType] [10217] - Action Type : CLICK
[INFO ][2015-12-15 17:17:30,880][com.java.TestType] [ 5861] - Field ::XPH//span[@class='glyphicon glyphicon-plus']
[INFO ][2015-12-15 17:17:30,880][com.java.TestType] [ 5505] - value = 
[INFO ][2015-12-15 17:17:31,880][com.java.TestType] [ 5998] - BEFORE CLICK
[INFO ][2015-12-15 17:17:33,078][com.java.TestType] [ 6006] - Unable to click the object +' Button
[INFO ][2015-12-15 17:17:33,078][com.java.TestType] [10236] -  RESULT true
[INFO ][2015-12-15 17:17:33,078][com.java.TestType] [10353] - ?   P A S S   ?
[DEBUG][2015-12-15 17:17:33,078][com.java.TestType] [10159] - Concept ID:7 :: Step being Executed: 7::9
[INFO ][2015-12-15 17:17:33,078][com.java.TestType] [10197] - dataFields : XPH//span[@class='dlg_Label']
[DEBUG][2015-12-15 17:17:33,078][com.java.TestType] [10203] - <In Set values of the page>
[DEBUG][2015-12-15 17:17:33,078][com.java.TestType] [10208] - {Data Fields & Data Values Exist}
[INFO ][2015-12-15 17:17:33,078][com.java.TestType] [10214] - --------------------------setting values-----------------------------
[INFO ][2015-12-15 17:17:33,078][com.java.TestType] [10217] - Action Type : WAITFORELEMENT
[INFO ][2015-12-15 17:17:33,101][com.java.TestType] [10236] -  RESULT true
[INFO ][2015-12-15 17:17:33,101][com.java.TestType] [10353] - ?   P A S S   ?
[DEBUG][2015-12-15 17:17:33,101][com.java.TestType] [10159] - Concept ID:7 :: Step being Executed: 7::10
[INFO ][2015-12-15 17:17:33,101][com.java.TestType] [10197] - dataFields : XPH//span[@class='dlg_Label']
[DEBUG][2015-12-15 17:17:33,101][com.java.TestType] [10203] - <In Set values of the page>
[DEBUG][2015-12-15 17:17:33,101][com.java.TestType] [10208] - {Data Fields & Data Values Exist}
[INFO ][2015-12-15 17:17:33,101][com.java.TestType] [10214] - --------------------------setting values-----------------------------
[INFO ][2015-12-15 17:17:33,101][com.java.TestType] [10217] - Action Type : VERIFY
[INFO ][2015-12-15 17:17:33,101][com.java.TestType] [ 6804] - field= XPH//span[@class='dlg_Label'] value= Package Name
[INFO ][2015-12-15 17:17:33,102][com.java.TestType] [ 5505] - value = Package Name
[INFO ][2015-12-15 17:17:33,222][com.java.TestType] [10236] -  RESULT true
[INFO ][2015-12-15 17:17:33,222][com.java.TestType] [10353] - ?   P A S S   ?
[DEBUG][2015-12-15 17:17:33,222][com.java.TestType] [10159] - Concept ID:7 :: Step being Executed: 7::11
[INFO ][2015-12-15 17:17:33,222][com.java.TestType] [10197] - dataFields : XPH//div[contains(@id,'ember')]/div//input[contains(@class, 'ember-view ember-text-')]
[DEBUG][2015-12-15 17:17:33,222][com.java.TestType] [10203] - <In Set values of the page>
[DEBUG][2015-12-15 17:17:33,222][com.java.TestType] [10208] - {Data Fields & Data Values Exist}
[INFO ][2015-12-15 17:17:33,222][com.java.TestType] [10214] - --------------------------setting values-----------------------------
[INFO ][2015-12-15 17:17:33,222][com.java.TestType] [10217] - Action Type : WAITFORELEMENT
[INFO ][2015-12-15 17:17:33,255][com.java.TestType] [10236] -  RESULT true
[INFO ][2015-12-15 17:17:33,255][com.java.TestType] [10353] - ?   P A S S   ?
[DEBUG][2015-12-15 17:17:33,255][com.java.TestType] [10159] - Concept ID:7 :: Step being Executed: 7::12
[ERROR][2015-12-15 17:17:33,255][com.java.TestType] [10192] - Exception: null
[INFO ][2015-12-15 17:17:33,255][com.java.TestType] [10197] - dataFields : XPH//div[contains(@id,'ember')]/div//input[contains(@class, 'ember-view ember-text-')]
[DEBUG][2015-12-15 17:17:33,255][com.java.TestType] [10203] - <In Set values of the page>
[DEBUG][2015-12-15 17:17:33,255][com.java.TestType] [10208] - {Data Fields & Data Values Exist}
[INFO ][2015-12-15 17:17:33,255][com.java.TestType] [10214] - --------------------------setting values-----------------------------
[INFO ][2015-12-15 17:17:33,256][com.java.TestType] [10217] - Action Type : CLICK
[INFO ][2015-12-15 17:17:33,256][com.java.TestType] [ 5861] - Field ::XPH//div[contains(@id,'ember')]/div//input[contains(@class, 'ember-view ember-text-')]
[INFO ][2015-12-15 17:17:33,256][com.java.TestType] [ 5505] - value = 
[INFO ][2015-12-15 17:17:34,256][com.java.TestType] [ 5998] - BEFORE CLICK
[INFO ][2015-12-15 17:17:34,993][com.java.TestType] [ 6006] - Unable to click the object PackageName Textfield
[INFO ][2015-12-15 17:17:34,993][com.java.TestType] [10236] -  RESULT true
[INFO ][2015-12-15 17:17:34,993][com.java.TestType] [10353] - ?   P A S S   ?
[DEBUG][2015-12-15 17:17:34,993][com.java.TestType] [10159] - Concept ID:7 :: Step being Executed: 7::13
[INFO ][2015-12-15 17:17:34,993][com.java.TestType] [10197] - dataFields : TXT//div[contains(@id,'ember')]/div//input[contains(@class, 'ember-view ember-text-')]
[DEBUG][2015-12-15 17:17:34,993][com.java.TestType] [10203] - <In Set values of the page>
[DEBUG][2015-12-15 17:17:34,993][com.java.TestType] [10208] - {Data Fields & Data Values Exist}
[INFO ][2015-12-15 17:17:34,993][com.java.TestType] [10214] - --------------------------setting values-----------------------------
[INFO ][2015-12-15 17:17:34,993][com.java.TestType] [10217] - Action Type : CLEARANDENTER
[INFO ][2015-12-15 17:17:34,993][com.java.TestType] [ 5505] - value = VL_Test#42038
[INFO ][2015-12-15 17:17:35,808][com.java.TestType] [10236] -  RESULT true
[INFO ][2015-12-15 17:17:35,808][com.java.TestType] [10353] - ?   P A S S   ?
[DEBUG][2015-12-15 17:17:35,808][com.java.TestType] [10159] - Concept ID:7 :: Step being Executed: 7::14
[INFO ][2015-12-15 17:17:35,808][com.java.TestType] [10197] - dataFields : null
[DEBUG][2015-12-15 17:17:35,808][com.java.TestType] [10203] - <In Set values of the page>
[INFO ][2015-12-15 17:17:35,808][com.java.TestType] [10353] - ?   P A S S   ?
[DEBUG][2015-12-15 17:17:35,808][com.java.TestType] [10159] - Concept ID:7 :: Step being Executed: 7::15
[INFO ][2015-12-15 17:17:35,808][com.java.TestType] [10197] - dataFields : TXT//div[contains(@id,'ember')]/div//input[contains(@class, 'ember-view ember-text-')]
[DEBUG][2015-12-15 17:17:35,808][com.java.TestType] [10203] - <In Set values of the page>
[DEBUG][2015-12-15 17:17:35,808][com.java.TestType] [10208] - {Data Fields & Data Values Exist}
[INFO ][2015-12-15 17:17:35,808][com.java.TestType] [10214] - --------------------------setting values-----------------------------
[INFO ][2015-12-15 17:17:35,808][com.java.TestType] [10217] - Action Type : STOREVALUE
[INFO ][2015-12-15 17:17:35,809][com.java.TestType] [ 7984] - field= TXT//div[contains(@id,'ember')]/div//input[contains(@class, 'ember-view ember-text-')]
[DEBUG][2015-12-15 17:17:35,905][com.java.TestType] [ 7998] - Key:: PackageName  Value:: VL_Test#42038
[INFO ][2015-12-15 17:17:35,905][com.java.TestType] [10236] -  RESULT true
[INFO ][2015-12-15 17:17:35,905][com.java.TestType] [10353] - ?   P A S S   ?
[DEBUG][2015-12-15 17:17:35,905][com.java.TestType] [10159] - Concept ID:7 :: Step being Executed: 7::16
[INFO ][2015-12-15 17:17:35,905][com.java.TestType] [10197] - dataFields : XPH//span[contains(text(),'Save')]
[DEBUG][2015-12-15 17:17:35,905][com.java.TestType] [10203] - <In Set values of the page>
[DEBUG][2015-12-15 17:17:35,905][com.java.TestType] [10208] - {Data Fields & Data Values Exist}
[INFO ][2015-12-15 17:17:35,905][com.java.TestType] [10214] - --------------------------setting values-----------------------------
[INFO ][2015-12-15 17:17:35,905][com.java.TestType] [10217] - Action Type : WAITFORELEMENT
[INFO ][2015-12-15 17:17:35,928][com.java.TestType] [10236] -  RESULT true
[INFO ][2015-12-15 17:17:35,928][com.java.TestType] [10353] - ?   P A S S   ?
[DEBUG][2015-12-15 17:17:35,929][com.java.TestType] [10159] - Concept ID:7 :: Step being Executed: 7::17
[ERROR][2015-12-15 17:17:35,929][com.java.TestType] [10192] - Exception: null
[INFO ][2015-12-15 17:17:35,929][com.java.TestType] [10197] - dataFields : BTNselectionTest
[DEBUG][2015-12-15 17:17:35,929][com.java.TestType] [10203] - <In Set values of the page>
[DEBUG][2015-12-15 17:17:35,929][com.java.TestType] [10208] - {Data Fields & Data Values Exist}
[INFO ][2015-12-15 17:17:35,929][com.java.TestType] [10214] - --------------------------setting values-----------------------------
[INFO ][2015-12-15 17:17:35,929][com.java.TestType] [10217] - Action Type : CLICK
[INFO ][2015-12-15 17:17:35,929][com.java.TestType] [ 5861] - Field ::BTNselectionTest
[INFO ][2015-12-15 17:17:35,929][com.java.TestType] [ 5505] - value = 
[INFO ][2015-12-15 17:17:36,930][com.java.TestType] [ 5977] - BEFORE CLICK
[INFO ][2015-12-15 17:17:39,162][com.java.TestType] [ 5984] - Unable to click the object Yes radio button
[INFO ][2015-12-15 17:17:39,162][com.java.TestType] [10236] -  RESULT true
[INFO ][2015-12-15 17:17:39,162][com.java.TestType] [10353] - ?   P A S S   ?
[DEBUG][2015-12-15 17:17:39,162][com.java.TestType] [10159] - Concept ID:7 :: Step being Executed: 7::18
[INFO ][2015-12-15 17:17:39,162][com.java.TestType] [10197] - dataFields : XPH//span[contains(text(),'Save')]
[DEBUG][2015-12-15 17:17:39,162][com.java.TestType] [10203] - <In Set values of the page>
[DEBUG][2015-12-15 17:17:39,162][com.java.TestType] [10208] - {Data Fields & Data Values Exist}
[INFO ][2015-12-15 17:17:39,162][com.java.TestType] [10214] - --------------------------setting values-----------------------------
[INFO ][2015-12-15 17:17:39,162][com.java.TestType] [10217] - Action Type : WAITFORELEMENT
[INFO ][2015-12-15 17:17:39,185][com.java.TestType] [10236] -  RESULT true
[INFO ][2015-12-15 17:17:39,185][com.java.TestType] [10353] - ?   P A S S   ?
[DEBUG][2015-12-15 17:17:39,185][com.java.TestType] [10159] - Concept ID:7 :: Step being Executed: 7::19
[ERROR][2015-12-15 17:17:39,185][com.java.TestType] [10192] - Exception: null
[INFO ][2015-12-15 17:17:39,185][com.java.TestType] [10197] - dataFields : XPH//span[contains(text(),'Save')]
[DEBUG][2015-12-15 17:17:39,185][com.java.TestType] [10203] - <In Set values of the page>
[DEBUG][2015-12-15 17:17:39,185][com.java.TestType] [10208] - {Data Fields & Data Values Exist}
[INFO ][2015-12-15 17:17:39,185][com.java.TestType] [10214] - --------------------------setting values-----------------------------
[INFO ][2015-12-15 17:17:39,185][com.java.TestType] [10217] - Action Type : CLICK
[INFO ][2015-12-15 17:17:39,185][com.java.TestType] [ 5861] - Field ::XPH//span[contains(text(),'Save')]
[INFO ][2015-12-15 17:17:39,186][com.java.TestType] [ 5505] - value = 
[INFO ][2015-12-15 17:17:40,186][com.java.TestType] [ 5998] - BEFORE CLICK
[INFO ][2015-12-15 17:17:41,921][com.java.TestType] [ 6006] - Unable to click the object Save Button
[INFO ][2015-12-15 17:17:41,921][com.java.TestType] [10236] -  RESULT true
[INFO ][2015-12-15 17:17:41,921][com.java.TestType] [10353] - ?   P A S S   ?
[DEBUG][2015-12-15 17:17:41,921][com.java.TestType] [10159] - Concept ID:7 :: Step being Executed: 7::20
[INFO ][2015-12-15 17:17:41,921][com.java.TestType] [10197] - dataFields : XPH//span[@class='dlg_Label']
[DEBUG][2015-12-15 17:17:41,921][com.java.TestType] [10203] - <In Set values of the page>
[DEBUG][2015-12-15 17:17:41,921][com.java.TestType] [10208] - {Data Fields & Data Values Exist}
[INFO ][2015-12-15 17:17:41,921][com.java.TestType] [10214] - --------------------------setting values-----------------------------
[INFO ][2015-12-15 17:17:41,921][com.java.TestType] [10217] - Action Type : WAITFORELEMENT
[INFO ][2015-12-15 17:17:41,944][com.java.TestType] [10236] -  RESULT true
[INFO ][2015-12-15 17:17:41,944][com.java.TestType] [10353] - ?   P A S S   ?
[DEBUG][2015-12-15 17:17:41,944][com.java.TestType] [10159] - Concept ID:7 :: Step being Executed: 7::21
[INFO ][2015-12-15 17:17:41,944][com.java.TestType] [10197] - dataFields : XPH//span[@class='dlg_Label']
[DEBUG][2015-12-15 17:17:41,944][com.java.TestType] [10203] - <In Set values of the page>
[DEBUG][2015-12-15 17:17:41,944][com.java.TestType] [10208] - {Data Fields & Data Values Exist}
[INFO ][2015-12-15 17:17:41,944][com.java.TestType] [10214] - --------------------------setting values-----------------------------
[INFO ][2015-12-15 17:17:41,944][com.java.TestType] [10217] - Action Type : VERIFY
[INFO ][2015-12-15 17:17:41,944][com.java.TestType] [ 6804] - field= XPH//span[@class='dlg_Label'] value= Current Package
[INFO ][2015-12-15 17:17:41,944][com.java.TestType] [ 5505] - value = Current Package
[INFO ][2015-12-15 17:17:42,064][com.java.TestType] [10236] -  RESULT true
[INFO ][2015-12-15 17:17:42,064][com.java.TestType] [10353] - ?   P A S S   ?
[DEBUG][2015-12-15 17:17:42,064][com.java.TestType] [10159] - Concept ID:7 :: Step being Executed: 7::22
[ERROR][2015-12-15 17:17:42,064][com.java.TestType] [10192] - Exception: null
[INFO ][2015-12-15 17:17:42,064][com.java.TestType] [10197] - dataFields : XPH//option[contains(text(),'Balance Sheet')][2]
[DEBUG][2015-12-15 17:17:42,064][com.java.TestType] [10203] - <In Set values of the page>
[DEBUG][2015-12-15 17:17:42,064][com.java.TestType] [10208] - {Data Fields & Data Values Exist}
[INFO ][2015-12-15 17:17:42,064][com.java.TestType] [10214] - --------------------------setting values-----------------------------
[INFO ][2015-12-15 17:17:42,064][com.java.TestType] [10217] - Action Type : CLICK
[INFO ][2015-12-15 17:17:42,064][com.java.TestType] [ 5861] - Field ::XPH//option[contains(text(),'Balance Sheet')][2]
[INFO ][2015-12-15 17:17:42,064][com.java.TestType] [ 5505] - value = 
[INFO ][2015-12-15 17:17:43,065][com.java.TestType] [ 5998] - BEFORE CLICK
[INFO ][2015-12-15 17:17:45,700][com.java.TestType] [ 6006] - Unable to click the object Add New Report Dropdown
[INFO ][2015-12-15 17:17:45,700][com.java.TestType] [10236] -  RESULT true
[INFO ][2015-12-15 17:17:45,700][com.java.TestType] [10353] - ?   P A S S   ?
[DEBUG][2015-12-15 17:17:45,700][com.java.TestType] [10159] - Concept ID:7 :: Step being Executed: 7::23
[INFO ][2015-12-15 17:17:45,700][com.java.TestType] [10197] - dataFields : XPH//td/input[contains(@class, 'ember-view ember-')]
[DEBUG][2015-12-15 17:17:45,700][com.java.TestType] [10203] - <In Set values of the page>
[DEBUG][2015-12-15 17:17:45,700][com.java.TestType] [10208] - {Data Fields & Data Values Exist}
[INFO ][2015-12-15 17:17:45,700][com.java.TestType] [10214] - --------------------------setting values-----------------------------
[INFO ][2015-12-15 17:17:45,700][com.java.TestType] [10217] - Action Type : WAITFORELEMENT
[INFO ][2015-12-15 17:17:45,723][com.java.TestType] [10236] -  RESULT true
[INFO ][2015-12-15 17:17:45,723][com.java.TestType] [10353] - ?   P A S S   ?
[DEBUG][2015-12-15 17:17:45,723][com.java.TestType] [10159] - Concept ID:7 :: Step being Executed: 7::24
[INFO ][2015-12-15 17:17:45,723][com.java.TestType] [10197] - dataFields : COB//td[@colspan='2']/select
[DEBUG][2015-12-15 17:17:45,723][com.java.TestType] [10203] - <In Set values of the page>
[DEBUG][2015-12-15 17:17:45,723][com.java.TestType] [10208] - {Data Fields & Data Values Exist}
[INFO ][2015-12-15 17:17:45,724][com.java.TestType] [10214] - --------------------------setting values-----------------------------
[INFO ][2015-12-15 17:17:45,724][com.java.TestType] [10217] - Action Type : SELECT
[INFO ][2015-12-15 17:17:45,724][com.java.TestType] [ 5505] - value = 0
[INFO ][2015-12-15 17:17:45,803][com.java.TestType] [ 5623] -  In COB //td[@colspan='2']/select : 0
[INFO ][2015-12-15 17:17:45,881][com.java.TestType] [10236] -  RESULT true
[INFO ][2015-12-15 17:17:45,881][com.java.TestType] [10353] - ?   P A S S   ?
[DEBUG][2015-12-15 17:17:45,881][com.java.TestType] [10159] - Concept ID:7 :: Step being Executed: 7::25
[INFO ][2015-12-15 17:17:45,881][com.java.TestType] [10197] - dataFields : XPH//span[contains(text(),'Save')]
[DEBUG][2015-12-15 17:17:45,881][com.java.TestType] [10203] - <In Set values of the page>
[DEBUG][2015-12-15 17:17:45,881][com.java.TestType] [10208] - {Data Fields & Data Values Exist}
[INFO ][2015-12-15 17:17:45,881][com.java.TestType] [10214] - --------------------------setting values-----------------------------
[INFO ][2015-12-15 17:17:45,881][com.java.TestType] [10217] - Action Type : WAITFORELEMENT
[INFO ][2015-12-15 17:17:45,905][com.java.TestType] [10236] -  RESULT true
[INFO ][2015-12-15 17:17:45,905][com.java.TestType] [10353] - ?   P A S S   ?
[DEBUG][2015-12-15 17:17:45,905][com.java.TestType] [10159] - Concept ID:7 :: Step being Executed: 7::26
[ERROR][2015-12-15 17:17:45,905][com.java.TestType] [10192] - Exception: null
[INFO ][2015-12-15 17:17:45,905][com.java.TestType] [10197] - dataFields : XPH//span[contains(text(),'Save')]
[DEBUG][2015-12-15 17:17:45,905][com.java.TestType] [10203] - <In Set values of the page>
[DEBUG][2015-12-15 17:17:45,905][com.java.TestType] [10208] - {Data Fields & Data Values Exist}
[INFO ][2015-12-15 17:17:45,905][com.java.TestType] [10214] - --------------------------setting values-----------------------------
[INFO ][2015-12-15 17:17:45,905][com.java.TestType] [10217] - Action Type : CLICK
[INFO ][2015-12-15 17:17:45,905][com.java.TestType] [ 5861] - Field ::XPH//span[contains(text(),'Save')]
[INFO ][2015-12-15 17:17:45,905][com.java.TestType] [ 5505] - value = 
[INFO ][2015-12-15 17:17:46,906][com.java.TestType] [ 5998] - BEFORE CLICK
[INFO ][2015-12-15 17:17:48,550][com.java.TestType] [ 6006] - Unable to click the object Save Button
[INFO ][2015-12-15 17:17:48,550][com.java.TestType] [10236] -  RESULT true
[INFO ][2015-12-15 17:17:48,550][com.java.TestType] [10353] - ?   P A S S   ?
[DEBUG][2015-12-15 17:17:48,550][com.java.TestType] [10159] - Concept ID:7 :: Step being Executed: 7::27
[INFO ][2015-12-15 17:17:48,550][com.java.TestType] [10197] - dataFields : XPH//span[contains(text(), 'Finished')]
[DEBUG][2015-12-15 17:17:48,550][com.java.TestType] [10203] - <In Set values of the page>
[DEBUG][2015-12-15 17:17:48,550][com.java.TestType] [10208] - {Data Fields & Data Values Exist}
[INFO ][2015-12-15 17:17:48,550][com.java.TestType] [10214] - --------------------------setting values-----------------------------
[INFO ][2015-12-15 17:17:48,550][com.java.TestType] [10217] - Action Type : WAITFORELEMENT
[INFO ][2015-12-15 17:17:48,573][com.java.TestType] [10236] -  RESULT true
[INFO ][2015-12-15 17:17:48,573][com.java.TestType] [10353] - ?   P A S S   ?
[DEBUG][2015-12-15 17:17:48,574][com.java.TestType] [10159] - Concept ID:7 :: Step being Executed: 7::28
[ERROR][2015-12-15 17:17:48,574][com.java.TestType] [10192] - Exception: null
[INFO ][2015-12-15 17:17:48,574][com.java.TestType] [10197] - dataFields : XPH//option[contains(text(),'Income Statement')][2]
[DEBUG][2015-12-15 17:17:48,574][com.java.TestType] [10203] - <In Set values of the page>
[DEBUG][2015-12-15 17:17:48,574][com.java.TestType] [10208] - {Data Fields & Data Values Exist}
[INFO ][2015-12-15 17:17:48,574][com.java.TestType] [10214] - --------------------------setting values-----------------------------
[INFO ][2015-12-15 17:17:48,574][com.java.TestType] [10217] - Action Type : CLICK
[INFO ][2015-12-15 17:17:48,574][com.java.TestType] [ 5861] - Field ::XPH//option[contains(text(),'Income Statement')][2]
[INFO ][2015-12-15 17:17:48,574][com.java.TestType] [ 5505] - value = 
[INFO ][2015-12-15 17:17:49,574][com.java.TestType] [ 5998] - BEFORE CLICK
[INFO ][2015-12-15 17:17:52,218][com.java.TestType] [ 6006] - Unable to click the object Add New Report Dropdown
[INFO ][2015-12-15 17:17:52,218][com.java.TestType] [10236] -  RESULT true
[INFO ][2015-12-15 17:17:52,218][com.java.TestType] [10353] - ?   P A S S   ?
[DEBUG][2015-12-15 17:17:52,218][com.java.TestType] [10159] - Concept ID:7 :: Step being Executed: 7::29
[INFO ][2015-12-15 17:17:52,218][com.java.TestType] [10197] - dataFields : XPH//td/input[contains(@class, 'ember-view ember-')]
[DEBUG][2015-12-15 17:17:52,218][com.java.TestType] [10203] - <In Set values of the page>
[DEBUG][2015-12-15 17:17:52,219][com.java.TestType] [10208] - {Data Fields & Data Values Exist}
[INFO ][2015-12-15 17:17:52,219][com.java.TestType] [10214] - --------------------------setting values-----------------------------
[INFO ][2015-12-15 17:17:52,219][com.java.TestType] [10217] - Action Type : WAITFORELEMENT
[INFO ][2015-12-15 17:17:52,242][com.java.TestType] [10236] -  RESULT true
[INFO ][2015-12-15 17:17:52,242][com.java.TestType] [10353] - ?   P A S S   ?
[DEBUG][2015-12-15 17:17:52,242][com.java.TestType] [10159] - Concept ID:7 :: Step being Executed: 7::30
[INFO ][2015-12-15 17:17:52,242][com.java.TestType] [10197] - dataFields : COB//td[@colspan='2']/select
[DEBUG][2015-12-15 17:17:52,242][com.java.TestType] [10203] - <In Set values of the page>
[DEBUG][2015-12-15 17:17:52,242][com.java.TestType] [10208] - {Data Fields & Data Values Exist}
[INFO ][2015-12-15 17:17:52,242][com.java.TestType] [10214] - --------------------------setting values-----------------------------
[INFO ][2015-12-15 17:17:52,242][com.java.TestType] [10217] - Action Type : SELECT
[INFO ][2015-12-15 17:17:52,243][com.java.TestType] [ 5505] - value = 0
[INFO ][2015-12-15 17:17:52,322][com.java.TestType] [ 5623] -  In COB //td[@colspan='2']/select : 0
[INFO ][2015-12-15 17:17:52,400][com.java.TestType] [10236] -  RESULT true
[INFO ][2015-12-15 17:17:52,400][com.java.TestType] [10353] - ?   P A S S   ?
[DEBUG][2015-12-15 17:17:52,400][com.java.TestType] [10159] - Concept ID:7 :: Step being Executed: 7::31
[INFO ][2015-12-15 17:17:52,400][com.java.TestType] [10197] - dataFields : XPH//span[contains(text(),'Save')]
[DEBUG][2015-12-15 17:17:52,400][com.java.TestType] [10203] - <In Set values of the page>
[DEBUG][2015-12-15 17:17:52,400][com.java.TestType] [10208] - {Data Fields & Data Values Exist}
[INFO ][2015-12-15 17:17:52,400][com.java.TestType] [10214] - --------------------------setting values-----------------------------
[INFO ][2015-12-15 17:17:52,400][com.java.TestType] [10217] - Action Type : WAITFORELEMENT
[INFO ][2015-12-15 17:17:52,423][com.java.TestType] [10236] -  RESULT true
[INFO ][2015-12-15 17:17:52,423][com.java.TestType] [10353] - ?   P A S S   ?
[DEBUG][2015-12-15 17:17:52,424][com.java.TestType] [10159] - Concept ID:7 :: Step being Executed: 7::32
[ERROR][2015-12-15 17:17:52,424][com.java.TestType] [10192] - Exception: null
[INFO ][2015-12-15 17:17:52,424][com.java.TestType] [10197] - dataFields : XPH//span[contains(text(),'Save')]
[DEBUG][2015-12-15 17:17:52,424][com.java.TestType] [10203] - <In Set values of the page>
[DEBUG][2015-12-15 17:17:52,424][com.java.TestType] [10208] - {Data Fields & Data Values Exist}
[INFO ][2015-12-15 17:17:52,424][com.java.TestType] [10214] - --------------------------setting values-----------------------------
[INFO ][2015-12-15 17:17:52,424][com.java.TestType] [10217] - Action Type : CLICK
[INFO ][2015-12-15 17:17:52,424][com.java.TestType] [ 5861] - Field ::XPH//span[contains(text(),'Save')]
[INFO ][2015-12-15 17:17:52,424][com.java.TestType] [ 5505] - value = 
[INFO ][2015-12-15 17:17:53,424][com.java.TestType] [ 5998] - BEFORE CLICK
[INFO ][2015-12-15 17:17:55,060][com.java.TestType] [ 6006] - Unable to click the object Save Button
[INFO ][2015-12-15 17:17:55,060][com.java.TestType] [10236] -  RESULT true
[INFO ][2015-12-15 17:17:55,060][com.java.TestType] [10353] - ?   P A S S   ?
[DEBUG][2015-12-15 17:17:55,060][com.java.TestType] [10159] - Concept ID:7 :: Step being Executed: 7::33
[INFO ][2015-12-15 17:17:55,060][com.java.TestType] [10197] - dataFields : XPH//span[contains(text(), 'Finished')]
[DEBUG][2015-12-15 17:17:55,060][com.java.TestType] [10203] - <In Set values of the page>
[DEBUG][2015-12-15 17:17:55,060][com.java.TestType] [10208] - {Data Fields & Data Values Exist}
[INFO ][2015-12-15 17:17:55,060][com.java.TestType] [10214] - --------------------------setting values-----------------------------
[INFO ][2015-12-15 17:17:55,060][com.java.TestType] [10217] - Action Type : WAITFORELEMENT
[INFO ][2015-12-15 17:17:55,083][com.java.TestType] [10236] -  RESULT true
[INFO ][2015-12-15 17:17:55,083][com.java.TestType] [10353] - ?   P A S S   ?
[DEBUG][2015-12-15 17:17:55,083][com.java.TestType] [10159] - Concept ID:7 :: Step being Executed: 7::34
[ERROR][2015-12-15 17:17:55,083][com.java.TestType] [10192] - Exception: null
[INFO ][2015-12-15 17:17:55,083][com.java.TestType] [10197] - dataFields : XPH//span[contains(text(), 'Finished')]
[DEBUG][2015-12-15 17:17:55,083][com.java.TestType] [10203] - <In Set values of the page>
[DEBUG][2015-12-15 17:17:55,083][com.java.TestType] [10208] - {Data Fields & Data Values Exist}
[INFO ][2015-12-15 17:17:55,083][com.java.TestType] [10214] - --------------------------setting values-----------------------------
[INFO ][2015-12-15 17:17:55,083][com.java.TestType] [10217] - Action Type : CLICK
[INFO ][2015-12-15 17:17:55,084][com.java.TestType] [ 5861] - Field ::XPH//span[contains(text(), 'Finished')]
[INFO ][2015-12-15 17:17:55,084][com.java.TestType] [ 5505] - value = 
[INFO ][2015-12-15 17:17:56,084][com.java.TestType] [ 5998] - BEFORE CLICK
[INFO ][2015-12-15 17:17:56,847][com.java.TestType] [ 6006] - Unable to click the object Finished button
[INFO ][2015-12-15 17:17:56,847][com.java.TestType] [10236] -  RESULT true
[INFO ][2015-12-15 17:17:56,847][com.java.TestType] [10353] - ?   P A S S   ?
[DEBUG][2015-12-15 17:17:56,847][com.java.TestType] [10159] - Concept ID:7 :: Step being Executed: 7::35
[INFO ][2015-12-15 17:17:56,848][com.java.TestType] [10197] - dataFields : test
[DEBUG][2015-12-15 17:17:56,848][com.java.TestType] [10203] - <In Set values of the page>
[DEBUG][2015-12-15 17:17:56,848][com.java.TestType] [10208] - {Data Fields & Data Values Exist}
[INFO ][2015-12-15 17:17:56,848][com.java.TestType] [10214] - --------------------------setting values-----------------------------
[INFO ][2015-12-15 17:17:56,848][com.java.TestType] [10217] - Action Type : WaitTime
[DEBUG][2015-12-15 17:17:56,848][com.java.TestType] [ 5325] - sleepTime: 5000
[INFO ][2015-12-15 17:18:01,849][com.java.TestType] [10236] -  RESULT true
[INFO ][2015-12-15 17:18:01,849][com.java.TestType] [10353] - ?   P A S S   ?
[DEBUG][2015-12-15 17:18:01,849][com.java.TestType] [10159] - Concept ID:7 :: Step being Executed: 7::36
[ERROR][2015-12-15 17:18:01,849][com.java.TestType] [10192] - Exception: null
[INFO ][2015-12-15 17:18:01,849][com.java.TestType] [10197] - dataFields : BTNparent
[DEBUG][2015-12-15 17:18:01,849][com.java.TestType] [10203] - <In Set values of the page>
[DEBUG][2015-12-15 17:18:01,849][com.java.TestType] [10208] - {Data Fields & Data Values Exist}
[INFO ][2015-12-15 17:18:01,849][com.java.TestType] [10214] - --------------------------setting values-----------------------------
[INFO ][2015-12-15 17:18:01,849][com.java.TestType] [10217] - Action Type : SELECTFRAME
[INFO ][2015-12-15 17:18:01,862][com.java.TestType] [10236] -  RESULT true
[INFO ][2015-12-15 17:18:01,862][com.java.TestType] [10353] - ?   P A S S   ?
[INFO ][2015-12-15 17:18:01,862][com.java.TestType] [10424] - Looping End......
[INFO ][2015-12-15 17:18:01,866][com.java.SeleniumDriver] [  894] -  RESULT true
[INFO ][2015-12-15 17:18:01,866][com.java.SeleniumDriver] [ 1100] - ?   P A S S   ?
[INFO ][2015-12-15 17:18:01,866][com.java.SeleniumDriver] [  821] - ------------------------------------------
[INFO ][2015-12-15 17:18:01,866][com.java.SeleniumDriver] [  822] - Test case being Executed: 14
[INFO ][2015-12-15 17:18:01,866][com.java.SeleniumDriver] [  833] - Test step:5
[INFO ][2015-12-15 17:18:01,866][com.java.SeleniumDriver] [  845] - Datavalue is----------HMVPackageName
[INFO ][2015-12-15 17:18:01,866][com.java.SeleniumDriver] [  869] - DataField : FCV//span
[INFO ][2015-12-15 17:18:01,866][com.java.SeleniumDriver] [  871] - DataValue : HMVPackageName
[INFO ][2015-12-15 17:18:01,866][com.java.SeleniumDriver] [  877] - <In Set values of the page>
[INFO ][2015-12-15 17:18:01,866][com.java.SeleniumDriver] [  880] - {Data Fields & Data Values Exist}
[INFO ][2015-12-15 17:18:01,867][com.java.SeleniumDriver] [  882] - --------------------------setting values-----------------------------
[INFO ][2015-12-15 17:18:01,867][com.java.SeleniumDriver] [  885] - Action Type : CLICK
[INFO ][2015-12-15 17:18:01,867][com.java.TestType] [ 5861] - Field ::FCV//span
[INFO ][2015-12-15 17:18:01,867][com.java.TestType] [ 5505] - value = VL_Test#42038
[INFO ][2015-12-15 17:18:02,867][com.java.TestType] [ 5879] - BEFORE CLICK on //span[contains(text(),'VL_Test#42038')]
[INFO ][2015-12-15 17:18:03,385][com.java.SeleniumDriver] [  894] -  RESULT true
[INFO ][2015-12-15 17:18:03,385][com.java.SeleniumDriver] [ 1100] - ?   P A S S   ?
[INFO ][2015-12-15 17:18:03,385][com.java.SeleniumDriver] [  821] - ------------------------------------------
[INFO ][2015-12-15 17:18:03,386][com.java.SeleniumDriver] [  822] - Test case being Executed: 14
[INFO ][2015-12-15 17:18:03,386][com.java.SeleniumDriver] [  833] - Test step:6
[INFO ][2015-12-15 17:18:03,386][com.java.SeleniumDriver] [  845] - Datavalue is----------10
[INFO ][2015-12-15 17:18:03,386][com.java.SeleniumDriver] [  869] - DataField : null
[INFO ][2015-12-15 17:18:03,387][com.java.SeleniumDriver] [  871] - DataValue : 10
[INFO ][2015-12-15 17:18:03,387][com.java.SeleniumDriver] [  877] - <In Set values of the page>
[INFO ][2015-12-15 17:18:03,387][com.java.SeleniumDriver] [  880] - {Data Fields & Data Values Exist}
[INFO ][2015-12-15 17:18:03,387][com.java.SeleniumDriver] [  882] - --------------------------setting values-----------------------------
[INFO ][2015-12-15 17:18:03,387][com.java.SeleniumDriver] [  885] - Action Type : WAITTIME
[DEBUG][2015-12-15 17:18:03,387][com.java.TestType] [ 5325] - sleepTime: 10000
[INFO ][2015-12-15 17:18:13,388][com.java.SeleniumDriver] [  894] -  RESULT true
[INFO ][2015-12-15 17:18:13,388][com.java.SeleniumDriver] [ 1100] - ?   P A S S   ?
[INFO ][2015-12-15 17:18:13,388][com.java.SeleniumDriver] [  821] - ------------------------------------------
[INFO ][2015-12-15 17:18:13,388][com.java.SeleniumDriver] [  822] - Test case being Executed: 14
[INFO ][2015-12-15 17:18:13,388][com.java.SeleniumDriver] [  833] - Test step:7
[INFO ][2015-12-15 17:18:13,388][com.java.SeleniumDriver] [  845] - Datavalue is----------Concept#10:1-12
[INFO ][2015-12-15 17:18:13,388][com.java.SeleniumDriver] [  869] - DataField : test
[INFO ][2015-12-15 17:18:13,388][com.java.SeleniumDriver] [  871] - DataValue : Concept#10:1-12
[INFO ][2015-12-15 17:18:13,388][com.java.SeleniumDriver] [  877] - <In Set values of the page>
[INFO ][2015-12-15 17:18:13,388][com.java.SeleniumDriver] [  880] - {Data Fields & Data Values Exist}
[INFO ][2015-12-15 17:18:13,388][com.java.SeleniumDriver] [  882] - --------------------------setting values-----------------------------
[INFO ][2015-12-15 17:18:13,389][com.java.SeleniumDriver] [  885] - Action Type : ExecuteTestCase
[INFO ][2015-12-15 17:18:13,390][com.java.TestType] [  437] - The Concept sheet name is ---------- Concept
[INFO ][2015-12-15 17:18:13,390][com.java.TestType] [  440] - The Concept ID  is ---------- 10
[DEBUG][2015-12-15 17:18:13,390][com.java.TestType] [  444] - Steps being executted in the Concept are: 1:12
[INFO ][2015-12-15 17:18:13,390][com.java.TestType] [  451] - Test data details path ---------- D:\BankersDashboard\TestInputs\TestData.xls
[INFO ][2015-12-15 17:18:13,422][com.java.TestType] [  482] -  str(1) = 10
[INFO ][2015-12-15 17:18:13,422][com.java.TestType] [  485] - Test case Id is---10
[INFO ][2015-12-15 17:18:13,422][com.java.TestType] [  487] - 10
[INFO ][2015-12-15 17:18:13,422][com.java.TestType] [  482] -  str(2) = 1
[INFO ][2015-12-15 17:18:13,423][com.java.TestType] [  534] - row values are--------{1=com.java.Objects.TestDataDetails@cf9105}
[INFO ][2015-12-15 17:18:13,423][com.java.TestType] [  482] -  str(1) = 10
[INFO ][2015-12-15 17:18:13,423][com.java.TestType] [  485] - Test case Id is---10
[INFO ][2015-12-15 17:18:13,423][com.java.TestType] [  487] - 10
[INFO ][2015-12-15 17:18:13,423][com.java.TestType] [  482] -  str(2) = 2
[INFO ][2015-12-15 17:18:13,424][com.java.TestType] [  534] - row values are--------{1=com.java.Objects.TestDataDetails@cf9105, 2=com.java.Objects.TestDataDetails@b89281}
[INFO ][2015-12-15 17:18:13,424][com.java.TestType] [  482] -  str(1) = 10
[INFO ][2015-12-15 17:18:13,424][com.java.TestType] [  485] - Test case Id is---10
[INFO ][2015-12-15 17:18:13,424][com.java.TestType] [  487] - 10
[INFO ][2015-12-15 17:18:13,424][com.java.TestType] [  482] -  str(2) = 3
[INFO ][2015-12-15 17:18:13,425][com.java.TestType] [  534] - row values are--------{1=com.java.Objects.TestDataDetails@cf9105, 2=com.java.Objects.TestDataDetails@b89281, 3=com.java.Objects.TestDataDetails@1c513eb}
[INFO ][2015-12-15 17:18:13,425][com.java.TestType] [  482] -  str(1) = 10
[INFO ][2015-12-15 17:18:13,425][com.java.TestType] [  485] - Test case Id is---10
[INFO ][2015-12-15 17:18:13,425][com.java.TestType] [  487] - 10
[INFO ][2015-12-15 17:18:13,425][com.java.TestType] [  482] -  str(2) = 4
[INFO ][2015-12-15 17:18:13,426][com.java.TestType] [  534] - row values are--------{1=com.java.Objects.TestDataDetails@cf9105, 2=com.java.Objects.TestDataDetails@b89281, 3=com.java.Objects.TestDataDetails@1c513eb, 4=com.java.Objects.TestDataDetails@1557441}
[INFO ][2015-12-15 17:18:13,426][com.java.TestType] [  482] -  str(1) = 10
[INFO ][2015-12-15 17:18:13,426][com.java.TestType] [  485] - Test case Id is---10
[INFO ][2015-12-15 17:18:13,426][com.java.TestType] [  487] - 10
[INFO ][2015-12-15 17:18:13,426][com.java.TestType] [  482] -  str(2) = 5
[INFO ][2015-12-15 17:18:13,427][com.java.TestType] [  534] - row values are--------{1=com.java.Objects.TestDataDetails@cf9105, 2=com.java.Objects.TestDataDetails@b89281, 3=com.java.Objects.TestDataDetails@1c513eb, 4=com.java.Objects.TestDataDetails@1557441, 5=com.java.Objects.TestDataDetails@c89dad}
[INFO ][2015-12-15 17:18:13,427][com.java.TestType] [  482] -  str(1) = 10
[INFO ][2015-12-15 17:18:13,427][com.java.TestType] [  485] - Test case Id is---10
[INFO ][2015-12-15 17:18:13,427][com.java.TestType] [  487] - 10
[INFO ][2015-12-15 17:18:13,428][com.java.TestType] [  482] -  str(2) = 6
[INFO ][2015-12-15 17:18:13,428][com.java.TestType] [  534] - row values are--------{1=com.java.Objects.TestDataDetails@cf9105, 2=com.java.Objects.TestDataDetails@b89281, 3=com.java.Objects.TestDataDetails@1c513eb, 4=com.java.Objects.TestDataDetails@1557441, 5=com.java.Objects.TestDataDetails@c89dad, 6=com.java.Objects.TestDataDetails@1b5f576}
[INFO ][2015-12-15 17:18:13,428][com.java.TestType] [  482] -  str(1) = 10
[INFO ][2015-12-15 17:18:13,428][com.java.TestType] [  485] - Test case Id is---10
[INFO ][2015-12-15 17:18:13,428][com.java.TestType] [  487] - 10
[INFO ][2015-12-15 17:18:13,429][com.java.TestType] [  482] -  str(2) = 7
[INFO ][2015-12-15 17:18:13,429][com.java.TestType] [  534] - row values are--------{1=com.java.Objects.TestDataDetails@cf9105, 2=com.java.Objects.TestDataDetails@b89281, 3=com.java.Objects.TestDataDetails@1c513eb, 4=com.java.Objects.TestDataDetails@1557441, 5=com.java.Objects.TestDataDetails@c89dad, 6=com.java.Objects.TestDataDetails@1b5f576, 7=com.java.Objects.TestDataDetails@144d2cc}
[INFO ][2015-12-15 17:18:13,429][com.java.TestType] [  482] -  str(1) = 10
[INFO ][2015-12-15 17:18:13,429][com.java.TestType] [  485] - Test case Id is---10
[INFO ][2015-12-15 17:18:13,429][com.java.TestType] [  487] - 10
[INFO ][2015-12-15 17:18:13,430][com.java.TestType] [  482] -  str(2) = 8
[INFO ][2015-12-15 17:18:13,430][com.java.TestType] [  534] - row values are--------{1=com.java.Objects.TestDataDetails@cf9105, 2=com.java.Objects.TestDataDetails@b89281, 3=com.java.Objects.TestDataDetails@1c513eb, 4=com.java.Objects.TestDataDetails@1557441, 5=com.java.Objects.TestDataDetails@c89dad, 6=com.java.Objects.TestDataDetails@1b5f576, 7=com.java.Objects.TestDataDetails@144d2cc, 8=com.java.Objects.TestDataDetails@f62b64}
[INFO ][2015-12-15 17:18:13,430][com.java.TestType] [  482] -  str(1) = 10
[INFO ][2015-12-15 17:18:13,430][com.java.TestType] [  485] - Test case Id is---10
[INFO ][2015-12-15 17:18:13,430][com.java.TestType] [  487] - 10
[INFO ][2015-12-15 17:18:13,430][com.java.TestType] [  482] -  str(2) = 9
[INFO ][2015-12-15 17:18:13,431][com.java.TestType] [  534] - row values are--------{1=com.java.Objects.TestDataDetails@cf9105, 2=com.java.Objects.TestDataDetails@b89281, 3=com.java.Objects.TestDataDetails@1c513eb, 4=com.java.Objects.TestDataDetails@1557441, 5=com.java.Objects.TestDataDetails@c89dad, 6=com.java.Objects.TestDataDetails@1b5f576, 7=com.java.Objects.TestDataDetails@144d2cc, 8=com.java.Objects.TestDataDetails@f62b64, 9=com.java.Objects.TestDataDetails@f62b5a}
[INFO ][2015-12-15 17:18:13,431][com.java.TestType] [  482] -  str(1) = 10
[INFO ][2015-12-15 17:18:13,431][com.java.TestType] [  485] - Test case Id is---10
[INFO ][2015-12-15 17:18:13,431][com.java.TestType] [  487] - 10
[INFO ][2015-12-15 17:18:13,431][com.java.TestType] [  482] -  str(2) = 10
[INFO ][2015-12-15 17:18:13,432][com.java.TestType] [  534] - row values are--------{1=com.java.Objects.TestDataDetails@cf9105, 2=com.java.Objects.TestDataDetails@b89281, 3=com.java.Objects.TestDataDetails@1c513eb, 4=com.java.Objects.TestDataDetails@1557441, 5=com.java.Objects.TestDataDetails@c89dad, 6=com.java.Objects.TestDataDetails@1b5f576, 7=com.java.Objects.TestDataDetails@144d2cc, 8=com.java.Objects.TestDataDetails@f62b64, 9=com.java.Objects.TestDataDetails@f62b5a, 10=com.java.Objects.TestDataDetails@1f1c9}
[INFO ][2015-12-15 17:18:13,432][com.java.TestType] [  482] -  str(1) = 10
[INFO ][2015-12-15 17:18:13,432][com.java.TestType] [  485] - Test case Id is---10
[INFO ][2015-12-15 17:18:13,432][com.java.TestType] [  487] - 10
[INFO ][2015-12-15 17:18:13,432][com.java.TestType] [  482] -  str(2) = 11
[INFO ][2015-12-15 17:18:13,433][com.java.TestType] [  534] - row values are--------{1=com.java.Objects.TestDataDetails@cf9105, 2=com.java.Objects.TestDataDetails@b89281, 3=com.java.Objects.TestDataDetails@1c513eb, 4=com.java.Objects.TestDataDetails@1557441, 5=com.java.Objects.TestDataDetails@c89dad, 6=com.java.Objects.TestDataDetails@1b5f576, 7=com.java.Objects.TestDataDetails@144d2cc, 8=com.java.Objects.TestDataDetails@f62b64, 9=com.java.Objects.TestDataDetails@f62b5a, 10=com.java.Objects.TestDataDetails@1f1c9, 11=com.java.Objects.TestDataDetails@456946}
[INFO ][2015-12-15 17:18:13,433][com.java.TestType] [  482] -  str(1) = 10
[INFO ][2015-12-15 17:18:13,433][com.java.TestType] [  485] - Test case Id is---10
[INFO ][2015-12-15 17:18:13,433][com.java.TestType] [  487] - 10
[INFO ][2015-12-15 17:18:13,433][com.java.TestType] [  482] -  str(2) = 12
[INFO ][2015-12-15 17:18:13,434][com.java.TestType] [  534] - row values are--------{1=com.java.Objects.TestDataDetails@cf9105, 2=com.java.Objects.TestDataDetails@b89281, 3=com.java.Objects.TestDataDetails@1c513eb, 4=com.java.Objects.TestDataDetails@1557441, 5=com.java.Objects.TestDataDetails@c89dad, 6=com.java.Objects.TestDataDetails@1b5f576, 7=com.java.Objects.TestDataDetails@144d2cc, 8=com.java.Objects.TestDataDetails@f62b64, 9=com.java.Objects.TestDataDetails@f62b5a, 10=com.java.Objects.TestDataDetails@1f1c9, 11=com.java.Objects.TestDataDetails@456946, 12=com.java.Objects.TestDataDetails@76b1a9}
[INFO ][2015-12-15 17:18:13,434][com.java.TestType] [10118] - Looping 1TCID = 10
[DEBUG][2015-12-15 17:18:13,434][com.java.TestType] [10159] - Concept ID:10 :: Step being Executed: 10::1
[INFO ][2015-12-15 17:18:13,434][com.java.TestType] [10197] - dataFields : XPH//img[@id='loading']
[DEBUG][2015-12-15 17:18:13,434][com.java.TestType] [10203] - <In Set values of the page>
[DEBUG][2015-12-15 17:18:13,434][com.java.TestType] [10208] - {Data Fields & Data Values Exist}
[INFO ][2015-12-15 17:18:13,434][com.java.TestType] [10214] - --------------------------setting values-----------------------------
[INFO ][2015-12-15 17:18:13,434][com.java.TestType] [10217] - Action Type : WaitForElement
[INFO ][2015-12-15 17:18:13,479][com.java.TestType] [10236] -  RESULT true
[INFO ][2015-12-15 17:18:13,480][com.java.TestType] [10353] - ?   P A S S   ?
[DEBUG][2015-12-15 17:18:13,480][com.java.TestType] [10159] - Concept ID:10 :: Step being Executed: 10::2
[INFO ][2015-12-15 17:18:13,480][com.java.TestType] [10197] - dataFields : XPH//img[@id='loading']
[DEBUG][2015-12-15 17:18:13,480][com.java.TestType] [10203] - <In Set values of the page>
[DEBUG][2015-12-15 17:18:13,480][com.java.TestType] [10208] - {Data Fields & Data Values Exist}
[INFO ][2015-12-15 17:18:13,480][com.java.TestType] [10214] - --------------------------setting values-----------------------------
[INFO ][2015-12-15 17:18:13,480][com.java.TestType] [10217] - Action Type : waitForElementNotPresent
[INFO ][2015-12-15 17:18:13,597][com.java.TestType] [10236] -  RESULT true
[INFO ][2015-12-15 17:18:13,597][com.java.TestType] [10353] - ?   P A S S   ?
[DEBUG][2015-12-15 17:18:13,597][com.java.TestType] [10159] - Concept ID:10 :: Step being Executed: 10::3
[ERROR][2015-12-15 17:18:13,597][com.java.TestType] [10192] - Exception: null
[INFO ][2015-12-15 17:18:13,597][com.java.TestType] [10197] - dataFields : XPH//div[@id="innerTabs"]//a[contains(text(),'Income Statement')]
[DEBUG][2015-12-15 17:18:13,597][com.java.TestType] [10203] - <In Set values of the page>
[DEBUG][2015-12-15 17:18:13,597][com.java.TestType] [10208] - {Data Fields & Data Values Exist}
[INFO ][2015-12-15 17:18:13,597][com.java.TestType] [10214] - --------------------------setting values-----------------------------
[INFO ][2015-12-15 17:18:13,597][com.java.TestType] [10217] - Action Type : WAITFORELEMENT
[INFO ][2015-12-15 17:18:13,631][com.java.TestType] [10236] -  RESULT true
[INFO ][2015-12-15 17:18:13,631][com.java.TestType] [10353] - ?   P A S S   ?
[DEBUG][2015-12-15 17:18:13,632][com.java.TestType] [10159] - Concept ID:10 :: Step being Executed: 10::4
[ERROR][2015-12-15 17:18:13,632][com.java.TestType] [10192] - Exception: null
[INFO ][2015-12-15 17:18:13,632][com.java.TestType] [10197] - dataFields : XPH//div[@id="innerTabs"]//a[contains(text(),'Income Statement')]
[DEBUG][2015-12-15 17:18:13,632][com.java.TestType] [10203] - <In Set values of the page>
[DEBUG][2015-12-15 17:18:13,632][com.java.TestType] [10208] - {Data Fields & Data Values Exist}
[INFO ][2015-12-15 17:18:13,632][com.java.TestType] [10214] - --------------------------setting values-----------------------------
[INFO ][2015-12-15 17:18:13,632][com.java.TestType] [10217] - Action Type : CLICK
[INFO ][2015-12-15 17:18:13,632][com.java.TestType] [ 5861] - Field ::XPH//div[@id="innerTabs"]//a[contains(text(),'Income Statement')]
[INFO ][2015-12-15 17:18:13,632][com.java.TestType] [ 5505] - value = 
[INFO ][2015-12-15 17:18:14,632][com.java.TestType] [ 5998] - BEFORE CLICK
[INFO ][2015-12-15 17:18:15,955][com.java.TestType] [ 6006] - Unable to click the object Click on Balance sheet
[INFO ][2015-12-15 17:18:15,955][com.java.TestType] [10236] -  RESULT true
[INFO ][2015-12-15 17:18:15,955][com.java.TestType] [10353] - ?   P A S S   ?
[DEBUG][2015-12-15 17:18:15,955][com.java.TestType] [10159] - Concept ID:10 :: Step being Executed: 10::5
[ERROR][2015-12-15 17:18:15,955][com.java.TestType] [10192] - Exception: null
[INFO ][2015-12-15 17:18:15,955][com.java.TestType] [10197] - dataFields : Calendar
[DEBUG][2015-12-15 17:18:15,955][com.java.TestType] [10203] - <In Set values of the page>
[DEBUG][2015-12-15 17:18:15,955][com.java.TestType] [10208] - {Data Fields & Data Values Exist}
[INFO ][2015-12-15 17:18:15,955][com.java.TestType] [10214] - --------------------------setting values-----------------------------
[INFO ][2015-12-15 17:18:15,956][com.java.TestType] [10217] - Action Type : GLREPORTHEADER
[INFO ][2015-12-15 17:18:16,353][com.java.TestType] [10236] -  RESULT true
[INFO ][2015-12-15 17:18:16,353][com.java.TestType] [10353] - ?   P A S S   ?
[DEBUG][2015-12-15 17:18:16,353][com.java.TestType] [10159] - Concept ID:10 :: Step being Executed: 10::6
[INFO ][2015-12-15 17:18:16,353][com.java.TestType] [10197] - dataFields : null
[DEBUG][2015-12-15 17:18:16,353][com.java.TestType] [10203] - <In Set values of the page>
[INFO ][2015-12-15 17:18:16,353][com.java.TestType] [10353] - ?   P A S S   ?
[DEBUG][2015-12-15 17:18:16,353][com.java.TestType] [10159] - Concept ID:10 :: Step being Executed: 10::7
[ERROR][2015-12-15 17:18:16,353][com.java.TestType] [10192] - Exception: null
[INFO ][2015-12-15 17:18:16,353][com.java.TestType] [10197] - dataFields : XPH//div[@id="Panel-2-0"]//div[contains(text(),'Interest on Loans')]
[DEBUG][2015-12-15 17:18:16,353][com.java.TestType] [10203] - <In Set values of the page>
[DEBUG][2015-12-15 17:18:16,354][com.java.TestType] [10208] - {Data Fields & Data Values Exist}
[INFO ][2015-12-15 17:18:16,354][com.java.TestType] [10214] - --------------------------setting values-----------------------------
[INFO ][2015-12-15 17:18:16,354][com.java.TestType] [10217] - Action Type : CLICK
[INFO ][2015-12-15 17:18:16,354][com.java.TestType] [ 5861] - Field ::XPH//div[@id="Panel-2-0"]//div[contains(text(),'Interest on Loans')]
[INFO ][2015-12-15 17:18:16,354][com.java.TestType] [ 5505] - value = 
[INFO ][2015-12-15 17:18:17,354][com.java.TestType] [ 5998] - BEFORE CLICK
[ERROR][2015-12-15 17:18:18,133][com.java.TestType] [ 6172] - Exception in click:: Element //div[@id="Panel-2-0"]//div[contains(text(),'Interest on Loans')] not found
[INFO ][2015-12-15 17:18:18,133][com.java.TestType] [ 6176] - Element :://div[@id="Panel-2-0"]//div[contains(text(),'Interest on Loans')]:: not found
[INFO ][2015-12-15 17:18:18,133][com.java.TestType] [10236] -  RESULT false
[INFO ][2015-12-15 17:18:18,133][com.java.TestType] [10274] - ?   F A I L   ?
[DEBUG][2015-12-15 17:18:18,133][com.java.TestType] [10277] - Browser Type : IE10
[DEBUG][2015-12-15 17:18:18,134][com.java.TestType] [10159] - Concept ID:10 :: Step being Executed: 10::8
[ERROR][2015-12-15 17:18:18,134][com.java.TestType] [10192] - Exception: null
[INFO ][2015-12-15 17:18:18,134][com.java.TestType] [10197] - dataFields : XPH//div[@id="Panel-3-0"]//div[contains(text(),'Interest on Loans')]
[DEBUG][2015-12-15 17:18:18,134][com.java.TestType] [10203] - <In Set values of the page>
[DEBUG][2015-12-15 17:18:18,134][com.java.TestType] [10208] - {Data Fields & Data Values Exist}
[INFO ][2015-12-15 17:18:18,134][com.java.TestType] [10214] - --------------------------setting values-----------------------------
[INFO ][2015-12-15 17:18:18,134][com.java.TestType] [10217] - Action Type : CLICK
[INFO ][2015-12-15 17:18:18,134][com.java.TestType] [ 5861] - Field ::XPH//div[@id="Panel-3-0"]//div[contains(text(),'Interest on Loans')]
[INFO ][2015-12-15 17:18:18,134][com.java.TestType] [ 5505] - value = 
[INFO ][2015-12-15 17:18:19,134][com.java.TestType] [ 5998] - BEFORE CLICK
[INFO ][2015-12-15 17:18:21,041][com.java.TestType] [ 6006] - Unable to click the object Click on first Drill down 
[INFO ][2015-12-15 17:18:21,041][com.java.TestType] [10236] -  RESULT true
[INFO ][2015-12-15 17:18:21,041][com.java.TestType] [10353] - ?   P A S S   ?
[DEBUG][2015-12-15 17:18:21,041][com.java.TestType] [10159] - Concept ID:10 :: Step being Executed: 10::9
[INFO ][2015-12-15 17:18:21,041][com.java.TestType] [10197] - dataFields : null
[DEBUG][2015-12-15 17:18:21,041][com.java.TestType] [10203] - <In Set values of the page>
[INFO ][2015-12-15 17:18:21,041][com.java.TestType] [10353] - ?   P A S S   ?
[DEBUG][2015-12-15 17:18:21,041][com.java.TestType] [10159] - Concept ID:10 :: Step being Executed: 10::10
[INFO ][2015-12-15 17:18:21,041][com.java.TestType] [10197] - dataFields : XPH//img[@id='loading']
[DEBUG][2015-12-15 17:18:21,041][com.java.TestType] [10203] - <In Set values of the page>
[DEBUG][2015-12-15 17:18:21,042][com.java.TestType] [10208] - {Data Fields & Data Values Exist}
[INFO ][2015-12-15 17:18:21,042][com.java.TestType] [10214] - --------------------------setting values-----------------------------
[INFO ][2015-12-15 17:18:21,042][com.java.TestType] [10217] - Action Type : WaitForElement
[INFO ][2015-12-15 17:18:21,075][com.java.TestType] [10236] -  RESULT true
[INFO ][2015-12-15 17:18:21,075][com.java.TestType] [10353] - ?   P A S S   ?
[DEBUG][2015-12-15 17:18:21,075][com.java.TestType] [10159] - Concept ID:10 :: Step being Executed: 10::11
[INFO ][2015-12-15 17:18:21,075][com.java.TestType] [10197] - dataFields : XPH//img[@id='loading']
[DEBUG][2015-12-15 17:18:21,075][com.java.TestType] [10203] - <In Set values of the page>
[DEBUG][2015-12-15 17:18:21,075][com.java.TestType] [10208] - {Data Fields & Data Values Exist}
[INFO ][2015-12-15 17:18:21,075][com.java.TestType] [10214] - --------------------------setting values-----------------------------
[INFO ][2015-12-15 17:18:21,075][com.java.TestType] [10217] - Action Type : waitForElementNotPresent
[INFO ][2015-12-15 17:18:23,873][com.java.TestType] [10236] -  RESULT true
[INFO ][2015-12-15 17:18:23,873][com.java.TestType] [10353] - ?   P A S S   ?
[DEBUG][2015-12-15 17:18:23,873][com.java.TestType] [10159] - Concept ID:10 :: Step being Executed: 10::12
[ERROR][2015-12-15 17:18:23,873][com.java.TestType] [10192] - Exception: null
[INFO ][2015-12-15 17:18:23,873][com.java.TestType] [10197] - dataFields : Calendar
[DEBUG][2015-12-15 17:18:23,873][com.java.TestType] [10203] - <In Set values of the page>
[DEBUG][2015-12-15 17:18:23,873][com.java.TestType] [10208] - {Data Fields & Data Values Exist}
[INFO ][2015-12-15 17:18:23,874][com.java.TestType] [10214] - --------------------------setting values-----------------------------
[INFO ][2015-12-15 17:18:23,874][com.java.TestType] [10217] - Action Type : GLREPORTHEADER
[INFO ][2015-12-15 17:18:23,990][com.java.TestType] [10236] -  RESULT true
[INFO ][2015-12-15 17:18:23,990][com.java.TestType] [10353] - ?   P A S S   ?
[INFO ][2015-12-15 17:18:23,990][com.java.TestType] [10424] - Looping End......
[INFO ][2015-12-15 17:18:23,994][com.java.SeleniumDriver] [  894] -  RESULT true
[INFO ][2015-12-15 17:18:23,994][com.java.SeleniumDriver] [ 1100] - ?   P A S S   ?
[INFO ][2015-12-15 17:18:23,994][com.java.SeleniumDriver] [  821] - ------------------------------------------
[INFO ][2015-12-15 17:18:23,994][com.java.SeleniumDriver] [  822] - Test case being Executed: 14
[INFO ][2015-12-15 17:18:23,994][com.java.SeleniumDriver] [  833] - Test step:8
[INFO ][2015-12-15 17:18:23,994][com.java.SeleniumDriver] [  845] - Datavalue is----------null
[DEBUG][2015-12-15 17:18:23,994][com.java.SeleniumDriver] [  863] - Exception: null
[INFO ][2015-12-15 17:18:23,995][com.java.SeleniumDriver] [  869] - DataField : BTNcloseAllTabs
[INFO ][2015-12-15 17:18:23,995][com.java.SeleniumDriver] [  871] - DataValue : 
[INFO ][2015-12-15 17:18:23,995][com.java.SeleniumDriver] [  877] - <In Set values of the page>
[INFO ][2015-12-15 17:18:23,995][com.java.SeleniumDriver] [  880] - {Data Fields & Data Values Exist}
[INFO ][2015-12-15 17:18:23,995][com.java.SeleniumDriver] [  882] - --------------------------setting values-----------------------------
[INFO ][2015-12-15 17:18:23,995][com.java.SeleniumDriver] [  885] - Action Type : CLICK
[INFO ][2015-12-15 17:18:23,995][com.java.TestType] [ 5861] - Field ::BTNcloseAllTabs
[INFO ][2015-12-15 17:18:23,995][com.java.TestType] [ 5505] - value = 
[INFO ][2015-12-15 17:18:24,995][com.java.TestType] [ 5977] - BEFORE CLICK
[INFO ][2015-12-15 17:18:26,745][com.java.TestType] [ 5984] - Unable to click the object Close all tabs button
[INFO ][2015-12-15 17:18:26,746][com.java.SeleniumDriver] [  894] -  RESULT true
[INFO ][2015-12-15 17:18:26,746][com.java.SeleniumDriver] [ 1100] - ?   P A S S   ?
[INFO ][2015-12-15 17:18:26,746][com.java.SeleniumDriver] [  821] - ------------------------------------------
[INFO ][2015-12-15 17:18:26,746][com.java.SeleniumDriver] [  822] - Test case being Executed: 14
[INFO ][2015-12-15 17:18:26,746][com.java.SeleniumDriver] [  833] - Test step:9
[INFO ][2015-12-15 17:18:26,746][com.java.SeleniumDriver] [  845] - Datavalue is----------appurl
[INFO ][2015-12-15 17:18:26,746][com.java.SeleniumDriver] [  869] - DataField : test
[INFO ][2015-12-15 17:18:26,746][com.java.SeleniumDriver] [  871] - DataValue : https://clients-xuat.bankersdashboard.com
[INFO ][2015-12-15 17:18:26,746][com.java.SeleniumDriver] [  877] - <In Set values of the page>
[INFO ][2015-12-15 17:18:26,746][com.java.SeleniumDriver] [  880] - {Data Fields & Data Values Exist}
[INFO ][2015-12-15 17:18:26,746][com.java.SeleniumDriver] [  882] - --------------------------setting values-----------------------------
[INFO ][2015-12-15 17:18:26,746][com.java.SeleniumDriver] [  885] - Action Type : OPENURL
[INFO ][2015-12-15 17:18:26,746][com.java.TestType] [ 5505] - value = https://clients-xuat.bankersdashboard.com
[INFO ][2015-12-15 17:18:26,746][com.java.TestType] [  353] - Open URL : https://clients-xuat.bankersdashboard.com
[INFO ][2015-12-15 17:18:29,029][com.java.SeleniumDriver] [  894] -  RESULT true
[INFO ][2015-12-15 17:18:29,029][com.java.SeleniumDriver] [ 1100] - ?   P A S S   ?
[INFO ][2015-12-15 17:18:29,029][com.java.SeleniumDriver] [  821] - ------------------------------------------
[INFO ][2015-12-15 17:18:29,029][com.java.SeleniumDriver] [  822] - Test case being Executed: 14
[INFO ][2015-12-15 17:18:29,029][com.java.SeleniumDriver] [  833] - Test step:10
[INFO ][2015-12-15 17:18:29,029][com.java.SeleniumDriver] [  845] - Datavalue is----------10
[INFO ][2015-12-15 17:18:29,029][com.java.SeleniumDriver] [  869] - DataField : XPH//div[@class='widgetBody']//tr[last()]
[INFO ][2015-12-15 17:18:29,030][com.java.SeleniumDriver] [  871] - DataValue : 10
[INFO ][2015-12-15 17:18:29,030][com.java.SeleniumDriver] [  877] - <In Set values of the page>
[INFO ][2015-12-15 17:18:29,030][com.java.SeleniumDriver] [  880] - {Data Fields & Data Values Exist}
[INFO ][2015-12-15 17:18:29,030][com.java.SeleniumDriver] [  882] - --------------------------setting values-----------------------------
[INFO ][2015-12-15 17:18:29,030][com.java.SeleniumDriver] [  885] - Action Type : WAITFORELEMENT
[INFO ][2015-12-15 17:18:37,786][com.java.SeleniumDriver] [  894] -  RESULT true
[INFO ][2015-12-15 17:18:37,786][com.java.SeleniumDriver] [ 1100] - ?   P A S S   ?
[INFO ][2015-12-15 17:18:37,786][com.java.SeleniumDriver] [  821] - ------------------------------------------
[INFO ][2015-12-15 17:18:37,786][com.java.SeleniumDriver] [  822] - Test case being Executed: 14
[INFO ][2015-12-15 17:18:37,786][com.java.SeleniumDriver] [  833] - Test step:11
[INFO ][2015-12-15 17:18:37,786][com.java.SeleniumDriver] [  845] - Datavalue is----------null
[DEBUG][2015-12-15 17:18:37,786][com.java.SeleniumDriver] [  863] - Exception: null
[INFO ][2015-12-15 17:18:37,786][com.java.SeleniumDriver] [  869] - DataField : //span[@class='icon-stack']&&//a[@data-id='RunPackage']
[INFO ][2015-12-15 17:18:37,786][com.java.SeleniumDriver] [  871] - DataValue : 
[INFO ][2015-12-15 17:18:37,786][com.java.SeleniumDriver] [  877] - <In Set values of the page>
[INFO ][2015-12-15 17:18:37,786][com.java.SeleniumDriver] [  880] - {Data Fields & Data Values Exist}
[INFO ][2015-12-15 17:18:37,786][com.java.SeleniumDriver] [  882] - --------------------------setting values-----------------------------
[INFO ][2015-12-15 17:18:37,787][com.java.SeleniumDriver] [  885] - Action Type : MOUSEOVER
[INFO ][2015-12-15 17:19:01,131][com.java.SeleniumDriver] [  894] -  RESULT true
[INFO ][2015-12-15 17:19:01,131][com.java.SeleniumDriver] [ 1100] - ?   P A S S   ?
[INFO ][2015-12-15 17:19:01,131][com.java.SeleniumDriver] [  821] - ------------------------------------------
[INFO ][2015-12-15 17:19:01,131][com.java.SeleniumDriver] [  822] - Test case being Executed: 14
[INFO ][2015-12-15 17:19:01,131][com.java.SeleniumDriver] [  833] - Test step:12
[INFO ][2015-12-15 17:19:01,131][com.java.SeleniumDriver] [  845] - Datavalue is----------5
[INFO ][2015-12-15 17:19:01,131][com.java.SeleniumDriver] [  869] - DataField : BTNframeDialogContent
[INFO ][2015-12-15 17:19:01,131][com.java.SeleniumDriver] [  871] - DataValue : 5
[INFO ][2015-12-15 17:19:01,131][com.java.SeleniumDriver] [  877] - <In Set values of the page>
[INFO ][2015-12-15 17:19:01,131][com.java.SeleniumDriver] [  880] - {Data Fields & Data Values Exist}
[INFO ][2015-12-15 17:19:01,131][com.java.SeleniumDriver] [  882] - --------------------------setting values-----------------------------
[INFO ][2015-12-15 17:19:01,131][com.java.SeleniumDriver] [  885] - Action Type : WaitForElement
[INFO ][2015-12-15 17:19:02,345][com.java.SeleniumDriver] [  894] -  RESULT true
[INFO ][2015-12-15 17:19:02,345][com.java.SeleniumDriver] [ 1100] - ?   P A S S   ?
[INFO ][2015-12-15 17:19:02,345][com.java.SeleniumDriver] [  821] - ------------------------------------------
[INFO ][2015-12-15 17:19:02,345][com.java.SeleniumDriver] [  822] - Test case being Executed: 14
[INFO ][2015-12-15 17:19:02,345][com.java.SeleniumDriver] [  833] - Test step:13
[INFO ][2015-12-15 17:19:02,345][com.java.SeleniumDriver] [  845] - Datavalue is----------null
[DEBUG][2015-12-15 17:19:02,345][com.java.SeleniumDriver] [  863] - Exception: null
[INFO ][2015-12-15 17:19:02,345][com.java.SeleniumDriver] [  869] - DataField : BTNframeDialogContent
[INFO ][2015-12-15 17:19:02,345][com.java.SeleniumDriver] [  871] - DataValue : 
[INFO ][2015-12-15 17:19:02,345][com.java.SeleniumDriver] [  877] - <In Set values of the page>
[INFO ][2015-12-15 17:19:02,346][com.java.SeleniumDriver] [  880] - {Data Fields & Data Values Exist}
[INFO ][2015-12-15 17:19:02,346][com.java.SeleniumDriver] [  882] - --------------------------setting values-----------------------------
[INFO ][2015-12-15 17:19:02,346][com.java.SeleniumDriver] [  885] - Action Type : SELECTFRAME
[INFO ][2015-12-15 17:19:03,577][com.java.SeleniumDriver] [  894] -  RESULT true
[INFO ][2015-12-15 17:19:03,577][com.java.SeleniumDriver] [ 1100] - ?   P A S S   ?
[INFO ][2015-12-15 17:19:03,577][com.java.SeleniumDriver] [  821] - ------------------------------------------
[INFO ][2015-12-15 17:19:03,577][com.java.SeleniumDriver] [  822] - Test case being Executed: 14
[INFO ][2015-12-15 17:19:03,577][com.java.SeleniumDriver] [  833] - Test step:14
[INFO ][2015-12-15 17:19:03,577][com.java.SeleniumDriver] [  845] - Datavalue is----------HMVPackageName
[INFO ][2015-12-15 17:19:03,577][com.java.SeleniumDriver] [  869] - DataField : BPSddlPackage
[INFO ][2015-12-15 17:19:03,577][com.java.SeleniumDriver] [  871] - DataValue : HMVPackageName
[INFO ][2015-12-15 17:19:03,577][com.java.SeleniumDriver] [  877] - <In Set values of the page>
[INFO ][2015-12-15 17:19:03,577][com.java.SeleniumDriver] [  880] - {Data Fields & Data Values Exist}
[INFO ][2015-12-15 17:19:03,577][com.java.SeleniumDriver] [  882] - --------------------------setting values-----------------------------
[INFO ][2015-12-15 17:19:03,577][com.java.SeleniumDriver] [  885] - Action Type : SELECT
[INFO ][2015-12-15 17:19:03,577][com.java.TestType] [ 5505] - value = VL_Test#42038
[INFO ][2015-12-15 17:19:05,997][com.java.SeleniumDriver] [  894] -  RESULT true
[INFO ][2015-12-15 17:19:05,997][com.java.SeleniumDriver] [ 1100] - ?   P A S S   ?
[INFO ][2015-12-15 17:19:05,997][com.java.SeleniumDriver] [  821] - ------------------------------------------
[INFO ][2015-12-15 17:19:05,997][com.java.SeleniumDriver] [  822] - Test case being Executed: 14
[INFO ][2015-12-15 17:19:05,998][com.java.SeleniumDriver] [  833] - Test step:15
[INFO ][2015-12-15 17:19:05,998][com.java.SeleniumDriver] [  845] - Datavalue is----------null
[DEBUG][2015-12-15 17:19:05,998][com.java.SeleniumDriver] [  863] - Exception: null
[INFO ][2015-12-15 17:19:05,998][com.java.SeleniumDriver] [  869] - DataField : BTN-1
[INFO ][2015-12-15 17:19:05,998][com.java.SeleniumDriver] [  871] - DataValue : 
[INFO ][2015-12-15 17:19:05,998][com.java.SeleniumDriver] [  877] - <In Set values of the page>
[INFO ][2015-12-15 17:19:05,998][com.java.SeleniumDriver] [  880] - {Data Fields & Data Values Exist}
[INFO ][2015-12-15 17:19:05,998][com.java.SeleniumDriver] [  882] - --------------------------setting values-----------------------------
[INFO ][2015-12-15 17:19:05,998][com.java.SeleniumDriver] [  885] - Action Type : CLICK
[INFO ][2015-12-15 17:19:05,998][com.java.TestType] [ 5861] - Field ::BTN-1
[INFO ][2015-12-15 17:19:05,998][com.java.TestType] [ 5505] - value = 
[INFO ][2015-12-15 17:19:06,998][com.java.TestType] [ 5977] - BEFORE CLICK
[INFO ][2015-12-15 17:19:08,219][com.java.TestType] [ 5984] - Unable to click the object Profit Centers>>Consolidated check box
[INFO ][2015-12-15 17:19:08,219][com.java.SeleniumDriver] [  894] -  RESULT true
[INFO ][2015-12-15 17:19:08,219][com.java.SeleniumDriver] [ 1100] - ?   P A S S   ?
[INFO ][2015-12-15 17:19:08,219][com.java.SeleniumDriver] [  821] - ------------------------------------------
[INFO ][2015-12-15 17:19:08,219][com.java.SeleniumDriver] [  822] - Test case being Executed: 14
[INFO ][2015-12-15 17:19:08,219][com.java.SeleniumDriver] [  833] - Test step:16
[INFO ][2015-12-15 17:19:08,219][com.java.SeleniumDriver] [  845] - Datavalue is----------index:1
[INFO ][2015-12-15 17:19:08,219][com.java.SeleniumDriver] [  869] - DataField : COBddlDate
[INFO ][2015-12-15 17:19:08,219][com.java.SeleniumDriver] [  871] - DataValue : index:1
[INFO ][2015-12-15 17:19:08,219][com.java.SeleniumDriver] [  877] - <In Set values of the page>
[INFO ][2015-12-15 17:19:08,219][com.java.SeleniumDriver] [  880] - {Data Fields & Data Values Exist}
[INFO ][2015-12-15 17:19:08,221][com.java.SeleniumDriver] [  882] - --------------------------setting values-----------------------------
[INFO ][2015-12-15 17:19:08,221][com.java.SeleniumDriver] [  885] - Action Type : SELECT
[INFO ][2015-12-15 17:19:08,221][com.java.TestType] [ 5505] - value = 1
[INFO ][2015-12-15 17:19:09,362][com.java.TestType] [ 5623] -  In COB ddlDate : 1
[INFO ][2015-12-15 17:19:09,582][com.java.SeleniumDriver] [  894] -  RESULT true
[INFO ][2015-12-15 17:19:09,583][com.java.SeleniumDriver] [ 1100] - ?   P A S S   ?
[INFO ][2015-12-15 17:19:09,583][com.java.SeleniumDriver] [  821] - ------------------------------------------
[INFO ][2015-12-15 17:19:09,583][com.java.SeleniumDriver] [  822] - Test case being Executed: 14
[INFO ][2015-12-15 17:19:09,583][com.java.SeleniumDriver] [  833] - Test step:17
[INFO ][2015-12-15 17:19:09,583][com.java.SeleniumDriver] [  845] - Datavalue is----------null
[DEBUG][2015-12-15 17:19:09,583][com.java.SeleniumDriver] [  863] - Exception: null
[INFO ][2015-12-15 17:19:09,583][com.java.SeleniumDriver] [  869] - DataField : BTNrdoScreen
[INFO ][2015-12-15 17:19:09,583][com.java.SeleniumDriver] [  871] - DataValue : 
[INFO ][2015-12-15 17:19:09,583][com.java.SeleniumDriver] [  877] - <In Set values of the page>
[INFO ][2015-12-15 17:19:09,583][com.java.SeleniumDriver] [  880] - {Data Fields & Data Values Exist}
[INFO ][2015-12-15 17:19:09,583][com.java.SeleniumDriver] [  882] - --------------------------setting values-----------------------------
[INFO ][2015-12-15 17:19:09,583][com.java.SeleniumDriver] [  885] - Action Type : CLICK
[INFO ][2015-12-15 17:19:09,583][com.java.TestType] [ 5861] - Field ::BTNrdoScreen
[INFO ][2015-12-15 17:19:09,583][com.java.TestType] [ 5505] - value = 
[INFO ][2015-12-15 17:19:10,584][com.java.TestType] [ 5977] - BEFORE CLICK
[INFO ][2015-12-15 17:19:11,801][com.java.TestType] [ 5984] - Unable to click the object Format Radiobuttons
[INFO ][2015-12-15 17:19:11,801][com.java.SeleniumDriver] [  894] -  RESULT true
[INFO ][2015-12-15 17:19:11,801][com.java.SeleniumDriver] [ 1100] - ?   P A S S   ?
[INFO ][2015-12-15 17:19:11,801][com.java.SeleniumDriver] [  821] - ------------------------------------------
[INFO ][2015-12-15 17:19:11,801][com.java.SeleniumDriver] [  822] - Test case being Executed: 14
[INFO ][2015-12-15 17:19:11,801][com.java.SeleniumDriver] [  833] - Test step:18
[INFO ][2015-12-15 17:19:11,801][com.java.SeleniumDriver] [  845] - Datavalue is----------null
[DEBUG][2015-12-15 17:19:11,801][com.java.SeleniumDriver] [  863] - Exception: null
[INFO ][2015-12-15 17:19:11,801][com.java.SeleniumDriver] [  869] - DataField : BTNparent
[INFO ][2015-12-15 17:19:11,801][com.java.SeleniumDriver] [  871] - DataValue : 
[INFO ][2015-12-15 17:19:11,801][com.java.SeleniumDriver] [  877] - <In Set values of the page>
[INFO ][2015-12-15 17:19:11,801][com.java.SeleniumDriver] [  880] - {Data Fields & Data Values Exist}
[INFO ][2015-12-15 17:19:11,802][com.java.SeleniumDriver] [  882] - --------------------------setting values-----------------------------
[INFO ][2015-12-15 17:19:11,802][com.java.SeleniumDriver] [  885] - Action Type : SELECTFRAME
[INFO ][2015-12-15 17:19:11,815][com.java.SeleniumDriver] [  894] -  RESULT true
[INFO ][2015-12-15 17:19:11,815][com.java.SeleniumDriver] [ 1100] - ?   P A S S   ?
[INFO ][2015-12-15 17:19:11,816][com.java.SeleniumDriver] [  821] - ------------------------------------------
[INFO ][2015-12-15 17:19:11,816][com.java.SeleniumDriver] [  822] - Test case being Executed: 14
[INFO ][2015-12-15 17:19:11,816][com.java.SeleniumDriver] [  833] - Test step:19
[INFO ][2015-12-15 17:19:11,816][com.java.SeleniumDriver] [  845] - Datavalue is----------null
[DEBUG][2015-12-15 17:19:11,817][com.java.SeleniumDriver] [  863] - Exception: null
[INFO ][2015-12-15 17:19:11,817][com.java.SeleniumDriver] [  869] - DataField : XPH//div[@class='ui-dialog-buttonset']/button
[INFO ][2015-12-15 17:19:11,817][com.java.SeleniumDriver] [  871] - DataValue : 
[INFO ][2015-12-15 17:19:11,817][com.java.SeleniumDriver] [  877] - <In Set values of the page>
[INFO ][2015-12-15 17:19:11,817][com.java.SeleniumDriver] [  880] - {Data Fields & Data Values Exist}
[INFO ][2015-12-15 17:19:11,817][com.java.SeleniumDriver] [  882] - --------------------------setting values-----------------------------
[INFO ][2015-12-15 17:19:11,817][com.java.SeleniumDriver] [  885] - Action Type : CLICK
[INFO ][2015-12-15 17:19:11,817][com.java.TestType] [ 5861] - Field ::XPH//div[@class='ui-dialog-buttonset']/button
[INFO ][2015-12-15 17:19:11,817][com.java.TestType] [ 5505] - value = 
[INFO ][2015-12-15 17:19:12,817][com.java.TestType] [ 5998] - BEFORE CLICK
[INFO ][2015-12-15 17:19:13,772][com.java.TestType] [ 6006] - Unable to click the object Run Package Button
[INFO ][2015-12-15 17:19:13,772][com.java.SeleniumDriver] [  894] -  RESULT true
[INFO ][2015-12-15 17:19:13,772][com.java.SeleniumDriver] [ 1100] - ?   P A S S   ?
[INFO ][2015-12-15 17:19:13,772][com.java.SeleniumDriver] [  821] - ------------------------------------------
[INFO ][2015-12-15 17:19:13,772][com.java.SeleniumDriver] [  822] - Test case being Executed: 14
[INFO ][2015-12-15 17:19:13,772][com.java.SeleniumDriver] [  833] - Test step:20
[INFO ][2015-12-15 17:19:13,772][com.java.SeleniumDriver] [  845] - Datavalue is----------null
[DEBUG][2015-12-15 17:19:13,772][com.java.SeleniumDriver] [  863] - Exception: null
[INFO ][2015-12-15 17:19:13,772][com.java.SeleniumDriver] [  869] - DataField : XPH//td[@class='ReportTitle']
[INFO ][2015-12-15 17:19:13,772][com.java.SeleniumDriver] [  871] - DataValue : 
[INFO ][2015-12-15 17:19:13,772][com.java.SeleniumDriver] [  877] - <In Set values of the page>
[INFO ][2015-12-15 17:19:13,772][com.java.SeleniumDriver] [  880] - {Data Fields & Data Values Exist}
[INFO ][2015-12-15 17:19:13,772][com.java.SeleniumDriver] [  882] - --------------------------setting values-----------------------------
[INFO ][2015-12-15 17:19:13,773][com.java.SeleniumDriver] [  885] - Action Type : WAITFORELEMENT
[INFO ][2015-12-15 17:19:17,031][com.java.SeleniumDriver] [  894] -  RESULT true
[INFO ][2015-12-15 17:19:17,031][com.java.SeleniumDriver] [ 1100] - ?   P A S S   ?
[INFO ][2015-12-15 17:19:17,031][com.java.SeleniumDriver] [  821] - ------------------------------------------
[INFO ][2015-12-15 17:19:17,031][com.java.SeleniumDriver] [  822] - Test case being Executed: 14
[INFO ][2015-12-15 17:19:17,031][com.java.SeleniumDriver] [  833] - Test step:21
[INFO ][2015-12-15 17:19:17,032][com.java.SeleniumDriver] [  845] - Datavalue is----------//div[@id='innerTabs']/ul/li
[INFO ][2015-12-15 17:19:17,032][com.java.SeleniumDriver] [  869] - DataField : BTN
[INFO ][2015-12-15 17:19:17,032][com.java.SeleniumDriver] [  871] - DataValue : //div[@id='innerTabs']/ul/li
[INFO ][2015-12-15 17:19:17,032][com.java.SeleniumDriver] [  877] - <In Set values of the page>
[INFO ][2015-12-15 17:19:17,032][com.java.SeleniumDriver] [  880] - {Data Fields & Data Values Exist}
[INFO ][2015-12-15 17:19:17,032][com.java.SeleniumDriver] [  882] - --------------------------setting values-----------------------------
[INFO ][2015-12-15 17:19:17,032][com.java.SeleniumDriver] [  885] - Action Type : VERIFY
[INFO ][2015-12-15 17:19:17,032][com.java.TestType] [ 6804] - field= BTN value= //div[@id='innerTabs']/ul/li
[INFO ][2015-12-15 17:19:17,032][com.java.TestType] [ 5505] - value = //div[@id='innerTabs']/ul/li
[INFO ][2015-12-15 17:19:17,117][com.java.SeleniumDriver] [  894] -  RESULT true
[INFO ][2015-12-15 17:19:17,117][com.java.SeleniumDriver] [ 1100] - ?   P A S S   ?
[INFO ][2015-12-15 17:19:17,117][com.java.SeleniumDriver] [  821] - ------------------------------------------
[INFO ][2015-12-15 17:19:17,117][com.java.SeleniumDriver] [  822] - Test case being Executed: 14
[INFO ][2015-12-15 17:19:17,117][com.java.SeleniumDriver] [  833] - Test step:22
[INFO ][2015-12-15 17:19:17,117][com.java.SeleniumDriver] [  845] - Datavalue is----------Concept#10:1-4
[INFO ][2015-12-15 17:19:17,117][com.java.SeleniumDriver] [  869] - DataField : test
[INFO ][2015-12-15 17:19:17,117][com.java.SeleniumDriver] [  871] - DataValue : Concept#10:1-4
[INFO ][2015-12-15 17:19:17,117][com.java.SeleniumDriver] [  877] - <In Set values of the page>
[INFO ][2015-12-15 17:19:17,117][com.java.SeleniumDriver] [  880] - {Data Fields & Data Values Exist}
[INFO ][2015-12-15 17:19:17,117][com.java.SeleniumDriver] [  882] - --------------------------setting values-----------------------------
[INFO ][2015-12-15 17:19:17,117][com.java.SeleniumDriver] [  885] - Action Type : ExecuteTestCase
[INFO ][2015-12-15 17:19:17,118][com.java.TestType] [  437] - The Concept sheet name is ---------- Concept
[INFO ][2015-12-15 17:19:17,118][com.java.TestType] [  440] - The Concept ID  is ---------- 10
[DEBUG][2015-12-15 17:19:17,118][com.java.TestType] [  444] - Steps being executted in the Concept are: 1:4
[INFO ][2015-12-15 17:19:17,118][com.java.TestType] [  451] - Test data details path ---------- D:\BankersDashboard\TestInputs\TestData.xls
[INFO ][2015-12-15 17:19:17,149][com.java.TestType] [  482] -  str(1) = 10
[INFO ][2015-12-15 17:19:17,149][com.java.TestType] [  485] - Test case Id is---10
[INFO ][2015-12-15 17:19:17,149][com.java.TestType] [  487] - 10
[INFO ][2015-12-15 17:19:17,149][com.java.TestType] [  482] -  str(2) = 1
[INFO ][2015-12-15 17:19:17,151][com.java.TestType] [  534] - row values are--------{1=com.java.Objects.TestDataDetails@537945}
[INFO ][2015-12-15 17:19:17,151][com.java.TestType] [  482] -  str(1) = 10
[INFO ][2015-12-15 17:19:17,151][com.java.TestType] [  485] - Test case Id is---10
[INFO ][2015-12-15 17:19:17,151][com.java.TestType] [  487] - 10
[INFO ][2015-12-15 17:19:17,151][com.java.TestType] [  482] -  str(2) = 2
[INFO ][2015-12-15 17:19:17,152][com.java.TestType] [  534] - row values are--------{1=com.java.Objects.TestDataDetails@537945, 2=com.java.Objects.TestDataDetails@1efa1f8}
[INFO ][2015-12-15 17:19:17,152][com.java.TestType] [  482] -  str(1) = 10
[INFO ][2015-12-15 17:19:17,152][com.java.TestType] [  485] - Test case Id is---10
[INFO ][2015-12-15 17:19:17,152][com.java.TestType] [  487] - 10
[INFO ][2015-12-15 17:19:17,152][com.java.TestType] [  482] -  str(2) = 3
[INFO ][2015-12-15 17:19:17,152][com.java.TestType] [  534] - row values are--------{1=com.java.Objects.TestDataDetails@537945, 2=com.java.Objects.TestDataDetails@1efa1f8, 3=com.java.Objects.TestDataDetails@120ad65}
[INFO ][2015-12-15 17:19:17,153][com.java.TestType] [  482] -  str(1) = 10
[INFO ][2015-12-15 17:19:17,153][com.java.TestType] [  485] - Test case Id is---10
[INFO ][2015-12-15 17:19:17,153][com.java.TestType] [  487] - 10
[INFO ][2015-12-15 17:19:17,153][com.java.TestType] [  482] -  str(2) = 4
[INFO ][2015-12-15 17:19:17,154][com.java.TestType] [  534] - row values are--------{1=com.java.Objects.TestDataDetails@537945, 2=com.java.Objects.TestDataDetails@1efa1f8, 3=com.java.Objects.TestDataDetails@120ad65, 4=com.java.Objects.TestDataDetails@1c9af4d}
[INFO ][2015-12-15 17:19:17,154][com.java.TestType] [  482] -  str(1) = 10
[INFO ][2015-12-15 17:19:17,154][com.java.TestType] [  485] - Test case Id is---10
[INFO ][2015-12-15 17:19:17,154][com.java.TestType] [  487] - 10
[INFO ][2015-12-15 17:19:17,154][com.java.TestType] [  482] -  str(2) = 5
[INFO ][2015-12-15 17:19:17,155][com.java.TestType] [  534] - row values are--------{1=com.java.Objects.TestDataDetails@537945, 2=com.java.Objects.TestDataDetails@1efa1f8, 3=com.java.Objects.TestDataDetails@120ad65, 4=com.java.Objects.TestDataDetails@1c9af4d, 5=com.java.Objects.TestDataDetails@1df5801}
[INFO ][2015-12-15 17:19:17,155][com.java.TestType] [  482] -  str(1) = 10
[INFO ][2015-12-15 17:19:17,155][com.java.TestType] [  485] - Test case Id is---10
[INFO ][2015-12-15 17:19:17,155][com.java.TestType] [  487] - 10
[INFO ][2015-12-15 17:19:17,155][com.java.TestType] [  482] -  str(2) = 6
[INFO ][2015-12-15 17:19:17,156][com.java.TestType] [  534] - row values are--------{1=com.java.Objects.TestDataDetails@537945, 2=com.java.Objects.TestDataDetails@1efa1f8, 3=com.java.Objects.TestDataDetails@120ad65, 4=com.java.Objects.TestDataDetails@1c9af4d, 5=com.java.Objects.TestDataDetails@1df5801, 6=com.java.Objects.TestDataDetails@1f273b7}
[INFO ][2015-12-15 17:19:17,156][com.java.TestType] [  482] -  str(1) = 10
[INFO ][2015-12-15 17:19:17,156][com.java.TestType] [  485] - Test case Id is---10
[INFO ][2015-12-15 17:19:17,156][com.java.TestType] [  487] - 10
[INFO ][2015-12-15 17:19:17,156][com.java.TestType] [  482] -  str(2) = 7
[INFO ][2015-12-15 17:19:17,157][com.java.TestType] [  534] - row values are--------{1=com.java.Objects.TestDataDetails@537945, 2=com.java.Objects.TestDataDetails@1efa1f8, 3=com.java.Objects.TestDataDetails@120ad65, 4=com.java.Objects.TestDataDetails@1c9af4d, 5=com.java.Objects.TestDataDetails@1df5801, 6=com.java.Objects.TestDataDetails@1f273b7, 7=com.java.Objects.TestDataDetails@6032ce}
[INFO ][2015-12-15 17:19:17,157][com.java.TestType] [  482] -  str(1) = 10
[INFO ][2015-12-15 17:19:17,157][com.java.TestType] [  485] - Test case Id is---10
[INFO ][2015-12-15 17:19:17,157][com.java.TestType] [  487] - 10
[INFO ][2015-12-15 17:19:17,157][com.java.TestType] [  482] -  str(2) = 8
[INFO ][2015-12-15 17:19:17,158][com.java.TestType] [  534] - row values are--------{1=com.java.Objects.TestDataDetails@537945, 2=com.java.Objects.TestDataDetails@1efa1f8, 3=com.java.Objects.TestDataDetails@120ad65, 4=com.java.Objects.TestDataDetails@1c9af4d, 5=com.java.Objects.TestDataDetails@1df5801, 6=com.java.Objects.TestDataDetails@1f273b7, 7=com.java.Objects.TestDataDetails@6032ce, 8=com.java.Objects.TestDataDetails@10591a4}
[INFO ][2015-12-15 17:19:17,158][com.java.TestType] [  482] -  str(1) = 10
[INFO ][2015-12-15 17:19:17,158][com.java.TestType] [  485] - Test case Id is---10
[INFO ][2015-12-15 17:19:17,158][com.java.TestType] [  487] - 10
[INFO ][2015-12-15 17:19:17,158][com.java.TestType] [  482] -  str(2) = 9
[INFO ][2015-12-15 17:19:17,159][com.java.TestType] [  534] - row values are--------{1=com.java.Objects.TestDataDetails@537945, 2=com.java.Objects.TestDataDetails@1efa1f8, 3=com.java.Objects.TestDataDetails@120ad65, 4=com.java.Objects.TestDataDetails@1c9af4d, 5=com.java.Objects.TestDataDetails@1df5801, 6=com.java.Objects.TestDataDetails@1f273b7, 7=com.java.Objects.TestDataDetails@6032ce, 8=com.java.Objects.TestDataDetails@10591a4, 9=com.java.Objects.TestDataDetails@1545a38}
[INFO ][2015-12-15 17:19:17,159][com.java.TestType] [  482] -  str(1) = 10
[INFO ][2015-12-15 17:19:17,159][com.java.TestType] [  485] - Test case Id is---10
[INFO ][2015-12-15 17:19:17,159][com.java.TestType] [  487] - 10
[INFO ][2015-12-15 17:19:17,159][com.java.TestType] [  482] -  str(2) = 10
[INFO ][2015-12-15 17:19:17,160][com.java.TestType] [  534] - row values are--------{1=com.java.Objects.TestDataDetails@537945, 2=com.java.Objects.TestDataDetails@1efa1f8, 3=com.java.Objects.TestDataDetails@120ad65, 4=com.java.Objects.TestDataDetails@1c9af4d, 5=com.java.Objects.TestDataDetails@1df5801, 6=com.java.Objects.TestDataDetails@1f273b7, 7=com.java.Objects.TestDataDetails@6032ce, 8=com.java.Objects.TestDataDetails@10591a4, 9=com.java.Objects.TestDataDetails@1545a38, 10=com.java.Objects.TestDataDetails@45a87a}
[INFO ][2015-12-15 17:19:17,160][com.java.TestType] [  482] -  str(1) = 10
[INFO ][2015-12-15 17:19:17,160][com.java.TestType] [  485] - Test case Id is---10
[INFO ][2015-12-15 17:19:17,160][com.java.TestType] [  487] - 10
[INFO ][2015-12-15 17:19:17,160][com.java.TestType] [  482] -  str(2) = 11
[INFO ][2015-12-15 17:19:17,161][com.java.TestType] [  534] - row values are--------{1=com.java.Objects.TestDataDetails@537945, 2=com.java.Objects.TestDataDetails@1efa1f8, 3=com.java.Objects.TestDataDetails@120ad65, 4=com.java.Objects.TestDataDetails@1c9af4d, 5=com.java.Objects.TestDataDetails@1df5801, 6=com.java.Objects.TestDataDetails@1f273b7, 7=com.java.Objects.TestDataDetails@6032ce, 8=com.java.Objects.TestDataDetails@10591a4, 9=com.java.Objects.TestDataDetails@1545a38, 10=com.java.Objects.TestDataDetails@45a87a, 11=com.java.Objects.TestDataDetails@15155f0}
[INFO ][2015-12-15 17:19:17,161][com.java.TestType] [  482] -  str(1) = 10
[INFO ][2015-12-15 17:19:17,161][com.java.TestType] [  485] - Test case Id is---10
[INFO ][2015-12-15 17:19:17,161][com.java.TestType] [  487] - 10
[INFO ][2015-12-15 17:19:17,161][com.java.TestType] [  482] -  str(2) = 12
[INFO ][2015-12-15 17:19:17,162][com.java.TestType] [  534] - row values are--------{1=com.java.Objects.TestDataDetails@537945, 2=com.java.Objects.TestDataDetails@1efa1f8, 3=com.java.Objects.TestDataDetails@120ad65, 4=com.java.Objects.TestDataDetails@1c9af4d, 5=com.java.Objects.TestDataDetails@1df5801, 6=com.java.Objects.TestDataDetails@1f273b7, 7=com.java.Objects.TestDataDetails@6032ce, 8=com.java.Objects.TestDataDetails@10591a4, 9=com.java.Objects.TestDataDetails@1545a38, 10=com.java.Objects.TestDataDetails@45a87a, 11=com.java.Objects.TestDataDetails@15155f0, 12=com.java.Objects.TestDataDetails@5f7fd8}
[INFO ][2015-12-15 17:19:17,162][com.java.TestType] [10118] - Looping 1TCID = 10
[DEBUG][2015-12-15 17:19:17,162][com.java.TestType] [10159] - Concept ID:10 :: Step being Executed: 10::1
[INFO ][2015-12-15 17:19:17,163][com.java.TestType] [10197] - dataFields : XPH//img[@id='loading']
[DEBUG][2015-12-15 17:19:17,163][com.java.TestType] [10203] - <In Set values of the page>
[DEBUG][2015-12-15 17:19:17,163][com.java.TestType] [10208] - {Data Fields & Data Values Exist}
[INFO ][2015-12-15 17:19:17,163][com.java.TestType] [10214] - --------------------------setting values-----------------------------
[INFO ][2015-12-15 17:19:17,163][com.java.TestType] [10217] - Action Type : WaitForElement
[INFO ][2015-12-15 17:19:17,207][com.java.TestType] [10236] -  RESULT true
[INFO ][2015-12-15 17:19:17,207][com.java.TestType] [10353] - ?   P A S S   ?
[DEBUG][2015-12-15 17:19:17,207][com.java.TestType] [10159] - Concept ID:10 :: Step being Executed: 10::2
[INFO ][2015-12-15 17:19:17,207][com.java.TestType] [10197] - dataFields : XPH//img[@id='loading']
[DEBUG][2015-12-15 17:19:17,207][com.java.TestType] [10203] - <In Set values of the page>
[DEBUG][2015-12-15 17:19:17,207][com.java.TestType] [10208] - {Data Fields & Data Values Exist}
[INFO ][2015-12-15 17:19:17,207][com.java.TestType] [10214] - --------------------------setting values-----------------------------
[INFO ][2015-12-15 17:19:17,207][com.java.TestType] [10217] - Action Type : waitForElementNotPresent
[INFO ][2015-12-15 17:19:17,335][com.java.TestType] [10236] -  RESULT true
[INFO ][2015-12-15 17:19:17,335][com.java.TestType] [10353] - ?   P A S S   ?
[DEBUG][2015-12-15 17:19:17,335][com.java.TestType] [10159] - Concept ID:10 :: Step being Executed: 10::3
[ERROR][2015-12-15 17:19:17,335][com.java.TestType] [10192] - Exception: null
[INFO ][2015-12-15 17:19:17,335][com.java.TestType] [10197] - dataFields : XPH//div[@id="innerTabs"]//a[contains(text(),'Income Statement')]
[DEBUG][2015-12-15 17:19:17,335][com.java.TestType] [10203] - <In Set values of the page>
[DEBUG][2015-12-15 17:19:17,335][com.java.TestType] [10208] - {Data Fields & Data Values Exist}
[INFO ][2015-12-15 17:19:17,335][com.java.TestType] [10214] - --------------------------setting values-----------------------------
[INFO ][2015-12-15 17:19:17,335][com.java.TestType] [10217] - Action Type : WAITFORELEMENT
[INFO ][2015-12-15 17:19:17,368][com.java.TestType] [10236] -  RESULT true
[INFO ][2015-12-15 17:19:17,368][com.java.TestType] [10353] - ?   P A S S   ?
[DEBUG][2015-12-15 17:19:17,368][com.java.TestType] [10159] - Concept ID:10 :: Step being Executed: 10::4
[ERROR][2015-12-15 17:19:17,368][com.java.TestType] [10192] - Exception: null
[INFO ][2015-12-15 17:19:17,368][com.java.TestType] [10197] - dataFields : XPH//div[@id="innerTabs"]//a[contains(text(),'Income Statement')]
[DEBUG][2015-12-15 17:19:17,368][com.java.TestType] [10203] - <In Set values of the page>
[DEBUG][2015-12-15 17:19:17,368][com.java.TestType] [10208] - {Data Fields & Data Values Exist}
[INFO ][2015-12-15 17:19:17,368][com.java.TestType] [10214] - --------------------------setting values-----------------------------
[INFO ][2015-12-15 17:19:17,369][com.java.TestType] [10217] - Action Type : CLICK
[INFO ][2015-12-15 17:19:17,369][com.java.TestType] [ 5861] - Field ::XPH//div[@id="innerTabs"]//a[contains(text(),'Income Statement')]
[INFO ][2015-12-15 17:19:17,369][com.java.TestType] [ 5505] - value = 
[INFO ][2015-12-15 17:19:18,369][com.java.TestType] [ 5998] - BEFORE CLICK
[INFO ][2015-12-15 17:19:19,564][com.java.TestType] [ 6006] - Unable to click the object Click on Balance sheet
[INFO ][2015-12-15 17:19:19,564][com.java.TestType] [10236] -  RESULT true
[INFO ][2015-12-15 17:19:19,564][com.java.TestType] [10353] - ?   P A S S   ?
[INFO ][2015-12-15 17:19:19,564][com.java.TestType] [10424] - Looping End......
[INFO ][2015-12-15 17:19:19,568][com.java.SeleniumDriver] [  894] -  RESULT true
[INFO ][2015-12-15 17:19:19,568][com.java.SeleniumDriver] [ 1100] - ?   P A S S   ?
[INFO ][2015-12-15 17:19:19,568][com.java.SeleniumDriver] [  821] - ------------------------------------------
[INFO ][2015-12-15 17:19:19,568][com.java.SeleniumDriver] [  822] - Test case being Executed: 14
[INFO ][2015-12-15 17:19:19,568][com.java.SeleniumDriver] [  833] - Test step:23
[INFO ][2015-12-15 17:19:19,568][com.java.SeleniumDriver] [  845] - Datavalue is----------null
[DEBUG][2015-12-15 17:19:19,568][com.java.SeleniumDriver] [  863] - Exception: null
[INFO ][2015-12-15 17:19:19,568][com.java.SeleniumDriver] [  869] - DataField : BTNcloseAllTabs
[INFO ][2015-12-15 17:19:19,568][com.java.SeleniumDriver] [  871] - DataValue : 
[INFO ][2015-12-15 17:19:19,568][com.java.SeleniumDriver] [  877] - <In Set values of the page>
[INFO ][2015-12-15 17:19:19,569][com.java.SeleniumDriver] [  880] - {Data Fields & Data Values Exist}
[INFO ][2015-12-15 17:19:19,569][com.java.SeleniumDriver] [  882] - --------------------------setting values-----------------------------
[INFO ][2015-12-15 17:19:19,569][com.java.SeleniumDriver] [  885] - Action Type : CLICK
[INFO ][2015-12-15 17:19:19,569][com.java.TestType] [ 5861] - Field ::BTNcloseAllTabs
[INFO ][2015-12-15 17:19:19,569][com.java.TestType] [ 5505] - value = 
[INFO ][2015-12-15 17:19:20,569][com.java.TestType] [ 5977] - BEFORE CLICK
[INFO ][2015-12-15 17:19:23,362][com.java.TestType] [ 5984] - Unable to click the object Close all tabs button
[INFO ][2015-12-15 17:19:23,362][com.java.SeleniumDriver] [  894] -  RESULT true
[INFO ][2015-12-15 17:19:23,362][com.java.SeleniumDriver] [ 1100] - ?   P A S S   ?
[INFO ][2015-12-15 17:19:23,362][com.java.SeleniumDriver] [  821] - ------------------------------------------
[INFO ][2015-12-15 17:19:23,362][com.java.SeleniumDriver] [  822] - Test case being Executed: 14
[INFO ][2015-12-15 17:19:23,362][com.java.SeleniumDriver] [  833] - Test step:24
[INFO ][2015-12-15 17:19:23,362][com.java.SeleniumDriver] [  845] - Datavalue is----------appurl
[INFO ][2015-12-15 17:19:23,362][com.java.SeleniumDriver] [  869] - DataField : test
[INFO ][2015-12-15 17:19:23,362][com.java.SeleniumDriver] [  871] - DataValue : https://clients-xuat.bankersdashboard.com
[INFO ][2015-12-15 17:19:23,362][com.java.SeleniumDriver] [  877] - <In Set values of the page>
[INFO ][2015-12-15 17:19:23,362][com.java.SeleniumDriver] [  880] - {Data Fields & Data Values Exist}
[INFO ][2015-12-15 17:19:23,362][com.java.SeleniumDriver] [  882] - --------------------------setting values-----------------------------
[INFO ][2015-12-15 17:19:23,362][com.java.SeleniumDriver] [  885] - Action Type : OPENURL
[INFO ][2015-12-15 17:19:23,362][com.java.TestType] [ 5505] - value = https://clients-xuat.bankersdashboard.com
[INFO ][2015-12-15 17:19:23,363][com.java.TestType] [  353] - Open URL : https://clients-xuat.bankersdashboard.com
[INFO ][2015-12-15 17:19:25,830][com.java.SeleniumDriver] [  894] -  RESULT true
[INFO ][2015-12-15 17:19:25,830][com.java.SeleniumDriver] [ 1100] - ?   P A S S   ?
[INFO ][2015-12-15 17:19:25,830][com.java.SeleniumDriver] [  821] - ------------------------------------------
[INFO ][2015-12-15 17:19:25,830][com.java.SeleniumDriver] [  822] - Test case being Executed: 14
[INFO ][2015-12-15 17:19:25,830][com.java.SeleniumDriver] [  833] - Test step:25
[INFO ][2015-12-15 17:19:25,830][com.java.SeleniumDriver] [  845] - Datavalue is----------10
[INFO ][2015-12-15 17:19:25,830][com.java.SeleniumDriver] [  869] - DataField : XPH//div[@class='widgetBody']//tr[last()]
[INFO ][2015-12-15 17:19:25,830][com.java.SeleniumDriver] [  871] - DataValue : 10
[INFO ][2015-12-15 17:19:25,830][com.java.SeleniumDriver] [  877] - <In Set values of the page>
[INFO ][2015-12-15 17:19:25,830][com.java.SeleniumDriver] [  880] - {Data Fields & Data Values Exist}
[INFO ][2015-12-15 17:19:25,830][com.java.SeleniumDriver] [  882] - --------------------------setting values-----------------------------
[INFO ][2015-12-15 17:19:25,830][com.java.SeleniumDriver] [  885] - Action Type : WAITFORELEMENT
[INFO ][2015-12-15 17:19:31,298][com.java.SeleniumDriver] [  894] -  RESULT true
[INFO ][2015-12-15 17:19:31,298][com.java.SeleniumDriver] [ 1100] - ?   P A S S   ?
[INFO ][2015-12-15 17:19:31,298][com.java.SeleniumDriver] [  821] - ------------------------------------------
[INFO ][2015-12-15 17:19:31,298][com.java.SeleniumDriver] [  822] - Test case being Executed: 14
[INFO ][2015-12-15 17:19:31,298][com.java.SeleniumDriver] [  833] - Test step:26
[INFO ][2015-12-15 17:19:31,298][com.java.SeleniumDriver] [  845] - Datavalue is----------null
[DEBUG][2015-12-15 17:19:31,298][com.java.SeleniumDriver] [  863] - Exception: null
[INFO ][2015-12-15 17:19:31,298][com.java.SeleniumDriver] [  869] - DataField : //span[@class='icon-coin']&&//a[text()='Income Statement']&&//a[@data-id='ISHistorical']
[INFO ][2015-12-15 17:19:31,298][com.java.SeleniumDriver] [  871] - DataValue : 
[INFO ][2015-12-15 17:19:31,298][com.java.SeleniumDriver] [  877] - <In Set values of the page>
[INFO ][2015-12-15 17:19:31,298][com.java.SeleniumDriver] [  880] - {Data Fields & Data Values Exist}
[INFO ][2015-12-15 17:19:31,299][com.java.SeleniumDriver] [  882] - --------------------------setting values-----------------------------
[INFO ][2015-12-15 17:19:31,299][com.java.SeleniumDriver] [  885] - Action Type : MouseOver
[INFO ][2015-12-15 17:19:58,588][com.java.SeleniumDriver] [  894] -  RESULT true
[INFO ][2015-12-15 17:19:58,588][com.java.SeleniumDriver] [ 1100] - ?   P A S S   ?
[INFO ][2015-12-15 17:19:58,588][com.java.SeleniumDriver] [  821] - ------------------------------------------
[INFO ][2015-12-15 17:19:58,588][com.java.SeleniumDriver] [  822] - Test case being Executed: 14
[INFO ][2015-12-15 17:19:58,588][com.java.SeleniumDriver] [  833] - Test step:27
[INFO ][2015-12-15 17:19:58,588][com.java.SeleniumDriver] [  845] - Datavalue is----------5
[INFO ][2015-12-15 17:19:58,588][com.java.SeleniumDriver] [  869] - DataField : BTNframeDialogContent
[INFO ][2015-12-15 17:19:58,588][com.java.SeleniumDriver] [  871] - DataValue : 5
[INFO ][2015-12-15 17:19:58,588][com.java.SeleniumDriver] [  877] - <In Set values of the page>
[INFO ][2015-12-15 17:19:58,588][com.java.SeleniumDriver] [  880] - {Data Fields & Data Values Exist}
[INFO ][2015-12-15 17:19:58,588][com.java.SeleniumDriver] [  882] - --------------------------setting values-----------------------------
[INFO ][2015-12-15 17:19:58,588][com.java.SeleniumDriver] [  885] - Action Type : WAITFORELEMENT
[INFO ][2015-12-15 17:19:59,802][com.java.SeleniumDriver] [  894] -  RESULT true
[INFO ][2015-12-15 17:19:59,802][com.java.SeleniumDriver] [ 1100] - ?   P A S S   ?
[INFO ][2015-12-15 17:19:59,802][com.java.SeleniumDriver] [  821] - ------------------------------------------
[INFO ][2015-12-15 17:19:59,802][com.java.SeleniumDriver] [  822] - Test case being Executed: 14
[INFO ][2015-12-15 17:19:59,802][com.java.SeleniumDriver] [  833] - Test step:28
[INFO ][2015-12-15 17:19:59,802][com.java.SeleniumDriver] [  845] - Datavalue is----------3
[INFO ][2015-12-15 17:19:59,802][com.java.SeleniumDriver] [  869] - DataField : BTN//span[text()='Income Statement']
[INFO ][2015-12-15 17:19:59,802][com.java.SeleniumDriver] [  871] - DataValue : 3
[INFO ][2015-12-15 17:19:59,802][com.java.SeleniumDriver] [  877] - <In Set values of the page>
[INFO ][2015-12-15 17:19:59,802][com.java.SeleniumDriver] [  880] - {Data Fields & Data Values Exist}
[INFO ][2015-12-15 17:19:59,802][com.java.SeleniumDriver] [  882] - --------------------------setting values-----------------------------
[INFO ][2015-12-15 17:19:59,802][com.java.SeleniumDriver] [  885] - Action Type : WaitForElement
[INFO ][2015-12-15 17:19:59,835][com.java.SeleniumDriver] [  894] -  RESULT true
[INFO ][2015-12-15 17:19:59,835][com.java.SeleniumDriver] [ 1100] - ?   P A S S   ?
[INFO ][2015-12-15 17:19:59,835][com.java.SeleniumDriver] [  821] - ------------------------------------------
[INFO ][2015-12-15 17:19:59,835][com.java.SeleniumDriver] [  822] - Test case being Executed: 14
[INFO ][2015-12-15 17:19:59,835][com.java.SeleniumDriver] [  833] - Test step:29
[INFO ][2015-12-15 17:19:59,835][com.java.SeleniumDriver] [  845] - Datavalue is----------null
[DEBUG][2015-12-15 17:19:59,835][com.java.SeleniumDriver] [  863] - Exception: null
[INFO ][2015-12-15 17:19:59,835][com.java.SeleniumDriver] [  869] - DataField : BTNframeDialogContent
[INFO ][2015-12-15 17:19:59,835][com.java.SeleniumDriver] [  871] - DataValue : 
[INFO ][2015-12-15 17:19:59,835][com.java.SeleniumDriver] [  877] - <In Set values of the page>
[INFO ][2015-12-15 17:19:59,835][com.java.SeleniumDriver] [  880] - {Data Fields & Data Values Exist}
[INFO ][2015-12-15 17:19:59,835][com.java.SeleniumDriver] [  882] - --------------------------setting values-----------------------------
[INFO ][2015-12-15 17:19:59,836][com.java.SeleniumDriver] [  885] - Action Type : SELECTFRAME
[INFO ][2015-12-15 17:20:01,070][com.java.SeleniumDriver] [  894] -  RESULT true
[INFO ][2015-12-15 17:20:01,070][com.java.SeleniumDriver] [ 1100] - ?   P A S S   ?
[INFO ][2015-12-15 17:20:01,070][com.java.SeleniumDriver] [  821] - ------------------------------------------
[INFO ][2015-12-15 17:20:01,070][com.java.SeleniumDriver] [  822] - Test case being Executed: 14
[INFO ][2015-12-15 17:20:01,070][com.java.SeleniumDriver] [  833] - Test step:30
[INFO ][2015-12-15 17:20:01,070][com.java.SeleniumDriver] [  845] - Datavalue is----------Calendar
[INFO ][2015-12-15 17:20:01,070][com.java.SeleniumDriver] [  869] - DataField : SLBddlRange
[INFO ][2015-12-15 17:20:01,070][com.java.SeleniumDriver] [  871] - DataValue : Calendar
[INFO ][2015-12-15 17:20:01,070][com.java.SeleniumDriver] [  877] - <In Set values of the page>
[INFO ][2015-12-15 17:20:01,070][com.java.SeleniumDriver] [  880] - {Data Fields & Data Values Exist}
[INFO ][2015-12-15 17:20:01,070][com.java.SeleniumDriver] [  882] - --------------------------setting values-----------------------------
[INFO ][2015-12-15 17:20:01,070][com.java.SeleniumDriver] [  885] - Action Type : Select
[INFO ][2015-12-15 17:20:01,071][com.java.TestType] [ 5505] - value = Calendar
[INFO ][2015-12-15 17:20:03,474][com.java.SeleniumDriver] [  894] -  RESULT true
[INFO ][2015-12-15 17:20:03,474][com.java.SeleniumDriver] [ 1100] - ?   P A S S   ?
[INFO ][2015-12-15 17:20:03,474][com.java.SeleniumDriver] [  821] - ------------------------------------------
[INFO ][2015-12-15 17:20:03,474][com.java.SeleniumDriver] [  822] - Test case being Executed: 14
[INFO ][2015-12-15 17:20:03,474][com.java.SeleniumDriver] [  833] - Test step:31
[INFO ][2015-12-15 17:20:03,474][com.java.SeleniumDriver] [  845] - Datavalue is----------null
[DEBUG][2015-12-15 17:20:03,474][com.java.SeleniumDriver] [  863] - Exception: null
[INFO ][2015-12-15 17:20:03,474][com.java.SeleniumDriver] [  869] - DataField : BTNchkReverseColumn
[INFO ][2015-12-15 17:20:03,474][com.java.SeleniumDriver] [  871] - DataValue : 
[INFO ][2015-12-15 17:20:03,474][com.java.SeleniumDriver] [  877] - <In Set values of the page>
[INFO ][2015-12-15 17:20:03,474][com.java.SeleniumDriver] [  880] - {Data Fields & Data Values Exist}
[INFO ][2015-12-15 17:20:03,474][com.java.SeleniumDriver] [  882] - --------------------------setting values-----------------------------
[INFO ][2015-12-15 17:20:03,474][com.java.SeleniumDriver] [  885] - Action Type : Click
[INFO ][2015-12-15 17:20:03,474][com.java.TestType] [ 5861] - Field ::BTNchkReverseColumn
[INFO ][2015-12-15 17:20:03,475][com.java.TestType] [ 5505] - value = 
[INFO ][2015-12-15 17:20:04,475][com.java.TestType] [ 5977] - BEFORE CLICK
[INFO ][2015-12-15 17:20:05,688][com.java.TestType] [ 5984] - Unable to click the object Reversechronologicalorder
[INFO ][2015-12-15 17:20:05,688][com.java.SeleniumDriver] [  894] -  RESULT true
[INFO ][2015-12-15 17:20:05,688][com.java.SeleniumDriver] [ 1100] - ?   P A S S   ?
[INFO ][2015-12-15 17:20:05,688][com.java.SeleniumDriver] [  821] - ------------------------------------------
[INFO ][2015-12-15 17:20:05,688][com.java.SeleniumDriver] [  822] - Test case being Executed: 14
[INFO ][2015-12-15 17:20:05,688][com.java.SeleniumDriver] [  833] - Test step:32
[INFO ][2015-12-15 17:20:05,688][com.java.SeleniumDriver] [  845] - Datavalue is----------date
[INFO ][2015-12-15 17:20:05,688][com.java.SeleniumDriver] [  869] - DataField : SLBddlDate1
[INFO ][2015-12-15 17:20:05,688][com.java.SeleniumDriver] [  871] - DataValue : date
[INFO ][2015-12-15 17:20:05,688][com.java.SeleniumDriver] [  877] - <In Set values of the page>
[INFO ][2015-12-15 17:20:05,688][com.java.SeleniumDriver] [  880] - {Data Fields & Data Values Exist}
[INFO ][2015-12-15 17:20:05,688][com.java.SeleniumDriver] [  882] - --------------------------setting values-----------------------------
[INFO ][2015-12-15 17:20:05,688][com.java.SeleniumDriver] [  885] - Action Type : StoreValue
[INFO ][2015-12-15 17:20:05,689][com.java.TestType] [ 7984] - field= SLBddlDate1
[INFO ][2015-12-15 17:20:06,977][com.java.SeleniumDriver] [  894] -  RESULT true
[INFO ][2015-12-15 17:20:06,977][com.java.SeleniumDriver] [ 1100] - ?   P A S S   ?
[INFO ][2015-12-15 17:20:06,977][com.java.SeleniumDriver] [  821] - ------------------------------------------
[INFO ][2015-12-15 17:20:06,977][com.java.SeleniumDriver] [  822] - Test case being Executed: 14
[INFO ][2015-12-15 17:20:06,977][com.java.SeleniumDriver] [  833] - Test step:33
[INFO ][2015-12-15 17:20:06,977][com.java.SeleniumDriver] [  845] - Datavalue is----------null
[DEBUG][2015-12-15 17:20:06,977][com.java.SeleniumDriver] [  863] - Exception: null
[INFO ][2015-12-15 17:20:06,977][com.java.SeleniumDriver] [  869] - DataField : BTNParent
[INFO ][2015-12-15 17:20:06,977][com.java.SeleniumDriver] [  871] - DataValue : 
[INFO ][2015-12-15 17:20:06,977][com.java.SeleniumDriver] [  877] - <In Set values of the page>
[INFO ][2015-12-15 17:20:06,977][com.java.SeleniumDriver] [  880] - {Data Fields & Data Values Exist}
[INFO ][2015-12-15 17:20:06,977][com.java.SeleniumDriver] [  882] - --------------------------setting values-----------------------------
[INFO ][2015-12-15 17:20:06,977][com.java.SeleniumDriver] [  885] - Action Type : SELECTFRAME
[INFO ][2015-12-15 17:20:06,990][com.java.SeleniumDriver] [  894] -  RESULT true
[INFO ][2015-12-15 17:20:06,990][com.java.SeleniumDriver] [ 1100] - ?   P A S S   ?
[INFO ][2015-12-15 17:20:06,990][com.java.SeleniumDriver] [  821] - ------------------------------------------
[INFO ][2015-12-15 17:20:06,990][com.java.SeleniumDriver] [  822] - Test case being Executed: 14
[INFO ][2015-12-15 17:20:06,990][com.java.SeleniumDriver] [  833] - Test step:34
[INFO ][2015-12-15 17:20:06,990][com.java.SeleniumDriver] [  845] - Datavalue is----------null
[DEBUG][2015-12-15 17:20:06,990][com.java.SeleniumDriver] [  863] - Exception: null
[INFO ][2015-12-15 17:20:06,990][com.java.SeleniumDriver] [  869] - DataField : XPH//span[text()='Show Report']
[INFO ][2015-12-15 17:20:06,990][com.java.SeleniumDriver] [  871] - DataValue : 
[INFO ][2015-12-15 17:20:06,990][com.java.SeleniumDriver] [  877] - <In Set values of the page>
[INFO ][2015-12-15 17:20:06,990][com.java.SeleniumDriver] [  880] - {Data Fields & Data Values Exist}
[INFO ][2015-12-15 17:20:06,990][com.java.SeleniumDriver] [  882] - --------------------------setting values-----------------------------
[INFO ][2015-12-15 17:20:06,990][com.java.SeleniumDriver] [  885] - Action Type : Click
[INFO ][2015-12-15 17:20:06,991][com.java.TestType] [ 5861] - Field ::XPH//span[text()='Show Report']
[INFO ][2015-12-15 17:20:06,991][com.java.TestType] [ 5505] - value = 
[INFO ][2015-12-15 17:20:07,991][com.java.TestType] [ 5998] - BEFORE CLICK
[INFO ][2015-12-15 17:20:09,416][com.java.TestType] [ 6006] - Unable to click the object Show Report Button
[INFO ][2015-12-15 17:20:09,416][com.java.SeleniumDriver] [  894] -  RESULT true
[INFO ][2015-12-15 17:20:09,416][com.java.SeleniumDriver] [ 1100] - ?   P A S S   ?
[INFO ][2015-12-15 17:20:09,416][com.java.SeleniumDriver] [  821] - ------------------------------------------
[INFO ][2015-12-15 17:20:09,416][com.java.SeleniumDriver] [  822] - Test case being Executed: 14
[INFO ][2015-12-15 17:20:09,416][com.java.SeleniumDriver] [  833] - Test step:37
[INFO ][2015-12-15 17:20:09,416][com.java.SeleniumDriver] [  845] - Datavalue is----------HMVdate
[INFO ][2015-12-15 17:20:09,416][com.java.SeleniumDriver] [  869] - DataField : Calendar
[INFO ][2015-12-15 17:20:09,416][com.java.SeleniumDriver] [  871] - DataValue : HMVdate
[INFO ][2015-12-15 17:20:09,416][com.java.SeleniumDriver] [  877] - <In Set values of the page>
[INFO ][2015-12-15 17:20:09,416][com.java.SeleniumDriver] [  880] - {Data Fields & Data Values Exist}
[INFO ][2015-12-15 17:20:09,416][com.java.SeleniumDriver] [  882] - --------------------------setting values-----------------------------
[INFO ][2015-12-15 17:20:09,417][com.java.SeleniumDriver] [  885] - Action Type : GLREPORTHEADER
[INFO ][2015-12-15 17:20:09,417][com.java.TestType] [ 5505] - value = November 2015
[INFO ][2015-12-15 17:20:09,700][com.java.SeleniumDriver] [  894] -  RESULT true
[INFO ][2015-12-15 17:20:09,700][com.java.SeleniumDriver] [ 1100] - ?   P A S S   ?
[INFO ][2015-12-15 17:20:09,700][com.java.SeleniumDriver] [  821] - ------------------------------------------
[INFO ][2015-12-15 17:20:09,700][com.java.SeleniumDriver] [  822] - Test case being Executed: 14
[INFO ][2015-12-15 17:20:09,701][com.java.SeleniumDriver] [  833] - Test step:38
[INFO ][2015-12-15 17:20:09,701][com.java.SeleniumDriver] [  845] - Datavalue is----------10
[INFO ][2015-12-15 17:20:09,701][com.java.SeleniumDriver] [  869] - DataField : null
[INFO ][2015-12-15 17:20:09,701][com.java.SeleniumDriver] [  871] - DataValue : 10
[INFO ][2015-12-15 17:20:09,701][com.java.SeleniumDriver] [  877] - <In Set values of the page>
[INFO ][2015-12-15 17:20:09,701][com.java.SeleniumDriver] [  880] - {Data Fields & Data Values Exist}
[INFO ][2015-12-15 17:20:09,701][com.java.SeleniumDriver] [  882] - --------------------------setting values-----------------------------
[INFO ][2015-12-15 17:20:09,701][com.java.SeleniumDriver] [  885] - Action Type : WAITTIME
[DEBUG][2015-12-15 17:20:09,701][com.java.TestType] [ 5325] - sleepTime: 10000
[INFO ][2015-12-15 17:20:19,702][com.java.SeleniumDriver] [  894] -  RESULT true
[INFO ][2015-12-15 17:20:19,702][com.java.SeleniumDriver] [ 1100] - ?   P A S S   ?
[INFO ][2015-12-15 17:20:19,702][com.java.SeleniumDriver] [  821] - ------------------------------------------
[INFO ][2015-12-15 17:20:19,702][com.java.SeleniumDriver] [  822] - Test case being Executed: 14
[INFO ][2015-12-15 17:20:19,702][com.java.SeleniumDriver] [  833] - Test step:39
[INFO ][2015-12-15 17:20:19,702][com.java.SeleniumDriver] [  845] - Datavalue is----------null
[DEBUG][2015-12-15 17:20:19,702][com.java.SeleniumDriver] [  863] - Exception: null
[INFO ][2015-12-15 17:20:19,702][com.java.SeleniumDriver] [  869] - DataField : BTNcloseAllTabs
[INFO ][2015-12-15 17:20:19,702][com.java.SeleniumDriver] [  871] - DataValue : 
[INFO ][2015-12-15 17:20:19,702][com.java.SeleniumDriver] [  877] - <In Set values of the page>
[INFO ][2015-12-15 17:20:19,702][com.java.SeleniumDriver] [  880] - {Data Fields & Data Values Exist}
[INFO ][2015-12-15 17:20:19,702][com.java.SeleniumDriver] [  882] - --------------------------setting values-----------------------------
[INFO ][2015-12-15 17:20:19,702][com.java.SeleniumDriver] [  885] - Action Type : CLICK
[INFO ][2015-12-15 17:20:19,703][com.java.TestType] [ 5861] - Field ::BTNcloseAllTabs
[INFO ][2015-12-15 17:20:19,703][com.java.TestType] [ 5505] - value = 
[INFO ][2015-12-15 17:20:20,704][com.java.TestType] [ 5977] - BEFORE CLICK
[INFO ][2015-12-15 17:20:22,346][com.java.TestType] [ 5984] - Unable to click the object Close all tabs button
[INFO ][2015-12-15 17:20:22,346][com.java.SeleniumDriver] [  894] -  RESULT true
[INFO ][2015-12-15 17:20:22,346][com.java.SeleniumDriver] [ 1100] - ?   P A S S   ?
[DEBUG][2015-12-15 17:20:22,346][com.java.SeleniumDriver] [ 1212] - Case found
[DEBUG][2015-12-15 17:20:22,346][com.java.SeleniumDriver] [ 1217] - Incrementing ReportCounters[0]:2
[INFO ][2015-12-15 17:20:22,347][com.java.SeleniumDriver] [ 1236] - The results are-------------------[14, 1, Reports Package: Drill-downs on 12 Month Income Statement Report, Pass, , Tue Dec 15 17:16:57 IST 2015, 14, 3, Reports Package: Drill-downs on 12 Month Income Statement Report, Pass, , Tue Dec 15 17:17:02 IST 2015, 14, 4, Reports Package: Drill-downs on 12 Month Income Statement Report, Pass, , Tue Dec 15 17:18:01 IST 2015, 14, 5, Reports Package: Drill-downs on 12 Month Income Statement Report, Pass, , Tue Dec 15 17:18:03 IST 2015, 14, 6, Reports Package: Drill-downs on 12 Month Income Statement Report, Pass, , Tue Dec 15 17:18:13 IST 2015, 14, 7, Reports Package: Drill-downs on 12 Month Income Statement Report, Pass, , Tue Dec 15 17:18:23 IST 2015, 14, 8, Reports Package: Drill-downs on 12 Month Income Statement Report, Pass, , Tue Dec 15 17:18:26 IST 2015, 14, 9, Reports Package: Drill-downs on 12 Month Income Statement Report, Pass, , Tue Dec 15 17:18:29 IST 2015, 14, 10, Reports Package: Drill-downs on 12 Month Income Statement Report, Pass, , Tue Dec 15 17:18:37 IST 2015, 14, 11, Reports Package: Drill-downs on 12 Month Income Statement Report, Pass, , Tue Dec 15 17:19:01 IST 2015, 14, 12, Reports Package: Drill-downs on 12 Month Income Statement Report, Pass, , Tue Dec 15 17:19:02 IST 2015, 14, 13, Reports Package: Drill-downs on 12 Month Income Statement Report, Pass, , Tue Dec 15 17:19:03 IST 2015, 14, 14, Reports Package: Drill-downs on 12 Month Income Statement Report, Pass, , Tue Dec 15 17:19:05 IST 2015, 14, 15, Reports Package: Drill-downs on 12 Month Income Statement Report, Pass, , Tue Dec 15 17:19:08 IST 2015, 14, 16, Reports Package: Drill-downs on 12 Month Income Statement Report, Pass, , Tue Dec 15 17:19:09 IST 2015, 14, 17, Reports Package: Drill-downs on 12 Month Income Statement Report, Pass, , Tue Dec 15 17:19:11 IST 2015, 14, 18, Reports Package: Drill-downs on 12 Month Income Statement Report, Pass, , Tue Dec 15 17:19:11 IST 2015, 14, 19, Reports Package: Drill-downs on 12 Month Income Statement Report, Pass, , Tue Dec 15 17:19:13 IST 2015, 14, 20, Reports Package: Drill-downs on 12 Month Income Statement Report, Pass, , Tue Dec 15 17:19:17 IST 2015, 14, 21, Reports Package: Drill-downs on 12 Month Income Statement Report, Pass, , Tue Dec 15 17:19:17 IST 2015, 14, 22, Reports Package: Drill-downs on 12 Month Income Statement Report, Pass, , Tue Dec 15 17:19:19 IST 2015, 14, 23, Reports Package: Drill-downs on 12 Month Income Statement Report, Pass, , Tue Dec 15 17:19:23 IST 2015, 14, 24, Reports Package: Drill-downs on 12 Month Income Statement Report, Pass, , Tue Dec 15 17:19:25 IST 2015, 14, 25, Reports Package: Drill-downs on 12 Month Income Statement Report, Pass, , Tue Dec 15 17:19:31 IST 2015, 14, 26, Reports Package: Drill-downs on 12 Month Income Statement Report, Pass, , Tue Dec 15 17:19:58 IST 2015, 14, 27, Reports Package: Drill-downs on 12 Month Income Statement Report, Pass, , Tue Dec 15 17:19:59 IST 2015, 14, 28, Reports Package: Drill-downs on 12 Month Income Statement Report, Pass, , Tue Dec 15 17:19:59 IST 2015, 14, 29, Reports Package: Drill-downs on 12 Month Income Statement Report, Pass, , Tue Dec 15 17:20:01 IST 2015, 14, 30, Reports Package: Drill-downs on 12 Month Income Statement Report, Pass, , Tue Dec 15 17:20:03 IST 2015, 14, 31, Reports Package: Drill-downs on 12 Month Income Statement Report, Pass, , Tue Dec 15 17:20:05 IST 2015, 14, 32, Reports Package: Drill-downs on 12 Month Income Statement Report, Pass, , Tue Dec 15 17:20:06 IST 2015, 14, 33, Reports Package: Drill-downs on 12 Month Income Statement Report, Pass, , Tue Dec 15 17:20:06 IST 2015, 14, 34, Reports Package: Drill-downs on 12 Month Income Statement Report, Pass, , Tue Dec 15 17:20:09 IST 2015, 14, 37, Reports Package: Drill-downs on 12 Month Income Statement Report, Pass, , Tue Dec 15 17:20:09 IST 2015, 14, 38, Reports Package: Drill-downs on 12 Month Income Statement Report, Pass, , Tue Dec 15 17:20:19 IST 2015, 14, 39, Reports Package: Drill-downs on 12 Month Income Statement Report, Pass, , Tue Dec 15 17:20:22 IST 2015]
[INFO ][2015-12-15 17:20:22,347][com.java.SeleniumDriver] [ 1240] - End time is-------4 min 17 sec
[INFO ][2015-12-15 17:20:22,347][com.java.SeleniumDriver] [ 1241] - The results are-------------------[14, 1, Reports Package: Drill-downs on 12 Month Income Statement Report, Pass, , Tue Dec 15 17:16:57 IST 2015, 14, 3, Reports Package: Drill-downs on 12 Month Income Statement Report, Pass, , Tue Dec 15 17:17:02 IST 2015, 14, 4, Reports Package: Drill-downs on 12 Month Income Statement Report, Pass, , Tue Dec 15 17:18:01 IST 2015, 14, 5, Reports Package: Drill-downs on 12 Month Income Statement Report, Pass, , Tue Dec 15 17:18:03 IST 2015, 14, 6, Reports Package: Drill-downs on 12 Month Income Statement Report, Pass, , Tue Dec 15 17:18:13 IST 2015, 14, 7, Reports Package: Drill-downs on 12 Month Income Statement Report, Pass, , Tue Dec 15 17:18:23 IST 2015, 14, 8, Reports Package: Drill-downs on 12 Month Income Statement Report, Pass, , Tue Dec 15 17:18:26 IST 2015, 14, 9, Reports Package: Drill-downs on 12 Month Income Statement Report, Pass, , Tue Dec 15 17:18:29 IST 2015, 14, 10, Reports Package: Drill-downs on 12 Month Income Statement Report, Pass, , Tue Dec 15 17:18:37 IST 2015, 14, 11, Reports Package: Drill-downs on 12 Month Income Statement Report, Pass, , Tue Dec 15 17:19:01 IST 2015, 14, 12, Reports Package: Drill-downs on 12 Month Income Statement Report, Pass, , Tue Dec 15 17:19:02 IST 2015, 14, 13, Reports Package: Drill-downs on 12 Month Income Statement Report, Pass, , Tue Dec 15 17:19:03 IST 2015, 14, 14, Reports Package: Drill-downs on 12 Month Income Statement Report, Pass, , Tue Dec 15 17:19:05 IST 2015, 14, 15, Reports Package: Drill-downs on 12 Month Income Statement Report, Pass, , Tue Dec 15 17:19:08 IST 2015, 14, 16, Reports Package: Drill-downs on 12 Month Income Statement Report, Pass, , Tue Dec 15 17:19:09 IST 2015, 14, 17, Reports Package: Drill-downs on 12 Month Income Statement Report, Pass, , Tue Dec 15 17:19:11 IST 2015, 14, 18, Reports Package: Drill-downs on 12 Month Income Statement Report, Pass, , Tue Dec 15 17:19:11 IST 2015, 14, 19, Reports Package: Drill-downs on 12 Month Income Statement Report, Pass, , Tue Dec 15 17:19:13 IST 2015, 14, 20, Reports Package: Drill-downs on 12 Month Income Statement Report, Pass, , Tue Dec 15 17:19:17 IST 2015, 14, 21, Reports Package: Drill-downs on 12 Month Income Statement Report, Pass, , Tue Dec 15 17:19:17 IST 2015, 14, 22, Reports Package: Drill-downs on 12 Month Income Statement Report, Pass, , Tue Dec 15 17:19:19 IST 2015, 14, 23, Reports Package: Drill-downs on 12 Month Income Statement Report, Pass, , Tue Dec 15 17:19:23 IST 2015, 14, 24, Reports Package: Drill-downs on 12 Month Income Statement Report, Pass, , Tue Dec 15 17:19:25 IST 2015, 14, 25, Reports Package: Drill-downs on 12 Month Income Statement Report, Pass, , Tue Dec 15 17:19:31 IST 2015, 14, 26, Reports Package: Drill-downs on 12 Month Income Statement Report, Pass, , Tue Dec 15 17:19:58 IST 2015, 14, 27, Reports Package: Drill-downs on 12 Month Income Statement Report, Pass, , Tue Dec 15 17:19:59 IST 2015, 14, 28, Reports Package: Drill-downs on 12 Month Income Statement Report, Pass, , Tue Dec 15 17:19:59 IST 2015, 14, 29, Reports Package: Drill-downs on 12 Month Income Statement Report, Pass, , Tue Dec 15 17:20:01 IST 2015, 14, 30, Reports Package: Drill-downs on 12 Month Income Statement Report, Pass, , Tue Dec 15 17:20:03 IST 2015, 14, 31, Reports Package: Drill-downs on 12 Month Income Statement Report, Pass, , Tue Dec 15 17:20:05 IST 2015, 14, 32, Reports Package: Drill-downs on 12 Month Income Statement Report, Pass, , Tue Dec 15 17:20:06 IST 2015, 14, 33, Reports Package: Drill-downs on 12 Month Income Statement Report, Pass, , Tue Dec 15 17:20:06 IST 2015, 14, 34, Reports Package: Drill-downs on 12 Month Income Statement Report, Pass, , Tue Dec 15 17:20:09 IST 2015, 14, 37, Reports Package: Drill-downs on 12 Month Income Statement Report, Pass, , Tue Dec 15 17:20:09 IST 2015, 14, 38, Reports Package: Drill-downs on 12 Month Income Statement Report, Pass, , Tue Dec 15 17:20:19 IST 2015, 14, 39, Reports Package: Drill-downs on 12 Month Income Statement Report, Pass, , Tue Dec 15 17:20:22 IST 2015]
[DEBUG][2015-12-15 17:20:22,347][com.java.ImportnExport.ExportTestResultsExcel] [  222] - testResultPath = D:\BankersDashboard/TestReports/Test Results_BankersDashBoard_121515_171606_IE10_Bank of North Carolina.xls
[DEBUG][2015-12-15 17:20:22,347][com.java.ImportnExport.ExportTestResultsExcel] [  223] - browser is------------IE10
[DEBUG][2015-12-15 17:20:22,351][com.java.ImportnExport.ExportTestResultsExcel] [  270] - result.size() = 216
[DEBUG][2015-12-15 17:20:22,351][com.java.ImportnExport.ExportTestResultsExcel] [  274] - No of rows in sheet=2
[DEBUG][2015-12-15 17:20:22,351][com.java.ImportnExport.ExportTestResultsExcel] [  301] - ..in export..14
[DEBUG][2015-12-15 17:20:22,351][com.java.ImportnExport.ExportTestResultsExcel] [  301] - ..in export..Reports Package: Drill-downs on 12 Month Income Statement Report
[DEBUG][2015-12-15 17:20:22,351][com.java.ImportnExport.ExportTestResultsExcel] [  301] - ..in export..Pass
[DEBUG][2015-12-15 17:20:22,351][com.java.ImportnExport.ExportTestResultsExcel] [  301] - ..in export..
[DEBUG][2015-12-15 17:20:22,351][com.java.ImportnExport.ExportTestResultsExcel] [  301] - ..in export..Tue Dec 15 17:16:57 IST 2015
[INFO ][2015-12-15 17:20:22,353][com.java.SeleniumDriver] [ 1299] - out loop:1 size:2 TestCases:[1, 14] testcases:[1, 14]
[INFO ][2015-12-15 17:20:24,353][com.java.SeleniumDriver] [ 1342] - Total Number of Cases:2
[INFO ][2015-12-15 17:20:24,353][com.java.TemplateGenerator] [  302] - Executed:2
[INFO ][2015-12-15 17:20:24,353][com.java.TemplateGenerator] [  303] - Passed:2
[INFO ][2015-12-15 17:20:24,353][com.java.TemplateGenerator] [  304] - Failed:0
[INFO ][2015-12-15 17:20:24,353][com.java.TemplateGenerator] [  305] - Skipeed:0
[INFO ][2015-12-15 17:20:24,353][com.java.TemplateGenerator] [  306] - Application URL:https://clients-xuat.bankersdashboard.com
[INFO ][2015-12-15 17:20:24,353][com.java.TemplateGenerator] [  307] - Start Time:121515_171606
[INFO ][2015-12-15 17:20:24,353][com.java.TemplateGenerator] [  308] -  Creating HTML Report 
[ERROR][2015-12-15 17:20:24,353][com.java.TemplateGenerator] [  409] - Unparseable date: "Tue Dec 15 05:16:06 IST 2015"
[INFO ][2015-12-15 17:20:24,354][com.java.TemplateGenerator] [  654] -  Exporting case :: 1
[INFO ][2015-12-15 17:20:24,354][com.java.TemplateGenerator] [  654] -  Exporting case :: 14
[INFO ][2015-12-15 17:20:24,360][com.java.SeleniumDriver] [ 1391] - End Time:121515_172024
[INFO ][2015-12-15 17:20:24,360][com.java.SeleniumDriver] [ 1394] - Data in Test Execution Details:{1=PASS, 14=PASS}
[INFO ][2015-12-15 17:20:24,360][com.java.SeleniumDriver] [ 1395] - Data in Failed Execution Deatils:{}
[INFO ][2015-12-15 17:20:24,360][com.java.SeleniumDriver] [ 1397] - ReportCounter:Total:2 :: PASS: 2 ::FAIL: 0
[INFO ][2015-12-15 17:20:24,360][com.java.SeleniumDriver] [ 1398] - FailedReportCounter:Total:0 :: PASS: 0 ::FAIL: 0
[INFO ][2015-12-15 17:20:24,367][com.java.EmailTestReport] [   63] - Sending report mail details:
[INFO ][2015-12-15 17:20:24,368][com.java.EmailTestReport] [   80] - Excel Report Path:D:\BankersDashboard/TestReports/Test Results_BankersDashBoard_121515_171606_IE10_Bank of North Carolina.xls
[INFO ][2015-12-15 17:20:24,368][com.java.EmailTestReport] [   81] - HTML Report Path:D:\BankersDashboard//TestReports//Test Results_BankersDashBoard_121515_171606_IE10_Bank of North Carolina.html
[INFO ][2015-12-15 17:20:24,368][com.java.EmailTestReport] [   82] - smtpHostName:mail01.valuelabs.com
[INFO ][2015-12-15 17:20:24,368][com.java.EmailTestReport] [   83] - Recipient:venkateswararao.gubbala@valuelabs.com;
[INFO ][2015-12-15 17:20:24,368][com.java.EmailTestReport] [   84] - From:venkateswararao.gubbala@valuelabs.com;
[INFO ][2015-12-15 17:20:24,368][com.java.EmailTestReport] [   85] - Subject:Deluxe Corp Bankers Dashboard Automation Test Report - Bank of North Carolina - IE10
[INFO ][2015-12-15 17:20:24,383][com.java.EmailTestReport] [  143] -  Added venkateswararao.gubbala@valuelabs.com
[INFO ][2015-12-15 17:20:27,789][com.java.SeleniumDriver] [  720] - quitting the browser 
[INFO ][2015-12-15 17:20:29,482][com.java.SeleniumDriver] [  264] - Execution Completed Stopping the thread
