[INFO ][2015-12-21 18:55:21,646][com.java.SeleniumDriver] [  213] - Execute Failed Casesfalse
[INFO ][2015-12-21 18:55:21,646][com.java.SeleniumDriver] [  214] - Browser: IE10
[INFO ][2015-12-21 18:55:21,646][com.java.SeleniumDriver] [  215] - [1, 26]
[INFO ][2015-12-21 18:55:21,646][com.java.SeleniumDriver] [  216] - Total TestCases:2
[INFO ][2015-12-21 18:55:21,646][com.java.SeleniumDriver] [  217] -  Reading Properties from Property File 
[DEBUG][2015-12-21 18:55:21,646][com.java.SeleniumDriver] [  238] - url : https://clients-xuat.bankersdashboard.com
[INFO ][2015-12-21 18:55:21,656][com.java.ImportnExport.ExportTestResultsExcel] [  116] - Time Stamp Mon Dec 21 06:55:21 IST 2015
[INFO ][2015-12-21 18:55:21,656][com.java.ImportnExport.ExportTestResultsExcel] [  175] - OUT FILE : D:\BankersDashboard/TestReports/Test Results_BankersDashBoard_122115_185521_IE10_Bank of North Carolina.xls
[INFO ][2015-12-21 18:55:21,677][com.java.ImportnExport.ExportTestResultsExcel] [  180] - Test Result file is created
[DEBUG][2015-12-21 18:55:21,787][com.java.SeleniumDriver] [  426] - Hub ip address is-------172.17.68.34
[INFO ][2015-12-21 18:55:21,787][com.java.SeleniumDriver] [  452] - Grid URL:http://172.17.68.34:4444/wd/hub
[INFO ][2015-12-21 18:55:21,787][com.java.SeleniumDriver] [  453] - Capability:Capabilities [{platform=ANY, ensureCleanSession=true, ignoreProtectedModeSettings=true, acceptSslCerts=true, ignoreZoomSetting=true, browserName=internet explorer, browserstack.ie.noFlash=true, version=null}]
[ERROR][2015-12-21 18:55:23,145][com.java.SeleniumDriver] [  497] - Unable invoke browser in grid:Could not start a new session. Possible causes are invalid address of the remote server or browser start-up failure.
Build info: version: '2.48.2', revision: '41bccdd', time: '2015-10-09 19:59:12'
System info: host: 'FVTIII438F1D', ip: '172.17.68.34', os.name: 'Windows 7', os.arch: 'x86', os.version: '6.1', java.version: '1.7.0_55'
Driver info: driver.version: SeleniumDriver
[INFO ][2015-12-21 18:55:23,145][com.java.SeleniumDriver] [  499] - Executing on local machine
[INFO ][2015-12-21 18:55:33,569][com.java.SeleniumDriver] [  248] - IE10is opened
[INFO ][2015-12-21 18:55:34,397][com.java.SeleniumDriver] [  754] - Test cases to be executed are: [1, 26]
[INFO ][2015-12-21 18:55:34,448][com.java.ImportnExport.ImportTestDataDetailsExcel] [   49] - test data details path===== D:\BankersDashboard\TestInputs\TestData.xls
[INFO ][2015-12-21 18:55:34,528][com.java.SeleniumDriver] [  821] - ------------------------------------------
[INFO ][2015-12-21 18:55:34,528][com.java.SeleniumDriver] [  822] - Test case being Executed: 1
[INFO ][2015-12-21 18:55:34,528][com.java.SeleniumDriver] [  833] - Test step:1
[INFO ][2015-12-21 18:55:34,528][com.java.SeleniumDriver] [  845] - Datavalue is----------Concept#1:1-16
[INFO ][2015-12-21 18:55:34,528][com.java.SeleniumDriver] [  869] - DataField : test
[INFO ][2015-12-21 18:55:34,528][com.java.SeleniumDriver] [  871] - DataValue : Concept#1:1-16
[INFO ][2015-12-21 18:55:34,528][com.java.SeleniumDriver] [  877] - <In Set values of the page>
[INFO ][2015-12-21 18:55:34,528][com.java.SeleniumDriver] [  880] - {Data Fields & Data Values Exist}
[INFO ][2015-12-21 18:55:34,528][com.java.SeleniumDriver] [  882] - --------------------------setting values-----------------------------
[INFO ][2015-12-21 18:55:34,528][com.java.SeleniumDriver] [  885] - Action Type : ExecuteTestCase
[INFO ][2015-12-21 18:55:34,568][com.java.TestType] [  437] - The Concept sheet name is ---------- Concept
[INFO ][2015-12-21 18:55:34,568][com.java.TestType] [  440] - The Concept ID  is ---------- 1
[DEBUG][2015-12-21 18:55:34,568][com.java.TestType] [  444] - Steps being executted in the Concept are: 1:16
[INFO ][2015-12-21 18:55:34,568][com.java.TestType] [  451] - Test data details path ---------- D:\BankersDashboard\TestInputs\TestData.xls
[INFO ][2015-12-21 18:55:34,598][com.java.TestType] [  482] -  str(1) = 1
[INFO ][2015-12-21 18:55:34,598][com.java.TestType] [  485] - Test case Id is---1
[INFO ][2015-12-21 18:55:34,598][com.java.TestType] [  487] - 1
[INFO ][2015-12-21 18:55:34,598][com.java.TestType] [  482] -  str(2) = 1
[INFO ][2015-12-21 18:55:34,598][com.java.TestType] [  534] - row values are--------{1=com.java.Objects.TestDataDetails@c9b963}
[INFO ][2015-12-21 18:55:34,598][com.java.TestType] [  482] -  str(1) = 1
[INFO ][2015-12-21 18:55:34,598][com.java.TestType] [  485] - Test case Id is---1
[INFO ][2015-12-21 18:55:34,598][com.java.TestType] [  487] - 1
[INFO ][2015-12-21 18:55:34,598][com.java.TestType] [  482] -  str(2) = 2
[INFO ][2015-12-21 18:55:34,608][com.java.TestType] [  534] - row values are--------{1=com.java.Objects.TestDataDetails@c9b963, 2=com.java.Objects.TestDataDetails@bae075}
[INFO ][2015-12-21 18:55:34,608][com.java.TestType] [  482] -  str(1) = 1
[INFO ][2015-12-21 18:55:34,608][com.java.TestType] [  485] - Test case Id is---1
[INFO ][2015-12-21 18:55:34,608][com.java.TestType] [  487] - 1
[INFO ][2015-12-21 18:55:34,608][com.java.TestType] [  482] -  str(2) = 3
[INFO ][2015-12-21 18:55:34,608][com.java.TestType] [  534] - row values are--------{1=com.java.Objects.TestDataDetails@c9b963, 2=com.java.Objects.TestDataDetails@bae075, 3=com.java.Objects.TestDataDetails@cf7a46}
[INFO ][2015-12-21 18:55:34,608][com.java.TestType] [  482] -  str(1) = 1
[INFO ][2015-12-21 18:55:34,608][com.java.TestType] [  485] - Test case Id is---1
[INFO ][2015-12-21 18:55:34,608][com.java.TestType] [  487] - 1
[INFO ][2015-12-21 18:55:34,608][com.java.TestType] [  482] -  str(2) = 4
[INFO ][2015-12-21 18:55:34,608][com.java.TestType] [  534] - row values are--------{1=com.java.Objects.TestDataDetails@c9b963, 2=com.java.Objects.TestDataDetails@bae075, 3=com.java.Objects.TestDataDetails@cf7a46, 4=com.java.Objects.TestDataDetails@1b9f4fc}
[INFO ][2015-12-21 18:55:34,608][com.java.TestType] [  482] -  str(1) = 1
[INFO ][2015-12-21 18:55:34,608][com.java.TestType] [  485] - Test case Id is---1
[INFO ][2015-12-21 18:55:34,608][com.java.TestType] [  487] - 1
[INFO ][2015-12-21 18:55:34,608][com.java.TestType] [  482] -  str(2) = 5
[INFO ][2015-12-21 18:55:34,608][com.java.TestType] [  534] - row values are--------{1=com.java.Objects.TestDataDetails@c9b963, 2=com.java.Objects.TestDataDetails@bae075, 3=com.java.Objects.TestDataDetails@cf7a46, 4=com.java.Objects.TestDataDetails@1b9f4fc, 5=com.java.Objects.TestDataDetails@1c51a2b}
[INFO ][2015-12-21 18:55:34,608][com.java.TestType] [  482] -  str(1) = 1
[INFO ][2015-12-21 18:55:34,608][com.java.TestType] [  485] - Test case Id is---1
[INFO ][2015-12-21 18:55:34,608][com.java.TestType] [  487] - 1
[INFO ][2015-12-21 18:55:34,608][com.java.TestType] [  482] -  str(2) = 6
[INFO ][2015-12-21 18:55:34,608][com.java.TestType] [  534] - row values are--------{1=com.java.Objects.TestDataDetails@c9b963, 2=com.java.Objects.TestDataDetails@bae075, 3=com.java.Objects.TestDataDetails@cf7a46, 4=com.java.Objects.TestDataDetails@1b9f4fc, 5=com.java.Objects.TestDataDetails@1c51a2b, 6=com.java.Objects.TestDataDetails@cd7c22}
[INFO ][2015-12-21 18:55:34,608][com.java.TestType] [  482] -  str(1) = 1
[INFO ][2015-12-21 18:55:34,608][com.java.TestType] [  485] - Test case Id is---1
[INFO ][2015-12-21 18:55:34,608][com.java.TestType] [  487] - 1
[INFO ][2015-12-21 18:55:34,608][com.java.TestType] [  482] -  str(2) = 7
[INFO ][2015-12-21 18:55:34,608][com.java.TestType] [  534] - row values are--------{1=com.java.Objects.TestDataDetails@c9b963, 2=com.java.Objects.TestDataDetails@bae075, 3=com.java.Objects.TestDataDetails@cf7a46, 4=com.java.Objects.TestDataDetails@1b9f4fc, 5=com.java.Objects.TestDataDetails@1c51a2b, 6=com.java.Objects.TestDataDetails@cd7c22, 7=com.java.Objects.TestDataDetails@17d59d4}
[INFO ][2015-12-21 18:55:34,608][com.java.TestType] [  482] -  str(1) = 1
[INFO ][2015-12-21 18:55:34,608][com.java.TestType] [  485] - Test case Id is---1
[INFO ][2015-12-21 18:55:34,608][com.java.TestType] [  487] - 1
[INFO ][2015-12-21 18:55:34,608][com.java.TestType] [  482] -  str(2) = 8
[INFO ][2015-12-21 18:55:34,608][com.java.TestType] [  534] - row values are--------{1=com.java.Objects.TestDataDetails@c9b963, 2=com.java.Objects.TestDataDetails@bae075, 3=com.java.Objects.TestDataDetails@cf7a46, 4=com.java.Objects.TestDataDetails@1b9f4fc, 5=com.java.Objects.TestDataDetails@1c51a2b, 6=com.java.Objects.TestDataDetails@cd7c22, 7=com.java.Objects.TestDataDetails@17d59d4, 8=com.java.Objects.TestDataDetails@89634c}
[INFO ][2015-12-21 18:55:34,608][com.java.TestType] [  482] -  str(1) = 1
[INFO ][2015-12-21 18:55:34,608][com.java.TestType] [  485] - Test case Id is---1
[INFO ][2015-12-21 18:55:34,608][com.java.TestType] [  487] - 1
[INFO ][2015-12-21 18:55:34,608][com.java.TestType] [  482] -  str(2) = 9
[INFO ][2015-12-21 18:55:34,618][com.java.TestType] [  534] - row values are--------{1=com.java.Objects.TestDataDetails@c9b963, 2=com.java.Objects.TestDataDetails@bae075, 3=com.java.Objects.TestDataDetails@cf7a46, 4=com.java.Objects.TestDataDetails@1b9f4fc, 5=com.java.Objects.TestDataDetails@1c51a2b, 6=com.java.Objects.TestDataDetails@cd7c22, 7=com.java.Objects.TestDataDetails@17d59d4, 8=com.java.Objects.TestDataDetails@89634c, 9=com.java.Objects.TestDataDetails@8ff236}
[INFO ][2015-12-21 18:55:34,618][com.java.TestType] [  482] -  str(1) = 1
[INFO ][2015-12-21 18:55:34,618][com.java.TestType] [  485] - Test case Id is---1
[INFO ][2015-12-21 18:55:34,618][com.java.TestType] [  487] - 1
[INFO ][2015-12-21 18:55:34,618][com.java.TestType] [  482] -  str(2) = 10
[INFO ][2015-12-21 18:55:34,618][com.java.TestType] [  534] - row values are--------{1=com.java.Objects.TestDataDetails@c9b963, 2=com.java.Objects.TestDataDetails@bae075, 3=com.java.Objects.TestDataDetails@cf7a46, 4=com.java.Objects.TestDataDetails@1b9f4fc, 5=com.java.Objects.TestDataDetails@1c51a2b, 6=com.java.Objects.TestDataDetails@cd7c22, 7=com.java.Objects.TestDataDetails@17d59d4, 8=com.java.Objects.TestDataDetails@89634c, 9=com.java.Objects.TestDataDetails@8ff236, 10=com.java.Objects.TestDataDetails@1976ec3}
[INFO ][2015-12-21 18:55:34,618][com.java.TestType] [  482] -  str(1) = 1
[INFO ][2015-12-21 18:55:34,618][com.java.TestType] [  485] - Test case Id is---1
[INFO ][2015-12-21 18:55:34,618][com.java.TestType] [  487] - 1
[INFO ][2015-12-21 18:55:34,618][com.java.TestType] [  482] -  str(2) = 11
[INFO ][2015-12-21 18:55:34,618][com.java.TestType] [  534] - row values are--------{1=com.java.Objects.TestDataDetails@c9b963, 2=com.java.Objects.TestDataDetails@bae075, 3=com.java.Objects.TestDataDetails@cf7a46, 4=com.java.Objects.TestDataDetails@1b9f4fc, 5=com.java.Objects.TestDataDetails@1c51a2b, 6=com.java.Objects.TestDataDetails@cd7c22, 7=com.java.Objects.TestDataDetails@17d59d4, 8=com.java.Objects.TestDataDetails@89634c, 9=com.java.Objects.TestDataDetails@8ff236, 10=com.java.Objects.TestDataDetails@1976ec3, 11=com.java.Objects.TestDataDetails@ee9545}
[INFO ][2015-12-21 18:55:34,618][com.java.TestType] [  482] -  str(1) = 1
[INFO ][2015-12-21 18:55:34,618][com.java.TestType] [  485] - Test case Id is---1
[INFO ][2015-12-21 18:55:34,618][com.java.TestType] [  487] - 1
[INFO ][2015-12-21 18:55:34,618][com.java.TestType] [  482] -  str(2) = 12
[INFO ][2015-12-21 18:55:34,618][com.java.TestType] [  534] - row values are--------{1=com.java.Objects.TestDataDetails@c9b963, 2=com.java.Objects.TestDataDetails@bae075, 3=com.java.Objects.TestDataDetails@cf7a46, 4=com.java.Objects.TestDataDetails@1b9f4fc, 5=com.java.Objects.TestDataDetails@1c51a2b, 6=com.java.Objects.TestDataDetails@cd7c22, 7=com.java.Objects.TestDataDetails@17d59d4, 8=com.java.Objects.TestDataDetails@89634c, 9=com.java.Objects.TestDataDetails@8ff236, 10=com.java.Objects.TestDataDetails@1976ec3, 11=com.java.Objects.TestDataDetails@ee9545, 12=com.java.Objects.TestDataDetails@18793d1}
[INFO ][2015-12-21 18:55:34,618][com.java.TestType] [  482] -  str(1) = 1
[INFO ][2015-12-21 18:55:34,618][com.java.TestType] [  485] - Test case Id is---1
[INFO ][2015-12-21 18:55:34,618][com.java.TestType] [  487] - 1
[INFO ][2015-12-21 18:55:34,618][com.java.TestType] [  482] -  str(2) = 13
[INFO ][2015-12-21 18:55:34,618][com.java.TestType] [  534] - row values are--------{1=com.java.Objects.TestDataDetails@c9b963, 2=com.java.Objects.TestDataDetails@bae075, 3=com.java.Objects.TestDataDetails@cf7a46, 4=com.java.Objects.TestDataDetails@1b9f4fc, 5=com.java.Objects.TestDataDetails@1c51a2b, 6=com.java.Objects.TestDataDetails@cd7c22, 7=com.java.Objects.TestDataDetails@17d59d4, 8=com.java.Objects.TestDataDetails@89634c, 9=com.java.Objects.TestDataDetails@8ff236, 10=com.java.Objects.TestDataDetails@1976ec3, 11=com.java.Objects.TestDataDetails@ee9545, 12=com.java.Objects.TestDataDetails@18793d1, 13=com.java.Objects.TestDataDetails@8b7b53}
[INFO ][2015-12-21 18:55:34,618][com.java.TestType] [  482] -  str(1) = 1
[INFO ][2015-12-21 18:55:34,618][com.java.TestType] [  485] - Test case Id is---1
[INFO ][2015-12-21 18:55:34,618][com.java.TestType] [  487] - 1
[INFO ][2015-12-21 18:55:34,618][com.java.TestType] [  482] -  str(2) = 14
[INFO ][2015-12-21 18:55:34,618][com.java.TestType] [  534] - row values are--------{1=com.java.Objects.TestDataDetails@c9b963, 2=com.java.Objects.TestDataDetails@bae075, 3=com.java.Objects.TestDataDetails@cf7a46, 4=com.java.Objects.TestDataDetails@1b9f4fc, 5=com.java.Objects.TestDataDetails@1c51a2b, 6=com.java.Objects.TestDataDetails@cd7c22, 7=com.java.Objects.TestDataDetails@17d59d4, 8=com.java.Objects.TestDataDetails@89634c, 9=com.java.Objects.TestDataDetails@8ff236, 10=com.java.Objects.TestDataDetails@1976ec3, 11=com.java.Objects.TestDataDetails@ee9545, 12=com.java.Objects.TestDataDetails@18793d1, 13=com.java.Objects.TestDataDetails@8b7b53, 14=com.java.Objects.TestDataDetails@3e1a61}
[INFO ][2015-12-21 18:55:34,618][com.java.TestType] [  482] -  str(1) = 1
[INFO ][2015-12-21 18:55:34,618][com.java.TestType] [  485] - Test case Id is---1
[INFO ][2015-12-21 18:55:34,618][com.java.TestType] [  487] - 1
[INFO ][2015-12-21 18:55:34,618][com.java.TestType] [  482] -  str(2) = 15
[INFO ][2015-12-21 18:55:34,618][com.java.TestType] [  534] - row values are--------{1=com.java.Objects.TestDataDetails@c9b963, 2=com.java.Objects.TestDataDetails@bae075, 3=com.java.Objects.TestDataDetails@cf7a46, 4=com.java.Objects.TestDataDetails@1b9f4fc, 5=com.java.Objects.TestDataDetails@1c51a2b, 6=com.java.Objects.TestDataDetails@cd7c22, 7=com.java.Objects.TestDataDetails@17d59d4, 8=com.java.Objects.TestDataDetails@89634c, 9=com.java.Objects.TestDataDetails@8ff236, 10=com.java.Objects.TestDataDetails@1976ec3, 11=com.java.Objects.TestDataDetails@ee9545, 12=com.java.Objects.TestDataDetails@18793d1, 13=com.java.Objects.TestDataDetails@8b7b53, 14=com.java.Objects.TestDataDetails@3e1a61, 15=com.java.Objects.TestDataDetails@e58e3d}
[INFO ][2015-12-21 18:55:34,618][com.java.TestType] [  482] -  str(1) = 1
[INFO ][2015-12-21 18:55:34,618][com.java.TestType] [  485] - Test case Id is---1
[INFO ][2015-12-21 18:55:34,618][com.java.TestType] [  487] - 1
[INFO ][2015-12-21 18:55:34,618][com.java.TestType] [  482] -  str(2) = 16
[INFO ][2015-12-21 18:55:34,618][com.java.TestType] [  534] - row values are--------{1=com.java.Objects.TestDataDetails@c9b963, 2=com.java.Objects.TestDataDetails@bae075, 3=com.java.Objects.TestDataDetails@cf7a46, 4=com.java.Objects.TestDataDetails@1b9f4fc, 5=com.java.Objects.TestDataDetails@1c51a2b, 6=com.java.Objects.TestDataDetails@cd7c22, 7=com.java.Objects.TestDataDetails@17d59d4, 8=com.java.Objects.TestDataDetails@89634c, 9=com.java.Objects.TestDataDetails@8ff236, 10=com.java.Objects.TestDataDetails@1976ec3, 11=com.java.Objects.TestDataDetails@ee9545, 12=com.java.Objects.TestDataDetails@18793d1, 13=com.java.Objects.TestDataDetails@8b7b53, 14=com.java.Objects.TestDataDetails@3e1a61, 15=com.java.Objects.TestDataDetails@e58e3d, 16=com.java.Objects.TestDataDetails@15c0b7a}
[INFO ][2015-12-21 18:55:34,618][com.java.TestType] [10239] - Looping 1TCID = 1
[DEBUG][2015-12-21 18:55:34,628][com.java.TestType] [10280] - Concept ID:1 :: Step being Executed: 1::1
[INFO ][2015-12-21 18:55:34,628][com.java.TestType] [10318] - dataFields : TXTusername
[DEBUG][2015-12-21 18:55:34,628][com.java.TestType] [10324] - <In Set values of the page>
[DEBUG][2015-12-21 18:55:34,628][com.java.TestType] [10329] - {Data Fields & Data Values Exist}
[INFO ][2015-12-21 18:55:34,628][com.java.TestType] [10335] - --------------------------setting values-----------------------------
[INFO ][2015-12-21 18:55:34,628][com.java.TestType] [10338] - Action Type : CLEARANDENTER
[INFO ][2015-12-21 18:55:34,628][com.java.TestType] [ 5577] - value = valuelabs.ie10.33527
[INFO ][2015-12-21 18:55:39,347][com.java.TestType] [10357] -  RESULT true
[INFO ][2015-12-21 18:55:39,347][com.java.TestType] [10474] - ?   P A S S   ?
[DEBUG][2015-12-21 18:55:39,350][com.java.TestType] [10280] - Concept ID:1 :: Step being Executed: 1::2
[INFO ][2015-12-21 18:55:39,350][com.java.TestType] [10318] - dataFields : TXTpassword
[DEBUG][2015-12-21 18:55:39,350][com.java.TestType] [10324] - <In Set values of the page>
[DEBUG][2015-12-21 18:55:39,350][com.java.TestType] [10329] - {Data Fields & Data Values Exist}
[INFO ][2015-12-21 18:55:39,350][com.java.TestType] [10335] - --------------------------setting values-----------------------------
[INFO ][2015-12-21 18:55:39,350][com.java.TestType] [10338] - Action Type : CLEARANDENTER
[INFO ][2015-12-21 18:55:39,350][com.java.TestType] [ 5577] - value = Password1*
[INFO ][2015-12-21 18:55:44,199][com.java.TestType] [10357] -  RESULT true
[INFO ][2015-12-21 18:55:44,199][com.java.TestType] [10474] - ?   P A S S   ?
[DEBUG][2015-12-21 18:55:44,199][com.java.TestType] [10280] - Concept ID:1 :: Step being Executed: 1::3
[ERROR][2015-12-21 18:55:44,199][com.java.TestType] [10313] - Exception: null
[INFO ][2015-12-21 18:55:44,199][com.java.TestType] [10318] - dataFields : XPH//button[@type='submit']
[DEBUG][2015-12-21 18:55:44,199][com.java.TestType] [10324] - <In Set values of the page>
[DEBUG][2015-12-21 18:55:44,199][com.java.TestType] [10329] - {Data Fields & Data Values Exist}
[INFO ][2015-12-21 18:55:44,199][com.java.TestType] [10335] - --------------------------setting values-----------------------------
[INFO ][2015-12-21 18:55:44,199][com.java.TestType] [10338] - Action Type : Click
[INFO ][2015-12-21 18:55:44,199][com.java.TestType] [ 5956] - Field ::XPH//button[@type='submit']
[INFO ][2015-12-21 18:55:44,199][com.java.TestType] [ 5577] - value = 
[INFO ][2015-12-21 18:55:45,199][com.java.TestType] [ 6093] - BEFORE CLICK
[INFO ][2015-12-21 18:55:46,082][com.java.TestType] [ 6101] - Unable to click the object Login
[INFO ][2015-12-21 18:55:46,082][com.java.TestType] [10357] -  RESULT true
[INFO ][2015-12-21 18:55:46,082][com.java.TestType] [10474] - ?   P A S S   ?
[DEBUG][2015-12-21 18:55:46,082][com.java.TestType] [10280] - Concept ID:1 :: Step being Executed: 1::4
[INFO ][2015-12-21 18:55:46,082][com.java.TestType] [10318] - dataFields : LNKLogout
[DEBUG][2015-12-21 18:55:46,082][com.java.TestType] [10324] - <In Set values of the page>
[DEBUG][2015-12-21 18:55:46,082][com.java.TestType] [10329] - {Data Fields & Data Values Exist}
[INFO ][2015-12-21 18:55:46,082][com.java.TestType] [10335] - --------------------------setting values-----------------------------
[INFO ][2015-12-21 18:55:46,082][com.java.TestType] [10338] - Action Type : WaitForElement
[INFO ][2015-12-21 18:55:49,635][com.java.TestType] [10357] -  RESULT true
[INFO ][2015-12-21 18:55:49,635][com.java.TestType] [10474] - ?   P A S S   ?
[DEBUG][2015-12-21 18:55:49,635][com.java.TestType] [10280] - Concept ID:1 :: Step being Executed: 1::15
[INFO ][2015-12-21 18:55:49,635][com.java.TestType] [10318] - dataFields : LNK
[DEBUG][2015-12-21 18:55:49,635][com.java.TestType] [10324] - <In Set values of the page>
[DEBUG][2015-12-21 18:55:49,635][com.java.TestType] [10329] - {Data Fields & Data Values Exist}
[INFO ][2015-12-21 18:55:49,635][com.java.TestType] [10335] - --------------------------setting values-----------------------------
[INFO ][2015-12-21 18:55:49,635][com.java.TestType] [10338] - Action Type : Verify
[INFO ][2015-12-21 18:55:49,635][com.java.TestType] [ 6925] - field= LNK value= Logout
[INFO ][2015-12-21 18:55:49,635][com.java.TestType] [ 5577] - value = Logout
[INFO ][2015-12-21 18:55:49,676][com.java.TestType] [10357] -  RESULT true
[INFO ][2015-12-21 18:55:49,676][com.java.TestType] [10474] - ?   P A S S   ?
[DEBUG][2015-12-21 18:55:49,676][com.java.TestType] [10280] - Concept ID:1 :: Step being Executed: 1::16
[INFO ][2015-12-21 18:55:49,676][com.java.TestType] [10318] - dataFields : BTN
[DEBUG][2015-12-21 18:55:49,676][com.java.TestType] [10324] - <In Set values of the page>
[DEBUG][2015-12-21 18:55:49,676][com.java.TestType] [10329] - {Data Fields & Data Values Exist}
[INFO ][2015-12-21 18:55:49,676][com.java.TestType] [10335] - --------------------------setting values-----------------------------
[INFO ][2015-12-21 18:55:49,676][com.java.TestType] [10338] - Action Type : Verify
[INFO ][2015-12-21 18:55:49,676][com.java.TestType] [ 6925] - field= BTN value= //img[contains(@src,'bdlogo.jpg')]
[INFO ][2015-12-21 18:55:49,676][com.java.TestType] [ 5577] - value = //img[contains(@src,'bdlogo.jpg')]
[INFO ][2015-12-21 18:55:49,746][com.java.TestType] [10357] -  RESULT true
[INFO ][2015-12-21 18:55:49,746][com.java.TestType] [10474] - ?   P A S S   ?
[INFO ][2015-12-21 18:55:49,746][com.java.TestType] [10545] - Looping End......
[INFO ][2015-12-21 18:55:49,746][com.java.SeleniumDriver] [  894] -  RESULT true
[INFO ][2015-12-21 18:55:49,746][com.java.SeleniumDriver] [ 1100] - ?   P A S S   ?
[INFO ][2015-12-21 18:55:49,746][com.java.SeleniumDriver] [  821] - ------------------------------------------
[INFO ][2015-12-21 18:55:49,746][com.java.SeleniumDriver] [  822] - Test case being Executed: 1
[INFO ][2015-12-21 18:55:49,746][com.java.SeleniumDriver] [  833] - Test step:2
[INFO ][2015-12-21 18:55:49,746][com.java.SeleniumDriver] [  845] - Datavalue is----------Concept#2:1-2
[INFO ][2015-12-21 18:55:49,746][com.java.SeleniumDriver] [  869] - DataField : test
[INFO ][2015-12-21 18:55:49,746][com.java.SeleniumDriver] [  871] - DataValue : Concept#2:1-2
[INFO ][2015-12-21 18:55:49,746][com.java.SeleniumDriver] [  877] - <In Set values of the page>
[INFO ][2015-12-21 18:55:49,746][com.java.SeleniumDriver] [  880] - {Data Fields & Data Values Exist}
[INFO ][2015-12-21 18:55:49,746][com.java.SeleniumDriver] [  882] - --------------------------setting values-----------------------------
[INFO ][2015-12-21 18:55:49,746][com.java.SeleniumDriver] [  885] - Action Type : ExecuteTestCase
[INFO ][2015-12-21 18:55:49,746][com.java.TestType] [  437] - The Concept sheet name is ---------- Concept
[INFO ][2015-12-21 18:55:49,746][com.java.TestType] [  440] - The Concept ID  is ---------- 2
[DEBUG][2015-12-21 18:55:49,746][com.java.TestType] [  444] - Steps being executted in the Concept are: 1:2
[INFO ][2015-12-21 18:55:49,746][com.java.TestType] [  451] - Test data details path ---------- D:\BankersDashboard\TestInputs\TestData.xls
[INFO ][2015-12-21 18:55:49,776][com.java.TestType] [  482] -  str(1) = 2
[INFO ][2015-12-21 18:55:49,776][com.java.TestType] [  485] - Test case Id is---2
[INFO ][2015-12-21 18:55:49,776][com.java.TestType] [  487] - 2
[INFO ][2015-12-21 18:55:49,776][com.java.TestType] [  482] -  str(2) = 1
[INFO ][2015-12-21 18:55:49,776][com.java.TestType] [  534] - row values are--------{1=com.java.Objects.TestDataDetails@1150cd7}
[INFO ][2015-12-21 18:55:49,776][com.java.TestType] [  482] -  str(1) = 2
[INFO ][2015-12-21 18:55:49,776][com.java.TestType] [  485] - Test case Id is---2
[INFO ][2015-12-21 18:55:49,776][com.java.TestType] [  487] - 2
[INFO ][2015-12-21 18:55:49,776][com.java.TestType] [  482] -  str(2) = 2
[INFO ][2015-12-21 18:55:49,786][com.java.TestType] [  534] - row values are--------{1=com.java.Objects.TestDataDetails@1150cd7, 2=com.java.Objects.TestDataDetails@1ec7e06}
[INFO ][2015-12-21 18:55:49,786][com.java.TestType] [  482] -  str(1) = 2
[INFO ][2015-12-21 18:55:49,786][com.java.TestType] [  485] - Test case Id is---2
[INFO ][2015-12-21 18:55:49,786][com.java.TestType] [  487] - 2
[INFO ][2015-12-21 18:55:49,786][com.java.TestType] [  482] -  str(2) = 3
[INFO ][2015-12-21 18:55:49,786][com.java.TestType] [  534] - row values are--------{1=com.java.Objects.TestDataDetails@1150cd7, 2=com.java.Objects.TestDataDetails@1ec7e06, 3=com.java.Objects.TestDataDetails@168f863}
[INFO ][2015-12-21 18:55:49,786][com.java.TestType] [10239] - Looping 1TCID = 2
[DEBUG][2015-12-21 18:55:49,786][com.java.TestType] [10280] - Concept ID:2 :: Step being Executed: 2::1
[INFO ][2015-12-21 18:55:49,786][com.java.TestType] [10318] - dataFields : BNK//select[@id='bank']
[DEBUG][2015-12-21 18:55:49,786][com.java.TestType] [10324] - <In Set values of the page>
[DEBUG][2015-12-21 18:55:49,786][com.java.TestType] [10329] - {Data Fields & Data Values Exist}
[INFO ][2015-12-21 18:55:49,786][com.java.TestType] [10335] - --------------------------setting values-----------------------------
[INFO ][2015-12-21 18:55:49,786][com.java.TestType] [10338] - Action Type : Select
[INFO ][2015-12-21 18:55:49,786][com.java.TestType] [ 5577] - value = PFC
[INFO ][2015-12-21 18:55:50,246][com.java.TestType] [10357] -  RESULT true
[INFO ][2015-12-21 18:55:50,246][com.java.TestType] [10474] - ?   P A S S   ?
[DEBUG][2015-12-21 18:55:50,246][com.java.TestType] [10280] - Concept ID:2 :: Step being Executed: 2::2
[INFO ][2015-12-21 18:55:50,246][com.java.TestType] [10318] - dataFields : LNKLogout
[DEBUG][2015-12-21 18:55:50,246][com.java.TestType] [10324] - <In Set values of the page>
[DEBUG][2015-12-21 18:55:50,246][com.java.TestType] [10329] - {Data Fields & Data Values Exist}
[INFO ][2015-12-21 18:55:50,246][com.java.TestType] [10335] - --------------------------setting values-----------------------------
[INFO ][2015-12-21 18:55:50,246][com.java.TestType] [10338] - Action Type : WaitTime
[DEBUG][2015-12-21 18:55:50,246][com.java.TestType] [ 5397] - sleepTime: 5000
[INFO ][2015-12-21 18:55:55,252][com.java.TestType] [10357] -  RESULT true
[INFO ][2015-12-21 18:55:55,252][com.java.TestType] [10474] - ?   P A S S   ?
[INFO ][2015-12-21 18:55:55,252][com.java.TestType] [10545] - Looping End......
[INFO ][2015-12-21 18:55:55,252][com.java.SeleniumDriver] [  894] -  RESULT true
[INFO ][2015-12-21 18:55:55,252][com.java.SeleniumDriver] [ 1100] - ?   P A S S   ?
[INFO ][2015-12-21 18:55:55,252][com.java.SeleniumDriver] [  821] - ------------------------------------------
[INFO ][2015-12-21 18:55:55,252][com.java.SeleniumDriver] [  822] - Test case being Executed: 1
[INFO ][2015-12-21 18:55:55,252][com.java.SeleniumDriver] [  833] - Test step:3
[INFO ][2015-12-21 18:55:55,252][com.java.SeleniumDriver] [  845] - Datavalue is----------2
[INFO ][2015-12-21 18:55:55,252][com.java.SeleniumDriver] [  869] - DataField : XPH//button[contains(text(),'Add Content')]
[INFO ][2015-12-21 18:55:55,252][com.java.SeleniumDriver] [  871] - DataValue : 2
[INFO ][2015-12-21 18:55:55,252][com.java.SeleniumDriver] [  877] - <In Set values of the page>
[INFO ][2015-12-21 18:55:55,252][com.java.SeleniumDriver] [  880] - {Data Fields & Data Values Exist}
[INFO ][2015-12-21 18:55:55,252][com.java.SeleniumDriver] [  882] - --------------------------setting values-----------------------------
[INFO ][2015-12-21 18:55:55,252][com.java.SeleniumDriver] [  885] - Action Type : WAITFORELEMENT
[INFO ][2015-12-21 18:55:55,293][com.java.SeleniumDriver] [  894] -  RESULT true
[INFO ][2015-12-21 18:55:55,293][com.java.SeleniumDriver] [ 1100] - ?   P A S S   ?
[DEBUG][2015-12-21 18:55:55,293][com.java.SeleniumDriver] [ 1212] - Case found
[DEBUG][2015-12-21 18:55:55,293][com.java.SeleniumDriver] [ 1217] - Incrementing ReportCounters[0]:1
[INFO ][2015-12-21 18:55:55,293][com.java.SeleniumDriver] [ 1236] - The results are-------------------[1, 1, Valid Login, Pass, , Mon Dec 21 18:55:49 IST 2015, 1, 2, Valid Login, Pass, , Mon Dec 21 18:55:55 IST 2015, 1, 3, Valid Login, Pass, , Mon Dec 21 18:55:55 IST 2015]
[INFO ][2015-12-21 18:55:55,293][com.java.SeleniumDriver] [ 1240] - End time is-------35 sec
[INFO ][2015-12-21 18:55:55,293][com.java.SeleniumDriver] [ 1241] - The results are-------------------[1, 1, Valid Login, Pass, , Mon Dec 21 18:55:49 IST 2015, 1, 2, Valid Login, Pass, , Mon Dec 21 18:55:55 IST 2015, 1, 3, Valid Login, Pass, , Mon Dec 21 18:55:55 IST 2015]
[DEBUG][2015-12-21 18:55:55,293][com.java.ImportnExport.ExportTestResultsExcel] [  222] - testResultPath = D:\BankersDashboard/TestReports/Test Results_BankersDashBoard_122115_185521_IE10_Bank of North Carolina.xls
[DEBUG][2015-12-21 18:55:55,293][com.java.ImportnExport.ExportTestResultsExcel] [  223] - browser is------------IE10
[DEBUG][2015-12-21 18:55:55,343][com.java.ImportnExport.ExportTestResultsExcel] [  270] - result.size() = 18
[DEBUG][2015-12-21 18:55:55,343][com.java.ImportnExport.ExportTestResultsExcel] [  274] - No of rows in sheet=1
[DEBUG][2015-12-21 18:55:55,343][com.java.ImportnExport.ExportTestResultsExcel] [  301] - ..in export..1
[DEBUG][2015-12-21 18:55:55,343][com.java.ImportnExport.ExportTestResultsExcel] [  301] - ..in export..Valid Login
[DEBUG][2015-12-21 18:55:55,343][com.java.ImportnExport.ExportTestResultsExcel] [  301] - ..in export..Pass
[DEBUG][2015-12-21 18:55:55,343][com.java.ImportnExport.ExportTestResultsExcel] [  301] - ..in export..
[DEBUG][2015-12-21 18:55:55,343][com.java.ImportnExport.ExportTestResultsExcel] [  301] - ..in export..Mon Dec 21 18:55:49 IST 2015
[INFO ][2015-12-21 18:55:55,353][com.java.SeleniumDriver] [ 1299] - out loop:0 size:2 TestCases:[1, 26] testcases:[1, 26]
[INFO ][2015-12-21 18:55:55,353][com.java.ImportnExport.ImportTestDataDetailsExcel] [   49] - test data details path===== D:\BankersDashboard\TestInputs\TestData.xls
[INFO ][2015-12-21 18:56:16,759][com.java.SeleniumDriver] [  821] - ------------------------------------------
[INFO ][2015-12-21 18:56:16,759][com.java.SeleniumDriver] [  822] - Test case being Executed: 26
[INFO ][2015-12-21 18:56:16,759][com.java.SeleniumDriver] [  833] - Test step:1
[INFO ][2015-12-21 18:56:16,759][com.java.SeleniumDriver] [  845] - Datavalue is----------Logout
[INFO ][2015-12-21 18:56:16,759][com.java.SeleniumDriver] [  869] - DataField : BTN
[INFO ][2015-12-21 18:56:16,759][com.java.SeleniumDriver] [  871] - DataValue : Logout
[INFO ][2015-12-21 18:56:16,759][com.java.SeleniumDriver] [  877] - <In Set values of the page>
[INFO ][2015-12-21 18:56:16,759][com.java.SeleniumDriver] [  880] - {Data Fields & Data Values Exist}
[INFO ][2015-12-21 18:56:16,759][com.java.SeleniumDriver] [  882] - --------------------------setting values-----------------------------
[INFO ][2015-12-21 18:56:16,759][com.java.SeleniumDriver] [  885] - Action Type : Verify
[INFO ][2015-12-21 18:56:16,759][com.java.TestType] [ 6925] - field= BTN value= Logout
[INFO ][2015-12-21 18:56:16,759][com.java.TestType] [ 5577] - value = Logout
[INFO ][2015-12-21 18:56:16,840][com.java.SeleniumDriver] [  894] -  RESULT true
[INFO ][2015-12-21 18:56:16,840][com.java.SeleniumDriver] [ 1100] - ?   P A S S   ?
[INFO ][2015-12-21 18:56:16,840][com.java.SeleniumDriver] [ 1142] - step change to 3
[INFO ][2015-12-21 18:56:16,840][com.java.SeleniumDriver] [  821] - ------------------------------------------
[INFO ][2015-12-21 18:56:16,840][com.java.SeleniumDriver] [  822] - Test case being Executed: 26
[INFO ][2015-12-21 18:56:16,840][com.java.SeleniumDriver] [  833] - Test step:3
[INFO ][2015-12-21 18:56:16,840][com.java.SeleniumDriver] [  845] - Datavalue is----------Concept#2:1-2
[INFO ][2015-12-21 18:56:16,840][com.java.SeleniumDriver] [  869] - DataField : test
[INFO ][2015-12-21 18:56:16,840][com.java.SeleniumDriver] [  871] - DataValue : Concept#2:1-2
[INFO ][2015-12-21 18:56:16,840][com.java.SeleniumDriver] [  877] - <In Set values of the page>
[INFO ][2015-12-21 18:56:16,840][com.java.SeleniumDriver] [  880] - {Data Fields & Data Values Exist}
[INFO ][2015-12-21 18:56:16,840][com.java.SeleniumDriver] [  882] - --------------------------setting values-----------------------------
[INFO ][2015-12-21 18:56:16,840][com.java.SeleniumDriver] [  885] - Action Type : ExecuteTestCase
[INFO ][2015-12-21 18:56:16,840][com.java.TestType] [  437] - The Concept sheet name is ---------- Concept
[INFO ][2015-12-21 18:56:16,840][com.java.TestType] [  440] - The Concept ID  is ---------- 2
[DEBUG][2015-12-21 18:56:16,840][com.java.TestType] [  444] - Steps being executted in the Concept are: 1:2
[INFO ][2015-12-21 18:56:16,840][com.java.TestType] [  451] - Test data details path ---------- D:\BankersDashboard\TestInputs\TestData.xls
[INFO ][2015-12-21 18:56:16,870][com.java.TestType] [  482] -  str(1) = 2
[INFO ][2015-12-21 18:56:16,870][com.java.TestType] [  485] - Test case Id is---2
[INFO ][2015-12-21 18:56:16,870][com.java.TestType] [  487] - 2
[INFO ][2015-12-21 18:56:16,870][com.java.TestType] [  482] -  str(2) = 1
[INFO ][2015-12-21 18:56:16,870][com.java.TestType] [  534] - row values are--------{1=com.java.Objects.TestDataDetails@1a3d36f}
[INFO ][2015-12-21 18:56:16,870][com.java.TestType] [  482] -  str(1) = 2
[INFO ][2015-12-21 18:56:16,870][com.java.TestType] [  485] - Test case Id is---2
[INFO ][2015-12-21 18:56:16,870][com.java.TestType] [  487] - 2
[INFO ][2015-12-21 18:56:16,870][com.java.TestType] [  482] -  str(2) = 2
[INFO ][2015-12-21 18:56:16,870][com.java.TestType] [  534] - row values are--------{1=com.java.Objects.TestDataDetails@1a3d36f, 2=com.java.Objects.TestDataDetails@19352c1}
[INFO ][2015-12-21 18:56:16,870][com.java.TestType] [  482] -  str(1) = 2
[INFO ][2015-12-21 18:56:16,870][com.java.TestType] [  485] - Test case Id is---2
[INFO ][2015-12-21 18:56:16,870][com.java.TestType] [  487] - 2
[INFO ][2015-12-21 18:56:16,870][com.java.TestType] [  482] -  str(2) = 3
[INFO ][2015-12-21 18:56:16,870][com.java.TestType] [  534] - row values are--------{1=com.java.Objects.TestDataDetails@1a3d36f, 2=com.java.Objects.TestDataDetails@19352c1, 3=com.java.Objects.TestDataDetails@100ebc2}
[INFO ][2015-12-21 18:56:16,870][com.java.TestType] [10239] - Looping 1TCID = 2
[DEBUG][2015-12-21 18:56:16,870][com.java.TestType] [10280] - Concept ID:2 :: Step being Executed: 2::1
[INFO ][2015-12-21 18:56:16,870][com.java.TestType] [10318] - dataFields : BNK//select[@id='bank']
[DEBUG][2015-12-21 18:56:16,870][com.java.TestType] [10324] - <In Set values of the page>
[DEBUG][2015-12-21 18:56:16,870][com.java.TestType] [10329] - {Data Fields & Data Values Exist}
[INFO ][2015-12-21 18:56:16,870][com.java.TestType] [10335] - --------------------------setting values-----------------------------
[INFO ][2015-12-21 18:56:16,870][com.java.TestType] [10338] - Action Type : Select
[INFO ][2015-12-21 18:56:16,870][com.java.TestType] [ 5577] - value = PFC
[INFO ][2015-12-21 18:56:17,060][com.java.TestType] [10357] -  RESULT true
[INFO ][2015-12-21 18:56:17,060][com.java.TestType] [10474] - ?   P A S S   ?
[DEBUG][2015-12-21 18:56:17,060][com.java.TestType] [10280] - Concept ID:2 :: Step being Executed: 2::2
[INFO ][2015-12-21 18:56:17,060][com.java.TestType] [10318] - dataFields : LNKLogout
[DEBUG][2015-12-21 18:56:17,060][com.java.TestType] [10324] - <In Set values of the page>
[DEBUG][2015-12-21 18:56:17,060][com.java.TestType] [10329] - {Data Fields & Data Values Exist}
[INFO ][2015-12-21 18:56:17,060][com.java.TestType] [10335] - --------------------------setting values-----------------------------
[INFO ][2015-12-21 18:56:17,060][com.java.TestType] [10338] - Action Type : WaitTime
[DEBUG][2015-12-21 18:56:17,060][com.java.TestType] [ 5397] - sleepTime: 5000
[INFO ][2015-12-21 18:56:22,060][com.java.TestType] [10357] -  RESULT true
[INFO ][2015-12-21 18:56:22,060][com.java.TestType] [10474] - ?   P A S S   ?
[INFO ][2015-12-21 18:56:22,060][com.java.TestType] [10545] - Looping End......
[INFO ][2015-12-21 18:56:22,060][com.java.SeleniumDriver] [  894] -  RESULT true
[INFO ][2015-12-21 18:56:22,060][com.java.SeleniumDriver] [ 1100] - ?   P A S S   ?
[INFO ][2015-12-21 18:56:22,060][com.java.SeleniumDriver] [  821] - ------------------------------------------
[INFO ][2015-12-21 18:56:22,060][com.java.SeleniumDriver] [  822] - Test case being Executed: 26
[INFO ][2015-12-21 18:56:22,060][com.java.SeleniumDriver] [  833] - Test step:4
[INFO ][2015-12-21 18:56:22,060][com.java.SeleniumDriver] [  845] - Datavalue is----------null
[DEBUG][2015-12-21 18:56:22,060][com.java.SeleniumDriver] [  863] - Exception: null
[INFO ][2015-12-21 18:56:22,060][com.java.SeleniumDriver] [  869] - DataField : //span[@class='icon-cog2']&&//a[@data-id="UserSettings"]
[INFO ][2015-12-21 18:56:22,060][com.java.SeleniumDriver] [  871] - DataValue : 
[INFO ][2015-12-21 18:56:22,060][com.java.SeleniumDriver] [  877] - <In Set values of the page>
[INFO ][2015-12-21 18:56:22,060][com.java.SeleniumDriver] [  880] - {Data Fields & Data Values Exist}
[INFO ][2015-12-21 18:56:22,060][com.java.SeleniumDriver] [  882] - --------------------------setting values-----------------------------
[INFO ][2015-12-21 18:56:22,060][com.java.SeleniumDriver] [  885] - Action Type : MOUSEOVER
[INFO ][2015-12-21 18:56:45,121][com.java.SeleniumDriver] [  894] -  RESULT true
[INFO ][2015-12-21 18:56:45,121][com.java.SeleniumDriver] [ 1100] - ?   P A S S   ?
[INFO ][2015-12-21 18:56:45,121][com.java.SeleniumDriver] [  821] - ------------------------------------------
[INFO ][2015-12-21 18:56:45,121][com.java.SeleniumDriver] [  822] - Test case being Executed: 26
[INFO ][2015-12-21 18:56:45,121][com.java.SeleniumDriver] [  833] - Test step:5
[INFO ][2015-12-21 18:56:45,121][com.java.SeleniumDriver] [  845] - Datavalue is----------2
[INFO ][2015-12-21 18:56:45,121][com.java.SeleniumDriver] [  869] - DataField : BTNframeDialogContent
[INFO ][2015-12-21 18:56:45,121][com.java.SeleniumDriver] [  871] - DataValue : 2
[INFO ][2015-12-21 18:56:45,121][com.java.SeleniumDriver] [  877] - <In Set values of the page>
[INFO ][2015-12-21 18:56:45,121][com.java.SeleniumDriver] [  880] - {Data Fields & Data Values Exist}
[INFO ][2015-12-21 18:56:45,121][com.java.SeleniumDriver] [  882] - --------------------------setting values-----------------------------
[INFO ][2015-12-21 18:56:45,121][com.java.SeleniumDriver] [  885] - Action Type : WAITFORELEMENT
[INFO ][2015-12-21 18:56:46,322][com.java.SeleniumDriver] [  894] -  RESULT true
[INFO ][2015-12-21 18:56:46,322][com.java.SeleniumDriver] [ 1100] - ?   P A S S   ?
[INFO ][2015-12-21 18:56:46,322][com.java.SeleniumDriver] [  821] - ------------------------------------------
[INFO ][2015-12-21 18:56:46,322][com.java.SeleniumDriver] [  822] - Test case being Executed: 26
[INFO ][2015-12-21 18:56:46,322][com.java.SeleniumDriver] [  833] - Test step:6
[INFO ][2015-12-21 18:56:46,322][com.java.SeleniumDriver] [  845] - Datavalue is----------User Settings
[INFO ][2015-12-21 18:56:46,322][com.java.SeleniumDriver] [  869] - DataField : XPH//span[@class="ui-dialog-title"]
[INFO ][2015-12-21 18:56:46,322][com.java.SeleniumDriver] [  871] - DataValue : User Settings
[INFO ][2015-12-21 18:56:46,322][com.java.SeleniumDriver] [  877] - <In Set values of the page>
[INFO ][2015-12-21 18:56:46,322][com.java.SeleniumDriver] [  880] - {Data Fields & Data Values Exist}
[INFO ][2015-12-21 18:56:46,322][com.java.SeleniumDriver] [  882] - --------------------------setting values-----------------------------
[INFO ][2015-12-21 18:56:46,322][com.java.SeleniumDriver] [  885] - Action Type : VERIFY
[INFO ][2015-12-21 18:56:46,322][com.java.TestType] [ 6925] - field= XPH//span[@class="ui-dialog-title"] value= User Settings
[INFO ][2015-12-21 18:56:46,322][com.java.TestType] [ 5577] - value = User Settings
[INFO ][2015-12-21 18:56:46,473][com.java.SeleniumDriver] [  894] -  RESULT true
[INFO ][2015-12-21 18:56:46,473][com.java.SeleniumDriver] [ 1100] - ?   P A S S   ?
[INFO ][2015-12-21 18:56:46,473][com.java.SeleniumDriver] [  821] - ------------------------------------------
[INFO ][2015-12-21 18:56:46,473][com.java.SeleniumDriver] [  822] - Test case being Executed: 26
[INFO ][2015-12-21 18:56:46,473][com.java.SeleniumDriver] [  833] - Test step:7
[INFO ][2015-12-21 18:56:46,473][com.java.SeleniumDriver] [  845] - Datavalue is----------null
[DEBUG][2015-12-21 18:56:46,473][com.java.SeleniumDriver] [  863] - Exception: null
[INFO ][2015-12-21 18:56:46,473][com.java.SeleniumDriver] [  869] - DataField : BTNframeDialogContent
[INFO ][2015-12-21 18:56:46,473][com.java.SeleniumDriver] [  871] - DataValue : 
[INFO ][2015-12-21 18:56:46,473][com.java.SeleniumDriver] [  877] - <In Set values of the page>
[INFO ][2015-12-21 18:56:46,473][com.java.SeleniumDriver] [  880] - {Data Fields & Data Values Exist}
[INFO ][2015-12-21 18:56:46,473][com.java.SeleniumDriver] [  882] - --------------------------setting values-----------------------------
[INFO ][2015-12-21 18:56:46,473][com.java.SeleniumDriver] [  885] - Action Type : SELECTFRAME
[INFO ][2015-12-21 18:56:47,704][com.java.SeleniumDriver] [  894] -  RESULT true
[INFO ][2015-12-21 18:56:47,704][com.java.SeleniumDriver] [ 1100] - ?   P A S S   ?
[INFO ][2015-12-21 18:56:47,704][com.java.SeleniumDriver] [  821] - ------------------------------------------
[INFO ][2015-12-21 18:56:47,704][com.java.SeleniumDriver] [  822] - Test case being Executed: 26
[INFO ][2015-12-21 18:56:47,704][com.java.SeleniumDriver] [  833] - Test step:8
[INFO ][2015-12-21 18:56:47,704][com.java.SeleniumDriver] [  845] - Datavalue is----------No
[INFO ][2015-12-21 18:56:47,704][com.java.SeleniumDriver] [  869] - DataField : SLBddlPDFToScreen
[INFO ][2015-12-21 18:56:47,704][com.java.SeleniumDriver] [  871] - DataValue : No
[INFO ][2015-12-21 18:56:47,704][com.java.SeleniumDriver] [  877] - <In Set values of the page>
[INFO ][2015-12-21 18:56:47,704][com.java.SeleniumDriver] [  880] - {Data Fields & Data Values Exist}
[INFO ][2015-12-21 18:56:47,704][com.java.SeleniumDriver] [  882] - --------------------------setting values-----------------------------
[INFO ][2015-12-21 18:56:47,704][com.java.SeleniumDriver] [  885] - Action Type : SELECT
[INFO ][2015-12-21 18:56:47,704][com.java.TestType] [ 5577] - value = No
[INFO ][2015-12-21 18:56:50,016][com.java.SeleniumDriver] [  894] -  RESULT true
[INFO ][2015-12-21 18:56:50,016][com.java.SeleniumDriver] [ 1100] - ?   P A S S   ?
[INFO ][2015-12-21 18:56:50,016][com.java.SeleniumDriver] [  821] - ------------------------------------------
[INFO ][2015-12-21 18:56:50,016][com.java.SeleniumDriver] [  822] - Test case being Executed: 26
[INFO ][2015-12-21 18:56:50,016][com.java.SeleniumDriver] [  833] - Test step:9
[INFO ][2015-12-21 18:56:50,016][com.java.SeleniumDriver] [  845] - Datavalue is----------null
[DEBUG][2015-12-21 18:56:50,016][com.java.SeleniumDriver] [  863] - Exception: null
[INFO ][2015-12-21 18:56:50,016][com.java.SeleniumDriver] [  869] - DataField : BTNparent
[INFO ][2015-12-21 18:56:50,016][com.java.SeleniumDriver] [  871] - DataValue : 
[INFO ][2015-12-21 18:56:50,016][com.java.SeleniumDriver] [  877] - <In Set values of the page>
[INFO ][2015-12-21 18:56:50,016][com.java.SeleniumDriver] [  880] - {Data Fields & Data Values Exist}
[INFO ][2015-12-21 18:56:50,016][com.java.SeleniumDriver] [  882] - --------------------------setting values-----------------------------
[INFO ][2015-12-21 18:56:50,016][com.java.SeleniumDriver] [  885] - Action Type : SELECTFRAME
[INFO ][2015-12-21 18:56:50,036][com.java.SeleniumDriver] [  894] -  RESULT true
[INFO ][2015-12-21 18:56:50,036][com.java.SeleniumDriver] [ 1100] - ?   P A S S   ?
[INFO ][2015-12-21 18:56:50,036][com.java.SeleniumDriver] [  821] - ------------------------------------------
[INFO ][2015-12-21 18:56:50,036][com.java.SeleniumDriver] [  822] - Test case being Executed: 26
[INFO ][2015-12-21 18:56:50,036][com.java.SeleniumDriver] [  833] - Test step:10
[INFO ][2015-12-21 18:56:50,036][com.java.SeleniumDriver] [  845] - Datavalue is----------null
[DEBUG][2015-12-21 18:56:50,036][com.java.SeleniumDriver] [  863] - Exception: null
[INFO ][2015-12-21 18:56:50,036][com.java.SeleniumDriver] [  869] - DataField : XPH//span[@class="ui-button-text" and contains(text(),'Finished')]
[INFO ][2015-12-21 18:56:50,036][com.java.SeleniumDriver] [  871] - DataValue : 
[INFO ][2015-12-21 18:56:50,036][com.java.SeleniumDriver] [  877] - <In Set values of the page>
[INFO ][2015-12-21 18:56:50,036][com.java.SeleniumDriver] [  880] - {Data Fields & Data Values Exist}
[INFO ][2015-12-21 18:56:50,036][com.java.SeleniumDriver] [  882] - --------------------------setting values-----------------------------
[INFO ][2015-12-21 18:56:50,036][com.java.SeleniumDriver] [  885] - Action Type : CLICK
[INFO ][2015-12-21 18:56:50,036][com.java.TestType] [ 5956] - Field ::XPH//span[@class="ui-button-text" and contains(text(),'Finished')]
[INFO ][2015-12-21 18:56:50,036][com.java.TestType] [ 5577] - value = 
[INFO ][2015-12-21 18:56:51,036][com.java.TestType] [ 6093] - BEFORE CLICK
[INFO ][2015-12-21 18:56:51,886][com.java.TestType] [ 6101] - Unable to click the object Finish Button
[INFO ][2015-12-21 18:56:51,886][com.java.SeleniumDriver] [  894] -  RESULT true
[INFO ][2015-12-21 18:56:51,886][com.java.SeleniumDriver] [ 1100] - ?   P A S S   ?
[INFO ][2015-12-21 18:56:51,886][com.java.SeleniumDriver] [  821] - ------------------------------------------
[INFO ][2015-12-21 18:56:51,886][com.java.SeleniumDriver] [  822] - Test case being Executed: 26
[INFO ][2015-12-21 18:56:51,886][com.java.SeleniumDriver] [  833] - Test step:11
[INFO ][2015-12-21 18:56:51,886][com.java.SeleniumDriver] [  845] - Datavalue is----------null
[DEBUG][2015-12-21 18:56:51,886][com.java.SeleniumDriver] [  863] - Exception: null
[INFO ][2015-12-21 18:56:51,886][com.java.SeleniumDriver] [  869] - DataField : BTNcloseAllTabs
[INFO ][2015-12-21 18:56:51,886][com.java.SeleniumDriver] [  871] - DataValue : 
[INFO ][2015-12-21 18:56:51,886][com.java.SeleniumDriver] [  877] - <In Set values of the page>
[INFO ][2015-12-21 18:56:51,886][com.java.SeleniumDriver] [  880] - {Data Fields & Data Values Exist}
[INFO ][2015-12-21 18:56:51,886][com.java.SeleniumDriver] [  882] - --------------------------setting values-----------------------------
[INFO ][2015-12-21 18:56:51,886][com.java.SeleniumDriver] [  885] - Action Type : CLICK
[INFO ][2015-12-21 18:56:51,886][com.java.TestType] [ 5956] - Field ::BTNcloseAllTabs
[INFO ][2015-12-21 18:56:51,886][com.java.TestType] [ 5577] - value = 
[INFO ][2015-12-21 18:56:52,887][com.java.TestType] [ 6072] - BEFORE CLICK
[INFO ][2015-12-21 18:56:54,238][com.java.TestType] [ 6079] - Unable to click the object Close all tabs
[INFO ][2015-12-21 18:56:54,238][com.java.SeleniumDriver] [  894] -  RESULT true
[INFO ][2015-12-21 18:56:54,238][com.java.SeleniumDriver] [ 1100] - ?   P A S S   ?
[INFO ][2015-12-21 18:56:54,238][com.java.SeleniumDriver] [  821] - ------------------------------------------
[INFO ][2015-12-21 18:56:54,238][com.java.SeleniumDriver] [  822] - Test case being Executed: 26
[INFO ][2015-12-21 18:56:54,238][com.java.SeleniumDriver] [  833] - Test step:12
[INFO ][2015-12-21 18:56:54,238][com.java.SeleniumDriver] [  845] - Datavalue is----------5
[INFO ][2015-12-21 18:56:54,238][com.java.SeleniumDriver] [  869] - DataField : XPH//span[@class="icon-coin"]
[INFO ][2015-12-21 18:56:54,238][com.java.SeleniumDriver] [  871] - DataValue : 5
[INFO ][2015-12-21 18:56:54,238][com.java.SeleniumDriver] [  877] - <In Set values of the page>
[INFO ][2015-12-21 18:56:54,238][com.java.SeleniumDriver] [  880] - {Data Fields & Data Values Exist}
[INFO ][2015-12-21 18:56:54,238][com.java.SeleniumDriver] [  882] - --------------------------setting values-----------------------------
[INFO ][2015-12-21 18:56:54,238][com.java.SeleniumDriver] [  885] - Action Type : WAITFORELEMENT
[INFO ][2015-12-21 18:56:54,278][com.java.SeleniumDriver] [  894] -  RESULT true
[INFO ][2015-12-21 18:56:54,278][com.java.SeleniumDriver] [ 1100] - ?   P A S S   ?
[INFO ][2015-12-21 18:56:54,278][com.java.SeleniumDriver] [  821] - ------------------------------------------
[INFO ][2015-12-21 18:56:54,278][com.java.SeleniumDriver] [  822] - Test case being Executed: 26
[INFO ][2015-12-21 18:56:54,278][com.java.SeleniumDriver] [  833] - Test step:13
[INFO ][2015-12-21 18:56:54,278][com.java.SeleniumDriver] [  845] - Datavalue is----------null
[DEBUG][2015-12-21 18:56:54,278][com.java.SeleniumDriver] [  863] - Exception: null
[INFO ][2015-12-21 18:56:54,278][com.java.SeleniumDriver] [  869] - DataField : //span[@class="icon-coin"]&&//a[text()='Balance Sheet']&&//a[@data-id="BSCompare"]
[INFO ][2015-12-21 18:56:54,278][com.java.SeleniumDriver] [  871] - DataValue : 
[INFO ][2015-12-21 18:56:54,278][com.java.SeleniumDriver] [  877] - <In Set values of the page>
[INFO ][2015-12-21 18:56:54,278][com.java.SeleniumDriver] [  880] - {Data Fields & Data Values Exist}
[INFO ][2015-12-21 18:56:54,278][com.java.SeleniumDriver] [  882] - --------------------------setting values-----------------------------
[INFO ][2015-12-21 18:56:54,278][com.java.SeleniumDriver] [  885] - Action Type : MOUSEOVER
[INFO ][2015-12-21 18:57:20,946][com.java.SeleniumDriver] [  894] -  RESULT true
[INFO ][2015-12-21 18:57:20,946][com.java.SeleniumDriver] [ 1100] - ?   P A S S   ?
[INFO ][2015-12-21 18:57:20,946][com.java.SeleniumDriver] [  821] - ------------------------------------------
[INFO ][2015-12-21 18:57:20,946][com.java.SeleniumDriver] [  822] - Test case being Executed: 26
[INFO ][2015-12-21 18:57:20,946][com.java.SeleniumDriver] [  833] - Test step:14
[INFO ][2015-12-21 18:57:20,946][com.java.SeleniumDriver] [  845] - Datavalue is----------4
[INFO ][2015-12-21 18:57:20,946][com.java.SeleniumDriver] [  869] - DataField : XPH//span[contains(text(),'Show Report')]
[INFO ][2015-12-21 18:57:20,946][com.java.SeleniumDriver] [  871] - DataValue : 4
[INFO ][2015-12-21 18:57:20,946][com.java.SeleniumDriver] [  877] - <In Set values of the page>
[INFO ][2015-12-21 18:57:20,946][com.java.SeleniumDriver] [  880] - {Data Fields & Data Values Exist}
[INFO ][2015-12-21 18:57:20,946][com.java.SeleniumDriver] [  882] - --------------------------setting values-----------------------------
[INFO ][2015-12-21 18:57:20,946][com.java.SeleniumDriver] [  885] - Action Type : WAITFORELEMENT
[INFO ][2015-12-21 18:57:20,987][com.java.SeleniumDriver] [  894] -  RESULT true
[INFO ][2015-12-21 18:57:20,987][com.java.SeleniumDriver] [ 1100] - ?   P A S S   ?
[INFO ][2015-12-21 18:57:20,987][com.java.SeleniumDriver] [  821] - ------------------------------------------
[INFO ][2015-12-21 18:57:20,987][com.java.SeleniumDriver] [  822] - Test case being Executed: 26
[INFO ][2015-12-21 18:57:20,987][com.java.SeleniumDriver] [  833] - Test step:15
[INFO ][2015-12-21 18:57:20,987][com.java.SeleniumDriver] [  845] - Datavalue is----------2
[INFO ][2015-12-21 18:57:20,987][com.java.SeleniumDriver] [  869] - DataField : BTNframeDialogContent
[INFO ][2015-12-21 18:57:20,987][com.java.SeleniumDriver] [  871] - DataValue : 2
[INFO ][2015-12-21 18:57:20,987][com.java.SeleniumDriver] [  877] - <In Set values of the page>
[INFO ][2015-12-21 18:57:20,987][com.java.SeleniumDriver] [  880] - {Data Fields & Data Values Exist}
[INFO ][2015-12-21 18:57:20,987][com.java.SeleniumDriver] [  882] - --------------------------setting values-----------------------------
[INFO ][2015-12-21 18:57:20,987][com.java.SeleniumDriver] [  885] - Action Type : WAITFORELEMENT
[INFO ][2015-12-21 18:57:22,197][com.java.SeleniumDriver] [  894] -  RESULT true
[INFO ][2015-12-21 18:57:22,197][com.java.SeleniumDriver] [ 1100] - ?   P A S S   ?
[INFO ][2015-12-21 18:57:22,197][com.java.SeleniumDriver] [  821] - ------------------------------------------
[INFO ][2015-12-21 18:57:22,197][com.java.SeleniumDriver] [  822] - Test case being Executed: 26
[INFO ][2015-12-21 18:57:22,197][com.java.SeleniumDriver] [  833] - Test step:16
[INFO ][2015-12-21 18:57:22,197][com.java.SeleniumDriver] [  845] - Datavalue is----------dt:BSCompare
[INFO ][2015-12-21 18:57:22,197][com.java.SeleniumDriver] [  869] - DataField : XPH//span[@class="ui-dialog-title"]
[INFO ][2015-12-21 18:57:22,197][com.java.SeleniumDriver] [  871] - DataValue : dt:BSCompare
[INFO ][2015-12-21 18:57:22,197][com.java.SeleniumDriver] [  877] - <In Set values of the page>
[INFO ][2015-12-21 18:57:22,197][com.java.SeleniumDriver] [  880] - {Data Fields & Data Values Exist}
[INFO ][2015-12-21 18:57:22,197][com.java.SeleniumDriver] [  882] - --------------------------setting values-----------------------------
[INFO ][2015-12-21 18:57:22,197][com.java.SeleniumDriver] [  885] - Action Type : VERIFY
[INFO ][2015-12-21 18:57:22,197][com.java.TestType] [ 6925] - field= XPH//span[@class="ui-dialog-title"] value= dt:BSCompare
[INFO ][2015-12-21 18:57:22,197][com.java.TestType] [ 5577] - value = Balance Sheet Compare
[INFO ][2015-12-21 18:57:22,358][com.java.SeleniumDriver] [  894] -  RESULT true
[INFO ][2015-12-21 18:57:22,358][com.java.SeleniumDriver] [ 1100] - ?   P A S S   ?
[INFO ][2015-12-21 18:57:22,358][com.java.SeleniumDriver] [  821] - ------------------------------------------
[INFO ][2015-12-21 18:57:22,358][com.java.SeleniumDriver] [  822] - Test case being Executed: 26
[INFO ][2015-12-21 18:57:22,358][com.java.SeleniumDriver] [  833] - Test step:17
[INFO ][2015-12-21 18:57:22,358][com.java.SeleniumDriver] [  845] - Datavalue is----------null
[DEBUG][2015-12-21 18:57:22,358][com.java.SeleniumDriver] [  863] - Exception: null
[INFO ][2015-12-21 18:57:22,358][com.java.SeleniumDriver] [  869] - DataField : BTNframeDialogContent
[INFO ][2015-12-21 18:57:22,358][com.java.SeleniumDriver] [  871] - DataValue : 
[INFO ][2015-12-21 18:57:22,358][com.java.SeleniumDriver] [  877] - <In Set values of the page>
[INFO ][2015-12-21 18:57:22,358][com.java.SeleniumDriver] [  880] - {Data Fields & Data Values Exist}
[INFO ][2015-12-21 18:57:22,358][com.java.SeleniumDriver] [  882] - --------------------------setting values-----------------------------
[INFO ][2015-12-21 18:57:22,358][com.java.SeleniumDriver] [  885] - Action Type : SELECTFRAME
[INFO ][2015-12-21 18:57:23,589][com.java.SeleniumDriver] [  894] -  RESULT true
[INFO ][2015-12-21 18:57:23,589][com.java.SeleniumDriver] [ 1100] - ?   P A S S   ?
[INFO ][2015-12-21 18:57:23,589][com.java.SeleniumDriver] [  821] - ------------------------------------------
[INFO ][2015-12-21 18:57:23,589][com.java.SeleniumDriver] [  822] - Test case being Executed: 26
[INFO ][2015-12-21 18:57:23,589][com.java.SeleniumDriver] [  833] - Test step:18
[INFO ][2015-12-21 18:57:23,589][com.java.SeleniumDriver] [  845] - Datavalue is----------4
[INFO ][2015-12-21 18:57:23,589][com.java.SeleniumDriver] [  869] - DataField : BTNcbExpandCenters
[INFO ][2015-12-21 18:57:23,589][com.java.SeleniumDriver] [  871] - DataValue : 4
[INFO ][2015-12-21 18:57:23,589][com.java.SeleniumDriver] [  877] - <In Set values of the page>
[INFO ][2015-12-21 18:57:23,589][com.java.SeleniumDriver] [  880] - {Data Fields & Data Values Exist}
[INFO ][2015-12-21 18:57:23,589][com.java.SeleniumDriver] [  882] - --------------------------setting values-----------------------------
[INFO ][2015-12-21 18:57:23,589][com.java.SeleniumDriver] [  885] - Action Type : WAITFORELEMENT
[INFO ][2015-12-21 18:57:24,631][com.java.SeleniumDriver] [  894] -  RESULT true
[INFO ][2015-12-21 18:57:24,631][com.java.SeleniumDriver] [ 1100] - ?   P A S S   ?
[INFO ][2015-12-21 18:57:24,631][com.java.SeleniumDriver] [  821] - ------------------------------------------
[INFO ][2015-12-21 18:57:24,631][com.java.SeleniumDriver] [  822] - Test case being Executed: 26
[INFO ][2015-12-21 18:57:24,631][com.java.SeleniumDriver] [  833] - Test step:19
[INFO ][2015-12-21 18:57:24,631][com.java.SeleniumDriver] [  845] - Datavalue is----------index:1
[INFO ][2015-12-21 18:57:24,631][com.java.SeleniumDriver] [  869] - DataField : COBddlView
[INFO ][2015-12-21 18:57:24,631][com.java.SeleniumDriver] [  871] - DataValue : index:1
[INFO ][2015-12-21 18:57:24,631][com.java.SeleniumDriver] [  877] - <In Set values of the page>
[INFO ][2015-12-21 18:57:24,631][com.java.SeleniumDriver] [  880] - {Data Fields & Data Values Exist}
[INFO ][2015-12-21 18:57:24,631][com.java.SeleniumDriver] [  882] - --------------------------setting values-----------------------------
[INFO ][2015-12-21 18:57:24,631][com.java.SeleniumDriver] [  885] - Action Type : SELECT
[INFO ][2015-12-21 18:57:24,631][com.java.TestType] [ 5577] - value = 1
[INFO ][2015-12-21 18:57:25,733][com.java.TestType] [ 5695] -  In COB ddlView : 1
[INFO ][2015-12-21 18:57:25,913][com.java.SeleniumDriver] [  894] -  RESULT true
[INFO ][2015-12-21 18:57:25,913][com.java.SeleniumDriver] [ 1100] - ?   P A S S   ?
[INFO ][2015-12-21 18:57:25,913][com.java.SeleniumDriver] [  821] - ------------------------------------------
[INFO ][2015-12-21 18:57:25,913][com.java.SeleniumDriver] [  822] - Test case being Executed: 26
[INFO ][2015-12-21 18:57:25,913][com.java.SeleniumDriver] [  833] - Test step:20
[INFO ][2015-12-21 18:57:25,913][com.java.SeleniumDriver] [  845] - Datavalue is----------index:0
[INFO ][2015-12-21 18:57:25,913][com.java.SeleniumDriver] [  869] - DataField : COBddlProfitCenter
[INFO ][2015-12-21 18:57:25,913][com.java.SeleniumDriver] [  871] - DataValue : index:0
[INFO ][2015-12-21 18:57:25,913][com.java.SeleniumDriver] [  877] - <In Set values of the page>
[INFO ][2015-12-21 18:57:25,913][com.java.SeleniumDriver] [  880] - {Data Fields & Data Values Exist}
[INFO ][2015-12-21 18:57:25,913][com.java.SeleniumDriver] [  882] - --------------------------setting values-----------------------------
[INFO ][2015-12-21 18:57:25,913][com.java.SeleniumDriver] [  885] - Action Type : SELECT
[INFO ][2015-12-21 18:57:25,913][com.java.TestType] [ 5577] - value = 0
[INFO ][2015-12-21 18:57:27,014][com.java.TestType] [ 5695] -  In COB ddlProfitCenter : 0
[INFO ][2015-12-21 18:57:27,094][com.java.SeleniumDriver] [  894] -  RESULT true
[INFO ][2015-12-21 18:57:27,094][com.java.SeleniumDriver] [ 1100] - ?   P A S S   ?
[INFO ][2015-12-21 18:57:27,094][com.java.SeleniumDriver] [  821] - ------------------------------------------
[INFO ][2015-12-21 18:57:27,094][com.java.SeleniumDriver] [  822] - Test case being Executed: 26
[INFO ][2015-12-21 18:57:27,094][com.java.SeleniumDriver] [  833] - Test step:21
[INFO ][2015-12-21 18:57:27,094][com.java.SeleniumDriver] [  845] - Datavalue is----------null
[DEBUG][2015-12-21 18:57:27,094][com.java.SeleniumDriver] [  863] - Exception: null
[INFO ][2015-12-21 18:57:27,094][com.java.SeleniumDriver] [  869] - DataField : HDNcbExpandCenters
[INFO ][2015-12-21 18:57:27,094][com.java.SeleniumDriver] [  871] - DataValue : 
[INFO ][2015-12-21 18:57:27,094][com.java.SeleniumDriver] [  877] - <In Set values of the page>
[INFO ][2015-12-21 18:57:27,094][com.java.SeleniumDriver] [  880] - {Data Fields & Data Values Exist}
[INFO ][2015-12-21 18:57:27,094][com.java.SeleniumDriver] [  882] - --------------------------setting values-----------------------------
[INFO ][2015-12-21 18:57:27,094][com.java.SeleniumDriver] [  885] - Action Type : CLICK
[INFO ][2015-12-21 18:57:27,094][com.java.TestType] [ 5956] - Field ::HDNcbExpandCenters
[INFO ][2015-12-21 18:57:27,094][com.java.TestType] [ 5577] - value = 
[INFO ][2015-12-21 18:57:29,175][com.java.SeleniumDriver] [  894] -  RESULT true
[INFO ][2015-12-21 18:57:29,175][com.java.SeleniumDriver] [ 1100] - ?   P A S S   ?
[INFO ][2015-12-21 18:57:29,175][com.java.SeleniumDriver] [  821] - ------------------------------------------
[INFO ][2015-12-21 18:57:29,175][com.java.SeleniumDriver] [  822] - Test case being Executed: 26
[INFO ][2015-12-21 18:57:29,175][com.java.SeleniumDriver] [  833] - Test step:22
[INFO ][2015-12-21 18:57:29,175][com.java.SeleniumDriver] [  845] - Datavalue is----------null
[DEBUG][2015-12-21 18:57:29,175][com.java.SeleniumDriver] [  863] - Exception: null
[INFO ][2015-12-21 18:57:29,175][com.java.SeleniumDriver] [  869] - DataField : BTNparent
[INFO ][2015-12-21 18:57:29,175][com.java.SeleniumDriver] [  871] - DataValue : 
[INFO ][2015-12-21 18:57:29,175][com.java.SeleniumDriver] [  877] - <In Set values of the page>
[INFO ][2015-12-21 18:57:29,175][com.java.SeleniumDriver] [  880] - {Data Fields & Data Values Exist}
[INFO ][2015-12-21 18:57:29,175][com.java.SeleniumDriver] [  882] - --------------------------setting values-----------------------------
[INFO ][2015-12-21 18:57:29,175][com.java.SeleniumDriver] [  885] - Action Type : SELECTFRAME
[INFO ][2015-12-21 18:57:29,185][com.java.SeleniumDriver] [  894] -  RESULT true
[INFO ][2015-12-21 18:57:29,185][com.java.SeleniumDriver] [ 1100] - ?   P A S S   ?
[INFO ][2015-12-21 18:57:29,185][com.java.SeleniumDriver] [  821] - ------------------------------------------
[INFO ][2015-12-21 18:57:29,185][com.java.SeleniumDriver] [  822] - Test case being Executed: 26
[INFO ][2015-12-21 18:57:29,185][com.java.SeleniumDriver] [  833] - Test step:23
[INFO ][2015-12-21 18:57:29,185][com.java.SeleniumDriver] [  845] - Datavalue is----------null
[DEBUG][2015-12-21 18:57:29,185][com.java.SeleniumDriver] [  863] - Exception: null
[INFO ][2015-12-21 18:57:29,185][com.java.SeleniumDriver] [  869] - DataField : XPH//span[contains(text(),'Show Report')]
[INFO ][2015-12-21 18:57:29,185][com.java.SeleniumDriver] [  871] - DataValue : 
[INFO ][2015-12-21 18:57:29,185][com.java.SeleniumDriver] [  877] - <In Set values of the page>
[INFO ][2015-12-21 18:57:29,185][com.java.SeleniumDriver] [  880] - {Data Fields & Data Values Exist}
[INFO ][2015-12-21 18:57:29,185][com.java.SeleniumDriver] [  882] - --------------------------setting values-----------------------------
[INFO ][2015-12-21 18:57:29,185][com.java.SeleniumDriver] [  885] - Action Type : CLICK
[INFO ][2015-12-21 18:57:29,185][com.java.TestType] [ 5956] - Field ::XPH//span[contains(text(),'Show Report')]
[INFO ][2015-12-21 18:57:29,185][com.java.TestType] [ 5577] - value = 
[INFO ][2015-12-21 18:57:30,185][com.java.TestType] [ 6093] - BEFORE CLICK
[INFO ][2015-12-21 18:57:31,395][com.java.TestType] [ 6101] - Unable to click the object Show Report button
[INFO ][2015-12-21 18:57:31,395][com.java.SeleniumDriver] [  894] -  RESULT true
[INFO ][2015-12-21 18:57:31,395][com.java.SeleniumDriver] [ 1100] - ?   P A S S   ?
[INFO ][2015-12-21 18:57:31,395][com.java.SeleniumDriver] [  821] - ------------------------------------------
[INFO ][2015-12-21 18:57:31,395][com.java.SeleniumDriver] [  822] - Test case being Executed: 26
[INFO ][2015-12-21 18:57:31,395][com.java.SeleniumDriver] [  833] - Test step:24
[INFO ][2015-12-21 18:57:31,395][com.java.SeleniumDriver] [  845] - Datavalue is----------3
[INFO ][2015-12-21 18:57:31,395][com.java.SeleniumDriver] [  869] - DataField : XPH//img[@id='loading']
[INFO ][2015-12-21 18:57:31,395][com.java.SeleniumDriver] [  871] - DataValue : 3
[INFO ][2015-12-21 18:57:31,395][com.java.SeleniumDriver] [  877] - <In Set values of the page>
[INFO ][2015-12-21 18:57:31,395][com.java.SeleniumDriver] [  880] - {Data Fields & Data Values Exist}
[INFO ][2015-12-21 18:57:31,395][com.java.SeleniumDriver] [  882] - --------------------------setting values-----------------------------
[INFO ][2015-12-21 18:57:31,395][com.java.SeleniumDriver] [  885] - Action Type : WaitForElement
[INFO ][2015-12-21 18:57:31,436][com.java.SeleniumDriver] [  894] -  RESULT true
[INFO ][2015-12-21 18:57:31,436][com.java.SeleniumDriver] [ 1100] - ?   P A S S   ?
[INFO ][2015-12-21 18:57:31,436][com.java.SeleniumDriver] [  821] - ------------------------------------------
[INFO ][2015-12-21 18:57:31,436][com.java.SeleniumDriver] [  822] - Test case being Executed: 26
[INFO ][2015-12-21 18:57:31,436][com.java.SeleniumDriver] [  833] - Test step:25
[INFO ][2015-12-21 18:57:31,436][com.java.SeleniumDriver] [  845] - Datavalue is----------90
[INFO ][2015-12-21 18:57:31,436][com.java.SeleniumDriver] [  869] - DataField : XPH//img[@id='loading']
[INFO ][2015-12-21 18:57:31,436][com.java.SeleniumDriver] [  871] - DataValue : 90
[INFO ][2015-12-21 18:57:31,436][com.java.SeleniumDriver] [  877] - <In Set values of the page>
[INFO ][2015-12-21 18:57:31,436][com.java.SeleniumDriver] [  880] - {Data Fields & Data Values Exist}
[INFO ][2015-12-21 18:57:31,436][com.java.SeleniumDriver] [  882] - --------------------------setting values-----------------------------
[INFO ][2015-12-21 18:57:31,436][com.java.SeleniumDriver] [  885] - Action Type : waitForElementNotPresent
[INFO ][2015-12-21 18:57:33,837][com.java.SeleniumDriver] [  894] -  RESULT true
[INFO ][2015-12-21 18:57:33,837][com.java.SeleniumDriver] [ 1100] - ?   P A S S   ?
[INFO ][2015-12-21 18:57:33,837][com.java.SeleniumDriver] [  821] - ------------------------------------------
[INFO ][2015-12-21 18:57:33,837][com.java.SeleniumDriver] [  822] - Test case being Executed: 26
[INFO ][2015-12-21 18:57:33,837][com.java.SeleniumDriver] [  833] - Test step:26
[INFO ][2015-12-21 18:57:33,837][com.java.SeleniumDriver] [  845] - Datavalue is----------dt:BSCompare
[INFO ][2015-12-21 18:57:33,837][com.java.SeleniumDriver] [  869] - DataField : XPH//td[@class="ReportTitle"]
[INFO ][2015-12-21 18:57:33,837][com.java.SeleniumDriver] [  871] - DataValue : dt:BSCompare
[INFO ][2015-12-21 18:57:33,837][com.java.SeleniumDriver] [  877] - <In Set values of the page>
[INFO ][2015-12-21 18:57:33,837][com.java.SeleniumDriver] [  880] - {Data Fields & Data Values Exist}
[INFO ][2015-12-21 18:57:33,837][com.java.SeleniumDriver] [  882] - --------------------------setting values-----------------------------
[INFO ][2015-12-21 18:57:33,837][com.java.SeleniumDriver] [  885] - Action Type : VERIFY
[INFO ][2015-12-21 18:57:33,837][com.java.TestType] [ 6925] - field= XPH//td[@class="ReportTitle"] value= dt:BSCompare
[INFO ][2015-12-21 18:57:33,837][com.java.TestType] [ 5577] - value = Balance Sheet Compare
[INFO ][2015-12-21 18:57:34,008][com.java.SeleniumDriver] [  894] -  RESULT true
[INFO ][2015-12-21 18:57:34,008][com.java.SeleniumDriver] [ 1100] - ?   P A S S   ?
[INFO ][2015-12-21 18:57:34,008][com.java.SeleniumDriver] [  821] - ------------------------------------------
[INFO ][2015-12-21 18:57:34,008][com.java.SeleniumDriver] [  822] - Test case being Executed: 26
[INFO ][2015-12-21 18:57:34,008][com.java.SeleniumDriver] [  833] - Test step:27
[INFO ][2015-12-21 18:57:34,008][com.java.SeleniumDriver] [  845] - Datavalue is----------null
[DEBUG][2015-12-21 18:57:34,008][com.java.SeleniumDriver] [  863] - Exception: null
[INFO ][2015-12-21 18:57:34,008][com.java.SeleniumDriver] [  869] - DataField : HDN//div[@class="menu"]//span[@class="icon-file-pdf"]
[INFO ][2015-12-21 18:57:34,008][com.java.SeleniumDriver] [  871] - DataValue : 
[INFO ][2015-12-21 18:57:34,008][com.java.SeleniumDriver] [  877] - <In Set values of the page>
[INFO ][2015-12-21 18:57:34,008][com.java.SeleniumDriver] [  880] - {Data Fields & Data Values Exist}
[INFO ][2015-12-21 18:57:34,008][com.java.SeleniumDriver] [  882] - --------------------------setting values-----------------------------
[INFO ][2015-12-21 18:57:34,008][com.java.SeleniumDriver] [  885] - Action Type : CLICK
[INFO ][2015-12-21 18:57:34,008][com.java.TestType] [ 5956] - Field ::HDN//div[@class="menu"]//span[@class="icon-file-pdf"]
[INFO ][2015-12-21 18:57:34,008][com.java.TestType] [ 5577] - value = 
[INFO ][2015-12-21 18:57:35,519][com.java.SeleniumDriver] [  894] -  RESULT true
[INFO ][2015-12-21 18:57:35,519][com.java.SeleniumDriver] [ 1100] - ?   P A S S   ?
[INFO ][2015-12-21 18:57:35,519][com.java.SeleniumDriver] [  821] - ------------------------------------------
[INFO ][2015-12-21 18:57:35,519][com.java.SeleniumDriver] [  822] - Test case being Executed: 26
[INFO ][2015-12-21 18:57:35,519][com.java.SeleniumDriver] [  833] - Test step:28
[INFO ][2015-12-21 18:57:35,519][com.java.SeleniumDriver] [  845] - Datavalue is----------3
[INFO ][2015-12-21 18:57:35,519][com.java.SeleniumDriver] [  869] - DataField : XPH//img[@id='loading']
[INFO ][2015-12-21 18:57:35,519][com.java.SeleniumDriver] [  871] - DataValue : 3
[INFO ][2015-12-21 18:57:35,519][com.java.SeleniumDriver] [  877] - <In Set values of the page>
[INFO ][2015-12-21 18:57:35,519][com.java.SeleniumDriver] [  880] - {Data Fields & Data Values Exist}
[INFO ][2015-12-21 18:57:35,519][com.java.SeleniumDriver] [  882] - --------------------------setting values-----------------------------
[INFO ][2015-12-21 18:57:35,519][com.java.SeleniumDriver] [  885] - Action Type : WaitForElement
[INFO ][2015-12-21 18:57:35,609][com.java.SeleniumDriver] [  894] -  RESULT true
[INFO ][2015-12-21 18:57:35,609][com.java.SeleniumDriver] [ 1100] - ?   P A S S   ?
[INFO ][2015-12-21 18:57:35,609][com.java.SeleniumDriver] [  821] - ------------------------------------------
[INFO ][2015-12-21 18:57:35,609][com.java.SeleniumDriver] [  822] - Test case being Executed: 26
[INFO ][2015-12-21 18:57:35,609][com.java.SeleniumDriver] [  833] - Test step:29
[INFO ][2015-12-21 18:57:35,609][com.java.SeleniumDriver] [  845] - Datavalue is----------90
[INFO ][2015-12-21 18:57:35,609][com.java.SeleniumDriver] [  869] - DataField : XPH//img[@id='loading']
[INFO ][2015-12-21 18:57:35,609][com.java.SeleniumDriver] [  871] - DataValue : 90
[INFO ][2015-12-21 18:57:35,609][com.java.SeleniumDriver] [  877] - <In Set values of the page>
[INFO ][2015-12-21 18:57:35,609][com.java.SeleniumDriver] [  880] - {Data Fields & Data Values Exist}
[INFO ][2015-12-21 18:57:35,609][com.java.SeleniumDriver] [  882] - --------------------------setting values-----------------------------
[INFO ][2015-12-21 18:57:35,609][com.java.SeleniumDriver] [  885] - Action Type : waitForElementNotPresent
[INFO ][2015-12-21 18:57:41,075][com.java.SeleniumDriver] [  894] -  RESULT true
[INFO ][2015-12-21 18:57:41,075][com.java.SeleniumDriver] [ 1100] - ?   P A S S   ?
[INFO ][2015-12-21 18:57:41,075][com.java.SeleniumDriver] [  821] - ------------------------------------------
[INFO ][2015-12-21 18:57:41,075][com.java.SeleniumDriver] [  822] - Test case being Executed: 26
[INFO ][2015-12-21 18:57:41,075][com.java.SeleniumDriver] [  833] - Test step:30
[INFO ][2015-12-21 18:57:41,075][com.java.SeleniumDriver] [  845] - Datavalue is----------dt:BSCompare
[INFO ][2015-12-21 18:57:41,075][com.java.SeleniumDriver] [  869] - DataField : XPH//td[@class="ReportTitle"]
[INFO ][2015-12-21 18:57:41,075][com.java.SeleniumDriver] [  871] - DataValue : dt:BSCompare
[INFO ][2015-12-21 18:57:41,075][com.java.SeleniumDriver] [  877] - <In Set values of the page>
[INFO ][2015-12-21 18:57:41,075][com.java.SeleniumDriver] [  880] - {Data Fields & Data Values Exist}
[INFO ][2015-12-21 18:57:41,075][com.java.SeleniumDriver] [  882] - --------------------------setting values-----------------------------
[INFO ][2015-12-21 18:57:41,075][com.java.SeleniumDriver] [  885] - Action Type : VERIFY
[INFO ][2015-12-21 18:57:41,075][com.java.TestType] [ 6925] - field= XPH//td[@class="ReportTitle"] value= dt:BSCompare
[INFO ][2015-12-21 18:57:41,075][com.java.TestType] [ 5577] - value = Balance Sheet Compare
[INFO ][2015-12-21 18:57:41,216][com.java.SeleniumDriver] [  894] -  RESULT true
[INFO ][2015-12-21 18:57:41,216][com.java.SeleniumDriver] [ 1100] - ?   P A S S   ?
[INFO ][2015-12-21 18:57:41,216][com.java.SeleniumDriver] [  821] - ------------------------------------------
[INFO ][2015-12-21 18:57:41,216][com.java.SeleniumDriver] [  822] - Test case being Executed: 26
[INFO ][2015-12-21 18:57:41,216][com.java.SeleniumDriver] [  833] - Test step:31
[INFO ][2015-12-21 18:57:41,216][com.java.SeleniumDriver] [  845] - Datavalue is----------null
[DEBUG][2015-12-21 18:57:41,216][com.java.SeleniumDriver] [  863] - Exception: null
[INFO ][2015-12-21 18:57:41,216][com.java.SeleniumDriver] [  869] - DataField : //span[@class='icon-cog2']&&//a[@data-id="UserSettings"]
[INFO ][2015-12-21 18:57:41,216][com.java.SeleniumDriver] [  871] - DataValue : 
[INFO ][2015-12-21 18:57:41,216][com.java.SeleniumDriver] [  877] - <In Set values of the page>
[INFO ][2015-12-21 18:57:41,216][com.java.SeleniumDriver] [  880] - {Data Fields & Data Values Exist}
[INFO ][2015-12-21 18:57:41,216][com.java.SeleniumDriver] [  882] - --------------------------setting values-----------------------------
[INFO ][2015-12-21 18:57:41,216][com.java.SeleniumDriver] [  885] - Action Type : MOUSEOVER
[INFO ][2015-12-21 18:58:04,203][com.java.SeleniumDriver] [  894] -  RESULT true
[INFO ][2015-12-21 18:58:04,203][com.java.SeleniumDriver] [ 1100] - ?   P A S S   ?
[INFO ][2015-12-21 18:58:04,203][com.java.SeleniumDriver] [  821] - ------------------------------------------
[INFO ][2015-12-21 18:58:04,203][com.java.SeleniumDriver] [  822] - Test case being Executed: 26
[INFO ][2015-12-21 18:58:04,203][com.java.SeleniumDriver] [  833] - Test step:32
[INFO ][2015-12-21 18:58:04,203][com.java.SeleniumDriver] [  845] - Datavalue is----------2
[INFO ][2015-12-21 18:58:04,203][com.java.SeleniumDriver] [  869] - DataField : BTNframeDialogContent
[INFO ][2015-12-21 18:58:04,203][com.java.SeleniumDriver] [  871] - DataValue : 2
[INFO ][2015-12-21 18:58:04,203][com.java.SeleniumDriver] [  877] - <In Set values of the page>
[INFO ][2015-12-21 18:58:04,203][com.java.SeleniumDriver] [  880] - {Data Fields & Data Values Exist}
[INFO ][2015-12-21 18:58:04,203][com.java.SeleniumDriver] [  882] - --------------------------setting values-----------------------------
[INFO ][2015-12-21 18:58:04,203][com.java.SeleniumDriver] [  885] - Action Type : WAITFORELEMENT
[INFO ][2015-12-21 18:58:05,404][com.java.SeleniumDriver] [  894] -  RESULT true
[INFO ][2015-12-21 18:58:05,404][com.java.SeleniumDriver] [ 1100] - ?   P A S S   ?
[INFO ][2015-12-21 18:58:05,404][com.java.SeleniumDriver] [  821] - ------------------------------------------
[INFO ][2015-12-21 18:58:05,404][com.java.SeleniumDriver] [  822] - Test case being Executed: 26
[INFO ][2015-12-21 18:58:05,404][com.java.SeleniumDriver] [  833] - Test step:33
[INFO ][2015-12-21 18:58:05,404][com.java.SeleniumDriver] [  845] - Datavalue is----------User Settings
[INFO ][2015-12-21 18:58:05,404][com.java.SeleniumDriver] [  869] - DataField : XPH//span[@class="ui-dialog-title"]
[INFO ][2015-12-21 18:58:05,404][com.java.SeleniumDriver] [  871] - DataValue : User Settings
[INFO ][2015-12-21 18:58:05,404][com.java.SeleniumDriver] [  877] - <In Set values of the page>
[INFO ][2015-12-21 18:58:05,404][com.java.SeleniumDriver] [  880] - {Data Fields & Data Values Exist}
[INFO ][2015-12-21 18:58:05,404][com.java.SeleniumDriver] [  882] - --------------------------setting values-----------------------------
[INFO ][2015-12-21 18:58:05,404][com.java.SeleniumDriver] [  885] - Action Type : VERIFY
[INFO ][2015-12-21 18:58:05,404][com.java.TestType] [ 6925] - field= XPH//span[@class="ui-dialog-title"] value= User Settings
[INFO ][2015-12-21 18:58:05,404][com.java.TestType] [ 5577] - value = User Settings
[INFO ][2015-12-21 18:58:05,555][com.java.SeleniumDriver] [  894] -  RESULT true
[INFO ][2015-12-21 18:58:05,555][com.java.SeleniumDriver] [ 1100] - ?   P A S S   ?
[INFO ][2015-12-21 18:58:05,555][com.java.SeleniumDriver] [  821] - ------------------------------------------
[INFO ][2015-12-21 18:58:05,555][com.java.SeleniumDriver] [  822] - Test case being Executed: 26
[INFO ][2015-12-21 18:58:05,555][com.java.SeleniumDriver] [  833] - Test step:34
[INFO ][2015-12-21 18:58:05,555][com.java.SeleniumDriver] [  845] - Datavalue is----------null
[DEBUG][2015-12-21 18:58:05,555][com.java.SeleniumDriver] [  863] - Exception: null
[INFO ][2015-12-21 18:58:05,555][com.java.SeleniumDriver] [  869] - DataField : BTNframeDialogContent
[INFO ][2015-12-21 18:58:05,555][com.java.SeleniumDriver] [  871] - DataValue : 
[INFO ][2015-12-21 18:58:05,555][com.java.SeleniumDriver] [  877] - <In Set values of the page>
[INFO ][2015-12-21 18:58:05,555][com.java.SeleniumDriver] [  880] - {Data Fields & Data Values Exist}
[INFO ][2015-12-21 18:58:05,555][com.java.SeleniumDriver] [  882] - --------------------------setting values-----------------------------
[INFO ][2015-12-21 18:58:05,555][com.java.SeleniumDriver] [  885] - Action Type : SELECTFRAME
[INFO ][2015-12-21 18:58:06,786][com.java.SeleniumDriver] [  894] -  RESULT true
[INFO ][2015-12-21 18:58:06,786][com.java.SeleniumDriver] [ 1100] - ?   P A S S   ?
[INFO ][2015-12-21 18:58:06,786][com.java.SeleniumDriver] [  821] - ------------------------------------------
[INFO ][2015-12-21 18:58:06,786][com.java.SeleniumDriver] [  822] - Test case being Executed: 26
[INFO ][2015-12-21 18:58:06,786][com.java.SeleniumDriver] [  833] - Test step:35
[INFO ][2015-12-21 18:58:06,786][com.java.SeleniumDriver] [  845] - Datavalue is----------Yes
[INFO ][2015-12-21 18:58:06,786][com.java.SeleniumDriver] [  869] - DataField : SLBddlPDFToScreen
[INFO ][2015-12-21 18:58:06,786][com.java.SeleniumDriver] [  871] - DataValue : Yes
[INFO ][2015-12-21 18:58:06,786][com.java.SeleniumDriver] [  877] - <In Set values of the page>
[INFO ][2015-12-21 18:58:06,786][com.java.SeleniumDriver] [  880] - {Data Fields & Data Values Exist}
[INFO ][2015-12-21 18:58:06,786][com.java.SeleniumDriver] [  882] - --------------------------setting values-----------------------------
[INFO ][2015-12-21 18:58:06,786][com.java.SeleniumDriver] [  885] - Action Type : SELECT
[INFO ][2015-12-21 18:58:06,786][com.java.TestType] [ 5577] - value = Yes
[INFO ][2015-12-21 18:58:09,058][com.java.SeleniumDriver] [  894] -  RESULT true
[INFO ][2015-12-21 18:58:09,058][com.java.SeleniumDriver] [ 1100] - ?   P A S S   ?
[INFO ][2015-12-21 18:58:09,058][com.java.SeleniumDriver] [  821] - ------------------------------------------
[INFO ][2015-12-21 18:58:09,058][com.java.SeleniumDriver] [  822] - Test case being Executed: 26
[INFO ][2015-12-21 18:58:09,058][com.java.SeleniumDriver] [  833] - Test step:36
[INFO ][2015-12-21 18:58:09,058][com.java.SeleniumDriver] [  845] - Datavalue is----------null
[DEBUG][2015-12-21 18:58:09,058][com.java.SeleniumDriver] [  863] - Exception: null
[INFO ][2015-12-21 18:58:09,058][com.java.SeleniumDriver] [  869] - DataField : BTNparent
[INFO ][2015-12-21 18:58:09,058][com.java.SeleniumDriver] [  871] - DataValue : 
[INFO ][2015-12-21 18:58:09,058][com.java.SeleniumDriver] [  877] - <In Set values of the page>
[INFO ][2015-12-21 18:58:09,058][com.java.SeleniumDriver] [  880] - {Data Fields & Data Values Exist}
[INFO ][2015-12-21 18:58:09,058][com.java.SeleniumDriver] [  882] - --------------------------setting values-----------------------------
[INFO ][2015-12-21 18:58:09,058][com.java.SeleniumDriver] [  885] - Action Type : SELECTFRAME
[INFO ][2015-12-21 18:58:09,068][com.java.SeleniumDriver] [  894] -  RESULT true
[INFO ][2015-12-21 18:58:09,068][com.java.SeleniumDriver] [ 1100] - ?   P A S S   ?
[INFO ][2015-12-21 18:58:09,068][com.java.SeleniumDriver] [  821] - ------------------------------------------
[INFO ][2015-12-21 18:58:09,068][com.java.SeleniumDriver] [  822] - Test case being Executed: 26
[INFO ][2015-12-21 18:58:09,068][com.java.SeleniumDriver] [  833] - Test step:37
[INFO ][2015-12-21 18:58:09,068][com.java.SeleniumDriver] [  845] - Datavalue is----------null
[DEBUG][2015-12-21 18:58:09,068][com.java.SeleniumDriver] [  863] - Exception: null
[INFO ][2015-12-21 18:58:09,068][com.java.SeleniumDriver] [  869] - DataField : XPH//span[@class="ui-button-text" and contains(text(),'Finished')]
[INFO ][2015-12-21 18:58:09,068][com.java.SeleniumDriver] [  871] - DataValue : 
[INFO ][2015-12-21 18:58:09,068][com.java.SeleniumDriver] [  877] - <In Set values of the page>
[INFO ][2015-12-21 18:58:09,068][com.java.SeleniumDriver] [  880] - {Data Fields & Data Values Exist}
[INFO ][2015-12-21 18:58:09,068][com.java.SeleniumDriver] [  882] - --------------------------setting values-----------------------------
[INFO ][2015-12-21 18:58:09,068][com.java.SeleniumDriver] [  885] - Action Type : CLICK
[INFO ][2015-12-21 18:58:09,068][com.java.TestType] [ 5956] - Field ::XPH//span[@class="ui-button-text" and contains(text(),'Finished')]
[INFO ][2015-12-21 18:58:09,068][com.java.TestType] [ 5577] - value = 
[INFO ][2015-12-21 18:58:10,068][com.java.TestType] [ 6093] - BEFORE CLICK
[INFO ][2015-12-21 18:58:10,898][com.java.TestType] [ 6101] - Unable to click the object Finish Button
[INFO ][2015-12-21 18:58:10,898][com.java.SeleniumDriver] [  894] -  RESULT true
[INFO ][2015-12-21 18:58:10,898][com.java.SeleniumDriver] [ 1100] - ?   P A S S   ?
[INFO ][2015-12-21 18:58:10,898][com.java.SeleniumDriver] [  821] - ------------------------------------------
[INFO ][2015-12-21 18:58:10,898][com.java.SeleniumDriver] [  822] - Test case being Executed: 26
[INFO ][2015-12-21 18:58:10,898][com.java.SeleniumDriver] [  833] - Test step:38
[INFO ][2015-12-21 18:58:10,898][com.java.SeleniumDriver] [  845] - Datavalue is----------5
[INFO ][2015-12-21 18:58:10,898][com.java.SeleniumDriver] [  869] - DataField : XPH//span[@class="icon-coin"]
[INFO ][2015-12-21 18:58:10,898][com.java.SeleniumDriver] [  871] - DataValue : 5
[INFO ][2015-12-21 18:58:10,898][com.java.SeleniumDriver] [  877] - <In Set values of the page>
[INFO ][2015-12-21 18:58:10,898][com.java.SeleniumDriver] [  880] - {Data Fields & Data Values Exist}
[INFO ][2015-12-21 18:58:10,898][com.java.SeleniumDriver] [  882] - --------------------------setting values-----------------------------
[INFO ][2015-12-21 18:58:10,898][com.java.SeleniumDriver] [  885] - Action Type : WAITFORELEMENT
[INFO ][2015-12-21 18:58:10,959][com.java.SeleniumDriver] [  894] -  RESULT true
[INFO ][2015-12-21 18:58:10,959][com.java.SeleniumDriver] [ 1100] - ?   P A S S   ?
[INFO ][2015-12-21 18:58:10,959][com.java.SeleniumDriver] [  821] - ------------------------------------------
[INFO ][2015-12-21 18:58:10,959][com.java.SeleniumDriver] [  822] - Test case being Executed: 26
[INFO ][2015-12-21 18:58:10,959][com.java.SeleniumDriver] [  833] - Test step:39
[INFO ][2015-12-21 18:58:10,959][com.java.SeleniumDriver] [  845] - Datavalue is----------null
[DEBUG][2015-12-21 18:58:10,959][com.java.SeleniumDriver] [  863] - Exception: null
[INFO ][2015-12-21 18:58:10,959][com.java.SeleniumDriver] [  869] - DataField : HDN//div[@class="menu"]//span[@class="icon-file-pdf"]
[INFO ][2015-12-21 18:58:10,959][com.java.SeleniumDriver] [  871] - DataValue : 
[INFO ][2015-12-21 18:58:10,959][com.java.SeleniumDriver] [  877] - <In Set values of the page>
[INFO ][2015-12-21 18:58:10,959][com.java.SeleniumDriver] [  880] - {Data Fields & Data Values Exist}
[INFO ][2015-12-21 18:58:10,959][com.java.SeleniumDriver] [  882] - --------------------------setting values-----------------------------
[INFO ][2015-12-21 18:58:10,959][com.java.SeleniumDriver] [  885] - Action Type : CLICK
[INFO ][2015-12-21 18:58:10,959][com.java.TestType] [ 5956] - Field ::HDN//div[@class="menu"]//span[@class="icon-file-pdf"]
[INFO ][2015-12-21 18:58:10,959][com.java.TestType] [ 5577] - value = 
[INFO ][2015-12-21 18:58:12,570][com.java.SeleniumDriver] [  894] -  RESULT true
[INFO ][2015-12-21 18:58:12,570][com.java.SeleniumDriver] [ 1100] - ?   P A S S   ?
[INFO ][2015-12-21 18:58:12,570][com.java.SeleniumDriver] [  821] - ------------------------------------------
[INFO ][2015-12-21 18:58:12,570][com.java.SeleniumDriver] [  822] - Test case being Executed: 26
[INFO ][2015-12-21 18:58:12,570][com.java.SeleniumDriver] [  833] - Test step:40
[INFO ][2015-12-21 18:58:12,570][com.java.SeleniumDriver] [  845] - Datavalue is----------3
[INFO ][2015-12-21 18:58:12,570][com.java.SeleniumDriver] [  869] - DataField : XPH//img[@id='loading']
[INFO ][2015-12-21 18:58:12,570][com.java.SeleniumDriver] [  871] - DataValue : 3
[INFO ][2015-12-21 18:58:12,570][com.java.SeleniumDriver] [  877] - <In Set values of the page>
[INFO ][2015-12-21 18:58:12,570][com.java.SeleniumDriver] [  880] - {Data Fields & Data Values Exist}
[INFO ][2015-12-21 18:58:12,570][com.java.SeleniumDriver] [  882] - --------------------------setting values-----------------------------
[INFO ][2015-12-21 18:58:12,570][com.java.SeleniumDriver] [  885] - Action Type : WaitForElement
[INFO ][2015-12-21 18:58:12,710][com.java.SeleniumDriver] [  894] -  RESULT true
[INFO ][2015-12-21 18:58:12,710][com.java.SeleniumDriver] [ 1100] - ?   P A S S   ?
[INFO ][2015-12-21 18:58:12,710][com.java.SeleniumDriver] [  821] - ------------------------------------------
[INFO ][2015-12-21 18:58:12,710][com.java.SeleniumDriver] [  822] - Test case being Executed: 26
[INFO ][2015-12-21 18:58:12,710][com.java.SeleniumDriver] [  833] - Test step:41
[INFO ][2015-12-21 18:58:12,710][com.java.SeleniumDriver] [  845] - Datavalue is----------90
[INFO ][2015-12-21 18:58:12,710][com.java.SeleniumDriver] [  869] - DataField : XPH//img[@id='loading']
[INFO ][2015-12-21 18:58:12,710][com.java.SeleniumDriver] [  871] - DataValue : 90
[INFO ][2015-12-21 18:58:12,710][com.java.SeleniumDriver] [  877] - <In Set values of the page>
[INFO ][2015-12-21 18:58:12,710][com.java.SeleniumDriver] [  880] - {Data Fields & Data Values Exist}
[INFO ][2015-12-21 18:58:12,710][com.java.SeleniumDriver] [  882] - --------------------------setting values-----------------------------
[INFO ][2015-12-21 18:58:12,710][com.java.SeleniumDriver] [  885] - Action Type : waitForElementNotPresent
[INFO ][2015-12-21 18:58:17,496][com.java.SeleniumDriver] [  894] -  RESULT true
[INFO ][2015-12-21 18:58:17,496][com.java.SeleniumDriver] [ 1100] - ?   P A S S   ?
[INFO ][2015-12-21 18:58:17,496][com.java.SeleniumDriver] [  821] - ------------------------------------------
[INFO ][2015-12-21 18:58:17,496][com.java.SeleniumDriver] [  822] - Test case being Executed: 26
[INFO ][2015-12-21 18:58:17,496][com.java.SeleniumDriver] [  833] - Test step:42
[INFO ][2015-12-21 18:58:17,496][com.java.SeleniumDriver] [  845] - Datavalue is----------15
[INFO ][2015-12-21 18:58:17,496][com.java.SeleniumDriver] [  869] - DataField : test
[INFO ][2015-12-21 18:58:17,496][com.java.SeleniumDriver] [  871] - DataValue : 15
[INFO ][2015-12-21 18:58:17,496][com.java.SeleniumDriver] [  877] - <In Set values of the page>
[INFO ][2015-12-21 18:58:17,496][com.java.SeleniumDriver] [  880] - {Data Fields & Data Values Exist}
[INFO ][2015-12-21 18:58:17,496][com.java.SeleniumDriver] [  882] - --------------------------setting values-----------------------------
[INFO ][2015-12-21 18:58:17,496][com.java.SeleniumDriver] [  885] - Action Type : WaitTime
[DEBUG][2015-12-21 18:58:17,496][com.java.TestType] [ 5397] - sleepTime: 15000
[INFO ][2015-12-21 18:58:32,498][com.java.SeleniumDriver] [  894] -  RESULT true
[INFO ][2015-12-21 18:58:32,498][com.java.SeleniumDriver] [ 1100] - ?   P A S S   ?
[INFO ][2015-12-21 18:58:32,498][com.java.SeleniumDriver] [  821] - ------------------------------------------
[INFO ][2015-12-21 18:58:32,498][com.java.SeleniumDriver] [  822] - Test case being Executed: 26
[INFO ][2015-12-21 18:58:32,498][com.java.SeleniumDriver] [  833] - Test step:43
[INFO ][2015-12-21 18:58:32,498][com.java.SeleniumDriver] [  845] - Datavalue is----------Banker'sDashboard
[INFO ][2015-12-21 18:58:32,498][com.java.SeleniumDriver] [  869] - DataField : DYN
[INFO ][2015-12-21 18:58:32,498][com.java.SeleniumDriver] [  871] - DataValue : Banker'sDashboard
[INFO ][2015-12-21 18:58:32,498][com.java.SeleniumDriver] [  877] - <In Set values of the page>
[INFO ][2015-12-21 18:58:32,498][com.java.SeleniumDriver] [  880] - {Data Fields & Data Values Exist}
[INFO ][2015-12-21 18:58:32,498][com.java.SeleniumDriver] [  882] - --------------------------setting values-----------------------------
[INFO ][2015-12-21 18:58:32,498][com.java.SeleniumDriver] [  885] - Action Type : SelectWindow
