[INFO ][2016-01-07 15:36:24,468][com.java.SeleniumDriver] [  213] - Execute Failed Casesfalse
[INFO ][2016-01-07 15:36:24,468][com.java.SeleniumDriver] [  214] - Browser: IE10
[INFO ][2016-01-07 15:36:24,468][com.java.SeleniumDriver] [  215] - [1, 2, 3]
[INFO ][2016-01-07 15:36:24,468][com.java.SeleniumDriver] [  216] - Total TestCases:3
[INFO ][2016-01-07 15:36:24,468][com.java.SeleniumDriver] [  217] -  Reading Properties from Property File 
[DEBUG][2016-01-07 15:36:24,469][com.java.SeleniumDriver] [  238] - url : https://clients-xuat.bankersdashboard.com
[INFO ][2016-01-07 15:36:24,470][com.java.ImportnExport.ExportTestResultsExcel] [  116] - Time Stamp Thu Jan 07 03:36:24 IST 2016
[INFO ][2016-01-07 15:36:24,470][com.java.ImportnExport.ExportTestResultsExcel] [  175] - OUT FILE : D:\BankersDashboard/TestReports/Test Results_BankersDashBoard_010716_153624_IE10_CB&S Bank.xls
[INFO ][2016-01-07 15:36:24,499][com.java.ImportnExport.ExportTestResultsExcel] [  180] - Test Result file is created
[DEBUG][2016-01-07 15:36:24,601][com.java.SeleniumDriver] [  426] - Hub ip address is-------172.17.68.34
[INFO ][2016-01-07 15:36:24,601][com.java.SeleniumDriver] [  452] - Grid URL:http://172.17.68.34:4444/wd/hub
[INFO ][2016-01-07 15:36:24,602][com.java.SeleniumDriver] [  453] - Capability:Capabilities [{platform=ANY, ensureCleanSession=true, ignoreProtectedModeSettings=true, acceptSslCerts=true, ignoreZoomSetting=true, browserName=internet explorer, browserstack.ie.noFlash=true, version=null}]
[ERROR][2016-01-07 15:36:25,923][com.java.SeleniumDriver] [  498] - Unable invoke browser in grid:Could not start a new session. Possible causes are invalid address of the remote server or browser start-up failure.
Build info: version: '2.48.2', revision: '41bccdd', time: '2015-10-09 19:59:12'
System info: host: 'FVTIII438F1D', ip: '172.17.68.34', os.name: 'Windows 7', os.arch: 'x86', os.version: '6.1', java.version: '1.7.0_55'
Driver info: driver.version: SeleniumDriver
[INFO ][2016-01-07 15:36:25,923][com.java.SeleniumDriver] [  500] - Executing on local machine
[INFO ][2016-01-07 15:36:36,405][com.java.SeleniumDriver] [  248] - IE10is opened
[INFO ][2016-01-07 15:36:37,261][com.java.SeleniumDriver] [  756] - Test cases to be executed are: [1, 2, 3]
[INFO ][2016-01-07 15:36:37,282][com.java.ImportnExport.ImportTestDataDetailsExcel] [   49] - test data details path===== D:\BankersDashboard\TestInputs\TestData.xls
[INFO ][2016-01-07 15:36:37,375][com.java.SeleniumDriver] [  832] - ------------------------------------------
[INFO ][2016-01-07 15:36:37,375][com.java.SeleniumDriver] [  833] - Test case being Executed: 1
[INFO ][2016-01-07 15:36:37,375][com.java.SeleniumDriver] [  845] - Test step:1
[INFO ][2016-01-07 15:36:37,376][com.java.SeleniumDriver] [  857] - Datavalue is----------Concept#1:1-16
[INFO ][2016-01-07 15:36:37,376][com.java.SeleniumDriver] [  881] - DataField : test
[INFO ][2016-01-07 15:36:37,376][com.java.SeleniumDriver] [  883] - DataValue : Concept#1:1-16
[INFO ][2016-01-07 15:36:37,376][com.java.SeleniumDriver] [  889] - <In Set values of the page>
[INFO ][2016-01-07 15:36:37,376][com.java.SeleniumDriver] [  892] - {Data Fields & Data Values Exist}
[INFO ][2016-01-07 15:36:37,376][com.java.SeleniumDriver] [  894] - --------------------------setting values-----------------------------
[INFO ][2016-01-07 15:36:37,376][com.java.SeleniumDriver] [  897] - Action Type : ExecuteTestCase
[INFO ][2016-01-07 15:36:37,395][com.java.TestType] [  437] - The Concept sheet name is ---------- Concept
[INFO ][2016-01-07 15:36:37,395][com.java.TestType] [  440] - The Concept ID  is ---------- 1
[DEBUG][2016-01-07 15:36:37,395][com.java.TestType] [  444] - Steps being executted in the Concept are: 1:16
[INFO ][2016-01-07 15:36:37,395][com.java.TestType] [  451] - Test data details path ---------- D:\BankersDashboard\TestInputs\TestData.xls
[INFO ][2016-01-07 15:36:37,426][com.java.TestType] [  482] -  str(1) = 1
[INFO ][2016-01-07 15:36:37,426][com.java.TestType] [  485] - Test case Id is---1
[INFO ][2016-01-07 15:36:37,427][com.java.TestType] [  487] - 1
[INFO ][2016-01-07 15:36:37,427][com.java.TestType] [  482] -  str(2) = 1
[INFO ][2016-01-07 15:36:37,431][com.java.TestType] [  482] -  str(1) = 1
[INFO ][2016-01-07 15:36:37,431][com.java.TestType] [  485] - Test case Id is---1
[INFO ][2016-01-07 15:36:37,431][com.java.TestType] [  487] - 1
[INFO ][2016-01-07 15:36:37,431][com.java.TestType] [  482] -  str(2) = 2
[INFO ][2016-01-07 15:36:37,433][com.java.TestType] [  482] -  str(1) = 1
[INFO ][2016-01-07 15:36:37,433][com.java.TestType] [  485] - Test case Id is---1
[INFO ][2016-01-07 15:36:37,433][com.java.TestType] [  487] - 1
[INFO ][2016-01-07 15:36:37,433][com.java.TestType] [  482] -  str(2) = 3
[INFO ][2016-01-07 15:36:37,434][com.java.TestType] [  482] -  str(1) = 1
[INFO ][2016-01-07 15:36:37,434][com.java.TestType] [  485] - Test case Id is---1
[INFO ][2016-01-07 15:36:37,434][com.java.TestType] [  487] - 1
[INFO ][2016-01-07 15:36:37,435][com.java.TestType] [  482] -  str(2) = 4
[INFO ][2016-01-07 15:36:37,436][com.java.TestType] [  482] -  str(1) = 1
[INFO ][2016-01-07 15:36:37,436][com.java.TestType] [  485] - Test case Id is---1
[INFO ][2016-01-07 15:36:37,436][com.java.TestType] [  487] - 1
[INFO ][2016-01-07 15:36:37,436][com.java.TestType] [  482] -  str(2) = 5
[INFO ][2016-01-07 15:36:37,437][com.java.TestType] [  482] -  str(1) = 1
[INFO ][2016-01-07 15:36:37,437][com.java.TestType] [  485] - Test case Id is---1
[INFO ][2016-01-07 15:36:37,437][com.java.TestType] [  487] - 1
[INFO ][2016-01-07 15:36:37,438][com.java.TestType] [  482] -  str(2) = 6
[INFO ][2016-01-07 15:36:37,438][com.java.TestType] [  482] -  str(1) = 1
[INFO ][2016-01-07 15:36:37,439][com.java.TestType] [  485] - Test case Id is---1
[INFO ][2016-01-07 15:36:37,439][com.java.TestType] [  487] - 1
[INFO ][2016-01-07 15:36:37,439][com.java.TestType] [  482] -  str(2) = 7
[INFO ][2016-01-07 15:36:37,440][com.java.TestType] [  482] -  str(1) = 1
[INFO ][2016-01-07 15:36:37,440][com.java.TestType] [  485] - Test case Id is---1
[INFO ][2016-01-07 15:36:37,441][com.java.TestType] [  487] - 1
[INFO ][2016-01-07 15:36:37,442][com.java.TestType] [  482] -  str(2) = 8
[INFO ][2016-01-07 15:36:37,442][com.java.TestType] [  482] -  str(1) = 1
[INFO ][2016-01-07 15:36:37,442][com.java.TestType] [  485] - Test case Id is---1
[INFO ][2016-01-07 15:36:37,443][com.java.TestType] [  487] - 1
[INFO ][2016-01-07 15:36:37,443][com.java.TestType] [  482] -  str(2) = 9
[INFO ][2016-01-07 15:36:37,443][com.java.TestType] [  482] -  str(1) = 1
[INFO ][2016-01-07 15:36:37,443][com.java.TestType] [  485] - Test case Id is---1
[INFO ][2016-01-07 15:36:37,443][com.java.TestType] [  487] - 1
[INFO ][2016-01-07 15:36:37,444][com.java.TestType] [  482] -  str(2) = 10
[INFO ][2016-01-07 15:36:37,444][com.java.TestType] [  482] -  str(1) = 1
[INFO ][2016-01-07 15:36:37,444][com.java.TestType] [  485] - Test case Id is---1
[INFO ][2016-01-07 15:36:37,444][com.java.TestType] [  487] - 1
[INFO ][2016-01-07 15:36:37,445][com.java.TestType] [  482] -  str(2) = 11
[INFO ][2016-01-07 15:36:37,445][com.java.TestType] [  482] -  str(1) = 1
[INFO ][2016-01-07 15:36:37,445][com.java.TestType] [  485] - Test case Id is---1
[INFO ][2016-01-07 15:36:37,445][com.java.TestType] [  487] - 1
[INFO ][2016-01-07 15:36:37,446][com.java.TestType] [  482] -  str(2) = 12
[INFO ][2016-01-07 15:36:37,446][com.java.TestType] [  482] -  str(1) = 1
[INFO ][2016-01-07 15:36:37,446][com.java.TestType] [  485] - Test case Id is---1
[INFO ][2016-01-07 15:36:37,446][com.java.TestType] [  487] - 1
[INFO ][2016-01-07 15:36:37,447][com.java.TestType] [  482] -  str(2) = 13
[INFO ][2016-01-07 15:36:37,447][com.java.TestType] [  482] -  str(1) = 1
[INFO ][2016-01-07 15:36:37,447][com.java.TestType] [  485] - Test case Id is---1
[INFO ][2016-01-07 15:36:37,448][com.java.TestType] [  487] - 1
[INFO ][2016-01-07 15:36:37,448][com.java.TestType] [  482] -  str(2) = 14
[INFO ][2016-01-07 15:36:37,448][com.java.TestType] [  482] -  str(1) = 1
[INFO ][2016-01-07 15:36:37,449][com.java.TestType] [  485] - Test case Id is---1
[INFO ][2016-01-07 15:36:37,449][com.java.TestType] [  487] - 1
[INFO ][2016-01-07 15:36:37,449][com.java.TestType] [  482] -  str(2) = 15
[INFO ][2016-01-07 15:36:37,449][com.java.TestType] [  482] -  str(1) = 1
[INFO ][2016-01-07 15:36:37,450][com.java.TestType] [  485] - Test case Id is---1
[INFO ][2016-01-07 15:36:37,450][com.java.TestType] [  487] - 1
[INFO ][2016-01-07 15:36:37,450][com.java.TestType] [  482] -  str(2) = 16
[INFO ][2016-01-07 15:36:37,451][com.java.TestType] [10822] - Looping 1TCID = 1
[DEBUG][2016-01-07 15:36:37,451][com.java.TestType] [10863] - Concept ID:1 :: Step being Executed: 1::1
[INFO ][2016-01-07 15:36:37,452][com.java.TestType] [10901] - dataFields : TXTusername
[DEBUG][2016-01-07 15:36:37,452][com.java.TestType] [10907] - <In Set values of the page>
[DEBUG][2016-01-07 15:36:37,452][com.java.TestType] [10912] - {Data Fields & Data Values Exist}
[INFO ][2016-01-07 15:36:37,452][com.java.TestType] [10918] - --------------------------setting values-----------------------------
[INFO ][2016-01-07 15:36:37,452][com.java.TestType] [10921] - Action Type : CLEARANDENTER
[INFO ][2016-01-07 15:36:37,452][com.java.TestType] [ 5895] - value = valuelabs.ie10.15310
[INFO ][2016-01-07 15:36:42,214][com.java.TestType] [10940] -  RESULT true
[INFO ][2016-01-07 15:36:42,214][com.java.TestType] [11057] - ?   P A S S   ?
[DEBUG][2016-01-07 15:36:42,214][com.java.TestType] [10863] - Concept ID:1 :: Step being Executed: 1::2
[INFO ][2016-01-07 15:36:42,215][com.java.TestType] [10901] - dataFields : TXTpassword
[DEBUG][2016-01-07 15:36:42,215][com.java.TestType] [10907] - <In Set values of the page>
[DEBUG][2016-01-07 15:36:42,215][com.java.TestType] [10912] - {Data Fields & Data Values Exist}
[INFO ][2016-01-07 15:36:42,215][com.java.TestType] [10918] - --------------------------setting values-----------------------------
[INFO ][2016-01-07 15:36:42,215][com.java.TestType] [10921] - Action Type : CLEARANDENTER
[INFO ][2016-01-07 15:36:42,215][com.java.TestType] [ 5895] - value = Password1*
[INFO ][2016-01-07 15:36:47,079][com.java.TestType] [10940] -  RESULT true
[INFO ][2016-01-07 15:36:47,079][com.java.TestType] [11057] - ?   P A S S   ?
[DEBUG][2016-01-07 15:36:47,079][com.java.TestType] [10863] - Concept ID:1 :: Step being Executed: 1::3
[ERROR][2016-01-07 15:36:47,080][com.java.TestType] [10896] - Exception: null
[INFO ][2016-01-07 15:36:47,080][com.java.TestType] [10901] - dataFields : XPH//button[@type='submit']
[DEBUG][2016-01-07 15:36:47,081][com.java.TestType] [10907] - <In Set values of the page>
[DEBUG][2016-01-07 15:36:47,081][com.java.TestType] [10912] - {Data Fields & Data Values Exist}
[INFO ][2016-01-07 15:36:47,081][com.java.TestType] [10918] - --------------------------setting values-----------------------------
[INFO ][2016-01-07 15:36:47,081][com.java.TestType] [10921] - Action Type : Click
[INFO ][2016-01-07 15:36:47,081][com.java.TestType] [ 6274] - Field ::XPH//button[@type='submit']
[INFO ][2016-01-07 15:36:47,081][com.java.TestType] [ 5895] - value = 
[INFO ][2016-01-07 15:36:48,083][com.java.TestType] [ 6411] - BEFORE CLICK
[INFO ][2016-01-07 15:36:48,947][com.java.TestType] [ 6419] - Unable to click the object Login
[INFO ][2016-01-07 15:36:48,947][com.java.TestType] [10940] -  RESULT true
[INFO ][2016-01-07 15:36:48,947][com.java.TestType] [11057] - ?   P A S S   ?
[DEBUG][2016-01-07 15:36:48,947][com.java.TestType] [10863] - Concept ID:1 :: Step being Executed: 1::4
[INFO ][2016-01-07 15:36:48,947][com.java.TestType] [10901] - dataFields : LNKLogout
[DEBUG][2016-01-07 15:36:48,947][com.java.TestType] [10907] - <In Set values of the page>
[DEBUG][2016-01-07 15:36:48,947][com.java.TestType] [10912] - {Data Fields & Data Values Exist}
[INFO ][2016-01-07 15:36:48,947][com.java.TestType] [10918] - --------------------------setting values-----------------------------
[INFO ][2016-01-07 15:36:48,947][com.java.TestType] [10921] - Action Type : WaitForElement
[INFO ][2016-01-07 15:36:52,433][com.java.TestType] [10940] -  RESULT true
[INFO ][2016-01-07 15:36:52,433][com.java.TestType] [11057] - ?   P A S S   ?
[DEBUG][2016-01-07 15:36:52,434][com.java.TestType] [10863] - Concept ID:1 :: Step being Executed: 1::15
[INFO ][2016-01-07 15:36:52,434][com.java.TestType] [10901] - dataFields : LNK
[DEBUG][2016-01-07 15:36:52,434][com.java.TestType] [10907] - <In Set values of the page>
[DEBUG][2016-01-07 15:36:52,434][com.java.TestType] [10912] - {Data Fields & Data Values Exist}
[INFO ][2016-01-07 15:36:52,434][com.java.TestType] [10918] - --------------------------setting values-----------------------------
[INFO ][2016-01-07 15:36:52,434][com.java.TestType] [10921] - Action Type : Verify
[INFO ][2016-01-07 15:36:52,434][com.java.TestType] [ 7269] - field= LNK value= Logout
[INFO ][2016-01-07 15:36:52,435][com.java.TestType] [ 5895] - value = Logout
[INFO ][2016-01-07 15:36:52,474][com.java.TestType] [10940] -  RESULT true
[INFO ][2016-01-07 15:36:52,475][com.java.TestType] [11057] - ?   P A S S   ?
[DEBUG][2016-01-07 15:36:52,475][com.java.TestType] [10863] - Concept ID:1 :: Step being Executed: 1::16
[INFO ][2016-01-07 15:36:52,475][com.java.TestType] [10901] - dataFields : BTN
[DEBUG][2016-01-07 15:36:52,475][com.java.TestType] [10907] - <In Set values of the page>
[DEBUG][2016-01-07 15:36:52,475][com.java.TestType] [10912] - {Data Fields & Data Values Exist}
[INFO ][2016-01-07 15:36:52,475][com.java.TestType] [10918] - --------------------------setting values-----------------------------
[INFO ][2016-01-07 15:36:52,475][com.java.TestType] [10921] - Action Type : Verify
[INFO ][2016-01-07 15:36:52,475][com.java.TestType] [ 7269] - field= BTN value= //img[contains(@src,'bdlogo.jpg')]
[INFO ][2016-01-07 15:36:52,475][com.java.TestType] [ 5895] - value = //img[contains(@src,'bdlogo.jpg')]
[INFO ][2016-01-07 15:36:52,549][com.java.TestType] [10940] -  RESULT true
[INFO ][2016-01-07 15:36:52,550][com.java.TestType] [11057] - ?   P A S S   ?
[INFO ][2016-01-07 15:36:52,550][com.java.TestType] [11128] - Looping End......
[INFO ][2016-01-07 15:36:52,554][com.java.SeleniumDriver] [  906] -  RESULT true
[INFO ][2016-01-07 15:36:52,554][com.java.SeleniumDriver] [ 1112] - ?   P A S S   ?
[INFO ][2016-01-07 15:36:52,554][com.java.SeleniumDriver] [  832] - ------------------------------------------
[INFO ][2016-01-07 15:36:52,554][com.java.SeleniumDriver] [  833] - Test case being Executed: 1
[INFO ][2016-01-07 15:36:52,554][com.java.SeleniumDriver] [  845] - Test step:2
[INFO ][2016-01-07 15:36:52,554][com.java.SeleniumDriver] [  857] - Datavalue is----------Concept#2:1-2
[INFO ][2016-01-07 15:36:52,554][com.java.SeleniumDriver] [  881] - DataField : test
[INFO ][2016-01-07 15:36:52,554][com.java.SeleniumDriver] [  883] - DataValue : Concept#2:1-2
[INFO ][2016-01-07 15:36:52,554][com.java.SeleniumDriver] [  889] - <In Set values of the page>
[INFO ][2016-01-07 15:36:52,554][com.java.SeleniumDriver] [  892] - {Data Fields & Data Values Exist}
[INFO ][2016-01-07 15:36:52,554][com.java.SeleniumDriver] [  894] - --------------------------setting values-----------------------------
[INFO ][2016-01-07 15:36:52,555][com.java.SeleniumDriver] [  897] - Action Type : ExecuteTestCase
[INFO ][2016-01-07 15:36:52,555][com.java.TestType] [  437] - The Concept sheet name is ---------- Concept
[INFO ][2016-01-07 15:36:52,555][com.java.TestType] [  440] - The Concept ID  is ---------- 2
[DEBUG][2016-01-07 15:36:52,555][com.java.TestType] [  444] - Steps being executted in the Concept are: 1:2
[INFO ][2016-01-07 15:36:52,555][com.java.TestType] [  451] - Test data details path ---------- D:\BankersDashboard\TestInputs\TestData.xls
[INFO ][2016-01-07 15:36:52,583][com.java.TestType] [  482] -  str(1) = 2
[INFO ][2016-01-07 15:36:52,583][com.java.TestType] [  485] - Test case Id is---2
[INFO ][2016-01-07 15:36:52,583][com.java.TestType] [  487] - 2
[INFO ][2016-01-07 15:36:52,583][com.java.TestType] [  482] -  str(2) = 1
[INFO ][2016-01-07 15:36:52,585][com.java.TestType] [  482] -  str(1) = 2
[INFO ][2016-01-07 15:36:52,585][com.java.TestType] [  485] - Test case Id is---2
[INFO ][2016-01-07 15:36:52,585][com.java.TestType] [  487] - 2
[INFO ][2016-01-07 15:36:52,585][com.java.TestType] [  482] -  str(2) = 2
[INFO ][2016-01-07 15:36:52,586][com.java.TestType] [  482] -  str(1) = 2
[INFO ][2016-01-07 15:36:52,586][com.java.TestType] [  485] - Test case Id is---2
[INFO ][2016-01-07 15:36:52,586][com.java.TestType] [  487] - 2
[INFO ][2016-01-07 15:36:52,586][com.java.TestType] [  482] -  str(2) = 3
[INFO ][2016-01-07 15:36:52,587][com.java.TestType] [10822] - Looping 1TCID = 2
[DEBUG][2016-01-07 15:36:52,587][com.java.TestType] [10863] - Concept ID:2 :: Step being Executed: 2::1
[INFO ][2016-01-07 15:36:52,587][com.java.TestType] [10901] - dataFields : BNK//select[@id='bank']
[DEBUG][2016-01-07 15:36:52,587][com.java.TestType] [10907] - <In Set values of the page>
[DEBUG][2016-01-07 15:36:52,588][com.java.TestType] [10912] - {Data Fields & Data Values Exist}
[INFO ][2016-01-07 15:36:52,588][com.java.TestType] [10918] - --------------------------setting values-----------------------------
[INFO ][2016-01-07 15:36:52,588][com.java.TestType] [10921] - Action Type : Select
[INFO ][2016-01-07 15:36:52,588][com.java.TestType] [ 5895] - value = PFC
[INFO ][2016-01-07 15:36:52,843][com.java.TestType] [10940] -  RESULT true
[INFO ][2016-01-07 15:36:52,843][com.java.TestType] [11057] - ?   P A S S   ?
[DEBUG][2016-01-07 15:36:52,844][com.java.TestType] [10863] - Concept ID:2 :: Step being Executed: 2::2
[INFO ][2016-01-07 15:36:52,844][com.java.TestType] [10901] - dataFields : LNKLogout
[DEBUG][2016-01-07 15:36:52,844][com.java.TestType] [10907] - <In Set values of the page>
[DEBUG][2016-01-07 15:36:52,844][com.java.TestType] [10912] - {Data Fields & Data Values Exist}
[INFO ][2016-01-07 15:36:52,844][com.java.TestType] [10918] - --------------------------setting values-----------------------------
[INFO ][2016-01-07 15:36:52,845][com.java.TestType] [10921] - Action Type : WaitTime
[DEBUG][2016-01-07 15:36:52,845][com.java.TestType] [ 5715] - sleepTime: 5000
[INFO ][2016-01-07 15:36:57,845][com.java.TestType] [10940] -  RESULT true
[INFO ][2016-01-07 15:36:57,845][com.java.TestType] [11057] - ?   P A S S   ?
[INFO ][2016-01-07 15:36:57,845][com.java.TestType] [11128] - Looping End......
[INFO ][2016-01-07 15:36:57,849][com.java.SeleniumDriver] [  906] -  RESULT true
[INFO ][2016-01-07 15:36:57,849][com.java.SeleniumDriver] [ 1112] - ?   P A S S   ?
[INFO ][2016-01-07 15:36:57,849][com.java.SeleniumDriver] [  832] - ------------------------------------------
[INFO ][2016-01-07 15:36:57,849][com.java.SeleniumDriver] [  833] - Test case being Executed: 1
[INFO ][2016-01-07 15:36:57,849][com.java.SeleniumDriver] [  845] - Test step:3
[INFO ][2016-01-07 15:36:57,849][com.java.SeleniumDriver] [  857] - Datavalue is----------2
[INFO ][2016-01-07 15:36:57,849][com.java.SeleniumDriver] [  881] - DataField : XPH//button[contains(text(),'Add Content')]
[INFO ][2016-01-07 15:36:57,850][com.java.SeleniumDriver] [  883] - DataValue : 2
[INFO ][2016-01-07 15:36:57,850][com.java.SeleniumDriver] [  889] - <In Set values of the page>
[INFO ][2016-01-07 15:36:57,850][com.java.SeleniumDriver] [  892] - {Data Fields & Data Values Exist}
[INFO ][2016-01-07 15:36:57,850][com.java.SeleniumDriver] [  894] - --------------------------setting values-----------------------------
[INFO ][2016-01-07 15:36:57,850][com.java.SeleniumDriver] [  897] - Action Type : WAITFORELEMENT
[INFO ][2016-01-07 15:36:57,897][com.java.SeleniumDriver] [  906] -  RESULT true
[INFO ][2016-01-07 15:36:57,897][com.java.SeleniumDriver] [ 1112] - ?   P A S S   ?
[DEBUG][2016-01-07 15:36:57,897][com.java.SeleniumDriver] [ 1224] - Case found
[DEBUG][2016-01-07 15:36:57,899][com.java.SeleniumDriver] [ 1229] - Incrementing ReportCounters[0]:1
[INFO ][2016-01-07 15:36:57,899][com.java.SeleniumDriver] [ 1248] - The results are-------------------[1, 1, Valid Login, Pass, , Thu Jan 07 15:36:52 IST 2016, 1, 2, Valid Login, Pass, , Thu Jan 07 15:36:57 IST 2016, 1, 3, Valid Login, Pass, , Thu Jan 07 15:36:57 IST 2016]
[INFO ][2016-01-07 15:36:57,899][com.java.SeleniumDriver] [ 1252] - End time is-------35 sec
[INFO ][2016-01-07 15:36:57,899][com.java.SeleniumDriver] [ 1253] - The results are-------------------[1, 1, Valid Login, Pass, , Thu Jan 07 15:36:52 IST 2016, 1, 2, Valid Login, Pass, , Thu Jan 07 15:36:57 IST 2016, 1, 3, Valid Login, Pass, , Thu Jan 07 15:36:57 IST 2016]
[DEBUG][2016-01-07 15:36:57,900][com.java.ImportnExport.ExportTestResultsExcel] [  222] - testResultPath = D:\BankersDashboard/TestReports/Test Results_BankersDashBoard_010716_153624_IE10_CB&S Bank.xls
[DEBUG][2016-01-07 15:36:57,900][com.java.ImportnExport.ExportTestResultsExcel] [  223] - browser is------------IE10
[DEBUG][2016-01-07 15:36:57,946][com.java.ImportnExport.ExportTestResultsExcel] [  270] - result.size() = 18
[DEBUG][2016-01-07 15:36:57,946][com.java.ImportnExport.ExportTestResultsExcel] [  274] - No of rows in sheet=1
[DEBUG][2016-01-07 15:36:57,946][com.java.ImportnExport.ExportTestResultsExcel] [  301] - ..in export..1
[DEBUG][2016-01-07 15:36:57,947][com.java.ImportnExport.ExportTestResultsExcel] [  301] - ..in export..Valid Login
[DEBUG][2016-01-07 15:36:57,947][com.java.ImportnExport.ExportTestResultsExcel] [  301] - ..in export..Pass
[DEBUG][2016-01-07 15:36:57,947][com.java.ImportnExport.ExportTestResultsExcel] [  301] - ..in export..
[DEBUG][2016-01-07 15:36:57,948][com.java.ImportnExport.ExportTestResultsExcel] [  301] - ..in export..Thu Jan 07 15:36:52 IST 2016
[INFO ][2016-01-07 15:36:57,950][com.java.SeleniumDriver] [ 1313] - out loop:0 size:3 TestCases:[1, 2, 3] testcases:[1, 2, 3]
[INFO ][2016-01-07 15:36:57,950][com.java.ImportnExport.ImportTestDataDetailsExcel] [   49] - test data details path===== D:\BankersDashboard\TestInputs\TestData.xls
[INFO ][2016-01-07 15:37:16,551][com.java.SeleniumDriver] [  832] - ------------------------------------------
[INFO ][2016-01-07 15:37:16,551][com.java.SeleniumDriver] [  833] - Test case being Executed: 2
[INFO ][2016-01-07 15:37:16,551][com.java.SeleniumDriver] [  845] - Test step:1
[INFO ][2016-01-07 15:37:16,551][com.java.SeleniumDriver] [  857] - Datavalue is----------Logout
[INFO ][2016-01-07 15:37:16,551][com.java.SeleniumDriver] [  881] - DataField : BTN
[INFO ][2016-01-07 15:37:16,551][com.java.SeleniumDriver] [  883] - DataValue : Logout
[INFO ][2016-01-07 15:37:16,551][com.java.SeleniumDriver] [  889] - <In Set values of the page>
[INFO ][2016-01-07 15:37:16,551][com.java.SeleniumDriver] [  892] - {Data Fields & Data Values Exist}
[INFO ][2016-01-07 15:37:16,551][com.java.SeleniumDriver] [  894] - --------------------------setting values-----------------------------
[INFO ][2016-01-07 15:37:16,551][com.java.SeleniumDriver] [  897] - Action Type : Verify
[INFO ][2016-01-07 15:37:16,551][com.java.TestType] [ 7269] - field= BTN value= Logout
[INFO ][2016-01-07 15:37:16,551][com.java.TestType] [ 5895] - value = Logout
[INFO ][2016-01-07 15:37:16,644][com.java.SeleniumDriver] [  906] -  RESULT true
[INFO ][2016-01-07 15:37:16,644][com.java.SeleniumDriver] [ 1112] - ?   P A S S   ?
[INFO ][2016-01-07 15:37:16,646][com.java.SeleniumDriver] [ 1154] - step change to 3
[INFO ][2016-01-07 15:37:16,646][com.java.SeleniumDriver] [  832] - ------------------------------------------
[INFO ][2016-01-07 15:37:16,646][com.java.SeleniumDriver] [  833] - Test case being Executed: 2
[INFO ][2016-01-07 15:37:16,646][com.java.SeleniumDriver] [  845] - Test step:3
[INFO ][2016-01-07 15:37:16,646][com.java.SeleniumDriver] [  857] - Datavalue is----------null
[DEBUG][2016-01-07 15:37:16,646][com.java.SeleniumDriver] [  875] - Exception: null
[INFO ][2016-01-07 15:37:16,646][com.java.SeleniumDriver] [  881] - DataField : //span[@class='icon-user4']&&//a[text()='Users']&&//a[@data-id="ModifyUsers"]
[INFO ][2016-01-07 15:37:16,647][com.java.SeleniumDriver] [  883] - DataValue : 
[INFO ][2016-01-07 15:37:16,647][com.java.SeleniumDriver] [  889] - <In Set values of the page>
[INFO ][2016-01-07 15:37:16,647][com.java.SeleniumDriver] [  892] - {Data Fields & Data Values Exist}
[INFO ][2016-01-07 15:37:16,647][com.java.SeleniumDriver] [  894] - --------------------------setting values-----------------------------
[INFO ][2016-01-07 15:37:16,647][com.java.SeleniumDriver] [  897] - Action Type : MouseOver
[INFO ][2016-01-07 15:37:44,341][com.java.SeleniumDriver] [  906] -  RESULT true
[INFO ][2016-01-07 15:37:44,341][com.java.SeleniumDriver] [ 1112] - ?   P A S S   ?
[INFO ][2016-01-07 15:37:44,341][com.java.SeleniumDriver] [  832] - ------------------------------------------
[INFO ][2016-01-07 15:37:44,341][com.java.SeleniumDriver] [  833] - Test case being Executed: 2
[INFO ][2016-01-07 15:37:44,341][com.java.SeleniumDriver] [  845] - Test step:4
[INFO ][2016-01-07 15:37:44,341][com.java.SeleniumDriver] [  857] - Datavalue is----------2
[INFO ][2016-01-07 15:37:44,341][com.java.SeleniumDriver] [  881] - DataField : BTNframeDialogContent
[INFO ][2016-01-07 15:37:44,341][com.java.SeleniumDriver] [  883] - DataValue : 2
[INFO ][2016-01-07 15:37:44,341][com.java.SeleniumDriver] [  889] - <In Set values of the page>
[INFO ][2016-01-07 15:37:44,341][com.java.SeleniumDriver] [  892] - {Data Fields & Data Values Exist}
[INFO ][2016-01-07 15:37:44,341][com.java.SeleniumDriver] [  894] - --------------------------setting values-----------------------------
[INFO ][2016-01-07 15:37:44,341][com.java.SeleniumDriver] [  897] - Action Type : WaitForElement
[INFO ][2016-01-07 15:37:45,571][com.java.SeleniumDriver] [  906] -  RESULT true
[INFO ][2016-01-07 15:37:45,571][com.java.SeleniumDriver] [ 1112] - ?   P A S S   ?
[INFO ][2016-01-07 15:37:45,571][com.java.SeleniumDriver] [  832] - ------------------------------------------
[INFO ][2016-01-07 15:37:45,571][com.java.SeleniumDriver] [  833] - Test case being Executed: 2
[INFO ][2016-01-07 15:37:45,571][com.java.SeleniumDriver] [  845] - Test step:5
[INFO ][2016-01-07 15:37:45,571][com.java.SeleniumDriver] [  857] - Datavalue is----------null
[DEBUG][2016-01-07 15:37:45,572][com.java.SeleniumDriver] [  875] - Exception: null
[INFO ][2016-01-07 15:37:45,572][com.java.SeleniumDriver] [  881] - DataField : BTNframeDialogContent
[INFO ][2016-01-07 15:37:45,572][com.java.SeleniumDriver] [  883] - DataValue : 
[INFO ][2016-01-07 15:37:45,572][com.java.SeleniumDriver] [  889] - <In Set values of the page>
[INFO ][2016-01-07 15:37:45,572][com.java.SeleniumDriver] [  892] - {Data Fields & Data Values Exist}
[INFO ][2016-01-07 15:37:45,572][com.java.SeleniumDriver] [  894] - --------------------------setting values-----------------------------
[INFO ][2016-01-07 15:37:45,572][com.java.SeleniumDriver] [  897] - Action Type : SelectFrame
[INFO ][2016-01-07 15:37:46,843][com.java.SeleniumDriver] [  906] -  RESULT true
[INFO ][2016-01-07 15:37:46,844][com.java.SeleniumDriver] [ 1112] - ?   P A S S   ?
[INFO ][2016-01-07 15:37:46,844][com.java.SeleniumDriver] [  832] - ------------------------------------------
[INFO ][2016-01-07 15:37:46,844][com.java.SeleniumDriver] [  833] - Test case being Executed: 2
[INFO ][2016-01-07 15:37:46,844][com.java.SeleniumDriver] [  845] - Test step:6
[INFO ][2016-01-07 15:37:46,844][com.java.SeleniumDriver] [  857] - Datavalue is----------2
[INFO ][2016-01-07 15:37:46,844][com.java.SeleniumDriver] [  881] - DataField : BTNbtnAddUser
[INFO ][2016-01-07 15:37:46,844][com.java.SeleniumDriver] [  883] - DataValue : 2
[INFO ][2016-01-07 15:37:46,844][com.java.SeleniumDriver] [  889] - <In Set values of the page>
[INFO ][2016-01-07 15:37:46,844][com.java.SeleniumDriver] [  892] - {Data Fields & Data Values Exist}
[INFO ][2016-01-07 15:37:46,844][com.java.SeleniumDriver] [  894] - --------------------------setting values-----------------------------
[INFO ][2016-01-07 15:37:46,844][com.java.SeleniumDriver] [  897] - Action Type : WaitForElement
[INFO ][2016-01-07 15:37:48,166][com.java.SeleniumDriver] [  906] -  RESULT true
[INFO ][2016-01-07 15:37:48,166][com.java.SeleniumDriver] [ 1112] - ?   P A S S   ?
[INFO ][2016-01-07 15:37:48,166][com.java.SeleniumDriver] [  832] - ------------------------------------------
[INFO ][2016-01-07 15:37:48,166][com.java.SeleniumDriver] [  833] - Test case being Executed: 2
[INFO ][2016-01-07 15:37:48,166][com.java.SeleniumDriver] [  845] - Test step:7
[INFO ][2016-01-07 15:37:48,167][com.java.SeleniumDriver] [  857] - Datavalue is----------null
[DEBUG][2016-01-07 15:37:48,167][com.java.SeleniumDriver] [  875] - Exception: null
[INFO ][2016-01-07 15:37:48,167][com.java.SeleniumDriver] [  881] - DataField : BTNbtnAddUser
[INFO ][2016-01-07 15:37:48,167][com.java.SeleniumDriver] [  883] - DataValue : 
[INFO ][2016-01-07 15:37:48,167][com.java.SeleniumDriver] [  889] - <In Set values of the page>
[INFO ][2016-01-07 15:37:48,167][com.java.SeleniumDriver] [  892] - {Data Fields & Data Values Exist}
[INFO ][2016-01-07 15:37:48,167][com.java.SeleniumDriver] [  894] - --------------------------setting values-----------------------------
[INFO ][2016-01-07 15:37:48,167][com.java.SeleniumDriver] [  897] - Action Type : Click
[INFO ][2016-01-07 15:37:48,167][com.java.TestType] [ 6274] - Field ::BTNbtnAddUser
[INFO ][2016-01-07 15:37:48,167][com.java.TestType] [ 5895] - value = 
[INFO ][2016-01-07 15:37:49,167][com.java.TestType] [ 6390] - BEFORE CLICK
[INFO ][2016-01-07 15:37:50,643][com.java.TestType] [ 6397] - Unable to click the object Add user button
[INFO ][2016-01-07 15:37:50,643][com.java.SeleniumDriver] [  906] -  RESULT true
[INFO ][2016-01-07 15:37:50,643][com.java.SeleniumDriver] [ 1112] - ?   P A S S   ?
[INFO ][2016-01-07 15:37:50,643][com.java.SeleniumDriver] [  832] - ------------------------------------------
[INFO ][2016-01-07 15:37:50,643][com.java.SeleniumDriver] [  833] - Test case being Executed: 2
[INFO ][2016-01-07 15:37:50,644][com.java.SeleniumDriver] [  845] - Test step:8
[INFO ][2016-01-07 15:37:50,644][com.java.SeleniumDriver] [  857] - Datavalue is----------2
[INFO ][2016-01-07 15:37:50,644][com.java.SeleniumDriver] [  881] - DataField : BTNtxtUserName
[INFO ][2016-01-07 15:37:50,644][com.java.SeleniumDriver] [  883] - DataValue : 2
[INFO ][2016-01-07 15:37:50,644][com.java.SeleniumDriver] [  889] - <In Set values of the page>
[INFO ][2016-01-07 15:37:50,644][com.java.SeleniumDriver] [  892] - {Data Fields & Data Values Exist}
[INFO ][2016-01-07 15:37:50,644][com.java.SeleniumDriver] [  894] - --------------------------setting values-----------------------------
[INFO ][2016-01-07 15:37:50,644][com.java.SeleniumDriver] [  897] - Action Type : WaitForElement
[INFO ][2016-01-07 15:37:51,763][com.java.SeleniumDriver] [  906] -  RESULT true
[INFO ][2016-01-07 15:37:51,763][com.java.SeleniumDriver] [ 1112] - ?   P A S S   ?
[INFO ][2016-01-07 15:37:51,763][com.java.SeleniumDriver] [  832] - ------------------------------------------
[INFO ][2016-01-07 15:37:51,764][com.java.SeleniumDriver] [  833] - Test case being Executed: 2
[INFO ][2016-01-07 15:37:51,764][com.java.SeleniumDriver] [  845] - Test step:9
[INFO ][2016-01-07 15:37:51,764][com.java.SeleniumDriver] [  857] - Datavalue is----------5
[INFO ][2016-01-07 15:37:51,764][com.java.SeleniumDriver] [  881] - DataField : TXTtxtUserName
[INFO ][2016-01-07 15:37:51,764][com.java.SeleniumDriver] [  883] - DataValue : 5
[INFO ][2016-01-07 15:37:51,764][com.java.SeleniumDriver] [  889] - <In Set values of the page>
[INFO ][2016-01-07 15:37:51,764][com.java.SeleniumDriver] [  892] - {Data Fields & Data Values Exist}
[INFO ][2016-01-07 15:37:51,764][com.java.SeleniumDriver] [  894] - --------------------------setting values-----------------------------
[INFO ][2016-01-07 15:37:51,764][com.java.SeleniumDriver] [  897] - Action Type : WaitForElement
[INFO ][2016-01-07 15:37:52,860][com.java.SeleniumDriver] [  906] -  RESULT true
[INFO ][2016-01-07 15:37:52,861][com.java.SeleniumDriver] [ 1112] - ?   P A S S   ?
[INFO ][2016-01-07 15:37:52,861][com.java.SeleniumDriver] [  832] - ------------------------------------------
[INFO ][2016-01-07 15:37:52,861][com.java.SeleniumDriver] [  833] - Test case being Executed: 2
[INFO ][2016-01-07 15:37:52,861][com.java.SeleniumDriver] [  845] - Test step:10
[INFO ][2016-01-07 15:37:52,861][com.java.SeleniumDriver] [  857] - Datavalue is----------RNDvltest.robot
[INFO ][2016-01-07 15:37:52,862][com.java.SeleniumDriver] [  881] - DataField : TXTtxtUserName
[INFO ][2016-01-07 15:37:52,862][com.java.SeleniumDriver] [  883] - DataValue : RNDvltest.robot
[INFO ][2016-01-07 15:37:52,862][com.java.SeleniumDriver] [  889] - <In Set values of the page>
[INFO ][2016-01-07 15:37:52,862][com.java.SeleniumDriver] [  892] - {Data Fields & Data Values Exist}
[INFO ][2016-01-07 15:37:52,862][com.java.SeleniumDriver] [  894] - --------------------------setting values-----------------------------
[INFO ][2016-01-07 15:37:52,862][com.java.SeleniumDriver] [  897] - Action Type : CLEARANDENTER
[INFO ][2016-01-07 15:37:52,862][com.java.TestType] [ 5895] - value = vltest.robot20749
[INFO ][2016-01-07 15:37:55,327][com.java.SeleniumDriver] [  906] -  RESULT true
[INFO ][2016-01-07 15:37:55,328][com.java.SeleniumDriver] [ 1112] - ?   P A S S   ?
[INFO ][2016-01-07 15:37:55,328][com.java.SeleniumDriver] [  832] - ------------------------------------------
[INFO ][2016-01-07 15:37:55,328][com.java.SeleniumDriver] [  833] - Test case being Executed: 2
[INFO ][2016-01-07 15:37:55,328][com.java.SeleniumDriver] [  845] - Test step:11
[INFO ][2016-01-07 15:37:55,328][com.java.SeleniumDriver] [  857] - Datavalue is----------5
[INFO ][2016-01-07 15:37:55,328][com.java.SeleniumDriver] [  881] - DataField : TXTtxtFirstName
[INFO ][2016-01-07 15:37:55,328][com.java.SeleniumDriver] [  883] - DataValue : 5
[INFO ][2016-01-07 15:37:55,328][com.java.SeleniumDriver] [  889] - <In Set values of the page>
[INFO ][2016-01-07 15:37:55,328][com.java.SeleniumDriver] [  892] - {Data Fields & Data Values Exist}
[INFO ][2016-01-07 15:37:55,328][com.java.SeleniumDriver] [  894] - --------------------------setting values-----------------------------
[INFO ][2016-01-07 15:37:55,328][com.java.SeleniumDriver] [  897] - Action Type : WaitForElement
[INFO ][2016-01-07 15:37:56,422][com.java.SeleniumDriver] [  906] -  RESULT true
[INFO ][2016-01-07 15:37:56,423][com.java.SeleniumDriver] [ 1112] - ?   P A S S   ?
[INFO ][2016-01-07 15:37:56,423][com.java.SeleniumDriver] [  832] - ------------------------------------------
[INFO ][2016-01-07 15:37:56,423][com.java.SeleniumDriver] [  833] - Test case being Executed: 2
[INFO ][2016-01-07 15:37:56,423][com.java.SeleniumDriver] [  845] - Test step:12
[INFO ][2016-01-07 15:37:56,423][com.java.SeleniumDriver] [  857] - Datavalue is----------GivenNewUserName
[INFO ][2016-01-07 15:37:56,423][com.java.SeleniumDriver] [  881] - DataField : TXTtxtUserName
[INFO ][2016-01-07 15:37:56,423][com.java.SeleniumDriver] [  883] - DataValue : GivenNewUserName
[INFO ][2016-01-07 15:37:56,423][com.java.SeleniumDriver] [  889] - <In Set values of the page>
[INFO ][2016-01-07 15:37:56,423][com.java.SeleniumDriver] [  892] - {Data Fields & Data Values Exist}
[INFO ][2016-01-07 15:37:56,423][com.java.SeleniumDriver] [  894] - --------------------------setting values-----------------------------
[INFO ][2016-01-07 15:37:56,423][com.java.SeleniumDriver] [  897] - Action Type : STOREVALUE
[INFO ][2016-01-07 15:37:56,423][com.java.TestType] [ 8612] - field= TXTtxtUserName
[DEBUG][2016-01-07 15:37:57,561][com.java.TestType] [ 8626] - Key:: GivenNewUserName  Value:: vltest.robot20749
[INFO ][2016-01-07 15:37:57,561][com.java.SeleniumDriver] [  906] -  RESULT true
[INFO ][2016-01-07 15:37:57,561][com.java.SeleniumDriver] [ 1112] - ?   P A S S   ?
[INFO ][2016-01-07 15:37:57,561][com.java.SeleniumDriver] [  832] - ------------------------------------------
[INFO ][2016-01-07 15:37:57,561][com.java.SeleniumDriver] [  833] - Test case being Executed: 2
[INFO ][2016-01-07 15:37:57,561][com.java.SeleniumDriver] [  845] - Test step:13
[INFO ][2016-01-07 15:37:57,562][com.java.SeleniumDriver] [  857] - Datavalue is----------VLTest
[INFO ][2016-01-07 15:37:57,562][com.java.SeleniumDriver] [  881] - DataField : TXTtxtFirstName
[INFO ][2016-01-07 15:37:57,562][com.java.SeleniumDriver] [  883] - DataValue : VLTest
[INFO ][2016-01-07 15:37:57,562][com.java.SeleniumDriver] [  889] - <In Set values of the page>
[INFO ][2016-01-07 15:37:57,562][com.java.SeleniumDriver] [  892] - {Data Fields & Data Values Exist}
[INFO ][2016-01-07 15:37:57,562][com.java.SeleniumDriver] [  894] - --------------------------setting values-----------------------------
[INFO ][2016-01-07 15:37:57,562][com.java.SeleniumDriver] [  897] - Action Type : Enter
[INFO ][2016-01-07 15:37:57,562][com.java.TestType] [ 6696] - field = txtFirstName
[INFO ][2016-01-07 15:37:57,562][com.java.TestType] [ 5895] - value = VLTest
[INFO ][2016-01-07 15:37:59,208][com.java.SeleniumDriver] [  906] -  RESULT true
[INFO ][2016-01-07 15:37:59,208][com.java.SeleniumDriver] [ 1112] - ?   P A S S   ?
[INFO ][2016-01-07 15:37:59,208][com.java.SeleniumDriver] [  832] - ------------------------------------------
[INFO ][2016-01-07 15:37:59,208][com.java.SeleniumDriver] [  833] - Test case being Executed: 2
[INFO ][2016-01-07 15:37:59,208][com.java.SeleniumDriver] [  845] - Test step:14
[INFO ][2016-01-07 15:37:59,208][com.java.SeleniumDriver] [  857] - Datavalue is----------5
[INFO ][2016-01-07 15:37:59,208][com.java.SeleniumDriver] [  881] - DataField : TXTtxtLastName
[INFO ][2016-01-07 15:37:59,208][com.java.SeleniumDriver] [  883] - DataValue : 5
[INFO ][2016-01-07 15:37:59,208][com.java.SeleniumDriver] [  889] - <In Set values of the page>
[INFO ][2016-01-07 15:37:59,209][com.java.SeleniumDriver] [  892] - {Data Fields & Data Values Exist}
[INFO ][2016-01-07 15:37:59,209][com.java.SeleniumDriver] [  894] - --------------------------setting values-----------------------------
[INFO ][2016-01-07 15:37:59,209][com.java.SeleniumDriver] [  897] - Action Type : WaitForElement
[INFO ][2016-01-07 15:38:00,317][com.java.SeleniumDriver] [  906] -  RESULT true
[INFO ][2016-01-07 15:38:00,317][com.java.SeleniumDriver] [ 1112] - ?   P A S S   ?
[INFO ][2016-01-07 15:38:00,318][com.java.SeleniumDriver] [  832] - ------------------------------------------
[INFO ][2016-01-07 15:38:00,318][com.java.SeleniumDriver] [  833] - Test case being Executed: 2
[INFO ][2016-01-07 15:38:00,318][com.java.SeleniumDriver] [  845] - Test step:15
[INFO ][2016-01-07 15:38:00,318][com.java.SeleniumDriver] [  857] - Datavalue is----------Robot
[INFO ][2016-01-07 15:38:00,318][com.java.SeleniumDriver] [  881] - DataField : TXTtxtLastName
[INFO ][2016-01-07 15:38:00,318][com.java.SeleniumDriver] [  883] - DataValue : Robot
[INFO ][2016-01-07 15:38:00,318][com.java.SeleniumDriver] [  889] - <In Set values of the page>
[INFO ][2016-01-07 15:38:00,318][com.java.SeleniumDriver] [  892] - {Data Fields & Data Values Exist}
[INFO ][2016-01-07 15:38:00,318][com.java.SeleniumDriver] [  894] - --------------------------setting values-----------------------------
[INFO ][2016-01-07 15:38:00,318][com.java.SeleniumDriver] [  897] - Action Type : Enter
[INFO ][2016-01-07 15:38:00,318][com.java.TestType] [ 6696] - field = txtLastName
[INFO ][2016-01-07 15:38:00,318][com.java.TestType] [ 5895] - value = Robot
[INFO ][2016-01-07 15:38:01,747][com.java.SeleniumDriver] [  906] -  RESULT true
[INFO ][2016-01-07 15:38:01,747][com.java.SeleniumDriver] [ 1112] - ?   P A S S   ?
[INFO ][2016-01-07 15:38:01,747][com.java.SeleniumDriver] [  832] - ------------------------------------------
[INFO ][2016-01-07 15:38:01,747][com.java.SeleniumDriver] [  833] - Test case being Executed: 2
[INFO ][2016-01-07 15:38:01,747][com.java.SeleniumDriver] [  845] - Test step:16
[INFO ][2016-01-07 15:38:01,747][com.java.SeleniumDriver] [  857] - Datavalue is----------5
[INFO ][2016-01-07 15:38:01,748][com.java.SeleniumDriver] [  881] - DataField : TXTtxtCompany
[INFO ][2016-01-07 15:38:01,748][com.java.SeleniumDriver] [  883] - DataValue : 5
[INFO ][2016-01-07 15:38:01,748][com.java.SeleniumDriver] [  889] - <In Set values of the page>
[INFO ][2016-01-07 15:38:01,748][com.java.SeleniumDriver] [  892] - {Data Fields & Data Values Exist}
[INFO ][2016-01-07 15:38:01,748][com.java.SeleniumDriver] [  894] - --------------------------setting values-----------------------------
[INFO ][2016-01-07 15:38:01,748][com.java.SeleniumDriver] [  897] - Action Type : WaitForElement
[INFO ][2016-01-07 15:38:02,860][com.java.SeleniumDriver] [  906] -  RESULT true
[INFO ][2016-01-07 15:38:02,860][com.java.SeleniumDriver] [ 1112] - ?   P A S S   ?
[INFO ][2016-01-07 15:38:02,860][com.java.SeleniumDriver] [  832] - ------------------------------------------
[INFO ][2016-01-07 15:38:02,861][com.java.SeleniumDriver] [  833] - Test case being Executed: 2
[INFO ][2016-01-07 15:38:02,861][com.java.SeleniumDriver] [  845] - Test step:17
[INFO ][2016-01-07 15:38:02,861][com.java.SeleniumDriver] [  857] - Datavalue is----------ValueLabs
[INFO ][2016-01-07 15:38:02,861][com.java.SeleniumDriver] [  881] - DataField : TXTtxtCompany
[INFO ][2016-01-07 15:38:02,861][com.java.SeleniumDriver] [  883] - DataValue : ValueLabs
[INFO ][2016-01-07 15:38:02,861][com.java.SeleniumDriver] [  889] - <In Set values of the page>
[INFO ][2016-01-07 15:38:02,861][com.java.SeleniumDriver] [  892] - {Data Fields & Data Values Exist}
[INFO ][2016-01-07 15:38:02,861][com.java.SeleniumDriver] [  894] - --------------------------setting values-----------------------------
[INFO ][2016-01-07 15:38:02,861][com.java.SeleniumDriver] [  897] - Action Type : Enter
[INFO ][2016-01-07 15:38:02,861][com.java.TestType] [ 6696] - field = txtCompany
[INFO ][2016-01-07 15:38:02,861][com.java.TestType] [ 5895] - value = ValueLabs
[INFO ][2016-01-07 15:38:04,413][com.java.SeleniumDriver] [  906] -  RESULT true
[INFO ][2016-01-07 15:38:04,413][com.java.SeleniumDriver] [ 1112] - ?   P A S S   ?
[INFO ][2016-01-07 15:38:04,414][com.java.SeleniumDriver] [  832] - ------------------------------------------
[INFO ][2016-01-07 15:38:04,414][com.java.SeleniumDriver] [  833] - Test case being Executed: 2
[INFO ][2016-01-07 15:38:04,414][com.java.SeleniumDriver] [  845] - Test step:18
[INFO ][2016-01-07 15:38:04,414][com.java.SeleniumDriver] [  857] - Datavalue is----------5
[INFO ][2016-01-07 15:38:04,414][com.java.SeleniumDriver] [  881] - DataField : TXTtxtLocation
[INFO ][2016-01-07 15:38:04,414][com.java.SeleniumDriver] [  883] - DataValue : 5
[INFO ][2016-01-07 15:38:04,414][com.java.SeleniumDriver] [  889] - <In Set values of the page>
[INFO ][2016-01-07 15:38:04,414][com.java.SeleniumDriver] [  892] - {Data Fields & Data Values Exist}
[INFO ][2016-01-07 15:38:04,414][com.java.SeleniumDriver] [  894] - --------------------------setting values-----------------------------
[INFO ][2016-01-07 15:38:04,414][com.java.SeleniumDriver] [  897] - Action Type : WaitForElement
[INFO ][2016-01-07 15:38:05,511][com.java.SeleniumDriver] [  906] -  RESULT true
[INFO ][2016-01-07 15:38:05,511][com.java.SeleniumDriver] [ 1112] - ?   P A S S   ?
[INFO ][2016-01-07 15:38:05,511][com.java.SeleniumDriver] [  832] - ------------------------------------------
[INFO ][2016-01-07 15:38:05,511][com.java.SeleniumDriver] [  833] - Test case being Executed: 2
[INFO ][2016-01-07 15:38:05,512][com.java.SeleniumDriver] [  845] - Test step:19
[INFO ][2016-01-07 15:38:05,512][com.java.SeleniumDriver] [  857] - Datavalue is----------India
[INFO ][2016-01-07 15:38:05,512][com.java.SeleniumDriver] [  881] - DataField : TXTtxtLocation
[INFO ][2016-01-07 15:38:05,512][com.java.SeleniumDriver] [  883] - DataValue : India
[INFO ][2016-01-07 15:38:05,512][com.java.SeleniumDriver] [  889] - <In Set values of the page>
[INFO ][2016-01-07 15:38:05,512][com.java.SeleniumDriver] [  892] - {Data Fields & Data Values Exist}
[INFO ][2016-01-07 15:38:05,512][com.java.SeleniumDriver] [  894] - --------------------------setting values-----------------------------
[INFO ][2016-01-07 15:38:05,512][com.java.SeleniumDriver] [  897] - Action Type : Enter
[INFO ][2016-01-07 15:38:05,512][com.java.TestType] [ 6696] - field = txtLocation
[INFO ][2016-01-07 15:38:05,512][com.java.TestType] [ 5895] - value = India
[INFO ][2016-01-07 15:38:06,932][com.java.SeleniumDriver] [  906] -  RESULT true
[INFO ][2016-01-07 15:38:06,932][com.java.SeleniumDriver] [ 1112] - ?   P A S S   ?
[INFO ][2016-01-07 15:38:06,932][com.java.SeleniumDriver] [  832] - ------------------------------------------
[INFO ][2016-01-07 15:38:06,932][com.java.SeleniumDriver] [  833] - Test case being Executed: 2
[INFO ][2016-01-07 15:38:06,932][com.java.SeleniumDriver] [  845] - Test step:20
[INFO ][2016-01-07 15:38:06,932][com.java.SeleniumDriver] [  857] - Datavalue is----------5
[INFO ][2016-01-07 15:38:06,933][com.java.SeleniumDriver] [  881] - DataField : TXTtxtEMail
[INFO ][2016-01-07 15:38:06,933][com.java.SeleniumDriver] [  883] - DataValue : 5
[INFO ][2016-01-07 15:38:06,933][com.java.SeleniumDriver] [  889] - <In Set values of the page>
[INFO ][2016-01-07 15:38:06,933][com.java.SeleniumDriver] [  892] - {Data Fields & Data Values Exist}
[INFO ][2016-01-07 15:38:06,933][com.java.SeleniumDriver] [  894] - --------------------------setting values-----------------------------
[INFO ][2016-01-07 15:38:06,933][com.java.SeleniumDriver] [  897] - Action Type : WaitForElement
[INFO ][2016-01-07 15:38:08,042][com.java.SeleniumDriver] [  906] -  RESULT true
[INFO ][2016-01-07 15:38:08,043][com.java.SeleniumDriver] [ 1112] - ?   P A S S   ?
[INFO ][2016-01-07 15:38:08,043][com.java.SeleniumDriver] [  832] - ------------------------------------------
[INFO ][2016-01-07 15:38:08,043][com.java.SeleniumDriver] [  833] - Test case being Executed: 2
[INFO ][2016-01-07 15:38:08,043][com.java.SeleniumDriver] [  845] - Test step:21
[INFO ][2016-01-07 15:38:08,043][com.java.SeleniumDriver] [  857] - Datavalue is----------vltest.robot@valuelabs.com
[INFO ][2016-01-07 15:38:08,043][com.java.SeleniumDriver] [  881] - DataField : TXTtxtEMail
[INFO ][2016-01-07 15:38:08,043][com.java.SeleniumDriver] [  883] - DataValue : vltest.robot@valuelabs.com
[INFO ][2016-01-07 15:38:08,043][com.java.SeleniumDriver] [  889] - <In Set values of the page>
[INFO ][2016-01-07 15:38:08,043][com.java.SeleniumDriver] [  892] - {Data Fields & Data Values Exist}
[INFO ][2016-01-07 15:38:08,043][com.java.SeleniumDriver] [  894] - --------------------------setting values-----------------------------
[INFO ][2016-01-07 15:38:08,043][com.java.SeleniumDriver] [  897] - Action Type : Enter
[INFO ][2016-01-07 15:38:08,043][com.java.TestType] [ 6696] - field = txtEMail
[INFO ][2016-01-07 15:38:08,043][com.java.TestType] [ 5895] - value = vltest.robot@valuelabs.com
[INFO ][2016-01-07 15:38:09,597][com.java.SeleniumDriver] [  906] -  RESULT true
[INFO ][2016-01-07 15:38:09,597][com.java.SeleniumDriver] [ 1112] - ?   P A S S   ?
[INFO ][2016-01-07 15:38:09,597][com.java.SeleniumDriver] [  832] - ------------------------------------------
[INFO ][2016-01-07 15:38:09,597][com.java.SeleniumDriver] [  833] - Test case being Executed: 2
[INFO ][2016-01-07 15:38:09,597][com.java.SeleniumDriver] [  845] - Test step:22
[INFO ][2016-01-07 15:38:09,597][com.java.SeleniumDriver] [  857] - Datavalue is----------5
[INFO ][2016-01-07 15:38:09,597][com.java.SeleniumDriver] [  881] - DataField : TXTtxtPhone
[INFO ][2016-01-07 15:38:09,597][com.java.SeleniumDriver] [  883] - DataValue : 5
[INFO ][2016-01-07 15:38:09,597][com.java.SeleniumDriver] [  889] - <In Set values of the page>
[INFO ][2016-01-07 15:38:09,598][com.java.SeleniumDriver] [  892] - {Data Fields & Data Values Exist}
[INFO ][2016-01-07 15:38:09,598][com.java.SeleniumDriver] [  894] - --------------------------setting values-----------------------------
[INFO ][2016-01-07 15:38:09,598][com.java.SeleniumDriver] [  897] - Action Type : WaitForElement
[INFO ][2016-01-07 15:38:10,708][com.java.SeleniumDriver] [  906] -  RESULT true
[INFO ][2016-01-07 15:38:10,708][com.java.SeleniumDriver] [ 1112] - ?   P A S S   ?
[INFO ][2016-01-07 15:38:10,708][com.java.SeleniumDriver] [  832] - ------------------------------------------
[INFO ][2016-01-07 15:38:10,708][com.java.SeleniumDriver] [  833] - Test case being Executed: 2
[INFO ][2016-01-07 15:38:10,709][com.java.SeleniumDriver] [  845] - Test step:23
[INFO ][2016-01-07 15:38:10,709][com.java.SeleniumDriver] [  857] - Datavalue is----------12345678901
[INFO ][2016-01-07 15:38:10,709][com.java.SeleniumDriver] [  881] - DataField : TXTtxtPhone
[INFO ][2016-01-07 15:38:10,709][com.java.SeleniumDriver] [  883] - DataValue : 12345678901
[INFO ][2016-01-07 15:38:10,709][com.java.SeleniumDriver] [  889] - <In Set values of the page>
[INFO ][2016-01-07 15:38:10,709][com.java.SeleniumDriver] [  892] - {Data Fields & Data Values Exist}
[INFO ][2016-01-07 15:38:10,709][com.java.SeleniumDriver] [  894] - --------------------------setting values-----------------------------
[INFO ][2016-01-07 15:38:10,709][com.java.SeleniumDriver] [  897] - Action Type : Enter
[INFO ][2016-01-07 15:38:10,709][com.java.TestType] [ 6696] - field = txtPhone
[INFO ][2016-01-07 15:38:10,709][com.java.TestType] [ 5895] - value = 12345678901
[INFO ][2016-01-07 15:38:12,087][com.java.SeleniumDriver] [  906] -  RESULT true
[INFO ][2016-01-07 15:38:12,087][com.java.SeleniumDriver] [ 1112] - ?   P A S S   ?
[INFO ][2016-01-07 15:38:12,087][com.java.SeleniumDriver] [  832] - ------------------------------------------
[INFO ][2016-01-07 15:38:12,087][com.java.SeleniumDriver] [  833] - Test case being Executed: 2
[INFO ][2016-01-07 15:38:12,087][com.java.SeleniumDriver] [  845] - Test step:24
[INFO ][2016-01-07 15:38:12,087][com.java.SeleniumDriver] [  857] - Datavalue is----------5
[INFO ][2016-01-07 15:38:12,087][com.java.SeleniumDriver] [  881] - DataField : TXTtxtPassword
[INFO ][2016-01-07 15:38:12,087][com.java.SeleniumDriver] [  883] - DataValue : 5
[INFO ][2016-01-07 15:38:12,088][com.java.SeleniumDriver] [  889] - <In Set values of the page>
[INFO ][2016-01-07 15:38:12,088][com.java.SeleniumDriver] [  892] - {Data Fields & Data Values Exist}
[INFO ][2016-01-07 15:38:12,088][com.java.SeleniumDriver] [  894] - --------------------------setting values-----------------------------
[INFO ][2016-01-07 15:38:12,088][com.java.SeleniumDriver] [  897] - Action Type : WaitForElement
[INFO ][2016-01-07 15:38:13,189][com.java.SeleniumDriver] [  906] -  RESULT true
[INFO ][2016-01-07 15:38:13,189][com.java.SeleniumDriver] [ 1112] - ?   P A S S   ?
[INFO ][2016-01-07 15:38:13,189][com.java.SeleniumDriver] [  832] - ------------------------------------------
[INFO ][2016-01-07 15:38:13,190][com.java.SeleniumDriver] [  833] - Test case being Executed: 2
[INFO ][2016-01-07 15:38:13,190][com.java.SeleniumDriver] [  845] - Test step:25
[INFO ][2016-01-07 15:38:13,190][com.java.SeleniumDriver] [  857] - Datavalue is----------dt:NewUserPswd
[INFO ][2016-01-07 15:38:13,190][com.java.SeleniumDriver] [  881] - DataField : TXTtxtPassword
[INFO ][2016-01-07 15:38:13,190][com.java.SeleniumDriver] [  883] - DataValue : dt:NewUserPswd
[INFO ][2016-01-07 15:38:13,190][com.java.SeleniumDriver] [  889] - <In Set values of the page>
[INFO ][2016-01-07 15:38:13,190][com.java.SeleniumDriver] [  892] - {Data Fields & Data Values Exist}
[INFO ][2016-01-07 15:38:13,190][com.java.SeleniumDriver] [  894] - --------------------------setting values-----------------------------
[INFO ][2016-01-07 15:38:13,190][com.java.SeleniumDriver] [  897] - Action Type : CLEARANDENTER
[INFO ][2016-01-07 15:38:13,190][com.java.TestType] [ 5895] - value = Password1*
[INFO ][2016-01-07 15:38:15,826][com.java.SeleniumDriver] [  906] -  RESULT true
[INFO ][2016-01-07 15:38:15,826][com.java.SeleniumDriver] [ 1112] - ?   P A S S   ?
[INFO ][2016-01-07 15:38:15,826][com.java.SeleniumDriver] [  832] - ------------------------------------------
[INFO ][2016-01-07 15:38:15,826][com.java.SeleniumDriver] [  833] - Test case being Executed: 2
[INFO ][2016-01-07 15:38:15,826][com.java.SeleniumDriver] [  845] - Test step:26
[INFO ][2016-01-07 15:38:15,826][com.java.SeleniumDriver] [  857] - Datavalue is----------5
[INFO ][2016-01-07 15:38:15,827][com.java.SeleniumDriver] [  881] - DataField : TXTtxtPasswordConfirm
[INFO ][2016-01-07 15:38:15,827][com.java.SeleniumDriver] [  883] - DataValue : 5
[INFO ][2016-01-07 15:38:15,827][com.java.SeleniumDriver] [  889] - <In Set values of the page>
[INFO ][2016-01-07 15:38:15,827][com.java.SeleniumDriver] [  892] - {Data Fields & Data Values Exist}
[INFO ][2016-01-07 15:38:15,827][com.java.SeleniumDriver] [  894] - --------------------------setting values-----------------------------
[INFO ][2016-01-07 15:38:15,827][com.java.SeleniumDriver] [  897] - Action Type : WaitForElement
[INFO ][2016-01-07 15:38:16,943][com.java.SeleniumDriver] [  906] -  RESULT true
[INFO ][2016-01-07 15:38:16,943][com.java.SeleniumDriver] [ 1112] - ?   P A S S   ?
[INFO ][2016-01-07 15:38:16,943][com.java.SeleniumDriver] [  832] - ------------------------------------------
[INFO ][2016-01-07 15:38:16,943][com.java.SeleniumDriver] [  833] - Test case being Executed: 2
[INFO ][2016-01-07 15:38:16,943][com.java.SeleniumDriver] [  845] - Test step:27
[INFO ][2016-01-07 15:38:16,943][com.java.SeleniumDriver] [  857] - Datavalue is----------dt:NewUserPswd
[INFO ][2016-01-07 15:38:16,943][com.java.SeleniumDriver] [  881] - DataField : TXTtxtPasswordConfirm
[INFO ][2016-01-07 15:38:16,943][com.java.SeleniumDriver] [  883] - DataValue : dt:NewUserPswd
[INFO ][2016-01-07 15:38:16,943][com.java.SeleniumDriver] [  889] - <In Set values of the page>
[INFO ][2016-01-07 15:38:16,943][com.java.SeleniumDriver] [  892] - {Data Fields & Data Values Exist}
[INFO ][2016-01-07 15:38:16,943][com.java.SeleniumDriver] [  894] - --------------------------setting values-----------------------------
[INFO ][2016-01-07 15:38:16,943][com.java.SeleniumDriver] [  897] - Action Type : CLEARANDENTER
[INFO ][2016-01-07 15:38:16,944][com.java.TestType] [ 5895] - value = Password1*
[INFO ][2016-01-07 15:38:19,594][com.java.SeleniumDriver] [  906] -  RESULT true
[INFO ][2016-01-07 15:38:19,594][com.java.SeleniumDriver] [ 1112] - ?   P A S S   ?
[INFO ][2016-01-07 15:38:19,594][com.java.SeleniumDriver] [  832] - ------------------------------------------
[INFO ][2016-01-07 15:38:19,594][com.java.SeleniumDriver] [  833] - Test case being Executed: 2
[INFO ][2016-01-07 15:38:19,594][com.java.SeleniumDriver] [  845] - Test step:28
[INFO ][2016-01-07 15:38:19,594][com.java.SeleniumDriver] [  857] - Datavalue is----------5
[INFO ][2016-01-07 15:38:19,594][com.java.SeleniumDriver] [  881] - DataField : test
[INFO ][2016-01-07 15:38:19,595][com.java.SeleniumDriver] [  883] - DataValue : 5
[INFO ][2016-01-07 15:38:19,595][com.java.SeleniumDriver] [  889] - <In Set values of the page>
[INFO ][2016-01-07 15:38:19,595][com.java.SeleniumDriver] [  892] - {Data Fields & Data Values Exist}
[INFO ][2016-01-07 15:38:19,595][com.java.SeleniumDriver] [  894] - --------------------------setting values-----------------------------
[INFO ][2016-01-07 15:38:19,595][com.java.SeleniumDriver] [  897] - Action Type : WaitTime
[DEBUG][2016-01-07 15:38:19,595][com.java.TestType] [ 5715] - sleepTime: 5000
[INFO ][2016-01-07 15:38:24,595][com.java.SeleniumDriver] [  906] -  RESULT true
[INFO ][2016-01-07 15:38:24,595][com.java.SeleniumDriver] [ 1112] - ?   P A S S   ?
[INFO ][2016-01-07 15:38:24,595][com.java.SeleniumDriver] [  832] - ------------------------------------------
[INFO ][2016-01-07 15:38:24,595][com.java.SeleniumDriver] [  833] - Test case being Executed: 2
[INFO ][2016-01-07 15:38:24,595][com.java.SeleniumDriver] [  845] - Test step:29
[INFO ][2016-01-07 15:38:24,595][com.java.SeleniumDriver] [  857] - Datavalue is----------null
[DEBUG][2016-01-07 15:38:24,595][com.java.SeleniumDriver] [  875] - Exception: null
[INFO ][2016-01-07 15:38:24,595][com.java.SeleniumDriver] [  881] - DataField : BTNparent
[INFO ][2016-01-07 15:38:24,595][com.java.SeleniumDriver] [  883] - DataValue : 
[INFO ][2016-01-07 15:38:24,595][com.java.SeleniumDriver] [  889] - <In Set values of the page>
[INFO ][2016-01-07 15:38:24,595][com.java.SeleniumDriver] [  892] - {Data Fields & Data Values Exist}
[INFO ][2016-01-07 15:38:24,596][com.java.SeleniumDriver] [  894] - --------------------------setting values-----------------------------
[INFO ][2016-01-07 15:38:24,596][com.java.SeleniumDriver] [  897] - Action Type : SelectFrame
[INFO ][2016-01-07 15:38:24,612][com.java.SeleniumDriver] [  906] -  RESULT true
[INFO ][2016-01-07 15:38:24,612][com.java.SeleniumDriver] [ 1112] - ?   P A S S   ?
[INFO ][2016-01-07 15:38:24,612][com.java.SeleniumDriver] [  832] - ------------------------------------------
[INFO ][2016-01-07 15:38:24,612][com.java.SeleniumDriver] [  833] - Test case being Executed: 2
[INFO ][2016-01-07 15:38:24,612][com.java.SeleniumDriver] [  845] - Test step:30
[INFO ][2016-01-07 15:38:24,612][com.java.SeleniumDriver] [  857] - Datavalue is----------null
[DEBUG][2016-01-07 15:38:24,612][com.java.SeleniumDriver] [  875] - Exception: null
[INFO ][2016-01-07 15:38:24,612][com.java.SeleniumDriver] [  881] - DataField : XPH//span[contains(text(), 'Finished')]
[INFO ][2016-01-07 15:38:24,612][com.java.SeleniumDriver] [  883] - DataValue : 
[INFO ][2016-01-07 15:38:24,612][com.java.SeleniumDriver] [  889] - <In Set values of the page>
[INFO ][2016-01-07 15:38:24,613][com.java.SeleniumDriver] [  892] - {Data Fields & Data Values Exist}
[INFO ][2016-01-07 15:38:24,613][com.java.SeleniumDriver] [  894] - --------------------------setting values-----------------------------
[INFO ][2016-01-07 15:38:24,613][com.java.SeleniumDriver] [  897] - Action Type : Click
[INFO ][2016-01-07 15:38:24,613][com.java.TestType] [ 6274] - Field ::XPH//span[contains(text(), 'Finished')]
[INFO ][2016-01-07 15:38:24,613][com.java.TestType] [ 5895] - value = 
[INFO ][2016-01-07 15:38:25,614][com.java.TestType] [ 6411] - BEFORE CLICK
[INFO ][2016-01-07 15:38:26,525][com.java.TestType] [ 6419] - Unable to click the object Finished button
[INFO ][2016-01-07 15:38:26,525][com.java.SeleniumDriver] [  906] -  RESULT true
[INFO ][2016-01-07 15:38:26,525][com.java.SeleniumDriver] [ 1112] - ?   P A S S   ?
[INFO ][2016-01-07 15:38:26,525][com.java.SeleniumDriver] [  832] - ------------------------------------------
[INFO ][2016-01-07 15:38:26,525][com.java.SeleniumDriver] [  833] - Test case being Executed: 2
[INFO ][2016-01-07 15:38:26,525][com.java.SeleniumDriver] [  845] - Test step:31
[INFO ][2016-01-07 15:38:26,525][com.java.SeleniumDriver] [  857] - Datavalue is----------5
[INFO ][2016-01-07 15:38:26,525][com.java.SeleniumDriver] [  881] - DataField : test
[INFO ][2016-01-07 15:38:26,525][com.java.SeleniumDriver] [  883] - DataValue : 5
[INFO ][2016-01-07 15:38:26,525][com.java.SeleniumDriver] [  889] - <In Set values of the page>
[INFO ][2016-01-07 15:38:26,525][com.java.SeleniumDriver] [  892] - {Data Fields & Data Values Exist}
[INFO ][2016-01-07 15:38:26,525][com.java.SeleniumDriver] [  894] - --------------------------setting values-----------------------------
[INFO ][2016-01-07 15:38:26,525][com.java.SeleniumDriver] [  897] - Action Type : WaitTime
[DEBUG][2016-01-07 15:38:26,526][com.java.TestType] [ 5715] - sleepTime: 5000
[INFO ][2016-01-07 15:38:31,526][com.java.SeleniumDriver] [  906] -  RESULT true
[INFO ][2016-01-07 15:38:31,526][com.java.SeleniumDriver] [ 1112] - ?   P A S S   ?
[INFO ][2016-01-07 15:38:31,526][com.java.SeleniumDriver] [  832] - ------------------------------------------
[INFO ][2016-01-07 15:38:31,526][com.java.SeleniumDriver] [  833] - Test case being Executed: 2
[INFO ][2016-01-07 15:38:31,526][com.java.SeleniumDriver] [  845] - Test step:32
[INFO ][2016-01-07 15:38:31,526][com.java.SeleniumDriver] [  857] - Datavalue is----------null
[DEBUG][2016-01-07 15:38:31,526][com.java.SeleniumDriver] [  875] - Exception: null
[INFO ][2016-01-07 15:38:31,526][com.java.SeleniumDriver] [  881] - DataField : BTNframeDialogContent
[INFO ][2016-01-07 15:38:31,526][com.java.SeleniumDriver] [  883] - DataValue : 
[INFO ][2016-01-07 15:38:31,526][com.java.SeleniumDriver] [  889] - <In Set values of the page>
[INFO ][2016-01-07 15:38:31,526][com.java.SeleniumDriver] [  892] - {Data Fields & Data Values Exist}
[INFO ][2016-01-07 15:38:31,526][com.java.SeleniumDriver] [  894] - --------------------------setting values-----------------------------
[INFO ][2016-01-07 15:38:31,527][com.java.SeleniumDriver] [  897] - Action Type : SelectFrame
[INFO ][2016-01-07 15:38:32,852][com.java.SeleniumDriver] [  906] -  RESULT true
[INFO ][2016-01-07 15:38:32,852][com.java.SeleniumDriver] [ 1112] - ?   P A S S   ?
[INFO ][2016-01-07 15:38:32,853][com.java.SeleniumDriver] [  832] - ------------------------------------------
[INFO ][2016-01-07 15:38:32,853][com.java.SeleniumDriver] [  833] - Test case being Executed: 2
[INFO ][2016-01-07 15:38:32,853][com.java.SeleniumDriver] [  845] - Test step:33
[INFO ][2016-01-07 15:38:32,853][com.java.SeleniumDriver] [  857] - Datavalue is----------null
[DEBUG][2016-01-07 15:38:32,853][com.java.SeleniumDriver] [  875] - Exception: null
[INFO ][2016-01-07 15:38:32,853][com.java.SeleniumDriver] [  881] - DataField : BTNchkGlobalPrivsUserAdmin
[INFO ][2016-01-07 15:38:32,853][com.java.SeleniumDriver] [  883] - DataValue : 
[INFO ][2016-01-07 15:38:32,853][com.java.SeleniumDriver] [  889] - <In Set values of the page>
[INFO ][2016-01-07 15:38:32,853][com.java.SeleniumDriver] [  892] - {Data Fields & Data Values Exist}
[INFO ][2016-01-07 15:38:32,853][com.java.SeleniumDriver] [  894] - --------------------------setting values-----------------------------
[INFO ][2016-01-07 15:38:32,853][com.java.SeleniumDriver] [  897] - Action Type : Click
[INFO ][2016-01-07 15:38:32,853][com.java.TestType] [ 6274] - Field ::BTNchkGlobalPrivsUserAdmin
[INFO ][2016-01-07 15:38:32,853][com.java.TestType] [ 5895] - value = 
[INFO ][2016-01-07 15:38:33,854][com.java.TestType] [ 6390] - BEFORE CLICK
[INFO ][2016-01-07 15:38:35,167][com.java.TestType] [ 6397] - Unable to click the object User Admin check box
[INFO ][2016-01-07 15:38:35,167][com.java.SeleniumDriver] [  906] -  RESULT true
[INFO ][2016-01-07 15:38:35,167][com.java.SeleniumDriver] [ 1112] - ?   P A S S   ?
[INFO ][2016-01-07 15:38:35,167][com.java.SeleniumDriver] [  832] - ------------------------------------------
[INFO ][2016-01-07 15:38:35,167][com.java.SeleniumDriver] [  833] - Test case being Executed: 2
[INFO ][2016-01-07 15:38:35,167][com.java.SeleniumDriver] [  845] - Test step:34
[INFO ][2016-01-07 15:38:35,167][com.java.SeleniumDriver] [  857] - Datavalue is----------index:1
[INFO ][2016-01-07 15:38:35,167][com.java.SeleniumDriver] [  881] - DataField : COBddlEntityAccess
[INFO ][2016-01-07 15:38:35,167][com.java.SeleniumDriver] [  883] - DataValue : index:1
[INFO ][2016-01-07 15:38:35,167][com.java.SeleniumDriver] [  889] - <In Set values of the page>
[INFO ][2016-01-07 15:38:35,167][com.java.SeleniumDriver] [  892] - {Data Fields & Data Values Exist}
[INFO ][2016-01-07 15:38:35,167][com.java.SeleniumDriver] [  894] - --------------------------setting values-----------------------------
[INFO ][2016-01-07 15:38:35,168][com.java.SeleniumDriver] [  897] - Action Type : select
[INFO ][2016-01-07 15:38:35,168][com.java.TestType] [ 5895] - value = 1
[INFO ][2016-01-07 15:38:36,335][com.java.TestType] [ 6013] -  In COB ddlEntityAccess : 1
[ERROR][2016-01-07 15:38:36,388][com.java.TestType] [ 6160] - Unable to perform Action Select Cannot locate option with index: 1
For documentation on this error, please visit: http://seleniumhq.org/exceptions/no_such_element.html
Build info: version: '2.48.2', revision: '41bccdd', time: '2015-10-09 19:59:12'
System info: host: 'FVTIII438F1D', ip: '172.17.68.34', os.name: 'Windows 7', os.arch: 'x86', os.version: '6.1', java.version: '1.7.0_55'
Driver info: driver.version: SeleniumDriver
[INFO ][2016-01-07 15:38:36,388][com.java.SeleniumDriver] [  906] -  RESULT false
[INFO ][2016-01-07 15:38:36,388][com.java.SeleniumDriver] [  953] - ?   F A I L   ?
[INFO ][2016-01-07 15:38:36,388][com.java.SeleniumDriver] [  961] - Browser Type : IE10
[INFO ][2016-01-07 15:38:36,388][com.java.SeleniumDriver] [  962] - Adding Failed case2
[DEBUG][2016-01-07 15:38:37,231][com.java.SeleniumDriver] [ 1030] -  tdd.getCondition() IF:36:Next
[INFO ][2016-01-07 15:38:37,231][com.java.SeleniumDriver] [ 1034] - Continue next step...
[INFO ][2016-01-07 15:38:37,232][com.java.SeleniumDriver] [  832] - ------------------------------------------
[INFO ][2016-01-07 15:38:37,232][com.java.SeleniumDriver] [  833] - Test case being Executed: 2
[INFO ][2016-01-07 15:38:37,232][com.java.SeleniumDriver] [  845] - Test step:35
[INFO ][2016-01-07 15:38:37,232][com.java.SeleniumDriver] [  857] - Datavalue is----------index:0
[INFO ][2016-01-07 15:38:37,232][com.java.SeleniumDriver] [  881] - DataField : COBddlEntityAccess
[INFO ][2016-01-07 15:38:37,232][com.java.SeleniumDriver] [  883] - DataValue : index:0
[INFO ][2016-01-07 15:38:37,232][com.java.SeleniumDriver] [  889] - <In Set values of the page>
[INFO ][2016-01-07 15:38:37,232][com.java.SeleniumDriver] [  892] - {Data Fields & Data Values Exist}
[INFO ][2016-01-07 15:38:37,232][com.java.SeleniumDriver] [  894] - --------------------------setting values-----------------------------
[INFO ][2016-01-07 15:38:37,232][com.java.SeleniumDriver] [  897] - Action Type : select
[INFO ][2016-01-07 15:38:37,234][com.java.TestType] [ 5895] - value = 0
[INFO ][2016-01-07 15:38:38,461][com.java.TestType] [ 6013] -  In COB ddlEntityAccess : 0
[INFO ][2016-01-07 15:38:38,546][com.java.SeleniumDriver] [  906] -  RESULT true
[INFO ][2016-01-07 15:38:38,546][com.java.SeleniumDriver] [ 1112] - ?   P A S S   ?
[INFO ][2016-01-07 15:38:38,546][com.java.SeleniumDriver] [  832] - ------------------------------------------
[INFO ][2016-01-07 15:38:38,546][com.java.SeleniumDriver] [  833] - Test case being Executed: 2
[INFO ][2016-01-07 15:38:38,546][com.java.SeleniumDriver] [  845] - Test step:36
[INFO ][2016-01-07 15:38:38,546][com.java.SeleniumDriver] [  857] - Datavalue is----------null
[DEBUG][2016-01-07 15:38:38,546][com.java.SeleniumDriver] [  875] - Exception: null
[INFO ][2016-01-07 15:38:38,547][com.java.SeleniumDriver] [  881] - DataField : BTNrdoEnableEntity_Enable
[INFO ][2016-01-07 15:38:38,547][com.java.SeleniumDriver] [  883] - DataValue : 
[INFO ][2016-01-07 15:38:38,547][com.java.SeleniumDriver] [  889] - <In Set values of the page>
[INFO ][2016-01-07 15:38:38,547][com.java.SeleniumDriver] [  892] - {Data Fields & Data Values Exist}
[INFO ][2016-01-07 15:38:38,547][com.java.SeleniumDriver] [  894] - --------------------------setting values-----------------------------
[INFO ][2016-01-07 15:38:38,547][com.java.SeleniumDriver] [  897] - Action Type : Click
[INFO ][2016-01-07 15:38:38,547][com.java.TestType] [ 6274] - Field ::BTNrdoEnableEntity_Enable
[INFO ][2016-01-07 15:38:38,547][com.java.TestType] [ 5895] - value = 
[INFO ][2016-01-07 15:38:39,547][com.java.TestType] [ 6390] - BEFORE CLICK
[INFO ][2016-01-07 15:38:40,822][com.java.TestType] [ 6397] - Unable to click the object Enable radio button
[INFO ][2016-01-07 15:38:40,822][com.java.SeleniumDriver] [  906] -  RESULT true
[INFO ][2016-01-07 15:38:40,822][com.java.SeleniumDriver] [ 1112] - ?   P A S S   ?
[INFO ][2016-01-07 15:38:40,822][com.java.SeleniumDriver] [  832] - ------------------------------------------
[INFO ][2016-01-07 15:38:40,822][com.java.SeleniumDriver] [  833] - Test case being Executed: 2
[INFO ][2016-01-07 15:38:40,822][com.java.SeleniumDriver] [  845] - Test step:37
[INFO ][2016-01-07 15:38:40,822][com.java.SeleniumDriver] [  857] - Datavalue is----------null
[DEBUG][2016-01-07 15:38:40,822][com.java.SeleniumDriver] [  875] - Exception: null
[INFO ][2016-01-07 15:38:40,822][com.java.SeleniumDriver] [  881] - DataField : BTNchkProfitCenterAll
[INFO ][2016-01-07 15:38:40,822][com.java.SeleniumDriver] [  883] - DataValue : 
[INFO ][2016-01-07 15:38:40,823][com.java.SeleniumDriver] [  889] - <In Set values of the page>
[INFO ][2016-01-07 15:38:40,823][com.java.SeleniumDriver] [  892] - {Data Fields & Data Values Exist}
[INFO ][2016-01-07 15:38:40,823][com.java.SeleniumDriver] [  894] - --------------------------setting values-----------------------------
[INFO ][2016-01-07 15:38:40,823][com.java.SeleniumDriver] [  897] - Action Type : Click
[INFO ][2016-01-07 15:38:40,823][com.java.TestType] [ 6274] - Field ::BTNchkProfitCenterAll
[INFO ][2016-01-07 15:38:40,823][com.java.TestType] [ 5895] - value = 
[INFO ][2016-01-07 15:38:41,823][com.java.TestType] [ 6390] - BEFORE CLICK
[INFO ][2016-01-07 15:38:43,165][com.java.TestType] [ 6397] - Unable to click the object All Check box
[INFO ][2016-01-07 15:38:43,165][com.java.SeleniumDriver] [  906] -  RESULT true
[INFO ][2016-01-07 15:38:43,165][com.java.SeleniumDriver] [ 1112] - ?   P A S S   ?
[INFO ][2016-01-07 15:38:43,165][com.java.SeleniumDriver] [  832] - ------------------------------------------
[INFO ][2016-01-07 15:38:43,165][com.java.SeleniumDriver] [  833] - Test case being Executed: 2
[INFO ][2016-01-07 15:38:43,165][com.java.SeleniumDriver] [  845] - Test step:38
[INFO ][2016-01-07 15:38:43,165][com.java.SeleniumDriver] [  857] - Datavalue is----------null
[DEBUG][2016-01-07 15:38:43,165][com.java.SeleniumDriver] [  875] - Exception: null
[INFO ][2016-01-07 15:38:43,165][com.java.SeleniumDriver] [  881] - DataField : BTNchkPrivsAccessGL
[INFO ][2016-01-07 15:38:43,165][com.java.SeleniumDriver] [  883] - DataValue : 
[INFO ][2016-01-07 15:38:43,165][com.java.SeleniumDriver] [  889] - <In Set values of the page>
[INFO ][2016-01-07 15:38:43,165][com.java.SeleniumDriver] [  892] - {Data Fields & Data Values Exist}
[INFO ][2016-01-07 15:38:43,166][com.java.SeleniumDriver] [  894] - --------------------------setting values-----------------------------
[INFO ][2016-01-07 15:38:43,166][com.java.SeleniumDriver] [  897] - Action Type : Click
[INFO ][2016-01-07 15:38:43,166][com.java.TestType] [ 6274] - Field ::BTNchkPrivsAccessGL
[INFO ][2016-01-07 15:38:43,166][com.java.TestType] [ 5895] - value = 
[INFO ][2016-01-07 15:38:44,166][com.java.TestType] [ 6390] - BEFORE CLICK
[INFO ][2016-01-07 15:38:45,419][com.java.TestType] [ 6397] - Unable to click the object GL check box
[INFO ][2016-01-07 15:38:45,419][com.java.SeleniumDriver] [  906] -  RESULT true
[INFO ][2016-01-07 15:38:45,419][com.java.SeleniumDriver] [ 1112] - ?   P A S S   ?
[INFO ][2016-01-07 15:38:45,419][com.java.SeleniumDriver] [  832] - ------------------------------------------
[INFO ][2016-01-07 15:38:45,419][com.java.SeleniumDriver] [  833] - Test case being Executed: 2
[INFO ][2016-01-07 15:38:45,419][com.java.SeleniumDriver] [  845] - Test step:39
[INFO ][2016-01-07 15:38:45,419][com.java.SeleniumDriver] [  857] - Datavalue is----------null
[DEBUG][2016-01-07 15:38:45,419][com.java.SeleniumDriver] [  875] - Exception: null
[INFO ][2016-01-07 15:38:45,419][com.java.SeleniumDriver] [  881] - DataField : BTNparent
[INFO ][2016-01-07 15:38:45,419][com.java.SeleniumDriver] [  883] - DataValue : 
[INFO ][2016-01-07 15:38:45,420][com.java.SeleniumDriver] [  889] - <In Set values of the page>
[INFO ][2016-01-07 15:38:45,420][com.java.SeleniumDriver] [  892] - {Data Fields & Data Values Exist}
[INFO ][2016-01-07 15:38:45,420][com.java.SeleniumDriver] [  894] - --------------------------setting values-----------------------------
[INFO ][2016-01-07 15:38:45,420][com.java.SeleniumDriver] [  897] - Action Type : SelectFrame
[INFO ][2016-01-07 15:38:45,435][com.java.SeleniumDriver] [  906] -  RESULT true
[INFO ][2016-01-07 15:38:45,435][com.java.SeleniumDriver] [ 1112] - ?   P A S S   ?
[INFO ][2016-01-07 15:38:45,435][com.java.SeleniumDriver] [  832] - ------------------------------------------
[INFO ][2016-01-07 15:38:45,435][com.java.SeleniumDriver] [  833] - Test case being Executed: 2
[INFO ][2016-01-07 15:38:45,435][com.java.SeleniumDriver] [  845] - Test step:40
[INFO ][2016-01-07 15:38:45,435][com.java.SeleniumDriver] [  857] - Datavalue is----------5
[INFO ][2016-01-07 15:38:45,435][com.java.SeleniumDriver] [  881] - DataField : test
[INFO ][2016-01-07 15:38:45,435][com.java.SeleniumDriver] [  883] - DataValue : 5
[INFO ][2016-01-07 15:38:45,435][com.java.SeleniumDriver] [  889] - <In Set values of the page>
[INFO ][2016-01-07 15:38:45,435][com.java.SeleniumDriver] [  892] - {Data Fields & Data Values Exist}
[INFO ][2016-01-07 15:38:45,436][com.java.SeleniumDriver] [  894] - --------------------------setting values-----------------------------
[INFO ][2016-01-07 15:38:45,436][com.java.SeleniumDriver] [  897] - Action Type : WaitTime
[DEBUG][2016-01-07 15:38:45,436][com.java.TestType] [ 5715] - sleepTime: 5000
[INFO ][2016-01-07 15:38:50,436][com.java.SeleniumDriver] [  906] -  RESULT true
[INFO ][2016-01-07 15:38:50,436][com.java.SeleniumDriver] [ 1112] - ?   P A S S   ?
[INFO ][2016-01-07 15:38:50,436][com.java.SeleniumDriver] [  832] - ------------------------------------------
[INFO ][2016-01-07 15:38:50,436][com.java.SeleniumDriver] [  833] - Test case being Executed: 2
[INFO ][2016-01-07 15:38:50,436][com.java.SeleniumDriver] [  845] - Test step:41
[INFO ][2016-01-07 15:38:50,436][com.java.SeleniumDriver] [  857] - Datavalue is----------null
[DEBUG][2016-01-07 15:38:50,436][com.java.SeleniumDriver] [  875] - Exception: null
[INFO ][2016-01-07 15:38:50,436][com.java.SeleniumDriver] [  881] - DataField : XPH//span[contains(text(), 'Finished')]
[INFO ][2016-01-07 15:38:50,436][com.java.SeleniumDriver] [  883] - DataValue : 
[INFO ][2016-01-07 15:38:50,436][com.java.SeleniumDriver] [  889] - <In Set values of the page>
[INFO ][2016-01-07 15:38:50,436][com.java.SeleniumDriver] [  892] - {Data Fields & Data Values Exist}
[INFO ][2016-01-07 15:38:50,436][com.java.SeleniumDriver] [  894] - --------------------------setting values-----------------------------
[INFO ][2016-01-07 15:38:50,437][com.java.SeleniumDriver] [  897] - Action Type : Click
[INFO ][2016-01-07 15:38:50,437][com.java.TestType] [ 6274] - Field ::XPH//span[contains(text(), 'Finished')]
[INFO ][2016-01-07 15:38:50,437][com.java.TestType] [ 5895] - value = 
[INFO ][2016-01-07 15:38:51,437][com.java.TestType] [ 6411] - BEFORE CLICK
[INFO ][2016-01-07 15:38:54,139][com.java.TestType] [ 6419] - Unable to click the object Finished button
[INFO ][2016-01-07 15:38:54,139][com.java.SeleniumDriver] [  906] -  RESULT true
[INFO ][2016-01-07 15:38:54,139][com.java.SeleniumDriver] [ 1112] - ?   P A S S   ?
[INFO ][2016-01-07 15:38:54,139][com.java.SeleniumDriver] [  832] - ------------------------------------------
[INFO ][2016-01-07 15:38:54,139][com.java.SeleniumDriver] [  833] - Test case being Executed: 2
[INFO ][2016-01-07 15:38:54,139][com.java.SeleniumDriver] [  845] - Test step:42
[INFO ][2016-01-07 15:38:54,139][com.java.SeleniumDriver] [  857] - Datavalue is----------5
[INFO ][2016-01-07 15:38:54,139][com.java.SeleniumDriver] [  881] - DataField : BTNframeDialogContent
[INFO ][2016-01-07 15:38:54,141][com.java.SeleniumDriver] [  883] - DataValue : 5
[INFO ][2016-01-07 15:38:54,141][com.java.SeleniumDriver] [  889] - <In Set values of the page>
[INFO ][2016-01-07 15:38:54,141][com.java.SeleniumDriver] [  892] - {Data Fields & Data Values Exist}
[INFO ][2016-01-07 15:38:54,141][com.java.SeleniumDriver] [  894] - --------------------------setting values-----------------------------
[INFO ][2016-01-07 15:38:54,141][com.java.SeleniumDriver] [  897] - Action Type : WaitForElement
[INFO ][2016-01-07 15:38:55,359][com.java.SeleniumDriver] [  906] -  RESULT true
[INFO ][2016-01-07 15:38:55,359][com.java.SeleniumDriver] [ 1112] - ?   P A S S   ?
[INFO ][2016-01-07 15:38:55,359][com.java.SeleniumDriver] [  832] - ------------------------------------------
[INFO ][2016-01-07 15:38:55,359][com.java.SeleniumDriver] [  833] - Test case being Executed: 2
[INFO ][2016-01-07 15:38:55,359][com.java.SeleniumDriver] [  845] - Test step:43
[INFO ][2016-01-07 15:38:55,359][com.java.SeleniumDriver] [  857] - Datavalue is----------null
[DEBUG][2016-01-07 15:38:55,360][com.java.SeleniumDriver] [  875] - Exception: null
[INFO ][2016-01-07 15:38:55,360][com.java.SeleniumDriver] [  881] - DataField : BTNframeDialogContent
[INFO ][2016-01-07 15:38:55,360][com.java.SeleniumDriver] [  883] - DataValue : 
[INFO ][2016-01-07 15:38:55,360][com.java.SeleniumDriver] [  889] - <In Set values of the page>
[INFO ][2016-01-07 15:38:55,360][com.java.SeleniumDriver] [  892] - {Data Fields & Data Values Exist}
[INFO ][2016-01-07 15:38:55,360][com.java.SeleniumDriver] [  894] - --------------------------setting values-----------------------------
[INFO ][2016-01-07 15:38:55,360][com.java.SeleniumDriver] [  897] - Action Type : SelectFrame
[INFO ][2016-01-07 15:38:56,629][com.java.SeleniumDriver] [  906] -  RESULT true
[INFO ][2016-01-07 15:38:56,629][com.java.SeleniumDriver] [ 1112] - ?   P A S S   ?
[INFO ][2016-01-07 15:38:56,629][com.java.SeleniumDriver] [  832] - ------------------------------------------
[INFO ][2016-01-07 15:38:56,629][com.java.SeleniumDriver] [  833] - Test case being Executed: 2
[INFO ][2016-01-07 15:38:56,629][com.java.SeleniumDriver] [  845] - Test step:44
[INFO ][2016-01-07 15:38:56,629][com.java.SeleniumDriver] [  857] - Datavalue is----------null
[DEBUG][2016-01-07 15:38:56,629][com.java.SeleniumDriver] [  875] - Exception: null
[INFO ][2016-01-07 15:38:56,629][com.java.SeleniumDriver] [  881] - DataField : XPH//table[@id="tblUserListing"]//td[contains(text(),'vltest.robot')]
[INFO ][2016-01-07 15:38:56,630][com.java.SeleniumDriver] [  883] - DataValue : 
[INFO ][2016-01-07 15:38:56,630][com.java.SeleniumDriver] [  889] - <In Set values of the page>
[INFO ][2016-01-07 15:38:56,630][com.java.SeleniumDriver] [  892] - {Data Fields & Data Values Exist}
[INFO ][2016-01-07 15:38:56,630][com.java.SeleniumDriver] [  894] - --------------------------setting values-----------------------------
[INFO ][2016-01-07 15:38:56,630][com.java.SeleniumDriver] [  897] - Action Type : WaitForElement
[INFO ][2016-01-07 15:38:56,665][com.java.SeleniumDriver] [  906] -  RESULT true
[INFO ][2016-01-07 15:38:56,665][com.java.SeleniumDriver] [ 1112] - ?   P A S S   ?
[INFO ][2016-01-07 15:38:56,665][com.java.SeleniumDriver] [  832] - ------------------------------------------
[INFO ][2016-01-07 15:38:56,666][com.java.SeleniumDriver] [  833] - Test case being Executed: 2
[INFO ][2016-01-07 15:38:56,666][com.java.SeleniumDriver] [  845] - Test step:45
[INFO ][2016-01-07 15:38:56,666][com.java.SeleniumDriver] [  857] - Datavalue is----------HMVGivenNewUserName
[INFO ][2016-01-07 15:38:56,666][com.java.SeleniumDriver] [  881] - DataField : USR
[INFO ][2016-01-07 15:38:56,666][com.java.SeleniumDriver] [  883] - DataValue : HMVGivenNewUserName
[INFO ][2016-01-07 15:38:56,666][com.java.SeleniumDriver] [  889] - <In Set values of the page>
[INFO ][2016-01-07 15:38:56,666][com.java.SeleniumDriver] [  892] - {Data Fields & Data Values Exist}
[INFO ][2016-01-07 15:38:56,666][com.java.SeleniumDriver] [  894] - --------------------------setting values-----------------------------
[INFO ][2016-01-07 15:38:56,666][com.java.SeleniumDriver] [  897] - Action Type : Verify
[INFO ][2016-01-07 15:38:56,666][com.java.TestType] [ 7269] - field= USR value= HMVGivenNewUserName
[INFO ][2016-01-07 15:38:56,666][com.java.TestType] [ 5895] - value = vltest.robot20749
[INFO ][2016-01-07 15:38:56,718][com.java.SeleniumDriver] [  906] -  RESULT true
[INFO ][2016-01-07 15:38:56,718][com.java.SeleniumDriver] [ 1112] - ?   P A S S   ?
[INFO ][2016-01-07 15:38:56,718][com.java.SeleniumDriver] [  832] - ------------------------------------------
[INFO ][2016-01-07 15:38:56,718][com.java.SeleniumDriver] [  833] - Test case being Executed: 2
[INFO ][2016-01-07 15:38:56,718][com.java.SeleniumDriver] [  845] - Test step:46
[INFO ][2016-01-07 15:38:56,718][com.java.SeleniumDriver] [  857] - Datavalue is----------GivenNewUserName::Login_username
[INFO ][2016-01-07 15:38:56,719][com.java.SeleniumDriver] [  881] - DataField : PVP//table[@id="tblUserListing"]//td[contains(text(),'mytext')]
[INFO ][2016-01-07 15:38:56,719][com.java.SeleniumDriver] [  883] - DataValue : GivenNewUserName::Login_username
[INFO ][2016-01-07 15:38:56,719][com.java.SeleniumDriver] [  889] - <In Set values of the page>
[INFO ][2016-01-07 15:38:56,719][com.java.SeleniumDriver] [  892] - {Data Fields & Data Values Exist}
[INFO ][2016-01-07 15:38:56,719][com.java.SeleniumDriver] [  894] - --------------------------setting values-----------------------------
[INFO ][2016-01-07 15:38:56,719][com.java.SeleniumDriver] [  897] - Action Type : STOREVALUE
[INFO ][2016-01-07 15:38:56,719][com.java.TestType] [ 8612] - field= PVP//table[@id="tblUserListing"]//td[contains(text(),'mytext')]
[DEBUG][2016-01-07 15:38:56,818][com.java.TestType] [ 8903] - Key:: GivenNewUserName::Login_username  Value:: vltest.robot20749.15310
[INFO ][2016-01-07 15:38:56,818][com.java.SeleniumDriver] [  906] -  RESULT true
[INFO ][2016-01-07 15:38:56,818][com.java.SeleniumDriver] [ 1112] - ?   P A S S   ?
[INFO ][2016-01-07 15:38:56,818][com.java.SeleniumDriver] [  832] - ------------------------------------------
[INFO ][2016-01-07 15:38:56,818][com.java.SeleniumDriver] [  833] - Test case being Executed: 2
[INFO ][2016-01-07 15:38:56,818][com.java.SeleniumDriver] [  845] - Test step:47
[INFO ][2016-01-07 15:38:56,818][com.java.SeleniumDriver] [  857] - Datavalue is----------10
[INFO ][2016-01-07 15:38:56,818][com.java.SeleniumDriver] [  881] - DataField : test
[INFO ][2016-01-07 15:38:56,818][com.java.SeleniumDriver] [  883] - DataValue : 10
[INFO ][2016-01-07 15:38:56,820][com.java.SeleniumDriver] [  889] - <In Set values of the page>
[INFO ][2016-01-07 15:38:56,820][com.java.SeleniumDriver] [  892] - {Data Fields & Data Values Exist}
[INFO ][2016-01-07 15:38:56,820][com.java.SeleniumDriver] [  894] - --------------------------setting values-----------------------------
[INFO ][2016-01-07 15:38:56,820][com.java.SeleniumDriver] [  897] - Action Type : WaitTime
[DEBUG][2016-01-07 15:38:56,820][com.java.TestType] [ 5715] - sleepTime: 10000
[INFO ][2016-01-07 15:39:06,820][com.java.SeleniumDriver] [  906] -  RESULT true
[INFO ][2016-01-07 15:39:06,820][com.java.SeleniumDriver] [ 1112] - ?   P A S S   ?
[INFO ][2016-01-07 15:39:06,820][com.java.SeleniumDriver] [  832] - ------------------------------------------
[INFO ][2016-01-07 15:39:06,820][com.java.SeleniumDriver] [  833] - Test case being Executed: 2
[INFO ][2016-01-07 15:39:06,820][com.java.SeleniumDriver] [  845] - Test step:48
[INFO ][2016-01-07 15:39:06,820][com.java.SeleniumDriver] [  857] - Datavalue is----------Login_username
[INFO ][2016-01-07 15:39:06,820][com.java.SeleniumDriver] [  881] - DataField : MNC//div[@id="divUserListing"]//td//a[@id='modifyUser.mytext']
[INFO ][2016-01-07 15:39:06,820][com.java.SeleniumDriver] [  883] - DataValue : Login_username
[INFO ][2016-01-07 15:39:06,820][com.java.SeleniumDriver] [  889] - <In Set values of the page>
[INFO ][2016-01-07 15:39:06,820][com.java.SeleniumDriver] [  892] - {Data Fields & Data Values Exist}
[INFO ][2016-01-07 15:39:06,820][com.java.SeleniumDriver] [  894] - --------------------------setting values-----------------------------
[INFO ][2016-01-07 15:39:06,820][com.java.SeleniumDriver] [  897] - Action Type : Click
[INFO ][2016-01-07 15:39:06,821][com.java.TestType] [ 6274] - Field ::MNC//div[@id="divUserListing"]//td//a[@id='modifyUser.mytext']
[INFO ][2016-01-07 15:39:06,821][com.java.TestType] [ 5895] - value = Login_username
[INFO ][2016-01-07 15:39:08,128][com.java.SeleniumDriver] [  906] -  RESULT true
[INFO ][2016-01-07 15:39:08,128][com.java.SeleniumDriver] [ 1112] - ?   P A S S   ?
[INFO ][2016-01-07 15:39:08,128][com.java.SeleniumDriver] [  832] - ------------------------------------------
[INFO ][2016-01-07 15:39:08,128][com.java.SeleniumDriver] [  833] - Test case being Executed: 2
[INFO ][2016-01-07 15:39:08,128][com.java.SeleniumDriver] [  845] - Test step:49
[INFO ][2016-01-07 15:39:08,128][com.java.SeleniumDriver] [  857] - Datavalue is----------2
[INFO ][2016-01-07 15:39:08,128][com.java.SeleniumDriver] [  881] - DataField : BTNtxtFirstName
[INFO ][2016-01-07 15:39:08,128][com.java.SeleniumDriver] [  883] - DataValue : 2
[INFO ][2016-01-07 15:39:08,128][com.java.SeleniumDriver] [  889] - <In Set values of the page>
[INFO ][2016-01-07 15:39:08,128][com.java.SeleniumDriver] [  892] - {Data Fields & Data Values Exist}
[INFO ][2016-01-07 15:39:08,129][com.java.SeleniumDriver] [  894] - --------------------------setting values-----------------------------
[INFO ][2016-01-07 15:39:08,129][com.java.SeleniumDriver] [  897] - Action Type : WaitForElement
[INFO ][2016-01-07 15:39:09,590][com.java.SeleniumDriver] [  906] -  RESULT true
[INFO ][2016-01-07 15:39:09,590][com.java.SeleniumDriver] [ 1112] - ?   P A S S   ?
[INFO ][2016-01-07 15:39:09,590][com.java.SeleniumDriver] [  832] - ------------------------------------------
[INFO ][2016-01-07 15:39:09,590][com.java.SeleniumDriver] [  833] - Test case being Executed: 2
[INFO ][2016-01-07 15:39:09,590][com.java.SeleniumDriver] [  845] - Test step:50
[INFO ][2016-01-07 15:39:09,590][com.java.SeleniumDriver] [  857] - Datavalue is----------dt:ResetNewPswd
[INFO ][2016-01-07 15:39:09,591][com.java.SeleniumDriver] [  881] - DataField : TXTtxtPassword
[INFO ][2016-01-07 15:39:09,591][com.java.SeleniumDriver] [  883] - DataValue : dt:ResetNewPswd
[INFO ][2016-01-07 15:39:09,591][com.java.SeleniumDriver] [  889] - <In Set values of the page>
[INFO ][2016-01-07 15:39:09,591][com.java.SeleniumDriver] [  892] - {Data Fields & Data Values Exist}
[INFO ][2016-01-07 15:39:09,591][com.java.SeleniumDriver] [  894] - --------------------------setting values-----------------------------
[INFO ][2016-01-07 15:39:09,591][com.java.SeleniumDriver] [  897] - Action Type : CLEARANDENTER
[INFO ][2016-01-07 15:39:09,591][com.java.TestType] [ 5895] - value = Password#1
[INFO ][2016-01-07 15:39:12,232][com.java.SeleniumDriver] [  906] -  RESULT true
[INFO ][2016-01-07 15:39:12,232][com.java.SeleniumDriver] [ 1112] - ?   P A S S   ?
[INFO ][2016-01-07 15:39:12,232][com.java.SeleniumDriver] [  832] - ------------------------------------------
[INFO ][2016-01-07 15:39:12,232][com.java.SeleniumDriver] [  833] - Test case being Executed: 2
[INFO ][2016-01-07 15:39:12,232][com.java.SeleniumDriver] [  845] - Test step:51
[INFO ][2016-01-07 15:39:12,232][com.java.SeleniumDriver] [  857] - Datavalue is----------5
[INFO ][2016-01-07 15:39:12,232][com.java.SeleniumDriver] [  881] - DataField : TXTtxtPasswordConfirm
[INFO ][2016-01-07 15:39:12,232][com.java.SeleniumDriver] [  883] - DataValue : 5
[INFO ][2016-01-07 15:39:12,232][com.java.SeleniumDriver] [  889] - <In Set values of the page>
[INFO ][2016-01-07 15:39:12,233][com.java.SeleniumDriver] [  892] - {Data Fields & Data Values Exist}
[INFO ][2016-01-07 15:39:12,233][com.java.SeleniumDriver] [  894] - --------------------------setting values-----------------------------
[INFO ][2016-01-07 15:39:12,233][com.java.SeleniumDriver] [  897] - Action Type : WaitForElement
[INFO ][2016-01-07 15:39:13,343][com.java.SeleniumDriver] [  906] -  RESULT true
[INFO ][2016-01-07 15:39:13,344][com.java.SeleniumDriver] [ 1112] - ?   P A S S   ?
[INFO ][2016-01-07 15:39:13,344][com.java.SeleniumDriver] [  832] - ------------------------------------------
[INFO ][2016-01-07 15:39:13,344][com.java.SeleniumDriver] [  833] - Test case being Executed: 2
[INFO ][2016-01-07 15:39:13,344][com.java.SeleniumDriver] [  845] - Test step:52
[INFO ][2016-01-07 15:39:13,344][com.java.SeleniumDriver] [  857] - Datavalue is----------dt:ResetNewPswd
[INFO ][2016-01-07 15:39:13,344][com.java.SeleniumDriver] [  881] - DataField : TXTtxtPasswordConfirm
[INFO ][2016-01-07 15:39:13,344][com.java.SeleniumDriver] [  883] - DataValue : dt:ResetNewPswd
[INFO ][2016-01-07 15:39:13,344][com.java.SeleniumDriver] [  889] - <In Set values of the page>
[INFO ][2016-01-07 15:39:13,344][com.java.SeleniumDriver] [  892] - {Data Fields & Data Values Exist}
[INFO ][2016-01-07 15:39:13,344][com.java.SeleniumDriver] [  894] - --------------------------setting values-----------------------------
[INFO ][2016-01-07 15:39:13,344][com.java.SeleniumDriver] [  897] - Action Type : CLEARANDENTER
[INFO ][2016-01-07 15:39:13,344][com.java.TestType] [ 5895] - value = Password#1
[INFO ][2016-01-07 15:39:15,979][com.java.SeleniumDriver] [  906] -  RESULT true
[INFO ][2016-01-07 15:39:15,979][com.java.SeleniumDriver] [ 1112] - ?   P A S S   ?
[INFO ][2016-01-07 15:39:15,979][com.java.SeleniumDriver] [  832] - ------------------------------------------
[INFO ][2016-01-07 15:39:15,979][com.java.SeleniumDriver] [  833] - Test case being Executed: 2
[INFO ][2016-01-07 15:39:15,979][com.java.SeleniumDriver] [  845] - Test step:53
[INFO ][2016-01-07 15:39:15,979][com.java.SeleniumDriver] [  857] - Datavalue is----------5
[INFO ][2016-01-07 15:39:15,979][com.java.SeleniumDriver] [  881] - DataField : test
[INFO ][2016-01-07 15:39:15,979][com.java.SeleniumDriver] [  883] - DataValue : 5
[INFO ][2016-01-07 15:39:15,979][com.java.SeleniumDriver] [  889] - <In Set values of the page>
[INFO ][2016-01-07 15:39:15,980][com.java.SeleniumDriver] [  892] - {Data Fields & Data Values Exist}
[INFO ][2016-01-07 15:39:15,980][com.java.SeleniumDriver] [  894] - --------------------------setting values-----------------------------
[INFO ][2016-01-07 15:39:15,980][com.java.SeleniumDriver] [  897] - Action Type : WaitTime
[DEBUG][2016-01-07 15:39:15,980][com.java.TestType] [ 5715] - sleepTime: 5000
[INFO ][2016-01-07 15:39:20,980][com.java.SeleniumDriver] [  906] -  RESULT true
[INFO ][2016-01-07 15:39:20,980][com.java.SeleniumDriver] [ 1112] - ?   P A S S   ?
[INFO ][2016-01-07 15:39:20,980][com.java.SeleniumDriver] [  832] - ------------------------------------------
[INFO ][2016-01-07 15:39:20,980][com.java.SeleniumDriver] [  833] - Test case being Executed: 2
[INFO ][2016-01-07 15:39:20,980][com.java.SeleniumDriver] [  845] - Test step:54
[INFO ][2016-01-07 15:39:20,980][com.java.SeleniumDriver] [  857] - Datavalue is----------null
[DEBUG][2016-01-07 15:39:20,980][com.java.SeleniumDriver] [  875] - Exception: null
[INFO ][2016-01-07 15:39:20,980][com.java.SeleniumDriver] [  881] - DataField : BTNrdoResendYes
[INFO ][2016-01-07 15:39:20,980][com.java.SeleniumDriver] [  883] - DataValue : 
[INFO ][2016-01-07 15:39:20,980][com.java.SeleniumDriver] [  889] - <In Set values of the page>
[INFO ][2016-01-07 15:39:20,980][com.java.SeleniumDriver] [  892] - {Data Fields & Data Values Exist}
[INFO ][2016-01-07 15:39:20,980][com.java.SeleniumDriver] [  894] - --------------------------setting values-----------------------------
[INFO ][2016-01-07 15:39:20,981][com.java.SeleniumDriver] [  897] - Action Type : Click
[INFO ][2016-01-07 15:39:20,981][com.java.TestType] [ 6274] - Field ::BTNrdoResendYes
[INFO ][2016-01-07 15:39:20,981][com.java.TestType] [ 5895] - value = 
[INFO ][2016-01-07 15:39:21,981][com.java.TestType] [ 6390] - BEFORE CLICK
[INFO ][2016-01-07 15:39:23,245][com.java.TestType] [ 6397] - Unable to click the object Yes Radio button
[INFO ][2016-01-07 15:39:23,245][com.java.SeleniumDriver] [  906] -  RESULT true
[INFO ][2016-01-07 15:39:23,245][com.java.SeleniumDriver] [ 1112] - ?   P A S S   ?
[INFO ][2016-01-07 15:39:23,245][com.java.SeleniumDriver] [  832] - ------------------------------------------
[INFO ][2016-01-07 15:39:23,245][com.java.SeleniumDriver] [  833] - Test case being Executed: 2
[INFO ][2016-01-07 15:39:23,245][com.java.SeleniumDriver] [  845] - Test step:55
[INFO ][2016-01-07 15:39:23,245][com.java.SeleniumDriver] [  857] - Datavalue is----------null
[DEBUG][2016-01-07 15:39:23,245][com.java.SeleniumDriver] [  875] - Exception: null
[INFO ][2016-01-07 15:39:23,246][com.java.SeleniumDriver] [  881] - DataField : BTNparent
[INFO ][2016-01-07 15:39:23,246][com.java.SeleniumDriver] [  883] - DataValue : 
[INFO ][2016-01-07 15:39:23,246][com.java.SeleniumDriver] [  889] - <In Set values of the page>
[INFO ][2016-01-07 15:39:23,246][com.java.SeleniumDriver] [  892] - {Data Fields & Data Values Exist}
[INFO ][2016-01-07 15:39:23,246][com.java.SeleniumDriver] [  894] - --------------------------setting values-----------------------------
[INFO ][2016-01-07 15:39:23,246][com.java.SeleniumDriver] [  897] - Action Type : SelectFrame
[INFO ][2016-01-07 15:39:23,261][com.java.SeleniumDriver] [  906] -  RESULT true
[INFO ][2016-01-07 15:39:23,261][com.java.SeleniumDriver] [ 1112] - ?   P A S S   ?
[INFO ][2016-01-07 15:39:23,261][com.java.SeleniumDriver] [  832] - ------------------------------------------
[INFO ][2016-01-07 15:39:23,261][com.java.SeleniumDriver] [  833] - Test case being Executed: 2
[INFO ][2016-01-07 15:39:23,261][com.java.SeleniumDriver] [  845] - Test step:56
[INFO ][2016-01-07 15:39:23,261][com.java.SeleniumDriver] [  857] - Datavalue is----------null
[DEBUG][2016-01-07 15:39:23,262][com.java.SeleniumDriver] [  875] - Exception: null
[INFO ][2016-01-07 15:39:23,262][com.java.SeleniumDriver] [  881] - DataField : XPH//span[contains(text(), 'Finished')]
[INFO ][2016-01-07 15:39:23,262][com.java.SeleniumDriver] [  883] - DataValue : 
[INFO ][2016-01-07 15:39:23,262][com.java.SeleniumDriver] [  889] - <In Set values of the page>
[INFO ][2016-01-07 15:39:23,262][com.java.SeleniumDriver] [  892] - {Data Fields & Data Values Exist}
[INFO ][2016-01-07 15:39:23,262][com.java.SeleniumDriver] [  894] - --------------------------setting values-----------------------------
[INFO ][2016-01-07 15:39:23,262][com.java.SeleniumDriver] [  897] - Action Type : Click
[INFO ][2016-01-07 15:39:23,262][com.java.TestType] [ 6274] - Field ::XPH//span[contains(text(), 'Finished')]
[INFO ][2016-01-07 15:39:23,262][com.java.TestType] [ 5895] - value = 
[INFO ][2016-01-07 15:39:24,262][com.java.TestType] [ 6411] - BEFORE CLICK
[INFO ][2016-01-07 15:39:25,159][com.java.TestType] [ 6419] - Unable to click the object Finished button
[INFO ][2016-01-07 15:39:25,159][com.java.SeleniumDriver] [  906] -  RESULT true
[INFO ][2016-01-07 15:39:25,159][com.java.SeleniumDriver] [ 1112] - ?   P A S S   ?
[INFO ][2016-01-07 15:39:25,159][com.java.SeleniumDriver] [  832] - ------------------------------------------
[INFO ][2016-01-07 15:39:25,159][com.java.SeleniumDriver] [  833] - Test case being Executed: 2
[INFO ][2016-01-07 15:39:25,159][com.java.SeleniumDriver] [  845] - Test step:57
[INFO ][2016-01-07 15:39:25,159][com.java.SeleniumDriver] [  857] - Datavalue is----------10
[INFO ][2016-01-07 15:39:25,159][com.java.SeleniumDriver] [  881] - DataField : test
[INFO ][2016-01-07 15:39:25,159][com.java.SeleniumDriver] [  883] - DataValue : 10
[INFO ][2016-01-07 15:39:25,159][com.java.SeleniumDriver] [  889] - <In Set values of the page>
[INFO ][2016-01-07 15:39:25,159][com.java.SeleniumDriver] [  892] - {Data Fields & Data Values Exist}
[INFO ][2016-01-07 15:39:25,160][com.java.SeleniumDriver] [  894] - --------------------------setting values-----------------------------
[INFO ][2016-01-07 15:39:25,160][com.java.SeleniumDriver] [  897] - Action Type : WaitTime
[DEBUG][2016-01-07 15:39:25,160][com.java.TestType] [ 5715] - sleepTime: 10000
[INFO ][2016-01-07 15:39:35,161][com.java.SeleniumDriver] [  906] -  RESULT true
[INFO ][2016-01-07 15:39:35,161][com.java.SeleniumDriver] [ 1112] - ?   P A S S   ?
[INFO ][2016-01-07 15:39:35,161][com.java.SeleniumDriver] [  832] - ------------------------------------------
[INFO ][2016-01-07 15:39:35,161][com.java.SeleniumDriver] [  833] - Test case being Executed: 2
[INFO ][2016-01-07 15:39:35,161][com.java.SeleniumDriver] [  845] - Test step:58
[INFO ][2016-01-07 15:39:35,161][com.java.SeleniumDriver] [  857] - Datavalue is----------5
[INFO ][2016-01-07 15:39:35,161][com.java.SeleniumDriver] [  881] - DataField : XPH//span[contains(text(), 'Finished')]
[INFO ][2016-01-07 15:39:35,161][com.java.SeleniumDriver] [  883] - DataValue : 5
[INFO ][2016-01-07 15:39:35,161][com.java.SeleniumDriver] [  889] - <In Set values of the page>
[INFO ][2016-01-07 15:39:35,161][com.java.SeleniumDriver] [  892] - {Data Fields & Data Values Exist}
[INFO ][2016-01-07 15:39:35,161][com.java.SeleniumDriver] [  894] - --------------------------setting values-----------------------------
[INFO ][2016-01-07 15:39:35,161][com.java.SeleniumDriver] [  897] - Action Type : WaitForElement
[INFO ][2016-01-07 15:39:35,207][com.java.SeleniumDriver] [  906] -  RESULT true
[INFO ][2016-01-07 15:39:35,207][com.java.SeleniumDriver] [ 1112] - ?   P A S S   ?
[INFO ][2016-01-07 15:39:35,207][com.java.SeleniumDriver] [  832] - ------------------------------------------
[INFO ][2016-01-07 15:39:35,207][com.java.SeleniumDriver] [  833] - Test case being Executed: 2
[INFO ][2016-01-07 15:39:35,207][com.java.SeleniumDriver] [  845] - Test step:59
[INFO ][2016-01-07 15:39:35,207][com.java.SeleniumDriver] [  857] - Datavalue is----------null
[DEBUG][2016-01-07 15:39:35,208][com.java.SeleniumDriver] [  875] - Exception: null
[INFO ][2016-01-07 15:39:35,208][com.java.SeleniumDriver] [  881] - DataField : XPH//span[contains(text(), 'Finished')]
[INFO ][2016-01-07 15:39:35,208][com.java.SeleniumDriver] [  883] - DataValue : 
[INFO ][2016-01-07 15:39:35,208][com.java.SeleniumDriver] [  889] - <In Set values of the page>
[INFO ][2016-01-07 15:39:35,208][com.java.SeleniumDriver] [  892] - {Data Fields & Data Values Exist}
[INFO ][2016-01-07 15:39:35,208][com.java.SeleniumDriver] [  894] - --------------------------setting values-----------------------------
[INFO ][2016-01-07 15:39:35,208][com.java.SeleniumDriver] [  897] - Action Type : Click
[INFO ][2016-01-07 15:39:35,209][com.java.TestType] [ 6274] - Field ::XPH//span[contains(text(), 'Finished')]
[INFO ][2016-01-07 15:39:35,209][com.java.TestType] [ 5895] - value = 
[INFO ][2016-01-07 15:39:36,209][com.java.TestType] [ 6411] - BEFORE CLICK
[INFO ][2016-01-07 15:39:37,149][com.java.TestType] [ 6419] - Unable to click the object Finished button
[INFO ][2016-01-07 15:39:37,149][com.java.SeleniumDriver] [  906] -  RESULT true
[INFO ][2016-01-07 15:39:37,149][com.java.SeleniumDriver] [ 1112] - ?   P A S S   ?
[INFO ][2016-01-07 15:39:37,149][com.java.SeleniumDriver] [  832] - ------------------------------------------
[INFO ][2016-01-07 15:39:37,149][com.java.SeleniumDriver] [  833] - Test case being Executed: 2
[INFO ][2016-01-07 15:39:37,149][com.java.SeleniumDriver] [  845] - Test step:60
[INFO ][2016-01-07 15:39:37,149][com.java.SeleniumDriver] [  857] - Datavalue is----------10
[INFO ][2016-01-07 15:39:37,149][com.java.SeleniumDriver] [  881] - DataField : XPH//div[contains(text(), 'My Dashboard')]
[INFO ][2016-01-07 15:39:37,149][com.java.SeleniumDriver] [  883] - DataValue : 10
[INFO ][2016-01-07 15:39:37,149][com.java.SeleniumDriver] [  889] - <In Set values of the page>
[INFO ][2016-01-07 15:39:37,149][com.java.SeleniumDriver] [  892] - {Data Fields & Data Values Exist}
[INFO ][2016-01-07 15:39:37,149][com.java.SeleniumDriver] [  894] - --------------------------setting values-----------------------------
[INFO ][2016-01-07 15:39:37,150][com.java.SeleniumDriver] [  897] - Action Type : WAITFORELEMENT
[INFO ][2016-01-07 15:39:37,188][com.java.SeleniumDriver] [  906] -  RESULT true
[INFO ][2016-01-07 15:39:37,188][com.java.SeleniumDriver] [ 1112] - ?   P A S S   ?
[INFO ][2016-01-07 15:39:37,188][com.java.SeleniumDriver] [  832] - ------------------------------------------
[INFO ][2016-01-07 15:39:37,188][com.java.SeleniumDriver] [  833] - Test case being Executed: 2
[INFO ][2016-01-07 15:39:37,188][com.java.SeleniumDriver] [  845] - Test step:61
[INFO ][2016-01-07 15:39:37,188][com.java.SeleniumDriver] [  857] - Datavalue is----------Concept#3:1-2
[INFO ][2016-01-07 15:39:37,188][com.java.SeleniumDriver] [  881] - DataField : test
[INFO ][2016-01-07 15:39:37,189][com.java.SeleniumDriver] [  883] - DataValue : Concept#3:1-2
[INFO ][2016-01-07 15:39:37,189][com.java.SeleniumDriver] [  889] - <In Set values of the page>
[INFO ][2016-01-07 15:39:37,189][com.java.SeleniumDriver] [  892] - {Data Fields & Data Values Exist}
[INFO ][2016-01-07 15:39:37,189][com.java.SeleniumDriver] [  894] - --------------------------setting values-----------------------------
[INFO ][2016-01-07 15:39:37,189][com.java.SeleniumDriver] [  897] - Action Type : ExecuteTestCase
[INFO ][2016-01-07 15:39:37,189][com.java.TestType] [  437] - The Concept sheet name is ---------- Concept
[INFO ][2016-01-07 15:39:37,189][com.java.TestType] [  440] - The Concept ID  is ---------- 3
[DEBUG][2016-01-07 15:39:37,189][com.java.TestType] [  444] - Steps being executted in the Concept are: 1:2
[INFO ][2016-01-07 15:39:37,189][com.java.TestType] [  451] - Test data details path ---------- D:\BankersDashboard\TestInputs\TestData.xls
[INFO ][2016-01-07 15:39:37,216][com.java.TestType] [  482] -  str(1) = 3
[INFO ][2016-01-07 15:39:37,216][com.java.TestType] [  485] - Test case Id is---3
[INFO ][2016-01-07 15:39:37,216][com.java.TestType] [  487] - 3
[INFO ][2016-01-07 15:39:37,217][com.java.TestType] [  482] -  str(2) = 1
[INFO ][2016-01-07 15:39:37,218][com.java.TestType] [  482] -  str(1) = 3
[INFO ][2016-01-07 15:39:37,218][com.java.TestType] [  485] - Test case Id is---3
[INFO ][2016-01-07 15:39:37,218][com.java.TestType] [  487] - 3
[INFO ][2016-01-07 15:39:37,218][com.java.TestType] [  482] -  str(2) = 2
[INFO ][2016-01-07 15:39:37,219][com.java.TestType] [10822] - Looping 1TCID = 3
[DEBUG][2016-01-07 15:39:37,219][com.java.TestType] [10863] - Concept ID:3 :: Step being Executed: 3::1
[INFO ][2016-01-07 15:39:37,219][com.java.TestType] [10901] - dataFields : test
[DEBUG][2016-01-07 15:39:37,220][com.java.TestType] [10907] - <In Set values of the page>
[DEBUG][2016-01-07 15:39:37,220][com.java.TestType] [10912] - {Data Fields & Data Values Exist}
[INFO ][2016-01-07 15:39:37,220][com.java.TestType] [10918] - --------------------------setting values-----------------------------
[INFO ][2016-01-07 15:39:37,220][com.java.TestType] [10921] - Action Type : Logout
[INFO ][2016-01-07 15:39:39,431][com.java.TestType] [ 6274] - Field ::CNF
[INFO ][2016-01-07 15:39:39,431][com.java.TestType] [ 5895] - value = OK
[INFO ][2016-01-07 15:39:40,795][com.java.TestType] [ 6407] - Click the object confirmation
[INFO ][2016-01-07 15:39:40,795][com.java.TestType] [ 6408] - Unable to click the object confirmation
[DEBUG][2016-01-07 15:39:42,683][com.java.SeleniumDriver] [  426] - Hub ip address is-------172.17.68.34
[INFO ][2016-01-07 15:39:42,683][com.java.SeleniumDriver] [  452] - Grid URL:http://172.17.68.34:4444/wd/hub
[INFO ][2016-01-07 15:39:42,683][com.java.SeleniumDriver] [  453] - Capability:Capabilities [{platform=ANY, ensureCleanSession=true, ignoreProtectedModeSettings=true, acceptSslCerts=true, ignoreZoomSetting=true, browserName=internet explorer, browserstack.ie.noFlash=true, version=null}]
[ERROR][2016-01-07 15:39:43,687][com.java.SeleniumDriver] [  498] - Unable invoke browser in grid:Could not start a new session. Possible causes are invalid address of the remote server or browser start-up failure.
Build info: version: '2.48.2', revision: '41bccdd', time: '2015-10-09 19:59:12'
System info: host: 'FVTIII438F1D', ip: '172.17.68.34', os.name: 'Windows 7', os.arch: 'x86', os.version: '6.1', java.version: '1.7.0_55'
Driver info: driver.version: SeleniumDriver
[INFO ][2016-01-07 15:39:43,687][com.java.SeleniumDriver] [  500] - Executing on local machine
[INFO ][2016-01-07 15:39:54,462][com.java.TestType] [10940] -  RESULT true
[INFO ][2016-01-07 15:39:54,462][com.java.TestType] [11057] - ?   P A S S   ?
[DEBUG][2016-01-07 15:39:54,462][com.java.TestType] [10863] - Concept ID:3 :: Step being Executed: 3::2
[INFO ][2016-01-07 15:39:54,462][com.java.TestType] [10901] - dataFields : test
[DEBUG][2016-01-07 15:39:54,462][com.java.TestType] [10907] - <In Set values of the page>
[DEBUG][2016-01-07 15:39:54,462][com.java.TestType] [10912] - {Data Fields & Data Values Exist}
[INFO ][2016-01-07 15:39:54,463][com.java.TestType] [10918] - --------------------------setting values-----------------------------
[INFO ][2016-01-07 15:39:54,463][com.java.TestType] [10921] - Action Type : WaitTime
[DEBUG][2016-01-07 15:39:54,463][com.java.TestType] [ 5715] - sleepTime: 2000
[INFO ][2016-01-07 15:39:56,463][com.java.TestType] [10940] -  RESULT true
[INFO ][2016-01-07 15:39:56,463][com.java.TestType] [11057] - ?   P A S S   ?
[INFO ][2016-01-07 15:39:56,463][com.java.TestType] [11128] - Looping End......
[INFO ][2016-01-07 15:39:56,466][com.java.SeleniumDriver] [  906] -  RESULT true
[INFO ][2016-01-07 15:39:56,467][com.java.SeleniumDriver] [ 1112] - ?   P A S S   ?
[INFO ][2016-01-07 15:39:56,467][com.java.SeleniumDriver] [  832] - ------------------------------------------
[INFO ][2016-01-07 15:39:56,467][com.java.SeleniumDriver] [  833] - Test case being Executed: 2
[INFO ][2016-01-07 15:39:56,467][com.java.SeleniumDriver] [  845] - Test step:62
[INFO ][2016-01-07 15:39:56,467][com.java.SeleniumDriver] [  857] - Datavalue is----------dt:HTTPSURL
[INFO ][2016-01-07 15:39:56,467][com.java.SeleniumDriver] [  881] - DataField : test
[INFO ][2016-01-07 15:39:56,467][com.java.SeleniumDriver] [  883] - DataValue : dt:HTTPSURL
[INFO ][2016-01-07 15:39:56,467][com.java.SeleniumDriver] [  889] - <In Set values of the page>
[INFO ][2016-01-07 15:39:56,467][com.java.SeleniumDriver] [  892] - {Data Fields & Data Values Exist}
[INFO ][2016-01-07 15:39:56,467][com.java.SeleniumDriver] [  894] - --------------------------setting values-----------------------------
[INFO ][2016-01-07 15:39:56,467][com.java.SeleniumDriver] [  897] - Action Type : OpenURL
[INFO ][2016-01-07 15:39:56,467][com.java.TestType] [ 5895] - value = https://clients-xuat.bankersdashboard.com
[INFO ][2016-01-07 15:39:56,468][com.java.TestType] [  353] - Open URL : https://clients-xuat.bankersdashboard.com
[INFO ][2016-01-07 15:39:57,296][com.java.SeleniumDriver] [  906] -  RESULT true
[INFO ][2016-01-07 15:39:57,296][com.java.SeleniumDriver] [ 1112] - ?   P A S S   ?
[INFO ][2016-01-07 15:39:57,296][com.java.SeleniumDriver] [  832] - ------------------------------------------
[INFO ][2016-01-07 15:39:57,296][com.java.SeleniumDriver] [  833] - Test case being Executed: 2
[INFO ][2016-01-07 15:39:57,296][com.java.SeleniumDriver] [  845] - Test step:63
[INFO ][2016-01-07 15:39:57,297][com.java.SeleniumDriver] [  857] - Datavalue is----------HMVLogin_username
[INFO ][2016-01-07 15:39:57,297][com.java.SeleniumDriver] [  881] - DataField : TXTusername
[INFO ][2016-01-07 15:39:57,297][com.java.SeleniumDriver] [  883] - DataValue : HMVLogin_username
[INFO ][2016-01-07 15:39:57,297][com.java.SeleniumDriver] [  889] - <In Set values of the page>
[INFO ][2016-01-07 15:39:57,297][com.java.SeleniumDriver] [  892] - {Data Fields & Data Values Exist}
[INFO ][2016-01-07 15:39:57,297][com.java.SeleniumDriver] [  894] - --------------------------setting values-----------------------------
[INFO ][2016-01-07 15:39:57,297][com.java.SeleniumDriver] [  897] - Action Type : CLEARANDENTER
[INFO ][2016-01-07 15:39:57,297][com.java.TestType] [ 5895] - value = vltest.robot20749.15310
[INFO ][2016-01-07 15:40:02,054][com.java.SeleniumDriver] [  906] -  RESULT true
[INFO ][2016-01-07 15:40:02,055][com.java.SeleniumDriver] [ 1112] - ?   P A S S   ?
[INFO ][2016-01-07 15:40:02,055][com.java.SeleniumDriver] [  832] - ------------------------------------------
[INFO ][2016-01-07 15:40:02,055][com.java.SeleniumDriver] [  833] - Test case being Executed: 2
[INFO ][2016-01-07 15:40:02,055][com.java.SeleniumDriver] [  845] - Test step:64
[INFO ][2016-01-07 15:40:02,055][com.java.SeleniumDriver] [  857] - Datavalue is----------dt:ResetNewPswd
[INFO ][2016-01-07 15:40:02,055][com.java.SeleniumDriver] [  881] - DataField : TXTpassword
[INFO ][2016-01-07 15:40:02,055][com.java.SeleniumDriver] [  883] - DataValue : dt:ResetNewPswd
[INFO ][2016-01-07 15:40:02,055][com.java.SeleniumDriver] [  889] - <In Set values of the page>
[INFO ][2016-01-07 15:40:02,055][com.java.SeleniumDriver] [  892] - {Data Fields & Data Values Exist}
[INFO ][2016-01-07 15:40:02,055][com.java.SeleniumDriver] [  894] - --------------------------setting values-----------------------------
[INFO ][2016-01-07 15:40:02,055][com.java.SeleniumDriver] [  897] - Action Type : CLEARANDENTER
[INFO ][2016-01-07 15:40:02,055][com.java.TestType] [ 5895] - value = Password#1
[INFO ][2016-01-07 15:40:06,914][com.java.SeleniumDriver] [  906] -  RESULT true
[INFO ][2016-01-07 15:40:06,914][com.java.SeleniumDriver] [ 1112] - ?   P A S S   ?
[INFO ][2016-01-07 15:40:06,914][com.java.SeleniumDriver] [  832] - ------------------------------------------
[INFO ][2016-01-07 15:40:06,914][com.java.SeleniumDriver] [  833] - Test case being Executed: 2
[INFO ][2016-01-07 15:40:06,914][com.java.SeleniumDriver] [  845] - Test step:65
[INFO ][2016-01-07 15:40:06,914][com.java.SeleniumDriver] [  857] - Datavalue is----------null
[DEBUG][2016-01-07 15:40:06,914][com.java.SeleniumDriver] [  875] - Exception: null
[INFO ][2016-01-07 15:40:06,914][com.java.SeleniumDriver] [  881] - DataField : XPH//button[@type='submit']
[INFO ][2016-01-07 15:40:06,914][com.java.SeleniumDriver] [  883] - DataValue : 
[INFO ][2016-01-07 15:40:06,914][com.java.SeleniumDriver] [  889] - <In Set values of the page>
[INFO ][2016-01-07 15:40:06,915][com.java.SeleniumDriver] [  892] - {Data Fields & Data Values Exist}
[INFO ][2016-01-07 15:40:06,915][com.java.SeleniumDriver] [  894] - --------------------------setting values-----------------------------
[INFO ][2016-01-07 15:40:06,915][com.java.SeleniumDriver] [  897] - Action Type : Click
[INFO ][2016-01-07 15:40:06,915][com.java.TestType] [ 6274] - Field ::XPH//button[@type='submit']
[INFO ][2016-01-07 15:40:06,915][com.java.TestType] [ 5895] - value = 
[INFO ][2016-01-07 15:40:07,915][com.java.TestType] [ 6411] - BEFORE CLICK
[INFO ][2016-01-07 15:40:08,768][com.java.TestType] [ 6419] - Unable to click the object Login
[INFO ][2016-01-07 15:40:08,768][com.java.SeleniumDriver] [  906] -  RESULT true
[INFO ][2016-01-07 15:40:08,768][com.java.SeleniumDriver] [ 1112] - ?   P A S S   ?
[INFO ][2016-01-07 15:40:08,768][com.java.SeleniumDriver] [  832] - ------------------------------------------
[INFO ][2016-01-07 15:40:08,768][com.java.SeleniumDriver] [  833] - Test case being Executed: 2
[INFO ][2016-01-07 15:40:08,768][com.java.SeleniumDriver] [  845] - Test step:66
[INFO ][2016-01-07 15:40:08,768][com.java.SeleniumDriver] [  857] - Datavalue is----------10
[INFO ][2016-01-07 15:40:08,768][com.java.SeleniumDriver] [  881] - DataField : test
[INFO ][2016-01-07 15:40:08,768][com.java.SeleniumDriver] [  883] - DataValue : 10
[INFO ][2016-01-07 15:40:08,768][com.java.SeleniumDriver] [  889] - <In Set values of the page>
[INFO ][2016-01-07 15:40:08,768][com.java.SeleniumDriver] [  892] - {Data Fields & Data Values Exist}
[INFO ][2016-01-07 15:40:08,768][com.java.SeleniumDriver] [  894] - --------------------------setting values-----------------------------
[INFO ][2016-01-07 15:40:08,768][com.java.SeleniumDriver] [  897] - Action Type : WaitTime
[DEBUG][2016-01-07 15:40:08,769][com.java.TestType] [ 5715] - sleepTime: 10000
[INFO ][2016-01-07 15:40:18,769][com.java.SeleniumDriver] [  906] -  RESULT true
[INFO ][2016-01-07 15:40:18,769][com.java.SeleniumDriver] [ 1112] - ?   P A S S   ?
[INFO ][2016-01-07 15:40:18,769][com.java.SeleniumDriver] [  832] - ------------------------------------------
[INFO ][2016-01-07 15:40:18,769][com.java.SeleniumDriver] [  833] - Test case being Executed: 2
[INFO ][2016-01-07 15:40:18,769][com.java.SeleniumDriver] [  845] - Test step:67
[INFO ][2016-01-07 15:40:18,769][com.java.SeleniumDriver] [  857] - Datavalue is----------Banker'sDashboard
[INFO ][2016-01-07 15:40:18,769][com.java.SeleniumDriver] [  881] - DataField : TTL
[INFO ][2016-01-07 15:40:18,769][com.java.SeleniumDriver] [  883] - DataValue : Banker'sDashboard
[INFO ][2016-01-07 15:40:18,769][com.java.SeleniumDriver] [  889] - <In Set values of the page>
[INFO ][2016-01-07 15:40:18,769][com.java.SeleniumDriver] [  892] - {Data Fields & Data Values Exist}
[INFO ][2016-01-07 15:40:18,769][com.java.SeleniumDriver] [  894] - --------------------------setting values-----------------------------
[INFO ][2016-01-07 15:40:18,769][com.java.SeleniumDriver] [  897] - Action Type : SelectWindow
[INFO ][2016-01-07 15:40:31,377][com.java.SeleniumDriver] [  906] -  RESULT true
[INFO ][2016-01-07 15:40:31,377][com.java.SeleniumDriver] [ 1112] - ?   P A S S   ?
[INFO ][2016-01-07 15:40:31,377][com.java.SeleniumDriver] [  832] - ------------------------------------------
[INFO ][2016-01-07 15:40:31,377][com.java.SeleniumDriver] [  833] - Test case being Executed: 2
[INFO ][2016-01-07 15:40:31,377][com.java.SeleniumDriver] [  845] - Test step:68
[INFO ][2016-01-07 15:40:31,377][com.java.SeleniumDriver] [  857] - Datavalue is----------10
[INFO ][2016-01-07 15:40:31,377][com.java.SeleniumDriver] [  881] - DataField : XPH//div[contains(text(), 'My Dashboard')]
[INFO ][2016-01-07 15:40:31,377][com.java.SeleniumDriver] [  883] - DataValue : 10
[INFO ][2016-01-07 15:40:31,377][com.java.SeleniumDriver] [  889] - <In Set values of the page>
[INFO ][2016-01-07 15:40:31,377][com.java.SeleniumDriver] [  892] - {Data Fields & Data Values Exist}
[INFO ][2016-01-07 15:40:31,377][com.java.SeleniumDriver] [  894] - --------------------------setting values-----------------------------
[INFO ][2016-01-07 15:40:31,377][com.java.SeleniumDriver] [  897] - Action Type : WAITFORELEMENT
[DEBUG][2016-01-07 15:42:50,361][com.java.TestType] [ 6929] - //div[contains(text(), 'My Dashboard')]   :: Element not Found
[INFO ][2016-01-07 15:42:50,361][com.java.SeleniumDriver] [  906] -  RESULT false
[INFO ][2016-01-07 15:42:50,361][com.java.SeleniumDriver] [  953] - ?   F A I L   ?
[INFO ][2016-01-07 15:42:50,362][com.java.SeleniumDriver] [  961] - Browser Type : IE10
[INFO ][2016-01-07 15:42:50,362][com.java.SeleniumDriver] [  962] - Adding Failed case2
[WARN ][2016-01-07 15:42:50,378][com.java.SeleniumDriver] [ 1022] - Source 'D:\BankersDashboard\TestReports\010716' exists but is a directory
[INFO ][2016-01-07 15:42:50,379][com.java.SeleniumDriver] [ 1076] - failedCases = 2
[ERROR][2016-01-07 15:42:50,380][com.java.SeleniumDriver] [ 1575] - Platform Errors : Our apologies...::We have encountered an issue with your request.::Our apologies?:We encountered an issue with your request.
[INFO ][2016-01-07 15:42:50,380][com.java.SeleniumDriver] [ 1579] - Length =3
[ERROR][2016-01-07 15:42:50,380][com.java.SeleniumDriver] [ 1582] - Error 0 = Our apologies...
[ERROR][2016-01-07 15:42:50,396][com.java.SeleniumDriver] [ 1596] - Unable to get browser (WARNING: The server did not provide any stacktrace information)
Command duration or timeout: 16 milliseconds
Build info: version: '2.48.2', revision: '41bccdd', time: '2015-10-09 19:59:12'
System info: host: 'FVTIII438F1D', ip: '172.17.68.34', os.name: 'Windows 7', os.arch: 'x86', os.version: '6.1', java.version: '1.7.0_55'
Session ID: 61cfd49a-638f-43eb-be0c-06caadd73743
Driver info: org.openqa.selenium.ie.InternetExplorerDriver
Capabilities [{platform=WINDOWS, javascriptEnabled=true, elementScrollBehavior=0, ignoreZoomSetting=false, enablePersistentHover=true, ie.ensureCleanSession=false, browserName=internet explorer, enableElementCacheCleanup=true, unexpectedAlertBehaviour=dismiss, version=10, ie.usePerProcessProxy=false, ignoreProtectedModeSettings=true, cssSelectorsEnabled=true, requireWindowFocus=false, initialBrowserUrl=http://localhost:36499/, handlesAlerts=true, ie.forceCreateProcessApi=false, nativeEvents=true, browserAttachTimeout=0, ie.browserCommandLineSwitches=, takesScreenshot=true}]
[INFO ][2016-01-07 15:42:50,397][com.java.SeleniumDriver] [ 1598] - FindPlatformErrors exception: Unable to get browser (WARNING: The server did not provide any stacktrace information)
Command duration or timeout: 16 milliseconds
Build info: version: '2.48.2', revision: '41bccdd', time: '2015-10-09 19:59:12'
System info: host: 'FVTIII438F1D', ip: '172.17.68.34', os.name: 'Windows 7', os.arch: 'x86', os.version: '6.1', java.version: '1.7.0_55'
Session ID: 61cfd49a-638f-43eb-be0c-06caadd73743
Driver info: org.openqa.selenium.ie.InternetExplorerDriver
Capabilities [{platform=WINDOWS, javascriptEnabled=true, elementScrollBehavior=0, ignoreZoomSetting=false, enablePersistentHover=true, ie.ensureCleanSession=false, browserName=internet explorer, enableElementCacheCleanup=true, unexpectedAlertBehaviour=dismiss, version=10, ie.usePerProcessProxy=false, ignoreProtectedModeSettings=true, cssSelectorsEnabled=true, requireWindowFocus=false, initialBrowserUrl=http://localhost:36499/, handlesAlerts=true, ie.forceCreateProcessApi=false, nativeEvents=true, browserAttachTimeout=0, ie.browserCommandLineSwitches=, takesScreenshot=true}]
[DEBUG][2016-01-07 15:42:50,397][com.java.SeleniumDriver] [ 1600] - Unable to get the Platform Error list from Hash Map.
[ERROR][2016-01-07 15:42:50,413][com.java.SeleniumDriver] [ 1194] - Unable to get browser (WARNING: The server did not provide any stacktrace information)
Command duration or timeout: 15 milliseconds
Build info: version: '2.48.2', revision: '41bccdd', time: '2015-10-09 19:59:12'
System info: host: 'FVTIII438F1D', ip: '172.17.68.34', os.name: 'Windows 7', os.arch: 'x86', os.version: '6.1', java.version: '1.7.0_55'
Session ID: 61cfd49a-638f-43eb-be0c-06caadd73743
Driver info: org.openqa.selenium.ie.InternetExplorerDriver
Capabilities [{platform=WINDOWS, javascriptEnabled=true, elementScrollBehavior=0, ignoreZoomSetting=false, enablePersistentHover=true, ie.ensureCleanSession=false, browserName=internet explorer, enableElementCacheCleanup=true, unexpectedAlertBehaviour=dismiss, version=10, ie.usePerProcessProxy=false, ignoreProtectedModeSettings=true, cssSelectorsEnabled=true, requireWindowFocus=false, initialBrowserUrl=http://localhost:36499/, handlesAlerts=true, ie.forceCreateProcessApi=false, nativeEvents=true, browserAttachTimeout=0, ie.browserCommandLineSwitches=, takesScreenshot=true}]
[INFO ][2016-01-07 15:42:50,414][com.java.SeleniumDriver] [  832] - ------------------------------------------
[INFO ][2016-01-07 15:42:50,414][com.java.SeleniumDriver] [  833] - Test case being Executed: 2
[INFO ][2016-01-07 15:42:50,414][com.java.SeleniumDriver] [  845] - Test step:69
[INFO ][2016-01-07 15:42:50,414][com.java.SeleniumDriver] [  857] - Datavalue is----------//div[contains(text(), 'My Dashboard')]
[INFO ][2016-01-07 15:42:50,414][com.java.SeleniumDriver] [  881] - DataField : BTN
[INFO ][2016-01-07 15:42:50,414][com.java.SeleniumDriver] [  883] - DataValue : //div[contains(text(), 'My Dashboard')]
[INFO ][2016-01-07 15:42:50,414][com.java.SeleniumDriver] [  889] - <In Set values of the page>
[INFO ][2016-01-07 15:42:50,414][com.java.SeleniumDriver] [  892] - {Data Fields & Data Values Exist}
[INFO ][2016-01-07 15:42:50,414][com.java.SeleniumDriver] [  894] - --------------------------setting values-----------------------------
[INFO ][2016-01-07 15:42:50,414][com.java.SeleniumDriver] [  897] - Action Type : VERIFY
[INFO ][2016-01-07 15:42:50,415][com.java.TestType] [ 7269] - field= BTN value= //div[contains(text(), 'My Dashboard')]
[INFO ][2016-01-07 15:42:50,415][com.java.TestType] [ 5895] - value = //div[contains(text(), 'My Dashboard')]
