[INFO ][2015-11-05 12:01:15,641][com.java.SeleniumDriver] [  213] - Execute Failed Casesfalse
[INFO ][2015-11-05 12:01:15,641][com.java.SeleniumDriver] [  214] - Browser: IE11
[INFO ][2015-11-05 12:01:15,641][com.java.SeleniumDriver] [  215] - [1, 11]
[INFO ][2015-11-05 12:01:15,641][com.java.SeleniumDriver] [  216] - Total TestCases:2
[INFO ][2015-11-05 12:01:15,641][com.java.SeleniumDriver] [  217] -  Reading Properties from Property File 
[DEBUG][2015-11-05 12:01:15,641][com.java.SeleniumDriver] [  238] - url : https://clients-xuat.bankersdashboard.com
[INFO ][2015-11-05 12:01:15,641][com.java.ImportnExport.ExportTestResultsExcel] [  116] - Time Stamp Thu Nov 05 12:01:15 IST 2015
[INFO ][2015-11-05 12:01:15,641][com.java.ImportnExport.ExportTestResultsExcel] [  175] - OUT FILE : D:\BankersDashboard/TestReports/Test Results_BankersDashBoard_110515_120115_IE11_Simmons First National Bank.xls
[INFO ][2015-11-05 12:01:15,662][com.java.ImportnExport.ExportTestResultsExcel] [  180] - Test Result file is created
[DEBUG][2015-11-05 12:01:15,772][com.java.SeleniumDriver] [  425] - Hub ip address is-------172.17.68.34
[INFO ][2015-11-05 12:01:15,782][com.java.SeleniumDriver] [  451] - Grid URL:http://172.17.68.34:4444/wd/hub
[INFO ][2015-11-05 12:01:15,782][com.java.SeleniumDriver] [  452] - Capability:Capabilities [{platform=ANY, ensureCleanSession=true, ignoreProtectedModeSettings=true, acceptSslCerts=true, ignoreZoomSetting=true, browserName=internet explorer, browserstack.ie.noFlash=true, version=Node1}]
[ERROR][2015-11-05 12:01:17,112][com.java.SeleniumDriver] [  496] - Unable invoke browser in grid:Could not start a new session. Possible causes are invalid address of the remote server or browser start-up failure.
Build info: version: '2.48.2', revision: '41bccdd', time: '2015-10-09 19:59:12'
System info: host: 'FVTIII438F1D', ip: '172.17.68.34', os.name: 'Windows 7', os.arch: 'x86', os.version: '6.1', java.version: '1.7.0_55'
Driver info: driver.version: SeleniumDriver
[INFO ][2015-11-05 12:01:17,112][com.java.SeleniumDriver] [  498] - Executing on local machine
[INFO ][2015-11-05 12:01:26,327][com.java.SeleniumDriver] [  248] - IE11is opened
[INFO ][2015-11-05 12:01:27,204][com.java.SeleniumDriver] [  752] - Test cases to be executed are: [1, 11]
[INFO ][2015-11-05 12:01:27,204][com.java.ImportnExport.ImportTestDataDetailsExcel] [   49] - test data details path===== D:\BankersDashboard\TestInputs\TestData.xls
[INFO ][2015-11-05 12:01:38,230][com.java.SeleniumDriver] [  788] - ------------------------------------------
[INFO ][2015-11-05 12:01:38,230][com.java.SeleniumDriver] [  789] - Test case being Executed: 1
[INFO ][2015-11-05 12:01:38,261][com.java.SeleniumDriver] [  800] - Test step:1
[INFO ][2015-11-05 12:01:38,261][com.java.SeleniumDriver] [  812] - Datavalue is----------Concept#1:1-14
[INFO ][2015-11-05 12:01:38,261][com.java.SeleniumDriver] [  836] - DataField : test
[INFO ][2015-11-05 12:01:38,261][com.java.SeleniumDriver] [  838] - DataValue : Concept#1:1-14
[INFO ][2015-11-05 12:01:38,261][com.java.SeleniumDriver] [  844] - <In Set values of the page>
[INFO ][2015-11-05 12:01:38,261][com.java.SeleniumDriver] [  847] - {Data Fields & Data Values Exist}
[INFO ][2015-11-05 12:01:38,261][com.java.SeleniumDriver] [  849] - --------------------------setting values-----------------------------
[INFO ][2015-11-05 12:01:38,261][com.java.SeleniumDriver] [  852] - Action Type : ExecuteTestCase
[INFO ][2015-11-05 12:01:38,301][com.java.TestType] [  411] - The Concept sheet name is ---------- Concept
[INFO ][2015-11-05 12:01:38,301][com.java.TestType] [  414] - The Concept ID  is ---------- 1
[DEBUG][2015-11-05 12:01:38,301][com.java.TestType] [  418] - Steps being executted in the Concept are: 1:14
[INFO ][2015-11-05 12:01:38,301][com.java.TestType] [  425] - Test data details path ---------- D:\BankersDashboard\TestInputs\TestData.xls
[INFO ][2015-11-05 12:01:38,331][com.java.TestType] [  456] -  str(1) = 1
[INFO ][2015-11-05 12:01:38,331][com.java.TestType] [  459] - Test case Id is---1
[INFO ][2015-11-05 12:01:38,331][com.java.TestType] [  461] - 1
[INFO ][2015-11-05 12:01:38,331][com.java.TestType] [  456] -  str(2) = 1
[INFO ][2015-11-05 12:01:38,331][com.java.TestType] [  508] - row values are--------{1=com.java.Objects.TestDataDetails@728ce2}
[INFO ][2015-11-05 12:01:38,331][com.java.TestType] [  456] -  str(1) = 1
[INFO ][2015-11-05 12:01:38,331][com.java.TestType] [  459] - Test case Id is---1
[INFO ][2015-11-05 12:01:38,331][com.java.TestType] [  461] - 1
[INFO ][2015-11-05 12:01:38,331][com.java.TestType] [  456] -  str(2) = 2
[INFO ][2015-11-05 12:01:38,331][com.java.TestType] [  508] - row values are--------{1=com.java.Objects.TestDataDetails@728ce2, 2=com.java.Objects.TestDataDetails@5c74dc}
[INFO ][2015-11-05 12:01:38,331][com.java.TestType] [  456] -  str(1) = 1
[INFO ][2015-11-05 12:01:38,331][com.java.TestType] [  459] - Test case Id is---1
[INFO ][2015-11-05 12:01:38,331][com.java.TestType] [  461] - 1
[INFO ][2015-11-05 12:01:38,331][com.java.TestType] [  456] -  str(2) = 3
[INFO ][2015-11-05 12:01:38,331][com.java.TestType] [  508] - row values are--------{1=com.java.Objects.TestDataDetails@728ce2, 2=com.java.Objects.TestDataDetails@5c74dc, 3=com.java.Objects.TestDataDetails@110c667}
[INFO ][2015-11-05 12:01:38,331][com.java.TestType] [  456] -  str(1) = 1
[INFO ][2015-11-05 12:01:38,331][com.java.TestType] [  459] - Test case Id is---1
[INFO ][2015-11-05 12:01:38,331][com.java.TestType] [  461] - 1
[INFO ][2015-11-05 12:01:38,331][com.java.TestType] [  456] -  str(2) = 4
[INFO ][2015-11-05 12:01:38,341][com.java.TestType] [  508] - row values are--------{1=com.java.Objects.TestDataDetails@728ce2, 2=com.java.Objects.TestDataDetails@5c74dc, 3=com.java.Objects.TestDataDetails@110c667, 4=com.java.Objects.TestDataDetails@1f926e3}
[INFO ][2015-11-05 12:01:38,341][com.java.TestType] [  456] -  str(1) = 1
[INFO ][2015-11-05 12:01:38,341][com.java.TestType] [  459] - Test case Id is---1
[INFO ][2015-11-05 12:01:38,341][com.java.TestType] [  461] - 1
[INFO ][2015-11-05 12:01:38,341][com.java.TestType] [  456] -  str(2) = 5
[INFO ][2015-11-05 12:01:38,341][com.java.TestType] [  508] - row values are--------{1=com.java.Objects.TestDataDetails@728ce2, 2=com.java.Objects.TestDataDetails@5c74dc, 3=com.java.Objects.TestDataDetails@110c667, 4=com.java.Objects.TestDataDetails@1f926e3, 5=com.java.Objects.TestDataDetails@8d65b9}
[INFO ][2015-11-05 12:01:38,341][com.java.TestType] [  456] -  str(1) = 1
[INFO ][2015-11-05 12:01:38,341][com.java.TestType] [  459] - Test case Id is---1
[INFO ][2015-11-05 12:01:38,341][com.java.TestType] [  461] - 1
[INFO ][2015-11-05 12:01:38,341][com.java.TestType] [  456] -  str(2) = 6
[INFO ][2015-11-05 12:01:38,341][com.java.TestType] [  508] - row values are--------{1=com.java.Objects.TestDataDetails@728ce2, 2=com.java.Objects.TestDataDetails@5c74dc, 3=com.java.Objects.TestDataDetails@110c667, 4=com.java.Objects.TestDataDetails@1f926e3, 5=com.java.Objects.TestDataDetails@8d65b9, 6=com.java.Objects.TestDataDetails@1e16eb2}
[INFO ][2015-11-05 12:01:38,341][com.java.TestType] [  456] -  str(1) = 1
[INFO ][2015-11-05 12:01:38,341][com.java.TestType] [  459] - Test case Id is---1
[INFO ][2015-11-05 12:01:38,341][com.java.TestType] [  461] - 1
[INFO ][2015-11-05 12:01:38,341][com.java.TestType] [  456] -  str(2) = 7
[INFO ][2015-11-05 12:01:38,341][com.java.TestType] [  508] - row values are--------{1=com.java.Objects.TestDataDetails@728ce2, 2=com.java.Objects.TestDataDetails@5c74dc, 3=com.java.Objects.TestDataDetails@110c667, 4=com.java.Objects.TestDataDetails@1f926e3, 5=com.java.Objects.TestDataDetails@8d65b9, 6=com.java.Objects.TestDataDetails@1e16eb2, 7=com.java.Objects.TestDataDetails@1aa9431}
[INFO ][2015-11-05 12:01:38,341][com.java.TestType] [  456] -  str(1) = 1
[INFO ][2015-11-05 12:01:38,341][com.java.TestType] [  459] - Test case Id is---1
[INFO ][2015-11-05 12:01:38,341][com.java.TestType] [  461] - 1
[INFO ][2015-11-05 12:01:38,341][com.java.TestType] [  456] -  str(2) = 8
[INFO ][2015-11-05 12:01:38,341][com.java.TestType] [  508] - row values are--------{1=com.java.Objects.TestDataDetails@728ce2, 2=com.java.Objects.TestDataDetails@5c74dc, 3=com.java.Objects.TestDataDetails@110c667, 4=com.java.Objects.TestDataDetails@1f926e3, 5=com.java.Objects.TestDataDetails@8d65b9, 6=com.java.Objects.TestDataDetails@1e16eb2, 7=com.java.Objects.TestDataDetails@1aa9431, 8=com.java.Objects.TestDataDetails@11dd4ca}
[INFO ][2015-11-05 12:01:38,341][com.java.TestType] [  456] -  str(1) = 1
[INFO ][2015-11-05 12:01:38,341][com.java.TestType] [  459] - Test case Id is---1
[INFO ][2015-11-05 12:01:38,341][com.java.TestType] [  461] - 1
[INFO ][2015-11-05 12:01:38,341][com.java.TestType] [  456] -  str(2) = 9
[INFO ][2015-11-05 12:01:38,341][com.java.TestType] [  508] - row values are--------{1=com.java.Objects.TestDataDetails@728ce2, 2=com.java.Objects.TestDataDetails@5c74dc, 3=com.java.Objects.TestDataDetails@110c667, 4=com.java.Objects.TestDataDetails@1f926e3, 5=com.java.Objects.TestDataDetails@8d65b9, 6=com.java.Objects.TestDataDetails@1e16eb2, 7=com.java.Objects.TestDataDetails@1aa9431, 8=com.java.Objects.TestDataDetails@11dd4ca, 9=com.java.Objects.TestDataDetails@c18e14}
[INFO ][2015-11-05 12:01:38,341][com.java.TestType] [  456] -  str(1) = 1
[INFO ][2015-11-05 12:01:38,341][com.java.TestType] [  459] - Test case Id is---1
[INFO ][2015-11-05 12:01:38,341][com.java.TestType] [  461] - 1
[INFO ][2015-11-05 12:01:38,341][com.java.TestType] [  456] -  str(2) = 10
[INFO ][2015-11-05 12:01:38,351][com.java.TestType] [  508] - row values are--------{1=com.java.Objects.TestDataDetails@728ce2, 2=com.java.Objects.TestDataDetails@5c74dc, 3=com.java.Objects.TestDataDetails@110c667, 4=com.java.Objects.TestDataDetails@1f926e3, 5=com.java.Objects.TestDataDetails@8d65b9, 6=com.java.Objects.TestDataDetails@1e16eb2, 7=com.java.Objects.TestDataDetails@1aa9431, 8=com.java.Objects.TestDataDetails@11dd4ca, 9=com.java.Objects.TestDataDetails@c18e14, 10=com.java.Objects.TestDataDetails@b61346}
[INFO ][2015-11-05 12:01:38,351][com.java.TestType] [  456] -  str(1) = 1
[INFO ][2015-11-05 12:01:38,351][com.java.TestType] [  459] - Test case Id is---1
[INFO ][2015-11-05 12:01:38,351][com.java.TestType] [  461] - 1
[INFO ][2015-11-05 12:01:38,351][com.java.TestType] [  456] -  str(2) = 11
[INFO ][2015-11-05 12:01:38,351][com.java.TestType] [  508] - row values are--------{1=com.java.Objects.TestDataDetails@728ce2, 2=com.java.Objects.TestDataDetails@5c74dc, 3=com.java.Objects.TestDataDetails@110c667, 4=com.java.Objects.TestDataDetails@1f926e3, 5=com.java.Objects.TestDataDetails@8d65b9, 6=com.java.Objects.TestDataDetails@1e16eb2, 7=com.java.Objects.TestDataDetails@1aa9431, 8=com.java.Objects.TestDataDetails@11dd4ca, 9=com.java.Objects.TestDataDetails@c18e14, 10=com.java.Objects.TestDataDetails@b61346, 11=com.java.Objects.TestDataDetails@1f56400}
[INFO ][2015-11-05 12:01:38,351][com.java.TestType] [  456] -  str(1) = 1
[INFO ][2015-11-05 12:01:38,351][com.java.TestType] [  459] - Test case Id is---1
[INFO ][2015-11-05 12:01:38,351][com.java.TestType] [  461] - 1
[INFO ][2015-11-05 12:01:38,351][com.java.TestType] [  456] -  str(2) = 12
[INFO ][2015-11-05 12:01:38,351][com.java.TestType] [  508] - row values are--------{1=com.java.Objects.TestDataDetails@728ce2, 2=com.java.Objects.TestDataDetails@5c74dc, 3=com.java.Objects.TestDataDetails@110c667, 4=com.java.Objects.TestDataDetails@1f926e3, 5=com.java.Objects.TestDataDetails@8d65b9, 6=com.java.Objects.TestDataDetails@1e16eb2, 7=com.java.Objects.TestDataDetails@1aa9431, 8=com.java.Objects.TestDataDetails@11dd4ca, 9=com.java.Objects.TestDataDetails@c18e14, 10=com.java.Objects.TestDataDetails@b61346, 11=com.java.Objects.TestDataDetails@1f56400, 12=com.java.Objects.TestDataDetails@18ee871}
[INFO ][2015-11-05 12:01:38,351][com.java.TestType] [  456] -  str(1) = 1
[INFO ][2015-11-05 12:01:38,351][com.java.TestType] [  459] - Test case Id is---1
[INFO ][2015-11-05 12:01:38,351][com.java.TestType] [  461] - 1
[INFO ][2015-11-05 12:01:38,351][com.java.TestType] [  456] -  str(2) = 13
[INFO ][2015-11-05 12:01:38,351][com.java.TestType] [  508] - row values are--------{1=com.java.Objects.TestDataDetails@728ce2, 2=com.java.Objects.TestDataDetails@5c74dc, 3=com.java.Objects.TestDataDetails@110c667, 4=com.java.Objects.TestDataDetails@1f926e3, 5=com.java.Objects.TestDataDetails@8d65b9, 6=com.java.Objects.TestDataDetails@1e16eb2, 7=com.java.Objects.TestDataDetails@1aa9431, 8=com.java.Objects.TestDataDetails@11dd4ca, 9=com.java.Objects.TestDataDetails@c18e14, 10=com.java.Objects.TestDataDetails@b61346, 11=com.java.Objects.TestDataDetails@1f56400, 12=com.java.Objects.TestDataDetails@18ee871, 13=com.java.Objects.TestDataDetails@4fc9a}
[INFO ][2015-11-05 12:01:38,351][com.java.TestType] [  456] -  str(1) = 1
[INFO ][2015-11-05 12:01:38,351][com.java.TestType] [  459] - Test case Id is---1
[INFO ][2015-11-05 12:01:38,351][com.java.TestType] [  461] - 1
[INFO ][2015-11-05 12:01:38,351][com.java.TestType] [  456] -  str(2) = 14
[INFO ][2015-11-05 12:01:38,351][com.java.TestType] [  508] - row values are--------{1=com.java.Objects.TestDataDetails@728ce2, 2=com.java.Objects.TestDataDetails@5c74dc, 3=com.java.Objects.TestDataDetails@110c667, 4=com.java.Objects.TestDataDetails@1f926e3, 5=com.java.Objects.TestDataDetails@8d65b9, 6=com.java.Objects.TestDataDetails@1e16eb2, 7=com.java.Objects.TestDataDetails@1aa9431, 8=com.java.Objects.TestDataDetails@11dd4ca, 9=com.java.Objects.TestDataDetails@c18e14, 10=com.java.Objects.TestDataDetails@b61346, 11=com.java.Objects.TestDataDetails@1f56400, 12=com.java.Objects.TestDataDetails@18ee871, 13=com.java.Objects.TestDataDetails@4fc9a, 14=com.java.Objects.TestDataDetails@21dc93}
[INFO ][2015-11-05 12:01:38,351][com.java.TestType] [ 7935] - Looping 1TCID = 1
[DEBUG][2015-11-05 12:01:38,351][com.java.TestType] [ 7976] - Concept ID:1 :: Step being Executed: 1::1
[INFO ][2015-11-05 12:01:38,351][com.java.TestType] [ 8014] - dataFields : TXTusername
[DEBUG][2015-11-05 12:01:38,351][com.java.TestType] [ 8020] - <In Set values of the page>
[DEBUG][2015-11-05 12:01:38,351][com.java.TestType] [ 8025] - {Data Fields & Data Values Exist}
[INFO ][2015-11-05 12:01:38,351][com.java.TestType] [ 8031] - --------------------------setting values-----------------------------
[INFO ][2015-11-05 12:01:38,351][com.java.TestType] [ 8034] - Action Type : CLEARANDENTER
[INFO ][2015-11-05 12:01:38,351][com.java.TestType] [ 3786] - value = valuelabs.ie11.03890
[INFO ][2015-11-05 12:01:43,186][com.java.TestType] [ 8053] -  RESULT true
[INFO ][2015-11-05 12:01:43,186][com.java.TestType] [ 8170] - ?   P A S S   ?
[DEBUG][2015-11-05 12:01:43,196][com.java.TestType] [ 7976] - Concept ID:1 :: Step being Executed: 1::2
[INFO ][2015-11-05 12:01:43,196][com.java.TestType] [ 8014] - dataFields : TXTpassword
[DEBUG][2015-11-05 12:01:43,196][com.java.TestType] [ 8020] - <In Set values of the page>
[DEBUG][2015-11-05 12:01:43,196][com.java.TestType] [ 8025] - {Data Fields & Data Values Exist}
[INFO ][2015-11-05 12:01:43,196][com.java.TestType] [ 8031] - --------------------------setting values-----------------------------
[INFO ][2015-11-05 12:01:43,196][com.java.TestType] [ 8034] - Action Type : CLEARANDENTER
[INFO ][2015-11-05 12:01:43,196][com.java.TestType] [ 3786] - value = Password1*
[INFO ][2015-11-05 12:01:48,123][com.java.TestType] [ 8053] -  RESULT true
[INFO ][2015-11-05 12:01:48,123][com.java.TestType] [ 8170] - ?   P A S S   ?
[DEBUG][2015-11-05 12:01:48,123][com.java.TestType] [ 7976] - Concept ID:1 :: Step being Executed: 1::3
[ERROR][2015-11-05 12:01:48,123][com.java.TestType] [ 8009] - Exception: null
[INFO ][2015-11-05 12:01:48,123][com.java.TestType] [ 8014] - dataFields : XPH//button[@type='submit']
[DEBUG][2015-11-05 12:01:48,123][com.java.TestType] [ 8020] - <In Set values of the page>
[DEBUG][2015-11-05 12:01:48,123][com.java.TestType] [ 8025] - {Data Fields & Data Values Exist}
[INFO ][2015-11-05 12:01:48,123][com.java.TestType] [ 8031] - --------------------------setting values-----------------------------
[INFO ][2015-11-05 12:01:48,123][com.java.TestType] [ 8034] - Action Type : Click
[INFO ][2015-11-05 12:01:48,123][com.java.TestType] [ 4099] - Field ::XPH//button[@type='submit']
[INFO ][2015-11-05 12:01:49,123][com.java.TestType] [ 4158] - BEFORE CLICK
[INFO ][2015-11-05 12:01:49,975][com.java.TestType] [ 4166] - Unable to click the object Login
[INFO ][2015-11-05 12:01:49,975][com.java.TestType] [ 8053] -  RESULT true
[INFO ][2015-11-05 12:01:49,975][com.java.TestType] [ 8170] - ?   P A S S   ?
[DEBUG][2015-11-05 12:01:49,975][com.java.TestType] [ 7976] - Concept ID:1 :: Step being Executed: 1::4
[INFO ][2015-11-05 12:01:49,975][com.java.TestType] [ 8014] - dataFields : LNKLogout
[DEBUG][2015-11-05 12:01:49,975][com.java.TestType] [ 8020] - <In Set values of the page>
[DEBUG][2015-11-05 12:01:49,975][com.java.TestType] [ 8025] - {Data Fields & Data Values Exist}
[INFO ][2015-11-05 12:01:49,975][com.java.TestType] [ 8031] - --------------------------setting values-----------------------------
[INFO ][2015-11-05 12:01:49,975][com.java.TestType] [ 8034] - Action Type : WaitForElement
[INFO ][2015-11-05 12:02:02,864][com.java.TestType] [ 8053] -  RESULT true
[INFO ][2015-11-05 12:02:02,864][com.java.TestType] [ 8170] - ?   P A S S   ?
[DEBUG][2015-11-05 12:02:02,864][com.java.TestType] [ 7976] - Concept ID:1 :: Step being Executed: 1::13
[INFO ][2015-11-05 12:02:02,864][com.java.TestType] [ 8014] - dataFields : LNK
[DEBUG][2015-11-05 12:02:02,864][com.java.TestType] [ 8020] - <In Set values of the page>
[DEBUG][2015-11-05 12:02:02,864][com.java.TestType] [ 8025] - {Data Fields & Data Values Exist}
[INFO ][2015-11-05 12:02:02,864][com.java.TestType] [ 8031] - --------------------------setting values-----------------------------
[INFO ][2015-11-05 12:02:02,864][com.java.TestType] [ 8034] - Action Type : Verify
[INFO ][2015-11-05 12:02:02,864][com.java.TestType] [ 4912] - field= LNK value= Logout
[INFO ][2015-11-05 12:02:02,864][com.java.TestType] [ 3786] - value = Logout
[INFO ][2015-11-05 12:02:02,905][com.java.TestType] [ 8053] -  RESULT true
[INFO ][2015-11-05 12:02:02,905][com.java.TestType] [ 8170] - ?   P A S S   ?
[DEBUG][2015-11-05 12:02:02,905][com.java.TestType] [ 7976] - Concept ID:1 :: Step being Executed: 1::14
[INFO ][2015-11-05 12:02:02,905][com.java.TestType] [ 8014] - dataFields : BTN
[DEBUG][2015-11-05 12:02:02,905][com.java.TestType] [ 8020] - <In Set values of the page>
[DEBUG][2015-11-05 12:02:02,905][com.java.TestType] [ 8025] - {Data Fields & Data Values Exist}
[INFO ][2015-11-05 12:02:02,905][com.java.TestType] [ 8031] - --------------------------setting values-----------------------------
[INFO ][2015-11-05 12:02:02,905][com.java.TestType] [ 8034] - Action Type : Verify
[INFO ][2015-11-05 12:02:02,905][com.java.TestType] [ 4912] - field= BTN value= //img[contains(@src,'bdlogo.jpg')]
[INFO ][2015-11-05 12:02:02,905][com.java.TestType] [ 3786] - value = //img[contains(@src,'bdlogo.jpg')]
[INFO ][2015-11-05 12:02:02,935][com.java.TestType] [ 8053] -  RESULT true
[INFO ][2015-11-05 12:02:02,935][com.java.TestType] [ 8170] - ?   P A S S   ?
[INFO ][2015-11-05 12:02:02,935][com.java.TestType] [ 8241] - Looping End......
[INFO ][2015-11-05 12:02:02,935][com.java.SeleniumDriver] [  861] -  RESULT true
[INFO ][2015-11-05 12:02:02,935][com.java.SeleniumDriver] [ 1066] - ?   P A S S   ?
[INFO ][2015-11-05 12:02:02,935][com.java.SeleniumDriver] [  788] - ------------------------------------------
[INFO ][2015-11-05 12:02:02,935][com.java.SeleniumDriver] [  789] - Test case being Executed: 1
[INFO ][2015-11-05 12:02:02,935][com.java.SeleniumDriver] [  800] - Test step:2
[INFO ][2015-11-05 12:02:02,935][com.java.SeleniumDriver] [  812] - Datavalue is----------Concept#2:1-2
[INFO ][2015-11-05 12:02:02,935][com.java.SeleniumDriver] [  836] - DataField : test
[INFO ][2015-11-05 12:02:02,935][com.java.SeleniumDriver] [  838] - DataValue : Concept#2:1-2
[INFO ][2015-11-05 12:02:02,935][com.java.SeleniumDriver] [  844] - <In Set values of the page>
[INFO ][2015-11-05 12:02:02,935][com.java.SeleniumDriver] [  847] - {Data Fields & Data Values Exist}
[INFO ][2015-11-05 12:02:02,935][com.java.SeleniumDriver] [  849] - --------------------------setting values-----------------------------
[INFO ][2015-11-05 12:02:02,935][com.java.SeleniumDriver] [  852] - Action Type : ExecuteTestCase
[INFO ][2015-11-05 12:02:02,935][com.java.TestType] [  411] - The Concept sheet name is ---------- Concept
[INFO ][2015-11-05 12:02:02,935][com.java.TestType] [  414] - The Concept ID  is ---------- 2
[DEBUG][2015-11-05 12:02:02,935][com.java.TestType] [  418] - Steps being executted in the Concept are: 1:2
[INFO ][2015-11-05 12:02:02,935][com.java.TestType] [  425] - Test data details path ---------- D:\BankersDashboard\TestInputs\TestData.xls
[INFO ][2015-11-05 12:02:02,975][com.java.TestType] [  456] -  str(1) = 2
[INFO ][2015-11-05 12:02:02,975][com.java.TestType] [  459] - Test case Id is---2
[INFO ][2015-11-05 12:02:02,975][com.java.TestType] [  461] - 2
[INFO ][2015-11-05 12:02:02,975][com.java.TestType] [  456] -  str(2) = 1
[INFO ][2015-11-05 12:02:02,975][com.java.TestType] [  508] - row values are--------{1=com.java.Objects.TestDataDetails@1631ce8}
[INFO ][2015-11-05 12:02:02,975][com.java.TestType] [  456] -  str(1) = 2
[INFO ][2015-11-05 12:02:02,975][com.java.TestType] [  459] - Test case Id is---2
[INFO ][2015-11-05 12:02:02,975][com.java.TestType] [  461] - 2
[INFO ][2015-11-05 12:02:02,975][com.java.TestType] [  456] -  str(2) = 2
[INFO ][2015-11-05 12:02:02,975][com.java.TestType] [  508] - row values are--------{1=com.java.Objects.TestDataDetails@1631ce8, 2=com.java.Objects.TestDataDetails@186a583}
[INFO ][2015-11-05 12:02:02,975][com.java.TestType] [  456] -  str(1) = 2
[INFO ][2015-11-05 12:02:02,975][com.java.TestType] [  459] - Test case Id is---2
[INFO ][2015-11-05 12:02:02,975][com.java.TestType] [  461] - 2
[INFO ][2015-11-05 12:02:02,975][com.java.TestType] [  456] -  str(2) = 3
[INFO ][2015-11-05 12:02:02,975][com.java.TestType] [  508] - row values are--------{1=com.java.Objects.TestDataDetails@1631ce8, 2=com.java.Objects.TestDataDetails@186a583, 3=com.java.Objects.TestDataDetails@bca541}
[INFO ][2015-11-05 12:02:02,975][com.java.TestType] [ 7935] - Looping 1TCID = 2
[DEBUG][2015-11-05 12:02:02,975][com.java.TestType] [ 7976] - Concept ID:2 :: Step being Executed: 2::1
[INFO ][2015-11-05 12:02:02,975][com.java.TestType] [ 8014] - dataFields : BNK//select[@id='bank']
[DEBUG][2015-11-05 12:02:02,975][com.java.TestType] [ 8020] - <In Set values of the page>
[DEBUG][2015-11-05 12:02:02,975][com.java.TestType] [ 8025] - {Data Fields & Data Values Exist}
[INFO ][2015-11-05 12:02:02,975][com.java.TestType] [ 8031] - --------------------------setting values-----------------------------
[INFO ][2015-11-05 12:02:02,975][com.java.TestType] [ 8034] - Action Type : Select
[INFO ][2015-11-05 12:02:02,975][com.java.TestType] [ 3786] - value = PFC
[INFO ][2015-11-05 12:02:03,158][com.java.TestType] [ 8053] -  RESULT true
[INFO ][2015-11-05 12:02:03,158][com.java.TestType] [ 8170] - ?   P A S S   ?
[DEBUG][2015-11-05 12:02:03,158][com.java.TestType] [ 7976] - Concept ID:2 :: Step being Executed: 2::2
[INFO ][2015-11-05 12:02:03,158][com.java.TestType] [ 8014] - dataFields : LNKLogout
[DEBUG][2015-11-05 12:02:03,158][com.java.TestType] [ 8020] - <In Set values of the page>
[DEBUG][2015-11-05 12:02:03,158][com.java.TestType] [ 8025] - {Data Fields & Data Values Exist}
[INFO ][2015-11-05 12:02:03,158][com.java.TestType] [ 8031] - --------------------------setting values-----------------------------
[INFO ][2015-11-05 12:02:03,158][com.java.TestType] [ 8034] - Action Type : WaitTime
[DEBUG][2015-11-05 12:02:03,158][com.java.TestType] [ 3685] - sleepTime: 5000
[INFO ][2015-11-05 12:02:08,170][com.java.TestType] [ 8053] -  RESULT true
[INFO ][2015-11-05 12:02:08,170][com.java.TestType] [ 8170] - ?   P A S S   ?
[INFO ][2015-11-05 12:02:08,170][com.java.TestType] [ 8241] - Looping End......
[INFO ][2015-11-05 12:02:08,170][com.java.SeleniumDriver] [  861] -  RESULT true
[INFO ][2015-11-05 12:02:08,170][com.java.SeleniumDriver] [ 1066] - ?   P A S S   ?
[INFO ][2015-11-05 12:02:08,170][com.java.SeleniumDriver] [  788] - ------------------------------------------
[INFO ][2015-11-05 12:02:08,170][com.java.SeleniumDriver] [  789] - Test case being Executed: 1
[INFO ][2015-11-05 12:02:08,170][com.java.SeleniumDriver] [  800] - Test step:3
[INFO ][2015-11-05 12:02:08,170][com.java.SeleniumDriver] [  812] - Datavalue is----------2
[INFO ][2015-11-05 12:02:08,170][com.java.SeleniumDriver] [  836] - DataField : XPH//button[contains(text(),'Add Content')]
[INFO ][2015-11-05 12:02:08,170][com.java.SeleniumDriver] [  838] - DataValue : 2
[INFO ][2015-11-05 12:02:08,170][com.java.SeleniumDriver] [  844] - <In Set values of the page>
[INFO ][2015-11-05 12:02:08,170][com.java.SeleniumDriver] [  847] - {Data Fields & Data Values Exist}
[INFO ][2015-11-05 12:02:08,170][com.java.SeleniumDriver] [  849] - --------------------------setting values-----------------------------
[INFO ][2015-11-05 12:02:08,170][com.java.SeleniumDriver] [  852] - Action Type : WAITFORELEMENT
[INFO ][2015-11-05 12:02:08,211][com.java.SeleniumDriver] [  861] -  RESULT true
[INFO ][2015-11-05 12:02:08,211][com.java.SeleniumDriver] [ 1066] - ?   P A S S   ?
[DEBUG][2015-11-05 12:02:08,211][com.java.SeleniumDriver] [ 1168] - Case found
[DEBUG][2015-11-05 12:02:08,211][com.java.SeleniumDriver] [ 1173] - Incrementing ReportCounters[0]:1
[INFO ][2015-11-05 12:02:08,211][com.java.SeleniumDriver] [ 1192] - The results are-------------------[1, 1, Valid Login, Pass, , Thu Nov 05 12:02:02 IST 2015, 1, 2, Valid Login, Pass, , Thu Nov 05 12:02:08 IST 2015, 1, 3, Valid Login, Pass, , Thu Nov 05 12:02:08 IST 2015]
[INFO ][2015-11-05 12:02:08,211][com.java.SeleniumDriver] [ 1196] - End time is-------54 sec
[INFO ][2015-11-05 12:02:08,211][com.java.SeleniumDriver] [ 1197] - The results are-------------------[1, 1, Valid Login, Pass, , Thu Nov 05 12:02:02 IST 2015, 1, 2, Valid Login, Pass, , Thu Nov 05 12:02:08 IST 2015, 1, 3, Valid Login, Pass, , Thu Nov 05 12:02:08 IST 2015]
[DEBUG][2015-11-05 12:02:08,211][com.java.ImportnExport.ExportTestResultsExcel] [  222] - testResultPath = D:\BankersDashboard/TestReports/Test Results_BankersDashBoard_110515_120115_IE11_Simmons First National Bank.xls
[DEBUG][2015-11-05 12:02:08,211][com.java.ImportnExport.ExportTestResultsExcel] [  223] - browser is------------IE11
[DEBUG][2015-11-05 12:02:08,261][com.java.ImportnExport.ExportTestResultsExcel] [  270] - result.size() = 18
[DEBUG][2015-11-05 12:02:08,261][com.java.ImportnExport.ExportTestResultsExcel] [  274] - No of rows in sheet=1
[DEBUG][2015-11-05 12:02:08,261][com.java.ImportnExport.ExportTestResultsExcel] [  301] - ..in export..1
[DEBUG][2015-11-05 12:02:08,261][com.java.ImportnExport.ExportTestResultsExcel] [  301] - ..in export..Valid Login
[DEBUG][2015-11-05 12:02:08,261][com.java.ImportnExport.ExportTestResultsExcel] [  301] - ..in export..Pass
[DEBUG][2015-11-05 12:02:08,261][com.java.ImportnExport.ExportTestResultsExcel] [  301] - ..in export..
[DEBUG][2015-11-05 12:02:08,261][com.java.ImportnExport.ExportTestResultsExcel] [  301] - ..in export..Thu Nov 05 12:02:02 IST 2015
[INFO ][2015-11-05 12:02:08,261][com.java.SeleniumDriver] [ 1255] - out loop:0 size:2 TestCases:[1, 11] testcases:[1, 11]
[INFO ][2015-11-05 12:02:08,261][com.java.ImportnExport.ImportTestDataDetailsExcel] [   49] - test data details path===== D:\BankersDashboard\TestInputs\TestData.xls
[INFO ][2015-11-05 12:03:06,437][com.java.SeleniumDriver] [  788] - ------------------------------------------
[INFO ][2015-11-05 12:03:06,437][com.java.SeleniumDriver] [  789] - Test case being Executed: 11
[INFO ][2015-11-05 12:03:06,437][com.java.SeleniumDriver] [  800] - Test step:1
[INFO ][2015-11-05 12:03:06,437][com.java.SeleniumDriver] [  812] - Datavalue is----------Logout
[INFO ][2015-11-05 12:03:06,437][com.java.SeleniumDriver] [  836] - DataField : BTN
[INFO ][2015-11-05 12:03:06,437][com.java.SeleniumDriver] [  838] - DataValue : Logout
[INFO ][2015-11-05 12:03:06,437][com.java.SeleniumDriver] [  844] - <In Set values of the page>
[INFO ][2015-11-05 12:03:06,437][com.java.SeleniumDriver] [  847] - {Data Fields & Data Values Exist}
[INFO ][2015-11-05 12:03:06,437][com.java.SeleniumDriver] [  849] - --------------------------setting values-----------------------------
[INFO ][2015-11-05 12:03:06,437][com.java.SeleniumDriver] [  852] - Action Type : Verify
[INFO ][2015-11-05 12:03:06,437][com.java.TestType] [ 4912] - field= BTN value= Logout
[INFO ][2015-11-05 12:03:06,437][com.java.TestType] [ 3786] - value = Logout
[INFO ][2015-11-05 12:03:06,468][com.java.SeleniumDriver] [  861] -  RESULT true
[INFO ][2015-11-05 12:03:06,468][com.java.SeleniumDriver] [ 1066] - ?   P A S S   ?
[INFO ][2015-11-05 12:03:06,468][com.java.SeleniumDriver] [ 1108] - step change to 3
[INFO ][2015-11-05 12:03:06,468][com.java.SeleniumDriver] [  788] - ------------------------------------------
[INFO ][2015-11-05 12:03:06,468][com.java.SeleniumDriver] [  789] - Test case being Executed: 11
[INFO ][2015-11-05 12:03:06,468][com.java.SeleniumDriver] [  800] - Test step:3
[INFO ][2015-11-05 12:03:06,468][com.java.SeleniumDriver] [  812] - Datavalue is----------Concept#2:1-2
[INFO ][2015-11-05 12:03:06,468][com.java.SeleniumDriver] [  836] - DataField : test
[INFO ][2015-11-05 12:03:06,468][com.java.SeleniumDriver] [  838] - DataValue : Concept#2:1-2
[INFO ][2015-11-05 12:03:06,468][com.java.SeleniumDriver] [  844] - <In Set values of the page>
[INFO ][2015-11-05 12:03:06,468][com.java.SeleniumDriver] [  847] - {Data Fields & Data Values Exist}
[INFO ][2015-11-05 12:03:06,468][com.java.SeleniumDriver] [  849] - --------------------------setting values-----------------------------
[INFO ][2015-11-05 12:03:06,468][com.java.SeleniumDriver] [  852] - Action Type : ExecuteTestCase
[INFO ][2015-11-05 12:03:06,468][com.java.TestType] [  411] - The Concept sheet name is ---------- Concept
[INFO ][2015-11-05 12:03:06,468][com.java.TestType] [  414] - The Concept ID  is ---------- 2
[DEBUG][2015-11-05 12:03:06,468][com.java.TestType] [  418] - Steps being executted in the Concept are: 1:2
[INFO ][2015-11-05 12:03:06,468][com.java.TestType] [  425] - Test data details path ---------- D:\BankersDashboard\TestInputs\TestData.xls
[INFO ][2015-11-05 12:03:06,498][com.java.TestType] [  456] -  str(1) = 2
[INFO ][2015-11-05 12:03:06,498][com.java.TestType] [  459] - Test case Id is---2
[INFO ][2015-11-05 12:03:06,498][com.java.TestType] [  461] - 2
[INFO ][2015-11-05 12:03:06,498][com.java.TestType] [  456] -  str(2) = 1
[INFO ][2015-11-05 12:03:06,498][com.java.TestType] [  508] - row values are--------{1=com.java.Objects.TestDataDetails@1ac8b5b}
[INFO ][2015-11-05 12:03:06,498][com.java.TestType] [  456] -  str(1) = 2
[INFO ][2015-11-05 12:03:06,498][com.java.TestType] [  459] - Test case Id is---2
[INFO ][2015-11-05 12:03:06,498][com.java.TestType] [  461] - 2
[INFO ][2015-11-05 12:03:06,498][com.java.TestType] [  456] -  str(2) = 2
[INFO ][2015-11-05 12:03:06,498][com.java.TestType] [  508] - row values are--------{1=com.java.Objects.TestDataDetails@1ac8b5b, 2=com.java.Objects.TestDataDetails@1b8a033}
[INFO ][2015-11-05 12:03:06,498][com.java.TestType] [  456] -  str(1) = 2
[INFO ][2015-11-05 12:03:06,498][com.java.TestType] [  459] - Test case Id is---2
[INFO ][2015-11-05 12:03:06,498][com.java.TestType] [  461] - 2
[INFO ][2015-11-05 12:03:06,498][com.java.TestType] [  456] -  str(2) = 3
[INFO ][2015-11-05 12:03:06,498][com.java.TestType] [  508] - row values are--------{1=com.java.Objects.TestDataDetails@1ac8b5b, 2=com.java.Objects.TestDataDetails@1b8a033, 3=com.java.Objects.TestDataDetails@df4c8}
[INFO ][2015-11-05 12:03:06,498][com.java.TestType] [ 7935] - Looping 1TCID = 2
[DEBUG][2015-11-05 12:03:06,498][com.java.TestType] [ 7976] - Concept ID:2 :: Step being Executed: 2::1
[INFO ][2015-11-05 12:03:06,498][com.java.TestType] [ 8014] - dataFields : BNK//select[@id='bank']
[DEBUG][2015-11-05 12:03:06,498][com.java.TestType] [ 8020] - <In Set values of the page>
[DEBUG][2015-11-05 12:03:06,498][com.java.TestType] [ 8025] - {Data Fields & Data Values Exist}
[INFO ][2015-11-05 12:03:06,498][com.java.TestType] [ 8031] - --------------------------setting values-----------------------------
[INFO ][2015-11-05 12:03:06,498][com.java.TestType] [ 8034] - Action Type : Select
[INFO ][2015-11-05 12:03:06,498][com.java.TestType] [ 3786] - value = PFC
[INFO ][2015-11-05 12:03:06,688][com.java.TestType] [ 8053] -  RESULT true
[INFO ][2015-11-05 12:03:06,688][com.java.TestType] [ 8170] - ?   P A S S   ?
[DEBUG][2015-11-05 12:03:06,688][com.java.TestType] [ 7976] - Concept ID:2 :: Step being Executed: 2::2
[INFO ][2015-11-05 12:03:06,688][com.java.TestType] [ 8014] - dataFields : LNKLogout
[DEBUG][2015-11-05 12:03:06,688][com.java.TestType] [ 8020] - <In Set values of the page>
[DEBUG][2015-11-05 12:03:06,688][com.java.TestType] [ 8025] - {Data Fields & Data Values Exist}
[INFO ][2015-11-05 12:03:06,688][com.java.TestType] [ 8031] - --------------------------setting values-----------------------------
[INFO ][2015-11-05 12:03:06,688][com.java.TestType] [ 8034] - Action Type : WaitTime
[DEBUG][2015-11-05 12:03:06,688][com.java.TestType] [ 3685] - sleepTime: 5000
[INFO ][2015-11-05 12:03:11,688][com.java.TestType] [ 8053] -  RESULT true
[INFO ][2015-11-05 12:03:11,688][com.java.TestType] [ 8170] - ?   P A S S   ?
[INFO ][2015-11-05 12:03:11,688][com.java.TestType] [ 8241] - Looping End......
[INFO ][2015-11-05 12:03:11,688][com.java.SeleniumDriver] [  861] -  RESULT true
[INFO ][2015-11-05 12:03:11,688][com.java.SeleniumDriver] [ 1066] - ?   P A S S   ?
[INFO ][2015-11-05 12:03:11,688][com.java.SeleniumDriver] [  788] - ------------------------------------------
[INFO ][2015-11-05 12:03:11,688][com.java.SeleniumDriver] [  789] - Test case being Executed: 11
[INFO ][2015-11-05 12:03:11,688][com.java.SeleniumDriver] [  800] - Test step:4
[INFO ][2015-11-05 12:03:11,688][com.java.SeleniumDriver] [  812] - Datavalue is----------null
[DEBUG][2015-11-05 12:03:11,688][com.java.SeleniumDriver] [  830] - Exception: null
[INFO ][2015-11-05 12:03:11,688][com.java.SeleniumDriver] [  836] - DataField : //span[@class='icon-user4']&&Users&&Manage Users
[INFO ][2015-11-05 12:03:11,688][com.java.SeleniumDriver] [  838] - DataValue : 
[INFO ][2015-11-05 12:03:11,688][com.java.SeleniumDriver] [  844] - <In Set values of the page>
[INFO ][2015-11-05 12:03:11,688][com.java.SeleniumDriver] [  847] - {Data Fields & Data Values Exist}
[INFO ][2015-11-05 12:03:11,688][com.java.SeleniumDriver] [  849] - --------------------------setting values-----------------------------
[INFO ][2015-11-05 12:03:11,688][com.java.SeleniumDriver] [  852] - Action Type : MouseOver
[INFO ][2015-11-05 12:03:40,755][com.java.SeleniumDriver] [  861] -  RESULT true
[INFO ][2015-11-05 12:03:40,755][com.java.SeleniumDriver] [ 1066] - ?   P A S S   ?
[INFO ][2015-11-05 12:03:40,755][com.java.SeleniumDriver] [  788] - ------------------------------------------
[INFO ][2015-11-05 12:03:40,755][com.java.SeleniumDriver] [  789] - Test case being Executed: 11
[INFO ][2015-11-05 12:03:40,755][com.java.SeleniumDriver] [  800] - Test step:5
[INFO ][2015-11-05 12:03:40,755][com.java.SeleniumDriver] [  812] - Datavalue is----------2
[INFO ][2015-11-05 12:03:40,755][com.java.SeleniumDriver] [  836] - DataField : BTNframeDialogContent
[INFO ][2015-11-05 12:03:40,755][com.java.SeleniumDriver] [  838] - DataValue : 2
[INFO ][2015-11-05 12:03:40,755][com.java.SeleniumDriver] [  844] - <In Set values of the page>
[INFO ][2015-11-05 12:03:40,755][com.java.SeleniumDriver] [  847] - {Data Fields & Data Values Exist}
[INFO ][2015-11-05 12:03:40,755][com.java.SeleniumDriver] [  849] - --------------------------setting values-----------------------------
[INFO ][2015-11-05 12:03:40,755][com.java.SeleniumDriver] [  852] - Action Type : WaitForElement
[INFO ][2015-11-05 12:03:41,966][com.java.SeleniumDriver] [  861] -  RESULT true
[INFO ][2015-11-05 12:03:41,966][com.java.SeleniumDriver] [ 1066] - ?   P A S S   ?
[INFO ][2015-11-05 12:03:41,966][com.java.SeleniumDriver] [  788] - ------------------------------------------
[INFO ][2015-11-05 12:03:41,966][com.java.SeleniumDriver] [  789] - Test case being Executed: 11
[INFO ][2015-11-05 12:03:41,966][com.java.SeleniumDriver] [  800] - Test step:6
[INFO ][2015-11-05 12:03:41,966][com.java.SeleniumDriver] [  812] - Datavalue is----------null
[DEBUG][2015-11-05 12:03:41,966][com.java.SeleniumDriver] [  830] - Exception: null
[INFO ][2015-11-05 12:03:41,966][com.java.SeleniumDriver] [  836] - DataField : BTNframeDialogContent
[INFO ][2015-11-05 12:03:41,966][com.java.SeleniumDriver] [  838] - DataValue : 
[INFO ][2015-11-05 12:03:41,966][com.java.SeleniumDriver] [  844] - <In Set values of the page>
[INFO ][2015-11-05 12:03:41,966][com.java.SeleniumDriver] [  847] - {Data Fields & Data Values Exist}
[INFO ][2015-11-05 12:03:41,966][com.java.SeleniumDriver] [  849] - --------------------------setting values-----------------------------
[INFO ][2015-11-05 12:03:41,966][com.java.SeleniumDriver] [  852] - Action Type : SelectFrame
[INFO ][2015-11-05 12:03:43,208][com.java.SeleniumDriver] [  861] -  RESULT true
[INFO ][2015-11-05 12:03:43,208][com.java.SeleniumDriver] [ 1066] - ?   P A S S   ?
[INFO ][2015-11-05 12:03:43,208][com.java.SeleniumDriver] [  788] - ------------------------------------------
[INFO ][2015-11-05 12:03:43,208][com.java.SeleniumDriver] [  789] - Test case being Executed: 11
[INFO ][2015-11-05 12:03:43,208][com.java.SeleniumDriver] [  800] - Test step:7
[INFO ][2015-11-05 12:03:43,208][com.java.SeleniumDriver] [  812] - Datavalue is----------2
[INFO ][2015-11-05 12:03:43,208][com.java.SeleniumDriver] [  836] - DataField : BTNbtnAddUser
[INFO ][2015-11-05 12:03:43,208][com.java.SeleniumDriver] [  838] - DataValue : 2
[INFO ][2015-11-05 12:03:43,208][com.java.SeleniumDriver] [  844] - <In Set values of the page>
[INFO ][2015-11-05 12:03:43,208][com.java.SeleniumDriver] [  847] - {Data Fields & Data Values Exist}
[INFO ][2015-11-05 12:03:43,208][com.java.SeleniumDriver] [  849] - --------------------------setting values-----------------------------
[INFO ][2015-11-05 12:03:43,208][com.java.SeleniumDriver] [  852] - Action Type : WaitForElement
[INFO ][2015-11-05 12:03:45,038][com.java.SeleniumDriver] [  861] -  RESULT true
[INFO ][2015-11-05 12:03:45,038][com.java.SeleniumDriver] [ 1066] - ?   P A S S   ?
[INFO ][2015-11-05 12:03:45,038][com.java.SeleniumDriver] [  788] - ------------------------------------------
[INFO ][2015-11-05 12:03:45,038][com.java.SeleniumDriver] [  789] - Test case being Executed: 11
[INFO ][2015-11-05 12:03:45,038][com.java.SeleniumDriver] [  800] - Test step:8
[INFO ][2015-11-05 12:03:45,038][com.java.SeleniumDriver] [  812] - Datavalue is----------null
[DEBUG][2015-11-05 12:03:45,038][com.java.SeleniumDriver] [  830] - Exception: null
[INFO ][2015-11-05 12:03:45,038][com.java.SeleniumDriver] [  836] - DataField : BTNbtnAddUser
[INFO ][2015-11-05 12:03:45,038][com.java.SeleniumDriver] [  838] - DataValue : 
[INFO ][2015-11-05 12:03:45,038][com.java.SeleniumDriver] [  844] - <In Set values of the page>
[INFO ][2015-11-05 12:03:45,038][com.java.SeleniumDriver] [  847] - {Data Fields & Data Values Exist}
[INFO ][2015-11-05 12:03:45,038][com.java.SeleniumDriver] [  849] - --------------------------setting values-----------------------------
[INFO ][2015-11-05 12:03:45,038][com.java.SeleniumDriver] [  852] - Action Type : Click
[INFO ][2015-11-05 12:03:45,038][com.java.TestType] [ 4099] - Field ::BTNbtnAddUser
[INFO ][2015-11-05 12:03:46,040][com.java.TestType] [ 4137] - BEFORE CLICK
[INFO ][2015-11-05 12:03:48,051][com.java.TestType] [ 4144] - Unable to click the object Add user button
[INFO ][2015-11-05 12:03:48,051][com.java.SeleniumDriver] [  861] -  RESULT true
[INFO ][2015-11-05 12:03:48,051][com.java.SeleniumDriver] [ 1066] - ?   P A S S   ?
[INFO ][2015-11-05 12:03:48,051][com.java.SeleniumDriver] [  788] - ------------------------------------------
[INFO ][2015-11-05 12:03:48,051][com.java.SeleniumDriver] [  789] - Test case being Executed: 11
[INFO ][2015-11-05 12:03:48,051][com.java.SeleniumDriver] [  800] - Test step:9
[INFO ][2015-11-05 12:03:48,051][com.java.SeleniumDriver] [  812] - Datavalue is----------2
[INFO ][2015-11-05 12:03:48,051][com.java.SeleniumDriver] [  836] - DataField : BTNtxtUserName
[INFO ][2015-11-05 12:03:48,051][com.java.SeleniumDriver] [  838] - DataValue : 2
[INFO ][2015-11-05 12:03:48,051][com.java.SeleniumDriver] [  844] - <In Set values of the page>
[INFO ][2015-11-05 12:03:48,051][com.java.SeleniumDriver] [  847] - {Data Fields & Data Values Exist}
[INFO ][2015-11-05 12:03:48,051][com.java.SeleniumDriver] [  849] - --------------------------setting values-----------------------------
[INFO ][2015-11-05 12:03:48,051][com.java.SeleniumDriver] [  852] - Action Type : WaitForElement
[INFO ][2015-11-05 12:04:04,371][com.java.SeleniumDriver] [  861] -  RESULT true
[INFO ][2015-11-05 12:04:04,371][com.java.SeleniumDriver] [ 1066] - ?   P A S S   ?
[INFO ][2015-11-05 12:04:04,371][com.java.SeleniumDriver] [  788] - ------------------------------------------
[INFO ][2015-11-05 12:04:04,371][com.java.SeleniumDriver] [  789] - Test case being Executed: 11
[INFO ][2015-11-05 12:04:04,371][com.java.SeleniumDriver] [  800] - Test step:10
[INFO ][2015-11-05 12:04:04,371][com.java.SeleniumDriver] [  812] - Datavalue is----------dt:NewUserName
[INFO ][2015-11-05 12:04:04,371][com.java.SeleniumDriver] [  836] - DataField : TXTtxtUserName
[INFO ][2015-11-05 12:04:04,371][com.java.SeleniumDriver] [  838] - DataValue : dt:NewUserName
[INFO ][2015-11-05 12:04:04,371][com.java.SeleniumDriver] [  844] - <In Set values of the page>
[INFO ][2015-11-05 12:04:04,371][com.java.SeleniumDriver] [  847] - {Data Fields & Data Values Exist}
[INFO ][2015-11-05 12:04:04,371][com.java.SeleniumDriver] [  849] - --------------------------setting values-----------------------------
[INFO ][2015-11-05 12:04:04,371][com.java.SeleniumDriver] [  852] - Action Type : Enter
[INFO ][2015-11-05 12:04:04,371][com.java.TestType] [ 4419] - field = txtUserName
[INFO ][2015-11-05 12:04:04,371][com.java.TestType] [ 3786] - value = vltest.robot
[INFO ][2015-11-05 12:04:07,194][com.java.SeleniumDriver] [  861] -  RESULT true
[INFO ][2015-11-05 12:04:07,194][com.java.SeleniumDriver] [ 1066] - ?   P A S S   ?
[INFO ][2015-11-05 12:04:07,194][com.java.SeleniumDriver] [  788] - ------------------------------------------
[INFO ][2015-11-05 12:04:07,194][com.java.SeleniumDriver] [  789] - Test case being Executed: 11
[INFO ][2015-11-05 12:04:07,194][com.java.SeleniumDriver] [  800] - Test step:11
[INFO ][2015-11-05 12:04:07,194][com.java.SeleniumDriver] [  812] - Datavalue is----------VLTest
[INFO ][2015-11-05 12:04:07,194][com.java.SeleniumDriver] [  836] - DataField : TXTtxtFirstName
[INFO ][2015-11-05 12:04:07,194][com.java.SeleniumDriver] [  838] - DataValue : VLTest
[INFO ][2015-11-05 12:04:07,194][com.java.SeleniumDriver] [  844] - <In Set values of the page>
[INFO ][2015-11-05 12:04:07,194][com.java.SeleniumDriver] [  847] - {Data Fields & Data Values Exist}
[INFO ][2015-11-05 12:04:07,194][com.java.SeleniumDriver] [  849] - --------------------------setting values-----------------------------
[INFO ][2015-11-05 12:04:07,194][com.java.SeleniumDriver] [  852] - Action Type : Enter
[INFO ][2015-11-05 12:04:07,194][com.java.TestType] [ 4419] - field = txtFirstName
[INFO ][2015-11-05 12:04:07,194][com.java.TestType] [ 3786] - value = VLTest
[INFO ][2015-11-05 12:04:10,266][com.java.SeleniumDriver] [  861] -  RESULT true
[INFO ][2015-11-05 12:04:10,266][com.java.SeleniumDriver] [ 1066] - ?   P A S S   ?
[INFO ][2015-11-05 12:04:10,266][com.java.SeleniumDriver] [  788] - ------------------------------------------
[INFO ][2015-11-05 12:04:10,266][com.java.SeleniumDriver] [  789] - Test case being Executed: 11
[INFO ][2015-11-05 12:04:10,266][com.java.SeleniumDriver] [  800] - Test step:12
[INFO ][2015-11-05 12:04:10,266][com.java.SeleniumDriver] [  812] - Datavalue is----------Robot
[INFO ][2015-11-05 12:04:10,266][com.java.SeleniumDriver] [  836] - DataField : TXTtxtLastName
[INFO ][2015-11-05 12:04:10,266][com.java.SeleniumDriver] [  838] - DataValue : Robot
[INFO ][2015-11-05 12:04:10,266][com.java.SeleniumDriver] [  844] - <In Set values of the page>
[INFO ][2015-11-05 12:04:10,266][com.java.SeleniumDriver] [  847] - {Data Fields & Data Values Exist}
[INFO ][2015-11-05 12:04:10,266][com.java.SeleniumDriver] [  849] - --------------------------setting values-----------------------------
[INFO ][2015-11-05 12:04:10,266][com.java.SeleniumDriver] [  852] - Action Type : Enter
[INFO ][2015-11-05 12:04:10,266][com.java.TestType] [ 4419] - field = txtLastName
[INFO ][2015-11-05 12:04:10,266][com.java.TestType] [ 3786] - value = Robot
[INFO ][2015-11-05 12:04:13,098][com.java.SeleniumDriver] [  861] -  RESULT true
[INFO ][2015-11-05 12:04:13,098][com.java.SeleniumDriver] [ 1066] - ?   P A S S   ?
[INFO ][2015-11-05 12:04:13,098][com.java.SeleniumDriver] [  788] - ------------------------------------------
[INFO ][2015-11-05 12:04:13,098][com.java.SeleniumDriver] [  789] - Test case being Executed: 11
[INFO ][2015-11-05 12:04:13,098][com.java.SeleniumDriver] [  800] - Test step:13
[INFO ][2015-11-05 12:04:13,098][com.java.SeleniumDriver] [  812] - Datavalue is----------ValueLabs
[INFO ][2015-11-05 12:04:13,098][com.java.SeleniumDriver] [  836] - DataField : TXTtxtCompany
[INFO ][2015-11-05 12:04:13,098][com.java.SeleniumDriver] [  838] - DataValue : ValueLabs
[INFO ][2015-11-05 12:04:13,098][com.java.SeleniumDriver] [  844] - <In Set values of the page>
[INFO ][2015-11-05 12:04:13,098][com.java.SeleniumDriver] [  847] - {Data Fields & Data Values Exist}
[INFO ][2015-11-05 12:04:13,098][com.java.SeleniumDriver] [  849] - --------------------------setting values-----------------------------
[INFO ][2015-11-05 12:04:13,098][com.java.SeleniumDriver] [  852] - Action Type : Enter
[INFO ][2015-11-05 12:04:13,098][com.java.TestType] [ 4419] - field = txtCompany
[INFO ][2015-11-05 12:04:13,098][com.java.TestType] [ 3786] - value = ValueLabs
[INFO ][2015-11-05 12:04:16,091][com.java.SeleniumDriver] [  861] -  RESULT true
[INFO ][2015-11-05 12:04:16,091][com.java.SeleniumDriver] [ 1066] - ?   P A S S   ?
[INFO ][2015-11-05 12:04:16,091][com.java.SeleniumDriver] [  788] - ------------------------------------------
[INFO ][2015-11-05 12:04:16,091][com.java.SeleniumDriver] [  789] - Test case being Executed: 11
[INFO ][2015-11-05 12:04:16,091][com.java.SeleniumDriver] [  800] - Test step:14
[INFO ][2015-11-05 12:04:16,091][com.java.SeleniumDriver] [  812] - Datavalue is----------India
[INFO ][2015-11-05 12:04:16,091][com.java.SeleniumDriver] [  836] - DataField : TXTtxtLocation
[INFO ][2015-11-05 12:04:16,091][com.java.SeleniumDriver] [  838] - DataValue : India
[INFO ][2015-11-05 12:04:16,091][com.java.SeleniumDriver] [  844] - <In Set values of the page>
[INFO ][2015-11-05 12:04:16,091][com.java.SeleniumDriver] [  847] - {Data Fields & Data Values Exist}
[INFO ][2015-11-05 12:04:16,091][com.java.SeleniumDriver] [  849] - --------------------------setting values-----------------------------
[INFO ][2015-11-05 12:04:16,091][com.java.SeleniumDriver] [  852] - Action Type : Enter
[INFO ][2015-11-05 12:04:16,091][com.java.TestType] [ 4419] - field = txtLocation
[INFO ][2015-11-05 12:04:16,091][com.java.TestType] [ 3786] - value = India
[INFO ][2015-11-05 12:04:18,953][com.java.SeleniumDriver] [  861] -  RESULT true
[INFO ][2015-11-05 12:04:18,953][com.java.SeleniumDriver] [ 1066] - ?   P A S S   ?
[INFO ][2015-11-05 12:04:18,953][com.java.SeleniumDriver] [  788] - ------------------------------------------
[INFO ][2015-11-05 12:04:18,953][com.java.SeleniumDriver] [  789] - Test case being Executed: 11
[INFO ][2015-11-05 12:04:18,953][com.java.SeleniumDriver] [  800] - Test step:15
[INFO ][2015-11-05 12:04:18,953][com.java.SeleniumDriver] [  812] - Datavalue is----------vltest.robot@valuelabs.com
[INFO ][2015-11-05 12:04:18,953][com.java.SeleniumDriver] [  836] - DataField : TXTtxtEMail
[INFO ][2015-11-05 12:04:18,953][com.java.SeleniumDriver] [  838] - DataValue : vltest.robot@valuelabs.com
[INFO ][2015-11-05 12:04:18,953][com.java.SeleniumDriver] [  844] - <In Set values of the page>
[INFO ][2015-11-05 12:04:18,953][com.java.SeleniumDriver] [  847] - {Data Fields & Data Values Exist}
[INFO ][2015-11-05 12:04:18,953][com.java.SeleniumDriver] [  849] - --------------------------setting values-----------------------------
[INFO ][2015-11-05 12:04:18,953][com.java.SeleniumDriver] [  852] - Action Type : Enter
[INFO ][2015-11-05 12:04:18,953][com.java.TestType] [ 4419] - field = txtEMail
[INFO ][2015-11-05 12:04:18,953][com.java.TestType] [ 3786] - value = vltest.robot@valuelabs.com
[INFO ][2015-11-05 12:04:22,035][com.java.SeleniumDriver] [  861] -  RESULT true
[INFO ][2015-11-05 12:04:22,035][com.java.SeleniumDriver] [ 1066] - ?   P A S S   ?
[INFO ][2015-11-05 12:04:22,035][com.java.SeleniumDriver] [  788] - ------------------------------------------
[INFO ][2015-11-05 12:04:22,035][com.java.SeleniumDriver] [  789] - Test case being Executed: 11
[INFO ][2015-11-05 12:04:22,035][com.java.SeleniumDriver] [  800] - Test step:16
[INFO ][2015-11-05 12:04:22,035][com.java.SeleniumDriver] [  812] - Datavalue is----------12345678901
[INFO ][2015-11-05 12:04:22,035][com.java.SeleniumDriver] [  836] - DataField : TXTtxtPhone
[INFO ][2015-11-05 12:04:22,035][com.java.SeleniumDriver] [  838] - DataValue : 12345678901
[INFO ][2015-11-05 12:04:22,035][com.java.SeleniumDriver] [  844] - <In Set values of the page>
[INFO ][2015-11-05 12:04:22,035][com.java.SeleniumDriver] [  847] - {Data Fields & Data Values Exist}
[INFO ][2015-11-05 12:04:22,035][com.java.SeleniumDriver] [  849] - --------------------------setting values-----------------------------
[INFO ][2015-11-05 12:04:22,035][com.java.SeleniumDriver] [  852] - Action Type : Enter
[INFO ][2015-11-05 12:04:22,035][com.java.TestType] [ 4419] - field = txtPhone
[INFO ][2015-11-05 12:04:22,035][com.java.TestType] [ 3786] - value = 12345678901
[INFO ][2015-11-05 12:04:24,837][com.java.SeleniumDriver] [  861] -  RESULT true
[INFO ][2015-11-05 12:04:24,837][com.java.SeleniumDriver] [ 1066] - ?   P A S S   ?
[INFO ][2015-11-05 12:04:24,837][com.java.SeleniumDriver] [  788] - ------------------------------------------
[INFO ][2015-11-05 12:04:24,837][com.java.SeleniumDriver] [  789] - Test case being Executed: 11
[INFO ][2015-11-05 12:04:24,837][com.java.SeleniumDriver] [  800] - Test step:17
[INFO ][2015-11-05 12:04:24,837][com.java.SeleniumDriver] [  812] - Datavalue is----------dt:NewUserPswd
[INFO ][2015-11-05 12:04:24,837][com.java.SeleniumDriver] [  836] - DataField : TXTtxtPassword
[INFO ][2015-11-05 12:04:24,837][com.java.SeleniumDriver] [  838] - DataValue : dt:NewUserPswd
[INFO ][2015-11-05 12:04:24,837][com.java.SeleniumDriver] [  844] - <In Set values of the page>
[INFO ][2015-11-05 12:04:24,837][com.java.SeleniumDriver] [  847] - {Data Fields & Data Values Exist}
[INFO ][2015-11-05 12:04:24,837][com.java.SeleniumDriver] [  849] - --------------------------setting values-----------------------------
[INFO ][2015-11-05 12:04:24,837][com.java.SeleniumDriver] [  852] - Action Type : Enter
[INFO ][2015-11-05 12:04:24,837][com.java.TestType] [ 4419] - field = txtPassword
[INFO ][2015-11-05 12:04:24,837][com.java.TestType] [ 3786] - value = Password1*
[INFO ][2015-11-05 12:04:27,859][com.java.SeleniumDriver] [  861] -  RESULT true
[INFO ][2015-11-05 12:04:27,859][com.java.SeleniumDriver] [ 1066] - ?   P A S S   ?
[INFO ][2015-11-05 12:04:27,859][com.java.SeleniumDriver] [  788] - ------------------------------------------
[INFO ][2015-11-05 12:04:27,859][com.java.SeleniumDriver] [  789] - Test case being Executed: 11
[INFO ][2015-11-05 12:04:27,859][com.java.SeleniumDriver] [  800] - Test step:18
[INFO ][2015-11-05 12:04:27,859][com.java.SeleniumDriver] [  812] - Datavalue is----------dt:NewUserPswd
[INFO ][2015-11-05 12:04:27,859][com.java.SeleniumDriver] [  836] - DataField : TXTtxtPasswordConfirm
[INFO ][2015-11-05 12:04:27,859][com.java.SeleniumDriver] [  838] - DataValue : dt:NewUserPswd
[INFO ][2015-11-05 12:04:27,859][com.java.SeleniumDriver] [  844] - <In Set values of the page>
[INFO ][2015-11-05 12:04:27,859][com.java.SeleniumDriver] [  847] - {Data Fields & Data Values Exist}
[INFO ][2015-11-05 12:04:27,859][com.java.SeleniumDriver] [  849] - --------------------------setting values-----------------------------
[INFO ][2015-11-05 12:04:27,859][com.java.SeleniumDriver] [  852] - Action Type : Enter
[INFO ][2015-11-05 12:04:27,859][com.java.TestType] [ 4419] - field = txtPasswordConfirm
[INFO ][2015-11-05 12:04:27,859][com.java.TestType] [ 3786] - value = Password1*
[INFO ][2015-11-05 12:04:30,881][com.java.SeleniumDriver] [  861] -  RESULT true
[INFO ][2015-11-05 12:04:30,881][com.java.SeleniumDriver] [ 1066] - ?   P A S S   ?
[INFO ][2015-11-05 12:04:30,881][com.java.SeleniumDriver] [  788] - ------------------------------------------
[INFO ][2015-11-05 12:04:30,881][com.java.SeleniumDriver] [  789] - Test case being Executed: 11
[INFO ][2015-11-05 12:04:30,881][com.java.SeleniumDriver] [  800] - Test step:19
[INFO ][2015-11-05 12:04:30,881][com.java.SeleniumDriver] [  812] - Datavalue is----------null
[DEBUG][2015-11-05 12:04:30,881][com.java.SeleniumDriver] [  830] - Exception: null
[INFO ][2015-11-05 12:04:30,881][com.java.SeleniumDriver] [  836] - DataField : BTNparent
[INFO ][2015-11-05 12:04:30,881][com.java.SeleniumDriver] [  838] - DataValue : 
[INFO ][2015-11-05 12:04:30,881][com.java.SeleniumDriver] [  844] - <In Set values of the page>
[INFO ][2015-11-05 12:04:30,881][com.java.SeleniumDriver] [  847] - {Data Fields & Data Values Exist}
[INFO ][2015-11-05 12:04:30,881][com.java.SeleniumDriver] [  849] - --------------------------setting values-----------------------------
[INFO ][2015-11-05 12:04:30,881][com.java.SeleniumDriver] [  852] - Action Type : SelectFrame
[INFO ][2015-11-05 12:04:30,891][com.java.SeleniumDriver] [  861] -  RESULT true
[INFO ][2015-11-05 12:04:30,891][com.java.SeleniumDriver] [ 1066] - ?   P A S S   ?
[INFO ][2015-11-05 12:04:30,891][com.java.SeleniumDriver] [  788] - ------------------------------------------
[INFO ][2015-11-05 12:04:30,891][com.java.SeleniumDriver] [  789] - Test case being Executed: 11
[INFO ][2015-11-05 12:04:30,891][com.java.SeleniumDriver] [  800] - Test step:20
[INFO ][2015-11-05 12:04:30,891][com.java.SeleniumDriver] [  812] - Datavalue is----------5
[INFO ][2015-11-05 12:04:30,891][com.java.SeleniumDriver] [  836] - DataField : test
[INFO ][2015-11-05 12:04:30,891][com.java.SeleniumDriver] [  838] - DataValue : 5
[INFO ][2015-11-05 12:04:30,891][com.java.SeleniumDriver] [  844] - <In Set values of the page>
[INFO ][2015-11-05 12:04:30,891][com.java.SeleniumDriver] [  847] - {Data Fields & Data Values Exist}
[INFO ][2015-11-05 12:04:30,891][com.java.SeleniumDriver] [  849] - --------------------------setting values-----------------------------
[INFO ][2015-11-05 12:04:30,891][com.java.SeleniumDriver] [  852] - Action Type : WaitTime
[DEBUG][2015-11-05 12:04:30,891][com.java.TestType] [ 3685] - sleepTime: 5000
[INFO ][2015-11-05 12:04:35,891][com.java.SeleniumDriver] [  861] -  RESULT true
[INFO ][2015-11-05 12:04:35,891][com.java.SeleniumDriver] [ 1066] - ?   P A S S   ?
[INFO ][2015-11-05 12:04:35,891][com.java.SeleniumDriver] [  788] - ------------------------------------------
[INFO ][2015-11-05 12:04:35,891][com.java.SeleniumDriver] [  789] - Test case being Executed: 11
[INFO ][2015-11-05 12:04:35,891][com.java.SeleniumDriver] [  800] - Test step:21
[INFO ][2015-11-05 12:04:35,891][com.java.SeleniumDriver] [  812] - Datavalue is----------null
[DEBUG][2015-11-05 12:04:35,891][com.java.SeleniumDriver] [  830] - Exception: null
[INFO ][2015-11-05 12:04:35,891][com.java.SeleniumDriver] [  836] - DataField : XPH//span[contains(text(), 'Finished')]
[INFO ][2015-11-05 12:04:35,891][com.java.SeleniumDriver] [  838] - DataValue : 
[INFO ][2015-11-05 12:04:35,891][com.java.SeleniumDriver] [  844] - <In Set values of the page>
[INFO ][2015-11-05 12:04:35,891][com.java.SeleniumDriver] [  847] - {Data Fields & Data Values Exist}
[INFO ][2015-11-05 12:04:35,891][com.java.SeleniumDriver] [  849] - --------------------------setting values-----------------------------
[INFO ][2015-11-05 12:04:35,891][com.java.SeleniumDriver] [  852] - Action Type : Click
[INFO ][2015-11-05 12:04:35,891][com.java.TestType] [ 4099] - Field ::XPH//span[contains(text(), 'Finished')]
[INFO ][2015-11-05 12:04:36,892][com.java.TestType] [ 4158] - BEFORE CLICK
[INFO ][2015-11-05 12:04:37,772][com.java.TestType] [ 4166] - Unable to click the object Finished button
[INFO ][2015-11-05 12:04:37,772][com.java.SeleniumDriver] [  861] -  RESULT true
[INFO ][2015-11-05 12:04:37,772][com.java.SeleniumDriver] [ 1066] - ?   P A S S   ?
[INFO ][2015-11-05 12:04:37,772][com.java.SeleniumDriver] [  788] - ------------------------------------------
[INFO ][2015-11-05 12:04:37,772][com.java.SeleniumDriver] [  789] - Test case being Executed: 11
[INFO ][2015-11-05 12:04:37,772][com.java.SeleniumDriver] [  800] - Test step:22
[INFO ][2015-11-05 12:04:37,772][com.java.SeleniumDriver] [  812] - Datavalue is----------null
[DEBUG][2015-11-05 12:04:37,772][com.java.SeleniumDriver] [  830] - Exception: null
[INFO ][2015-11-05 12:04:37,772][com.java.SeleniumDriver] [  836] - DataField : XPH//span[contains(text(), 'Finished')]
[INFO ][2015-11-05 12:04:37,772][com.java.SeleniumDriver] [  838] - DataValue : 
[INFO ][2015-11-05 12:04:37,772][com.java.SeleniumDriver] [  844] - <In Set values of the page>
[INFO ][2015-11-05 12:04:37,772][com.java.SeleniumDriver] [  847] - {Data Fields & Data Values Exist}
[INFO ][2015-11-05 12:04:37,772][com.java.SeleniumDriver] [  849] - --------------------------setting values-----------------------------
[INFO ][2015-11-05 12:04:37,772][com.java.SeleniumDriver] [  852] - Action Type : WaitForElement
[INFO ][2015-11-05 12:04:37,813][com.java.SeleniumDriver] [  861] -  RESULT true
[INFO ][2015-11-05 12:04:37,813][com.java.SeleniumDriver] [ 1066] - ?   P A S S   ?
[INFO ][2015-11-05 12:04:37,813][com.java.SeleniumDriver] [  788] - ------------------------------------------
[INFO ][2015-11-05 12:04:37,813][com.java.SeleniumDriver] [  789] - Test case being Executed: 11
[INFO ][2015-11-05 12:04:37,813][com.java.SeleniumDriver] [  800] - Test step:23
[INFO ][2015-11-05 12:04:37,813][com.java.SeleniumDriver] [  812] - Datavalue is----------null
[DEBUG][2015-11-05 12:04:37,813][com.java.SeleniumDriver] [  830] - Exception: null
[INFO ][2015-11-05 12:04:37,813][com.java.SeleniumDriver] [  836] - DataField : BTNframeDialogContent
[INFO ][2015-11-05 12:04:37,813][com.java.SeleniumDriver] [  838] - DataValue : 
[INFO ][2015-11-05 12:04:37,813][com.java.SeleniumDriver] [  844] - <In Set values of the page>
[INFO ][2015-11-05 12:04:37,813][com.java.SeleniumDriver] [  847] - {Data Fields & Data Values Exist}
[INFO ][2015-11-05 12:04:37,813][com.java.SeleniumDriver] [  849] - --------------------------setting values-----------------------------
[INFO ][2015-11-05 12:04:37,813][com.java.SeleniumDriver] [  852] - Action Type : SelectFrame
[INFO ][2015-11-05 12:04:40,144][com.java.SeleniumDriver] [  861] -  RESULT true
[INFO ][2015-11-05 12:04:40,144][com.java.SeleniumDriver] [ 1066] - ?   P A S S   ?
[INFO ][2015-11-05 12:04:40,144][com.java.SeleniumDriver] [  788] - ------------------------------------------
[INFO ][2015-11-05 12:04:40,144][com.java.SeleniumDriver] [  789] - Test case being Executed: 11
[INFO ][2015-11-05 12:04:40,144][com.java.SeleniumDriver] [  800] - Test step:24
[INFO ][2015-11-05 12:04:40,144][com.java.SeleniumDriver] [  812] - Datavalue is----------null
[DEBUG][2015-11-05 12:04:40,144][com.java.SeleniumDriver] [  830] - Exception: null
[INFO ][2015-11-05 12:04:40,144][com.java.SeleniumDriver] [  836] - DataField : BTNchkGlobalPrivsUserAdmin
[INFO ][2015-11-05 12:04:40,144][com.java.SeleniumDriver] [  838] - DataValue : 
[INFO ][2015-11-05 12:04:40,144][com.java.SeleniumDriver] [  844] - <In Set values of the page>
[INFO ][2015-11-05 12:04:40,144][com.java.SeleniumDriver] [  847] - {Data Fields & Data Values Exist}
[INFO ][2015-11-05 12:04:40,144][com.java.SeleniumDriver] [  849] - --------------------------setting values-----------------------------
[INFO ][2015-11-05 12:04:40,144][com.java.SeleniumDriver] [  852] - Action Type : Click
[INFO ][2015-11-05 12:04:40,144][com.java.TestType] [ 4099] - Field ::BTNchkGlobalPrivsUserAdmin
[INFO ][2015-11-05 12:04:41,144][com.java.TestType] [ 4137] - BEFORE CLICK
[INFO ][2015-11-05 12:04:42,485][com.java.TestType] [ 4144] - Unable to click the object User Admin check box
[INFO ][2015-11-05 12:04:42,485][com.java.SeleniumDriver] [  861] -  RESULT true
[INFO ][2015-11-05 12:04:42,485][com.java.SeleniumDriver] [ 1066] - ?   P A S S   ?
[INFO ][2015-11-05 12:04:42,485][com.java.SeleniumDriver] [  788] - ------------------------------------------
[INFO ][2015-11-05 12:04:42,485][com.java.SeleniumDriver] [  789] - Test case being Executed: 11
[INFO ][2015-11-05 12:04:42,485][com.java.SeleniumDriver] [  800] - Test step:25
[INFO ][2015-11-05 12:04:42,485][com.java.SeleniumDriver] [  812] - Datavalue is----------null
[DEBUG][2015-11-05 12:04:42,485][com.java.SeleniumDriver] [  830] - Exception: null
[INFO ][2015-11-05 12:04:42,485][com.java.SeleniumDriver] [  836] - DataField : BTNrdoEnableEntity_Enable
[INFO ][2015-11-05 12:04:42,485][com.java.SeleniumDriver] [  838] - DataValue : 
[INFO ][2015-11-05 12:04:42,485][com.java.SeleniumDriver] [  844] - <In Set values of the page>
[INFO ][2015-11-05 12:04:42,485][com.java.SeleniumDriver] [  847] - {Data Fields & Data Values Exist}
[INFO ][2015-11-05 12:04:42,485][com.java.SeleniumDriver] [  849] - --------------------------setting values-----------------------------
[INFO ][2015-11-05 12:04:42,485][com.java.SeleniumDriver] [  852] - Action Type : Click
[INFO ][2015-11-05 12:04:42,485][com.java.TestType] [ 4099] - Field ::BTNrdoEnableEntity_Enable
[INFO ][2015-11-05 12:04:43,485][com.java.TestType] [ 4137] - BEFORE CLICK
[INFO ][2015-11-05 12:04:44,816][com.java.TestType] [ 4144] - Unable to click the object Enable radio button
[INFO ][2015-11-05 12:04:44,816][com.java.SeleniumDriver] [  861] -  RESULT true
[INFO ][2015-11-05 12:04:44,816][com.java.SeleniumDriver] [ 1066] - ?   P A S S   ?
[INFO ][2015-11-05 12:04:44,816][com.java.SeleniumDriver] [  788] - ------------------------------------------
[INFO ][2015-11-05 12:04:44,816][com.java.SeleniumDriver] [  789] - Test case being Executed: 11
[INFO ][2015-11-05 12:04:44,816][com.java.SeleniumDriver] [  800] - Test step:26
[INFO ][2015-11-05 12:04:44,816][com.java.SeleniumDriver] [  812] - Datavalue is----------null
[DEBUG][2015-11-05 12:04:44,816][com.java.SeleniumDriver] [  830] - Exception: null
[INFO ][2015-11-05 12:04:44,816][com.java.SeleniumDriver] [  836] - DataField : BTNchkProfitCenterAll
[INFO ][2015-11-05 12:04:44,816][com.java.SeleniumDriver] [  838] - DataValue : 
[INFO ][2015-11-05 12:04:44,816][com.java.SeleniumDriver] [  844] - <In Set values of the page>
[INFO ][2015-11-05 12:04:44,816][com.java.SeleniumDriver] [  847] - {Data Fields & Data Values Exist}
[INFO ][2015-11-05 12:04:44,816][com.java.SeleniumDriver] [  849] - --------------------------setting values-----------------------------
[INFO ][2015-11-05 12:04:44,816][com.java.SeleniumDriver] [  852] - Action Type : Click
[INFO ][2015-11-05 12:04:44,816][com.java.TestType] [ 4099] - Field ::BTNchkProfitCenterAll
[INFO ][2015-11-05 12:04:45,816][com.java.TestType] [ 4137] - BEFORE CLICK
[INFO ][2015-11-05 12:04:47,137][com.java.TestType] [ 4144] - Unable to click the object All Check box
[INFO ][2015-11-05 12:04:47,137][com.java.SeleniumDriver] [  861] -  RESULT true
[INFO ][2015-11-05 12:04:47,137][com.java.SeleniumDriver] [ 1066] - ?   P A S S   ?
[INFO ][2015-11-05 12:04:47,137][com.java.SeleniumDriver] [  788] - ------------------------------------------
[INFO ][2015-11-05 12:04:47,137][com.java.SeleniumDriver] [  789] - Test case being Executed: 11
[INFO ][2015-11-05 12:04:47,137][com.java.SeleniumDriver] [  800] - Test step:27
[INFO ][2015-11-05 12:04:47,137][com.java.SeleniumDriver] [  812] - Datavalue is----------null
[DEBUG][2015-11-05 12:04:47,137][com.java.SeleniumDriver] [  830] - Exception: null
[INFO ][2015-11-05 12:04:47,137][com.java.SeleniumDriver] [  836] - DataField : BTNchkPrivsAccessGL
[INFO ][2015-11-05 12:04:47,137][com.java.SeleniumDriver] [  838] - DataValue : 
[INFO ][2015-11-05 12:04:47,137][com.java.SeleniumDriver] [  844] - <In Set values of the page>
[INFO ][2015-11-05 12:04:47,137][com.java.SeleniumDriver] [  847] - {Data Fields & Data Values Exist}
[INFO ][2015-11-05 12:04:47,137][com.java.SeleniumDriver] [  849] - --------------------------setting values-----------------------------
[INFO ][2015-11-05 12:04:47,137][com.java.SeleniumDriver] [  852] - Action Type : Click
[INFO ][2015-11-05 12:04:47,137][com.java.TestType] [ 4099] - Field ::BTNchkPrivsAccessGL
[INFO ][2015-11-05 12:04:48,137][com.java.TestType] [ 4137] - BEFORE CLICK
[INFO ][2015-11-05 12:04:49,458][com.java.TestType] [ 4144] - Unable to click the object GL check box
[INFO ][2015-11-05 12:04:49,458][com.java.SeleniumDriver] [  861] -  RESULT true
[INFO ][2015-11-05 12:04:49,458][com.java.SeleniumDriver] [ 1066] - ?   P A S S   ?
[INFO ][2015-11-05 12:04:49,458][com.java.SeleniumDriver] [  788] - ------------------------------------------
[INFO ][2015-11-05 12:04:49,458][com.java.SeleniumDriver] [  789] - Test case being Executed: 11
[INFO ][2015-11-05 12:04:49,458][com.java.SeleniumDriver] [  800] - Test step:28
[INFO ][2015-11-05 12:04:49,458][com.java.SeleniumDriver] [  812] - Datavalue is----------null
[DEBUG][2015-11-05 12:04:49,458][com.java.SeleniumDriver] [  830] - Exception: null
[INFO ][2015-11-05 12:04:49,458][com.java.SeleniumDriver] [  836] - DataField : BTNparent
[INFO ][2015-11-05 12:04:49,458][com.java.SeleniumDriver] [  838] - DataValue : 
[INFO ][2015-11-05 12:04:49,458][com.java.SeleniumDriver] [  844] - <In Set values of the page>
[INFO ][2015-11-05 12:04:49,458][com.java.SeleniumDriver] [  847] - {Data Fields & Data Values Exist}
[INFO ][2015-11-05 12:04:49,458][com.java.SeleniumDriver] [  849] - --------------------------setting values-----------------------------
[INFO ][2015-11-05 12:04:49,458][com.java.SeleniumDriver] [  852] - Action Type : SelectFrame
[INFO ][2015-11-05 12:04:49,468][com.java.SeleniumDriver] [  861] -  RESULT true
[INFO ][2015-11-05 12:04:49,468][com.java.SeleniumDriver] [ 1066] - ?   P A S S   ?
[INFO ][2015-11-05 12:04:49,468][com.java.SeleniumDriver] [  788] - ------------------------------------------
[INFO ][2015-11-05 12:04:49,468][com.java.SeleniumDriver] [  789] - Test case being Executed: 11
[INFO ][2015-11-05 12:04:49,468][com.java.SeleniumDriver] [  800] - Test step:29
[INFO ][2015-11-05 12:04:49,468][com.java.SeleniumDriver] [  812] - Datavalue is----------5
[INFO ][2015-11-05 12:04:49,468][com.java.SeleniumDriver] [  836] - DataField : test
[INFO ][2015-11-05 12:04:49,468][com.java.SeleniumDriver] [  838] - DataValue : 5
[INFO ][2015-11-05 12:04:49,468][com.java.SeleniumDriver] [  844] - <In Set values of the page>
[INFO ][2015-11-05 12:04:49,468][com.java.SeleniumDriver] [  847] - {Data Fields & Data Values Exist}
[INFO ][2015-11-05 12:04:49,468][com.java.SeleniumDriver] [  849] - --------------------------setting values-----------------------------
[INFO ][2015-11-05 12:04:49,468][com.java.SeleniumDriver] [  852] - Action Type : WaitTime
[DEBUG][2015-11-05 12:04:49,468][com.java.TestType] [ 3685] - sleepTime: 5000
[INFO ][2015-11-05 12:04:54,468][com.java.SeleniumDriver] [  861] -  RESULT true
[INFO ][2015-11-05 12:04:54,468][com.java.SeleniumDriver] [ 1066] - ?   P A S S   ?
[INFO ][2015-11-05 12:04:54,468][com.java.SeleniumDriver] [  788] - ------------------------------------------
[INFO ][2015-11-05 12:04:54,468][com.java.SeleniumDriver] [  789] - Test case being Executed: 11
[INFO ][2015-11-05 12:04:54,468][com.java.SeleniumDriver] [  800] - Test step:30
[INFO ][2015-11-05 12:04:54,468][com.java.SeleniumDriver] [  812] - Datavalue is----------null
[DEBUG][2015-11-05 12:04:54,468][com.java.SeleniumDriver] [  830] - Exception: null
[INFO ][2015-11-05 12:04:54,468][com.java.SeleniumDriver] [  836] - DataField : XPH//span[contains(text(), 'Finished')]
[INFO ][2015-11-05 12:04:54,468][com.java.SeleniumDriver] [  838] - DataValue : 
[INFO ][2015-11-05 12:04:54,468][com.java.SeleniumDriver] [  844] - <In Set values of the page>
[INFO ][2015-11-05 12:04:54,468][com.java.SeleniumDriver] [  847] - {Data Fields & Data Values Exist}
[INFO ][2015-11-05 12:04:54,468][com.java.SeleniumDriver] [  849] - --------------------------setting values-----------------------------
[INFO ][2015-11-05 12:04:54,468][com.java.SeleniumDriver] [  852] - Action Type : Click
[INFO ][2015-11-05 12:04:54,468][com.java.TestType] [ 4099] - Field ::XPH//span[contains(text(), 'Finished')]
[INFO ][2015-11-05 12:04:55,469][com.java.TestType] [ 4158] - BEFORE CLICK
[INFO ][2015-11-05 12:05:02,779][com.java.TestType] [ 4166] - Unable to click the object Finished button
[INFO ][2015-11-05 12:05:02,779][com.java.SeleniumDriver] [  861] -  RESULT true
[INFO ][2015-11-05 12:05:02,779][com.java.SeleniumDriver] [ 1066] - ?   P A S S   ?
[INFO ][2015-11-05 12:05:02,779][com.java.SeleniumDriver] [  788] - ------------------------------------------
[INFO ][2015-11-05 12:05:02,779][com.java.SeleniumDriver] [  789] - Test case being Executed: 11
[INFO ][2015-11-05 12:05:02,779][com.java.SeleniumDriver] [  800] - Test step:31
[INFO ][2015-11-05 12:05:02,779][com.java.SeleniumDriver] [  812] - Datavalue is----------5
[INFO ][2015-11-05 12:05:02,779][com.java.SeleniumDriver] [  836] - DataField : BTNframeDialogContent
[INFO ][2015-11-05 12:05:02,779][com.java.SeleniumDriver] [  838] - DataValue : 5
[INFO ][2015-11-05 12:05:02,779][com.java.SeleniumDriver] [  844] - <In Set values of the page>
[INFO ][2015-11-05 12:05:02,779][com.java.SeleniumDriver] [  847] - {Data Fields & Data Values Exist}
[INFO ][2015-11-05 12:05:02,779][com.java.SeleniumDriver] [  849] - --------------------------setting values-----------------------------
[INFO ][2015-11-05 12:05:02,779][com.java.SeleniumDriver] [  852] - Action Type : WaitForElement
[INFO ][2015-11-05 12:05:03,980][com.java.SeleniumDriver] [  861] -  RESULT true
[INFO ][2015-11-05 12:05:03,980][com.java.SeleniumDriver] [ 1066] - ?   P A S S   ?
[INFO ][2015-11-05 12:05:03,980][com.java.SeleniumDriver] [  788] - ------------------------------------------
[INFO ][2015-11-05 12:05:03,980][com.java.SeleniumDriver] [  789] - Test case being Executed: 11
[INFO ][2015-11-05 12:05:03,980][com.java.SeleniumDriver] [  800] - Test step:32
[INFO ][2015-11-05 12:05:03,980][com.java.SeleniumDriver] [  812] - Datavalue is----------null
[DEBUG][2015-11-05 12:05:03,980][com.java.SeleniumDriver] [  830] - Exception: null
[INFO ][2015-11-05 12:05:03,980][com.java.SeleniumDriver] [  836] - DataField : BTNframeDialogContent
[INFO ][2015-11-05 12:05:03,980][com.java.SeleniumDriver] [  838] - DataValue : 
[INFO ][2015-11-05 12:05:03,980][com.java.SeleniumDriver] [  844] - <In Set values of the page>
[INFO ][2015-11-05 12:05:03,980][com.java.SeleniumDriver] [  847] - {Data Fields & Data Values Exist}
[INFO ][2015-11-05 12:05:03,980][com.java.SeleniumDriver] [  849] - --------------------------setting values-----------------------------
[INFO ][2015-11-05 12:05:03,980][com.java.SeleniumDriver] [  852] - Action Type : SelectFrame
[INFO ][2015-11-05 12:05:05,242][com.java.SeleniumDriver] [  861] -  RESULT true
[INFO ][2015-11-05 12:05:05,242][com.java.SeleniumDriver] [ 1066] - ?   P A S S   ?
[INFO ][2015-11-05 12:05:05,242][com.java.SeleniumDriver] [  788] - ------------------------------------------
[INFO ][2015-11-05 12:05:05,242][com.java.SeleniumDriver] [  789] - Test case being Executed: 11
[INFO ][2015-11-05 12:05:05,242][com.java.SeleniumDriver] [  800] - Test step:33
[INFO ][2015-11-05 12:05:05,242][com.java.SeleniumDriver] [  812] - Datavalue is----------null
[DEBUG][2015-11-05 12:05:05,242][com.java.SeleniumDriver] [  830] - Exception: null
[INFO ][2015-11-05 12:05:05,242][com.java.SeleniumDriver] [  836] - DataField : XPH//table[@id="tblUserListing"]//td[contains(text(),'vltest.robot')]
[INFO ][2015-11-05 12:05:05,242][com.java.SeleniumDriver] [  838] - DataValue : 
[INFO ][2015-11-05 12:05:05,242][com.java.SeleniumDriver] [  844] - <In Set values of the page>
[INFO ][2015-11-05 12:05:05,242][com.java.SeleniumDriver] [  847] - {Data Fields & Data Values Exist}
[INFO ][2015-11-05 12:05:05,242][com.java.SeleniumDriver] [  849] - --------------------------setting values-----------------------------
[INFO ][2015-11-05 12:05:05,242][com.java.SeleniumDriver] [  852] - Action Type : WaitForElement
[INFO ][2015-11-05 12:05:05,302][com.java.SeleniumDriver] [  861] -  RESULT true
[INFO ][2015-11-05 12:05:05,302][com.java.SeleniumDriver] [ 1066] - ?   P A S S   ?
[INFO ][2015-11-05 12:05:05,302][com.java.SeleniumDriver] [  788] - ------------------------------------------
[INFO ][2015-11-05 12:05:05,302][com.java.SeleniumDriver] [  789] - Test case being Executed: 11
[INFO ][2015-11-05 12:05:05,302][com.java.SeleniumDriver] [  800] - Test step:34
[INFO ][2015-11-05 12:05:05,302][com.java.SeleniumDriver] [  812] - Datavalue is----------dt:NewUserName
[INFO ][2015-11-05 12:05:05,302][com.java.SeleniumDriver] [  836] - DataField : USR
[INFO ][2015-11-05 12:05:05,302][com.java.SeleniumDriver] [  838] - DataValue : dt:NewUserName
[INFO ][2015-11-05 12:05:05,302][com.java.SeleniumDriver] [  844] - <In Set values of the page>
[INFO ][2015-11-05 12:05:05,302][com.java.SeleniumDriver] [  847] - {Data Fields & Data Values Exist}
[INFO ][2015-11-05 12:05:05,302][com.java.SeleniumDriver] [  849] - --------------------------setting values-----------------------------
[INFO ][2015-11-05 12:05:05,302][com.java.SeleniumDriver] [  852] - Action Type : Verify
[INFO ][2015-11-05 12:05:05,302][com.java.TestType] [ 4912] - field= USR value= dt:NewUserName
[INFO ][2015-11-05 12:05:05,302][com.java.TestType] [ 3786] - value = vltest.robot
[INFO ][2015-11-05 12:05:05,362][com.java.SeleniumDriver] [  861] -  RESULT true
[INFO ][2015-11-05 12:05:05,362][com.java.SeleniumDriver] [ 1066] - ?   P A S S   ?
[INFO ][2015-11-05 12:05:05,362][com.java.SeleniumDriver] [  788] - ------------------------------------------
[INFO ][2015-11-05 12:05:05,362][com.java.SeleniumDriver] [  789] - Test case being Executed: 11
[INFO ][2015-11-05 12:05:05,362][com.java.SeleniumDriver] [  800] - Test step:35
[INFO ][2015-11-05 12:05:05,362][com.java.SeleniumDriver] [  812] - Datavalue is----------Login_username
[INFO ][2015-11-05 12:05:05,362][com.java.SeleniumDriver] [  836] - DataField : XPH//table[@id="tblUserListing"]//td[contains(text(),'vltest.robot')]
[INFO ][2015-11-05 12:05:05,362][com.java.SeleniumDriver] [  838] - DataValue : Login_username
[INFO ][2015-11-05 12:05:05,362][com.java.SeleniumDriver] [  844] - <In Set values of the page>
[INFO ][2015-11-05 12:05:05,362][com.java.SeleniumDriver] [  847] - {Data Fields & Data Values Exist}
[INFO ][2015-11-05 12:05:05,362][com.java.SeleniumDriver] [  849] - --------------------------setting values-----------------------------
[INFO ][2015-11-05 12:05:05,362][com.java.SeleniumDriver] [  852] - Action Type : STOREVALUE
[INFO ][2015-11-05 12:05:05,362][com.java.TestType] [ 5846] - field= XPH//table[@id="tblUserListing"]//td[contains(text(),'vltest.robot')]
[DEBUG][2015-11-05 12:05:05,462][com.java.TestType] [ 5898] - Key:: Login_username   Value:: vltest.robot.03890
[INFO ][2015-11-05 12:05:05,462][com.java.SeleniumDriver] [  861] -  RESULT true
[INFO ][2015-11-05 12:05:05,462][com.java.SeleniumDriver] [ 1066] - ?   P A S S   ?
[INFO ][2015-11-05 12:05:05,462][com.java.SeleniumDriver] [  788] - ------------------------------------------
[INFO ][2015-11-05 12:05:05,462][com.java.SeleniumDriver] [  789] - Test case being Executed: 11
[INFO ][2015-11-05 12:05:05,462][com.java.SeleniumDriver] [  800] - Test step:36
[INFO ][2015-11-05 12:05:05,462][com.java.SeleniumDriver] [  812] - Datavalue is----------null
[DEBUG][2015-11-05 12:05:05,462][com.java.SeleniumDriver] [  830] - Exception: null
[INFO ][2015-11-05 12:05:05,462][com.java.SeleniumDriver] [  836] - DataField : BTNparent
[INFO ][2015-11-05 12:05:05,462][com.java.SeleniumDriver] [  838] - DataValue : 
[INFO ][2015-11-05 12:05:05,462][com.java.SeleniumDriver] [  844] - <In Set values of the page>
[INFO ][2015-11-05 12:05:05,462][com.java.SeleniumDriver] [  847] - {Data Fields & Data Values Exist}
[INFO ][2015-11-05 12:05:05,462][com.java.SeleniumDriver] [  849] - --------------------------setting values-----------------------------
[INFO ][2015-11-05 12:05:05,462][com.java.SeleniumDriver] [  852] - Action Type : SelectFrame
[INFO ][2015-11-05 12:05:05,472][com.java.SeleniumDriver] [  861] -  RESULT true
[INFO ][2015-11-05 12:05:05,472][com.java.SeleniumDriver] [ 1066] - ?   P A S S   ?
[INFO ][2015-11-05 12:05:05,472][com.java.SeleniumDriver] [  788] - ------------------------------------------
[INFO ][2015-11-05 12:05:05,472][com.java.SeleniumDriver] [  789] - Test case being Executed: 11
[INFO ][2015-11-05 12:05:05,472][com.java.SeleniumDriver] [  800] - Test step:37
[INFO ][2015-11-05 12:05:05,472][com.java.SeleniumDriver] [  812] - Datavalue is----------null
[DEBUG][2015-11-05 12:05:05,472][com.java.SeleniumDriver] [  830] - Exception: null
[INFO ][2015-11-05 12:05:05,472][com.java.SeleniumDriver] [  836] - DataField : XPH//span[contains(text(), 'Finished')]
[INFO ][2015-11-05 12:05:05,472][com.java.SeleniumDriver] [  838] - DataValue : 
[INFO ][2015-11-05 12:05:05,472][com.java.SeleniumDriver] [  844] - <In Set values of the page>
[INFO ][2015-11-05 12:05:05,472][com.java.SeleniumDriver] [  847] - {Data Fields & Data Values Exist}
[INFO ][2015-11-05 12:05:05,472][com.java.SeleniumDriver] [  849] - --------------------------setting values-----------------------------
[INFO ][2015-11-05 12:05:05,472][com.java.SeleniumDriver] [  852] - Action Type : Click
[INFO ][2015-11-05 12:05:05,472][com.java.TestType] [ 4099] - Field ::XPH//span[contains(text(), 'Finished')]
[INFO ][2015-11-05 12:05:06,472][com.java.TestType] [ 4158] - BEFORE CLICK
[INFO ][2015-11-05 12:05:07,572][com.java.TestType] [ 4166] - Unable to click the object Finished button
[INFO ][2015-11-05 12:05:07,572][com.java.SeleniumDriver] [  861] -  RESULT true
[INFO ][2015-11-05 12:05:07,572][com.java.SeleniumDriver] [ 1066] - ?   P A S S   ?
[INFO ][2015-11-05 12:05:07,572][com.java.SeleniumDriver] [  788] - ------------------------------------------
[INFO ][2015-11-05 12:05:07,572][com.java.SeleniumDriver] [  789] - Test case being Executed: 11
[INFO ][2015-11-05 12:05:07,572][com.java.SeleniumDriver] [  800] - Test step:38
[INFO ][2015-11-05 12:05:07,572][com.java.SeleniumDriver] [  812] - Datavalue is----------Concept#3:1-2
[INFO ][2015-11-05 12:05:07,572][com.java.SeleniumDriver] [  836] - DataField : test
[INFO ][2015-11-05 12:05:07,572][com.java.SeleniumDriver] [  838] - DataValue : Concept#3:1-2
[INFO ][2015-11-05 12:05:07,572][com.java.SeleniumDriver] [  844] - <In Set values of the page>
[INFO ][2015-11-05 12:05:07,572][com.java.SeleniumDriver] [  847] - {Data Fields & Data Values Exist}
[INFO ][2015-11-05 12:05:07,572][com.java.SeleniumDriver] [  849] - --------------------------setting values-----------------------------
[INFO ][2015-11-05 12:05:07,572][com.java.SeleniumDriver] [  852] - Action Type : ExecuteTestCase
[INFO ][2015-11-05 12:05:07,572][com.java.TestType] [  411] - The Concept sheet name is ---------- Concept
[INFO ][2015-11-05 12:05:07,572][com.java.TestType] [  414] - The Concept ID  is ---------- 3
[DEBUG][2015-11-05 12:05:07,572][com.java.TestType] [  418] - Steps being executted in the Concept are: 1:2
[INFO ][2015-11-05 12:05:07,572][com.java.TestType] [  425] - Test data details path ---------- D:\BankersDashboard\TestInputs\TestData.xls
[INFO ][2015-11-05 12:05:07,603][com.java.TestType] [  456] -  str(1) = 3
[INFO ][2015-11-05 12:05:07,603][com.java.TestType] [  459] - Test case Id is---3
[INFO ][2015-11-05 12:05:07,603][com.java.TestType] [  461] - 3
[INFO ][2015-11-05 12:05:07,603][com.java.TestType] [  456] -  str(2) = 1
[INFO ][2015-11-05 12:05:07,603][com.java.TestType] [  508] - row values are--------{1=com.java.Objects.TestDataDetails@ab9869}
[INFO ][2015-11-05 12:05:07,603][com.java.TestType] [  456] -  str(1) = 3
[INFO ][2015-11-05 12:05:07,603][com.java.TestType] [  459] - Test case Id is---3
[INFO ][2015-11-05 12:05:07,603][com.java.TestType] [  461] - 3
[INFO ][2015-11-05 12:05:07,603][com.java.TestType] [  456] -  str(2) = 2
[INFO ][2015-11-05 12:05:07,603][com.java.TestType] [  508] - row values are--------{1=com.java.Objects.TestDataDetails@ab9869, 2=com.java.Objects.TestDataDetails@958e6b}
[INFO ][2015-11-05 12:05:07,603][com.java.TestType] [ 7935] - Looping 1TCID = 3
[DEBUG][2015-11-05 12:05:07,603][com.java.TestType] [ 7976] - Concept ID:3 :: Step being Executed: 3::1
[INFO ][2015-11-05 12:05:07,603][com.java.TestType] [ 8014] - dataFields : test
[DEBUG][2015-11-05 12:05:07,603][com.java.TestType] [ 8020] - <In Set values of the page>
[DEBUG][2015-11-05 12:05:07,603][com.java.TestType] [ 8025] - {Data Fields & Data Values Exist}
[INFO ][2015-11-05 12:05:07,603][com.java.TestType] [ 8031] - --------------------------setting values-----------------------------
[INFO ][2015-11-05 12:05:07,603][com.java.TestType] [ 8034] - Action Type : Logout
[DEBUG][2015-11-05 12:05:17,256][com.java.SeleniumDriver] [  425] - Hub ip address is-------172.17.68.34
[INFO ][2015-11-05 12:05:17,256][com.java.SeleniumDriver] [  451] - Grid URL:http://172.17.68.34:4444/wd/hub
[INFO ][2015-11-05 12:05:17,256][com.java.SeleniumDriver] [  452] - Capability:Capabilities [{platform=ANY, ensureCleanSession=true, ignoreProtectedModeSettings=true, acceptSslCerts=true, ignoreZoomSetting=true, browserName=internet explorer, browserstack.ie.noFlash=true, version=Node1}]
[ERROR][2015-11-05 12:05:18,277][com.java.SeleniumDriver] [  496] - Unable invoke browser in grid:Could not start a new session. Possible causes are invalid address of the remote server or browser start-up failure.
Build info: version: '2.48.2', revision: '41bccdd', time: '2015-10-09 19:59:12'
System info: host: 'FVTIII438F1D', ip: '172.17.68.34', os.name: 'Windows 7', os.arch: 'x86', os.version: '6.1', java.version: '1.7.0_55'
Driver info: driver.version: SeleniumDriver
[INFO ][2015-11-05 12:05:18,277][com.java.SeleniumDriver] [  498] - Executing on local machine
[INFO ][2015-11-05 12:05:27,154][com.java.TestType] [ 8053] -  RESULT true
[INFO ][2015-11-05 12:05:27,154][com.java.TestType] [ 8170] - ?   P A S S   ?
[DEBUG][2015-11-05 12:05:27,154][com.java.TestType] [ 7976] - Concept ID:3 :: Step being Executed: 3::2
[INFO ][2015-11-05 12:05:27,154][com.java.TestType] [ 8014] - dataFields : test
[DEBUG][2015-11-05 12:05:27,154][com.java.TestType] [ 8020] - <In Set values of the page>
[DEBUG][2015-11-05 12:05:27,154][com.java.TestType] [ 8025] - {Data Fields & Data Values Exist}
[INFO ][2015-11-05 12:05:27,154][com.java.TestType] [ 8031] - --------------------------setting values-----------------------------
[INFO ][2015-11-05 12:05:27,154][com.java.TestType] [ 8034] - Action Type : WaitTime
[DEBUG][2015-11-05 12:05:27,154][com.java.TestType] [ 3685] - sleepTime: 2000
[INFO ][2015-11-05 12:05:29,155][com.java.TestType] [ 8053] -  RESULT true
[INFO ][2015-11-05 12:05:29,155][com.java.TestType] [ 8170] - ?   P A S S   ?
[INFO ][2015-11-05 12:05:29,155][com.java.TestType] [ 8241] - Looping End......
[INFO ][2015-11-05 12:05:29,155][com.java.SeleniumDriver] [  861] -  RESULT true
[INFO ][2015-11-05 12:05:29,155][com.java.SeleniumDriver] [ 1066] - ?   P A S S   ?
[INFO ][2015-11-05 12:05:29,155][com.java.SeleniumDriver] [  788] - ------------------------------------------
[INFO ][2015-11-05 12:05:29,155][com.java.SeleniumDriver] [  789] - Test case being Executed: 11
[INFO ][2015-11-05 12:05:29,155][com.java.SeleniumDriver] [  800] - Test step:39
[INFO ][2015-11-05 12:05:29,155][com.java.SeleniumDriver] [  812] - Datavalue is----------HMVLogin_username
[INFO ][2015-11-05 12:05:29,155][com.java.SeleniumDriver] [  836] - DataField : TXTusername
[INFO ][2015-11-05 12:05:29,155][com.java.SeleniumDriver] [  838] - DataValue : HMVLogin_username
[INFO ][2015-11-05 12:05:29,155][com.java.SeleniumDriver] [  844] - <In Set values of the page>
[INFO ][2015-11-05 12:05:29,155][com.java.SeleniumDriver] [  847] - {Data Fields & Data Values Exist}
[INFO ][2015-11-05 12:05:29,155][com.java.SeleniumDriver] [  849] - --------------------------setting values-----------------------------
[INFO ][2015-11-05 12:05:29,155][com.java.SeleniumDriver] [  852] - Action Type : CLEARANDENTER
[INFO ][2015-11-05 12:05:29,155][com.java.TestType] [ 3786] - value = vltest.robot.03890
[INFO ][2015-11-05 12:05:33,983][com.java.SeleniumDriver] [  861] -  RESULT true
[INFO ][2015-11-05 12:05:33,983][com.java.SeleniumDriver] [ 1066] - ?   P A S S   ?
[INFO ][2015-11-05 12:05:33,983][com.java.SeleniumDriver] [  788] - ------------------------------------------
[INFO ][2015-11-05 12:05:33,983][com.java.SeleniumDriver] [  789] - Test case being Executed: 11
[INFO ][2015-11-05 12:05:33,983][com.java.SeleniumDriver] [  800] - Test step:40
[INFO ][2015-11-05 12:05:33,983][com.java.SeleniumDriver] [  812] - Datavalue is----------dt:NewUserPswd
[INFO ][2015-11-05 12:05:33,983][com.java.SeleniumDriver] [  836] - DataField : TXTpassword
[INFO ][2015-11-05 12:05:33,983][com.java.SeleniumDriver] [  838] - DataValue : dt:NewUserPswd
[INFO ][2015-11-05 12:05:33,983][com.java.SeleniumDriver] [  844] - <In Set values of the page>
[INFO ][2015-11-05 12:05:33,983][com.java.SeleniumDriver] [  847] - {Data Fields & Data Values Exist}
[INFO ][2015-11-05 12:05:33,983][com.java.SeleniumDriver] [  849] - --------------------------setting values-----------------------------
[INFO ][2015-11-05 12:05:33,983][com.java.SeleniumDriver] [  852] - Action Type : CLEARANDENTER
[INFO ][2015-11-05 12:05:33,983][com.java.TestType] [ 3786] - value = Password1*
[INFO ][2015-11-05 12:05:38,920][com.java.SeleniumDriver] [  861] -  RESULT true
[INFO ][2015-11-05 12:05:38,920][com.java.SeleniumDriver] [ 1066] - ?   P A S S   ?
[INFO ][2015-11-05 12:05:38,920][com.java.SeleniumDriver] [  788] - ------------------------------------------
[INFO ][2015-11-05 12:05:38,920][com.java.SeleniumDriver] [  789] - Test case being Executed: 11
[INFO ][2015-11-05 12:05:38,920][com.java.SeleniumDriver] [  800] - Test step:41
[INFO ][2015-11-05 12:05:38,920][com.java.SeleniumDriver] [  812] - Datavalue is----------null
[DEBUG][2015-11-05 12:05:38,920][com.java.SeleniumDriver] [  830] - Exception: null
[INFO ][2015-11-05 12:05:38,920][com.java.SeleniumDriver] [  836] - DataField : XPH//button[@type='submit']
[INFO ][2015-11-05 12:05:38,920][com.java.SeleniumDriver] [  838] - DataValue : 
[INFO ][2015-11-05 12:05:38,920][com.java.SeleniumDriver] [  844] - <In Set values of the page>
[INFO ][2015-11-05 12:05:38,920][com.java.SeleniumDriver] [  847] - {Data Fields & Data Values Exist}
[INFO ][2015-11-05 12:05:38,920][com.java.SeleniumDriver] [  849] - --------------------------setting values-----------------------------
[INFO ][2015-11-05 12:05:38,920][com.java.SeleniumDriver] [  852] - Action Type : Click
[INFO ][2015-11-05 12:05:38,920][com.java.TestType] [ 4099] - Field ::XPH//button[@type='submit']
[INFO ][2015-11-05 12:05:39,920][com.java.TestType] [ 4158] - BEFORE CLICK
[INFO ][2015-11-05 12:05:40,760][com.java.TestType] [ 4166] - Unable to click the object Login
[INFO ][2015-11-05 12:05:40,760][com.java.SeleniumDriver] [  861] -  RESULT true
[INFO ][2015-11-05 12:05:40,760][com.java.SeleniumDriver] [ 1066] - ?   P A S S   ?
[INFO ][2015-11-05 12:05:40,760][com.java.SeleniumDriver] [  788] - ------------------------------------------
[INFO ][2015-11-05 12:05:40,760][com.java.SeleniumDriver] [  789] - Test case being Executed: 11
[INFO ][2015-11-05 12:05:40,760][com.java.SeleniumDriver] [  800] - Test step:42
[INFO ][2015-11-05 12:05:40,760][com.java.SeleniumDriver] [  812] - Datavalue is----------null
[DEBUG][2015-11-05 12:05:40,760][com.java.SeleniumDriver] [  830] - Exception: null
[INFO ][2015-11-05 12:05:40,760][com.java.SeleniumDriver] [  836] - DataField : test
[INFO ][2015-11-05 12:05:40,760][com.java.SeleniumDriver] [  838] - DataValue : 
[INFO ][2015-11-05 12:05:40,760][com.java.SeleniumDriver] [  844] - <In Set values of the page>
[INFO ][2015-11-05 12:05:40,760][com.java.SeleniumDriver] [  847] - {Data Fields & Data Values Exist}
[INFO ][2015-11-05 12:05:40,760][com.java.SeleniumDriver] [  849] - --------------------------setting values-----------------------------
[INFO ][2015-11-05 12:05:40,760][com.java.SeleniumDriver] [  852] - Action Type : WaitTime
[DEBUG][2015-11-05 12:05:40,760][com.java.TestType] [ 3685] - sleepTime: 10000
[INFO ][2015-11-05 12:05:50,767][com.java.SeleniumDriver] [  861] -  RESULT true
[INFO ][2015-11-05 12:05:50,767][com.java.SeleniumDriver] [ 1066] - ?   P A S S   ?
[INFO ][2015-11-05 12:05:50,767][com.java.SeleniumDriver] [  788] - ------------------------------------------
[INFO ][2015-11-05 12:05:50,767][com.java.SeleniumDriver] [  789] - Test case being Executed: 11
[INFO ][2015-11-05 12:05:50,767][com.java.SeleniumDriver] [  800] - Test step:43
[INFO ][2015-11-05 12:05:50,767][com.java.SeleniumDriver] [  812] - Datavalue is----------Banker'sDashboard
[INFO ][2015-11-05 12:05:50,767][com.java.SeleniumDriver] [  836] - DataField : TTL
[INFO ][2015-11-05 12:05:50,767][com.java.SeleniumDriver] [  838] - DataValue : Banker'sDashboard
[INFO ][2015-11-05 12:05:50,767][com.java.SeleniumDriver] [  844] - <In Set values of the page>
[INFO ][2015-11-05 12:05:50,767][com.java.SeleniumDriver] [  847] - {Data Fields & Data Values Exist}
[INFO ][2015-11-05 12:05:50,767][com.java.SeleniumDriver] [  849] - --------------------------setting values-----------------------------
[INFO ][2015-11-05 12:05:50,767][com.java.SeleniumDriver] [  852] - Action Type : SelectWindow
[INFO ][2015-11-05 12:06:03,323][com.java.SeleniumDriver] [  861] -  RESULT true
[INFO ][2015-11-05 12:06:03,323][com.java.SeleniumDriver] [ 1066] - ?   P A S S   ?
[INFO ][2015-11-05 12:06:03,323][com.java.SeleniumDriver] [  788] - ------------------------------------------
[INFO ][2015-11-05 12:06:03,323][com.java.SeleniumDriver] [  789] - Test case being Executed: 11
[INFO ][2015-11-05 12:06:03,323][com.java.SeleniumDriver] [  800] - Test step:44
[INFO ][2015-11-05 12:06:03,323][com.java.SeleniumDriver] [  812] - Datavalue is----------20
[INFO ][2015-11-05 12:06:03,323][com.java.SeleniumDriver] [  836] - DataField : test
[INFO ][2015-11-05 12:06:03,323][com.java.SeleniumDriver] [  838] - DataValue : 20
[INFO ][2015-11-05 12:06:03,323][com.java.SeleniumDriver] [  844] - <In Set values of the page>
[INFO ][2015-11-05 12:06:03,323][com.java.SeleniumDriver] [  847] - {Data Fields & Data Values Exist}
[INFO ][2015-11-05 12:06:03,323][com.java.SeleniumDriver] [  849] - --------------------------setting values-----------------------------
[INFO ][2015-11-05 12:06:03,323][com.java.SeleniumDriver] [  852] - Action Type : WaitTime
[DEBUG][2015-11-05 12:06:03,323][com.java.TestType] [ 3685] - sleepTime: 20000
[INFO ][2015-11-05 12:06:23,329][com.java.SeleniumDriver] [  861] -  RESULT true
[INFO ][2015-11-05 12:06:23,329][com.java.SeleniumDriver] [ 1066] - ?   P A S S   ?
[INFO ][2015-11-05 12:06:23,329][com.java.SeleniumDriver] [  788] - ------------------------------------------
[INFO ][2015-11-05 12:06:23,329][com.java.SeleniumDriver] [  789] - Test case being Executed: 11
[INFO ][2015-11-05 12:06:23,329][com.java.SeleniumDriver] [  800] - Test step:45
[INFO ][2015-11-05 12:06:23,329][com.java.SeleniumDriver] [  812] - Datavalue is----------null
[DEBUG][2015-11-05 12:06:23,329][com.java.SeleniumDriver] [  830] - Exception: null
[INFO ][2015-11-05 12:06:23,329][com.java.SeleniumDriver] [  836] - DataField : //span[@class='icon-cog2']&&User Settings
[INFO ][2015-11-05 12:06:23,329][com.java.SeleniumDriver] [  838] - DataValue : 
[INFO ][2015-11-05 12:06:23,329][com.java.SeleniumDriver] [  844] - <In Set values of the page>
[INFO ][2015-11-05 12:06:23,329][com.java.SeleniumDriver] [  847] - {Data Fields & Data Values Exist}
[INFO ][2015-11-05 12:06:23,329][com.java.SeleniumDriver] [  849] - --------------------------setting values-----------------------------
[INFO ][2015-11-05 12:06:23,329][com.java.SeleniumDriver] [  852] - Action Type : MouseOver
[INFO ][2015-11-05 12:06:53,455][com.java.SeleniumDriver] [  861] -  RESULT true
[INFO ][2015-11-05 12:06:53,455][com.java.SeleniumDriver] [ 1066] - ?   P A S S   ?
[INFO ][2015-11-05 12:06:53,455][com.java.SeleniumDriver] [  788] - ------------------------------------------
[INFO ][2015-11-05 12:06:53,455][com.java.SeleniumDriver] [  789] - Test case being Executed: 11
[INFO ][2015-11-05 12:06:53,455][com.java.SeleniumDriver] [  800] - Test step:46
[INFO ][2015-11-05 12:06:53,455][com.java.SeleniumDriver] [  812] - Datavalue is----------null
[DEBUG][2015-11-05 12:06:53,455][com.java.SeleniumDriver] [  830] - Exception: null
[INFO ][2015-11-05 12:06:53,455][com.java.SeleniumDriver] [  836] - DataField : BTNframeDialogContent
[INFO ][2015-11-05 12:06:53,455][com.java.SeleniumDriver] [  838] - DataValue : 
[INFO ][2015-11-05 12:06:53,455][com.java.SeleniumDriver] [  844] - <In Set values of the page>
[INFO ][2015-11-05 12:06:53,455][com.java.SeleniumDriver] [  847] - {Data Fields & Data Values Exist}
[INFO ][2015-11-05 12:06:53,455][com.java.SeleniumDriver] [  849] - --------------------------setting values-----------------------------
[INFO ][2015-11-05 12:06:53,455][com.java.SeleniumDriver] [  852] - Action Type : WaitForElement
[INFO ][2015-11-05 12:06:54,626][com.java.SeleniumDriver] [  861] -  RESULT true
[INFO ][2015-11-05 12:06:54,626][com.java.SeleniumDriver] [ 1066] - ?   P A S S   ?
[INFO ][2015-11-05 12:06:54,626][com.java.SeleniumDriver] [  788] - ------------------------------------------
[INFO ][2015-11-05 12:06:54,626][com.java.SeleniumDriver] [  789] - Test case being Executed: 11
[INFO ][2015-11-05 12:06:54,626][com.java.SeleniumDriver] [  800] - Test step:47
[INFO ][2015-11-05 12:06:54,626][com.java.SeleniumDriver] [  812] - Datavalue is----------frameDialogContent
[INFO ][2015-11-05 12:06:54,626][com.java.SeleniumDriver] [  836] - DataField : BTN
[INFO ][2015-11-05 12:06:54,626][com.java.SeleniumDriver] [  838] - DataValue : frameDialogContent
[INFO ][2015-11-05 12:06:54,626][com.java.SeleniumDriver] [  844] - <In Set values of the page>
[INFO ][2015-11-05 12:06:54,626][com.java.SeleniumDriver] [  847] - {Data Fields & Data Values Exist}
[INFO ][2015-11-05 12:06:54,626][com.java.SeleniumDriver] [  849] - --------------------------setting values-----------------------------
[INFO ][2015-11-05 12:06:54,626][com.java.SeleniumDriver] [  852] - Action Type : SELECTFRAMEBYNAME
[INFO ][2015-11-05 12:06:54,626][com.java.TestType] [ 3786] - value = frameDialogContent
[INFO ][2015-11-05 12:06:54,687][com.java.SeleniumDriver] [  861] -  RESULT true
[INFO ][2015-11-05 12:06:54,687][com.java.SeleniumDriver] [ 1066] - ?   P A S S   ?
[INFO ][2015-11-05 12:06:54,687][com.java.SeleniumDriver] [  788] - ------------------------------------------
[INFO ][2015-11-05 12:06:54,687][com.java.SeleniumDriver] [  789] - Test case being Executed: 11
[INFO ][2015-11-05 12:06:54,687][com.java.SeleniumDriver] [  800] - Test step:48
[INFO ][2015-11-05 12:06:54,687][com.java.SeleniumDriver] [  812] - Datavalue is----------No
[INFO ][2015-11-05 12:06:54,687][com.java.SeleniumDriver] [  836] - DataField : SLBddlOpenBDInNewWindow
[INFO ][2015-11-05 12:06:54,687][com.java.SeleniumDriver] [  838] - DataValue : No
[INFO ][2015-11-05 12:06:54,687][com.java.SeleniumDriver] [  844] - <In Set values of the page>
[INFO ][2015-11-05 12:06:54,687][com.java.SeleniumDriver] [  847] - {Data Fields & Data Values Exist}
[INFO ][2015-11-05 12:06:54,687][com.java.SeleniumDriver] [  849] - --------------------------setting values-----------------------------
[INFO ][2015-11-05 12:06:54,687][com.java.SeleniumDriver] [  852] - Action Type : Select
[INFO ][2015-11-05 12:06:54,687][com.java.TestType] [ 3786] - value = No
[INFO ][2015-11-05 12:06:56,989][com.java.SeleniumDriver] [  861] -  RESULT true
[INFO ][2015-11-05 12:06:56,989][com.java.SeleniumDriver] [ 1066] - ?   P A S S   ?
[INFO ][2015-11-05 12:06:56,989][com.java.SeleniumDriver] [  788] - ------------------------------------------
[INFO ][2015-11-05 12:06:56,989][com.java.SeleniumDriver] [  789] - Test case being Executed: 11
[INFO ][2015-11-05 12:06:56,989][com.java.SeleniumDriver] [  800] - Test step:49
[INFO ][2015-11-05 12:06:56,989][com.java.SeleniumDriver] [  812] - Datavalue is----------null
[DEBUG][2015-11-05 12:06:56,989][com.java.SeleniumDriver] [  830] - Exception: null
[INFO ][2015-11-05 12:06:56,989][com.java.SeleniumDriver] [  836] - DataField : BTNparent
[INFO ][2015-11-05 12:06:56,989][com.java.SeleniumDriver] [  838] - DataValue : 
[INFO ][2015-11-05 12:06:56,989][com.java.SeleniumDriver] [  844] - <In Set values of the page>
[INFO ][2015-11-05 12:06:56,989][com.java.SeleniumDriver] [  847] - {Data Fields & Data Values Exist}
[INFO ][2015-11-05 12:06:56,989][com.java.SeleniumDriver] [  849] - --------------------------setting values-----------------------------
[INFO ][2015-11-05 12:06:56,989][com.java.SeleniumDriver] [  852] - Action Type : SELECTFRAME
[INFO ][2015-11-05 12:06:56,999][com.java.SeleniumDriver] [  861] -  RESULT true
[INFO ][2015-11-05 12:06:56,999][com.java.SeleniumDriver] [ 1066] - ?   P A S S   ?
[INFO ][2015-11-05 12:06:56,999][com.java.SeleniumDriver] [  788] - ------------------------------------------
[INFO ][2015-11-05 12:06:56,999][com.java.SeleniumDriver] [  789] - Test case being Executed: 11
[INFO ][2015-11-05 12:06:56,999][com.java.SeleniumDriver] [  800] - Test step:50
[INFO ][2015-11-05 12:06:56,999][com.java.SeleniumDriver] [  812] - Datavalue is----------null
[DEBUG][2015-11-05 12:06:56,999][com.java.SeleniumDriver] [  830] - Exception: null
[INFO ][2015-11-05 12:06:56,999][com.java.SeleniumDriver] [  836] - DataField : BTN//span[text()='Finished']
[INFO ][2015-11-05 12:06:56,999][com.java.SeleniumDriver] [  838] - DataValue : 
[INFO ][2015-11-05 12:06:56,999][com.java.SeleniumDriver] [  844] - <In Set values of the page>
[INFO ][2015-11-05 12:06:56,999][com.java.SeleniumDriver] [  847] - {Data Fields & Data Values Exist}
[INFO ][2015-11-05 12:06:56,999][com.java.SeleniumDriver] [  849] - --------------------------setting values-----------------------------
[INFO ][2015-11-05 12:06:56,999][com.java.SeleniumDriver] [  852] - Action Type : Click
[INFO ][2015-11-05 12:06:56,999][com.java.TestType] [ 4099] - Field ::BTN//span[text()='Finished']
[INFO ][2015-11-05 12:06:57,999][com.java.TestType] [ 4137] - BEFORE CLICK
[INFO ][2015-11-05 12:06:58,290][com.java.TestType] [ 4144] - Unable to click the object Finished button
[INFO ][2015-11-05 12:06:58,290][com.java.SeleniumDriver] [  861] -  RESULT true
[INFO ][2015-11-05 12:06:58,290][com.java.SeleniumDriver] [ 1066] - ?   P A S S   ?
[INFO ][2015-11-05 12:06:58,290][com.java.SeleniumDriver] [  788] - ------------------------------------------
[INFO ][2015-11-05 12:06:58,290][com.java.SeleniumDriver] [  789] - Test case being Executed: 11
[INFO ][2015-11-05 12:06:58,290][com.java.SeleniumDriver] [  800] - Test step:51
[INFO ][2015-11-05 12:06:58,290][com.java.SeleniumDriver] [  812] - Datavalue is----------Logout
[INFO ][2015-11-05 12:06:58,290][com.java.SeleniumDriver] [  836] - DataField : LNK
[INFO ][2015-11-05 12:06:58,290][com.java.SeleniumDriver] [  838] - DataValue : Logout
[INFO ][2015-11-05 12:06:58,290][com.java.SeleniumDriver] [  844] - <In Set values of the page>
[INFO ][2015-11-05 12:06:58,290][com.java.SeleniumDriver] [  847] - {Data Fields & Data Values Exist}
[INFO ][2015-11-05 12:06:58,290][com.java.SeleniumDriver] [  849] - --------------------------setting values-----------------------------
[INFO ][2015-11-05 12:06:58,290][com.java.SeleniumDriver] [  852] - Action Type : Verify
[INFO ][2015-11-05 12:06:58,290][com.java.TestType] [ 4912] - field= LNK value= Logout
[INFO ][2015-11-05 12:06:58,290][com.java.TestType] [ 3786] - value = Logout
[INFO ][2015-11-05 12:06:58,380][com.java.SeleniumDriver] [  861] -  RESULT true
[INFO ][2015-11-05 12:06:58,380][com.java.SeleniumDriver] [ 1066] - ?   P A S S   ?
[INFO ][2015-11-05 12:06:58,380][com.java.SeleniumDriver] [  788] - ------------------------------------------
[INFO ][2015-11-05 12:06:58,380][com.java.SeleniumDriver] [  789] - Test case being Executed: 11
[INFO ][2015-11-05 12:06:58,380][com.java.SeleniumDriver] [  800] - Test step:52
[INFO ][2015-11-05 12:06:58,380][com.java.SeleniumDriver] [  812] - Datavalue is----------//img[contains(@src,'bdlogo.jpg')]
[INFO ][2015-11-05 12:06:58,380][com.java.SeleniumDriver] [  836] - DataField : BTN
[INFO ][2015-11-05 12:06:58,380][com.java.SeleniumDriver] [  838] - DataValue : //img[contains(@src,'bdlogo.jpg')]
[INFO ][2015-11-05 12:06:58,380][com.java.SeleniumDriver] [  844] - <In Set values of the page>
[INFO ][2015-11-05 12:06:58,380][com.java.SeleniumDriver] [  847] - {Data Fields & Data Values Exist}
[INFO ][2015-11-05 12:06:58,380][com.java.SeleniumDriver] [  849] - --------------------------setting values-----------------------------
[INFO ][2015-11-05 12:06:58,380][com.java.SeleniumDriver] [  852] - Action Type : Verify
[INFO ][2015-11-05 12:06:58,380][com.java.TestType] [ 4912] - field= BTN value= //img[contains(@src,'bdlogo.jpg')]
[INFO ][2015-11-05 12:06:58,380][com.java.TestType] [ 3786] - value = //img[contains(@src,'bdlogo.jpg')]
[INFO ][2015-11-05 12:06:58,440][com.java.SeleniumDriver] [  861] -  RESULT true
[INFO ][2015-11-05 12:06:58,440][com.java.SeleniumDriver] [ 1066] - ?   P A S S   ?
[INFO ][2015-11-05 12:06:58,440][com.java.SeleniumDriver] [  788] - ------------------------------------------
[INFO ][2015-11-05 12:06:58,440][com.java.SeleniumDriver] [  789] - Test case being Executed: 11
[INFO ][2015-11-05 12:06:58,440][com.java.SeleniumDriver] [  800] - Test step:53
[INFO ][2015-11-05 12:06:58,440][com.java.SeleniumDriver] [  812] - Datavalue is----------Concept#3:1-2
[INFO ][2015-11-05 12:06:58,440][com.java.SeleniumDriver] [  836] - DataField : test
[INFO ][2015-11-05 12:06:58,440][com.java.SeleniumDriver] [  838] - DataValue : Concept#3:1-2
[INFO ][2015-11-05 12:06:58,440][com.java.SeleniumDriver] [  844] - <In Set values of the page>
[INFO ][2015-11-05 12:06:58,440][com.java.SeleniumDriver] [  847] - {Data Fields & Data Values Exist}
[INFO ][2015-11-05 12:06:58,440][com.java.SeleniumDriver] [  849] - --------------------------setting values-----------------------------
[INFO ][2015-11-05 12:06:58,440][com.java.SeleniumDriver] [  852] - Action Type : ExecuteTestCase
[INFO ][2015-11-05 12:06:58,440][com.java.TestType] [  411] - The Concept sheet name is ---------- Concept
[INFO ][2015-11-05 12:06:58,440][com.java.TestType] [  414] - The Concept ID  is ---------- 3
[DEBUG][2015-11-05 12:06:58,440][com.java.TestType] [  418] - Steps being executted in the Concept are: 1:2
[INFO ][2015-11-05 12:06:58,440][com.java.TestType] [  425] - Test data details path ---------- D:\BankersDashboard\TestInputs\TestData.xls
[INFO ][2015-11-05 12:06:58,470][com.java.TestType] [  456] -  str(1) = 3
[INFO ][2015-11-05 12:06:58,470][com.java.TestType] [  459] - Test case Id is---3
[INFO ][2015-11-05 12:06:58,470][com.java.TestType] [  461] - 3
[INFO ][2015-11-05 12:06:58,470][com.java.TestType] [  456] -  str(2) = 1
[INFO ][2015-11-05 12:06:58,470][com.java.TestType] [  508] - row values are--------{1=com.java.Objects.TestDataDetails@bc0896}
[INFO ][2015-11-05 12:06:58,470][com.java.TestType] [  456] -  str(1) = 3
[INFO ][2015-11-05 12:06:58,470][com.java.TestType] [  459] - Test case Id is---3
[INFO ][2015-11-05 12:06:58,470][com.java.TestType] [  461] - 3
[INFO ][2015-11-05 12:06:58,470][com.java.TestType] [  456] -  str(2) = 2
[INFO ][2015-11-05 12:06:58,470][com.java.TestType] [  508] - row values are--------{1=com.java.Objects.TestDataDetails@bc0896, 2=com.java.Objects.TestDataDetails@1194a50}
[INFO ][2015-11-05 12:06:58,470][com.java.TestType] [ 7935] - Looping 1TCID = 3
[DEBUG][2015-11-05 12:06:58,470][com.java.TestType] [ 7976] - Concept ID:3 :: Step being Executed: 3::1
[INFO ][2015-11-05 12:06:58,470][com.java.TestType] [ 8014] - dataFields : test
[DEBUG][2015-11-05 12:06:58,470][com.java.TestType] [ 8020] - <In Set values of the page>
[DEBUG][2015-11-05 12:06:58,470][com.java.TestType] [ 8025] - {Data Fields & Data Values Exist}
[INFO ][2015-11-05 12:06:58,470][com.java.TestType] [ 8031] - --------------------------setting values-----------------------------
[INFO ][2015-11-05 12:06:58,470][com.java.TestType] [ 8034] - Action Type : Logout
[INFO ][2015-11-05 12:08:54,226][com.java.TestType] [ 8053] -  RESULT false
[INFO ][2015-11-05 12:08:57,717][com.java.TestType] [ 8091] - ?   F A I L   ?
[DEBUG][2015-11-05 12:08:59,508][com.java.TestType] [ 8094] - Browser Type : IE11
[INFO ][2015-11-05 12:09:06,298][com.java.SeleniumDriver] [  861] -  RESULT false
[INFO ][2015-11-05 12:09:06,298][com.java.SeleniumDriver] [  908] - ?   F A I L   ?
[INFO ][2015-11-05 12:09:06,298][com.java.SeleniumDriver] [  916] - Browser Type : IE11
[INFO ][2015-11-05 12:09:06,298][com.java.SeleniumDriver] [  917] - Adding Failed case11
[WARN ][2015-11-05 12:09:06,299][com.java.SeleniumDriver] [  976] - Source 'D:\BankersDashboard\TestReports\110515' exists but is a directory
[INFO ][2015-11-05 12:09:06,299][com.java.SeleniumDriver] [ 1030] - failedCases = 11
[ERROR][2015-11-05 12:09:06,299][com.java.SeleniumDriver] [ 1516] - Platform Errors : Our apologies...::We have encountered an issue with your request.::Our apologies?:We encountered an issue with your request.
[INFO ][2015-11-05 12:09:06,299][com.java.SeleniumDriver] [ 1520] - Length =3
[ERROR][2015-11-05 12:09:06,299][com.java.SeleniumDriver] [ 1523] - Error 0 = Our apologies...
[DEBUG][2015-11-05 12:09:06,319][com.java.SeleniumDriver] [ 1536] - Unable to get the Platform Error list from Hash Map.
[ERROR][2015-11-05 12:09:06,319][com.java.SeleniumDriver] [  270] - Browser crashed. Opening new browser with same capabilities
[ERROR][2015-11-05 12:09:06,319][com.java.SeleniumDriver] [  271] - Error:
java.lang.NullPointerException
	at com.java.SeleniumDriver.testInitiation(SeleniumDriver.java:1124)
	at com.java.SeleniumDriver.setup(SeleniumDriver.java:255)
	at com.java.ExecuteThread.run(CreateClient.java:688)
	at java.lang.Thread.run(Thread.java:745)
[DEBUG][2015-11-05 12:09:12,372][com.java.SeleniumDriver] [  425] - Hub ip address is-------172.17.68.34
[INFO ][2015-11-05 12:09:12,372][com.java.SeleniumDriver] [  451] - Grid URL:http://172.17.68.34:4444/wd/hub
[INFO ][2015-11-05 12:09:12,372][com.java.SeleniumDriver] [  452] - Capability:Capabilities [{platform=ANY, ensureCleanSession=true, ignoreProtectedModeSettings=true, acceptSslCerts=true, ignoreZoomSetting=true, browserName=internet explorer, browserstack.ie.noFlash=true, version=Node1}]
[ERROR][2015-11-05 12:09:13,383][com.java.SeleniumDriver] [  496] - Unable invoke browser in grid:Could not start a new session. Possible causes are invalid address of the remote server or browser start-up failure.
Build info: version: '2.48.2', revision: '41bccdd', time: '2015-10-09 19:59:12'
System info: host: 'FVTIII438F1D', ip: '172.17.68.34', os.name: 'Windows 7', os.arch: 'x86', os.version: '6.1', java.version: '1.7.0_55'
Driver info: driver.version: SeleniumDriver
[INFO ][2015-11-05 12:09:13,383][com.java.SeleniumDriver] [  498] - Executing on local machine
[INFO ][2015-11-05 12:09:22,560][com.java.SeleniumDriver] [  752] - Test cases to be executed are: [1, 11]
[INFO ][2015-11-05 12:09:24,561][com.java.SeleniumDriver] [ 1297] - Total Number of Cases:2
[INFO ][2015-11-05 12:09:24,561][com.java.TemplateGenerator] [  302] - Executed:1
[INFO ][2015-11-05 12:09:24,561][com.java.TemplateGenerator] [  303] - Passed:1
[INFO ][2015-11-05 12:09:24,561][com.java.TemplateGenerator] [  304] - Failed:0
[INFO ][2015-11-05 12:09:24,561][com.java.TemplateGenerator] [  305] - Skipeed:1
[INFO ][2015-11-05 12:09:24,561][com.java.TemplateGenerator] [  306] - Application URL:https://clients-xuat.bankersdashboard.com
[INFO ][2015-11-05 12:09:24,561][com.java.TemplateGenerator] [  307] - Start Time:110515_120115
[INFO ][2015-11-05 12:09:24,561][com.java.TemplateGenerator] [  308] -  Creating HTML Report 
[ERROR][2015-11-05 12:09:24,561][com.java.TemplateGenerator] [  409] - Unparseable date: "Thu Nov 05 12:01:15 IST 2015"
[INFO ][2015-11-05 12:09:24,561][com.java.TemplateGenerator] [  654] -  Exporting case :: 1
[INFO ][2015-11-05 12:09:24,561][com.java.TemplateGenerator] [  654] -  Exporting case :: 11
[ERROR][2015-11-05 12:09:24,561][com.java.TemplateGenerator] [  693] -   Exception while exporting Cases to HTML
[ERROR][2015-11-05 12:09:24,561][com.java.TemplateGenerator] [  694] - 
[INFO ][2015-11-05 12:09:24,562][com.java.SeleniumDriver] [ 1346] - End Time:110515_120924
[INFO ][2015-11-05 12:09:24,562][com.java.SeleniumDriver] [ 1349] - Data in Test Execution Details:{1=PASS, 11=FAILTest case failed at Step No. :: 53   Error Message ::  In CONCEPT: Test case failed at Step No. :: 1   Error Message ::  Failed to logout from applicaiton}
[INFO ][2015-11-05 12:09:24,562][com.java.SeleniumDriver] [ 1350] - Data in Failed Execution Deatils:{}
[INFO ][2015-11-05 12:09:24,562][com.java.SeleniumDriver] [ 1352] - ReportCounter:Total:1 :: PASS: 1 ::FAIL: 0
[INFO ][2015-11-05 12:09:24,562][com.java.SeleniumDriver] [ 1353] - FailedReportCounter:Total:0 :: PASS: 0 ::FAIL: 0
[INFO ][2015-11-05 12:09:24,562][com.java.EmailTestReport] [   63] - Sending report mail details:
[INFO ][2015-11-05 12:09:24,562][com.java.EmailTestReport] [   80] - Excel Report Path:D:\BankersDashboard/TestReports/Test Results_BankersDashBoard_110515_120115_IE11_Simmons First National Bank.xls
[INFO ][2015-11-05 12:09:24,562][com.java.EmailTestReport] [   81] - HTML Report Path:D:\BankersDashboard//TestReports//Test Results_BankersDashBoard_110515_120115_IE11_Simmons First National Bank.html
[INFO ][2015-11-05 12:09:24,562][com.java.EmailTestReport] [   82] - smtpHostName:mail01.valuelabs.com
[INFO ][2015-11-05 12:09:24,562][com.java.EmailTestReport] [   83] - Recipient:venkateswararao.gubbala@valuelabs.com
[INFO ][2015-11-05 12:09:24,562][com.java.EmailTestReport] [   84] - From:venkateswararao.gubbala@valuelabs.com
[INFO ][2015-11-05 12:09:24,562][com.java.EmailTestReport] [   85] - Subject:Deluxe Corp Bankers Dashboard Automation Test Report - Simmons First National Bank - IE11
[INFO ][2015-11-05 12:09:24,612][com.java.EmailTestReport] [  143] -  Added venkateswararao.gubbala@valuelabs.com
[INFO ][2015-11-05 12:09:28,011][com.java.SeleniumDriver] [  719] - quitting the browser 
[INFO ][2015-11-05 12:09:29,121][com.java.SeleniumDriver] [  286] - Execution Completed Stopping the thread, (Additional info Browser got crashed in the the total execution)
