[INFO ][2015-11-09 11:22:29,707][com.java.SeleniumDriver] [  213] - Execute Failed Casesfalse
[INFO ][2015-11-09 11:22:29,707][com.java.SeleniumDriver] [  214] - Browser: IE11
[INFO ][2015-11-09 11:22:29,707][com.java.SeleniumDriver] [  215] - [1, 7]
[INFO ][2015-11-09 11:22:29,707][com.java.SeleniumDriver] [  216] - Total TestCases:2
[INFO ][2015-11-09 11:22:29,707][com.java.SeleniumDriver] [  217] -  Reading Properties from Property File 
[DEBUG][2015-11-09 11:22:29,707][com.java.SeleniumDriver] [  238] - url : https://clients-xuat.bankersdashboard.com
[INFO ][2015-11-09 11:22:29,707][com.java.ImportnExport.ExportTestResultsExcel] [  116] - Time Stamp Mon Nov 09 11:22:29 IST 2015
[INFO ][2015-11-09 11:22:29,707][com.java.ImportnExport.ExportTestResultsExcel] [  175] - OUT FILE : D:\BankersDashboard/TestReports/Test Results_BankersDashBoard_110915_112229_IE11_Simmons First National Bank.xls
[INFO ][2015-11-09 11:22:29,738][com.java.ImportnExport.ExportTestResultsExcel] [  180] - Test Result file is created
[DEBUG][2015-11-09 11:22:29,828][com.java.SeleniumDriver] [  425] - Hub ip address is-------172.17.68.34
[INFO ][2015-11-09 11:22:29,838][com.java.SeleniumDriver] [  451] - Grid URL:http://172.17.68.34:4444/wd/hub
[INFO ][2015-11-09 11:22:29,838][com.java.SeleniumDriver] [  452] - Capability:Capabilities [{platform=ANY, ensureCleanSession=true, ignoreProtectedModeSettings=true, acceptSslCerts=true, ignoreZoomSetting=true, browserName=internet explorer, browserstack.ie.noFlash=true, version=Node1}]
[ERROR][2015-11-09 11:22:31,118][com.java.SeleniumDriver] [  496] - Unable invoke browser in grid:Could not start a new session. Possible causes are invalid address of the remote server or browser start-up failure.
Build info: version: '2.48.2', revision: '41bccdd', time: '2015-10-09 19:59:12'
System info: host: 'FVTIII438F1D', ip: '172.17.68.34', os.name: 'Windows 7', os.arch: 'x86', os.version: '6.1', java.version: '1.7.0_55'
Driver info: driver.version: SeleniumDriver
[INFO ][2015-11-09 11:22:31,118][com.java.SeleniumDriver] [  498] - Executing on local machine
[INFO ][2015-11-09 11:22:41,188][com.java.SeleniumDriver] [  248] - IE11is opened
[INFO ][2015-11-09 11:22:41,818][com.java.SeleniumDriver] [  752] - Test cases to be executed are: [1, 7]
[INFO ][2015-11-09 11:22:41,818][com.java.ImportnExport.ImportTestDataDetailsExcel] [   49] - test data details path===== D:\BankersDashboard\TestInputs\TestData.xls
[INFO ][2015-11-09 11:22:52,597][com.java.SeleniumDriver] [  788] - ------------------------------------------
[INFO ][2015-11-09 11:22:52,597][com.java.SeleniumDriver] [  789] - Test case being Executed: 1
[INFO ][2015-11-09 11:22:52,598][com.java.SeleniumDriver] [  800] - Test step:1
[INFO ][2015-11-09 11:22:52,598][com.java.SeleniumDriver] [  812] - Datavalue is----------Concept#1:1-14
[INFO ][2015-11-09 11:22:52,598][com.java.SeleniumDriver] [  836] - DataField : test
[INFO ][2015-11-09 11:22:52,598][com.java.SeleniumDriver] [  838] - DataValue : Concept#1:1-14
[INFO ][2015-11-09 11:22:52,598][com.java.SeleniumDriver] [  844] - <In Set values of the page>
[INFO ][2015-11-09 11:22:52,598][com.java.SeleniumDriver] [  847] - {Data Fields & Data Values Exist}
[INFO ][2015-11-09 11:22:52,598][com.java.SeleniumDriver] [  849] - --------------------------setting values-----------------------------
[INFO ][2015-11-09 11:22:52,598][com.java.SeleniumDriver] [  852] - Action Type : ExecuteTestCase
[INFO ][2015-11-09 11:22:52,628][com.java.TestType] [  420] - The Concept sheet name is ---------- Concept
[INFO ][2015-11-09 11:22:52,628][com.java.TestType] [  423] - The Concept ID  is ---------- 1
[DEBUG][2015-11-09 11:22:52,628][com.java.TestType] [  427] - Steps being executted in the Concept are: 1:14
[INFO ][2015-11-09 11:22:52,628][com.java.TestType] [  434] - Test data details path ---------- D:\BankersDashboard\TestInputs\TestData.xls
[INFO ][2015-11-09 11:22:52,658][com.java.TestType] [  465] -  str(1) = 1
[INFO ][2015-11-09 11:22:52,658][com.java.TestType] [  468] - Test case Id is---1
[INFO ][2015-11-09 11:22:52,658][com.java.TestType] [  470] - 1
[INFO ][2015-11-09 11:22:52,658][com.java.TestType] [  465] -  str(2) = 1
[INFO ][2015-11-09 11:22:52,658][com.java.TestType] [  517] - row values are--------{1=com.java.Objects.TestDataDetails@142eb69}
[INFO ][2015-11-09 11:22:52,658][com.java.TestType] [  465] -  str(1) = 1
[INFO ][2015-11-09 11:22:52,658][com.java.TestType] [  468] - Test case Id is---1
[INFO ][2015-11-09 11:22:52,658][com.java.TestType] [  470] - 1
[INFO ][2015-11-09 11:22:52,658][com.java.TestType] [  465] -  str(2) = 2
[INFO ][2015-11-09 11:22:52,658][com.java.TestType] [  517] - row values are--------{1=com.java.Objects.TestDataDetails@142eb69, 2=com.java.Objects.TestDataDetails@10f5aca}
[INFO ][2015-11-09 11:22:52,658][com.java.TestType] [  465] -  str(1) = 1
[INFO ][2015-11-09 11:22:52,658][com.java.TestType] [  468] - Test case Id is---1
[INFO ][2015-11-09 11:22:52,658][com.java.TestType] [  470] - 1
[INFO ][2015-11-09 11:22:52,658][com.java.TestType] [  465] -  str(2) = 3
[INFO ][2015-11-09 11:22:52,668][com.java.TestType] [  517] - row values are--------{1=com.java.Objects.TestDataDetails@142eb69, 2=com.java.Objects.TestDataDetails@10f5aca, 3=com.java.Objects.TestDataDetails@dc8a29}
[INFO ][2015-11-09 11:22:52,668][com.java.TestType] [  465] -  str(1) = 1
[INFO ][2015-11-09 11:22:52,668][com.java.TestType] [  468] - Test case Id is---1
[INFO ][2015-11-09 11:22:52,668][com.java.TestType] [  470] - 1
[INFO ][2015-11-09 11:22:52,668][com.java.TestType] [  465] -  str(2) = 4
[INFO ][2015-11-09 11:22:52,668][com.java.TestType] [  517] - row values are--------{1=com.java.Objects.TestDataDetails@142eb69, 2=com.java.Objects.TestDataDetails@10f5aca, 3=com.java.Objects.TestDataDetails@dc8a29, 4=com.java.Objects.TestDataDetails@1192410}
[INFO ][2015-11-09 11:22:52,668][com.java.TestType] [  465] -  str(1) = 1
[INFO ][2015-11-09 11:22:52,668][com.java.TestType] [  468] - Test case Id is---1
[INFO ][2015-11-09 11:22:52,668][com.java.TestType] [  470] - 1
[INFO ][2015-11-09 11:22:52,668][com.java.TestType] [  465] -  str(2) = 5
[INFO ][2015-11-09 11:22:52,668][com.java.TestType] [  517] - row values are--------{1=com.java.Objects.TestDataDetails@142eb69, 2=com.java.Objects.TestDataDetails@10f5aca, 3=com.java.Objects.TestDataDetails@dc8a29, 4=com.java.Objects.TestDataDetails@1192410, 5=com.java.Objects.TestDataDetails@1eeb332}
[INFO ][2015-11-09 11:22:52,668][com.java.TestType] [  465] -  str(1) = 1
[INFO ][2015-11-09 11:22:52,668][com.java.TestType] [  468] - Test case Id is---1
[INFO ][2015-11-09 11:22:52,668][com.java.TestType] [  470] - 1
[INFO ][2015-11-09 11:22:52,668][com.java.TestType] [  465] -  str(2) = 6
[INFO ][2015-11-09 11:22:52,668][com.java.TestType] [  517] - row values are--------{1=com.java.Objects.TestDataDetails@142eb69, 2=com.java.Objects.TestDataDetails@10f5aca, 3=com.java.Objects.TestDataDetails@dc8a29, 4=com.java.Objects.TestDataDetails@1192410, 5=com.java.Objects.TestDataDetails@1eeb332, 6=com.java.Objects.TestDataDetails@8ed249}
[INFO ][2015-11-09 11:22:52,668][com.java.TestType] [  465] -  str(1) = 1
[INFO ][2015-11-09 11:22:52,668][com.java.TestType] [  468] - Test case Id is---1
[INFO ][2015-11-09 11:22:52,668][com.java.TestType] [  470] - 1
[INFO ][2015-11-09 11:22:52,668][com.java.TestType] [  465] -  str(2) = 7
[INFO ][2015-11-09 11:22:52,668][com.java.TestType] [  517] - row values are--------{1=com.java.Objects.TestDataDetails@142eb69, 2=com.java.Objects.TestDataDetails@10f5aca, 3=com.java.Objects.TestDataDetails@dc8a29, 4=com.java.Objects.TestDataDetails@1192410, 5=com.java.Objects.TestDataDetails@1eeb332, 6=com.java.Objects.TestDataDetails@8ed249, 7=com.java.Objects.TestDataDetails@2d1d1e}
[INFO ][2015-11-09 11:22:52,668][com.java.TestType] [  465] -  str(1) = 1
[INFO ][2015-11-09 11:22:52,668][com.java.TestType] [  468] - Test case Id is---1
[INFO ][2015-11-09 11:22:52,668][com.java.TestType] [  470] - 1
[INFO ][2015-11-09 11:22:52,668][com.java.TestType] [  465] -  str(2) = 8
[INFO ][2015-11-09 11:22:52,668][com.java.TestType] [  517] - row values are--------{1=com.java.Objects.TestDataDetails@142eb69, 2=com.java.Objects.TestDataDetails@10f5aca, 3=com.java.Objects.TestDataDetails@dc8a29, 4=com.java.Objects.TestDataDetails@1192410, 5=com.java.Objects.TestDataDetails@1eeb332, 6=com.java.Objects.TestDataDetails@8ed249, 7=com.java.Objects.TestDataDetails@2d1d1e, 8=com.java.Objects.TestDataDetails@1dc598b}
[INFO ][2015-11-09 11:22:52,668][com.java.TestType] [  465] -  str(1) = 1
[INFO ][2015-11-09 11:22:52,668][com.java.TestType] [  468] - Test case Id is---1
[INFO ][2015-11-09 11:22:52,668][com.java.TestType] [  470] - 1
[INFO ][2015-11-09 11:22:52,668][com.java.TestType] [  465] -  str(2) = 9
[INFO ][2015-11-09 11:22:52,678][com.java.TestType] [  517] - row values are--------{1=com.java.Objects.TestDataDetails@142eb69, 2=com.java.Objects.TestDataDetails@10f5aca, 3=com.java.Objects.TestDataDetails@dc8a29, 4=com.java.Objects.TestDataDetails@1192410, 5=com.java.Objects.TestDataDetails@1eeb332, 6=com.java.Objects.TestDataDetails@8ed249, 7=com.java.Objects.TestDataDetails@2d1d1e, 8=com.java.Objects.TestDataDetails@1dc598b, 9=com.java.Objects.TestDataDetails@1943ca0}
[INFO ][2015-11-09 11:22:52,678][com.java.TestType] [  465] -  str(1) = 1
[INFO ][2015-11-09 11:22:52,678][com.java.TestType] [  468] - Test case Id is---1
[INFO ][2015-11-09 11:22:52,678][com.java.TestType] [  470] - 1
[INFO ][2015-11-09 11:22:52,678][com.java.TestType] [  465] -  str(2) = 10
[INFO ][2015-11-09 11:22:52,678][com.java.TestType] [  517] - row values are--------{1=com.java.Objects.TestDataDetails@142eb69, 2=com.java.Objects.TestDataDetails@10f5aca, 3=com.java.Objects.TestDataDetails@dc8a29, 4=com.java.Objects.TestDataDetails@1192410, 5=com.java.Objects.TestDataDetails@1eeb332, 6=com.java.Objects.TestDataDetails@8ed249, 7=com.java.Objects.TestDataDetails@2d1d1e, 8=com.java.Objects.TestDataDetails@1dc598b, 9=com.java.Objects.TestDataDetails@1943ca0, 10=com.java.Objects.TestDataDetails@12a7b1d}
[INFO ][2015-11-09 11:22:52,678][com.java.TestType] [  465] -  str(1) = 1
[INFO ][2015-11-09 11:22:52,678][com.java.TestType] [  468] - Test case Id is---1
[INFO ][2015-11-09 11:22:52,678][com.java.TestType] [  470] - 1
[INFO ][2015-11-09 11:22:52,678][com.java.TestType] [  465] -  str(2) = 11
[INFO ][2015-11-09 11:22:52,678][com.java.TestType] [  517] - row values are--------{1=com.java.Objects.TestDataDetails@142eb69, 2=com.java.Objects.TestDataDetails@10f5aca, 3=com.java.Objects.TestDataDetails@dc8a29, 4=com.java.Objects.TestDataDetails@1192410, 5=com.java.Objects.TestDataDetails@1eeb332, 6=com.java.Objects.TestDataDetails@8ed249, 7=com.java.Objects.TestDataDetails@2d1d1e, 8=com.java.Objects.TestDataDetails@1dc598b, 9=com.java.Objects.TestDataDetails@1943ca0, 10=com.java.Objects.TestDataDetails@12a7b1d, 11=com.java.Objects.TestDataDetails@19a4d79}
[INFO ][2015-11-09 11:22:52,678][com.java.TestType] [  465] -  str(1) = 1
[INFO ][2015-11-09 11:22:52,678][com.java.TestType] [  468] - Test case Id is---1
[INFO ][2015-11-09 11:22:52,678][com.java.TestType] [  470] - 1
[INFO ][2015-11-09 11:22:52,678][com.java.TestType] [  465] -  str(2) = 12
[INFO ][2015-11-09 11:22:52,678][com.java.TestType] [  517] - row values are--------{1=com.java.Objects.TestDataDetails@142eb69, 2=com.java.Objects.TestDataDetails@10f5aca, 3=com.java.Objects.TestDataDetails@dc8a29, 4=com.java.Objects.TestDataDetails@1192410, 5=com.java.Objects.TestDataDetails@1eeb332, 6=com.java.Objects.TestDataDetails@8ed249, 7=com.java.Objects.TestDataDetails@2d1d1e, 8=com.java.Objects.TestDataDetails@1dc598b, 9=com.java.Objects.TestDataDetails@1943ca0, 10=com.java.Objects.TestDataDetails@12a7b1d, 11=com.java.Objects.TestDataDetails@19a4d79, 12=com.java.Objects.TestDataDetails@1679a2}
[INFO ][2015-11-09 11:22:52,678][com.java.TestType] [  465] -  str(1) = 1
[INFO ][2015-11-09 11:22:52,678][com.java.TestType] [  468] - Test case Id is---1
[INFO ][2015-11-09 11:22:52,678][com.java.TestType] [  470] - 1
[INFO ][2015-11-09 11:22:52,678][com.java.TestType] [  465] -  str(2) = 13
[INFO ][2015-11-09 11:22:52,678][com.java.TestType] [  517] - row values are--------{1=com.java.Objects.TestDataDetails@142eb69, 2=com.java.Objects.TestDataDetails@10f5aca, 3=com.java.Objects.TestDataDetails@dc8a29, 4=com.java.Objects.TestDataDetails@1192410, 5=com.java.Objects.TestDataDetails@1eeb332, 6=com.java.Objects.TestDataDetails@8ed249, 7=com.java.Objects.TestDataDetails@2d1d1e, 8=com.java.Objects.TestDataDetails@1dc598b, 9=com.java.Objects.TestDataDetails@1943ca0, 10=com.java.Objects.TestDataDetails@12a7b1d, 11=com.java.Objects.TestDataDetails@19a4d79, 12=com.java.Objects.TestDataDetails@1679a2, 13=com.java.Objects.TestDataDetails@389cc9}
[INFO ][2015-11-09 11:22:52,678][com.java.TestType] [  465] -  str(1) = 1
[INFO ][2015-11-09 11:22:52,678][com.java.TestType] [  468] - Test case Id is---1
[INFO ][2015-11-09 11:22:52,678][com.java.TestType] [  470] - 1
[INFO ][2015-11-09 11:22:52,678][com.java.TestType] [  465] -  str(2) = 14
[INFO ][2015-11-09 11:22:52,678][com.java.TestType] [  517] - row values are--------{1=com.java.Objects.TestDataDetails@142eb69, 2=com.java.Objects.TestDataDetails@10f5aca, 3=com.java.Objects.TestDataDetails@dc8a29, 4=com.java.Objects.TestDataDetails@1192410, 5=com.java.Objects.TestDataDetails@1eeb332, 6=com.java.Objects.TestDataDetails@8ed249, 7=com.java.Objects.TestDataDetails@2d1d1e, 8=com.java.Objects.TestDataDetails@1dc598b, 9=com.java.Objects.TestDataDetails@1943ca0, 10=com.java.Objects.TestDataDetails@12a7b1d, 11=com.java.Objects.TestDataDetails@19a4d79, 12=com.java.Objects.TestDataDetails@1679a2, 13=com.java.Objects.TestDataDetails@389cc9, 14=com.java.Objects.TestDataDetails@3170cc}
[INFO ][2015-11-09 11:22:52,678][com.java.TestType] [ 8225] - Looping 1TCID = 1
[DEBUG][2015-11-09 11:22:52,678][com.java.TestType] [ 8266] - Concept ID:1 :: Step being Executed: 1::1
[INFO ][2015-11-09 11:22:52,678][com.java.TestType] [ 8304] - dataFields : TXTusername
[DEBUG][2015-11-09 11:22:52,678][com.java.TestType] [ 8310] - <In Set values of the page>
[DEBUG][2015-11-09 11:22:52,678][com.java.TestType] [ 8315] - {Data Fields & Data Values Exist}
[INFO ][2015-11-09 11:22:52,678][com.java.TestType] [ 8321] - --------------------------setting values-----------------------------
[INFO ][2015-11-09 11:22:52,678][com.java.TestType] [ 8324] - Action Type : CLEARANDENTER
[INFO ][2015-11-09 11:22:52,678][com.java.TestType] [ 4075] - value = valuelabs.ie11.03890
[INFO ][2015-11-09 11:22:57,481][com.java.TestType] [ 8343] -  RESULT true
[INFO ][2015-11-09 11:22:57,481][com.java.TestType] [ 8460] - ?   P A S S   ?
[DEBUG][2015-11-09 11:22:57,481][com.java.TestType] [ 8266] - Concept ID:1 :: Step being Executed: 1::2
[INFO ][2015-11-09 11:22:57,481][com.java.TestType] [ 8304] - dataFields : TXTpassword
[DEBUG][2015-11-09 11:22:57,491][com.java.TestType] [ 8310] - <In Set values of the page>
[DEBUG][2015-11-09 11:22:57,491][com.java.TestType] [ 8315] - {Data Fields & Data Values Exist}
[INFO ][2015-11-09 11:22:57,491][com.java.TestType] [ 8321] - --------------------------setting values-----------------------------
[INFO ][2015-11-09 11:22:57,491][com.java.TestType] [ 8324] - Action Type : CLEARANDENTER
[INFO ][2015-11-09 11:22:57,491][com.java.TestType] [ 4075] - value = Password1*
[INFO ][2015-11-09 11:23:02,438][com.java.TestType] [ 8343] -  RESULT true
[INFO ][2015-11-09 11:23:02,438][com.java.TestType] [ 8460] - ?   P A S S   ?
[DEBUG][2015-11-09 11:23:02,438][com.java.TestType] [ 8266] - Concept ID:1 :: Step being Executed: 1::3
[ERROR][2015-11-09 11:23:02,438][com.java.TestType] [ 8299] - Exception: null
[INFO ][2015-11-09 11:23:02,438][com.java.TestType] [ 8304] - dataFields : XPH//button[@type='submit']
[DEBUG][2015-11-09 11:23:02,438][com.java.TestType] [ 8310] - <In Set values of the page>
[DEBUG][2015-11-09 11:23:02,438][com.java.TestType] [ 8315] - {Data Fields & Data Values Exist}
[INFO ][2015-11-09 11:23:02,438][com.java.TestType] [ 8321] - --------------------------setting values-----------------------------
[INFO ][2015-11-09 11:23:02,438][com.java.TestType] [ 8324] - Action Type : Click
[INFO ][2015-11-09 11:23:02,438][com.java.TestType] [ 4388] - Field ::XPH//button[@type='submit']
[INFO ][2015-11-09 11:23:03,438][com.java.TestType] [ 4447] - BEFORE CLICK
[INFO ][2015-11-09 11:23:04,306][com.java.TestType] [ 4455] - Unable to click the object Login
[INFO ][2015-11-09 11:23:04,306][com.java.TestType] [ 8343] -  RESULT true
[INFO ][2015-11-09 11:23:04,306][com.java.TestType] [ 8460] - ?   P A S S   ?
[DEBUG][2015-11-09 11:23:04,306][com.java.TestType] [ 8266] - Concept ID:1 :: Step being Executed: 1::4
[INFO ][2015-11-09 11:23:04,306][com.java.TestType] [ 8304] - dataFields : LNKLogout
[DEBUG][2015-11-09 11:23:04,306][com.java.TestType] [ 8310] - <In Set values of the page>
[DEBUG][2015-11-09 11:23:04,306][com.java.TestType] [ 8315] - {Data Fields & Data Values Exist}
[INFO ][2015-11-09 11:23:04,306][com.java.TestType] [ 8321] - --------------------------setting values-----------------------------
[INFO ][2015-11-09 11:23:04,306][com.java.TestType] [ 8324] - Action Type : WaitForElement
[INFO ][2015-11-09 11:23:11,090][com.java.TestType] [ 8343] -  RESULT true
[INFO ][2015-11-09 11:23:11,090][com.java.TestType] [ 8460] - ?   P A S S   ?
[DEBUG][2015-11-09 11:23:11,090][com.java.TestType] [ 8266] - Concept ID:1 :: Step being Executed: 1::13
[INFO ][2015-11-09 11:23:11,090][com.java.TestType] [ 8304] - dataFields : LNK
[DEBUG][2015-11-09 11:23:11,090][com.java.TestType] [ 8310] - <In Set values of the page>
[DEBUG][2015-11-09 11:23:11,090][com.java.TestType] [ 8315] - {Data Fields & Data Values Exist}
[INFO ][2015-11-09 11:23:11,090][com.java.TestType] [ 8321] - --------------------------setting values-----------------------------
[INFO ][2015-11-09 11:23:11,090][com.java.TestType] [ 8324] - Action Type : Verify
[INFO ][2015-11-09 11:23:11,090][com.java.TestType] [ 5201] - field= LNK value= Logout
[INFO ][2015-11-09 11:23:11,090][com.java.TestType] [ 4075] - value = Logout
[INFO ][2015-11-09 11:23:11,121][com.java.TestType] [ 8343] -  RESULT true
[INFO ][2015-11-09 11:23:11,121][com.java.TestType] [ 8460] - ?   P A S S   ?
[DEBUG][2015-11-09 11:23:11,121][com.java.TestType] [ 8266] - Concept ID:1 :: Step being Executed: 1::14
[INFO ][2015-11-09 11:23:11,121][com.java.TestType] [ 8304] - dataFields : BTN
[DEBUG][2015-11-09 11:23:11,121][com.java.TestType] [ 8310] - <In Set values of the page>
[DEBUG][2015-11-09 11:23:11,121][com.java.TestType] [ 8315] - {Data Fields & Data Values Exist}
[INFO ][2015-11-09 11:23:11,121][com.java.TestType] [ 8321] - --------------------------setting values-----------------------------
[INFO ][2015-11-09 11:23:11,121][com.java.TestType] [ 8324] - Action Type : Verify
[INFO ][2015-11-09 11:23:11,121][com.java.TestType] [ 5201] - field= BTN value= //img[contains(@src,'bdlogo.jpg')]
[INFO ][2015-11-09 11:23:11,121][com.java.TestType] [ 4075] - value = //img[contains(@src,'bdlogo.jpg')]
[INFO ][2015-11-09 11:23:11,151][com.java.TestType] [ 8343] -  RESULT true
[INFO ][2015-11-09 11:23:11,151][com.java.TestType] [ 8460] - ?   P A S S   ?
[INFO ][2015-11-09 11:23:11,151][com.java.TestType] [ 8531] - Looping End......
[INFO ][2015-11-09 11:23:11,151][com.java.SeleniumDriver] [  861] -  RESULT true
[INFO ][2015-11-09 11:23:11,151][com.java.SeleniumDriver] [ 1066] - ?   P A S S   ?
[INFO ][2015-11-09 11:23:11,151][com.java.SeleniumDriver] [  788] - ------------------------------------------
[INFO ][2015-11-09 11:23:11,151][com.java.SeleniumDriver] [  789] - Test case being Executed: 1
[INFO ][2015-11-09 11:23:11,151][com.java.SeleniumDriver] [  800] - Test step:2
[INFO ][2015-11-09 11:23:11,151][com.java.SeleniumDriver] [  812] - Datavalue is----------Concept#2:1-2
[INFO ][2015-11-09 11:23:11,151][com.java.SeleniumDriver] [  836] - DataField : test
[INFO ][2015-11-09 11:23:11,151][com.java.SeleniumDriver] [  838] - DataValue : Concept#2:1-2
[INFO ][2015-11-09 11:23:11,151][com.java.SeleniumDriver] [  844] - <In Set values of the page>
[INFO ][2015-11-09 11:23:11,151][com.java.SeleniumDriver] [  847] - {Data Fields & Data Values Exist}
[INFO ][2015-11-09 11:23:11,151][com.java.SeleniumDriver] [  849] - --------------------------setting values-----------------------------
[INFO ][2015-11-09 11:23:11,151][com.java.SeleniumDriver] [  852] - Action Type : ExecuteTestCase
[INFO ][2015-11-09 11:23:11,151][com.java.TestType] [  420] - The Concept sheet name is ---------- Concept
[INFO ][2015-11-09 11:23:11,151][com.java.TestType] [  423] - The Concept ID  is ---------- 2
[DEBUG][2015-11-09 11:23:11,151][com.java.TestType] [  427] - Steps being executted in the Concept are: 1:2
[INFO ][2015-11-09 11:23:11,151][com.java.TestType] [  434] - Test data details path ---------- D:\BankersDashboard\TestInputs\TestData.xls
[INFO ][2015-11-09 11:23:11,191][com.java.TestType] [  465] -  str(1) = 2
[INFO ][2015-11-09 11:23:11,191][com.java.TestType] [  468] - Test case Id is---2
[INFO ][2015-11-09 11:23:11,191][com.java.TestType] [  470] - 2
[INFO ][2015-11-09 11:23:11,191][com.java.TestType] [  465] -  str(2) = 1
[INFO ][2015-11-09 11:23:11,191][com.java.TestType] [  517] - row values are--------{1=com.java.Objects.TestDataDetails@291bea}
[INFO ][2015-11-09 11:23:11,191][com.java.TestType] [  465] -  str(1) = 2
[INFO ][2015-11-09 11:23:11,191][com.java.TestType] [  468] - Test case Id is---2
[INFO ][2015-11-09 11:23:11,191][com.java.TestType] [  470] - 2
[INFO ][2015-11-09 11:23:11,191][com.java.TestType] [  465] -  str(2) = 2
[INFO ][2015-11-09 11:23:11,191][com.java.TestType] [  517] - row values are--------{1=com.java.Objects.TestDataDetails@291bea, 2=com.java.Objects.TestDataDetails@fed27b}
[INFO ][2015-11-09 11:23:11,191][com.java.TestType] [  465] -  str(1) = 2
[INFO ][2015-11-09 11:23:11,191][com.java.TestType] [  468] - Test case Id is---2
[INFO ][2015-11-09 11:23:11,191][com.java.TestType] [  470] - 2
[INFO ][2015-11-09 11:23:11,191][com.java.TestType] [  465] -  str(2) = 3
[INFO ][2015-11-09 11:23:11,191][com.java.TestType] [  517] - row values are--------{1=com.java.Objects.TestDataDetails@291bea, 2=com.java.Objects.TestDataDetails@fed27b, 3=com.java.Objects.TestDataDetails@1497f3c}
[INFO ][2015-11-09 11:23:11,191][com.java.TestType] [ 8225] - Looping 1TCID = 2
[DEBUG][2015-11-09 11:23:11,191][com.java.TestType] [ 8266] - Concept ID:2 :: Step being Executed: 2::1
[INFO ][2015-11-09 11:23:11,191][com.java.TestType] [ 8304] - dataFields : BNK//select[@id='bank']
[DEBUG][2015-11-09 11:23:11,191][com.java.TestType] [ 8310] - <In Set values of the page>
[DEBUG][2015-11-09 11:23:11,191][com.java.TestType] [ 8315] - {Data Fields & Data Values Exist}
[INFO ][2015-11-09 11:23:11,191][com.java.TestType] [ 8321] - --------------------------setting values-----------------------------
[INFO ][2015-11-09 11:23:11,191][com.java.TestType] [ 8324] - Action Type : Select
[INFO ][2015-11-09 11:23:11,191][com.java.TestType] [ 4075] - value = PFC
[INFO ][2015-11-09 11:23:11,381][com.java.TestType] [ 8343] -  RESULT true
[INFO ][2015-11-09 11:23:11,381][com.java.TestType] [ 8460] - ?   P A S S   ?
[DEBUG][2015-11-09 11:23:11,381][com.java.TestType] [ 8266] - Concept ID:2 :: Step being Executed: 2::2
[INFO ][2015-11-09 11:23:11,381][com.java.TestType] [ 8304] - dataFields : LNKLogout
[DEBUG][2015-11-09 11:23:11,381][com.java.TestType] [ 8310] - <In Set values of the page>
[DEBUG][2015-11-09 11:23:11,381][com.java.TestType] [ 8315] - {Data Fields & Data Values Exist}
[INFO ][2015-11-09 11:23:11,381][com.java.TestType] [ 8321] - --------------------------setting values-----------------------------
[INFO ][2015-11-09 11:23:11,381][com.java.TestType] [ 8324] - Action Type : WaitTime
[DEBUG][2015-11-09 11:23:11,381][com.java.TestType] [ 3911] - sleepTime: 5000
[INFO ][2015-11-09 11:23:16,381][com.java.TestType] [ 8343] -  RESULT true
[INFO ][2015-11-09 11:23:16,381][com.java.TestType] [ 8460] - ?   P A S S   ?
[INFO ][2015-11-09 11:23:16,381][com.java.TestType] [ 8531] - Looping End......
[INFO ][2015-11-09 11:23:16,381][com.java.SeleniumDriver] [  861] -  RESULT true
[INFO ][2015-11-09 11:23:16,381][com.java.SeleniumDriver] [ 1066] - ?   P A S S   ?
[INFO ][2015-11-09 11:23:16,381][com.java.SeleniumDriver] [  788] - ------------------------------------------
[INFO ][2015-11-09 11:23:16,381][com.java.SeleniumDriver] [  789] - Test case being Executed: 1
[INFO ][2015-11-09 11:23:16,381][com.java.SeleniumDriver] [  800] - Test step:3
[INFO ][2015-11-09 11:23:16,381][com.java.SeleniumDriver] [  812] - Datavalue is----------2
[INFO ][2015-11-09 11:23:16,381][com.java.SeleniumDriver] [  836] - DataField : XPH//button[contains(text(),'Add Content')]
[INFO ][2015-11-09 11:23:16,381][com.java.SeleniumDriver] [  838] - DataValue : 2
[INFO ][2015-11-09 11:23:16,381][com.java.SeleniumDriver] [  844] - <In Set values of the page>
[INFO ][2015-11-09 11:23:16,381][com.java.SeleniumDriver] [  847] - {Data Fields & Data Values Exist}
[INFO ][2015-11-09 11:23:16,381][com.java.SeleniumDriver] [  849] - --------------------------setting values-----------------------------
[INFO ][2015-11-09 11:23:16,381][com.java.SeleniumDriver] [  852] - Action Type : WAITFORELEMENT
[INFO ][2015-11-09 11:23:16,422][com.java.SeleniumDriver] [  861] -  RESULT true
[INFO ][2015-11-09 11:23:16,422][com.java.SeleniumDriver] [ 1066] - ?   P A S S   ?
[DEBUG][2015-11-09 11:23:16,422][com.java.SeleniumDriver] [ 1168] - Case found
[DEBUG][2015-11-09 11:23:16,422][com.java.SeleniumDriver] [ 1173] - Incrementing ReportCounters[0]:1
[INFO ][2015-11-09 11:23:16,422][com.java.SeleniumDriver] [ 1192] - The results are-------------------[1, 1, Valid Login, Pass, , Mon Nov 09 11:23:11 IST 2015, 1, 2, Valid Login, Pass, , Mon Nov 09 11:23:16 IST 2015, 1, 3, Valid Login, Pass, , Mon Nov 09 11:23:16 IST 2015]
[INFO ][2015-11-09 11:23:16,422][com.java.SeleniumDriver] [ 1196] - End time is-------48 sec
[INFO ][2015-11-09 11:23:16,422][com.java.SeleniumDriver] [ 1197] - The results are-------------------[1, 1, Valid Login, Pass, , Mon Nov 09 11:23:11 IST 2015, 1, 2, Valid Login, Pass, , Mon Nov 09 11:23:16 IST 2015, 1, 3, Valid Login, Pass, , Mon Nov 09 11:23:16 IST 2015]
[DEBUG][2015-11-09 11:23:16,422][com.java.ImportnExport.ExportTestResultsExcel] [  222] - testResultPath = D:\BankersDashboard/TestReports/Test Results_BankersDashBoard_110915_112229_IE11_Simmons First National Bank.xls
[DEBUG][2015-11-09 11:23:16,422][com.java.ImportnExport.ExportTestResultsExcel] [  223] - browser is------------IE11
[DEBUG][2015-11-09 11:23:16,462][com.java.ImportnExport.ExportTestResultsExcel] [  270] - result.size() = 18
[DEBUG][2015-11-09 11:23:16,462][com.java.ImportnExport.ExportTestResultsExcel] [  274] - No of rows in sheet=1
[DEBUG][2015-11-09 11:23:16,462][com.java.ImportnExport.ExportTestResultsExcel] [  301] - ..in export..1
[DEBUG][2015-11-09 11:23:16,462][com.java.ImportnExport.ExportTestResultsExcel] [  301] - ..in export..Valid Login
[DEBUG][2015-11-09 11:23:16,462][com.java.ImportnExport.ExportTestResultsExcel] [  301] - ..in export..Pass
[DEBUG][2015-11-09 11:23:16,462][com.java.ImportnExport.ExportTestResultsExcel] [  301] - ..in export..
[DEBUG][2015-11-09 11:23:16,462][com.java.ImportnExport.ExportTestResultsExcel] [  301] - ..in export..Mon Nov 09 11:23:11 IST 2015
[INFO ][2015-11-09 11:23:16,462][com.java.SeleniumDriver] [ 1255] - out loop:0 size:2 TestCases:[1, 7] testcases:[1, 7]
[INFO ][2015-11-09 11:23:16,462][com.java.ImportnExport.ImportTestDataDetailsExcel] [   49] - test data details path===== D:\BankersDashboard\TestInputs\TestData.xls
[INFO ][2015-11-09 11:24:17,742][com.java.SeleniumDriver] [  788] - ------------------------------------------
[INFO ][2015-11-09 11:24:17,742][com.java.SeleniumDriver] [  789] - Test case being Executed: 7
[INFO ][2015-11-09 11:24:17,742][com.java.SeleniumDriver] [  800] - Test step:1
[INFO ][2015-11-09 11:24:17,742][com.java.SeleniumDriver] [  812] - Datavalue is----------Logout
[INFO ][2015-11-09 11:24:17,742][com.java.SeleniumDriver] [  836] - DataField : BTN
[INFO ][2015-11-09 11:24:17,742][com.java.SeleniumDriver] [  838] - DataValue : Logout
[INFO ][2015-11-09 11:24:17,742][com.java.SeleniumDriver] [  844] - <In Set values of the page>
[INFO ][2015-11-09 11:24:17,742][com.java.SeleniumDriver] [  847] - {Data Fields & Data Values Exist}
[INFO ][2015-11-09 11:24:17,742][com.java.SeleniumDriver] [  849] - --------------------------setting values-----------------------------
[INFO ][2015-11-09 11:24:17,742][com.java.SeleniumDriver] [  852] - Action Type : Verify
[INFO ][2015-11-09 11:24:17,742][com.java.TestType] [ 5201] - field= BTN value= Logout
[INFO ][2015-11-09 11:24:17,742][com.java.TestType] [ 4075] - value = Logout
[INFO ][2015-11-09 11:24:17,783][com.java.SeleniumDriver] [  861] -  RESULT true
[INFO ][2015-11-09 11:24:17,783][com.java.SeleniumDriver] [ 1066] - ?   P A S S   ?
[INFO ][2015-11-09 11:24:17,783][com.java.SeleniumDriver] [ 1108] - step change to 3
[INFO ][2015-11-09 11:24:17,783][com.java.SeleniumDriver] [  788] - ------------------------------------------
[INFO ][2015-11-09 11:24:17,783][com.java.SeleniumDriver] [  789] - Test case being Executed: 7
[INFO ][2015-11-09 11:24:17,783][com.java.SeleniumDriver] [  800] - Test step:3
[INFO ][2015-11-09 11:24:17,783][com.java.SeleniumDriver] [  812] - Datavalue is----------Concept#2:1-2
[INFO ][2015-11-09 11:24:17,783][com.java.SeleniumDriver] [  836] - DataField : test
[INFO ][2015-11-09 11:24:17,783][com.java.SeleniumDriver] [  838] - DataValue : Concept#2:1-2
[INFO ][2015-11-09 11:24:17,783][com.java.SeleniumDriver] [  844] - <In Set values of the page>
[INFO ][2015-11-09 11:24:17,783][com.java.SeleniumDriver] [  847] - {Data Fields & Data Values Exist}
[INFO ][2015-11-09 11:24:17,783][com.java.SeleniumDriver] [  849] - --------------------------setting values-----------------------------
[INFO ][2015-11-09 11:24:17,783][com.java.SeleniumDriver] [  852] - Action Type : ExecuteTestCase
[INFO ][2015-11-09 11:24:17,783][com.java.TestType] [  420] - The Concept sheet name is ---------- Concept
[INFO ][2015-11-09 11:24:17,783][com.java.TestType] [  423] - The Concept ID  is ---------- 2
[DEBUG][2015-11-09 11:24:17,783][com.java.TestType] [  427] - Steps being executted in the Concept are: 1:2
[INFO ][2015-11-09 11:24:17,783][com.java.TestType] [  434] - Test data details path ---------- D:\BankersDashboard\TestInputs\TestData.xls
[INFO ][2015-11-09 11:24:17,813][com.java.TestType] [  465] -  str(1) = 2
[INFO ][2015-11-09 11:24:17,813][com.java.TestType] [  468] - Test case Id is---2
[INFO ][2015-11-09 11:24:17,813][com.java.TestType] [  470] - 2
[INFO ][2015-11-09 11:24:17,813][com.java.TestType] [  465] -  str(2) = 1
[INFO ][2015-11-09 11:24:17,813][com.java.TestType] [  517] - row values are--------{1=com.java.Objects.TestDataDetails@657855}
[INFO ][2015-11-09 11:24:17,813][com.java.TestType] [  465] -  str(1) = 2
[INFO ][2015-11-09 11:24:17,813][com.java.TestType] [  468] - Test case Id is---2
[INFO ][2015-11-09 11:24:17,813][com.java.TestType] [  470] - 2
[INFO ][2015-11-09 11:24:17,813][com.java.TestType] [  465] -  str(2) = 2
[INFO ][2015-11-09 11:24:17,813][com.java.TestType] [  517] - row values are--------{1=com.java.Objects.TestDataDetails@657855, 2=com.java.Objects.TestDataDetails@113e52f}
[INFO ][2015-11-09 11:24:17,813][com.java.TestType] [  465] -  str(1) = 2
[INFO ][2015-11-09 11:24:17,813][com.java.TestType] [  468] - Test case Id is---2
[INFO ][2015-11-09 11:24:17,813][com.java.TestType] [  470] - 2
[INFO ][2015-11-09 11:24:17,813][com.java.TestType] [  465] -  str(2) = 3
[INFO ][2015-11-09 11:24:17,813][com.java.TestType] [  517] - row values are--------{1=com.java.Objects.TestDataDetails@657855, 2=com.java.Objects.TestDataDetails@113e52f, 3=com.java.Objects.TestDataDetails@1bce011}
[INFO ][2015-11-09 11:24:17,813][com.java.TestType] [ 8225] - Looping 1TCID = 2
[DEBUG][2015-11-09 11:24:17,813][com.java.TestType] [ 8266] - Concept ID:2 :: Step being Executed: 2::1
[INFO ][2015-11-09 11:24:17,813][com.java.TestType] [ 8304] - dataFields : BNK//select[@id='bank']
[DEBUG][2015-11-09 11:24:17,813][com.java.TestType] [ 8310] - <In Set values of the page>
[DEBUG][2015-11-09 11:24:17,813][com.java.TestType] [ 8315] - {Data Fields & Data Values Exist}
[INFO ][2015-11-09 11:24:17,813][com.java.TestType] [ 8321] - --------------------------setting values-----------------------------
[INFO ][2015-11-09 11:24:17,813][com.java.TestType] [ 8324] - Action Type : Select
[INFO ][2015-11-09 11:24:17,813][com.java.TestType] [ 4075] - value = PFC
[INFO ][2015-11-09 11:24:18,003][com.java.TestType] [ 8343] -  RESULT true
[INFO ][2015-11-09 11:24:18,003][com.java.TestType] [ 8460] - ?   P A S S   ?
[DEBUG][2015-11-09 11:24:18,003][com.java.TestType] [ 8266] - Concept ID:2 :: Step being Executed: 2::2
[INFO ][2015-11-09 11:24:18,003][com.java.TestType] [ 8304] - dataFields : LNKLogout
[DEBUG][2015-11-09 11:24:18,003][com.java.TestType] [ 8310] - <In Set values of the page>
[DEBUG][2015-11-09 11:24:18,003][com.java.TestType] [ 8315] - {Data Fields & Data Values Exist}
[INFO ][2015-11-09 11:24:18,003][com.java.TestType] [ 8321] - --------------------------setting values-----------------------------
[INFO ][2015-11-09 11:24:18,003][com.java.TestType] [ 8324] - Action Type : WaitTime
[DEBUG][2015-11-09 11:24:18,003][com.java.TestType] [ 3911] - sleepTime: 5000
[INFO ][2015-11-09 11:24:23,003][com.java.TestType] [ 8343] -  RESULT true
[INFO ][2015-11-09 11:24:23,003][com.java.TestType] [ 8460] - ?   P A S S   ?
[INFO ][2015-11-09 11:24:23,003][com.java.TestType] [ 8531] - Looping End......
[INFO ][2015-11-09 11:24:23,003][com.java.SeleniumDriver] [  861] -  RESULT true
[INFO ][2015-11-09 11:24:23,003][com.java.SeleniumDriver] [ 1066] - ?   P A S S   ?
[INFO ][2015-11-09 11:24:23,003][com.java.SeleniumDriver] [  788] - ------------------------------------------
[INFO ][2015-11-09 11:24:23,003][com.java.SeleniumDriver] [  789] - Test case being Executed: 7
[INFO ][2015-11-09 11:24:23,003][com.java.SeleniumDriver] [  800] - Test step:4
[INFO ][2015-11-09 11:24:23,003][com.java.SeleniumDriver] [  812] - Datavalue is----------null
[DEBUG][2015-11-09 11:24:23,003][com.java.SeleniumDriver] [  830] - Exception: null
[INFO ][2015-11-09 11:24:23,003][com.java.SeleniumDriver] [  836] - DataField : //span[@class='icon-user4']&&//a[text()='Users']&&//a[@data-id="ModifyUsers"]
[INFO ][2015-11-09 11:24:23,003][com.java.SeleniumDriver] [  838] - DataValue : 
[INFO ][2015-11-09 11:24:23,003][com.java.SeleniumDriver] [  844] - <In Set values of the page>
[INFO ][2015-11-09 11:24:23,003][com.java.SeleniumDriver] [  847] - {Data Fields & Data Values Exist}
[INFO ][2015-11-09 11:24:23,003][com.java.SeleniumDriver] [  849] - --------------------------setting values-----------------------------
[INFO ][2015-11-09 11:24:23,003][com.java.SeleniumDriver] [  852] - Action Type : MouseOver
[INFO ][2015-11-09 11:25:03,206][com.java.SeleniumDriver] [  861] -  RESULT true
[INFO ][2015-11-09 11:25:03,206][com.java.SeleniumDriver] [ 1066] - ?   P A S S   ?
[INFO ][2015-11-09 11:25:03,206][com.java.SeleniumDriver] [  788] - ------------------------------------------
[INFO ][2015-11-09 11:25:03,206][com.java.SeleniumDriver] [  789] - Test case being Executed: 7
[INFO ][2015-11-09 11:25:03,206][com.java.SeleniumDriver] [  800] - Test step:5
[INFO ][2015-11-09 11:25:03,206][com.java.SeleniumDriver] [  812] - Datavalue is----------2
[INFO ][2015-11-09 11:25:03,206][com.java.SeleniumDriver] [  836] - DataField : BTNframeDialogContent
[INFO ][2015-11-09 11:25:03,206][com.java.SeleniumDriver] [  838] - DataValue : 2
[INFO ][2015-11-09 11:25:03,206][com.java.SeleniumDriver] [  844] - <In Set values of the page>
[INFO ][2015-11-09 11:25:03,206][com.java.SeleniumDriver] [  847] - {Data Fields & Data Values Exist}
[INFO ][2015-11-09 11:25:03,206][com.java.SeleniumDriver] [  849] - --------------------------setting values-----------------------------
[INFO ][2015-11-09 11:25:03,206][com.java.SeleniumDriver] [  852] - Action Type : WaitForElement
[INFO ][2015-11-09 11:25:04,449][com.java.SeleniumDriver] [  861] -  RESULT true
[INFO ][2015-11-09 11:25:04,450][com.java.SeleniumDriver] [ 1066] - ?   P A S S   ?
[INFO ][2015-11-09 11:25:04,450][com.java.SeleniumDriver] [  788] - ------------------------------------------
[INFO ][2015-11-09 11:25:04,450][com.java.SeleniumDriver] [  789] - Test case being Executed: 7
[INFO ][2015-11-09 11:25:04,450][com.java.SeleniumDriver] [  800] - Test step:6
[INFO ][2015-11-09 11:25:04,450][com.java.SeleniumDriver] [  812] - Datavalue is----------null
[DEBUG][2015-11-09 11:25:04,450][com.java.SeleniumDriver] [  830] - Exception: null
[INFO ][2015-11-09 11:25:04,450][com.java.SeleniumDriver] [  836] - DataField : BTNframeDialogContent
[INFO ][2015-11-09 11:25:04,450][com.java.SeleniumDriver] [  838] - DataValue : 
[INFO ][2015-11-09 11:25:04,450][com.java.SeleniumDriver] [  844] - <In Set values of the page>
[INFO ][2015-11-09 11:25:04,450][com.java.SeleniumDriver] [  847] - {Data Fields & Data Values Exist}
[INFO ][2015-11-09 11:25:04,450][com.java.SeleniumDriver] [  849] - --------------------------setting values-----------------------------
[INFO ][2015-11-09 11:25:04,450][com.java.SeleniumDriver] [  852] - Action Type : SelectFrame
[INFO ][2015-11-09 11:25:05,702][com.java.SeleniumDriver] [  861] -  RESULT true
[INFO ][2015-11-09 11:25:05,702][com.java.SeleniumDriver] [ 1066] - ?   P A S S   ?
[INFO ][2015-11-09 11:25:05,702][com.java.SeleniumDriver] [  788] - ------------------------------------------
[INFO ][2015-11-09 11:25:05,702][com.java.SeleniumDriver] [  789] - Test case being Executed: 7
[INFO ][2015-11-09 11:25:05,702][com.java.SeleniumDriver] [  800] - Test step:7
[INFO ][2015-11-09 11:25:05,702][com.java.SeleniumDriver] [  812] - Datavalue is----------2
[INFO ][2015-11-09 11:25:05,702][com.java.SeleniumDriver] [  836] - DataField : BTNbtnAddUser
[INFO ][2015-11-09 11:25:05,702][com.java.SeleniumDriver] [  838] - DataValue : 2
[INFO ][2015-11-09 11:25:05,702][com.java.SeleniumDriver] [  844] - <In Set values of the page>
[INFO ][2015-11-09 11:25:05,702][com.java.SeleniumDriver] [  847] - {Data Fields & Data Values Exist}
[INFO ][2015-11-09 11:25:05,702][com.java.SeleniumDriver] [  849] - --------------------------setting values-----------------------------
[INFO ][2015-11-09 11:25:05,702][com.java.SeleniumDriver] [  852] - Action Type : WaitForElement
[INFO ][2015-11-09 11:25:07,522][com.java.SeleniumDriver] [  861] -  RESULT true
[INFO ][2015-11-09 11:25:07,522][com.java.SeleniumDriver] [ 1066] - ?   P A S S   ?
[INFO ][2015-11-09 11:25:07,522][com.java.SeleniumDriver] [  788] - ------------------------------------------
[INFO ][2015-11-09 11:25:07,522][com.java.SeleniumDriver] [  789] - Test case being Executed: 7
[INFO ][2015-11-09 11:25:07,522][com.java.SeleniumDriver] [  800] - Test step:8
[INFO ][2015-11-09 11:25:07,522][com.java.SeleniumDriver] [  812] - Datavalue is----------null
[DEBUG][2015-11-09 11:25:07,522][com.java.SeleniumDriver] [  830] - Exception: null
[INFO ][2015-11-09 11:25:07,522][com.java.SeleniumDriver] [  836] - DataField : BTNbtnAddUser
[INFO ][2015-11-09 11:25:07,522][com.java.SeleniumDriver] [  838] - DataValue : 
[INFO ][2015-11-09 11:25:07,522][com.java.SeleniumDriver] [  844] - <In Set values of the page>
[INFO ][2015-11-09 11:25:07,522][com.java.SeleniumDriver] [  847] - {Data Fields & Data Values Exist}
[INFO ][2015-11-09 11:25:07,522][com.java.SeleniumDriver] [  849] - --------------------------setting values-----------------------------
[INFO ][2015-11-09 11:25:07,522][com.java.SeleniumDriver] [  852] - Action Type : Click
[INFO ][2015-11-09 11:25:07,522][com.java.TestType] [ 4388] - Field ::BTNbtnAddUser
[INFO ][2015-11-09 11:25:08,523][com.java.TestType] [ 4426] - BEFORE CLICK
[INFO ][2015-11-09 11:25:10,525][com.java.TestType] [ 4433] - Unable to click the object Add user button
[INFO ][2015-11-09 11:25:10,525][com.java.SeleniumDriver] [  861] -  RESULT true
[INFO ][2015-11-09 11:25:10,525][com.java.SeleniumDriver] [ 1066] - ?   P A S S   ?
[INFO ][2015-11-09 11:25:10,525][com.java.SeleniumDriver] [  788] - ------------------------------------------
[INFO ][2015-11-09 11:25:10,525][com.java.SeleniumDriver] [  789] - Test case being Executed: 7
[INFO ][2015-11-09 11:25:10,525][com.java.SeleniumDriver] [  800] - Test step:9
[INFO ][2015-11-09 11:25:10,525][com.java.SeleniumDriver] [  812] - Datavalue is----------2
[INFO ][2015-11-09 11:25:10,525][com.java.SeleniumDriver] [  836] - DataField : BTNtxtUserName
[INFO ][2015-11-09 11:25:10,525][com.java.SeleniumDriver] [  838] - DataValue : 2
[INFO ][2015-11-09 11:25:10,525][com.java.SeleniumDriver] [  844] - <In Set values of the page>
[INFO ][2015-11-09 11:25:10,525][com.java.SeleniumDriver] [  847] - {Data Fields & Data Values Exist}
[INFO ][2015-11-09 11:25:10,525][com.java.SeleniumDriver] [  849] - --------------------------setting values-----------------------------
[INFO ][2015-11-09 11:25:10,525][com.java.SeleniumDriver] [  852] - Action Type : WaitForElement
[INFO ][2015-11-09 11:25:25,878][com.java.SeleniumDriver] [  861] -  RESULT true
[INFO ][2015-11-09 11:25:25,878][com.java.SeleniumDriver] [ 1066] - ?   P A S S   ?
[INFO ][2015-11-09 11:25:25,878][com.java.SeleniumDriver] [  788] - ------------------------------------------
[INFO ][2015-11-09 11:25:25,878][com.java.SeleniumDriver] [  789] - Test case being Executed: 7
[INFO ][2015-11-09 11:25:25,878][com.java.SeleniumDriver] [  800] - Test step:10
[INFO ][2015-11-09 11:25:25,878][com.java.SeleniumDriver] [  812] - Datavalue is----------dt:NewUserName
[INFO ][2015-11-09 11:25:25,878][com.java.SeleniumDriver] [  836] - DataField : TXTtxtUserName
[INFO ][2015-11-09 11:25:25,878][com.java.SeleniumDriver] [  838] - DataValue : dt:NewUserName
[INFO ][2015-11-09 11:25:25,878][com.java.SeleniumDriver] [  844] - <In Set values of the page>
[INFO ][2015-11-09 11:25:25,878][com.java.SeleniumDriver] [  847] - {Data Fields & Data Values Exist}
[INFO ][2015-11-09 11:25:25,878][com.java.SeleniumDriver] [  849] - --------------------------setting values-----------------------------
[INFO ][2015-11-09 11:25:25,878][com.java.SeleniumDriver] [  852] - Action Type : Enter
[INFO ][2015-11-09 11:25:25,878][com.java.TestType] [ 4708] - field = txtUserName
[INFO ][2015-11-09 11:25:25,878][com.java.TestType] [ 4075] - value = vltest.robot
[INFO ][2015-11-09 11:25:28,664][com.java.SeleniumDriver] [  861] -  RESULT true
[INFO ][2015-11-09 11:25:28,664][com.java.SeleniumDriver] [ 1066] - ?   P A S S   ?
[INFO ][2015-11-09 11:25:28,664][com.java.SeleniumDriver] [  788] - ------------------------------------------
[INFO ][2015-11-09 11:25:28,664][com.java.SeleniumDriver] [  789] - Test case being Executed: 7
[INFO ][2015-11-09 11:25:28,664][com.java.SeleniumDriver] [  800] - Test step:11
[INFO ][2015-11-09 11:25:28,664][com.java.SeleniumDriver] [  812] - Datavalue is----------VLTest
[INFO ][2015-11-09 11:25:28,664][com.java.SeleniumDriver] [  836] - DataField : TXTtxtFirstName
[INFO ][2015-11-09 11:25:28,664][com.java.SeleniumDriver] [  838] - DataValue : VLTest
[INFO ][2015-11-09 11:25:28,664][com.java.SeleniumDriver] [  844] - <In Set values of the page>
[INFO ][2015-11-09 11:25:28,664][com.java.SeleniumDriver] [  847] - {Data Fields & Data Values Exist}
[INFO ][2015-11-09 11:25:28,664][com.java.SeleniumDriver] [  849] - --------------------------setting values-----------------------------
[INFO ][2015-11-09 11:25:28,664][com.java.SeleniumDriver] [  852] - Action Type : Enter
[INFO ][2015-11-09 11:25:28,664][com.java.TestType] [ 4708] - field = txtFirstName
[INFO ][2015-11-09 11:25:28,664][com.java.TestType] [ 4075] - value = VLTest
[INFO ][2015-11-09 11:25:31,726][com.java.SeleniumDriver] [  861] -  RESULT true
[INFO ][2015-11-09 11:25:31,726][com.java.SeleniumDriver] [ 1066] - ?   P A S S   ?
[INFO ][2015-11-09 11:25:31,726][com.java.SeleniumDriver] [  788] - ------------------------------------------
[INFO ][2015-11-09 11:25:31,726][com.java.SeleniumDriver] [  789] - Test case being Executed: 7
[INFO ][2015-11-09 11:25:31,726][com.java.SeleniumDriver] [  800] - Test step:12
[INFO ][2015-11-09 11:25:31,726][com.java.SeleniumDriver] [  812] - Datavalue is----------Robot
[INFO ][2015-11-09 11:25:31,726][com.java.SeleniumDriver] [  836] - DataField : TXTtxtLastName
[INFO ][2015-11-09 11:25:31,726][com.java.SeleniumDriver] [  838] - DataValue : Robot
[INFO ][2015-11-09 11:25:31,726][com.java.SeleniumDriver] [  844] - <In Set values of the page>
[INFO ][2015-11-09 11:25:31,726][com.java.SeleniumDriver] [  847] - {Data Fields & Data Values Exist}
[INFO ][2015-11-09 11:25:31,726][com.java.SeleniumDriver] [  849] - --------------------------setting values-----------------------------
[INFO ][2015-11-09 11:25:31,726][com.java.SeleniumDriver] [  852] - Action Type : Enter
[INFO ][2015-11-09 11:25:31,726][com.java.TestType] [ 4708] - field = txtLastName
[INFO ][2015-11-09 11:25:31,726][com.java.TestType] [ 4075] - value = Robot
[INFO ][2015-11-09 11:25:34,528][com.java.SeleniumDriver] [  861] -  RESULT true
[INFO ][2015-11-09 11:25:34,528][com.java.SeleniumDriver] [ 1066] - ?   P A S S   ?
[INFO ][2015-11-09 11:25:34,528][com.java.SeleniumDriver] [  788] - ------------------------------------------
[INFO ][2015-11-09 11:25:34,528][com.java.SeleniumDriver] [  789] - Test case being Executed: 7
[INFO ][2015-11-09 11:25:34,528][com.java.SeleniumDriver] [  800] - Test step:13
[INFO ][2015-11-09 11:25:34,528][com.java.SeleniumDriver] [  812] - Datavalue is----------ValueLabs
[INFO ][2015-11-09 11:25:34,528][com.java.SeleniumDriver] [  836] - DataField : TXTtxtCompany
[INFO ][2015-11-09 11:25:34,528][com.java.SeleniumDriver] [  838] - DataValue : ValueLabs
[INFO ][2015-11-09 11:25:34,528][com.java.SeleniumDriver] [  844] - <In Set values of the page>
[INFO ][2015-11-09 11:25:34,528][com.java.SeleniumDriver] [  847] - {Data Fields & Data Values Exist}
[INFO ][2015-11-09 11:25:34,528][com.java.SeleniumDriver] [  849] - --------------------------setting values-----------------------------
[INFO ][2015-11-09 11:25:34,528][com.java.SeleniumDriver] [  852] - Action Type : Enter
[INFO ][2015-11-09 11:25:34,528][com.java.TestType] [ 4708] - field = txtCompany
[INFO ][2015-11-09 11:25:34,528][com.java.TestType] [ 4075] - value = ValueLabs
[INFO ][2015-11-09 11:25:37,490][com.java.SeleniumDriver] [  861] -  RESULT true
[INFO ][2015-11-09 11:25:37,490][com.java.SeleniumDriver] [ 1066] - ?   P A S S   ?
[INFO ][2015-11-09 11:25:37,490][com.java.SeleniumDriver] [  788] - ------------------------------------------
[INFO ][2015-11-09 11:25:37,490][com.java.SeleniumDriver] [  789] - Test case being Executed: 7
[INFO ][2015-11-09 11:25:37,490][com.java.SeleniumDriver] [  800] - Test step:14
[INFO ][2015-11-09 11:25:37,490][com.java.SeleniumDriver] [  812] - Datavalue is----------India
[INFO ][2015-11-09 11:25:37,490][com.java.SeleniumDriver] [  836] - DataField : TXTtxtLocation
[INFO ][2015-11-09 11:25:37,490][com.java.SeleniumDriver] [  838] - DataValue : India
[INFO ][2015-11-09 11:25:37,490][com.java.SeleniumDriver] [  844] - <In Set values of the page>
[INFO ][2015-11-09 11:25:37,490][com.java.SeleniumDriver] [  847] - {Data Fields & Data Values Exist}
[INFO ][2015-11-09 11:25:37,490][com.java.SeleniumDriver] [  849] - --------------------------setting values-----------------------------
[INFO ][2015-11-09 11:25:37,490][com.java.SeleniumDriver] [  852] - Action Type : Enter
[INFO ][2015-11-09 11:25:37,490][com.java.TestType] [ 4708] - field = txtLocation
[INFO ][2015-11-09 11:25:37,490][com.java.TestType] [ 4075] - value = India
[INFO ][2015-11-09 11:25:40,292][com.java.SeleniumDriver] [  861] -  RESULT true
[INFO ][2015-11-09 11:25:40,292][com.java.SeleniumDriver] [ 1066] - ?   P A S S   ?
[INFO ][2015-11-09 11:25:40,292][com.java.SeleniumDriver] [  788] - ------------------------------------------
[INFO ][2015-11-09 11:25:40,292][com.java.SeleniumDriver] [  789] - Test case being Executed: 7
[INFO ][2015-11-09 11:25:40,292][com.java.SeleniumDriver] [  800] - Test step:15
[INFO ][2015-11-09 11:25:40,292][com.java.SeleniumDriver] [  812] - Datavalue is----------vltest.robot@valuelabs.com
[INFO ][2015-11-09 11:25:40,292][com.java.SeleniumDriver] [  836] - DataField : TXTtxtEMail
[INFO ][2015-11-09 11:25:40,292][com.java.SeleniumDriver] [  838] - DataValue : vltest.robot@valuelabs.com
[INFO ][2015-11-09 11:25:40,292][com.java.SeleniumDriver] [  844] - <In Set values of the page>
[INFO ][2015-11-09 11:25:40,292][com.java.SeleniumDriver] [  847] - {Data Fields & Data Values Exist}
[INFO ][2015-11-09 11:25:40,292][com.java.SeleniumDriver] [  849] - --------------------------setting values-----------------------------
[INFO ][2015-11-09 11:25:40,292][com.java.SeleniumDriver] [  852] - Action Type : Enter
[INFO ][2015-11-09 11:25:40,292][com.java.TestType] [ 4708] - field = txtEMail
[INFO ][2015-11-09 11:25:40,292][com.java.TestType] [ 4075] - value = vltest.robot@valuelabs.com
[INFO ][2015-11-09 11:25:43,314][com.java.SeleniumDriver] [  861] -  RESULT true
[INFO ][2015-11-09 11:25:43,314][com.java.SeleniumDriver] [ 1066] - ?   P A S S   ?
[INFO ][2015-11-09 11:25:43,314][com.java.SeleniumDriver] [  788] - ------------------------------------------
[INFO ][2015-11-09 11:25:43,314][com.java.SeleniumDriver] [  789] - Test case being Executed: 7
[INFO ][2015-11-09 11:25:43,314][com.java.SeleniumDriver] [  800] - Test step:16
[INFO ][2015-11-09 11:25:43,314][com.java.SeleniumDriver] [  812] - Datavalue is----------12345678901
[INFO ][2015-11-09 11:25:43,314][com.java.SeleniumDriver] [  836] - DataField : TXTtxtPhone
[INFO ][2015-11-09 11:25:43,314][com.java.SeleniumDriver] [  838] - DataValue : 12345678901
[INFO ][2015-11-09 11:25:43,314][com.java.SeleniumDriver] [  844] - <In Set values of the page>
[INFO ][2015-11-09 11:25:43,314][com.java.SeleniumDriver] [  847] - {Data Fields & Data Values Exist}
[INFO ][2015-11-09 11:25:43,314][com.java.SeleniumDriver] [  849] - --------------------------setting values-----------------------------
[INFO ][2015-11-09 11:25:43,314][com.java.SeleniumDriver] [  852] - Action Type : Enter
[INFO ][2015-11-09 11:25:43,314][com.java.TestType] [ 4708] - field = txtPhone
[INFO ][2015-11-09 11:25:43,314][com.java.TestType] [ 4075] - value = 12345678901
[INFO ][2015-11-09 11:25:46,076][com.java.SeleniumDriver] [  861] -  RESULT true
[INFO ][2015-11-09 11:25:46,076][com.java.SeleniumDriver] [ 1066] - ?   P A S S   ?
[INFO ][2015-11-09 11:25:46,076][com.java.SeleniumDriver] [  788] - ------------------------------------------
[INFO ][2015-11-09 11:25:46,076][com.java.SeleniumDriver] [  789] - Test case being Executed: 7
[INFO ][2015-11-09 11:25:46,076][com.java.SeleniumDriver] [  800] - Test step:17
[INFO ][2015-11-09 11:25:46,076][com.java.SeleniumDriver] [  812] - Datavalue is----------dt:NewUserPswd
[INFO ][2015-11-09 11:25:46,076][com.java.SeleniumDriver] [  836] - DataField : TXTtxtPassword
[INFO ][2015-11-09 11:25:46,076][com.java.SeleniumDriver] [  838] - DataValue : dt:NewUserPswd
[INFO ][2015-11-09 11:25:46,076][com.java.SeleniumDriver] [  844] - <In Set values of the page>
[INFO ][2015-11-09 11:25:46,076][com.java.SeleniumDriver] [  847] - {Data Fields & Data Values Exist}
[INFO ][2015-11-09 11:25:46,076][com.java.SeleniumDriver] [  849] - --------------------------setting values-----------------------------
[INFO ][2015-11-09 11:25:46,076][com.java.SeleniumDriver] [  852] - Action Type : Enter
[INFO ][2015-11-09 11:25:46,076][com.java.TestType] [ 4708] - field = txtPassword
[INFO ][2015-11-09 11:25:46,076][com.java.TestType] [ 4075] - value = Password1*
[INFO ][2015-11-09 11:25:49,028][com.java.SeleniumDriver] [  861] -  RESULT true
[INFO ][2015-11-09 11:25:49,028][com.java.SeleniumDriver] [ 1066] - ?   P A S S   ?
[INFO ][2015-11-09 11:25:49,028][com.java.SeleniumDriver] [  788] - ------------------------------------------
[INFO ][2015-11-09 11:25:49,028][com.java.SeleniumDriver] [  789] - Test case being Executed: 7
[INFO ][2015-11-09 11:25:49,028][com.java.SeleniumDriver] [  800] - Test step:18
[INFO ][2015-11-09 11:25:49,028][com.java.SeleniumDriver] [  812] - Datavalue is----------dt:NewUserPswd
[INFO ][2015-11-09 11:25:49,028][com.java.SeleniumDriver] [  836] - DataField : TXTtxtPasswordConfirm
[INFO ][2015-11-09 11:25:49,028][com.java.SeleniumDriver] [  838] - DataValue : dt:NewUserPswd
[INFO ][2015-11-09 11:25:49,028][com.java.SeleniumDriver] [  844] - <In Set values of the page>
[INFO ][2015-11-09 11:25:49,028][com.java.SeleniumDriver] [  847] - {Data Fields & Data Values Exist}
[INFO ][2015-11-09 11:25:49,028][com.java.SeleniumDriver] [  849] - --------------------------setting values-----------------------------
[INFO ][2015-11-09 11:25:49,028][com.java.SeleniumDriver] [  852] - Action Type : Enter
[INFO ][2015-11-09 11:25:49,028][com.java.TestType] [ 4708] - field = txtPasswordConfirm
[INFO ][2015-11-09 11:25:49,028][com.java.TestType] [ 4075] - value = Password1*
[INFO ][2015-11-09 11:25:52,010][com.java.SeleniumDriver] [  861] -  RESULT true
[INFO ][2015-11-09 11:25:52,010][com.java.SeleniumDriver] [ 1066] - ?   P A S S   ?
[INFO ][2015-11-09 11:25:52,010][com.java.SeleniumDriver] [  788] - ------------------------------------------
[INFO ][2015-11-09 11:25:52,010][com.java.SeleniumDriver] [  789] - Test case being Executed: 7
[INFO ][2015-11-09 11:25:52,010][com.java.SeleniumDriver] [  800] - Test step:19
[INFO ][2015-11-09 11:25:52,010][com.java.SeleniumDriver] [  812] - Datavalue is----------null
[DEBUG][2015-11-09 11:25:52,010][com.java.SeleniumDriver] [  830] - Exception: null
[INFO ][2015-11-09 11:25:52,010][com.java.SeleniumDriver] [  836] - DataField : BTNparent
[INFO ][2015-11-09 11:25:52,010][com.java.SeleniumDriver] [  838] - DataValue : 
[INFO ][2015-11-09 11:25:52,010][com.java.SeleniumDriver] [  844] - <In Set values of the page>
[INFO ][2015-11-09 11:25:52,010][com.java.SeleniumDriver] [  847] - {Data Fields & Data Values Exist}
[INFO ][2015-11-09 11:25:52,010][com.java.SeleniumDriver] [  849] - --------------------------setting values-----------------------------
[INFO ][2015-11-09 11:25:52,010][com.java.SeleniumDriver] [  852] - Action Type : SelectFrame
[INFO ][2015-11-09 11:25:52,020][com.java.SeleniumDriver] [  861] -  RESULT true
[INFO ][2015-11-09 11:25:52,020][com.java.SeleniumDriver] [ 1066] - ?   P A S S   ?
[INFO ][2015-11-09 11:25:52,020][com.java.SeleniumDriver] [  788] - ------------------------------------------
[INFO ][2015-11-09 11:25:52,020][com.java.SeleniumDriver] [  789] - Test case being Executed: 7
[INFO ][2015-11-09 11:25:52,020][com.java.SeleniumDriver] [  800] - Test step:20
[INFO ][2015-11-09 11:25:52,020][com.java.SeleniumDriver] [  812] - Datavalue is----------5
[INFO ][2015-11-09 11:25:52,020][com.java.SeleniumDriver] [  836] - DataField : test
[INFO ][2015-11-09 11:25:52,020][com.java.SeleniumDriver] [  838] - DataValue : 5
[INFO ][2015-11-09 11:25:52,020][com.java.SeleniumDriver] [  844] - <In Set values of the page>
[INFO ][2015-11-09 11:25:52,020][com.java.SeleniumDriver] [  847] - {Data Fields & Data Values Exist}
[INFO ][2015-11-09 11:25:52,020][com.java.SeleniumDriver] [  849] - --------------------------setting values-----------------------------
[INFO ][2015-11-09 11:25:52,020][com.java.SeleniumDriver] [  852] - Action Type : WaitTime
[DEBUG][2015-11-09 11:25:52,020][com.java.TestType] [ 3911] - sleepTime: 5000
[INFO ][2015-11-09 11:25:57,020][com.java.SeleniumDriver] [  861] -  RESULT true
[INFO ][2015-11-09 11:25:57,020][com.java.SeleniumDriver] [ 1066] - ?   P A S S   ?
[INFO ][2015-11-09 11:25:57,020][com.java.SeleniumDriver] [  788] - ------------------------------------------
[INFO ][2015-11-09 11:25:57,020][com.java.SeleniumDriver] [  789] - Test case being Executed: 7
[INFO ][2015-11-09 11:25:57,020][com.java.SeleniumDriver] [  800] - Test step:21
[INFO ][2015-11-09 11:25:57,020][com.java.SeleniumDriver] [  812] - Datavalue is----------null
[DEBUG][2015-11-09 11:25:57,020][com.java.SeleniumDriver] [  830] - Exception: null
[INFO ][2015-11-09 11:25:57,020][com.java.SeleniumDriver] [  836] - DataField : XPH//span[contains(text(), 'Finished')]
[INFO ][2015-11-09 11:25:57,020][com.java.SeleniumDriver] [  838] - DataValue : 
[INFO ][2015-11-09 11:25:57,020][com.java.SeleniumDriver] [  844] - <In Set values of the page>
[INFO ][2015-11-09 11:25:57,020][com.java.SeleniumDriver] [  847] - {Data Fields & Data Values Exist}
[INFO ][2015-11-09 11:25:57,020][com.java.SeleniumDriver] [  849] - --------------------------setting values-----------------------------
[INFO ][2015-11-09 11:25:57,020][com.java.SeleniumDriver] [  852] - Action Type : Click
[INFO ][2015-11-09 11:25:57,020][com.java.TestType] [ 4388] - Field ::XPH//span[contains(text(), 'Finished')]
[INFO ][2015-11-09 11:25:58,021][com.java.TestType] [ 4447] - BEFORE CLICK
[INFO ][2015-11-09 11:26:00,080][com.java.TestType] [ 4455] - Unable to click the object Finished button
[INFO ][2015-11-09 11:26:00,080][com.java.SeleniumDriver] [  861] -  RESULT true
[INFO ][2015-11-09 11:26:00,080][com.java.SeleniumDriver] [ 1066] - ?   P A S S   ?
[INFO ][2015-11-09 11:26:00,080][com.java.SeleniumDriver] [  788] - ------------------------------------------
[INFO ][2015-11-09 11:26:00,080][com.java.SeleniumDriver] [  789] - Test case being Executed: 7
[INFO ][2015-11-09 11:26:00,080][com.java.SeleniumDriver] [  800] - Test step:22
[INFO ][2015-11-09 11:26:00,080][com.java.SeleniumDriver] [  812] - Datavalue is----------null
[DEBUG][2015-11-09 11:26:00,080][com.java.SeleniumDriver] [  830] - Exception: null
[INFO ][2015-11-09 11:26:00,080][com.java.SeleniumDriver] [  836] - DataField : XPH//span[contains(text(), 'Finished')]
[INFO ][2015-11-09 11:26:00,080][com.java.SeleniumDriver] [  838] - DataValue : 
[INFO ][2015-11-09 11:26:00,080][com.java.SeleniumDriver] [  844] - <In Set values of the page>
[INFO ][2015-11-09 11:26:00,080][com.java.SeleniumDriver] [  847] - {Data Fields & Data Values Exist}
[INFO ][2015-11-09 11:26:00,080][com.java.SeleniumDriver] [  849] - --------------------------setting values-----------------------------
[INFO ][2015-11-09 11:26:00,080][com.java.SeleniumDriver] [  852] - Action Type : WaitForElement
[INFO ][2015-11-09 11:26:00,121][com.java.SeleniumDriver] [  861] -  RESULT true
[INFO ][2015-11-09 11:26:00,121][com.java.SeleniumDriver] [ 1066] - ?   P A S S   ?
[INFO ][2015-11-09 11:26:00,121][com.java.SeleniumDriver] [  788] - ------------------------------------------
[INFO ][2015-11-09 11:26:00,121][com.java.SeleniumDriver] [  789] - Test case being Executed: 7
[INFO ][2015-11-09 11:26:00,121][com.java.SeleniumDriver] [  800] - Test step:23
[INFO ][2015-11-09 11:26:00,121][com.java.SeleniumDriver] [  812] - Datavalue is----------null
[DEBUG][2015-11-09 11:26:00,121][com.java.SeleniumDriver] [  830] - Exception: null
[INFO ][2015-11-09 11:26:00,121][com.java.SeleniumDriver] [  836] - DataField : BTNframeDialogContent
[INFO ][2015-11-09 11:26:00,121][com.java.SeleniumDriver] [  838] - DataValue : 
[INFO ][2015-11-09 11:26:00,121][com.java.SeleniumDriver] [  844] - <In Set values of the page>
[INFO ][2015-11-09 11:26:00,121][com.java.SeleniumDriver] [  847] - {Data Fields & Data Values Exist}
[INFO ][2015-11-09 11:26:00,121][com.java.SeleniumDriver] [  849] - --------------------------setting values-----------------------------
[INFO ][2015-11-09 11:26:00,121][com.java.SeleniumDriver] [  852] - Action Type : SelectFrame
[INFO ][2015-11-09 11:26:01,412][com.java.SeleniumDriver] [  861] -  RESULT true
[INFO ][2015-11-09 11:26:01,412][com.java.SeleniumDriver] [ 1066] - ?   P A S S   ?
[INFO ][2015-11-09 11:26:01,412][com.java.SeleniumDriver] [  788] - ------------------------------------------
[INFO ][2015-11-09 11:26:01,412][com.java.SeleniumDriver] [  789] - Test case being Executed: 7
[INFO ][2015-11-09 11:26:01,412][com.java.SeleniumDriver] [  800] - Test step:24
[INFO ][2015-11-09 11:26:01,412][com.java.SeleniumDriver] [  812] - Datavalue is----------null
[DEBUG][2015-11-09 11:26:01,412][com.java.SeleniumDriver] [  830] - Exception: null
[INFO ][2015-11-09 11:26:01,412][com.java.SeleniumDriver] [  836] - DataField : BTNchkGlobalPrivsUserAdmin
[INFO ][2015-11-09 11:26:01,412][com.java.SeleniumDriver] [  838] - DataValue : 
[INFO ][2015-11-09 11:26:01,412][com.java.SeleniumDriver] [  844] - <In Set values of the page>
[INFO ][2015-11-09 11:26:01,412][com.java.SeleniumDriver] [  847] - {Data Fields & Data Values Exist}
[INFO ][2015-11-09 11:26:01,412][com.java.SeleniumDriver] [  849] - --------------------------setting values-----------------------------
[INFO ][2015-11-09 11:26:01,412][com.java.SeleniumDriver] [  852] - Action Type : Click
[INFO ][2015-11-09 11:26:01,412][com.java.TestType] [ 4388] - Field ::BTNchkGlobalPrivsUserAdmin
[INFO ][2015-11-09 11:26:02,412][com.java.TestType] [ 4426] - BEFORE CLICK
[INFO ][2015-11-09 11:26:03,743][com.java.TestType] [ 4433] - Unable to click the object User Admin check box
[INFO ][2015-11-09 11:26:03,743][com.java.SeleniumDriver] [  861] -  RESULT true
[INFO ][2015-11-09 11:26:03,743][com.java.SeleniumDriver] [ 1066] - ?   P A S S   ?
[INFO ][2015-11-09 11:26:03,743][com.java.SeleniumDriver] [  788] - ------------------------------------------
[INFO ][2015-11-09 11:26:03,743][com.java.SeleniumDriver] [  789] - Test case being Executed: 7
[INFO ][2015-11-09 11:26:03,743][com.java.SeleniumDriver] [  800] - Test step:25
[INFO ][2015-11-09 11:26:03,743][com.java.SeleniumDriver] [  812] - Datavalue is----------null
[DEBUG][2015-11-09 11:26:03,743][com.java.SeleniumDriver] [  830] - Exception: null
[INFO ][2015-11-09 11:26:03,743][com.java.SeleniumDriver] [  836] - DataField : BTNrdoEnableEntity_Enable
[INFO ][2015-11-09 11:26:03,743][com.java.SeleniumDriver] [  838] - DataValue : 
[INFO ][2015-11-09 11:26:03,743][com.java.SeleniumDriver] [  844] - <In Set values of the page>
[INFO ][2015-11-09 11:26:03,743][com.java.SeleniumDriver] [  847] - {Data Fields & Data Values Exist}
[INFO ][2015-11-09 11:26:03,743][com.java.SeleniumDriver] [  849] - --------------------------setting values-----------------------------
[INFO ][2015-11-09 11:26:03,743][com.java.SeleniumDriver] [  852] - Action Type : Click
[INFO ][2015-11-09 11:26:03,743][com.java.TestType] [ 4388] - Field ::BTNrdoEnableEntity_Enable
[INFO ][2015-11-09 11:26:04,743][com.java.TestType] [ 4426] - BEFORE CLICK
[INFO ][2015-11-09 11:26:06,044][com.java.TestType] [ 4433] - Unable to click the object Enable radio button
[INFO ][2015-11-09 11:26:06,044][com.java.SeleniumDriver] [  861] -  RESULT true
[INFO ][2015-11-09 11:26:06,044][com.java.SeleniumDriver] [ 1066] - ?   P A S S   ?
[INFO ][2015-11-09 11:26:06,044][com.java.SeleniumDriver] [  788] - ------------------------------------------
[INFO ][2015-11-09 11:26:06,044][com.java.SeleniumDriver] [  789] - Test case being Executed: 7
[INFO ][2015-11-09 11:26:06,044][com.java.SeleniumDriver] [  800] - Test step:26
[INFO ][2015-11-09 11:26:06,044][com.java.SeleniumDriver] [  812] - Datavalue is----------null
[DEBUG][2015-11-09 11:26:06,044][com.java.SeleniumDriver] [  830] - Exception: null
[INFO ][2015-11-09 11:26:06,044][com.java.SeleniumDriver] [  836] - DataField : BTNchkProfitCenterAll
[INFO ][2015-11-09 11:26:06,044][com.java.SeleniumDriver] [  838] - DataValue : 
[INFO ][2015-11-09 11:26:06,044][com.java.SeleniumDriver] [  844] - <In Set values of the page>
[INFO ][2015-11-09 11:26:06,044][com.java.SeleniumDriver] [  847] - {Data Fields & Data Values Exist}
[INFO ][2015-11-09 11:26:06,044][com.java.SeleniumDriver] [  849] - --------------------------setting values-----------------------------
[INFO ][2015-11-09 11:26:06,044][com.java.SeleniumDriver] [  852] - Action Type : Click
[INFO ][2015-11-09 11:26:06,044][com.java.TestType] [ 4388] - Field ::BTNchkProfitCenterAll
[INFO ][2015-11-09 11:26:07,044][com.java.TestType] [ 4426] - BEFORE CLICK
[INFO ][2015-11-09 11:26:08,345][com.java.TestType] [ 4433] - Unable to click the object All Check box
[INFO ][2015-11-09 11:26:08,345][com.java.SeleniumDriver] [  861] -  RESULT true
[INFO ][2015-11-09 11:26:08,345][com.java.SeleniumDriver] [ 1066] - ?   P A S S   ?
[INFO ][2015-11-09 11:26:08,345][com.java.SeleniumDriver] [  788] - ------------------------------------------
[INFO ][2015-11-09 11:26:08,345][com.java.SeleniumDriver] [  789] - Test case being Executed: 7
[INFO ][2015-11-09 11:26:08,345][com.java.SeleniumDriver] [  800] - Test step:27
[INFO ][2015-11-09 11:26:08,345][com.java.SeleniumDriver] [  812] - Datavalue is----------null
[DEBUG][2015-11-09 11:26:08,345][com.java.SeleniumDriver] [  830] - Exception: null
[INFO ][2015-11-09 11:26:08,345][com.java.SeleniumDriver] [  836] - DataField : BTNchkPrivsAccessGL
[INFO ][2015-11-09 11:26:08,345][com.java.SeleniumDriver] [  838] - DataValue : 
[INFO ][2015-11-09 11:26:08,345][com.java.SeleniumDriver] [  844] - <In Set values of the page>
[INFO ][2015-11-09 11:26:08,345][com.java.SeleniumDriver] [  847] - {Data Fields & Data Values Exist}
[INFO ][2015-11-09 11:26:08,345][com.java.SeleniumDriver] [  849] - --------------------------setting values-----------------------------
[INFO ][2015-11-09 11:26:08,345][com.java.SeleniumDriver] [  852] - Action Type : Click
[INFO ][2015-11-09 11:26:08,345][com.java.TestType] [ 4388] - Field ::BTNchkPrivsAccessGL
[INFO ][2015-11-09 11:26:09,345][com.java.TestType] [ 4426] - BEFORE CLICK
[INFO ][2015-11-09 11:26:10,646][com.java.TestType] [ 4433] - Unable to click the object GL check box
[INFO ][2015-11-09 11:26:10,646][com.java.SeleniumDriver] [  861] -  RESULT true
[INFO ][2015-11-09 11:26:10,646][com.java.SeleniumDriver] [ 1066] - ?   P A S S   ?
[INFO ][2015-11-09 11:26:10,646][com.java.SeleniumDriver] [  788] - ------------------------------------------
[INFO ][2015-11-09 11:26:10,646][com.java.SeleniumDriver] [  789] - Test case being Executed: 7
[INFO ][2015-11-09 11:26:10,646][com.java.SeleniumDriver] [  800] - Test step:28
[INFO ][2015-11-09 11:26:10,646][com.java.SeleniumDriver] [  812] - Datavalue is----------null
[DEBUG][2015-11-09 11:26:10,646][com.java.SeleniumDriver] [  830] - Exception: null
[INFO ][2015-11-09 11:26:10,646][com.java.SeleniumDriver] [  836] - DataField : BTNparent
[INFO ][2015-11-09 11:26:10,646][com.java.SeleniumDriver] [  838] - DataValue : 
[INFO ][2015-11-09 11:26:10,646][com.java.SeleniumDriver] [  844] - <In Set values of the page>
[INFO ][2015-11-09 11:26:10,646][com.java.SeleniumDriver] [  847] - {Data Fields & Data Values Exist}
[INFO ][2015-11-09 11:26:10,646][com.java.SeleniumDriver] [  849] - --------------------------setting values-----------------------------
[INFO ][2015-11-09 11:26:10,646][com.java.SeleniumDriver] [  852] - Action Type : SelectFrame
[INFO ][2015-11-09 11:26:10,656][com.java.SeleniumDriver] [  861] -  RESULT true
[INFO ][2015-11-09 11:26:10,656][com.java.SeleniumDriver] [ 1066] - ?   P A S S   ?
[INFO ][2015-11-09 11:26:10,656][com.java.SeleniumDriver] [  788] - ------------------------------------------
[INFO ][2015-11-09 11:26:10,656][com.java.SeleniumDriver] [  789] - Test case being Executed: 7
[INFO ][2015-11-09 11:26:10,656][com.java.SeleniumDriver] [  800] - Test step:29
[INFO ][2015-11-09 11:26:10,656][com.java.SeleniumDriver] [  812] - Datavalue is----------5
[INFO ][2015-11-09 11:26:10,656][com.java.SeleniumDriver] [  836] - DataField : test
[INFO ][2015-11-09 11:26:10,656][com.java.SeleniumDriver] [  838] - DataValue : 5
[INFO ][2015-11-09 11:26:10,656][com.java.SeleniumDriver] [  844] - <In Set values of the page>
[INFO ][2015-11-09 11:26:10,656][com.java.SeleniumDriver] [  847] - {Data Fields & Data Values Exist}
[INFO ][2015-11-09 11:26:10,656][com.java.SeleniumDriver] [  849] - --------------------------setting values-----------------------------
[INFO ][2015-11-09 11:26:10,656][com.java.SeleniumDriver] [  852] - Action Type : WaitTime
[DEBUG][2015-11-09 11:26:10,656][com.java.TestType] [ 3911] - sleepTime: 5000
[INFO ][2015-11-09 11:26:15,656][com.java.SeleniumDriver] [  861] -  RESULT true
[INFO ][2015-11-09 11:26:15,656][com.java.SeleniumDriver] [ 1066] - ?   P A S S   ?
[INFO ][2015-11-09 11:26:15,656][com.java.SeleniumDriver] [  788] - ------------------------------------------
[INFO ][2015-11-09 11:26:15,656][com.java.SeleniumDriver] [  789] - Test case being Executed: 7
[INFO ][2015-11-09 11:26:15,656][com.java.SeleniumDriver] [  800] - Test step:30
[INFO ][2015-11-09 11:26:15,656][com.java.SeleniumDriver] [  812] - Datavalue is----------null
[DEBUG][2015-11-09 11:26:15,656][com.java.SeleniumDriver] [  830] - Exception: null
[INFO ][2015-11-09 11:26:15,656][com.java.SeleniumDriver] [  836] - DataField : XPH//span[contains(text(), 'Finished')]
[INFO ][2015-11-09 11:26:15,656][com.java.SeleniumDriver] [  838] - DataValue : 
[INFO ][2015-11-09 11:26:15,656][com.java.SeleniumDriver] [  844] - <In Set values of the page>
[INFO ][2015-11-09 11:26:15,656][com.java.SeleniumDriver] [  847] - {Data Fields & Data Values Exist}
[INFO ][2015-11-09 11:26:15,656][com.java.SeleniumDriver] [  849] - --------------------------setting values-----------------------------
[INFO ][2015-11-09 11:26:15,656][com.java.SeleniumDriver] [  852] - Action Type : Click
[INFO ][2015-11-09 11:26:15,656][com.java.TestType] [ 4388] - Field ::XPH//span[contains(text(), 'Finished')]
[INFO ][2015-11-09 11:26:16,657][com.java.TestType] [ 4447] - BEFORE CLICK
[INFO ][2015-11-09 11:26:24,397][com.java.TestType] [ 4455] - Unable to click the object Finished button
[INFO ][2015-11-09 11:26:24,397][com.java.SeleniumDriver] [  861] -  RESULT true
[INFO ][2015-11-09 11:26:24,397][com.java.SeleniumDriver] [ 1066] - ?   P A S S   ?
[INFO ][2015-11-09 11:26:24,397][com.java.SeleniumDriver] [  788] - ------------------------------------------
[INFO ][2015-11-09 11:26:24,397][com.java.SeleniumDriver] [  789] - Test case being Executed: 7
[INFO ][2015-11-09 11:26:24,397][com.java.SeleniumDriver] [  800] - Test step:31
[INFO ][2015-11-09 11:26:24,397][com.java.SeleniumDriver] [  812] - Datavalue is----------5
[INFO ][2015-11-09 11:26:24,397][com.java.SeleniumDriver] [  836] - DataField : BTNframeDialogContent
[INFO ][2015-11-09 11:26:24,397][com.java.SeleniumDriver] [  838] - DataValue : 5
[INFO ][2015-11-09 11:26:24,397][com.java.SeleniumDriver] [  844] - <In Set values of the page>
[INFO ][2015-11-09 11:26:24,397][com.java.SeleniumDriver] [  847] - {Data Fields & Data Values Exist}
[INFO ][2015-11-09 11:26:24,397][com.java.SeleniumDriver] [  849] - --------------------------setting values-----------------------------
[INFO ][2015-11-09 11:26:24,397][com.java.SeleniumDriver] [  852] - Action Type : WaitForElement
[INFO ][2015-11-09 11:26:25,598][com.java.SeleniumDriver] [  861] -  RESULT true
[INFO ][2015-11-09 11:26:25,598][com.java.SeleniumDriver] [ 1066] - ?   P A S S   ?
[INFO ][2015-11-09 11:26:25,598][com.java.SeleniumDriver] [  788] - ------------------------------------------
[INFO ][2015-11-09 11:26:25,598][com.java.SeleniumDriver] [  789] - Test case being Executed: 7
[INFO ][2015-11-09 11:26:25,598][com.java.SeleniumDriver] [  800] - Test step:32
[INFO ][2015-11-09 11:26:25,598][com.java.SeleniumDriver] [  812] - Datavalue is----------null
[DEBUG][2015-11-09 11:26:25,598][com.java.SeleniumDriver] [  830] - Exception: null
[INFO ][2015-11-09 11:26:25,598][com.java.SeleniumDriver] [  836] - DataField : BTNframeDialogContent
[INFO ][2015-11-09 11:26:25,598][com.java.SeleniumDriver] [  838] - DataValue : 
[INFO ][2015-11-09 11:26:25,598][com.java.SeleniumDriver] [  844] - <In Set values of the page>
[INFO ][2015-11-09 11:26:25,598][com.java.SeleniumDriver] [  847] - {Data Fields & Data Values Exist}
[INFO ][2015-11-09 11:26:25,598][com.java.SeleniumDriver] [  849] - --------------------------setting values-----------------------------
[INFO ][2015-11-09 11:26:25,598][com.java.SeleniumDriver] [  852] - Action Type : SelectFrame
[INFO ][2015-11-09 11:26:26,840][com.java.SeleniumDriver] [  861] -  RESULT true
[INFO ][2015-11-09 11:26:26,840][com.java.SeleniumDriver] [ 1066] - ?   P A S S   ?
[INFO ][2015-11-09 11:26:26,840][com.java.SeleniumDriver] [  788] - ------------------------------------------
[INFO ][2015-11-09 11:26:26,840][com.java.SeleniumDriver] [  789] - Test case being Executed: 7
[INFO ][2015-11-09 11:26:26,840][com.java.SeleniumDriver] [  800] - Test step:33
[INFO ][2015-11-09 11:26:26,840][com.java.SeleniumDriver] [  812] - Datavalue is----------null
[DEBUG][2015-11-09 11:26:26,840][com.java.SeleniumDriver] [  830] - Exception: null
[INFO ][2015-11-09 11:26:26,840][com.java.SeleniumDriver] [  836] - DataField : XPH//table[@id="tblUserListing"]//td[contains(text(),'vltest.robot')]
[INFO ][2015-11-09 11:26:26,840][com.java.SeleniumDriver] [  838] - DataValue : 
[INFO ][2015-11-09 11:26:26,840][com.java.SeleniumDriver] [  844] - <In Set values of the page>
[INFO ][2015-11-09 11:26:26,840][com.java.SeleniumDriver] [  847] - {Data Fields & Data Values Exist}
[INFO ][2015-11-09 11:26:26,840][com.java.SeleniumDriver] [  849] - --------------------------setting values-----------------------------
[INFO ][2015-11-09 11:26:26,840][com.java.SeleniumDriver] [  852] - Action Type : WaitForElement
[INFO ][2015-11-09 11:26:26,900][com.java.SeleniumDriver] [  861] -  RESULT true
[INFO ][2015-11-09 11:26:26,900][com.java.SeleniumDriver] [ 1066] - ?   P A S S   ?
[INFO ][2015-11-09 11:26:26,900][com.java.SeleniumDriver] [  788] - ------------------------------------------
[INFO ][2015-11-09 11:26:26,900][com.java.SeleniumDriver] [  789] - Test case being Executed: 7
[INFO ][2015-11-09 11:26:26,900][com.java.SeleniumDriver] [  800] - Test step:34
[INFO ][2015-11-09 11:26:26,900][com.java.SeleniumDriver] [  812] - Datavalue is----------dt:NewUserName
[INFO ][2015-11-09 11:26:26,900][com.java.SeleniumDriver] [  836] - DataField : USR
[INFO ][2015-11-09 11:26:26,900][com.java.SeleniumDriver] [  838] - DataValue : dt:NewUserName
[INFO ][2015-11-09 11:26:26,900][com.java.SeleniumDriver] [  844] - <In Set values of the page>
[INFO ][2015-11-09 11:26:26,900][com.java.SeleniumDriver] [  847] - {Data Fields & Data Values Exist}
[INFO ][2015-11-09 11:26:26,900][com.java.SeleniumDriver] [  849] - --------------------------setting values-----------------------------
[INFO ][2015-11-09 11:26:26,900][com.java.SeleniumDriver] [  852] - Action Type : Verify
[INFO ][2015-11-09 11:26:26,900][com.java.TestType] [ 5201] - field= USR value= dt:NewUserName
[INFO ][2015-11-09 11:26:26,900][com.java.TestType] [ 4075] - value = vltest.robot
[INFO ][2015-11-09 11:26:26,960][com.java.SeleniumDriver] [  861] -  RESULT true
[INFO ][2015-11-09 11:26:26,960][com.java.SeleniumDriver] [ 1066] - ?   P A S S   ?
[INFO ][2015-11-09 11:26:26,960][com.java.SeleniumDriver] [  788] - ------------------------------------------
[INFO ][2015-11-09 11:26:26,960][com.java.SeleniumDriver] [  789] - Test case being Executed: 7
[INFO ][2015-11-09 11:26:26,960][com.java.SeleniumDriver] [  800] - Test step:35
[INFO ][2015-11-09 11:26:26,960][com.java.SeleniumDriver] [  812] - Datavalue is----------Login_username
[INFO ][2015-11-09 11:26:26,960][com.java.SeleniumDriver] [  836] - DataField : XPH//table[@id="tblUserListing"]//td[contains(text(),'vltest.robot')]
[INFO ][2015-11-09 11:26:26,960][com.java.SeleniumDriver] [  838] - DataValue : Login_username
[INFO ][2015-11-09 11:26:26,960][com.java.SeleniumDriver] [  844] - <In Set values of the page>
[INFO ][2015-11-09 11:26:26,960][com.java.SeleniumDriver] [  847] - {Data Fields & Data Values Exist}
[INFO ][2015-11-09 11:26:26,960][com.java.SeleniumDriver] [  849] - --------------------------setting values-----------------------------
[INFO ][2015-11-09 11:26:26,960][com.java.SeleniumDriver] [  852] - Action Type : STOREVALUE
[INFO ][2015-11-09 11:26:26,960][com.java.TestType] [ 6135] - field= XPH//table[@id="tblUserListing"]//td[contains(text(),'vltest.robot')]
[DEBUG][2015-11-09 11:26:27,070][com.java.TestType] [ 6187] - Key:: Login_username   Value:: vltest.robot.03890
[INFO ][2015-11-09 11:26:27,070][com.java.SeleniumDriver] [  861] -  RESULT true
[INFO ][2015-11-09 11:26:27,070][com.java.SeleniumDriver] [ 1066] - ?   P A S S   ?
[INFO ][2015-11-09 11:26:27,070][com.java.SeleniumDriver] [  788] - ------------------------------------------
[INFO ][2015-11-09 11:26:27,070][com.java.SeleniumDriver] [  789] - Test case being Executed: 7
[INFO ][2015-11-09 11:26:27,070][com.java.SeleniumDriver] [  800] - Test step:36
[INFO ][2015-11-09 11:26:27,070][com.java.SeleniumDriver] [  812] - Datavalue is----------null
[DEBUG][2015-11-09 11:26:27,070][com.java.SeleniumDriver] [  830] - Exception: null
[INFO ][2015-11-09 11:26:27,070][com.java.SeleniumDriver] [  836] - DataField : BTNparent
[INFO ][2015-11-09 11:26:27,070][com.java.SeleniumDriver] [  838] - DataValue : 
[INFO ][2015-11-09 11:26:27,070][com.java.SeleniumDriver] [  844] - <In Set values of the page>
[INFO ][2015-11-09 11:26:27,070][com.java.SeleniumDriver] [  847] - {Data Fields & Data Values Exist}
[INFO ][2015-11-09 11:26:27,070][com.java.SeleniumDriver] [  849] - --------------------------setting values-----------------------------
[INFO ][2015-11-09 11:26:27,070][com.java.SeleniumDriver] [  852] - Action Type : SelectFrame
[INFO ][2015-11-09 11:26:27,080][com.java.SeleniumDriver] [  861] -  RESULT true
[INFO ][2015-11-09 11:26:27,080][com.java.SeleniumDriver] [ 1066] - ?   P A S S   ?
[INFO ][2015-11-09 11:26:27,080][com.java.SeleniumDriver] [  788] - ------------------------------------------
[INFO ][2015-11-09 11:26:27,080][com.java.SeleniumDriver] [  789] - Test case being Executed: 7
[INFO ][2015-11-09 11:26:27,080][com.java.SeleniumDriver] [  800] - Test step:37
[INFO ][2015-11-09 11:26:27,080][com.java.SeleniumDriver] [  812] - Datavalue is----------null
[DEBUG][2015-11-09 11:26:27,080][com.java.SeleniumDriver] [  830] - Exception: null
[INFO ][2015-11-09 11:26:27,080][com.java.SeleniumDriver] [  836] - DataField : XPH//span[contains(text(), 'Finished')]
[INFO ][2015-11-09 11:26:27,080][com.java.SeleniumDriver] [  838] - DataValue : 
[INFO ][2015-11-09 11:26:27,080][com.java.SeleniumDriver] [  844] - <In Set values of the page>
[INFO ][2015-11-09 11:26:27,080][com.java.SeleniumDriver] [  847] - {Data Fields & Data Values Exist}
[INFO ][2015-11-09 11:26:27,080][com.java.SeleniumDriver] [  849] - --------------------------setting values-----------------------------
[INFO ][2015-11-09 11:26:27,080][com.java.SeleniumDriver] [  852] - Action Type : Click
[INFO ][2015-11-09 11:26:27,080][com.java.TestType] [ 4388] - Field ::XPH//span[contains(text(), 'Finished')]
[INFO ][2015-11-09 11:26:28,080][com.java.TestType] [ 4447] - BEFORE CLICK
[INFO ][2015-11-09 11:26:29,180][com.java.TestType] [ 4455] - Unable to click the object Finished button
[INFO ][2015-11-09 11:26:29,180][com.java.SeleniumDriver] [  861] -  RESULT true
[INFO ][2015-11-09 11:26:29,180][com.java.SeleniumDriver] [ 1066] - ?   P A S S   ?
[INFO ][2015-11-09 11:26:29,180][com.java.SeleniumDriver] [  788] - ------------------------------------------
[INFO ][2015-11-09 11:26:29,180][com.java.SeleniumDriver] [  789] - Test case being Executed: 7
[INFO ][2015-11-09 11:26:29,180][com.java.SeleniumDriver] [  800] - Test step:38
[INFO ][2015-11-09 11:26:29,180][com.java.SeleniumDriver] [  812] - Datavalue is----------Concept#3:1-2
[INFO ][2015-11-09 11:26:29,180][com.java.SeleniumDriver] [  836] - DataField : test
[INFO ][2015-11-09 11:26:29,180][com.java.SeleniumDriver] [  838] - DataValue : Concept#3:1-2
[INFO ][2015-11-09 11:26:29,180][com.java.SeleniumDriver] [  844] - <In Set values of the page>
[INFO ][2015-11-09 11:26:29,180][com.java.SeleniumDriver] [  847] - {Data Fields & Data Values Exist}
[INFO ][2015-11-09 11:26:29,180][com.java.SeleniumDriver] [  849] - --------------------------setting values-----------------------------
[INFO ][2015-11-09 11:26:29,180][com.java.SeleniumDriver] [  852] - Action Type : ExecuteTestCase
[INFO ][2015-11-09 11:26:29,180][com.java.TestType] [  420] - The Concept sheet name is ---------- Concept
[INFO ][2015-11-09 11:26:29,180][com.java.TestType] [  423] - The Concept ID  is ---------- 3
[DEBUG][2015-11-09 11:26:29,180][com.java.TestType] [  427] - Steps being executted in the Concept are: 1:2
[INFO ][2015-11-09 11:26:29,180][com.java.TestType] [  434] - Test data details path ---------- D:\BankersDashboard\TestInputs\TestData.xls
[INFO ][2015-11-09 11:26:29,209][com.java.TestType] [  465] -  str(1) = 3
[INFO ][2015-11-09 11:26:29,209][com.java.TestType] [  468] - Test case Id is---3
[INFO ][2015-11-09 11:26:29,209][com.java.TestType] [  470] - 3
[INFO ][2015-11-09 11:26:29,209][com.java.TestType] [  465] -  str(2) = 1
[INFO ][2015-11-09 11:26:29,209][com.java.TestType] [  517] - row values are--------{1=com.java.Objects.TestDataDetails@623957}
[INFO ][2015-11-09 11:26:29,209][com.java.TestType] [  465] -  str(1) = 3
[INFO ][2015-11-09 11:26:29,209][com.java.TestType] [  468] - Test case Id is---3
[INFO ][2015-11-09 11:26:29,209][com.java.TestType] [  470] - 3
[INFO ][2015-11-09 11:26:29,209][com.java.TestType] [  465] -  str(2) = 2
[INFO ][2015-11-09 11:26:29,209][com.java.TestType] [  517] - row values are--------{1=com.java.Objects.TestDataDetails@623957, 2=com.java.Objects.TestDataDetails@1a22acb}
[INFO ][2015-11-09 11:26:29,209][com.java.TestType] [ 8225] - Looping 1TCID = 3
[DEBUG][2015-11-09 11:26:29,209][com.java.TestType] [ 8266] - Concept ID:3 :: Step being Executed: 3::1
[INFO ][2015-11-09 11:26:29,209][com.java.TestType] [ 8304] - dataFields : test
[DEBUG][2015-11-09 11:26:29,209][com.java.TestType] [ 8310] - <In Set values of the page>
[DEBUG][2015-11-09 11:26:29,209][com.java.TestType] [ 8315] - {Data Fields & Data Values Exist}
[INFO ][2015-11-09 11:26:29,209][com.java.TestType] [ 8321] - --------------------------setting values-----------------------------
[INFO ][2015-11-09 11:26:29,209][com.java.TestType] [ 8324] - Action Type : Logout
[INFO ][2015-11-09 11:26:31,374][com.java.TestType] [ 4388] - Field ::CNF
[INFO ][2015-11-09 11:26:33,677][com.java.TestType] [ 4443] - Click the object confirmation
[INFO ][2015-11-09 11:26:33,677][com.java.TestType] [ 4444] - Unable to click the object confirmation
[DEBUG][2015-11-09 11:26:33,678][com.java.SeleniumDriver] [  425] - Hub ip address is-------172.17.68.34
[INFO ][2015-11-09 11:26:33,678][com.java.SeleniumDriver] [  451] - Grid URL:http://172.17.68.34:4444/wd/hub
[INFO ][2015-11-09 11:26:33,678][com.java.SeleniumDriver] [  452] - Capability:Capabilities [{platform=ANY, ensureCleanSession=true, ignoreProtectedModeSettings=true, acceptSslCerts=true, ignoreZoomSetting=true, browserName=internet explorer, browserstack.ie.noFlash=true, version=Node1}]
[ERROR][2015-11-09 11:26:34,696][com.java.SeleniumDriver] [  496] - Unable invoke browser in grid:Could not start a new session. Possible causes are invalid address of the remote server or browser start-up failure.
Build info: version: '2.48.2', revision: '41bccdd', time: '2015-10-09 19:59:12'
System info: host: 'FVTIII438F1D', ip: '172.17.68.34', os.name: 'Windows 7', os.arch: 'x86', os.version: '6.1', java.version: '1.7.0_55'
Driver info: driver.version: SeleniumDriver
[INFO ][2015-11-09 11:26:34,696][com.java.SeleniumDriver] [  498] - Executing on local machine
[INFO ][2015-11-09 11:26:43,965][com.java.TestType] [ 8343] -  RESULT true
[INFO ][2015-11-09 11:26:43,965][com.java.TestType] [ 8460] - ?   P A S S   ?
[DEBUG][2015-11-09 11:26:43,965][com.java.TestType] [ 8266] - Concept ID:3 :: Step being Executed: 3::2
[INFO ][2015-11-09 11:26:43,965][com.java.TestType] [ 8304] - dataFields : test
[DEBUG][2015-11-09 11:26:43,965][com.java.TestType] [ 8310] - <In Set values of the page>
[DEBUG][2015-11-09 11:26:43,965][com.java.TestType] [ 8315] - {Data Fields & Data Values Exist}
[INFO ][2015-11-09 11:26:43,965][com.java.TestType] [ 8321] - --------------------------setting values-----------------------------
[INFO ][2015-11-09 11:26:43,965][com.java.TestType] [ 8324] - Action Type : WaitTime
[DEBUG][2015-11-09 11:26:43,965][com.java.TestType] [ 3911] - sleepTime: 2000
[INFO ][2015-11-09 11:26:45,966][com.java.TestType] [ 8343] -  RESULT true
[INFO ][2015-11-09 11:26:45,966][com.java.TestType] [ 8460] - ?   P A S S   ?
[INFO ][2015-11-09 11:26:45,966][com.java.TestType] [ 8531] - Looping End......
[INFO ][2015-11-09 11:26:45,966][com.java.SeleniumDriver] [  861] -  RESULT true
[INFO ][2015-11-09 11:26:45,966][com.java.SeleniumDriver] [ 1066] - ?   P A S S   ?
[INFO ][2015-11-09 11:26:45,966][com.java.SeleniumDriver] [  788] - ------------------------------------------
[INFO ][2015-11-09 11:26:45,966][com.java.SeleniumDriver] [  789] - Test case being Executed: 7
[INFO ][2015-11-09 11:26:45,966][com.java.SeleniumDriver] [  800] - Test step:39
[INFO ][2015-11-09 11:26:45,966][com.java.SeleniumDriver] [  812] - Datavalue is----------HMVLogin_username
[INFO ][2015-11-09 11:26:45,966][com.java.SeleniumDriver] [  836] - DataField : TXTusername
[INFO ][2015-11-09 11:26:45,966][com.java.SeleniumDriver] [  838] - DataValue : HMVLogin_username
[INFO ][2015-11-09 11:26:45,966][com.java.SeleniumDriver] [  844] - <In Set values of the page>
[INFO ][2015-11-09 11:26:45,966][com.java.SeleniumDriver] [  847] - {Data Fields & Data Values Exist}
[INFO ][2015-11-09 11:26:45,966][com.java.SeleniumDriver] [  849] - --------------------------setting values-----------------------------
[INFO ][2015-11-09 11:26:45,966][com.java.SeleniumDriver] [  852] - Action Type : CLEARANDENTER
[INFO ][2015-11-09 11:26:45,966][com.java.TestType] [ 4075] - value = vltest.robot.03890
[INFO ][2015-11-09 11:26:50,712][com.java.SeleniumDriver] [  861] -  RESULT true
[INFO ][2015-11-09 11:26:50,712][com.java.SeleniumDriver] [ 1066] - ?   P A S S   ?
[INFO ][2015-11-09 11:26:50,712][com.java.SeleniumDriver] [  788] - ------------------------------------------
[INFO ][2015-11-09 11:26:50,712][com.java.SeleniumDriver] [  789] - Test case being Executed: 7
[INFO ][2015-11-09 11:26:50,712][com.java.SeleniumDriver] [  800] - Test step:40
[INFO ][2015-11-09 11:26:50,712][com.java.SeleniumDriver] [  812] - Datavalue is----------dt:NewUserPswd
[INFO ][2015-11-09 11:26:50,712][com.java.SeleniumDriver] [  836] - DataField : TXTpassword
[INFO ][2015-11-09 11:26:50,712][com.java.SeleniumDriver] [  838] - DataValue : dt:NewUserPswd
[INFO ][2015-11-09 11:26:50,712][com.java.SeleniumDriver] [  844] - <In Set values of the page>
[INFO ][2015-11-09 11:26:50,712][com.java.SeleniumDriver] [  847] - {Data Fields & Data Values Exist}
[INFO ][2015-11-09 11:26:50,712][com.java.SeleniumDriver] [  849] - --------------------------setting values-----------------------------
[INFO ][2015-11-09 11:26:50,712][com.java.SeleniumDriver] [  852] - Action Type : CLEARANDENTER
[INFO ][2015-11-09 11:26:50,712][com.java.TestType] [ 4075] - value = Password1*
[INFO ][2015-11-09 11:26:55,629][com.java.SeleniumDriver] [  861] -  RESULT true
[INFO ][2015-11-09 11:26:55,629][com.java.SeleniumDriver] [ 1066] - ?   P A S S   ?
[INFO ][2015-11-09 11:26:55,629][com.java.SeleniumDriver] [  788] - ------------------------------------------
[INFO ][2015-11-09 11:26:55,629][com.java.SeleniumDriver] [  789] - Test case being Executed: 7
[INFO ][2015-11-09 11:26:55,629][com.java.SeleniumDriver] [  800] - Test step:41
[INFO ][2015-11-09 11:26:55,629][com.java.SeleniumDriver] [  812] - Datavalue is----------null
[DEBUG][2015-11-09 11:26:55,629][com.java.SeleniumDriver] [  830] - Exception: null
[INFO ][2015-11-09 11:26:55,629][com.java.SeleniumDriver] [  836] - DataField : XPH//button[@type='submit']
[INFO ][2015-11-09 11:26:55,629][com.java.SeleniumDriver] [  838] - DataValue : 
[INFO ][2015-11-09 11:26:55,629][com.java.SeleniumDriver] [  844] - <In Set values of the page>
[INFO ][2015-11-09 11:26:55,629][com.java.SeleniumDriver] [  847] - {Data Fields & Data Values Exist}
[INFO ][2015-11-09 11:26:55,629][com.java.SeleniumDriver] [  849] - --------------------------setting values-----------------------------
[INFO ][2015-11-09 11:26:55,629][com.java.SeleniumDriver] [  852] - Action Type : Click
[INFO ][2015-11-09 11:26:55,629][com.java.TestType] [ 4388] - Field ::XPH//button[@type='submit']
[INFO ][2015-11-09 11:26:56,629][com.java.TestType] [ 4447] - BEFORE CLICK
[INFO ][2015-11-09 11:26:57,424][com.java.TestType] [ 4455] - Unable to click the object Login
[INFO ][2015-11-09 11:26:57,424][com.java.SeleniumDriver] [  861] -  RESULT true
[INFO ][2015-11-09 11:26:57,424][com.java.SeleniumDriver] [ 1066] - ?   P A S S   ?
[INFO ][2015-11-09 11:26:57,424][com.java.SeleniumDriver] [  788] - ------------------------------------------
[INFO ][2015-11-09 11:26:57,424][com.java.SeleniumDriver] [  789] - Test case being Executed: 7
[INFO ][2015-11-09 11:26:57,424][com.java.SeleniumDriver] [  800] - Test step:42
[INFO ][2015-11-09 11:26:57,424][com.java.SeleniumDriver] [  812] - Datavalue is----------null
[DEBUG][2015-11-09 11:26:57,424][com.java.SeleniumDriver] [  830] - Exception: null
[INFO ][2015-11-09 11:26:57,424][com.java.SeleniumDriver] [  836] - DataField : test
[INFO ][2015-11-09 11:26:57,424][com.java.SeleniumDriver] [  838] - DataValue : 
[INFO ][2015-11-09 11:26:57,424][com.java.SeleniumDriver] [  844] - <In Set values of the page>
[INFO ][2015-11-09 11:26:57,424][com.java.SeleniumDriver] [  847] - {Data Fields & Data Values Exist}
[INFO ][2015-11-09 11:26:57,424][com.java.SeleniumDriver] [  849] - --------------------------setting values-----------------------------
[INFO ][2015-11-09 11:26:57,424][com.java.SeleniumDriver] [  852] - Action Type : WaitTime
[DEBUG][2015-11-09 11:26:57,424][com.java.TestType] [ 3911] - sleepTime: 10000
[INFO ][2015-11-09 11:27:07,425][com.java.SeleniumDriver] [  861] -  RESULT true
[INFO ][2015-11-09 11:27:07,425][com.java.SeleniumDriver] [ 1066] - ?   P A S S   ?
[INFO ][2015-11-09 11:27:07,425][com.java.SeleniumDriver] [  788] - ------------------------------------------
[INFO ][2015-11-09 11:27:07,425][com.java.SeleniumDriver] [  789] - Test case being Executed: 7
[INFO ][2015-11-09 11:27:07,425][com.java.SeleniumDriver] [  800] - Test step:43
[INFO ][2015-11-09 11:27:07,425][com.java.SeleniumDriver] [  812] - Datavalue is----------Banker'sDashboard
[INFO ][2015-11-09 11:27:07,425][com.java.SeleniumDriver] [  836] - DataField : TTL
[INFO ][2015-11-09 11:27:07,425][com.java.SeleniumDriver] [  838] - DataValue : Banker'sDashboard
[INFO ][2015-11-09 11:27:07,425][com.java.SeleniumDriver] [  844] - <In Set values of the page>
[INFO ][2015-11-09 11:27:07,425][com.java.SeleniumDriver] [  847] - {Data Fields & Data Values Exist}
[INFO ][2015-11-09 11:27:07,425][com.java.SeleniumDriver] [  849] - --------------------------setting values-----------------------------
[INFO ][2015-11-09 11:27:07,425][com.java.SeleniumDriver] [  852] - Action Type : SelectWindow
[INFO ][2015-11-09 11:27:22,181][com.java.SeleniumDriver] [  861] -  RESULT true
[INFO ][2015-11-09 11:27:22,181][com.java.SeleniumDriver] [ 1066] - ?   P A S S   ?
[INFO ][2015-11-09 11:27:22,181][com.java.SeleniumDriver] [  788] - ------------------------------------------
[INFO ][2015-11-09 11:27:22,181][com.java.SeleniumDriver] [  789] - Test case being Executed: 7
[INFO ][2015-11-09 11:27:22,181][com.java.SeleniumDriver] [  800] - Test step:44
[INFO ][2015-11-09 11:27:22,181][com.java.SeleniumDriver] [  812] - Datavalue is----------20
[INFO ][2015-11-09 11:27:22,181][com.java.SeleniumDriver] [  836] - DataField : test
[INFO ][2015-11-09 11:27:22,181][com.java.SeleniumDriver] [  838] - DataValue : 20
[INFO ][2015-11-09 11:27:22,181][com.java.SeleniumDriver] [  844] - <In Set values of the page>
[INFO ][2015-11-09 11:27:22,181][com.java.SeleniumDriver] [  847] - {Data Fields & Data Values Exist}
[INFO ][2015-11-09 11:27:22,181][com.java.SeleniumDriver] [  849] - --------------------------setting values-----------------------------
[INFO ][2015-11-09 11:27:22,181][com.java.SeleniumDriver] [  852] - Action Type : WaitTime
[DEBUG][2015-11-09 11:27:22,181][com.java.TestType] [ 3911] - sleepTime: 20000
[INFO ][2015-11-09 11:27:42,181][com.java.SeleniumDriver] [  861] -  RESULT true
[INFO ][2015-11-09 11:27:42,181][com.java.SeleniumDriver] [ 1066] - ?   P A S S   ?
[INFO ][2015-11-09 11:27:42,181][com.java.SeleniumDriver] [  788] - ------------------------------------------
[INFO ][2015-11-09 11:27:42,181][com.java.SeleniumDriver] [  789] - Test case being Executed: 7
[INFO ][2015-11-09 11:27:42,181][com.java.SeleniumDriver] [  800] - Test step:45
[INFO ][2015-11-09 11:27:42,181][com.java.SeleniumDriver] [  812] - Datavalue is----------null
[DEBUG][2015-11-09 11:27:42,181][com.java.SeleniumDriver] [  830] - Exception: null
[INFO ][2015-11-09 11:27:42,181][com.java.SeleniumDriver] [  836] - DataField : //span[@class='icon-cog2']&&//a[@data-id="UserSettings"]
[INFO ][2015-11-09 11:27:42,181][com.java.SeleniumDriver] [  838] - DataValue : 
[INFO ][2015-11-09 11:27:42,181][com.java.SeleniumDriver] [  844] - <In Set values of the page>
[INFO ][2015-11-09 11:27:42,181][com.java.SeleniumDriver] [  847] - {Data Fields & Data Values Exist}
[INFO ][2015-11-09 11:27:42,181][com.java.SeleniumDriver] [  849] - --------------------------setting values-----------------------------
[INFO ][2015-11-09 11:27:42,181][com.java.SeleniumDriver] [  852] - Action Type : MouseOver
[DEBUG][2015-11-09 11:28:05,890][com.java.TestType] [ 4941] - //span[@class='icon-cog2']   :: Element not Found
[ERROR][2015-11-09 11:28:26,537][com.java.TestType] [ 1142] - exception value : null
[INFO ][2015-11-09 11:28:26,537][com.java.SeleniumDriver] [  861] -  RESULT false
[INFO ][2015-11-09 11:28:26,537][com.java.SeleniumDriver] [  908] - ?   F A I L   ?
[INFO ][2015-11-09 11:28:26,537][com.java.SeleniumDriver] [  916] - Browser Type : IE11
[INFO ][2015-11-09 11:28:26,537][com.java.SeleniumDriver] [  917] - Adding Failed case7
[INFO ][2015-11-09 11:28:27,358][com.java.SeleniumDriver] [ 1030] - failedCases = 7
[ERROR][2015-11-09 11:28:27,358][com.java.SeleniumDriver] [ 1516] - Platform Errors : Our apologies...::We have encountered an issue with your request.::Our apologies?:We encountered an issue with your request.
[INFO ][2015-11-09 11:28:27,358][com.java.SeleniumDriver] [ 1520] - Length =3
[ERROR][2015-11-09 11:28:27,358][com.java.SeleniumDriver] [ 1523] - Error 0 = Our apologies...
[ERROR][2015-11-09 11:28:27,378][com.java.SeleniumDriver] [ 1523] - Error 1 = We have encountered an issue with your request.
[ERROR][2015-11-09 11:28:27,398][com.java.SeleniumDriver] [ 1523] - Error 2 = Our apologies?:We encountered an issue with your request.
[DEBUG][2015-11-09 11:28:27,428][com.java.SeleniumDriver] [ 1168] - Case found
[DEBUG][2015-11-09 11:28:27,428][com.java.SeleniumDriver] [ 1173] - Incrementing ReportCounters[0]:2
[INFO ][2015-11-09 11:28:27,428][com.java.SeleniumDriver] [ 1192] - The results are-------------------[7, 45, Manage Users: Add User, Fail, 
Test case failed at Step No. :: 45   Error Message ::  Element: //span[@class='icon-cog2'] is not found. Screen Shot : D:\BankersDashboard\TestReports\110915\7_110915_112826_IE11.png, Mon Nov 09 11:28:27 IST 2015]
[INFO ][2015-11-09 11:28:27,428][com.java.SeleniumDriver] [ 1196] - End time is-------5 min 59 sec
[INFO ][2015-11-09 11:28:27,428][com.java.SeleniumDriver] [ 1197] - The results are-------------------[7, 45, Manage Users: Add User, Fail, 
Test case failed at Step No. :: 45   Error Message ::  Element: //span[@class='icon-cog2'] is not found. Screen Shot : D:\BankersDashboard\TestReports\110915\7_110915_112826_IE11.png, Mon Nov 09 11:28:27 IST 2015]
[DEBUG][2015-11-09 11:28:27,428][com.java.ImportnExport.ExportTestResultsExcel] [  222] - testResultPath = D:\BankersDashboard/TestReports/Test Results_BankersDashBoard_110915_112229_IE11_Simmons First National Bank.xls
[DEBUG][2015-11-09 11:28:27,428][com.java.ImportnExport.ExportTestResultsExcel] [  223] - browser is------------IE11
[DEBUG][2015-11-09 11:28:27,428][com.java.ImportnExport.ExportTestResultsExcel] [  270] - result.size() = 6
[DEBUG][2015-11-09 11:28:27,428][com.java.ImportnExport.ExportTestResultsExcel] [  274] - No of rows in sheet=2
[DEBUG][2015-11-09 11:28:27,428][com.java.ImportnExport.ExportTestResultsExcel] [  301] - ..in export..7
[DEBUG][2015-11-09 11:28:27,428][com.java.ImportnExport.ExportTestResultsExcel] [  301] - ..in export..Manage Users: Add User
[DEBUG][2015-11-09 11:28:27,428][com.java.ImportnExport.ExportTestResultsExcel] [  301] - ..in export..Fail
[DEBUG][2015-11-09 11:28:27,428][com.java.ImportnExport.ExportTestResultsExcel] [  301] - ..in export..
Test case failed at Step No. :: 45   Error Message ::  Element: //span[@class='icon-cog2'] is not found. Screen Shot : D:\BankersDashboard\TestReports\110915\7_110915_112826_IE11.png
[DEBUG][2015-11-09 11:28:27,428][com.java.ImportnExport.ExportTestResultsExcel] [  301] - ..in export..Mon Nov 09 11:28:27 IST 2015
[INFO ][2015-11-09 11:28:27,428][com.java.SeleniumDriver] [ 1255] - out loop:1 size:2 TestCases:[1, 7] testcases:[1, 7]
[INFO ][2015-11-09 11:28:29,428][com.java.SeleniumDriver] [ 1297] - Total Number of Cases:2
[INFO ][2015-11-09 11:28:29,428][com.java.TemplateGenerator] [  302] - Executed:2
[INFO ][2015-11-09 11:28:29,428][com.java.TemplateGenerator] [  303] - Passed:1
[INFO ][2015-11-09 11:28:29,428][com.java.TemplateGenerator] [  304] - Failed:1
[INFO ][2015-11-09 11:28:29,428][com.java.TemplateGenerator] [  305] - Skipeed:0
[INFO ][2015-11-09 11:28:29,428][com.java.TemplateGenerator] [  306] - Application URL:https://clients-xuat.bankersdashboard.com
[INFO ][2015-11-09 11:28:29,428][com.java.TemplateGenerator] [  307] - Start Time:110915_112229
[INFO ][2015-11-09 11:28:29,428][com.java.TemplateGenerator] [  308] -  Creating HTML Report 
[ERROR][2015-11-09 11:28:29,428][com.java.TemplateGenerator] [  409] - Unparseable date: "Mon Nov 09 11:22:29 IST 2015"
[INFO ][2015-11-09 11:28:29,428][com.java.TemplateGenerator] [  654] -  Exporting case :: 1
[INFO ][2015-11-09 11:28:29,428][com.java.TemplateGenerator] [  654] -  Exporting case :: 7
[INFO ][2015-11-09 11:28:29,428][com.java.SeleniumDriver] [ 1346] - End Time:110915_112829
[INFO ][2015-11-09 11:28:29,428][com.java.SeleniumDriver] [ 1349] - Data in Test Execution Details:{1=PASS, 7=FAILTest case failed at Step No. :: 45   Error Message ::  Element: //span[@class='icon-cog2'] is not found}
[INFO ][2015-11-09 11:28:29,428][com.java.SeleniumDriver] [ 1350] - Data in Failed Execution Deatils:{}
[INFO ][2015-11-09 11:28:29,428][com.java.SeleniumDriver] [ 1352] - ReportCounter:Total:2 :: PASS: 1 ::FAIL: 1
[INFO ][2015-11-09 11:28:29,428][com.java.SeleniumDriver] [ 1353] - FailedReportCounter:Total:0 :: PASS: 0 ::FAIL: 0
[INFO ][2015-11-09 11:28:29,438][com.java.EmailTestReport] [   63] - Sending report mail details:
[INFO ][2015-11-09 11:28:29,438][com.java.EmailTestReport] [   80] - Excel Report Path:D:\BankersDashboard/TestReports/Test Results_BankersDashBoard_110915_112229_IE11_Simmons First National Bank.xls
[INFO ][2015-11-09 11:28:29,438][com.java.EmailTestReport] [   81] - HTML Report Path:D:\BankersDashboard//TestReports//Test Results_BankersDashBoard_110915_112229_IE11_Simmons First National Bank.html
[INFO ][2015-11-09 11:28:29,438][com.java.EmailTestReport] [   82] - smtpHostName:mail01.valuelabs.com
[INFO ][2015-11-09 11:28:29,438][com.java.EmailTestReport] [   83] - Recipient:venkateswararao.gubbala@valuelabs.com
[INFO ][2015-11-09 11:28:29,438][com.java.EmailTestReport] [   84] - From:venkateswararao.gubbala@valuelabs.com
[INFO ][2015-11-09 11:28:29,438][com.java.EmailTestReport] [   85] - Subject:Deluxe Corp Bankers Dashboard Automation Test Report - Simmons First National Bank - IE11
[INFO ][2015-11-09 11:28:29,439][com.java.EmailTestReport] [  143] -  Added venkateswararao.gubbala@valuelabs.com
[INFO ][2015-11-09 11:28:32,561][com.java.SeleniumDriver] [  719] - quitting the browser 
[INFO ][2015-11-09 11:28:33,862][com.java.SeleniumDriver] [  263] - Execution Completed Stopping the thread
