[INFO ][2016-02-09 20:26:02,684][com.java.SeleniumDriver] [  213] - Execute Failed Casesfalse
[INFO ][2016-02-09 20:26:02,684][com.java.SeleniumDriver] [  214] - Browser: IE10
[INFO ][2016-02-09 20:26:02,684][com.java.SeleniumDriver] [  215] - [1, 4, 8]
[INFO ][2016-02-09 20:26:02,684][com.java.SeleniumDriver] [  216] - Total TestCases:3
[INFO ][2016-02-09 20:26:02,684][com.java.SeleniumDriver] [  217] -  Reading Properties from Property File 
[DEBUG][2016-02-09 20:26:02,685][com.java.SeleniumDriver] [  238] - url : https://clients-xuat.bankersdashboard.com
[INFO ][2016-02-09 20:26:02,686][com.java.ImportnExport.ExportTestResultsExcel] [  116] - Time Stamp Tue Feb 09 08:26:02 IST 2016
[INFO ][2016-02-09 20:26:02,686][com.java.ImportnExport.ExportTestResultsExcel] [  175] - OUT FILE : D:\BankersDashboard/TestReports/Test Results_BankersDashBoard_020916_202602_IE10_Any Bank USA.xls
[INFO ][2016-02-09 20:26:02,717][com.java.ImportnExport.ExportTestResultsExcel] [  180] - Test Result file is created
[DEBUG][2016-02-09 20:26:02,810][com.java.SeleniumDriver] [  426] - Hub ip address is-------172.17.68.34
[INFO ][2016-02-09 20:26:02,811][com.java.SeleniumDriver] [  452] - Grid URL:http://172.17.68.34:4444/wd/hub
[INFO ][2016-02-09 20:26:02,812][com.java.SeleniumDriver] [  453] - Capability:Capabilities [{platform=ANY, ensureCleanSession=true, ignoreProtectedModeSettings=true, acceptSslCerts=true, ignoreZoomSetting=true, browserName=internet explorer, browserstack.ie.noFlash=true, version=null}]
[ERROR][2016-02-09 20:26:04,166][com.java.SeleniumDriver] [  498] - Unable invoke browser in grid:Could not start a new session. Possible causes are invalid address of the remote server or browser start-up failure.
Build info: version: '2.48.2', revision: '41bccdd', time: '2015-10-09 19:59:12'
System info: host: 'FVTIII438F1D', ip: '172.17.68.34', os.name: 'Windows 7', os.arch: 'x86', os.version: '6.1', java.version: '1.7.0_55'
Driver info: driver.version: SeleniumDriver
[INFO ][2016-02-09 20:26:04,166][com.java.SeleniumDriver] [  500] - Executing on local machine
[INFO ][2016-02-09 20:26:14,679][com.java.SeleniumDriver] [  248] - IE10is opened
[INFO ][2016-02-09 20:26:15,522][com.java.SeleniumDriver] [  756] - Test cases to be executed are: [1, 4, 8]
[INFO ][2016-02-09 20:26:15,548][com.java.ImportnExport.ImportTestDataDetailsExcel] [   49] - test data details path===== D:\BankersDashboard\TestInputs\TestData.xls
[INFO ][2016-02-09 20:26:15,624][com.java.SeleniumDriver] [  856] - ------------------------------------------
[INFO ][2016-02-09 20:26:15,624][com.java.SeleniumDriver] [  857] - Test case being Executed: 1
[INFO ][2016-02-09 20:26:15,624][com.java.SeleniumDriver] [  869] - Test step:1
[INFO ][2016-02-09 20:26:15,624][com.java.SeleniumDriver] [  881] - Datavalue is----------Concept#1:1-16
[INFO ][2016-02-09 20:26:15,625][com.java.SeleniumDriver] [  905] - DataField : test
[INFO ][2016-02-09 20:26:15,625][com.java.SeleniumDriver] [  907] - DataValue : Concept#1:1-16
[INFO ][2016-02-09 20:26:15,625][com.java.SeleniumDriver] [  913] - <In Set values of the page>
[INFO ][2016-02-09 20:26:15,625][com.java.SeleniumDriver] [  916] - {Data Fields & Data Values Exist}
[INFO ][2016-02-09 20:26:15,625][com.java.SeleniumDriver] [  918] - --------------------------setting values-----------------------------
[INFO ][2016-02-09 20:26:15,627][com.java.SeleniumDriver] [  921] - Action Type : ExecuteTestCase
[INFO ][2016-02-09 20:26:15,647][com.java.TestType] [  448] - The Concept sheet name is ---------- Concept
[INFO ][2016-02-09 20:26:15,647][com.java.TestType] [  451] - The Concept ID  is ---------- 1
[DEBUG][2016-02-09 20:26:15,647][com.java.TestType] [  455] - Steps being executted in the Concept are: 1:16
[INFO ][2016-02-09 20:26:15,647][com.java.TestType] [  462] - Test data details path ---------- D:\BankersDashboard\TestInputs\TestData.xls
[INFO ][2016-02-09 20:26:15,669][com.java.TestType] [  493] -  str(1) = 1
[INFO ][2016-02-09 20:26:15,669][com.java.TestType] [  496] - Test case Id is---1
[INFO ][2016-02-09 20:26:15,669][com.java.TestType] [  498] - 1
[INFO ][2016-02-09 20:26:15,669][com.java.TestType] [  493] -  str(2) = 1
[INFO ][2016-02-09 20:26:15,671][com.java.TestType] [  493] -  str(1) = 1
[INFO ][2016-02-09 20:26:15,672][com.java.TestType] [  496] - Test case Id is---1
[INFO ][2016-02-09 20:26:15,672][com.java.TestType] [  498] - 1
[INFO ][2016-02-09 20:26:15,672][com.java.TestType] [  493] -  str(2) = 2
[INFO ][2016-02-09 20:26:15,673][com.java.TestType] [  493] -  str(1) = 1
[INFO ][2016-02-09 20:26:15,673][com.java.TestType] [  496] - Test case Id is---1
[INFO ][2016-02-09 20:26:15,673][com.java.TestType] [  498] - 1
[INFO ][2016-02-09 20:26:15,673][com.java.TestType] [  493] -  str(2) = 3
[INFO ][2016-02-09 20:26:15,675][com.java.TestType] [  493] -  str(1) = 1
[INFO ][2016-02-09 20:26:15,675][com.java.TestType] [  496] - Test case Id is---1
[INFO ][2016-02-09 20:26:15,675][com.java.TestType] [  498] - 1
[INFO ][2016-02-09 20:26:15,675][com.java.TestType] [  493] -  str(2) = 4
[INFO ][2016-02-09 20:26:15,676][com.java.TestType] [  493] -  str(1) = 1
[INFO ][2016-02-09 20:26:15,676][com.java.TestType] [  496] - Test case Id is---1
[INFO ][2016-02-09 20:26:15,676][com.java.TestType] [  498] - 1
[INFO ][2016-02-09 20:26:15,677][com.java.TestType] [  493] -  str(2) = 5
[INFO ][2016-02-09 20:26:15,679][com.java.TestType] [  493] -  str(1) = 1
[INFO ][2016-02-09 20:26:15,679][com.java.TestType] [  496] - Test case Id is---1
[INFO ][2016-02-09 20:26:15,679][com.java.TestType] [  498] - 1
[INFO ][2016-02-09 20:26:15,681][com.java.TestType] [  493] -  str(2) = 6
[INFO ][2016-02-09 20:26:15,681][com.java.TestType] [  493] -  str(1) = 1
[INFO ][2016-02-09 20:26:15,682][com.java.TestType] [  496] - Test case Id is---1
[INFO ][2016-02-09 20:26:15,682][com.java.TestType] [  498] - 1
[INFO ][2016-02-09 20:26:15,682][com.java.TestType] [  493] -  str(2) = 7
[INFO ][2016-02-09 20:26:15,683][com.java.TestType] [  493] -  str(1) = 1
[INFO ][2016-02-09 20:26:15,683][com.java.TestType] [  496] - Test case Id is---1
[INFO ][2016-02-09 20:26:15,683][com.java.TestType] [  498] - 1
[INFO ][2016-02-09 20:26:15,683][com.java.TestType] [  493] -  str(2) = 8
[INFO ][2016-02-09 20:26:15,684][com.java.TestType] [  493] -  str(1) = 1
[INFO ][2016-02-09 20:26:15,684][com.java.TestType] [  496] - Test case Id is---1
[INFO ][2016-02-09 20:26:15,684][com.java.TestType] [  498] - 1
[INFO ][2016-02-09 20:26:15,684][com.java.TestType] [  493] -  str(2) = 9
[INFO ][2016-02-09 20:26:15,685][com.java.TestType] [  493] -  str(1) = 1
[INFO ][2016-02-09 20:26:15,685][com.java.TestType] [  496] - Test case Id is---1
[INFO ][2016-02-09 20:26:15,685][com.java.TestType] [  498] - 1
[INFO ][2016-02-09 20:26:15,685][com.java.TestType] [  493] -  str(2) = 10
[INFO ][2016-02-09 20:26:15,686][com.java.TestType] [  493] -  str(1) = 1
[INFO ][2016-02-09 20:26:15,686][com.java.TestType] [  496] - Test case Id is---1
[INFO ][2016-02-09 20:26:15,686][com.java.TestType] [  498] - 1
[INFO ][2016-02-09 20:26:15,686][com.java.TestType] [  493] -  str(2) = 11
[INFO ][2016-02-09 20:26:15,687][com.java.TestType] [  493] -  str(1) = 1
[INFO ][2016-02-09 20:26:15,687][com.java.TestType] [  496] - Test case Id is---1
[INFO ][2016-02-09 20:26:15,687][com.java.TestType] [  498] - 1
[INFO ][2016-02-09 20:26:15,687][com.java.TestType] [  493] -  str(2) = 12
[INFO ][2016-02-09 20:26:15,688][com.java.TestType] [  493] -  str(1) = 1
[INFO ][2016-02-09 20:26:15,688][com.java.TestType] [  496] - Test case Id is---1
[INFO ][2016-02-09 20:26:15,688][com.java.TestType] [  498] - 1
[INFO ][2016-02-09 20:26:15,688][com.java.TestType] [  493] -  str(2) = 13
[INFO ][2016-02-09 20:26:15,691][com.java.TestType] [  493] -  str(1) = 1
[INFO ][2016-02-09 20:26:15,691][com.java.TestType] [  496] - Test case Id is---1
[INFO ][2016-02-09 20:26:15,691][com.java.TestType] [  498] - 1
[INFO ][2016-02-09 20:26:15,691][com.java.TestType] [  493] -  str(2) = 14
[INFO ][2016-02-09 20:26:15,692][com.java.TestType] [  493] -  str(1) = 1
[INFO ][2016-02-09 20:26:15,692][com.java.TestType] [  496] - Test case Id is---1
[INFO ][2016-02-09 20:26:15,692][com.java.TestType] [  498] - 1
[INFO ][2016-02-09 20:26:15,692][com.java.TestType] [  493] -  str(2) = 15
[INFO ][2016-02-09 20:26:15,693][com.java.TestType] [  493] -  str(1) = 1
[INFO ][2016-02-09 20:26:15,693][com.java.TestType] [  496] - Test case Id is---1
[INFO ][2016-02-09 20:26:15,693][com.java.TestType] [  498] - 1
[INFO ][2016-02-09 20:26:15,693][com.java.TestType] [  493] -  str(2) = 16
[INFO ][2016-02-09 20:26:15,693][com.java.TestType] [12123] - Looping 1TCID = 1
[DEBUG][2016-02-09 20:26:15,694][com.java.TestType] [12164] - Concept ID:1 :: Step being Executed: 1::1
[INFO ][2016-02-09 20:26:15,694][com.java.TestType] [12202] - dataFields : TXTusername
[DEBUG][2016-02-09 20:26:15,694][com.java.TestType] [12208] - <In Set values of the page>
[DEBUG][2016-02-09 20:26:15,694][com.java.TestType] [12213] - {Data Fields & Data Values Exist}
[INFO ][2016-02-09 20:26:15,694][com.java.TestType] [12219] - --------------------------setting values-----------------------------
[INFO ][2016-02-09 20:26:15,694][com.java.TestType] [12222] - Action Type : CLEARANDENTER
[INFO ][2016-02-09 20:26:17,981][com.java.TestType] [ 6752] - value = naresh.nayini1.00000
[INFO ][2016-02-09 20:26:20,377][com.java.TestType] [12241] -  RESULT true
[INFO ][2016-02-09 20:26:20,377][com.java.TestType] [12358] - ?   P A S S   ?
[DEBUG][2016-02-09 20:26:20,378][com.java.TestType] [12164] - Concept ID:1 :: Step being Executed: 1::2
[INFO ][2016-02-09 20:26:20,378][com.java.TestType] [12202] - dataFields : TXTpassword
[DEBUG][2016-02-09 20:26:20,378][com.java.TestType] [12208] - <In Set values of the page>
[DEBUG][2016-02-09 20:26:20,378][com.java.TestType] [12213] - {Data Fields & Data Values Exist}
[INFO ][2016-02-09 20:26:20,378][com.java.TestType] [12219] - --------------------------setting values-----------------------------
[INFO ][2016-02-09 20:26:20,378][com.java.TestType] [12222] - Action Type : CLEARANDENTER
[INFO ][2016-02-09 20:26:22,644][com.java.TestType] [ 6752] - value = Password1*
[INFO ][2016-02-09 20:26:25,177][com.java.TestType] [12241] -  RESULT true
[INFO ][2016-02-09 20:26:25,177][com.java.TestType] [12358] - ?   P A S S   ?
[DEBUG][2016-02-09 20:26:25,177][com.java.TestType] [12164] - Concept ID:1 :: Step being Executed: 1::3
[ERROR][2016-02-09 20:26:25,177][com.java.TestType] [12197] - Exception: null
[INFO ][2016-02-09 20:26:25,178][com.java.TestType] [12202] - dataFields : XPH//button[@type='submit']
[DEBUG][2016-02-09 20:26:25,178][com.java.TestType] [12208] - <In Set values of the page>
[DEBUG][2016-02-09 20:26:25,178][com.java.TestType] [12213] - {Data Fields & Data Values Exist}
[INFO ][2016-02-09 20:26:25,178][com.java.TestType] [12219] - --------------------------setting values-----------------------------
[INFO ][2016-02-09 20:26:25,178][com.java.TestType] [12222] - Action Type : Click
[INFO ][2016-02-09 20:26:25,178][com.java.TestType] [ 7153] - Field ::XPH//button[@type='submit']
[INFO ][2016-02-09 20:26:25,178][com.java.TestType] [ 6752] - value = 
[INFO ][2016-02-09 20:26:26,178][com.java.TestType] [ 7330] - BEFORE CLICK
[INFO ][2016-02-09 20:26:27,027][com.java.TestType] [ 7338] - Unable to click the object Login
[INFO ][2016-02-09 20:26:27,027][com.java.TestType] [12241] -  RESULT true
[INFO ][2016-02-09 20:26:27,027][com.java.TestType] [12358] - ?   P A S S   ?
[DEBUG][2016-02-09 20:26:27,027][com.java.TestType] [12164] - Concept ID:1 :: Step being Executed: 1::4
[INFO ][2016-02-09 20:26:27,027][com.java.TestType] [12202] - dataFields : LNKLogout
[DEBUG][2016-02-09 20:26:27,027][com.java.TestType] [12208] - <In Set values of the page>
[DEBUG][2016-02-09 20:26:27,027][com.java.TestType] [12213] - {Data Fields & Data Values Exist}
[INFO ][2016-02-09 20:26:27,027][com.java.TestType] [12219] - --------------------------setting values-----------------------------
[INFO ][2016-02-09 20:26:27,027][com.java.TestType] [12222] - Action Type : WaitForElement
[INFO ][2016-02-09 20:26:30,529][com.java.TestType] [12241] -  RESULT true
[INFO ][2016-02-09 20:26:30,529][com.java.TestType] [12358] - ?   P A S S   ?
[DEBUG][2016-02-09 20:26:30,529][com.java.TestType] [12164] - Concept ID:1 :: Step being Executed: 1::15
[INFO ][2016-02-09 20:26:30,529][com.java.TestType] [12202] - dataFields : LNK
[DEBUG][2016-02-09 20:26:30,529][com.java.TestType] [12208] - <In Set values of the page>
[DEBUG][2016-02-09 20:26:30,529][com.java.TestType] [12213] - {Data Fields & Data Values Exist}
[INFO ][2016-02-09 20:26:30,529][com.java.TestType] [12219] - --------------------------setting values-----------------------------
[INFO ][2016-02-09 20:26:30,530][com.java.TestType] [12222] - Action Type : Verify
[INFO ][2016-02-09 20:26:30,530][com.java.TestType] [ 8386] - field= LNK value= Logout
[INFO ][2016-02-09 20:26:30,532][com.java.TestType] [ 6752] - value = Logout
[INFO ][2016-02-09 20:26:30,570][com.java.TestType] [12241] -  RESULT true
[INFO ][2016-02-09 20:26:30,570][com.java.TestType] [12358] - ?   P A S S   ?
[DEBUG][2016-02-09 20:26:30,570][com.java.TestType] [12164] - Concept ID:1 :: Step being Executed: 1::16
[INFO ][2016-02-09 20:26:30,570][com.java.TestType] [12202] - dataFields : BTN
[DEBUG][2016-02-09 20:26:30,570][com.java.TestType] [12208] - <In Set values of the page>
[DEBUG][2016-02-09 20:26:30,570][com.java.TestType] [12213] - {Data Fields & Data Values Exist}
[INFO ][2016-02-09 20:26:30,570][com.java.TestType] [12219] - --------------------------setting values-----------------------------
[INFO ][2016-02-09 20:26:30,570][com.java.TestType] [12222] - Action Type : Verify
[INFO ][2016-02-09 20:26:30,570][com.java.TestType] [ 8386] - field= BTN value= //img[contains(@src,'bdlogo.jpg')]
[INFO ][2016-02-09 20:26:30,571][com.java.TestType] [ 6752] - value = //img[contains(@src,'bdlogo.jpg')]
[INFO ][2016-02-09 20:26:30,851][com.java.TestType] [12241] -  RESULT true
[INFO ][2016-02-09 20:26:30,851][com.java.TestType] [12358] - ?   P A S S   ?
[INFO ][2016-02-09 20:26:30,851][com.java.TestType] [12429] - Looping End......
[INFO ][2016-02-09 20:26:30,853][com.java.SeleniumDriver] [  930] -  RESULT true
[INFO ][2016-02-09 20:26:30,853][com.java.SeleniumDriver] [ 1136] - ?   P A S S   ?
[INFO ][2016-02-09 20:26:30,853][com.java.SeleniumDriver] [  856] - ------------------------------------------
[INFO ][2016-02-09 20:26:30,853][com.java.SeleniumDriver] [  857] - Test case being Executed: 1
[INFO ][2016-02-09 20:26:30,853][com.java.SeleniumDriver] [  869] - Test step:2
[INFO ][2016-02-09 20:26:30,853][com.java.SeleniumDriver] [  881] - Datavalue is----------Concept#2:1-2
[INFO ][2016-02-09 20:26:30,853][com.java.SeleniumDriver] [  905] - DataField : test
[INFO ][2016-02-09 20:26:30,853][com.java.SeleniumDriver] [  907] - DataValue : Concept#2:1-2
[INFO ][2016-02-09 20:26:30,853][com.java.SeleniumDriver] [  913] - <In Set values of the page>
[INFO ][2016-02-09 20:26:30,853][com.java.SeleniumDriver] [  916] - {Data Fields & Data Values Exist}
[INFO ][2016-02-09 20:26:30,853][com.java.SeleniumDriver] [  918] - --------------------------setting values-----------------------------
[INFO ][2016-02-09 20:26:30,853][com.java.SeleniumDriver] [  921] - Action Type : ExecuteTestCase
[INFO ][2016-02-09 20:26:30,854][com.java.TestType] [  448] - The Concept sheet name is ---------- Concept
[INFO ][2016-02-09 20:26:30,854][com.java.TestType] [  451] - The Concept ID  is ---------- 2
[DEBUG][2016-02-09 20:26:30,854][com.java.TestType] [  455] - Steps being executted in the Concept are: 1:2
[INFO ][2016-02-09 20:26:30,854][com.java.TestType] [  462] - Test data details path ---------- D:\BankersDashboard\TestInputs\TestData.xls
[INFO ][2016-02-09 20:26:30,871][com.java.TestType] [  493] -  str(1) = 2
[INFO ][2016-02-09 20:26:30,872][com.java.TestType] [  496] - Test case Id is---2
[INFO ][2016-02-09 20:26:30,872][com.java.TestType] [  498] - 2
[INFO ][2016-02-09 20:26:30,872][com.java.TestType] [  493] -  str(2) = 1
[INFO ][2016-02-09 20:26:30,875][com.java.TestType] [  493] -  str(1) = 2
[INFO ][2016-02-09 20:26:30,875][com.java.TestType] [  496] - Test case Id is---2
[INFO ][2016-02-09 20:26:30,875][com.java.TestType] [  498] - 2
[INFO ][2016-02-09 20:26:30,876][com.java.TestType] [  493] -  str(2) = 2
[INFO ][2016-02-09 20:26:30,876][com.java.TestType] [  493] -  str(1) = 2
[INFO ][2016-02-09 20:26:30,876][com.java.TestType] [  496] - Test case Id is---2
[INFO ][2016-02-09 20:26:30,876][com.java.TestType] [  498] - 2
[INFO ][2016-02-09 20:26:30,876][com.java.TestType] [  493] -  str(2) = 3
[INFO ][2016-02-09 20:26:30,877][com.java.TestType] [12123] - Looping 1TCID = 2
[DEBUG][2016-02-09 20:26:30,877][com.java.TestType] [12164] - Concept ID:2 :: Step being Executed: 2::1
[INFO ][2016-02-09 20:26:30,877][com.java.TestType] [12202] - dataFields : BNK//select[@id='bank']
[DEBUG][2016-02-09 20:26:30,877][com.java.TestType] [12208] - <In Set values of the page>
[DEBUG][2016-02-09 20:26:30,877][com.java.TestType] [12213] - {Data Fields & Data Values Exist}
[INFO ][2016-02-09 20:26:30,877][com.java.TestType] [12219] - --------------------------setting values-----------------------------
[INFO ][2016-02-09 20:26:30,878][com.java.TestType] [12222] - Action Type : Select
[INFO ][2016-02-09 20:26:30,878][com.java.TestType] [ 6752] - value = PFC
[INFO ][2016-02-09 20:26:31,183][com.java.TestType] [12241] -  RESULT true
[INFO ][2016-02-09 20:26:31,183][com.java.TestType] [12358] - ?   P A S S   ?
[DEBUG][2016-02-09 20:26:31,183][com.java.TestType] [12164] - Concept ID:2 :: Step being Executed: 2::2
[INFO ][2016-02-09 20:26:31,183][com.java.TestType] [12202] - dataFields : LNKLogout
[DEBUG][2016-02-09 20:26:31,183][com.java.TestType] [12208] - <In Set values of the page>
[DEBUG][2016-02-09 20:26:31,183][com.java.TestType] [12213] - {Data Fields & Data Values Exist}
[INFO ][2016-02-09 20:26:31,183][com.java.TestType] [12219] - --------------------------setting values-----------------------------
[INFO ][2016-02-09 20:26:31,183][com.java.TestType] [12222] - Action Type : WaitTime
[DEBUG][2016-02-09 20:26:31,184][com.java.TestType] [ 6561] - sleepTime: 5000
[INFO ][2016-02-09 20:26:36,184][com.java.TestType] [12241] -  RESULT true
[INFO ][2016-02-09 20:26:36,184][com.java.TestType] [12358] - ?   P A S S   ?
[INFO ][2016-02-09 20:26:36,184][com.java.TestType] [12429] - Looping End......
[INFO ][2016-02-09 20:26:36,186][com.java.SeleniumDriver] [  930] -  RESULT true
[INFO ][2016-02-09 20:26:36,186][com.java.SeleniumDriver] [ 1136] - ?   P A S S   ?
[INFO ][2016-02-09 20:26:36,186][com.java.SeleniumDriver] [  856] - ------------------------------------------
[INFO ][2016-02-09 20:26:36,186][com.java.SeleniumDriver] [  857] - Test case being Executed: 1
[INFO ][2016-02-09 20:26:36,186][com.java.SeleniumDriver] [  869] - Test step:3
[INFO ][2016-02-09 20:26:36,186][com.java.SeleniumDriver] [  881] - Datavalue is----------2
[INFO ][2016-02-09 20:26:36,186][com.java.SeleniumDriver] [  905] - DataField : XPH//button[contains(text(),'Add Content')]
[INFO ][2016-02-09 20:26:36,186][com.java.SeleniumDriver] [  907] - DataValue : 2
[INFO ][2016-02-09 20:26:36,186][com.java.SeleniumDriver] [  913] - <In Set values of the page>
[INFO ][2016-02-09 20:26:36,186][com.java.SeleniumDriver] [  916] - {Data Fields & Data Values Exist}
[INFO ][2016-02-09 20:26:36,186][com.java.SeleniumDriver] [  918] - --------------------------setting values-----------------------------
[INFO ][2016-02-09 20:26:36,186][com.java.SeleniumDriver] [  921] - Action Type : WAITFORELEMENT
[INFO ][2016-02-09 20:26:36,224][com.java.SeleniumDriver] [  930] -  RESULT true
[INFO ][2016-02-09 20:26:36,224][com.java.SeleniumDriver] [ 1136] - ?   P A S S   ?
[DEBUG][2016-02-09 20:26:36,224][com.java.SeleniumDriver] [ 1248] - Case found
[DEBUG][2016-02-09 20:26:36,224][com.java.SeleniumDriver] [ 1253] - Incrementing ReportCounters[0]:1
[INFO ][2016-02-09 20:26:36,224][com.java.SeleniumDriver] [ 1272] - The results are-------------------[1, 1, Valid Login, Pass, , Tue Feb 09 20:26:30 IST 2016, 1, 2, Valid Login, Pass, , Tue Feb 09 20:26:36 IST 2016, 1, 3, Valid Login, Pass, , Tue Feb 09 20:26:36 IST 2016]
[INFO ][2016-02-09 20:26:36,224][com.java.SeleniumDriver] [ 1276] - End time is-------35 sec
[INFO ][2016-02-09 20:26:36,224][com.java.SeleniumDriver] [ 1277] - The results are-------------------[1, 1, Valid Login, Pass, , Tue Feb 09 20:26:30 IST 2016, 1, 2, Valid Login, Pass, , Tue Feb 09 20:26:36 IST 2016, 1, 3, Valid Login, Pass, , Tue Feb 09 20:26:36 IST 2016]
[DEBUG][2016-02-09 20:26:36,225][com.java.ImportnExport.ExportTestResultsExcel] [  222] - testResultPath = D:\BankersDashboard/TestReports/Test Results_BankersDashBoard_020916_202602_IE10_Any Bank USA.xls
[DEBUG][2016-02-09 20:26:36,225][com.java.ImportnExport.ExportTestResultsExcel] [  223] - browser is------------IE10
[DEBUG][2016-02-09 20:26:36,270][com.java.ImportnExport.ExportTestResultsExcel] [  270] - result.size() = 18
[DEBUG][2016-02-09 20:26:36,270][com.java.ImportnExport.ExportTestResultsExcel] [  274] - No of rows in sheet=1
[DEBUG][2016-02-09 20:26:36,270][com.java.ImportnExport.ExportTestResultsExcel] [  301] - ..in export..1
[DEBUG][2016-02-09 20:26:36,271][com.java.ImportnExport.ExportTestResultsExcel] [  301] - ..in export..Valid Login
[DEBUG][2016-02-09 20:26:36,271][com.java.ImportnExport.ExportTestResultsExcel] [  301] - ..in export..Pass
[DEBUG][2016-02-09 20:26:36,271][com.java.ImportnExport.ExportTestResultsExcel] [  301] - ..in export..
[DEBUG][2016-02-09 20:26:36,271][com.java.ImportnExport.ExportTestResultsExcel] [  301] - ..in export..Tue Feb 09 20:26:30 IST 2016
[INFO ][2016-02-09 20:26:36,272][com.java.SeleniumDriver] [ 1337] - out loop:0 size:3 TestCases:[1, 4, 8] testcases:[1, 4, 8]
[INFO ][2016-02-09 20:26:36,272][com.java.ImportnExport.ImportTestDataDetailsExcel] [   49] - test data details path===== D:\BankersDashboard\TestInputs\TestData.xls
[INFO ][2016-02-09 20:26:51,490][com.java.SeleniumDriver] [  856] - ------------------------------------------
[INFO ][2016-02-09 20:26:51,490][com.java.SeleniumDriver] [  857] - Test case being Executed: 4
[INFO ][2016-02-09 20:26:51,490][com.java.SeleniumDriver] [  869] - Test step:1
[INFO ][2016-02-09 20:26:51,490][com.java.SeleniumDriver] [  881] - Datavalue is----------Logout
[INFO ][2016-02-09 20:26:51,490][com.java.SeleniumDriver] [  905] - DataField : BTN
[INFO ][2016-02-09 20:26:51,490][com.java.SeleniumDriver] [  907] - DataValue : Logout
[INFO ][2016-02-09 20:26:51,490][com.java.SeleniumDriver] [  913] - <In Set values of the page>
[INFO ][2016-02-09 20:26:51,490][com.java.SeleniumDriver] [  916] - {Data Fields & Data Values Exist}
[INFO ][2016-02-09 20:26:51,490][com.java.SeleniumDriver] [  918] - --------------------------setting values-----------------------------
[INFO ][2016-02-09 20:26:51,490][com.java.SeleniumDriver] [  921] - Action Type : Verify
[INFO ][2016-02-09 20:26:51,490][com.java.TestType] [ 8386] - field= BTN value= Logout
[INFO ][2016-02-09 20:26:51,490][com.java.TestType] [ 6752] - value = Logout
[INFO ][2016-02-09 20:26:51,564][com.java.SeleniumDriver] [  930] -  RESULT true
[INFO ][2016-02-09 20:26:51,564][com.java.SeleniumDriver] [ 1136] - ?   P A S S   ?
[INFO ][2016-02-09 20:26:51,564][com.java.SeleniumDriver] [ 1178] - step change to 3
[INFO ][2016-02-09 20:26:51,564][com.java.SeleniumDriver] [  856] - ------------------------------------------
[INFO ][2016-02-09 20:26:51,564][com.java.SeleniumDriver] [  857] - Test case being Executed: 4
[INFO ][2016-02-09 20:26:51,564][com.java.SeleniumDriver] [  869] - Test step:3
[INFO ][2016-02-09 20:26:51,564][com.java.SeleniumDriver] [  881] - Datavalue is----------Concept#2:1-3
[INFO ][2016-02-09 20:26:51,564][com.java.SeleniumDriver] [  905] - DataField : test
[INFO ][2016-02-09 20:26:51,564][com.java.SeleniumDriver] [  907] - DataValue : Concept#2:1-3
[INFO ][2016-02-09 20:26:51,564][com.java.SeleniumDriver] [  913] - <In Set values of the page>
[INFO ][2016-02-09 20:26:51,565][com.java.SeleniumDriver] [  916] - {Data Fields & Data Values Exist}
[INFO ][2016-02-09 20:26:51,565][com.java.SeleniumDriver] [  918] - --------------------------setting values-----------------------------
[INFO ][2016-02-09 20:26:51,565][com.java.SeleniumDriver] [  921] - Action Type : ExecuteTestCase
[INFO ][2016-02-09 20:26:51,565][com.java.TestType] [  448] - The Concept sheet name is ---------- Concept
[INFO ][2016-02-09 20:26:51,565][com.java.TestType] [  451] - The Concept ID  is ---------- 2
[DEBUG][2016-02-09 20:26:51,565][com.java.TestType] [  455] - Steps being executted in the Concept are: 1:3
[INFO ][2016-02-09 20:26:51,565][com.java.TestType] [  462] - Test data details path ---------- D:\BankersDashboard\TestInputs\TestData.xls
[INFO ][2016-02-09 20:26:51,582][com.java.TestType] [  493] -  str(1) = 2
[INFO ][2016-02-09 20:26:51,582][com.java.TestType] [  496] - Test case Id is---2
[INFO ][2016-02-09 20:26:51,582][com.java.TestType] [  498] - 2
[INFO ][2016-02-09 20:26:51,582][com.java.TestType] [  493] -  str(2) = 1
[INFO ][2016-02-09 20:26:51,583][com.java.TestType] [  493] -  str(1) = 2
[INFO ][2016-02-09 20:26:51,584][com.java.TestType] [  496] - Test case Id is---2
[INFO ][2016-02-09 20:26:51,584][com.java.TestType] [  498] - 2
[INFO ][2016-02-09 20:26:51,584][com.java.TestType] [  493] -  str(2) = 2
[INFO ][2016-02-09 20:26:51,584][com.java.TestType] [  493] -  str(1) = 2
[INFO ][2016-02-09 20:26:51,584][com.java.TestType] [  496] - Test case Id is---2
[INFO ][2016-02-09 20:26:51,584][com.java.TestType] [  498] - 2
[INFO ][2016-02-09 20:26:51,585][com.java.TestType] [  493] -  str(2) = 3
[INFO ][2016-02-09 20:26:51,586][com.java.TestType] [12123] - Looping 1TCID = 2
[DEBUG][2016-02-09 20:26:51,586][com.java.TestType] [12164] - Concept ID:2 :: Step being Executed: 2::1
[INFO ][2016-02-09 20:26:51,586][com.java.TestType] [12202] - dataFields : BNK//select[@id='bank']
[DEBUG][2016-02-09 20:26:51,586][com.java.TestType] [12208] - <In Set values of the page>
[DEBUG][2016-02-09 20:26:51,586][com.java.TestType] [12213] - {Data Fields & Data Values Exist}
[INFO ][2016-02-09 20:26:51,586][com.java.TestType] [12219] - --------------------------setting values-----------------------------
[INFO ][2016-02-09 20:26:51,586][com.java.TestType] [12222] - Action Type : Select
[INFO ][2016-02-09 20:26:51,587][com.java.TestType] [ 6752] - value = PFC
[INFO ][2016-02-09 20:26:51,828][com.java.TestType] [12241] -  RESULT true
[INFO ][2016-02-09 20:26:51,828][com.java.TestType] [12358] - ?   P A S S   ?
[DEBUG][2016-02-09 20:26:51,828][com.java.TestType] [12164] - Concept ID:2 :: Step being Executed: 2::2
[INFO ][2016-02-09 20:26:51,828][com.java.TestType] [12202] - dataFields : LNKLogout
[DEBUG][2016-02-09 20:26:51,828][com.java.TestType] [12208] - <In Set values of the page>
[DEBUG][2016-02-09 20:26:51,828][com.java.TestType] [12213] - {Data Fields & Data Values Exist}
[INFO ][2016-02-09 20:26:51,828][com.java.TestType] [12219] - --------------------------setting values-----------------------------
[INFO ][2016-02-09 20:26:51,829][com.java.TestType] [12222] - Action Type : WaitTime
[DEBUG][2016-02-09 20:26:51,829][com.java.TestType] [ 6561] - sleepTime: 5000
[INFO ][2016-02-09 20:26:56,829][com.java.TestType] [12241] -  RESULT true
[INFO ][2016-02-09 20:26:56,829][com.java.TestType] [12358] - ?   P A S S   ?
[DEBUG][2016-02-09 20:26:56,829][com.java.TestType] [12164] - Concept ID:2 :: Step being Executed: 2::3
[INFO ][2016-02-09 20:26:56,829][com.java.TestType] [12202] - dataFields : LNKLogout
[DEBUG][2016-02-09 20:26:56,829][com.java.TestType] [12208] - <In Set values of the page>
[DEBUG][2016-02-09 20:26:56,829][com.java.TestType] [12213] - {Data Fields & Data Values Exist}
[INFO ][2016-02-09 20:26:56,829][com.java.TestType] [12219] - --------------------------setting values-----------------------------
[INFO ][2016-02-09 20:26:56,829][com.java.TestType] [12222] - Action Type : WaitForElement
[INFO ][2016-02-09 20:26:56,867][com.java.TestType] [12241] -  RESULT true
[INFO ][2016-02-09 20:26:56,867][com.java.TestType] [12358] - ?   P A S S   ?
[INFO ][2016-02-09 20:26:56,867][com.java.TestType] [12429] - Looping End......
[INFO ][2016-02-09 20:26:56,869][com.java.SeleniumDriver] [  930] -  RESULT true
[INFO ][2016-02-09 20:26:56,869][com.java.SeleniumDriver] [ 1136] - ?   P A S S   ?
[INFO ][2016-02-09 20:26:56,869][com.java.SeleniumDriver] [  856] - ------------------------------------------
[INFO ][2016-02-09 20:26:56,869][com.java.SeleniumDriver] [  857] - Test case being Executed: 4
[INFO ][2016-02-09 20:26:56,869][com.java.SeleniumDriver] [  869] - Test step:4
[INFO ][2016-02-09 20:26:56,869][com.java.SeleniumDriver] [  881] - Datavalue is----------null
[DEBUG][2016-02-09 20:26:56,869][com.java.SeleniumDriver] [  899] - Exception: null
[INFO ][2016-02-09 20:26:56,869][com.java.SeleniumDriver] [  905] - DataField : //span[@class="icon-cog2"]&&//a[text()='Customize']&&//a[@data-id="TabletAlerts"]
[INFO ][2016-02-09 20:26:56,869][com.java.SeleniumDriver] [  907] - DataValue : 
[INFO ][2016-02-09 20:26:56,869][com.java.SeleniumDriver] [  913] - <In Set values of the page>
[INFO ][2016-02-09 20:26:56,869][com.java.SeleniumDriver] [  916] - {Data Fields & Data Values Exist}
[INFO ][2016-02-09 20:26:56,869][com.java.SeleniumDriver] [  918] - --------------------------setting values-----------------------------
[INFO ][2016-02-09 20:26:56,869][com.java.SeleniumDriver] [  921] - Action Type : MOUSEOVER
[INFO ][2016-02-09 20:27:41,738][com.java.SeleniumDriver] [  930] -  RESULT true
[INFO ][2016-02-09 20:27:41,738][com.java.SeleniumDriver] [ 1136] - ?   P A S S   ?
[INFO ][2016-02-09 20:27:41,738][com.java.SeleniumDriver] [  856] - ------------------------------------------
[INFO ][2016-02-09 20:27:41,738][com.java.SeleniumDriver] [  857] - Test case being Executed: 4
[INFO ][2016-02-09 20:27:41,738][com.java.SeleniumDriver] [  869] - Test step:5
[INFO ][2016-02-09 20:27:41,738][com.java.SeleniumDriver] [  881] - Datavalue is----------My Alerts
[INFO ][2016-02-09 20:27:41,738][com.java.SeleniumDriver] [  905] - DataField : XPH//span[@class='ui-dialog-title']
[INFO ][2016-02-09 20:27:41,738][com.java.SeleniumDriver] [  907] - DataValue : My Alerts
[INFO ][2016-02-09 20:27:41,738][com.java.SeleniumDriver] [  913] - <In Set values of the page>
[INFO ][2016-02-09 20:27:41,738][com.java.SeleniumDriver] [  916] - {Data Fields & Data Values Exist}
[INFO ][2016-02-09 20:27:41,738][com.java.SeleniumDriver] [  918] - --------------------------setting values-----------------------------
[INFO ][2016-02-09 20:27:41,738][com.java.SeleniumDriver] [  921] - Action Type : verify
[INFO ][2016-02-09 20:27:41,738][com.java.TestType] [ 8386] - field= XPH//span[@class='ui-dialog-title'] value= My Alerts
[INFO ][2016-02-09 20:27:41,739][com.java.TestType] [ 6752] - value = My Alerts
[INFO ][2016-02-09 20:27:41,928][com.java.SeleniumDriver] [  930] -  RESULT true
[INFO ][2016-02-09 20:27:41,928][com.java.SeleniumDriver] [ 1136] - ?   P A S S   ?
[INFO ][2016-02-09 20:27:41,928][com.java.SeleniumDriver] [  856] - ------------------------------------------
[INFO ][2016-02-09 20:27:41,928][com.java.SeleniumDriver] [  857] - Test case being Executed: 4
[INFO ][2016-02-09 20:27:41,928][com.java.SeleniumDriver] [  869] - Test step:6
[INFO ][2016-02-09 20:27:41,928][com.java.SeleniumDriver] [  881] - Datavalue is----------null
[DEBUG][2016-02-09 20:27:41,928][com.java.SeleniumDriver] [  899] - Exception: null
[INFO ][2016-02-09 20:27:41,928][com.java.SeleniumDriver] [  905] - DataField : BTNframeDialogContent
[INFO ][2016-02-09 20:27:41,928][com.java.SeleniumDriver] [  907] - DataValue : 
[INFO ][2016-02-09 20:27:41,928][com.java.SeleniumDriver] [  913] - <In Set values of the page>
[INFO ][2016-02-09 20:27:41,928][com.java.SeleniumDriver] [  916] - {Data Fields & Data Values Exist}
[INFO ][2016-02-09 20:27:41,928][com.java.SeleniumDriver] [  918] - --------------------------setting values-----------------------------
[INFO ][2016-02-09 20:27:41,929][com.java.SeleniumDriver] [  921] - Action Type : SELECTFRAME
[INFO ][2016-02-09 20:27:43,317][com.java.SeleniumDriver] [  930] -  RESULT true
[INFO ][2016-02-09 20:27:43,317][com.java.SeleniumDriver] [ 1136] - ?   P A S S   ?
[INFO ][2016-02-09 20:27:43,317][com.java.SeleniumDriver] [  856] - ------------------------------------------
[INFO ][2016-02-09 20:27:43,318][com.java.SeleniumDriver] [  857] - Test case being Executed: 4
[INFO ][2016-02-09 20:27:43,318][com.java.SeleniumDriver] [  869] - Test step:7
[INFO ][2016-02-09 20:27:43,318][com.java.SeleniumDriver] [  881] - Datavalue is----------Income Statement
[INFO ][2016-02-09 20:27:43,318][com.java.SeleniumDriver] [  905] - DataField : XPH//span[contains(text(),'Income Statement')]
[INFO ][2016-02-09 20:27:43,318][com.java.SeleniumDriver] [  907] - DataValue : Income Statement
[INFO ][2016-02-09 20:27:43,318][com.java.SeleniumDriver] [  913] - <In Set values of the page>
[INFO ][2016-02-09 20:27:43,318][com.java.SeleniumDriver] [  916] - {Data Fields & Data Values Exist}
[INFO ][2016-02-09 20:27:43,318][com.java.SeleniumDriver] [  918] - --------------------------setting values-----------------------------
[INFO ][2016-02-09 20:27:43,318][com.java.SeleniumDriver] [  921] - Action Type : VERIFY
[INFO ][2016-02-09 20:27:43,318][com.java.TestType] [ 8386] - field= XPH//span[contains(text(),'Income Statement')] value= Income Statement
[INFO ][2016-02-09 20:27:43,318][com.java.TestType] [ 6752] - value = Income Statement
[INFO ][2016-02-09 20:27:43,394][com.java.SeleniumDriver] [  930] -  RESULT true
[INFO ][2016-02-09 20:27:43,394][com.java.SeleniumDriver] [ 1136] - ?   P A S S   ?
[INFO ][2016-02-09 20:27:43,394][com.java.SeleniumDriver] [  856] - ------------------------------------------
[INFO ][2016-02-09 20:27:43,394][com.java.SeleniumDriver] [  857] - Test case being Executed: 4
[INFO ][2016-02-09 20:27:43,394][com.java.SeleniumDriver] [  869] - Test step:8
[INFO ][2016-02-09 20:27:43,394][com.java.SeleniumDriver] [  881] - Datavalue is----------null
[DEBUG][2016-02-09 20:27:43,394][com.java.SeleniumDriver] [  899] - Exception: null
[INFO ][2016-02-09 20:27:43,395][com.java.SeleniumDriver] [  905] - DataField : XPH//span[contains(text(),'Income Statement')]
[INFO ][2016-02-09 20:27:43,395][com.java.SeleniumDriver] [  907] - DataValue : 
[INFO ][2016-02-09 20:27:43,395][com.java.SeleniumDriver] [  913] - <In Set values of the page>
[INFO ][2016-02-09 20:27:43,395][com.java.SeleniumDriver] [  916] - {Data Fields & Data Values Exist}
[INFO ][2016-02-09 20:27:43,395][com.java.SeleniumDriver] [  918] - --------------------------setting values-----------------------------
[INFO ][2016-02-09 20:27:43,395][com.java.SeleniumDriver] [  921] - Action Type : CLICK
[INFO ][2016-02-09 20:27:43,395][com.java.TestType] [ 7153] - Field ::XPH//span[contains(text(),'Income Statement')]
[INFO ][2016-02-09 20:27:43,395][com.java.TestType] [ 6752] - value = 
[INFO ][2016-02-09 20:27:44,395][com.java.TestType] [ 7330] - BEFORE CLICK
[INFO ][2016-02-09 20:27:45,316][com.java.TestType] [ 7338] - Unable to click the object Income Statement
[INFO ][2016-02-09 20:27:45,316][com.java.SeleniumDriver] [  930] -  RESULT true
[INFO ][2016-02-09 20:27:45,316][com.java.SeleniumDriver] [ 1136] - ?   P A S S   ?
[INFO ][2016-02-09 20:27:45,316][com.java.SeleniumDriver] [  856] - ------------------------------------------
[INFO ][2016-02-09 20:27:45,316][com.java.SeleniumDriver] [  857] - Test case being Executed: 4
[INFO ][2016-02-09 20:27:45,316][com.java.SeleniumDriver] [  869] - Test step:9
[INFO ][2016-02-09 20:27:45,316][com.java.SeleniumDriver] [  881] - Datavalue is----------5
[INFO ][2016-02-09 20:27:45,316][com.java.SeleniumDriver] [  905] - DataField : test
[INFO ][2016-02-09 20:27:45,316][com.java.SeleniumDriver] [  907] - DataValue : 5
[INFO ][2016-02-09 20:27:45,316][com.java.SeleniumDriver] [  913] - <In Set values of the page>
[INFO ][2016-02-09 20:27:45,316][com.java.SeleniumDriver] [  916] - {Data Fields & Data Values Exist}
[INFO ][2016-02-09 20:27:45,316][com.java.SeleniumDriver] [  918] - --------------------------setting values-----------------------------
[INFO ][2016-02-09 20:27:45,317][com.java.SeleniumDriver] [  921] - Action Type : WAITTIME
[DEBUG][2016-02-09 20:27:45,317][com.java.TestType] [ 6561] - sleepTime: 5000
[INFO ][2016-02-09 20:27:50,318][com.java.SeleniumDriver] [  930] -  RESULT true
[INFO ][2016-02-09 20:27:50,318][com.java.SeleniumDriver] [ 1136] - ?   P A S S   ?
[INFO ][2016-02-09 20:27:50,318][com.java.SeleniumDriver] [  856] - ------------------------------------------
[INFO ][2016-02-09 20:27:50,318][com.java.SeleniumDriver] [  857] - Test case being Executed: 4
[INFO ][2016-02-09 20:27:50,318][com.java.SeleniumDriver] [  869] - Test step:10
[INFO ][2016-02-09 20:27:50,318][com.java.SeleniumDriver] [  881] - Datavalue is----------RMD0
[INFO ][2016-02-09 20:27:50,318][com.java.SeleniumDriver] [  905] - DataField : TXT//table[@id="IncomeTbl" ]/tbody//td[4]/input[@class="perVal"]
[INFO ][2016-02-09 20:27:50,318][com.java.SeleniumDriver] [  907] - DataValue : RMD0
[INFO ][2016-02-09 20:27:50,318][com.java.SeleniumDriver] [  913] - <In Set values of the page>
[INFO ][2016-02-09 20:27:50,318][com.java.SeleniumDriver] [  916] - {Data Fields & Data Values Exist}
[INFO ][2016-02-09 20:27:50,318][com.java.SeleniumDriver] [  918] - --------------------------setting values-----------------------------
[INFO ][2016-02-09 20:27:50,318][com.java.SeleniumDriver] [  921] - Action Type : CLEARANDENTER
[INFO ][2016-02-09 20:27:50,449][com.java.TestType] [ 6752] - value = 010
[INFO ][2016-02-09 20:27:50,594][com.java.SeleniumDriver] [  930] -  RESULT true
[INFO ][2016-02-09 20:27:50,594][com.java.SeleniumDriver] [ 1136] - ?   P A S S   ?
[INFO ][2016-02-09 20:27:50,595][com.java.SeleniumDriver] [  856] - ------------------------------------------
[INFO ][2016-02-09 20:27:50,595][com.java.SeleniumDriver] [  857] - Test case being Executed: 4
[INFO ][2016-02-09 20:27:50,595][com.java.SeleniumDriver] [  869] - Test step:11
[INFO ][2016-02-09 20:27:50,595][com.java.SeleniumDriver] [  881] - Datavalue is----------null
[DEBUG][2016-02-09 20:27:50,595][com.java.SeleniumDriver] [  899] - Exception: null
[INFO ][2016-02-09 20:27:50,595][com.java.SeleniumDriver] [  905] - DataField : BTNparent
[INFO ][2016-02-09 20:27:50,595][com.java.SeleniumDriver] [  907] - DataValue : 
[INFO ][2016-02-09 20:27:50,595][com.java.SeleniumDriver] [  913] - <In Set values of the page>
[INFO ][2016-02-09 20:27:50,595][com.java.SeleniumDriver] [  916] - {Data Fields & Data Values Exist}
[INFO ][2016-02-09 20:27:50,595][com.java.SeleniumDriver] [  918] - --------------------------setting values-----------------------------
[INFO ][2016-02-09 20:27:50,595][com.java.SeleniumDriver] [  921] - Action Type : SELECTFRAME
[INFO ][2016-02-09 20:27:50,612][com.java.SeleniumDriver] [  930] -  RESULT true
[INFO ][2016-02-09 20:27:50,612][com.java.SeleniumDriver] [ 1136] - ?   P A S S   ?
[INFO ][2016-02-09 20:27:50,612][com.java.SeleniumDriver] [  856] - ------------------------------------------
[INFO ][2016-02-09 20:27:50,612][com.java.SeleniumDriver] [  857] - Test case being Executed: 4
[INFO ][2016-02-09 20:27:50,612][com.java.SeleniumDriver] [  869] - Test step:12
[INFO ][2016-02-09 20:27:50,612][com.java.SeleniumDriver] [  881] - Datavalue is----------null
[DEBUG][2016-02-09 20:27:50,612][com.java.SeleniumDriver] [  899] - Exception: null
[INFO ][2016-02-09 20:27:50,613][com.java.SeleniumDriver] [  905] - DataField : HDN//span[contains(text(),'Save')]
[INFO ][2016-02-09 20:27:50,613][com.java.SeleniumDriver] [  907] - DataValue : 
[INFO ][2016-02-09 20:27:50,613][com.java.SeleniumDriver] [  913] - <In Set values of the page>
[INFO ][2016-02-09 20:27:50,613][com.java.SeleniumDriver] [  916] - {Data Fields & Data Values Exist}
[INFO ][2016-02-09 20:27:50,613][com.java.SeleniumDriver] [  918] - --------------------------setting values-----------------------------
[INFO ][2016-02-09 20:27:50,613][com.java.SeleniumDriver] [  921] - Action Type : CLICK
[INFO ][2016-02-09 20:27:50,613][com.java.TestType] [ 7153] - Field ::HDN//span[contains(text(),'Save')]
[INFO ][2016-02-09 20:27:50,613][com.java.TestType] [ 6752] - value = 
[INFO ][2016-02-09 20:27:51,949][com.java.SeleniumDriver] [  930] -  RESULT true
[INFO ][2016-02-09 20:27:51,949][com.java.SeleniumDriver] [ 1136] - ?   P A S S   ?
[INFO ][2016-02-09 20:27:51,949][com.java.SeleniumDriver] [  856] - ------------------------------------------
[INFO ][2016-02-09 20:27:51,949][com.java.SeleniumDriver] [  857] - Test case being Executed: 4
[INFO ][2016-02-09 20:27:51,950][com.java.SeleniumDriver] [  869] - Test step:13
[INFO ][2016-02-09 20:27:51,950][com.java.SeleniumDriver] [  881] - Datavalue is----------null
[DEBUG][2016-02-09 20:27:51,950][com.java.SeleniumDriver] [  899] - Exception: null
[INFO ][2016-02-09 20:27:51,950][com.java.SeleniumDriver] [  905] - DataField : XPH//div[@class="menu"]//span[@class='glyphicon glyphicon-bell']
[INFO ][2016-02-09 20:27:51,950][com.java.SeleniumDriver] [  907] - DataValue : 
[INFO ][2016-02-09 20:27:51,950][com.java.SeleniumDriver] [  913] - <In Set values of the page>
[INFO ][2016-02-09 20:27:51,950][com.java.SeleniumDriver] [  916] - {Data Fields & Data Values Exist}
[INFO ][2016-02-09 20:27:51,950][com.java.SeleniumDriver] [  918] - --------------------------setting values-----------------------------
[INFO ][2016-02-09 20:27:51,950][com.java.SeleniumDriver] [  921] - Action Type : CLICK
[INFO ][2016-02-09 20:27:51,950][com.java.TestType] [ 7153] - Field ::XPH//div[@class="menu"]//span[@class='glyphicon glyphicon-bell']
[INFO ][2016-02-09 20:27:51,950][com.java.TestType] [ 6752] - value = 
[INFO ][2016-02-09 20:27:52,950][com.java.TestType] [ 7330] - BEFORE CLICK
[INFO ][2016-02-09 20:27:54,248][com.java.TestType] [ 7338] - Unable to click the object Click on  bell symbol
[INFO ][2016-02-09 20:27:54,248][com.java.SeleniumDriver] [  930] -  RESULT true
[INFO ][2016-02-09 20:27:54,248][com.java.SeleniumDriver] [ 1136] - ?   P A S S   ?
[INFO ][2016-02-09 20:27:54,248][com.java.SeleniumDriver] [  856] - ------------------------------------------
[INFO ][2016-02-09 20:27:54,250][com.java.SeleniumDriver] [  857] - Test case being Executed: 4
[INFO ][2016-02-09 20:27:54,250][com.java.SeleniumDriver] [  869] - Test step:14
[INFO ][2016-02-09 20:27:54,250][com.java.SeleniumDriver] [  881] - Datavalue is----------null
[DEBUG][2016-02-09 20:27:54,250][com.java.SeleniumDriver] [  899] - Exception: null
[INFO ][2016-02-09 20:27:54,250][com.java.SeleniumDriver] [  905] - DataField : XPH//div[@class='body']/div[4]/div[2]
[INFO ][2016-02-09 20:27:54,250][com.java.SeleniumDriver] [  907] - DataValue : 
[INFO ][2016-02-09 20:27:54,250][com.java.SeleniumDriver] [  913] - <In Set values of the page>
[INFO ][2016-02-09 20:27:54,250][com.java.SeleniumDriver] [  916] - {Data Fields & Data Values Exist}
[INFO ][2016-02-09 20:27:54,250][com.java.SeleniumDriver] [  918] - --------------------------setting values-----------------------------
[INFO ][2016-02-09 20:27:54,250][com.java.SeleniumDriver] [  921] - Action Type : CLICK
[INFO ][2016-02-09 20:27:54,250][com.java.TestType] [ 7153] - Field ::XPH//div[@class='body']/div[4]/div[2]
[INFO ][2016-02-09 20:27:54,250][com.java.TestType] [ 6752] - value = 
[INFO ][2016-02-09 20:27:55,250][com.java.TestType] [ 7330] - BEFORE CLICK
[INFO ][2016-02-09 20:27:56,159][com.java.TestType] [ 7338] - Unable to click the object Click on the Today's Alert Page
[INFO ][2016-02-09 20:27:56,159][com.java.SeleniumDriver] [  930] -  RESULT true
[INFO ][2016-02-09 20:27:56,159][com.java.SeleniumDriver] [ 1136] - ?   P A S S   ?
[INFO ][2016-02-09 20:27:56,159][com.java.SeleniumDriver] [  856] - ------------------------------------------
[INFO ][2016-02-09 20:27:56,159][com.java.SeleniumDriver] [  857] - Test case being Executed: 4
[INFO ][2016-02-09 20:27:56,159][com.java.SeleniumDriver] [  869] - Test step:15
[INFO ][2016-02-09 20:27:56,159][com.java.SeleniumDriver] [  881] - Datavalue is----------//div[@class="menu-drawer"]//span
[INFO ][2016-02-09 20:27:56,159][com.java.SeleniumDriver] [  905] - DataField : BTN
[INFO ][2016-02-09 20:27:56,159][com.java.SeleniumDriver] [  907] - DataValue : //div[@class="menu-drawer"]//span
[INFO ][2016-02-09 20:27:56,159][com.java.SeleniumDriver] [  913] - <In Set values of the page>
[INFO ][2016-02-09 20:27:56,159][com.java.SeleniumDriver] [  916] - {Data Fields & Data Values Exist}
[INFO ][2016-02-09 20:27:56,159][com.java.SeleniumDriver] [  918] - --------------------------setting values-----------------------------
[INFO ][2016-02-09 20:27:56,160][com.java.SeleniumDriver] [  921] - Action Type : VERIFY
[INFO ][2016-02-09 20:27:56,160][com.java.TestType] [ 8386] - field= BTN value= //div[@class="menu-drawer"]//span
[INFO ][2016-02-09 20:27:56,160][com.java.TestType] [ 6752] - value = //div[@class="menu-drawer"]//span
[INFO ][2016-02-09 20:27:56,250][com.java.SeleniumDriver] [  930] -  RESULT true
[INFO ][2016-02-09 20:27:56,250][com.java.SeleniumDriver] [ 1136] - ?   P A S S   ?
[INFO ][2016-02-09 20:27:56,250][com.java.SeleniumDriver] [  856] - ------------------------------------------
[INFO ][2016-02-09 20:27:56,250][com.java.SeleniumDriver] [  857] - Test case being Executed: 4
[INFO ][2016-02-09 20:27:56,251][com.java.SeleniumDriver] [  869] - Test step:16
[INFO ][2016-02-09 20:27:56,251][com.java.SeleniumDriver] [  881] - Datavalue is----------//div[@id='isAlertsHeading']/h4
[INFO ][2016-02-09 20:27:56,251][com.java.SeleniumDriver] [  905] - DataField : BTN
[INFO ][2016-02-09 20:27:56,251][com.java.SeleniumDriver] [  907] - DataValue : //div[@id='isAlertsHeading']/h4
[INFO ][2016-02-09 20:27:56,251][com.java.SeleniumDriver] [  913] - <In Set values of the page>
[INFO ][2016-02-09 20:27:56,251][com.java.SeleniumDriver] [  916] - {Data Fields & Data Values Exist}
[INFO ][2016-02-09 20:27:56,251][com.java.SeleniumDriver] [  918] - --------------------------setting values-----------------------------
[INFO ][2016-02-09 20:27:56,251][com.java.SeleniumDriver] [  921] - Action Type : VERIFY
[INFO ][2016-02-09 20:27:56,251][com.java.TestType] [ 8386] - field= BTN value= //div[@id='isAlertsHeading']/h4
[INFO ][2016-02-09 20:27:56,251][com.java.TestType] [ 6752] - value = //div[@id='isAlertsHeading']/h4
[INFO ][2016-02-09 20:27:56,321][com.java.SeleniumDriver] [  930] -  RESULT true
[INFO ][2016-02-09 20:27:56,321][com.java.SeleniumDriver] [ 1136] - ?   P A S S   ?
[INFO ][2016-02-09 20:27:56,321][com.java.SeleniumDriver] [  856] - ------------------------------------------
[INFO ][2016-02-09 20:27:56,322][com.java.SeleniumDriver] [  857] - Test case being Executed: 4
[INFO ][2016-02-09 20:27:56,322][com.java.SeleniumDriver] [  869] - Test step:17
[INFO ][2016-02-09 20:27:56,322][com.java.SeleniumDriver] [  881] - Datavalue is----------null
[DEBUG][2016-02-09 20:27:56,322][com.java.SeleniumDriver] [  899] - Exception: null
[INFO ][2016-02-09 20:27:56,322][com.java.SeleniumDriver] [  905] - DataField : XPH//div[@class="panel panel-default ng-scope"]/div[@id='isAlertsHeading']/h4
[INFO ][2016-02-09 20:27:56,322][com.java.SeleniumDriver] [  907] - DataValue : 
[INFO ][2016-02-09 20:27:56,322][com.java.SeleniumDriver] [  913] - <In Set values of the page>
[INFO ][2016-02-09 20:27:56,322][com.java.SeleniumDriver] [  916] - {Data Fields & Data Values Exist}
[INFO ][2016-02-09 20:27:56,322][com.java.SeleniumDriver] [  918] - --------------------------setting values-----------------------------
[INFO ][2016-02-09 20:27:56,322][com.java.SeleniumDriver] [  921] - Action Type : CLICK
[INFO ][2016-02-09 20:27:56,322][com.java.TestType] [ 7153] - Field ::XPH//div[@class="panel panel-default ng-scope"]/div[@id='isAlertsHeading']/h4
[INFO ][2016-02-09 20:27:56,322][com.java.TestType] [ 6752] - value = 
[INFO ][2016-02-09 20:27:57,322][com.java.TestType] [ 7330] - BEFORE CLICK
[INFO ][2016-02-09 20:27:58,231][com.java.TestType] [ 7338] - Unable to click the object Click on Income Statement tab
[INFO ][2016-02-09 20:27:58,231][com.java.SeleniumDriver] [  930] -  RESULT true
[INFO ][2016-02-09 20:27:58,231][com.java.SeleniumDriver] [ 1136] - ?   P A S S   ?
[INFO ][2016-02-09 20:27:58,231][com.java.SeleniumDriver] [  856] - ------------------------------------------
[INFO ][2016-02-09 20:27:58,231][com.java.SeleniumDriver] [  857] - Test case being Executed: 4
[INFO ][2016-02-09 20:27:58,231][com.java.SeleniumDriver] [  869] - Test step:18
[INFO ][2016-02-09 20:27:58,231][com.java.SeleniumDriver] [  881] - Datavalue is----------3
[INFO ][2016-02-09 20:27:58,231][com.java.SeleniumDriver] [  905] - DataField : null
[INFO ][2016-02-09 20:27:58,233][com.java.SeleniumDriver] [  907] - DataValue : 3
[INFO ][2016-02-09 20:27:58,233][com.java.SeleniumDriver] [  913] - <In Set values of the page>
[INFO ][2016-02-09 20:27:58,233][com.java.SeleniumDriver] [  916] - {Data Fields & Data Values Exist}
[INFO ][2016-02-09 20:27:58,233][com.java.SeleniumDriver] [  918] - --------------------------setting values-----------------------------
[INFO ][2016-02-09 20:27:58,233][com.java.SeleniumDriver] [  921] - Action Type : WAITTIME
[DEBUG][2016-02-09 20:27:58,233][com.java.TestType] [ 6561] - sleepTime: 3000
[INFO ][2016-02-09 20:28:01,233][com.java.SeleniumDriver] [  930] -  RESULT true
[INFO ][2016-02-09 20:28:01,233][com.java.SeleniumDriver] [ 1136] - ?   P A S S   ?
[INFO ][2016-02-09 20:28:01,233][com.java.SeleniumDriver] [  856] - ------------------------------------------
[INFO ][2016-02-09 20:28:01,233][com.java.SeleniumDriver] [  857] - Test case being Executed: 4
[INFO ][2016-02-09 20:28:01,233][com.java.SeleniumDriver] [  869] - Test step:19
[INFO ][2016-02-09 20:28:01,233][com.java.SeleniumDriver] [  881] - Datavalue is----------glyphicon-play down
[INFO ][2016-02-09 20:28:01,233][com.java.SeleniumDriver] [  905] - DataField : CCM//div[@class="panel panel-default ng-scope"]/div[@id='isAlertsHeading']/h4/span
[INFO ][2016-02-09 20:28:01,233][com.java.SeleniumDriver] [  907] - DataValue : glyphicon-play down
[INFO ][2016-02-09 20:28:01,233][com.java.SeleniumDriver] [  913] - <In Set values of the page>
[INFO ][2016-02-09 20:28:01,233][com.java.SeleniumDriver] [  916] - {Data Fields & Data Values Exist}
[INFO ][2016-02-09 20:28:01,233][com.java.SeleniumDriver] [  918] - --------------------------setting values-----------------------------
[INFO ][2016-02-09 20:28:01,233][com.java.SeleniumDriver] [  921] - Action Type : VERIFY
[INFO ][2016-02-09 20:28:01,233][com.java.TestType] [ 8386] - field= CCM//div[@class="panel panel-default ng-scope"]/div[@id='isAlertsHeading']/h4/span value= glyphicon-play down
[INFO ][2016-02-09 20:28:01,234][com.java.TestType] [ 6752] - value = glyphicon-play down
[DEBUG][2016-02-09 20:28:01,234][com.java.TestType] [ 9727] - Exception: glyphicon-play down
[DEBUG][2016-02-09 20:28:01,234][com.java.TestType] [ 9730] - Element not replaced::glyphicon-play down
[INFO ][2016-02-09 20:28:01,234][com.java.SeleniumDriver] [  930] -  RESULT false
[INFO ][2016-02-09 20:28:01,234][com.java.SeleniumDriver] [  977] - ?   F A I L   ?
[INFO ][2016-02-09 20:28:01,234][com.java.SeleniumDriver] [  985] - Browser Type : IE10
[INFO ][2016-02-09 20:28:01,234][com.java.SeleniumDriver] [  986] - Adding Failed case4
[DEBUG][2016-02-09 20:28:01,331][com.java.SeleniumDriver] [ 1054] -  tdd.getCondition() IF:23:Next
[INFO ][2016-02-09 20:28:01,331][com.java.SeleniumDriver] [ 1058] - Continue next step...
[INFO ][2016-02-09 20:28:01,331][com.java.SeleniumDriver] [  856] - ------------------------------------------
[INFO ][2016-02-09 20:28:01,331][com.java.SeleniumDriver] [  857] - Test case being Executed: 4
[INFO ][2016-02-09 20:28:01,331][com.java.SeleniumDriver] [  869] - Test step:20
[INFO ][2016-02-09 20:28:01,331][com.java.SeleniumDriver] [  881] - Datavalue is----------2
[INFO ][2016-02-09 20:28:01,331][com.java.SeleniumDriver] [  905] - DataField : null
[INFO ][2016-02-09 20:28:01,332][com.java.SeleniumDriver] [  907] - DataValue : 2
[INFO ][2016-02-09 20:28:01,332][com.java.SeleniumDriver] [  913] - <In Set values of the page>
[INFO ][2016-02-09 20:28:01,332][com.java.SeleniumDriver] [  916] - {Data Fields & Data Values Exist}
[INFO ][2016-02-09 20:28:01,332][com.java.SeleniumDriver] [  918] - --------------------------setting values-----------------------------
[INFO ][2016-02-09 20:28:01,332][com.java.SeleniumDriver] [  921] - Action Type : WAITTIME
[DEBUG][2016-02-09 20:28:01,332][com.java.TestType] [ 6561] - sleepTime: 2000
[INFO ][2016-02-09 20:28:03,332][com.java.SeleniumDriver] [  930] -  RESULT true
[INFO ][2016-02-09 20:28:03,332][com.java.SeleniumDriver] [ 1136] - ?   P A S S   ?
[INFO ][2016-02-09 20:28:03,332][com.java.SeleniumDriver] [  856] - ------------------------------------------
[INFO ][2016-02-09 20:28:03,332][com.java.SeleniumDriver] [  857] - Test case being Executed: 4
[INFO ][2016-02-09 20:28:03,332][com.java.SeleniumDriver] [  869] - Test step:21
[INFO ][2016-02-09 20:28:03,332][com.java.SeleniumDriver] [  881] - Datavalue is----------null
[DEBUG][2016-02-09 20:28:03,332][com.java.SeleniumDriver] [  899] - Exception: null
[INFO ][2016-02-09 20:28:03,332][com.java.SeleniumDriver] [  905] - DataField : XPH//div[@class="panel panel-default ng-scope"]/div[@id='isAlertsHeading']/h4
[INFO ][2016-02-09 20:28:03,332][com.java.SeleniumDriver] [  907] - DataValue : 
[INFO ][2016-02-09 20:28:03,332][com.java.SeleniumDriver] [  913] - <In Set values of the page>
[INFO ][2016-02-09 20:28:03,332][com.java.SeleniumDriver] [  916] - {Data Fields & Data Values Exist}
[INFO ][2016-02-09 20:28:03,332][com.java.SeleniumDriver] [  918] - --------------------------setting values-----------------------------
[INFO ][2016-02-09 20:28:03,332][com.java.SeleniumDriver] [  921] - Action Type : CLICK
[INFO ][2016-02-09 20:28:03,333][com.java.TestType] [ 7153] - Field ::XPH//div[@class="panel panel-default ng-scope"]/div[@id='isAlertsHeading']/h4
[INFO ][2016-02-09 20:28:03,333][com.java.TestType] [ 6752] - value = 
[INFO ][2016-02-09 20:28:04,333][com.java.TestType] [ 7330] - BEFORE CLICK
[INFO ][2016-02-09 20:28:05,254][com.java.TestType] [ 7338] - Unable to click the object Click on Income Statement tab
[INFO ][2016-02-09 20:28:05,254][com.java.SeleniumDriver] [  930] -  RESULT true
[INFO ][2016-02-09 20:28:05,254][com.java.SeleniumDriver] [ 1136] - ?   P A S S   ?
[INFO ][2016-02-09 20:28:05,254][com.java.SeleniumDriver] [  856] - ------------------------------------------
[INFO ][2016-02-09 20:28:05,254][com.java.SeleniumDriver] [  857] - Test case being Executed: 4
[INFO ][2016-02-09 20:28:05,254][com.java.SeleniumDriver] [  869] - Test step:22
[INFO ][2016-02-09 20:28:05,254][com.java.SeleniumDriver] [  881] - Datavalue is----------2
[INFO ][2016-02-09 20:28:05,254][com.java.SeleniumDriver] [  905] - DataField : null
[INFO ][2016-02-09 20:28:05,254][com.java.SeleniumDriver] [  907] - DataValue : 2
[INFO ][2016-02-09 20:28:05,254][com.java.SeleniumDriver] [  913] - <In Set values of the page>
[INFO ][2016-02-09 20:28:05,254][com.java.SeleniumDriver] [  916] - {Data Fields & Data Values Exist}
[INFO ][2016-02-09 20:28:05,254][com.java.SeleniumDriver] [  918] - --------------------------setting values-----------------------------
[INFO ][2016-02-09 20:28:05,254][com.java.SeleniumDriver] [  921] - Action Type : WAITTIME
[DEBUG][2016-02-09 20:28:05,255][com.java.TestType] [ 6561] - sleepTime: 2000
[INFO ][2016-02-09 20:28:07,255][com.java.SeleniumDriver] [  930] -  RESULT true
[INFO ][2016-02-09 20:28:07,255][com.java.SeleniumDriver] [ 1136] - ?   P A S S   ?
[INFO ][2016-02-09 20:28:07,255][com.java.SeleniumDriver] [  856] - ------------------------------------------
[INFO ][2016-02-09 20:28:07,255][com.java.SeleniumDriver] [  857] - Test case being Executed: 4
[INFO ][2016-02-09 20:28:07,255][com.java.SeleniumDriver] [  869] - Test step:23
[INFO ][2016-02-09 20:28:07,255][com.java.SeleniumDriver] [  881] - Datavalue is----------null
[DEBUG][2016-02-09 20:28:07,255][com.java.SeleniumDriver] [  899] - Exception: null
[INFO ][2016-02-09 20:28:07,255][com.java.SeleniumDriver] [  905] - DataField : XPH//div[@class="panel panel-default ng-scope"]/div[@id='isAlertsHeading']/h4
[INFO ][2016-02-09 20:28:07,255][com.java.SeleniumDriver] [  907] - DataValue : 
[INFO ][2016-02-09 20:28:07,255][com.java.SeleniumDriver] [  913] - <In Set values of the page>
[INFO ][2016-02-09 20:28:07,255][com.java.SeleniumDriver] [  916] - {Data Fields & Data Values Exist}
[INFO ][2016-02-09 20:28:07,255][com.java.SeleniumDriver] [  918] - --------------------------setting values-----------------------------
[INFO ][2016-02-09 20:28:07,256][com.java.SeleniumDriver] [  921] - Action Type : CLICK
[INFO ][2016-02-09 20:28:07,256][com.java.TestType] [ 7153] - Field ::XPH//div[@class="panel panel-default ng-scope"]/div[@id='isAlertsHeading']/h4
[INFO ][2016-02-09 20:28:07,256][com.java.TestType] [ 6752] - value = 
[INFO ][2016-02-09 20:28:08,257][com.java.TestType] [ 7330] - BEFORE CLICK
[INFO ][2016-02-09 20:28:09,166][com.java.TestType] [ 7338] - Unable to click the object Click on Income Statement tab
[INFO ][2016-02-09 20:28:09,166][com.java.SeleniumDriver] [  930] -  RESULT true
[INFO ][2016-02-09 20:28:09,166][com.java.SeleniumDriver] [ 1136] - ?   P A S S   ?
[INFO ][2016-02-09 20:28:09,166][com.java.SeleniumDriver] [  856] - ------------------------------------------
[INFO ][2016-02-09 20:28:09,166][com.java.SeleniumDriver] [  857] - Test case being Executed: 4
[INFO ][2016-02-09 20:28:09,166][com.java.SeleniumDriver] [  869] - Test step:24
[INFO ][2016-02-09 20:28:09,166][com.java.SeleniumDriver] [  881] - Datavalue is----------//*[@id='isAlertsContent']/div/div[1]/div[1]
[INFO ][2016-02-09 20:28:09,166][com.java.SeleniumDriver] [  905] - DataField : MSG
[INFO ][2016-02-09 20:28:09,166][com.java.SeleniumDriver] [  907] - DataValue : //*[@id='isAlertsContent']/div/div[1]/div[1]
[INFO ][2016-02-09 20:28:09,166][com.java.SeleniumDriver] [  913] - <In Set values of the page>
[INFO ][2016-02-09 20:28:09,166][com.java.SeleniumDriver] [  916] - {Data Fields & Data Values Exist}
[INFO ][2016-02-09 20:28:09,166][com.java.SeleniumDriver] [  918] - --------------------------setting values-----------------------------
[INFO ][2016-02-09 20:28:09,166][com.java.SeleniumDriver] [  921] - Action Type : VERIFYNOTPRESENT
[INFO ][2016-02-09 20:28:09,167][com.java.TestType] [10207] - field= MSG value= //*[@id='isAlertsContent']/div/div[1]/div[1]
[INFO ][2016-02-09 20:28:09,259][com.java.SeleniumDriver] [  930] -  RESULT true
[INFO ][2016-02-09 20:28:09,259][com.java.SeleniumDriver] [ 1136] - ?   P A S S   ?
[INFO ][2016-02-09 20:28:09,259][com.java.SeleniumDriver] [  856] - ------------------------------------------
[INFO ][2016-02-09 20:28:09,259][com.java.SeleniumDriver] [  857] - Test case being Executed: 4
[INFO ][2016-02-09 20:28:09,259][com.java.SeleniumDriver] [  869] - Test step:25
[INFO ][2016-02-09 20:28:09,259][com.java.SeleniumDriver] [  881] - Datavalue is----------null
[DEBUG][2016-02-09 20:28:09,259][com.java.SeleniumDriver] [  899] - Exception: null
[INFO ][2016-02-09 20:28:09,259][com.java.SeleniumDriver] [  905] - DataField : HDN//span[@class='glyphicon glyphicon-refresh ng-scope']
[INFO ][2016-02-09 20:28:09,259][com.java.SeleniumDriver] [  907] - DataValue : 
[INFO ][2016-02-09 20:28:09,259][com.java.SeleniumDriver] [  913] - <In Set values of the page>
[INFO ][2016-02-09 20:28:09,259][com.java.SeleniumDriver] [  916] - {Data Fields & Data Values Exist}
[INFO ][2016-02-09 20:28:09,259][com.java.SeleniumDriver] [  918] - --------------------------setting values-----------------------------
[INFO ][2016-02-09 20:28:09,260][com.java.SeleniumDriver] [  921] - Action Type : CLICK
[INFO ][2016-02-09 20:28:09,260][com.java.TestType] [ 7153] - Field ::HDN//span[@class='glyphicon glyphicon-refresh ng-scope']
[INFO ][2016-02-09 20:28:09,260][com.java.TestType] [ 6752] - value = 
[INFO ][2016-02-09 20:28:10,385][com.java.SeleniumDriver] [  930] -  RESULT true
[INFO ][2016-02-09 20:28:10,385][com.java.SeleniumDriver] [ 1136] - ?   P A S S   ?
[INFO ][2016-02-09 20:28:10,385][com.java.SeleniumDriver] [  856] - ------------------------------------------
[INFO ][2016-02-09 20:28:10,385][com.java.SeleniumDriver] [  857] - Test case being Executed: 4
[INFO ][2016-02-09 20:28:10,385][com.java.SeleniumDriver] [  869] - Test step:26
[INFO ][2016-02-09 20:28:10,385][com.java.SeleniumDriver] [  881] - Datavalue is----------15
[INFO ][2016-02-09 20:28:10,385][com.java.SeleniumDriver] [  905] - DataField : null
[INFO ][2016-02-09 20:28:10,385][com.java.SeleniumDriver] [  907] - DataValue : 15
[INFO ][2016-02-09 20:28:10,385][com.java.SeleniumDriver] [  913] - <In Set values of the page>
[INFO ][2016-02-09 20:28:10,385][com.java.SeleniumDriver] [  916] - {Data Fields & Data Values Exist}
[INFO ][2016-02-09 20:28:10,386][com.java.SeleniumDriver] [  918] - --------------------------setting values-----------------------------
[INFO ][2016-02-09 20:28:10,386][com.java.SeleniumDriver] [  921] - Action Type : WAITTIME
[DEBUG][2016-02-09 20:28:10,386][com.java.TestType] [ 6561] - sleepTime: 15000
[INFO ][2016-02-09 20:28:25,387][com.java.SeleniumDriver] [  930] -  RESULT true
[INFO ][2016-02-09 20:28:25,387][com.java.SeleniumDriver] [ 1136] - ?   P A S S   ?
[INFO ][2016-02-09 20:28:25,387][com.java.SeleniumDriver] [  856] - ------------------------------------------
[INFO ][2016-02-09 20:28:25,387][com.java.SeleniumDriver] [  857] - Test case being Executed: 4
[INFO ][2016-02-09 20:28:25,387][com.java.SeleniumDriver] [  869] - Test step:27
[INFO ][2016-02-09 20:28:25,387][com.java.SeleniumDriver] [  881] - Datavalue is----------numberofupdatesbeforerefreshing
[INFO ][2016-02-09 20:28:25,387][com.java.SeleniumDriver] [  905] - DataField : XPH//div[@id="isAlertsHeading"]//span[@class="badge pull-right ng-binding"]
[INFO ][2016-02-09 20:28:25,387][com.java.SeleniumDriver] [  907] - DataValue : numberofupdatesbeforerefreshing
[INFO ][2016-02-09 20:28:25,387][com.java.SeleniumDriver] [  913] - <In Set values of the page>
[INFO ][2016-02-09 20:28:25,387][com.java.SeleniumDriver] [  916] - {Data Fields & Data Values Exist}
[INFO ][2016-02-09 20:28:25,387][com.java.SeleniumDriver] [  918] - --------------------------setting values-----------------------------
[INFO ][2016-02-09 20:28:25,387][com.java.SeleniumDriver] [  921] - Action Type : STOREVALUE
[INFO ][2016-02-09 20:28:25,388][com.java.TestType] [ 9888] - field= XPH//div[@id="isAlertsHeading"]//span[@class="badge pull-right ng-binding"]
[DEBUG][2016-02-09 20:28:25,503][com.java.TestType] [ 9943] - Key:: numberofupdatesbeforerefreshing   Value:: 1
[INFO ][2016-02-09 20:28:25,503][com.java.SeleniumDriver] [  930] -  RESULT true
[INFO ][2016-02-09 20:28:25,503][com.java.SeleniumDriver] [ 1136] - ?   P A S S   ?
[INFO ][2016-02-09 20:28:25,503][com.java.SeleniumDriver] [  856] - ------------------------------------------
[INFO ][2016-02-09 20:28:25,503][com.java.SeleniumDriver] [  857] - Test case being Executed: 4
[INFO ][2016-02-09 20:28:25,503][com.java.SeleniumDriver] [  869] - Test step:28
[INFO ][2016-02-09 20:28:25,503][com.java.SeleniumDriver] [  881] - Datavalue is----------HMVnumberofupdatesbeforerefreshing
[INFO ][2016-02-09 20:28:25,503][com.java.SeleniumDriver] [  905] - DataField : TAL//div[@id="isAlertsContent"]//div[@class="bd-alert ng-scope"]
[INFO ][2016-02-09 20:28:25,504][com.java.SeleniumDriver] [  907] - DataValue : HMVnumberofupdatesbeforerefreshing
[INFO ][2016-02-09 20:28:25,504][com.java.SeleniumDriver] [  913] - <In Set values of the page>
[INFO ][2016-02-09 20:28:25,504][com.java.SeleniumDriver] [  916] - {Data Fields & Data Values Exist}
[INFO ][2016-02-09 20:28:25,504][com.java.SeleniumDriver] [  918] - --------------------------setting values-----------------------------
[INFO ][2016-02-09 20:28:25,504][com.java.SeleniumDriver] [  921] - Action Type : VERIFY
[INFO ][2016-02-09 20:28:25,504][com.java.TestType] [ 8386] - field= TAL//div[@id="isAlertsContent"]//div[@class="bd-alert ng-scope"] value= HMVnumberofupdatesbeforerefreshing
[INFO ][2016-02-09 20:28:25,504][com.java.TestType] [ 6752] - value = 1
[INFO ][2016-02-09 20:28:25,580][com.java.SeleniumDriver] [  930] -  RESULT true
[INFO ][2016-02-09 20:28:25,580][com.java.SeleniumDriver] [ 1136] - ?   P A S S   ?
[INFO ][2016-02-09 20:28:25,580][com.java.SeleniumDriver] [  856] - ------------------------------------------
[INFO ][2016-02-09 20:28:25,580][com.java.SeleniumDriver] [  857] - Test case being Executed: 4
[INFO ][2016-02-09 20:28:25,580][com.java.SeleniumDriver] [  869] - Test step:29
[INFO ][2016-02-09 20:28:25,580][com.java.SeleniumDriver] [  881] - Datavalue is----------10
[INFO ][2016-02-09 20:28:25,580][com.java.SeleniumDriver] [  905] - DataField : null
[INFO ][2016-02-09 20:28:25,580][com.java.SeleniumDriver] [  907] - DataValue : 10
[INFO ][2016-02-09 20:28:25,581][com.java.SeleniumDriver] [  913] - <In Set values of the page>
[INFO ][2016-02-09 20:28:25,581][com.java.SeleniumDriver] [  916] - {Data Fields & Data Values Exist}
[INFO ][2016-02-09 20:28:25,581][com.java.SeleniumDriver] [  918] - --------------------------setting values-----------------------------
[INFO ][2016-02-09 20:28:25,581][com.java.SeleniumDriver] [  921] - Action Type : WAITTIME
[DEBUG][2016-02-09 20:28:25,581][com.java.TestType] [ 6561] - sleepTime: 10000
[INFO ][2016-02-09 20:28:35,582][com.java.SeleniumDriver] [  930] -  RESULT true
[INFO ][2016-02-09 20:28:35,582][com.java.SeleniumDriver] [ 1136] - ?   P A S S   ?
[INFO ][2016-02-09 20:28:35,582][com.java.SeleniumDriver] [  856] - ------------------------------------------
[INFO ][2016-02-09 20:28:35,582][com.java.SeleniumDriver] [  857] - Test case being Executed: 4
[INFO ][2016-02-09 20:28:35,582][com.java.SeleniumDriver] [  869] - Test step:30
[INFO ][2016-02-09 20:28:35,582][com.java.SeleniumDriver] [  881] - Datavalue is----------BalanceSheet
[INFO ][2016-02-09 20:28:35,582][com.java.SeleniumDriver] [  905] - DataField : XPH//div[@id="isAlertsContent"]//div[@class="bd-alert ng-scope"][1]/div[@class="ng-binding"]
[INFO ][2016-02-09 20:28:35,582][com.java.SeleniumDriver] [  907] - DataValue : BalanceSheet
[INFO ][2016-02-09 20:28:35,582][com.java.SeleniumDriver] [  913] - <In Set values of the page>
[INFO ][2016-02-09 20:28:35,582][com.java.SeleniumDriver] [  916] - {Data Fields & Data Values Exist}
[INFO ][2016-02-09 20:28:35,582][com.java.SeleniumDriver] [  918] - --------------------------setting values-----------------------------
[INFO ][2016-02-09 20:28:35,582][com.java.SeleniumDriver] [  921] - Action Type : STOREVALUE
[INFO ][2016-02-09 20:28:35,583][com.java.TestType] [ 9888] - field= XPH//div[@id="isAlertsContent"]//div[@class="bd-alert ng-scope"][1]/div[@class="ng-binding"]
[DEBUG][2016-02-09 20:28:35,742][com.java.TestType] [ 9943] - Key:: BalanceSheet   Value:: Service charges and fees
[INFO ][2016-02-09 20:28:35,742][com.java.SeleniumDriver] [  930] -  RESULT true
[INFO ][2016-02-09 20:28:35,742][com.java.SeleniumDriver] [ 1136] - ?   P A S S   ?
[INFO ][2016-02-09 20:28:35,742][com.java.SeleniumDriver] [  856] - ------------------------------------------
[INFO ][2016-02-09 20:28:35,742][com.java.SeleniumDriver] [  857] - Test case being Executed: 4
[INFO ][2016-02-09 20:28:35,742][com.java.SeleniumDriver] [  869] - Test step:31
[INFO ][2016-02-09 20:28:35,742][com.java.SeleniumDriver] [  881] - Datavalue is----------10
[INFO ][2016-02-09 20:28:35,742][com.java.SeleniumDriver] [  905] - DataField : null
[INFO ][2016-02-09 20:28:35,743][com.java.SeleniumDriver] [  907] - DataValue : 10
[INFO ][2016-02-09 20:28:35,743][com.java.SeleniumDriver] [  913] - <In Set values of the page>
[INFO ][2016-02-09 20:28:35,743][com.java.SeleniumDriver] [  916] - {Data Fields & Data Values Exist}
[INFO ][2016-02-09 20:28:35,743][com.java.SeleniumDriver] [  918] - --------------------------setting values-----------------------------
[INFO ][2016-02-09 20:28:35,743][com.java.SeleniumDriver] [  921] - Action Type : WAITTIME
[DEBUG][2016-02-09 20:28:35,743][com.java.TestType] [ 6561] - sleepTime: 10000
[INFO ][2016-02-09 20:28:45,744][com.java.SeleniumDriver] [  930] -  RESULT true
[INFO ][2016-02-09 20:28:45,744][com.java.SeleniumDriver] [ 1136] - ?   P A S S   ?
[INFO ][2016-02-09 20:28:45,744][com.java.SeleniumDriver] [  856] - ------------------------------------------
[INFO ][2016-02-09 20:28:45,744][com.java.SeleniumDriver] [  857] - Test case being Executed: 4
[INFO ][2016-02-09 20:28:45,744][com.java.SeleniumDriver] [  869] - Test step:32
[INFO ][2016-02-09 20:28:45,744][com.java.SeleniumDriver] [  881] - Datavalue is----------Change
[INFO ][2016-02-09 20:28:45,744][com.java.SeleniumDriver] [  905] - DataField : XPH//div[@id="isAlertsContent"]//div[@class="bd-alert ng-scope"][1]//span[@ class="ng-binding"]
[INFO ][2016-02-09 20:28:45,744][com.java.SeleniumDriver] [  907] - DataValue : Change
[INFO ][2016-02-09 20:28:45,744][com.java.SeleniumDriver] [  913] - <In Set values of the page>
[INFO ][2016-02-09 20:28:45,744][com.java.SeleniumDriver] [  916] - {Data Fields & Data Values Exist}
[INFO ][2016-02-09 20:28:45,744][com.java.SeleniumDriver] [  918] - --------------------------setting values-----------------------------
[INFO ][2016-02-09 20:28:45,744][com.java.SeleniumDriver] [  921] - Action Type : STOREVALUE
[INFO ][2016-02-09 20:28:45,745][com.java.TestType] [ 9888] - field= XPH//div[@id="isAlertsContent"]//div[@class="bd-alert ng-scope"][1]//span[@ class="ng-binding"]
[DEBUG][2016-02-09 20:28:45,915][com.java.TestType] [ 9943] - Key:: Change   Value:: $8,099
[INFO ][2016-02-09 20:28:45,915][com.java.SeleniumDriver] [  930] -  RESULT true
[INFO ][2016-02-09 20:28:45,915][com.java.SeleniumDriver] [ 1136] - ?   P A S S   ?
[INFO ][2016-02-09 20:28:45,915][com.java.SeleniumDriver] [  856] - ------------------------------------------
[INFO ][2016-02-09 20:28:45,915][com.java.SeleniumDriver] [  857] - Test case being Executed: 4
[INFO ][2016-02-09 20:28:45,915][com.java.SeleniumDriver] [  869] - Test step:33
[INFO ][2016-02-09 20:28:45,915][com.java.SeleniumDriver] [  881] - Datavalue is----------3
[INFO ][2016-02-09 20:28:45,915][com.java.SeleniumDriver] [  905] - DataField : null
[INFO ][2016-02-09 20:28:45,915][com.java.SeleniumDriver] [  907] - DataValue : 3
[INFO ][2016-02-09 20:28:45,915][com.java.SeleniumDriver] [  913] - <In Set values of the page>
[INFO ][2016-02-09 20:28:45,915][com.java.SeleniumDriver] [  916] - {Data Fields & Data Values Exist}
[INFO ][2016-02-09 20:28:45,916][com.java.SeleniumDriver] [  918] - --------------------------setting values-----------------------------
[INFO ][2016-02-09 20:28:45,916][com.java.SeleniumDriver] [  921] - Action Type : WAITTIME
[DEBUG][2016-02-09 20:28:45,916][com.java.TestType] [ 6561] - sleepTime: 3000
[INFO ][2016-02-09 20:28:48,917][com.java.SeleniumDriver] [  930] -  RESULT true
[INFO ][2016-02-09 20:28:48,917][com.java.SeleniumDriver] [ 1136] - ?   P A S S   ?
[INFO ][2016-02-09 20:28:48,917][com.java.SeleniumDriver] [  856] - ------------------------------------------
[INFO ][2016-02-09 20:28:48,917][com.java.SeleniumDriver] [  857] - Test case being Executed: 4
[INFO ][2016-02-09 20:28:48,917][com.java.SeleniumDriver] [  869] - Test step:34
[INFO ][2016-02-09 20:28:48,917][com.java.SeleniumDriver] [  881] - Datavalue is----------Percentage
[INFO ][2016-02-09 20:28:48,917][com.java.SeleniumDriver] [  905] - DataField : XPH//div[@id="isAlertsContent"]//div[@class="bd-alert ng-scope"][1]//span[@class="pull-right ng-binding"]
[INFO ][2016-02-09 20:28:48,917][com.java.SeleniumDriver] [  907] - DataValue : Percentage
[INFO ][2016-02-09 20:28:48,917][com.java.SeleniumDriver] [  913] - <In Set values of the page>
[INFO ][2016-02-09 20:28:48,917][com.java.SeleniumDriver] [  916] - {Data Fields & Data Values Exist}
[INFO ][2016-02-09 20:28:48,917][com.java.SeleniumDriver] [  918] - --------------------------setting values-----------------------------
[INFO ][2016-02-09 20:28:48,917][com.java.SeleniumDriver] [  921] - Action Type : STOREVALUE
[INFO ][2016-02-09 20:28:48,917][com.java.TestType] [ 9888] - field= XPH//div[@id="isAlertsContent"]//div[@class="bd-alert ng-scope"][1]//span[@class="pull-right ng-binding"]
[DEBUG][2016-02-09 20:28:49,044][com.java.TestType] [ 9943] - Key:: Percentage   Value:: 5.90%
[INFO ][2016-02-09 20:28:49,044][com.java.SeleniumDriver] [  930] -  RESULT true
[INFO ][2016-02-09 20:28:49,044][com.java.SeleniumDriver] [ 1136] - ?   P A S S   ?
[INFO ][2016-02-09 20:28:49,044][com.java.SeleniumDriver] [  856] - ------------------------------------------
[INFO ][2016-02-09 20:28:49,044][com.java.SeleniumDriver] [  857] - Test case being Executed: 4
[INFO ][2016-02-09 20:28:49,044][com.java.SeleniumDriver] [  869] - Test step:35
[INFO ][2016-02-09 20:28:49,044][com.java.SeleniumDriver] [  881] - Datavalue is----------null
[DEBUG][2016-02-09 20:28:49,044][com.java.SeleniumDriver] [  899] - Exception: null
[INFO ][2016-02-09 20:28:49,045][com.java.SeleniumDriver] [  905] - DataField : XPH//div[@id="isAlertsHeading"]//span[@class="glyphicon glyphicon-list-alt"]
[INFO ][2016-02-09 20:28:49,045][com.java.SeleniumDriver] [  907] - DataValue : 
[INFO ][2016-02-09 20:28:49,045][com.java.SeleniumDriver] [  913] - <In Set values of the page>
[INFO ][2016-02-09 20:28:49,045][com.java.SeleniumDriver] [  916] - {Data Fields & Data Values Exist}
[INFO ][2016-02-09 20:28:49,045][com.java.SeleniumDriver] [  918] - --------------------------setting values-----------------------------
[INFO ][2016-02-09 20:28:49,045][com.java.SeleniumDriver] [  921] - Action Type : CLICK
[INFO ][2016-02-09 20:28:49,045][com.java.TestType] [ 7153] - Field ::XPH//div[@id="isAlertsHeading"]//span[@class="glyphicon glyphicon-list-alt"]
[INFO ][2016-02-09 20:28:49,045][com.java.TestType] [ 6752] - value = 
[INFO ][2016-02-09 20:28:50,045][com.java.TestType] [ 7330] - BEFORE CLICK
[INFO ][2016-02-09 20:28:51,281][com.java.TestType] [ 7338] - Unable to click the object Click on the report button
[INFO ][2016-02-09 20:28:51,281][com.java.SeleniumDriver] [  930] -  RESULT true
[INFO ][2016-02-09 20:28:51,281][com.java.SeleniumDriver] [ 1136] - ?   P A S S   ?
[INFO ][2016-02-09 20:28:51,281][com.java.SeleniumDriver] [  856] - ------------------------------------------
[INFO ][2016-02-09 20:28:51,281][com.java.SeleniumDriver] [  857] - Test case being Executed: 4
[INFO ][2016-02-09 20:28:51,281][com.java.SeleniumDriver] [  869] - Test step:36
[INFO ][2016-02-09 20:28:51,281][com.java.SeleniumDriver] [  881] - Datavalue is----------10
[INFO ][2016-02-09 20:28:51,281][com.java.SeleniumDriver] [  905] - DataField : XPH//img[@id='loading']
[INFO ][2016-02-09 20:28:51,281][com.java.SeleniumDriver] [  907] - DataValue : 10
[INFO ][2016-02-09 20:28:51,281][com.java.SeleniumDriver] [  913] - <In Set values of the page>
[INFO ][2016-02-09 20:28:51,281][com.java.SeleniumDriver] [  916] - {Data Fields & Data Values Exist}
[INFO ][2016-02-09 20:28:51,281][com.java.SeleniumDriver] [  918] - --------------------------setting values-----------------------------
[INFO ][2016-02-09 20:28:51,281][com.java.SeleniumDriver] [  921] - Action Type : WaitForElement
[INFO ][2016-02-09 20:28:51,327][com.java.SeleniumDriver] [  930] -  RESULT true
[INFO ][2016-02-09 20:28:51,327][com.java.SeleniumDriver] [ 1136] - ?   P A S S   ?
[INFO ][2016-02-09 20:28:51,327][com.java.SeleniumDriver] [  856] - ------------------------------------------
[INFO ][2016-02-09 20:28:51,327][com.java.SeleniumDriver] [  857] - Test case being Executed: 4
[INFO ][2016-02-09 20:28:51,328][com.java.SeleniumDriver] [  869] - Test step:37
[INFO ][2016-02-09 20:28:51,328][com.java.SeleniumDriver] [  881] - Datavalue is----------90
[INFO ][2016-02-09 20:28:51,328][com.java.SeleniumDriver] [  905] - DataField : XPH//img[@id='loading']
[INFO ][2016-02-09 20:28:51,328][com.java.SeleniumDriver] [  907] - DataValue : 90
[INFO ][2016-02-09 20:28:51,328][com.java.SeleniumDriver] [  913] - <In Set values of the page>
[INFO ][2016-02-09 20:28:51,328][com.java.SeleniumDriver] [  916] - {Data Fields & Data Values Exist}
[INFO ][2016-02-09 20:28:51,328][com.java.SeleniumDriver] [  918] - --------------------------setting values-----------------------------
[INFO ][2016-02-09 20:28:51,328][com.java.SeleniumDriver] [  921] - Action Type : waitForElementNotPresent
[INFO ][2016-02-09 20:28:52,503][com.java.SeleniumDriver] [  930] -  RESULT true
[INFO ][2016-02-09 20:28:52,503][com.java.SeleniumDriver] [ 1136] - ?   P A S S   ?
[INFO ][2016-02-09 20:28:52,503][com.java.SeleniumDriver] [  856] - ------------------------------------------
[INFO ][2016-02-09 20:28:52,503][com.java.SeleniumDriver] [  857] - Test case being Executed: 4
[INFO ][2016-02-09 20:28:52,503][com.java.SeleniumDriver] [  869] - Test step:38
[INFO ][2016-02-09 20:28:52,503][com.java.SeleniumDriver] [  881] - Datavalue is----------BalanceSheet::Change
[INFO ][2016-02-09 20:28:52,503][com.java.SeleniumDriver] [  905] - DataField : PVP//div[contains(text(),'mytext')]/following::td[3]/div
[INFO ][2016-02-09 20:28:52,504][com.java.SeleniumDriver] [  907] - DataValue : BalanceSheet::Change
[INFO ][2016-02-09 20:28:52,504][com.java.SeleniumDriver] [  913] - <In Set values of the page>
[INFO ][2016-02-09 20:28:52,504][com.java.SeleniumDriver] [  916] - {Data Fields & Data Values Exist}
[INFO ][2016-02-09 20:28:52,504][com.java.SeleniumDriver] [  918] - --------------------------setting values-----------------------------
[INFO ][2016-02-09 20:28:52,504][com.java.SeleniumDriver] [  921] - Action Type : VERIFY
[INFO ][2016-02-09 20:28:52,504][com.java.TestType] [ 8386] - field= PVP//div[contains(text(),'mytext')]/following::td[3]/div value= BalanceSheet::Change
[INFO ][2016-02-09 20:28:52,504][com.java.TestType] [ 6752] - value = BalanceSheet::Change
[INFO ][2016-02-09 20:28:52,664][com.java.SeleniumDriver] [  930] -  RESULT true
[INFO ][2016-02-09 20:28:52,664][com.java.SeleniumDriver] [ 1136] - ?   P A S S   ?
[INFO ][2016-02-09 20:28:52,664][com.java.SeleniumDriver] [  856] - ------------------------------------------
[INFO ][2016-02-09 20:28:52,664][com.java.SeleniumDriver] [  857] - Test case being Executed: 4
[INFO ][2016-02-09 20:28:52,664][com.java.SeleniumDriver] [  869] - Test step:39
[INFO ][2016-02-09 20:28:52,664][com.java.SeleniumDriver] [  881] - Datavalue is----------BalanceSheet::Percentage
[INFO ][2016-02-09 20:28:52,665][com.java.SeleniumDriver] [  905] - DataField : PVP//div[contains(text(),'mytext')]/following::td[4]/div
[INFO ][2016-02-09 20:28:52,665][com.java.SeleniumDriver] [  907] - DataValue : BalanceSheet::Percentage
[INFO ][2016-02-09 20:28:52,665][com.java.SeleniumDriver] [  913] - <In Set values of the page>
[INFO ][2016-02-09 20:28:52,665][com.java.SeleniumDriver] [  916] - {Data Fields & Data Values Exist}
[INFO ][2016-02-09 20:28:52,665][com.java.SeleniumDriver] [  918] - --------------------------setting values-----------------------------
[INFO ][2016-02-09 20:28:52,665][com.java.SeleniumDriver] [  921] - Action Type : VERIFY
[INFO ][2016-02-09 20:28:52,665][com.java.TestType] [ 8386] - field= PVP//div[contains(text(),'mytext')]/following::td[4]/div value= BalanceSheet::Percentage
[INFO ][2016-02-09 20:28:52,665][com.java.TestType] [ 6752] - value = BalanceSheet::Percentage
[INFO ][2016-02-09 20:28:52,863][com.java.SeleniumDriver] [  930] -  RESULT true
[INFO ][2016-02-09 20:28:52,863][com.java.SeleniumDriver] [ 1136] - ?   P A S S   ?
[INFO ][2016-02-09 20:28:52,863][com.java.SeleniumDriver] [  856] - ------------------------------------------
[INFO ][2016-02-09 20:28:52,863][com.java.SeleniumDriver] [  857] - Test case being Executed: 4
[INFO ][2016-02-09 20:28:52,863][com.java.SeleniumDriver] [  869] - Test step:40
[INFO ][2016-02-09 20:28:52,863][com.java.SeleniumDriver] [  881] - Datavalue is----------null
[DEBUG][2016-02-09 20:28:52,863][com.java.SeleniumDriver] [  899] - Exception: null
[INFO ][2016-02-09 20:28:52,863][com.java.SeleniumDriver] [  905] - DataField : BTNparent
[INFO ][2016-02-09 20:28:52,863][com.java.SeleniumDriver] [  907] - DataValue : 
[INFO ][2016-02-09 20:28:52,863][com.java.SeleniumDriver] [  913] - <In Set values of the page>
[INFO ][2016-02-09 20:28:52,864][com.java.SeleniumDriver] [  916] - {Data Fields & Data Values Exist}
[INFO ][2016-02-09 20:28:52,864][com.java.SeleniumDriver] [  918] - --------------------------setting values-----------------------------
[INFO ][2016-02-09 20:28:52,864][com.java.SeleniumDriver] [  921] - Action Type : selectframe
[INFO ][2016-02-09 20:28:52,879][com.java.SeleniumDriver] [  930] -  RESULT true
[INFO ][2016-02-09 20:28:52,879][com.java.SeleniumDriver] [ 1136] - ?   P A S S   ?
[INFO ][2016-02-09 20:28:52,879][com.java.SeleniumDriver] [  856] - ------------------------------------------
[INFO ][2016-02-09 20:28:52,879][com.java.SeleniumDriver] [  857] - Test case being Executed: 4
[INFO ][2016-02-09 20:28:52,879][com.java.SeleniumDriver] [  869] - Test step:41
[INFO ][2016-02-09 20:28:52,879][com.java.SeleniumDriver] [  881] - Datavalue is----------null
[DEBUG][2016-02-09 20:28:52,879][com.java.SeleniumDriver] [  899] - Exception: null
[INFO ][2016-02-09 20:28:52,879][com.java.SeleniumDriver] [  905] - DataField : BTNcloseAllTabs
[INFO ][2016-02-09 20:28:52,880][com.java.SeleniumDriver] [  907] - DataValue : 
[INFO ][2016-02-09 20:28:52,880][com.java.SeleniumDriver] [  913] - <In Set values of the page>
[INFO ][2016-02-09 20:28:52,880][com.java.SeleniumDriver] [  916] - {Data Fields & Data Values Exist}
[INFO ][2016-02-09 20:28:52,880][com.java.SeleniumDriver] [  918] - --------------------------setting values-----------------------------
[INFO ][2016-02-09 20:28:52,880][com.java.SeleniumDriver] [  921] - Action Type : CLICK
[INFO ][2016-02-09 20:28:52,880][com.java.TestType] [ 7153] - Field ::BTNcloseAllTabs
[INFO ][2016-02-09 20:28:52,880][com.java.TestType] [ 6752] - value = 
[INFO ][2016-02-09 20:28:53,881][com.java.TestType] [ 7309] - BEFORE CLICK
[INFO ][2016-02-09 20:28:55,466][com.java.TestType] [ 7316] - Unable to click the object Close all tabs button
[INFO ][2016-02-09 20:28:55,466][com.java.SeleniumDriver] [  930] -  RESULT true
[INFO ][2016-02-09 20:28:55,467][com.java.SeleniumDriver] [ 1136] - ?   P A S S   ?
[INFO ][2016-02-09 20:28:55,467][com.java.SeleniumDriver] [  856] - ------------------------------------------
[INFO ][2016-02-09 20:28:55,467][com.java.SeleniumDriver] [  857] - Test case being Executed: 4
[INFO ][2016-02-09 20:28:55,467][com.java.SeleniumDriver] [  869] - Test step:42
[INFO ][2016-02-09 20:28:55,467][com.java.SeleniumDriver] [  881] - Datavalue is----------10
[INFO ][2016-02-09 20:28:55,467][com.java.SeleniumDriver] [  905] - DataField : XPH//div[contains(text(), 'My Dashboard')]
[INFO ][2016-02-09 20:28:55,467][com.java.SeleniumDriver] [  907] - DataValue : 10
[INFO ][2016-02-09 20:28:55,467][com.java.SeleniumDriver] [  913] - <In Set values of the page>
[INFO ][2016-02-09 20:28:55,467][com.java.SeleniumDriver] [  916] - {Data Fields & Data Values Exist}
[INFO ][2016-02-09 20:28:55,467][com.java.SeleniumDriver] [  918] - --------------------------setting values-----------------------------
[INFO ][2016-02-09 20:28:55,467][com.java.SeleniumDriver] [  921] - Action Type : WAITFORELEMENT
[INFO ][2016-02-09 20:28:55,572][com.java.SeleniumDriver] [  930] -  RESULT true
[INFO ][2016-02-09 20:28:55,572][com.java.SeleniumDriver] [ 1136] - ?   P A S S   ?
[INFO ][2016-02-09 20:28:55,572][com.java.SeleniumDriver] [  856] - ------------------------------------------
[INFO ][2016-02-09 20:28:55,572][com.java.SeleniumDriver] [  857] - Test case being Executed: 4
[INFO ][2016-02-09 20:28:55,572][com.java.SeleniumDriver] [  869] - Test step:43
[INFO ][2016-02-09 20:28:55,572][com.java.SeleniumDriver] [  881] - Datavalue is----------//div[contains(text(), 'My Dashboard')]
[INFO ][2016-02-09 20:28:55,572][com.java.SeleniumDriver] [  905] - DataField : BTN
[INFO ][2016-02-09 20:28:55,573][com.java.SeleniumDriver] [  907] - DataValue : //div[contains(text(), 'My Dashboard')]
[INFO ][2016-02-09 20:28:55,573][com.java.SeleniumDriver] [  913] - <In Set values of the page>
[INFO ][2016-02-09 20:28:55,573][com.java.SeleniumDriver] [  916] - {Data Fields & Data Values Exist}
[INFO ][2016-02-09 20:28:55,573][com.java.SeleniumDriver] [  918] - --------------------------setting values-----------------------------
[INFO ][2016-02-09 20:28:55,573][com.java.SeleniumDriver] [  921] - Action Type : VERIFY
[INFO ][2016-02-09 20:28:55,573][com.java.TestType] [ 8386] - field= BTN value= //div[contains(text(), 'My Dashboard')]
[INFO ][2016-02-09 20:28:55,573][com.java.TestType] [ 6752] - value = //div[contains(text(), 'My Dashboard')]
[INFO ][2016-02-09 20:28:55,803][com.java.SeleniumDriver] [  930] -  RESULT true
[INFO ][2016-02-09 20:28:55,803][com.java.SeleniumDriver] [ 1136] - ?   P A S S   ?
[DEBUG][2016-02-09 20:28:55,803][com.java.SeleniumDriver] [ 1248] - Case found
[DEBUG][2016-02-09 20:28:55,803][com.java.SeleniumDriver] [ 1253] - Incrementing ReportCounters[0]:2
[INFO ][2016-02-09 20:28:55,803][com.java.SeleniumDriver] [ 1272] - The results are-------------------[4, 1, Right Hand Menu: IS Alerts-IS Alerts are showing on hover menu., Pass, , Tue Feb 09 20:26:51 IST 2016, 4, 3, Right Hand Menu: IS Alerts-IS Alerts are showing on hover menu., Pass, , Tue Feb 09 20:26:56 IST 2016, 4, 4, Right Hand Menu: IS Alerts-IS Alerts are showing on hover menu., Pass, , Tue Feb 09 20:27:41 IST 2016, 4, 5, Right Hand Menu: IS Alerts-IS Alerts are showing on hover menu., Pass, , Tue Feb 09 20:27:41 IST 2016, 4, 6, Right Hand Menu: IS Alerts-IS Alerts are showing on hover menu., Pass, , Tue Feb 09 20:27:43 IST 2016, 4, 7, Right Hand Menu: IS Alerts-IS Alerts are showing on hover menu., Pass, , Tue Feb 09 20:27:43 IST 2016, 4, 8, Right Hand Menu: IS Alerts-IS Alerts are showing on hover menu., Pass, , Tue Feb 09 20:27:45 IST 2016, 4, 9, Right Hand Menu: IS Alerts-IS Alerts are showing on hover menu., Pass, , Tue Feb 09 20:27:50 IST 2016, 4, 10, Right Hand Menu: IS Alerts-IS Alerts are showing on hover menu., Pass, , Tue Feb 09 20:27:50 IST 2016, 4, 11, Right Hand Menu: IS Alerts-IS Alerts are showing on hover menu., Pass, , Tue Feb 09 20:27:50 IST 2016, 4, 12, Right Hand Menu: IS Alerts-IS Alerts are showing on hover menu., Pass, , Tue Feb 09 20:27:51 IST 2016, 4, 13, Right Hand Menu: IS Alerts-IS Alerts are showing on hover menu., Pass, , Tue Feb 09 20:27:54 IST 2016, 4, 14, Right Hand Menu: IS Alerts-IS Alerts are showing on hover menu., Pass, , Tue Feb 09 20:27:56 IST 2016, 4, 15, Right Hand Menu: IS Alerts-IS Alerts are showing on hover menu., Pass, , Tue Feb 09 20:27:56 IST 2016, 4, 16, Right Hand Menu: IS Alerts-IS Alerts are showing on hover menu., Pass, , Tue Feb 09 20:27:56 IST 2016, 4, 17, Right Hand Menu: IS Alerts-IS Alerts are showing on hover menu., Pass, , Tue Feb 09 20:27:58 IST 2016, 4, 18, Right Hand Menu: IS Alerts-IS Alerts are showing on hover menu., Pass, , Tue Feb 09 20:28:01 IST 2016, 4, 19, Right Hand Menu: IS Alerts-IS Alerts are showing on hover menu., Pass, , Tue Feb 09 20:28:01 IST 2016, 4, 20, Right Hand Menu: IS Alerts-IS Alerts are showing on hover menu., Pass, , Tue Feb 09 20:28:03 IST 2016, 4, 21, Right Hand Menu: IS Alerts-IS Alerts are showing on hover menu., Pass, , Tue Feb 09 20:28:05 IST 2016, 4, 22, Right Hand Menu: IS Alerts-IS Alerts are showing on hover menu., Pass, , Tue Feb 09 20:28:07 IST 2016, 4, 23, Right Hand Menu: IS Alerts-IS Alerts are showing on hover menu., Pass, , Tue Feb 09 20:28:09 IST 2016, 4, 24, Right Hand Menu: IS Alerts-IS Alerts are showing on hover menu., Pass, , Tue Feb 09 20:28:09 IST 2016, 4, 25, Right Hand Menu: IS Alerts-IS Alerts are showing on hover menu., Pass, , Tue Feb 09 20:28:10 IST 2016, 4, 26, Right Hand Menu: IS Alerts-IS Alerts are showing on hover menu., Pass, , Tue Feb 09 20:28:25 IST 2016, 4, 27, Right Hand Menu: IS Alerts-IS Alerts are showing on hover menu., Pass, , Tue Feb 09 20:28:25 IST 2016, 4, 28, Right Hand Menu: IS Alerts-IS Alerts are showing on hover menu., Pass, , Tue Feb 09 20:28:25 IST 2016, 4, 29, Right Hand Menu: IS Alerts-IS Alerts are showing on hover menu., Pass, , Tue Feb 09 20:28:35 IST 2016, 4, 30, Right Hand Menu: IS Alerts-IS Alerts are showing on hover menu., Pass, , Tue Feb 09 20:28:35 IST 2016, 4, 31, Right Hand Menu: IS Alerts-IS Alerts are showing on hover menu., Pass, , Tue Feb 09 20:28:45 IST 2016, 4, 32, Right Hand Menu: IS Alerts-IS Alerts are showing on hover menu., Pass, , Tue Feb 09 20:28:45 IST 2016, 4, 33, Right Hand Menu: IS Alerts-IS Alerts are showing on hover menu., Pass, , Tue Feb 09 20:28:48 IST 2016, 4, 34, Right Hand Menu: IS Alerts-IS Alerts are showing on hover menu., Pass, , Tue Feb 09 20:28:49 IST 2016, 4, 35, Right Hand Menu: IS Alerts-IS Alerts are showing on hover menu., Pass, , Tue Feb 09 20:28:51 IST 2016, 4, 36, Right Hand Menu: IS Alerts-IS Alerts are showing on hover menu., Pass, , Tue Feb 09 20:28:51 IST 2016, 4, 37, Right Hand Menu: IS Alerts-IS Alerts are showing on hover menu., Pass, , Tue Feb 09 20:28:52 IST 2016, 4, 38, Right Hand Menu: IS Alerts-IS Alerts are showing on hover menu., Pass, , Tue Feb 09 20:28:52 IST 2016, 4, 39, Right Hand Menu: IS Alerts-IS Alerts are showing on hover menu., Pass, , Tue Feb 09 20:28:52 IST 2016, 4, 40, Right Hand Menu: IS Alerts-IS Alerts are showing on hover menu., Pass, , Tue Feb 09 20:28:52 IST 2016, 4, 41, Right Hand Menu: IS Alerts-IS Alerts are showing on hover menu., Pass, , Tue Feb 09 20:28:55 IST 2016, 4, 42, Right Hand Menu: IS Alerts-IS Alerts are showing on hover menu., Pass, , Tue Feb 09 20:28:55 IST 2016, 4, 43, Right Hand Menu: IS Alerts-IS Alerts are showing on hover menu., Pass, , Tue Feb 09 20:28:55 IST 2016]
[INFO ][2016-02-09 20:28:55,804][com.java.SeleniumDriver] [ 1276] - End time is-------2 min 55 sec
[INFO ][2016-02-09 20:28:55,804][com.java.SeleniumDriver] [ 1277] - The results are-------------------[4, 1, Right Hand Menu: IS Alerts-IS Alerts are showing on hover menu., Pass, , Tue Feb 09 20:26:51 IST 2016, 4, 3, Right Hand Menu: IS Alerts-IS Alerts are showing on hover menu., Pass, , Tue Feb 09 20:26:56 IST 2016, 4, 4, Right Hand Menu: IS Alerts-IS Alerts are showing on hover menu., Pass, , Tue Feb 09 20:27:41 IST 2016, 4, 5, Right Hand Menu: IS Alerts-IS Alerts are showing on hover menu., Pass, , Tue Feb 09 20:27:41 IST 2016, 4, 6, Right Hand Menu: IS Alerts-IS Alerts are showing on hover menu., Pass, , Tue Feb 09 20:27:43 IST 2016, 4, 7, Right Hand Menu: IS Alerts-IS Alerts are showing on hover menu., Pass, , Tue Feb 09 20:27:43 IST 2016, 4, 8, Right Hand Menu: IS Alerts-IS Alerts are showing on hover menu., Pass, , Tue Feb 09 20:27:45 IST 2016, 4, 9, Right Hand Menu: IS Alerts-IS Alerts are showing on hover menu., Pass, , Tue Feb 09 20:27:50 IST 2016, 4, 10, Right Hand Menu: IS Alerts-IS Alerts are showing on hover menu., Pass, , Tue Feb 09 20:27:50 IST 2016, 4, 11, Right Hand Menu: IS Alerts-IS Alerts are showing on hover menu., Pass, , Tue Feb 09 20:27:50 IST 2016, 4, 12, Right Hand Menu: IS Alerts-IS Alerts are showing on hover menu., Pass, , Tue Feb 09 20:27:51 IST 2016, 4, 13, Right Hand Menu: IS Alerts-IS Alerts are showing on hover menu., Pass, , Tue Feb 09 20:27:54 IST 2016, 4, 14, Right Hand Menu: IS Alerts-IS Alerts are showing on hover menu., Pass, , Tue Feb 09 20:27:56 IST 2016, 4, 15, Right Hand Menu: IS Alerts-IS Alerts are showing on hover menu., Pass, , Tue Feb 09 20:27:56 IST 2016, 4, 16, Right Hand Menu: IS Alerts-IS Alerts are showing on hover menu., Pass, , Tue Feb 09 20:27:56 IST 2016, 4, 17, Right Hand Menu: IS Alerts-IS Alerts are showing on hover menu., Pass, , Tue Feb 09 20:27:58 IST 2016, 4, 18, Right Hand Menu: IS Alerts-IS Alerts are showing on hover menu., Pass, , Tue Feb 09 20:28:01 IST 2016, 4, 19, Right Hand Menu: IS Alerts-IS Alerts are showing on hover menu., Pass, , Tue Feb 09 20:28:01 IST 2016, 4, 20, Right Hand Menu: IS Alerts-IS Alerts are showing on hover menu., Pass, , Tue Feb 09 20:28:03 IST 2016, 4, 21, Right Hand Menu: IS Alerts-IS Alerts are showing on hover menu., Pass, , Tue Feb 09 20:28:05 IST 2016, 4, 22, Right Hand Menu: IS Alerts-IS Alerts are showing on hover menu., Pass, , Tue Feb 09 20:28:07 IST 2016, 4, 23, Right Hand Menu: IS Alerts-IS Alerts are showing on hover menu., Pass, , Tue Feb 09 20:28:09 IST 2016, 4, 24, Right Hand Menu: IS Alerts-IS Alerts are showing on hover menu., Pass, , Tue Feb 09 20:28:09 IST 2016, 4, 25, Right Hand Menu: IS Alerts-IS Alerts are showing on hover menu., Pass, , Tue Feb 09 20:28:10 IST 2016, 4, 26, Right Hand Menu: IS Alerts-IS Alerts are showing on hover menu., Pass, , Tue Feb 09 20:28:25 IST 2016, 4, 27, Right Hand Menu: IS Alerts-IS Alerts are showing on hover menu., Pass, , Tue Feb 09 20:28:25 IST 2016, 4, 28, Right Hand Menu: IS Alerts-IS Alerts are showing on hover menu., Pass, , Tue Feb 09 20:28:25 IST 2016, 4, 29, Right Hand Menu: IS Alerts-IS Alerts are showing on hover menu., Pass, , Tue Feb 09 20:28:35 IST 2016, 4, 30, Right Hand Menu: IS Alerts-IS Alerts are showing on hover menu., Pass, , Tue Feb 09 20:28:35 IST 2016, 4, 31, Right Hand Menu: IS Alerts-IS Alerts are showing on hover menu., Pass, , Tue Feb 09 20:28:45 IST 2016, 4, 32, Right Hand Menu: IS Alerts-IS Alerts are showing on hover menu., Pass, , Tue Feb 09 20:28:45 IST 2016, 4, 33, Right Hand Menu: IS Alerts-IS Alerts are showing on hover menu., Pass, , Tue Feb 09 20:28:48 IST 2016, 4, 34, Right Hand Menu: IS Alerts-IS Alerts are showing on hover menu., Pass, , Tue Feb 09 20:28:49 IST 2016, 4, 35, Right Hand Menu: IS Alerts-IS Alerts are showing on hover menu., Pass, , Tue Feb 09 20:28:51 IST 2016, 4, 36, Right Hand Menu: IS Alerts-IS Alerts are showing on hover menu., Pass, , Tue Feb 09 20:28:51 IST 2016, 4, 37, Right Hand Menu: IS Alerts-IS Alerts are showing on hover menu., Pass, , Tue Feb 09 20:28:52 IST 2016, 4, 38, Right Hand Menu: IS Alerts-IS Alerts are showing on hover menu., Pass, , Tue Feb 09 20:28:52 IST 2016, 4, 39, Right Hand Menu: IS Alerts-IS Alerts are showing on hover menu., Pass, , Tue Feb 09 20:28:52 IST 2016, 4, 40, Right Hand Menu: IS Alerts-IS Alerts are showing on hover menu., Pass, , Tue Feb 09 20:28:52 IST 2016, 4, 41, Right Hand Menu: IS Alerts-IS Alerts are showing on hover menu., Pass, , Tue Feb 09 20:28:55 IST 2016, 4, 42, Right Hand Menu: IS Alerts-IS Alerts are showing on hover menu., Pass, , Tue Feb 09 20:28:55 IST 2016, 4, 43, Right Hand Menu: IS Alerts-IS Alerts are showing on hover menu., Pass, , Tue Feb 09 20:28:55 IST 2016]
[DEBUG][2016-02-09 20:28:55,804][com.java.ImportnExport.ExportTestResultsExcel] [  222] - testResultPath = D:\BankersDashboard/TestReports/Test Results_BankersDashBoard_020916_202602_IE10_Any Bank USA.xls
[DEBUG][2016-02-09 20:28:55,804][com.java.ImportnExport.ExportTestResultsExcel] [  223] - browser is------------IE10
[DEBUG][2016-02-09 20:28:55,806][com.java.ImportnExport.ExportTestResultsExcel] [  270] - result.size() = 252
[DEBUG][2016-02-09 20:28:55,806][com.java.ImportnExport.ExportTestResultsExcel] [  274] - No of rows in sheet=2
[DEBUG][2016-02-09 20:28:55,806][com.java.ImportnExport.ExportTestResultsExcel] [  301] - ..in export..4
[DEBUG][2016-02-09 20:28:55,806][com.java.ImportnExport.ExportTestResultsExcel] [  301] - ..in export..Right Hand Menu: IS Alerts-IS Alerts are showing on hover menu.
[DEBUG][2016-02-09 20:28:55,806][com.java.ImportnExport.ExportTestResultsExcel] [  301] - ..in export..Pass
[DEBUG][2016-02-09 20:28:55,807][com.java.ImportnExport.ExportTestResultsExcel] [  301] - ..in export..
[DEBUG][2016-02-09 20:28:55,807][com.java.ImportnExport.ExportTestResultsExcel] [  301] - ..in export..Tue Feb 09 20:26:51 IST 2016
[INFO ][2016-02-09 20:28:55,809][com.java.SeleniumDriver] [ 1337] - out loop:1 size:3 TestCases:[1, 4, 8] testcases:[1, 4, 8]
[INFO ][2016-02-09 20:28:55,809][com.java.ImportnExport.ImportTestDataDetailsExcel] [   49] - test data details path===== D:\BankersDashboard\TestInputs\TestData.xls
[INFO ][2016-02-09 20:29:12,133][com.java.SeleniumDriver] [  856] - ------------------------------------------
[INFO ][2016-02-09 20:29:12,133][com.java.SeleniumDriver] [  857] - Test case being Executed: 8
[INFO ][2016-02-09 20:29:12,133][com.java.SeleniumDriver] [  869] - Test step:1
[INFO ][2016-02-09 20:29:12,133][com.java.SeleniumDriver] [  881] - Datavalue is----------Logout
[INFO ][2016-02-09 20:29:12,133][com.java.SeleniumDriver] [  905] - DataField : BTN
[INFO ][2016-02-09 20:29:12,133][com.java.SeleniumDriver] [  907] - DataValue : Logout
[INFO ][2016-02-09 20:29:12,133][com.java.SeleniumDriver] [  913] - <In Set values of the page>
[INFO ][2016-02-09 20:29:12,133][com.java.SeleniumDriver] [  916] - {Data Fields & Data Values Exist}
[INFO ][2016-02-09 20:29:12,133][com.java.SeleniumDriver] [  918] - --------------------------setting values-----------------------------
[INFO ][2016-02-09 20:29:12,133][com.java.SeleniumDriver] [  921] - Action Type : Verify
[INFO ][2016-02-09 20:29:12,133][com.java.TestType] [ 8386] - field= BTN value= Logout
[INFO ][2016-02-09 20:29:12,133][com.java.TestType] [ 6752] - value = Logout
[INFO ][2016-02-09 20:29:12,204][com.java.SeleniumDriver] [  930] -  RESULT true
[INFO ][2016-02-09 20:29:12,204][com.java.SeleniumDriver] [ 1136] - ?   P A S S   ?
[INFO ][2016-02-09 20:29:12,204][com.java.SeleniumDriver] [ 1178] - step change to 3
[INFO ][2016-02-09 20:29:12,204][com.java.SeleniumDriver] [  856] - ------------------------------------------
[INFO ][2016-02-09 20:29:12,204][com.java.SeleniumDriver] [  857] - Test case being Executed: 8
[INFO ][2016-02-09 20:29:12,204][com.java.SeleniumDriver] [  869] - Test step:3
[INFO ][2016-02-09 20:29:12,205][com.java.SeleniumDriver] [  881] - Datavalue is----------Concept#2:1-3
[INFO ][2016-02-09 20:29:12,205][com.java.SeleniumDriver] [  905] - DataField : test
[INFO ][2016-02-09 20:29:12,205][com.java.SeleniumDriver] [  907] - DataValue : Concept#2:1-3
[INFO ][2016-02-09 20:29:12,205][com.java.SeleniumDriver] [  913] - <In Set values of the page>
[INFO ][2016-02-09 20:29:12,205][com.java.SeleniumDriver] [  916] - {Data Fields & Data Values Exist}
[INFO ][2016-02-09 20:29:12,205][com.java.SeleniumDriver] [  918] - --------------------------setting values-----------------------------
[INFO ][2016-02-09 20:29:12,205][com.java.SeleniumDriver] [  921] - Action Type : ExecuteTestCase
[INFO ][2016-02-09 20:29:12,205][com.java.TestType] [  448] - The Concept sheet name is ---------- Concept
[INFO ][2016-02-09 20:29:12,205][com.java.TestType] [  451] - The Concept ID  is ---------- 2
[DEBUG][2016-02-09 20:29:12,205][com.java.TestType] [  455] - Steps being executted in the Concept are: 1:3
[INFO ][2016-02-09 20:29:12,205][com.java.TestType] [  462] - Test data details path ---------- D:\BankersDashboard\TestInputs\TestData.xls
[INFO ][2016-02-09 20:29:12,223][com.java.TestType] [  493] -  str(1) = 2
[INFO ][2016-02-09 20:29:12,223][com.java.TestType] [  496] - Test case Id is---2
[INFO ][2016-02-09 20:29:12,223][com.java.TestType] [  498] - 2
[INFO ][2016-02-09 20:29:12,223][com.java.TestType] [  493] -  str(2) = 1
[INFO ][2016-02-09 20:29:12,224][com.java.TestType] [  493] -  str(1) = 2
[INFO ][2016-02-09 20:29:12,224][com.java.TestType] [  496] - Test case Id is---2
[INFO ][2016-02-09 20:29:12,224][com.java.TestType] [  498] - 2
[INFO ][2016-02-09 20:29:12,224][com.java.TestType] [  493] -  str(2) = 2
[INFO ][2016-02-09 20:29:12,225][com.java.TestType] [  493] -  str(1) = 2
[INFO ][2016-02-09 20:29:12,225][com.java.TestType] [  496] - Test case Id is---2
[INFO ][2016-02-09 20:29:12,225][com.java.TestType] [  498] - 2
[INFO ][2016-02-09 20:29:12,225][com.java.TestType] [  493] -  str(2) = 3
[INFO ][2016-02-09 20:29:12,226][com.java.TestType] [12123] - Looping 1TCID = 2
[DEBUG][2016-02-09 20:29:12,226][com.java.TestType] [12164] - Concept ID:2 :: Step being Executed: 2::1
[INFO ][2016-02-09 20:29:12,226][com.java.TestType] [12202] - dataFields : BNK//select[@id='bank']
[DEBUG][2016-02-09 20:29:12,226][com.java.TestType] [12208] - <In Set values of the page>
[DEBUG][2016-02-09 20:29:12,226][com.java.TestType] [12213] - {Data Fields & Data Values Exist}
[INFO ][2016-02-09 20:29:12,226][com.java.TestType] [12219] - --------------------------setting values-----------------------------
[INFO ][2016-02-09 20:29:12,226][com.java.TestType] [12222] - Action Type : Select
[INFO ][2016-02-09 20:29:12,226][com.java.TestType] [ 6752] - value = PFC
[INFO ][2016-02-09 20:29:12,467][com.java.TestType] [12241] -  RESULT true
[INFO ][2016-02-09 20:29:12,467][com.java.TestType] [12358] - ?   P A S S   ?
[DEBUG][2016-02-09 20:29:12,467][com.java.TestType] [12164] - Concept ID:2 :: Step being Executed: 2::2
[INFO ][2016-02-09 20:29:12,468][com.java.TestType] [12202] - dataFields : LNKLogout
[DEBUG][2016-02-09 20:29:12,468][com.java.TestType] [12208] - <In Set values of the page>
[DEBUG][2016-02-09 20:29:12,468][com.java.TestType] [12213] - {Data Fields & Data Values Exist}
[INFO ][2016-02-09 20:29:12,468][com.java.TestType] [12219] - --------------------------setting values-----------------------------
[INFO ][2016-02-09 20:29:12,468][com.java.TestType] [12222] - Action Type : WaitTime
[DEBUG][2016-02-09 20:29:12,468][com.java.TestType] [ 6561] - sleepTime: 5000
[INFO ][2016-02-09 20:29:17,468][com.java.TestType] [12241] -  RESULT true
[INFO ][2016-02-09 20:29:17,468][com.java.TestType] [12358] - ?   P A S S   ?
[DEBUG][2016-02-09 20:29:17,468][com.java.TestType] [12164] - Concept ID:2 :: Step being Executed: 2::3
[INFO ][2016-02-09 20:29:17,468][com.java.TestType] [12202] - dataFields : LNKLogout
[DEBUG][2016-02-09 20:29:17,468][com.java.TestType] [12208] - <In Set values of the page>
[DEBUG][2016-02-09 20:29:17,468][com.java.TestType] [12213] - {Data Fields & Data Values Exist}
[INFO ][2016-02-09 20:29:17,468][com.java.TestType] [12219] - --------------------------setting values-----------------------------
[INFO ][2016-02-09 20:29:17,468][com.java.TestType] [12222] - Action Type : WaitForElement
[INFO ][2016-02-09 20:29:17,505][com.java.TestType] [12241] -  RESULT true
[INFO ][2016-02-09 20:29:17,505][com.java.TestType] [12358] - ?   P A S S   ?
[INFO ][2016-02-09 20:29:17,506][com.java.TestType] [12429] - Looping End......
[INFO ][2016-02-09 20:29:17,507][com.java.SeleniumDriver] [  930] -  RESULT true
[INFO ][2016-02-09 20:29:17,507][com.java.SeleniumDriver] [ 1136] - ?   P A S S   ?
[INFO ][2016-02-09 20:29:17,507][com.java.SeleniumDriver] [  856] - ------------------------------------------
[INFO ][2016-02-09 20:29:17,507][com.java.SeleniumDriver] [  857] - Test case being Executed: 8
[INFO ][2016-02-09 20:29:17,507][com.java.SeleniumDriver] [  869] - Test step:4
[INFO ][2016-02-09 20:29:17,507][com.java.SeleniumDriver] [  881] - Datavalue is----------null
[DEBUG][2016-02-09 20:29:17,507][com.java.SeleniumDriver] [  899] - Exception: null
[INFO ][2016-02-09 20:29:17,508][com.java.SeleniumDriver] [  905] - DataField : //span[@class="icon-cog2"]&&//a[text()='Customize']&&//a[@data-id="TabletAlerts"]
[INFO ][2016-02-09 20:29:17,508][com.java.SeleniumDriver] [  907] - DataValue : 
[INFO ][2016-02-09 20:29:17,508][com.java.SeleniumDriver] [  913] - <In Set values of the page>
[INFO ][2016-02-09 20:29:17,508][com.java.SeleniumDriver] [  916] - {Data Fields & Data Values Exist}
[INFO ][2016-02-09 20:29:17,508][com.java.SeleniumDriver] [  918] - --------------------------setting values-----------------------------
[INFO ][2016-02-09 20:29:17,508][com.java.SeleniumDriver] [  921] - Action Type : MOUSEOVER
[INFO ][2016-02-09 20:30:02,283][com.java.SeleniumDriver] [  930] -  RESULT true
[INFO ][2016-02-09 20:30:02,283][com.java.SeleniumDriver] [ 1136] - ?   P A S S   ?
[INFO ][2016-02-09 20:30:02,284][com.java.SeleniumDriver] [  856] - ------------------------------------------
[INFO ][2016-02-09 20:30:02,284][com.java.SeleniumDriver] [  857] - Test case being Executed: 8
[INFO ][2016-02-09 20:30:02,284][com.java.SeleniumDriver] [  869] - Test step:5
[INFO ][2016-02-09 20:30:02,284][com.java.SeleniumDriver] [  881] - Datavalue is----------My Alerts
[INFO ][2016-02-09 20:30:02,284][com.java.SeleniumDriver] [  905] - DataField : XPH//span[@class='ui-dialog-title']
[INFO ][2016-02-09 20:30:02,284][com.java.SeleniumDriver] [  907] - DataValue : My Alerts
[INFO ][2016-02-09 20:30:02,284][com.java.SeleniumDriver] [  913] - <In Set values of the page>
[INFO ][2016-02-09 20:30:02,284][com.java.SeleniumDriver] [  916] - {Data Fields & Data Values Exist}
[INFO ][2016-02-09 20:30:02,284][com.java.SeleniumDriver] [  918] - --------------------------setting values-----------------------------
[INFO ][2016-02-09 20:30:02,284][com.java.SeleniumDriver] [  921] - Action Type : verify
[INFO ][2016-02-09 20:30:02,284][com.java.TestType] [ 8386] - field= XPH//span[@class='ui-dialog-title'] value= My Alerts
[INFO ][2016-02-09 20:30:02,284][com.java.TestType] [ 6752] - value = My Alerts
[INFO ][2016-02-09 20:30:02,469][com.java.SeleniumDriver] [  930] -  RESULT true
[INFO ][2016-02-09 20:30:02,469][com.java.SeleniumDriver] [ 1136] - ?   P A S S   ?
[INFO ][2016-02-09 20:30:02,469][com.java.SeleniumDriver] [  856] - ------------------------------------------
[INFO ][2016-02-09 20:30:02,469][com.java.SeleniumDriver] [  857] - Test case being Executed: 8
[INFO ][2016-02-09 20:30:02,469][com.java.SeleniumDriver] [  869] - Test step:6
[INFO ][2016-02-09 20:30:02,469][com.java.SeleniumDriver] [  881] - Datavalue is----------null
[DEBUG][2016-02-09 20:30:02,469][com.java.SeleniumDriver] [  899] - Exception: null
[INFO ][2016-02-09 20:30:02,469][com.java.SeleniumDriver] [  905] - DataField : BTNframeDialogContent
[INFO ][2016-02-09 20:30:02,470][com.java.SeleniumDriver] [  907] - DataValue : 
[INFO ][2016-02-09 20:30:02,470][com.java.SeleniumDriver] [  913] - <In Set values of the page>
[INFO ][2016-02-09 20:30:02,470][com.java.SeleniumDriver] [  916] - {Data Fields & Data Values Exist}
[INFO ][2016-02-09 20:30:02,470][com.java.SeleniumDriver] [  918] - --------------------------setting values-----------------------------
[INFO ][2016-02-09 20:30:02,470][com.java.SeleniumDriver] [  921] - Action Type : SELECTFRAME
[INFO ][2016-02-09 20:30:03,853][com.java.SeleniumDriver] [  930] -  RESULT true
[INFO ][2016-02-09 20:30:03,853][com.java.SeleniumDriver] [ 1136] - ?   P A S S   ?
[INFO ][2016-02-09 20:30:03,853][com.java.SeleniumDriver] [  856] - ------------------------------------------
[INFO ][2016-02-09 20:30:03,853][com.java.SeleniumDriver] [  857] - Test case being Executed: 8
[INFO ][2016-02-09 20:30:03,853][com.java.SeleniumDriver] [  869] - Test step:7
[INFO ][2016-02-09 20:30:03,853][com.java.SeleniumDriver] [  881] - Datavalue is----------null
[DEBUG][2016-02-09 20:30:03,853][com.java.SeleniumDriver] [  899] - Exception: null
[INFO ][2016-02-09 20:30:03,853][com.java.SeleniumDriver] [  905] - DataField : XPH//span[contains(text(),'Balance Sheet')]
[INFO ][2016-02-09 20:30:03,853][com.java.SeleniumDriver] [  907] - DataValue : 
[INFO ][2016-02-09 20:30:03,853][com.java.SeleniumDriver] [  913] - <In Set values of the page>
[INFO ][2016-02-09 20:30:03,854][com.java.SeleniumDriver] [  916] - {Data Fields & Data Values Exist}
[INFO ][2016-02-09 20:30:03,854][com.java.SeleniumDriver] [  918] - --------------------------setting values-----------------------------
[INFO ][2016-02-09 20:30:03,854][com.java.SeleniumDriver] [  921] - Action Type : CLICK
[INFO ][2016-02-09 20:30:03,854][com.java.TestType] [ 7153] - Field ::XPH//span[contains(text(),'Balance Sheet')]
[INFO ][2016-02-09 20:30:03,854][com.java.TestType] [ 6752] - value = 
[INFO ][2016-02-09 20:30:04,854][com.java.TestType] [ 7330] - BEFORE CLICK
[INFO ][2016-02-09 20:30:05,637][com.java.TestType] [ 7338] - Unable to click the object BalanceSheet
[INFO ][2016-02-09 20:30:05,637][com.java.SeleniumDriver] [  930] -  RESULT true
[INFO ][2016-02-09 20:30:05,637][com.java.SeleniumDriver] [ 1136] - ?   P A S S   ?
[INFO ][2016-02-09 20:30:05,637][com.java.SeleniumDriver] [  856] - ------------------------------------------
[INFO ][2016-02-09 20:30:05,637][com.java.SeleniumDriver] [  857] - Test case being Executed: 8
[INFO ][2016-02-09 20:30:05,637][com.java.SeleniumDriver] [  869] - Test step:8
[INFO ][2016-02-09 20:30:05,637][com.java.SeleniumDriver] [  881] - Datavalue is----------5
[INFO ][2016-02-09 20:30:05,637][com.java.SeleniumDriver] [  905] - DataField : test
[INFO ][2016-02-09 20:30:05,637][com.java.SeleniumDriver] [  907] - DataValue : 5
[INFO ][2016-02-09 20:30:05,637][com.java.SeleniumDriver] [  913] - <In Set values of the page>
[INFO ][2016-02-09 20:30:05,637][com.java.SeleniumDriver] [  916] - {Data Fields & Data Values Exist}
[INFO ][2016-02-09 20:30:05,637][com.java.SeleniumDriver] [  918] - --------------------------setting values-----------------------------
[INFO ][2016-02-09 20:30:05,637][com.java.SeleniumDriver] [  921] - Action Type : WAITTIME
[DEBUG][2016-02-09 20:30:05,638][com.java.TestType] [ 6561] - sleepTime: 5000
[INFO ][2016-02-09 20:30:10,639][com.java.SeleniumDriver] [  930] -  RESULT true
[INFO ][2016-02-09 20:30:10,639][com.java.SeleniumDriver] [ 1136] - ?   P A S S   ?
[INFO ][2016-02-09 20:30:10,639][com.java.SeleniumDriver] [  856] - ------------------------------------------
[INFO ][2016-02-09 20:30:10,639][com.java.SeleniumDriver] [  857] - Test case being Executed: 8
[INFO ][2016-02-09 20:30:10,639][com.java.SeleniumDriver] [  869] - Test step:9
[INFO ][2016-02-09 20:30:10,639][com.java.SeleniumDriver] [  881] - Datavalue is----------RMD0
[INFO ][2016-02-09 20:30:10,639][com.java.SeleniumDriver] [  905] - DataField : TXT//table[@id="BalSheetTbl"]/tbody//td[4]/input[@class="perVal"]
[INFO ][2016-02-09 20:30:10,639][com.java.SeleniumDriver] [  907] - DataValue : RMD0
[INFO ][2016-02-09 20:30:10,639][com.java.SeleniumDriver] [  913] - <In Set values of the page>
[INFO ][2016-02-09 20:30:10,639][com.java.SeleniumDriver] [  916] - {Data Fields & Data Values Exist}
[INFO ][2016-02-09 20:30:10,639][com.java.SeleniumDriver] [  918] - --------------------------setting values-----------------------------
[INFO ][2016-02-09 20:30:10,639][com.java.SeleniumDriver] [  921] - Action Type : CLEARANDENTER
[INFO ][2016-02-09 20:30:10,764][com.java.TestType] [ 6752] - value = 03
[INFO ][2016-02-09 20:30:10,900][com.java.SeleniumDriver] [  930] -  RESULT true
[INFO ][2016-02-09 20:30:10,900][com.java.SeleniumDriver] [ 1136] - ?   P A S S   ?
[INFO ][2016-02-09 20:30:10,901][com.java.SeleniumDriver] [  856] - ------------------------------------------
[INFO ][2016-02-09 20:30:10,901][com.java.SeleniumDriver] [  857] - Test case being Executed: 8
[INFO ][2016-02-09 20:30:10,901][com.java.SeleniumDriver] [  869] - Test step:10
[INFO ][2016-02-09 20:30:10,901][com.java.SeleniumDriver] [  881] - Datavalue is----------null
[DEBUG][2016-02-09 20:30:10,901][com.java.SeleniumDriver] [  899] - Exception: null
[INFO ][2016-02-09 20:30:10,901][com.java.SeleniumDriver] [  905] - DataField : BTNparent
[INFO ][2016-02-09 20:30:10,901][com.java.SeleniumDriver] [  907] - DataValue : 
[INFO ][2016-02-09 20:30:10,901][com.java.SeleniumDriver] [  913] - <In Set values of the page>
[INFO ][2016-02-09 20:30:10,901][com.java.SeleniumDriver] [  916] - {Data Fields & Data Values Exist}
[INFO ][2016-02-09 20:30:10,901][com.java.SeleniumDriver] [  918] - --------------------------setting values-----------------------------
[INFO ][2016-02-09 20:30:10,901][com.java.SeleniumDriver] [  921] - Action Type : SELECTFRAME
[INFO ][2016-02-09 20:30:10,917][com.java.SeleniumDriver] [  930] -  RESULT true
[INFO ][2016-02-09 20:30:10,917][com.java.SeleniumDriver] [ 1136] - ?   P A S S   ?
[INFO ][2016-02-09 20:30:10,917][com.java.SeleniumDriver] [  856] - ------------------------------------------
[INFO ][2016-02-09 20:30:10,917][com.java.SeleniumDriver] [  857] - Test case being Executed: 8
[INFO ][2016-02-09 20:30:10,917][com.java.SeleniumDriver] [  869] - Test step:11
[INFO ][2016-02-09 20:30:10,917][com.java.SeleniumDriver] [  881] - Datavalue is----------null
[DEBUG][2016-02-09 20:30:10,917][com.java.SeleniumDriver] [  899] - Exception: null
[INFO ][2016-02-09 20:30:10,917][com.java.SeleniumDriver] [  905] - DataField : HDN//span[contains(text(),'Save')]
[INFO ][2016-02-09 20:30:10,917][com.java.SeleniumDriver] [  907] - DataValue : 
[INFO ][2016-02-09 20:30:10,917][com.java.SeleniumDriver] [  913] - <In Set values of the page>
[INFO ][2016-02-09 20:30:10,918][com.java.SeleniumDriver] [  916] - {Data Fields & Data Values Exist}
[INFO ][2016-02-09 20:30:10,918][com.java.SeleniumDriver] [  918] - --------------------------setting values-----------------------------
[INFO ][2016-02-09 20:30:10,918][com.java.SeleniumDriver] [  921] - Action Type : CLICK
[INFO ][2016-02-09 20:30:10,918][com.java.TestType] [ 7153] - Field ::HDN//span[contains(text(),'Save')]
[INFO ][2016-02-09 20:30:10,918][com.java.TestType] [ 6752] - value = 
[INFO ][2016-02-09 20:30:12,235][com.java.SeleniumDriver] [  930] -  RESULT true
[INFO ][2016-02-09 20:30:12,235][com.java.SeleniumDriver] [ 1136] - ?   P A S S   ?
[INFO ][2016-02-09 20:30:12,235][com.java.SeleniumDriver] [  856] - ------------------------------------------
[INFO ][2016-02-09 20:30:12,235][com.java.SeleniumDriver] [  857] - Test case being Executed: 8
[INFO ][2016-02-09 20:30:12,235][com.java.SeleniumDriver] [  869] - Test step:12
[INFO ][2016-02-09 20:30:12,235][com.java.SeleniumDriver] [  881] - Datavalue is----------null
[DEBUG][2016-02-09 20:30:12,235][com.java.SeleniumDriver] [  899] - Exception: null
[INFO ][2016-02-09 20:30:12,235][com.java.SeleniumDriver] [  905] - DataField : XPH//div[@class="menu"]//span[@class='glyphicon glyphicon-bell']
[INFO ][2016-02-09 20:30:12,235][com.java.SeleniumDriver] [  907] - DataValue : 
[INFO ][2016-02-09 20:30:12,235][com.java.SeleniumDriver] [  913] - <In Set values of the page>
[INFO ][2016-02-09 20:30:12,236][com.java.SeleniumDriver] [  916] - {Data Fields & Data Values Exist}
[INFO ][2016-02-09 20:30:12,236][com.java.SeleniumDriver] [  918] - --------------------------setting values-----------------------------
[INFO ][2016-02-09 20:30:12,236][com.java.SeleniumDriver] [  921] - Action Type : CLICK
[INFO ][2016-02-09 20:30:12,236][com.java.TestType] [ 7153] - Field ::XPH//div[@class="menu"]//span[@class='glyphicon glyphicon-bell']
[INFO ][2016-02-09 20:30:12,236][com.java.TestType] [ 6752] - value = 
[INFO ][2016-02-09 20:30:13,236][com.java.TestType] [ 7330] - BEFORE CLICK
[INFO ][2016-02-09 20:30:14,546][com.java.TestType] [ 7338] - Unable to click the object Click on  bell symbol
[INFO ][2016-02-09 20:30:14,546][com.java.SeleniumDriver] [  930] -  RESULT true
[INFO ][2016-02-09 20:30:14,546][com.java.SeleniumDriver] [ 1136] - ?   P A S S   ?
[INFO ][2016-02-09 20:30:14,546][com.java.SeleniumDriver] [  856] - ------------------------------------------
[INFO ][2016-02-09 20:30:14,546][com.java.SeleniumDriver] [  857] - Test case being Executed: 8
[INFO ][2016-02-09 20:30:14,548][com.java.SeleniumDriver] [  869] - Test step:13
[INFO ][2016-02-09 20:30:14,548][com.java.SeleniumDriver] [  881] - Datavalue is----------null
[DEBUG][2016-02-09 20:30:14,548][com.java.SeleniumDriver] [  899] - Exception: null
[INFO ][2016-02-09 20:30:14,548][com.java.SeleniumDriver] [  905] - DataField : XPH//div[contains(@class,'rightMenuContainer')]//div[@class="menu-drawer"]
[INFO ][2016-02-09 20:30:14,548][com.java.SeleniumDriver] [  907] - DataValue : 
[INFO ][2016-02-09 20:30:14,548][com.java.SeleniumDriver] [  913] - <In Set values of the page>
[INFO ][2016-02-09 20:30:14,548][com.java.SeleniumDriver] [  916] - {Data Fields & Data Values Exist}
[INFO ][2016-02-09 20:30:14,548][com.java.SeleniumDriver] [  918] - --------------------------setting values-----------------------------
[INFO ][2016-02-09 20:30:14,548][com.java.SeleniumDriver] [  921] - Action Type : CLICK
[INFO ][2016-02-09 20:30:14,548][com.java.TestType] [ 7153] - Field ::XPH//div[contains(@class,'rightMenuContainer')]//div[@class="menu-drawer"]
[INFO ][2016-02-09 20:30:14,548][com.java.TestType] [ 6752] - value = 
[INFO ][2016-02-09 20:30:15,548][com.java.TestType] [ 7330] - BEFORE CLICK
[INFO ][2016-02-09 20:30:16,403][com.java.TestType] [ 7338] - Unable to click the object Click on the Today's Alert Page
[INFO ][2016-02-09 20:30:16,403][com.java.SeleniumDriver] [  930] -  RESULT true
[INFO ][2016-02-09 20:30:16,403][com.java.SeleniumDriver] [ 1136] - ?   P A S S   ?
[INFO ][2016-02-09 20:30:16,403][com.java.SeleniumDriver] [  856] - ------------------------------------------
[INFO ][2016-02-09 20:30:16,403][com.java.SeleniumDriver] [  857] - Test case being Executed: 8
[INFO ][2016-02-09 20:30:16,403][com.java.SeleniumDriver] [  869] - Test step:14
[INFO ][2016-02-09 20:30:16,403][com.java.SeleniumDriver] [  881] - Datavalue is----------//div[@class="menu-drawer"]//span
[INFO ][2016-02-09 20:30:16,403][com.java.SeleniumDriver] [  905] - DataField : BTN
[INFO ][2016-02-09 20:30:16,403][com.java.SeleniumDriver] [  907] - DataValue : //div[@class="menu-drawer"]//span
[INFO ][2016-02-09 20:30:16,403][com.java.SeleniumDriver] [  913] - <In Set values of the page>
[INFO ][2016-02-09 20:30:16,403][com.java.SeleniumDriver] [  916] - {Data Fields & Data Values Exist}
[INFO ][2016-02-09 20:30:16,403][com.java.SeleniumDriver] [  918] - --------------------------setting values-----------------------------
[INFO ][2016-02-09 20:30:16,403][com.java.SeleniumDriver] [  921] - Action Type : VERIFY
[INFO ][2016-02-09 20:30:16,404][com.java.TestType] [ 8386] - field= BTN value= //div[@class="menu-drawer"]//span
[INFO ][2016-02-09 20:30:16,404][com.java.TestType] [ 6752] - value = //div[@class="menu-drawer"]//span
[INFO ][2016-02-09 20:30:16,513][com.java.SeleniumDriver] [  930] -  RESULT true
[INFO ][2016-02-09 20:30:16,513][com.java.SeleniumDriver] [ 1136] - ?   P A S S   ?
[INFO ][2016-02-09 20:30:16,513][com.java.SeleniumDriver] [  856] - ------------------------------------------
[INFO ][2016-02-09 20:30:16,513][com.java.SeleniumDriver] [  857] - Test case being Executed: 8
[INFO ][2016-02-09 20:30:16,513][com.java.SeleniumDriver] [  869] - Test step:15
[INFO ][2016-02-09 20:30:16,514][com.java.SeleniumDriver] [  881] - Datavalue is----------//div[@id='isAlertsHeading']/h4
[INFO ][2016-02-09 20:30:16,514][com.java.SeleniumDriver] [  905] - DataField : BTN
[INFO ][2016-02-09 20:30:16,514][com.java.SeleniumDriver] [  907] - DataValue : //div[@id='isAlertsHeading']/h4
[INFO ][2016-02-09 20:30:16,514][com.java.SeleniumDriver] [  913] - <In Set values of the page>
[INFO ][2016-02-09 20:30:16,514][com.java.SeleniumDriver] [  916] - {Data Fields & Data Values Exist}
[INFO ][2016-02-09 20:30:16,514][com.java.SeleniumDriver] [  918] - --------------------------setting values-----------------------------
[INFO ][2016-02-09 20:30:16,514][com.java.SeleniumDriver] [  921] - Action Type : VERIFY
[INFO ][2016-02-09 20:30:16,514][com.java.TestType] [ 8386] - field= BTN value= //div[@id='isAlertsHeading']/h4
[INFO ][2016-02-09 20:30:16,514][com.java.TestType] [ 6752] - value = //div[@id='isAlertsHeading']/h4
[INFO ][2016-02-09 20:30:16,584][com.java.SeleniumDriver] [  930] -  RESULT true
[INFO ][2016-02-09 20:30:16,584][com.java.SeleniumDriver] [ 1136] - ?   P A S S   ?
[INFO ][2016-02-09 20:30:16,584][com.java.SeleniumDriver] [  856] - ------------------------------------------
[INFO ][2016-02-09 20:30:16,584][com.java.SeleniumDriver] [  857] - Test case being Executed: 8
[INFO ][2016-02-09 20:30:16,584][com.java.SeleniumDriver] [  869] - Test step:16
[INFO ][2016-02-09 20:30:16,584][com.java.SeleniumDriver] [  881] - Datavalue is----------null
[DEBUG][2016-02-09 20:30:16,584][com.java.SeleniumDriver] [  899] - Exception: null
[INFO ][2016-02-09 20:30:16,585][com.java.SeleniumDriver] [  905] - DataField : XPH//div[@class="panel panel-default ng-scope"]/div[@id='bsAlertsHeading']/h4
[INFO ][2016-02-09 20:30:16,585][com.java.SeleniumDriver] [  907] - DataValue : 
[INFO ][2016-02-09 20:30:16,585][com.java.SeleniumDriver] [  913] - <In Set values of the page>
[INFO ][2016-02-09 20:30:16,585][com.java.SeleniumDriver] [  916] - {Data Fields & Data Values Exist}
[INFO ][2016-02-09 20:30:16,585][com.java.SeleniumDriver] [  918] - --------------------------setting values-----------------------------
[INFO ][2016-02-09 20:30:16,585][com.java.SeleniumDriver] [  921] - Action Type : CLICK
[INFO ][2016-02-09 20:30:16,585][com.java.TestType] [ 7153] - Field ::XPH//div[@class="panel panel-default ng-scope"]/div[@id='bsAlertsHeading']/h4
[INFO ][2016-02-09 20:30:16,585][com.java.TestType] [ 6752] - value = 
[INFO ][2016-02-09 20:30:17,585][com.java.TestType] [ 7330] - BEFORE CLICK
[INFO ][2016-02-09 20:30:18,512][com.java.TestType] [ 7338] - Unable to click the object Click on Income Statement tab
[INFO ][2016-02-09 20:30:18,512][com.java.SeleniumDriver] [  930] -  RESULT true
[INFO ][2016-02-09 20:30:18,512][com.java.SeleniumDriver] [ 1136] - ?   P A S S   ?
[INFO ][2016-02-09 20:30:18,512][com.java.SeleniumDriver] [  856] - ------------------------------------------
[INFO ][2016-02-09 20:30:18,512][com.java.SeleniumDriver] [  857] - Test case being Executed: 8
[INFO ][2016-02-09 20:30:18,512][com.java.SeleniumDriver] [  869] - Test step:17
[INFO ][2016-02-09 20:30:18,512][com.java.SeleniumDriver] [  881] - Datavalue is----------5
[INFO ][2016-02-09 20:30:18,514][com.java.SeleniumDriver] [  905] - DataField : null
[INFO ][2016-02-09 20:30:18,514][com.java.SeleniumDriver] [  907] - DataValue : 5
[INFO ][2016-02-09 20:30:18,514][com.java.SeleniumDriver] [  913] - <In Set values of the page>
[INFO ][2016-02-09 20:30:18,514][com.java.SeleniumDriver] [  916] - {Data Fields & Data Values Exist}
[INFO ][2016-02-09 20:30:18,514][com.java.SeleniumDriver] [  918] - --------------------------setting values-----------------------------
[INFO ][2016-02-09 20:30:18,514][com.java.SeleniumDriver] [  921] - Action Type : WAITTIME
[DEBUG][2016-02-09 20:30:18,514][com.java.TestType] [ 6561] - sleepTime: 5000
[INFO ][2016-02-09 20:30:23,514][com.java.SeleniumDriver] [  930] -  RESULT true
[INFO ][2016-02-09 20:30:23,514][com.java.SeleniumDriver] [ 1136] - ?   P A S S   ?
[INFO ][2016-02-09 20:30:23,514][com.java.SeleniumDriver] [  856] - ------------------------------------------
[INFO ][2016-02-09 20:30:23,514][com.java.SeleniumDriver] [  857] - Test case being Executed: 8
[INFO ][2016-02-09 20:30:23,514][com.java.SeleniumDriver] [  869] - Test step:18
[INFO ][2016-02-09 20:30:23,514][com.java.SeleniumDriver] [  881] - Datavalue is----------//div[@id='bsAlertsContent']//div[@class="ng-binding"]
[INFO ][2016-02-09 20:30:23,514][com.java.SeleniumDriver] [  905] - DataField : BTN
[INFO ][2016-02-09 20:30:23,514][com.java.SeleniumDriver] [  907] - DataValue : //div[@id='bsAlertsContent']//div[@class="ng-binding"]
[INFO ][2016-02-09 20:30:23,514][com.java.SeleniumDriver] [  913] - <In Set values of the page>
[INFO ][2016-02-09 20:30:23,514][com.java.SeleniumDriver] [  916] - {Data Fields & Data Values Exist}
[INFO ][2016-02-09 20:30:23,514][com.java.SeleniumDriver] [  918] - --------------------------setting values-----------------------------
[INFO ][2016-02-09 20:30:23,514][com.java.SeleniumDriver] [  921] - Action Type : VERIFY
[INFO ][2016-02-09 20:30:23,514][com.java.TestType] [ 8386] - field= BTN value= //div[@id='bsAlertsContent']//div[@class="ng-binding"]
[INFO ][2016-02-09 20:30:23,515][com.java.TestType] [ 6752] - value = //div[@id='bsAlertsContent']//div[@class="ng-binding"]
[DEBUG][2016-02-09 20:31:07,123][com.java.TestType] [ 8039] - //div[@id='bsAlertsContent']//div[@class="ng-binding"]   :: Element not Found
[ERROR][2016-02-09 20:31:27,961][com.java.TestType] [ 9141] - Assertion Error: 
[INFO ][2016-02-09 20:31:27,961][com.java.SeleniumDriver] [  930] -  RESULT false
[INFO ][2016-02-09 20:31:27,961][com.java.SeleniumDriver] [  977] - ?   F A I L   ?
[INFO ][2016-02-09 20:31:27,961][com.java.SeleniumDriver] [  985] - Browser Type : IE10
[INFO ][2016-02-09 20:31:27,961][com.java.SeleniumDriver] [  986] - Adding Failed case8
[INFO ][2016-02-09 20:31:28,046][com.java.SeleniumDriver] [ 1100] - failedCases = 8
[ERROR][2016-02-09 20:31:28,047][com.java.SeleniumDriver] [ 1599] - Platform Errors : Our apologies...::We have encountered an issue with your request.::Our apologies?:We encountered an issue with your request.
[INFO ][2016-02-09 20:31:28,047][com.java.SeleniumDriver] [ 1603] - Length =3
[ERROR][2016-02-09 20:31:28,047][com.java.SeleniumDriver] [ 1606] - Error 0 = Our apologies...
[ERROR][2016-02-09 20:31:28,126][com.java.SeleniumDriver] [ 1606] - Error 1 = We have encountered an issue with your request.
[ERROR][2016-02-09 20:31:28,184][com.java.SeleniumDriver] [ 1606] - Error 2 = Our apologies?:We encountered an issue with your request.
[INFO ][2016-02-09 20:31:28,260][com.java.SeleniumDriver] [ 1617] - strError:
[DEBUG][2016-02-09 20:31:28,275][com.java.SeleniumDriver] [ 1248] - Case found
[DEBUG][2016-02-09 20:31:28,275][com.java.SeleniumDriver] [ 1253] - Incrementing ReportCounters[0]:3
[INFO ][2016-02-09 20:31:28,275][com.java.SeleniumDriver] [ 1272] - The results are-------------------[8, 18, Right Hand Menu: BS Alerts-BS Alerts data correctness, Fail, 
Test case failed at Step No. :: 18   Error Message ::  . Screen Shot : D:\BankersDashboard\TestReports\020916\8_020916_203127_IE10.png, Tue Feb 09 20:31:28 IST 2016]
[INFO ][2016-02-09 20:31:28,275][com.java.SeleniumDriver] [ 1276] - End time is-------5 min 27 sec
[INFO ][2016-02-09 20:31:28,275][com.java.SeleniumDriver] [ 1277] - The results are-------------------[8, 18, Right Hand Menu: BS Alerts-BS Alerts data correctness, Fail, 
Test case failed at Step No. :: 18   Error Message ::  . Screen Shot : D:\BankersDashboard\TestReports\020916\8_020916_203127_IE10.png, Tue Feb 09 20:31:28 IST 2016]
[DEBUG][2016-02-09 20:31:28,275][com.java.ImportnExport.ExportTestResultsExcel] [  222] - testResultPath = D:\BankersDashboard/TestReports/Test Results_BankersDashBoard_020916_202602_IE10_Any Bank USA.xls
[DEBUG][2016-02-09 20:31:28,275][com.java.ImportnExport.ExportTestResultsExcel] [  223] - browser is------------IE10
[DEBUG][2016-02-09 20:31:28,279][com.java.ImportnExport.ExportTestResultsExcel] [  270] - result.size() = 6
[DEBUG][2016-02-09 20:31:28,279][com.java.ImportnExport.ExportTestResultsExcel] [  274] - No of rows in sheet=3
[DEBUG][2016-02-09 20:31:28,279][com.java.ImportnExport.ExportTestResultsExcel] [  301] - ..in export..8
[DEBUG][2016-02-09 20:31:28,279][com.java.ImportnExport.ExportTestResultsExcel] [  301] - ..in export..Right Hand Menu: BS Alerts-BS Alerts data correctness
[DEBUG][2016-02-09 20:31:28,279][com.java.ImportnExport.ExportTestResultsExcel] [  301] - ..in export..Fail
[DEBUG][2016-02-09 20:31:28,279][com.java.ImportnExport.ExportTestResultsExcel] [  301] - ..in export..
Test case failed at Step No. :: 18   Error Message ::  . Screen Shot : D:\BankersDashboard\TestReports\020916\8_020916_203127_IE10.png
[DEBUG][2016-02-09 20:31:28,279][com.java.ImportnExport.ExportTestResultsExcel] [  301] - ..in export..Tue Feb 09 20:31:28 IST 2016
[INFO ][2016-02-09 20:31:28,280][com.java.SeleniumDriver] [ 1337] - out loop:2 size:3 TestCases:[1, 4, 8] testcases:[1, 4, 8]
[INFO ][2016-02-09 20:31:30,281][com.java.SeleniumDriver] [ 1380] - Total Number of Cases:3
[INFO ][2016-02-09 20:31:30,281][com.java.TemplateGenerator] [  302] - Executed:3
[INFO ][2016-02-09 20:31:30,281][com.java.TemplateGenerator] [  303] - Passed:2
[INFO ][2016-02-09 20:31:30,281][com.java.TemplateGenerator] [  304] - Failed:1
[INFO ][2016-02-09 20:31:30,281][com.java.TemplateGenerator] [  305] - Skipeed:0
[INFO ][2016-02-09 20:31:30,281][com.java.TemplateGenerator] [  306] - Application URL:https://clients-xuat.bankersdashboard.com
[INFO ][2016-02-09 20:31:30,281][com.java.TemplateGenerator] [  307] - Start Time:020916_202602
[INFO ][2016-02-09 20:31:30,281][com.java.TemplateGenerator] [  308] -  Creating HTML Report 
[ERROR][2016-02-09 20:31:30,282][com.java.TemplateGenerator] [  409] - Unparseable date: "Tue Feb 09 08:26:02 IST 2016"
[INFO ][2016-02-09 20:31:30,282][com.java.TemplateGenerator] [  654] -  Exporting case :: 1
[INFO ][2016-02-09 20:31:30,282][com.java.TemplateGenerator] [  654] -  Exporting case :: 4
[INFO ][2016-02-09 20:31:30,282][com.java.TemplateGenerator] [  654] -  Exporting case :: 8
[INFO ][2016-02-09 20:31:30,300][com.java.SeleniumDriver] [ 1429] - End Time:020916_203130
[INFO ][2016-02-09 20:31:30,300][com.java.SeleniumDriver] [ 1432] - Data in Test Execution Details:{1=PASS, 4=PASS, 8=FAILTest case failed at Step No. :: 18   Error Message ::  }
[INFO ][2016-02-09 20:31:30,300][com.java.SeleniumDriver] [ 1433] - Data in Failed Execution Deatils:{}
[INFO ][2016-02-09 20:31:30,300][com.java.SeleniumDriver] [ 1435] - ReportCounter:Total:3 :: PASS: 2 ::FAIL: 1
[INFO ][2016-02-09 20:31:30,300][com.java.SeleniumDriver] [ 1436] - FailedReportCounter:Total:0 :: PASS: 0 ::FAIL: 0
[INFO ][2016-02-09 20:31:30,308][com.java.EmailTestReport] [   63] - Sending report mail details:
[INFO ][2016-02-09 20:31:30,308][com.java.EmailTestReport] [   80] - Excel Report Path:D:\BankersDashboard/TestReports/Test Results_BankersDashBoard_020916_202602_IE10_Any Bank USA.xls
[INFO ][2016-02-09 20:31:30,308][com.java.EmailTestReport] [   81] - HTML Report Path:D:\BankersDashboard//TestReports//Test Results_BankersDashBoard_020916_202602_IE10_Any Bank USA.html
[INFO ][2016-02-09 20:31:30,308][com.java.EmailTestReport] [   82] - smtpHostName:mail01.valuelabs.com
[INFO ][2016-02-09 20:31:30,308][com.java.EmailTestReport] [   83] - Recipient:venkateswararao.gubbala@valuelabs.com;
[INFO ][2016-02-09 20:31:30,308][com.java.EmailTestReport] [   84] - From:venkateswararao.gubbala@valuelabs.com;
[INFO ][2016-02-09 20:31:30,308][com.java.EmailTestReport] [   85] - Subject:Deluxe Corp Bankers Dashboard Automation Test Report - Any Bank USA - IE10
[INFO ][2016-02-09 20:31:30,325][com.java.EmailTestReport] [  143] -  Added venkateswararao.gubbala@valuelabs.com
[INFO ][2016-02-09 20:31:34,213][com.java.SeleniumDriver] [  722] - quitting the browser 
[INFO ][2016-02-09 20:31:35,504][com.java.SeleniumDriver] [  264] - Execution Completed Stopping the thread
