[INFO ][2016-02-08 15:52:24,182][com.java.SeleniumDriver] [  213] - Execute Failed Casesfalse
[INFO ][2016-02-08 15:52:24,182][com.java.SeleniumDriver] [  214] - Browser: IE10
[INFO ][2016-02-08 15:52:24,182][com.java.SeleniumDriver] [  215] - [1, 9, 12]
[INFO ][2016-02-08 15:52:24,182][com.java.SeleniumDriver] [  216] - Total TestCases:3
[INFO ][2016-02-08 15:52:24,182][com.java.SeleniumDriver] [  217] -  Reading Properties from Property File 
[DEBUG][2016-02-08 15:52:24,182][com.java.SeleniumDriver] [  238] - url : https://clients-xuat.bankersdashboard.com
[INFO ][2016-02-08 15:52:24,182][com.java.ImportnExport.ExportTestResultsExcel] [  116] - Time Stamp Mon Feb 08 03:52:24 IST 2016
[INFO ][2016-02-08 15:52:24,182][com.java.ImportnExport.ExportTestResultsExcel] [  175] - OUT FILE : D:\BankersDashboard/TestReports/Test Results_BankersDashBoard_020816_155224_IE10_Any Bank USA.xls
[INFO ][2016-02-08 15:52:24,223][com.java.ImportnExport.ExportTestResultsExcel] [  180] - Test Result file is created
[DEBUG][2016-02-08 15:52:24,333][com.java.SeleniumDriver] [  426] - Hub ip address is-------172.17.68.34
[INFO ][2016-02-08 15:52:24,333][com.java.SeleniumDriver] [  452] - Grid URL:http://172.17.68.34:4444/wd/hub
[INFO ][2016-02-08 15:52:24,333][com.java.SeleniumDriver] [  453] - Capability:Capabilities [{platform=ANY, ensureCleanSession=true, ignoreProtectedModeSettings=true, acceptSslCerts=true, ignoreZoomSetting=true, browserName=internet explorer, browserstack.ie.noFlash=true, version=null}]
[ERROR][2016-02-08 15:52:25,663][com.java.SeleniumDriver] [  498] - Unable invoke browser in grid:Could not start a new session. Possible causes are invalid address of the remote server or browser start-up failure.
Build info: version: '2.48.2', revision: '41bccdd', time: '2015-10-09 19:59:12'
System info: host: 'FVTIII438F1D', ip: '172.17.68.34', os.name: 'Windows 7', os.arch: 'x86', os.version: '6.1', java.version: '1.7.0_55'
Driver info: driver.version: SeleniumDriver
[INFO ][2016-02-08 15:52:25,663][com.java.SeleniumDriver] [  500] - Executing on local machine
[INFO ][2016-02-08 15:52:39,370][com.java.SeleniumDriver] [  248] - IE10is opened
[INFO ][2016-02-08 15:52:40,198][com.java.SeleniumDriver] [  756] - Test cases to be executed are: [1, 9, 12]
[INFO ][2016-02-08 15:52:40,219][com.java.ImportnExport.ImportTestDataDetailsExcel] [   49] - test data details path===== D:\BankersDashboard\TestInputs\TestData.xls
[INFO ][2016-02-08 15:52:40,319][com.java.SeleniumDriver] [  856] - ------------------------------------------
[INFO ][2016-02-08 15:52:40,319][com.java.SeleniumDriver] [  857] - Test case being Executed: 1
[INFO ][2016-02-08 15:52:40,319][com.java.SeleniumDriver] [  869] - Test step:1
[INFO ][2016-02-08 15:52:40,319][com.java.SeleniumDriver] [  881] - Datavalue is----------Concept#1:1-16
[INFO ][2016-02-08 15:52:40,319][com.java.SeleniumDriver] [  905] - DataField : test
[INFO ][2016-02-08 15:52:40,319][com.java.SeleniumDriver] [  907] - DataValue : Concept#1:1-16
[INFO ][2016-02-08 15:52:40,319][com.java.SeleniumDriver] [  913] - <In Set values of the page>
[INFO ][2016-02-08 15:52:40,319][com.java.SeleniumDriver] [  916] - {Data Fields & Data Values Exist}
[INFO ][2016-02-08 15:52:40,319][com.java.SeleniumDriver] [  918] - --------------------------setting values-----------------------------
[INFO ][2016-02-08 15:52:40,319][com.java.SeleniumDriver] [  921] - Action Type : ExecuteTestCase
[INFO ][2016-02-08 15:52:40,339][com.java.TestType] [  448] - The Concept sheet name is ---------- Concept
[INFO ][2016-02-08 15:52:40,339][com.java.TestType] [  451] - The Concept ID  is ---------- 1
[DEBUG][2016-02-08 15:52:40,339][com.java.TestType] [  455] - Steps being executted in the Concept are: 1:16
[INFO ][2016-02-08 15:52:40,339][com.java.TestType] [  462] - Test data details path ---------- D:\BankersDashboard\TestInputs\TestData.xls
[INFO ][2016-02-08 15:52:40,379][com.java.TestType] [  493] -  str(1) = 1
[INFO ][2016-02-08 15:52:40,379][com.java.TestType] [  496] - Test case Id is---1
[INFO ][2016-02-08 15:52:40,379][com.java.TestType] [  498] - 1
[INFO ][2016-02-08 15:52:40,379][com.java.TestType] [  493] -  str(2) = 1
[INFO ][2016-02-08 15:52:40,379][com.java.TestType] [  493] -  str(1) = 1
[INFO ][2016-02-08 15:52:40,379][com.java.TestType] [  496] - Test case Id is---1
[INFO ][2016-02-08 15:52:40,379][com.java.TestType] [  498] - 1
[INFO ][2016-02-08 15:52:40,379][com.java.TestType] [  493] -  str(2) = 2
[INFO ][2016-02-08 15:52:40,389][com.java.TestType] [  493] -  str(1) = 1
[INFO ][2016-02-08 15:52:40,389][com.java.TestType] [  496] - Test case Id is---1
[INFO ][2016-02-08 15:52:40,389][com.java.TestType] [  498] - 1
[INFO ][2016-02-08 15:52:40,389][com.java.TestType] [  493] -  str(2) = 3
[INFO ][2016-02-08 15:52:40,389][com.java.TestType] [  493] -  str(1) = 1
[INFO ][2016-02-08 15:52:40,389][com.java.TestType] [  496] - Test case Id is---1
[INFO ][2016-02-08 15:52:40,389][com.java.TestType] [  498] - 1
[INFO ][2016-02-08 15:52:40,389][com.java.TestType] [  493] -  str(2) = 4
[INFO ][2016-02-08 15:52:40,389][com.java.TestType] [  493] -  str(1) = 1
[INFO ][2016-02-08 15:52:40,389][com.java.TestType] [  496] - Test case Id is---1
[INFO ][2016-02-08 15:52:40,389][com.java.TestType] [  498] - 1
[INFO ][2016-02-08 15:52:40,389][com.java.TestType] [  493] -  str(2) = 5
[INFO ][2016-02-08 15:52:40,389][com.java.TestType] [  493] -  str(1) = 1
[INFO ][2016-02-08 15:52:40,389][com.java.TestType] [  496] - Test case Id is---1
[INFO ][2016-02-08 15:52:40,389][com.java.TestType] [  498] - 1
[INFO ][2016-02-08 15:52:40,389][com.java.TestType] [  493] -  str(2) = 6
[INFO ][2016-02-08 15:52:40,389][com.java.TestType] [  493] -  str(1) = 1
[INFO ][2016-02-08 15:52:40,389][com.java.TestType] [  496] - Test case Id is---1
[INFO ][2016-02-08 15:52:40,389][com.java.TestType] [  498] - 1
[INFO ][2016-02-08 15:52:40,389][com.java.TestType] [  493] -  str(2) = 7
[INFO ][2016-02-08 15:52:40,389][com.java.TestType] [  493] -  str(1) = 1
[INFO ][2016-02-08 15:52:40,389][com.java.TestType] [  496] - Test case Id is---1
[INFO ][2016-02-08 15:52:40,389][com.java.TestType] [  498] - 1
[INFO ][2016-02-08 15:52:40,389][com.java.TestType] [  493] -  str(2) = 8
[INFO ][2016-02-08 15:52:40,399][com.java.TestType] [  493] -  str(1) = 1
[INFO ][2016-02-08 15:52:40,399][com.java.TestType] [  496] - Test case Id is---1
[INFO ][2016-02-08 15:52:40,399][com.java.TestType] [  498] - 1
[INFO ][2016-02-08 15:52:40,399][com.java.TestType] [  493] -  str(2) = 9
[INFO ][2016-02-08 15:52:40,399][com.java.TestType] [  493] -  str(1) = 1
[INFO ][2016-02-08 15:52:40,399][com.java.TestType] [  496] - Test case Id is---1
[INFO ][2016-02-08 15:52:40,399][com.java.TestType] [  498] - 1
[INFO ][2016-02-08 15:52:40,399][com.java.TestType] [  493] -  str(2) = 10
[INFO ][2016-02-08 15:52:40,399][com.java.TestType] [  493] -  str(1) = 1
[INFO ][2016-02-08 15:52:40,399][com.java.TestType] [  496] - Test case Id is---1
[INFO ][2016-02-08 15:52:40,399][com.java.TestType] [  498] - 1
[INFO ][2016-02-08 15:52:40,399][com.java.TestType] [  493] -  str(2) = 11
[INFO ][2016-02-08 15:52:40,399][com.java.TestType] [  493] -  str(1) = 1
[INFO ][2016-02-08 15:52:40,399][com.java.TestType] [  496] - Test case Id is---1
[INFO ][2016-02-08 15:52:40,399][com.java.TestType] [  498] - 1
[INFO ][2016-02-08 15:52:40,399][com.java.TestType] [  493] -  str(2) = 12
[INFO ][2016-02-08 15:52:40,399][com.java.TestType] [  493] -  str(1) = 1
[INFO ][2016-02-08 15:52:40,399][com.java.TestType] [  496] - Test case Id is---1
[INFO ][2016-02-08 15:52:40,399][com.java.TestType] [  498] - 1
[INFO ][2016-02-08 15:52:40,399][com.java.TestType] [  493] -  str(2) = 13
[INFO ][2016-02-08 15:52:40,399][com.java.TestType] [  493] -  str(1) = 1
[INFO ][2016-02-08 15:52:40,399][com.java.TestType] [  496] - Test case Id is---1
[INFO ][2016-02-08 15:52:40,399][com.java.TestType] [  498] - 1
[INFO ][2016-02-08 15:52:40,399][com.java.TestType] [  493] -  str(2) = 14
[INFO ][2016-02-08 15:52:40,399][com.java.TestType] [  493] -  str(1) = 1
[INFO ][2016-02-08 15:52:40,399][com.java.TestType] [  496] - Test case Id is---1
[INFO ][2016-02-08 15:52:40,399][com.java.TestType] [  498] - 1
[INFO ][2016-02-08 15:52:40,399][com.java.TestType] [  493] -  str(2) = 15
[INFO ][2016-02-08 15:52:40,399][com.java.TestType] [  493] -  str(1) = 1
[INFO ][2016-02-08 15:52:40,399][com.java.TestType] [  496] - Test case Id is---1
[INFO ][2016-02-08 15:52:40,399][com.java.TestType] [  498] - 1
[INFO ][2016-02-08 15:52:40,399][com.java.TestType] [  493] -  str(2) = 16
[INFO ][2016-02-08 15:52:40,409][com.java.TestType] [12120] - Looping 1TCID = 1
[DEBUG][2016-02-08 15:52:40,409][com.java.TestType] [12161] - Concept ID:1 :: Step being Executed: 1::1
[INFO ][2016-02-08 15:52:40,409][com.java.TestType] [12199] - dataFields : TXTusername
[DEBUG][2016-02-08 15:52:40,409][com.java.TestType] [12205] - <In Set values of the page>
[DEBUG][2016-02-08 15:52:40,409][com.java.TestType] [12210] - {Data Fields & Data Values Exist}
[INFO ][2016-02-08 15:52:40,409][com.java.TestType] [12216] - --------------------------setting values-----------------------------
[INFO ][2016-02-08 15:52:40,409][com.java.TestType] [12219] - Action Type : CLEARANDENTER
[INFO ][2016-02-08 15:52:42,702][com.java.TestType] [ 6748] - value = naresh.nayini1.00000
[INFO ][2016-02-08 15:52:45,153][com.java.TestType] [12238] -  RESULT true
[INFO ][2016-02-08 15:52:45,153][com.java.TestType] [12355] - ?   P A S S   ?
[DEBUG][2016-02-08 15:52:45,153][com.java.TestType] [12161] - Concept ID:1 :: Step being Executed: 1::2
[INFO ][2016-02-08 15:52:45,153][com.java.TestType] [12199] - dataFields : TXTpassword
[DEBUG][2016-02-08 15:52:45,153][com.java.TestType] [12205] - <In Set values of the page>
[DEBUG][2016-02-08 15:52:45,153][com.java.TestType] [12210] - {Data Fields & Data Values Exist}
[INFO ][2016-02-08 15:52:45,163][com.java.TestType] [12216] - --------------------------setting values-----------------------------
[INFO ][2016-02-08 15:52:45,163][com.java.TestType] [12219] - Action Type : CLEARANDENTER
[INFO ][2016-02-08 15:52:47,414][com.java.TestType] [ 6748] - value = Password1*
[INFO ][2016-02-08 15:52:50,005][com.java.TestType] [12238] -  RESULT true
[INFO ][2016-02-08 15:52:50,005][com.java.TestType] [12355] - ?   P A S S   ?
[DEBUG][2016-02-08 15:52:50,005][com.java.TestType] [12161] - Concept ID:1 :: Step being Executed: 1::3
[ERROR][2016-02-08 15:52:50,005][com.java.TestType] [12194] - Exception: null
[INFO ][2016-02-08 15:52:50,005][com.java.TestType] [12199] - dataFields : XPH//button[@type='submit']
[DEBUG][2016-02-08 15:52:50,005][com.java.TestType] [12205] - <In Set values of the page>
[DEBUG][2016-02-08 15:52:50,005][com.java.TestType] [12210] - {Data Fields & Data Values Exist}
[INFO ][2016-02-08 15:52:50,005][com.java.TestType] [12216] - --------------------------setting values-----------------------------
[INFO ][2016-02-08 15:52:50,005][com.java.TestType] [12219] - Action Type : Click
[INFO ][2016-02-08 15:52:50,005][com.java.TestType] [ 7149] - Field ::XPH//button[@type='submit']
[INFO ][2016-02-08 15:52:50,005][com.java.TestType] [ 6748] - value = 
[INFO ][2016-02-08 15:52:51,005][com.java.TestType] [ 7326] - BEFORE CLICK
[INFO ][2016-02-08 15:52:51,855][com.java.TestType] [ 7334] - Unable to click the object Login
[INFO ][2016-02-08 15:52:51,855][com.java.TestType] [12238] -  RESULT true
[INFO ][2016-02-08 15:52:51,855][com.java.TestType] [12355] - ?   P A S S   ?
[DEBUG][2016-02-08 15:52:51,855][com.java.TestType] [12161] - Concept ID:1 :: Step being Executed: 1::4
[INFO ][2016-02-08 15:52:51,855][com.java.TestType] [12199] - dataFields : LNKLogout
[DEBUG][2016-02-08 15:52:51,855][com.java.TestType] [12205] - <In Set values of the page>
[DEBUG][2016-02-08 15:52:51,855][com.java.TestType] [12210] - {Data Fields & Data Values Exist}
[INFO ][2016-02-08 15:52:51,855][com.java.TestType] [12216] - --------------------------setting values-----------------------------
[INFO ][2016-02-08 15:52:51,855][com.java.TestType] [12219] - Action Type : WaitForElement
[INFO ][2016-02-08 15:52:56,028][com.java.TestType] [12238] -  RESULT true
[INFO ][2016-02-08 15:52:56,028][com.java.TestType] [12355] - ?   P A S S   ?
[DEBUG][2016-02-08 15:52:56,028][com.java.TestType] [12161] - Concept ID:1 :: Step being Executed: 1::15
[INFO ][2016-02-08 15:52:56,028][com.java.TestType] [12199] - dataFields : LNK
[DEBUG][2016-02-08 15:52:56,028][com.java.TestType] [12205] - <In Set values of the page>
[DEBUG][2016-02-08 15:52:56,028][com.java.TestType] [12210] - {Data Fields & Data Values Exist}
[INFO ][2016-02-08 15:52:56,028][com.java.TestType] [12216] - --------------------------setting values-----------------------------
[INFO ][2016-02-08 15:52:56,028][com.java.TestType] [12219] - Action Type : Verify
[INFO ][2016-02-08 15:52:56,028][com.java.TestType] [ 8382] - field= LNK value= Logout
[INFO ][2016-02-08 15:52:56,028][com.java.TestType] [ 6748] - value = Logout
[INFO ][2016-02-08 15:52:56,069][com.java.TestType] [12238] -  RESULT true
[INFO ][2016-02-08 15:52:56,069][com.java.TestType] [12355] - ?   P A S S   ?
[DEBUG][2016-02-08 15:52:56,069][com.java.TestType] [12161] - Concept ID:1 :: Step being Executed: 1::16
[INFO ][2016-02-08 15:52:56,069][com.java.TestType] [12199] - dataFields : BTN
[DEBUG][2016-02-08 15:52:56,069][com.java.TestType] [12205] - <In Set values of the page>
[DEBUG][2016-02-08 15:52:56,069][com.java.TestType] [12210] - {Data Fields & Data Values Exist}
[INFO ][2016-02-08 15:52:56,069][com.java.TestType] [12216] - --------------------------setting values-----------------------------
[INFO ][2016-02-08 15:52:56,069][com.java.TestType] [12219] - Action Type : Verify
[INFO ][2016-02-08 15:52:56,069][com.java.TestType] [ 8382] - field= BTN value= //img[contains(@src,'bdlogo.jpg')]
[INFO ][2016-02-08 15:52:56,069][com.java.TestType] [ 6748] - value = //img[contains(@src,'bdlogo.jpg')]
[INFO ][2016-02-08 15:52:56,139][com.java.TestType] [12238] -  RESULT true
[INFO ][2016-02-08 15:52:56,139][com.java.TestType] [12355] - ?   P A S S   ?
[INFO ][2016-02-08 15:52:56,139][com.java.TestType] [12426] - Looping End......
[INFO ][2016-02-08 15:52:56,139][com.java.SeleniumDriver] [  930] -  RESULT true
[INFO ][2016-02-08 15:52:56,139][com.java.SeleniumDriver] [ 1136] - ?   P A S S   ?
[INFO ][2016-02-08 15:52:56,139][com.java.SeleniumDriver] [  856] - ------------------------------------------
[INFO ][2016-02-08 15:52:56,139][com.java.SeleniumDriver] [  857] - Test case being Executed: 1
[INFO ][2016-02-08 15:52:56,139][com.java.SeleniumDriver] [  869] - Test step:2
[INFO ][2016-02-08 15:52:56,139][com.java.SeleniumDriver] [  881] - Datavalue is----------Concept#2:1-2
[INFO ][2016-02-08 15:52:56,139][com.java.SeleniumDriver] [  905] - DataField : test
[INFO ][2016-02-08 15:52:56,139][com.java.SeleniumDriver] [  907] - DataValue : Concept#2:1-2
[INFO ][2016-02-08 15:52:56,139][com.java.SeleniumDriver] [  913] - <In Set values of the page>
[INFO ][2016-02-08 15:52:56,139][com.java.SeleniumDriver] [  916] - {Data Fields & Data Values Exist}
[INFO ][2016-02-08 15:52:56,139][com.java.SeleniumDriver] [  918] - --------------------------setting values-----------------------------
[INFO ][2016-02-08 15:52:56,139][com.java.SeleniumDriver] [  921] - Action Type : ExecuteTestCase
[INFO ][2016-02-08 15:52:56,139][com.java.TestType] [  448] - The Concept sheet name is ---------- Concept
[INFO ][2016-02-08 15:52:56,139][com.java.TestType] [  451] - The Concept ID  is ---------- 2
[DEBUG][2016-02-08 15:52:56,139][com.java.TestType] [  455] - Steps being executted in the Concept are: 1:2
[INFO ][2016-02-08 15:52:56,139][com.java.TestType] [  462] - Test data details path ---------- D:\BankersDashboard\TestInputs\TestData.xls
[INFO ][2016-02-08 15:52:56,182][com.java.TestType] [  493] -  str(1) = 2
[INFO ][2016-02-08 15:52:56,182][com.java.TestType] [  496] - Test case Id is---2
[INFO ][2016-02-08 15:52:56,182][com.java.TestType] [  498] - 2
[INFO ][2016-02-08 15:52:56,182][com.java.TestType] [  493] -  str(2) = 1
[INFO ][2016-02-08 15:52:56,182][com.java.TestType] [  493] -  str(1) = 2
[INFO ][2016-02-08 15:52:56,182][com.java.TestType] [  496] - Test case Id is---2
[INFO ][2016-02-08 15:52:56,182][com.java.TestType] [  498] - 2
[INFO ][2016-02-08 15:52:56,182][com.java.TestType] [  493] -  str(2) = 2
[INFO ][2016-02-08 15:52:56,182][com.java.TestType] [  493] -  str(1) = 2
[INFO ][2016-02-08 15:52:56,182][com.java.TestType] [  496] - Test case Id is---2
[INFO ][2016-02-08 15:52:56,182][com.java.TestType] [  498] - 2
[INFO ][2016-02-08 15:52:56,182][com.java.TestType] [  493] -  str(2) = 3
[INFO ][2016-02-08 15:52:56,182][com.java.TestType] [12120] - Looping 1TCID = 2
[DEBUG][2016-02-08 15:52:56,182][com.java.TestType] [12161] - Concept ID:2 :: Step being Executed: 2::1
[INFO ][2016-02-08 15:52:56,182][com.java.TestType] [12199] - dataFields : BNK//select[@id='bank']
[DEBUG][2016-02-08 15:52:56,182][com.java.TestType] [12205] - <In Set values of the page>
[DEBUG][2016-02-08 15:52:56,182][com.java.TestType] [12210] - {Data Fields & Data Values Exist}
[INFO ][2016-02-08 15:52:56,182][com.java.TestType] [12216] - --------------------------setting values-----------------------------
[INFO ][2016-02-08 15:52:56,182][com.java.TestType] [12219] - Action Type : Select
[INFO ][2016-02-08 15:52:56,182][com.java.TestType] [ 6748] - value = PFC
[INFO ][2016-02-08 15:52:56,372][com.java.TestType] [12238] -  RESULT true
[INFO ][2016-02-08 15:52:56,372][com.java.TestType] [12355] - ?   P A S S   ?
[DEBUG][2016-02-08 15:52:56,372][com.java.TestType] [12161] - Concept ID:2 :: Step being Executed: 2::2
[INFO ][2016-02-08 15:52:56,372][com.java.TestType] [12199] - dataFields : LNKLogout
[DEBUG][2016-02-08 15:52:56,372][com.java.TestType] [12205] - <In Set values of the page>
[DEBUG][2016-02-08 15:52:56,372][com.java.TestType] [12210] - {Data Fields & Data Values Exist}
[INFO ][2016-02-08 15:52:56,372][com.java.TestType] [12216] - --------------------------setting values-----------------------------
[INFO ][2016-02-08 15:52:56,372][com.java.TestType] [12219] - Action Type : WaitTime
[DEBUG][2016-02-08 15:52:56,372][com.java.TestType] [ 6562] - sleepTime: 5000
[INFO ][2016-02-08 15:53:01,377][com.java.TestType] [12238] -  RESULT true
[INFO ][2016-02-08 15:53:01,377][com.java.TestType] [12355] - ?   P A S S   ?
[INFO ][2016-02-08 15:53:01,377][com.java.TestType] [12426] - Looping End......
[INFO ][2016-02-08 15:53:01,377][com.java.SeleniumDriver] [  930] -  RESULT true
[INFO ][2016-02-08 15:53:01,377][com.java.SeleniumDriver] [ 1136] - ?   P A S S   ?
[INFO ][2016-02-08 15:53:01,377][com.java.SeleniumDriver] [  856] - ------------------------------------------
[INFO ][2016-02-08 15:53:01,377][com.java.SeleniumDriver] [  857] - Test case being Executed: 1
[INFO ][2016-02-08 15:53:01,377][com.java.SeleniumDriver] [  869] - Test step:3
[INFO ][2016-02-08 15:53:01,377][com.java.SeleniumDriver] [  881] - Datavalue is----------2
[INFO ][2016-02-08 15:53:01,377][com.java.SeleniumDriver] [  905] - DataField : XPH//button[contains(text(),'Add Content')]
[INFO ][2016-02-08 15:53:01,377][com.java.SeleniumDriver] [  907] - DataValue : 2
[INFO ][2016-02-08 15:53:01,377][com.java.SeleniumDriver] [  913] - <In Set values of the page>
[INFO ][2016-02-08 15:53:01,377][com.java.SeleniumDriver] [  916] - {Data Fields & Data Values Exist}
[INFO ][2016-02-08 15:53:01,377][com.java.SeleniumDriver] [  918] - --------------------------setting values-----------------------------
[INFO ][2016-02-08 15:53:01,377][com.java.SeleniumDriver] [  921] - Action Type : WAITFORELEMENT
[INFO ][2016-02-08 15:53:01,418][com.java.SeleniumDriver] [  930] -  RESULT true
[INFO ][2016-02-08 15:53:01,418][com.java.SeleniumDriver] [ 1136] - ?   P A S S   ?
[DEBUG][2016-02-08 15:53:01,418][com.java.SeleniumDriver] [ 1248] - Case found
[DEBUG][2016-02-08 15:53:01,418][com.java.SeleniumDriver] [ 1253] - Incrementing ReportCounters[0]:1
[INFO ][2016-02-08 15:53:01,418][com.java.SeleniumDriver] [ 1272] - The results are-------------------[1, 1, Valid Login, Pass, , Mon Feb 08 15:52:56 IST 2016, 1, 2, Valid Login, Pass, , Mon Feb 08 15:53:01 IST 2016, 1, 3, Valid Login, Pass, , Mon Feb 08 15:53:01 IST 2016]
[INFO ][2016-02-08 15:53:01,418][com.java.SeleniumDriver] [ 1276] - End time is-------39 sec
[INFO ][2016-02-08 15:53:01,418][com.java.SeleniumDriver] [ 1277] - The results are-------------------[1, 1, Valid Login, Pass, , Mon Feb 08 15:52:56 IST 2016, 1, 2, Valid Login, Pass, , Mon Feb 08 15:53:01 IST 2016, 1, 3, Valid Login, Pass, , Mon Feb 08 15:53:01 IST 2016]
[DEBUG][2016-02-08 15:53:01,418][com.java.ImportnExport.ExportTestResultsExcel] [  222] - testResultPath = D:\BankersDashboard/TestReports/Test Results_BankersDashBoard_020816_155224_IE10_Any Bank USA.xls
[DEBUG][2016-02-08 15:53:01,418][com.java.ImportnExport.ExportTestResultsExcel] [  223] - browser is------------IE10
[DEBUG][2016-02-08 15:53:01,458][com.java.ImportnExport.ExportTestResultsExcel] [  270] - result.size() = 18
[DEBUG][2016-02-08 15:53:01,458][com.java.ImportnExport.ExportTestResultsExcel] [  274] - No of rows in sheet=1
[DEBUG][2016-02-08 15:53:01,458][com.java.ImportnExport.ExportTestResultsExcel] [  301] - ..in export..1
[DEBUG][2016-02-08 15:53:01,458][com.java.ImportnExport.ExportTestResultsExcel] [  301] - ..in export..Valid Login
[DEBUG][2016-02-08 15:53:01,458][com.java.ImportnExport.ExportTestResultsExcel] [  301] - ..in export..Pass
[DEBUG][2016-02-08 15:53:01,458][com.java.ImportnExport.ExportTestResultsExcel] [  301] - ..in export..
[DEBUG][2016-02-08 15:53:01,458][com.java.ImportnExport.ExportTestResultsExcel] [  301] - ..in export..Mon Feb 08 15:52:56 IST 2016
[INFO ][2016-02-08 15:53:01,468][com.java.SeleniumDriver] [ 1337] - out loop:0 size:3 TestCases:[1, 9, 12] testcases:[1, 9, 12]
[INFO ][2016-02-08 15:53:01,468][com.java.ImportnExport.ImportTestDataDetailsExcel] [   49] - test data details path===== D:\BankersDashboard\TestInputs\TestData.xls
[INFO ][2016-02-08 15:53:24,020][com.java.SeleniumDriver] [  856] - ------------------------------------------
[INFO ][2016-02-08 15:53:24,020][com.java.SeleniumDriver] [  857] - Test case being Executed: 9
[INFO ][2016-02-08 15:53:24,020][com.java.SeleniumDriver] [  869] - Test step:1
[INFO ][2016-02-08 15:53:24,020][com.java.SeleniumDriver] [  881] - Datavalue is----------5
[INFO ][2016-02-08 15:53:24,020][com.java.SeleniumDriver] [  905] - DataField : LNKLogout
[INFO ][2016-02-08 15:53:24,020][com.java.SeleniumDriver] [  907] - DataValue : 5
[INFO ][2016-02-08 15:53:24,020][com.java.SeleniumDriver] [  913] - <In Set values of the page>
[INFO ][2016-02-08 15:53:24,020][com.java.SeleniumDriver] [  916] - {Data Fields & Data Values Exist}
[INFO ][2016-02-08 15:53:24,020][com.java.SeleniumDriver] [  918] - --------------------------setting values-----------------------------
[INFO ][2016-02-08 15:53:24,020][com.java.SeleniumDriver] [  921] - Action Type : WaitForElement
[INFO ][2016-02-08 15:53:24,061][com.java.SeleniumDriver] [  930] -  RESULT true
[INFO ][2016-02-08 15:53:24,061][com.java.SeleniumDriver] [ 1136] - ?   P A S S   ?
[INFO ][2016-02-08 15:53:24,061][com.java.SeleniumDriver] [ 1178] - step change to 3
[INFO ][2016-02-08 15:53:24,061][com.java.SeleniumDriver] [  856] - ------------------------------------------
[INFO ][2016-02-08 15:53:24,061][com.java.SeleniumDriver] [  857] - Test case being Executed: 9
[INFO ][2016-02-08 15:53:24,061][com.java.SeleniumDriver] [  869] - Test step:3
[INFO ][2016-02-08 15:53:24,061][com.java.SeleniumDriver] [  881] - Datavalue is----------Concept#2:1-2
[INFO ][2016-02-08 15:53:24,061][com.java.SeleniumDriver] [  905] - DataField : test
[INFO ][2016-02-08 15:53:24,061][com.java.SeleniumDriver] [  907] - DataValue : Concept#2:1-2
[INFO ][2016-02-08 15:53:24,061][com.java.SeleniumDriver] [  913] - <In Set values of the page>
[INFO ][2016-02-08 15:53:24,061][com.java.SeleniumDriver] [  916] - {Data Fields & Data Values Exist}
[INFO ][2016-02-08 15:53:24,061][com.java.SeleniumDriver] [  918] - --------------------------setting values-----------------------------
[INFO ][2016-02-08 15:53:24,061][com.java.SeleniumDriver] [  921] - Action Type : ExecuteTestCase
[INFO ][2016-02-08 15:53:24,061][com.java.TestType] [  448] - The Concept sheet name is ---------- Concept
[INFO ][2016-02-08 15:53:24,061][com.java.TestType] [  451] - The Concept ID  is ---------- 2
[DEBUG][2016-02-08 15:53:24,061][com.java.TestType] [  455] - Steps being executted in the Concept are: 1:2
[INFO ][2016-02-08 15:53:24,061][com.java.TestType] [  462] - Test data details path ---------- D:\BankersDashboard\TestInputs\TestData.xls
[INFO ][2016-02-08 15:53:24,091][com.java.TestType] [  493] -  str(1) = 2
[INFO ][2016-02-08 15:53:24,091][com.java.TestType] [  496] - Test case Id is---2
[INFO ][2016-02-08 15:53:24,091][com.java.TestType] [  498] - 2
[INFO ][2016-02-08 15:53:24,091][com.java.TestType] [  493] -  str(2) = 1
[INFO ][2016-02-08 15:53:24,101][com.java.TestType] [  493] -  str(1) = 2
[INFO ][2016-02-08 15:53:24,101][com.java.TestType] [  496] - Test case Id is---2
[INFO ][2016-02-08 15:53:24,101][com.java.TestType] [  498] - 2
[INFO ][2016-02-08 15:53:24,101][com.java.TestType] [  493] -  str(2) = 2
[INFO ][2016-02-08 15:53:24,101][com.java.TestType] [  493] -  str(1) = 2
[INFO ][2016-02-08 15:53:24,101][com.java.TestType] [  496] - Test case Id is---2
[INFO ][2016-02-08 15:53:24,101][com.java.TestType] [  498] - 2
[INFO ][2016-02-08 15:53:24,101][com.java.TestType] [  493] -  str(2) = 3
[INFO ][2016-02-08 15:53:24,101][com.java.TestType] [12120] - Looping 1TCID = 2
[DEBUG][2016-02-08 15:53:24,101][com.java.TestType] [12161] - Concept ID:2 :: Step being Executed: 2::1
[INFO ][2016-02-08 15:53:24,101][com.java.TestType] [12199] - dataFields : BNK//select[@id='bank']
[DEBUG][2016-02-08 15:53:24,101][com.java.TestType] [12205] - <In Set values of the page>
[DEBUG][2016-02-08 15:53:24,101][com.java.TestType] [12210] - {Data Fields & Data Values Exist}
[INFO ][2016-02-08 15:53:24,101][com.java.TestType] [12216] - --------------------------setting values-----------------------------
[INFO ][2016-02-08 15:53:24,101][com.java.TestType] [12219] - Action Type : Select
[INFO ][2016-02-08 15:53:24,101][com.java.TestType] [ 6748] - value = PFC
[INFO ][2016-02-08 15:53:24,321][com.java.TestType] [12238] -  RESULT true
[INFO ][2016-02-08 15:53:24,321][com.java.TestType] [12355] - ?   P A S S   ?
[DEBUG][2016-02-08 15:53:24,321][com.java.TestType] [12161] - Concept ID:2 :: Step being Executed: 2::2
[INFO ][2016-02-08 15:53:24,321][com.java.TestType] [12199] - dataFields : LNKLogout
[DEBUG][2016-02-08 15:53:24,321][com.java.TestType] [12205] - <In Set values of the page>
[DEBUG][2016-02-08 15:53:24,321][com.java.TestType] [12210] - {Data Fields & Data Values Exist}
[INFO ][2016-02-08 15:53:24,321][com.java.TestType] [12216] - --------------------------setting values-----------------------------
[INFO ][2016-02-08 15:53:24,321][com.java.TestType] [12219] - Action Type : WaitTime
[DEBUG][2016-02-08 15:53:24,321][com.java.TestType] [ 6562] - sleepTime: 5000
[INFO ][2016-02-08 15:53:29,321][com.java.TestType] [12238] -  RESULT true
[INFO ][2016-02-08 15:53:29,321][com.java.TestType] [12355] - ?   P A S S   ?
[INFO ][2016-02-08 15:53:29,321][com.java.TestType] [12426] - Looping End......
[INFO ][2016-02-08 15:53:29,321][com.java.SeleniumDriver] [  930] -  RESULT true
[INFO ][2016-02-08 15:53:29,321][com.java.SeleniumDriver] [ 1136] - ?   P A S S   ?
[INFO ][2016-02-08 15:53:29,321][com.java.SeleniumDriver] [  856] - ------------------------------------------
[INFO ][2016-02-08 15:53:29,321][com.java.SeleniumDriver] [  857] - Test case being Executed: 9
[INFO ][2016-02-08 15:53:29,321][com.java.SeleniumDriver] [  869] - Test step:4
[INFO ][2016-02-08 15:53:29,321][com.java.SeleniumDriver] [  881] - Datavalue is----------null
[DEBUG][2016-02-08 15:53:29,321][com.java.SeleniumDriver] [  899] - Exception: null
[INFO ][2016-02-08 15:53:29,321][com.java.SeleniumDriver] [  905] - DataField : //span[@class="icon-user4"]&&//a[contains(text(),'A/L Mapping')]&&//a[@data-id="LoanProductCodes"]
[INFO ][2016-02-08 15:53:29,321][com.java.SeleniumDriver] [  907] - DataValue : 
[INFO ][2016-02-08 15:53:29,321][com.java.SeleniumDriver] [  913] - <In Set values of the page>
[INFO ][2016-02-08 15:53:29,321][com.java.SeleniumDriver] [  916] - {Data Fields & Data Values Exist}
[INFO ][2016-02-08 15:53:29,321][com.java.SeleniumDriver] [  918] - --------------------------setting values-----------------------------
[INFO ][2016-02-08 15:53:29,321][com.java.SeleniumDriver] [  921] - Action Type : mouseover
[INFO ][2016-02-08 15:54:14,048][com.java.SeleniumDriver] [  930] -  RESULT true
[INFO ][2016-02-08 15:54:14,048][com.java.SeleniumDriver] [ 1136] - ?   P A S S   ?
[INFO ][2016-02-08 15:54:14,048][com.java.SeleniumDriver] [  856] - ------------------------------------------
[INFO ][2016-02-08 15:54:14,048][com.java.SeleniumDriver] [  857] - Test case being Executed: 9
[INFO ][2016-02-08 15:54:14,048][com.java.SeleniumDriver] [  869] - Test step:5
[INFO ][2016-02-08 15:54:14,048][com.java.SeleniumDriver] [  881] - Datavalue is----------5
[INFO ][2016-02-08 15:54:14,048][com.java.SeleniumDriver] [  905] - DataField : BTNframeDialogContent
[INFO ][2016-02-08 15:54:14,048][com.java.SeleniumDriver] [  907] - DataValue : 5
[INFO ][2016-02-08 15:54:14,048][com.java.SeleniumDriver] [  913] - <In Set values of the page>
[INFO ][2016-02-08 15:54:14,048][com.java.SeleniumDriver] [  916] - {Data Fields & Data Values Exist}
[INFO ][2016-02-08 15:54:14,048][com.java.SeleniumDriver] [  918] - --------------------------setting values-----------------------------
[INFO ][2016-02-08 15:54:14,048][com.java.SeleniumDriver] [  921] - Action Type : waitforelement
[INFO ][2016-02-08 15:54:15,319][com.java.SeleniumDriver] [  930] -  RESULT true
[INFO ][2016-02-08 15:54:15,319][com.java.SeleniumDriver] [ 1136] - ?   P A S S   ?
[INFO ][2016-02-08 15:54:15,319][com.java.SeleniumDriver] [  856] - ------------------------------------------
[INFO ][2016-02-08 15:54:15,319][com.java.SeleniumDriver] [  857] - Test case being Executed: 9
[INFO ][2016-02-08 15:54:15,319][com.java.SeleniumDriver] [  869] - Test step:6
[INFO ][2016-02-08 15:54:15,319][com.java.SeleniumDriver] [  881] - Datavalue is----------Loan Product Codes
[INFO ][2016-02-08 15:54:15,319][com.java.SeleniumDriver] [  905] - DataField : MSG
[INFO ][2016-02-08 15:54:15,319][com.java.SeleniumDriver] [  907] - DataValue : Loan Product Codes
[INFO ][2016-02-08 15:54:15,319][com.java.SeleniumDriver] [  913] - <In Set values of the page>
[INFO ][2016-02-08 15:54:15,319][com.java.SeleniumDriver] [  916] - {Data Fields & Data Values Exist}
[INFO ][2016-02-08 15:54:15,319][com.java.SeleniumDriver] [  918] - --------------------------setting values-----------------------------
[INFO ][2016-02-08 15:54:15,319][com.java.SeleniumDriver] [  921] - Action Type : VERIFY
[INFO ][2016-02-08 15:54:15,319][com.java.TestType] [ 8382] - field= MSG value= Loan Product Codes
[INFO ][2016-02-08 15:54:15,319][com.java.TestType] [ 6748] - value = Loan Product Codes
[DEBUG][2016-02-08 15:54:15,319][com.java.TestType] [ 9245] - value :: Loan Product Codes
[INFO ][2016-02-08 15:54:15,390][com.java.SeleniumDriver] [  930] -  RESULT true
[INFO ][2016-02-08 15:54:15,390][com.java.SeleniumDriver] [ 1136] - ?   P A S S   ?
[INFO ][2016-02-08 15:54:15,390][com.java.SeleniumDriver] [  856] - ------------------------------------------
[INFO ][2016-02-08 15:54:15,390][com.java.SeleniumDriver] [  857] - Test case being Executed: 9
[INFO ][2016-02-08 15:54:15,390][com.java.SeleniumDriver] [  869] - Test step:7
[INFO ][2016-02-08 15:54:15,390][com.java.SeleniumDriver] [  881] - Datavalue is----------null
[DEBUG][2016-02-08 15:54:15,390][com.java.SeleniumDriver] [  899] - Exception: null
[INFO ][2016-02-08 15:54:15,390][com.java.SeleniumDriver] [  905] - DataField : BTNframeDialogContent
[INFO ][2016-02-08 15:54:15,390][com.java.SeleniumDriver] [  907] - DataValue : 
[INFO ][2016-02-08 15:54:15,390][com.java.SeleniumDriver] [  913] - <In Set values of the page>
[INFO ][2016-02-08 15:54:15,390][com.java.SeleniumDriver] [  916] - {Data Fields & Data Values Exist}
[INFO ][2016-02-08 15:54:15,390][com.java.SeleniumDriver] [  918] - --------------------------setting values-----------------------------
[INFO ][2016-02-08 15:54:15,390][com.java.SeleniumDriver] [  921] - Action Type : SELECTFRAME
[INFO ][2016-02-08 15:54:16,671][com.java.SeleniumDriver] [  930] -  RESULT true
[INFO ][2016-02-08 15:54:16,671][com.java.SeleniumDriver] [ 1136] - ?   P A S S   ?
[INFO ][2016-02-08 15:54:16,671][com.java.SeleniumDriver] [  856] - ------------------------------------------
[INFO ][2016-02-08 15:54:16,671][com.java.SeleniumDriver] [  857] - Test case being Executed: 9
[INFO ][2016-02-08 15:54:16,671][com.java.SeleniumDriver] [  869] - Test step:8
[INFO ][2016-02-08 15:54:16,671][com.java.SeleniumDriver] [  881] - Datavalue is----------index:3
[INFO ][2016-02-08 15:54:16,671][com.java.SeleniumDriver] [  905] - DataField : COBddlLoanProductCodes
[INFO ][2016-02-08 15:54:16,671][com.java.SeleniumDriver] [  907] - DataValue : index:3
[INFO ][2016-02-08 15:54:16,671][com.java.SeleniumDriver] [  913] - <In Set values of the page>
[INFO ][2016-02-08 15:54:16,671][com.java.SeleniumDriver] [  916] - {Data Fields & Data Values Exist}
[INFO ][2016-02-08 15:54:16,671][com.java.SeleniumDriver] [  918] - --------------------------setting values-----------------------------
[INFO ][2016-02-08 15:54:16,671][com.java.SeleniumDriver] [  921] - Action Type : SELECT
[INFO ][2016-02-08 15:54:16,671][com.java.TestType] [ 6748] - value = 3
[INFO ][2016-02-08 15:54:17,812][com.java.TestType] [ 6888] -  In COB ddlLoanProductCodes : 3
[INFO ][2016-02-08 15:54:18,102][com.java.SeleniumDriver] [  930] -  RESULT true
[INFO ][2016-02-08 15:54:18,102][com.java.SeleniumDriver] [ 1136] - ?   P A S S   ?
[INFO ][2016-02-08 15:54:18,102][com.java.SeleniumDriver] [  856] - ------------------------------------------
[INFO ][2016-02-08 15:54:18,102][com.java.SeleniumDriver] [  857] - Test case being Executed: 9
[INFO ][2016-02-08 15:54:18,102][com.java.SeleniumDriver] [  869] - Test step:9
[INFO ][2016-02-08 15:54:18,102][com.java.SeleniumDriver] [  881] - Datavalue is----------2
[INFO ][2016-02-08 15:54:18,102][com.java.SeleniumDriver] [  905] - DataField : test
[INFO ][2016-02-08 15:54:18,102][com.java.SeleniumDriver] [  907] - DataValue : 2
[INFO ][2016-02-08 15:54:18,102][com.java.SeleniumDriver] [  913] - <In Set values of the page>
[INFO ][2016-02-08 15:54:18,102][com.java.SeleniumDriver] [  916] - {Data Fields & Data Values Exist}
[INFO ][2016-02-08 15:54:18,102][com.java.SeleniumDriver] [  918] - --------------------------setting values-----------------------------
[INFO ][2016-02-08 15:54:18,102][com.java.SeleniumDriver] [  921] - Action Type : WaitTime
[DEBUG][2016-02-08 15:54:18,102][com.java.TestType] [ 6562] - sleepTime: 2000
[INFO ][2016-02-08 15:54:20,102][com.java.SeleniumDriver] [  930] -  RESULT true
[INFO ][2016-02-08 15:54:20,102][com.java.SeleniumDriver] [ 1136] - ?   P A S S   ?
[INFO ][2016-02-08 15:54:20,102][com.java.SeleniumDriver] [  856] - ------------------------------------------
[INFO ][2016-02-08 15:54:20,102][com.java.SeleniumDriver] [  857] - Test case being Executed: 9
[INFO ][2016-02-08 15:54:20,102][com.java.SeleniumDriver] [  869] - Test step:10
[INFO ][2016-02-08 15:54:20,102][com.java.SeleniumDriver] [  881] - Datavalue is----------SelectedLPC
[INFO ][2016-02-08 15:54:20,102][com.java.SeleniumDriver] [  905] - DataField : SLBddlLoanProductCodes
[INFO ][2016-02-08 15:54:20,102][com.java.SeleniumDriver] [  907] - DataValue : SelectedLPC
[INFO ][2016-02-08 15:54:20,102][com.java.SeleniumDriver] [  913] - <In Set values of the page>
[INFO ][2016-02-08 15:54:20,102][com.java.SeleniumDriver] [  916] - {Data Fields & Data Values Exist}
[INFO ][2016-02-08 15:54:20,102][com.java.SeleniumDriver] [  918] - --------------------------setting values-----------------------------
[INFO ][2016-02-08 15:54:20,102][com.java.SeleniumDriver] [  921] - Action Type : storevalue
[INFO ][2016-02-08 15:54:20,102][com.java.TestType] [ 9885] - field= SLBddlLoanProductCodes
[INFO ][2016-02-08 15:54:21,394][com.java.SeleniumDriver] [  930] -  RESULT true
[INFO ][2016-02-08 15:54:21,394][com.java.SeleniumDriver] [ 1136] - ?   P A S S   ?
[INFO ][2016-02-08 15:54:21,394][com.java.SeleniumDriver] [  856] - ------------------------------------------
[INFO ][2016-02-08 15:54:21,394][com.java.SeleniumDriver] [  857] - Test case being Executed: 9
[INFO ][2016-02-08 15:54:21,394][com.java.SeleniumDriver] [  869] - Test step:11
[INFO ][2016-02-08 15:54:21,394][com.java.SeleniumDriver] [  881] - Datavalue is----------null
[DEBUG][2016-02-08 15:54:21,394][com.java.SeleniumDriver] [  899] - Exception: null
[INFO ][2016-02-08 15:54:21,394][com.java.SeleniumDriver] [  905] - DataField : BTNbtnModify
[INFO ][2016-02-08 15:54:21,394][com.java.SeleniumDriver] [  907] - DataValue : 
[INFO ][2016-02-08 15:54:21,394][com.java.SeleniumDriver] [  913] - <In Set values of the page>
[INFO ][2016-02-08 15:54:21,394][com.java.SeleniumDriver] [  916] - {Data Fields & Data Values Exist}
[INFO ][2016-02-08 15:54:21,394][com.java.SeleniumDriver] [  918] - --------------------------setting values-----------------------------
[INFO ][2016-02-08 15:54:21,394][com.java.SeleniumDriver] [  921] - Action Type : click
[INFO ][2016-02-08 15:54:21,394][com.java.TestType] [ 7149] - Field ::BTNbtnModify
[INFO ][2016-02-08 15:54:21,394][com.java.TestType] [ 6748] - value = 
[INFO ][2016-02-08 15:54:22,394][com.java.TestType] [ 7305] - BEFORE CLICK
[INFO ][2016-02-08 15:54:23,675][com.java.TestType] [ 7312] - Unable to click the object Modify button
[INFO ][2016-02-08 15:54:23,675][com.java.SeleniumDriver] [  930] -  RESULT true
[INFO ][2016-02-08 15:54:23,675][com.java.SeleniumDriver] [ 1136] - ?   P A S S   ?
[INFO ][2016-02-08 15:54:23,675][com.java.SeleniumDriver] [  856] - ------------------------------------------
[INFO ][2016-02-08 15:54:23,675][com.java.SeleniumDriver] [  857] - Test case being Executed: 9
[INFO ][2016-02-08 15:54:23,675][com.java.SeleniumDriver] [  869] - Test step:12
[INFO ][2016-02-08 15:54:23,675][com.java.SeleniumDriver] [  881] - Datavalue is----------10
[INFO ][2016-02-08 15:54:23,675][com.java.SeleniumDriver] [  905] - DataField : DSPtxtDescription
[INFO ][2016-02-08 15:54:23,675][com.java.SeleniumDriver] [  907] - DataValue : 10
[INFO ][2016-02-08 15:54:23,675][com.java.SeleniumDriver] [  913] - <In Set values of the page>
[INFO ][2016-02-08 15:54:23,675][com.java.SeleniumDriver] [  916] - {Data Fields & Data Values Exist}
[INFO ][2016-02-08 15:54:23,675][com.java.SeleniumDriver] [  918] - --------------------------setting values-----------------------------
[INFO ][2016-02-08 15:54:23,675][com.java.SeleniumDriver] [  921] - Action Type : waitforelement
[INFO ][2016-02-08 15:54:24,806][com.java.SeleniumDriver] [  930] -  RESULT true
[INFO ][2016-02-08 15:54:24,806][com.java.SeleniumDriver] [ 1136] - ?   P A S S   ?
[INFO ][2016-02-08 15:54:24,806][com.java.SeleniumDriver] [  856] - ------------------------------------------
[INFO ][2016-02-08 15:54:24,806][com.java.SeleniumDriver] [  857] - Test case being Executed: 9
[INFO ][2016-02-08 15:54:24,806][com.java.SeleniumDriver] [  869] - Test step:13
[INFO ][2016-02-08 15:54:24,806][com.java.SeleniumDriver] [  881] - Datavalue is----------10
[INFO ][2016-02-08 15:54:24,806][com.java.SeleniumDriver] [  905] - DataField : test
[INFO ][2016-02-08 15:54:24,806][com.java.SeleniumDriver] [  907] - DataValue : 10
[INFO ][2016-02-08 15:54:24,806][com.java.SeleniumDriver] [  913] - <In Set values of the page>
[INFO ][2016-02-08 15:54:24,806][com.java.SeleniumDriver] [  916] - {Data Fields & Data Values Exist}
[INFO ][2016-02-08 15:54:24,806][com.java.SeleniumDriver] [  918] - --------------------------setting values-----------------------------
[INFO ][2016-02-08 15:54:24,806][com.java.SeleniumDriver] [  921] - Action Type : WaitTime
[DEBUG][2016-02-08 15:54:24,806][com.java.TestType] [ 6562] - sleepTime: 10000
[INFO ][2016-02-08 15:54:34,810][com.java.SeleniumDriver] [  930] -  RESULT true
[INFO ][2016-02-08 15:54:34,810][com.java.SeleniumDriver] [ 1136] - ?   P A S S   ?
[INFO ][2016-02-08 15:54:34,810][com.java.SeleniumDriver] [  856] - ------------------------------------------
[INFO ][2016-02-08 15:54:34,810][com.java.SeleniumDriver] [  857] - Test case being Executed: 9
[INFO ][2016-02-08 15:54:34,810][com.java.SeleniumDriver] [  869] - Test step:14
[INFO ][2016-02-08 15:54:34,810][com.java.SeleniumDriver] [  881] - Datavalue is----------Rollbackvalue
[INFO ][2016-02-08 15:54:34,810][com.java.SeleniumDriver] [  905] - DataField : SLBddlGLAccount
[INFO ][2016-02-08 15:54:34,810][com.java.SeleniumDriver] [  907] - DataValue : Rollbackvalue
[INFO ][2016-02-08 15:54:34,810][com.java.SeleniumDriver] [  913] - <In Set values of the page>
[INFO ][2016-02-08 15:54:34,810][com.java.SeleniumDriver] [  916] - {Data Fields & Data Values Exist}
[INFO ][2016-02-08 15:54:34,810][com.java.SeleniumDriver] [  918] - --------------------------setting values-----------------------------
[INFO ][2016-02-08 15:54:34,810][com.java.SeleniumDriver] [  921] - Action Type : STOREVALUE
[INFO ][2016-02-08 15:54:34,810][com.java.TestType] [ 9885] - field= SLBddlGLAccount
[INFO ][2016-02-08 15:54:36,142][com.java.SeleniumDriver] [  930] -  RESULT true
[INFO ][2016-02-08 15:54:36,142][com.java.SeleniumDriver] [ 1136] - ?   P A S S   ?
[INFO ][2016-02-08 15:54:36,142][com.java.SeleniumDriver] [  856] - ------------------------------------------
[INFO ][2016-02-08 15:54:36,142][com.java.SeleniumDriver] [  857] - Test case being Executed: 9
[INFO ][2016-02-08 15:54:36,142][com.java.SeleniumDriver] [  869] - Test step:15
[INFO ][2016-02-08 15:54:36,142][com.java.SeleniumDriver] [  881] - Datavalue is----------2
[INFO ][2016-02-08 15:54:36,142][com.java.SeleniumDriver] [  905] - DataField : test
[INFO ][2016-02-08 15:54:36,142][com.java.SeleniumDriver] [  907] - DataValue : 2
[INFO ][2016-02-08 15:54:36,142][com.java.SeleniumDriver] [  913] - <In Set values of the page>
[INFO ][2016-02-08 15:54:36,142][com.java.SeleniumDriver] [  916] - {Data Fields & Data Values Exist}
[INFO ][2016-02-08 15:54:36,142][com.java.SeleniumDriver] [  918] - --------------------------setting values-----------------------------
[INFO ][2016-02-08 15:54:36,142][com.java.SeleniumDriver] [  921] - Action Type : WaitTime
[DEBUG][2016-02-08 15:54:36,142][com.java.TestType] [ 6562] - sleepTime: 2000
[INFO ][2016-02-08 15:54:38,142][com.java.SeleniumDriver] [  930] -  RESULT true
[INFO ][2016-02-08 15:54:38,142][com.java.SeleniumDriver] [ 1136] - ?   P A S S   ?
[INFO ][2016-02-08 15:54:38,142][com.java.SeleniumDriver] [  856] - ------------------------------------------
[INFO ][2016-02-08 15:54:38,142][com.java.SeleniumDriver] [  857] - Test case being Executed: 9
[INFO ][2016-02-08 15:54:38,142][com.java.SeleniumDriver] [  869] - Test step:16
[INFO ][2016-02-08 15:54:38,142][com.java.SeleniumDriver] [  881] - Datavalue is----------index:3
[INFO ][2016-02-08 15:54:38,142][com.java.SeleniumDriver] [  905] - DataField : COBddlGLAccount
[INFO ][2016-02-08 15:54:38,142][com.java.SeleniumDriver] [  907] - DataValue : index:3
[INFO ][2016-02-08 15:54:38,142][com.java.SeleniumDriver] [  913] - <In Set values of the page>
[INFO ][2016-02-08 15:54:38,142][com.java.SeleniumDriver] [  916] - {Data Fields & Data Values Exist}
[INFO ][2016-02-08 15:54:38,142][com.java.SeleniumDriver] [  918] - --------------------------setting values-----------------------------
[INFO ][2016-02-08 15:54:38,142][com.java.SeleniumDriver] [  921] - Action Type : SELECT
[INFO ][2016-02-08 15:54:38,142][com.java.TestType] [ 6748] - value = 3
[INFO ][2016-02-08 15:54:39,264][com.java.TestType] [ 6888] -  In COB ddlGLAccount : 3
[INFO ][2016-02-08 15:54:39,434][com.java.SeleniumDriver] [  930] -  RESULT true
[INFO ][2016-02-08 15:54:39,434][com.java.SeleniumDriver] [ 1136] - ?   P A S S   ?
[INFO ][2016-02-08 15:54:39,434][com.java.SeleniumDriver] [  856] - ------------------------------------------
[INFO ][2016-02-08 15:54:39,434][com.java.SeleniumDriver] [  857] - Test case being Executed: 9
[INFO ][2016-02-08 15:54:39,434][com.java.SeleniumDriver] [  869] - Test step:17
[INFO ][2016-02-08 15:54:39,434][com.java.SeleniumDriver] [  881] - Datavalue is----------2
[INFO ][2016-02-08 15:54:39,434][com.java.SeleniumDriver] [  905] - DataField : test
[INFO ][2016-02-08 15:54:39,434][com.java.SeleniumDriver] [  907] - DataValue : 2
[INFO ][2016-02-08 15:54:39,434][com.java.SeleniumDriver] [  913] - <In Set values of the page>
[INFO ][2016-02-08 15:54:39,434][com.java.SeleniumDriver] [  916] - {Data Fields & Data Values Exist}
[INFO ][2016-02-08 15:54:39,434][com.java.SeleniumDriver] [  918] - --------------------------setting values-----------------------------
[INFO ][2016-02-08 15:54:39,434][com.java.SeleniumDriver] [  921] - Action Type : WaitTime
[DEBUG][2016-02-08 15:54:39,434][com.java.TestType] [ 6562] - sleepTime: 2000
[INFO ][2016-02-08 15:54:41,434][com.java.SeleniumDriver] [  930] -  RESULT true
[INFO ][2016-02-08 15:54:41,434][com.java.SeleniumDriver] [ 1136] - ?   P A S S   ?
[INFO ][2016-02-08 15:54:41,434][com.java.SeleniumDriver] [  856] - ------------------------------------------
[INFO ][2016-02-08 15:54:41,434][com.java.SeleniumDriver] [  857] - Test case being Executed: 9
[INFO ][2016-02-08 15:54:41,434][com.java.SeleniumDriver] [  869] - Test step:18
[INFO ][2016-02-08 15:54:41,434][com.java.SeleniumDriver] [  881] - Datavalue is----------SelectedGLCode
[INFO ][2016-02-08 15:54:41,434][com.java.SeleniumDriver] [  905] - DataField : SLBddlGLAccount
[INFO ][2016-02-08 15:54:41,434][com.java.SeleniumDriver] [  907] - DataValue : SelectedGLCode
[INFO ][2016-02-08 15:54:41,434][com.java.SeleniumDriver] [  913] - <In Set values of the page>
[INFO ][2016-02-08 15:54:41,434][com.java.SeleniumDriver] [  916] - {Data Fields & Data Values Exist}
[INFO ][2016-02-08 15:54:41,434][com.java.SeleniumDriver] [  918] - --------------------------setting values-----------------------------
[INFO ][2016-02-08 15:54:41,434][com.java.SeleniumDriver] [  921] - Action Type : storevalue
[INFO ][2016-02-08 15:54:41,434][com.java.TestType] [ 9885] - field= SLBddlGLAccount
[INFO ][2016-02-08 15:54:42,756][com.java.SeleniumDriver] [  930] -  RESULT true
[INFO ][2016-02-08 15:54:42,756][com.java.SeleniumDriver] [ 1136] - ?   P A S S   ?
[INFO ][2016-02-08 15:54:42,756][com.java.SeleniumDriver] [  856] - ------------------------------------------
[INFO ][2016-02-08 15:54:42,756][com.java.SeleniumDriver] [  857] - Test case being Executed: 9
[INFO ][2016-02-08 15:54:42,756][com.java.SeleniumDriver] [  869] - Test step:19
[INFO ][2016-02-08 15:54:42,756][com.java.SeleniumDriver] [  881] - Datavalue is----------null
[DEBUG][2016-02-08 15:54:42,756][com.java.SeleniumDriver] [  899] - Exception: null
[INFO ][2016-02-08 15:54:42,756][com.java.SeleniumDriver] [  905] - DataField : BTNparent
[INFO ][2016-02-08 15:54:42,756][com.java.SeleniumDriver] [  907] - DataValue : 
[INFO ][2016-02-08 15:54:42,756][com.java.SeleniumDriver] [  913] - <In Set values of the page>
[INFO ][2016-02-08 15:54:42,756][com.java.SeleniumDriver] [  916] - {Data Fields & Data Values Exist}
[INFO ][2016-02-08 15:54:42,756][com.java.SeleniumDriver] [  918] - --------------------------setting values-----------------------------
[INFO ][2016-02-08 15:54:42,756][com.java.SeleniumDriver] [  921] - Action Type : SELECTFRAME
[INFO ][2016-02-08 15:54:42,766][com.java.SeleniumDriver] [  930] -  RESULT true
[INFO ][2016-02-08 15:54:42,766][com.java.SeleniumDriver] [ 1136] - ?   P A S S   ?
[INFO ][2016-02-08 15:54:42,766][com.java.SeleniumDriver] [  856] - ------------------------------------------
[INFO ][2016-02-08 15:54:42,766][com.java.SeleniumDriver] [  857] - Test case being Executed: 9
[INFO ][2016-02-08 15:54:42,766][com.java.SeleniumDriver] [  869] - Test step:20
[INFO ][2016-02-08 15:54:42,766][com.java.SeleniumDriver] [  881] - Datavalue is----------null
[DEBUG][2016-02-08 15:54:42,766][com.java.SeleniumDriver] [  899] - Exception: null
[INFO ][2016-02-08 15:54:42,766][com.java.SeleniumDriver] [  905] - DataField : XPH//span[contains(text(),'Finished')]
[INFO ][2016-02-08 15:54:42,766][com.java.SeleniumDriver] [  907] - DataValue : 
[INFO ][2016-02-08 15:54:42,766][com.java.SeleniumDriver] [  913] - <In Set values of the page>
[INFO ][2016-02-08 15:54:42,766][com.java.SeleniumDriver] [  916] - {Data Fields & Data Values Exist}
[INFO ][2016-02-08 15:54:42,766][com.java.SeleniumDriver] [  918] - --------------------------setting values-----------------------------
[INFO ][2016-02-08 15:54:42,766][com.java.SeleniumDriver] [  921] - Action Type : click
[INFO ][2016-02-08 15:54:42,766][com.java.TestType] [ 7149] - Field ::XPH//span[contains(text(),'Finished')]
[INFO ][2016-02-08 15:54:42,766][com.java.TestType] [ 6748] - value = 
[INFO ][2016-02-08 15:54:43,766][com.java.TestType] [ 7326] - BEFORE CLICK
[INFO ][2016-02-08 15:54:44,661][com.java.TestType] [ 7334] - Unable to click the object Finished button
[INFO ][2016-02-08 15:54:44,661][com.java.SeleniumDriver] [  930] -  RESULT true
[INFO ][2016-02-08 15:54:44,661][com.java.SeleniumDriver] [ 1136] - ?   P A S S   ?
[INFO ][2016-02-08 15:54:44,661][com.java.SeleniumDriver] [  856] - ------------------------------------------
[INFO ][2016-02-08 15:54:44,661][com.java.SeleniumDriver] [  857] - Test case being Executed: 9
[INFO ][2016-02-08 15:54:44,661][com.java.SeleniumDriver] [  869] - Test step:21
[INFO ][2016-02-08 15:54:44,661][com.java.SeleniumDriver] [  881] - Datavalue is----------5
[INFO ][2016-02-08 15:54:44,661][com.java.SeleniumDriver] [  905] - DataField : BTNframeDialogContent
[INFO ][2016-02-08 15:54:44,661][com.java.SeleniumDriver] [  907] - DataValue : 5
[INFO ][2016-02-08 15:54:44,661][com.java.SeleniumDriver] [  913] - <In Set values of the page>
[INFO ][2016-02-08 15:54:44,661][com.java.SeleniumDriver] [  916] - {Data Fields & Data Values Exist}
[INFO ][2016-02-08 15:54:44,661][com.java.SeleniumDriver] [  918] - --------------------------setting values-----------------------------
[INFO ][2016-02-08 15:54:44,661][com.java.SeleniumDriver] [  921] - Action Type : waitforelement
[INFO ][2016-02-08 15:54:45,902][com.java.SeleniumDriver] [  930] -  RESULT true
[INFO ][2016-02-08 15:54:45,902][com.java.SeleniumDriver] [ 1136] - ?   P A S S   ?
[INFO ][2016-02-08 15:54:45,902][com.java.SeleniumDriver] [  856] - ------------------------------------------
[INFO ][2016-02-08 15:54:45,902][com.java.SeleniumDriver] [  857] - Test case being Executed: 9
[INFO ][2016-02-08 15:54:45,902][com.java.SeleniumDriver] [  869] - Test step:22
[INFO ][2016-02-08 15:54:45,902][com.java.SeleniumDriver] [  881] - Datavalue is----------null
[DEBUG][2016-02-08 15:54:45,902][com.java.SeleniumDriver] [  899] - Exception: null
[INFO ][2016-02-08 15:54:45,902][com.java.SeleniumDriver] [  905] - DataField : BTNframeDialogContent
[INFO ][2016-02-08 15:54:45,902][com.java.SeleniumDriver] [  907] - DataValue : 
[INFO ][2016-02-08 15:54:45,902][com.java.SeleniumDriver] [  913] - <In Set values of the page>
[INFO ][2016-02-08 15:54:45,902][com.java.SeleniumDriver] [  916] - {Data Fields & Data Values Exist}
[INFO ][2016-02-08 15:54:45,902][com.java.SeleniumDriver] [  918] - --------------------------setting values-----------------------------
[INFO ][2016-02-08 15:54:45,902][com.java.SeleniumDriver] [  921] - Action Type : SELECTFRAME
[INFO ][2016-02-08 15:54:47,154][com.java.SeleniumDriver] [  930] -  RESULT true
[INFO ][2016-02-08 15:54:47,154][com.java.SeleniumDriver] [ 1136] - ?   P A S S   ?
[INFO ][2016-02-08 15:54:47,154][com.java.SeleniumDriver] [  856] - ------------------------------------------
[INFO ][2016-02-08 15:54:47,154][com.java.SeleniumDriver] [  857] - Test case being Executed: 9
[INFO ][2016-02-08 15:54:47,154][com.java.SeleniumDriver] [  869] - Test step:23
[INFO ][2016-02-08 15:54:47,154][com.java.SeleniumDriver] [  881] - Datavalue is----------10
[INFO ][2016-02-08 15:54:47,154][com.java.SeleniumDriver] [  905] - DataField : test
[INFO ][2016-02-08 15:54:47,154][com.java.SeleniumDriver] [  907] - DataValue : 10
[INFO ][2016-02-08 15:54:47,154][com.java.SeleniumDriver] [  913] - <In Set values of the page>
[INFO ][2016-02-08 15:54:47,154][com.java.SeleniumDriver] [  916] - {Data Fields & Data Values Exist}
[INFO ][2016-02-08 15:54:47,154][com.java.SeleniumDriver] [  918] - --------------------------setting values-----------------------------
[INFO ][2016-02-08 15:54:47,154][com.java.SeleniumDriver] [  921] - Action Type : WaitTime
[DEBUG][2016-02-08 15:54:47,154][com.java.TestType] [ 6562] - sleepTime: 10000
[INFO ][2016-02-08 15:54:57,154][com.java.SeleniumDriver] [  930] -  RESULT true
[INFO ][2016-02-08 15:54:57,154][com.java.SeleniumDriver] [ 1136] - ?   P A S S   ?
[INFO ][2016-02-08 15:54:57,154][com.java.SeleniumDriver] [  856] - ------------------------------------------
[INFO ][2016-02-08 15:54:57,154][com.java.SeleniumDriver] [  857] - Test case being Executed: 9
[INFO ][2016-02-08 15:54:57,154][com.java.SeleniumDriver] [  869] - Test step:24
[INFO ][2016-02-08 15:54:57,154][com.java.SeleniumDriver] [  881] - Datavalue is----------5
[INFO ][2016-02-08 15:54:57,154][com.java.SeleniumDriver] [  905] - DataField : BTNbtnModify
[INFO ][2016-02-08 15:54:57,154][com.java.SeleniumDriver] [  907] - DataValue : 5
[INFO ][2016-02-08 15:54:57,154][com.java.SeleniumDriver] [  913] - <In Set values of the page>
[INFO ][2016-02-08 15:54:57,154][com.java.SeleniumDriver] [  916] - {Data Fields & Data Values Exist}
[INFO ][2016-02-08 15:54:57,154][com.java.SeleniumDriver] [  918] - --------------------------setting values-----------------------------
[INFO ][2016-02-08 15:54:57,154][com.java.SeleniumDriver] [  921] - Action Type : waitforelement
[INFO ][2016-02-08 15:54:58,225][com.java.SeleniumDriver] [  930] -  RESULT true
[INFO ][2016-02-08 15:54:58,225][com.java.SeleniumDriver] [ 1136] - ?   P A S S   ?
[INFO ][2016-02-08 15:54:58,225][com.java.SeleniumDriver] [  856] - ------------------------------------------
[INFO ][2016-02-08 15:54:58,225][com.java.SeleniumDriver] [  857] - Test case being Executed: 9
[INFO ][2016-02-08 15:54:58,225][com.java.SeleniumDriver] [  869] - Test step:25
[INFO ][2016-02-08 15:54:58,225][com.java.SeleniumDriver] [  881] - Datavalue is----------5
[INFO ][2016-02-08 15:54:58,225][com.java.SeleniumDriver] [  905] - DataField : DSPddlLoanProductCodes
[INFO ][2016-02-08 15:54:58,225][com.java.SeleniumDriver] [  907] - DataValue : 5
[INFO ][2016-02-08 15:54:58,225][com.java.SeleniumDriver] [  913] - <In Set values of the page>
[INFO ][2016-02-08 15:54:58,225][com.java.SeleniumDriver] [  916] - {Data Fields & Data Values Exist}
[INFO ][2016-02-08 15:54:58,225][com.java.SeleniumDriver] [  918] - --------------------------setting values-----------------------------
[INFO ][2016-02-08 15:54:58,225][com.java.SeleniumDriver] [  921] - Action Type : waitforelement
[INFO ][2016-02-08 15:54:59,357][com.java.SeleniumDriver] [  930] -  RESULT true
[INFO ][2016-02-08 15:54:59,357][com.java.SeleniumDriver] [ 1136] - ?   P A S S   ?
[INFO ][2016-02-08 15:54:59,357][com.java.SeleniumDriver] [  856] - ------------------------------------------
[INFO ][2016-02-08 15:54:59,357][com.java.SeleniumDriver] [  857] - Test case being Executed: 9
[INFO ][2016-02-08 15:54:59,357][com.java.SeleniumDriver] [  869] - Test step:26
[INFO ][2016-02-08 15:54:59,357][com.java.SeleniumDriver] [  881] - Datavalue is----------HMVSelectedLPC
[INFO ][2016-02-08 15:54:59,357][com.java.SeleniumDriver] [  905] - DataField : SLBddlLoanProductCodes
[INFO ][2016-02-08 15:54:59,357][com.java.SeleniumDriver] [  907] - DataValue : HMVSelectedLPC
[INFO ][2016-02-08 15:54:59,357][com.java.SeleniumDriver] [  913] - <In Set values of the page>
[INFO ][2016-02-08 15:54:59,357][com.java.SeleniumDriver] [  916] - {Data Fields & Data Values Exist}
[INFO ][2016-02-08 15:54:59,357][com.java.SeleniumDriver] [  918] - --------------------------setting values-----------------------------
[INFO ][2016-02-08 15:54:59,357][com.java.SeleniumDriver] [  921] - Action Type : SELECT
[INFO ][2016-02-08 15:54:59,357][com.java.TestType] [ 6748] - value = Consum R/E-Variable
[INFO ][2016-02-08 15:55:01,738][com.java.SeleniumDriver] [  930] -  RESULT true
[INFO ][2016-02-08 15:55:01,738][com.java.SeleniumDriver] [ 1136] - ?   P A S S   ?
[INFO ][2016-02-08 15:55:01,738][com.java.SeleniumDriver] [  856] - ------------------------------------------
[INFO ][2016-02-08 15:55:01,738][com.java.SeleniumDriver] [  857] - Test case being Executed: 9
[INFO ][2016-02-08 15:55:01,738][com.java.SeleniumDriver] [  869] - Test step:27
[INFO ][2016-02-08 15:55:01,738][com.java.SeleniumDriver] [  881] - Datavalue is----------10
[INFO ][2016-02-08 15:55:01,738][com.java.SeleniumDriver] [  905] - DataField : test
[INFO ][2016-02-08 15:55:01,738][com.java.SeleniumDriver] [  907] - DataValue : 10
[INFO ][2016-02-08 15:55:01,738][com.java.SeleniumDriver] [  913] - <In Set values of the page>
[INFO ][2016-02-08 15:55:01,738][com.java.SeleniumDriver] [  916] - {Data Fields & Data Values Exist}
[INFO ][2016-02-08 15:55:01,738][com.java.SeleniumDriver] [  918] - --------------------------setting values-----------------------------
[INFO ][2016-02-08 15:55:01,738][com.java.SeleniumDriver] [  921] - Action Type : WaitTime
[DEBUG][2016-02-08 15:55:01,738][com.java.TestType] [ 6562] - sleepTime: 10000
[INFO ][2016-02-08 15:55:11,738][com.java.SeleniumDriver] [  930] -  RESULT true
[INFO ][2016-02-08 15:55:11,738][com.java.SeleniumDriver] [ 1136] - ?   P A S S   ?
[INFO ][2016-02-08 15:55:11,738][com.java.SeleniumDriver] [  856] - ------------------------------------------
[INFO ][2016-02-08 15:55:11,738][com.java.SeleniumDriver] [  857] - Test case being Executed: 9
[INFO ][2016-02-08 15:55:11,738][com.java.SeleniumDriver] [  869] - Test step:28
[INFO ][2016-02-08 15:55:11,738][com.java.SeleniumDriver] [  881] - Datavalue is----------null
[DEBUG][2016-02-08 15:55:11,738][com.java.SeleniumDriver] [  899] - Exception: null
[INFO ][2016-02-08 15:55:11,738][com.java.SeleniumDriver] [  905] - DataField : BTNbtnModify
[INFO ][2016-02-08 15:55:11,738][com.java.SeleniumDriver] [  907] - DataValue : 
[INFO ][2016-02-08 15:55:11,738][com.java.SeleniumDriver] [  913] - <In Set values of the page>
[INFO ][2016-02-08 15:55:11,738][com.java.SeleniumDriver] [  916] - {Data Fields & Data Values Exist}
[INFO ][2016-02-08 15:55:11,738][com.java.SeleniumDriver] [  918] - --------------------------setting values-----------------------------
[INFO ][2016-02-08 15:55:11,738][com.java.SeleniumDriver] [  921] - Action Type : click
[INFO ][2016-02-08 15:55:11,738][com.java.TestType] [ 7149] - Field ::BTNbtnModify
[INFO ][2016-02-08 15:55:11,738][com.java.TestType] [ 6748] - value = 
[INFO ][2016-02-08 15:55:12,739][com.java.TestType] [ 7305] - BEFORE CLICK
[INFO ][2016-02-08 15:55:13,970][com.java.TestType] [ 7312] - Unable to click the object Modify button
[INFO ][2016-02-08 15:55:13,970][com.java.SeleniumDriver] [  930] -  RESULT true
[INFO ][2016-02-08 15:55:13,970][com.java.SeleniumDriver] [ 1136] - ?   P A S S   ?
[INFO ][2016-02-08 15:55:13,970][com.java.SeleniumDriver] [  856] - ------------------------------------------
[INFO ][2016-02-08 15:55:13,970][com.java.SeleniumDriver] [  857] - Test case being Executed: 9
[INFO ][2016-02-08 15:55:13,970][com.java.SeleniumDriver] [  869] - Test step:29
[INFO ][2016-02-08 15:55:13,970][com.java.SeleniumDriver] [  881] - Datavalue is----------10
[INFO ][2016-02-08 15:55:13,970][com.java.SeleniumDriver] [  905] - DataField : DSPddlGLAccount
[INFO ][2016-02-08 15:55:13,970][com.java.SeleniumDriver] [  907] - DataValue : 10
[INFO ][2016-02-08 15:55:13,970][com.java.SeleniumDriver] [  913] - <In Set values of the page>
[INFO ][2016-02-08 15:55:13,970][com.java.SeleniumDriver] [  916] - {Data Fields & Data Values Exist}
[INFO ][2016-02-08 15:55:13,970][com.java.SeleniumDriver] [  918] - --------------------------setting values-----------------------------
[INFO ][2016-02-08 15:55:13,970][com.java.SeleniumDriver] [  921] - Action Type : waitforelement
[INFO ][2016-02-08 15:55:15,079][com.java.SeleniumDriver] [  930] -  RESULT true
[INFO ][2016-02-08 15:55:15,079][com.java.SeleniumDriver] [ 1136] - ?   P A S S   ?
[INFO ][2016-02-08 15:55:15,079][com.java.SeleniumDriver] [  856] - ------------------------------------------
[INFO ][2016-02-08 15:55:15,079][com.java.SeleniumDriver] [  857] - Test case being Executed: 9
[INFO ][2016-02-08 15:55:15,079][com.java.SeleniumDriver] [  869] - Test step:30
[INFO ][2016-02-08 15:55:15,079][com.java.SeleniumDriver] [  881] - Datavalue is----------HMVSelectedGLCode
[INFO ][2016-02-08 15:55:15,079][com.java.SeleniumDriver] [  905] - DataField : COBddlGLAccount
[INFO ][2016-02-08 15:55:15,079][com.java.SeleniumDriver] [  907] - DataValue : HMVSelectedGLCode
[INFO ][2016-02-08 15:55:15,079][com.java.SeleniumDriver] [  913] - <In Set values of the page>
[INFO ][2016-02-08 15:55:15,079][com.java.SeleniumDriver] [  916] - {Data Fields & Data Values Exist}
[INFO ][2016-02-08 15:55:15,079][com.java.SeleniumDriver] [  918] - --------------------------setting values-----------------------------
[INFO ][2016-02-08 15:55:15,079][com.java.SeleniumDriver] [  921] - Action Type : VERIFY
[INFO ][2016-02-08 15:55:15,079][com.java.TestType] [ 8382] - field= COBddlGLAccount value= HMVSelectedGLCode
[INFO ][2016-02-08 15:55:15,079][com.java.TestType] [ 6748] - value = 14002-CONSUMER R/E - 5 YR ARM
[INFO ][2016-02-08 15:55:18,061][com.java.SeleniumDriver] [  930] -  RESULT true
[INFO ][2016-02-08 15:55:18,061][com.java.SeleniumDriver] [ 1136] - ?   P A S S   ?
[INFO ][2016-02-08 15:55:18,061][com.java.SeleniumDriver] [  856] - ------------------------------------------
[INFO ][2016-02-08 15:55:18,061][com.java.SeleniumDriver] [  857] - Test case being Executed: 9
[INFO ][2016-02-08 15:55:18,061][com.java.SeleniumDriver] [  869] - Test step:31
[INFO ][2016-02-08 15:55:18,061][com.java.SeleniumDriver] [  881] - Datavalue is----------10
[INFO ][2016-02-08 15:55:18,061][com.java.SeleniumDriver] [  905] - DataField : test
[INFO ][2016-02-08 15:55:18,061][com.java.SeleniumDriver] [  907] - DataValue : 10
[INFO ][2016-02-08 15:55:18,061][com.java.SeleniumDriver] [  913] - <In Set values of the page>
[INFO ][2016-02-08 15:55:18,061][com.java.SeleniumDriver] [  916] - {Data Fields & Data Values Exist}
[INFO ][2016-02-08 15:55:18,061][com.java.SeleniumDriver] [  918] - --------------------------setting values-----------------------------
[INFO ][2016-02-08 15:55:18,061][com.java.SeleniumDriver] [  921] - Action Type : WaitTime
[DEBUG][2016-02-08 15:55:18,061][com.java.TestType] [ 6562] - sleepTime: 10000
[INFO ][2016-02-08 15:55:28,061][com.java.SeleniumDriver] [  930] -  RESULT true
[INFO ][2016-02-08 15:55:28,061][com.java.SeleniumDriver] [ 1136] - ?   P A S S   ?
[INFO ][2016-02-08 15:55:28,061][com.java.SeleniumDriver] [  856] - ------------------------------------------
[INFO ][2016-02-08 15:55:28,061][com.java.SeleniumDriver] [  857] - Test case being Executed: 9
[INFO ][2016-02-08 15:55:28,061][com.java.SeleniumDriver] [  869] - Test step:32
[INFO ][2016-02-08 15:55:28,061][com.java.SeleniumDriver] [  881] - Datavalue is----------HMVRollbackvalue
[INFO ][2016-02-08 15:55:28,061][com.java.SeleniumDriver] [  905] - DataField : SLBddlGLAccount
[INFO ][2016-02-08 15:55:28,061][com.java.SeleniumDriver] [  907] - DataValue : HMVRollbackvalue
[INFO ][2016-02-08 15:55:28,061][com.java.SeleniumDriver] [  913] - <In Set values of the page>
[INFO ][2016-02-08 15:55:28,061][com.java.SeleniumDriver] [  916] - {Data Fields & Data Values Exist}
[INFO ][2016-02-08 15:55:28,061][com.java.SeleniumDriver] [  918] - --------------------------setting values-----------------------------
[INFO ][2016-02-08 15:55:28,061][com.java.SeleniumDriver] [  921] - Action Type : SELECT
[INFO ][2016-02-08 15:55:28,061][com.java.TestType] [ 6748] - value = 14002-CONSUMER R/E - 5 YR ARM
[INFO ][2016-02-08 15:55:30,374][com.java.SeleniumDriver] [  930] -  RESULT true
[INFO ][2016-02-08 15:55:30,374][com.java.SeleniumDriver] [ 1136] - ?   P A S S   ?
[INFO ][2016-02-08 15:55:30,374][com.java.SeleniumDriver] [  856] - ------------------------------------------
[INFO ][2016-02-08 15:55:30,374][com.java.SeleniumDriver] [  857] - Test case being Executed: 9
[INFO ][2016-02-08 15:55:30,374][com.java.SeleniumDriver] [  869] - Test step:33
[INFO ][2016-02-08 15:55:30,374][com.java.SeleniumDriver] [  881] - Datavalue is----------null
[DEBUG][2016-02-08 15:55:30,374][com.java.SeleniumDriver] [  899] - Exception: null
[INFO ][2016-02-08 15:55:30,374][com.java.SeleniumDriver] [  905] - DataField : BTNparent
[INFO ][2016-02-08 15:55:30,374][com.java.SeleniumDriver] [  907] - DataValue : 
[INFO ][2016-02-08 15:55:30,374][com.java.SeleniumDriver] [  913] - <In Set values of the page>
[INFO ][2016-02-08 15:55:30,374][com.java.SeleniumDriver] [  916] - {Data Fields & Data Values Exist}
[INFO ][2016-02-08 15:55:30,374][com.java.SeleniumDriver] [  918] - --------------------------setting values-----------------------------
[INFO ][2016-02-08 15:55:30,374][com.java.SeleniumDriver] [  921] - Action Type : SELECTFRAME
[INFO ][2016-02-08 15:55:30,384][com.java.SeleniumDriver] [  930] -  RESULT true
[INFO ][2016-02-08 15:55:30,384][com.java.SeleniumDriver] [ 1136] - ?   P A S S   ?
[INFO ][2016-02-08 15:55:30,384][com.java.SeleniumDriver] [  856] - ------------------------------------------
[INFO ][2016-02-08 15:55:30,384][com.java.SeleniumDriver] [  857] - Test case being Executed: 9
[INFO ][2016-02-08 15:55:30,384][com.java.SeleniumDriver] [  869] - Test step:34
[INFO ][2016-02-08 15:55:30,384][com.java.SeleniumDriver] [  881] - Datavalue is----------null
[DEBUG][2016-02-08 15:55:30,384][com.java.SeleniumDriver] [  899] - Exception: null
[INFO ][2016-02-08 15:55:30,384][com.java.SeleniumDriver] [  905] - DataField : XPH//span[contains(text(),'Finished')]
[INFO ][2016-02-08 15:55:30,384][com.java.SeleniumDriver] [  907] - DataValue : 
[INFO ][2016-02-08 15:55:30,384][com.java.SeleniumDriver] [  913] - <In Set values of the page>
[INFO ][2016-02-08 15:55:30,384][com.java.SeleniumDriver] [  916] - {Data Fields & Data Values Exist}
[INFO ][2016-02-08 15:55:30,384][com.java.SeleniumDriver] [  918] - --------------------------setting values-----------------------------
[INFO ][2016-02-08 15:55:30,384][com.java.SeleniumDriver] [  921] - Action Type : click
[INFO ][2016-02-08 15:55:30,384][com.java.TestType] [ 7149] - Field ::XPH//span[contains(text(),'Finished')]
[INFO ][2016-02-08 15:55:30,384][com.java.TestType] [ 6748] - value = 
[INFO ][2016-02-08 15:55:31,384][com.java.TestType] [ 7326] - BEFORE CLICK
[INFO ][2016-02-08 15:55:32,289][com.java.TestType] [ 7334] - Unable to click the object Finished button
[INFO ][2016-02-08 15:55:32,289][com.java.SeleniumDriver] [  930] -  RESULT true
[INFO ][2016-02-08 15:55:32,289][com.java.SeleniumDriver] [ 1136] - ?   P A S S   ?
[INFO ][2016-02-08 15:55:32,289][com.java.SeleniumDriver] [  856] - ------------------------------------------
[INFO ][2016-02-08 15:55:32,289][com.java.SeleniumDriver] [  857] - Test case being Executed: 9
[INFO ][2016-02-08 15:55:32,289][com.java.SeleniumDriver] [  869] - Test step:35
[INFO ][2016-02-08 15:55:32,289][com.java.SeleniumDriver] [  881] - Datavalue is----------10
[INFO ][2016-02-08 15:55:32,289][com.java.SeleniumDriver] [  905] - DataField : test
[INFO ][2016-02-08 15:55:32,289][com.java.SeleniumDriver] [  907] - DataValue : 10
[INFO ][2016-02-08 15:55:32,289][com.java.SeleniumDriver] [  913] - <In Set values of the page>
[INFO ][2016-02-08 15:55:32,289][com.java.SeleniumDriver] [  916] - {Data Fields & Data Values Exist}
[INFO ][2016-02-08 15:55:32,289][com.java.SeleniumDriver] [  918] - --------------------------setting values-----------------------------
[INFO ][2016-02-08 15:55:32,289][com.java.SeleniumDriver] [  921] - Action Type : WaitTime
[DEBUG][2016-02-08 15:55:32,289][com.java.TestType] [ 6562] - sleepTime: 10000
[INFO ][2016-02-08 15:55:42,296][com.java.SeleniumDriver] [  930] -  RESULT true
[INFO ][2016-02-08 15:55:42,296][com.java.SeleniumDriver] [ 1136] - ?   P A S S   ?
[INFO ][2016-02-08 15:55:42,296][com.java.SeleniumDriver] [  856] - ------------------------------------------
[INFO ][2016-02-08 15:55:42,296][com.java.SeleniumDriver] [  857] - Test case being Executed: 9
[INFO ][2016-02-08 15:55:42,296][com.java.SeleniumDriver] [  869] - Test step:36
[INFO ][2016-02-08 15:55:42,296][com.java.SeleniumDriver] [  881] - Datavalue is----------5
[INFO ][2016-02-08 15:55:42,296][com.java.SeleniumDriver] [  905] - DataField : XPH//span[contains(text(),'Finished')]
[INFO ][2016-02-08 15:55:42,296][com.java.SeleniumDriver] [  907] - DataValue : 5
[INFO ][2016-02-08 15:55:42,296][com.java.SeleniumDriver] [  913] - <In Set values of the page>
[INFO ][2016-02-08 15:55:42,296][com.java.SeleniumDriver] [  916] - {Data Fields & Data Values Exist}
[INFO ][2016-02-08 15:55:42,296][com.java.SeleniumDriver] [  918] - --------------------------setting values-----------------------------
[INFO ][2016-02-08 15:55:42,296][com.java.SeleniumDriver] [  921] - Action Type : waitforelement
[INFO ][2016-02-08 15:55:42,327][com.java.SeleniumDriver] [  930] -  RESULT true
[INFO ][2016-02-08 15:55:42,327][com.java.SeleniumDriver] [ 1136] - ?   P A S S   ?
[INFO ][2016-02-08 15:55:42,327][com.java.SeleniumDriver] [  856] - ------------------------------------------
[INFO ][2016-02-08 15:55:42,327][com.java.SeleniumDriver] [  857] - Test case being Executed: 9
[INFO ][2016-02-08 15:55:42,327][com.java.SeleniumDriver] [  869] - Test step:37
[INFO ][2016-02-08 15:55:42,327][com.java.SeleniumDriver] [  881] - Datavalue is----------null
[DEBUG][2016-02-08 15:55:42,327][com.java.SeleniumDriver] [  899] - Exception: null
[INFO ][2016-02-08 15:55:42,327][com.java.SeleniumDriver] [  905] - DataField : XPH//span[contains(text(),'Finished')]
[INFO ][2016-02-08 15:55:42,327][com.java.SeleniumDriver] [  907] - DataValue : 
[INFO ][2016-02-08 15:55:42,327][com.java.SeleniumDriver] [  913] - <In Set values of the page>
[INFO ][2016-02-08 15:55:42,327][com.java.SeleniumDriver] [  916] - {Data Fields & Data Values Exist}
[INFO ][2016-02-08 15:55:42,327][com.java.SeleniumDriver] [  918] - --------------------------setting values-----------------------------
[INFO ][2016-02-08 15:55:42,327][com.java.SeleniumDriver] [  921] - Action Type : click
[INFO ][2016-02-08 15:55:42,327][com.java.TestType] [ 7149] - Field ::XPH//span[contains(text(),'Finished')]
[INFO ][2016-02-08 15:55:42,327][com.java.TestType] [ 6748] - value = 
[INFO ][2016-02-08 15:55:43,327][com.java.TestType] [ 7326] - BEFORE CLICK
[INFO ][2016-02-08 15:55:44,457][com.java.TestType] [ 7334] - Unable to click the object Finished button
[INFO ][2016-02-08 15:55:44,457][com.java.SeleniumDriver] [  930] -  RESULT true
[INFO ][2016-02-08 15:55:44,457][com.java.SeleniumDriver] [ 1136] - ?   P A S S   ?
[INFO ][2016-02-08 15:55:44,457][com.java.SeleniumDriver] [  856] - ------------------------------------------
[INFO ][2016-02-08 15:55:44,457][com.java.SeleniumDriver] [  857] - Test case being Executed: 9
[INFO ][2016-02-08 15:55:44,457][com.java.SeleniumDriver] [  869] - Test step:38
[INFO ][2016-02-08 15:55:44,457][com.java.SeleniumDriver] [  881] - Datavalue is----------null
[DEBUG][2016-02-08 15:55:44,457][com.java.SeleniumDriver] [  899] - Exception: null
[INFO ][2016-02-08 15:55:44,457][com.java.SeleniumDriver] [  905] - DataField : BTNcloseAllTabs
[INFO ][2016-02-08 15:55:44,457][com.java.SeleniumDriver] [  907] - DataValue : 
[INFO ][2016-02-08 15:55:44,457][com.java.SeleniumDriver] [  913] - <In Set values of the page>
[INFO ][2016-02-08 15:55:44,457][com.java.SeleniumDriver] [  916] - {Data Fields & Data Values Exist}
[INFO ][2016-02-08 15:55:44,457][com.java.SeleniumDriver] [  918] - --------------------------setting values-----------------------------
[INFO ][2016-02-08 15:55:44,457][com.java.SeleniumDriver] [  921] - Action Type : CLICK
[INFO ][2016-02-08 15:55:44,457][com.java.TestType] [ 7149] - Field ::BTNcloseAllTabs
[INFO ][2016-02-08 15:55:44,457][com.java.TestType] [ 6748] - value = 
[INFO ][2016-02-08 15:55:45,457][com.java.TestType] [ 7305] - BEFORE CLICK
[INFO ][2016-02-08 15:55:47,068][com.java.TestType] [ 7312] - Unable to click the object Close all tabs button
[INFO ][2016-02-08 15:55:47,068][com.java.SeleniumDriver] [  930] -  RESULT true
[INFO ][2016-02-08 15:55:47,068][com.java.SeleniumDriver] [ 1136] - ?   P A S S   ?
[INFO ][2016-02-08 15:55:47,068][com.java.SeleniumDriver] [  856] - ------------------------------------------
[INFO ][2016-02-08 15:55:47,068][com.java.SeleniumDriver] [  857] - Test case being Executed: 9
[INFO ][2016-02-08 15:55:47,068][com.java.SeleniumDriver] [  869] - Test step:39
[INFO ][2016-02-08 15:55:47,068][com.java.SeleniumDriver] [  881] - Datavalue is----------10
[INFO ][2016-02-08 15:55:47,068][com.java.SeleniumDriver] [  905] - DataField : XPH//div[contains(text(), 'My Dashboard')]
[INFO ][2016-02-08 15:55:47,068][com.java.SeleniumDriver] [  907] - DataValue : 10
[INFO ][2016-02-08 15:55:47,068][com.java.SeleniumDriver] [  913] - <In Set values of the page>
[INFO ][2016-02-08 15:55:47,068][com.java.SeleniumDriver] [  916] - {Data Fields & Data Values Exist}
[INFO ][2016-02-08 15:55:47,068][com.java.SeleniumDriver] [  918] - --------------------------setting values-----------------------------
[INFO ][2016-02-08 15:55:47,068][com.java.SeleniumDriver] [  921] - Action Type : WAITFORELEMENT
[INFO ][2016-02-08 15:55:47,108][com.java.SeleniumDriver] [  930] -  RESULT true
[INFO ][2016-02-08 15:55:47,108][com.java.SeleniumDriver] [ 1136] - ?   P A S S   ?
[INFO ][2016-02-08 15:55:47,108][com.java.SeleniumDriver] [  856] - ------------------------------------------
[INFO ][2016-02-08 15:55:47,108][com.java.SeleniumDriver] [  857] - Test case being Executed: 9
[INFO ][2016-02-08 15:55:47,108][com.java.SeleniumDriver] [  869] - Test step:40
[INFO ][2016-02-08 15:55:47,108][com.java.SeleniumDriver] [  881] - Datavalue is----------//div[contains(text(), 'My Dashboard')]
[INFO ][2016-02-08 15:55:47,108][com.java.SeleniumDriver] [  905] - DataField : BTN
[INFO ][2016-02-08 15:55:47,108][com.java.SeleniumDriver] [  907] - DataValue : //div[contains(text(), 'My Dashboard')]
[INFO ][2016-02-08 15:55:47,108][com.java.SeleniumDriver] [  913] - <In Set values of the page>
[INFO ][2016-02-08 15:55:47,108][com.java.SeleniumDriver] [  916] - {Data Fields & Data Values Exist}
[INFO ][2016-02-08 15:55:47,108][com.java.SeleniumDriver] [  918] - --------------------------setting values-----------------------------
[INFO ][2016-02-08 15:55:47,108][com.java.SeleniumDriver] [  921] - Action Type : VERIFY
[INFO ][2016-02-08 15:55:47,108][com.java.TestType] [ 8382] - field= BTN value= //div[contains(text(), 'My Dashboard')]
[INFO ][2016-02-08 15:55:47,108][com.java.TestType] [ 6748] - value = //div[contains(text(), 'My Dashboard')]
[INFO ][2016-02-08 15:55:47,168][com.java.SeleniumDriver] [  930] -  RESULT true
[INFO ][2016-02-08 15:55:47,168][com.java.SeleniumDriver] [ 1136] - ?   P A S S   ?
[DEBUG][2016-02-08 15:55:47,168][com.java.SeleniumDriver] [ 1248] - Case found
[DEBUG][2016-02-08 15:55:47,168][com.java.SeleniumDriver] [ 1253] - Incrementing ReportCounters[0]:2
[INFO ][2016-02-08 15:55:47,168][com.java.SeleniumDriver] [ 1272] - The results are-------------------[9, 1, Admin: AL Mapping: Loan Product Codes: Modify, Pass, , Mon Feb 08 15:53:24 IST 2016, 9, 3, Admin: AL Mapping: Loan Product Codes: Modify, Pass, , Mon Feb 08 15:53:29 IST 2016, 9, 4, Admin: AL Mapping: Loan Product Codes: Modify, Pass, , Mon Feb 08 15:54:14 IST 2016, 9, 5, Admin: AL Mapping: Loan Product Codes: Modify, Pass, , Mon Feb 08 15:54:15 IST 2016, 9, 6, Admin: AL Mapping: Loan Product Codes: Modify, Pass, , Mon Feb 08 15:54:15 IST 2016, 9, 7, Admin: AL Mapping: Loan Product Codes: Modify, Pass, , Mon Feb 08 15:54:16 IST 2016, 9, 8, Admin: AL Mapping: Loan Product Codes: Modify, Pass, , Mon Feb 08 15:54:18 IST 2016, 9, 9, Admin: AL Mapping: Loan Product Codes: Modify, Pass, , Mon Feb 08 15:54:20 IST 2016, 9, 10, Admin: AL Mapping: Loan Product Codes: Modify, Pass, , Mon Feb 08 15:54:21 IST 2016, 9, 11, Admin: AL Mapping: Loan Product Codes: Modify, Pass, , Mon Feb 08 15:54:23 IST 2016, 9, 12, Admin: AL Mapping: Loan Product Codes: Modify, Pass, , Mon Feb 08 15:54:24 IST 2016, 9, 13, Admin: AL Mapping: Loan Product Codes: Modify, Pass, , Mon Feb 08 15:54:34 IST 2016, 9, 14, Admin: AL Mapping: Loan Product Codes: Modify, Pass, , Mon Feb 08 15:54:36 IST 2016, 9, 15, Admin: AL Mapping: Loan Product Codes: Modify, Pass, , Mon Feb 08 15:54:38 IST 2016, 9, 16, Admin: AL Mapping: Loan Product Codes: Modify, Pass, , Mon Feb 08 15:54:39 IST 2016, 9, 17, Admin: AL Mapping: Loan Product Codes: Modify, Pass, , Mon Feb 08 15:54:41 IST 2016, 9, 18, Admin: AL Mapping: Loan Product Codes: Modify, Pass, , Mon Feb 08 15:54:42 IST 2016, 9, 19, Admin: AL Mapping: Loan Product Codes: Modify, Pass, , Mon Feb 08 15:54:42 IST 2016, 9, 20, Admin: AL Mapping: Loan Product Codes: Modify, Pass, , Mon Feb 08 15:54:44 IST 2016, 9, 21, Admin: AL Mapping: Loan Product Codes: Modify, Pass, , Mon Feb 08 15:54:45 IST 2016, 9, 22, Admin: AL Mapping: Loan Product Codes: Modify, Pass, , Mon Feb 08 15:54:47 IST 2016, 9, 23, Admin: AL Mapping: Loan Product Codes: Modify, Pass, , Mon Feb 08 15:54:57 IST 2016, 9, 24, Admin: AL Mapping: Loan Product Codes: Modify, Pass, , Mon Feb 08 15:54:58 IST 2016, 9, 25, Admin: AL Mapping: Loan Product Codes: Modify, Pass, , Mon Feb 08 15:54:59 IST 2016, 9, 26, Admin: AL Mapping: Loan Product Codes: Modify, Pass, , Mon Feb 08 15:55:01 IST 2016, 9, 27, Admin: AL Mapping: Loan Product Codes: Modify, Pass, , Mon Feb 08 15:55:11 IST 2016, 9, 28, Admin: AL Mapping: Loan Product Codes: Modify, Pass, , Mon Feb 08 15:55:13 IST 2016, 9, 29, Admin: AL Mapping: Loan Product Codes: Modify, Pass, , Mon Feb 08 15:55:15 IST 2016, 9, 30, Admin: AL Mapping: Loan Product Codes: Modify, Pass, , Mon Feb 08 15:55:18 IST 2016, 9, 31, Admin: AL Mapping: Loan Product Codes: Modify, Pass, , Mon Feb 08 15:55:28 IST 2016, 9, 32, Admin: AL Mapping: Loan Product Codes: Modify, Pass, , Mon Feb 08 15:55:30 IST 2016, 9, 33, Admin: AL Mapping: Loan Product Codes: Modify, Pass, , Mon Feb 08 15:55:30 IST 2016, 9, 34, Admin: AL Mapping: Loan Product Codes: Modify, Pass, , Mon Feb 08 15:55:32 IST 2016, 9, 35, Admin: AL Mapping: Loan Product Codes: Modify, Pass, , Mon Feb 08 15:55:42 IST 2016, 9, 36, Admin: AL Mapping: Loan Product Codes: Modify, Pass, , Mon Feb 08 15:55:42 IST 2016, 9, 37, Admin: AL Mapping: Loan Product Codes: Modify, Pass, , Mon Feb 08 15:55:44 IST 2016, 9, 38, Admin: AL Mapping: Loan Product Codes: Modify, Pass, , Mon Feb 08 15:55:47 IST 2016, 9, 39, Admin: AL Mapping: Loan Product Codes: Modify, Pass, , Mon Feb 08 15:55:47 IST 2016, 9, 40, Admin: AL Mapping: Loan Product Codes: Modify, Pass, , Mon Feb 08 15:55:47 IST 2016]
[INFO ][2016-02-08 15:55:47,168][com.java.SeleniumDriver] [ 1276] - End time is-------3 min 25 sec
[INFO ][2016-02-08 15:55:47,168][com.java.SeleniumDriver] [ 1277] - The results are-------------------[9, 1, Admin: AL Mapping: Loan Product Codes: Modify, Pass, , Mon Feb 08 15:53:24 IST 2016, 9, 3, Admin: AL Mapping: Loan Product Codes: Modify, Pass, , Mon Feb 08 15:53:29 IST 2016, 9, 4, Admin: AL Mapping: Loan Product Codes: Modify, Pass, , Mon Feb 08 15:54:14 IST 2016, 9, 5, Admin: AL Mapping: Loan Product Codes: Modify, Pass, , Mon Feb 08 15:54:15 IST 2016, 9, 6, Admin: AL Mapping: Loan Product Codes: Modify, Pass, , Mon Feb 08 15:54:15 IST 2016, 9, 7, Admin: AL Mapping: Loan Product Codes: Modify, Pass, , Mon Feb 08 15:54:16 IST 2016, 9, 8, Admin: AL Mapping: Loan Product Codes: Modify, Pass, , Mon Feb 08 15:54:18 IST 2016, 9, 9, Admin: AL Mapping: Loan Product Codes: Modify, Pass, , Mon Feb 08 15:54:20 IST 2016, 9, 10, Admin: AL Mapping: Loan Product Codes: Modify, Pass, , Mon Feb 08 15:54:21 IST 2016, 9, 11, Admin: AL Mapping: Loan Product Codes: Modify, Pass, , Mon Feb 08 15:54:23 IST 2016, 9, 12, Admin: AL Mapping: Loan Product Codes: Modify, Pass, , Mon Feb 08 15:54:24 IST 2016, 9, 13, Admin: AL Mapping: Loan Product Codes: Modify, Pass, , Mon Feb 08 15:54:34 IST 2016, 9, 14, Admin: AL Mapping: Loan Product Codes: Modify, Pass, , Mon Feb 08 15:54:36 IST 2016, 9, 15, Admin: AL Mapping: Loan Product Codes: Modify, Pass, , Mon Feb 08 15:54:38 IST 2016, 9, 16, Admin: AL Mapping: Loan Product Codes: Modify, Pass, , Mon Feb 08 15:54:39 IST 2016, 9, 17, Admin: AL Mapping: Loan Product Codes: Modify, Pass, , Mon Feb 08 15:54:41 IST 2016, 9, 18, Admin: AL Mapping: Loan Product Codes: Modify, Pass, , Mon Feb 08 15:54:42 IST 2016, 9, 19, Admin: AL Mapping: Loan Product Codes: Modify, Pass, , Mon Feb 08 15:54:42 IST 2016, 9, 20, Admin: AL Mapping: Loan Product Codes: Modify, Pass, , Mon Feb 08 15:54:44 IST 2016, 9, 21, Admin: AL Mapping: Loan Product Codes: Modify, Pass, , Mon Feb 08 15:54:45 IST 2016, 9, 22, Admin: AL Mapping: Loan Product Codes: Modify, Pass, , Mon Feb 08 15:54:47 IST 2016, 9, 23, Admin: AL Mapping: Loan Product Codes: Modify, Pass, , Mon Feb 08 15:54:57 IST 2016, 9, 24, Admin: AL Mapping: Loan Product Codes: Modify, Pass, , Mon Feb 08 15:54:58 IST 2016, 9, 25, Admin: AL Mapping: Loan Product Codes: Modify, Pass, , Mon Feb 08 15:54:59 IST 2016, 9, 26, Admin: AL Mapping: Loan Product Codes: Modify, Pass, , Mon Feb 08 15:55:01 IST 2016, 9, 27, Admin: AL Mapping: Loan Product Codes: Modify, Pass, , Mon Feb 08 15:55:11 IST 2016, 9, 28, Admin: AL Mapping: Loan Product Codes: Modify, Pass, , Mon Feb 08 15:55:13 IST 2016, 9, 29, Admin: AL Mapping: Loan Product Codes: Modify, Pass, , Mon Feb 08 15:55:15 IST 2016, 9, 30, Admin: AL Mapping: Loan Product Codes: Modify, Pass, , Mon Feb 08 15:55:18 IST 2016, 9, 31, Admin: AL Mapping: Loan Product Codes: Modify, Pass, , Mon Feb 08 15:55:28 IST 2016, 9, 32, Admin: AL Mapping: Loan Product Codes: Modify, Pass, , Mon Feb 08 15:55:30 IST 2016, 9, 33, Admin: AL Mapping: Loan Product Codes: Modify, Pass, , Mon Feb 08 15:55:30 IST 2016, 9, 34, Admin: AL Mapping: Loan Product Codes: Modify, Pass, , Mon Feb 08 15:55:32 IST 2016, 9, 35, Admin: AL Mapping: Loan Product Codes: Modify, Pass, , Mon Feb 08 15:55:42 IST 2016, 9, 36, Admin: AL Mapping: Loan Product Codes: Modify, Pass, , Mon Feb 08 15:55:42 IST 2016, 9, 37, Admin: AL Mapping: Loan Product Codes: Modify, Pass, , Mon Feb 08 15:55:44 IST 2016, 9, 38, Admin: AL Mapping: Loan Product Codes: Modify, Pass, , Mon Feb 08 15:55:47 IST 2016, 9, 39, Admin: AL Mapping: Loan Product Codes: Modify, Pass, , Mon Feb 08 15:55:47 IST 2016, 9, 40, Admin: AL Mapping: Loan Product Codes: Modify, Pass, , Mon Feb 08 15:55:47 IST 2016]
[DEBUG][2016-02-08 15:55:47,168][com.java.ImportnExport.ExportTestResultsExcel] [  222] - testResultPath = D:\BankersDashboard/TestReports/Test Results_BankersDashBoard_020816_155224_IE10_Any Bank USA.xls
[DEBUG][2016-02-08 15:55:47,168][com.java.ImportnExport.ExportTestResultsExcel] [  223] - browser is------------IE10
[DEBUG][2016-02-08 15:55:47,168][com.java.ImportnExport.ExportTestResultsExcel] [  270] - result.size() = 234
[DEBUG][2016-02-08 15:55:47,168][com.java.ImportnExport.ExportTestResultsExcel] [  274] - No of rows in sheet=2
[DEBUG][2016-02-08 15:55:47,168][com.java.ImportnExport.ExportTestResultsExcel] [  301] - ..in export..9
[DEBUG][2016-02-08 15:55:47,168][com.java.ImportnExport.ExportTestResultsExcel] [  301] - ..in export..Admin: AL Mapping: Loan Product Codes: Modify
[DEBUG][2016-02-08 15:55:47,168][com.java.ImportnExport.ExportTestResultsExcel] [  301] - ..in export..Pass
[DEBUG][2016-02-08 15:55:47,168][com.java.ImportnExport.ExportTestResultsExcel] [  301] - ..in export..
[DEBUG][2016-02-08 15:55:47,168][com.java.ImportnExport.ExportTestResultsExcel] [  301] - ..in export..Mon Feb 08 15:53:24 IST 2016
[INFO ][2016-02-08 15:55:47,168][com.java.SeleniumDriver] [ 1337] - out loop:1 size:3 TestCases:[1, 9, 12] testcases:[1, 9, 12]
[INFO ][2016-02-08 15:55:47,168][com.java.ImportnExport.ImportTestDataDetailsExcel] [   49] - test data details path===== D:\BankersDashboard\TestInputs\TestData.xls
[INFO ][2016-02-08 15:56:05,899][com.java.SeleniumDriver] [  856] - ------------------------------------------
[INFO ][2016-02-08 15:56:05,899][com.java.SeleniumDriver] [  857] - Test case being Executed: 12
[INFO ][2016-02-08 15:56:05,899][com.java.SeleniumDriver] [  869] - Test step:1
[INFO ][2016-02-08 15:56:05,899][com.java.SeleniumDriver] [  881] - Datavalue is----------Logout
[INFO ][2016-02-08 15:56:05,899][com.java.SeleniumDriver] [  905] - DataField : BTN
[INFO ][2016-02-08 15:56:05,899][com.java.SeleniumDriver] [  907] - DataValue : Logout
[INFO ][2016-02-08 15:56:05,899][com.java.SeleniumDriver] [  913] - <In Set values of the page>
[INFO ][2016-02-08 15:56:05,899][com.java.SeleniumDriver] [  916] - {Data Fields & Data Values Exist}
[INFO ][2016-02-08 15:56:05,899][com.java.SeleniumDriver] [  918] - --------------------------setting values-----------------------------
[INFO ][2016-02-08 15:56:05,899][com.java.SeleniumDriver] [  921] - Action Type : VERIFY
[INFO ][2016-02-08 15:56:05,899][com.java.TestType] [ 8382] - field= BTN value= Logout
[INFO ][2016-02-08 15:56:05,899][com.java.TestType] [ 6748] - value = Logout
[INFO ][2016-02-08 15:56:05,980][com.java.SeleniumDriver] [  930] -  RESULT true
[INFO ][2016-02-08 15:56:05,980][com.java.SeleniumDriver] [ 1136] - ?   P A S S   ?
[INFO ][2016-02-08 15:56:05,980][com.java.SeleniumDriver] [ 1178] - step change to 3
[INFO ][2016-02-08 15:56:05,980][com.java.SeleniumDriver] [  856] - ------------------------------------------
[INFO ][2016-02-08 15:56:05,980][com.java.SeleniumDriver] [  857] - Test case being Executed: 12
[INFO ][2016-02-08 15:56:05,980][com.java.SeleniumDriver] [  869] - Test step:3
[INFO ][2016-02-08 15:56:05,980][com.java.SeleniumDriver] [  881] - Datavalue is----------Concept#2:1-2
[INFO ][2016-02-08 15:56:05,980][com.java.SeleniumDriver] [  905] - DataField : test
[INFO ][2016-02-08 15:56:05,980][com.java.SeleniumDriver] [  907] - DataValue : Concept#2:1-2
[INFO ][2016-02-08 15:56:05,980][com.java.SeleniumDriver] [  913] - <In Set values of the page>
[INFO ][2016-02-08 15:56:05,980][com.java.SeleniumDriver] [  916] - {Data Fields & Data Values Exist}
[INFO ][2016-02-08 15:56:05,980][com.java.SeleniumDriver] [  918] - --------------------------setting values-----------------------------
[INFO ][2016-02-08 15:56:05,980][com.java.SeleniumDriver] [  921] - Action Type : ExecuteTestCase
[INFO ][2016-02-08 15:56:05,980][com.java.TestType] [  448] - The Concept sheet name is ---------- Concept
[INFO ][2016-02-08 15:56:05,980][com.java.TestType] [  451] - The Concept ID  is ---------- 2
[DEBUG][2016-02-08 15:56:05,980][com.java.TestType] [  455] - Steps being executted in the Concept are: 1:2
[INFO ][2016-02-08 15:56:05,980][com.java.TestType] [  462] - Test data details path ---------- D:\BankersDashboard\TestInputs\TestData.xls
[INFO ][2016-02-08 15:56:06,010][com.java.TestType] [  493] -  str(1) = 2
[INFO ][2016-02-08 15:56:06,010][com.java.TestType] [  496] - Test case Id is---2
[INFO ][2016-02-08 15:56:06,010][com.java.TestType] [  498] - 2
[INFO ][2016-02-08 15:56:06,010][com.java.TestType] [  493] -  str(2) = 1
[INFO ][2016-02-08 15:56:06,010][com.java.TestType] [  493] -  str(1) = 2
[INFO ][2016-02-08 15:56:06,010][com.java.TestType] [  496] - Test case Id is---2
[INFO ][2016-02-08 15:56:06,010][com.java.TestType] [  498] - 2
[INFO ][2016-02-08 15:56:06,010][com.java.TestType] [  493] -  str(2) = 2
[INFO ][2016-02-08 15:56:06,010][com.java.TestType] [  493] -  str(1) = 2
[INFO ][2016-02-08 15:56:06,010][com.java.TestType] [  496] - Test case Id is---2
[INFO ][2016-02-08 15:56:06,010][com.java.TestType] [  498] - 2
[INFO ][2016-02-08 15:56:06,010][com.java.TestType] [  493] -  str(2) = 3
[INFO ][2016-02-08 15:56:06,010][com.java.TestType] [12120] - Looping 1TCID = 2
[DEBUG][2016-02-08 15:56:06,020][com.java.TestType] [12161] - Concept ID:2 :: Step being Executed: 2::1
[INFO ][2016-02-08 15:56:06,020][com.java.TestType] [12199] - dataFields : BNK//select[@id='bank']
[DEBUG][2016-02-08 15:56:06,020][com.java.TestType] [12205] - <In Set values of the page>
[DEBUG][2016-02-08 15:56:06,020][com.java.TestType] [12210] - {Data Fields & Data Values Exist}
[INFO ][2016-02-08 15:56:06,020][com.java.TestType] [12216] - --------------------------setting values-----------------------------
[INFO ][2016-02-08 15:56:06,020][com.java.TestType] [12219] - Action Type : Select
[INFO ][2016-02-08 15:56:06,020][com.java.TestType] [ 6748] - value = PFC
[INFO ][2016-02-08 15:56:06,230][com.java.TestType] [12238] -  RESULT true
[INFO ][2016-02-08 15:56:06,230][com.java.TestType] [12355] - ?   P A S S   ?
[DEBUG][2016-02-08 15:56:06,230][com.java.TestType] [12161] - Concept ID:2 :: Step being Executed: 2::2
[INFO ][2016-02-08 15:56:06,230][com.java.TestType] [12199] - dataFields : LNKLogout
[DEBUG][2016-02-08 15:56:06,230][com.java.TestType] [12205] - <In Set values of the page>
[DEBUG][2016-02-08 15:56:06,230][com.java.TestType] [12210] - {Data Fields & Data Values Exist}
[INFO ][2016-02-08 15:56:06,230][com.java.TestType] [12216] - --------------------------setting values-----------------------------
[INFO ][2016-02-08 15:56:06,230][com.java.TestType] [12219] - Action Type : WaitTime
[DEBUG][2016-02-08 15:56:06,230][com.java.TestType] [ 6562] - sleepTime: 5000
[INFO ][2016-02-08 15:56:11,234][com.java.TestType] [12238] -  RESULT true
[INFO ][2016-02-08 15:56:11,234][com.java.TestType] [12355] - ?   P A S S   ?
[INFO ][2016-02-08 15:56:11,234][com.java.TestType] [12426] - Looping End......
[INFO ][2016-02-08 15:56:11,234][com.java.SeleniumDriver] [  930] -  RESULT true
[INFO ][2016-02-08 15:56:11,234][com.java.SeleniumDriver] [ 1136] - ?   P A S S   ?
[INFO ][2016-02-08 15:56:11,234][com.java.SeleniumDriver] [  856] - ------------------------------------------
[INFO ][2016-02-08 15:56:11,234][com.java.SeleniumDriver] [  857] - Test case being Executed: 12
[INFO ][2016-02-08 15:56:11,234][com.java.SeleniumDriver] [  869] - Test step:4
[INFO ][2016-02-08 15:56:11,234][com.java.SeleniumDriver] [  881] - Datavalue is----------null
[DEBUG][2016-02-08 15:56:11,234][com.java.SeleniumDriver] [  899] - Exception: null
[INFO ][2016-02-08 15:56:11,234][com.java.SeleniumDriver] [  905] - DataField : //span[@class='icon-user4']&&//a[text()='Company Settings']&&//a[@data-id="RatedLoans"]
[INFO ][2016-02-08 15:56:11,234][com.java.SeleniumDriver] [  907] - DataValue : 
[INFO ][2016-02-08 15:56:11,234][com.java.SeleniumDriver] [  913] - <In Set values of the page>
[INFO ][2016-02-08 15:56:11,234][com.java.SeleniumDriver] [  916] - {Data Fields & Data Values Exist}
[INFO ][2016-02-08 15:56:11,234][com.java.SeleniumDriver] [  918] - --------------------------setting values-----------------------------
[INFO ][2016-02-08 15:56:11,234][com.java.SeleniumDriver] [  921] - Action Type : MOUSEOVER
[INFO ][2016-02-08 15:56:55,971][com.java.SeleniumDriver] [  930] -  RESULT true
[INFO ][2016-02-08 15:56:55,971][com.java.SeleniumDriver] [ 1136] - ?   P A S S   ?
[INFO ][2016-02-08 15:56:55,971][com.java.SeleniumDriver] [  856] - ------------------------------------------
[INFO ][2016-02-08 15:56:55,971][com.java.SeleniumDriver] [  857] - Test case being Executed: 12
[INFO ][2016-02-08 15:56:55,971][com.java.SeleniumDriver] [  869] - Test step:5
[INFO ][2016-02-08 15:56:55,971][com.java.SeleniumDriver] [  881] - Datavalue is----------Rated Loan Categories
[INFO ][2016-02-08 15:56:55,971][com.java.SeleniumDriver] [  905] - DataField : XPH//span[contains(text(), 'Rated Loan Categories')]
[INFO ][2016-02-08 15:56:55,971][com.java.SeleniumDriver] [  907] - DataValue : Rated Loan Categories
[INFO ][2016-02-08 15:56:55,971][com.java.SeleniumDriver] [  913] - <In Set values of the page>
[INFO ][2016-02-08 15:56:55,971][com.java.SeleniumDriver] [  916] - {Data Fields & Data Values Exist}
[INFO ][2016-02-08 15:56:55,971][com.java.SeleniumDriver] [  918] - --------------------------setting values-----------------------------
[INFO ][2016-02-08 15:56:55,971][com.java.SeleniumDriver] [  921] - Action Type : VERIFY
[INFO ][2016-02-08 15:56:55,971][com.java.TestType] [ 8382] - field= XPH//span[contains(text(), 'Rated Loan Categories')] value= Rated Loan Categories
[INFO ][2016-02-08 15:56:55,971][com.java.TestType] [ 6748] - value = Rated Loan Categories
[INFO ][2016-02-08 15:56:56,142][com.java.SeleniumDriver] [  930] -  RESULT true
[INFO ][2016-02-08 15:56:56,142][com.java.SeleniumDriver] [ 1136] - ?   P A S S   ?
[INFO ][2016-02-08 15:56:56,142][com.java.SeleniumDriver] [  856] - ------------------------------------------
[INFO ][2016-02-08 15:56:56,142][com.java.SeleniumDriver] [  857] - Test case being Executed: 12
[INFO ][2016-02-08 15:56:56,142][com.java.SeleniumDriver] [  869] - Test step:6
[INFO ][2016-02-08 15:56:56,142][com.java.SeleniumDriver] [  881] - Datavalue is----------null
[DEBUG][2016-02-08 15:56:56,142][com.java.SeleniumDriver] [  899] - Exception: null
[INFO ][2016-02-08 15:56:56,142][com.java.SeleniumDriver] [  905] - DataField : BTNframeDialogContent
[INFO ][2016-02-08 15:56:56,142][com.java.SeleniumDriver] [  907] - DataValue : 
[INFO ][2016-02-08 15:56:56,142][com.java.SeleniumDriver] [  913] - <In Set values of the page>
[INFO ][2016-02-08 15:56:56,142][com.java.SeleniumDriver] [  916] - {Data Fields & Data Values Exist}
[INFO ][2016-02-08 15:56:56,142][com.java.SeleniumDriver] [  918] - --------------------------setting values-----------------------------
[INFO ][2016-02-08 15:56:56,142][com.java.SeleniumDriver] [  921] - Action Type : SELECTFRAME
[INFO ][2016-02-08 15:56:57,503][com.java.SeleniumDriver] [  930] -  RESULT true
[INFO ][2016-02-08 15:56:57,503][com.java.SeleniumDriver] [ 1136] - ?   P A S S   ?
[INFO ][2016-02-08 15:56:57,503][com.java.SeleniumDriver] [  856] - ------------------------------------------
[INFO ][2016-02-08 15:56:57,503][com.java.SeleniumDriver] [  857] - Test case being Executed: 12
[INFO ][2016-02-08 15:56:57,503][com.java.SeleniumDriver] [  869] - Test step:7
[INFO ][2016-02-08 15:56:57,503][com.java.SeleniumDriver] [  881] - Datavalue is----------null
[DEBUG][2016-02-08 15:56:57,503][com.java.SeleniumDriver] [  899] - Exception: null
[INFO ][2016-02-08 15:56:57,503][com.java.SeleniumDriver] [  905] - DataField : BTNbtnAddNew
[INFO ][2016-02-08 15:56:57,503][com.java.SeleniumDriver] [  907] - DataValue : 
[INFO ][2016-02-08 15:56:57,503][com.java.SeleniumDriver] [  913] - <In Set values of the page>
[INFO ][2016-02-08 15:56:57,503][com.java.SeleniumDriver] [  916] - {Data Fields & Data Values Exist}
[INFO ][2016-02-08 15:56:57,503][com.java.SeleniumDriver] [  918] - --------------------------setting values-----------------------------
[INFO ][2016-02-08 15:56:57,503][com.java.SeleniumDriver] [  921] - Action Type : CLICK
[INFO ][2016-02-08 15:56:57,503][com.java.TestType] [ 7149] - Field ::BTNbtnAddNew
[INFO ][2016-02-08 15:56:57,503][com.java.TestType] [ 6748] - value = 
[INFO ][2016-02-08 15:56:58,503][com.java.TestType] [ 7305] - BEFORE CLICK
[INFO ][2016-02-08 15:56:59,754][com.java.TestType] [ 7312] - Unable to click the object Add New Category button
[INFO ][2016-02-08 15:56:59,754][com.java.SeleniumDriver] [  930] -  RESULT true
[INFO ][2016-02-08 15:56:59,754][com.java.SeleniumDriver] [ 1136] - ?   P A S S   ?
[INFO ][2016-02-08 15:56:59,754][com.java.SeleniumDriver] [  856] - ------------------------------------------
[INFO ][2016-02-08 15:56:59,754][com.java.SeleniumDriver] [  857] - Test case being Executed: 12
[INFO ][2016-02-08 15:56:59,754][com.java.SeleniumDriver] [  869] - Test step:8
[INFO ][2016-02-08 15:56:59,754][com.java.SeleniumDriver] [  881] - Datavalue is----------5
[INFO ][2016-02-08 15:56:59,754][com.java.SeleniumDriver] [  905] - DataField : XPH//td[contains(text(),'Description')]
[INFO ][2016-02-08 15:56:59,754][com.java.SeleniumDriver] [  907] - DataValue : 5
[INFO ][2016-02-08 15:56:59,754][com.java.SeleniumDriver] [  913] - <In Set values of the page>
[INFO ][2016-02-08 15:56:59,754][com.java.SeleniumDriver] [  916] - {Data Fields & Data Values Exist}
[INFO ][2016-02-08 15:56:59,754][com.java.SeleniumDriver] [  918] - --------------------------setting values-----------------------------
[INFO ][2016-02-08 15:56:59,754][com.java.SeleniumDriver] [  921] - Action Type : WAITFORELEMENT
[INFO ][2016-02-08 15:56:59,784][com.java.SeleniumDriver] [  930] -  RESULT true
[INFO ][2016-02-08 15:56:59,784][com.java.SeleniumDriver] [ 1136] - ?   P A S S   ?
[INFO ][2016-02-08 15:56:59,784][com.java.SeleniumDriver] [  856] - ------------------------------------------
[INFO ][2016-02-08 15:56:59,784][com.java.SeleniumDriver] [  857] - Test case being Executed: 12
[INFO ][2016-02-08 15:56:59,784][com.java.SeleniumDriver] [  869] - Test step:9
[INFO ][2016-02-08 15:56:59,784][com.java.SeleniumDriver] [  881] - Datavalue is----------//td[contains(text(),'Description')]
[INFO ][2016-02-08 15:56:59,784][com.java.SeleniumDriver] [  905] - DataField : BTN
[INFO ][2016-02-08 15:56:59,784][com.java.SeleniumDriver] [  907] - DataValue : //td[contains(text(),'Description')]
[INFO ][2016-02-08 15:56:59,784][com.java.SeleniumDriver] [  913] - <In Set values of the page>
[INFO ][2016-02-08 15:56:59,784][com.java.SeleniumDriver] [  916] - {Data Fields & Data Values Exist}
[INFO ][2016-02-08 15:56:59,784][com.java.SeleniumDriver] [  918] - --------------------------setting values-----------------------------
[INFO ][2016-02-08 15:56:59,784][com.java.SeleniumDriver] [  921] - Action Type : VERIFY
[INFO ][2016-02-08 15:56:59,784][com.java.TestType] [ 8382] - field= BTN value= //td[contains(text(),'Description')]
[INFO ][2016-02-08 15:56:59,784][com.java.TestType] [ 6748] - value = //td[contains(text(),'Description')]
[INFO ][2016-02-08 15:56:59,824][com.java.SeleniumDriver] [  930] -  RESULT true
[INFO ][2016-02-08 15:56:59,824][com.java.SeleniumDriver] [ 1136] - ?   P A S S   ?
[INFO ][2016-02-08 15:56:59,824][com.java.SeleniumDriver] [  856] - ------------------------------------------
[INFO ][2016-02-08 15:56:59,824][com.java.SeleniumDriver] [  857] - Test case being Executed: 12
[INFO ][2016-02-08 15:56:59,824][com.java.SeleniumDriver] [  869] - Test step:10
[INFO ][2016-02-08 15:56:59,824][com.java.SeleniumDriver] [  881] - Datavalue is----------//td[contains(text(),'Rated Loan*')]
[INFO ][2016-02-08 15:56:59,824][com.java.SeleniumDriver] [  905] - DataField : BTN
[INFO ][2016-02-08 15:56:59,824][com.java.SeleniumDriver] [  907] - DataValue : //td[contains(text(),'Rated Loan*')]
[INFO ][2016-02-08 15:56:59,824][com.java.SeleniumDriver] [  913] - <In Set values of the page>
[INFO ][2016-02-08 15:56:59,824][com.java.SeleniumDriver] [  916] - {Data Fields & Data Values Exist}
[INFO ][2016-02-08 15:56:59,824][com.java.SeleniumDriver] [  918] - --------------------------setting values-----------------------------
[INFO ][2016-02-08 15:56:59,824][com.java.SeleniumDriver] [  921] - Action Type : VERIFY
[INFO ][2016-02-08 15:56:59,824][com.java.TestType] [ 8382] - field= BTN value= //td[contains(text(),'Rated Loan*')]
[INFO ][2016-02-08 15:56:59,824][com.java.TestType] [ 6748] - value = //td[contains(text(),'Rated Loan*')]
[INFO ][2016-02-08 15:56:59,864][com.java.SeleniumDriver] [  930] -  RESULT true
[INFO ][2016-02-08 15:56:59,864][com.java.SeleniumDriver] [ 1136] - ?   P A S S   ?
[INFO ][2016-02-08 15:56:59,864][com.java.SeleniumDriver] [  856] - ------------------------------------------
[INFO ][2016-02-08 15:56:59,864][com.java.SeleniumDriver] [  857] - Test case being Executed: 12
[INFO ][2016-02-08 15:56:59,864][com.java.SeleniumDriver] [  869] - Test step:11
[INFO ][2016-02-08 15:56:59,864][com.java.SeleniumDriver] [  881] - Datavalue is----------RNDVLTest
[INFO ][2016-02-08 15:56:59,864][com.java.SeleniumDriver] [  905] - DataField : TXTtxtDescription
[INFO ][2016-02-08 15:56:59,864][com.java.SeleniumDriver] [  907] - DataValue : RNDVLTest
[INFO ][2016-02-08 15:56:59,864][com.java.SeleniumDriver] [  913] - <In Set values of the page>
[INFO ][2016-02-08 15:56:59,864][com.java.SeleniumDriver] [  916] - {Data Fields & Data Values Exist}
[INFO ][2016-02-08 15:56:59,864][com.java.SeleniumDriver] [  918] - --------------------------setting values-----------------------------
[INFO ][2016-02-08 15:56:59,864][com.java.SeleniumDriver] [  921] - Action Type : CLEARANDENTER
[INFO ][2016-02-08 15:57:00,995][com.java.TestType] [ 6748] - value = VLTest34295
[INFO ][2016-02-08 15:57:02,586][com.java.SeleniumDriver] [  930] -  RESULT true
[INFO ][2016-02-08 15:57:02,586][com.java.SeleniumDriver] [ 1136] - ?   P A S S   ?
[INFO ][2016-02-08 15:57:02,586][com.java.SeleniumDriver] [  856] - ------------------------------------------
[INFO ][2016-02-08 15:57:02,586][com.java.SeleniumDriver] [  857] - Test case being Executed: 12
[INFO ][2016-02-08 15:57:02,586][com.java.SeleniumDriver] [  869] - Test step:12
[INFO ][2016-02-08 15:57:02,586][com.java.SeleniumDriver] [  881] - Datavalue is----------2
[INFO ][2016-02-08 15:57:02,586][com.java.SeleniumDriver] [  905] - DataField : test
[INFO ][2016-02-08 15:57:02,586][com.java.SeleniumDriver] [  907] - DataValue : 2
[INFO ][2016-02-08 15:57:02,586][com.java.SeleniumDriver] [  913] - <In Set values of the page>
[INFO ][2016-02-08 15:57:02,586][com.java.SeleniumDriver] [  916] - {Data Fields & Data Values Exist}
[INFO ][2016-02-08 15:57:02,586][com.java.SeleniumDriver] [  918] - --------------------------setting values-----------------------------
[INFO ][2016-02-08 15:57:02,586][com.java.SeleniumDriver] [  921] - Action Type : WAITTIME
[DEBUG][2016-02-08 15:57:02,586][com.java.TestType] [ 6562] - sleepTime: 2000
[INFO ][2016-02-08 15:57:04,586][com.java.SeleniumDriver] [  930] -  RESULT true
[INFO ][2016-02-08 15:57:04,586][com.java.SeleniumDriver] [ 1136] - ?   P A S S   ?
[INFO ][2016-02-08 15:57:04,586][com.java.SeleniumDriver] [  856] - ------------------------------------------
[INFO ][2016-02-08 15:57:04,586][com.java.SeleniumDriver] [  857] - Test case being Executed: 12
[INFO ][2016-02-08 15:57:04,586][com.java.SeleniumDriver] [  869] - Test step:13
[INFO ][2016-02-08 15:57:04,586][com.java.SeleniumDriver] [  881] - Datavalue is----------Test
[INFO ][2016-02-08 15:57:04,586][com.java.SeleniumDriver] [  905] - DataField : TXTtxtDescription
[INFO ][2016-02-08 15:57:04,586][com.java.SeleniumDriver] [  907] - DataValue : Test
[INFO ][2016-02-08 15:57:04,586][com.java.SeleniumDriver] [  913] - <In Set values of the page>
[INFO ][2016-02-08 15:57:04,586][com.java.SeleniumDriver] [  916] - {Data Fields & Data Values Exist}
[INFO ][2016-02-08 15:57:04,586][com.java.SeleniumDriver] [  918] - --------------------------setting values-----------------------------
[INFO ][2016-02-08 15:57:04,586][com.java.SeleniumDriver] [  921] - Action Type : STOREVALUE
[INFO ][2016-02-08 15:57:04,586][com.java.TestType] [ 9885] - field= TXTtxtDescription
[DEBUG][2016-02-08 15:57:05,678][com.java.TestType] [ 9899] - Key:: Test  Value:: VLTest34295
[INFO ][2016-02-08 15:57:05,678][com.java.SeleniumDriver] [  930] -  RESULT true
[INFO ][2016-02-08 15:57:05,678][com.java.SeleniumDriver] [ 1136] - ?   P A S S   ?
[INFO ][2016-02-08 15:57:05,678][com.java.SeleniumDriver] [  856] - ------------------------------------------
[INFO ][2016-02-08 15:57:05,678][com.java.SeleniumDriver] [  857] - Test case being Executed: 12
[INFO ][2016-02-08 15:57:05,678][com.java.SeleniumDriver] [  869] - Test step:14
[INFO ][2016-02-08 15:57:05,678][com.java.SeleniumDriver] [  881] - Datavalue is----------3
[INFO ][2016-02-08 15:57:05,678][com.java.SeleniumDriver] [  905] - DataField : test
[INFO ][2016-02-08 15:57:05,678][com.java.SeleniumDriver] [  907] - DataValue : 3
[INFO ][2016-02-08 15:57:05,678][com.java.SeleniumDriver] [  913] - <In Set values of the page>
[INFO ][2016-02-08 15:57:05,678][com.java.SeleniumDriver] [  916] - {Data Fields & Data Values Exist}
[INFO ][2016-02-08 15:57:05,678][com.java.SeleniumDriver] [  918] - --------------------------setting values-----------------------------
[INFO ][2016-02-08 15:57:05,678][com.java.SeleniumDriver] [  921] - Action Type : WAITTIME
[DEBUG][2016-02-08 15:57:05,678][com.java.TestType] [ 6562] - sleepTime: 3000
[INFO ][2016-02-08 15:57:08,678][com.java.SeleniumDriver] [  930] -  RESULT true
[INFO ][2016-02-08 15:57:08,678][com.java.SeleniumDriver] [ 1136] - ?   P A S S   ?
[INFO ][2016-02-08 15:57:08,678][com.java.SeleniumDriver] [  856] - ------------------------------------------
[INFO ][2016-02-08 15:57:08,678][com.java.SeleniumDriver] [  857] - Test case being Executed: 12
[INFO ][2016-02-08 15:57:08,678][com.java.SeleniumDriver] [  869] - Test step:15
[INFO ][2016-02-08 15:57:08,678][com.java.SeleniumDriver] [  881] - Datavalue is----------1.00
[INFO ][2016-02-08 15:57:08,678][com.java.SeleniumDriver] [  905] - DataField : TXTtxtWeight
[INFO ][2016-02-08 15:57:08,678][com.java.SeleniumDriver] [  907] - DataValue : 1.00
[INFO ][2016-02-08 15:57:08,678][com.java.SeleniumDriver] [  913] - <In Set values of the page>
[INFO ][2016-02-08 15:57:08,678][com.java.SeleniumDriver] [  916] - {Data Fields & Data Values Exist}
[INFO ][2016-02-08 15:57:08,678][com.java.SeleniumDriver] [  918] - --------------------------setting values-----------------------------
[INFO ][2016-02-08 15:57:08,678][com.java.SeleniumDriver] [  921] - Action Type : CLEARANDENTER
[INFO ][2016-02-08 15:57:09,810][com.java.TestType] [ 6748] - value = 1.00
[INFO ][2016-02-08 15:57:10,971][com.java.SeleniumDriver] [  930] -  RESULT true
[INFO ][2016-02-08 15:57:10,971][com.java.SeleniumDriver] [ 1136] - ?   P A S S   ?
[INFO ][2016-02-08 15:57:10,971][com.java.SeleniumDriver] [  856] - ------------------------------------------
[INFO ][2016-02-08 15:57:10,971][com.java.SeleniumDriver] [  857] - Test case being Executed: 12
[INFO ][2016-02-08 15:57:10,971][com.java.SeleniumDriver] [  869] - Test step:16
[INFO ][2016-02-08 15:57:10,971][com.java.SeleniumDriver] [  881] - Datavalue is----------Historical
[INFO ][2016-02-08 15:57:10,971][com.java.SeleniumDriver] [  905] - DataField : TXTtxtWeight
[INFO ][2016-02-08 15:57:10,971][com.java.SeleniumDriver] [  907] - DataValue : Historical
[INFO ][2016-02-08 15:57:10,971][com.java.SeleniumDriver] [  913] - <In Set values of the page>
[INFO ][2016-02-08 15:57:10,971][com.java.SeleniumDriver] [  916] - {Data Fields & Data Values Exist}
[INFO ][2016-02-08 15:57:10,971][com.java.SeleniumDriver] [  918] - --------------------------setting values-----------------------------
[INFO ][2016-02-08 15:57:10,971][com.java.SeleniumDriver] [  921] - Action Type : STOREVALUE
[INFO ][2016-02-08 15:57:10,971][com.java.TestType] [ 9885] - field= TXTtxtWeight
[DEBUG][2016-02-08 15:57:12,052][com.java.TestType] [ 9899] - Key:: Historical  Value:: 1.00
[INFO ][2016-02-08 15:57:12,052][com.java.SeleniumDriver] [  930] -  RESULT true
[INFO ][2016-02-08 15:57:12,052][com.java.SeleniumDriver] [ 1136] - ?   P A S S   ?
[INFO ][2016-02-08 15:57:12,052][com.java.SeleniumDriver] [  856] - ------------------------------------------
[INFO ][2016-02-08 15:57:12,052][com.java.SeleniumDriver] [  857] - Test case being Executed: 12
[INFO ][2016-02-08 15:57:12,052][com.java.SeleniumDriver] [  869] - Test step:17
[INFO ][2016-02-08 15:57:12,052][com.java.SeleniumDriver] [  881] - Datavalue is----------3
[INFO ][2016-02-08 15:57:12,052][com.java.SeleniumDriver] [  905] - DataField : test
[INFO ][2016-02-08 15:57:12,052][com.java.SeleniumDriver] [  907] - DataValue : 3
[INFO ][2016-02-08 15:57:12,052][com.java.SeleniumDriver] [  913] - <In Set values of the page>
[INFO ][2016-02-08 15:57:12,052][com.java.SeleniumDriver] [  916] - {Data Fields & Data Values Exist}
[INFO ][2016-02-08 15:57:12,052][com.java.SeleniumDriver] [  918] - --------------------------setting values-----------------------------
[INFO ][2016-02-08 15:57:12,052][com.java.SeleniumDriver] [  921] - Action Type : WAITTIME
[DEBUG][2016-02-08 15:57:12,052][com.java.TestType] [ 6562] - sleepTime: 3000
[INFO ][2016-02-08 15:57:15,052][com.java.SeleniumDriver] [  930] -  RESULT true
[INFO ][2016-02-08 15:57:15,052][com.java.SeleniumDriver] [ 1136] - ?   P A S S   ?
[INFO ][2016-02-08 15:57:15,052][com.java.SeleniumDriver] [  856] - ------------------------------------------
[INFO ][2016-02-08 15:57:15,052][com.java.SeleniumDriver] [  857] - Test case being Executed: 12
[INFO ][2016-02-08 15:57:15,052][com.java.SeleniumDriver] [  869] - Test step:18
[INFO ][2016-02-08 15:57:15,052][com.java.SeleniumDriver] [  881] - Datavalue is----------1.20
[INFO ][2016-02-08 15:57:15,052][com.java.SeleniumDriver] [  905] - DataField : TXTtxtWeight1
[INFO ][2016-02-08 15:57:15,052][com.java.SeleniumDriver] [  907] - DataValue : 1.20
[INFO ][2016-02-08 15:57:15,052][com.java.SeleniumDriver] [  913] - <In Set values of the page>
[INFO ][2016-02-08 15:57:15,052][com.java.SeleniumDriver] [  916] - {Data Fields & Data Values Exist}
[INFO ][2016-02-08 15:57:15,052][com.java.SeleniumDriver] [  918] - --------------------------setting values-----------------------------
[INFO ][2016-02-08 15:57:15,052][com.java.SeleniumDriver] [  921] - Action Type : CLEARANDENTER
[INFO ][2016-02-08 15:57:16,184][com.java.TestType] [ 6748] - value = 1.20
[INFO ][2016-02-08 15:57:17,347][com.java.SeleniumDriver] [  930] -  RESULT true
[INFO ][2016-02-08 15:57:17,347][com.java.SeleniumDriver] [ 1136] - ?   P A S S   ?
[INFO ][2016-02-08 15:57:17,347][com.java.SeleniumDriver] [  856] - ------------------------------------------
[INFO ][2016-02-08 15:57:17,347][com.java.SeleniumDriver] [  857] - Test case being Executed: 12
[INFO ][2016-02-08 15:57:17,347][com.java.SeleniumDriver] [  869] - Test step:19
[INFO ][2016-02-08 15:57:17,347][com.java.SeleniumDriver] [  881] - Datavalue is----------Economic
[INFO ][2016-02-08 15:57:17,347][com.java.SeleniumDriver] [  905] - DataField : TXTtxtWeight1
[INFO ][2016-02-08 15:57:17,347][com.java.SeleniumDriver] [  907] - DataValue : Economic
[INFO ][2016-02-08 15:57:17,347][com.java.SeleniumDriver] [  913] - <In Set values of the page>
[INFO ][2016-02-08 15:57:17,347][com.java.SeleniumDriver] [  916] - {Data Fields & Data Values Exist}
[INFO ][2016-02-08 15:57:17,347][com.java.SeleniumDriver] [  918] - --------------------------setting values-----------------------------
[INFO ][2016-02-08 15:57:17,347][com.java.SeleniumDriver] [  921] - Action Type : STOREVALUE
[INFO ][2016-02-08 15:57:17,347][com.java.TestType] [ 9885] - field= TXTtxtWeight1
[DEBUG][2016-02-08 15:57:18,428][com.java.TestType] [ 9899] - Key:: Economic  Value:: 1.20
[INFO ][2016-02-08 15:57:18,428][com.java.SeleniumDriver] [  930] -  RESULT true
[INFO ][2016-02-08 15:57:18,428][com.java.SeleniumDriver] [ 1136] - ?   P A S S   ?
[INFO ][2016-02-08 15:57:18,428][com.java.SeleniumDriver] [  856] - ------------------------------------------
[INFO ][2016-02-08 15:57:18,428][com.java.SeleniumDriver] [  857] - Test case being Executed: 12
[INFO ][2016-02-08 15:57:18,428][com.java.SeleniumDriver] [  869] - Test step:20
[INFO ][2016-02-08 15:57:18,428][com.java.SeleniumDriver] [  881] - Datavalue is----------3
[INFO ][2016-02-08 15:57:18,428][com.java.SeleniumDriver] [  905] - DataField : test
[INFO ][2016-02-08 15:57:18,428][com.java.SeleniumDriver] [  907] - DataValue : 3
[INFO ][2016-02-08 15:57:18,428][com.java.SeleniumDriver] [  913] - <In Set values of the page>
[INFO ][2016-02-08 15:57:18,428][com.java.SeleniumDriver] [  916] - {Data Fields & Data Values Exist}
[INFO ][2016-02-08 15:57:18,428][com.java.SeleniumDriver] [  918] - --------------------------setting values-----------------------------
[INFO ][2016-02-08 15:57:18,428][com.java.SeleniumDriver] [  921] - Action Type : WAITTIME
[DEBUG][2016-02-08 15:57:18,428][com.java.TestType] [ 6562] - sleepTime: 3000
[INFO ][2016-02-08 15:57:21,435][com.java.SeleniumDriver] [  930] -  RESULT true
[INFO ][2016-02-08 15:57:21,435][com.java.SeleniumDriver] [ 1136] - ?   P A S S   ?
[INFO ][2016-02-08 15:57:21,435][com.java.SeleniumDriver] [  856] - ------------------------------------------
[INFO ][2016-02-08 15:57:21,435][com.java.SeleniumDriver] [  857] - Test case being Executed: 12
[INFO ][2016-02-08 15:57:21,435][com.java.SeleniumDriver] [  869] - Test step:21
[INFO ][2016-02-08 15:57:21,435][com.java.SeleniumDriver] [  881] - Datavalue is----------0.50
[INFO ][2016-02-08 15:57:21,435][com.java.SeleniumDriver] [  905] - DataField : TXTtxtWeight2
[INFO ][2016-02-08 15:57:21,435][com.java.SeleniumDriver] [  907] - DataValue : 0.50
[INFO ][2016-02-08 15:57:21,435][com.java.SeleniumDriver] [  913] - <In Set values of the page>
[INFO ][2016-02-08 15:57:21,435][com.java.SeleniumDriver] [  916] - {Data Fields & Data Values Exist}
[INFO ][2016-02-08 15:57:21,435][com.java.SeleniumDriver] [  918] - --------------------------setting values-----------------------------
[INFO ][2016-02-08 15:57:21,435][com.java.SeleniumDriver] [  921] - Action Type : CLEARANDENTER
[INFO ][2016-02-08 15:57:22,567][com.java.TestType] [ 6748] - value = 0.50
[INFO ][2016-02-08 15:57:23,758][com.java.SeleniumDriver] [  930] -  RESULT true
[INFO ][2016-02-08 15:57:23,758][com.java.SeleniumDriver] [ 1136] - ?   P A S S   ?
[INFO ][2016-02-08 15:57:23,758][com.java.SeleniumDriver] [  856] - ------------------------------------------
[INFO ][2016-02-08 15:57:23,758][com.java.SeleniumDriver] [  857] - Test case being Executed: 12
[INFO ][2016-02-08 15:57:23,758][com.java.SeleniumDriver] [  869] - Test step:22
[INFO ][2016-02-08 15:57:23,758][com.java.SeleniumDriver] [  881] - Datavalue is----------Other
[INFO ][2016-02-08 15:57:23,758][com.java.SeleniumDriver] [  905] - DataField : TXTtxtWeight2
[INFO ][2016-02-08 15:57:23,758][com.java.SeleniumDriver] [  907] - DataValue : Other
[INFO ][2016-02-08 15:57:23,758][com.java.SeleniumDriver] [  913] - <In Set values of the page>
[INFO ][2016-02-08 15:57:23,758][com.java.SeleniumDriver] [  916] - {Data Fields & Data Values Exist}
[INFO ][2016-02-08 15:57:23,758][com.java.SeleniumDriver] [  918] - --------------------------setting values-----------------------------
[INFO ][2016-02-08 15:57:23,758][com.java.SeleniumDriver] [  921] - Action Type : STOREVALUE
[INFO ][2016-02-08 15:57:23,758][com.java.TestType] [ 9885] - field= TXTtxtWeight2
[DEBUG][2016-02-08 15:57:24,849][com.java.TestType] [ 9899] - Key:: Other  Value:: 0.50
[INFO ][2016-02-08 15:57:24,849][com.java.SeleniumDriver] [  930] -  RESULT true
[INFO ][2016-02-08 15:57:24,849][com.java.SeleniumDriver] [ 1136] - ?   P A S S   ?
[INFO ][2016-02-08 15:57:24,849][com.java.SeleniumDriver] [  856] - ------------------------------------------
[INFO ][2016-02-08 15:57:24,849][com.java.SeleniumDriver] [  857] - Test case being Executed: 12
[INFO ][2016-02-08 15:57:24,849][com.java.SeleniumDriver] [  869] - Test step:23
[INFO ][2016-02-08 15:57:24,849][com.java.SeleniumDriver] [  881] - Datavalue is----------3
[INFO ][2016-02-08 15:57:24,849][com.java.SeleniumDriver] [  905] - DataField : test
[INFO ][2016-02-08 15:57:24,849][com.java.SeleniumDriver] [  907] - DataValue : 3
[INFO ][2016-02-08 15:57:24,849][com.java.SeleniumDriver] [  913] - <In Set values of the page>
[INFO ][2016-02-08 15:57:24,849][com.java.SeleniumDriver] [  916] - {Data Fields & Data Values Exist}
[INFO ][2016-02-08 15:57:24,849][com.java.SeleniumDriver] [  918] - --------------------------setting values-----------------------------
[INFO ][2016-02-08 15:57:24,849][com.java.SeleniumDriver] [  921] - Action Type : WAITTIME
[DEBUG][2016-02-08 15:57:24,849][com.java.TestType] [ 6562] - sleepTime: 3000
[INFO ][2016-02-08 15:57:27,849][com.java.SeleniumDriver] [  930] -  RESULT true
[INFO ][2016-02-08 15:57:27,849][com.java.SeleniumDriver] [ 1136] - ?   P A S S   ?
[INFO ][2016-02-08 15:57:27,849][com.java.SeleniumDriver] [  856] - ------------------------------------------
[INFO ][2016-02-08 15:57:27,849][com.java.SeleniumDriver] [  857] - Test case being Executed: 12
[INFO ][2016-02-08 15:57:27,849][com.java.SeleniumDriver] [  869] - Test step:24
[INFO ][2016-02-08 15:57:27,849][com.java.SeleniumDriver] [  881] - Datavalue is----------null
[DEBUG][2016-02-08 15:57:27,849][com.java.SeleniumDriver] [  899] - Exception: null
[INFO ][2016-02-08 15:57:27,849][com.java.SeleniumDriver] [  905] - DataField : BTNchkRated
[INFO ][2016-02-08 15:57:27,849][com.java.SeleniumDriver] [  907] - DataValue : 
[INFO ][2016-02-08 15:57:27,849][com.java.SeleniumDriver] [  913] - <In Set values of the page>
[INFO ][2016-02-08 15:57:27,849][com.java.SeleniumDriver] [  916] - {Data Fields & Data Values Exist}
[INFO ][2016-02-08 15:57:27,849][com.java.SeleniumDriver] [  918] - --------------------------setting values-----------------------------
[INFO ][2016-02-08 15:57:27,849][com.java.SeleniumDriver] [  921] - Action Type : CLICK
[INFO ][2016-02-08 15:57:27,849][com.java.TestType] [ 7149] - Field ::BTNchkRated
[INFO ][2016-02-08 15:57:27,849][com.java.TestType] [ 6748] - value = 
[INFO ][2016-02-08 15:57:28,850][com.java.TestType] [ 7305] - BEFORE CLICK
[INFO ][2016-02-08 15:57:30,011][com.java.TestType] [ 7312] - Unable to click the object RatedLoan checkbox
[INFO ][2016-02-08 15:57:30,011][com.java.SeleniumDriver] [  930] -  RESULT true
[INFO ][2016-02-08 15:57:30,011][com.java.SeleniumDriver] [ 1136] - ?   P A S S   ?
[INFO ][2016-02-08 15:57:30,011][com.java.SeleniumDriver] [  856] - ------------------------------------------
[INFO ][2016-02-08 15:57:30,011][com.java.SeleniumDriver] [  857] - Test case being Executed: 12
[INFO ][2016-02-08 15:57:30,011][com.java.SeleniumDriver] [  869] - Test step:25
[INFO ][2016-02-08 15:57:30,011][com.java.SeleniumDriver] [  881] - Datavalue is----------null
[DEBUG][2016-02-08 15:57:30,011][com.java.SeleniumDriver] [  899] - Exception: null
[INFO ][2016-02-08 15:57:30,011][com.java.SeleniumDriver] [  905] - DataField : BTNparent
[INFO ][2016-02-08 15:57:30,011][com.java.SeleniumDriver] [  907] - DataValue : 
[INFO ][2016-02-08 15:57:30,011][com.java.SeleniumDriver] [  913] - <In Set values of the page>
[INFO ][2016-02-08 15:57:30,011][com.java.SeleniumDriver] [  916] - {Data Fields & Data Values Exist}
[INFO ][2016-02-08 15:57:30,011][com.java.SeleniumDriver] [  918] - --------------------------setting values-----------------------------
[INFO ][2016-02-08 15:57:30,011][com.java.SeleniumDriver] [  921] - Action Type : SELECTFRAME
[INFO ][2016-02-08 15:57:30,021][com.java.SeleniumDriver] [  930] -  RESULT true
[INFO ][2016-02-08 15:57:30,021][com.java.SeleniumDriver] [ 1136] - ?   P A S S   ?
[INFO ][2016-02-08 15:57:30,021][com.java.SeleniumDriver] [  856] - ------------------------------------------
[INFO ][2016-02-08 15:57:30,021][com.java.SeleniumDriver] [  857] - Test case being Executed: 12
[INFO ][2016-02-08 15:57:30,021][com.java.SeleniumDriver] [  869] - Test step:26
[INFO ][2016-02-08 15:57:30,021][com.java.SeleniumDriver] [  881] - Datavalue is----------5
[INFO ][2016-02-08 15:57:30,021][com.java.SeleniumDriver] [  905] - DataField : XPH//span[contains(text(), 'Update')]
[INFO ][2016-02-08 15:57:30,021][com.java.SeleniumDriver] [  907] - DataValue : 5
[INFO ][2016-02-08 15:57:30,021][com.java.SeleniumDriver] [  913] - <In Set values of the page>
[INFO ][2016-02-08 15:57:30,021][com.java.SeleniumDriver] [  916] - {Data Fields & Data Values Exist}
[INFO ][2016-02-08 15:57:30,021][com.java.SeleniumDriver] [  918] - --------------------------setting values-----------------------------
[INFO ][2016-02-08 15:57:30,021][com.java.SeleniumDriver] [  921] - Action Type : WAITFORELEMENT
[INFO ][2016-02-08 15:57:30,061][com.java.SeleniumDriver] [  930] -  RESULT true
[INFO ][2016-02-08 15:57:30,061][com.java.SeleniumDriver] [ 1136] - ?   P A S S   ?
[INFO ][2016-02-08 15:57:30,061][com.java.SeleniumDriver] [  856] - ------------------------------------------
[INFO ][2016-02-08 15:57:30,061][com.java.SeleniumDriver] [  857] - Test case being Executed: 12
[INFO ][2016-02-08 15:57:30,061][com.java.SeleniumDriver] [  869] - Test step:27
[INFO ][2016-02-08 15:57:30,061][com.java.SeleniumDriver] [  881] - Datavalue is----------null
[DEBUG][2016-02-08 15:57:30,061][com.java.SeleniumDriver] [  899] - Exception: null
[INFO ][2016-02-08 15:57:30,061][com.java.SeleniumDriver] [  905] - DataField : HDN//span[contains(text(), 'Update')]
[INFO ][2016-02-08 15:57:30,061][com.java.SeleniumDriver] [  907] - DataValue : 
[INFO ][2016-02-08 15:57:30,061][com.java.SeleniumDriver] [  913] - <In Set values of the page>
[INFO ][2016-02-08 15:57:30,061][com.java.SeleniumDriver] [  916] - {Data Fields & Data Values Exist}
[INFO ][2016-02-08 15:57:30,061][com.java.SeleniumDriver] [  918] - --------------------------setting values-----------------------------
[INFO ][2016-02-08 15:57:30,061][com.java.SeleniumDriver] [  921] - Action Type : CLICK
[INFO ][2016-02-08 15:57:30,061][com.java.TestType] [ 7149] - Field ::HDN//span[contains(text(), 'Update')]
[INFO ][2016-02-08 15:57:30,061][com.java.TestType] [ 6748] - value = 
[INFO ][2016-02-08 15:57:31,232][com.java.SeleniumDriver] [  930] -  RESULT true
[INFO ][2016-02-08 15:57:31,232][com.java.SeleniumDriver] [ 1136] - ?   P A S S   ?
[INFO ][2016-02-08 15:57:31,232][com.java.SeleniumDriver] [  856] - ------------------------------------------
[INFO ][2016-02-08 15:57:31,232][com.java.SeleniumDriver] [  857] - Test case being Executed: 12
[INFO ][2016-02-08 15:57:31,232][com.java.SeleniumDriver] [  869] - Test step:28
[INFO ][2016-02-08 15:57:31,232][com.java.SeleniumDriver] [  881] - Datavalue is----------10
[INFO ][2016-02-08 15:57:31,232][com.java.SeleniumDriver] [  905] - DataField : test
[INFO ][2016-02-08 15:57:31,232][com.java.SeleniumDriver] [  907] - DataValue : 10
[INFO ][2016-02-08 15:57:31,232][com.java.SeleniumDriver] [  913] - <In Set values of the page>
[INFO ][2016-02-08 15:57:31,232][com.java.SeleniumDriver] [  916] - {Data Fields & Data Values Exist}
[INFO ][2016-02-08 15:57:31,232][com.java.SeleniumDriver] [  918] - --------------------------setting values-----------------------------
[INFO ][2016-02-08 15:57:31,232][com.java.SeleniumDriver] [  921] - Action Type : WaitTime
[DEBUG][2016-02-08 15:57:31,232][com.java.TestType] [ 6562] - sleepTime: 10000
[INFO ][2016-02-08 15:57:41,232][com.java.SeleniumDriver] [  930] -  RESULT true
[INFO ][2016-02-08 15:57:41,232][com.java.SeleniumDriver] [ 1136] - ?   P A S S   ?
[INFO ][2016-02-08 15:57:41,232][com.java.SeleniumDriver] [  856] - ------------------------------------------
[INFO ][2016-02-08 15:57:41,232][com.java.SeleniumDriver] [  857] - Test case being Executed: 12
[INFO ][2016-02-08 15:57:41,232][com.java.SeleniumDriver] [  869] - Test step:29
[INFO ][2016-02-08 15:57:41,232][com.java.SeleniumDriver] [  881] - Datavalue is----------5
[INFO ][2016-02-08 15:57:41,232][com.java.SeleniumDriver] [  905] - DataField : XPH//span[contains(text(), 'Rated Loan Categories')]
[INFO ][2016-02-08 15:57:41,232][com.java.SeleniumDriver] [  907] - DataValue : 5
[INFO ][2016-02-08 15:57:41,232][com.java.SeleniumDriver] [  913] - <In Set values of the page>
[INFO ][2016-02-08 15:57:41,232][com.java.SeleniumDriver] [  916] - {Data Fields & Data Values Exist}
[INFO ][2016-02-08 15:57:41,232][com.java.SeleniumDriver] [  918] - --------------------------setting values-----------------------------
[INFO ][2016-02-08 15:57:41,232][com.java.SeleniumDriver] [  921] - Action Type : WAITFORELEMENT
[INFO ][2016-02-08 15:57:41,273][com.java.SeleniumDriver] [  930] -  RESULT true
[INFO ][2016-02-08 15:57:41,273][com.java.SeleniumDriver] [ 1136] - ?   P A S S   ?
[INFO ][2016-02-08 15:57:41,273][com.java.SeleniumDriver] [  856] - ------------------------------------------
[INFO ][2016-02-08 15:57:41,273][com.java.SeleniumDriver] [  857] - Test case being Executed: 12
[INFO ][2016-02-08 15:57:41,273][com.java.SeleniumDriver] [  869] - Test step:30
[INFO ][2016-02-08 15:57:41,273][com.java.SeleniumDriver] [  881] - Datavalue is----------null
[DEBUG][2016-02-08 15:57:41,273][com.java.SeleniumDriver] [  899] - Exception: null
[INFO ][2016-02-08 15:57:41,273][com.java.SeleniumDriver] [  905] - DataField : BTNframeDialogContent
[INFO ][2016-02-08 15:57:41,273][com.java.SeleniumDriver] [  907] - DataValue : 
[INFO ][2016-02-08 15:57:41,273][com.java.SeleniumDriver] [  913] - <In Set values of the page>
[INFO ][2016-02-08 15:57:41,273][com.java.SeleniumDriver] [  916] - {Data Fields & Data Values Exist}
[INFO ][2016-02-08 15:57:41,273][com.java.SeleniumDriver] [  918] - --------------------------setting values-----------------------------
[INFO ][2016-02-08 15:57:41,273][com.java.SeleniumDriver] [  921] - Action Type : SELECTFRAME
[INFO ][2016-02-08 15:57:42,534][com.java.SeleniumDriver] [  930] -  RESULT true
[INFO ][2016-02-08 15:57:42,534][com.java.SeleniumDriver] [ 1136] - ?   P A S S   ?
[INFO ][2016-02-08 15:57:42,534][com.java.SeleniumDriver] [  856] - ------------------------------------------
[INFO ][2016-02-08 15:57:42,534][com.java.SeleniumDriver] [  857] - Test case being Executed: 12
[INFO ][2016-02-08 15:57:42,534][com.java.SeleniumDriver] [  869] - Test step:31
[INFO ][2016-02-08 15:57:42,534][com.java.SeleniumDriver] [  881] - Datavalue is----------HMVTest
[INFO ][2016-02-08 15:57:42,534][com.java.SeleniumDriver] [  905] - DataField : MSG
[INFO ][2016-02-08 15:57:42,534][com.java.SeleniumDriver] [  907] - DataValue : HMVTest
[INFO ][2016-02-08 15:57:42,534][com.java.SeleniumDriver] [  913] - <In Set values of the page>
[INFO ][2016-02-08 15:57:42,534][com.java.SeleniumDriver] [  916] - {Data Fields & Data Values Exist}
[INFO ][2016-02-08 15:57:42,534][com.java.SeleniumDriver] [  918] - --------------------------setting values-----------------------------
[INFO ][2016-02-08 15:57:42,534][com.java.SeleniumDriver] [  921] - Action Type : VERIFY
[INFO ][2016-02-08 15:57:42,534][com.java.TestType] [ 8382] - field= MSG value= HMVTest
[INFO ][2016-02-08 15:57:42,534][com.java.TestType] [ 6748] - value = VLTest34295
[DEBUG][2016-02-08 15:57:42,534][com.java.TestType] [ 9245] - value :: VLTest34295
[INFO ][2016-02-08 15:57:42,554][com.java.SeleniumDriver] [  930] -  RESULT true
[INFO ][2016-02-08 15:57:42,554][com.java.SeleniumDriver] [ 1136] - ?   P A S S   ?
[INFO ][2016-02-08 15:57:42,554][com.java.SeleniumDriver] [  856] - ------------------------------------------
[INFO ][2016-02-08 15:57:42,554][com.java.SeleniumDriver] [  857] - Test case being Executed: 12
[INFO ][2016-02-08 15:57:42,554][com.java.SeleniumDriver] [  869] - Test step:32
[INFO ][2016-02-08 15:57:42,554][com.java.SeleniumDriver] [  881] - Datavalue is----------null
[DEBUG][2016-02-08 15:57:42,554][com.java.SeleniumDriver] [  899] - Exception: null
[INFO ][2016-02-08 15:57:42,554][com.java.SeleniumDriver] [  905] - DataField : BTNparent
[INFO ][2016-02-08 15:57:42,554][com.java.SeleniumDriver] [  907] - DataValue : 
[INFO ][2016-02-08 15:57:42,554][com.java.SeleniumDriver] [  913] - <In Set values of the page>
[INFO ][2016-02-08 15:57:42,554][com.java.SeleniumDriver] [  916] - {Data Fields & Data Values Exist}
[INFO ][2016-02-08 15:57:42,554][com.java.SeleniumDriver] [  918] - --------------------------setting values-----------------------------
[INFO ][2016-02-08 15:57:42,554][com.java.SeleniumDriver] [  921] - Action Type : SELECTFRAME
[INFO ][2016-02-08 15:57:42,574][com.java.SeleniumDriver] [  930] -  RESULT true
[INFO ][2016-02-08 15:57:42,574][com.java.SeleniumDriver] [ 1136] - ?   P A S S   ?
[INFO ][2016-02-08 15:57:42,574][com.java.SeleniumDriver] [  856] - ------------------------------------------
[INFO ][2016-02-08 15:57:42,574][com.java.SeleniumDriver] [  857] - Test case being Executed: 12
[INFO ][2016-02-08 15:57:42,574][com.java.SeleniumDriver] [  869] - Test step:33
[INFO ][2016-02-08 15:57:42,574][com.java.SeleniumDriver] [  881] - Datavalue is----------null
[DEBUG][2016-02-08 15:57:42,574][com.java.SeleniumDriver] [  899] - Exception: null
[INFO ][2016-02-08 15:57:42,574][com.java.SeleniumDriver] [  905] - DataField : HDN//span[contains(text(), 'Update')]
[INFO ][2016-02-08 15:57:42,574][com.java.SeleniumDriver] [  907] - DataValue : 
[INFO ][2016-02-08 15:57:42,574][com.java.SeleniumDriver] [  913] - <In Set values of the page>
[INFO ][2016-02-08 15:57:42,574][com.java.SeleniumDriver] [  916] - {Data Fields & Data Values Exist}
[INFO ][2016-02-08 15:57:42,574][com.java.SeleniumDriver] [  918] - --------------------------setting values-----------------------------
[INFO ][2016-02-08 15:57:42,574][com.java.SeleniumDriver] [  921] - Action Type : CLICK
[INFO ][2016-02-08 15:57:42,574][com.java.TestType] [ 7149] - Field ::HDN//span[contains(text(), 'Update')]
[INFO ][2016-02-08 15:57:42,574][com.java.TestType] [ 6748] - value = 
[INFO ][2016-02-08 15:57:43,905][com.java.SeleniumDriver] [  930] -  RESULT true
[INFO ][2016-02-08 15:57:43,905][com.java.SeleniumDriver] [ 1136] - ?   P A S S   ?
[INFO ][2016-02-08 15:57:43,905][com.java.SeleniumDriver] [  856] - ------------------------------------------
[INFO ][2016-02-08 15:57:43,905][com.java.SeleniumDriver] [  857] - Test case being Executed: 12
[INFO ][2016-02-08 15:57:43,905][com.java.SeleniumDriver] [  869] - Test step:34
[INFO ][2016-02-08 15:57:43,905][com.java.SeleniumDriver] [  881] - Datavalue is----------3
[INFO ][2016-02-08 15:57:43,905][com.java.SeleniumDriver] [  905] - DataField : XPH//div[contains(text(), 'My Dashboard')]
[INFO ][2016-02-08 15:57:43,905][com.java.SeleniumDriver] [  907] - DataValue : 3
[INFO ][2016-02-08 15:57:43,905][com.java.SeleniumDriver] [  913] - <In Set values of the page>
[INFO ][2016-02-08 15:57:43,905][com.java.SeleniumDriver] [  916] - {Data Fields & Data Values Exist}
[INFO ][2016-02-08 15:57:43,905][com.java.SeleniumDriver] [  918] - --------------------------setting values-----------------------------
[INFO ][2016-02-08 15:57:43,905][com.java.SeleniumDriver] [  921] - Action Type : WAITFORELEMENT
[INFO ][2016-02-08 15:57:43,995][com.java.SeleniumDriver] [  930] -  RESULT true
[INFO ][2016-02-08 15:57:43,995][com.java.SeleniumDriver] [ 1136] - ?   P A S S   ?
[INFO ][2016-02-08 15:57:43,995][com.java.SeleniumDriver] [  856] - ------------------------------------------
[INFO ][2016-02-08 15:57:43,995][com.java.SeleniumDriver] [  857] - Test case being Executed: 12
[INFO ][2016-02-08 15:57:43,995][com.java.SeleniumDriver] [  869] - Test step:35
[INFO ][2016-02-08 15:57:43,995][com.java.SeleniumDriver] [  881] - Datavalue is----------My Dashboard
[INFO ][2016-02-08 15:57:43,995][com.java.SeleniumDriver] [  905] - DataField : XPH//div[contains(text(), 'My Dashboard')]
[INFO ][2016-02-08 15:57:43,995][com.java.SeleniumDriver] [  907] - DataValue : My Dashboard
[INFO ][2016-02-08 15:57:43,995][com.java.SeleniumDriver] [  913] - <In Set values of the page>
[INFO ][2016-02-08 15:57:43,995][com.java.SeleniumDriver] [  916] - {Data Fields & Data Values Exist}
[INFO ][2016-02-08 15:57:43,995][com.java.SeleniumDriver] [  918] - --------------------------setting values-----------------------------
[INFO ][2016-02-08 15:57:43,995][com.java.SeleniumDriver] [  921] - Action Type : VERIFY
[INFO ][2016-02-08 15:57:43,995][com.java.TestType] [ 8382] - field= XPH//div[contains(text(), 'My Dashboard')] value= My Dashboard
[INFO ][2016-02-08 15:57:43,995][com.java.TestType] [ 6748] - value = My Dashboard
[INFO ][2016-02-08 15:57:44,095][com.java.SeleniumDriver] [  930] -  RESULT true
[INFO ][2016-02-08 15:57:44,095][com.java.SeleniumDriver] [ 1136] - ?   P A S S   ?
[INFO ][2016-02-08 15:57:44,095][com.java.SeleniumDriver] [  856] - ------------------------------------------
[INFO ][2016-02-08 15:57:44,095][com.java.SeleniumDriver] [  857] - Test case being Executed: 12
[INFO ][2016-02-08 15:57:44,095][com.java.SeleniumDriver] [  869] - Test step:36
[INFO ][2016-02-08 15:57:44,095][com.java.SeleniumDriver] [  881] - Datavalue is----------null
[DEBUG][2016-02-08 15:57:44,095][com.java.SeleniumDriver] [  899] - Exception: null
[INFO ][2016-02-08 15:57:44,095][com.java.SeleniumDriver] [  905] - DataField : //span[@class='icon-user4']&&//a[text()='Company Settings']&&//a[@data-id="RatedLoans"]
[INFO ][2016-02-08 15:57:44,095][com.java.SeleniumDriver] [  907] - DataValue : 
[INFO ][2016-02-08 15:57:44,095][com.java.SeleniumDriver] [  913] - <In Set values of the page>
[INFO ][2016-02-08 15:57:44,095][com.java.SeleniumDriver] [  916] - {Data Fields & Data Values Exist}
[INFO ][2016-02-08 15:57:44,095][com.java.SeleniumDriver] [  918] - --------------------------setting values-----------------------------
[INFO ][2016-02-08 15:57:44,095][com.java.SeleniumDriver] [  921] - Action Type : MOUSEOVER
[INFO ][2016-02-08 15:58:28,859][com.java.SeleniumDriver] [  930] -  RESULT true
[INFO ][2016-02-08 15:58:28,859][com.java.SeleniumDriver] [ 1136] - ?   P A S S   ?
[INFO ][2016-02-08 15:58:28,859][com.java.SeleniumDriver] [  856] - ------------------------------------------
[INFO ][2016-02-08 15:58:28,859][com.java.SeleniumDriver] [  857] - Test case being Executed: 12
[INFO ][2016-02-08 15:58:28,859][com.java.SeleniumDriver] [  869] - Test step:37
[INFO ][2016-02-08 15:58:28,859][com.java.SeleniumDriver] [  881] - Datavalue is----------Rated Loan Categories
[INFO ][2016-02-08 15:58:28,859][com.java.SeleniumDriver] [  905] - DataField : XPH//span[contains(text(), 'Rated Loan Categories')]
[INFO ][2016-02-08 15:58:28,859][com.java.SeleniumDriver] [  907] - DataValue : Rated Loan Categories
[INFO ][2016-02-08 15:58:28,859][com.java.SeleniumDriver] [  913] - <In Set values of the page>
[INFO ][2016-02-08 15:58:28,859][com.java.SeleniumDriver] [  916] - {Data Fields & Data Values Exist}
[INFO ][2016-02-08 15:58:28,859][com.java.SeleniumDriver] [  918] - --------------------------setting values-----------------------------
[INFO ][2016-02-08 15:58:28,859][com.java.SeleniumDriver] [  921] - Action Type : VERIFY
[INFO ][2016-02-08 15:58:28,859][com.java.TestType] [ 8382] - field= XPH//span[contains(text(), 'Rated Loan Categories')] value= Rated Loan Categories
[INFO ][2016-02-08 15:58:28,859][com.java.TestType] [ 6748] - value = Rated Loan Categories
[INFO ][2016-02-08 15:58:29,030][com.java.SeleniumDriver] [  930] -  RESULT true
[INFO ][2016-02-08 15:58:29,030][com.java.SeleniumDriver] [ 1136] - ?   P A S S   ?
[INFO ][2016-02-08 15:58:29,030][com.java.SeleniumDriver] [  856] - ------------------------------------------
[INFO ][2016-02-08 15:58:29,030][com.java.SeleniumDriver] [  857] - Test case being Executed: 12
[INFO ][2016-02-08 15:58:29,030][com.java.SeleniumDriver] [  869] - Test step:38
[INFO ][2016-02-08 15:58:29,030][com.java.SeleniumDriver] [  881] - Datavalue is----------null
[DEBUG][2016-02-08 15:58:29,030][com.java.SeleniumDriver] [  899] - Exception: null
[INFO ][2016-02-08 15:58:29,030][com.java.SeleniumDriver] [  905] - DataField : BTNframeDialogContent
[INFO ][2016-02-08 15:58:29,030][com.java.SeleniumDriver] [  907] - DataValue : 
[INFO ][2016-02-08 15:58:29,030][com.java.SeleniumDriver] [  913] - <In Set values of the page>
[INFO ][2016-02-08 15:58:29,030][com.java.SeleniumDriver] [  916] - {Data Fields & Data Values Exist}
[INFO ][2016-02-08 15:58:29,030][com.java.SeleniumDriver] [  918] - --------------------------setting values-----------------------------
[INFO ][2016-02-08 15:58:29,030][com.java.SeleniumDriver] [  921] - Action Type : SELECTFRAME
[INFO ][2016-02-08 15:58:30,391][com.java.SeleniumDriver] [  930] -  RESULT true
[INFO ][2016-02-08 15:58:30,391][com.java.SeleniumDriver] [ 1136] - ?   P A S S   ?
[INFO ][2016-02-08 15:58:30,391][com.java.SeleniumDriver] [  856] - ------------------------------------------
[INFO ][2016-02-08 15:58:30,391][com.java.SeleniumDriver] [  857] - Test case being Executed: 12
[INFO ][2016-02-08 15:58:30,391][com.java.SeleniumDriver] [  869] - Test step:39
[INFO ][2016-02-08 15:58:30,391][com.java.SeleniumDriver] [  881] - Datavalue is----------Test
[INFO ][2016-02-08 15:58:30,391][com.java.SeleniumDriver] [  905] - DataField : MNC//table[@id="tblRatedLoans"]//input[@value='mytext']
[INFO ][2016-02-08 15:58:30,391][com.java.SeleniumDriver] [  907] - DataValue : Test
[INFO ][2016-02-08 15:58:30,391][com.java.SeleniumDriver] [  913] - <In Set values of the page>
[INFO ][2016-02-08 15:58:30,391][com.java.SeleniumDriver] [  916] - {Data Fields & Data Values Exist}
[INFO ][2016-02-08 15:58:30,391][com.java.SeleniumDriver] [  918] - --------------------------setting values-----------------------------
[INFO ][2016-02-08 15:58:30,391][com.java.SeleniumDriver] [  921] - Action Type : CLICK
[INFO ][2016-02-08 15:58:30,391][com.java.TestType] [ 7149] - Field ::MNC//table[@id="tblRatedLoans"]//input[@value='mytext']
[INFO ][2016-02-08 15:58:30,391][com.java.TestType] [ 6748] - value = Test
[INFO ][2016-02-08 15:58:31,592][com.java.SeleniumDriver] [  930] -  RESULT true
[INFO ][2016-02-08 15:58:31,592][com.java.SeleniumDriver] [ 1136] - ?   P A S S   ?
[INFO ][2016-02-08 15:58:31,592][com.java.SeleniumDriver] [  856] - ------------------------------------------
[INFO ][2016-02-08 15:58:31,592][com.java.SeleniumDriver] [  857] - Test case being Executed: 12
[INFO ][2016-02-08 15:58:31,592][com.java.SeleniumDriver] [  869] - Test step:40
[INFO ][2016-02-08 15:58:31,592][com.java.SeleniumDriver] [  881] - Datavalue is----------Test::RNDVLRobot
[INFO ][2016-02-08 15:58:31,592][com.java.SeleniumDriver] [  905] - DataField : PVP//table[@id="tblRatedLoans"]//input[@value='mytext']
[INFO ][2016-02-08 15:58:31,592][com.java.SeleniumDriver] [  907] - DataValue : Test::RNDVLRobot
[INFO ][2016-02-08 15:58:31,592][com.java.SeleniumDriver] [  913] - <In Set values of the page>
[INFO ][2016-02-08 15:58:31,592][com.java.SeleniumDriver] [  916] - {Data Fields & Data Values Exist}
[INFO ][2016-02-08 15:58:31,592][com.java.SeleniumDriver] [  918] - --------------------------setting values-----------------------------
[INFO ][2016-02-08 15:58:31,592][com.java.SeleniumDriver] [  921] - Action Type : CLEARANDENTER
[INFO ][2016-02-08 15:58:32,280][com.java.SeleniumDriver] [  930] -  RESULT true
[INFO ][2016-02-08 15:58:32,280][com.java.SeleniumDriver] [ 1136] - ?   P A S S   ?
[INFO ][2016-02-08 15:58:32,280][com.java.SeleniumDriver] [  856] - ------------------------------------------
[INFO ][2016-02-08 15:58:32,280][com.java.SeleniumDriver] [  857] - Test case being Executed: 12
[INFO ][2016-02-08 15:58:32,280][com.java.SeleniumDriver] [  869] - Test step:41
[INFO ][2016-02-08 15:58:32,280][com.java.SeleniumDriver] [  881] - Datavalue is----------Test::Description
[INFO ][2016-02-08 15:58:32,280][com.java.SeleniumDriver] [  905] - DataField : PVP//table[@id="tblRatedLoans"]//input[@value='mytext']
[INFO ][2016-02-08 15:58:32,280][com.java.SeleniumDriver] [  907] - DataValue : Test::Description
[INFO ][2016-02-08 15:58:32,280][com.java.SeleniumDriver] [  913] - <In Set values of the page>
[INFO ][2016-02-08 15:58:32,280][com.java.SeleniumDriver] [  916] - {Data Fields & Data Values Exist}
[INFO ][2016-02-08 15:58:32,280][com.java.SeleniumDriver] [  918] - --------------------------setting values-----------------------------
[INFO ][2016-02-08 15:58:32,280][com.java.SeleniumDriver] [  921] - Action Type : STOREVALUE
[INFO ][2016-02-08 15:58:32,280][com.java.TestType] [ 9885] - field= PVP//table[@id="tblRatedLoans"]//input[@value='mytext']
[DEBUG][2016-02-08 15:58:32,420][com.java.TestType] [10174] - Key:: Test::Description  Value:: VLRobot17118
[INFO ][2016-02-08 15:58:32,420][com.java.SeleniumDriver] [  930] -  RESULT true
[INFO ][2016-02-08 15:58:32,420][com.java.SeleniumDriver] [ 1136] - ?   P A S S   ?
[INFO ][2016-02-08 15:58:32,420][com.java.SeleniumDriver] [  856] - ------------------------------------------
[INFO ][2016-02-08 15:58:32,420][com.java.SeleniumDriver] [  857] - Test case being Executed: 12
[INFO ][2016-02-08 15:58:32,420][com.java.SeleniumDriver] [  869] - Test step:42
[INFO ][2016-02-08 15:58:32,420][com.java.SeleniumDriver] [  881] - Datavalue is----------Test
[INFO ][2016-02-08 15:58:32,420][com.java.SeleniumDriver] [  905] - DataField : MNC//table[@id="tblRatedLoans"]//input[@value='mytext']/parent::td/following-sibling::td[1]/input
[INFO ][2016-02-08 15:58:32,420][com.java.SeleniumDriver] [  907] - DataValue : Test
[INFO ][2016-02-08 15:58:32,420][com.java.SeleniumDriver] [  913] - <In Set values of the page>
[INFO ][2016-02-08 15:58:32,420][com.java.SeleniumDriver] [  916] - {Data Fields & Data Values Exist}
[INFO ][2016-02-08 15:58:32,420][com.java.SeleniumDriver] [  918] - --------------------------setting values-----------------------------
[INFO ][2016-02-08 15:58:32,420][com.java.SeleniumDriver] [  921] - Action Type : CLICK
[INFO ][2016-02-08 15:58:32,420][com.java.TestType] [ 7149] - Field ::MNC//table[@id="tblRatedLoans"]//input[@value='mytext']/parent::td/following-sibling::td[1]/input
[INFO ][2016-02-08 15:58:32,420][com.java.TestType] [ 6748] - value = Test
[INFO ][2016-02-08 15:58:33,592][com.java.SeleniumDriver] [  930] -  RESULT true
[INFO ][2016-02-08 15:58:33,592][com.java.SeleniumDriver] [ 1136] - ?   P A S S   ?
[INFO ][2016-02-08 15:58:33,592][com.java.SeleniumDriver] [  856] - ------------------------------------------
[INFO ][2016-02-08 15:58:33,592][com.java.SeleniumDriver] [  857] - Test case being Executed: 12
[INFO ][2016-02-08 15:58:33,592][com.java.SeleniumDriver] [  869] - Test step:43
[INFO ][2016-02-08 15:58:33,592][com.java.SeleniumDriver] [  881] - Datavalue is----------Test::1.01
[INFO ][2016-02-08 15:58:33,592][com.java.SeleniumDriver] [  905] - DataField : PVP//table[@id="tblRatedLoans"]//input[@value='mytext']/parent::td/following-sibling::td[1]/input
[INFO ][2016-02-08 15:58:33,592][com.java.SeleniumDriver] [  907] - DataValue : Test::1.01
[INFO ][2016-02-08 15:58:33,592][com.java.SeleniumDriver] [  913] - <In Set values of the page>
[INFO ][2016-02-08 15:58:33,592][com.java.SeleniumDriver] [  916] - {Data Fields & Data Values Exist}
[INFO ][2016-02-08 15:58:33,592][com.java.SeleniumDriver] [  918] - --------------------------setting values-----------------------------
[INFO ][2016-02-08 15:58:33,592][com.java.SeleniumDriver] [  921] - Action Type : CLEARANDENTER
[INFO ][2016-02-08 15:58:33,862][com.java.SeleniumDriver] [  930] -  RESULT true
[INFO ][2016-02-08 15:58:33,862][com.java.SeleniumDriver] [ 1136] - ?   P A S S   ?
[INFO ][2016-02-08 15:58:33,862][com.java.SeleniumDriver] [  856] - ------------------------------------------
[INFO ][2016-02-08 15:58:33,862][com.java.SeleniumDriver] [  857] - Test case being Executed: 12
[INFO ][2016-02-08 15:58:33,862][com.java.SeleniumDriver] [  869] - Test step:44
[INFO ][2016-02-08 15:58:33,862][com.java.SeleniumDriver] [  881] - Datavalue is----------Test::Historical
[INFO ][2016-02-08 15:58:33,862][com.java.SeleniumDriver] [  905] - DataField : PVP//table[@id="tblRatedLoans"]//input[@value='mytext']/parent::td/following-sibling::td[1]/input
[INFO ][2016-02-08 15:58:33,862][com.java.SeleniumDriver] [  907] - DataValue : Test::Historical
[INFO ][2016-02-08 15:58:33,862][com.java.SeleniumDriver] [  913] - <In Set values of the page>
[INFO ][2016-02-08 15:58:33,862][com.java.SeleniumDriver] [  916] - {Data Fields & Data Values Exist}
[INFO ][2016-02-08 15:58:33,862][com.java.SeleniumDriver] [  918] - --------------------------setting values-----------------------------
[INFO ][2016-02-08 15:58:33,862][com.java.SeleniumDriver] [  921] - Action Type : STOREVALUE
[INFO ][2016-02-08 15:58:33,862][com.java.TestType] [ 9885] - field= PVP//table[@id="tblRatedLoans"]//input[@value='mytext']/parent::td/following-sibling::td[1]/input
[DEBUG][2016-02-08 15:58:34,012][com.java.TestType] [10174] - Key:: Test::Historical  Value:: 1.01
[INFO ][2016-02-08 15:58:34,012][com.java.SeleniumDriver] [  930] -  RESULT true
[INFO ][2016-02-08 15:58:34,012][com.java.SeleniumDriver] [ 1136] - ?   P A S S   ?
[INFO ][2016-02-08 15:58:34,012][com.java.SeleniumDriver] [  856] - ------------------------------------------
[INFO ][2016-02-08 15:58:34,012][com.java.SeleniumDriver] [  857] - Test case being Executed: 12
[INFO ][2016-02-08 15:58:34,012][com.java.SeleniumDriver] [  869] - Test step:45
[INFO ][2016-02-08 15:58:34,012][com.java.SeleniumDriver] [  881] - Datavalue is----------Test
[INFO ][2016-02-08 15:58:34,012][com.java.SeleniumDriver] [  905] - DataField : MNC//table[@id="tblRatedLoans"]//input[@value='mytext']/parent::td/following-sibling::td[2]/input
[INFO ][2016-02-08 15:58:34,012][com.java.SeleniumDriver] [  907] - DataValue : Test
[INFO ][2016-02-08 15:58:34,012][com.java.SeleniumDriver] [  913] - <In Set values of the page>
[INFO ][2016-02-08 15:58:34,012][com.java.SeleniumDriver] [  916] - {Data Fields & Data Values Exist}
[INFO ][2016-02-08 15:58:34,012][com.java.SeleniumDriver] [  918] - --------------------------setting values-----------------------------
[INFO ][2016-02-08 15:58:34,012][com.java.SeleniumDriver] [  921] - Action Type : CLICK
[INFO ][2016-02-08 15:58:34,012][com.java.TestType] [ 7149] - Field ::MNC//table[@id="tblRatedLoans"]//input[@value='mytext']/parent::td/following-sibling::td[2]/input
[INFO ][2016-02-08 15:58:34,012][com.java.TestType] [ 6748] - value = Test
[INFO ][2016-02-08 15:58:35,183][com.java.SeleniumDriver] [  930] -  RESULT true
[INFO ][2016-02-08 15:58:35,183][com.java.SeleniumDriver] [ 1136] - ?   P A S S   ?
[INFO ][2016-02-08 15:58:35,183][com.java.SeleniumDriver] [  856] - ------------------------------------------
[INFO ][2016-02-08 15:58:35,183][com.java.SeleniumDriver] [  857] - Test case being Executed: 12
[INFO ][2016-02-08 15:58:35,183][com.java.SeleniumDriver] [  869] - Test step:46
[INFO ][2016-02-08 15:58:35,183][com.java.SeleniumDriver] [  881] - Datavalue is----------Test::1.21
[INFO ][2016-02-08 15:58:35,183][com.java.SeleniumDriver] [  905] - DataField : PVP//table[@id="tblRatedLoans"]//input[@value='mytext']/parent::td/following-sibling::td[2]/input
[INFO ][2016-02-08 15:58:35,183][com.java.SeleniumDriver] [  907] - DataValue : Test::1.21
[INFO ][2016-02-08 15:58:35,183][com.java.SeleniumDriver] [  913] - <In Set values of the page>
[INFO ][2016-02-08 15:58:35,183][com.java.SeleniumDriver] [  916] - {Data Fields & Data Values Exist}
[INFO ][2016-02-08 15:58:35,183][com.java.SeleniumDriver] [  918] - --------------------------setting values-----------------------------
[INFO ][2016-02-08 15:58:35,183][com.java.SeleniumDriver] [  921] - Action Type : CLEARANDENTER
[INFO ][2016-02-08 15:58:35,443][com.java.SeleniumDriver] [  930] -  RESULT true
[INFO ][2016-02-08 15:58:35,443][com.java.SeleniumDriver] [ 1136] - ?   P A S S   ?
[INFO ][2016-02-08 15:58:35,443][com.java.SeleniumDriver] [  856] - ------------------------------------------
[INFO ][2016-02-08 15:58:35,443][com.java.SeleniumDriver] [  857] - Test case being Executed: 12
[INFO ][2016-02-08 15:58:35,443][com.java.SeleniumDriver] [  869] - Test step:47
[INFO ][2016-02-08 15:58:35,443][com.java.SeleniumDriver] [  881] - Datavalue is----------Test::Economic
[INFO ][2016-02-08 15:58:35,443][com.java.SeleniumDriver] [  905] - DataField : PVP//table[@id="tblRatedLoans"]//input[@value='mytext']/parent::td/following-sibling::td[2]/input
[INFO ][2016-02-08 15:58:35,443][com.java.SeleniumDriver] [  907] - DataValue : Test::Economic
[INFO ][2016-02-08 15:58:35,443][com.java.SeleniumDriver] [  913] - <In Set values of the page>
[INFO ][2016-02-08 15:58:35,443][com.java.SeleniumDriver] [  916] - {Data Fields & Data Values Exist}
[INFO ][2016-02-08 15:58:35,443][com.java.SeleniumDriver] [  918] - --------------------------setting values-----------------------------
[INFO ][2016-02-08 15:58:35,443][com.java.SeleniumDriver] [  921] - Action Type : STOREVALUE
[INFO ][2016-02-08 15:58:35,443][com.java.TestType] [ 9885] - field= PVP//table[@id="tblRatedLoans"]//input[@value='mytext']/parent::td/following-sibling::td[2]/input
[DEBUG][2016-02-08 15:58:35,583][com.java.TestType] [10174] - Key:: Test::Economic  Value:: 1.21
[INFO ][2016-02-08 15:58:35,583][com.java.SeleniumDriver] [  930] -  RESULT true
[INFO ][2016-02-08 15:58:35,583][com.java.SeleniumDriver] [ 1136] - ?   P A S S   ?
[INFO ][2016-02-08 15:58:35,583][com.java.SeleniumDriver] [  856] - ------------------------------------------
[INFO ][2016-02-08 15:58:35,583][com.java.SeleniumDriver] [  857] - Test case being Executed: 12
[INFO ][2016-02-08 15:58:35,583][com.java.SeleniumDriver] [  869] - Test step:48
[INFO ][2016-02-08 15:58:35,583][com.java.SeleniumDriver] [  881] - Datavalue is----------Test
[INFO ][2016-02-08 15:58:35,583][com.java.SeleniumDriver] [  905] - DataField : MNC//table[@id="tblRatedLoans"]//input[@value='mytext']/parent::td/following-sibling::td[3]/input
[INFO ][2016-02-08 15:58:35,583][com.java.SeleniumDriver] [  907] - DataValue : Test
[INFO ][2016-02-08 15:58:35,583][com.java.SeleniumDriver] [  913] - <In Set values of the page>
[INFO ][2016-02-08 15:58:35,583][com.java.SeleniumDriver] [  916] - {Data Fields & Data Values Exist}
[INFO ][2016-02-08 15:58:35,583][com.java.SeleniumDriver] [  918] - --------------------------setting values-----------------------------
[INFO ][2016-02-08 15:58:35,583][com.java.SeleniumDriver] [  921] - Action Type : CLICK
[INFO ][2016-02-08 15:58:35,583][com.java.TestType] [ 7149] - Field ::MNC//table[@id="tblRatedLoans"]//input[@value='mytext']/parent::td/following-sibling::td[3]/input
[INFO ][2016-02-08 15:58:35,583][com.java.TestType] [ 6748] - value = Test
[INFO ][2016-02-08 15:58:36,754][com.java.SeleniumDriver] [  930] -  RESULT true
[INFO ][2016-02-08 15:58:36,754][com.java.SeleniumDriver] [ 1136] - ?   P A S S   ?
[INFO ][2016-02-08 15:58:36,754][com.java.SeleniumDriver] [  856] - ------------------------------------------
[INFO ][2016-02-08 15:58:36,754][com.java.SeleniumDriver] [  857] - Test case being Executed: 12
[INFO ][2016-02-08 15:58:36,754][com.java.SeleniumDriver] [  869] - Test step:49
[INFO ][2016-02-08 15:58:36,754][com.java.SeleniumDriver] [  881] - Datavalue is----------Test::0.51
[INFO ][2016-02-08 15:58:36,754][com.java.SeleniumDriver] [  905] - DataField : PVP//table[@id="tblRatedLoans"]//input[@value='mytext']/parent::td/following-sibling::td[3]/input
[INFO ][2016-02-08 15:58:36,754][com.java.SeleniumDriver] [  907] - DataValue : Test::0.51
[INFO ][2016-02-08 15:58:36,754][com.java.SeleniumDriver] [  913] - <In Set values of the page>
[INFO ][2016-02-08 15:58:36,754][com.java.SeleniumDriver] [  916] - {Data Fields & Data Values Exist}
[INFO ][2016-02-08 15:58:36,754][com.java.SeleniumDriver] [  918] - --------------------------setting values-----------------------------
[INFO ][2016-02-08 15:58:36,754][com.java.SeleniumDriver] [  921] - Action Type : CLEARANDENTER
[INFO ][2016-02-08 15:58:37,024][com.java.SeleniumDriver] [  930] -  RESULT true
[INFO ][2016-02-08 15:58:37,024][com.java.SeleniumDriver] [ 1136] - ?   P A S S   ?
[INFO ][2016-02-08 15:58:37,024][com.java.SeleniumDriver] [  856] - ------------------------------------------
[INFO ][2016-02-08 15:58:37,024][com.java.SeleniumDriver] [  857] - Test case being Executed: 12
[INFO ][2016-02-08 15:58:37,024][com.java.SeleniumDriver] [  869] - Test step:50
[INFO ][2016-02-08 15:58:37,024][com.java.SeleniumDriver] [  881] - Datavalue is----------Test::Other
[INFO ][2016-02-08 15:58:37,024][com.java.SeleniumDriver] [  905] - DataField : PVP//table[@id="tblRatedLoans"]//input[@value='mytext']/parent::td/following-sibling::td[3]/input
[INFO ][2016-02-08 15:58:37,024][com.java.SeleniumDriver] [  907] - DataValue : Test::Other
[INFO ][2016-02-08 15:58:37,024][com.java.SeleniumDriver] [  913] - <In Set values of the page>
[INFO ][2016-02-08 15:58:37,024][com.java.SeleniumDriver] [  916] - {Data Fields & Data Values Exist}
[INFO ][2016-02-08 15:58:37,024][com.java.SeleniumDriver] [  918] - --------------------------setting values-----------------------------
[INFO ][2016-02-08 15:58:37,024][com.java.SeleniumDriver] [  921] - Action Type : STOREVALUE
[INFO ][2016-02-08 15:58:37,024][com.java.TestType] [ 9885] - field= PVP//table[@id="tblRatedLoans"]//input[@value='mytext']/parent::td/following-sibling::td[3]/input
[DEBUG][2016-02-08 15:58:37,174][com.java.TestType] [10174] - Key:: Test::Other  Value:: 0.51
[INFO ][2016-02-08 15:58:37,174][com.java.SeleniumDriver] [  930] -  RESULT true
[INFO ][2016-02-08 15:58:37,174][com.java.SeleniumDriver] [ 1136] - ?   P A S S   ?
[INFO ][2016-02-08 15:58:37,174][com.java.SeleniumDriver] [  856] - ------------------------------------------
[INFO ][2016-02-08 15:58:37,174][com.java.SeleniumDriver] [  857] - Test case being Executed: 12
[INFO ][2016-02-08 15:58:37,174][com.java.SeleniumDriver] [  869] - Test step:51
[INFO ][2016-02-08 15:58:37,174][com.java.SeleniumDriver] [  881] - Datavalue is----------Test
[INFO ][2016-02-08 15:58:37,174][com.java.SeleniumDriver] [  905] - DataField : MNC//table[@id="tblRatedLoans"]//input[@value='mytext']/parent::td/following-sibling::td[4]/input
[INFO ][2016-02-08 15:58:37,174][com.java.SeleniumDriver] [  907] - DataValue : Test
[INFO ][2016-02-08 15:58:37,174][com.java.SeleniumDriver] [  913] - <In Set values of the page>
[INFO ][2016-02-08 15:58:37,174][com.java.SeleniumDriver] [  916] - {Data Fields & Data Values Exist}
[INFO ][2016-02-08 15:58:37,174][com.java.SeleniumDriver] [  918] - --------------------------setting values-----------------------------
[INFO ][2016-02-08 15:58:37,174][com.java.SeleniumDriver] [  921] - Action Type : CLICK
[INFO ][2016-02-08 15:58:37,174][com.java.TestType] [ 7149] - Field ::MNC//table[@id="tblRatedLoans"]//input[@value='mytext']/parent::td/following-sibling::td[4]/input
[INFO ][2016-02-08 15:58:37,174][com.java.TestType] [ 6748] - value = Test
[INFO ][2016-02-08 15:58:38,385][com.java.SeleniumDriver] [  930] -  RESULT true
[INFO ][2016-02-08 15:58:38,385][com.java.SeleniumDriver] [ 1136] - ?   P A S S   ?
[INFO ][2016-02-08 15:58:38,385][com.java.SeleniumDriver] [  856] - ------------------------------------------
[INFO ][2016-02-08 15:58:38,385][com.java.SeleniumDriver] [  857] - Test case being Executed: 12
[INFO ][2016-02-08 15:58:38,385][com.java.SeleniumDriver] [  869] - Test step:52
[INFO ][2016-02-08 15:58:38,385][com.java.SeleniumDriver] [  881] - Datavalue is----------null
[DEBUG][2016-02-08 15:58:38,385][com.java.SeleniumDriver] [  899] - Exception: null
[INFO ][2016-02-08 15:58:38,385][com.java.SeleniumDriver] [  905] - DataField : BTNparent
[INFO ][2016-02-08 15:58:38,385][com.java.SeleniumDriver] [  907] - DataValue : 
[INFO ][2016-02-08 15:58:38,385][com.java.SeleniumDriver] [  913] - <In Set values of the page>
[INFO ][2016-02-08 15:58:38,385][com.java.SeleniumDriver] [  916] - {Data Fields & Data Values Exist}
[INFO ][2016-02-08 15:58:38,385][com.java.SeleniumDriver] [  918] - --------------------------setting values-----------------------------
[INFO ][2016-02-08 15:58:38,385][com.java.SeleniumDriver] [  921] - Action Type : SELECTFRAME
[INFO ][2016-02-08 15:58:38,395][com.java.SeleniumDriver] [  930] -  RESULT true
[INFO ][2016-02-08 15:58:38,395][com.java.SeleniumDriver] [ 1136] - ?   P A S S   ?
[INFO ][2016-02-08 15:58:38,395][com.java.SeleniumDriver] [  856] - ------------------------------------------
[INFO ][2016-02-08 15:58:38,395][com.java.SeleniumDriver] [  857] - Test case being Executed: 12
[INFO ][2016-02-08 15:58:38,395][com.java.SeleniumDriver] [  869] - Test step:53
[INFO ][2016-02-08 15:58:38,395][com.java.SeleniumDriver] [  881] - Datavalue is----------5
[INFO ][2016-02-08 15:58:38,395][com.java.SeleniumDriver] [  905] - DataField : XPH//span[contains(text(), 'Update')]
[INFO ][2016-02-08 15:58:38,395][com.java.SeleniumDriver] [  907] - DataValue : 5
[INFO ][2016-02-08 15:58:38,395][com.java.SeleniumDriver] [  913] - <In Set values of the page>
[INFO ][2016-02-08 15:58:38,395][com.java.SeleniumDriver] [  916] - {Data Fields & Data Values Exist}
[INFO ][2016-02-08 15:58:38,395][com.java.SeleniumDriver] [  918] - --------------------------setting values-----------------------------
[INFO ][2016-02-08 15:58:38,395][com.java.SeleniumDriver] [  921] - Action Type : WAITFORELEMENT
[INFO ][2016-02-08 15:58:38,425][com.java.SeleniumDriver] [  930] -  RESULT true
[INFO ][2016-02-08 15:58:38,425][com.java.SeleniumDriver] [ 1136] - ?   P A S S   ?
[INFO ][2016-02-08 15:58:38,425][com.java.SeleniumDriver] [  856] - ------------------------------------------
[INFO ][2016-02-08 15:58:38,425][com.java.SeleniumDriver] [  857] - Test case being Executed: 12
[INFO ][2016-02-08 15:58:38,425][com.java.SeleniumDriver] [  869] - Test step:54
[INFO ][2016-02-08 15:58:38,425][com.java.SeleniumDriver] [  881] - Datavalue is----------null
[DEBUG][2016-02-08 15:58:38,425][com.java.SeleniumDriver] [  899] - Exception: null
[INFO ][2016-02-08 15:58:38,425][com.java.SeleniumDriver] [  905] - DataField : HDN//span[contains(text(), 'Update')]
[INFO ][2016-02-08 15:58:38,425][com.java.SeleniumDriver] [  907] - DataValue : 
[INFO ][2016-02-08 15:58:38,425][com.java.SeleniumDriver] [  913] - <In Set values of the page>
[INFO ][2016-02-08 15:58:38,425][com.java.SeleniumDriver] [  916] - {Data Fields & Data Values Exist}
[INFO ][2016-02-08 15:58:38,425][com.java.SeleniumDriver] [  918] - --------------------------setting values-----------------------------
[INFO ][2016-02-08 15:58:38,425][com.java.SeleniumDriver] [  921] - Action Type : CLICK
[INFO ][2016-02-08 15:58:38,425][com.java.TestType] [ 7149] - Field ::HDN//span[contains(text(), 'Update')]
[INFO ][2016-02-08 15:58:38,425][com.java.TestType] [ 6748] - value = 
[INFO ][2016-02-08 15:58:39,786][com.java.SeleniumDriver] [  930] -  RESULT true
[INFO ][2016-02-08 15:58:39,786][com.java.SeleniumDriver] [ 1136] - ?   P A S S   ?
[INFO ][2016-02-08 15:58:39,786][com.java.SeleniumDriver] [  856] - ------------------------------------------
[INFO ][2016-02-08 15:58:39,786][com.java.SeleniumDriver] [  857] - Test case being Executed: 12
[INFO ][2016-02-08 15:58:39,786][com.java.SeleniumDriver] [  869] - Test step:55
[INFO ][2016-02-08 15:58:39,786][com.java.SeleniumDriver] [  881] - Datavalue is----------3
[INFO ][2016-02-08 15:58:39,786][com.java.SeleniumDriver] [  905] - DataField : XPH//div[contains(text(), 'My Dashboard')]
[INFO ][2016-02-08 15:58:39,786][com.java.SeleniumDriver] [  907] - DataValue : 3
[INFO ][2016-02-08 15:58:39,786][com.java.SeleniumDriver] [  913] - <In Set values of the page>
[INFO ][2016-02-08 15:58:39,786][com.java.SeleniumDriver] [  916] - {Data Fields & Data Values Exist}
[INFO ][2016-02-08 15:58:39,786][com.java.SeleniumDriver] [  918] - --------------------------setting values-----------------------------
[INFO ][2016-02-08 15:58:39,786][com.java.SeleniumDriver] [  921] - Action Type : WAITFORELEMENT
[INFO ][2016-02-08 15:58:39,846][com.java.SeleniumDriver] [  930] -  RESULT true
[INFO ][2016-02-08 15:58:39,846][com.java.SeleniumDriver] [ 1136] - ?   P A S S   ?
[INFO ][2016-02-08 15:58:39,846][com.java.SeleniumDriver] [  856] - ------------------------------------------
[INFO ][2016-02-08 15:58:39,846][com.java.SeleniumDriver] [  857] - Test case being Executed: 12
[INFO ][2016-02-08 15:58:39,846][com.java.SeleniumDriver] [  869] - Test step:56
[INFO ][2016-02-08 15:58:39,846][com.java.SeleniumDriver] [  881] - Datavalue is----------My Dashboard
[INFO ][2016-02-08 15:58:39,846][com.java.SeleniumDriver] [  905] - DataField : XPH//div[contains(text(), 'My Dashboard')]
[INFO ][2016-02-08 15:58:39,846][com.java.SeleniumDriver] [  907] - DataValue : My Dashboard
[INFO ][2016-02-08 15:58:39,846][com.java.SeleniumDriver] [  913] - <In Set values of the page>
[INFO ][2016-02-08 15:58:39,846][com.java.SeleniumDriver] [  916] - {Data Fields & Data Values Exist}
[INFO ][2016-02-08 15:58:39,846][com.java.SeleniumDriver] [  918] - --------------------------setting values-----------------------------
[INFO ][2016-02-08 15:58:39,846][com.java.SeleniumDriver] [  921] - Action Type : VERIFY
[INFO ][2016-02-08 15:58:39,846][com.java.TestType] [ 8382] - field= XPH//div[contains(text(), 'My Dashboard')] value= My Dashboard
[INFO ][2016-02-08 15:58:39,846][com.java.TestType] [ 6748] - value = My Dashboard
[INFO ][2016-02-08 15:58:39,946][com.java.SeleniumDriver] [  930] -  RESULT true
[INFO ][2016-02-08 15:58:39,946][com.java.SeleniumDriver] [ 1136] - ?   P A S S   ?
[INFO ][2016-02-08 15:58:39,946][com.java.SeleniumDriver] [  856] - ------------------------------------------
[INFO ][2016-02-08 15:58:39,946][com.java.SeleniumDriver] [  857] - Test case being Executed: 12
[INFO ][2016-02-08 15:58:39,946][com.java.SeleniumDriver] [  869] - Test step:57
[INFO ][2016-02-08 15:58:39,946][com.java.SeleniumDriver] [  881] - Datavalue is----------null
[DEBUG][2016-02-08 15:58:39,946][com.java.SeleniumDriver] [  899] - Exception: null
[INFO ][2016-02-08 15:58:39,946][com.java.SeleniumDriver] [  905] - DataField : //span[@class='icon-user4']&&//a[text()='Company Settings']&&//a[@data-id="RatedLoans"]
[INFO ][2016-02-08 15:58:39,946][com.java.SeleniumDriver] [  907] - DataValue : 
[INFO ][2016-02-08 15:58:39,946][com.java.SeleniumDriver] [  913] - <In Set values of the page>
[INFO ][2016-02-08 15:58:39,946][com.java.SeleniumDriver] [  916] - {Data Fields & Data Values Exist}
[INFO ][2016-02-08 15:58:39,946][com.java.SeleniumDriver] [  918] - --------------------------setting values-----------------------------
[INFO ][2016-02-08 15:58:39,946][com.java.SeleniumDriver] [  921] - Action Type : MOUSEOVER
[INFO ][2016-02-08 15:59:24,774][com.java.SeleniumDriver] [  930] -  RESULT true
[INFO ][2016-02-08 15:59:24,774][com.java.SeleniumDriver] [ 1136] - ?   P A S S   ?
[INFO ][2016-02-08 15:59:24,774][com.java.SeleniumDriver] [  856] - ------------------------------------------
[INFO ][2016-02-08 15:59:24,774][com.java.SeleniumDriver] [  857] - Test case being Executed: 12
[INFO ][2016-02-08 15:59:24,774][com.java.SeleniumDriver] [  869] - Test step:58
[INFO ][2016-02-08 15:59:24,774][com.java.SeleniumDriver] [  881] - Datavalue is----------Rated Loan Categories
[INFO ][2016-02-08 15:59:24,774][com.java.SeleniumDriver] [  905] - DataField : XPH//span[contains(text(), 'Rated Loan Categories')]
[INFO ][2016-02-08 15:59:24,774][com.java.SeleniumDriver] [  907] - DataValue : Rated Loan Categories
[INFO ][2016-02-08 15:59:24,774][com.java.SeleniumDriver] [  913] - <In Set values of the page>
[INFO ][2016-02-08 15:59:24,774][com.java.SeleniumDriver] [  916] - {Data Fields & Data Values Exist}
[INFO ][2016-02-08 15:59:24,774][com.java.SeleniumDriver] [  918] - --------------------------setting values-----------------------------
[INFO ][2016-02-08 15:59:24,774][com.java.SeleniumDriver] [  921] - Action Type : VERIFY
[INFO ][2016-02-08 15:59:24,774][com.java.TestType] [ 8382] - field= XPH//span[contains(text(), 'Rated Loan Categories')] value= Rated Loan Categories
[INFO ][2016-02-08 15:59:24,774][com.java.TestType] [ 6748] - value = Rated Loan Categories
[INFO ][2016-02-08 15:59:24,945][com.java.SeleniumDriver] [  930] -  RESULT true
[INFO ][2016-02-08 15:59:24,945][com.java.SeleniumDriver] [ 1136] - ?   P A S S   ?
[INFO ][2016-02-08 15:59:24,945][com.java.SeleniumDriver] [  856] - ------------------------------------------
[INFO ][2016-02-08 15:59:24,945][com.java.SeleniumDriver] [  857] - Test case being Executed: 12
[INFO ][2016-02-08 15:59:24,945][com.java.SeleniumDriver] [  869] - Test step:59
[INFO ][2016-02-08 15:59:24,945][com.java.SeleniumDriver] [  881] - Datavalue is----------null
[DEBUG][2016-02-08 15:59:24,945][com.java.SeleniumDriver] [  899] - Exception: null
[INFO ][2016-02-08 15:59:24,945][com.java.SeleniumDriver] [  905] - DataField : BTNframeDialogContent
[INFO ][2016-02-08 15:59:24,945][com.java.SeleniumDriver] [  907] - DataValue : 
[INFO ][2016-02-08 15:59:24,945][com.java.SeleniumDriver] [  913] - <In Set values of the page>
[INFO ][2016-02-08 15:59:24,945][com.java.SeleniumDriver] [  916] - {Data Fields & Data Values Exist}
[INFO ][2016-02-08 15:59:24,945][com.java.SeleniumDriver] [  918] - --------------------------setting values-----------------------------
[INFO ][2016-02-08 15:59:24,945][com.java.SeleniumDriver] [  921] - Action Type : SELECTFRAME
[INFO ][2016-02-08 15:59:26,296][com.java.SeleniumDriver] [  930] -  RESULT true
[INFO ][2016-02-08 15:59:26,296][com.java.SeleniumDriver] [ 1136] - ?   P A S S   ?
[INFO ][2016-02-08 15:59:26,296][com.java.SeleniumDriver] [  856] - ------------------------------------------
[INFO ][2016-02-08 15:59:26,296][com.java.SeleniumDriver] [  857] - Test case being Executed: 12
[INFO ][2016-02-08 15:59:26,296][com.java.SeleniumDriver] [  869] - Test step:60
[INFO ][2016-02-08 15:59:26,296][com.java.SeleniumDriver] [  881] - Datavalue is----------Description::Description
[INFO ][2016-02-08 15:59:26,296][com.java.SeleniumDriver] [  905] - DataField : PVP//table[@id="tblRatedLoans"]//input[@value='mytext']/parent::td/input[1]
[INFO ][2016-02-08 15:59:26,296][com.java.SeleniumDriver] [  907] - DataValue : Description::Description
[INFO ][2016-02-08 15:59:26,296][com.java.SeleniumDriver] [  913] - <In Set values of the page>
[INFO ][2016-02-08 15:59:26,296][com.java.SeleniumDriver] [  916] - {Data Fields & Data Values Exist}
[INFO ][2016-02-08 15:59:26,296][com.java.SeleniumDriver] [  918] - --------------------------setting values-----------------------------
[INFO ][2016-02-08 15:59:26,296][com.java.SeleniumDriver] [  921] - Action Type : VERIFY
[INFO ][2016-02-08 15:59:26,296][com.java.TestType] [ 8382] - field= PVP//table[@id="tblRatedLoans"]//input[@value='mytext']/parent::td/input[1] value= Description::Description
[INFO ][2016-02-08 15:59:26,296][com.java.TestType] [ 6748] - value = Description::Description
[INFO ][2016-02-08 15:59:26,456][com.java.SeleniumDriver] [  930] -  RESULT true
[INFO ][2016-02-08 15:59:26,456][com.java.SeleniumDriver] [ 1136] - ?   P A S S   ?
[INFO ][2016-02-08 15:59:26,456][com.java.SeleniumDriver] [  856] - ------------------------------------------
[INFO ][2016-02-08 15:59:26,456][com.java.SeleniumDriver] [  857] - Test case being Executed: 12
[INFO ][2016-02-08 15:59:26,456][com.java.SeleniumDriver] [  869] - Test step:61
[INFO ][2016-02-08 15:59:26,456][com.java.SeleniumDriver] [  881] - Datavalue is----------Description::Historical
[INFO ][2016-02-08 15:59:26,456][com.java.SeleniumDriver] [  905] - DataField : PVP//table[@id="tblRatedLoans"]//input[@value='mytext']/parent::td/following-sibling::td[1]/input
[INFO ][2016-02-08 15:59:26,456][com.java.SeleniumDriver] [  907] - DataValue : Description::Historical
[INFO ][2016-02-08 15:59:26,456][com.java.SeleniumDriver] [  913] - <In Set values of the page>
[INFO ][2016-02-08 15:59:26,456][com.java.SeleniumDriver] [  916] - {Data Fields & Data Values Exist}
[INFO ][2016-02-08 15:59:26,456][com.java.SeleniumDriver] [  918] - --------------------------setting values-----------------------------
[INFO ][2016-02-08 15:59:26,456][com.java.SeleniumDriver] [  921] - Action Type : VERIFY
[INFO ][2016-02-08 15:59:26,456][com.java.TestType] [ 8382] - field= PVP//table[@id="tblRatedLoans"]//input[@value='mytext']/parent::td/following-sibling::td[1]/input value= Description::Historical
[INFO ][2016-02-08 15:59:26,456][com.java.TestType] [ 6748] - value = Description::Historical
[INFO ][2016-02-08 15:59:26,656][com.java.SeleniumDriver] [  930] -  RESULT true
[INFO ][2016-02-08 15:59:26,656][com.java.SeleniumDriver] [ 1136] - ?   P A S S   ?
[INFO ][2016-02-08 15:59:26,656][com.java.SeleniumDriver] [  856] - ------------------------------------------
[INFO ][2016-02-08 15:59:26,656][com.java.SeleniumDriver] [  857] - Test case being Executed: 12
[INFO ][2016-02-08 15:59:26,656][com.java.SeleniumDriver] [  869] - Test step:62
[INFO ][2016-02-08 15:59:26,656][com.java.SeleniumDriver] [  881] - Datavalue is----------Description::Economic
[INFO ][2016-02-08 15:59:26,656][com.java.SeleniumDriver] [  905] - DataField : PVP//table[@id="tblRatedLoans"]//input[@value='mytext']/parent::td/following-sibling::td[2]/input
[INFO ][2016-02-08 15:59:26,656][com.java.SeleniumDriver] [  907] - DataValue : Description::Economic
[INFO ][2016-02-08 15:59:26,656][com.java.SeleniumDriver] [  913] - <In Set values of the page>
[INFO ][2016-02-08 15:59:26,656][com.java.SeleniumDriver] [  916] - {Data Fields & Data Values Exist}
[INFO ][2016-02-08 15:59:26,656][com.java.SeleniumDriver] [  918] - --------------------------setting values-----------------------------
[INFO ][2016-02-08 15:59:26,656][com.java.SeleniumDriver] [  921] - Action Type : VERIFY
[INFO ][2016-02-08 15:59:26,656][com.java.TestType] [ 8382] - field= PVP//table[@id="tblRatedLoans"]//input[@value='mytext']/parent::td/following-sibling::td[2]/input value= Description::Economic
[INFO ][2016-02-08 15:59:26,656][com.java.TestType] [ 6748] - value = Description::Economic
[INFO ][2016-02-08 15:59:26,806][com.java.SeleniumDriver] [  930] -  RESULT true
[INFO ][2016-02-08 15:59:26,806][com.java.SeleniumDriver] [ 1136] - ?   P A S S   ?
[INFO ][2016-02-08 15:59:26,806][com.java.SeleniumDriver] [  856] - ------------------------------------------
[INFO ][2016-02-08 15:59:26,806][com.java.SeleniumDriver] [  857] - Test case being Executed: 12
[INFO ][2016-02-08 15:59:26,806][com.java.SeleniumDriver] [  869] - Test step:63
[INFO ][2016-02-08 15:59:26,806][com.java.SeleniumDriver] [  881] - Datavalue is----------Description::Other
[INFO ][2016-02-08 15:59:26,806][com.java.SeleniumDriver] [  905] - DataField : PVP//table[@id="tblRatedLoans"]//input[@value='mytext']/parent::td/following-sibling::td[3]/input
[INFO ][2016-02-08 15:59:26,806][com.java.SeleniumDriver] [  907] - DataValue : Description::Other
[INFO ][2016-02-08 15:59:26,806][com.java.SeleniumDriver] [  913] - <In Set values of the page>
[INFO ][2016-02-08 15:59:26,806][com.java.SeleniumDriver] [  916] - {Data Fields & Data Values Exist}
[INFO ][2016-02-08 15:59:26,806][com.java.SeleniumDriver] [  918] - --------------------------setting values-----------------------------
[INFO ][2016-02-08 15:59:26,806][com.java.SeleniumDriver] [  921] - Action Type : VERIFY
[INFO ][2016-02-08 15:59:26,806][com.java.TestType] [ 8382] - field= PVP//table[@id="tblRatedLoans"]//input[@value='mytext']/parent::td/following-sibling::td[3]/input value= Description::Other
[INFO ][2016-02-08 15:59:26,806][com.java.TestType] [ 6748] - value = Description::Other
[INFO ][2016-02-08 15:59:27,006][com.java.SeleniumDriver] [  930] -  RESULT true
[INFO ][2016-02-08 15:59:27,006][com.java.SeleniumDriver] [ 1136] - ?   P A S S   ?
[INFO ][2016-02-08 15:59:27,006][com.java.SeleniumDriver] [  856] - ------------------------------------------
[INFO ][2016-02-08 15:59:27,006][com.java.SeleniumDriver] [  857] - Test case being Executed: 12
[INFO ][2016-02-08 15:59:27,006][com.java.SeleniumDriver] [  869] - Test step:64
[INFO ][2016-02-08 15:59:27,006][com.java.SeleniumDriver] [  881] - Datavalue is----------10
[INFO ][2016-02-08 15:59:27,006][com.java.SeleniumDriver] [  905] - DataField : test
[INFO ][2016-02-08 15:59:27,006][com.java.SeleniumDriver] [  907] - DataValue : 10
[INFO ][2016-02-08 15:59:27,006][com.java.SeleniumDriver] [  913] - <In Set values of the page>
[INFO ][2016-02-08 15:59:27,006][com.java.SeleniumDriver] [  916] - {Data Fields & Data Values Exist}
[INFO ][2016-02-08 15:59:27,006][com.java.SeleniumDriver] [  918] - --------------------------setting values-----------------------------
[INFO ][2016-02-08 15:59:27,006][com.java.SeleniumDriver] [  921] - Action Type : WAITTIME
[DEBUG][2016-02-08 15:59:27,006][com.java.TestType] [ 6562] - sleepTime: 10000
[INFO ][2016-02-08 15:59:37,006][com.java.SeleniumDriver] [  930] -  RESULT true
[INFO ][2016-02-08 15:59:37,006][com.java.SeleniumDriver] [ 1136] - ?   P A S S   ?
[INFO ][2016-02-08 15:59:37,006][com.java.SeleniumDriver] [  856] - ------------------------------------------
[INFO ][2016-02-08 15:59:37,006][com.java.SeleniumDriver] [  857] - Test case being Executed: 12
[INFO ][2016-02-08 15:59:37,006][com.java.SeleniumDriver] [  869] - Test step:65
[INFO ][2016-02-08 15:59:37,006][com.java.SeleniumDriver] [  881] - Datavalue is----------Description
[INFO ][2016-02-08 15:59:37,006][com.java.SeleniumDriver] [  905] - DataField : MNC//table[@ id="tblRatedLoans"]//input[@value='mytext']/parent::td/parent::tr//span[@class="glyphicon glyphicon-remove"]
[INFO ][2016-02-08 15:59:37,006][com.java.SeleniumDriver] [  907] - DataValue : Description
[INFO ][2016-02-08 15:59:37,006][com.java.SeleniumDriver] [  913] - <In Set values of the page>
[INFO ][2016-02-08 15:59:37,006][com.java.SeleniumDriver] [  916] - {Data Fields & Data Values Exist}
[INFO ][2016-02-08 15:59:37,006][com.java.SeleniumDriver] [  918] - --------------------------setting values-----------------------------
[INFO ][2016-02-08 15:59:37,006][com.java.SeleniumDriver] [  921] - Action Type : CLICKWITHALERT
[INFO ][2016-02-08 15:59:37,006][com.java.TestType] [ 7149] - Field ::MNC//table[@ id="tblRatedLoans"]//input[@value='mytext']/parent::td/parent::tr//span[@class="glyphicon glyphicon-remove"]
[INFO ][2016-02-08 15:59:37,006][com.java.TestType] [ 6748] - value = Description
[INFO ][2016-02-08 15:59:41,548][com.java.SeleniumDriver] [  930] -  RESULT true
[INFO ][2016-02-08 15:59:41,548][com.java.SeleniumDriver] [ 1136] - ?   P A S S   ?
[INFO ][2016-02-08 15:59:41,548][com.java.SeleniumDriver] [  856] - ------------------------------------------
[INFO ][2016-02-08 15:59:41,548][com.java.SeleniumDriver] [  857] - Test case being Executed: 12
[INFO ][2016-02-08 15:59:41,548][com.java.SeleniumDriver] [  869] - Test step:66
[INFO ][2016-02-08 15:59:41,548][com.java.SeleniumDriver] [  881] - Datavalue is----------5
[INFO ][2016-02-08 15:59:41,548][com.java.SeleniumDriver] [  905] - DataField : test
[INFO ][2016-02-08 15:59:41,548][com.java.SeleniumDriver] [  907] - DataValue : 5
[INFO ][2016-02-08 15:59:41,548][com.java.SeleniumDriver] [  913] - <In Set values of the page>
[INFO ][2016-02-08 15:59:41,548][com.java.SeleniumDriver] [  916] - {Data Fields & Data Values Exist}
[INFO ][2016-02-08 15:59:41,548][com.java.SeleniumDriver] [  918] - --------------------------setting values-----------------------------
[INFO ][2016-02-08 15:59:41,548][com.java.SeleniumDriver] [  921] - Action Type : WAITTIME
[DEBUG][2016-02-08 15:59:41,548][com.java.TestType] [ 6562] - sleepTime: 5000
[INFO ][2016-02-08 15:59:46,554][com.java.SeleniumDriver] [  930] -  RESULT true
[INFO ][2016-02-08 15:59:46,554][com.java.SeleniumDriver] [ 1136] - ?   P A S S   ?
[INFO ][2016-02-08 15:59:46,554][com.java.SeleniumDriver] [  856] - ------------------------------------------
[INFO ][2016-02-08 15:59:46,554][com.java.SeleniumDriver] [  857] - Test case being Executed: 12
[INFO ][2016-02-08 15:59:46,554][com.java.SeleniumDriver] [  869] - Test step:67
[INFO ][2016-02-08 15:59:46,554][com.java.SeleniumDriver] [  881] - Datavalue is----------null
[DEBUG][2016-02-08 15:59:46,554][com.java.SeleniumDriver] [  899] - Exception: null
[INFO ][2016-02-08 15:59:46,554][com.java.SeleniumDriver] [  905] - DataField : BTNparent
[INFO ][2016-02-08 15:59:46,554][com.java.SeleniumDriver] [  907] - DataValue : 
[INFO ][2016-02-08 15:59:46,554][com.java.SeleniumDriver] [  913] - <In Set values of the page>
[INFO ][2016-02-08 15:59:46,554][com.java.SeleniumDriver] [  916] - {Data Fields & Data Values Exist}
[INFO ][2016-02-08 15:59:46,554][com.java.SeleniumDriver] [  918] - --------------------------setting values-----------------------------
[INFO ][2016-02-08 15:59:46,554][com.java.SeleniumDriver] [  921] - Action Type : SELECTFRAME
[INFO ][2016-02-08 15:59:46,555][com.java.SeleniumDriver] [  930] -  RESULT true
[INFO ][2016-02-08 15:59:46,555][com.java.SeleniumDriver] [ 1136] - ?   P A S S   ?
[INFO ][2016-02-08 15:59:46,555][com.java.SeleniumDriver] [  856] - ------------------------------------------
[INFO ][2016-02-08 15:59:46,555][com.java.SeleniumDriver] [  857] - Test case being Executed: 12
[INFO ][2016-02-08 15:59:46,555][com.java.SeleniumDriver] [  869] - Test step:68
[INFO ][2016-02-08 15:59:46,555][com.java.SeleniumDriver] [  881] - Datavalue is----------5
[INFO ][2016-02-08 15:59:46,555][com.java.SeleniumDriver] [  905] - DataField : XPH//span[contains(text(), 'Update')]
[INFO ][2016-02-08 15:59:46,555][com.java.SeleniumDriver] [  907] - DataValue : 5
[INFO ][2016-02-08 15:59:46,555][com.java.SeleniumDriver] [  913] - <In Set values of the page>
[INFO ][2016-02-08 15:59:46,555][com.java.SeleniumDriver] [  916] - {Data Fields & Data Values Exist}
[INFO ][2016-02-08 15:59:46,555][com.java.SeleniumDriver] [  918] - --------------------------setting values-----------------------------
[INFO ][2016-02-08 15:59:46,555][com.java.SeleniumDriver] [  921] - Action Type : WAITFORELEMENT
[INFO ][2016-02-08 15:59:46,595][com.java.SeleniumDriver] [  930] -  RESULT true
[INFO ][2016-02-08 15:59:46,595][com.java.SeleniumDriver] [ 1136] - ?   P A S S   ?
[INFO ][2016-02-08 15:59:46,595][com.java.SeleniumDriver] [  856] - ------------------------------------------
[INFO ][2016-02-08 15:59:46,595][com.java.SeleniumDriver] [  857] - Test case being Executed: 12
[INFO ][2016-02-08 15:59:46,595][com.java.SeleniumDriver] [  869] - Test step:69
[INFO ][2016-02-08 15:59:46,595][com.java.SeleniumDriver] [  881] - Datavalue is----------null
[DEBUG][2016-02-08 15:59:46,595][com.java.SeleniumDriver] [  899] - Exception: null
[INFO ][2016-02-08 15:59:46,595][com.java.SeleniumDriver] [  905] - DataField : HDN//span[contains(text(), 'Update')]
[INFO ][2016-02-08 15:59:46,595][com.java.SeleniumDriver] [  907] - DataValue : 
[INFO ][2016-02-08 15:59:46,595][com.java.SeleniumDriver] [  913] - <In Set values of the page>
[INFO ][2016-02-08 15:59:46,595][com.java.SeleniumDriver] [  916] - {Data Fields & Data Values Exist}
[INFO ][2016-02-08 15:59:46,595][com.java.SeleniumDriver] [  918] - --------------------------setting values-----------------------------
[INFO ][2016-02-08 15:59:46,595][com.java.SeleniumDriver] [  921] - Action Type : CLICK
[INFO ][2016-02-08 15:59:46,595][com.java.TestType] [ 7149] - Field ::HDN//span[contains(text(), 'Update')]
[INFO ][2016-02-08 15:59:46,595][com.java.TestType] [ 6748] - value = 
[INFO ][2016-02-08 15:59:47,966][com.java.SeleniumDriver] [  930] -  RESULT true
[INFO ][2016-02-08 15:59:47,966][com.java.SeleniumDriver] [ 1136] - ?   P A S S   ?
[INFO ][2016-02-08 15:59:47,966][com.java.SeleniumDriver] [  856] - ------------------------------------------
[INFO ][2016-02-08 15:59:47,966][com.java.SeleniumDriver] [  857] - Test case being Executed: 12
[INFO ][2016-02-08 15:59:47,966][com.java.SeleniumDriver] [  869] - Test step:70
[INFO ][2016-02-08 15:59:47,966][com.java.SeleniumDriver] [  881] - Datavalue is----------3
[INFO ][2016-02-08 15:59:47,966][com.java.SeleniumDriver] [  905] - DataField : XPH//div[contains(text(), 'My Dashboard')]
[INFO ][2016-02-08 15:59:47,966][com.java.SeleniumDriver] [  907] - DataValue : 3
[INFO ][2016-02-08 15:59:47,966][com.java.SeleniumDriver] [  913] - <In Set values of the page>
[INFO ][2016-02-08 15:59:47,966][com.java.SeleniumDriver] [  916] - {Data Fields & Data Values Exist}
[INFO ][2016-02-08 15:59:47,966][com.java.SeleniumDriver] [  918] - --------------------------setting values-----------------------------
[INFO ][2016-02-08 15:59:47,966][com.java.SeleniumDriver] [  921] - Action Type : WAITFORELEMENT
[INFO ][2016-02-08 15:59:48,016][com.java.SeleniumDriver] [  930] -  RESULT true
[INFO ][2016-02-08 15:59:48,016][com.java.SeleniumDriver] [ 1136] - ?   P A S S   ?
[INFO ][2016-02-08 15:59:48,016][com.java.SeleniumDriver] [  856] - ------------------------------------------
[INFO ][2016-02-08 15:59:48,016][com.java.SeleniumDriver] [  857] - Test case being Executed: 12
[INFO ][2016-02-08 15:59:48,016][com.java.SeleniumDriver] [  869] - Test step:71
[INFO ][2016-02-08 15:59:48,016][com.java.SeleniumDriver] [  881] - Datavalue is----------My Dashboard
[INFO ][2016-02-08 15:59:48,016][com.java.SeleniumDriver] [  905] - DataField : XPH//div[contains(text(), 'My Dashboard')]
[INFO ][2016-02-08 15:59:48,016][com.java.SeleniumDriver] [  907] - DataValue : My Dashboard
[INFO ][2016-02-08 15:59:48,016][com.java.SeleniumDriver] [  913] - <In Set values of the page>
[INFO ][2016-02-08 15:59:48,016][com.java.SeleniumDriver] [  916] - {Data Fields & Data Values Exist}
[INFO ][2016-02-08 15:59:48,016][com.java.SeleniumDriver] [  918] - --------------------------setting values-----------------------------
[INFO ][2016-02-08 15:59:48,016][com.java.SeleniumDriver] [  921] - Action Type : VERIFY
[INFO ][2016-02-08 15:59:48,016][com.java.TestType] [ 8382] - field= XPH//div[contains(text(), 'My Dashboard')] value= My Dashboard
[INFO ][2016-02-08 15:59:48,016][com.java.TestType] [ 6748] - value = My Dashboard
[INFO ][2016-02-08 15:59:48,116][com.java.SeleniumDriver] [  930] -  RESULT true
[INFO ][2016-02-08 15:59:48,116][com.java.SeleniumDriver] [ 1136] - ?   P A S S   ?
[DEBUG][2016-02-08 15:59:48,116][com.java.SeleniumDriver] [ 1248] - Case found
[DEBUG][2016-02-08 15:59:48,116][com.java.SeleniumDriver] [ 1253] - Incrementing ReportCounters[0]:3
[INFO ][2016-02-08 15:59:48,116][com.java.SeleniumDriver] [ 1272] - The results are-------------------[12, 1, Admin: Company Settings: Rated Loan Categories: Modify Existing Category, Pass, , Mon Feb 08 15:56:05 IST 2016, 12, 3, Admin: Company Settings: Rated Loan Categories: Modify Existing Category, Pass, , Mon Feb 08 15:56:11 IST 2016, 12, 4, Admin: Company Settings: Rated Loan Categories: Modify Existing Category, Pass, , Mon Feb 08 15:56:55 IST 2016, 12, 5, Admin: Company Settings: Rated Loan Categories: Modify Existing Category, Pass, , Mon Feb 08 15:56:56 IST 2016, 12, 6, Admin: Company Settings: Rated Loan Categories: Modify Existing Category, Pass, , Mon Feb 08 15:56:57 IST 2016, 12, 7, Admin: Company Settings: Rated Loan Categories: Modify Existing Category, Pass, , Mon Feb 08 15:56:59 IST 2016, 12, 8, Admin: Company Settings: Rated Loan Categories: Modify Existing Category, Pass, , Mon Feb 08 15:56:59 IST 2016, 12, 9, Admin: Company Settings: Rated Loan Categories: Modify Existing Category, Pass, , Mon Feb 08 15:56:59 IST 2016, 12, 10, Admin: Company Settings: Rated Loan Categories: Modify Existing Category, Pass, , Mon Feb 08 15:56:59 IST 2016, 12, 11, Admin: Company Settings: Rated Loan Categories: Modify Existing Category, Pass, , Mon Feb 08 15:57:02 IST 2016, 12, 12, Admin: Company Settings: Rated Loan Categories: Modify Existing Category, Pass, , Mon Feb 08 15:57:04 IST 2016, 12, 13, Admin: Company Settings: Rated Loan Categories: Modify Existing Category, Pass, , Mon Feb 08 15:57:05 IST 2016, 12, 14, Admin: Company Settings: Rated Loan Categories: Modify Existing Category, Pass, , Mon Feb 08 15:57:08 IST 2016, 12, 15, Admin: Company Settings: Rated Loan Categories: Modify Existing Category, Pass, , Mon Feb 08 15:57:10 IST 2016, 12, 16, Admin: Company Settings: Rated Loan Categories: Modify Existing Category, Pass, , Mon Feb 08 15:57:12 IST 2016, 12, 17, Admin: Company Settings: Rated Loan Categories: Modify Existing Category, Pass, , Mon Feb 08 15:57:15 IST 2016, 12, 18, Admin: Company Settings: Rated Loan Categories: Modify Existing Category, Pass, , Mon Feb 08 15:57:17 IST 2016, 12, 19, Admin: Company Settings: Rated Loan Categories: Modify Existing Category, Pass, , Mon Feb 08 15:57:18 IST 2016, 12, 20, Admin: Company Settings: Rated Loan Categories: Modify Existing Category, Pass, , Mon Feb 08 15:57:21 IST 2016, 12, 21, Admin: Company Settings: Rated Loan Categories: Modify Existing Category, Pass, , Mon Feb 08 15:57:23 IST 2016, 12, 22, Admin: Company Settings: Rated Loan Categories: Modify Existing Category, Pass, , Mon Feb 08 15:57:24 IST 2016, 12, 23, Admin: Company Settings: Rated Loan Categories: Modify Existing Category, Pass, , Mon Feb 08 15:57:27 IST 2016, 12, 24, Admin: Company Settings: Rated Loan Categories: Modify Existing Category, Pass, , Mon Feb 08 15:57:30 IST 2016, 12, 25, Admin: Company Settings: Rated Loan Categories: Modify Existing Category, Pass, , Mon Feb 08 15:57:30 IST 2016, 12, 26, Admin: Company Settings: Rated Loan Categories: Modify Existing Category, Pass, , Mon Feb 08 15:57:30 IST 2016, 12, 27, Admin: Company Settings: Rated Loan Categories: Modify Existing Category, Pass, , Mon Feb 08 15:57:31 IST 2016, 12, 28, Admin: Company Settings: Rated Loan Categories: Modify Existing Category, Pass, , Mon Feb 08 15:57:41 IST 2016, 12, 29, Admin: Company Settings: Rated Loan Categories: Modify Existing Category, Pass, , Mon Feb 08 15:57:41 IST 2016, 12, 30, Admin: Company Settings: Rated Loan Categories: Modify Existing Category, Pass, , Mon Feb 08 15:57:42 IST 2016, 12, 31, Admin: Company Settings: Rated Loan Categories: Modify Existing Category, Pass, , Mon Feb 08 15:57:42 IST 2016, 12, 32, Admin: Company Settings: Rated Loan Categories: Modify Existing Category, Pass, , Mon Feb 08 15:57:42 IST 2016, 12, 33, Admin: Company Settings: Rated Loan Categories: Modify Existing Category, Pass, , Mon Feb 08 15:57:43 IST 2016, 12, 34, Admin: Company Settings: Rated Loan Categories: Modify Existing Category, Pass, , Mon Feb 08 15:57:43 IST 2016, 12, 35, Admin: Company Settings: Rated Loan Categories: Modify Existing Category, Pass, , Mon Feb 08 15:57:44 IST 2016, 12, 36, Admin: Company Settings: Rated Loan Categories: Modify Existing Category, Pass, , Mon Feb 08 15:58:28 IST 2016, 12, 37, Admin: Company Settings: Rated Loan Categories: Modify Existing Category, Pass, , Mon Feb 08 15:58:29 IST 2016, 12, 38, Admin: Company Settings: Rated Loan Categories: Modify Existing Category, Pass, , Mon Feb 08 15:58:30 IST 2016, 12, 39, Admin: Company Settings: Rated Loan Categories: Modify Existing Category, Pass, , Mon Feb 08 15:58:31 IST 2016, 12, 40, Admin: Company Settings: Rated Loan Categories: Modify Existing Category, Pass, , Mon Feb 08 15:58:32 IST 2016, 12, 41, Admin: Company Settings: Rated Loan Categories: Modify Existing Category, Pass, , Mon Feb 08 15:58:32 IST 2016, 12, 42, Admin: Company Settings: Rated Loan Categories: Modify Existing Category, Pass, , Mon Feb 08 15:58:33 IST 2016, 12, 43, Admin: Company Settings: Rated Loan Categories: Modify Existing Category, Pass, , Mon Feb 08 15:58:33 IST 2016, 12, 44, Admin: Company Settings: Rated Loan Categories: Modify Existing Category, Pass, , Mon Feb 08 15:58:34 IST 2016, 12, 45, Admin: Company Settings: Rated Loan Categories: Modify Existing Category, Pass, , Mon Feb 08 15:58:35 IST 2016, 12, 46, Admin: Company Settings: Rated Loan Categories: Modify Existing Category, Pass, , Mon Feb 08 15:58:35 IST 2016, 12, 47, Admin: Company Settings: Rated Loan Categories: Modify Existing Category, Pass, , Mon Feb 08 15:58:35 IST 2016, 12, 48, Admin: Company Settings: Rated Loan Categories: Modify Existing Category, Pass, , Mon Feb 08 15:58:36 IST 2016, 12, 49, Admin: Company Settings: Rated Loan Categories: Modify Existing Category, Pass, , Mon Feb 08 15:58:37 IST 2016, 12, 50, Admin: Company Settings: Rated Loan Categories: Modify Existing Category, Pass, , Mon Feb 08 15:58:37 IST 2016, 12, 51, Admin: Company Settings: Rated Loan Categories: Modify Existing Category, Pass, , Mon Feb 08 15:58:38 IST 2016, 12, 52, Admin: Company Settings: Rated Loan Categories: Modify Existing Category, Pass, , Mon Feb 08 15:58:38 IST 2016, 12, 53, Admin: Company Settings: Rated Loan Categories: Modify Existing Category, Pass, , Mon Feb 08 15:58:38 IST 2016, 12, 54, Admin: Company Settings: Rated Loan Categories: Modify Existing Category, Pass, , Mon Feb 08 15:58:39 IST 2016, 12, 55, Admin: Company Settings: Rated Loan Categories: Modify Existing Category, Pass, , Mon Feb 08 15:58:39 IST 2016, 12, 56, Admin: Company Settings: Rated Loan Categories: Modify Existing Category, Pass, , Mon Feb 08 15:58:39 IST 2016, 12, 57, Admin: Company Settings: Rated Loan Categories: Modify Existing Category, Pass, , Mon Feb 08 15:59:24 IST 2016, 12, 58, Admin: Company Settings: Rated Loan Categories: Modify Existing Category, Pass, , Mon Feb 08 15:59:24 IST 2016, 12, 59, Admin: Company Settings: Rated Loan Categories: Modify Existing Category, Pass, , Mon Feb 08 15:59:26 IST 2016, 12, 60, Admin: Company Settings: Rated Loan Categories: Modify Existing Category, Pass, , Mon Feb 08 15:59:26 IST 2016, 12, 61, Admin: Company Settings: Rated Loan Categories: Modify Existing Category, Pass, , Mon Feb 08 15:59:26 IST 2016, 12, 62, Admin: Company Settings: Rated Loan Categories: Modify Existing Category, Pass, , Mon Feb 08 15:59:26 IST 2016, 12, 63, Admin: Company Settings: Rated Loan Categories: Modify Existing Category, Pass, , Mon Feb 08 15:59:27 IST 2016, 12, 64, Admin: Company Settings: Rated Loan Categories: Modify Existing Category, Pass, , Mon Feb 08 15:59:37 IST 2016, 12, 65, Admin: Company Settings: Rated Loan Categories: Modify Existing Category, Pass, , Mon Feb 08 15:59:41 IST 2016, 12, 66, Admin: Company Settings: Rated Loan Categories: Modify Existing Category, Pass, , Mon Feb 08 15:59:46 IST 2016, 12, 67, Admin: Company Settings: Rated Loan Categories: Modify Existing Category, Pass, , Mon Feb 08 15:59:46 IST 2016, 12, 68, Admin: Company Settings: Rated Loan Categories: Modify Existing Category, Pass, , Mon Feb 08 15:59:46 IST 2016, 12, 69, Admin: Company Settings: Rated Loan Categories: Modify Existing Category, Pass, , Mon Feb 08 15:59:47 IST 2016, 12, 70, Admin: Company Settings: Rated Loan Categories: Modify Existing Category, Pass, , Mon Feb 08 15:59:48 IST 2016, 12, 71, Admin: Company Settings: Rated Loan Categories: Modify Existing Category, Pass, , Mon Feb 08 15:59:48 IST 2016]
[INFO ][2016-02-08 15:59:48,116][com.java.SeleniumDriver] [ 1276] - End time is-------7 min 26 sec
[INFO ][2016-02-08 15:59:48,116][com.java.SeleniumDriver] [ 1277] - The results are-------------------[12, 1, Admin: Company Settings: Rated Loan Categories: Modify Existing Category, Pass, , Mon Feb 08 15:56:05 IST 2016, 12, 3, Admin: Company Settings: Rated Loan Categories: Modify Existing Category, Pass, , Mon Feb 08 15:56:11 IST 2016, 12, 4, Admin: Company Settings: Rated Loan Categories: Modify Existing Category, Pass, , Mon Feb 08 15:56:55 IST 2016, 12, 5, Admin: Company Settings: Rated Loan Categories: Modify Existing Category, Pass, , Mon Feb 08 15:56:56 IST 2016, 12, 6, Admin: Company Settings: Rated Loan Categories: Modify Existing Category, Pass, , Mon Feb 08 15:56:57 IST 2016, 12, 7, Admin: Company Settings: Rated Loan Categories: Modify Existing Category, Pass, , Mon Feb 08 15:56:59 IST 2016, 12, 8, Admin: Company Settings: Rated Loan Categories: Modify Existing Category, Pass, , Mon Feb 08 15:56:59 IST 2016, 12, 9, Admin: Company Settings: Rated Loan Categories: Modify Existing Category, Pass, , Mon Feb 08 15:56:59 IST 2016, 12, 10, Admin: Company Settings: Rated Loan Categories: Modify Existing Category, Pass, , Mon Feb 08 15:56:59 IST 2016, 12, 11, Admin: Company Settings: Rated Loan Categories: Modify Existing Category, Pass, , Mon Feb 08 15:57:02 IST 2016, 12, 12, Admin: Company Settings: Rated Loan Categories: Modify Existing Category, Pass, , Mon Feb 08 15:57:04 IST 2016, 12, 13, Admin: Company Settings: Rated Loan Categories: Modify Existing Category, Pass, , Mon Feb 08 15:57:05 IST 2016, 12, 14, Admin: Company Settings: Rated Loan Categories: Modify Existing Category, Pass, , Mon Feb 08 15:57:08 IST 2016, 12, 15, Admin: Company Settings: Rated Loan Categories: Modify Existing Category, Pass, , Mon Feb 08 15:57:10 IST 2016, 12, 16, Admin: Company Settings: Rated Loan Categories: Modify Existing Category, Pass, , Mon Feb 08 15:57:12 IST 2016, 12, 17, Admin: Company Settings: Rated Loan Categories: Modify Existing Category, Pass, , Mon Feb 08 15:57:15 IST 2016, 12, 18, Admin: Company Settings: Rated Loan Categories: Modify Existing Category, Pass, , Mon Feb 08 15:57:17 IST 2016, 12, 19, Admin: Company Settings: Rated Loan Categories: Modify Existing Category, Pass, , Mon Feb 08 15:57:18 IST 2016, 12, 20, Admin: Company Settings: Rated Loan Categories: Modify Existing Category, Pass, , Mon Feb 08 15:57:21 IST 2016, 12, 21, Admin: Company Settings: Rated Loan Categories: Modify Existing Category, Pass, , Mon Feb 08 15:57:23 IST 2016, 12, 22, Admin: Company Settings: Rated Loan Categories: Modify Existing Category, Pass, , Mon Feb 08 15:57:24 IST 2016, 12, 23, Admin: Company Settings: Rated Loan Categories: Modify Existing Category, Pass, , Mon Feb 08 15:57:27 IST 2016, 12, 24, Admin: Company Settings: Rated Loan Categories: Modify Existing Category, Pass, , Mon Feb 08 15:57:30 IST 2016, 12, 25, Admin: Company Settings: Rated Loan Categories: Modify Existing Category, Pass, , Mon Feb 08 15:57:30 IST 2016, 12, 26, Admin: Company Settings: Rated Loan Categories: Modify Existing Category, Pass, , Mon Feb 08 15:57:30 IST 2016, 12, 27, Admin: Company Settings: Rated Loan Categories: Modify Existing Category, Pass, , Mon Feb 08 15:57:31 IST 2016, 12, 28, Admin: Company Settings: Rated Loan Categories: Modify Existing Category, Pass, , Mon Feb 08 15:57:41 IST 2016, 12, 29, Admin: Company Settings: Rated Loan Categories: Modify Existing Category, Pass, , Mon Feb 08 15:57:41 IST 2016, 12, 30, Admin: Company Settings: Rated Loan Categories: Modify Existing Category, Pass, , Mon Feb 08 15:57:42 IST 2016, 12, 31, Admin: Company Settings: Rated Loan Categories: Modify Existing Category, Pass, , Mon Feb 08 15:57:42 IST 2016, 12, 32, Admin: Company Settings: Rated Loan Categories: Modify Existing Category, Pass, , Mon Feb 08 15:57:42 IST 2016, 12, 33, Admin: Company Settings: Rated Loan Categories: Modify Existing Category, Pass, , Mon Feb 08 15:57:43 IST 2016, 12, 34, Admin: Company Settings: Rated Loan Categories: Modify Existing Category, Pass, , Mon Feb 08 15:57:43 IST 2016, 12, 35, Admin: Company Settings: Rated Loan Categories: Modify Existing Category, Pass, , Mon Feb 08 15:57:44 IST 2016, 12, 36, Admin: Company Settings: Rated Loan Categories: Modify Existing Category, Pass, , Mon Feb 08 15:58:28 IST 2016, 12, 37, Admin: Company Settings: Rated Loan Categories: Modify Existing Category, Pass, , Mon Feb 08 15:58:29 IST 2016, 12, 38, Admin: Company Settings: Rated Loan Categories: Modify Existing Category, Pass, , Mon Feb 08 15:58:30 IST 2016, 12, 39, Admin: Company Settings: Rated Loan Categories: Modify Existing Category, Pass, , Mon Feb 08 15:58:31 IST 2016, 12, 40, Admin: Company Settings: Rated Loan Categories: Modify Existing Category, Pass, , Mon Feb 08 15:58:32 IST 2016, 12, 41, Admin: Company Settings: Rated Loan Categories: Modify Existing Category, Pass, , Mon Feb 08 15:58:32 IST 2016, 12, 42, Admin: Company Settings: Rated Loan Categories: Modify Existing Category, Pass, , Mon Feb 08 15:58:33 IST 2016, 12, 43, Admin: Company Settings: Rated Loan Categories: Modify Existing Category, Pass, , Mon Feb 08 15:58:33 IST 2016, 12, 44, Admin: Company Settings: Rated Loan Categories: Modify Existing Category, Pass, , Mon Feb 08 15:58:34 IST 2016, 12, 45, Admin: Company Settings: Rated Loan Categories: Modify Existing Category, Pass, , Mon Feb 08 15:58:35 IST 2016, 12, 46, Admin: Company Settings: Rated Loan Categories: Modify Existing Category, Pass, , Mon Feb 08 15:58:35 IST 2016, 12, 47, Admin: Company Settings: Rated Loan Categories: Modify Existing Category, Pass, , Mon Feb 08 15:58:35 IST 2016, 12, 48, Admin: Company Settings: Rated Loan Categories: Modify Existing Category, Pass, , Mon Feb 08 15:58:36 IST 2016, 12, 49, Admin: Company Settings: Rated Loan Categories: Modify Existing Category, Pass, , Mon Feb 08 15:58:37 IST 2016, 12, 50, Admin: Company Settings: Rated Loan Categories: Modify Existing Category, Pass, , Mon Feb 08 15:58:37 IST 2016, 12, 51, Admin: Company Settings: Rated Loan Categories: Modify Existing Category, Pass, , Mon Feb 08 15:58:38 IST 2016, 12, 52, Admin: Company Settings: Rated Loan Categories: Modify Existing Category, Pass, , Mon Feb 08 15:58:38 IST 2016, 12, 53, Admin: Company Settings: Rated Loan Categories: Modify Existing Category, Pass, , Mon Feb 08 15:58:38 IST 2016, 12, 54, Admin: Company Settings: Rated Loan Categories: Modify Existing Category, Pass, , Mon Feb 08 15:58:39 IST 2016, 12, 55, Admin: Company Settings: Rated Loan Categories: Modify Existing Category, Pass, , Mon Feb 08 15:58:39 IST 2016, 12, 56, Admin: Company Settings: Rated Loan Categories: Modify Existing Category, Pass, , Mon Feb 08 15:58:39 IST 2016, 12, 57, Admin: Company Settings: Rated Loan Categories: Modify Existing Category, Pass, , Mon Feb 08 15:59:24 IST 2016, 12, 58, Admin: Company Settings: Rated Loan Categories: Modify Existing Category, Pass, , Mon Feb 08 15:59:24 IST 2016, 12, 59, Admin: Company Settings: Rated Loan Categories: Modify Existing Category, Pass, , Mon Feb 08 15:59:26 IST 2016, 12, 60, Admin: Company Settings: Rated Loan Categories: Modify Existing Category, Pass, , Mon Feb 08 15:59:26 IST 2016, 12, 61, Admin: Company Settings: Rated Loan Categories: Modify Existing Category, Pass, , Mon Feb 08 15:59:26 IST 2016, 12, 62, Admin: Company Settings: Rated Loan Categories: Modify Existing Category, Pass, , Mon Feb 08 15:59:26 IST 2016, 12, 63, Admin: Company Settings: Rated Loan Categories: Modify Existing Category, Pass, , Mon Feb 08 15:59:27 IST 2016, 12, 64, Admin: Company Settings: Rated Loan Categories: Modify Existing Category, Pass, , Mon Feb 08 15:59:37 IST 2016, 12, 65, Admin: Company Settings: Rated Loan Categories: Modify Existing Category, Pass, , Mon Feb 08 15:59:41 IST 2016, 12, 66, Admin: Company Settings: Rated Loan Categories: Modify Existing Category, Pass, , Mon Feb 08 15:59:46 IST 2016, 12, 67, Admin: Company Settings: Rated Loan Categories: Modify Existing Category, Pass, , Mon Feb 08 15:59:46 IST 2016, 12, 68, Admin: Company Settings: Rated Loan Categories: Modify Existing Category, Pass, , Mon Feb 08 15:59:46 IST 2016, 12, 69, Admin: Company Settings: Rated Loan Categories: Modify Existing Category, Pass, , Mon Feb 08 15:59:47 IST 2016, 12, 70, Admin: Company Settings: Rated Loan Categories: Modify Existing Category, Pass, , Mon Feb 08 15:59:48 IST 2016, 12, 71, Admin: Company Settings: Rated Loan Categories: Modify Existing Category, Pass, , Mon Feb 08 15:59:48 IST 2016]
[DEBUG][2016-02-08 15:59:48,116][com.java.ImportnExport.ExportTestResultsExcel] [  222] - testResultPath = D:\BankersDashboard/TestReports/Test Results_BankersDashBoard_020816_155224_IE10_Any Bank USA.xls
[DEBUG][2016-02-08 15:59:48,116][com.java.ImportnExport.ExportTestResultsExcel] [  223] - browser is------------IE10
[DEBUG][2016-02-08 15:59:48,116][com.java.ImportnExport.ExportTestResultsExcel] [  270] - result.size() = 420
[DEBUG][2016-02-08 15:59:48,116][com.java.ImportnExport.ExportTestResultsExcel] [  274] - No of rows in sheet=3
[DEBUG][2016-02-08 15:59:48,116][com.java.ImportnExport.ExportTestResultsExcel] [  301] - ..in export..12
[DEBUG][2016-02-08 15:59:48,116][com.java.ImportnExport.ExportTestResultsExcel] [  301] - ..in export..Admin: Company Settings: Rated Loan Categories: Modify Existing Category
[DEBUG][2016-02-08 15:59:48,116][com.java.ImportnExport.ExportTestResultsExcel] [  301] - ..in export..Pass
[DEBUG][2016-02-08 15:59:48,116][com.java.ImportnExport.ExportTestResultsExcel] [  301] - ..in export..
[DEBUG][2016-02-08 15:59:48,116][com.java.ImportnExport.ExportTestResultsExcel] [  301] - ..in export..Mon Feb 08 15:56:05 IST 2016
[INFO ][2016-02-08 15:59:48,116][com.java.SeleniumDriver] [ 1337] - out loop:2 size:3 TestCases:[1, 9, 12] testcases:[1, 9, 12]
[INFO ][2016-02-08 15:59:50,123][com.java.SeleniumDriver] [ 1380] - Total Number of Cases:3
[INFO ][2016-02-08 15:59:50,123][com.java.TemplateGenerator] [  302] - Executed:3
[INFO ][2016-02-08 15:59:50,123][com.java.TemplateGenerator] [  303] - Passed:3
[INFO ][2016-02-08 15:59:50,123][com.java.TemplateGenerator] [  304] - Failed:0
[INFO ][2016-02-08 15:59:50,123][com.java.TemplateGenerator] [  305] - Skipeed:0
[INFO ][2016-02-08 15:59:50,123][com.java.TemplateGenerator] [  306] - Application URL:https://clients-xuat.bankersdashboard.com
[INFO ][2016-02-08 15:59:50,123][com.java.TemplateGenerator] [  307] - Start Time:020816_155224
[INFO ][2016-02-08 15:59:50,123][com.java.TemplateGenerator] [  308] -  Creating HTML Report 
[ERROR][2016-02-08 15:59:50,123][com.java.TemplateGenerator] [  409] - Unparseable date: "Mon Feb 08 03:52:24 IST 2016"
[INFO ][2016-02-08 15:59:50,123][com.java.TemplateGenerator] [  654] -  Exporting case :: 1
[INFO ][2016-02-08 15:59:50,123][com.java.TemplateGenerator] [  654] -  Exporting case :: 9
[INFO ][2016-02-08 15:59:50,123][com.java.TemplateGenerator] [  654] -  Exporting case :: 12
[INFO ][2016-02-08 15:59:50,124][com.java.SeleniumDriver] [ 1429] - End Time:020816_155950
[INFO ][2016-02-08 15:59:50,124][com.java.SeleniumDriver] [ 1432] - Data in Test Execution Details:{1=PASS, 9=PASS, 12=PASS}
[INFO ][2016-02-08 15:59:50,124][com.java.SeleniumDriver] [ 1433] - Data in Failed Execution Deatils:{}
[INFO ][2016-02-08 15:59:50,124][com.java.SeleniumDriver] [ 1435] - ReportCounter:Total:3 :: PASS: 3 ::FAIL: 0
[INFO ][2016-02-08 15:59:50,124][com.java.SeleniumDriver] [ 1436] - FailedReportCounter:Total:0 :: PASS: 0 ::FAIL: 0
[INFO ][2016-02-08 15:59:50,124][com.java.EmailTestReport] [   63] - Sending report mail details:
[INFO ][2016-02-08 15:59:50,124][com.java.EmailTestReport] [   80] - Excel Report Path:D:\BankersDashboard/TestReports/Test Results_BankersDashBoard_020816_155224_IE10_Any Bank USA.xls
[INFO ][2016-02-08 15:59:50,124][com.java.EmailTestReport] [   81] - HTML Report Path:D:\BankersDashboard//TestReports//Test Results_BankersDashBoard_020816_155224_IE10_Any Bank USA.html
[INFO ][2016-02-08 15:59:50,124][com.java.EmailTestReport] [   82] - smtpHostName:mail01.valuelabs.com
[INFO ][2016-02-08 15:59:50,124][com.java.EmailTestReport] [   83] - Recipient:venkateswararao.gubbala@valuelabs.com;
[INFO ][2016-02-08 15:59:50,124][com.java.EmailTestReport] [   84] - From:venkateswararao.gubbala@valuelabs.com;
[INFO ][2016-02-08 15:59:50,124][com.java.EmailTestReport] [   85] - Subject:Deluxe Corp Bankers Dashboard Automation Test Report - Any Bank USA - IE10
[INFO ][2016-02-08 15:59:50,154][com.java.EmailTestReport] [  143] -  Added venkateswararao.gubbala@valuelabs.com
[INFO ][2016-02-08 15:59:53,414][com.java.SeleniumDriver] [  722] - quitting the browser 
[INFO ][2016-02-08 15:59:55,158][com.java.SeleniumDriver] [  264] - Execution Completed Stopping the thread
