[INFO ][2016-02-05 19:15:39,646][com.java.SeleniumDriver] [  213] - Execute Failed Casesfalse
[INFO ][2016-02-05 19:15:39,646][com.java.SeleniumDriver] [  214] - Browser: IE10
[INFO ][2016-02-05 19:15:39,651][com.java.SeleniumDriver] [  215] - [1, 4, 8]
[INFO ][2016-02-05 19:15:39,651][com.java.SeleniumDriver] [  216] - Total TestCases:3
[INFO ][2016-02-05 19:15:39,651][com.java.SeleniumDriver] [  217] -  Reading Properties from Property File 
[DEBUG][2016-02-05 19:15:39,651][com.java.SeleniumDriver] [  238] - url : https://clients-xuat.bankersdashboard.com
[INFO ][2016-02-05 19:15:39,653][com.java.ImportnExport.ExportTestResultsExcel] [  116] - Time Stamp Fri Feb 05 07:15:39 IST 2016
[INFO ][2016-02-05 19:15:39,653][com.java.ImportnExport.ExportTestResultsExcel] [  175] - OUT FILE : D:\BankersDashboard/TestReports/Test Results_BankersDashBoard_020516_191539_IE10_Any Bank USA.xls
[INFO ][2016-02-05 19:15:39,682][com.java.ImportnExport.ExportTestResultsExcel] [  180] - Test Result file is created
[DEBUG][2016-02-05 19:15:39,772][com.java.SeleniumDriver] [  426] - Hub ip address is-------172.17.68.34
[INFO ][2016-02-05 19:15:39,773][com.java.SeleniumDriver] [  452] - Grid URL:http://172.17.68.34:4444/wd/hub
[INFO ][2016-02-05 19:15:39,773][com.java.SeleniumDriver] [  453] - Capability:Capabilities [{platform=ANY, ensureCleanSession=true, ignoreProtectedModeSettings=true, acceptSslCerts=true, ignoreZoomSetting=true, browserName=internet explorer, browserstack.ie.noFlash=true, version=null}]
[ERROR][2016-02-05 19:15:41,098][com.java.SeleniumDriver] [  498] - Unable invoke browser in grid:Could not start a new session. Possible causes are invalid address of the remote server or browser start-up failure.
Build info: version: '2.48.2', revision: '41bccdd', time: '2015-10-09 19:59:12'
System info: host: 'FVTIII438F1D', ip: '172.17.68.34', os.name: 'Windows 7', os.arch: 'x86', os.version: '6.1', java.version: '1.7.0_55'
Driver info: driver.version: SeleniumDriver
[INFO ][2016-02-05 19:15:41,099][com.java.SeleniumDriver] [  500] - Executing on local machine
[INFO ][2016-02-05 19:15:51,700][com.java.SeleniumDriver] [  248] - IE10is opened
[INFO ][2016-02-05 19:15:52,543][com.java.SeleniumDriver] [  756] - Test cases to be executed are: [1, 4, 8]
[INFO ][2016-02-05 19:15:52,571][com.java.ImportnExport.ImportTestDataDetailsExcel] [   49] - test data details path===== D:\BankersDashboard\TestInputs\TestData.xls
[INFO ][2016-02-05 19:15:52,647][com.java.SeleniumDriver] [  856] - ------------------------------------------
[INFO ][2016-02-05 19:15:52,647][com.java.SeleniumDriver] [  857] - Test case being Executed: 1
[INFO ][2016-02-05 19:15:52,647][com.java.SeleniumDriver] [  869] - Test step:1
[INFO ][2016-02-05 19:15:52,647][com.java.SeleniumDriver] [  881] - Datavalue is----------Concept#1:1-16
[INFO ][2016-02-05 19:15:52,648][com.java.SeleniumDriver] [  905] - DataField : test
[INFO ][2016-02-05 19:15:52,648][com.java.SeleniumDriver] [  907] - DataValue : Concept#1:1-16
[INFO ][2016-02-05 19:15:52,648][com.java.SeleniumDriver] [  913] - <In Set values of the page>
[INFO ][2016-02-05 19:15:52,650][com.java.SeleniumDriver] [  916] - {Data Fields & Data Values Exist}
[INFO ][2016-02-05 19:15:52,650][com.java.SeleniumDriver] [  918] - --------------------------setting values-----------------------------
[INFO ][2016-02-05 19:15:52,650][com.java.SeleniumDriver] [  921] - Action Type : ExecuteTestCase
[INFO ][2016-02-05 19:15:52,669][com.java.TestType] [  448] - The Concept sheet name is ---------- Concept
[INFO ][2016-02-05 19:15:52,670][com.java.TestType] [  451] - The Concept ID  is ---------- 1
[DEBUG][2016-02-05 19:15:52,670][com.java.TestType] [  455] - Steps being executted in the Concept are: 1:16
[INFO ][2016-02-05 19:15:52,670][com.java.TestType] [  462] - Test data details path ---------- D:\BankersDashboard\TestInputs\TestData.xls
[INFO ][2016-02-05 19:15:52,692][com.java.TestType] [  493] -  str(1) = 1
[INFO ][2016-02-05 19:15:52,692][com.java.TestType] [  496] - Test case Id is---1
[INFO ][2016-02-05 19:15:52,692][com.java.TestType] [  498] - 1
[INFO ][2016-02-05 19:15:52,692][com.java.TestType] [  493] -  str(2) = 1
[INFO ][2016-02-05 19:15:52,695][com.java.TestType] [  493] -  str(1) = 1
[INFO ][2016-02-05 19:15:52,695][com.java.TestType] [  496] - Test case Id is---1
[INFO ][2016-02-05 19:15:52,695][com.java.TestType] [  498] - 1
[INFO ][2016-02-05 19:15:52,695][com.java.TestType] [  493] -  str(2) = 2
[INFO ][2016-02-05 19:15:52,696][com.java.TestType] [  493] -  str(1) = 1
[INFO ][2016-02-05 19:15:52,696][com.java.TestType] [  496] - Test case Id is---1
[INFO ][2016-02-05 19:15:52,696][com.java.TestType] [  498] - 1
[INFO ][2016-02-05 19:15:52,696][com.java.TestType] [  493] -  str(2) = 3
[INFO ][2016-02-05 19:15:52,698][com.java.TestType] [  493] -  str(1) = 1
[INFO ][2016-02-05 19:15:52,698][com.java.TestType] [  496] - Test case Id is---1
[INFO ][2016-02-05 19:15:52,698][com.java.TestType] [  498] - 1
[INFO ][2016-02-05 19:15:52,698][com.java.TestType] [  493] -  str(2) = 4
[INFO ][2016-02-05 19:15:52,699][com.java.TestType] [  493] -  str(1) = 1
[INFO ][2016-02-05 19:15:52,700][com.java.TestType] [  496] - Test case Id is---1
[INFO ][2016-02-05 19:15:52,700][com.java.TestType] [  498] - 1
[INFO ][2016-02-05 19:15:52,700][com.java.TestType] [  493] -  str(2) = 5
[INFO ][2016-02-05 19:15:52,703][com.java.TestType] [  493] -  str(1) = 1
[INFO ][2016-02-05 19:15:52,703][com.java.TestType] [  496] - Test case Id is---1
[INFO ][2016-02-05 19:15:52,703][com.java.TestType] [  498] - 1
[INFO ][2016-02-05 19:15:52,703][com.java.TestType] [  493] -  str(2) = 6
[INFO ][2016-02-05 19:15:52,705][com.java.TestType] [  493] -  str(1) = 1
[INFO ][2016-02-05 19:15:52,705][com.java.TestType] [  496] - Test case Id is---1
[INFO ][2016-02-05 19:15:52,705][com.java.TestType] [  498] - 1
[INFO ][2016-02-05 19:15:52,705][com.java.TestType] [  493] -  str(2) = 7
[INFO ][2016-02-05 19:15:52,706][com.java.TestType] [  493] -  str(1) = 1
[INFO ][2016-02-05 19:15:52,706][com.java.TestType] [  496] - Test case Id is---1
[INFO ][2016-02-05 19:15:52,706][com.java.TestType] [  498] - 1
[INFO ][2016-02-05 19:15:52,706][com.java.TestType] [  493] -  str(2) = 8
[INFO ][2016-02-05 19:15:52,707][com.java.TestType] [  493] -  str(1) = 1
[INFO ][2016-02-05 19:15:52,707][com.java.TestType] [  496] - Test case Id is---1
[INFO ][2016-02-05 19:15:52,707][com.java.TestType] [  498] - 1
[INFO ][2016-02-05 19:15:52,707][com.java.TestType] [  493] -  str(2) = 9
[INFO ][2016-02-05 19:15:52,708][com.java.TestType] [  493] -  str(1) = 1
[INFO ][2016-02-05 19:15:52,708][com.java.TestType] [  496] - Test case Id is---1
[INFO ][2016-02-05 19:15:52,708][com.java.TestType] [  498] - 1
[INFO ][2016-02-05 19:15:52,708][com.java.TestType] [  493] -  str(2) = 10
[INFO ][2016-02-05 19:15:52,709][com.java.TestType] [  493] -  str(1) = 1
[INFO ][2016-02-05 19:15:52,709][com.java.TestType] [  496] - Test case Id is---1
[INFO ][2016-02-05 19:15:52,709][com.java.TestType] [  498] - 1
[INFO ][2016-02-05 19:15:52,709][com.java.TestType] [  493] -  str(2) = 11
[INFO ][2016-02-05 19:15:52,710][com.java.TestType] [  493] -  str(1) = 1
[INFO ][2016-02-05 19:15:52,710][com.java.TestType] [  496] - Test case Id is---1
[INFO ][2016-02-05 19:15:52,710][com.java.TestType] [  498] - 1
[INFO ][2016-02-05 19:15:52,710][com.java.TestType] [  493] -  str(2) = 12
[INFO ][2016-02-05 19:15:52,712][com.java.TestType] [  493] -  str(1) = 1
[INFO ][2016-02-05 19:15:52,712][com.java.TestType] [  496] - Test case Id is---1
[INFO ][2016-02-05 19:15:52,712][com.java.TestType] [  498] - 1
[INFO ][2016-02-05 19:15:52,712][com.java.TestType] [  493] -  str(2) = 13
[INFO ][2016-02-05 19:15:52,713][com.java.TestType] [  493] -  str(1) = 1
[INFO ][2016-02-05 19:15:52,713][com.java.TestType] [  496] - Test case Id is---1
[INFO ][2016-02-05 19:15:52,713][com.java.TestType] [  498] - 1
[INFO ][2016-02-05 19:15:52,713][com.java.TestType] [  493] -  str(2) = 14
[INFO ][2016-02-05 19:15:52,714][com.java.TestType] [  493] -  str(1) = 1
[INFO ][2016-02-05 19:15:52,714][com.java.TestType] [  496] - Test case Id is---1
[INFO ][2016-02-05 19:15:52,714][com.java.TestType] [  498] - 1
[INFO ][2016-02-05 19:15:52,714][com.java.TestType] [  493] -  str(2) = 15
[INFO ][2016-02-05 19:15:52,715][com.java.TestType] [  493] -  str(1) = 1
[INFO ][2016-02-05 19:15:52,715][com.java.TestType] [  496] - Test case Id is---1
[INFO ][2016-02-05 19:15:52,715][com.java.TestType] [  498] - 1
[INFO ][2016-02-05 19:15:52,715][com.java.TestType] [  493] -  str(2) = 16
[INFO ][2016-02-05 19:15:52,716][com.java.TestType] [12093] - Looping 1TCID = 1
[DEBUG][2016-02-05 19:15:52,716][com.java.TestType] [12134] - Concept ID:1 :: Step being Executed: 1::1
[INFO ][2016-02-05 19:15:52,716][com.java.TestType] [12172] - dataFields : TXTusername
[DEBUG][2016-02-05 19:15:52,716][com.java.TestType] [12178] - <In Set values of the page>
[DEBUG][2016-02-05 19:15:52,716][com.java.TestType] [12183] - {Data Fields & Data Values Exist}
[INFO ][2016-02-05 19:15:52,717][com.java.TestType] [12189] - --------------------------setting values-----------------------------
[INFO ][2016-02-05 19:15:52,717][com.java.TestType] [12192] - Action Type : CLEARANDENTER
[INFO ][2016-02-05 19:15:55,022][com.java.TestType] [ 6727] - value = naresh.nayini1.00000
[INFO ][2016-02-05 19:15:57,426][com.java.TestType] [12211] -  RESULT true
[INFO ][2016-02-05 19:15:57,426][com.java.TestType] [12328] - ?   P A S S   ?
[DEBUG][2016-02-05 19:15:57,426][com.java.TestType] [12134] - Concept ID:1 :: Step being Executed: 1::2
[INFO ][2016-02-05 19:15:57,426][com.java.TestType] [12172] - dataFields : TXTpassword
[DEBUG][2016-02-05 19:15:57,426][com.java.TestType] [12178] - <In Set values of the page>
[DEBUG][2016-02-05 19:15:57,427][com.java.TestType] [12183] - {Data Fields & Data Values Exist}
[INFO ][2016-02-05 19:15:57,427][com.java.TestType] [12189] - --------------------------setting values-----------------------------
[INFO ][2016-02-05 19:15:57,427][com.java.TestType] [12192] - Action Type : CLEARANDENTER
[INFO ][2016-02-05 19:15:59,705][com.java.TestType] [ 6727] - value = Password1*
[INFO ][2016-02-05 19:16:02,227][com.java.TestType] [12211] -  RESULT true
[INFO ][2016-02-05 19:16:02,227][com.java.TestType] [12328] - ?   P A S S   ?
[DEBUG][2016-02-05 19:16:02,227][com.java.TestType] [12134] - Concept ID:1 :: Step being Executed: 1::3
[ERROR][2016-02-05 19:16:02,228][com.java.TestType] [12167] - Exception: null
[INFO ][2016-02-05 19:16:02,228][com.java.TestType] [12172] - dataFields : XPH//button[@type='submit']
[DEBUG][2016-02-05 19:16:02,228][com.java.TestType] [12178] - <In Set values of the page>
[DEBUG][2016-02-05 19:16:02,228][com.java.TestType] [12183] - {Data Fields & Data Values Exist}
[INFO ][2016-02-05 19:16:02,228][com.java.TestType] [12189] - --------------------------setting values-----------------------------
[INFO ][2016-02-05 19:16:02,228][com.java.TestType] [12192] - Action Type : Click
[INFO ][2016-02-05 19:16:02,228][com.java.TestType] [ 7122] - Field ::XPH//button[@type='submit']
[INFO ][2016-02-05 19:16:02,228][com.java.TestType] [ 6727] - value = 
[INFO ][2016-02-05 19:16:03,228][com.java.TestType] [ 7299] - BEFORE CLICK
[INFO ][2016-02-05 19:16:04,088][com.java.TestType] [ 7307] - Unable to click the object Login
[INFO ][2016-02-05 19:16:04,088][com.java.TestType] [12211] -  RESULT true
[INFO ][2016-02-05 19:16:04,088][com.java.TestType] [12328] - ?   P A S S   ?
[DEBUG][2016-02-05 19:16:04,088][com.java.TestType] [12134] - Concept ID:1 :: Step being Executed: 1::4
[INFO ][2016-02-05 19:16:04,088][com.java.TestType] [12172] - dataFields : LNKLogout
[DEBUG][2016-02-05 19:16:04,088][com.java.TestType] [12178] - <In Set values of the page>
[DEBUG][2016-02-05 19:16:04,088][com.java.TestType] [12183] - {Data Fields & Data Values Exist}
[INFO ][2016-02-05 19:16:04,088][com.java.TestType] [12189] - --------------------------setting values-----------------------------
[INFO ][2016-02-05 19:16:04,088][com.java.TestType] [12192] - Action Type : WaitForElement
[INFO ][2016-02-05 19:16:07,687][com.java.TestType] [12211] -  RESULT true
[INFO ][2016-02-05 19:16:07,687][com.java.TestType] [12328] - ?   P A S S   ?
[DEBUG][2016-02-05 19:16:07,687][com.java.TestType] [12134] - Concept ID:1 :: Step being Executed: 1::15
[INFO ][2016-02-05 19:16:07,687][com.java.TestType] [12172] - dataFields : LNK
[DEBUG][2016-02-05 19:16:07,687][com.java.TestType] [12178] - <In Set values of the page>
[DEBUG][2016-02-05 19:16:07,688][com.java.TestType] [12183] - {Data Fields & Data Values Exist}
[INFO ][2016-02-05 19:16:07,688][com.java.TestType] [12189] - --------------------------setting values-----------------------------
[INFO ][2016-02-05 19:16:07,688][com.java.TestType] [12192] - Action Type : Verify
[INFO ][2016-02-05 19:16:07,688][com.java.TestType] [ 8355] - field= LNK value= Logout
[INFO ][2016-02-05 19:16:07,690][com.java.TestType] [ 6727] - value = Logout
[INFO ][2016-02-05 19:16:07,767][com.java.TestType] [12211] -  RESULT true
[INFO ][2016-02-05 19:16:07,767][com.java.TestType] [12328] - ?   P A S S   ?
[DEBUG][2016-02-05 19:16:07,767][com.java.TestType] [12134] - Concept ID:1 :: Step being Executed: 1::16
[INFO ][2016-02-05 19:16:07,767][com.java.TestType] [12172] - dataFields : BTN
[DEBUG][2016-02-05 19:16:07,767][com.java.TestType] [12178] - <In Set values of the page>
[DEBUG][2016-02-05 19:16:07,767][com.java.TestType] [12183] - {Data Fields & Data Values Exist}
[INFO ][2016-02-05 19:16:07,768][com.java.TestType] [12189] - --------------------------setting values-----------------------------
[INFO ][2016-02-05 19:16:07,768][com.java.TestType] [12192] - Action Type : Verify
[INFO ][2016-02-05 19:16:07,768][com.java.TestType] [ 8355] - field= BTN value= //img[contains(@src,'bdlogo.jpg')]
[INFO ][2016-02-05 19:16:07,768][com.java.TestType] [ 6727] - value = //img[contains(@src,'bdlogo.jpg')]
[INFO ][2016-02-05 19:16:07,840][com.java.TestType] [12211] -  RESULT true
[INFO ][2016-02-05 19:16:07,840][com.java.TestType] [12328] - ?   P A S S   ?
[INFO ][2016-02-05 19:16:07,840][com.java.TestType] [12399] - Looping End......
[INFO ][2016-02-05 19:16:07,842][com.java.SeleniumDriver] [  930] -  RESULT true
[INFO ][2016-02-05 19:16:07,842][com.java.SeleniumDriver] [ 1136] - ?   P A S S   ?
[INFO ][2016-02-05 19:16:07,842][com.java.SeleniumDriver] [  856] - ------------------------------------------
[INFO ][2016-02-05 19:16:07,842][com.java.SeleniumDriver] [  857] - Test case being Executed: 1
[INFO ][2016-02-05 19:16:07,842][com.java.SeleniumDriver] [  869] - Test step:2
[INFO ][2016-02-05 19:16:07,842][com.java.SeleniumDriver] [  881] - Datavalue is----------Concept#2:1-2
[INFO ][2016-02-05 19:16:07,842][com.java.SeleniumDriver] [  905] - DataField : test
[INFO ][2016-02-05 19:16:07,842][com.java.SeleniumDriver] [  907] - DataValue : Concept#2:1-2
[INFO ][2016-02-05 19:16:07,842][com.java.SeleniumDriver] [  913] - <In Set values of the page>
[INFO ][2016-02-05 19:16:07,842][com.java.SeleniumDriver] [  916] - {Data Fields & Data Values Exist}
[INFO ][2016-02-05 19:16:07,844][com.java.SeleniumDriver] [  918] - --------------------------setting values-----------------------------
[INFO ][2016-02-05 19:16:07,844][com.java.SeleniumDriver] [  921] - Action Type : ExecuteTestCase
[INFO ][2016-02-05 19:16:07,845][com.java.TestType] [  448] - The Concept sheet name is ---------- Concept
[INFO ][2016-02-05 19:16:07,845][com.java.TestType] [  451] - The Concept ID  is ---------- 2
[DEBUG][2016-02-05 19:16:07,845][com.java.TestType] [  455] - Steps being executted in the Concept are: 1:2
[INFO ][2016-02-05 19:16:07,845][com.java.TestType] [  462] - Test data details path ---------- D:\BankersDashboard\TestInputs\TestData.xls
[INFO ][2016-02-05 19:16:07,863][com.java.TestType] [  493] -  str(1) = 2
[INFO ][2016-02-05 19:16:07,863][com.java.TestType] [  496] - Test case Id is---2
[INFO ][2016-02-05 19:16:07,863][com.java.TestType] [  498] - 2
[INFO ][2016-02-05 19:16:07,863][com.java.TestType] [  493] -  str(2) = 1
[INFO ][2016-02-05 19:16:07,865][com.java.TestType] [  493] -  str(1) = 2
[INFO ][2016-02-05 19:16:07,865][com.java.TestType] [  496] - Test case Id is---2
[INFO ][2016-02-05 19:16:07,865][com.java.TestType] [  498] - 2
[INFO ][2016-02-05 19:16:07,865][com.java.TestType] [  493] -  str(2) = 2
[INFO ][2016-02-05 19:16:07,866][com.java.TestType] [  493] -  str(1) = 2
[INFO ][2016-02-05 19:16:07,866][com.java.TestType] [  496] - Test case Id is---2
[INFO ][2016-02-05 19:16:07,866][com.java.TestType] [  498] - 2
[INFO ][2016-02-05 19:16:07,866][com.java.TestType] [  493] -  str(2) = 3
[INFO ][2016-02-05 19:16:07,867][com.java.TestType] [12093] - Looping 1TCID = 2
[DEBUG][2016-02-05 19:16:07,868][com.java.TestType] [12134] - Concept ID:2 :: Step being Executed: 2::1
[INFO ][2016-02-05 19:16:07,868][com.java.TestType] [12172] - dataFields : BNK//select[@id='bank']
[DEBUG][2016-02-05 19:16:07,868][com.java.TestType] [12178] - <In Set values of the page>
[DEBUG][2016-02-05 19:16:07,868][com.java.TestType] [12183] - {Data Fields & Data Values Exist}
[INFO ][2016-02-05 19:16:07,868][com.java.TestType] [12189] - --------------------------setting values-----------------------------
[INFO ][2016-02-05 19:16:07,868][com.java.TestType] [12192] - Action Type : Select
[INFO ][2016-02-05 19:16:07,868][com.java.TestType] [ 6727] - value = PFC
[INFO ][2016-02-05 19:16:08,398][com.java.TestType] [12211] -  RESULT true
[INFO ][2016-02-05 19:16:08,398][com.java.TestType] [12328] - ?   P A S S   ?
[DEBUG][2016-02-05 19:16:08,398][com.java.TestType] [12134] - Concept ID:2 :: Step being Executed: 2::2
[INFO ][2016-02-05 19:16:08,398][com.java.TestType] [12172] - dataFields : LNKLogout
[DEBUG][2016-02-05 19:16:08,398][com.java.TestType] [12178] - <In Set values of the page>
[DEBUG][2016-02-05 19:16:08,398][com.java.TestType] [12183] - {Data Fields & Data Values Exist}
[INFO ][2016-02-05 19:16:08,398][com.java.TestType] [12189] - --------------------------setting values-----------------------------
[INFO ][2016-02-05 19:16:08,399][com.java.TestType] [12192] - Action Type : WaitTime
[DEBUG][2016-02-05 19:16:08,399][com.java.TestType] [ 6541] - sleepTime: 5000
[INFO ][2016-02-05 19:16:13,399][com.java.TestType] [12211] -  RESULT true
[INFO ][2016-02-05 19:16:13,399][com.java.TestType] [12328] - ?   P A S S   ?
[INFO ][2016-02-05 19:16:13,399][com.java.TestType] [12399] - Looping End......
[INFO ][2016-02-05 19:16:13,400][com.java.SeleniumDriver] [  930] -  RESULT true
[INFO ][2016-02-05 19:16:13,401][com.java.SeleniumDriver] [ 1136] - ?   P A S S   ?
[INFO ][2016-02-05 19:16:13,401][com.java.SeleniumDriver] [  856] - ------------------------------------------
[INFO ][2016-02-05 19:16:13,401][com.java.SeleniumDriver] [  857] - Test case being Executed: 1
[INFO ][2016-02-05 19:16:13,401][com.java.SeleniumDriver] [  869] - Test step:3
[INFO ][2016-02-05 19:16:13,402][com.java.SeleniumDriver] [  881] - Datavalue is----------2
[INFO ][2016-02-05 19:16:13,403][com.java.SeleniumDriver] [  905] - DataField : XPH//button[contains(text(),'Add Content')]
[INFO ][2016-02-05 19:16:13,403][com.java.SeleniumDriver] [  907] - DataValue : 2
[INFO ][2016-02-05 19:16:13,403][com.java.SeleniumDriver] [  913] - <In Set values of the page>
[INFO ][2016-02-05 19:16:13,403][com.java.SeleniumDriver] [  916] - {Data Fields & Data Values Exist}
[INFO ][2016-02-05 19:16:13,403][com.java.SeleniumDriver] [  918] - --------------------------setting values-----------------------------
[INFO ][2016-02-05 19:16:13,403][com.java.SeleniumDriver] [  921] - Action Type : WAITFORELEMENT
[INFO ][2016-02-05 19:16:13,441][com.java.SeleniumDriver] [  930] -  RESULT true
[INFO ][2016-02-05 19:16:13,442][com.java.SeleniumDriver] [ 1136] - ?   P A S S   ?
[DEBUG][2016-02-05 19:16:13,442][com.java.SeleniumDriver] [ 1248] - Case found
[DEBUG][2016-02-05 19:16:13,442][com.java.SeleniumDriver] [ 1253] - Incrementing ReportCounters[0]:1
[INFO ][2016-02-05 19:16:13,442][com.java.SeleniumDriver] [ 1272] - The results are-------------------[1, 1, Valid Login, Pass, , Fri Feb 05 19:16:07 IST 2016, 1, 2, Valid Login, Pass, , Fri Feb 05 19:16:13 IST 2016, 1, 3, Valid Login, Pass, , Fri Feb 05 19:16:13 IST 2016]
[INFO ][2016-02-05 19:16:13,442][com.java.SeleniumDriver] [ 1276] - End time is-------36 sec
[INFO ][2016-02-05 19:16:13,442][com.java.SeleniumDriver] [ 1277] - The results are-------------------[1, 1, Valid Login, Pass, , Fri Feb 05 19:16:07 IST 2016, 1, 2, Valid Login, Pass, , Fri Feb 05 19:16:13 IST 2016, 1, 3, Valid Login, Pass, , Fri Feb 05 19:16:13 IST 2016]
[DEBUG][2016-02-05 19:16:13,442][com.java.ImportnExport.ExportTestResultsExcel] [  222] - testResultPath = D:\BankersDashboard/TestReports/Test Results_BankersDashBoard_020516_191539_IE10_Any Bank USA.xls
[DEBUG][2016-02-05 19:16:13,442][com.java.ImportnExport.ExportTestResultsExcel] [  223] - browser is------------IE10
[DEBUG][2016-02-05 19:16:13,488][com.java.ImportnExport.ExportTestResultsExcel] [  270] - result.size() = 18
[DEBUG][2016-02-05 19:16:13,488][com.java.ImportnExport.ExportTestResultsExcel] [  274] - No of rows in sheet=1
[DEBUG][2016-02-05 19:16:13,488][com.java.ImportnExport.ExportTestResultsExcel] [  301] - ..in export..1
[DEBUG][2016-02-05 19:16:13,488][com.java.ImportnExport.ExportTestResultsExcel] [  301] - ..in export..Valid Login
[DEBUG][2016-02-05 19:16:13,488][com.java.ImportnExport.ExportTestResultsExcel] [  301] - ..in export..Pass
[DEBUG][2016-02-05 19:16:13,488][com.java.ImportnExport.ExportTestResultsExcel] [  301] - ..in export..
[DEBUG][2016-02-05 19:16:13,488][com.java.ImportnExport.ExportTestResultsExcel] [  301] - ..in export..Fri Feb 05 19:16:07 IST 2016
[INFO ][2016-02-05 19:16:13,490][com.java.SeleniumDriver] [ 1337] - out loop:0 size:3 TestCases:[1, 4, 8] testcases:[1, 4, 8]
[INFO ][2016-02-05 19:16:13,490][com.java.ImportnExport.ImportTestDataDetailsExcel] [   49] - test data details path===== D:\BankersDashboard\TestInputs\TestData.xls
[INFO ][2016-02-05 19:16:29,999][com.java.SeleniumDriver] [  856] - ------------------------------------------
[INFO ][2016-02-05 19:16:29,999][com.java.SeleniumDriver] [  857] - Test case being Executed: 4
[INFO ][2016-02-05 19:16:29,999][com.java.SeleniumDriver] [  869] - Test step:1
[INFO ][2016-02-05 19:16:29,999][com.java.SeleniumDriver] [  881] - Datavalue is----------Logout
[INFO ][2016-02-05 19:16:29,999][com.java.SeleniumDriver] [  905] - DataField : BTN
[INFO ][2016-02-05 19:16:29,999][com.java.SeleniumDriver] [  907] - DataValue : Logout
[INFO ][2016-02-05 19:16:29,999][com.java.SeleniumDriver] [  913] - <In Set values of the page>
[INFO ][2016-02-05 19:16:29,999][com.java.SeleniumDriver] [  916] - {Data Fields & Data Values Exist}
[INFO ][2016-02-05 19:16:30,000][com.java.SeleniumDriver] [  918] - --------------------------setting values-----------------------------
[INFO ][2016-02-05 19:16:30,000][com.java.SeleniumDriver] [  921] - Action Type : Verify
[INFO ][2016-02-05 19:16:30,000][com.java.TestType] [ 8355] - field= BTN value= Logout
[INFO ][2016-02-05 19:16:30,000][com.java.TestType] [ 6727] - value = Logout
[INFO ][2016-02-05 19:16:30,074][com.java.SeleniumDriver] [  930] -  RESULT true
[INFO ][2016-02-05 19:16:30,075][com.java.SeleniumDriver] [ 1136] - ?   P A S S   ?
[INFO ][2016-02-05 19:16:30,075][com.java.SeleniumDriver] [ 1178] - step change to 3
[INFO ][2016-02-05 19:16:30,075][com.java.SeleniumDriver] [  856] - ------------------------------------------
[INFO ][2016-02-05 19:16:30,075][com.java.SeleniumDriver] [  857] - Test case being Executed: 4
[INFO ][2016-02-05 19:16:30,075][com.java.SeleniumDriver] [  869] - Test step:3
[INFO ][2016-02-05 19:16:30,075][com.java.SeleniumDriver] [  881] - Datavalue is----------Concept#2:1-3
[INFO ][2016-02-05 19:16:30,075][com.java.SeleniumDriver] [  905] - DataField : test
[INFO ][2016-02-05 19:16:30,075][com.java.SeleniumDriver] [  907] - DataValue : Concept#2:1-3
[INFO ][2016-02-05 19:16:30,075][com.java.SeleniumDriver] [  913] - <In Set values of the page>
[INFO ][2016-02-05 19:16:30,075][com.java.SeleniumDriver] [  916] - {Data Fields & Data Values Exist}
[INFO ][2016-02-05 19:16:30,075][com.java.SeleniumDriver] [  918] - --------------------------setting values-----------------------------
[INFO ][2016-02-05 19:16:30,075][com.java.SeleniumDriver] [  921] - Action Type : ExecuteTestCase
[INFO ][2016-02-05 19:16:30,076][com.java.TestType] [  448] - The Concept sheet name is ---------- Concept
[INFO ][2016-02-05 19:16:30,076][com.java.TestType] [  451] - The Concept ID  is ---------- 2
[DEBUG][2016-02-05 19:16:30,076][com.java.TestType] [  455] - Steps being executted in the Concept are: 1:3
[INFO ][2016-02-05 19:16:30,076][com.java.TestType] [  462] - Test data details path ---------- D:\BankersDashboard\TestInputs\TestData.xls
[INFO ][2016-02-05 19:16:30,093][com.java.TestType] [  493] -  str(1) = 2
[INFO ][2016-02-05 19:16:30,093][com.java.TestType] [  496] - Test case Id is---2
[INFO ][2016-02-05 19:16:30,093][com.java.TestType] [  498] - 2
[INFO ][2016-02-05 19:16:30,093][com.java.TestType] [  493] -  str(2) = 1
[INFO ][2016-02-05 19:16:30,095][com.java.TestType] [  493] -  str(1) = 2
[INFO ][2016-02-05 19:16:30,095][com.java.TestType] [  496] - Test case Id is---2
[INFO ][2016-02-05 19:16:30,095][com.java.TestType] [  498] - 2
[INFO ][2016-02-05 19:16:30,095][com.java.TestType] [  493] -  str(2) = 2
[INFO ][2016-02-05 19:16:30,096][com.java.TestType] [  493] -  str(1) = 2
[INFO ][2016-02-05 19:16:30,096][com.java.TestType] [  496] - Test case Id is---2
[INFO ][2016-02-05 19:16:30,096][com.java.TestType] [  498] - 2
[INFO ][2016-02-05 19:16:30,096][com.java.TestType] [  493] -  str(2) = 3
[INFO ][2016-02-05 19:16:30,097][com.java.TestType] [12093] - Looping 1TCID = 2
[DEBUG][2016-02-05 19:16:30,097][com.java.TestType] [12134] - Concept ID:2 :: Step being Executed: 2::1
[INFO ][2016-02-05 19:16:30,097][com.java.TestType] [12172] - dataFields : BNK//select[@id='bank']
[DEBUG][2016-02-05 19:16:30,097][com.java.TestType] [12178] - <In Set values of the page>
[DEBUG][2016-02-05 19:16:30,097][com.java.TestType] [12183] - {Data Fields & Data Values Exist}
[INFO ][2016-02-05 19:16:30,097][com.java.TestType] [12189] - --------------------------setting values-----------------------------
[INFO ][2016-02-05 19:16:30,097][com.java.TestType] [12192] - Action Type : Select
[INFO ][2016-02-05 19:16:30,097][com.java.TestType] [ 6727] - value = PFC
[INFO ][2016-02-05 19:16:30,353][com.java.TestType] [12211] -  RESULT true
[INFO ][2016-02-05 19:16:30,353][com.java.TestType] [12328] - ?   P A S S   ?
[DEBUG][2016-02-05 19:16:30,353][com.java.TestType] [12134] - Concept ID:2 :: Step being Executed: 2::2
[INFO ][2016-02-05 19:16:30,353][com.java.TestType] [12172] - dataFields : LNKLogout
[DEBUG][2016-02-05 19:16:30,353][com.java.TestType] [12178] - <In Set values of the page>
[DEBUG][2016-02-05 19:16:30,353][com.java.TestType] [12183] - {Data Fields & Data Values Exist}
[INFO ][2016-02-05 19:16:30,354][com.java.TestType] [12189] - --------------------------setting values-----------------------------
[INFO ][2016-02-05 19:16:30,354][com.java.TestType] [12192] - Action Type : WaitTime
[DEBUG][2016-02-05 19:16:30,354][com.java.TestType] [ 6541] - sleepTime: 5000
[INFO ][2016-02-05 19:16:35,354][com.java.TestType] [12211] -  RESULT true
[INFO ][2016-02-05 19:16:35,354][com.java.TestType] [12328] - ?   P A S S   ?
[DEBUG][2016-02-05 19:16:35,354][com.java.TestType] [12134] - Concept ID:2 :: Step being Executed: 2::3
[INFO ][2016-02-05 19:16:35,354][com.java.TestType] [12172] - dataFields : LNKLogout
[DEBUG][2016-02-05 19:16:35,354][com.java.TestType] [12178] - <In Set values of the page>
[DEBUG][2016-02-05 19:16:35,354][com.java.TestType] [12183] - {Data Fields & Data Values Exist}
[INFO ][2016-02-05 19:16:35,354][com.java.TestType] [12189] - --------------------------setting values-----------------------------
[INFO ][2016-02-05 19:16:35,354][com.java.TestType] [12192] - Action Type : WaitForElement
[INFO ][2016-02-05 19:16:35,651][com.java.TestType] [12211] -  RESULT true
[INFO ][2016-02-05 19:16:35,651][com.java.TestType] [12328] - ?   P A S S   ?
[INFO ][2016-02-05 19:16:35,651][com.java.TestType] [12399] - Looping End......
[INFO ][2016-02-05 19:16:35,653][com.java.SeleniumDriver] [  930] -  RESULT true
[INFO ][2016-02-05 19:16:35,653][com.java.SeleniumDriver] [ 1136] - ?   P A S S   ?
[INFO ][2016-02-05 19:16:35,653][com.java.SeleniumDriver] [  856] - ------------------------------------------
[INFO ][2016-02-05 19:16:35,653][com.java.SeleniumDriver] [  857] - Test case being Executed: 4
[INFO ][2016-02-05 19:16:35,653][com.java.SeleniumDriver] [  869] - Test step:4
[INFO ][2016-02-05 19:16:35,653][com.java.SeleniumDriver] [  881] - Datavalue is----------null
[DEBUG][2016-02-05 19:16:35,653][com.java.SeleniumDriver] [  899] - Exception: null
[INFO ][2016-02-05 19:16:35,653][com.java.SeleniumDriver] [  905] - DataField : //span[@class="icon-cog2"]&&//a[text()='Customize']&&//a[@data-id="TabletAlerts"]
[INFO ][2016-02-05 19:16:35,653][com.java.SeleniumDriver] [  907] - DataValue : 
[INFO ][2016-02-05 19:16:35,654][com.java.SeleniumDriver] [  913] - <In Set values of the page>
[INFO ][2016-02-05 19:16:35,654][com.java.SeleniumDriver] [  916] - {Data Fields & Data Values Exist}
[INFO ][2016-02-05 19:16:35,654][com.java.SeleniumDriver] [  918] - --------------------------setting values-----------------------------
[INFO ][2016-02-05 19:16:35,654][com.java.SeleniumDriver] [  921] - Action Type : MOUSEOVER
[INFO ][2016-02-05 19:17:25,539][com.java.SeleniumDriver] [  930] -  RESULT true
[INFO ][2016-02-05 19:17:25,540][com.java.SeleniumDriver] [ 1136] - ?   P A S S   ?
[INFO ][2016-02-05 19:17:25,540][com.java.SeleniumDriver] [  856] - ------------------------------------------
[INFO ][2016-02-05 19:17:25,540][com.java.SeleniumDriver] [  857] - Test case being Executed: 4
[INFO ][2016-02-05 19:17:25,540][com.java.SeleniumDriver] [  869] - Test step:5
[INFO ][2016-02-05 19:17:25,540][com.java.SeleniumDriver] [  881] - Datavalue is----------My Alerts
[INFO ][2016-02-05 19:17:25,540][com.java.SeleniumDriver] [  905] - DataField : XPH//span[@class='ui-dialog-title']
[INFO ][2016-02-05 19:17:25,540][com.java.SeleniumDriver] [  907] - DataValue : My Alerts
[INFO ][2016-02-05 19:17:25,540][com.java.SeleniumDriver] [  913] - <In Set values of the page>
[INFO ][2016-02-05 19:17:25,540][com.java.SeleniumDriver] [  916] - {Data Fields & Data Values Exist}
[INFO ][2016-02-05 19:17:25,540][com.java.SeleniumDriver] [  918] - --------------------------setting values-----------------------------
[INFO ][2016-02-05 19:17:25,540][com.java.SeleniumDriver] [  921] - Action Type : verify
[INFO ][2016-02-05 19:17:25,540][com.java.TestType] [ 8355] - field= XPH//span[@class='ui-dialog-title'] value= My Alerts
[INFO ][2016-02-05 19:17:25,541][com.java.TestType] [ 6727] - value = My Alerts
[INFO ][2016-02-05 19:17:26,342][com.java.SeleniumDriver] [  930] -  RESULT true
[INFO ][2016-02-05 19:17:26,342][com.java.SeleniumDriver] [ 1136] - ?   P A S S   ?
[INFO ][2016-02-05 19:17:26,342][com.java.SeleniumDriver] [  856] - ------------------------------------------
[INFO ][2016-02-05 19:17:26,342][com.java.SeleniumDriver] [  857] - Test case being Executed: 4
[INFO ][2016-02-05 19:17:26,342][com.java.SeleniumDriver] [  869] - Test step:6
[INFO ][2016-02-05 19:17:26,342][com.java.SeleniumDriver] [  881] - Datavalue is----------null
[DEBUG][2016-02-05 19:17:26,342][com.java.SeleniumDriver] [  899] - Exception: null
[INFO ][2016-02-05 19:17:26,342][com.java.SeleniumDriver] [  905] - DataField : BTNframeDialogContent
[INFO ][2016-02-05 19:17:26,342][com.java.SeleniumDriver] [  907] - DataValue : 
[INFO ][2016-02-05 19:17:26,342][com.java.SeleniumDriver] [  913] - <In Set values of the page>
[INFO ][2016-02-05 19:17:26,343][com.java.SeleniumDriver] [  916] - {Data Fields & Data Values Exist}
[INFO ][2016-02-05 19:17:26,343][com.java.SeleniumDriver] [  918] - --------------------------setting values-----------------------------
[INFO ][2016-02-05 19:17:26,343][com.java.SeleniumDriver] [  921] - Action Type : SELECTFRAME
[INFO ][2016-02-05 19:17:28,516][com.java.SeleniumDriver] [  930] -  RESULT true
[INFO ][2016-02-05 19:17:28,516][com.java.SeleniumDriver] [ 1136] - ?   P A S S   ?
[INFO ][2016-02-05 19:17:28,516][com.java.SeleniumDriver] [  856] - ------------------------------------------
[INFO ][2016-02-05 19:17:28,516][com.java.SeleniumDriver] [  857] - Test case being Executed: 4
[INFO ][2016-02-05 19:17:28,516][com.java.SeleniumDriver] [  869] - Test step:7
[INFO ][2016-02-05 19:17:28,517][com.java.SeleniumDriver] [  881] - Datavalue is----------Income Statement
[INFO ][2016-02-05 19:17:28,517][com.java.SeleniumDriver] [  905] - DataField : XPH//span[contains(text(),'Income Statement')]
[INFO ][2016-02-05 19:17:28,517][com.java.SeleniumDriver] [  907] - DataValue : Income Statement
[INFO ][2016-02-05 19:17:28,517][com.java.SeleniumDriver] [  913] - <In Set values of the page>
[INFO ][2016-02-05 19:17:28,517][com.java.SeleniumDriver] [  916] - {Data Fields & Data Values Exist}
[INFO ][2016-02-05 19:17:28,517][com.java.SeleniumDriver] [  918] - --------------------------setting values-----------------------------
[INFO ][2016-02-05 19:17:28,517][com.java.SeleniumDriver] [  921] - Action Type : VERIFY
[INFO ][2016-02-05 19:17:28,517][com.java.TestType] [ 8355] - field= XPH//span[contains(text(),'Income Statement')] value= Income Statement
[INFO ][2016-02-05 19:17:28,517][com.java.TestType] [ 6727] - value = Income Statement
[INFO ][2016-02-05 19:17:28,633][com.java.SeleniumDriver] [  930] -  RESULT true
[INFO ][2016-02-05 19:17:28,633][com.java.SeleniumDriver] [ 1136] - ?   P A S S   ?
[INFO ][2016-02-05 19:17:28,633][com.java.SeleniumDriver] [  856] - ------------------------------------------
[INFO ][2016-02-05 19:17:28,633][com.java.SeleniumDriver] [  857] - Test case being Executed: 4
[INFO ][2016-02-05 19:17:28,633][com.java.SeleniumDriver] [  869] - Test step:8
[INFO ][2016-02-05 19:17:28,633][com.java.SeleniumDriver] [  881] - Datavalue is----------null
[DEBUG][2016-02-05 19:17:28,633][com.java.SeleniumDriver] [  899] - Exception: null
[INFO ][2016-02-05 19:17:28,634][com.java.SeleniumDriver] [  905] - DataField : XPH//span[contains(text(),'Income Statement')]
[INFO ][2016-02-05 19:17:28,634][com.java.SeleniumDriver] [  907] - DataValue : 
[INFO ][2016-02-05 19:17:28,634][com.java.SeleniumDriver] [  913] - <In Set values of the page>
[INFO ][2016-02-05 19:17:28,634][com.java.SeleniumDriver] [  916] - {Data Fields & Data Values Exist}
[INFO ][2016-02-05 19:17:28,634][com.java.SeleniumDriver] [  918] - --------------------------setting values-----------------------------
[INFO ][2016-02-05 19:17:28,634][com.java.SeleniumDriver] [  921] - Action Type : CLICK
[INFO ][2016-02-05 19:17:28,634][com.java.TestType] [ 7122] - Field ::XPH//span[contains(text(),'Income Statement')]
[INFO ][2016-02-05 19:17:28,634][com.java.TestType] [ 6727] - value = 
[INFO ][2016-02-05 19:17:29,634][com.java.TestType] [ 7299] - BEFORE CLICK
[INFO ][2016-02-05 19:17:31,022][com.java.TestType] [ 7307] - Unable to click the object Income Statement
[INFO ][2016-02-05 19:17:31,022][com.java.SeleniumDriver] [  930] -  RESULT true
[INFO ][2016-02-05 19:17:31,022][com.java.SeleniumDriver] [ 1136] - ?   P A S S   ?
[INFO ][2016-02-05 19:17:31,022][com.java.SeleniumDriver] [  856] - ------------------------------------------
[INFO ][2016-02-05 19:17:31,022][com.java.SeleniumDriver] [  857] - Test case being Executed: 4
[INFO ][2016-02-05 19:17:31,022][com.java.SeleniumDriver] [  869] - Test step:9
[INFO ][2016-02-05 19:17:31,022][com.java.SeleniumDriver] [  881] - Datavalue is----------5
[INFO ][2016-02-05 19:17:31,022][com.java.SeleniumDriver] [  905] - DataField : test
[INFO ][2016-02-05 19:17:31,022][com.java.SeleniumDriver] [  907] - DataValue : 5
[INFO ][2016-02-05 19:17:31,022][com.java.SeleniumDriver] [  913] - <In Set values of the page>
[INFO ][2016-02-05 19:17:31,022][com.java.SeleniumDriver] [  916] - {Data Fields & Data Values Exist}
[INFO ][2016-02-05 19:17:31,022][com.java.SeleniumDriver] [  918] - --------------------------setting values-----------------------------
[INFO ][2016-02-05 19:17:31,022][com.java.SeleniumDriver] [  921] - Action Type : WAITTIME
[DEBUG][2016-02-05 19:17:31,023][com.java.TestType] [ 6541] - sleepTime: 5000
[INFO ][2016-02-05 19:17:36,023][com.java.SeleniumDriver] [  930] -  RESULT true
[INFO ][2016-02-05 19:17:36,023][com.java.SeleniumDriver] [ 1136] - ?   P A S S   ?
[INFO ][2016-02-05 19:17:36,023][com.java.SeleniumDriver] [  856] - ------------------------------------------
[INFO ][2016-02-05 19:17:36,023][com.java.SeleniumDriver] [  857] - Test case being Executed: 4
[INFO ][2016-02-05 19:17:36,023][com.java.SeleniumDriver] [  869] - Test step:10
[INFO ][2016-02-05 19:17:36,023][com.java.SeleniumDriver] [  881] - Datavalue is----------4.00
[INFO ][2016-02-05 19:17:36,023][com.java.SeleniumDriver] [  905] - DataField : TXT//table[@id="IncomeTbl" ]/tbody//td[4]/input[@class="perVal"]
[INFO ][2016-02-05 19:17:36,023][com.java.SeleniumDriver] [  907] - DataValue : 4.00
[INFO ][2016-02-05 19:17:36,023][com.java.SeleniumDriver] [  913] - <In Set values of the page>
[INFO ][2016-02-05 19:17:36,023][com.java.SeleniumDriver] [  916] - {Data Fields & Data Values Exist}
[INFO ][2016-02-05 19:17:36,023][com.java.SeleniumDriver] [  918] - --------------------------setting values-----------------------------
[INFO ][2016-02-05 19:17:36,023][com.java.SeleniumDriver] [  921] - Action Type : CLEARANDENTER
[INFO ][2016-02-05 19:17:36,901][com.java.TestType] [ 6727] - value = 4.00
[INFO ][2016-02-05 19:17:42,558][com.java.SeleniumDriver] [  930] -  RESULT true
[INFO ][2016-02-05 19:17:42,558][com.java.SeleniumDriver] [ 1136] - ?   P A S S   ?
[INFO ][2016-02-05 19:17:42,558][com.java.SeleniumDriver] [  856] - ------------------------------------------
[INFO ][2016-02-05 19:17:42,558][com.java.SeleniumDriver] [  857] - Test case being Executed: 4
[INFO ][2016-02-05 19:17:42,558][com.java.SeleniumDriver] [  869] - Test step:11
[INFO ][2016-02-05 19:17:42,558][com.java.SeleniumDriver] [  881] - Datavalue is----------null
[DEBUG][2016-02-05 19:17:42,558][com.java.SeleniumDriver] [  899] - Exception: null
[INFO ][2016-02-05 19:17:42,558][com.java.SeleniumDriver] [  905] - DataField : BTNparent
[INFO ][2016-02-05 19:17:42,558][com.java.SeleniumDriver] [  907] - DataValue : 
[INFO ][2016-02-05 19:17:42,558][com.java.SeleniumDriver] [  913] - <In Set values of the page>
[INFO ][2016-02-05 19:17:42,559][com.java.SeleniumDriver] [  916] - {Data Fields & Data Values Exist}
[INFO ][2016-02-05 19:17:42,559][com.java.SeleniumDriver] [  918] - --------------------------setting values-----------------------------
[INFO ][2016-02-05 19:17:42,559][com.java.SeleniumDriver] [  921] - Action Type : SELECTFRAME
[INFO ][2016-02-05 19:17:42,644][com.java.SeleniumDriver] [  930] -  RESULT true
[INFO ][2016-02-05 19:17:42,644][com.java.SeleniumDriver] [ 1136] - ?   P A S S   ?
[INFO ][2016-02-05 19:17:42,644][com.java.SeleniumDriver] [  856] - ------------------------------------------
[INFO ][2016-02-05 19:17:42,644][com.java.SeleniumDriver] [  857] - Test case being Executed: 4
[INFO ][2016-02-05 19:17:42,644][com.java.SeleniumDriver] [  869] - Test step:12
[INFO ][2016-02-05 19:17:42,644][com.java.SeleniumDriver] [  881] - Datavalue is----------null
[DEBUG][2016-02-05 19:17:42,644][com.java.SeleniumDriver] [  899] - Exception: null
[INFO ][2016-02-05 19:17:42,644][com.java.SeleniumDriver] [  905] - DataField : HDN//span[contains(text(),'Save')]
[INFO ][2016-02-05 19:17:42,644][com.java.SeleniumDriver] [  907] - DataValue : 
[INFO ][2016-02-05 19:17:42,644][com.java.SeleniumDriver] [  913] - <In Set values of the page>
[INFO ][2016-02-05 19:17:42,645][com.java.SeleniumDriver] [  916] - {Data Fields & Data Values Exist}
[INFO ][2016-02-05 19:17:42,645][com.java.SeleniumDriver] [  918] - --------------------------setting values-----------------------------
[INFO ][2016-02-05 19:17:42,645][com.java.SeleniumDriver] [  921] - Action Type : CLICK
[INFO ][2016-02-05 19:17:42,645][com.java.TestType] [ 7122] - Field ::HDN//span[contains(text(),'Save')]
[INFO ][2016-02-05 19:17:42,645][com.java.TestType] [ 6727] - value = 
[INFO ][2016-02-05 19:17:46,806][com.java.SeleniumDriver] [  930] -  RESULT true
[INFO ][2016-02-05 19:17:46,806][com.java.SeleniumDriver] [ 1136] - ?   P A S S   ?
[INFO ][2016-02-05 19:17:46,806][com.java.SeleniumDriver] [  856] - ------------------------------------------
[INFO ][2016-02-05 19:17:46,806][com.java.SeleniumDriver] [  857] - Test case being Executed: 4
[INFO ][2016-02-05 19:17:46,806][com.java.SeleniumDriver] [  869] - Test step:13
[INFO ][2016-02-05 19:17:46,806][com.java.SeleniumDriver] [  881] - Datavalue is----------null
[DEBUG][2016-02-05 19:17:46,806][com.java.SeleniumDriver] [  899] - Exception: null
[INFO ][2016-02-05 19:17:46,806][com.java.SeleniumDriver] [  905] - DataField : XPH//div[@class="menu"]//span[@class='glyphicon glyphicon-bell']
[INFO ][2016-02-05 19:17:46,807][com.java.SeleniumDriver] [  907] - DataValue : 
[INFO ][2016-02-05 19:17:46,807][com.java.SeleniumDriver] [  913] - <In Set values of the page>
[INFO ][2016-02-05 19:17:46,807][com.java.SeleniumDriver] [  916] - {Data Fields & Data Values Exist}
[INFO ][2016-02-05 19:17:46,807][com.java.SeleniumDriver] [  918] - --------------------------setting values-----------------------------
[INFO ][2016-02-05 19:17:46,807][com.java.SeleniumDriver] [  921] - Action Type : CLICK
[INFO ][2016-02-05 19:17:46,807][com.java.TestType] [ 7122] - Field ::XPH//div[@class="menu"]//span[@class='glyphicon glyphicon-bell']
[INFO ][2016-02-05 19:17:46,807][com.java.TestType] [ 6727] - value = 
[INFO ][2016-02-05 19:17:47,807][com.java.TestType] [ 7299] - BEFORE CLICK
[INFO ][2016-02-05 19:17:51,360][com.java.TestType] [ 7307] - Unable to click the object Click on  bell symbol
[INFO ][2016-02-05 19:17:51,360][com.java.SeleniumDriver] [  930] -  RESULT true
[INFO ][2016-02-05 19:17:51,360][com.java.SeleniumDriver] [ 1136] - ?   P A S S   ?
[INFO ][2016-02-05 19:17:51,360][com.java.SeleniumDriver] [  856] - ------------------------------------------
[INFO ][2016-02-05 19:17:51,360][com.java.SeleniumDriver] [  857] - Test case being Executed: 4
[INFO ][2016-02-05 19:17:51,360][com.java.SeleniumDriver] [  869] - Test step:14
[INFO ][2016-02-05 19:17:51,360][com.java.SeleniumDriver] [  881] - Datavalue is----------null
[DEBUG][2016-02-05 19:17:51,360][com.java.SeleniumDriver] [  899] - Exception: null
[INFO ][2016-02-05 19:17:51,360][com.java.SeleniumDriver] [  905] - DataField : XPH//div[@class='body']/div[4]/div[2]
[INFO ][2016-02-05 19:17:51,360][com.java.SeleniumDriver] [  907] - DataValue : 
[INFO ][2016-02-05 19:17:51,360][com.java.SeleniumDriver] [  913] - <In Set values of the page>
[INFO ][2016-02-05 19:17:51,360][com.java.SeleniumDriver] [  916] - {Data Fields & Data Values Exist}
[INFO ][2016-02-05 19:17:51,361][com.java.SeleniumDriver] [  918] - --------------------------setting values-----------------------------
[INFO ][2016-02-05 19:17:51,361][com.java.SeleniumDriver] [  921] - Action Type : CLICK
[INFO ][2016-02-05 19:17:51,361][com.java.TestType] [ 7122] - Field ::XPH//div[@class='body']/div[4]/div[2]
[INFO ][2016-02-05 19:17:51,361][com.java.TestType] [ 6727] - value = 
[INFO ][2016-02-05 19:17:52,361][com.java.TestType] [ 7299] - BEFORE CLICK
[INFO ][2016-02-05 19:17:54,964][com.java.TestType] [ 7307] - Unable to click the object Click on the Today's Alert Page
[INFO ][2016-02-05 19:17:54,964][com.java.SeleniumDriver] [  930] -  RESULT true
[INFO ][2016-02-05 19:17:54,964][com.java.SeleniumDriver] [ 1136] - ?   P A S S   ?
[INFO ][2016-02-05 19:17:54,964][com.java.SeleniumDriver] [  856] - ------------------------------------------
[INFO ][2016-02-05 19:17:54,966][com.java.SeleniumDriver] [  857] - Test case being Executed: 4
[INFO ][2016-02-05 19:17:54,966][com.java.SeleniumDriver] [  869] - Test step:15
[INFO ][2016-02-05 19:17:54,966][com.java.SeleniumDriver] [  881] - Datavalue is----------//div[@class="menu-drawer"]//span
[INFO ][2016-02-05 19:17:54,966][com.java.SeleniumDriver] [  905] - DataField : BTN
[INFO ][2016-02-05 19:17:54,966][com.java.SeleniumDriver] [  907] - DataValue : //div[@class="menu-drawer"]//span
[INFO ][2016-02-05 19:17:54,966][com.java.SeleniumDriver] [  913] - <In Set values of the page>
[INFO ][2016-02-05 19:17:54,966][com.java.SeleniumDriver] [  916] - {Data Fields & Data Values Exist}
[INFO ][2016-02-05 19:17:54,966][com.java.SeleniumDriver] [  918] - --------------------------setting values-----------------------------
[INFO ][2016-02-05 19:17:54,966][com.java.SeleniumDriver] [  921] - Action Type : VERIFY
[INFO ][2016-02-05 19:17:54,966][com.java.TestType] [ 8355] - field= BTN value= //div[@class="menu-drawer"]//span
[INFO ][2016-02-05 19:17:54,966][com.java.TestType] [ 6727] - value = //div[@class="menu-drawer"]//span
[INFO ][2016-02-05 19:17:55,482][com.java.SeleniumDriver] [  930] -  RESULT true
[INFO ][2016-02-05 19:17:55,482][com.java.SeleniumDriver] [ 1136] - ?   P A S S   ?
[INFO ][2016-02-05 19:17:55,482][com.java.SeleniumDriver] [  856] - ------------------------------------------
[INFO ][2016-02-05 19:17:55,482][com.java.SeleniumDriver] [  857] - Test case being Executed: 4
[INFO ][2016-02-05 19:17:55,482][com.java.SeleniumDriver] [  869] - Test step:16
[INFO ][2016-02-05 19:17:55,483][com.java.SeleniumDriver] [  881] - Datavalue is----------//div[@id='isAlertsHeading']/h4
[INFO ][2016-02-05 19:17:55,483][com.java.SeleniumDriver] [  905] - DataField : BTN
[INFO ][2016-02-05 19:17:55,483][com.java.SeleniumDriver] [  907] - DataValue : //div[@id='isAlertsHeading']/h4
[INFO ][2016-02-05 19:17:55,483][com.java.SeleniumDriver] [  913] - <In Set values of the page>
[INFO ][2016-02-05 19:17:55,483][com.java.SeleniumDriver] [  916] - {Data Fields & Data Values Exist}
[INFO ][2016-02-05 19:17:55,483][com.java.SeleniumDriver] [  918] - --------------------------setting values-----------------------------
[INFO ][2016-02-05 19:17:55,483][com.java.SeleniumDriver] [  921] - Action Type : VERIFY
[INFO ][2016-02-05 19:17:55,483][com.java.TestType] [ 8355] - field= BTN value= //div[@id='isAlertsHeading']/h4
[INFO ][2016-02-05 19:17:55,483][com.java.TestType] [ 6727] - value = //div[@id='isAlertsHeading']/h4
[INFO ][2016-02-05 19:17:56,084][com.java.SeleniumDriver] [  930] -  RESULT true
[INFO ][2016-02-05 19:17:56,084][com.java.SeleniumDriver] [ 1136] - ?   P A S S   ?
[INFO ][2016-02-05 19:17:56,084][com.java.SeleniumDriver] [  856] - ------------------------------------------
[INFO ][2016-02-05 19:17:56,084][com.java.SeleniumDriver] [  857] - Test case being Executed: 4
[INFO ][2016-02-05 19:17:56,084][com.java.SeleniumDriver] [  869] - Test step:17
[INFO ][2016-02-05 19:17:56,085][com.java.SeleniumDriver] [  881] - Datavalue is----------null
[DEBUG][2016-02-05 19:17:56,085][com.java.SeleniumDriver] [  899] - Exception: null
[INFO ][2016-02-05 19:17:56,085][com.java.SeleniumDriver] [  905] - DataField : XPH//div[@class="panel panel-default ng-scope"]/div[@id='isAlertsHeading']/h4
[INFO ][2016-02-05 19:17:56,085][com.java.SeleniumDriver] [  907] - DataValue : 
[INFO ][2016-02-05 19:17:56,085][com.java.SeleniumDriver] [  913] - <In Set values of the page>
[INFO ][2016-02-05 19:17:56,085][com.java.SeleniumDriver] [  916] - {Data Fields & Data Values Exist}
[INFO ][2016-02-05 19:17:56,085][com.java.SeleniumDriver] [  918] - --------------------------setting values-----------------------------
[INFO ][2016-02-05 19:17:56,085][com.java.SeleniumDriver] [  921] - Action Type : CLICK
[INFO ][2016-02-05 19:17:56,085][com.java.TestType] [ 7122] - Field ::XPH//div[@class="panel panel-default ng-scope"]/div[@id='isAlertsHeading']/h4
[INFO ][2016-02-05 19:17:56,085][com.java.TestType] [ 6727] - value = 
[INFO ][2016-02-05 19:17:57,086][com.java.TestType] [ 7299] - BEFORE CLICK
[INFO ][2016-02-05 19:17:59,954][com.java.TestType] [ 7307] - Unable to click the object Click on Income Statement tab
[INFO ][2016-02-05 19:17:59,954][com.java.SeleniumDriver] [  930] -  RESULT true
[INFO ][2016-02-05 19:17:59,954][com.java.SeleniumDriver] [ 1136] - ?   P A S S   ?
[INFO ][2016-02-05 19:17:59,954][com.java.SeleniumDriver] [  856] - ------------------------------------------
[INFO ][2016-02-05 19:17:59,954][com.java.SeleniumDriver] [  857] - Test case being Executed: 4
[INFO ][2016-02-05 19:17:59,954][com.java.SeleniumDriver] [  869] - Test step:18
[INFO ][2016-02-05 19:17:59,954][com.java.SeleniumDriver] [  881] - Datavalue is----------3
[INFO ][2016-02-05 19:17:59,954][com.java.SeleniumDriver] [  905] - DataField : null
[INFO ][2016-02-05 19:17:59,954][com.java.SeleniumDriver] [  907] - DataValue : 3
[INFO ][2016-02-05 19:17:59,954][com.java.SeleniumDriver] [  913] - <In Set values of the page>
[INFO ][2016-02-05 19:17:59,954][com.java.SeleniumDriver] [  916] - {Data Fields & Data Values Exist}
[INFO ][2016-02-05 19:17:59,954][com.java.SeleniumDriver] [  918] - --------------------------setting values-----------------------------
[INFO ][2016-02-05 19:17:59,955][com.java.SeleniumDriver] [  921] - Action Type : WAITTIME
[DEBUG][2016-02-05 19:17:59,955][com.java.TestType] [ 6541] - sleepTime: 3000
[INFO ][2016-02-05 19:18:02,955][com.java.SeleniumDriver] [  930] -  RESULT true
[INFO ][2016-02-05 19:18:02,955][com.java.SeleniumDriver] [ 1136] - ?   P A S S   ?
[INFO ][2016-02-05 19:18:02,955][com.java.SeleniumDriver] [  856] - ------------------------------------------
[INFO ][2016-02-05 19:18:02,955][com.java.SeleniumDriver] [  857] - Test case being Executed: 4
[INFO ][2016-02-05 19:18:02,955][com.java.SeleniumDriver] [  869] - Test step:19
[INFO ][2016-02-05 19:18:02,955][com.java.SeleniumDriver] [  881] - Datavalue is----------glyphicon-play down
[INFO ][2016-02-05 19:18:02,955][com.java.SeleniumDriver] [  905] - DataField : CCM//div[@class="panel panel-default ng-scope"]/div[@id='isAlertsHeading']/h4/span
[INFO ][2016-02-05 19:18:02,955][com.java.SeleniumDriver] [  907] - DataValue : glyphicon-play down
[INFO ][2016-02-05 19:18:02,955][com.java.SeleniumDriver] [  913] - <In Set values of the page>
[INFO ][2016-02-05 19:18:02,955][com.java.SeleniumDriver] [  916] - {Data Fields & Data Values Exist}
[INFO ][2016-02-05 19:18:02,955][com.java.SeleniumDriver] [  918] - --------------------------setting values-----------------------------
[INFO ][2016-02-05 19:18:02,955][com.java.SeleniumDriver] [  921] - Action Type : VERIFY
[INFO ][2016-02-05 19:18:02,956][com.java.TestType] [ 8355] - field= CCM//div[@class="panel panel-default ng-scope"]/div[@id='isAlertsHeading']/h4/span value= glyphicon-play down
[INFO ][2016-02-05 19:18:02,956][com.java.TestType] [ 6727] - value = glyphicon-play down
[DEBUG][2016-02-05 19:18:02,956][com.java.TestType] [ 9685] - Exception: glyphicon-play down
[DEBUG][2016-02-05 19:18:02,956][com.java.TestType] [ 9688] - Element not replaced::glyphicon-play down
[INFO ][2016-02-05 19:18:02,956][com.java.SeleniumDriver] [  930] -  RESULT false
[INFO ][2016-02-05 19:18:02,956][com.java.SeleniumDriver] [  977] - ?   F A I L   ?
[INFO ][2016-02-05 19:18:02,956][com.java.SeleniumDriver] [  985] - Browser Type : IE10
[INFO ][2016-02-05 19:18:02,956][com.java.SeleniumDriver] [  986] - Adding Failed case4
[DEBUG][2016-02-05 19:18:03,183][com.java.SeleniumDriver] [ 1054] -  tdd.getCondition() IF:23:Next
[INFO ][2016-02-05 19:18:03,183][com.java.SeleniumDriver] [ 1058] - Continue next step...
[INFO ][2016-02-05 19:18:03,183][com.java.SeleniumDriver] [  856] - ------------------------------------------
[INFO ][2016-02-05 19:18:03,183][com.java.SeleniumDriver] [  857] - Test case being Executed: 4
[INFO ][2016-02-05 19:18:03,183][com.java.SeleniumDriver] [  869] - Test step:20
[INFO ][2016-02-05 19:18:03,183][com.java.SeleniumDriver] [  881] - Datavalue is----------2
[INFO ][2016-02-05 19:18:03,183][com.java.SeleniumDriver] [  905] - DataField : null
[INFO ][2016-02-05 19:18:03,183][com.java.SeleniumDriver] [  907] - DataValue : 2
[INFO ][2016-02-05 19:18:03,183][com.java.SeleniumDriver] [  913] - <In Set values of the page>
[INFO ][2016-02-05 19:18:03,183][com.java.SeleniumDriver] [  916] - {Data Fields & Data Values Exist}
[INFO ][2016-02-05 19:18:03,183][com.java.SeleniumDriver] [  918] - --------------------------setting values-----------------------------
[INFO ][2016-02-05 19:18:03,183][com.java.SeleniumDriver] [  921] - Action Type : WAITTIME
[DEBUG][2016-02-05 19:18:03,184][com.java.TestType] [ 6541] - sleepTime: 2000
[INFO ][2016-02-05 19:18:05,184][com.java.SeleniumDriver] [  930] -  RESULT true
[INFO ][2016-02-05 19:18:05,184][com.java.SeleniumDriver] [ 1136] - ?   P A S S   ?
[INFO ][2016-02-05 19:18:05,184][com.java.SeleniumDriver] [  856] - ------------------------------------------
[INFO ][2016-02-05 19:18:05,184][com.java.SeleniumDriver] [  857] - Test case being Executed: 4
[INFO ][2016-02-05 19:18:05,184][com.java.SeleniumDriver] [  869] - Test step:21
[INFO ][2016-02-05 19:18:05,184][com.java.SeleniumDriver] [  881] - Datavalue is----------null
[DEBUG][2016-02-05 19:18:05,184][com.java.SeleniumDriver] [  899] - Exception: null
[INFO ][2016-02-05 19:18:05,184][com.java.SeleniumDriver] [  905] - DataField : XPH//div[@class="panel panel-default ng-scope"]/div[@id='isAlertsHeading']/h4
[INFO ][2016-02-05 19:18:05,184][com.java.SeleniumDriver] [  907] - DataValue : 
[INFO ][2016-02-05 19:18:05,184][com.java.SeleniumDriver] [  913] - <In Set values of the page>
[INFO ][2016-02-05 19:18:05,184][com.java.SeleniumDriver] [  916] - {Data Fields & Data Values Exist}
[INFO ][2016-02-05 19:18:05,185][com.java.SeleniumDriver] [  918] - --------------------------setting values-----------------------------
[INFO ][2016-02-05 19:18:05,185][com.java.SeleniumDriver] [  921] - Action Type : CLICK
[INFO ][2016-02-05 19:18:05,185][com.java.TestType] [ 7122] - Field ::XPH//div[@class="panel panel-default ng-scope"]/div[@id='isAlertsHeading']/h4
[INFO ][2016-02-05 19:18:05,185][com.java.TestType] [ 6727] - value = 
[INFO ][2016-02-05 19:18:06,185][com.java.TestType] [ 7299] - BEFORE CLICK
[INFO ][2016-02-05 19:18:08,994][com.java.TestType] [ 7307] - Unable to click the object Click on Income Statement tab
[INFO ][2016-02-05 19:18:08,994][com.java.SeleniumDriver] [  930] -  RESULT true
[INFO ][2016-02-05 19:18:08,994][com.java.SeleniumDriver] [ 1136] - ?   P A S S   ?
[INFO ][2016-02-05 19:18:08,994][com.java.SeleniumDriver] [  856] - ------------------------------------------
[INFO ][2016-02-05 19:18:08,994][com.java.SeleniumDriver] [  857] - Test case being Executed: 4
[INFO ][2016-02-05 19:18:08,994][com.java.SeleniumDriver] [  869] - Test step:22
[INFO ][2016-02-05 19:18:08,994][com.java.SeleniumDriver] [  881] - Datavalue is----------2
[INFO ][2016-02-05 19:18:08,994][com.java.SeleniumDriver] [  905] - DataField : null
[INFO ][2016-02-05 19:18:08,994][com.java.SeleniumDriver] [  907] - DataValue : 2
[INFO ][2016-02-05 19:18:08,994][com.java.SeleniumDriver] [  913] - <In Set values of the page>
[INFO ][2016-02-05 19:18:08,994][com.java.SeleniumDriver] [  916] - {Data Fields & Data Values Exist}
[INFO ][2016-02-05 19:18:08,994][com.java.SeleniumDriver] [  918] - --------------------------setting values-----------------------------
[INFO ][2016-02-05 19:18:08,995][com.java.SeleniumDriver] [  921] - Action Type : WAITTIME
[DEBUG][2016-02-05 19:18:08,995][com.java.TestType] [ 6541] - sleepTime: 2000
[INFO ][2016-02-05 19:18:10,995][com.java.SeleniumDriver] [  930] -  RESULT true
[INFO ][2016-02-05 19:18:10,995][com.java.SeleniumDriver] [ 1136] - ?   P A S S   ?
[INFO ][2016-02-05 19:18:10,995][com.java.SeleniumDriver] [  856] - ------------------------------------------
[INFO ][2016-02-05 19:18:10,995][com.java.SeleniumDriver] [  857] - Test case being Executed: 4
[INFO ][2016-02-05 19:18:10,995][com.java.SeleniumDriver] [  869] - Test step:23
[INFO ][2016-02-05 19:18:10,995][com.java.SeleniumDriver] [  881] - Datavalue is----------null
[DEBUG][2016-02-05 19:18:10,995][com.java.SeleniumDriver] [  899] - Exception: null
[INFO ][2016-02-05 19:18:10,995][com.java.SeleniumDriver] [  905] - DataField : XPH//div[@class="panel panel-default ng-scope"]/div[@id='isAlertsHeading']/h4
[INFO ][2016-02-05 19:18:10,995][com.java.SeleniumDriver] [  907] - DataValue : 
[INFO ][2016-02-05 19:18:10,995][com.java.SeleniumDriver] [  913] - <In Set values of the page>
[INFO ][2016-02-05 19:18:10,995][com.java.SeleniumDriver] [  916] - {Data Fields & Data Values Exist}
[INFO ][2016-02-05 19:18:10,995][com.java.SeleniumDriver] [  918] - --------------------------setting values-----------------------------
[INFO ][2016-02-05 19:18:10,996][com.java.SeleniumDriver] [  921] - Action Type : CLICK
[INFO ][2016-02-05 19:18:10,996][com.java.TestType] [ 7122] - Field ::XPH//div[@class="panel panel-default ng-scope"]/div[@id='isAlertsHeading']/h4
[INFO ][2016-02-05 19:18:10,996][com.java.TestType] [ 6727] - value = 
[INFO ][2016-02-05 19:18:11,996][com.java.TestType] [ 7299] - BEFORE CLICK
[INFO ][2016-02-05 19:18:14,836][com.java.TestType] [ 7307] - Unable to click the object Click on Income Statement tab
[INFO ][2016-02-05 19:18:14,836][com.java.SeleniumDriver] [  930] -  RESULT true
[INFO ][2016-02-05 19:18:14,836][com.java.SeleniumDriver] [ 1136] - ?   P A S S   ?
[INFO ][2016-02-05 19:18:14,836][com.java.SeleniumDriver] [  856] - ------------------------------------------
[INFO ][2016-02-05 19:18:14,836][com.java.SeleniumDriver] [  857] - Test case being Executed: 4
[INFO ][2016-02-05 19:18:14,836][com.java.SeleniumDriver] [  869] - Test step:24
[INFO ][2016-02-05 19:18:14,836][com.java.SeleniumDriver] [  881] - Datavalue is----------//*[@id='isAlertsContent']/div/div[1]/div[1]
[INFO ][2016-02-05 19:18:14,836][com.java.SeleniumDriver] [  905] - DataField : MSG
[INFO ][2016-02-05 19:18:14,836][com.java.SeleniumDriver] [  907] - DataValue : //*[@id='isAlertsContent']/div/div[1]/div[1]
[INFO ][2016-02-05 19:18:14,836][com.java.SeleniumDriver] [  913] - <In Set values of the page>
[INFO ][2016-02-05 19:18:14,836][com.java.SeleniumDriver] [  916] - {Data Fields & Data Values Exist}
[INFO ][2016-02-05 19:18:14,836][com.java.SeleniumDriver] [  918] - --------------------------setting values-----------------------------
[INFO ][2016-02-05 19:18:14,837][com.java.SeleniumDriver] [  921] - Action Type : VERIFYNOTPRESENT
[INFO ][2016-02-05 19:18:14,837][com.java.TestType] [10177] - field= MSG value= //*[@id='isAlertsContent']/div/div[1]/div[1]
[INFO ][2016-02-05 19:18:15,041][com.java.SeleniumDriver] [  930] -  RESULT true
[INFO ][2016-02-05 19:18:15,043][com.java.SeleniumDriver] [ 1136] - ?   P A S S   ?
[INFO ][2016-02-05 19:18:15,043][com.java.SeleniumDriver] [  856] - ------------------------------------------
[INFO ][2016-02-05 19:18:15,043][com.java.SeleniumDriver] [  857] - Test case being Executed: 4
[INFO ][2016-02-05 19:18:15,043][com.java.SeleniumDriver] [  869] - Test step:25
[INFO ][2016-02-05 19:18:15,043][com.java.SeleniumDriver] [  881] - Datavalue is----------numberofupdatesbeforerefreshing
[INFO ][2016-02-05 19:18:15,043][com.java.SeleniumDriver] [  905] - DataField : XPH//div[@id="isAlertsHeading"]//span[@class="badge pull-right ng-binding"]
[INFO ][2016-02-05 19:18:15,043][com.java.SeleniumDriver] [  907] - DataValue : numberofupdatesbeforerefreshing
[INFO ][2016-02-05 19:18:15,043][com.java.SeleniumDriver] [  913] - <In Set values of the page>
[INFO ][2016-02-05 19:18:15,043][com.java.SeleniumDriver] [  916] - {Data Fields & Data Values Exist}
[INFO ][2016-02-05 19:18:15,044][com.java.SeleniumDriver] [  918] - --------------------------setting values-----------------------------
[INFO ][2016-02-05 19:18:15,044][com.java.SeleniumDriver] [  921] - Action Type : STOREVALUE
[INFO ][2016-02-05 19:18:15,044][com.java.TestType] [ 9858] - field= XPH//div[@id="isAlertsHeading"]//span[@class="badge pull-right ng-binding"]
[DEBUG][2016-02-05 19:18:16,033][com.java.TestType] [ 9913] - Key:: numberofupdatesbeforerefreshing   Value:: 2
[INFO ][2016-02-05 19:18:16,034][com.java.SeleniumDriver] [  930] -  RESULT true
[INFO ][2016-02-05 19:18:16,034][com.java.SeleniumDriver] [ 1136] - ?   P A S S   ?
[INFO ][2016-02-05 19:18:16,034][com.java.SeleniumDriver] [  856] - ------------------------------------------
[INFO ][2016-02-05 19:18:16,034][com.java.SeleniumDriver] [  857] - Test case being Executed: 4
[INFO ][2016-02-05 19:18:16,034][com.java.SeleniumDriver] [  869] - Test step:26
[INFO ][2016-02-05 19:18:16,034][com.java.SeleniumDriver] [  881] - Datavalue is----------null
[DEBUG][2016-02-05 19:18:16,034][com.java.SeleniumDriver] [  899] - Exception: null
[INFO ][2016-02-05 19:18:16,034][com.java.SeleniumDriver] [  905] - DataField : HDN//span[@class='glyphicon glyphicon-refresh ng-scope']
[INFO ][2016-02-05 19:18:16,034][com.java.SeleniumDriver] [  907] - DataValue : 
[INFO ][2016-02-05 19:18:16,034][com.java.SeleniumDriver] [  913] - <In Set values of the page>
[INFO ][2016-02-05 19:18:16,034][com.java.SeleniumDriver] [  916] - {Data Fields & Data Values Exist}
[INFO ][2016-02-05 19:18:16,034][com.java.SeleniumDriver] [  918] - --------------------------setting values-----------------------------
[INFO ][2016-02-05 19:18:16,034][com.java.SeleniumDriver] [  921] - Action Type : CLICK
[INFO ][2016-02-05 19:18:16,035][com.java.TestType] [ 7122] - Field ::HDN//span[@class='glyphicon glyphicon-refresh ng-scope']
[INFO ][2016-02-05 19:18:16,035][com.java.TestType] [ 6727] - value = 
[INFO ][2016-02-05 19:18:17,974][com.java.SeleniumDriver] [  930] -  RESULT true
[INFO ][2016-02-05 19:18:17,974][com.java.SeleniumDriver] [ 1136] - ?   P A S S   ?
[INFO ][2016-02-05 19:18:17,974][com.java.SeleniumDriver] [  856] - ------------------------------------------
[INFO ][2016-02-05 19:18:17,974][com.java.SeleniumDriver] [  857] - Test case being Executed: 4
[INFO ][2016-02-05 19:18:17,974][com.java.SeleniumDriver] [  869] - Test step:27
[INFO ][2016-02-05 19:18:17,974][com.java.SeleniumDriver] [  881] - Datavalue is----------5
[INFO ][2016-02-05 19:18:17,974][com.java.SeleniumDriver] [  905] - DataField : null
[INFO ][2016-02-05 19:18:17,975][com.java.SeleniumDriver] [  907] - DataValue : 5
[INFO ][2016-02-05 19:18:17,975][com.java.SeleniumDriver] [  913] - <In Set values of the page>
[INFO ][2016-02-05 19:18:17,975][com.java.SeleniumDriver] [  916] - {Data Fields & Data Values Exist}
[INFO ][2016-02-05 19:18:17,975][com.java.SeleniumDriver] [  918] - --------------------------setting values-----------------------------
[INFO ][2016-02-05 19:18:17,975][com.java.SeleniumDriver] [  921] - Action Type : WAITTIME
[DEBUG][2016-02-05 19:18:17,975][com.java.TestType] [ 6541] - sleepTime: 5000
[INFO ][2016-02-05 19:18:22,975][com.java.SeleniumDriver] [  930] -  RESULT true
[INFO ][2016-02-05 19:18:22,975][com.java.SeleniumDriver] [ 1136] - ?   P A S S   ?
[INFO ][2016-02-05 19:18:22,975][com.java.SeleniumDriver] [  856] - ------------------------------------------
[INFO ][2016-02-05 19:18:22,975][com.java.SeleniumDriver] [  857] - Test case being Executed: 4
[INFO ][2016-02-05 19:18:22,975][com.java.SeleniumDriver] [  869] - Test step:28
[INFO ][2016-02-05 19:18:22,975][com.java.SeleniumDriver] [  881] - Datavalue is----------HMVnumberofupdatesbeforerefreshing
[INFO ][2016-02-05 19:18:22,975][com.java.SeleniumDriver] [  905] - DataField : XPH//div[@id="isAlertsHeading"]//span[@class="badge pull-right ng-binding"]
[INFO ][2016-02-05 19:18:22,975][com.java.SeleniumDriver] [  907] - DataValue : HMVnumberofupdatesbeforerefreshing
[INFO ][2016-02-05 19:18:22,975][com.java.SeleniumDriver] [  913] - <In Set values of the page>
[INFO ][2016-02-05 19:18:22,975][com.java.SeleniumDriver] [  916] - {Data Fields & Data Values Exist}
[INFO ][2016-02-05 19:18:22,975][com.java.SeleniumDriver] [  918] - --------------------------setting values-----------------------------
[INFO ][2016-02-05 19:18:22,975][com.java.SeleniumDriver] [  921] - Action Type : VERIFY
[INFO ][2016-02-05 19:18:22,976][com.java.TestType] [ 8355] - field= XPH//div[@id="isAlertsHeading"]//span[@class="badge pull-right ng-binding"] value= HMVnumberofupdatesbeforerefreshing
[INFO ][2016-02-05 19:18:22,976][com.java.TestType] [ 6727] - value = 2
[INFO ][2016-02-05 19:18:24,005][com.java.SeleniumDriver] [  930] -  RESULT true
[INFO ][2016-02-05 19:18:24,005][com.java.SeleniumDriver] [ 1136] - ?   P A S S   ?
[INFO ][2016-02-05 19:18:24,005][com.java.SeleniumDriver] [  856] - ------------------------------------------
[INFO ][2016-02-05 19:18:24,005][com.java.SeleniumDriver] [  857] - Test case being Executed: 4
[INFO ][2016-02-05 19:18:24,006][com.java.SeleniumDriver] [  869] - Test step:29
[INFO ][2016-02-05 19:18:24,006][com.java.SeleniumDriver] [  881] - Datavalue is----------3
[INFO ][2016-02-05 19:18:24,006][com.java.SeleniumDriver] [  905] - DataField : null
[INFO ][2016-02-05 19:18:24,006][com.java.SeleniumDriver] [  907] - DataValue : 3
[INFO ][2016-02-05 19:18:24,006][com.java.SeleniumDriver] [  913] - <In Set values of the page>
[INFO ][2016-02-05 19:18:24,006][com.java.SeleniumDriver] [  916] - {Data Fields & Data Values Exist}
[INFO ][2016-02-05 19:18:24,006][com.java.SeleniumDriver] [  918] - --------------------------setting values-----------------------------
[INFO ][2016-02-05 19:18:24,006][com.java.SeleniumDriver] [  921] - Action Type : WAITTIME
[DEBUG][2016-02-05 19:18:24,006][com.java.TestType] [ 6541] - sleepTime: 3000
[INFO ][2016-02-05 19:18:27,007][com.java.SeleniumDriver] [  930] -  RESULT true
[INFO ][2016-02-05 19:18:27,007][com.java.SeleniumDriver] [ 1136] - ?   P A S S   ?
[INFO ][2016-02-05 19:18:27,007][com.java.SeleniumDriver] [  856] - ------------------------------------------
[INFO ][2016-02-05 19:18:27,007][com.java.SeleniumDriver] [  857] - Test case being Executed: 4
[INFO ][2016-02-05 19:18:27,007][com.java.SeleniumDriver] [  869] - Test step:30
[INFO ][2016-02-05 19:18:27,007][com.java.SeleniumDriver] [  881] - Datavalue is----------BalanceSheet
[INFO ][2016-02-05 19:18:27,007][com.java.SeleniumDriver] [  905] - DataField : XPH//div[@id="isAlertsContent"]//div[@class="bd-alert ng-scope"][1]/div[@class="ng-binding"]
[INFO ][2016-02-05 19:18:27,007][com.java.SeleniumDriver] [  907] - DataValue : BalanceSheet
[INFO ][2016-02-05 19:18:27,007][com.java.SeleniumDriver] [  913] - <In Set values of the page>
[INFO ][2016-02-05 19:18:27,007][com.java.SeleniumDriver] [  916] - {Data Fields & Data Values Exist}
[INFO ][2016-02-05 19:18:27,007][com.java.SeleniumDriver] [  918] - --------------------------setting values-----------------------------
[INFO ][2016-02-05 19:18:27,007][com.java.SeleniumDriver] [  921] - Action Type : STOREVALUE
[INFO ][2016-02-05 19:18:27,008][com.java.TestType] [ 9858] - field= XPH//div[@id="isAlertsContent"]//div[@class="bd-alert ng-scope"][1]/div[@class="ng-binding"]
[DEBUG][2016-02-05 19:18:28,044][com.java.TestType] [ 9913] - Key:: BalanceSheet   Value:: Salaries and employee benefits
[INFO ][2016-02-05 19:18:28,045][com.java.SeleniumDriver] [  930] -  RESULT true
[INFO ][2016-02-05 19:18:28,045][com.java.SeleniumDriver] [ 1136] - ?   P A S S   ?
[INFO ][2016-02-05 19:18:28,045][com.java.SeleniumDriver] [  856] - ------------------------------------------
[INFO ][2016-02-05 19:18:28,045][com.java.SeleniumDriver] [  857] - Test case being Executed: 4
[INFO ][2016-02-05 19:18:28,045][com.java.SeleniumDriver] [  869] - Test step:31
[INFO ][2016-02-05 19:18:28,045][com.java.SeleniumDriver] [  881] - Datavalue is----------3
[INFO ][2016-02-05 19:18:28,045][com.java.SeleniumDriver] [  905] - DataField : null
[INFO ][2016-02-05 19:18:28,045][com.java.SeleniumDriver] [  907] - DataValue : 3
[INFO ][2016-02-05 19:18:28,045][com.java.SeleniumDriver] [  913] - <In Set values of the page>
[INFO ][2016-02-05 19:18:28,045][com.java.SeleniumDriver] [  916] - {Data Fields & Data Values Exist}
[INFO ][2016-02-05 19:18:28,045][com.java.SeleniumDriver] [  918] - --------------------------setting values-----------------------------
[INFO ][2016-02-05 19:18:28,046][com.java.SeleniumDriver] [  921] - Action Type : WAITTIME
[DEBUG][2016-02-05 19:18:28,046][com.java.TestType] [ 6541] - sleepTime: 3000
[INFO ][2016-02-05 19:18:31,046][com.java.SeleniumDriver] [  930] -  RESULT true
[INFO ][2016-02-05 19:18:31,046][com.java.SeleniumDriver] [ 1136] - ?   P A S S   ?
[INFO ][2016-02-05 19:18:31,046][com.java.SeleniumDriver] [  856] - ------------------------------------------
[INFO ][2016-02-05 19:18:31,046][com.java.SeleniumDriver] [  857] - Test case being Executed: 4
[INFO ][2016-02-05 19:18:31,046][com.java.SeleniumDriver] [  869] - Test step:32
[INFO ][2016-02-05 19:18:31,046][com.java.SeleniumDriver] [  881] - Datavalue is----------Change
[INFO ][2016-02-05 19:18:31,046][com.java.SeleniumDriver] [  905] - DataField : XPH//div[@id="isAlertsContent"]//div[@class="bd-alert ng-scope"][1]//span[@ class="ng-binding"]
[INFO ][2016-02-05 19:18:31,046][com.java.SeleniumDriver] [  907] - DataValue : Change
[INFO ][2016-02-05 19:18:31,046][com.java.SeleniumDriver] [  913] - <In Set values of the page>
[INFO ][2016-02-05 19:18:31,047][com.java.SeleniumDriver] [  916] - {Data Fields & Data Values Exist}
[INFO ][2016-02-05 19:18:31,047][com.java.SeleniumDriver] [  918] - --------------------------setting values-----------------------------
[INFO ][2016-02-05 19:18:31,047][com.java.SeleniumDriver] [  921] - Action Type : STOREVALUE
[INFO ][2016-02-05 19:18:31,047][com.java.TestType] [ 9858] - field= XPH//div[@id="isAlertsContent"]//div[@class="bd-alert ng-scope"][1]//span[@ class="ng-binding"]
[DEBUG][2016-02-05 19:18:32,016][com.java.TestType] [ 9913] - Key:: Change   Value:: $60,133
[INFO ][2016-02-05 19:18:32,017][com.java.SeleniumDriver] [  930] -  RESULT true
[INFO ][2016-02-05 19:18:32,017][com.java.SeleniumDriver] [ 1136] - ?   P A S S   ?
[INFO ][2016-02-05 19:18:32,017][com.java.SeleniumDriver] [  856] - ------------------------------------------
[INFO ][2016-02-05 19:18:32,017][com.java.SeleniumDriver] [  857] - Test case being Executed: 4
[INFO ][2016-02-05 19:18:32,017][com.java.SeleniumDriver] [  869] - Test step:33
[INFO ][2016-02-05 19:18:32,017][com.java.SeleniumDriver] [  881] - Datavalue is----------3
[INFO ][2016-02-05 19:18:32,017][com.java.SeleniumDriver] [  905] - DataField : null
[INFO ][2016-02-05 19:18:32,017][com.java.SeleniumDriver] [  907] - DataValue : 3
[INFO ][2016-02-05 19:18:32,017][com.java.SeleniumDriver] [  913] - <In Set values of the page>
[INFO ][2016-02-05 19:18:32,017][com.java.SeleniumDriver] [  916] - {Data Fields & Data Values Exist}
[INFO ][2016-02-05 19:18:32,017][com.java.SeleniumDriver] [  918] - --------------------------setting values-----------------------------
[INFO ][2016-02-05 19:18:32,017][com.java.SeleniumDriver] [  921] - Action Type : WAITTIME
[DEBUG][2016-02-05 19:18:32,017][com.java.TestType] [ 6541] - sleepTime: 3000
[INFO ][2016-02-05 19:18:35,017][com.java.SeleniumDriver] [  930] -  RESULT true
[INFO ][2016-02-05 19:18:35,017][com.java.SeleniumDriver] [ 1136] - ?   P A S S   ?
[INFO ][2016-02-05 19:18:35,017][com.java.SeleniumDriver] [  856] - ------------------------------------------
[INFO ][2016-02-05 19:18:35,017][com.java.SeleniumDriver] [  857] - Test case being Executed: 4
[INFO ][2016-02-05 19:18:35,018][com.java.SeleniumDriver] [  869] - Test step:34
[INFO ][2016-02-05 19:18:35,018][com.java.SeleniumDriver] [  881] - Datavalue is----------Percentage
[INFO ][2016-02-05 19:18:35,018][com.java.SeleniumDriver] [  905] - DataField : XPH//div[@id="isAlertsContent"]//div[@class="bd-alert ng-scope"][1]//span[@class="pull-right ng-binding"]
[INFO ][2016-02-05 19:18:35,018][com.java.SeleniumDriver] [  907] - DataValue : Percentage
[INFO ][2016-02-05 19:18:35,018][com.java.SeleniumDriver] [  913] - <In Set values of the page>
[INFO ][2016-02-05 19:18:35,018][com.java.SeleniumDriver] [  916] - {Data Fields & Data Values Exist}
[INFO ][2016-02-05 19:18:35,018][com.java.SeleniumDriver] [  918] - --------------------------setting values-----------------------------
[INFO ][2016-02-05 19:18:35,018][com.java.SeleniumDriver] [  921] - Action Type : STOREVALUE
[INFO ][2016-02-05 19:18:35,018][com.java.TestType] [ 9858] - field= XPH//div[@id="isAlertsContent"]//div[@class="bd-alert ng-scope"][1]//span[@class="pull-right ng-binding"]
[DEBUG][2016-02-05 19:18:35,986][com.java.TestType] [ 9913] - Key:: Percentage   Value:: 9.23%
[INFO ][2016-02-05 19:18:35,986][com.java.SeleniumDriver] [  930] -  RESULT true
[INFO ][2016-02-05 19:18:35,986][com.java.SeleniumDriver] [ 1136] - ?   P A S S   ?
[INFO ][2016-02-05 19:18:35,986][com.java.SeleniumDriver] [  856] - ------------------------------------------
[INFO ][2016-02-05 19:18:35,986][com.java.SeleniumDriver] [  857] - Test case being Executed: 4
[INFO ][2016-02-05 19:18:35,986][com.java.SeleniumDriver] [  869] - Test step:35
[INFO ][2016-02-05 19:18:35,986][com.java.SeleniumDriver] [  881] - Datavalue is----------null
[DEBUG][2016-02-05 19:18:35,987][com.java.SeleniumDriver] [  899] - Exception: null
[INFO ][2016-02-05 19:18:35,987][com.java.SeleniumDriver] [  905] - DataField : XPH//div[@id="isAlertsHeading"]//span[@class="glyphicon glyphicon-list-alt"]
[INFO ][2016-02-05 19:18:35,987][com.java.SeleniumDriver] [  907] - DataValue : 
[INFO ][2016-02-05 19:18:35,987][com.java.SeleniumDriver] [  913] - <In Set values of the page>
[INFO ][2016-02-05 19:18:35,987][com.java.SeleniumDriver] [  916] - {Data Fields & Data Values Exist}
[INFO ][2016-02-05 19:18:35,987][com.java.SeleniumDriver] [  918] - --------------------------setting values-----------------------------
[INFO ][2016-02-05 19:18:35,987][com.java.SeleniumDriver] [  921] - Action Type : CLICK
[INFO ][2016-02-05 19:18:35,987][com.java.TestType] [ 7122] - Field ::XPH//div[@id="isAlertsHeading"]//span[@class="glyphicon glyphicon-list-alt"]
[INFO ][2016-02-05 19:18:35,987][com.java.TestType] [ 6727] - value = 
[INFO ][2016-02-05 19:18:36,988][com.java.TestType] [ 7299] - BEFORE CLICK
[INFO ][2016-02-05 19:18:39,468][com.java.TestType] [ 7307] - Unable to click the object Click on the report button
[INFO ][2016-02-05 19:18:39,468][com.java.SeleniumDriver] [  930] -  RESULT true
[INFO ][2016-02-05 19:18:39,468][com.java.SeleniumDriver] [ 1136] - ?   P A S S   ?
[INFO ][2016-02-05 19:18:39,468][com.java.SeleniumDriver] [  856] - ------------------------------------------
[INFO ][2016-02-05 19:18:39,468][com.java.SeleniumDriver] [  857] - Test case being Executed: 4
[INFO ][2016-02-05 19:18:39,468][com.java.SeleniumDriver] [  869] - Test step:36
[INFO ][2016-02-05 19:18:39,468][com.java.SeleniumDriver] [  881] - Datavalue is----------3
[INFO ][2016-02-05 19:18:39,468][com.java.SeleniumDriver] [  905] - DataField : XPH//img[@id='loading']
[INFO ][2016-02-05 19:18:39,468][com.java.SeleniumDriver] [  907] - DataValue : 3
[INFO ][2016-02-05 19:18:39,468][com.java.SeleniumDriver] [  913] - <In Set values of the page>
[INFO ][2016-02-05 19:18:39,468][com.java.SeleniumDriver] [  916] - {Data Fields & Data Values Exist}
[INFO ][2016-02-05 19:18:39,468][com.java.SeleniumDriver] [  918] - --------------------------setting values-----------------------------
[INFO ][2016-02-05 19:18:39,468][com.java.SeleniumDriver] [  921] - Action Type : WaitForElement
[INFO ][2016-02-05 19:18:39,504][com.java.SeleniumDriver] [  930] -  RESULT true
[INFO ][2016-02-05 19:18:39,504][com.java.SeleniumDriver] [ 1136] - ?   P A S S   ?
[INFO ][2016-02-05 19:18:39,504][com.java.SeleniumDriver] [  856] - ------------------------------------------
[INFO ][2016-02-05 19:18:39,504][com.java.SeleniumDriver] [  857] - Test case being Executed: 4
[INFO ][2016-02-05 19:18:39,504][com.java.SeleniumDriver] [  869] - Test step:37
[INFO ][2016-02-05 19:18:39,505][com.java.SeleniumDriver] [  881] - Datavalue is----------90
[INFO ][2016-02-05 19:18:39,505][com.java.SeleniumDriver] [  905] - DataField : XPH//img[@id='loading']
[INFO ][2016-02-05 19:18:39,505][com.java.SeleniumDriver] [  907] - DataValue : 90
[INFO ][2016-02-05 19:18:39,505][com.java.SeleniumDriver] [  913] - <In Set values of the page>
[INFO ][2016-02-05 19:18:39,505][com.java.SeleniumDriver] [  916] - {Data Fields & Data Values Exist}
[INFO ][2016-02-05 19:18:39,505][com.java.SeleniumDriver] [  918] - --------------------------setting values-----------------------------
[INFO ][2016-02-05 19:18:39,505][com.java.SeleniumDriver] [  921] - Action Type : waitForElementNotPresent
[INFO ][2016-02-05 19:18:40,691][com.java.SeleniumDriver] [  930] -  RESULT true
[INFO ][2016-02-05 19:18:40,691][com.java.SeleniumDriver] [ 1136] - ?   P A S S   ?
[INFO ][2016-02-05 19:18:40,691][com.java.SeleniumDriver] [  856] - ------------------------------------------
[INFO ][2016-02-05 19:18:40,691][com.java.SeleniumDriver] [  857] - Test case being Executed: 4
[INFO ][2016-02-05 19:18:40,691][com.java.SeleniumDriver] [  869] - Test step:38
[INFO ][2016-02-05 19:18:40,691][com.java.SeleniumDriver] [  881] - Datavalue is----------BalanceSheet::Change
[INFO ][2016-02-05 19:18:40,692][com.java.SeleniumDriver] [  905] - DataField : PVP//div[contains(text(),'mytext')]/following::td[3]/div
[INFO ][2016-02-05 19:18:40,692][com.java.SeleniumDriver] [  907] - DataValue : BalanceSheet::Change
[INFO ][2016-02-05 19:18:40,692][com.java.SeleniumDriver] [  913] - <In Set values of the page>
[INFO ][2016-02-05 19:18:40,692][com.java.SeleniumDriver] [  916] - {Data Fields & Data Values Exist}
[INFO ][2016-02-05 19:18:40,692][com.java.SeleniumDriver] [  918] - --------------------------setting values-----------------------------
[INFO ][2016-02-05 19:18:40,692][com.java.SeleniumDriver] [  921] - Action Type : VERIFY
[INFO ][2016-02-05 19:18:40,692][com.java.TestType] [ 8355] - field= PVP//div[contains(text(),'mytext')]/following::td[3]/div value= BalanceSheet::Change
[INFO ][2016-02-05 19:18:40,692][com.java.TestType] [ 6727] - value = BalanceSheet::Change
[INFO ][2016-02-05 19:18:40,872][com.java.SeleniumDriver] [  930] -  RESULT true
[INFO ][2016-02-05 19:18:40,872][com.java.SeleniumDriver] [ 1136] - ?   P A S S   ?
[INFO ][2016-02-05 19:18:40,872][com.java.SeleniumDriver] [  856] - ------------------------------------------
[INFO ][2016-02-05 19:18:40,872][com.java.SeleniumDriver] [  857] - Test case being Executed: 4
[INFO ][2016-02-05 19:18:40,872][com.java.SeleniumDriver] [  869] - Test step:39
[INFO ][2016-02-05 19:18:40,872][com.java.SeleniumDriver] [  881] - Datavalue is----------BalanceSheet::Percentage
[INFO ][2016-02-05 19:18:40,872][com.java.SeleniumDriver] [  905] - DataField : PVP//div[contains(text(),'mytext')]/following::td[4]/div
[INFO ][2016-02-05 19:18:40,872][com.java.SeleniumDriver] [  907] - DataValue : BalanceSheet::Percentage
[INFO ][2016-02-05 19:18:40,872][com.java.SeleniumDriver] [  913] - <In Set values of the page>
[INFO ][2016-02-05 19:18:40,872][com.java.SeleniumDriver] [  916] - {Data Fields & Data Values Exist}
[INFO ][2016-02-05 19:18:40,873][com.java.SeleniumDriver] [  918] - --------------------------setting values-----------------------------
[INFO ][2016-02-05 19:18:40,873][com.java.SeleniumDriver] [  921] - Action Type : VERIFY
[INFO ][2016-02-05 19:18:40,873][com.java.TestType] [ 8355] - field= PVP//div[contains(text(),'mytext')]/following::td[4]/div value= BalanceSheet::Percentage
[INFO ][2016-02-05 19:18:40,873][com.java.TestType] [ 6727] - value = BalanceSheet::Percentage
[INFO ][2016-02-05 19:18:41,023][com.java.SeleniumDriver] [  930] -  RESULT true
[INFO ][2016-02-05 19:18:41,023][com.java.SeleniumDriver] [ 1136] - ?   P A S S   ?
[INFO ][2016-02-05 19:18:41,023][com.java.SeleniumDriver] [  856] - ------------------------------------------
[INFO ][2016-02-05 19:18:41,023][com.java.SeleniumDriver] [  857] - Test case being Executed: 4
[INFO ][2016-02-05 19:18:41,023][com.java.SeleniumDriver] [  869] - Test step:40
[INFO ][2016-02-05 19:18:41,024][com.java.SeleniumDriver] [  881] - Datavalue is----------null
[DEBUG][2016-02-05 19:18:41,024][com.java.SeleniumDriver] [  899] - Exception: null
[INFO ][2016-02-05 19:18:41,024][com.java.SeleniumDriver] [  905] - DataField : BTNparent
[INFO ][2016-02-05 19:18:41,024][com.java.SeleniumDriver] [  907] - DataValue : 
[INFO ][2016-02-05 19:18:41,024][com.java.SeleniumDriver] [  913] - <In Set values of the page>
[INFO ][2016-02-05 19:18:41,024][com.java.SeleniumDriver] [  916] - {Data Fields & Data Values Exist}
[INFO ][2016-02-05 19:18:41,024][com.java.SeleniumDriver] [  918] - --------------------------setting values-----------------------------
[INFO ][2016-02-05 19:18:41,024][com.java.SeleniumDriver] [  921] - Action Type : selectframe
[INFO ][2016-02-05 19:18:41,040][com.java.SeleniumDriver] [  930] -  RESULT true
[INFO ][2016-02-05 19:18:41,040][com.java.SeleniumDriver] [ 1136] - ?   P A S S   ?
[INFO ][2016-02-05 19:18:41,040][com.java.SeleniumDriver] [  856] - ------------------------------------------
[INFO ][2016-02-05 19:18:41,040][com.java.SeleniumDriver] [  857] - Test case being Executed: 4
[INFO ][2016-02-05 19:18:41,040][com.java.SeleniumDriver] [  869] - Test step:41
[INFO ][2016-02-05 19:18:41,040][com.java.SeleniumDriver] [  881] - Datavalue is----------null
[DEBUG][2016-02-05 19:18:41,040][com.java.SeleniumDriver] [  899] - Exception: null
[INFO ][2016-02-05 19:18:41,041][com.java.SeleniumDriver] [  905] - DataField : BTNcloseAllTabs
[INFO ][2016-02-05 19:18:41,041][com.java.SeleniumDriver] [  907] - DataValue : 
[INFO ][2016-02-05 19:18:41,041][com.java.SeleniumDriver] [  913] - <In Set values of the page>
[INFO ][2016-02-05 19:18:41,041][com.java.SeleniumDriver] [  916] - {Data Fields & Data Values Exist}
[INFO ][2016-02-05 19:18:41,041][com.java.SeleniumDriver] [  918] - --------------------------setting values-----------------------------
[INFO ][2016-02-05 19:18:41,041][com.java.SeleniumDriver] [  921] - Action Type : CLICK
[INFO ][2016-02-05 19:18:41,041][com.java.TestType] [ 7122] - Field ::BTNcloseAllTabs
[INFO ][2016-02-05 19:18:41,041][com.java.TestType] [ 6727] - value = 
[INFO ][2016-02-05 19:18:42,041][com.java.TestType] [ 7278] - BEFORE CLICK
[INFO ][2016-02-05 19:18:43,739][com.java.TestType] [ 7285] - Unable to click the object Close all tabs button
[INFO ][2016-02-05 19:18:43,739][com.java.SeleniumDriver] [  930] -  RESULT true
[INFO ][2016-02-05 19:18:43,739][com.java.SeleniumDriver] [ 1136] - ?   P A S S   ?
[INFO ][2016-02-05 19:18:43,739][com.java.SeleniumDriver] [  856] - ------------------------------------------
[INFO ][2016-02-05 19:18:43,739][com.java.SeleniumDriver] [  857] - Test case being Executed: 4
[INFO ][2016-02-05 19:18:43,739][com.java.SeleniumDriver] [  869] - Test step:42
[INFO ][2016-02-05 19:18:43,740][com.java.SeleniumDriver] [  881] - Datavalue is----------3
[INFO ][2016-02-05 19:18:43,740][com.java.SeleniumDriver] [  905] - DataField : XPH//div[contains(text(), 'My Dashboard')]
[INFO ][2016-02-05 19:18:43,740][com.java.SeleniumDriver] [  907] - DataValue : 3
[INFO ][2016-02-05 19:18:43,740][com.java.SeleniumDriver] [  913] - <In Set values of the page>
[INFO ][2016-02-05 19:18:43,740][com.java.SeleniumDriver] [  916] - {Data Fields & Data Values Exist}
[INFO ][2016-02-05 19:18:43,740][com.java.SeleniumDriver] [  918] - --------------------------setting values-----------------------------
[INFO ][2016-02-05 19:18:43,740][com.java.SeleniumDriver] [  921] - Action Type : WAITFORELEMENT
[INFO ][2016-02-05 19:18:44,186][com.java.SeleniumDriver] [  930] -  RESULT true
[INFO ][2016-02-05 19:18:44,186][com.java.SeleniumDriver] [ 1136] - ?   P A S S   ?
[INFO ][2016-02-05 19:18:44,186][com.java.SeleniumDriver] [  856] - ------------------------------------------
[INFO ][2016-02-05 19:18:44,186][com.java.SeleniumDriver] [  857] - Test case being Executed: 4
[INFO ][2016-02-05 19:18:44,186][com.java.SeleniumDriver] [  869] - Test step:43
[INFO ][2016-02-05 19:18:44,186][com.java.SeleniumDriver] [  881] - Datavalue is----------//div[contains(text(), 'My Dashboard')]
[INFO ][2016-02-05 19:18:44,186][com.java.SeleniumDriver] [  905] - DataField : BTN
[INFO ][2016-02-05 19:18:44,187][com.java.SeleniumDriver] [  907] - DataValue : //div[contains(text(), 'My Dashboard')]
[INFO ][2016-02-05 19:18:44,187][com.java.SeleniumDriver] [  913] - <In Set values of the page>
[INFO ][2016-02-05 19:18:44,187][com.java.SeleniumDriver] [  916] - {Data Fields & Data Values Exist}
[INFO ][2016-02-05 19:18:44,187][com.java.SeleniumDriver] [  918] - --------------------------setting values-----------------------------
[INFO ][2016-02-05 19:18:44,187][com.java.SeleniumDriver] [  921] - Action Type : VERIFY
[INFO ][2016-02-05 19:18:44,187][com.java.TestType] [ 8355] - field= BTN value= //div[contains(text(), 'My Dashboard')]
[INFO ][2016-02-05 19:18:44,187][com.java.TestType] [ 6727] - value = //div[contains(text(), 'My Dashboard')]
[INFO ][2016-02-05 19:18:44,787][com.java.SeleniumDriver] [  930] -  RESULT true
[INFO ][2016-02-05 19:18:44,787][com.java.SeleniumDriver] [ 1136] - ?   P A S S   ?
[DEBUG][2016-02-05 19:18:44,787][com.java.SeleniumDriver] [ 1248] - Case found
[DEBUG][2016-02-05 19:18:44,787][com.java.SeleniumDriver] [ 1253] - Incrementing ReportCounters[0]:2
[INFO ][2016-02-05 19:18:44,787][com.java.SeleniumDriver] [ 1272] - The results are-------------------[4, 1, Right Hand Menu: IS Alerts-IS Alerts are showing on hover menu., Pass, , Fri Feb 05 19:16:30 IST 2016, 4, 3, Right Hand Menu: IS Alerts-IS Alerts are showing on hover menu., Pass, , Fri Feb 05 19:16:35 IST 2016, 4, 4, Right Hand Menu: IS Alerts-IS Alerts are showing on hover menu., Pass, , Fri Feb 05 19:17:25 IST 2016, 4, 5, Right Hand Menu: IS Alerts-IS Alerts are showing on hover menu., Pass, , Fri Feb 05 19:17:26 IST 2016, 4, 6, Right Hand Menu: IS Alerts-IS Alerts are showing on hover menu., Pass, , Fri Feb 05 19:17:28 IST 2016, 4, 7, Right Hand Menu: IS Alerts-IS Alerts are showing on hover menu., Pass, , Fri Feb 05 19:17:28 IST 2016, 4, 8, Right Hand Menu: IS Alerts-IS Alerts are showing on hover menu., Pass, , Fri Feb 05 19:17:31 IST 2016, 4, 9, Right Hand Menu: IS Alerts-IS Alerts are showing on hover menu., Pass, , Fri Feb 05 19:17:36 IST 2016, 4, 10, Right Hand Menu: IS Alerts-IS Alerts are showing on hover menu., Pass, , Fri Feb 05 19:17:42 IST 2016, 4, 11, Right Hand Menu: IS Alerts-IS Alerts are showing on hover menu., Pass, , Fri Feb 05 19:17:42 IST 2016, 4, 12, Right Hand Menu: IS Alerts-IS Alerts are showing on hover menu., Pass, , Fri Feb 05 19:17:46 IST 2016, 4, 13, Right Hand Menu: IS Alerts-IS Alerts are showing on hover menu., Pass, , Fri Feb 05 19:17:51 IST 2016, 4, 14, Right Hand Menu: IS Alerts-IS Alerts are showing on hover menu., Pass, , Fri Feb 05 19:17:54 IST 2016, 4, 15, Right Hand Menu: IS Alerts-IS Alerts are showing on hover menu., Pass, , Fri Feb 05 19:17:55 IST 2016, 4, 16, Right Hand Menu: IS Alerts-IS Alerts are showing on hover menu., Pass, , Fri Feb 05 19:17:56 IST 2016, 4, 17, Right Hand Menu: IS Alerts-IS Alerts are showing on hover menu., Pass, , Fri Feb 05 19:17:59 IST 2016, 4, 18, Right Hand Menu: IS Alerts-IS Alerts are showing on hover menu., Pass, , Fri Feb 05 19:18:02 IST 2016, 4, 19, Right Hand Menu: IS Alerts-IS Alerts are showing on hover menu., Pass, , Fri Feb 05 19:18:03 IST 2016, 4, 20, Right Hand Menu: IS Alerts-IS Alerts are showing on hover menu., Pass, , Fri Feb 05 19:18:05 IST 2016, 4, 21, Right Hand Menu: IS Alerts-IS Alerts are showing on hover menu., Pass, , Fri Feb 05 19:18:08 IST 2016, 4, 22, Right Hand Menu: IS Alerts-IS Alerts are showing on hover menu., Pass, , Fri Feb 05 19:18:10 IST 2016, 4, 23, Right Hand Menu: IS Alerts-IS Alerts are showing on hover menu., Pass, , Fri Feb 05 19:18:14 IST 2016, 4, 24, Right Hand Menu: IS Alerts-IS Alerts are showing on hover menu., Pass, , Fri Feb 05 19:18:15 IST 2016, 4, 25, Right Hand Menu: IS Alerts-IS Alerts are showing on hover menu., Pass, , Fri Feb 05 19:18:16 IST 2016, 4, 26, Right Hand Menu: IS Alerts-IS Alerts are showing on hover menu., Pass, , Fri Feb 05 19:18:17 IST 2016, 4, 27, Right Hand Menu: IS Alerts-IS Alerts are showing on hover menu., Pass, , Fri Feb 05 19:18:22 IST 2016, 4, 28, Right Hand Menu: IS Alerts-IS Alerts are showing on hover menu., Pass, , Fri Feb 05 19:18:24 IST 2016, 4, 29, Right Hand Menu: IS Alerts-IS Alerts are showing on hover menu., Pass, , Fri Feb 05 19:18:27 IST 2016, 4, 30, Right Hand Menu: IS Alerts-IS Alerts are showing on hover menu., Pass, , Fri Feb 05 19:18:28 IST 2016, 4, 31, Right Hand Menu: IS Alerts-IS Alerts are showing on hover menu., Pass, , Fri Feb 05 19:18:31 IST 2016, 4, 32, Right Hand Menu: IS Alerts-IS Alerts are showing on hover menu., Pass, , Fri Feb 05 19:18:32 IST 2016, 4, 33, Right Hand Menu: IS Alerts-IS Alerts are showing on hover menu., Pass, , Fri Feb 05 19:18:35 IST 2016, 4, 34, Right Hand Menu: IS Alerts-IS Alerts are showing on hover menu., Pass, , Fri Feb 05 19:18:35 IST 2016, 4, 35, Right Hand Menu: IS Alerts-IS Alerts are showing on hover menu., Pass, , Fri Feb 05 19:18:39 IST 2016, 4, 36, Right Hand Menu: IS Alerts-IS Alerts are showing on hover menu., Pass, , Fri Feb 05 19:18:39 IST 2016, 4, 37, Right Hand Menu: IS Alerts-IS Alerts are showing on hover menu., Pass, , Fri Feb 05 19:18:40 IST 2016, 4, 38, Right Hand Menu: IS Alerts-IS Alerts are showing on hover menu., Pass, , Fri Feb 05 19:18:40 IST 2016, 4, 39, Right Hand Menu: IS Alerts-IS Alerts are showing on hover menu., Pass, , Fri Feb 05 19:18:41 IST 2016, 4, 40, Right Hand Menu: IS Alerts-IS Alerts are showing on hover menu., Pass, , Fri Feb 05 19:18:41 IST 2016, 4, 41, Right Hand Menu: IS Alerts-IS Alerts are showing on hover menu., Pass, , Fri Feb 05 19:18:43 IST 2016, 4, 42, Right Hand Menu: IS Alerts-IS Alerts are showing on hover menu., Pass, , Fri Feb 05 19:18:44 IST 2016, 4, 43, Right Hand Menu: IS Alerts-IS Alerts are showing on hover menu., Pass, , Fri Feb 05 19:18:44 IST 2016]
[INFO ][2016-02-05 19:18:44,787][com.java.SeleniumDriver] [ 1276] - End time is-------3 min 7 sec
[INFO ][2016-02-05 19:18:44,788][com.java.SeleniumDriver] [ 1277] - The results are-------------------[4, 1, Right Hand Menu: IS Alerts-IS Alerts are showing on hover menu., Pass, , Fri Feb 05 19:16:30 IST 2016, 4, 3, Right Hand Menu: IS Alerts-IS Alerts are showing on hover menu., Pass, , Fri Feb 05 19:16:35 IST 2016, 4, 4, Right Hand Menu: IS Alerts-IS Alerts are showing on hover menu., Pass, , Fri Feb 05 19:17:25 IST 2016, 4, 5, Right Hand Menu: IS Alerts-IS Alerts are showing on hover menu., Pass, , Fri Feb 05 19:17:26 IST 2016, 4, 6, Right Hand Menu: IS Alerts-IS Alerts are showing on hover menu., Pass, , Fri Feb 05 19:17:28 IST 2016, 4, 7, Right Hand Menu: IS Alerts-IS Alerts are showing on hover menu., Pass, , Fri Feb 05 19:17:28 IST 2016, 4, 8, Right Hand Menu: IS Alerts-IS Alerts are showing on hover menu., Pass, , Fri Feb 05 19:17:31 IST 2016, 4, 9, Right Hand Menu: IS Alerts-IS Alerts are showing on hover menu., Pass, , Fri Feb 05 19:17:36 IST 2016, 4, 10, Right Hand Menu: IS Alerts-IS Alerts are showing on hover menu., Pass, , Fri Feb 05 19:17:42 IST 2016, 4, 11, Right Hand Menu: IS Alerts-IS Alerts are showing on hover menu., Pass, , Fri Feb 05 19:17:42 IST 2016, 4, 12, Right Hand Menu: IS Alerts-IS Alerts are showing on hover menu., Pass, , Fri Feb 05 19:17:46 IST 2016, 4, 13, Right Hand Menu: IS Alerts-IS Alerts are showing on hover menu., Pass, , Fri Feb 05 19:17:51 IST 2016, 4, 14, Right Hand Menu: IS Alerts-IS Alerts are showing on hover menu., Pass, , Fri Feb 05 19:17:54 IST 2016, 4, 15, Right Hand Menu: IS Alerts-IS Alerts are showing on hover menu., Pass, , Fri Feb 05 19:17:55 IST 2016, 4, 16, Right Hand Menu: IS Alerts-IS Alerts are showing on hover menu., Pass, , Fri Feb 05 19:17:56 IST 2016, 4, 17, Right Hand Menu: IS Alerts-IS Alerts are showing on hover menu., Pass, , Fri Feb 05 19:17:59 IST 2016, 4, 18, Right Hand Menu: IS Alerts-IS Alerts are showing on hover menu., Pass, , Fri Feb 05 19:18:02 IST 2016, 4, 19, Right Hand Menu: IS Alerts-IS Alerts are showing on hover menu., Pass, , Fri Feb 05 19:18:03 IST 2016, 4, 20, Right Hand Menu: IS Alerts-IS Alerts are showing on hover menu., Pass, , Fri Feb 05 19:18:05 IST 2016, 4, 21, Right Hand Menu: IS Alerts-IS Alerts are showing on hover menu., Pass, , Fri Feb 05 19:18:08 IST 2016, 4, 22, Right Hand Menu: IS Alerts-IS Alerts are showing on hover menu., Pass, , Fri Feb 05 19:18:10 IST 2016, 4, 23, Right Hand Menu: IS Alerts-IS Alerts are showing on hover menu., Pass, , Fri Feb 05 19:18:14 IST 2016, 4, 24, Right Hand Menu: IS Alerts-IS Alerts are showing on hover menu., Pass, , Fri Feb 05 19:18:15 IST 2016, 4, 25, Right Hand Menu: IS Alerts-IS Alerts are showing on hover menu., Pass, , Fri Feb 05 19:18:16 IST 2016, 4, 26, Right Hand Menu: IS Alerts-IS Alerts are showing on hover menu., Pass, , Fri Feb 05 19:18:17 IST 2016, 4, 27, Right Hand Menu: IS Alerts-IS Alerts are showing on hover menu., Pass, , Fri Feb 05 19:18:22 IST 2016, 4, 28, Right Hand Menu: IS Alerts-IS Alerts are showing on hover menu., Pass, , Fri Feb 05 19:18:24 IST 2016, 4, 29, Right Hand Menu: IS Alerts-IS Alerts are showing on hover menu., Pass, , Fri Feb 05 19:18:27 IST 2016, 4, 30, Right Hand Menu: IS Alerts-IS Alerts are showing on hover menu., Pass, , Fri Feb 05 19:18:28 IST 2016, 4, 31, Right Hand Menu: IS Alerts-IS Alerts are showing on hover menu., Pass, , Fri Feb 05 19:18:31 IST 2016, 4, 32, Right Hand Menu: IS Alerts-IS Alerts are showing on hover menu., Pass, , Fri Feb 05 19:18:32 IST 2016, 4, 33, Right Hand Menu: IS Alerts-IS Alerts are showing on hover menu., Pass, , Fri Feb 05 19:18:35 IST 2016, 4, 34, Right Hand Menu: IS Alerts-IS Alerts are showing on hover menu., Pass, , Fri Feb 05 19:18:35 IST 2016, 4, 35, Right Hand Menu: IS Alerts-IS Alerts are showing on hover menu., Pass, , Fri Feb 05 19:18:39 IST 2016, 4, 36, Right Hand Menu: IS Alerts-IS Alerts are showing on hover menu., Pass, , Fri Feb 05 19:18:39 IST 2016, 4, 37, Right Hand Menu: IS Alerts-IS Alerts are showing on hover menu., Pass, , Fri Feb 05 19:18:40 IST 2016, 4, 38, Right Hand Menu: IS Alerts-IS Alerts are showing on hover menu., Pass, , Fri Feb 05 19:18:40 IST 2016, 4, 39, Right Hand Menu: IS Alerts-IS Alerts are showing on hover menu., Pass, , Fri Feb 05 19:18:41 IST 2016, 4, 40, Right Hand Menu: IS Alerts-IS Alerts are showing on hover menu., Pass, , Fri Feb 05 19:18:41 IST 2016, 4, 41, Right Hand Menu: IS Alerts-IS Alerts are showing on hover menu., Pass, , Fri Feb 05 19:18:43 IST 2016, 4, 42, Right Hand Menu: IS Alerts-IS Alerts are showing on hover menu., Pass, , Fri Feb 05 19:18:44 IST 2016, 4, 43, Right Hand Menu: IS Alerts-IS Alerts are showing on hover menu., Pass, , Fri Feb 05 19:18:44 IST 2016]
[DEBUG][2016-02-05 19:18:44,788][com.java.ImportnExport.ExportTestResultsExcel] [  222] - testResultPath = D:\BankersDashboard/TestReports/Test Results_BankersDashBoard_020516_191539_IE10_Any Bank USA.xls
[DEBUG][2016-02-05 19:18:44,788][com.java.ImportnExport.ExportTestResultsExcel] [  223] - browser is------------IE10
[DEBUG][2016-02-05 19:18:44,790][com.java.ImportnExport.ExportTestResultsExcel] [  270] - result.size() = 252
[DEBUG][2016-02-05 19:18:44,790][com.java.ImportnExport.ExportTestResultsExcel] [  274] - No of rows in sheet=2
[DEBUG][2016-02-05 19:18:44,790][com.java.ImportnExport.ExportTestResultsExcel] [  301] - ..in export..4
[DEBUG][2016-02-05 19:18:44,790][com.java.ImportnExport.ExportTestResultsExcel] [  301] - ..in export..Right Hand Menu: IS Alerts-IS Alerts are showing on hover menu.
[DEBUG][2016-02-05 19:18:44,790][com.java.ImportnExport.ExportTestResultsExcel] [  301] - ..in export..Pass
[DEBUG][2016-02-05 19:18:44,790][com.java.ImportnExport.ExportTestResultsExcel] [  301] - ..in export..
[DEBUG][2016-02-05 19:18:44,790][com.java.ImportnExport.ExportTestResultsExcel] [  301] - ..in export..Fri Feb 05 19:16:30 IST 2016
[INFO ][2016-02-05 19:18:44,792][com.java.SeleniumDriver] [ 1337] - out loop:1 size:3 TestCases:[1, 4, 8] testcases:[1, 4, 8]
[INFO ][2016-02-05 19:18:44,793][com.java.ImportnExport.ImportTestDataDetailsExcel] [   49] - test data details path===== D:\BankersDashboard\TestInputs\TestData.xls
[INFO ][2016-02-05 19:19:02,354][com.java.SeleniumDriver] [  856] - ------------------------------------------
[INFO ][2016-02-05 19:19:02,354][com.java.SeleniumDriver] [  857] - Test case being Executed: 8
[INFO ][2016-02-05 19:19:02,354][com.java.SeleniumDriver] [  869] - Test step:1
[INFO ][2016-02-05 19:19:02,354][com.java.SeleniumDriver] [  881] - Datavalue is----------Logout
[INFO ][2016-02-05 19:19:02,354][com.java.SeleniumDriver] [  905] - DataField : BTN
[INFO ][2016-02-05 19:19:02,354][com.java.SeleniumDriver] [  907] - DataValue : Logout
[INFO ][2016-02-05 19:19:02,354][com.java.SeleniumDriver] [  913] - <In Set values of the page>
[INFO ][2016-02-05 19:19:02,354][com.java.SeleniumDriver] [  916] - {Data Fields & Data Values Exist}
[INFO ][2016-02-05 19:19:02,354][com.java.SeleniumDriver] [  918] - --------------------------setting values-----------------------------
[INFO ][2016-02-05 19:19:02,354][com.java.SeleniumDriver] [  921] - Action Type : Verify
[INFO ][2016-02-05 19:19:02,354][com.java.TestType] [ 8355] - field= BTN value= Logout
[INFO ][2016-02-05 19:19:02,355][com.java.TestType] [ 6727] - value = Logout
[INFO ][2016-02-05 19:19:02,847][com.java.SeleniumDriver] [  930] -  RESULT true
[INFO ][2016-02-05 19:19:02,847][com.java.SeleniumDriver] [ 1136] - ?   P A S S   ?
[INFO ][2016-02-05 19:19:02,847][com.java.SeleniumDriver] [ 1178] - step change to 3
[INFO ][2016-02-05 19:19:02,848][com.java.SeleniumDriver] [  856] - ------------------------------------------
[INFO ][2016-02-05 19:19:02,848][com.java.SeleniumDriver] [  857] - Test case being Executed: 8
[INFO ][2016-02-05 19:19:02,848][com.java.SeleniumDriver] [  869] - Test step:3
[INFO ][2016-02-05 19:19:02,848][com.java.SeleniumDriver] [  881] - Datavalue is----------Concept#2:1-3
[INFO ][2016-02-05 19:19:02,848][com.java.SeleniumDriver] [  905] - DataField : test
[INFO ][2016-02-05 19:19:02,848][com.java.SeleniumDriver] [  907] - DataValue : Concept#2:1-3
[INFO ][2016-02-05 19:19:02,849][com.java.SeleniumDriver] [  913] - <In Set values of the page>
[INFO ][2016-02-05 19:19:02,849][com.java.SeleniumDriver] [  916] - {Data Fields & Data Values Exist}
[INFO ][2016-02-05 19:19:02,849][com.java.SeleniumDriver] [  918] - --------------------------setting values-----------------------------
[INFO ][2016-02-05 19:19:02,849][com.java.SeleniumDriver] [  921] - Action Type : ExecuteTestCase
[INFO ][2016-02-05 19:19:02,849][com.java.TestType] [  448] - The Concept sheet name is ---------- Concept
[INFO ][2016-02-05 19:19:02,849][com.java.TestType] [  451] - The Concept ID  is ---------- 2
[DEBUG][2016-02-05 19:19:02,849][com.java.TestType] [  455] - Steps being executted in the Concept are: 1:3
[INFO ][2016-02-05 19:19:02,849][com.java.TestType] [  462] - Test data details path ---------- D:\BankersDashboard\TestInputs\TestData.xls
[INFO ][2016-02-05 19:19:02,866][com.java.TestType] [  493] -  str(1) = 2
[INFO ][2016-02-05 19:19:02,866][com.java.TestType] [  496] - Test case Id is---2
[INFO ][2016-02-05 19:19:02,866][com.java.TestType] [  498] - 2
[INFO ][2016-02-05 19:19:02,867][com.java.TestType] [  493] -  str(2) = 1
[INFO ][2016-02-05 19:19:02,868][com.java.TestType] [  493] -  str(1) = 2
[INFO ][2016-02-05 19:19:02,868][com.java.TestType] [  496] - Test case Id is---2
[INFO ][2016-02-05 19:19:02,868][com.java.TestType] [  498] - 2
[INFO ][2016-02-05 19:19:02,868][com.java.TestType] [  493] -  str(2) = 2
[INFO ][2016-02-05 19:19:02,869][com.java.TestType] [  493] -  str(1) = 2
[INFO ][2016-02-05 19:19:02,869][com.java.TestType] [  496] - Test case Id is---2
[INFO ][2016-02-05 19:19:02,869][com.java.TestType] [  498] - 2
[INFO ][2016-02-05 19:19:02,869][com.java.TestType] [  493] -  str(2) = 3
[INFO ][2016-02-05 19:19:02,870][com.java.TestType] [12093] - Looping 1TCID = 2
[DEBUG][2016-02-05 19:19:02,870][com.java.TestType] [12134] - Concept ID:2 :: Step being Executed: 2::1
[INFO ][2016-02-05 19:19:02,870][com.java.TestType] [12172] - dataFields : BNK//select[@id='bank']
[DEBUG][2016-02-05 19:19:02,870][com.java.TestType] [12178] - <In Set values of the page>
[DEBUG][2016-02-05 19:19:02,870][com.java.TestType] [12183] - {Data Fields & Data Values Exist}
[INFO ][2016-02-05 19:19:02,870][com.java.TestType] [12189] - --------------------------setting values-----------------------------
[INFO ][2016-02-05 19:19:02,870][com.java.TestType] [12192] - Action Type : Select
[INFO ][2016-02-05 19:19:02,870][com.java.TestType] [ 6727] - value = PFC
[INFO ][2016-02-05 19:19:04,310][com.java.TestType] [12211] -  RESULT true
[INFO ][2016-02-05 19:19:04,310][com.java.TestType] [12328] - ?   P A S S   ?
[DEBUG][2016-02-05 19:19:04,310][com.java.TestType] [12134] - Concept ID:2 :: Step being Executed: 2::2
[INFO ][2016-02-05 19:19:04,310][com.java.TestType] [12172] - dataFields : LNKLogout
[DEBUG][2016-02-05 19:19:04,310][com.java.TestType] [12178] - <In Set values of the page>
[DEBUG][2016-02-05 19:19:04,310][com.java.TestType] [12183] - {Data Fields & Data Values Exist}
[INFO ][2016-02-05 19:19:04,310][com.java.TestType] [12189] - --------------------------setting values-----------------------------
[INFO ][2016-02-05 19:19:04,310][com.java.TestType] [12192] - Action Type : WaitTime
[DEBUG][2016-02-05 19:19:04,311][com.java.TestType] [ 6541] - sleepTime: 5000
[INFO ][2016-02-05 19:19:09,312][com.java.TestType] [12211] -  RESULT true
[INFO ][2016-02-05 19:19:09,312][com.java.TestType] [12328] - ?   P A S S   ?
[DEBUG][2016-02-05 19:19:09,312][com.java.TestType] [12134] - Concept ID:2 :: Step being Executed: 2::3
[INFO ][2016-02-05 19:19:09,312][com.java.TestType] [12172] - dataFields : LNKLogout
[DEBUG][2016-02-05 19:19:09,312][com.java.TestType] [12178] - <In Set values of the page>
[DEBUG][2016-02-05 19:19:09,312][com.java.TestType] [12183] - {Data Fields & Data Values Exist}
[INFO ][2016-02-05 19:19:09,312][com.java.TestType] [12189] - --------------------------setting values-----------------------------
[INFO ][2016-02-05 19:19:09,312][com.java.TestType] [12192] - Action Type : WaitForElement
[INFO ][2016-02-05 19:19:09,582][com.java.TestType] [12211] -  RESULT true
[INFO ][2016-02-05 19:19:09,582][com.java.TestType] [12328] - ?   P A S S   ?
[INFO ][2016-02-05 19:19:09,582][com.java.TestType] [12399] - Looping End......
[INFO ][2016-02-05 19:19:09,584][com.java.SeleniumDriver] [  930] -  RESULT true
[INFO ][2016-02-05 19:19:09,584][com.java.SeleniumDriver] [ 1136] - ?   P A S S   ?
[INFO ][2016-02-05 19:19:09,584][com.java.SeleniumDriver] [  856] - ------------------------------------------
[INFO ][2016-02-05 19:19:09,585][com.java.SeleniumDriver] [  857] - Test case being Executed: 8
[INFO ][2016-02-05 19:19:09,586][com.java.SeleniumDriver] [  869] - Test step:4
[INFO ][2016-02-05 19:19:09,586][com.java.SeleniumDriver] [  881] - Datavalue is----------null
[DEBUG][2016-02-05 19:19:09,586][com.java.SeleniumDriver] [  899] - Exception: null
[INFO ][2016-02-05 19:19:09,586][com.java.SeleniumDriver] [  905] - DataField : //span[@class="icon-cog2"]&&//a[text()='Customize']&&//a[@data-id="TabletAlerts"]
[INFO ][2016-02-05 19:19:09,586][com.java.SeleniumDriver] [  907] - DataValue : 
[INFO ][2016-02-05 19:19:09,586][com.java.SeleniumDriver] [  913] - <In Set values of the page>
[INFO ][2016-02-05 19:19:09,586][com.java.SeleniumDriver] [  916] - {Data Fields & Data Values Exist}
[INFO ][2016-02-05 19:19:09,586][com.java.SeleniumDriver] [  918] - --------------------------setting values-----------------------------
[INFO ][2016-02-05 19:19:09,586][com.java.SeleniumDriver] [  921] - Action Type : MOUSEOVER
[INFO ][2016-02-05 19:19:58,371][com.java.SeleniumDriver] [  930] -  RESULT true
[INFO ][2016-02-05 19:19:58,372][com.java.SeleniumDriver] [ 1136] - ?   P A S S   ?
[INFO ][2016-02-05 19:19:58,372][com.java.SeleniumDriver] [  856] - ------------------------------------------
[INFO ][2016-02-05 19:19:58,372][com.java.SeleniumDriver] [  857] - Test case being Executed: 8
[INFO ][2016-02-05 19:19:58,372][com.java.SeleniumDriver] [  869] - Test step:5
[INFO ][2016-02-05 19:19:58,372][com.java.SeleniumDriver] [  881] - Datavalue is----------My Alerts
[INFO ][2016-02-05 19:19:58,372][com.java.SeleniumDriver] [  905] - DataField : XPH//span[@class='ui-dialog-title']
[INFO ][2016-02-05 19:19:58,372][com.java.SeleniumDriver] [  907] - DataValue : My Alerts
[INFO ][2016-02-05 19:19:58,372][com.java.SeleniumDriver] [  913] - <In Set values of the page>
[INFO ][2016-02-05 19:19:58,372][com.java.SeleniumDriver] [  916] - {Data Fields & Data Values Exist}
[INFO ][2016-02-05 19:19:58,372][com.java.SeleniumDriver] [  918] - --------------------------setting values-----------------------------
[INFO ][2016-02-05 19:19:58,372][com.java.SeleniumDriver] [  921] - Action Type : verify
[INFO ][2016-02-05 19:19:58,372][com.java.TestType] [ 8355] - field= XPH//span[@class='ui-dialog-title'] value= My Alerts
[INFO ][2016-02-05 19:19:58,373][com.java.TestType] [ 6727] - value = My Alerts
[INFO ][2016-02-05 19:19:59,203][com.java.SeleniumDriver] [  930] -  RESULT true
[INFO ][2016-02-05 19:19:59,203][com.java.SeleniumDriver] [ 1136] - ?   P A S S   ?
[INFO ][2016-02-05 19:19:59,203][com.java.SeleniumDriver] [  856] - ------------------------------------------
[INFO ][2016-02-05 19:19:59,203][com.java.SeleniumDriver] [  857] - Test case being Executed: 8
[INFO ][2016-02-05 19:19:59,203][com.java.SeleniumDriver] [  869] - Test step:6
[INFO ][2016-02-05 19:19:59,203][com.java.SeleniumDriver] [  881] - Datavalue is----------null
[DEBUG][2016-02-05 19:19:59,203][com.java.SeleniumDriver] [  899] - Exception: null
[INFO ][2016-02-05 19:19:59,203][com.java.SeleniumDriver] [  905] - DataField : BTNframeDialogContent
[INFO ][2016-02-05 19:19:59,204][com.java.SeleniumDriver] [  907] - DataValue : 
[INFO ][2016-02-05 19:19:59,204][com.java.SeleniumDriver] [  913] - <In Set values of the page>
[INFO ][2016-02-05 19:19:59,204][com.java.SeleniumDriver] [  916] - {Data Fields & Data Values Exist}
[INFO ][2016-02-05 19:19:59,204][com.java.SeleniumDriver] [  918] - --------------------------setting values-----------------------------
[INFO ][2016-02-05 19:19:59,204][com.java.SeleniumDriver] [  921] - Action Type : SELECTFRAME
[INFO ][2016-02-05 19:20:01,379][com.java.SeleniumDriver] [  930] -  RESULT true
[INFO ][2016-02-05 19:20:01,379][com.java.SeleniumDriver] [ 1136] - ?   P A S S   ?
[INFO ][2016-02-05 19:20:01,379][com.java.SeleniumDriver] [  856] - ------------------------------------------
[INFO ][2016-02-05 19:20:01,379][com.java.SeleniumDriver] [  857] - Test case being Executed: 8
[INFO ][2016-02-05 19:20:01,379][com.java.SeleniumDriver] [  869] - Test step:7
[INFO ][2016-02-05 19:20:01,379][com.java.SeleniumDriver] [  881] - Datavalue is----------null
[DEBUG][2016-02-05 19:20:01,379][com.java.SeleniumDriver] [  899] - Exception: null
[INFO ][2016-02-05 19:20:01,379][com.java.SeleniumDriver] [  905] - DataField : XPH//span[contains(text(),'Balance Sheet')]
[INFO ][2016-02-05 19:20:01,379][com.java.SeleniumDriver] [  907] - DataValue : 
[INFO ][2016-02-05 19:20:01,380][com.java.SeleniumDriver] [  913] - <In Set values of the page>
[INFO ][2016-02-05 19:20:01,380][com.java.SeleniumDriver] [  916] - {Data Fields & Data Values Exist}
[INFO ][2016-02-05 19:20:01,380][com.java.SeleniumDriver] [  918] - --------------------------setting values-----------------------------
[INFO ][2016-02-05 19:20:01,380][com.java.SeleniumDriver] [  921] - Action Type : CLICK
[INFO ][2016-02-05 19:20:01,380][com.java.TestType] [ 7122] - Field ::XPH//span[contains(text(),'Balance Sheet')]
[INFO ][2016-02-05 19:20:01,380][com.java.TestType] [ 6727] - value = 
[INFO ][2016-02-05 19:20:02,380][com.java.TestType] [ 7299] - BEFORE CLICK
[INFO ][2016-02-05 19:20:03,864][com.java.TestType] [ 7307] - Unable to click the object BalanceSheet
[INFO ][2016-02-05 19:20:03,864][com.java.SeleniumDriver] [  930] -  RESULT true
[INFO ][2016-02-05 19:20:03,864][com.java.SeleniumDriver] [ 1136] - ?   P A S S   ?
[INFO ][2016-02-05 19:20:03,864][com.java.SeleniumDriver] [  856] - ------------------------------------------
[INFO ][2016-02-05 19:20:03,864][com.java.SeleniumDriver] [  857] - Test case being Executed: 8
[INFO ][2016-02-05 19:20:03,864][com.java.SeleniumDriver] [  869] - Test step:8
[INFO ][2016-02-05 19:20:03,864][com.java.SeleniumDriver] [  881] - Datavalue is----------5
[INFO ][2016-02-05 19:20:03,864][com.java.SeleniumDriver] [  905] - DataField : test
[INFO ][2016-02-05 19:20:03,864][com.java.SeleniumDriver] [  907] - DataValue : 5
[INFO ][2016-02-05 19:20:03,864][com.java.SeleniumDriver] [  913] - <In Set values of the page>
[INFO ][2016-02-05 19:20:03,864][com.java.SeleniumDriver] [  916] - {Data Fields & Data Values Exist}
[INFO ][2016-02-05 19:20:03,864][com.java.SeleniumDriver] [  918] - --------------------------setting values-----------------------------
[INFO ][2016-02-05 19:20:03,864][com.java.SeleniumDriver] [  921] - Action Type : WAITTIME
[DEBUG][2016-02-05 19:20:03,865][com.java.TestType] [ 6541] - sleepTime: 5000
[INFO ][2016-02-05 19:20:08,866][com.java.SeleniumDriver] [  930] -  RESULT true
[INFO ][2016-02-05 19:20:08,866][com.java.SeleniumDriver] [ 1136] - ?   P A S S   ?
[INFO ][2016-02-05 19:20:08,866][com.java.SeleniumDriver] [  856] - ------------------------------------------
[INFO ][2016-02-05 19:20:08,866][com.java.SeleniumDriver] [  857] - Test case being Executed: 8
[INFO ][2016-02-05 19:20:08,866][com.java.SeleniumDriver] [  869] - Test step:9
[INFO ][2016-02-05 19:20:08,866][com.java.SeleniumDriver] [  881] - Datavalue is----------4.00
[INFO ][2016-02-05 19:20:08,866][com.java.SeleniumDriver] [  905] - DataField : TXT//table[@id="BalSheetTbl"]/tbody//td[4]/input[@class="perVal"]
[INFO ][2016-02-05 19:20:08,866][com.java.SeleniumDriver] [  907] - DataValue : 4.00
[INFO ][2016-02-05 19:20:08,866][com.java.SeleniumDriver] [  913] - <In Set values of the page>
[INFO ][2016-02-05 19:20:08,866][com.java.SeleniumDriver] [  916] - {Data Fields & Data Values Exist}
[INFO ][2016-02-05 19:20:08,866][com.java.SeleniumDriver] [  918] - --------------------------setting values-----------------------------
[INFO ][2016-02-05 19:20:08,866][com.java.SeleniumDriver] [  921] - Action Type : CLEARANDENTER
[INFO ][2016-02-05 19:20:09,914][com.java.TestType] [ 6727] - value = 4.00
[INFO ][2016-02-05 19:20:14,339][com.java.SeleniumDriver] [  930] -  RESULT true
[INFO ][2016-02-05 19:20:14,339][com.java.SeleniumDriver] [ 1136] - ?   P A S S   ?
[INFO ][2016-02-05 19:20:14,339][com.java.SeleniumDriver] [  856] - ------------------------------------------
[INFO ][2016-02-05 19:20:14,339][com.java.SeleniumDriver] [  857] - Test case being Executed: 8
[INFO ][2016-02-05 19:20:14,339][com.java.SeleniumDriver] [  869] - Test step:10
[INFO ][2016-02-05 19:20:14,339][com.java.SeleniumDriver] [  881] - Datavalue is----------null
[DEBUG][2016-02-05 19:20:14,339][com.java.SeleniumDriver] [  899] - Exception: null
[INFO ][2016-02-05 19:20:14,339][com.java.SeleniumDriver] [  905] - DataField : BTNparent
[INFO ][2016-02-05 19:20:14,339][com.java.SeleniumDriver] [  907] - DataValue : 
[INFO ][2016-02-05 19:20:14,340][com.java.SeleniumDriver] [  913] - <In Set values of the page>
[INFO ][2016-02-05 19:20:14,340][com.java.SeleniumDriver] [  916] - {Data Fields & Data Values Exist}
[INFO ][2016-02-05 19:20:14,340][com.java.SeleniumDriver] [  918] - --------------------------setting values-----------------------------
[INFO ][2016-02-05 19:20:14,340][com.java.SeleniumDriver] [  921] - Action Type : SELECTFRAME
[INFO ][2016-02-05 19:20:14,415][com.java.SeleniumDriver] [  930] -  RESULT true
[INFO ][2016-02-05 19:20:14,415][com.java.SeleniumDriver] [ 1136] - ?   P A S S   ?
[INFO ][2016-02-05 19:20:14,415][com.java.SeleniumDriver] [  856] - ------------------------------------------
[INFO ][2016-02-05 19:20:14,415][com.java.SeleniumDriver] [  857] - Test case being Executed: 8
[INFO ][2016-02-05 19:20:14,415][com.java.SeleniumDriver] [  869] - Test step:11
[INFO ][2016-02-05 19:20:14,415][com.java.SeleniumDriver] [  881] - Datavalue is----------null
[DEBUG][2016-02-05 19:20:14,415][com.java.SeleniumDriver] [  899] - Exception: null
[INFO ][2016-02-05 19:20:14,415][com.java.SeleniumDriver] [  905] - DataField : HDN//span[contains(text(),'Save')]
[INFO ][2016-02-05 19:20:14,415][com.java.SeleniumDriver] [  907] - DataValue : 
[INFO ][2016-02-05 19:20:14,415][com.java.SeleniumDriver] [  913] - <In Set values of the page>
[INFO ][2016-02-05 19:20:14,415][com.java.SeleniumDriver] [  916] - {Data Fields & Data Values Exist}
[INFO ][2016-02-05 19:20:14,416][com.java.SeleniumDriver] [  918] - --------------------------setting values-----------------------------
[INFO ][2016-02-05 19:20:14,416][com.java.SeleniumDriver] [  921] - Action Type : CLICK
[INFO ][2016-02-05 19:20:14,416][com.java.TestType] [ 7122] - Field ::HDN//span[contains(text(),'Save')]
[INFO ][2016-02-05 19:20:14,416][com.java.TestType] [ 6727] - value = 
[INFO ][2016-02-05 19:20:18,086][com.java.SeleniumDriver] [  930] -  RESULT true
[INFO ][2016-02-05 19:20:18,086][com.java.SeleniumDriver] [ 1136] - ?   P A S S   ?
[INFO ][2016-02-05 19:20:18,086][com.java.SeleniumDriver] [  856] - ------------------------------------------
[INFO ][2016-02-05 19:20:18,086][com.java.SeleniumDriver] [  857] - Test case being Executed: 8
[INFO ][2016-02-05 19:20:18,086][com.java.SeleniumDriver] [  869] - Test step:12
[INFO ][2016-02-05 19:20:18,086][com.java.SeleniumDriver] [  881] - Datavalue is----------null
[DEBUG][2016-02-05 19:20:18,086][com.java.SeleniumDriver] [  899] - Exception: null
[INFO ][2016-02-05 19:20:18,086][com.java.SeleniumDriver] [  905] - DataField : XPH//div[@class="menu"]//span[@class='glyphicon glyphicon-bell']
[INFO ][2016-02-05 19:20:18,086][com.java.SeleniumDriver] [  907] - DataValue : 
[INFO ][2016-02-05 19:20:18,087][com.java.SeleniumDriver] [  913] - <In Set values of the page>
[INFO ][2016-02-05 19:20:18,087][com.java.SeleniumDriver] [  916] - {Data Fields & Data Values Exist}
[INFO ][2016-02-05 19:20:18,087][com.java.SeleniumDriver] [  918] - --------------------------setting values-----------------------------
[INFO ][2016-02-05 19:20:18,087][com.java.SeleniumDriver] [  921] - Action Type : CLICK
[INFO ][2016-02-05 19:20:18,087][com.java.TestType] [ 7122] - Field ::XPH//div[@class="menu"]//span[@class='glyphicon glyphicon-bell']
[INFO ][2016-02-05 19:20:18,087][com.java.TestType] [ 6727] - value = 
[INFO ][2016-02-05 19:20:19,087][com.java.TestType] [ 7299] - BEFORE CLICK
[INFO ][2016-02-05 19:20:22,355][com.java.TestType] [ 7307] - Unable to click the object Click on  bell symbol
[INFO ][2016-02-05 19:20:22,355][com.java.SeleniumDriver] [  930] -  RESULT true
[INFO ][2016-02-05 19:20:22,355][com.java.SeleniumDriver] [ 1136] - ?   P A S S   ?
[INFO ][2016-02-05 19:20:22,355][com.java.SeleniumDriver] [  856] - ------------------------------------------
[INFO ][2016-02-05 19:20:22,355][com.java.SeleniumDriver] [  857] - Test case being Executed: 8
[INFO ][2016-02-05 19:20:22,355][com.java.SeleniumDriver] [  869] - Test step:13
[INFO ][2016-02-05 19:20:22,355][com.java.SeleniumDriver] [  881] - Datavalue is----------null
[DEBUG][2016-02-05 19:20:22,355][com.java.SeleniumDriver] [  899] - Exception: null
[INFO ][2016-02-05 19:20:22,355][com.java.SeleniumDriver] [  905] - DataField : XPH//div[contains(@class,'rightMenuContainer')]//div[@class="menu-drawer"]
[INFO ][2016-02-05 19:20:22,355][com.java.SeleniumDriver] [  907] - DataValue : 
[INFO ][2016-02-05 19:20:22,355][com.java.SeleniumDriver] [  913] - <In Set values of the page>
[INFO ][2016-02-05 19:20:22,355][com.java.SeleniumDriver] [  916] - {Data Fields & Data Values Exist}
[INFO ][2016-02-05 19:20:22,355][com.java.SeleniumDriver] [  918] - --------------------------setting values-----------------------------
[INFO ][2016-02-05 19:20:22,356][com.java.SeleniumDriver] [  921] - Action Type : CLICK
[INFO ][2016-02-05 19:20:22,356][com.java.TestType] [ 7122] - Field ::XPH//div[contains(@class,'rightMenuContainer')]//div[@class="menu-drawer"]
[INFO ][2016-02-05 19:20:22,356][com.java.TestType] [ 6727] - value = 
[INFO ][2016-02-05 19:20:23,356][com.java.TestType] [ 7299] - BEFORE CLICK
[INFO ][2016-02-05 19:20:26,105][com.java.TestType] [ 7307] - Unable to click the object Click on the Today's Alert Page
[INFO ][2016-02-05 19:20:26,105][com.java.SeleniumDriver] [  930] -  RESULT true
[INFO ][2016-02-05 19:20:26,105][com.java.SeleniumDriver] [ 1136] - ?   P A S S   ?
[INFO ][2016-02-05 19:20:26,105][com.java.SeleniumDriver] [  856] - ------------------------------------------
[INFO ][2016-02-05 19:20:26,105][com.java.SeleniumDriver] [  857] - Test case being Executed: 8
[INFO ][2016-02-05 19:20:26,105][com.java.SeleniumDriver] [  869] - Test step:14
[INFO ][2016-02-05 19:20:26,105][com.java.SeleniumDriver] [  881] - Datavalue is----------//div[@class="menu-drawer"]//span
[INFO ][2016-02-05 19:20:26,105][com.java.SeleniumDriver] [  905] - DataField : BTN
[INFO ][2016-02-05 19:20:26,105][com.java.SeleniumDriver] [  907] - DataValue : //div[@class="menu-drawer"]//span
[INFO ][2016-02-05 19:20:26,105][com.java.SeleniumDriver] [  913] - <In Set values of the page>
[INFO ][2016-02-05 19:20:26,105][com.java.SeleniumDriver] [  916] - {Data Fields & Data Values Exist}
[INFO ][2016-02-05 19:20:26,105][com.java.SeleniumDriver] [  918] - --------------------------setting values-----------------------------
[INFO ][2016-02-05 19:20:26,106][com.java.SeleniumDriver] [  921] - Action Type : VERIFY
[INFO ][2016-02-05 19:20:26,106][com.java.TestType] [ 8355] - field= BTN value= //div[@class="menu-drawer"]//span
[INFO ][2016-02-05 19:20:26,106][com.java.TestType] [ 6727] - value = //div[@class="menu-drawer"]//span
[INFO ][2016-02-05 19:20:26,639][com.java.SeleniumDriver] [  930] -  RESULT true
[INFO ][2016-02-05 19:20:26,639][com.java.SeleniumDriver] [ 1136] - ?   P A S S   ?
[INFO ][2016-02-05 19:20:26,639][com.java.SeleniumDriver] [  856] - ------------------------------------------
[INFO ][2016-02-05 19:20:26,639][com.java.SeleniumDriver] [  857] - Test case being Executed: 8
[INFO ][2016-02-05 19:20:26,639][com.java.SeleniumDriver] [  869] - Test step:15
[INFO ][2016-02-05 19:20:26,640][com.java.SeleniumDriver] [  881] - Datavalue is----------//div[@id='isAlertsHeading']/h4
[INFO ][2016-02-05 19:20:26,640][com.java.SeleniumDriver] [  905] - DataField : BTN
[INFO ][2016-02-05 19:20:26,640][com.java.SeleniumDriver] [  907] - DataValue : //div[@id='isAlertsHeading']/h4
[INFO ][2016-02-05 19:20:26,640][com.java.SeleniumDriver] [  913] - <In Set values of the page>
[INFO ][2016-02-05 19:20:26,640][com.java.SeleniumDriver] [  916] - {Data Fields & Data Values Exist}
[INFO ][2016-02-05 19:20:26,640][com.java.SeleniumDriver] [  918] - --------------------------setting values-----------------------------
[INFO ][2016-02-05 19:20:26,640][com.java.SeleniumDriver] [  921] - Action Type : VERIFY
[INFO ][2016-02-05 19:20:26,640][com.java.TestType] [ 8355] - field= BTN value= //div[@id='isAlertsHeading']/h4
[INFO ][2016-02-05 19:20:26,640][com.java.TestType] [ 6727] - value = //div[@id='isAlertsHeading']/h4
[INFO ][2016-02-05 19:20:27,153][com.java.SeleniumDriver] [  930] -  RESULT true
[INFO ][2016-02-05 19:20:27,153][com.java.SeleniumDriver] [ 1136] - ?   P A S S   ?
[INFO ][2016-02-05 19:20:27,153][com.java.SeleniumDriver] [  856] - ------------------------------------------
[INFO ][2016-02-05 19:20:27,153][com.java.SeleniumDriver] [  857] - Test case being Executed: 8
[INFO ][2016-02-05 19:20:27,153][com.java.SeleniumDriver] [  869] - Test step:16
[INFO ][2016-02-05 19:20:27,153][com.java.SeleniumDriver] [  881] - Datavalue is----------null
[DEBUG][2016-02-05 19:20:27,154][com.java.SeleniumDriver] [  899] - Exception: null
[INFO ][2016-02-05 19:20:27,154][com.java.SeleniumDriver] [  905] - DataField : XPH//div[@class="panel panel-default ng-scope"]/div[@id='bsAlertsHeading']/h4
[INFO ][2016-02-05 19:20:27,154][com.java.SeleniumDriver] [  907] - DataValue : 
[INFO ][2016-02-05 19:20:27,154][com.java.SeleniumDriver] [  913] - <In Set values of the page>
[INFO ][2016-02-05 19:20:27,154][com.java.SeleniumDriver] [  916] - {Data Fields & Data Values Exist}
[INFO ][2016-02-05 19:20:27,154][com.java.SeleniumDriver] [  918] - --------------------------setting values-----------------------------
[INFO ][2016-02-05 19:20:27,154][com.java.SeleniumDriver] [  921] - Action Type : CLICK
[INFO ][2016-02-05 19:20:27,154][com.java.TestType] [ 7122] - Field ::XPH//div[@class="panel panel-default ng-scope"]/div[@id='bsAlertsHeading']/h4
[INFO ][2016-02-05 19:20:27,154][com.java.TestType] [ 6727] - value = 
[INFO ][2016-02-05 19:20:28,154][com.java.TestType] [ 7299] - BEFORE CLICK
[INFO ][2016-02-05 19:20:30,864][com.java.TestType] [ 7307] - Unable to click the object Click on Income Statement tab
[INFO ][2016-02-05 19:20:30,864][com.java.SeleniumDriver] [  930] -  RESULT true
[INFO ][2016-02-05 19:20:30,864][com.java.SeleniumDriver] [ 1136] - ?   P A S S   ?
[INFO ][2016-02-05 19:20:30,864][com.java.SeleniumDriver] [  856] - ------------------------------------------
[INFO ][2016-02-05 19:20:30,864][com.java.SeleniumDriver] [  857] - Test case being Executed: 8
[INFO ][2016-02-05 19:20:30,864][com.java.SeleniumDriver] [  869] - Test step:17
[INFO ][2016-02-05 19:20:30,864][com.java.SeleniumDriver] [  881] - Datavalue is----------5
[INFO ][2016-02-05 19:20:30,864][com.java.SeleniumDriver] [  905] - DataField : null
[INFO ][2016-02-05 19:20:30,864][com.java.SeleniumDriver] [  907] - DataValue : 5
[INFO ][2016-02-05 19:20:30,864][com.java.SeleniumDriver] [  913] - <In Set values of the page>
[INFO ][2016-02-05 19:20:30,864][com.java.SeleniumDriver] [  916] - {Data Fields & Data Values Exist}
[INFO ][2016-02-05 19:20:30,864][com.java.SeleniumDriver] [  918] - --------------------------setting values-----------------------------
[INFO ][2016-02-05 19:20:30,865][com.java.SeleniumDriver] [  921] - Action Type : WAITTIME
[DEBUG][2016-02-05 19:20:30,865][com.java.TestType] [ 6541] - sleepTime: 5000
[INFO ][2016-02-05 19:20:35,865][com.java.SeleniumDriver] [  930] -  RESULT true
[INFO ][2016-02-05 19:20:35,865][com.java.SeleniumDriver] [ 1136] - ?   P A S S   ?
[INFO ][2016-02-05 19:20:35,865][com.java.SeleniumDriver] [  856] - ------------------------------------------
[INFO ][2016-02-05 19:20:35,865][com.java.SeleniumDriver] [  857] - Test case being Executed: 8
[INFO ][2016-02-05 19:20:35,865][com.java.SeleniumDriver] [  869] - Test step:18
[INFO ][2016-02-05 19:20:35,865][com.java.SeleniumDriver] [  881] - Datavalue is----------//div[@id='bsAlertsContent']//div[@class="ng-binding"]
[INFO ][2016-02-05 19:20:35,865][com.java.SeleniumDriver] [  905] - DataField : BTN
[INFO ][2016-02-05 19:20:35,865][com.java.SeleniumDriver] [  907] - DataValue : //div[@id='bsAlertsContent']//div[@class="ng-binding"]
[INFO ][2016-02-05 19:20:35,865][com.java.SeleniumDriver] [  913] - <In Set values of the page>
[INFO ][2016-02-05 19:20:35,865][com.java.SeleniumDriver] [  916] - {Data Fields & Data Values Exist}
[INFO ][2016-02-05 19:20:35,865][com.java.SeleniumDriver] [  918] - --------------------------setting values-----------------------------
[INFO ][2016-02-05 19:20:35,865][com.java.SeleniumDriver] [  921] - Action Type : VERIFY
[INFO ][2016-02-05 19:20:35,866][com.java.TestType] [ 8355] - field= BTN value= //div[@id='bsAlertsContent']//div[@class="ng-binding"]
[INFO ][2016-02-05 19:20:35,866][com.java.TestType] [ 6727] - value = //div[@id='bsAlertsContent']//div[@class="ng-binding"]
[INFO ][2016-02-05 19:20:36,428][com.java.SeleniumDriver] [  930] -  RESULT true
[INFO ][2016-02-05 19:20:36,428][com.java.SeleniumDriver] [ 1136] - ?   P A S S   ?
[INFO ][2016-02-05 19:20:36,428][com.java.SeleniumDriver] [  856] - ------------------------------------------
[INFO ][2016-02-05 19:20:36,428][com.java.SeleniumDriver] [  857] - Test case being Executed: 8
[INFO ][2016-02-05 19:20:36,428][com.java.SeleniumDriver] [  869] - Test step:19
[INFO ][2016-02-05 19:20:36,428][com.java.SeleniumDriver] [  881] - Datavalue is----------null
[DEBUG][2016-02-05 19:20:36,428][com.java.SeleniumDriver] [  899] - Exception: null
[INFO ][2016-02-05 19:20:36,428][com.java.SeleniumDriver] [  905] - DataField : XPH//div[@class="panel panel-default ng-scope"]/div[@id='bsAlertsHeading']/h4
[INFO ][2016-02-05 19:20:36,428][com.java.SeleniumDriver] [  907] - DataValue : 
[INFO ][2016-02-05 19:20:36,428][com.java.SeleniumDriver] [  913] - <In Set values of the page>
[INFO ][2016-02-05 19:20:36,428][com.java.SeleniumDriver] [  916] - {Data Fields & Data Values Exist}
[INFO ][2016-02-05 19:20:36,428][com.java.SeleniumDriver] [  918] - --------------------------setting values-----------------------------
[INFO ][2016-02-05 19:20:36,428][com.java.SeleniumDriver] [  921] - Action Type : CLICK
[INFO ][2016-02-05 19:20:36,429][com.java.TestType] [ 7122] - Field ::XPH//div[@class="panel panel-default ng-scope"]/div[@id='bsAlertsHeading']/h4
[INFO ][2016-02-05 19:20:36,429][com.java.TestType] [ 6727] - value = 
[INFO ][2016-02-05 19:20:37,430][com.java.TestType] [ 7299] - BEFORE CLICK
[INFO ][2016-02-05 19:20:39,912][com.java.TestType] [ 7307] - Unable to click the object Click on Income Statement tab
[INFO ][2016-02-05 19:20:39,912][com.java.SeleniumDriver] [  930] -  RESULT true
[INFO ][2016-02-05 19:20:39,912][com.java.SeleniumDriver] [ 1136] - ?   P A S S   ?
[INFO ][2016-02-05 19:20:39,912][com.java.SeleniumDriver] [  856] - ------------------------------------------
[INFO ][2016-02-05 19:20:39,912][com.java.SeleniumDriver] [  857] - Test case being Executed: 8
[INFO ][2016-02-05 19:20:39,912][com.java.SeleniumDriver] [  869] - Test step:20
[INFO ][2016-02-05 19:20:39,912][com.java.SeleniumDriver] [  881] - Datavalue is----------//*[@id='bsAlertsContent']/div/div[1]/div[1]
[INFO ][2016-02-05 19:20:39,912][com.java.SeleniumDriver] [  905] - DataField : MSG
[INFO ][2016-02-05 19:20:39,912][com.java.SeleniumDriver] [  907] - DataValue : //*[@id='bsAlertsContent']/div/div[1]/div[1]
[INFO ][2016-02-05 19:20:39,912][com.java.SeleniumDriver] [  913] - <In Set values of the page>
[INFO ][2016-02-05 19:20:39,912][com.java.SeleniumDriver] [  916] - {Data Fields & Data Values Exist}
[INFO ][2016-02-05 19:20:39,912][com.java.SeleniumDriver] [  918] - --------------------------setting values-----------------------------
[INFO ][2016-02-05 19:20:39,912][com.java.SeleniumDriver] [  921] - Action Type : VERIFYNOTPRESENT
[INFO ][2016-02-05 19:20:39,913][com.java.TestType] [10177] - field= MSG value= //*[@id='bsAlertsContent']/div/div[1]/div[1]
[INFO ][2016-02-05 19:20:40,106][com.java.SeleniumDriver] [  930] -  RESULT true
[INFO ][2016-02-05 19:20:40,106][com.java.SeleniumDriver] [ 1136] - ?   P A S S   ?
[INFO ][2016-02-05 19:20:40,106][com.java.SeleniumDriver] [  856] - ------------------------------------------
[INFO ][2016-02-05 19:20:40,106][com.java.SeleniumDriver] [  857] - Test case being Executed: 8
[INFO ][2016-02-05 19:20:40,106][com.java.SeleniumDriver] [  869] - Test step:21
[INFO ][2016-02-05 19:20:40,106][com.java.SeleniumDriver] [  881] - Datavalue is----------numberofupdatesbeforerefreshing
[INFO ][2016-02-05 19:20:40,106][com.java.SeleniumDriver] [  905] - DataField : XPH//div[@id="bsAlertsHeading"]//span[@class="badge pull-right ng-binding"]
[INFO ][2016-02-05 19:20:40,108][com.java.SeleniumDriver] [  907] - DataValue : numberofupdatesbeforerefreshing
[INFO ][2016-02-05 19:20:40,108][com.java.SeleniumDriver] [  913] - <In Set values of the page>
[INFO ][2016-02-05 19:20:40,108][com.java.SeleniumDriver] [  916] - {Data Fields & Data Values Exist}
[INFO ][2016-02-05 19:20:40,108][com.java.SeleniumDriver] [  918] - --------------------------setting values-----------------------------
[INFO ][2016-02-05 19:20:40,108][com.java.SeleniumDriver] [  921] - Action Type : STOREVALUE
[INFO ][2016-02-05 19:20:40,108][com.java.TestType] [ 9858] - field= XPH//div[@id="bsAlertsHeading"]//span[@class="badge pull-right ng-binding"]
[DEBUG][2016-02-05 19:20:41,075][com.java.TestType] [ 9913] - Key:: numberofupdatesbeforerefreshing   Value:: 4
[INFO ][2016-02-05 19:20:41,075][com.java.SeleniumDriver] [  930] -  RESULT true
[INFO ][2016-02-05 19:20:41,075][com.java.SeleniumDriver] [ 1136] - ?   P A S S   ?
[INFO ][2016-02-05 19:20:41,075][com.java.SeleniumDriver] [  856] - ------------------------------------------
[INFO ][2016-02-05 19:20:41,075][com.java.SeleniumDriver] [  857] - Test case being Executed: 8
[INFO ][2016-02-05 19:20:41,075][com.java.SeleniumDriver] [  869] - Test step:22
[INFO ][2016-02-05 19:20:41,075][com.java.SeleniumDriver] [  881] - Datavalue is----------null
[DEBUG][2016-02-05 19:20:41,075][com.java.SeleniumDriver] [  899] - Exception: null
[INFO ][2016-02-05 19:20:41,076][com.java.SeleniumDriver] [  905] - DataField : HDN//span[@class='glyphicon glyphicon-refresh ng-scope']
[INFO ][2016-02-05 19:20:41,076][com.java.SeleniumDriver] [  907] - DataValue : 
[INFO ][2016-02-05 19:20:41,076][com.java.SeleniumDriver] [  913] - <In Set values of the page>
[INFO ][2016-02-05 19:20:41,076][com.java.SeleniumDriver] [  916] - {Data Fields & Data Values Exist}
[INFO ][2016-02-05 19:20:41,076][com.java.SeleniumDriver] [  918] - --------------------------setting values-----------------------------
[INFO ][2016-02-05 19:20:41,076][com.java.SeleniumDriver] [  921] - Action Type : CLICK
[INFO ][2016-02-05 19:20:41,076][com.java.TestType] [ 7122] - Field ::HDN//span[@class='glyphicon glyphicon-refresh ng-scope']
[INFO ][2016-02-05 19:20:41,076][com.java.TestType] [ 6727] - value = 
[INFO ][2016-02-05 19:20:42,975][com.java.SeleniumDriver] [  930] -  RESULT true
[INFO ][2016-02-05 19:20:42,976][com.java.SeleniumDriver] [ 1136] - ?   P A S S   ?
[INFO ][2016-02-05 19:20:42,976][com.java.SeleniumDriver] [  856] - ------------------------------------------
[INFO ][2016-02-05 19:20:42,976][com.java.SeleniumDriver] [  857] - Test case being Executed: 8
[INFO ][2016-02-05 19:20:42,976][com.java.SeleniumDriver] [  869] - Test step:23
[INFO ][2016-02-05 19:20:42,976][com.java.SeleniumDriver] [  881] - Datavalue is----------5
[INFO ][2016-02-05 19:20:42,976][com.java.SeleniumDriver] [  905] - DataField : null
[INFO ][2016-02-05 19:20:42,976][com.java.SeleniumDriver] [  907] - DataValue : 5
[INFO ][2016-02-05 19:20:42,976][com.java.SeleniumDriver] [  913] - <In Set values of the page>
[INFO ][2016-02-05 19:20:42,976][com.java.SeleniumDriver] [  916] - {Data Fields & Data Values Exist}
[INFO ][2016-02-05 19:20:42,976][com.java.SeleniumDriver] [  918] - --------------------------setting values-----------------------------
[INFO ][2016-02-05 19:20:42,976][com.java.SeleniumDriver] [  921] - Action Type : WAITTIME
[DEBUG][2016-02-05 19:20:42,976][com.java.TestType] [ 6541] - sleepTime: 5000
[INFO ][2016-02-05 19:20:47,977][com.java.SeleniumDriver] [  930] -  RESULT true
[INFO ][2016-02-05 19:20:47,977][com.java.SeleniumDriver] [ 1136] - ?   P A S S   ?
[INFO ][2016-02-05 19:20:47,977][com.java.SeleniumDriver] [  856] - ------------------------------------------
[INFO ][2016-02-05 19:20:47,977][com.java.SeleniumDriver] [  857] - Test case being Executed: 8
[INFO ][2016-02-05 19:20:47,977][com.java.SeleniumDriver] [  869] - Test step:24
[INFO ][2016-02-05 19:20:47,977][com.java.SeleniumDriver] [  881] - Datavalue is----------HMVnumberofupdatesbeforerefreshing
[INFO ][2016-02-05 19:20:47,977][com.java.SeleniumDriver] [  905] - DataField : XPH//div[@id="bsAlertsHeading"]//span[@class="badge pull-right ng-binding"]
[INFO ][2016-02-05 19:20:47,977][com.java.SeleniumDriver] [  907] - DataValue : HMVnumberofupdatesbeforerefreshing
[INFO ][2016-02-05 19:20:47,977][com.java.SeleniumDriver] [  913] - <In Set values of the page>
[INFO ][2016-02-05 19:20:47,977][com.java.SeleniumDriver] [  916] - {Data Fields & Data Values Exist}
[INFO ][2016-02-05 19:20:47,977][com.java.SeleniumDriver] [  918] - --------------------------setting values-----------------------------
[INFO ][2016-02-05 19:20:47,977][com.java.SeleniumDriver] [  921] - Action Type : VERIFY
[INFO ][2016-02-05 19:20:47,978][com.java.TestType] [ 8355] - field= XPH//div[@id="bsAlertsHeading"]//span[@class="badge pull-right ng-binding"] value= HMVnumberofupdatesbeforerefreshing
[INFO ][2016-02-05 19:20:47,978][com.java.TestType] [ 6727] - value = 4
[INFO ][2016-02-05 19:20:49,015][com.java.SeleniumDriver] [  930] -  RESULT true
[INFO ][2016-02-05 19:20:49,015][com.java.SeleniumDriver] [ 1136] - ?   P A S S   ?
[INFO ][2016-02-05 19:20:49,015][com.java.SeleniumDriver] [  856] - ------------------------------------------
[INFO ][2016-02-05 19:20:49,016][com.java.SeleniumDriver] [  857] - Test case being Executed: 8
[INFO ][2016-02-05 19:20:49,016][com.java.SeleniumDriver] [  869] - Test step:25
[INFO ][2016-02-05 19:20:49,016][com.java.SeleniumDriver] [  881] - Datavalue is----------BalanceSheet
[INFO ][2016-02-05 19:20:49,016][com.java.SeleniumDriver] [  905] - DataField : XPH//div[@id="bsAlertsContent"]//div[@class="bd-alert ng-scope"][1]/div[@class="ng-binding"]
[INFO ][2016-02-05 19:20:49,016][com.java.SeleniumDriver] [  907] - DataValue : BalanceSheet
[INFO ][2016-02-05 19:20:49,016][com.java.SeleniumDriver] [  913] - <In Set values of the page>
[INFO ][2016-02-05 19:20:49,016][com.java.SeleniumDriver] [  916] - {Data Fields & Data Values Exist}
[INFO ][2016-02-05 19:20:49,016][com.java.SeleniumDriver] [  918] - --------------------------setting values-----------------------------
[INFO ][2016-02-05 19:20:49,016][com.java.SeleniumDriver] [  921] - Action Type : STOREVALUE
[INFO ][2016-02-05 19:20:49,016][com.java.TestType] [ 9858] - field= XPH//div[@id="bsAlertsContent"]//div[@class="bd-alert ng-scope"][1]/div[@class="ng-binding"]
[DEBUG][2016-02-05 19:20:49,971][com.java.TestType] [ 9913] - Key:: BalanceSheet   Value:: Cash and due from banks
[INFO ][2016-02-05 19:20:49,971][com.java.SeleniumDriver] [  930] -  RESULT true
[INFO ][2016-02-05 19:20:49,971][com.java.SeleniumDriver] [ 1136] - ?   P A S S   ?
[INFO ][2016-02-05 19:20:49,971][com.java.SeleniumDriver] [  856] - ------------------------------------------
[INFO ][2016-02-05 19:20:49,971][com.java.SeleniumDriver] [  857] - Test case being Executed: 8
[INFO ][2016-02-05 19:20:49,971][com.java.SeleniumDriver] [  869] - Test step:26
[INFO ][2016-02-05 19:20:49,971][com.java.SeleniumDriver] [  881] - Datavalue is----------Change
[INFO ][2016-02-05 19:20:49,971][com.java.SeleniumDriver] [  905] - DataField : XPH//div[@id="bsAlertsContent"]//div[@class="bd-alert ng-scope"][1]//span[@ class="ng-binding"]
[INFO ][2016-02-05 19:20:49,971][com.java.SeleniumDriver] [  907] - DataValue : Change
[INFO ][2016-02-05 19:20:49,971][com.java.SeleniumDriver] [  913] - <In Set values of the page>
[INFO ][2016-02-05 19:20:49,971][com.java.SeleniumDriver] [  916] - {Data Fields & Data Values Exist}
[INFO ][2016-02-05 19:20:49,972][com.java.SeleniumDriver] [  918] - --------------------------setting values-----------------------------
[INFO ][2016-02-05 19:20:49,972][com.java.SeleniumDriver] [  921] - Action Type : STOREVALUE
[INFO ][2016-02-05 19:20:49,972][com.java.TestType] [ 9858] - field= XPH//div[@id="bsAlertsContent"]//div[@class="bd-alert ng-scope"][1]//span[@ class="ng-binding"]
[DEBUG][2016-02-05 19:20:50,757][com.java.TestType] [ 9913] - Key:: Change   Value:: $1,971,182
[INFO ][2016-02-05 19:20:50,757][com.java.SeleniumDriver] [  930] -  RESULT true
[INFO ][2016-02-05 19:20:50,757][com.java.SeleniumDriver] [ 1136] - ?   P A S S   ?
[INFO ][2016-02-05 19:20:50,757][com.java.SeleniumDriver] [  856] - ------------------------------------------
[INFO ][2016-02-05 19:20:50,757][com.java.SeleniumDriver] [  857] - Test case being Executed: 8
[INFO ][2016-02-05 19:20:50,757][com.java.SeleniumDriver] [  869] - Test step:27
[INFO ][2016-02-05 19:20:50,757][com.java.SeleniumDriver] [  881] - Datavalue is----------Percentage
[INFO ][2016-02-05 19:20:50,757][com.java.SeleniumDriver] [  905] - DataField : XPH//div[@id="bsAlertsContent"]//div[@class="bd-alert ng-scope"][1]//span[@class="pull-right ng-binding"]
[INFO ][2016-02-05 19:20:50,758][com.java.SeleniumDriver] [  907] - DataValue : Percentage
[INFO ][2016-02-05 19:20:50,758][com.java.SeleniumDriver] [  913] - <In Set values of the page>
[INFO ][2016-02-05 19:20:50,758][com.java.SeleniumDriver] [  916] - {Data Fields & Data Values Exist}
[INFO ][2016-02-05 19:20:50,758][com.java.SeleniumDriver] [  918] - --------------------------setting values-----------------------------
[INFO ][2016-02-05 19:20:50,758][com.java.SeleniumDriver] [  921] - Action Type : STOREVALUE
[INFO ][2016-02-05 19:20:50,758][com.java.TestType] [ 9858] - field= XPH//div[@id="bsAlertsContent"]//div[@class="bd-alert ng-scope"][1]//span[@class="pull-right ng-binding"]
[DEBUG][2016-02-05 19:20:51,663][com.java.TestType] [ 9913] - Key:: Percentage   Value:: 21.62%
[INFO ][2016-02-05 19:20:51,663][com.java.SeleniumDriver] [  930] -  RESULT true
[INFO ][2016-02-05 19:20:51,663][com.java.SeleniumDriver] [ 1136] - ?   P A S S   ?
[INFO ][2016-02-05 19:20:51,663][com.java.SeleniumDriver] [  856] - ------------------------------------------
[INFO ][2016-02-05 19:20:51,663][com.java.SeleniumDriver] [  857] - Test case being Executed: 8
[INFO ][2016-02-05 19:20:51,663][com.java.SeleniumDriver] [  869] - Test step:28
[INFO ][2016-02-05 19:20:51,663][com.java.SeleniumDriver] [  881] - Datavalue is----------null
[DEBUG][2016-02-05 19:20:51,663][com.java.SeleniumDriver] [  899] - Exception: null
[INFO ][2016-02-05 19:20:51,664][com.java.SeleniumDriver] [  905] - DataField : XPH//span[@class="glyphicon glyphicon-list-alt"]
[INFO ][2016-02-05 19:20:51,664][com.java.SeleniumDriver] [  907] - DataValue : 
[INFO ][2016-02-05 19:20:51,664][com.java.SeleniumDriver] [  913] - <In Set values of the page>
[INFO ][2016-02-05 19:20:51,664][com.java.SeleniumDriver] [  916] - {Data Fields & Data Values Exist}
[INFO ][2016-02-05 19:20:51,664][com.java.SeleniumDriver] [  918] - --------------------------setting values-----------------------------
[INFO ][2016-02-05 19:20:51,664][com.java.SeleniumDriver] [  921] - Action Type : CLICK
[INFO ][2016-02-05 19:20:51,664][com.java.TestType] [ 7122] - Field ::XPH//span[@class="glyphicon glyphicon-list-alt"]
[INFO ][2016-02-05 19:20:51,664][com.java.TestType] [ 6727] - value = 
[INFO ][2016-02-05 19:20:52,664][com.java.TestType] [ 7299] - BEFORE CLICK
[INFO ][2016-02-05 19:20:56,419][com.java.TestType] [ 7307] - Unable to click the object Click on the report button
[INFO ][2016-02-05 19:20:56,419][com.java.SeleniumDriver] [  930] -  RESULT true
[INFO ][2016-02-05 19:20:56,419][com.java.SeleniumDriver] [ 1136] - ?   P A S S   ?
[INFO ][2016-02-05 19:20:56,419][com.java.SeleniumDriver] [  856] - ------------------------------------------
[INFO ][2016-02-05 19:20:56,419][com.java.SeleniumDriver] [  857] - Test case being Executed: 8
[INFO ][2016-02-05 19:20:56,419][com.java.SeleniumDriver] [  869] - Test step:29
[INFO ][2016-02-05 19:20:56,419][com.java.SeleniumDriver] [  881] - Datavalue is----------3
[INFO ][2016-02-05 19:20:56,419][com.java.SeleniumDriver] [  905] - DataField : XPH//img[@id='loading']
[INFO ][2016-02-05 19:20:56,419][com.java.SeleniumDriver] [  907] - DataValue : 3
[INFO ][2016-02-05 19:20:56,419][com.java.SeleniumDriver] [  913] - <In Set values of the page>
[INFO ][2016-02-05 19:20:56,419][com.java.SeleniumDriver] [  916] - {Data Fields & Data Values Exist}
[INFO ][2016-02-05 19:20:56,419][com.java.SeleniumDriver] [  918] - --------------------------setting values-----------------------------
[INFO ][2016-02-05 19:20:56,419][com.java.SeleniumDriver] [  921] - Action Type : WaitForElement
[INFO ][2016-02-05 19:20:56,455][com.java.SeleniumDriver] [  930] -  RESULT true
[INFO ][2016-02-05 19:20:56,455][com.java.SeleniumDriver] [ 1136] - ?   P A S S   ?
[INFO ][2016-02-05 19:20:56,455][com.java.SeleniumDriver] [  856] - ------------------------------------------
[INFO ][2016-02-05 19:20:56,455][com.java.SeleniumDriver] [  857] - Test case being Executed: 8
[INFO ][2016-02-05 19:20:56,455][com.java.SeleniumDriver] [  869] - Test step:30
[INFO ][2016-02-05 19:20:56,455][com.java.SeleniumDriver] [  881] - Datavalue is----------90
[INFO ][2016-02-05 19:20:56,455][com.java.SeleniumDriver] [  905] - DataField : XPH//img[@id='loading']
[INFO ][2016-02-05 19:20:56,456][com.java.SeleniumDriver] [  907] - DataValue : 90
[INFO ][2016-02-05 19:20:56,456][com.java.SeleniumDriver] [  913] - <In Set values of the page>
[INFO ][2016-02-05 19:20:56,456][com.java.SeleniumDriver] [  916] - {Data Fields & Data Values Exist}
[INFO ][2016-02-05 19:20:56,456][com.java.SeleniumDriver] [  918] - --------------------------setting values-----------------------------
[INFO ][2016-02-05 19:20:56,456][com.java.SeleniumDriver] [  921] - Action Type : waitForElementNotPresent
[INFO ][2016-02-05 19:20:58,735][com.java.SeleniumDriver] [  930] -  RESULT true
[INFO ][2016-02-05 19:20:58,735][com.java.SeleniumDriver] [ 1136] - ?   P A S S   ?
[INFO ][2016-02-05 19:20:58,735][com.java.SeleniumDriver] [  856] - ------------------------------------------
[INFO ][2016-02-05 19:20:58,735][com.java.SeleniumDriver] [  857] - Test case being Executed: 8
[INFO ][2016-02-05 19:20:58,735][com.java.SeleniumDriver] [  869] - Test step:31
[INFO ][2016-02-05 19:20:58,735][com.java.SeleniumDriver] [  881] - Datavalue is----------BalanceSheet::Change
[INFO ][2016-02-05 19:20:58,735][com.java.SeleniumDriver] [  905] - DataField : PVP//div[contains(text(),'mytext')]/following::td[3]/div
[INFO ][2016-02-05 19:20:58,736][com.java.SeleniumDriver] [  907] - DataValue : BalanceSheet::Change
[INFO ][2016-02-05 19:20:58,736][com.java.SeleniumDriver] [  913] - <In Set values of the page>
[INFO ][2016-02-05 19:20:58,736][com.java.SeleniumDriver] [  916] - {Data Fields & Data Values Exist}
[INFO ][2016-02-05 19:20:58,736][com.java.SeleniumDriver] [  918] - --------------------------setting values-----------------------------
[INFO ][2016-02-05 19:20:58,736][com.java.SeleniumDriver] [  921] - Action Type : VERIFY
[INFO ][2016-02-05 19:20:58,736][com.java.TestType] [ 8355] - field= PVP//div[contains(text(),'mytext')]/following::td[3]/div value= BalanceSheet::Change
[INFO ][2016-02-05 19:20:58,736][com.java.TestType] [ 6727] - value = BalanceSheet::Change
[INFO ][2016-02-05 19:20:58,928][com.java.SeleniumDriver] [  930] -  RESULT true
[INFO ][2016-02-05 19:20:58,928][com.java.SeleniumDriver] [ 1136] - ?   P A S S   ?
[INFO ][2016-02-05 19:20:58,928][com.java.SeleniumDriver] [  856] - ------------------------------------------
[INFO ][2016-02-05 19:20:58,928][com.java.SeleniumDriver] [  857] - Test case being Executed: 8
[INFO ][2016-02-05 19:20:58,928][com.java.SeleniumDriver] [  869] - Test step:32
[INFO ][2016-02-05 19:20:58,928][com.java.SeleniumDriver] [  881] - Datavalue is----------BalanceSheet::Percentage
[INFO ][2016-02-05 19:20:58,928][com.java.SeleniumDriver] [  905] - DataField : PVP//div[contains(text(),'mytext')]/following::td[4]/div
[INFO ][2016-02-05 19:20:58,928][com.java.SeleniumDriver] [  907] - DataValue : BalanceSheet::Percentage
[INFO ][2016-02-05 19:20:58,928][com.java.SeleniumDriver] [  913] - <In Set values of the page>
[INFO ][2016-02-05 19:20:58,929][com.java.SeleniumDriver] [  916] - {Data Fields & Data Values Exist}
[INFO ][2016-02-05 19:20:58,929][com.java.SeleniumDriver] [  918] - --------------------------setting values-----------------------------
[INFO ][2016-02-05 19:20:58,929][com.java.SeleniumDriver] [  921] - Action Type : VERIFY
[INFO ][2016-02-05 19:20:58,929][com.java.TestType] [ 8355] - field= PVP//div[contains(text(),'mytext')]/following::td[4]/div value= BalanceSheet::Percentage
[INFO ][2016-02-05 19:20:58,929][com.java.TestType] [ 6727] - value = BalanceSheet::Percentage
[INFO ][2016-02-05 19:20:59,103][com.java.SeleniumDriver] [  930] -  RESULT true
[INFO ][2016-02-05 19:20:59,103][com.java.SeleniumDriver] [ 1136] - ?   P A S S   ?
[INFO ][2016-02-05 19:20:59,103][com.java.SeleniumDriver] [  856] - ------------------------------------------
[INFO ][2016-02-05 19:20:59,103][com.java.SeleniumDriver] [  857] - Test case being Executed: 8
[INFO ][2016-02-05 19:20:59,103][com.java.SeleniumDriver] [  869] - Test step:33
[INFO ][2016-02-05 19:20:59,103][com.java.SeleniumDriver] [  881] - Datavalue is----------null
[DEBUG][2016-02-05 19:20:59,104][com.java.SeleniumDriver] [  899] - Exception: null
[INFO ][2016-02-05 19:20:59,104][com.java.SeleniumDriver] [  905] - DataField : BTNparent
[INFO ][2016-02-05 19:20:59,104][com.java.SeleniumDriver] [  907] - DataValue : 
[INFO ][2016-02-05 19:20:59,104][com.java.SeleniumDriver] [  913] - <In Set values of the page>
[INFO ][2016-02-05 19:20:59,104][com.java.SeleniumDriver] [  916] - {Data Fields & Data Values Exist}
[INFO ][2016-02-05 19:20:59,104][com.java.SeleniumDriver] [  918] - --------------------------setting values-----------------------------
[INFO ][2016-02-05 19:20:59,104][com.java.SeleniumDriver] [  921] - Action Type : selectframe
[INFO ][2016-02-05 19:20:59,120][com.java.SeleniumDriver] [  930] -  RESULT true
[INFO ][2016-02-05 19:20:59,120][com.java.SeleniumDriver] [ 1136] - ?   P A S S   ?
[INFO ][2016-02-05 19:20:59,120][com.java.SeleniumDriver] [  856] - ------------------------------------------
[INFO ][2016-02-05 19:20:59,120][com.java.SeleniumDriver] [  857] - Test case being Executed: 8
[INFO ][2016-02-05 19:20:59,120][com.java.SeleniumDriver] [  869] - Test step:34
[INFO ][2016-02-05 19:20:59,120][com.java.SeleniumDriver] [  881] - Datavalue is----------null
[DEBUG][2016-02-05 19:20:59,120][com.java.SeleniumDriver] [  899] - Exception: null
[INFO ][2016-02-05 19:20:59,120][com.java.SeleniumDriver] [  905] - DataField : BTNcloseAllTabs
[INFO ][2016-02-05 19:20:59,121][com.java.SeleniumDriver] [  907] - DataValue : 
[INFO ][2016-02-05 19:20:59,121][com.java.SeleniumDriver] [  913] - <In Set values of the page>
[INFO ][2016-02-05 19:20:59,121][com.java.SeleniumDriver] [  916] - {Data Fields & Data Values Exist}
[INFO ][2016-02-05 19:20:59,121][com.java.SeleniumDriver] [  918] - --------------------------setting values-----------------------------
[INFO ][2016-02-05 19:20:59,121][com.java.SeleniumDriver] [  921] - Action Type : CLICK
[INFO ][2016-02-05 19:20:59,121][com.java.TestType] [ 7122] - Field ::BTNcloseAllTabs
[INFO ][2016-02-05 19:20:59,121][com.java.TestType] [ 6727] - value = 
[INFO ][2016-02-05 19:21:00,121][com.java.TestType] [ 7278] - BEFORE CLICK
[INFO ][2016-02-05 19:21:01,805][com.java.TestType] [ 7285] - Unable to click the object Close all tabs button
[INFO ][2016-02-05 19:21:01,805][com.java.SeleniumDriver] [  930] -  RESULT true
[INFO ][2016-02-05 19:21:01,805][com.java.SeleniumDriver] [ 1136] - ?   P A S S   ?
[INFO ][2016-02-05 19:21:01,805][com.java.SeleniumDriver] [  856] - ------------------------------------------
[INFO ][2016-02-05 19:21:01,805][com.java.SeleniumDriver] [  857] - Test case being Executed: 8
[INFO ][2016-02-05 19:21:01,805][com.java.SeleniumDriver] [  869] - Test step:35
[INFO ][2016-02-05 19:21:01,806][com.java.SeleniumDriver] [  881] - Datavalue is----------3
[INFO ][2016-02-05 19:21:01,806][com.java.SeleniumDriver] [  905] - DataField : XPH//div[contains(text(), 'My Dashboard')]
[INFO ][2016-02-05 19:21:01,806][com.java.SeleniumDriver] [  907] - DataValue : 3
[INFO ][2016-02-05 19:21:01,806][com.java.SeleniumDriver] [  913] - <In Set values of the page>
[INFO ][2016-02-05 19:21:01,806][com.java.SeleniumDriver] [  916] - {Data Fields & Data Values Exist}
[INFO ][2016-02-05 19:21:01,806][com.java.SeleniumDriver] [  918] - --------------------------setting values-----------------------------
[INFO ][2016-02-05 19:21:01,806][com.java.SeleniumDriver] [  921] - Action Type : WAITFORELEMENT
[INFO ][2016-02-05 19:21:02,272][com.java.SeleniumDriver] [  930] -  RESULT true
[INFO ][2016-02-05 19:21:02,272][com.java.SeleniumDriver] [ 1136] - ?   P A S S   ?
[INFO ][2016-02-05 19:21:02,272][com.java.SeleniumDriver] [  856] - ------------------------------------------
[INFO ][2016-02-05 19:21:02,272][com.java.SeleniumDriver] [  857] - Test case being Executed: 8
[INFO ][2016-02-05 19:21:02,272][com.java.SeleniumDriver] [  869] - Test step:36
[INFO ][2016-02-05 19:21:02,272][com.java.SeleniumDriver] [  881] - Datavalue is----------//div[contains(text(), 'My Dashboard')]
[INFO ][2016-02-05 19:21:02,272][com.java.SeleniumDriver] [  905] - DataField : BTN
[INFO ][2016-02-05 19:21:02,272][com.java.SeleniumDriver] [  907] - DataValue : //div[contains(text(), 'My Dashboard')]
[INFO ][2016-02-05 19:21:02,272][com.java.SeleniumDriver] [  913] - <In Set values of the page>
[INFO ][2016-02-05 19:21:02,273][com.java.SeleniumDriver] [  916] - {Data Fields & Data Values Exist}
[INFO ][2016-02-05 19:21:02,273][com.java.SeleniumDriver] [  918] - --------------------------setting values-----------------------------
[INFO ][2016-02-05 19:21:02,273][com.java.SeleniumDriver] [  921] - Action Type : VERIFY
[INFO ][2016-02-05 19:21:02,273][com.java.TestType] [ 8355] - field= BTN value= //div[contains(text(), 'My Dashboard')]
[INFO ][2016-02-05 19:21:02,273][com.java.TestType] [ 6727] - value = //div[contains(text(), 'My Dashboard')]
[INFO ][2016-02-05 19:21:02,895][com.java.SeleniumDriver] [  930] -  RESULT true
[INFO ][2016-02-05 19:21:02,895][com.java.SeleniumDriver] [ 1136] - ?   P A S S   ?
[DEBUG][2016-02-05 19:21:02,895][com.java.SeleniumDriver] [ 1248] - Case found
[DEBUG][2016-02-05 19:21:02,895][com.java.SeleniumDriver] [ 1253] - Incrementing ReportCounters[0]:3
[INFO ][2016-02-05 19:21:02,895][com.java.SeleniumDriver] [ 1272] - The results are-------------------[8, 1, Right Hand Menu: BS Alerts-BS Alerts data correctness, Pass, , Fri Feb 05 19:19:02 IST 2016, 8, 3, Right Hand Menu: BS Alerts-BS Alerts data correctness, Pass, , Fri Feb 05 19:19:09 IST 2016, 8, 4, Right Hand Menu: BS Alerts-BS Alerts data correctness, Pass, , Fri Feb 05 19:19:58 IST 2016, 8, 5, Right Hand Menu: BS Alerts-BS Alerts data correctness, Pass, , Fri Feb 05 19:19:59 IST 2016, 8, 6, Right Hand Menu: BS Alerts-BS Alerts data correctness, Pass, , Fri Feb 05 19:20:01 IST 2016, 8, 7, Right Hand Menu: BS Alerts-BS Alerts data correctness, Pass, , Fri Feb 05 19:20:03 IST 2016, 8, 8, Right Hand Menu: BS Alerts-BS Alerts data correctness, Pass, , Fri Feb 05 19:20:08 IST 2016, 8, 9, Right Hand Menu: BS Alerts-BS Alerts data correctness, Pass, , Fri Feb 05 19:20:14 IST 2016, 8, 10, Right Hand Menu: BS Alerts-BS Alerts data correctness, Pass, , Fri Feb 05 19:20:14 IST 2016, 8, 11, Right Hand Menu: BS Alerts-BS Alerts data correctness, Pass, , Fri Feb 05 19:20:18 IST 2016, 8, 12, Right Hand Menu: BS Alerts-BS Alerts data correctness, Pass, , Fri Feb 05 19:20:22 IST 2016, 8, 13, Right Hand Menu: BS Alerts-BS Alerts data correctness, Pass, , Fri Feb 05 19:20:26 IST 2016, 8, 14, Right Hand Menu: BS Alerts-BS Alerts data correctness, Pass, , Fri Feb 05 19:20:26 IST 2016, 8, 15, Right Hand Menu: BS Alerts-BS Alerts data correctness, Pass, , Fri Feb 05 19:20:27 IST 2016, 8, 16, Right Hand Menu: BS Alerts-BS Alerts data correctness, Pass, , Fri Feb 05 19:20:30 IST 2016, 8, 17, Right Hand Menu: BS Alerts-BS Alerts data correctness, Pass, , Fri Feb 05 19:20:35 IST 2016, 8, 18, Right Hand Menu: BS Alerts-BS Alerts data correctness, Pass, , Fri Feb 05 19:20:36 IST 2016, 8, 19, Right Hand Menu: BS Alerts-BS Alerts data correctness, Pass, , Fri Feb 05 19:20:39 IST 2016, 8, 20, Right Hand Menu: BS Alerts-BS Alerts data correctness, Pass, , Fri Feb 05 19:20:40 IST 2016, 8, 21, Right Hand Menu: BS Alerts-BS Alerts data correctness, Pass, , Fri Feb 05 19:20:41 IST 2016, 8, 22, Right Hand Menu: BS Alerts-BS Alerts data correctness, Pass, , Fri Feb 05 19:20:42 IST 2016, 8, 23, Right Hand Menu: BS Alerts-BS Alerts data correctness, Pass, , Fri Feb 05 19:20:47 IST 2016, 8, 24, Right Hand Menu: BS Alerts-BS Alerts data correctness, Pass, , Fri Feb 05 19:20:49 IST 2016, 8, 25, Right Hand Menu: BS Alerts-BS Alerts data correctness, Pass, , Fri Feb 05 19:20:49 IST 2016, 8, 26, Right Hand Menu: BS Alerts-BS Alerts data correctness, Pass, , Fri Feb 05 19:20:50 IST 2016, 8, 27, Right Hand Menu: BS Alerts-BS Alerts data correctness, Pass, , Fri Feb 05 19:20:51 IST 2016, 8, 28, Right Hand Menu: BS Alerts-BS Alerts data correctness, Pass, , Fri Feb 05 19:20:56 IST 2016, 8, 29, Right Hand Menu: BS Alerts-BS Alerts data correctness, Pass, , Fri Feb 05 19:20:56 IST 2016, 8, 30, Right Hand Menu: BS Alerts-BS Alerts data correctness, Pass, , Fri Feb 05 19:20:58 IST 2016, 8, 31, Right Hand Menu: BS Alerts-BS Alerts data correctness, Pass, , Fri Feb 05 19:20:58 IST 2016, 8, 32, Right Hand Menu: BS Alerts-BS Alerts data correctness, Pass, , Fri Feb 05 19:20:59 IST 2016, 8, 33, Right Hand Menu: BS Alerts-BS Alerts data correctness, Pass, , Fri Feb 05 19:20:59 IST 2016, 8, 34, Right Hand Menu: BS Alerts-BS Alerts data correctness, Pass, , Fri Feb 05 19:21:01 IST 2016, 8, 35, Right Hand Menu: BS Alerts-BS Alerts data correctness, Pass, , Fri Feb 05 19:21:02 IST 2016, 8, 36, Right Hand Menu: BS Alerts-BS Alerts data correctness, Pass, , Fri Feb 05 19:21:02 IST 2016]
[INFO ][2016-02-05 19:21:02,896][com.java.SeleniumDriver] [ 1276] - End time is-------5 min 25 sec
[INFO ][2016-02-05 19:21:02,896][com.java.SeleniumDriver] [ 1277] - The results are-------------------[8, 1, Right Hand Menu: BS Alerts-BS Alerts data correctness, Pass, , Fri Feb 05 19:19:02 IST 2016, 8, 3, Right Hand Menu: BS Alerts-BS Alerts data correctness, Pass, , Fri Feb 05 19:19:09 IST 2016, 8, 4, Right Hand Menu: BS Alerts-BS Alerts data correctness, Pass, , Fri Feb 05 19:19:58 IST 2016, 8, 5, Right Hand Menu: BS Alerts-BS Alerts data correctness, Pass, , Fri Feb 05 19:19:59 IST 2016, 8, 6, Right Hand Menu: BS Alerts-BS Alerts data correctness, Pass, , Fri Feb 05 19:20:01 IST 2016, 8, 7, Right Hand Menu: BS Alerts-BS Alerts data correctness, Pass, , Fri Feb 05 19:20:03 IST 2016, 8, 8, Right Hand Menu: BS Alerts-BS Alerts data correctness, Pass, , Fri Feb 05 19:20:08 IST 2016, 8, 9, Right Hand Menu: BS Alerts-BS Alerts data correctness, Pass, , Fri Feb 05 19:20:14 IST 2016, 8, 10, Right Hand Menu: BS Alerts-BS Alerts data correctness, Pass, , Fri Feb 05 19:20:14 IST 2016, 8, 11, Right Hand Menu: BS Alerts-BS Alerts data correctness, Pass, , Fri Feb 05 19:20:18 IST 2016, 8, 12, Right Hand Menu: BS Alerts-BS Alerts data correctness, Pass, , Fri Feb 05 19:20:22 IST 2016, 8, 13, Right Hand Menu: BS Alerts-BS Alerts data correctness, Pass, , Fri Feb 05 19:20:26 IST 2016, 8, 14, Right Hand Menu: BS Alerts-BS Alerts data correctness, Pass, , Fri Feb 05 19:20:26 IST 2016, 8, 15, Right Hand Menu: BS Alerts-BS Alerts data correctness, Pass, , Fri Feb 05 19:20:27 IST 2016, 8, 16, Right Hand Menu: BS Alerts-BS Alerts data correctness, Pass, , Fri Feb 05 19:20:30 IST 2016, 8, 17, Right Hand Menu: BS Alerts-BS Alerts data correctness, Pass, , Fri Feb 05 19:20:35 IST 2016, 8, 18, Right Hand Menu: BS Alerts-BS Alerts data correctness, Pass, , Fri Feb 05 19:20:36 IST 2016, 8, 19, Right Hand Menu: BS Alerts-BS Alerts data correctness, Pass, , Fri Feb 05 19:20:39 IST 2016, 8, 20, Right Hand Menu: BS Alerts-BS Alerts data correctness, Pass, , Fri Feb 05 19:20:40 IST 2016, 8, 21, Right Hand Menu: BS Alerts-BS Alerts data correctness, Pass, , Fri Feb 05 19:20:41 IST 2016, 8, 22, Right Hand Menu: BS Alerts-BS Alerts data correctness, Pass, , Fri Feb 05 19:20:42 IST 2016, 8, 23, Right Hand Menu: BS Alerts-BS Alerts data correctness, Pass, , Fri Feb 05 19:20:47 IST 2016, 8, 24, Right Hand Menu: BS Alerts-BS Alerts data correctness, Pass, , Fri Feb 05 19:20:49 IST 2016, 8, 25, Right Hand Menu: BS Alerts-BS Alerts data correctness, Pass, , Fri Feb 05 19:20:49 IST 2016, 8, 26, Right Hand Menu: BS Alerts-BS Alerts data correctness, Pass, , Fri Feb 05 19:20:50 IST 2016, 8, 27, Right Hand Menu: BS Alerts-BS Alerts data correctness, Pass, , Fri Feb 05 19:20:51 IST 2016, 8, 28, Right Hand Menu: BS Alerts-BS Alerts data correctness, Pass, , Fri Feb 05 19:20:56 IST 2016, 8, 29, Right Hand Menu: BS Alerts-BS Alerts data correctness, Pass, , Fri Feb 05 19:20:56 IST 2016, 8, 30, Right Hand Menu: BS Alerts-BS Alerts data correctness, Pass, , Fri Feb 05 19:20:58 IST 2016, 8, 31, Right Hand Menu: BS Alerts-BS Alerts data correctness, Pass, , Fri Feb 05 19:20:58 IST 2016, 8, 32, Right Hand Menu: BS Alerts-BS Alerts data correctness, Pass, , Fri Feb 05 19:20:59 IST 2016, 8, 33, Right Hand Menu: BS Alerts-BS Alerts data correctness, Pass, , Fri Feb 05 19:20:59 IST 2016, 8, 34, Right Hand Menu: BS Alerts-BS Alerts data correctness, Pass, , Fri Feb 05 19:21:01 IST 2016, 8, 35, Right Hand Menu: BS Alerts-BS Alerts data correctness, Pass, , Fri Feb 05 19:21:02 IST 2016, 8, 36, Right Hand Menu: BS Alerts-BS Alerts data correctness, Pass, , Fri Feb 05 19:21:02 IST 2016]
[DEBUG][2016-02-05 19:21:02,896][com.java.ImportnExport.ExportTestResultsExcel] [  222] - testResultPath = D:\BankersDashboard/TestReports/Test Results_BankersDashBoard_020516_191539_IE10_Any Bank USA.xls
[DEBUG][2016-02-05 19:21:02,896][com.java.ImportnExport.ExportTestResultsExcel] [  223] - browser is------------IE10
[DEBUG][2016-02-05 19:21:02,898][com.java.ImportnExport.ExportTestResultsExcel] [  270] - result.size() = 210
[DEBUG][2016-02-05 19:21:02,898][com.java.ImportnExport.ExportTestResultsExcel] [  274] - No of rows in sheet=3
[DEBUG][2016-02-05 19:21:02,898][com.java.ImportnExport.ExportTestResultsExcel] [  301] - ..in export..8
[DEBUG][2016-02-05 19:21:02,899][com.java.ImportnExport.ExportTestResultsExcel] [  301] - ..in export..Right Hand Menu: BS Alerts-BS Alerts data correctness
[DEBUG][2016-02-05 19:21:02,899][com.java.ImportnExport.ExportTestResultsExcel] [  301] - ..in export..Pass
[DEBUG][2016-02-05 19:21:02,899][com.java.ImportnExport.ExportTestResultsExcel] [  301] - ..in export..
[DEBUG][2016-02-05 19:21:02,899][com.java.ImportnExport.ExportTestResultsExcel] [  301] - ..in export..Fri Feb 05 19:19:02 IST 2016
[INFO ][2016-02-05 19:21:02,900][com.java.SeleniumDriver] [ 1337] - out loop:2 size:3 TestCases:[1, 4, 8] testcases:[1, 4, 8]
[INFO ][2016-02-05 19:21:04,900][com.java.SeleniumDriver] [ 1380] - Total Number of Cases:3
[INFO ][2016-02-05 19:21:04,900][com.java.TemplateGenerator] [  302] - Executed:3
[INFO ][2016-02-05 19:21:04,900][com.java.TemplateGenerator] [  303] - Passed:3
[INFO ][2016-02-05 19:21:04,900][com.java.TemplateGenerator] [  304] - Failed:0
[INFO ][2016-02-05 19:21:04,900][com.java.TemplateGenerator] [  305] - Skipeed:0
[INFO ][2016-02-05 19:21:04,900][com.java.TemplateGenerator] [  306] - Application URL:https://clients-xuat.bankersdashboard.com
[INFO ][2016-02-05 19:21:04,900][com.java.TemplateGenerator] [  307] - Start Time:020516_191539
[INFO ][2016-02-05 19:21:04,900][com.java.TemplateGenerator] [  308] -  Creating HTML Report 
[ERROR][2016-02-05 19:21:04,901][com.java.TemplateGenerator] [  409] - Unparseable date: "Fri Feb 05 07:15:39 IST 2016"
[INFO ][2016-02-05 19:21:04,901][com.java.TemplateGenerator] [  654] -  Exporting case :: 1
[INFO ][2016-02-05 19:21:04,901][com.java.TemplateGenerator] [  654] -  Exporting case :: 4
[INFO ][2016-02-05 19:21:04,901][com.java.TemplateGenerator] [  654] -  Exporting case :: 8
[INFO ][2016-02-05 19:21:04,907][com.java.SeleniumDriver] [ 1429] - End Time:020516_192104
[INFO ][2016-02-05 19:21:04,907][com.java.SeleniumDriver] [ 1432] - Data in Test Execution Details:{1=PASS, 4=PASS, 8=PASS}
[INFO ][2016-02-05 19:21:04,908][com.java.SeleniumDriver] [ 1433] - Data in Failed Execution Deatils:{}
[INFO ][2016-02-05 19:21:04,908][com.java.SeleniumDriver] [ 1435] - ReportCounter:Total:3 :: PASS: 3 ::FAIL: 0
[INFO ][2016-02-05 19:21:04,908][com.java.SeleniumDriver] [ 1436] - FailedReportCounter:Total:0 :: PASS: 0 ::FAIL: 0
[INFO ][2016-02-05 19:21:04,914][com.java.EmailTestReport] [   63] - Sending report mail details:
[INFO ][2016-02-05 19:21:04,914][com.java.EmailTestReport] [   80] - Excel Report Path:D:\BankersDashboard/TestReports/Test Results_BankersDashBoard_020516_191539_IE10_Any Bank USA.xls
[INFO ][2016-02-05 19:21:04,914][com.java.EmailTestReport] [   81] - HTML Report Path:D:\BankersDashboard//TestReports//Test Results_BankersDashBoard_020516_191539_IE10_Any Bank USA.html
[INFO ][2016-02-05 19:21:04,914][com.java.EmailTestReport] [   82] - smtpHostName:mail01.valuelabs.com
[INFO ][2016-02-05 19:21:04,914][com.java.EmailTestReport] [   83] - Recipient:venkateswararao.gubbala@valuelabs.com;
[INFO ][2016-02-05 19:21:04,914][com.java.EmailTestReport] [   84] - From:venkateswararao.gubbala@valuelabs.com;
[INFO ][2016-02-05 19:21:04,914][com.java.EmailTestReport] [   85] - Subject:Deluxe Corp Bankers Dashboard Automation Test Report - Any Bank USA - IE10
[INFO ][2016-02-05 19:21:04,932][com.java.EmailTestReport] [  143] -  Added venkateswararao.gubbala@valuelabs.com
[INFO ][2016-02-05 19:21:08,049][com.java.SeleniumDriver] [  722] - quitting the browser 
[INFO ][2016-02-05 19:21:09,812][com.java.SeleniumDriver] [  264] - Execution Completed Stopping the thread
