[INFO ][2016-01-14 12:55:31,612][com.java.SeleniumDriver] [  213] - Execute Failed Casesfalse
[INFO ][2016-01-14 12:55:31,613][com.java.SeleniumDriver] [  214] - Browser: IE10
[INFO ][2016-01-14 12:55:31,613][com.java.SeleniumDriver] [  215] - [1, 12]
[INFO ][2016-01-14 12:55:31,613][com.java.SeleniumDriver] [  216] - Total TestCases:2
[INFO ][2016-01-14 12:55:31,613][com.java.SeleniumDriver] [  217] -  Reading Properties from Property File 
[DEBUG][2016-01-14 12:55:31,613][com.java.SeleniumDriver] [  238] - url : https://clients-xuat.bankersdashboard.com
[INFO ][2016-01-14 12:55:31,615][com.java.ImportnExport.ExportTestResultsExcel] [  116] - Time Stamp Thu Jan 14 12:55:31 IST 2016
[INFO ][2016-01-14 12:55:31,615][com.java.ImportnExport.ExportTestResultsExcel] [  175] - OUT FILE : D:\BankersDashboard/TestReports/Test Results_BankersDashBoard_011416_125531_IE10_Any Bank USA.xls
[INFO ][2016-01-14 12:55:31,644][com.java.ImportnExport.ExportTestResultsExcel] [  180] - Test Result file is created
[DEBUG][2016-01-14 12:55:31,754][com.java.SeleniumDriver] [  426] - Hub ip address is-------172.17.68.34
[INFO ][2016-01-14 12:55:31,755][com.java.SeleniumDriver] [  452] - Grid URL:http://172.17.68.34:4444/wd/hub
[INFO ][2016-01-14 12:55:31,755][com.java.SeleniumDriver] [  453] - Capability:Capabilities [{platform=ANY, ensureCleanSession=true, ignoreProtectedModeSettings=true, acceptSslCerts=true, ignoreZoomSetting=true, browserName=internet explorer, browserstack.ie.noFlash=true, version=null}]
[ERROR][2016-01-14 12:55:33,078][com.java.SeleniumDriver] [  498] - Unable invoke browser in grid:Could not start a new session. Possible causes are invalid address of the remote server or browser start-up failure.
Build info: version: '2.48.2', revision: '41bccdd', time: '2015-10-09 19:59:12'
System info: host: 'FVTIII438F1D', ip: '172.17.68.34', os.name: 'Windows 7', os.arch: 'x86', os.version: '6.1', java.version: '1.7.0_55'
Driver info: driver.version: SeleniumDriver
[INFO ][2016-01-14 12:55:33,079][com.java.SeleniumDriver] [  500] - Executing on local machine
[INFO ][2016-01-14 12:55:43,825][com.java.SeleniumDriver] [  248] - IE10is opened
[INFO ][2016-01-14 12:55:44,679][com.java.SeleniumDriver] [  756] - Test cases to be executed are: [1, 12]
[INFO ][2016-01-14 12:55:44,701][com.java.ImportnExport.ImportTestDataDetailsExcel] [   49] - test data details path===== D:\BankersDashboard\TestInputs\TestData.xls
[INFO ][2016-01-14 12:55:44,806][com.java.SeleniumDriver] [  856] - ------------------------------------------
[INFO ][2016-01-14 12:55:44,806][com.java.SeleniumDriver] [  857] - Test case being Executed: 1
[INFO ][2016-01-14 12:55:44,806][com.java.SeleniumDriver] [  869] - Test step:1
[INFO ][2016-01-14 12:55:44,806][com.java.SeleniumDriver] [  881] - Datavalue is----------Concept#1:1-16
[INFO ][2016-01-14 12:55:44,807][com.java.SeleniumDriver] [  905] - DataField : test
[INFO ][2016-01-14 12:55:44,807][com.java.SeleniumDriver] [  907] - DataValue : Concept#1:1-16
[INFO ][2016-01-14 12:55:44,807][com.java.SeleniumDriver] [  913] - <In Set values of the page>
[INFO ][2016-01-14 12:55:44,807][com.java.SeleniumDriver] [  916] - {Data Fields & Data Values Exist}
[INFO ][2016-01-14 12:55:44,807][com.java.SeleniumDriver] [  918] - --------------------------setting values-----------------------------
[INFO ][2016-01-14 12:55:44,807][com.java.SeleniumDriver] [  921] - Action Type : ExecuteTestCase
[INFO ][2016-01-14 12:55:44,843][com.java.TestType] [  437] - The Concept sheet name is ---------- Concept
[INFO ][2016-01-14 12:55:44,843][com.java.TestType] [  440] - The Concept ID  is ---------- 1
[DEBUG][2016-01-14 12:55:44,843][com.java.TestType] [  444] - Steps being executted in the Concept are: 1:16
[INFO ][2016-01-14 12:55:44,843][com.java.TestType] [  451] - Test data details path ---------- D:\BankersDashboard\TestInputs\TestData.xls
[INFO ][2016-01-14 12:55:44,881][com.java.TestType] [  482] -  str(1) = 1
[INFO ][2016-01-14 12:55:44,882][com.java.TestType] [  485] - Test case Id is---1
[INFO ][2016-01-14 12:55:44,882][com.java.TestType] [  487] - 1
[INFO ][2016-01-14 12:55:44,882][com.java.TestType] [  482] -  str(2) = 1
[INFO ][2016-01-14 12:55:44,884][com.java.TestType] [  482] -  str(1) = 1
[INFO ][2016-01-14 12:55:44,884][com.java.TestType] [  485] - Test case Id is---1
[INFO ][2016-01-14 12:55:44,884][com.java.TestType] [  487] - 1
[INFO ][2016-01-14 12:55:44,885][com.java.TestType] [  482] -  str(2) = 2
[INFO ][2016-01-14 12:55:44,886][com.java.TestType] [  482] -  str(1) = 1
[INFO ][2016-01-14 12:55:44,886][com.java.TestType] [  485] - Test case Id is---1
[INFO ][2016-01-14 12:55:44,886][com.java.TestType] [  487] - 1
[INFO ][2016-01-14 12:55:44,886][com.java.TestType] [  482] -  str(2) = 3
[INFO ][2016-01-14 12:55:44,887][com.java.TestType] [  482] -  str(1) = 1
[INFO ][2016-01-14 12:55:44,887][com.java.TestType] [  485] - Test case Id is---1
[INFO ][2016-01-14 12:55:44,887][com.java.TestType] [  487] - 1
[INFO ][2016-01-14 12:55:44,888][com.java.TestType] [  482] -  str(2) = 4
[INFO ][2016-01-14 12:55:44,889][com.java.TestType] [  482] -  str(1) = 1
[INFO ][2016-01-14 12:55:44,889][com.java.TestType] [  485] - Test case Id is---1
[INFO ][2016-01-14 12:55:44,889][com.java.TestType] [  487] - 1
[INFO ][2016-01-14 12:55:44,889][com.java.TestType] [  482] -  str(2) = 5
[INFO ][2016-01-14 12:55:44,892][com.java.TestType] [  482] -  str(1) = 1
[INFO ][2016-01-14 12:55:44,892][com.java.TestType] [  485] - Test case Id is---1
[INFO ][2016-01-14 12:55:44,892][com.java.TestType] [  487] - 1
[INFO ][2016-01-14 12:55:44,893][com.java.TestType] [  482] -  str(2) = 6
[INFO ][2016-01-14 12:55:44,894][com.java.TestType] [  482] -  str(1) = 1
[INFO ][2016-01-14 12:55:44,894][com.java.TestType] [  485] - Test case Id is---1
[INFO ][2016-01-14 12:55:44,894][com.java.TestType] [  487] - 1
[INFO ][2016-01-14 12:55:44,894][com.java.TestType] [  482] -  str(2) = 7
[INFO ][2016-01-14 12:55:44,895][com.java.TestType] [  482] -  str(1) = 1
[INFO ][2016-01-14 12:55:44,895][com.java.TestType] [  485] - Test case Id is---1
[INFO ][2016-01-14 12:55:44,895][com.java.TestType] [  487] - 1
[INFO ][2016-01-14 12:55:44,895][com.java.TestType] [  482] -  str(2) = 8
[INFO ][2016-01-14 12:55:44,896][com.java.TestType] [  482] -  str(1) = 1
[INFO ][2016-01-14 12:55:44,896][com.java.TestType] [  485] - Test case Id is---1
[INFO ][2016-01-14 12:55:44,896][com.java.TestType] [  487] - 1
[INFO ][2016-01-14 12:55:44,896][com.java.TestType] [  482] -  str(2) = 9
[INFO ][2016-01-14 12:55:44,897][com.java.TestType] [  482] -  str(1) = 1
[INFO ][2016-01-14 12:55:44,897][com.java.TestType] [  485] - Test case Id is---1
[INFO ][2016-01-14 12:55:44,897][com.java.TestType] [  487] - 1
[INFO ][2016-01-14 12:55:44,897][com.java.TestType] [  482] -  str(2) = 10
[INFO ][2016-01-14 12:55:44,898][com.java.TestType] [  482] -  str(1) = 1
[INFO ][2016-01-14 12:55:44,898][com.java.TestType] [  485] - Test case Id is---1
[INFO ][2016-01-14 12:55:44,898][com.java.TestType] [  487] - 1
[INFO ][2016-01-14 12:55:44,898][com.java.TestType] [  482] -  str(2) = 11
[INFO ][2016-01-14 12:55:44,899][com.java.TestType] [  482] -  str(1) = 1
[INFO ][2016-01-14 12:55:44,899][com.java.TestType] [  485] - Test case Id is---1
[INFO ][2016-01-14 12:55:44,899][com.java.TestType] [  487] - 1
[INFO ][2016-01-14 12:55:44,899][com.java.TestType] [  482] -  str(2) = 12
[INFO ][2016-01-14 12:55:44,900][com.java.TestType] [  482] -  str(1) = 1
[INFO ][2016-01-14 12:55:44,900][com.java.TestType] [  485] - Test case Id is---1
[INFO ][2016-01-14 12:55:44,900][com.java.TestType] [  487] - 1
[INFO ][2016-01-14 12:55:44,902][com.java.TestType] [  482] -  str(2) = 13
[INFO ][2016-01-14 12:55:44,902][com.java.TestType] [  482] -  str(1) = 1
[INFO ][2016-01-14 12:55:44,902][com.java.TestType] [  485] - Test case Id is---1
[INFO ][2016-01-14 12:55:44,902][com.java.TestType] [  487] - 1
[INFO ][2016-01-14 12:55:44,903][com.java.TestType] [  482] -  str(2) = 14
[INFO ][2016-01-14 12:55:44,903][com.java.TestType] [  482] -  str(1) = 1
[INFO ][2016-01-14 12:55:44,903][com.java.TestType] [  485] - Test case Id is---1
[INFO ][2016-01-14 12:55:44,904][com.java.TestType] [  487] - 1
[INFO ][2016-01-14 12:55:44,904][com.java.TestType] [  482] -  str(2) = 15
[INFO ][2016-01-14 12:55:44,904][com.java.TestType] [  482] -  str(1) = 1
[INFO ][2016-01-14 12:55:44,904][com.java.TestType] [  485] - Test case Id is---1
[INFO ][2016-01-14 12:55:44,904][com.java.TestType] [  487] - 1
[INFO ][2016-01-14 12:55:44,905][com.java.TestType] [  482] -  str(2) = 16
[INFO ][2016-01-14 12:55:44,905][com.java.TestType] [11310] - Looping 1TCID = 1
[DEBUG][2016-01-14 12:55:44,905][com.java.TestType] [11351] - Concept ID:1 :: Step being Executed: 1::1
[INFO ][2016-01-14 12:55:44,905][com.java.TestType] [11389] - dataFields : TXTusername
[DEBUG][2016-01-14 12:55:44,906][com.java.TestType] [11395] - <In Set values of the page>
[DEBUG][2016-01-14 12:55:44,906][com.java.TestType] [11400] - {Data Fields & Data Values Exist}
[INFO ][2016-01-14 12:55:44,906][com.java.TestType] [11406] - --------------------------setting values-----------------------------
[INFO ][2016-01-14 12:55:44,906][com.java.TestType] [11409] - Action Type : CLEARANDENTER
[INFO ][2016-01-14 12:55:47,207][com.java.TestType] [ 6136] - value = naresh.nayini.00000
[INFO ][2016-01-14 12:55:49,602][com.java.TestType] [11428] -  RESULT true
[INFO ][2016-01-14 12:55:49,602][com.java.TestType] [11545] - ?   P A S S   ?
[DEBUG][2016-01-14 12:55:49,602][com.java.TestType] [11351] - Concept ID:1 :: Step being Executed: 1::2
[INFO ][2016-01-14 12:55:49,602][com.java.TestType] [11389] - dataFields : TXTpassword
[DEBUG][2016-01-14 12:55:49,602][com.java.TestType] [11395] - <In Set values of the page>
[DEBUG][2016-01-14 12:55:49,603][com.java.TestType] [11400] - {Data Fields & Data Values Exist}
[INFO ][2016-01-14 12:55:49,603][com.java.TestType] [11406] - --------------------------setting values-----------------------------
[INFO ][2016-01-14 12:55:49,603][com.java.TestType] [11409] - Action Type : CLEARANDENTER
[INFO ][2016-01-14 12:55:51,888][com.java.TestType] [ 6136] - value = Password1*
[INFO ][2016-01-14 12:55:54,420][com.java.TestType] [11428] -  RESULT true
[INFO ][2016-01-14 12:55:54,420][com.java.TestType] [11545] - ?   P A S S   ?
[DEBUG][2016-01-14 12:55:54,420][com.java.TestType] [11351] - Concept ID:1 :: Step being Executed: 1::3
[ERROR][2016-01-14 12:55:54,420][com.java.TestType] [11384] - Exception: null
[INFO ][2016-01-14 12:55:54,420][com.java.TestType] [11389] - dataFields : XPH//button[@type='submit']
[DEBUG][2016-01-14 12:55:54,421][com.java.TestType] [11395] - <In Set values of the page>
[DEBUG][2016-01-14 12:55:54,421][com.java.TestType] [11400] - {Data Fields & Data Values Exist}
[INFO ][2016-01-14 12:55:54,421][com.java.TestType] [11406] - --------------------------setting values-----------------------------
[INFO ][2016-01-14 12:55:54,421][com.java.TestType] [11409] - Action Type : Click
[INFO ][2016-01-14 12:55:54,421][com.java.TestType] [ 6515] - Field ::XPH//button[@type='submit']
[INFO ][2016-01-14 12:55:54,421][com.java.TestType] [ 6136] - value = 
[INFO ][2016-01-14 12:55:55,421][com.java.TestType] [ 6652] - BEFORE CLICK
[INFO ][2016-01-14 12:55:56,282][com.java.TestType] [ 6660] - Unable to click the object Login
[INFO ][2016-01-14 12:55:56,282][com.java.TestType] [11428] -  RESULT true
[INFO ][2016-01-14 12:55:56,282][com.java.TestType] [11545] - ?   P A S S   ?
[DEBUG][2016-01-14 12:55:56,282][com.java.TestType] [11351] - Concept ID:1 :: Step being Executed: 1::4
[INFO ][2016-01-14 12:55:56,282][com.java.TestType] [11389] - dataFields : LNKLogout
[DEBUG][2016-01-14 12:55:56,282][com.java.TestType] [11395] - <In Set values of the page>
[DEBUG][2016-01-14 12:55:56,282][com.java.TestType] [11400] - {Data Fields & Data Values Exist}
[INFO ][2016-01-14 12:55:56,282][com.java.TestType] [11406] - --------------------------setting values-----------------------------
[INFO ][2016-01-14 12:55:56,282][com.java.TestType] [11409] - Action Type : WaitForElement
[INFO ][2016-01-14 12:55:59,782][com.java.TestType] [11428] -  RESULT true
[INFO ][2016-01-14 12:55:59,782][com.java.TestType] [11545] - ?   P A S S   ?
[DEBUG][2016-01-14 12:55:59,783][com.java.TestType] [11351] - Concept ID:1 :: Step being Executed: 1::15
[INFO ][2016-01-14 12:55:59,783][com.java.TestType] [11389] - dataFields : LNK
[DEBUG][2016-01-14 12:55:59,783][com.java.TestType] [11395] - <In Set values of the page>
[DEBUG][2016-01-14 12:55:59,783][com.java.TestType] [11400] - {Data Fields & Data Values Exist}
[INFO ][2016-01-14 12:55:59,783][com.java.TestType] [11406] - --------------------------setting values-----------------------------
[INFO ][2016-01-14 12:55:59,783][com.java.TestType] [11409] - Action Type : Verify
[INFO ][2016-01-14 12:55:59,783][com.java.TestType] [ 7643] - field= LNK value= Logout
[INFO ][2016-01-14 12:55:59,786][com.java.TestType] [ 6136] - value = Logout
[INFO ][2016-01-14 12:55:59,824][com.java.TestType] [11428] -  RESULT true
[INFO ][2016-01-14 12:55:59,825][com.java.TestType] [11545] - ?   P A S S   ?
[DEBUG][2016-01-14 12:55:59,825][com.java.TestType] [11351] - Concept ID:1 :: Step being Executed: 1::16
[INFO ][2016-01-14 12:55:59,825][com.java.TestType] [11389] - dataFields : BTN
[DEBUG][2016-01-14 12:55:59,825][com.java.TestType] [11395] - <In Set values of the page>
[DEBUG][2016-01-14 12:55:59,825][com.java.TestType] [11400] - {Data Fields & Data Values Exist}
[INFO ][2016-01-14 12:55:59,826][com.java.TestType] [11406] - --------------------------setting values-----------------------------
[INFO ][2016-01-14 12:55:59,826][com.java.TestType] [11409] - Action Type : Verify
[INFO ][2016-01-14 12:55:59,826][com.java.TestType] [ 7643] - field= BTN value= //img[contains(@src,'bdlogo.jpg')]
[INFO ][2016-01-14 12:55:59,826][com.java.TestType] [ 6136] - value = //img[contains(@src,'bdlogo.jpg')]
[INFO ][2016-01-14 12:56:00,101][com.java.TestType] [11428] -  RESULT true
[INFO ][2016-01-14 12:56:00,101][com.java.TestType] [11545] - ?   P A S S   ?
[INFO ][2016-01-14 12:56:00,102][com.java.TestType] [11616] - Looping End......
[INFO ][2016-01-14 12:56:00,106][com.java.SeleniumDriver] [  930] -  RESULT true
[INFO ][2016-01-14 12:56:00,106][com.java.SeleniumDriver] [ 1136] - ?   P A S S   ?
[INFO ][2016-01-14 12:56:00,106][com.java.SeleniumDriver] [  856] - ------------------------------------------
[INFO ][2016-01-14 12:56:00,106][com.java.SeleniumDriver] [  857] - Test case being Executed: 1
[INFO ][2016-01-14 12:56:00,106][com.java.SeleniumDriver] [  869] - Test step:2
[INFO ][2016-01-14 12:56:00,106][com.java.SeleniumDriver] [  881] - Datavalue is----------Concept#2:1-2
[INFO ][2016-01-14 12:56:00,106][com.java.SeleniumDriver] [  905] - DataField : test
[INFO ][2016-01-14 12:56:00,107][com.java.SeleniumDriver] [  907] - DataValue : Concept#2:1-2
[INFO ][2016-01-14 12:56:00,107][com.java.SeleniumDriver] [  913] - <In Set values of the page>
[INFO ][2016-01-14 12:56:00,107][com.java.SeleniumDriver] [  916] - {Data Fields & Data Values Exist}
[INFO ][2016-01-14 12:56:00,107][com.java.SeleniumDriver] [  918] - --------------------------setting values-----------------------------
[INFO ][2016-01-14 12:56:00,107][com.java.SeleniumDriver] [  921] - Action Type : ExecuteTestCase
[INFO ][2016-01-14 12:56:00,107][com.java.TestType] [  437] - The Concept sheet name is ---------- Concept
[INFO ][2016-01-14 12:56:00,107][com.java.TestType] [  440] - The Concept ID  is ---------- 2
[DEBUG][2016-01-14 12:56:00,107][com.java.TestType] [  444] - Steps being executted in the Concept are: 1:2
[INFO ][2016-01-14 12:56:00,108][com.java.TestType] [  451] - Test data details path ---------- D:\BankersDashboard\TestInputs\TestData.xls
[INFO ][2016-01-14 12:56:00,141][com.java.TestType] [  482] -  str(1) = 2
[INFO ][2016-01-14 12:56:00,142][com.java.TestType] [  485] - Test case Id is---2
[INFO ][2016-01-14 12:56:00,142][com.java.TestType] [  487] - 2
[INFO ][2016-01-14 12:56:00,142][com.java.TestType] [  482] -  str(2) = 1
[INFO ][2016-01-14 12:56:00,145][com.java.TestType] [  482] -  str(1) = 2
[INFO ][2016-01-14 12:56:00,145][com.java.TestType] [  485] - Test case Id is---2
[INFO ][2016-01-14 12:56:00,145][com.java.TestType] [  487] - 2
[INFO ][2016-01-14 12:56:00,145][com.java.TestType] [  482] -  str(2) = 2
[INFO ][2016-01-14 12:56:00,146][com.java.TestType] [  482] -  str(1) = 2
[INFO ][2016-01-14 12:56:00,146][com.java.TestType] [  485] - Test case Id is---2
[INFO ][2016-01-14 12:56:00,146][com.java.TestType] [  487] - 2
[INFO ][2016-01-14 12:56:00,146][com.java.TestType] [  482] -  str(2) = 3
[INFO ][2016-01-14 12:56:00,147][com.java.TestType] [11310] - Looping 1TCID = 2
[DEBUG][2016-01-14 12:56:00,147][com.java.TestType] [11351] - Concept ID:2 :: Step being Executed: 2::1
[INFO ][2016-01-14 12:56:00,147][com.java.TestType] [11389] - dataFields : BNK//select[@id='bank']
[DEBUG][2016-01-14 12:56:00,147][com.java.TestType] [11395] - <In Set values of the page>
[DEBUG][2016-01-14 12:56:00,147][com.java.TestType] [11400] - {Data Fields & Data Values Exist}
[INFO ][2016-01-14 12:56:00,147][com.java.TestType] [11406] - --------------------------setting values-----------------------------
[INFO ][2016-01-14 12:56:00,147][com.java.TestType] [11409] - Action Type : Select
[INFO ][2016-01-14 12:56:00,147][com.java.TestType] [ 6136] - value = PFC
[INFO ][2016-01-14 12:56:00,571][com.java.TestType] [11428] -  RESULT true
[INFO ][2016-01-14 12:56:00,571][com.java.TestType] [11545] - ?   P A S S   ?
[DEBUG][2016-01-14 12:56:00,571][com.java.TestType] [11351] - Concept ID:2 :: Step being Executed: 2::2
[INFO ][2016-01-14 12:56:00,571][com.java.TestType] [11389] - dataFields : LNKLogout
[DEBUG][2016-01-14 12:56:00,571][com.java.TestType] [11395] - <In Set values of the page>
[DEBUG][2016-01-14 12:56:00,572][com.java.TestType] [11400] - {Data Fields & Data Values Exist}
[INFO ][2016-01-14 12:56:00,572][com.java.TestType] [11406] - --------------------------setting values-----------------------------
[INFO ][2016-01-14 12:56:00,572][com.java.TestType] [11409] - Action Type : WaitTime
[DEBUG][2016-01-14 12:56:00,572][com.java.TestType] [ 5950] - sleepTime: 5000
[INFO ][2016-01-14 12:56:05,573][com.java.TestType] [11428] -  RESULT true
[INFO ][2016-01-14 12:56:05,574][com.java.TestType] [11545] - ?   P A S S   ?
[INFO ][2016-01-14 12:56:05,574][com.java.TestType] [11616] - Looping End......
[INFO ][2016-01-14 12:56:05,578][com.java.SeleniumDriver] [  930] -  RESULT true
[INFO ][2016-01-14 12:56:05,578][com.java.SeleniumDriver] [ 1136] - ?   P A S S   ?
[INFO ][2016-01-14 12:56:05,578][com.java.SeleniumDriver] [  856] - ------------------------------------------
[INFO ][2016-01-14 12:56:05,578][com.java.SeleniumDriver] [  857] - Test case being Executed: 1
[INFO ][2016-01-14 12:56:05,578][com.java.SeleniumDriver] [  869] - Test step:3
[INFO ][2016-01-14 12:56:05,578][com.java.SeleniumDriver] [  881] - Datavalue is----------2
[INFO ][2016-01-14 12:56:05,578][com.java.SeleniumDriver] [  905] - DataField : XPH//button[contains(text(),'Add Content')]
[INFO ][2016-01-14 12:56:05,579][com.java.SeleniumDriver] [  907] - DataValue : 2
[INFO ][2016-01-14 12:56:05,579][com.java.SeleniumDriver] [  913] - <In Set values of the page>
[INFO ][2016-01-14 12:56:05,579][com.java.SeleniumDriver] [  916] - {Data Fields & Data Values Exist}
[INFO ][2016-01-14 12:56:05,579][com.java.SeleniumDriver] [  918] - --------------------------setting values-----------------------------
[INFO ][2016-01-14 12:56:05,579][com.java.SeleniumDriver] [  921] - Action Type : WAITFORELEMENT
[INFO ][2016-01-14 12:56:05,615][com.java.SeleniumDriver] [  930] -  RESULT true
[INFO ][2016-01-14 12:56:05,615][com.java.SeleniumDriver] [ 1136] - ?   P A S S   ?
[DEBUG][2016-01-14 12:56:05,615][com.java.SeleniumDriver] [ 1248] - Case found
[DEBUG][2016-01-14 12:56:05,615][com.java.SeleniumDriver] [ 1253] - Incrementing ReportCounters[0]:1
[INFO ][2016-01-14 12:56:05,615][com.java.SeleniumDriver] [ 1272] - The results are-------------------[1, 1, Valid Login, Pass, , Thu Jan 14 12:56:00 IST 2016, 1, 2, Valid Login, Pass, , Thu Jan 14 12:56:05 IST 2016, 1, 3, Valid Login, Pass, , Thu Jan 14 12:56:05 IST 2016]
[INFO ][2016-01-14 12:56:05,616][com.java.SeleniumDriver] [ 1276] - End time is-------36 sec
[INFO ][2016-01-14 12:56:05,616][com.java.SeleniumDriver] [ 1277] - The results are-------------------[1, 1, Valid Login, Pass, , Thu Jan 14 12:56:00 IST 2016, 1, 2, Valid Login, Pass, , Thu Jan 14 12:56:05 IST 2016, 1, 3, Valid Login, Pass, , Thu Jan 14 12:56:05 IST 2016]
[DEBUG][2016-01-14 12:56:05,616][com.java.ImportnExport.ExportTestResultsExcel] [  222] - testResultPath = D:\BankersDashboard/TestReports/Test Results_BankersDashBoard_011416_125531_IE10_Any Bank USA.xls
[DEBUG][2016-01-14 12:56:05,616][com.java.ImportnExport.ExportTestResultsExcel] [  223] - browser is------------IE10
[DEBUG][2016-01-14 12:56:05,662][com.java.ImportnExport.ExportTestResultsExcel] [  270] - result.size() = 18
[DEBUG][2016-01-14 12:56:05,662][com.java.ImportnExport.ExportTestResultsExcel] [  274] - No of rows in sheet=1
[DEBUG][2016-01-14 12:56:05,662][com.java.ImportnExport.ExportTestResultsExcel] [  301] - ..in export..1
[DEBUG][2016-01-14 12:56:05,663][com.java.ImportnExport.ExportTestResultsExcel] [  301] - ..in export..Valid Login
[DEBUG][2016-01-14 12:56:05,663][com.java.ImportnExport.ExportTestResultsExcel] [  301] - ..in export..Pass
[DEBUG][2016-01-14 12:56:05,663][com.java.ImportnExport.ExportTestResultsExcel] [  301] - ..in export..
[DEBUG][2016-01-14 12:56:05,663][com.java.ImportnExport.ExportTestResultsExcel] [  301] - ..in export..Thu Jan 14 12:56:00 IST 2016
[INFO ][2016-01-14 12:56:05,665][com.java.SeleniumDriver] [ 1337] - out loop:0 size:2 TestCases:[1, 12] testcases:[1, 12]
[INFO ][2016-01-14 12:56:05,665][com.java.ImportnExport.ImportTestDataDetailsExcel] [   49] - test data details path===== D:\BankersDashboard\TestInputs\TestData.xls
[INFO ][2016-01-14 12:56:21,156][com.java.SeleniumDriver] [  856] - ------------------------------------------
[INFO ][2016-01-14 12:56:21,156][com.java.SeleniumDriver] [  857] - Test case being Executed: 12
[INFO ][2016-01-14 12:56:21,156][com.java.SeleniumDriver] [  869] - Test step:1
[INFO ][2016-01-14 12:56:21,156][com.java.SeleniumDriver] [  881] - Datavalue is----------Logout
[INFO ][2016-01-14 12:56:21,156][com.java.SeleniumDriver] [  905] - DataField : BTN
[INFO ][2016-01-14 12:56:21,156][com.java.SeleniumDriver] [  907] - DataValue : Logout
[INFO ][2016-01-14 12:56:21,156][com.java.SeleniumDriver] [  913] - <In Set values of the page>
[INFO ][2016-01-14 12:56:21,156][com.java.SeleniumDriver] [  916] - {Data Fields & Data Values Exist}
[INFO ][2016-01-14 12:56:21,156][com.java.SeleniumDriver] [  918] - --------------------------setting values-----------------------------
[INFO ][2016-01-14 12:56:21,156][com.java.SeleniumDriver] [  921] - Action Type : VERIFY
[INFO ][2016-01-14 12:56:21,156][com.java.TestType] [ 7643] - field= BTN value= Logout
[INFO ][2016-01-14 12:56:21,157][com.java.TestType] [ 6136] - value = Logout
[INFO ][2016-01-14 12:56:21,230][com.java.SeleniumDriver] [  930] -  RESULT true
[INFO ][2016-01-14 12:56:21,230][com.java.SeleniumDriver] [ 1136] - ?   P A S S   ?
[INFO ][2016-01-14 12:56:21,230][com.java.SeleniumDriver] [ 1178] - step change to 3
[INFO ][2016-01-14 12:56:21,231][com.java.SeleniumDriver] [  856] - ------------------------------------------
[INFO ][2016-01-14 12:56:21,231][com.java.SeleniumDriver] [  857] - Test case being Executed: 12
[INFO ][2016-01-14 12:56:21,231][com.java.SeleniumDriver] [  869] - Test step:3
[INFO ][2016-01-14 12:56:21,231][com.java.SeleniumDriver] [  881] - Datavalue is----------Concept#2:1-2
[INFO ][2016-01-14 12:56:21,231][com.java.SeleniumDriver] [  905] - DataField : test
[INFO ][2016-01-14 12:56:21,231][com.java.SeleniumDriver] [  907] - DataValue : Concept#2:1-2
[INFO ][2016-01-14 12:56:21,231][com.java.SeleniumDriver] [  913] - <In Set values of the page>
[INFO ][2016-01-14 12:56:21,231][com.java.SeleniumDriver] [  916] - {Data Fields & Data Values Exist}
[INFO ][2016-01-14 12:56:21,231][com.java.SeleniumDriver] [  918] - --------------------------setting values-----------------------------
[INFO ][2016-01-14 12:56:21,231][com.java.SeleniumDriver] [  921] - Action Type : ExecuteTestCase
[INFO ][2016-01-14 12:56:21,231][com.java.TestType] [  437] - The Concept sheet name is ---------- Concept
[INFO ][2016-01-14 12:56:21,231][com.java.TestType] [  440] - The Concept ID  is ---------- 2
[DEBUG][2016-01-14 12:56:21,232][com.java.TestType] [  444] - Steps being executted in the Concept are: 1:2
[INFO ][2016-01-14 12:56:21,232][com.java.TestType] [  451] - Test data details path ---------- D:\BankersDashboard\TestInputs\TestData.xls
[INFO ][2016-01-14 12:56:21,266][com.java.TestType] [  482] -  str(1) = 2
[INFO ][2016-01-14 12:56:21,266][com.java.TestType] [  485] - Test case Id is---2
[INFO ][2016-01-14 12:56:21,266][com.java.TestType] [  487] - 2
[INFO ][2016-01-14 12:56:21,266][com.java.TestType] [  482] -  str(2) = 1
[INFO ][2016-01-14 12:56:21,268][com.java.TestType] [  482] -  str(1) = 2
[INFO ][2016-01-14 12:56:21,268][com.java.TestType] [  485] - Test case Id is---2
[INFO ][2016-01-14 12:56:21,268][com.java.TestType] [  487] - 2
[INFO ][2016-01-14 12:56:21,268][com.java.TestType] [  482] -  str(2) = 2
[INFO ][2016-01-14 12:56:21,269][com.java.TestType] [  482] -  str(1) = 2
[INFO ][2016-01-14 12:56:21,269][com.java.TestType] [  485] - Test case Id is---2
[INFO ][2016-01-14 12:56:21,269][com.java.TestType] [  487] - 2
[INFO ][2016-01-14 12:56:21,269][com.java.TestType] [  482] -  str(2) = 3
[INFO ][2016-01-14 12:56:21,269][com.java.TestType] [11310] - Looping 1TCID = 2
[DEBUG][2016-01-14 12:56:21,269][com.java.TestType] [11351] - Concept ID:2 :: Step being Executed: 2::1
[INFO ][2016-01-14 12:56:21,270][com.java.TestType] [11389] - dataFields : BNK//select[@id='bank']
[DEBUG][2016-01-14 12:56:21,270][com.java.TestType] [11395] - <In Set values of the page>
[DEBUG][2016-01-14 12:56:21,270][com.java.TestType] [11400] - {Data Fields & Data Values Exist}
[INFO ][2016-01-14 12:56:21,270][com.java.TestType] [11406] - --------------------------setting values-----------------------------
[INFO ][2016-01-14 12:56:21,270][com.java.TestType] [11409] - Action Type : Select
[INFO ][2016-01-14 12:56:21,270][com.java.TestType] [ 6136] - value = PFC
[INFO ][2016-01-14 12:56:21,493][com.java.TestType] [11428] -  RESULT true
[INFO ][2016-01-14 12:56:21,493][com.java.TestType] [11545] - ?   P A S S   ?
[DEBUG][2016-01-14 12:56:21,493][com.java.TestType] [11351] - Concept ID:2 :: Step being Executed: 2::2
[INFO ][2016-01-14 12:56:21,494][com.java.TestType] [11389] - dataFields : LNKLogout
[DEBUG][2016-01-14 12:56:21,494][com.java.TestType] [11395] - <In Set values of the page>
[DEBUG][2016-01-14 12:56:21,494][com.java.TestType] [11400] - {Data Fields & Data Values Exist}
[INFO ][2016-01-14 12:56:21,494][com.java.TestType] [11406] - --------------------------setting values-----------------------------
[INFO ][2016-01-14 12:56:21,494][com.java.TestType] [11409] - Action Type : WaitTime
[DEBUG][2016-01-14 12:56:21,494][com.java.TestType] [ 5950] - sleepTime: 5000
[INFO ][2016-01-14 12:56:26,495][com.java.TestType] [11428] -  RESULT true
[INFO ][2016-01-14 12:56:26,495][com.java.TestType] [11545] - ?   P A S S   ?
[INFO ][2016-01-14 12:56:26,495][com.java.TestType] [11616] - Looping End......
[INFO ][2016-01-14 12:56:26,499][com.java.SeleniumDriver] [  930] -  RESULT true
[INFO ][2016-01-14 12:56:26,500][com.java.SeleniumDriver] [ 1136] - ?   P A S S   ?
[INFO ][2016-01-14 12:56:26,500][com.java.SeleniumDriver] [  856] - ------------------------------------------
[INFO ][2016-01-14 12:56:26,500][com.java.SeleniumDriver] [  857] - Test case being Executed: 12
[INFO ][2016-01-14 12:56:26,500][com.java.SeleniumDriver] [  869] - Test step:4
[INFO ][2016-01-14 12:56:26,500][com.java.SeleniumDriver] [  881] - Datavalue is----------null
[DEBUG][2016-01-14 12:56:26,500][com.java.SeleniumDriver] [  899] - Exception: null
[INFO ][2016-01-14 12:56:26,500][com.java.SeleniumDriver] [  905] - DataField : //span[@class='icon-user4']&&//a[text()='Company Settings']&&//a[@data-id="RatedLoans"]
[INFO ][2016-01-14 12:56:26,500][com.java.SeleniumDriver] [  907] - DataValue : 
[INFO ][2016-01-14 12:56:26,500][com.java.SeleniumDriver] [  913] - <In Set values of the page>
[INFO ][2016-01-14 12:56:26,500][com.java.SeleniumDriver] [  916] - {Data Fields & Data Values Exist}
[INFO ][2016-01-14 12:56:26,500][com.java.SeleniumDriver] [  918] - --------------------------setting values-----------------------------
[INFO ][2016-01-14 12:56:26,500][com.java.SeleniumDriver] [  921] - Action Type : MOUSEOVER
[INFO ][2016-01-14 12:56:54,027][com.java.SeleniumDriver] [  930] -  RESULT true
[INFO ][2016-01-14 12:56:54,027][com.java.SeleniumDriver] [ 1136] - ?   P A S S   ?
[INFO ][2016-01-14 12:56:54,027][com.java.SeleniumDriver] [  856] - ------------------------------------------
[INFO ][2016-01-14 12:56:54,027][com.java.SeleniumDriver] [  857] - Test case being Executed: 12
[INFO ][2016-01-14 12:56:54,027][com.java.SeleniumDriver] [  869] - Test step:5
[INFO ][2016-01-14 12:56:54,027][com.java.SeleniumDriver] [  881] - Datavalue is----------Rated Loan Categories
[INFO ][2016-01-14 12:56:54,027][com.java.SeleniumDriver] [  905] - DataField : XPH//span[contains(text(), 'Rated Loan Categories')]
[INFO ][2016-01-14 12:56:54,027][com.java.SeleniumDriver] [  907] - DataValue : Rated Loan Categories
[INFO ][2016-01-14 12:56:54,027][com.java.SeleniumDriver] [  913] - <In Set values of the page>
[INFO ][2016-01-14 12:56:54,027][com.java.SeleniumDriver] [  916] - {Data Fields & Data Values Exist}
[INFO ][2016-01-14 12:56:54,027][com.java.SeleniumDriver] [  918] - --------------------------setting values-----------------------------
[INFO ][2016-01-14 12:56:54,027][com.java.SeleniumDriver] [  921] - Action Type : VERIFY
[INFO ][2016-01-14 12:56:54,028][com.java.TestType] [ 7643] - field= XPH//span[contains(text(), 'Rated Loan Categories')] value= Rated Loan Categories
[INFO ][2016-01-14 12:56:54,028][com.java.TestType] [ 6136] - value = Rated Loan Categories
[INFO ][2016-01-14 12:56:54,156][com.java.SeleniumDriver] [  930] -  RESULT true
[INFO ][2016-01-14 12:56:54,156][com.java.SeleniumDriver] [ 1136] - ?   P A S S   ?
[INFO ][2016-01-14 12:56:54,156][com.java.SeleniumDriver] [  856] - ------------------------------------------
[INFO ][2016-01-14 12:56:54,156][com.java.SeleniumDriver] [  857] - Test case being Executed: 12
[INFO ][2016-01-14 12:56:54,156][com.java.SeleniumDriver] [  869] - Test step:6
[INFO ][2016-01-14 12:56:54,156][com.java.SeleniumDriver] [  881] - Datavalue is----------null
[DEBUG][2016-01-14 12:56:54,157][com.java.SeleniumDriver] [  899] - Exception: null
[INFO ][2016-01-14 12:56:54,157][com.java.SeleniumDriver] [  905] - DataField : BTNframeDialogContent
[INFO ][2016-01-14 12:56:54,157][com.java.SeleniumDriver] [  907] - DataValue : 
[INFO ][2016-01-14 12:56:54,157][com.java.SeleniumDriver] [  913] - <In Set values of the page>
[INFO ][2016-01-14 12:56:54,157][com.java.SeleniumDriver] [  916] - {Data Fields & Data Values Exist}
[INFO ][2016-01-14 12:56:54,157][com.java.SeleniumDriver] [  918] - --------------------------setting values-----------------------------
[INFO ][2016-01-14 12:56:54,157][com.java.SeleniumDriver] [  921] - Action Type : SELECTFRAME
[INFO ][2016-01-14 12:56:55,461][com.java.SeleniumDriver] [  930] -  RESULT true
[INFO ][2016-01-14 12:56:55,461][com.java.SeleniumDriver] [ 1136] - ?   P A S S   ?
[INFO ][2016-01-14 12:56:55,461][com.java.SeleniumDriver] [  856] - ------------------------------------------
[INFO ][2016-01-14 12:56:55,461][com.java.SeleniumDriver] [  857] - Test case being Executed: 12
[INFO ][2016-01-14 12:56:55,461][com.java.SeleniumDriver] [  869] - Test step:7
[INFO ][2016-01-14 12:56:55,461][com.java.SeleniumDriver] [  881] - Datavalue is----------null
[DEBUG][2016-01-14 12:56:55,461][com.java.SeleniumDriver] [  899] - Exception: null
[INFO ][2016-01-14 12:56:55,461][com.java.SeleniumDriver] [  905] - DataField : BTNbtnAddNew
[INFO ][2016-01-14 12:56:55,462][com.java.SeleniumDriver] [  907] - DataValue : 
[INFO ][2016-01-14 12:56:55,462][com.java.SeleniumDriver] [  913] - <In Set values of the page>
[INFO ][2016-01-14 12:56:55,462][com.java.SeleniumDriver] [  916] - {Data Fields & Data Values Exist}
[INFO ][2016-01-14 12:56:55,462][com.java.SeleniumDriver] [  918] - --------------------------setting values-----------------------------
[INFO ][2016-01-14 12:56:55,462][com.java.SeleniumDriver] [  921] - Action Type : CLICK
[INFO ][2016-01-14 12:56:55,462][com.java.TestType] [ 6515] - Field ::BTNbtnAddNew
[INFO ][2016-01-14 12:56:55,462][com.java.TestType] [ 6136] - value = 
[INFO ][2016-01-14 12:56:56,462][com.java.TestType] [ 6631] - BEFORE CLICK
[INFO ][2016-01-14 12:56:57,665][com.java.TestType] [ 6638] - Unable to click the object Add New Category button
[INFO ][2016-01-14 12:56:57,665][com.java.SeleniumDriver] [  930] -  RESULT true
[INFO ][2016-01-14 12:56:57,665][com.java.SeleniumDriver] [ 1136] - ?   P A S S   ?
[INFO ][2016-01-14 12:56:57,665][com.java.SeleniumDriver] [  856] - ------------------------------------------
[INFO ][2016-01-14 12:56:57,665][com.java.SeleniumDriver] [  857] - Test case being Executed: 12
[INFO ][2016-01-14 12:56:57,665][com.java.SeleniumDriver] [  869] - Test step:8
[INFO ][2016-01-14 12:56:57,665][com.java.SeleniumDriver] [  881] - Datavalue is----------5
[INFO ][2016-01-14 12:56:57,665][com.java.SeleniumDriver] [  905] - DataField : XPH//td[contains(text(),'Description')]
[INFO ][2016-01-14 12:56:57,665][com.java.SeleniumDriver] [  907] - DataValue : 5
[INFO ][2016-01-14 12:56:57,665][com.java.SeleniumDriver] [  913] - <In Set values of the page>
[INFO ][2016-01-14 12:56:57,665][com.java.SeleniumDriver] [  916] - {Data Fields & Data Values Exist}
[INFO ][2016-01-14 12:56:57,666][com.java.SeleniumDriver] [  918] - --------------------------setting values-----------------------------
[INFO ][2016-01-14 12:56:57,666][com.java.SeleniumDriver] [  921] - Action Type : WAITFORELEMENT
[INFO ][2016-01-14 12:56:57,691][com.java.SeleniumDriver] [  930] -  RESULT true
[INFO ][2016-01-14 12:56:57,691][com.java.SeleniumDriver] [ 1136] - ?   P A S S   ?
[INFO ][2016-01-14 12:56:57,691][com.java.SeleniumDriver] [  856] - ------------------------------------------
[INFO ][2016-01-14 12:56:57,691][com.java.SeleniumDriver] [  857] - Test case being Executed: 12
[INFO ][2016-01-14 12:56:57,691][com.java.SeleniumDriver] [  869] - Test step:9
[INFO ][2016-01-14 12:56:57,691][com.java.SeleniumDriver] [  881] - Datavalue is----------//td[contains(text(),'Description')]
[INFO ][2016-01-14 12:56:57,691][com.java.SeleniumDriver] [  905] - DataField : BTN
[INFO ][2016-01-14 12:56:57,692][com.java.SeleniumDriver] [  907] - DataValue : //td[contains(text(),'Description')]
[INFO ][2016-01-14 12:56:57,692][com.java.SeleniumDriver] [  913] - <In Set values of the page>
[INFO ][2016-01-14 12:56:57,692][com.java.SeleniumDriver] [  916] - {Data Fields & Data Values Exist}
[INFO ][2016-01-14 12:56:57,692][com.java.SeleniumDriver] [  918] - --------------------------setting values-----------------------------
[INFO ][2016-01-14 12:56:57,692][com.java.SeleniumDriver] [  921] - Action Type : VERIFY
[INFO ][2016-01-14 12:56:57,692][com.java.TestType] [ 7643] - field= BTN value= //td[contains(text(),'Description')]
[INFO ][2016-01-14 12:56:57,692][com.java.TestType] [ 6136] - value = //td[contains(text(),'Description')]
[INFO ][2016-01-14 12:56:57,732][com.java.SeleniumDriver] [  930] -  RESULT true
[INFO ][2016-01-14 12:56:57,732][com.java.SeleniumDriver] [ 1136] - ?   P A S S   ?
[INFO ][2016-01-14 12:56:57,732][com.java.SeleniumDriver] [  856] - ------------------------------------------
[INFO ][2016-01-14 12:56:57,732][com.java.SeleniumDriver] [  857] - Test case being Executed: 12
[INFO ][2016-01-14 12:56:57,732][com.java.SeleniumDriver] [  869] - Test step:10
[INFO ][2016-01-14 12:56:57,732][com.java.SeleniumDriver] [  881] - Datavalue is----------//td[contains(text(),'Rated Loan*')]
[INFO ][2016-01-14 12:56:57,732][com.java.SeleniumDriver] [  905] - DataField : BTN
[INFO ][2016-01-14 12:56:57,732][com.java.SeleniumDriver] [  907] - DataValue : //td[contains(text(),'Rated Loan*')]
[INFO ][2016-01-14 12:56:57,733][com.java.SeleniumDriver] [  913] - <In Set values of the page>
[INFO ][2016-01-14 12:56:57,733][com.java.SeleniumDriver] [  916] - {Data Fields & Data Values Exist}
[INFO ][2016-01-14 12:56:57,733][com.java.SeleniumDriver] [  918] - --------------------------setting values-----------------------------
[INFO ][2016-01-14 12:56:57,733][com.java.SeleniumDriver] [  921] - Action Type : VERIFY
[INFO ][2016-01-14 12:56:57,733][com.java.TestType] [ 7643] - field= BTN value= //td[contains(text(),'Rated Loan*')]
[INFO ][2016-01-14 12:56:57,733][com.java.TestType] [ 6136] - value = //td[contains(text(),'Rated Loan*')]
[INFO ][2016-01-14 12:56:57,764][com.java.SeleniumDriver] [  930] -  RESULT true
[INFO ][2016-01-14 12:56:57,764][com.java.SeleniumDriver] [ 1136] - ?   P A S S   ?
[INFO ][2016-01-14 12:56:57,764][com.java.SeleniumDriver] [  856] - ------------------------------------------
[INFO ][2016-01-14 12:56:57,764][com.java.SeleniumDriver] [  857] - Test case being Executed: 12
[INFO ][2016-01-14 12:56:57,764][com.java.SeleniumDriver] [  869] - Test step:11
[INFO ][2016-01-14 12:56:57,764][com.java.SeleniumDriver] [  881] - Datavalue is----------RNDVLTest
[INFO ][2016-01-14 12:56:57,764][com.java.SeleniumDriver] [  905] - DataField : TXTtxtDescription
[INFO ][2016-01-14 12:56:57,764][com.java.SeleniumDriver] [  907] - DataValue : RNDVLTest
[INFO ][2016-01-14 12:56:57,764][com.java.SeleniumDriver] [  913] - <In Set values of the page>
[INFO ][2016-01-14 12:56:57,764][com.java.SeleniumDriver] [  916] - {Data Fields & Data Values Exist}
[INFO ][2016-01-14 12:56:57,764][com.java.SeleniumDriver] [  918] - --------------------------setting values-----------------------------
[INFO ][2016-01-14 12:56:57,764][com.java.SeleniumDriver] [  921] - Action Type : CLEARANDENTER
[INFO ][2016-01-14 12:56:58,904][com.java.TestType] [ 6136] - value = VLTest36656
[INFO ][2016-01-14 12:57:00,391][com.java.SeleniumDriver] [  930] -  RESULT true
[INFO ][2016-01-14 12:57:00,391][com.java.SeleniumDriver] [ 1136] - ?   P A S S   ?
[INFO ][2016-01-14 12:57:00,391][com.java.SeleniumDriver] [  856] - ------------------------------------------
[INFO ][2016-01-14 12:57:00,391][com.java.SeleniumDriver] [  857] - Test case being Executed: 12
[INFO ][2016-01-14 12:57:00,391][com.java.SeleniumDriver] [  869] - Test step:12
[INFO ][2016-01-14 12:57:00,391][com.java.SeleniumDriver] [  881] - Datavalue is----------2
[INFO ][2016-01-14 12:57:00,391][com.java.SeleniumDriver] [  905] - DataField : test
[INFO ][2016-01-14 12:57:00,392][com.java.SeleniumDriver] [  907] - DataValue : 2
[INFO ][2016-01-14 12:57:00,392][com.java.SeleniumDriver] [  913] - <In Set values of the page>
[INFO ][2016-01-14 12:57:00,392][com.java.SeleniumDriver] [  916] - {Data Fields & Data Values Exist}
[INFO ][2016-01-14 12:57:00,392][com.java.SeleniumDriver] [  918] - --------------------------setting values-----------------------------
[INFO ][2016-01-14 12:57:00,392][com.java.SeleniumDriver] [  921] - Action Type : WAITTIME
[DEBUG][2016-01-14 12:57:00,392][com.java.TestType] [ 5950] - sleepTime: 2000
[INFO ][2016-01-14 12:57:02,393][com.java.SeleniumDriver] [  930] -  RESULT true
[INFO ][2016-01-14 12:57:02,393][com.java.SeleniumDriver] [ 1136] - ?   P A S S   ?
[INFO ][2016-01-14 12:57:02,393][com.java.SeleniumDriver] [  856] - ------------------------------------------
[INFO ][2016-01-14 12:57:02,393][com.java.SeleniumDriver] [  857] - Test case being Executed: 12
[INFO ][2016-01-14 12:57:02,393][com.java.SeleniumDriver] [  869] - Test step:13
[INFO ][2016-01-14 12:57:02,393][com.java.SeleniumDriver] [  881] - Datavalue is----------Test
[INFO ][2016-01-14 12:57:02,393][com.java.SeleniumDriver] [  905] - DataField : TXTtxtDescription
[INFO ][2016-01-14 12:57:02,393][com.java.SeleniumDriver] [  907] - DataValue : Test
[INFO ][2016-01-14 12:57:02,393][com.java.SeleniumDriver] [  913] - <In Set values of the page>
[INFO ][2016-01-14 12:57:02,393][com.java.SeleniumDriver] [  916] - {Data Fields & Data Values Exist}
[INFO ][2016-01-14 12:57:02,393][com.java.SeleniumDriver] [  918] - --------------------------setting values-----------------------------
[INFO ][2016-01-14 12:57:02,393][com.java.SeleniumDriver] [  921] - Action Type : STOREVALUE
[INFO ][2016-01-14 12:57:02,394][com.java.TestType] [ 9070] - field= TXTtxtDescription
[DEBUG][2016-01-14 12:57:03,497][com.java.TestType] [ 9084] - Key:: Test  Value:: VLTest36656
[INFO ][2016-01-14 12:57:03,497][com.java.SeleniumDriver] [  930] -  RESULT true
[INFO ][2016-01-14 12:57:03,497][com.java.SeleniumDriver] [ 1136] - ?   P A S S   ?
[INFO ][2016-01-14 12:57:03,497][com.java.SeleniumDriver] [  856] - ------------------------------------------
[INFO ][2016-01-14 12:57:03,497][com.java.SeleniumDriver] [  857] - Test case being Executed: 12
[INFO ][2016-01-14 12:57:03,497][com.java.SeleniumDriver] [  869] - Test step:14
[INFO ][2016-01-14 12:57:03,497][com.java.SeleniumDriver] [  881] - Datavalue is----------3
[INFO ][2016-01-14 12:57:03,497][com.java.SeleniumDriver] [  905] - DataField : test
[INFO ][2016-01-14 12:57:03,498][com.java.SeleniumDriver] [  907] - DataValue : 3
[INFO ][2016-01-14 12:57:03,498][com.java.SeleniumDriver] [  913] - <In Set values of the page>
[INFO ][2016-01-14 12:57:03,498][com.java.SeleniumDriver] [  916] - {Data Fields & Data Values Exist}
[INFO ][2016-01-14 12:57:03,498][com.java.SeleniumDriver] [  918] - --------------------------setting values-----------------------------
[INFO ][2016-01-14 12:57:03,498][com.java.SeleniumDriver] [  921] - Action Type : WAITTIME
[DEBUG][2016-01-14 12:57:03,498][com.java.TestType] [ 5950] - sleepTime: 3000
[INFO ][2016-01-14 12:57:06,498][com.java.SeleniumDriver] [  930] -  RESULT true
[INFO ][2016-01-14 12:57:06,498][com.java.SeleniumDriver] [ 1136] - ?   P A S S   ?
[INFO ][2016-01-14 12:57:06,498][com.java.SeleniumDriver] [  856] - ------------------------------------------
[INFO ][2016-01-14 12:57:06,498][com.java.SeleniumDriver] [  857] - Test case being Executed: 12
[INFO ][2016-01-14 12:57:06,498][com.java.SeleniumDriver] [  869] - Test step:15
[INFO ][2016-01-14 12:57:06,498][com.java.SeleniumDriver] [  881] - Datavalue is----------1.00
[INFO ][2016-01-14 12:57:06,498][com.java.SeleniumDriver] [  905] - DataField : TXTtxtWeight
[INFO ][2016-01-14 12:57:06,499][com.java.SeleniumDriver] [  907] - DataValue : 1.00
[INFO ][2016-01-14 12:57:06,499][com.java.SeleniumDriver] [  913] - <In Set values of the page>
[INFO ][2016-01-14 12:57:06,499][com.java.SeleniumDriver] [  916] - {Data Fields & Data Values Exist}
[INFO ][2016-01-14 12:57:06,499][com.java.SeleniumDriver] [  918] - --------------------------setting values-----------------------------
[INFO ][2016-01-14 12:57:06,499][com.java.SeleniumDriver] [  921] - Action Type : CLEARANDENTER
[INFO ][2016-01-14 12:57:07,640][com.java.TestType] [ 6136] - value = 1.00
[INFO ][2016-01-14 12:57:08,796][com.java.SeleniumDriver] [  930] -  RESULT true
[INFO ][2016-01-14 12:57:08,796][com.java.SeleniumDriver] [ 1136] - ?   P A S S   ?
[INFO ][2016-01-14 12:57:08,796][com.java.SeleniumDriver] [  856] - ------------------------------------------
[INFO ][2016-01-14 12:57:08,796][com.java.SeleniumDriver] [  857] - Test case being Executed: 12
[INFO ][2016-01-14 12:57:08,796][com.java.SeleniumDriver] [  869] - Test step:16
[INFO ][2016-01-14 12:57:08,796][com.java.SeleniumDriver] [  881] - Datavalue is----------Historical
[INFO ][2016-01-14 12:57:08,796][com.java.SeleniumDriver] [  905] - DataField : TXTtxtWeight
[INFO ][2016-01-14 12:57:08,797][com.java.SeleniumDriver] [  907] - DataValue : Historical
[INFO ][2016-01-14 12:57:08,798][com.java.SeleniumDriver] [  913] - <In Set values of the page>
[INFO ][2016-01-14 12:57:08,798][com.java.SeleniumDriver] [  916] - {Data Fields & Data Values Exist}
[INFO ][2016-01-14 12:57:08,798][com.java.SeleniumDriver] [  918] - --------------------------setting values-----------------------------
[INFO ][2016-01-14 12:57:08,798][com.java.SeleniumDriver] [  921] - Action Type : STOREVALUE
[INFO ][2016-01-14 12:57:08,798][com.java.TestType] [ 9070] - field= TXTtxtWeight
[DEBUG][2016-01-14 12:57:09,885][com.java.TestType] [ 9084] - Key:: Historical  Value:: 1.00
[INFO ][2016-01-14 12:57:09,885][com.java.SeleniumDriver] [  930] -  RESULT true
[INFO ][2016-01-14 12:57:09,885][com.java.SeleniumDriver] [ 1136] - ?   P A S S   ?
[INFO ][2016-01-14 12:57:09,885][com.java.SeleniumDriver] [  856] - ------------------------------------------
[INFO ][2016-01-14 12:57:09,885][com.java.SeleniumDriver] [  857] - Test case being Executed: 12
[INFO ][2016-01-14 12:57:09,886][com.java.SeleniumDriver] [  869] - Test step:17
[INFO ][2016-01-14 12:57:09,886][com.java.SeleniumDriver] [  881] - Datavalue is----------3
[INFO ][2016-01-14 12:57:09,886][com.java.SeleniumDriver] [  905] - DataField : test
[INFO ][2016-01-14 12:57:09,886][com.java.SeleniumDriver] [  907] - DataValue : 3
[INFO ][2016-01-14 12:57:09,886][com.java.SeleniumDriver] [  913] - <In Set values of the page>
[INFO ][2016-01-14 12:57:09,886][com.java.SeleniumDriver] [  916] - {Data Fields & Data Values Exist}
[INFO ][2016-01-14 12:57:09,886][com.java.SeleniumDriver] [  918] - --------------------------setting values-----------------------------
[INFO ][2016-01-14 12:57:09,886][com.java.SeleniumDriver] [  921] - Action Type : WAITTIME
[DEBUG][2016-01-14 12:57:09,886][com.java.TestType] [ 5950] - sleepTime: 3000
[INFO ][2016-01-14 12:57:12,887][com.java.SeleniumDriver] [  930] -  RESULT true
[INFO ][2016-01-14 12:57:12,887][com.java.SeleniumDriver] [ 1136] - ?   P A S S   ?
[INFO ][2016-01-14 12:57:12,887][com.java.SeleniumDriver] [  856] - ------------------------------------------
[INFO ][2016-01-14 12:57:12,887][com.java.SeleniumDriver] [  857] - Test case being Executed: 12
[INFO ][2016-01-14 12:57:12,887][com.java.SeleniumDriver] [  869] - Test step:18
[INFO ][2016-01-14 12:57:12,887][com.java.SeleniumDriver] [  881] - Datavalue is----------1.20
[INFO ][2016-01-14 12:57:12,887][com.java.SeleniumDriver] [  905] - DataField : TXTtxtWeight1
[INFO ][2016-01-14 12:57:12,887][com.java.SeleniumDriver] [  907] - DataValue : 1.20
[INFO ][2016-01-14 12:57:12,887][com.java.SeleniumDriver] [  913] - <In Set values of the page>
[INFO ][2016-01-14 12:57:12,887][com.java.SeleniumDriver] [  916] - {Data Fields & Data Values Exist}
[INFO ][2016-01-14 12:57:12,887][com.java.SeleniumDriver] [  918] - --------------------------setting values-----------------------------
[INFO ][2016-01-14 12:57:12,887][com.java.SeleniumDriver] [  921] - Action Type : CLEARANDENTER
[INFO ][2016-01-14 12:57:14,038][com.java.TestType] [ 6136] - value = 1.20
[INFO ][2016-01-14 12:57:15,187][com.java.SeleniumDriver] [  930] -  RESULT true
[INFO ][2016-01-14 12:57:15,187][com.java.SeleniumDriver] [ 1136] - ?   P A S S   ?
[INFO ][2016-01-14 12:57:15,187][com.java.SeleniumDriver] [  856] - ------------------------------------------
[INFO ][2016-01-14 12:57:15,187][com.java.SeleniumDriver] [  857] - Test case being Executed: 12
[INFO ][2016-01-14 12:57:15,187][com.java.SeleniumDriver] [  869] - Test step:19
[INFO ][2016-01-14 12:57:15,187][com.java.SeleniumDriver] [  881] - Datavalue is----------Economic
[INFO ][2016-01-14 12:57:15,187][com.java.SeleniumDriver] [  905] - DataField : TXTtxtWeight1
[INFO ][2016-01-14 12:57:15,188][com.java.SeleniumDriver] [  907] - DataValue : Economic
[INFO ][2016-01-14 12:57:15,188][com.java.SeleniumDriver] [  913] - <In Set values of the page>
[INFO ][2016-01-14 12:57:15,188][com.java.SeleniumDriver] [  916] - {Data Fields & Data Values Exist}
[INFO ][2016-01-14 12:57:15,188][com.java.SeleniumDriver] [  918] - --------------------------setting values-----------------------------
[INFO ][2016-01-14 12:57:15,188][com.java.SeleniumDriver] [  921] - Action Type : STOREVALUE
[INFO ][2016-01-14 12:57:15,188][com.java.TestType] [ 9070] - field= TXTtxtWeight1
[DEBUG][2016-01-14 12:57:16,269][com.java.TestType] [ 9084] - Key:: Economic  Value:: 1.20
[INFO ][2016-01-14 12:57:16,269][com.java.SeleniumDriver] [  930] -  RESULT true
[INFO ][2016-01-14 12:57:16,269][com.java.SeleniumDriver] [ 1136] - ?   P A S S   ?
[INFO ][2016-01-14 12:57:16,269][com.java.SeleniumDriver] [  856] - ------------------------------------------
[INFO ][2016-01-14 12:57:16,269][com.java.SeleniumDriver] [  857] - Test case being Executed: 12
[INFO ][2016-01-14 12:57:16,269][com.java.SeleniumDriver] [  869] - Test step:20
[INFO ][2016-01-14 12:57:16,269][com.java.SeleniumDriver] [  881] - Datavalue is----------3
[INFO ][2016-01-14 12:57:16,269][com.java.SeleniumDriver] [  905] - DataField : test
[INFO ][2016-01-14 12:57:16,269][com.java.SeleniumDriver] [  907] - DataValue : 3
[INFO ][2016-01-14 12:57:16,270][com.java.SeleniumDriver] [  913] - <In Set values of the page>
[INFO ][2016-01-14 12:57:16,270][com.java.SeleniumDriver] [  916] - {Data Fields & Data Values Exist}
[INFO ][2016-01-14 12:57:16,270][com.java.SeleniumDriver] [  918] - --------------------------setting values-----------------------------
[INFO ][2016-01-14 12:57:16,270][com.java.SeleniumDriver] [  921] - Action Type : WAITTIME
[DEBUG][2016-01-14 12:57:16,270][com.java.TestType] [ 5950] - sleepTime: 3000
[INFO ][2016-01-14 12:57:19,270][com.java.SeleniumDriver] [  930] -  RESULT true
[INFO ][2016-01-14 12:57:19,270][com.java.SeleniumDriver] [ 1136] - ?   P A S S   ?
[INFO ][2016-01-14 12:57:19,270][com.java.SeleniumDriver] [  856] - ------------------------------------------
[INFO ][2016-01-14 12:57:19,270][com.java.SeleniumDriver] [  857] - Test case being Executed: 12
[INFO ][2016-01-14 12:57:19,270][com.java.SeleniumDriver] [  869] - Test step:21
[INFO ][2016-01-14 12:57:19,270][com.java.SeleniumDriver] [  881] - Datavalue is----------0.50
[INFO ][2016-01-14 12:57:19,270][com.java.SeleniumDriver] [  905] - DataField : TXTtxtWeight2
[INFO ][2016-01-14 12:57:19,270][com.java.SeleniumDriver] [  907] - DataValue : 0.50
[INFO ][2016-01-14 12:57:19,270][com.java.SeleniumDriver] [  913] - <In Set values of the page>
[INFO ][2016-01-14 12:57:19,270][com.java.SeleniumDriver] [  916] - {Data Fields & Data Values Exist}
[INFO ][2016-01-14 12:57:19,270][com.java.SeleniumDriver] [  918] - --------------------------setting values-----------------------------
[INFO ][2016-01-14 12:57:19,271][com.java.SeleniumDriver] [  921] - Action Type : CLEARANDENTER
[INFO ][2016-01-14 12:57:20,430][com.java.TestType] [ 6136] - value = 0.50
[INFO ][2016-01-14 12:57:21,597][com.java.SeleniumDriver] [  930] -  RESULT true
[INFO ][2016-01-14 12:57:21,597][com.java.SeleniumDriver] [ 1136] - ?   P A S S   ?
[INFO ][2016-01-14 12:57:21,597][com.java.SeleniumDriver] [  856] - ------------------------------------------
[INFO ][2016-01-14 12:57:21,597][com.java.SeleniumDriver] [  857] - Test case being Executed: 12
[INFO ][2016-01-14 12:57:21,597][com.java.SeleniumDriver] [  869] - Test step:22
[INFO ][2016-01-14 12:57:21,597][com.java.SeleniumDriver] [  881] - Datavalue is----------Other
[INFO ][2016-01-14 12:57:21,598][com.java.SeleniumDriver] [  905] - DataField : TXTtxtWeight2
[INFO ][2016-01-14 12:57:21,598][com.java.SeleniumDriver] [  907] - DataValue : Other
[INFO ][2016-01-14 12:57:21,598][com.java.SeleniumDriver] [  913] - <In Set values of the page>
[INFO ][2016-01-14 12:57:21,598][com.java.SeleniumDriver] [  916] - {Data Fields & Data Values Exist}
[INFO ][2016-01-14 12:57:21,598][com.java.SeleniumDriver] [  918] - --------------------------setting values-----------------------------
[INFO ][2016-01-14 12:57:21,598][com.java.SeleniumDriver] [  921] - Action Type : STOREVALUE
[INFO ][2016-01-14 12:57:21,598][com.java.TestType] [ 9070] - field= TXTtxtWeight2
[DEBUG][2016-01-14 12:57:22,700][com.java.TestType] [ 9084] - Key:: Other  Value:: 0.50
[INFO ][2016-01-14 12:57:22,700][com.java.SeleniumDriver] [  930] -  RESULT true
[INFO ][2016-01-14 12:57:22,700][com.java.SeleniumDriver] [ 1136] - ?   P A S S   ?
[INFO ][2016-01-14 12:57:22,700][com.java.SeleniumDriver] [  856] - ------------------------------------------
[INFO ][2016-01-14 12:57:22,700][com.java.SeleniumDriver] [  857] - Test case being Executed: 12
[INFO ][2016-01-14 12:57:22,700][com.java.SeleniumDriver] [  869] - Test step:23
[INFO ][2016-01-14 12:57:22,700][com.java.SeleniumDriver] [  881] - Datavalue is----------3
[INFO ][2016-01-14 12:57:22,701][com.java.SeleniumDriver] [  905] - DataField : test
[INFO ][2016-01-14 12:57:22,701][com.java.SeleniumDriver] [  907] - DataValue : 3
[INFO ][2016-01-14 12:57:22,701][com.java.SeleniumDriver] [  913] - <In Set values of the page>
[INFO ][2016-01-14 12:57:22,701][com.java.SeleniumDriver] [  916] - {Data Fields & Data Values Exist}
[INFO ][2016-01-14 12:57:22,701][com.java.SeleniumDriver] [  918] - --------------------------setting values-----------------------------
[INFO ][2016-01-14 12:57:22,701][com.java.SeleniumDriver] [  921] - Action Type : WAITTIME
[DEBUG][2016-01-14 12:57:22,701][com.java.TestType] [ 5950] - sleepTime: 3000
[INFO ][2016-01-14 12:57:25,701][com.java.SeleniumDriver] [  930] -  RESULT true
[INFO ][2016-01-14 12:57:25,701][com.java.SeleniumDriver] [ 1136] - ?   P A S S   ?
[INFO ][2016-01-14 12:57:25,701][com.java.SeleniumDriver] [  856] - ------------------------------------------
[INFO ][2016-01-14 12:57:25,701][com.java.SeleniumDriver] [  857] - Test case being Executed: 12
[INFO ][2016-01-14 12:57:25,701][com.java.SeleniumDriver] [  869] - Test step:24
[INFO ][2016-01-14 12:57:25,701][com.java.SeleniumDriver] [  881] - Datavalue is----------null
[DEBUG][2016-01-14 12:57:25,701][com.java.SeleniumDriver] [  899] - Exception: null
[INFO ][2016-01-14 12:57:25,701][com.java.SeleniumDriver] [  905] - DataField : BTNchkRated
[INFO ][2016-01-14 12:57:25,701][com.java.SeleniumDriver] [  907] - DataValue : 
[INFO ][2016-01-14 12:57:25,701][com.java.SeleniumDriver] [  913] - <In Set values of the page>
[INFO ][2016-01-14 12:57:25,701][com.java.SeleniumDriver] [  916] - {Data Fields & Data Values Exist}
[INFO ][2016-01-14 12:57:25,701][com.java.SeleniumDriver] [  918] - --------------------------setting values-----------------------------
[INFO ][2016-01-14 12:57:25,702][com.java.SeleniumDriver] [  921] - Action Type : CLICK
[INFO ][2016-01-14 12:57:25,702][com.java.TestType] [ 6515] - Field ::BTNchkRated
[INFO ][2016-01-14 12:57:25,702][com.java.TestType] [ 6136] - value = 
[INFO ][2016-01-14 12:57:26,702][com.java.TestType] [ 6631] - BEFORE CLICK
[INFO ][2016-01-14 12:57:27,898][com.java.TestType] [ 6638] - Unable to click the object RatedLoan checkbox
[INFO ][2016-01-14 12:57:27,898][com.java.SeleniumDriver] [  930] -  RESULT true
[INFO ][2016-01-14 12:57:27,898][com.java.SeleniumDriver] [ 1136] - ?   P A S S   ?
[INFO ][2016-01-14 12:57:27,899][com.java.SeleniumDriver] [  856] - ------------------------------------------
[INFO ][2016-01-14 12:57:27,899][com.java.SeleniumDriver] [  857] - Test case being Executed: 12
[INFO ][2016-01-14 12:57:27,899][com.java.SeleniumDriver] [  869] - Test step:25
[INFO ][2016-01-14 12:57:27,899][com.java.SeleniumDriver] [  881] - Datavalue is----------null
[DEBUG][2016-01-14 12:57:27,899][com.java.SeleniumDriver] [  899] - Exception: null
[INFO ][2016-01-14 12:57:27,899][com.java.SeleniumDriver] [  905] - DataField : BTNparent
[INFO ][2016-01-14 12:57:27,899][com.java.SeleniumDriver] [  907] - DataValue : 
[INFO ][2016-01-14 12:57:27,899][com.java.SeleniumDriver] [  913] - <In Set values of the page>
[INFO ][2016-01-14 12:57:27,899][com.java.SeleniumDriver] [  916] - {Data Fields & Data Values Exist}
[INFO ][2016-01-14 12:57:27,899][com.java.SeleniumDriver] [  918] - --------------------------setting values-----------------------------
[INFO ][2016-01-14 12:57:27,899][com.java.SeleniumDriver] [  921] - Action Type : SELECTFRAME
[INFO ][2016-01-14 12:57:27,916][com.java.SeleniumDriver] [  930] -  RESULT true
[INFO ][2016-01-14 12:57:27,916][com.java.SeleniumDriver] [ 1136] - ?   P A S S   ?
[INFO ][2016-01-14 12:57:27,916][com.java.SeleniumDriver] [  856] - ------------------------------------------
[INFO ][2016-01-14 12:57:27,916][com.java.SeleniumDriver] [  857] - Test case being Executed: 12
[INFO ][2016-01-14 12:57:27,916][com.java.SeleniumDriver] [  869] - Test step:26
[INFO ][2016-01-14 12:57:27,916][com.java.SeleniumDriver] [  881] - Datavalue is----------5
[INFO ][2016-01-14 12:57:27,916][com.java.SeleniumDriver] [  905] - DataField : XPH//span[contains(text(), 'Update')]
[INFO ][2016-01-14 12:57:27,917][com.java.SeleniumDriver] [  907] - DataValue : 5
[INFO ][2016-01-14 12:57:27,917][com.java.SeleniumDriver] [  913] - <In Set values of the page>
[INFO ][2016-01-14 12:57:27,917][com.java.SeleniumDriver] [  916] - {Data Fields & Data Values Exist}
[INFO ][2016-01-14 12:57:27,917][com.java.SeleniumDriver] [  918] - --------------------------setting values-----------------------------
[INFO ][2016-01-14 12:57:27,917][com.java.SeleniumDriver] [  921] - Action Type : WAITFORELEMENT
[INFO ][2016-01-14 12:57:27,953][com.java.SeleniumDriver] [  930] -  RESULT true
[INFO ][2016-01-14 12:57:27,953][com.java.SeleniumDriver] [ 1136] - ?   P A S S   ?
[INFO ][2016-01-14 12:57:27,953][com.java.SeleniumDriver] [  856] - ------------------------------------------
[INFO ][2016-01-14 12:57:27,953][com.java.SeleniumDriver] [  857] - Test case being Executed: 12
[INFO ][2016-01-14 12:57:27,953][com.java.SeleniumDriver] [  869] - Test step:27
[INFO ][2016-01-14 12:57:27,953][com.java.SeleniumDriver] [  881] - Datavalue is----------null
[DEBUG][2016-01-14 12:57:27,954][com.java.SeleniumDriver] [  899] - Exception: null
[INFO ][2016-01-14 12:57:27,954][com.java.SeleniumDriver] [  905] - DataField : XPH//span[contains(text(), 'Update')]
[INFO ][2016-01-14 12:57:27,954][com.java.SeleniumDriver] [  907] - DataValue : 
[INFO ][2016-01-14 12:57:27,954][com.java.SeleniumDriver] [  913] - <In Set values of the page>
[INFO ][2016-01-14 12:57:27,954][com.java.SeleniumDriver] [  916] - {Data Fields & Data Values Exist}
[INFO ][2016-01-14 12:57:27,954][com.java.SeleniumDriver] [  918] - --------------------------setting values-----------------------------
[INFO ][2016-01-14 12:57:27,954][com.java.SeleniumDriver] [  921] - Action Type : CLICK
[INFO ][2016-01-14 12:57:27,954][com.java.TestType] [ 6515] - Field ::XPH//span[contains(text(), 'Update')]
[INFO ][2016-01-14 12:57:27,954][com.java.TestType] [ 6136] - value = 
[INFO ][2016-01-14 12:57:28,954][com.java.TestType] [ 6652] - BEFORE CLICK
[INFO ][2016-01-14 12:57:29,862][com.java.TestType] [ 6660] - Unable to click the object Update button
[INFO ][2016-01-14 12:57:29,862][com.java.SeleniumDriver] [  930] -  RESULT true
[INFO ][2016-01-14 12:57:29,862][com.java.SeleniumDriver] [ 1136] - ?   P A S S   ?
[INFO ][2016-01-14 12:57:29,862][com.java.SeleniumDriver] [  856] - ------------------------------------------
[INFO ][2016-01-14 12:57:29,862][com.java.SeleniumDriver] [  857] - Test case being Executed: 12
[INFO ][2016-01-14 12:57:29,862][com.java.SeleniumDriver] [  869] - Test step:28
[INFO ][2016-01-14 12:57:29,862][com.java.SeleniumDriver] [  881] - Datavalue is----------5
[INFO ][2016-01-14 12:57:29,862][com.java.SeleniumDriver] [  905] - DataField : XPH//span[contains(text(), 'Rated Loan Categories')]
[INFO ][2016-01-14 12:57:29,862][com.java.SeleniumDriver] [  907] - DataValue : 5
[INFO ][2016-01-14 12:57:29,862][com.java.SeleniumDriver] [  913] - <In Set values of the page>
[INFO ][2016-01-14 12:57:29,862][com.java.SeleniumDriver] [  916] - {Data Fields & Data Values Exist}
[INFO ][2016-01-14 12:57:29,862][com.java.SeleniumDriver] [  918] - --------------------------setting values-----------------------------
[INFO ][2016-01-14 12:57:29,863][com.java.SeleniumDriver] [  921] - Action Type : WAITFORELEMENT
[INFO ][2016-01-14 12:57:29,899][com.java.SeleniumDriver] [  930] -  RESULT true
[INFO ][2016-01-14 12:57:29,899][com.java.SeleniumDriver] [ 1136] - ?   P A S S   ?
[INFO ][2016-01-14 12:57:29,899][com.java.SeleniumDriver] [  856] - ------------------------------------------
[INFO ][2016-01-14 12:57:29,900][com.java.SeleniumDriver] [  857] - Test case being Executed: 12
[INFO ][2016-01-14 12:57:29,900][com.java.SeleniumDriver] [  869] - Test step:29
[INFO ][2016-01-14 12:57:29,900][com.java.SeleniumDriver] [  881] - Datavalue is----------null
[DEBUG][2016-01-14 12:57:29,900][com.java.SeleniumDriver] [  899] - Exception: null
[INFO ][2016-01-14 12:57:29,900][com.java.SeleniumDriver] [  905] - DataField : BTNframeDialogContent
[INFO ][2016-01-14 12:57:29,900][com.java.SeleniumDriver] [  907] - DataValue : 
[INFO ][2016-01-14 12:57:29,900][com.java.SeleniumDriver] [  913] - <In Set values of the page>
[INFO ][2016-01-14 12:57:29,900][com.java.SeleniumDriver] [  916] - {Data Fields & Data Values Exist}
[INFO ][2016-01-14 12:57:29,900][com.java.SeleniumDriver] [  918] - --------------------------setting values-----------------------------
[INFO ][2016-01-14 12:57:29,900][com.java.SeleniumDriver] [  921] - Action Type : SELECTFRAME
[INFO ][2016-01-14 12:57:31,183][com.java.SeleniumDriver] [  930] -  RESULT true
[INFO ][2016-01-14 12:57:31,183][com.java.SeleniumDriver] [ 1136] - ?   P A S S   ?
[INFO ][2016-01-14 12:57:31,183][com.java.SeleniumDriver] [  856] - ------------------------------------------
[INFO ][2016-01-14 12:57:31,183][com.java.SeleniumDriver] [  857] - Test case being Executed: 12
[INFO ][2016-01-14 12:57:31,183][com.java.SeleniumDriver] [  869] - Test step:30
[INFO ][2016-01-14 12:57:31,184][com.java.SeleniumDriver] [  881] - Datavalue is----------HMVTest
[INFO ][2016-01-14 12:57:31,184][com.java.SeleniumDriver] [  905] - DataField : MSG
[INFO ][2016-01-14 12:57:31,184][com.java.SeleniumDriver] [  907] - DataValue : HMVTest
[INFO ][2016-01-14 12:57:31,184][com.java.SeleniumDriver] [  913] - <In Set values of the page>
[INFO ][2016-01-14 12:57:31,184][com.java.SeleniumDriver] [  916] - {Data Fields & Data Values Exist}
[INFO ][2016-01-14 12:57:31,184][com.java.SeleniumDriver] [  918] - --------------------------setting values-----------------------------
[INFO ][2016-01-14 12:57:31,184][com.java.SeleniumDriver] [  921] - Action Type : VERIFY
[INFO ][2016-01-14 12:57:31,184][com.java.TestType] [ 7643] - field= MSG value= HMVTest
[INFO ][2016-01-14 12:57:31,184][com.java.TestType] [ 6136] - value = VLTest36656
[DEBUG][2016-01-14 12:57:31,184][com.java.TestType] [ 8473] - value :: VLTest36656
[ERROR][2016-01-14 12:57:31,202][com.java.TestType] [ 8478] - Assertion Error: 
[INFO ][2016-01-14 12:57:31,202][com.java.SeleniumDriver] [  930] -  RESULT false
[INFO ][2016-01-14 12:57:31,202][com.java.SeleniumDriver] [  977] - ?   F A I L   ?
[INFO ][2016-01-14 12:57:31,202][com.java.SeleniumDriver] [  985] - Browser Type : IE10
[INFO ][2016-01-14 12:57:31,202][com.java.SeleniumDriver] [  986] - Adding Failed case12
[INFO ][2016-01-14 12:57:31,985][com.java.SeleniumDriver] [ 1100] - failedCases = 12
[ERROR][2016-01-14 12:57:31,985][com.java.SeleniumDriver] [ 1599] - Platform Errors : Our apologies...::We have encountered an issue with your request.::Our apologies?:We encountered an issue with your request.
[INFO ][2016-01-14 12:57:31,986][com.java.SeleniumDriver] [ 1603] - Length =3
[ERROR][2016-01-14 12:57:31,986][com.java.SeleniumDriver] [ 1606] - Error 0 = Our apologies...
[ERROR][2016-01-14 12:57:32,084][com.java.SeleniumDriver] [ 1606] - Error 1 = We have encountered an issue with your request.
[ERROR][2016-01-14 12:57:32,100][com.java.SeleniumDriver] [ 1606] - Error 2 = Our apologies?:We encountered an issue with your request.
[INFO ][2016-01-14 12:57:32,116][com.java.SeleniumDriver] [ 1617] - strError:
[DEBUG][2016-01-14 12:57:32,131][com.java.SeleniumDriver] [ 1248] - Case found
[DEBUG][2016-01-14 12:57:32,131][com.java.SeleniumDriver] [ 1253] - Incrementing ReportCounters[0]:2
[INFO ][2016-01-14 12:57:32,131][com.java.SeleniumDriver] [ 1272] - The results are-------------------[12, 30, Admin: Company Settings: Rated Loan Categories: Modify Existing Category, Fail, 
Test case failed at Step No. :: 30   Error Message ::  . Screen Shot : D:\BankersDashboard\TestReports\011416\12_011416_125731_IE10.png, Thu Jan 14 12:57:32 IST 2016]
[INFO ][2016-01-14 12:57:32,131][com.java.SeleniumDriver] [ 1276] - End time is-------2 min 2 sec
[INFO ][2016-01-14 12:57:32,131][com.java.SeleniumDriver] [ 1277] - The results are-------------------[12, 30, Admin: Company Settings: Rated Loan Categories: Modify Existing Category, Fail, 
Test case failed at Step No. :: 30   Error Message ::  . Screen Shot : D:\BankersDashboard\TestReports\011416\12_011416_125731_IE10.png, Thu Jan 14 12:57:32 IST 2016]
[DEBUG][2016-01-14 12:57:32,131][com.java.ImportnExport.ExportTestResultsExcel] [  222] - testResultPath = D:\BankersDashboard/TestReports/Test Results_BankersDashBoard_011416_125531_IE10_Any Bank USA.xls
[DEBUG][2016-01-14 12:57:32,131][com.java.ImportnExport.ExportTestResultsExcel] [  223] - browser is------------IE10
[DEBUG][2016-01-14 12:57:32,133][com.java.ImportnExport.ExportTestResultsExcel] [  270] - result.size() = 6
[DEBUG][2016-01-14 12:57:32,133][com.java.ImportnExport.ExportTestResultsExcel] [  274] - No of rows in sheet=2
[DEBUG][2016-01-14 12:57:32,134][com.java.ImportnExport.ExportTestResultsExcel] [  301] - ..in export..12
[DEBUG][2016-01-14 12:57:32,134][com.java.ImportnExport.ExportTestResultsExcel] [  301] - ..in export..Admin: Company Settings: Rated Loan Categories: Modify Existing Category
[DEBUG][2016-01-14 12:57:32,134][com.java.ImportnExport.ExportTestResultsExcel] [  301] - ..in export..Fail
[DEBUG][2016-01-14 12:57:32,134][com.java.ImportnExport.ExportTestResultsExcel] [  301] - ..in export..
Test case failed at Step No. :: 30   Error Message ::  . Screen Shot : D:\BankersDashboard\TestReports\011416\12_011416_125731_IE10.png
[DEBUG][2016-01-14 12:57:32,134][com.java.ImportnExport.ExportTestResultsExcel] [  301] - ..in export..Thu Jan 14 12:57:32 IST 2016
[INFO ][2016-01-14 12:57:32,135][com.java.SeleniumDriver] [ 1337] - out loop:1 size:2 TestCases:[1, 12] testcases:[1, 12]
[INFO ][2016-01-14 12:57:34,136][com.java.SeleniumDriver] [ 1380] - Total Number of Cases:2
[INFO ][2016-01-14 12:57:34,136][com.java.TemplateGenerator] [  302] - Executed:2
[INFO ][2016-01-14 12:57:34,136][com.java.TemplateGenerator] [  303] - Passed:1
[INFO ][2016-01-14 12:57:34,136][com.java.TemplateGenerator] [  304] - Failed:1
[INFO ][2016-01-14 12:57:34,136][com.java.TemplateGenerator] [  305] - Skipeed:0
[INFO ][2016-01-14 12:57:34,136][com.java.TemplateGenerator] [  306] - Application URL:https://clients-xuat.bankersdashboard.com
[INFO ][2016-01-14 12:57:34,136][com.java.TemplateGenerator] [  307] - Start Time:011416_125531
[INFO ][2016-01-14 12:57:34,136][com.java.TemplateGenerator] [  308] -  Creating HTML Report 
[ERROR][2016-01-14 12:57:34,137][com.java.TemplateGenerator] [  409] - Unparseable date: "Thu Jan 14 12:55:31 IST 2016"
[INFO ][2016-01-14 12:57:34,137][com.java.TemplateGenerator] [  654] -  Exporting case :: 1
[INFO ][2016-01-14 12:57:34,137][com.java.TemplateGenerator] [  654] -  Exporting case :: 12
[INFO ][2016-01-14 12:57:34,144][com.java.SeleniumDriver] [ 1429] - End Time:011416_125734
[INFO ][2016-01-14 12:57:34,144][com.java.SeleniumDriver] [ 1432] - Data in Test Execution Details:{1=PASS, 12=FAILTest case failed at Step No. :: 30   Error Message ::  }
[INFO ][2016-01-14 12:57:34,144][com.java.SeleniumDriver] [ 1433] - Data in Failed Execution Deatils:{}
[INFO ][2016-01-14 12:57:34,144][com.java.SeleniumDriver] [ 1435] - ReportCounter:Total:2 :: PASS: 1 ::FAIL: 1
[INFO ][2016-01-14 12:57:34,144][com.java.SeleniumDriver] [ 1436] - FailedReportCounter:Total:0 :: PASS: 0 ::FAIL: 0
[INFO ][2016-01-14 12:57:34,150][com.java.EmailTestReport] [   63] - Sending report mail details:
[INFO ][2016-01-14 12:57:34,151][com.java.EmailTestReport] [   80] - Excel Report Path:D:\BankersDashboard/TestReports/Test Results_BankersDashBoard_011416_125531_IE10_Any Bank USA.xls
[INFO ][2016-01-14 12:57:34,151][com.java.EmailTestReport] [   81] - HTML Report Path:D:\BankersDashboard//TestReports//Test Results_BankersDashBoard_011416_125531_IE10_Any Bank USA.html
[INFO ][2016-01-14 12:57:34,151][com.java.EmailTestReport] [   82] - smtpHostName:mail01.valuelabs.com
[INFO ][2016-01-14 12:57:34,151][com.java.EmailTestReport] [   83] - Recipient:venkateswararao.gubbala@valuelabs.com;
[INFO ][2016-01-14 12:57:34,151][com.java.EmailTestReport] [   84] - From:venkateswararao.gubbala@valuelabs.com;
[INFO ][2016-01-14 12:57:34,151][com.java.EmailTestReport] [   85] - Subject:Deluxe Corp Bankers Dashboard Automation Test Report - Any Bank USA - IE10
[INFO ][2016-01-14 12:57:34,168][com.java.EmailTestReport] [  143] -  Added venkateswararao.gubbala@valuelabs.com
[INFO ][2016-01-14 12:57:37,278][com.java.SeleniumDriver] [  722] - quitting the browser 
[INFO ][2016-01-14 12:57:39,042][com.java.SeleniumDriver] [  264] - Execution Completed Stopping the thread
