[INFO ][2015-12-22 20:22:37,973][com.java.SeleniumDriver] [  213] - Execute Failed Casesfalse
[INFO ][2015-12-22 20:22:37,975][com.java.SeleniumDriver] [  214] - Browser: IE10
[INFO ][2015-12-22 20:22:37,975][com.java.SeleniumDriver] [  215] - [18]
[INFO ][2015-12-22 20:22:37,975][com.java.SeleniumDriver] [  216] - Total TestCases:1
[INFO ][2015-12-22 20:22:37,975][com.java.SeleniumDriver] [  217] -  Reading Properties from Property File 
[DEBUG][2015-12-22 20:22:37,975][com.java.SeleniumDriver] [  238] - url : https://clients-xuat.bankersdashboard.com
[INFO ][2015-12-22 20:22:37,975][com.java.ImportnExport.ExportTestResultsExcel] [  116] - Time Stamp Tue Dec 22 08:22:37 IST 2015
[INFO ][2015-12-22 20:22:37,975][com.java.ImportnExport.ExportTestResultsExcel] [  175] - OUT FILE : D:\BankersDashboard/TestReports/Test Results_BankersDashBoard_122215_202237_IE10_Bank of North Carolina.xls
[INFO ][2015-12-22 20:22:38,006][com.java.ImportnExport.ExportTestResultsExcel] [  180] - Test Result file is created
[DEBUG][2015-12-22 20:22:38,114][com.java.SeleniumDriver] [  426] - Hub ip address is-------172.17.68.34
[INFO ][2015-12-22 20:22:38,116][com.java.SeleniumDriver] [  452] - Grid URL:http://172.17.68.34:4444/wd/hub
[INFO ][2015-12-22 20:22:38,116][com.java.SeleniumDriver] [  453] - Capability:Capabilities [{platform=ANY, ensureCleanSession=true, ignoreProtectedModeSettings=true, acceptSslCerts=true, ignoreZoomSetting=true, browserName=internet explorer, browserstack.ie.noFlash=true, version=null}]
[ERROR][2015-12-22 20:22:39,456][com.java.SeleniumDriver] [  497] - Unable invoke browser in grid:Could not start a new session. Possible causes are invalid address of the remote server or browser start-up failure.
Build info: version: '2.48.2', revision: '41bccdd', time: '2015-10-09 19:59:12'
System info: host: 'FVTIII438F1D', ip: '172.17.68.34', os.name: 'Windows 7', os.arch: 'x86', os.version: '6.1', java.version: '1.7.0_55'
Driver info: driver.version: SeleniumDriver
[INFO ][2015-12-22 20:22:39,456][com.java.SeleniumDriver] [  499] - Executing on local machine
[INFO ][2015-12-22 20:22:49,877][com.java.SeleniumDriver] [  248] - IE10is opened
[INFO ][2015-12-22 20:22:50,717][com.java.SeleniumDriver] [  754] - Test cases to be executed are: [18]
[INFO ][2015-12-22 20:22:50,738][com.java.ImportnExport.ImportTestDataDetailsExcel] [   49] - test data details path===== D:\BankersDashboard\TestInputs\TestData.xls
[INFO ][2015-12-22 20:22:50,843][com.java.SeleniumDriver] [  821] - ------------------------------------------
[INFO ][2015-12-22 20:22:50,843][com.java.SeleniumDriver] [  822] - Test case being Executed: 18
[INFO ][2015-12-22 20:22:50,843][com.java.SeleniumDriver] [  833] - Test step:1
[INFO ][2015-12-22 20:22:50,843][com.java.SeleniumDriver] [  845] - Datavalue is----------Logout
[INFO ][2015-12-22 20:22:50,843][com.java.SeleniumDriver] [  869] - DataField : BTN
[INFO ][2015-12-22 20:22:50,843][com.java.SeleniumDriver] [  871] - DataValue : Logout
[INFO ][2015-12-22 20:22:50,843][com.java.SeleniumDriver] [  877] - <In Set values of the page>
[INFO ][2015-12-22 20:22:50,843][com.java.SeleniumDriver] [  880] - {Data Fields & Data Values Exist}
[INFO ][2015-12-22 20:22:50,845][com.java.SeleniumDriver] [  882] - --------------------------setting values-----------------------------
[INFO ][2015-12-22 20:22:50,845][com.java.SeleniumDriver] [  885] - Action Type : Verify
[INFO ][2015-12-22 20:22:50,865][com.java.TestType] [ 6982] - field= BTN value= Logout
[INFO ][2015-12-22 20:22:50,868][com.java.TestType] [ 5632] - value = Logout
[DEBUG][2015-12-22 20:23:26,964][com.java.TestType] [ 6643] - Logout   :: Element not Found
[ERROR][2015-12-22 20:23:43,988][com.java.TestType] [ 7695] - Assertion Error: 
[INFO ][2015-12-22 20:23:43,988][com.java.SeleniumDriver] [  894] -  RESULT false
[INFO ][2015-12-22 20:23:43,988][com.java.SeleniumDriver] [  941] - ?   F A I L   ?
[INFO ][2015-12-22 20:23:43,988][com.java.SeleniumDriver] [  949] - Browser Type : IE10
[INFO ][2015-12-22 20:23:43,988][com.java.SeleniumDriver] [  950] - Adding Failed case18
[DEBUG][2015-12-22 20:23:44,634][com.java.SeleniumDriver] [ 1018] -  tdd.getCondition() IF:Next:3
[INFO ][2015-12-22 20:23:44,634][com.java.SeleniumDriver] [ 1027] - step change to 3
[INFO ][2015-12-22 20:23:44,636][com.java.SeleniumDriver] [  821] - ------------------------------------------
[INFO ][2015-12-22 20:23:44,636][com.java.SeleniumDriver] [  822] - Test case being Executed: 18
[INFO ][2015-12-22 20:23:44,636][com.java.SeleniumDriver] [  833] - Test step:3
[INFO ][2015-12-22 20:23:44,636][com.java.SeleniumDriver] [  845] - Datavalue is----------Concept#1:1-8
[INFO ][2015-12-22 20:23:44,636][com.java.SeleniumDriver] [  869] - DataField : test
[INFO ][2015-12-22 20:23:44,636][com.java.SeleniumDriver] [  871] - DataValue : Concept#1:1-8
[INFO ][2015-12-22 20:23:44,636][com.java.SeleniumDriver] [  877] - <In Set values of the page>
[INFO ][2015-12-22 20:23:44,636][com.java.SeleniumDriver] [  880] - {Data Fields & Data Values Exist}
[INFO ][2015-12-22 20:23:44,636][com.java.SeleniumDriver] [  882] - --------------------------setting values-----------------------------
[INFO ][2015-12-22 20:23:44,636][com.java.SeleniumDriver] [  885] - Action Type : ExecuteTestCase
[INFO ][2015-12-22 20:23:44,636][com.java.TestType] [  437] - The Concept sheet name is ---------- Concept
[INFO ][2015-12-22 20:23:44,636][com.java.TestType] [  440] - The Concept ID  is ---------- 1
[DEBUG][2015-12-22 20:23:44,636][com.java.TestType] [  444] - Steps being executted in the Concept are: 1:8
[INFO ][2015-12-22 20:23:44,636][com.java.TestType] [  451] - Test data details path ---------- D:\BankersDashboard\TestInputs\TestData.xls
[INFO ][2015-12-22 20:23:44,666][com.java.TestType] [  482] -  str(1) = 1
[INFO ][2015-12-22 20:23:44,666][com.java.TestType] [  485] - Test case Id is---1
[INFO ][2015-12-22 20:23:44,666][com.java.TestType] [  487] - 1
[INFO ][2015-12-22 20:23:44,666][com.java.TestType] [  482] -  str(2) = 1
[INFO ][2015-12-22 20:23:44,669][com.java.TestType] [  534] - row values are--------{1=com.java.Objects.TestDataDetails@c14649}
[INFO ][2015-12-22 20:23:44,669][com.java.TestType] [  482] -  str(1) = 1
[INFO ][2015-12-22 20:23:44,669][com.java.TestType] [  485] - Test case Id is---1
[INFO ][2015-12-22 20:23:44,669][com.java.TestType] [  487] - 1
[INFO ][2015-12-22 20:23:44,669][com.java.TestType] [  482] -  str(2) = 2
[INFO ][2015-12-22 20:23:44,669][com.java.TestType] [  534] - row values are--------{1=com.java.Objects.TestDataDetails@c14649, 2=com.java.Objects.TestDataDetails@1c2da2}
[INFO ][2015-12-22 20:23:44,669][com.java.TestType] [  482] -  str(1) = 1
[INFO ][2015-12-22 20:23:44,669][com.java.TestType] [  485] - Test case Id is---1
[INFO ][2015-12-22 20:23:44,669][com.java.TestType] [  487] - 1
[INFO ][2015-12-22 20:23:44,669][com.java.TestType] [  482] -  str(2) = 3
[INFO ][2015-12-22 20:23:44,671][com.java.TestType] [  534] - row values are--------{1=com.java.Objects.TestDataDetails@c14649, 2=com.java.Objects.TestDataDetails@1c2da2, 3=com.java.Objects.TestDataDetails@1684e94}
[INFO ][2015-12-22 20:23:44,671][com.java.TestType] [  482] -  str(1) = 1
[INFO ][2015-12-22 20:23:44,671][com.java.TestType] [  485] - Test case Id is---1
[INFO ][2015-12-22 20:23:44,671][com.java.TestType] [  487] - 1
[INFO ][2015-12-22 20:23:44,671][com.java.TestType] [  482] -  str(2) = 4
[INFO ][2015-12-22 20:23:44,674][com.java.TestType] [  534] - row values are--------{1=com.java.Objects.TestDataDetails@c14649, 2=com.java.Objects.TestDataDetails@1c2da2, 3=com.java.Objects.TestDataDetails@1684e94, 4=com.java.Objects.TestDataDetails@1f0788d}
[INFO ][2015-12-22 20:23:44,674][com.java.TestType] [  482] -  str(1) = 1
[INFO ][2015-12-22 20:23:44,674][com.java.TestType] [  485] - Test case Id is---1
[INFO ][2015-12-22 20:23:44,674][com.java.TestType] [  487] - 1
[INFO ][2015-12-22 20:23:44,674][com.java.TestType] [  482] -  str(2) = 5
[INFO ][2015-12-22 20:23:44,674][com.java.TestType] [  534] - row values are--------{1=com.java.Objects.TestDataDetails@c14649, 2=com.java.Objects.TestDataDetails@1c2da2, 3=com.java.Objects.TestDataDetails@1684e94, 4=com.java.Objects.TestDataDetails@1f0788d, 5=com.java.Objects.TestDataDetails@155226f}
[INFO ][2015-12-22 20:23:44,674][com.java.TestType] [  482] -  str(1) = 1
[INFO ][2015-12-22 20:23:44,674][com.java.TestType] [  485] - Test case Id is---1
[INFO ][2015-12-22 20:23:44,674][com.java.TestType] [  487] - 1
[INFO ][2015-12-22 20:23:44,674][com.java.TestType] [  482] -  str(2) = 6
[INFO ][2015-12-22 20:23:44,676][com.java.TestType] [  534] - row values are--------{1=com.java.Objects.TestDataDetails@c14649, 2=com.java.Objects.TestDataDetails@1c2da2, 3=com.java.Objects.TestDataDetails@1684e94, 4=com.java.Objects.TestDataDetails@1f0788d, 5=com.java.Objects.TestDataDetails@155226f, 6=com.java.Objects.TestDataDetails@eaa79c}
[INFO ][2015-12-22 20:23:44,676][com.java.TestType] [  482] -  str(1) = 1
[INFO ][2015-12-22 20:23:44,676][com.java.TestType] [  485] - Test case Id is---1
[INFO ][2015-12-22 20:23:44,676][com.java.TestType] [  487] - 1
[INFO ][2015-12-22 20:23:44,676][com.java.TestType] [  482] -  str(2) = 7
[INFO ][2015-12-22 20:23:44,676][com.java.TestType] [  534] - row values are--------{1=com.java.Objects.TestDataDetails@c14649, 2=com.java.Objects.TestDataDetails@1c2da2, 3=com.java.Objects.TestDataDetails@1684e94, 4=com.java.Objects.TestDataDetails@1f0788d, 5=com.java.Objects.TestDataDetails@155226f, 6=com.java.Objects.TestDataDetails@eaa79c, 7=com.java.Objects.TestDataDetails@fd586d}
[INFO ][2015-12-22 20:23:44,676][com.java.TestType] [  482] -  str(1) = 1
[INFO ][2015-12-22 20:23:44,676][com.java.TestType] [  485] - Test case Id is---1
[INFO ][2015-12-22 20:23:44,676][com.java.TestType] [  487] - 1
[INFO ][2015-12-22 20:23:44,676][com.java.TestType] [  482] -  str(2) = 8
[INFO ][2015-12-22 20:23:44,679][com.java.TestType] [  534] - row values are--------{1=com.java.Objects.TestDataDetails@c14649, 2=com.java.Objects.TestDataDetails@1c2da2, 3=com.java.Objects.TestDataDetails@1684e94, 4=com.java.Objects.TestDataDetails@1f0788d, 5=com.java.Objects.TestDataDetails@155226f, 6=com.java.Objects.TestDataDetails@eaa79c, 7=com.java.Objects.TestDataDetails@fd586d, 8=com.java.Objects.TestDataDetails@1bfcdbd}
[INFO ][2015-12-22 20:23:44,679][com.java.TestType] [  482] -  str(1) = 1
[INFO ][2015-12-22 20:23:44,679][com.java.TestType] [  485] - Test case Id is---1
[INFO ][2015-12-22 20:23:44,679][com.java.TestType] [  487] - 1
[INFO ][2015-12-22 20:23:44,679][com.java.TestType] [  482] -  str(2) = 9
[INFO ][2015-12-22 20:23:44,679][com.java.TestType] [  534] - row values are--------{1=com.java.Objects.TestDataDetails@c14649, 2=com.java.Objects.TestDataDetails@1c2da2, 3=com.java.Objects.TestDataDetails@1684e94, 4=com.java.Objects.TestDataDetails@1f0788d, 5=com.java.Objects.TestDataDetails@155226f, 6=com.java.Objects.TestDataDetails@eaa79c, 7=com.java.Objects.TestDataDetails@fd586d, 8=com.java.Objects.TestDataDetails@1bfcdbd, 9=com.java.Objects.TestDataDetails@4f4373}
[INFO ][2015-12-22 20:23:44,679][com.java.TestType] [  482] -  str(1) = 1
[INFO ][2015-12-22 20:23:44,679][com.java.TestType] [  485] - Test case Id is---1
[INFO ][2015-12-22 20:23:44,679][com.java.TestType] [  487] - 1
[INFO ][2015-12-22 20:23:44,679][com.java.TestType] [  482] -  str(2) = 10
[INFO ][2015-12-22 20:23:44,679][com.java.TestType] [  534] - row values are--------{1=com.java.Objects.TestDataDetails@c14649, 2=com.java.Objects.TestDataDetails@1c2da2, 3=com.java.Objects.TestDataDetails@1684e94, 4=com.java.Objects.TestDataDetails@1f0788d, 5=com.java.Objects.TestDataDetails@155226f, 6=com.java.Objects.TestDataDetails@eaa79c, 7=com.java.Objects.TestDataDetails@fd586d, 8=com.java.Objects.TestDataDetails@1bfcdbd, 9=com.java.Objects.TestDataDetails@4f4373, 10=com.java.Objects.TestDataDetails@1a44394}
[INFO ][2015-12-22 20:23:44,679][com.java.TestType] [  482] -  str(1) = 1
[INFO ][2015-12-22 20:23:44,681][com.java.TestType] [  485] - Test case Id is---1
[INFO ][2015-12-22 20:23:44,681][com.java.TestType] [  487] - 1
[INFO ][2015-12-22 20:23:44,681][com.java.TestType] [  482] -  str(2) = 11
[INFO ][2015-12-22 20:23:44,681][com.java.TestType] [  534] - row values are--------{1=com.java.Objects.TestDataDetails@c14649, 2=com.java.Objects.TestDataDetails@1c2da2, 3=com.java.Objects.TestDataDetails@1684e94, 4=com.java.Objects.TestDataDetails@1f0788d, 5=com.java.Objects.TestDataDetails@155226f, 6=com.java.Objects.TestDataDetails@eaa79c, 7=com.java.Objects.TestDataDetails@fd586d, 8=com.java.Objects.TestDataDetails@1bfcdbd, 9=com.java.Objects.TestDataDetails@4f4373, 10=com.java.Objects.TestDataDetails@1a44394, 11=com.java.Objects.TestDataDetails@18b2a9a}
[INFO ][2015-12-22 20:23:44,681][com.java.TestType] [  482] -  str(1) = 1
[INFO ][2015-12-22 20:23:44,681][com.java.TestType] [  485] - Test case Id is---1
[INFO ][2015-12-22 20:23:44,684][com.java.TestType] [  487] - 1
[INFO ][2015-12-22 20:23:44,684][com.java.TestType] [  482] -  str(2) = 12
[INFO ][2015-12-22 20:23:44,684][com.java.TestType] [  534] - row values are--------{1=com.java.Objects.TestDataDetails@c14649, 2=com.java.Objects.TestDataDetails@1c2da2, 3=com.java.Objects.TestDataDetails@1684e94, 4=com.java.Objects.TestDataDetails@1f0788d, 5=com.java.Objects.TestDataDetails@155226f, 6=com.java.Objects.TestDataDetails@eaa79c, 7=com.java.Objects.TestDataDetails@fd586d, 8=com.java.Objects.TestDataDetails@1bfcdbd, 9=com.java.Objects.TestDataDetails@4f4373, 10=com.java.Objects.TestDataDetails@1a44394, 11=com.java.Objects.TestDataDetails@18b2a9a, 12=com.java.Objects.TestDataDetails@c46396}
[INFO ][2015-12-22 20:23:44,684][com.java.TestType] [  482] -  str(1) = 1
[INFO ][2015-12-22 20:23:44,684][com.java.TestType] [  485] - Test case Id is---1
[INFO ][2015-12-22 20:23:44,684][com.java.TestType] [  487] - 1
[INFO ][2015-12-22 20:23:44,684][com.java.TestType] [  482] -  str(2) = 13
[INFO ][2015-12-22 20:23:44,684][com.java.TestType] [  534] - row values are--------{1=com.java.Objects.TestDataDetails@c14649, 2=com.java.Objects.TestDataDetails@1c2da2, 3=com.java.Objects.TestDataDetails@1684e94, 4=com.java.Objects.TestDataDetails@1f0788d, 5=com.java.Objects.TestDataDetails@155226f, 6=com.java.Objects.TestDataDetails@eaa79c, 7=com.java.Objects.TestDataDetails@fd586d, 8=com.java.Objects.TestDataDetails@1bfcdbd, 9=com.java.Objects.TestDataDetails@4f4373, 10=com.java.Objects.TestDataDetails@1a44394, 11=com.java.Objects.TestDataDetails@18b2a9a, 12=com.java.Objects.TestDataDetails@c46396, 13=com.java.Objects.TestDataDetails@dd36f3}
[INFO ][2015-12-22 20:23:44,684][com.java.TestType] [  482] -  str(1) = 1
[INFO ][2015-12-22 20:23:44,684][com.java.TestType] [  485] - Test case Id is---1
[INFO ][2015-12-22 20:23:44,684][com.java.TestType] [  487] - 1
[INFO ][2015-12-22 20:23:44,684][com.java.TestType] [  482] -  str(2) = 14
[INFO ][2015-12-22 20:23:44,686][com.java.TestType] [  534] - row values are--------{1=com.java.Objects.TestDataDetails@c14649, 2=com.java.Objects.TestDataDetails@1c2da2, 3=com.java.Objects.TestDataDetails@1684e94, 4=com.java.Objects.TestDataDetails@1f0788d, 5=com.java.Objects.TestDataDetails@155226f, 6=com.java.Objects.TestDataDetails@eaa79c, 7=com.java.Objects.TestDataDetails@fd586d, 8=com.java.Objects.TestDataDetails@1bfcdbd, 9=com.java.Objects.TestDataDetails@4f4373, 10=com.java.Objects.TestDataDetails@1a44394, 11=com.java.Objects.TestDataDetails@18b2a9a, 12=com.java.Objects.TestDataDetails@c46396, 13=com.java.Objects.TestDataDetails@dd36f3, 14=com.java.Objects.TestDataDetails@192c255}
[INFO ][2015-12-22 20:23:44,686][com.java.TestType] [  482] -  str(1) = 1
[INFO ][2015-12-22 20:23:44,686][com.java.TestType] [  485] - Test case Id is---1
[INFO ][2015-12-22 20:23:44,686][com.java.TestType] [  487] - 1
[INFO ][2015-12-22 20:23:44,686][com.java.TestType] [  482] -  str(2) = 15
[INFO ][2015-12-22 20:23:44,686][com.java.TestType] [  534] - row values are--------{1=com.java.Objects.TestDataDetails@c14649, 2=com.java.Objects.TestDataDetails@1c2da2, 3=com.java.Objects.TestDataDetails@1684e94, 4=com.java.Objects.TestDataDetails@1f0788d, 5=com.java.Objects.TestDataDetails@155226f, 6=com.java.Objects.TestDataDetails@eaa79c, 7=com.java.Objects.TestDataDetails@fd586d, 8=com.java.Objects.TestDataDetails@1bfcdbd, 9=com.java.Objects.TestDataDetails@4f4373, 10=com.java.Objects.TestDataDetails@1a44394, 11=com.java.Objects.TestDataDetails@18b2a9a, 12=com.java.Objects.TestDataDetails@c46396, 13=com.java.Objects.TestDataDetails@dd36f3, 14=com.java.Objects.TestDataDetails@192c255, 15=com.java.Objects.TestDataDetails@5fbf68}
[INFO ][2015-12-22 20:23:44,686][com.java.TestType] [  482] -  str(1) = 1
[INFO ][2015-12-22 20:23:44,686][com.java.TestType] [  485] - Test case Id is---1
[INFO ][2015-12-22 20:23:44,686][com.java.TestType] [  487] - 1
[INFO ][2015-12-22 20:23:44,686][com.java.TestType] [  482] -  str(2) = 16
[INFO ][2015-12-22 20:23:44,689][com.java.TestType] [  534] - row values are--------{1=com.java.Objects.TestDataDetails@c14649, 2=com.java.Objects.TestDataDetails@1c2da2, 3=com.java.Objects.TestDataDetails@1684e94, 4=com.java.Objects.TestDataDetails@1f0788d, 5=com.java.Objects.TestDataDetails@155226f, 6=com.java.Objects.TestDataDetails@eaa79c, 7=com.java.Objects.TestDataDetails@fd586d, 8=com.java.Objects.TestDataDetails@1bfcdbd, 9=com.java.Objects.TestDataDetails@4f4373, 10=com.java.Objects.TestDataDetails@1a44394, 11=com.java.Objects.TestDataDetails@18b2a9a, 12=com.java.Objects.TestDataDetails@c46396, 13=com.java.Objects.TestDataDetails@dd36f3, 14=com.java.Objects.TestDataDetails@192c255, 15=com.java.Objects.TestDataDetails@5fbf68, 16=com.java.Objects.TestDataDetails@134b479}
[INFO ][2015-12-22 20:23:44,689][com.java.TestType] [10310] - Looping 1TCID = 1
[DEBUG][2015-12-22 20:23:44,689][com.java.TestType] [10351] - Concept ID:1 :: Step being Executed: 1::1
[INFO ][2015-12-22 20:23:44,689][com.java.TestType] [10389] - dataFields : TXTusername
[DEBUG][2015-12-22 20:23:44,689][com.java.TestType] [10395] - <In Set values of the page>
[DEBUG][2015-12-22 20:23:44,689][com.java.TestType] [10400] - {Data Fields & Data Values Exist}
[INFO ][2015-12-22 20:23:44,689][com.java.TestType] [10406] - --------------------------setting values-----------------------------
[INFO ][2015-12-22 20:23:44,689][com.java.TestType] [10409] - Action Type : CLEARANDENTER
[INFO ][2015-12-22 20:23:44,689][com.java.TestType] [ 5632] - value = valuelabs.ie10.33527
[INFO ][2015-12-22 20:23:49,386][com.java.TestType] [10428] -  RESULT true
[INFO ][2015-12-22 20:23:49,386][com.java.TestType] [10545] - ?   P A S S   ?
[DEBUG][2015-12-22 20:23:49,386][com.java.TestType] [10351] - Concept ID:1 :: Step being Executed: 1::2
[INFO ][2015-12-22 20:23:49,386][com.java.TestType] [10389] - dataFields : TXTpassword
[DEBUG][2015-12-22 20:23:49,386][com.java.TestType] [10395] - <In Set values of the page>
[DEBUG][2015-12-22 20:23:49,386][com.java.TestType] [10400] - {Data Fields & Data Values Exist}
[INFO ][2015-12-22 20:23:49,386][com.java.TestType] [10406] - --------------------------setting values-----------------------------
[INFO ][2015-12-22 20:23:49,386][com.java.TestType] [10409] - Action Type : CLEARANDENTER
[INFO ][2015-12-22 20:23:49,386][com.java.TestType] [ 5632] - value = Password1*
[INFO ][2015-12-22 20:23:54,218][com.java.TestType] [10428] -  RESULT true
[INFO ][2015-12-22 20:23:54,218][com.java.TestType] [10545] - ?   P A S S   ?
[DEBUG][2015-12-22 20:23:54,218][com.java.TestType] [10351] - Concept ID:1 :: Step being Executed: 1::3
[ERROR][2015-12-22 20:23:54,218][com.java.TestType] [10384] - Exception: null
[INFO ][2015-12-22 20:23:54,218][com.java.TestType] [10389] - dataFields : XPH//button[@type='submit']
[DEBUG][2015-12-22 20:23:54,218][com.java.TestType] [10395] - <In Set values of the page>
[DEBUG][2015-12-22 20:23:54,218][com.java.TestType] [10400] - {Data Fields & Data Values Exist}
[INFO ][2015-12-22 20:23:54,218][com.java.TestType] [10406] - --------------------------setting values-----------------------------
[INFO ][2015-12-22 20:23:54,218][com.java.TestType] [10409] - Action Type : Click
[INFO ][2015-12-22 20:23:54,218][com.java.TestType] [ 6011] - Field ::XPH//button[@type='submit']
[INFO ][2015-12-22 20:23:54,218][com.java.TestType] [ 5632] - value = 
[INFO ][2015-12-22 20:23:55,222][com.java.TestType] [ 6148] - BEFORE CLICK
[INFO ][2015-12-22 20:23:56,092][com.java.TestType] [ 6156] - Unable to click the object Login
[INFO ][2015-12-22 20:23:56,092][com.java.TestType] [10428] -  RESULT true
[INFO ][2015-12-22 20:23:56,092][com.java.TestType] [10545] - ?   P A S S   ?
[DEBUG][2015-12-22 20:23:56,092][com.java.TestType] [10351] - Concept ID:1 :: Step being Executed: 1::4
[INFO ][2015-12-22 20:23:56,092][com.java.TestType] [10389] - dataFields : LNKLogout
[DEBUG][2015-12-22 20:23:56,092][com.java.TestType] [10395] - <In Set values of the page>
[DEBUG][2015-12-22 20:23:56,092][com.java.TestType] [10400] - {Data Fields & Data Values Exist}
[INFO ][2015-12-22 20:23:56,092][com.java.TestType] [10406] - --------------------------setting values-----------------------------
[INFO ][2015-12-22 20:23:56,092][com.java.TestType] [10409] - Action Type : WaitForElement
[DEBUG][2015-12-22 20:25:30,215][com.java.TestType] [ 6667] - link=Logout   :: Link not Found
[INFO ][2015-12-22 20:25:30,215][com.java.TestType] [10428] -  RESULT false
[INFO ][2015-12-22 20:25:30,215][com.java.TestType] [10466] - ?   F A I L   ?
[DEBUG][2015-12-22 20:25:30,215][com.java.TestType] [10469] - Browser Type : IE10
[DEBUG][2015-12-22 20:25:30,215][com.java.TestType] [10351] - Concept ID:1 :: Step being Executed: 1::5
[INFO ][2015-12-22 20:25:30,215][com.java.TestType] [10389] - dataFields : TTL
[DEBUG][2015-12-22 20:25:30,215][com.java.TestType] [10395] - <In Set values of the page>
[DEBUG][2015-12-22 20:25:30,215][com.java.TestType] [10400] - {Data Fields & Data Values Exist}
[INFO ][2015-12-22 20:25:30,215][com.java.TestType] [10406] - --------------------------setting values-----------------------------
[INFO ][2015-12-22 20:25:30,215][com.java.TestType] [10409] - Action Type : CLOSEWINDOW
[INFO ][2015-12-22 20:25:30,411][com.java.TestType] [10428] -  RESULT true
[INFO ][2015-12-22 20:25:30,411][com.java.TestType] [10545] - ?   P A S S   ?
[DEBUG][2015-12-22 20:25:30,414][com.java.TestType] [10351] - Concept ID:1 :: Step being Executed: 1::6
[INFO ][2015-12-22 20:25:30,414][com.java.TestType] [10389] - dataFields : LNKLogout
[DEBUG][2015-12-22 20:25:30,414][com.java.TestType] [10395] - <In Set values of the page>
[DEBUG][2015-12-22 20:25:30,414][com.java.TestType] [10400] - {Data Fields & Data Values Exist}
[INFO ][2015-12-22 20:25:30,414][com.java.TestType] [10406] - --------------------------setting values-----------------------------
[INFO ][2015-12-22 20:25:30,414][com.java.TestType] [10409] - Action Type : WaitTime
[DEBUG][2015-12-22 20:25:30,414][com.java.TestType] [ 5452] - sleepTime: 3000
[INFO ][2015-12-22 20:25:33,414][com.java.TestType] [10428] -  RESULT true
[INFO ][2015-12-22 20:25:33,414][com.java.TestType] [10545] - ?   P A S S   ?
[DEBUG][2015-12-22 20:25:33,414][com.java.TestType] [10351] - Concept ID:1 :: Step being Executed: 1::7
[INFO ][2015-12-22 20:25:33,414][com.java.TestType] [10389] - dataFields : TTL
[DEBUG][2015-12-22 20:25:33,414][com.java.TestType] [10395] - <In Set values of the page>
[DEBUG][2015-12-22 20:25:33,414][com.java.TestType] [10400] - {Data Fields & Data Values Exist}
[INFO ][2015-12-22 20:25:33,414][com.java.TestType] [10406] - --------------------------setting values-----------------------------
[INFO ][2015-12-22 20:25:33,414][com.java.TestType] [10409] - Action Type : SelectWindow
[INFO ][2015-12-22 20:25:45,867][com.java.TestType] [10428] -  RESULT true
[INFO ][2015-12-22 20:25:45,867][com.java.TestType] [10545] - ?   P A S S   ?
[DEBUG][2015-12-22 20:25:45,867][com.java.TestType] [10351] - Concept ID:1 :: Step being Executed: 1::8
[INFO ][2015-12-22 20:25:45,867][com.java.TestType] [10389] - dataFields : test
[DEBUG][2015-12-22 20:25:45,867][com.java.TestType] [10395] - <In Set values of the page>
[DEBUG][2015-12-22 20:25:45,867][com.java.TestType] [10400] - {Data Fields & Data Values Exist}
[INFO ][2015-12-22 20:25:45,867][com.java.TestType] [10406] - --------------------------setting values-----------------------------
[INFO ][2015-12-22 20:25:45,867][com.java.TestType] [10409] - Action Type : WaitTime
[DEBUG][2015-12-22 20:25:45,867][com.java.TestType] [ 5452] - sleepTime: 20000
[INFO ][2015-12-22 20:26:05,868][com.java.TestType] [10428] -  RESULT true
[INFO ][2015-12-22 20:26:05,868][com.java.TestType] [10545] - ?   P A S S   ?
[INFO ][2015-12-22 20:26:05,868][com.java.TestType] [10616] - Looping End......
[INFO ][2015-12-22 20:26:05,871][com.java.SeleniumDriver] [  894] -  RESULT true
[INFO ][2015-12-22 20:26:05,871][com.java.SeleniumDriver] [ 1100] - ?   P A S S   ?
[INFO ][2015-12-22 20:26:05,871][com.java.SeleniumDriver] [  821] - ------------------------------------------
[INFO ][2015-12-22 20:26:05,871][com.java.SeleniumDriver] [  822] - Test case being Executed: 18
[INFO ][2015-12-22 20:26:05,872][com.java.SeleniumDriver] [  833] - Test step:4
[INFO ][2015-12-22 20:26:05,872][com.java.SeleniumDriver] [  845] - Datavalue is----------null
[DEBUG][2015-12-22 20:26:05,872][com.java.SeleniumDriver] [  863] - Exception: null
[INFO ][2015-12-22 20:26:05,872][com.java.SeleniumDriver] [  869] - DataField : //span[@class='icon-cog2']&&//a[@data-id="UserSettings"]
[INFO ][2015-12-22 20:26:05,872][com.java.SeleniumDriver] [  871] - DataValue : 
[INFO ][2015-12-22 20:26:05,872][com.java.SeleniumDriver] [  877] - <In Set values of the page>
[INFO ][2015-12-22 20:26:05,872][com.java.SeleniumDriver] [  880] - {Data Fields & Data Values Exist}
[INFO ][2015-12-22 20:26:05,872][com.java.SeleniumDriver] [  882] - --------------------------setting values-----------------------------
[INFO ][2015-12-22 20:26:05,872][com.java.SeleniumDriver] [  885] - Action Type : MouseOver
[INFO ][2015-12-22 20:26:29,189][com.java.SeleniumDriver] [  894] -  RESULT true
[INFO ][2015-12-22 20:26:29,189][com.java.SeleniumDriver] [ 1100] - ?   P A S S   ?
[INFO ][2015-12-22 20:26:29,189][com.java.SeleniumDriver] [  821] - ------------------------------------------
[INFO ][2015-12-22 20:26:29,189][com.java.SeleniumDriver] [  822] - Test case being Executed: 18
[INFO ][2015-12-22 20:26:29,189][com.java.SeleniumDriver] [  833] - Test step:5
[INFO ][2015-12-22 20:26:29,189][com.java.SeleniumDriver] [  845] - Datavalue is----------5
[INFO ][2015-12-22 20:26:29,189][com.java.SeleniumDriver] [  869] - DataField : BTNframeDialogContent
[INFO ][2015-12-22 20:26:29,189][com.java.SeleniumDriver] [  871] - DataValue : 5
[INFO ][2015-12-22 20:26:29,189][com.java.SeleniumDriver] [  877] - <In Set values of the page>
[INFO ][2015-12-22 20:26:29,189][com.java.SeleniumDriver] [  880] - {Data Fields & Data Values Exist}
[INFO ][2015-12-22 20:26:29,189][com.java.SeleniumDriver] [  882] - --------------------------setting values-----------------------------
[INFO ][2015-12-22 20:26:29,189][com.java.SeleniumDriver] [  885] - Action Type : WaitForElement
[INFO ][2015-12-22 20:26:30,398][com.java.SeleniumDriver] [  894] -  RESULT true
[INFO ][2015-12-22 20:26:30,398][com.java.SeleniumDriver] [ 1100] - ?   P A S S   ?
[INFO ][2015-12-22 20:26:30,398][com.java.SeleniumDriver] [  821] - ------------------------------------------
[INFO ][2015-12-22 20:26:30,398][com.java.SeleniumDriver] [  822] - Test case being Executed: 18
[INFO ][2015-12-22 20:26:30,398][com.java.SeleniumDriver] [  833] - Test step:6
[INFO ][2015-12-22 20:26:30,398][com.java.SeleniumDriver] [  845] - Datavalue is----------frameDialogContent
[INFO ][2015-12-22 20:26:30,398][com.java.SeleniumDriver] [  869] - DataField : BTN
[INFO ][2015-12-22 20:26:30,398][com.java.SeleniumDriver] [  871] - DataValue : frameDialogContent
[INFO ][2015-12-22 20:26:30,400][com.java.SeleniumDriver] [  877] - <In Set values of the page>
[INFO ][2015-12-22 20:26:30,400][com.java.SeleniumDriver] [  880] - {Data Fields & Data Values Exist}
[INFO ][2015-12-22 20:26:30,400][com.java.SeleniumDriver] [  882] - --------------------------setting values-----------------------------
[INFO ][2015-12-22 20:26:30,400][com.java.SeleniumDriver] [  885] - Action Type : SELECTFRAMEBYNAME
[INFO ][2015-12-22 20:26:30,400][com.java.TestType] [ 5632] - value = frameDialogContent
[INFO ][2015-12-22 20:26:30,479][com.java.SeleniumDriver] [  894] -  RESULT true
[INFO ][2015-12-22 20:26:30,479][com.java.SeleniumDriver] [ 1100] - ?   P A S S   ?
[INFO ][2015-12-22 20:26:30,479][com.java.SeleniumDriver] [  821] - ------------------------------------------
[INFO ][2015-12-22 20:26:30,479][com.java.SeleniumDriver] [  822] - Test case being Executed: 18
[INFO ][2015-12-22 20:26:30,479][com.java.SeleniumDriver] [  833] - Test step:7
[INFO ][2015-12-22 20:26:30,479][com.java.SeleniumDriver] [  845] - Datavalue is----------Yes
[INFO ][2015-12-22 20:26:30,479][com.java.SeleniumDriver] [  869] - DataField : COBddlOpenBDInNewWindow
[INFO ][2015-12-22 20:26:30,479][com.java.SeleniumDriver] [  871] - DataValue : Yes
[INFO ][2015-12-22 20:26:30,479][com.java.SeleniumDriver] [  877] - <In Set values of the page>
[INFO ][2015-12-22 20:26:30,479][com.java.SeleniumDriver] [  880] - {Data Fields & Data Values Exist}
[INFO ][2015-12-22 20:26:30,479][com.java.SeleniumDriver] [  882] - --------------------------setting values-----------------------------
[INFO ][2015-12-22 20:26:30,479][com.java.SeleniumDriver] [  885] - Action Type : Verify
[INFO ][2015-12-22 20:26:30,479][com.java.TestType] [ 6982] - field= COBddlOpenBDInNewWindow value= Yes
[INFO ][2015-12-22 20:26:30,479][com.java.TestType] [ 5632] - value = Yes
[INFO ][2015-12-22 20:26:30,699][com.java.SeleniumDriver] [  894] -  RESULT true
[INFO ][2015-12-22 20:26:30,699][com.java.SeleniumDriver] [ 1100] - ?   P A S S   ?
[INFO ][2015-12-22 20:26:30,699][com.java.SeleniumDriver] [ 1142] - step change to 13
[INFO ][2015-12-22 20:26:30,699][com.java.SeleniumDriver] [  821] - ------------------------------------------
[INFO ][2015-12-22 20:26:30,699][com.java.SeleniumDriver] [  822] - Test case being Executed: 18
[INFO ][2015-12-22 20:26:30,699][com.java.SeleniumDriver] [  833] - Test step:13
[INFO ][2015-12-22 20:26:30,699][com.java.SeleniumDriver] [  845] - Datavalue is----------10
[INFO ][2015-12-22 20:26:30,699][com.java.SeleniumDriver] [  869] - DataField : test
[INFO ][2015-12-22 20:26:30,699][com.java.SeleniumDriver] [  871] - DataValue : 10
[INFO ][2015-12-22 20:26:30,699][com.java.SeleniumDriver] [  877] - <In Set values of the page>
[INFO ][2015-12-22 20:26:30,699][com.java.SeleniumDriver] [  880] - {Data Fields & Data Values Exist}
[INFO ][2015-12-22 20:26:30,699][com.java.SeleniumDriver] [  882] - --------------------------setting values-----------------------------
[INFO ][2015-12-22 20:26:30,699][com.java.SeleniumDriver] [  885] - Action Type : WaitTime
[DEBUG][2015-12-22 20:26:30,699][com.java.TestType] [ 5452] - sleepTime: 10000
[INFO ][2015-12-22 20:26:40,699][com.java.SeleniumDriver] [  894] -  RESULT true
[INFO ][2015-12-22 20:26:40,699][com.java.SeleniumDriver] [ 1100] - ?   P A S S   ?
[INFO ][2015-12-22 20:26:40,699][com.java.SeleniumDriver] [  821] - ------------------------------------------
[INFO ][2015-12-22 20:26:40,699][com.java.SeleniumDriver] [  822] - Test case being Executed: 18
[INFO ][2015-12-22 20:26:40,699][com.java.SeleniumDriver] [  833] - Test step:14
[INFO ][2015-12-22 20:26:40,699][com.java.SeleniumDriver] [  845] - Datavalue is----------appurl
[INFO ][2015-12-22 20:26:40,699][com.java.SeleniumDriver] [  869] - DataField : test
[INFO ][2015-12-22 20:26:40,699][com.java.SeleniumDriver] [  871] - DataValue : https://clients-xuat.bankersdashboard.com
[INFO ][2015-12-22 20:26:40,699][com.java.SeleniumDriver] [  877] - <In Set values of the page>
[INFO ][2015-12-22 20:26:40,699][com.java.SeleniumDriver] [  880] - {Data Fields & Data Values Exist}
[INFO ][2015-12-22 20:26:40,699][com.java.SeleniumDriver] [  882] - --------------------------setting values-----------------------------
[INFO ][2015-12-22 20:26:40,699][com.java.SeleniumDriver] [  885] - Action Type : OPENURL
[INFO ][2015-12-22 20:26:40,699][com.java.TestType] [ 5632] - value = https://clients-xuat.bankersdashboard.com
[INFO ][2015-12-22 20:26:40,699][com.java.TestType] [  353] - Open URL : https://clients-xuat.bankersdashboard.com
[INFO ][2015-12-22 20:26:43,355][com.java.SeleniumDriver] [  894] -  RESULT true
[INFO ][2015-12-22 20:26:43,355][com.java.SeleniumDriver] [ 1100] - ?   P A S S   ?
[INFO ][2015-12-22 20:26:43,355][com.java.SeleniumDriver] [  821] - ------------------------------------------
[INFO ][2015-12-22 20:26:43,355][com.java.SeleniumDriver] [  822] - Test case being Executed: 18
[INFO ][2015-12-22 20:26:43,355][com.java.SeleniumDriver] [  833] - Test step:15
[INFO ][2015-12-22 20:26:43,355][com.java.SeleniumDriver] [  845] - Datavalue is----------Concept#3:1-2
[INFO ][2015-12-22 20:26:43,355][com.java.SeleniumDriver] [  869] - DataField : test
[INFO ][2015-12-22 20:26:43,355][com.java.SeleniumDriver] [  871] - DataValue : Concept#3:1-2
[INFO ][2015-12-22 20:26:43,355][com.java.SeleniumDriver] [  877] - <In Set values of the page>
[INFO ][2015-12-22 20:26:43,355][com.java.SeleniumDriver] [  880] - {Data Fields & Data Values Exist}
[INFO ][2015-12-22 20:26:43,355][com.java.SeleniumDriver] [  882] - --------------------------setting values-----------------------------
[INFO ][2015-12-22 20:26:43,355][com.java.SeleniumDriver] [  885] - Action Type : ExecuteTestCase
[INFO ][2015-12-22 20:26:43,356][com.java.TestType] [  437] - The Concept sheet name is ---------- Concept
[INFO ][2015-12-22 20:26:43,356][com.java.TestType] [  440] - The Concept ID  is ---------- 3
[DEBUG][2015-12-22 20:26:43,356][com.java.TestType] [  444] - Steps being executted in the Concept are: 1:2
[INFO ][2015-12-22 20:26:43,356][com.java.TestType] [  451] - Test data details path ---------- D:\BankersDashboard\TestInputs\TestData.xls
[INFO ][2015-12-22 20:26:43,386][com.java.TestType] [  482] -  str(1) = 3
[INFO ][2015-12-22 20:26:43,386][com.java.TestType] [  485] - Test case Id is---3
[INFO ][2015-12-22 20:26:43,386][com.java.TestType] [  487] - 3
[INFO ][2015-12-22 20:26:43,386][com.java.TestType] [  482] -  str(2) = 1
[INFO ][2015-12-22 20:26:43,388][com.java.TestType] [  534] - row values are--------{1=com.java.Objects.TestDataDetails@99fc4a}
[INFO ][2015-12-22 20:26:43,388][com.java.TestType] [  482] -  str(1) = 3
[INFO ][2015-12-22 20:26:43,388][com.java.TestType] [  485] - Test case Id is---3
[INFO ][2015-12-22 20:26:43,388][com.java.TestType] [  487] - 3
[INFO ][2015-12-22 20:26:43,388][com.java.TestType] [  482] -  str(2) = 2
[INFO ][2015-12-22 20:26:43,388][com.java.TestType] [  534] - row values are--------{1=com.java.Objects.TestDataDetails@99fc4a, 2=com.java.Objects.TestDataDetails@160291}
[INFO ][2015-12-22 20:26:43,388][com.java.TestType] [10310] - Looping 1TCID = 3
[DEBUG][2015-12-22 20:26:43,388][com.java.TestType] [10351] - Concept ID:3 :: Step being Executed: 3::1
[INFO ][2015-12-22 20:26:43,388][com.java.TestType] [10389] - dataFields : test
[DEBUG][2015-12-22 20:26:43,391][com.java.TestType] [10395] - <In Set values of the page>
[DEBUG][2015-12-22 20:26:43,391][com.java.TestType] [10400] - {Data Fields & Data Values Exist}
[INFO ][2015-12-22 20:26:43,391][com.java.TestType] [10406] - --------------------------setting values-----------------------------
[INFO ][2015-12-22 20:26:43,391][com.java.TestType] [10409] - Action Type : Logout
[INFO ][2015-12-22 20:26:45,568][com.java.TestType] [ 6011] - Field ::CNF
[INFO ][2015-12-22 20:26:45,568][com.java.TestType] [ 5632] - value = OK
[ERROR][2015-12-22 20:26:46,674][com.java.TestType] [ 6322] - Exception in click:: No alert is active (WARNING: The server did not provide any stacktrace information)
Command duration or timeout: 102 milliseconds
Build info: version: '2.48.2', revision: '41bccdd', time: '2015-10-09 19:59:12'
System info: host: 'FVTIII438F1D', ip: '172.17.68.34', os.name: 'Windows 7', os.arch: 'x86', os.version: '6.1', java.version: '1.7.0_55'
Session ID: 28d6079f-f76e-4682-a393-a58c0bdc2d5c
Driver info: org.openqa.selenium.ie.InternetExplorerDriver
Capabilities [{platform=WINDOWS, javascriptEnabled=true, elementScrollBehavior=0, ignoreZoomSetting=false, enablePersistentHover=true, ie.ensureCleanSession=false, browserName=internet explorer, enableElementCacheCleanup=true, unexpectedAlertBehaviour=dismiss, version=10, ie.usePerProcessProxy=false, ignoreProtectedModeSettings=true, cssSelectorsEnabled=true, requireWindowFocus=false, initialBrowserUrl=http://localhost:4857/, handlesAlerts=true, ie.forceCreateProcessApi=false, nativeEvents=true, browserAttachTimeout=0, ie.browserCommandLineSwitches=, takesScreenshot=true}]
[INFO ][2015-12-22 20:26:46,674][com.java.TestType] [ 6326] - Element :::: not found
[DEBUG][2015-12-22 20:26:47,962][com.java.SeleniumDriver] [  426] - Hub ip address is-------172.17.68.34
[INFO ][2015-12-22 20:26:47,962][com.java.SeleniumDriver] [  452] - Grid URL:http://172.17.68.34:4444/wd/hub
[INFO ][2015-12-22 20:26:47,962][com.java.SeleniumDriver] [  453] - Capability:Capabilities [{platform=ANY, ensureCleanSession=true, ignoreProtectedModeSettings=true, acceptSslCerts=true, ignoreZoomSetting=true, browserName=internet explorer, browserstack.ie.noFlash=true, version=null}]
[ERROR][2015-12-22 20:26:48,965][com.java.SeleniumDriver] [  497] - Unable invoke browser in grid:Could not start a new session. Possible causes are invalid address of the remote server or browser start-up failure.
Build info: version: '2.48.2', revision: '41bccdd', time: '2015-10-09 19:59:12'
System info: host: 'FVTIII438F1D', ip: '172.17.68.34', os.name: 'Windows 7', os.arch: 'x86', os.version: '6.1', java.version: '1.7.0_55'
Driver info: driver.version: SeleniumDriver
[INFO ][2015-12-22 20:26:48,965][com.java.SeleniumDriver] [  499] - Executing on local machine
[INFO ][2015-12-22 20:26:59,603][com.java.TestType] [10428] -  RESULT true
[INFO ][2015-12-22 20:26:59,603][com.java.TestType] [10545] - ?   P A S S   ?
[DEBUG][2015-12-22 20:26:59,603][com.java.TestType] [10351] - Concept ID:3 :: Step being Executed: 3::2
[INFO ][2015-12-22 20:26:59,603][com.java.TestType] [10389] - dataFields : test
[DEBUG][2015-12-22 20:26:59,603][com.java.TestType] [10395] - <In Set values of the page>
[DEBUG][2015-12-22 20:26:59,603][com.java.TestType] [10400] - {Data Fields & Data Values Exist}
[INFO ][2015-12-22 20:26:59,603][com.java.TestType] [10406] - --------------------------setting values-----------------------------
[INFO ][2015-12-22 20:26:59,603][com.java.TestType] [10409] - Action Type : WaitTime
[DEBUG][2015-12-22 20:26:59,603][com.java.TestType] [ 5452] - sleepTime: 2000
[INFO ][2015-12-22 20:27:01,604][com.java.TestType] [10428] -  RESULT true
[INFO ][2015-12-22 20:27:01,604][com.java.TestType] [10545] - ?   P A S S   ?
[INFO ][2015-12-22 20:27:01,604][com.java.TestType] [10616] - Looping End......
[INFO ][2015-12-22 20:27:01,606][com.java.SeleniumDriver] [  894] -  RESULT true
[INFO ][2015-12-22 20:27:01,606][com.java.SeleniumDriver] [ 1100] - ?   P A S S   ?
[INFO ][2015-12-22 20:27:01,606][com.java.SeleniumDriver] [  821] - ------------------------------------------
[INFO ][2015-12-22 20:27:01,606][com.java.SeleniumDriver] [  822] - Test case being Executed: 18
[INFO ][2015-12-22 20:27:01,606][com.java.SeleniumDriver] [  833] - Test step:16
[INFO ][2015-12-22 20:27:01,606][com.java.SeleniumDriver] [  845] - Datavalue is----------Concept#1:1-2
[INFO ][2015-12-22 20:27:01,609][com.java.SeleniumDriver] [  869] - DataField : test
[INFO ][2015-12-22 20:27:01,609][com.java.SeleniumDriver] [  871] - DataValue : Concept#1:1-2
[INFO ][2015-12-22 20:27:01,609][com.java.SeleniumDriver] [  877] - <In Set values of the page>
[INFO ][2015-12-22 20:27:01,609][com.java.SeleniumDriver] [  880] - {Data Fields & Data Values Exist}
[INFO ][2015-12-22 20:27:01,609][com.java.SeleniumDriver] [  882] - --------------------------setting values-----------------------------
[INFO ][2015-12-22 20:27:01,609][com.java.SeleniumDriver] [  885] - Action Type : ExecuteTestCase
[INFO ][2015-12-22 20:27:01,609][com.java.TestType] [  437] - The Concept sheet name is ---------- Concept
[INFO ][2015-12-22 20:27:01,609][com.java.TestType] [  440] - The Concept ID  is ---------- 1
[DEBUG][2015-12-22 20:27:01,609][com.java.TestType] [  444] - Steps being executted in the Concept are: 1:2
[INFO ][2015-12-22 20:27:01,609][com.java.TestType] [  451] - Test data details path ---------- D:\BankersDashboard\TestInputs\TestData.xls
[INFO ][2015-12-22 20:27:01,640][com.java.TestType] [  482] -  str(1) = 1
[INFO ][2015-12-22 20:27:01,640][com.java.TestType] [  485] - Test case Id is---1
[INFO ][2015-12-22 20:27:01,640][com.java.TestType] [  487] - 1
[INFO ][2015-12-22 20:27:01,640][com.java.TestType] [  482] -  str(2) = 1
[INFO ][2015-12-22 20:27:01,643][com.java.TestType] [  534] - row values are--------{1=com.java.Objects.TestDataDetails@465f42}
[INFO ][2015-12-22 20:27:01,643][com.java.TestType] [  482] -  str(1) = 1
[INFO ][2015-12-22 20:27:01,643][com.java.TestType] [  485] - Test case Id is---1
[INFO ][2015-12-22 20:27:01,643][com.java.TestType] [  487] - 1
[INFO ][2015-12-22 20:27:01,643][com.java.TestType] [  482] -  str(2) = 2
[INFO ][2015-12-22 20:27:01,643][com.java.TestType] [  534] - row values are--------{1=com.java.Objects.TestDataDetails@465f42, 2=com.java.Objects.TestDataDetails@1d8f56b}
[INFO ][2015-12-22 20:27:01,643][com.java.TestType] [  482] -  str(1) = 1
[INFO ][2015-12-22 20:27:01,643][com.java.TestType] [  485] - Test case Id is---1
[INFO ][2015-12-22 20:27:01,643][com.java.TestType] [  487] - 1
[INFO ][2015-12-22 20:27:01,643][com.java.TestType] [  482] -  str(2) = 3
[INFO ][2015-12-22 20:27:01,643][com.java.TestType] [  534] - row values are--------{1=com.java.Objects.TestDataDetails@465f42, 2=com.java.Objects.TestDataDetails@1d8f56b, 3=com.java.Objects.TestDataDetails@196f1b2}
[INFO ][2015-12-22 20:27:01,645][com.java.TestType] [  482] -  str(1) = 1
[INFO ][2015-12-22 20:27:01,645][com.java.TestType] [  485] - Test case Id is---1
[INFO ][2015-12-22 20:27:01,645][com.java.TestType] [  487] - 1
[INFO ][2015-12-22 20:27:01,645][com.java.TestType] [  482] -  str(2) = 4
[INFO ][2015-12-22 20:27:01,645][com.java.TestType] [  534] - row values are--------{1=com.java.Objects.TestDataDetails@465f42, 2=com.java.Objects.TestDataDetails@1d8f56b, 3=com.java.Objects.TestDataDetails@196f1b2, 4=com.java.Objects.TestDataDetails@89eed5}
[INFO ][2015-12-22 20:27:01,645][com.java.TestType] [  482] -  str(1) = 1
[INFO ][2015-12-22 20:27:01,645][com.java.TestType] [  485] - Test case Id is---1
[INFO ][2015-12-22 20:27:01,645][com.java.TestType] [  487] - 1
[INFO ][2015-12-22 20:27:01,645][com.java.TestType] [  482] -  str(2) = 5
[INFO ][2015-12-22 20:27:01,645][com.java.TestType] [  534] - row values are--------{1=com.java.Objects.TestDataDetails@465f42, 2=com.java.Objects.TestDataDetails@1d8f56b, 3=com.java.Objects.TestDataDetails@196f1b2, 4=com.java.Objects.TestDataDetails@89eed5, 5=com.java.Objects.TestDataDetails@123d043}
[INFO ][2015-12-22 20:27:01,645][com.java.TestType] [  482] -  str(1) = 1
[INFO ][2015-12-22 20:27:01,645][com.java.TestType] [  485] - Test case Id is---1
[INFO ][2015-12-22 20:27:01,645][com.java.TestType] [  487] - 1
[INFO ][2015-12-22 20:27:01,645][com.java.TestType] [  482] -  str(2) = 6
[INFO ][2015-12-22 20:27:01,648][com.java.TestType] [  534] - row values are--------{1=com.java.Objects.TestDataDetails@465f42, 2=com.java.Objects.TestDataDetails@1d8f56b, 3=com.java.Objects.TestDataDetails@196f1b2, 4=com.java.Objects.TestDataDetails@89eed5, 5=com.java.Objects.TestDataDetails@123d043, 6=com.java.Objects.TestDataDetails@8bddcc}
[INFO ][2015-12-22 20:27:01,648][com.java.TestType] [  482] -  str(1) = 1
[INFO ][2015-12-22 20:27:01,648][com.java.TestType] [  485] - Test case Id is---1
[INFO ][2015-12-22 20:27:01,648][com.java.TestType] [  487] - 1
[INFO ][2015-12-22 20:27:01,648][com.java.TestType] [  482] -  str(2) = 7
[INFO ][2015-12-22 20:27:01,648][com.java.TestType] [  534] - row values are--------{1=com.java.Objects.TestDataDetails@465f42, 2=com.java.Objects.TestDataDetails@1d8f56b, 3=com.java.Objects.TestDataDetails@196f1b2, 4=com.java.Objects.TestDataDetails@89eed5, 5=com.java.Objects.TestDataDetails@123d043, 6=com.java.Objects.TestDataDetails@8bddcc, 7=com.java.Objects.TestDataDetails@1e8701a}
[INFO ][2015-12-22 20:27:01,648][com.java.TestType] [  482] -  str(1) = 1
[INFO ][2015-12-22 20:27:01,648][com.java.TestType] [  485] - Test case Id is---1
[INFO ][2015-12-22 20:27:01,648][com.java.TestType] [  487] - 1
[INFO ][2015-12-22 20:27:01,648][com.java.TestType] [  482] -  str(2) = 8
[INFO ][2015-12-22 20:27:01,650][com.java.TestType] [  534] - row values are--------{1=com.java.Objects.TestDataDetails@465f42, 2=com.java.Objects.TestDataDetails@1d8f56b, 3=com.java.Objects.TestDataDetails@196f1b2, 4=com.java.Objects.TestDataDetails@89eed5, 5=com.java.Objects.TestDataDetails@123d043, 6=com.java.Objects.TestDataDetails@8bddcc, 7=com.java.Objects.TestDataDetails@1e8701a, 8=com.java.Objects.TestDataDetails@1c97cd2}
[INFO ][2015-12-22 20:27:01,650][com.java.TestType] [  482] -  str(1) = 1
[INFO ][2015-12-22 20:27:01,650][com.java.TestType] [  485] - Test case Id is---1
[INFO ][2015-12-22 20:27:01,650][com.java.TestType] [  487] - 1
[INFO ][2015-12-22 20:27:01,650][com.java.TestType] [  482] -  str(2) = 9
[INFO ][2015-12-22 20:27:01,650][com.java.TestType] [  534] - row values are--------{1=com.java.Objects.TestDataDetails@465f42, 2=com.java.Objects.TestDataDetails@1d8f56b, 3=com.java.Objects.TestDataDetails@196f1b2, 4=com.java.Objects.TestDataDetails@89eed5, 5=com.java.Objects.TestDataDetails@123d043, 6=com.java.Objects.TestDataDetails@8bddcc, 7=com.java.Objects.TestDataDetails@1e8701a, 8=com.java.Objects.TestDataDetails@1c97cd2, 9=com.java.Objects.TestDataDetails@c85eee}
[INFO ][2015-12-22 20:27:01,650][com.java.TestType] [  482] -  str(1) = 1
[INFO ][2015-12-22 20:27:01,650][com.java.TestType] [  485] - Test case Id is---1
[INFO ][2015-12-22 20:27:01,650][com.java.TestType] [  487] - 1
[INFO ][2015-12-22 20:27:01,650][com.java.TestType] [  482] -  str(2) = 10
[INFO ][2015-12-22 20:27:01,650][com.java.TestType] [  534] - row values are--------{1=com.java.Objects.TestDataDetails@465f42, 2=com.java.Objects.TestDataDetails@1d8f56b, 3=com.java.Objects.TestDataDetails@196f1b2, 4=com.java.Objects.TestDataDetails@89eed5, 5=com.java.Objects.TestDataDetails@123d043, 6=com.java.Objects.TestDataDetails@8bddcc, 7=com.java.Objects.TestDataDetails@1e8701a, 8=com.java.Objects.TestDataDetails@1c97cd2, 9=com.java.Objects.TestDataDetails@c85eee, 10=com.java.Objects.TestDataDetails@1332c0e}
[INFO ][2015-12-22 20:27:01,650][com.java.TestType] [  482] -  str(1) = 1
[INFO ][2015-12-22 20:27:01,650][com.java.TestType] [  485] - Test case Id is---1
[INFO ][2015-12-22 20:27:01,650][com.java.TestType] [  487] - 1
[INFO ][2015-12-22 20:27:01,650][com.java.TestType] [  482] -  str(2) = 11
[INFO ][2015-12-22 20:27:01,653][com.java.TestType] [  534] - row values are--------{1=com.java.Objects.TestDataDetails@465f42, 2=com.java.Objects.TestDataDetails@1d8f56b, 3=com.java.Objects.TestDataDetails@196f1b2, 4=com.java.Objects.TestDataDetails@89eed5, 5=com.java.Objects.TestDataDetails@123d043, 6=com.java.Objects.TestDataDetails@8bddcc, 7=com.java.Objects.TestDataDetails@1e8701a, 8=com.java.Objects.TestDataDetails@1c97cd2, 9=com.java.Objects.TestDataDetails@c85eee, 10=com.java.Objects.TestDataDetails@1332c0e, 11=com.java.Objects.TestDataDetails@5c0621}
[INFO ][2015-12-22 20:27:01,653][com.java.TestType] [  482] -  str(1) = 1
[INFO ][2015-12-22 20:27:01,653][com.java.TestType] [  485] - Test case Id is---1
[INFO ][2015-12-22 20:27:01,653][com.java.TestType] [  487] - 1
[INFO ][2015-12-22 20:27:01,653][com.java.TestType] [  482] -  str(2) = 12
[INFO ][2015-12-22 20:27:01,653][com.java.TestType] [  534] - row values are--------{1=com.java.Objects.TestDataDetails@465f42, 2=com.java.Objects.TestDataDetails@1d8f56b, 3=com.java.Objects.TestDataDetails@196f1b2, 4=com.java.Objects.TestDataDetails@89eed5, 5=com.java.Objects.TestDataDetails@123d043, 6=com.java.Objects.TestDataDetails@8bddcc, 7=com.java.Objects.TestDataDetails@1e8701a, 8=com.java.Objects.TestDataDetails@1c97cd2, 9=com.java.Objects.TestDataDetails@c85eee, 10=com.java.Objects.TestDataDetails@1332c0e, 11=com.java.Objects.TestDataDetails@5c0621, 12=com.java.Objects.TestDataDetails@cee10}
[INFO ][2015-12-22 20:27:01,653][com.java.TestType] [  482] -  str(1) = 1
[INFO ][2015-12-22 20:27:01,653][com.java.TestType] [  485] - Test case Id is---1
[INFO ][2015-12-22 20:27:01,653][com.java.TestType] [  487] - 1
[INFO ][2015-12-22 20:27:01,653][com.java.TestType] [  482] -  str(2) = 13
[INFO ][2015-12-22 20:27:01,653][com.java.TestType] [  534] - row values are--------{1=com.java.Objects.TestDataDetails@465f42, 2=com.java.Objects.TestDataDetails@1d8f56b, 3=com.java.Objects.TestDataDetails@196f1b2, 4=com.java.Objects.TestDataDetails@89eed5, 5=com.java.Objects.TestDataDetails@123d043, 6=com.java.Objects.TestDataDetails@8bddcc, 7=com.java.Objects.TestDataDetails@1e8701a, 8=com.java.Objects.TestDataDetails@1c97cd2, 9=com.java.Objects.TestDataDetails@c85eee, 10=com.java.Objects.TestDataDetails@1332c0e, 11=com.java.Objects.TestDataDetails@5c0621, 12=com.java.Objects.TestDataDetails@cee10, 13=com.java.Objects.TestDataDetails@14c5548}
[INFO ][2015-12-22 20:27:01,653][com.java.TestType] [  482] -  str(1) = 1
[INFO ][2015-12-22 20:27:01,653][com.java.TestType] [  485] - Test case Id is---1
[INFO ][2015-12-22 20:27:01,653][com.java.TestType] [  487] - 1
[INFO ][2015-12-22 20:27:01,653][com.java.TestType] [  482] -  str(2) = 14
[INFO ][2015-12-22 20:27:01,655][com.java.TestType] [  534] - row values are--------{1=com.java.Objects.TestDataDetails@465f42, 2=com.java.Objects.TestDataDetails@1d8f56b, 3=com.java.Objects.TestDataDetails@196f1b2, 4=com.java.Objects.TestDataDetails@89eed5, 5=com.java.Objects.TestDataDetails@123d043, 6=com.java.Objects.TestDataDetails@8bddcc, 7=com.java.Objects.TestDataDetails@1e8701a, 8=com.java.Objects.TestDataDetails@1c97cd2, 9=com.java.Objects.TestDataDetails@c85eee, 10=com.java.Objects.TestDataDetails@1332c0e, 11=com.java.Objects.TestDataDetails@5c0621, 12=com.java.Objects.TestDataDetails@cee10, 13=com.java.Objects.TestDataDetails@14c5548, 14=com.java.Objects.TestDataDetails@1004676}
[INFO ][2015-12-22 20:27:01,655][com.java.TestType] [  482] -  str(1) = 1
[INFO ][2015-12-22 20:27:01,655][com.java.TestType] [  485] - Test case Id is---1
[INFO ][2015-12-22 20:27:01,655][com.java.TestType] [  487] - 1
[INFO ][2015-12-22 20:27:01,655][com.java.TestType] [  482] -  str(2) = 15
[INFO ][2015-12-22 20:27:01,655][com.java.TestType] [  534] - row values are--------{1=com.java.Objects.TestDataDetails@465f42, 2=com.java.Objects.TestDataDetails@1d8f56b, 3=com.java.Objects.TestDataDetails@196f1b2, 4=com.java.Objects.TestDataDetails@89eed5, 5=com.java.Objects.TestDataDetails@123d043, 6=com.java.Objects.TestDataDetails@8bddcc, 7=com.java.Objects.TestDataDetails@1e8701a, 8=com.java.Objects.TestDataDetails@1c97cd2, 9=com.java.Objects.TestDataDetails@c85eee, 10=com.java.Objects.TestDataDetails@1332c0e, 11=com.java.Objects.TestDataDetails@5c0621, 12=com.java.Objects.TestDataDetails@cee10, 13=com.java.Objects.TestDataDetails@14c5548, 14=com.java.Objects.TestDataDetails@1004676, 15=com.java.Objects.TestDataDetails@657ab8}
[INFO ][2015-12-22 20:27:01,655][com.java.TestType] [  482] -  str(1) = 1
[INFO ][2015-12-22 20:27:01,655][com.java.TestType] [  485] - Test case Id is---1
[INFO ][2015-12-22 20:27:01,655][com.java.TestType] [  487] - 1
[INFO ][2015-12-22 20:27:01,655][com.java.TestType] [  482] -  str(2) = 16
[INFO ][2015-12-22 20:27:01,658][com.java.TestType] [  534] - row values are--------{1=com.java.Objects.TestDataDetails@465f42, 2=com.java.Objects.TestDataDetails@1d8f56b, 3=com.java.Objects.TestDataDetails@196f1b2, 4=com.java.Objects.TestDataDetails@89eed5, 5=com.java.Objects.TestDataDetails@123d043, 6=com.java.Objects.TestDataDetails@8bddcc, 7=com.java.Objects.TestDataDetails@1e8701a, 8=com.java.Objects.TestDataDetails@1c97cd2, 9=com.java.Objects.TestDataDetails@c85eee, 10=com.java.Objects.TestDataDetails@1332c0e, 11=com.java.Objects.TestDataDetails@5c0621, 12=com.java.Objects.TestDataDetails@cee10, 13=com.java.Objects.TestDataDetails@14c5548, 14=com.java.Objects.TestDataDetails@1004676, 15=com.java.Objects.TestDataDetails@657ab8, 16=com.java.Objects.TestDataDetails@fff5a1}
[INFO ][2015-12-22 20:27:01,658][com.java.TestType] [10310] - Looping 1TCID = 1
[DEBUG][2015-12-22 20:27:01,658][com.java.TestType] [10351] - Concept ID:1 :: Step being Executed: 1::1
[INFO ][2015-12-22 20:27:01,658][com.java.TestType] [10389] - dataFields : TXTusername
[DEBUG][2015-12-22 20:27:01,658][com.java.TestType] [10395] - <In Set values of the page>
[DEBUG][2015-12-22 20:27:01,658][com.java.TestType] [10400] - {Data Fields & Data Values Exist}
[INFO ][2015-12-22 20:27:01,658][com.java.TestType] [10406] - --------------------------setting values-----------------------------
[INFO ][2015-12-22 20:27:01,658][com.java.TestType] [10409] - Action Type : CLEARANDENTER
[INFO ][2015-12-22 20:27:01,658][com.java.TestType] [ 5632] - value = valuelabs.ie10.33527
[INFO ][2015-12-22 20:27:06,345][com.java.TestType] [10428] -  RESULT true
[INFO ][2015-12-22 20:27:06,345][com.java.TestType] [10545] - ?   P A S S   ?
[DEBUG][2015-12-22 20:27:06,345][com.java.TestType] [10351] - Concept ID:1 :: Step being Executed: 1::2
[INFO ][2015-12-22 20:27:06,345][com.java.TestType] [10389] - dataFields : TXTpassword
[DEBUG][2015-12-22 20:27:06,345][com.java.TestType] [10395] - <In Set values of the page>
[DEBUG][2015-12-22 20:27:06,345][com.java.TestType] [10400] - {Data Fields & Data Values Exist}
[INFO ][2015-12-22 20:27:06,345][com.java.TestType] [10406] - --------------------------setting values-----------------------------
[INFO ][2015-12-22 20:27:06,345][com.java.TestType] [10409] - Action Type : CLEARANDENTER
[INFO ][2015-12-22 20:27:06,345][com.java.TestType] [ 5632] - value = Password1*
[INFO ][2015-12-22 20:27:11,156][com.java.TestType] [10428] -  RESULT true
[INFO ][2015-12-22 20:27:11,156][com.java.TestType] [10545] - ?   P A S S   ?
[INFO ][2015-12-22 20:27:11,156][com.java.TestType] [10616] - Looping End......
[INFO ][2015-12-22 20:27:11,161][com.java.SeleniumDriver] [  894] -  RESULT true
[INFO ][2015-12-22 20:27:11,161][com.java.SeleniumDriver] [ 1100] - ?   P A S S   ?
[INFO ][2015-12-22 20:27:11,161][com.java.SeleniumDriver] [  821] - ------------------------------------------
[INFO ][2015-12-22 20:27:11,161][com.java.SeleniumDriver] [  822] - Test case being Executed: 18
[INFO ][2015-12-22 20:27:11,161][com.java.SeleniumDriver] [  833] - Test step:17
[INFO ][2015-12-22 20:27:11,161][com.java.SeleniumDriver] [  845] - Datavalue is----------null
[DEBUG][2015-12-22 20:27:11,161][com.java.SeleniumDriver] [  863] - Exception: null
[INFO ][2015-12-22 20:27:11,161][com.java.SeleniumDriver] [  869] - DataField : CHK//div[@id="loginbox"]//input[@ng-click='vm.rememberMe()']
[INFO ][2015-12-22 20:27:11,161][com.java.SeleniumDriver] [  871] - DataValue : 
[INFO ][2015-12-22 20:27:11,161][com.java.SeleniumDriver] [  877] - <In Set values of the page>
[INFO ][2015-12-22 20:27:11,161][com.java.SeleniumDriver] [  880] - {Data Fields & Data Values Exist}
[INFO ][2015-12-22 20:27:11,161][com.java.SeleniumDriver] [  882] - --------------------------setting values-----------------------------
[INFO ][2015-12-22 20:27:11,161][com.java.SeleniumDriver] [  885] - Action Type : Check
[INFO ][2015-12-22 20:27:12,481][com.java.SeleniumDriver] [  894] -  RESULT true
[INFO ][2015-12-22 20:27:12,481][com.java.SeleniumDriver] [ 1100] - ?   P A S S   ?
[INFO ][2015-12-22 20:27:12,481][com.java.SeleniumDriver] [  821] - ------------------------------------------
[INFO ][2015-12-22 20:27:12,481][com.java.SeleniumDriver] [  822] - Test case being Executed: 18
[INFO ][2015-12-22 20:27:12,481][com.java.SeleniumDriver] [  833] - Test step:18
[INFO ][2015-12-22 20:27:12,481][com.java.SeleniumDriver] [  845] - Datavalue is----------null
[DEBUG][2015-12-22 20:27:12,481][com.java.SeleniumDriver] [  863] - Exception: null
[INFO ][2015-12-22 20:27:12,481][com.java.SeleniumDriver] [  869] - DataField : XPH//button[@type='submit']
[INFO ][2015-12-22 20:27:12,481][com.java.SeleniumDriver] [  871] - DataValue : 
[INFO ][2015-12-22 20:27:12,481][com.java.SeleniumDriver] [  877] - <In Set values of the page>
[INFO ][2015-12-22 20:27:12,481][com.java.SeleniumDriver] [  880] - {Data Fields & Data Values Exist}
[INFO ][2015-12-22 20:27:12,481][com.java.SeleniumDriver] [  882] - --------------------------setting values-----------------------------
[INFO ][2015-12-22 20:27:12,481][com.java.SeleniumDriver] [  885] - Action Type : Click
[INFO ][2015-12-22 20:27:12,481][com.java.TestType] [ 6011] - Field ::XPH//button[@type='submit']
[INFO ][2015-12-22 20:27:12,481][com.java.TestType] [ 5632] - value = 
[INFO ][2015-12-22 20:27:13,482][com.java.TestType] [ 6148] - BEFORE CLICK
[INFO ][2015-12-22 20:27:14,330][com.java.TestType] [ 6156] - Unable to click the object Login
[INFO ][2015-12-22 20:27:14,330][com.java.SeleniumDriver] [  894] -  RESULT true
[INFO ][2015-12-22 20:27:14,330][com.java.SeleniumDriver] [ 1100] - ?   P A S S   ?
[INFO ][2015-12-22 20:27:14,330][com.java.SeleniumDriver] [  821] - ------------------------------------------
[INFO ][2015-12-22 20:27:14,330][com.java.SeleniumDriver] [  822] - Test case being Executed: 18
[INFO ][2015-12-22 20:27:14,330][com.java.SeleniumDriver] [  833] - Test step:19
[INFO ][2015-12-22 20:27:14,330][com.java.SeleniumDriver] [  845] - Datavalue is----------Concept#1:4-16
[INFO ][2015-12-22 20:27:14,330][com.java.SeleniumDriver] [  869] - DataField : test
[INFO ][2015-12-22 20:27:14,330][com.java.SeleniumDriver] [  871] - DataValue : Concept#1:4-16
[INFO ][2015-12-22 20:27:14,330][com.java.SeleniumDriver] [  877] - <In Set values of the page>
[INFO ][2015-12-22 20:27:14,330][com.java.SeleniumDriver] [  880] - {Data Fields & Data Values Exist}
[INFO ][2015-12-22 20:27:14,330][com.java.SeleniumDriver] [  882] - --------------------------setting values-----------------------------
[INFO ][2015-12-22 20:27:14,330][com.java.SeleniumDriver] [  885] - Action Type : ExecuteTestCase
[INFO ][2015-12-22 20:27:14,330][com.java.TestType] [  437] - The Concept sheet name is ---------- Concept
[INFO ][2015-12-22 20:27:14,330][com.java.TestType] [  440] - The Concept ID  is ---------- 1
[DEBUG][2015-12-22 20:27:14,330][com.java.TestType] [  444] - Steps being executted in the Concept are: 4:16
[INFO ][2015-12-22 20:27:14,330][com.java.TestType] [  451] - Test data details path ---------- D:\BankersDashboard\TestInputs\TestData.xls
[INFO ][2015-12-22 20:27:14,359][com.java.TestType] [  482] -  str(1) = 1
[INFO ][2015-12-22 20:27:14,359][com.java.TestType] [  485] - Test case Id is---1
[INFO ][2015-12-22 20:27:14,361][com.java.TestType] [  487] - 1
[INFO ][2015-12-22 20:27:14,361][com.java.TestType] [  482] -  str(2) = 1
[INFO ][2015-12-22 20:27:14,361][com.java.TestType] [  534] - row values are--------{1=com.java.Objects.TestDataDetails@10d246b}
[INFO ][2015-12-22 20:27:14,361][com.java.TestType] [  482] -  str(1) = 1
[INFO ][2015-12-22 20:27:14,361][com.java.TestType] [  485] - Test case Id is---1
[INFO ][2015-12-22 20:27:14,361][com.java.TestType] [  487] - 1
[INFO ][2015-12-22 20:27:14,361][com.java.TestType] [  482] -  str(2) = 2
[INFO ][2015-12-22 20:27:14,364][com.java.TestType] [  534] - row values are--------{1=com.java.Objects.TestDataDetails@10d246b, 2=com.java.Objects.TestDataDetails@13136f3}
[INFO ][2015-12-22 20:27:14,364][com.java.TestType] [  482] -  str(1) = 1
[INFO ][2015-12-22 20:27:14,364][com.java.TestType] [  485] - Test case Id is---1
[INFO ][2015-12-22 20:27:14,364][com.java.TestType] [  487] - 1
[INFO ][2015-12-22 20:27:14,364][com.java.TestType] [  482] -  str(2) = 3
[INFO ][2015-12-22 20:27:14,364][com.java.TestType] [  534] - row values are--------{1=com.java.Objects.TestDataDetails@10d246b, 2=com.java.Objects.TestDataDetails@13136f3, 3=com.java.Objects.TestDataDetails@1f841f8}
[INFO ][2015-12-22 20:27:14,364][com.java.TestType] [  482] -  str(1) = 1
[INFO ][2015-12-22 20:27:14,364][com.java.TestType] [  485] - Test case Id is---1
[INFO ][2015-12-22 20:27:14,364][com.java.TestType] [  487] - 1
[INFO ][2015-12-22 20:27:14,364][com.java.TestType] [  482] -  str(2) = 4
[INFO ][2015-12-22 20:27:14,364][com.java.TestType] [  534] - row values are--------{1=com.java.Objects.TestDataDetails@10d246b, 2=com.java.Objects.TestDataDetails@13136f3, 3=com.java.Objects.TestDataDetails@1f841f8, 4=com.java.Objects.TestDataDetails@8fac46}
[INFO ][2015-12-22 20:27:14,366][com.java.TestType] [  482] -  str(1) = 1
[INFO ][2015-12-22 20:27:14,366][com.java.TestType] [  485] - Test case Id is---1
[INFO ][2015-12-22 20:27:14,366][com.java.TestType] [  487] - 1
[INFO ][2015-12-22 20:27:14,366][com.java.TestType] [  482] -  str(2) = 5
[INFO ][2015-12-22 20:27:14,366][com.java.TestType] [  534] - row values are--------{1=com.java.Objects.TestDataDetails@10d246b, 2=com.java.Objects.TestDataDetails@13136f3, 3=com.java.Objects.TestDataDetails@1f841f8, 4=com.java.Objects.TestDataDetails@8fac46, 5=com.java.Objects.TestDataDetails@13ba780}
[INFO ][2015-12-22 20:27:14,366][com.java.TestType] [  482] -  str(1) = 1
[INFO ][2015-12-22 20:27:14,366][com.java.TestType] [  485] - Test case Id is---1
[INFO ][2015-12-22 20:27:14,366][com.java.TestType] [  487] - 1
[INFO ][2015-12-22 20:27:14,366][com.java.TestType] [  482] -  str(2) = 6
[INFO ][2015-12-22 20:27:14,366][com.java.TestType] [  534] - row values are--------{1=com.java.Objects.TestDataDetails@10d246b, 2=com.java.Objects.TestDataDetails@13136f3, 3=com.java.Objects.TestDataDetails@1f841f8, 4=com.java.Objects.TestDataDetails@8fac46, 5=com.java.Objects.TestDataDetails@13ba780, 6=com.java.Objects.TestDataDetails@73f04f}
[INFO ][2015-12-22 20:27:14,366][com.java.TestType] [  482] -  str(1) = 1
[INFO ][2015-12-22 20:27:14,366][com.java.TestType] [  485] - Test case Id is---1
[INFO ][2015-12-22 20:27:14,366][com.java.TestType] [  487] - 1
[INFO ][2015-12-22 20:27:14,366][com.java.TestType] [  482] -  str(2) = 7
[INFO ][2015-12-22 20:27:14,369][com.java.TestType] [  534] - row values are--------{1=com.java.Objects.TestDataDetails@10d246b, 2=com.java.Objects.TestDataDetails@13136f3, 3=com.java.Objects.TestDataDetails@1f841f8, 4=com.java.Objects.TestDataDetails@8fac46, 5=com.java.Objects.TestDataDetails@13ba780, 6=com.java.Objects.TestDataDetails@73f04f, 7=com.java.Objects.TestDataDetails@e0ab9}
[INFO ][2015-12-22 20:27:14,369][com.java.TestType] [  482] -  str(1) = 1
[INFO ][2015-12-22 20:27:14,369][com.java.TestType] [  485] - Test case Id is---1
[INFO ][2015-12-22 20:27:14,369][com.java.TestType] [  487] - 1
[INFO ][2015-12-22 20:27:14,369][com.java.TestType] [  482] -  str(2) = 8
[INFO ][2015-12-22 20:27:14,369][com.java.TestType] [  534] - row values are--------{1=com.java.Objects.TestDataDetails@10d246b, 2=com.java.Objects.TestDataDetails@13136f3, 3=com.java.Objects.TestDataDetails@1f841f8, 4=com.java.Objects.TestDataDetails@8fac46, 5=com.java.Objects.TestDataDetails@13ba780, 6=com.java.Objects.TestDataDetails@73f04f, 7=com.java.Objects.TestDataDetails@e0ab9, 8=com.java.Objects.TestDataDetails@a386b8}
[INFO ][2015-12-22 20:27:14,369][com.java.TestType] [  482] -  str(1) = 1
[INFO ][2015-12-22 20:27:14,369][com.java.TestType] [  485] - Test case Id is---1
[INFO ][2015-12-22 20:27:14,369][com.java.TestType] [  487] - 1
[INFO ][2015-12-22 20:27:14,369][com.java.TestType] [  482] -  str(2) = 9
[INFO ][2015-12-22 20:27:14,369][com.java.TestType] [  534] - row values are--------{1=com.java.Objects.TestDataDetails@10d246b, 2=com.java.Objects.TestDataDetails@13136f3, 3=com.java.Objects.TestDataDetails@1f841f8, 4=com.java.Objects.TestDataDetails@8fac46, 5=com.java.Objects.TestDataDetails@13ba780, 6=com.java.Objects.TestDataDetails@73f04f, 7=com.java.Objects.TestDataDetails@e0ab9, 8=com.java.Objects.TestDataDetails@a386b8, 9=com.java.Objects.TestDataDetails@1eb4c}
[INFO ][2015-12-22 20:27:14,369][com.java.TestType] [  482] -  str(1) = 1
[INFO ][2015-12-22 20:27:14,369][com.java.TestType] [  485] - Test case Id is---1
[INFO ][2015-12-22 20:27:14,369][com.java.TestType] [  487] - 1
[INFO ][2015-12-22 20:27:14,369][com.java.TestType] [  482] -  str(2) = 10
[INFO ][2015-12-22 20:27:14,371][com.java.TestType] [  534] - row values are--------{1=com.java.Objects.TestDataDetails@10d246b, 2=com.java.Objects.TestDataDetails@13136f3, 3=com.java.Objects.TestDataDetails@1f841f8, 4=com.java.Objects.TestDataDetails@8fac46, 5=com.java.Objects.TestDataDetails@13ba780, 6=com.java.Objects.TestDataDetails@73f04f, 7=com.java.Objects.TestDataDetails@e0ab9, 8=com.java.Objects.TestDataDetails@a386b8, 9=com.java.Objects.TestDataDetails@1eb4c, 10=com.java.Objects.TestDataDetails@1173665}
[INFO ][2015-12-22 20:27:14,371][com.java.TestType] [  482] -  str(1) = 1
[INFO ][2015-12-22 20:27:14,371][com.java.TestType] [  485] - Test case Id is---1
[INFO ][2015-12-22 20:27:14,371][com.java.TestType] [  487] - 1
[INFO ][2015-12-22 20:27:14,371][com.java.TestType] [  482] -  str(2) = 11
[INFO ][2015-12-22 20:27:14,371][com.java.TestType] [  534] - row values are--------{1=com.java.Objects.TestDataDetails@10d246b, 2=com.java.Objects.TestDataDetails@13136f3, 3=com.java.Objects.TestDataDetails@1f841f8, 4=com.java.Objects.TestDataDetails@8fac46, 5=com.java.Objects.TestDataDetails@13ba780, 6=com.java.Objects.TestDataDetails@73f04f, 7=com.java.Objects.TestDataDetails@e0ab9, 8=com.java.Objects.TestDataDetails@a386b8, 9=com.java.Objects.TestDataDetails@1eb4c, 10=com.java.Objects.TestDataDetails@1173665, 11=com.java.Objects.TestDataDetails@84e343}
[INFO ][2015-12-22 20:27:14,371][com.java.TestType] [  482] -  str(1) = 1
[INFO ][2015-12-22 20:27:14,371][com.java.TestType] [  485] - Test case Id is---1
[INFO ][2015-12-22 20:27:14,371][com.java.TestType] [  487] - 1
[INFO ][2015-12-22 20:27:14,371][com.java.TestType] [  482] -  str(2) = 12
[INFO ][2015-12-22 20:27:14,374][com.java.TestType] [  534] - row values are--------{1=com.java.Objects.TestDataDetails@10d246b, 2=com.java.Objects.TestDataDetails@13136f3, 3=com.java.Objects.TestDataDetails@1f841f8, 4=com.java.Objects.TestDataDetails@8fac46, 5=com.java.Objects.TestDataDetails@13ba780, 6=com.java.Objects.TestDataDetails@73f04f, 7=com.java.Objects.TestDataDetails@e0ab9, 8=com.java.Objects.TestDataDetails@a386b8, 9=com.java.Objects.TestDataDetails@1eb4c, 10=com.java.Objects.TestDataDetails@1173665, 11=com.java.Objects.TestDataDetails@84e343, 12=com.java.Objects.TestDataDetails@1d8e0c6}
[INFO ][2015-12-22 20:27:14,374][com.java.TestType] [  482] -  str(1) = 1
[INFO ][2015-12-22 20:27:14,374][com.java.TestType] [  485] - Test case Id is---1
[INFO ][2015-12-22 20:27:14,374][com.java.TestType] [  487] - 1
[INFO ][2015-12-22 20:27:14,374][com.java.TestType] [  482] -  str(2) = 13
[INFO ][2015-12-22 20:27:14,374][com.java.TestType] [  534] - row values are--------{1=com.java.Objects.TestDataDetails@10d246b, 2=com.java.Objects.TestDataDetails@13136f3, 3=com.java.Objects.TestDataDetails@1f841f8, 4=com.java.Objects.TestDataDetails@8fac46, 5=com.java.Objects.TestDataDetails@13ba780, 6=com.java.Objects.TestDataDetails@73f04f, 7=com.java.Objects.TestDataDetails@e0ab9, 8=com.java.Objects.TestDataDetails@a386b8, 9=com.java.Objects.TestDataDetails@1eb4c, 10=com.java.Objects.TestDataDetails@1173665, 11=com.java.Objects.TestDataDetails@84e343, 12=com.java.Objects.TestDataDetails@1d8e0c6, 13=com.java.Objects.TestDataDetails@18989c7}
[INFO ][2015-12-22 20:27:14,374][com.java.TestType] [  482] -  str(1) = 1
[INFO ][2015-12-22 20:27:14,374][com.java.TestType] [  485] - Test case Id is---1
[INFO ][2015-12-22 20:27:14,374][com.java.TestType] [  487] - 1
[INFO ][2015-12-22 20:27:14,374][com.java.TestType] [  482] -  str(2) = 14
[INFO ][2015-12-22 20:27:14,374][com.java.TestType] [  534] - row values are--------{1=com.java.Objects.TestDataDetails@10d246b, 2=com.java.Objects.TestDataDetails@13136f3, 3=com.java.Objects.TestDataDetails@1f841f8, 4=com.java.Objects.TestDataDetails@8fac46, 5=com.java.Objects.TestDataDetails@13ba780, 6=com.java.Objects.TestDataDetails@73f04f, 7=com.java.Objects.TestDataDetails@e0ab9, 8=com.java.Objects.TestDataDetails@a386b8, 9=com.java.Objects.TestDataDetails@1eb4c, 10=com.java.Objects.TestDataDetails@1173665, 11=com.java.Objects.TestDataDetails@84e343, 12=com.java.Objects.TestDataDetails@1d8e0c6, 13=com.java.Objects.TestDataDetails@18989c7, 14=com.java.Objects.TestDataDetails@a77b84}
[INFO ][2015-12-22 20:27:14,374][com.java.TestType] [  482] -  str(1) = 1
[INFO ][2015-12-22 20:27:14,376][com.java.TestType] [  485] - Test case Id is---1
[INFO ][2015-12-22 20:27:14,376][com.java.TestType] [  487] - 1
[INFO ][2015-12-22 20:27:14,376][com.java.TestType] [  482] -  str(2) = 15
[INFO ][2015-12-22 20:27:14,376][com.java.TestType] [  534] - row values are--------{1=com.java.Objects.TestDataDetails@10d246b, 2=com.java.Objects.TestDataDetails@13136f3, 3=com.java.Objects.TestDataDetails@1f841f8, 4=com.java.Objects.TestDataDetails@8fac46, 5=com.java.Objects.TestDataDetails@13ba780, 6=com.java.Objects.TestDataDetails@73f04f, 7=com.java.Objects.TestDataDetails@e0ab9, 8=com.java.Objects.TestDataDetails@a386b8, 9=com.java.Objects.TestDataDetails@1eb4c, 10=com.java.Objects.TestDataDetails@1173665, 11=com.java.Objects.TestDataDetails@84e343, 12=com.java.Objects.TestDataDetails@1d8e0c6, 13=com.java.Objects.TestDataDetails@18989c7, 14=com.java.Objects.TestDataDetails@a77b84, 15=com.java.Objects.TestDataDetails@39adf7}
[INFO ][2015-12-22 20:27:14,376][com.java.TestType] [  482] -  str(1) = 1
[INFO ][2015-12-22 20:27:14,376][com.java.TestType] [  485] - Test case Id is---1
[INFO ][2015-12-22 20:27:14,376][com.java.TestType] [  487] - 1
[INFO ][2015-12-22 20:27:14,376][com.java.TestType] [  482] -  str(2) = 16
[INFO ][2015-12-22 20:27:14,376][com.java.TestType] [  534] - row values are--------{1=com.java.Objects.TestDataDetails@10d246b, 2=com.java.Objects.TestDataDetails@13136f3, 3=com.java.Objects.TestDataDetails@1f841f8, 4=com.java.Objects.TestDataDetails@8fac46, 5=com.java.Objects.TestDataDetails@13ba780, 6=com.java.Objects.TestDataDetails@73f04f, 7=com.java.Objects.TestDataDetails@e0ab9, 8=com.java.Objects.TestDataDetails@a386b8, 9=com.java.Objects.TestDataDetails@1eb4c, 10=com.java.Objects.TestDataDetails@1173665, 11=com.java.Objects.TestDataDetails@84e343, 12=com.java.Objects.TestDataDetails@1d8e0c6, 13=com.java.Objects.TestDataDetails@18989c7, 14=com.java.Objects.TestDataDetails@a77b84, 15=com.java.Objects.TestDataDetails@39adf7, 16=com.java.Objects.TestDataDetails@c96ce}
[INFO ][2015-12-22 20:27:14,376][com.java.TestType] [10310] - Looping 1TCID = 1
[DEBUG][2015-12-22 20:27:14,376][com.java.TestType] [10351] - Concept ID:1 :: Step being Executed: 1::4
[INFO ][2015-12-22 20:27:14,376][com.java.TestType] [10389] - dataFields : LNKLogout
[DEBUG][2015-12-22 20:27:14,376][com.java.TestType] [10395] - <In Set values of the page>
[DEBUG][2015-12-22 20:27:14,376][com.java.TestType] [10400] - {Data Fields & Data Values Exist}
[INFO ][2015-12-22 20:27:14,376][com.java.TestType] [10406] - --------------------------setting values-----------------------------
[INFO ][2015-12-22 20:27:14,376][com.java.TestType] [10409] - Action Type : WaitForElement
[DEBUG][2015-12-22 20:28:47,939][com.java.TestType] [ 6667] - link=Logout   :: Link not Found
[INFO ][2015-12-22 20:28:47,939][com.java.TestType] [10428] -  RESULT false
[INFO ][2015-12-22 20:28:47,939][com.java.TestType] [10466] - ?   F A I L   ?
[DEBUG][2015-12-22 20:28:47,939][com.java.TestType] [10469] - Browser Type : IE10
[DEBUG][2015-12-22 20:28:47,939][com.java.TestType] [10351] - Concept ID:1 :: Step being Executed: 1::5
[INFO ][2015-12-22 20:28:47,939][com.java.TestType] [10389] - dataFields : TTL
[DEBUG][2015-12-22 20:28:47,939][com.java.TestType] [10395] - <In Set values of the page>
[DEBUG][2015-12-22 20:28:47,939][com.java.TestType] [10400] - {Data Fields & Data Values Exist}
[INFO ][2015-12-22 20:28:47,939][com.java.TestType] [10406] - --------------------------setting values-----------------------------
[INFO ][2015-12-22 20:28:47,939][com.java.TestType] [10409] - Action Type : CLOSEWINDOW
[INFO ][2015-12-22 20:28:48,127][com.java.TestType] [10428] -  RESULT true
[INFO ][2015-12-22 20:28:48,127][com.java.TestType] [10545] - ?   P A S S   ?
[DEBUG][2015-12-22 20:28:48,127][com.java.TestType] [10351] - Concept ID:1 :: Step being Executed: 1::6
[INFO ][2015-12-22 20:28:48,127][com.java.TestType] [10389] - dataFields : LNKLogout
[DEBUG][2015-12-22 20:28:48,127][com.java.TestType] [10395] - <In Set values of the page>
[DEBUG][2015-12-22 20:28:48,127][com.java.TestType] [10400] - {Data Fields & Data Values Exist}
[INFO ][2015-12-22 20:28:48,127][com.java.TestType] [10406] - --------------------------setting values-----------------------------
[INFO ][2015-12-22 20:28:48,127][com.java.TestType] [10409] - Action Type : WaitTime
[DEBUG][2015-12-22 20:28:48,127][com.java.TestType] [ 5452] - sleepTime: 3000
[INFO ][2015-12-22 20:28:51,128][com.java.TestType] [10428] -  RESULT true
[INFO ][2015-12-22 20:28:51,128][com.java.TestType] [10545] - ?   P A S S   ?
[DEBUG][2015-12-22 20:28:51,128][com.java.TestType] [10351] - Concept ID:1 :: Step being Executed: 1::7
[INFO ][2015-12-22 20:28:51,128][com.java.TestType] [10389] - dataFields : TTL
[DEBUG][2015-12-22 20:28:51,128][com.java.TestType] [10395] - <In Set values of the page>
[DEBUG][2015-12-22 20:28:51,128][com.java.TestType] [10400] - {Data Fields & Data Values Exist}
[INFO ][2015-12-22 20:28:51,128][com.java.TestType] [10406] - --------------------------setting values-----------------------------
[INFO ][2015-12-22 20:28:51,128][com.java.TestType] [10409] - Action Type : SelectWindow
[INFO ][2015-12-22 20:29:03,600][com.java.TestType] [10428] -  RESULT true
[INFO ][2015-12-22 20:29:03,600][com.java.TestType] [10545] - ?   P A S S   ?
[DEBUG][2015-12-22 20:29:03,600][com.java.TestType] [10351] - Concept ID:1 :: Step being Executed: 1::8
[INFO ][2015-12-22 20:29:03,600][com.java.TestType] [10389] - dataFields : test
[DEBUG][2015-12-22 20:29:03,600][com.java.TestType] [10395] - <In Set values of the page>
[DEBUG][2015-12-22 20:29:03,600][com.java.TestType] [10400] - {Data Fields & Data Values Exist}
[INFO ][2015-12-22 20:29:03,600][com.java.TestType] [10406] - --------------------------setting values-----------------------------
[INFO ][2015-12-22 20:29:03,600][com.java.TestType] [10409] - Action Type : WaitTime
[DEBUG][2015-12-22 20:29:03,600][com.java.TestType] [ 5452] - sleepTime: 20000
[INFO ][2015-12-22 20:29:23,607][com.java.TestType] [10428] -  RESULT true
[INFO ][2015-12-22 20:29:23,607][com.java.TestType] [10545] - ?   P A S S   ?
[DEBUG][2015-12-22 20:29:23,607][com.java.TestType] [10351] - Concept ID:1 :: Step being Executed: 1::9
[ERROR][2015-12-22 20:29:23,607][com.java.TestType] [10384] - Exception: null
[INFO ][2015-12-22 20:29:23,607][com.java.TestType] [10389] - dataFields : //span[@class='icon-cog2']&&//a[@data-id="UserSettings"]
[DEBUG][2015-12-22 20:29:23,607][com.java.TestType] [10395] - <In Set values of the page>
[DEBUG][2015-12-22 20:29:23,607][com.java.TestType] [10400] - {Data Fields & Data Values Exist}
[INFO ][2015-12-22 20:29:23,607][com.java.TestType] [10406] - --------------------------setting values-----------------------------
[INFO ][2015-12-22 20:29:23,607][com.java.TestType] [10409] - Action Type : MouseOver
[INFO ][2015-12-22 20:29:46,924][com.java.TestType] [10428] -  RESULT true
[INFO ][2015-12-22 20:29:46,924][com.java.TestType] [10545] - ?   P A S S   ?
[DEBUG][2015-12-22 20:29:46,924][com.java.TestType] [10351] - Concept ID:1 :: Step being Executed: 1::10
[INFO ][2015-12-22 20:29:46,924][com.java.TestType] [10389] - dataFields : BTNframeDialogContent
[DEBUG][2015-12-22 20:29:46,924][com.java.TestType] [10395] - <In Set values of the page>
[DEBUG][2015-12-22 20:29:46,924][com.java.TestType] [10400] - {Data Fields & Data Values Exist}
[INFO ][2015-12-22 20:29:46,924][com.java.TestType] [10406] - --------------------------setting values-----------------------------
[INFO ][2015-12-22 20:29:46,924][com.java.TestType] [10409] - Action Type : WaitForElement
[INFO ][2015-12-22 20:29:48,136][com.java.TestType] [10428] -  RESULT true
[INFO ][2015-12-22 20:29:48,136][com.java.TestType] [10545] - ?   P A S S   ?
[DEBUG][2015-12-22 20:29:48,136][com.java.TestType] [10351] - Concept ID:1 :: Step being Executed: 1::11
[INFO ][2015-12-22 20:29:48,136][com.java.TestType] [10389] - dataFields : BTN
[DEBUG][2015-12-22 20:29:48,136][com.java.TestType] [10395] - <In Set values of the page>
[DEBUG][2015-12-22 20:29:48,136][com.java.TestType] [10400] - {Data Fields & Data Values Exist}
[INFO ][2015-12-22 20:29:48,136][com.java.TestType] [10406] - --------------------------setting values-----------------------------
[INFO ][2015-12-22 20:29:48,136][com.java.TestType] [10409] - Action Type : SELECTFRAMEBYNAME
[INFO ][2015-12-22 20:29:48,136][com.java.TestType] [ 5632] - value = frameDialogContent
[INFO ][2015-12-22 20:29:48,210][com.java.TestType] [10428] -  RESULT true
[INFO ][2015-12-22 20:29:48,210][com.java.TestType] [10545] - ?   P A S S   ?
[DEBUG][2015-12-22 20:29:48,210][com.java.TestType] [10351] - Concept ID:1 :: Step being Executed: 1::12
[INFO ][2015-12-22 20:29:48,210][com.java.TestType] [10389] - dataFields : SLBddlOpenBDInNewWindow
[DEBUG][2015-12-22 20:29:48,210][com.java.TestType] [10395] - <In Set values of the page>
[DEBUG][2015-12-22 20:29:48,210][com.java.TestType] [10400] - {Data Fields & Data Values Exist}
[INFO ][2015-12-22 20:29:48,210][com.java.TestType] [10406] - --------------------------setting values-----------------------------
[INFO ][2015-12-22 20:29:48,210][com.java.TestType] [10409] - Action Type : Select
[INFO ][2015-12-22 20:29:48,210][com.java.TestType] [ 5632] - value = No
[INFO ][2015-12-22 20:29:50,516][com.java.TestType] [10428] -  RESULT true
[INFO ][2015-12-22 20:29:50,516][com.java.TestType] [10545] - ?   P A S S   ?
[DEBUG][2015-12-22 20:29:50,516][com.java.TestType] [10351] - Concept ID:1 :: Step being Executed: 1::13
[ERROR][2015-12-22 20:29:50,516][com.java.TestType] [10384] - Exception: null
[INFO ][2015-12-22 20:29:50,516][com.java.TestType] [10389] - dataFields : BTNparent
[DEBUG][2015-12-22 20:29:50,516][com.java.TestType] [10395] - <In Set values of the page>
[DEBUG][2015-12-22 20:29:50,516][com.java.TestType] [10400] - {Data Fields & Data Values Exist}
[INFO ][2015-12-22 20:29:50,516][com.java.TestType] [10406] - --------------------------setting values-----------------------------
[INFO ][2015-12-22 20:29:50,516][com.java.TestType] [10409] - Action Type : SELECTFRAME
[INFO ][2015-12-22 20:29:50,531][com.java.TestType] [10428] -  RESULT true
[INFO ][2015-12-22 20:29:50,531][com.java.TestType] [10545] - ?   P A S S   ?
[DEBUG][2015-12-22 20:29:50,531][com.java.TestType] [10351] - Concept ID:1 :: Step being Executed: 1::14
[ERROR][2015-12-22 20:29:50,531][com.java.TestType] [10384] - Exception: null
[INFO ][2015-12-22 20:29:50,531][com.java.TestType] [10389] - dataFields : BTN//span[text()='Finished']
[DEBUG][2015-12-22 20:29:50,531][com.java.TestType] [10395] - <In Set values of the page>
[DEBUG][2015-12-22 20:29:50,531][com.java.TestType] [10400] - {Data Fields & Data Values Exist}
[INFO ][2015-12-22 20:29:50,531][com.java.TestType] [10406] - --------------------------setting values-----------------------------
[INFO ][2015-12-22 20:29:50,531][com.java.TestType] [10409] - Action Type : Click
[INFO ][2015-12-22 20:29:50,533][com.java.TestType] [ 6011] - Field ::BTN//span[text()='Finished']
[INFO ][2015-12-22 20:29:50,533][com.java.TestType] [ 5632] - value = 
[INFO ][2015-12-22 20:29:51,534][com.java.TestType] [ 6127] - BEFORE CLICK
[INFO ][2015-12-22 20:29:51,902][com.java.TestType] [ 6134] - Unable to click the object Finished button
[INFO ][2015-12-22 20:29:51,902][com.java.TestType] [10428] -  RESULT true
[INFO ][2015-12-22 20:29:51,902][com.java.TestType] [10545] - ?   P A S S   ?
[DEBUG][2015-12-22 20:29:51,905][com.java.TestType] [10351] - Concept ID:1 :: Step being Executed: 1::15
[INFO ][2015-12-22 20:29:51,905][com.java.TestType] [10389] - dataFields : LNK
[DEBUG][2015-12-22 20:29:51,905][com.java.TestType] [10395] - <In Set values of the page>
[DEBUG][2015-12-22 20:29:51,905][com.java.TestType] [10400] - {Data Fields & Data Values Exist}
[INFO ][2015-12-22 20:29:51,905][com.java.TestType] [10406] - --------------------------setting values-----------------------------
[INFO ][2015-12-22 20:29:51,905][com.java.TestType] [10409] - Action Type : Verify
[INFO ][2015-12-22 20:29:51,905][com.java.TestType] [ 6982] - field= LNK value= Logout
[INFO ][2015-12-22 20:29:51,905][com.java.TestType] [ 5632] - value = Logout
[INFO ][2015-12-22 20:29:52,000][com.java.TestType] [10428] -  RESULT true
[INFO ][2015-12-22 20:29:52,000][com.java.TestType] [10545] - ?   P A S S   ?
[DEBUG][2015-12-22 20:29:52,000][com.java.TestType] [10351] - Concept ID:1 :: Step being Executed: 1::16
[INFO ][2015-12-22 20:29:52,000][com.java.TestType] [10389] - dataFields : BTN
[DEBUG][2015-12-22 20:29:52,000][com.java.TestType] [10395] - <In Set values of the page>
[DEBUG][2015-12-22 20:29:52,000][com.java.TestType] [10400] - {Data Fields & Data Values Exist}
[INFO ][2015-12-22 20:29:52,000][com.java.TestType] [10406] - --------------------------setting values-----------------------------
[INFO ][2015-12-22 20:29:52,000][com.java.TestType] [10409] - Action Type : Verify
[INFO ][2015-12-22 20:29:52,000][com.java.TestType] [ 6982] - field= BTN value= //img[contains(@src,'bdlogo.jpg')]
[INFO ][2015-12-22 20:29:52,000][com.java.TestType] [ 5632] - value = //img[contains(@src,'bdlogo.jpg')]
[INFO ][2015-12-22 20:29:52,220][com.java.TestType] [10428] -  RESULT true
[INFO ][2015-12-22 20:29:52,220][com.java.TestType] [10545] - ?   P A S S   ?
[INFO ][2015-12-22 20:29:52,220][com.java.TestType] [10616] - Looping End......
[INFO ][2015-12-22 20:29:52,225][com.java.SeleniumDriver] [  894] -  RESULT true
[INFO ][2015-12-22 20:29:52,225][com.java.SeleniumDriver] [ 1100] - ?   P A S S   ?
[INFO ][2015-12-22 20:29:52,225][com.java.SeleniumDriver] [  821] - ------------------------------------------
[INFO ][2015-12-22 20:29:52,225][com.java.SeleniumDriver] [  822] - Test case being Executed: 18
[INFO ][2015-12-22 20:29:52,225][com.java.SeleniumDriver] [  833] - Test step:20
[INFO ][2015-12-22 20:29:52,225][com.java.SeleniumDriver] [  845] - Datavalue is----------Concept#3:1-2
[INFO ][2015-12-22 20:29:52,225][com.java.SeleniumDriver] [  869] - DataField : test
[INFO ][2015-12-22 20:29:52,225][com.java.SeleniumDriver] [  871] - DataValue : Concept#3:1-2
[INFO ][2015-12-22 20:29:52,225][com.java.SeleniumDriver] [  877] - <In Set values of the page>
[INFO ][2015-12-22 20:29:52,225][com.java.SeleniumDriver] [  880] - {Data Fields & Data Values Exist}
[INFO ][2015-12-22 20:29:52,225][com.java.SeleniumDriver] [  882] - --------------------------setting values-----------------------------
[INFO ][2015-12-22 20:29:52,225][com.java.SeleniumDriver] [  885] - Action Type : ExecuteTestCase
[INFO ][2015-12-22 20:29:52,225][com.java.TestType] [  437] - The Concept sheet name is ---------- Concept
[INFO ][2015-12-22 20:29:52,225][com.java.TestType] [  440] - The Concept ID  is ---------- 3
[DEBUG][2015-12-22 20:29:52,225][com.java.TestType] [  444] - Steps being executted in the Concept are: 1:2
[INFO ][2015-12-22 20:29:52,225][com.java.TestType] [  451] - Test data details path ---------- D:\BankersDashboard\TestInputs\TestData.xls
[INFO ][2015-12-22 20:29:52,252][com.java.TestType] [  482] -  str(1) = 3
[INFO ][2015-12-22 20:29:52,252][com.java.TestType] [  485] - Test case Id is---3
[INFO ][2015-12-22 20:29:52,252][com.java.TestType] [  487] - 3
[INFO ][2015-12-22 20:29:52,252][com.java.TestType] [  482] -  str(2) = 1
[INFO ][2015-12-22 20:29:52,255][com.java.TestType] [  534] - row values are--------{1=com.java.Objects.TestDataDetails@32684e}
[INFO ][2015-12-22 20:29:52,255][com.java.TestType] [  482] -  str(1) = 3
[INFO ][2015-12-22 20:29:52,255][com.java.TestType] [  485] - Test case Id is---3
[INFO ][2015-12-22 20:29:52,255][com.java.TestType] [  487] - 3
[INFO ][2015-12-22 20:29:52,255][com.java.TestType] [  482] -  str(2) = 2
[INFO ][2015-12-22 20:29:52,255][com.java.TestType] [  534] - row values are--------{1=com.java.Objects.TestDataDetails@32684e, 2=com.java.Objects.TestDataDetails@28d678}
[INFO ][2015-12-22 20:29:52,257][com.java.TestType] [10310] - Looping 1TCID = 3
[DEBUG][2015-12-22 20:29:52,257][com.java.TestType] [10351] - Concept ID:3 :: Step being Executed: 3::1
[INFO ][2015-12-22 20:29:52,257][com.java.TestType] [10389] - dataFields : test
[DEBUG][2015-12-22 20:29:52,257][com.java.TestType] [10395] - <In Set values of the page>
[DEBUG][2015-12-22 20:29:52,257][com.java.TestType] [10400] - {Data Fields & Data Values Exist}
[INFO ][2015-12-22 20:29:52,257][com.java.TestType] [10406] - --------------------------setting values-----------------------------
[INFO ][2015-12-22 20:29:52,257][com.java.TestType] [10409] - Action Type : Logout
[INFO ][2015-12-22 20:29:55,047][com.java.TestType] [ 6011] - Field ::CNF
[INFO ][2015-12-22 20:29:55,047][com.java.TestType] [ 5632] - value = OK
[ERROR][2015-12-22 20:29:56,064][com.java.TestType] [ 6322] - Exception in click:: Unable to get browser (WARNING: The server did not provide any stacktrace information)
Command duration or timeout: 12 milliseconds
Build info: version: '2.48.2', revision: '41bccdd', time: '2015-10-09 19:59:12'
System info: host: 'FVTIII438F1D', ip: '172.17.68.34', os.name: 'Windows 7', os.arch: 'x86', os.version: '6.1', java.version: '1.7.0_55'
Session ID: a47d8c8e-ca79-47c6-b22c-262ae88d8f95
Driver info: org.openqa.selenium.ie.InternetExplorerDriver
Capabilities [{platform=WINDOWS, javascriptEnabled=true, elementScrollBehavior=0, ignoreZoomSetting=false, enablePersistentHover=true, ie.ensureCleanSession=false, browserName=internet explorer, enableElementCacheCleanup=true, unexpectedAlertBehaviour=dismiss, version=10, ie.usePerProcessProxy=false, ignoreProtectedModeSettings=true, cssSelectorsEnabled=true, requireWindowFocus=false, initialBrowserUrl=http://localhost:13135/, handlesAlerts=true, ie.forceCreateProcessApi=false, nativeEvents=true, browserAttachTimeout=0, ie.browserCommandLineSwitches=, takesScreenshot=true}]
[INFO ][2015-12-22 20:29:56,064][com.java.TestType] [ 6326] - Element :::: not found
[DEBUG][2015-12-22 20:29:57,236][com.java.SeleniumDriver] [  426] - Hub ip address is-------172.17.68.34
[INFO ][2015-12-22 20:29:57,236][com.java.SeleniumDriver] [  452] - Grid URL:http://172.17.68.34:4444/wd/hub
[INFO ][2015-12-22 20:29:57,236][com.java.SeleniumDriver] [  453] - Capability:Capabilities [{platform=ANY, ensureCleanSession=true, ignoreProtectedModeSettings=true, acceptSslCerts=true, ignoreZoomSetting=true, browserName=internet explorer, browserstack.ie.noFlash=true, version=null}]
[ERROR][2015-12-22 20:29:58,241][com.java.SeleniumDriver] [  497] - Unable invoke browser in grid:Could not start a new session. Possible causes are invalid address of the remote server or browser start-up failure.
Build info: version: '2.48.2', revision: '41bccdd', time: '2015-10-09 19:59:12'
System info: host: 'FVTIII438F1D', ip: '172.17.68.34', os.name: 'Windows 7', os.arch: 'x86', os.version: '6.1', java.version: '1.7.0_55'
Driver info: driver.version: SeleniumDriver
[INFO ][2015-12-22 20:29:58,241][com.java.SeleniumDriver] [  499] - Executing on local machine
[INFO ][2015-12-22 20:30:08,579][com.java.TestType] [10428] -  RESULT true
[INFO ][2015-12-22 20:30:08,579][com.java.TestType] [10545] - ?   P A S S   ?
[DEBUG][2015-12-22 20:30:08,579][com.java.TestType] [10351] - Concept ID:3 :: Step being Executed: 3::2
[INFO ][2015-12-22 20:30:08,579][com.java.TestType] [10389] - dataFields : test
[DEBUG][2015-12-22 20:30:08,579][com.java.TestType] [10395] - <In Set values of the page>
[DEBUG][2015-12-22 20:30:08,579][com.java.TestType] [10400] - {Data Fields & Data Values Exist}
[INFO ][2015-12-22 20:30:08,579][com.java.TestType] [10406] - --------------------------setting values-----------------------------
[INFO ][2015-12-22 20:30:08,579][com.java.TestType] [10409] - Action Type : WaitTime
[DEBUG][2015-12-22 20:30:08,579][com.java.TestType] [ 5452] - sleepTime: 2000
[INFO ][2015-12-22 20:30:10,583][com.java.TestType] [10428] -  RESULT true
[INFO ][2015-12-22 20:30:10,583][com.java.TestType] [10545] - ?   P A S S   ?
[INFO ][2015-12-22 20:30:10,583][com.java.TestType] [10616] - Looping End......
[INFO ][2015-12-22 20:30:10,585][com.java.SeleniumDriver] [  894] -  RESULT true
[INFO ][2015-12-22 20:30:10,585][com.java.SeleniumDriver] [ 1100] - ?   P A S S   ?
[INFO ][2015-12-22 20:30:10,585][com.java.SeleniumDriver] [  821] - ------------------------------------------
[INFO ][2015-12-22 20:30:10,585][com.java.SeleniumDriver] [  822] - Test case being Executed: 18
[INFO ][2015-12-22 20:30:10,585][com.java.SeleniumDriver] [  833] - Test step:21
[INFO ][2015-12-22 20:30:10,585][com.java.SeleniumDriver] [  845] - Datavalue is----------10
[INFO ][2015-12-22 20:30:10,585][com.java.SeleniumDriver] [  869] - DataField : test
[INFO ][2015-12-22 20:30:10,585][com.java.SeleniumDriver] [  871] - DataValue : 10
[INFO ][2015-12-22 20:30:10,585][com.java.SeleniumDriver] [  877] - <In Set values of the page>
[INFO ][2015-12-22 20:30:10,585][com.java.SeleniumDriver] [  880] - {Data Fields & Data Values Exist}
[INFO ][2015-12-22 20:30:10,585][com.java.SeleniumDriver] [  882] - --------------------------setting values-----------------------------
[INFO ][2015-12-22 20:30:10,585][com.java.SeleniumDriver] [  885] - Action Type : WaitTime
[DEBUG][2015-12-22 20:30:10,585][com.java.TestType] [ 5452] - sleepTime: 10000
[INFO ][2015-12-22 20:30:20,593][com.java.SeleniumDriver] [  894] -  RESULT true
[INFO ][2015-12-22 20:30:20,593][com.java.SeleniumDriver] [ 1100] - ?   P A S S   ?
[INFO ][2015-12-22 20:30:20,593][com.java.SeleniumDriver] [  821] - ------------------------------------------
[INFO ][2015-12-22 20:30:20,593][com.java.SeleniumDriver] [  822] - Test case being Executed: 18
[INFO ][2015-12-22 20:30:20,593][com.java.SeleniumDriver] [  833] - Test step:22
[INFO ][2015-12-22 20:30:20,593][com.java.SeleniumDriver] [  845] - Datavalue is----------not empty
[INFO ][2015-12-22 20:30:20,593][com.java.SeleniumDriver] [  869] - DataField : username
[INFO ][2015-12-22 20:30:20,593][com.java.SeleniumDriver] [  871] - DataValue : not empty
[INFO ][2015-12-22 20:30:20,593][com.java.SeleniumDriver] [  877] - <In Set values of the page>
[INFO ][2015-12-22 20:30:20,593][com.java.SeleniumDriver] [  880] - {Data Fields & Data Values Exist}
[INFO ][2015-12-22 20:30:20,593][com.java.SeleniumDriver] [  882] - --------------------------setting values-----------------------------
[INFO ][2015-12-22 20:30:20,593][com.java.SeleniumDriver] [  885] - Action Type : TEXTFIELDEMPTY
[INFO ][2015-12-22 20:30:22,821][com.java.SeleniumDriver] [  894] -  RESULT true
[INFO ][2015-12-22 20:30:22,821][com.java.SeleniumDriver] [ 1100] - ?   P A S S   ?
[INFO ][2015-12-22 20:30:22,821][com.java.SeleniumDriver] [  821] - ------------------------------------------
[INFO ][2015-12-22 20:30:22,821][com.java.SeleniumDriver] [  822] - Test case being Executed: 18
[INFO ][2015-12-22 20:30:22,821][com.java.SeleniumDriver] [  833] - Test step:23
[INFO ][2015-12-22 20:30:22,821][com.java.SeleniumDriver] [  845] - Datavalue is----------Concept#1:2-4
[INFO ][2015-12-22 20:30:22,821][com.java.SeleniumDriver] [  869] - DataField : test
[INFO ][2015-12-22 20:30:22,821][com.java.SeleniumDriver] [  871] - DataValue : Concept#1:2-4
[INFO ][2015-12-22 20:30:22,821][com.java.SeleniumDriver] [  877] - <In Set values of the page>
[INFO ][2015-12-22 20:30:22,821][com.java.SeleniumDriver] [  880] - {Data Fields & Data Values Exist}
[INFO ][2015-12-22 20:30:22,821][com.java.SeleniumDriver] [  882] - --------------------------setting values-----------------------------
[INFO ][2015-12-22 20:30:22,821][com.java.SeleniumDriver] [  885] - Action Type : ExecuteTestCase
[INFO ][2015-12-22 20:30:22,823][com.java.TestType] [  437] - The Concept sheet name is ---------- Concept
[INFO ][2015-12-22 20:30:22,823][com.java.TestType] [  440] - The Concept ID  is ---------- 1
[DEBUG][2015-12-22 20:30:22,823][com.java.TestType] [  444] - Steps being executted in the Concept are: 2:4
[INFO ][2015-12-22 20:30:22,823][com.java.TestType] [  451] - Test data details path ---------- D:\BankersDashboard\TestInputs\TestData.xls
[INFO ][2015-12-22 20:30:22,851][com.java.TestType] [  482] -  str(1) = 1
[INFO ][2015-12-22 20:30:22,851][com.java.TestType] [  485] - Test case Id is---1
[INFO ][2015-12-22 20:30:22,851][com.java.TestType] [  487] - 1
[INFO ][2015-12-22 20:30:22,851][com.java.TestType] [  482] -  str(2) = 1
[INFO ][2015-12-22 20:30:22,853][com.java.TestType] [  534] - row values are--------{1=com.java.Objects.TestDataDetails@1f63996}
[INFO ][2015-12-22 20:30:22,853][com.java.TestType] [  482] -  str(1) = 1
[INFO ][2015-12-22 20:30:22,853][com.java.TestType] [  485] - Test case Id is---1
[INFO ][2015-12-22 20:30:22,853][com.java.TestType] [  487] - 1
[INFO ][2015-12-22 20:30:22,853][com.java.TestType] [  482] -  str(2) = 2
[INFO ][2015-12-22 20:30:22,856][com.java.TestType] [  534] - row values are--------{1=com.java.Objects.TestDataDetails@1f63996, 2=com.java.Objects.TestDataDetails@1811179}
[INFO ][2015-12-22 20:30:22,856][com.java.TestType] [  482] -  str(1) = 1
[INFO ][2015-12-22 20:30:22,856][com.java.TestType] [  485] - Test case Id is---1
[INFO ][2015-12-22 20:30:22,856][com.java.TestType] [  487] - 1
[INFO ][2015-12-22 20:30:22,856][com.java.TestType] [  482] -  str(2) = 3
[INFO ][2015-12-22 20:30:22,856][com.java.TestType] [  534] - row values are--------{1=com.java.Objects.TestDataDetails@1f63996, 2=com.java.Objects.TestDataDetails@1811179, 3=com.java.Objects.TestDataDetails@1670068}
[INFO ][2015-12-22 20:30:22,856][com.java.TestType] [  482] -  str(1) = 1
[INFO ][2015-12-22 20:30:22,856][com.java.TestType] [  485] - Test case Id is---1
[INFO ][2015-12-22 20:30:22,856][com.java.TestType] [  487] - 1
[INFO ][2015-12-22 20:30:22,856][com.java.TestType] [  482] -  str(2) = 4
[INFO ][2015-12-22 20:30:22,856][com.java.TestType] [  534] - row values are--------{1=com.java.Objects.TestDataDetails@1f63996, 2=com.java.Objects.TestDataDetails@1811179, 3=com.java.Objects.TestDataDetails@1670068, 4=com.java.Objects.TestDataDetails@183e0b8}
[INFO ][2015-12-22 20:30:22,856][com.java.TestType] [  482] -  str(1) = 1
[INFO ][2015-12-22 20:30:22,856][com.java.TestType] [  485] - Test case Id is---1
[INFO ][2015-12-22 20:30:22,856][com.java.TestType] [  487] - 1
[INFO ][2015-12-22 20:30:22,856][com.java.TestType] [  482] -  str(2) = 5
[INFO ][2015-12-22 20:30:22,858][com.java.TestType] [  534] - row values are--------{1=com.java.Objects.TestDataDetails@1f63996, 2=com.java.Objects.TestDataDetails@1811179, 3=com.java.Objects.TestDataDetails@1670068, 4=com.java.Objects.TestDataDetails@183e0b8, 5=com.java.Objects.TestDataDetails@fd91d6}
[INFO ][2015-12-22 20:30:22,858][com.java.TestType] [  482] -  str(1) = 1
[INFO ][2015-12-22 20:30:22,858][com.java.TestType] [  485] - Test case Id is---1
[INFO ][2015-12-22 20:30:22,858][com.java.TestType] [  487] - 1
[INFO ][2015-12-22 20:30:22,858][com.java.TestType] [  482] -  str(2) = 6
[INFO ][2015-12-22 20:30:22,858][com.java.TestType] [  534] - row values are--------{1=com.java.Objects.TestDataDetails@1f63996, 2=com.java.Objects.TestDataDetails@1811179, 3=com.java.Objects.TestDataDetails@1670068, 4=com.java.Objects.TestDataDetails@183e0b8, 5=com.java.Objects.TestDataDetails@fd91d6, 6=com.java.Objects.TestDataDetails@1f5cc16}
[INFO ][2015-12-22 20:30:22,858][com.java.TestType] [  482] -  str(1) = 1
[INFO ][2015-12-22 20:30:22,858][com.java.TestType] [  485] - Test case Id is---1
[INFO ][2015-12-22 20:30:22,858][com.java.TestType] [  487] - 1
[INFO ][2015-12-22 20:30:22,858][com.java.TestType] [  482] -  str(2) = 7
[INFO ][2015-12-22 20:30:22,858][com.java.TestType] [  534] - row values are--------{1=com.java.Objects.TestDataDetails@1f63996, 2=com.java.Objects.TestDataDetails@1811179, 3=com.java.Objects.TestDataDetails@1670068, 4=com.java.Objects.TestDataDetails@183e0b8, 5=com.java.Objects.TestDataDetails@fd91d6, 6=com.java.Objects.TestDataDetails@1f5cc16, 7=com.java.Objects.TestDataDetails@1953a4e}
[INFO ][2015-12-22 20:30:22,858][com.java.TestType] [  482] -  str(1) = 1
[INFO ][2015-12-22 20:30:22,858][com.java.TestType] [  485] - Test case Id is---1
[INFO ][2015-12-22 20:30:22,858][com.java.TestType] [  487] - 1
[INFO ][2015-12-22 20:30:22,858][com.java.TestType] [  482] -  str(2) = 8
[INFO ][2015-12-22 20:30:22,861][com.java.TestType] [  534] - row values are--------{1=com.java.Objects.TestDataDetails@1f63996, 2=com.java.Objects.TestDataDetails@1811179, 3=com.java.Objects.TestDataDetails@1670068, 4=com.java.Objects.TestDataDetails@183e0b8, 5=com.java.Objects.TestDataDetails@fd91d6, 6=com.java.Objects.TestDataDetails@1f5cc16, 7=com.java.Objects.TestDataDetails@1953a4e, 8=com.java.Objects.TestDataDetails@18be9f2}
[INFO ][2015-12-22 20:30:22,861][com.java.TestType] [  482] -  str(1) = 1
[INFO ][2015-12-22 20:30:22,861][com.java.TestType] [  485] - Test case Id is---1
[INFO ][2015-12-22 20:30:22,861][com.java.TestType] [  487] - 1
[INFO ][2015-12-22 20:30:22,861][com.java.TestType] [  482] -  str(2) = 9
[INFO ][2015-12-22 20:30:22,861][com.java.TestType] [  534] - row values are--------{1=com.java.Objects.TestDataDetails@1f63996, 2=com.java.Objects.TestDataDetails@1811179, 3=com.java.Objects.TestDataDetails@1670068, 4=com.java.Objects.TestDataDetails@183e0b8, 5=com.java.Objects.TestDataDetails@fd91d6, 6=com.java.Objects.TestDataDetails@1f5cc16, 7=com.java.Objects.TestDataDetails@1953a4e, 8=com.java.Objects.TestDataDetails@18be9f2, 9=com.java.Objects.TestDataDetails@1fb5b8d}
[INFO ][2015-12-22 20:30:22,861][com.java.TestType] [  482] -  str(1) = 1
[INFO ][2015-12-22 20:30:22,861][com.java.TestType] [  485] - Test case Id is---1
[INFO ][2015-12-22 20:30:22,861][com.java.TestType] [  487] - 1
[INFO ][2015-12-22 20:30:22,861][com.java.TestType] [  482] -  str(2) = 10
[INFO ][2015-12-22 20:30:22,863][com.java.TestType] [  534] - row values are--------{1=com.java.Objects.TestDataDetails@1f63996, 2=com.java.Objects.TestDataDetails@1811179, 3=com.java.Objects.TestDataDetails@1670068, 4=com.java.Objects.TestDataDetails@183e0b8, 5=com.java.Objects.TestDataDetails@fd91d6, 6=com.java.Objects.TestDataDetails@1f5cc16, 7=com.java.Objects.TestDataDetails@1953a4e, 8=com.java.Objects.TestDataDetails@18be9f2, 9=com.java.Objects.TestDataDetails@1fb5b8d, 10=com.java.Objects.TestDataDetails@16aaae3}
[INFO ][2015-12-22 20:30:22,863][com.java.TestType] [  482] -  str(1) = 1
[INFO ][2015-12-22 20:30:22,863][com.java.TestType] [  485] - Test case Id is---1
[INFO ][2015-12-22 20:30:22,863][com.java.TestType] [  487] - 1
[INFO ][2015-12-22 20:30:22,863][com.java.TestType] [  482] -  str(2) = 11
[INFO ][2015-12-22 20:30:22,863][com.java.TestType] [  534] - row values are--------{1=com.java.Objects.TestDataDetails@1f63996, 2=com.java.Objects.TestDataDetails@1811179, 3=com.java.Objects.TestDataDetails@1670068, 4=com.java.Objects.TestDataDetails@183e0b8, 5=com.java.Objects.TestDataDetails@fd91d6, 6=com.java.Objects.TestDataDetails@1f5cc16, 7=com.java.Objects.TestDataDetails@1953a4e, 8=com.java.Objects.TestDataDetails@18be9f2, 9=com.java.Objects.TestDataDetails@1fb5b8d, 10=com.java.Objects.TestDataDetails@16aaae3, 11=com.java.Objects.TestDataDetails@dd4a54}
[INFO ][2015-12-22 20:30:22,863][com.java.TestType] [  482] -  str(1) = 1
[INFO ][2015-12-22 20:30:22,863][com.java.TestType] [  485] - Test case Id is---1
[INFO ][2015-12-22 20:30:22,863][com.java.TestType] [  487] - 1
[INFO ][2015-12-22 20:30:22,863][com.java.TestType] [  482] -  str(2) = 12
[INFO ][2015-12-22 20:30:22,863][com.java.TestType] [  534] - row values are--------{1=com.java.Objects.TestDataDetails@1f63996, 2=com.java.Objects.TestDataDetails@1811179, 3=com.java.Objects.TestDataDetails@1670068, 4=com.java.Objects.TestDataDetails@183e0b8, 5=com.java.Objects.TestDataDetails@fd91d6, 6=com.java.Objects.TestDataDetails@1f5cc16, 7=com.java.Objects.TestDataDetails@1953a4e, 8=com.java.Objects.TestDataDetails@18be9f2, 9=com.java.Objects.TestDataDetails@1fb5b8d, 10=com.java.Objects.TestDataDetails@16aaae3, 11=com.java.Objects.TestDataDetails@dd4a54, 12=com.java.Objects.TestDataDetails@18bbae9}
[INFO ][2015-12-22 20:30:22,863][com.java.TestType] [  482] -  str(1) = 1
[INFO ][2015-12-22 20:30:22,863][com.java.TestType] [  485] - Test case Id is---1
[INFO ][2015-12-22 20:30:22,863][com.java.TestType] [  487] - 1
[INFO ][2015-12-22 20:30:22,863][com.java.TestType] [  482] -  str(2) = 13
[INFO ][2015-12-22 20:30:22,866][com.java.TestType] [  534] - row values are--------{1=com.java.Objects.TestDataDetails@1f63996, 2=com.java.Objects.TestDataDetails@1811179, 3=com.java.Objects.TestDataDetails@1670068, 4=com.java.Objects.TestDataDetails@183e0b8, 5=com.java.Objects.TestDataDetails@fd91d6, 6=com.java.Objects.TestDataDetails@1f5cc16, 7=com.java.Objects.TestDataDetails@1953a4e, 8=com.java.Objects.TestDataDetails@18be9f2, 9=com.java.Objects.TestDataDetails@1fb5b8d, 10=com.java.Objects.TestDataDetails@16aaae3, 11=com.java.Objects.TestDataDetails@dd4a54, 12=com.java.Objects.TestDataDetails@18bbae9, 13=com.java.Objects.TestDataDetails@11730f6}
[INFO ][2015-12-22 20:30:22,866][com.java.TestType] [  482] -  str(1) = 1
[INFO ][2015-12-22 20:30:22,866][com.java.TestType] [  485] - Test case Id is---1
[INFO ][2015-12-22 20:30:22,866][com.java.TestType] [  487] - 1
[INFO ][2015-12-22 20:30:22,866][com.java.TestType] [  482] -  str(2) = 14
[INFO ][2015-12-22 20:30:22,866][com.java.TestType] [  534] - row values are--------{1=com.java.Objects.TestDataDetails@1f63996, 2=com.java.Objects.TestDataDetails@1811179, 3=com.java.Objects.TestDataDetails@1670068, 4=com.java.Objects.TestDataDetails@183e0b8, 5=com.java.Objects.TestDataDetails@fd91d6, 6=com.java.Objects.TestDataDetails@1f5cc16, 7=com.java.Objects.TestDataDetails@1953a4e, 8=com.java.Objects.TestDataDetails@18be9f2, 9=com.java.Objects.TestDataDetails@1fb5b8d, 10=com.java.Objects.TestDataDetails@16aaae3, 11=com.java.Objects.TestDataDetails@dd4a54, 12=com.java.Objects.TestDataDetails@18bbae9, 13=com.java.Objects.TestDataDetails@11730f6, 14=com.java.Objects.TestDataDetails@13dd90}
[INFO ][2015-12-22 20:30:22,866][com.java.TestType] [  482] -  str(1) = 1
[INFO ][2015-12-22 20:30:22,866][com.java.TestType] [  485] - Test case Id is---1
[INFO ][2015-12-22 20:30:22,866][com.java.TestType] [  487] - 1
[INFO ][2015-12-22 20:30:22,866][com.java.TestType] [  482] -  str(2) = 15
[INFO ][2015-12-22 20:30:22,866][com.java.TestType] [  534] - row values are--------{1=com.java.Objects.TestDataDetails@1f63996, 2=com.java.Objects.TestDataDetails@1811179, 3=com.java.Objects.TestDataDetails@1670068, 4=com.java.Objects.TestDataDetails@183e0b8, 5=com.java.Objects.TestDataDetails@fd91d6, 6=com.java.Objects.TestDataDetails@1f5cc16, 7=com.java.Objects.TestDataDetails@1953a4e, 8=com.java.Objects.TestDataDetails@18be9f2, 9=com.java.Objects.TestDataDetails@1fb5b8d, 10=com.java.Objects.TestDataDetails@16aaae3, 11=com.java.Objects.TestDataDetails@dd4a54, 12=com.java.Objects.TestDataDetails@18bbae9, 13=com.java.Objects.TestDataDetails@11730f6, 14=com.java.Objects.TestDataDetails@13dd90, 15=com.java.Objects.TestDataDetails@fc484d}
[INFO ][2015-12-22 20:30:22,866][com.java.TestType] [  482] -  str(1) = 1
[INFO ][2015-12-22 20:30:22,866][com.java.TestType] [  485] - Test case Id is---1
[INFO ][2015-12-22 20:30:22,866][com.java.TestType] [  487] - 1
[INFO ][2015-12-22 20:30:22,866][com.java.TestType] [  482] -  str(2) = 16
[INFO ][2015-12-22 20:30:22,868][com.java.TestType] [  534] - row values are--------{1=com.java.Objects.TestDataDetails@1f63996, 2=com.java.Objects.TestDataDetails@1811179, 3=com.java.Objects.TestDataDetails@1670068, 4=com.java.Objects.TestDataDetails@183e0b8, 5=com.java.Objects.TestDataDetails@fd91d6, 6=com.java.Objects.TestDataDetails@1f5cc16, 7=com.java.Objects.TestDataDetails@1953a4e, 8=com.java.Objects.TestDataDetails@18be9f2, 9=com.java.Objects.TestDataDetails@1fb5b8d, 10=com.java.Objects.TestDataDetails@16aaae3, 11=com.java.Objects.TestDataDetails@dd4a54, 12=com.java.Objects.TestDataDetails@18bbae9, 13=com.java.Objects.TestDataDetails@11730f6, 14=com.java.Objects.TestDataDetails@13dd90, 15=com.java.Objects.TestDataDetails@fc484d, 16=com.java.Objects.TestDataDetails@913903}
[INFO ][2015-12-22 20:30:22,868][com.java.TestType] [10310] - Looping 1TCID = 1
[DEBUG][2015-12-22 20:30:22,868][com.java.TestType] [10351] - Concept ID:1 :: Step being Executed: 1::2
[INFO ][2015-12-22 20:30:22,868][com.java.TestType] [10389] - dataFields : TXTpassword
[DEBUG][2015-12-22 20:30:22,868][com.java.TestType] [10395] - <In Set values of the page>
[DEBUG][2015-12-22 20:30:22,868][com.java.TestType] [10400] - {Data Fields & Data Values Exist}
[INFO ][2015-12-22 20:30:22,868][com.java.TestType] [10406] - --------------------------setting values-----------------------------
[INFO ][2015-12-22 20:30:22,868][com.java.TestType] [10409] - Action Type : CLEARANDENTER
[INFO ][2015-12-22 20:30:22,868][com.java.TestType] [ 5632] - value = Password1*
[INFO ][2015-12-22 20:30:27,661][com.java.TestType] [10428] -  RESULT true
[INFO ][2015-12-22 20:30:27,661][com.java.TestType] [10545] - ?   P A S S   ?
[DEBUG][2015-12-22 20:30:27,661][com.java.TestType] [10351] - Concept ID:1 :: Step being Executed: 1::3
[ERROR][2015-12-22 20:30:27,661][com.java.TestType] [10384] - Exception: null
[INFO ][2015-12-22 20:30:27,661][com.java.TestType] [10389] - dataFields : XPH//button[@type='submit']
[DEBUG][2015-12-22 20:30:27,661][com.java.TestType] [10395] - <In Set values of the page>
[DEBUG][2015-12-22 20:30:27,661][com.java.TestType] [10400] - {Data Fields & Data Values Exist}
[INFO ][2015-12-22 20:30:27,661][com.java.TestType] [10406] - --------------------------setting values-----------------------------
[INFO ][2015-12-22 20:30:27,661][com.java.TestType] [10409] - Action Type : Click
[INFO ][2015-12-22 20:30:27,661][com.java.TestType] [ 6011] - Field ::XPH//button[@type='submit']
[INFO ][2015-12-22 20:30:27,664][com.java.TestType] [ 5632] - value = 
[INFO ][2015-12-22 20:30:28,664][com.java.TestType] [ 6148] - BEFORE CLICK
[INFO ][2015-12-22 20:30:32,172][com.java.TestType] [ 6156] - Unable to click the object Login
[INFO ][2015-12-22 20:30:32,172][com.java.TestType] [10428] -  RESULT true
[INFO ][2015-12-22 20:30:32,172][com.java.TestType] [10545] - ?   P A S S   ?
[DEBUG][2015-12-22 20:30:32,172][com.java.TestType] [10351] - Concept ID:1 :: Step being Executed: 1::4
[INFO ][2015-12-22 20:30:32,172][com.java.TestType] [10389] - dataFields : LNKLogout
[DEBUG][2015-12-22 20:30:32,172][com.java.TestType] [10395] - <In Set values of the page>
[DEBUG][2015-12-22 20:30:32,172][com.java.TestType] [10400] - {Data Fields & Data Values Exist}
[INFO ][2015-12-22 20:30:32,172][com.java.TestType] [10406] - --------------------------setting values-----------------------------
[INFO ][2015-12-22 20:30:32,172][com.java.TestType] [10409] - Action Type : WaitForElement
[INFO ][2015-12-22 20:30:32,206][com.java.TestType] [10428] -  RESULT true
[INFO ][2015-12-22 20:30:32,206][com.java.TestType] [10545] - ?   P A S S   ?
[INFO ][2015-12-22 20:30:32,206][com.java.TestType] [10616] - Looping End......
[INFO ][2015-12-22 20:30:32,211][com.java.SeleniumDriver] [  894] -  RESULT true
[INFO ][2015-12-22 20:30:32,211][com.java.SeleniumDriver] [ 1100] - ?   P A S S   ?
[INFO ][2015-12-22 20:30:32,211][com.java.SeleniumDriver] [  821] - ------------------------------------------
[INFO ][2015-12-22 20:30:32,211][com.java.SeleniumDriver] [  822] - Test case being Executed: 18
[INFO ][2015-12-22 20:30:32,211][com.java.SeleniumDriver] [  833] - Test step:24
[INFO ][2015-12-22 20:30:32,211][com.java.SeleniumDriver] [  845] - Datavalue is----------10
[INFO ][2015-12-22 20:30:32,211][com.java.SeleniumDriver] [  869] - DataField : LNKLogout
[INFO ][2015-12-22 20:30:32,211][com.java.SeleniumDriver] [  871] - DataValue : 10
[INFO ][2015-12-22 20:30:32,211][com.java.SeleniumDriver] [  877] - <In Set values of the page>
[INFO ][2015-12-22 20:30:32,211][com.java.SeleniumDriver] [  880] - {Data Fields & Data Values Exist}
[INFO ][2015-12-22 20:30:32,211][com.java.SeleniumDriver] [  882] - --------------------------setting values-----------------------------
[INFO ][2015-12-22 20:30:32,211][com.java.SeleniumDriver] [  885] - Action Type : WaitTime
[DEBUG][2015-12-22 20:30:32,211][com.java.TestType] [ 5452] - sleepTime: 10000
[INFO ][2015-12-22 20:30:42,213][com.java.SeleniumDriver] [  894] -  RESULT true
[INFO ][2015-12-22 20:30:42,213][com.java.SeleniumDriver] [ 1100] - ?   P A S S   ?
[INFO ][2015-12-22 20:30:42,213][com.java.SeleniumDriver] [  821] - ------------------------------------------
[INFO ][2015-12-22 20:30:42,213][com.java.SeleniumDriver] [  822] - Test case being Executed: 18
[INFO ][2015-12-22 20:30:42,213][com.java.SeleniumDriver] [  833] - Test step:25
[INFO ][2015-12-22 20:30:42,213][com.java.SeleniumDriver] [  845] - Datavalue is----------Banker'sDashboard
[INFO ][2015-12-22 20:30:42,213][com.java.SeleniumDriver] [  869] - DataField : TTL
[INFO ][2015-12-22 20:30:42,213][com.java.SeleniumDriver] [  871] - DataValue : Banker'sDashboard
[INFO ][2015-12-22 20:30:42,213][com.java.SeleniumDriver] [  877] - <In Set values of the page>
[INFO ][2015-12-22 20:30:42,213][com.java.SeleniumDriver] [  880] - {Data Fields & Data Values Exist}
[INFO ][2015-12-22 20:30:42,213][com.java.SeleniumDriver] [  882] - --------------------------setting values-----------------------------
[INFO ][2015-12-22 20:30:42,213][com.java.SeleniumDriver] [  885] - Action Type : SelectWindow
[INFO ][2015-12-22 20:30:54,417][com.java.SeleniumDriver] [  894] -  RESULT true
[INFO ][2015-12-22 20:30:54,417][com.java.SeleniumDriver] [ 1100] - ?   P A S S   ?
[INFO ][2015-12-22 20:30:54,417][com.java.SeleniumDriver] [  821] - ------------------------------------------
[INFO ][2015-12-22 20:30:54,417][com.java.SeleniumDriver] [  822] - Test case being Executed: 18
[INFO ][2015-12-22 20:30:54,417][com.java.SeleniumDriver] [  833] - Test step:26
[INFO ][2015-12-22 20:30:54,417][com.java.SeleniumDriver] [  845] - Datavalue is----------test
[INFO ][2015-12-22 20:30:54,417][com.java.SeleniumDriver] [  869] - DataField : test
[INFO ][2015-12-22 20:30:54,417][com.java.SeleniumDriver] [  871] - DataValue : test
[INFO ][2015-12-22 20:30:54,417][com.java.SeleniumDriver] [  877] - <In Set values of the page>
[INFO ][2015-12-22 20:30:54,417][com.java.SeleniumDriver] [  880] - {Data Fields & Data Values Exist}
[INFO ][2015-12-22 20:30:54,417][com.java.SeleniumDriver] [  882] - --------------------------setting values-----------------------------
[INFO ][2015-12-22 20:30:54,417][com.java.SeleniumDriver] [  885] - Action Type : CLEARBROWSERCACHE
[INFO ][2015-12-22 20:30:59,512][com.java.SeleniumDriver] [  894] -  RESULT true
[INFO ][2015-12-22 20:30:59,512][com.java.SeleniumDriver] [ 1100] - ?   P A S S   ?
[INFO ][2015-12-22 20:30:59,512][com.java.SeleniumDriver] [  821] - ------------------------------------------
[INFO ][2015-12-22 20:30:59,512][com.java.SeleniumDriver] [  822] - Test case being Executed: 18
[INFO ][2015-12-22 20:30:59,512][com.java.SeleniumDriver] [  833] - Test step:27
[INFO ][2015-12-22 20:30:59,512][com.java.SeleniumDriver] [  845] - Datavalue is----------Concept#3:1-2
[INFO ][2015-12-22 20:30:59,512][com.java.SeleniumDriver] [  869] - DataField : test
[INFO ][2015-12-22 20:30:59,512][com.java.SeleniumDriver] [  871] - DataValue : Concept#3:1-2
[INFO ][2015-12-22 20:30:59,512][com.java.SeleniumDriver] [  877] - <In Set values of the page>
[INFO ][2015-12-22 20:30:59,512][com.java.SeleniumDriver] [  880] - {Data Fields & Data Values Exist}
[INFO ][2015-12-22 20:30:59,512][com.java.SeleniumDriver] [  882] - --------------------------setting values-----------------------------
[INFO ][2015-12-22 20:30:59,512][com.java.SeleniumDriver] [  885] - Action Type : ExecuteTestCase
[INFO ][2015-12-22 20:30:59,512][com.java.TestType] [  437] - The Concept sheet name is ---------- Concept
[INFO ][2015-12-22 20:30:59,512][com.java.TestType] [  440] - The Concept ID  is ---------- 3
[DEBUG][2015-12-22 20:30:59,512][com.java.TestType] [  444] - Steps being executted in the Concept are: 1:2
[INFO ][2015-12-22 20:30:59,512][com.java.TestType] [  451] - Test data details path ---------- D:\BankersDashboard\TestInputs\TestData.xls
[INFO ][2015-12-22 20:30:59,540][com.java.TestType] [  482] -  str(1) = 3
[INFO ][2015-12-22 20:30:59,540][com.java.TestType] [  485] - Test case Id is---3
[INFO ][2015-12-22 20:30:59,540][com.java.TestType] [  487] - 3
[INFO ][2015-12-22 20:30:59,540][com.java.TestType] [  482] -  str(2) = 1
[INFO ][2015-12-22 20:30:59,543][com.java.TestType] [  534] - row values are--------{1=com.java.Objects.TestDataDetails@c40d9c}
[INFO ][2015-12-22 20:30:59,543][com.java.TestType] [  482] -  str(1) = 3
[INFO ][2015-12-22 20:30:59,543][com.java.TestType] [  485] - Test case Id is---3
[INFO ][2015-12-22 20:30:59,543][com.java.TestType] [  487] - 3
[INFO ][2015-12-22 20:30:59,543][com.java.TestType] [  482] -  str(2) = 2
[INFO ][2015-12-22 20:30:59,543][com.java.TestType] [  534] - row values are--------{1=com.java.Objects.TestDataDetails@c40d9c, 2=com.java.Objects.TestDataDetails@19167e8}
[INFO ][2015-12-22 20:30:59,543][com.java.TestType] [10310] - Looping 1TCID = 3
[DEBUG][2015-12-22 20:30:59,543][com.java.TestType] [10351] - Concept ID:3 :: Step being Executed: 3::1
[INFO ][2015-12-22 20:30:59,543][com.java.TestType] [10389] - dataFields : test
[DEBUG][2015-12-22 20:30:59,543][com.java.TestType] [10395] - <In Set values of the page>
[DEBUG][2015-12-22 20:30:59,543][com.java.TestType] [10400] - {Data Fields & Data Values Exist}
[INFO ][2015-12-22 20:30:59,543][com.java.TestType] [10406] - --------------------------setting values-----------------------------
[INFO ][2015-12-22 20:30:59,543][com.java.TestType] [10409] - Action Type : Logout
[INFO ][2015-12-22 20:31:01,848][com.java.TestType] [ 6011] - Field ::CNF
[INFO ][2015-12-22 20:31:01,848][com.java.TestType] [ 5632] - value = OK
[INFO ][2015-12-22 20:31:04,160][com.java.TestType] [ 6144] - Click the object confirmation
[INFO ][2015-12-22 20:31:04,160][com.java.TestType] [ 6145] - Unable to click the object confirmation
[DEBUG][2015-12-22 20:31:05,292][com.java.SeleniumDriver] [  426] - Hub ip address is-------172.17.68.34
[INFO ][2015-12-22 20:31:05,292][com.java.SeleniumDriver] [  452] - Grid URL:http://172.17.68.34:4444/wd/hub
[INFO ][2015-12-22 20:31:05,292][com.java.SeleniumDriver] [  453] - Capability:Capabilities [{platform=ANY, ensureCleanSession=true, ignoreProtectedModeSettings=true, acceptSslCerts=true, ignoreZoomSetting=true, browserName=internet explorer, browserstack.ie.noFlash=true, version=null}]
[ERROR][2015-12-22 20:31:06,296][com.java.SeleniumDriver] [  497] - Unable invoke browser in grid:Could not start a new session. Possible causes are invalid address of the remote server or browser start-up failure.
Build info: version: '2.48.2', revision: '41bccdd', time: '2015-10-09 19:59:12'
System info: host: 'FVTIII438F1D', ip: '172.17.68.34', os.name: 'Windows 7', os.arch: 'x86', os.version: '6.1', java.version: '1.7.0_55'
Driver info: driver.version: SeleniumDriver
[INFO ][2015-12-22 20:31:06,296][com.java.SeleniumDriver] [  499] - Executing on local machine
[INFO ][2015-12-22 20:31:16,813][com.java.TestType] [10428] -  RESULT true
[INFO ][2015-12-22 20:31:16,813][com.java.TestType] [10545] - ?   P A S S   ?
[DEBUG][2015-12-22 20:31:16,814][com.java.TestType] [10351] - Concept ID:3 :: Step being Executed: 3::2
[INFO ][2015-12-22 20:31:16,814][com.java.TestType] [10389] - dataFields : test
[DEBUG][2015-12-22 20:31:16,814][com.java.TestType] [10395] - <In Set values of the page>
[DEBUG][2015-12-22 20:31:16,814][com.java.TestType] [10400] - {Data Fields & Data Values Exist}
[INFO ][2015-12-22 20:31:16,814][com.java.TestType] [10406] - --------------------------setting values-----------------------------
[INFO ][2015-12-22 20:31:16,814][com.java.TestType] [10409] - Action Type : WaitTime
[DEBUG][2015-12-22 20:31:16,814][com.java.TestType] [ 5452] - sleepTime: 2000
[INFO ][2015-12-22 20:31:18,817][com.java.TestType] [10428] -  RESULT true
[INFO ][2015-12-22 20:31:18,817][com.java.TestType] [10545] - ?   P A S S   ?
[INFO ][2015-12-22 20:31:18,817][com.java.TestType] [10616] - Looping End......
[INFO ][2015-12-22 20:31:18,818][com.java.SeleniumDriver] [  894] -  RESULT true
[INFO ][2015-12-22 20:31:18,818][com.java.SeleniumDriver] [ 1100] - ?   P A S S   ?
[INFO ][2015-12-22 20:31:18,818][com.java.SeleniumDriver] [  821] - ------------------------------------------
[INFO ][2015-12-22 20:31:18,818][com.java.SeleniumDriver] [  822] - Test case being Executed: 18
[INFO ][2015-12-22 20:31:18,818][com.java.SeleniumDriver] [  833] - Test step:28
[INFO ][2015-12-22 20:31:18,818][com.java.SeleniumDriver] [  845] - Datavalue is----------//input[@ng-model="vm.rememberUsername"]
[INFO ][2015-12-22 20:31:18,818][com.java.SeleniumDriver] [  869] - DataField : SLT
[INFO ][2015-12-22 20:31:18,818][com.java.SeleniumDriver] [  871] - DataValue : //input[@ng-model="vm.rememberUsername"]
[INFO ][2015-12-22 20:31:18,818][com.java.SeleniumDriver] [  877] - <In Set values of the page>
[INFO ][2015-12-22 20:31:18,818][com.java.SeleniumDriver] [  880] - {Data Fields & Data Values Exist}
[INFO ][2015-12-22 20:31:18,820][com.java.SeleniumDriver] [  882] - --------------------------setting values-----------------------------
[INFO ][2015-12-22 20:31:18,820][com.java.SeleniumDriver] [  885] - Action Type : Verify
[INFO ][2015-12-22 20:31:18,820][com.java.TestType] [ 6982] - field= SLT value= //input[@ng-model="vm.rememberUsername"]
[INFO ][2015-12-22 20:31:18,820][com.java.TestType] [ 5632] - value = //input[@ng-model="vm.rememberUsername"]
[INFO ][2015-12-22 20:31:18,923][com.java.SeleniumDriver] [  894] -  RESULT true
[INFO ][2015-12-22 20:31:18,923][com.java.SeleniumDriver] [ 1100] - ?   P A S S   ?
[INFO ][2015-12-22 20:31:18,923][com.java.SeleniumDriver] [  821] - ------------------------------------------
[INFO ][2015-12-22 20:31:18,923][com.java.SeleniumDriver] [  822] - Test case being Executed: 18
[INFO ][2015-12-22 20:31:18,923][com.java.SeleniumDriver] [  833] - Test step:29
[INFO ][2015-12-22 20:31:18,923][com.java.SeleniumDriver] [  845] - Datavalue is----------Empty
[INFO ][2015-12-22 20:31:18,923][com.java.SeleniumDriver] [  869] - DataField : username
[INFO ][2015-12-22 20:31:18,923][com.java.SeleniumDriver] [  871] - DataValue : Empty
[INFO ][2015-12-22 20:31:18,923][com.java.SeleniumDriver] [  877] - <In Set values of the page>
[INFO ][2015-12-22 20:31:18,923][com.java.SeleniumDriver] [  880] - {Data Fields & Data Values Exist}
[INFO ][2015-12-22 20:31:18,923][com.java.SeleniumDriver] [  882] - --------------------------setting values-----------------------------
[INFO ][2015-12-22 20:31:18,923][com.java.SeleniumDriver] [  885] - Action Type : TEXTFIELDEMPTY
[INFO ][2015-12-22 20:31:21,147][com.java.SeleniumDriver] [  894] -  RESULT true
[INFO ][2015-12-22 20:31:21,147][com.java.SeleniumDriver] [ 1100] - ?   P A S S   ?
[INFO ][2015-12-22 20:31:21,147][com.java.SeleniumDriver] [  821] - ------------------------------------------
[INFO ][2015-12-22 20:31:21,147][com.java.SeleniumDriver] [  822] - Test case being Executed: 18
[INFO ][2015-12-22 20:31:21,147][com.java.SeleniumDriver] [  833] - Test step:30
[INFO ][2015-12-22 20:31:21,147][com.java.SeleniumDriver] [  845] - Datavalue is----------Empty
[INFO ][2015-12-22 20:31:21,147][com.java.SeleniumDriver] [  869] - DataField : password
[INFO ][2015-12-22 20:31:21,147][com.java.SeleniumDriver] [  871] - DataValue : Empty
[INFO ][2015-12-22 20:31:21,147][com.java.SeleniumDriver] [  877] - <In Set values of the page>
[INFO ][2015-12-22 20:31:21,147][com.java.SeleniumDriver] [  880] - {Data Fields & Data Values Exist}
[INFO ][2015-12-22 20:31:21,149][com.java.SeleniumDriver] [  882] - --------------------------setting values-----------------------------
[INFO ][2015-12-22 20:31:21,149][com.java.SeleniumDriver] [  885] - Action Type : TEXTFIELDEMPTY
[INFO ][2015-12-22 20:31:23,382][com.java.SeleniumDriver] [  894] -  RESULT true
[INFO ][2015-12-22 20:31:23,382][com.java.SeleniumDriver] [ 1100] - ?   P A S S   ?
[DEBUG][2015-12-22 20:31:23,382][com.java.SeleniumDriver] [ 1212] - Case found
[DEBUG][2015-12-22 20:31:23,382][com.java.SeleniumDriver] [ 1217] - Incrementing ReportCounters[0]:1
[INFO ][2015-12-22 20:31:23,382][com.java.SeleniumDriver] [ 1236] - The results are-------------------[18, 1, BD-LOGIN: Disable Autocomplete HTML - No Save, Logout & Close Browser, Pass, , Tue Dec 22 20:23:44 IST 2015, 18, 3, BD-LOGIN: Disable Autocomplete HTML - No Save, Logout & Close Browser, Pass, , Tue Dec 22 20:26:05 IST 2015, 18, 4, BD-LOGIN: Disable Autocomplete HTML - No Save, Logout & Close Browser, Pass, , Tue Dec 22 20:26:29 IST 2015, 18, 5, BD-LOGIN: Disable Autocomplete HTML - No Save, Logout & Close Browser, Pass, , Tue Dec 22 20:26:30 IST 2015, 18, 6, BD-LOGIN: Disable Autocomplete HTML - No Save, Logout & Close Browser, Pass, , Tue Dec 22 20:26:30 IST 2015, 18, 7, BD-LOGIN: Disable Autocomplete HTML - No Save, Logout & Close Browser, Pass, , Tue Dec 22 20:26:30 IST 2015, 18, 13, BD-LOGIN: Disable Autocomplete HTML - No Save, Logout & Close Browser, Pass, , Tue Dec 22 20:26:40 IST 2015, 18, 14, BD-LOGIN: Disable Autocomplete HTML - No Save, Logout & Close Browser, Pass, , Tue Dec 22 20:26:43 IST 2015, 18, 15, BD-LOGIN: Disable Autocomplete HTML - No Save, Logout & Close Browser, Pass, , Tue Dec 22 20:27:01 IST 2015, 18, 16, BD-LOGIN: Disable Autocomplete HTML - No Save, Logout & Close Browser, Pass, , Tue Dec 22 20:27:11 IST 2015, 18, 17, BD-LOGIN: Disable Autocomplete HTML - No Save, Logout & Close Browser, Pass, , Tue Dec 22 20:27:12 IST 2015, 18, 18, BD-LOGIN: Disable Autocomplete HTML - No Save, Logout & Close Browser, Pass, , Tue Dec 22 20:27:14 IST 2015, 18, 19, BD-LOGIN: Disable Autocomplete HTML - No Save, Logout & Close Browser, Pass, , Tue Dec 22 20:29:52 IST 2015, 18, 20, BD-LOGIN: Disable Autocomplete HTML - No Save, Logout & Close Browser, Pass, , Tue Dec 22 20:30:10 IST 2015, 18, 21, BD-LOGIN: Disable Autocomplete HTML - No Save, Logout & Close Browser, Pass, , Tue Dec 22 20:30:20 IST 2015, 18, 22, BD-LOGIN: Disable Autocomplete HTML - No Save, Logout & Close Browser, Pass, , Tue Dec 22 20:30:22 IST 2015, 18, 23, BD-LOGIN: Disable Autocomplete HTML - No Save, Logout & Close Browser, Pass, , Tue Dec 22 20:30:32 IST 2015, 18, 24, BD-LOGIN: Disable Autocomplete HTML - No Save, Logout & Close Browser, Pass, , Tue Dec 22 20:30:42 IST 2015, 18, 25, BD-LOGIN: Disable Autocomplete HTML - No Save, Logout & Close Browser, Pass, , Tue Dec 22 20:30:54 IST 2015, 18, 26, BD-LOGIN: Disable Autocomplete HTML - No Save, Logout & Close Browser, Pass, , Tue Dec 22 20:30:59 IST 2015, 18, 27, BD-LOGIN: Disable Autocomplete HTML - No Save, Logout & Close Browser, Pass, , Tue Dec 22 20:31:18 IST 2015, 18, 28, BD-LOGIN: Disable Autocomplete HTML - No Save, Logout & Close Browser, Pass, , Tue Dec 22 20:31:18 IST 2015, 18, 29, BD-LOGIN: Disable Autocomplete HTML - No Save, Logout & Close Browser, Pass, , Tue Dec 22 20:31:21 IST 2015, 18, 30, BD-LOGIN: Disable Autocomplete HTML - No Save, Logout & Close Browser, Pass, , Tue Dec 22 20:31:23 IST 2015]
[INFO ][2015-12-22 20:31:23,382][com.java.SeleniumDriver] [ 1240] - End time is-------8 min 47 sec
[INFO ][2015-12-22 20:31:23,382][com.java.SeleniumDriver] [ 1241] - The results are-------------------[18, 1, BD-LOGIN: Disable Autocomplete HTML - No Save, Logout & Close Browser, Pass, , Tue Dec 22 20:23:44 IST 2015, 18, 3, BD-LOGIN: Disable Autocomplete HTML - No Save, Logout & Close Browser, Pass, , Tue Dec 22 20:26:05 IST 2015, 18, 4, BD-LOGIN: Disable Autocomplete HTML - No Save, Logout & Close Browser, Pass, , Tue Dec 22 20:26:29 IST 2015, 18, 5, BD-LOGIN: Disable Autocomplete HTML - No Save, Logout & Close Browser, Pass, , Tue Dec 22 20:26:30 IST 2015, 18, 6, BD-LOGIN: Disable Autocomplete HTML - No Save, Logout & Close Browser, Pass, , Tue Dec 22 20:26:30 IST 2015, 18, 7, BD-LOGIN: Disable Autocomplete HTML - No Save, Logout & Close Browser, Pass, , Tue Dec 22 20:26:30 IST 2015, 18, 13, BD-LOGIN: Disable Autocomplete HTML - No Save, Logout & Close Browser, Pass, , Tue Dec 22 20:26:40 IST 2015, 18, 14, BD-LOGIN: Disable Autocomplete HTML - No Save, Logout & Close Browser, Pass, , Tue Dec 22 20:26:43 IST 2015, 18, 15, BD-LOGIN: Disable Autocomplete HTML - No Save, Logout & Close Browser, Pass, , Tue Dec 22 20:27:01 IST 2015, 18, 16, BD-LOGIN: Disable Autocomplete HTML - No Save, Logout & Close Browser, Pass, , Tue Dec 22 20:27:11 IST 2015, 18, 17, BD-LOGIN: Disable Autocomplete HTML - No Save, Logout & Close Browser, Pass, , Tue Dec 22 20:27:12 IST 2015, 18, 18, BD-LOGIN: Disable Autocomplete HTML - No Save, Logout & Close Browser, Pass, , Tue Dec 22 20:27:14 IST 2015, 18, 19, BD-LOGIN: Disable Autocomplete HTML - No Save, Logout & Close Browser, Pass, , Tue Dec 22 20:29:52 IST 2015, 18, 20, BD-LOGIN: Disable Autocomplete HTML - No Save, Logout & Close Browser, Pass, , Tue Dec 22 20:30:10 IST 2015, 18, 21, BD-LOGIN: Disable Autocomplete HTML - No Save, Logout & Close Browser, Pass, , Tue Dec 22 20:30:20 IST 2015, 18, 22, BD-LOGIN: Disable Autocomplete HTML - No Save, Logout & Close Browser, Pass, , Tue Dec 22 20:30:22 IST 2015, 18, 23, BD-LOGIN: Disable Autocomplete HTML - No Save, Logout & Close Browser, Pass, , Tue Dec 22 20:30:32 IST 2015, 18, 24, BD-LOGIN: Disable Autocomplete HTML - No Save, Logout & Close Browser, Pass, , Tue Dec 22 20:30:42 IST 2015, 18, 25, BD-LOGIN: Disable Autocomplete HTML - No Save, Logout & Close Browser, Pass, , Tue Dec 22 20:30:54 IST 2015, 18, 26, BD-LOGIN: Disable Autocomplete HTML - No Save, Logout & Close Browser, Pass, , Tue Dec 22 20:30:59 IST 2015, 18, 27, BD-LOGIN: Disable Autocomplete HTML - No Save, Logout & Close Browser, Pass, , Tue Dec 22 20:31:18 IST 2015, 18, 28, BD-LOGIN: Disable Autocomplete HTML - No Save, Logout & Close Browser, Pass, , Tue Dec 22 20:31:18 IST 2015, 18, 29, BD-LOGIN: Disable Autocomplete HTML - No Save, Logout & Close Browser, Pass, , Tue Dec 22 20:31:21 IST 2015, 18, 30, BD-LOGIN: Disable Autocomplete HTML - No Save, Logout & Close Browser, Pass, , Tue Dec 22 20:31:23 IST 2015]
[DEBUG][2015-12-22 20:31:23,382][com.java.ImportnExport.ExportTestResultsExcel] [  222] - testResultPath = D:\BankersDashboard/TestReports/Test Results_BankersDashBoard_122215_202237_IE10_Bank of North Carolina.xls
[DEBUG][2015-12-22 20:31:23,382][com.java.ImportnExport.ExportTestResultsExcel] [  223] - browser is------------IE10
[DEBUG][2015-12-22 20:31:23,430][com.java.ImportnExport.ExportTestResultsExcel] [  270] - result.size() = 144
[DEBUG][2015-12-22 20:31:23,430][com.java.ImportnExport.ExportTestResultsExcel] [  274] - No of rows in sheet=1
[DEBUG][2015-12-22 20:31:23,430][com.java.ImportnExport.ExportTestResultsExcel] [  301] - ..in export..18
[DEBUG][2015-12-22 20:31:23,430][com.java.ImportnExport.ExportTestResultsExcel] [  301] - ..in export..BD-LOGIN: Disable Autocomplete HTML - No Save, Logout & Close Browser
[DEBUG][2015-12-22 20:31:23,430][com.java.ImportnExport.ExportTestResultsExcel] [  301] - ..in export..Pass
[DEBUG][2015-12-22 20:31:23,430][com.java.ImportnExport.ExportTestResultsExcel] [  301] - ..in export..
[DEBUG][2015-12-22 20:31:23,430][com.java.ImportnExport.ExportTestResultsExcel] [  301] - ..in export..Tue Dec 22 20:23:44 IST 2015
[INFO ][2015-12-22 20:31:23,432][com.java.SeleniumDriver] [ 1299] - out loop:0 size:1 TestCases:[18] testcases:[18]
[INFO ][2015-12-22 20:31:25,433][com.java.SeleniumDriver] [ 1342] - Total Number of Cases:1
[INFO ][2015-12-22 20:31:25,433][com.java.TemplateGenerator] [  302] - Executed:1
[INFO ][2015-12-22 20:31:25,433][com.java.TemplateGenerator] [  303] - Passed:1
[INFO ][2015-12-22 20:31:25,433][com.java.TemplateGenerator] [  304] - Failed:0
[INFO ][2015-12-22 20:31:25,433][com.java.TemplateGenerator] [  305] - Skipeed:0
[INFO ][2015-12-22 20:31:25,433][com.java.TemplateGenerator] [  306] - Application URL:https://clients-xuat.bankersdashboard.com
[INFO ][2015-12-22 20:31:25,433][com.java.TemplateGenerator] [  307] - Start Time:122215_202237
[INFO ][2015-12-22 20:31:25,433][com.java.TemplateGenerator] [  308] -  Creating HTML Report 
[ERROR][2015-12-22 20:31:25,433][com.java.TemplateGenerator] [  409] - Unparseable date: "Tue Dec 22 08:22:37 IST 2015"
[INFO ][2015-12-22 20:31:25,433][com.java.TemplateGenerator] [  654] -  Exporting case :: 18
[INFO ][2015-12-22 20:31:25,439][com.java.SeleniumDriver] [ 1391] - End Time:122215_203125
[INFO ][2015-12-22 20:31:25,439][com.java.SeleniumDriver] [ 1394] - Data in Test Execution Details:{18=PASS}
[INFO ][2015-12-22 20:31:25,439][com.java.SeleniumDriver] [ 1395] - Data in Failed Execution Deatils:{}
[INFO ][2015-12-22 20:31:25,439][com.java.SeleniumDriver] [ 1397] - ReportCounter:Total:1 :: PASS: 1 ::FAIL: 0
[INFO ][2015-12-22 20:31:25,439][com.java.SeleniumDriver] [ 1398] - FailedReportCounter:Total:0 :: PASS: 0 ::FAIL: 0
[INFO ][2015-12-22 20:31:25,445][com.java.EmailTestReport] [   63] - Sending report mail details:
[INFO ][2015-12-22 20:31:25,446][com.java.EmailTestReport] [   80] - Excel Report Path:D:\BankersDashboard/TestReports/Test Results_BankersDashBoard_122215_202237_IE10_Bank of North Carolina.xls
[INFO ][2015-12-22 20:31:25,446][com.java.EmailTestReport] [   81] - HTML Report Path:D:\BankersDashboard//TestReports//Test Results_BankersDashBoard_122215_202237_IE10_Bank of North Carolina.html
[INFO ][2015-12-22 20:31:25,446][com.java.EmailTestReport] [   82] - smtpHostName:mail01.valuelabs.com
[INFO ][2015-12-22 20:31:25,446][com.java.EmailTestReport] [   83] - Recipient:venkateswararao.gubbala@valuelabs.com;
[INFO ][2015-12-22 20:31:25,446][com.java.EmailTestReport] [   84] - From:venkateswararao.gubbala@valuelabs.com;
[INFO ][2015-12-22 20:31:25,446][com.java.EmailTestReport] [   85] - Subject:Deluxe Corp Bankers Dashboard Automation Test Report - Bank of North Carolina - IE10
[INFO ][2015-12-22 20:31:25,464][com.java.EmailTestReport] [  143] -  Added venkateswararao.gubbala@valuelabs.com
[INFO ][2015-12-22 20:31:28,857][com.java.SeleniumDriver] [  720] - quitting the browser 
[INFO ][2015-12-22 20:31:29,980][com.java.SeleniumDriver] [  264] - Execution Completed Stopping the thread
