[INFO ][2015-12-22 17:57:57,478][com.java.SeleniumDriver] [  213] - Execute Failed Casesfalse
[INFO ][2015-12-22 17:57:57,478][com.java.SeleniumDriver] [  214] - Browser: IE10
[INFO ][2015-12-22 17:57:57,478][com.java.SeleniumDriver] [  215] - [17]
[INFO ][2015-12-22 17:57:57,479][com.java.SeleniumDriver] [  216] - Total TestCases:1
[INFO ][2015-12-22 17:57:57,479][com.java.SeleniumDriver] [  217] -  Reading Properties from Property File 
[DEBUG][2015-12-22 17:57:57,479][com.java.SeleniumDriver] [  238] - url : https://clients-xuat.bankersdashboard.com
[INFO ][2015-12-22 17:57:57,480][com.java.ImportnExport.ExportTestResultsExcel] [  116] - Time Stamp Tue Dec 22 05:57:57 IST 2015
[INFO ][2015-12-22 17:57:57,480][com.java.ImportnExport.ExportTestResultsExcel] [  175] - OUT FILE : D:\BankersDashboard/TestReports/Test Results_BankersDashBoard_122215_175757_IE10_Bank of North Carolina.xls
[INFO ][2015-12-22 17:57:57,509][com.java.ImportnExport.ExportTestResultsExcel] [  180] - Test Result file is created
[DEBUG][2015-12-22 17:57:57,607][com.java.SeleniumDriver] [  426] - Hub ip address is-------172.17.68.34
[INFO ][2015-12-22 17:57:57,608][com.java.SeleniumDriver] [  452] - Grid URL:http://172.17.68.34:4444/wd/hub
[INFO ][2015-12-22 17:57:57,608][com.java.SeleniumDriver] [  453] - Capability:Capabilities [{platform=ANY, ensureCleanSession=true, ignoreProtectedModeSettings=true, acceptSslCerts=true, ignoreZoomSetting=true, browserName=internet explorer, browserstack.ie.noFlash=true, version=null}]
[ERROR][2015-12-22 17:57:58,923][com.java.SeleniumDriver] [  497] - Unable invoke browser in grid:Could not start a new session. Possible causes are invalid address of the remote server or browser start-up failure.
Build info: version: '2.48.2', revision: '41bccdd', time: '2015-10-09 19:59:12'
System info: host: 'FVTIII438F1D', ip: '172.17.68.34', os.name: 'Windows 7', os.arch: 'x86', os.version: '6.1', java.version: '1.7.0_55'
Driver info: driver.version: SeleniumDriver
[INFO ][2015-12-22 17:57:58,923][com.java.SeleniumDriver] [  499] - Executing on local machine
[INFO ][2015-12-22 17:58:09,394][com.java.SeleniumDriver] [  248] - IE10is opened
[INFO ][2015-12-22 17:58:10,252][com.java.SeleniumDriver] [  754] - Test cases to be executed are: [17]
[INFO ][2015-12-22 17:58:10,271][com.java.ImportnExport.ImportTestDataDetailsExcel] [   49] - test data details path===== D:\BankersDashboard\TestInputs\TestData.xls
[INFO ][2015-12-22 17:58:11,982][com.java.SeleniumDriver] [  821] - ------------------------------------------
[INFO ][2015-12-22 17:58:11,982][com.java.SeleniumDriver] [  822] - Test case being Executed: 17
[INFO ][2015-12-22 17:58:11,982][com.java.SeleniumDriver] [  833] - Test step:1
[INFO ][2015-12-22 17:58:11,983][com.java.SeleniumDriver] [  845] - Datavalue is----------Logout
[INFO ][2015-12-22 17:58:11,983][com.java.SeleniumDriver] [  869] - DataField : BTN
[INFO ][2015-12-22 17:58:11,983][com.java.SeleniumDriver] [  871] - DataValue : Logout
[INFO ][2015-12-22 17:58:11,983][com.java.SeleniumDriver] [  877] - <In Set values of the page>
[INFO ][2015-12-22 17:58:11,983][com.java.SeleniumDriver] [  880] - {Data Fields & Data Values Exist}
[INFO ][2015-12-22 17:58:11,983][com.java.SeleniumDriver] [  882] - --------------------------setting values-----------------------------
[INFO ][2015-12-22 17:58:11,983][com.java.SeleniumDriver] [  885] - Action Type : Verify
[INFO ][2015-12-22 17:58:12,000][com.java.TestType] [ 6946] - field= BTN value= Logout
[INFO ][2015-12-22 17:58:12,001][com.java.TestType] [ 5596] - value = Logout
[DEBUG][2015-12-22 17:58:48,124][com.java.TestType] [ 6607] - Logout   :: Element not Found
[ERROR][2015-12-22 17:59:05,166][com.java.TestType] [ 7659] - Assertion Error: 
[INFO ][2015-12-22 17:59:05,167][com.java.SeleniumDriver] [  894] -  RESULT false
[INFO ][2015-12-22 17:59:05,167][com.java.SeleniumDriver] [  941] - ?   F A I L   ?
[INFO ][2015-12-22 17:59:05,167][com.java.SeleniumDriver] [  949] - Browser Type : IE10
[INFO ][2015-12-22 17:59:05,167][com.java.SeleniumDriver] [  950] - Adding Failed case17
[DEBUG][2015-12-22 17:59:05,809][com.java.SeleniumDriver] [ 1018] -  tdd.getCondition() IF:Next:3
[INFO ][2015-12-22 17:59:05,809][com.java.SeleniumDriver] [ 1027] - step change to 3
[INFO ][2015-12-22 17:59:05,809][com.java.SeleniumDriver] [  821] - ------------------------------------------
[INFO ][2015-12-22 17:59:05,809][com.java.SeleniumDriver] [  822] - Test case being Executed: 17
[INFO ][2015-12-22 17:59:05,810][com.java.SeleniumDriver] [  833] - Test step:3
[INFO ][2015-12-22 17:59:05,810][com.java.SeleniumDriver] [  845] - Datavalue is----------Concept#1:1-2
[INFO ][2015-12-22 17:59:05,810][com.java.SeleniumDriver] [  869] - DataField : test
[INFO ][2015-12-22 17:59:05,810][com.java.SeleniumDriver] [  871] - DataValue : Concept#1:1-2
[INFO ][2015-12-22 17:59:05,810][com.java.SeleniumDriver] [  877] - <In Set values of the page>
[INFO ][2015-12-22 17:59:05,810][com.java.SeleniumDriver] [  880] - {Data Fields & Data Values Exist}
[INFO ][2015-12-22 17:59:05,810][com.java.SeleniumDriver] [  882] - --------------------------setting values-----------------------------
[INFO ][2015-12-22 17:59:05,810][com.java.SeleniumDriver] [  885] - Action Type : ExecuteTestCase
[INFO ][2015-12-22 17:59:05,810][com.java.TestType] [  437] - The Concept sheet name is ---------- Concept
[INFO ][2015-12-22 17:59:05,811][com.java.TestType] [  440] - The Concept ID  is ---------- 1
[DEBUG][2015-12-22 17:59:05,811][com.java.TestType] [  444] - Steps being executted in the Concept are: 1:2
[INFO ][2015-12-22 17:59:05,811][com.java.TestType] [  451] - Test data details path ---------- D:\BankersDashboard\TestInputs\TestData.xls
[INFO ][2015-12-22 17:59:05,840][com.java.TestType] [  482] -  str(1) = 1
[INFO ][2015-12-22 17:59:05,841][com.java.TestType] [  485] - Test case Id is---1
[INFO ][2015-12-22 17:59:05,841][com.java.TestType] [  487] - 1
[INFO ][2015-12-22 17:59:05,841][com.java.TestType] [  482] -  str(2) = 1
[INFO ][2015-12-22 17:59:05,844][com.java.TestType] [  534] - row values are--------{1=com.java.Objects.TestDataDetails@5bfb7d}
[INFO ][2015-12-22 17:59:05,844][com.java.TestType] [  482] -  str(1) = 1
[INFO ][2015-12-22 17:59:05,844][com.java.TestType] [  485] - Test case Id is---1
[INFO ][2015-12-22 17:59:05,844][com.java.TestType] [  487] - 1
[INFO ][2015-12-22 17:59:05,845][com.java.TestType] [  482] -  str(2) = 2
[INFO ][2015-12-22 17:59:05,845][com.java.TestType] [  534] - row values are--------{1=com.java.Objects.TestDataDetails@5bfb7d, 2=com.java.Objects.TestDataDetails@78e1b5}
[INFO ][2015-12-22 17:59:05,845][com.java.TestType] [  482] -  str(1) = 1
[INFO ][2015-12-22 17:59:05,845][com.java.TestType] [  485] - Test case Id is---1
[INFO ][2015-12-22 17:59:05,846][com.java.TestType] [  487] - 1
[INFO ][2015-12-22 17:59:05,846][com.java.TestType] [  482] -  str(2) = 3
[INFO ][2015-12-22 17:59:05,846][com.java.TestType] [  534] - row values are--------{1=com.java.Objects.TestDataDetails@5bfb7d, 2=com.java.Objects.TestDataDetails@78e1b5, 3=com.java.Objects.TestDataDetails@1e0937b}
[INFO ][2015-12-22 17:59:05,846][com.java.TestType] [  482] -  str(1) = 1
[INFO ][2015-12-22 17:59:05,847][com.java.TestType] [  485] - Test case Id is---1
[INFO ][2015-12-22 17:59:05,847][com.java.TestType] [  487] - 1
[INFO ][2015-12-22 17:59:05,847][com.java.TestType] [  482] -  str(2) = 4
[INFO ][2015-12-22 17:59:05,847][com.java.TestType] [  534] - row values are--------{1=com.java.Objects.TestDataDetails@5bfb7d, 2=com.java.Objects.TestDataDetails@78e1b5, 3=com.java.Objects.TestDataDetails@1e0937b, 4=com.java.Objects.TestDataDetails@4626db}
[INFO ][2015-12-22 17:59:05,848][com.java.TestType] [  482] -  str(1) = 1
[INFO ][2015-12-22 17:59:05,848][com.java.TestType] [  485] - Test case Id is---1
[INFO ][2015-12-22 17:59:05,848][com.java.TestType] [  487] - 1
[INFO ][2015-12-22 17:59:05,848][com.java.TestType] [  482] -  str(2) = 5
[INFO ][2015-12-22 17:59:05,849][com.java.TestType] [  534] - row values are--------{1=com.java.Objects.TestDataDetails@5bfb7d, 2=com.java.Objects.TestDataDetails@78e1b5, 3=com.java.Objects.TestDataDetails@1e0937b, 4=com.java.Objects.TestDataDetails@4626db, 5=com.java.Objects.TestDataDetails@8e2cf}
[INFO ][2015-12-22 17:59:05,849][com.java.TestType] [  482] -  str(1) = 1
[INFO ][2015-12-22 17:59:05,849][com.java.TestType] [  485] - Test case Id is---1
[INFO ][2015-12-22 17:59:05,849][com.java.TestType] [  487] - 1
[INFO ][2015-12-22 17:59:05,849][com.java.TestType] [  482] -  str(2) = 6
[INFO ][2015-12-22 17:59:05,850][com.java.TestType] [  534] - row values are--------{1=com.java.Objects.TestDataDetails@5bfb7d, 2=com.java.Objects.TestDataDetails@78e1b5, 3=com.java.Objects.TestDataDetails@1e0937b, 4=com.java.Objects.TestDataDetails@4626db, 5=com.java.Objects.TestDataDetails@8e2cf, 6=com.java.Objects.TestDataDetails@973268}
[INFO ][2015-12-22 17:59:05,850][com.java.TestType] [  482] -  str(1) = 1
[INFO ][2015-12-22 17:59:05,850][com.java.TestType] [  485] - Test case Id is---1
[INFO ][2015-12-22 17:59:05,850][com.java.TestType] [  487] - 1
[INFO ][2015-12-22 17:59:05,850][com.java.TestType] [  482] -  str(2) = 7
[INFO ][2015-12-22 17:59:05,851][com.java.TestType] [  534] - row values are--------{1=com.java.Objects.TestDataDetails@5bfb7d, 2=com.java.Objects.TestDataDetails@78e1b5, 3=com.java.Objects.TestDataDetails@1e0937b, 4=com.java.Objects.TestDataDetails@4626db, 5=com.java.Objects.TestDataDetails@8e2cf, 6=com.java.Objects.TestDataDetails@973268, 7=com.java.Objects.TestDataDetails@7d4335}
[INFO ][2015-12-22 17:59:05,851][com.java.TestType] [  482] -  str(1) = 1
[INFO ][2015-12-22 17:59:05,851][com.java.TestType] [  485] - Test case Id is---1
[INFO ][2015-12-22 17:59:05,851][com.java.TestType] [  487] - 1
[INFO ][2015-12-22 17:59:05,851][com.java.TestType] [  482] -  str(2) = 8
[INFO ][2015-12-22 17:59:05,853][com.java.TestType] [  534] - row values are--------{1=com.java.Objects.TestDataDetails@5bfb7d, 2=com.java.Objects.TestDataDetails@78e1b5, 3=com.java.Objects.TestDataDetails@1e0937b, 4=com.java.Objects.TestDataDetails@4626db, 5=com.java.Objects.TestDataDetails@8e2cf, 6=com.java.Objects.TestDataDetails@973268, 7=com.java.Objects.TestDataDetails@7d4335, 8=com.java.Objects.TestDataDetails@1d36d23}
[INFO ][2015-12-22 17:59:05,853][com.java.TestType] [  482] -  str(1) = 1
[INFO ][2015-12-22 17:59:05,853][com.java.TestType] [  485] - Test case Id is---1
[INFO ][2015-12-22 17:59:05,853][com.java.TestType] [  487] - 1
[INFO ][2015-12-22 17:59:05,853][com.java.TestType] [  482] -  str(2) = 9
[INFO ][2015-12-22 17:59:05,854][com.java.TestType] [  534] - row values are--------{1=com.java.Objects.TestDataDetails@5bfb7d, 2=com.java.Objects.TestDataDetails@78e1b5, 3=com.java.Objects.TestDataDetails@1e0937b, 4=com.java.Objects.TestDataDetails@4626db, 5=com.java.Objects.TestDataDetails@8e2cf, 6=com.java.Objects.TestDataDetails@973268, 7=com.java.Objects.TestDataDetails@7d4335, 8=com.java.Objects.TestDataDetails@1d36d23, 9=com.java.Objects.TestDataDetails@a5bc81}
[INFO ][2015-12-22 17:59:05,854][com.java.TestType] [  482] -  str(1) = 1
[INFO ][2015-12-22 17:59:05,854][com.java.TestType] [  485] - Test case Id is---1
[INFO ][2015-12-22 17:59:05,854][com.java.TestType] [  487] - 1
[INFO ][2015-12-22 17:59:05,854][com.java.TestType] [  482] -  str(2) = 10
[INFO ][2015-12-22 17:59:05,855][com.java.TestType] [  534] - row values are--------{1=com.java.Objects.TestDataDetails@5bfb7d, 2=com.java.Objects.TestDataDetails@78e1b5, 3=com.java.Objects.TestDataDetails@1e0937b, 4=com.java.Objects.TestDataDetails@4626db, 5=com.java.Objects.TestDataDetails@8e2cf, 6=com.java.Objects.TestDataDetails@973268, 7=com.java.Objects.TestDataDetails@7d4335, 8=com.java.Objects.TestDataDetails@1d36d23, 9=com.java.Objects.TestDataDetails@a5bc81, 10=com.java.Objects.TestDataDetails@1cc0d67}
[INFO ][2015-12-22 17:59:05,855][com.java.TestType] [  482] -  str(1) = 1
[INFO ][2015-12-22 17:59:05,855][com.java.TestType] [  485] - Test case Id is---1
[INFO ][2015-12-22 17:59:05,855][com.java.TestType] [  487] - 1
[INFO ][2015-12-22 17:59:05,855][com.java.TestType] [  482] -  str(2) = 11
[INFO ][2015-12-22 17:59:05,856][com.java.TestType] [  534] - row values are--------{1=com.java.Objects.TestDataDetails@5bfb7d, 2=com.java.Objects.TestDataDetails@78e1b5, 3=com.java.Objects.TestDataDetails@1e0937b, 4=com.java.Objects.TestDataDetails@4626db, 5=com.java.Objects.TestDataDetails@8e2cf, 6=com.java.Objects.TestDataDetails@973268, 7=com.java.Objects.TestDataDetails@7d4335, 8=com.java.Objects.TestDataDetails@1d36d23, 9=com.java.Objects.TestDataDetails@a5bc81, 10=com.java.Objects.TestDataDetails@1cc0d67, 11=com.java.Objects.TestDataDetails@438e8c}
[INFO ][2015-12-22 17:59:05,856][com.java.TestType] [  482] -  str(1) = 1
[INFO ][2015-12-22 17:59:05,856][com.java.TestType] [  485] - Test case Id is---1
[INFO ][2015-12-22 17:59:05,856][com.java.TestType] [  487] - 1
[INFO ][2015-12-22 17:59:05,856][com.java.TestType] [  482] -  str(2) = 12
[INFO ][2015-12-22 17:59:05,857][com.java.TestType] [  534] - row values are--------{1=com.java.Objects.TestDataDetails@5bfb7d, 2=com.java.Objects.TestDataDetails@78e1b5, 3=com.java.Objects.TestDataDetails@1e0937b, 4=com.java.Objects.TestDataDetails@4626db, 5=com.java.Objects.TestDataDetails@8e2cf, 6=com.java.Objects.TestDataDetails@973268, 7=com.java.Objects.TestDataDetails@7d4335, 8=com.java.Objects.TestDataDetails@1d36d23, 9=com.java.Objects.TestDataDetails@a5bc81, 10=com.java.Objects.TestDataDetails@1cc0d67, 11=com.java.Objects.TestDataDetails@438e8c, 12=com.java.Objects.TestDataDetails@f33249}
[INFO ][2015-12-22 17:59:05,857][com.java.TestType] [  482] -  str(1) = 1
[INFO ][2015-12-22 17:59:05,857][com.java.TestType] [  485] - Test case Id is---1
[INFO ][2015-12-22 17:59:05,857][com.java.TestType] [  487] - 1
[INFO ][2015-12-22 17:59:05,857][com.java.TestType] [  482] -  str(2) = 13
[INFO ][2015-12-22 17:59:05,858][com.java.TestType] [  534] - row values are--------{1=com.java.Objects.TestDataDetails@5bfb7d, 2=com.java.Objects.TestDataDetails@78e1b5, 3=com.java.Objects.TestDataDetails@1e0937b, 4=com.java.Objects.TestDataDetails@4626db, 5=com.java.Objects.TestDataDetails@8e2cf, 6=com.java.Objects.TestDataDetails@973268, 7=com.java.Objects.TestDataDetails@7d4335, 8=com.java.Objects.TestDataDetails@1d36d23, 9=com.java.Objects.TestDataDetails@a5bc81, 10=com.java.Objects.TestDataDetails@1cc0d67, 11=com.java.Objects.TestDataDetails@438e8c, 12=com.java.Objects.TestDataDetails@f33249, 13=com.java.Objects.TestDataDetails@1733b94}
[INFO ][2015-12-22 17:59:05,858][com.java.TestType] [  482] -  str(1) = 1
[INFO ][2015-12-22 17:59:05,858][com.java.TestType] [  485] - Test case Id is---1
[INFO ][2015-12-22 17:59:05,858][com.java.TestType] [  487] - 1
[INFO ][2015-12-22 17:59:05,859][com.java.TestType] [  482] -  str(2) = 14
[INFO ][2015-12-22 17:59:05,859][com.java.TestType] [  534] - row values are--------{1=com.java.Objects.TestDataDetails@5bfb7d, 2=com.java.Objects.TestDataDetails@78e1b5, 3=com.java.Objects.TestDataDetails@1e0937b, 4=com.java.Objects.TestDataDetails@4626db, 5=com.java.Objects.TestDataDetails@8e2cf, 6=com.java.Objects.TestDataDetails@973268, 7=com.java.Objects.TestDataDetails@7d4335, 8=com.java.Objects.TestDataDetails@1d36d23, 9=com.java.Objects.TestDataDetails@a5bc81, 10=com.java.Objects.TestDataDetails@1cc0d67, 11=com.java.Objects.TestDataDetails@438e8c, 12=com.java.Objects.TestDataDetails@f33249, 13=com.java.Objects.TestDataDetails@1733b94, 14=com.java.Objects.TestDataDetails@1c189b7}
[INFO ][2015-12-22 17:59:05,859][com.java.TestType] [  482] -  str(1) = 1
[INFO ][2015-12-22 17:59:05,859][com.java.TestType] [  485] - Test case Id is---1
[INFO ][2015-12-22 17:59:05,859][com.java.TestType] [  487] - 1
[INFO ][2015-12-22 17:59:05,860][com.java.TestType] [  482] -  str(2) = 15
[INFO ][2015-12-22 17:59:05,860][com.java.TestType] [  534] - row values are--------{1=com.java.Objects.TestDataDetails@5bfb7d, 2=com.java.Objects.TestDataDetails@78e1b5, 3=com.java.Objects.TestDataDetails@1e0937b, 4=com.java.Objects.TestDataDetails@4626db, 5=com.java.Objects.TestDataDetails@8e2cf, 6=com.java.Objects.TestDataDetails@973268, 7=com.java.Objects.TestDataDetails@7d4335, 8=com.java.Objects.TestDataDetails@1d36d23, 9=com.java.Objects.TestDataDetails@a5bc81, 10=com.java.Objects.TestDataDetails@1cc0d67, 11=com.java.Objects.TestDataDetails@438e8c, 12=com.java.Objects.TestDataDetails@f33249, 13=com.java.Objects.TestDataDetails@1733b94, 14=com.java.Objects.TestDataDetails@1c189b7, 15=com.java.Objects.TestDataDetails@b92d23}
[INFO ][2015-12-22 17:59:05,862][com.java.TestType] [  482] -  str(1) = 1
[INFO ][2015-12-22 17:59:05,862][com.java.TestType] [  485] - Test case Id is---1
[INFO ][2015-12-22 17:59:05,862][com.java.TestType] [  487] - 1
[INFO ][2015-12-22 17:59:05,862][com.java.TestType] [  482] -  str(2) = 16
[INFO ][2015-12-22 17:59:05,863][com.java.TestType] [  534] - row values are--------{1=com.java.Objects.TestDataDetails@5bfb7d, 2=com.java.Objects.TestDataDetails@78e1b5, 3=com.java.Objects.TestDataDetails@1e0937b, 4=com.java.Objects.TestDataDetails@4626db, 5=com.java.Objects.TestDataDetails@8e2cf, 6=com.java.Objects.TestDataDetails@973268, 7=com.java.Objects.TestDataDetails@7d4335, 8=com.java.Objects.TestDataDetails@1d36d23, 9=com.java.Objects.TestDataDetails@a5bc81, 10=com.java.Objects.TestDataDetails@1cc0d67, 11=com.java.Objects.TestDataDetails@438e8c, 12=com.java.Objects.TestDataDetails@f33249, 13=com.java.Objects.TestDataDetails@1733b94, 14=com.java.Objects.TestDataDetails@1c189b7, 15=com.java.Objects.TestDataDetails@b92d23, 16=com.java.Objects.TestDataDetails@1fbcffa}
[INFO ][2015-12-22 17:59:05,863][com.java.TestType] [10274] - Looping 1TCID = 1
[DEBUG][2015-12-22 17:59:05,863][com.java.TestType] [10315] - Concept ID:1 :: Step being Executed: 1::1
[INFO ][2015-12-22 17:59:05,863][com.java.TestType] [10353] - dataFields : TXTusername
[DEBUG][2015-12-22 17:59:05,863][com.java.TestType] [10359] - <In Set values of the page>
[DEBUG][2015-12-22 17:59:05,863][com.java.TestType] [10364] - {Data Fields & Data Values Exist}
[INFO ][2015-12-22 17:59:05,863][com.java.TestType] [10370] - --------------------------setting values-----------------------------
[INFO ][2015-12-22 17:59:05,863][com.java.TestType] [10373] - Action Type : CLEARANDENTER
[INFO ][2015-12-22 17:59:05,864][com.java.TestType] [ 5596] - value = valuelabs.ie10.33527
[INFO ][2015-12-22 17:59:10,538][com.java.TestType] [10392] -  RESULT true
[INFO ][2015-12-22 17:59:10,538][com.java.TestType] [10509] - ?   P A S S   ?
[DEBUG][2015-12-22 17:59:10,538][com.java.TestType] [10315] - Concept ID:1 :: Step being Executed: 1::2
[INFO ][2015-12-22 17:59:10,538][com.java.TestType] [10353] - dataFields : TXTpassword
[DEBUG][2015-12-22 17:59:10,538][com.java.TestType] [10359] - <In Set values of the page>
[DEBUG][2015-12-22 17:59:10,539][com.java.TestType] [10364] - {Data Fields & Data Values Exist}
[INFO ][2015-12-22 17:59:10,539][com.java.TestType] [10370] - --------------------------setting values-----------------------------
[INFO ][2015-12-22 17:59:10,539][com.java.TestType] [10373] - Action Type : CLEARANDENTER
[INFO ][2015-12-22 17:59:10,539][com.java.TestType] [ 5596] - value = Password1*
[INFO ][2015-12-22 17:59:15,335][com.java.TestType] [10392] -  RESULT true
[INFO ][2015-12-22 17:59:15,335][com.java.TestType] [10509] - ?   P A S S   ?
[INFO ][2015-12-22 17:59:15,335][com.java.TestType] [10580] - Looping End......
[INFO ][2015-12-22 17:59:15,340][com.java.SeleniumDriver] [  894] -  RESULT true
[INFO ][2015-12-22 17:59:15,340][com.java.SeleniumDriver] [ 1100] - ?   P A S S   ?
[INFO ][2015-12-22 17:59:15,341][com.java.SeleniumDriver] [  821] - ------------------------------------------
[INFO ][2015-12-22 17:59:15,341][com.java.SeleniumDriver] [  822] - Test case being Executed: 17
[INFO ][2015-12-22 17:59:15,341][com.java.SeleniumDriver] [  833] - Test step:4
[INFO ][2015-12-22 17:59:15,341][com.java.SeleniumDriver] [  845] - Datavalue is----------null
[DEBUG][2015-12-22 17:59:15,341][com.java.SeleniumDriver] [  863] - Exception: null
[INFO ][2015-12-22 17:59:15,341][com.java.SeleniumDriver] [  869] - DataField : CHK//div[@id="loginbox"]//input[@ng-click='vm.rememberMe()']
[INFO ][2015-12-22 17:59:15,341][com.java.SeleniumDriver] [  871] - DataValue : 
[INFO ][2015-12-22 17:59:15,341][com.java.SeleniumDriver] [  877] - <In Set values of the page>
[INFO ][2015-12-22 17:59:15,341][com.java.SeleniumDriver] [  880] - {Data Fields & Data Values Exist}
[INFO ][2015-12-22 17:59:15,341][com.java.SeleniumDriver] [  882] - --------------------------setting values-----------------------------
[INFO ][2015-12-22 17:59:15,341][com.java.SeleniumDriver] [  885] - Action Type : Check
[INFO ][2015-12-22 17:59:16,637][com.java.SeleniumDriver] [  894] -  RESULT true
[INFO ][2015-12-22 17:59:16,637][com.java.SeleniumDriver] [ 1100] - ?   P A S S   ?
[INFO ][2015-12-22 17:59:16,637][com.java.SeleniumDriver] [  821] - ------------------------------------------
[INFO ][2015-12-22 17:59:16,637][com.java.SeleniumDriver] [  822] - Test case being Executed: 17
[INFO ][2015-12-22 17:59:16,637][com.java.SeleniumDriver] [  833] - Test step:5
[INFO ][2015-12-22 17:59:16,637][com.java.SeleniumDriver] [  845] - Datavalue is----------null
[DEBUG][2015-12-22 17:59:16,637][com.java.SeleniumDriver] [  863] - Exception: null
[INFO ][2015-12-22 17:59:16,637][com.java.SeleniumDriver] [  869] - DataField : XPH//button[@type='submit']
[INFO ][2015-12-22 17:59:16,637][com.java.SeleniumDriver] [  871] - DataValue : 
[INFO ][2015-12-22 17:59:16,637][com.java.SeleniumDriver] [  877] - <In Set values of the page>
[INFO ][2015-12-22 17:59:16,638][com.java.SeleniumDriver] [  880] - {Data Fields & Data Values Exist}
[INFO ][2015-12-22 17:59:16,638][com.java.SeleniumDriver] [  882] - --------------------------setting values-----------------------------
[INFO ][2015-12-22 17:59:16,638][com.java.SeleniumDriver] [  885] - Action Type : Click
[INFO ][2015-12-22 17:59:16,638][com.java.TestType] [ 5975] - Field ::XPH//button[@type='submit']
[INFO ][2015-12-22 17:59:16,638][com.java.TestType] [ 5596] - value = 
[INFO ][2015-12-22 17:59:17,638][com.java.TestType] [ 6112] - BEFORE CLICK
[INFO ][2015-12-22 17:59:18,487][com.java.TestType] [ 6120] - Unable to click the object Login
[INFO ][2015-12-22 17:59:18,487][com.java.SeleniumDriver] [  894] -  RESULT true
[INFO ][2015-12-22 17:59:18,487][com.java.SeleniumDriver] [ 1100] - ?   P A S S   ?
[INFO ][2015-12-22 17:59:18,487][com.java.SeleniumDriver] [  821] - ------------------------------------------
[INFO ][2015-12-22 17:59:18,487][com.java.SeleniumDriver] [  822] - Test case being Executed: 17
[INFO ][2015-12-22 17:59:18,487][com.java.SeleniumDriver] [  833] - Test step:6
[INFO ][2015-12-22 17:59:18,487][com.java.SeleniumDriver] [  845] - Datavalue is----------10
[INFO ][2015-12-22 17:59:18,487][com.java.SeleniumDriver] [  869] - DataField : LNKLogout
[INFO ][2015-12-22 17:59:18,487][com.java.SeleniumDriver] [  871] - DataValue : 10
[INFO ][2015-12-22 17:59:18,487][com.java.SeleniumDriver] [  877] - <In Set values of the page>
[INFO ][2015-12-22 17:59:18,487][com.java.SeleniumDriver] [  880] - {Data Fields & Data Values Exist}
[INFO ][2015-12-22 17:59:18,487][com.java.SeleniumDriver] [  882] - --------------------------setting values-----------------------------
[INFO ][2015-12-22 17:59:18,488][com.java.SeleniumDriver] [  885] - Action Type : WaitTime
[DEBUG][2015-12-22 17:59:18,488][com.java.TestType] [ 5416] - sleepTime: 10000
[INFO ][2015-12-22 17:59:28,489][com.java.SeleniumDriver] [  894] -  RESULT true
[INFO ][2015-12-22 17:59:28,489][com.java.SeleniumDriver] [ 1100] - ?   P A S S   ?
[INFO ][2015-12-22 17:59:28,489][com.java.SeleniumDriver] [  821] - ------------------------------------------
[INFO ][2015-12-22 17:59:28,489][com.java.SeleniumDriver] [  822] - Test case being Executed: 17
[INFO ][2015-12-22 17:59:28,489][com.java.SeleniumDriver] [  833] - Test step:7
[INFO ][2015-12-22 17:59:28,489][com.java.SeleniumDriver] [  845] - Datavalue is----------Banker's Dashboard
[INFO ][2015-12-22 17:59:28,489][com.java.SeleniumDriver] [  869] - DataField : TTL
[INFO ][2015-12-22 17:59:28,489][com.java.SeleniumDriver] [  871] - DataValue : Banker's Dashboard
[INFO ][2015-12-22 17:59:28,489][com.java.SeleniumDriver] [  877] - <In Set values of the page>
[INFO ][2015-12-22 17:59:28,489][com.java.SeleniumDriver] [  880] - {Data Fields & Data Values Exist}
[INFO ][2015-12-22 17:59:28,489][com.java.SeleniumDriver] [  882] - --------------------------setting values-----------------------------
[INFO ][2015-12-22 17:59:28,489][com.java.SeleniumDriver] [  885] - Action Type : SelectWindow
[INFO ][2015-12-22 18:02:26,433][com.java.SeleniumDriver] [  894] -  RESULT true
[INFO ][2015-12-22 18:02:26,433][com.java.SeleniumDriver] [ 1100] - ?   P A S S   ?
[INFO ][2015-12-22 18:02:26,433][com.java.SeleniumDriver] [  821] - ------------------------------------------
[INFO ][2015-12-22 18:02:26,434][com.java.SeleniumDriver] [  822] - Test case being Executed: 17
[INFO ][2015-12-22 18:02:26,434][com.java.SeleniumDriver] [  833] - Test step:8
[INFO ][2015-12-22 18:02:26,434][com.java.SeleniumDriver] [  845] - Datavalue is----------null
[DEBUG][2015-12-22 18:02:26,434][com.java.SeleniumDriver] [  863] - Exception: null
[INFO ][2015-12-22 18:02:26,434][com.java.SeleniumDriver] [  869] - DataField : //span[@class='icon-cog2']&&//a[@data-id="UserSettings"]
[INFO ][2015-12-22 18:02:26,434][com.java.SeleniumDriver] [  871] - DataValue : 
[INFO ][2015-12-22 18:02:26,434][com.java.SeleniumDriver] [  877] - <In Set values of the page>
[INFO ][2015-12-22 18:02:26,434][com.java.SeleniumDriver] [  880] - {Data Fields & Data Values Exist}
[INFO ][2015-12-22 18:02:26,434][com.java.SeleniumDriver] [  882] - --------------------------setting values-----------------------------
[INFO ][2015-12-22 18:02:26,434][com.java.SeleniumDriver] [  885] - Action Type : MouseOver
[INFO ][2015-12-22 18:02:49,618][com.java.SeleniumDriver] [  894] -  RESULT true
[INFO ][2015-12-22 18:02:49,618][com.java.SeleniumDriver] [ 1100] - ?   P A S S   ?
[INFO ][2015-12-22 18:02:49,618][com.java.SeleniumDriver] [  821] - ------------------------------------------
[INFO ][2015-12-22 18:02:49,618][com.java.SeleniumDriver] [  822] - Test case being Executed: 17
[INFO ][2015-12-22 18:02:49,618][com.java.SeleniumDriver] [  833] - Test step:9
[INFO ][2015-12-22 18:02:49,618][com.java.SeleniumDriver] [  845] - Datavalue is----------1
[INFO ][2015-12-22 18:02:49,618][com.java.SeleniumDriver] [  869] - DataField : BTNframeDialogContent
[INFO ][2015-12-22 18:02:49,618][com.java.SeleniumDriver] [  871] - DataValue : 1
[INFO ][2015-12-22 18:02:49,618][com.java.SeleniumDriver] [  877] - <In Set values of the page>
[INFO ][2015-12-22 18:02:49,618][com.java.SeleniumDriver] [  880] - {Data Fields & Data Values Exist}
[INFO ][2015-12-22 18:02:49,618][com.java.SeleniumDriver] [  882] - --------------------------setting values-----------------------------
[INFO ][2015-12-22 18:02:49,619][com.java.SeleniumDriver] [  885] - Action Type : WaitForElement
[INFO ][2015-12-22 18:02:50,832][com.java.SeleniumDriver] [  894] -  RESULT true
[INFO ][2015-12-22 18:02:50,832][com.java.SeleniumDriver] [ 1100] - ?   P A S S   ?
[INFO ][2015-12-22 18:02:50,832][com.java.SeleniumDriver] [  821] - ------------------------------------------
[INFO ][2015-12-22 18:02:50,832][com.java.SeleniumDriver] [  822] - Test case being Executed: 17
[INFO ][2015-12-22 18:02:50,833][com.java.SeleniumDriver] [  833] - Test step:10
[INFO ][2015-12-22 18:02:50,833][com.java.SeleniumDriver] [  845] - Datavalue is----------frameDialogContent
[INFO ][2015-12-22 18:02:50,833][com.java.SeleniumDriver] [  869] - DataField : BTN
[INFO ][2015-12-22 18:02:50,833][com.java.SeleniumDriver] [  871] - DataValue : frameDialogContent
[INFO ][2015-12-22 18:02:50,833][com.java.SeleniumDriver] [  877] - <In Set values of the page>
[INFO ][2015-12-22 18:02:50,833][com.java.SeleniumDriver] [  880] - {Data Fields & Data Values Exist}
[INFO ][2015-12-22 18:02:50,833][com.java.SeleniumDriver] [  882] - --------------------------setting values-----------------------------
[INFO ][2015-12-22 18:02:50,833][com.java.SeleniumDriver] [  885] - Action Type : SELECTFRAMEBYNAME
[INFO ][2015-12-22 18:02:50,833][com.java.TestType] [ 5596] - value = frameDialogContent
[INFO ][2015-12-22 18:02:50,906][com.java.SeleniumDriver] [  894] -  RESULT true
[INFO ][2015-12-22 18:02:50,906][com.java.SeleniumDriver] [ 1100] - ?   P A S S   ?
[INFO ][2015-12-22 18:02:50,906][com.java.SeleniumDriver] [  821] - ------------------------------------------
[INFO ][2015-12-22 18:02:50,906][com.java.SeleniumDriver] [  822] - Test case being Executed: 17
[INFO ][2015-12-22 18:02:50,906][com.java.SeleniumDriver] [  833] - Test step:11
[INFO ][2015-12-22 18:02:50,906][com.java.SeleniumDriver] [  845] - Datavalue is----------Yes
[INFO ][2015-12-22 18:02:50,906][com.java.SeleniumDriver] [  869] - DataField : COBddlOpenBDInNewWindow
[INFO ][2015-12-22 18:02:50,908][com.java.SeleniumDriver] [  871] - DataValue : Yes
[INFO ][2015-12-22 18:02:50,908][com.java.SeleniumDriver] [  877] - <In Set values of the page>
[INFO ][2015-12-22 18:02:50,908][com.java.SeleniumDriver] [  880] - {Data Fields & Data Values Exist}
[INFO ][2015-12-22 18:02:50,908][com.java.SeleniumDriver] [  882] - --------------------------setting values-----------------------------
[INFO ][2015-12-22 18:02:50,908][com.java.SeleniumDriver] [  885] - Action Type : Verify
[INFO ][2015-12-22 18:02:50,908][com.java.TestType] [ 6946] - field= COBddlOpenBDInNewWindow value= Yes
[INFO ][2015-12-22 18:02:50,908][com.java.TestType] [ 5596] - value = Yes
[INFO ][2015-12-22 18:02:51,112][com.java.SeleniumDriver] [  894] -  RESULT true
[INFO ][2015-12-22 18:02:51,112][com.java.SeleniumDriver] [ 1100] - ?   P A S S   ?
[INFO ][2015-12-22 18:02:51,112][com.java.SeleniumDriver] [ 1142] - step change to 19
[INFO ][2015-12-22 18:02:51,112][com.java.SeleniumDriver] [  821] - ------------------------------------------
[INFO ][2015-12-22 18:02:51,112][com.java.SeleniumDriver] [  822] - Test case being Executed: 17
[INFO ][2015-12-22 18:02:51,112][com.java.SeleniumDriver] [  833] - Test step:19
[INFO ][2015-12-22 18:02:51,113][com.java.SeleniumDriver] [  845] - Datavalue is----------Banker's Dashboard
[INFO ][2015-12-22 18:02:51,113][com.java.SeleniumDriver] [  869] - DataField : TTL
[INFO ][2015-12-22 18:02:51,113][com.java.SeleniumDriver] [  871] - DataValue : Banker's Dashboard
[INFO ][2015-12-22 18:02:51,113][com.java.SeleniumDriver] [  877] - <In Set values of the page>
[INFO ][2015-12-22 18:02:51,113][com.java.SeleniumDriver] [  880] - {Data Fields & Data Values Exist}
[INFO ][2015-12-22 18:02:51,113][com.java.SeleniumDriver] [  882] - --------------------------setting values-----------------------------
[INFO ][2015-12-22 18:02:51,113][com.java.SeleniumDriver] [  885] - Action Type : SelectWindow
[INFO ][2015-12-22 18:03:03,459][com.java.SeleniumDriver] [  894] -  RESULT true
[INFO ][2015-12-22 18:03:03,459][com.java.SeleniumDriver] [ 1100] - ?   P A S S   ?
[INFO ][2015-12-22 18:03:03,461][com.java.SeleniumDriver] [  821] - ------------------------------------------
[INFO ][2015-12-22 18:03:03,461][com.java.SeleniumDriver] [  822] - Test case being Executed: 17
[INFO ][2015-12-22 18:03:03,461][com.java.SeleniumDriver] [  833] - Test step:20
[INFO ][2015-12-22 18:03:03,461][com.java.SeleniumDriver] [  845] - Datavalue is----------10
[INFO ][2015-12-22 18:03:03,461][com.java.SeleniumDriver] [  869] - DataField : test
[INFO ][2015-12-22 18:03:03,461][com.java.SeleniumDriver] [  871] - DataValue : 10
[INFO ][2015-12-22 18:03:03,461][com.java.SeleniumDriver] [  877] - <In Set values of the page>
[INFO ][2015-12-22 18:03:03,462][com.java.SeleniumDriver] [  880] - {Data Fields & Data Values Exist}
[INFO ][2015-12-22 18:03:03,462][com.java.SeleniumDriver] [  882] - --------------------------setting values-----------------------------
[INFO ][2015-12-22 18:03:03,462][com.java.SeleniumDriver] [  885] - Action Type : WaitTime
[DEBUG][2015-12-22 18:03:03,462][com.java.TestType] [ 5416] - sleepTime: 10000
[INFO ][2015-12-22 18:03:13,463][com.java.SeleniumDriver] [  894] -  RESULT true
[INFO ][2015-12-22 18:03:13,463][com.java.SeleniumDriver] [ 1100] - ?   P A S S   ?
[INFO ][2015-12-22 18:03:13,463][com.java.SeleniumDriver] [  821] - ------------------------------------------
[INFO ][2015-12-22 18:03:13,463][com.java.SeleniumDriver] [  822] - Test case being Executed: 17
[INFO ][2015-12-22 18:03:13,463][com.java.SeleniumDriver] [  833] - Test step:21
[INFO ][2015-12-22 18:03:13,463][com.java.SeleniumDriver] [  845] - Datavalue is----------appurl
[INFO ][2015-12-22 18:03:13,463][com.java.SeleniumDriver] [  869] - DataField : test
[INFO ][2015-12-22 18:03:13,463][com.java.SeleniumDriver] [  871] - DataValue : https://clients-xuat.bankersdashboard.com
[INFO ][2015-12-22 18:03:13,463][com.java.SeleniumDriver] [  877] - <In Set values of the page>
[INFO ][2015-12-22 18:03:13,463][com.java.SeleniumDriver] [  880] - {Data Fields & Data Values Exist}
[INFO ][2015-12-22 18:03:13,463][com.java.SeleniumDriver] [  882] - --------------------------setting values-----------------------------
[INFO ][2015-12-22 18:03:13,464][com.java.SeleniumDriver] [  885] - Action Type : OPENURL
[INFO ][2015-12-22 18:03:13,464][com.java.TestType] [ 5596] - value = https://clients-xuat.bankersdashboard.com
[INFO ][2015-12-22 18:03:13,464][com.java.TestType] [  353] - Open URL : https://clients-xuat.bankersdashboard.com
[INFO ][2015-12-22 18:03:16,143][com.java.SeleniumDriver] [  894] -  RESULT true
[INFO ][2015-12-22 18:03:16,143][com.java.SeleniumDriver] [ 1100] - ?   P A S S   ?
[INFO ][2015-12-22 18:03:16,143][com.java.SeleniumDriver] [  821] - ------------------------------------------
[INFO ][2015-12-22 18:03:16,143][com.java.SeleniumDriver] [  822] - Test case being Executed: 17
[INFO ][2015-12-22 18:03:16,143][com.java.SeleniumDriver] [  833] - Test step:22
[INFO ][2015-12-22 18:03:16,143][com.java.SeleniumDriver] [  845] - Datavalue is----------Concept#1:9-16
[INFO ][2015-12-22 18:03:16,143][com.java.SeleniumDriver] [  869] - DataField : test
[INFO ][2015-12-22 18:03:16,144][com.java.SeleniumDriver] [  871] - DataValue : Concept#1:9-16
[INFO ][2015-12-22 18:03:16,144][com.java.SeleniumDriver] [  877] - <In Set values of the page>
[INFO ][2015-12-22 18:03:16,144][com.java.SeleniumDriver] [  880] - {Data Fields & Data Values Exist}
[INFO ][2015-12-22 18:03:16,144][com.java.SeleniumDriver] [  882] - --------------------------setting values-----------------------------
[INFO ][2015-12-22 18:03:16,144][com.java.SeleniumDriver] [  885] - Action Type : ExecuteTestCase
[INFO ][2015-12-22 18:03:16,144][com.java.TestType] [  437] - The Concept sheet name is ---------- Concept
[INFO ][2015-12-22 18:03:16,144][com.java.TestType] [  440] - The Concept ID  is ---------- 1
[DEBUG][2015-12-22 18:03:16,144][com.java.TestType] [  444] - Steps being executted in the Concept are: 9:16
[INFO ][2015-12-22 18:03:16,145][com.java.TestType] [  451] - Test data details path ---------- D:\BankersDashboard\TestInputs\TestData.xls
[INFO ][2015-12-22 18:03:16,179][com.java.TestType] [  482] -  str(1) = 1
[INFO ][2015-12-22 18:03:16,179][com.java.TestType] [  485] - Test case Id is---1
[INFO ][2015-12-22 18:03:16,179][com.java.TestType] [  487] - 1
[INFO ][2015-12-22 18:03:16,179][com.java.TestType] [  482] -  str(2) = 1
[INFO ][2015-12-22 18:03:16,181][com.java.TestType] [  534] - row values are--------{1=com.java.Objects.TestDataDetails@1e7c599}
[INFO ][2015-12-22 18:03:16,181][com.java.TestType] [  482] -  str(1) = 1
[INFO ][2015-12-22 18:03:16,181][com.java.TestType] [  485] - Test case Id is---1
[INFO ][2015-12-22 18:03:16,181][com.java.TestType] [  487] - 1
[INFO ][2015-12-22 18:03:16,181][com.java.TestType] [  482] -  str(2) = 2
[INFO ][2015-12-22 18:03:16,182][com.java.TestType] [  534] - row values are--------{1=com.java.Objects.TestDataDetails@1e7c599, 2=com.java.Objects.TestDataDetails@ba3fc1}
[INFO ][2015-12-22 18:03:16,182][com.java.TestType] [  482] -  str(1) = 1
[INFO ][2015-12-22 18:03:16,182][com.java.TestType] [  485] - Test case Id is---1
[INFO ][2015-12-22 18:03:16,183][com.java.TestType] [  487] - 1
[INFO ][2015-12-22 18:03:16,183][com.java.TestType] [  482] -  str(2) = 3
[INFO ][2015-12-22 18:03:16,184][com.java.TestType] [  534] - row values are--------{1=com.java.Objects.TestDataDetails@1e7c599, 2=com.java.Objects.TestDataDetails@ba3fc1, 3=com.java.Objects.TestDataDetails@4f384}
[INFO ][2015-12-22 18:03:16,184][com.java.TestType] [  482] -  str(1) = 1
[INFO ][2015-12-22 18:03:16,184][com.java.TestType] [  485] - Test case Id is---1
[INFO ][2015-12-22 18:03:16,184][com.java.TestType] [  487] - 1
[INFO ][2015-12-22 18:03:16,184][com.java.TestType] [  482] -  str(2) = 4
[INFO ][2015-12-22 18:03:16,185][com.java.TestType] [  534] - row values are--------{1=com.java.Objects.TestDataDetails@1e7c599, 2=com.java.Objects.TestDataDetails@ba3fc1, 3=com.java.Objects.TestDataDetails@4f384, 4=com.java.Objects.TestDataDetails@126ea43}
[INFO ][2015-12-22 18:03:16,185][com.java.TestType] [  482] -  str(1) = 1
[INFO ][2015-12-22 18:03:16,185][com.java.TestType] [  485] - Test case Id is---1
[INFO ][2015-12-22 18:03:16,185][com.java.TestType] [  487] - 1
[INFO ][2015-12-22 18:03:16,185][com.java.TestType] [  482] -  str(2) = 5
[INFO ][2015-12-22 18:03:16,186][com.java.TestType] [  534] - row values are--------{1=com.java.Objects.TestDataDetails@1e7c599, 2=com.java.Objects.TestDataDetails@ba3fc1, 3=com.java.Objects.TestDataDetails@4f384, 4=com.java.Objects.TestDataDetails@126ea43, 5=com.java.Objects.TestDataDetails@17b791}
[INFO ][2015-12-22 18:03:16,186][com.java.TestType] [  482] -  str(1) = 1
[INFO ][2015-12-22 18:03:16,186][com.java.TestType] [  485] - Test case Id is---1
[INFO ][2015-12-22 18:03:16,186][com.java.TestType] [  487] - 1
[INFO ][2015-12-22 18:03:16,186][com.java.TestType] [  482] -  str(2) = 6
[INFO ][2015-12-22 18:03:16,187][com.java.TestType] [  534] - row values are--------{1=com.java.Objects.TestDataDetails@1e7c599, 2=com.java.Objects.TestDataDetails@ba3fc1, 3=com.java.Objects.TestDataDetails@4f384, 4=com.java.Objects.TestDataDetails@126ea43, 5=com.java.Objects.TestDataDetails@17b791, 6=com.java.Objects.TestDataDetails@4414b4}
[INFO ][2015-12-22 18:03:16,187][com.java.TestType] [  482] -  str(1) = 1
[INFO ][2015-12-22 18:03:16,187][com.java.TestType] [  485] - Test case Id is---1
[INFO ][2015-12-22 18:03:16,187][com.java.TestType] [  487] - 1
[INFO ][2015-12-22 18:03:16,187][com.java.TestType] [  482] -  str(2) = 7
[INFO ][2015-12-22 18:03:16,187][com.java.TestType] [  534] - row values are--------{1=com.java.Objects.TestDataDetails@1e7c599, 2=com.java.Objects.TestDataDetails@ba3fc1, 3=com.java.Objects.TestDataDetails@4f384, 4=com.java.Objects.TestDataDetails@126ea43, 5=com.java.Objects.TestDataDetails@17b791, 6=com.java.Objects.TestDataDetails@4414b4, 7=com.java.Objects.TestDataDetails@12e40d0}
[INFO ][2015-12-22 18:03:16,188][com.java.TestType] [  482] -  str(1) = 1
[INFO ][2015-12-22 18:03:16,188][com.java.TestType] [  485] - Test case Id is---1
[INFO ][2015-12-22 18:03:16,188][com.java.TestType] [  487] - 1
[INFO ][2015-12-22 18:03:16,188][com.java.TestType] [  482] -  str(2) = 8
[INFO ][2015-12-22 18:03:16,188][com.java.TestType] [  534] - row values are--------{1=com.java.Objects.TestDataDetails@1e7c599, 2=com.java.Objects.TestDataDetails@ba3fc1, 3=com.java.Objects.TestDataDetails@4f384, 4=com.java.Objects.TestDataDetails@126ea43, 5=com.java.Objects.TestDataDetails@17b791, 6=com.java.Objects.TestDataDetails@4414b4, 7=com.java.Objects.TestDataDetails@12e40d0, 8=com.java.Objects.TestDataDetails@1eb305e}
[INFO ][2015-12-22 18:03:16,189][com.java.TestType] [  482] -  str(1) = 1
[INFO ][2015-12-22 18:03:16,189][com.java.TestType] [  485] - Test case Id is---1
[INFO ][2015-12-22 18:03:16,189][com.java.TestType] [  487] - 1
[INFO ][2015-12-22 18:03:16,189][com.java.TestType] [  482] -  str(2) = 9
[INFO ][2015-12-22 18:03:16,190][com.java.TestType] [  534] - row values are--------{1=com.java.Objects.TestDataDetails@1e7c599, 2=com.java.Objects.TestDataDetails@ba3fc1, 3=com.java.Objects.TestDataDetails@4f384, 4=com.java.Objects.TestDataDetails@126ea43, 5=com.java.Objects.TestDataDetails@17b791, 6=com.java.Objects.TestDataDetails@4414b4, 7=com.java.Objects.TestDataDetails@12e40d0, 8=com.java.Objects.TestDataDetails@1eb305e, 9=com.java.Objects.TestDataDetails@1d06209}
[INFO ][2015-12-22 18:03:16,190][com.java.TestType] [  482] -  str(1) = 1
[INFO ][2015-12-22 18:03:16,190][com.java.TestType] [  485] - Test case Id is---1
[INFO ][2015-12-22 18:03:16,190][com.java.TestType] [  487] - 1
[INFO ][2015-12-22 18:03:16,190][com.java.TestType] [  482] -  str(2) = 10
[INFO ][2015-12-22 18:03:16,191][com.java.TestType] [  534] - row values are--------{1=com.java.Objects.TestDataDetails@1e7c599, 2=com.java.Objects.TestDataDetails@ba3fc1, 3=com.java.Objects.TestDataDetails@4f384, 4=com.java.Objects.TestDataDetails@126ea43, 5=com.java.Objects.TestDataDetails@17b791, 6=com.java.Objects.TestDataDetails@4414b4, 7=com.java.Objects.TestDataDetails@12e40d0, 8=com.java.Objects.TestDataDetails@1eb305e, 9=com.java.Objects.TestDataDetails@1d06209, 10=com.java.Objects.TestDataDetails@a934a}
[INFO ][2015-12-22 18:03:16,191][com.java.TestType] [  482] -  str(1) = 1
[INFO ][2015-12-22 18:03:16,191][com.java.TestType] [  485] - Test case Id is---1
[INFO ][2015-12-22 18:03:16,191][com.java.TestType] [  487] - 1
[INFO ][2015-12-22 18:03:16,191][com.java.TestType] [  482] -  str(2) = 11
[INFO ][2015-12-22 18:03:16,192][com.java.TestType] [  534] - row values are--------{1=com.java.Objects.TestDataDetails@1e7c599, 2=com.java.Objects.TestDataDetails@ba3fc1, 3=com.java.Objects.TestDataDetails@4f384, 4=com.java.Objects.TestDataDetails@126ea43, 5=com.java.Objects.TestDataDetails@17b791, 6=com.java.Objects.TestDataDetails@4414b4, 7=com.java.Objects.TestDataDetails@12e40d0, 8=com.java.Objects.TestDataDetails@1eb305e, 9=com.java.Objects.TestDataDetails@1d06209, 10=com.java.Objects.TestDataDetails@a934a, 11=com.java.Objects.TestDataDetails@ab4bbe}
[INFO ][2015-12-22 18:03:16,192][com.java.TestType] [  482] -  str(1) = 1
[INFO ][2015-12-22 18:03:16,193][com.java.TestType] [  485] - Test case Id is---1
[INFO ][2015-12-22 18:03:16,193][com.java.TestType] [  487] - 1
[INFO ][2015-12-22 18:03:16,193][com.java.TestType] [  482] -  str(2) = 12
[INFO ][2015-12-22 18:03:16,193][com.java.TestType] [  534] - row values are--------{1=com.java.Objects.TestDataDetails@1e7c599, 2=com.java.Objects.TestDataDetails@ba3fc1, 3=com.java.Objects.TestDataDetails@4f384, 4=com.java.Objects.TestDataDetails@126ea43, 5=com.java.Objects.TestDataDetails@17b791, 6=com.java.Objects.TestDataDetails@4414b4, 7=com.java.Objects.TestDataDetails@12e40d0, 8=com.java.Objects.TestDataDetails@1eb305e, 9=com.java.Objects.TestDataDetails@1d06209, 10=com.java.Objects.TestDataDetails@a934a, 11=com.java.Objects.TestDataDetails@ab4bbe, 12=com.java.Objects.TestDataDetails@4f430f}
[INFO ][2015-12-22 18:03:16,193][com.java.TestType] [  482] -  str(1) = 1
[INFO ][2015-12-22 18:03:16,194][com.java.TestType] [  485] - Test case Id is---1
[INFO ][2015-12-22 18:03:16,194][com.java.TestType] [  487] - 1
[INFO ][2015-12-22 18:03:16,194][com.java.TestType] [  482] -  str(2) = 13
[INFO ][2015-12-22 18:03:16,194][com.java.TestType] [  534] - row values are--------{1=com.java.Objects.TestDataDetails@1e7c599, 2=com.java.Objects.TestDataDetails@ba3fc1, 3=com.java.Objects.TestDataDetails@4f384, 4=com.java.Objects.TestDataDetails@126ea43, 5=com.java.Objects.TestDataDetails@17b791, 6=com.java.Objects.TestDataDetails@4414b4, 7=com.java.Objects.TestDataDetails@12e40d0, 8=com.java.Objects.TestDataDetails@1eb305e, 9=com.java.Objects.TestDataDetails@1d06209, 10=com.java.Objects.TestDataDetails@a934a, 11=com.java.Objects.TestDataDetails@ab4bbe, 12=com.java.Objects.TestDataDetails@4f430f, 13=com.java.Objects.TestDataDetails@41fe8}
[INFO ][2015-12-22 18:03:16,194][com.java.TestType] [  482] -  str(1) = 1
[INFO ][2015-12-22 18:03:16,194][com.java.TestType] [  485] - Test case Id is---1
[INFO ][2015-12-22 18:03:16,195][com.java.TestType] [  487] - 1
[INFO ][2015-12-22 18:03:16,195][com.java.TestType] [  482] -  str(2) = 14
[INFO ][2015-12-22 18:03:16,195][com.java.TestType] [  534] - row values are--------{1=com.java.Objects.TestDataDetails@1e7c599, 2=com.java.Objects.TestDataDetails@ba3fc1, 3=com.java.Objects.TestDataDetails@4f384, 4=com.java.Objects.TestDataDetails@126ea43, 5=com.java.Objects.TestDataDetails@17b791, 6=com.java.Objects.TestDataDetails@4414b4, 7=com.java.Objects.TestDataDetails@12e40d0, 8=com.java.Objects.TestDataDetails@1eb305e, 9=com.java.Objects.TestDataDetails@1d06209, 10=com.java.Objects.TestDataDetails@a934a, 11=com.java.Objects.TestDataDetails@ab4bbe, 12=com.java.Objects.TestDataDetails@4f430f, 13=com.java.Objects.TestDataDetails@41fe8, 14=com.java.Objects.TestDataDetails@10b11a1}
[INFO ][2015-12-22 18:03:16,195][com.java.TestType] [  482] -  str(1) = 1
[INFO ][2015-12-22 18:03:16,195][com.java.TestType] [  485] - Test case Id is---1
[INFO ][2015-12-22 18:03:16,195][com.java.TestType] [  487] - 1
[INFO ][2015-12-22 18:03:16,196][com.java.TestType] [  482] -  str(2) = 15
[INFO ][2015-12-22 18:03:16,196][com.java.TestType] [  534] - row values are--------{1=com.java.Objects.TestDataDetails@1e7c599, 2=com.java.Objects.TestDataDetails@ba3fc1, 3=com.java.Objects.TestDataDetails@4f384, 4=com.java.Objects.TestDataDetails@126ea43, 5=com.java.Objects.TestDataDetails@17b791, 6=com.java.Objects.TestDataDetails@4414b4, 7=com.java.Objects.TestDataDetails@12e40d0, 8=com.java.Objects.TestDataDetails@1eb305e, 9=com.java.Objects.TestDataDetails@1d06209, 10=com.java.Objects.TestDataDetails@a934a, 11=com.java.Objects.TestDataDetails@ab4bbe, 12=com.java.Objects.TestDataDetails@4f430f, 13=com.java.Objects.TestDataDetails@41fe8, 14=com.java.Objects.TestDataDetails@10b11a1, 15=com.java.Objects.TestDataDetails@49fe73}
[INFO ][2015-12-22 18:03:16,196][com.java.TestType] [  482] -  str(1) = 1
[INFO ][2015-12-22 18:03:16,196][com.java.TestType] [  485] - Test case Id is---1
[INFO ][2015-12-22 18:03:16,196][com.java.TestType] [  487] - 1
[INFO ][2015-12-22 18:03:16,197][com.java.TestType] [  482] -  str(2) = 16
[INFO ][2015-12-22 18:03:16,197][com.java.TestType] [  534] - row values are--------{1=com.java.Objects.TestDataDetails@1e7c599, 2=com.java.Objects.TestDataDetails@ba3fc1, 3=com.java.Objects.TestDataDetails@4f384, 4=com.java.Objects.TestDataDetails@126ea43, 5=com.java.Objects.TestDataDetails@17b791, 6=com.java.Objects.TestDataDetails@4414b4, 7=com.java.Objects.TestDataDetails@12e40d0, 8=com.java.Objects.TestDataDetails@1eb305e, 9=com.java.Objects.TestDataDetails@1d06209, 10=com.java.Objects.TestDataDetails@a934a, 11=com.java.Objects.TestDataDetails@ab4bbe, 12=com.java.Objects.TestDataDetails@4f430f, 13=com.java.Objects.TestDataDetails@41fe8, 14=com.java.Objects.TestDataDetails@10b11a1, 15=com.java.Objects.TestDataDetails@49fe73, 16=com.java.Objects.TestDataDetails@190f46a}
[INFO ][2015-12-22 18:03:16,197][com.java.TestType] [10274] - Looping 1TCID = 1
[DEBUG][2015-12-22 18:03:16,198][com.java.TestType] [10315] - Concept ID:1 :: Step being Executed: 1::9
[ERROR][2015-12-22 18:03:16,198][com.java.TestType] [10348] - Exception: null
[INFO ][2015-12-22 18:03:16,198][com.java.TestType] [10353] - dataFields : //span[@class='icon-cog2']&&//a[@data-id="UserSettings"]
[DEBUG][2015-12-22 18:03:16,198][com.java.TestType] [10359] - <In Set values of the page>
[DEBUG][2015-12-22 18:03:16,198][com.java.TestType] [10364] - {Data Fields & Data Values Exist}
[INFO ][2015-12-22 18:03:16,198][com.java.TestType] [10370] - --------------------------setting values-----------------------------
[INFO ][2015-12-22 18:03:16,198][com.java.TestType] [10373] - Action Type : MouseOver
[INFO ][2015-12-22 18:03:39,326][com.java.TestType] [10392] -  RESULT true
[INFO ][2015-12-22 18:03:39,326][com.java.TestType] [10509] - ?   P A S S   ?
[DEBUG][2015-12-22 18:03:39,326][com.java.TestType] [10315] - Concept ID:1 :: Step being Executed: 1::10
[INFO ][2015-12-22 18:03:39,326][com.java.TestType] [10353] - dataFields : BTNframeDialogContent
[DEBUG][2015-12-22 18:03:39,326][com.java.TestType] [10359] - <In Set values of the page>
[DEBUG][2015-12-22 18:03:39,326][com.java.TestType] [10364] - {Data Fields & Data Values Exist}
[INFO ][2015-12-22 18:03:39,326][com.java.TestType] [10370] - --------------------------setting values-----------------------------
[INFO ][2015-12-22 18:03:39,326][com.java.TestType] [10373] - Action Type : WaitForElement
[INFO ][2015-12-22 18:03:40,547][com.java.TestType] [10392] -  RESULT true
[INFO ][2015-12-22 18:03:40,547][com.java.TestType] [10509] - ?   P A S S   ?
[DEBUG][2015-12-22 18:03:40,547][com.java.TestType] [10315] - Concept ID:1 :: Step being Executed: 1::11
[INFO ][2015-12-22 18:03:40,547][com.java.TestType] [10353] - dataFields : BTN
[DEBUG][2015-12-22 18:03:40,547][com.java.TestType] [10359] - <In Set values of the page>
[DEBUG][2015-12-22 18:03:40,547][com.java.TestType] [10364] - {Data Fields & Data Values Exist}
[INFO ][2015-12-22 18:03:40,548][com.java.TestType] [10370] - --------------------------setting values-----------------------------
[INFO ][2015-12-22 18:03:40,548][com.java.TestType] [10373] - Action Type : SELECTFRAMEBYNAME
[INFO ][2015-12-22 18:03:40,548][com.java.TestType] [ 5596] - value = frameDialogContent
[INFO ][2015-12-22 18:03:40,618][com.java.TestType] [10392] -  RESULT true
[INFO ][2015-12-22 18:03:40,618][com.java.TestType] [10509] - ?   P A S S   ?
[DEBUG][2015-12-22 18:03:40,618][com.java.TestType] [10315] - Concept ID:1 :: Step being Executed: 1::12
[INFO ][2015-12-22 18:03:40,618][com.java.TestType] [10353] - dataFields : SLBddlOpenBDInNewWindow
[DEBUG][2015-12-22 18:03:40,618][com.java.TestType] [10359] - <In Set values of the page>
[DEBUG][2015-12-22 18:03:40,618][com.java.TestType] [10364] - {Data Fields & Data Values Exist}
[INFO ][2015-12-22 18:03:40,619][com.java.TestType] [10370] - --------------------------setting values-----------------------------
[INFO ][2015-12-22 18:03:40,619][com.java.TestType] [10373] - Action Type : Select
[INFO ][2015-12-22 18:03:40,620][com.java.TestType] [ 5596] - value = No
[INFO ][2015-12-22 18:03:42,959][com.java.TestType] [10392] -  RESULT true
[INFO ][2015-12-22 18:03:42,959][com.java.TestType] [10509] - ?   P A S S   ?
[DEBUG][2015-12-22 18:03:42,959][com.java.TestType] [10315] - Concept ID:1 :: Step being Executed: 1::13
[ERROR][2015-12-22 18:03:42,960][com.java.TestType] [10348] - Exception: null
[INFO ][2015-12-22 18:03:42,960][com.java.TestType] [10353] - dataFields : BTNparent
[DEBUG][2015-12-22 18:03:42,960][com.java.TestType] [10359] - <In Set values of the page>
[DEBUG][2015-12-22 18:03:42,960][com.java.TestType] [10364] - {Data Fields & Data Values Exist}
[INFO ][2015-12-22 18:03:42,960][com.java.TestType] [10370] - --------------------------setting values-----------------------------
[INFO ][2015-12-22 18:03:42,960][com.java.TestType] [10373] - Action Type : SELECTFRAME
[INFO ][2015-12-22 18:03:42,975][com.java.TestType] [10392] -  RESULT true
[INFO ][2015-12-22 18:03:42,975][com.java.TestType] [10509] - ?   P A S S   ?
[DEBUG][2015-12-22 18:03:42,975][com.java.TestType] [10315] - Concept ID:1 :: Step being Executed: 1::14
[ERROR][2015-12-22 18:03:42,975][com.java.TestType] [10348] - Exception: null
[INFO ][2015-12-22 18:03:42,975][com.java.TestType] [10353] - dataFields : BTN//span[text()='Finished']
[DEBUG][2015-12-22 18:03:42,975][com.java.TestType] [10359] - <In Set values of the page>
[DEBUG][2015-12-22 18:03:42,976][com.java.TestType] [10364] - {Data Fields & Data Values Exist}
[INFO ][2015-12-22 18:03:42,976][com.java.TestType] [10370] - --------------------------setting values-----------------------------
[INFO ][2015-12-22 18:03:42,976][com.java.TestType] [10373] - Action Type : Click
[INFO ][2015-12-22 18:03:42,976][com.java.TestType] [ 5975] - Field ::BTN//span[text()='Finished']
[INFO ][2015-12-22 18:03:42,976][com.java.TestType] [ 5596] - value = 
[INFO ][2015-12-22 18:03:43,977][com.java.TestType] [ 6091] - BEFORE CLICK
[INFO ][2015-12-22 18:03:44,279][com.java.TestType] [ 6098] - Unable to click the object Finished button
[INFO ][2015-12-22 18:03:44,280][com.java.TestType] [10392] -  RESULT true
[INFO ][2015-12-22 18:03:44,280][com.java.TestType] [10509] - ?   P A S S   ?
[DEBUG][2015-12-22 18:03:44,280][com.java.TestType] [10315] - Concept ID:1 :: Step being Executed: 1::15
[INFO ][2015-12-22 18:03:44,280][com.java.TestType] [10353] - dataFields : LNK
[DEBUG][2015-12-22 18:03:44,280][com.java.TestType] [10359] - <In Set values of the page>
[DEBUG][2015-12-22 18:03:44,280][com.java.TestType] [10364] - {Data Fields & Data Values Exist}
[INFO ][2015-12-22 18:03:44,280][com.java.TestType] [10370] - --------------------------setting values-----------------------------
[INFO ][2015-12-22 18:03:44,280][com.java.TestType] [10373] - Action Type : Verify
[INFO ][2015-12-22 18:03:44,280][com.java.TestType] [ 6946] - field= LNK value= Logout
[INFO ][2015-12-22 18:03:44,280][com.java.TestType] [ 5596] - value = Logout
[INFO ][2015-12-22 18:03:44,357][com.java.TestType] [10392] -  RESULT true
[INFO ][2015-12-22 18:03:44,357][com.java.TestType] [10509] - ?   P A S S   ?
[DEBUG][2015-12-22 18:03:44,357][com.java.TestType] [10315] - Concept ID:1 :: Step being Executed: 1::16
[INFO ][2015-12-22 18:03:44,357][com.java.TestType] [10353] - dataFields : BTN
[DEBUG][2015-12-22 18:03:44,357][com.java.TestType] [10359] - <In Set values of the page>
[DEBUG][2015-12-22 18:03:44,357][com.java.TestType] [10364] - {Data Fields & Data Values Exist}
[INFO ][2015-12-22 18:03:44,357][com.java.TestType] [10370] - --------------------------setting values-----------------------------
[INFO ][2015-12-22 18:03:44,358][com.java.TestType] [10373] - Action Type : Verify
[INFO ][2015-12-22 18:03:44,358][com.java.TestType] [ 6946] - field= BTN value= //img[contains(@src,'bdlogo.jpg')]
[INFO ][2015-12-22 18:03:44,358][com.java.TestType] [ 5596] - value = //img[contains(@src,'bdlogo.jpg')]
[INFO ][2015-12-22 18:03:44,419][com.java.TestType] [10392] -  RESULT true
[INFO ][2015-12-22 18:03:44,419][com.java.TestType] [10509] - ?   P A S S   ?
[INFO ][2015-12-22 18:03:44,419][com.java.TestType] [10580] - Looping End......
[INFO ][2015-12-22 18:03:44,423][com.java.SeleniumDriver] [  894] -  RESULT true
[INFO ][2015-12-22 18:03:44,423][com.java.SeleniumDriver] [ 1100] - ?   P A S S   ?
[INFO ][2015-12-22 18:03:44,423][com.java.SeleniumDriver] [  821] - ------------------------------------------
[INFO ][2015-12-22 18:03:44,423][com.java.SeleniumDriver] [  822] - Test case being Executed: 17
[INFO ][2015-12-22 18:03:44,423][com.java.SeleniumDriver] [  833] - Test step:23
[INFO ][2015-12-22 18:03:44,423][com.java.SeleniumDriver] [  845] - Datavalue is----------close
[INFO ][2015-12-22 18:03:44,423][com.java.SeleniumDriver] [  869] - DataField : test
[INFO ][2015-12-22 18:03:44,423][com.java.SeleniumDriver] [  871] - DataValue : close
[INFO ][2015-12-22 18:03:44,423][com.java.SeleniumDriver] [  877] - <In Set values of the page>
[INFO ][2015-12-22 18:03:44,423][com.java.SeleniumDriver] [  880] - {Data Fields & Data Values Exist}
[INFO ][2015-12-22 18:03:44,423][com.java.SeleniumDriver] [  882] - --------------------------setting values-----------------------------
[INFO ][2015-12-22 18:03:44,423][com.java.SeleniumDriver] [  885] - Action Type : Logout
[INFO ][2015-12-22 18:03:47,494][com.java.TestType] [ 5975] - Field ::CNF
[INFO ][2015-12-22 18:03:47,494][com.java.TestType] [ 5596] - value = OK
[ERROR][2015-12-22 18:03:48,510][com.java.TestType] [ 6286] - Exception in click:: Unable to get browser (WARNING: The server did not provide any stacktrace information)
Command duration or timeout: 15 milliseconds
Build info: version: '2.48.2', revision: '41bccdd', time: '2015-10-09 19:59:12'
System info: host: 'FVTIII438F1D', ip: '172.17.68.34', os.name: 'Windows 7', os.arch: 'x86', os.version: '6.1', java.version: '1.7.0_55'
Session ID: 2ff9b92c-64ec-45c6-9374-b60904b0c62b
Driver info: org.openqa.selenium.ie.InternetExplorerDriver
Capabilities [{platform=WINDOWS, javascriptEnabled=true, elementScrollBehavior=0, ignoreZoomSetting=false, enablePersistentHover=true, ie.ensureCleanSession=false, browserName=internet explorer, enableElementCacheCleanup=true, unexpectedAlertBehaviour=dismiss, version=10, ie.usePerProcessProxy=false, ignoreProtectedModeSettings=true, cssSelectorsEnabled=true, requireWindowFocus=false, initialBrowserUrl=http://localhost:23896/, handlesAlerts=true, ie.forceCreateProcessApi=false, nativeEvents=true, browserAttachTimeout=0, ie.browserCommandLineSwitches=, takesScreenshot=true}]
[INFO ][2015-12-22 18:03:48,511][com.java.TestType] [ 6290] - Element :::: not found
[DEBUG][2015-12-22 18:03:48,527][com.java.SeleniumDriver] [  426] - Hub ip address is-------172.17.68.34
[INFO ][2015-12-22 18:03:48,527][com.java.SeleniumDriver] [  452] - Grid URL:http://172.17.68.34:4444/wd/hub
[INFO ][2015-12-22 18:03:48,527][com.java.SeleniumDriver] [  453] - Capability:Capabilities [{platform=ANY, ensureCleanSession=true, ignoreProtectedModeSettings=true, acceptSslCerts=true, ignoreZoomSetting=true, browserName=internet explorer, browserstack.ie.noFlash=true, version=null}]
[ERROR][2015-12-22 18:03:49,540][com.java.SeleniumDriver] [  497] - Unable invoke browser in grid:Could not start a new session. Possible causes are invalid address of the remote server or browser start-up failure.
Build info: version: '2.48.2', revision: '41bccdd', time: '2015-10-09 19:59:12'
System info: host: 'FVTIII438F1D', ip: '172.17.68.34', os.name: 'Windows 7', os.arch: 'x86', os.version: '6.1', java.version: '1.7.0_55'
Driver info: driver.version: SeleniumDriver
[INFO ][2015-12-22 18:03:49,541][com.java.SeleniumDriver] [  499] - Executing on local machine
[INFO ][2015-12-22 18:04:00,337][com.java.SeleniumDriver] [  894] -  RESULT true
[INFO ][2015-12-22 18:04:00,337][com.java.SeleniumDriver] [ 1100] - ?   P A S S   ?
[INFO ][2015-12-22 18:04:00,337][com.java.SeleniumDriver] [  821] - ------------------------------------------
[INFO ][2015-12-22 18:04:00,337][com.java.SeleniumDriver] [  822] - Test case being Executed: 17
[INFO ][2015-12-22 18:04:00,337][com.java.SeleniumDriver] [  833] - Test step:24
[INFO ][2015-12-22 18:04:00,337][com.java.SeleniumDriver] [  845] - Datavalue is----------10
[INFO ][2015-12-22 18:04:00,337][com.java.SeleniumDriver] [  869] - DataField : LNKLogout
[INFO ][2015-12-22 18:04:00,337][com.java.SeleniumDriver] [  871] - DataValue : 10
[INFO ][2015-12-22 18:04:00,337][com.java.SeleniumDriver] [  877] - <In Set values of the page>
[INFO ][2015-12-22 18:04:00,337][com.java.SeleniumDriver] [  880] - {Data Fields & Data Values Exist}
[INFO ][2015-12-22 18:04:00,337][com.java.SeleniumDriver] [  882] - --------------------------setting values-----------------------------
[INFO ][2015-12-22 18:04:00,338][com.java.SeleniumDriver] [  885] - Action Type : WaitTime
[DEBUG][2015-12-22 18:04:00,338][com.java.TestType] [ 5416] - sleepTime: 10000
[INFO ][2015-12-22 18:04:10,339][com.java.SeleniumDriver] [  894] -  RESULT true
[INFO ][2015-12-22 18:04:10,339][com.java.SeleniumDriver] [ 1100] - ?   P A S S   ?
[INFO ][2015-12-22 18:04:10,339][com.java.SeleniumDriver] [  821] - ------------------------------------------
[INFO ][2015-12-22 18:04:10,339][com.java.SeleniumDriver] [  822] - Test case being Executed: 17
[INFO ][2015-12-22 18:04:10,339][com.java.SeleniumDriver] [  833] - Test step:25
[INFO ][2015-12-22 18:04:10,339][com.java.SeleniumDriver] [  845] - Datavalue is----------null
[DEBUG][2015-12-22 18:04:10,339][com.java.SeleniumDriver] [  863] - Exception: null
[INFO ][2015-12-22 18:04:10,339][com.java.SeleniumDriver] [  869] - DataField : CHK//div[@id="loginbox"]//input[@ng-click='vm.rememberMe()']
[INFO ][2015-12-22 18:04:10,339][com.java.SeleniumDriver] [  871] - DataValue : 
[INFO ][2015-12-22 18:04:10,339][com.java.SeleniumDriver] [  877] - <In Set values of the page>
[INFO ][2015-12-22 18:04:10,339][com.java.SeleniumDriver] [  880] - {Data Fields & Data Values Exist}
[INFO ][2015-12-22 18:04:10,340][com.java.SeleniumDriver] [  882] - --------------------------setting values-----------------------------
[INFO ][2015-12-22 18:04:10,340][com.java.SeleniumDriver] [  885] - Action Type : Check
[INFO ][2015-12-22 18:04:11,509][com.java.SeleniumDriver] [  894] -  RESULT true
[INFO ][2015-12-22 18:04:11,509][com.java.SeleniumDriver] [ 1100] - ?   P A S S   ?
[INFO ][2015-12-22 18:04:11,509][com.java.SeleniumDriver] [  821] - ------------------------------------------
[INFO ][2015-12-22 18:04:11,509][com.java.SeleniumDriver] [  822] - Test case being Executed: 17
[INFO ][2015-12-22 18:04:11,509][com.java.SeleniumDriver] [  833] - Test step:26
[INFO ][2015-12-22 18:04:11,509][com.java.SeleniumDriver] [  845] - Datavalue is----------Concept#1:2-4
[INFO ][2015-12-22 18:04:11,509][com.java.SeleniumDriver] [  869] - DataField : test
[INFO ][2015-12-22 18:04:11,509][com.java.SeleniumDriver] [  871] - DataValue : Concept#1:2-4
[INFO ][2015-12-22 18:04:11,509][com.java.SeleniumDriver] [  877] - <In Set values of the page>
[INFO ][2015-12-22 18:04:11,509][com.java.SeleniumDriver] [  880] - {Data Fields & Data Values Exist}
[INFO ][2015-12-22 18:04:11,509][com.java.SeleniumDriver] [  882] - --------------------------setting values-----------------------------
[INFO ][2015-12-22 18:04:11,510][com.java.SeleniumDriver] [  885] - Action Type : ExecuteTestCase
[INFO ][2015-12-22 18:04:11,510][com.java.TestType] [  437] - The Concept sheet name is ---------- Concept
[INFO ][2015-12-22 18:04:11,510][com.java.TestType] [  440] - The Concept ID  is ---------- 1
[DEBUG][2015-12-22 18:04:11,510][com.java.TestType] [  444] - Steps being executted in the Concept are: 2:4
[INFO ][2015-12-22 18:04:11,510][com.java.TestType] [  451] - Test data details path ---------- D:\BankersDashboard\TestInputs\TestData.xls
[INFO ][2015-12-22 18:04:11,541][com.java.TestType] [  482] -  str(1) = 1
[INFO ][2015-12-22 18:04:11,541][com.java.TestType] [  485] - Test case Id is---1
[INFO ][2015-12-22 18:04:11,541][com.java.TestType] [  487] - 1
[INFO ][2015-12-22 18:04:11,541][com.java.TestType] [  482] -  str(2) = 1
[INFO ][2015-12-22 18:04:11,543][com.java.TestType] [  534] - row values are--------{1=com.java.Objects.TestDataDetails@eca5f5}
[INFO ][2015-12-22 18:04:11,543][com.java.TestType] [  482] -  str(1) = 1
[INFO ][2015-12-22 18:04:11,543][com.java.TestType] [  485] - Test case Id is---1
[INFO ][2015-12-22 18:04:11,543][com.java.TestType] [  487] - 1
[INFO ][2015-12-22 18:04:11,543][com.java.TestType] [  482] -  str(2) = 2
[INFO ][2015-12-22 18:04:11,544][com.java.TestType] [  534] - row values are--------{1=com.java.Objects.TestDataDetails@eca5f5, 2=com.java.Objects.TestDataDetails@15bc78f}
[INFO ][2015-12-22 18:04:11,544][com.java.TestType] [  482] -  str(1) = 1
[INFO ][2015-12-22 18:04:11,544][com.java.TestType] [  485] - Test case Id is---1
[INFO ][2015-12-22 18:04:11,544][com.java.TestType] [  487] - 1
[INFO ][2015-12-22 18:04:11,544][com.java.TestType] [  482] -  str(2) = 3
[INFO ][2015-12-22 18:04:11,545][com.java.TestType] [  534] - row values are--------{1=com.java.Objects.TestDataDetails@eca5f5, 2=com.java.Objects.TestDataDetails@15bc78f, 3=com.java.Objects.TestDataDetails@1ae5392}
[INFO ][2015-12-22 18:04:11,545][com.java.TestType] [  482] -  str(1) = 1
[INFO ][2015-12-22 18:04:11,545][com.java.TestType] [  485] - Test case Id is---1
[INFO ][2015-12-22 18:04:11,545][com.java.TestType] [  487] - 1
[INFO ][2015-12-22 18:04:11,545][com.java.TestType] [  482] -  str(2) = 4
[INFO ][2015-12-22 18:04:11,546][com.java.TestType] [  534] - row values are--------{1=com.java.Objects.TestDataDetails@eca5f5, 2=com.java.Objects.TestDataDetails@15bc78f, 3=com.java.Objects.TestDataDetails@1ae5392, 4=com.java.Objects.TestDataDetails@1d8f286}
[INFO ][2015-12-22 18:04:11,546][com.java.TestType] [  482] -  str(1) = 1
[INFO ][2015-12-22 18:04:11,546][com.java.TestType] [  485] - Test case Id is---1
[INFO ][2015-12-22 18:04:11,546][com.java.TestType] [  487] - 1
[INFO ][2015-12-22 18:04:11,546][com.java.TestType] [  482] -  str(2) = 5
[INFO ][2015-12-22 18:04:11,547][com.java.TestType] [  534] - row values are--------{1=com.java.Objects.TestDataDetails@eca5f5, 2=com.java.Objects.TestDataDetails@15bc78f, 3=com.java.Objects.TestDataDetails@1ae5392, 4=com.java.Objects.TestDataDetails@1d8f286, 5=com.java.Objects.TestDataDetails@2fc793}
[INFO ][2015-12-22 18:04:11,547][com.java.TestType] [  482] -  str(1) = 1
[INFO ][2015-12-22 18:04:11,547][com.java.TestType] [  485] - Test case Id is---1
[INFO ][2015-12-22 18:04:11,547][com.java.TestType] [  487] - 1
[INFO ][2015-12-22 18:04:11,547][com.java.TestType] [  482] -  str(2) = 6
[INFO ][2015-12-22 18:04:11,548][com.java.TestType] [  534] - row values are--------{1=com.java.Objects.TestDataDetails@eca5f5, 2=com.java.Objects.TestDataDetails@15bc78f, 3=com.java.Objects.TestDataDetails@1ae5392, 4=com.java.Objects.TestDataDetails@1d8f286, 5=com.java.Objects.TestDataDetails@2fc793, 6=com.java.Objects.TestDataDetails@1f93c3c}
[INFO ][2015-12-22 18:04:11,548][com.java.TestType] [  482] -  str(1) = 1
[INFO ][2015-12-22 18:04:11,548][com.java.TestType] [  485] - Test case Id is---1
[INFO ][2015-12-22 18:04:11,548][com.java.TestType] [  487] - 1
[INFO ][2015-12-22 18:04:11,548][com.java.TestType] [  482] -  str(2) = 7
[INFO ][2015-12-22 18:04:11,549][com.java.TestType] [  534] - row values are--------{1=com.java.Objects.TestDataDetails@eca5f5, 2=com.java.Objects.TestDataDetails@15bc78f, 3=com.java.Objects.TestDataDetails@1ae5392, 4=com.java.Objects.TestDataDetails@1d8f286, 5=com.java.Objects.TestDataDetails@2fc793, 6=com.java.Objects.TestDataDetails@1f93c3c, 7=com.java.Objects.TestDataDetails@cd41c4}
[INFO ][2015-12-22 18:04:11,549][com.java.TestType] [  482] -  str(1) = 1
[INFO ][2015-12-22 18:04:11,549][com.java.TestType] [  485] - Test case Id is---1
[INFO ][2015-12-22 18:04:11,549][com.java.TestType] [  487] - 1
[INFO ][2015-12-22 18:04:11,549][com.java.TestType] [  482] -  str(2) = 8
[INFO ][2015-12-22 18:04:11,550][com.java.TestType] [  534] - row values are--------{1=com.java.Objects.TestDataDetails@eca5f5, 2=com.java.Objects.TestDataDetails@15bc78f, 3=com.java.Objects.TestDataDetails@1ae5392, 4=com.java.Objects.TestDataDetails@1d8f286, 5=com.java.Objects.TestDataDetails@2fc793, 6=com.java.Objects.TestDataDetails@1f93c3c, 7=com.java.Objects.TestDataDetails@cd41c4, 8=com.java.Objects.TestDataDetails@1032809}
[INFO ][2015-12-22 18:04:11,550][com.java.TestType] [  482] -  str(1) = 1
[INFO ][2015-12-22 18:04:11,550][com.java.TestType] [  485] - Test case Id is---1
[INFO ][2015-12-22 18:04:11,550][com.java.TestType] [  487] - 1
[INFO ][2015-12-22 18:04:11,550][com.java.TestType] [  482] -  str(2) = 9
[INFO ][2015-12-22 18:04:11,551][com.java.TestType] [  534] - row values are--------{1=com.java.Objects.TestDataDetails@eca5f5, 2=com.java.Objects.TestDataDetails@15bc78f, 3=com.java.Objects.TestDataDetails@1ae5392, 4=com.java.Objects.TestDataDetails@1d8f286, 5=com.java.Objects.TestDataDetails@2fc793, 6=com.java.Objects.TestDataDetails@1f93c3c, 7=com.java.Objects.TestDataDetails@cd41c4, 8=com.java.Objects.TestDataDetails@1032809, 9=com.java.Objects.TestDataDetails@19e542d}
[INFO ][2015-12-22 18:04:11,551][com.java.TestType] [  482] -  str(1) = 1
[INFO ][2015-12-22 18:04:11,551][com.java.TestType] [  485] - Test case Id is---1
[INFO ][2015-12-22 18:04:11,551][com.java.TestType] [  487] - 1
[INFO ][2015-12-22 18:04:11,551][com.java.TestType] [  482] -  str(2) = 10
[INFO ][2015-12-22 18:04:11,552][com.java.TestType] [  534] - row values are--------{1=com.java.Objects.TestDataDetails@eca5f5, 2=com.java.Objects.TestDataDetails@15bc78f, 3=com.java.Objects.TestDataDetails@1ae5392, 4=com.java.Objects.TestDataDetails@1d8f286, 5=com.java.Objects.TestDataDetails@2fc793, 6=com.java.Objects.TestDataDetails@1f93c3c, 7=com.java.Objects.TestDataDetails@cd41c4, 8=com.java.Objects.TestDataDetails@1032809, 9=com.java.Objects.TestDataDetails@19e542d, 10=com.java.Objects.TestDataDetails@8ca8d2}
[INFO ][2015-12-22 18:04:11,552][com.java.TestType] [  482] -  str(1) = 1
[INFO ][2015-12-22 18:04:11,552][com.java.TestType] [  485] - Test case Id is---1
[INFO ][2015-12-22 18:04:11,552][com.java.TestType] [  487] - 1
[INFO ][2015-12-22 18:04:11,552][com.java.TestType] [  482] -  str(2) = 11
[INFO ][2015-12-22 18:04:11,553][com.java.TestType] [  534] - row values are--------{1=com.java.Objects.TestDataDetails@eca5f5, 2=com.java.Objects.TestDataDetails@15bc78f, 3=com.java.Objects.TestDataDetails@1ae5392, 4=com.java.Objects.TestDataDetails@1d8f286, 5=com.java.Objects.TestDataDetails@2fc793, 6=com.java.Objects.TestDataDetails@1f93c3c, 7=com.java.Objects.TestDataDetails@cd41c4, 8=com.java.Objects.TestDataDetails@1032809, 9=com.java.Objects.TestDataDetails@19e542d, 10=com.java.Objects.TestDataDetails@8ca8d2, 11=com.java.Objects.TestDataDetails@155966d}
[INFO ][2015-12-22 18:04:11,553][com.java.TestType] [  482] -  str(1) = 1
[INFO ][2015-12-22 18:04:11,553][com.java.TestType] [  485] - Test case Id is---1
[INFO ][2015-12-22 18:04:11,553][com.java.TestType] [  487] - 1
[INFO ][2015-12-22 18:04:11,553][com.java.TestType] [  482] -  str(2) = 12
[INFO ][2015-12-22 18:04:11,554][com.java.TestType] [  534] - row values are--------{1=com.java.Objects.TestDataDetails@eca5f5, 2=com.java.Objects.TestDataDetails@15bc78f, 3=com.java.Objects.TestDataDetails@1ae5392, 4=com.java.Objects.TestDataDetails@1d8f286, 5=com.java.Objects.TestDataDetails@2fc793, 6=com.java.Objects.TestDataDetails@1f93c3c, 7=com.java.Objects.TestDataDetails@cd41c4, 8=com.java.Objects.TestDataDetails@1032809, 9=com.java.Objects.TestDataDetails@19e542d, 10=com.java.Objects.TestDataDetails@8ca8d2, 11=com.java.Objects.TestDataDetails@155966d, 12=com.java.Objects.TestDataDetails@1c0191e}
[INFO ][2015-12-22 18:04:11,554][com.java.TestType] [  482] -  str(1) = 1
[INFO ][2015-12-22 18:04:11,554][com.java.TestType] [  485] - Test case Id is---1
[INFO ][2015-12-22 18:04:11,554][com.java.TestType] [  487] - 1
[INFO ][2015-12-22 18:04:11,554][com.java.TestType] [  482] -  str(2) = 13
[INFO ][2015-12-22 18:04:11,555][com.java.TestType] [  534] - row values are--------{1=com.java.Objects.TestDataDetails@eca5f5, 2=com.java.Objects.TestDataDetails@15bc78f, 3=com.java.Objects.TestDataDetails@1ae5392, 4=com.java.Objects.TestDataDetails@1d8f286, 5=com.java.Objects.TestDataDetails@2fc793, 6=com.java.Objects.TestDataDetails@1f93c3c, 7=com.java.Objects.TestDataDetails@cd41c4, 8=com.java.Objects.TestDataDetails@1032809, 9=com.java.Objects.TestDataDetails@19e542d, 10=com.java.Objects.TestDataDetails@8ca8d2, 11=com.java.Objects.TestDataDetails@155966d, 12=com.java.Objects.TestDataDetails@1c0191e, 13=com.java.Objects.TestDataDetails@18363c7}
[INFO ][2015-12-22 18:04:11,555][com.java.TestType] [  482] -  str(1) = 1
[INFO ][2015-12-22 18:04:11,555][com.java.TestType] [  485] - Test case Id is---1
[INFO ][2015-12-22 18:04:11,555][com.java.TestType] [  487] - 1
[INFO ][2015-12-22 18:04:11,555][com.java.TestType] [  482] -  str(2) = 14
[INFO ][2015-12-22 18:04:11,555][com.java.TestType] [  534] - row values are--------{1=com.java.Objects.TestDataDetails@eca5f5, 2=com.java.Objects.TestDataDetails@15bc78f, 3=com.java.Objects.TestDataDetails@1ae5392, 4=com.java.Objects.TestDataDetails@1d8f286, 5=com.java.Objects.TestDataDetails@2fc793, 6=com.java.Objects.TestDataDetails@1f93c3c, 7=com.java.Objects.TestDataDetails@cd41c4, 8=com.java.Objects.TestDataDetails@1032809, 9=com.java.Objects.TestDataDetails@19e542d, 10=com.java.Objects.TestDataDetails@8ca8d2, 11=com.java.Objects.TestDataDetails@155966d, 12=com.java.Objects.TestDataDetails@1c0191e, 13=com.java.Objects.TestDataDetails@18363c7, 14=com.java.Objects.TestDataDetails@152c491}
[INFO ][2015-12-22 18:04:11,556][com.java.TestType] [  482] -  str(1) = 1
[INFO ][2015-12-22 18:04:11,556][com.java.TestType] [  485] - Test case Id is---1
[INFO ][2015-12-22 18:04:11,556][com.java.TestType] [  487] - 1
[INFO ][2015-12-22 18:04:11,556][com.java.TestType] [  482] -  str(2) = 15
[INFO ][2015-12-22 18:04:11,557][com.java.TestType] [  534] - row values are--------{1=com.java.Objects.TestDataDetails@eca5f5, 2=com.java.Objects.TestDataDetails@15bc78f, 3=com.java.Objects.TestDataDetails@1ae5392, 4=com.java.Objects.TestDataDetails@1d8f286, 5=com.java.Objects.TestDataDetails@2fc793, 6=com.java.Objects.TestDataDetails@1f93c3c, 7=com.java.Objects.TestDataDetails@cd41c4, 8=com.java.Objects.TestDataDetails@1032809, 9=com.java.Objects.TestDataDetails@19e542d, 10=com.java.Objects.TestDataDetails@8ca8d2, 11=com.java.Objects.TestDataDetails@155966d, 12=com.java.Objects.TestDataDetails@1c0191e, 13=com.java.Objects.TestDataDetails@18363c7, 14=com.java.Objects.TestDataDetails@152c491, 15=com.java.Objects.TestDataDetails@cc2cd1}
[INFO ][2015-12-22 18:04:11,557][com.java.TestType] [  482] -  str(1) = 1
[INFO ][2015-12-22 18:04:11,557][com.java.TestType] [  485] - Test case Id is---1
[INFO ][2015-12-22 18:04:11,557][com.java.TestType] [  487] - 1
[INFO ][2015-12-22 18:04:11,557][com.java.TestType] [  482] -  str(2) = 16
[INFO ][2015-12-22 18:04:11,558][com.java.TestType] [  534] - row values are--------{1=com.java.Objects.TestDataDetails@eca5f5, 2=com.java.Objects.TestDataDetails@15bc78f, 3=com.java.Objects.TestDataDetails@1ae5392, 4=com.java.Objects.TestDataDetails@1d8f286, 5=com.java.Objects.TestDataDetails@2fc793, 6=com.java.Objects.TestDataDetails@1f93c3c, 7=com.java.Objects.TestDataDetails@cd41c4, 8=com.java.Objects.TestDataDetails@1032809, 9=com.java.Objects.TestDataDetails@19e542d, 10=com.java.Objects.TestDataDetails@8ca8d2, 11=com.java.Objects.TestDataDetails@155966d, 12=com.java.Objects.TestDataDetails@1c0191e, 13=com.java.Objects.TestDataDetails@18363c7, 14=com.java.Objects.TestDataDetails@152c491, 15=com.java.Objects.TestDataDetails@cc2cd1, 16=com.java.Objects.TestDataDetails@1243198}
[INFO ][2015-12-22 18:04:11,558][com.java.TestType] [10274] - Looping 1TCID = 1
[DEBUG][2015-12-22 18:04:11,558][com.java.TestType] [10315] - Concept ID:1 :: Step being Executed: 1::2
[INFO ][2015-12-22 18:04:11,558][com.java.TestType] [10353] - dataFields : TXTpassword
[DEBUG][2015-12-22 18:04:11,558][com.java.TestType] [10359] - <In Set values of the page>
[DEBUG][2015-12-22 18:04:11,559][com.java.TestType] [10364] - {Data Fields & Data Values Exist}
[INFO ][2015-12-22 18:04:11,559][com.java.TestType] [10370] - --------------------------setting values-----------------------------
[INFO ][2015-12-22 18:04:11,559][com.java.TestType] [10373] - Action Type : CLEARANDENTER
[INFO ][2015-12-22 18:04:11,559][com.java.TestType] [ 5596] - value = Password1*
[INFO ][2015-12-22 18:04:16,357][com.java.TestType] [10392] -  RESULT true
[INFO ][2015-12-22 18:04:16,358][com.java.TestType] [10509] - ?   P A S S   ?
[DEBUG][2015-12-22 18:04:16,358][com.java.TestType] [10315] - Concept ID:1 :: Step being Executed: 1::3
[ERROR][2015-12-22 18:04:16,358][com.java.TestType] [10348] - Exception: null
[INFO ][2015-12-22 18:04:16,358][com.java.TestType] [10353] - dataFields : XPH//button[@type='submit']
[DEBUG][2015-12-22 18:04:16,358][com.java.TestType] [10359] - <In Set values of the page>
[DEBUG][2015-12-22 18:04:16,358][com.java.TestType] [10364] - {Data Fields & Data Values Exist}
[INFO ][2015-12-22 18:04:16,358][com.java.TestType] [10370] - --------------------------setting values-----------------------------
[INFO ][2015-12-22 18:04:16,358][com.java.TestType] [10373] - Action Type : Click
[INFO ][2015-12-22 18:04:16,358][com.java.TestType] [ 5975] - Field ::XPH//button[@type='submit']
[INFO ][2015-12-22 18:04:16,358][com.java.TestType] [ 5596] - value = 
[INFO ][2015-12-22 18:04:17,358][com.java.TestType] [ 6112] - BEFORE CLICK
[INFO ][2015-12-22 18:04:20,898][com.java.TestType] [ 6120] - Unable to click the object Login
[INFO ][2015-12-22 18:04:20,898][com.java.TestType] [10392] -  RESULT true
[INFO ][2015-12-22 18:04:20,898][com.java.TestType] [10509] - ?   P A S S   ?
[DEBUG][2015-12-22 18:04:20,898][com.java.TestType] [10315] - Concept ID:1 :: Step being Executed: 1::4
[INFO ][2015-12-22 18:04:20,898][com.java.TestType] [10353] - dataFields : LNKLogout
[DEBUG][2015-12-22 18:04:20,898][com.java.TestType] [10359] - <In Set values of the page>
[DEBUG][2015-12-22 18:04:20,898][com.java.TestType] [10364] - {Data Fields & Data Values Exist}
[INFO ][2015-12-22 18:04:20,898][com.java.TestType] [10370] - --------------------------setting values-----------------------------
[INFO ][2015-12-22 18:04:20,898][com.java.TestType] [10373] - Action Type : WaitForElement
[INFO ][2015-12-22 18:04:20,934][com.java.TestType] [10392] -  RESULT true
[INFO ][2015-12-22 18:04:20,934][com.java.TestType] [10509] - ?   P A S S   ?
[INFO ][2015-12-22 18:04:20,934][com.java.TestType] [10580] - Looping End......
[INFO ][2015-12-22 18:04:20,938][com.java.SeleniumDriver] [  894] -  RESULT true
[INFO ][2015-12-22 18:04:20,938][com.java.SeleniumDriver] [ 1100] - ?   P A S S   ?
[INFO ][2015-12-22 18:04:20,938][com.java.SeleniumDriver] [  821] - ------------------------------------------
[INFO ][2015-12-22 18:04:20,938][com.java.SeleniumDriver] [  822] - Test case being Executed: 17
[INFO ][2015-12-22 18:04:20,938][com.java.SeleniumDriver] [  833] - Test step:27
[INFO ][2015-12-22 18:04:20,938][com.java.SeleniumDriver] [  845] - Datavalue is----------10
[INFO ][2015-12-22 18:04:20,938][com.java.SeleniumDriver] [  869] - DataField : LNKLogout
[INFO ][2015-12-22 18:04:20,939][com.java.SeleniumDriver] [  871] - DataValue : 10
[INFO ][2015-12-22 18:04:20,939][com.java.SeleniumDriver] [  877] - <In Set values of the page>
[INFO ][2015-12-22 18:04:20,939][com.java.SeleniumDriver] [  880] - {Data Fields & Data Values Exist}
[INFO ][2015-12-22 18:04:20,939][com.java.SeleniumDriver] [  882] - --------------------------setting values-----------------------------
[INFO ][2015-12-22 18:04:20,939][com.java.SeleniumDriver] [  885] - Action Type : WaitTime
[DEBUG][2015-12-22 18:04:20,939][com.java.TestType] [ 5416] - sleepTime: 10000
[INFO ][2015-12-22 18:04:30,940][com.java.SeleniumDriver] [  894] -  RESULT true
[INFO ][2015-12-22 18:04:30,940][com.java.SeleniumDriver] [ 1100] - ?   P A S S   ?
[INFO ][2015-12-22 18:04:30,940][com.java.SeleniumDriver] [  821] - ------------------------------------------
[INFO ][2015-12-22 18:04:30,940][com.java.SeleniumDriver] [  822] - Test case being Executed: 17
[INFO ][2015-12-22 18:04:30,940][com.java.SeleniumDriver] [  833] - Test step:28
[INFO ][2015-12-22 18:04:30,940][com.java.SeleniumDriver] [  845] - Datavalue is----------Banker's Dashboard
[INFO ][2015-12-22 18:04:30,940][com.java.SeleniumDriver] [  869] - DataField : TTL
[INFO ][2015-12-22 18:04:30,940][com.java.SeleniumDriver] [  871] - DataValue : Banker's Dashboard
[INFO ][2015-12-22 18:04:30,940][com.java.SeleniumDriver] [  877] - <In Set values of the page>
[INFO ][2015-12-22 18:04:30,941][com.java.SeleniumDriver] [  880] - {Data Fields & Data Values Exist}
[INFO ][2015-12-22 18:04:30,941][com.java.SeleniumDriver] [  882] - --------------------------setting values-----------------------------
[INFO ][2015-12-22 18:04:30,941][com.java.SeleniumDriver] [  885] - Action Type : SelectWindow
[INFO ][2015-12-22 18:04:43,131][com.java.SeleniumDriver] [  894] -  RESULT true
[INFO ][2015-12-22 18:04:43,131][com.java.SeleniumDriver] [ 1100] - ?   P A S S   ?
[INFO ][2015-12-22 18:04:43,131][com.java.SeleniumDriver] [  821] - ------------------------------------------
[INFO ][2015-12-22 18:04:43,131][com.java.SeleniumDriver] [  822] - Test case being Executed: 17
[INFO ][2015-12-22 18:04:43,131][com.java.SeleniumDriver] [  833] - Test step:29
[INFO ][2015-12-22 18:04:43,131][com.java.SeleniumDriver] [  845] - Datavalue is----------test
[INFO ][2015-12-22 18:04:43,132][com.java.SeleniumDriver] [  869] - DataField : test
[INFO ][2015-12-22 18:04:43,132][com.java.SeleniumDriver] [  871] - DataValue : test
[INFO ][2015-12-22 18:04:43,132][com.java.SeleniumDriver] [  877] - <In Set values of the page>
[INFO ][2015-12-22 18:04:43,132][com.java.SeleniumDriver] [  880] - {Data Fields & Data Values Exist}
[INFO ][2015-12-22 18:04:43,132][com.java.SeleniumDriver] [  882] - --------------------------setting values-----------------------------
[INFO ][2015-12-22 18:04:43,132][com.java.SeleniumDriver] [  885] - Action Type : CLEARBROWSERCACHE
[INFO ][2015-12-22 18:04:48,225][com.java.SeleniumDriver] [  894] -  RESULT true
[INFO ][2015-12-22 18:04:48,225][com.java.SeleniumDriver] [ 1100] - ?   P A S S   ?
[INFO ][2015-12-22 18:04:48,225][com.java.SeleniumDriver] [  821] - ------------------------------------------
[INFO ][2015-12-22 18:04:48,225][com.java.SeleniumDriver] [  822] - Test case being Executed: 17
[INFO ][2015-12-22 18:04:48,225][com.java.SeleniumDriver] [  833] - Test step:30
[INFO ][2015-12-22 18:04:48,225][com.java.SeleniumDriver] [  845] - Datavalue is----------close
[INFO ][2015-12-22 18:04:48,225][com.java.SeleniumDriver] [  869] - DataField : test
[INFO ][2015-12-22 18:04:48,225][com.java.SeleniumDriver] [  871] - DataValue : close
[INFO ][2015-12-22 18:04:48,225][com.java.SeleniumDriver] [  877] - <In Set values of the page>
[INFO ][2015-12-22 18:04:48,225][com.java.SeleniumDriver] [  880] - {Data Fields & Data Values Exist}
[INFO ][2015-12-22 18:04:48,225][com.java.SeleniumDriver] [  882] - --------------------------setting values-----------------------------
[INFO ][2015-12-22 18:04:48,225][com.java.SeleniumDriver] [  885] - Action Type : Logout
[INFO ][2015-12-22 18:04:50,540][com.java.TestType] [ 5975] - Field ::CNF
[INFO ][2015-12-22 18:04:50,540][com.java.TestType] [ 5596] - value = OK
[INFO ][2015-12-22 18:04:52,855][com.java.TestType] [ 6108] - Click the object confirmation
[INFO ][2015-12-22 18:04:52,855][com.java.TestType] [ 6109] - Unable to click the object confirmation
[DEBUG][2015-12-22 18:04:52,876][com.java.SeleniumDriver] [  426] - Hub ip address is-------172.17.68.34
[INFO ][2015-12-22 18:04:52,877][com.java.SeleniumDriver] [  452] - Grid URL:http://172.17.68.34:4444/wd/hub
[INFO ][2015-12-22 18:04:52,877][com.java.SeleniumDriver] [  453] - Capability:Capabilities [{platform=ANY, ensureCleanSession=true, ignoreProtectedModeSettings=true, acceptSslCerts=true, ignoreZoomSetting=true, browserName=internet explorer, browserstack.ie.noFlash=true, version=null}]
[ERROR][2015-12-22 18:04:53,880][com.java.SeleniumDriver] [  497] - Unable invoke browser in grid:Could not start a new session. Possible causes are invalid address of the remote server or browser start-up failure.
Build info: version: '2.48.2', revision: '41bccdd', time: '2015-10-09 19:59:12'
System info: host: 'FVTIII438F1D', ip: '172.17.68.34', os.name: 'Windows 7', os.arch: 'x86', os.version: '6.1', java.version: '1.7.0_55'
Driver info: driver.version: SeleniumDriver
[INFO ][2015-12-22 18:04:53,880][com.java.SeleniumDriver] [  499] - Executing on local machine
[INFO ][2015-12-22 18:05:04,226][com.java.SeleniumDriver] [  894] -  RESULT true
[INFO ][2015-12-22 18:05:04,226][com.java.SeleniumDriver] [ 1100] - ?   P A S S   ?
[INFO ][2015-12-22 18:05:04,226][com.java.SeleniumDriver] [  821] - ------------------------------------------
[INFO ][2015-12-22 18:05:04,226][com.java.SeleniumDriver] [  822] - Test case being Executed: 17
[INFO ][2015-12-22 18:05:04,226][com.java.SeleniumDriver] [  833] - Test step:31
[INFO ][2015-12-22 18:05:04,226][com.java.SeleniumDriver] [  845] - Datavalue is----------//input[@ng-model="vm.rememberUsername"]
[INFO ][2015-12-22 18:05:04,226][com.java.SeleniumDriver] [  869] - DataField : SLT
[INFO ][2015-12-22 18:05:04,226][com.java.SeleniumDriver] [  871] - DataValue : //input[@ng-model="vm.rememberUsername"]
[INFO ][2015-12-22 18:05:04,226][com.java.SeleniumDriver] [  877] - <In Set values of the page>
[INFO ][2015-12-22 18:05:04,226][com.java.SeleniumDriver] [  880] - {Data Fields & Data Values Exist}
[INFO ][2015-12-22 18:05:04,226][com.java.SeleniumDriver] [  882] - --------------------------setting values-----------------------------
[INFO ][2015-12-22 18:05:04,227][com.java.SeleniumDriver] [  885] - Action Type : Verify
[INFO ][2015-12-22 18:05:04,227][com.java.TestType] [ 6946] - field= SLT value= //input[@ng-model="vm.rememberUsername"]
[INFO ][2015-12-22 18:05:04,227][com.java.TestType] [ 5596] - value = //input[@ng-model="vm.rememberUsername"]
[INFO ][2015-12-22 18:05:04,321][com.java.SeleniumDriver] [  894] -  RESULT true
[INFO ][2015-12-22 18:05:04,321][com.java.SeleniumDriver] [ 1100] - ?   P A S S   ?
[INFO ][2015-12-22 18:05:04,321][com.java.SeleniumDriver] [  821] - ------------------------------------------
[INFO ][2015-12-22 18:05:04,323][com.java.SeleniumDriver] [  822] - Test case being Executed: 17
[INFO ][2015-12-22 18:05:04,323][com.java.SeleniumDriver] [  833] - Test step:32
[INFO ][2015-12-22 18:05:04,323][com.java.SeleniumDriver] [  845] - Datavalue is----------Concept#1:1-4
[INFO ][2015-12-22 18:05:04,323][com.java.SeleniumDriver] [  869] - DataField : test
[INFO ][2015-12-22 18:05:04,323][com.java.SeleniumDriver] [  871] - DataValue : Concept#1:1-4
[INFO ][2015-12-22 18:05:04,323][com.java.SeleniumDriver] [  877] - <In Set values of the page>
[INFO ][2015-12-22 18:05:04,323][com.java.SeleniumDriver] [  880] - {Data Fields & Data Values Exist}
[INFO ][2015-12-22 18:05:04,323][com.java.SeleniumDriver] [  882] - --------------------------setting values-----------------------------
[INFO ][2015-12-22 18:05:04,323][com.java.SeleniumDriver] [  885] - Action Type : ExecuteTestCase
[INFO ][2015-12-22 18:05:04,323][com.java.TestType] [  437] - The Concept sheet name is ---------- Concept
[INFO ][2015-12-22 18:05:04,323][com.java.TestType] [  440] - The Concept ID  is ---------- 1
[DEBUG][2015-12-22 18:05:04,324][com.java.TestType] [  444] - Steps being executted in the Concept are: 1:4
[INFO ][2015-12-22 18:05:04,324][com.java.TestType] [  451] - Test data details path ---------- D:\BankersDashboard\TestInputs\TestData.xls
[INFO ][2015-12-22 18:05:04,353][com.java.TestType] [  482] -  str(1) = 1
[INFO ][2015-12-22 18:05:04,354][com.java.TestType] [  485] - Test case Id is---1
[INFO ][2015-12-22 18:05:04,354][com.java.TestType] [  487] - 1
[INFO ][2015-12-22 18:05:04,354][com.java.TestType] [  482] -  str(2) = 1
[INFO ][2015-12-22 18:05:04,355][com.java.TestType] [  534] - row values are--------{1=com.java.Objects.TestDataDetails@18e2e50}
[INFO ][2015-12-22 18:05:04,355][com.java.TestType] [  482] -  str(1) = 1
[INFO ][2015-12-22 18:05:04,355][com.java.TestType] [  485] - Test case Id is---1
[INFO ][2015-12-22 18:05:04,356][com.java.TestType] [  487] - 1
[INFO ][2015-12-22 18:05:04,356][com.java.TestType] [  482] -  str(2) = 2
[INFO ][2015-12-22 18:05:04,356][com.java.TestType] [  534] - row values are--------{1=com.java.Objects.TestDataDetails@18e2e50, 2=com.java.Objects.TestDataDetails@1417d63}
[INFO ][2015-12-22 18:05:04,356][com.java.TestType] [  482] -  str(1) = 1
[INFO ][2015-12-22 18:05:04,356][com.java.TestType] [  485] - Test case Id is---1
[INFO ][2015-12-22 18:05:04,356][com.java.TestType] [  487] - 1
[INFO ][2015-12-22 18:05:04,357][com.java.TestType] [  482] -  str(2) = 3
[INFO ][2015-12-22 18:05:04,357][com.java.TestType] [  534] - row values are--------{1=com.java.Objects.TestDataDetails@18e2e50, 2=com.java.Objects.TestDataDetails@1417d63, 3=com.java.Objects.TestDataDetails@cba7b4}
[INFO ][2015-12-22 18:05:04,357][com.java.TestType] [  482] -  str(1) = 1
[INFO ][2015-12-22 18:05:04,357][com.java.TestType] [  485] - Test case Id is---1
[INFO ][2015-12-22 18:05:04,357][com.java.TestType] [  487] - 1
[INFO ][2015-12-22 18:05:04,358][com.java.TestType] [  482] -  str(2) = 4
[INFO ][2015-12-22 18:05:04,358][com.java.TestType] [  534] - row values are--------{1=com.java.Objects.TestDataDetails@18e2e50, 2=com.java.Objects.TestDataDetails@1417d63, 3=com.java.Objects.TestDataDetails@cba7b4, 4=com.java.Objects.TestDataDetails@1d32cf4}
[INFO ][2015-12-22 18:05:04,358][com.java.TestType] [  482] -  str(1) = 1
[INFO ][2015-12-22 18:05:04,358][com.java.TestType] [  485] - Test case Id is---1
[INFO ][2015-12-22 18:05:04,358][com.java.TestType] [  487] - 1
[INFO ][2015-12-22 18:05:04,358][com.java.TestType] [  482] -  str(2) = 5
[INFO ][2015-12-22 18:05:04,359][com.java.TestType] [  534] - row values are--------{1=com.java.Objects.TestDataDetails@18e2e50, 2=com.java.Objects.TestDataDetails@1417d63, 3=com.java.Objects.TestDataDetails@cba7b4, 4=com.java.Objects.TestDataDetails@1d32cf4, 5=com.java.Objects.TestDataDetails@144c9c}
[INFO ][2015-12-22 18:05:04,360][com.java.TestType] [  482] -  str(1) = 1
[INFO ][2015-12-22 18:05:04,360][com.java.TestType] [  485] - Test case Id is---1
[INFO ][2015-12-22 18:05:04,360][com.java.TestType] [  487] - 1
[INFO ][2015-12-22 18:05:04,360][com.java.TestType] [  482] -  str(2) = 6
[INFO ][2015-12-22 18:05:04,361][com.java.TestType] [  534] - row values are--------{1=com.java.Objects.TestDataDetails@18e2e50, 2=com.java.Objects.TestDataDetails@1417d63, 3=com.java.Objects.TestDataDetails@cba7b4, 4=com.java.Objects.TestDataDetails@1d32cf4, 5=com.java.Objects.TestDataDetails@144c9c, 6=com.java.Objects.TestDataDetails@1001ec4}
[INFO ][2015-12-22 18:05:04,361][com.java.TestType] [  482] -  str(1) = 1
[INFO ][2015-12-22 18:05:04,361][com.java.TestType] [  485] - Test case Id is---1
[INFO ][2015-12-22 18:05:04,361][com.java.TestType] [  487] - 1
[INFO ][2015-12-22 18:05:04,361][com.java.TestType] [  482] -  str(2) = 7
[INFO ][2015-12-22 18:05:04,362][com.java.TestType] [  534] - row values are--------{1=com.java.Objects.TestDataDetails@18e2e50, 2=com.java.Objects.TestDataDetails@1417d63, 3=com.java.Objects.TestDataDetails@cba7b4, 4=com.java.Objects.TestDataDetails@1d32cf4, 5=com.java.Objects.TestDataDetails@144c9c, 6=com.java.Objects.TestDataDetails@1001ec4, 7=com.java.Objects.TestDataDetails@1aca0d9}
[INFO ][2015-12-22 18:05:04,362][com.java.TestType] [  482] -  str(1) = 1
[INFO ][2015-12-22 18:05:04,362][com.java.TestType] [  485] - Test case Id is---1
[INFO ][2015-12-22 18:05:04,362][com.java.TestType] [  487] - 1
[INFO ][2015-12-22 18:05:04,362][com.java.TestType] [  482] -  str(2) = 8
[INFO ][2015-12-22 18:05:04,363][com.java.TestType] [  534] - row values are--------{1=com.java.Objects.TestDataDetails@18e2e50, 2=com.java.Objects.TestDataDetails@1417d63, 3=com.java.Objects.TestDataDetails@cba7b4, 4=com.java.Objects.TestDataDetails@1d32cf4, 5=com.java.Objects.TestDataDetails@144c9c, 6=com.java.Objects.TestDataDetails@1001ec4, 7=com.java.Objects.TestDataDetails@1aca0d9, 8=com.java.Objects.TestDataDetails@14a4dab}
[INFO ][2015-12-22 18:05:04,363][com.java.TestType] [  482] -  str(1) = 1
[INFO ][2015-12-22 18:05:04,363][com.java.TestType] [  485] - Test case Id is---1
[INFO ][2015-12-22 18:05:04,363][com.java.TestType] [  487] - 1
[INFO ][2015-12-22 18:05:04,363][com.java.TestType] [  482] -  str(2) = 9
[INFO ][2015-12-22 18:05:04,363][com.java.TestType] [  534] - row values are--------{1=com.java.Objects.TestDataDetails@18e2e50, 2=com.java.Objects.TestDataDetails@1417d63, 3=com.java.Objects.TestDataDetails@cba7b4, 4=com.java.Objects.TestDataDetails@1d32cf4, 5=com.java.Objects.TestDataDetails@144c9c, 6=com.java.Objects.TestDataDetails@1001ec4, 7=com.java.Objects.TestDataDetails@1aca0d9, 8=com.java.Objects.TestDataDetails@14a4dab, 9=com.java.Objects.TestDataDetails@1fee702}
[INFO ][2015-12-22 18:05:04,364][com.java.TestType] [  482] -  str(1) = 1
[INFO ][2015-12-22 18:05:04,364][com.java.TestType] [  485] - Test case Id is---1
[INFO ][2015-12-22 18:05:04,364][com.java.TestType] [  487] - 1
[INFO ][2015-12-22 18:05:04,364][com.java.TestType] [  482] -  str(2) = 10
[INFO ][2015-12-22 18:05:04,364][com.java.TestType] [  534] - row values are--------{1=com.java.Objects.TestDataDetails@18e2e50, 2=com.java.Objects.TestDataDetails@1417d63, 3=com.java.Objects.TestDataDetails@cba7b4, 4=com.java.Objects.TestDataDetails@1d32cf4, 5=com.java.Objects.TestDataDetails@144c9c, 6=com.java.Objects.TestDataDetails@1001ec4, 7=com.java.Objects.TestDataDetails@1aca0d9, 8=com.java.Objects.TestDataDetails@14a4dab, 9=com.java.Objects.TestDataDetails@1fee702, 10=com.java.Objects.TestDataDetails@ed141f}
[INFO ][2015-12-22 18:05:04,364][com.java.TestType] [  482] -  str(1) = 1
[INFO ][2015-12-22 18:05:04,365][com.java.TestType] [  485] - Test case Id is---1
[INFO ][2015-12-22 18:05:04,365][com.java.TestType] [  487] - 1
[INFO ][2015-12-22 18:05:04,365][com.java.TestType] [  482] -  str(2) = 11
[INFO ][2015-12-22 18:05:04,365][com.java.TestType] [  534] - row values are--------{1=com.java.Objects.TestDataDetails@18e2e50, 2=com.java.Objects.TestDataDetails@1417d63, 3=com.java.Objects.TestDataDetails@cba7b4, 4=com.java.Objects.TestDataDetails@1d32cf4, 5=com.java.Objects.TestDataDetails@144c9c, 6=com.java.Objects.TestDataDetails@1001ec4, 7=com.java.Objects.TestDataDetails@1aca0d9, 8=com.java.Objects.TestDataDetails@14a4dab, 9=com.java.Objects.TestDataDetails@1fee702, 10=com.java.Objects.TestDataDetails@ed141f, 11=com.java.Objects.TestDataDetails@9bc6f6}
[INFO ][2015-12-22 18:05:04,365][com.java.TestType] [  482] -  str(1) = 1
[INFO ][2015-12-22 18:05:04,365][com.java.TestType] [  485] - Test case Id is---1
[INFO ][2015-12-22 18:05:04,366][com.java.TestType] [  487] - 1
[INFO ][2015-12-22 18:05:04,366][com.java.TestType] [  482] -  str(2) = 12
[INFO ][2015-12-22 18:05:04,366][com.java.TestType] [  534] - row values are--------{1=com.java.Objects.TestDataDetails@18e2e50, 2=com.java.Objects.TestDataDetails@1417d63, 3=com.java.Objects.TestDataDetails@cba7b4, 4=com.java.Objects.TestDataDetails@1d32cf4, 5=com.java.Objects.TestDataDetails@144c9c, 6=com.java.Objects.TestDataDetails@1001ec4, 7=com.java.Objects.TestDataDetails@1aca0d9, 8=com.java.Objects.TestDataDetails@14a4dab, 9=com.java.Objects.TestDataDetails@1fee702, 10=com.java.Objects.TestDataDetails@ed141f, 11=com.java.Objects.TestDataDetails@9bc6f6, 12=com.java.Objects.TestDataDetails@14a07c4}
[INFO ][2015-12-22 18:05:04,366][com.java.TestType] [  482] -  str(1) = 1
[INFO ][2015-12-22 18:05:04,366][com.java.TestType] [  485] - Test case Id is---1
[INFO ][2015-12-22 18:05:04,366][com.java.TestType] [  487] - 1
[INFO ][2015-12-22 18:05:04,367][com.java.TestType] [  482] -  str(2) = 13
[INFO ][2015-12-22 18:05:04,367][com.java.TestType] [  534] - row values are--------{1=com.java.Objects.TestDataDetails@18e2e50, 2=com.java.Objects.TestDataDetails@1417d63, 3=com.java.Objects.TestDataDetails@cba7b4, 4=com.java.Objects.TestDataDetails@1d32cf4, 5=com.java.Objects.TestDataDetails@144c9c, 6=com.java.Objects.TestDataDetails@1001ec4, 7=com.java.Objects.TestDataDetails@1aca0d9, 8=com.java.Objects.TestDataDetails@14a4dab, 9=com.java.Objects.TestDataDetails@1fee702, 10=com.java.Objects.TestDataDetails@ed141f, 11=com.java.Objects.TestDataDetails@9bc6f6, 12=com.java.Objects.TestDataDetails@14a07c4, 13=com.java.Objects.TestDataDetails@e9fbdc}
[INFO ][2015-12-22 18:05:04,367][com.java.TestType] [  482] -  str(1) = 1
[INFO ][2015-12-22 18:05:04,367][com.java.TestType] [  485] - Test case Id is---1
[INFO ][2015-12-22 18:05:04,367][com.java.TestType] [  487] - 1
[INFO ][2015-12-22 18:05:04,367][com.java.TestType] [  482] -  str(2) = 14
[INFO ][2015-12-22 18:05:04,369][com.java.TestType] [  534] - row values are--------{1=com.java.Objects.TestDataDetails@18e2e50, 2=com.java.Objects.TestDataDetails@1417d63, 3=com.java.Objects.TestDataDetails@cba7b4, 4=com.java.Objects.TestDataDetails@1d32cf4, 5=com.java.Objects.TestDataDetails@144c9c, 6=com.java.Objects.TestDataDetails@1001ec4, 7=com.java.Objects.TestDataDetails@1aca0d9, 8=com.java.Objects.TestDataDetails@14a4dab, 9=com.java.Objects.TestDataDetails@1fee702, 10=com.java.Objects.TestDataDetails@ed141f, 11=com.java.Objects.TestDataDetails@9bc6f6, 12=com.java.Objects.TestDataDetails@14a07c4, 13=com.java.Objects.TestDataDetails@e9fbdc, 14=com.java.Objects.TestDataDetails@101e3da}
[INFO ][2015-12-22 18:05:04,369][com.java.TestType] [  482] -  str(1) = 1
[INFO ][2015-12-22 18:05:04,369][com.java.TestType] [  485] - Test case Id is---1
[INFO ][2015-12-22 18:05:04,369][com.java.TestType] [  487] - 1
[INFO ][2015-12-22 18:05:04,369][com.java.TestType] [  482] -  str(2) = 15
[INFO ][2015-12-22 18:05:04,370][com.java.TestType] [  534] - row values are--------{1=com.java.Objects.TestDataDetails@18e2e50, 2=com.java.Objects.TestDataDetails@1417d63, 3=com.java.Objects.TestDataDetails@cba7b4, 4=com.java.Objects.TestDataDetails@1d32cf4, 5=com.java.Objects.TestDataDetails@144c9c, 6=com.java.Objects.TestDataDetails@1001ec4, 7=com.java.Objects.TestDataDetails@1aca0d9, 8=com.java.Objects.TestDataDetails@14a4dab, 9=com.java.Objects.TestDataDetails@1fee702, 10=com.java.Objects.TestDataDetails@ed141f, 11=com.java.Objects.TestDataDetails@9bc6f6, 12=com.java.Objects.TestDataDetails@14a07c4, 13=com.java.Objects.TestDataDetails@e9fbdc, 14=com.java.Objects.TestDataDetails@101e3da, 15=com.java.Objects.TestDataDetails@38e6d8}
[INFO ][2015-12-22 18:05:04,370][com.java.TestType] [  482] -  str(1) = 1
[INFO ][2015-12-22 18:05:04,370][com.java.TestType] [  485] - Test case Id is---1
[INFO ][2015-12-22 18:05:04,370][com.java.TestType] [  487] - 1
[INFO ][2015-12-22 18:05:04,370][com.java.TestType] [  482] -  str(2) = 16
[INFO ][2015-12-22 18:05:04,371][com.java.TestType] [  534] - row values are--------{1=com.java.Objects.TestDataDetails@18e2e50, 2=com.java.Objects.TestDataDetails@1417d63, 3=com.java.Objects.TestDataDetails@cba7b4, 4=com.java.Objects.TestDataDetails@1d32cf4, 5=com.java.Objects.TestDataDetails@144c9c, 6=com.java.Objects.TestDataDetails@1001ec4, 7=com.java.Objects.TestDataDetails@1aca0d9, 8=com.java.Objects.TestDataDetails@14a4dab, 9=com.java.Objects.TestDataDetails@1fee702, 10=com.java.Objects.TestDataDetails@ed141f, 11=com.java.Objects.TestDataDetails@9bc6f6, 12=com.java.Objects.TestDataDetails@14a07c4, 13=com.java.Objects.TestDataDetails@e9fbdc, 14=com.java.Objects.TestDataDetails@101e3da, 15=com.java.Objects.TestDataDetails@38e6d8, 16=com.java.Objects.TestDataDetails@282baf}
[INFO ][2015-12-22 18:05:04,371][com.java.TestType] [10274] - Looping 1TCID = 1
[DEBUG][2015-12-22 18:05:04,371][com.java.TestType] [10315] - Concept ID:1 :: Step being Executed: 1::1
[INFO ][2015-12-22 18:05:04,371][com.java.TestType] [10353] - dataFields : TXTusername
[DEBUG][2015-12-22 18:05:04,371][com.java.TestType] [10359] - <In Set values of the page>
[DEBUG][2015-12-22 18:05:04,371][com.java.TestType] [10364] - {Data Fields & Data Values Exist}
[INFO ][2015-12-22 18:05:04,371][com.java.TestType] [10370] - --------------------------setting values-----------------------------
[INFO ][2015-12-22 18:05:04,371][com.java.TestType] [10373] - Action Type : CLEARANDENTER
[INFO ][2015-12-22 18:05:04,371][com.java.TestType] [ 5596] - value = valuelabs.ie10.33527
[INFO ][2015-12-22 18:05:09,062][com.java.TestType] [10392] -  RESULT true
[INFO ][2015-12-22 18:05:09,062][com.java.TestType] [10509] - ?   P A S S   ?
[DEBUG][2015-12-22 18:05:09,063][com.java.TestType] [10315] - Concept ID:1 :: Step being Executed: 1::2
[INFO ][2015-12-22 18:05:09,063][com.java.TestType] [10353] - dataFields : TXTpassword
[DEBUG][2015-12-22 18:05:09,063][com.java.TestType] [10359] - <In Set values of the page>
[DEBUG][2015-12-22 18:05:09,063][com.java.TestType] [10364] - {Data Fields & Data Values Exist}
[INFO ][2015-12-22 18:05:09,063][com.java.TestType] [10370] - --------------------------setting values-----------------------------
[INFO ][2015-12-22 18:05:09,063][com.java.TestType] [10373] - Action Type : CLEARANDENTER
[INFO ][2015-12-22 18:05:09,063][com.java.TestType] [ 5596] - value = Password1*
[INFO ][2015-12-22 18:05:13,872][com.java.TestType] [10392] -  RESULT true
[INFO ][2015-12-22 18:05:13,872][com.java.TestType] [10509] - ?   P A S S   ?
[DEBUG][2015-12-22 18:05:13,873][com.java.TestType] [10315] - Concept ID:1 :: Step being Executed: 1::3
[ERROR][2015-12-22 18:05:13,873][com.java.TestType] [10348] - Exception: null
[INFO ][2015-12-22 18:05:13,873][com.java.TestType] [10353] - dataFields : XPH//button[@type='submit']
[DEBUG][2015-12-22 18:05:13,873][com.java.TestType] [10359] - <In Set values of the page>
[DEBUG][2015-12-22 18:05:13,873][com.java.TestType] [10364] - {Data Fields & Data Values Exist}
[INFO ][2015-12-22 18:05:13,873][com.java.TestType] [10370] - --------------------------setting values-----------------------------
[INFO ][2015-12-22 18:05:13,873][com.java.TestType] [10373] - Action Type : Click
[INFO ][2015-12-22 18:05:13,873][com.java.TestType] [ 5975] - Field ::XPH//button[@type='submit']
[INFO ][2015-12-22 18:05:13,873][com.java.TestType] [ 5596] - value = 
[INFO ][2015-12-22 18:05:14,873][com.java.TestType] [ 6112] - BEFORE CLICK
[INFO ][2015-12-22 18:05:15,694][com.java.TestType] [ 6120] - Unable to click the object Login
[INFO ][2015-12-22 18:05:15,694][com.java.TestType] [10392] -  RESULT true
[INFO ][2015-12-22 18:05:15,694][com.java.TestType] [10509] - ?   P A S S   ?
[DEBUG][2015-12-22 18:05:15,694][com.java.TestType] [10315] - Concept ID:1 :: Step being Executed: 1::4
[INFO ][2015-12-22 18:05:15,694][com.java.TestType] [10353] - dataFields : LNKLogout
[DEBUG][2015-12-22 18:05:15,694][com.java.TestType] [10359] - <In Set values of the page>
[DEBUG][2015-12-22 18:05:15,694][com.java.TestType] [10364] - {Data Fields & Data Values Exist}
[INFO ][2015-12-22 18:05:15,694][com.java.TestType] [10370] - --------------------------setting values-----------------------------
[INFO ][2015-12-22 18:05:15,694][com.java.TestType] [10373] - Action Type : WaitForElement
[INFO ][2015-12-22 18:05:19,211][com.java.TestType] [10392] -  RESULT true
[INFO ][2015-12-22 18:05:19,211][com.java.TestType] [10509] - ?   P A S S   ?
[INFO ][2015-12-22 18:05:19,211][com.java.TestType] [10580] - Looping End......
[INFO ][2015-12-22 18:05:19,215][com.java.SeleniumDriver] [  894] -  RESULT true
[INFO ][2015-12-22 18:05:19,215][com.java.SeleniumDriver] [ 1100] - ?   P A S S   ?
[INFO ][2015-12-22 18:05:19,215][com.java.SeleniumDriver] [  821] - ------------------------------------------
[INFO ][2015-12-22 18:05:19,215][com.java.SeleniumDriver] [  822] - Test case being Executed: 17
[INFO ][2015-12-22 18:05:19,215][com.java.SeleniumDriver] [  833] - Test step:33
[INFO ][2015-12-22 18:05:19,215][com.java.SeleniumDriver] [  845] - Datavalue is----------Bankers Dashboard from Deluxe
[INFO ][2015-12-22 18:05:19,215][com.java.SeleniumDriver] [  869] - DataField : TTL
[INFO ][2015-12-22 18:05:19,215][com.java.SeleniumDriver] [  871] - DataValue : Bankers Dashboard from Deluxe
[INFO ][2015-12-22 18:05:19,215][com.java.SeleniumDriver] [  877] - <In Set values of the page>
[INFO ][2015-12-22 18:05:19,215][com.java.SeleniumDriver] [  880] - {Data Fields & Data Values Exist}
[INFO ][2015-12-22 18:05:19,215][com.java.SeleniumDriver] [  882] - --------------------------setting values-----------------------------
[INFO ][2015-12-22 18:05:19,215][com.java.SeleniumDriver] [  885] - Action Type : SelectWindow
[INFO ][2015-12-22 18:05:31,412][com.java.SeleniumDriver] [  894] -  RESULT true
[INFO ][2015-12-22 18:05:31,412][com.java.SeleniumDriver] [ 1100] - ?   P A S S   ?
[INFO ][2015-12-22 18:05:31,412][com.java.SeleniumDriver] [  821] - ------------------------------------------
[INFO ][2015-12-22 18:05:31,413][com.java.SeleniumDriver] [  822] - Test case being Executed: 17
[INFO ][2015-12-22 18:05:31,413][com.java.SeleniumDriver] [  833] - Test step:34
[INFO ][2015-12-22 18:05:31,413][com.java.SeleniumDriver] [  845] - Datavalue is----------Concept#1:5-16
[INFO ][2015-12-22 18:05:31,413][com.java.SeleniumDriver] [  869] - DataField : test
[INFO ][2015-12-22 18:05:31,413][com.java.SeleniumDriver] [  871] - DataValue : Concept#1:5-16
[INFO ][2015-12-22 18:05:31,413][com.java.SeleniumDriver] [  877] - <In Set values of the page>
[INFO ][2015-12-22 18:05:31,413][com.java.SeleniumDriver] [  880] - {Data Fields & Data Values Exist}
[INFO ][2015-12-22 18:05:31,413][com.java.SeleniumDriver] [  882] - --------------------------setting values-----------------------------
[INFO ][2015-12-22 18:05:31,413][com.java.SeleniumDriver] [  885] - Action Type : ExecuteTestCase
[INFO ][2015-12-22 18:05:31,413][com.java.TestType] [  437] - The Concept sheet name is ---------- Concept
[INFO ][2015-12-22 18:05:31,413][com.java.TestType] [  440] - The Concept ID  is ---------- 1
[DEBUG][2015-12-22 18:05:31,413][com.java.TestType] [  444] - Steps being executted in the Concept are: 5:16
[INFO ][2015-12-22 18:05:31,413][com.java.TestType] [  451] - Test data details path ---------- D:\BankersDashboard\TestInputs\TestData.xls
[INFO ][2015-12-22 18:05:31,443][com.java.TestType] [  482] -  str(1) = 1
[INFO ][2015-12-22 18:05:31,443][com.java.TestType] [  485] - Test case Id is---1
[INFO ][2015-12-22 18:05:31,443][com.java.TestType] [  487] - 1
[INFO ][2015-12-22 18:05:31,443][com.java.TestType] [  482] -  str(2) = 1
[INFO ][2015-12-22 18:05:31,445][com.java.TestType] [  534] - row values are--------{1=com.java.Objects.TestDataDetails@1ef19bd}
[INFO ][2015-12-22 18:05:31,445][com.java.TestType] [  482] -  str(1) = 1
[INFO ][2015-12-22 18:05:31,445][com.java.TestType] [  485] - Test case Id is---1
[INFO ][2015-12-22 18:05:31,445][com.java.TestType] [  487] - 1
[INFO ][2015-12-22 18:05:31,445][com.java.TestType] [  482] -  str(2) = 2
[INFO ][2015-12-22 18:05:31,446][com.java.TestType] [  534] - row values are--------{1=com.java.Objects.TestDataDetails@1ef19bd, 2=com.java.Objects.TestDataDetails@1f287fc}
[INFO ][2015-12-22 18:05:31,446][com.java.TestType] [  482] -  str(1) = 1
[INFO ][2015-12-22 18:05:31,446][com.java.TestType] [  485] - Test case Id is---1
[INFO ][2015-12-22 18:05:31,446][com.java.TestType] [  487] - 1
[INFO ][2015-12-22 18:05:31,446][com.java.TestType] [  482] -  str(2) = 3
[INFO ][2015-12-22 18:05:31,447][com.java.TestType] [  534] - row values are--------{1=com.java.Objects.TestDataDetails@1ef19bd, 2=com.java.Objects.TestDataDetails@1f287fc, 3=com.java.Objects.TestDataDetails@15c6afe}
[INFO ][2015-12-22 18:05:31,447][com.java.TestType] [  482] -  str(1) = 1
[INFO ][2015-12-22 18:05:31,447][com.java.TestType] [  485] - Test case Id is---1
[INFO ][2015-12-22 18:05:31,447][com.java.TestType] [  487] - 1
[INFO ][2015-12-22 18:05:31,447][com.java.TestType] [  482] -  str(2) = 4
[INFO ][2015-12-22 18:05:31,448][com.java.TestType] [  534] - row values are--------{1=com.java.Objects.TestDataDetails@1ef19bd, 2=com.java.Objects.TestDataDetails@1f287fc, 3=com.java.Objects.TestDataDetails@15c6afe, 4=com.java.Objects.TestDataDetails@a0ec6e}
[INFO ][2015-12-22 18:05:31,448][com.java.TestType] [  482] -  str(1) = 1
[INFO ][2015-12-22 18:05:31,449][com.java.TestType] [  485] - Test case Id is---1
[INFO ][2015-12-22 18:05:31,449][com.java.TestType] [  487] - 1
[INFO ][2015-12-22 18:05:31,449][com.java.TestType] [  482] -  str(2) = 5
[INFO ][2015-12-22 18:05:31,449][com.java.TestType] [  534] - row values are--------{1=com.java.Objects.TestDataDetails@1ef19bd, 2=com.java.Objects.TestDataDetails@1f287fc, 3=com.java.Objects.TestDataDetails@15c6afe, 4=com.java.Objects.TestDataDetails@a0ec6e, 5=com.java.Objects.TestDataDetails@11a12e1}
[INFO ][2015-12-22 18:05:31,449][com.java.TestType] [  482] -  str(1) = 1
[INFO ][2015-12-22 18:05:31,450][com.java.TestType] [  485] - Test case Id is---1
[INFO ][2015-12-22 18:05:31,450][com.java.TestType] [  487] - 1
[INFO ][2015-12-22 18:05:31,450][com.java.TestType] [  482] -  str(2) = 6
[INFO ][2015-12-22 18:05:31,450][com.java.TestType] [  534] - row values are--------{1=com.java.Objects.TestDataDetails@1ef19bd, 2=com.java.Objects.TestDataDetails@1f287fc, 3=com.java.Objects.TestDataDetails@15c6afe, 4=com.java.Objects.TestDataDetails@a0ec6e, 5=com.java.Objects.TestDataDetails@11a12e1, 6=com.java.Objects.TestDataDetails@11cc0f6}
[INFO ][2015-12-22 18:05:31,450][com.java.TestType] [  482] -  str(1) = 1
[INFO ][2015-12-22 18:05:31,450][com.java.TestType] [  485] - Test case Id is---1
[INFO ][2015-12-22 18:05:31,450][com.java.TestType] [  487] - 1
[INFO ][2015-12-22 18:05:31,451][com.java.TestType] [  482] -  str(2) = 7
[INFO ][2015-12-22 18:05:31,451][com.java.TestType] [  534] - row values are--------{1=com.java.Objects.TestDataDetails@1ef19bd, 2=com.java.Objects.TestDataDetails@1f287fc, 3=com.java.Objects.TestDataDetails@15c6afe, 4=com.java.Objects.TestDataDetails@a0ec6e, 5=com.java.Objects.TestDataDetails@11a12e1, 6=com.java.Objects.TestDataDetails@11cc0f6, 7=com.java.Objects.TestDataDetails@bdeab}
[INFO ][2015-12-22 18:05:31,451][com.java.TestType] [  482] -  str(1) = 1
[INFO ][2015-12-22 18:05:31,451][com.java.TestType] [  485] - Test case Id is---1
[INFO ][2015-12-22 18:05:31,451][com.java.TestType] [  487] - 1
[INFO ][2015-12-22 18:05:31,451][com.java.TestType] [  482] -  str(2) = 8
[INFO ][2015-12-22 18:05:31,452][com.java.TestType] [  534] - row values are--------{1=com.java.Objects.TestDataDetails@1ef19bd, 2=com.java.Objects.TestDataDetails@1f287fc, 3=com.java.Objects.TestDataDetails@15c6afe, 4=com.java.Objects.TestDataDetails@a0ec6e, 5=com.java.Objects.TestDataDetails@11a12e1, 6=com.java.Objects.TestDataDetails@11cc0f6, 7=com.java.Objects.TestDataDetails@bdeab, 8=com.java.Objects.TestDataDetails@1f8ecde}
[INFO ][2015-12-22 18:05:31,452][com.java.TestType] [  482] -  str(1) = 1
[INFO ][2015-12-22 18:05:31,452][com.java.TestType] [  485] - Test case Id is---1
[INFO ][2015-12-22 18:05:31,452][com.java.TestType] [  487] - 1
[INFO ][2015-12-22 18:05:31,452][com.java.TestType] [  482] -  str(2) = 9
[INFO ][2015-12-22 18:05:31,453][com.java.TestType] [  534] - row values are--------{1=com.java.Objects.TestDataDetails@1ef19bd, 2=com.java.Objects.TestDataDetails@1f287fc, 3=com.java.Objects.TestDataDetails@15c6afe, 4=com.java.Objects.TestDataDetails@a0ec6e, 5=com.java.Objects.TestDataDetails@11a12e1, 6=com.java.Objects.TestDataDetails@11cc0f6, 7=com.java.Objects.TestDataDetails@bdeab, 8=com.java.Objects.TestDataDetails@1f8ecde, 9=com.java.Objects.TestDataDetails@40c3b5}
[INFO ][2015-12-22 18:05:31,453][com.java.TestType] [  482] -  str(1) = 1
[INFO ][2015-12-22 18:05:31,453][com.java.TestType] [  485] - Test case Id is---1
[INFO ][2015-12-22 18:05:31,453][com.java.TestType] [  487] - 1
[INFO ][2015-12-22 18:05:31,453][com.java.TestType] [  482] -  str(2) = 10
[INFO ][2015-12-22 18:05:31,454][com.java.TestType] [  534] - row values are--------{1=com.java.Objects.TestDataDetails@1ef19bd, 2=com.java.Objects.TestDataDetails@1f287fc, 3=com.java.Objects.TestDataDetails@15c6afe, 4=com.java.Objects.TestDataDetails@a0ec6e, 5=com.java.Objects.TestDataDetails@11a12e1, 6=com.java.Objects.TestDataDetails@11cc0f6, 7=com.java.Objects.TestDataDetails@bdeab, 8=com.java.Objects.TestDataDetails@1f8ecde, 9=com.java.Objects.TestDataDetails@40c3b5, 10=com.java.Objects.TestDataDetails@c2e2dd}
[INFO ][2015-12-22 18:05:31,454][com.java.TestType] [  482] -  str(1) = 1
[INFO ][2015-12-22 18:05:31,454][com.java.TestType] [  485] - Test case Id is---1
[INFO ][2015-12-22 18:05:31,454][com.java.TestType] [  487] - 1
[INFO ][2015-12-22 18:05:31,454][com.java.TestType] [  482] -  str(2) = 11
[INFO ][2015-12-22 18:05:31,455][com.java.TestType] [  534] - row values are--------{1=com.java.Objects.TestDataDetails@1ef19bd, 2=com.java.Objects.TestDataDetails@1f287fc, 3=com.java.Objects.TestDataDetails@15c6afe, 4=com.java.Objects.TestDataDetails@a0ec6e, 5=com.java.Objects.TestDataDetails@11a12e1, 6=com.java.Objects.TestDataDetails@11cc0f6, 7=com.java.Objects.TestDataDetails@bdeab, 8=com.java.Objects.TestDataDetails@1f8ecde, 9=com.java.Objects.TestDataDetails@40c3b5, 10=com.java.Objects.TestDataDetails@c2e2dd, 11=com.java.Objects.TestDataDetails@3becd5}
[INFO ][2015-12-22 18:05:31,455][com.java.TestType] [  482] -  str(1) = 1
[INFO ][2015-12-22 18:05:31,455][com.java.TestType] [  485] - Test case Id is---1
[INFO ][2015-12-22 18:05:31,455][com.java.TestType] [  487] - 1
[INFO ][2015-12-22 18:05:31,455][com.java.TestType] [  482] -  str(2) = 12
[INFO ][2015-12-22 18:05:31,456][com.java.TestType] [  534] - row values are--------{1=com.java.Objects.TestDataDetails@1ef19bd, 2=com.java.Objects.TestDataDetails@1f287fc, 3=com.java.Objects.TestDataDetails@15c6afe, 4=com.java.Objects.TestDataDetails@a0ec6e, 5=com.java.Objects.TestDataDetails@11a12e1, 6=com.java.Objects.TestDataDetails@11cc0f6, 7=com.java.Objects.TestDataDetails@bdeab, 8=com.java.Objects.TestDataDetails@1f8ecde, 9=com.java.Objects.TestDataDetails@40c3b5, 10=com.java.Objects.TestDataDetails@c2e2dd, 11=com.java.Objects.TestDataDetails@3becd5, 12=com.java.Objects.TestDataDetails@fb5989}
[INFO ][2015-12-22 18:05:31,456][com.java.TestType] [  482] -  str(1) = 1
[INFO ][2015-12-22 18:05:31,456][com.java.TestType] [  485] - Test case Id is---1
[INFO ][2015-12-22 18:05:31,456][com.java.TestType] [  487] - 1
[INFO ][2015-12-22 18:05:31,456][com.java.TestType] [  482] -  str(2) = 13
[INFO ][2015-12-22 18:05:31,457][com.java.TestType] [  534] - row values are--------{1=com.java.Objects.TestDataDetails@1ef19bd, 2=com.java.Objects.TestDataDetails@1f287fc, 3=com.java.Objects.TestDataDetails@15c6afe, 4=com.java.Objects.TestDataDetails@a0ec6e, 5=com.java.Objects.TestDataDetails@11a12e1, 6=com.java.Objects.TestDataDetails@11cc0f6, 7=com.java.Objects.TestDataDetails@bdeab, 8=com.java.Objects.TestDataDetails@1f8ecde, 9=com.java.Objects.TestDataDetails@40c3b5, 10=com.java.Objects.TestDataDetails@c2e2dd, 11=com.java.Objects.TestDataDetails@3becd5, 12=com.java.Objects.TestDataDetails@fb5989, 13=com.java.Objects.TestDataDetails@140031c}
[INFO ][2015-12-22 18:05:31,457][com.java.TestType] [  482] -  str(1) = 1
[INFO ][2015-12-22 18:05:31,457][com.java.TestType] [  485] - Test case Id is---1
[INFO ][2015-12-22 18:05:31,457][com.java.TestType] [  487] - 1
[INFO ][2015-12-22 18:05:31,457][com.java.TestType] [  482] -  str(2) = 14
[INFO ][2015-12-22 18:05:31,458][com.java.TestType] [  534] - row values are--------{1=com.java.Objects.TestDataDetails@1ef19bd, 2=com.java.Objects.TestDataDetails@1f287fc, 3=com.java.Objects.TestDataDetails@15c6afe, 4=com.java.Objects.TestDataDetails@a0ec6e, 5=com.java.Objects.TestDataDetails@11a12e1, 6=com.java.Objects.TestDataDetails@11cc0f6, 7=com.java.Objects.TestDataDetails@bdeab, 8=com.java.Objects.TestDataDetails@1f8ecde, 9=com.java.Objects.TestDataDetails@40c3b5, 10=com.java.Objects.TestDataDetails@c2e2dd, 11=com.java.Objects.TestDataDetails@3becd5, 12=com.java.Objects.TestDataDetails@fb5989, 13=com.java.Objects.TestDataDetails@140031c, 14=com.java.Objects.TestDataDetails@ea1756}
[INFO ][2015-12-22 18:05:31,458][com.java.TestType] [  482] -  str(1) = 1
[INFO ][2015-12-22 18:05:31,458][com.java.TestType] [  485] - Test case Id is---1
[INFO ][2015-12-22 18:05:31,458][com.java.TestType] [  487] - 1
[INFO ][2015-12-22 18:05:31,458][com.java.TestType] [  482] -  str(2) = 15
[INFO ][2015-12-22 18:05:31,459][com.java.TestType] [  534] - row values are--------{1=com.java.Objects.TestDataDetails@1ef19bd, 2=com.java.Objects.TestDataDetails@1f287fc, 3=com.java.Objects.TestDataDetails@15c6afe, 4=com.java.Objects.TestDataDetails@a0ec6e, 5=com.java.Objects.TestDataDetails@11a12e1, 6=com.java.Objects.TestDataDetails@11cc0f6, 7=com.java.Objects.TestDataDetails@bdeab, 8=com.java.Objects.TestDataDetails@1f8ecde, 9=com.java.Objects.TestDataDetails@40c3b5, 10=com.java.Objects.TestDataDetails@c2e2dd, 11=com.java.Objects.TestDataDetails@3becd5, 12=com.java.Objects.TestDataDetails@fb5989, 13=com.java.Objects.TestDataDetails@140031c, 14=com.java.Objects.TestDataDetails@ea1756, 15=com.java.Objects.TestDataDetails@18dc17f}
[INFO ][2015-12-22 18:05:31,459][com.java.TestType] [  482] -  str(1) = 1
[INFO ][2015-12-22 18:05:31,459][com.java.TestType] [  485] - Test case Id is---1
[INFO ][2015-12-22 18:05:31,459][com.java.TestType] [  487] - 1
[INFO ][2015-12-22 18:05:31,459][com.java.TestType] [  482] -  str(2) = 16
[INFO ][2015-12-22 18:05:31,460][com.java.TestType] [  534] - row values are--------{1=com.java.Objects.TestDataDetails@1ef19bd, 2=com.java.Objects.TestDataDetails@1f287fc, 3=com.java.Objects.TestDataDetails@15c6afe, 4=com.java.Objects.TestDataDetails@a0ec6e, 5=com.java.Objects.TestDataDetails@11a12e1, 6=com.java.Objects.TestDataDetails@11cc0f6, 7=com.java.Objects.TestDataDetails@bdeab, 8=com.java.Objects.TestDataDetails@1f8ecde, 9=com.java.Objects.TestDataDetails@40c3b5, 10=com.java.Objects.TestDataDetails@c2e2dd, 11=com.java.Objects.TestDataDetails@3becd5, 12=com.java.Objects.TestDataDetails@fb5989, 13=com.java.Objects.TestDataDetails@140031c, 14=com.java.Objects.TestDataDetails@ea1756, 15=com.java.Objects.TestDataDetails@18dc17f, 16=com.java.Objects.TestDataDetails@26bb1a}
[INFO ][2015-12-22 18:05:31,460][com.java.TestType] [10274] - Looping 1TCID = 1
[DEBUG][2015-12-22 18:05:31,460][com.java.TestType] [10315] - Concept ID:1 :: Step being Executed: 1::5
[INFO ][2015-12-22 18:05:31,460][com.java.TestType] [10353] - dataFields : TTL
[DEBUG][2015-12-22 18:05:31,460][com.java.TestType] [10359] - <In Set values of the page>
[DEBUG][2015-12-22 18:05:31,460][com.java.TestType] [10364] - {Data Fields & Data Values Exist}
[INFO ][2015-12-22 18:05:31,460][com.java.TestType] [10370] - --------------------------setting values-----------------------------
[INFO ][2015-12-22 18:05:31,460][com.java.TestType] [10373] - Action Type : CLOSEWINDOW
[INFO ][2015-12-22 18:05:31,625][com.java.TestType] [10392] -  RESULT false
[INFO ][2015-12-22 18:05:31,625][com.java.TestType] [10430] - ?   F A I L   ?
[DEBUG][2015-12-22 18:05:31,625][com.java.TestType] [10433] - Browser Type : IE10
[INFO ][2015-12-22 18:05:31,628][com.java.SeleniumDriver] [  894] -  RESULT false
[INFO ][2015-12-22 18:05:31,629][com.java.SeleniumDriver] [  941] - ?   F A I L   ?
[INFO ][2015-12-22 18:05:31,629][com.java.SeleniumDriver] [  949] - Browser Type : IE10
[INFO ][2015-12-22 18:05:31,629][com.java.SeleniumDriver] [  950] - Adding Failed case17
[INFO ][2015-12-22 18:05:32,417][com.java.SeleniumDriver] [ 1064] - failedCases = 17
[ERROR][2015-12-22 18:05:32,417][com.java.SeleniumDriver] [ 1561] - Platform Errors : Our apologies...::We have encountered an issue with your request.::Our apologies?:We encountered an issue with your request.
[INFO ][2015-12-22 18:05:32,418][com.java.SeleniumDriver] [ 1565] - Length =3
[ERROR][2015-12-22 18:05:32,418][com.java.SeleniumDriver] [ 1568] - Error 0 = Our apologies...
[ERROR][2015-12-22 18:05:32,480][com.java.SeleniumDriver] [ 1568] - Error 1 = We have encountered an issue with your request.
[ERROR][2015-12-22 18:05:32,533][com.java.SeleniumDriver] [ 1568] - Error 2 = Our apologies?:We encountered an issue with your request.
[INFO ][2015-12-22 18:05:32,585][com.java.SeleniumDriver] [ 1579] - strError:
[DEBUG][2015-12-22 18:05:32,600][com.java.SeleniumDriver] [ 1212] - Case found
[DEBUG][2015-12-22 18:05:32,600][com.java.SeleniumDriver] [ 1217] - Incrementing ReportCounters[0]:1
[INFO ][2015-12-22 18:05:32,600][com.java.SeleniumDriver] [ 1236] - The results are-------------------[17, 34, BD-LOGIN: Disable Autocomplete HTML - No Save, Logout & Leave Browser Open, Fail, 
Test case failed at Step No. :: 34   Error Message ::  In CONCEPT: Test case failed at Step No. :: 5. Screen Shot : D:\BankersDashboard\TestReports\122215\17_122215_180531_IE10.png, Tue Dec 22 18:05:32 IST 2015]
[INFO ][2015-12-22 18:05:32,600][com.java.SeleniumDriver] [ 1240] - End time is-------7 min 37 sec
[INFO ][2015-12-22 18:05:32,600][com.java.SeleniumDriver] [ 1241] - The results are-------------------[17, 34, BD-LOGIN: Disable Autocomplete HTML - No Save, Logout & Leave Browser Open, Fail, 
Test case failed at Step No. :: 34   Error Message ::  In CONCEPT: Test case failed at Step No. :: 5. Screen Shot : D:\BankersDashboard\TestReports\122215\17_122215_180531_IE10.png, Tue Dec 22 18:05:32 IST 2015]
[DEBUG][2015-12-22 18:05:32,600][com.java.ImportnExport.ExportTestResultsExcel] [  222] - testResultPath = D:\BankersDashboard/TestReports/Test Results_BankersDashBoard_122215_175757_IE10_Bank of North Carolina.xls
[DEBUG][2015-12-22 18:05:32,600][com.java.ImportnExport.ExportTestResultsExcel] [  223] - browser is------------IE10
[DEBUG][2015-12-22 18:05:32,643][com.java.ImportnExport.ExportTestResultsExcel] [  270] - result.size() = 6
[DEBUG][2015-12-22 18:05:32,643][com.java.ImportnExport.ExportTestResultsExcel] [  274] - No of rows in sheet=1
[DEBUG][2015-12-22 18:05:32,643][com.java.ImportnExport.ExportTestResultsExcel] [  301] - ..in export..17
[DEBUG][2015-12-22 18:05:32,643][com.java.ImportnExport.ExportTestResultsExcel] [  301] - ..in export..BD-LOGIN: Disable Autocomplete HTML - No Save, Logout & Leave Browser Open
[DEBUG][2015-12-22 18:05:32,643][com.java.ImportnExport.ExportTestResultsExcel] [  301] - ..in export..Fail
[DEBUG][2015-12-22 18:05:32,643][com.java.ImportnExport.ExportTestResultsExcel] [  301] - ..in export..
Test case failed at Step No. :: 34   Error Message ::  In CONCEPT: Test case failed at Step No. :: 5. Screen Shot : D:\BankersDashboard\TestReports\122215\17_122215_180531_IE10.png
[DEBUG][2015-12-22 18:05:32,644][com.java.ImportnExport.ExportTestResultsExcel] [  301] - ..in export..Tue Dec 22 18:05:32 IST 2015
[INFO ][2015-12-22 18:05:32,645][com.java.SeleniumDriver] [ 1299] - out loop:0 size:1 TestCases:[17] testcases:[17]
[INFO ][2015-12-22 18:05:34,645][com.java.SeleniumDriver] [ 1342] - Total Number of Cases:1
[INFO ][2015-12-22 18:05:34,645][com.java.TemplateGenerator] [  302] - Executed:1
[INFO ][2015-12-22 18:05:34,645][com.java.TemplateGenerator] [  303] - Passed:0
[INFO ][2015-12-22 18:05:34,645][com.java.TemplateGenerator] [  304] - Failed:1
[INFO ][2015-12-22 18:05:34,645][com.java.TemplateGenerator] [  305] - Skipeed:0
[INFO ][2015-12-22 18:05:34,645][com.java.TemplateGenerator] [  306] - Application URL:https://clients-xuat.bankersdashboard.com
[INFO ][2015-12-22 18:05:34,645][com.java.TemplateGenerator] [  307] - Start Time:122215_175757
[INFO ][2015-12-22 18:05:34,645][com.java.TemplateGenerator] [  308] -  Creating HTML Report 
[ERROR][2015-12-22 18:05:34,646][com.java.TemplateGenerator] [  409] - Unparseable date: "Tue Dec 22 05:57:57 IST 2015"
[INFO ][2015-12-22 18:05:34,646][com.java.TemplateGenerator] [  654] -  Exporting case :: 17
[INFO ][2015-12-22 18:05:34,652][com.java.SeleniumDriver] [ 1391] - End Time:122215_180534
[INFO ][2015-12-22 18:05:34,652][com.java.SeleniumDriver] [ 1394] - Data in Test Execution Details:{17=FAILTest case failed at Step No. :: 34   Error Message ::  In CONCEPT: Test case failed at Step No. :: 5}
[INFO ][2015-12-22 18:05:34,652][com.java.SeleniumDriver] [ 1395] - Data in Failed Execution Deatils:{}
[INFO ][2015-12-22 18:05:34,653][com.java.SeleniumDriver] [ 1397] - ReportCounter:Total:1 :: PASS: 0 ::FAIL: 1
[INFO ][2015-12-22 18:05:34,653][com.java.SeleniumDriver] [ 1398] - FailedReportCounter:Total:0 :: PASS: 0 ::FAIL: 0
[INFO ][2015-12-22 18:05:34,659][com.java.EmailTestReport] [   63] - Sending report mail details:
[INFO ][2015-12-22 18:05:34,659][com.java.EmailTestReport] [   80] - Excel Report Path:D:\BankersDashboard/TestReports/Test Results_BankersDashBoard_122215_175757_IE10_Bank of North Carolina.xls
[INFO ][2015-12-22 18:05:34,659][com.java.EmailTestReport] [   81] - HTML Report Path:D:\BankersDashboard//TestReports//Test Results_BankersDashBoard_122215_175757_IE10_Bank of North Carolina.html
[INFO ][2015-12-22 18:05:34,659][com.java.EmailTestReport] [   82] - smtpHostName:mail01.valuelabs.com
[INFO ][2015-12-22 18:05:34,659][com.java.EmailTestReport] [   83] - Recipient:venkateswararao.gubbala@valuelabs.com;
[INFO ][2015-12-22 18:05:34,659][com.java.EmailTestReport] [   84] - From:venkateswararao.gubbala@valuelabs.com;
[INFO ][2015-12-22 18:05:34,659][com.java.EmailTestReport] [   85] - Subject:Deluxe Corp Bankers Dashboard Automation Test Report - Bank of North Carolina - IE10
[INFO ][2015-12-22 18:05:34,676][com.java.EmailTestReport] [  143] -  Added venkateswararao.gubbala@valuelabs.com
[INFO ][2015-12-22 18:05:38,053][com.java.SeleniumDriver] [  720] - quitting the browser 
[INFO ][2015-12-22 18:05:39,825][com.java.SeleniumDriver] [  264] - Execution Completed Stopping the thread
