[INFO ][2016-02-09 22:26:41,807][com.java.SeleniumDriver] [  213] - Execute Failed Casesfalse
[INFO ][2016-02-09 22:26:41,807][com.java.SeleniumDriver] [  214] - Browser: IE10
[INFO ][2016-02-09 22:26:41,807][com.java.SeleniumDriver] [  215] - [1, 8, 9]
[INFO ][2016-02-09 22:26:41,807][com.java.SeleniumDriver] [  216] - Total TestCases:3
[INFO ][2016-02-09 22:26:41,807][com.java.SeleniumDriver] [  217] -  Reading Properties from Property File 
[DEBUG][2016-02-09 22:26:41,808][com.java.SeleniumDriver] [  238] - url : https://clients-xuat.bankersdashboard.com
[INFO ][2016-02-09 22:26:41,809][com.java.ImportnExport.ExportTestResultsExcel] [  116] - Time Stamp Tue Feb 09 10:26:41 IST 2016
[INFO ][2016-02-09 22:26:41,809][com.java.ImportnExport.ExportTestResultsExcel] [  175] - OUT FILE : D:\BankersDashboard/TestReports/Test Results_BankersDashBoard_020916_222641_IE10_Any Bank USA.xls
[INFO ][2016-02-09 22:26:41,838][com.java.ImportnExport.ExportTestResultsExcel] [  180] - Test Result file is created
[DEBUG][2016-02-09 22:26:41,925][com.java.SeleniumDriver] [  426] - Hub ip address is-------172.17.68.34
[INFO ][2016-02-09 22:26:41,926][com.java.SeleniumDriver] [  452] - Grid URL:http://172.17.68.34:4444/wd/hub
[INFO ][2016-02-09 22:26:41,926][com.java.SeleniumDriver] [  453] - Capability:Capabilities [{platform=ANY, ensureCleanSession=true, ignoreProtectedModeSettings=true, acceptSslCerts=true, ignoreZoomSetting=true, browserName=internet explorer, browserstack.ie.noFlash=true, version=null}]
[ERROR][2016-02-09 22:26:43,262][com.java.SeleniumDriver] [  498] - Unable invoke browser in grid:Could not start a new session. Possible causes are invalid address of the remote server or browser start-up failure.
Build info: version: '2.48.2', revision: '41bccdd', time: '2015-10-09 19:59:12'
System info: host: 'FVTIII438F1D', ip: '172.17.68.34', os.name: 'Windows 7', os.arch: 'x86', os.version: '6.1', java.version: '1.7.0_55'
Driver info: driver.version: SeleniumDriver
[INFO ][2016-02-09 22:26:43,262][com.java.SeleniumDriver] [  500] - Executing on local machine
[INFO ][2016-02-09 22:26:53,126][com.java.SeleniumDriver] [  248] - IE10is opened
[INFO ][2016-02-09 22:26:53,977][com.java.SeleniumDriver] [  756] - Test cases to be executed are: [1, 8, 9]
[INFO ][2016-02-09 22:26:54,002][com.java.ImportnExport.ImportTestDataDetailsExcel] [   49] - test data details path===== D:\BankersDashboard\TestInputs\TestData.xls
[INFO ][2016-02-09 22:26:54,078][com.java.SeleniumDriver] [  856] - ------------------------------------------
[INFO ][2016-02-09 22:26:54,078][com.java.SeleniumDriver] [  857] - Test case being Executed: 1
[INFO ][2016-02-09 22:26:54,078][com.java.SeleniumDriver] [  869] - Test step:1
[INFO ][2016-02-09 22:26:54,078][com.java.SeleniumDriver] [  881] - Datavalue is----------Concept#1:1-16
[INFO ][2016-02-09 22:26:54,078][com.java.SeleniumDriver] [  905] - DataField : test
[INFO ][2016-02-09 22:26:54,079][com.java.SeleniumDriver] [  907] - DataValue : Concept#1:1-16
[INFO ][2016-02-09 22:26:54,079][com.java.SeleniumDriver] [  913] - <In Set values of the page>
[INFO ][2016-02-09 22:26:54,079][com.java.SeleniumDriver] [  916] - {Data Fields & Data Values Exist}
[INFO ][2016-02-09 22:26:54,079][com.java.SeleniumDriver] [  918] - --------------------------setting values-----------------------------
[INFO ][2016-02-09 22:26:54,079][com.java.SeleniumDriver] [  921] - Action Type : ExecuteTestCase
[INFO ][2016-02-09 22:26:54,098][com.java.TestType] [  448] - The Concept sheet name is ---------- Concept
[INFO ][2016-02-09 22:26:54,098][com.java.TestType] [  451] - The Concept ID  is ---------- 1
[DEBUG][2016-02-09 22:26:54,099][com.java.TestType] [  455] - Steps being executted in the Concept are: 1:16
[INFO ][2016-02-09 22:26:54,099][com.java.TestType] [  462] - Test data details path ---------- D:\BankersDashboard\TestInputs\TestData.xls
[INFO ][2016-02-09 22:26:54,119][com.java.TestType] [  493] -  str(1) = 1
[INFO ][2016-02-09 22:26:54,120][com.java.TestType] [  496] - Test case Id is---1
[INFO ][2016-02-09 22:26:54,120][com.java.TestType] [  498] - 1
[INFO ][2016-02-09 22:26:54,120][com.java.TestType] [  493] -  str(2) = 1
[INFO ][2016-02-09 22:26:54,124][com.java.TestType] [  493] -  str(1) = 1
[INFO ][2016-02-09 22:26:54,124][com.java.TestType] [  496] - Test case Id is---1
[INFO ][2016-02-09 22:26:54,124][com.java.TestType] [  498] - 1
[INFO ][2016-02-09 22:26:54,124][com.java.TestType] [  493] -  str(2) = 2
[INFO ][2016-02-09 22:26:54,126][com.java.TestType] [  493] -  str(1) = 1
[INFO ][2016-02-09 22:26:54,126][com.java.TestType] [  496] - Test case Id is---1
[INFO ][2016-02-09 22:26:54,126][com.java.TestType] [  498] - 1
[INFO ][2016-02-09 22:26:54,126][com.java.TestType] [  493] -  str(2) = 3
[INFO ][2016-02-09 22:26:54,127][com.java.TestType] [  493] -  str(1) = 1
[INFO ][2016-02-09 22:26:54,128][com.java.TestType] [  496] - Test case Id is---1
[INFO ][2016-02-09 22:26:54,128][com.java.TestType] [  498] - 1
[INFO ][2016-02-09 22:26:54,128][com.java.TestType] [  493] -  str(2) = 4
[INFO ][2016-02-09 22:26:54,129][com.java.TestType] [  493] -  str(1) = 1
[INFO ][2016-02-09 22:26:54,129][com.java.TestType] [  496] - Test case Id is---1
[INFO ][2016-02-09 22:26:54,129][com.java.TestType] [  498] - 1
[INFO ][2016-02-09 22:26:54,129][com.java.TestType] [  493] -  str(2) = 5
[INFO ][2016-02-09 22:26:54,131][com.java.TestType] [  493] -  str(1) = 1
[INFO ][2016-02-09 22:26:54,131][com.java.TestType] [  496] - Test case Id is---1
[INFO ][2016-02-09 22:26:54,131][com.java.TestType] [  498] - 1
[INFO ][2016-02-09 22:26:54,131][com.java.TestType] [  493] -  str(2) = 6
[INFO ][2016-02-09 22:26:54,132][com.java.TestType] [  493] -  str(1) = 1
[INFO ][2016-02-09 22:26:54,132][com.java.TestType] [  496] - Test case Id is---1
[INFO ][2016-02-09 22:26:54,132][com.java.TestType] [  498] - 1
[INFO ][2016-02-09 22:26:54,132][com.java.TestType] [  493] -  str(2) = 7
[INFO ][2016-02-09 22:26:54,135][com.java.TestType] [  493] -  str(1) = 1
[INFO ][2016-02-09 22:26:54,135][com.java.TestType] [  496] - Test case Id is---1
[INFO ][2016-02-09 22:26:54,135][com.java.TestType] [  498] - 1
[INFO ][2016-02-09 22:26:54,135][com.java.TestType] [  493] -  str(2) = 8
[INFO ][2016-02-09 22:26:54,136][com.java.TestType] [  493] -  str(1) = 1
[INFO ][2016-02-09 22:26:54,136][com.java.TestType] [  496] - Test case Id is---1
[INFO ][2016-02-09 22:26:54,136][com.java.TestType] [  498] - 1
[INFO ][2016-02-09 22:26:54,136][com.java.TestType] [  493] -  str(2) = 9
[INFO ][2016-02-09 22:26:54,137][com.java.TestType] [  493] -  str(1) = 1
[INFO ][2016-02-09 22:26:54,137][com.java.TestType] [  496] - Test case Id is---1
[INFO ][2016-02-09 22:26:54,137][com.java.TestType] [  498] - 1
[INFO ][2016-02-09 22:26:54,137][com.java.TestType] [  493] -  str(2) = 10
[INFO ][2016-02-09 22:26:54,138][com.java.TestType] [  493] -  str(1) = 1
[INFO ][2016-02-09 22:26:54,138][com.java.TestType] [  496] - Test case Id is---1
[INFO ][2016-02-09 22:26:54,138][com.java.TestType] [  498] - 1
[INFO ][2016-02-09 22:26:54,138][com.java.TestType] [  493] -  str(2) = 11
[INFO ][2016-02-09 22:26:54,139][com.java.TestType] [  493] -  str(1) = 1
[INFO ][2016-02-09 22:26:54,139][com.java.TestType] [  496] - Test case Id is---1
[INFO ][2016-02-09 22:26:54,139][com.java.TestType] [  498] - 1
[INFO ][2016-02-09 22:26:54,139][com.java.TestType] [  493] -  str(2) = 12
[INFO ][2016-02-09 22:26:54,140][com.java.TestType] [  493] -  str(1) = 1
[INFO ][2016-02-09 22:26:54,140][com.java.TestType] [  496] - Test case Id is---1
[INFO ][2016-02-09 22:26:54,141][com.java.TestType] [  498] - 1
[INFO ][2016-02-09 22:26:54,141][com.java.TestType] [  493] -  str(2) = 13
[INFO ][2016-02-09 22:26:54,141][com.java.TestType] [  493] -  str(1) = 1
[INFO ][2016-02-09 22:26:54,141][com.java.TestType] [  496] - Test case Id is---1
[INFO ][2016-02-09 22:26:54,142][com.java.TestType] [  498] - 1
[INFO ][2016-02-09 22:26:54,142][com.java.TestType] [  493] -  str(2) = 14
[INFO ][2016-02-09 22:26:54,143][com.java.TestType] [  493] -  str(1) = 1
[INFO ][2016-02-09 22:26:54,143][com.java.TestType] [  496] - Test case Id is---1
[INFO ][2016-02-09 22:26:54,143][com.java.TestType] [  498] - 1
[INFO ][2016-02-09 22:26:54,144][com.java.TestType] [  493] -  str(2) = 15
[INFO ][2016-02-09 22:26:54,144][com.java.TestType] [  493] -  str(1) = 1
[INFO ][2016-02-09 22:26:54,144][com.java.TestType] [  496] - Test case Id is---1
[INFO ][2016-02-09 22:26:54,144][com.java.TestType] [  498] - 1
[INFO ][2016-02-09 22:26:54,144][com.java.TestType] [  493] -  str(2) = 16
[INFO ][2016-02-09 22:26:54,145][com.java.TestType] [12138] - Looping 1TCID = 1
[DEBUG][2016-02-09 22:26:54,145][com.java.TestType] [12179] - Concept ID:1 :: Step being Executed: 1::1
[INFO ][2016-02-09 22:26:54,145][com.java.TestType] [12217] - dataFields : TXTusername
[DEBUG][2016-02-09 22:26:54,145][com.java.TestType] [12223] - <In Set values of the page>
[DEBUG][2016-02-09 22:26:54,146][com.java.TestType] [12228] - {Data Fields & Data Values Exist}
[INFO ][2016-02-09 22:26:54,146][com.java.TestType] [12234] - --------------------------setting values-----------------------------
[INFO ][2016-02-09 22:26:54,146][com.java.TestType] [12237] - Action Type : CLEARANDENTER
[INFO ][2016-02-09 22:26:56,444][com.java.TestType] [ 6752] - value = naresh.nayini1.00000
[INFO ][2016-02-09 22:26:58,836][com.java.TestType] [12256] -  RESULT true
[INFO ][2016-02-09 22:26:58,836][com.java.TestType] [12373] - ?   P A S S   ?
[DEBUG][2016-02-09 22:26:58,836][com.java.TestType] [12179] - Concept ID:1 :: Step being Executed: 1::2
[INFO ][2016-02-09 22:26:58,836][com.java.TestType] [12217] - dataFields : TXTpassword
[DEBUG][2016-02-09 22:26:58,836][com.java.TestType] [12223] - <In Set values of the page>
[DEBUG][2016-02-09 22:26:58,837][com.java.TestType] [12228] - {Data Fields & Data Values Exist}
[INFO ][2016-02-09 22:26:58,838][com.java.TestType] [12234] - --------------------------setting values-----------------------------
[INFO ][2016-02-09 22:26:58,838][com.java.TestType] [12237] - Action Type : CLEARANDENTER
[INFO ][2016-02-09 22:27:01,104][com.java.TestType] [ 6752] - value = Password1*
[INFO ][2016-02-09 22:27:03,625][com.java.TestType] [12256] -  RESULT true
[INFO ][2016-02-09 22:27:03,625][com.java.TestType] [12373] - ?   P A S S   ?
[DEBUG][2016-02-09 22:27:03,625][com.java.TestType] [12179] - Concept ID:1 :: Step being Executed: 1::3
[ERROR][2016-02-09 22:27:03,625][com.java.TestType] [12212] - Exception: null
[INFO ][2016-02-09 22:27:03,625][com.java.TestType] [12217] - dataFields : XPH//button[@type='submit']
[DEBUG][2016-02-09 22:27:03,626][com.java.TestType] [12223] - <In Set values of the page>
[DEBUG][2016-02-09 22:27:03,626][com.java.TestType] [12228] - {Data Fields & Data Values Exist}
[INFO ][2016-02-09 22:27:03,626][com.java.TestType] [12234] - --------------------------setting values-----------------------------
[INFO ][2016-02-09 22:27:03,626][com.java.TestType] [12237] - Action Type : Click
[INFO ][2016-02-09 22:27:03,626][com.java.TestType] [ 7153] - Field ::XPH//button[@type='submit']
[INFO ][2016-02-09 22:27:03,626][com.java.TestType] [ 6752] - value = 
[INFO ][2016-02-09 22:27:04,625][com.java.TestType] [ 7330] - BEFORE CLICK
[INFO ][2016-02-09 22:27:08,108][com.java.TestType] [ 7338] - Unable to click the object Login
[INFO ][2016-02-09 22:27:08,108][com.java.TestType] [12256] -  RESULT true
[INFO ][2016-02-09 22:27:08,108][com.java.TestType] [12373] - ?   P A S S   ?
[DEBUG][2016-02-09 22:27:08,108][com.java.TestType] [12179] - Concept ID:1 :: Step being Executed: 1::4
[INFO ][2016-02-09 22:27:08,108][com.java.TestType] [12217] - dataFields : LNKLogout
[DEBUG][2016-02-09 22:27:08,108][com.java.TestType] [12223] - <In Set values of the page>
[DEBUG][2016-02-09 22:27:08,108][com.java.TestType] [12228] - {Data Fields & Data Values Exist}
[INFO ][2016-02-09 22:27:08,108][com.java.TestType] [12234] - --------------------------setting values-----------------------------
[INFO ][2016-02-09 22:27:08,108][com.java.TestType] [12237] - Action Type : WaitForElement
[INFO ][2016-02-09 22:27:08,235][com.java.TestType] [12256] -  RESULT true
[INFO ][2016-02-09 22:27:08,235][com.java.TestType] [12373] - ?   P A S S   ?
[DEBUG][2016-02-09 22:27:08,235][com.java.TestType] [12179] - Concept ID:1 :: Step being Executed: 1::15
[INFO ][2016-02-09 22:27:08,236][com.java.TestType] [12217] - dataFields : LNK
[DEBUG][2016-02-09 22:27:08,236][com.java.TestType] [12223] - <In Set values of the page>
[DEBUG][2016-02-09 22:27:08,236][com.java.TestType] [12228] - {Data Fields & Data Values Exist}
[INFO ][2016-02-09 22:27:08,236][com.java.TestType] [12234] - --------------------------setting values-----------------------------
[INFO ][2016-02-09 22:27:08,236][com.java.TestType] [12237] - Action Type : Verify
[INFO ][2016-02-09 22:27:08,236][com.java.TestType] [ 8386] - field= LNK value= Logout
[INFO ][2016-02-09 22:27:08,237][com.java.TestType] [ 6752] - value = Logout
[INFO ][2016-02-09 22:27:08,274][com.java.TestType] [12256] -  RESULT true
[INFO ][2016-02-09 22:27:08,274][com.java.TestType] [12373] - ?   P A S S   ?
[DEBUG][2016-02-09 22:27:08,274][com.java.TestType] [12179] - Concept ID:1 :: Step being Executed: 1::16
[INFO ][2016-02-09 22:27:08,274][com.java.TestType] [12217] - dataFields : BTN
[DEBUG][2016-02-09 22:27:08,274][com.java.TestType] [12223] - <In Set values of the page>
[DEBUG][2016-02-09 22:27:08,274][com.java.TestType] [12228] - {Data Fields & Data Values Exist}
[INFO ][2016-02-09 22:27:08,274][com.java.TestType] [12234] - --------------------------setting values-----------------------------
[INFO ][2016-02-09 22:27:08,274][com.java.TestType] [12237] - Action Type : Verify
[INFO ][2016-02-09 22:27:08,275][com.java.TestType] [ 8386] - field= BTN value= //img[contains(@src,'bdlogo.jpg')]
[INFO ][2016-02-09 22:27:08,275][com.java.TestType] [ 6752] - value = //img[contains(@src,'bdlogo.jpg')]
[INFO ][2016-02-09 22:27:08,347][com.java.TestType] [12256] -  RESULT true
[INFO ][2016-02-09 22:27:08,347][com.java.TestType] [12373] - ?   P A S S   ?
[INFO ][2016-02-09 22:27:08,347][com.java.TestType] [12444] - Looping End......
[INFO ][2016-02-09 22:27:08,349][com.java.SeleniumDriver] [  930] -  RESULT true
[INFO ][2016-02-09 22:27:08,349][com.java.SeleniumDriver] [ 1136] - ?   P A S S   ?
[INFO ][2016-02-09 22:27:08,349][com.java.SeleniumDriver] [  856] - ------------------------------------------
[INFO ][2016-02-09 22:27:08,349][com.java.SeleniumDriver] [  857] - Test case being Executed: 1
[INFO ][2016-02-09 22:27:08,349][com.java.SeleniumDriver] [  869] - Test step:2
[INFO ][2016-02-09 22:27:08,349][com.java.SeleniumDriver] [  881] - Datavalue is----------Concept#2:1-2
[INFO ][2016-02-09 22:27:08,349][com.java.SeleniumDriver] [  905] - DataField : test
[INFO ][2016-02-09 22:27:08,349][com.java.SeleniumDriver] [  907] - DataValue : Concept#2:1-2
[INFO ][2016-02-09 22:27:08,349][com.java.SeleniumDriver] [  913] - <In Set values of the page>
[INFO ][2016-02-09 22:27:08,349][com.java.SeleniumDriver] [  916] - {Data Fields & Data Values Exist}
[INFO ][2016-02-09 22:27:08,350][com.java.SeleniumDriver] [  918] - --------------------------setting values-----------------------------
[INFO ][2016-02-09 22:27:08,350][com.java.SeleniumDriver] [  921] - Action Type : ExecuteTestCase
[INFO ][2016-02-09 22:27:08,352][com.java.TestType] [  448] - The Concept sheet name is ---------- Concept
[INFO ][2016-02-09 22:27:08,352][com.java.TestType] [  451] - The Concept ID  is ---------- 2
[DEBUG][2016-02-09 22:27:08,352][com.java.TestType] [  455] - Steps being executted in the Concept are: 1:2
[INFO ][2016-02-09 22:27:08,352][com.java.TestType] [  462] - Test data details path ---------- D:\BankersDashboard\TestInputs\TestData.xls
[INFO ][2016-02-09 22:27:08,369][com.java.TestType] [  493] -  str(1) = 2
[INFO ][2016-02-09 22:27:08,369][com.java.TestType] [  496] - Test case Id is---2
[INFO ][2016-02-09 22:27:08,369][com.java.TestType] [  498] - 2
[INFO ][2016-02-09 22:27:08,369][com.java.TestType] [  493] -  str(2) = 1
[INFO ][2016-02-09 22:27:08,371][com.java.TestType] [  493] -  str(1) = 2
[INFO ][2016-02-09 22:27:08,371][com.java.TestType] [  496] - Test case Id is---2
[INFO ][2016-02-09 22:27:08,371][com.java.TestType] [  498] - 2
[INFO ][2016-02-09 22:27:08,371][com.java.TestType] [  493] -  str(2) = 2
[INFO ][2016-02-09 22:27:08,372][com.java.TestType] [  493] -  str(1) = 2
[INFO ][2016-02-09 22:27:08,372][com.java.TestType] [  496] - Test case Id is---2
[INFO ][2016-02-09 22:27:08,372][com.java.TestType] [  498] - 2
[INFO ][2016-02-09 22:27:08,372][com.java.TestType] [  493] -  str(2) = 3
[INFO ][2016-02-09 22:27:08,373][com.java.TestType] [12138] - Looping 1TCID = 2
[DEBUG][2016-02-09 22:27:08,373][com.java.TestType] [12179] - Concept ID:2 :: Step being Executed: 2::1
[INFO ][2016-02-09 22:27:08,373][com.java.TestType] [12217] - dataFields : BNK//select[@id='bank']
[DEBUG][2016-02-09 22:27:08,373][com.java.TestType] [12223] - <In Set values of the page>
[DEBUG][2016-02-09 22:27:08,373][com.java.TestType] [12228] - {Data Fields & Data Values Exist}
[INFO ][2016-02-09 22:27:08,373][com.java.TestType] [12234] - --------------------------setting values-----------------------------
[INFO ][2016-02-09 22:27:08,373][com.java.TestType] [12237] - Action Type : Select
[INFO ][2016-02-09 22:27:08,373][com.java.TestType] [ 6752] - value = PFC
[INFO ][2016-02-09 22:27:08,618][com.java.TestType] [12256] -  RESULT true
[INFO ][2016-02-09 22:27:08,618][com.java.TestType] [12373] - ?   P A S S   ?
[DEBUG][2016-02-09 22:27:08,618][com.java.TestType] [12179] - Concept ID:2 :: Step being Executed: 2::2
[INFO ][2016-02-09 22:27:08,618][com.java.TestType] [12217] - dataFields : LNKLogout
[DEBUG][2016-02-09 22:27:08,618][com.java.TestType] [12223] - <In Set values of the page>
[DEBUG][2016-02-09 22:27:08,618][com.java.TestType] [12228] - {Data Fields & Data Values Exist}
[INFO ][2016-02-09 22:27:08,619][com.java.TestType] [12234] - --------------------------setting values-----------------------------
[INFO ][2016-02-09 22:27:08,619][com.java.TestType] [12237] - Action Type : WaitTime
[DEBUG][2016-02-09 22:27:08,619][com.java.TestType] [ 6561] - sleepTime: 5000
[INFO ][2016-02-09 22:27:13,617][com.java.TestType] [12256] -  RESULT true
[INFO ][2016-02-09 22:27:13,617][com.java.TestType] [12373] - ?   P A S S   ?
[INFO ][2016-02-09 22:27:13,617][com.java.TestType] [12444] - Looping End......
[INFO ][2016-02-09 22:27:13,618][com.java.SeleniumDriver] [  930] -  RESULT true
[INFO ][2016-02-09 22:27:13,618][com.java.SeleniumDriver] [ 1136] - ?   P A S S   ?
[INFO ][2016-02-09 22:27:13,618][com.java.SeleniumDriver] [  856] - ------------------------------------------
[INFO ][2016-02-09 22:27:13,619][com.java.SeleniumDriver] [  857] - Test case being Executed: 1
[INFO ][2016-02-09 22:27:13,619][com.java.SeleniumDriver] [  869] - Test step:3
[INFO ][2016-02-09 22:27:13,619][com.java.SeleniumDriver] [  881] - Datavalue is----------2
[INFO ][2016-02-09 22:27:13,619][com.java.SeleniumDriver] [  905] - DataField : XPH//button[contains(text(),'Add Content')]
[INFO ][2016-02-09 22:27:13,619][com.java.SeleniumDriver] [  907] - DataValue : 2
[INFO ][2016-02-09 22:27:13,619][com.java.SeleniumDriver] [  913] - <In Set values of the page>
[INFO ][2016-02-09 22:27:13,619][com.java.SeleniumDriver] [  916] - {Data Fields & Data Values Exist}
[INFO ][2016-02-09 22:27:13,619][com.java.SeleniumDriver] [  918] - --------------------------setting values-----------------------------
[INFO ][2016-02-09 22:27:13,619][com.java.SeleniumDriver] [  921] - Action Type : WAITFORELEMENT
[INFO ][2016-02-09 22:27:13,656][com.java.SeleniumDriver] [  930] -  RESULT true
[INFO ][2016-02-09 22:27:13,656][com.java.SeleniumDriver] [ 1136] - ?   P A S S   ?
[DEBUG][2016-02-09 22:27:13,656][com.java.SeleniumDriver] [ 1248] - Case found
[DEBUG][2016-02-09 22:27:13,656][com.java.SeleniumDriver] [ 1253] - Incrementing ReportCounters[0]:1
[INFO ][2016-02-09 22:27:13,656][com.java.SeleniumDriver] [ 1272] - The results are-------------------[1, 1, Valid Login, Pass, , Tue Feb 09 22:27:08 IST 2016, 1, 2, Valid Login, Pass, , Tue Feb 09 22:27:13 IST 2016, 1, 3, Valid Login, Pass, , Tue Feb 09 22:27:13 IST 2016]
[INFO ][2016-02-09 22:27:13,656][com.java.SeleniumDriver] [ 1276] - End time is-------34 sec
[INFO ][2016-02-09 22:27:13,657][com.java.SeleniumDriver] [ 1277] - The results are-------------------[1, 1, Valid Login, Pass, , Tue Feb 09 22:27:08 IST 2016, 1, 2, Valid Login, Pass, , Tue Feb 09 22:27:13 IST 2016, 1, 3, Valid Login, Pass, , Tue Feb 09 22:27:13 IST 2016]
[DEBUG][2016-02-09 22:27:13,657][com.java.ImportnExport.ExportTestResultsExcel] [  222] - testResultPath = D:\BankersDashboard/TestReports/Test Results_BankersDashBoard_020916_222641_IE10_Any Bank USA.xls
[DEBUG][2016-02-09 22:27:13,657][com.java.ImportnExport.ExportTestResultsExcel] [  223] - browser is------------IE10
[DEBUG][2016-02-09 22:27:13,703][com.java.ImportnExport.ExportTestResultsExcel] [  270] - result.size() = 18
[DEBUG][2016-02-09 22:27:13,703][com.java.ImportnExport.ExportTestResultsExcel] [  274] - No of rows in sheet=1
[DEBUG][2016-02-09 22:27:13,703][com.java.ImportnExport.ExportTestResultsExcel] [  301] - ..in export..1
[DEBUG][2016-02-09 22:27:13,704][com.java.ImportnExport.ExportTestResultsExcel] [  301] - ..in export..Valid Login
[DEBUG][2016-02-09 22:27:13,704][com.java.ImportnExport.ExportTestResultsExcel] [  301] - ..in export..Pass
[DEBUG][2016-02-09 22:27:13,704][com.java.ImportnExport.ExportTestResultsExcel] [  301] - ..in export..
[DEBUG][2016-02-09 22:27:13,704][com.java.ImportnExport.ExportTestResultsExcel] [  301] - ..in export..Tue Feb 09 22:27:08 IST 2016
[INFO ][2016-02-09 22:27:13,705][com.java.SeleniumDriver] [ 1337] - out loop:0 size:3 TestCases:[1, 8, 9] testcases:[1, 8, 9]
[INFO ][2016-02-09 22:27:13,705][com.java.ImportnExport.ImportTestDataDetailsExcel] [   49] - test data details path===== D:\BankersDashboard\TestInputs\TestData.xls
[INFO ][2016-02-09 22:27:30,267][com.java.SeleniumDriver] [  856] - ------------------------------------------
[INFO ][2016-02-09 22:27:30,267][com.java.SeleniumDriver] [  857] - Test case being Executed: 8
[INFO ][2016-02-09 22:27:30,267][com.java.SeleniumDriver] [  869] - Test step:1
[INFO ][2016-02-09 22:27:30,267][com.java.SeleniumDriver] [  881] - Datavalue is----------Logout
[INFO ][2016-02-09 22:27:30,267][com.java.SeleniumDriver] [  905] - DataField : BTN
[INFO ][2016-02-09 22:27:30,267][com.java.SeleniumDriver] [  907] - DataValue : Logout
[INFO ][2016-02-09 22:27:30,267][com.java.SeleniumDriver] [  913] - <In Set values of the page>
[INFO ][2016-02-09 22:27:30,267][com.java.SeleniumDriver] [  916] - {Data Fields & Data Values Exist}
[INFO ][2016-02-09 22:27:30,267][com.java.SeleniumDriver] [  918] - --------------------------setting values-----------------------------
[INFO ][2016-02-09 22:27:30,267][com.java.SeleniumDriver] [  921] - Action Type : Verify
[INFO ][2016-02-09 22:27:30,267][com.java.TestType] [ 8386] - field= BTN value= Logout
[INFO ][2016-02-09 22:27:30,267][com.java.TestType] [ 6752] - value = Logout
[INFO ][2016-02-09 22:27:30,348][com.java.SeleniumDriver] [  930] -  RESULT true
[INFO ][2016-02-09 22:27:30,348][com.java.SeleniumDriver] [ 1136] - ?   P A S S   ?
[INFO ][2016-02-09 22:27:30,348][com.java.SeleniumDriver] [ 1178] - step change to 3
[INFO ][2016-02-09 22:27:30,348][com.java.SeleniumDriver] [  856] - ------------------------------------------
[INFO ][2016-02-09 22:27:30,348][com.java.SeleniumDriver] [  857] - Test case being Executed: 8
[INFO ][2016-02-09 22:27:30,348][com.java.SeleniumDriver] [  869] - Test step:3
[INFO ][2016-02-09 22:27:30,349][com.java.SeleniumDriver] [  881] - Datavalue is----------Concept#2:1-3
[INFO ][2016-02-09 22:27:30,349][com.java.SeleniumDriver] [  905] - DataField : test
[INFO ][2016-02-09 22:27:30,349][com.java.SeleniumDriver] [  907] - DataValue : Concept#2:1-3
[INFO ][2016-02-09 22:27:30,349][com.java.SeleniumDriver] [  913] - <In Set values of the page>
[INFO ][2016-02-09 22:27:30,349][com.java.SeleniumDriver] [  916] - {Data Fields & Data Values Exist}
[INFO ][2016-02-09 22:27:30,349][com.java.SeleniumDriver] [  918] - --------------------------setting values-----------------------------
[INFO ][2016-02-09 22:27:30,349][com.java.SeleniumDriver] [  921] - Action Type : ExecuteTestCase
[INFO ][2016-02-09 22:27:30,349][com.java.TestType] [  448] - The Concept sheet name is ---------- Concept
[INFO ][2016-02-09 22:27:30,349][com.java.TestType] [  451] - The Concept ID  is ---------- 2
[DEBUG][2016-02-09 22:27:30,349][com.java.TestType] [  455] - Steps being executted in the Concept are: 1:3
[INFO ][2016-02-09 22:27:30,349][com.java.TestType] [  462] - Test data details path ---------- D:\BankersDashboard\TestInputs\TestData.xls
[INFO ][2016-02-09 22:27:30,366][com.java.TestType] [  493] -  str(1) = 2
[INFO ][2016-02-09 22:27:30,366][com.java.TestType] [  496] - Test case Id is---2
[INFO ][2016-02-09 22:27:30,366][com.java.TestType] [  498] - 2
[INFO ][2016-02-09 22:27:30,367][com.java.TestType] [  493] -  str(2) = 1
[INFO ][2016-02-09 22:27:30,369][com.java.TestType] [  493] -  str(1) = 2
[INFO ][2016-02-09 22:27:30,369][com.java.TestType] [  496] - Test case Id is---2
[INFO ][2016-02-09 22:27:30,369][com.java.TestType] [  498] - 2
[INFO ][2016-02-09 22:27:30,369][com.java.TestType] [  493] -  str(2) = 2
[INFO ][2016-02-09 22:27:30,369][com.java.TestType] [  493] -  str(1) = 2
[INFO ][2016-02-09 22:27:30,369][com.java.TestType] [  496] - Test case Id is---2
[INFO ][2016-02-09 22:27:30,370][com.java.TestType] [  498] - 2
[INFO ][2016-02-09 22:27:30,370][com.java.TestType] [  493] -  str(2) = 3
[INFO ][2016-02-09 22:27:30,370][com.java.TestType] [12138] - Looping 1TCID = 2
[DEBUG][2016-02-09 22:27:30,370][com.java.TestType] [12179] - Concept ID:2 :: Step being Executed: 2::1
[INFO ][2016-02-09 22:27:30,370][com.java.TestType] [12217] - dataFields : BNK//select[@id='bank']
[DEBUG][2016-02-09 22:27:30,371][com.java.TestType] [12223] - <In Set values of the page>
[DEBUG][2016-02-09 22:27:30,371][com.java.TestType] [12228] - {Data Fields & Data Values Exist}
[INFO ][2016-02-09 22:27:30,371][com.java.TestType] [12234] - --------------------------setting values-----------------------------
[INFO ][2016-02-09 22:27:30,371][com.java.TestType] [12237] - Action Type : Select
[INFO ][2016-02-09 22:27:30,371][com.java.TestType] [ 6752] - value = PFC
[INFO ][2016-02-09 22:27:30,610][com.java.TestType] [12256] -  RESULT true
[INFO ][2016-02-09 22:27:30,611][com.java.TestType] [12373] - ?   P A S S   ?
[DEBUG][2016-02-09 22:27:30,611][com.java.TestType] [12179] - Concept ID:2 :: Step being Executed: 2::2
[INFO ][2016-02-09 22:27:30,611][com.java.TestType] [12217] - dataFields : LNKLogout
[DEBUG][2016-02-09 22:27:30,611][com.java.TestType] [12223] - <In Set values of the page>
[DEBUG][2016-02-09 22:27:30,611][com.java.TestType] [12228] - {Data Fields & Data Values Exist}
[INFO ][2016-02-09 22:27:30,611][com.java.TestType] [12234] - --------------------------setting values-----------------------------
[INFO ][2016-02-09 22:27:30,611][com.java.TestType] [12237] - Action Type : WaitTime
[DEBUG][2016-02-09 22:27:30,611][com.java.TestType] [ 6561] - sleepTime: 5000
[INFO ][2016-02-09 22:27:35,609][com.java.TestType] [12256] -  RESULT true
[INFO ][2016-02-09 22:27:35,609][com.java.TestType] [12373] - ?   P A S S   ?
[DEBUG][2016-02-09 22:27:35,609][com.java.TestType] [12179] - Concept ID:2 :: Step being Executed: 2::3
[INFO ][2016-02-09 22:27:35,609][com.java.TestType] [12217] - dataFields : LNKLogout
[DEBUG][2016-02-09 22:27:35,609][com.java.TestType] [12223] - <In Set values of the page>
[DEBUG][2016-02-09 22:27:35,609][com.java.TestType] [12228] - {Data Fields & Data Values Exist}
[INFO ][2016-02-09 22:27:35,609][com.java.TestType] [12234] - --------------------------setting values-----------------------------
[INFO ][2016-02-09 22:27:35,609][com.java.TestType] [12237] - Action Type : WaitForElement
[INFO ][2016-02-09 22:27:35,645][com.java.TestType] [12256] -  RESULT true
[INFO ][2016-02-09 22:27:35,645][com.java.TestType] [12373] - ?   P A S S   ?
[INFO ][2016-02-09 22:27:35,645][com.java.TestType] [12444] - Looping End......
[INFO ][2016-02-09 22:27:35,647][com.java.SeleniumDriver] [  930] -  RESULT true
[INFO ][2016-02-09 22:27:35,647][com.java.SeleniumDriver] [ 1136] - ?   P A S S   ?
[INFO ][2016-02-09 22:27:35,647][com.java.SeleniumDriver] [  856] - ------------------------------------------
[INFO ][2016-02-09 22:27:35,647][com.java.SeleniumDriver] [  857] - Test case being Executed: 8
[INFO ][2016-02-09 22:27:35,647][com.java.SeleniumDriver] [  869] - Test step:4
[INFO ][2016-02-09 22:27:35,647][com.java.SeleniumDriver] [  881] - Datavalue is----------Concept#12:1-11
[INFO ][2016-02-09 22:27:35,647][com.java.SeleniumDriver] [  905] - DataField : test
[INFO ][2016-02-09 22:27:35,647][com.java.SeleniumDriver] [  907] - DataValue : Concept#12:1-11
[INFO ][2016-02-09 22:27:35,647][com.java.SeleniumDriver] [  913] - <In Set values of the page>
[INFO ][2016-02-09 22:27:35,647][com.java.SeleniumDriver] [  916] - {Data Fields & Data Values Exist}
[INFO ][2016-02-09 22:27:35,647][com.java.SeleniumDriver] [  918] - --------------------------setting values-----------------------------
[INFO ][2016-02-09 22:27:35,647][com.java.SeleniumDriver] [  921] - Action Type : ExecuteTestCase
[INFO ][2016-02-09 22:27:35,648][com.java.TestType] [  448] - The Concept sheet name is ---------- Concept
[INFO ][2016-02-09 22:27:35,648][com.java.TestType] [  451] - The Concept ID  is ---------- 12
[DEBUG][2016-02-09 22:27:35,648][com.java.TestType] [  455] - Steps being executted in the Concept are: 1:11
[INFO ][2016-02-09 22:27:35,648][com.java.TestType] [  462] - Test data details path ---------- D:\BankersDashboard\TestInputs\TestData.xls
[INFO ][2016-02-09 22:27:35,668][com.java.TestType] [  493] -  str(1) = 12
[INFO ][2016-02-09 22:27:35,668][com.java.TestType] [  496] - Test case Id is---12
[INFO ][2016-02-09 22:27:35,668][com.java.TestType] [  498] - 12
[INFO ][2016-02-09 22:27:35,668][com.java.TestType] [  493] -  str(2) = 1
[INFO ][2016-02-09 22:27:35,670][com.java.TestType] [  493] -  str(1) = 12
[INFO ][2016-02-09 22:27:35,670][com.java.TestType] [  496] - Test case Id is---12
[INFO ][2016-02-09 22:27:35,670][com.java.TestType] [  498] - 12
[INFO ][2016-02-09 22:27:35,670][com.java.TestType] [  493] -  str(2) = 2
[INFO ][2016-02-09 22:27:35,670][com.java.TestType] [  493] -  str(1) = 12
[INFO ][2016-02-09 22:27:35,670][com.java.TestType] [  496] - Test case Id is---12
[INFO ][2016-02-09 22:27:35,671][com.java.TestType] [  498] - 12
[INFO ][2016-02-09 22:27:35,671][com.java.TestType] [  493] -  str(2) = 3
[INFO ][2016-02-09 22:27:35,671][com.java.TestType] [  493] -  str(1) = 12
[INFO ][2016-02-09 22:27:35,671][com.java.TestType] [  496] - Test case Id is---12
[INFO ][2016-02-09 22:27:35,671][com.java.TestType] [  498] - 12
[INFO ][2016-02-09 22:27:35,671][com.java.TestType] [  493] -  str(2) = 4
[INFO ][2016-02-09 22:27:35,672][com.java.TestType] [  493] -  str(1) = 12
[INFO ][2016-02-09 22:27:35,672][com.java.TestType] [  496] - Test case Id is---12
[INFO ][2016-02-09 22:27:35,672][com.java.TestType] [  498] - 12
[INFO ][2016-02-09 22:27:35,672][com.java.TestType] [  493] -  str(2) = 5
[INFO ][2016-02-09 22:27:35,673][com.java.TestType] [  493] -  str(1) = 12
[INFO ][2016-02-09 22:27:35,673][com.java.TestType] [  496] - Test case Id is---12
[INFO ][2016-02-09 22:27:35,673][com.java.TestType] [  498] - 12
[INFO ][2016-02-09 22:27:35,673][com.java.TestType] [  493] -  str(2) = 6
[INFO ][2016-02-09 22:27:35,674][com.java.TestType] [  493] -  str(1) = 12
[INFO ][2016-02-09 22:27:35,674][com.java.TestType] [  496] - Test case Id is---12
[INFO ][2016-02-09 22:27:35,674][com.java.TestType] [  498] - 12
[INFO ][2016-02-09 22:27:35,674][com.java.TestType] [  493] -  str(2) = 7
[INFO ][2016-02-09 22:27:35,675][com.java.TestType] [  493] -  str(1) = 12
[INFO ][2016-02-09 22:27:35,675][com.java.TestType] [  496] - Test case Id is---12
[INFO ][2016-02-09 22:27:35,675][com.java.TestType] [  498] - 12
[INFO ][2016-02-09 22:27:35,675][com.java.TestType] [  493] -  str(2) = 8
[INFO ][2016-02-09 22:27:35,676][com.java.TestType] [  493] -  str(1) = 12
[INFO ][2016-02-09 22:27:35,676][com.java.TestType] [  496] - Test case Id is---12
[INFO ][2016-02-09 22:27:35,676][com.java.TestType] [  498] - 12
[INFO ][2016-02-09 22:27:35,676][com.java.TestType] [  493] -  str(2) = 9
[INFO ][2016-02-09 22:27:35,677][com.java.TestType] [  493] -  str(1) = 12
[INFO ][2016-02-09 22:27:35,677][com.java.TestType] [  496] - Test case Id is---12
[INFO ][2016-02-09 22:27:35,677][com.java.TestType] [  498] - 12
[INFO ][2016-02-09 22:27:35,677][com.java.TestType] [  493] -  str(2) = 10
[INFO ][2016-02-09 22:27:35,678][com.java.TestType] [  493] -  str(1) = 12
[INFO ][2016-02-09 22:27:35,678][com.java.TestType] [  496] - Test case Id is---12
[INFO ][2016-02-09 22:27:35,678][com.java.TestType] [  498] - 12
[INFO ][2016-02-09 22:27:35,678][com.java.TestType] [  493] -  str(2) = 11
[INFO ][2016-02-09 22:27:35,679][com.java.TestType] [12138] - Looping 1TCID = 12
[DEBUG][2016-02-09 22:27:35,679][com.java.TestType] [12179] - Concept ID:12 :: Step being Executed: 12::1
[ERROR][2016-02-09 22:27:35,679][com.java.TestType] [12212] - Exception: null
[INFO ][2016-02-09 22:27:35,679][com.java.TestType] [12217] - dataFields : BTNparent
[DEBUG][2016-02-09 22:27:35,679][com.java.TestType] [12223] - <In Set values of the page>
[DEBUG][2016-02-09 22:27:35,679][com.java.TestType] [12228] - {Data Fields & Data Values Exist}
[INFO ][2016-02-09 22:27:35,679][com.java.TestType] [12234] - --------------------------setting values-----------------------------
[INFO ][2016-02-09 22:27:35,679][com.java.TestType] [12237] - Action Type : SELECTFRAME
[INFO ][2016-02-09 22:27:35,695][com.java.TestType] [12256] -  RESULT true
[INFO ][2016-02-09 22:27:35,695][com.java.TestType] [12373] - ?   P A S S   ?
[DEBUG][2016-02-09 22:27:35,695][com.java.TestType] [12179] - Concept ID:12 :: Step being Executed: 12::2
[INFO ][2016-02-09 22:27:35,695][com.java.TestType] [12217] - dataFields : test
[DEBUG][2016-02-09 22:27:35,695][com.java.TestType] [12223] - <In Set values of the page>
[DEBUG][2016-02-09 22:27:35,695][com.java.TestType] [12228] - {Data Fields & Data Values Exist}
[INFO ][2016-02-09 22:27:35,695][com.java.TestType] [12234] - --------------------------setting values-----------------------------
[INFO ][2016-02-09 22:27:35,696][com.java.TestType] [12237] - Action Type : OPENURL
[INFO ][2016-02-09 22:27:35,696][com.java.TestType] [ 6752] - value = https://clients-xuat.bankersdashboard.com
[INFO ][2016-02-09 22:27:35,696][com.java.TestType] [  364] - Open URL : https://clients-xuat.bankersdashboard.com
[INFO ][2016-02-09 22:27:38,480][com.java.TestType] [12256] -  RESULT true
[INFO ][2016-02-09 22:27:38,480][com.java.TestType] [12373] - ?   P A S S   ?
[DEBUG][2016-02-09 22:27:38,480][com.java.TestType] [12179] - Concept ID:12 :: Step being Executed: 12::3
[ERROR][2016-02-09 22:27:38,480][com.java.TestType] [12212] - Exception: null
[INFO ][2016-02-09 22:27:38,480][com.java.TestType] [12217] - dataFields : //span[@class='icon-cog2']&&//a[@data-id="UserSettings"]
[DEBUG][2016-02-09 22:27:38,480][com.java.TestType] [12223] - <In Set values of the page>
[DEBUG][2016-02-09 22:27:38,480][com.java.TestType] [12228] - {Data Fields & Data Values Exist}
[INFO ][2016-02-09 22:27:38,481][com.java.TestType] [12234] - --------------------------setting values-----------------------------
[INFO ][2016-02-09 22:27:38,481][com.java.TestType] [12237] - Action Type : MOUSEOVER
[INFO ][2016-02-09 22:28:19,464][com.java.TestType] [12256] -  RESULT true
[INFO ][2016-02-09 22:28:19,465][com.java.TestType] [12373] - ?   P A S S   ?
[DEBUG][2016-02-09 22:28:19,465][com.java.TestType] [12179] - Concept ID:12 :: Step being Executed: 12::4
[INFO ][2016-02-09 22:28:19,465][com.java.TestType] [12217] - dataFields : BTNframeDialogContent
[DEBUG][2016-02-09 22:28:19,465][com.java.TestType] [12223] - <In Set values of the page>
[DEBUG][2016-02-09 22:28:19,465][com.java.TestType] [12228] - {Data Fields & Data Values Exist}
[INFO ][2016-02-09 22:28:19,465][com.java.TestType] [12234] - --------------------------setting values-----------------------------
[INFO ][2016-02-09 22:28:19,465][com.java.TestType] [12237] - Action Type : WaitForElement
[INFO ][2016-02-09 22:28:20,746][com.java.TestType] [12256] -  RESULT true
[INFO ][2016-02-09 22:28:20,746][com.java.TestType] [12373] - ?   P A S S   ?
[DEBUG][2016-02-09 22:28:20,746][com.java.TestType] [12179] - Concept ID:12 :: Step being Executed: 12::5
[ERROR][2016-02-09 22:28:20,747][com.java.TestType] [12212] - Exception: null
[INFO ][2016-02-09 22:28:20,747][com.java.TestType] [12217] - dataFields : BTNframeDialogContent
[DEBUG][2016-02-09 22:28:20,747][com.java.TestType] [12223] - <In Set values of the page>
[DEBUG][2016-02-09 22:28:20,747][com.java.TestType] [12228] - {Data Fields & Data Values Exist}
[INFO ][2016-02-09 22:28:20,747][com.java.TestType] [12234] - --------------------------setting values-----------------------------
[INFO ][2016-02-09 22:28:20,747][com.java.TestType] [12237] - Action Type : SELECTFRAME
[INFO ][2016-02-09 22:28:22,022][com.java.TestType] [12256] -  RESULT true
[INFO ][2016-02-09 22:28:22,022][com.java.TestType] [12373] - ?   P A S S   ?
[DEBUG][2016-02-09 22:28:22,022][com.java.TestType] [12179] - Concept ID:12 :: Step being Executed: 12::6
[INFO ][2016-02-09 22:28:22,022][com.java.TestType] [12217] - dataFields : SLBddlRoundingValue
[DEBUG][2016-02-09 22:28:22,022][com.java.TestType] [12223] - <In Set values of the page>
[DEBUG][2016-02-09 22:28:22,022][com.java.TestType] [12228] - {Data Fields & Data Values Exist}
[INFO ][2016-02-09 22:28:22,022][com.java.TestType] [12234] - --------------------------setting values-----------------------------
[INFO ][2016-02-09 22:28:22,023][com.java.TestType] [12237] - Action Type : SELECT
[INFO ][2016-02-09 22:28:22,023][com.java.TestType] [ 6752] - value = 1
[INFO ][2016-02-09 22:28:24,322][com.java.TestType] [12256] -  RESULT true
[INFO ][2016-02-09 22:28:24,322][com.java.TestType] [12373] - ?   P A S S   ?
[DEBUG][2016-02-09 22:28:24,322][com.java.TestType] [12179] - Concept ID:12 :: Step being Executed: 12::7
[ERROR][2016-02-09 22:28:24,322][com.java.TestType] [12212] - Exception: null
[INFO ][2016-02-09 22:28:24,322][com.java.TestType] [12217] - dataFields : BTNparent
[DEBUG][2016-02-09 22:28:24,322][com.java.TestType] [12223] - <In Set values of the page>
[DEBUG][2016-02-09 22:28:24,322][com.java.TestType] [12228] - {Data Fields & Data Values Exist}
[INFO ][2016-02-09 22:28:24,323][com.java.TestType] [12234] - --------------------------setting values-----------------------------
[INFO ][2016-02-09 22:28:24,323][com.java.TestType] [12237] - Action Type : SELECTFRAME
[INFO ][2016-02-09 22:28:24,338][com.java.TestType] [12256] -  RESULT true
[INFO ][2016-02-09 22:28:24,338][com.java.TestType] [12373] - ?   P A S S   ?
[DEBUG][2016-02-09 22:28:24,338][com.java.TestType] [12179] - Concept ID:12 :: Step being Executed: 12::8
[ERROR][2016-02-09 22:28:24,338][com.java.TestType] [12212] - Exception: null
[INFO ][2016-02-09 22:28:24,338][com.java.TestType] [12217] - dataFields : BTN//span[text()='Finished']
[DEBUG][2016-02-09 22:28:24,338][com.java.TestType] [12223] - <In Set values of the page>
[DEBUG][2016-02-09 22:28:24,339][com.java.TestType] [12228] - {Data Fields & Data Values Exist}
[INFO ][2016-02-09 22:28:24,339][com.java.TestType] [12234] - --------------------------setting values-----------------------------
[INFO ][2016-02-09 22:28:24,339][com.java.TestType] [12237] - Action Type : Click
[INFO ][2016-02-09 22:28:24,339][com.java.TestType] [ 7153] - Field ::BTN//span[text()='Finished']
[INFO ][2016-02-09 22:28:24,339][com.java.TestType] [ 6752] - value = 
[INFO ][2016-02-09 22:28:25,339][com.java.TestType] [ 7309] - BEFORE CLICK
[INFO ][2016-02-09 22:28:25,692][com.java.TestType] [ 7316] - Unable to click the object Finished button
[INFO ][2016-02-09 22:28:25,692][com.java.TestType] [12256] -  RESULT true
[INFO ][2016-02-09 22:28:25,692][com.java.TestType] [12373] - ?   P A S S   ?
[DEBUG][2016-02-09 22:28:25,692][com.java.TestType] [12179] - Concept ID:12 :: Step being Executed: 12::9
[INFO ][2016-02-09 22:28:25,692][com.java.TestType] [12217] - dataFields : XPH//div[contains(text(), 'My Dashboard')]
[DEBUG][2016-02-09 22:28:25,692][com.java.TestType] [12223] - <In Set values of the page>
[DEBUG][2016-02-09 22:28:25,692][com.java.TestType] [12228] - {Data Fields & Data Values Exist}
[INFO ][2016-02-09 22:28:25,693][com.java.TestType] [12234] - --------------------------setting values-----------------------------
[INFO ][2016-02-09 22:28:25,693][com.java.TestType] [12237] - Action Type : WAITFORELEMENT
[INFO ][2016-02-09 22:28:25,728][com.java.TestType] [12256] -  RESULT true
[INFO ][2016-02-09 22:28:25,728][com.java.TestType] [12373] - ?   P A S S   ?
[DEBUG][2016-02-09 22:28:25,728][com.java.TestType] [12179] - Concept ID:12 :: Step being Executed: 12::10
[INFO ][2016-02-09 22:28:25,728][com.java.TestType] [12217] - dataFields : null
[DEBUG][2016-02-09 22:28:25,729][com.java.TestType] [12223] - <In Set values of the page>
[INFO ][2016-02-09 22:28:25,729][com.java.TestType] [12373] - ?   P A S S   ?
[DEBUG][2016-02-09 22:28:25,729][com.java.TestType] [12179] - Concept ID:12 :: Step being Executed: 12::11
[ERROR][2016-02-09 22:28:25,729][com.java.TestType] [12212] - Exception: null
[INFO ][2016-02-09 22:28:25,729][com.java.TestType] [12217] - dataFields : BTNcloseAllTabs
[DEBUG][2016-02-09 22:28:25,729][com.java.TestType] [12223] - <In Set values of the page>
[DEBUG][2016-02-09 22:28:25,729][com.java.TestType] [12228] - {Data Fields & Data Values Exist}
[INFO ][2016-02-09 22:28:25,729][com.java.TestType] [12234] - --------------------------setting values-----------------------------
[INFO ][2016-02-09 22:28:25,729][com.java.TestType] [12237] - Action Type : CLICK
[INFO ][2016-02-09 22:28:25,729][com.java.TestType] [ 7153] - Field ::BTNcloseAllTabs
[INFO ][2016-02-09 22:28:25,729][com.java.TestType] [ 6752] - value = 
[INFO ][2016-02-09 22:28:26,728][com.java.TestType] [ 7309] - BEFORE CLICK
[INFO ][2016-02-09 22:28:28,412][com.java.TestType] [ 7316] - Unable to click the object Close all tabs button
[INFO ][2016-02-09 22:28:28,412][com.java.TestType] [12256] -  RESULT true
[INFO ][2016-02-09 22:28:28,412][com.java.TestType] [12373] - ?   P A S S   ?
[INFO ][2016-02-09 22:28:28,412][com.java.TestType] [12444] - Looping End......
[INFO ][2016-02-09 22:28:28,414][com.java.SeleniumDriver] [  930] -  RESULT true
[INFO ][2016-02-09 22:28:28,414][com.java.SeleniumDriver] [ 1136] - ?   P A S S   ?
[INFO ][2016-02-09 22:28:28,414][com.java.SeleniumDriver] [  856] - ------------------------------------------
[INFO ][2016-02-09 22:28:28,414][com.java.SeleniumDriver] [  857] - Test case being Executed: 8
[INFO ][2016-02-09 22:28:28,414][com.java.SeleniumDriver] [  869] - Test step:5
[INFO ][2016-02-09 22:28:28,414][com.java.SeleniumDriver] [  881] - Datavalue is----------null
[DEBUG][2016-02-09 22:28:28,415][com.java.SeleniumDriver] [  899] - Exception: null
[INFO ][2016-02-09 22:28:28,415][com.java.SeleniumDriver] [  905] - DataField : //span[@class="icon-cog2"]&&//a[text()='Customize']&&//a[@data-id="TabletAlerts"]
[INFO ][2016-02-09 22:28:28,415][com.java.SeleniumDriver] [  907] - DataValue : 
[INFO ][2016-02-09 22:28:28,415][com.java.SeleniumDriver] [  913] - <In Set values of the page>
[INFO ][2016-02-09 22:28:28,415][com.java.SeleniumDriver] [  916] - {Data Fields & Data Values Exist}
[INFO ][2016-02-09 22:28:28,415][com.java.SeleniumDriver] [  918] - --------------------------setting values-----------------------------
[INFO ][2016-02-09 22:28:28,415][com.java.SeleniumDriver] [  921] - Action Type : MOUSEOVER
[INFO ][2016-02-09 22:29:13,093][com.java.SeleniumDriver] [  930] -  RESULT true
[INFO ][2016-02-09 22:29:13,093][com.java.SeleniumDriver] [ 1136] - ?   P A S S   ?
[INFO ][2016-02-09 22:29:13,093][com.java.SeleniumDriver] [  856] - ------------------------------------------
[INFO ][2016-02-09 22:29:13,093][com.java.SeleniumDriver] [  857] - Test case being Executed: 8
[INFO ][2016-02-09 22:29:13,093][com.java.SeleniumDriver] [  869] - Test step:6
[INFO ][2016-02-09 22:29:13,093][com.java.SeleniumDriver] [  881] - Datavalue is----------My Alerts
[INFO ][2016-02-09 22:29:13,093][com.java.SeleniumDriver] [  905] - DataField : XPH//span[@class='ui-dialog-title']
[INFO ][2016-02-09 22:29:13,093][com.java.SeleniumDriver] [  907] - DataValue : My Alerts
[INFO ][2016-02-09 22:29:13,094][com.java.SeleniumDriver] [  913] - <In Set values of the page>
[INFO ][2016-02-09 22:29:13,094][com.java.SeleniumDriver] [  916] - {Data Fields & Data Values Exist}
[INFO ][2016-02-09 22:29:13,094][com.java.SeleniumDriver] [  918] - --------------------------setting values-----------------------------
[INFO ][2016-02-09 22:29:13,094][com.java.SeleniumDriver] [  921] - Action Type : verify
[INFO ][2016-02-09 22:29:13,094][com.java.TestType] [ 8386] - field= XPH//span[@class='ui-dialog-title'] value= My Alerts
[INFO ][2016-02-09 22:29:13,094][com.java.TestType] [ 6752] - value = My Alerts
[INFO ][2016-02-09 22:29:13,268][com.java.SeleniumDriver] [  930] -  RESULT true
[INFO ][2016-02-09 22:29:13,268][com.java.SeleniumDriver] [ 1136] - ?   P A S S   ?
[INFO ][2016-02-09 22:29:13,268][com.java.SeleniumDriver] [  856] - ------------------------------------------
[INFO ][2016-02-09 22:29:13,268][com.java.SeleniumDriver] [  857] - Test case being Executed: 8
[INFO ][2016-02-09 22:29:13,268][com.java.SeleniumDriver] [  869] - Test step:7
[INFO ][2016-02-09 22:29:13,268][com.java.SeleniumDriver] [  881] - Datavalue is----------null
[DEBUG][2016-02-09 22:29:13,269][com.java.SeleniumDriver] [  899] - Exception: null
[INFO ][2016-02-09 22:29:13,269][com.java.SeleniumDriver] [  905] - DataField : BTNframeDialogContent
[INFO ][2016-02-09 22:29:13,269][com.java.SeleniumDriver] [  907] - DataValue : 
[INFO ][2016-02-09 22:29:13,269][com.java.SeleniumDriver] [  913] - <In Set values of the page>
[INFO ][2016-02-09 22:29:13,269][com.java.SeleniumDriver] [  916] - {Data Fields & Data Values Exist}
[INFO ][2016-02-09 22:29:13,269][com.java.SeleniumDriver] [  918] - --------------------------setting values-----------------------------
[INFO ][2016-02-09 22:29:13,269][com.java.SeleniumDriver] [  921] - Action Type : SELECTFRAME
[INFO ][2016-02-09 22:29:14,653][com.java.SeleniumDriver] [  930] -  RESULT true
[INFO ][2016-02-09 22:29:14,653][com.java.SeleniumDriver] [ 1136] - ?   P A S S   ?
[INFO ][2016-02-09 22:29:14,654][com.java.SeleniumDriver] [  856] - ------------------------------------------
[INFO ][2016-02-09 22:29:14,654][com.java.SeleniumDriver] [  857] - Test case being Executed: 8
[INFO ][2016-02-09 22:29:14,654][com.java.SeleniumDriver] [  869] - Test step:8
[INFO ][2016-02-09 22:29:14,654][com.java.SeleniumDriver] [  881] - Datavalue is----------null
[DEBUG][2016-02-09 22:29:14,654][com.java.SeleniumDriver] [  899] - Exception: null
[INFO ][2016-02-09 22:29:14,654][com.java.SeleniumDriver] [  905] - DataField : XPH//span[contains(text(),'Balance Sheet')]
[INFO ][2016-02-09 22:29:14,654][com.java.SeleniumDriver] [  907] - DataValue : 
[INFO ][2016-02-09 22:29:14,654][com.java.SeleniumDriver] [  913] - <In Set values of the page>
[INFO ][2016-02-09 22:29:14,654][com.java.SeleniumDriver] [  916] - {Data Fields & Data Values Exist}
[INFO ][2016-02-09 22:29:14,654][com.java.SeleniumDriver] [  918] - --------------------------setting values-----------------------------
[INFO ][2016-02-09 22:29:14,654][com.java.SeleniumDriver] [  921] - Action Type : CLICK
[INFO ][2016-02-09 22:29:14,654][com.java.TestType] [ 7153] - Field ::XPH//span[contains(text(),'Balance Sheet')]
[INFO ][2016-02-09 22:29:14,654][com.java.TestType] [ 6752] - value = 
[INFO ][2016-02-09 22:29:15,654][com.java.TestType] [ 7330] - BEFORE CLICK
[INFO ][2016-02-09 22:29:16,464][com.java.TestType] [ 7338] - Unable to click the object Balance Sheet
[INFO ][2016-02-09 22:29:16,464][com.java.SeleniumDriver] [  930] -  RESULT true
[INFO ][2016-02-09 22:29:16,464][com.java.SeleniumDriver] [ 1136] - ?   P A S S   ?
[INFO ][2016-02-09 22:29:16,464][com.java.SeleniumDriver] [  856] - ------------------------------------------
[INFO ][2016-02-09 22:29:16,464][com.java.SeleniumDriver] [  857] - Test case being Executed: 8
[INFO ][2016-02-09 22:29:16,464][com.java.SeleniumDriver] [  869] - Test step:9
[INFO ][2016-02-09 22:29:16,464][com.java.SeleniumDriver] [  881] - Datavalue is----------5
[INFO ][2016-02-09 22:29:16,464][com.java.SeleniumDriver] [  905] - DataField : test
[INFO ][2016-02-09 22:29:16,464][com.java.SeleniumDriver] [  907] - DataValue : 5
[INFO ][2016-02-09 22:29:16,464][com.java.SeleniumDriver] [  913] - <In Set values of the page>
[INFO ][2016-02-09 22:29:16,464][com.java.SeleniumDriver] [  916] - {Data Fields & Data Values Exist}
[INFO ][2016-02-09 22:29:16,464][com.java.SeleniumDriver] [  918] - --------------------------setting values-----------------------------
[INFO ][2016-02-09 22:29:16,464][com.java.SeleniumDriver] [  921] - Action Type : WAITTIME
[DEBUG][2016-02-09 22:29:16,465][com.java.TestType] [ 6561] - sleepTime: 5000
[INFO ][2016-02-09 22:29:21,463][com.java.SeleniumDriver] [  930] -  RESULT true
[INFO ][2016-02-09 22:29:21,463][com.java.SeleniumDriver] [ 1136] - ?   P A S S   ?
[INFO ][2016-02-09 22:29:21,463][com.java.SeleniumDriver] [  856] - ------------------------------------------
[INFO ][2016-02-09 22:29:21,463][com.java.SeleniumDriver] [  857] - Test case being Executed: 8
[INFO ][2016-02-09 22:29:21,463][com.java.SeleniumDriver] [  869] - Test step:10
[INFO ][2016-02-09 22:29:21,463][com.java.SeleniumDriver] [  881] - Datavalue is----------RMD0
[INFO ][2016-02-09 22:29:21,463][com.java.SeleniumDriver] [  905] - DataField : TXT//table[@id="BalSheetTbl"]/tbody//td[4]/input[@class="perVal"]
[INFO ][2016-02-09 22:29:21,463][com.java.SeleniumDriver] [  907] - DataValue : RMD0
[INFO ][2016-02-09 22:29:21,463][com.java.SeleniumDriver] [  913] - <In Set values of the page>
[INFO ][2016-02-09 22:29:21,463][com.java.SeleniumDriver] [  916] - {Data Fields & Data Values Exist}
[INFO ][2016-02-09 22:29:21,463][com.java.SeleniumDriver] [  918] - --------------------------setting values-----------------------------
[INFO ][2016-02-09 22:29:21,463][com.java.SeleniumDriver] [  921] - Action Type : CLEARANDENTER
[INFO ][2016-02-09 22:29:21,579][com.java.TestType] [ 6752] - value = 03
[INFO ][2016-02-09 22:29:21,713][com.java.SeleniumDriver] [  930] -  RESULT true
[INFO ][2016-02-09 22:29:21,713][com.java.SeleniumDriver] [ 1136] - ?   P A S S   ?
[INFO ][2016-02-09 22:29:21,713][com.java.SeleniumDriver] [  856] - ------------------------------------------
[INFO ][2016-02-09 22:29:21,713][com.java.SeleniumDriver] [  857] - Test case being Executed: 8
[INFO ][2016-02-09 22:29:21,713][com.java.SeleniumDriver] [  869] - Test step:11
[INFO ][2016-02-09 22:29:21,713][com.java.SeleniumDriver] [  881] - Datavalue is----------null
[DEBUG][2016-02-09 22:29:21,713][com.java.SeleniumDriver] [  899] - Exception: null
[INFO ][2016-02-09 22:29:21,713][com.java.SeleniumDriver] [  905] - DataField : BTNparent
[INFO ][2016-02-09 22:29:21,713][com.java.SeleniumDriver] [  907] - DataValue : 
[INFO ][2016-02-09 22:29:21,714][com.java.SeleniumDriver] [  913] - <In Set values of the page>
[INFO ][2016-02-09 22:29:21,714][com.java.SeleniumDriver] [  916] - {Data Fields & Data Values Exist}
[INFO ][2016-02-09 22:29:21,714][com.java.SeleniumDriver] [  918] - --------------------------setting values-----------------------------
[INFO ][2016-02-09 22:29:21,714][com.java.SeleniumDriver] [  921] - Action Type : SELECTFRAME
[INFO ][2016-02-09 22:29:21,728][com.java.SeleniumDriver] [  930] -  RESULT true
[INFO ][2016-02-09 22:29:21,728][com.java.SeleniumDriver] [ 1136] - ?   P A S S   ?
[INFO ][2016-02-09 22:29:21,728][com.java.SeleniumDriver] [  856] - ------------------------------------------
[INFO ][2016-02-09 22:29:21,728][com.java.SeleniumDriver] [  857] - Test case being Executed: 8
[INFO ][2016-02-09 22:29:21,728][com.java.SeleniumDriver] [  869] - Test step:12
[INFO ][2016-02-09 22:29:21,728][com.java.SeleniumDriver] [  881] - Datavalue is----------null
[DEBUG][2016-02-09 22:29:21,728][com.java.SeleniumDriver] [  899] - Exception: null
[INFO ][2016-02-09 22:29:21,728][com.java.SeleniumDriver] [  905] - DataField : HDN//span[contains(text(),'Save')]
[INFO ][2016-02-09 22:29:21,728][com.java.SeleniumDriver] [  907] - DataValue : 
[INFO ][2016-02-09 22:29:21,729][com.java.SeleniumDriver] [  913] - <In Set values of the page>
[INFO ][2016-02-09 22:29:21,729][com.java.SeleniumDriver] [  916] - {Data Fields & Data Values Exist}
[INFO ][2016-02-09 22:29:21,729][com.java.SeleniumDriver] [  918] - --------------------------setting values-----------------------------
[INFO ][2016-02-09 22:29:21,729][com.java.SeleniumDriver] [  921] - Action Type : CLICK
[INFO ][2016-02-09 22:29:21,729][com.java.TestType] [ 7153] - Field ::HDN//span[contains(text(),'Save')]
[INFO ][2016-02-09 22:29:21,729][com.java.TestType] [ 6752] - value = 
[INFO ][2016-02-09 22:29:23,064][com.java.SeleniumDriver] [  930] -  RESULT true
[INFO ][2016-02-09 22:29:23,064][com.java.SeleniumDriver] [ 1136] - ?   P A S S   ?
[INFO ][2016-02-09 22:29:23,064][com.java.SeleniumDriver] [  856] - ------------------------------------------
[INFO ][2016-02-09 22:29:23,064][com.java.SeleniumDriver] [  857] - Test case being Executed: 8
[INFO ][2016-02-09 22:29:23,064][com.java.SeleniumDriver] [  869] - Test step:13
[INFO ][2016-02-09 22:29:23,064][com.java.SeleniumDriver] [  881] - Datavalue is----------null
[DEBUG][2016-02-09 22:29:23,064][com.java.SeleniumDriver] [  899] - Exception: null
[INFO ][2016-02-09 22:29:23,064][com.java.SeleniumDriver] [  905] - DataField : XPH//div[@class="menu"]//span[@class='glyphicon glyphicon-bell']
[INFO ][2016-02-09 22:29:23,064][com.java.SeleniumDriver] [  907] - DataValue : 
[INFO ][2016-02-09 22:29:23,065][com.java.SeleniumDriver] [  913] - <In Set values of the page>
[INFO ][2016-02-09 22:29:23,065][com.java.SeleniumDriver] [  916] - {Data Fields & Data Values Exist}
[INFO ][2016-02-09 22:29:23,065][com.java.SeleniumDriver] [  918] - --------------------------setting values-----------------------------
[INFO ][2016-02-09 22:29:23,065][com.java.SeleniumDriver] [  921] - Action Type : CLICK
[INFO ][2016-02-09 22:29:23,065][com.java.TestType] [ 7153] - Field ::XPH//div[@class="menu"]//span[@class='glyphicon glyphicon-bell']
[INFO ][2016-02-09 22:29:23,065][com.java.TestType] [ 6752] - value = 
[INFO ][2016-02-09 22:29:24,064][com.java.TestType] [ 7330] - BEFORE CLICK
[INFO ][2016-02-09 22:29:25,272][com.java.TestType] [ 7338] - Unable to click the object Click on  bell symbol
[INFO ][2016-02-09 22:29:25,272][com.java.SeleniumDriver] [  930] -  RESULT true
[INFO ][2016-02-09 22:29:25,272][com.java.SeleniumDriver] [ 1136] - ?   P A S S   ?
[INFO ][2016-02-09 22:29:25,273][com.java.SeleniumDriver] [  856] - ------------------------------------------
[INFO ][2016-02-09 22:29:25,273][com.java.SeleniumDriver] [  857] - Test case being Executed: 8
[INFO ][2016-02-09 22:29:25,274][com.java.SeleniumDriver] [  869] - Test step:14
[INFO ][2016-02-09 22:29:25,274][com.java.SeleniumDriver] [  881] - Datavalue is----------null
[DEBUG][2016-02-09 22:29:25,274][com.java.SeleniumDriver] [  899] - Exception: null
[INFO ][2016-02-09 22:29:25,274][com.java.SeleniumDriver] [  905] - DataField : XPH//div[contains(@class,'rightMenuContainer')]//div[@class="menu-drawer"]
[INFO ][2016-02-09 22:29:25,274][com.java.SeleniumDriver] [  907] - DataValue : 
[INFO ][2016-02-09 22:29:25,274][com.java.SeleniumDriver] [  913] - <In Set values of the page>
[INFO ][2016-02-09 22:29:25,274][com.java.SeleniumDriver] [  916] - {Data Fields & Data Values Exist}
[INFO ][2016-02-09 22:29:25,274][com.java.SeleniumDriver] [  918] - --------------------------setting values-----------------------------
[INFO ][2016-02-09 22:29:25,274][com.java.SeleniumDriver] [  921] - Action Type : CLICK
[INFO ][2016-02-09 22:29:25,274][com.java.TestType] [ 7153] - Field ::XPH//div[contains(@class,'rightMenuContainer')]//div[@class="menu-drawer"]
[INFO ][2016-02-09 22:29:25,274][com.java.TestType] [ 6752] - value = 
[INFO ][2016-02-09 22:29:26,273][com.java.TestType] [ 7330] - BEFORE CLICK
[INFO ][2016-02-09 22:29:27,183][com.java.TestType] [ 7338] - Unable to click the object Click on the Today's Alert Page
[INFO ][2016-02-09 22:29:27,183][com.java.SeleniumDriver] [  930] -  RESULT true
[INFO ][2016-02-09 22:29:27,183][com.java.SeleniumDriver] [ 1136] - ?   P A S S   ?
[INFO ][2016-02-09 22:29:27,183][com.java.SeleniumDriver] [  856] - ------------------------------------------
[INFO ][2016-02-09 22:29:27,183][com.java.SeleniumDriver] [  857] - Test case being Executed: 8
[INFO ][2016-02-09 22:29:27,183][com.java.SeleniumDriver] [  869] - Test step:15
[INFO ][2016-02-09 22:29:27,185][com.java.SeleniumDriver] [  881] - Datavalue is----------//div[@class="menu-drawer"]//span
[INFO ][2016-02-09 22:29:27,185][com.java.SeleniumDriver] [  905] - DataField : BTN
[INFO ][2016-02-09 22:29:27,185][com.java.SeleniumDriver] [  907] - DataValue : //div[@class="menu-drawer"]//span
[INFO ][2016-02-09 22:29:27,185][com.java.SeleniumDriver] [  913] - <In Set values of the page>
[INFO ][2016-02-09 22:29:27,185][com.java.SeleniumDriver] [  916] - {Data Fields & Data Values Exist}
[INFO ][2016-02-09 22:29:27,185][com.java.SeleniumDriver] [  918] - --------------------------setting values-----------------------------
[INFO ][2016-02-09 22:29:27,185][com.java.SeleniumDriver] [  921] - Action Type : VERIFY
[INFO ][2016-02-09 22:29:27,185][com.java.TestType] [ 8386] - field= BTN value= //div[@class="menu-drawer"]//span
[INFO ][2016-02-09 22:29:27,185][com.java.TestType] [ 6752] - value = //div[@class="menu-drawer"]//span
[INFO ][2016-02-09 22:29:27,267][com.java.SeleniumDriver] [  930] -  RESULT true
[INFO ][2016-02-09 22:29:27,267][com.java.SeleniumDriver] [ 1136] - ?   P A S S   ?
[INFO ][2016-02-09 22:29:27,267][com.java.SeleniumDriver] [  856] - ------------------------------------------
[INFO ][2016-02-09 22:29:27,267][com.java.SeleniumDriver] [  857] - Test case being Executed: 8
[INFO ][2016-02-09 22:29:27,267][com.java.SeleniumDriver] [  869] - Test step:16
[INFO ][2016-02-09 22:29:27,267][com.java.SeleniumDriver] [  881] - Datavalue is----------//div[@id='isAlertsHeading']/h4
[INFO ][2016-02-09 22:29:27,267][com.java.SeleniumDriver] [  905] - DataField : BTN
[INFO ][2016-02-09 22:29:27,267][com.java.SeleniumDriver] [  907] - DataValue : //div[@id='isAlertsHeading']/h4
[INFO ][2016-02-09 22:29:27,267][com.java.SeleniumDriver] [  913] - <In Set values of the page>
[INFO ][2016-02-09 22:29:27,267][com.java.SeleniumDriver] [  916] - {Data Fields & Data Values Exist}
[INFO ][2016-02-09 22:29:27,267][com.java.SeleniumDriver] [  918] - --------------------------setting values-----------------------------
[INFO ][2016-02-09 22:29:27,267][com.java.SeleniumDriver] [  921] - Action Type : VERIFY
[INFO ][2016-02-09 22:29:27,268][com.java.TestType] [ 8386] - field= BTN value= //div[@id='isAlertsHeading']/h4
[INFO ][2016-02-09 22:29:27,268][com.java.TestType] [ 6752] - value = //div[@id='isAlertsHeading']/h4
[INFO ][2016-02-09 22:29:27,327][com.java.SeleniumDriver] [  930] -  RESULT true
[INFO ][2016-02-09 22:29:27,328][com.java.SeleniumDriver] [ 1136] - ?   P A S S   ?
[INFO ][2016-02-09 22:29:27,328][com.java.SeleniumDriver] [  856] - ------------------------------------------
[INFO ][2016-02-09 22:29:27,328][com.java.SeleniumDriver] [  857] - Test case being Executed: 8
[INFO ][2016-02-09 22:29:27,328][com.java.SeleniumDriver] [  869] - Test step:17
[INFO ][2016-02-09 22:29:27,328][com.java.SeleniumDriver] [  881] - Datavalue is----------null
[DEBUG][2016-02-09 22:29:27,328][com.java.SeleniumDriver] [  899] - Exception: null
[INFO ][2016-02-09 22:29:27,328][com.java.SeleniumDriver] [  905] - DataField : XPH//div[@class="panel panel-default ng-scope"]/div[@id='bsAlertsHeading']/h4
[INFO ][2016-02-09 22:29:27,328][com.java.SeleniumDriver] [  907] - DataValue : 
[INFO ][2016-02-09 22:29:27,328][com.java.SeleniumDriver] [  913] - <In Set values of the page>
[INFO ][2016-02-09 22:29:27,328][com.java.SeleniumDriver] [  916] - {Data Fields & Data Values Exist}
[INFO ][2016-02-09 22:29:27,328][com.java.SeleniumDriver] [  918] - --------------------------setting values-----------------------------
[INFO ][2016-02-09 22:29:27,328][com.java.SeleniumDriver] [  921] - Action Type : CLICK
[INFO ][2016-02-09 22:29:27,328][com.java.TestType] [ 7153] - Field ::XPH//div[@class="panel panel-default ng-scope"]/div[@id='bsAlertsHeading']/h4
[INFO ][2016-02-09 22:29:27,328][com.java.TestType] [ 6752] - value = 
[INFO ][2016-02-09 22:29:28,328][com.java.TestType] [ 7330] - BEFORE CLICK
[INFO ][2016-02-09 22:29:29,249][com.java.TestType] [ 7338] - Unable to click the object Click on Income Statement tab
[INFO ][2016-02-09 22:29:29,249][com.java.SeleniumDriver] [  930] -  RESULT true
[INFO ][2016-02-09 22:29:29,249][com.java.SeleniumDriver] [ 1136] - ?   P A S S   ?
[INFO ][2016-02-09 22:29:29,249][com.java.SeleniumDriver] [  856] - ------------------------------------------
[INFO ][2016-02-09 22:29:29,249][com.java.SeleniumDriver] [  857] - Test case being Executed: 8
[INFO ][2016-02-09 22:29:29,249][com.java.SeleniumDriver] [  869] - Test step:18
[INFO ][2016-02-09 22:29:29,249][com.java.SeleniumDriver] [  881] - Datavalue is----------5
[INFO ][2016-02-09 22:29:29,249][com.java.SeleniumDriver] [  905] - DataField : null
[INFO ][2016-02-09 22:29:29,249][com.java.SeleniumDriver] [  907] - DataValue : 5
[INFO ][2016-02-09 22:29:29,249][com.java.SeleniumDriver] [  913] - <In Set values of the page>
[INFO ][2016-02-09 22:29:29,249][com.java.SeleniumDriver] [  916] - {Data Fields & Data Values Exist}
[INFO ][2016-02-09 22:29:29,249][com.java.SeleniumDriver] [  918] - --------------------------setting values-----------------------------
[INFO ][2016-02-09 22:29:29,249][com.java.SeleniumDriver] [  921] - Action Type : WAITTIME
[DEBUG][2016-02-09 22:29:29,250][com.java.TestType] [ 6561] - sleepTime: 5000
[INFO ][2016-02-09 22:29:34,249][com.java.SeleniumDriver] [  930] -  RESULT true
[INFO ][2016-02-09 22:29:34,249][com.java.SeleniumDriver] [ 1136] - ?   P A S S   ?
[INFO ][2016-02-09 22:29:34,249][com.java.SeleniumDriver] [  856] - ------------------------------------------
[INFO ][2016-02-09 22:29:34,249][com.java.SeleniumDriver] [  857] - Test case being Executed: 8
[INFO ][2016-02-09 22:29:34,249][com.java.SeleniumDriver] [  869] - Test step:19
[INFO ][2016-02-09 22:29:34,249][com.java.SeleniumDriver] [  881] - Datavalue is----------//div[@id='bsAlertsContent']//div[@class="ng-binding"]
[INFO ][2016-02-09 22:29:34,249][com.java.SeleniumDriver] [  905] - DataField : BTN
[INFO ][2016-02-09 22:29:34,249][com.java.SeleniumDriver] [  907] - DataValue : //div[@id='bsAlertsContent']//div[@class="ng-binding"]
[INFO ][2016-02-09 22:29:34,249][com.java.SeleniumDriver] [  913] - <In Set values of the page>
[INFO ][2016-02-09 22:29:34,249][com.java.SeleniumDriver] [  916] - {Data Fields & Data Values Exist}
[INFO ][2016-02-09 22:29:34,249][com.java.SeleniumDriver] [  918] - --------------------------setting values-----------------------------
[INFO ][2016-02-09 22:29:34,249][com.java.SeleniumDriver] [  921] - Action Type : VERIFY
[INFO ][2016-02-09 22:29:34,249][com.java.TestType] [ 8386] - field= BTN value= //div[@id='bsAlertsContent']//div[@class="ng-binding"]
[INFO ][2016-02-09 22:29:34,250][com.java.TestType] [ 6752] - value = //div[@id='bsAlertsContent']//div[@class="ng-binding"]
[INFO ][2016-02-09 22:29:34,320][com.java.SeleniumDriver] [  930] -  RESULT true
[INFO ][2016-02-09 22:29:34,320][com.java.SeleniumDriver] [ 1136] - ?   P A S S   ?
[INFO ][2016-02-09 22:29:34,320][com.java.SeleniumDriver] [  856] - ------------------------------------------
[INFO ][2016-02-09 22:29:34,320][com.java.SeleniumDriver] [  857] - Test case being Executed: 8
[INFO ][2016-02-09 22:29:34,320][com.java.SeleniumDriver] [  869] - Test step:20
[INFO ][2016-02-09 22:29:34,320][com.java.SeleniumDriver] [  881] - Datavalue is----------null
[DEBUG][2016-02-09 22:29:34,320][com.java.SeleniumDriver] [  899] - Exception: null
[INFO ][2016-02-09 22:29:34,321][com.java.SeleniumDriver] [  905] - DataField : XPH//div[@class="panel panel-default ng-scope"]/div[@id='bsAlertsHeading']/h4
[INFO ][2016-02-09 22:29:34,321][com.java.SeleniumDriver] [  907] - DataValue : 
[INFO ][2016-02-09 22:29:34,321][com.java.SeleniumDriver] [  913] - <In Set values of the page>
[INFO ][2016-02-09 22:29:34,321][com.java.SeleniumDriver] [  916] - {Data Fields & Data Values Exist}
[INFO ][2016-02-09 22:29:34,322][com.java.SeleniumDriver] [  918] - --------------------------setting values-----------------------------
[INFO ][2016-02-09 22:29:34,322][com.java.SeleniumDriver] [  921] - Action Type : CLICK
[INFO ][2016-02-09 22:29:34,323][com.java.TestType] [ 7153] - Field ::XPH//div[@class="panel panel-default ng-scope"]/div[@id='bsAlertsHeading']/h4
[INFO ][2016-02-09 22:29:34,323][com.java.TestType] [ 6752] - value = 
[INFO ][2016-02-09 22:29:35,324][com.java.TestType] [ 7330] - BEFORE CLICK
[INFO ][2016-02-09 22:29:36,262][com.java.TestType] [ 7338] - Unable to click the object Click on Income Statement tab
[INFO ][2016-02-09 22:29:36,262][com.java.SeleniumDriver] [  930] -  RESULT true
[INFO ][2016-02-09 22:29:36,262][com.java.SeleniumDriver] [ 1136] - ?   P A S S   ?
[INFO ][2016-02-09 22:29:36,262][com.java.SeleniumDriver] [  856] - ------------------------------------------
[INFO ][2016-02-09 22:29:36,262][com.java.SeleniumDriver] [  857] - Test case being Executed: 8
[INFO ][2016-02-09 22:29:36,262][com.java.SeleniumDriver] [  869] - Test step:21
[INFO ][2016-02-09 22:29:36,262][com.java.SeleniumDriver] [  881] - Datavalue is----------//*[@id='bsAlertsContent']/div/div[1]/div[1]
[INFO ][2016-02-09 22:29:36,262][com.java.SeleniumDriver] [  905] - DataField : MSG
[INFO ][2016-02-09 22:29:36,262][com.java.SeleniumDriver] [  907] - DataValue : //*[@id='bsAlertsContent']/div/div[1]/div[1]
[INFO ][2016-02-09 22:29:36,262][com.java.SeleniumDriver] [  913] - <In Set values of the page>
[INFO ][2016-02-09 22:29:36,262][com.java.SeleniumDriver] [  916] - {Data Fields & Data Values Exist}
[INFO ][2016-02-09 22:29:36,262][com.java.SeleniumDriver] [  918] - --------------------------setting values-----------------------------
[INFO ][2016-02-09 22:29:36,262][com.java.SeleniumDriver] [  921] - Action Type : VERIFYNOTPRESENT
[INFO ][2016-02-09 22:29:36,263][com.java.TestType] [10222] - field= MSG value= //*[@id='bsAlertsContent']/div/div[1]/div[1]
[INFO ][2016-02-09 22:29:36,363][com.java.SeleniumDriver] [  930] -  RESULT true
[INFO ][2016-02-09 22:29:36,364][com.java.SeleniumDriver] [ 1136] - ?   P A S S   ?
[INFO ][2016-02-09 22:29:36,364][com.java.SeleniumDriver] [  856] - ------------------------------------------
[INFO ][2016-02-09 22:29:36,364][com.java.SeleniumDriver] [  857] - Test case being Executed: 8
[INFO ][2016-02-09 22:29:36,364][com.java.SeleniumDriver] [  869] - Test step:22
[INFO ][2016-02-09 22:29:36,364][com.java.SeleniumDriver] [  881] - Datavalue is----------5
[INFO ][2016-02-09 22:29:36,364][com.java.SeleniumDriver] [  905] - DataField : null
[INFO ][2016-02-09 22:29:36,364][com.java.SeleniumDriver] [  907] - DataValue : 5
[INFO ][2016-02-09 22:29:36,364][com.java.SeleniumDriver] [  913] - <In Set values of the page>
[INFO ][2016-02-09 22:29:36,364][com.java.SeleniumDriver] [  916] - {Data Fields & Data Values Exist}
[INFO ][2016-02-09 22:29:36,364][com.java.SeleniumDriver] [  918] - --------------------------setting values-----------------------------
[INFO ][2016-02-09 22:29:36,364][com.java.SeleniumDriver] [  921] - Action Type : WAITTIME
[DEBUG][2016-02-09 22:29:36,365][com.java.TestType] [ 6561] - sleepTime: 5000
[INFO ][2016-02-09 22:29:41,364][com.java.SeleniumDriver] [  930] -  RESULT true
[INFO ][2016-02-09 22:29:41,364][com.java.SeleniumDriver] [ 1136] - ?   P A S S   ?
[INFO ][2016-02-09 22:29:41,364][com.java.SeleniumDriver] [  856] - ------------------------------------------
[INFO ][2016-02-09 22:29:41,364][com.java.SeleniumDriver] [  857] - Test case being Executed: 8
[INFO ][2016-02-09 22:29:41,364][com.java.SeleniumDriver] [  869] - Test step:23
[INFO ][2016-02-09 22:29:41,364][com.java.SeleniumDriver] [  881] - Datavalue is----------null
[DEBUG][2016-02-09 22:29:41,364][com.java.SeleniumDriver] [  899] - Exception: null
[INFO ][2016-02-09 22:29:41,364][com.java.SeleniumDriver] [  905] - DataField : HDN//span[@class='glyphicon glyphicon-refresh ng-scope']
[INFO ][2016-02-09 22:29:41,364][com.java.SeleniumDriver] [  907] - DataValue : 
[INFO ][2016-02-09 22:29:41,364][com.java.SeleniumDriver] [  913] - <In Set values of the page>
[INFO ][2016-02-09 22:29:41,364][com.java.SeleniumDriver] [  916] - {Data Fields & Data Values Exist}
[INFO ][2016-02-09 22:29:41,364][com.java.SeleniumDriver] [  918] - --------------------------setting values-----------------------------
[INFO ][2016-02-09 22:29:41,364][com.java.SeleniumDriver] [  921] - Action Type : CLICK
[INFO ][2016-02-09 22:29:41,365][com.java.TestType] [ 7153] - Field ::HDN//span[@class='glyphicon glyphicon-refresh ng-scope']
[INFO ][2016-02-09 22:29:41,365][com.java.TestType] [ 6752] - value = 
[INFO ][2016-02-09 22:29:42,531][com.java.SeleniumDriver] [  930] -  RESULT true
[INFO ][2016-02-09 22:29:42,531][com.java.SeleniumDriver] [ 1136] - ?   P A S S   ?
[INFO ][2016-02-09 22:29:42,531][com.java.SeleniumDriver] [  856] - ------------------------------------------
[INFO ][2016-02-09 22:29:42,531][com.java.SeleniumDriver] [  857] - Test case being Executed: 8
[INFO ][2016-02-09 22:29:42,531][com.java.SeleniumDriver] [  869] - Test step:24
[INFO ][2016-02-09 22:29:42,531][com.java.SeleniumDriver] [  881] - Datavalue is----------15
[INFO ][2016-02-09 22:29:42,532][com.java.SeleniumDriver] [  905] - DataField : null
[INFO ][2016-02-09 22:29:42,532][com.java.SeleniumDriver] [  907] - DataValue : 15
[INFO ][2016-02-09 22:29:42,532][com.java.SeleniumDriver] [  913] - <In Set values of the page>
[INFO ][2016-02-09 22:29:42,532][com.java.SeleniumDriver] [  916] - {Data Fields & Data Values Exist}
[INFO ][2016-02-09 22:29:42,532][com.java.SeleniumDriver] [  918] - --------------------------setting values-----------------------------
[INFO ][2016-02-09 22:29:42,532][com.java.SeleniumDriver] [  921] - Action Type : WAITTIME
[DEBUG][2016-02-09 22:29:42,532][com.java.TestType] [ 6561] - sleepTime: 15000
[INFO ][2016-02-09 22:29:57,531][com.java.SeleniumDriver] [  930] -  RESULT true
[INFO ][2016-02-09 22:29:57,531][com.java.SeleniumDriver] [ 1136] - ?   P A S S   ?
[INFO ][2016-02-09 22:29:57,531][com.java.SeleniumDriver] [  856] - ------------------------------------------
[INFO ][2016-02-09 22:29:57,531][com.java.SeleniumDriver] [  857] - Test case being Executed: 8
[INFO ][2016-02-09 22:29:57,531][com.java.SeleniumDriver] [  869] - Test step:25
[INFO ][2016-02-09 22:29:57,531][com.java.SeleniumDriver] [  881] - Datavalue is----------::glyphicon-play down
[INFO ][2016-02-09 22:29:57,531][com.java.SeleniumDriver] [  905] - DataField : CCM//div[@class="panel panel-default ng-scope"]/div[@id='bsAlertsHeading']/h4/span
[INFO ][2016-02-09 22:29:57,531][com.java.SeleniumDriver] [  907] - DataValue : ::glyphicon-play down
[INFO ][2016-02-09 22:29:57,531][com.java.SeleniumDriver] [  913] - <In Set values of the page>
[INFO ][2016-02-09 22:29:57,531][com.java.SeleniumDriver] [  916] - {Data Fields & Data Values Exist}
[INFO ][2016-02-09 22:29:57,531][com.java.SeleniumDriver] [  918] - --------------------------setting values-----------------------------
[INFO ][2016-02-09 22:29:57,533][com.java.SeleniumDriver] [  921] - Action Type : VERIFY
[INFO ][2016-02-09 22:29:57,533][com.java.TestType] [ 8386] - field= CCM//div[@class="panel panel-default ng-scope"]/div[@id='bsAlertsHeading']/h4/span value= ::glyphicon-play down
[INFO ][2016-02-09 22:29:57,533][com.java.TestType] [ 6752] - value = ::glyphicon-play down
[INFO ][2016-02-09 22:29:57,721][com.java.SeleniumDriver] [  930] -  RESULT true
[INFO ][2016-02-09 22:29:57,721][com.java.SeleniumDriver] [ 1136] - ?   P A S S   ?
[INFO ][2016-02-09 22:29:57,721][com.java.SeleniumDriver] [ 1178] - step change to 28
[INFO ][2016-02-09 22:29:57,721][com.java.SeleniumDriver] [  856] - ------------------------------------------
[INFO ][2016-02-09 22:29:57,721][com.java.SeleniumDriver] [  857] - Test case being Executed: 8
[INFO ][2016-02-09 22:29:57,721][com.java.SeleniumDriver] [  869] - Test step:28
[INFO ][2016-02-09 22:29:57,721][com.java.SeleniumDriver] [  881] - Datavalue is----------3
[INFO ][2016-02-09 22:29:57,722][com.java.SeleniumDriver] [  905] - DataField : null
[INFO ][2016-02-09 22:29:57,722][com.java.SeleniumDriver] [  907] - DataValue : 3
[INFO ][2016-02-09 22:29:57,722][com.java.SeleniumDriver] [  913] - <In Set values of the page>
[INFO ][2016-02-09 22:29:57,722][com.java.SeleniumDriver] [  916] - {Data Fields & Data Values Exist}
[INFO ][2016-02-09 22:29:57,722][com.java.SeleniumDriver] [  918] - --------------------------setting values-----------------------------
[INFO ][2016-02-09 22:29:57,722][com.java.SeleniumDriver] [  921] - Action Type : WAITTIME
[DEBUG][2016-02-09 22:29:57,722][com.java.TestType] [ 6561] - sleepTime: 3000
[INFO ][2016-02-09 22:30:00,722][com.java.SeleniumDriver] [  930] -  RESULT true
[INFO ][2016-02-09 22:30:00,722][com.java.SeleniumDriver] [ 1136] - ?   P A S S   ?
[INFO ][2016-02-09 22:30:00,722][com.java.SeleniumDriver] [  856] - ------------------------------------------
[INFO ][2016-02-09 22:30:00,722][com.java.SeleniumDriver] [  857] - Test case being Executed: 8
[INFO ][2016-02-09 22:30:00,722][com.java.SeleniumDriver] [  869] - Test step:29
[INFO ][2016-02-09 22:30:00,722][com.java.SeleniumDriver] [  881] - Datavalue is----------numberofupdatesbeforerefreshing
[INFO ][2016-02-09 22:30:00,722][com.java.SeleniumDriver] [  905] - DataField : XPH//div[@id="bsAlertsHeading"]//span[@class="badge pull-right ng-binding"]
[INFO ][2016-02-09 22:30:00,722][com.java.SeleniumDriver] [  907] - DataValue : numberofupdatesbeforerefreshing
[INFO ][2016-02-09 22:30:00,722][com.java.SeleniumDriver] [  913] - <In Set values of the page>
[INFO ][2016-02-09 22:30:00,722][com.java.SeleniumDriver] [  916] - {Data Fields & Data Values Exist}
[INFO ][2016-02-09 22:30:00,722][com.java.SeleniumDriver] [  918] - --------------------------setting values-----------------------------
[INFO ][2016-02-09 22:30:00,722][com.java.SeleniumDriver] [  921] - Action Type : STOREVALUE
[INFO ][2016-02-09 22:30:00,722][com.java.TestType] [ 9903] - field= XPH//div[@id="bsAlertsHeading"]//span[@class="badge pull-right ng-binding"]
[DEBUG][2016-02-09 22:30:00,887][com.java.TestType] [ 9958] - Key:: numberofupdatesbeforerefreshing   Value:: 1
[INFO ][2016-02-09 22:30:00,887][com.java.SeleniumDriver] [  930] -  RESULT true
[INFO ][2016-02-09 22:30:00,887][com.java.SeleniumDriver] [ 1136] - ?   P A S S   ?
[INFO ][2016-02-09 22:30:00,887][com.java.SeleniumDriver] [  856] - ------------------------------------------
[INFO ][2016-02-09 22:30:00,887][com.java.SeleniumDriver] [  857] - Test case being Executed: 8
[INFO ][2016-02-09 22:30:00,887][com.java.SeleniumDriver] [  869] - Test step:30
[INFO ][2016-02-09 22:30:00,888][com.java.SeleniumDriver] [  881] - Datavalue is----------HMVnumberofupdatesbeforerefreshing
[INFO ][2016-02-09 22:30:00,888][com.java.SeleniumDriver] [  905] - DataField : TAL//div[@id="bsAlertsContent"]//div[@class="bd-alert ng-scope"]
[INFO ][2016-02-09 22:30:00,888][com.java.SeleniumDriver] [  907] - DataValue : HMVnumberofupdatesbeforerefreshing
[INFO ][2016-02-09 22:30:00,888][com.java.SeleniumDriver] [  913] - <In Set values of the page>
[INFO ][2016-02-09 22:30:00,888][com.java.SeleniumDriver] [  916] - {Data Fields & Data Values Exist}
[INFO ][2016-02-09 22:30:00,888][com.java.SeleniumDriver] [  918] - --------------------------setting values-----------------------------
[INFO ][2016-02-09 22:30:00,888][com.java.SeleniumDriver] [  921] - Action Type : VERIFY
[INFO ][2016-02-09 22:30:00,888][com.java.TestType] [ 8386] - field= TAL//div[@id="bsAlertsContent"]//div[@class="bd-alert ng-scope"] value= HMVnumberofupdatesbeforerefreshing
[INFO ][2016-02-09 22:30:00,888][com.java.TestType] [ 6752] - value = 1
[INFO ][2016-02-09 22:30:00,923][com.java.SeleniumDriver] [  930] -  RESULT true
[INFO ][2016-02-09 22:30:00,923][com.java.SeleniumDriver] [ 1136] - ?   P A S S   ?
[INFO ][2016-02-09 22:30:00,923][com.java.SeleniumDriver] [  856] - ------------------------------------------
[INFO ][2016-02-09 22:30:00,923][com.java.SeleniumDriver] [  857] - Test case being Executed: 8
[INFO ][2016-02-09 22:30:00,923][com.java.SeleniumDriver] [  869] - Test step:31
[INFO ][2016-02-09 22:30:00,923][com.java.SeleniumDriver] [  881] - Datavalue is----------BalanceSheet
[INFO ][2016-02-09 22:30:00,923][com.java.SeleniumDriver] [  905] - DataField : XPH//div[@id="bsAlertsContent"]//div[@class="bd-alert ng-scope"][1]/div[@class="ng-binding"]
[INFO ][2016-02-09 22:30:00,924][com.java.SeleniumDriver] [  907] - DataValue : BalanceSheet
[INFO ][2016-02-09 22:30:00,924][com.java.SeleniumDriver] [  913] - <In Set values of the page>
[INFO ][2016-02-09 22:30:00,924][com.java.SeleniumDriver] [  916] - {Data Fields & Data Values Exist}
[INFO ][2016-02-09 22:30:00,924][com.java.SeleniumDriver] [  918] - --------------------------setting values-----------------------------
[INFO ][2016-02-09 22:30:00,924][com.java.SeleniumDriver] [  921] - Action Type : STOREVALUE
[INFO ][2016-02-09 22:30:00,924][com.java.TestType] [ 9903] - field= XPH//div[@id="bsAlertsContent"]//div[@class="bd-alert ng-scope"][1]/div[@class="ng-binding"]
[DEBUG][2016-02-09 22:30:01,039][com.java.TestType] [ 9958] - Key:: BalanceSheet   Value:: Cash and due from banks
[INFO ][2016-02-09 22:30:01,039][com.java.SeleniumDriver] [  930] -  RESULT true
[INFO ][2016-02-09 22:30:01,039][com.java.SeleniumDriver] [ 1136] - ?   P A S S   ?
[INFO ][2016-02-09 22:30:01,039][com.java.SeleniumDriver] [  856] - ------------------------------------------
[INFO ][2016-02-09 22:30:01,039][com.java.SeleniumDriver] [  857] - Test case being Executed: 8
[INFO ][2016-02-09 22:30:01,039][com.java.SeleniumDriver] [  869] - Test step:32
[INFO ][2016-02-09 22:30:01,039][com.java.SeleniumDriver] [  881] - Datavalue is----------Change
[INFO ][2016-02-09 22:30:01,039][com.java.SeleniumDriver] [  905] - DataField : XPH//div[@id="bsAlertsContent"]//div[@class="bd-alert ng-scope"][1]//span[@ class="ng-binding"]
[INFO ][2016-02-09 22:30:01,039][com.java.SeleniumDriver] [  907] - DataValue : Change
[INFO ][2016-02-09 22:30:01,039][com.java.SeleniumDriver] [  913] - <In Set values of the page>
[INFO ][2016-02-09 22:30:01,040][com.java.SeleniumDriver] [  916] - {Data Fields & Data Values Exist}
[INFO ][2016-02-09 22:30:01,040][com.java.SeleniumDriver] [  918] - --------------------------setting values-----------------------------
[INFO ][2016-02-09 22:30:01,040][com.java.SeleniumDriver] [  921] - Action Type : STOREVALUE
[INFO ][2016-02-09 22:30:01,040][com.java.TestType] [ 9903] - field= XPH//div[@id="bsAlertsContent"]//div[@class="bd-alert ng-scope"][1]//span[@ class="ng-binding"]
[DEBUG][2016-02-09 22:30:01,153][com.java.TestType] [ 9958] - Key:: Change   Value:: ($1,501,959)
[INFO ][2016-02-09 22:30:01,153][com.java.SeleniumDriver] [  930] -  RESULT true
[INFO ][2016-02-09 22:30:01,153][com.java.SeleniumDriver] [ 1136] - ?   P A S S   ?
[INFO ][2016-02-09 22:30:01,153][com.java.SeleniumDriver] [  856] - ------------------------------------------
[INFO ][2016-02-09 22:30:01,153][com.java.SeleniumDriver] [  857] - Test case being Executed: 8
[INFO ][2016-02-09 22:30:01,153][com.java.SeleniumDriver] [  869] - Test step:33
[INFO ][2016-02-09 22:30:01,153][com.java.SeleniumDriver] [  881] - Datavalue is----------Percentage
[INFO ][2016-02-09 22:30:01,153][com.java.SeleniumDriver] [  905] - DataField : XPH//div[@id="bsAlertsContent"]//div[@class="bd-alert ng-scope"][1]//span[@class="pull-right ng-binding"]
[INFO ][2016-02-09 22:30:01,154][com.java.SeleniumDriver] [  907] - DataValue : Percentage
[INFO ][2016-02-09 22:30:01,154][com.java.SeleniumDriver] [  913] - <In Set values of the page>
[INFO ][2016-02-09 22:30:01,154][com.java.SeleniumDriver] [  916] - {Data Fields & Data Values Exist}
[INFO ][2016-02-09 22:30:01,154][com.java.SeleniumDriver] [  918] - --------------------------setting values-----------------------------
[INFO ][2016-02-09 22:30:01,154][com.java.SeleniumDriver] [  921] - Action Type : STOREVALUE
[INFO ][2016-02-09 22:30:01,154][com.java.TestType] [ 9903] - field= XPH//div[@id="bsAlertsContent"]//div[@class="bd-alert ng-scope"][1]//span[@class="pull-right ng-binding"]
[DEBUG][2016-02-09 22:30:01,305][com.java.TestType] [ 9958] - Key:: Percentage   Value:: (29.51)%
[INFO ][2016-02-09 22:30:01,305][com.java.SeleniumDriver] [  930] -  RESULT true
[INFO ][2016-02-09 22:30:01,305][com.java.SeleniumDriver] [ 1136] - ?   P A S S   ?
[INFO ][2016-02-09 22:30:01,305][com.java.SeleniumDriver] [  856] - ------------------------------------------
[INFO ][2016-02-09 22:30:01,305][com.java.SeleniumDriver] [  857] - Test case being Executed: 8
[INFO ][2016-02-09 22:30:01,305][com.java.SeleniumDriver] [  869] - Test step:34
[INFO ][2016-02-09 22:30:01,305][com.java.SeleniumDriver] [  881] - Datavalue is----------null
[DEBUG][2016-02-09 22:30:01,305][com.java.SeleniumDriver] [  899] - Exception: null
[INFO ][2016-02-09 22:30:01,305][com.java.SeleniumDriver] [  905] - DataField : XPH//span[@class="glyphicon glyphicon-list-alt"]
[INFO ][2016-02-09 22:30:01,305][com.java.SeleniumDriver] [  907] - DataValue : 
[INFO ][2016-02-09 22:30:01,306][com.java.SeleniumDriver] [  913] - <In Set values of the page>
[INFO ][2016-02-09 22:30:01,306][com.java.SeleniumDriver] [  916] - {Data Fields & Data Values Exist}
[INFO ][2016-02-09 22:30:01,306][com.java.SeleniumDriver] [  918] - --------------------------setting values-----------------------------
[INFO ][2016-02-09 22:30:01,306][com.java.SeleniumDriver] [  921] - Action Type : CLICK
[INFO ][2016-02-09 22:30:01,306][com.java.TestType] [ 7153] - Field ::XPH//span[@class="glyphicon glyphicon-list-alt"]
[INFO ][2016-02-09 22:30:01,306][com.java.TestType] [ 6752] - value = 
[INFO ][2016-02-09 22:30:02,306][com.java.TestType] [ 7330] - BEFORE CLICK
[INFO ][2016-02-09 22:30:03,533][com.java.TestType] [ 7338] - Unable to click the object Click on the report button
[INFO ][2016-02-09 22:30:03,533][com.java.SeleniumDriver] [  930] -  RESULT true
[INFO ][2016-02-09 22:30:03,533][com.java.SeleniumDriver] [ 1136] - ?   P A S S   ?
[INFO ][2016-02-09 22:30:03,533][com.java.SeleniumDriver] [  856] - ------------------------------------------
[INFO ][2016-02-09 22:30:03,533][com.java.SeleniumDriver] [  857] - Test case being Executed: 8
[INFO ][2016-02-09 22:30:03,533][com.java.SeleniumDriver] [  869] - Test step:35
[INFO ][2016-02-09 22:30:03,533][com.java.SeleniumDriver] [  881] - Datavalue is----------10
[INFO ][2016-02-09 22:30:03,533][com.java.SeleniumDriver] [  905] - DataField : XPH//img[@id='loading']
[INFO ][2016-02-09 22:30:03,533][com.java.SeleniumDriver] [  907] - DataValue : 10
[INFO ][2016-02-09 22:30:03,533][com.java.SeleniumDriver] [  913] - <In Set values of the page>
[INFO ][2016-02-09 22:30:03,533][com.java.SeleniumDriver] [  916] - {Data Fields & Data Values Exist}
[INFO ][2016-02-09 22:30:03,533][com.java.SeleniumDriver] [  918] - --------------------------setting values-----------------------------
[INFO ][2016-02-09 22:30:03,533][com.java.SeleniumDriver] [  921] - Action Type : WaitForElement
[INFO ][2016-02-09 22:30:03,570][com.java.SeleniumDriver] [  930] -  RESULT true
[INFO ][2016-02-09 22:30:03,570][com.java.SeleniumDriver] [ 1136] - ?   P A S S   ?
[INFO ][2016-02-09 22:30:03,570][com.java.SeleniumDriver] [  856] - ------------------------------------------
[INFO ][2016-02-09 22:30:03,570][com.java.SeleniumDriver] [  857] - Test case being Executed: 8
[INFO ][2016-02-09 22:30:03,570][com.java.SeleniumDriver] [  869] - Test step:36
[INFO ][2016-02-09 22:30:03,571][com.java.SeleniumDriver] [  881] - Datavalue is----------90
[INFO ][2016-02-09 22:30:03,571][com.java.SeleniumDriver] [  905] - DataField : XPH//img[@id='loading']
[INFO ][2016-02-09 22:30:03,571][com.java.SeleniumDriver] [  907] - DataValue : 90
[INFO ][2016-02-09 22:30:03,571][com.java.SeleniumDriver] [  913] - <In Set values of the page>
[INFO ][2016-02-09 22:30:03,571][com.java.SeleniumDriver] [  916] - {Data Fields & Data Values Exist}
[INFO ][2016-02-09 22:30:03,571][com.java.SeleniumDriver] [  918] - --------------------------setting values-----------------------------
[INFO ][2016-02-09 22:30:03,571][com.java.SeleniumDriver] [  921] - Action Type : waitForElementNotPresent
[INFO ][2016-02-09 22:30:04,734][com.java.SeleniumDriver] [  930] -  RESULT true
[INFO ][2016-02-09 22:30:04,734][com.java.SeleniumDriver] [ 1136] - ?   P A S S   ?
[INFO ][2016-02-09 22:30:04,734][com.java.SeleniumDriver] [  856] - ------------------------------------------
[INFO ][2016-02-09 22:30:04,734][com.java.SeleniumDriver] [  857] - Test case being Executed: 8
[INFO ][2016-02-09 22:30:04,734][com.java.SeleniumDriver] [  869] - Test step:37
[INFO ][2016-02-09 22:30:04,734][com.java.SeleniumDriver] [  881] - Datavalue is----------15
[INFO ][2016-02-09 22:30:04,734][com.java.SeleniumDriver] [  905] - DataField : null
[INFO ][2016-02-09 22:30:04,734][com.java.SeleniumDriver] [  907] - DataValue : 15
[INFO ][2016-02-09 22:30:04,735][com.java.SeleniumDriver] [  913] - <In Set values of the page>
[INFO ][2016-02-09 22:30:04,735][com.java.SeleniumDriver] [  916] - {Data Fields & Data Values Exist}
[INFO ][2016-02-09 22:30:04,735][com.java.SeleniumDriver] [  918] - --------------------------setting values-----------------------------
[INFO ][2016-02-09 22:30:04,735][com.java.SeleniumDriver] [  921] - Action Type : WAITTIME
[DEBUG][2016-02-09 22:30:04,735][com.java.TestType] [ 6561] - sleepTime: 15000
[INFO ][2016-02-09 22:30:19,734][com.java.SeleniumDriver] [  930] -  RESULT true
[INFO ][2016-02-09 22:30:19,734][com.java.SeleniumDriver] [ 1136] - ?   P A S S   ?
[INFO ][2016-02-09 22:30:19,734][com.java.SeleniumDriver] [  856] - ------------------------------------------
[INFO ][2016-02-09 22:30:19,734][com.java.SeleniumDriver] [  857] - Test case being Executed: 8
[INFO ][2016-02-09 22:30:19,734][com.java.SeleniumDriver] [  869] - Test step:38
[INFO ][2016-02-09 22:30:19,734][com.java.SeleniumDriver] [  881] - Datavalue is----------BalanceSheet::Change
[INFO ][2016-02-09 22:30:19,734][com.java.SeleniumDriver] [  905] - DataField : PVP//div[contains(text(),'mytext')]/following::td[3]/div
[INFO ][2016-02-09 22:30:19,734][com.java.SeleniumDriver] [  907] - DataValue : BalanceSheet::Change
[INFO ][2016-02-09 22:30:19,736][com.java.SeleniumDriver] [  913] - <In Set values of the page>
[INFO ][2016-02-09 22:30:19,736][com.java.SeleniumDriver] [  916] - {Data Fields & Data Values Exist}
[INFO ][2016-02-09 22:30:19,736][com.java.SeleniumDriver] [  918] - --------------------------setting values-----------------------------
[INFO ][2016-02-09 22:30:19,736][com.java.SeleniumDriver] [  921] - Action Type : VERIFY
[INFO ][2016-02-09 22:30:19,736][com.java.TestType] [ 8386] - field= PVP//div[contains(text(),'mytext')]/following::td[3]/div value= BalanceSheet::Change
[INFO ][2016-02-09 22:30:19,736][com.java.TestType] [ 6752] - value = BalanceSheet::Change
[INFO ][2016-02-09 22:30:19,925][com.java.SeleniumDriver] [  930] -  RESULT false
[INFO ][2016-02-09 22:30:19,925][com.java.SeleniumDriver] [  977] - ?   F A I L   ?
[INFO ][2016-02-09 22:30:19,925][com.java.SeleniumDriver] [  985] - Browser Type : IE10
[INFO ][2016-02-09 22:30:19,925][com.java.SeleniumDriver] [  986] - Adding Failed case8
[INFO ][2016-02-09 22:30:20,102][com.java.SeleniumDriver] [ 1100] - failedCases = 8
[ERROR][2016-02-09 22:30:20,102][com.java.SeleniumDriver] [ 1599] - Platform Errors : Our apologies...::We have encountered an issue with your request.::Our apologies?:We encountered an issue with your request.
[INFO ][2016-02-09 22:30:20,102][com.java.SeleniumDriver] [ 1603] - Length =3
[ERROR][2016-02-09 22:30:20,102][com.java.SeleniumDriver] [ 1606] - Error 0 = Our apologies...
[ERROR][2016-02-09 22:30:20,195][com.java.SeleniumDriver] [ 1606] - Error 1 = We have encountered an issue with your request.
[ERROR][2016-02-09 22:30:20,316][com.java.SeleniumDriver] [ 1606] - Error 2 = Our apologies?:We encountered an issue with your request.
[INFO ][2016-02-09 22:30:20,400][com.java.SeleniumDriver] [ 1617] - strError:
[DEBUG][2016-02-09 22:30:20,415][com.java.SeleniumDriver] [ 1248] - Case found
[DEBUG][2016-02-09 22:30:20,415][com.java.SeleniumDriver] [ 1253] - Incrementing ReportCounters[0]:2
[INFO ][2016-02-09 22:30:20,415][com.java.SeleniumDriver] [ 1272] - The results are-------------------[8, 38, Right Hand Menu: BS Alerts-BS Alerts data correctness, Fail, 
Test case failed at Step No. :: 38. Screen Shot : D:\BankersDashboard\TestReports\020916\8_020916_223019_IE10.png, Tue Feb 09 22:30:20 IST 2016]
[INFO ][2016-02-09 22:30:20,415][com.java.SeleniumDriver] [ 1276] - End time is-------3 min 40 sec
[INFO ][2016-02-09 22:30:20,415][com.java.SeleniumDriver] [ 1277] - The results are-------------------[8, 38, Right Hand Menu: BS Alerts-BS Alerts data correctness, Fail, 
Test case failed at Step No. :: 38. Screen Shot : D:\BankersDashboard\TestReports\020916\8_020916_223019_IE10.png, Tue Feb 09 22:30:20 IST 2016]
[DEBUG][2016-02-09 22:30:20,415][com.java.ImportnExport.ExportTestResultsExcel] [  222] - testResultPath = D:\BankersDashboard/TestReports/Test Results_BankersDashBoard_020916_222641_IE10_Any Bank USA.xls
[DEBUG][2016-02-09 22:30:20,416][com.java.ImportnExport.ExportTestResultsExcel] [  223] - browser is------------IE10
[DEBUG][2016-02-09 22:30:20,418][com.java.ImportnExport.ExportTestResultsExcel] [  270] - result.size() = 6
[DEBUG][2016-02-09 22:30:20,418][com.java.ImportnExport.ExportTestResultsExcel] [  274] - No of rows in sheet=2
[DEBUG][2016-02-09 22:30:20,418][com.java.ImportnExport.ExportTestResultsExcel] [  301] - ..in export..8
[DEBUG][2016-02-09 22:30:20,418][com.java.ImportnExport.ExportTestResultsExcel] [  301] - ..in export..Right Hand Menu: BS Alerts-BS Alerts data correctness
[DEBUG][2016-02-09 22:30:20,418][com.java.ImportnExport.ExportTestResultsExcel] [  301] - ..in export..Fail
[DEBUG][2016-02-09 22:30:20,418][com.java.ImportnExport.ExportTestResultsExcel] [  301] - ..in export..
Test case failed at Step No. :: 38. Screen Shot : D:\BankersDashboard\TestReports\020916\8_020916_223019_IE10.png
[DEBUG][2016-02-09 22:30:20,418][com.java.ImportnExport.ExportTestResultsExcel] [  301] - ..in export..Tue Feb 09 22:30:20 IST 2016
[INFO ][2016-02-09 22:30:20,420][com.java.SeleniumDriver] [ 1337] - out loop:1 size:3 TestCases:[1, 8, 9] testcases:[1, 8, 9]
[INFO ][2016-02-09 22:30:20,420][com.java.ImportnExport.ImportTestDataDetailsExcel] [   49] - test data details path===== D:\BankersDashboard\TestInputs\TestData.xls
[INFO ][2016-02-09 22:30:36,093][com.java.SeleniumDriver] [  856] - ------------------------------------------
[INFO ][2016-02-09 22:30:36,093][com.java.SeleniumDriver] [  857] - Test case being Executed: 9
[INFO ][2016-02-09 22:30:36,093][com.java.SeleniumDriver] [  869] - Test step:1
[INFO ][2016-02-09 22:30:36,093][com.java.SeleniumDriver] [  881] - Datavalue is----------Logout
[INFO ][2016-02-09 22:30:36,093][com.java.SeleniumDriver] [  905] - DataField : BTN
[INFO ][2016-02-09 22:30:36,093][com.java.SeleniumDriver] [  907] - DataValue : Logout
[INFO ][2016-02-09 22:30:36,093][com.java.SeleniumDriver] [  913] - <In Set values of the page>
[INFO ][2016-02-09 22:30:36,093][com.java.SeleniumDriver] [  916] - {Data Fields & Data Values Exist}
[INFO ][2016-02-09 22:30:36,093][com.java.SeleniumDriver] [  918] - --------------------------setting values-----------------------------
[INFO ][2016-02-09 22:30:36,093][com.java.SeleniumDriver] [  921] - Action Type : Verify
[INFO ][2016-02-09 22:30:36,093][com.java.TestType] [ 8386] - field= BTN value= Logout
[INFO ][2016-02-09 22:30:36,093][com.java.TestType] [ 6752] - value = Logout
[INFO ][2016-02-09 22:30:36,165][com.java.SeleniumDriver] [  930] -  RESULT true
[INFO ][2016-02-09 22:30:36,165][com.java.SeleniumDriver] [ 1136] - ?   P A S S   ?
[INFO ][2016-02-09 22:30:36,165][com.java.SeleniumDriver] [ 1178] - step change to 3
[INFO ][2016-02-09 22:30:36,165][com.java.SeleniumDriver] [  856] - ------------------------------------------
[INFO ][2016-02-09 22:30:36,165][com.java.SeleniumDriver] [  857] - Test case being Executed: 9
[INFO ][2016-02-09 22:30:36,166][com.java.SeleniumDriver] [  869] - Test step:3
[INFO ][2016-02-09 22:30:36,166][com.java.SeleniumDriver] [  881] - Datavalue is----------Concept#2:1-2
[INFO ][2016-02-09 22:30:36,166][com.java.SeleniumDriver] [  905] - DataField : test
[INFO ][2016-02-09 22:30:36,166][com.java.SeleniumDriver] [  907] - DataValue : Concept#2:1-2
[INFO ][2016-02-09 22:30:36,166][com.java.SeleniumDriver] [  913] - <In Set values of the page>
[INFO ][2016-02-09 22:30:36,166][com.java.SeleniumDriver] [  916] - {Data Fields & Data Values Exist}
[INFO ][2016-02-09 22:30:36,166][com.java.SeleniumDriver] [  918] - --------------------------setting values-----------------------------
[INFO ][2016-02-09 22:30:36,166][com.java.SeleniumDriver] [  921] - Action Type : ExecuteTestCase
[INFO ][2016-02-09 22:30:36,166][com.java.TestType] [  448] - The Concept sheet name is ---------- Concept
[INFO ][2016-02-09 22:30:36,166][com.java.TestType] [  451] - The Concept ID  is ---------- 2
[DEBUG][2016-02-09 22:30:36,166][com.java.TestType] [  455] - Steps being executted in the Concept are: 1:2
[INFO ][2016-02-09 22:30:36,167][com.java.TestType] [  462] - Test data details path ---------- D:\BankersDashboard\TestInputs\TestData.xls
[INFO ][2016-02-09 22:30:36,184][com.java.TestType] [  493] -  str(1) = 2
[INFO ][2016-02-09 22:30:36,184][com.java.TestType] [  496] - Test case Id is---2
[INFO ][2016-02-09 22:30:36,184][com.java.TestType] [  498] - 2
[INFO ][2016-02-09 22:30:36,184][com.java.TestType] [  493] -  str(2) = 1
[INFO ][2016-02-09 22:30:36,186][com.java.TestType] [  493] -  str(1) = 2
[INFO ][2016-02-09 22:30:36,186][com.java.TestType] [  496] - Test case Id is---2
[INFO ][2016-02-09 22:30:36,186][com.java.TestType] [  498] - 2
[INFO ][2016-02-09 22:30:36,186][com.java.TestType] [  493] -  str(2) = 2
[INFO ][2016-02-09 22:30:36,186][com.java.TestType] [  493] -  str(1) = 2
[INFO ][2016-02-09 22:30:36,186][com.java.TestType] [  496] - Test case Id is---2
[INFO ][2016-02-09 22:30:36,186][com.java.TestType] [  498] - 2
[INFO ][2016-02-09 22:30:36,187][com.java.TestType] [  493] -  str(2) = 3
[INFO ][2016-02-09 22:30:36,187][com.java.TestType] [12138] - Looping 1TCID = 2
[DEBUG][2016-02-09 22:30:36,187][com.java.TestType] [12179] - Concept ID:2 :: Step being Executed: 2::1
[INFO ][2016-02-09 22:30:36,187][com.java.TestType] [12217] - dataFields : BNK//select[@id='bank']
[DEBUG][2016-02-09 22:30:36,187][com.java.TestType] [12223] - <In Set values of the page>
[DEBUG][2016-02-09 22:30:36,188][com.java.TestType] [12228] - {Data Fields & Data Values Exist}
[INFO ][2016-02-09 22:30:36,188][com.java.TestType] [12234] - --------------------------setting values-----------------------------
[INFO ][2016-02-09 22:30:36,188][com.java.TestType] [12237] - Action Type : Select
[INFO ][2016-02-09 22:30:36,188][com.java.TestType] [ 6752] - value = PFC
[INFO ][2016-02-09 22:30:36,416][com.java.TestType] [12256] -  RESULT true
[INFO ][2016-02-09 22:30:36,416][com.java.TestType] [12373] - ?   P A S S   ?
[DEBUG][2016-02-09 22:30:36,416][com.java.TestType] [12179] - Concept ID:2 :: Step being Executed: 2::2
[INFO ][2016-02-09 22:30:36,416][com.java.TestType] [12217] - dataFields : LNKLogout
[DEBUG][2016-02-09 22:30:36,416][com.java.TestType] [12223] - <In Set values of the page>
[DEBUG][2016-02-09 22:30:36,416][com.java.TestType] [12228] - {Data Fields & Data Values Exist}
[INFO ][2016-02-09 22:30:36,416][com.java.TestType] [12234] - --------------------------setting values-----------------------------
[INFO ][2016-02-09 22:30:36,416][com.java.TestType] [12237] - Action Type : WaitTime
[DEBUG][2016-02-09 22:30:36,417][com.java.TestType] [ 6561] - sleepTime: 5000
[INFO ][2016-02-09 22:30:41,416][com.java.TestType] [12256] -  RESULT true
[INFO ][2016-02-09 22:30:41,416][com.java.TestType] [12373] - ?   P A S S   ?
[INFO ][2016-02-09 22:30:41,416][com.java.TestType] [12444] - Looping End......
[INFO ][2016-02-09 22:30:41,417][com.java.SeleniumDriver] [  930] -  RESULT true
[INFO ][2016-02-09 22:30:41,417][com.java.SeleniumDriver] [ 1136] - ?   P A S S   ?
[INFO ][2016-02-09 22:30:41,417][com.java.SeleniumDriver] [  856] - ------------------------------------------
[INFO ][2016-02-09 22:30:41,417][com.java.SeleniumDriver] [  857] - Test case being Executed: 9
[INFO ][2016-02-09 22:30:41,418][com.java.SeleniumDriver] [  869] - Test step:4
[INFO ][2016-02-09 22:30:41,418][com.java.SeleniumDriver] [  881] - Datavalue is----------2
[INFO ][2016-02-09 22:30:41,418][com.java.SeleniumDriver] [  905] - DataField : XPH//span[@class='icon-compass']
[INFO ][2016-02-09 22:30:41,418][com.java.SeleniumDriver] [  907] - DataValue : 2
[INFO ][2016-02-09 22:30:41,418][com.java.SeleniumDriver] [  913] - <In Set values of the page>
[INFO ][2016-02-09 22:30:41,418][com.java.SeleniumDriver] [  916] - {Data Fields & Data Values Exist}
[INFO ][2016-02-09 22:30:41,418][com.java.SeleniumDriver] [  918] - --------------------------setting values-----------------------------
[INFO ][2016-02-09 22:30:41,418][com.java.SeleniumDriver] [  921] - Action Type : WaitForElement
[INFO ][2016-02-09 22:30:41,454][com.java.SeleniumDriver] [  930] -  RESULT true
[INFO ][2016-02-09 22:30:41,454][com.java.SeleniumDriver] [ 1136] - ?   P A S S   ?
[INFO ][2016-02-09 22:30:41,454][com.java.SeleniumDriver] [  856] - ------------------------------------------
[INFO ][2016-02-09 22:30:41,454][com.java.SeleniumDriver] [  857] - Test case being Executed: 9
[INFO ][2016-02-09 22:30:41,454][com.java.SeleniumDriver] [  869] - Test step:5
[INFO ][2016-02-09 22:30:41,454][com.java.SeleniumDriver] [  881] - Datavalue is----------2
[INFO ][2016-02-09 22:30:41,454][com.java.SeleniumDriver] [  905] - DataField : XPH//button[contains(@class,'menu-item handle')]
[INFO ][2016-02-09 22:30:41,455][com.java.SeleniumDriver] [  907] - DataValue : 2
[INFO ][2016-02-09 22:30:41,455][com.java.SeleniumDriver] [  913] - <In Set values of the page>
[INFO ][2016-02-09 22:30:41,455][com.java.SeleniumDriver] [  916] - {Data Fields & Data Values Exist}
[INFO ][2016-02-09 22:30:41,455][com.java.SeleniumDriver] [  918] - --------------------------setting values-----------------------------
[INFO ][2016-02-09 22:30:41,455][com.java.SeleniumDriver] [  921] - Action Type : WaitForElement
[INFO ][2016-02-09 22:30:41,490][com.java.SeleniumDriver] [  930] -  RESULT true
[INFO ][2016-02-09 22:30:41,490][com.java.SeleniumDriver] [ 1136] - ?   P A S S   ?
[INFO ][2016-02-09 22:30:41,490][com.java.SeleniumDriver] [  856] - ------------------------------------------
[INFO ][2016-02-09 22:30:41,490][com.java.SeleniumDriver] [  857] - Test case being Executed: 9
[INFO ][2016-02-09 22:30:41,490][com.java.SeleniumDriver] [  869] - Test step:6
[INFO ][2016-02-09 22:30:41,491][com.java.SeleniumDriver] [  881] - Datavalue is----------null
[DEBUG][2016-02-09 22:30:41,491][com.java.SeleniumDriver] [  899] - Exception: null
[INFO ][2016-02-09 22:30:41,491][com.java.SeleniumDriver] [  905] - DataField : XPH//button[contains(@class,'menu-item handle')]
[INFO ][2016-02-09 22:30:41,491][com.java.SeleniumDriver] [  907] - DataValue : 
[INFO ][2016-02-09 22:30:41,491][com.java.SeleniumDriver] [  913] - <In Set values of the page>
[INFO ][2016-02-09 22:30:41,491][com.java.SeleniumDriver] [  916] - {Data Fields & Data Values Exist}
[INFO ][2016-02-09 22:30:41,491][com.java.SeleniumDriver] [  918] - --------------------------setting values-----------------------------
[INFO ][2016-02-09 22:30:41,491][com.java.SeleniumDriver] [  921] - Action Type : Click
[INFO ][2016-02-09 22:30:41,491][com.java.TestType] [ 7153] - Field ::XPH//button[contains(@class,'menu-item handle')]
[INFO ][2016-02-09 22:30:41,491][com.java.TestType] [ 6752] - value = 
[INFO ][2016-02-09 22:30:42,491][com.java.TestType] [ 7330] - BEFORE CLICK
[INFO ][2016-02-09 22:30:43,374][com.java.TestType] [ 7338] - Unable to click the object Collapse Menu
[INFO ][2016-02-09 22:30:43,374][com.java.SeleniumDriver] [  930] -  RESULT true
[INFO ][2016-02-09 22:30:43,374][com.java.SeleniumDriver] [ 1136] - ?   P A S S   ?
[INFO ][2016-02-09 22:30:43,374][com.java.SeleniumDriver] [  856] - ------------------------------------------
[INFO ][2016-02-09 22:30:43,374][com.java.SeleniumDriver] [  857] - Test case being Executed: 9
[INFO ][2016-02-09 22:30:43,374][com.java.SeleniumDriver] [  869] - Test step:7
[INFO ][2016-02-09 22:30:43,374][com.java.SeleniumDriver] [  881] - Datavalue is----------null
[DEBUG][2016-02-09 22:30:43,374][com.java.SeleniumDriver] [  899] - Exception: null
[INFO ][2016-02-09 22:30:43,374][com.java.SeleniumDriver] [  905] - DataField : XPH//button[@id='menu-toggle']
[INFO ][2016-02-09 22:30:43,374][com.java.SeleniumDriver] [  907] - DataValue : 
[INFO ][2016-02-09 22:30:43,374][com.java.SeleniumDriver] [  913] - <In Set values of the page>
[INFO ][2016-02-09 22:30:43,374][com.java.SeleniumDriver] [  916] - {Data Fields & Data Values Exist}
[INFO ][2016-02-09 22:30:43,375][com.java.SeleniumDriver] [  918] - --------------------------setting values-----------------------------
[INFO ][2016-02-09 22:30:43,375][com.java.SeleniumDriver] [  921] - Action Type : Click
[INFO ][2016-02-09 22:30:43,375][com.java.TestType] [ 7153] - Field ::XPH//button[@id='menu-toggle']
[INFO ][2016-02-09 22:30:43,375][com.java.TestType] [ 6752] - value = 
[INFO ][2016-02-09 22:30:44,375][com.java.TestType] [ 7330] - BEFORE CLICK
[INFO ][2016-02-09 22:30:45,919][com.java.TestType] [ 7338] - Unable to click the object Hide left menu 
[INFO ][2016-02-09 22:30:45,919][com.java.SeleniumDriver] [  930] -  RESULT true
[INFO ][2016-02-09 22:30:45,919][com.java.SeleniumDriver] [ 1136] - ?   P A S S   ?
[INFO ][2016-02-09 22:30:45,919][com.java.SeleniumDriver] [  856] - ------------------------------------------
[INFO ][2016-02-09 22:30:45,919][com.java.SeleniumDriver] [  857] - Test case being Executed: 9
[INFO ][2016-02-09 22:30:45,919][com.java.SeleniumDriver] [  869] - Test step:8
[INFO ][2016-02-09 22:30:45,919][com.java.SeleniumDriver] [  881] - Datavalue is----------null
[DEBUG][2016-02-09 22:30:45,919][com.java.SeleniumDriver] [  899] - Exception: null
[INFO ][2016-02-09 22:30:45,919][com.java.SeleniumDriver] [  905] - DataField : XPH//button[@id='menu-toggle']
[INFO ][2016-02-09 22:30:45,919][com.java.SeleniumDriver] [  907] - DataValue : 
[INFO ][2016-02-09 22:30:45,919][com.java.SeleniumDriver] [  913] - <In Set values of the page>
[INFO ][2016-02-09 22:30:45,919][com.java.SeleniumDriver] [  916] - {Data Fields & Data Values Exist}
[INFO ][2016-02-09 22:30:45,920][com.java.SeleniumDriver] [  918] - --------------------------setting values-----------------------------
[INFO ][2016-02-09 22:30:45,920][com.java.SeleniumDriver] [  921] - Action Type : Click
[INFO ][2016-02-09 22:30:45,920][com.java.TestType] [ 7153] - Field ::XPH//button[@id='menu-toggle']
[INFO ][2016-02-09 22:30:45,920][com.java.TestType] [ 6752] - value = 
[INFO ][2016-02-09 22:30:46,920][com.java.TestType] [ 7330] - BEFORE CLICK
[INFO ][2016-02-09 22:30:48,225][com.java.TestType] [ 7338] - Unable to click the object Hide left menu 
[INFO ][2016-02-09 22:30:48,225][com.java.SeleniumDriver] [  930] -  RESULT true
[INFO ][2016-02-09 22:30:48,225][com.java.SeleniumDriver] [ 1136] - ?   P A S S   ?
[INFO ][2016-02-09 22:30:48,225][com.java.SeleniumDriver] [  856] - ------------------------------------------
[INFO ][2016-02-09 22:30:48,225][com.java.SeleniumDriver] [  857] - Test case being Executed: 9
[INFO ][2016-02-09 22:30:48,225][com.java.SeleniumDriver] [  869] - Test step:9
[INFO ][2016-02-09 22:30:48,225][com.java.SeleniumDriver] [  881] - Datavalue is----------null
[DEBUG][2016-02-09 22:30:48,225][com.java.SeleniumDriver] [  899] - Exception: null
[INFO ][2016-02-09 22:30:48,225][com.java.SeleniumDriver] [  905] - DataField : XPH//button[@class='menu-item handle']
[INFO ][2016-02-09 22:30:48,225][com.java.SeleniumDriver] [  907] - DataValue : 
[INFO ][2016-02-09 22:30:48,225][com.java.SeleniumDriver] [  913] - <In Set values of the page>
[INFO ][2016-02-09 22:30:48,225][com.java.SeleniumDriver] [  916] - {Data Fields & Data Values Exist}
[INFO ][2016-02-09 22:30:48,226][com.java.SeleniumDriver] [  918] - --------------------------setting values-----------------------------
[INFO ][2016-02-09 22:30:48,226][com.java.SeleniumDriver] [  921] - Action Type : Click
[INFO ][2016-02-09 22:30:48,226][com.java.TestType] [ 7153] - Field ::XPH//button[@class='menu-item handle']
[INFO ][2016-02-09 22:30:48,226][com.java.TestType] [ 6752] - value = 
[INFO ][2016-02-09 22:30:49,227][com.java.TestType] [ 7330] - BEFORE CLICK
[INFO ][2016-02-09 22:30:50,289][com.java.TestType] [ 7338] - Unable to click the object Expand menu
[INFO ][2016-02-09 22:30:50,289][com.java.SeleniumDriver] [  930] -  RESULT true
[INFO ][2016-02-09 22:30:50,289][com.java.SeleniumDriver] [ 1136] - ?   P A S S   ?
[INFO ][2016-02-09 22:30:50,289][com.java.SeleniumDriver] [  856] - ------------------------------------------
[INFO ][2016-02-09 22:30:50,289][com.java.SeleniumDriver] [  857] - Test case being Executed: 9
[INFO ][2016-02-09 22:30:50,289][com.java.SeleniumDriver] [  869] - Test step:10
[INFO ][2016-02-09 22:30:50,289][com.java.SeleniumDriver] [  881] - Datavalue is----------2
[INFO ][2016-02-09 22:30:50,289][com.java.SeleniumDriver] [  905] - DataField : XPH//div[@class="menu"]//span[@class='glyphicon glyphicon-bell']
[INFO ][2016-02-09 22:30:50,289][com.java.SeleniumDriver] [  907] - DataValue : 2
[INFO ][2016-02-09 22:30:50,289][com.java.SeleniumDriver] [  913] - <In Set values of the page>
[INFO ][2016-02-09 22:30:50,289][com.java.SeleniumDriver] [  916] - {Data Fields & Data Values Exist}
[INFO ][2016-02-09 22:30:50,289][com.java.SeleniumDriver] [  918] - --------------------------setting values-----------------------------
[INFO ][2016-02-09 22:30:50,289][com.java.SeleniumDriver] [  921] - Action Type : WaitForElement
[INFO ][2016-02-09 22:30:50,347][com.java.SeleniumDriver] [  930] -  RESULT true
[INFO ][2016-02-09 22:30:50,347][com.java.SeleniumDriver] [ 1136] - ?   P A S S   ?
[INFO ][2016-02-09 22:30:50,347][com.java.SeleniumDriver] [  856] - ------------------------------------------
[INFO ][2016-02-09 22:30:50,347][com.java.SeleniumDriver] [  857] - Test case being Executed: 9
[INFO ][2016-02-09 22:30:50,347][com.java.SeleniumDriver] [  869] - Test step:11
[INFO ][2016-02-09 22:30:50,347][com.java.SeleniumDriver] [  881] - Datavalue is----------null
[DEBUG][2016-02-09 22:30:50,347][com.java.SeleniumDriver] [  899] - Exception: null
[INFO ][2016-02-09 22:30:50,347][com.java.SeleniumDriver] [  905] - DataField : XPH//div[@class="menu"]//span[@class='glyphicon glyphicon-bell']
[INFO ][2016-02-09 22:30:50,347][com.java.SeleniumDriver] [  907] - DataValue : 
[INFO ][2016-02-09 22:30:50,347][com.java.SeleniumDriver] [  913] - <In Set values of the page>
[INFO ][2016-02-09 22:30:50,347][com.java.SeleniumDriver] [  916] - {Data Fields & Data Values Exist}
[INFO ][2016-02-09 22:30:50,347][com.java.SeleniumDriver] [  918] - --------------------------setting values-----------------------------
[INFO ][2016-02-09 22:30:50,347][com.java.SeleniumDriver] [  921] - Action Type : Click
[INFO ][2016-02-09 22:30:50,347][com.java.TestType] [ 7153] - Field ::XPH//div[@class="menu"]//span[@class='glyphicon glyphicon-bell']
[INFO ][2016-02-09 22:30:50,348][com.java.TestType] [ 6752] - value = 
[INFO ][2016-02-09 22:30:51,347][com.java.TestType] [ 7330] - BEFORE CLICK
[INFO ][2016-02-09 22:30:52,284][com.java.TestType] [ 7338] - Unable to click the object Bell Icon
[INFO ][2016-02-09 22:30:52,284][com.java.SeleniumDriver] [  930] -  RESULT true
[INFO ][2016-02-09 22:30:52,284][com.java.SeleniumDriver] [ 1136] - ?   P A S S   ?
[INFO ][2016-02-09 22:30:52,284][com.java.SeleniumDriver] [  856] - ------------------------------------------
[INFO ][2016-02-09 22:30:52,284][com.java.SeleniumDriver] [  857] - Test case being Executed: 9
[INFO ][2016-02-09 22:30:52,284][com.java.SeleniumDriver] [  869] - Test step:12
[INFO ][2016-02-09 22:30:52,284][com.java.SeleniumDriver] [  881] - Datavalue is----------//div[@class="body"]//button[@data-original-title="Collapse Menu" ]
[INFO ][2016-02-09 22:30:52,286][com.java.SeleniumDriver] [  905] - DataField : BTN
[INFO ][2016-02-09 22:30:52,286][com.java.SeleniumDriver] [  907] - DataValue : //div[@class="body"]//button[@data-original-title="Collapse Menu" ]
[INFO ][2016-02-09 22:30:52,286][com.java.SeleniumDriver] [  913] - <In Set values of the page>
[INFO ][2016-02-09 22:30:52,286][com.java.SeleniumDriver] [  916] - {Data Fields & Data Values Exist}
[INFO ][2016-02-09 22:30:52,286][com.java.SeleniumDriver] [  918] - --------------------------setting values-----------------------------
[INFO ][2016-02-09 22:30:52,286][com.java.SeleniumDriver] [  921] - Action Type : VERIFY
[INFO ][2016-02-09 22:30:52,286][com.java.TestType] [ 8386] - field= BTN value= //div[@class="body"]//button[@data-original-title="Collapse Menu" ]
[INFO ][2016-02-09 22:30:52,286][com.java.TestType] [ 6752] - value = //div[@class="body"]//button[@data-original-title="Collapse Menu" ]
[INFO ][2016-02-09 22:30:52,356][com.java.SeleniumDriver] [  930] -  RESULT true
[INFO ][2016-02-09 22:30:52,356][com.java.SeleniumDriver] [ 1136] - ?   P A S S   ?
[INFO ][2016-02-09 22:30:52,356][com.java.SeleniumDriver] [ 1178] - step change to 14
[INFO ][2016-02-09 22:30:52,356][com.java.SeleniumDriver] [  856] - ------------------------------------------
[INFO ][2016-02-09 22:30:52,356][com.java.SeleniumDriver] [  857] - Test case being Executed: 9
[WARN ][2016-02-09 22:30:52,356][com.java.SeleniumDriver] [  861] - -----------------------Step Skipped:: 	TestCaseNo:  9	 StepNo: 14  	::	Action Type:  WaitForElement 	::		ClientName In TestData:  "SKIP" 	::	ClientName in config:  "Any Bank USA"-----------------------------
[INFO ][2016-02-09 22:30:52,356][com.java.SeleniumDriver] [  856] - ------------------------------------------
[INFO ][2016-02-09 22:30:52,357][com.java.SeleniumDriver] [  857] - Test case being Executed: 9
[INFO ][2016-02-09 22:30:52,357][com.java.SeleniumDriver] [  869] - Test step:15
[INFO ][2016-02-09 22:30:52,357][com.java.SeleniumDriver] [  881] - Datavalue is----------null
[DEBUG][2016-02-09 22:30:52,357][com.java.SeleniumDriver] [  899] - Exception: null
[INFO ][2016-02-09 22:30:52,357][com.java.SeleniumDriver] [  905] - DataField : XPH//div[@class='panel panel-default ng-scope'][2]//span[@class='glyphicon glyphicon-play']
[INFO ][2016-02-09 22:30:52,357][com.java.SeleniumDriver] [  907] - DataValue : 
[INFO ][2016-02-09 22:30:52,357][com.java.SeleniumDriver] [  913] - <In Set values of the page>
[INFO ][2016-02-09 22:30:52,357][com.java.SeleniumDriver] [  916] - {Data Fields & Data Values Exist}
[INFO ][2016-02-09 22:30:52,357][com.java.SeleniumDriver] [  918] - --------------------------setting values-----------------------------
[INFO ][2016-02-09 22:30:52,357][com.java.SeleniumDriver] [  921] - Action Type : Click
[INFO ][2016-02-09 22:30:52,357][com.java.TestType] [ 7153] - Field ::XPH//div[@class='panel panel-default ng-scope'][2]//span[@class='glyphicon glyphicon-play']
[INFO ][2016-02-09 22:30:52,357][com.java.TestType] [ 6752] - value = 
[INFO ][2016-02-09 22:30:53,357][com.java.TestType] [ 7330] - BEFORE CLICK
[INFO ][2016-02-09 22:30:54,272][com.java.TestType] [ 7338] - Unable to click the object Click BS triangle
[INFO ][2016-02-09 22:30:54,272][com.java.SeleniumDriver] [  930] -  RESULT true
[INFO ][2016-02-09 22:30:54,272][com.java.SeleniumDriver] [ 1136] - ?   P A S S   ?
[INFO ][2016-02-09 22:30:54,272][com.java.SeleniumDriver] [  856] - ------------------------------------------
[INFO ][2016-02-09 22:30:54,272][com.java.SeleniumDriver] [  857] - Test case being Executed: 9
[INFO ][2016-02-09 22:30:54,272][com.java.SeleniumDriver] [  869] - Test step:16
[INFO ][2016-02-09 22:30:54,272][com.java.SeleniumDriver] [  881] - Datavalue is----------null
[DEBUG][2016-02-09 22:30:54,272][com.java.SeleniumDriver] [  899] - Exception: null
[INFO ][2016-02-09 22:30:54,272][com.java.SeleniumDriver] [  905] - DataField : XPH//div[@class='panel panel-default ng-scope'][2]//span[@class='glyphicon glyphicon-play down']
[INFO ][2016-02-09 22:30:54,272][com.java.SeleniumDriver] [  907] - DataValue : 
[INFO ][2016-02-09 22:30:54,272][com.java.SeleniumDriver] [  913] - <In Set values of the page>
[INFO ][2016-02-09 22:30:54,272][com.java.SeleniumDriver] [  916] - {Data Fields & Data Values Exist}
[INFO ][2016-02-09 22:30:54,273][com.java.SeleniumDriver] [  918] - --------------------------setting values-----------------------------
[INFO ][2016-02-09 22:30:54,273][com.java.SeleniumDriver] [  921] - Action Type : Click
[INFO ][2016-02-09 22:30:54,273][com.java.TestType] [ 7153] - Field ::XPH//div[@class='panel panel-default ng-scope'][2]//span[@class='glyphicon glyphicon-play down']
[INFO ][2016-02-09 22:30:54,273][com.java.TestType] [ 6752] - value = 
[INFO ][2016-02-09 22:30:55,273][com.java.TestType] [ 7330] - BEFORE CLICK
[INFO ][2016-02-09 22:30:56,175][com.java.TestType] [ 7338] - Unable to click the object Click BS triangle
[INFO ][2016-02-09 22:30:56,175][com.java.SeleniumDriver] [  930] -  RESULT true
[INFO ][2016-02-09 22:30:56,175][com.java.SeleniumDriver] [ 1136] - ?   P A S S   ?
[INFO ][2016-02-09 22:30:56,175][com.java.SeleniumDriver] [  856] - ------------------------------------------
[INFO ][2016-02-09 22:30:56,175][com.java.SeleniumDriver] [  857] - Test case being Executed: 9
[INFO ][2016-02-09 22:30:56,175][com.java.SeleniumDriver] [  869] - Test step:17
[INFO ][2016-02-09 22:30:56,175][com.java.SeleniumDriver] [  881] - Datavalue is----------//div[@id='isAlertsHeading']//span[@title='Show Report']
[INFO ][2016-02-09 22:30:56,175][com.java.SeleniumDriver] [  905] - DataField : BTN
[INFO ][2016-02-09 22:30:56,175][com.java.SeleniumDriver] [  907] - DataValue : //div[@id='isAlertsHeading']//span[@title='Show Report']
[INFO ][2016-02-09 22:30:56,175][com.java.SeleniumDriver] [  913] - <In Set values of the page>
[INFO ][2016-02-09 22:30:56,175][com.java.SeleniumDriver] [  916] - {Data Fields & Data Values Exist}
[INFO ][2016-02-09 22:30:56,175][com.java.SeleniumDriver] [  918] - --------------------------setting values-----------------------------
[INFO ][2016-02-09 22:30:56,175][com.java.SeleniumDriver] [  921] - Action Type : VERIFY
[INFO ][2016-02-09 22:30:56,176][com.java.TestType] [ 8386] - field= BTN value= //div[@id='isAlertsHeading']//span[@title='Show Report']
[INFO ][2016-02-09 22:30:56,176][com.java.TestType] [ 6752] - value = //div[@id='isAlertsHeading']//span[@title='Show Report']
[INFO ][2016-02-09 22:30:56,266][com.java.SeleniumDriver] [  930] -  RESULT true
[INFO ][2016-02-09 22:30:56,266][com.java.SeleniumDriver] [ 1136] - ?   P A S S   ?
[INFO ][2016-02-09 22:30:56,266][com.java.SeleniumDriver] [ 1173] - Continue next step...
[INFO ][2016-02-09 22:30:56,266][com.java.SeleniumDriver] [  856] - ------------------------------------------
[INFO ][2016-02-09 22:30:56,267][com.java.SeleniumDriver] [  857] - Test case being Executed: 9
[INFO ][2016-02-09 22:30:56,267][com.java.SeleniumDriver] [  869] - Test step:18
[INFO ][2016-02-09 22:30:56,267][com.java.SeleniumDriver] [  881] - Datavalue is----------numberofupdatesbeforerefreshing
[INFO ][2016-02-09 22:30:56,267][com.java.SeleniumDriver] [  905] - DataField : XPH//span[@class='badge ng-binding ng-scope']
[INFO ][2016-02-09 22:30:56,267][com.java.SeleniumDriver] [  907] - DataValue : numberofupdatesbeforerefreshing
[INFO ][2016-02-09 22:30:56,267][com.java.SeleniumDriver] [  913] - <In Set values of the page>
[INFO ][2016-02-09 22:30:56,267][com.java.SeleniumDriver] [  916] - {Data Fields & Data Values Exist}
[INFO ][2016-02-09 22:30:56,267][com.java.SeleniumDriver] [  918] - --------------------------setting values-----------------------------
[INFO ][2016-02-09 22:30:56,267][com.java.SeleniumDriver] [  921] - Action Type : storevalue
[INFO ][2016-02-09 22:30:56,267][com.java.TestType] [ 9903] - field= XPH//span[@class='badge ng-binding ng-scope']
[DEBUG][2016-02-09 22:30:56,381][com.java.TestType] [ 9958] - Key:: numberofupdatesbeforerefreshing   Value:: 16
[INFO ][2016-02-09 22:30:56,381][com.java.SeleniumDriver] [  930] -  RESULT true
[INFO ][2016-02-09 22:30:56,381][com.java.SeleniumDriver] [ 1136] - ?   P A S S   ?
[INFO ][2016-02-09 22:30:56,381][com.java.SeleniumDriver] [  856] - ------------------------------------------
[INFO ][2016-02-09 22:30:56,381][com.java.SeleniumDriver] [  857] - Test case being Executed: 9
[INFO ][2016-02-09 22:30:56,381][com.java.SeleniumDriver] [  869] - Test step:19
[INFO ][2016-02-09 22:30:56,381][com.java.SeleniumDriver] [  881] - Datavalue is----------2
[INFO ][2016-02-09 22:30:56,381][com.java.SeleniumDriver] [  905] - DataField : XPH//span[contains(text(), "Today's Alerts")]
[INFO ][2016-02-09 22:30:56,382][com.java.SeleniumDriver] [  907] - DataValue : 2
[INFO ][2016-02-09 22:30:56,382][com.java.SeleniumDriver] [  913] - <In Set values of the page>
[INFO ][2016-02-09 22:30:56,382][com.java.SeleniumDriver] [  916] - {Data Fields & Data Values Exist}
[INFO ][2016-02-09 22:30:56,382][com.java.SeleniumDriver] [  918] - --------------------------setting values-----------------------------
[INFO ][2016-02-09 22:30:56,382][com.java.SeleniumDriver] [  921] - Action Type : WaitForElement
[INFO ][2016-02-09 22:30:56,418][com.java.SeleniumDriver] [  930] -  RESULT true
[INFO ][2016-02-09 22:30:56,418][com.java.SeleniumDriver] [ 1136] - ?   P A S S   ?
[INFO ][2016-02-09 22:30:56,418][com.java.SeleniumDriver] [  856] - ------------------------------------------
[INFO ][2016-02-09 22:30:56,418][com.java.SeleniumDriver] [  857] - Test case being Executed: 9
[INFO ][2016-02-09 22:30:56,418][com.java.SeleniumDriver] [  869] - Test step:20
[INFO ][2016-02-09 22:30:56,418][com.java.SeleniumDriver] [  881] - Datavalue is----------Today's Alerts
[INFO ][2016-02-09 22:30:56,418][com.java.SeleniumDriver] [  905] - DataField : XPH//span[contains(text(), "Today's Alerts")]
[INFO ][2016-02-09 22:30:56,418][com.java.SeleniumDriver] [  907] - DataValue : Today's Alerts
[INFO ][2016-02-09 22:30:56,418][com.java.SeleniumDriver] [  913] - <In Set values of the page>
[INFO ][2016-02-09 22:30:56,418][com.java.SeleniumDriver] [  916] - {Data Fields & Data Values Exist}
[INFO ][2016-02-09 22:30:56,418][com.java.SeleniumDriver] [  918] - --------------------------setting values-----------------------------
[INFO ][2016-02-09 22:30:56,418][com.java.SeleniumDriver] [  921] - Action Type : VERIFY
[INFO ][2016-02-09 22:30:56,418][com.java.TestType] [ 8386] - field= XPH//span[contains(text(), "Today's Alerts")] value= Today's Alerts
[INFO ][2016-02-09 22:30:56,418][com.java.TestType] [ 6752] - value = Today's Alerts
[INFO ][2016-02-09 22:30:56,572][com.java.SeleniumDriver] [  930] -  RESULT true
[INFO ][2016-02-09 22:30:56,572][com.java.SeleniumDriver] [ 1136] - ?   P A S S   ?
[INFO ][2016-02-09 22:30:56,572][com.java.SeleniumDriver] [  856] - ------------------------------------------
[INFO ][2016-02-09 22:30:56,572][com.java.SeleniumDriver] [  857] - Test case being Executed: 9
[WARN ][2016-02-09 22:30:56,572][com.java.SeleniumDriver] [  861] - -----------------------Step Skipped:: 	TestCaseNo:  9	 StepNo: 21  	::	Action Type:  verifypresent 	::		ClientName In TestData:  "SKIP" 	::	ClientName in config:  "Any Bank USA"-----------------------------
[INFO ][2016-02-09 22:30:56,572][com.java.SeleniumDriver] [  856] - ------------------------------------------
[INFO ][2016-02-09 22:30:56,572][com.java.SeleniumDriver] [  857] - Test case being Executed: 9
[INFO ][2016-02-09 22:30:56,572][com.java.SeleniumDriver] [  869] - Test step:22
[INFO ][2016-02-09 22:30:56,572][com.java.SeleniumDriver] [  881] - Datavalue is----------null
[DEBUG][2016-02-09 22:30:56,573][com.java.SeleniumDriver] [  899] - Exception: null
[INFO ][2016-02-09 22:30:56,573][com.java.SeleniumDriver] [  905] - DataField : XPH//div[@id='isAlertsHeading']//span[@title='Show Report']
[INFO ][2016-02-09 22:30:56,573][com.java.SeleniumDriver] [  907] - DataValue : 
[INFO ][2016-02-09 22:30:56,573][com.java.SeleniumDriver] [  913] - <In Set values of the page>
[INFO ][2016-02-09 22:30:56,573][com.java.SeleniumDriver] [  916] - {Data Fields & Data Values Exist}
[INFO ][2016-02-09 22:30:56,573][com.java.SeleniumDriver] [  918] - --------------------------setting values-----------------------------
[INFO ][2016-02-09 22:30:56,573][com.java.SeleniumDriver] [  921] - Action Type : Click
[INFO ][2016-02-09 22:30:56,573][com.java.TestType] [ 7153] - Field ::XPH//div[@id='isAlertsHeading']//span[@title='Show Report']
[INFO ][2016-02-09 22:30:56,573][com.java.TestType] [ 6752] - value = 
[INFO ][2016-02-09 22:30:57,573][com.java.TestType] [ 7330] - BEFORE CLICK
[INFO ][2016-02-09 22:30:58,934][com.java.TestType] [ 7338] - Unable to click the object Show Report Icon
[INFO ][2016-02-09 22:30:58,934][com.java.SeleniumDriver] [  930] -  RESULT true
[INFO ][2016-02-09 22:30:58,934][com.java.SeleniumDriver] [ 1136] - ?   P A S S   ?
[INFO ][2016-02-09 22:30:58,934][com.java.SeleniumDriver] [  856] - ------------------------------------------
[INFO ][2016-02-09 22:30:58,934][com.java.SeleniumDriver] [  857] - Test case being Executed: 9
[INFO ][2016-02-09 22:30:58,934][com.java.SeleniumDriver] [  869] - Test step:23
[INFO ][2016-02-09 22:30:58,934][com.java.SeleniumDriver] [  881] - Datavalue is----------null
[DEBUG][2016-02-09 22:30:58,935][com.java.SeleniumDriver] [  899] - Exception: null
[INFO ][2016-02-09 22:30:58,935][com.java.SeleniumDriver] [  905] - DataField : XPH//a[@id='aTab2']
[INFO ][2016-02-09 22:30:58,935][com.java.SeleniumDriver] [  907] - DataValue : 
[INFO ][2016-02-09 22:30:58,935][com.java.SeleniumDriver] [  913] - <In Set values of the page>
[INFO ][2016-02-09 22:30:58,935][com.java.SeleniumDriver] [  916] - {Data Fields & Data Values Exist}
[INFO ][2016-02-09 22:30:58,935][com.java.SeleniumDriver] [  918] - --------------------------setting values-----------------------------
[INFO ][2016-02-09 22:30:58,935][com.java.SeleniumDriver] [  921] - Action Type : Click
[INFO ][2016-02-09 22:30:58,935][com.java.TestType] [ 7153] - Field ::XPH//a[@id='aTab2']
[INFO ][2016-02-09 22:30:58,935][com.java.TestType] [ 6752] - value = 
[INFO ][2016-02-09 22:30:59,935][com.java.TestType] [ 7330] - BEFORE CLICK
[INFO ][2016-02-09 22:31:00,878][com.java.TestType] [ 7338] - Unable to click the object Balance Sheet Compare report on second tab
[INFO ][2016-02-09 22:31:00,878][com.java.SeleniumDriver] [  930] -  RESULT true
[INFO ][2016-02-09 22:31:00,878][com.java.SeleniumDriver] [ 1136] - ?   P A S S   ?
[INFO ][2016-02-09 22:31:00,878][com.java.SeleniumDriver] [  856] - ------------------------------------------
[INFO ][2016-02-09 22:31:00,878][com.java.SeleniumDriver] [  857] - Test case being Executed: 9
[INFO ][2016-02-09 22:31:00,878][com.java.SeleniumDriver] [  869] - Test step:24
[INFO ][2016-02-09 22:31:00,878][com.java.SeleniumDriver] [  881] - Datavalue is----------2
[INFO ][2016-02-09 22:31:00,878][com.java.SeleniumDriver] [  905] - DataField : XPH//td[contains(text(),'Income Statement Compare')]
[INFO ][2016-02-09 22:31:00,878][com.java.SeleniumDriver] [  907] - DataValue : 2
[INFO ][2016-02-09 22:31:00,878][com.java.SeleniumDriver] [  913] - <In Set values of the page>
[INFO ][2016-02-09 22:31:00,878][com.java.SeleniumDriver] [  916] - {Data Fields & Data Values Exist}
[INFO ][2016-02-09 22:31:00,878][com.java.SeleniumDriver] [  918] - --------------------------setting values-----------------------------
[INFO ][2016-02-09 22:31:00,878][com.java.SeleniumDriver] [  921] - Action Type : WaitForElement
[INFO ][2016-02-09 22:31:00,934][com.java.SeleniumDriver] [  930] -  RESULT true
[INFO ][2016-02-09 22:31:00,934][com.java.SeleniumDriver] [ 1136] - ?   P A S S   ?
[INFO ][2016-02-09 22:31:00,934][com.java.SeleniumDriver] [  856] - ------------------------------------------
[INFO ][2016-02-09 22:31:00,934][com.java.SeleniumDriver] [  857] - Test case being Executed: 9
[INFO ][2016-02-09 22:31:00,934][com.java.SeleniumDriver] [  869] - Test step:25
[INFO ][2016-02-09 22:31:00,934][com.java.SeleniumDriver] [  881] - Datavalue is----------//td[contains(text(),'Income Statement Compare')]
[INFO ][2016-02-09 22:31:00,935][com.java.SeleniumDriver] [  905] - DataField : BTN
[INFO ][2016-02-09 22:31:00,935][com.java.SeleniumDriver] [  907] - DataValue : //td[contains(text(),'Income Statement Compare')]
[INFO ][2016-02-09 22:31:00,935][com.java.SeleniumDriver] [  913] - <In Set values of the page>
[INFO ][2016-02-09 22:31:00,935][com.java.SeleniumDriver] [  916] - {Data Fields & Data Values Exist}
[INFO ][2016-02-09 22:31:00,935][com.java.SeleniumDriver] [  918] - --------------------------setting values-----------------------------
[INFO ][2016-02-09 22:31:00,935][com.java.SeleniumDriver] [  921] - Action Type : VERIFY
[INFO ][2016-02-09 22:31:00,935][com.java.TestType] [ 8386] - field= BTN value= //td[contains(text(),'Income Statement Compare')]
[INFO ][2016-02-09 22:31:00,935][com.java.TestType] [ 6752] - value = //td[contains(text(),'Income Statement Compare')]
[INFO ][2016-02-09 22:31:01,006][com.java.SeleniumDriver] [  930] -  RESULT true
[INFO ][2016-02-09 22:31:01,006][com.java.SeleniumDriver] [ 1136] - ?   P A S S   ?
[INFO ][2016-02-09 22:31:01,006][com.java.SeleniumDriver] [  856] - ------------------------------------------
[INFO ][2016-02-09 22:31:01,006][com.java.SeleniumDriver] [  857] - Test case being Executed: 9
[INFO ][2016-02-09 22:31:01,006][com.java.SeleniumDriver] [  869] - Test step:26
[INFO ][2016-02-09 22:31:01,006][com.java.SeleniumDriver] [  881] - Datavalue is----------null
[DEBUG][2016-02-09 22:31:01,006][com.java.SeleniumDriver] [  899] - Exception: null
[INFO ][2016-02-09 22:31:01,006][com.java.SeleniumDriver] [  905] - DataField : BTNparent
[INFO ][2016-02-09 22:31:01,006][com.java.SeleniumDriver] [  907] - DataValue : 
[INFO ][2016-02-09 22:31:01,006][com.java.SeleniumDriver] [  913] - <In Set values of the page>
[INFO ][2016-02-09 22:31:01,006][com.java.SeleniumDriver] [  916] - {Data Fields & Data Values Exist}
[INFO ][2016-02-09 22:31:01,006][com.java.SeleniumDriver] [  918] - --------------------------setting values-----------------------------
[INFO ][2016-02-09 22:31:01,006][com.java.SeleniumDriver] [  921] - Action Type : SELECTFRAME
[INFO ][2016-02-09 22:31:01,021][com.java.SeleniumDriver] [  930] -  RESULT true
[INFO ][2016-02-09 22:31:01,021][com.java.SeleniumDriver] [ 1136] - ?   P A S S   ?
[INFO ][2016-02-09 22:31:01,021][com.java.SeleniumDriver] [  856] - ------------------------------------------
[INFO ][2016-02-09 22:31:01,021][com.java.SeleniumDriver] [  857] - Test case being Executed: 9
[INFO ][2016-02-09 22:31:01,021][com.java.SeleniumDriver] [  869] - Test step:27
[INFO ][2016-02-09 22:31:01,021][com.java.SeleniumDriver] [  881] - Datavalue is----------null
[DEBUG][2016-02-09 22:31:01,021][com.java.SeleniumDriver] [  899] - Exception: null
[INFO ][2016-02-09 22:31:01,021][com.java.SeleniumDriver] [  905] - DataField : XPH//a[@id='newTab']
[INFO ][2016-02-09 22:31:01,022][com.java.SeleniumDriver] [  907] - DataValue : 
[INFO ][2016-02-09 22:31:01,022][com.java.SeleniumDriver] [  913] - <In Set values of the page>
[INFO ][2016-02-09 22:31:01,022][com.java.SeleniumDriver] [  916] - {Data Fields & Data Values Exist}
[INFO ][2016-02-09 22:31:01,022][com.java.SeleniumDriver] [  918] - --------------------------setting values-----------------------------
[INFO ][2016-02-09 22:31:01,022][com.java.SeleniumDriver] [  921] - Action Type : Click
[INFO ][2016-02-09 22:31:01,022][com.java.TestType] [ 7153] - Field ::XPH//a[@id='newTab']
[INFO ][2016-02-09 22:31:01,022][com.java.TestType] [ 6752] - value = 
[INFO ][2016-02-09 22:31:02,021][com.java.TestType] [ 7330] - BEFORE CLICK
[INFO ][2016-02-09 22:31:03,019][com.java.TestType] [ 7338] - Unable to click the object New Tab
[INFO ][2016-02-09 22:31:03,019][com.java.SeleniumDriver] [  930] -  RESULT true
[INFO ][2016-02-09 22:31:03,019][com.java.SeleniumDriver] [ 1136] - ?   P A S S   ?
[INFO ][2016-02-09 22:31:03,019][com.java.SeleniumDriver] [  856] - ------------------------------------------
[INFO ][2016-02-09 22:31:03,019][com.java.SeleniumDriver] [  857] - Test case being Executed: 9
[INFO ][2016-02-09 22:31:03,019][com.java.SeleniumDriver] [  869] - Test step:28
[INFO ][2016-02-09 22:31:03,020][com.java.SeleniumDriver] [  881] - Datavalue is----------null
[DEBUG][2016-02-09 22:31:03,020][com.java.SeleniumDriver] [  899] - Exception: null
[INFO ][2016-02-09 22:31:03,020][com.java.SeleniumDriver] [  905] - DataField : //span[@class="icon-coin"]&&//a[text()='Income Statement']&&//a[@data-id="ISCompare"]
[INFO ][2016-02-09 22:31:03,020][com.java.SeleniumDriver] [  907] - DataValue : 
[INFO ][2016-02-09 22:31:03,020][com.java.SeleniumDriver] [  913] - <In Set values of the page>
[INFO ][2016-02-09 22:31:03,020][com.java.SeleniumDriver] [  916] - {Data Fields & Data Values Exist}
[INFO ][2016-02-09 22:31:03,020][com.java.SeleniumDriver] [  918] - --------------------------setting values-----------------------------
[INFO ][2016-02-09 22:31:03,020][com.java.SeleniumDriver] [  921] - Action Type : MOUSEOVER
[INFO ][2016-02-09 22:31:27,406][com.java.SeleniumDriver] [  930] -  RESULT true
[INFO ][2016-02-09 22:31:27,406][com.java.SeleniumDriver] [ 1136] - ?   P A S S   ?
[INFO ][2016-02-09 22:31:27,406][com.java.SeleniumDriver] [  856] - ------------------------------------------
[INFO ][2016-02-09 22:31:27,406][com.java.SeleniumDriver] [  857] - Test case being Executed: 9
[INFO ][2016-02-09 22:31:27,406][com.java.SeleniumDriver] [  869] - Test step:29
[INFO ][2016-02-09 22:31:27,406][com.java.SeleniumDriver] [  881] - Datavalue is----------4
[INFO ][2016-02-09 22:31:27,406][com.java.SeleniumDriver] [  905] - DataField : XPH//span[contains(text(),'Show Report')]
[INFO ][2016-02-09 22:31:27,406][com.java.SeleniumDriver] [  907] - DataValue : 4
[INFO ][2016-02-09 22:31:27,406][com.java.SeleniumDriver] [  913] - <In Set values of the page>
[INFO ][2016-02-09 22:31:27,407][com.java.SeleniumDriver] [  916] - {Data Fields & Data Values Exist}
[INFO ][2016-02-09 22:31:27,407][com.java.SeleniumDriver] [  918] - --------------------------setting values-----------------------------
[INFO ][2016-02-09 22:31:27,407][com.java.SeleniumDriver] [  921] - Action Type : WAITFORELEMENT
[INFO ][2016-02-09 22:31:27,461][com.java.SeleniumDriver] [  930] -  RESULT true
[INFO ][2016-02-09 22:31:27,461][com.java.SeleniumDriver] [ 1136] - ?   P A S S   ?
[INFO ][2016-02-09 22:31:27,461][com.java.SeleniumDriver] [  856] - ------------------------------------------
[INFO ][2016-02-09 22:31:27,461][com.java.SeleniumDriver] [  857] - Test case being Executed: 9
[INFO ][2016-02-09 22:31:27,461][com.java.SeleniumDriver] [  869] - Test step:30
[INFO ][2016-02-09 22:31:27,461][com.java.SeleniumDriver] [  881] - Datavalue is----------2
[INFO ][2016-02-09 22:31:27,461][com.java.SeleniumDriver] [  905] - DataField : BTNframeDialogContent
[INFO ][2016-02-09 22:31:27,461][com.java.SeleniumDriver] [  907] - DataValue : 2
[INFO ][2016-02-09 22:31:27,461][com.java.SeleniumDriver] [  913] - <In Set values of the page>
[INFO ][2016-02-09 22:31:27,461][com.java.SeleniumDriver] [  916] - {Data Fields & Data Values Exist}
[INFO ][2016-02-09 22:31:27,463][com.java.SeleniumDriver] [  918] - --------------------------setting values-----------------------------
[INFO ][2016-02-09 22:31:27,463][com.java.SeleniumDriver] [  921] - Action Type : WAITFORELEMENT
[INFO ][2016-02-09 22:31:28,694][com.java.SeleniumDriver] [  930] -  RESULT true
[INFO ][2016-02-09 22:31:28,694][com.java.SeleniumDriver] [ 1136] - ?   P A S S   ?
[INFO ][2016-02-09 22:31:28,694][com.java.SeleniumDriver] [  856] - ------------------------------------------
[INFO ][2016-02-09 22:31:28,694][com.java.SeleniumDriver] [  857] - Test case being Executed: 9
[INFO ][2016-02-09 22:31:28,694][com.java.SeleniumDriver] [  869] - Test step:31
[INFO ][2016-02-09 22:31:28,694][com.java.SeleniumDriver] [  881] - Datavalue is----------income statement compare
[INFO ][2016-02-09 22:31:28,694][com.java.SeleniumDriver] [  905] - DataField : XPH//span[contains(text(),'Income Statement Compare')]
[INFO ][2016-02-09 22:31:28,695][com.java.SeleniumDriver] [  907] - DataValue : income statement compare
[INFO ][2016-02-09 22:31:28,695][com.java.SeleniumDriver] [  913] - <In Set values of the page>
[INFO ][2016-02-09 22:31:28,695][com.java.SeleniumDriver] [  916] - {Data Fields & Data Values Exist}
[INFO ][2016-02-09 22:31:28,695][com.java.SeleniumDriver] [  918] - --------------------------setting values-----------------------------
[INFO ][2016-02-09 22:31:28,695][com.java.SeleniumDriver] [  921] - Action Type : VERIFY
[INFO ][2016-02-09 22:31:28,695][com.java.TestType] [ 8386] - field= XPH//span[contains(text(),'Income Statement Compare')] value= income statement compare
[INFO ][2016-02-09 22:31:28,695][com.java.TestType] [ 6752] - value = income statement compare
[INFO ][2016-02-09 22:31:28,829][com.java.SeleniumDriver] [  930] -  RESULT true
[INFO ][2016-02-09 22:31:28,829][com.java.SeleniumDriver] [ 1136] - ?   P A S S   ?
[INFO ][2016-02-09 22:31:28,829][com.java.SeleniumDriver] [  856] - ------------------------------------------
[INFO ][2016-02-09 22:31:28,829][com.java.SeleniumDriver] [  857] - Test case being Executed: 9
[INFO ][2016-02-09 22:31:28,829][com.java.SeleniumDriver] [  869] - Test step:32
[INFO ][2016-02-09 22:31:28,829][com.java.SeleniumDriver] [  881] - Datavalue is----------null
[DEBUG][2016-02-09 22:31:28,829][com.java.SeleniumDriver] [  899] - Exception: null
[INFO ][2016-02-09 22:31:28,829][com.java.SeleniumDriver] [  905] - DataField : BTNframeDialogContent
[INFO ][2016-02-09 22:31:28,829][com.java.SeleniumDriver] [  907] - DataValue : 
[INFO ][2016-02-09 22:31:28,830][com.java.SeleniumDriver] [  913] - <In Set values of the page>
[INFO ][2016-02-09 22:31:28,830][com.java.SeleniumDriver] [  916] - {Data Fields & Data Values Exist}
[INFO ][2016-02-09 22:31:28,830][com.java.SeleniumDriver] [  918] - --------------------------setting values-----------------------------
[INFO ][2016-02-09 22:31:28,830][com.java.SeleniumDriver] [  921] - Action Type : SELECTFRAME
[INFO ][2016-02-09 22:31:30,117][com.java.SeleniumDriver] [  930] -  RESULT true
[INFO ][2016-02-09 22:31:30,117][com.java.SeleniumDriver] [ 1136] - ?   P A S S   ?
[INFO ][2016-02-09 22:31:30,117][com.java.SeleniumDriver] [  856] - ------------------------------------------
[INFO ][2016-02-09 22:31:30,118][com.java.SeleniumDriver] [  857] - Test case being Executed: 9
[INFO ][2016-02-09 22:31:30,118][com.java.SeleniumDriver] [  869] - Test step:33
[INFO ][2016-02-09 22:31:30,118][com.java.SeleniumDriver] [  881] - Datavalue is----------4
[INFO ][2016-02-09 22:31:30,118][com.java.SeleniumDriver] [  905] - DataField : BTNcbExpandCenters
[INFO ][2016-02-09 22:31:30,118][com.java.SeleniumDriver] [  907] - DataValue : 4
[INFO ][2016-02-09 22:31:30,118][com.java.SeleniumDriver] [  913] - <In Set values of the page>
[INFO ][2016-02-09 22:31:30,118][com.java.SeleniumDriver] [  916] - {Data Fields & Data Values Exist}
[INFO ][2016-02-09 22:31:30,118][com.java.SeleniumDriver] [  918] - --------------------------setting values-----------------------------
[INFO ][2016-02-09 22:31:30,118][com.java.SeleniumDriver] [  921] - Action Type : WAITFORELEMENT
[INFO ][2016-02-09 22:31:31,188][com.java.SeleniumDriver] [  930] -  RESULT true
[INFO ][2016-02-09 22:31:31,188][com.java.SeleniumDriver] [ 1136] - ?   P A S S   ?
[INFO ][2016-02-09 22:31:31,188][com.java.SeleniumDriver] [  856] - ------------------------------------------
[INFO ][2016-02-09 22:31:31,188][com.java.SeleniumDriver] [  857] - Test case being Executed: 9
[INFO ][2016-02-09 22:31:31,188][com.java.SeleniumDriver] [  869] - Test step:34
[INFO ][2016-02-09 22:31:31,188][com.java.SeleniumDriver] [  881] - Datavalue is----------index:0
[INFO ][2016-02-09 22:31:31,188][com.java.SeleniumDriver] [  905] - DataField : COBddlView
[INFO ][2016-02-09 22:31:31,188][com.java.SeleniumDriver] [  907] - DataValue : index:0
[INFO ][2016-02-09 22:31:31,189][com.java.SeleniumDriver] [  913] - <In Set values of the page>
[INFO ][2016-02-09 22:31:31,189][com.java.SeleniumDriver] [  916] - {Data Fields & Data Values Exist}
[INFO ][2016-02-09 22:31:31,189][com.java.SeleniumDriver] [  918] - --------------------------setting values-----------------------------
[INFO ][2016-02-09 22:31:31,189][com.java.SeleniumDriver] [  921] - Action Type : SELECT
[INFO ][2016-02-09 22:31:31,189][com.java.TestType] [ 6752] - value = 0
[INFO ][2016-02-09 22:31:32,311][com.java.TestType] [ 6892] -  In COB ddlView : 0
[INFO ][2016-02-09 22:31:32,384][com.java.SeleniumDriver] [  930] -  RESULT true
[INFO ][2016-02-09 22:31:32,384][com.java.SeleniumDriver] [ 1136] - ?   P A S S   ?
[INFO ][2016-02-09 22:31:32,384][com.java.SeleniumDriver] [  856] - ------------------------------------------
[INFO ][2016-02-09 22:31:32,384][com.java.SeleniumDriver] [  857] - Test case being Executed: 9
[INFO ][2016-02-09 22:31:32,384][com.java.SeleniumDriver] [  869] - Test step:35
[INFO ][2016-02-09 22:31:32,384][com.java.SeleniumDriver] [  881] - Datavalue is----------index:0
[INFO ][2016-02-09 22:31:32,384][com.java.SeleniumDriver] [  905] - DataField : COBddlProfitCenter
[INFO ][2016-02-09 22:31:32,384][com.java.SeleniumDriver] [  907] - DataValue : index:0
[INFO ][2016-02-09 22:31:32,384][com.java.SeleniumDriver] [  913] - <In Set values of the page>
[INFO ][2016-02-09 22:31:32,384][com.java.SeleniumDriver] [  916] - {Data Fields & Data Values Exist}
[INFO ][2016-02-09 22:31:32,385][com.java.SeleniumDriver] [  918] - --------------------------setting values-----------------------------
[INFO ][2016-02-09 22:31:32,385][com.java.SeleniumDriver] [  921] - Action Type : SELECT
[INFO ][2016-02-09 22:31:32,385][com.java.TestType] [ 6752] - value = 0
[INFO ][2016-02-09 22:31:33,511][com.java.TestType] [ 6892] -  In COB ddlProfitCenter : 0
[INFO ][2016-02-09 22:31:33,618][com.java.SeleniumDriver] [  930] -  RESULT true
[INFO ][2016-02-09 22:31:33,618][com.java.SeleniumDriver] [ 1136] - ?   P A S S   ?
[INFO ][2016-02-09 22:31:33,618][com.java.SeleniumDriver] [  856] - ------------------------------------------
[INFO ][2016-02-09 22:31:33,618][com.java.SeleniumDriver] [  857] - Test case being Executed: 9
[INFO ][2016-02-09 22:31:33,618][com.java.SeleniumDriver] [  869] - Test step:36
[INFO ][2016-02-09 22:31:33,618][com.java.SeleniumDriver] [  881] - Datavalue is----------index:3
[INFO ][2016-02-09 22:31:33,618][com.java.SeleniumDriver] [  905] - DataField : COBddlDataSource2
[INFO ][2016-02-09 22:31:33,618][com.java.SeleniumDriver] [  907] - DataValue : index:3
[INFO ][2016-02-09 22:31:33,619][com.java.SeleniumDriver] [  913] - <In Set values of the page>
[INFO ][2016-02-09 22:31:33,620][com.java.SeleniumDriver] [  916] - {Data Fields & Data Values Exist}
[INFO ][2016-02-09 22:31:33,620][com.java.SeleniumDriver] [  918] - --------------------------setting values-----------------------------
[INFO ][2016-02-09 22:31:33,620][com.java.SeleniumDriver] [  921] - Action Type : SELECT
[INFO ][2016-02-09 22:31:33,620][com.java.TestType] [ 6752] - value = 3
[INFO ][2016-02-09 22:31:34,736][com.java.TestType] [ 6892] -  In COB ddlDataSource2 : 3
[INFO ][2016-02-09 22:31:34,956][com.java.SeleniumDriver] [  930] -  RESULT true
[INFO ][2016-02-09 22:31:34,956][com.java.SeleniumDriver] [ 1136] - ?   P A S S   ?
[INFO ][2016-02-09 22:31:34,956][com.java.SeleniumDriver] [  856] - ------------------------------------------
[INFO ][2016-02-09 22:31:34,956][com.java.SeleniumDriver] [  857] - Test case being Executed: 9
[INFO ][2016-02-09 22:31:34,956][com.java.SeleniumDriver] [  869] - Test step:37
[INFO ][2016-02-09 22:31:34,956][com.java.SeleniumDriver] [  881] - Datavalue is----------null
[DEBUG][2016-02-09 22:31:34,956][com.java.SeleniumDriver] [  899] - Exception: null
[INFO ][2016-02-09 22:31:34,956][com.java.SeleniumDriver] [  905] - DataField : BTNparent
[INFO ][2016-02-09 22:31:34,957][com.java.SeleniumDriver] [  907] - DataValue : 
[INFO ][2016-02-09 22:31:34,957][com.java.SeleniumDriver] [  913] - <In Set values of the page>
[INFO ][2016-02-09 22:31:34,957][com.java.SeleniumDriver] [  916] - {Data Fields & Data Values Exist}
[INFO ][2016-02-09 22:31:34,957][com.java.SeleniumDriver] [  918] - --------------------------setting values-----------------------------
[INFO ][2016-02-09 22:31:34,957][com.java.SeleniumDriver] [  921] - Action Type : SELECTFRAME
[INFO ][2016-02-09 22:31:34,972][com.java.SeleniumDriver] [  930] -  RESULT true
[INFO ][2016-02-09 22:31:34,972][com.java.SeleniumDriver] [ 1136] - ?   P A S S   ?
[INFO ][2016-02-09 22:31:34,972][com.java.SeleniumDriver] [  856] - ------------------------------------------
[INFO ][2016-02-09 22:31:34,972][com.java.SeleniumDriver] [  857] - Test case being Executed: 9
[INFO ][2016-02-09 22:31:34,972][com.java.SeleniumDriver] [  869] - Test step:38
[INFO ][2016-02-09 22:31:34,972][com.java.SeleniumDriver] [  881] - Datavalue is----------null
[DEBUG][2016-02-09 22:31:34,972][com.java.SeleniumDriver] [  899] - Exception: null
[INFO ][2016-02-09 22:31:34,972][com.java.SeleniumDriver] [  905] - DataField : XPH//span[contains(text(),'Show Report')]
[INFO ][2016-02-09 22:31:34,972][com.java.SeleniumDriver] [  907] - DataValue : 
[INFO ][2016-02-09 22:31:34,972][com.java.SeleniumDriver] [  913] - <In Set values of the page>
[INFO ][2016-02-09 22:31:34,972][com.java.SeleniumDriver] [  916] - {Data Fields & Data Values Exist}
[INFO ][2016-02-09 22:31:34,972][com.java.SeleniumDriver] [  918] - --------------------------setting values-----------------------------
[INFO ][2016-02-09 22:31:34,972][com.java.SeleniumDriver] [  921] - Action Type : CLICK
[INFO ][2016-02-09 22:31:34,973][com.java.TestType] [ 7153] - Field ::XPH//span[contains(text(),'Show Report')]
[INFO ][2016-02-09 22:31:34,973][com.java.TestType] [ 6752] - value = 
[INFO ][2016-02-09 22:31:35,973][com.java.TestType] [ 7330] - BEFORE CLICK
[INFO ][2016-02-09 22:31:37,212][com.java.TestType] [ 7338] - Unable to click the object Show Report button
[INFO ][2016-02-09 22:31:37,212][com.java.SeleniumDriver] [  930] -  RESULT true
[INFO ][2016-02-09 22:31:37,212][com.java.SeleniumDriver] [ 1136] - ?   P A S S   ?
[INFO ][2016-02-09 22:31:37,212][com.java.SeleniumDriver] [  856] - ------------------------------------------
[INFO ][2016-02-09 22:31:37,212][com.java.SeleniumDriver] [  857] - Test case being Executed: 9
[INFO ][2016-02-09 22:31:37,212][com.java.SeleniumDriver] [  869] - Test step:39
[INFO ][2016-02-09 22:31:37,212][com.java.SeleniumDriver] [  881] - Datavalue is----------3
[INFO ][2016-02-09 22:31:37,212][com.java.SeleniumDriver] [  905] - DataField : XPH//img[@id='loading']
[INFO ][2016-02-09 22:31:37,212][com.java.SeleniumDriver] [  907] - DataValue : 3
[INFO ][2016-02-09 22:31:37,212][com.java.SeleniumDriver] [  913] - <In Set values of the page>
[INFO ][2016-02-09 22:31:37,212][com.java.SeleniumDriver] [  916] - {Data Fields & Data Values Exist}
[INFO ][2016-02-09 22:31:37,213][com.java.SeleniumDriver] [  918] - --------------------------setting values-----------------------------
[INFO ][2016-02-09 22:31:37,214][com.java.SeleniumDriver] [  921] - Action Type : WaitForElement
[INFO ][2016-02-09 22:31:37,259][com.java.SeleniumDriver] [  930] -  RESULT true
[INFO ][2016-02-09 22:31:37,259][com.java.SeleniumDriver] [ 1136] - ?   P A S S   ?
[INFO ][2016-02-09 22:31:37,259][com.java.SeleniumDriver] [  856] - ------------------------------------------
[INFO ][2016-02-09 22:31:37,259][com.java.SeleniumDriver] [  857] - Test case being Executed: 9
[INFO ][2016-02-09 22:31:37,259][com.java.SeleniumDriver] [  869] - Test step:40
[INFO ][2016-02-09 22:31:37,259][com.java.SeleniumDriver] [  881] - Datavalue is----------90
[INFO ][2016-02-09 22:31:37,260][com.java.SeleniumDriver] [  905] - DataField : XPH//img[@id='loading']
[INFO ][2016-02-09 22:31:37,260][com.java.SeleniumDriver] [  907] - DataValue : 90
[INFO ][2016-02-09 22:31:37,260][com.java.SeleniumDriver] [  913] - <In Set values of the page>
[INFO ][2016-02-09 22:31:37,260][com.java.SeleniumDriver] [  916] - {Data Fields & Data Values Exist}
[INFO ][2016-02-09 22:31:37,260][com.java.SeleniumDriver] [  918] - --------------------------setting values-----------------------------
[INFO ][2016-02-09 22:31:37,260][com.java.SeleniumDriver] [  921] - Action Type : waitForElementNotPresent
[INFO ][2016-02-09 22:31:38,577][com.java.SeleniumDriver] [  930] -  RESULT true
[INFO ][2016-02-09 22:31:38,577][com.java.SeleniumDriver] [ 1136] - ?   P A S S   ?
[INFO ][2016-02-09 22:31:38,577][com.java.SeleniumDriver] [  856] - ------------------------------------------
[INFO ][2016-02-09 22:31:38,577][com.java.SeleniumDriver] [  857] - Test case being Executed: 9
[INFO ][2016-02-09 22:31:38,577][com.java.SeleniumDriver] [  869] - Test step:41
[INFO ][2016-02-09 22:31:38,577][com.java.SeleniumDriver] [  881] - Datavalue is----------null
[DEBUG][2016-02-09 22:31:38,578][com.java.SeleniumDriver] [  899] - Exception: null
[INFO ][2016-02-09 22:31:38,578][com.java.SeleniumDriver] [  905] - DataField : XPH//a[@id='aTab2']/span
[INFO ][2016-02-09 22:31:38,578][com.java.SeleniumDriver] [  907] - DataValue : 
[INFO ][2016-02-09 22:31:38,578][com.java.SeleniumDriver] [  913] - <In Set values of the page>
[INFO ][2016-02-09 22:31:38,578][com.java.SeleniumDriver] [  916] - {Data Fields & Data Values Exist}
[INFO ][2016-02-09 22:31:38,578][com.java.SeleniumDriver] [  918] - --------------------------setting values-----------------------------
[INFO ][2016-02-09 22:31:38,578][com.java.SeleniumDriver] [  921] - Action Type : Click
[INFO ][2016-02-09 22:31:38,578][com.java.TestType] [ 7153] - Field ::XPH//a[@id='aTab2']/span
[INFO ][2016-02-09 22:31:38,578][com.java.TestType] [ 6752] - value = 
[INFO ][2016-02-09 22:31:39,578][com.java.TestType] [ 7330] - BEFORE CLICK
[INFO ][2016-02-09 22:31:40,737][com.java.TestType] [ 7338] - Unable to click the object Click
[INFO ][2016-02-09 22:31:40,737][com.java.SeleniumDriver] [  930] -  RESULT true
[INFO ][2016-02-09 22:31:40,737][com.java.SeleniumDriver] [ 1136] - ?   P A S S   ?
[INFO ][2016-02-09 22:31:40,737][com.java.SeleniumDriver] [  856] - ------------------------------------------
[INFO ][2016-02-09 22:31:40,737][com.java.SeleniumDriver] [  857] - Test case being Executed: 9
[INFO ][2016-02-09 22:31:40,737][com.java.SeleniumDriver] [  869] - Test step:42
[INFO ][2016-02-09 22:31:40,737][com.java.SeleniumDriver] [  881] - Datavalue is----------//td[contains(text(),'Income Statement Compare')]
[INFO ][2016-02-09 22:31:40,737][com.java.SeleniumDriver] [  905] - DataField : BTN
[INFO ][2016-02-09 22:31:40,737][com.java.SeleniumDriver] [  907] - DataValue : //td[contains(text(),'Income Statement Compare')]
[INFO ][2016-02-09 22:31:40,737][com.java.SeleniumDriver] [  913] - <In Set values of the page>
[INFO ][2016-02-09 22:31:40,737][com.java.SeleniumDriver] [  916] - {Data Fields & Data Values Exist}
[INFO ][2016-02-09 22:31:40,737][com.java.SeleniumDriver] [  918] - --------------------------setting values-----------------------------
[INFO ][2016-02-09 22:31:40,738][com.java.SeleniumDriver] [  921] - Action Type : VERIFY
[INFO ][2016-02-09 22:31:40,738][com.java.TestType] [ 8386] - field= BTN value= //td[contains(text(),'Income Statement Compare')]
[INFO ][2016-02-09 22:31:40,738][com.java.TestType] [ 6752] - value = //td[contains(text(),'Income Statement Compare')]
[INFO ][2016-02-09 22:31:40,867][com.java.SeleniumDriver] [  930] -  RESULT true
[INFO ][2016-02-09 22:31:40,867][com.java.SeleniumDriver] [ 1136] - ?   P A S S   ?
[INFO ][2016-02-09 22:31:40,867][com.java.SeleniumDriver] [  856] - ------------------------------------------
[INFO ][2016-02-09 22:31:40,867][com.java.SeleniumDriver] [  857] - Test case being Executed: 9
[WARN ][2016-02-09 22:31:40,867][com.java.SeleniumDriver] [  861] - -----------------------Step Skipped:: 	TestCaseNo:  9	 StepNo: 43  	::	Action Type:  VERIFY 	::		ClientName In TestData:  "SKIP" 	::	ClientName in config:  "Any Bank USA"-----------------------------
[INFO ][2016-02-09 22:31:40,867][com.java.SeleniumDriver] [  856] - ------------------------------------------
[INFO ][2016-02-09 22:31:40,868][com.java.SeleniumDriver] [  857] - Test case being Executed: 9
[WARN ][2016-02-09 22:31:40,868][com.java.SeleniumDriver] [  861] - -----------------------Step Skipped:: 	TestCaseNo:  9	 StepNo: 44  	::	Action Type:  VERIFY 	::		ClientName In TestData:  "SKIP" 	::	ClientName in config:  "Any Bank USA"-----------------------------
[INFO ][2016-02-09 22:31:40,868][com.java.SeleniumDriver] [  856] - ------------------------------------------
[INFO ][2016-02-09 22:31:40,868][com.java.SeleniumDriver] [  857] - Test case being Executed: 9
[WARN ][2016-02-09 22:31:40,868][com.java.SeleniumDriver] [  861] - -----------------------Step Skipped:: 	TestCaseNo:  9	 StepNo: 45  	::	Action Type:  VERIFY 	::		ClientName In TestData:  "SKIP" 	::	ClientName in config:  "Any Bank USA"-----------------------------
[INFO ][2016-02-09 22:31:40,868][com.java.SeleniumDriver] [  856] - ------------------------------------------
[INFO ][2016-02-09 22:31:40,868][com.java.SeleniumDriver] [  857] - Test case being Executed: 9
[INFO ][2016-02-09 22:31:40,868][com.java.SeleniumDriver] [  869] - Test step:46
[INFO ][2016-02-09 22:31:40,868][com.java.SeleniumDriver] [  881] - Datavalue is----------null
[DEBUG][2016-02-09 22:31:40,868][com.java.SeleniumDriver] [  899] - Exception: null
[INFO ][2016-02-09 22:31:40,868][com.java.SeleniumDriver] [  905] - DataField : XPH//div[@class="menu"]//span[@class='glyphicon glyphicon-bell']
[INFO ][2016-02-09 22:31:40,868][com.java.SeleniumDriver] [  907] - DataValue : 
[INFO ][2016-02-09 22:31:40,868][com.java.SeleniumDriver] [  913] - <In Set values of the page>
[INFO ][2016-02-09 22:31:40,868][com.java.SeleniumDriver] [  916] - {Data Fields & Data Values Exist}
[INFO ][2016-02-09 22:31:40,868][com.java.SeleniumDriver] [  918] - --------------------------setting values-----------------------------
[INFO ][2016-02-09 22:31:40,868][com.java.SeleniumDriver] [  921] - Action Type : Click
[INFO ][2016-02-09 22:31:40,869][com.java.TestType] [ 7153] - Field ::XPH//div[@class="menu"]//span[@class='glyphicon glyphicon-bell']
[INFO ][2016-02-09 22:31:40,869][com.java.TestType] [ 6752] - value = 
[INFO ][2016-02-09 22:31:41,868][com.java.TestType] [ 7330] - BEFORE CLICK
[INFO ][2016-02-09 22:31:43,168][com.java.TestType] [ 7338] - Unable to click the object Bell Icon
[INFO ][2016-02-09 22:31:43,168][com.java.SeleniumDriver] [  930] -  RESULT true
[INFO ][2016-02-09 22:31:43,168][com.java.SeleniumDriver] [ 1136] - ?   P A S S   ?
[INFO ][2016-02-09 22:31:43,168][com.java.SeleniumDriver] [  856] - ------------------------------------------
[INFO ][2016-02-09 22:31:43,168][com.java.SeleniumDriver] [  857] - Test case being Executed: 9
[INFO ][2016-02-09 22:31:43,168][com.java.SeleniumDriver] [  869] - Test step:47
[INFO ][2016-02-09 22:31:43,168][com.java.SeleniumDriver] [  881] - Datavalue is----------null
[DEBUG][2016-02-09 22:31:43,168][com.java.SeleniumDriver] [  899] - Exception: null
[INFO ][2016-02-09 22:31:43,168][com.java.SeleniumDriver] [  905] - DataField : XPH//div[@class="menu"]//span[@class='glyphicon glyphicon-bell']
[INFO ][2016-02-09 22:31:43,168][com.java.SeleniumDriver] [  907] - DataValue : 
[INFO ][2016-02-09 22:31:43,168][com.java.SeleniumDriver] [  913] - <In Set values of the page>
[INFO ][2016-02-09 22:31:43,168][com.java.SeleniumDriver] [  916] - {Data Fields & Data Values Exist}
[INFO ][2016-02-09 22:31:43,169][com.java.SeleniumDriver] [  918] - --------------------------setting values-----------------------------
[INFO ][2016-02-09 22:31:43,169][com.java.SeleniumDriver] [  921] - Action Type : Click
[INFO ][2016-02-09 22:31:43,169][com.java.TestType] [ 7153] - Field ::XPH//div[@class="menu"]//span[@class='glyphicon glyphicon-bell']
[INFO ][2016-02-09 22:31:43,169][com.java.TestType] [ 6752] - value = 
[INFO ][2016-02-09 22:31:44,169][com.java.TestType] [ 7330] - BEFORE CLICK
[INFO ][2016-02-09 22:31:45,094][com.java.TestType] [ 7338] - Unable to click the object Bell Icon
[INFO ][2016-02-09 22:31:45,094][com.java.SeleniumDriver] [  930] -  RESULT true
[INFO ][2016-02-09 22:31:45,094][com.java.SeleniumDriver] [ 1136] - ?   P A S S   ?
[INFO ][2016-02-09 22:31:45,094][com.java.SeleniumDriver] [  856] - ------------------------------------------
[INFO ][2016-02-09 22:31:45,094][com.java.SeleniumDriver] [  857] - Test case being Executed: 9
[WARN ][2016-02-09 22:31:45,094][com.java.SeleniumDriver] [  861] - -----------------------Step Skipped:: 	TestCaseNo:  9	 StepNo: 48  	::	Action Type:  Click 	::		ClientName In TestData:  "SKIP" 	::	ClientName in config:  "Any Bank USA"-----------------------------
[INFO ][2016-02-09 22:31:45,094][com.java.SeleniumDriver] [  856] - ------------------------------------------
[INFO ][2016-02-09 22:31:45,094][com.java.SeleniumDriver] [  857] - Test case being Executed: 9
[INFO ][2016-02-09 22:31:45,094][com.java.SeleniumDriver] [  869] - Test step:49
[INFO ][2016-02-09 22:31:45,094][com.java.SeleniumDriver] [  881] - Datavalue is----------No alerts to display
[INFO ][2016-02-09 22:31:45,094][com.java.SeleniumDriver] [  905] - DataField : XPH//div[@id='bsAlertsContent']//div[contains(text(),'No alerts to display')]
[INFO ][2016-02-09 22:31:45,094][com.java.SeleniumDriver] [  907] - DataValue : No alerts to display
[INFO ][2016-02-09 22:31:45,094][com.java.SeleniumDriver] [  913] - <In Set values of the page>
[INFO ][2016-02-09 22:31:45,095][com.java.SeleniumDriver] [  916] - {Data Fields & Data Values Exist}
[INFO ][2016-02-09 22:31:45,095][com.java.SeleniumDriver] [  918] - --------------------------setting values-----------------------------
[INFO ][2016-02-09 22:31:45,095][com.java.SeleniumDriver] [  921] - Action Type : Verify
[INFO ][2016-02-09 22:31:45,095][com.java.TestType] [ 8386] - field= XPH//div[@id='bsAlertsContent']//div[contains(text(),'No alerts to display')] value= No alerts to display
[INFO ][2016-02-09 22:31:45,095][com.java.TestType] [ 6752] - value = No alerts to display
[ERROR][2016-02-09 22:32:05,913][com.java.TestType] [ 8901] - Element  not found ://div[@id='bsAlertsContent']//div[contains(text(),'No alerts to display')]
[INFO ][2016-02-09 22:32:05,913][com.java.SeleniumDriver] [  930] -  RESULT false
[INFO ][2016-02-09 22:32:05,913][com.java.SeleniumDriver] [  977] - ?   F A I L   ?
[INFO ][2016-02-09 22:32:05,914][com.java.SeleniumDriver] [  985] - Browser Type : IE10
[INFO ][2016-02-09 22:32:05,914][com.java.SeleniumDriver] [  986] - Adding Failed case9
[DEBUG][2016-02-09 22:32:06,033][com.java.SeleniumDriver] [ 1054] -  tdd.getCondition() IF:Next:Next
[INFO ][2016-02-09 22:32:06,033][com.java.SeleniumDriver] [ 1058] - Continue next step...
[INFO ][2016-02-09 22:32:06,033][com.java.SeleniumDriver] [  856] - ------------------------------------------
[INFO ][2016-02-09 22:32:06,033][com.java.SeleniumDriver] [  857] - Test case being Executed: 9
[INFO ][2016-02-09 22:32:06,034][com.java.SeleniumDriver] [  869] - Test step:50
[INFO ][2016-02-09 22:32:06,034][com.java.SeleniumDriver] [  881] - Datavalue is----------null
[DEBUG][2016-02-09 22:32:06,034][com.java.SeleniumDriver] [  899] - Exception: null
[INFO ][2016-02-09 22:32:06,034][com.java.SeleniumDriver] [  905] - DataField : BTNcloseAllTabs
[INFO ][2016-02-09 22:32:06,034][com.java.SeleniumDriver] [  907] - DataValue : 
[INFO ][2016-02-09 22:32:06,034][com.java.SeleniumDriver] [  913] - <In Set values of the page>
[INFO ][2016-02-09 22:32:06,034][com.java.SeleniumDriver] [  916] - {Data Fields & Data Values Exist}
[INFO ][2016-02-09 22:32:06,034][com.java.SeleniumDriver] [  918] - --------------------------setting values-----------------------------
[INFO ][2016-02-09 22:32:06,034][com.java.SeleniumDriver] [  921] - Action Type : CLICK
[INFO ][2016-02-09 22:32:06,034][com.java.TestType] [ 7153] - Field ::BTNcloseAllTabs
[INFO ][2016-02-09 22:32:06,034][com.java.TestType] [ 6752] - value = 
[INFO ][2016-02-09 22:32:07,034][com.java.TestType] [ 7309] - BEFORE CLICK
[INFO ][2016-02-09 22:32:08,865][com.java.TestType] [ 7316] - Unable to click the object Click X
[INFO ][2016-02-09 22:32:08,865][com.java.SeleniumDriver] [  930] -  RESULT true
[INFO ][2016-02-09 22:32:08,865][com.java.SeleniumDriver] [ 1136] - ?   P A S S   ?
[DEBUG][2016-02-09 22:32:08,865][com.java.SeleniumDriver] [ 1248] - Case found
[DEBUG][2016-02-09 22:32:08,865][com.java.SeleniumDriver] [ 1253] - Incrementing ReportCounters[0]:3
[INFO ][2016-02-09 22:32:08,865][com.java.SeleniumDriver] [ 1272] - The results are-------------------[9, 1, BD Right Hand Menu Bar: IS Alerts -IS alerts exists, Pass, , Tue Feb 09 22:30:36 IST 2016, 9, 3, BD Right Hand Menu Bar: IS Alerts -IS alerts exists, Pass, , Tue Feb 09 22:30:41 IST 2016, 9, 4, BD Right Hand Menu Bar: IS Alerts -IS alerts exists, Pass, , Tue Feb 09 22:30:41 IST 2016, 9, 5, BD Right Hand Menu Bar: IS Alerts -IS alerts exists, Pass, , Tue Feb 09 22:30:41 IST 2016, 9, 6, BD Right Hand Menu Bar: IS Alerts -IS alerts exists, Pass, , Tue Feb 09 22:30:43 IST 2016, 9, 7, BD Right Hand Menu Bar: IS Alerts -IS alerts exists, Pass, , Tue Feb 09 22:30:45 IST 2016, 9, 8, BD Right Hand Menu Bar: IS Alerts -IS alerts exists, Pass, , Tue Feb 09 22:30:48 IST 2016, 9, 9, BD Right Hand Menu Bar: IS Alerts -IS alerts exists, Pass, , Tue Feb 09 22:30:50 IST 2016, 9, 10, BD Right Hand Menu Bar: IS Alerts -IS alerts exists, Pass, , Tue Feb 09 22:30:50 IST 2016, 9, 11, BD Right Hand Menu Bar: IS Alerts -IS alerts exists, Pass, , Tue Feb 09 22:30:52 IST 2016, 9, 12, BD Right Hand Menu Bar: IS Alerts -IS alerts exists, Pass, , Tue Feb 09 22:30:52 IST 2016, 9, 15, BD Right Hand Menu Bar: IS Alerts -IS alerts exists, Pass, , Tue Feb 09 22:30:54 IST 2016, 9, 16, BD Right Hand Menu Bar: IS Alerts -IS alerts exists, Pass, , Tue Feb 09 22:30:56 IST 2016, 9, 17, BD Right Hand Menu Bar: IS Alerts -IS alerts exists, Pass, , Tue Feb 09 22:30:56 IST 2016, 9, 18, BD Right Hand Menu Bar: IS Alerts -IS alerts exists, Pass, , Tue Feb 09 22:30:56 IST 2016, 9, 19, BD Right Hand Menu Bar: IS Alerts -IS alerts exists, Pass, , Tue Feb 09 22:30:56 IST 2016, 9, 20, BD Right Hand Menu Bar: IS Alerts -IS alerts exists, Pass, , Tue Feb 09 22:30:56 IST 2016, 9, 22, BD Right Hand Menu Bar: IS Alerts -IS alerts exists, Pass, , Tue Feb 09 22:30:58 IST 2016, 9, 23, BD Right Hand Menu Bar: IS Alerts -IS alerts exists, Pass, , Tue Feb 09 22:31:00 IST 2016, 9, 24, BD Right Hand Menu Bar: IS Alerts -IS alerts exists, Pass, , Tue Feb 09 22:31:00 IST 2016, 9, 25, BD Right Hand Menu Bar: IS Alerts -IS alerts exists, Pass, , Tue Feb 09 22:31:01 IST 2016, 9, 26, BD Right Hand Menu Bar: IS Alerts -IS alerts exists, Pass, , Tue Feb 09 22:31:01 IST 2016, 9, 27, BD Right Hand Menu Bar: IS Alerts -IS alerts exists, Pass, , Tue Feb 09 22:31:03 IST 2016, 9, 28, BD Right Hand Menu Bar: IS Alerts -IS alerts exists, Pass, , Tue Feb 09 22:31:27 IST 2016, 9, 29, BD Right Hand Menu Bar: IS Alerts -IS alerts exists, Pass, , Tue Feb 09 22:31:27 IST 2016, 9, 30, BD Right Hand Menu Bar: IS Alerts -IS alerts exists, Pass, , Tue Feb 09 22:31:28 IST 2016, 9, 31, BD Right Hand Menu Bar: IS Alerts -IS alerts exists, Pass, , Tue Feb 09 22:31:28 IST 2016, 9, 32, BD Right Hand Menu Bar: IS Alerts -IS alerts exists, Pass, , Tue Feb 09 22:31:30 IST 2016, 9, 33, BD Right Hand Menu Bar: IS Alerts -IS alerts exists, Pass, , Tue Feb 09 22:31:31 IST 2016, 9, 34, BD Right Hand Menu Bar: IS Alerts -IS alerts exists, Pass, , Tue Feb 09 22:31:32 IST 2016, 9, 35, BD Right Hand Menu Bar: IS Alerts -IS alerts exists, Pass, , Tue Feb 09 22:31:33 IST 2016, 9, 36, BD Right Hand Menu Bar: IS Alerts -IS alerts exists, Pass, , Tue Feb 09 22:31:34 IST 2016, 9, 37, BD Right Hand Menu Bar: IS Alerts -IS alerts exists, Pass, , Tue Feb 09 22:31:34 IST 2016, 9, 38, BD Right Hand Menu Bar: IS Alerts -IS alerts exists, Pass, , Tue Feb 09 22:31:37 IST 2016, 9, 39, BD Right Hand Menu Bar: IS Alerts -IS alerts exists, Pass, , Tue Feb 09 22:31:37 IST 2016, 9, 40, BD Right Hand Menu Bar: IS Alerts -IS alerts exists, Pass, , Tue Feb 09 22:31:38 IST 2016, 9, 41, BD Right Hand Menu Bar: IS Alerts -IS alerts exists, Pass, , Tue Feb 09 22:31:40 IST 2016, 9, 42, BD Right Hand Menu Bar: IS Alerts -IS alerts exists, Pass, , Tue Feb 09 22:31:40 IST 2016, 9, 46, BD Right Hand Menu Bar: IS Alerts -IS alerts exists, Pass, , Tue Feb 09 22:31:43 IST 2016, 9, 47, BD Right Hand Menu Bar: IS Alerts -IS alerts exists, Pass, , Tue Feb 09 22:31:45 IST 2016, 9, 49, BD Right Hand Menu Bar: IS Alerts -IS alerts exists, Pass, , Tue Feb 09 22:32:06 IST 2016, 9, 50, BD Right Hand Menu Bar: IS Alerts -IS alerts exists, Pass, , Tue Feb 09 22:32:08 IST 2016]
[INFO ][2016-02-09 22:32:08,865][com.java.SeleniumDriver] [ 1276] - End time is-------5 min 29 sec
[INFO ][2016-02-09 22:32:08,865][com.java.SeleniumDriver] [ 1277] - The results are-------------------[9, 1, BD Right Hand Menu Bar: IS Alerts -IS alerts exists, Pass, , Tue Feb 09 22:30:36 IST 2016, 9, 3, BD Right Hand Menu Bar: IS Alerts -IS alerts exists, Pass, , Tue Feb 09 22:30:41 IST 2016, 9, 4, BD Right Hand Menu Bar: IS Alerts -IS alerts exists, Pass, , Tue Feb 09 22:30:41 IST 2016, 9, 5, BD Right Hand Menu Bar: IS Alerts -IS alerts exists, Pass, , Tue Feb 09 22:30:41 IST 2016, 9, 6, BD Right Hand Menu Bar: IS Alerts -IS alerts exists, Pass, , Tue Feb 09 22:30:43 IST 2016, 9, 7, BD Right Hand Menu Bar: IS Alerts -IS alerts exists, Pass, , Tue Feb 09 22:30:45 IST 2016, 9, 8, BD Right Hand Menu Bar: IS Alerts -IS alerts exists, Pass, , Tue Feb 09 22:30:48 IST 2016, 9, 9, BD Right Hand Menu Bar: IS Alerts -IS alerts exists, Pass, , Tue Feb 09 22:30:50 IST 2016, 9, 10, BD Right Hand Menu Bar: IS Alerts -IS alerts exists, Pass, , Tue Feb 09 22:30:50 IST 2016, 9, 11, BD Right Hand Menu Bar: IS Alerts -IS alerts exists, Pass, , Tue Feb 09 22:30:52 IST 2016, 9, 12, BD Right Hand Menu Bar: IS Alerts -IS alerts exists, Pass, , Tue Feb 09 22:30:52 IST 2016, 9, 15, BD Right Hand Menu Bar: IS Alerts -IS alerts exists, Pass, , Tue Feb 09 22:30:54 IST 2016, 9, 16, BD Right Hand Menu Bar: IS Alerts -IS alerts exists, Pass, , Tue Feb 09 22:30:56 IST 2016, 9, 17, BD Right Hand Menu Bar: IS Alerts -IS alerts exists, Pass, , Tue Feb 09 22:30:56 IST 2016, 9, 18, BD Right Hand Menu Bar: IS Alerts -IS alerts exists, Pass, , Tue Feb 09 22:30:56 IST 2016, 9, 19, BD Right Hand Menu Bar: IS Alerts -IS alerts exists, Pass, , Tue Feb 09 22:30:56 IST 2016, 9, 20, BD Right Hand Menu Bar: IS Alerts -IS alerts exists, Pass, , Tue Feb 09 22:30:56 IST 2016, 9, 22, BD Right Hand Menu Bar: IS Alerts -IS alerts exists, Pass, , Tue Feb 09 22:30:58 IST 2016, 9, 23, BD Right Hand Menu Bar: IS Alerts -IS alerts exists, Pass, , Tue Feb 09 22:31:00 IST 2016, 9, 24, BD Right Hand Menu Bar: IS Alerts -IS alerts exists, Pass, , Tue Feb 09 22:31:00 IST 2016, 9, 25, BD Right Hand Menu Bar: IS Alerts -IS alerts exists, Pass, , Tue Feb 09 22:31:01 IST 2016, 9, 26, BD Right Hand Menu Bar: IS Alerts -IS alerts exists, Pass, , Tue Feb 09 22:31:01 IST 2016, 9, 27, BD Right Hand Menu Bar: IS Alerts -IS alerts exists, Pass, , Tue Feb 09 22:31:03 IST 2016, 9, 28, BD Right Hand Menu Bar: IS Alerts -IS alerts exists, Pass, , Tue Feb 09 22:31:27 IST 2016, 9, 29, BD Right Hand Menu Bar: IS Alerts -IS alerts exists, Pass, , Tue Feb 09 22:31:27 IST 2016, 9, 30, BD Right Hand Menu Bar: IS Alerts -IS alerts exists, Pass, , Tue Feb 09 22:31:28 IST 2016, 9, 31, BD Right Hand Menu Bar: IS Alerts -IS alerts exists, Pass, , Tue Feb 09 22:31:28 IST 2016, 9, 32, BD Right Hand Menu Bar: IS Alerts -IS alerts exists, Pass, , Tue Feb 09 22:31:30 IST 2016, 9, 33, BD Right Hand Menu Bar: IS Alerts -IS alerts exists, Pass, , Tue Feb 09 22:31:31 IST 2016, 9, 34, BD Right Hand Menu Bar: IS Alerts -IS alerts exists, Pass, , Tue Feb 09 22:31:32 IST 2016, 9, 35, BD Right Hand Menu Bar: IS Alerts -IS alerts exists, Pass, , Tue Feb 09 22:31:33 IST 2016, 9, 36, BD Right Hand Menu Bar: IS Alerts -IS alerts exists, Pass, , Tue Feb 09 22:31:34 IST 2016, 9, 37, BD Right Hand Menu Bar: IS Alerts -IS alerts exists, Pass, , Tue Feb 09 22:31:34 IST 2016, 9, 38, BD Right Hand Menu Bar: IS Alerts -IS alerts exists, Pass, , Tue Feb 09 22:31:37 IST 2016, 9, 39, BD Right Hand Menu Bar: IS Alerts -IS alerts exists, Pass, , Tue Feb 09 22:31:37 IST 2016, 9, 40, BD Right Hand Menu Bar: IS Alerts -IS alerts exists, Pass, , Tue Feb 09 22:31:38 IST 2016, 9, 41, BD Right Hand Menu Bar: IS Alerts -IS alerts exists, Pass, , Tue Feb 09 22:31:40 IST 2016, 9, 42, BD Right Hand Menu Bar: IS Alerts -IS alerts exists, Pass, , Tue Feb 09 22:31:40 IST 2016, 9, 46, BD Right Hand Menu Bar: IS Alerts -IS alerts exists, Pass, , Tue Feb 09 22:31:43 IST 2016, 9, 47, BD Right Hand Menu Bar: IS Alerts -IS alerts exists, Pass, , Tue Feb 09 22:31:45 IST 2016, 9, 49, BD Right Hand Menu Bar: IS Alerts -IS alerts exists, Pass, , Tue Feb 09 22:32:06 IST 2016, 9, 50, BD Right Hand Menu Bar: IS Alerts -IS alerts exists, Pass, , Tue Feb 09 22:32:08 IST 2016]
[DEBUG][2016-02-09 22:32:08,865][com.java.ImportnExport.ExportTestResultsExcel] [  222] - testResultPath = D:\BankersDashboard/TestReports/Test Results_BankersDashBoard_020916_222641_IE10_Any Bank USA.xls
[DEBUG][2016-02-09 22:32:08,866][com.java.ImportnExport.ExportTestResultsExcel] [  223] - browser is------------IE10
[DEBUG][2016-02-09 22:32:08,868][com.java.ImportnExport.ExportTestResultsExcel] [  270] - result.size() = 252
[DEBUG][2016-02-09 22:32:08,868][com.java.ImportnExport.ExportTestResultsExcel] [  274] - No of rows in sheet=3
[DEBUG][2016-02-09 22:32:08,868][com.java.ImportnExport.ExportTestResultsExcel] [  301] - ..in export..9
[DEBUG][2016-02-09 22:32:08,868][com.java.ImportnExport.ExportTestResultsExcel] [  301] - ..in export..BD Right Hand Menu Bar: IS Alerts -IS alerts exists
[DEBUG][2016-02-09 22:32:08,868][com.java.ImportnExport.ExportTestResultsExcel] [  301] - ..in export..Pass
[DEBUG][2016-02-09 22:32:08,868][com.java.ImportnExport.ExportTestResultsExcel] [  301] - ..in export..
[DEBUG][2016-02-09 22:32:08,869][com.java.ImportnExport.ExportTestResultsExcel] [  301] - ..in export..Tue Feb 09 22:30:36 IST 2016
[INFO ][2016-02-09 22:32:08,871][com.java.SeleniumDriver] [ 1337] - out loop:2 size:3 TestCases:[1, 8, 9] testcases:[1, 8, 9]
[INFO ][2016-02-09 22:32:10,871][com.java.SeleniumDriver] [ 1380] - Total Number of Cases:3
[INFO ][2016-02-09 22:32:10,871][com.java.TemplateGenerator] [  302] - Executed:3
[INFO ][2016-02-09 22:32:10,871][com.java.TemplateGenerator] [  303] - Passed:2
[INFO ][2016-02-09 22:32:10,871][com.java.TemplateGenerator] [  304] - Failed:1
[INFO ][2016-02-09 22:32:10,871][com.java.TemplateGenerator] [  305] - Skipeed:0
[INFO ][2016-02-09 22:32:10,871][com.java.TemplateGenerator] [  306] - Application URL:https://clients-xuat.bankersdashboard.com
[INFO ][2016-02-09 22:32:10,871][com.java.TemplateGenerator] [  307] - Start Time:020916_222641
[INFO ][2016-02-09 22:32:10,871][com.java.TemplateGenerator] [  308] -  Creating HTML Report 
[ERROR][2016-02-09 22:32:10,872][com.java.TemplateGenerator] [  409] - Unparseable date: "Tue Feb 09 10:26:41 IST 2016"
[INFO ][2016-02-09 22:32:10,872][com.java.TemplateGenerator] [  654] -  Exporting case :: 1
[INFO ][2016-02-09 22:32:10,872][com.java.TemplateGenerator] [  654] -  Exporting case :: 8
[INFO ][2016-02-09 22:32:10,872][com.java.TemplateGenerator] [  654] -  Exporting case :: 9
[INFO ][2016-02-09 22:32:10,918][com.java.SeleniumDriver] [ 1429] - End Time:020916_223210
[INFO ][2016-02-09 22:32:10,918][com.java.SeleniumDriver] [ 1432] - Data in Test Execution Details:{1=PASS, 8=FAILTest case failed at Step No. :: 38, 9=PASS}
[INFO ][2016-02-09 22:32:10,918][com.java.SeleniumDriver] [ 1433] - Data in Failed Execution Deatils:{}
[INFO ][2016-02-09 22:32:10,918][com.java.SeleniumDriver] [ 1435] - ReportCounter:Total:3 :: PASS: 2 ::FAIL: 1
[INFO ][2016-02-09 22:32:10,918][com.java.SeleniumDriver] [ 1436] - FailedReportCounter:Total:0 :: PASS: 0 ::FAIL: 0
[INFO ][2016-02-09 22:32:10,926][com.java.EmailTestReport] [   63] - Sending report mail details:
[INFO ][2016-02-09 22:32:10,926][com.java.EmailTestReport] [   80] - Excel Report Path:D:\BankersDashboard/TestReports/Test Results_BankersDashBoard_020916_222641_IE10_Any Bank USA.xls
[INFO ][2016-02-09 22:32:10,926][com.java.EmailTestReport] [   81] - HTML Report Path:D:\BankersDashboard//TestReports//Test Results_BankersDashBoard_020916_222641_IE10_Any Bank USA.html
[INFO ][2016-02-09 22:32:10,926][com.java.EmailTestReport] [   82] - smtpHostName:mail01.valuelabs.com
[INFO ][2016-02-09 22:32:10,926][com.java.EmailTestReport] [   83] - Recipient:venkateswararao.gubbala@valuelabs.com;
[INFO ][2016-02-09 22:32:10,926][com.java.EmailTestReport] [   84] - From:venkateswararao.gubbala@valuelabs.com;
[INFO ][2016-02-09 22:32:10,926][com.java.EmailTestReport] [   85] - Subject:Deluxe Corp Bankers Dashboard Automation Test Report - Any Bank USA - IE10
[INFO ][2016-02-09 22:32:10,942][com.java.EmailTestReport] [  143] -  Added venkateswararao.gubbala@valuelabs.com
[INFO ][2016-02-09 22:32:14,064][com.java.SeleniumDriver] [  722] - quitting the browser 
[INFO ][2016-02-09 22:32:15,324][com.java.SeleniumDriver] [  264] - Execution Completed Stopping the thread
