[INFO ][2016-02-05 19:07:22,372][com.java.SeleniumDriver] [  213] - Execute Failed Casesfalse
[INFO ][2016-02-05 19:07:22,372][com.java.SeleniumDriver] [  214] - Browser: IE10
[INFO ][2016-02-05 19:07:22,376][com.java.SeleniumDriver] [  215] - [1, 4, 8]
[INFO ][2016-02-05 19:07:22,376][com.java.SeleniumDriver] [  216] - Total TestCases:3
[INFO ][2016-02-05 19:07:22,377][com.java.SeleniumDriver] [  217] -  Reading Properties from Property File 
[DEBUG][2016-02-05 19:07:22,377][com.java.SeleniumDriver] [  238] - url : https://clients-xuat.bankersdashboard.com
[INFO ][2016-02-05 19:07:22,378][com.java.ImportnExport.ExportTestResultsExcel] [  116] - Time Stamp Fri Feb 05 07:07:22 IST 2016
[INFO ][2016-02-05 19:07:22,378][com.java.ImportnExport.ExportTestResultsExcel] [  175] - OUT FILE : D:\BankersDashboard/TestReports/Test Results_BankersDashBoard_020516_190722_IE10_Any Bank USA.xls
[INFO ][2016-02-05 19:07:22,408][com.java.ImportnExport.ExportTestResultsExcel] [  180] - Test Result file is created
[DEBUG][2016-02-05 19:07:22,499][com.java.SeleniumDriver] [  426] - Hub ip address is-------172.17.68.34
[INFO ][2016-02-05 19:07:22,499][com.java.SeleniumDriver] [  452] - Grid URL:http://172.17.68.34:4444/wd/hub
[INFO ][2016-02-05 19:07:22,500][com.java.SeleniumDriver] [  453] - Capability:Capabilities [{platform=ANY, ensureCleanSession=true, ignoreProtectedModeSettings=true, acceptSslCerts=true, ignoreZoomSetting=true, browserName=internet explorer, browserstack.ie.noFlash=true, version=null}]
[ERROR][2016-02-05 19:07:23,831][com.java.SeleniumDriver] [  498] - Unable invoke browser in grid:Could not start a new session. Possible causes are invalid address of the remote server or browser start-up failure.
Build info: version: '2.48.2', revision: '41bccdd', time: '2015-10-09 19:59:12'
System info: host: 'FVTIII438F1D', ip: '172.17.68.34', os.name: 'Windows 7', os.arch: 'x86', os.version: '6.1', java.version: '1.7.0_55'
Driver info: driver.version: SeleniumDriver
[INFO ][2016-02-05 19:07:23,832][com.java.SeleniumDriver] [  500] - Executing on local machine
[INFO ][2016-02-05 19:07:34,179][com.java.SeleniumDriver] [  248] - IE10is opened
[INFO ][2016-02-05 19:07:35,036][com.java.SeleniumDriver] [  756] - Test cases to be executed are: [1, 4, 8]
[INFO ][2016-02-05 19:07:35,062][com.java.ImportnExport.ImportTestDataDetailsExcel] [   49] - test data details path===== D:\BankersDashboard\TestInputs\TestData.xls
[INFO ][2016-02-05 19:07:35,143][com.java.SeleniumDriver] [  856] - ------------------------------------------
[INFO ][2016-02-05 19:07:35,143][com.java.SeleniumDriver] [  857] - Test case being Executed: 1
[INFO ][2016-02-05 19:07:35,144][com.java.SeleniumDriver] [  869] - Test step:1
[INFO ][2016-02-05 19:07:35,144][com.java.SeleniumDriver] [  881] - Datavalue is----------Concept#1:1-16
[INFO ][2016-02-05 19:07:35,144][com.java.SeleniumDriver] [  905] - DataField : test
[INFO ][2016-02-05 19:07:35,144][com.java.SeleniumDriver] [  907] - DataValue : Concept#1:1-16
[INFO ][2016-02-05 19:07:35,144][com.java.SeleniumDriver] [  913] - <In Set values of the page>
[INFO ][2016-02-05 19:07:35,144][com.java.SeleniumDriver] [  916] - {Data Fields & Data Values Exist}
[INFO ][2016-02-05 19:07:35,144][com.java.SeleniumDriver] [  918] - --------------------------setting values-----------------------------
[INFO ][2016-02-05 19:07:35,144][com.java.SeleniumDriver] [  921] - Action Type : ExecuteTestCase
[INFO ][2016-02-05 19:07:35,163][com.java.TestType] [  448] - The Concept sheet name is ---------- Concept
[INFO ][2016-02-05 19:07:35,163][com.java.TestType] [  451] - The Concept ID  is ---------- 1
[DEBUG][2016-02-05 19:07:35,163][com.java.TestType] [  455] - Steps being executted in the Concept are: 1:16
[INFO ][2016-02-05 19:07:35,163][com.java.TestType] [  462] - Test data details path ---------- D:\BankersDashboard\TestInputs\TestData.xls
[INFO ][2016-02-05 19:07:35,185][com.java.TestType] [  493] -  str(1) = 1
[INFO ][2016-02-05 19:07:35,185][com.java.TestType] [  496] - Test case Id is---1
[INFO ][2016-02-05 19:07:35,185][com.java.TestType] [  498] - 1
[INFO ][2016-02-05 19:07:35,185][com.java.TestType] [  493] -  str(2) = 1
[INFO ][2016-02-05 19:07:35,188][com.java.TestType] [  493] -  str(1) = 1
[INFO ][2016-02-05 19:07:35,188][com.java.TestType] [  496] - Test case Id is---1
[INFO ][2016-02-05 19:07:35,188][com.java.TestType] [  498] - 1
[INFO ][2016-02-05 19:07:35,188][com.java.TestType] [  493] -  str(2) = 2
[INFO ][2016-02-05 19:07:35,189][com.java.TestType] [  493] -  str(1) = 1
[INFO ][2016-02-05 19:07:35,189][com.java.TestType] [  496] - Test case Id is---1
[INFO ][2016-02-05 19:07:35,189][com.java.TestType] [  498] - 1
[INFO ][2016-02-05 19:07:35,190][com.java.TestType] [  493] -  str(2) = 3
[INFO ][2016-02-05 19:07:35,193][com.java.TestType] [  493] -  str(1) = 1
[INFO ][2016-02-05 19:07:35,193][com.java.TestType] [  496] - Test case Id is---1
[INFO ][2016-02-05 19:07:35,193][com.java.TestType] [  498] - 1
[INFO ][2016-02-05 19:07:35,193][com.java.TestType] [  493] -  str(2) = 4
[INFO ][2016-02-05 19:07:35,194][com.java.TestType] [  493] -  str(1) = 1
[INFO ][2016-02-05 19:07:35,195][com.java.TestType] [  496] - Test case Id is---1
[INFO ][2016-02-05 19:07:35,195][com.java.TestType] [  498] - 1
[INFO ][2016-02-05 19:07:35,195][com.java.TestType] [  493] -  str(2) = 5
[INFO ][2016-02-05 19:07:35,196][com.java.TestType] [  493] -  str(1) = 1
[INFO ][2016-02-05 19:07:35,196][com.java.TestType] [  496] - Test case Id is---1
[INFO ][2016-02-05 19:07:35,196][com.java.TestType] [  498] - 1
[INFO ][2016-02-05 19:07:35,196][com.java.TestType] [  493] -  str(2) = 6
[INFO ][2016-02-05 19:07:35,198][com.java.TestType] [  493] -  str(1) = 1
[INFO ][2016-02-05 19:07:35,198][com.java.TestType] [  496] - Test case Id is---1
[INFO ][2016-02-05 19:07:35,199][com.java.TestType] [  498] - 1
[INFO ][2016-02-05 19:07:35,199][com.java.TestType] [  493] -  str(2) = 7
[INFO ][2016-02-05 19:07:35,199][com.java.TestType] [  493] -  str(1) = 1
[INFO ][2016-02-05 19:07:35,200][com.java.TestType] [  496] - Test case Id is---1
[INFO ][2016-02-05 19:07:35,200][com.java.TestType] [  498] - 1
[INFO ][2016-02-05 19:07:35,200][com.java.TestType] [  493] -  str(2) = 8
[INFO ][2016-02-05 19:07:35,201][com.java.TestType] [  493] -  str(1) = 1
[INFO ][2016-02-05 19:07:35,201][com.java.TestType] [  496] - Test case Id is---1
[INFO ][2016-02-05 19:07:35,201][com.java.TestType] [  498] - 1
[INFO ][2016-02-05 19:07:35,201][com.java.TestType] [  493] -  str(2) = 9
[INFO ][2016-02-05 19:07:35,203][com.java.TestType] [  493] -  str(1) = 1
[INFO ][2016-02-05 19:07:35,203][com.java.TestType] [  496] - Test case Id is---1
[INFO ][2016-02-05 19:07:35,203][com.java.TestType] [  498] - 1
[INFO ][2016-02-05 19:07:35,203][com.java.TestType] [  493] -  str(2) = 10
[INFO ][2016-02-05 19:07:35,204][com.java.TestType] [  493] -  str(1) = 1
[INFO ][2016-02-05 19:07:35,204][com.java.TestType] [  496] - Test case Id is---1
[INFO ][2016-02-05 19:07:35,204][com.java.TestType] [  498] - 1
[INFO ][2016-02-05 19:07:35,204][com.java.TestType] [  493] -  str(2) = 11
[INFO ][2016-02-05 19:07:35,205][com.java.TestType] [  493] -  str(1) = 1
[INFO ][2016-02-05 19:07:35,205][com.java.TestType] [  496] - Test case Id is---1
[INFO ][2016-02-05 19:07:35,205][com.java.TestType] [  498] - 1
[INFO ][2016-02-05 19:07:35,205][com.java.TestType] [  493] -  str(2) = 12
[INFO ][2016-02-05 19:07:35,206][com.java.TestType] [  493] -  str(1) = 1
[INFO ][2016-02-05 19:07:35,206][com.java.TestType] [  496] - Test case Id is---1
[INFO ][2016-02-05 19:07:35,206][com.java.TestType] [  498] - 1
[INFO ][2016-02-05 19:07:35,206][com.java.TestType] [  493] -  str(2) = 13
[INFO ][2016-02-05 19:07:35,207][com.java.TestType] [  493] -  str(1) = 1
[INFO ][2016-02-05 19:07:35,207][com.java.TestType] [  496] - Test case Id is---1
[INFO ][2016-02-05 19:07:35,207][com.java.TestType] [  498] - 1
[INFO ][2016-02-05 19:07:35,208][com.java.TestType] [  493] -  str(2) = 14
[INFO ][2016-02-05 19:07:35,208][com.java.TestType] [  493] -  str(1) = 1
[INFO ][2016-02-05 19:07:35,208][com.java.TestType] [  496] - Test case Id is---1
[INFO ][2016-02-05 19:07:35,209][com.java.TestType] [  498] - 1
[INFO ][2016-02-05 19:07:35,209][com.java.TestType] [  493] -  str(2) = 15
[INFO ][2016-02-05 19:07:35,209][com.java.TestType] [  493] -  str(1) = 1
[INFO ][2016-02-05 19:07:35,209][com.java.TestType] [  496] - Test case Id is---1
[INFO ][2016-02-05 19:07:35,210][com.java.TestType] [  498] - 1
[INFO ][2016-02-05 19:07:35,210][com.java.TestType] [  493] -  str(2) = 16
[INFO ][2016-02-05 19:07:35,210][com.java.TestType] [12089] - Looping 1TCID = 1
[DEBUG][2016-02-05 19:07:35,210][com.java.TestType] [12130] - Concept ID:1 :: Step being Executed: 1::1
[INFO ][2016-02-05 19:07:35,211][com.java.TestType] [12168] - dataFields : TXTusername
[DEBUG][2016-02-05 19:07:35,213][com.java.TestType] [12174] - <In Set values of the page>
[DEBUG][2016-02-05 19:07:35,213][com.java.TestType] [12179] - {Data Fields & Data Values Exist}
[INFO ][2016-02-05 19:07:35,213][com.java.TestType] [12185] - --------------------------setting values-----------------------------
[INFO ][2016-02-05 19:07:35,213][com.java.TestType] [12188] - Action Type : CLEARANDENTER
[INFO ][2016-02-05 19:07:37,522][com.java.TestType] [ 6727] - value = naresh.nayini1.00000
[INFO ][2016-02-05 19:07:39,930][com.java.TestType] [12207] -  RESULT true
[INFO ][2016-02-05 19:07:39,930][com.java.TestType] [12324] - ?   P A S S   ?
[DEBUG][2016-02-05 19:07:39,931][com.java.TestType] [12130] - Concept ID:1 :: Step being Executed: 1::2
[INFO ][2016-02-05 19:07:39,931][com.java.TestType] [12168] - dataFields : TXTpassword
[DEBUG][2016-02-05 19:07:39,931][com.java.TestType] [12174] - <In Set values of the page>
[DEBUG][2016-02-05 19:07:39,931][com.java.TestType] [12179] - {Data Fields & Data Values Exist}
[INFO ][2016-02-05 19:07:39,931][com.java.TestType] [12185] - --------------------------setting values-----------------------------
[INFO ][2016-02-05 19:07:39,931][com.java.TestType] [12188] - Action Type : CLEARANDENTER
[INFO ][2016-02-05 19:07:42,207][com.java.TestType] [ 6727] - value = Password1*
[INFO ][2016-02-05 19:07:44,729][com.java.TestType] [12207] -  RESULT true
[INFO ][2016-02-05 19:07:44,729][com.java.TestType] [12324] - ?   P A S S   ?
[DEBUG][2016-02-05 19:07:44,729][com.java.TestType] [12130] - Concept ID:1 :: Step being Executed: 1::3
[ERROR][2016-02-05 19:07:44,729][com.java.TestType] [12163] - Exception: null
[INFO ][2016-02-05 19:07:44,730][com.java.TestType] [12168] - dataFields : XPH//button[@type='submit']
[DEBUG][2016-02-05 19:07:44,730][com.java.TestType] [12174] - <In Set values of the page>
[DEBUG][2016-02-05 19:07:44,730][com.java.TestType] [12179] - {Data Fields & Data Values Exist}
[INFO ][2016-02-05 19:07:44,730][com.java.TestType] [12185] - --------------------------setting values-----------------------------
[INFO ][2016-02-05 19:07:44,730][com.java.TestType] [12188] - Action Type : Click
[INFO ][2016-02-05 19:07:44,731][com.java.TestType] [ 7122] - Field ::XPH//button[@type='submit']
[INFO ][2016-02-05 19:07:44,732][com.java.TestType] [ 6727] - value = 
[INFO ][2016-02-05 19:07:45,732][com.java.TestType] [ 7299] - BEFORE CLICK
[INFO ][2016-02-05 19:07:46,591][com.java.TestType] [ 7307] - Unable to click the object Login
[INFO ][2016-02-05 19:07:46,591][com.java.TestType] [12207] -  RESULT true
[INFO ][2016-02-05 19:07:46,591][com.java.TestType] [12324] - ?   P A S S   ?
[DEBUG][2016-02-05 19:07:46,591][com.java.TestType] [12130] - Concept ID:1 :: Step being Executed: 1::4
[INFO ][2016-02-05 19:07:46,591][com.java.TestType] [12168] - dataFields : LNKLogout
[DEBUG][2016-02-05 19:07:46,591][com.java.TestType] [12174] - <In Set values of the page>
[DEBUG][2016-02-05 19:07:46,591][com.java.TestType] [12179] - {Data Fields & Data Values Exist}
[INFO ][2016-02-05 19:07:46,591][com.java.TestType] [12185] - --------------------------setting values-----------------------------
[INFO ][2016-02-05 19:07:46,591][com.java.TestType] [12188] - Action Type : WaitForElement
[INFO ][2016-02-05 19:07:50,148][com.java.TestType] [12207] -  RESULT true
[INFO ][2016-02-05 19:07:50,149][com.java.TestType] [12324] - ?   P A S S   ?
[DEBUG][2016-02-05 19:07:50,149][com.java.TestType] [12130] - Concept ID:1 :: Step being Executed: 1::15
[INFO ][2016-02-05 19:07:50,149][com.java.TestType] [12168] - dataFields : LNK
[DEBUG][2016-02-05 19:07:50,149][com.java.TestType] [12174] - <In Set values of the page>
[DEBUG][2016-02-05 19:07:50,149][com.java.TestType] [12179] - {Data Fields & Data Values Exist}
[INFO ][2016-02-05 19:07:50,149][com.java.TestType] [12185] - --------------------------setting values-----------------------------
[INFO ][2016-02-05 19:07:50,149][com.java.TestType] [12188] - Action Type : Verify
[INFO ][2016-02-05 19:07:50,151][com.java.TestType] [ 8355] - field= LNK value= Logout
[INFO ][2016-02-05 19:07:50,152][com.java.TestType] [ 6727] - value = Logout
[INFO ][2016-02-05 19:07:50,189][com.java.TestType] [12207] -  RESULT true
[INFO ][2016-02-05 19:07:50,189][com.java.TestType] [12324] - ?   P A S S   ?
[DEBUG][2016-02-05 19:07:50,190][com.java.TestType] [12130] - Concept ID:1 :: Step being Executed: 1::16
[INFO ][2016-02-05 19:07:50,190][com.java.TestType] [12168] - dataFields : BTN
[DEBUG][2016-02-05 19:07:50,190][com.java.TestType] [12174] - <In Set values of the page>
[DEBUG][2016-02-05 19:07:50,190][com.java.TestType] [12179] - {Data Fields & Data Values Exist}
[INFO ][2016-02-05 19:07:50,191][com.java.TestType] [12185] - --------------------------setting values-----------------------------
[INFO ][2016-02-05 19:07:50,191][com.java.TestType] [12188] - Action Type : Verify
[INFO ][2016-02-05 19:07:50,191][com.java.TestType] [ 8355] - field= BTN value= //img[contains(@src,'bdlogo.jpg')]
[INFO ][2016-02-05 19:07:50,191][com.java.TestType] [ 6727] - value = //img[contains(@src,'bdlogo.jpg')]
[INFO ][2016-02-05 19:07:50,472][com.java.TestType] [12207] -  RESULT true
[INFO ][2016-02-05 19:07:50,472][com.java.TestType] [12324] - ?   P A S S   ?
[INFO ][2016-02-05 19:07:50,472][com.java.TestType] [12395] - Looping End......
[INFO ][2016-02-05 19:07:50,475][com.java.SeleniumDriver] [  930] -  RESULT true
[INFO ][2016-02-05 19:07:50,475][com.java.SeleniumDriver] [ 1136] - ?   P A S S   ?
[INFO ][2016-02-05 19:07:50,475][com.java.SeleniumDriver] [  856] - ------------------------------------------
[INFO ][2016-02-05 19:07:50,475][com.java.SeleniumDriver] [  857] - Test case being Executed: 1
[INFO ][2016-02-05 19:07:50,475][com.java.SeleniumDriver] [  869] - Test step:2
[INFO ][2016-02-05 19:07:50,475][com.java.SeleniumDriver] [  881] - Datavalue is----------Concept#2:1-2
[INFO ][2016-02-05 19:07:50,475][com.java.SeleniumDriver] [  905] - DataField : test
[INFO ][2016-02-05 19:07:50,476][com.java.SeleniumDriver] [  907] - DataValue : Concept#2:1-2
[INFO ][2016-02-05 19:07:50,476][com.java.SeleniumDriver] [  913] - <In Set values of the page>
[INFO ][2016-02-05 19:07:50,476][com.java.SeleniumDriver] [  916] - {Data Fields & Data Values Exist}
[INFO ][2016-02-05 19:07:50,476][com.java.SeleniumDriver] [  918] - --------------------------setting values-----------------------------
[INFO ][2016-02-05 19:07:50,476][com.java.SeleniumDriver] [  921] - Action Type : ExecuteTestCase
[INFO ][2016-02-05 19:07:50,476][com.java.TestType] [  448] - The Concept sheet name is ---------- Concept
[INFO ][2016-02-05 19:07:50,476][com.java.TestType] [  451] - The Concept ID  is ---------- 2
[DEBUG][2016-02-05 19:07:50,476][com.java.TestType] [  455] - Steps being executted in the Concept are: 1:2
[INFO ][2016-02-05 19:07:50,477][com.java.TestType] [  462] - Test data details path ---------- D:\BankersDashboard\TestInputs\TestData.xls
[INFO ][2016-02-05 19:07:50,494][com.java.TestType] [  493] -  str(1) = 2
[INFO ][2016-02-05 19:07:50,495][com.java.TestType] [  496] - Test case Id is---2
[INFO ][2016-02-05 19:07:50,495][com.java.TestType] [  498] - 2
[INFO ][2016-02-05 19:07:50,495][com.java.TestType] [  493] -  str(2) = 1
[INFO ][2016-02-05 19:07:50,497][com.java.TestType] [  493] -  str(1) = 2
[INFO ][2016-02-05 19:07:50,497][com.java.TestType] [  496] - Test case Id is---2
[INFO ][2016-02-05 19:07:50,497][com.java.TestType] [  498] - 2
[INFO ][2016-02-05 19:07:50,497][com.java.TestType] [  493] -  str(2) = 2
[INFO ][2016-02-05 19:07:50,499][com.java.TestType] [  493] -  str(1) = 2
[INFO ][2016-02-05 19:07:50,499][com.java.TestType] [  496] - Test case Id is---2
[INFO ][2016-02-05 19:07:50,499][com.java.TestType] [  498] - 2
[INFO ][2016-02-05 19:07:50,499][com.java.TestType] [  493] -  str(2) = 3
[INFO ][2016-02-05 19:07:50,499][com.java.TestType] [12089] - Looping 1TCID = 2
[DEBUG][2016-02-05 19:07:50,500][com.java.TestType] [12130] - Concept ID:2 :: Step being Executed: 2::1
[INFO ][2016-02-05 19:07:50,500][com.java.TestType] [12168] - dataFields : BNK//select[@id='bank']
[DEBUG][2016-02-05 19:07:50,500][com.java.TestType] [12174] - <In Set values of the page>
[DEBUG][2016-02-05 19:07:50,500][com.java.TestType] [12179] - {Data Fields & Data Values Exist}
[INFO ][2016-02-05 19:07:50,500][com.java.TestType] [12185] - --------------------------setting values-----------------------------
[INFO ][2016-02-05 19:07:50,500][com.java.TestType] [12188] - Action Type : Select
[INFO ][2016-02-05 19:07:50,500][com.java.TestType] [ 6727] - value = PFC
[INFO ][2016-02-05 19:07:50,816][com.java.TestType] [12207] -  RESULT true
[INFO ][2016-02-05 19:07:50,816][com.java.TestType] [12324] - ?   P A S S   ?
[DEBUG][2016-02-05 19:07:50,816][com.java.TestType] [12130] - Concept ID:2 :: Step being Executed: 2::2
[INFO ][2016-02-05 19:07:50,816][com.java.TestType] [12168] - dataFields : LNKLogout
[DEBUG][2016-02-05 19:07:50,816][com.java.TestType] [12174] - <In Set values of the page>
[DEBUG][2016-02-05 19:07:50,816][com.java.TestType] [12179] - {Data Fields & Data Values Exist}
[INFO ][2016-02-05 19:07:50,816][com.java.TestType] [12185] - --------------------------setting values-----------------------------
[INFO ][2016-02-05 19:07:50,817][com.java.TestType] [12188] - Action Type : WaitTime
[DEBUG][2016-02-05 19:07:50,817][com.java.TestType] [ 6541] - sleepTime: 5000
[INFO ][2016-02-05 19:07:55,817][com.java.TestType] [12207] -  RESULT true
[INFO ][2016-02-05 19:07:55,817][com.java.TestType] [12324] - ?   P A S S   ?
[INFO ][2016-02-05 19:07:55,817][com.java.TestType] [12395] - Looping End......
[INFO ][2016-02-05 19:07:55,818][com.java.SeleniumDriver] [  930] -  RESULT true
[INFO ][2016-02-05 19:07:55,819][com.java.SeleniumDriver] [ 1136] - ?   P A S S   ?
[INFO ][2016-02-05 19:07:55,819][com.java.SeleniumDriver] [  856] - ------------------------------------------
[INFO ][2016-02-05 19:07:55,819][com.java.SeleniumDriver] [  857] - Test case being Executed: 1
[INFO ][2016-02-05 19:07:55,819][com.java.SeleniumDriver] [  869] - Test step:3
[INFO ][2016-02-05 19:07:55,819][com.java.SeleniumDriver] [  881] - Datavalue is----------2
[INFO ][2016-02-05 19:07:55,819][com.java.SeleniumDriver] [  905] - DataField : XPH//button[contains(text(),'Add Content')]
[INFO ][2016-02-05 19:07:55,819][com.java.SeleniumDriver] [  907] - DataValue : 2
[INFO ][2016-02-05 19:07:55,819][com.java.SeleniumDriver] [  913] - <In Set values of the page>
[INFO ][2016-02-05 19:07:55,819][com.java.SeleniumDriver] [  916] - {Data Fields & Data Values Exist}
[INFO ][2016-02-05 19:07:55,819][com.java.SeleniumDriver] [  918] - --------------------------setting values-----------------------------
[INFO ][2016-02-05 19:07:55,819][com.java.SeleniumDriver] [  921] - Action Type : WAITFORELEMENT
[INFO ][2016-02-05 19:07:55,867][com.java.SeleniumDriver] [  930] -  RESULT true
[INFO ][2016-02-05 19:07:55,867][com.java.SeleniumDriver] [ 1136] - ?   P A S S   ?
[DEBUG][2016-02-05 19:07:55,868][com.java.SeleniumDriver] [ 1248] - Case found
[DEBUG][2016-02-05 19:07:55,868][com.java.SeleniumDriver] [ 1253] - Incrementing ReportCounters[0]:1
[INFO ][2016-02-05 19:07:55,868][com.java.SeleniumDriver] [ 1272] - The results are-------------------[1, 1, Valid Login, Pass, , Fri Feb 05 19:07:50 IST 2016, 1, 2, Valid Login, Pass, , Fri Feb 05 19:07:55 IST 2016, 1, 3, Valid Login, Pass, , Fri Feb 05 19:07:55 IST 2016]
[INFO ][2016-02-05 19:07:55,868][com.java.SeleniumDriver] [ 1276] - End time is-------35 sec
[INFO ][2016-02-05 19:07:55,868][com.java.SeleniumDriver] [ 1277] - The results are-------------------[1, 1, Valid Login, Pass, , Fri Feb 05 19:07:50 IST 2016, 1, 2, Valid Login, Pass, , Fri Feb 05 19:07:55 IST 2016, 1, 3, Valid Login, Pass, , Fri Feb 05 19:07:55 IST 2016]
[DEBUG][2016-02-05 19:07:55,868][com.java.ImportnExport.ExportTestResultsExcel] [  222] - testResultPath = D:\BankersDashboard/TestReports/Test Results_BankersDashBoard_020516_190722_IE10_Any Bank USA.xls
[DEBUG][2016-02-05 19:07:55,868][com.java.ImportnExport.ExportTestResultsExcel] [  223] - browser is------------IE10
[DEBUG][2016-02-05 19:07:55,914][com.java.ImportnExport.ExportTestResultsExcel] [  270] - result.size() = 18
[DEBUG][2016-02-05 19:07:55,914][com.java.ImportnExport.ExportTestResultsExcel] [  274] - No of rows in sheet=1
[DEBUG][2016-02-05 19:07:55,914][com.java.ImportnExport.ExportTestResultsExcel] [  301] - ..in export..1
[DEBUG][2016-02-05 19:07:55,914][com.java.ImportnExport.ExportTestResultsExcel] [  301] - ..in export..Valid Login
[DEBUG][2016-02-05 19:07:55,914][com.java.ImportnExport.ExportTestResultsExcel] [  301] - ..in export..Pass
[DEBUG][2016-02-05 19:07:55,914][com.java.ImportnExport.ExportTestResultsExcel] [  301] - ..in export..
[DEBUG][2016-02-05 19:07:55,914][com.java.ImportnExport.ExportTestResultsExcel] [  301] - ..in export..Fri Feb 05 19:07:50 IST 2016
[INFO ][2016-02-05 19:07:55,916][com.java.SeleniumDriver] [ 1337] - out loop:0 size:3 TestCases:[1, 4, 8] testcases:[1, 4, 8]
[INFO ][2016-02-05 19:07:55,916][com.java.ImportnExport.ImportTestDataDetailsExcel] [   49] - test data details path===== D:\BankersDashboard\TestInputs\TestData.xls
[INFO ][2016-02-05 19:08:12,751][com.java.SeleniumDriver] [  856] - ------------------------------------------
[INFO ][2016-02-05 19:08:12,751][com.java.SeleniumDriver] [  857] - Test case being Executed: 4
[INFO ][2016-02-05 19:08:12,751][com.java.SeleniumDriver] [  869] - Test step:1
[INFO ][2016-02-05 19:08:12,751][com.java.SeleniumDriver] [  881] - Datavalue is----------Logout
[INFO ][2016-02-05 19:08:12,751][com.java.SeleniumDriver] [  905] - DataField : BTN
[INFO ][2016-02-05 19:08:12,751][com.java.SeleniumDriver] [  907] - DataValue : Logout
[INFO ][2016-02-05 19:08:12,751][com.java.SeleniumDriver] [  913] - <In Set values of the page>
[INFO ][2016-02-05 19:08:12,751][com.java.SeleniumDriver] [  916] - {Data Fields & Data Values Exist}
[INFO ][2016-02-05 19:08:12,751][com.java.SeleniumDriver] [  918] - --------------------------setting values-----------------------------
[INFO ][2016-02-05 19:08:12,752][com.java.SeleniumDriver] [  921] - Action Type : Verify
[INFO ][2016-02-05 19:08:12,752][com.java.TestType] [ 8355] - field= BTN value= Logout
[INFO ][2016-02-05 19:08:12,752][com.java.TestType] [ 6727] - value = Logout
[INFO ][2016-02-05 19:08:12,825][com.java.SeleniumDriver] [  930] -  RESULT true
[INFO ][2016-02-05 19:08:12,825][com.java.SeleniumDriver] [ 1136] - ?   P A S S   ?
[INFO ][2016-02-05 19:08:12,825][com.java.SeleniumDriver] [ 1178] - step change to 3
[INFO ][2016-02-05 19:08:12,825][com.java.SeleniumDriver] [  856] - ------------------------------------------
[INFO ][2016-02-05 19:08:12,826][com.java.SeleniumDriver] [  857] - Test case being Executed: 4
[INFO ][2016-02-05 19:08:12,826][com.java.SeleniumDriver] [  869] - Test step:3
[INFO ][2016-02-05 19:08:12,826][com.java.SeleniumDriver] [  881] - Datavalue is----------Concept#2:1-3
[INFO ][2016-02-05 19:08:12,826][com.java.SeleniumDriver] [  905] - DataField : test
[INFO ][2016-02-05 19:08:12,826][com.java.SeleniumDriver] [  907] - DataValue : Concept#2:1-3
[INFO ][2016-02-05 19:08:12,826][com.java.SeleniumDriver] [  913] - <In Set values of the page>
[INFO ][2016-02-05 19:08:12,826][com.java.SeleniumDriver] [  916] - {Data Fields & Data Values Exist}
[INFO ][2016-02-05 19:08:12,826][com.java.SeleniumDriver] [  918] - --------------------------setting values-----------------------------
[INFO ][2016-02-05 19:08:12,826][com.java.SeleniumDriver] [  921] - Action Type : ExecuteTestCase
[INFO ][2016-02-05 19:08:12,826][com.java.TestType] [  448] - The Concept sheet name is ---------- Concept
[INFO ][2016-02-05 19:08:12,826][com.java.TestType] [  451] - The Concept ID  is ---------- 2
[DEBUG][2016-02-05 19:08:12,826][com.java.TestType] [  455] - Steps being executted in the Concept are: 1:3
[INFO ][2016-02-05 19:08:12,826][com.java.TestType] [  462] - Test data details path ---------- D:\BankersDashboard\TestInputs\TestData.xls
[INFO ][2016-02-05 19:08:12,844][com.java.TestType] [  493] -  str(1) = 2
[INFO ][2016-02-05 19:08:12,844][com.java.TestType] [  496] - Test case Id is---2
[INFO ][2016-02-05 19:08:12,844][com.java.TestType] [  498] - 2
[INFO ][2016-02-05 19:08:12,844][com.java.TestType] [  493] -  str(2) = 1
[INFO ][2016-02-05 19:08:12,845][com.java.TestType] [  493] -  str(1) = 2
[INFO ][2016-02-05 19:08:12,845][com.java.TestType] [  496] - Test case Id is---2
[INFO ][2016-02-05 19:08:12,845][com.java.TestType] [  498] - 2
[INFO ][2016-02-05 19:08:12,845][com.java.TestType] [  493] -  str(2) = 2
[INFO ][2016-02-05 19:08:12,846][com.java.TestType] [  493] -  str(1) = 2
[INFO ][2016-02-05 19:08:12,846][com.java.TestType] [  496] - Test case Id is---2
[INFO ][2016-02-05 19:08:12,846][com.java.TestType] [  498] - 2
[INFO ][2016-02-05 19:08:12,846][com.java.TestType] [  493] -  str(2) = 3
[INFO ][2016-02-05 19:08:12,847][com.java.TestType] [12089] - Looping 1TCID = 2
[DEBUG][2016-02-05 19:08:12,847][com.java.TestType] [12130] - Concept ID:2 :: Step being Executed: 2::1
[INFO ][2016-02-05 19:08:12,847][com.java.TestType] [12168] - dataFields : BNK//select[@id='bank']
[DEBUG][2016-02-05 19:08:12,847][com.java.TestType] [12174] - <In Set values of the page>
[DEBUG][2016-02-05 19:08:12,847][com.java.TestType] [12179] - {Data Fields & Data Values Exist}
[INFO ][2016-02-05 19:08:12,847][com.java.TestType] [12185] - --------------------------setting values-----------------------------
[INFO ][2016-02-05 19:08:12,847][com.java.TestType] [12188] - Action Type : Select
[INFO ][2016-02-05 19:08:12,848][com.java.TestType] [ 6727] - value = PFC
[INFO ][2016-02-05 19:08:13,057][com.java.TestType] [12207] -  RESULT true
[INFO ][2016-02-05 19:08:13,057][com.java.TestType] [12324] - ?   P A S S   ?
[DEBUG][2016-02-05 19:08:13,057][com.java.TestType] [12130] - Concept ID:2 :: Step being Executed: 2::2
[INFO ][2016-02-05 19:08:13,057][com.java.TestType] [12168] - dataFields : LNKLogout
[DEBUG][2016-02-05 19:08:13,057][com.java.TestType] [12174] - <In Set values of the page>
[DEBUG][2016-02-05 19:08:13,057][com.java.TestType] [12179] - {Data Fields & Data Values Exist}
[INFO ][2016-02-05 19:08:13,058][com.java.TestType] [12185] - --------------------------setting values-----------------------------
[INFO ][2016-02-05 19:08:13,058][com.java.TestType] [12188] - Action Type : WaitTime
[DEBUG][2016-02-05 19:08:13,058][com.java.TestType] [ 6541] - sleepTime: 5000
[INFO ][2016-02-05 19:08:18,059][com.java.TestType] [12207] -  RESULT true
[INFO ][2016-02-05 19:08:18,059][com.java.TestType] [12324] - ?   P A S S   ?
[DEBUG][2016-02-05 19:08:18,059][com.java.TestType] [12130] - Concept ID:2 :: Step being Executed: 2::3
[INFO ][2016-02-05 19:08:18,059][com.java.TestType] [12168] - dataFields : LNKLogout
[DEBUG][2016-02-05 19:08:18,059][com.java.TestType] [12174] - <In Set values of the page>
[DEBUG][2016-02-05 19:08:18,059][com.java.TestType] [12179] - {Data Fields & Data Values Exist}
[INFO ][2016-02-05 19:08:18,059][com.java.TestType] [12185] - --------------------------setting values-----------------------------
[INFO ][2016-02-05 19:08:18,060][com.java.TestType] [12188] - Action Type : WaitForElement
[INFO ][2016-02-05 19:08:18,097][com.java.TestType] [12207] -  RESULT true
[INFO ][2016-02-05 19:08:18,097][com.java.TestType] [12324] - ?   P A S S   ?
[INFO ][2016-02-05 19:08:18,097][com.java.TestType] [12395] - Looping End......
[INFO ][2016-02-05 19:08:18,099][com.java.SeleniumDriver] [  930] -  RESULT true
[INFO ][2016-02-05 19:08:18,099][com.java.SeleniumDriver] [ 1136] - ?   P A S S   ?
[INFO ][2016-02-05 19:08:18,099][com.java.SeleniumDriver] [  856] - ------------------------------------------
[INFO ][2016-02-05 19:08:18,099][com.java.SeleniumDriver] [  857] - Test case being Executed: 4
[INFO ][2016-02-05 19:08:18,099][com.java.SeleniumDriver] [  869] - Test step:4
[INFO ][2016-02-05 19:08:18,099][com.java.SeleniumDriver] [  881] - Datavalue is----------null
[DEBUG][2016-02-05 19:08:18,099][com.java.SeleniumDriver] [  899] - Exception: null
[INFO ][2016-02-05 19:08:18,099][com.java.SeleniumDriver] [  905] - DataField : //span[@class="icon-cog2"]&&//a[text()='Customize']&&//a[@data-id="TabletAlerts"]
[INFO ][2016-02-05 19:08:18,099][com.java.SeleniumDriver] [  907] - DataValue : 
[INFO ][2016-02-05 19:08:18,099][com.java.SeleniumDriver] [  913] - <In Set values of the page>
[INFO ][2016-02-05 19:08:18,099][com.java.SeleniumDriver] [  916] - {Data Fields & Data Values Exist}
[INFO ][2016-02-05 19:08:18,099][com.java.SeleniumDriver] [  918] - --------------------------setting values-----------------------------
[INFO ][2016-02-05 19:08:18,099][com.java.SeleniumDriver] [  921] - Action Type : MOUSEOVER
[INFO ][2016-02-05 19:09:02,854][com.java.SeleniumDriver] [  930] -  RESULT true
[INFO ][2016-02-05 19:09:02,855][com.java.SeleniumDriver] [ 1136] - ?   P A S S   ?
[INFO ][2016-02-05 19:09:02,855][com.java.SeleniumDriver] [  856] - ------------------------------------------
[INFO ][2016-02-05 19:09:02,855][com.java.SeleniumDriver] [  857] - Test case being Executed: 4
[INFO ][2016-02-05 19:09:02,855][com.java.SeleniumDriver] [  869] - Test step:5
[INFO ][2016-02-05 19:09:02,857][com.java.SeleniumDriver] [  881] - Datavalue is----------My Alerts
[INFO ][2016-02-05 19:09:02,857][com.java.SeleniumDriver] [  905] - DataField : XPH//span[@class='ui-dialog-title']
[INFO ][2016-02-05 19:09:02,857][com.java.SeleniumDriver] [  907] - DataValue : My Alerts
[INFO ][2016-02-05 19:09:02,857][com.java.SeleniumDriver] [  913] - <In Set values of the page>
[INFO ][2016-02-05 19:09:02,857][com.java.SeleniumDriver] [  916] - {Data Fields & Data Values Exist}
[INFO ][2016-02-05 19:09:02,857][com.java.SeleniumDriver] [  918] - --------------------------setting values-----------------------------
[INFO ][2016-02-05 19:09:02,857][com.java.SeleniumDriver] [  921] - Action Type : verify
[INFO ][2016-02-05 19:09:02,857][com.java.TestType] [ 8355] - field= XPH//span[@class='ui-dialog-title'] value= My Alerts
[INFO ][2016-02-05 19:09:02,857][com.java.TestType] [ 6727] - value = My Alerts
[INFO ][2016-02-05 19:09:03,045][com.java.SeleniumDriver] [  930] -  RESULT true
[INFO ][2016-02-05 19:09:03,045][com.java.SeleniumDriver] [ 1136] - ?   P A S S   ?
[INFO ][2016-02-05 19:09:03,045][com.java.SeleniumDriver] [  856] - ------------------------------------------
[INFO ][2016-02-05 19:09:03,045][com.java.SeleniumDriver] [  857] - Test case being Executed: 4
[INFO ][2016-02-05 19:09:03,045][com.java.SeleniumDriver] [  869] - Test step:6
[INFO ][2016-02-05 19:09:03,045][com.java.SeleniumDriver] [  881] - Datavalue is----------null
[DEBUG][2016-02-05 19:09:03,046][com.java.SeleniumDriver] [  899] - Exception: null
[INFO ][2016-02-05 19:09:03,046][com.java.SeleniumDriver] [  905] - DataField : BTNframeDialogContent
[INFO ][2016-02-05 19:09:03,046][com.java.SeleniumDriver] [  907] - DataValue : 
[INFO ][2016-02-05 19:09:03,046][com.java.SeleniumDriver] [  913] - <In Set values of the page>
[INFO ][2016-02-05 19:09:03,046][com.java.SeleniumDriver] [  916] - {Data Fields & Data Values Exist}
[INFO ][2016-02-05 19:09:03,046][com.java.SeleniumDriver] [  918] - --------------------------setting values-----------------------------
[INFO ][2016-02-05 19:09:03,046][com.java.SeleniumDriver] [  921] - Action Type : SELECTFRAME
[INFO ][2016-02-05 19:09:04,420][com.java.SeleniumDriver] [  930] -  RESULT true
[INFO ][2016-02-05 19:09:04,420][com.java.SeleniumDriver] [ 1136] - ?   P A S S   ?
[INFO ][2016-02-05 19:09:04,420][com.java.SeleniumDriver] [  856] - ------------------------------------------
[INFO ][2016-02-05 19:09:04,420][com.java.SeleniumDriver] [  857] - Test case being Executed: 4
[INFO ][2016-02-05 19:09:04,420][com.java.SeleniumDriver] [  869] - Test step:7
[INFO ][2016-02-05 19:09:04,421][com.java.SeleniumDriver] [  881] - Datavalue is----------Income Statement
[INFO ][2016-02-05 19:09:04,421][com.java.SeleniumDriver] [  905] - DataField : XPH//span[contains(text(),'Income Statement')]
[INFO ][2016-02-05 19:09:04,421][com.java.SeleniumDriver] [  907] - DataValue : Income Statement
[INFO ][2016-02-05 19:09:04,421][com.java.SeleniumDriver] [  913] - <In Set values of the page>
[INFO ][2016-02-05 19:09:04,421][com.java.SeleniumDriver] [  916] - {Data Fields & Data Values Exist}
[INFO ][2016-02-05 19:09:04,421][com.java.SeleniumDriver] [  918] - --------------------------setting values-----------------------------
[INFO ][2016-02-05 19:09:04,421][com.java.SeleniumDriver] [  921] - Action Type : VERIFY
[INFO ][2016-02-05 19:09:04,421][com.java.TestType] [ 8355] - field= XPH//span[contains(text(),'Income Statement')] value= Income Statement
[INFO ][2016-02-05 19:09:04,421][com.java.TestType] [ 6727] - value = Income Statement
[INFO ][2016-02-05 19:09:04,497][com.java.SeleniumDriver] [  930] -  RESULT true
[INFO ][2016-02-05 19:09:04,497][com.java.SeleniumDriver] [ 1136] - ?   P A S S   ?
[INFO ][2016-02-05 19:09:04,497][com.java.SeleniumDriver] [  856] - ------------------------------------------
[INFO ][2016-02-05 19:09:04,497][com.java.SeleniumDriver] [  857] - Test case being Executed: 4
[INFO ][2016-02-05 19:09:04,497][com.java.SeleniumDriver] [  869] - Test step:8
[INFO ][2016-02-05 19:09:04,497][com.java.SeleniumDriver] [  881] - Datavalue is----------null
[DEBUG][2016-02-05 19:09:04,497][com.java.SeleniumDriver] [  899] - Exception: null
[INFO ][2016-02-05 19:09:04,498][com.java.SeleniumDriver] [  905] - DataField : XPH//span[contains(text(),'Income Statement')]
[INFO ][2016-02-05 19:09:04,498][com.java.SeleniumDriver] [  907] - DataValue : 
[INFO ][2016-02-05 19:09:04,498][com.java.SeleniumDriver] [  913] - <In Set values of the page>
[INFO ][2016-02-05 19:09:04,498][com.java.SeleniumDriver] [  916] - {Data Fields & Data Values Exist}
[INFO ][2016-02-05 19:09:04,498][com.java.SeleniumDriver] [  918] - --------------------------setting values-----------------------------
[INFO ][2016-02-05 19:09:04,498][com.java.SeleniumDriver] [  921] - Action Type : CLICK
[INFO ][2016-02-05 19:09:04,498][com.java.TestType] [ 7122] - Field ::XPH//span[contains(text(),'Income Statement')]
[INFO ][2016-02-05 19:09:04,498][com.java.TestType] [ 6727] - value = 
[INFO ][2016-02-05 19:09:05,498][com.java.TestType] [ 7299] - BEFORE CLICK
[INFO ][2016-02-05 19:09:06,425][com.java.TestType] [ 7307] - Unable to click the object Income Statement
[INFO ][2016-02-05 19:09:06,425][com.java.SeleniumDriver] [  930] -  RESULT true
[INFO ][2016-02-05 19:09:06,426][com.java.SeleniumDriver] [ 1136] - ?   P A S S   ?
[INFO ][2016-02-05 19:09:06,427][com.java.SeleniumDriver] [  856] - ------------------------------------------
[INFO ][2016-02-05 19:09:06,427][com.java.SeleniumDriver] [  857] - Test case being Executed: 4
[INFO ][2016-02-05 19:09:06,427][com.java.SeleniumDriver] [  869] - Test step:9
[INFO ][2016-02-05 19:09:06,427][com.java.SeleniumDriver] [  881] - Datavalue is----------5
[INFO ][2016-02-05 19:09:06,427][com.java.SeleniumDriver] [  905] - DataField : test
[INFO ][2016-02-05 19:09:06,427][com.java.SeleniumDriver] [  907] - DataValue : 5
[INFO ][2016-02-05 19:09:06,427][com.java.SeleniumDriver] [  913] - <In Set values of the page>
[INFO ][2016-02-05 19:09:06,427][com.java.SeleniumDriver] [  916] - {Data Fields & Data Values Exist}
[INFO ][2016-02-05 19:09:06,427][com.java.SeleniumDriver] [  918] - --------------------------setting values-----------------------------
[INFO ][2016-02-05 19:09:06,427][com.java.SeleniumDriver] [  921] - Action Type : WAITTIME
[DEBUG][2016-02-05 19:09:06,427][com.java.TestType] [ 6541] - sleepTime: 5000
[INFO ][2016-02-05 19:09:11,428][com.java.SeleniumDriver] [  930] -  RESULT true
[INFO ][2016-02-05 19:09:11,428][com.java.SeleniumDriver] [ 1136] - ?   P A S S   ?
[INFO ][2016-02-05 19:09:11,428][com.java.SeleniumDriver] [  856] - ------------------------------------------
[INFO ][2016-02-05 19:09:11,428][com.java.SeleniumDriver] [  857] - Test case being Executed: 4
[INFO ][2016-02-05 19:09:11,429][com.java.SeleniumDriver] [  869] - Test step:10
[INFO ][2016-02-05 19:09:11,430][com.java.SeleniumDriver] [  881] - Datavalue is----------4.00
[INFO ][2016-02-05 19:09:11,430][com.java.SeleniumDriver] [  905] - DataField : TXT//table[@id="IncomeTbl" ]/tbody//td[4]/input[@class="perVal"]
[INFO ][2016-02-05 19:09:11,430][com.java.SeleniumDriver] [  907] - DataValue : 4.00
[INFO ][2016-02-05 19:09:11,430][com.java.SeleniumDriver] [  913] - <In Set values of the page>
[INFO ][2016-02-05 19:09:11,430][com.java.SeleniumDriver] [  916] - {Data Fields & Data Values Exist}
[INFO ][2016-02-05 19:09:11,430][com.java.SeleniumDriver] [  918] - --------------------------setting values-----------------------------
[INFO ][2016-02-05 19:09:11,430][com.java.SeleniumDriver] [  921] - Action Type : CLEARANDENTER
[INFO ][2016-02-05 19:09:11,561][com.java.TestType] [ 6727] - value = 4.00
[INFO ][2016-02-05 19:09:11,706][com.java.SeleniumDriver] [  930] -  RESULT true
[INFO ][2016-02-05 19:09:11,706][com.java.SeleniumDriver] [ 1136] - ?   P A S S   ?
[INFO ][2016-02-05 19:09:11,706][com.java.SeleniumDriver] [  856] - ------------------------------------------
[INFO ][2016-02-05 19:09:11,706][com.java.SeleniumDriver] [  857] - Test case being Executed: 4
[INFO ][2016-02-05 19:09:11,706][com.java.SeleniumDriver] [  869] - Test step:11
[INFO ][2016-02-05 19:09:11,706][com.java.SeleniumDriver] [  881] - Datavalue is----------null
[DEBUG][2016-02-05 19:09:11,707][com.java.SeleniumDriver] [  899] - Exception: null
[INFO ][2016-02-05 19:09:11,707][com.java.SeleniumDriver] [  905] - DataField : BTNparent
[INFO ][2016-02-05 19:09:11,707][com.java.SeleniumDriver] [  907] - DataValue : 
[INFO ][2016-02-05 19:09:11,707][com.java.SeleniumDriver] [  913] - <In Set values of the page>
[INFO ][2016-02-05 19:09:11,707][com.java.SeleniumDriver] [  916] - {Data Fields & Data Values Exist}
[INFO ][2016-02-05 19:09:11,707][com.java.SeleniumDriver] [  918] - --------------------------setting values-----------------------------
[INFO ][2016-02-05 19:09:11,707][com.java.SeleniumDriver] [  921] - Action Type : SELECTFRAME
[INFO ][2016-02-05 19:09:11,722][com.java.SeleniumDriver] [  930] -  RESULT true
[INFO ][2016-02-05 19:09:11,722][com.java.SeleniumDriver] [ 1136] - ?   P A S S   ?
[INFO ][2016-02-05 19:09:11,722][com.java.SeleniumDriver] [  856] - ------------------------------------------
[INFO ][2016-02-05 19:09:11,722][com.java.SeleniumDriver] [  857] - Test case being Executed: 4
[INFO ][2016-02-05 19:09:11,722][com.java.SeleniumDriver] [  869] - Test step:12
[INFO ][2016-02-05 19:09:11,722][com.java.SeleniumDriver] [  881] - Datavalue is----------null
[DEBUG][2016-02-05 19:09:11,723][com.java.SeleniumDriver] [  899] - Exception: null
[INFO ][2016-02-05 19:09:11,723][com.java.SeleniumDriver] [  905] - DataField : HDN//span[contains(text(),'Save')]
[INFO ][2016-02-05 19:09:11,723][com.java.SeleniumDriver] [  907] - DataValue : 
[INFO ][2016-02-05 19:09:11,723][com.java.SeleniumDriver] [  913] - <In Set values of the page>
[INFO ][2016-02-05 19:09:11,723][com.java.SeleniumDriver] [  916] - {Data Fields & Data Values Exist}
[INFO ][2016-02-05 19:09:11,723][com.java.SeleniumDriver] [  918] - --------------------------setting values-----------------------------
[INFO ][2016-02-05 19:09:11,723][com.java.SeleniumDriver] [  921] - Action Type : CLICK
[INFO ][2016-02-05 19:09:11,723][com.java.TestType] [ 7122] - Field ::HDN//span[contains(text(),'Save')]
[INFO ][2016-02-05 19:09:11,723][com.java.TestType] [ 6727] - value = 
[INFO ][2016-02-05 19:09:13,061][com.java.SeleniumDriver] [  930] -  RESULT true
[INFO ][2016-02-05 19:09:13,061][com.java.SeleniumDriver] [ 1136] - ?   P A S S   ?
[INFO ][2016-02-05 19:09:13,061][com.java.SeleniumDriver] [  856] - ------------------------------------------
[INFO ][2016-02-05 19:09:13,061][com.java.SeleniumDriver] [  857] - Test case being Executed: 4
[INFO ][2016-02-05 19:09:13,061][com.java.SeleniumDriver] [  869] - Test step:13
[INFO ][2016-02-05 19:09:13,061][com.java.SeleniumDriver] [  881] - Datavalue is----------null
[DEBUG][2016-02-05 19:09:13,062][com.java.SeleniumDriver] [  899] - Exception: null
[INFO ][2016-02-05 19:09:13,062][com.java.SeleniumDriver] [  905] - DataField : XPH//div[@class="menu"]//span[@class='glyphicon glyphicon-bell']
[INFO ][2016-02-05 19:09:13,062][com.java.SeleniumDriver] [  907] - DataValue : 
[INFO ][2016-02-05 19:09:13,062][com.java.SeleniumDriver] [  913] - <In Set values of the page>
[INFO ][2016-02-05 19:09:13,062][com.java.SeleniumDriver] [  916] - {Data Fields & Data Values Exist}
[INFO ][2016-02-05 19:09:13,062][com.java.SeleniumDriver] [  918] - --------------------------setting values-----------------------------
[INFO ][2016-02-05 19:09:13,062][com.java.SeleniumDriver] [  921] - Action Type : CLICK
[INFO ][2016-02-05 19:09:13,062][com.java.TestType] [ 7122] - Field ::XPH//div[@class="menu"]//span[@class='glyphicon glyphicon-bell']
[INFO ][2016-02-05 19:09:13,062][com.java.TestType] [ 6727] - value = 
[INFO ][2016-02-05 19:09:14,062][com.java.TestType] [ 7299] - BEFORE CLICK
[INFO ][2016-02-05 19:09:15,346][com.java.TestType] [ 7307] - Unable to click the object Click on  bell symbol
[INFO ][2016-02-05 19:09:15,346][com.java.SeleniumDriver] [  930] -  RESULT true
[INFO ][2016-02-05 19:09:15,346][com.java.SeleniumDriver] [ 1136] - ?   P A S S   ?
[INFO ][2016-02-05 19:09:15,346][com.java.SeleniumDriver] [  856] - ------------------------------------------
[INFO ][2016-02-05 19:09:15,346][com.java.SeleniumDriver] [  857] - Test case being Executed: 4
[INFO ][2016-02-05 19:09:15,346][com.java.SeleniumDriver] [  869] - Test step:14
[INFO ][2016-02-05 19:09:15,346][com.java.SeleniumDriver] [  881] - Datavalue is----------null
[DEBUG][2016-02-05 19:09:15,346][com.java.SeleniumDriver] [  899] - Exception: null
[INFO ][2016-02-05 19:09:15,346][com.java.SeleniumDriver] [  905] - DataField : XPH//div[@class='body']/div[4]/div[2]
[INFO ][2016-02-05 19:09:15,346][com.java.SeleniumDriver] [  907] - DataValue : 
[INFO ][2016-02-05 19:09:15,346][com.java.SeleniumDriver] [  913] - <In Set values of the page>
[INFO ][2016-02-05 19:09:15,347][com.java.SeleniumDriver] [  916] - {Data Fields & Data Values Exist}
[INFO ][2016-02-05 19:09:15,347][com.java.SeleniumDriver] [  918] - --------------------------setting values-----------------------------
[INFO ][2016-02-05 19:09:15,347][com.java.SeleniumDriver] [  921] - Action Type : CLICK
[INFO ][2016-02-05 19:09:15,347][com.java.TestType] [ 7122] - Field ::XPH//div[@class='body']/div[4]/div[2]
[INFO ][2016-02-05 19:09:15,347][com.java.TestType] [ 6727] - value = 
[INFO ][2016-02-05 19:09:16,347][com.java.TestType] [ 7299] - BEFORE CLICK
[INFO ][2016-02-05 19:09:17,315][com.java.TestType] [ 7307] - Unable to click the object Click on the Today's Alert Page
[INFO ][2016-02-05 19:09:17,315][com.java.SeleniumDriver] [  930] -  RESULT true
[INFO ][2016-02-05 19:09:17,315][com.java.SeleniumDriver] [ 1136] - ?   P A S S   ?
[INFO ][2016-02-05 19:09:17,315][com.java.SeleniumDriver] [  856] - ------------------------------------------
[INFO ][2016-02-05 19:09:17,315][com.java.SeleniumDriver] [  857] - Test case being Executed: 4
[INFO ][2016-02-05 19:09:17,315][com.java.SeleniumDriver] [  869] - Test step:15
[INFO ][2016-02-05 19:09:17,315][com.java.SeleniumDriver] [  881] - Datavalue is----------//div[@class="menu-drawer"]//span
[INFO ][2016-02-05 19:09:17,315][com.java.SeleniumDriver] [  905] - DataField : BTN
[INFO ][2016-02-05 19:09:17,315][com.java.SeleniumDriver] [  907] - DataValue : //div[@class="menu-drawer"]//span
[INFO ][2016-02-05 19:09:17,315][com.java.SeleniumDriver] [  913] - <In Set values of the page>
[INFO ][2016-02-05 19:09:17,315][com.java.SeleniumDriver] [  916] - {Data Fields & Data Values Exist}
[INFO ][2016-02-05 19:09:17,315][com.java.SeleniumDriver] [  918] - --------------------------setting values-----------------------------
[INFO ][2016-02-05 19:09:17,316][com.java.SeleniumDriver] [  921] - Action Type : VERIFY
[INFO ][2016-02-05 19:09:17,316][com.java.TestType] [ 8355] - field= BTN value= //div[@class="menu-drawer"]//span
[INFO ][2016-02-05 19:09:17,316][com.java.TestType] [ 6727] - value = //div[@class="menu-drawer"]//span
[INFO ][2016-02-05 19:09:17,409][com.java.SeleniumDriver] [  930] -  RESULT true
[INFO ][2016-02-05 19:09:17,410][com.java.SeleniumDriver] [ 1136] - ?   P A S S   ?
[INFO ][2016-02-05 19:09:17,410][com.java.SeleniumDriver] [  856] - ------------------------------------------
[INFO ][2016-02-05 19:09:17,410][com.java.SeleniumDriver] [  857] - Test case being Executed: 4
[INFO ][2016-02-05 19:09:17,410][com.java.SeleniumDriver] [  869] - Test step:16
[INFO ][2016-02-05 19:09:17,410][com.java.SeleniumDriver] [  881] - Datavalue is----------//div[@id='isAlertsHeading']/h4
[INFO ][2016-02-05 19:09:17,410][com.java.SeleniumDriver] [  905] - DataField : BTN
[INFO ][2016-02-05 19:09:17,410][com.java.SeleniumDriver] [  907] - DataValue : //div[@id='isAlertsHeading']/h4
[INFO ][2016-02-05 19:09:17,410][com.java.SeleniumDriver] [  913] - <In Set values of the page>
[INFO ][2016-02-05 19:09:17,410][com.java.SeleniumDriver] [  916] - {Data Fields & Data Values Exist}
[INFO ][2016-02-05 19:09:17,410][com.java.SeleniumDriver] [  918] - --------------------------setting values-----------------------------
[INFO ][2016-02-05 19:09:17,410][com.java.SeleniumDriver] [  921] - Action Type : VERIFY
[INFO ][2016-02-05 19:09:17,410][com.java.TestType] [ 8355] - field= BTN value= //div[@id='isAlertsHeading']/h4
[INFO ][2016-02-05 19:09:17,410][com.java.TestType] [ 6727] - value = //div[@id='isAlertsHeading']/h4
[INFO ][2016-02-05 19:09:17,480][com.java.SeleniumDriver] [  930] -  RESULT true
[INFO ][2016-02-05 19:09:17,480][com.java.SeleniumDriver] [ 1136] - ?   P A S S   ?
[INFO ][2016-02-05 19:09:17,480][com.java.SeleniumDriver] [  856] - ------------------------------------------
[INFO ][2016-02-05 19:09:17,480][com.java.SeleniumDriver] [  857] - Test case being Executed: 4
[INFO ][2016-02-05 19:09:17,480][com.java.SeleniumDriver] [  869] - Test step:17
[INFO ][2016-02-05 19:09:17,480][com.java.SeleniumDriver] [  881] - Datavalue is----------null
[DEBUG][2016-02-05 19:09:17,480][com.java.SeleniumDriver] [  899] - Exception: null
[INFO ][2016-02-05 19:09:17,481][com.java.SeleniumDriver] [  905] - DataField : XPH//div[@class="panel panel-default ng-scope"]/div[@id='isAlertsHeading']/h4
[INFO ][2016-02-05 19:09:17,481][com.java.SeleniumDriver] [  907] - DataValue : 
[INFO ][2016-02-05 19:09:17,481][com.java.SeleniumDriver] [  913] - <In Set values of the page>
[INFO ][2016-02-05 19:09:17,481][com.java.SeleniumDriver] [  916] - {Data Fields & Data Values Exist}
[INFO ][2016-02-05 19:09:17,481][com.java.SeleniumDriver] [  918] - --------------------------setting values-----------------------------
[INFO ][2016-02-05 19:09:17,481][com.java.SeleniumDriver] [  921] - Action Type : CLICK
[INFO ][2016-02-05 19:09:17,481][com.java.TestType] [ 7122] - Field ::XPH//div[@class="panel panel-default ng-scope"]/div[@id='isAlertsHeading']/h4
[INFO ][2016-02-05 19:09:17,481][com.java.TestType] [ 6727] - value = 
[INFO ][2016-02-05 19:09:18,482][com.java.TestType] [ 7299] - BEFORE CLICK
[INFO ][2016-02-05 19:09:19,384][com.java.TestType] [ 7307] - Unable to click the object Click on Income Statement tab
[INFO ][2016-02-05 19:09:19,384][com.java.SeleniumDriver] [  930] -  RESULT true
[INFO ][2016-02-05 19:09:19,384][com.java.SeleniumDriver] [ 1136] - ?   P A S S   ?
[INFO ][2016-02-05 19:09:19,384][com.java.SeleniumDriver] [  856] - ------------------------------------------
[INFO ][2016-02-05 19:09:19,384][com.java.SeleniumDriver] [  857] - Test case being Executed: 4
[INFO ][2016-02-05 19:09:19,384][com.java.SeleniumDriver] [  869] - Test step:18
[INFO ][2016-02-05 19:09:19,384][com.java.SeleniumDriver] [  881] - Datavalue is----------3
[INFO ][2016-02-05 19:09:19,384][com.java.SeleniumDriver] [  905] - DataField : null
[INFO ][2016-02-05 19:09:19,384][com.java.SeleniumDriver] [  907] - DataValue : 3
[INFO ][2016-02-05 19:09:19,384][com.java.SeleniumDriver] [  913] - <In Set values of the page>
[INFO ][2016-02-05 19:09:19,384][com.java.SeleniumDriver] [  916] - {Data Fields & Data Values Exist}
[INFO ][2016-02-05 19:09:19,384][com.java.SeleniumDriver] [  918] - --------------------------setting values-----------------------------
[INFO ][2016-02-05 19:09:19,385][com.java.SeleniumDriver] [  921] - Action Type : WAITTIME
[DEBUG][2016-02-05 19:09:19,385][com.java.TestType] [ 6541] - sleepTime: 3000
[INFO ][2016-02-05 19:09:22,385][com.java.SeleniumDriver] [  930] -  RESULT true
[INFO ][2016-02-05 19:09:22,385][com.java.SeleniumDriver] [ 1136] - ?   P A S S   ?
[INFO ][2016-02-05 19:09:22,385][com.java.SeleniumDriver] [  856] - ------------------------------------------
[INFO ][2016-02-05 19:09:22,385][com.java.SeleniumDriver] [  857] - Test case being Executed: 4
[INFO ][2016-02-05 19:09:22,385][com.java.SeleniumDriver] [  869] - Test step:19
[INFO ][2016-02-05 19:09:22,385][com.java.SeleniumDriver] [  881] - Datavalue is----------glyphicon-play down
[INFO ][2016-02-05 19:09:22,385][com.java.SeleniumDriver] [  905] - DataField : CCM//div[@class="panel panel-default ng-scope"]/div[@id='isAlertsHeading']/h4/span
[INFO ][2016-02-05 19:09:22,385][com.java.SeleniumDriver] [  907] - DataValue : glyphicon-play down
[INFO ][2016-02-05 19:09:22,385][com.java.SeleniumDriver] [  913] - <In Set values of the page>
[INFO ][2016-02-05 19:09:22,385][com.java.SeleniumDriver] [  916] - {Data Fields & Data Values Exist}
[INFO ][2016-02-05 19:09:22,385][com.java.SeleniumDriver] [  918] - --------------------------setting values-----------------------------
[INFO ][2016-02-05 19:09:22,386][com.java.SeleniumDriver] [  921] - Action Type : VERIFY
[INFO ][2016-02-05 19:09:22,386][com.java.TestType] [ 8355] - field= CCM//div[@class="panel panel-default ng-scope"]/div[@id='isAlertsHeading']/h4/span value= glyphicon-play down
[INFO ][2016-02-05 19:09:22,386][com.java.TestType] [ 6727] - value = glyphicon-play down
[DEBUG][2016-02-05 19:09:22,386][com.java.TestType] [ 9681] - Exception: glyphicon-play down
[DEBUG][2016-02-05 19:09:22,386][com.java.TestType] [ 9684] - Element not replaced::glyphicon-play down
[INFO ][2016-02-05 19:09:22,386][com.java.SeleniumDriver] [  930] -  RESULT false
[INFO ][2016-02-05 19:09:22,386][com.java.SeleniumDriver] [  977] - ?   F A I L   ?
[INFO ][2016-02-05 19:09:22,386][com.java.SeleniumDriver] [  985] - Browser Type : IE10
[INFO ][2016-02-05 19:09:22,386][com.java.SeleniumDriver] [  986] - Adding Failed case4
[DEBUG][2016-02-05 19:09:22,486][com.java.SeleniumDriver] [ 1054] -  tdd.getCondition() IF:23:Next
[INFO ][2016-02-05 19:09:22,487][com.java.SeleniumDriver] [ 1058] - Continue next step...
[INFO ][2016-02-05 19:09:22,487][com.java.SeleniumDriver] [  856] - ------------------------------------------
[INFO ][2016-02-05 19:09:22,487][com.java.SeleniumDriver] [  857] - Test case being Executed: 4
[INFO ][2016-02-05 19:09:22,487][com.java.SeleniumDriver] [  869] - Test step:20
[INFO ][2016-02-05 19:09:22,487][com.java.SeleniumDriver] [  881] - Datavalue is----------2
[INFO ][2016-02-05 19:09:22,487][com.java.SeleniumDriver] [  905] - DataField : null
[INFO ][2016-02-05 19:09:22,487][com.java.SeleniumDriver] [  907] - DataValue : 2
[INFO ][2016-02-05 19:09:22,487][com.java.SeleniumDriver] [  913] - <In Set values of the page>
[INFO ][2016-02-05 19:09:22,487][com.java.SeleniumDriver] [  916] - {Data Fields & Data Values Exist}
[INFO ][2016-02-05 19:09:22,487][com.java.SeleniumDriver] [  918] - --------------------------setting values-----------------------------
[INFO ][2016-02-05 19:09:22,487][com.java.SeleniumDriver] [  921] - Action Type : WAITTIME
[DEBUG][2016-02-05 19:09:22,487][com.java.TestType] [ 6541] - sleepTime: 2000
[INFO ][2016-02-05 19:09:24,487][com.java.SeleniumDriver] [  930] -  RESULT true
[INFO ][2016-02-05 19:09:24,487][com.java.SeleniumDriver] [ 1136] - ?   P A S S   ?
[INFO ][2016-02-05 19:09:24,487][com.java.SeleniumDriver] [  856] - ------------------------------------------
[INFO ][2016-02-05 19:09:24,487][com.java.SeleniumDriver] [  857] - Test case being Executed: 4
[INFO ][2016-02-05 19:09:24,487][com.java.SeleniumDriver] [  869] - Test step:21
[INFO ][2016-02-05 19:09:24,487][com.java.SeleniumDriver] [  881] - Datavalue is----------null
[DEBUG][2016-02-05 19:09:24,487][com.java.SeleniumDriver] [  899] - Exception: null
[INFO ][2016-02-05 19:09:24,487][com.java.SeleniumDriver] [  905] - DataField : XPH//div[@class="panel panel-default ng-scope"]/div[@id='isAlertsHeading']/h4
[INFO ][2016-02-05 19:09:24,487][com.java.SeleniumDriver] [  907] - DataValue : 
[INFO ][2016-02-05 19:09:24,487][com.java.SeleniumDriver] [  913] - <In Set values of the page>
[INFO ][2016-02-05 19:09:24,487][com.java.SeleniumDriver] [  916] - {Data Fields & Data Values Exist}
[INFO ][2016-02-05 19:09:24,487][com.java.SeleniumDriver] [  918] - --------------------------setting values-----------------------------
[INFO ][2016-02-05 19:09:24,488][com.java.SeleniumDriver] [  921] - Action Type : CLICK
[INFO ][2016-02-05 19:09:24,488][com.java.TestType] [ 7122] - Field ::XPH//div[@class="panel panel-default ng-scope"]/div[@id='isAlertsHeading']/h4
[INFO ][2016-02-05 19:09:24,488][com.java.TestType] [ 6727] - value = 
[INFO ][2016-02-05 19:09:25,488][com.java.TestType] [ 7299] - BEFORE CLICK
[INFO ][2016-02-05 19:09:26,422][com.java.TestType] [ 7307] - Unable to click the object Click on Income Statement tab
[INFO ][2016-02-05 19:09:26,422][com.java.SeleniumDriver] [  930] -  RESULT true
[INFO ][2016-02-05 19:09:26,422][com.java.SeleniumDriver] [ 1136] - ?   P A S S   ?
[INFO ][2016-02-05 19:09:26,422][com.java.SeleniumDriver] [  856] - ------------------------------------------
[INFO ][2016-02-05 19:09:26,422][com.java.SeleniumDriver] [  857] - Test case being Executed: 4
[INFO ][2016-02-05 19:09:26,422][com.java.SeleniumDriver] [  869] - Test step:22
[INFO ][2016-02-05 19:09:26,422][com.java.SeleniumDriver] [  881] - Datavalue is----------2
[INFO ][2016-02-05 19:09:26,422][com.java.SeleniumDriver] [  905] - DataField : null
[INFO ][2016-02-05 19:09:26,422][com.java.SeleniumDriver] [  907] - DataValue : 2
[INFO ][2016-02-05 19:09:26,422][com.java.SeleniumDriver] [  913] - <In Set values of the page>
[INFO ][2016-02-05 19:09:26,422][com.java.SeleniumDriver] [  916] - {Data Fields & Data Values Exist}
[INFO ][2016-02-05 19:09:26,422][com.java.SeleniumDriver] [  918] - --------------------------setting values-----------------------------
[INFO ][2016-02-05 19:09:26,423][com.java.SeleniumDriver] [  921] - Action Type : WAITTIME
[DEBUG][2016-02-05 19:09:26,423][com.java.TestType] [ 6541] - sleepTime: 2000
[INFO ][2016-02-05 19:09:28,424][com.java.SeleniumDriver] [  930] -  RESULT true
[INFO ][2016-02-05 19:09:28,424][com.java.SeleniumDriver] [ 1136] - ?   P A S S   ?
[INFO ][2016-02-05 19:09:28,424][com.java.SeleniumDriver] [  856] - ------------------------------------------
[INFO ][2016-02-05 19:09:28,424][com.java.SeleniumDriver] [  857] - Test case being Executed: 4
[INFO ][2016-02-05 19:09:28,424][com.java.SeleniumDriver] [  869] - Test step:23
[INFO ][2016-02-05 19:09:28,424][com.java.SeleniumDriver] [  881] - Datavalue is----------null
[DEBUG][2016-02-05 19:09:28,424][com.java.SeleniumDriver] [  899] - Exception: null
[INFO ][2016-02-05 19:09:28,424][com.java.SeleniumDriver] [  905] - DataField : XPH//div[@class="panel panel-default ng-scope"]/div[@id='isAlertsHeading']/h4
[INFO ][2016-02-05 19:09:28,424][com.java.SeleniumDriver] [  907] - DataValue : 
[INFO ][2016-02-05 19:09:28,424][com.java.SeleniumDriver] [  913] - <In Set values of the page>
[INFO ][2016-02-05 19:09:28,424][com.java.SeleniumDriver] [  916] - {Data Fields & Data Values Exist}
[INFO ][2016-02-05 19:09:28,424][com.java.SeleniumDriver] [  918] - --------------------------setting values-----------------------------
[INFO ][2016-02-05 19:09:28,425][com.java.SeleniumDriver] [  921] - Action Type : CLICK
[INFO ][2016-02-05 19:09:28,425][com.java.TestType] [ 7122] - Field ::XPH//div[@class="panel panel-default ng-scope"]/div[@id='isAlertsHeading']/h4
[INFO ][2016-02-05 19:09:28,425][com.java.TestType] [ 6727] - value = 
[INFO ][2016-02-05 19:09:29,425][com.java.TestType] [ 7299] - BEFORE CLICK
[INFO ][2016-02-05 19:09:30,351][com.java.TestType] [ 7307] - Unable to click the object Click on Income Statement tab
[INFO ][2016-02-05 19:09:30,351][com.java.SeleniumDriver] [  930] -  RESULT true
[INFO ][2016-02-05 19:09:30,351][com.java.SeleniumDriver] [ 1136] - ?   P A S S   ?
[INFO ][2016-02-05 19:09:30,351][com.java.SeleniumDriver] [  856] - ------------------------------------------
[INFO ][2016-02-05 19:09:30,351][com.java.SeleniumDriver] [  857] - Test case being Executed: 4
[INFO ][2016-02-05 19:09:30,351][com.java.SeleniumDriver] [  869] - Test step:24
[INFO ][2016-02-05 19:09:30,351][com.java.SeleniumDriver] [  881] - Datavalue is----------//*[@id='isAlertsContent']/div/div[1]/div[1]
[INFO ][2016-02-05 19:09:30,351][com.java.SeleniumDriver] [  905] - DataField : MSG
[INFO ][2016-02-05 19:09:30,351][com.java.SeleniumDriver] [  907] - DataValue : //*[@id='isAlertsContent']/div/div[1]/div[1]
[INFO ][2016-02-05 19:09:30,351][com.java.SeleniumDriver] [  913] - <In Set values of the page>
[INFO ][2016-02-05 19:09:30,351][com.java.SeleniumDriver] [  916] - {Data Fields & Data Values Exist}
[INFO ][2016-02-05 19:09:30,351][com.java.SeleniumDriver] [  918] - --------------------------setting values-----------------------------
[INFO ][2016-02-05 19:09:30,352][com.java.SeleniumDriver] [  921] - Action Type : VERIFYNOTPRESENT
[INFO ][2016-02-05 19:09:30,352][com.java.TestType] [10173] - field= MSG value= //*[@id='isAlertsContent']/div/div[1]/div[1]
[INFO ][2016-02-05 19:09:30,436][com.java.SeleniumDriver] [  930] -  RESULT true
[INFO ][2016-02-05 19:09:30,436][com.java.SeleniumDriver] [ 1136] - ?   P A S S   ?
[INFO ][2016-02-05 19:09:30,436][com.java.SeleniumDriver] [  856] - ------------------------------------------
[INFO ][2016-02-05 19:09:30,436][com.java.SeleniumDriver] [  857] - Test case being Executed: 4
[INFO ][2016-02-05 19:09:30,436][com.java.SeleniumDriver] [  869] - Test step:25
[INFO ][2016-02-05 19:09:30,437][com.java.SeleniumDriver] [  881] - Datavalue is----------numberofupdatesbeforerefreshing
[INFO ][2016-02-05 19:09:30,437][com.java.SeleniumDriver] [  905] - DataField : XPH//div[@id="isAlertsHeading"]//span[@class="badge pull-right ng-binding"]
[INFO ][2016-02-05 19:09:30,437][com.java.SeleniumDriver] [  907] - DataValue : numberofupdatesbeforerefreshing
[INFO ][2016-02-05 19:09:30,437][com.java.SeleniumDriver] [  913] - <In Set values of the page>
[INFO ][2016-02-05 19:09:30,437][com.java.SeleniumDriver] [  916] - {Data Fields & Data Values Exist}
[INFO ][2016-02-05 19:09:30,437][com.java.SeleniumDriver] [  918] - --------------------------setting values-----------------------------
[INFO ][2016-02-05 19:09:30,437][com.java.SeleniumDriver] [  921] - Action Type : STOREVALUE
[INFO ][2016-02-05 19:09:30,437][com.java.TestType] [ 9854] - field= XPH//div[@id="isAlertsHeading"]//span[@class="badge pull-right ng-binding"]
[DEBUG][2016-02-05 19:09:30,554][com.java.TestType] [ 9909] - Key:: numberofupdatesbeforerefreshing   Value:: 2
[INFO ][2016-02-05 19:09:30,554][com.java.SeleniumDriver] [  930] -  RESULT true
[INFO ][2016-02-05 19:09:30,554][com.java.SeleniumDriver] [ 1136] - ?   P A S S   ?
[INFO ][2016-02-05 19:09:30,554][com.java.SeleniumDriver] [  856] - ------------------------------------------
[INFO ][2016-02-05 19:09:30,554][com.java.SeleniumDriver] [  857] - Test case being Executed: 4
[INFO ][2016-02-05 19:09:30,554][com.java.SeleniumDriver] [  869] - Test step:26
[INFO ][2016-02-05 19:09:30,554][com.java.SeleniumDriver] [  881] - Datavalue is----------null
[DEBUG][2016-02-05 19:09:30,555][com.java.SeleniumDriver] [  899] - Exception: null
[INFO ][2016-02-05 19:09:30,556][com.java.SeleniumDriver] [  905] - DataField : HDN//span[@class='glyphicon glyphicon-refresh ng-scope']
[INFO ][2016-02-05 19:09:30,556][com.java.SeleniumDriver] [  907] - DataValue : 
[INFO ][2016-02-05 19:09:30,556][com.java.SeleniumDriver] [  913] - <In Set values of the page>
[INFO ][2016-02-05 19:09:30,556][com.java.SeleniumDriver] [  916] - {Data Fields & Data Values Exist}
[INFO ][2016-02-05 19:09:30,556][com.java.SeleniumDriver] [  918] - --------------------------setting values-----------------------------
[INFO ][2016-02-05 19:09:30,557][com.java.SeleniumDriver] [  921] - Action Type : CLICK
[INFO ][2016-02-05 19:09:30,557][com.java.TestType] [ 7122] - Field ::HDN//span[@class='glyphicon glyphicon-refresh ng-scope']
[INFO ][2016-02-05 19:09:30,557][com.java.TestType] [ 6727] - value = 
[INFO ][2016-02-05 19:09:31,735][com.java.SeleniumDriver] [  930] -  RESULT true
[INFO ][2016-02-05 19:09:31,735][com.java.SeleniumDriver] [ 1136] - ?   P A S S   ?
[INFO ][2016-02-05 19:09:31,735][com.java.SeleniumDriver] [  856] - ------------------------------------------
[INFO ][2016-02-05 19:09:31,735][com.java.SeleniumDriver] [  857] - Test case being Executed: 4
[INFO ][2016-02-05 19:09:31,735][com.java.SeleniumDriver] [  869] - Test step:27
[INFO ][2016-02-05 19:09:31,735][com.java.SeleniumDriver] [  881] - Datavalue is----------5
[INFO ][2016-02-05 19:09:31,737][com.java.SeleniumDriver] [  905] - DataField : null
[INFO ][2016-02-05 19:09:31,737][com.java.SeleniumDriver] [  907] - DataValue : 5
[INFO ][2016-02-05 19:09:31,737][com.java.SeleniumDriver] [  913] - <In Set values of the page>
[INFO ][2016-02-05 19:09:31,737][com.java.SeleniumDriver] [  916] - {Data Fields & Data Values Exist}
[INFO ][2016-02-05 19:09:31,737][com.java.SeleniumDriver] [  918] - --------------------------setting values-----------------------------
[INFO ][2016-02-05 19:09:31,737][com.java.SeleniumDriver] [  921] - Action Type : WAITTIME
[DEBUG][2016-02-05 19:09:31,737][com.java.TestType] [ 6541] - sleepTime: 5000
[INFO ][2016-02-05 19:09:36,738][com.java.SeleniumDriver] [  930] -  RESULT true
[INFO ][2016-02-05 19:09:36,738][com.java.SeleniumDriver] [ 1136] - ?   P A S S   ?
[INFO ][2016-02-05 19:09:36,738][com.java.SeleniumDriver] [  856] - ------------------------------------------
[INFO ][2016-02-05 19:09:36,738][com.java.SeleniumDriver] [  857] - Test case being Executed: 4
[INFO ][2016-02-05 19:09:36,738][com.java.SeleniumDriver] [  869] - Test step:28
[INFO ][2016-02-05 19:09:36,738][com.java.SeleniumDriver] [  881] - Datavalue is----------HMVnumberofupdatesbeforerefreshing
[INFO ][2016-02-05 19:09:36,738][com.java.SeleniumDriver] [  905] - DataField : XPH//div[@id="isAlertsHeading"]//span[@class="badge pull-right ng-binding"]
[INFO ][2016-02-05 19:09:36,738][com.java.SeleniumDriver] [  907] - DataValue : HMVnumberofupdatesbeforerefreshing
[INFO ][2016-02-05 19:09:36,738][com.java.SeleniumDriver] [  913] - <In Set values of the page>
[INFO ][2016-02-05 19:09:36,738][com.java.SeleniumDriver] [  916] - {Data Fields & Data Values Exist}
[INFO ][2016-02-05 19:09:36,738][com.java.SeleniumDriver] [  918] - --------------------------setting values-----------------------------
[INFO ][2016-02-05 19:09:36,738][com.java.SeleniumDriver] [  921] - Action Type : VERIFY
[INFO ][2016-02-05 19:09:36,739][com.java.TestType] [ 8355] - field= XPH//div[@id="isAlertsHeading"]//span[@class="badge pull-right ng-binding"] value= HMVnumberofupdatesbeforerefreshing
[INFO ][2016-02-05 19:09:36,739][com.java.TestType] [ 6727] - value = 2
[INFO ][2016-02-05 19:09:36,867][com.java.SeleniumDriver] [  930] -  RESULT true
[INFO ][2016-02-05 19:09:36,867][com.java.SeleniumDriver] [ 1136] - ?   P A S S   ?
[INFO ][2016-02-05 19:09:36,867][com.java.SeleniumDriver] [  856] - ------------------------------------------
[INFO ][2016-02-05 19:09:36,867][com.java.SeleniumDriver] [  857] - Test case being Executed: 4
[INFO ][2016-02-05 19:09:36,867][com.java.SeleniumDriver] [  869] - Test step:29
[INFO ][2016-02-05 19:09:36,868][com.java.SeleniumDriver] [  881] - Datavalue is----------3
[INFO ][2016-02-05 19:09:36,868][com.java.SeleniumDriver] [  905] - DataField : null
[INFO ][2016-02-05 19:09:36,868][com.java.SeleniumDriver] [  907] - DataValue : 3
[INFO ][2016-02-05 19:09:36,868][com.java.SeleniumDriver] [  913] - <In Set values of the page>
[INFO ][2016-02-05 19:09:36,868][com.java.SeleniumDriver] [  916] - {Data Fields & Data Values Exist}
[INFO ][2016-02-05 19:09:36,868][com.java.SeleniumDriver] [  918] - --------------------------setting values-----------------------------
[INFO ][2016-02-05 19:09:36,868][com.java.SeleniumDriver] [  921] - Action Type : WAITTIME
[DEBUG][2016-02-05 19:09:36,868][com.java.TestType] [ 6541] - sleepTime: 3000
[INFO ][2016-02-05 19:09:39,868][com.java.SeleniumDriver] [  930] -  RESULT true
[INFO ][2016-02-05 19:09:39,868][com.java.SeleniumDriver] [ 1136] - ?   P A S S   ?
[INFO ][2016-02-05 19:09:39,868][com.java.SeleniumDriver] [  856] - ------------------------------------------
[INFO ][2016-02-05 19:09:39,868][com.java.SeleniumDriver] [  857] - Test case being Executed: 4
[INFO ][2016-02-05 19:09:39,868][com.java.SeleniumDriver] [  869] - Test step:30
[INFO ][2016-02-05 19:09:39,868][com.java.SeleniumDriver] [  881] - Datavalue is----------BalanceSheet
[INFO ][2016-02-05 19:09:39,868][com.java.SeleniumDriver] [  905] - DataField : XPH//div[@id="isAlertsContent"]//div[@class="bd-alert ng-scope"][1]/div[@class="ng-binding"]
[INFO ][2016-02-05 19:09:39,868][com.java.SeleniumDriver] [  907] - DataValue : BalanceSheet
[INFO ][2016-02-05 19:09:39,868][com.java.SeleniumDriver] [  913] - <In Set values of the page>
[INFO ][2016-02-05 19:09:39,868][com.java.SeleniumDriver] [  916] - {Data Fields & Data Values Exist}
[INFO ][2016-02-05 19:09:39,868][com.java.SeleniumDriver] [  918] - --------------------------setting values-----------------------------
[INFO ][2016-02-05 19:09:39,869][com.java.SeleniumDriver] [  921] - Action Type : STOREVALUE
[INFO ][2016-02-05 19:09:39,869][com.java.TestType] [ 9854] - field= XPH//div[@id="isAlertsContent"]//div[@class="bd-alert ng-scope"][1]/div[@class="ng-binding"]
[DEBUG][2016-02-05 19:09:39,995][com.java.TestType] [ 9909] - Key:: BalanceSheet   Value:: Salaries and employee benefits
[INFO ][2016-02-05 19:09:39,995][com.java.SeleniumDriver] [  930] -  RESULT true
[INFO ][2016-02-05 19:09:39,995][com.java.SeleniumDriver] [ 1136] - ?   P A S S   ?
[INFO ][2016-02-05 19:09:39,995][com.java.SeleniumDriver] [  856] - ------------------------------------------
[INFO ][2016-02-05 19:09:39,995][com.java.SeleniumDriver] [  857] - Test case being Executed: 4
[INFO ][2016-02-05 19:09:39,995][com.java.SeleniumDriver] [  869] - Test step:31
[INFO ][2016-02-05 19:09:39,995][com.java.SeleniumDriver] [  881] - Datavalue is----------3
[INFO ][2016-02-05 19:09:39,995][com.java.SeleniumDriver] [  905] - DataField : null
[INFO ][2016-02-05 19:09:39,995][com.java.SeleniumDriver] [  907] - DataValue : 3
[INFO ][2016-02-05 19:09:39,996][com.java.SeleniumDriver] [  913] - <In Set values of the page>
[INFO ][2016-02-05 19:09:39,996][com.java.SeleniumDriver] [  916] - {Data Fields & Data Values Exist}
[INFO ][2016-02-05 19:09:39,996][com.java.SeleniumDriver] [  918] - --------------------------setting values-----------------------------
[INFO ][2016-02-05 19:09:39,996][com.java.SeleniumDriver] [  921] - Action Type : WAITTIME
[DEBUG][2016-02-05 19:09:39,996][com.java.TestType] [ 6541] - sleepTime: 3000
[INFO ][2016-02-05 19:09:42,996][com.java.SeleniumDriver] [  930] -  RESULT true
[INFO ][2016-02-05 19:09:42,996][com.java.SeleniumDriver] [ 1136] - ?   P A S S   ?
[INFO ][2016-02-05 19:09:42,996][com.java.SeleniumDriver] [  856] - ------------------------------------------
[INFO ][2016-02-05 19:09:42,996][com.java.SeleniumDriver] [  857] - Test case being Executed: 4
[INFO ][2016-02-05 19:09:42,996][com.java.SeleniumDriver] [  869] - Test step:32
[INFO ][2016-02-05 19:09:42,996][com.java.SeleniumDriver] [  881] - Datavalue is----------Change
[INFO ][2016-02-05 19:09:42,996][com.java.SeleniumDriver] [  905] - DataField : XPH//div[@id="isAlertsContent"]//div[@class="bd-alert ng-scope"][1]//span[@ class="ng-binding"]
[INFO ][2016-02-05 19:09:42,996][com.java.SeleniumDriver] [  907] - DataValue : Change
[INFO ][2016-02-05 19:09:42,996][com.java.SeleniumDriver] [  913] - <In Set values of the page>
[INFO ][2016-02-05 19:09:42,996][com.java.SeleniumDriver] [  916] - {Data Fields & Data Values Exist}
[INFO ][2016-02-05 19:09:42,996][com.java.SeleniumDriver] [  918] - --------------------------setting values-----------------------------
[INFO ][2016-02-05 19:09:42,996][com.java.SeleniumDriver] [  921] - Action Type : STOREVALUE
[INFO ][2016-02-05 19:09:42,997][com.java.TestType] [ 9854] - field= XPH//div[@id="isAlertsContent"]//div[@class="bd-alert ng-scope"][1]//span[@ class="ng-binding"]
[DEBUG][2016-02-05 19:09:43,176][com.java.TestType] [ 9909] - Key:: Change   Value:: $60,133
[INFO ][2016-02-05 19:09:43,176][com.java.SeleniumDriver] [  930] -  RESULT true
[INFO ][2016-02-05 19:09:43,176][com.java.SeleniumDriver] [ 1136] - ?   P A S S   ?
[INFO ][2016-02-05 19:09:43,176][com.java.SeleniumDriver] [  856] - ------------------------------------------
[INFO ][2016-02-05 19:09:43,176][com.java.SeleniumDriver] [  857] - Test case being Executed: 4
[INFO ][2016-02-05 19:09:43,176][com.java.SeleniumDriver] [  869] - Test step:33
[INFO ][2016-02-05 19:09:43,176][com.java.SeleniumDriver] [  881] - Datavalue is----------3
[INFO ][2016-02-05 19:09:43,176][com.java.SeleniumDriver] [  905] - DataField : null
[INFO ][2016-02-05 19:09:43,176][com.java.SeleniumDriver] [  907] - DataValue : 3
[INFO ][2016-02-05 19:09:43,176][com.java.SeleniumDriver] [  913] - <In Set values of the page>
[INFO ][2016-02-05 19:09:43,177][com.java.SeleniumDriver] [  916] - {Data Fields & Data Values Exist}
[INFO ][2016-02-05 19:09:43,177][com.java.SeleniumDriver] [  918] - --------------------------setting values-----------------------------
[INFO ][2016-02-05 19:09:43,177][com.java.SeleniumDriver] [  921] - Action Type : WAITTIME
[DEBUG][2016-02-05 19:09:43,177][com.java.TestType] [ 6541] - sleepTime: 3000
[INFO ][2016-02-05 19:09:46,177][com.java.SeleniumDriver] [  930] -  RESULT true
[INFO ][2016-02-05 19:09:46,177][com.java.SeleniumDriver] [ 1136] - ?   P A S S   ?
[INFO ][2016-02-05 19:09:46,177][com.java.SeleniumDriver] [  856] - ------------------------------------------
[INFO ][2016-02-05 19:09:46,177][com.java.SeleniumDriver] [  857] - Test case being Executed: 4
[INFO ][2016-02-05 19:09:46,177][com.java.SeleniumDriver] [  869] - Test step:34
[INFO ][2016-02-05 19:09:46,177][com.java.SeleniumDriver] [  881] - Datavalue is----------Percentage
[INFO ][2016-02-05 19:09:46,177][com.java.SeleniumDriver] [  905] - DataField : XPH//div[@id="isAlertsContent"]//div[@class="bd-alert ng-scope"][1]//span[@class="pull-right ng-binding"]
[INFO ][2016-02-05 19:09:46,177][com.java.SeleniumDriver] [  907] - DataValue : Percentage
[INFO ][2016-02-05 19:09:46,177][com.java.SeleniumDriver] [  913] - <In Set values of the page>
[INFO ][2016-02-05 19:09:46,177][com.java.SeleniumDriver] [  916] - {Data Fields & Data Values Exist}
[INFO ][2016-02-05 19:09:46,177][com.java.SeleniumDriver] [  918] - --------------------------setting values-----------------------------
[INFO ][2016-02-05 19:09:46,177][com.java.SeleniumDriver] [  921] - Action Type : STOREVALUE
[INFO ][2016-02-05 19:09:46,177][com.java.TestType] [ 9854] - field= XPH//div[@id="isAlertsContent"]//div[@class="bd-alert ng-scope"][1]//span[@class="pull-right ng-binding"]
[DEBUG][2016-02-05 19:09:46,306][com.java.TestType] [ 9909] - Key:: Percentage   Value:: 9.23%
[INFO ][2016-02-05 19:09:46,306][com.java.SeleniumDriver] [  930] -  RESULT true
[INFO ][2016-02-05 19:09:46,306][com.java.SeleniumDriver] [ 1136] - ?   P A S S   ?
[INFO ][2016-02-05 19:09:46,306][com.java.SeleniumDriver] [  856] - ------------------------------------------
[INFO ][2016-02-05 19:09:46,306][com.java.SeleniumDriver] [  857] - Test case being Executed: 4
[INFO ][2016-02-05 19:09:46,306][com.java.SeleniumDriver] [  869] - Test step:35
[INFO ][2016-02-05 19:09:46,307][com.java.SeleniumDriver] [  881] - Datavalue is----------null
[DEBUG][2016-02-05 19:09:46,307][com.java.SeleniumDriver] [  899] - Exception: null
[INFO ][2016-02-05 19:09:46,307][com.java.SeleniumDriver] [  905] - DataField : XPH//div[@id="isAlertsHeading"]//span[@class="glyphicon glyphicon-list-alt"]
[INFO ][2016-02-05 19:09:46,307][com.java.SeleniumDriver] [  907] - DataValue : 
[INFO ][2016-02-05 19:09:46,307][com.java.SeleniumDriver] [  913] - <In Set values of the page>
[INFO ][2016-02-05 19:09:46,307][com.java.SeleniumDriver] [  916] - {Data Fields & Data Values Exist}
[INFO ][2016-02-05 19:09:46,307][com.java.SeleniumDriver] [  918] - --------------------------setting values-----------------------------
[INFO ][2016-02-05 19:09:46,307][com.java.SeleniumDriver] [  921] - Action Type : CLICK
[INFO ][2016-02-05 19:09:46,307][com.java.TestType] [ 7122] - Field ::XPH//div[@id="isAlertsHeading"]//span[@class="glyphicon glyphicon-list-alt"]
[INFO ][2016-02-05 19:09:46,307][com.java.TestType] [ 6727] - value = 
[INFO ][2016-02-05 19:09:47,308][com.java.TestType] [ 7299] - BEFORE CLICK
[INFO ][2016-02-05 19:09:48,536][com.java.TestType] [ 7307] - Unable to click the object Click on the report button
[INFO ][2016-02-05 19:09:48,536][com.java.SeleniumDriver] [  930] -  RESULT true
[INFO ][2016-02-05 19:09:48,536][com.java.SeleniumDriver] [ 1136] - ?   P A S S   ?
[INFO ][2016-02-05 19:09:48,536][com.java.SeleniumDriver] [  856] - ------------------------------------------
[INFO ][2016-02-05 19:09:48,536][com.java.SeleniumDriver] [  857] - Test case being Executed: 4
[INFO ][2016-02-05 19:09:48,536][com.java.SeleniumDriver] [  869] - Test step:36
[INFO ][2016-02-05 19:09:48,536][com.java.SeleniumDriver] [  881] - Datavalue is----------3
[INFO ][2016-02-05 19:09:48,536][com.java.SeleniumDriver] [  905] - DataField : XPH//img[@id='loading']
[INFO ][2016-02-05 19:09:48,536][com.java.SeleniumDriver] [  907] - DataValue : 3
[INFO ][2016-02-05 19:09:48,536][com.java.SeleniumDriver] [  913] - <In Set values of the page>
[INFO ][2016-02-05 19:09:48,536][com.java.SeleniumDriver] [  916] - {Data Fields & Data Values Exist}
[INFO ][2016-02-05 19:09:48,536][com.java.SeleniumDriver] [  918] - --------------------------setting values-----------------------------
[INFO ][2016-02-05 19:09:48,536][com.java.SeleniumDriver] [  921] - Action Type : WaitForElement
[INFO ][2016-02-05 19:09:48,594][com.java.SeleniumDriver] [  930] -  RESULT true
[INFO ][2016-02-05 19:09:48,594][com.java.SeleniumDriver] [ 1136] - ?   P A S S   ?
[INFO ][2016-02-05 19:09:48,594][com.java.SeleniumDriver] [  856] - ------------------------------------------
[INFO ][2016-02-05 19:09:48,594][com.java.SeleniumDriver] [  857] - Test case being Executed: 4
[INFO ][2016-02-05 19:09:48,594][com.java.SeleniumDriver] [  869] - Test step:37
[INFO ][2016-02-05 19:09:48,594][com.java.SeleniumDriver] [  881] - Datavalue is----------90
[INFO ][2016-02-05 19:09:48,594][com.java.SeleniumDriver] [  905] - DataField : XPH//img[@id='loading']
[INFO ][2016-02-05 19:09:48,594][com.java.SeleniumDriver] [  907] - DataValue : 90
[INFO ][2016-02-05 19:09:48,594][com.java.SeleniumDriver] [  913] - <In Set values of the page>
[INFO ][2016-02-05 19:09:48,594][com.java.SeleniumDriver] [  916] - {Data Fields & Data Values Exist}
[INFO ][2016-02-05 19:09:48,594][com.java.SeleniumDriver] [  918] - --------------------------setting values-----------------------------
[INFO ][2016-02-05 19:09:48,595][com.java.SeleniumDriver] [  921] - Action Type : waitForElementNotPresent
[INFO ][2016-02-05 19:09:49,852][com.java.SeleniumDriver] [  930] -  RESULT true
[INFO ][2016-02-05 19:09:49,852][com.java.SeleniumDriver] [ 1136] - ?   P A S S   ?
[INFO ][2016-02-05 19:09:49,853][com.java.SeleniumDriver] [  856] - ------------------------------------------
[INFO ][2016-02-05 19:09:49,853][com.java.SeleniumDriver] [  857] - Test case being Executed: 4
[INFO ][2016-02-05 19:09:49,853][com.java.SeleniumDriver] [  869] - Test step:38
[INFO ][2016-02-05 19:09:49,853][com.java.SeleniumDriver] [  881] - Datavalue is----------BalanceSheet::Change
[INFO ][2016-02-05 19:09:49,853][com.java.SeleniumDriver] [  905] - DataField : PVP//div[contains(text(),'mytext')]/following::td[3]/div
[INFO ][2016-02-05 19:09:49,853][com.java.SeleniumDriver] [  907] - DataValue : BalanceSheet::Change
[INFO ][2016-02-05 19:09:49,853][com.java.SeleniumDriver] [  913] - <In Set values of the page>
[INFO ][2016-02-05 19:09:49,853][com.java.SeleniumDriver] [  916] - {Data Fields & Data Values Exist}
[INFO ][2016-02-05 19:09:49,853][com.java.SeleniumDriver] [  918] - --------------------------setting values-----------------------------
[INFO ][2016-02-05 19:09:49,853][com.java.SeleniumDriver] [  921] - Action Type : VERIFY
[INFO ][2016-02-05 19:09:49,853][com.java.TestType] [ 8355] - field= PVP//div[contains(text(),'mytext')]/following::td[3]/div value= BalanceSheet::Change
[INFO ][2016-02-05 19:09:49,853][com.java.TestType] [ 6727] - value = BalanceSheet::Change
[INFO ][2016-02-05 19:09:50,054][com.java.SeleniumDriver] [  930] -  RESULT false
[INFO ][2016-02-05 19:09:50,054][com.java.SeleniumDriver] [  977] - ?   F A I L   ?
[INFO ][2016-02-05 19:09:50,054][com.java.SeleniumDriver] [  985] - Browser Type : IE10
[INFO ][2016-02-05 19:09:50,054][com.java.SeleniumDriver] [  986] - Adding Failed case4
[INFO ][2016-02-05 19:09:50,274][com.java.SeleniumDriver] [ 1100] - failedCases = 4
[ERROR][2016-02-05 19:09:50,274][com.java.SeleniumDriver] [ 1599] - Platform Errors : Our apologies...::We have encountered an issue with your request.::Our apologies?:We encountered an issue with your request.
[INFO ][2016-02-05 19:09:50,274][com.java.SeleniumDriver] [ 1603] - Length =3
[ERROR][2016-02-05 19:09:50,274][com.java.SeleniumDriver] [ 1606] - Error 0 = Our apologies...
[ERROR][2016-02-05 19:09:50,380][com.java.SeleniumDriver] [ 1606] - Error 1 = We have encountered an issue with your request.
[ERROR][2016-02-05 19:09:50,443][com.java.SeleniumDriver] [ 1606] - Error 2 = Our apologies?:We encountered an issue with your request.
[INFO ][2016-02-05 19:09:50,506][com.java.SeleniumDriver] [ 1617] - strError:
[DEBUG][2016-02-05 19:09:50,522][com.java.SeleniumDriver] [ 1248] - Case found
[DEBUG][2016-02-05 19:09:50,522][com.java.SeleniumDriver] [ 1253] - Incrementing ReportCounters[0]:2
[INFO ][2016-02-05 19:09:50,522][com.java.SeleniumDriver] [ 1272] - The results are-------------------[4, 38, Right Hand Menu: IS Alerts-IS Alerts are showing on hover menu., Fail, 
Test case failed at Step No. :: 38. Screen Shot : D:\BankersDashboard\TestReports\020516\4_020516_190950_IE10.png, Fri Feb 05 19:09:50 IST 2016]
[INFO ][2016-02-05 19:09:50,522][com.java.SeleniumDriver] [ 1276] - End time is-------2 min 30 sec
[INFO ][2016-02-05 19:09:50,522][com.java.SeleniumDriver] [ 1277] - The results are-------------------[4, 38, Right Hand Menu: IS Alerts-IS Alerts are showing on hover menu., Fail, 
Test case failed at Step No. :: 38. Screen Shot : D:\BankersDashboard\TestReports\020516\4_020516_190950_IE10.png, Fri Feb 05 19:09:50 IST 2016]
[DEBUG][2016-02-05 19:09:50,522][com.java.ImportnExport.ExportTestResultsExcel] [  222] - testResultPath = D:\BankersDashboard/TestReports/Test Results_BankersDashBoard_020516_190722_IE10_Any Bank USA.xls
[DEBUG][2016-02-05 19:09:50,522][com.java.ImportnExport.ExportTestResultsExcel] [  223] - browser is------------IE10
[DEBUG][2016-02-05 19:09:50,525][com.java.ImportnExport.ExportTestResultsExcel] [  270] - result.size() = 6
[DEBUG][2016-02-05 19:09:50,525][com.java.ImportnExport.ExportTestResultsExcel] [  274] - No of rows in sheet=2
[DEBUG][2016-02-05 19:09:50,525][com.java.ImportnExport.ExportTestResultsExcel] [  301] - ..in export..4
[DEBUG][2016-02-05 19:09:50,526][com.java.ImportnExport.ExportTestResultsExcel] [  301] - ..in export..Right Hand Menu: IS Alerts-IS Alerts are showing on hover menu.
[DEBUG][2016-02-05 19:09:50,526][com.java.ImportnExport.ExportTestResultsExcel] [  301] - ..in export..Fail
[DEBUG][2016-02-05 19:09:50,526][com.java.ImportnExport.ExportTestResultsExcel] [  301] - ..in export..
Test case failed at Step No. :: 38. Screen Shot : D:\BankersDashboard\TestReports\020516\4_020516_190950_IE10.png
[DEBUG][2016-02-05 19:09:50,526][com.java.ImportnExport.ExportTestResultsExcel] [  301] - ..in export..Fri Feb 05 19:09:50 IST 2016
[INFO ][2016-02-05 19:09:50,527][com.java.SeleniumDriver] [ 1337] - out loop:1 size:3 TestCases:[1, 4, 8] testcases:[1, 4, 8]
[INFO ][2016-02-05 19:09:50,527][com.java.ImportnExport.ImportTestDataDetailsExcel] [   49] - test data details path===== D:\BankersDashboard\TestInputs\TestData.xls
[INFO ][2016-02-05 19:10:06,762][com.java.SeleniumDriver] [  856] - ------------------------------------------
[INFO ][2016-02-05 19:10:06,762][com.java.SeleniumDriver] [  857] - Test case being Executed: 8
[INFO ][2016-02-05 19:10:06,762][com.java.SeleniumDriver] [  869] - Test step:1
[INFO ][2016-02-05 19:10:06,762][com.java.SeleniumDriver] [  881] - Datavalue is----------Logout
[INFO ][2016-02-05 19:10:06,762][com.java.SeleniumDriver] [  905] - DataField : BTN
[INFO ][2016-02-05 19:10:06,762][com.java.SeleniumDriver] [  907] - DataValue : Logout
[INFO ][2016-02-05 19:10:06,762][com.java.SeleniumDriver] [  913] - <In Set values of the page>
[INFO ][2016-02-05 19:10:06,762][com.java.SeleniumDriver] [  916] - {Data Fields & Data Values Exist}
[INFO ][2016-02-05 19:10:06,762][com.java.SeleniumDriver] [  918] - --------------------------setting values-----------------------------
[INFO ][2016-02-05 19:10:06,762][com.java.SeleniumDriver] [  921] - Action Type : Verify
[INFO ][2016-02-05 19:10:06,762][com.java.TestType] [ 8355] - field= BTN value= Logout
[INFO ][2016-02-05 19:10:06,762][com.java.TestType] [ 6727] - value = Logout
[INFO ][2016-02-05 19:10:06,848][com.java.SeleniumDriver] [  930] -  RESULT true
[INFO ][2016-02-05 19:10:06,849][com.java.SeleniumDriver] [ 1136] - ?   P A S S   ?
[INFO ][2016-02-05 19:10:06,849][com.java.SeleniumDriver] [ 1178] - step change to 3
[INFO ][2016-02-05 19:10:06,849][com.java.SeleniumDriver] [  856] - ------------------------------------------
[INFO ][2016-02-05 19:10:06,849][com.java.SeleniumDriver] [  857] - Test case being Executed: 8
[INFO ][2016-02-05 19:10:06,849][com.java.SeleniumDriver] [  869] - Test step:3
[INFO ][2016-02-05 19:10:06,849][com.java.SeleniumDriver] [  881] - Datavalue is----------Concept#2:1-3
[INFO ][2016-02-05 19:10:06,849][com.java.SeleniumDriver] [  905] - DataField : test
[INFO ][2016-02-05 19:10:06,849][com.java.SeleniumDriver] [  907] - DataValue : Concept#2:1-3
[INFO ][2016-02-05 19:10:06,849][com.java.SeleniumDriver] [  913] - <In Set values of the page>
[INFO ][2016-02-05 19:10:06,849][com.java.SeleniumDriver] [  916] - {Data Fields & Data Values Exist}
[INFO ][2016-02-05 19:10:06,849][com.java.SeleniumDriver] [  918] - --------------------------setting values-----------------------------
[INFO ][2016-02-05 19:10:06,849][com.java.SeleniumDriver] [  921] - Action Type : ExecuteTestCase
[INFO ][2016-02-05 19:10:06,850][com.java.TestType] [  448] - The Concept sheet name is ---------- Concept
[INFO ][2016-02-05 19:10:06,850][com.java.TestType] [  451] - The Concept ID  is ---------- 2
[DEBUG][2016-02-05 19:10:06,850][com.java.TestType] [  455] - Steps being executted in the Concept are: 1:3
[INFO ][2016-02-05 19:10:06,850][com.java.TestType] [  462] - Test data details path ---------- D:\BankersDashboard\TestInputs\TestData.xls
[INFO ][2016-02-05 19:10:06,867][com.java.TestType] [  493] -  str(1) = 2
[INFO ][2016-02-05 19:10:06,867][com.java.TestType] [  496] - Test case Id is---2
[INFO ][2016-02-05 19:10:06,867][com.java.TestType] [  498] - 2
[INFO ][2016-02-05 19:10:06,867][com.java.TestType] [  493] -  str(2) = 1
[INFO ][2016-02-05 19:10:06,869][com.java.TestType] [  493] -  str(1) = 2
[INFO ][2016-02-05 19:10:06,869][com.java.TestType] [  496] - Test case Id is---2
[INFO ][2016-02-05 19:10:06,869][com.java.TestType] [  498] - 2
[INFO ][2016-02-05 19:10:06,869][com.java.TestType] [  493] -  str(2) = 2
[INFO ][2016-02-05 19:10:06,869][com.java.TestType] [  493] -  str(1) = 2
[INFO ][2016-02-05 19:10:06,870][com.java.TestType] [  496] - Test case Id is---2
[INFO ][2016-02-05 19:10:06,870][com.java.TestType] [  498] - 2
[INFO ][2016-02-05 19:10:06,870][com.java.TestType] [  493] -  str(2) = 3
[INFO ][2016-02-05 19:10:06,870][com.java.TestType] [12089] - Looping 1TCID = 2
[DEBUG][2016-02-05 19:10:06,871][com.java.TestType] [12130] - Concept ID:2 :: Step being Executed: 2::1
[INFO ][2016-02-05 19:10:06,871][com.java.TestType] [12168] - dataFields : BNK//select[@id='bank']
[DEBUG][2016-02-05 19:10:06,871][com.java.TestType] [12174] - <In Set values of the page>
[DEBUG][2016-02-05 19:10:06,872][com.java.TestType] [12179] - {Data Fields & Data Values Exist}
[INFO ][2016-02-05 19:10:06,872][com.java.TestType] [12185] - --------------------------setting values-----------------------------
[INFO ][2016-02-05 19:10:06,872][com.java.TestType] [12188] - Action Type : Select
[INFO ][2016-02-05 19:10:06,872][com.java.TestType] [ 6727] - value = PFC
[INFO ][2016-02-05 19:10:07,103][com.java.TestType] [12207] -  RESULT true
[INFO ][2016-02-05 19:10:07,103][com.java.TestType] [12324] - ?   P A S S   ?
[DEBUG][2016-02-05 19:10:07,103][com.java.TestType] [12130] - Concept ID:2 :: Step being Executed: 2::2
[INFO ][2016-02-05 19:10:07,103][com.java.TestType] [12168] - dataFields : LNKLogout
[DEBUG][2016-02-05 19:10:07,103][com.java.TestType] [12174] - <In Set values of the page>
[DEBUG][2016-02-05 19:10:07,103][com.java.TestType] [12179] - {Data Fields & Data Values Exist}
[INFO ][2016-02-05 19:10:07,103][com.java.TestType] [12185] - --------------------------setting values-----------------------------
[INFO ][2016-02-05 19:10:07,103][com.java.TestType] [12188] - Action Type : WaitTime
[DEBUG][2016-02-05 19:10:07,104][com.java.TestType] [ 6541] - sleepTime: 5000
[INFO ][2016-02-05 19:10:12,104][com.java.TestType] [12207] -  RESULT true
[INFO ][2016-02-05 19:10:12,104][com.java.TestType] [12324] - ?   P A S S   ?
[DEBUG][2016-02-05 19:10:12,104][com.java.TestType] [12130] - Concept ID:2 :: Step being Executed: 2::3
[INFO ][2016-02-05 19:10:12,104][com.java.TestType] [12168] - dataFields : LNKLogout
[DEBUG][2016-02-05 19:10:12,104][com.java.TestType] [12174] - <In Set values of the page>
[DEBUG][2016-02-05 19:10:12,104][com.java.TestType] [12179] - {Data Fields & Data Values Exist}
[INFO ][2016-02-05 19:10:12,104][com.java.TestType] [12185] - --------------------------setting values-----------------------------
[INFO ][2016-02-05 19:10:12,104][com.java.TestType] [12188] - Action Type : WaitForElement
[INFO ][2016-02-05 19:10:12,142][com.java.TestType] [12207] -  RESULT true
[INFO ][2016-02-05 19:10:12,142][com.java.TestType] [12324] - ?   P A S S   ?
[INFO ][2016-02-05 19:10:12,142][com.java.TestType] [12395] - Looping End......
[INFO ][2016-02-05 19:10:12,143][com.java.SeleniumDriver] [  930] -  RESULT true
[INFO ][2016-02-05 19:10:12,144][com.java.SeleniumDriver] [ 1136] - ?   P A S S   ?
[INFO ][2016-02-05 19:10:12,144][com.java.SeleniumDriver] [  856] - ------------------------------------------
[INFO ][2016-02-05 19:10:12,144][com.java.SeleniumDriver] [  857] - Test case being Executed: 8
[INFO ][2016-02-05 19:10:12,144][com.java.SeleniumDriver] [  869] - Test step:4
[INFO ][2016-02-05 19:10:12,144][com.java.SeleniumDriver] [  881] - Datavalue is----------null
[DEBUG][2016-02-05 19:10:12,144][com.java.SeleniumDriver] [  899] - Exception: null
[INFO ][2016-02-05 19:10:12,144][com.java.SeleniumDriver] [  905] - DataField : //span[@class="icon-cog2"]&&//a[text()='Customize']&&//a[@data-id="TabletAlerts"]
[INFO ][2016-02-05 19:10:12,144][com.java.SeleniumDriver] [  907] - DataValue : 
[INFO ][2016-02-05 19:10:12,144][com.java.SeleniumDriver] [  913] - <In Set values of the page>
[INFO ][2016-02-05 19:10:12,144][com.java.SeleniumDriver] [  916] - {Data Fields & Data Values Exist}
[INFO ][2016-02-05 19:10:12,144][com.java.SeleniumDriver] [  918] - --------------------------setting values-----------------------------
[INFO ][2016-02-05 19:10:12,144][com.java.SeleniumDriver] [  921] - Action Type : MOUSEOVER
[INFO ][2016-02-05 19:10:57,091][com.java.SeleniumDriver] [  930] -  RESULT true
[INFO ][2016-02-05 19:10:57,091][com.java.SeleniumDriver] [ 1136] - ?   P A S S   ?
[INFO ][2016-02-05 19:10:57,091][com.java.SeleniumDriver] [  856] - ------------------------------------------
[INFO ][2016-02-05 19:10:57,092][com.java.SeleniumDriver] [  857] - Test case being Executed: 8
[INFO ][2016-02-05 19:10:57,092][com.java.SeleniumDriver] [  869] - Test step:5
[INFO ][2016-02-05 19:10:57,092][com.java.SeleniumDriver] [  881] - Datavalue is----------My Alerts
[INFO ][2016-02-05 19:10:57,092][com.java.SeleniumDriver] [  905] - DataField : XPH//span[@class='ui-dialog-title']
[INFO ][2016-02-05 19:10:57,092][com.java.SeleniumDriver] [  907] - DataValue : My Alerts
[INFO ][2016-02-05 19:10:57,092][com.java.SeleniumDriver] [  913] - <In Set values of the page>
[INFO ][2016-02-05 19:10:57,092][com.java.SeleniumDriver] [  916] - {Data Fields & Data Values Exist}
[INFO ][2016-02-05 19:10:57,092][com.java.SeleniumDriver] [  918] - --------------------------setting values-----------------------------
[INFO ][2016-02-05 19:10:57,092][com.java.SeleniumDriver] [  921] - Action Type : verify
[INFO ][2016-02-05 19:10:57,092][com.java.TestType] [ 8355] - field= XPH//span[@class='ui-dialog-title'] value= My Alerts
[INFO ][2016-02-05 19:10:57,092][com.java.TestType] [ 6727] - value = My Alerts
[INFO ][2016-02-05 19:10:57,280][com.java.SeleniumDriver] [  930] -  RESULT true
[INFO ][2016-02-05 19:10:57,280][com.java.SeleniumDriver] [ 1136] - ?   P A S S   ?
[INFO ][2016-02-05 19:10:57,280][com.java.SeleniumDriver] [  856] - ------------------------------------------
[INFO ][2016-02-05 19:10:57,280][com.java.SeleniumDriver] [  857] - Test case being Executed: 8
[INFO ][2016-02-05 19:10:57,280][com.java.SeleniumDriver] [  869] - Test step:6
[INFO ][2016-02-05 19:10:57,280][com.java.SeleniumDriver] [  881] - Datavalue is----------null
[DEBUG][2016-02-05 19:10:57,280][com.java.SeleniumDriver] [  899] - Exception: null
[INFO ][2016-02-05 19:10:57,280][com.java.SeleniumDriver] [  905] - DataField : BTNframeDialogContent
[INFO ][2016-02-05 19:10:57,280][com.java.SeleniumDriver] [  907] - DataValue : 
[INFO ][2016-02-05 19:10:57,281][com.java.SeleniumDriver] [  913] - <In Set values of the page>
[INFO ][2016-02-05 19:10:57,281][com.java.SeleniumDriver] [  916] - {Data Fields & Data Values Exist}
[INFO ][2016-02-05 19:10:57,281][com.java.SeleniumDriver] [  918] - --------------------------setting values-----------------------------
[INFO ][2016-02-05 19:10:57,281][com.java.SeleniumDriver] [  921] - Action Type : SELECTFRAME
[INFO ][2016-02-05 19:10:58,671][com.java.SeleniumDriver] [  930] -  RESULT true
[INFO ][2016-02-05 19:10:58,671][com.java.SeleniumDriver] [ 1136] - ?   P A S S   ?
[INFO ][2016-02-05 19:10:58,673][com.java.SeleniumDriver] [  856] - ------------------------------------------
[INFO ][2016-02-05 19:10:58,673][com.java.SeleniumDriver] [  857] - Test case being Executed: 8
[INFO ][2016-02-05 19:10:58,673][com.java.SeleniumDriver] [  869] - Test step:7
[INFO ][2016-02-05 19:10:58,673][com.java.SeleniumDriver] [  881] - Datavalue is----------null
[DEBUG][2016-02-05 19:10:58,673][com.java.SeleniumDriver] [  899] - Exception: null
[INFO ][2016-02-05 19:10:58,673][com.java.SeleniumDriver] [  905] - DataField : XPH//span[contains(text(),'Balance Sheet')]
[INFO ][2016-02-05 19:10:58,673][com.java.SeleniumDriver] [  907] - DataValue : 
[INFO ][2016-02-05 19:10:58,673][com.java.SeleniumDriver] [  913] - <In Set values of the page>
[INFO ][2016-02-05 19:10:58,673][com.java.SeleniumDriver] [  916] - {Data Fields & Data Values Exist}
[INFO ][2016-02-05 19:10:58,673][com.java.SeleniumDriver] [  918] - --------------------------setting values-----------------------------
[INFO ][2016-02-05 19:10:58,673][com.java.SeleniumDriver] [  921] - Action Type : CLICK
[INFO ][2016-02-05 19:10:58,673][com.java.TestType] [ 7122] - Field ::XPH//span[contains(text(),'Balance Sheet')]
[INFO ][2016-02-05 19:10:58,673][com.java.TestType] [ 6727] - value = 
[INFO ][2016-02-05 19:10:59,673][com.java.TestType] [ 7299] - BEFORE CLICK
[INFO ][2016-02-05 19:11:00,552][com.java.TestType] [ 7307] - Unable to click the object BalanceSheet
[INFO ][2016-02-05 19:11:00,552][com.java.SeleniumDriver] [  930] -  RESULT true
[INFO ][2016-02-05 19:11:00,552][com.java.SeleniumDriver] [ 1136] - ?   P A S S   ?
[INFO ][2016-02-05 19:11:00,552][com.java.SeleniumDriver] [  856] - ------------------------------------------
[INFO ][2016-02-05 19:11:00,552][com.java.SeleniumDriver] [  857] - Test case being Executed: 8
[INFO ][2016-02-05 19:11:00,552][com.java.SeleniumDriver] [  869] - Test step:8
[INFO ][2016-02-05 19:11:00,552][com.java.SeleniumDriver] [  881] - Datavalue is----------5
[INFO ][2016-02-05 19:11:00,552][com.java.SeleniumDriver] [  905] - DataField : test
[INFO ][2016-02-05 19:11:00,552][com.java.SeleniumDriver] [  907] - DataValue : 5
[INFO ][2016-02-05 19:11:00,552][com.java.SeleniumDriver] [  913] - <In Set values of the page>
[INFO ][2016-02-05 19:11:00,552][com.java.SeleniumDriver] [  916] - {Data Fields & Data Values Exist}
[INFO ][2016-02-05 19:11:00,552][com.java.SeleniumDriver] [  918] - --------------------------setting values-----------------------------
[INFO ][2016-02-05 19:11:00,553][com.java.SeleniumDriver] [  921] - Action Type : WAITTIME
[DEBUG][2016-02-05 19:11:00,553][com.java.TestType] [ 6541] - sleepTime: 5000
[INFO ][2016-02-05 19:11:05,553][com.java.SeleniumDriver] [  930] -  RESULT true
[INFO ][2016-02-05 19:11:05,553][com.java.SeleniumDriver] [ 1136] - ?   P A S S   ?
[INFO ][2016-02-05 19:11:05,553][com.java.SeleniumDriver] [  856] - ------------------------------------------
[INFO ][2016-02-05 19:11:05,553][com.java.SeleniumDriver] [  857] - Test case being Executed: 8
[INFO ][2016-02-05 19:11:05,553][com.java.SeleniumDriver] [  869] - Test step:9
[INFO ][2016-02-05 19:11:05,553][com.java.SeleniumDriver] [  881] - Datavalue is----------4.00
[INFO ][2016-02-05 19:11:05,553][com.java.SeleniumDriver] [  905] - DataField : TXT//table[@id="BalSheetTbl"]/tbody//td[4]/input[@class="perVal"]
[INFO ][2016-02-05 19:11:05,553][com.java.SeleniumDriver] [  907] - DataValue : 4.00
[INFO ][2016-02-05 19:11:05,555][com.java.SeleniumDriver] [  913] - <In Set values of the page>
[INFO ][2016-02-05 19:11:05,555][com.java.SeleniumDriver] [  916] - {Data Fields & Data Values Exist}
[INFO ][2016-02-05 19:11:05,555][com.java.SeleniumDriver] [  918] - --------------------------setting values-----------------------------
[INFO ][2016-02-05 19:11:05,555][com.java.SeleniumDriver] [  921] - Action Type : CLEARANDENTER
[INFO ][2016-02-05 19:11:05,696][com.java.TestType] [ 6727] - value = 4.00
[INFO ][2016-02-05 19:11:05,841][com.java.SeleniumDriver] [  930] -  RESULT true
[INFO ][2016-02-05 19:11:05,841][com.java.SeleniumDriver] [ 1136] - ?   P A S S   ?
[INFO ][2016-02-05 19:11:05,841][com.java.SeleniumDriver] [  856] - ------------------------------------------
[INFO ][2016-02-05 19:11:05,841][com.java.SeleniumDriver] [  857] - Test case being Executed: 8
[INFO ][2016-02-05 19:11:05,841][com.java.SeleniumDriver] [  869] - Test step:10
[INFO ][2016-02-05 19:11:05,841][com.java.SeleniumDriver] [  881] - Datavalue is----------null
[DEBUG][2016-02-05 19:11:05,841][com.java.SeleniumDriver] [  899] - Exception: null
[INFO ][2016-02-05 19:11:05,841][com.java.SeleniumDriver] [  905] - DataField : BTNparent
[INFO ][2016-02-05 19:11:05,841][com.java.SeleniumDriver] [  907] - DataValue : 
[INFO ][2016-02-05 19:11:05,842][com.java.SeleniumDriver] [  913] - <In Set values of the page>
[INFO ][2016-02-05 19:11:05,842][com.java.SeleniumDriver] [  916] - {Data Fields & Data Values Exist}
[INFO ][2016-02-05 19:11:05,843][com.java.SeleniumDriver] [  918] - --------------------------setting values-----------------------------
[INFO ][2016-02-05 19:11:05,843][com.java.SeleniumDriver] [  921] - Action Type : SELECTFRAME
[INFO ][2016-02-05 19:11:05,858][com.java.SeleniumDriver] [  930] -  RESULT true
[INFO ][2016-02-05 19:11:05,858][com.java.SeleniumDriver] [ 1136] - ?   P A S S   ?
[INFO ][2016-02-05 19:11:05,858][com.java.SeleniumDriver] [  856] - ------------------------------------------
[INFO ][2016-02-05 19:11:05,858][com.java.SeleniumDriver] [  857] - Test case being Executed: 8
[INFO ][2016-02-05 19:11:05,858][com.java.SeleniumDriver] [  869] - Test step:11
[INFO ][2016-02-05 19:11:05,858][com.java.SeleniumDriver] [  881] - Datavalue is----------null
[DEBUG][2016-02-05 19:11:05,858][com.java.SeleniumDriver] [  899] - Exception: null
[INFO ][2016-02-05 19:11:05,858][com.java.SeleniumDriver] [  905] - DataField : HDN//span[contains(text(),'Save')]
[INFO ][2016-02-05 19:11:05,858][com.java.SeleniumDriver] [  907] - DataValue : 
[INFO ][2016-02-05 19:11:05,858][com.java.SeleniumDriver] [  913] - <In Set values of the page>
[INFO ][2016-02-05 19:11:05,858][com.java.SeleniumDriver] [  916] - {Data Fields & Data Values Exist}
[INFO ][2016-02-05 19:11:05,858][com.java.SeleniumDriver] [  918] - --------------------------setting values-----------------------------
[INFO ][2016-02-05 19:11:05,859][com.java.SeleniumDriver] [  921] - Action Type : CLICK
[INFO ][2016-02-05 19:11:05,859][com.java.TestType] [ 7122] - Field ::HDN//span[contains(text(),'Save')]
[INFO ][2016-02-05 19:11:05,859][com.java.TestType] [ 6727] - value = 
[INFO ][2016-02-05 19:11:07,168][com.java.SeleniumDriver] [  930] -  RESULT true
[INFO ][2016-02-05 19:11:07,168][com.java.SeleniumDriver] [ 1136] - ?   P A S S   ?
[INFO ][2016-02-05 19:11:07,168][com.java.SeleniumDriver] [  856] - ------------------------------------------
[INFO ][2016-02-05 19:11:07,168][com.java.SeleniumDriver] [  857] - Test case being Executed: 8
[INFO ][2016-02-05 19:11:07,168][com.java.SeleniumDriver] [  869] - Test step:12
[INFO ][2016-02-05 19:11:07,168][com.java.SeleniumDriver] [  881] - Datavalue is----------null
[DEBUG][2016-02-05 19:11:07,168][com.java.SeleniumDriver] [  899] - Exception: null
[INFO ][2016-02-05 19:11:07,168][com.java.SeleniumDriver] [  905] - DataField : XPH//div[@class="menu"]//span[@class='glyphicon glyphicon-bell']
[INFO ][2016-02-05 19:11:07,169][com.java.SeleniumDriver] [  907] - DataValue : 
[INFO ][2016-02-05 19:11:07,169][com.java.SeleniumDriver] [  913] - <In Set values of the page>
[INFO ][2016-02-05 19:11:07,169][com.java.SeleniumDriver] [  916] - {Data Fields & Data Values Exist}
[INFO ][2016-02-05 19:11:07,169][com.java.SeleniumDriver] [  918] - --------------------------setting values-----------------------------
[INFO ][2016-02-05 19:11:07,169][com.java.SeleniumDriver] [  921] - Action Type : CLICK
[INFO ][2016-02-05 19:11:07,169][com.java.TestType] [ 7122] - Field ::XPH//div[@class="menu"]//span[@class='glyphicon glyphicon-bell']
[INFO ][2016-02-05 19:11:07,169][com.java.TestType] [ 6727] - value = 
[INFO ][2016-02-05 19:11:08,169][com.java.TestType] [ 7299] - BEFORE CLICK
[INFO ][2016-02-05 19:11:09,503][com.java.TestType] [ 7307] - Unable to click the object Click on  bell symbol
[INFO ][2016-02-05 19:11:09,503][com.java.SeleniumDriver] [  930] -  RESULT true
[INFO ][2016-02-05 19:11:09,503][com.java.SeleniumDriver] [ 1136] - ?   P A S S   ?
[INFO ][2016-02-05 19:11:09,503][com.java.SeleniumDriver] [  856] - ------------------------------------------
[INFO ][2016-02-05 19:11:09,503][com.java.SeleniumDriver] [  857] - Test case being Executed: 8
[INFO ][2016-02-05 19:11:09,503][com.java.SeleniumDriver] [  869] - Test step:13
[INFO ][2016-02-05 19:11:09,503][com.java.SeleniumDriver] [  881] - Datavalue is----------null
[DEBUG][2016-02-05 19:11:09,503][com.java.SeleniumDriver] [  899] - Exception: null
[INFO ][2016-02-05 19:11:09,503][com.java.SeleniumDriver] [  905] - DataField : XPH//div[contains(@class,'rightMenuContainer')]//div[@class="menu-drawer"]
[INFO ][2016-02-05 19:11:09,503][com.java.SeleniumDriver] [  907] - DataValue : 
[INFO ][2016-02-05 19:11:09,504][com.java.SeleniumDriver] [  913] - <In Set values of the page>
[INFO ][2016-02-05 19:11:09,504][com.java.SeleniumDriver] [  916] - {Data Fields & Data Values Exist}
[INFO ][2016-02-05 19:11:09,504][com.java.SeleniumDriver] [  918] - --------------------------setting values-----------------------------
[INFO ][2016-02-05 19:11:09,504][com.java.SeleniumDriver] [  921] - Action Type : CLICK
[INFO ][2016-02-05 19:11:09,504][com.java.TestType] [ 7122] - Field ::XPH//div[contains(@class,'rightMenuContainer')]//div[@class="menu-drawer"]
[INFO ][2016-02-05 19:11:09,504][com.java.TestType] [ 6727] - value = 
[INFO ][2016-02-05 19:11:10,504][com.java.TestType] [ 7299] - BEFORE CLICK
[INFO ][2016-02-05 19:11:11,402][com.java.TestType] [ 7307] - Unable to click the object Click on the Today's Alert Page
[INFO ][2016-02-05 19:11:11,402][com.java.SeleniumDriver] [  930] -  RESULT true
[INFO ][2016-02-05 19:11:11,402][com.java.SeleniumDriver] [ 1136] - ?   P A S S   ?
[INFO ][2016-02-05 19:11:11,402][com.java.SeleniumDriver] [  856] - ------------------------------------------
[INFO ][2016-02-05 19:11:11,402][com.java.SeleniumDriver] [  857] - Test case being Executed: 8
[INFO ][2016-02-05 19:11:11,402][com.java.SeleniumDriver] [  869] - Test step:14
[INFO ][2016-02-05 19:11:11,402][com.java.SeleniumDriver] [  881] - Datavalue is----------//div[@class="menu-drawer"]//span
[INFO ][2016-02-05 19:11:11,402][com.java.SeleniumDriver] [  905] - DataField : BTN
[INFO ][2016-02-05 19:11:11,402][com.java.SeleniumDriver] [  907] - DataValue : //div[@class="menu-drawer"]//span
[INFO ][2016-02-05 19:11:11,402][com.java.SeleniumDriver] [  913] - <In Set values of the page>
[INFO ][2016-02-05 19:11:11,402][com.java.SeleniumDriver] [  916] - {Data Fields & Data Values Exist}
[INFO ][2016-02-05 19:11:11,402][com.java.SeleniumDriver] [  918] - --------------------------setting values-----------------------------
[INFO ][2016-02-05 19:11:11,402][com.java.SeleniumDriver] [  921] - Action Type : VERIFY
[INFO ][2016-02-05 19:11:11,403][com.java.TestType] [ 8355] - field= BTN value= //div[@class="menu-drawer"]//span
[INFO ][2016-02-05 19:11:11,403][com.java.TestType] [ 6727] - value = //div[@class="menu-drawer"]//span
[INFO ][2016-02-05 19:11:11,505][com.java.SeleniumDriver] [  930] -  RESULT true
[INFO ][2016-02-05 19:11:11,505][com.java.SeleniumDriver] [ 1136] - ?   P A S S   ?
[INFO ][2016-02-05 19:11:11,505][com.java.SeleniumDriver] [  856] - ------------------------------------------
[INFO ][2016-02-05 19:11:11,506][com.java.SeleniumDriver] [  857] - Test case being Executed: 8
[INFO ][2016-02-05 19:11:11,506][com.java.SeleniumDriver] [  869] - Test step:15
[INFO ][2016-02-05 19:11:11,506][com.java.SeleniumDriver] [  881] - Datavalue is----------//div[@id='isAlertsHeading']/h4
[INFO ][2016-02-05 19:11:11,506][com.java.SeleniumDriver] [  905] - DataField : BTN
[INFO ][2016-02-05 19:11:11,506][com.java.SeleniumDriver] [  907] - DataValue : //div[@id='isAlertsHeading']/h4
[INFO ][2016-02-05 19:11:11,506][com.java.SeleniumDriver] [  913] - <In Set values of the page>
[INFO ][2016-02-05 19:11:11,506][com.java.SeleniumDriver] [  916] - {Data Fields & Data Values Exist}
[INFO ][2016-02-05 19:11:11,506][com.java.SeleniumDriver] [  918] - --------------------------setting values-----------------------------
[INFO ][2016-02-05 19:11:11,506][com.java.SeleniumDriver] [  921] - Action Type : VERIFY
[INFO ][2016-02-05 19:11:11,506][com.java.TestType] [ 8355] - field= BTN value= //div[@id='isAlertsHeading']/h4
[INFO ][2016-02-05 19:11:11,506][com.java.TestType] [ 6727] - value = //div[@id='isAlertsHeading']/h4
[INFO ][2016-02-05 19:11:11,578][com.java.SeleniumDriver] [  930] -  RESULT true
[INFO ][2016-02-05 19:11:11,578][com.java.SeleniumDriver] [ 1136] - ?   P A S S   ?
[INFO ][2016-02-05 19:11:11,578][com.java.SeleniumDriver] [  856] - ------------------------------------------
[INFO ][2016-02-05 19:11:11,580][com.java.SeleniumDriver] [  857] - Test case being Executed: 8
[INFO ][2016-02-05 19:11:11,580][com.java.SeleniumDriver] [  869] - Test step:16
[INFO ][2016-02-05 19:11:11,580][com.java.SeleniumDriver] [  881] - Datavalue is----------null
[DEBUG][2016-02-05 19:11:11,580][com.java.SeleniumDriver] [  899] - Exception: null
[INFO ][2016-02-05 19:11:11,580][com.java.SeleniumDriver] [  905] - DataField : XPH//div[@class="panel panel-default ng-scope"]/div[@id='bsAlertsHeading']/h4
[INFO ][2016-02-05 19:11:11,580][com.java.SeleniumDriver] [  907] - DataValue : 
[INFO ][2016-02-05 19:11:11,580][com.java.SeleniumDriver] [  913] - <In Set values of the page>
[INFO ][2016-02-05 19:11:11,580][com.java.SeleniumDriver] [  916] - {Data Fields & Data Values Exist}
[INFO ][2016-02-05 19:11:11,580][com.java.SeleniumDriver] [  918] - --------------------------setting values-----------------------------
[INFO ][2016-02-05 19:11:11,581][com.java.SeleniumDriver] [  921] - Action Type : CLICK
[INFO ][2016-02-05 19:11:11,581][com.java.TestType] [ 7122] - Field ::XPH//div[@class="panel panel-default ng-scope"]/div[@id='bsAlertsHeading']/h4
[INFO ][2016-02-05 19:11:11,581][com.java.TestType] [ 6727] - value = 
[INFO ][2016-02-05 19:11:12,581][com.java.TestType] [ 7299] - BEFORE CLICK
[INFO ][2016-02-05 19:11:13,523][com.java.TestType] [ 7307] - Unable to click the object Click on Income Statement tab
[INFO ][2016-02-05 19:11:13,523][com.java.SeleniumDriver] [  930] -  RESULT true
[INFO ][2016-02-05 19:11:13,523][com.java.SeleniumDriver] [ 1136] - ?   P A S S   ?
[INFO ][2016-02-05 19:11:13,523][com.java.SeleniumDriver] [  856] - ------------------------------------------
[INFO ][2016-02-05 19:11:13,523][com.java.SeleniumDriver] [  857] - Test case being Executed: 8
[INFO ][2016-02-05 19:11:13,523][com.java.SeleniumDriver] [  869] - Test step:17
[INFO ][2016-02-05 19:11:13,523][com.java.SeleniumDriver] [  881] - Datavalue is----------5
[INFO ][2016-02-05 19:11:13,523][com.java.SeleniumDriver] [  905] - DataField : null
[INFO ][2016-02-05 19:11:13,523][com.java.SeleniumDriver] [  907] - DataValue : 5
[INFO ][2016-02-05 19:11:13,523][com.java.SeleniumDriver] [  913] - <In Set values of the page>
[INFO ][2016-02-05 19:11:13,523][com.java.SeleniumDriver] [  916] - {Data Fields & Data Values Exist}
[INFO ][2016-02-05 19:11:13,523][com.java.SeleniumDriver] [  918] - --------------------------setting values-----------------------------
[INFO ][2016-02-05 19:11:13,524][com.java.SeleniumDriver] [  921] - Action Type : WAITTIME
[DEBUG][2016-02-05 19:11:13,524][com.java.TestType] [ 6541] - sleepTime: 5000
[INFO ][2016-02-05 19:11:18,526][com.java.SeleniumDriver] [  930] -  RESULT true
[INFO ][2016-02-05 19:11:18,526][com.java.SeleniumDriver] [ 1136] - ?   P A S S   ?
[INFO ][2016-02-05 19:11:18,526][com.java.SeleniumDriver] [  856] - ------------------------------------------
[INFO ][2016-02-05 19:11:18,527][com.java.SeleniumDriver] [  857] - Test case being Executed: 8
[INFO ][2016-02-05 19:11:18,527][com.java.SeleniumDriver] [  869] - Test step:18
[INFO ][2016-02-05 19:11:18,527][com.java.SeleniumDriver] [  881] - Datavalue is----------//div[@id='bsAlertsContent']//div[@class="ng-binding"]
[INFO ][2016-02-05 19:11:18,527][com.java.SeleniumDriver] [  905] - DataField : BTN
[INFO ][2016-02-05 19:11:18,527][com.java.SeleniumDriver] [  907] - DataValue : //div[@id='bsAlertsContent']//div[@class="ng-binding"]
[INFO ][2016-02-05 19:11:18,527][com.java.SeleniumDriver] [  913] - <In Set values of the page>
[INFO ][2016-02-05 19:11:18,527][com.java.SeleniumDriver] [  916] - {Data Fields & Data Values Exist}
[INFO ][2016-02-05 19:11:18,527][com.java.SeleniumDriver] [  918] - --------------------------setting values-----------------------------
[INFO ][2016-02-05 19:11:18,527][com.java.SeleniumDriver] [  921] - Action Type : VERIFY
[INFO ][2016-02-05 19:11:18,527][com.java.TestType] [ 8355] - field= BTN value= //div[@id='bsAlertsContent']//div[@class="ng-binding"]
[INFO ][2016-02-05 19:11:18,527][com.java.TestType] [ 6727] - value = //div[@id='bsAlertsContent']//div[@class="ng-binding"]
[INFO ][2016-02-05 19:11:18,621][com.java.SeleniumDriver] [  930] -  RESULT true
[INFO ][2016-02-05 19:11:18,621][com.java.SeleniumDriver] [ 1136] - ?   P A S S   ?
[INFO ][2016-02-05 19:11:18,621][com.java.SeleniumDriver] [  856] - ------------------------------------------
[INFO ][2016-02-05 19:11:18,621][com.java.SeleniumDriver] [  857] - Test case being Executed: 8
[INFO ][2016-02-05 19:11:18,621][com.java.SeleniumDriver] [  869] - Test step:19
[INFO ][2016-02-05 19:11:18,621][com.java.SeleniumDriver] [  881] - Datavalue is----------null
[DEBUG][2016-02-05 19:11:18,622][com.java.SeleniumDriver] [  899] - Exception: null
[INFO ][2016-02-05 19:11:18,622][com.java.SeleniumDriver] [  905] - DataField : XPH//div[@class="panel panel-default ng-scope"]/div[@id='bsAlertsHeading']/h4
[INFO ][2016-02-05 19:11:18,622][com.java.SeleniumDriver] [  907] - DataValue : 
[INFO ][2016-02-05 19:11:18,622][com.java.SeleniumDriver] [  913] - <In Set values of the page>
[INFO ][2016-02-05 19:11:18,622][com.java.SeleniumDriver] [  916] - {Data Fields & Data Values Exist}
[INFO ][2016-02-05 19:11:18,622][com.java.SeleniumDriver] [  918] - --------------------------setting values-----------------------------
[INFO ][2016-02-05 19:11:18,622][com.java.SeleniumDriver] [  921] - Action Type : CLICK
[INFO ][2016-02-05 19:11:18,622][com.java.TestType] [ 7122] - Field ::XPH//div[@class="panel panel-default ng-scope"]/div[@id='bsAlertsHeading']/h4
[INFO ][2016-02-05 19:11:18,622][com.java.TestType] [ 6727] - value = 
[INFO ][2016-02-05 19:11:19,622][com.java.TestType] [ 7299] - BEFORE CLICK
[INFO ][2016-02-05 19:11:20,506][com.java.TestType] [ 7307] - Unable to click the object Click on Income Statement tab
[INFO ][2016-02-05 19:11:20,506][com.java.SeleniumDriver] [  930] -  RESULT true
[INFO ][2016-02-05 19:11:20,506][com.java.SeleniumDriver] [ 1136] - ?   P A S S   ?
[INFO ][2016-02-05 19:11:20,506][com.java.SeleniumDriver] [  856] - ------------------------------------------
[INFO ][2016-02-05 19:11:20,506][com.java.SeleniumDriver] [  857] - Test case being Executed: 8
[INFO ][2016-02-05 19:11:20,506][com.java.SeleniumDriver] [  869] - Test step:20
[INFO ][2016-02-05 19:11:20,506][com.java.SeleniumDriver] [  881] - Datavalue is----------//*[@id='bsAlertsContent']/div/div[1]/div[1]
[INFO ][2016-02-05 19:11:20,506][com.java.SeleniumDriver] [  905] - DataField : MSG
[INFO ][2016-02-05 19:11:20,506][com.java.SeleniumDriver] [  907] - DataValue : //*[@id='bsAlertsContent']/div/div[1]/div[1]
[INFO ][2016-02-05 19:11:20,506][com.java.SeleniumDriver] [  913] - <In Set values of the page>
[INFO ][2016-02-05 19:11:20,506][com.java.SeleniumDriver] [  916] - {Data Fields & Data Values Exist}
[INFO ][2016-02-05 19:11:20,506][com.java.SeleniumDriver] [  918] - --------------------------setting values-----------------------------
[INFO ][2016-02-05 19:11:20,507][com.java.SeleniumDriver] [  921] - Action Type : VERIFYNOTPRESENT
[INFO ][2016-02-05 19:11:20,507][com.java.TestType] [10173] - field= MSG value= //*[@id='bsAlertsContent']/div/div[1]/div[1]
[INFO ][2016-02-05 19:11:20,613][com.java.SeleniumDriver] [  930] -  RESULT true
[INFO ][2016-02-05 19:11:20,613][com.java.SeleniumDriver] [ 1136] - ?   P A S S   ?
[INFO ][2016-02-05 19:11:20,613][com.java.SeleniumDriver] [  856] - ------------------------------------------
[INFO ][2016-02-05 19:11:20,613][com.java.SeleniumDriver] [  857] - Test case being Executed: 8
[INFO ][2016-02-05 19:11:20,613][com.java.SeleniumDriver] [  869] - Test step:21
[INFO ][2016-02-05 19:11:20,613][com.java.SeleniumDriver] [  881] - Datavalue is----------numberofupdatesbeforerefreshing
[INFO ][2016-02-05 19:11:20,613][com.java.SeleniumDriver] [  905] - DataField : XPH//div[@id="bsAlertsHeading"]//span[@class="badge pull-right ng-binding"]
[INFO ][2016-02-05 19:11:20,613][com.java.SeleniumDriver] [  907] - DataValue : numberofupdatesbeforerefreshing
[INFO ][2016-02-05 19:11:20,613][com.java.SeleniumDriver] [  913] - <In Set values of the page>
[INFO ][2016-02-05 19:11:20,613][com.java.SeleniumDriver] [  916] - {Data Fields & Data Values Exist}
[INFO ][2016-02-05 19:11:20,614][com.java.SeleniumDriver] [  918] - --------------------------setting values-----------------------------
[INFO ][2016-02-05 19:11:20,614][com.java.SeleniumDriver] [  921] - Action Type : STOREVALUE
[INFO ][2016-02-05 19:11:20,614][com.java.TestType] [ 9854] - field= XPH//div[@id="bsAlertsHeading"]//span[@class="badge pull-right ng-binding"]
[DEBUG][2016-02-05 19:11:20,739][com.java.TestType] [ 9909] - Key:: numberofupdatesbeforerefreshing   Value:: 4
[INFO ][2016-02-05 19:11:20,739][com.java.SeleniumDriver] [  930] -  RESULT true
[INFO ][2016-02-05 19:11:20,739][com.java.SeleniumDriver] [ 1136] - ?   P A S S   ?
[INFO ][2016-02-05 19:11:20,739][com.java.SeleniumDriver] [  856] - ------------------------------------------
[INFO ][2016-02-05 19:11:20,739][com.java.SeleniumDriver] [  857] - Test case being Executed: 8
[INFO ][2016-02-05 19:11:20,739][com.java.SeleniumDriver] [  869] - Test step:22
[INFO ][2016-02-05 19:11:20,739][com.java.SeleniumDriver] [  881] - Datavalue is----------null
[DEBUG][2016-02-05 19:11:20,740][com.java.SeleniumDriver] [  899] - Exception: null
[INFO ][2016-02-05 19:11:20,740][com.java.SeleniumDriver] [  905] - DataField : HDN//span[@class='glyphicon glyphicon-refresh ng-scope']
[INFO ][2016-02-05 19:11:20,740][com.java.SeleniumDriver] [  907] - DataValue : 
[INFO ][2016-02-05 19:11:20,740][com.java.SeleniumDriver] [  913] - <In Set values of the page>
[INFO ][2016-02-05 19:11:20,740][com.java.SeleniumDriver] [  916] - {Data Fields & Data Values Exist}
[INFO ][2016-02-05 19:11:20,740][com.java.SeleniumDriver] [  918] - --------------------------setting values-----------------------------
[INFO ][2016-02-05 19:11:20,740][com.java.SeleniumDriver] [  921] - Action Type : CLICK
[INFO ][2016-02-05 19:11:20,740][com.java.TestType] [ 7122] - Field ::HDN//span[@class='glyphicon glyphicon-refresh ng-scope']
[INFO ][2016-02-05 19:11:20,740][com.java.TestType] [ 6727] - value = 
[INFO ][2016-02-05 19:11:21,916][com.java.SeleniumDriver] [  930] -  RESULT true
[INFO ][2016-02-05 19:11:21,916][com.java.SeleniumDriver] [ 1136] - ?   P A S S   ?
[INFO ][2016-02-05 19:11:21,916][com.java.SeleniumDriver] [  856] - ------------------------------------------
[INFO ][2016-02-05 19:11:21,916][com.java.SeleniumDriver] [  857] - Test case being Executed: 8
[INFO ][2016-02-05 19:11:21,916][com.java.SeleniumDriver] [  869] - Test step:23
[INFO ][2016-02-05 19:11:21,916][com.java.SeleniumDriver] [  881] - Datavalue is----------5
[INFO ][2016-02-05 19:11:21,916][com.java.SeleniumDriver] [  905] - DataField : null
[INFO ][2016-02-05 19:11:21,916][com.java.SeleniumDriver] [  907] - DataValue : 5
[INFO ][2016-02-05 19:11:21,916][com.java.SeleniumDriver] [  913] - <In Set values of the page>
[INFO ][2016-02-05 19:11:21,916][com.java.SeleniumDriver] [  916] - {Data Fields & Data Values Exist}
[INFO ][2016-02-05 19:11:21,917][com.java.SeleniumDriver] [  918] - --------------------------setting values-----------------------------
[INFO ][2016-02-05 19:11:21,917][com.java.SeleniumDriver] [  921] - Action Type : WAITTIME
[DEBUG][2016-02-05 19:11:21,917][com.java.TestType] [ 6541] - sleepTime: 5000
[INFO ][2016-02-05 19:11:26,918][com.java.SeleniumDriver] [  930] -  RESULT true
[INFO ][2016-02-05 19:11:26,918][com.java.SeleniumDriver] [ 1136] - ?   P A S S   ?
[INFO ][2016-02-05 19:11:26,918][com.java.SeleniumDriver] [  856] - ------------------------------------------
[INFO ][2016-02-05 19:11:26,918][com.java.SeleniumDriver] [  857] - Test case being Executed: 8
[INFO ][2016-02-05 19:11:26,918][com.java.SeleniumDriver] [  869] - Test step:24
[INFO ][2016-02-05 19:11:26,918][com.java.SeleniumDriver] [  881] - Datavalue is----------HMVnumberofupdatesbeforerefreshing
[INFO ][2016-02-05 19:11:26,918][com.java.SeleniumDriver] [  905] - DataField : XPH//div[@id="bsAlertsHeading"]//span[@class="badge pull-right ng-binding"]
[INFO ][2016-02-05 19:11:26,918][com.java.SeleniumDriver] [  907] - DataValue : HMVnumberofupdatesbeforerefreshing
[INFO ][2016-02-05 19:11:26,918][com.java.SeleniumDriver] [  913] - <In Set values of the page>
[INFO ][2016-02-05 19:11:26,918][com.java.SeleniumDriver] [  916] - {Data Fields & Data Values Exist}
[INFO ][2016-02-05 19:11:26,918][com.java.SeleniumDriver] [  918] - --------------------------setting values-----------------------------
[INFO ][2016-02-05 19:11:26,918][com.java.SeleniumDriver] [  921] - Action Type : VERIFY
[INFO ][2016-02-05 19:11:26,919][com.java.TestType] [ 8355] - field= XPH//div[@id="bsAlertsHeading"]//span[@class="badge pull-right ng-binding"] value= HMVnumberofupdatesbeforerefreshing
[INFO ][2016-02-05 19:11:26,919][com.java.TestType] [ 6727] - value = 4
[INFO ][2016-02-05 19:11:27,086][com.java.SeleniumDriver] [  930] -  RESULT true
[INFO ][2016-02-05 19:11:27,086][com.java.SeleniumDriver] [ 1136] - ?   P A S S   ?
[INFO ][2016-02-05 19:11:27,086][com.java.SeleniumDriver] [  856] - ------------------------------------------
[INFO ][2016-02-05 19:11:27,086][com.java.SeleniumDriver] [  857] - Test case being Executed: 8
[INFO ][2016-02-05 19:11:27,086][com.java.SeleniumDriver] [  869] - Test step:25
[INFO ][2016-02-05 19:11:27,086][com.java.SeleniumDriver] [  881] - Datavalue is----------BalanceSheet
[INFO ][2016-02-05 19:11:27,086][com.java.SeleniumDriver] [  905] - DataField : XPH//div[@id="bsAlertsContent"]//div[@class="bd-alert ng-scope"][1]/div[@class="ng-binding"]
[INFO ][2016-02-05 19:11:27,086][com.java.SeleniumDriver] [  907] - DataValue : BalanceSheet
[INFO ][2016-02-05 19:11:27,087][com.java.SeleniumDriver] [  913] - <In Set values of the page>
[INFO ][2016-02-05 19:11:27,087][com.java.SeleniumDriver] [  916] - {Data Fields & Data Values Exist}
[INFO ][2016-02-05 19:11:27,087][com.java.SeleniumDriver] [  918] - --------------------------setting values-----------------------------
[INFO ][2016-02-05 19:11:27,087][com.java.SeleniumDriver] [  921] - Action Type : STOREVALUE
[INFO ][2016-02-05 19:11:27,087][com.java.TestType] [ 9854] - field= XPH//div[@id="bsAlertsContent"]//div[@class="bd-alert ng-scope"][1]/div[@class="ng-binding"]
[DEBUG][2016-02-05 19:11:27,202][com.java.TestType] [ 9909] - Key:: BalanceSheet   Value:: 
[INFO ][2016-02-05 19:11:27,202][com.java.SeleniumDriver] [  930] -  RESULT true
[INFO ][2016-02-05 19:11:27,203][com.java.SeleniumDriver] [ 1136] - ?   P A S S   ?
[INFO ][2016-02-05 19:11:27,203][com.java.SeleniumDriver] [  856] - ------------------------------------------
[INFO ][2016-02-05 19:11:27,203][com.java.SeleniumDriver] [  857] - Test case being Executed: 8
[INFO ][2016-02-05 19:11:27,203][com.java.SeleniumDriver] [  869] - Test step:26
[INFO ][2016-02-05 19:11:27,203][com.java.SeleniumDriver] [  881] - Datavalue is----------Change
[INFO ][2016-02-05 19:11:27,203][com.java.SeleniumDriver] [  905] - DataField : XPH//div[@id="bsAlertsContent"]//div[@class="bd-alert ng-scope"][1]//span[@ class="ng-binding"]
[INFO ][2016-02-05 19:11:27,203][com.java.SeleniumDriver] [  907] - DataValue : Change
[INFO ][2016-02-05 19:11:27,203][com.java.SeleniumDriver] [  913] - <In Set values of the page>
[INFO ][2016-02-05 19:11:27,203][com.java.SeleniumDriver] [  916] - {Data Fields & Data Values Exist}
[INFO ][2016-02-05 19:11:27,203][com.java.SeleniumDriver] [  918] - --------------------------setting values-----------------------------
[INFO ][2016-02-05 19:11:27,203][com.java.SeleniumDriver] [  921] - Action Type : STOREVALUE
[INFO ][2016-02-05 19:11:27,203][com.java.TestType] [ 9854] - field= XPH//div[@id="bsAlertsContent"]//div[@class="bd-alert ng-scope"][1]//span[@ class="ng-binding"]
[DEBUG][2016-02-05 19:11:27,358][com.java.TestType] [ 9909] - Key:: Change   Value:: 
[INFO ][2016-02-05 19:11:27,358][com.java.SeleniumDriver] [  930] -  RESULT true
[INFO ][2016-02-05 19:11:27,358][com.java.SeleniumDriver] [ 1136] - ?   P A S S   ?
[INFO ][2016-02-05 19:11:27,358][com.java.SeleniumDriver] [  856] - ------------------------------------------
[INFO ][2016-02-05 19:11:27,358][com.java.SeleniumDriver] [  857] - Test case being Executed: 8
[INFO ][2016-02-05 19:11:27,358][com.java.SeleniumDriver] [  869] - Test step:27
[INFO ][2016-02-05 19:11:27,358][com.java.SeleniumDriver] [  881] - Datavalue is----------Percentage
[INFO ][2016-02-05 19:11:27,358][com.java.SeleniumDriver] [  905] - DataField : XPH//div[@id="bsAlertsContent"]//div[@class="bd-alert ng-scope"][1]//span[@class="pull-right ng-binding"]
[INFO ][2016-02-05 19:11:27,358][com.java.SeleniumDriver] [  907] - DataValue : Percentage
[INFO ][2016-02-05 19:11:27,358][com.java.SeleniumDriver] [  913] - <In Set values of the page>
[INFO ][2016-02-05 19:11:27,359][com.java.SeleniumDriver] [  916] - {Data Fields & Data Values Exist}
[INFO ][2016-02-05 19:11:27,359][com.java.SeleniumDriver] [  918] - --------------------------setting values-----------------------------
[INFO ][2016-02-05 19:11:27,359][com.java.SeleniumDriver] [  921] - Action Type : STOREVALUE
[INFO ][2016-02-05 19:11:27,359][com.java.TestType] [ 9854] - field= XPH//div[@id="bsAlertsContent"]//div[@class="bd-alert ng-scope"][1]//span[@class="pull-right ng-binding"]
[DEBUG][2016-02-05 19:11:27,464][com.java.TestType] [ 9909] - Key:: Percentage   Value:: 
[INFO ][2016-02-05 19:11:27,464][com.java.SeleniumDriver] [  930] -  RESULT true
[INFO ][2016-02-05 19:11:27,464][com.java.SeleniumDriver] [ 1136] - ?   P A S S   ?
[INFO ][2016-02-05 19:11:27,464][com.java.SeleniumDriver] [  856] - ------------------------------------------
[INFO ][2016-02-05 19:11:27,464][com.java.SeleniumDriver] [  857] - Test case being Executed: 8
[INFO ][2016-02-05 19:11:27,464][com.java.SeleniumDriver] [  869] - Test step:28
[INFO ][2016-02-05 19:11:27,464][com.java.SeleniumDriver] [  881] - Datavalue is----------null
[DEBUG][2016-02-05 19:11:27,464][com.java.SeleniumDriver] [  899] - Exception: null
[INFO ][2016-02-05 19:11:27,464][com.java.SeleniumDriver] [  905] - DataField : XPH//span[@class="glyphicon glyphicon-list-alt"]
[INFO ][2016-02-05 19:11:27,464][com.java.SeleniumDriver] [  907] - DataValue : 
[INFO ][2016-02-05 19:11:27,464][com.java.SeleniumDriver] [  913] - <In Set values of the page>
[INFO ][2016-02-05 19:11:27,464][com.java.SeleniumDriver] [  916] - {Data Fields & Data Values Exist}
[INFO ][2016-02-05 19:11:27,465][com.java.SeleniumDriver] [  918] - --------------------------setting values-----------------------------
[INFO ][2016-02-05 19:11:27,465][com.java.SeleniumDriver] [  921] - Action Type : CLICK
[INFO ][2016-02-05 19:11:27,465][com.java.TestType] [ 7122] - Field ::XPH//span[@class="glyphicon glyphicon-list-alt"]
[INFO ][2016-02-05 19:11:27,465][com.java.TestType] [ 6727] - value = 
[INFO ][2016-02-05 19:11:28,465][com.java.TestType] [ 7299] - BEFORE CLICK
[INFO ][2016-02-05 19:11:29,737][com.java.TestType] [ 7307] - Unable to click the object Click on the report button
[INFO ][2016-02-05 19:11:29,737][com.java.SeleniumDriver] [  930] -  RESULT true
[INFO ][2016-02-05 19:11:29,737][com.java.SeleniumDriver] [ 1136] - ?   P A S S   ?
[INFO ][2016-02-05 19:11:29,737][com.java.SeleniumDriver] [  856] - ------------------------------------------
[INFO ][2016-02-05 19:11:29,737][com.java.SeleniumDriver] [  857] - Test case being Executed: 8
[INFO ][2016-02-05 19:11:29,737][com.java.SeleniumDriver] [  869] - Test step:29
[INFO ][2016-02-05 19:11:29,737][com.java.SeleniumDriver] [  881] - Datavalue is----------3
[INFO ][2016-02-05 19:11:29,737][com.java.SeleniumDriver] [  905] - DataField : XPH//img[@id='loading']
[INFO ][2016-02-05 19:11:29,737][com.java.SeleniumDriver] [  907] - DataValue : 3
[INFO ][2016-02-05 19:11:29,737][com.java.SeleniumDriver] [  913] - <In Set values of the page>
[INFO ][2016-02-05 19:11:29,737][com.java.SeleniumDriver] [  916] - {Data Fields & Data Values Exist}
[INFO ][2016-02-05 19:11:29,737][com.java.SeleniumDriver] [  918] - --------------------------setting values-----------------------------
[INFO ][2016-02-05 19:11:29,737][com.java.SeleniumDriver] [  921] - Action Type : WaitForElement
[INFO ][2016-02-05 19:11:29,794][com.java.SeleniumDriver] [  930] -  RESULT true
[INFO ][2016-02-05 19:11:29,794][com.java.SeleniumDriver] [ 1136] - ?   P A S S   ?
[INFO ][2016-02-05 19:11:29,794][com.java.SeleniumDriver] [  856] - ------------------------------------------
[INFO ][2016-02-05 19:11:29,794][com.java.SeleniumDriver] [  857] - Test case being Executed: 8
[INFO ][2016-02-05 19:11:29,794][com.java.SeleniumDriver] [  869] - Test step:30
[INFO ][2016-02-05 19:11:29,794][com.java.SeleniumDriver] [  881] - Datavalue is----------90
[INFO ][2016-02-05 19:11:29,795][com.java.SeleniumDriver] [  905] - DataField : XPH//img[@id='loading']
[INFO ][2016-02-05 19:11:29,795][com.java.SeleniumDriver] [  907] - DataValue : 90
[INFO ][2016-02-05 19:11:29,795][com.java.SeleniumDriver] [  913] - <In Set values of the page>
[INFO ][2016-02-05 19:11:29,795][com.java.SeleniumDriver] [  916] - {Data Fields & Data Values Exist}
[INFO ][2016-02-05 19:11:29,795][com.java.SeleniumDriver] [  918] - --------------------------setting values-----------------------------
[INFO ][2016-02-05 19:11:29,795][com.java.SeleniumDriver] [  921] - Action Type : waitForElementNotPresent
[INFO ][2016-02-05 19:11:30,973][com.java.SeleniumDriver] [  930] -  RESULT true
[INFO ][2016-02-05 19:11:30,973][com.java.SeleniumDriver] [ 1136] - ?   P A S S   ?
[INFO ][2016-02-05 19:11:30,973][com.java.SeleniumDriver] [  856] - ------------------------------------------
[INFO ][2016-02-05 19:11:30,973][com.java.SeleniumDriver] [  857] - Test case being Executed: 8
[INFO ][2016-02-05 19:11:30,973][com.java.SeleniumDriver] [  869] - Test step:31
[INFO ][2016-02-05 19:11:30,973][com.java.SeleniumDriver] [  881] - Datavalue is----------BalanceSheet::Change
[INFO ][2016-02-05 19:11:30,973][com.java.SeleniumDriver] [  905] - DataField : PVP//div[contains(text(),'mytext')]/following::td[3]/div
[INFO ][2016-02-05 19:11:30,974][com.java.SeleniumDriver] [  907] - DataValue : BalanceSheet::Change
[INFO ][2016-02-05 19:11:30,974][com.java.SeleniumDriver] [  913] - <In Set values of the page>
[INFO ][2016-02-05 19:11:30,974][com.java.SeleniumDriver] [  916] - {Data Fields & Data Values Exist}
[INFO ][2016-02-05 19:11:30,974][com.java.SeleniumDriver] [  918] - --------------------------setting values-----------------------------
[INFO ][2016-02-05 19:11:30,974][com.java.SeleniumDriver] [  921] - Action Type : VERIFY
[INFO ][2016-02-05 19:11:30,974][com.java.TestType] [ 8355] - field= PVP//div[contains(text(),'mytext')]/following::td[3]/div value= BalanceSheet::Change
[INFO ][2016-02-05 19:11:30,974][com.java.TestType] [ 6727] - value = BalanceSheet::Change
[INFO ][2016-02-05 19:11:31,695][com.java.SeleniumDriver] [  930] -  RESULT true
[INFO ][2016-02-05 19:11:31,695][com.java.SeleniumDriver] [ 1136] - ?   P A S S   ?
[INFO ][2016-02-05 19:11:31,695][com.java.SeleniumDriver] [  856] - ------------------------------------------
[INFO ][2016-02-05 19:11:31,695][com.java.SeleniumDriver] [  857] - Test case being Executed: 8
[INFO ][2016-02-05 19:11:31,695][com.java.SeleniumDriver] [  869] - Test step:32
[INFO ][2016-02-05 19:11:31,695][com.java.SeleniumDriver] [  881] - Datavalue is----------BalanceSheet::Percentage
[INFO ][2016-02-05 19:11:31,695][com.java.SeleniumDriver] [  905] - DataField : PVP//div[contains(text(),'mytext')]/following::td[4]/div
[INFO ][2016-02-05 19:11:31,695][com.java.SeleniumDriver] [  907] - DataValue : BalanceSheet::Percentage
[INFO ][2016-02-05 19:11:31,696][com.java.SeleniumDriver] [  913] - <In Set values of the page>
[INFO ][2016-02-05 19:11:31,696][com.java.SeleniumDriver] [  916] - {Data Fields & Data Values Exist}
[INFO ][2016-02-05 19:11:31,696][com.java.SeleniumDriver] [  918] - --------------------------setting values-----------------------------
[INFO ][2016-02-05 19:11:31,696][com.java.SeleniumDriver] [  921] - Action Type : VERIFY
[INFO ][2016-02-05 19:11:31,696][com.java.TestType] [ 8355] - field= PVP//div[contains(text(),'mytext')]/following::td[4]/div value= BalanceSheet::Percentage
[INFO ][2016-02-05 19:11:31,696][com.java.TestType] [ 6727] - value = BalanceSheet::Percentage
[INFO ][2016-02-05 19:11:32,359][com.java.SeleniumDriver] [  930] -  RESULT true
[INFO ][2016-02-05 19:11:32,359][com.java.SeleniumDriver] [ 1136] - ?   P A S S   ?
[INFO ][2016-02-05 19:11:32,359][com.java.SeleniumDriver] [  856] - ------------------------------------------
[INFO ][2016-02-05 19:11:32,359][com.java.SeleniumDriver] [  857] - Test case being Executed: 8
[INFO ][2016-02-05 19:11:32,359][com.java.SeleniumDriver] [  869] - Test step:33
[INFO ][2016-02-05 19:11:32,359][com.java.SeleniumDriver] [  881] - Datavalue is----------null
[DEBUG][2016-02-05 19:11:32,359][com.java.SeleniumDriver] [  899] - Exception: null
[INFO ][2016-02-05 19:11:32,359][com.java.SeleniumDriver] [  905] - DataField : BTNparent
[INFO ][2016-02-05 19:11:32,360][com.java.SeleniumDriver] [  907] - DataValue : 
[INFO ][2016-02-05 19:11:32,360][com.java.SeleniumDriver] [  913] - <In Set values of the page>
[INFO ][2016-02-05 19:11:32,360][com.java.SeleniumDriver] [  916] - {Data Fields & Data Values Exist}
[INFO ][2016-02-05 19:11:32,360][com.java.SeleniumDriver] [  918] - --------------------------setting values-----------------------------
[INFO ][2016-02-05 19:11:32,360][com.java.SeleniumDriver] [  921] - Action Type : selectframe
[INFO ][2016-02-05 19:11:32,375][com.java.SeleniumDriver] [  930] -  RESULT true
[INFO ][2016-02-05 19:11:32,375][com.java.SeleniumDriver] [ 1136] - ?   P A S S   ?
[INFO ][2016-02-05 19:11:32,375][com.java.SeleniumDriver] [  856] - ------------------------------------------
[INFO ][2016-02-05 19:11:32,375][com.java.SeleniumDriver] [  857] - Test case being Executed: 8
[INFO ][2016-02-05 19:11:32,375][com.java.SeleniumDriver] [  869] - Test step:34
[INFO ][2016-02-05 19:11:32,375][com.java.SeleniumDriver] [  881] - Datavalue is----------null
[DEBUG][2016-02-05 19:11:32,375][com.java.SeleniumDriver] [  899] - Exception: null
[INFO ][2016-02-05 19:11:32,375][com.java.SeleniumDriver] [  905] - DataField : BTNcloseAllTabs
[INFO ][2016-02-05 19:11:32,376][com.java.SeleniumDriver] [  907] - DataValue : 
[INFO ][2016-02-05 19:11:32,376][com.java.SeleniumDriver] [  913] - <In Set values of the page>
[INFO ][2016-02-05 19:11:32,376][com.java.SeleniumDriver] [  916] - {Data Fields & Data Values Exist}
[INFO ][2016-02-05 19:11:32,376][com.java.SeleniumDriver] [  918] - --------------------------setting values-----------------------------
[INFO ][2016-02-05 19:11:32,376][com.java.SeleniumDriver] [  921] - Action Type : CLICK
[INFO ][2016-02-05 19:11:32,376][com.java.TestType] [ 7122] - Field ::BTNcloseAllTabs
[INFO ][2016-02-05 19:11:32,376][com.java.TestType] [ 6727] - value = 
[INFO ][2016-02-05 19:11:33,376][com.java.TestType] [ 7278] - BEFORE CLICK
[INFO ][2016-02-05 19:11:35,014][com.java.TestType] [ 7285] - Unable to click the object Close all tabs button
[INFO ][2016-02-05 19:11:35,014][com.java.SeleniumDriver] [  930] -  RESULT true
[INFO ][2016-02-05 19:11:35,014][com.java.SeleniumDriver] [ 1136] - ?   P A S S   ?
[INFO ][2016-02-05 19:11:35,014][com.java.SeleniumDriver] [  856] - ------------------------------------------
[INFO ][2016-02-05 19:11:35,014][com.java.SeleniumDriver] [  857] - Test case being Executed: 8
[INFO ][2016-02-05 19:11:35,014][com.java.SeleniumDriver] [  869] - Test step:35
[INFO ][2016-02-05 19:11:35,014][com.java.SeleniumDriver] [  881] - Datavalue is----------3
[INFO ][2016-02-05 19:11:35,014][com.java.SeleniumDriver] [  905] - DataField : XPH//div[contains(text(), 'My Dashboard')]
[INFO ][2016-02-05 19:11:35,014][com.java.SeleniumDriver] [  907] - DataValue : 3
[INFO ][2016-02-05 19:11:35,014][com.java.SeleniumDriver] [  913] - <In Set values of the page>
[INFO ][2016-02-05 19:11:35,015][com.java.SeleniumDriver] [  916] - {Data Fields & Data Values Exist}
[INFO ][2016-02-05 19:11:35,015][com.java.SeleniumDriver] [  918] - --------------------------setting values-----------------------------
[INFO ][2016-02-05 19:11:35,015][com.java.SeleniumDriver] [  921] - Action Type : WAITFORELEMENT
[INFO ][2016-02-05 19:11:35,131][com.java.SeleniumDriver] [  930] -  RESULT true
[INFO ][2016-02-05 19:11:35,131][com.java.SeleniumDriver] [ 1136] - ?   P A S S   ?
[INFO ][2016-02-05 19:11:35,132][com.java.SeleniumDriver] [  856] - ------------------------------------------
[INFO ][2016-02-05 19:11:35,132][com.java.SeleniumDriver] [  857] - Test case being Executed: 8
[INFO ][2016-02-05 19:11:35,132][com.java.SeleniumDriver] [  869] - Test step:36
[INFO ][2016-02-05 19:11:35,132][com.java.SeleniumDriver] [  881] - Datavalue is----------//div[contains(text(), 'My Dashboard')]
[INFO ][2016-02-05 19:11:35,132][com.java.SeleniumDriver] [  905] - DataField : BTN
[INFO ][2016-02-05 19:11:35,132][com.java.SeleniumDriver] [  907] - DataValue : //div[contains(text(), 'My Dashboard')]
[INFO ][2016-02-05 19:11:35,132][com.java.SeleniumDriver] [  913] - <In Set values of the page>
[INFO ][2016-02-05 19:11:35,132][com.java.SeleniumDriver] [  916] - {Data Fields & Data Values Exist}
[INFO ][2016-02-05 19:11:35,132][com.java.SeleniumDriver] [  918] - --------------------------setting values-----------------------------
[INFO ][2016-02-05 19:11:35,132][com.java.SeleniumDriver] [  921] - Action Type : VERIFY
[INFO ][2016-02-05 19:11:35,132][com.java.TestType] [ 8355] - field= BTN value= //div[contains(text(), 'My Dashboard')]
[INFO ][2016-02-05 19:11:35,132][com.java.TestType] [ 6727] - value = //div[contains(text(), 'My Dashboard')]
[INFO ][2016-02-05 19:11:35,354][com.java.SeleniumDriver] [  930] -  RESULT true
[INFO ][2016-02-05 19:11:35,354][com.java.SeleniumDriver] [ 1136] - ?   P A S S   ?
[DEBUG][2016-02-05 19:11:35,354][com.java.SeleniumDriver] [ 1248] - Case found
[DEBUG][2016-02-05 19:11:35,354][com.java.SeleniumDriver] [ 1253] - Incrementing ReportCounters[0]:3
[INFO ][2016-02-05 19:11:35,354][com.java.SeleniumDriver] [ 1272] - The results are-------------------[8, 1, Right Hand Menu: BS Alerts-BS Alerts data correctness, Pass, , Fri Feb 05 19:10:06 IST 2016, 8, 3, Right Hand Menu: BS Alerts-BS Alerts data correctness, Pass, , Fri Feb 05 19:10:12 IST 2016, 8, 4, Right Hand Menu: BS Alerts-BS Alerts data correctness, Pass, , Fri Feb 05 19:10:57 IST 2016, 8, 5, Right Hand Menu: BS Alerts-BS Alerts data correctness, Pass, , Fri Feb 05 19:10:57 IST 2016, 8, 6, Right Hand Menu: BS Alerts-BS Alerts data correctness, Pass, , Fri Feb 05 19:10:58 IST 2016, 8, 7, Right Hand Menu: BS Alerts-BS Alerts data correctness, Pass, , Fri Feb 05 19:11:00 IST 2016, 8, 8, Right Hand Menu: BS Alerts-BS Alerts data correctness, Pass, , Fri Feb 05 19:11:05 IST 2016, 8, 9, Right Hand Menu: BS Alerts-BS Alerts data correctness, Pass, , Fri Feb 05 19:11:05 IST 2016, 8, 10, Right Hand Menu: BS Alerts-BS Alerts data correctness, Pass, , Fri Feb 05 19:11:05 IST 2016, 8, 11, Right Hand Menu: BS Alerts-BS Alerts data correctness, Pass, , Fri Feb 05 19:11:07 IST 2016, 8, 12, Right Hand Menu: BS Alerts-BS Alerts data correctness, Pass, , Fri Feb 05 19:11:09 IST 2016, 8, 13, Right Hand Menu: BS Alerts-BS Alerts data correctness, Pass, , Fri Feb 05 19:11:11 IST 2016, 8, 14, Right Hand Menu: BS Alerts-BS Alerts data correctness, Pass, , Fri Feb 05 19:11:11 IST 2016, 8, 15, Right Hand Menu: BS Alerts-BS Alerts data correctness, Pass, , Fri Feb 05 19:11:11 IST 2016, 8, 16, Right Hand Menu: BS Alerts-BS Alerts data correctness, Pass, , Fri Feb 05 19:11:13 IST 2016, 8, 17, Right Hand Menu: BS Alerts-BS Alerts data correctness, Pass, , Fri Feb 05 19:11:18 IST 2016, 8, 18, Right Hand Menu: BS Alerts-BS Alerts data correctness, Pass, , Fri Feb 05 19:11:18 IST 2016, 8, 19, Right Hand Menu: BS Alerts-BS Alerts data correctness, Pass, , Fri Feb 05 19:11:20 IST 2016, 8, 20, Right Hand Menu: BS Alerts-BS Alerts data correctness, Pass, , Fri Feb 05 19:11:20 IST 2016, 8, 21, Right Hand Menu: BS Alerts-BS Alerts data correctness, Pass, , Fri Feb 05 19:11:20 IST 2016, 8, 22, Right Hand Menu: BS Alerts-BS Alerts data correctness, Pass, , Fri Feb 05 19:11:21 IST 2016, 8, 23, Right Hand Menu: BS Alerts-BS Alerts data correctness, Pass, , Fri Feb 05 19:11:26 IST 2016, 8, 24, Right Hand Menu: BS Alerts-BS Alerts data correctness, Pass, , Fri Feb 05 19:11:27 IST 2016, 8, 25, Right Hand Menu: BS Alerts-BS Alerts data correctness, Pass, , Fri Feb 05 19:11:27 IST 2016, 8, 26, Right Hand Menu: BS Alerts-BS Alerts data correctness, Pass, , Fri Feb 05 19:11:27 IST 2016, 8, 27, Right Hand Menu: BS Alerts-BS Alerts data correctness, Pass, , Fri Feb 05 19:11:27 IST 2016, 8, 28, Right Hand Menu: BS Alerts-BS Alerts data correctness, Pass, , Fri Feb 05 19:11:29 IST 2016, 8, 29, Right Hand Menu: BS Alerts-BS Alerts data correctness, Pass, , Fri Feb 05 19:11:29 IST 2016, 8, 30, Right Hand Menu: BS Alerts-BS Alerts data correctness, Pass, , Fri Feb 05 19:11:30 IST 2016, 8, 31, Right Hand Menu: BS Alerts-BS Alerts data correctness, Pass, , Fri Feb 05 19:11:31 IST 2016, 8, 32, Right Hand Menu: BS Alerts-BS Alerts data correctness, Pass, , Fri Feb 05 19:11:32 IST 2016, 8, 33, Right Hand Menu: BS Alerts-BS Alerts data correctness, Pass, , Fri Feb 05 19:11:32 IST 2016, 8, 34, Right Hand Menu: BS Alerts-BS Alerts data correctness, Pass, , Fri Feb 05 19:11:35 IST 2016, 8, 35, Right Hand Menu: BS Alerts-BS Alerts data correctness, Pass, , Fri Feb 05 19:11:35 IST 2016, 8, 36, Right Hand Menu: BS Alerts-BS Alerts data correctness, Pass, , Fri Feb 05 19:11:35 IST 2016]
[INFO ][2016-02-05 19:11:35,354][com.java.SeleniumDriver] [ 1276] - End time is-------4 min 15 sec
[INFO ][2016-02-05 19:11:35,354][com.java.SeleniumDriver] [ 1277] - The results are-------------------[8, 1, Right Hand Menu: BS Alerts-BS Alerts data correctness, Pass, , Fri Feb 05 19:10:06 IST 2016, 8, 3, Right Hand Menu: BS Alerts-BS Alerts data correctness, Pass, , Fri Feb 05 19:10:12 IST 2016, 8, 4, Right Hand Menu: BS Alerts-BS Alerts data correctness, Pass, , Fri Feb 05 19:10:57 IST 2016, 8, 5, Right Hand Menu: BS Alerts-BS Alerts data correctness, Pass, , Fri Feb 05 19:10:57 IST 2016, 8, 6, Right Hand Menu: BS Alerts-BS Alerts data correctness, Pass, , Fri Feb 05 19:10:58 IST 2016, 8, 7, Right Hand Menu: BS Alerts-BS Alerts data correctness, Pass, , Fri Feb 05 19:11:00 IST 2016, 8, 8, Right Hand Menu: BS Alerts-BS Alerts data correctness, Pass, , Fri Feb 05 19:11:05 IST 2016, 8, 9, Right Hand Menu: BS Alerts-BS Alerts data correctness, Pass, , Fri Feb 05 19:11:05 IST 2016, 8, 10, Right Hand Menu: BS Alerts-BS Alerts data correctness, Pass, , Fri Feb 05 19:11:05 IST 2016, 8, 11, Right Hand Menu: BS Alerts-BS Alerts data correctness, Pass, , Fri Feb 05 19:11:07 IST 2016, 8, 12, Right Hand Menu: BS Alerts-BS Alerts data correctness, Pass, , Fri Feb 05 19:11:09 IST 2016, 8, 13, Right Hand Menu: BS Alerts-BS Alerts data correctness, Pass, , Fri Feb 05 19:11:11 IST 2016, 8, 14, Right Hand Menu: BS Alerts-BS Alerts data correctness, Pass, , Fri Feb 05 19:11:11 IST 2016, 8, 15, Right Hand Menu: BS Alerts-BS Alerts data correctness, Pass, , Fri Feb 05 19:11:11 IST 2016, 8, 16, Right Hand Menu: BS Alerts-BS Alerts data correctness, Pass, , Fri Feb 05 19:11:13 IST 2016, 8, 17, Right Hand Menu: BS Alerts-BS Alerts data correctness, Pass, , Fri Feb 05 19:11:18 IST 2016, 8, 18, Right Hand Menu: BS Alerts-BS Alerts data correctness, Pass, , Fri Feb 05 19:11:18 IST 2016, 8, 19, Right Hand Menu: BS Alerts-BS Alerts data correctness, Pass, , Fri Feb 05 19:11:20 IST 2016, 8, 20, Right Hand Menu: BS Alerts-BS Alerts data correctness, Pass, , Fri Feb 05 19:11:20 IST 2016, 8, 21, Right Hand Menu: BS Alerts-BS Alerts data correctness, Pass, , Fri Feb 05 19:11:20 IST 2016, 8, 22, Right Hand Menu: BS Alerts-BS Alerts data correctness, Pass, , Fri Feb 05 19:11:21 IST 2016, 8, 23, Right Hand Menu: BS Alerts-BS Alerts data correctness, Pass, , Fri Feb 05 19:11:26 IST 2016, 8, 24, Right Hand Menu: BS Alerts-BS Alerts data correctness, Pass, , Fri Feb 05 19:11:27 IST 2016, 8, 25, Right Hand Menu: BS Alerts-BS Alerts data correctness, Pass, , Fri Feb 05 19:11:27 IST 2016, 8, 26, Right Hand Menu: BS Alerts-BS Alerts data correctness, Pass, , Fri Feb 05 19:11:27 IST 2016, 8, 27, Right Hand Menu: BS Alerts-BS Alerts data correctness, Pass, , Fri Feb 05 19:11:27 IST 2016, 8, 28, Right Hand Menu: BS Alerts-BS Alerts data correctness, Pass, , Fri Feb 05 19:11:29 IST 2016, 8, 29, Right Hand Menu: BS Alerts-BS Alerts data correctness, Pass, , Fri Feb 05 19:11:29 IST 2016, 8, 30, Right Hand Menu: BS Alerts-BS Alerts data correctness, Pass, , Fri Feb 05 19:11:30 IST 2016, 8, 31, Right Hand Menu: BS Alerts-BS Alerts data correctness, Pass, , Fri Feb 05 19:11:31 IST 2016, 8, 32, Right Hand Menu: BS Alerts-BS Alerts data correctness, Pass, , Fri Feb 05 19:11:32 IST 2016, 8, 33, Right Hand Menu: BS Alerts-BS Alerts data correctness, Pass, , Fri Feb 05 19:11:32 IST 2016, 8, 34, Right Hand Menu: BS Alerts-BS Alerts data correctness, Pass, , Fri Feb 05 19:11:35 IST 2016, 8, 35, Right Hand Menu: BS Alerts-BS Alerts data correctness, Pass, , Fri Feb 05 19:11:35 IST 2016, 8, 36, Right Hand Menu: BS Alerts-BS Alerts data correctness, Pass, , Fri Feb 05 19:11:35 IST 2016]
[DEBUG][2016-02-05 19:11:35,354][com.java.ImportnExport.ExportTestResultsExcel] [  222] - testResultPath = D:\BankersDashboard/TestReports/Test Results_BankersDashBoard_020516_190722_IE10_Any Bank USA.xls
[DEBUG][2016-02-05 19:11:35,355][com.java.ImportnExport.ExportTestResultsExcel] [  223] - browser is------------IE10
[DEBUG][2016-02-05 19:11:35,359][com.java.ImportnExport.ExportTestResultsExcel] [  270] - result.size() = 210
[DEBUG][2016-02-05 19:11:35,359][com.java.ImportnExport.ExportTestResultsExcel] [  274] - No of rows in sheet=3
[DEBUG][2016-02-05 19:11:35,359][com.java.ImportnExport.ExportTestResultsExcel] [  301] - ..in export..8
[DEBUG][2016-02-05 19:11:35,359][com.java.ImportnExport.ExportTestResultsExcel] [  301] - ..in export..Right Hand Menu: BS Alerts-BS Alerts data correctness
[DEBUG][2016-02-05 19:11:35,359][com.java.ImportnExport.ExportTestResultsExcel] [  301] - ..in export..Pass
[DEBUG][2016-02-05 19:11:35,359][com.java.ImportnExport.ExportTestResultsExcel] [  301] - ..in export..
[DEBUG][2016-02-05 19:11:35,359][com.java.ImportnExport.ExportTestResultsExcel] [  301] - ..in export..Fri Feb 05 19:10:06 IST 2016
[INFO ][2016-02-05 19:11:35,361][com.java.SeleniumDriver] [ 1337] - out loop:2 size:3 TestCases:[1, 4, 8] testcases:[1, 4, 8]
[INFO ][2016-02-05 19:11:37,362][com.java.SeleniumDriver] [ 1380] - Total Number of Cases:3
[INFO ][2016-02-05 19:11:37,362][com.java.TemplateGenerator] [  302] - Executed:3
[INFO ][2016-02-05 19:11:37,362][com.java.TemplateGenerator] [  303] - Passed:2
[INFO ][2016-02-05 19:11:37,362][com.java.TemplateGenerator] [  304] - Failed:1
[INFO ][2016-02-05 19:11:37,362][com.java.TemplateGenerator] [  305] - Skipeed:0
[INFO ][2016-02-05 19:11:37,362][com.java.TemplateGenerator] [  306] - Application URL:https://clients-xuat.bankersdashboard.com
[INFO ][2016-02-05 19:11:37,362][com.java.TemplateGenerator] [  307] - Start Time:020516_190722
[INFO ][2016-02-05 19:11:37,362][com.java.TemplateGenerator] [  308] -  Creating HTML Report 
[ERROR][2016-02-05 19:11:37,363][com.java.TemplateGenerator] [  409] - Unparseable date: "Fri Feb 05 07:07:22 IST 2016"
[INFO ][2016-02-05 19:11:37,363][com.java.TemplateGenerator] [  654] -  Exporting case :: 1
[INFO ][2016-02-05 19:11:37,363][com.java.TemplateGenerator] [  654] -  Exporting case :: 4
[INFO ][2016-02-05 19:11:37,363][com.java.TemplateGenerator] [  654] -  Exporting case :: 8
[INFO ][2016-02-05 19:11:37,370][com.java.SeleniumDriver] [ 1429] - End Time:020516_191137
[INFO ][2016-02-05 19:11:37,370][com.java.SeleniumDriver] [ 1432] - Data in Test Execution Details:{1=PASS, 4=FAILTest case failed at Step No. :: 38, 8=PASS}
[INFO ][2016-02-05 19:11:37,370][com.java.SeleniumDriver] [ 1433] - Data in Failed Execution Deatils:{}
[INFO ][2016-02-05 19:11:37,370][com.java.SeleniumDriver] [ 1435] - ReportCounter:Total:3 :: PASS: 2 ::FAIL: 1
[INFO ][2016-02-05 19:11:37,370][com.java.SeleniumDriver] [ 1436] - FailedReportCounter:Total:0 :: PASS: 0 ::FAIL: 0
[INFO ][2016-02-05 19:11:37,377][com.java.EmailTestReport] [   63] - Sending report mail details:
[INFO ][2016-02-05 19:11:37,377][com.java.EmailTestReport] [   80] - Excel Report Path:D:\BankersDashboard/TestReports/Test Results_BankersDashBoard_020516_190722_IE10_Any Bank USA.xls
[INFO ][2016-02-05 19:11:37,377][com.java.EmailTestReport] [   81] - HTML Report Path:D:\BankersDashboard//TestReports//Test Results_BankersDashBoard_020516_190722_IE10_Any Bank USA.html
[INFO ][2016-02-05 19:11:37,377][com.java.EmailTestReport] [   82] - smtpHostName:mail01.valuelabs.com
[INFO ][2016-02-05 19:11:37,379][com.java.EmailTestReport] [   83] - Recipient:venkateswararao.gubbala@valuelabs.com;
[INFO ][2016-02-05 19:11:37,379][com.java.EmailTestReport] [   84] - From:venkateswararao.gubbala@valuelabs.com;
[INFO ][2016-02-05 19:11:37,379][com.java.EmailTestReport] [   85] - Subject:Deluxe Corp Bankers Dashboard Automation Test Report - Any Bank USA - IE10
[INFO ][2016-02-05 19:11:37,395][com.java.EmailTestReport] [  143] -  Added venkateswararao.gubbala@valuelabs.com
[INFO ][2016-02-05 19:11:40,519][com.java.SeleniumDriver] [  722] - quitting the browser 
[INFO ][2016-02-05 19:11:41,781][com.java.SeleniumDriver] [  264] - Execution Completed Stopping the thread
