[INFO ][2015-12-09 12:19:50,994][com.java.SeleniumDriver] [  213] - Execute Failed Casesfalse
[INFO ][2015-12-09 12:19:50,994][com.java.SeleniumDriver] [  214] - Browser: IE10
[INFO ][2015-12-09 12:19:50,994][com.java.SeleniumDriver] [  215] - [1, 8]
[INFO ][2015-12-09 12:19:50,994][com.java.SeleniumDriver] [  216] - Total TestCases:2
[INFO ][2015-12-09 12:19:50,994][com.java.SeleniumDriver] [  217] -  Reading Properties from Property File 
[DEBUG][2015-12-09 12:19:50,994][com.java.SeleniumDriver] [  238] - url : https://clients-xuat.bankersdashboard.com
[INFO ][2015-12-09 12:19:51,004][com.java.ImportnExport.ExportTestResultsExcel] [  116] - Time Stamp Wed Dec 09 12:19:50 IST 2015
[INFO ][2015-12-09 12:19:51,004][com.java.ImportnExport.ExportTestResultsExcel] [  175] - OUT FILE : D:\BankersDashboard/TestReports/Test Results_BankersDashBoard_120915_121950_IE10_CB&S Bank.xls
[INFO ][2015-12-09 12:19:51,035][com.java.ImportnExport.ExportTestResultsExcel] [  180] - Test Result file is created
[DEBUG][2015-12-09 12:19:51,145][com.java.SeleniumDriver] [  426] - Hub ip address is-------172.17.68.34
[INFO ][2015-12-09 12:19:51,145][com.java.SeleniumDriver] [  452] - Grid URL:http://172.17.68.34:4444/wd/hub
[INFO ][2015-12-09 12:19:51,145][com.java.SeleniumDriver] [  453] - Capability:Capabilities [{platform=ANY, ensureCleanSession=true, ignoreProtectedModeSettings=true, acceptSslCerts=true, ignoreZoomSetting=true, browserName=internet explorer, browserstack.ie.noFlash=true, version=null}]
[ERROR][2015-12-09 12:19:52,430][com.java.SeleniumDriver] [  497] - Unable invoke browser in grid:Could not start a new session. Possible causes are invalid address of the remote server or browser start-up failure.
Build info: version: '2.48.2', revision: '41bccdd', time: '2015-10-09 19:59:12'
System info: host: 'FVTIII438F1D', ip: '172.17.68.34', os.name: 'Windows 7', os.arch: 'x86', os.version: '6.1', java.version: '1.7.0_55'
Driver info: driver.version: SeleniumDriver
[INFO ][2015-12-09 12:19:52,430][com.java.SeleniumDriver] [  499] - Executing on local machine
[INFO ][2015-12-09 12:20:02,052][com.java.SeleniumDriver] [  248] - IE10is opened
[INFO ][2015-12-09 12:20:03,359][com.java.SeleniumDriver] [  754] - Test cases to be executed are: [1, 8]
[INFO ][2015-12-09 12:20:03,379][com.java.ImportnExport.ImportTestDataDetailsExcel] [   49] - test data details path===== D:\BankersDashboard\TestInputs\TestData.xls
[INFO ][2015-12-09 12:20:03,462][com.java.SeleniumDriver] [  821] - ------------------------------------------
[INFO ][2015-12-09 12:20:03,462][com.java.SeleniumDriver] [  822] - Test case being Executed: 1
[INFO ][2015-12-09 12:20:03,462][com.java.SeleniumDriver] [  833] - Test step:1
[INFO ][2015-12-09 12:20:03,462][com.java.SeleniumDriver] [  845] - Datavalue is----------Concept#1:1-16
[INFO ][2015-12-09 12:20:03,463][com.java.SeleniumDriver] [  869] - DataField : test
[INFO ][2015-12-09 12:20:03,463][com.java.SeleniumDriver] [  871] - DataValue : Concept#1:1-16
[INFO ][2015-12-09 12:20:03,463][com.java.SeleniumDriver] [  877] - <In Set values of the page>
[INFO ][2015-12-09 12:20:03,463][com.java.SeleniumDriver] [  880] - {Data Fields & Data Values Exist}
[INFO ][2015-12-09 12:20:03,463][com.java.SeleniumDriver] [  882] - --------------------------setting values-----------------------------
[INFO ][2015-12-09 12:20:03,463][com.java.SeleniumDriver] [  885] - Action Type : ExecuteTestCase
[INFO ][2015-12-09 12:20:03,480][com.java.TestType] [  436] - The Concept sheet name is ---------- Concept
[INFO ][2015-12-09 12:20:03,480][com.java.TestType] [  439] - The Concept ID  is ---------- 1
[DEBUG][2015-12-09 12:20:03,480][com.java.TestType] [  443] - Steps being executted in the Concept are: 1:16
[INFO ][2015-12-09 12:20:03,481][com.java.TestType] [  450] - Test data details path ---------- D:\BankersDashboard\TestInputs\TestData.xls
[INFO ][2015-12-09 12:20:03,518][com.java.TestType] [  481] -  str(1) = 1
[INFO ][2015-12-09 12:20:03,518][com.java.TestType] [  484] - Test case Id is---1
[INFO ][2015-12-09 12:20:03,518][com.java.TestType] [  486] - 1
[INFO ][2015-12-09 12:20:03,518][com.java.TestType] [  481] -  str(2) = 1
[INFO ][2015-12-09 12:20:03,521][com.java.TestType] [  533] - row values are--------{1=com.java.Objects.TestDataDetails@f97aff}
[INFO ][2015-12-09 12:20:03,521][com.java.TestType] [  481] -  str(1) = 1
[INFO ][2015-12-09 12:20:03,521][com.java.TestType] [  484] - Test case Id is---1
[INFO ][2015-12-09 12:20:03,521][com.java.TestType] [  486] - 1
[INFO ][2015-12-09 12:20:03,521][com.java.TestType] [  481] -  str(2) = 2
[INFO ][2015-12-09 12:20:03,522][com.java.TestType] [  533] - row values are--------{1=com.java.Objects.TestDataDetails@f97aff, 2=com.java.Objects.TestDataDetails@586f87}
[INFO ][2015-12-09 12:20:03,522][com.java.TestType] [  481] -  str(1) = 1
[INFO ][2015-12-09 12:20:03,522][com.java.TestType] [  484] - Test case Id is---1
[INFO ][2015-12-09 12:20:03,523][com.java.TestType] [  486] - 1
[INFO ][2015-12-09 12:20:03,523][com.java.TestType] [  481] -  str(2) = 3
[INFO ][2015-12-09 12:20:03,524][com.java.TestType] [  533] - row values are--------{1=com.java.Objects.TestDataDetails@f97aff, 2=com.java.Objects.TestDataDetails@586f87, 3=com.java.Objects.TestDataDetails@9dc6db}
[INFO ][2015-12-09 12:20:03,524][com.java.TestType] [  481] -  str(1) = 1
[INFO ][2015-12-09 12:20:03,524][com.java.TestType] [  484] - Test case Id is---1
[INFO ][2015-12-09 12:20:03,524][com.java.TestType] [  486] - 1
[INFO ][2015-12-09 12:20:03,524][com.java.TestType] [  481] -  str(2) = 4
[INFO ][2015-12-09 12:20:03,526][com.java.TestType] [  533] - row values are--------{1=com.java.Objects.TestDataDetails@f97aff, 2=com.java.Objects.TestDataDetails@586f87, 3=com.java.Objects.TestDataDetails@9dc6db, 4=com.java.Objects.TestDataDetails@306dfe}
[INFO ][2015-12-09 12:20:03,526][com.java.TestType] [  481] -  str(1) = 1
[INFO ][2015-12-09 12:20:03,526][com.java.TestType] [  484] - Test case Id is---1
[INFO ][2015-12-09 12:20:03,526][com.java.TestType] [  486] - 1
[INFO ][2015-12-09 12:20:03,526][com.java.TestType] [  481] -  str(2) = 5
[INFO ][2015-12-09 12:20:03,529][com.java.TestType] [  533] - row values are--------{1=com.java.Objects.TestDataDetails@f97aff, 2=com.java.Objects.TestDataDetails@586f87, 3=com.java.Objects.TestDataDetails@9dc6db, 4=com.java.Objects.TestDataDetails@306dfe, 5=com.java.Objects.TestDataDetails@20ac02}
[INFO ][2015-12-09 12:20:03,529][com.java.TestType] [  481] -  str(1) = 1
[INFO ][2015-12-09 12:20:03,529][com.java.TestType] [  484] - Test case Id is---1
[INFO ][2015-12-09 12:20:03,529][com.java.TestType] [  486] - 1
[INFO ][2015-12-09 12:20:03,529][com.java.TestType] [  481] -  str(2) = 6
[INFO ][2015-12-09 12:20:03,530][com.java.TestType] [  533] - row values are--------{1=com.java.Objects.TestDataDetails@f97aff, 2=com.java.Objects.TestDataDetails@586f87, 3=com.java.Objects.TestDataDetails@9dc6db, 4=com.java.Objects.TestDataDetails@306dfe, 5=com.java.Objects.TestDataDetails@20ac02, 6=com.java.Objects.TestDataDetails@1887c71}
[INFO ][2015-12-09 12:20:03,530][com.java.TestType] [  481] -  str(1) = 1
[INFO ][2015-12-09 12:20:03,530][com.java.TestType] [  484] - Test case Id is---1
[INFO ][2015-12-09 12:20:03,530][com.java.TestType] [  486] - 1
[INFO ][2015-12-09 12:20:03,530][com.java.TestType] [  481] -  str(2) = 7
[INFO ][2015-12-09 12:20:03,531][com.java.TestType] [  533] - row values are--------{1=com.java.Objects.TestDataDetails@f97aff, 2=com.java.Objects.TestDataDetails@586f87, 3=com.java.Objects.TestDataDetails@9dc6db, 4=com.java.Objects.TestDataDetails@306dfe, 5=com.java.Objects.TestDataDetails@20ac02, 6=com.java.Objects.TestDataDetails@1887c71, 7=com.java.Objects.TestDataDetails@119ab42}
[INFO ][2015-12-09 12:20:03,531][com.java.TestType] [  481] -  str(1) = 1
[INFO ][2015-12-09 12:20:03,531][com.java.TestType] [  484] - Test case Id is---1
[INFO ][2015-12-09 12:20:03,532][com.java.TestType] [  486] - 1
[INFO ][2015-12-09 12:20:03,532][com.java.TestType] [  481] -  str(2) = 8
[INFO ][2015-12-09 12:20:03,532][com.java.TestType] [  533] - row values are--------{1=com.java.Objects.TestDataDetails@f97aff, 2=com.java.Objects.TestDataDetails@586f87, 3=com.java.Objects.TestDataDetails@9dc6db, 4=com.java.Objects.TestDataDetails@306dfe, 5=com.java.Objects.TestDataDetails@20ac02, 6=com.java.Objects.TestDataDetails@1887c71, 7=com.java.Objects.TestDataDetails@119ab42, 8=com.java.Objects.TestDataDetails@915056}
[INFO ][2015-12-09 12:20:03,533][com.java.TestType] [  481] -  str(1) = 1
[INFO ][2015-12-09 12:20:03,533][com.java.TestType] [  484] - Test case Id is---1
[INFO ][2015-12-09 12:20:03,533][com.java.TestType] [  486] - 1
[INFO ][2015-12-09 12:20:03,533][com.java.TestType] [  481] -  str(2) = 9
[INFO ][2015-12-09 12:20:03,534][com.java.TestType] [  533] - row values are--------{1=com.java.Objects.TestDataDetails@f97aff, 2=com.java.Objects.TestDataDetails@586f87, 3=com.java.Objects.TestDataDetails@9dc6db, 4=com.java.Objects.TestDataDetails@306dfe, 5=com.java.Objects.TestDataDetails@20ac02, 6=com.java.Objects.TestDataDetails@1887c71, 7=com.java.Objects.TestDataDetails@119ab42, 8=com.java.Objects.TestDataDetails@915056, 9=com.java.Objects.TestDataDetails@185a2a8}
[INFO ][2015-12-09 12:20:03,534][com.java.TestType] [  481] -  str(1) = 1
[INFO ][2015-12-09 12:20:03,534][com.java.TestType] [  484] - Test case Id is---1
[INFO ][2015-12-09 12:20:03,534][com.java.TestType] [  486] - 1
[INFO ][2015-12-09 12:20:03,534][com.java.TestType] [  481] -  str(2) = 10
[INFO ][2015-12-09 12:20:03,535][com.java.TestType] [  533] - row values are--------{1=com.java.Objects.TestDataDetails@f97aff, 2=com.java.Objects.TestDataDetails@586f87, 3=com.java.Objects.TestDataDetails@9dc6db, 4=com.java.Objects.TestDataDetails@306dfe, 5=com.java.Objects.TestDataDetails@20ac02, 6=com.java.Objects.TestDataDetails@1887c71, 7=com.java.Objects.TestDataDetails@119ab42, 8=com.java.Objects.TestDataDetails@915056, 9=com.java.Objects.TestDataDetails@185a2a8, 10=com.java.Objects.TestDataDetails@b04f0b}
[INFO ][2015-12-09 12:20:03,535][com.java.TestType] [  481] -  str(1) = 1
[INFO ][2015-12-09 12:20:03,535][com.java.TestType] [  484] - Test case Id is---1
[INFO ][2015-12-09 12:20:03,535][com.java.TestType] [  486] - 1
[INFO ][2015-12-09 12:20:03,535][com.java.TestType] [  481] -  str(2) = 11
[INFO ][2015-12-09 12:20:03,536][com.java.TestType] [  533] - row values are--------{1=com.java.Objects.TestDataDetails@f97aff, 2=com.java.Objects.TestDataDetails@586f87, 3=com.java.Objects.TestDataDetails@9dc6db, 4=com.java.Objects.TestDataDetails@306dfe, 5=com.java.Objects.TestDataDetails@20ac02, 6=com.java.Objects.TestDataDetails@1887c71, 7=com.java.Objects.TestDataDetails@119ab42, 8=com.java.Objects.TestDataDetails@915056, 9=com.java.Objects.TestDataDetails@185a2a8, 10=com.java.Objects.TestDataDetails@b04f0b, 11=com.java.Objects.TestDataDetails@1f84b5e}
[INFO ][2015-12-09 12:20:03,536][com.java.TestType] [  481] -  str(1) = 1
[INFO ][2015-12-09 12:20:03,536][com.java.TestType] [  484] - Test case Id is---1
[INFO ][2015-12-09 12:20:03,536][com.java.TestType] [  486] - 1
[INFO ][2015-12-09 12:20:03,537][com.java.TestType] [  481] -  str(2) = 12
[INFO ][2015-12-09 12:20:03,538][com.java.TestType] [  533] - row values are--------{1=com.java.Objects.TestDataDetails@f97aff, 2=com.java.Objects.TestDataDetails@586f87, 3=com.java.Objects.TestDataDetails@9dc6db, 4=com.java.Objects.TestDataDetails@306dfe, 5=com.java.Objects.TestDataDetails@20ac02, 6=com.java.Objects.TestDataDetails@1887c71, 7=com.java.Objects.TestDataDetails@119ab42, 8=com.java.Objects.TestDataDetails@915056, 9=com.java.Objects.TestDataDetails@185a2a8, 10=com.java.Objects.TestDataDetails@b04f0b, 11=com.java.Objects.TestDataDetails@1f84b5e, 12=com.java.Objects.TestDataDetails@16e68a0}
[INFO ][2015-12-09 12:20:03,538][com.java.TestType] [  481] -  str(1) = 1
[INFO ][2015-12-09 12:20:03,538][com.java.TestType] [  484] - Test case Id is---1
[INFO ][2015-12-09 12:20:03,538][com.java.TestType] [  486] - 1
[INFO ][2015-12-09 12:20:03,538][com.java.TestType] [  481] -  str(2) = 13
[INFO ][2015-12-09 12:20:03,539][com.java.TestType] [  533] - row values are--------{1=com.java.Objects.TestDataDetails@f97aff, 2=com.java.Objects.TestDataDetails@586f87, 3=com.java.Objects.TestDataDetails@9dc6db, 4=com.java.Objects.TestDataDetails@306dfe, 5=com.java.Objects.TestDataDetails@20ac02, 6=com.java.Objects.TestDataDetails@1887c71, 7=com.java.Objects.TestDataDetails@119ab42, 8=com.java.Objects.TestDataDetails@915056, 9=com.java.Objects.TestDataDetails@185a2a8, 10=com.java.Objects.TestDataDetails@b04f0b, 11=com.java.Objects.TestDataDetails@1f84b5e, 12=com.java.Objects.TestDataDetails@16e68a0, 13=com.java.Objects.TestDataDetails@60525c}
[INFO ][2015-12-09 12:20:03,539][com.java.TestType] [  481] -  str(1) = 1
[INFO ][2015-12-09 12:20:03,539][com.java.TestType] [  484] - Test case Id is---1
[INFO ][2015-12-09 12:20:03,539][com.java.TestType] [  486] - 1
[INFO ][2015-12-09 12:20:03,539][com.java.TestType] [  481] -  str(2) = 14
[INFO ][2015-12-09 12:20:03,540][com.java.TestType] [  533] - row values are--------{1=com.java.Objects.TestDataDetails@f97aff, 2=com.java.Objects.TestDataDetails@586f87, 3=com.java.Objects.TestDataDetails@9dc6db, 4=com.java.Objects.TestDataDetails@306dfe, 5=com.java.Objects.TestDataDetails@20ac02, 6=com.java.Objects.TestDataDetails@1887c71, 7=com.java.Objects.TestDataDetails@119ab42, 8=com.java.Objects.TestDataDetails@915056, 9=com.java.Objects.TestDataDetails@185a2a8, 10=com.java.Objects.TestDataDetails@b04f0b, 11=com.java.Objects.TestDataDetails@1f84b5e, 12=com.java.Objects.TestDataDetails@16e68a0, 13=com.java.Objects.TestDataDetails@60525c, 14=com.java.Objects.TestDataDetails@1a33470}
[INFO ][2015-12-09 12:20:03,540][com.java.TestType] [  481] -  str(1) = 1
[INFO ][2015-12-09 12:20:03,540][com.java.TestType] [  484] - Test case Id is---1
[INFO ][2015-12-09 12:20:03,540][com.java.TestType] [  486] - 1
[INFO ][2015-12-09 12:20:03,541][com.java.TestType] [  481] -  str(2) = 15
[INFO ][2015-12-09 12:20:03,541][com.java.TestType] [  533] - row values are--------{1=com.java.Objects.TestDataDetails@f97aff, 2=com.java.Objects.TestDataDetails@586f87, 3=com.java.Objects.TestDataDetails@9dc6db, 4=com.java.Objects.TestDataDetails@306dfe, 5=com.java.Objects.TestDataDetails@20ac02, 6=com.java.Objects.TestDataDetails@1887c71, 7=com.java.Objects.TestDataDetails@119ab42, 8=com.java.Objects.TestDataDetails@915056, 9=com.java.Objects.TestDataDetails@185a2a8, 10=com.java.Objects.TestDataDetails@b04f0b, 11=com.java.Objects.TestDataDetails@1f84b5e, 12=com.java.Objects.TestDataDetails@16e68a0, 13=com.java.Objects.TestDataDetails@60525c, 14=com.java.Objects.TestDataDetails@1a33470, 15=com.java.Objects.TestDataDetails@1490eab}
[INFO ][2015-12-09 12:20:03,541][com.java.TestType] [  481] -  str(1) = 1
[INFO ][2015-12-09 12:20:03,541][com.java.TestType] [  484] - Test case Id is---1
[INFO ][2015-12-09 12:20:03,541][com.java.TestType] [  486] - 1
[INFO ][2015-12-09 12:20:03,542][com.java.TestType] [  481] -  str(2) = 16
[INFO ][2015-12-09 12:20:03,542][com.java.TestType] [  533] - row values are--------{1=com.java.Objects.TestDataDetails@f97aff, 2=com.java.Objects.TestDataDetails@586f87, 3=com.java.Objects.TestDataDetails@9dc6db, 4=com.java.Objects.TestDataDetails@306dfe, 5=com.java.Objects.TestDataDetails@20ac02, 6=com.java.Objects.TestDataDetails@1887c71, 7=com.java.Objects.TestDataDetails@119ab42, 8=com.java.Objects.TestDataDetails@915056, 9=com.java.Objects.TestDataDetails@185a2a8, 10=com.java.Objects.TestDataDetails@b04f0b, 11=com.java.Objects.TestDataDetails@1f84b5e, 12=com.java.Objects.TestDataDetails@16e68a0, 13=com.java.Objects.TestDataDetails@60525c, 14=com.java.Objects.TestDataDetails@1a33470, 15=com.java.Objects.TestDataDetails@1490eab, 16=com.java.Objects.TestDataDetails@5db277}
[INFO ][2015-12-09 12:20:03,542][com.java.TestType] [ 9982] - Looping 1TCID = 1
[DEBUG][2015-12-09 12:20:03,542][com.java.TestType] [10023] - Concept ID:1 :: Step being Executed: 1::1
[INFO ][2015-12-09 12:20:03,543][com.java.TestType] [10061] - dataFields : TXTusername
[DEBUG][2015-12-09 12:20:03,543][com.java.TestType] [10067] - <In Set values of the page>
[DEBUG][2015-12-09 12:20:03,543][com.java.TestType] [10072] - {Data Fields & Data Values Exist}
[INFO ][2015-12-09 12:20:03,543][com.java.TestType] [10078] - --------------------------setting values-----------------------------
[INFO ][2015-12-09 12:20:03,543][com.java.TestType] [10081] - Action Type : CLEARANDENTER
[INFO ][2015-12-09 12:20:03,543][com.java.TestType] [ 5446] - value = valuelabs.ie10.15310
[INFO ][2015-12-09 12:20:08,349][com.java.TestType] [10100] -  RESULT true
[INFO ][2015-12-09 12:20:08,349][com.java.TestType] [10217] - ?   P A S S   ?
[DEBUG][2015-12-09 12:20:08,349][com.java.TestType] [10023] - Concept ID:1 :: Step being Executed: 1::2
[INFO ][2015-12-09 12:20:08,350][com.java.TestType] [10061] - dataFields : TXTpassword
[DEBUG][2015-12-09 12:20:08,350][com.java.TestType] [10067] - <In Set values of the page>
[DEBUG][2015-12-09 12:20:08,351][com.java.TestType] [10072] - {Data Fields & Data Values Exist}
[INFO ][2015-12-09 12:20:08,351][com.java.TestType] [10078] - --------------------------setting values-----------------------------
[INFO ][2015-12-09 12:20:08,351][com.java.TestType] [10081] - Action Type : CLEARANDENTER
[INFO ][2015-12-09 12:20:08,351][com.java.TestType] [ 5446] - value = Password1*
[INFO ][2015-12-09 12:20:13,215][com.java.TestType] [10100] -  RESULT true
[INFO ][2015-12-09 12:20:13,215][com.java.TestType] [10217] - ?   P A S S   ?
[DEBUG][2015-12-09 12:20:13,215][com.java.TestType] [10023] - Concept ID:1 :: Step being Executed: 1::3
[ERROR][2015-12-09 12:20:13,215][com.java.TestType] [10056] - Exception: null
[INFO ][2015-12-09 12:20:13,215][com.java.TestType] [10061] - dataFields : XPH//button[@type='submit']
[DEBUG][2015-12-09 12:20:13,215][com.java.TestType] [10067] - <In Set values of the page>
[DEBUG][2015-12-09 12:20:13,216][com.java.TestType] [10072] - {Data Fields & Data Values Exist}
[INFO ][2015-12-09 12:20:13,216][com.java.TestType] [10078] - --------------------------setting values-----------------------------
[INFO ][2015-12-09 12:20:13,216][com.java.TestType] [10081] - Action Type : Click
[INFO ][2015-12-09 12:20:13,216][com.java.TestType] [ 5774] - Field ::XPH//button[@type='submit']
[INFO ][2015-12-09 12:20:14,216][com.java.TestType] [ 5868] - BEFORE CLICK
[INFO ][2015-12-09 12:20:17,516][com.java.TestType] [ 5876] - Unable to click the object Login
[INFO ][2015-12-09 12:20:17,516][com.java.TestType] [10100] -  RESULT true
[INFO ][2015-12-09 12:20:17,516][com.java.TestType] [10217] - ?   P A S S   ?
[DEBUG][2015-12-09 12:20:17,516][com.java.TestType] [10023] - Concept ID:1 :: Step being Executed: 1::4
[INFO ][2015-12-09 12:20:17,516][com.java.TestType] [10061] - dataFields : LNKLogout
[DEBUG][2015-12-09 12:20:17,517][com.java.TestType] [10067] - <In Set values of the page>
[DEBUG][2015-12-09 12:20:17,517][com.java.TestType] [10072] - {Data Fields & Data Values Exist}
[INFO ][2015-12-09 12:20:17,517][com.java.TestType] [10078] - --------------------------setting values-----------------------------
[INFO ][2015-12-09 12:20:17,517][com.java.TestType] [10081] - Action Type : WaitForElement
[INFO ][2015-12-09 12:20:17,550][com.java.TestType] [10100] -  RESULT true
[INFO ][2015-12-09 12:20:17,550][com.java.TestType] [10217] - ?   P A S S   ?
[DEBUG][2015-12-09 12:20:17,550][com.java.TestType] [10023] - Concept ID:1 :: Step being Executed: 1::15
[INFO ][2015-12-09 12:20:17,550][com.java.TestType] [10061] - dataFields : LNK
[DEBUG][2015-12-09 12:20:17,550][com.java.TestType] [10067] - <In Set values of the page>
[DEBUG][2015-12-09 12:20:17,551][com.java.TestType] [10072] - {Data Fields & Data Values Exist}
[INFO ][2015-12-09 12:20:17,551][com.java.TestType] [10078] - --------------------------setting values-----------------------------
[INFO ][2015-12-09 12:20:17,551][com.java.TestType] [10081] - Action Type : Verify
[INFO ][2015-12-09 12:20:17,551][com.java.TestType] [ 6674] - field= LNK value= Logout
[INFO ][2015-12-09 12:20:17,552][com.java.TestType] [ 5446] - value = Logout
[INFO ][2015-12-09 12:20:17,586][com.java.TestType] [10100] -  RESULT true
[INFO ][2015-12-09 12:20:17,586][com.java.TestType] [10217] - ?   P A S S   ?
[DEBUG][2015-12-09 12:20:17,586][com.java.TestType] [10023] - Concept ID:1 :: Step being Executed: 1::16
[INFO ][2015-12-09 12:20:17,586][com.java.TestType] [10061] - dataFields : BTN
[DEBUG][2015-12-09 12:20:17,586][com.java.TestType] [10067] - <In Set values of the page>
[DEBUG][2015-12-09 12:20:17,586][com.java.TestType] [10072] - {Data Fields & Data Values Exist}
[INFO ][2015-12-09 12:20:17,586][com.java.TestType] [10078] - --------------------------setting values-----------------------------
[INFO ][2015-12-09 12:20:17,587][com.java.TestType] [10081] - Action Type : Verify
[INFO ][2015-12-09 12:20:17,587][com.java.TestType] [ 6674] - field= BTN value= //img[contains(@src,'bdlogo.jpg')]
[INFO ][2015-12-09 12:20:17,587][com.java.TestType] [ 5446] - value = //img[contains(@src,'bdlogo.jpg')]
[INFO ][2015-12-09 12:20:17,642][com.java.TestType] [10100] -  RESULT true
[INFO ][2015-12-09 12:20:17,642][com.java.TestType] [10217] - ?   P A S S   ?
[INFO ][2015-12-09 12:20:17,642][com.java.TestType] [10288] - Looping End......
[INFO ][2015-12-09 12:20:17,646][com.java.SeleniumDriver] [  894] -  RESULT true
[INFO ][2015-12-09 12:20:17,646][com.java.SeleniumDriver] [ 1100] - ?   P A S S   ?
[INFO ][2015-12-09 12:20:17,647][com.java.SeleniumDriver] [  821] - ------------------------------------------
[INFO ][2015-12-09 12:20:17,647][com.java.SeleniumDriver] [  822] - Test case being Executed: 1
[INFO ][2015-12-09 12:20:17,647][com.java.SeleniumDriver] [  833] - Test step:2
[INFO ][2015-12-09 12:20:17,647][com.java.SeleniumDriver] [  845] - Datavalue is----------Concept#2:1-2
[INFO ][2015-12-09 12:20:17,647][com.java.SeleniumDriver] [  869] - DataField : test
[INFO ][2015-12-09 12:20:17,647][com.java.SeleniumDriver] [  871] - DataValue : Concept#2:1-2
[INFO ][2015-12-09 12:20:17,647][com.java.SeleniumDriver] [  877] - <In Set values of the page>
[INFO ][2015-12-09 12:20:17,647][com.java.SeleniumDriver] [  880] - {Data Fields & Data Values Exist}
[INFO ][2015-12-09 12:20:17,647][com.java.SeleniumDriver] [  882] - --------------------------setting values-----------------------------
[INFO ][2015-12-09 12:20:17,647][com.java.SeleniumDriver] [  885] - Action Type : ExecuteTestCase
[INFO ][2015-12-09 12:20:17,648][com.java.TestType] [  436] - The Concept sheet name is ---------- Concept
[INFO ][2015-12-09 12:20:17,648][com.java.TestType] [  439] - The Concept ID  is ---------- 2
[DEBUG][2015-12-09 12:20:17,648][com.java.TestType] [  443] - Steps being executted in the Concept are: 1:2
[INFO ][2015-12-09 12:20:17,648][com.java.TestType] [  450] - Test data details path ---------- D:\BankersDashboard\TestInputs\TestData.xls
[INFO ][2015-12-09 12:20:17,680][com.java.TestType] [  481] -  str(1) = 2
[INFO ][2015-12-09 12:20:17,680][com.java.TestType] [  484] - Test case Id is---2
[INFO ][2015-12-09 12:20:17,680][com.java.TestType] [  486] - 2
[INFO ][2015-12-09 12:20:17,681][com.java.TestType] [  481] -  str(2) = 1
[INFO ][2015-12-09 12:20:17,682][com.java.TestType] [  533] - row values are--------{1=com.java.Objects.TestDataDetails@1a5930e}
[INFO ][2015-12-09 12:20:17,682][com.java.TestType] [  481] -  str(1) = 2
[INFO ][2015-12-09 12:20:17,683][com.java.TestType] [  484] - Test case Id is---2
[INFO ][2015-12-09 12:20:17,683][com.java.TestType] [  486] - 2
[INFO ][2015-12-09 12:20:17,683][com.java.TestType] [  481] -  str(2) = 2
[INFO ][2015-12-09 12:20:17,683][com.java.TestType] [  533] - row values are--------{1=com.java.Objects.TestDataDetails@1a5930e, 2=com.java.Objects.TestDataDetails@19a9406}
[INFO ][2015-12-09 12:20:17,683][com.java.TestType] [  481] -  str(1) = 2
[INFO ][2015-12-09 12:20:17,684][com.java.TestType] [  484] - Test case Id is---2
[INFO ][2015-12-09 12:20:17,684][com.java.TestType] [  486] - 2
[INFO ][2015-12-09 12:20:17,684][com.java.TestType] [  481] -  str(2) = 3
[INFO ][2015-12-09 12:20:17,684][com.java.TestType] [  533] - row values are--------{1=com.java.Objects.TestDataDetails@1a5930e, 2=com.java.Objects.TestDataDetails@19a9406, 3=com.java.Objects.TestDataDetails@10f14ba}
[INFO ][2015-12-09 12:20:17,685][com.java.TestType] [ 9982] - Looping 1TCID = 2
[DEBUG][2015-12-09 12:20:17,685][com.java.TestType] [10023] - Concept ID:2 :: Step being Executed: 2::1
[INFO ][2015-12-09 12:20:17,685][com.java.TestType] [10061] - dataFields : BNK//select[@id='bank']
[DEBUG][2015-12-09 12:20:17,685][com.java.TestType] [10067] - <In Set values of the page>
[DEBUG][2015-12-09 12:20:17,685][com.java.TestType] [10072] - {Data Fields & Data Values Exist}
[INFO ][2015-12-09 12:20:17,685][com.java.TestType] [10078] - --------------------------setting values-----------------------------
[INFO ][2015-12-09 12:20:17,685][com.java.TestType] [10081] - Action Type : Select
[INFO ][2015-12-09 12:20:17,685][com.java.TestType] [ 5446] - value = PFC
[INFO ][2015-12-09 12:20:17,964][com.java.TestType] [10100] -  RESULT true
[INFO ][2015-12-09 12:20:17,964][com.java.TestType] [10217] - ?   P A S S   ?
[DEBUG][2015-12-09 12:20:17,964][com.java.TestType] [10023] - Concept ID:2 :: Step being Executed: 2::2
[INFO ][2015-12-09 12:20:17,964][com.java.TestType] [10061] - dataFields : LNKLogout
[DEBUG][2015-12-09 12:20:17,964][com.java.TestType] [10067] - <In Set values of the page>
[DEBUG][2015-12-09 12:20:17,964][com.java.TestType] [10072] - {Data Fields & Data Values Exist}
[INFO ][2015-12-09 12:20:17,964][com.java.TestType] [10078] - --------------------------setting values-----------------------------
[INFO ][2015-12-09 12:20:17,964][com.java.TestType] [10081] - Action Type : WaitTime
[DEBUG][2015-12-09 12:20:17,965][com.java.TestType] [ 5266] - sleepTime: 5000
[INFO ][2015-12-09 12:20:22,966][com.java.TestType] [10100] -  RESULT true
[INFO ][2015-12-09 12:20:22,966][com.java.TestType] [10217] - ?   P A S S   ?
[INFO ][2015-12-09 12:20:22,966][com.java.TestType] [10288] - Looping End......
[INFO ][2015-12-09 12:20:22,970][com.java.SeleniumDriver] [  894] -  RESULT true
[INFO ][2015-12-09 12:20:22,970][com.java.SeleniumDriver] [ 1100] - ?   P A S S   ?
[INFO ][2015-12-09 12:20:22,971][com.java.SeleniumDriver] [  821] - ------------------------------------------
[INFO ][2015-12-09 12:20:22,971][com.java.SeleniumDriver] [  822] - Test case being Executed: 1
[INFO ][2015-12-09 12:20:22,971][com.java.SeleniumDriver] [  833] - Test step:3
[INFO ][2015-12-09 12:20:22,971][com.java.SeleniumDriver] [  845] - Datavalue is----------2
[INFO ][2015-12-09 12:20:22,971][com.java.SeleniumDriver] [  869] - DataField : XPH//button[contains(text(),'Add Content')]
[INFO ][2015-12-09 12:20:22,971][com.java.SeleniumDriver] [  871] - DataValue : 2
[INFO ][2015-12-09 12:20:22,971][com.java.SeleniumDriver] [  877] - <In Set values of the page>
[INFO ][2015-12-09 12:20:22,971][com.java.SeleniumDriver] [  880] - {Data Fields & Data Values Exist}
[INFO ][2015-12-09 12:20:22,971][com.java.SeleniumDriver] [  882] - --------------------------setting values-----------------------------
[INFO ][2015-12-09 12:20:22,971][com.java.SeleniumDriver] [  885] - Action Type : WAITFORELEMENT
[INFO ][2015-12-09 12:20:23,006][com.java.SeleniumDriver] [  894] -  RESULT true
[INFO ][2015-12-09 12:20:23,006][com.java.SeleniumDriver] [ 1100] - ?   P A S S   ?
[DEBUG][2015-12-09 12:20:23,006][com.java.SeleniumDriver] [ 1212] - Case found
[DEBUG][2015-12-09 12:20:23,006][com.java.SeleniumDriver] [ 1217] - Incrementing ReportCounters[0]:1
[INFO ][2015-12-09 12:20:23,006][com.java.SeleniumDriver] [ 1236] - The results are-------------------[1, 1, Valid Login, Pass, , Wed Dec 09 12:20:17 IST 2015, 1, 2, Valid Login, Pass, , Wed Dec 09 12:20:22 IST 2015, 1, 3, Valid Login, Pass, , Wed Dec 09 12:20:23 IST 2015]
[INFO ][2015-12-09 12:20:23,006][com.java.SeleniumDriver] [ 1240] - End time is-------34 sec
[INFO ][2015-12-09 12:20:23,006][com.java.SeleniumDriver] [ 1241] - The results are-------------------[1, 1, Valid Login, Pass, , Wed Dec 09 12:20:17 IST 2015, 1, 2, Valid Login, Pass, , Wed Dec 09 12:20:22 IST 2015, 1, 3, Valid Login, Pass, , Wed Dec 09 12:20:23 IST 2015]
[DEBUG][2015-12-09 12:20:23,006][com.java.ImportnExport.ExportTestResultsExcel] [  222] - testResultPath = D:\BankersDashboard/TestReports/Test Results_BankersDashBoard_120915_121950_IE10_CB&S Bank.xls
[DEBUG][2015-12-09 12:20:23,007][com.java.ImportnExport.ExportTestResultsExcel] [  223] - browser is------------IE10
[DEBUG][2015-12-09 12:20:23,053][com.java.ImportnExport.ExportTestResultsExcel] [  270] - result.size() = 18
[DEBUG][2015-12-09 12:20:23,053][com.java.ImportnExport.ExportTestResultsExcel] [  274] - No of rows in sheet=1
[DEBUG][2015-12-09 12:20:23,053][com.java.ImportnExport.ExportTestResultsExcel] [  301] - ..in export..1
[DEBUG][2015-12-09 12:20:23,053][com.java.ImportnExport.ExportTestResultsExcel] [  301] - ..in export..Valid Login
[DEBUG][2015-12-09 12:20:23,053][com.java.ImportnExport.ExportTestResultsExcel] [  301] - ..in export..Pass
[DEBUG][2015-12-09 12:20:23,053][com.java.ImportnExport.ExportTestResultsExcel] [  301] - ..in export..
[DEBUG][2015-12-09 12:20:23,053][com.java.ImportnExport.ExportTestResultsExcel] [  301] - ..in export..Wed Dec 09 12:20:17 IST 2015
[INFO ][2015-12-09 12:20:23,055][com.java.SeleniumDriver] [ 1299] - out loop:0 size:2 TestCases:[1, 8] testcases:[1, 8]
[INFO ][2015-12-09 12:20:23,055][com.java.ImportnExport.ImportTestDataDetailsExcel] [   49] - test data details path===== D:\BankersDashboard\TestInputs\TestData.xls
[INFO ][2015-12-09 12:20:41,387][com.java.SeleniumDriver] [  821] - ------------------------------------------
[INFO ][2015-12-09 12:20:41,387][com.java.SeleniumDriver] [  822] - Test case being Executed: 8
[INFO ][2015-12-09 12:20:41,387][com.java.SeleniumDriver] [  833] - Test step:1
[INFO ][2015-12-09 12:20:41,387][com.java.SeleniumDriver] [  845] - Datavalue is----------Logout
[INFO ][2015-12-09 12:20:41,387][com.java.SeleniumDriver] [  869] - DataField : BTN
[INFO ][2015-12-09 12:20:41,387][com.java.SeleniumDriver] [  871] - DataValue : Logout
[INFO ][2015-12-09 12:20:41,387][com.java.SeleniumDriver] [  877] - <In Set values of the page>
[INFO ][2015-12-09 12:20:41,387][com.java.SeleniumDriver] [  880] - {Data Fields & Data Values Exist}
[INFO ][2015-12-09 12:20:41,387][com.java.SeleniumDriver] [  882] - --------------------------setting values-----------------------------
[INFO ][2015-12-09 12:20:41,387][com.java.SeleniumDriver] [  885] - Action Type : Verify
[INFO ][2015-12-09 12:20:41,387][com.java.TestType] [ 6674] - field= BTN value= Logout
[INFO ][2015-12-09 12:20:41,388][com.java.TestType] [ 5446] - value = Logout
[INFO ][2015-12-09 12:20:41,455][com.java.SeleniumDriver] [  894] -  RESULT true
[INFO ][2015-12-09 12:20:41,455][com.java.SeleniumDriver] [ 1100] - ?   P A S S   ?
[INFO ][2015-12-09 12:20:41,455][com.java.SeleniumDriver] [ 1142] - step change to 3
[INFO ][2015-12-09 12:20:41,455][com.java.SeleniumDriver] [  821] - ------------------------------------------
[INFO ][2015-12-09 12:20:41,455][com.java.SeleniumDriver] [  822] - Test case being Executed: 8
[INFO ][2015-12-09 12:20:41,456][com.java.SeleniumDriver] [  833] - Test step:3
[INFO ][2015-12-09 12:20:41,456][com.java.SeleniumDriver] [  845] - Datavalue is----------Concept#2:1-2
[INFO ][2015-12-09 12:20:41,457][com.java.SeleniumDriver] [  869] - DataField : test
[INFO ][2015-12-09 12:20:41,457][com.java.SeleniumDriver] [  871] - DataValue : Concept#2:1-2
[INFO ][2015-12-09 12:20:41,458][com.java.SeleniumDriver] [  877] - <In Set values of the page>
[INFO ][2015-12-09 12:20:41,458][com.java.SeleniumDriver] [  880] - {Data Fields & Data Values Exist}
[INFO ][2015-12-09 12:20:41,458][com.java.SeleniumDriver] [  882] - --------------------------setting values-----------------------------
[INFO ][2015-12-09 12:20:41,458][com.java.SeleniumDriver] [  885] - Action Type : ExecuteTestCase
[INFO ][2015-12-09 12:20:41,458][com.java.TestType] [  436] - The Concept sheet name is ---------- Concept
[INFO ][2015-12-09 12:20:41,458][com.java.TestType] [  439] - The Concept ID  is ---------- 2
[DEBUG][2015-12-09 12:20:41,458][com.java.TestType] [  443] - Steps being executted in the Concept are: 1:2
[INFO ][2015-12-09 12:20:41,458][com.java.TestType] [  450] - Test data details path ---------- D:\BankersDashboard\TestInputs\TestData.xls
[INFO ][2015-12-09 12:20:41,491][com.java.TestType] [  481] -  str(1) = 2
[INFO ][2015-12-09 12:20:41,491][com.java.TestType] [  484] - Test case Id is---2
[INFO ][2015-12-09 12:20:41,491][com.java.TestType] [  486] - 2
[INFO ][2015-12-09 12:20:41,491][com.java.TestType] [  481] -  str(2) = 1
[INFO ][2015-12-09 12:20:41,492][com.java.TestType] [  533] - row values are--------{1=com.java.Objects.TestDataDetails@f94672}
[INFO ][2015-12-09 12:20:41,492][com.java.TestType] [  481] -  str(1) = 2
[INFO ][2015-12-09 12:20:41,492][com.java.TestType] [  484] - Test case Id is---2
[INFO ][2015-12-09 12:20:41,492][com.java.TestType] [  486] - 2
[INFO ][2015-12-09 12:20:41,492][com.java.TestType] [  481] -  str(2) = 2
[INFO ][2015-12-09 12:20:41,493][com.java.TestType] [  533] - row values are--------{1=com.java.Objects.TestDataDetails@f94672, 2=com.java.Objects.TestDataDetails@1ffc401}
[INFO ][2015-12-09 12:20:41,493][com.java.TestType] [  481] -  str(1) = 2
[INFO ][2015-12-09 12:20:41,493][com.java.TestType] [  484] - Test case Id is---2
[INFO ][2015-12-09 12:20:41,493][com.java.TestType] [  486] - 2
[INFO ][2015-12-09 12:20:41,493][com.java.TestType] [  481] -  str(2) = 3
[INFO ][2015-12-09 12:20:41,495][com.java.TestType] [  533] - row values are--------{1=com.java.Objects.TestDataDetails@f94672, 2=com.java.Objects.TestDataDetails@1ffc401, 3=com.java.Objects.TestDataDetails@1e38d5}
[INFO ][2015-12-09 12:20:41,495][com.java.TestType] [ 9982] - Looping 1TCID = 2
[DEBUG][2015-12-09 12:20:41,495][com.java.TestType] [10023] - Concept ID:2 :: Step being Executed: 2::1
[INFO ][2015-12-09 12:20:41,495][com.java.TestType] [10061] - dataFields : BNK//select[@id='bank']
[DEBUG][2015-12-09 12:20:41,495][com.java.TestType] [10067] - <In Set values of the page>
[DEBUG][2015-12-09 12:20:41,495][com.java.TestType] [10072] - {Data Fields & Data Values Exist}
[INFO ][2015-12-09 12:20:41,495][com.java.TestType] [10078] - --------------------------setting values-----------------------------
[INFO ][2015-12-09 12:20:41,495][com.java.TestType] [10081] - Action Type : Select
[INFO ][2015-12-09 12:20:41,495][com.java.TestType] [ 5446] - value = PFC
[INFO ][2015-12-09 12:20:41,680][com.java.TestType] [10100] -  RESULT true
[INFO ][2015-12-09 12:20:41,680][com.java.TestType] [10217] - ?   P A S S   ?
[DEBUG][2015-12-09 12:20:41,680][com.java.TestType] [10023] - Concept ID:2 :: Step being Executed: 2::2
[INFO ][2015-12-09 12:20:41,680][com.java.TestType] [10061] - dataFields : LNKLogout
[DEBUG][2015-12-09 12:20:41,681][com.java.TestType] [10067] - <In Set values of the page>
[DEBUG][2015-12-09 12:20:41,681][com.java.TestType] [10072] - {Data Fields & Data Values Exist}
[INFO ][2015-12-09 12:20:41,681][com.java.TestType] [10078] - --------------------------setting values-----------------------------
[INFO ][2015-12-09 12:20:41,681][com.java.TestType] [10081] - Action Type : WaitTime
[DEBUG][2015-12-09 12:20:41,682][com.java.TestType] [ 5266] - sleepTime: 5000
[INFO ][2015-12-09 12:20:46,682][com.java.TestType] [10100] -  RESULT true
[INFO ][2015-12-09 12:20:46,682][com.java.TestType] [10217] - ?   P A S S   ?
[INFO ][2015-12-09 12:20:46,682][com.java.TestType] [10288] - Looping End......
[INFO ][2015-12-09 12:20:46,686][com.java.SeleniumDriver] [  894] -  RESULT true
[INFO ][2015-12-09 12:20:46,688][com.java.SeleniumDriver] [ 1100] - ?   P A S S   ?
[INFO ][2015-12-09 12:20:46,688][com.java.SeleniumDriver] [  821] - ------------------------------------------
[INFO ][2015-12-09 12:20:46,688][com.java.SeleniumDriver] [  822] - Test case being Executed: 8
[INFO ][2015-12-09 12:20:46,688][com.java.SeleniumDriver] [  833] - Test step:4
[INFO ][2015-12-09 12:20:46,688][com.java.SeleniumDriver] [  845] - Datavalue is----------null
[DEBUG][2015-12-09 12:20:46,688][com.java.SeleniumDriver] [  863] - Exception: null
[INFO ][2015-12-09 12:20:46,688][com.java.SeleniumDriver] [  869] - DataField : //span[@class='icon-stats']&&//a[@data-id="Forecasting"]
[INFO ][2015-12-09 12:20:46,688][com.java.SeleniumDriver] [  871] - DataValue : 
[INFO ][2015-12-09 12:20:46,689][com.java.SeleniumDriver] [  877] - <In Set values of the page>
[INFO ][2015-12-09 12:20:46,689][com.java.SeleniumDriver] [  880] - {Data Fields & Data Values Exist}
[INFO ][2015-12-09 12:20:46,689][com.java.SeleniumDriver] [  882] - --------------------------setting values-----------------------------
[INFO ][2015-12-09 12:20:46,689][com.java.SeleniumDriver] [  885] - Action Type : MOUSEOVER
[INFO ][2015-12-09 12:21:06,536][com.java.SeleniumDriver] [  894] -  RESULT true
[INFO ][2015-12-09 12:21:06,536][com.java.SeleniumDriver] [ 1100] - ?   P A S S   ?
[INFO ][2015-12-09 12:21:06,536][com.java.SeleniumDriver] [  821] - ------------------------------------------
[INFO ][2015-12-09 12:21:06,536][com.java.SeleniumDriver] [  822] - Test case being Executed: 8
[INFO ][2015-12-09 12:21:06,536][com.java.SeleniumDriver] [  833] - Test step:5
[INFO ][2015-12-09 12:21:06,536][com.java.SeleniumDriver] [  845] - Datavalue is----------5
[INFO ][2015-12-09 12:21:06,536][com.java.SeleniumDriver] [  869] - DataField : null
[INFO ][2015-12-09 12:21:06,536][com.java.SeleniumDriver] [  871] - DataValue : 5
[INFO ][2015-12-09 12:21:06,536][com.java.SeleniumDriver] [  877] - <In Set values of the page>
[INFO ][2015-12-09 12:21:06,536][com.java.SeleniumDriver] [  880] - {Data Fields & Data Values Exist}
[INFO ][2015-12-09 12:21:06,536][com.java.SeleniumDriver] [  882] - --------------------------setting values-----------------------------
[INFO ][2015-12-09 12:21:06,536][com.java.SeleniumDriver] [  885] - Action Type : WAITTIME
[DEBUG][2015-12-09 12:21:06,537][com.java.TestType] [ 5266] - sleepTime: 5000
[INFO ][2015-12-09 12:21:11,538][com.java.SeleniumDriver] [  894] -  RESULT true
[INFO ][2015-12-09 12:21:11,538][com.java.SeleniumDriver] [ 1100] - ?   P A S S   ?
[INFO ][2015-12-09 12:21:11,538][com.java.SeleniumDriver] [  821] - ------------------------------------------
[INFO ][2015-12-09 12:21:11,538][com.java.SeleniumDriver] [  822] - Test case being Executed: 8
[INFO ][2015-12-09 12:21:11,538][com.java.SeleniumDriver] [  833] - Test step:6
[INFO ][2015-12-09 12:21:11,538][com.java.SeleniumDriver] [  845] - Datavalue is----------Forecasting 
[INFO ][2015-12-09 12:21:11,538][com.java.SeleniumDriver] [  869] - DataField : TTL
[INFO ][2015-12-09 12:21:11,538][com.java.SeleniumDriver] [  871] - DataValue : Forecasting 
[INFO ][2015-12-09 12:21:11,538][com.java.SeleniumDriver] [  877] - <In Set values of the page>
[INFO ][2015-12-09 12:21:11,538][com.java.SeleniumDriver] [  880] - {Data Fields & Data Values Exist}
[INFO ][2015-12-09 12:21:11,538][com.java.SeleniumDriver] [  882] - --------------------------setting values-----------------------------
[INFO ][2015-12-09 12:21:11,538][com.java.SeleniumDriver] [  885] - Action Type : SELECTWINDOW
[INFO ][2015-12-09 12:21:24,118][com.java.SeleniumDriver] [  894] -  RESULT true
[INFO ][2015-12-09 12:21:24,118][com.java.SeleniumDriver] [ 1100] - ?   P A S S   ?
[INFO ][2015-12-09 12:21:24,118][com.java.SeleniumDriver] [  821] - ------------------------------------------
[INFO ][2015-12-09 12:21:24,118][com.java.SeleniumDriver] [  822] - Test case being Executed: 8
[INFO ][2015-12-09 12:21:24,118][com.java.SeleniumDriver] [  833] - Test step:7
[INFO ][2015-12-09 12:21:24,118][com.java.SeleniumDriver] [  845] - Datavalue is----------10
[INFO ][2015-12-09 12:21:24,118][com.java.SeleniumDriver] [  869] - DataField : DSP//span[contains(text(),'Forecasting')]
[INFO ][2015-12-09 12:21:24,118][com.java.SeleniumDriver] [  871] - DataValue : 10
[INFO ][2015-12-09 12:21:24,118][com.java.SeleniumDriver] [  877] - <In Set values of the page>
[INFO ][2015-12-09 12:21:24,118][com.java.SeleniumDriver] [  880] - {Data Fields & Data Values Exist}
[INFO ][2015-12-09 12:21:24,119][com.java.SeleniumDriver] [  882] - --------------------------setting values-----------------------------
[INFO ][2015-12-09 12:21:24,119][com.java.SeleniumDriver] [  885] - Action Type : WAITFORELEMENT
[INFO ][2015-12-09 12:21:24,239][com.java.SeleniumDriver] [  894] -  RESULT true
[INFO ][2015-12-09 12:21:24,239][com.java.SeleniumDriver] [ 1100] - ?   P A S S   ?
[INFO ][2015-12-09 12:21:24,239][com.java.SeleniumDriver] [  821] - ------------------------------------------
[INFO ][2015-12-09 12:21:24,239][com.java.SeleniumDriver] [  822] - Test case being Executed: 8
[INFO ][2015-12-09 12:21:24,239][com.java.SeleniumDriver] [  833] - Test step:8
[INFO ][2015-12-09 12:21:24,239][com.java.SeleniumDriver] [  845] - Datavalue is----------Forecasting 
[INFO ][2015-12-09 12:21:24,239][com.java.SeleniumDriver] [  869] - DataField : XPH//span[contains(text(),'Forecasting')]
[INFO ][2015-12-09 12:21:24,239][com.java.SeleniumDriver] [  871] - DataValue : Forecasting 
[INFO ][2015-12-09 12:21:24,239][com.java.SeleniumDriver] [  877] - <In Set values of the page>
[INFO ][2015-12-09 12:21:24,239][com.java.SeleniumDriver] [  880] - {Data Fields & Data Values Exist}
[INFO ][2015-12-09 12:21:24,239][com.java.SeleniumDriver] [  882] - --------------------------setting values-----------------------------
[INFO ][2015-12-09 12:21:24,239][com.java.SeleniumDriver] [  885] - Action Type : VERIFY
[INFO ][2015-12-09 12:21:24,240][com.java.TestType] [ 6674] - field= XPH//span[contains(text(),'Forecasting')] value= Forecasting 
[INFO ][2015-12-09 12:21:24,240][com.java.TestType] [ 5446] - value = Forecasting 
[INFO ][2015-12-09 12:21:24,348][com.java.SeleniumDriver] [  894] -  RESULT true
[INFO ][2015-12-09 12:21:24,348][com.java.SeleniumDriver] [ 1100] - ?   P A S S   ?
[INFO ][2015-12-09 12:21:24,348][com.java.SeleniumDriver] [  821] - ------------------------------------------
[INFO ][2015-12-09 12:21:24,348][com.java.SeleniumDriver] [  822] - Test case being Executed: 8
[INFO ][2015-12-09 12:21:24,348][com.java.SeleniumDriver] [  833] - Test step:9
[INFO ][2015-12-09 12:21:24,348][com.java.SeleniumDriver] [  845] - Datavalue is----------null
[DEBUG][2015-12-09 12:21:24,348][com.java.SeleniumDriver] [  863] - Exception: null
[INFO ][2015-12-09 12:21:24,348][com.java.SeleniumDriver] [  869] - DataField : BTNframeDialogContent
[INFO ][2015-12-09 12:21:24,348][com.java.SeleniumDriver] [  871] - DataValue : 
[INFO ][2015-12-09 12:21:24,348][com.java.SeleniumDriver] [  877] - <In Set values of the page>
[INFO ][2015-12-09 12:21:24,348][com.java.SeleniumDriver] [  880] - {Data Fields & Data Values Exist}
[INFO ][2015-12-09 12:21:24,348][com.java.SeleniumDriver] [  882] - --------------------------setting values-----------------------------
[INFO ][2015-12-09 12:21:24,349][com.java.SeleniumDriver] [  885] - Action Type : SELECTFRAME
[INFO ][2015-12-09 12:21:25,476][com.java.SeleniumDriver] [  894] -  RESULT true
[INFO ][2015-12-09 12:21:25,476][com.java.SeleniumDriver] [ 1100] - ?   P A S S   ?
[INFO ][2015-12-09 12:21:25,476][com.java.SeleniumDriver] [  821] - ------------------------------------------
[INFO ][2015-12-09 12:21:25,476][com.java.SeleniumDriver] [  822] - Test case being Executed: 8
[INFO ][2015-12-09 12:21:25,476][com.java.SeleniumDriver] [  833] - Test step:10
[INFO ][2015-12-09 12:21:25,476][com.java.SeleniumDriver] [  845] - Datavalue is----------10
[INFO ][2015-12-09 12:21:25,476][com.java.SeleniumDriver] [  869] - DataField : DSPddlProjects
[INFO ][2015-12-09 12:21:25,476][com.java.SeleniumDriver] [  871] - DataValue : 10
[INFO ][2015-12-09 12:21:25,476][com.java.SeleniumDriver] [  877] - <In Set values of the page>
[INFO ][2015-12-09 12:21:25,476][com.java.SeleniumDriver] [  880] - {Data Fields & Data Values Exist}
[INFO ][2015-12-09 12:21:25,476][com.java.SeleniumDriver] [  882] - --------------------------setting values-----------------------------
[INFO ][2015-12-09 12:21:25,476][com.java.SeleniumDriver] [  885] - Action Type : WAITFORELEMENT
[INFO ][2015-12-09 12:21:26,558][com.java.SeleniumDriver] [  894] -  RESULT true
[INFO ][2015-12-09 12:21:26,558][com.java.SeleniumDriver] [ 1100] - ?   P A S S   ?
[INFO ][2015-12-09 12:21:26,558][com.java.SeleniumDriver] [  821] - ------------------------------------------
[INFO ][2015-12-09 12:21:26,558][com.java.SeleniumDriver] [  822] - Test case being Executed: 8
[INFO ][2015-12-09 12:21:26,558][com.java.SeleniumDriver] [  833] - Test step:11
[INFO ][2015-12-09 12:21:26,558][com.java.SeleniumDriver] [  845] - Datavalue is----------index:1
[INFO ][2015-12-09 12:21:26,558][com.java.SeleniumDriver] [  869] - DataField : COBddlProjects
[INFO ][2015-12-09 12:21:26,558][com.java.SeleniumDriver] [  871] - DataValue : index:1
[INFO ][2015-12-09 12:21:26,558][com.java.SeleniumDriver] [  877] - <In Set values of the page>
[INFO ][2015-12-09 12:21:26,558][com.java.SeleniumDriver] [  880] - {Data Fields & Data Values Exist}
[INFO ][2015-12-09 12:21:26,558][com.java.SeleniumDriver] [  882] - --------------------------setting values-----------------------------
[INFO ][2015-12-09 12:21:26,559][com.java.SeleniumDriver] [  885] - Action Type : SELECT
[INFO ][2015-12-09 12:21:26,559][com.java.TestType] [ 5446] - value = 1
[INFO ][2015-12-09 12:21:27,640][com.java.TestType] [ 5564] -  In COB ddlProjects : 1
[INFO ][2015-12-09 12:21:27,769][com.java.SeleniumDriver] [  894] -  RESULT true
[INFO ][2015-12-09 12:21:27,769][com.java.SeleniumDriver] [ 1100] - ?   P A S S   ?
[INFO ][2015-12-09 12:21:27,769][com.java.SeleniumDriver] [ 1137] - Continue next step...
[INFO ][2015-12-09 12:21:27,769][com.java.SeleniumDriver] [  821] - ------------------------------------------
[INFO ][2015-12-09 12:21:27,769][com.java.SeleniumDriver] [  822] - Test case being Executed: 8
[INFO ][2015-12-09 12:21:27,769][com.java.SeleniumDriver] [  833] - Test step:12
[INFO ][2015-12-09 12:21:27,771][com.java.SeleniumDriver] [  845] - Datavalue is----------CurrentProject
[INFO ][2015-12-09 12:21:27,771][com.java.SeleniumDriver] [  869] - DataField : SLBddlProjects
[INFO ][2015-12-09 12:21:27,771][com.java.SeleniumDriver] [  871] - DataValue : CurrentProject
[INFO ][2015-12-09 12:21:27,771][com.java.SeleniumDriver] [  877] - <In Set values of the page>
[INFO ][2015-12-09 12:21:27,771][com.java.SeleniumDriver] [  880] - {Data Fields & Data Values Exist}
[INFO ][2015-12-09 12:21:27,771][com.java.SeleniumDriver] [  882] - --------------------------setting values-----------------------------
[INFO ][2015-12-09 12:21:27,771][com.java.SeleniumDriver] [  885] - Action Type : storevalue
[INFO ][2015-12-09 12:21:27,771][com.java.TestType] [ 7852] - field= SLBddlProjects
[INFO ][2015-12-09 12:21:28,921][com.java.SeleniumDriver] [  894] -  RESULT true
[INFO ][2015-12-09 12:21:28,921][com.java.SeleniumDriver] [ 1100] - ?   P A S S   ?
[INFO ][2015-12-09 12:21:28,921][com.java.SeleniumDriver] [  821] - ------------------------------------------
[INFO ][2015-12-09 12:21:28,921][com.java.SeleniumDriver] [  822] - Test case being Executed: 8
[INFO ][2015-12-09 12:21:28,921][com.java.SeleniumDriver] [  833] - Test step:13
[INFO ][2015-12-09 12:21:28,921][com.java.SeleniumDriver] [  845] - Datavalue is----------null
[DEBUG][2015-12-09 12:21:28,921][com.java.SeleniumDriver] [  863] - Exception: null
[INFO ][2015-12-09 12:21:28,921][com.java.SeleniumDriver] [  869] - DataField : HDNbtnOpenProject
[INFO ][2015-12-09 12:21:28,921][com.java.SeleniumDriver] [  871] - DataValue : 
[INFO ][2015-12-09 12:21:28,921][com.java.SeleniumDriver] [  877] - <In Set values of the page>
[INFO ][2015-12-09 12:21:28,921][com.java.SeleniumDriver] [  880] - {Data Fields & Data Values Exist}
[INFO ][2015-12-09 12:21:28,922][com.java.SeleniumDriver] [  882] - --------------------------setting values-----------------------------
[INFO ][2015-12-09 12:21:28,923][com.java.SeleniumDriver] [  885] - Action Type : CLICKWITHALERT
[INFO ][2015-12-09 12:21:28,923][com.java.TestType] [ 5774] - Field ::HDNbtnOpenProject
[INFO ][2015-12-09 12:21:32,217][com.java.SeleniumDriver] [  894] -  RESULT true
[INFO ][2015-12-09 12:21:32,217][com.java.SeleniumDriver] [ 1100] - ?   P A S S   ?
[INFO ][2015-12-09 12:21:32,219][com.java.SeleniumDriver] [  821] - ------------------------------------------
[INFO ][2015-12-09 12:21:32,219][com.java.SeleniumDriver] [  822] - Test case being Executed: 8
[INFO ][2015-12-09 12:21:32,219][com.java.SeleniumDriver] [  833] - Test step:14
[INFO ][2015-12-09 12:21:32,219][com.java.SeleniumDriver] [  845] - Datavalue is----------2
[INFO ][2015-12-09 12:21:32,219][com.java.SeleniumDriver] [  869] - DataField : null
[INFO ][2015-12-09 12:21:32,219][com.java.SeleniumDriver] [  871] - DataValue : 2
[INFO ][2015-12-09 12:21:32,219][com.java.SeleniumDriver] [  877] - <In Set values of the page>
[INFO ][2015-12-09 12:21:32,219][com.java.SeleniumDriver] [  880] - {Data Fields & Data Values Exist}
[INFO ][2015-12-09 12:21:32,219][com.java.SeleniumDriver] [  882] - --------------------------setting values-----------------------------
[INFO ][2015-12-09 12:21:32,220][com.java.SeleniumDriver] [  885] - Action Type : WAITTIME
[DEBUG][2015-12-09 12:21:32,220][com.java.TestType] [ 5266] - sleepTime: 2000
[INFO ][2015-12-09 12:21:34,220][com.java.SeleniumDriver] [  894] -  RESULT true
[INFO ][2015-12-09 12:21:34,220][com.java.SeleniumDriver] [ 1100] - ?   P A S S   ?
[INFO ][2015-12-09 12:21:34,220][com.java.SeleniumDriver] [  821] - ------------------------------------------
[INFO ][2015-12-09 12:21:34,220][com.java.SeleniumDriver] [  822] - Test case being Executed: 8
[INFO ][2015-12-09 12:21:34,220][com.java.SeleniumDriver] [  833] - Test step:15
[INFO ][2015-12-09 12:21:34,220][com.java.SeleniumDriver] [  845] - Datavalue is----------null
[DEBUG][2015-12-09 12:21:34,220][com.java.SeleniumDriver] [  863] - Exception: null
[INFO ][2015-12-09 12:21:34,220][com.java.SeleniumDriver] [  869] - DataField : BTNParent
[INFO ][2015-12-09 12:21:34,220][com.java.SeleniumDriver] [  871] - DataValue : 
[INFO ][2015-12-09 12:21:34,220][com.java.SeleniumDriver] [  877] - <In Set values of the page>
[INFO ][2015-12-09 12:21:34,220][com.java.SeleniumDriver] [  880] - {Data Fields & Data Values Exist}
[INFO ][2015-12-09 12:21:34,221][com.java.SeleniumDriver] [  882] - --------------------------setting values-----------------------------
[INFO ][2015-12-09 12:21:34,221][com.java.SeleniumDriver] [  885] - Action Type : SELECTFRAME
[INFO ][2015-12-09 12:21:34,234][com.java.SeleniumDriver] [  894] -  RESULT true
[INFO ][2015-12-09 12:21:34,234][com.java.SeleniumDriver] [ 1100] - ?   P A S S   ?
[INFO ][2015-12-09 12:21:34,234][com.java.SeleniumDriver] [  821] - ------------------------------------------
[INFO ][2015-12-09 12:21:34,234][com.java.SeleniumDriver] [  822] - Test case being Executed: 8
[INFO ][2015-12-09 12:21:34,234][com.java.SeleniumDriver] [  833] - Test step:16
[INFO ][2015-12-09 12:21:34,234][com.java.SeleniumDriver] [  845] - Datavalue is----------10
[INFO ][2015-12-09 12:21:34,234][com.java.SeleniumDriver] [  869] - DataField : DSPFile
[INFO ][2015-12-09 12:21:34,234][com.java.SeleniumDriver] [  871] - DataValue : 10
[INFO ][2015-12-09 12:21:34,234][com.java.SeleniumDriver] [  877] - <In Set values of the page>
[INFO ][2015-12-09 12:21:34,234][com.java.SeleniumDriver] [  880] - {Data Fields & Data Values Exist}
[INFO ][2015-12-09 12:21:34,234][com.java.SeleniumDriver] [  882] - --------------------------setting values-----------------------------
[INFO ][2015-12-09 12:21:34,234][com.java.SeleniumDriver] [  885] - Action Type : WAITFORELEMENT
[INFO ][2015-12-09 12:21:34,345][com.java.SeleniumDriver] [  894] -  RESULT true
[INFO ][2015-12-09 12:21:34,345][com.java.SeleniumDriver] [ 1100] - ?   P A S S   ?
[INFO ][2015-12-09 12:21:34,345][com.java.SeleniumDriver] [  821] - ------------------------------------------
[INFO ][2015-12-09 12:21:34,345][com.java.SeleniumDriver] [  822] - Test case being Executed: 8
[INFO ][2015-12-09 12:21:34,345][com.java.SeleniumDriver] [  833] - Test step:17
[INFO ][2015-12-09 12:21:34,345][com.java.SeleniumDriver] [  845] - Datavalue is----------10
[INFO ][2015-12-09 12:21:34,345][com.java.SeleniumDriver] [  869] - DataField : null
[INFO ][2015-12-09 12:21:34,345][com.java.SeleniumDriver] [  871] - DataValue : 10
[INFO ][2015-12-09 12:21:34,345][com.java.SeleniumDriver] [  877] - <In Set values of the page>
[INFO ][2015-12-09 12:21:34,345][com.java.SeleniumDriver] [  880] - {Data Fields & Data Values Exist}
[INFO ][2015-12-09 12:21:34,345][com.java.SeleniumDriver] [  882] - --------------------------setting values-----------------------------
[INFO ][2015-12-09 12:21:34,345][com.java.SeleniumDriver] [  885] - Action Type : WAITTIME
[DEBUG][2015-12-09 12:21:34,346][com.java.TestType] [ 5266] - sleepTime: 10000
[INFO ][2015-12-09 12:21:44,347][com.java.SeleniumDriver] [  894] -  RESULT true
[INFO ][2015-12-09 12:21:44,347][com.java.SeleniumDriver] [ 1100] - ?   P A S S   ?
[INFO ][2015-12-09 12:21:44,347][com.java.SeleniumDriver] [  821] - ------------------------------------------
[INFO ][2015-12-09 12:21:44,347][com.java.SeleniumDriver] [  822] - Test case being Executed: 8
[INFO ][2015-12-09 12:21:44,347][com.java.SeleniumDriver] [  833] - Test step:18
[INFO ][2015-12-09 12:21:44,347][com.java.SeleniumDriver] [  845] - Datavalue is----------Assets
[INFO ][2015-12-09 12:21:44,347][com.java.SeleniumDriver] [  869] - DataField : MSG
[INFO ][2015-12-09 12:21:44,347][com.java.SeleniumDriver] [  871] - DataValue : Assets
[INFO ][2015-12-09 12:21:44,347][com.java.SeleniumDriver] [  877] - <In Set values of the page>
[INFO ][2015-12-09 12:21:44,347][com.java.SeleniumDriver] [  880] - {Data Fields & Data Values Exist}
[INFO ][2015-12-09 12:21:44,347][com.java.SeleniumDriver] [  882] - --------------------------setting values-----------------------------
[INFO ][2015-12-09 12:21:44,347][com.java.SeleniumDriver] [  885] - Action Type : VERIFY
[INFO ][2015-12-09 12:21:44,348][com.java.TestType] [ 6674] - field= MSG value= Assets
[INFO ][2015-12-09 12:21:44,348][com.java.TestType] [ 5446] - value = Assets
[DEBUG][2015-12-09 12:21:44,348][com.java.TestType] [ 7493] - value :: Assets
[INFO ][2015-12-09 12:21:44,382][com.java.SeleniumDriver] [  894] -  RESULT true
[INFO ][2015-12-09 12:21:44,382][com.java.SeleniumDriver] [ 1100] - ?   P A S S   ?
[INFO ][2015-12-09 12:21:44,382][com.java.SeleniumDriver] [  821] - ------------------------------------------
[INFO ][2015-12-09 12:21:44,382][com.java.SeleniumDriver] [  822] - Test case being Executed: 8
[INFO ][2015-12-09 12:21:44,382][com.java.SeleniumDriver] [  833] - Test step:19
[INFO ][2015-12-09 12:21:44,382][com.java.SeleniumDriver] [  845] - Datavalue is----------null
[DEBUG][2015-12-09 12:21:44,382][com.java.SeleniumDriver] [  863] - Exception: null
[INFO ][2015-12-09 12:21:44,382][com.java.SeleniumDriver] [  869] - DataField : HDNmenuTools
[INFO ][2015-12-09 12:21:44,382][com.java.SeleniumDriver] [  871] - DataValue : 
[INFO ][2015-12-09 12:21:44,382][com.java.SeleniumDriver] [  877] - <In Set values of the page>
[INFO ][2015-12-09 12:21:44,382][com.java.SeleniumDriver] [  880] - {Data Fields & Data Values Exist}
[INFO ][2015-12-09 12:21:44,383][com.java.SeleniumDriver] [  882] - --------------------------setting values-----------------------------
[INFO ][2015-12-09 12:21:44,383][com.java.SeleniumDriver] [  885] - Action Type : CLICK
[INFO ][2015-12-09 12:21:44,383][com.java.TestType] [ 5774] - Field ::HDNmenuTools
[INFO ][2015-12-09 12:21:46,514][com.java.SeleniumDriver] [  894] -  RESULT true
[INFO ][2015-12-09 12:21:46,514][com.java.SeleniumDriver] [ 1100] - ?   P A S S   ?
[INFO ][2015-12-09 12:21:46,514][com.java.SeleniumDriver] [  821] - ------------------------------------------
[INFO ][2015-12-09 12:21:46,514][com.java.SeleniumDriver] [  822] - Test case being Executed: 8
[INFO ][2015-12-09 12:21:46,514][com.java.SeleniumDriver] [  833] - Test step:20
[INFO ][2015-12-09 12:21:46,514][com.java.SeleniumDriver] [  845] - Datavalue is----------10
[INFO ][2015-12-09 12:21:46,514][com.java.SeleniumDriver] [  869] - DataField : DSPmenuSmartFill
[INFO ][2015-12-09 12:21:46,514][com.java.SeleniumDriver] [  871] - DataValue : 10
[INFO ][2015-12-09 12:21:46,514][com.java.SeleniumDriver] [  877] - <In Set values of the page>
[INFO ][2015-12-09 12:21:46,514][com.java.SeleniumDriver] [  880] - {Data Fields & Data Values Exist}
[INFO ][2015-12-09 12:21:46,514][com.java.SeleniumDriver] [  882] - --------------------------setting values-----------------------------
[INFO ][2015-12-09 12:21:46,514][com.java.SeleniumDriver] [  885] - Action Type : WAITFORELEMENT
[INFO ][2015-12-09 12:21:47,670][com.java.SeleniumDriver] [  894] -  RESULT true
[INFO ][2015-12-09 12:21:47,670][com.java.SeleniumDriver] [ 1100] - ?   P A S S   ?
[INFO ][2015-12-09 12:21:47,670][com.java.SeleniumDriver] [  821] - ------------------------------------------
[INFO ][2015-12-09 12:21:47,670][com.java.SeleniumDriver] [  822] - Test case being Executed: 8
[INFO ][2015-12-09 12:21:47,670][com.java.SeleniumDriver] [  833] - Test step:21
[INFO ][2015-12-09 12:21:47,670][com.java.SeleniumDriver] [  845] - Datavalue is----------null
[DEBUG][2015-12-09 12:21:47,670][com.java.SeleniumDriver] [  863] - Exception: null
[INFO ][2015-12-09 12:21:47,670][com.java.SeleniumDriver] [  869] - DataField : HDNmenuSmartFill
[INFO ][2015-12-09 12:21:47,670][com.java.SeleniumDriver] [  871] - DataValue : 
[INFO ][2015-12-09 12:21:47,670][com.java.SeleniumDriver] [  877] - <In Set values of the page>
[INFO ][2015-12-09 12:21:47,670][com.java.SeleniumDriver] [  880] - {Data Fields & Data Values Exist}
[INFO ][2015-12-09 12:21:47,670][com.java.SeleniumDriver] [  882] - --------------------------setting values-----------------------------
[INFO ][2015-12-09 12:21:47,671][com.java.SeleniumDriver] [  885] - Action Type : CLICK
[INFO ][2015-12-09 12:21:47,671][com.java.TestType] [ 5774] - Field ::HDNmenuSmartFill
[INFO ][2015-12-09 12:21:49,826][com.java.SeleniumDriver] [  894] -  RESULT true
[INFO ][2015-12-09 12:21:49,826][com.java.SeleniumDriver] [ 1100] - ?   P A S S   ?
[INFO ][2015-12-09 12:21:49,826][com.java.SeleniumDriver] [  821] - ------------------------------------------
[INFO ][2015-12-09 12:21:49,826][com.java.SeleniumDriver] [  822] - Test case being Executed: 8
[INFO ][2015-12-09 12:21:49,826][com.java.SeleniumDriver] [  833] - Test step:22
[INFO ][2015-12-09 12:21:49,826][com.java.SeleniumDriver] [  845] - Datavalue is----------10
[INFO ][2015-12-09 12:21:49,826][com.java.SeleniumDriver] [  869] - DataField : DSP//td[@class='dlg_StepInfo']
[INFO ][2015-12-09 12:21:49,826][com.java.SeleniumDriver] [  871] - DataValue : 10
[INFO ][2015-12-09 12:21:49,826][com.java.SeleniumDriver] [  877] - <In Set values of the page>
[INFO ][2015-12-09 12:21:49,826][com.java.SeleniumDriver] [  880] - {Data Fields & Data Values Exist}
[INFO ][2015-12-09 12:21:49,826][com.java.SeleniumDriver] [  882] - --------------------------setting values-----------------------------
[INFO ][2015-12-09 12:21:49,826][com.java.SeleniumDriver] [  885] - Action Type : WAITFORELEMENT
[INFO ][2015-12-09 12:21:49,967][com.java.SeleniumDriver] [  894] -  RESULT true
[INFO ][2015-12-09 12:21:49,967][com.java.SeleniumDriver] [ 1100] - ?   P A S S   ?
[INFO ][2015-12-09 12:21:49,967][com.java.SeleniumDriver] [  821] - ------------------------------------------
[INFO ][2015-12-09 12:21:49,967][com.java.SeleniumDriver] [  822] - Test case being Executed: 8
[INFO ][2015-12-09 12:21:49,967][com.java.SeleniumDriver] [  833] - Test step:23
[INFO ][2015-12-09 12:21:49,967][com.java.SeleniumDriver] [  845] - Datavalue is----------//td[@class='dlg_StepInfo']
[INFO ][2015-12-09 12:21:49,967][com.java.SeleniumDriver] [  869] - DataField : BTN
[INFO ][2015-12-09 12:21:49,967][com.java.SeleniumDriver] [  871] - DataValue : //td[@class='dlg_StepInfo']
[INFO ][2015-12-09 12:21:49,967][com.java.SeleniumDriver] [  877] - <In Set values of the page>
[INFO ][2015-12-09 12:21:49,967][com.java.SeleniumDriver] [  880] - {Data Fields & Data Values Exist}
[INFO ][2015-12-09 12:21:49,967][com.java.SeleniumDriver] [  882] - --------------------------setting values-----------------------------
[INFO ][2015-12-09 12:21:49,967][com.java.SeleniumDriver] [  885] - Action Type : VERIFY
[INFO ][2015-12-09 12:21:49,967][com.java.TestType] [ 6674] - field= BTN value= //td[@class='dlg_StepInfo']
[INFO ][2015-12-09 12:21:49,968][com.java.TestType] [ 5446] - value = //td[@class='dlg_StepInfo']
[INFO ][2015-12-09 12:21:50,012][com.java.SeleniumDriver] [  894] -  RESULT true
[INFO ][2015-12-09 12:21:50,012][com.java.SeleniumDriver] [ 1100] - ?   P A S S   ?
[INFO ][2015-12-09 12:21:50,012][com.java.SeleniumDriver] [  821] - ------------------------------------------
[INFO ][2015-12-09 12:21:50,012][com.java.SeleniumDriver] [  822] - Test case being Executed: 8
[INFO ][2015-12-09 12:21:50,012][com.java.SeleniumDriver] [  833] - Test step:24
[INFO ][2015-12-09 12:21:50,012][com.java.SeleniumDriver] [  845] - Datavalue is----------null
[DEBUG][2015-12-09 12:21:50,012][com.java.SeleniumDriver] [  863] - Exception: null
[INFO ][2015-12-09 12:21:50,012][com.java.SeleniumDriver] [  869] - DataField : HDN//td[@class='dlg_Label']/img
[INFO ][2015-12-09 12:21:50,013][com.java.SeleniumDriver] [  871] - DataValue : 
[INFO ][2015-12-09 12:21:50,013][com.java.SeleniumDriver] [  877] - <In Set values of the page>
[INFO ][2015-12-09 12:21:50,013][com.java.SeleniumDriver] [  880] - {Data Fields & Data Values Exist}
[INFO ][2015-12-09 12:21:50,014][com.java.SeleniumDriver] [  882] - --------------------------setting values-----------------------------
[INFO ][2015-12-09 12:21:50,014][com.java.SeleniumDriver] [  885] - Action Type : CLICK
[INFO ][2015-12-09 12:21:50,014][com.java.TestType] [ 5774] - Field ::HDN//td[@class='dlg_Label']/img
[INFO ][2015-12-09 12:21:51,103][com.java.SeleniumDriver] [  894] -  RESULT true
[INFO ][2015-12-09 12:21:51,103][com.java.SeleniumDriver] [ 1100] - ?   P A S S   ?
[INFO ][2015-12-09 12:21:51,103][com.java.SeleniumDriver] [  821] - ------------------------------------------
[INFO ][2015-12-09 12:21:51,103][com.java.SeleniumDriver] [  822] - Test case being Executed: 8
[INFO ][2015-12-09 12:21:51,103][com.java.SeleniumDriver] [  833] - Test step:25
[INFO ][2015-12-09 12:21:51,103][com.java.SeleniumDriver] [  845] - Datavalue is----------10
[INFO ][2015-12-09 12:21:51,103][com.java.SeleniumDriver] [  869] - DataField : DSP//td[@class='dlg_Label']/img
[INFO ][2015-12-09 12:21:51,103][com.java.SeleniumDriver] [  871] - DataValue : 10
[INFO ][2015-12-09 12:21:51,103][com.java.SeleniumDriver] [  877] - <In Set values of the page>
[INFO ][2015-12-09 12:21:51,103][com.java.SeleniumDriver] [  880] - {Data Fields & Data Values Exist}
[INFO ][2015-12-09 12:21:51,103][com.java.SeleniumDriver] [  882] - --------------------------setting values-----------------------------
[INFO ][2015-12-09 12:21:51,103][com.java.SeleniumDriver] [  885] - Action Type : WAITFORELEMENT
[INFO ][2015-12-09 12:21:51,193][com.java.SeleniumDriver] [  894] -  RESULT true
[INFO ][2015-12-09 12:21:51,193][com.java.SeleniumDriver] [ 1100] - ?   P A S S   ?
[INFO ][2015-12-09 12:21:51,193][com.java.SeleniumDriver] [  821] - ------------------------------------------
[INFO ][2015-12-09 12:21:51,193][com.java.SeleniumDriver] [  822] - Test case being Executed: 8
[INFO ][2015-12-09 12:21:51,193][com.java.SeleniumDriver] [  833] - Test step:26
[INFO ][2015-12-09 12:21:51,193][com.java.SeleniumDriver] [  845] - Datavalue is----------null
[DEBUG][2015-12-09 12:21:51,194][com.java.SeleniumDriver] [  863] - Exception: null
[INFO ][2015-12-09 12:21:51,194][com.java.SeleniumDriver] [  869] - DataField : HDN//td[@class='dlg_Label']/img
[INFO ][2015-12-09 12:21:51,194][com.java.SeleniumDriver] [  871] - DataValue : 
[INFO ][2015-12-09 12:21:51,194][com.java.SeleniumDriver] [  877] - <In Set values of the page>
[INFO ][2015-12-09 12:21:51,194][com.java.SeleniumDriver] [  880] - {Data Fields & Data Values Exist}
[INFO ][2015-12-09 12:21:51,194][com.java.SeleniumDriver] [  882] - --------------------------setting values-----------------------------
[INFO ][2015-12-09 12:21:51,194][com.java.SeleniumDriver] [  885] - Action Type : CLICK
[INFO ][2015-12-09 12:21:51,194][com.java.TestType] [ 5774] - Field ::HDN//td[@class='dlg_Label']/img
[INFO ][2015-12-09 12:21:52,293][com.java.SeleniumDriver] [  894] -  RESULT true
[INFO ][2015-12-09 12:21:52,293][com.java.SeleniumDriver] [ 1100] - ?   P A S S   ?
[INFO ][2015-12-09 12:21:52,294][com.java.SeleniumDriver] [  821] - ------------------------------------------
[INFO ][2015-12-09 12:21:52,294][com.java.SeleniumDriver] [  822] - Test case being Executed: 8
[INFO ][2015-12-09 12:21:52,294][com.java.SeleniumDriver] [  833] - Test step:27
[INFO ][2015-12-09 12:21:52,294][com.java.SeleniumDriver] [  845] - Datavalue is----------10
[INFO ][2015-12-09 12:21:52,294][com.java.SeleniumDriver] [  869] - DataField : DSPframeDialogContent
[INFO ][2015-12-09 12:21:52,294][com.java.SeleniumDriver] [  871] - DataValue : 10
[INFO ][2015-12-09 12:21:52,294][com.java.SeleniumDriver] [  877] - <In Set values of the page>
[INFO ][2015-12-09 12:21:52,294][com.java.SeleniumDriver] [  880] - {Data Fields & Data Values Exist}
[INFO ][2015-12-09 12:21:52,294][com.java.SeleniumDriver] [  882] - --------------------------setting values-----------------------------
[INFO ][2015-12-09 12:21:52,294][com.java.SeleniumDriver] [  885] - Action Type : WAITFORELEMENT
[INFO ][2015-12-09 12:21:53,462][com.java.SeleniumDriver] [  894] -  RESULT true
[INFO ][2015-12-09 12:21:53,463][com.java.SeleniumDriver] [ 1100] - ?   P A S S   ?
[INFO ][2015-12-09 12:21:53,463][com.java.SeleniumDriver] [  821] - ------------------------------------------
[INFO ][2015-12-09 12:21:53,463][com.java.SeleniumDriver] [  822] - Test case being Executed: 8
[INFO ][2015-12-09 12:21:53,463][com.java.SeleniumDriver] [  833] - Test step:28
[INFO ][2015-12-09 12:21:53,463][com.java.SeleniumDriver] [  845] - Datavalue is----------null
[DEBUG][2015-12-09 12:21:53,463][com.java.SeleniumDriver] [  863] - Exception: null
[INFO ][2015-12-09 12:21:53,463][com.java.SeleniumDriver] [  869] - DataField : BTNframeDialogContent
[INFO ][2015-12-09 12:21:53,463][com.java.SeleniumDriver] [  871] - DataValue : 
[INFO ][2015-12-09 12:21:53,463][com.java.SeleniumDriver] [  877] - <In Set values of the page>
[INFO ][2015-12-09 12:21:53,463][com.java.SeleniumDriver] [  880] - {Data Fields & Data Values Exist}
[INFO ][2015-12-09 12:21:53,463][com.java.SeleniumDriver] [  882] - --------------------------setting values-----------------------------
[INFO ][2015-12-09 12:21:53,463][com.java.SeleniumDriver] [  885] - Action Type : SELECTFRAME
[INFO ][2015-12-09 12:21:54,597][com.java.SeleniumDriver] [  894] -  RESULT true
[INFO ][2015-12-09 12:21:54,597][com.java.SeleniumDriver] [ 1100] - ?   P A S S   ?
[INFO ][2015-12-09 12:21:54,597][com.java.SeleniumDriver] [  821] - ------------------------------------------
[INFO ][2015-12-09 12:21:54,597][com.java.SeleniumDriver] [  822] - Test case being Executed: 8
[INFO ][2015-12-09 12:21:54,597][com.java.SeleniumDriver] [  833] - Test step:29
[INFO ][2015-12-09 12:21:54,597][com.java.SeleniumDriver] [  845] - Datavalue is----------null
[DEBUG][2015-12-09 12:21:54,597][com.java.SeleniumDriver] [  863] - Exception: null
[INFO ][2015-12-09 12:21:54,598][com.java.SeleniumDriver] [  869] - DataField : BTNbtnNext
[INFO ][2015-12-09 12:21:54,598][com.java.SeleniumDriver] [  871] - DataValue : 
[INFO ][2015-12-09 12:21:54,598][com.java.SeleniumDriver] [  877] - <In Set values of the page>
[INFO ][2015-12-09 12:21:54,598][com.java.SeleniumDriver] [  880] - {Data Fields & Data Values Exist}
[INFO ][2015-12-09 12:21:54,598][com.java.SeleniumDriver] [  882] - --------------------------setting values-----------------------------
[INFO ][2015-12-09 12:21:54,598][com.java.SeleniumDriver] [  885] - Action Type : CLICK
[INFO ][2015-12-09 12:21:54,599][com.java.TestType] [ 5774] - Field ::BTNbtnNext
[INFO ][2015-12-09 12:21:55,599][com.java.TestType] [ 5847] - BEFORE CLICK
[INFO ][2015-12-09 12:21:56,754][com.java.TestType] [ 5854] - Unable to click the object Next Button
[INFO ][2015-12-09 12:21:56,754][com.java.SeleniumDriver] [  894] -  RESULT true
[INFO ][2015-12-09 12:21:56,754][com.java.SeleniumDriver] [ 1100] - ?   P A S S   ?
[INFO ][2015-12-09 12:21:56,754][com.java.SeleniumDriver] [  821] - ------------------------------------------
[INFO ][2015-12-09 12:21:56,754][com.java.SeleniumDriver] [  822] - Test case being Executed: 8
[INFO ][2015-12-09 12:21:56,754][com.java.SeleniumDriver] [  833] - Test step:30
[INFO ][2015-12-09 12:21:56,754][com.java.SeleniumDriver] [  845] - Datavalue is----------null
[DEBUG][2015-12-09 12:21:56,754][com.java.SeleniumDriver] [  863] - Exception: null
[INFO ][2015-12-09 12:21:56,754][com.java.SeleniumDriver] [  869] - DataField : BTNParent
[INFO ][2015-12-09 12:21:56,754][com.java.SeleniumDriver] [  871] - DataValue : 
[INFO ][2015-12-09 12:21:56,754][com.java.SeleniumDriver] [  877] - <In Set values of the page>
[INFO ][2015-12-09 12:21:56,754][com.java.SeleniumDriver] [  880] - {Data Fields & Data Values Exist}
[INFO ][2015-12-09 12:21:56,754][com.java.SeleniumDriver] [  882] - --------------------------setting values-----------------------------
[INFO ][2015-12-09 12:21:56,755][com.java.SeleniumDriver] [  885] - Action Type : SELECTFRAME
[INFO ][2015-12-09 12:21:56,767][com.java.SeleniumDriver] [  894] -  RESULT true
[INFO ][2015-12-09 12:21:56,767][com.java.SeleniumDriver] [ 1100] - ?   P A S S   ?
[INFO ][2015-12-09 12:21:56,767][com.java.SeleniumDriver] [  821] - ------------------------------------------
[INFO ][2015-12-09 12:21:56,767][com.java.SeleniumDriver] [  822] - Test case being Executed: 8
[INFO ][2015-12-09 12:21:56,767][com.java.SeleniumDriver] [  833] - Test step:31
[INFO ][2015-12-09 12:21:56,767][com.java.SeleniumDriver] [  845] - Datavalue is----------5
[INFO ][2015-12-09 12:21:56,767][com.java.SeleniumDriver] [  869] - DataField : null
[INFO ][2015-12-09 12:21:56,767][com.java.SeleniumDriver] [  871] - DataValue : 5
[INFO ][2015-12-09 12:21:56,767][com.java.SeleniumDriver] [  877] - <In Set values of the page>
[INFO ][2015-12-09 12:21:56,767][com.java.SeleniumDriver] [  880] - {Data Fields & Data Values Exist}
[INFO ][2015-12-09 12:21:56,767][com.java.SeleniumDriver] [  882] - --------------------------setting values-----------------------------
[INFO ][2015-12-09 12:21:56,768][com.java.SeleniumDriver] [  885] - Action Type : WAITTIME
[DEBUG][2015-12-09 12:21:56,768][com.java.TestType] [ 5266] - sleepTime: 5000
[INFO ][2015-12-09 12:22:01,769][com.java.SeleniumDriver] [  894] -  RESULT true
[INFO ][2015-12-09 12:22:01,769][com.java.SeleniumDriver] [ 1100] - ?   P A S S   ?
[INFO ][2015-12-09 12:22:01,769][com.java.SeleniumDriver] [  821] - ------------------------------------------
[INFO ][2015-12-09 12:22:01,769][com.java.SeleniumDriver] [  822] - Test case being Executed: 8
[INFO ][2015-12-09 12:22:01,769][com.java.SeleniumDriver] [  833] - Test step:32
[INFO ][2015-12-09 12:22:01,769][com.java.SeleniumDriver] [  845] - Datavalue is----------Forecasting 
[INFO ][2015-12-09 12:22:01,769][com.java.SeleniumDriver] [  869] - DataField : TTL
[INFO ][2015-12-09 12:22:01,769][com.java.SeleniumDriver] [  871] - DataValue : Forecasting 
[INFO ][2015-12-09 12:22:01,769][com.java.SeleniumDriver] [  877] - <In Set values of the page>
[INFO ][2015-12-09 12:22:01,769][com.java.SeleniumDriver] [  880] - {Data Fields & Data Values Exist}
[INFO ][2015-12-09 12:22:01,769][com.java.SeleniumDriver] [  882] - --------------------------setting values-----------------------------
[INFO ][2015-12-09 12:22:01,769][com.java.SeleniumDriver] [  885] - Action Type : CLOSEWINDOW
[INFO ][2015-12-09 12:22:02,082][com.java.SeleniumDriver] [  894] -  RESULT true
[INFO ][2015-12-09 12:22:02,082][com.java.SeleniumDriver] [ 1100] - ?   P A S S   ?
[INFO ][2015-12-09 12:22:02,082][com.java.SeleniumDriver] [  821] - ------------------------------------------
[INFO ][2015-12-09 12:22:02,082][com.java.SeleniumDriver] [  822] - Test case being Executed: 8
[INFO ][2015-12-09 12:22:02,082][com.java.SeleniumDriver] [  833] - Test step:33
[INFO ][2015-12-09 12:22:02,082][com.java.SeleniumDriver] [  845] - Datavalue is----------Banker'sDashboard
[INFO ][2015-12-09 12:22:02,082][com.java.SeleniumDriver] [  869] - DataField : TTL
[INFO ][2015-12-09 12:22:02,082][com.java.SeleniumDriver] [  871] - DataValue : Banker'sDashboard
[INFO ][2015-12-09 12:22:02,082][com.java.SeleniumDriver] [  877] - <In Set values of the page>
[INFO ][2015-12-09 12:22:02,082][com.java.SeleniumDriver] [  880] - {Data Fields & Data Values Exist}
[INFO ][2015-12-09 12:22:02,082][com.java.SeleniumDriver] [  882] - --------------------------setting values-----------------------------
[INFO ][2015-12-09 12:22:02,082][com.java.SeleniumDriver] [  885] - Action Type : SelectWindow
[INFO ][2015-12-09 12:22:14,516][com.java.SeleniumDriver] [  894] -  RESULT true
[INFO ][2015-12-09 12:22:14,516][com.java.SeleniumDriver] [ 1100] - ?   P A S S   ?
[INFO ][2015-12-09 12:22:14,516][com.java.SeleniumDriver] [  821] - ------------------------------------------
[INFO ][2015-12-09 12:22:14,516][com.java.SeleniumDriver] [  822] - Test case being Executed: 8
[INFO ][2015-12-09 12:22:14,516][com.java.SeleniumDriver] [  833] - Test step:34
[INFO ][2015-12-09 12:22:14,516][com.java.SeleniumDriver] [  845] - Datavalue is----------Logout
[INFO ][2015-12-09 12:22:14,516][com.java.SeleniumDriver] [  869] - DataField : test
[INFO ][2015-12-09 12:22:14,516][com.java.SeleniumDriver] [  871] - DataValue : Logout
[INFO ][2015-12-09 12:22:14,516][com.java.SeleniumDriver] [  877] - <In Set values of the page>
[INFO ][2015-12-09 12:22:14,516][com.java.SeleniumDriver] [  880] - {Data Fields & Data Values Exist}
[INFO ][2015-12-09 12:22:14,516][com.java.SeleniumDriver] [  882] - --------------------------setting values-----------------------------
[INFO ][2015-12-09 12:22:14,516][com.java.SeleniumDriver] [  885] - Action Type : Logout
[INFO ][2015-12-09 12:22:16,823][com.java.TestType] [ 5774] - Field ::CNF
[INFO ][2015-12-09 12:22:19,132][com.java.TestType] [ 5864] - Click the object confirmation
[INFO ][2015-12-09 12:22:19,132][com.java.TestType] [ 5865] - Unable to click the object confirmation
[DEBUG][2015-12-09 12:22:20,345][com.java.SeleniumDriver] [  426] - Hub ip address is-------172.17.68.34
[INFO ][2015-12-09 12:22:20,345][com.java.SeleniumDriver] [  452] - Grid URL:http://172.17.68.34:4444/wd/hub
[INFO ][2015-12-09 12:22:20,345][com.java.SeleniumDriver] [  453] - Capability:Capabilities [{platform=ANY, ensureCleanSession=true, ignoreProtectedModeSettings=true, acceptSslCerts=true, ignoreZoomSetting=true, browserName=internet explorer, browserstack.ie.noFlash=true, version=null}]
[ERROR][2015-12-09 12:22:21,348][com.java.SeleniumDriver] [  497] - Unable invoke browser in grid:Could not start a new session. Possible causes are invalid address of the remote server or browser start-up failure.
Build info: version: '2.48.2', revision: '41bccdd', time: '2015-10-09 19:59:12'
System info: host: 'FVTIII438F1D', ip: '172.17.68.34', os.name: 'Windows 7', os.arch: 'x86', os.version: '6.1', java.version: '1.7.0_55'
Driver info: driver.version: SeleniumDriver
[INFO ][2015-12-09 12:22:21,349][com.java.SeleniumDriver] [  499] - Executing on local machine
[INFO ][2015-12-09 12:22:30,527][com.java.SeleniumDriver] [  894] -  RESULT true
[INFO ][2015-12-09 12:22:30,527][com.java.SeleniumDriver] [ 1100] - ?   P A S S   ?
[INFO ][2015-12-09 12:22:30,527][com.java.SeleniumDriver] [  821] - ------------------------------------------
[INFO ][2015-12-09 12:22:30,527][com.java.SeleniumDriver] [  822] - Test case being Executed: 8
[INFO ][2015-12-09 12:22:30,527][com.java.SeleniumDriver] [  833] - Test step:35
[INFO ][2015-12-09 12:22:30,527][com.java.SeleniumDriver] [  845] - Datavalue is----------Logout
[INFO ][2015-12-09 12:22:30,527][com.java.SeleniumDriver] [  869] - DataField : BTN
[INFO ][2015-12-09 12:22:30,527][com.java.SeleniumDriver] [  871] - DataValue : Logout
[INFO ][2015-12-09 12:22:30,527][com.java.SeleniumDriver] [  877] - <In Set values of the page>
[INFO ][2015-12-09 12:22:30,527][com.java.SeleniumDriver] [  880] - {Data Fields & Data Values Exist}
[INFO ][2015-12-09 12:22:30,527][com.java.SeleniumDriver] [  882] - --------------------------setting values-----------------------------
[INFO ][2015-12-09 12:22:30,527][com.java.SeleniumDriver] [  885] - Action Type : Verify
[INFO ][2015-12-09 12:22:30,527][com.java.TestType] [ 6674] - field= BTN value= Logout
[INFO ][2015-12-09 12:22:30,528][com.java.TestType] [ 5446] - value = Logout
[DEBUG][2015-12-09 12:23:06,901][com.java.TestType] [ 6362] - Logout   :: Element not Found
[ERROR][2015-12-09 12:23:24,070][com.java.TestType] [ 7385] - Assertion Error: 
[INFO ][2015-12-09 12:23:24,070][com.java.SeleniumDriver] [  894] -  RESULT false
[INFO ][2015-12-09 12:23:24,071][com.java.SeleniumDriver] [  941] - ?   F A I L   ?
[INFO ][2015-12-09 12:23:24,071][com.java.SeleniumDriver] [  949] - Browser Type : IE10
[INFO ][2015-12-09 12:23:24,071][com.java.SeleniumDriver] [  950] - Adding Failed case8
[DEBUG][2015-12-09 12:23:24,162][com.java.SeleniumDriver] [ 1018] -  tdd.getCondition() IF:39:Next
[INFO ][2015-12-09 12:23:24,162][com.java.SeleniumDriver] [ 1022] - Continue next step...
[INFO ][2015-12-09 12:23:24,162][com.java.SeleniumDriver] [  821] - ------------------------------------------
[INFO ][2015-12-09 12:23:24,162][com.java.SeleniumDriver] [  822] - Test case being Executed: 8
[INFO ][2015-12-09 12:23:24,163][com.java.SeleniumDriver] [  833] - Test step:36
[INFO ][2015-12-09 12:23:24,163][com.java.SeleniumDriver] [  845] - Datavalue is----------Concept#1:1-14
[INFO ][2015-12-09 12:23:24,163][com.java.SeleniumDriver] [  869] - DataField : test
[INFO ][2015-12-09 12:23:24,163][com.java.SeleniumDriver] [  871] - DataValue : Concept#1:1-14
[INFO ][2015-12-09 12:23:24,163][com.java.SeleniumDriver] [  877] - <In Set values of the page>
[INFO ][2015-12-09 12:23:24,163][com.java.SeleniumDriver] [  880] - {Data Fields & Data Values Exist}
[INFO ][2015-12-09 12:23:24,163][com.java.SeleniumDriver] [  882] - --------------------------setting values-----------------------------
[INFO ][2015-12-09 12:23:24,163][com.java.SeleniumDriver] [  885] - Action Type : ExecuteTestCase
[INFO ][2015-12-09 12:23:24,163][com.java.TestType] [  436] - The Concept sheet name is ---------- Concept
[INFO ][2015-12-09 12:23:24,163][com.java.TestType] [  439] - The Concept ID  is ---------- 1
[DEBUG][2015-12-09 12:23:24,163][com.java.TestType] [  443] - Steps being executted in the Concept are: 1:14
[INFO ][2015-12-09 12:23:24,163][com.java.TestType] [  450] - Test data details path ---------- D:\BankersDashboard\TestInputs\TestData.xls
[INFO ][2015-12-09 12:23:24,196][com.java.TestType] [  481] -  str(1) = 1
[INFO ][2015-12-09 12:23:24,197][com.java.TestType] [  484] - Test case Id is---1
[INFO ][2015-12-09 12:23:24,197][com.java.TestType] [  486] - 1
[INFO ][2015-12-09 12:23:24,197][com.java.TestType] [  481] -  str(2) = 1
[INFO ][2015-12-09 12:23:24,198][com.java.TestType] [  533] - row values are--------{1=com.java.Objects.TestDataDetails@1ea3da6}
[INFO ][2015-12-09 12:23:24,198][com.java.TestType] [  481] -  str(1) = 1
[INFO ][2015-12-09 12:23:24,198][com.java.TestType] [  484] - Test case Id is---1
[INFO ][2015-12-09 12:23:24,198][com.java.TestType] [  486] - 1
[INFO ][2015-12-09 12:23:24,198][com.java.TestType] [  481] -  str(2) = 2
[INFO ][2015-12-09 12:23:24,199][com.java.TestType] [  533] - row values are--------{1=com.java.Objects.TestDataDetails@1ea3da6, 2=com.java.Objects.TestDataDetails@81f88f}
[INFO ][2015-12-09 12:23:24,199][com.java.TestType] [  481] -  str(1) = 1
[INFO ][2015-12-09 12:23:24,199][com.java.TestType] [  484] - Test case Id is---1
[INFO ][2015-12-09 12:23:24,199][com.java.TestType] [  486] - 1
[INFO ][2015-12-09 12:23:24,199][com.java.TestType] [  481] -  str(2) = 3
[INFO ][2015-12-09 12:23:24,200][com.java.TestType] [  533] - row values are--------{1=com.java.Objects.TestDataDetails@1ea3da6, 2=com.java.Objects.TestDataDetails@81f88f, 3=com.java.Objects.TestDataDetails@c04f11}
[INFO ][2015-12-09 12:23:24,200][com.java.TestType] [  481] -  str(1) = 1
[INFO ][2015-12-09 12:23:24,200][com.java.TestType] [  484] - Test case Id is---1
[INFO ][2015-12-09 12:23:24,200][com.java.TestType] [  486] - 1
[INFO ][2015-12-09 12:23:24,200][com.java.TestType] [  481] -  str(2) = 4
[INFO ][2015-12-09 12:23:24,201][com.java.TestType] [  533] - row values are--------{1=com.java.Objects.TestDataDetails@1ea3da6, 2=com.java.Objects.TestDataDetails@81f88f, 3=com.java.Objects.TestDataDetails@c04f11, 4=com.java.Objects.TestDataDetails@1351a4}
[INFO ][2015-12-09 12:23:24,201][com.java.TestType] [  481] -  str(1) = 1
[INFO ][2015-12-09 12:23:24,201][com.java.TestType] [  484] - Test case Id is---1
[INFO ][2015-12-09 12:23:24,201][com.java.TestType] [  486] - 1
[INFO ][2015-12-09 12:23:24,201][com.java.TestType] [  481] -  str(2) = 5
[INFO ][2015-12-09 12:23:24,202][com.java.TestType] [  533] - row values are--------{1=com.java.Objects.TestDataDetails@1ea3da6, 2=com.java.Objects.TestDataDetails@81f88f, 3=com.java.Objects.TestDataDetails@c04f11, 4=com.java.Objects.TestDataDetails@1351a4, 5=com.java.Objects.TestDataDetails@17c5337}
[INFO ][2015-12-09 12:23:24,203][com.java.TestType] [  481] -  str(1) = 1
[INFO ][2015-12-09 12:23:24,203][com.java.TestType] [  484] - Test case Id is---1
[INFO ][2015-12-09 12:23:24,203][com.java.TestType] [  486] - 1
[INFO ][2015-12-09 12:23:24,203][com.java.TestType] [  481] -  str(2) = 6
[INFO ][2015-12-09 12:23:24,203][com.java.TestType] [  533] - row values are--------{1=com.java.Objects.TestDataDetails@1ea3da6, 2=com.java.Objects.TestDataDetails@81f88f, 3=com.java.Objects.TestDataDetails@c04f11, 4=com.java.Objects.TestDataDetails@1351a4, 5=com.java.Objects.TestDataDetails@17c5337, 6=com.java.Objects.TestDataDetails@dc688f}
[INFO ][2015-12-09 12:23:24,204][com.java.TestType] [  481] -  str(1) = 1
[INFO ][2015-12-09 12:23:24,204][com.java.TestType] [  484] - Test case Id is---1
[INFO ][2015-12-09 12:23:24,204][com.java.TestType] [  486] - 1
[INFO ][2015-12-09 12:23:24,204][com.java.TestType] [  481] -  str(2) = 7
[INFO ][2015-12-09 12:23:24,204][com.java.TestType] [  533] - row values are--------{1=com.java.Objects.TestDataDetails@1ea3da6, 2=com.java.Objects.TestDataDetails@81f88f, 3=com.java.Objects.TestDataDetails@c04f11, 4=com.java.Objects.TestDataDetails@1351a4, 5=com.java.Objects.TestDataDetails@17c5337, 6=com.java.Objects.TestDataDetails@dc688f, 7=com.java.Objects.TestDataDetails@1a95c9f}
[INFO ][2015-12-09 12:23:24,205][com.java.TestType] [  481] -  str(1) = 1
[INFO ][2015-12-09 12:23:24,205][com.java.TestType] [  484] - Test case Id is---1
[INFO ][2015-12-09 12:23:24,205][com.java.TestType] [  486] - 1
[INFO ][2015-12-09 12:23:24,205][com.java.TestType] [  481] -  str(2) = 8
[INFO ][2015-12-09 12:23:24,205][com.java.TestType] [  533] - row values are--------{1=com.java.Objects.TestDataDetails@1ea3da6, 2=com.java.Objects.TestDataDetails@81f88f, 3=com.java.Objects.TestDataDetails@c04f11, 4=com.java.Objects.TestDataDetails@1351a4, 5=com.java.Objects.TestDataDetails@17c5337, 6=com.java.Objects.TestDataDetails@dc688f, 7=com.java.Objects.TestDataDetails@1a95c9f, 8=com.java.Objects.TestDataDetails@b8b75f}
[INFO ][2015-12-09 12:23:24,205][com.java.TestType] [  481] -  str(1) = 1
[INFO ][2015-12-09 12:23:24,205][com.java.TestType] [  484] - Test case Id is---1
[INFO ][2015-12-09 12:23:24,206][com.java.TestType] [  486] - 1
[INFO ][2015-12-09 12:23:24,206][com.java.TestType] [  481] -  str(2) = 9
[INFO ][2015-12-09 12:23:24,206][com.java.TestType] [  533] - row values are--------{1=com.java.Objects.TestDataDetails@1ea3da6, 2=com.java.Objects.TestDataDetails@81f88f, 3=com.java.Objects.TestDataDetails@c04f11, 4=com.java.Objects.TestDataDetails@1351a4, 5=com.java.Objects.TestDataDetails@17c5337, 6=com.java.Objects.TestDataDetails@dc688f, 7=com.java.Objects.TestDataDetails@1a95c9f, 8=com.java.Objects.TestDataDetails@b8b75f, 9=com.java.Objects.TestDataDetails@7af56d}
[INFO ][2015-12-09 12:23:24,206][com.java.TestType] [  481] -  str(1) = 1
[INFO ][2015-12-09 12:23:24,206][com.java.TestType] [  484] - Test case Id is---1
[INFO ][2015-12-09 12:23:24,206][com.java.TestType] [  486] - 1
[INFO ][2015-12-09 12:23:24,206][com.java.TestType] [  481] -  str(2) = 10
[INFO ][2015-12-09 12:23:24,207][com.java.TestType] [  533] - row values are--------{1=com.java.Objects.TestDataDetails@1ea3da6, 2=com.java.Objects.TestDataDetails@81f88f, 3=com.java.Objects.TestDataDetails@c04f11, 4=com.java.Objects.TestDataDetails@1351a4, 5=com.java.Objects.TestDataDetails@17c5337, 6=com.java.Objects.TestDataDetails@dc688f, 7=com.java.Objects.TestDataDetails@1a95c9f, 8=com.java.Objects.TestDataDetails@b8b75f, 9=com.java.Objects.TestDataDetails@7af56d, 10=com.java.Objects.TestDataDetails@18dcd1e}
[INFO ][2015-12-09 12:23:24,207][com.java.TestType] [  481] -  str(1) = 1
[INFO ][2015-12-09 12:23:24,207][com.java.TestType] [  484] - Test case Id is---1
[INFO ][2015-12-09 12:23:24,207][com.java.TestType] [  486] - 1
[INFO ][2015-12-09 12:23:24,207][com.java.TestType] [  481] -  str(2) = 11
[INFO ][2015-12-09 12:23:24,208][com.java.TestType] [  533] - row values are--------{1=com.java.Objects.TestDataDetails@1ea3da6, 2=com.java.Objects.TestDataDetails@81f88f, 3=com.java.Objects.TestDataDetails@c04f11, 4=com.java.Objects.TestDataDetails@1351a4, 5=com.java.Objects.TestDataDetails@17c5337, 6=com.java.Objects.TestDataDetails@dc688f, 7=com.java.Objects.TestDataDetails@1a95c9f, 8=com.java.Objects.TestDataDetails@b8b75f, 9=com.java.Objects.TestDataDetails@7af56d, 10=com.java.Objects.TestDataDetails@18dcd1e, 11=com.java.Objects.TestDataDetails@af6eb3}
[INFO ][2015-12-09 12:23:24,208][com.java.TestType] [  481] -  str(1) = 1
[INFO ][2015-12-09 12:23:24,208][com.java.TestType] [  484] - Test case Id is---1
[INFO ][2015-12-09 12:23:24,208][com.java.TestType] [  486] - 1
[INFO ][2015-12-09 12:23:24,208][com.java.TestType] [  481] -  str(2) = 12
[INFO ][2015-12-09 12:23:24,209][com.java.TestType] [  533] - row values are--------{1=com.java.Objects.TestDataDetails@1ea3da6, 2=com.java.Objects.TestDataDetails@81f88f, 3=com.java.Objects.TestDataDetails@c04f11, 4=com.java.Objects.TestDataDetails@1351a4, 5=com.java.Objects.TestDataDetails@17c5337, 6=com.java.Objects.TestDataDetails@dc688f, 7=com.java.Objects.TestDataDetails@1a95c9f, 8=com.java.Objects.TestDataDetails@b8b75f, 9=com.java.Objects.TestDataDetails@7af56d, 10=com.java.Objects.TestDataDetails@18dcd1e, 11=com.java.Objects.TestDataDetails@af6eb3, 12=com.java.Objects.TestDataDetails@b0778a}
[INFO ][2015-12-09 12:23:24,209][com.java.TestType] [  481] -  str(1) = 1
[INFO ][2015-12-09 12:23:24,209][com.java.TestType] [  484] - Test case Id is---1
[INFO ][2015-12-09 12:23:24,209][com.java.TestType] [  486] - 1
[INFO ][2015-12-09 12:23:24,209][com.java.TestType] [  481] -  str(2) = 13
[INFO ][2015-12-09 12:23:24,211][com.java.TestType] [  533] - row values are--------{1=com.java.Objects.TestDataDetails@1ea3da6, 2=com.java.Objects.TestDataDetails@81f88f, 3=com.java.Objects.TestDataDetails@c04f11, 4=com.java.Objects.TestDataDetails@1351a4, 5=com.java.Objects.TestDataDetails@17c5337, 6=com.java.Objects.TestDataDetails@dc688f, 7=com.java.Objects.TestDataDetails@1a95c9f, 8=com.java.Objects.TestDataDetails@b8b75f, 9=com.java.Objects.TestDataDetails@7af56d, 10=com.java.Objects.TestDataDetails@18dcd1e, 11=com.java.Objects.TestDataDetails@af6eb3, 12=com.java.Objects.TestDataDetails@b0778a, 13=com.java.Objects.TestDataDetails@117b509}
[INFO ][2015-12-09 12:23:24,211][com.java.TestType] [  481] -  str(1) = 1
[INFO ][2015-12-09 12:23:24,211][com.java.TestType] [  484] - Test case Id is---1
[INFO ][2015-12-09 12:23:24,211][com.java.TestType] [  486] - 1
[INFO ][2015-12-09 12:23:24,211][com.java.TestType] [  481] -  str(2) = 14
[INFO ][2015-12-09 12:23:24,211][com.java.TestType] [  533] - row values are--------{1=com.java.Objects.TestDataDetails@1ea3da6, 2=com.java.Objects.TestDataDetails@81f88f, 3=com.java.Objects.TestDataDetails@c04f11, 4=com.java.Objects.TestDataDetails@1351a4, 5=com.java.Objects.TestDataDetails@17c5337, 6=com.java.Objects.TestDataDetails@dc688f, 7=com.java.Objects.TestDataDetails@1a95c9f, 8=com.java.Objects.TestDataDetails@b8b75f, 9=com.java.Objects.TestDataDetails@7af56d, 10=com.java.Objects.TestDataDetails@18dcd1e, 11=com.java.Objects.TestDataDetails@af6eb3, 12=com.java.Objects.TestDataDetails@b0778a, 13=com.java.Objects.TestDataDetails@117b509, 14=com.java.Objects.TestDataDetails@d72971}
[INFO ][2015-12-09 12:23:24,212][com.java.TestType] [  481] -  str(1) = 1
[INFO ][2015-12-09 12:23:24,212][com.java.TestType] [  484] - Test case Id is---1
[INFO ][2015-12-09 12:23:24,212][com.java.TestType] [  486] - 1
[INFO ][2015-12-09 12:23:24,212][com.java.TestType] [  481] -  str(2) = 15
[INFO ][2015-12-09 12:23:24,212][com.java.TestType] [  533] - row values are--------{1=com.java.Objects.TestDataDetails@1ea3da6, 2=com.java.Objects.TestDataDetails@81f88f, 3=com.java.Objects.TestDataDetails@c04f11, 4=com.java.Objects.TestDataDetails@1351a4, 5=com.java.Objects.TestDataDetails@17c5337, 6=com.java.Objects.TestDataDetails@dc688f, 7=com.java.Objects.TestDataDetails@1a95c9f, 8=com.java.Objects.TestDataDetails@b8b75f, 9=com.java.Objects.TestDataDetails@7af56d, 10=com.java.Objects.TestDataDetails@18dcd1e, 11=com.java.Objects.TestDataDetails@af6eb3, 12=com.java.Objects.TestDataDetails@b0778a, 13=com.java.Objects.TestDataDetails@117b509, 14=com.java.Objects.TestDataDetails@d72971, 15=com.java.Objects.TestDataDetails@f9db3c}
[INFO ][2015-12-09 12:23:24,212][com.java.TestType] [  481] -  str(1) = 1
[INFO ][2015-12-09 12:23:24,212][com.java.TestType] [  484] - Test case Id is---1
[INFO ][2015-12-09 12:23:24,213][com.java.TestType] [  486] - 1
[INFO ][2015-12-09 12:23:24,213][com.java.TestType] [  481] -  str(2) = 16
[INFO ][2015-12-09 12:23:24,213][com.java.TestType] [  533] - row values are--------{1=com.java.Objects.TestDataDetails@1ea3da6, 2=com.java.Objects.TestDataDetails@81f88f, 3=com.java.Objects.TestDataDetails@c04f11, 4=com.java.Objects.TestDataDetails@1351a4, 5=com.java.Objects.TestDataDetails@17c5337, 6=com.java.Objects.TestDataDetails@dc688f, 7=com.java.Objects.TestDataDetails@1a95c9f, 8=com.java.Objects.TestDataDetails@b8b75f, 9=com.java.Objects.TestDataDetails@7af56d, 10=com.java.Objects.TestDataDetails@18dcd1e, 11=com.java.Objects.TestDataDetails@af6eb3, 12=com.java.Objects.TestDataDetails@b0778a, 13=com.java.Objects.TestDataDetails@117b509, 14=com.java.Objects.TestDataDetails@d72971, 15=com.java.Objects.TestDataDetails@f9db3c, 16=com.java.Objects.TestDataDetails@119d393}
[INFO ][2015-12-09 12:23:24,213][com.java.TestType] [ 9982] - Looping 1TCID = 1
[DEBUG][2015-12-09 12:23:24,213][com.java.TestType] [10023] - Concept ID:1 :: Step being Executed: 1::1
[INFO ][2015-12-09 12:23:24,214][com.java.TestType] [10061] - dataFields : TXTusername
[DEBUG][2015-12-09 12:23:24,214][com.java.TestType] [10067] - <In Set values of the page>
[DEBUG][2015-12-09 12:23:24,214][com.java.TestType] [10072] - {Data Fields & Data Values Exist}
[INFO ][2015-12-09 12:23:24,214][com.java.TestType] [10078] - --------------------------setting values-----------------------------
[INFO ][2015-12-09 12:23:24,214][com.java.TestType] [10081] - Action Type : CLEARANDENTER
[INFO ][2015-12-09 12:23:24,214][com.java.TestType] [ 5446] - value = valuelabs.ie10.15310
[INFO ][2015-12-09 12:23:28,972][com.java.TestType] [10100] -  RESULT true
[INFO ][2015-12-09 12:23:28,973][com.java.TestType] [10217] - ?   P A S S   ?
[DEBUG][2015-12-09 12:23:28,973][com.java.TestType] [10023] - Concept ID:1 :: Step being Executed: 1::2
[INFO ][2015-12-09 12:23:28,973][com.java.TestType] [10061] - dataFields : TXTpassword
[DEBUG][2015-12-09 12:23:28,973][com.java.TestType] [10067] - <In Set values of the page>
[DEBUG][2015-12-09 12:23:28,973][com.java.TestType] [10072] - {Data Fields & Data Values Exist}
[INFO ][2015-12-09 12:23:28,973][com.java.TestType] [10078] - --------------------------setting values-----------------------------
[INFO ][2015-12-09 12:23:28,973][com.java.TestType] [10081] - Action Type : CLEARANDENTER
[INFO ][2015-12-09 12:23:28,973][com.java.TestType] [ 5446] - value = Password1*
[INFO ][2015-12-09 12:23:33,835][com.java.TestType] [10100] -  RESULT true
[INFO ][2015-12-09 12:23:33,836][com.java.TestType] [10217] - ?   P A S S   ?
[DEBUG][2015-12-09 12:23:33,836][com.java.TestType] [10023] - Concept ID:1 :: Step being Executed: 1::3
[ERROR][2015-12-09 12:23:33,836][com.java.TestType] [10056] - Exception: null
[INFO ][2015-12-09 12:23:33,836][com.java.TestType] [10061] - dataFields : XPH//button[@type='submit']
[DEBUG][2015-12-09 12:23:33,836][com.java.TestType] [10067] - <In Set values of the page>
[DEBUG][2015-12-09 12:23:33,836][com.java.TestType] [10072] - {Data Fields & Data Values Exist}
[INFO ][2015-12-09 12:23:33,836][com.java.TestType] [10078] - --------------------------setting values-----------------------------
[INFO ][2015-12-09 12:23:33,836][com.java.TestType] [10081] - Action Type : Click
[INFO ][2015-12-09 12:23:33,836][com.java.TestType] [ 5774] - Field ::XPH//button[@type='submit']
[INFO ][2015-12-09 12:23:34,836][com.java.TestType] [ 5868] - BEFORE CLICK
[INFO ][2015-12-09 12:23:35,661][com.java.TestType] [ 5876] - Unable to click the object Login
[INFO ][2015-12-09 12:23:35,661][com.java.TestType] [10100] -  RESULT true
[INFO ][2015-12-09 12:23:35,661][com.java.TestType] [10217] - ?   P A S S   ?
[DEBUG][2015-12-09 12:23:35,661][com.java.TestType] [10023] - Concept ID:1 :: Step being Executed: 1::4
[INFO ][2015-12-09 12:23:35,661][com.java.TestType] [10061] - dataFields : LNKLogout
[DEBUG][2015-12-09 12:23:35,661][com.java.TestType] [10067] - <In Set values of the page>
[DEBUG][2015-12-09 12:23:35,661][com.java.TestType] [10072] - {Data Fields & Data Values Exist}
[INFO ][2015-12-09 12:23:35,661][com.java.TestType] [10078] - --------------------------setting values-----------------------------
[INFO ][2015-12-09 12:23:35,661][com.java.TestType] [10081] - Action Type : WaitForElement
[INFO ][2015-12-09 12:23:43,437][com.java.TestType] [10100] -  RESULT true
[INFO ][2015-12-09 12:23:43,437][com.java.TestType] [10217] - ?   P A S S   ?
[INFO ][2015-12-09 12:23:43,437][com.java.TestType] [10288] - Looping End......
[INFO ][2015-12-09 12:23:43,441][com.java.SeleniumDriver] [  894] -  RESULT true
[INFO ][2015-12-09 12:23:43,441][com.java.SeleniumDriver] [ 1100] - ?   P A S S   ?
[INFO ][2015-12-09 12:23:43,441][com.java.SeleniumDriver] [  821] - ------------------------------------------
[INFO ][2015-12-09 12:23:43,441][com.java.SeleniumDriver] [  822] - Test case being Executed: 8
[INFO ][2015-12-09 12:23:43,442][com.java.SeleniumDriver] [  833] - Test step:37
[INFO ][2015-12-09 12:23:43,442][com.java.SeleniumDriver] [  845] - Datavalue is----------Concept#2:1-2
[INFO ][2015-12-09 12:23:43,442][com.java.SeleniumDriver] [  869] - DataField : test
[INFO ][2015-12-09 12:23:43,442][com.java.SeleniumDriver] [  871] - DataValue : Concept#2:1-2
[INFO ][2015-12-09 12:23:43,442][com.java.SeleniumDriver] [  877] - <In Set values of the page>
[INFO ][2015-12-09 12:23:43,442][com.java.SeleniumDriver] [  880] - {Data Fields & Data Values Exist}
[INFO ][2015-12-09 12:23:43,442][com.java.SeleniumDriver] [  882] - --------------------------setting values-----------------------------
[INFO ][2015-12-09 12:23:43,442][com.java.SeleniumDriver] [  885] - Action Type : ExecuteTestCase
[INFO ][2015-12-09 12:23:43,442][com.java.TestType] [  436] - The Concept sheet name is ---------- Concept
[INFO ][2015-12-09 12:23:43,442][com.java.TestType] [  439] - The Concept ID  is ---------- 2
[DEBUG][2015-12-09 12:23:43,442][com.java.TestType] [  443] - Steps being executted in the Concept are: 1:2
[INFO ][2015-12-09 12:23:43,442][com.java.TestType] [  450] - Test data details path ---------- D:\BankersDashboard\TestInputs\TestData.xls
[INFO ][2015-12-09 12:23:43,474][com.java.TestType] [  481] -  str(1) = 2
[INFO ][2015-12-09 12:23:43,474][com.java.TestType] [  484] - Test case Id is---2
[INFO ][2015-12-09 12:23:43,475][com.java.TestType] [  486] - 2
[INFO ][2015-12-09 12:23:43,475][com.java.TestType] [  481] -  str(2) = 1
[INFO ][2015-12-09 12:23:43,476][com.java.TestType] [  533] - row values are--------{1=com.java.Objects.TestDataDetails@1bd18e4}
[INFO ][2015-12-09 12:23:43,476][com.java.TestType] [  481] -  str(1) = 2
[INFO ][2015-12-09 12:23:43,476][com.java.TestType] [  484] - Test case Id is---2
[INFO ][2015-12-09 12:23:43,476][com.java.TestType] [  486] - 2
[INFO ][2015-12-09 12:23:43,476][com.java.TestType] [  481] -  str(2) = 2
[INFO ][2015-12-09 12:23:43,477][com.java.TestType] [  533] - row values are--------{1=com.java.Objects.TestDataDetails@1bd18e4, 2=com.java.Objects.TestDataDetails@ed7c83}
[INFO ][2015-12-09 12:23:43,477][com.java.TestType] [  481] -  str(1) = 2
[INFO ][2015-12-09 12:23:43,477][com.java.TestType] [  484] - Test case Id is---2
[INFO ][2015-12-09 12:23:43,477][com.java.TestType] [  486] - 2
[INFO ][2015-12-09 12:23:43,477][com.java.TestType] [  481] -  str(2) = 3
[INFO ][2015-12-09 12:23:43,478][com.java.TestType] [  533] - row values are--------{1=com.java.Objects.TestDataDetails@1bd18e4, 2=com.java.Objects.TestDataDetails@ed7c83, 3=com.java.Objects.TestDataDetails@14a5d1b}
[INFO ][2015-12-09 12:23:43,478][com.java.TestType] [ 9982] - Looping 1TCID = 2
[DEBUG][2015-12-09 12:23:43,478][com.java.TestType] [10023] - Concept ID:2 :: Step being Executed: 2::1
[INFO ][2015-12-09 12:23:43,478][com.java.TestType] [10061] - dataFields : BNK//select[@id='bank']
[DEBUG][2015-12-09 12:23:43,478][com.java.TestType] [10067] - <In Set values of the page>
[DEBUG][2015-12-09 12:23:43,478][com.java.TestType] [10072] - {Data Fields & Data Values Exist}
[INFO ][2015-12-09 12:23:43,478][com.java.TestType] [10078] - --------------------------setting values-----------------------------
[INFO ][2015-12-09 12:23:43,478][com.java.TestType] [10081] - Action Type : Select
[INFO ][2015-12-09 12:23:43,479][com.java.TestType] [ 5446] - value = PFC
[INFO ][2015-12-09 12:23:43,621][com.java.TestType] [10100] -  RESULT true
[INFO ][2015-12-09 12:23:43,622][com.java.TestType] [10217] - ?   P A S S   ?
[DEBUG][2015-12-09 12:23:43,622][com.java.TestType] [10023] - Concept ID:2 :: Step being Executed: 2::2
[INFO ][2015-12-09 12:23:43,622][com.java.TestType] [10061] - dataFields : LNKLogout
[DEBUG][2015-12-09 12:23:43,622][com.java.TestType] [10067] - <In Set values of the page>
[DEBUG][2015-12-09 12:23:43,622][com.java.TestType] [10072] - {Data Fields & Data Values Exist}
[INFO ][2015-12-09 12:23:43,622][com.java.TestType] [10078] - --------------------------setting values-----------------------------
[INFO ][2015-12-09 12:23:43,622][com.java.TestType] [10081] - Action Type : WaitTime
[DEBUG][2015-12-09 12:23:43,622][com.java.TestType] [ 5266] - sleepTime: 5000
[INFO ][2015-12-09 12:23:48,623][com.java.TestType] [10100] -  RESULT true
[INFO ][2015-12-09 12:23:48,623][com.java.TestType] [10217] - ?   P A S S   ?
[INFO ][2015-12-09 12:23:48,623][com.java.TestType] [10288] - Looping End......
[INFO ][2015-12-09 12:23:48,627][com.java.SeleniumDriver] [  894] -  RESULT true
[INFO ][2015-12-09 12:23:48,627][com.java.SeleniumDriver] [ 1100] - ?   P A S S   ?
[INFO ][2015-12-09 12:23:48,627][com.java.SeleniumDriver] [  821] - ------------------------------------------
[INFO ][2015-12-09 12:23:48,627][com.java.SeleniumDriver] [  822] - Test case being Executed: 8
[INFO ][2015-12-09 12:23:48,627][com.java.SeleniumDriver] [  833] - Test step:38
[INFO ][2015-12-09 12:23:48,627][com.java.SeleniumDriver] [  845] - Datavalue is----------null
[DEBUG][2015-12-09 12:23:48,627][com.java.SeleniumDriver] [  863] - Exception: null
[INFO ][2015-12-09 12:23:48,628][com.java.SeleniumDriver] [  869] - DataField : //span[@class='icon-stats']&&//a[@data-id="Forecasting"]
[INFO ][2015-12-09 12:23:48,628][com.java.SeleniumDriver] [  871] - DataValue : 
[INFO ][2015-12-09 12:23:48,628][com.java.SeleniumDriver] [  877] - <In Set values of the page>
[INFO ][2015-12-09 12:23:48,628][com.java.SeleniumDriver] [  880] - {Data Fields & Data Values Exist}
[INFO ][2015-12-09 12:23:48,628][com.java.SeleniumDriver] [  882] - --------------------------setting values-----------------------------
[INFO ][2015-12-09 12:23:48,628][com.java.SeleniumDriver] [  885] - Action Type : MOUSEOVER
[INFO ][2015-12-09 12:24:10,666][com.java.SeleniumDriver] [  894] -  RESULT true
[INFO ][2015-12-09 12:24:10,666][com.java.SeleniumDriver] [ 1100] - ?   P A S S   ?
[INFO ][2015-12-09 12:24:10,666][com.java.SeleniumDriver] [  821] - ------------------------------------------
[INFO ][2015-12-09 12:24:10,666][com.java.SeleniumDriver] [  822] - Test case being Executed: 8
[INFO ][2015-12-09 12:24:10,666][com.java.SeleniumDriver] [  833] - Test step:39
[INFO ][2015-12-09 12:24:10,666][com.java.SeleniumDriver] [  845] - Datavalue is----------5
[INFO ][2015-12-09 12:24:10,666][com.java.SeleniumDriver] [  869] - DataField : null
[INFO ][2015-12-09 12:24:10,666][com.java.SeleniumDriver] [  871] - DataValue : 5
[INFO ][2015-12-09 12:24:10,666][com.java.SeleniumDriver] [  877] - <In Set values of the page>
[INFO ][2015-12-09 12:24:10,666][com.java.SeleniumDriver] [  880] - {Data Fields & Data Values Exist}
[INFO ][2015-12-09 12:24:10,666][com.java.SeleniumDriver] [  882] - --------------------------setting values-----------------------------
[INFO ][2015-12-09 12:24:10,666][com.java.SeleniumDriver] [  885] - Action Type : WAITTIME
[DEBUG][2015-12-09 12:24:10,667][com.java.TestType] [ 5266] - sleepTime: 5000
[INFO ][2015-12-09 12:24:15,667][com.java.SeleniumDriver] [  894] -  RESULT true
[INFO ][2015-12-09 12:24:15,667][com.java.SeleniumDriver] [ 1100] - ?   P A S S   ?
[INFO ][2015-12-09 12:24:15,667][com.java.SeleniumDriver] [  821] - ------------------------------------------
[INFO ][2015-12-09 12:24:15,667][com.java.SeleniumDriver] [  822] - Test case being Executed: 8
[INFO ][2015-12-09 12:24:15,667][com.java.SeleniumDriver] [  833] - Test step:40
[INFO ][2015-12-09 12:24:15,667][com.java.SeleniumDriver] [  845] - Datavalue is----------Forecasting 
[INFO ][2015-12-09 12:24:15,667][com.java.SeleniumDriver] [  869] - DataField : TTL
[INFO ][2015-12-09 12:24:15,667][com.java.SeleniumDriver] [  871] - DataValue : Forecasting 
[INFO ][2015-12-09 12:24:15,667][com.java.SeleniumDriver] [  877] - <In Set values of the page>
[INFO ][2015-12-09 12:24:15,668][com.java.SeleniumDriver] [  880] - {Data Fields & Data Values Exist}
[INFO ][2015-12-09 12:24:15,668][com.java.SeleniumDriver] [  882] - --------------------------setting values-----------------------------
[INFO ][2015-12-09 12:24:15,668][com.java.SeleniumDriver] [  885] - Action Type : SELECTWINDOW
[INFO ][2015-12-09 12:24:28,236][com.java.SeleniumDriver] [  894] -  RESULT true
[INFO ][2015-12-09 12:24:28,236][com.java.SeleniumDriver] [ 1100] - ?   P A S S   ?
[INFO ][2015-12-09 12:24:28,236][com.java.SeleniumDriver] [  821] - ------------------------------------------
[INFO ][2015-12-09 12:24:28,236][com.java.SeleniumDriver] [  822] - Test case being Executed: 8
[INFO ][2015-12-09 12:24:28,236][com.java.SeleniumDriver] [  833] - Test step:41
[INFO ][2015-12-09 12:24:28,236][com.java.SeleniumDriver] [  845] - Datavalue is----------10
[INFO ][2015-12-09 12:24:28,237][com.java.SeleniumDriver] [  869] - DataField : DSP//span[@id='ui-dialog-title-mdDialog']
[INFO ][2015-12-09 12:24:28,237][com.java.SeleniumDriver] [  871] - DataValue : 10
[INFO ][2015-12-09 12:24:28,237][com.java.SeleniumDriver] [  877] - <In Set values of the page>
[INFO ][2015-12-09 12:24:28,237][com.java.SeleniumDriver] [  880] - {Data Fields & Data Values Exist}
[INFO ][2015-12-09 12:24:28,237][com.java.SeleniumDriver] [  882] - --------------------------setting values-----------------------------
[INFO ][2015-12-09 12:24:28,237][com.java.SeleniumDriver] [  885] - Action Type : WAITFORELEMENT
[INFO ][2015-12-09 12:24:28,356][com.java.SeleniumDriver] [  894] -  RESULT true
[INFO ][2015-12-09 12:24:28,357][com.java.SeleniumDriver] [ 1100] - ?   P A S S   ?
[INFO ][2015-12-09 12:24:28,357][com.java.SeleniumDriver] [  821] - ------------------------------------------
[INFO ][2015-12-09 12:24:28,357][com.java.SeleniumDriver] [  822] - Test case being Executed: 8
[INFO ][2015-12-09 12:24:28,357][com.java.SeleniumDriver] [  833] - Test step:42
[INFO ][2015-12-09 12:24:28,357][com.java.SeleniumDriver] [  845] - Datavalue is----------Forecasting 
[INFO ][2015-12-09 12:24:28,357][com.java.SeleniumDriver] [  869] - DataField : XPH//span[@id='ui-dialog-title-mdDialog']
[INFO ][2015-12-09 12:24:28,357][com.java.SeleniumDriver] [  871] - DataValue : Forecasting 
[INFO ][2015-12-09 12:24:28,357][com.java.SeleniumDriver] [  877] - <In Set values of the page>
[INFO ][2015-12-09 12:24:28,357][com.java.SeleniumDriver] [  880] - {Data Fields & Data Values Exist}
[INFO ][2015-12-09 12:24:28,357][com.java.SeleniumDriver] [  882] - --------------------------setting values-----------------------------
[INFO ][2015-12-09 12:24:28,357][com.java.SeleniumDriver] [  885] - Action Type : VERIFY
[INFO ][2015-12-09 12:24:28,357][com.java.TestType] [ 6674] - field= XPH//span[@id='ui-dialog-title-mdDialog'] value= Forecasting 
[INFO ][2015-12-09 12:24:28,358][com.java.TestType] [ 5446] - value = Forecasting 
[INFO ][2015-12-09 12:24:28,467][com.java.SeleniumDriver] [  894] -  RESULT true
[INFO ][2015-12-09 12:24:28,468][com.java.SeleniumDriver] [ 1100] - ?   P A S S   ?
[INFO ][2015-12-09 12:24:28,468][com.java.SeleniumDriver] [  821] - ------------------------------------------
[INFO ][2015-12-09 12:24:28,468][com.java.SeleniumDriver] [  822] - Test case being Executed: 8
[INFO ][2015-12-09 12:24:28,468][com.java.SeleniumDriver] [  833] - Test step:43
[INFO ][2015-12-09 12:24:28,468][com.java.SeleniumDriver] [  845] - Datavalue is----------10
[INFO ][2015-12-09 12:24:28,468][com.java.SeleniumDriver] [  869] - DataField : DSP//span[contains(text(),'Forecasting')]
[INFO ][2015-12-09 12:24:28,468][com.java.SeleniumDriver] [  871] - DataValue : 10
[INFO ][2015-12-09 12:24:28,468][com.java.SeleniumDriver] [  877] - <In Set values of the page>
[INFO ][2015-12-09 12:24:28,468][com.java.SeleniumDriver] [  880] - {Data Fields & Data Values Exist}
[INFO ][2015-12-09 12:24:28,468][com.java.SeleniumDriver] [  882] - --------------------------setting values-----------------------------
[INFO ][2015-12-09 12:24:28,468][com.java.SeleniumDriver] [  885] - Action Type : WAITFORELEMENT
[INFO ][2015-12-09 12:24:28,558][com.java.SeleniumDriver] [  894] -  RESULT true
[INFO ][2015-12-09 12:24:28,558][com.java.SeleniumDriver] [ 1100] - ?   P A S S   ?
[INFO ][2015-12-09 12:24:28,558][com.java.SeleniumDriver] [  821] - ------------------------------------------
[INFO ][2015-12-09 12:24:28,558][com.java.SeleniumDriver] [  822] - Test case being Executed: 8
[INFO ][2015-12-09 12:24:28,558][com.java.SeleniumDriver] [  833] - Test step:44
[INFO ][2015-12-09 12:24:28,559][com.java.SeleniumDriver] [  845] - Datavalue is----------null
[DEBUG][2015-12-09 12:24:28,559][com.java.SeleniumDriver] [  863] - Exception: null
[INFO ][2015-12-09 12:24:28,559][com.java.SeleniumDriver] [  869] - DataField : BTNframeDialogContent
[INFO ][2015-12-09 12:24:28,559][com.java.SeleniumDriver] [  871] - DataValue : 
[INFO ][2015-12-09 12:24:28,559][com.java.SeleniumDriver] [  877] - <In Set values of the page>
[INFO ][2015-12-09 12:24:28,559][com.java.SeleniumDriver] [  880] - {Data Fields & Data Values Exist}
[INFO ][2015-12-09 12:24:28,559][com.java.SeleniumDriver] [  882] - --------------------------setting values-----------------------------
[INFO ][2015-12-09 12:24:28,559][com.java.SeleniumDriver] [  885] - Action Type : SELECTFRAME
[INFO ][2015-12-09 12:24:29,792][com.java.SeleniumDriver] [  894] -  RESULT true
[INFO ][2015-12-09 12:24:29,792][com.java.SeleniumDriver] [ 1100] - ?   P A S S   ?
[INFO ][2015-12-09 12:24:29,792][com.java.SeleniumDriver] [  821] - ------------------------------------------
[INFO ][2015-12-09 12:24:29,792][com.java.SeleniumDriver] [  822] - Test case being Executed: 8
[INFO ][2015-12-09 12:24:29,792][com.java.SeleniumDriver] [  833] - Test step:45
[INFO ][2015-12-09 12:24:29,792][com.java.SeleniumDriver] [  845] - Datavalue is----------10
[INFO ][2015-12-09 12:24:29,792][com.java.SeleniumDriver] [  869] - DataField : DSPddlProjects
[INFO ][2015-12-09 12:24:29,793][com.java.SeleniumDriver] [  871] - DataValue : 10
[INFO ][2015-12-09 12:24:29,793][com.java.SeleniumDriver] [  877] - <In Set values of the page>
[INFO ][2015-12-09 12:24:29,793][com.java.SeleniumDriver] [  880] - {Data Fields & Data Values Exist}
[INFO ][2015-12-09 12:24:29,793][com.java.SeleniumDriver] [  882] - --------------------------setting values-----------------------------
[INFO ][2015-12-09 12:24:29,793][com.java.SeleniumDriver] [  885] - Action Type : WAITFORELEMENT
[INFO ][2015-12-09 12:24:30,939][com.java.SeleniumDriver] [  894] -  RESULT true
[INFO ][2015-12-09 12:24:30,939][com.java.SeleniumDriver] [ 1100] - ?   P A S S   ?
[INFO ][2015-12-09 12:24:30,939][com.java.SeleniumDriver] [  821] - ------------------------------------------
[INFO ][2015-12-09 12:24:30,939][com.java.SeleniumDriver] [  822] - Test case being Executed: 8
[INFO ][2015-12-09 12:24:30,939][com.java.SeleniumDriver] [  833] - Test step:46
[INFO ][2015-12-09 12:24:30,939][com.java.SeleniumDriver] [  845] - Datavalue is----------HMVCurrentProject
[INFO ][2015-12-09 12:24:30,939][com.java.SeleniumDriver] [  869] - DataField : COBddlProjects
[INFO ][2015-12-09 12:24:30,940][com.java.SeleniumDriver] [  871] - DataValue : HMVCurrentProject
[INFO ][2015-12-09 12:24:30,940][com.java.SeleniumDriver] [  877] - <In Set values of the page>
[INFO ][2015-12-09 12:24:30,940][com.java.SeleniumDriver] [  880] - {Data Fields & Data Values Exist}
[INFO ][2015-12-09 12:24:30,940][com.java.SeleniumDriver] [  882] - --------------------------setting values-----------------------------
[INFO ][2015-12-09 12:24:30,940][com.java.SeleniumDriver] [  885] - Action Type : SELECT
[INFO ][2015-12-09 12:24:30,940][com.java.TestType] [ 5446] - value = Budget 2014 1-21-2014
[INFO ][2015-12-09 12:24:32,031][com.java.TestType] [ 5564] -  In COB ddlProjects : Budget 2014 1-21-2014
[DEBUG][2015-12-09 12:24:33,099][com.java.TestType] [ 5589] - Java Script : javascript:var s = document.getElementById('ddlProjects');for (i = 0; i< s.options.length; i++){   if (s.options[i].text.trim().toUpperCase() == 'BUDGET 2014 1-21-2014'){      s.options[i].selected = true;      s.click();      break;   }}
[INFO ][2015-12-09 12:24:35,111][com.java.SeleniumDriver] [  894] -  RESULT true
[INFO ][2015-12-09 12:24:35,111][com.java.SeleniumDriver] [ 1100] - ?   P A S S   ?
[INFO ][2015-12-09 12:24:35,111][com.java.SeleniumDriver] [  821] - ------------------------------------------
[INFO ][2015-12-09 12:24:35,111][com.java.SeleniumDriver] [  822] - Test case being Executed: 8
[INFO ][2015-12-09 12:24:35,111][com.java.SeleniumDriver] [  833] - Test step:47
[INFO ][2015-12-09 12:24:35,111][com.java.SeleniumDriver] [  845] - Datavalue is----------null
[DEBUG][2015-12-09 12:24:35,111][com.java.SeleniumDriver] [  863] - Exception: null
[INFO ][2015-12-09 12:24:35,111][com.java.SeleniumDriver] [  869] - DataField : HDNbtnOpenProject
[INFO ][2015-12-09 12:24:35,111][com.java.SeleniumDriver] [  871] - DataValue : 
[INFO ][2015-12-09 12:24:35,111][com.java.SeleniumDriver] [  877] - <In Set values of the page>
[INFO ][2015-12-09 12:24:35,112][com.java.SeleniumDriver] [  880] - {Data Fields & Data Values Exist}
[INFO ][2015-12-09 12:24:35,112][com.java.SeleniumDriver] [  882] - --------------------------setting values-----------------------------
[INFO ][2015-12-09 12:24:35,112][com.java.SeleniumDriver] [  885] - Action Type : CLICKWITHALERT
[INFO ][2015-12-09 12:24:35,112][com.java.TestType] [ 5774] - Field ::HDNbtnOpenProject
[INFO ][2015-12-09 12:24:38,382][com.java.SeleniumDriver] [  894] -  RESULT true
[INFO ][2015-12-09 12:24:38,382][com.java.SeleniumDriver] [ 1100] - ?   P A S S   ?
[INFO ][2015-12-09 12:24:38,382][com.java.SeleniumDriver] [  821] - ------------------------------------------
[INFO ][2015-12-09 12:24:38,382][com.java.SeleniumDriver] [  822] - Test case being Executed: 8
[INFO ][2015-12-09 12:24:38,382][com.java.SeleniumDriver] [  833] - Test step:48
[INFO ][2015-12-09 12:24:38,382][com.java.SeleniumDriver] [  845] - Datavalue is----------2
[INFO ][2015-12-09 12:24:38,382][com.java.SeleniumDriver] [  869] - DataField : null
[INFO ][2015-12-09 12:24:38,383][com.java.SeleniumDriver] [  871] - DataValue : 2
[INFO ][2015-12-09 12:24:38,383][com.java.SeleniumDriver] [  877] - <In Set values of the page>
[INFO ][2015-12-09 12:24:38,383][com.java.SeleniumDriver] [  880] - {Data Fields & Data Values Exist}
[INFO ][2015-12-09 12:24:38,383][com.java.SeleniumDriver] [  882] - --------------------------setting values-----------------------------
[INFO ][2015-12-09 12:24:38,383][com.java.SeleniumDriver] [  885] - Action Type : WAITTIME
[DEBUG][2015-12-09 12:24:38,383][com.java.TestType] [ 5266] - sleepTime: 2000
[INFO ][2015-12-09 12:24:40,384][com.java.SeleniumDriver] [  894] -  RESULT true
[INFO ][2015-12-09 12:24:40,384][com.java.SeleniumDriver] [ 1100] - ?   P A S S   ?
[INFO ][2015-12-09 12:24:40,384][com.java.SeleniumDriver] [  821] - ------------------------------------------
[INFO ][2015-12-09 12:24:40,384][com.java.SeleniumDriver] [  822] - Test case being Executed: 8
[INFO ][2015-12-09 12:24:40,384][com.java.SeleniumDriver] [  833] - Test step:49
[INFO ][2015-12-09 12:24:40,384][com.java.SeleniumDriver] [  845] - Datavalue is----------null
[DEBUG][2015-12-09 12:24:40,384][com.java.SeleniumDriver] [  863] - Exception: null
[INFO ][2015-12-09 12:24:40,384][com.java.SeleniumDriver] [  869] - DataField : BTNParent
[INFO ][2015-12-09 12:24:40,384][com.java.SeleniumDriver] [  871] - DataValue : 
[INFO ][2015-12-09 12:24:40,384][com.java.SeleniumDriver] [  877] - <In Set values of the page>
[INFO ][2015-12-09 12:24:40,384][com.java.SeleniumDriver] [  880] - {Data Fields & Data Values Exist}
[INFO ][2015-12-09 12:24:40,384][com.java.SeleniumDriver] [  882] - --------------------------setting values-----------------------------
[INFO ][2015-12-09 12:24:40,384][com.java.SeleniumDriver] [  885] - Action Type : SELECTFRAME
[INFO ][2015-12-09 12:24:40,398][com.java.SeleniumDriver] [  894] -  RESULT true
[INFO ][2015-12-09 12:24:40,398][com.java.SeleniumDriver] [ 1100] - ?   P A S S   ?
[INFO ][2015-12-09 12:24:40,398][com.java.SeleniumDriver] [  821] - ------------------------------------------
[INFO ][2015-12-09 12:24:40,398][com.java.SeleniumDriver] [  822] - Test case being Executed: 8
[INFO ][2015-12-09 12:24:40,398][com.java.SeleniumDriver] [  833] - Test step:50
[INFO ][2015-12-09 12:24:40,398][com.java.SeleniumDriver] [  845] - Datavalue is----------null
[DEBUG][2015-12-09 12:24:40,398][com.java.SeleniumDriver] [  863] - Exception: null
[INFO ][2015-12-09 12:24:40,398][com.java.SeleniumDriver] [  869] - DataField : HDNmenuTools
[INFO ][2015-12-09 12:24:40,398][com.java.SeleniumDriver] [  871] - DataValue : 
[INFO ][2015-12-09 12:24:40,398][com.java.SeleniumDriver] [  877] - <In Set values of the page>
[INFO ][2015-12-09 12:24:40,398][com.java.SeleniumDriver] [  880] - {Data Fields & Data Values Exist}
[INFO ][2015-12-09 12:24:40,398][com.java.SeleniumDriver] [  882] - --------------------------setting values-----------------------------
[INFO ][2015-12-09 12:24:40,399][com.java.SeleniumDriver] [  885] - Action Type : CLICK
[INFO ][2015-12-09 12:24:40,399][com.java.TestType] [ 5774] - Field ::HDNmenuTools
[INFO ][2015-12-09 12:24:42,517][com.java.SeleniumDriver] [  894] -  RESULT true
[INFO ][2015-12-09 12:24:42,517][com.java.SeleniumDriver] [ 1100] - ?   P A S S   ?
[INFO ][2015-12-09 12:24:42,517][com.java.SeleniumDriver] [  821] - ------------------------------------------
[INFO ][2015-12-09 12:24:42,517][com.java.SeleniumDriver] [  822] - Test case being Executed: 8
[INFO ][2015-12-09 12:24:42,517][com.java.SeleniumDriver] [  833] - Test step:51
[INFO ][2015-12-09 12:24:42,517][com.java.SeleniumDriver] [  845] - Datavalue is----------10
[INFO ][2015-12-09 12:24:42,517][com.java.SeleniumDriver] [  869] - DataField : DSPmenuProjectOptions
[INFO ][2015-12-09 12:24:42,517][com.java.SeleniumDriver] [  871] - DataValue : 10
[INFO ][2015-12-09 12:24:42,517][com.java.SeleniumDriver] [  877] - <In Set values of the page>
[INFO ][2015-12-09 12:24:42,517][com.java.SeleniumDriver] [  880] - {Data Fields & Data Values Exist}
[INFO ][2015-12-09 12:24:42,517][com.java.SeleniumDriver] [  882] - --------------------------setting values-----------------------------
[INFO ][2015-12-09 12:24:42,517][com.java.SeleniumDriver] [  885] - Action Type : WAITFORELEMENT
[INFO ][2015-12-09 12:24:43,671][com.java.SeleniumDriver] [  894] -  RESULT true
[INFO ][2015-12-09 12:24:43,671][com.java.SeleniumDriver] [ 1100] - ?   P A S S   ?
[INFO ][2015-12-09 12:24:43,671][com.java.SeleniumDriver] [  821] - ------------------------------------------
[INFO ][2015-12-09 12:24:43,671][com.java.SeleniumDriver] [  822] - Test case being Executed: 8
[INFO ][2015-12-09 12:24:43,671][com.java.SeleniumDriver] [  833] - Test step:52
[INFO ][2015-12-09 12:24:43,671][com.java.SeleniumDriver] [  845] - Datavalue is----------null
[DEBUG][2015-12-09 12:24:43,671][com.java.SeleniumDriver] [  863] - Exception: null
[INFO ][2015-12-09 12:24:43,672][com.java.SeleniumDriver] [  869] - DataField : BTNmenuProjectOptions
[INFO ][2015-12-09 12:24:43,672][com.java.SeleniumDriver] [  871] - DataValue : 
[INFO ][2015-12-09 12:24:43,672][com.java.SeleniumDriver] [  877] - <In Set values of the page>
[INFO ][2015-12-09 12:24:43,672][com.java.SeleniumDriver] [  880] - {Data Fields & Data Values Exist}
[INFO ][2015-12-09 12:24:43,672][com.java.SeleniumDriver] [  882] - --------------------------setting values-----------------------------
[INFO ][2015-12-09 12:24:43,672][com.java.SeleniumDriver] [  885] - Action Type : CLICK
[INFO ][2015-12-09 12:24:43,672][com.java.TestType] [ 5774] - Field ::BTNmenuProjectOptions
[INFO ][2015-12-09 12:24:44,672][com.java.TestType] [ 5847] - BEFORE CLICK
[INFO ][2015-12-09 12:24:47,414][com.java.TestType] [ 5854] - Unable to click the object ProjectOptions
[INFO ][2015-12-09 12:24:47,415][com.java.SeleniumDriver] [  894] -  RESULT true
[INFO ][2015-12-09 12:24:47,415][com.java.SeleniumDriver] [ 1100] - ?   P A S S   ?
[INFO ][2015-12-09 12:24:47,415][com.java.SeleniumDriver] [  821] - ------------------------------------------
[INFO ][2015-12-09 12:24:47,415][com.java.SeleniumDriver] [  822] - Test case being Executed: 8
[INFO ][2015-12-09 12:24:47,415][com.java.SeleniumDriver] [  833] - Test step:53
[INFO ][2015-12-09 12:24:47,415][com.java.SeleniumDriver] [  845] - Datavalue is----------null
[DEBUG][2015-12-09 12:24:47,415][com.java.SeleniumDriver] [  863] - Exception: null
[INFO ][2015-12-09 12:24:47,415][com.java.SeleniumDriver] [  869] - DataField : BTNframeDialogContent
[INFO ][2015-12-09 12:24:47,415][com.java.SeleniumDriver] [  871] - DataValue : 
[INFO ][2015-12-09 12:24:47,415][com.java.SeleniumDriver] [  877] - <In Set values of the page>
[INFO ][2015-12-09 12:24:47,415][com.java.SeleniumDriver] [  880] - {Data Fields & Data Values Exist}
[INFO ][2015-12-09 12:24:47,415][com.java.SeleniumDriver] [  882] - --------------------------setting values-----------------------------
[INFO ][2015-12-09 12:24:47,415][com.java.SeleniumDriver] [  885] - Action Type : SELECTFRAME
[INFO ][2015-12-09 12:24:48,544][com.java.SeleniumDriver] [  894] -  RESULT true
[INFO ][2015-12-09 12:24:48,545][com.java.SeleniumDriver] [ 1100] - ?   P A S S   ?
[INFO ][2015-12-09 12:24:48,545][com.java.SeleniumDriver] [  821] - ------------------------------------------
[INFO ][2015-12-09 12:24:48,545][com.java.SeleniumDriver] [  822] - Test case being Executed: 8
[INFO ][2015-12-09 12:24:48,545][com.java.SeleniumDriver] [  833] - Test step:54
[INFO ][2015-12-09 12:24:48,545][com.java.SeleniumDriver] [  845] - Datavalue is----------10
[INFO ][2015-12-09 12:24:48,545][com.java.SeleniumDriver] [  869] - DataField : DSP//li[text()='Project History']
[INFO ][2015-12-09 12:24:48,545][com.java.SeleniumDriver] [  871] - DataValue : 10
[INFO ][2015-12-09 12:24:48,545][com.java.SeleniumDriver] [  877] - <In Set values of the page>
[INFO ][2015-12-09 12:24:48,545][com.java.SeleniumDriver] [  880] - {Data Fields & Data Values Exist}
[INFO ][2015-12-09 12:24:48,545][com.java.SeleniumDriver] [  882] - --------------------------setting values-----------------------------
[INFO ][2015-12-09 12:24:48,545][com.java.SeleniumDriver] [  885] - Action Type : WAITFORELEMENT
[INFO ][2015-12-09 12:24:48,616][com.java.SeleniumDriver] [  894] -  RESULT true
[INFO ][2015-12-09 12:24:48,616][com.java.SeleniumDriver] [ 1100] - ?   P A S S   ?
[INFO ][2015-12-09 12:24:48,616][com.java.SeleniumDriver] [  821] - ------------------------------------------
[INFO ][2015-12-09 12:24:48,616][com.java.SeleniumDriver] [  822] - Test case being Executed: 8
[INFO ][2015-12-09 12:24:48,616][com.java.SeleniumDriver] [  833] - Test step:55
[INFO ][2015-12-09 12:24:48,616][com.java.SeleniumDriver] [  845] - Datavalue is----------null
[DEBUG][2015-12-09 12:24:48,616][com.java.SeleniumDriver] [  863] - Exception: null
[INFO ][2015-12-09 12:24:48,616][com.java.SeleniumDriver] [  869] - DataField : XPH//li[text()='Project History']
[INFO ][2015-12-09 12:24:48,616][com.java.SeleniumDriver] [  871] - DataValue : 
[INFO ][2015-12-09 12:24:48,616][com.java.SeleniumDriver] [  877] - <In Set values of the page>
[INFO ][2015-12-09 12:24:48,616][com.java.SeleniumDriver] [  880] - {Data Fields & Data Values Exist}
[INFO ][2015-12-09 12:24:48,616][com.java.SeleniumDriver] [  882] - --------------------------setting values-----------------------------
[INFO ][2015-12-09 12:24:48,616][com.java.SeleniumDriver] [  885] - Action Type : CLICK
[INFO ][2015-12-09 12:24:48,617][com.java.TestType] [ 5774] - Field ::XPH//li[text()='Project History']
[INFO ][2015-12-09 12:24:49,617][com.java.TestType] [ 5868] - BEFORE CLICK
[INFO ][2015-12-09 12:24:50,358][com.java.TestType] [ 5876] - Unable to click the object ProjectHistory
[INFO ][2015-12-09 12:24:50,358][com.java.SeleniumDriver] [  894] -  RESULT true
[INFO ][2015-12-09 12:24:50,358][com.java.SeleniumDriver] [ 1100] - ?   P A S S   ?
[INFO ][2015-12-09 12:24:50,358][com.java.SeleniumDriver] [  821] - ------------------------------------------
[INFO ][2015-12-09 12:24:50,358][com.java.SeleniumDriver] [  822] - Test case being Executed: 8
[INFO ][2015-12-09 12:24:50,358][com.java.SeleniumDriver] [  833] - Test step:56
[INFO ][2015-12-09 12:24:50,358][com.java.SeleniumDriver] [  845] - Datavalue is----------null
[DEBUG][2015-12-09 12:24:50,358][com.java.SeleniumDriver] [  863] - Exception: null
[INFO ][2015-12-09 12:24:50,358][com.java.SeleniumDriver] [  869] - DataField : //table[@id='tblProjectHistoryFill']/tbody/tr[1]/td[2]
[INFO ][2015-12-09 12:24:50,358][com.java.SeleniumDriver] [  871] - DataValue : 
[INFO ][2015-12-09 12:24:50,358][com.java.SeleniumDriver] [  877] - <In Set values of the page>
[INFO ][2015-12-09 12:24:50,358][com.java.SeleniumDriver] [  880] - {Data Fields & Data Values Exist}
[INFO ][2015-12-09 12:24:50,359][com.java.SeleniumDriver] [  882] - --------------------------setting values-----------------------------
[INFO ][2015-12-09 12:24:50,359][com.java.SeleniumDriver] [  885] - Action Type : GETTABLESIZEAFTER
[INFO ][2015-12-09 12:24:50,406][com.java.SeleniumDriver] [  894] -  RESULT true
[INFO ][2015-12-09 12:24:50,407][com.java.SeleniumDriver] [ 1100] - ?   P A S S   ?
[INFO ][2015-12-09 12:24:50,407][com.java.SeleniumDriver] [  821] - ------------------------------------------
[INFO ][2015-12-09 12:24:50,407][com.java.SeleniumDriver] [  822] - Test case being Executed: 8
[INFO ][2015-12-09 12:24:50,407][com.java.SeleniumDriver] [  833] - Test step:57
[INFO ][2015-12-09 12:24:50,407][com.java.SeleniumDriver] [  845] - Datavalue is----------Forecasting 
[INFO ][2015-12-09 12:24:50,407][com.java.SeleniumDriver] [  869] - DataField : TTL
[INFO ][2015-12-09 12:24:50,407][com.java.SeleniumDriver] [  871] - DataValue : Forecasting 
[INFO ][2015-12-09 12:24:50,409][com.java.SeleniumDriver] [  877] - <In Set values of the page>
[INFO ][2015-12-09 12:24:50,409][com.java.SeleniumDriver] [  880] - {Data Fields & Data Values Exist}
[INFO ][2015-12-09 12:24:50,409][com.java.SeleniumDriver] [  882] - --------------------------setting values-----------------------------
[INFO ][2015-12-09 12:24:50,409][com.java.SeleniumDriver] [  885] - Action Type : CLOSEWINDOW
[INFO ][2015-12-09 12:24:50,718][com.java.SeleniumDriver] [  894] -  RESULT true
[INFO ][2015-12-09 12:24:50,718][com.java.SeleniumDriver] [ 1100] - ?   P A S S   ?
[INFO ][2015-12-09 12:24:50,718][com.java.SeleniumDriver] [  821] - ------------------------------------------
[INFO ][2015-12-09 12:24:50,718][com.java.SeleniumDriver] [  822] - Test case being Executed: 8
[INFO ][2015-12-09 12:24:50,718][com.java.SeleniumDriver] [  833] - Test step:58
[INFO ][2015-12-09 12:24:50,718][com.java.SeleniumDriver] [  845] - Datavalue is----------Banker'sDashboard
[INFO ][2015-12-09 12:24:50,718][com.java.SeleniumDriver] [  869] - DataField : TTL
[INFO ][2015-12-09 12:24:50,718][com.java.SeleniumDriver] [  871] - DataValue : Banker'sDashboard
[INFO ][2015-12-09 12:24:50,718][com.java.SeleniumDriver] [  877] - <In Set values of the page>
[INFO ][2015-12-09 12:24:50,718][com.java.SeleniumDriver] [  880] - {Data Fields & Data Values Exist}
[INFO ][2015-12-09 12:24:50,718][com.java.SeleniumDriver] [  882] - --------------------------setting values-----------------------------
[INFO ][2015-12-09 12:24:50,718][com.java.SeleniumDriver] [  885] - Action Type : SelectWindow
[INFO ][2015-12-09 12:25:03,162][com.java.SeleniumDriver] [  894] -  RESULT true
[INFO ][2015-12-09 12:25:03,162][com.java.SeleniumDriver] [ 1100] - ?   P A S S   ?
[INFO ][2015-12-09 12:25:03,162][com.java.SeleniumDriver] [  821] - ------------------------------------------
[INFO ][2015-12-09 12:25:03,162][com.java.SeleniumDriver] [  822] - Test case being Executed: 8
[INFO ][2015-12-09 12:25:03,162][com.java.SeleniumDriver] [  833] - Test step:59
[INFO ][2015-12-09 12:25:03,162][com.java.SeleniumDriver] [  845] - Datavalue is----------1
[INFO ][2015-12-09 12:25:03,162][com.java.SeleniumDriver] [  869] - DataField : null
[INFO ][2015-12-09 12:25:03,162][com.java.SeleniumDriver] [  871] - DataValue : 1
[INFO ][2015-12-09 12:25:03,162][com.java.SeleniumDriver] [  877] - <In Set values of the page>
[INFO ][2015-12-09 12:25:03,162][com.java.SeleniumDriver] [  880] - {Data Fields & Data Values Exist}
[INFO ][2015-12-09 12:25:03,162][com.java.SeleniumDriver] [  882] - --------------------------setting values-----------------------------
[INFO ][2015-12-09 12:25:03,163][com.java.SeleniumDriver] [  885] - Action Type : WAITTIME
[DEBUG][2015-12-09 12:25:03,163][com.java.TestType] [ 5266] - sleepTime: 1000
[INFO ][2015-12-09 12:25:04,163][com.java.SeleniumDriver] [  894] -  RESULT true
[INFO ][2015-12-09 12:25:04,163][com.java.SeleniumDriver] [ 1100] - ?   P A S S   ?
[DEBUG][2015-12-09 12:25:04,163][com.java.SeleniumDriver] [ 1212] - Case found
[DEBUG][2015-12-09 12:25:04,163][com.java.SeleniumDriver] [ 1217] - Incrementing ReportCounters[0]:2
[INFO ][2015-12-09 12:25:04,163][com.java.SeleniumDriver] [ 1236] - The results are-------------------[8, 1, SmartFill option, Pass, , Wed Dec 09 12:20:41 IST 2015, 8, 3, SmartFill option, Pass, , Wed Dec 09 12:20:46 IST 2015, 8, 4, SmartFill option, Pass, , Wed Dec 09 12:21:06 IST 2015, 8, 5, SmartFill option, Pass, , Wed Dec 09 12:21:11 IST 2015, 8, 6, SmartFill option, Pass, , Wed Dec 09 12:21:24 IST 2015, 8, 7, SmartFill option, Pass, , Wed Dec 09 12:21:24 IST 2015, 8, 8, SmartFill option, Pass, , Wed Dec 09 12:21:24 IST 2015, 8, 9, SmartFill option, Pass, , Wed Dec 09 12:21:25 IST 2015, 8, 10, SmartFill option, Pass, , Wed Dec 09 12:21:26 IST 2015, 8, 11, SmartFill option, Pass, , Wed Dec 09 12:21:27 IST 2015, 8, 12, SmartFill option, Pass, , Wed Dec 09 12:21:28 IST 2015, 8, 13, SmartFill option, Pass, , Wed Dec 09 12:21:32 IST 2015, 8, 14, SmartFill option, Pass, , Wed Dec 09 12:21:34 IST 2015, 8, 15, SmartFill option, Pass, , Wed Dec 09 12:21:34 IST 2015, 8, 16, SmartFill option, Pass, , Wed Dec 09 12:21:34 IST 2015, 8, 17, SmartFill option, Pass, , Wed Dec 09 12:21:44 IST 2015, 8, 18, SmartFill option, Pass, , Wed Dec 09 12:21:44 IST 2015, 8, 19, SmartFill option, Pass, , Wed Dec 09 12:21:46 IST 2015, 8, 20, SmartFill option, Pass, , Wed Dec 09 12:21:47 IST 2015, 8, 21, SmartFill option, Pass, , Wed Dec 09 12:21:49 IST 2015, 8, 22, SmartFill option, Pass, , Wed Dec 09 12:21:49 IST 2015, 8, 23, SmartFill option, Pass, , Wed Dec 09 12:21:50 IST 2015, 8, 24, SmartFill option, Pass, , Wed Dec 09 12:21:51 IST 2015, 8, 25, SmartFill option, Pass, , Wed Dec 09 12:21:51 IST 2015, 8, 26, SmartFill option, Pass, , Wed Dec 09 12:21:52 IST 2015, 8, 27, SmartFill option, Pass, , Wed Dec 09 12:21:53 IST 2015, 8, 28, SmartFill option, Pass, , Wed Dec 09 12:21:54 IST 2015, 8, 29, SmartFill option, Pass, , Wed Dec 09 12:21:56 IST 2015, 8, 30, SmartFill option, Pass, , Wed Dec 09 12:21:56 IST 2015, 8, 31, SmartFill option, Pass, , Wed Dec 09 12:22:01 IST 2015, 8, 32, SmartFill option, Pass, , Wed Dec 09 12:22:02 IST 2015, 8, 33, SmartFill option, Pass, , Wed Dec 09 12:22:14 IST 2015, 8, 34, SmartFill option, Pass, , Wed Dec 09 12:22:30 IST 2015, 8, 35, SmartFill option, Pass, , Wed Dec 09 12:23:24 IST 2015, 8, 36, SmartFill option, Pass, , Wed Dec 09 12:23:43 IST 2015, 8, 37, SmartFill option, Pass, , Wed Dec 09 12:23:48 IST 2015, 8, 38, SmartFill option, Pass, , Wed Dec 09 12:24:10 IST 2015, 8, 39, SmartFill option, Pass, , Wed Dec 09 12:24:15 IST 2015, 8, 40, SmartFill option, Pass, , Wed Dec 09 12:24:28 IST 2015, 8, 41, SmartFill option, Pass, , Wed Dec 09 12:24:28 IST 2015, 8, 42, SmartFill option, Pass, , Wed Dec 09 12:24:28 IST 2015, 8, 43, SmartFill option, Pass, , Wed Dec 09 12:24:28 IST 2015, 8, 44, SmartFill option, Pass, , Wed Dec 09 12:24:29 IST 2015, 8, 45, SmartFill option, Pass, , Wed Dec 09 12:24:30 IST 2015, 8, 46, SmartFill option, Pass, , Wed Dec 09 12:24:35 IST 2015, 8, 47, SmartFill option, Pass, , Wed Dec 09 12:24:38 IST 2015, 8, 48, SmartFill option, Pass, , Wed Dec 09 12:24:40 IST 2015, 8, 49, SmartFill option, Pass, , Wed Dec 09 12:24:40 IST 2015, 8, 50, SmartFill option, Pass, , Wed Dec 09 12:24:42 IST 2015, 8, 51, SmartFill option, Pass, , Wed Dec 09 12:24:43 IST 2015, 8, 52, SmartFill option, Pass, , Wed Dec 09 12:24:47 IST 2015, 8, 53, SmartFill option, Pass, , Wed Dec 09 12:24:48 IST 2015, 8, 54, SmartFill option, Pass, , Wed Dec 09 12:24:48 IST 2015, 8, 55, SmartFill option, Pass, , Wed Dec 09 12:24:50 IST 2015, 8, 56, SmartFill option, Pass, , Wed Dec 09 12:24:50 IST 2015, 8, 57, SmartFill option, Pass, , Wed Dec 09 12:24:50 IST 2015, 8, 58, SmartFill option, Pass, , Wed Dec 09 12:25:03 IST 2015, 8, 59, SmartFill option, Pass, , Wed Dec 09 12:25:04 IST 2015]
[INFO ][2015-12-09 12:25:04,163][com.java.SeleniumDriver] [ 1240] - End time is-------5 min 15 sec
[INFO ][2015-12-09 12:25:04,163][com.java.SeleniumDriver] [ 1241] - The results are-------------------[8, 1, SmartFill option, Pass, , Wed Dec 09 12:20:41 IST 2015, 8, 3, SmartFill option, Pass, , Wed Dec 09 12:20:46 IST 2015, 8, 4, SmartFill option, Pass, , Wed Dec 09 12:21:06 IST 2015, 8, 5, SmartFill option, Pass, , Wed Dec 09 12:21:11 IST 2015, 8, 6, SmartFill option, Pass, , Wed Dec 09 12:21:24 IST 2015, 8, 7, SmartFill option, Pass, , Wed Dec 09 12:21:24 IST 2015, 8, 8, SmartFill option, Pass, , Wed Dec 09 12:21:24 IST 2015, 8, 9, SmartFill option, Pass, , Wed Dec 09 12:21:25 IST 2015, 8, 10, SmartFill option, Pass, , Wed Dec 09 12:21:26 IST 2015, 8, 11, SmartFill option, Pass, , Wed Dec 09 12:21:27 IST 2015, 8, 12, SmartFill option, Pass, , Wed Dec 09 12:21:28 IST 2015, 8, 13, SmartFill option, Pass, , Wed Dec 09 12:21:32 IST 2015, 8, 14, SmartFill option, Pass, , Wed Dec 09 12:21:34 IST 2015, 8, 15, SmartFill option, Pass, , Wed Dec 09 12:21:34 IST 2015, 8, 16, SmartFill option, Pass, , Wed Dec 09 12:21:34 IST 2015, 8, 17, SmartFill option, Pass, , Wed Dec 09 12:21:44 IST 2015, 8, 18, SmartFill option, Pass, , Wed Dec 09 12:21:44 IST 2015, 8, 19, SmartFill option, Pass, , Wed Dec 09 12:21:46 IST 2015, 8, 20, SmartFill option, Pass, , Wed Dec 09 12:21:47 IST 2015, 8, 21, SmartFill option, Pass, , Wed Dec 09 12:21:49 IST 2015, 8, 22, SmartFill option, Pass, , Wed Dec 09 12:21:49 IST 2015, 8, 23, SmartFill option, Pass, , Wed Dec 09 12:21:50 IST 2015, 8, 24, SmartFill option, Pass, , Wed Dec 09 12:21:51 IST 2015, 8, 25, SmartFill option, Pass, , Wed Dec 09 12:21:51 IST 2015, 8, 26, SmartFill option, Pass, , Wed Dec 09 12:21:52 IST 2015, 8, 27, SmartFill option, Pass, , Wed Dec 09 12:21:53 IST 2015, 8, 28, SmartFill option, Pass, , Wed Dec 09 12:21:54 IST 2015, 8, 29, SmartFill option, Pass, , Wed Dec 09 12:21:56 IST 2015, 8, 30, SmartFill option, Pass, , Wed Dec 09 12:21:56 IST 2015, 8, 31, SmartFill option, Pass, , Wed Dec 09 12:22:01 IST 2015, 8, 32, SmartFill option, Pass, , Wed Dec 09 12:22:02 IST 2015, 8, 33, SmartFill option, Pass, , Wed Dec 09 12:22:14 IST 2015, 8, 34, SmartFill option, Pass, , Wed Dec 09 12:22:30 IST 2015, 8, 35, SmartFill option, Pass, , Wed Dec 09 12:23:24 IST 2015, 8, 36, SmartFill option, Pass, , Wed Dec 09 12:23:43 IST 2015, 8, 37, SmartFill option, Pass, , Wed Dec 09 12:23:48 IST 2015, 8, 38, SmartFill option, Pass, , Wed Dec 09 12:24:10 IST 2015, 8, 39, SmartFill option, Pass, , Wed Dec 09 12:24:15 IST 2015, 8, 40, SmartFill option, Pass, , Wed Dec 09 12:24:28 IST 2015, 8, 41, SmartFill option, Pass, , Wed Dec 09 12:24:28 IST 2015, 8, 42, SmartFill option, Pass, , Wed Dec 09 12:24:28 IST 2015, 8, 43, SmartFill option, Pass, , Wed Dec 09 12:24:28 IST 2015, 8, 44, SmartFill option, Pass, , Wed Dec 09 12:24:29 IST 2015, 8, 45, SmartFill option, Pass, , Wed Dec 09 12:24:30 IST 2015, 8, 46, SmartFill option, Pass, , Wed Dec 09 12:24:35 IST 2015, 8, 47, SmartFill option, Pass, , Wed Dec 09 12:24:38 IST 2015, 8, 48, SmartFill option, Pass, , Wed Dec 09 12:24:40 IST 2015, 8, 49, SmartFill option, Pass, , Wed Dec 09 12:24:40 IST 2015, 8, 50, SmartFill option, Pass, , Wed Dec 09 12:24:42 IST 2015, 8, 51, SmartFill option, Pass, , Wed Dec 09 12:24:43 IST 2015, 8, 52, SmartFill option, Pass, , Wed Dec 09 12:24:47 IST 2015, 8, 53, SmartFill option, Pass, , Wed Dec 09 12:24:48 IST 2015, 8, 54, SmartFill option, Pass, , Wed Dec 09 12:24:48 IST 2015, 8, 55, SmartFill option, Pass, , Wed Dec 09 12:24:50 IST 2015, 8, 56, SmartFill option, Pass, , Wed Dec 09 12:24:50 IST 2015, 8, 57, SmartFill option, Pass, , Wed Dec 09 12:24:50 IST 2015, 8, 58, SmartFill option, Pass, , Wed Dec 09 12:25:03 IST 2015, 8, 59, SmartFill option, Pass, , Wed Dec 09 12:25:04 IST 2015]
[DEBUG][2015-12-09 12:25:04,163][com.java.ImportnExport.ExportTestResultsExcel] [  222] - testResultPath = D:\BankersDashboard/TestReports/Test Results_BankersDashBoard_120915_121950_IE10_CB&S Bank.xls
[DEBUG][2015-12-09 12:25:04,163][com.java.ImportnExport.ExportTestResultsExcel] [  223] - browser is------------IE10
[DEBUG][2015-12-09 12:25:04,166][com.java.ImportnExport.ExportTestResultsExcel] [  270] - result.size() = 348
[DEBUG][2015-12-09 12:25:04,166][com.java.ImportnExport.ExportTestResultsExcel] [  274] - No of rows in sheet=2
[DEBUG][2015-12-09 12:25:04,166][com.java.ImportnExport.ExportTestResultsExcel] [  301] - ..in export..8
[DEBUG][2015-12-09 12:25:04,167][com.java.ImportnExport.ExportTestResultsExcel] [  301] - ..in export..SmartFill option
[DEBUG][2015-12-09 12:25:04,167][com.java.ImportnExport.ExportTestResultsExcel] [  301] - ..in export..Pass
[DEBUG][2015-12-09 12:25:04,167][com.java.ImportnExport.ExportTestResultsExcel] [  301] - ..in export..
[DEBUG][2015-12-09 12:25:04,167][com.java.ImportnExport.ExportTestResultsExcel] [  301] - ..in export..Wed Dec 09 12:20:41 IST 2015
[INFO ][2015-12-09 12:25:04,168][com.java.SeleniumDriver] [ 1299] - out loop:1 size:2 TestCases:[1, 8] testcases:[1, 8]
[INFO ][2015-12-09 12:25:06,168][com.java.SeleniumDriver] [ 1342] - Total Number of Cases:2
[INFO ][2015-12-09 12:25:06,168][com.java.TemplateGenerator] [  302] - Executed:2
[INFO ][2015-12-09 12:25:06,168][com.java.TemplateGenerator] [  303] - Passed:2
[INFO ][2015-12-09 12:25:06,168][com.java.TemplateGenerator] [  304] - Failed:0
[INFO ][2015-12-09 12:25:06,168][com.java.TemplateGenerator] [  305] - Skipeed:0
[INFO ][2015-12-09 12:25:06,168][com.java.TemplateGenerator] [  306] - Application URL:https://clients-xuat.bankersdashboard.com
[INFO ][2015-12-09 12:25:06,168][com.java.TemplateGenerator] [  307] - Start Time:120915_121950
[INFO ][2015-12-09 12:25:06,168][com.java.TemplateGenerator] [  308] -  Creating HTML Report 
[ERROR][2015-12-09 12:25:06,169][com.java.TemplateGenerator] [  409] - Unparseable date: "Wed Dec 09 12:19:50 IST 2015"
[INFO ][2015-12-09 12:25:06,169][com.java.TemplateGenerator] [  654] -  Exporting case :: 1
[INFO ][2015-12-09 12:25:06,169][com.java.TemplateGenerator] [  654] -  Exporting case :: 8
[INFO ][2015-12-09 12:25:06,199][com.java.SeleniumDriver] [ 1391] - End Time:120915_122506
[INFO ][2015-12-09 12:25:06,199][com.java.SeleniumDriver] [ 1394] - Data in Test Execution Details:{1=PASS, 8=PASS}
[INFO ][2015-12-09 12:25:06,199][com.java.SeleniumDriver] [ 1395] - Data in Failed Execution Deatils:{}
[INFO ][2015-12-09 12:25:06,199][com.java.SeleniumDriver] [ 1397] - ReportCounter:Total:2 :: PASS: 2 ::FAIL: 0
[INFO ][2015-12-09 12:25:06,199][com.java.SeleniumDriver] [ 1398] - FailedReportCounter:Total:0 :: PASS: 0 ::FAIL: 0
[INFO ][2015-12-09 12:25:06,205][com.java.EmailTestReport] [   63] - Sending report mail details:
[INFO ][2015-12-09 12:25:06,205][com.java.EmailTestReport] [   80] - Excel Report Path:D:\BankersDashboard/TestReports/Test Results_BankersDashBoard_120915_121950_IE10_CB&S Bank.xls
[INFO ][2015-12-09 12:25:06,205][com.java.EmailTestReport] [   81] - HTML Report Path:D:\BankersDashboard//TestReports//Test Results_BankersDashBoard_120915_121950_IE10_CB&S Bank.html
[INFO ][2015-12-09 12:25:06,205][com.java.EmailTestReport] [   82] - smtpHostName:mail01.valuelabs.com
[INFO ][2015-12-09 12:25:06,205][com.java.EmailTestReport] [   83] - Recipient:venkateswararao.gubbala@valuelabs.com;
[INFO ][2015-12-09 12:25:06,205][com.java.EmailTestReport] [   84] - From:venkateswararao.gubbala@valuelabs.com;
[INFO ][2015-12-09 12:25:06,205][com.java.EmailTestReport] [   85] - Subject:Deluxe Corp Bankers Dashboard Automation Test Report - CB&S Bank - IE10
[INFO ][2015-12-09 12:25:06,222][com.java.EmailTestReport] [  143] -  Added venkateswararao.gubbala@valuelabs.com
[INFO ][2015-12-09 12:25:09,601][com.java.SeleniumDriver] [  720] - quitting the browser 
[INFO ][2015-12-09 12:25:10,725][com.java.SeleniumDriver] [  264] - Execution Completed Stopping the thread
