[INFO ][2015-11-05 16:34:44,550][com.java.SeleniumDriver] [  213] - Execute Failed Casesfalse
[INFO ][2015-11-05 16:34:44,550][com.java.SeleniumDriver] [  214] - Browser: IE11
[INFO ][2015-11-05 16:34:44,560][com.java.SeleniumDriver] [  215] - [1, 11]
[INFO ][2015-11-05 16:34:44,560][com.java.SeleniumDriver] [  216] - Total TestCases:2
[INFO ][2015-11-05 16:34:44,560][com.java.SeleniumDriver] [  217] -  Reading Properties from Property File 
[DEBUG][2015-11-05 16:34:44,560][com.java.SeleniumDriver] [  238] - url : https://clients-xuat.bankersdashboard.com
[INFO ][2015-11-05 16:34:44,560][com.java.ImportnExport.ExportTestResultsExcel] [  116] - Time Stamp Thu Nov 05 04:34:44 IST 2015
[INFO ][2015-11-05 16:34:44,560][com.java.ImportnExport.ExportTestResultsExcel] [  175] - OUT FILE : D:\BankersDashboard/TestReports/Test Results_BankersDashBoard_110515_163444_IE11_Simmons First National Bank.xls
[INFO ][2015-11-05 16:34:44,581][com.java.ImportnExport.ExportTestResultsExcel] [  180] - Test Result file is created
[DEBUG][2015-11-05 16:34:44,681][com.java.SeleniumDriver] [  425] - Hub ip address is-------172.17.68.34
[INFO ][2015-11-05 16:34:44,681][com.java.SeleniumDriver] [  451] - Grid URL:http://172.17.68.34:4444/wd/hub
[INFO ][2015-11-05 16:34:44,681][com.java.SeleniumDriver] [  452] - Capability:Capabilities [{platform=ANY, ensureCleanSession=true, ignoreProtectedModeSettings=true, acceptSslCerts=true, ignoreZoomSetting=true, browserName=internet explorer, browserstack.ie.noFlash=true, version=Node1}]
[ERROR][2015-11-05 16:34:45,971][com.java.SeleniumDriver] [  496] - Unable invoke browser in grid:Could not start a new session. Possible causes are invalid address of the remote server or browser start-up failure.
Build info: version: '2.48.2', revision: '41bccdd', time: '2015-10-09 19:59:12'
System info: host: 'FVTIII438F1D', ip: '172.17.68.34', os.name: 'Windows 7', os.arch: 'x86', os.version: '6.1', java.version: '1.7.0_55'
Driver info: driver.version: SeleniumDriver
[INFO ][2015-11-05 16:34:45,971][com.java.SeleniumDriver] [  498] - Executing on local machine
[INFO ][2015-11-05 16:34:55,236][com.java.SeleniumDriver] [  248] - IE11is opened
[INFO ][2015-11-05 16:34:55,878][com.java.SeleniumDriver] [  752] - Test cases to be executed are: [1, 11]
[INFO ][2015-11-05 16:34:55,878][com.java.ImportnExport.ImportTestDataDetailsExcel] [   49] - test data details path===== D:\BankersDashboard\TestInputs\TestData.xls
[INFO ][2015-11-05 16:35:06,830][com.java.SeleniumDriver] [  788] - ------------------------------------------
[INFO ][2015-11-05 16:35:06,830][com.java.SeleniumDriver] [  789] - Test case being Executed: 1
[INFO ][2015-11-05 16:35:06,831][com.java.SeleniumDriver] [  800] - Test step:1
[INFO ][2015-11-05 16:35:06,831][com.java.SeleniumDriver] [  812] - Datavalue is----------Concept#1:1-14
[INFO ][2015-11-05 16:35:06,831][com.java.SeleniumDriver] [  836] - DataField : test
[INFO ][2015-11-05 16:35:06,831][com.java.SeleniumDriver] [  838] - DataValue : Concept#1:1-14
[INFO ][2015-11-05 16:35:06,831][com.java.SeleniumDriver] [  844] - <In Set values of the page>
[INFO ][2015-11-05 16:35:06,831][com.java.SeleniumDriver] [  847] - {Data Fields & Data Values Exist}
[INFO ][2015-11-05 16:35:06,831][com.java.SeleniumDriver] [  849] - --------------------------setting values-----------------------------
[INFO ][2015-11-05 16:35:06,831][com.java.SeleniumDriver] [  852] - Action Type : ExecuteTestCase
[INFO ][2015-11-05 16:35:06,861][com.java.TestType] [  414] - The Concept sheet name is ---------- Concept
[INFO ][2015-11-05 16:35:06,861][com.java.TestType] [  417] - The Concept ID  is ---------- 1
[DEBUG][2015-11-05 16:35:06,861][com.java.TestType] [  421] - Steps being executted in the Concept are: 1:14
[INFO ][2015-11-05 16:35:06,861][com.java.TestType] [  428] - Test data details path ---------- D:\BankersDashboard\TestInputs\TestData.xls
[INFO ][2015-11-05 16:35:06,891][com.java.TestType] [  459] -  str(1) = 1
[INFO ][2015-11-05 16:35:06,891][com.java.TestType] [  462] - Test case Id is---1
[INFO ][2015-11-05 16:35:06,891][com.java.TestType] [  464] - 1
[INFO ][2015-11-05 16:35:06,891][com.java.TestType] [  459] -  str(2) = 1
[INFO ][2015-11-05 16:35:06,891][com.java.TestType] [  511] - row values are--------{1=com.java.Objects.TestDataDetails@8a0152}
[INFO ][2015-11-05 16:35:06,891][com.java.TestType] [  459] -  str(1) = 1
[INFO ][2015-11-05 16:35:06,891][com.java.TestType] [  462] - Test case Id is---1
[INFO ][2015-11-05 16:35:06,891][com.java.TestType] [  464] - 1
[INFO ][2015-11-05 16:35:06,891][com.java.TestType] [  459] -  str(2) = 2
[INFO ][2015-11-05 16:35:06,901][com.java.TestType] [  511] - row values are--------{1=com.java.Objects.TestDataDetails@8a0152, 2=com.java.Objects.TestDataDetails@1edc134}
[INFO ][2015-11-05 16:35:06,901][com.java.TestType] [  459] -  str(1) = 1
[INFO ][2015-11-05 16:35:06,901][com.java.TestType] [  462] - Test case Id is---1
[INFO ][2015-11-05 16:35:06,901][com.java.TestType] [  464] - 1
[INFO ][2015-11-05 16:35:06,901][com.java.TestType] [  459] -  str(2) = 3
[INFO ][2015-11-05 16:35:06,901][com.java.TestType] [  511] - row values are--------{1=com.java.Objects.TestDataDetails@8a0152, 2=com.java.Objects.TestDataDetails@1edc134, 3=com.java.Objects.TestDataDetails@19de6c}
[INFO ][2015-11-05 16:35:06,901][com.java.TestType] [  459] -  str(1) = 1
[INFO ][2015-11-05 16:35:06,901][com.java.TestType] [  462] - Test case Id is---1
[INFO ][2015-11-05 16:35:06,901][com.java.TestType] [  464] - 1
[INFO ][2015-11-05 16:35:06,901][com.java.TestType] [  459] -  str(2) = 4
[INFO ][2015-11-05 16:35:06,901][com.java.TestType] [  511] - row values are--------{1=com.java.Objects.TestDataDetails@8a0152, 2=com.java.Objects.TestDataDetails@1edc134, 3=com.java.Objects.TestDataDetails@19de6c, 4=com.java.Objects.TestDataDetails@9b81d5}
[INFO ][2015-11-05 16:35:06,901][com.java.TestType] [  459] -  str(1) = 1
[INFO ][2015-11-05 16:35:06,901][com.java.TestType] [  462] - Test case Id is---1
[INFO ][2015-11-05 16:35:06,901][com.java.TestType] [  464] - 1
[INFO ][2015-11-05 16:35:06,901][com.java.TestType] [  459] -  str(2) = 5
[INFO ][2015-11-05 16:35:06,901][com.java.TestType] [  511] - row values are--------{1=com.java.Objects.TestDataDetails@8a0152, 2=com.java.Objects.TestDataDetails@1edc134, 3=com.java.Objects.TestDataDetails@19de6c, 4=com.java.Objects.TestDataDetails@9b81d5, 5=com.java.Objects.TestDataDetails@c42e5a}
[INFO ][2015-11-05 16:35:06,901][com.java.TestType] [  459] -  str(1) = 1
[INFO ][2015-11-05 16:35:06,901][com.java.TestType] [  462] - Test case Id is---1
[INFO ][2015-11-05 16:35:06,901][com.java.TestType] [  464] - 1
[INFO ][2015-11-05 16:35:06,901][com.java.TestType] [  459] -  str(2) = 6
[INFO ][2015-11-05 16:35:06,901][com.java.TestType] [  511] - row values are--------{1=com.java.Objects.TestDataDetails@8a0152, 2=com.java.Objects.TestDataDetails@1edc134, 3=com.java.Objects.TestDataDetails@19de6c, 4=com.java.Objects.TestDataDetails@9b81d5, 5=com.java.Objects.TestDataDetails@c42e5a, 6=com.java.Objects.TestDataDetails@f5bb3d}
[INFO ][2015-11-05 16:35:06,901][com.java.TestType] [  459] -  str(1) = 1
[INFO ][2015-11-05 16:35:06,901][com.java.TestType] [  462] - Test case Id is---1
[INFO ][2015-11-05 16:35:06,901][com.java.TestType] [  464] - 1
[INFO ][2015-11-05 16:35:06,901][com.java.TestType] [  459] -  str(2) = 7
[INFO ][2015-11-05 16:35:06,901][com.java.TestType] [  511] - row values are--------{1=com.java.Objects.TestDataDetails@8a0152, 2=com.java.Objects.TestDataDetails@1edc134, 3=com.java.Objects.TestDataDetails@19de6c, 4=com.java.Objects.TestDataDetails@9b81d5, 5=com.java.Objects.TestDataDetails@c42e5a, 6=com.java.Objects.TestDataDetails@f5bb3d, 7=com.java.Objects.TestDataDetails@945083}
[INFO ][2015-11-05 16:35:06,901][com.java.TestType] [  459] -  str(1) = 1
[INFO ][2015-11-05 16:35:06,901][com.java.TestType] [  462] - Test case Id is---1
[INFO ][2015-11-05 16:35:06,901][com.java.TestType] [  464] - 1
[INFO ][2015-11-05 16:35:06,901][com.java.TestType] [  459] -  str(2) = 8
[INFO ][2015-11-05 16:35:06,901][com.java.TestType] [  511] - row values are--------{1=com.java.Objects.TestDataDetails@8a0152, 2=com.java.Objects.TestDataDetails@1edc134, 3=com.java.Objects.TestDataDetails@19de6c, 4=com.java.Objects.TestDataDetails@9b81d5, 5=com.java.Objects.TestDataDetails@c42e5a, 6=com.java.Objects.TestDataDetails@f5bb3d, 7=com.java.Objects.TestDataDetails@945083, 8=com.java.Objects.TestDataDetails@112c003}
[INFO ][2015-11-05 16:35:06,901][com.java.TestType] [  459] -  str(1) = 1
[INFO ][2015-11-05 16:35:06,911][com.java.TestType] [  462] - Test case Id is---1
[INFO ][2015-11-05 16:35:06,911][com.java.TestType] [  464] - 1
[INFO ][2015-11-05 16:35:06,911][com.java.TestType] [  459] -  str(2) = 9
[INFO ][2015-11-05 16:35:06,911][com.java.TestType] [  511] - row values are--------{1=com.java.Objects.TestDataDetails@8a0152, 2=com.java.Objects.TestDataDetails@1edc134, 3=com.java.Objects.TestDataDetails@19de6c, 4=com.java.Objects.TestDataDetails@9b81d5, 5=com.java.Objects.TestDataDetails@c42e5a, 6=com.java.Objects.TestDataDetails@f5bb3d, 7=com.java.Objects.TestDataDetails@945083, 8=com.java.Objects.TestDataDetails@112c003, 9=com.java.Objects.TestDataDetails@18778fd}
[INFO ][2015-11-05 16:35:06,911][com.java.TestType] [  459] -  str(1) = 1
[INFO ][2015-11-05 16:35:06,911][com.java.TestType] [  462] - Test case Id is---1
[INFO ][2015-11-05 16:35:06,911][com.java.TestType] [  464] - 1
[INFO ][2015-11-05 16:35:06,911][com.java.TestType] [  459] -  str(2) = 10
[INFO ][2015-11-05 16:35:06,911][com.java.TestType] [  511] - row values are--------{1=com.java.Objects.TestDataDetails@8a0152, 2=com.java.Objects.TestDataDetails@1edc134, 3=com.java.Objects.TestDataDetails@19de6c, 4=com.java.Objects.TestDataDetails@9b81d5, 5=com.java.Objects.TestDataDetails@c42e5a, 6=com.java.Objects.TestDataDetails@f5bb3d, 7=com.java.Objects.TestDataDetails@945083, 8=com.java.Objects.TestDataDetails@112c003, 9=com.java.Objects.TestDataDetails@18778fd, 10=com.java.Objects.TestDataDetails@182c145}
[INFO ][2015-11-05 16:35:06,911][com.java.TestType] [  459] -  str(1) = 1
[INFO ][2015-11-05 16:35:06,911][com.java.TestType] [  462] - Test case Id is---1
[INFO ][2015-11-05 16:35:06,911][com.java.TestType] [  464] - 1
[INFO ][2015-11-05 16:35:06,911][com.java.TestType] [  459] -  str(2) = 11
[INFO ][2015-11-05 16:35:06,911][com.java.TestType] [  511] - row values are--------{1=com.java.Objects.TestDataDetails@8a0152, 2=com.java.Objects.TestDataDetails@1edc134, 3=com.java.Objects.TestDataDetails@19de6c, 4=com.java.Objects.TestDataDetails@9b81d5, 5=com.java.Objects.TestDataDetails@c42e5a, 6=com.java.Objects.TestDataDetails@f5bb3d, 7=com.java.Objects.TestDataDetails@945083, 8=com.java.Objects.TestDataDetails@112c003, 9=com.java.Objects.TestDataDetails@18778fd, 10=com.java.Objects.TestDataDetails@182c145, 11=com.java.Objects.TestDataDetails@1137c6}
[INFO ][2015-11-05 16:35:06,911][com.java.TestType] [  459] -  str(1) = 1
[INFO ][2015-11-05 16:35:06,911][com.java.TestType] [  462] - Test case Id is---1
[INFO ][2015-11-05 16:35:06,911][com.java.TestType] [  464] - 1
[INFO ][2015-11-05 16:35:06,911][com.java.TestType] [  459] -  str(2) = 12
[INFO ][2015-11-05 16:35:06,911][com.java.TestType] [  511] - row values are--------{1=com.java.Objects.TestDataDetails@8a0152, 2=com.java.Objects.TestDataDetails@1edc134, 3=com.java.Objects.TestDataDetails@19de6c, 4=com.java.Objects.TestDataDetails@9b81d5, 5=com.java.Objects.TestDataDetails@c42e5a, 6=com.java.Objects.TestDataDetails@f5bb3d, 7=com.java.Objects.TestDataDetails@945083, 8=com.java.Objects.TestDataDetails@112c003, 9=com.java.Objects.TestDataDetails@18778fd, 10=com.java.Objects.TestDataDetails@182c145, 11=com.java.Objects.TestDataDetails@1137c6, 12=com.java.Objects.TestDataDetails@edb374}
[INFO ][2015-11-05 16:35:06,911][com.java.TestType] [  459] -  str(1) = 1
[INFO ][2015-11-05 16:35:06,911][com.java.TestType] [  462] - Test case Id is---1
[INFO ][2015-11-05 16:35:06,911][com.java.TestType] [  464] - 1
[INFO ][2015-11-05 16:35:06,911][com.java.TestType] [  459] -  str(2) = 13
[INFO ][2015-11-05 16:35:06,911][com.java.TestType] [  511] - row values are--------{1=com.java.Objects.TestDataDetails@8a0152, 2=com.java.Objects.TestDataDetails@1edc134, 3=com.java.Objects.TestDataDetails@19de6c, 4=com.java.Objects.TestDataDetails@9b81d5, 5=com.java.Objects.TestDataDetails@c42e5a, 6=com.java.Objects.TestDataDetails@f5bb3d, 7=com.java.Objects.TestDataDetails@945083, 8=com.java.Objects.TestDataDetails@112c003, 9=com.java.Objects.TestDataDetails@18778fd, 10=com.java.Objects.TestDataDetails@182c145, 11=com.java.Objects.TestDataDetails@1137c6, 12=com.java.Objects.TestDataDetails@edb374, 13=com.java.Objects.TestDataDetails@7da122}
[INFO ][2015-11-05 16:35:06,911][com.java.TestType] [  459] -  str(1) = 1
[INFO ][2015-11-05 16:35:06,911][com.java.TestType] [  462] - Test case Id is---1
[INFO ][2015-11-05 16:35:06,911][com.java.TestType] [  464] - 1
[INFO ][2015-11-05 16:35:06,911][com.java.TestType] [  459] -  str(2) = 14
[INFO ][2015-11-05 16:35:06,911][com.java.TestType] [  511] - row values are--------{1=com.java.Objects.TestDataDetails@8a0152, 2=com.java.Objects.TestDataDetails@1edc134, 3=com.java.Objects.TestDataDetails@19de6c, 4=com.java.Objects.TestDataDetails@9b81d5, 5=com.java.Objects.TestDataDetails@c42e5a, 6=com.java.Objects.TestDataDetails@f5bb3d, 7=com.java.Objects.TestDataDetails@945083, 8=com.java.Objects.TestDataDetails@112c003, 9=com.java.Objects.TestDataDetails@18778fd, 10=com.java.Objects.TestDataDetails@182c145, 11=com.java.Objects.TestDataDetails@1137c6, 12=com.java.Objects.TestDataDetails@edb374, 13=com.java.Objects.TestDataDetails@7da122, 14=com.java.Objects.TestDataDetails@445889}
[INFO ][2015-11-05 16:35:06,911][com.java.TestType] [ 7929] - Looping 1TCID = 1
[DEBUG][2015-11-05 16:35:06,911][com.java.TestType] [ 7970] - Concept ID:1 :: Step being Executed: 1::1
[INFO ][2015-11-05 16:35:06,911][com.java.TestType] [ 8008] - dataFields : TXTusername
[DEBUG][2015-11-05 16:35:06,911][com.java.TestType] [ 8014] - <In Set values of the page>
[DEBUG][2015-11-05 16:35:06,911][com.java.TestType] [ 8019] - {Data Fields & Data Values Exist}
[INFO ][2015-11-05 16:35:06,911][com.java.TestType] [ 8025] - --------------------------setting values-----------------------------
[INFO ][2015-11-05 16:35:06,911][com.java.TestType] [ 8028] - Action Type : CLEARANDENTER
[INFO ][2015-11-05 16:35:06,911][com.java.TestType] [ 3780] - value = valuelabs.ie11.03890
[INFO ][2015-11-05 16:35:11,781][com.java.TestType] [ 8047] -  RESULT true
[INFO ][2015-11-05 16:35:11,781][com.java.TestType] [ 8164] - ?   P A S S   ?
[DEBUG][2015-11-05 16:35:11,781][com.java.TestType] [ 7970] - Concept ID:1 :: Step being Executed: 1::2
[INFO ][2015-11-05 16:35:11,781][com.java.TestType] [ 8008] - dataFields : TXTpassword
[DEBUG][2015-11-05 16:35:11,781][com.java.TestType] [ 8014] - <In Set values of the page>
[DEBUG][2015-11-05 16:35:11,781][com.java.TestType] [ 8019] - {Data Fields & Data Values Exist}
[INFO ][2015-11-05 16:35:11,781][com.java.TestType] [ 8025] - --------------------------setting values-----------------------------
[INFO ][2015-11-05 16:35:11,781][com.java.TestType] [ 8028] - Action Type : CLEARANDENTER
[INFO ][2015-11-05 16:35:11,781][com.java.TestType] [ 3780] - value = Password1*
[INFO ][2015-11-05 16:35:16,758][com.java.TestType] [ 8047] -  RESULT true
[INFO ][2015-11-05 16:35:16,758][com.java.TestType] [ 8164] - ?   P A S S   ?
[DEBUG][2015-11-05 16:35:16,758][com.java.TestType] [ 7970] - Concept ID:1 :: Step being Executed: 1::3
[ERROR][2015-11-05 16:35:16,758][com.java.TestType] [ 8003] - Exception: null
[INFO ][2015-11-05 16:35:16,758][com.java.TestType] [ 8008] - dataFields : XPH//button[@type='submit']
[DEBUG][2015-11-05 16:35:16,758][com.java.TestType] [ 8014] - <In Set values of the page>
[DEBUG][2015-11-05 16:35:16,758][com.java.TestType] [ 8019] - {Data Fields & Data Values Exist}
[INFO ][2015-11-05 16:35:16,758][com.java.TestType] [ 8025] - --------------------------setting values-----------------------------
[INFO ][2015-11-05 16:35:16,758][com.java.TestType] [ 8028] - Action Type : Click
[INFO ][2015-11-05 16:35:16,758][com.java.TestType] [ 4093] - Field ::XPH//button[@type='submit']
[INFO ][2015-11-05 16:35:17,758][com.java.TestType] [ 4152] - BEFORE CLICK
[INFO ][2015-11-05 16:35:18,620][com.java.TestType] [ 4160] - Unable to click the object Login
[INFO ][2015-11-05 16:35:18,620][com.java.TestType] [ 8047] -  RESULT true
[INFO ][2015-11-05 16:35:18,620][com.java.TestType] [ 8164] - ?   P A S S   ?
[DEBUG][2015-11-05 16:35:18,620][com.java.TestType] [ 7970] - Concept ID:1 :: Step being Executed: 1::4
[INFO ][2015-11-05 16:35:18,620][com.java.TestType] [ 8008] - dataFields : LNKLogout
[DEBUG][2015-11-05 16:35:18,620][com.java.TestType] [ 8014] - <In Set values of the page>
[DEBUG][2015-11-05 16:35:18,620][com.java.TestType] [ 8019] - {Data Fields & Data Values Exist}
[INFO ][2015-11-05 16:35:18,620][com.java.TestType] [ 8025] - --------------------------setting values-----------------------------
[INFO ][2015-11-05 16:35:18,620][com.java.TestType] [ 8028] - Action Type : WaitForElement
[INFO ][2015-11-05 16:35:37,156][com.java.TestType] [ 8047] -  RESULT true
[INFO ][2015-11-05 16:35:37,156][com.java.TestType] [ 8164] - ?   P A S S   ?
[DEBUG][2015-11-05 16:35:37,156][com.java.TestType] [ 7970] - Concept ID:1 :: Step being Executed: 1::13
[INFO ][2015-11-05 16:35:37,156][com.java.TestType] [ 8008] - dataFields : LNK
[DEBUG][2015-11-05 16:35:37,156][com.java.TestType] [ 8014] - <In Set values of the page>
[DEBUG][2015-11-05 16:35:37,156][com.java.TestType] [ 8019] - {Data Fields & Data Values Exist}
[INFO ][2015-11-05 16:35:37,156][com.java.TestType] [ 8025] - --------------------------setting values-----------------------------
[INFO ][2015-11-05 16:35:37,156][com.java.TestType] [ 8028] - Action Type : Verify
[INFO ][2015-11-05 16:35:37,156][com.java.TestType] [ 4906] - field= LNK value= Logout
[INFO ][2015-11-05 16:35:37,156][com.java.TestType] [ 3780] - value = Logout
[INFO ][2015-11-05 16:35:37,187][com.java.TestType] [ 8047] -  RESULT true
[INFO ][2015-11-05 16:35:37,187][com.java.TestType] [ 8164] - ?   P A S S   ?
[DEBUG][2015-11-05 16:35:37,187][com.java.TestType] [ 7970] - Concept ID:1 :: Step being Executed: 1::14
[INFO ][2015-11-05 16:35:37,187][com.java.TestType] [ 8008] - dataFields : BTN
[DEBUG][2015-11-05 16:35:37,187][com.java.TestType] [ 8014] - <In Set values of the page>
[DEBUG][2015-11-05 16:35:37,187][com.java.TestType] [ 8019] - {Data Fields & Data Values Exist}
[INFO ][2015-11-05 16:35:37,187][com.java.TestType] [ 8025] - --------------------------setting values-----------------------------
[INFO ][2015-11-05 16:35:37,187][com.java.TestType] [ 8028] - Action Type : Verify
[INFO ][2015-11-05 16:35:37,187][com.java.TestType] [ 4906] - field= BTN value= //img[contains(@src,'bdlogo.jpg')]
[INFO ][2015-11-05 16:35:37,187][com.java.TestType] [ 3780] - value = //img[contains(@src,'bdlogo.jpg')]
[INFO ][2015-11-05 16:35:37,217][com.java.TestType] [ 8047] -  RESULT true
[INFO ][2015-11-05 16:35:37,217][com.java.TestType] [ 8164] - ?   P A S S   ?
[INFO ][2015-11-05 16:35:37,217][com.java.TestType] [ 8235] - Looping End......
[INFO ][2015-11-05 16:35:37,217][com.java.SeleniumDriver] [  861] -  RESULT true
[INFO ][2015-11-05 16:35:37,217][com.java.SeleniumDriver] [ 1066] - ?   P A S S   ?
[INFO ][2015-11-05 16:35:37,217][com.java.SeleniumDriver] [  788] - ------------------------------------------
[INFO ][2015-11-05 16:35:37,217][com.java.SeleniumDriver] [  789] - Test case being Executed: 1
[INFO ][2015-11-05 16:35:37,217][com.java.SeleniumDriver] [  800] - Test step:2
[INFO ][2015-11-05 16:35:37,217][com.java.SeleniumDriver] [  812] - Datavalue is----------Concept#2:1-2
[INFO ][2015-11-05 16:35:37,217][com.java.SeleniumDriver] [  836] - DataField : test
[INFO ][2015-11-05 16:35:37,217][com.java.SeleniumDriver] [  838] - DataValue : Concept#2:1-2
[INFO ][2015-11-05 16:35:37,217][com.java.SeleniumDriver] [  844] - <In Set values of the page>
[INFO ][2015-11-05 16:35:37,217][com.java.SeleniumDriver] [  847] - {Data Fields & Data Values Exist}
[INFO ][2015-11-05 16:35:37,217][com.java.SeleniumDriver] [  849] - --------------------------setting values-----------------------------
[INFO ][2015-11-05 16:35:37,217][com.java.SeleniumDriver] [  852] - Action Type : ExecuteTestCase
[INFO ][2015-11-05 16:35:37,217][com.java.TestType] [  414] - The Concept sheet name is ---------- Concept
[INFO ][2015-11-05 16:35:37,217][com.java.TestType] [  417] - The Concept ID  is ---------- 2
[DEBUG][2015-11-05 16:35:37,217][com.java.TestType] [  421] - Steps being executted in the Concept are: 1:2
[INFO ][2015-11-05 16:35:37,217][com.java.TestType] [  428] - Test data details path ---------- D:\BankersDashboard\TestInputs\TestData.xls
[INFO ][2015-11-05 16:35:37,257][com.java.TestType] [  459] -  str(1) = 2
[INFO ][2015-11-05 16:35:37,257][com.java.TestType] [  462] - Test case Id is---2
[INFO ][2015-11-05 16:35:37,257][com.java.TestType] [  464] - 2
[INFO ][2015-11-05 16:35:37,257][com.java.TestType] [  459] -  str(2) = 1
[INFO ][2015-11-05 16:35:37,257][com.java.TestType] [  511] - row values are--------{1=com.java.Objects.TestDataDetails@d6d868}
[INFO ][2015-11-05 16:35:37,257][com.java.TestType] [  459] -  str(1) = 2
[INFO ][2015-11-05 16:35:37,257][com.java.TestType] [  462] - Test case Id is---2
[INFO ][2015-11-05 16:35:37,257][com.java.TestType] [  464] - 2
[INFO ][2015-11-05 16:35:37,257][com.java.TestType] [  459] -  str(2) = 2
[INFO ][2015-11-05 16:35:37,257][com.java.TestType] [  511] - row values are--------{1=com.java.Objects.TestDataDetails@d6d868, 2=com.java.Objects.TestDataDetails@721088}
[INFO ][2015-11-05 16:35:37,257][com.java.TestType] [  459] -  str(1) = 2
[INFO ][2015-11-05 16:35:37,257][com.java.TestType] [  462] - Test case Id is---2
[INFO ][2015-11-05 16:35:37,257][com.java.TestType] [  464] - 2
[INFO ][2015-11-05 16:35:37,257][com.java.TestType] [  459] -  str(2) = 3
[INFO ][2015-11-05 16:35:37,257][com.java.TestType] [  511] - row values are--------{1=com.java.Objects.TestDataDetails@d6d868, 2=com.java.Objects.TestDataDetails@721088, 3=com.java.Objects.TestDataDetails@5f0ee5}
[INFO ][2015-11-05 16:35:37,257][com.java.TestType] [ 7929] - Looping 1TCID = 2
[DEBUG][2015-11-05 16:35:37,257][com.java.TestType] [ 7970] - Concept ID:2 :: Step being Executed: 2::1
[INFO ][2015-11-05 16:35:37,257][com.java.TestType] [ 8008] - dataFields : BNK//select[@id='bank']
[DEBUG][2015-11-05 16:35:37,257][com.java.TestType] [ 8014] - <In Set values of the page>
[DEBUG][2015-11-05 16:35:37,257][com.java.TestType] [ 8019] - {Data Fields & Data Values Exist}
[INFO ][2015-11-05 16:35:37,257][com.java.TestType] [ 8025] - --------------------------setting values-----------------------------
[INFO ][2015-11-05 16:35:37,257][com.java.TestType] [ 8028] - Action Type : Select
[INFO ][2015-11-05 16:35:37,257][com.java.TestType] [ 3780] - value = PFC
[INFO ][2015-11-05 16:35:37,537][com.java.TestType] [ 8047] -  RESULT true
[INFO ][2015-11-05 16:35:37,537][com.java.TestType] [ 8164] - ?   P A S S   ?
[DEBUG][2015-11-05 16:35:37,537][com.java.TestType] [ 7970] - Concept ID:2 :: Step being Executed: 2::2
[INFO ][2015-11-05 16:35:37,537][com.java.TestType] [ 8008] - dataFields : LNKLogout
[DEBUG][2015-11-05 16:35:37,537][com.java.TestType] [ 8014] - <In Set values of the page>
[DEBUG][2015-11-05 16:35:37,537][com.java.TestType] [ 8019] - {Data Fields & Data Values Exist}
[INFO ][2015-11-05 16:35:37,537][com.java.TestType] [ 8025] - --------------------------setting values-----------------------------
[INFO ][2015-11-05 16:35:37,537][com.java.TestType] [ 8028] - Action Type : WaitTime
[DEBUG][2015-11-05 16:35:37,537][com.java.TestType] [ 3679] - sleepTime: 5000
[INFO ][2015-11-05 16:35:42,540][com.java.TestType] [ 8047] -  RESULT true
[INFO ][2015-11-05 16:35:42,540][com.java.TestType] [ 8164] - ?   P A S S   ?
[INFO ][2015-11-05 16:35:42,540][com.java.TestType] [ 8235] - Looping End......
[INFO ][2015-11-05 16:35:42,540][com.java.SeleniumDriver] [  861] -  RESULT true
[INFO ][2015-11-05 16:35:42,540][com.java.SeleniumDriver] [ 1066] - ?   P A S S   ?
[INFO ][2015-11-05 16:35:42,540][com.java.SeleniumDriver] [  788] - ------------------------------------------
[INFO ][2015-11-05 16:35:42,540][com.java.SeleniumDriver] [  789] - Test case being Executed: 1
[INFO ][2015-11-05 16:35:42,540][com.java.SeleniumDriver] [  800] - Test step:3
[INFO ][2015-11-05 16:35:42,540][com.java.SeleniumDriver] [  812] - Datavalue is----------2
[INFO ][2015-11-05 16:35:42,540][com.java.SeleniumDriver] [  836] - DataField : XPH//button[contains(text(),'Add Content')]
[INFO ][2015-11-05 16:35:42,540][com.java.SeleniumDriver] [  838] - DataValue : 2
[INFO ][2015-11-05 16:35:42,540][com.java.SeleniumDriver] [  844] - <In Set values of the page>
[INFO ][2015-11-05 16:35:42,540][com.java.SeleniumDriver] [  847] - {Data Fields & Data Values Exist}
[INFO ][2015-11-05 16:35:42,540][com.java.SeleniumDriver] [  849] - --------------------------setting values-----------------------------
[INFO ][2015-11-05 16:35:42,540][com.java.SeleniumDriver] [  852] - Action Type : WAITFORELEMENT
[INFO ][2015-11-05 16:35:42,581][com.java.SeleniumDriver] [  861] -  RESULT true
[INFO ][2015-11-05 16:35:42,581][com.java.SeleniumDriver] [ 1066] - ?   P A S S   ?
[DEBUG][2015-11-05 16:35:42,581][com.java.SeleniumDriver] [ 1168] - Case found
[DEBUG][2015-11-05 16:35:42,581][com.java.SeleniumDriver] [ 1173] - Incrementing ReportCounters[0]:1
[INFO ][2015-11-05 16:35:42,581][com.java.SeleniumDriver] [ 1192] - The results are-------------------[1, 1, Valid Login, Pass, , Thu Nov 05 16:35:37 IST 2015, 1, 2, Valid Login, Pass, , Thu Nov 05 16:35:42 IST 2015, 1, 3, Valid Login, Pass, , Thu Nov 05 16:35:42 IST 2015]
[INFO ][2015-11-05 16:35:42,581][com.java.SeleniumDriver] [ 1196] - End time is-------1 min 0 sec
[INFO ][2015-11-05 16:35:42,581][com.java.SeleniumDriver] [ 1197] - The results are-------------------[1, 1, Valid Login, Pass, , Thu Nov 05 16:35:37 IST 2015, 1, 2, Valid Login, Pass, , Thu Nov 05 16:35:42 IST 2015, 1, 3, Valid Login, Pass, , Thu Nov 05 16:35:42 IST 2015]
[DEBUG][2015-11-05 16:35:42,581][com.java.ImportnExport.ExportTestResultsExcel] [  222] - testResultPath = D:\BankersDashboard/TestReports/Test Results_BankersDashBoard_110515_163444_IE11_Simmons First National Bank.xls
[DEBUG][2015-11-05 16:35:42,581][com.java.ImportnExport.ExportTestResultsExcel] [  223] - browser is------------IE11
[DEBUG][2015-11-05 16:35:42,621][com.java.ImportnExport.ExportTestResultsExcel] [  270] - result.size() = 18
[DEBUG][2015-11-05 16:35:42,621][com.java.ImportnExport.ExportTestResultsExcel] [  274] - No of rows in sheet=1
[DEBUG][2015-11-05 16:35:42,621][com.java.ImportnExport.ExportTestResultsExcel] [  301] - ..in export..1
[DEBUG][2015-11-05 16:35:42,621][com.java.ImportnExport.ExportTestResultsExcel] [  301] - ..in export..Valid Login
[DEBUG][2015-11-05 16:35:42,621][com.java.ImportnExport.ExportTestResultsExcel] [  301] - ..in export..Pass
[DEBUG][2015-11-05 16:35:42,621][com.java.ImportnExport.ExportTestResultsExcel] [  301] - ..in export..
[DEBUG][2015-11-05 16:35:42,621][com.java.ImportnExport.ExportTestResultsExcel] [  301] - ..in export..Thu Nov 05 16:35:37 IST 2015
[INFO ][2015-11-05 16:35:42,621][com.java.SeleniumDriver] [ 1255] - out loop:0 size:2 TestCases:[1, 11] testcases:[1, 11]
[INFO ][2015-11-05 16:35:42,621][com.java.ImportnExport.ImportTestDataDetailsExcel] [   49] - test data details path===== D:\BankersDashboard\TestInputs\TestData.xls
[INFO ][2015-11-05 16:36:29,821][com.java.SeleniumDriver] [  788] - ------------------------------------------
[INFO ][2015-11-05 16:36:29,821][com.java.SeleniumDriver] [  789] - Test case being Executed: 11
[INFO ][2015-11-05 16:36:29,821][com.java.SeleniumDriver] [  800] - Test step:1
[INFO ][2015-11-05 16:36:29,821][com.java.SeleniumDriver] [  812] - Datavalue is----------Logout
[INFO ][2015-11-05 16:36:29,821][com.java.SeleniumDriver] [  836] - DataField : BTN
[INFO ][2015-11-05 16:36:29,821][com.java.SeleniumDriver] [  838] - DataValue : Logout
[INFO ][2015-11-05 16:36:29,821][com.java.SeleniumDriver] [  844] - <In Set values of the page>
[INFO ][2015-11-05 16:36:29,821][com.java.SeleniumDriver] [  847] - {Data Fields & Data Values Exist}
[INFO ][2015-11-05 16:36:29,821][com.java.SeleniumDriver] [  849] - --------------------------setting values-----------------------------
[INFO ][2015-11-05 16:36:29,821][com.java.SeleniumDriver] [  852] - Action Type : Verify
[INFO ][2015-11-05 16:36:29,821][com.java.TestType] [ 4906] - field= BTN value= Logout
[INFO ][2015-11-05 16:36:29,821][com.java.TestType] [ 3780] - value = Logout
[INFO ][2015-11-05 16:36:29,862][com.java.SeleniumDriver] [  861] -  RESULT true
[INFO ][2015-11-05 16:36:29,862][com.java.SeleniumDriver] [ 1066] - ?   P A S S   ?
[INFO ][2015-11-05 16:36:29,862][com.java.SeleniumDriver] [ 1108] - step change to 3
[INFO ][2015-11-05 16:36:29,862][com.java.SeleniumDriver] [  788] - ------------------------------------------
[INFO ][2015-11-05 16:36:29,862][com.java.SeleniumDriver] [  789] - Test case being Executed: 11
[INFO ][2015-11-05 16:36:29,862][com.java.SeleniumDriver] [  800] - Test step:3
[INFO ][2015-11-05 16:36:29,862][com.java.SeleniumDriver] [  812] - Datavalue is----------Concept#2:1-2
[INFO ][2015-11-05 16:36:29,862][com.java.SeleniumDriver] [  836] - DataField : test
[INFO ][2015-11-05 16:36:29,862][com.java.SeleniumDriver] [  838] - DataValue : Concept#2:1-2
[INFO ][2015-11-05 16:36:29,862][com.java.SeleniumDriver] [  844] - <In Set values of the page>
[INFO ][2015-11-05 16:36:29,862][com.java.SeleniumDriver] [  847] - {Data Fields & Data Values Exist}
[INFO ][2015-11-05 16:36:29,862][com.java.SeleniumDriver] [  849] - --------------------------setting values-----------------------------
[INFO ][2015-11-05 16:36:29,862][com.java.SeleniumDriver] [  852] - Action Type : ExecuteTestCase
[INFO ][2015-11-05 16:36:29,862][com.java.TestType] [  414] - The Concept sheet name is ---------- Concept
[INFO ][2015-11-05 16:36:29,862][com.java.TestType] [  417] - The Concept ID  is ---------- 2
[DEBUG][2015-11-05 16:36:29,862][com.java.TestType] [  421] - Steps being executted in the Concept are: 1:2
[INFO ][2015-11-05 16:36:29,862][com.java.TestType] [  428] - Test data details path ---------- D:\BankersDashboard\TestInputs\TestData.xls
[INFO ][2015-11-05 16:36:29,892][com.java.TestType] [  459] -  str(1) = 2
[INFO ][2015-11-05 16:36:29,892][com.java.TestType] [  462] - Test case Id is---2
[INFO ][2015-11-05 16:36:29,892][com.java.TestType] [  464] - 2
[INFO ][2015-11-05 16:36:29,892][com.java.TestType] [  459] -  str(2) = 1
[INFO ][2015-11-05 16:36:29,892][com.java.TestType] [  511] - row values are--------{1=com.java.Objects.TestDataDetails@1c228c}
[INFO ][2015-11-05 16:36:29,892][com.java.TestType] [  459] -  str(1) = 2
[INFO ][2015-11-05 16:36:29,892][com.java.TestType] [  462] - Test case Id is---2
[INFO ][2015-11-05 16:36:29,892][com.java.TestType] [  464] - 2
[INFO ][2015-11-05 16:36:29,892][com.java.TestType] [  459] -  str(2) = 2
[INFO ][2015-11-05 16:36:29,892][com.java.TestType] [  511] - row values are--------{1=com.java.Objects.TestDataDetails@1c228c, 2=com.java.Objects.TestDataDetails@e854ec}
[INFO ][2015-11-05 16:36:29,892][com.java.TestType] [  459] -  str(1) = 2
[INFO ][2015-11-05 16:36:29,892][com.java.TestType] [  462] - Test case Id is---2
[INFO ][2015-11-05 16:36:29,892][com.java.TestType] [  464] - 2
[INFO ][2015-11-05 16:36:29,892][com.java.TestType] [  459] -  str(2) = 3
[INFO ][2015-11-05 16:36:29,892][com.java.TestType] [  511] - row values are--------{1=com.java.Objects.TestDataDetails@1c228c, 2=com.java.Objects.TestDataDetails@e854ec, 3=com.java.Objects.TestDataDetails@1beb87c}
[INFO ][2015-11-05 16:36:29,892][com.java.TestType] [ 7929] - Looping 1TCID = 2
[DEBUG][2015-11-05 16:36:29,892][com.java.TestType] [ 7970] - Concept ID:2 :: Step being Executed: 2::1
[INFO ][2015-11-05 16:36:29,892][com.java.TestType] [ 8008] - dataFields : BNK//select[@id='bank']
[DEBUG][2015-11-05 16:36:29,892][com.java.TestType] [ 8014] - <In Set values of the page>
[DEBUG][2015-11-05 16:36:29,892][com.java.TestType] [ 8019] - {Data Fields & Data Values Exist}
[INFO ][2015-11-05 16:36:29,892][com.java.TestType] [ 8025] - --------------------------setting values-----------------------------
[INFO ][2015-11-05 16:36:29,892][com.java.TestType] [ 8028] - Action Type : Select
[INFO ][2015-11-05 16:36:29,892][com.java.TestType] [ 3780] - value = PFC
[INFO ][2015-11-05 16:36:30,189][com.java.TestType] [ 8047] -  RESULT true
[INFO ][2015-11-05 16:36:30,189][com.java.TestType] [ 8164] - ?   P A S S   ?
[DEBUG][2015-11-05 16:36:30,189][com.java.TestType] [ 7970] - Concept ID:2 :: Step being Executed: 2::2
[INFO ][2015-11-05 16:36:30,189][com.java.TestType] [ 8008] - dataFields : LNKLogout
[DEBUG][2015-11-05 16:36:30,189][com.java.TestType] [ 8014] - <In Set values of the page>
[DEBUG][2015-11-05 16:36:30,189][com.java.TestType] [ 8019] - {Data Fields & Data Values Exist}
[INFO ][2015-11-05 16:36:30,189][com.java.TestType] [ 8025] - --------------------------setting values-----------------------------
[INFO ][2015-11-05 16:36:30,189][com.java.TestType] [ 8028] - Action Type : WaitTime
[DEBUG][2015-11-05 16:36:30,189][com.java.TestType] [ 3679] - sleepTime: 5000
[INFO ][2015-11-05 16:36:35,189][com.java.TestType] [ 8047] -  RESULT true
[INFO ][2015-11-05 16:36:35,189][com.java.TestType] [ 8164] - ?   P A S S   ?
[INFO ][2015-11-05 16:36:35,189][com.java.TestType] [ 8235] - Looping End......
[INFO ][2015-11-05 16:36:35,189][com.java.SeleniumDriver] [  861] -  RESULT true
[INFO ][2015-11-05 16:36:35,189][com.java.SeleniumDriver] [ 1066] - ?   P A S S   ?
[INFO ][2015-11-05 16:36:35,189][com.java.SeleniumDriver] [  788] - ------------------------------------------
[INFO ][2015-11-05 16:36:35,189][com.java.SeleniumDriver] [  789] - Test case being Executed: 11
[INFO ][2015-11-05 16:36:35,189][com.java.SeleniumDriver] [  800] - Test step:4
[INFO ][2015-11-05 16:36:35,189][com.java.SeleniumDriver] [  812] - Datavalue is----------null
[DEBUG][2015-11-05 16:36:35,189][com.java.SeleniumDriver] [  830] - Exception: null
[INFO ][2015-11-05 16:36:35,189][com.java.SeleniumDriver] [  836] - DataField : //span[@class='icon-user4']&&Users&&Manage Users
[INFO ][2015-11-05 16:36:35,189][com.java.SeleniumDriver] [  838] - DataValue : 
[INFO ][2015-11-05 16:36:35,189][com.java.SeleniumDriver] [  844] - <In Set values of the page>
[INFO ][2015-11-05 16:36:35,189][com.java.SeleniumDriver] [  847] - {Data Fields & Data Values Exist}
[INFO ][2015-11-05 16:36:35,189][com.java.SeleniumDriver] [  849] - --------------------------setting values-----------------------------
[INFO ][2015-11-05 16:36:35,189][com.java.SeleniumDriver] [  852] - Action Type : MouseOver
[INFO ][2015-11-05 16:38:04,923][com.java.SeleniumDriver] [  861] -  RESULT true
[INFO ][2015-11-05 16:38:04,923][com.java.SeleniumDriver] [ 1066] - ?   P A S S   ?
[INFO ][2015-11-05 16:38:04,923][com.java.SeleniumDriver] [  788] - ------------------------------------------
[INFO ][2015-11-05 16:38:04,923][com.java.SeleniumDriver] [  789] - Test case being Executed: 11
[INFO ][2015-11-05 16:38:04,923][com.java.SeleniumDriver] [  800] - Test step:5
[INFO ][2015-11-05 16:38:04,923][com.java.SeleniumDriver] [  812] - Datavalue is----------2
[INFO ][2015-11-05 16:38:04,923][com.java.SeleniumDriver] [  836] - DataField : BTNframeDialogContent
[INFO ][2015-11-05 16:38:04,923][com.java.SeleniumDriver] [  838] - DataValue : 2
[INFO ][2015-11-05 16:38:04,923][com.java.SeleniumDriver] [  844] - <In Set values of the page>
[INFO ][2015-11-05 16:38:04,923][com.java.SeleniumDriver] [  847] - {Data Fields & Data Values Exist}
[INFO ][2015-11-05 16:38:04,923][com.java.SeleniumDriver] [  849] - --------------------------setting values-----------------------------
[INFO ][2015-11-05 16:38:04,923][com.java.SeleniumDriver] [  852] - Action Type : WaitForElement
[INFO ][2015-11-05 16:38:06,124][com.java.SeleniumDriver] [  861] -  RESULT true
[INFO ][2015-11-05 16:38:06,124][com.java.SeleniumDriver] [ 1066] - ?   P A S S   ?
[INFO ][2015-11-05 16:38:06,124][com.java.SeleniumDriver] [  788] - ------------------------------------------
[INFO ][2015-11-05 16:38:06,124][com.java.SeleniumDriver] [  789] - Test case being Executed: 11
[INFO ][2015-11-05 16:38:06,124][com.java.SeleniumDriver] [  800] - Test step:6
[INFO ][2015-11-05 16:38:06,124][com.java.SeleniumDriver] [  812] - Datavalue is----------null
[DEBUG][2015-11-05 16:38:06,124][com.java.SeleniumDriver] [  830] - Exception: null
[INFO ][2015-11-05 16:38:06,124][com.java.SeleniumDriver] [  836] - DataField : BTNframeDialogContent
[INFO ][2015-11-05 16:38:06,124][com.java.SeleniumDriver] [  838] - DataValue : 
[INFO ][2015-11-05 16:38:06,124][com.java.SeleniumDriver] [  844] - <In Set values of the page>
[INFO ][2015-11-05 16:38:06,124][com.java.SeleniumDriver] [  847] - {Data Fields & Data Values Exist}
[INFO ][2015-11-05 16:38:06,124][com.java.SeleniumDriver] [  849] - --------------------------setting values-----------------------------
[INFO ][2015-11-05 16:38:06,124][com.java.SeleniumDriver] [  852] - Action Type : SelectFrame
[INFO ][2015-11-05 16:38:07,366][com.java.SeleniumDriver] [  861] -  RESULT true
[INFO ][2015-11-05 16:38:07,366][com.java.SeleniumDriver] [ 1066] - ?   P A S S   ?
[INFO ][2015-11-05 16:38:07,366][com.java.SeleniumDriver] [  788] - ------------------------------------------
[INFO ][2015-11-05 16:38:07,366][com.java.SeleniumDriver] [  789] - Test case being Executed: 11
[INFO ][2015-11-05 16:38:07,366][com.java.SeleniumDriver] [  800] - Test step:7
[INFO ][2015-11-05 16:38:07,366][com.java.SeleniumDriver] [  812] - Datavalue is----------2
[INFO ][2015-11-05 16:38:07,366][com.java.SeleniumDriver] [  836] - DataField : BTNbtnAddUser
[INFO ][2015-11-05 16:38:07,366][com.java.SeleniumDriver] [  838] - DataValue : 2
[INFO ][2015-11-05 16:38:07,366][com.java.SeleniumDriver] [  844] - <In Set values of the page>
[INFO ][2015-11-05 16:38:07,366][com.java.SeleniumDriver] [  847] - {Data Fields & Data Values Exist}
[INFO ][2015-11-05 16:38:07,366][com.java.SeleniumDriver] [  849] - --------------------------setting values-----------------------------
[INFO ][2015-11-05 16:38:07,366][com.java.SeleniumDriver] [  852] - Action Type : WaitForElement
[INFO ][2015-11-05 16:38:09,186][com.java.SeleniumDriver] [  861] -  RESULT true
[INFO ][2015-11-05 16:38:09,186][com.java.SeleniumDriver] [ 1066] - ?   P A S S   ?
[INFO ][2015-11-05 16:38:09,186][com.java.SeleniumDriver] [  788] - ------------------------------------------
[INFO ][2015-11-05 16:38:09,186][com.java.SeleniumDriver] [  789] - Test case being Executed: 11
[INFO ][2015-11-05 16:38:09,186][com.java.SeleniumDriver] [  800] - Test step:8
[INFO ][2015-11-05 16:38:09,186][com.java.SeleniumDriver] [  812] - Datavalue is----------null
[DEBUG][2015-11-05 16:38:09,186][com.java.SeleniumDriver] [  830] - Exception: null
[INFO ][2015-11-05 16:38:09,186][com.java.SeleniumDriver] [  836] - DataField : BTNbtnAddUser
[INFO ][2015-11-05 16:38:09,186][com.java.SeleniumDriver] [  838] - DataValue : 
[INFO ][2015-11-05 16:38:09,186][com.java.SeleniumDriver] [  844] - <In Set values of the page>
[INFO ][2015-11-05 16:38:09,186][com.java.SeleniumDriver] [  847] - {Data Fields & Data Values Exist}
[INFO ][2015-11-05 16:38:09,186][com.java.SeleniumDriver] [  849] - --------------------------setting values-----------------------------
[INFO ][2015-11-05 16:38:09,186][com.java.SeleniumDriver] [  852] - Action Type : Click
[INFO ][2015-11-05 16:38:09,186][com.java.TestType] [ 4093] - Field ::BTNbtnAddUser
[INFO ][2015-11-05 16:38:10,187][com.java.TestType] [ 4131] - BEFORE CLICK
[INFO ][2015-11-05 16:38:12,158][com.java.TestType] [ 4138] - Unable to click the object Add user button
[INFO ][2015-11-05 16:38:12,158][com.java.SeleniumDriver] [  861] -  RESULT true
[INFO ][2015-11-05 16:38:12,158][com.java.SeleniumDriver] [ 1066] - ?   P A S S   ?
[INFO ][2015-11-05 16:38:12,158][com.java.SeleniumDriver] [  788] - ------------------------------------------
[INFO ][2015-11-05 16:38:12,158][com.java.SeleniumDriver] [  789] - Test case being Executed: 11
[INFO ][2015-11-05 16:38:12,158][com.java.SeleniumDriver] [  800] - Test step:9
[INFO ][2015-11-05 16:38:12,158][com.java.SeleniumDriver] [  812] - Datavalue is----------2
[INFO ][2015-11-05 16:38:12,158][com.java.SeleniumDriver] [  836] - DataField : BTNtxtUserName
[INFO ][2015-11-05 16:38:12,158][com.java.SeleniumDriver] [  838] - DataValue : 2
[INFO ][2015-11-05 16:38:12,158][com.java.SeleniumDriver] [  844] - <In Set values of the page>
[INFO ][2015-11-05 16:38:12,158][com.java.SeleniumDriver] [  847] - {Data Fields & Data Values Exist}
[INFO ][2015-11-05 16:38:12,158][com.java.SeleniumDriver] [  849] - --------------------------setting values-----------------------------
[INFO ][2015-11-05 16:38:12,158][com.java.SeleniumDriver] [  852] - Action Type : WaitForElement
[INFO ][2015-11-05 16:38:20,838][com.java.SeleniumDriver] [  861] -  RESULT true
[INFO ][2015-11-05 16:38:20,838][com.java.SeleniumDriver] [ 1066] - ?   P A S S   ?
[INFO ][2015-11-05 16:38:20,838][com.java.SeleniumDriver] [  788] - ------------------------------------------
[INFO ][2015-11-05 16:38:20,838][com.java.SeleniumDriver] [  789] - Test case being Executed: 11
[INFO ][2015-11-05 16:38:20,838][com.java.SeleniumDriver] [  800] - Test step:10
[INFO ][2015-11-05 16:38:20,838][com.java.SeleniumDriver] [  812] - Datavalue is----------dt:NewUserName
[INFO ][2015-11-05 16:38:20,838][com.java.SeleniumDriver] [  836] - DataField : TXTtxtUserName
[INFO ][2015-11-05 16:38:20,838][com.java.SeleniumDriver] [  838] - DataValue : dt:NewUserName
[INFO ][2015-11-05 16:38:20,838][com.java.SeleniumDriver] [  844] - <In Set values of the page>
[INFO ][2015-11-05 16:38:20,838][com.java.SeleniumDriver] [  847] - {Data Fields & Data Values Exist}
[INFO ][2015-11-05 16:38:20,838][com.java.SeleniumDriver] [  849] - --------------------------setting values-----------------------------
[INFO ][2015-11-05 16:38:20,838][com.java.SeleniumDriver] [  852] - Action Type : Enter
[INFO ][2015-11-05 16:38:20,838][com.java.TestType] [ 4413] - field = txtUserName
[INFO ][2015-11-05 16:38:20,838][com.java.TestType] [ 3780] - value = vltest.robot
[INFO ][2015-11-05 16:38:23,601][com.java.SeleniumDriver] [  861] -  RESULT true
[INFO ][2015-11-05 16:38:23,601][com.java.SeleniumDriver] [ 1066] - ?   P A S S   ?
[INFO ][2015-11-05 16:38:23,601][com.java.SeleniumDriver] [  788] - ------------------------------------------
[INFO ][2015-11-05 16:38:23,601][com.java.SeleniumDriver] [  789] - Test case being Executed: 11
[INFO ][2015-11-05 16:38:23,601][com.java.SeleniumDriver] [  800] - Test step:11
[INFO ][2015-11-05 16:38:23,601][com.java.SeleniumDriver] [  812] - Datavalue is----------VLTest
[INFO ][2015-11-05 16:38:23,601][com.java.SeleniumDriver] [  836] - DataField : TXTtxtFirstName
[INFO ][2015-11-05 16:38:23,601][com.java.SeleniumDriver] [  838] - DataValue : VLTest
[INFO ][2015-11-05 16:38:23,601][com.java.SeleniumDriver] [  844] - <In Set values of the page>
[INFO ][2015-11-05 16:38:23,601][com.java.SeleniumDriver] [  847] - {Data Fields & Data Values Exist}
[INFO ][2015-11-05 16:38:23,601][com.java.SeleniumDriver] [  849] - --------------------------setting values-----------------------------
[INFO ][2015-11-05 16:38:23,601][com.java.SeleniumDriver] [  852] - Action Type : Enter
[INFO ][2015-11-05 16:38:23,601][com.java.TestType] [ 4413] - field = txtFirstName
[INFO ][2015-11-05 16:38:23,601][com.java.TestType] [ 3780] - value = VLTest
[INFO ][2015-11-05 16:38:26,653][com.java.SeleniumDriver] [  861] -  RESULT true
[INFO ][2015-11-05 16:38:26,653][com.java.SeleniumDriver] [ 1066] - ?   P A S S   ?
[INFO ][2015-11-05 16:38:26,653][com.java.SeleniumDriver] [  788] - ------------------------------------------
[INFO ][2015-11-05 16:38:26,653][com.java.SeleniumDriver] [  789] - Test case being Executed: 11
[INFO ][2015-11-05 16:38:26,653][com.java.SeleniumDriver] [  800] - Test step:12
[INFO ][2015-11-05 16:38:26,653][com.java.SeleniumDriver] [  812] - Datavalue is----------Robot
[INFO ][2015-11-05 16:38:26,653][com.java.SeleniumDriver] [  836] - DataField : TXTtxtLastName
[INFO ][2015-11-05 16:38:26,653][com.java.SeleniumDriver] [  838] - DataValue : Robot
[INFO ][2015-11-05 16:38:26,653][com.java.SeleniumDriver] [  844] - <In Set values of the page>
[INFO ][2015-11-05 16:38:26,653][com.java.SeleniumDriver] [  847] - {Data Fields & Data Values Exist}
[INFO ][2015-11-05 16:38:26,653][com.java.SeleniumDriver] [  849] - --------------------------setting values-----------------------------
[INFO ][2015-11-05 16:38:26,653][com.java.SeleniumDriver] [  852] - Action Type : Enter
[INFO ][2015-11-05 16:38:26,653][com.java.TestType] [ 4413] - field = txtLastName
[INFO ][2015-11-05 16:38:26,653][com.java.TestType] [ 3780] - value = Robot
[INFO ][2015-11-05 16:38:29,455][com.java.SeleniumDriver] [  861] -  RESULT true
[INFO ][2015-11-05 16:38:29,455][com.java.SeleniumDriver] [ 1066] - ?   P A S S   ?
[INFO ][2015-11-05 16:38:29,455][com.java.SeleniumDriver] [  788] - ------------------------------------------
[INFO ][2015-11-05 16:38:29,455][com.java.SeleniumDriver] [  789] - Test case being Executed: 11
[INFO ][2015-11-05 16:38:29,455][com.java.SeleniumDriver] [  800] - Test step:13
[INFO ][2015-11-05 16:38:29,455][com.java.SeleniumDriver] [  812] - Datavalue is----------ValueLabs
[INFO ][2015-11-05 16:38:29,455][com.java.SeleniumDriver] [  836] - DataField : TXTtxtCompany
[INFO ][2015-11-05 16:38:29,455][com.java.SeleniumDriver] [  838] - DataValue : ValueLabs
[INFO ][2015-11-05 16:38:29,455][com.java.SeleniumDriver] [  844] - <In Set values of the page>
[INFO ][2015-11-05 16:38:29,455][com.java.SeleniumDriver] [  847] - {Data Fields & Data Values Exist}
[INFO ][2015-11-05 16:38:29,455][com.java.SeleniumDriver] [  849] - --------------------------setting values-----------------------------
[INFO ][2015-11-05 16:38:29,455][com.java.SeleniumDriver] [  852] - Action Type : Enter
[INFO ][2015-11-05 16:38:29,455][com.java.TestType] [ 4413] - field = txtCompany
[INFO ][2015-11-05 16:38:29,455][com.java.TestType] [ 3780] - value = ValueLabs
[INFO ][2015-11-05 16:38:32,437][com.java.SeleniumDriver] [  861] -  RESULT true
[INFO ][2015-11-05 16:38:32,437][com.java.SeleniumDriver] [ 1066] - ?   P A S S   ?
[INFO ][2015-11-05 16:38:32,437][com.java.SeleniumDriver] [  788] - ------------------------------------------
[INFO ][2015-11-05 16:38:32,437][com.java.SeleniumDriver] [  789] - Test case being Executed: 11
[INFO ][2015-11-05 16:38:32,437][com.java.SeleniumDriver] [  800] - Test step:14
[INFO ][2015-11-05 16:38:32,437][com.java.SeleniumDriver] [  812] - Datavalue is----------India
[INFO ][2015-11-05 16:38:32,437][com.java.SeleniumDriver] [  836] - DataField : TXTtxtLocation
[INFO ][2015-11-05 16:38:32,437][com.java.SeleniumDriver] [  838] - DataValue : India
[INFO ][2015-11-05 16:38:32,437][com.java.SeleniumDriver] [  844] - <In Set values of the page>
[INFO ][2015-11-05 16:38:32,437][com.java.SeleniumDriver] [  847] - {Data Fields & Data Values Exist}
[INFO ][2015-11-05 16:38:32,437][com.java.SeleniumDriver] [  849] - --------------------------setting values-----------------------------
[INFO ][2015-11-05 16:38:32,437][com.java.SeleniumDriver] [  852] - Action Type : Enter
[INFO ][2015-11-05 16:38:32,437][com.java.TestType] [ 4413] - field = txtLocation
[INFO ][2015-11-05 16:38:32,437][com.java.TestType] [ 3780] - value = India
[INFO ][2015-11-05 16:38:35,269][com.java.SeleniumDriver] [  861] -  RESULT true
[INFO ][2015-11-05 16:38:35,269][com.java.SeleniumDriver] [ 1066] - ?   P A S S   ?
[INFO ][2015-11-05 16:38:35,269][com.java.SeleniumDriver] [  788] - ------------------------------------------
[INFO ][2015-11-05 16:38:35,269][com.java.SeleniumDriver] [  789] - Test case being Executed: 11
[INFO ][2015-11-05 16:38:35,269][com.java.SeleniumDriver] [  800] - Test step:15
[INFO ][2015-11-05 16:38:35,269][com.java.SeleniumDriver] [  812] - Datavalue is----------vltest.robot@valuelabs.com
[INFO ][2015-11-05 16:38:35,269][com.java.SeleniumDriver] [  836] - DataField : TXTtxtEMail
[INFO ][2015-11-05 16:38:35,269][com.java.SeleniumDriver] [  838] - DataValue : vltest.robot@valuelabs.com
[INFO ][2015-11-05 16:38:35,269][com.java.SeleniumDriver] [  844] - <In Set values of the page>
[INFO ][2015-11-05 16:38:35,269][com.java.SeleniumDriver] [  847] - {Data Fields & Data Values Exist}
[INFO ][2015-11-05 16:38:35,269][com.java.SeleniumDriver] [  849] - --------------------------setting values-----------------------------
[INFO ][2015-11-05 16:38:35,269][com.java.SeleniumDriver] [  852] - Action Type : Enter
[INFO ][2015-11-05 16:38:35,269][com.java.TestType] [ 4413] - field = txtEMail
[INFO ][2015-11-05 16:38:35,269][com.java.TestType] [ 3780] - value = vltest.robot@valuelabs.com
[INFO ][2015-11-05 16:38:38,321][com.java.SeleniumDriver] [  861] -  RESULT true
[INFO ][2015-11-05 16:38:38,321][com.java.SeleniumDriver] [ 1066] - ?   P A S S   ?
[INFO ][2015-11-05 16:38:38,321][com.java.SeleniumDriver] [  788] - ------------------------------------------
[INFO ][2015-11-05 16:38:38,321][com.java.SeleniumDriver] [  789] - Test case being Executed: 11
[INFO ][2015-11-05 16:38:38,321][com.java.SeleniumDriver] [  800] - Test step:16
[INFO ][2015-11-05 16:38:38,321][com.java.SeleniumDriver] [  812] - Datavalue is----------12345678901
[INFO ][2015-11-05 16:38:38,321][com.java.SeleniumDriver] [  836] - DataField : TXTtxtPhone
[INFO ][2015-11-05 16:38:38,321][com.java.SeleniumDriver] [  838] - DataValue : 12345678901
[INFO ][2015-11-05 16:38:38,321][com.java.SeleniumDriver] [  844] - <In Set values of the page>
[INFO ][2015-11-05 16:38:38,321][com.java.SeleniumDriver] [  847] - {Data Fields & Data Values Exist}
[INFO ][2015-11-05 16:38:38,321][com.java.SeleniumDriver] [  849] - --------------------------setting values-----------------------------
[INFO ][2015-11-05 16:38:38,321][com.java.SeleniumDriver] [  852] - Action Type : Enter
[INFO ][2015-11-05 16:38:38,321][com.java.TestType] [ 4413] - field = txtPhone
[INFO ][2015-11-05 16:38:38,321][com.java.TestType] [ 3780] - value = 12345678901
[INFO ][2015-11-05 16:38:41,083][com.java.SeleniumDriver] [  861] -  RESULT true
[INFO ][2015-11-05 16:38:41,083][com.java.SeleniumDriver] [ 1066] - ?   P A S S   ?
[INFO ][2015-11-05 16:38:41,083][com.java.SeleniumDriver] [  788] - ------------------------------------------
[INFO ][2015-11-05 16:38:41,083][com.java.SeleniumDriver] [  789] - Test case being Executed: 11
[INFO ][2015-11-05 16:38:41,083][com.java.SeleniumDriver] [  800] - Test step:17
[INFO ][2015-11-05 16:38:41,083][com.java.SeleniumDriver] [  812] - Datavalue is----------dt:NewUserPswd
[INFO ][2015-11-05 16:38:41,083][com.java.SeleniumDriver] [  836] - DataField : TXTtxtPassword
[INFO ][2015-11-05 16:38:41,083][com.java.SeleniumDriver] [  838] - DataValue : dt:NewUserPswd
[INFO ][2015-11-05 16:38:41,083][com.java.SeleniumDriver] [  844] - <In Set values of the page>
[INFO ][2015-11-05 16:38:41,083][com.java.SeleniumDriver] [  847] - {Data Fields & Data Values Exist}
[INFO ][2015-11-05 16:38:41,083][com.java.SeleniumDriver] [  849] - --------------------------setting values-----------------------------
[INFO ][2015-11-05 16:38:41,083][com.java.SeleniumDriver] [  852] - Action Type : Enter
[INFO ][2015-11-05 16:38:41,083][com.java.TestType] [ 4413] - field = txtPassword
[INFO ][2015-11-05 16:38:41,083][com.java.TestType] [ 3780] - value = Password1*
[INFO ][2015-11-05 16:38:44,045][com.java.SeleniumDriver] [  861] -  RESULT true
[INFO ][2015-11-05 16:38:44,045][com.java.SeleniumDriver] [ 1066] - ?   P A S S   ?
[INFO ][2015-11-05 16:38:44,045][com.java.SeleniumDriver] [  788] - ------------------------------------------
[INFO ][2015-11-05 16:38:44,045][com.java.SeleniumDriver] [  789] - Test case being Executed: 11
[INFO ][2015-11-05 16:38:44,045][com.java.SeleniumDriver] [  800] - Test step:18
[INFO ][2015-11-05 16:38:44,045][com.java.SeleniumDriver] [  812] - Datavalue is----------dt:NewUserPswd
[INFO ][2015-11-05 16:38:44,045][com.java.SeleniumDriver] [  836] - DataField : TXTtxtPasswordConfirm
[INFO ][2015-11-05 16:38:44,045][com.java.SeleniumDriver] [  838] - DataValue : dt:NewUserPswd
[INFO ][2015-11-05 16:38:44,045][com.java.SeleniumDriver] [  844] - <In Set values of the page>
[INFO ][2015-11-05 16:38:44,045][com.java.SeleniumDriver] [  847] - {Data Fields & Data Values Exist}
[INFO ][2015-11-05 16:38:44,045][com.java.SeleniumDriver] [  849] - --------------------------setting values-----------------------------
[INFO ][2015-11-05 16:38:44,045][com.java.SeleniumDriver] [  852] - Action Type : Enter
[INFO ][2015-11-05 16:38:44,045][com.java.TestType] [ 4413] - field = txtPasswordConfirm
[INFO ][2015-11-05 16:38:44,045][com.java.TestType] [ 3780] - value = Password1*
[INFO ][2015-11-05 16:38:47,027][com.java.SeleniumDriver] [  861] -  RESULT true
[INFO ][2015-11-05 16:38:47,027][com.java.SeleniumDriver] [ 1066] - ?   P A S S   ?
[INFO ][2015-11-05 16:38:47,027][com.java.SeleniumDriver] [  788] - ------------------------------------------
[INFO ][2015-11-05 16:38:47,027][com.java.SeleniumDriver] [  789] - Test case being Executed: 11
[INFO ][2015-11-05 16:38:47,027][com.java.SeleniumDriver] [  800] - Test step:19
[INFO ][2015-11-05 16:38:47,027][com.java.SeleniumDriver] [  812] - Datavalue is----------null
[DEBUG][2015-11-05 16:38:47,027][com.java.SeleniumDriver] [  830] - Exception: null
[INFO ][2015-11-05 16:38:47,027][com.java.SeleniumDriver] [  836] - DataField : BTNparent
[INFO ][2015-11-05 16:38:47,027][com.java.SeleniumDriver] [  838] - DataValue : 
[INFO ][2015-11-05 16:38:47,027][com.java.SeleniumDriver] [  844] - <In Set values of the page>
[INFO ][2015-11-05 16:38:47,027][com.java.SeleniumDriver] [  847] - {Data Fields & Data Values Exist}
[INFO ][2015-11-05 16:38:47,027][com.java.SeleniumDriver] [  849] - --------------------------setting values-----------------------------
[INFO ][2015-11-05 16:38:47,027][com.java.SeleniumDriver] [  852] - Action Type : SelectFrame
[INFO ][2015-11-05 16:38:47,037][com.java.SeleniumDriver] [  861] -  RESULT true
[INFO ][2015-11-05 16:38:47,037][com.java.SeleniumDriver] [ 1066] - ?   P A S S   ?
[INFO ][2015-11-05 16:38:47,037][com.java.SeleniumDriver] [  788] - ------------------------------------------
[INFO ][2015-11-05 16:38:47,037][com.java.SeleniumDriver] [  789] - Test case being Executed: 11
[INFO ][2015-11-05 16:38:47,037][com.java.SeleniumDriver] [  800] - Test step:20
[INFO ][2015-11-05 16:38:47,037][com.java.SeleniumDriver] [  812] - Datavalue is----------5
[INFO ][2015-11-05 16:38:47,037][com.java.SeleniumDriver] [  836] - DataField : test
[INFO ][2015-11-05 16:38:47,037][com.java.SeleniumDriver] [  838] - DataValue : 5
[INFO ][2015-11-05 16:38:47,037][com.java.SeleniumDriver] [  844] - <In Set values of the page>
[INFO ][2015-11-05 16:38:47,037][com.java.SeleniumDriver] [  847] - {Data Fields & Data Values Exist}
[INFO ][2015-11-05 16:38:47,037][com.java.SeleniumDriver] [  849] - --------------------------setting values-----------------------------
[INFO ][2015-11-05 16:38:47,037][com.java.SeleniumDriver] [  852] - Action Type : WaitTime
[DEBUG][2015-11-05 16:38:47,037][com.java.TestType] [ 3679] - sleepTime: 5000
[INFO ][2015-11-05 16:38:52,037][com.java.SeleniumDriver] [  861] -  RESULT true
[INFO ][2015-11-05 16:38:52,037][com.java.SeleniumDriver] [ 1066] - ?   P A S S   ?
[INFO ][2015-11-05 16:38:52,037][com.java.SeleniumDriver] [  788] - ------------------------------------------
[INFO ][2015-11-05 16:38:52,037][com.java.SeleniumDriver] [  789] - Test case being Executed: 11
[INFO ][2015-11-05 16:38:52,037][com.java.SeleniumDriver] [  800] - Test step:21
[INFO ][2015-11-05 16:38:52,037][com.java.SeleniumDriver] [  812] - Datavalue is----------null
[DEBUG][2015-11-05 16:38:52,037][com.java.SeleniumDriver] [  830] - Exception: null
[INFO ][2015-11-05 16:38:52,037][com.java.SeleniumDriver] [  836] - DataField : XPH//span[contains(text(), 'Finished')]
[INFO ][2015-11-05 16:38:52,037][com.java.SeleniumDriver] [  838] - DataValue : 
[INFO ][2015-11-05 16:38:52,037][com.java.SeleniumDriver] [  844] - <In Set values of the page>
[INFO ][2015-11-05 16:38:52,037][com.java.SeleniumDriver] [  847] - {Data Fields & Data Values Exist}
[INFO ][2015-11-05 16:38:52,037][com.java.SeleniumDriver] [  849] - --------------------------setting values-----------------------------
[INFO ][2015-11-05 16:38:52,037][com.java.SeleniumDriver] [  852] - Action Type : Click
[INFO ][2015-11-05 16:38:52,037][com.java.TestType] [ 4093] - Field ::XPH//span[contains(text(), 'Finished')]
[INFO ][2015-11-05 16:38:53,038][com.java.TestType] [ 4152] - BEFORE CLICK
[INFO ][2015-11-05 16:38:54,258][com.java.TestType] [ 4160] - Unable to click the object Finished button
[INFO ][2015-11-05 16:38:54,258][com.java.SeleniumDriver] [  861] -  RESULT true
[INFO ][2015-11-05 16:38:54,258][com.java.SeleniumDriver] [ 1066] - ?   P A S S   ?
[INFO ][2015-11-05 16:38:54,258][com.java.SeleniumDriver] [  788] - ------------------------------------------
[INFO ][2015-11-05 16:38:54,258][com.java.SeleniumDriver] [  789] - Test case being Executed: 11
[INFO ][2015-11-05 16:38:54,258][com.java.SeleniumDriver] [  800] - Test step:22
[INFO ][2015-11-05 16:38:54,258][com.java.SeleniumDriver] [  812] - Datavalue is----------null
[DEBUG][2015-11-05 16:38:54,258][com.java.SeleniumDriver] [  830] - Exception: null
[INFO ][2015-11-05 16:38:54,258][com.java.SeleniumDriver] [  836] - DataField : XPH//span[contains(text(), 'Finished')]
[INFO ][2015-11-05 16:38:54,258][com.java.SeleniumDriver] [  838] - DataValue : 
[INFO ][2015-11-05 16:38:54,258][com.java.SeleniumDriver] [  844] - <In Set values of the page>
[INFO ][2015-11-05 16:38:54,258][com.java.SeleniumDriver] [  847] - {Data Fields & Data Values Exist}
[INFO ][2015-11-05 16:38:54,258][com.java.SeleniumDriver] [  849] - --------------------------setting values-----------------------------
[INFO ][2015-11-05 16:38:54,258][com.java.SeleniumDriver] [  852] - Action Type : WaitForElement
[INFO ][2015-11-05 16:38:55,369][com.java.SeleniumDriver] [  861] -  RESULT true
[INFO ][2015-11-05 16:38:55,369][com.java.SeleniumDriver] [ 1066] - ?   P A S S   ?
[INFO ][2015-11-05 16:38:55,369][com.java.SeleniumDriver] [  788] - ------------------------------------------
[INFO ][2015-11-05 16:38:55,369][com.java.SeleniumDriver] [  789] - Test case being Executed: 11
[INFO ][2015-11-05 16:38:55,369][com.java.SeleniumDriver] [  800] - Test step:23
[INFO ][2015-11-05 16:38:55,369][com.java.SeleniumDriver] [  812] - Datavalue is----------null
[DEBUG][2015-11-05 16:38:55,369][com.java.SeleniumDriver] [  830] - Exception: null
[INFO ][2015-11-05 16:38:55,369][com.java.SeleniumDriver] [  836] - DataField : BTNframeDialogContent
[INFO ][2015-11-05 16:38:55,369][com.java.SeleniumDriver] [  838] - DataValue : 
[INFO ][2015-11-05 16:38:55,369][com.java.SeleniumDriver] [  844] - <In Set values of the page>
[INFO ][2015-11-05 16:38:55,369][com.java.SeleniumDriver] [  847] - {Data Fields & Data Values Exist}
[INFO ][2015-11-05 16:38:55,369][com.java.SeleniumDriver] [  849] - --------------------------setting values-----------------------------
[INFO ][2015-11-05 16:38:55,369][com.java.SeleniumDriver] [  852] - Action Type : SelectFrame
[INFO ][2015-11-05 16:38:56,651][com.java.SeleniumDriver] [  861] -  RESULT true
[INFO ][2015-11-05 16:38:56,651][com.java.SeleniumDriver] [ 1066] - ?   P A S S   ?
[INFO ][2015-11-05 16:38:56,651][com.java.SeleniumDriver] [  788] - ------------------------------------------
[INFO ][2015-11-05 16:38:56,651][com.java.SeleniumDriver] [  789] - Test case being Executed: 11
[INFO ][2015-11-05 16:38:56,651][com.java.SeleniumDriver] [  800] - Test step:24
[INFO ][2015-11-05 16:38:56,651][com.java.SeleniumDriver] [  812] - Datavalue is----------null
[DEBUG][2015-11-05 16:38:56,651][com.java.SeleniumDriver] [  830] - Exception: null
[INFO ][2015-11-05 16:38:56,651][com.java.SeleniumDriver] [  836] - DataField : BTNchkGlobalPrivsUserAdmin
[INFO ][2015-11-05 16:38:56,651][com.java.SeleniumDriver] [  838] - DataValue : 
[INFO ][2015-11-05 16:38:56,651][com.java.SeleniumDriver] [  844] - <In Set values of the page>
[INFO ][2015-11-05 16:38:56,651][com.java.SeleniumDriver] [  847] - {Data Fields & Data Values Exist}
[INFO ][2015-11-05 16:38:56,651][com.java.SeleniumDriver] [  849] - --------------------------setting values-----------------------------
[INFO ][2015-11-05 16:38:56,651][com.java.SeleniumDriver] [  852] - Action Type : Click
[INFO ][2015-11-05 16:38:56,651][com.java.TestType] [ 4093] - Field ::BTNchkGlobalPrivsUserAdmin
[INFO ][2015-11-05 16:38:57,651][com.java.TestType] [ 4131] - BEFORE CLICK
[INFO ][2015-11-05 16:38:58,982][com.java.TestType] [ 4138] - Unable to click the object User Admin check box
[INFO ][2015-11-05 16:38:58,982][com.java.SeleniumDriver] [  861] -  RESULT true
[INFO ][2015-11-05 16:38:58,982][com.java.SeleniumDriver] [ 1066] - ?   P A S S   ?
[INFO ][2015-11-05 16:38:58,982][com.java.SeleniumDriver] [  788] - ------------------------------------------
[INFO ][2015-11-05 16:38:58,982][com.java.SeleniumDriver] [  789] - Test case being Executed: 11
[INFO ][2015-11-05 16:38:58,982][com.java.SeleniumDriver] [  800] - Test step:25
[INFO ][2015-11-05 16:38:58,982][com.java.SeleniumDriver] [  812] - Datavalue is----------null
[DEBUG][2015-11-05 16:38:58,982][com.java.SeleniumDriver] [  830] - Exception: null
[INFO ][2015-11-05 16:38:58,982][com.java.SeleniumDriver] [  836] - DataField : BTNrdoEnableEntity_Enable
[INFO ][2015-11-05 16:38:58,982][com.java.SeleniumDriver] [  838] - DataValue : 
[INFO ][2015-11-05 16:38:58,982][com.java.SeleniumDriver] [  844] - <In Set values of the page>
[INFO ][2015-11-05 16:38:58,982][com.java.SeleniumDriver] [  847] - {Data Fields & Data Values Exist}
[INFO ][2015-11-05 16:38:58,982][com.java.SeleniumDriver] [  849] - --------------------------setting values-----------------------------
[INFO ][2015-11-05 16:38:58,982][com.java.SeleniumDriver] [  852] - Action Type : Click
[INFO ][2015-11-05 16:38:58,982][com.java.TestType] [ 4093] - Field ::BTNrdoEnableEntity_Enable
[INFO ][2015-11-05 16:38:59,982][com.java.TestType] [ 4131] - BEFORE CLICK
[INFO ][2015-11-05 16:39:01,303][com.java.TestType] [ 4138] - Unable to click the object Enable radio button
[INFO ][2015-11-05 16:39:01,303][com.java.SeleniumDriver] [  861] -  RESULT true
[INFO ][2015-11-05 16:39:01,303][com.java.SeleniumDriver] [ 1066] - ?   P A S S   ?
[INFO ][2015-11-05 16:39:01,303][com.java.SeleniumDriver] [  788] - ------------------------------------------
[INFO ][2015-11-05 16:39:01,303][com.java.SeleniumDriver] [  789] - Test case being Executed: 11
[INFO ][2015-11-05 16:39:01,303][com.java.SeleniumDriver] [  800] - Test step:26
[INFO ][2015-11-05 16:39:01,303][com.java.SeleniumDriver] [  812] - Datavalue is----------null
[DEBUG][2015-11-05 16:39:01,303][com.java.SeleniumDriver] [  830] - Exception: null
[INFO ][2015-11-05 16:39:01,303][com.java.SeleniumDriver] [  836] - DataField : BTNchkProfitCenterAll
[INFO ][2015-11-05 16:39:01,303][com.java.SeleniumDriver] [  838] - DataValue : 
[INFO ][2015-11-05 16:39:01,303][com.java.SeleniumDriver] [  844] - <In Set values of the page>
[INFO ][2015-11-05 16:39:01,303][com.java.SeleniumDriver] [  847] - {Data Fields & Data Values Exist}
[INFO ][2015-11-05 16:39:01,303][com.java.SeleniumDriver] [  849] - --------------------------setting values-----------------------------
[INFO ][2015-11-05 16:39:01,303][com.java.SeleniumDriver] [  852] - Action Type : Click
[INFO ][2015-11-05 16:39:01,303][com.java.TestType] [ 4093] - Field ::BTNchkProfitCenterAll
[INFO ][2015-11-05 16:39:02,303][com.java.TestType] [ 4131] - BEFORE CLICK
[INFO ][2015-11-05 16:39:03,614][com.java.TestType] [ 4138] - Unable to click the object All Check box
[INFO ][2015-11-05 16:39:03,614][com.java.SeleniumDriver] [  861] -  RESULT true
[INFO ][2015-11-05 16:39:03,614][com.java.SeleniumDriver] [ 1066] - ?   P A S S   ?
[INFO ][2015-11-05 16:39:03,614][com.java.SeleniumDriver] [  788] - ------------------------------------------
[INFO ][2015-11-05 16:39:03,614][com.java.SeleniumDriver] [  789] - Test case being Executed: 11
[INFO ][2015-11-05 16:39:03,614][com.java.SeleniumDriver] [  800] - Test step:27
[INFO ][2015-11-05 16:39:03,614][com.java.SeleniumDriver] [  812] - Datavalue is----------null
[DEBUG][2015-11-05 16:39:03,614][com.java.SeleniumDriver] [  830] - Exception: null
[INFO ][2015-11-05 16:39:03,614][com.java.SeleniumDriver] [  836] - DataField : BTNchkPrivsAccessGL
[INFO ][2015-11-05 16:39:03,614][com.java.SeleniumDriver] [  838] - DataValue : 
[INFO ][2015-11-05 16:39:03,614][com.java.SeleniumDriver] [  844] - <In Set values of the page>
[INFO ][2015-11-05 16:39:03,614][com.java.SeleniumDriver] [  847] - {Data Fields & Data Values Exist}
[INFO ][2015-11-05 16:39:03,614][com.java.SeleniumDriver] [  849] - --------------------------setting values-----------------------------
[INFO ][2015-11-05 16:39:03,614][com.java.SeleniumDriver] [  852] - Action Type : Click
[INFO ][2015-11-05 16:39:03,614][com.java.TestType] [ 4093] - Field ::BTNchkPrivsAccessGL
[INFO ][2015-11-05 16:39:04,614][com.java.TestType] [ 4131] - BEFORE CLICK
[INFO ][2015-11-05 16:39:05,905][com.java.TestType] [ 4138] - Unable to click the object GL check box
[INFO ][2015-11-05 16:39:05,905][com.java.SeleniumDriver] [  861] -  RESULT true
[INFO ][2015-11-05 16:39:05,905][com.java.SeleniumDriver] [ 1066] - ?   P A S S   ?
[INFO ][2015-11-05 16:39:05,905][com.java.SeleniumDriver] [  788] - ------------------------------------------
[INFO ][2015-11-05 16:39:05,905][com.java.SeleniumDriver] [  789] - Test case being Executed: 11
[INFO ][2015-11-05 16:39:05,905][com.java.SeleniumDriver] [  800] - Test step:28
[INFO ][2015-11-05 16:39:05,905][com.java.SeleniumDriver] [  812] - Datavalue is----------null
[DEBUG][2015-11-05 16:39:05,905][com.java.SeleniumDriver] [  830] - Exception: null
[INFO ][2015-11-05 16:39:05,905][com.java.SeleniumDriver] [  836] - DataField : BTNparent
[INFO ][2015-11-05 16:39:05,905][com.java.SeleniumDriver] [  838] - DataValue : 
[INFO ][2015-11-05 16:39:05,905][com.java.SeleniumDriver] [  844] - <In Set values of the page>
[INFO ][2015-11-05 16:39:05,905][com.java.SeleniumDriver] [  847] - {Data Fields & Data Values Exist}
[INFO ][2015-11-05 16:39:05,905][com.java.SeleniumDriver] [  849] - --------------------------setting values-----------------------------
[INFO ][2015-11-05 16:39:05,905][com.java.SeleniumDriver] [  852] - Action Type : SelectFrame
[INFO ][2015-11-05 16:39:05,915][com.java.SeleniumDriver] [  861] -  RESULT true
[INFO ][2015-11-05 16:39:05,915][com.java.SeleniumDriver] [ 1066] - ?   P A S S   ?
[INFO ][2015-11-05 16:39:05,915][com.java.SeleniumDriver] [  788] - ------------------------------------------
[INFO ][2015-11-05 16:39:05,915][com.java.SeleniumDriver] [  789] - Test case being Executed: 11
[INFO ][2015-11-05 16:39:05,915][com.java.SeleniumDriver] [  800] - Test step:29
[INFO ][2015-11-05 16:39:05,915][com.java.SeleniumDriver] [  812] - Datavalue is----------5
[INFO ][2015-11-05 16:39:05,915][com.java.SeleniumDriver] [  836] - DataField : test
[INFO ][2015-11-05 16:39:05,915][com.java.SeleniumDriver] [  838] - DataValue : 5
[INFO ][2015-11-05 16:39:05,915][com.java.SeleniumDriver] [  844] - <In Set values of the page>
[INFO ][2015-11-05 16:39:05,915][com.java.SeleniumDriver] [  847] - {Data Fields & Data Values Exist}
[INFO ][2015-11-05 16:39:05,915][com.java.SeleniumDriver] [  849] - --------------------------setting values-----------------------------
[INFO ][2015-11-05 16:39:05,915][com.java.SeleniumDriver] [  852] - Action Type : WaitTime
[DEBUG][2015-11-05 16:39:05,915][com.java.TestType] [ 3679] - sleepTime: 5000
[INFO ][2015-11-05 16:39:10,915][com.java.SeleniumDriver] [  861] -  RESULT true
[INFO ][2015-11-05 16:39:10,915][com.java.SeleniumDriver] [ 1066] - ?   P A S S   ?
[INFO ][2015-11-05 16:39:10,915][com.java.SeleniumDriver] [  788] - ------------------------------------------
[INFO ][2015-11-05 16:39:10,915][com.java.SeleniumDriver] [  789] - Test case being Executed: 11
[INFO ][2015-11-05 16:39:10,915][com.java.SeleniumDriver] [  800] - Test step:30
[INFO ][2015-11-05 16:39:10,915][com.java.SeleniumDriver] [  812] - Datavalue is----------null
[DEBUG][2015-11-05 16:39:10,915][com.java.SeleniumDriver] [  830] - Exception: null
[INFO ][2015-11-05 16:39:10,915][com.java.SeleniumDriver] [  836] - DataField : XPH//span[contains(text(), 'Finished')]
[INFO ][2015-11-05 16:39:10,915][com.java.SeleniumDriver] [  838] - DataValue : 
[INFO ][2015-11-05 16:39:10,915][com.java.SeleniumDriver] [  844] - <In Set values of the page>
[INFO ][2015-11-05 16:39:10,915][com.java.SeleniumDriver] [  847] - {Data Fields & Data Values Exist}
[INFO ][2015-11-05 16:39:10,915][com.java.SeleniumDriver] [  849] - --------------------------setting values-----------------------------
[INFO ][2015-11-05 16:39:10,915][com.java.SeleniumDriver] [  852] - Action Type : Click
[INFO ][2015-11-05 16:39:10,915][com.java.TestType] [ 4093] - Field ::XPH//span[contains(text(), 'Finished')]
[INFO ][2015-11-05 16:39:11,916][com.java.TestType] [ 4152] - BEFORE CLICK
[INFO ][2015-11-05 16:39:17,916][com.java.TestType] [ 4160] - Unable to click the object Finished button
[INFO ][2015-11-05 16:39:17,916][com.java.SeleniumDriver] [  861] -  RESULT true
[INFO ][2015-11-05 16:39:17,916][com.java.SeleniumDriver] [ 1066] - ?   P A S S   ?
[INFO ][2015-11-05 16:39:17,916][com.java.SeleniumDriver] [  788] - ------------------------------------------
[INFO ][2015-11-05 16:39:17,916][com.java.SeleniumDriver] [  789] - Test case being Executed: 11
[INFO ][2015-11-05 16:39:17,916][com.java.SeleniumDriver] [  800] - Test step:31
[INFO ][2015-11-05 16:39:17,916][com.java.SeleniumDriver] [  812] - Datavalue is----------5
[INFO ][2015-11-05 16:39:17,916][com.java.SeleniumDriver] [  836] - DataField : BTNframeDialogContent
[INFO ][2015-11-05 16:39:17,916][com.java.SeleniumDriver] [  838] - DataValue : 5
[INFO ][2015-11-05 16:39:17,916][com.java.SeleniumDriver] [  844] - <In Set values of the page>
[INFO ][2015-11-05 16:39:17,916][com.java.SeleniumDriver] [  847] - {Data Fields & Data Values Exist}
[INFO ][2015-11-05 16:39:17,916][com.java.SeleniumDriver] [  849] - --------------------------setting values-----------------------------
[INFO ][2015-11-05 16:39:17,916][com.java.SeleniumDriver] [  852] - Action Type : WaitForElement
[INFO ][2015-11-05 16:39:19,127][com.java.SeleniumDriver] [  861] -  RESULT true
[INFO ][2015-11-05 16:39:19,127][com.java.SeleniumDriver] [ 1066] - ?   P A S S   ?
[INFO ][2015-11-05 16:39:19,127][com.java.SeleniumDriver] [  788] - ------------------------------------------
[INFO ][2015-11-05 16:39:19,127][com.java.SeleniumDriver] [  789] - Test case being Executed: 11
[INFO ][2015-11-05 16:39:19,127][com.java.SeleniumDriver] [  800] - Test step:32
[INFO ][2015-11-05 16:39:19,127][com.java.SeleniumDriver] [  812] - Datavalue is----------null
[DEBUG][2015-11-05 16:39:19,127][com.java.SeleniumDriver] [  830] - Exception: null
[INFO ][2015-11-05 16:39:19,127][com.java.SeleniumDriver] [  836] - DataField : BTNframeDialogContent
[INFO ][2015-11-05 16:39:19,127][com.java.SeleniumDriver] [  838] - DataValue : 
[INFO ][2015-11-05 16:39:19,127][com.java.SeleniumDriver] [  844] - <In Set values of the page>
[INFO ][2015-11-05 16:39:19,127][com.java.SeleniumDriver] [  847] - {Data Fields & Data Values Exist}
[INFO ][2015-11-05 16:39:19,127][com.java.SeleniumDriver] [  849] - --------------------------setting values-----------------------------
[INFO ][2015-11-05 16:39:19,127][com.java.SeleniumDriver] [  852] - Action Type : SelectFrame
[INFO ][2015-11-05 16:39:20,379][com.java.SeleniumDriver] [  861] -  RESULT true
[INFO ][2015-11-05 16:39:20,379][com.java.SeleniumDriver] [ 1066] - ?   P A S S   ?
[INFO ][2015-11-05 16:39:20,379][com.java.SeleniumDriver] [  788] - ------------------------------------------
[INFO ][2015-11-05 16:39:20,379][com.java.SeleniumDriver] [  789] - Test case being Executed: 11
[INFO ][2015-11-05 16:39:20,379][com.java.SeleniumDriver] [  800] - Test step:33
[INFO ][2015-11-05 16:39:20,379][com.java.SeleniumDriver] [  812] - Datavalue is----------null
[DEBUG][2015-11-05 16:39:20,379][com.java.SeleniumDriver] [  830] - Exception: null
[INFO ][2015-11-05 16:39:20,379][com.java.SeleniumDriver] [  836] - DataField : XPH//table[@id="tblUserListing"]//td[contains(text(),'vltest.robot')]
[INFO ][2015-11-05 16:39:20,379][com.java.SeleniumDriver] [  838] - DataValue : 
[INFO ][2015-11-05 16:39:20,379][com.java.SeleniumDriver] [  844] - <In Set values of the page>
[INFO ][2015-11-05 16:39:20,379][com.java.SeleniumDriver] [  847] - {Data Fields & Data Values Exist}
[INFO ][2015-11-05 16:39:20,379][com.java.SeleniumDriver] [  849] - --------------------------setting values-----------------------------
[INFO ][2015-11-05 16:39:20,379][com.java.SeleniumDriver] [  852] - Action Type : WaitForElement
[INFO ][2015-11-05 16:39:20,449][com.java.SeleniumDriver] [  861] -  RESULT true
[INFO ][2015-11-05 16:39:20,449][com.java.SeleniumDriver] [ 1066] - ?   P A S S   ?
[INFO ][2015-11-05 16:39:20,449][com.java.SeleniumDriver] [  788] - ------------------------------------------
[INFO ][2015-11-05 16:39:20,449][com.java.SeleniumDriver] [  789] - Test case being Executed: 11
[INFO ][2015-11-05 16:39:20,449][com.java.SeleniumDriver] [  800] - Test step:34
[INFO ][2015-11-05 16:39:20,449][com.java.SeleniumDriver] [  812] - Datavalue is----------dt:NewUserName
[INFO ][2015-11-05 16:39:20,449][com.java.SeleniumDriver] [  836] - DataField : USR
[INFO ][2015-11-05 16:39:20,449][com.java.SeleniumDriver] [  838] - DataValue : dt:NewUserName
[INFO ][2015-11-05 16:39:20,449][com.java.SeleniumDriver] [  844] - <In Set values of the page>
[INFO ][2015-11-05 16:39:20,449][com.java.SeleniumDriver] [  847] - {Data Fields & Data Values Exist}
[INFO ][2015-11-05 16:39:20,449][com.java.SeleniumDriver] [  849] - --------------------------setting values-----------------------------
[INFO ][2015-11-05 16:39:20,449][com.java.SeleniumDriver] [  852] - Action Type : Verify
[INFO ][2015-11-05 16:39:20,449][com.java.TestType] [ 4906] - field= USR value= dt:NewUserName
[INFO ][2015-11-05 16:39:20,449][com.java.TestType] [ 3780] - value = vltest.robot
[INFO ][2015-11-05 16:39:20,509][com.java.SeleniumDriver] [  861] -  RESULT true
[INFO ][2015-11-05 16:39:20,509][com.java.SeleniumDriver] [ 1066] - ?   P A S S   ?
[INFO ][2015-11-05 16:39:20,509][com.java.SeleniumDriver] [  788] - ------------------------------------------
[INFO ][2015-11-05 16:39:20,509][com.java.SeleniumDriver] [  789] - Test case being Executed: 11
[INFO ][2015-11-05 16:39:20,509][com.java.SeleniumDriver] [  800] - Test step:35
[INFO ][2015-11-05 16:39:20,509][com.java.SeleniumDriver] [  812] - Datavalue is----------Login_username
[INFO ][2015-11-05 16:39:20,509][com.java.SeleniumDriver] [  836] - DataField : XPH//table[@id="tblUserListing"]//td[contains(text(),'vltest.robot')]
[INFO ][2015-11-05 16:39:20,509][com.java.SeleniumDriver] [  838] - DataValue : Login_username
[INFO ][2015-11-05 16:39:20,509][com.java.SeleniumDriver] [  844] - <In Set values of the page>
[INFO ][2015-11-05 16:39:20,509][com.java.SeleniumDriver] [  847] - {Data Fields & Data Values Exist}
[INFO ][2015-11-05 16:39:20,509][com.java.SeleniumDriver] [  849] - --------------------------setting values-----------------------------
[INFO ][2015-11-05 16:39:20,509][com.java.SeleniumDriver] [  852] - Action Type : STOREVALUE
[INFO ][2015-11-05 16:39:20,509][com.java.TestType] [ 5840] - field= XPH//table[@id="tblUserListing"]//td[contains(text(),'vltest.robot')]
[DEBUG][2015-11-05 16:39:20,609][com.java.TestType] [ 5892] - Key:: Login_username   Value:: vltest.robot.03890
[INFO ][2015-11-05 16:39:20,609][com.java.SeleniumDriver] [  861] -  RESULT true
[INFO ][2015-11-05 16:39:20,609][com.java.SeleniumDriver] [ 1066] - ?   P A S S   ?
[INFO ][2015-11-05 16:39:20,609][com.java.SeleniumDriver] [  788] - ------------------------------------------
[INFO ][2015-11-05 16:39:20,609][com.java.SeleniumDriver] [  789] - Test case being Executed: 11
[INFO ][2015-11-05 16:39:20,609][com.java.SeleniumDriver] [  800] - Test step:36
[INFO ][2015-11-05 16:39:20,609][com.java.SeleniumDriver] [  812] - Datavalue is----------null
[DEBUG][2015-11-05 16:39:20,609][com.java.SeleniumDriver] [  830] - Exception: null
[INFO ][2015-11-05 16:39:20,609][com.java.SeleniumDriver] [  836] - DataField : BTNparent
[INFO ][2015-11-05 16:39:20,609][com.java.SeleniumDriver] [  838] - DataValue : 
[INFO ][2015-11-05 16:39:20,609][com.java.SeleniumDriver] [  844] - <In Set values of the page>
[INFO ][2015-11-05 16:39:20,609][com.java.SeleniumDriver] [  847] - {Data Fields & Data Values Exist}
[INFO ][2015-11-05 16:39:20,609][com.java.SeleniumDriver] [  849] - --------------------------setting values-----------------------------
[INFO ][2015-11-05 16:39:20,609][com.java.SeleniumDriver] [  852] - Action Type : SelectFrame
[INFO ][2015-11-05 16:39:20,619][com.java.SeleniumDriver] [  861] -  RESULT true
[INFO ][2015-11-05 16:39:20,619][com.java.SeleniumDriver] [ 1066] - ?   P A S S   ?
[INFO ][2015-11-05 16:39:20,619][com.java.SeleniumDriver] [  788] - ------------------------------------------
[INFO ][2015-11-05 16:39:20,619][com.java.SeleniumDriver] [  789] - Test case being Executed: 11
[INFO ][2015-11-05 16:39:20,619][com.java.SeleniumDriver] [  800] - Test step:37
[INFO ][2015-11-05 16:39:20,619][com.java.SeleniumDriver] [  812] - Datavalue is----------null
[DEBUG][2015-11-05 16:39:20,619][com.java.SeleniumDriver] [  830] - Exception: null
[INFO ][2015-11-05 16:39:20,619][com.java.SeleniumDriver] [  836] - DataField : XPH//span[contains(text(), 'Finished')]
[INFO ][2015-11-05 16:39:20,619][com.java.SeleniumDriver] [  838] - DataValue : 
[INFO ][2015-11-05 16:39:20,619][com.java.SeleniumDriver] [  844] - <In Set values of the page>
[INFO ][2015-11-05 16:39:20,619][com.java.SeleniumDriver] [  847] - {Data Fields & Data Values Exist}
[INFO ][2015-11-05 16:39:20,619][com.java.SeleniumDriver] [  849] - --------------------------setting values-----------------------------
[INFO ][2015-11-05 16:39:20,619][com.java.SeleniumDriver] [  852] - Action Type : Click
[INFO ][2015-11-05 16:39:20,619][com.java.TestType] [ 4093] - Field ::XPH//span[contains(text(), 'Finished')]
[INFO ][2015-11-05 16:39:21,619][com.java.TestType] [ 4152] - BEFORE CLICK
[INFO ][2015-11-05 16:39:22,739][com.java.TestType] [ 4160] - Unable to click the object Finished button
[INFO ][2015-11-05 16:39:22,739][com.java.SeleniumDriver] [  861] -  RESULT true
[INFO ][2015-11-05 16:39:22,739][com.java.SeleniumDriver] [ 1066] - ?   P A S S   ?
[INFO ][2015-11-05 16:39:22,739][com.java.SeleniumDriver] [  788] - ------------------------------------------
[INFO ][2015-11-05 16:39:22,739][com.java.SeleniumDriver] [  789] - Test case being Executed: 11
[INFO ][2015-11-05 16:39:22,739][com.java.SeleniumDriver] [  800] - Test step:38
[INFO ][2015-11-05 16:39:22,739][com.java.SeleniumDriver] [  812] - Datavalue is----------Concept#3:1-2
[INFO ][2015-11-05 16:39:22,739][com.java.SeleniumDriver] [  836] - DataField : test
[INFO ][2015-11-05 16:39:22,739][com.java.SeleniumDriver] [  838] - DataValue : Concept#3:1-2
[INFO ][2015-11-05 16:39:22,739][com.java.SeleniumDriver] [  844] - <In Set values of the page>
[INFO ][2015-11-05 16:39:22,739][com.java.SeleniumDriver] [  847] - {Data Fields & Data Values Exist}
[INFO ][2015-11-05 16:39:22,739][com.java.SeleniumDriver] [  849] - --------------------------setting values-----------------------------
[INFO ][2015-11-05 16:39:22,739][com.java.SeleniumDriver] [  852] - Action Type : ExecuteTestCase
[INFO ][2015-11-05 16:39:22,739][com.java.TestType] [  414] - The Concept sheet name is ---------- Concept
[INFO ][2015-11-05 16:39:22,739][com.java.TestType] [  417] - The Concept ID  is ---------- 3
[DEBUG][2015-11-05 16:39:22,739][com.java.TestType] [  421] - Steps being executted in the Concept are: 1:2
[INFO ][2015-11-05 16:39:22,739][com.java.TestType] [  428] - Test data details path ---------- D:\BankersDashboard\TestInputs\TestData.xls
[INFO ][2015-11-05 16:39:22,760][com.java.TestType] [  459] -  str(1) = 3
[INFO ][2015-11-05 16:39:22,760][com.java.TestType] [  462] - Test case Id is---3
[INFO ][2015-11-05 16:39:22,760][com.java.TestType] [  464] - 3
[INFO ][2015-11-05 16:39:22,760][com.java.TestType] [  459] -  str(2) = 1
[INFO ][2015-11-05 16:39:22,770][com.java.TestType] [  511] - row values are--------{1=com.java.Objects.TestDataDetails@1bbe38d}
[INFO ][2015-11-05 16:39:22,770][com.java.TestType] [  459] -  str(1) = 3
[INFO ][2015-11-05 16:39:22,770][com.java.TestType] [  462] - Test case Id is---3
[INFO ][2015-11-05 16:39:22,770][com.java.TestType] [  464] - 3
[INFO ][2015-11-05 16:39:22,770][com.java.TestType] [  459] -  str(2) = 2
[INFO ][2015-11-05 16:39:22,770][com.java.TestType] [  511] - row values are--------{1=com.java.Objects.TestDataDetails@1bbe38d, 2=com.java.Objects.TestDataDetails@1c90acb}
[INFO ][2015-11-05 16:39:22,770][com.java.TestType] [ 7929] - Looping 1TCID = 3
[DEBUG][2015-11-05 16:39:22,770][com.java.TestType] [ 7970] - Concept ID:3 :: Step being Executed: 3::1
[INFO ][2015-11-05 16:39:22,770][com.java.TestType] [ 8008] - dataFields : test
[DEBUG][2015-11-05 16:39:22,770][com.java.TestType] [ 8014] - <In Set values of the page>
[DEBUG][2015-11-05 16:39:22,770][com.java.TestType] [ 8019] - {Data Fields & Data Values Exist}
[INFO ][2015-11-05 16:39:22,770][com.java.TestType] [ 8025] - --------------------------setting values-----------------------------
[INFO ][2015-11-05 16:39:22,770][com.java.TestType] [ 8028] - Action Type : Logout
[INFO ][2015-11-05 16:39:24,955][com.java.TestType] [ 4093] - Field ::CNF
[INFO ][2015-11-05 16:39:27,257][com.java.TestType] [ 4148] - Click the object confirmation
[INFO ][2015-11-05 16:39:27,257][com.java.TestType] [ 4149] - Unable to click the object confirmation
[DEBUG][2015-11-05 16:39:27,261][com.java.SeleniumDriver] [  425] - Hub ip address is-------172.17.68.34
[INFO ][2015-11-05 16:39:27,261][com.java.SeleniumDriver] [  451] - Grid URL:http://172.17.68.34:4444/wd/hub
[INFO ][2015-11-05 16:39:27,261][com.java.SeleniumDriver] [  452] - Capability:Capabilities [{platform=ANY, ensureCleanSession=true, ignoreProtectedModeSettings=true, acceptSslCerts=true, ignoreZoomSetting=true, browserName=internet explorer, browserstack.ie.noFlash=true, version=Node1}]
[ERROR][2015-11-05 16:39:28,288][com.java.SeleniumDriver] [  496] - Unable invoke browser in grid:Could not start a new session. Possible causes are invalid address of the remote server or browser start-up failure.
Build info: version: '2.48.2', revision: '41bccdd', time: '2015-10-09 19:59:12'
System info: host: 'FVTIII438F1D', ip: '172.17.68.34', os.name: 'Windows 7', os.arch: 'x86', os.version: '6.1', java.version: '1.7.0_55'
Driver info: driver.version: SeleniumDriver
[INFO ][2015-11-05 16:39:28,288][com.java.SeleniumDriver] [  498] - Executing on local machine
[INFO ][2015-11-05 16:39:37,140][com.java.TestType] [ 8047] -  RESULT true
[INFO ][2015-11-05 16:39:37,140][com.java.TestType] [ 8164] - ?   P A S S   ?
[DEBUG][2015-11-05 16:39:37,140][com.java.TestType] [ 7970] - Concept ID:3 :: Step being Executed: 3::2
[INFO ][2015-11-05 16:39:37,140][com.java.TestType] [ 8008] - dataFields : test
[DEBUG][2015-11-05 16:39:37,140][com.java.TestType] [ 8014] - <In Set values of the page>
[DEBUG][2015-11-05 16:39:37,140][com.java.TestType] [ 8019] - {Data Fields & Data Values Exist}
[INFO ][2015-11-05 16:39:37,140][com.java.TestType] [ 8025] - --------------------------setting values-----------------------------
[INFO ][2015-11-05 16:39:37,140][com.java.TestType] [ 8028] - Action Type : WaitTime
[DEBUG][2015-11-05 16:39:37,140][com.java.TestType] [ 3679] - sleepTime: 2000
[INFO ][2015-11-05 16:39:39,141][com.java.TestType] [ 8047] -  RESULT true
[INFO ][2015-11-05 16:39:39,141][com.java.TestType] [ 8164] - ?   P A S S   ?
[INFO ][2015-11-05 16:39:39,141][com.java.TestType] [ 8235] - Looping End......
[INFO ][2015-11-05 16:39:39,141][com.java.SeleniumDriver] [  861] -  RESULT true
[INFO ][2015-11-05 16:39:39,141][com.java.SeleniumDriver] [ 1066] - ?   P A S S   ?
[INFO ][2015-11-05 16:39:39,141][com.java.SeleniumDriver] [  788] - ------------------------------------------
[INFO ][2015-11-05 16:39:39,141][com.java.SeleniumDriver] [  789] - Test case being Executed: 11
[INFO ][2015-11-05 16:39:39,141][com.java.SeleniumDriver] [  800] - Test step:39
[INFO ][2015-11-05 16:39:39,141][com.java.SeleniumDriver] [  812] - Datavalue is----------HMVLogin_username
[INFO ][2015-11-05 16:39:39,141][com.java.SeleniumDriver] [  836] - DataField : TXTusername
[INFO ][2015-11-05 16:39:39,141][com.java.SeleniumDriver] [  838] - DataValue : HMVLogin_username
[INFO ][2015-11-05 16:39:39,141][com.java.SeleniumDriver] [  844] - <In Set values of the page>
[INFO ][2015-11-05 16:39:39,141][com.java.SeleniumDriver] [  847] - {Data Fields & Data Values Exist}
[INFO ][2015-11-05 16:39:39,141][com.java.SeleniumDriver] [  849] - --------------------------setting values-----------------------------
[INFO ][2015-11-05 16:39:39,141][com.java.SeleniumDriver] [  852] - Action Type : CLEARANDENTER
[INFO ][2015-11-05 16:39:39,141][com.java.TestType] [ 3780] - value = vltest.robot.03890
[INFO ][2015-11-05 16:39:43,979][com.java.SeleniumDriver] [  861] -  RESULT true
[INFO ][2015-11-05 16:39:43,979][com.java.SeleniumDriver] [ 1066] - ?   P A S S   ?
[INFO ][2015-11-05 16:39:43,979][com.java.SeleniumDriver] [  788] - ------------------------------------------
[INFO ][2015-11-05 16:39:43,979][com.java.SeleniumDriver] [  789] - Test case being Executed: 11
[INFO ][2015-11-05 16:39:43,979][com.java.SeleniumDriver] [  800] - Test step:40
[INFO ][2015-11-05 16:39:43,979][com.java.SeleniumDriver] [  812] - Datavalue is----------dt:NewUserPswd
[INFO ][2015-11-05 16:39:43,979][com.java.SeleniumDriver] [  836] - DataField : TXTpassword
[INFO ][2015-11-05 16:39:43,979][com.java.SeleniumDriver] [  838] - DataValue : dt:NewUserPswd
[INFO ][2015-11-05 16:39:43,979][com.java.SeleniumDriver] [  844] - <In Set values of the page>
[INFO ][2015-11-05 16:39:43,979][com.java.SeleniumDriver] [  847] - {Data Fields & Data Values Exist}
[INFO ][2015-11-05 16:39:43,979][com.java.SeleniumDriver] [  849] - --------------------------setting values-----------------------------
[INFO ][2015-11-05 16:39:43,979][com.java.SeleniumDriver] [  852] - Action Type : CLEARANDENTER
[INFO ][2015-11-05 16:39:43,979][com.java.TestType] [ 3780] - value = Password1*
[INFO ][2015-11-05 16:39:48,927][com.java.SeleniumDriver] [  861] -  RESULT true
[INFO ][2015-11-05 16:39:48,927][com.java.SeleniumDriver] [ 1066] - ?   P A S S   ?
[INFO ][2015-11-05 16:39:48,927][com.java.SeleniumDriver] [  788] - ------------------------------------------
[INFO ][2015-11-05 16:39:48,927][com.java.SeleniumDriver] [  789] - Test case being Executed: 11
[INFO ][2015-11-05 16:39:48,927][com.java.SeleniumDriver] [  800] - Test step:41
[INFO ][2015-11-05 16:39:48,927][com.java.SeleniumDriver] [  812] - Datavalue is----------null
[DEBUG][2015-11-05 16:39:48,927][com.java.SeleniumDriver] [  830] - Exception: null
[INFO ][2015-11-05 16:39:48,927][com.java.SeleniumDriver] [  836] - DataField : XPH//button[@type='submit']
[INFO ][2015-11-05 16:39:48,927][com.java.SeleniumDriver] [  838] - DataValue : 
[INFO ][2015-11-05 16:39:48,927][com.java.SeleniumDriver] [  844] - <In Set values of the page>
[INFO ][2015-11-05 16:39:48,927][com.java.SeleniumDriver] [  847] - {Data Fields & Data Values Exist}
[INFO ][2015-11-05 16:39:48,927][com.java.SeleniumDriver] [  849] - --------------------------setting values-----------------------------
[INFO ][2015-11-05 16:39:48,927][com.java.SeleniumDriver] [  852] - Action Type : Click
[INFO ][2015-11-05 16:39:48,927][com.java.TestType] [ 4093] - Field ::XPH//button[@type='submit']
[INFO ][2015-11-05 16:39:49,927][com.java.TestType] [ 4152] - BEFORE CLICK
[INFO ][2015-11-05 16:39:50,757][com.java.TestType] [ 4160] - Unable to click the object Login
[INFO ][2015-11-05 16:39:50,757][com.java.SeleniumDriver] [  861] -  RESULT true
[INFO ][2015-11-05 16:39:50,757][com.java.SeleniumDriver] [ 1066] - ?   P A S S   ?
[INFO ][2015-11-05 16:39:50,757][com.java.SeleniumDriver] [  788] - ------------------------------------------
[INFO ][2015-11-05 16:39:50,757][com.java.SeleniumDriver] [  789] - Test case being Executed: 11
[INFO ][2015-11-05 16:39:50,757][com.java.SeleniumDriver] [  800] - Test step:42
[INFO ][2015-11-05 16:39:50,757][com.java.SeleniumDriver] [  812] - Datavalue is----------null
[DEBUG][2015-11-05 16:39:50,757][com.java.SeleniumDriver] [  830] - Exception: null
[INFO ][2015-11-05 16:39:50,757][com.java.SeleniumDriver] [  836] - DataField : test
[INFO ][2015-11-05 16:39:50,757][com.java.SeleniumDriver] [  838] - DataValue : 
[INFO ][2015-11-05 16:39:50,757][com.java.SeleniumDriver] [  844] - <In Set values of the page>
[INFO ][2015-11-05 16:39:50,757][com.java.SeleniumDriver] [  847] - {Data Fields & Data Values Exist}
[INFO ][2015-11-05 16:39:50,757][com.java.SeleniumDriver] [  849] - --------------------------setting values-----------------------------
[INFO ][2015-11-05 16:39:50,757][com.java.SeleniumDriver] [  852] - Action Type : WaitTime
[DEBUG][2015-11-05 16:39:50,757][com.java.TestType] [ 3679] - sleepTime: 10000
[INFO ][2015-11-05 16:40:00,743][com.java.SeleniumDriver] [  861] -  RESULT true
[INFO ][2015-11-05 16:40:00,743][com.java.SeleniumDriver] [ 1066] - ?   P A S S   ?
[INFO ][2015-11-05 16:40:00,743][com.java.SeleniumDriver] [  788] - ------------------------------------------
[INFO ][2015-11-05 16:40:00,743][com.java.SeleniumDriver] [  789] - Test case being Executed: 11
[INFO ][2015-11-05 16:40:00,743][com.java.SeleniumDriver] [  800] - Test step:43
[INFO ][2015-11-05 16:40:00,743][com.java.SeleniumDriver] [  812] - Datavalue is----------Banker'sDashboard
[INFO ][2015-11-05 16:40:00,743][com.java.SeleniumDriver] [  836] - DataField : TTL
[INFO ][2015-11-05 16:40:00,743][com.java.SeleniumDriver] [  838] - DataValue : Banker'sDashboard
[INFO ][2015-11-05 16:40:00,743][com.java.SeleniumDriver] [  844] - <In Set values of the page>
[INFO ][2015-11-05 16:40:00,743][com.java.SeleniumDriver] [  847] - {Data Fields & Data Values Exist}
[INFO ][2015-11-05 16:40:00,743][com.java.SeleniumDriver] [  849] - --------------------------setting values-----------------------------
[INFO ][2015-11-05 16:40:00,743][com.java.SeleniumDriver] [  852] - Action Type : SelectWindow
[INFO ][2015-11-05 16:40:13,119][com.java.SeleniumDriver] [  861] -  RESULT true
[INFO ][2015-11-05 16:40:13,119][com.java.SeleniumDriver] [ 1066] - ?   P A S S   ?
[INFO ][2015-11-05 16:40:13,119][com.java.SeleniumDriver] [  788] - ------------------------------------------
[INFO ][2015-11-05 16:40:13,119][com.java.SeleniumDriver] [  789] - Test case being Executed: 11
[INFO ][2015-11-05 16:40:13,119][com.java.SeleniumDriver] [  800] - Test step:44
[INFO ][2015-11-05 16:40:13,119][com.java.SeleniumDriver] [  812] - Datavalue is----------20
[INFO ][2015-11-05 16:40:13,119][com.java.SeleniumDriver] [  836] - DataField : test
[INFO ][2015-11-05 16:40:13,119][com.java.SeleniumDriver] [  838] - DataValue : 20
[INFO ][2015-11-05 16:40:13,119][com.java.SeleniumDriver] [  844] - <In Set values of the page>
[INFO ][2015-11-05 16:40:13,119][com.java.SeleniumDriver] [  847] - {Data Fields & Data Values Exist}
[INFO ][2015-11-05 16:40:13,119][com.java.SeleniumDriver] [  849] - --------------------------setting values-----------------------------
[INFO ][2015-11-05 16:40:13,119][com.java.SeleniumDriver] [  852] - Action Type : WaitTime
[DEBUG][2015-11-05 16:40:13,119][com.java.TestType] [ 3679] - sleepTime: 20000
[INFO ][2015-11-05 16:40:33,123][com.java.SeleniumDriver] [  861] -  RESULT true
[INFO ][2015-11-05 16:40:33,123][com.java.SeleniumDriver] [ 1066] - ?   P A S S   ?
[INFO ][2015-11-05 16:40:33,123][com.java.SeleniumDriver] [  788] - ------------------------------------------
[INFO ][2015-11-05 16:40:33,123][com.java.SeleniumDriver] [  789] - Test case being Executed: 11
[INFO ][2015-11-05 16:40:33,123][com.java.SeleniumDriver] [  800] - Test step:45
[INFO ][2015-11-05 16:40:33,123][com.java.SeleniumDriver] [  812] - Datavalue is----------null
[DEBUG][2015-11-05 16:40:33,123][com.java.SeleniumDriver] [  830] - Exception: null
[INFO ][2015-11-05 16:40:33,123][com.java.SeleniumDriver] [  836] - DataField : //span[@class='icon-cog2']&&User Settings
[INFO ][2015-11-05 16:40:33,123][com.java.SeleniumDriver] [  838] - DataValue : 
[INFO ][2015-11-05 16:40:33,123][com.java.SeleniumDriver] [  844] - <In Set values of the page>
[INFO ][2015-11-05 16:40:33,123][com.java.SeleniumDriver] [  847] - {Data Fields & Data Values Exist}
[INFO ][2015-11-05 16:40:33,123][com.java.SeleniumDriver] [  849] - --------------------------setting values-----------------------------
[INFO ][2015-11-05 16:40:33,123][com.java.SeleniumDriver] [  852] - Action Type : MouseOver
[DEBUG][2015-11-05 16:40:56,821][com.java.TestType] [ 4646] - //span[@class='icon-cog2']   :: Element not Found
[ERROR][2015-11-05 16:41:17,462][com.java.TestType] [  955] - exception value : null
[INFO ][2015-11-05 16:41:17,462][com.java.SeleniumDriver] [  861] -  RESULT false
[INFO ][2015-11-05 16:41:17,462][com.java.SeleniumDriver] [  908] - ?   F A I L   ?
[INFO ][2015-11-05 16:41:17,462][com.java.SeleniumDriver] [  916] - Browser Type : IE11
[INFO ][2015-11-05 16:41:17,462][com.java.SeleniumDriver] [  917] - Adding Failed case11
[INFO ][2015-11-05 16:41:18,283][com.java.SeleniumDriver] [ 1030] - failedCases = 11
[ERROR][2015-11-05 16:41:18,283][com.java.SeleniumDriver] [ 1516] - Platform Errors : Our apologies...::We have encountered an issue with your request.::Our apologies?:We encountered an issue with your request.
[INFO ][2015-11-05 16:41:18,283][com.java.SeleniumDriver] [ 1520] - Length =3
[ERROR][2015-11-05 16:41:18,283][com.java.SeleniumDriver] [ 1523] - Error 0 = Our apologies...
[ERROR][2015-11-05 16:41:18,303][com.java.SeleniumDriver] [ 1523] - Error 1 = We have encountered an issue with your request.
[ERROR][2015-11-05 16:41:18,323][com.java.SeleniumDriver] [ 1523] - Error 2 = Our apologies?:We encountered an issue with your request.
[DEBUG][2015-11-05 16:41:18,353][com.java.SeleniumDriver] [ 1168] - Case found
[DEBUG][2015-11-05 16:41:18,353][com.java.SeleniumDriver] [ 1173] - Incrementing ReportCounters[0]:2
[INFO ][2015-11-05 16:41:18,353][com.java.SeleniumDriver] [ 1192] - The results are-------------------[11, 45, Valid Login, Fail, 
Test case failed at Step No. :: 45   Error Message ::  Element: //span[@class='icon-cog2'] is not found. Screen Shot : D:\BankersDashboard\TestReports\110515\11_110515_164117_IE11.png, Thu Nov 05 16:41:18 IST 2015]
[INFO ][2015-11-05 16:41:18,353][com.java.SeleniumDriver] [ 1196] - End time is-------6 min 36 sec
[INFO ][2015-11-05 16:41:18,353][com.java.SeleniumDriver] [ 1197] - The results are-------------------[11, 45, Valid Login, Fail, 
Test case failed at Step No. :: 45   Error Message ::  Element: //span[@class='icon-cog2'] is not found. Screen Shot : D:\BankersDashboard\TestReports\110515\11_110515_164117_IE11.png, Thu Nov 05 16:41:18 IST 2015]
[DEBUG][2015-11-05 16:41:18,353][com.java.ImportnExport.ExportTestResultsExcel] [  222] - testResultPath = D:\BankersDashboard/TestReports/Test Results_BankersDashBoard_110515_163444_IE11_Simmons First National Bank.xls
[DEBUG][2015-11-05 16:41:18,353][com.java.ImportnExport.ExportTestResultsExcel] [  223] - browser is------------IE11
[DEBUG][2015-11-05 16:41:18,353][com.java.ImportnExport.ExportTestResultsExcel] [  270] - result.size() = 6
[DEBUG][2015-11-05 16:41:18,353][com.java.ImportnExport.ExportTestResultsExcel] [  274] - No of rows in sheet=2
[DEBUG][2015-11-05 16:41:18,353][com.java.ImportnExport.ExportTestResultsExcel] [  301] - ..in export..11
[DEBUG][2015-11-05 16:41:18,353][com.java.ImportnExport.ExportTestResultsExcel] [  301] - ..in export..Valid Login
[DEBUG][2015-11-05 16:41:18,353][com.java.ImportnExport.ExportTestResultsExcel] [  301] - ..in export..Fail
[DEBUG][2015-11-05 16:41:18,353][com.java.ImportnExport.ExportTestResultsExcel] [  301] - ..in export..
Test case failed at Step No. :: 45   Error Message ::  Element: //span[@class='icon-cog2'] is not found. Screen Shot : D:\BankersDashboard\TestReports\110515\11_110515_164117_IE11.png
[DEBUG][2015-11-05 16:41:18,353][com.java.ImportnExport.ExportTestResultsExcel] [  301] - ..in export..Thu Nov 05 16:41:18 IST 2015
[INFO ][2015-11-05 16:41:18,353][com.java.SeleniumDriver] [ 1255] - out loop:1 size:2 TestCases:[1, 11] testcases:[1, 11]
[INFO ][2015-11-05 16:41:20,353][com.java.SeleniumDriver] [ 1297] - Total Number of Cases:2
[INFO ][2015-11-05 16:41:20,353][com.java.TemplateGenerator] [  302] - Executed:2
[INFO ][2015-11-05 16:41:20,353][com.java.TemplateGenerator] [  303] - Passed:1
[INFO ][2015-11-05 16:41:20,353][com.java.TemplateGenerator] [  304] - Failed:1
[INFO ][2015-11-05 16:41:20,353][com.java.TemplateGenerator] [  305] - Skipeed:0
[INFO ][2015-11-05 16:41:20,353][com.java.TemplateGenerator] [  306] - Application URL:https://clients-xuat.bankersdashboard.com
[INFO ][2015-11-05 16:41:20,353][com.java.TemplateGenerator] [  307] - Start Time:110515_163444
[INFO ][2015-11-05 16:41:20,353][com.java.TemplateGenerator] [  308] -  Creating HTML Report 
[ERROR][2015-11-05 16:41:20,353][com.java.TemplateGenerator] [  409] - Unparseable date: "Thu Nov 05 04:34:44 IST 2015"
[INFO ][2015-11-05 16:41:20,353][com.java.TemplateGenerator] [  654] -  Exporting case :: 1
[INFO ][2015-11-05 16:41:20,353][com.java.TemplateGenerator] [  654] -  Exporting case :: 11
[INFO ][2015-11-05 16:41:20,353][com.java.SeleniumDriver] [ 1346] - End Time:110515_164120
[INFO ][2015-11-05 16:41:20,353][com.java.SeleniumDriver] [ 1349] - Data in Test Execution Details:{1=PASS, 11=FAILTest case failed at Step No. :: 45   Error Message ::  Element: //span[@class='icon-cog2'] is not found}
[INFO ][2015-11-05 16:41:20,353][com.java.SeleniumDriver] [ 1350] - Data in Failed Execution Deatils:{}
[INFO ][2015-11-05 16:41:20,353][com.java.SeleniumDriver] [ 1352] - ReportCounter:Total:2 :: PASS: 1 ::FAIL: 1
[INFO ][2015-11-05 16:41:20,353][com.java.SeleniumDriver] [ 1353] - FailedReportCounter:Total:0 :: PASS: 0 ::FAIL: 0
[INFO ][2015-11-05 16:41:20,354][com.java.EmailTestReport] [   63] - Sending report mail details:
[INFO ][2015-11-05 16:41:20,354][com.java.EmailTestReport] [   80] - Excel Report Path:D:\BankersDashboard/TestReports/Test Results_BankersDashBoard_110515_163444_IE11_Simmons First National Bank.xls
[INFO ][2015-11-05 16:41:20,354][com.java.EmailTestReport] [   81] - HTML Report Path:D:\BankersDashboard//TestReports//Test Results_BankersDashBoard_110515_163444_IE11_Simmons First National Bank.html
[INFO ][2015-11-05 16:41:20,354][com.java.EmailTestReport] [   82] - smtpHostName:mail01.valuelabs.com
[INFO ][2015-11-05 16:41:20,354][com.java.EmailTestReport] [   83] - Recipient:venkateswararao.gubbala@valuelabs.com
[INFO ][2015-11-05 16:41:20,354][com.java.EmailTestReport] [   84] - From:venkateswararao.gubbala@valuelabs.com
[INFO ][2015-11-05 16:41:20,354][com.java.EmailTestReport] [   85] - Subject:Deluxe Corp Bankers Dashboard Automation Test Report - Simmons First National Bank - IE11
[INFO ][2015-11-05 16:41:20,374][com.java.EmailTestReport] [  143] -  Added venkateswararao.gubbala@valuelabs.com
[INFO ][2015-11-05 16:41:23,774][com.java.SeleniumDriver] [  719] - quitting the browser 
[INFO ][2015-11-05 16:41:24,984][com.java.SeleniumDriver] [  263] - Execution Completed Stopping the thread
