[INFO ][2016-01-07 15:45:20,240][com.java.SeleniumDriver] [  213] - Execute Failed Casesfalse
[INFO ][2016-01-07 15:45:20,240][com.java.SeleniumDriver] [  214] - Browser: IE10
[INFO ][2016-01-07 15:45:20,240][com.java.SeleniumDriver] [  215] - [1, 2, 3]
[INFO ][2016-01-07 15:45:20,241][com.java.SeleniumDriver] [  216] - Total TestCases:3
[INFO ][2016-01-07 15:45:20,241][com.java.SeleniumDriver] [  217] -  Reading Properties from Property File 
[DEBUG][2016-01-07 15:45:20,241][com.java.SeleniumDriver] [  238] - url : https://clients-xuat.bankersdashboard.com
[INFO ][2016-01-07 15:45:20,242][com.java.ImportnExport.ExportTestResultsExcel] [  116] - Time Stamp Thu Jan 07 03:45:20 IST 2016
[INFO ][2016-01-07 15:45:20,242][com.java.ImportnExport.ExportTestResultsExcel] [  175] - OUT FILE : D:\BankersDashboard/TestReports/Test Results_BankersDashBoard_010716_154520_IE10_CB&S Bank.xls
[INFO ][2016-01-07 15:45:20,274][com.java.ImportnExport.ExportTestResultsExcel] [  180] - Test Result file is created
[DEBUG][2016-01-07 15:45:20,379][com.java.SeleniumDriver] [  426] - Hub ip address is-------172.17.68.34
[INFO ][2016-01-07 15:45:20,380][com.java.SeleniumDriver] [  452] - Grid URL:http://172.17.68.34:4444/wd/hub
[INFO ][2016-01-07 15:45:20,380][com.java.SeleniumDriver] [  453] - Capability:Capabilities [{platform=ANY, ensureCleanSession=true, ignoreProtectedModeSettings=true, acceptSslCerts=true, ignoreZoomSetting=true, browserName=internet explorer, browserstack.ie.noFlash=true, version=null}]
[ERROR][2016-01-07 15:45:21,710][com.java.SeleniumDriver] [  498] - Unable invoke browser in grid:Could not start a new session. Possible causes are invalid address of the remote server or browser start-up failure.
Build info: version: '2.48.2', revision: '41bccdd', time: '2015-10-09 19:59:12'
System info: host: 'FVTIII438F1D', ip: '172.17.68.34', os.name: 'Windows 7', os.arch: 'x86', os.version: '6.1', java.version: '1.7.0_55'
Driver info: driver.version: SeleniumDriver
[INFO ][2016-01-07 15:45:21,710][com.java.SeleniumDriver] [  500] - Executing on local machine
[INFO ][2016-01-07 15:45:32,261][com.java.SeleniumDriver] [  248] - IE10is opened
[INFO ][2016-01-07 15:45:32,915][com.java.SeleniumDriver] [  756] - Test cases to be executed are: [1, 2, 3]
[INFO ][2016-01-07 15:45:32,935][com.java.ImportnExport.ImportTestDataDetailsExcel] [   49] - test data details path===== D:\BankersDashboard\TestInputs\TestData.xls
[INFO ][2016-01-07 15:45:33,026][com.java.SeleniumDriver] [  832] - ------------------------------------------
[INFO ][2016-01-07 15:45:33,026][com.java.SeleniumDriver] [  833] - Test case being Executed: 1
[INFO ][2016-01-07 15:45:33,027][com.java.SeleniumDriver] [  845] - Test step:1
[INFO ][2016-01-07 15:45:33,027][com.java.SeleniumDriver] [  857] - Datavalue is----------Concept#1:1-16
[INFO ][2016-01-07 15:45:33,027][com.java.SeleniumDriver] [  881] - DataField : test
[INFO ][2016-01-07 15:45:33,027][com.java.SeleniumDriver] [  883] - DataValue : Concept#1:1-16
[INFO ][2016-01-07 15:45:33,027][com.java.SeleniumDriver] [  889] - <In Set values of the page>
[INFO ][2016-01-07 15:45:33,027][com.java.SeleniumDriver] [  892] - {Data Fields & Data Values Exist}
[INFO ][2016-01-07 15:45:33,027][com.java.SeleniumDriver] [  894] - --------------------------setting values-----------------------------
[INFO ][2016-01-07 15:45:33,027][com.java.SeleniumDriver] [  897] - Action Type : ExecuteTestCase
[INFO ][2016-01-07 15:45:33,065][com.java.TestType] [  437] - The Concept sheet name is ---------- Concept
[INFO ][2016-01-07 15:45:33,065][com.java.TestType] [  440] - The Concept ID  is ---------- 1
[DEBUG][2016-01-07 15:45:33,065][com.java.TestType] [  444] - Steps being executted in the Concept are: 1:16
[INFO ][2016-01-07 15:45:33,065][com.java.TestType] [  451] - Test data details path ---------- D:\BankersDashboard\TestInputs\TestData.xls
[INFO ][2016-01-07 15:45:33,096][com.java.TestType] [  482] -  str(1) = 1
[INFO ][2016-01-07 15:45:33,096][com.java.TestType] [  485] - Test case Id is---1
[INFO ][2016-01-07 15:45:33,097][com.java.TestType] [  487] - 1
[INFO ][2016-01-07 15:45:33,097][com.java.TestType] [  482] -  str(2) = 1
[INFO ][2016-01-07 15:45:33,099][com.java.TestType] [  482] -  str(1) = 1
[INFO ][2016-01-07 15:45:33,099][com.java.TestType] [  485] - Test case Id is---1
[INFO ][2016-01-07 15:45:33,099][com.java.TestType] [  487] - 1
[INFO ][2016-01-07 15:45:33,100][com.java.TestType] [  482] -  str(2) = 2
[INFO ][2016-01-07 15:45:33,101][com.java.TestType] [  482] -  str(1) = 1
[INFO ][2016-01-07 15:45:33,101][com.java.TestType] [  485] - Test case Id is---1
[INFO ][2016-01-07 15:45:33,101][com.java.TestType] [  487] - 1
[INFO ][2016-01-07 15:45:33,101][com.java.TestType] [  482] -  str(2) = 3
[INFO ][2016-01-07 15:45:33,103][com.java.TestType] [  482] -  str(1) = 1
[INFO ][2016-01-07 15:45:33,103][com.java.TestType] [  485] - Test case Id is---1
[INFO ][2016-01-07 15:45:33,103][com.java.TestType] [  487] - 1
[INFO ][2016-01-07 15:45:33,103][com.java.TestType] [  482] -  str(2) = 4
[INFO ][2016-01-07 15:45:33,104][com.java.TestType] [  482] -  str(1) = 1
[INFO ][2016-01-07 15:45:33,104][com.java.TestType] [  485] - Test case Id is---1
[INFO ][2016-01-07 15:45:33,104][com.java.TestType] [  487] - 1
[INFO ][2016-01-07 15:45:33,104][com.java.TestType] [  482] -  str(2) = 5
[INFO ][2016-01-07 15:45:33,105][com.java.TestType] [  482] -  str(1) = 1
[INFO ][2016-01-07 15:45:33,106][com.java.TestType] [  485] - Test case Id is---1
[INFO ][2016-01-07 15:45:33,106][com.java.TestType] [  487] - 1
[INFO ][2016-01-07 15:45:33,106][com.java.TestType] [  482] -  str(2) = 6
[INFO ][2016-01-07 15:45:33,108][com.java.TestType] [  482] -  str(1) = 1
[INFO ][2016-01-07 15:45:33,108][com.java.TestType] [  485] - Test case Id is---1
[INFO ][2016-01-07 15:45:33,109][com.java.TestType] [  487] - 1
[INFO ][2016-01-07 15:45:33,109][com.java.TestType] [  482] -  str(2) = 7
[INFO ][2016-01-07 15:45:33,109][com.java.TestType] [  482] -  str(1) = 1
[INFO ][2016-01-07 15:45:33,109][com.java.TestType] [  485] - Test case Id is---1
[INFO ][2016-01-07 15:45:33,110][com.java.TestType] [  487] - 1
[INFO ][2016-01-07 15:45:33,110][com.java.TestType] [  482] -  str(2) = 8
[INFO ][2016-01-07 15:45:33,110][com.java.TestType] [  482] -  str(1) = 1
[INFO ][2016-01-07 15:45:33,110][com.java.TestType] [  485] - Test case Id is---1
[INFO ][2016-01-07 15:45:33,111][com.java.TestType] [  487] - 1
[INFO ][2016-01-07 15:45:33,111][com.java.TestType] [  482] -  str(2) = 9
[INFO ][2016-01-07 15:45:33,111][com.java.TestType] [  482] -  str(1) = 1
[INFO ][2016-01-07 15:45:33,111][com.java.TestType] [  485] - Test case Id is---1
[INFO ][2016-01-07 15:45:33,112][com.java.TestType] [  487] - 1
[INFO ][2016-01-07 15:45:33,112][com.java.TestType] [  482] -  str(2) = 10
[INFO ][2016-01-07 15:45:33,112][com.java.TestType] [  482] -  str(1) = 1
[INFO ][2016-01-07 15:45:33,112][com.java.TestType] [  485] - Test case Id is---1
[INFO ][2016-01-07 15:45:33,113][com.java.TestType] [  487] - 1
[INFO ][2016-01-07 15:45:33,113][com.java.TestType] [  482] -  str(2) = 11
[INFO ][2016-01-07 15:45:33,113][com.java.TestType] [  482] -  str(1) = 1
[INFO ][2016-01-07 15:45:33,113][com.java.TestType] [  485] - Test case Id is---1
[INFO ][2016-01-07 15:45:33,114][com.java.TestType] [  487] - 1
[INFO ][2016-01-07 15:45:33,114][com.java.TestType] [  482] -  str(2) = 12
[INFO ][2016-01-07 15:45:33,114][com.java.TestType] [  482] -  str(1) = 1
[INFO ][2016-01-07 15:45:33,114][com.java.TestType] [  485] - Test case Id is---1
[INFO ][2016-01-07 15:45:33,115][com.java.TestType] [  487] - 1
[INFO ][2016-01-07 15:45:33,115][com.java.TestType] [  482] -  str(2) = 13
[INFO ][2016-01-07 15:45:33,115][com.java.TestType] [  482] -  str(1) = 1
[INFO ][2016-01-07 15:45:33,115][com.java.TestType] [  485] - Test case Id is---1
[INFO ][2016-01-07 15:45:33,116][com.java.TestType] [  487] - 1
[INFO ][2016-01-07 15:45:33,116][com.java.TestType] [  482] -  str(2) = 14
[INFO ][2016-01-07 15:45:33,118][com.java.TestType] [  482] -  str(1) = 1
[INFO ][2016-01-07 15:45:33,118][com.java.TestType] [  485] - Test case Id is---1
[INFO ][2016-01-07 15:45:33,118][com.java.TestType] [  487] - 1
[INFO ][2016-01-07 15:45:33,118][com.java.TestType] [  482] -  str(2) = 15
[INFO ][2016-01-07 15:45:33,119][com.java.TestType] [  482] -  str(1) = 1
[INFO ][2016-01-07 15:45:33,119][com.java.TestType] [  485] - Test case Id is---1
[INFO ][2016-01-07 15:45:33,119][com.java.TestType] [  487] - 1
[INFO ][2016-01-07 15:45:33,119][com.java.TestType] [  482] -  str(2) = 16
[INFO ][2016-01-07 15:45:33,120][com.java.TestType] [10822] - Looping 1TCID = 1
[DEBUG][2016-01-07 15:45:33,120][com.java.TestType] [10863] - Concept ID:1 :: Step being Executed: 1::1
[INFO ][2016-01-07 15:45:33,120][com.java.TestType] [10901] - dataFields : TXTusername
[DEBUG][2016-01-07 15:45:33,120][com.java.TestType] [10907] - <In Set values of the page>
[DEBUG][2016-01-07 15:45:33,121][com.java.TestType] [10912] - {Data Fields & Data Values Exist}
[INFO ][2016-01-07 15:45:33,121][com.java.TestType] [10918] - --------------------------setting values-----------------------------
[INFO ][2016-01-07 15:45:33,121][com.java.TestType] [10921] - Action Type : CLEARANDENTER
[INFO ][2016-01-07 15:45:33,121][com.java.TestType] [ 5895] - value = valuelabs.ie10.15310
[INFO ][2016-01-07 15:45:37,860][com.java.TestType] [10940] -  RESULT true
[INFO ][2016-01-07 15:45:37,860][com.java.TestType] [11057] - ?   P A S S   ?
[DEBUG][2016-01-07 15:45:37,860][com.java.TestType] [10863] - Concept ID:1 :: Step being Executed: 1::2
[INFO ][2016-01-07 15:45:37,860][com.java.TestType] [10901] - dataFields : TXTpassword
[DEBUG][2016-01-07 15:45:37,861][com.java.TestType] [10907] - <In Set values of the page>
[DEBUG][2016-01-07 15:45:37,861][com.java.TestType] [10912] - {Data Fields & Data Values Exist}
[INFO ][2016-01-07 15:45:37,861][com.java.TestType] [10918] - --------------------------setting values-----------------------------
[INFO ][2016-01-07 15:45:37,861][com.java.TestType] [10921] - Action Type : CLEARANDENTER
[INFO ][2016-01-07 15:45:37,861][com.java.TestType] [ 5895] - value = Password1*
[INFO ][2016-01-07 15:45:42,710][com.java.TestType] [10940] -  RESULT true
[INFO ][2016-01-07 15:45:42,710][com.java.TestType] [11057] - ?   P A S S   ?
[DEBUG][2016-01-07 15:45:42,710][com.java.TestType] [10863] - Concept ID:1 :: Step being Executed: 1::3
[ERROR][2016-01-07 15:45:42,710][com.java.TestType] [10896] - Exception: null
[INFO ][2016-01-07 15:45:42,710][com.java.TestType] [10901] - dataFields : XPH//button[@type='submit']
[DEBUG][2016-01-07 15:45:42,710][com.java.TestType] [10907] - <In Set values of the page>
[DEBUG][2016-01-07 15:45:42,711][com.java.TestType] [10912] - {Data Fields & Data Values Exist}
[INFO ][2016-01-07 15:45:42,711][com.java.TestType] [10918] - --------------------------setting values-----------------------------
[INFO ][2016-01-07 15:45:42,711][com.java.TestType] [10921] - Action Type : Click
[INFO ][2016-01-07 15:45:42,712][com.java.TestType] [ 6274] - Field ::XPH//button[@type='submit']
[INFO ][2016-01-07 15:45:42,712][com.java.TestType] [ 5895] - value = 
[INFO ][2016-01-07 15:45:43,712][com.java.TestType] [ 6411] - BEFORE CLICK
[INFO ][2016-01-07 15:45:44,565][com.java.TestType] [ 6419] - Unable to click the object Login
[INFO ][2016-01-07 15:45:44,565][com.java.TestType] [10940] -  RESULT true
[INFO ][2016-01-07 15:45:44,565][com.java.TestType] [11057] - ?   P A S S   ?
[DEBUG][2016-01-07 15:45:44,565][com.java.TestType] [10863] - Concept ID:1 :: Step being Executed: 1::4
[INFO ][2016-01-07 15:45:44,565][com.java.TestType] [10901] - dataFields : LNKLogout
[DEBUG][2016-01-07 15:45:44,565][com.java.TestType] [10907] - <In Set values of the page>
[DEBUG][2016-01-07 15:45:44,565][com.java.TestType] [10912] - {Data Fields & Data Values Exist}
[INFO ][2016-01-07 15:45:44,565][com.java.TestType] [10918] - --------------------------setting values-----------------------------
[INFO ][2016-01-07 15:45:44,565][com.java.TestType] [10921] - Action Type : WaitForElement
[INFO ][2016-01-07 15:45:48,011][com.java.TestType] [10940] -  RESULT true
[INFO ][2016-01-07 15:45:48,011][com.java.TestType] [11057] - ?   P A S S   ?
[DEBUG][2016-01-07 15:45:48,012][com.java.TestType] [10863] - Concept ID:1 :: Step being Executed: 1::15
[INFO ][2016-01-07 15:45:48,012][com.java.TestType] [10901] - dataFields : LNK
[DEBUG][2016-01-07 15:45:48,012][com.java.TestType] [10907] - <In Set values of the page>
[DEBUG][2016-01-07 15:45:48,013][com.java.TestType] [10912] - {Data Fields & Data Values Exist}
[INFO ][2016-01-07 15:45:48,013][com.java.TestType] [10918] - --------------------------setting values-----------------------------
[INFO ][2016-01-07 15:45:48,013][com.java.TestType] [10921] - Action Type : Verify
[INFO ][2016-01-07 15:45:48,013][com.java.TestType] [ 7269] - field= LNK value= Logout
[INFO ][2016-01-07 15:45:48,014][com.java.TestType] [ 5895] - value = Logout
[INFO ][2016-01-07 15:45:48,051][com.java.TestType] [10940] -  RESULT true
[INFO ][2016-01-07 15:45:48,051][com.java.TestType] [11057] - ?   P A S S   ?
[DEBUG][2016-01-07 15:45:48,051][com.java.TestType] [10863] - Concept ID:1 :: Step being Executed: 1::16
[INFO ][2016-01-07 15:45:48,051][com.java.TestType] [10901] - dataFields : BTN
[DEBUG][2016-01-07 15:45:48,051][com.java.TestType] [10907] - <In Set values of the page>
[DEBUG][2016-01-07 15:45:48,051][com.java.TestType] [10912] - {Data Fields & Data Values Exist}
[INFO ][2016-01-07 15:45:48,051][com.java.TestType] [10918] - --------------------------setting values-----------------------------
[INFO ][2016-01-07 15:45:48,051][com.java.TestType] [10921] - Action Type : Verify
[INFO ][2016-01-07 15:45:48,051][com.java.TestType] [ 7269] - field= BTN value= //img[contains(@src,'bdlogo.jpg')]
[INFO ][2016-01-07 15:45:48,052][com.java.TestType] [ 5895] - value = //img[contains(@src,'bdlogo.jpg')]
[INFO ][2016-01-07 15:45:48,125][com.java.TestType] [10940] -  RESULT true
[INFO ][2016-01-07 15:45:48,125][com.java.TestType] [11057] - ?   P A S S   ?
[INFO ][2016-01-07 15:45:48,125][com.java.TestType] [11128] - Looping End......
[INFO ][2016-01-07 15:45:48,129][com.java.SeleniumDriver] [  906] -  RESULT true
[INFO ][2016-01-07 15:45:48,129][com.java.SeleniumDriver] [ 1112] - ?   P A S S   ?
[INFO ][2016-01-07 15:45:48,129][com.java.SeleniumDriver] [  832] - ------------------------------------------
[INFO ][2016-01-07 15:45:48,129][com.java.SeleniumDriver] [  833] - Test case being Executed: 1
[INFO ][2016-01-07 15:45:48,129][com.java.SeleniumDriver] [  845] - Test step:2
[INFO ][2016-01-07 15:45:48,129][com.java.SeleniumDriver] [  857] - Datavalue is----------Concept#2:1-2
[INFO ][2016-01-07 15:45:48,129][com.java.SeleniumDriver] [  881] - DataField : test
[INFO ][2016-01-07 15:45:48,129][com.java.SeleniumDriver] [  883] - DataValue : Concept#2:1-2
[INFO ][2016-01-07 15:45:48,129][com.java.SeleniumDriver] [  889] - <In Set values of the page>
[INFO ][2016-01-07 15:45:48,129][com.java.SeleniumDriver] [  892] - {Data Fields & Data Values Exist}
[INFO ][2016-01-07 15:45:48,130][com.java.SeleniumDriver] [  894] - --------------------------setting values-----------------------------
[INFO ][2016-01-07 15:45:48,130][com.java.SeleniumDriver] [  897] - Action Type : ExecuteTestCase
[INFO ][2016-01-07 15:45:48,130][com.java.TestType] [  437] - The Concept sheet name is ---------- Concept
[INFO ][2016-01-07 15:45:48,130][com.java.TestType] [  440] - The Concept ID  is ---------- 2
[DEBUG][2016-01-07 15:45:48,130][com.java.TestType] [  444] - Steps being executted in the Concept are: 1:2
[INFO ][2016-01-07 15:45:48,130][com.java.TestType] [  451] - Test data details path ---------- D:\BankersDashboard\TestInputs\TestData.xls
[INFO ][2016-01-07 15:45:48,157][com.java.TestType] [  482] -  str(1) = 2
[INFO ][2016-01-07 15:45:48,157][com.java.TestType] [  485] - Test case Id is---2
[INFO ][2016-01-07 15:45:48,158][com.java.TestType] [  487] - 2
[INFO ][2016-01-07 15:45:48,158][com.java.TestType] [  482] -  str(2) = 1
[INFO ][2016-01-07 15:45:48,159][com.java.TestType] [  482] -  str(1) = 2
[INFO ][2016-01-07 15:45:48,159][com.java.TestType] [  485] - Test case Id is---2
[INFO ][2016-01-07 15:45:48,160][com.java.TestType] [  487] - 2
[INFO ][2016-01-07 15:45:48,160][com.java.TestType] [  482] -  str(2) = 2
[INFO ][2016-01-07 15:45:48,160][com.java.TestType] [  482] -  str(1) = 2
[INFO ][2016-01-07 15:45:48,160][com.java.TestType] [  485] - Test case Id is---2
[INFO ][2016-01-07 15:45:48,160][com.java.TestType] [  487] - 2
[INFO ][2016-01-07 15:45:48,160][com.java.TestType] [  482] -  str(2) = 3
[INFO ][2016-01-07 15:45:48,161][com.java.TestType] [10822] - Looping 1TCID = 2
[DEBUG][2016-01-07 15:45:48,161][com.java.TestType] [10863] - Concept ID:2 :: Step being Executed: 2::1
[INFO ][2016-01-07 15:45:48,161][com.java.TestType] [10901] - dataFields : BNK//select[@id='bank']
[DEBUG][2016-01-07 15:45:48,162][com.java.TestType] [10907] - <In Set values of the page>
[DEBUG][2016-01-07 15:45:48,162][com.java.TestType] [10912] - {Data Fields & Data Values Exist}
[INFO ][2016-01-07 15:45:48,163][com.java.TestType] [10918] - --------------------------setting values-----------------------------
[INFO ][2016-01-07 15:45:48,163][com.java.TestType] [10921] - Action Type : Select
[INFO ][2016-01-07 15:45:48,163][com.java.TestType] [ 5895] - value = PFC
[INFO ][2016-01-07 15:45:48,406][com.java.TestType] [10940] -  RESULT true
[INFO ][2016-01-07 15:45:48,406][com.java.TestType] [11057] - ?   P A S S   ?
[DEBUG][2016-01-07 15:45:48,406][com.java.TestType] [10863] - Concept ID:2 :: Step being Executed: 2::2
[INFO ][2016-01-07 15:45:48,406][com.java.TestType] [10901] - dataFields : LNKLogout
[DEBUG][2016-01-07 15:45:48,406][com.java.TestType] [10907] - <In Set values of the page>
[DEBUG][2016-01-07 15:45:48,406][com.java.TestType] [10912] - {Data Fields & Data Values Exist}
[INFO ][2016-01-07 15:45:48,406][com.java.TestType] [10918] - --------------------------setting values-----------------------------
[INFO ][2016-01-07 15:45:48,406][com.java.TestType] [10921] - Action Type : WaitTime
[DEBUG][2016-01-07 15:45:48,406][com.java.TestType] [ 5715] - sleepTime: 5000
[INFO ][2016-01-07 15:45:53,407][com.java.TestType] [10940] -  RESULT true
[INFO ][2016-01-07 15:45:53,407][com.java.TestType] [11057] - ?   P A S S   ?
[INFO ][2016-01-07 15:45:53,407][com.java.TestType] [11128] - Looping End......
[INFO ][2016-01-07 15:45:53,410][com.java.SeleniumDriver] [  906] -  RESULT true
[INFO ][2016-01-07 15:45:53,410][com.java.SeleniumDriver] [ 1112] - ?   P A S S   ?
[INFO ][2016-01-07 15:45:53,410][com.java.SeleniumDriver] [  832] - ------------------------------------------
[INFO ][2016-01-07 15:45:53,410][com.java.SeleniumDriver] [  833] - Test case being Executed: 1
[INFO ][2016-01-07 15:45:53,411][com.java.SeleniumDriver] [  845] - Test step:3
[INFO ][2016-01-07 15:45:53,411][com.java.SeleniumDriver] [  857] - Datavalue is----------2
[INFO ][2016-01-07 15:45:53,411][com.java.SeleniumDriver] [  881] - DataField : XPH//button[contains(text(),'Add Content')]
[INFO ][2016-01-07 15:45:53,411][com.java.SeleniumDriver] [  883] - DataValue : 2
[INFO ][2016-01-07 15:45:53,411][com.java.SeleniumDriver] [  889] - <In Set values of the page>
[INFO ][2016-01-07 15:45:53,411][com.java.SeleniumDriver] [  892] - {Data Fields & Data Values Exist}
[INFO ][2016-01-07 15:45:53,411][com.java.SeleniumDriver] [  894] - --------------------------setting values-----------------------------
[INFO ][2016-01-07 15:45:53,411][com.java.SeleniumDriver] [  897] - Action Type : WAITFORELEMENT
[INFO ][2016-01-07 15:45:53,447][com.java.SeleniumDriver] [  906] -  RESULT true
[INFO ][2016-01-07 15:45:53,447][com.java.SeleniumDriver] [ 1112] - ?   P A S S   ?
[DEBUG][2016-01-07 15:45:53,447][com.java.SeleniumDriver] [ 1224] - Case found
[DEBUG][2016-01-07 15:45:53,447][com.java.SeleniumDriver] [ 1229] - Incrementing ReportCounters[0]:1
[INFO ][2016-01-07 15:45:53,447][com.java.SeleniumDriver] [ 1248] - The results are-------------------[1, 1, Valid Login, Pass, , Thu Jan 07 15:45:48 IST 2016, 1, 2, Valid Login, Pass, , Thu Jan 07 15:45:53 IST 2016, 1, 3, Valid Login, Pass, , Thu Jan 07 15:45:53 IST 2016]
[INFO ][2016-01-07 15:45:53,447][com.java.SeleniumDriver] [ 1252] - End time is-------35 sec
[INFO ][2016-01-07 15:45:53,447][com.java.SeleniumDriver] [ 1253] - The results are-------------------[1, 1, Valid Login, Pass, , Thu Jan 07 15:45:48 IST 2016, 1, 2, Valid Login, Pass, , Thu Jan 07 15:45:53 IST 2016, 1, 3, Valid Login, Pass, , Thu Jan 07 15:45:53 IST 2016]
[DEBUG][2016-01-07 15:45:53,448][com.java.ImportnExport.ExportTestResultsExcel] [  222] - testResultPath = D:\BankersDashboard/TestReports/Test Results_BankersDashBoard_010716_154520_IE10_CB&S Bank.xls
[DEBUG][2016-01-07 15:45:53,448][com.java.ImportnExport.ExportTestResultsExcel] [  223] - browser is------------IE10
[DEBUG][2016-01-07 15:45:53,507][com.java.ImportnExport.ExportTestResultsExcel] [  270] - result.size() = 18
[DEBUG][2016-01-07 15:45:53,508][com.java.ImportnExport.ExportTestResultsExcel] [  274] - No of rows in sheet=1
[DEBUG][2016-01-07 15:45:53,508][com.java.ImportnExport.ExportTestResultsExcel] [  301] - ..in export..1
[DEBUG][2016-01-07 15:45:53,508][com.java.ImportnExport.ExportTestResultsExcel] [  301] - ..in export..Valid Login
[DEBUG][2016-01-07 15:45:53,508][com.java.ImportnExport.ExportTestResultsExcel] [  301] - ..in export..Pass
[DEBUG][2016-01-07 15:45:53,508][com.java.ImportnExport.ExportTestResultsExcel] [  301] - ..in export..
[DEBUG][2016-01-07 15:45:53,508][com.java.ImportnExport.ExportTestResultsExcel] [  301] - ..in export..Thu Jan 07 15:45:48 IST 2016
[INFO ][2016-01-07 15:45:53,510][com.java.SeleniumDriver] [ 1313] - out loop:0 size:3 TestCases:[1, 2, 3] testcases:[1, 2, 3]
[INFO ][2016-01-07 15:45:53,510][com.java.ImportnExport.ImportTestDataDetailsExcel] [   49] - test data details path===== D:\BankersDashboard\TestInputs\TestData.xls
[INFO ][2016-01-07 15:46:11,004][com.java.SeleniumDriver] [  832] - ------------------------------------------
[INFO ][2016-01-07 15:46:11,004][com.java.SeleniumDriver] [  833] - Test case being Executed: 2
[INFO ][2016-01-07 15:46:11,004][com.java.SeleniumDriver] [  845] - Test step:1
[INFO ][2016-01-07 15:46:11,004][com.java.SeleniumDriver] [  857] - Datavalue is----------Logout
[INFO ][2016-01-07 15:46:11,004][com.java.SeleniumDriver] [  881] - DataField : BTN
[INFO ][2016-01-07 15:46:11,004][com.java.SeleniumDriver] [  883] - DataValue : Logout
[INFO ][2016-01-07 15:46:11,004][com.java.SeleniumDriver] [  889] - <In Set values of the page>
[INFO ][2016-01-07 15:46:11,004][com.java.SeleniumDriver] [  892] - {Data Fields & Data Values Exist}
[INFO ][2016-01-07 15:46:11,004][com.java.SeleniumDriver] [  894] - --------------------------setting values-----------------------------
[INFO ][2016-01-07 15:46:11,004][com.java.SeleniumDriver] [  897] - Action Type : Verify
[INFO ][2016-01-07 15:46:11,004][com.java.TestType] [ 7269] - field= BTN value= Logout
[INFO ][2016-01-07 15:46:11,004][com.java.TestType] [ 5895] - value = Logout
[INFO ][2016-01-07 15:46:11,085][com.java.SeleniumDriver] [  906] -  RESULT true
[INFO ][2016-01-07 15:46:11,085][com.java.SeleniumDriver] [ 1112] - ?   P A S S   ?
[INFO ][2016-01-07 15:46:11,085][com.java.SeleniumDriver] [ 1154] - step change to 3
[INFO ][2016-01-07 15:46:11,085][com.java.SeleniumDriver] [  832] - ------------------------------------------
[INFO ][2016-01-07 15:46:11,086][com.java.SeleniumDriver] [  833] - Test case being Executed: 2
[INFO ][2016-01-07 15:46:11,086][com.java.SeleniumDriver] [  845] - Test step:3
[INFO ][2016-01-07 15:46:11,086][com.java.SeleniumDriver] [  857] - Datavalue is----------null
[DEBUG][2016-01-07 15:46:11,086][com.java.SeleniumDriver] [  875] - Exception: null
[INFO ][2016-01-07 15:46:11,086][com.java.SeleniumDriver] [  881] - DataField : //span[@class='icon-user4']&&//a[text()='Users']&&//a[@data-id="ModifyUsers"]
[INFO ][2016-01-07 15:46:11,086][com.java.SeleniumDriver] [  883] - DataValue : 
[INFO ][2016-01-07 15:46:11,086][com.java.SeleniumDriver] [  889] - <In Set values of the page>
[INFO ][2016-01-07 15:46:11,086][com.java.SeleniumDriver] [  892] - {Data Fields & Data Values Exist}
[INFO ][2016-01-07 15:46:11,086][com.java.SeleniumDriver] [  894] - --------------------------setting values-----------------------------
[INFO ][2016-01-07 15:46:11,086][com.java.SeleniumDriver] [  897] - Action Type : MouseOver
[INFO ][2016-01-07 15:46:37,909][com.java.SeleniumDriver] [  906] -  RESULT true
[INFO ][2016-01-07 15:46:37,909][com.java.SeleniumDriver] [ 1112] - ?   P A S S   ?
[INFO ][2016-01-07 15:46:37,909][com.java.SeleniumDriver] [  832] - ------------------------------------------
[INFO ][2016-01-07 15:46:37,909][com.java.SeleniumDriver] [  833] - Test case being Executed: 2
[INFO ][2016-01-07 15:46:37,909][com.java.SeleniumDriver] [  845] - Test step:4
[INFO ][2016-01-07 15:46:37,909][com.java.SeleniumDriver] [  857] - Datavalue is----------2
[INFO ][2016-01-07 15:46:37,909][com.java.SeleniumDriver] [  881] - DataField : BTNframeDialogContent
[INFO ][2016-01-07 15:46:37,909][com.java.SeleniumDriver] [  883] - DataValue : 2
[INFO ][2016-01-07 15:46:37,909][com.java.SeleniumDriver] [  889] - <In Set values of the page>
[INFO ][2016-01-07 15:46:37,909][com.java.SeleniumDriver] [  892] - {Data Fields & Data Values Exist}
[INFO ][2016-01-07 15:46:37,909][com.java.SeleniumDriver] [  894] - --------------------------setting values-----------------------------
[INFO ][2016-01-07 15:46:37,909][com.java.SeleniumDriver] [  897] - Action Type : WaitForElement
[INFO ][2016-01-07 15:46:39,121][com.java.SeleniumDriver] [  906] -  RESULT true
[INFO ][2016-01-07 15:46:39,121][com.java.SeleniumDriver] [ 1112] - ?   P A S S   ?
[INFO ][2016-01-07 15:46:39,121][com.java.SeleniumDriver] [  832] - ------------------------------------------
[INFO ][2016-01-07 15:46:39,121][com.java.SeleniumDriver] [  833] - Test case being Executed: 2
[INFO ][2016-01-07 15:46:39,121][com.java.SeleniumDriver] [  845] - Test step:5
[INFO ][2016-01-07 15:46:39,122][com.java.SeleniumDriver] [  857] - Datavalue is----------null
[DEBUG][2016-01-07 15:46:39,122][com.java.SeleniumDriver] [  875] - Exception: null
[INFO ][2016-01-07 15:46:39,122][com.java.SeleniumDriver] [  881] - DataField : BTNframeDialogContent
[INFO ][2016-01-07 15:46:39,122][com.java.SeleniumDriver] [  883] - DataValue : 
[INFO ][2016-01-07 15:46:39,122][com.java.SeleniumDriver] [  889] - <In Set values of the page>
[INFO ][2016-01-07 15:46:39,122][com.java.SeleniumDriver] [  892] - {Data Fields & Data Values Exist}
[INFO ][2016-01-07 15:46:39,122][com.java.SeleniumDriver] [  894] - --------------------------setting values-----------------------------
[INFO ][2016-01-07 15:46:39,122][com.java.SeleniumDriver] [  897] - Action Type : SelectFrame
[INFO ][2016-01-07 15:46:40,376][com.java.SeleniumDriver] [  906] -  RESULT true
[INFO ][2016-01-07 15:46:40,376][com.java.SeleniumDriver] [ 1112] - ?   P A S S   ?
[INFO ][2016-01-07 15:46:40,377][com.java.SeleniumDriver] [  832] - ------------------------------------------
[INFO ][2016-01-07 15:46:40,377][com.java.SeleniumDriver] [  833] - Test case being Executed: 2
[INFO ][2016-01-07 15:46:40,377][com.java.SeleniumDriver] [  845] - Test step:6
[INFO ][2016-01-07 15:46:40,377][com.java.SeleniumDriver] [  857] - Datavalue is----------2
[INFO ][2016-01-07 15:46:40,377][com.java.SeleniumDriver] [  881] - DataField : BTNbtnAddUser
[INFO ][2016-01-07 15:46:40,377][com.java.SeleniumDriver] [  883] - DataValue : 2
[INFO ][2016-01-07 15:46:40,377][com.java.SeleniumDriver] [  889] - <In Set values of the page>
[INFO ][2016-01-07 15:46:40,377][com.java.SeleniumDriver] [  892] - {Data Fields & Data Values Exist}
[INFO ][2016-01-07 15:46:40,377][com.java.SeleniumDriver] [  894] - --------------------------setting values-----------------------------
[INFO ][2016-01-07 15:46:40,377][com.java.SeleniumDriver] [  897] - Action Type : WaitForElement
[INFO ][2016-01-07 15:46:41,685][com.java.SeleniumDriver] [  906] -  RESULT true
[INFO ][2016-01-07 15:46:41,685][com.java.SeleniumDriver] [ 1112] - ?   P A S S   ?
[INFO ][2016-01-07 15:46:41,685][com.java.SeleniumDriver] [  832] - ------------------------------------------
[INFO ][2016-01-07 15:46:41,685][com.java.SeleniumDriver] [  833] - Test case being Executed: 2
[INFO ][2016-01-07 15:46:41,685][com.java.SeleniumDriver] [  845] - Test step:7
[INFO ][2016-01-07 15:46:41,685][com.java.SeleniumDriver] [  857] - Datavalue is----------null
[DEBUG][2016-01-07 15:46:41,686][com.java.SeleniumDriver] [  875] - Exception: null
[INFO ][2016-01-07 15:46:41,686][com.java.SeleniumDriver] [  881] - DataField : BTNbtnAddUser
[INFO ][2016-01-07 15:46:41,686][com.java.SeleniumDriver] [  883] - DataValue : 
[INFO ][2016-01-07 15:46:41,686][com.java.SeleniumDriver] [  889] - <In Set values of the page>
[INFO ][2016-01-07 15:46:41,686][com.java.SeleniumDriver] [  892] - {Data Fields & Data Values Exist}
[INFO ][2016-01-07 15:46:41,686][com.java.SeleniumDriver] [  894] - --------------------------setting values-----------------------------
[INFO ][2016-01-07 15:46:41,686][com.java.SeleniumDriver] [  897] - Action Type : Click
[INFO ][2016-01-07 15:46:41,686][com.java.TestType] [ 6274] - Field ::BTNbtnAddUser
[INFO ][2016-01-07 15:46:41,686][com.java.TestType] [ 5895] - value = 
[INFO ][2016-01-07 15:46:42,686][com.java.TestType] [ 6390] - BEFORE CLICK
[INFO ][2016-01-07 15:46:44,123][com.java.TestType] [ 6397] - Unable to click the object Add user button
[INFO ][2016-01-07 15:46:44,123][com.java.SeleniumDriver] [  906] -  RESULT true
[INFO ][2016-01-07 15:46:44,123][com.java.SeleniumDriver] [ 1112] - ?   P A S S   ?
[INFO ][2016-01-07 15:46:44,123][com.java.SeleniumDriver] [  832] - ------------------------------------------
[INFO ][2016-01-07 15:46:44,123][com.java.SeleniumDriver] [  833] - Test case being Executed: 2
[INFO ][2016-01-07 15:46:44,123][com.java.SeleniumDriver] [  845] - Test step:8
[INFO ][2016-01-07 15:46:44,123][com.java.SeleniumDriver] [  857] - Datavalue is----------2
[INFO ][2016-01-07 15:46:44,123][com.java.SeleniumDriver] [  881] - DataField : BTNtxtUserName
[INFO ][2016-01-07 15:46:44,124][com.java.SeleniumDriver] [  883] - DataValue : 2
[INFO ][2016-01-07 15:46:44,124][com.java.SeleniumDriver] [  889] - <In Set values of the page>
[INFO ][2016-01-07 15:46:44,124][com.java.SeleniumDriver] [  892] - {Data Fields & Data Values Exist}
[INFO ][2016-01-07 15:46:44,124][com.java.SeleniumDriver] [  894] - --------------------------setting values-----------------------------
[INFO ][2016-01-07 15:46:44,124][com.java.SeleniumDriver] [  897] - Action Type : WaitForElement
[INFO ][2016-01-07 15:46:45,270][com.java.SeleniumDriver] [  906] -  RESULT true
[INFO ][2016-01-07 15:46:45,270][com.java.SeleniumDriver] [ 1112] - ?   P A S S   ?
[INFO ][2016-01-07 15:46:45,270][com.java.SeleniumDriver] [  832] - ------------------------------------------
[INFO ][2016-01-07 15:46:45,270][com.java.SeleniumDriver] [  833] - Test case being Executed: 2
[INFO ][2016-01-07 15:46:45,270][com.java.SeleniumDriver] [  845] - Test step:9
[INFO ][2016-01-07 15:46:45,270][com.java.SeleniumDriver] [  857] - Datavalue is----------5
[INFO ][2016-01-07 15:46:45,271][com.java.SeleniumDriver] [  881] - DataField : TXTtxtUserName
[INFO ][2016-01-07 15:46:45,271][com.java.SeleniumDriver] [  883] - DataValue : 5
[INFO ][2016-01-07 15:46:45,271][com.java.SeleniumDriver] [  889] - <In Set values of the page>
[INFO ][2016-01-07 15:46:45,271][com.java.SeleniumDriver] [  892] - {Data Fields & Data Values Exist}
[INFO ][2016-01-07 15:46:45,271][com.java.SeleniumDriver] [  894] - --------------------------setting values-----------------------------
[INFO ][2016-01-07 15:46:45,271][com.java.SeleniumDriver] [  897] - Action Type : WaitForElement
[INFO ][2016-01-07 15:46:46,369][com.java.SeleniumDriver] [  906] -  RESULT true
[INFO ][2016-01-07 15:46:46,369][com.java.SeleniumDriver] [ 1112] - ?   P A S S   ?
[INFO ][2016-01-07 15:46:46,369][com.java.SeleniumDriver] [  832] - ------------------------------------------
[INFO ][2016-01-07 15:46:46,369][com.java.SeleniumDriver] [  833] - Test case being Executed: 2
[INFO ][2016-01-07 15:46:46,369][com.java.SeleniumDriver] [  845] - Test step:10
[INFO ][2016-01-07 15:46:46,370][com.java.SeleniumDriver] [  857] - Datavalue is----------RNDvltest.robot
[INFO ][2016-01-07 15:46:46,370][com.java.SeleniumDriver] [  881] - DataField : TXTtxtUserName
[INFO ][2016-01-07 15:46:46,370][com.java.SeleniumDriver] [  883] - DataValue : RNDvltest.robot
[INFO ][2016-01-07 15:46:46,370][com.java.SeleniumDriver] [  889] - <In Set values of the page>
[INFO ][2016-01-07 15:46:46,370][com.java.SeleniumDriver] [  892] - {Data Fields & Data Values Exist}
[INFO ][2016-01-07 15:46:46,370][com.java.SeleniumDriver] [  894] - --------------------------setting values-----------------------------
[INFO ][2016-01-07 15:46:46,370][com.java.SeleniumDriver] [  897] - Action Type : CLEARANDENTER
[INFO ][2016-01-07 15:46:46,370][com.java.TestType] [ 5895] - value = vltest.robot82201
[INFO ][2016-01-07 15:46:48,841][com.java.SeleniumDriver] [  906] -  RESULT true
[INFO ][2016-01-07 15:46:48,841][com.java.SeleniumDriver] [ 1112] - ?   P A S S   ?
[INFO ][2016-01-07 15:46:48,841][com.java.SeleniumDriver] [  832] - ------------------------------------------
[INFO ][2016-01-07 15:46:48,841][com.java.SeleniumDriver] [  833] - Test case being Executed: 2
[INFO ][2016-01-07 15:46:48,841][com.java.SeleniumDriver] [  845] - Test step:11
[INFO ][2016-01-07 15:46:48,841][com.java.SeleniumDriver] [  857] - Datavalue is----------5
[INFO ][2016-01-07 15:46:48,841][com.java.SeleniumDriver] [  881] - DataField : TXTtxtFirstName
[INFO ][2016-01-07 15:46:48,842][com.java.SeleniumDriver] [  883] - DataValue : 5
[INFO ][2016-01-07 15:46:48,842][com.java.SeleniumDriver] [  889] - <In Set values of the page>
[INFO ][2016-01-07 15:46:48,842][com.java.SeleniumDriver] [  892] - {Data Fields & Data Values Exist}
[INFO ][2016-01-07 15:46:48,842][com.java.SeleniumDriver] [  894] - --------------------------setting values-----------------------------
[INFO ][2016-01-07 15:46:48,842][com.java.SeleniumDriver] [  897] - Action Type : WaitForElement
[INFO ][2016-01-07 15:46:49,932][com.java.SeleniumDriver] [  906] -  RESULT true
[INFO ][2016-01-07 15:46:49,932][com.java.SeleniumDriver] [ 1112] - ?   P A S S   ?
[INFO ][2016-01-07 15:46:49,932][com.java.SeleniumDriver] [  832] - ------------------------------------------
[INFO ][2016-01-07 15:46:49,932][com.java.SeleniumDriver] [  833] - Test case being Executed: 2
[INFO ][2016-01-07 15:46:49,932][com.java.SeleniumDriver] [  845] - Test step:12
[INFO ][2016-01-07 15:46:49,933][com.java.SeleniumDriver] [  857] - Datavalue is----------GivenNewUserName
[INFO ][2016-01-07 15:46:49,933][com.java.SeleniumDriver] [  881] - DataField : TXTtxtUserName
[INFO ][2016-01-07 15:46:49,933][com.java.SeleniumDriver] [  883] - DataValue : GivenNewUserName
[INFO ][2016-01-07 15:46:49,933][com.java.SeleniumDriver] [  889] - <In Set values of the page>
[INFO ][2016-01-07 15:46:49,933][com.java.SeleniumDriver] [  892] - {Data Fields & Data Values Exist}
[INFO ][2016-01-07 15:46:49,933][com.java.SeleniumDriver] [  894] - --------------------------setting values-----------------------------
[INFO ][2016-01-07 15:46:49,933][com.java.SeleniumDriver] [  897] - Action Type : STOREVALUE
[INFO ][2016-01-07 15:46:49,933][com.java.TestType] [ 8612] - field= TXTtxtUserName
[DEBUG][2016-01-07 15:46:51,066][com.java.TestType] [ 8626] - Key:: GivenNewUserName  Value:: vltest.robot82201
[INFO ][2016-01-07 15:46:51,066][com.java.SeleniumDriver] [  906] -  RESULT true
[INFO ][2016-01-07 15:46:51,066][com.java.SeleniumDriver] [ 1112] - ?   P A S S   ?
[INFO ][2016-01-07 15:46:51,066][com.java.SeleniumDriver] [  832] - ------------------------------------------
[INFO ][2016-01-07 15:46:51,066][com.java.SeleniumDriver] [  833] - Test case being Executed: 2
[INFO ][2016-01-07 15:46:51,066][com.java.SeleniumDriver] [  845] - Test step:13
[INFO ][2016-01-07 15:46:51,067][com.java.SeleniumDriver] [  857] - Datavalue is----------VLTest
[INFO ][2016-01-07 15:46:51,067][com.java.SeleniumDriver] [  881] - DataField : TXTtxtFirstName
[INFO ][2016-01-07 15:46:51,068][com.java.SeleniumDriver] [  883] - DataValue : VLTest
[INFO ][2016-01-07 15:46:51,068][com.java.SeleniumDriver] [  889] - <In Set values of the page>
[INFO ][2016-01-07 15:46:51,068][com.java.SeleniumDriver] [  892] - {Data Fields & Data Values Exist}
[INFO ][2016-01-07 15:46:51,068][com.java.SeleniumDriver] [  894] - --------------------------setting values-----------------------------
[INFO ][2016-01-07 15:46:51,068][com.java.SeleniumDriver] [  897] - Action Type : Enter
[INFO ][2016-01-07 15:46:51,069][com.java.TestType] [ 6696] - field = txtFirstName
[INFO ][2016-01-07 15:46:51,069][com.java.TestType] [ 5895] - value = VLTest
[INFO ][2016-01-07 15:46:52,704][com.java.SeleniumDriver] [  906] -  RESULT true
[INFO ][2016-01-07 15:46:52,704][com.java.SeleniumDriver] [ 1112] - ?   P A S S   ?
[INFO ][2016-01-07 15:46:52,704][com.java.SeleniumDriver] [  832] - ------------------------------------------
[INFO ][2016-01-07 15:46:52,704][com.java.SeleniumDriver] [  833] - Test case being Executed: 2
[INFO ][2016-01-07 15:46:52,704][com.java.SeleniumDriver] [  845] - Test step:14
[INFO ][2016-01-07 15:46:52,704][com.java.SeleniumDriver] [  857] - Datavalue is----------5
[INFO ][2016-01-07 15:46:52,704][com.java.SeleniumDriver] [  881] - DataField : TXTtxtLastName
[INFO ][2016-01-07 15:46:52,705][com.java.SeleniumDriver] [  883] - DataValue : 5
[INFO ][2016-01-07 15:46:52,705][com.java.SeleniumDriver] [  889] - <In Set values of the page>
[INFO ][2016-01-07 15:46:52,705][com.java.SeleniumDriver] [  892] - {Data Fields & Data Values Exist}
[INFO ][2016-01-07 15:46:52,705][com.java.SeleniumDriver] [  894] - --------------------------setting values-----------------------------
[INFO ][2016-01-07 15:46:52,705][com.java.SeleniumDriver] [  897] - Action Type : WaitForElement
[INFO ][2016-01-07 15:46:53,813][com.java.SeleniumDriver] [  906] -  RESULT true
[INFO ][2016-01-07 15:46:53,813][com.java.SeleniumDriver] [ 1112] - ?   P A S S   ?
[INFO ][2016-01-07 15:46:53,813][com.java.SeleniumDriver] [  832] - ------------------------------------------
[INFO ][2016-01-07 15:46:53,813][com.java.SeleniumDriver] [  833] - Test case being Executed: 2
[INFO ][2016-01-07 15:46:53,813][com.java.SeleniumDriver] [  845] - Test step:15
[INFO ][2016-01-07 15:46:53,814][com.java.SeleniumDriver] [  857] - Datavalue is----------Robot
[INFO ][2016-01-07 15:46:53,814][com.java.SeleniumDriver] [  881] - DataField : TXTtxtLastName
[INFO ][2016-01-07 15:46:53,814][com.java.SeleniumDriver] [  883] - DataValue : Robot
[INFO ][2016-01-07 15:46:53,814][com.java.SeleniumDriver] [  889] - <In Set values of the page>
[INFO ][2016-01-07 15:46:53,814][com.java.SeleniumDriver] [  892] - {Data Fields & Data Values Exist}
[INFO ][2016-01-07 15:46:53,814][com.java.SeleniumDriver] [  894] - --------------------------setting values-----------------------------
[INFO ][2016-01-07 15:46:53,814][com.java.SeleniumDriver] [  897] - Action Type : Enter
[INFO ][2016-01-07 15:46:53,814][com.java.TestType] [ 6696] - field = txtLastName
[INFO ][2016-01-07 15:46:53,814][com.java.TestType] [ 5895] - value = Robot
[INFO ][2016-01-07 15:46:55,241][com.java.SeleniumDriver] [  906] -  RESULT true
[INFO ][2016-01-07 15:46:55,241][com.java.SeleniumDriver] [ 1112] - ?   P A S S   ?
[INFO ][2016-01-07 15:46:55,241][com.java.SeleniumDriver] [  832] - ------------------------------------------
[INFO ][2016-01-07 15:46:55,241][com.java.SeleniumDriver] [  833] - Test case being Executed: 2
[INFO ][2016-01-07 15:46:55,241][com.java.SeleniumDriver] [  845] - Test step:16
[INFO ][2016-01-07 15:46:55,241][com.java.SeleniumDriver] [  857] - Datavalue is----------5
[INFO ][2016-01-07 15:46:55,241][com.java.SeleniumDriver] [  881] - DataField : TXTtxtCompany
[INFO ][2016-01-07 15:46:55,241][com.java.SeleniumDriver] [  883] - DataValue : 5
[INFO ][2016-01-07 15:46:55,241][com.java.SeleniumDriver] [  889] - <In Set values of the page>
[INFO ][2016-01-07 15:46:55,242][com.java.SeleniumDriver] [  892] - {Data Fields & Data Values Exist}
[INFO ][2016-01-07 15:46:55,242][com.java.SeleniumDriver] [  894] - --------------------------setting values-----------------------------
[INFO ][2016-01-07 15:46:55,242][com.java.SeleniumDriver] [  897] - Action Type : WaitForElement
[INFO ][2016-01-07 15:46:56,348][com.java.SeleniumDriver] [  906] -  RESULT true
[INFO ][2016-01-07 15:46:56,348][com.java.SeleniumDriver] [ 1112] - ?   P A S S   ?
[INFO ][2016-01-07 15:46:56,348][com.java.SeleniumDriver] [  832] - ------------------------------------------
[INFO ][2016-01-07 15:46:56,348][com.java.SeleniumDriver] [  833] - Test case being Executed: 2
[INFO ][2016-01-07 15:46:56,349][com.java.SeleniumDriver] [  845] - Test step:17
[INFO ][2016-01-07 15:46:56,349][com.java.SeleniumDriver] [  857] - Datavalue is----------ValueLabs
[INFO ][2016-01-07 15:46:56,349][com.java.SeleniumDriver] [  881] - DataField : TXTtxtCompany
[INFO ][2016-01-07 15:46:56,349][com.java.SeleniumDriver] [  883] - DataValue : ValueLabs
[INFO ][2016-01-07 15:46:56,349][com.java.SeleniumDriver] [  889] - <In Set values of the page>
[INFO ][2016-01-07 15:46:56,349][com.java.SeleniumDriver] [  892] - {Data Fields & Data Values Exist}
[INFO ][2016-01-07 15:46:56,349][com.java.SeleniumDriver] [  894] - --------------------------setting values-----------------------------
[INFO ][2016-01-07 15:46:56,349][com.java.SeleniumDriver] [  897] - Action Type : Enter
[INFO ][2016-01-07 15:46:56,349][com.java.TestType] [ 6696] - field = txtCompany
[INFO ][2016-01-07 15:46:56,349][com.java.TestType] [ 5895] - value = ValueLabs
[INFO ][2016-01-07 15:46:57,897][com.java.SeleniumDriver] [  906] -  RESULT true
[INFO ][2016-01-07 15:46:57,897][com.java.SeleniumDriver] [ 1112] - ?   P A S S   ?
[INFO ][2016-01-07 15:46:57,897][com.java.SeleniumDriver] [  832] - ------------------------------------------
[INFO ][2016-01-07 15:46:57,897][com.java.SeleniumDriver] [  833] - Test case being Executed: 2
[INFO ][2016-01-07 15:46:57,897][com.java.SeleniumDriver] [  845] - Test step:18
[INFO ][2016-01-07 15:46:57,897][com.java.SeleniumDriver] [  857] - Datavalue is----------5
[INFO ][2016-01-07 15:46:57,897][com.java.SeleniumDriver] [  881] - DataField : TXTtxtLocation
[INFO ][2016-01-07 15:46:57,897][com.java.SeleniumDriver] [  883] - DataValue : 5
[INFO ][2016-01-07 15:46:57,897][com.java.SeleniumDriver] [  889] - <In Set values of the page>
[INFO ][2016-01-07 15:46:57,897][com.java.SeleniumDriver] [  892] - {Data Fields & Data Values Exist}
[INFO ][2016-01-07 15:46:57,897][com.java.SeleniumDriver] [  894] - --------------------------setting values-----------------------------
[INFO ][2016-01-07 15:46:57,897][com.java.SeleniumDriver] [  897] - Action Type : WaitForElement
[INFO ][2016-01-07 15:46:58,991][com.java.SeleniumDriver] [  906] -  RESULT true
[INFO ][2016-01-07 15:46:58,991][com.java.SeleniumDriver] [ 1112] - ?   P A S S   ?
[INFO ][2016-01-07 15:46:58,991][com.java.SeleniumDriver] [  832] - ------------------------------------------
[INFO ][2016-01-07 15:46:58,991][com.java.SeleniumDriver] [  833] - Test case being Executed: 2
[INFO ][2016-01-07 15:46:58,991][com.java.SeleniumDriver] [  845] - Test step:19
[INFO ][2016-01-07 15:46:58,991][com.java.SeleniumDriver] [  857] - Datavalue is----------India
[INFO ][2016-01-07 15:46:58,991][com.java.SeleniumDriver] [  881] - DataField : TXTtxtLocation
[INFO ][2016-01-07 15:46:58,991][com.java.SeleniumDriver] [  883] - DataValue : India
[INFO ][2016-01-07 15:46:58,992][com.java.SeleniumDriver] [  889] - <In Set values of the page>
[INFO ][2016-01-07 15:46:58,992][com.java.SeleniumDriver] [  892] - {Data Fields & Data Values Exist}
[INFO ][2016-01-07 15:46:58,992][com.java.SeleniumDriver] [  894] - --------------------------setting values-----------------------------
[INFO ][2016-01-07 15:46:58,992][com.java.SeleniumDriver] [  897] - Action Type : Enter
[INFO ][2016-01-07 15:46:58,992][com.java.TestType] [ 6696] - field = txtLocation
[INFO ][2016-01-07 15:46:58,992][com.java.TestType] [ 5895] - value = India
[INFO ][2016-01-07 15:47:00,407][com.java.SeleniumDriver] [  906] -  RESULT true
[INFO ][2016-01-07 15:47:00,407][com.java.SeleniumDriver] [ 1112] - ?   P A S S   ?
[INFO ][2016-01-07 15:47:00,407][com.java.SeleniumDriver] [  832] - ------------------------------------------
[INFO ][2016-01-07 15:47:00,408][com.java.SeleniumDriver] [  833] - Test case being Executed: 2
[INFO ][2016-01-07 15:47:00,408][com.java.SeleniumDriver] [  845] - Test step:20
[INFO ][2016-01-07 15:47:00,408][com.java.SeleniumDriver] [  857] - Datavalue is----------5
[INFO ][2016-01-07 15:47:00,408][com.java.SeleniumDriver] [  881] - DataField : TXTtxtEMail
[INFO ][2016-01-07 15:47:00,408][com.java.SeleniumDriver] [  883] - DataValue : 5
[INFO ][2016-01-07 15:47:00,408][com.java.SeleniumDriver] [  889] - <In Set values of the page>
[INFO ][2016-01-07 15:47:00,408][com.java.SeleniumDriver] [  892] - {Data Fields & Data Values Exist}
[INFO ][2016-01-07 15:47:00,408][com.java.SeleniumDriver] [  894] - --------------------------setting values-----------------------------
[INFO ][2016-01-07 15:47:00,408][com.java.SeleniumDriver] [  897] - Action Type : WaitForElement
[INFO ][2016-01-07 15:47:01,516][com.java.SeleniumDriver] [  906] -  RESULT true
[INFO ][2016-01-07 15:47:01,516][com.java.SeleniumDriver] [ 1112] - ?   P A S S   ?
[INFO ][2016-01-07 15:47:01,516][com.java.SeleniumDriver] [  832] - ------------------------------------------
[INFO ][2016-01-07 15:47:01,517][com.java.SeleniumDriver] [  833] - Test case being Executed: 2
[INFO ][2016-01-07 15:47:01,517][com.java.SeleniumDriver] [  845] - Test step:21
[INFO ][2016-01-07 15:47:01,517][com.java.SeleniumDriver] [  857] - Datavalue is----------vltest.robot@valuelabs.com
[INFO ][2016-01-07 15:47:01,517][com.java.SeleniumDriver] [  881] - DataField : TXTtxtEMail
[INFO ][2016-01-07 15:47:01,517][com.java.SeleniumDriver] [  883] - DataValue : vltest.robot@valuelabs.com
[INFO ][2016-01-07 15:47:01,517][com.java.SeleniumDriver] [  889] - <In Set values of the page>
[INFO ][2016-01-07 15:47:01,517][com.java.SeleniumDriver] [  892] - {Data Fields & Data Values Exist}
[INFO ][2016-01-07 15:47:01,517][com.java.SeleniumDriver] [  894] - --------------------------setting values-----------------------------
[INFO ][2016-01-07 15:47:01,517][com.java.SeleniumDriver] [  897] - Action Type : Enter
[INFO ][2016-01-07 15:47:01,517][com.java.TestType] [ 6696] - field = txtEMail
[INFO ][2016-01-07 15:47:01,517][com.java.TestType] [ 5895] - value = vltest.robot@valuelabs.com
[INFO ][2016-01-07 15:47:03,051][com.java.SeleniumDriver] [  906] -  RESULT true
[INFO ][2016-01-07 15:47:03,051][com.java.SeleniumDriver] [ 1112] - ?   P A S S   ?
[INFO ][2016-01-07 15:47:03,051][com.java.SeleniumDriver] [  832] - ------------------------------------------
[INFO ][2016-01-07 15:47:03,052][com.java.SeleniumDriver] [  833] - Test case being Executed: 2
[INFO ][2016-01-07 15:47:03,052][com.java.SeleniumDriver] [  845] - Test step:22
[INFO ][2016-01-07 15:47:03,052][com.java.SeleniumDriver] [  857] - Datavalue is----------5
[INFO ][2016-01-07 15:47:03,052][com.java.SeleniumDriver] [  881] - DataField : TXTtxtPhone
[INFO ][2016-01-07 15:47:03,052][com.java.SeleniumDriver] [  883] - DataValue : 5
[INFO ][2016-01-07 15:47:03,052][com.java.SeleniumDriver] [  889] - <In Set values of the page>
[INFO ][2016-01-07 15:47:03,052][com.java.SeleniumDriver] [  892] - {Data Fields & Data Values Exist}
[INFO ][2016-01-07 15:47:03,052][com.java.SeleniumDriver] [  894] - --------------------------setting values-----------------------------
[INFO ][2016-01-07 15:47:03,052][com.java.SeleniumDriver] [  897] - Action Type : WaitForElement
[INFO ][2016-01-07 15:47:04,160][com.java.SeleniumDriver] [  906] -  RESULT true
[INFO ][2016-01-07 15:47:04,161][com.java.SeleniumDriver] [ 1112] - ?   P A S S   ?
[INFO ][2016-01-07 15:47:04,161][com.java.SeleniumDriver] [  832] - ------------------------------------------
[INFO ][2016-01-07 15:47:04,161][com.java.SeleniumDriver] [  833] - Test case being Executed: 2
[INFO ][2016-01-07 15:47:04,161][com.java.SeleniumDriver] [  845] - Test step:23
[INFO ][2016-01-07 15:47:04,161][com.java.SeleniumDriver] [  857] - Datavalue is----------12345678901
[INFO ][2016-01-07 15:47:04,161][com.java.SeleniumDriver] [  881] - DataField : TXTtxtPhone
[INFO ][2016-01-07 15:47:04,161][com.java.SeleniumDriver] [  883] - DataValue : 12345678901
[INFO ][2016-01-07 15:47:04,161][com.java.SeleniumDriver] [  889] - <In Set values of the page>
[INFO ][2016-01-07 15:47:04,161][com.java.SeleniumDriver] [  892] - {Data Fields & Data Values Exist}
[INFO ][2016-01-07 15:47:04,161][com.java.SeleniumDriver] [  894] - --------------------------setting values-----------------------------
[INFO ][2016-01-07 15:47:04,161][com.java.SeleniumDriver] [  897] - Action Type : Enter
[INFO ][2016-01-07 15:47:04,161][com.java.TestType] [ 6696] - field = txtPhone
[INFO ][2016-01-07 15:47:04,161][com.java.TestType] [ 5895] - value = 12345678901
[INFO ][2016-01-07 15:47:05,528][com.java.SeleniumDriver] [  906] -  RESULT true
[INFO ][2016-01-07 15:47:05,528][com.java.SeleniumDriver] [ 1112] - ?   P A S S   ?
[INFO ][2016-01-07 15:47:05,528][com.java.SeleniumDriver] [  832] - ------------------------------------------
[INFO ][2016-01-07 15:47:05,530][com.java.SeleniumDriver] [  833] - Test case being Executed: 2
[INFO ][2016-01-07 15:47:05,530][com.java.SeleniumDriver] [  845] - Test step:24
[INFO ][2016-01-07 15:47:05,530][com.java.SeleniumDriver] [  857] - Datavalue is----------5
[INFO ][2016-01-07 15:47:05,530][com.java.SeleniumDriver] [  881] - DataField : TXTtxtPassword
[INFO ][2016-01-07 15:47:05,530][com.java.SeleniumDriver] [  883] - DataValue : 5
[INFO ][2016-01-07 15:47:05,530][com.java.SeleniumDriver] [  889] - <In Set values of the page>
[INFO ][2016-01-07 15:47:05,530][com.java.SeleniumDriver] [  892] - {Data Fields & Data Values Exist}
[INFO ][2016-01-07 15:47:05,530][com.java.SeleniumDriver] [  894] - --------------------------setting values-----------------------------
[INFO ][2016-01-07 15:47:05,530][com.java.SeleniumDriver] [  897] - Action Type : WaitForElement
[INFO ][2016-01-07 15:47:06,620][com.java.SeleniumDriver] [  906] -  RESULT true
[INFO ][2016-01-07 15:47:06,620][com.java.SeleniumDriver] [ 1112] - ?   P A S S   ?
[INFO ][2016-01-07 15:47:06,620][com.java.SeleniumDriver] [  832] - ------------------------------------------
[INFO ][2016-01-07 15:47:06,621][com.java.SeleniumDriver] [  833] - Test case being Executed: 2
[INFO ][2016-01-07 15:47:06,621][com.java.SeleniumDriver] [  845] - Test step:25
[INFO ][2016-01-07 15:47:06,621][com.java.SeleniumDriver] [  857] - Datavalue is----------dt:NewUserPswd
[INFO ][2016-01-07 15:47:06,621][com.java.SeleniumDriver] [  881] - DataField : TXTtxtPassword
[INFO ][2016-01-07 15:47:06,621][com.java.SeleniumDriver] [  883] - DataValue : dt:NewUserPswd
[INFO ][2016-01-07 15:47:06,621][com.java.SeleniumDriver] [  889] - <In Set values of the page>
[INFO ][2016-01-07 15:47:06,621][com.java.SeleniumDriver] [  892] - {Data Fields & Data Values Exist}
[INFO ][2016-01-07 15:47:06,621][com.java.SeleniumDriver] [  894] - --------------------------setting values-----------------------------
[INFO ][2016-01-07 15:47:06,621][com.java.SeleniumDriver] [  897] - Action Type : CLEARANDENTER
[INFO ][2016-01-07 15:47:06,621][com.java.TestType] [ 5895] - value = Password1*
[INFO ][2016-01-07 15:47:09,242][com.java.SeleniumDriver] [  906] -  RESULT true
[INFO ][2016-01-07 15:47:09,242][com.java.SeleniumDriver] [ 1112] - ?   P A S S   ?
[INFO ][2016-01-07 15:47:09,242][com.java.SeleniumDriver] [  832] - ------------------------------------------
[INFO ][2016-01-07 15:47:09,242][com.java.SeleniumDriver] [  833] - Test case being Executed: 2
[INFO ][2016-01-07 15:47:09,242][com.java.SeleniumDriver] [  845] - Test step:26
[INFO ][2016-01-07 15:47:09,242][com.java.SeleniumDriver] [  857] - Datavalue is----------5
[INFO ][2016-01-07 15:47:09,242][com.java.SeleniumDriver] [  881] - DataField : TXTtxtPasswordConfirm
[INFO ][2016-01-07 15:47:09,242][com.java.SeleniumDriver] [  883] - DataValue : 5
[INFO ][2016-01-07 15:47:09,242][com.java.SeleniumDriver] [  889] - <In Set values of the page>
[INFO ][2016-01-07 15:47:09,242][com.java.SeleniumDriver] [  892] - {Data Fields & Data Values Exist}
[INFO ][2016-01-07 15:47:09,242][com.java.SeleniumDriver] [  894] - --------------------------setting values-----------------------------
[INFO ][2016-01-07 15:47:09,242][com.java.SeleniumDriver] [  897] - Action Type : WaitForElement
[INFO ][2016-01-07 15:47:10,357][com.java.SeleniumDriver] [  906] -  RESULT true
[INFO ][2016-01-07 15:47:10,359][com.java.SeleniumDriver] [ 1112] - ?   P A S S   ?
[INFO ][2016-01-07 15:47:10,359][com.java.SeleniumDriver] [  832] - ------------------------------------------
[INFO ][2016-01-07 15:47:10,359][com.java.SeleniumDriver] [  833] - Test case being Executed: 2
[INFO ][2016-01-07 15:47:10,359][com.java.SeleniumDriver] [  845] - Test step:27
[INFO ][2016-01-07 15:47:10,359][com.java.SeleniumDriver] [  857] - Datavalue is----------dt:NewUserPswd
[INFO ][2016-01-07 15:47:10,359][com.java.SeleniumDriver] [  881] - DataField : TXTtxtPasswordConfirm
[INFO ][2016-01-07 15:47:10,359][com.java.SeleniumDriver] [  883] - DataValue : dt:NewUserPswd
[INFO ][2016-01-07 15:47:10,359][com.java.SeleniumDriver] [  889] - <In Set values of the page>
[INFO ][2016-01-07 15:47:10,359][com.java.SeleniumDriver] [  892] - {Data Fields & Data Values Exist}
[INFO ][2016-01-07 15:47:10,359][com.java.SeleniumDriver] [  894] - --------------------------setting values-----------------------------
[INFO ][2016-01-07 15:47:10,359][com.java.SeleniumDriver] [  897] - Action Type : CLEARANDENTER
[INFO ][2016-01-07 15:47:10,360][com.java.TestType] [ 5895] - value = Password1*
[INFO ][2016-01-07 15:47:13,011][com.java.SeleniumDriver] [  906] -  RESULT true
[INFO ][2016-01-07 15:47:13,011][com.java.SeleniumDriver] [ 1112] - ?   P A S S   ?
[INFO ][2016-01-07 15:47:13,011][com.java.SeleniumDriver] [  832] - ------------------------------------------
[INFO ][2016-01-07 15:47:13,011][com.java.SeleniumDriver] [  833] - Test case being Executed: 2
[INFO ][2016-01-07 15:47:13,011][com.java.SeleniumDriver] [  845] - Test step:28
[INFO ][2016-01-07 15:47:13,011][com.java.SeleniumDriver] [  857] - Datavalue is----------5
[INFO ][2016-01-07 15:47:13,011][com.java.SeleniumDriver] [  881] - DataField : test
[INFO ][2016-01-07 15:47:13,011][com.java.SeleniumDriver] [  883] - DataValue : 5
[INFO ][2016-01-07 15:47:13,011][com.java.SeleniumDriver] [  889] - <In Set values of the page>
[INFO ][2016-01-07 15:47:13,011][com.java.SeleniumDriver] [  892] - {Data Fields & Data Values Exist}
[INFO ][2016-01-07 15:47:13,011][com.java.SeleniumDriver] [  894] - --------------------------setting values-----------------------------
[INFO ][2016-01-07 15:47:13,011][com.java.SeleniumDriver] [  897] - Action Type : WaitTime
[DEBUG][2016-01-07 15:47:13,012][com.java.TestType] [ 5715] - sleepTime: 5000
[INFO ][2016-01-07 15:47:18,012][com.java.SeleniumDriver] [  906] -  RESULT true
[INFO ][2016-01-07 15:47:18,012][com.java.SeleniumDriver] [ 1112] - ?   P A S S   ?
[INFO ][2016-01-07 15:47:18,012][com.java.SeleniumDriver] [  832] - ------------------------------------------
[INFO ][2016-01-07 15:47:18,012][com.java.SeleniumDriver] [  833] - Test case being Executed: 2
[INFO ][2016-01-07 15:47:18,012][com.java.SeleniumDriver] [  845] - Test step:29
[INFO ][2016-01-07 15:47:18,012][com.java.SeleniumDriver] [  857] - Datavalue is----------null
[DEBUG][2016-01-07 15:47:18,012][com.java.SeleniumDriver] [  875] - Exception: null
[INFO ][2016-01-07 15:47:18,012][com.java.SeleniumDriver] [  881] - DataField : BTNparent
[INFO ][2016-01-07 15:47:18,012][com.java.SeleniumDriver] [  883] - DataValue : 
[INFO ][2016-01-07 15:47:18,012][com.java.SeleniumDriver] [  889] - <In Set values of the page>
[INFO ][2016-01-07 15:47:18,012][com.java.SeleniumDriver] [  892] - {Data Fields & Data Values Exist}
[INFO ][2016-01-07 15:47:18,012][com.java.SeleniumDriver] [  894] - --------------------------setting values-----------------------------
[INFO ][2016-01-07 15:47:18,013][com.java.SeleniumDriver] [  897] - Action Type : SelectFrame
[INFO ][2016-01-07 15:47:18,028][com.java.SeleniumDriver] [  906] -  RESULT true
[INFO ][2016-01-07 15:47:18,028][com.java.SeleniumDriver] [ 1112] - ?   P A S S   ?
[INFO ][2016-01-07 15:47:18,028][com.java.SeleniumDriver] [  832] - ------------------------------------------
[INFO ][2016-01-07 15:47:18,028][com.java.SeleniumDriver] [  833] - Test case being Executed: 2
[INFO ][2016-01-07 15:47:18,028][com.java.SeleniumDriver] [  845] - Test step:30
[INFO ][2016-01-07 15:47:18,028][com.java.SeleniumDriver] [  857] - Datavalue is----------null
[DEBUG][2016-01-07 15:47:18,028][com.java.SeleniumDriver] [  875] - Exception: null
[INFO ][2016-01-07 15:47:18,029][com.java.SeleniumDriver] [  881] - DataField : XPH//span[contains(text(), 'Finished')]
[INFO ][2016-01-07 15:47:18,029][com.java.SeleniumDriver] [  883] - DataValue : 
[INFO ][2016-01-07 15:47:18,029][com.java.SeleniumDriver] [  889] - <In Set values of the page>
[INFO ][2016-01-07 15:47:18,029][com.java.SeleniumDriver] [  892] - {Data Fields & Data Values Exist}
[INFO ][2016-01-07 15:47:18,029][com.java.SeleniumDriver] [  894] - --------------------------setting values-----------------------------
[INFO ][2016-01-07 15:47:18,029][com.java.SeleniumDriver] [  897] - Action Type : Click
[INFO ][2016-01-07 15:47:18,029][com.java.TestType] [ 6274] - Field ::XPH//span[contains(text(), 'Finished')]
[INFO ][2016-01-07 15:47:18,029][com.java.TestType] [ 5895] - value = 
[INFO ][2016-01-07 15:47:19,029][com.java.TestType] [ 6411] - BEFORE CLICK
[INFO ][2016-01-07 15:47:19,922][com.java.TestType] [ 6419] - Unable to click the object Finished button
[INFO ][2016-01-07 15:47:19,922][com.java.SeleniumDriver] [  906] -  RESULT true
[INFO ][2016-01-07 15:47:19,922][com.java.SeleniumDriver] [ 1112] - ?   P A S S   ?
[INFO ][2016-01-07 15:47:19,922][com.java.SeleniumDriver] [  832] - ------------------------------------------
[INFO ][2016-01-07 15:47:19,922][com.java.SeleniumDriver] [  833] - Test case being Executed: 2
[INFO ][2016-01-07 15:47:19,922][com.java.SeleniumDriver] [  845] - Test step:31
[INFO ][2016-01-07 15:47:19,922][com.java.SeleniumDriver] [  857] - Datavalue is----------5
[INFO ][2016-01-07 15:47:19,922][com.java.SeleniumDriver] [  881] - DataField : test
[INFO ][2016-01-07 15:47:19,922][com.java.SeleniumDriver] [  883] - DataValue : 5
[INFO ][2016-01-07 15:47:19,922][com.java.SeleniumDriver] [  889] - <In Set values of the page>
[INFO ][2016-01-07 15:47:19,922][com.java.SeleniumDriver] [  892] - {Data Fields & Data Values Exist}
[INFO ][2016-01-07 15:47:19,922][com.java.SeleniumDriver] [  894] - --------------------------setting values-----------------------------
[INFO ][2016-01-07 15:47:19,922][com.java.SeleniumDriver] [  897] - Action Type : WaitTime
[DEBUG][2016-01-07 15:47:19,923][com.java.TestType] [ 5715] - sleepTime: 5000
[INFO ][2016-01-07 15:47:24,923][com.java.SeleniumDriver] [  906] -  RESULT true
[INFO ][2016-01-07 15:47:24,923][com.java.SeleniumDriver] [ 1112] - ?   P A S S   ?
[INFO ][2016-01-07 15:47:24,923][com.java.SeleniumDriver] [  832] - ------------------------------------------
[INFO ][2016-01-07 15:47:24,923][com.java.SeleniumDriver] [  833] - Test case being Executed: 2
[INFO ][2016-01-07 15:47:24,923][com.java.SeleniumDriver] [  845] - Test step:32
[INFO ][2016-01-07 15:47:24,923][com.java.SeleniumDriver] [  857] - Datavalue is----------null
[DEBUG][2016-01-07 15:47:24,923][com.java.SeleniumDriver] [  875] - Exception: null
[INFO ][2016-01-07 15:47:24,923][com.java.SeleniumDriver] [  881] - DataField : BTNframeDialogContent
[INFO ][2016-01-07 15:47:24,923][com.java.SeleniumDriver] [  883] - DataValue : 
[INFO ][2016-01-07 15:47:24,923][com.java.SeleniumDriver] [  889] - <In Set values of the page>
[INFO ][2016-01-07 15:47:24,923][com.java.SeleniumDriver] [  892] - {Data Fields & Data Values Exist}
[INFO ][2016-01-07 15:47:24,924][com.java.SeleniumDriver] [  894] - --------------------------setting values-----------------------------
[INFO ][2016-01-07 15:47:24,924][com.java.SeleniumDriver] [  897] - Action Type : SelectFrame
[INFO ][2016-01-07 15:47:26,195][com.java.SeleniumDriver] [  906] -  RESULT true
[INFO ][2016-01-07 15:47:26,195][com.java.SeleniumDriver] [ 1112] - ?   P A S S   ?
[INFO ][2016-01-07 15:47:26,195][com.java.SeleniumDriver] [  832] - ------------------------------------------
[INFO ][2016-01-07 15:47:26,195][com.java.SeleniumDriver] [  833] - Test case being Executed: 2
[INFO ][2016-01-07 15:47:26,195][com.java.SeleniumDriver] [  845] - Test step:33
[INFO ][2016-01-07 15:47:26,195][com.java.SeleniumDriver] [  857] - Datavalue is----------null
[DEBUG][2016-01-07 15:47:26,196][com.java.SeleniumDriver] [  875] - Exception: null
[INFO ][2016-01-07 15:47:26,196][com.java.SeleniumDriver] [  881] - DataField : BTNchkGlobalPrivsUserAdmin
[INFO ][2016-01-07 15:47:26,196][com.java.SeleniumDriver] [  883] - DataValue : 
[INFO ][2016-01-07 15:47:26,196][com.java.SeleniumDriver] [  889] - <In Set values of the page>
[INFO ][2016-01-07 15:47:26,196][com.java.SeleniumDriver] [  892] - {Data Fields & Data Values Exist}
[INFO ][2016-01-07 15:47:26,196][com.java.SeleniumDriver] [  894] - --------------------------setting values-----------------------------
[INFO ][2016-01-07 15:47:26,196][com.java.SeleniumDriver] [  897] - Action Type : Click
[INFO ][2016-01-07 15:47:26,196][com.java.TestType] [ 6274] - Field ::BTNchkGlobalPrivsUserAdmin
[INFO ][2016-01-07 15:47:26,196][com.java.TestType] [ 5895] - value = 
[INFO ][2016-01-07 15:47:27,196][com.java.TestType] [ 6390] - BEFORE CLICK
[INFO ][2016-01-07 15:47:28,502][com.java.TestType] [ 6397] - Unable to click the object User Admin check box
[INFO ][2016-01-07 15:47:28,502][com.java.SeleniumDriver] [  906] -  RESULT true
[INFO ][2016-01-07 15:47:28,502][com.java.SeleniumDriver] [ 1112] - ?   P A S S   ?
[INFO ][2016-01-07 15:47:28,502][com.java.SeleniumDriver] [  832] - ------------------------------------------
[INFO ][2016-01-07 15:47:28,502][com.java.SeleniumDriver] [  833] - Test case being Executed: 2
[INFO ][2016-01-07 15:47:28,502][com.java.SeleniumDriver] [  845] - Test step:34
[INFO ][2016-01-07 15:47:28,502][com.java.SeleniumDriver] [  857] - Datavalue is----------index:1
[INFO ][2016-01-07 15:47:28,502][com.java.SeleniumDriver] [  881] - DataField : COBddlEntityAccess
[INFO ][2016-01-07 15:47:28,502][com.java.SeleniumDriver] [  883] - DataValue : index:1
[INFO ][2016-01-07 15:47:28,502][com.java.SeleniumDriver] [  889] - <In Set values of the page>
[INFO ][2016-01-07 15:47:28,502][com.java.SeleniumDriver] [  892] - {Data Fields & Data Values Exist}
[INFO ][2016-01-07 15:47:28,503][com.java.SeleniumDriver] [  894] - --------------------------setting values-----------------------------
[INFO ][2016-01-07 15:47:28,503][com.java.SeleniumDriver] [  897] - Action Type : select
[INFO ][2016-01-07 15:47:28,503][com.java.TestType] [ 5895] - value = 1
[INFO ][2016-01-07 15:47:29,662][com.java.TestType] [ 6013] -  In COB ddlEntityAccess : 1
[ERROR][2016-01-07 15:47:29,713][com.java.TestType] [ 6160] - Unable to perform Action Select Cannot locate option with index: 1
For documentation on this error, please visit: http://seleniumhq.org/exceptions/no_such_element.html
Build info: version: '2.48.2', revision: '41bccdd', time: '2015-10-09 19:59:12'
System info: host: 'FVTIII438F1D', ip: '172.17.68.34', os.name: 'Windows 7', os.arch: 'x86', os.version: '6.1', java.version: '1.7.0_55'
Driver info: driver.version: SeleniumDriver
[INFO ][2016-01-07 15:47:29,713][com.java.SeleniumDriver] [  906] -  RESULT false
[INFO ][2016-01-07 15:47:29,714][com.java.SeleniumDriver] [  953] - ?   F A I L   ?
[INFO ][2016-01-07 15:47:29,714][com.java.SeleniumDriver] [  961] - Browser Type : IE10
[INFO ][2016-01-07 15:47:29,714][com.java.SeleniumDriver] [  962] - Adding Failed case2
[DEBUG][2016-01-07 15:47:30,523][com.java.SeleniumDriver] [ 1030] -  tdd.getCondition() IF:36:Next
[INFO ][2016-01-07 15:47:30,523][com.java.SeleniumDriver] [ 1034] - Continue next step...
[INFO ][2016-01-07 15:47:30,523][com.java.SeleniumDriver] [  832] - ------------------------------------------
[INFO ][2016-01-07 15:47:30,523][com.java.SeleniumDriver] [  833] - Test case being Executed: 2
[INFO ][2016-01-07 15:47:30,523][com.java.SeleniumDriver] [  845] - Test step:35
[INFO ][2016-01-07 15:47:30,523][com.java.SeleniumDriver] [  857] - Datavalue is----------index:0
[INFO ][2016-01-07 15:47:30,523][com.java.SeleniumDriver] [  881] - DataField : COBddlEntityAccess
[INFO ][2016-01-07 15:47:30,523][com.java.SeleniumDriver] [  883] - DataValue : index:0
[INFO ][2016-01-07 15:47:30,523][com.java.SeleniumDriver] [  889] - <In Set values of the page>
[INFO ][2016-01-07 15:47:30,524][com.java.SeleniumDriver] [  892] - {Data Fields & Data Values Exist}
[INFO ][2016-01-07 15:47:30,524][com.java.SeleniumDriver] [  894] - --------------------------setting values-----------------------------
[INFO ][2016-01-07 15:47:30,524][com.java.SeleniumDriver] [  897] - Action Type : select
[INFO ][2016-01-07 15:47:30,524][com.java.TestType] [ 5895] - value = 0
[INFO ][2016-01-07 15:47:31,807][com.java.TestType] [ 6013] -  In COB ddlEntityAccess : 0
[INFO ][2016-01-07 15:47:31,882][com.java.SeleniumDriver] [  906] -  RESULT true
[INFO ][2016-01-07 15:47:31,882][com.java.SeleniumDriver] [ 1112] - ?   P A S S   ?
[INFO ][2016-01-07 15:47:31,882][com.java.SeleniumDriver] [  832] - ------------------------------------------
[INFO ][2016-01-07 15:47:31,882][com.java.SeleniumDriver] [  833] - Test case being Executed: 2
[INFO ][2016-01-07 15:47:31,882][com.java.SeleniumDriver] [  845] - Test step:36
[INFO ][2016-01-07 15:47:31,882][com.java.SeleniumDriver] [  857] - Datavalue is----------null
[DEBUG][2016-01-07 15:47:31,883][com.java.SeleniumDriver] [  875] - Exception: null
[INFO ][2016-01-07 15:47:31,883][com.java.SeleniumDriver] [  881] - DataField : BTNrdoEnableEntity_Enable
[INFO ][2016-01-07 15:47:31,883][com.java.SeleniumDriver] [  883] - DataValue : 
[INFO ][2016-01-07 15:47:31,883][com.java.SeleniumDriver] [  889] - <In Set values of the page>
[INFO ][2016-01-07 15:47:31,883][com.java.SeleniumDriver] [  892] - {Data Fields & Data Values Exist}
[INFO ][2016-01-07 15:47:31,883][com.java.SeleniumDriver] [  894] - --------------------------setting values-----------------------------
[INFO ][2016-01-07 15:47:31,883][com.java.SeleniumDriver] [  897] - Action Type : Click
[INFO ][2016-01-07 15:47:31,883][com.java.TestType] [ 6274] - Field ::BTNrdoEnableEntity_Enable
[INFO ][2016-01-07 15:47:31,884][com.java.TestType] [ 5895] - value = 
[INFO ][2016-01-07 15:47:32,884][com.java.TestType] [ 6390] - BEFORE CLICK
[INFO ][2016-01-07 15:47:34,145][com.java.TestType] [ 6397] - Unable to click the object Enable radio button
[INFO ][2016-01-07 15:47:34,145][com.java.SeleniumDriver] [  906] -  RESULT true
[INFO ][2016-01-07 15:47:34,145][com.java.SeleniumDriver] [ 1112] - ?   P A S S   ?
[INFO ][2016-01-07 15:47:34,145][com.java.SeleniumDriver] [  832] - ------------------------------------------
[INFO ][2016-01-07 15:47:34,145][com.java.SeleniumDriver] [  833] - Test case being Executed: 2
[INFO ][2016-01-07 15:47:34,145][com.java.SeleniumDriver] [  845] - Test step:37
[INFO ][2016-01-07 15:47:34,145][com.java.SeleniumDriver] [  857] - Datavalue is----------null
[DEBUG][2016-01-07 15:47:34,145][com.java.SeleniumDriver] [  875] - Exception: null
[INFO ][2016-01-07 15:47:34,145][com.java.SeleniumDriver] [  881] - DataField : BTNchkProfitCenterAll
[INFO ][2016-01-07 15:47:34,145][com.java.SeleniumDriver] [  883] - DataValue : 
[INFO ][2016-01-07 15:47:34,145][com.java.SeleniumDriver] [  889] - <In Set values of the page>
[INFO ][2016-01-07 15:47:34,146][com.java.SeleniumDriver] [  892] - {Data Fields & Data Values Exist}
[INFO ][2016-01-07 15:47:34,146][com.java.SeleniumDriver] [  894] - --------------------------setting values-----------------------------
[INFO ][2016-01-07 15:47:34,146][com.java.SeleniumDriver] [  897] - Action Type : Click
[INFO ][2016-01-07 15:47:34,146][com.java.TestType] [ 6274] - Field ::BTNchkProfitCenterAll
[INFO ][2016-01-07 15:47:34,146][com.java.TestType] [ 5895] - value = 
[INFO ][2016-01-07 15:47:35,146][com.java.TestType] [ 6390] - BEFORE CLICK
[INFO ][2016-01-07 15:47:36,430][com.java.TestType] [ 6397] - Unable to click the object All Check box
[INFO ][2016-01-07 15:47:36,430][com.java.SeleniumDriver] [  906] -  RESULT true
[INFO ][2016-01-07 15:47:36,430][com.java.SeleniumDriver] [ 1112] - ?   P A S S   ?
[INFO ][2016-01-07 15:47:36,430][com.java.SeleniumDriver] [  832] - ------------------------------------------
[INFO ][2016-01-07 15:47:36,430][com.java.SeleniumDriver] [  833] - Test case being Executed: 2
[INFO ][2016-01-07 15:47:36,430][com.java.SeleniumDriver] [  845] - Test step:38
[INFO ][2016-01-07 15:47:36,430][com.java.SeleniumDriver] [  857] - Datavalue is----------null
[DEBUG][2016-01-07 15:47:36,431][com.java.SeleniumDriver] [  875] - Exception: null
[INFO ][2016-01-07 15:47:36,431][com.java.SeleniumDriver] [  881] - DataField : BTNchkPrivsAccessGL
[INFO ][2016-01-07 15:47:36,431][com.java.SeleniumDriver] [  883] - DataValue : 
[INFO ][2016-01-07 15:47:36,431][com.java.SeleniumDriver] [  889] - <In Set values of the page>
[INFO ][2016-01-07 15:47:36,431][com.java.SeleniumDriver] [  892] - {Data Fields & Data Values Exist}
[INFO ][2016-01-07 15:47:36,431][com.java.SeleniumDriver] [  894] - --------------------------setting values-----------------------------
[INFO ][2016-01-07 15:47:36,431][com.java.SeleniumDriver] [  897] - Action Type : Click
[INFO ][2016-01-07 15:47:36,431][com.java.TestType] [ 6274] - Field ::BTNchkPrivsAccessGL
[INFO ][2016-01-07 15:47:36,431][com.java.TestType] [ 5895] - value = 
[INFO ][2016-01-07 15:47:37,432][com.java.TestType] [ 6390] - BEFORE CLICK
[INFO ][2016-01-07 15:47:38,690][com.java.TestType] [ 6397] - Unable to click the object GL check box
[INFO ][2016-01-07 15:47:38,690][com.java.SeleniumDriver] [  906] -  RESULT true
[INFO ][2016-01-07 15:47:38,690][com.java.SeleniumDriver] [ 1112] - ?   P A S S   ?
[INFO ][2016-01-07 15:47:38,690][com.java.SeleniumDriver] [  832] - ------------------------------------------
[INFO ][2016-01-07 15:47:38,690][com.java.SeleniumDriver] [  833] - Test case being Executed: 2
[INFO ][2016-01-07 15:47:38,690][com.java.SeleniumDriver] [  845] - Test step:39
[INFO ][2016-01-07 15:47:38,690][com.java.SeleniumDriver] [  857] - Datavalue is----------null
[DEBUG][2016-01-07 15:47:38,690][com.java.SeleniumDriver] [  875] - Exception: null
[INFO ][2016-01-07 15:47:38,690][com.java.SeleniumDriver] [  881] - DataField : BTNparent
[INFO ][2016-01-07 15:47:38,691][com.java.SeleniumDriver] [  883] - DataValue : 
[INFO ][2016-01-07 15:47:38,691][com.java.SeleniumDriver] [  889] - <In Set values of the page>
[INFO ][2016-01-07 15:47:38,691][com.java.SeleniumDriver] [  892] - {Data Fields & Data Values Exist}
[INFO ][2016-01-07 15:47:38,691][com.java.SeleniumDriver] [  894] - --------------------------setting values-----------------------------
[INFO ][2016-01-07 15:47:38,691][com.java.SeleniumDriver] [  897] - Action Type : SelectFrame
[INFO ][2016-01-07 15:47:38,706][com.java.SeleniumDriver] [  906] -  RESULT true
[INFO ][2016-01-07 15:47:38,706][com.java.SeleniumDriver] [ 1112] - ?   P A S S   ?
[INFO ][2016-01-07 15:47:38,706][com.java.SeleniumDriver] [  832] - ------------------------------------------
[INFO ][2016-01-07 15:47:38,706][com.java.SeleniumDriver] [  833] - Test case being Executed: 2
[INFO ][2016-01-07 15:47:38,706][com.java.SeleniumDriver] [  845] - Test step:40
[INFO ][2016-01-07 15:47:38,706][com.java.SeleniumDriver] [  857] - Datavalue is----------5
[INFO ][2016-01-07 15:47:38,707][com.java.SeleniumDriver] [  881] - DataField : test
[INFO ][2016-01-07 15:47:38,707][com.java.SeleniumDriver] [  883] - DataValue : 5
[INFO ][2016-01-07 15:47:38,707][com.java.SeleniumDriver] [  889] - <In Set values of the page>
[INFO ][2016-01-07 15:47:38,707][com.java.SeleniumDriver] [  892] - {Data Fields & Data Values Exist}
[INFO ][2016-01-07 15:47:38,707][com.java.SeleniumDriver] [  894] - --------------------------setting values-----------------------------
[INFO ][2016-01-07 15:47:38,707][com.java.SeleniumDriver] [  897] - Action Type : WaitTime
[DEBUG][2016-01-07 15:47:38,707][com.java.TestType] [ 5715] - sleepTime: 5000
[INFO ][2016-01-07 15:47:43,707][com.java.SeleniumDriver] [  906] -  RESULT true
[INFO ][2016-01-07 15:47:43,707][com.java.SeleniumDriver] [ 1112] - ?   P A S S   ?
[INFO ][2016-01-07 15:47:43,707][com.java.SeleniumDriver] [  832] - ------------------------------------------
[INFO ][2016-01-07 15:47:43,707][com.java.SeleniumDriver] [  833] - Test case being Executed: 2
[INFO ][2016-01-07 15:47:43,707][com.java.SeleniumDriver] [  845] - Test step:41
[INFO ][2016-01-07 15:47:43,707][com.java.SeleniumDriver] [  857] - Datavalue is----------null
[DEBUG][2016-01-07 15:47:43,707][com.java.SeleniumDriver] [  875] - Exception: null
[INFO ][2016-01-07 15:47:43,707][com.java.SeleniumDriver] [  881] - DataField : XPH//span[contains(text(), 'Finished')]
[INFO ][2016-01-07 15:47:43,707][com.java.SeleniumDriver] [  883] - DataValue : 
[INFO ][2016-01-07 15:47:43,707][com.java.SeleniumDriver] [  889] - <In Set values of the page>
[INFO ][2016-01-07 15:47:43,707][com.java.SeleniumDriver] [  892] - {Data Fields & Data Values Exist}
[INFO ][2016-01-07 15:47:43,707][com.java.SeleniumDriver] [  894] - --------------------------setting values-----------------------------
[INFO ][2016-01-07 15:47:43,707][com.java.SeleniumDriver] [  897] - Action Type : Click
[INFO ][2016-01-07 15:47:43,708][com.java.TestType] [ 6274] - Field ::XPH//span[contains(text(), 'Finished')]
[INFO ][2016-01-07 15:47:43,708][com.java.TestType] [ 5895] - value = 
[INFO ][2016-01-07 15:47:44,708][com.java.TestType] [ 6411] - BEFORE CLICK
[INFO ][2016-01-07 15:47:47,378][com.java.TestType] [ 6419] - Unable to click the object Finished button
[INFO ][2016-01-07 15:47:47,378][com.java.SeleniumDriver] [  906] -  RESULT true
[INFO ][2016-01-07 15:47:47,378][com.java.SeleniumDriver] [ 1112] - ?   P A S S   ?
[INFO ][2016-01-07 15:47:47,378][com.java.SeleniumDriver] [  832] - ------------------------------------------
[INFO ][2016-01-07 15:47:47,378][com.java.SeleniumDriver] [  833] - Test case being Executed: 2
[INFO ][2016-01-07 15:47:47,378][com.java.SeleniumDriver] [  845] - Test step:42
[INFO ][2016-01-07 15:47:47,378][com.java.SeleniumDriver] [  857] - Datavalue is----------5
[INFO ][2016-01-07 15:47:47,378][com.java.SeleniumDriver] [  881] - DataField : BTNframeDialogContent
[INFO ][2016-01-07 15:47:47,378][com.java.SeleniumDriver] [  883] - DataValue : 5
[INFO ][2016-01-07 15:47:47,378][com.java.SeleniumDriver] [  889] - <In Set values of the page>
[INFO ][2016-01-07 15:47:47,378][com.java.SeleniumDriver] [  892] - {Data Fields & Data Values Exist}
[INFO ][2016-01-07 15:47:47,378][com.java.SeleniumDriver] [  894] - --------------------------setting values-----------------------------
[INFO ][2016-01-07 15:47:47,378][com.java.SeleniumDriver] [  897] - Action Type : WaitForElement
[INFO ][2016-01-07 15:47:48,598][com.java.SeleniumDriver] [  906] -  RESULT true
[INFO ][2016-01-07 15:47:48,598][com.java.SeleniumDriver] [ 1112] - ?   P A S S   ?
[INFO ][2016-01-07 15:47:48,598][com.java.SeleniumDriver] [  832] - ------------------------------------------
[INFO ][2016-01-07 15:47:48,598][com.java.SeleniumDriver] [  833] - Test case being Executed: 2
[INFO ][2016-01-07 15:47:48,598][com.java.SeleniumDriver] [  845] - Test step:43
[INFO ][2016-01-07 15:47:48,599][com.java.SeleniumDriver] [  857] - Datavalue is----------null
[DEBUG][2016-01-07 15:47:48,599][com.java.SeleniumDriver] [  875] - Exception: null
[INFO ][2016-01-07 15:47:48,599][com.java.SeleniumDriver] [  881] - DataField : BTNframeDialogContent
[INFO ][2016-01-07 15:47:48,599][com.java.SeleniumDriver] [  883] - DataValue : 
[INFO ][2016-01-07 15:47:48,599][com.java.SeleniumDriver] [  889] - <In Set values of the page>
[INFO ][2016-01-07 15:47:48,599][com.java.SeleniumDriver] [  892] - {Data Fields & Data Values Exist}
[INFO ][2016-01-07 15:47:48,599][com.java.SeleniumDriver] [  894] - --------------------------setting values-----------------------------
[INFO ][2016-01-07 15:47:48,599][com.java.SeleniumDriver] [  897] - Action Type : SelectFrame
[INFO ][2016-01-07 15:47:49,865][com.java.SeleniumDriver] [  906] -  RESULT true
[INFO ][2016-01-07 15:47:49,865][com.java.SeleniumDriver] [ 1112] - ?   P A S S   ?
[INFO ][2016-01-07 15:47:49,865][com.java.SeleniumDriver] [  832] - ------------------------------------------
[INFO ][2016-01-07 15:47:49,865][com.java.SeleniumDriver] [  833] - Test case being Executed: 2
[INFO ][2016-01-07 15:47:49,865][com.java.SeleniumDriver] [  845] - Test step:44
[INFO ][2016-01-07 15:47:49,865][com.java.SeleniumDriver] [  857] - Datavalue is----------null
[DEBUG][2016-01-07 15:47:49,865][com.java.SeleniumDriver] [  875] - Exception: null
[INFO ][2016-01-07 15:47:49,865][com.java.SeleniumDriver] [  881] - DataField : XPH//table[@id="tblUserListing"]//td[contains(text(),'vltest.robot')]
[INFO ][2016-01-07 15:47:49,865][com.java.SeleniumDriver] [  883] - DataValue : 
[INFO ][2016-01-07 15:47:49,865][com.java.SeleniumDriver] [  889] - <In Set values of the page>
[INFO ][2016-01-07 15:47:49,866][com.java.SeleniumDriver] [  892] - {Data Fields & Data Values Exist}
[INFO ][2016-01-07 15:47:49,866][com.java.SeleniumDriver] [  894] - --------------------------setting values-----------------------------
[INFO ][2016-01-07 15:47:49,866][com.java.SeleniumDriver] [  897] - Action Type : WaitForElement
[INFO ][2016-01-07 15:47:49,891][com.java.SeleniumDriver] [  906] -  RESULT true
[INFO ][2016-01-07 15:47:49,891][com.java.SeleniumDriver] [ 1112] - ?   P A S S   ?
[INFO ][2016-01-07 15:47:49,891][com.java.SeleniumDriver] [  832] - ------------------------------------------
[INFO ][2016-01-07 15:47:49,891][com.java.SeleniumDriver] [  833] - Test case being Executed: 2
[INFO ][2016-01-07 15:47:49,891][com.java.SeleniumDriver] [  845] - Test step:45
[INFO ][2016-01-07 15:47:49,891][com.java.SeleniumDriver] [  857] - Datavalue is----------HMVGivenNewUserName
[INFO ][2016-01-07 15:47:49,891][com.java.SeleniumDriver] [  881] - DataField : USR
[INFO ][2016-01-07 15:47:49,892][com.java.SeleniumDriver] [  883] - DataValue : HMVGivenNewUserName
[INFO ][2016-01-07 15:47:49,892][com.java.SeleniumDriver] [  889] - <In Set values of the page>
[INFO ][2016-01-07 15:47:49,892][com.java.SeleniumDriver] [  892] - {Data Fields & Data Values Exist}
[INFO ][2016-01-07 15:47:49,892][com.java.SeleniumDriver] [  894] - --------------------------setting values-----------------------------
[INFO ][2016-01-07 15:47:49,892][com.java.SeleniumDriver] [  897] - Action Type : Verify
[INFO ][2016-01-07 15:47:49,892][com.java.TestType] [ 7269] - field= USR value= HMVGivenNewUserName
[INFO ][2016-01-07 15:47:49,892][com.java.TestType] [ 5895] - value = vltest.robot82201
[INFO ][2016-01-07 15:47:49,942][com.java.SeleniumDriver] [  906] -  RESULT true
[INFO ][2016-01-07 15:47:49,942][com.java.SeleniumDriver] [ 1112] - ?   P A S S   ?
[INFO ][2016-01-07 15:47:49,942][com.java.SeleniumDriver] [  832] - ------------------------------------------
[INFO ][2016-01-07 15:47:49,942][com.java.SeleniumDriver] [  833] - Test case being Executed: 2
[INFO ][2016-01-07 15:47:49,942][com.java.SeleniumDriver] [  845] - Test step:46
[INFO ][2016-01-07 15:47:49,942][com.java.SeleniumDriver] [  857] - Datavalue is----------GivenNewUserName::Login_username
[INFO ][2016-01-07 15:47:49,942][com.java.SeleniumDriver] [  881] - DataField : PVP//table[@id="tblUserListing"]//td[contains(text(),'mytext')]
[INFO ][2016-01-07 15:47:49,942][com.java.SeleniumDriver] [  883] - DataValue : GivenNewUserName::Login_username
[INFO ][2016-01-07 15:47:49,943][com.java.SeleniumDriver] [  889] - <In Set values of the page>
[INFO ][2016-01-07 15:47:49,943][com.java.SeleniumDriver] [  892] - {Data Fields & Data Values Exist}
[INFO ][2016-01-07 15:47:49,943][com.java.SeleniumDriver] [  894] - --------------------------setting values-----------------------------
[INFO ][2016-01-07 15:47:49,943][com.java.SeleniumDriver] [  897] - Action Type : STOREVALUE
[INFO ][2016-01-07 15:47:49,943][com.java.TestType] [ 8612] - field= PVP//table[@id="tblUserListing"]//td[contains(text(),'mytext')]
[DEBUG][2016-01-07 15:47:50,051][com.java.TestType] [ 8903] - Key:: GivenNewUserName::Login_username  Value:: vltest.robot82201.15310
[INFO ][2016-01-07 15:47:50,051][com.java.SeleniumDriver] [  906] -  RESULT true
[INFO ][2016-01-07 15:47:50,052][com.java.SeleniumDriver] [ 1112] - ?   P A S S   ?
[INFO ][2016-01-07 15:47:50,052][com.java.SeleniumDriver] [  832] - ------------------------------------------
[INFO ][2016-01-07 15:47:50,052][com.java.SeleniumDriver] [  833] - Test case being Executed: 2
[INFO ][2016-01-07 15:47:50,052][com.java.SeleniumDriver] [  845] - Test step:47
[INFO ][2016-01-07 15:47:50,052][com.java.SeleniumDriver] [  857] - Datavalue is----------10
[INFO ][2016-01-07 15:47:50,052][com.java.SeleniumDriver] [  881] - DataField : test
[INFO ][2016-01-07 15:47:50,052][com.java.SeleniumDriver] [  883] - DataValue : 10
[INFO ][2016-01-07 15:47:50,052][com.java.SeleniumDriver] [  889] - <In Set values of the page>
[INFO ][2016-01-07 15:47:50,052][com.java.SeleniumDriver] [  892] - {Data Fields & Data Values Exist}
[INFO ][2016-01-07 15:47:50,052][com.java.SeleniumDriver] [  894] - --------------------------setting values-----------------------------
[INFO ][2016-01-07 15:47:50,052][com.java.SeleniumDriver] [  897] - Action Type : WaitTime
[DEBUG][2016-01-07 15:47:50,052][com.java.TestType] [ 5715] - sleepTime: 10000
[INFO ][2016-01-07 15:48:00,052][com.java.SeleniumDriver] [  906] -  RESULT true
[INFO ][2016-01-07 15:48:00,052][com.java.SeleniumDriver] [ 1112] - ?   P A S S   ?
[INFO ][2016-01-07 15:48:00,052][com.java.SeleniumDriver] [  832] - ------------------------------------------
[INFO ][2016-01-07 15:48:00,052][com.java.SeleniumDriver] [  833] - Test case being Executed: 2
[INFO ][2016-01-07 15:48:00,052][com.java.SeleniumDriver] [  845] - Test step:48
[INFO ][2016-01-07 15:48:00,052][com.java.SeleniumDriver] [  857] - Datavalue is----------Login_username
[INFO ][2016-01-07 15:48:00,052][com.java.SeleniumDriver] [  881] - DataField : MNC//div[@id="divUserListing"]//td//a[@id='modifyUser.mytext']
[INFO ][2016-01-07 15:48:00,052][com.java.SeleniumDriver] [  883] - DataValue : Login_username
[INFO ][2016-01-07 15:48:00,052][com.java.SeleniumDriver] [  889] - <In Set values of the page>
[INFO ][2016-01-07 15:48:00,052][com.java.SeleniumDriver] [  892] - {Data Fields & Data Values Exist}
[INFO ][2016-01-07 15:48:00,052][com.java.SeleniumDriver] [  894] - --------------------------setting values-----------------------------
[INFO ][2016-01-07 15:48:00,052][com.java.SeleniumDriver] [  897] - Action Type : Click
[INFO ][2016-01-07 15:48:00,052][com.java.TestType] [ 6274] - Field ::MNC//div[@id="divUserListing"]//td//a[@id='modifyUser.mytext']
[INFO ][2016-01-07 15:48:00,053][com.java.TestType] [ 5895] - value = Login_username
[INFO ][2016-01-07 15:48:01,333][com.java.SeleniumDriver] [  906] -  RESULT true
[INFO ][2016-01-07 15:48:01,333][com.java.SeleniumDriver] [ 1112] - ?   P A S S   ?
[INFO ][2016-01-07 15:48:01,333][com.java.SeleniumDriver] [  832] - ------------------------------------------
[INFO ][2016-01-07 15:48:01,333][com.java.SeleniumDriver] [  833] - Test case being Executed: 2
[INFO ][2016-01-07 15:48:01,333][com.java.SeleniumDriver] [  845] - Test step:49
[INFO ][2016-01-07 15:48:01,333][com.java.SeleniumDriver] [  857] - Datavalue is----------2
[INFO ][2016-01-07 15:48:01,333][com.java.SeleniumDriver] [  881] - DataField : BTNtxtFirstName
[INFO ][2016-01-07 15:48:01,333][com.java.SeleniumDriver] [  883] - DataValue : 2
[INFO ][2016-01-07 15:48:01,333][com.java.SeleniumDriver] [  889] - <In Set values of the page>
[INFO ][2016-01-07 15:48:01,333][com.java.SeleniumDriver] [  892] - {Data Fields & Data Values Exist}
[INFO ][2016-01-07 15:48:01,333][com.java.SeleniumDriver] [  894] - --------------------------setting values-----------------------------
[INFO ][2016-01-07 15:48:01,334][com.java.SeleniumDriver] [  897] - Action Type : WaitForElement
[INFO ][2016-01-07 15:48:02,777][com.java.SeleniumDriver] [  906] -  RESULT true
[INFO ][2016-01-07 15:48:02,777][com.java.SeleniumDriver] [ 1112] - ?   P A S S   ?
[INFO ][2016-01-07 15:48:02,777][com.java.SeleniumDriver] [  832] - ------------------------------------------
[INFO ][2016-01-07 15:48:02,777][com.java.SeleniumDriver] [  833] - Test case being Executed: 2
[INFO ][2016-01-07 15:48:02,777][com.java.SeleniumDriver] [  845] - Test step:50
[INFO ][2016-01-07 15:48:02,777][com.java.SeleniumDriver] [  857] - Datavalue is----------dt:ResetNewPswd
[INFO ][2016-01-07 15:48:02,777][com.java.SeleniumDriver] [  881] - DataField : TXTtxtPassword
[INFO ][2016-01-07 15:48:02,777][com.java.SeleniumDriver] [  883] - DataValue : dt:ResetNewPswd
[INFO ][2016-01-07 15:48:02,777][com.java.SeleniumDriver] [  889] - <In Set values of the page>
[INFO ][2016-01-07 15:48:02,778][com.java.SeleniumDriver] [  892] - {Data Fields & Data Values Exist}
[INFO ][2016-01-07 15:48:02,778][com.java.SeleniumDriver] [  894] - --------------------------setting values-----------------------------
[INFO ][2016-01-07 15:48:02,778][com.java.SeleniumDriver] [  897] - Action Type : CLEARANDENTER
[INFO ][2016-01-07 15:48:02,778][com.java.TestType] [ 5895] - value = Password#1
[INFO ][2016-01-07 15:48:05,408][com.java.SeleniumDriver] [  906] -  RESULT true
[INFO ][2016-01-07 15:48:05,408][com.java.SeleniumDriver] [ 1112] - ?   P A S S   ?
[INFO ][2016-01-07 15:48:05,408][com.java.SeleniumDriver] [  832] - ------------------------------------------
[INFO ][2016-01-07 15:48:05,408][com.java.SeleniumDriver] [  833] - Test case being Executed: 2
[INFO ][2016-01-07 15:48:05,408][com.java.SeleniumDriver] [  845] - Test step:51
[INFO ][2016-01-07 15:48:05,408][com.java.SeleniumDriver] [  857] - Datavalue is----------5
[INFO ][2016-01-07 15:48:05,408][com.java.SeleniumDriver] [  881] - DataField : TXTtxtPasswordConfirm
[INFO ][2016-01-07 15:48:05,409][com.java.SeleniumDriver] [  883] - DataValue : 5
[INFO ][2016-01-07 15:48:05,409][com.java.SeleniumDriver] [  889] - <In Set values of the page>
[INFO ][2016-01-07 15:48:05,409][com.java.SeleniumDriver] [  892] - {Data Fields & Data Values Exist}
[INFO ][2016-01-07 15:48:05,409][com.java.SeleniumDriver] [  894] - --------------------------setting values-----------------------------
[INFO ][2016-01-07 15:48:05,409][com.java.SeleniumDriver] [  897] - Action Type : WaitForElement
[INFO ][2016-01-07 15:48:06,514][com.java.SeleniumDriver] [  906] -  RESULT true
[INFO ][2016-01-07 15:48:06,514][com.java.SeleniumDriver] [ 1112] - ?   P A S S   ?
[INFO ][2016-01-07 15:48:06,514][com.java.SeleniumDriver] [  832] - ------------------------------------------
[INFO ][2016-01-07 15:48:06,514][com.java.SeleniumDriver] [  833] - Test case being Executed: 2
[INFO ][2016-01-07 15:48:06,514][com.java.SeleniumDriver] [  845] - Test step:52
[INFO ][2016-01-07 15:48:06,515][com.java.SeleniumDriver] [  857] - Datavalue is----------dt:ResetNewPswd
[INFO ][2016-01-07 15:48:06,515][com.java.SeleniumDriver] [  881] - DataField : TXTtxtPasswordConfirm
[INFO ][2016-01-07 15:48:06,515][com.java.SeleniumDriver] [  883] - DataValue : dt:ResetNewPswd
[INFO ][2016-01-07 15:48:06,515][com.java.SeleniumDriver] [  889] - <In Set values of the page>
[INFO ][2016-01-07 15:48:06,515][com.java.SeleniumDriver] [  892] - {Data Fields & Data Values Exist}
[INFO ][2016-01-07 15:48:06,515][com.java.SeleniumDriver] [  894] - --------------------------setting values-----------------------------
[INFO ][2016-01-07 15:48:06,515][com.java.SeleniumDriver] [  897] - Action Type : CLEARANDENTER
[INFO ][2016-01-07 15:48:06,515][com.java.TestType] [ 5895] - value = Password#1
[INFO ][2016-01-07 15:48:09,160][com.java.SeleniumDriver] [  906] -  RESULT true
[INFO ][2016-01-07 15:48:09,160][com.java.SeleniumDriver] [ 1112] - ?   P A S S   ?
[INFO ][2016-01-07 15:48:09,160][com.java.SeleniumDriver] [  832] - ------------------------------------------
[INFO ][2016-01-07 15:48:09,160][com.java.SeleniumDriver] [  833] - Test case being Executed: 2
[INFO ][2016-01-07 15:48:09,160][com.java.SeleniumDriver] [  845] - Test step:53
[INFO ][2016-01-07 15:48:09,160][com.java.SeleniumDriver] [  857] - Datavalue is----------5
[INFO ][2016-01-07 15:48:09,160][com.java.SeleniumDriver] [  881] - DataField : test
[INFO ][2016-01-07 15:48:09,160][com.java.SeleniumDriver] [  883] - DataValue : 5
[INFO ][2016-01-07 15:48:09,160][com.java.SeleniumDriver] [  889] - <In Set values of the page>
[INFO ][2016-01-07 15:48:09,160][com.java.SeleniumDriver] [  892] - {Data Fields & Data Values Exist}
[INFO ][2016-01-07 15:48:09,160][com.java.SeleniumDriver] [  894] - --------------------------setting values-----------------------------
[INFO ][2016-01-07 15:48:09,161][com.java.SeleniumDriver] [  897] - Action Type : WaitTime
[DEBUG][2016-01-07 15:48:09,161][com.java.TestType] [ 5715] - sleepTime: 5000
[INFO ][2016-01-07 15:48:14,161][com.java.SeleniumDriver] [  906] -  RESULT true
[INFO ][2016-01-07 15:48:14,161][com.java.SeleniumDriver] [ 1112] - ?   P A S S   ?
[INFO ][2016-01-07 15:48:14,161][com.java.SeleniumDriver] [  832] - ------------------------------------------
[INFO ][2016-01-07 15:48:14,161][com.java.SeleniumDriver] [  833] - Test case being Executed: 2
[INFO ][2016-01-07 15:48:14,161][com.java.SeleniumDriver] [  845] - Test step:54
[INFO ][2016-01-07 15:48:14,161][com.java.SeleniumDriver] [  857] - Datavalue is----------null
[DEBUG][2016-01-07 15:48:14,161][com.java.SeleniumDriver] [  875] - Exception: null
[INFO ][2016-01-07 15:48:14,161][com.java.SeleniumDriver] [  881] - DataField : BTNrdoResendYes
[INFO ][2016-01-07 15:48:14,161][com.java.SeleniumDriver] [  883] - DataValue : 
[INFO ][2016-01-07 15:48:14,161][com.java.SeleniumDriver] [  889] - <In Set values of the page>
[INFO ][2016-01-07 15:48:14,161][com.java.SeleniumDriver] [  892] - {Data Fields & Data Values Exist}
[INFO ][2016-01-07 15:48:14,161][com.java.SeleniumDriver] [  894] - --------------------------setting values-----------------------------
[INFO ][2016-01-07 15:48:14,161][com.java.SeleniumDriver] [  897] - Action Type : Click
[INFO ][2016-01-07 15:48:14,162][com.java.TestType] [ 6274] - Field ::BTNrdoResendYes
[INFO ][2016-01-07 15:48:14,162][com.java.TestType] [ 5895] - value = 
[INFO ][2016-01-07 15:48:15,162][com.java.TestType] [ 6390] - BEFORE CLICK
[INFO ][2016-01-07 15:48:16,419][com.java.TestType] [ 6397] - Unable to click the object Yes Radio button
[INFO ][2016-01-07 15:48:16,419][com.java.SeleniumDriver] [  906] -  RESULT true
[INFO ][2016-01-07 15:48:16,419][com.java.SeleniumDriver] [ 1112] - ?   P A S S   ?
[INFO ][2016-01-07 15:48:16,419][com.java.SeleniumDriver] [  832] - ------------------------------------------
[INFO ][2016-01-07 15:48:16,419][com.java.SeleniumDriver] [  833] - Test case being Executed: 2
[INFO ][2016-01-07 15:48:16,419][com.java.SeleniumDriver] [  845] - Test step:55
[INFO ][2016-01-07 15:48:16,420][com.java.SeleniumDriver] [  857] - Datavalue is----------null
[DEBUG][2016-01-07 15:48:16,420][com.java.SeleniumDriver] [  875] - Exception: null
[INFO ][2016-01-07 15:48:16,420][com.java.SeleniumDriver] [  881] - DataField : BTNparent
[INFO ][2016-01-07 15:48:16,420][com.java.SeleniumDriver] [  883] - DataValue : 
[INFO ][2016-01-07 15:48:16,420][com.java.SeleniumDriver] [  889] - <In Set values of the page>
[INFO ][2016-01-07 15:48:16,420][com.java.SeleniumDriver] [  892] - {Data Fields & Data Values Exist}
[INFO ][2016-01-07 15:48:16,420][com.java.SeleniumDriver] [  894] - --------------------------setting values-----------------------------
[INFO ][2016-01-07 15:48:16,420][com.java.SeleniumDriver] [  897] - Action Type : SelectFrame
[INFO ][2016-01-07 15:48:16,436][com.java.SeleniumDriver] [  906] -  RESULT true
[INFO ][2016-01-07 15:48:16,436][com.java.SeleniumDriver] [ 1112] - ?   P A S S   ?
[INFO ][2016-01-07 15:48:16,436][com.java.SeleniumDriver] [  832] - ------------------------------------------
[INFO ][2016-01-07 15:48:16,436][com.java.SeleniumDriver] [  833] - Test case being Executed: 2
[INFO ][2016-01-07 15:48:16,436][com.java.SeleniumDriver] [  845] - Test step:56
[INFO ][2016-01-07 15:48:16,436][com.java.SeleniumDriver] [  857] - Datavalue is----------null
[DEBUG][2016-01-07 15:48:16,436][com.java.SeleniumDriver] [  875] - Exception: null
[INFO ][2016-01-07 15:48:16,436][com.java.SeleniumDriver] [  881] - DataField : XPH//span[contains(text(), 'Finished')]
[INFO ][2016-01-07 15:48:16,436][com.java.SeleniumDriver] [  883] - DataValue : 
[INFO ][2016-01-07 15:48:16,436][com.java.SeleniumDriver] [  889] - <In Set values of the page>
[INFO ][2016-01-07 15:48:16,437][com.java.SeleniumDriver] [  892] - {Data Fields & Data Values Exist}
[INFO ][2016-01-07 15:48:16,437][com.java.SeleniumDriver] [  894] - --------------------------setting values-----------------------------
[INFO ][2016-01-07 15:48:16,437][com.java.SeleniumDriver] [  897] - Action Type : Click
[INFO ][2016-01-07 15:48:16,437][com.java.TestType] [ 6274] - Field ::XPH//span[contains(text(), 'Finished')]
[INFO ][2016-01-07 15:48:16,437][com.java.TestType] [ 5895] - value = 
[INFO ][2016-01-07 15:48:17,437][com.java.TestType] [ 6411] - BEFORE CLICK
[INFO ][2016-01-07 15:48:18,299][com.java.TestType] [ 6419] - Unable to click the object Finished button
[INFO ][2016-01-07 15:48:18,299][com.java.SeleniumDriver] [  906] -  RESULT true
[INFO ][2016-01-07 15:48:18,299][com.java.SeleniumDriver] [ 1112] - ?   P A S S   ?
[INFO ][2016-01-07 15:48:18,299][com.java.SeleniumDriver] [  832] - ------------------------------------------
[INFO ][2016-01-07 15:48:18,299][com.java.SeleniumDriver] [  833] - Test case being Executed: 2
[INFO ][2016-01-07 15:48:18,299][com.java.SeleniumDriver] [  845] - Test step:57
[INFO ][2016-01-07 15:48:18,299][com.java.SeleniumDriver] [  857] - Datavalue is----------10
[INFO ][2016-01-07 15:48:18,299][com.java.SeleniumDriver] [  881] - DataField : test
[INFO ][2016-01-07 15:48:18,299][com.java.SeleniumDriver] [  883] - DataValue : 10
[INFO ][2016-01-07 15:48:18,299][com.java.SeleniumDriver] [  889] - <In Set values of the page>
[INFO ][2016-01-07 15:48:18,299][com.java.SeleniumDriver] [  892] - {Data Fields & Data Values Exist}
[INFO ][2016-01-07 15:48:18,299][com.java.SeleniumDriver] [  894] - --------------------------setting values-----------------------------
[INFO ][2016-01-07 15:48:18,299][com.java.SeleniumDriver] [  897] - Action Type : WaitTime
[DEBUG][2016-01-07 15:48:18,300][com.java.TestType] [ 5715] - sleepTime: 10000
[INFO ][2016-01-07 15:48:28,301][com.java.SeleniumDriver] [  906] -  RESULT true
[INFO ][2016-01-07 15:48:28,301][com.java.SeleniumDriver] [ 1112] - ?   P A S S   ?
[INFO ][2016-01-07 15:48:28,301][com.java.SeleniumDriver] [  832] - ------------------------------------------
[INFO ][2016-01-07 15:48:28,301][com.java.SeleniumDriver] [  833] - Test case being Executed: 2
[INFO ][2016-01-07 15:48:28,301][com.java.SeleniumDriver] [  845] - Test step:58
[INFO ][2016-01-07 15:48:28,301][com.java.SeleniumDriver] [  857] - Datavalue is----------5
[INFO ][2016-01-07 15:48:28,301][com.java.SeleniumDriver] [  881] - DataField : XPH//span[contains(text(), 'Finished')]
[INFO ][2016-01-07 15:48:28,301][com.java.SeleniumDriver] [  883] - DataValue : 5
[INFO ][2016-01-07 15:48:28,301][com.java.SeleniumDriver] [  889] - <In Set values of the page>
[INFO ][2016-01-07 15:48:28,301][com.java.SeleniumDriver] [  892] - {Data Fields & Data Values Exist}
[INFO ][2016-01-07 15:48:28,301][com.java.SeleniumDriver] [  894] - --------------------------setting values-----------------------------
[INFO ][2016-01-07 15:48:28,301][com.java.SeleniumDriver] [  897] - Action Type : WaitForElement
[INFO ][2016-01-07 15:48:28,338][com.java.SeleniumDriver] [  906] -  RESULT true
[INFO ][2016-01-07 15:48:28,338][com.java.SeleniumDriver] [ 1112] - ?   P A S S   ?
[INFO ][2016-01-07 15:48:28,338][com.java.SeleniumDriver] [  832] - ------------------------------------------
[INFO ][2016-01-07 15:48:28,338][com.java.SeleniumDriver] [  833] - Test case being Executed: 2
[INFO ][2016-01-07 15:48:28,338][com.java.SeleniumDriver] [  845] - Test step:59
[INFO ][2016-01-07 15:48:28,338][com.java.SeleniumDriver] [  857] - Datavalue is----------null
[DEBUG][2016-01-07 15:48:28,339][com.java.SeleniumDriver] [  875] - Exception: null
[INFO ][2016-01-07 15:48:28,339][com.java.SeleniumDriver] [  881] - DataField : XPH//span[contains(text(), 'Finished')]
[INFO ][2016-01-07 15:48:28,339][com.java.SeleniumDriver] [  883] - DataValue : 
[INFO ][2016-01-07 15:48:28,339][com.java.SeleniumDriver] [  889] - <In Set values of the page>
[INFO ][2016-01-07 15:48:28,339][com.java.SeleniumDriver] [  892] - {Data Fields & Data Values Exist}
[INFO ][2016-01-07 15:48:28,339][com.java.SeleniumDriver] [  894] - --------------------------setting values-----------------------------
[INFO ][2016-01-07 15:48:28,339][com.java.SeleniumDriver] [  897] - Action Type : Click
[INFO ][2016-01-07 15:48:28,339][com.java.TestType] [ 6274] - Field ::XPH//span[contains(text(), 'Finished')]
[INFO ][2016-01-07 15:48:28,339][com.java.TestType] [ 5895] - value = 
[INFO ][2016-01-07 15:48:29,339][com.java.TestType] [ 6411] - BEFORE CLICK
[INFO ][2016-01-07 15:48:30,239][com.java.TestType] [ 6419] - Unable to click the object Finished button
[INFO ][2016-01-07 15:48:30,239][com.java.SeleniumDriver] [  906] -  RESULT true
[INFO ][2016-01-07 15:48:30,239][com.java.SeleniumDriver] [ 1112] - ?   P A S S   ?
[INFO ][2016-01-07 15:48:30,239][com.java.SeleniumDriver] [  832] - ------------------------------------------
[INFO ][2016-01-07 15:48:30,239][com.java.SeleniumDriver] [  833] - Test case being Executed: 2
[INFO ][2016-01-07 15:48:30,239][com.java.SeleniumDriver] [  845] - Test step:60
[INFO ][2016-01-07 15:48:30,239][com.java.SeleniumDriver] [  857] - Datavalue is----------10
[INFO ][2016-01-07 15:48:30,239][com.java.SeleniumDriver] [  881] - DataField : XPH//div[contains(text(), 'My Dashboard')]
[INFO ][2016-01-07 15:48:30,239][com.java.SeleniumDriver] [  883] - DataValue : 10
[INFO ][2016-01-07 15:48:30,239][com.java.SeleniumDriver] [  889] - <In Set values of the page>
[INFO ][2016-01-07 15:48:30,239][com.java.SeleniumDriver] [  892] - {Data Fields & Data Values Exist}
[INFO ][2016-01-07 15:48:30,239][com.java.SeleniumDriver] [  894] - --------------------------setting values-----------------------------
[INFO ][2016-01-07 15:48:30,239][com.java.SeleniumDriver] [  897] - Action Type : WAITFORELEMENT
[INFO ][2016-01-07 15:48:30,275][com.java.SeleniumDriver] [  906] -  RESULT true
[INFO ][2016-01-07 15:48:30,275][com.java.SeleniumDriver] [ 1112] - ?   P A S S   ?
[INFO ][2016-01-07 15:48:30,275][com.java.SeleniumDriver] [  832] - ------------------------------------------
[INFO ][2016-01-07 15:48:30,275][com.java.SeleniumDriver] [  833] - Test case being Executed: 2
[INFO ][2016-01-07 15:48:30,276][com.java.SeleniumDriver] [  845] - Test step:61
[INFO ][2016-01-07 15:48:30,276][com.java.SeleniumDriver] [  857] - Datavalue is----------Concept#3:1-2
[INFO ][2016-01-07 15:48:30,276][com.java.SeleniumDriver] [  881] - DataField : test
[INFO ][2016-01-07 15:48:30,276][com.java.SeleniumDriver] [  883] - DataValue : Concept#3:1-2
[INFO ][2016-01-07 15:48:30,276][com.java.SeleniumDriver] [  889] - <In Set values of the page>
[INFO ][2016-01-07 15:48:30,276][com.java.SeleniumDriver] [  892] - {Data Fields & Data Values Exist}
[INFO ][2016-01-07 15:48:30,276][com.java.SeleniumDriver] [  894] - --------------------------setting values-----------------------------
[INFO ][2016-01-07 15:48:30,276][com.java.SeleniumDriver] [  897] - Action Type : ExecuteTestCase
[INFO ][2016-01-07 15:48:30,276][com.java.TestType] [  437] - The Concept sheet name is ---------- Concept
[INFO ][2016-01-07 15:48:30,276][com.java.TestType] [  440] - The Concept ID  is ---------- 3
[DEBUG][2016-01-07 15:48:30,276][com.java.TestType] [  444] - Steps being executted in the Concept are: 1:2
[INFO ][2016-01-07 15:48:30,276][com.java.TestType] [  451] - Test data details path ---------- D:\BankersDashboard\TestInputs\TestData.xls
[INFO ][2016-01-07 15:48:30,304][com.java.TestType] [  482] -  str(1) = 3
[INFO ][2016-01-07 15:48:30,304][com.java.TestType] [  485] - Test case Id is---3
[INFO ][2016-01-07 15:48:30,304][com.java.TestType] [  487] - 3
[INFO ][2016-01-07 15:48:30,304][com.java.TestType] [  482] -  str(2) = 1
[INFO ][2016-01-07 15:48:30,305][com.java.TestType] [  482] -  str(1) = 3
[INFO ][2016-01-07 15:48:30,305][com.java.TestType] [  485] - Test case Id is---3
[INFO ][2016-01-07 15:48:30,306][com.java.TestType] [  487] - 3
[INFO ][2016-01-07 15:48:30,306][com.java.TestType] [  482] -  str(2) = 2
[INFO ][2016-01-07 15:48:30,306][com.java.TestType] [10822] - Looping 1TCID = 3
[DEBUG][2016-01-07 15:48:30,306][com.java.TestType] [10863] - Concept ID:3 :: Step being Executed: 3::1
[INFO ][2016-01-07 15:48:30,306][com.java.TestType] [10901] - dataFields : test
[DEBUG][2016-01-07 15:48:30,306][com.java.TestType] [10907] - <In Set values of the page>
[DEBUG][2016-01-07 15:48:30,307][com.java.TestType] [10912] - {Data Fields & Data Values Exist}
[INFO ][2016-01-07 15:48:30,307][com.java.TestType] [10918] - --------------------------setting values-----------------------------
[INFO ][2016-01-07 15:48:30,307][com.java.TestType] [10921] - Action Type : Logout
[INFO ][2016-01-07 15:48:32,519][com.java.TestType] [ 6274] - Field ::CNF
[INFO ][2016-01-07 15:48:32,519][com.java.TestType] [ 5895] - value = OK
[INFO ][2016-01-07 15:48:34,834][com.java.TestType] [ 6407] - Click the object confirmation
[INFO ][2016-01-07 15:48:34,834][com.java.TestType] [ 6408] - Unable to click the object confirmation
[DEBUG][2016-01-07 15:48:36,199][com.java.SeleniumDriver] [  426] - Hub ip address is-------172.17.68.34
[INFO ][2016-01-07 15:48:36,199][com.java.SeleniumDriver] [  452] - Grid URL:http://172.17.68.34:4444/wd/hub
[INFO ][2016-01-07 15:48:36,199][com.java.SeleniumDriver] [  453] - Capability:Capabilities [{platform=ANY, ensureCleanSession=true, ignoreProtectedModeSettings=true, acceptSslCerts=true, ignoreZoomSetting=true, browserName=internet explorer, browserstack.ie.noFlash=true, version=null}]
[ERROR][2016-01-07 15:48:37,208][com.java.SeleniumDriver] [  498] - Unable invoke browser in grid:Could not start a new session. Possible causes are invalid address of the remote server or browser start-up failure.
Build info: version: '2.48.2', revision: '41bccdd', time: '2015-10-09 19:59:12'
System info: host: 'FVTIII438F1D', ip: '172.17.68.34', os.name: 'Windows 7', os.arch: 'x86', os.version: '6.1', java.version: '1.7.0_55'
Driver info: driver.version: SeleniumDriver
[INFO ][2016-01-07 15:48:37,208][com.java.SeleniumDriver] [  500] - Executing on local machine
[INFO ][2016-01-07 15:48:48,263][com.java.TestType] [10940] -  RESULT true
[INFO ][2016-01-07 15:48:48,263][com.java.TestType] [11057] - ?   P A S S   ?
[DEBUG][2016-01-07 15:48:48,263][com.java.TestType] [10863] - Concept ID:3 :: Step being Executed: 3::2
[INFO ][2016-01-07 15:48:48,263][com.java.TestType] [10901] - dataFields : test
[DEBUG][2016-01-07 15:48:48,263][com.java.TestType] [10907] - <In Set values of the page>
[DEBUG][2016-01-07 15:48:48,263][com.java.TestType] [10912] - {Data Fields & Data Values Exist}
[INFO ][2016-01-07 15:48:48,263][com.java.TestType] [10918] - --------------------------setting values-----------------------------
[INFO ][2016-01-07 15:48:48,263][com.java.TestType] [10921] - Action Type : WaitTime
[DEBUG][2016-01-07 15:48:48,264][com.java.TestType] [ 5715] - sleepTime: 2000
[INFO ][2016-01-07 15:48:50,264][com.java.TestType] [10940] -  RESULT true
[INFO ][2016-01-07 15:48:50,264][com.java.TestType] [11057] - ?   P A S S   ?
[INFO ][2016-01-07 15:48:50,264][com.java.TestType] [11128] - Looping End......
[INFO ][2016-01-07 15:48:50,267][com.java.SeleniumDriver] [  906] -  RESULT true
[INFO ][2016-01-07 15:48:50,267][com.java.SeleniumDriver] [ 1112] - ?   P A S S   ?
[INFO ][2016-01-07 15:48:50,267][com.java.SeleniumDriver] [  832] - ------------------------------------------
[INFO ][2016-01-07 15:48:50,267][com.java.SeleniumDriver] [  833] - Test case being Executed: 2
[INFO ][2016-01-07 15:48:50,267][com.java.SeleniumDriver] [  845] - Test step:62
[INFO ][2016-01-07 15:48:50,268][com.java.SeleniumDriver] [  857] - Datavalue is----------dt:HTTPSURL
[INFO ][2016-01-07 15:48:50,268][com.java.SeleniumDriver] [  881] - DataField : test
[INFO ][2016-01-07 15:48:50,268][com.java.SeleniumDriver] [  883] - DataValue : dt:HTTPSURL
[INFO ][2016-01-07 15:48:50,268][com.java.SeleniumDriver] [  889] - <In Set values of the page>
[INFO ][2016-01-07 15:48:50,268][com.java.SeleniumDriver] [  892] - {Data Fields & Data Values Exist}
[INFO ][2016-01-07 15:48:50,268][com.java.SeleniumDriver] [  894] - --------------------------setting values-----------------------------
[INFO ][2016-01-07 15:48:50,268][com.java.SeleniumDriver] [  897] - Action Type : OpenURL
[INFO ][2016-01-07 15:48:50,268][com.java.TestType] [ 5895] - value = https://clients-xuat.bankersdashboard.com
[INFO ][2016-01-07 15:48:50,268][com.java.TestType] [  353] - Open URL : https://clients-xuat.bankersdashboard.com
[INFO ][2016-01-07 15:48:51,115][com.java.SeleniumDriver] [  906] -  RESULT true
[INFO ][2016-01-07 15:48:51,115][com.java.SeleniumDriver] [ 1112] - ?   P A S S   ?
[INFO ][2016-01-07 15:48:51,115][com.java.SeleniumDriver] [  832] - ------------------------------------------
[INFO ][2016-01-07 15:48:51,115][com.java.SeleniumDriver] [  833] - Test case being Executed: 2
[INFO ][2016-01-07 15:48:51,115][com.java.SeleniumDriver] [  845] - Test step:63
[INFO ][2016-01-07 15:48:51,115][com.java.SeleniumDriver] [  857] - Datavalue is----------15
[INFO ][2016-01-07 15:48:51,115][com.java.SeleniumDriver] [  881] - DataField : TXTusername
[INFO ][2016-01-07 15:48:51,116][com.java.SeleniumDriver] [  883] - DataValue : 15
[INFO ][2016-01-07 15:48:51,116][com.java.SeleniumDriver] [  889] - <In Set values of the page>
[INFO ][2016-01-07 15:48:51,116][com.java.SeleniumDriver] [  892] - {Data Fields & Data Values Exist}
[INFO ][2016-01-07 15:48:51,116][com.java.SeleniumDriver] [  894] - --------------------------setting values-----------------------------
[INFO ][2016-01-07 15:48:51,116][com.java.SeleniumDriver] [  897] - Action Type : WAITFORELEMENT
[INFO ][2016-01-07 15:48:53,284][com.java.SeleniumDriver] [  906] -  RESULT true
[INFO ][2016-01-07 15:48:53,284][com.java.SeleniumDriver] [ 1112] - ?   P A S S   ?
[INFO ][2016-01-07 15:48:53,284][com.java.SeleniumDriver] [  832] - ------------------------------------------
[INFO ][2016-01-07 15:48:53,284][com.java.SeleniumDriver] [  833] - Test case being Executed: 2
[INFO ][2016-01-07 15:48:53,284][com.java.SeleniumDriver] [  845] - Test step:64
[INFO ][2016-01-07 15:48:53,285][com.java.SeleniumDriver] [  857] - Datavalue is----------HMVLogin_username
[INFO ][2016-01-07 15:48:53,285][com.java.SeleniumDriver] [  881] - DataField : TXTusername
[INFO ][2016-01-07 15:48:53,285][com.java.SeleniumDriver] [  883] - DataValue : HMVLogin_username
[INFO ][2016-01-07 15:48:53,285][com.java.SeleniumDriver] [  889] - <In Set values of the page>
[INFO ][2016-01-07 15:48:53,285][com.java.SeleniumDriver] [  892] - {Data Fields & Data Values Exist}
[INFO ][2016-01-07 15:48:53,285][com.java.SeleniumDriver] [  894] - --------------------------setting values-----------------------------
[INFO ][2016-01-07 15:48:53,285][com.java.SeleniumDriver] [  897] - Action Type : CLEARANDENTER
[INFO ][2016-01-07 15:48:53,285][com.java.TestType] [ 5895] - value = vltest.robot82201.15310
[INFO ][2016-01-07 15:48:58,008][com.java.SeleniumDriver] [  906] -  RESULT true
[INFO ][2016-01-07 15:48:58,008][com.java.SeleniumDriver] [ 1112] - ?   P A S S   ?
[INFO ][2016-01-07 15:48:58,008][com.java.SeleniumDriver] [  832] - ------------------------------------------
[INFO ][2016-01-07 15:48:58,008][com.java.SeleniumDriver] [  833] - Test case being Executed: 2
[INFO ][2016-01-07 15:48:58,008][com.java.SeleniumDriver] [  845] - Test step:65
[INFO ][2016-01-07 15:48:58,008][com.java.SeleniumDriver] [  857] - Datavalue is----------dt:ResetNewPswd
[INFO ][2016-01-07 15:48:58,008][com.java.SeleniumDriver] [  881] - DataField : TXTpassword
[INFO ][2016-01-07 15:48:58,008][com.java.SeleniumDriver] [  883] - DataValue : dt:ResetNewPswd
[INFO ][2016-01-07 15:48:58,008][com.java.SeleniumDriver] [  889] - <In Set values of the page>
[INFO ][2016-01-07 15:48:58,008][com.java.SeleniumDriver] [  892] - {Data Fields & Data Values Exist}
[INFO ][2016-01-07 15:48:58,008][com.java.SeleniumDriver] [  894] - --------------------------setting values-----------------------------
[INFO ][2016-01-07 15:48:58,008][com.java.SeleniumDriver] [  897] - Action Type : CLEARANDENTER
[INFO ][2016-01-07 15:48:58,009][com.java.TestType] [ 5895] - value = Password#1
[INFO ][2016-01-07 15:49:02,853][com.java.SeleniumDriver] [  906] -  RESULT true
[INFO ][2016-01-07 15:49:02,853][com.java.SeleniumDriver] [ 1112] - ?   P A S S   ?
[INFO ][2016-01-07 15:49:02,853][com.java.SeleniumDriver] [  832] - ------------------------------------------
[INFO ][2016-01-07 15:49:02,853][com.java.SeleniumDriver] [  833] - Test case being Executed: 2
[INFO ][2016-01-07 15:49:02,853][com.java.SeleniumDriver] [  845] - Test step:66
[INFO ][2016-01-07 15:49:02,853][com.java.SeleniumDriver] [  857] - Datavalue is----------null
[DEBUG][2016-01-07 15:49:02,853][com.java.SeleniumDriver] [  875] - Exception: null
[INFO ][2016-01-07 15:49:02,853][com.java.SeleniumDriver] [  881] - DataField : XPH//button[@type='submit']
[INFO ][2016-01-07 15:49:02,854][com.java.SeleniumDriver] [  883] - DataValue : 
[INFO ][2016-01-07 15:49:02,854][com.java.SeleniumDriver] [  889] - <In Set values of the page>
[INFO ][2016-01-07 15:49:02,854][com.java.SeleniumDriver] [  892] - {Data Fields & Data Values Exist}
[INFO ][2016-01-07 15:49:02,854][com.java.SeleniumDriver] [  894] - --------------------------setting values-----------------------------
[INFO ][2016-01-07 15:49:02,854][com.java.SeleniumDriver] [  897] - Action Type : Click
[INFO ][2016-01-07 15:49:02,855][com.java.TestType] [ 6274] - Field ::XPH//button[@type='submit']
[INFO ][2016-01-07 15:49:02,855][com.java.TestType] [ 5895] - value = 
[INFO ][2016-01-07 15:49:03,856][com.java.TestType] [ 6411] - BEFORE CLICK
[INFO ][2016-01-07 15:49:04,665][com.java.TestType] [ 6419] - Unable to click the object Login
[INFO ][2016-01-07 15:49:04,665][com.java.SeleniumDriver] [  906] -  RESULT true
[INFO ][2016-01-07 15:49:04,665][com.java.SeleniumDriver] [ 1112] - ?   P A S S   ?
[INFO ][2016-01-07 15:49:04,665][com.java.SeleniumDriver] [  832] - ------------------------------------------
[INFO ][2016-01-07 15:49:04,665][com.java.SeleniumDriver] [  833] - Test case being Executed: 2
[INFO ][2016-01-07 15:49:04,665][com.java.SeleniumDriver] [  845] - Test step:67
[INFO ][2016-01-07 15:49:04,665][com.java.SeleniumDriver] [  857] - Datavalue is----------20
[INFO ][2016-01-07 15:49:04,665][com.java.SeleniumDriver] [  881] - DataField : test
[INFO ][2016-01-07 15:49:04,665][com.java.SeleniumDriver] [  883] - DataValue : 20
[INFO ][2016-01-07 15:49:04,665][com.java.SeleniumDriver] [  889] - <In Set values of the page>
[INFO ][2016-01-07 15:49:04,665][com.java.SeleniumDriver] [  892] - {Data Fields & Data Values Exist}
[INFO ][2016-01-07 15:49:04,665][com.java.SeleniumDriver] [  894] - --------------------------setting values-----------------------------
[INFO ][2016-01-07 15:49:04,665][com.java.SeleniumDriver] [  897] - Action Type : WaitTime
[DEBUG][2016-01-07 15:49:04,666][com.java.TestType] [ 5715] - sleepTime: 20000
[INFO ][2016-01-07 15:49:24,666][com.java.SeleniumDriver] [  906] -  RESULT true
[INFO ][2016-01-07 15:49:24,666][com.java.SeleniumDriver] [ 1112] - ?   P A S S   ?
[INFO ][2016-01-07 15:49:24,666][com.java.SeleniumDriver] [  832] - ------------------------------------------
[INFO ][2016-01-07 15:49:24,666][com.java.SeleniumDriver] [  833] - Test case being Executed: 2
[INFO ][2016-01-07 15:49:24,666][com.java.SeleniumDriver] [  845] - Test step:68
[INFO ][2016-01-07 15:49:24,666][com.java.SeleniumDriver] [  857] - Datavalue is----------Banker'sDashboard
[INFO ][2016-01-07 15:49:24,666][com.java.SeleniumDriver] [  881] - DataField : TTL
[INFO ][2016-01-07 15:49:24,666][com.java.SeleniumDriver] [  883] - DataValue : Banker'sDashboard
[INFO ][2016-01-07 15:49:24,666][com.java.SeleniumDriver] [  889] - <In Set values of the page>
[INFO ][2016-01-07 15:49:24,666][com.java.SeleniumDriver] [  892] - {Data Fields & Data Values Exist}
[INFO ][2016-01-07 15:49:24,666][com.java.SeleniumDriver] [  894] - --------------------------setting values-----------------------------
[INFO ][2016-01-07 15:49:24,666][com.java.SeleniumDriver] [  897] - Action Type : SelectWindow
[DEBUG][2016-01-07 15:50:13,552][com.java.TestType] [ 7110] - Window with title   ::+Banker'sDashboard:: not Found
[INFO ][2016-01-07 15:50:13,552][com.java.SeleniumDriver] [  906] -  RESULT false
[INFO ][2016-01-07 15:50:13,552][com.java.SeleniumDriver] [  953] - ?   F A I L   ?
[INFO ][2016-01-07 15:50:13,553][com.java.SeleniumDriver] [  961] - Browser Type : IE10
[INFO ][2016-01-07 15:50:13,553][com.java.SeleniumDriver] [  962] - Adding Failed case2
[WARN ][2016-01-07 15:50:13,572][com.java.SeleniumDriver] [ 1022] - Source 'D:\BankersDashboard\TestReports\010716' exists but is a directory
[INFO ][2016-01-07 15:50:13,572][com.java.SeleniumDriver] [ 1076] - failedCases = 2
[ERROR][2016-01-07 15:50:13,572][com.java.SeleniumDriver] [ 1575] - Platform Errors : Our apologies...::We have encountered an issue with your request.::Our apologies?:We encountered an issue with your request.
[INFO ][2016-01-07 15:50:13,572][com.java.SeleniumDriver] [ 1579] - Length =3
[ERROR][2016-01-07 15:50:13,572][com.java.SeleniumDriver] [ 1582] - Error 0 = Our apologies...
[ERROR][2016-01-07 15:50:13,591][com.java.SeleniumDriver] [ 1596] - Unable to get browser (WARNING: The server did not provide any stacktrace information)
Command duration or timeout: 18 milliseconds
Build info: version: '2.48.2', revision: '41bccdd', time: '2015-10-09 19:59:12'
System info: host: 'FVTIII438F1D', ip: '172.17.68.34', os.name: 'Windows 7', os.arch: 'x86', os.version: '6.1', java.version: '1.7.0_55'
Session ID: 449b8f1c-e3d2-406a-8c6b-4922d891be38
Driver info: org.openqa.selenium.ie.InternetExplorerDriver
Capabilities [{platform=WINDOWS, javascriptEnabled=true, elementScrollBehavior=0, ignoreZoomSetting=false, enablePersistentHover=true, ie.ensureCleanSession=false, browserName=internet explorer, enableElementCacheCleanup=true, unexpectedAlertBehaviour=dismiss, version=10, ie.usePerProcessProxy=false, ignoreProtectedModeSettings=true, cssSelectorsEnabled=true, requireWindowFocus=false, initialBrowserUrl=http://localhost:47442/, handlesAlerts=true, ie.forceCreateProcessApi=false, nativeEvents=true, browserAttachTimeout=0, ie.browserCommandLineSwitches=, takesScreenshot=true}]
[INFO ][2016-01-07 15:50:13,593][com.java.SeleniumDriver] [ 1598] - FindPlatformErrors exception: Unable to get browser (WARNING: The server did not provide any stacktrace information)
Command duration or timeout: 18 milliseconds
Build info: version: '2.48.2', revision: '41bccdd', time: '2015-10-09 19:59:12'
System info: host: 'FVTIII438F1D', ip: '172.17.68.34', os.name: 'Windows 7', os.arch: 'x86', os.version: '6.1', java.version: '1.7.0_55'
Session ID: 449b8f1c-e3d2-406a-8c6b-4922d891be38
Driver info: org.openqa.selenium.ie.InternetExplorerDriver
Capabilities [{platform=WINDOWS, javascriptEnabled=true, elementScrollBehavior=0, ignoreZoomSetting=false, enablePersistentHover=true, ie.ensureCleanSession=false, browserName=internet explorer, enableElementCacheCleanup=true, unexpectedAlertBehaviour=dismiss, version=10, ie.usePerProcessProxy=false, ignoreProtectedModeSettings=true, cssSelectorsEnabled=true, requireWindowFocus=false, initialBrowserUrl=http://localhost:47442/, handlesAlerts=true, ie.forceCreateProcessApi=false, nativeEvents=true, browserAttachTimeout=0, ie.browserCommandLineSwitches=, takesScreenshot=true}]
[DEBUG][2016-01-07 15:50:13,593][com.java.SeleniumDriver] [ 1600] - Unable to get the Platform Error list from Hash Map.
[ERROR][2016-01-07 15:50:13,608][com.java.SeleniumDriver] [ 1194] - Unable to get browser (WARNING: The server did not provide any stacktrace information)
Command duration or timeout: 15 milliseconds
Build info: version: '2.48.2', revision: '41bccdd', time: '2015-10-09 19:59:12'
System info: host: 'FVTIII438F1D', ip: '172.17.68.34', os.name: 'Windows 7', os.arch: 'x86', os.version: '6.1', java.version: '1.7.0_55'
Session ID: 449b8f1c-e3d2-406a-8c6b-4922d891be38
Driver info: org.openqa.selenium.ie.InternetExplorerDriver
Capabilities [{platform=WINDOWS, javascriptEnabled=true, elementScrollBehavior=0, ignoreZoomSetting=false, enablePersistentHover=true, ie.ensureCleanSession=false, browserName=internet explorer, enableElementCacheCleanup=true, unexpectedAlertBehaviour=dismiss, version=10, ie.usePerProcessProxy=false, ignoreProtectedModeSettings=true, cssSelectorsEnabled=true, requireWindowFocus=false, initialBrowserUrl=http://localhost:47442/, handlesAlerts=true, ie.forceCreateProcessApi=false, nativeEvents=true, browserAttachTimeout=0, ie.browserCommandLineSwitches=, takesScreenshot=true}]
[INFO ][2016-01-07 15:50:13,609][com.java.SeleniumDriver] [  832] - ------------------------------------------
[INFO ][2016-01-07 15:50:13,609][com.java.SeleniumDriver] [  833] - Test case being Executed: 2
[INFO ][2016-01-07 15:50:13,609][com.java.SeleniumDriver] [  845] - Test step:69
[INFO ][2016-01-07 15:50:13,609][com.java.SeleniumDriver] [  857] - Datavalue is----------10
[INFO ][2016-01-07 15:50:13,609][com.java.SeleniumDriver] [  881] - DataField : XPH//div[contains(text(), 'My Dashboard')]
[INFO ][2016-01-07 15:50:13,609][com.java.SeleniumDriver] [  883] - DataValue : 10
[INFO ][2016-01-07 15:50:13,609][com.java.SeleniumDriver] [  889] - <In Set values of the page>
[INFO ][2016-01-07 15:50:13,609][com.java.SeleniumDriver] [  892] - {Data Fields & Data Values Exist}
[INFO ][2016-01-07 15:50:13,609][com.java.SeleniumDriver] [  894] - --------------------------setting values-----------------------------
[INFO ][2016-01-07 15:50:13,609][com.java.SeleniumDriver] [  897] - Action Type : WAITFORELEMENT
