[INFO ][2015-12-07 19:34:00,267][com.java.SeleniumDriver] [  213] - Execute Failed Casesfalse
[INFO ][2015-12-07 19:34:00,267][com.java.SeleniumDriver] [  214] - Browser: IE10
[INFO ][2015-12-07 19:34:00,267][com.java.SeleniumDriver] [  215] - [1, 6]
[INFO ][2015-12-07 19:34:00,277][com.java.SeleniumDriver] [  216] - Total TestCases:2
[INFO ][2015-12-07 19:34:00,277][com.java.SeleniumDriver] [  217] -  Reading Properties from Property File 
[DEBUG][2015-12-07 19:34:00,277][com.java.SeleniumDriver] [  238] - url : https://clients-xuat.bankersdashboard.com
[INFO ][2015-12-07 19:34:00,277][com.java.ImportnExport.ExportTestResultsExcel] [  116] - Time Stamp Mon Dec 07 07:34:00 IST 2015
[INFO ][2015-12-07 19:34:00,277][com.java.ImportnExport.ExportTestResultsExcel] [  175] - OUT FILE : D:\BankersDashboard/TestReports/Test Results_BankersDashBoard_120715_193400_IE10_Any Bank USA.xls
[INFO ][2015-12-07 19:34:00,298][com.java.ImportnExport.ExportTestResultsExcel] [  180] - Test Result file is created
[DEBUG][2015-12-07 19:34:00,408][com.java.SeleniumDriver] [  426] - Hub ip address is-------172.17.68.34
[INFO ][2015-12-07 19:34:00,408][com.java.SeleniumDriver] [  452] - Grid URL:http://172.17.68.34:4444/wd/hub
[INFO ][2015-12-07 19:34:00,408][com.java.SeleniumDriver] [  453] - Capability:Capabilities [{platform=ANY, ensureCleanSession=true, ignoreProtectedModeSettings=true, acceptSslCerts=true, ignoreZoomSetting=true, browserName=internet explorer, browserstack.ie.noFlash=true, version=null}]
[ERROR][2015-12-07 19:34:01,708][com.java.SeleniumDriver] [  497] - Unable invoke browser in grid:Could not start a new session. Possible causes are invalid address of the remote server or browser start-up failure.
Build info: version: '2.48.2', revision: '41bccdd', time: '2015-10-09 19:59:12'
System info: host: 'FVTIII438F1D', ip: '172.17.68.34', os.name: 'Windows 7', os.arch: 'x86', os.version: '6.1', java.version: '1.7.0_55'
Driver info: driver.version: SeleniumDriver
[INFO ][2015-12-07 19:34:01,708][com.java.SeleniumDriver] [  499] - Executing on local machine
[INFO ][2015-12-07 19:34:11,753][com.java.SeleniumDriver] [  248] - IE10is opened
[INFO ][2015-12-07 19:34:13,083][com.java.SeleniumDriver] [  754] - Test cases to be executed are: [1, 6]
[INFO ][2015-12-07 19:34:13,104][com.java.ImportnExport.ImportTestDataDetailsExcel] [   49] - test data details path===== D:\BankersDashboard\TestInputs\TestData.xls
[INFO ][2015-12-07 19:34:13,174][com.java.SeleniumDriver] [  820] - ------------------------------------------
[INFO ][2015-12-07 19:34:13,174][com.java.SeleniumDriver] [  821] - Test case being Executed: 1
[INFO ][2015-12-07 19:34:13,174][com.java.SeleniumDriver] [  832] - Test step:1
[INFO ][2015-12-07 19:34:13,174][com.java.SeleniumDriver] [  844] - Datavalue is----------Concept#1:1-16
[INFO ][2015-12-07 19:34:13,174][com.java.SeleniumDriver] [  868] - DataField : test
[INFO ][2015-12-07 19:34:13,174][com.java.SeleniumDriver] [  870] - DataValue : Concept#1:1-16
[INFO ][2015-12-07 19:34:13,174][com.java.SeleniumDriver] [  876] - <In Set values of the page>
[INFO ][2015-12-07 19:34:13,174][com.java.SeleniumDriver] [  879] - {Data Fields & Data Values Exist}
[INFO ][2015-12-07 19:34:13,174][com.java.SeleniumDriver] [  881] - --------------------------setting values-----------------------------
[INFO ][2015-12-07 19:34:13,174][com.java.SeleniumDriver] [  884] - Action Type : ExecuteTestCase
[INFO ][2015-12-07 19:34:13,194][com.java.TestType] [  436] - The Concept sheet name is ---------- Concept
[INFO ][2015-12-07 19:34:13,194][com.java.TestType] [  439] - The Concept ID  is ---------- 1
[DEBUG][2015-12-07 19:34:13,194][com.java.TestType] [  443] - Steps being executted in the Concept are: 1:16
[INFO ][2015-12-07 19:34:13,194][com.java.TestType] [  450] - Test data details path ---------- D:\BankersDashboard\TestInputs\TestData.xls
[INFO ][2015-12-07 19:34:13,224][com.java.TestType] [  481] -  str(1) = 1
[INFO ][2015-12-07 19:34:13,224][com.java.TestType] [  484] - Test case Id is---1
[INFO ][2015-12-07 19:34:13,224][com.java.TestType] [  486] - 1
[INFO ][2015-12-07 19:34:13,224][com.java.TestType] [  481] -  str(2) = 1
[INFO ][2015-12-07 19:34:13,234][com.java.TestType] [  533] - row values are--------{1=com.java.Objects.TestDataDetails@3a0946}
[INFO ][2015-12-07 19:34:13,234][com.java.TestType] [  481] -  str(1) = 1
[INFO ][2015-12-07 19:34:13,234][com.java.TestType] [  484] - Test case Id is---1
[INFO ][2015-12-07 19:34:13,234][com.java.TestType] [  486] - 1
[INFO ][2015-12-07 19:34:13,234][com.java.TestType] [  481] -  str(2) = 2
[INFO ][2015-12-07 19:34:13,234][com.java.TestType] [  533] - row values are--------{1=com.java.Objects.TestDataDetails@3a0946, 2=com.java.Objects.TestDataDetails@17021de}
[INFO ][2015-12-07 19:34:13,234][com.java.TestType] [  481] -  str(1) = 1
[INFO ][2015-12-07 19:34:13,234][com.java.TestType] [  484] - Test case Id is---1
[INFO ][2015-12-07 19:34:13,234][com.java.TestType] [  486] - 1
[INFO ][2015-12-07 19:34:13,234][com.java.TestType] [  481] -  str(2) = 3
[INFO ][2015-12-07 19:34:13,234][com.java.TestType] [  533] - row values are--------{1=com.java.Objects.TestDataDetails@3a0946, 2=com.java.Objects.TestDataDetails@17021de, 3=com.java.Objects.TestDataDetails@6637fa}
[INFO ][2015-12-07 19:34:13,234][com.java.TestType] [  481] -  str(1) = 1
[INFO ][2015-12-07 19:34:13,234][com.java.TestType] [  484] - Test case Id is---1
[INFO ][2015-12-07 19:34:13,234][com.java.TestType] [  486] - 1
[INFO ][2015-12-07 19:34:13,234][com.java.TestType] [  481] -  str(2) = 4
[INFO ][2015-12-07 19:34:13,234][com.java.TestType] [  533] - row values are--------{1=com.java.Objects.TestDataDetails@3a0946, 2=com.java.Objects.TestDataDetails@17021de, 3=com.java.Objects.TestDataDetails@6637fa, 4=com.java.Objects.TestDataDetails@357d6c}
[INFO ][2015-12-07 19:34:13,234][com.java.TestType] [  481] -  str(1) = 1
[INFO ][2015-12-07 19:34:13,234][com.java.TestType] [  484] - Test case Id is---1
[INFO ][2015-12-07 19:34:13,234][com.java.TestType] [  486] - 1
[INFO ][2015-12-07 19:34:13,234][com.java.TestType] [  481] -  str(2) = 5
[INFO ][2015-12-07 19:34:13,244][com.java.TestType] [  533] - row values are--------{1=com.java.Objects.TestDataDetails@3a0946, 2=com.java.Objects.TestDataDetails@17021de, 3=com.java.Objects.TestDataDetails@6637fa, 4=com.java.Objects.TestDataDetails@357d6c, 5=com.java.Objects.TestDataDetails@1d23f53}
[INFO ][2015-12-07 19:34:13,244][com.java.TestType] [  481] -  str(1) = 1
[INFO ][2015-12-07 19:34:13,244][com.java.TestType] [  484] - Test case Id is---1
[INFO ][2015-12-07 19:34:13,244][com.java.TestType] [  486] - 1
[INFO ][2015-12-07 19:34:13,244][com.java.TestType] [  481] -  str(2) = 6
[INFO ][2015-12-07 19:34:13,244][com.java.TestType] [  533] - row values are--------{1=com.java.Objects.TestDataDetails@3a0946, 2=com.java.Objects.TestDataDetails@17021de, 3=com.java.Objects.TestDataDetails@6637fa, 4=com.java.Objects.TestDataDetails@357d6c, 5=com.java.Objects.TestDataDetails@1d23f53, 6=com.java.Objects.TestDataDetails@7aa1d2}
[INFO ][2015-12-07 19:34:13,244][com.java.TestType] [  481] -  str(1) = 1
[INFO ][2015-12-07 19:34:13,244][com.java.TestType] [  484] - Test case Id is---1
[INFO ][2015-12-07 19:34:13,244][com.java.TestType] [  486] - 1
[INFO ][2015-12-07 19:34:13,244][com.java.TestType] [  481] -  str(2) = 7
[INFO ][2015-12-07 19:34:13,244][com.java.TestType] [  533] - row values are--------{1=com.java.Objects.TestDataDetails@3a0946, 2=com.java.Objects.TestDataDetails@17021de, 3=com.java.Objects.TestDataDetails@6637fa, 4=com.java.Objects.TestDataDetails@357d6c, 5=com.java.Objects.TestDataDetails@1d23f53, 6=com.java.Objects.TestDataDetails@7aa1d2, 7=com.java.Objects.TestDataDetails@1643e65}
[INFO ][2015-12-07 19:34:13,244][com.java.TestType] [  481] -  str(1) = 1
[INFO ][2015-12-07 19:34:13,244][com.java.TestType] [  484] - Test case Id is---1
[INFO ][2015-12-07 19:34:13,244][com.java.TestType] [  486] - 1
[INFO ][2015-12-07 19:34:13,244][com.java.TestType] [  481] -  str(2) = 8
[INFO ][2015-12-07 19:34:13,244][com.java.TestType] [  533] - row values are--------{1=com.java.Objects.TestDataDetails@3a0946, 2=com.java.Objects.TestDataDetails@17021de, 3=com.java.Objects.TestDataDetails@6637fa, 4=com.java.Objects.TestDataDetails@357d6c, 5=com.java.Objects.TestDataDetails@1d23f53, 6=com.java.Objects.TestDataDetails@7aa1d2, 7=com.java.Objects.TestDataDetails@1643e65, 8=com.java.Objects.TestDataDetails@163780b}
[INFO ][2015-12-07 19:34:13,244][com.java.TestType] [  481] -  str(1) = 1
[INFO ][2015-12-07 19:34:13,244][com.java.TestType] [  484] - Test case Id is---1
[INFO ][2015-12-07 19:34:13,244][com.java.TestType] [  486] - 1
[INFO ][2015-12-07 19:34:13,244][com.java.TestType] [  481] -  str(2) = 9
[INFO ][2015-12-07 19:34:13,244][com.java.TestType] [  533] - row values are--------{1=com.java.Objects.TestDataDetails@3a0946, 2=com.java.Objects.TestDataDetails@17021de, 3=com.java.Objects.TestDataDetails@6637fa, 4=com.java.Objects.TestDataDetails@357d6c, 5=com.java.Objects.TestDataDetails@1d23f53, 6=com.java.Objects.TestDataDetails@7aa1d2, 7=com.java.Objects.TestDataDetails@1643e65, 8=com.java.Objects.TestDataDetails@163780b, 9=com.java.Objects.TestDataDetails@42d6f4}
[INFO ][2015-12-07 19:34:13,244][com.java.TestType] [  481] -  str(1) = 1
[INFO ][2015-12-07 19:34:13,244][com.java.TestType] [  484] - Test case Id is---1
[INFO ][2015-12-07 19:34:13,244][com.java.TestType] [  486] - 1
[INFO ][2015-12-07 19:34:13,244][com.java.TestType] [  481] -  str(2) = 10
[INFO ][2015-12-07 19:34:13,244][com.java.TestType] [  533] - row values are--------{1=com.java.Objects.TestDataDetails@3a0946, 2=com.java.Objects.TestDataDetails@17021de, 3=com.java.Objects.TestDataDetails@6637fa, 4=com.java.Objects.TestDataDetails@357d6c, 5=com.java.Objects.TestDataDetails@1d23f53, 6=com.java.Objects.TestDataDetails@7aa1d2, 7=com.java.Objects.TestDataDetails@1643e65, 8=com.java.Objects.TestDataDetails@163780b, 9=com.java.Objects.TestDataDetails@42d6f4, 10=com.java.Objects.TestDataDetails@19bf480}
[INFO ][2015-12-07 19:34:13,244][com.java.TestType] [  481] -  str(1) = 1
[INFO ][2015-12-07 19:34:13,244][com.java.TestType] [  484] - Test case Id is---1
[INFO ][2015-12-07 19:34:13,244][com.java.TestType] [  486] - 1
[INFO ][2015-12-07 19:34:13,244][com.java.TestType] [  481] -  str(2) = 11
[INFO ][2015-12-07 19:34:13,244][com.java.TestType] [  533] - row values are--------{1=com.java.Objects.TestDataDetails@3a0946, 2=com.java.Objects.TestDataDetails@17021de, 3=com.java.Objects.TestDataDetails@6637fa, 4=com.java.Objects.TestDataDetails@357d6c, 5=com.java.Objects.TestDataDetails@1d23f53, 6=com.java.Objects.TestDataDetails@7aa1d2, 7=com.java.Objects.TestDataDetails@1643e65, 8=com.java.Objects.TestDataDetails@163780b, 9=com.java.Objects.TestDataDetails@42d6f4, 10=com.java.Objects.TestDataDetails@19bf480, 11=com.java.Objects.TestDataDetails@1741064}
[INFO ][2015-12-07 19:34:13,244][com.java.TestType] [  481] -  str(1) = 1
[INFO ][2015-12-07 19:34:13,244][com.java.TestType] [  484] - Test case Id is---1
[INFO ][2015-12-07 19:34:13,244][com.java.TestType] [  486] - 1
[INFO ][2015-12-07 19:34:13,244][com.java.TestType] [  481] -  str(2) = 12
[INFO ][2015-12-07 19:34:13,254][com.java.TestType] [  533] - row values are--------{1=com.java.Objects.TestDataDetails@3a0946, 2=com.java.Objects.TestDataDetails@17021de, 3=com.java.Objects.TestDataDetails@6637fa, 4=com.java.Objects.TestDataDetails@357d6c, 5=com.java.Objects.TestDataDetails@1d23f53, 6=com.java.Objects.TestDataDetails@7aa1d2, 7=com.java.Objects.TestDataDetails@1643e65, 8=com.java.Objects.TestDataDetails@163780b, 9=com.java.Objects.TestDataDetails@42d6f4, 10=com.java.Objects.TestDataDetails@19bf480, 11=com.java.Objects.TestDataDetails@1741064, 12=com.java.Objects.TestDataDetails@121bf53}
[INFO ][2015-12-07 19:34:13,254][com.java.TestType] [  481] -  str(1) = 1
[INFO ][2015-12-07 19:34:13,254][com.java.TestType] [  484] - Test case Id is---1
[INFO ][2015-12-07 19:34:13,254][com.java.TestType] [  486] - 1
[INFO ][2015-12-07 19:34:13,254][com.java.TestType] [  481] -  str(2) = 13
[INFO ][2015-12-07 19:34:13,254][com.java.TestType] [  533] - row values are--------{1=com.java.Objects.TestDataDetails@3a0946, 2=com.java.Objects.TestDataDetails@17021de, 3=com.java.Objects.TestDataDetails@6637fa, 4=com.java.Objects.TestDataDetails@357d6c, 5=com.java.Objects.TestDataDetails@1d23f53, 6=com.java.Objects.TestDataDetails@7aa1d2, 7=com.java.Objects.TestDataDetails@1643e65, 8=com.java.Objects.TestDataDetails@163780b, 9=com.java.Objects.TestDataDetails@42d6f4, 10=com.java.Objects.TestDataDetails@19bf480, 11=com.java.Objects.TestDataDetails@1741064, 12=com.java.Objects.TestDataDetails@121bf53, 13=com.java.Objects.TestDataDetails@1dcaa65}
[INFO ][2015-12-07 19:34:13,254][com.java.TestType] [  481] -  str(1) = 1
[INFO ][2015-12-07 19:34:13,254][com.java.TestType] [  484] - Test case Id is---1
[INFO ][2015-12-07 19:34:13,254][com.java.TestType] [  486] - 1
[INFO ][2015-12-07 19:34:13,254][com.java.TestType] [  481] -  str(2) = 14
[INFO ][2015-12-07 19:34:13,254][com.java.TestType] [  533] - row values are--------{1=com.java.Objects.TestDataDetails@3a0946, 2=com.java.Objects.TestDataDetails@17021de, 3=com.java.Objects.TestDataDetails@6637fa, 4=com.java.Objects.TestDataDetails@357d6c, 5=com.java.Objects.TestDataDetails@1d23f53, 6=com.java.Objects.TestDataDetails@7aa1d2, 7=com.java.Objects.TestDataDetails@1643e65, 8=com.java.Objects.TestDataDetails@163780b, 9=com.java.Objects.TestDataDetails@42d6f4, 10=com.java.Objects.TestDataDetails@19bf480, 11=com.java.Objects.TestDataDetails@1741064, 12=com.java.Objects.TestDataDetails@121bf53, 13=com.java.Objects.TestDataDetails@1dcaa65, 14=com.java.Objects.TestDataDetails@39e3dd}
[INFO ][2015-12-07 19:34:13,254][com.java.TestType] [  481] -  str(1) = 1
[INFO ][2015-12-07 19:34:13,254][com.java.TestType] [  484] - Test case Id is---1
[INFO ][2015-12-07 19:34:13,254][com.java.TestType] [  486] - 1
[INFO ][2015-12-07 19:34:13,254][com.java.TestType] [  481] -  str(2) = 15
[INFO ][2015-12-07 19:34:13,254][com.java.TestType] [  533] - row values are--------{1=com.java.Objects.TestDataDetails@3a0946, 2=com.java.Objects.TestDataDetails@17021de, 3=com.java.Objects.TestDataDetails@6637fa, 4=com.java.Objects.TestDataDetails@357d6c, 5=com.java.Objects.TestDataDetails@1d23f53, 6=com.java.Objects.TestDataDetails@7aa1d2, 7=com.java.Objects.TestDataDetails@1643e65, 8=com.java.Objects.TestDataDetails@163780b, 9=com.java.Objects.TestDataDetails@42d6f4, 10=com.java.Objects.TestDataDetails@19bf480, 11=com.java.Objects.TestDataDetails@1741064, 12=com.java.Objects.TestDataDetails@121bf53, 13=com.java.Objects.TestDataDetails@1dcaa65, 14=com.java.Objects.TestDataDetails@39e3dd, 15=com.java.Objects.TestDataDetails@af6cb1}
[INFO ][2015-12-07 19:34:13,254][com.java.TestType] [  481] -  str(1) = 1
[INFO ][2015-12-07 19:34:13,254][com.java.TestType] [  484] - Test case Id is---1
[INFO ][2015-12-07 19:34:13,254][com.java.TestType] [  486] - 1
[INFO ][2015-12-07 19:34:13,254][com.java.TestType] [  481] -  str(2) = 16
[INFO ][2015-12-07 19:34:13,254][com.java.TestType] [  533] - row values are--------{1=com.java.Objects.TestDataDetails@3a0946, 2=com.java.Objects.TestDataDetails@17021de, 3=com.java.Objects.TestDataDetails@6637fa, 4=com.java.Objects.TestDataDetails@357d6c, 5=com.java.Objects.TestDataDetails@1d23f53, 6=com.java.Objects.TestDataDetails@7aa1d2, 7=com.java.Objects.TestDataDetails@1643e65, 8=com.java.Objects.TestDataDetails@163780b, 9=com.java.Objects.TestDataDetails@42d6f4, 10=com.java.Objects.TestDataDetails@19bf480, 11=com.java.Objects.TestDataDetails@1741064, 12=com.java.Objects.TestDataDetails@121bf53, 13=com.java.Objects.TestDataDetails@1dcaa65, 14=com.java.Objects.TestDataDetails@39e3dd, 15=com.java.Objects.TestDataDetails@af6cb1, 16=com.java.Objects.TestDataDetails@fc3ac5}
[INFO ][2015-12-07 19:34:13,254][com.java.TestType] [ 9944] - Looping 1TCID = 1
[DEBUG][2015-12-07 19:34:13,254][com.java.TestType] [ 9985] - Concept ID:1 :: Step being Executed: 1::1
[INFO ][2015-12-07 19:34:13,254][com.java.TestType] [10023] - dataFields : TXTusername
[DEBUG][2015-12-07 19:34:13,254][com.java.TestType] [10029] - <In Set values of the page>
[DEBUG][2015-12-07 19:34:13,254][com.java.TestType] [10034] - {Data Fields & Data Values Exist}
[INFO ][2015-12-07 19:34:13,254][com.java.TestType] [10040] - --------------------------setting values-----------------------------
[INFO ][2015-12-07 19:34:13,254][com.java.TestType] [10043] - Action Type : CLEARANDENTER
[INFO ][2015-12-07 19:34:13,254][com.java.TestType] [ 5430] - value = naresh.nayini.00000
[INFO ][2015-12-07 19:34:18,036][com.java.TestType] [10062] -  RESULT true
[INFO ][2015-12-07 19:34:18,036][com.java.TestType] [10179] - ?   P A S S   ?
[DEBUG][2015-12-07 19:34:18,036][com.java.TestType] [ 9985] - Concept ID:1 :: Step being Executed: 1::2
[INFO ][2015-12-07 19:34:18,036][com.java.TestType] [10023] - dataFields : TXTpassword
[DEBUG][2015-12-07 19:34:18,036][com.java.TestType] [10029] - <In Set values of the page>
[DEBUG][2015-12-07 19:34:18,036][com.java.TestType] [10034] - {Data Fields & Data Values Exist}
[INFO ][2015-12-07 19:34:18,036][com.java.TestType] [10040] - --------------------------setting values-----------------------------
[INFO ][2015-12-07 19:34:18,036][com.java.TestType] [10043] - Action Type : CLEARANDENTER
[INFO ][2015-12-07 19:34:18,036][com.java.TestType] [ 5430] - value = Password1*
[INFO ][2015-12-07 19:34:22,976][com.java.TestType] [10062] -  RESULT true
[INFO ][2015-12-07 19:34:22,976][com.java.TestType] [10179] - ?   P A S S   ?
[DEBUG][2015-12-07 19:34:22,976][com.java.TestType] [ 9985] - Concept ID:1 :: Step being Executed: 1::3
[ERROR][2015-12-07 19:34:22,976][com.java.TestType] [10018] - Exception: null
[INFO ][2015-12-07 19:34:22,976][com.java.TestType] [10023] - dataFields : XPH//button[@type='submit']
[DEBUG][2015-12-07 19:34:22,976][com.java.TestType] [10029] - <In Set values of the page>
[DEBUG][2015-12-07 19:34:22,976][com.java.TestType] [10034] - {Data Fields & Data Values Exist}
[INFO ][2015-12-07 19:34:22,976][com.java.TestType] [10040] - --------------------------setting values-----------------------------
[INFO ][2015-12-07 19:34:22,976][com.java.TestType] [10043] - Action Type : Click
[INFO ][2015-12-07 19:34:22,976][com.java.TestType] [ 5758] - Field ::XPH//button[@type='submit']
[INFO ][2015-12-07 19:34:23,976][com.java.TestType] [ 5852] - BEFORE CLICK
[INFO ][2015-12-07 19:34:24,821][com.java.TestType] [ 5860] - Unable to click the object Login
[INFO ][2015-12-07 19:34:24,821][com.java.TestType] [10062] -  RESULT true
[INFO ][2015-12-07 19:34:24,821][com.java.TestType] [10179] - ?   P A S S   ?
[DEBUG][2015-12-07 19:34:24,821][com.java.TestType] [ 9985] - Concept ID:1 :: Step being Executed: 1::4
[INFO ][2015-12-07 19:34:24,821][com.java.TestType] [10023] - dataFields : LNKLogout
[DEBUG][2015-12-07 19:34:24,821][com.java.TestType] [10029] - <In Set values of the page>
[DEBUG][2015-12-07 19:34:24,821][com.java.TestType] [10034] - {Data Fields & Data Values Exist}
[INFO ][2015-12-07 19:34:24,821][com.java.TestType] [10040] - --------------------------setting values-----------------------------
[INFO ][2015-12-07 19:34:24,821][com.java.TestType] [10043] - Action Type : WaitForElement
[DEBUG][2015-12-07 19:34:42,909][com.java.TestType] [ 6370] - link=Logout   :: Link not Found
[INFO ][2015-12-07 19:34:42,909][com.java.TestType] [10062] -  RESULT false
[INFO ][2015-12-07 19:34:42,909][com.java.TestType] [10100] - ?   F A I L   ?
[DEBUG][2015-12-07 19:34:42,909][com.java.TestType] [10103] - Browser Type : IE10
[DEBUG][2015-12-07 19:34:42,909][com.java.TestType] [ 9985] - Concept ID:1 :: Step being Executed: 1::5
[INFO ][2015-12-07 19:34:42,909][com.java.TestType] [10023] - dataFields : TTL
[DEBUG][2015-12-07 19:34:42,909][com.java.TestType] [10029] - <In Set values of the page>
[DEBUG][2015-12-07 19:34:42,909][com.java.TestType] [10034] - {Data Fields & Data Values Exist}
[INFO ][2015-12-07 19:34:42,909][com.java.TestType] [10040] - --------------------------setting values-----------------------------
[INFO ][2015-12-07 19:34:42,909][com.java.TestType] [10043] - Action Type : CLOSEWINDOW
[INFO ][2015-12-07 19:34:45,342][com.java.TestType] [10062] -  RESULT false
[INFO ][2015-12-07 19:34:45,342][com.java.TestType] [10100] - ?   F A I L   ?
[DEBUG][2015-12-07 19:34:45,342][com.java.TestType] [10103] - Browser Type : IE10
[INFO ][2015-12-07 19:34:45,342][com.java.SeleniumDriver] [  893] -  RESULT false
[INFO ][2015-12-07 19:34:45,342][com.java.SeleniumDriver] [  940] - ?   F A I L   ?
[INFO ][2015-12-07 19:34:45,342][com.java.SeleniumDriver] [  948] - Browser Type : IE10
[INFO ][2015-12-07 19:34:45,342][com.java.SeleniumDriver] [  949] - Adding Failed case1
[INFO ][2015-12-07 19:34:45,992][com.java.SeleniumDriver] [ 1063] - failedCases = 1
[ERROR][2015-12-07 19:34:45,992][com.java.SeleniumDriver] [ 1560] - Platform Errors : Our apologies...::We have encountered an issue with your request.::Our apologies?:We encountered an issue with your request.
[INFO ][2015-12-07 19:34:46,002][com.java.SeleniumDriver] [ 1564] - Length =3
[ERROR][2015-12-07 19:34:46,002][com.java.SeleniumDriver] [ 1567] - Error 0 = Our apologies...
[ERROR][2015-12-07 19:34:46,032][com.java.SeleniumDriver] [ 1567] - Error 1 = We have encountered an issue with your request.
[ERROR][2015-12-07 19:34:46,062][com.java.SeleniumDriver] [ 1567] - Error 2 = Our apologies?:We encountered an issue with your request.
[INFO ][2015-12-07 19:34:46,092][com.java.SeleniumDriver] [ 1578] - strError:
[DEBUG][2015-12-07 19:34:46,112][com.java.SeleniumDriver] [ 1211] - Case found
[DEBUG][2015-12-07 19:34:46,112][com.java.SeleniumDriver] [ 1216] - Incrementing ReportCounters[0]:1
[INFO ][2015-12-07 19:34:46,112][com.java.SeleniumDriver] [ 1235] - The results are-------------------[1, 1, Valid Login, Fail, 
Test case failed at Step No. :: 1   Error Message ::  In CONCEPT: Test case failed at Step No. :: 5. Screen Shot : D:\BankersDashboard\TestReports\120715\1_120715_193445_IE10.png, Mon Dec 07 19:34:46 IST 2015]
[INFO ][2015-12-07 19:34:46,112][com.java.SeleniumDriver] [ 1239] - End time is-------48 sec
[INFO ][2015-12-07 19:34:46,112][com.java.SeleniumDriver] [ 1240] - The results are-------------------[1, 1, Valid Login, Fail, 
Test case failed at Step No. :: 1   Error Message ::  In CONCEPT: Test case failed at Step No. :: 5. Screen Shot : D:\BankersDashboard\TestReports\120715\1_120715_193445_IE10.png, Mon Dec 07 19:34:46 IST 2015]
[DEBUG][2015-12-07 19:34:46,112][com.java.ImportnExport.ExportTestResultsExcel] [  222] - testResultPath = D:\BankersDashboard/TestReports/Test Results_BankersDashBoard_120715_193400_IE10_Any Bank USA.xls
[DEBUG][2015-12-07 19:34:46,112][com.java.ImportnExport.ExportTestResultsExcel] [  223] - browser is------------IE10
[DEBUG][2015-12-07 19:34:46,152][com.java.ImportnExport.ExportTestResultsExcel] [  270] - result.size() = 6
[DEBUG][2015-12-07 19:34:46,152][com.java.ImportnExport.ExportTestResultsExcel] [  274] - No of rows in sheet=1
[DEBUG][2015-12-07 19:34:46,152][com.java.ImportnExport.ExportTestResultsExcel] [  301] - ..in export..1
[DEBUG][2015-12-07 19:34:46,152][com.java.ImportnExport.ExportTestResultsExcel] [  301] - ..in export..Valid Login
[DEBUG][2015-12-07 19:34:46,152][com.java.ImportnExport.ExportTestResultsExcel] [  301] - ..in export..Fail
[DEBUG][2015-12-07 19:34:46,152][com.java.ImportnExport.ExportTestResultsExcel] [  301] - ..in export..
Test case failed at Step No. :: 1   Error Message ::  In CONCEPT: Test case failed at Step No. :: 5. Screen Shot : D:\BankersDashboard\TestReports\120715\1_120715_193445_IE10.png
[DEBUG][2015-12-07 19:34:46,152][com.java.ImportnExport.ExportTestResultsExcel] [  301] - ..in export..Mon Dec 07 19:34:46 IST 2015
[INFO ][2015-12-07 19:34:46,152][com.java.SeleniumDriver] [ 1298] - out loop:0 size:2 TestCases:[1, 6] testcases:[1, 6]
[INFO ][2015-12-07 19:34:46,152][com.java.ImportnExport.ImportTestDataDetailsExcel] [   49] - test data details path===== D:\BankersDashboard\TestInputs\TestData.xls
[INFO ][2015-12-07 19:35:02,422][com.java.SeleniumDriver] [  820] - ------------------------------------------
[INFO ][2015-12-07 19:35:02,422][com.java.SeleniumDriver] [  821] - Test case being Executed: 6
[INFO ][2015-12-07 19:35:02,422][com.java.SeleniumDriver] [  832] - Test step:1
[INFO ][2015-12-07 19:35:02,422][com.java.SeleniumDriver] [  844] - Datavalue is----------Logout
[INFO ][2015-12-07 19:35:02,422][com.java.SeleniumDriver] [  868] - DataField : BTN
[INFO ][2015-12-07 19:35:02,422][com.java.SeleniumDriver] [  870] - DataValue : Logout
[INFO ][2015-12-07 19:35:02,422][com.java.SeleniumDriver] [  876] - <In Set values of the page>
[INFO ][2015-12-07 19:35:02,422][com.java.SeleniumDriver] [  879] - {Data Fields & Data Values Exist}
[INFO ][2015-12-07 19:35:02,422][com.java.SeleniumDriver] [  881] - --------------------------setting values-----------------------------
[INFO ][2015-12-07 19:35:02,422][com.java.SeleniumDriver] [  884] - Action Type : Verify
[INFO ][2015-12-07 19:35:02,422][com.java.TestType] [ 6636] - field= BTN value= Logout
[INFO ][2015-12-07 19:35:02,422][com.java.TestType] [ 5430] - value = Logout
[INFO ][2015-12-07 19:35:02,483][com.java.SeleniumDriver] [  893] -  RESULT true
[INFO ][2015-12-07 19:35:02,483][com.java.SeleniumDriver] [ 1099] - ?   P A S S   ?
[INFO ][2015-12-07 19:35:02,483][com.java.SeleniumDriver] [ 1141] - step change to 3
[INFO ][2015-12-07 19:35:02,483][com.java.SeleniumDriver] [  820] - ------------------------------------------
[INFO ][2015-12-07 19:35:02,483][com.java.SeleniumDriver] [  821] - Test case being Executed: 6
[INFO ][2015-12-07 19:35:02,483][com.java.SeleniumDriver] [  832] - Test step:3
[INFO ][2015-12-07 19:35:02,483][com.java.SeleniumDriver] [  844] - Datavalue is----------Concept#2:1-2
[INFO ][2015-12-07 19:35:02,483][com.java.SeleniumDriver] [  868] - DataField : test
[INFO ][2015-12-07 19:35:02,483][com.java.SeleniumDriver] [  870] - DataValue : Concept#2:1-2
[INFO ][2015-12-07 19:35:02,483][com.java.SeleniumDriver] [  876] - <In Set values of the page>
[INFO ][2015-12-07 19:35:02,483][com.java.SeleniumDriver] [  879] - {Data Fields & Data Values Exist}
[INFO ][2015-12-07 19:35:02,483][com.java.SeleniumDriver] [  881] - --------------------------setting values-----------------------------
[INFO ][2015-12-07 19:35:02,483][com.java.SeleniumDriver] [  884] - Action Type : ExecuteTestCase
[INFO ][2015-12-07 19:35:02,483][com.java.TestType] [  436] - The Concept sheet name is ---------- Concept
[INFO ][2015-12-07 19:35:02,483][com.java.TestType] [  439] - The Concept ID  is ---------- 2
[DEBUG][2015-12-07 19:35:02,483][com.java.TestType] [  443] - Steps being executted in the Concept are: 1:2
[INFO ][2015-12-07 19:35:02,483][com.java.TestType] [  450] - Test data details path ---------- D:\BankersDashboard\TestInputs\TestData.xls
[INFO ][2015-12-07 19:35:02,513][com.java.TestType] [  481] -  str(1) = 2
[INFO ][2015-12-07 19:35:02,513][com.java.TestType] [  484] - Test case Id is---2
[INFO ][2015-12-07 19:35:02,513][com.java.TestType] [  486] - 2
[INFO ][2015-12-07 19:35:02,513][com.java.TestType] [  481] -  str(2) = 1
[INFO ][2015-12-07 19:35:02,523][com.java.TestType] [  533] - row values are--------{1=com.java.Objects.TestDataDetails@1290d3}
[INFO ][2015-12-07 19:35:02,523][com.java.TestType] [  481] -  str(1) = 2
[INFO ][2015-12-07 19:35:02,523][com.java.TestType] [  484] - Test case Id is---2
[INFO ][2015-12-07 19:35:02,523][com.java.TestType] [  486] - 2
[INFO ][2015-12-07 19:35:02,523][com.java.TestType] [  481] -  str(2) = 2
[INFO ][2015-12-07 19:35:02,523][com.java.TestType] [  533] - row values are--------{1=com.java.Objects.TestDataDetails@1290d3, 2=com.java.Objects.TestDataDetails@1f18776}
[INFO ][2015-12-07 19:35:02,523][com.java.TestType] [  481] -  str(1) = 2
[INFO ][2015-12-07 19:35:02,523][com.java.TestType] [  484] - Test case Id is---2
[INFO ][2015-12-07 19:35:02,523][com.java.TestType] [  486] - 2
[INFO ][2015-12-07 19:35:02,523][com.java.TestType] [  481] -  str(2) = 3
[INFO ][2015-12-07 19:35:02,523][com.java.TestType] [  533] - row values are--------{1=com.java.Objects.TestDataDetails@1290d3, 2=com.java.Objects.TestDataDetails@1f18776, 3=com.java.Objects.TestDataDetails@c18933}
[INFO ][2015-12-07 19:35:02,523][com.java.TestType] [ 9944] - Looping 1TCID = 2
[DEBUG][2015-12-07 19:35:02,523][com.java.TestType] [ 9985] - Concept ID:2 :: Step being Executed: 2::1
[INFO ][2015-12-07 19:35:02,523][com.java.TestType] [10023] - dataFields : BNK//select[@id='bank']
[DEBUG][2015-12-07 19:35:02,523][com.java.TestType] [10029] - <In Set values of the page>
[DEBUG][2015-12-07 19:35:02,523][com.java.TestType] [10034] - {Data Fields & Data Values Exist}
[INFO ][2015-12-07 19:35:02,523][com.java.TestType] [10040] - --------------------------setting values-----------------------------
[INFO ][2015-12-07 19:35:02,523][com.java.TestType] [10043] - Action Type : Select
[INFO ][2015-12-07 19:35:02,523][com.java.TestType] [ 5430] - value = PFC
[INFO ][2015-12-07 19:35:02,703][com.java.TestType] [10062] -  RESULT true
[INFO ][2015-12-07 19:35:02,703][com.java.TestType] [10179] - ?   P A S S   ?
[DEBUG][2015-12-07 19:35:02,703][com.java.TestType] [ 9985] - Concept ID:2 :: Step being Executed: 2::2
[INFO ][2015-12-07 19:35:02,703][com.java.TestType] [10023] - dataFields : LNKLogout
[DEBUG][2015-12-07 19:35:02,703][com.java.TestType] [10029] - <In Set values of the page>
[DEBUG][2015-12-07 19:35:02,703][com.java.TestType] [10034] - {Data Fields & Data Values Exist}
[INFO ][2015-12-07 19:35:02,703][com.java.TestType] [10040] - --------------------------setting values-----------------------------
[INFO ][2015-12-07 19:35:02,703][com.java.TestType] [10043] - Action Type : WaitTime
[DEBUG][2015-12-07 19:35:02,703][com.java.TestType] [ 5250] - sleepTime: 5000
[INFO ][2015-12-07 19:35:07,703][com.java.TestType] [10062] -  RESULT true
[INFO ][2015-12-07 19:35:07,703][com.java.TestType] [10179] - ?   P A S S   ?
[INFO ][2015-12-07 19:35:07,703][com.java.TestType] [10250] - Looping End......
[INFO ][2015-12-07 19:35:07,703][com.java.SeleniumDriver] [  893] -  RESULT true
[INFO ][2015-12-07 19:35:07,703][com.java.SeleniumDriver] [ 1099] - ?   P A S S   ?
[INFO ][2015-12-07 19:35:07,703][com.java.SeleniumDriver] [  820] - ------------------------------------------
[INFO ][2015-12-07 19:35:07,703][com.java.SeleniumDriver] [  821] - Test case being Executed: 6
[INFO ][2015-12-07 19:35:07,703][com.java.SeleniumDriver] [  832] - Test step:4
[INFO ][2015-12-07 19:35:07,703][com.java.SeleniumDriver] [  844] - Datavalue is----------null
[DEBUG][2015-12-07 19:35:07,703][com.java.SeleniumDriver] [  862] - Exception: null
[INFO ][2015-12-07 19:35:07,703][com.java.SeleniumDriver] [  868] - DataField : //span[@class='icon-stats']&&//a[@data-id="Forecasting"]
[INFO ][2015-12-07 19:35:07,703][com.java.SeleniumDriver] [  870] - DataValue : 
[INFO ][2015-12-07 19:35:07,703][com.java.SeleniumDriver] [  876] - <In Set values of the page>
[INFO ][2015-12-07 19:35:07,703][com.java.SeleniumDriver] [  879] - {Data Fields & Data Values Exist}
[INFO ][2015-12-07 19:35:07,703][com.java.SeleniumDriver] [  881] - --------------------------setting values-----------------------------
[INFO ][2015-12-07 19:35:07,703][com.java.SeleniumDriver] [  884] - Action Type : MOUSEOVER
[INFO ][2015-12-07 19:35:30,688][com.java.SeleniumDriver] [  893] -  RESULT true
[INFO ][2015-12-07 19:35:30,688][com.java.SeleniumDriver] [ 1099] - ?   P A S S   ?
[INFO ][2015-12-07 19:35:30,688][com.java.SeleniumDriver] [  820] - ------------------------------------------
[INFO ][2015-12-07 19:35:30,688][com.java.SeleniumDriver] [  821] - Test case being Executed: 6
[INFO ][2015-12-07 19:35:30,688][com.java.SeleniumDriver] [  832] - Test step:5
[INFO ][2015-12-07 19:35:30,688][com.java.SeleniumDriver] [  844] - Datavalue is----------5
[INFO ][2015-12-07 19:35:30,688][com.java.SeleniumDriver] [  868] - DataField : null
[INFO ][2015-12-07 19:35:30,688][com.java.SeleniumDriver] [  870] - DataValue : 5
[INFO ][2015-12-07 19:35:30,688][com.java.SeleniumDriver] [  876] - <In Set values of the page>
[INFO ][2015-12-07 19:35:30,688][com.java.SeleniumDriver] [  879] - {Data Fields & Data Values Exist}
[INFO ][2015-12-07 19:35:30,688][com.java.SeleniumDriver] [  881] - --------------------------setting values-----------------------------
[INFO ][2015-12-07 19:35:30,688][com.java.SeleniumDriver] [  884] - Action Type : WAITTIME
[DEBUG][2015-12-07 19:35:30,688][com.java.TestType] [ 5250] - sleepTime: 5000
[INFO ][2015-12-07 19:35:35,689][com.java.SeleniumDriver] [  893] -  RESULT true
[INFO ][2015-12-07 19:35:35,689][com.java.SeleniumDriver] [ 1099] - ?   P A S S   ?
[INFO ][2015-12-07 19:35:35,689][com.java.SeleniumDriver] [  820] - ------------------------------------------
[INFO ][2015-12-07 19:35:35,689][com.java.SeleniumDriver] [  821] - Test case being Executed: 6
[INFO ][2015-12-07 19:35:35,689][com.java.SeleniumDriver] [  832] - Test step:6
[INFO ][2015-12-07 19:35:35,689][com.java.SeleniumDriver] [  844] - Datavalue is----------Forecasting 
[INFO ][2015-12-07 19:35:35,689][com.java.SeleniumDriver] [  868] - DataField : TTL
[INFO ][2015-12-07 19:35:35,689][com.java.SeleniumDriver] [  870] - DataValue : Forecasting 
[INFO ][2015-12-07 19:35:35,689][com.java.SeleniumDriver] [  876] - <In Set values of the page>
[INFO ][2015-12-07 19:35:35,689][com.java.SeleniumDriver] [  879] - {Data Fields & Data Values Exist}
[INFO ][2015-12-07 19:35:35,689][com.java.SeleniumDriver] [  881] - --------------------------setting values-----------------------------
[INFO ][2015-12-07 19:35:35,689][com.java.SeleniumDriver] [  884] - Action Type : SELECTWINDOW
[INFO ][2015-12-07 19:35:48,265][com.java.SeleniumDriver] [  893] -  RESULT true
[INFO ][2015-12-07 19:35:48,265][com.java.SeleniumDriver] [ 1099] - ?   P A S S   ?
[INFO ][2015-12-07 19:35:48,265][com.java.SeleniumDriver] [  820] - ------------------------------------------
[INFO ][2015-12-07 19:35:48,265][com.java.SeleniumDriver] [  821] - Test case being Executed: 6
[INFO ][2015-12-07 19:35:48,265][com.java.SeleniumDriver] [  832] - Test step:7
[INFO ][2015-12-07 19:35:48,265][com.java.SeleniumDriver] [  844] - Datavalue is----------null
[DEBUG][2015-12-07 19:35:48,265][com.java.SeleniumDriver] [  862] - Exception: null
[INFO ][2015-12-07 19:35:48,265][com.java.SeleniumDriver] [  868] - DataField : BTNframeDialogContent
[INFO ][2015-12-07 19:35:48,265][com.java.SeleniumDriver] [  870] - DataValue : 
[INFO ][2015-12-07 19:35:48,265][com.java.SeleniumDriver] [  876] - <In Set values of the page>
[INFO ][2015-12-07 19:35:48,265][com.java.SeleniumDriver] [  879] - {Data Fields & Data Values Exist}
[INFO ][2015-12-07 19:35:48,265][com.java.SeleniumDriver] [  881] - --------------------------setting values-----------------------------
[INFO ][2015-12-07 19:35:48,265][com.java.SeleniumDriver] [  884] - Action Type : SELECTFRAME
[INFO ][2015-12-07 19:35:49,386][com.java.SeleniumDriver] [  893] -  RESULT true
[INFO ][2015-12-07 19:35:49,386][com.java.SeleniumDriver] [ 1099] - ?   P A S S   ?
[INFO ][2015-12-07 19:35:49,386][com.java.SeleniumDriver] [  820] - ------------------------------------------
[INFO ][2015-12-07 19:35:49,386][com.java.SeleniumDriver] [  821] - Test case being Executed: 6
[INFO ][2015-12-07 19:35:49,386][com.java.SeleniumDriver] [  832] - Test step:8
[INFO ][2015-12-07 19:35:49,386][com.java.SeleniumDriver] [  844] - Datavalue is----------10
[INFO ][2015-12-07 19:35:49,386][com.java.SeleniumDriver] [  868] - DataField : DSPddlProjects
[INFO ][2015-12-07 19:35:49,386][com.java.SeleniumDriver] [  870] - DataValue : 10
[INFO ][2015-12-07 19:35:49,386][com.java.SeleniumDriver] [  876] - <In Set values of the page>
[INFO ][2015-12-07 19:35:49,386][com.java.SeleniumDriver] [  879] - {Data Fields & Data Values Exist}
[INFO ][2015-12-07 19:35:49,386][com.java.SeleniumDriver] [  881] - --------------------------setting values-----------------------------
[INFO ][2015-12-07 19:35:49,386][com.java.SeleniumDriver] [  884] - Action Type : WAITFORELEMENT
[INFO ][2015-12-07 19:35:50,487][com.java.SeleniumDriver] [  893] -  RESULT true
[INFO ][2015-12-07 19:35:50,487][com.java.SeleniumDriver] [ 1099] - ?   P A S S   ?
[INFO ][2015-12-07 19:35:50,487][com.java.SeleniumDriver] [  820] - ------------------------------------------
[INFO ][2015-12-07 19:35:50,487][com.java.SeleniumDriver] [  821] - Test case being Executed: 6
[INFO ][2015-12-07 19:35:50,487][com.java.SeleniumDriver] [  832] - Test step:9
[INFO ][2015-12-07 19:35:50,487][com.java.SeleniumDriver] [  844] - Datavalue is----------index:1
[INFO ][2015-12-07 19:35:50,487][com.java.SeleniumDriver] [  868] - DataField : COBddlProjects
[INFO ][2015-12-07 19:35:50,487][com.java.SeleniumDriver] [  870] - DataValue : index:1
[INFO ][2015-12-07 19:35:50,487][com.java.SeleniumDriver] [  876] - <In Set values of the page>
[INFO ][2015-12-07 19:35:50,487][com.java.SeleniumDriver] [  879] - {Data Fields & Data Values Exist}
[INFO ][2015-12-07 19:35:50,487][com.java.SeleniumDriver] [  881] - --------------------------setting values-----------------------------
[INFO ][2015-12-07 19:35:50,487][com.java.SeleniumDriver] [  884] - Action Type : SELECT
[INFO ][2015-12-07 19:35:50,487][com.java.TestType] [ 5430] - value = 1
[INFO ][2015-12-07 19:35:51,578][com.java.TestType] [ 5548] -  In COB ddlProjects : 1
[INFO ][2015-12-07 19:35:51,718][com.java.SeleniumDriver] [  893] -  RESULT true
[INFO ][2015-12-07 19:35:51,718][com.java.SeleniumDriver] [ 1099] - ?   P A S S   ?
[INFO ][2015-12-07 19:35:51,718][com.java.SeleniumDriver] [ 1136] - Continue next step...
[INFO ][2015-12-07 19:35:51,718][com.java.SeleniumDriver] [  820] - ------------------------------------------
[INFO ][2015-12-07 19:35:51,718][com.java.SeleniumDriver] [  821] - Test case being Executed: 6
[INFO ][2015-12-07 19:35:51,718][com.java.SeleniumDriver] [  832] - Test step:10
[INFO ][2015-12-07 19:35:51,718][com.java.SeleniumDriver] [  844] - Datavalue is----------CurrentProject
[INFO ][2015-12-07 19:35:51,718][com.java.SeleniumDriver] [  868] - DataField : SLBddlProjects
[INFO ][2015-12-07 19:35:51,718][com.java.SeleniumDriver] [  870] - DataValue : CurrentProject
[INFO ][2015-12-07 19:35:51,718][com.java.SeleniumDriver] [  876] - <In Set values of the page>
[INFO ][2015-12-07 19:35:51,718][com.java.SeleniumDriver] [  879] - {Data Fields & Data Values Exist}
[INFO ][2015-12-07 19:35:51,718][com.java.SeleniumDriver] [  881] - --------------------------setting values-----------------------------
[INFO ][2015-12-07 19:35:51,718][com.java.SeleniumDriver] [  884] - Action Type : storevalue
[INFO ][2015-12-07 19:35:51,718][com.java.TestType] [ 7814] - field= SLBddlProjects
[INFO ][2015-12-07 19:35:52,889][com.java.SeleniumDriver] [  893] -  RESULT true
[INFO ][2015-12-07 19:35:52,889][com.java.SeleniumDriver] [ 1099] - ?   P A S S   ?
[INFO ][2015-12-07 19:35:52,889][com.java.SeleniumDriver] [  820] - ------------------------------------------
[INFO ][2015-12-07 19:35:52,889][com.java.SeleniumDriver] [  821] - Test case being Executed: 6
[INFO ][2015-12-07 19:35:52,889][com.java.SeleniumDriver] [  832] - Test step:11
[INFO ][2015-12-07 19:35:52,889][com.java.SeleniumDriver] [  844] - Datavalue is----------null
[DEBUG][2015-12-07 19:35:52,889][com.java.SeleniumDriver] [  862] - Exception: null
[INFO ][2015-12-07 19:35:52,889][com.java.SeleniumDriver] [  868] - DataField : HDNbtnOpenProject
[INFO ][2015-12-07 19:35:52,889][com.java.SeleniumDriver] [  870] - DataValue : 
[INFO ][2015-12-07 19:35:52,889][com.java.SeleniumDriver] [  876] - <In Set values of the page>
[INFO ][2015-12-07 19:35:52,889][com.java.SeleniumDriver] [  879] - {Data Fields & Data Values Exist}
[INFO ][2015-12-07 19:35:52,889][com.java.SeleniumDriver] [  881] - --------------------------setting values-----------------------------
[INFO ][2015-12-07 19:35:52,889][com.java.SeleniumDriver] [  884] - Action Type : CLICK
[INFO ][2015-12-07 19:35:52,889][com.java.TestType] [ 5758] - Field ::HDNbtnOpenProject
[INFO ][2015-12-07 19:35:56,020][com.java.SeleniumDriver] [  893] -  RESULT true
[INFO ][2015-12-07 19:35:56,020][com.java.SeleniumDriver] [ 1099] - ?   P A S S   ?
[INFO ][2015-12-07 19:35:56,020][com.java.SeleniumDriver] [  820] - ------------------------------------------
[INFO ][2015-12-07 19:35:56,020][com.java.SeleniumDriver] [  821] - Test case being Executed: 6
[INFO ][2015-12-07 19:35:56,020][com.java.SeleniumDriver] [  832] - Test step:12
[INFO ][2015-12-07 19:35:56,020][com.java.SeleniumDriver] [  844] - Datavalue is----------5
[INFO ][2015-12-07 19:35:56,020][com.java.SeleniumDriver] [  868] - DataField : null
[INFO ][2015-12-07 19:35:56,020][com.java.SeleniumDriver] [  870] - DataValue : 5
[INFO ][2015-12-07 19:35:56,020][com.java.SeleniumDriver] [  876] - <In Set values of the page>
[INFO ][2015-12-07 19:35:56,020][com.java.SeleniumDriver] [  879] - {Data Fields & Data Values Exist}
[INFO ][2015-12-07 19:35:56,020][com.java.SeleniumDriver] [  881] - --------------------------setting values-----------------------------
[INFO ][2015-12-07 19:35:56,020][com.java.SeleniumDriver] [  884] - Action Type : WAITTIME
[DEBUG][2015-12-07 19:35:56,020][com.java.TestType] [ 5250] - sleepTime: 5000
[INFO ][2015-12-07 19:36:01,029][com.java.SeleniumDriver] [  893] -  RESULT true
[INFO ][2015-12-07 19:36:01,029][com.java.SeleniumDriver] [ 1099] - ?   P A S S   ?
[INFO ][2015-12-07 19:36:01,029][com.java.SeleniumDriver] [  820] - ------------------------------------------
[INFO ][2015-12-07 19:36:01,029][com.java.SeleniumDriver] [  821] - Test case being Executed: 6
[INFO ][2015-12-07 19:36:01,029][com.java.SeleniumDriver] [  832] - Test step:13
[INFO ][2015-12-07 19:36:01,029][com.java.SeleniumDriver] [  844] - Datavalue is----------null
[DEBUG][2015-12-07 19:36:01,029][com.java.SeleniumDriver] [  862] - Exception: null
[INFO ][2015-12-07 19:36:01,029][com.java.SeleniumDriver] [  868] - DataField : BTNParent
[INFO ][2015-12-07 19:36:01,029][com.java.SeleniumDriver] [  870] - DataValue : 
[INFO ][2015-12-07 19:36:01,029][com.java.SeleniumDriver] [  876] - <In Set values of the page>
[INFO ][2015-12-07 19:36:01,029][com.java.SeleniumDriver] [  879] - {Data Fields & Data Values Exist}
[INFO ][2015-12-07 19:36:01,029][com.java.SeleniumDriver] [  881] - --------------------------setting values-----------------------------
[INFO ][2015-12-07 19:36:01,029][com.java.SeleniumDriver] [  884] - Action Type : SELECTFRAME
[INFO ][2015-12-07 19:36:01,030][com.java.SeleniumDriver] [  893] -  RESULT true
[INFO ][2015-12-07 19:36:01,030][com.java.SeleniumDriver] [ 1099] - ?   P A S S   ?
[INFO ][2015-12-07 19:36:01,030][com.java.SeleniumDriver] [  820] - ------------------------------------------
[INFO ][2015-12-07 19:36:01,030][com.java.SeleniumDriver] [  821] - Test case being Executed: 6
[INFO ][2015-12-07 19:36:01,030][com.java.SeleniumDriver] [  832] - Test step:14
[INFO ][2015-12-07 19:36:01,030][com.java.SeleniumDriver] [  844] - Datavalue is----------10
[INFO ][2015-12-07 19:36:01,030][com.java.SeleniumDriver] [  868] - DataField : DSPFile
[INFO ][2015-12-07 19:36:01,030][com.java.SeleniumDriver] [  870] - DataValue : 10
[INFO ][2015-12-07 19:36:01,030][com.java.SeleniumDriver] [  876] - <In Set values of the page>
[INFO ][2015-12-07 19:36:01,030][com.java.SeleniumDriver] [  879] - {Data Fields & Data Values Exist}
[INFO ][2015-12-07 19:36:01,030][com.java.SeleniumDriver] [  881] - --------------------------setting values-----------------------------
[INFO ][2015-12-07 19:36:01,030][com.java.SeleniumDriver] [  884] - Action Type : WAITFORELEMENT
[INFO ][2015-12-07 19:36:01,160][com.java.SeleniumDriver] [  893] -  RESULT true
[INFO ][2015-12-07 19:36:01,160][com.java.SeleniumDriver] [ 1099] - ?   P A S S   ?
[INFO ][2015-12-07 19:36:01,160][com.java.SeleniumDriver] [  820] - ------------------------------------------
[INFO ][2015-12-07 19:36:01,160][com.java.SeleniumDriver] [  821] - Test case being Executed: 6
[INFO ][2015-12-07 19:36:01,160][com.java.SeleniumDriver] [  832] - Test step:15
[INFO ][2015-12-07 19:36:01,160][com.java.SeleniumDriver] [  844] - Datavalue is----------10
[INFO ][2015-12-07 19:36:01,160][com.java.SeleniumDriver] [  868] - DataField : null
[INFO ][2015-12-07 19:36:01,160][com.java.SeleniumDriver] [  870] - DataValue : 10
[INFO ][2015-12-07 19:36:01,160][com.java.SeleniumDriver] [  876] - <In Set values of the page>
[INFO ][2015-12-07 19:36:01,160][com.java.SeleniumDriver] [  879] - {Data Fields & Data Values Exist}
[INFO ][2015-12-07 19:36:01,160][com.java.SeleniumDriver] [  881] - --------------------------setting values-----------------------------
[INFO ][2015-12-07 19:36:01,160][com.java.SeleniumDriver] [  884] - Action Type : WAITTIME
[DEBUG][2015-12-07 19:36:01,160][com.java.TestType] [ 5250] - sleepTime: 10000
[INFO ][2015-12-07 19:36:11,160][com.java.SeleniumDriver] [  893] -  RESULT true
[INFO ][2015-12-07 19:36:11,160][com.java.SeleniumDriver] [ 1099] - ?   P A S S   ?
[INFO ][2015-12-07 19:36:11,160][com.java.SeleniumDriver] [  820] - ------------------------------------------
[INFO ][2015-12-07 19:36:11,160][com.java.SeleniumDriver] [  821] - Test case being Executed: 6
[INFO ][2015-12-07 19:36:11,160][com.java.SeleniumDriver] [  832] - Test step:16
[INFO ][2015-12-07 19:36:11,160][com.java.SeleniumDriver] [  844] - Datavalue is----------HMVCurrentProject
[INFO ][2015-12-07 19:36:11,160][com.java.SeleniumDriver] [  868] - DataField : XPH//span[@id='lblProject']
[INFO ][2015-12-07 19:36:11,160][com.java.SeleniumDriver] [  870] - DataValue : HMVCurrentProject
[INFO ][2015-12-07 19:36:11,160][com.java.SeleniumDriver] [  876] - <In Set values of the page>
[INFO ][2015-12-07 19:36:11,160][com.java.SeleniumDriver] [  879] - {Data Fields & Data Values Exist}
[INFO ][2015-12-07 19:36:11,160][com.java.SeleniumDriver] [  881] - --------------------------setting values-----------------------------
[INFO ][2015-12-07 19:36:11,160][com.java.SeleniumDriver] [  884] - Action Type : VERIFY
[INFO ][2015-12-07 19:36:11,160][com.java.TestType] [ 6636] - field= XPH//span[@id='lblProject'] value= HMVCurrentProject
[INFO ][2015-12-07 19:36:11,160][com.java.TestType] [ 5430] - value = Dallas User Group
[INFO ][2015-12-07 19:36:11,301][com.java.SeleniumDriver] [  893] -  RESULT true
[INFO ][2015-12-07 19:36:11,301][com.java.SeleniumDriver] [ 1099] - ?   P A S S   ?
[INFO ][2015-12-07 19:36:11,301][com.java.SeleniumDriver] [  820] - ------------------------------------------
[INFO ][2015-12-07 19:36:11,301][com.java.SeleniumDriver] [  821] - Test case being Executed: 6
[INFO ][2015-12-07 19:36:11,301][com.java.SeleniumDriver] [  832] - Test step:17
[INFO ][2015-12-07 19:36:11,301][com.java.SeleniumDriver] [  844] - Datavalue is----------null
[DEBUG][2015-12-07 19:36:11,301][com.java.SeleniumDriver] [  862] - Exception: null
[INFO ][2015-12-07 19:36:11,301][com.java.SeleniumDriver] [  868] - DataField : HDNmenuTools
[INFO ][2015-12-07 19:36:11,301][com.java.SeleniumDriver] [  870] - DataValue : 
[INFO ][2015-12-07 19:36:11,301][com.java.SeleniumDriver] [  876] - <In Set values of the page>
[INFO ][2015-12-07 19:36:11,301][com.java.SeleniumDriver] [  879] - {Data Fields & Data Values Exist}
[INFO ][2015-12-07 19:36:11,301][com.java.SeleniumDriver] [  881] - --------------------------setting values-----------------------------
[INFO ][2015-12-07 19:36:11,301][com.java.SeleniumDriver] [  884] - Action Type : CLICK
[INFO ][2015-12-07 19:36:11,301][com.java.TestType] [ 5758] - Field ::HDNmenuTools
[INFO ][2015-12-07 19:36:13,442][com.java.SeleniumDriver] [  893] -  RESULT true
[INFO ][2015-12-07 19:36:13,442][com.java.SeleniumDriver] [ 1099] - ?   P A S S   ?
[INFO ][2015-12-07 19:36:13,442][com.java.SeleniumDriver] [  820] - ------------------------------------------
[INFO ][2015-12-07 19:36:13,442][com.java.SeleniumDriver] [  821] - Test case being Executed: 6
[INFO ][2015-12-07 19:36:13,442][com.java.SeleniumDriver] [  832] - Test step:18
[INFO ][2015-12-07 19:36:13,442][com.java.SeleniumDriver] [  844] - Datavalue is----------10
[INFO ][2015-12-07 19:36:13,442][com.java.SeleniumDriver] [  868] - DataField : DSPmenuSyncProject
[INFO ][2015-12-07 19:36:13,442][com.java.SeleniumDriver] [  870] - DataValue : 10
[INFO ][2015-12-07 19:36:13,442][com.java.SeleniumDriver] [  876] - <In Set values of the page>
[INFO ][2015-12-07 19:36:13,442][com.java.SeleniumDriver] [  879] - {Data Fields & Data Values Exist}
[INFO ][2015-12-07 19:36:13,442][com.java.SeleniumDriver] [  881] - --------------------------setting values-----------------------------
[INFO ][2015-12-07 19:36:13,442][com.java.SeleniumDriver] [  884] - Action Type : WAITFORELEMENT
[INFO ][2015-12-07 19:36:14,661][com.java.SeleniumDriver] [  893] -  RESULT true
[INFO ][2015-12-07 19:36:14,661][com.java.SeleniumDriver] [ 1099] - ?   P A S S   ?
[INFO ][2015-12-07 19:36:14,661][com.java.SeleniumDriver] [  820] - ------------------------------------------
[INFO ][2015-12-07 19:36:14,661][com.java.SeleniumDriver] [  821] - Test case being Executed: 6
[INFO ][2015-12-07 19:36:14,661][com.java.SeleniumDriver] [  832] - Test step:19
[INFO ][2015-12-07 19:36:14,661][com.java.SeleniumDriver] [  844] - Datavalue is----------null
[DEBUG][2015-12-07 19:36:14,661][com.java.SeleniumDriver] [  862] - Exception: null
[INFO ][2015-12-07 19:36:14,661][com.java.SeleniumDriver] [  868] - DataField : HDNmenuSyncProject
[INFO ][2015-12-07 19:36:14,661][com.java.SeleniumDriver] [  870] - DataValue : 
[INFO ][2015-12-07 19:36:14,661][com.java.SeleniumDriver] [  876] - <In Set values of the page>
[INFO ][2015-12-07 19:36:14,661][com.java.SeleniumDriver] [  879] - {Data Fields & Data Values Exist}
[INFO ][2015-12-07 19:36:14,661][com.java.SeleniumDriver] [  881] - --------------------------setting values-----------------------------
[INFO ][2015-12-07 19:36:14,661][com.java.SeleniumDriver] [  884] - Action Type : CLICK
[INFO ][2015-12-07 19:36:14,661][com.java.TestType] [ 5758] - Field ::HDNmenuSyncProject
[INFO ][2015-12-07 19:36:16,847][com.java.SeleniumDriver] [  893] -  RESULT true
[INFO ][2015-12-07 19:36:16,847][com.java.SeleniumDriver] [ 1099] - ?   P A S S   ?
[INFO ][2015-12-07 19:36:16,847][com.java.SeleniumDriver] [  820] - ------------------------------------------
[INFO ][2015-12-07 19:36:16,847][com.java.SeleniumDriver] [  821] - Test case being Executed: 6
[INFO ][2015-12-07 19:36:16,847][com.java.SeleniumDriver] [  832] - Test step:20
[INFO ][2015-12-07 19:36:16,847][com.java.SeleniumDriver] [  844] - Datavalue is----------2
[INFO ][2015-12-07 19:36:16,847][com.java.SeleniumDriver] [  868] - DataField : null
[INFO ][2015-12-07 19:36:16,847][com.java.SeleniumDriver] [  870] - DataValue : 2
[INFO ][2015-12-07 19:36:16,847][com.java.SeleniumDriver] [  876] - <In Set values of the page>
[INFO ][2015-12-07 19:36:16,847][com.java.SeleniumDriver] [  879] - {Data Fields & Data Values Exist}
[INFO ][2015-12-07 19:36:16,847][com.java.SeleniumDriver] [  881] - --------------------------setting values-----------------------------
[INFO ][2015-12-07 19:36:16,847][com.java.SeleniumDriver] [  884] - Action Type : WAITTIME
[DEBUG][2015-12-07 19:36:16,847][com.java.TestType] [ 5250] - sleepTime: 2000
[INFO ][2015-12-07 19:36:18,847][com.java.SeleniumDriver] [  893] -  RESULT true
[INFO ][2015-12-07 19:36:18,847][com.java.SeleniumDriver] [ 1099] - ?   P A S S   ?
[INFO ][2015-12-07 19:36:18,847][com.java.SeleniumDriver] [  820] - ------------------------------------------
[INFO ][2015-12-07 19:36:18,847][com.java.SeleniumDriver] [  821] - Test case being Executed: 6
[INFO ][2015-12-07 19:36:18,847][com.java.SeleniumDriver] [  832] - Test step:21
[INFO ][2015-12-07 19:36:18,847][com.java.SeleniumDriver] [  844] - Datavalue is----------Synchronize Historical
[INFO ][2015-12-07 19:36:18,847][com.java.SeleniumDriver] [  868] - DataField : XPH//span[@id='ui-dialog-title-mdDialog']
[INFO ][2015-12-07 19:36:18,847][com.java.SeleniumDriver] [  870] - DataValue : Synchronize Historical
[INFO ][2015-12-07 19:36:18,847][com.java.SeleniumDriver] [  876] - <In Set values of the page>
[INFO ][2015-12-07 19:36:18,847][com.java.SeleniumDriver] [  879] - {Data Fields & Data Values Exist}
[INFO ][2015-12-07 19:36:18,847][com.java.SeleniumDriver] [  881] - --------------------------setting values-----------------------------
[INFO ][2015-12-07 19:36:18,847][com.java.SeleniumDriver] [  884] - Action Type : VERIFY
[INFO ][2015-12-07 19:36:18,847][com.java.TestType] [ 6636] - field= XPH//span[@id='ui-dialog-title-mdDialog'] value= Synchronize Historical
[INFO ][2015-12-07 19:36:18,847][com.java.TestType] [ 5430] - value = Synchronize Historical
[INFO ][2015-12-07 19:36:18,978][com.java.SeleniumDriver] [  893] -  RESULT true
[INFO ][2015-12-07 19:36:18,978][com.java.SeleniumDriver] [ 1099] - ?   P A S S   ?
[INFO ][2015-12-07 19:36:18,978][com.java.SeleniumDriver] [  820] - ------------------------------------------
[INFO ][2015-12-07 19:36:18,978][com.java.SeleniumDriver] [  821] - Test case being Executed: 6
[INFO ][2015-12-07 19:36:18,978][com.java.SeleniumDriver] [  832] - Test step:22
[INFO ][2015-12-07 19:36:18,978][com.java.SeleniumDriver] [  844] - Datavalue is----------null
[DEBUG][2015-12-07 19:36:18,978][com.java.SeleniumDriver] [  862] - Exception: null
[INFO ][2015-12-07 19:36:18,978][com.java.SeleniumDriver] [  868] - DataField : BTNframeDialogContent
[INFO ][2015-12-07 19:36:18,978][com.java.SeleniumDriver] [  870] - DataValue : 
[INFO ][2015-12-07 19:36:18,978][com.java.SeleniumDriver] [  876] - <In Set values of the page>
[INFO ][2015-12-07 19:36:18,978][com.java.SeleniumDriver] [  879] - {Data Fields & Data Values Exist}
[INFO ][2015-12-07 19:36:18,978][com.java.SeleniumDriver] [  881] - --------------------------setting values-----------------------------
[INFO ][2015-12-07 19:36:18,978][com.java.SeleniumDriver] [  884] - Action Type : SELECTFRAME
[INFO ][2015-12-07 19:36:20,119][com.java.SeleniumDriver] [  893] -  RESULT true
[INFO ][2015-12-07 19:36:20,119][com.java.SeleniumDriver] [ 1099] - ?   P A S S   ?
[INFO ][2015-12-07 19:36:20,119][com.java.SeleniumDriver] [  820] - ------------------------------------------
[INFO ][2015-12-07 19:36:20,119][com.java.SeleniumDriver] [  821] - Test case being Executed: 6
[INFO ][2015-12-07 19:36:20,119][com.java.SeleniumDriver] [  832] - Test step:23
[INFO ][2015-12-07 19:36:20,119][com.java.SeleniumDriver] [  844] - Datavalue is----------index:1
[INFO ][2015-12-07 19:36:20,119][com.java.SeleniumDriver] [  868] - DataField : COBddlSyncThruDate
[INFO ][2015-12-07 19:36:20,119][com.java.SeleniumDriver] [  870] - DataValue : index:1
[INFO ][2015-12-07 19:36:20,119][com.java.SeleniumDriver] [  876] - <In Set values of the page>
[INFO ][2015-12-07 19:36:20,119][com.java.SeleniumDriver] [  879] - {Data Fields & Data Values Exist}
[INFO ][2015-12-07 19:36:20,119][com.java.SeleniumDriver] [  881] - --------------------------setting values-----------------------------
[INFO ][2015-12-07 19:36:20,119][com.java.SeleniumDriver] [  884] - Action Type : SELECT
[INFO ][2015-12-07 19:36:20,119][com.java.TestType] [ 5430] - value = 1
[INFO ][2015-12-07 19:36:21,210][com.java.TestType] [ 5548] -  In COB ddlSyncThruDate : 1
[INFO ][2015-12-07 19:36:21,360][com.java.SeleniumDriver] [  893] -  RESULT true
[INFO ][2015-12-07 19:36:21,360][com.java.SeleniumDriver] [ 1099] - ?   P A S S   ?
[INFO ][2015-12-07 19:36:21,360][com.java.SeleniumDriver] [  820] - ------------------------------------------
[INFO ][2015-12-07 19:36:21,360][com.java.SeleniumDriver] [  821] - Test case being Executed: 6
[INFO ][2015-12-07 19:36:21,360][com.java.SeleniumDriver] [  832] - Test step:24
[INFO ][2015-12-07 19:36:21,360][com.java.SeleniumDriver] [  844] - Datavalue is----------null
[DEBUG][2015-12-07 19:36:21,360][com.java.SeleniumDriver] [  862] - Exception: null
[INFO ][2015-12-07 19:36:21,360][com.java.SeleniumDriver] [  868] - DataField : HDNrdoLLABS
[INFO ][2015-12-07 19:36:21,360][com.java.SeleniumDriver] [  870] - DataValue : 
[INFO ][2015-12-07 19:36:21,360][com.java.SeleniumDriver] [  876] - <In Set values of the page>
[INFO ][2015-12-07 19:36:21,360][com.java.SeleniumDriver] [  879] - {Data Fields & Data Values Exist}
[INFO ][2015-12-07 19:36:21,360][com.java.SeleniumDriver] [  881] - --------------------------setting values-----------------------------
[INFO ][2015-12-07 19:36:21,360][com.java.SeleniumDriver] [  884] - Action Type : CLICK
[INFO ][2015-12-07 19:36:21,360][com.java.TestType] [ 5758] - Field ::HDNrdoLLABS
[INFO ][2015-12-07 19:36:23,441][com.java.SeleniumDriver] [  893] -  RESULT true
[INFO ][2015-12-07 19:36:23,441][com.java.SeleniumDriver] [ 1099] - ?   P A S S   ?
[INFO ][2015-12-07 19:36:23,441][com.java.SeleniumDriver] [  820] - ------------------------------------------
[INFO ][2015-12-07 19:36:23,441][com.java.SeleniumDriver] [  821] - Test case being Executed: 6
[INFO ][2015-12-07 19:36:23,441][com.java.SeleniumDriver] [  832] - Test step:25
[INFO ][2015-12-07 19:36:23,441][com.java.SeleniumDriver] [  844] - Datavalue is----------null
[DEBUG][2015-12-07 19:36:23,441][com.java.SeleniumDriver] [  862] - Exception: null
[INFO ][2015-12-07 19:36:23,441][com.java.SeleniumDriver] [  868] - DataField : HDNbtnSynchronize
[INFO ][2015-12-07 19:36:23,441][com.java.SeleniumDriver] [  870] - DataValue : 
[INFO ][2015-12-07 19:36:23,441][com.java.SeleniumDriver] [  876] - <In Set values of the page>
[INFO ][2015-12-07 19:36:23,441][com.java.SeleniumDriver] [  879] - {Data Fields & Data Values Exist}
[INFO ][2015-12-07 19:36:23,441][com.java.SeleniumDriver] [  881] - --------------------------setting values-----------------------------
[INFO ][2015-12-07 19:36:23,441][com.java.SeleniumDriver] [  884] - Action Type : CLICK
[INFO ][2015-12-07 19:36:23,441][com.java.TestType] [ 5758] - Field ::HDNbtnSynchronize
[INFO ][2015-12-07 19:36:25,782][com.java.SeleniumDriver] [  893] -  RESULT true
[INFO ][2015-12-07 19:36:25,782][com.java.SeleniumDriver] [ 1099] - ?   P A S S   ?
[INFO ][2015-12-07 19:36:25,782][com.java.SeleniumDriver] [  820] - ------------------------------------------
[INFO ][2015-12-07 19:36:25,782][com.java.SeleniumDriver] [  821] - Test case being Executed: 6
[INFO ][2015-12-07 19:36:25,782][com.java.SeleniumDriver] [  832] - Test step:26
[INFO ][2015-12-07 19:36:25,782][com.java.SeleniumDriver] [  844] - Datavalue is----------OK
[INFO ][2015-12-07 19:36:25,782][com.java.SeleniumDriver] [  868] - DataField : CNF
[INFO ][2015-12-07 19:36:25,782][com.java.SeleniumDriver] [  870] - DataValue : OK
[INFO ][2015-12-07 19:36:25,784][com.java.SeleniumDriver] [  876] - <In Set values of the page>
[INFO ][2015-12-07 19:36:25,784][com.java.SeleniumDriver] [  879] - {Data Fields & Data Values Exist}
[INFO ][2015-12-07 19:36:25,784][com.java.SeleniumDriver] [  881] - --------------------------setting values-----------------------------
[INFO ][2015-12-07 19:36:25,784][com.java.SeleniumDriver] [  884] - Action Type : Click
[INFO ][2015-12-07 19:36:25,784][com.java.TestType] [ 5758] - Field ::CNF
[ERROR][2015-12-07 19:36:26,907][com.java.TestType] [ 6026] - Exception in click:: No alert is active (WARNING: The server did not provide any stacktrace information)
Command duration or timeout: 100 milliseconds
Build info: version: '2.48.2', revision: '41bccdd', time: '2015-10-09 19:59:12'
System info: host: 'FVTIII438F1D', ip: '172.17.68.34', os.name: 'Windows 7', os.arch: 'x86', os.version: '6.1', java.version: '1.7.0_55'
Session ID: b50e58e4-99a0-4243-b032-c9b620c5a78e
Driver info: org.openqa.selenium.ie.InternetExplorerDriver
Capabilities [{platform=WINDOWS, javascriptEnabled=true, elementScrollBehavior=0, ignoreZoomSetting=false, enablePersistentHover=true, ie.ensureCleanSession=false, browserName=internet explorer, enableElementCacheCleanup=true, unexpectedAlertBehaviour=dismiss, version=10, ie.usePerProcessProxy=false, ignoreProtectedModeSettings=true, cssSelectorsEnabled=true, requireWindowFocus=false, initialBrowserUrl=http://localhost:44901/, handlesAlerts=true, ie.forceCreateProcessApi=false, nativeEvents=true, browserAttachTimeout=0, ie.browserCommandLineSwitches=, takesScreenshot=true}]
[INFO ][2015-12-07 19:36:26,907][com.java.TestType] [ 6030] - Element :::: not found
[INFO ][2015-12-07 19:36:26,907][com.java.SeleniumDriver] [  893] -  RESULT false
[INFO ][2015-12-07 19:36:26,907][com.java.SeleniumDriver] [  940] - ?   F A I L   ?
[INFO ][2015-12-07 19:36:26,907][com.java.SeleniumDriver] [  948] - Browser Type : IE10
[INFO ][2015-12-07 19:36:26,907][com.java.SeleniumDriver] [  949] - Adding Failed case6
[DEBUG][2015-12-07 19:36:37,144][com.java.SeleniumDriver] [ 1017] -  tdd.getCondition() IF:69:Next
[INFO ][2015-12-07 19:36:37,144][com.java.SeleniumDriver] [ 1021] - Continue next step...
[INFO ][2015-12-07 19:36:37,144][com.java.SeleniumDriver] [  820] - ------------------------------------------
[INFO ][2015-12-07 19:36:37,144][com.java.SeleniumDriver] [  821] - Test case being Executed: 6
[INFO ][2015-12-07 19:36:37,144][com.java.SeleniumDriver] [  832] - Test step:27
[INFO ][2015-12-07 19:36:37,144][com.java.SeleniumDriver] [  844] - Datavalue is----------null
[DEBUG][2015-12-07 19:36:37,144][com.java.SeleniumDriver] [  862] - Exception: null
[INFO ][2015-12-07 19:36:37,144][com.java.SeleniumDriver] [  868] - DataField : BTNParent
[INFO ][2015-12-07 19:36:37,144][com.java.SeleniumDriver] [  870] - DataValue : 
[INFO ][2015-12-07 19:36:37,144][com.java.SeleniumDriver] [  876] - <In Set values of the page>
[INFO ][2015-12-07 19:36:37,144][com.java.SeleniumDriver] [  879] - {Data Fields & Data Values Exist}
[INFO ][2015-12-07 19:36:37,144][com.java.SeleniumDriver] [  881] - --------------------------setting values-----------------------------
[INFO ][2015-12-07 19:36:37,144][com.java.SeleniumDriver] [  884] - Action Type : SELECTFRAME
[INFO ][2015-12-07 19:36:37,155][com.java.SeleniumDriver] [  893] -  RESULT true
[INFO ][2015-12-07 19:36:37,155][com.java.SeleniumDriver] [ 1099] - ?   P A S S   ?
[INFO ][2015-12-07 19:36:37,155][com.java.SeleniumDriver] [  820] - ------------------------------------------
[INFO ][2015-12-07 19:36:37,155][com.java.SeleniumDriver] [  821] - Test case being Executed: 6
[INFO ][2015-12-07 19:36:37,155][com.java.SeleniumDriver] [  832] - Test step:28
[INFO ][2015-12-07 19:36:37,155][com.java.SeleniumDriver] [  844] - Datavalue is----------Synchronize in Progress
[INFO ][2015-12-07 19:36:37,155][com.java.SeleniumDriver] [  868] - DataField : XPH//span[@id='ui-dialog-title-mdDialog']
[INFO ][2015-12-07 19:36:37,155][com.java.SeleniumDriver] [  870] - DataValue : Synchronize in Progress
[INFO ][2015-12-07 19:36:37,155][com.java.SeleniumDriver] [  876] - <In Set values of the page>
[INFO ][2015-12-07 19:36:37,155][com.java.SeleniumDriver] [  879] - {Data Fields & Data Values Exist}
[INFO ][2015-12-07 19:36:37,155][com.java.SeleniumDriver] [  881] - --------------------------setting values-----------------------------
[INFO ][2015-12-07 19:36:37,155][com.java.SeleniumDriver] [  884] - Action Type : VERIFY
[INFO ][2015-12-07 19:36:37,155][com.java.TestType] [ 6636] - field= XPH//span[@id='ui-dialog-title-mdDialog'] value= Synchronize in Progress
[INFO ][2015-12-07 19:36:37,155][com.java.TestType] [ 5430] - value = Synchronize in Progress
[INFO ][2015-12-07 19:36:37,295][com.java.SeleniumDriver] [  893] -  RESULT true
[INFO ][2015-12-07 19:36:37,295][com.java.SeleniumDriver] [ 1099] - ?   P A S S   ?
[INFO ][2015-12-07 19:36:37,295][com.java.SeleniumDriver] [  820] - ------------------------------------------
[INFO ][2015-12-07 19:36:37,295][com.java.SeleniumDriver] [  821] - Test case being Executed: 6
[INFO ][2015-12-07 19:36:37,295][com.java.SeleniumDriver] [  832] - Test step:29
[INFO ][2015-12-07 19:36:37,295][com.java.SeleniumDriver] [  844] - Datavalue is----------null
[DEBUG][2015-12-07 19:36:37,295][com.java.SeleniumDriver] [  862] - Exception: null
[INFO ][2015-12-07 19:36:37,295][com.java.SeleniumDriver] [  868] - DataField : BTNframeDialogContent
[INFO ][2015-12-07 19:36:37,295][com.java.SeleniumDriver] [  870] - DataValue : 
[INFO ][2015-12-07 19:36:37,295][com.java.SeleniumDriver] [  876] - <In Set values of the page>
[INFO ][2015-12-07 19:36:37,295][com.java.SeleniumDriver] [  879] - {Data Fields & Data Values Exist}
[INFO ][2015-12-07 19:36:37,295][com.java.SeleniumDriver] [  881] - --------------------------setting values-----------------------------
[INFO ][2015-12-07 19:36:37,295][com.java.SeleniumDriver] [  884] - Action Type : SELECTFRAME
[INFO ][2015-12-07 19:36:38,426][com.java.SeleniumDriver] [  893] -  RESULT true
[INFO ][2015-12-07 19:36:38,426][com.java.SeleniumDriver] [ 1099] - ?   P A S S   ?
[INFO ][2015-12-07 19:36:38,426][com.java.SeleniumDriver] [  820] - ------------------------------------------
[INFO ][2015-12-07 19:36:38,426][com.java.SeleniumDriver] [  821] - Test case being Executed: 6
[INFO ][2015-12-07 19:36:38,426][com.java.SeleniumDriver] [  832] - Test step:30
[INFO ][2015-12-07 19:36:38,426][com.java.SeleniumDriver] [  844] - Datavalue is----------Your project is now being resynchronized.
[INFO ][2015-12-07 19:36:38,426][com.java.SeleniumDriver] [  868] - DataField : XPH//td[@id='lblEmail']
[INFO ][2015-12-07 19:36:38,426][com.java.SeleniumDriver] [  870] - DataValue : Your project is now being resynchronized.
[INFO ][2015-12-07 19:36:38,426][com.java.SeleniumDriver] [  876] - <In Set values of the page>
[INFO ][2015-12-07 19:36:38,426][com.java.SeleniumDriver] [  879] - {Data Fields & Data Values Exist}
[INFO ][2015-12-07 19:36:38,426][com.java.SeleniumDriver] [  881] - --------------------------setting values-----------------------------
[INFO ][2015-12-07 19:36:38,426][com.java.SeleniumDriver] [  884] - Action Type : VERIFY
[INFO ][2015-12-07 19:36:38,426][com.java.TestType] [ 6636] - field= XPH//td[@id='lblEmail'] value= Your project is now being resynchronized.
[INFO ][2015-12-07 19:36:38,426][com.java.TestType] [ 5430] - value = Your project is now being resynchronized.
[INFO ][2015-12-07 19:36:38,526][com.java.SeleniumDriver] [  893] -  RESULT true
[INFO ][2015-12-07 19:36:38,526][com.java.SeleniumDriver] [ 1099] - ?   P A S S   ?
[INFO ][2015-12-07 19:36:38,526][com.java.SeleniumDriver] [  820] - ------------------------------------------
[INFO ][2015-12-07 19:36:38,526][com.java.SeleniumDriver] [  821] - Test case being Executed: 6
[INFO ][2015-12-07 19:36:38,526][com.java.SeleniumDriver] [  832] - Test step:31
[INFO ][2015-12-07 19:36:38,526][com.java.SeleniumDriver] [  844] - Datavalue is----------null
[DEBUG][2015-12-07 19:36:38,526][com.java.SeleniumDriver] [  862] - Exception: null
[INFO ][2015-12-07 19:36:38,526][com.java.SeleniumDriver] [  868] - DataField : HDNbtnClose
[INFO ][2015-12-07 19:36:38,526][com.java.SeleniumDriver] [  870] - DataValue : 
[INFO ][2015-12-07 19:36:38,526][com.java.SeleniumDriver] [  876] - <In Set values of the page>
[INFO ][2015-12-07 19:36:38,526][com.java.SeleniumDriver] [  879] - {Data Fields & Data Values Exist}
[INFO ][2015-12-07 19:36:38,526][com.java.SeleniumDriver] [  881] - --------------------------setting values-----------------------------
[INFO ][2015-12-07 19:36:38,526][com.java.SeleniumDriver] [  884] - Action Type : CLICK
[INFO ][2015-12-07 19:36:38,526][com.java.TestType] [ 5758] - Field ::HDNbtnClose
[INFO ][2015-12-07 19:36:40,867][com.java.SeleniumDriver] [  893] -  RESULT true
[INFO ][2015-12-07 19:36:40,867][com.java.SeleniumDriver] [ 1099] - ?   P A S S   ?
[INFO ][2015-12-07 19:36:40,867][com.java.SeleniumDriver] [  820] - ------------------------------------------
[INFO ][2015-12-07 19:36:40,867][com.java.SeleniumDriver] [  821] - Test case being Executed: 6
[INFO ][2015-12-07 19:36:40,867][com.java.SeleniumDriver] [  832] - Test step:32
[INFO ][2015-12-07 19:36:40,867][com.java.SeleniumDriver] [  844] - Datavalue is----------Banker'sDashboard
[INFO ][2015-12-07 19:36:40,867][com.java.SeleniumDriver] [  868] - DataField : TTL
[INFO ][2015-12-07 19:36:40,867][com.java.SeleniumDriver] [  870] - DataValue : Banker'sDashboard
[INFO ][2015-12-07 19:36:40,867][com.java.SeleniumDriver] [  876] - <In Set values of the page>
[INFO ][2015-12-07 19:36:40,867][com.java.SeleniumDriver] [  879] - {Data Fields & Data Values Exist}
[INFO ][2015-12-07 19:36:40,867][com.java.SeleniumDriver] [  881] - --------------------------setting values-----------------------------
[INFO ][2015-12-07 19:36:40,867][com.java.SeleniumDriver] [  884] - Action Type : SelectWindow
[INFO ][2015-12-07 19:36:53,028][com.java.SeleniumDriver] [  893] -  RESULT true
[INFO ][2015-12-07 19:36:53,028][com.java.SeleniumDriver] [ 1099] - ?   P A S S   ?
[INFO ][2015-12-07 19:36:53,028][com.java.SeleniumDriver] [  820] - ------------------------------------------
[INFO ][2015-12-07 19:36:53,028][com.java.SeleniumDriver] [  821] - Test case being Executed: 6
[INFO ][2015-12-07 19:36:53,028][com.java.SeleniumDriver] [  832] - Test step:33
[INFO ][2015-12-07 19:36:53,028][com.java.SeleniumDriver] [  844] - Datavalue is----------5
[INFO ][2015-12-07 19:36:53,028][com.java.SeleniumDriver] [  868] - DataField : null
[INFO ][2015-12-07 19:36:53,028][com.java.SeleniumDriver] [  870] - DataValue : 5
[INFO ][2015-12-07 19:36:53,028][com.java.SeleniumDriver] [  876] - <In Set values of the page>
[INFO ][2015-12-07 19:36:53,028][com.java.SeleniumDriver] [  879] - {Data Fields & Data Values Exist}
[INFO ][2015-12-07 19:36:53,028][com.java.SeleniumDriver] [  881] - --------------------------setting values-----------------------------
[INFO ][2015-12-07 19:36:53,028][com.java.SeleniumDriver] [  884] - Action Type : WAITTIME
[DEBUG][2015-12-07 19:36:53,028][com.java.TestType] [ 5250] - sleepTime: 5000
[INFO ][2015-12-07 19:36:58,028][com.java.SeleniumDriver] [  893] -  RESULT true
[INFO ][2015-12-07 19:36:58,028][com.java.SeleniumDriver] [ 1099] - ?   P A S S   ?
[INFO ][2015-12-07 19:36:58,028][com.java.SeleniumDriver] [  820] - ------------------------------------------
[INFO ][2015-12-07 19:36:58,028][com.java.SeleniumDriver] [  821] - Test case being Executed: 6
[INFO ][2015-12-07 19:36:58,028][com.java.SeleniumDriver] [  832] - Test step:34
[INFO ][2015-12-07 19:36:58,028][com.java.SeleniumDriver] [  844] - Datavalue is----------null
[DEBUG][2015-12-07 19:36:58,028][com.java.SeleniumDriver] [  862] - Exception: null
[INFO ][2015-12-07 19:36:58,028][com.java.SeleniumDriver] [  868] - DataField : //span[@class='icon-stats']&&//a[@data-id="Forecasting"]
[INFO ][2015-12-07 19:36:58,028][com.java.SeleniumDriver] [  870] - DataValue : 
[INFO ][2015-12-07 19:36:58,028][com.java.SeleniumDriver] [  876] - <In Set values of the page>
[INFO ][2015-12-07 19:36:58,028][com.java.SeleniumDriver] [  879] - {Data Fields & Data Values Exist}
[INFO ][2015-12-07 19:36:58,028][com.java.SeleniumDriver] [  881] - --------------------------setting values-----------------------------
[INFO ][2015-12-07 19:36:58,028][com.java.SeleniumDriver] [  884] - Action Type : MOUSEOVER
[INFO ][2015-12-07 19:37:20,879][com.java.SeleniumDriver] [  893] -  RESULT true
[INFO ][2015-12-07 19:37:20,879][com.java.SeleniumDriver] [ 1099] - ?   P A S S   ?
[INFO ][2015-12-07 19:37:20,879][com.java.SeleniumDriver] [  820] - ------------------------------------------
[INFO ][2015-12-07 19:37:20,879][com.java.SeleniumDriver] [  821] - Test case being Executed: 6
[INFO ][2015-12-07 19:37:20,879][com.java.SeleniumDriver] [  832] - Test step:35
[INFO ][2015-12-07 19:37:20,879][com.java.SeleniumDriver] [  844] - Datavalue is----------5
[INFO ][2015-12-07 19:37:20,879][com.java.SeleniumDriver] [  868] - DataField : null
[INFO ][2015-12-07 19:37:20,879][com.java.SeleniumDriver] [  870] - DataValue : 5
[INFO ][2015-12-07 19:37:20,879][com.java.SeleniumDriver] [  876] - <In Set values of the page>
[INFO ][2015-12-07 19:37:20,879][com.java.SeleniumDriver] [  879] - {Data Fields & Data Values Exist}
[INFO ][2015-12-07 19:37:20,879][com.java.SeleniumDriver] [  881] - --------------------------setting values-----------------------------
[INFO ][2015-12-07 19:37:20,879][com.java.SeleniumDriver] [  884] - Action Type : WAITTIME
[DEBUG][2015-12-07 19:37:20,879][com.java.TestType] [ 5250] - sleepTime: 5000
[INFO ][2015-12-07 19:37:25,880][com.java.SeleniumDriver] [  893] -  RESULT true
[INFO ][2015-12-07 19:37:25,880][com.java.SeleniumDriver] [ 1099] - ?   P A S S   ?
[INFO ][2015-12-07 19:37:25,880][com.java.SeleniumDriver] [  820] - ------------------------------------------
[INFO ][2015-12-07 19:37:25,880][com.java.SeleniumDriver] [  821] - Test case being Executed: 6
[INFO ][2015-12-07 19:37:25,880][com.java.SeleniumDriver] [  832] - Test step:36
[INFO ][2015-12-07 19:37:25,880][com.java.SeleniumDriver] [  844] - Datavalue is----------Forecasting 
[INFO ][2015-12-07 19:37:25,880][com.java.SeleniumDriver] [  868] - DataField : TTL
[INFO ][2015-12-07 19:37:25,880][com.java.SeleniumDriver] [  870] - DataValue : Forecasting 
[INFO ][2015-12-07 19:37:25,880][com.java.SeleniumDriver] [  876] - <In Set values of the page>
[INFO ][2015-12-07 19:37:25,880][com.java.SeleniumDriver] [  879] - {Data Fields & Data Values Exist}
[INFO ][2015-12-07 19:37:25,880][com.java.SeleniumDriver] [  881] - --------------------------setting values-----------------------------
[INFO ][2015-12-07 19:37:25,880][com.java.SeleniumDriver] [  884] - Action Type : SELECTWINDOW
[INFO ][2015-12-07 19:37:38,433][com.java.SeleniumDriver] [  893] -  RESULT true
[INFO ][2015-12-07 19:37:38,433][com.java.SeleniumDriver] [ 1099] - ?   P A S S   ?
[INFO ][2015-12-07 19:37:38,433][com.java.SeleniumDriver] [  820] - ------------------------------------------
[INFO ][2015-12-07 19:37:38,433][com.java.SeleniumDriver] [  821] - Test case being Executed: 6
[INFO ][2015-12-07 19:37:38,433][com.java.SeleniumDriver] [  832] - Test step:37
[INFO ][2015-12-07 19:37:38,433][com.java.SeleniumDriver] [  844] - Datavalue is----------null
[DEBUG][2015-12-07 19:37:38,433][com.java.SeleniumDriver] [  862] - Exception: null
[INFO ][2015-12-07 19:37:38,433][com.java.SeleniumDriver] [  868] - DataField : BTNframeDialogContent
[INFO ][2015-12-07 19:37:38,433][com.java.SeleniumDriver] [  870] - DataValue : 
[INFO ][2015-12-07 19:37:38,433][com.java.SeleniumDriver] [  876] - <In Set values of the page>
[INFO ][2015-12-07 19:37:38,433][com.java.SeleniumDriver] [  879] - {Data Fields & Data Values Exist}
[INFO ][2015-12-07 19:37:38,433][com.java.SeleniumDriver] [  881] - --------------------------setting values-----------------------------
[INFO ][2015-12-07 19:37:38,433][com.java.SeleniumDriver] [  884] - Action Type : SELECTFRAME
[INFO ][2015-12-07 19:37:39,554][com.java.SeleniumDriver] [  893] -  RESULT true
[INFO ][2015-12-07 19:37:39,554][com.java.SeleniumDriver] [ 1099] - ?   P A S S   ?
[INFO ][2015-12-07 19:37:39,554][com.java.SeleniumDriver] [  820] - ------------------------------------------
[INFO ][2015-12-07 19:37:39,554][com.java.SeleniumDriver] [  821] - Test case being Executed: 6
[INFO ][2015-12-07 19:37:39,554][com.java.SeleniumDriver] [  832] - Test step:38
[INFO ][2015-12-07 19:37:39,554][com.java.SeleniumDriver] [  844] - Datavalue is----------10
[INFO ][2015-12-07 19:37:39,554][com.java.SeleniumDriver] [  868] - DataField : DSPddlProjects
[INFO ][2015-12-07 19:37:39,554][com.java.SeleniumDriver] [  870] - DataValue : 10
[INFO ][2015-12-07 19:37:39,554][com.java.SeleniumDriver] [  876] - <In Set values of the page>
[INFO ][2015-12-07 19:37:39,554][com.java.SeleniumDriver] [  879] - {Data Fields & Data Values Exist}
[INFO ][2015-12-07 19:37:39,554][com.java.SeleniumDriver] [  881] - --------------------------setting values-----------------------------
[INFO ][2015-12-07 19:37:39,554][com.java.SeleniumDriver] [  884] - Action Type : WAITFORELEMENT
[INFO ][2015-12-07 19:37:40,654][com.java.SeleniumDriver] [  893] -  RESULT true
[INFO ][2015-12-07 19:37:40,654][com.java.SeleniumDriver] [ 1099] - ?   P A S S   ?
[INFO ][2015-12-07 19:37:40,654][com.java.SeleniumDriver] [  820] - ------------------------------------------
[INFO ][2015-12-07 19:37:40,654][com.java.SeleniumDriver] [  821] - Test case being Executed: 6
[INFO ][2015-12-07 19:37:40,654][com.java.SeleniumDriver] [  832] - Test step:39
[INFO ][2015-12-07 19:37:40,654][com.java.SeleniumDriver] [  844] - Datavalue is----------HMVCurrentProject
[INFO ][2015-12-07 19:37:40,654][com.java.SeleniumDriver] [  868] - DataField : XPHddlProjects
[INFO ][2015-12-07 19:37:40,654][com.java.SeleniumDriver] [  870] - DataValue : HMVCurrentProject
[INFO ][2015-12-07 19:37:40,654][com.java.SeleniumDriver] [  876] - <In Set values of the page>
[INFO ][2015-12-07 19:37:40,654][com.java.SeleniumDriver] [  879] - {Data Fields & Data Values Exist}
[INFO ][2015-12-07 19:37:40,654][com.java.SeleniumDriver] [  881] - --------------------------setting values-----------------------------
[INFO ][2015-12-07 19:37:40,654][com.java.SeleniumDriver] [  884] - Action Type : VERIFYNOTPRESENT
[INFO ][2015-12-07 19:37:40,654][com.java.TestType] [ 8090] - field= XPHddlProjects value= HMVCurrentProject
[INFO ][2015-12-07 19:37:41,775][com.java.SeleniumDriver] [  893] -  RESULT true
[INFO ][2015-12-07 19:37:41,775][com.java.SeleniumDriver] [ 1099] - ?   P A S S   ?
[INFO ][2015-12-07 19:37:41,775][com.java.SeleniumDriver] [  820] - ------------------------------------------
[INFO ][2015-12-07 19:37:41,775][com.java.SeleniumDriver] [  821] - Test case being Executed: 6
[INFO ][2015-12-07 19:37:41,775][com.java.SeleniumDriver] [  832] - Test step:40
[INFO ][2015-12-07 19:37:41,775][com.java.SeleniumDriver] [  844] - Datavalue is----------null
[DEBUG][2015-12-07 19:37:41,775][com.java.SeleniumDriver] [  862] - Exception: null
[INFO ][2015-12-07 19:37:41,775][com.java.SeleniumDriver] [  868] - DataField : BTNParent
[INFO ][2015-12-07 19:37:41,775][com.java.SeleniumDriver] [  870] - DataValue : 
[INFO ][2015-12-07 19:37:41,775][com.java.SeleniumDriver] [  876] - <In Set values of the page>
[INFO ][2015-12-07 19:37:41,775][com.java.SeleniumDriver] [  879] - {Data Fields & Data Values Exist}
[INFO ][2015-12-07 19:37:41,775][com.java.SeleniumDriver] [  881] - --------------------------setting values-----------------------------
[INFO ][2015-12-07 19:37:41,775][com.java.SeleniumDriver] [  884] - Action Type : SELECTFRAME
[INFO ][2015-12-07 19:37:41,785][com.java.SeleniumDriver] [  893] -  RESULT true
[INFO ][2015-12-07 19:37:41,785][com.java.SeleniumDriver] [ 1099] - ?   P A S S   ?
[INFO ][2015-12-07 19:37:41,785][com.java.SeleniumDriver] [  820] - ------------------------------------------
[INFO ][2015-12-07 19:37:41,785][com.java.SeleniumDriver] [  821] - Test case being Executed: 6
[INFO ][2015-12-07 19:37:41,785][com.java.SeleniumDriver] [  832] - Test step:41
[INFO ][2015-12-07 19:37:41,785][com.java.SeleniumDriver] [  844] - Datavalue is----------Forecasting 
[INFO ][2015-12-07 19:37:41,785][com.java.SeleniumDriver] [  868] - DataField : TTL
[INFO ][2015-12-07 19:37:41,785][com.java.SeleniumDriver] [  870] - DataValue : Forecasting 
[INFO ][2015-12-07 19:37:41,785][com.java.SeleniumDriver] [  876] - <In Set values of the page>
[INFO ][2015-12-07 19:37:41,785][com.java.SeleniumDriver] [  879] - {Data Fields & Data Values Exist}
[INFO ][2015-12-07 19:37:41,785][com.java.SeleniumDriver] [  881] - --------------------------setting values-----------------------------
[INFO ][2015-12-07 19:37:41,785][com.java.SeleniumDriver] [  884] - Action Type : CLOSEWINDOW
[INFO ][2015-12-07 19:37:42,075][com.java.SeleniumDriver] [  893] -  RESULT true
[INFO ][2015-12-07 19:37:42,075][com.java.SeleniumDriver] [ 1099] - ?   P A S S   ?
[INFO ][2015-12-07 19:37:42,075][com.java.SeleniumDriver] [  820] - ------------------------------------------
[INFO ][2015-12-07 19:37:42,075][com.java.SeleniumDriver] [  821] - Test case being Executed: 6
[INFO ][2015-12-07 19:37:42,075][com.java.SeleniumDriver] [  832] - Test step:42
[INFO ][2015-12-07 19:37:42,075][com.java.SeleniumDriver] [  844] - Datavalue is----------5
[INFO ][2015-12-07 19:37:42,075][com.java.SeleniumDriver] [  868] - DataField : null
[INFO ][2015-12-07 19:37:42,075][com.java.SeleniumDriver] [  870] - DataValue : 5
[INFO ][2015-12-07 19:37:42,075][com.java.SeleniumDriver] [  876] - <In Set values of the page>
[INFO ][2015-12-07 19:37:42,075][com.java.SeleniumDriver] [  879] - {Data Fields & Data Values Exist}
[INFO ][2015-12-07 19:37:42,075][com.java.SeleniumDriver] [  881] - --------------------------setting values-----------------------------
[INFO ][2015-12-07 19:37:42,075][com.java.SeleniumDriver] [  884] - Action Type : WAITTIME
[DEBUG][2015-12-07 19:37:42,075][com.java.TestType] [ 5250] - sleepTime: 5000
[INFO ][2015-12-07 19:37:47,074][com.java.SeleniumDriver] [  893] -  RESULT true
[INFO ][2015-12-07 19:37:47,074][com.java.SeleniumDriver] [ 1099] - ?   P A S S   ?
[INFO ][2015-12-07 19:37:47,074][com.java.SeleniumDriver] [  820] - ------------------------------------------
[INFO ][2015-12-07 19:37:47,074][com.java.SeleniumDriver] [  821] - Test case being Executed: 6
[INFO ][2015-12-07 19:37:47,074][com.java.SeleniumDriver] [  832] - Test step:43
[INFO ][2015-12-07 19:37:47,074][com.java.SeleniumDriver] [  844] - Datavalue is----------Banker'sDashboard
[INFO ][2015-12-07 19:37:47,074][com.java.SeleniumDriver] [  868] - DataField : TTL
[INFO ][2015-12-07 19:37:47,074][com.java.SeleniumDriver] [  870] - DataValue : Banker'sDashboard
[INFO ][2015-12-07 19:37:47,074][com.java.SeleniumDriver] [  876] - <In Set values of the page>
[INFO ][2015-12-07 19:37:47,074][com.java.SeleniumDriver] [  879] - {Data Fields & Data Values Exist}
[INFO ][2015-12-07 19:37:47,074][com.java.SeleniumDriver] [  881] - --------------------------setting values-----------------------------
[INFO ][2015-12-07 19:37:47,074][com.java.SeleniumDriver] [  884] - Action Type : SelectWindow
[INFO ][2015-12-07 19:37:59,228][com.java.SeleniumDriver] [  893] -  RESULT true
[INFO ][2015-12-07 19:37:59,228][com.java.SeleniumDriver] [ 1099] - ?   P A S S   ?
[INFO ][2015-12-07 19:37:59,228][com.java.SeleniumDriver] [  820] - ------------------------------------------
[INFO ][2015-12-07 19:37:59,228][com.java.SeleniumDriver] [  821] - Test case being Executed: 6
[INFO ][2015-12-07 19:37:59,228][com.java.SeleniumDriver] [  832] - Test step:44
[INFO ][2015-12-07 19:37:59,228][com.java.SeleniumDriver] [  844] - Datavalue is----------Logout
[INFO ][2015-12-07 19:37:59,228][com.java.SeleniumDriver] [  868] - DataField : test
[INFO ][2015-12-07 19:37:59,228][com.java.SeleniumDriver] [  870] - DataValue : Logout
[INFO ][2015-12-07 19:37:59,228][com.java.SeleniumDriver] [  876] - <In Set values of the page>
[INFO ][2015-12-07 19:37:59,228][com.java.SeleniumDriver] [  879] - {Data Fields & Data Values Exist}
[INFO ][2015-12-07 19:37:59,228][com.java.SeleniumDriver] [  881] - --------------------------setting values-----------------------------
[INFO ][2015-12-07 19:37:59,228][com.java.SeleniumDriver] [  884] - Action Type : Logout
[INFO ][2015-12-07 19:38:01,508][com.java.TestType] [ 5758] - Field ::CNF
[ERROR][2015-12-07 19:38:02,610][com.java.TestType] [ 6026] - Exception in click:: No alert is active (WARNING: The server did not provide any stacktrace information)
Command duration or timeout: 100 milliseconds
Build info: version: '2.48.2', revision: '41bccdd', time: '2015-10-09 19:59:12'
System info: host: 'FVTIII438F1D', ip: '172.17.68.34', os.name: 'Windows 7', os.arch: 'x86', os.version: '6.1', java.version: '1.7.0_55'
Session ID: b50e58e4-99a0-4243-b032-c9b620c5a78e
Driver info: org.openqa.selenium.ie.InternetExplorerDriver
Capabilities [{platform=WINDOWS, javascriptEnabled=true, elementScrollBehavior=0, ignoreZoomSetting=false, enablePersistentHover=true, ie.ensureCleanSession=false, browserName=internet explorer, enableElementCacheCleanup=true, unexpectedAlertBehaviour=dismiss, version=10, ie.usePerProcessProxy=false, ignoreProtectedModeSettings=true, cssSelectorsEnabled=true, requireWindowFocus=false, initialBrowserUrl=http://localhost:44901/, handlesAlerts=true, ie.forceCreateProcessApi=false, nativeEvents=true, browserAttachTimeout=0, ie.browserCommandLineSwitches=, takesScreenshot=true}]
[INFO ][2015-12-07 19:38:02,610][com.java.TestType] [ 6030] - Element :::: not found
[DEBUG][2015-12-07 19:38:04,290][com.java.SeleniumDriver] [  426] - Hub ip address is-------172.17.68.34
[INFO ][2015-12-07 19:38:04,290][com.java.SeleniumDriver] [  452] - Grid URL:http://172.17.68.34:4444/wd/hub
[INFO ][2015-12-07 19:38:04,290][com.java.SeleniumDriver] [  453] - Capability:Capabilities [{platform=ANY, ensureCleanSession=true, ignoreProtectedModeSettings=true, acceptSslCerts=true, ignoreZoomSetting=true, browserName=internet explorer, browserstack.ie.noFlash=true, version=null}]
[ERROR][2015-12-07 19:38:05,310][com.java.SeleniumDriver] [  497] - Unable invoke browser in grid:Could not start a new session. Possible causes are invalid address of the remote server or browser start-up failure.
Build info: version: '2.48.2', revision: '41bccdd', time: '2015-10-09 19:59:12'
System info: host: 'FVTIII438F1D', ip: '172.17.68.34', os.name: 'Windows 7', os.arch: 'x86', os.version: '6.1', java.version: '1.7.0_55'
Driver info: driver.version: SeleniumDriver
[INFO ][2015-12-07 19:38:05,310][com.java.SeleniumDriver] [  499] - Executing on local machine
[INFO ][2015-12-07 19:38:15,103][com.java.SeleniumDriver] [  893] -  RESULT true
[INFO ][2015-12-07 19:38:15,103][com.java.SeleniumDriver] [ 1099] - ?   P A S S   ?
[INFO ][2015-12-07 19:38:15,103][com.java.SeleniumDriver] [  820] - ------------------------------------------
[INFO ][2015-12-07 19:38:15,103][com.java.SeleniumDriver] [  821] - Test case being Executed: 6
[INFO ][2015-12-07 19:38:15,103][com.java.SeleniumDriver] [  832] - Test step:45
[INFO ][2015-12-07 19:38:15,103][com.java.SeleniumDriver] [  844] - Datavalue is----------Logout
[INFO ][2015-12-07 19:38:15,103][com.java.SeleniumDriver] [  868] - DataField : BTN
[INFO ][2015-12-07 19:38:15,103][com.java.SeleniumDriver] [  870] - DataValue : Logout
[INFO ][2015-12-07 19:38:15,103][com.java.SeleniumDriver] [  876] - <In Set values of the page>
[INFO ][2015-12-07 19:38:15,103][com.java.SeleniumDriver] [  879] - {Data Fields & Data Values Exist}
[INFO ][2015-12-07 19:38:15,103][com.java.SeleniumDriver] [  881] - --------------------------setting values-----------------------------
[INFO ][2015-12-07 19:38:15,103][com.java.SeleniumDriver] [  884] - Action Type : Verify
[INFO ][2015-12-07 19:38:15,103][com.java.TestType] [ 6636] - field= BTN value= Logout
[INFO ][2015-12-07 19:38:15,103][com.java.TestType] [ 5430] - value = Logout
[DEBUG][2015-12-07 19:38:51,307][com.java.TestType] [ 6346] - Logout   :: Element not Found
[ERROR][2015-12-07 19:39:08,342][com.java.TestType] [ 7347] - Assertion Error: 
[INFO ][2015-12-07 19:39:08,342][com.java.SeleniumDriver] [  893] -  RESULT false
[INFO ][2015-12-07 19:39:08,342][com.java.SeleniumDriver] [  940] - ?   F A I L   ?
[INFO ][2015-12-07 19:39:08,342][com.java.SeleniumDriver] [  948] - Browser Type : IE10
[INFO ][2015-12-07 19:39:08,342][com.java.SeleniumDriver] [  949] - Adding Failed case6
[DEBUG][2015-12-07 19:39:08,413][com.java.SeleniumDriver] [ 1017] -  tdd.getCondition() IF:49:Next
[INFO ][2015-12-07 19:39:08,413][com.java.SeleniumDriver] [ 1021] - Continue next step...
[INFO ][2015-12-07 19:39:08,413][com.java.SeleniumDriver] [  820] - ------------------------------------------
[INFO ][2015-12-07 19:39:08,413][com.java.SeleniumDriver] [  821] - Test case being Executed: 6
[INFO ][2015-12-07 19:39:08,413][com.java.SeleniumDriver] [  832] - Test step:46
[INFO ][2015-12-07 19:39:08,423][com.java.SeleniumDriver] [  844] - Datavalue is----------Concept#1:1-14
[INFO ][2015-12-07 19:39:08,423][com.java.SeleniumDriver] [  868] - DataField : test
[INFO ][2015-12-07 19:39:08,423][com.java.SeleniumDriver] [  870] - DataValue : Concept#1:1-14
[INFO ][2015-12-07 19:39:08,423][com.java.SeleniumDriver] [  876] - <In Set values of the page>
[INFO ][2015-12-07 19:39:08,423][com.java.SeleniumDriver] [  879] - {Data Fields & Data Values Exist}
[INFO ][2015-12-07 19:39:08,423][com.java.SeleniumDriver] [  881] - --------------------------setting values-----------------------------
[INFO ][2015-12-07 19:39:08,423][com.java.SeleniumDriver] [  884] - Action Type : ExecuteTestCase
[INFO ][2015-12-07 19:39:08,423][com.java.TestType] [  436] - The Concept sheet name is ---------- Concept
[INFO ][2015-12-07 19:39:08,423][com.java.TestType] [  439] - The Concept ID  is ---------- 1
[DEBUG][2015-12-07 19:39:08,423][com.java.TestType] [  443] - Steps being executted in the Concept are: 1:14
[INFO ][2015-12-07 19:39:08,423][com.java.TestType] [  450] - Test data details path ---------- D:\BankersDashboard\TestInputs\TestData.xls
[INFO ][2015-12-07 19:39:08,453][com.java.TestType] [  481] -  str(1) = 1
[INFO ][2015-12-07 19:39:08,453][com.java.TestType] [  484] - Test case Id is---1
[INFO ][2015-12-07 19:39:08,453][com.java.TestType] [  486] - 1
[INFO ][2015-12-07 19:39:08,453][com.java.TestType] [  481] -  str(2) = 1
[INFO ][2015-12-07 19:39:08,453][com.java.TestType] [  533] - row values are--------{1=com.java.Objects.TestDataDetails@1176cb9}
[INFO ][2015-12-07 19:39:08,453][com.java.TestType] [  481] -  str(1) = 1
[INFO ][2015-12-07 19:39:08,453][com.java.TestType] [  484] - Test case Id is---1
[INFO ][2015-12-07 19:39:08,453][com.java.TestType] [  486] - 1
[INFO ][2015-12-07 19:39:08,453][com.java.TestType] [  481] -  str(2) = 2
[INFO ][2015-12-07 19:39:08,453][com.java.TestType] [  533] - row values are--------{1=com.java.Objects.TestDataDetails@1176cb9, 2=com.java.Objects.TestDataDetails@98dfd5}
[INFO ][2015-12-07 19:39:08,453][com.java.TestType] [  481] -  str(1) = 1
[INFO ][2015-12-07 19:39:08,453][com.java.TestType] [  484] - Test case Id is---1
[INFO ][2015-12-07 19:39:08,453][com.java.TestType] [  486] - 1
[INFO ][2015-12-07 19:39:08,453][com.java.TestType] [  481] -  str(2) = 3
[INFO ][2015-12-07 19:39:08,453][com.java.TestType] [  533] - row values are--------{1=com.java.Objects.TestDataDetails@1176cb9, 2=com.java.Objects.TestDataDetails@98dfd5, 3=com.java.Objects.TestDataDetails@199d4f9}
[INFO ][2015-12-07 19:39:08,453][com.java.TestType] [  481] -  str(1) = 1
[INFO ][2015-12-07 19:39:08,453][com.java.TestType] [  484] - Test case Id is---1
[INFO ][2015-12-07 19:39:08,453][com.java.TestType] [  486] - 1
[INFO ][2015-12-07 19:39:08,453][com.java.TestType] [  481] -  str(2) = 4
[INFO ][2015-12-07 19:39:08,453][com.java.TestType] [  533] - row values are--------{1=com.java.Objects.TestDataDetails@1176cb9, 2=com.java.Objects.TestDataDetails@98dfd5, 3=com.java.Objects.TestDataDetails@199d4f9, 4=com.java.Objects.TestDataDetails@1bd9675}
[INFO ][2015-12-07 19:39:08,453][com.java.TestType] [  481] -  str(1) = 1
[INFO ][2015-12-07 19:39:08,453][com.java.TestType] [  484] - Test case Id is---1
[INFO ][2015-12-07 19:39:08,453][com.java.TestType] [  486] - 1
[INFO ][2015-12-07 19:39:08,453][com.java.TestType] [  481] -  str(2) = 5
[INFO ][2015-12-07 19:39:08,453][com.java.TestType] [  533] - row values are--------{1=com.java.Objects.TestDataDetails@1176cb9, 2=com.java.Objects.TestDataDetails@98dfd5, 3=com.java.Objects.TestDataDetails@199d4f9, 4=com.java.Objects.TestDataDetails@1bd9675, 5=com.java.Objects.TestDataDetails@ad106f}
[INFO ][2015-12-07 19:39:08,453][com.java.TestType] [  481] -  str(1) = 1
[INFO ][2015-12-07 19:39:08,453][com.java.TestType] [  484] - Test case Id is---1
[INFO ][2015-12-07 19:39:08,453][com.java.TestType] [  486] - 1
[INFO ][2015-12-07 19:39:08,453][com.java.TestType] [  481] -  str(2) = 6
[INFO ][2015-12-07 19:39:08,453][com.java.TestType] [  533] - row values are--------{1=com.java.Objects.TestDataDetails@1176cb9, 2=com.java.Objects.TestDataDetails@98dfd5, 3=com.java.Objects.TestDataDetails@199d4f9, 4=com.java.Objects.TestDataDetails@1bd9675, 5=com.java.Objects.TestDataDetails@ad106f, 6=com.java.Objects.TestDataDetails@1e7a5bd}
[INFO ][2015-12-07 19:39:08,463][com.java.TestType] [  481] -  str(1) = 1
[INFO ][2015-12-07 19:39:08,463][com.java.TestType] [  484] - Test case Id is---1
[INFO ][2015-12-07 19:39:08,463][com.java.TestType] [  486] - 1
[INFO ][2015-12-07 19:39:08,463][com.java.TestType] [  481] -  str(2) = 7
[INFO ][2015-12-07 19:39:08,463][com.java.TestType] [  533] - row values are--------{1=com.java.Objects.TestDataDetails@1176cb9, 2=com.java.Objects.TestDataDetails@98dfd5, 3=com.java.Objects.TestDataDetails@199d4f9, 4=com.java.Objects.TestDataDetails@1bd9675, 5=com.java.Objects.TestDataDetails@ad106f, 6=com.java.Objects.TestDataDetails@1e7a5bd, 7=com.java.Objects.TestDataDetails@d33a09}
[INFO ][2015-12-07 19:39:08,463][com.java.TestType] [  481] -  str(1) = 1
[INFO ][2015-12-07 19:39:08,463][com.java.TestType] [  484] - Test case Id is---1
[INFO ][2015-12-07 19:39:08,463][com.java.TestType] [  486] - 1
[INFO ][2015-12-07 19:39:08,463][com.java.TestType] [  481] -  str(2) = 8
[INFO ][2015-12-07 19:39:08,463][com.java.TestType] [  533] - row values are--------{1=com.java.Objects.TestDataDetails@1176cb9, 2=com.java.Objects.TestDataDetails@98dfd5, 3=com.java.Objects.TestDataDetails@199d4f9, 4=com.java.Objects.TestDataDetails@1bd9675, 5=com.java.Objects.TestDataDetails@ad106f, 6=com.java.Objects.TestDataDetails@1e7a5bd, 7=com.java.Objects.TestDataDetails@d33a09, 8=com.java.Objects.TestDataDetails@1365339}
[INFO ][2015-12-07 19:39:08,463][com.java.TestType] [  481] -  str(1) = 1
[INFO ][2015-12-07 19:39:08,463][com.java.TestType] [  484] - Test case Id is---1
[INFO ][2015-12-07 19:39:08,463][com.java.TestType] [  486] - 1
[INFO ][2015-12-07 19:39:08,463][com.java.TestType] [  481] -  str(2) = 9
[INFO ][2015-12-07 19:39:08,463][com.java.TestType] [  533] - row values are--------{1=com.java.Objects.TestDataDetails@1176cb9, 2=com.java.Objects.TestDataDetails@98dfd5, 3=com.java.Objects.TestDataDetails@199d4f9, 4=com.java.Objects.TestDataDetails@1bd9675, 5=com.java.Objects.TestDataDetails@ad106f, 6=com.java.Objects.TestDataDetails@1e7a5bd, 7=com.java.Objects.TestDataDetails@d33a09, 8=com.java.Objects.TestDataDetails@1365339, 9=com.java.Objects.TestDataDetails@e9815a}
[INFO ][2015-12-07 19:39:08,463][com.java.TestType] [  481] -  str(1) = 1
[INFO ][2015-12-07 19:39:08,463][com.java.TestType] [  484] - Test case Id is---1
[INFO ][2015-12-07 19:39:08,463][com.java.TestType] [  486] - 1
[INFO ][2015-12-07 19:39:08,463][com.java.TestType] [  481] -  str(2) = 10
[INFO ][2015-12-07 19:39:08,463][com.java.TestType] [  533] - row values are--------{1=com.java.Objects.TestDataDetails@1176cb9, 2=com.java.Objects.TestDataDetails@98dfd5, 3=com.java.Objects.TestDataDetails@199d4f9, 4=com.java.Objects.TestDataDetails@1bd9675, 5=com.java.Objects.TestDataDetails@ad106f, 6=com.java.Objects.TestDataDetails@1e7a5bd, 7=com.java.Objects.TestDataDetails@d33a09, 8=com.java.Objects.TestDataDetails@1365339, 9=com.java.Objects.TestDataDetails@e9815a, 10=com.java.Objects.TestDataDetails@c82e09}
[INFO ][2015-12-07 19:39:08,463][com.java.TestType] [  481] -  str(1) = 1
[INFO ][2015-12-07 19:39:08,463][com.java.TestType] [  484] - Test case Id is---1
[INFO ][2015-12-07 19:39:08,463][com.java.TestType] [  486] - 1
[INFO ][2015-12-07 19:39:08,463][com.java.TestType] [  481] -  str(2) = 11
[INFO ][2015-12-07 19:39:08,463][com.java.TestType] [  533] - row values are--------{1=com.java.Objects.TestDataDetails@1176cb9, 2=com.java.Objects.TestDataDetails@98dfd5, 3=com.java.Objects.TestDataDetails@199d4f9, 4=com.java.Objects.TestDataDetails@1bd9675, 5=com.java.Objects.TestDataDetails@ad106f, 6=com.java.Objects.TestDataDetails@1e7a5bd, 7=com.java.Objects.TestDataDetails@d33a09, 8=com.java.Objects.TestDataDetails@1365339, 9=com.java.Objects.TestDataDetails@e9815a, 10=com.java.Objects.TestDataDetails@c82e09, 11=com.java.Objects.TestDataDetails@1db635a}
[INFO ][2015-12-07 19:39:08,463][com.java.TestType] [  481] -  str(1) = 1
[INFO ][2015-12-07 19:39:08,463][com.java.TestType] [  484] - Test case Id is---1
[INFO ][2015-12-07 19:39:08,463][com.java.TestType] [  486] - 1
[INFO ][2015-12-07 19:39:08,463][com.java.TestType] [  481] -  str(2) = 12
[INFO ][2015-12-07 19:39:08,463][com.java.TestType] [  533] - row values are--------{1=com.java.Objects.TestDataDetails@1176cb9, 2=com.java.Objects.TestDataDetails@98dfd5, 3=com.java.Objects.TestDataDetails@199d4f9, 4=com.java.Objects.TestDataDetails@1bd9675, 5=com.java.Objects.TestDataDetails@ad106f, 6=com.java.Objects.TestDataDetails@1e7a5bd, 7=com.java.Objects.TestDataDetails@d33a09, 8=com.java.Objects.TestDataDetails@1365339, 9=com.java.Objects.TestDataDetails@e9815a, 10=com.java.Objects.TestDataDetails@c82e09, 11=com.java.Objects.TestDataDetails@1db635a, 12=com.java.Objects.TestDataDetails@b84ffc}
[INFO ][2015-12-07 19:39:08,463][com.java.TestType] [  481] -  str(1) = 1
[INFO ][2015-12-07 19:39:08,463][com.java.TestType] [  484] - Test case Id is---1
[INFO ][2015-12-07 19:39:08,463][com.java.TestType] [  486] - 1
[INFO ][2015-12-07 19:39:08,463][com.java.TestType] [  481] -  str(2) = 13
[INFO ][2015-12-07 19:39:08,463][com.java.TestType] [  533] - row values are--------{1=com.java.Objects.TestDataDetails@1176cb9, 2=com.java.Objects.TestDataDetails@98dfd5, 3=com.java.Objects.TestDataDetails@199d4f9, 4=com.java.Objects.TestDataDetails@1bd9675, 5=com.java.Objects.TestDataDetails@ad106f, 6=com.java.Objects.TestDataDetails@1e7a5bd, 7=com.java.Objects.TestDataDetails@d33a09, 8=com.java.Objects.TestDataDetails@1365339, 9=com.java.Objects.TestDataDetails@e9815a, 10=com.java.Objects.TestDataDetails@c82e09, 11=com.java.Objects.TestDataDetails@1db635a, 12=com.java.Objects.TestDataDetails@b84ffc, 13=com.java.Objects.TestDataDetails@1fd466}
[INFO ][2015-12-07 19:39:08,463][com.java.TestType] [  481] -  str(1) = 1
[INFO ][2015-12-07 19:39:08,463][com.java.TestType] [  484] - Test case Id is---1
[INFO ][2015-12-07 19:39:08,463][com.java.TestType] [  486] - 1
[INFO ][2015-12-07 19:39:08,463][com.java.TestType] [  481] -  str(2) = 14
[INFO ][2015-12-07 19:39:08,463][com.java.TestType] [  533] - row values are--------{1=com.java.Objects.TestDataDetails@1176cb9, 2=com.java.Objects.TestDataDetails@98dfd5, 3=com.java.Objects.TestDataDetails@199d4f9, 4=com.java.Objects.TestDataDetails@1bd9675, 5=com.java.Objects.TestDataDetails@ad106f, 6=com.java.Objects.TestDataDetails@1e7a5bd, 7=com.java.Objects.TestDataDetails@d33a09, 8=com.java.Objects.TestDataDetails@1365339, 9=com.java.Objects.TestDataDetails@e9815a, 10=com.java.Objects.TestDataDetails@c82e09, 11=com.java.Objects.TestDataDetails@1db635a, 12=com.java.Objects.TestDataDetails@b84ffc, 13=com.java.Objects.TestDataDetails@1fd466, 14=com.java.Objects.TestDataDetails@1b43df3}
[INFO ][2015-12-07 19:39:08,463][com.java.TestType] [  481] -  str(1) = 1
[INFO ][2015-12-07 19:39:08,463][com.java.TestType] [  484] - Test case Id is---1
[INFO ][2015-12-07 19:39:08,463][com.java.TestType] [  486] - 1
[INFO ][2015-12-07 19:39:08,463][com.java.TestType] [  481] -  str(2) = 15
[INFO ][2015-12-07 19:39:08,463][com.java.TestType] [  533] - row values are--------{1=com.java.Objects.TestDataDetails@1176cb9, 2=com.java.Objects.TestDataDetails@98dfd5, 3=com.java.Objects.TestDataDetails@199d4f9, 4=com.java.Objects.TestDataDetails@1bd9675, 5=com.java.Objects.TestDataDetails@ad106f, 6=com.java.Objects.TestDataDetails@1e7a5bd, 7=com.java.Objects.TestDataDetails@d33a09, 8=com.java.Objects.TestDataDetails@1365339, 9=com.java.Objects.TestDataDetails@e9815a, 10=com.java.Objects.TestDataDetails@c82e09, 11=com.java.Objects.TestDataDetails@1db635a, 12=com.java.Objects.TestDataDetails@b84ffc, 13=com.java.Objects.TestDataDetails@1fd466, 14=com.java.Objects.TestDataDetails@1b43df3, 15=com.java.Objects.TestDataDetails@1c7c601}
[INFO ][2015-12-07 19:39:08,463][com.java.TestType] [  481] -  str(1) = 1
[INFO ][2015-12-07 19:39:08,463][com.java.TestType] [  484] - Test case Id is---1
[INFO ][2015-12-07 19:39:08,463][com.java.TestType] [  486] - 1
[INFO ][2015-12-07 19:39:08,463][com.java.TestType] [  481] -  str(2) = 16
[INFO ][2015-12-07 19:39:08,463][com.java.TestType] [  533] - row values are--------{1=com.java.Objects.TestDataDetails@1176cb9, 2=com.java.Objects.TestDataDetails@98dfd5, 3=com.java.Objects.TestDataDetails@199d4f9, 4=com.java.Objects.TestDataDetails@1bd9675, 5=com.java.Objects.TestDataDetails@ad106f, 6=com.java.Objects.TestDataDetails@1e7a5bd, 7=com.java.Objects.TestDataDetails@d33a09, 8=com.java.Objects.TestDataDetails@1365339, 9=com.java.Objects.TestDataDetails@e9815a, 10=com.java.Objects.TestDataDetails@c82e09, 11=com.java.Objects.TestDataDetails@1db635a, 12=com.java.Objects.TestDataDetails@b84ffc, 13=com.java.Objects.TestDataDetails@1fd466, 14=com.java.Objects.TestDataDetails@1b43df3, 15=com.java.Objects.TestDataDetails@1c7c601, 16=com.java.Objects.TestDataDetails@1bd6867}
[INFO ][2015-12-07 19:39:08,463][com.java.TestType] [ 9944] - Looping 1TCID = 1
[DEBUG][2015-12-07 19:39:08,473][com.java.TestType] [ 9985] - Concept ID:1 :: Step being Executed: 1::1
[INFO ][2015-12-07 19:39:08,473][com.java.TestType] [10023] - dataFields : TXTusername
[DEBUG][2015-12-07 19:39:08,473][com.java.TestType] [10029] - <In Set values of the page>
[DEBUG][2015-12-07 19:39:08,473][com.java.TestType] [10034] - {Data Fields & Data Values Exist}
[INFO ][2015-12-07 19:39:08,473][com.java.TestType] [10040] - --------------------------setting values-----------------------------
[INFO ][2015-12-07 19:39:08,473][com.java.TestType] [10043] - Action Type : CLEARANDENTER
[INFO ][2015-12-07 19:39:08,473][com.java.TestType] [ 5430] - value = naresh.nayini.00000
[INFO ][2015-12-07 19:39:13,217][com.java.TestType] [10062] -  RESULT true
[INFO ][2015-12-07 19:39:13,217][com.java.TestType] [10179] - ?   P A S S   ?
[DEBUG][2015-12-07 19:39:13,217][com.java.TestType] [ 9985] - Concept ID:1 :: Step being Executed: 1::2
[INFO ][2015-12-07 19:39:13,217][com.java.TestType] [10023] - dataFields : TXTpassword
[DEBUG][2015-12-07 19:39:13,217][com.java.TestType] [10029] - <In Set values of the page>
[DEBUG][2015-12-07 19:39:13,217][com.java.TestType] [10034] - {Data Fields & Data Values Exist}
[INFO ][2015-12-07 19:39:13,217][com.java.TestType] [10040] - --------------------------setting values-----------------------------
[INFO ][2015-12-07 19:39:13,217][com.java.TestType] [10043] - Action Type : CLEARANDENTER
[INFO ][2015-12-07 19:39:13,217][com.java.TestType] [ 5430] - value = Password1*
[INFO ][2015-12-07 19:39:18,137][com.java.TestType] [10062] -  RESULT true
[INFO ][2015-12-07 19:39:18,137][com.java.TestType] [10179] - ?   P A S S   ?
[DEBUG][2015-12-07 19:39:18,137][com.java.TestType] [ 9985] - Concept ID:1 :: Step being Executed: 1::3
[ERROR][2015-12-07 19:39:18,137][com.java.TestType] [10018] - Exception: null
[INFO ][2015-12-07 19:39:18,137][com.java.TestType] [10023] - dataFields : XPH//button[@type='submit']
[DEBUG][2015-12-07 19:39:18,137][com.java.TestType] [10029] - <In Set values of the page>
[DEBUG][2015-12-07 19:39:18,137][com.java.TestType] [10034] - {Data Fields & Data Values Exist}
[INFO ][2015-12-07 19:39:18,137][com.java.TestType] [10040] - --------------------------setting values-----------------------------
[INFO ][2015-12-07 19:39:18,137][com.java.TestType] [10043] - Action Type : Click
[INFO ][2015-12-07 19:39:18,137][com.java.TestType] [ 5758] - Field ::XPH//button[@type='submit']
[INFO ][2015-12-07 19:39:19,137][com.java.TestType] [ 5852] - BEFORE CLICK
[INFO ][2015-12-07 19:39:19,947][com.java.TestType] [ 5860] - Unable to click the object Login
[INFO ][2015-12-07 19:39:19,947][com.java.TestType] [10062] -  RESULT true
[INFO ][2015-12-07 19:39:19,947][com.java.TestType] [10179] - ?   P A S S   ?
[DEBUG][2015-12-07 19:39:19,947][com.java.TestType] [ 9985] - Concept ID:1 :: Step being Executed: 1::4
[INFO ][2015-12-07 19:39:19,947][com.java.TestType] [10023] - dataFields : LNKLogout
[DEBUG][2015-12-07 19:39:19,947][com.java.TestType] [10029] - <In Set values of the page>
[DEBUG][2015-12-07 19:39:19,947][com.java.TestType] [10034] - {Data Fields & Data Values Exist}
[INFO ][2015-12-07 19:39:19,947][com.java.TestType] [10040] - --------------------------setting values-----------------------------
[INFO ][2015-12-07 19:39:19,947][com.java.TestType] [10043] - Action Type : WaitForElement
[INFO ][2015-12-07 19:39:27,446][com.java.TestType] [10062] -  RESULT true
[INFO ][2015-12-07 19:39:27,446][com.java.TestType] [10179] - ?   P A S S   ?
[INFO ][2015-12-07 19:39:27,446][com.java.TestType] [10250] - Looping End......
[INFO ][2015-12-07 19:39:27,446][com.java.SeleniumDriver] [  893] -  RESULT true
[INFO ][2015-12-07 19:39:27,446][com.java.SeleniumDriver] [ 1099] - ?   P A S S   ?
[INFO ][2015-12-07 19:39:27,446][com.java.SeleniumDriver] [  820] - ------------------------------------------
[INFO ][2015-12-07 19:39:27,446][com.java.SeleniumDriver] [  821] - Test case being Executed: 6
[INFO ][2015-12-07 19:39:27,446][com.java.SeleniumDriver] [  832] - Test step:47
[INFO ][2015-12-07 19:39:27,446][com.java.SeleniumDriver] [  844] - Datavalue is----------Concept#2:1-2
[INFO ][2015-12-07 19:39:27,446][com.java.SeleniumDriver] [  868] - DataField : test
[INFO ][2015-12-07 19:39:27,446][com.java.SeleniumDriver] [  870] - DataValue : Concept#2:1-2
[INFO ][2015-12-07 19:39:27,446][com.java.SeleniumDriver] [  876] - <In Set values of the page>
[INFO ][2015-12-07 19:39:27,446][com.java.SeleniumDriver] [  879] - {Data Fields & Data Values Exist}
[INFO ][2015-12-07 19:39:27,446][com.java.SeleniumDriver] [  881] - --------------------------setting values-----------------------------
[INFO ][2015-12-07 19:39:27,446][com.java.SeleniumDriver] [  884] - Action Type : ExecuteTestCase
[INFO ][2015-12-07 19:39:27,446][com.java.TestType] [  436] - The Concept sheet name is ---------- Concept
[INFO ][2015-12-07 19:39:27,446][com.java.TestType] [  439] - The Concept ID  is ---------- 2
[DEBUG][2015-12-07 19:39:27,446][com.java.TestType] [  443] - Steps being executted in the Concept are: 1:2
[INFO ][2015-12-07 19:39:27,446][com.java.TestType] [  450] - Test data details path ---------- D:\BankersDashboard\TestInputs\TestData.xls
[INFO ][2015-12-07 19:39:27,477][com.java.TestType] [  481] -  str(1) = 2
[INFO ][2015-12-07 19:39:27,477][com.java.TestType] [  484] - Test case Id is---2
[INFO ][2015-12-07 19:39:27,477][com.java.TestType] [  486] - 2
[INFO ][2015-12-07 19:39:27,477][com.java.TestType] [  481] -  str(2) = 1
[INFO ][2015-12-07 19:39:27,477][com.java.TestType] [  533] - row values are--------{1=com.java.Objects.TestDataDetails@156c089}
[INFO ][2015-12-07 19:39:27,477][com.java.TestType] [  481] -  str(1) = 2
[INFO ][2015-12-07 19:39:27,477][com.java.TestType] [  484] - Test case Id is---2
[INFO ][2015-12-07 19:39:27,477][com.java.TestType] [  486] - 2
[INFO ][2015-12-07 19:39:27,477][com.java.TestType] [  481] -  str(2) = 2
[INFO ][2015-12-07 19:39:27,487][com.java.TestType] [  533] - row values are--------{1=com.java.Objects.TestDataDetails@156c089, 2=com.java.Objects.TestDataDetails@1520584}
[INFO ][2015-12-07 19:39:27,487][com.java.TestType] [  481] -  str(1) = 2
[INFO ][2015-12-07 19:39:27,487][com.java.TestType] [  484] - Test case Id is---2
[INFO ][2015-12-07 19:39:27,487][com.java.TestType] [  486] - 2
[INFO ][2015-12-07 19:39:27,487][com.java.TestType] [  481] -  str(2) = 3
[INFO ][2015-12-07 19:39:27,487][com.java.TestType] [  533] - row values are--------{1=com.java.Objects.TestDataDetails@156c089, 2=com.java.Objects.TestDataDetails@1520584, 3=com.java.Objects.TestDataDetails@144b988}
[INFO ][2015-12-07 19:39:27,487][com.java.TestType] [ 9944] - Looping 1TCID = 2
[DEBUG][2015-12-07 19:39:27,487][com.java.TestType] [ 9985] - Concept ID:2 :: Step being Executed: 2::1
[INFO ][2015-12-07 19:39:27,487][com.java.TestType] [10023] - dataFields : BNK//select[@id='bank']
[DEBUG][2015-12-07 19:39:27,487][com.java.TestType] [10029] - <In Set values of the page>
[DEBUG][2015-12-07 19:39:27,487][com.java.TestType] [10034] - {Data Fields & Data Values Exist}
[INFO ][2015-12-07 19:39:27,487][com.java.TestType] [10040] - --------------------------setting values-----------------------------
[INFO ][2015-12-07 19:39:27,487][com.java.TestType] [10043] - Action Type : Select
[INFO ][2015-12-07 19:39:27,487][com.java.TestType] [ 5430] - value = PFC
[INFO ][2015-12-07 19:39:27,667][com.java.TestType] [10062] -  RESULT true
[INFO ][2015-12-07 19:39:27,667][com.java.TestType] [10179] - ?   P A S S   ?
[DEBUG][2015-12-07 19:39:27,667][com.java.TestType] [ 9985] - Concept ID:2 :: Step being Executed: 2::2
[INFO ][2015-12-07 19:39:27,667][com.java.TestType] [10023] - dataFields : LNKLogout
[DEBUG][2015-12-07 19:39:27,667][com.java.TestType] [10029] - <In Set values of the page>
[DEBUG][2015-12-07 19:39:27,667][com.java.TestType] [10034] - {Data Fields & Data Values Exist}
[INFO ][2015-12-07 19:39:27,667][com.java.TestType] [10040] - --------------------------setting values-----------------------------
[INFO ][2015-12-07 19:39:27,667][com.java.TestType] [10043] - Action Type : WaitTime
[DEBUG][2015-12-07 19:39:27,667][com.java.TestType] [ 5250] - sleepTime: 5000
[INFO ][2015-12-07 19:39:32,675][com.java.TestType] [10062] -  RESULT true
[INFO ][2015-12-07 19:39:32,675][com.java.TestType] [10179] - ?   P A S S   ?
[INFO ][2015-12-07 19:39:32,675][com.java.TestType] [10250] - Looping End......
[INFO ][2015-12-07 19:39:32,675][com.java.SeleniumDriver] [  893] -  RESULT true
[INFO ][2015-12-07 19:39:32,675][com.java.SeleniumDriver] [ 1099] - ?   P A S S   ?
[INFO ][2015-12-07 19:39:32,675][com.java.SeleniumDriver] [  820] - ------------------------------------------
[INFO ][2015-12-07 19:39:32,675][com.java.SeleniumDriver] [  821] - Test case being Executed: 6
[INFO ][2015-12-07 19:39:32,675][com.java.SeleniumDriver] [  832] - Test step:48
[INFO ][2015-12-07 19:39:32,675][com.java.SeleniumDriver] [  844] - Datavalue is----------null
[DEBUG][2015-12-07 19:39:32,675][com.java.SeleniumDriver] [  862] - Exception: null
[INFO ][2015-12-07 19:39:32,675][com.java.SeleniumDriver] [  868] - DataField : //span[@class='icon-stats']&&//a[@data-id="Forecasting"]
[INFO ][2015-12-07 19:39:32,675][com.java.SeleniumDriver] [  870] - DataValue : 
[INFO ][2015-12-07 19:39:32,675][com.java.SeleniumDriver] [  876] - <In Set values of the page>
[INFO ][2015-12-07 19:39:32,675][com.java.SeleniumDriver] [  879] - {Data Fields & Data Values Exist}
[INFO ][2015-12-07 19:39:32,675][com.java.SeleniumDriver] [  881] - --------------------------setting values-----------------------------
[INFO ][2015-12-07 19:39:32,675][com.java.SeleniumDriver] [  884] - Action Type : MOUSEOVER
[INFO ][2015-12-07 19:39:55,658][com.java.SeleniumDriver] [  893] -  RESULT true
[INFO ][2015-12-07 19:39:55,658][com.java.SeleniumDriver] [ 1099] - ?   P A S S   ?
[INFO ][2015-12-07 19:39:55,658][com.java.SeleniumDriver] [  820] - ------------------------------------------
[INFO ][2015-12-07 19:39:55,658][com.java.SeleniumDriver] [  821] - Test case being Executed: 6
[INFO ][2015-12-07 19:39:55,658][com.java.SeleniumDriver] [  832] - Test step:49
[INFO ][2015-12-07 19:39:55,658][com.java.SeleniumDriver] [  844] - Datavalue is----------5
[INFO ][2015-12-07 19:39:55,658][com.java.SeleniumDriver] [  868] - DataField : null
[INFO ][2015-12-07 19:39:55,658][com.java.SeleniumDriver] [  870] - DataValue : 5
[INFO ][2015-12-07 19:39:55,658][com.java.SeleniumDriver] [  876] - <In Set values of the page>
[INFO ][2015-12-07 19:39:55,658][com.java.SeleniumDriver] [  879] - {Data Fields & Data Values Exist}
[INFO ][2015-12-07 19:39:55,658][com.java.SeleniumDriver] [  881] - --------------------------setting values-----------------------------
[INFO ][2015-12-07 19:39:55,658][com.java.SeleniumDriver] [  884] - Action Type : WAITTIME
[DEBUG][2015-12-07 19:39:55,658][com.java.TestType] [ 5250] - sleepTime: 5000
[INFO ][2015-12-07 19:40:00,663][com.java.SeleniumDriver] [  893] -  RESULT true
[INFO ][2015-12-07 19:40:00,663][com.java.SeleniumDriver] [ 1099] - ?   P A S S   ?
[INFO ][2015-12-07 19:40:00,663][com.java.SeleniumDriver] [  820] - ------------------------------------------
[INFO ][2015-12-07 19:40:00,663][com.java.SeleniumDriver] [  821] - Test case being Executed: 6
[INFO ][2015-12-07 19:40:00,663][com.java.SeleniumDriver] [  832] - Test step:50
[INFO ][2015-12-07 19:40:00,663][com.java.SeleniumDriver] [  844] - Datavalue is----------Forecasting 
[INFO ][2015-12-07 19:40:00,663][com.java.SeleniumDriver] [  868] - DataField : TTL
[INFO ][2015-12-07 19:40:00,663][com.java.SeleniumDriver] [  870] - DataValue : Forecasting 
[INFO ][2015-12-07 19:40:00,663][com.java.SeleniumDriver] [  876] - <In Set values of the page>
[INFO ][2015-12-07 19:40:00,663][com.java.SeleniumDriver] [  879] - {Data Fields & Data Values Exist}
[INFO ][2015-12-07 19:40:00,663][com.java.SeleniumDriver] [  881] - --------------------------setting values-----------------------------
[INFO ][2015-12-07 19:40:00,663][com.java.SeleniumDriver] [  884] - Action Type : SELECTWINDOW
[INFO ][2015-12-07 19:40:13,240][com.java.SeleniumDriver] [  893] -  RESULT true
[INFO ][2015-12-07 19:40:13,240][com.java.SeleniumDriver] [ 1099] - ?   P A S S   ?
[INFO ][2015-12-07 19:40:13,240][com.java.SeleniumDriver] [  820] - ------------------------------------------
[INFO ][2015-12-07 19:40:13,240][com.java.SeleniumDriver] [  821] - Test case being Executed: 6
[INFO ][2015-12-07 19:40:13,240][com.java.SeleniumDriver] [  832] - Test step:51
[INFO ][2015-12-07 19:40:13,240][com.java.SeleniumDriver] [  844] - Datavalue is----------10
[INFO ][2015-12-07 19:40:13,240][com.java.SeleniumDriver] [  868] - DataField : DSP//span[contains(text(),'Forecasting')]
[INFO ][2015-12-07 19:40:13,240][com.java.SeleniumDriver] [  870] - DataValue : 10
[INFO ][2015-12-07 19:40:13,240][com.java.SeleniumDriver] [  876] - <In Set values of the page>
[INFO ][2015-12-07 19:40:13,240][com.java.SeleniumDriver] [  879] - {Data Fields & Data Values Exist}
[INFO ][2015-12-07 19:40:13,240][com.java.SeleniumDriver] [  881] - --------------------------setting values-----------------------------
[INFO ][2015-12-07 19:40:13,240][com.java.SeleniumDriver] [  884] - Action Type : WAITFORELEMENT
[INFO ][2015-12-07 19:40:13,360][com.java.SeleniumDriver] [  893] -  RESULT true
[INFO ][2015-12-07 19:40:13,360][com.java.SeleniumDriver] [ 1099] - ?   P A S S   ?
[INFO ][2015-12-07 19:40:13,360][com.java.SeleniumDriver] [  820] - ------------------------------------------
[INFO ][2015-12-07 19:40:13,360][com.java.SeleniumDriver] [  821] - Test case being Executed: 6
[INFO ][2015-12-07 19:40:13,360][com.java.SeleniumDriver] [  832] - Test step:52
[INFO ][2015-12-07 19:40:13,360][com.java.SeleniumDriver] [  844] - Datavalue is----------null
[DEBUG][2015-12-07 19:40:13,360][com.java.SeleniumDriver] [  862] - Exception: null
[INFO ][2015-12-07 19:40:13,360][com.java.SeleniumDriver] [  868] - DataField : BTNframeDialogContent
[INFO ][2015-12-07 19:40:13,360][com.java.SeleniumDriver] [  870] - DataValue : 
[INFO ][2015-12-07 19:40:13,360][com.java.SeleniumDriver] [  876] - <In Set values of the page>
[INFO ][2015-12-07 19:40:13,360][com.java.SeleniumDriver] [  879] - {Data Fields & Data Values Exist}
[INFO ][2015-12-07 19:40:13,360][com.java.SeleniumDriver] [  881] - --------------------------setting values-----------------------------
[INFO ][2015-12-07 19:40:13,360][com.java.SeleniumDriver] [  884] - Action Type : SELECTFRAME
[INFO ][2015-12-07 19:40:14,481][com.java.SeleniumDriver] [  893] -  RESULT true
[INFO ][2015-12-07 19:40:14,481][com.java.SeleniumDriver] [ 1099] - ?   P A S S   ?
[INFO ][2015-12-07 19:40:14,481][com.java.SeleniumDriver] [  820] - ------------------------------------------
[INFO ][2015-12-07 19:40:14,481][com.java.SeleniumDriver] [  821] - Test case being Executed: 6
[INFO ][2015-12-07 19:40:14,481][com.java.SeleniumDriver] [  832] - Test step:53
[INFO ][2015-12-07 19:40:14,481][com.java.SeleniumDriver] [  844] - Datavalue is----------10
[INFO ][2015-12-07 19:40:14,481][com.java.SeleniumDriver] [  868] - DataField : DSPddlProjects
[INFO ][2015-12-07 19:40:14,481][com.java.SeleniumDriver] [  870] - DataValue : 10
[INFO ][2015-12-07 19:40:14,481][com.java.SeleniumDriver] [  876] - <In Set values of the page>
[INFO ][2015-12-07 19:40:14,481][com.java.SeleniumDriver] [  879] - {Data Fields & Data Values Exist}
[INFO ][2015-12-07 19:40:14,481][com.java.SeleniumDriver] [  881] - --------------------------setting values-----------------------------
[INFO ][2015-12-07 19:40:14,481][com.java.SeleniumDriver] [  884] - Action Type : WAITFORELEMENT
[INFO ][2015-12-07 19:40:15,792][com.java.SeleniumDriver] [  893] -  RESULT true
[INFO ][2015-12-07 19:40:15,792][com.java.SeleniumDriver] [ 1099] - ?   P A S S   ?
[INFO ][2015-12-07 19:40:15,792][com.java.SeleniumDriver] [  820] - ------------------------------------------
[INFO ][2015-12-07 19:40:15,792][com.java.SeleniumDriver] [  821] - Test case being Executed: 6
[INFO ][2015-12-07 19:40:15,792][com.java.SeleniumDriver] [  832] - Test step:54
[INFO ][2015-12-07 19:40:15,792][com.java.SeleniumDriver] [  844] - Datavalue is----------HMVCurrentProject
[INFO ][2015-12-07 19:40:15,792][com.java.SeleniumDriver] [  868] - DataField : COBddlProjects
[INFO ][2015-12-07 19:40:15,792][com.java.SeleniumDriver] [  870] - DataValue : HMVCurrentProject
[INFO ][2015-12-07 19:40:15,792][com.java.SeleniumDriver] [  876] - <In Set values of the page>
[INFO ][2015-12-07 19:40:15,792][com.java.SeleniumDriver] [  879] - {Data Fields & Data Values Exist}
[INFO ][2015-12-07 19:40:15,792][com.java.SeleniumDriver] [  881] - --------------------------setting values-----------------------------
[INFO ][2015-12-07 19:40:15,792][com.java.SeleniumDriver] [  884] - Action Type : SELECT
[INFO ][2015-12-07 19:40:15,792][com.java.TestType] [ 5430] - value = Dallas User Group
[INFO ][2015-12-07 19:40:16,882][com.java.TestType] [ 5548] -  In COB ddlProjects : Dallas User Group
[DEBUG][2015-12-07 19:40:17,963][com.java.TestType] [ 5573] - Java Script : javascript:var s = document.getElementById('ddlProjects');for (i = 0; i< s.options.length; i++){   if (s.options[i].text.trim().toUpperCase() == 'DALLAS USER GROUP'){      s.options[i].selected = true;      s.click();      break;   }}
[INFO ][2015-12-07 19:40:19,973][com.java.SeleniumDriver] [  893] -  RESULT true
[INFO ][2015-12-07 19:40:19,973][com.java.SeleniumDriver] [ 1099] - ?   P A S S   ?
[INFO ][2015-12-07 19:40:19,973][com.java.SeleniumDriver] [  820] - ------------------------------------------
[INFO ][2015-12-07 19:40:19,973][com.java.SeleniumDriver] [  821] - Test case being Executed: 6
[INFO ][2015-12-07 19:40:19,973][com.java.SeleniumDriver] [  832] - Test step:55
[INFO ][2015-12-07 19:40:19,973][com.java.SeleniumDriver] [  844] - Datavalue is----------null
[DEBUG][2015-12-07 19:40:19,973][com.java.SeleniumDriver] [  862] - Exception: null
[INFO ][2015-12-07 19:40:19,973][com.java.SeleniumDriver] [  868] - DataField : HDNbtnOpenProject
[INFO ][2015-12-07 19:40:19,973][com.java.SeleniumDriver] [  870] - DataValue : 
[INFO ][2015-12-07 19:40:19,973][com.java.SeleniumDriver] [  876] - <In Set values of the page>
[INFO ][2015-12-07 19:40:19,973][com.java.SeleniumDriver] [  879] - {Data Fields & Data Values Exist}
[INFO ][2015-12-07 19:40:19,973][com.java.SeleniumDriver] [  881] - --------------------------setting values-----------------------------
[INFO ][2015-12-07 19:40:19,973][com.java.SeleniumDriver] [  884] - Action Type : CLICK
[INFO ][2015-12-07 19:40:19,973][com.java.TestType] [ 5758] - Field ::HDNbtnOpenProject
[INFO ][2015-12-07 19:40:22,565][com.java.SeleniumDriver] [  893] -  RESULT true
[INFO ][2015-12-07 19:40:22,565][com.java.SeleniumDriver] [ 1099] - ?   P A S S   ?
[INFO ][2015-12-07 19:40:22,565][com.java.SeleniumDriver] [  820] - ------------------------------------------
[INFO ][2015-12-07 19:40:22,565][com.java.SeleniumDriver] [  821] - Test case being Executed: 6
[INFO ][2015-12-07 19:40:22,565][com.java.SeleniumDriver] [  832] - Test step:56
[INFO ][2015-12-07 19:40:22,565][com.java.SeleniumDriver] [  844] - Datavalue is----------null
[DEBUG][2015-12-07 19:40:22,565][com.java.SeleniumDriver] [  862] - Exception: null
[INFO ][2015-12-07 19:40:22,565][com.java.SeleniumDriver] [  868] - DataField : BTNParent
[INFO ][2015-12-07 19:40:22,565][com.java.SeleniumDriver] [  870] - DataValue : 
[INFO ][2015-12-07 19:40:22,565][com.java.SeleniumDriver] [  876] - <In Set values of the page>
[INFO ][2015-12-07 19:40:22,565][com.java.SeleniumDriver] [  879] - {Data Fields & Data Values Exist}
[INFO ][2015-12-07 19:40:22,565][com.java.SeleniumDriver] [  881] - --------------------------setting values-----------------------------
[INFO ][2015-12-07 19:40:22,565][com.java.SeleniumDriver] [  884] - Action Type : SELECTFRAME
[INFO ][2015-12-07 19:40:22,585][com.java.SeleniumDriver] [  893] -  RESULT true
[INFO ][2015-12-07 19:40:22,585][com.java.SeleniumDriver] [ 1099] - ?   P A S S   ?
[INFO ][2015-12-07 19:40:22,585][com.java.SeleniumDriver] [  820] - ------------------------------------------
[INFO ][2015-12-07 19:40:22,585][com.java.SeleniumDriver] [  821] - Test case being Executed: 6
[INFO ][2015-12-07 19:40:22,585][com.java.SeleniumDriver] [  832] - Test step:57
[INFO ][2015-12-07 19:40:22,585][com.java.SeleniumDriver] [  844] - Datavalue is----------5
[INFO ][2015-12-07 19:40:22,585][com.java.SeleniumDriver] [  868] - DataField : null
[INFO ][2015-12-07 19:40:22,585][com.java.SeleniumDriver] [  870] - DataValue : 5
[INFO ][2015-12-07 19:40:22,585][com.java.SeleniumDriver] [  876] - <In Set values of the page>
[INFO ][2015-12-07 19:40:22,585][com.java.SeleniumDriver] [  879] - {Data Fields & Data Values Exist}
[INFO ][2015-12-07 19:40:22,585][com.java.SeleniumDriver] [  881] - --------------------------setting values-----------------------------
[INFO ][2015-12-07 19:40:22,585][com.java.SeleniumDriver] [  884] - Action Type : Waittime
[DEBUG][2015-12-07 19:40:22,585][com.java.TestType] [ 5250] - sleepTime: 5000
[INFO ][2015-12-07 19:40:27,584][com.java.SeleniumDriver] [  893] -  RESULT true
[INFO ][2015-12-07 19:40:27,584][com.java.SeleniumDriver] [ 1099] - ?   P A S S   ?
[INFO ][2015-12-07 19:40:27,584][com.java.SeleniumDriver] [  820] - ------------------------------------------
[INFO ][2015-12-07 19:40:27,584][com.java.SeleniumDriver] [  821] - Test case being Executed: 6
[INFO ][2015-12-07 19:40:27,584][com.java.SeleniumDriver] [  832] - Test step:58
[INFO ][2015-12-07 19:40:27,584][com.java.SeleniumDriver] [  844] - Datavalue is----------10
[INFO ][2015-12-07 19:40:27,584][com.java.SeleniumDriver] [  868] - DataField : DSPFile
[INFO ][2015-12-07 19:40:27,584][com.java.SeleniumDriver] [  870] - DataValue : 10
[INFO ][2015-12-07 19:40:27,584][com.java.SeleniumDriver] [  876] - <In Set values of the page>
[INFO ][2015-12-07 19:40:27,584][com.java.SeleniumDriver] [  879] - {Data Fields & Data Values Exist}
[INFO ][2015-12-07 19:40:27,584][com.java.SeleniumDriver] [  881] - --------------------------setting values-----------------------------
[INFO ][2015-12-07 19:40:27,584][com.java.SeleniumDriver] [  884] - Action Type : WAITFORELEMENT
[INFO ][2015-12-07 19:40:27,705][com.java.SeleniumDriver] [  893] -  RESULT true
[INFO ][2015-12-07 19:40:27,705][com.java.SeleniumDriver] [ 1099] - ?   P A S S   ?
[INFO ][2015-12-07 19:40:27,705][com.java.SeleniumDriver] [  820] - ------------------------------------------
[INFO ][2015-12-07 19:40:27,705][com.java.SeleniumDriver] [  821] - Test case being Executed: 6
[INFO ][2015-12-07 19:40:27,705][com.java.SeleniumDriver] [  832] - Test step:59
[INFO ][2015-12-07 19:40:27,705][com.java.SeleniumDriver] [  844] - Datavalue is----------null
[DEBUG][2015-12-07 19:40:27,705][com.java.SeleniumDriver] [  862] - Exception: null
[INFO ][2015-12-07 19:40:27,705][com.java.SeleniumDriver] [  868] - DataField : HDNmenuTools
[INFO ][2015-12-07 19:40:27,705][com.java.SeleniumDriver] [  870] - DataValue : 
[INFO ][2015-12-07 19:40:27,705][com.java.SeleniumDriver] [  876] - <In Set values of the page>
[INFO ][2015-12-07 19:40:27,705][com.java.SeleniumDriver] [  879] - {Data Fields & Data Values Exist}
[INFO ][2015-12-07 19:40:27,705][com.java.SeleniumDriver] [  881] - --------------------------setting values-----------------------------
[INFO ][2015-12-07 19:40:27,705][com.java.SeleniumDriver] [  884] - Action Type : CLICK
[INFO ][2015-12-07 19:40:27,705][com.java.TestType] [ 5758] - Field ::HDNmenuTools
[INFO ][2015-12-07 19:40:29,845][com.java.SeleniumDriver] [  893] -  RESULT true
[INFO ][2015-12-07 19:40:29,845][com.java.SeleniumDriver] [ 1099] - ?   P A S S   ?
[INFO ][2015-12-07 19:40:29,845][com.java.SeleniumDriver] [  820] - ------------------------------------------
[INFO ][2015-12-07 19:40:29,845][com.java.SeleniumDriver] [  821] - Test case being Executed: 6
[INFO ][2015-12-07 19:40:29,845][com.java.SeleniumDriver] [  832] - Test step:60
[INFO ][2015-12-07 19:40:29,845][com.java.SeleniumDriver] [  844] - Datavalue is----------2
[INFO ][2015-12-07 19:40:29,845][com.java.SeleniumDriver] [  868] - DataField : DSPmenuProjectOptions
[INFO ][2015-12-07 19:40:29,845][com.java.SeleniumDriver] [  870] - DataValue : 2
[INFO ][2015-12-07 19:40:29,845][com.java.SeleniumDriver] [  876] - <In Set values of the page>
[INFO ][2015-12-07 19:40:29,845][com.java.SeleniumDriver] [  879] - {Data Fields & Data Values Exist}
[INFO ][2015-12-07 19:40:29,845][com.java.SeleniumDriver] [  881] - --------------------------setting values-----------------------------
[INFO ][2015-12-07 19:40:29,845][com.java.SeleniumDriver] [  884] - Action Type : WAITFORELEMENT
[INFO ][2015-12-07 19:40:31,049][com.java.SeleniumDriver] [  893] -  RESULT true
[INFO ][2015-12-07 19:40:31,049][com.java.SeleniumDriver] [ 1099] - ?   P A S S   ?
[INFO ][2015-12-07 19:40:31,049][com.java.SeleniumDriver] [  820] - ------------------------------------------
[INFO ][2015-12-07 19:40:31,049][com.java.SeleniumDriver] [  821] - Test case being Executed: 6
[INFO ][2015-12-07 19:40:31,049][com.java.SeleniumDriver] [  832] - Test step:61
[INFO ][2015-12-07 19:40:31,049][com.java.SeleniumDriver] [  844] - Datavalue is----------null
[DEBUG][2015-12-07 19:40:31,049][com.java.SeleniumDriver] [  862] - Exception: null
[INFO ][2015-12-07 19:40:31,049][com.java.SeleniumDriver] [  868] - DataField : BTNmenuProjectOptions
[INFO ][2015-12-07 19:40:31,049][com.java.SeleniumDriver] [  870] - DataValue : 
[INFO ][2015-12-07 19:40:31,049][com.java.SeleniumDriver] [  876] - <In Set values of the page>
[INFO ][2015-12-07 19:40:31,049][com.java.SeleniumDriver] [  879] - {Data Fields & Data Values Exist}
[INFO ][2015-12-07 19:40:31,049][com.java.SeleniumDriver] [  881] - --------------------------setting values-----------------------------
[INFO ][2015-12-07 19:40:31,049][com.java.SeleniumDriver] [  884] - Action Type : CLICK
[INFO ][2015-12-07 19:40:31,049][com.java.TestType] [ 5758] - Field ::BTNmenuProjectOptions
[INFO ][2015-12-07 19:40:32,049][com.java.TestType] [ 5831] - BEFORE CLICK
[INFO ][2015-12-07 19:40:34,732][com.java.TestType] [ 5838] - Unable to click the object ProjectOptions
[INFO ][2015-12-07 19:40:34,732][com.java.SeleniumDriver] [  893] -  RESULT true
[INFO ][2015-12-07 19:40:34,732][com.java.SeleniumDriver] [ 1099] - ?   P A S S   ?
[INFO ][2015-12-07 19:40:34,732][com.java.SeleniumDriver] [  820] - ------------------------------------------
[INFO ][2015-12-07 19:40:34,732][com.java.SeleniumDriver] [  821] - Test case being Executed: 6
[INFO ][2015-12-07 19:40:34,732][com.java.SeleniumDriver] [  832] - Test step:62
[INFO ][2015-12-07 19:40:34,732][com.java.SeleniumDriver] [  844] - Datavalue is----------null
[DEBUG][2015-12-07 19:40:34,732][com.java.SeleniumDriver] [  862] - Exception: null
[INFO ][2015-12-07 19:40:34,732][com.java.SeleniumDriver] [  868] - DataField : BTNframeDialogContent
[INFO ][2015-12-07 19:40:34,732][com.java.SeleniumDriver] [  870] - DataValue : 
[INFO ][2015-12-07 19:40:34,732][com.java.SeleniumDriver] [  876] - <In Set values of the page>
[INFO ][2015-12-07 19:40:34,732][com.java.SeleniumDriver] [  879] - {Data Fields & Data Values Exist}
[INFO ][2015-12-07 19:40:34,732][com.java.SeleniumDriver] [  881] - --------------------------setting values-----------------------------
[INFO ][2015-12-07 19:40:34,732][com.java.SeleniumDriver] [  884] - Action Type : SELECTFRAME
[INFO ][2015-12-07 19:40:35,853][com.java.SeleniumDriver] [  893] -  RESULT true
[INFO ][2015-12-07 19:40:35,853][com.java.SeleniumDriver] [ 1099] - ?   P A S S   ?
[INFO ][2015-12-07 19:40:35,853][com.java.SeleniumDriver] [  820] - ------------------------------------------
[INFO ][2015-12-07 19:40:35,853][com.java.SeleniumDriver] [  821] - Test case being Executed: 6
[INFO ][2015-12-07 19:40:35,853][com.java.SeleniumDriver] [  832] - Test step:63
[INFO ][2015-12-07 19:40:35,853][com.java.SeleniumDriver] [  844] - Datavalue is----------2
[INFO ][2015-12-07 19:40:35,853][com.java.SeleniumDriver] [  868] - DataField : DSP//li[text()='Project History']
[INFO ][2015-12-07 19:40:35,853][com.java.SeleniumDriver] [  870] - DataValue : 2
[INFO ][2015-12-07 19:40:35,853][com.java.SeleniumDriver] [  876] - <In Set values of the page>
[INFO ][2015-12-07 19:40:35,853][com.java.SeleniumDriver] [  879] - {Data Fields & Data Values Exist}
[INFO ][2015-12-07 19:40:35,853][com.java.SeleniumDriver] [  881] - --------------------------setting values-----------------------------
[INFO ][2015-12-07 19:40:35,853][com.java.SeleniumDriver] [  884] - Action Type : WAITFORELEMENT
[INFO ][2015-12-07 19:40:35,923][com.java.SeleniumDriver] [  893] -  RESULT true
[INFO ][2015-12-07 19:40:35,923][com.java.SeleniumDriver] [ 1099] - ?   P A S S   ?
[INFO ][2015-12-07 19:40:35,923][com.java.SeleniumDriver] [  820] - ------------------------------------------
[INFO ][2015-12-07 19:40:35,923][com.java.SeleniumDriver] [  821] - Test case being Executed: 6
[INFO ][2015-12-07 19:40:35,923][com.java.SeleniumDriver] [  832] - Test step:64
[INFO ][2015-12-07 19:40:35,923][com.java.SeleniumDriver] [  844] - Datavalue is----------null
[DEBUG][2015-12-07 19:40:35,923][com.java.SeleniumDriver] [  862] - Exception: null
[INFO ][2015-12-07 19:40:35,923][com.java.SeleniumDriver] [  868] - DataField : XPH//li[text()='Project History']
[INFO ][2015-12-07 19:40:35,923][com.java.SeleniumDriver] [  870] - DataValue : 
[INFO ][2015-12-07 19:40:35,923][com.java.SeleniumDriver] [  876] - <In Set values of the page>
[INFO ][2015-12-07 19:40:35,923][com.java.SeleniumDriver] [  879] - {Data Fields & Data Values Exist}
[INFO ][2015-12-07 19:40:35,923][com.java.SeleniumDriver] [  881] - --------------------------setting values-----------------------------
[INFO ][2015-12-07 19:40:35,923][com.java.SeleniumDriver] [  884] - Action Type : CLICK
[INFO ][2015-12-07 19:40:35,923][com.java.TestType] [ 5758] - Field ::XPH//li[text()='Project History']
[INFO ][2015-12-07 19:40:36,923][com.java.TestType] [ 5852] - BEFORE CLICK
[INFO ][2015-12-07 19:40:37,633][com.java.TestType] [ 5860] - Unable to click the object ProjectHistory
[INFO ][2015-12-07 19:40:37,633][com.java.SeleniumDriver] [  893] -  RESULT true
[INFO ][2015-12-07 19:40:37,633][com.java.SeleniumDriver] [ 1099] - ?   P A S S   ?
[INFO ][2015-12-07 19:40:37,633][com.java.SeleniumDriver] [  820] - ------------------------------------------
[INFO ][2015-12-07 19:40:37,633][com.java.SeleniumDriver] [  821] - Test case being Executed: 6
[INFO ][2015-12-07 19:40:37,633][com.java.SeleniumDriver] [  832] - Test step:65
[INFO ][2015-12-07 19:40:37,633][com.java.SeleniumDriver] [  844] - Datavalue is----------null
[DEBUG][2015-12-07 19:40:37,633][com.java.SeleniumDriver] [  862] - Exception: null
[INFO ][2015-12-07 19:40:37,633][com.java.SeleniumDriver] [  868] - DataField : //table[@id='tblProjectHistorySync']/tbody/tr[1]/td[2]
[INFO ][2015-12-07 19:40:37,633][com.java.SeleniumDriver] [  870] - DataValue : 
[INFO ][2015-12-07 19:40:37,633][com.java.SeleniumDriver] [  876] - <In Set values of the page>
[INFO ][2015-12-07 19:40:37,633][com.java.SeleniumDriver] [  879] - {Data Fields & Data Values Exist}
[INFO ][2015-12-07 19:40:37,633][com.java.SeleniumDriver] [  881] - --------------------------setting values-----------------------------
[INFO ][2015-12-07 19:40:37,633][com.java.SeleniumDriver] [  884] - Action Type : GETTABLESIZEAFTER
[INFO ][2015-12-07 19:40:37,694][com.java.SeleniumDriver] [  893] -  RESULT true
[INFO ][2015-12-07 19:40:37,694][com.java.SeleniumDriver] [ 1099] - ?   P A S S   ?
[INFO ][2015-12-07 19:40:37,694][com.java.SeleniumDriver] [  820] - ------------------------------------------
[INFO ][2015-12-07 19:40:37,694][com.java.SeleniumDriver] [  821] - Test case being Executed: 6
[INFO ][2015-12-07 19:40:37,694][com.java.SeleniumDriver] [  832] - Test step:66
[INFO ][2015-12-07 19:40:37,694][com.java.SeleniumDriver] [  844] - Datavalue is----------null
[DEBUG][2015-12-07 19:40:37,694][com.java.SeleniumDriver] [  862] - Exception: null
[INFO ][2015-12-07 19:40:37,694][com.java.SeleniumDriver] [  868] - DataField : BTNParent
[INFO ][2015-12-07 19:40:37,694][com.java.SeleniumDriver] [  870] - DataValue : 
[INFO ][2015-12-07 19:40:37,694][com.java.SeleniumDriver] [  876] - <In Set values of the page>
[INFO ][2015-12-07 19:40:37,694][com.java.SeleniumDriver] [  879] - {Data Fields & Data Values Exist}
[INFO ][2015-12-07 19:40:37,694][com.java.SeleniumDriver] [  881] - --------------------------setting values-----------------------------
[INFO ][2015-12-07 19:40:37,694][com.java.SeleniumDriver] [  884] - Action Type : SELECTFRAME
[INFO ][2015-12-07 19:40:37,704][com.java.SeleniumDriver] [  893] -  RESULT true
[INFO ][2015-12-07 19:40:37,704][com.java.SeleniumDriver] [ 1099] - ?   P A S S   ?
[INFO ][2015-12-07 19:40:37,704][com.java.SeleniumDriver] [  820] - ------------------------------------------
[INFO ][2015-12-07 19:40:37,704][com.java.SeleniumDriver] [  821] - Test case being Executed: 6
[INFO ][2015-12-07 19:40:37,704][com.java.SeleniumDriver] [  832] - Test step:67
[INFO ][2015-12-07 19:40:37,704][com.java.SeleniumDriver] [  844] - Datavalue is----------Forecasting 
[INFO ][2015-12-07 19:40:37,704][com.java.SeleniumDriver] [  868] - DataField : TTL
[INFO ][2015-12-07 19:40:37,704][com.java.SeleniumDriver] [  870] - DataValue : Forecasting 
[INFO ][2015-12-07 19:40:37,704][com.java.SeleniumDriver] [  876] - <In Set values of the page>
[INFO ][2015-12-07 19:40:37,704][com.java.SeleniumDriver] [  879] - {Data Fields & Data Values Exist}
[INFO ][2015-12-07 19:40:37,704][com.java.SeleniumDriver] [  881] - --------------------------setting values-----------------------------
[INFO ][2015-12-07 19:40:37,704][com.java.SeleniumDriver] [  884] - Action Type : CLOSEWINDOW
[INFO ][2015-12-07 19:40:37,994][com.java.SeleniumDriver] [  893] -  RESULT true
[INFO ][2015-12-07 19:40:37,994][com.java.SeleniumDriver] [ 1099] - ?   P A S S   ?
[INFO ][2015-12-07 19:40:37,994][com.java.SeleniumDriver] [  820] - ------------------------------------------
[INFO ][2015-12-07 19:40:37,994][com.java.SeleniumDriver] [  821] - Test case being Executed: 6
[INFO ][2015-12-07 19:40:37,994][com.java.SeleniumDriver] [  832] - Test step:68
[INFO ][2015-12-07 19:40:37,994][com.java.SeleniumDriver] [  844] - Datavalue is----------Banker'sDashboard
[INFO ][2015-12-07 19:40:37,994][com.java.SeleniumDriver] [  868] - DataField : TTL
[INFO ][2015-12-07 19:40:37,994][com.java.SeleniumDriver] [  870] - DataValue : Banker'sDashboard
[INFO ][2015-12-07 19:40:37,994][com.java.SeleniumDriver] [  876] - <In Set values of the page>
[INFO ][2015-12-07 19:40:37,994][com.java.SeleniumDriver] [  879] - {Data Fields & Data Values Exist}
[INFO ][2015-12-07 19:40:37,994][com.java.SeleniumDriver] [  881] - --------------------------setting values-----------------------------
[INFO ][2015-12-07 19:40:37,994][com.java.SeleniumDriver] [  884] - Action Type : SelectWindow
[INFO ][2015-12-07 19:40:50,426][com.java.SeleniumDriver] [  893] -  RESULT true
[INFO ][2015-12-07 19:40:50,426][com.java.SeleniumDriver] [ 1099] - ?   P A S S   ?
[INFO ][2015-12-07 19:40:50,426][com.java.SeleniumDriver] [  820] - ------------------------------------------
[INFO ][2015-12-07 19:40:50,426][com.java.SeleniumDriver] [  821] - Test case being Executed: 6
[INFO ][2015-12-07 19:40:50,426][com.java.SeleniumDriver] [  832] - Test step:69
[INFO ][2015-12-07 19:40:50,426][com.java.SeleniumDriver] [  844] - Datavalue is----------1
[INFO ][2015-12-07 19:40:50,426][com.java.SeleniumDriver] [  868] - DataField : null
[INFO ][2015-12-07 19:40:50,426][com.java.SeleniumDriver] [  870] - DataValue : 1
[INFO ][2015-12-07 19:40:50,426][com.java.SeleniumDriver] [  876] - <In Set values of the page>
[INFO ][2015-12-07 19:40:50,426][com.java.SeleniumDriver] [  879] - {Data Fields & Data Values Exist}
[INFO ][2015-12-07 19:40:50,426][com.java.SeleniumDriver] [  881] - --------------------------setting values-----------------------------
[INFO ][2015-12-07 19:40:50,426][com.java.SeleniumDriver] [  884] - Action Type : WAITTIME
[DEBUG][2015-12-07 19:40:50,426][com.java.TestType] [ 5250] - sleepTime: 1000
[INFO ][2015-12-07 19:40:51,426][com.java.SeleniumDriver] [  893] -  RESULT true
[INFO ][2015-12-07 19:40:51,426][com.java.SeleniumDriver] [ 1099] - ?   P A S S   ?
[DEBUG][2015-12-07 19:40:51,426][com.java.SeleniumDriver] [ 1211] - Case found
[DEBUG][2015-12-07 19:40:51,426][com.java.SeleniumDriver] [ 1216] - Incrementing ReportCounters[0]:2
[INFO ][2015-12-07 19:40:51,426][com.java.SeleniumDriver] [ 1235] - The results are-------------------[6, 1, Synchronize Historical, Pass, , Mon Dec 07 19:35:02 IST 2015, 6, 3, Synchronize Historical, Pass, , Mon Dec 07 19:35:07 IST 2015, 6, 4, Synchronize Historical, Pass, , Mon Dec 07 19:35:30 IST 2015, 6, 5, Synchronize Historical, Pass, , Mon Dec 07 19:35:35 IST 2015, 6, 6, Synchronize Historical, Pass, , Mon Dec 07 19:35:48 IST 2015, 6, 7, Synchronize Historical, Pass, , Mon Dec 07 19:35:49 IST 2015, 6, 8, Synchronize Historical, Pass, , Mon Dec 07 19:35:50 IST 2015, 6, 9, Synchronize Historical, Pass, , Mon Dec 07 19:35:51 IST 2015, 6, 10, Synchronize Historical, Pass, , Mon Dec 07 19:35:52 IST 2015, 6, 11, Synchronize Historical, Pass, , Mon Dec 07 19:35:56 IST 2015, 6, 12, Synchronize Historical, Pass, , Mon Dec 07 19:36:01 IST 2015, 6, 13, Synchronize Historical, Pass, , Mon Dec 07 19:36:01 IST 2015, 6, 14, Synchronize Historical, Pass, , Mon Dec 07 19:36:01 IST 2015, 6, 15, Synchronize Historical, Pass, , Mon Dec 07 19:36:11 IST 2015, 6, 16, Synchronize Historical, Pass, , Mon Dec 07 19:36:11 IST 2015, 6, 17, Synchronize Historical, Pass, , Mon Dec 07 19:36:13 IST 2015, 6, 18, Synchronize Historical, Pass, , Mon Dec 07 19:36:14 IST 2015, 6, 19, Synchronize Historical, Pass, , Mon Dec 07 19:36:16 IST 2015, 6, 20, Synchronize Historical, Pass, , Mon Dec 07 19:36:18 IST 2015, 6, 21, Synchronize Historical, Pass, , Mon Dec 07 19:36:18 IST 2015, 6, 22, Synchronize Historical, Pass, , Mon Dec 07 19:36:20 IST 2015, 6, 23, Synchronize Historical, Pass, , Mon Dec 07 19:36:21 IST 2015, 6, 24, Synchronize Historical, Pass, , Mon Dec 07 19:36:23 IST 2015, 6, 25, Synchronize Historical, Pass, , Mon Dec 07 19:36:25 IST 2015, 6, 26, Synchronize Historical, Pass, , Mon Dec 07 19:36:37 IST 2015, 6, 27, Synchronize Historical, Pass, , Mon Dec 07 19:36:37 IST 2015, 6, 28, Synchronize Historical, Pass, , Mon Dec 07 19:36:37 IST 2015, 6, 29, Synchronize Historical, Pass, , Mon Dec 07 19:36:38 IST 2015, 6, 30, Synchronize Historical, Pass, , Mon Dec 07 19:36:38 IST 2015, 6, 31, Synchronize Historical, Pass, , Mon Dec 07 19:36:40 IST 2015, 6, 32, Synchronize Historical, Pass, , Mon Dec 07 19:36:53 IST 2015, 6, 33, Synchronize Historical, Pass, , Mon Dec 07 19:36:58 IST 2015, 6, 34, Synchronize Historical, Pass, , Mon Dec 07 19:37:20 IST 2015, 6, 35, Synchronize Historical, Pass, , Mon Dec 07 19:37:25 IST 2015, 6, 36, Synchronize Historical, Pass, , Mon Dec 07 19:37:38 IST 2015, 6, 37, Synchronize Historical, Pass, , Mon Dec 07 19:37:39 IST 2015, 6, 38, Synchronize Historical, Pass, , Mon Dec 07 19:37:40 IST 2015, 6, 39, Synchronize Historical, Pass, , Mon Dec 07 19:37:41 IST 2015, 6, 40, Synchronize Historical, Pass, , Mon Dec 07 19:37:41 IST 2015, 6, 41, Synchronize Historical, Pass, , Mon Dec 07 19:37:42 IST 2015, 6, 42, Synchronize Historical, Pass, , Mon Dec 07 19:37:47 IST 2015, 6, 43, Synchronize Historical, Pass, , Mon Dec 07 19:37:59 IST 2015, 6, 44, Synchronize Historical, Pass, , Mon Dec 07 19:38:15 IST 2015, 6, 45, Synchronize Historical, Pass, , Mon Dec 07 19:39:08 IST 2015, 6, 46, Synchronize Historical, Pass, , Mon Dec 07 19:39:27 IST 2015, 6, 47, Synchronize Historical, Pass, , Mon Dec 07 19:39:32 IST 2015, 6, 48, Synchronize Historical, Pass, , Mon Dec 07 19:39:55 IST 2015, 6, 49, Synchronize Historical, Pass, , Mon Dec 07 19:40:00 IST 2015, 6, 50, Synchronize Historical, Pass, , Mon Dec 07 19:40:13 IST 2015, 6, 51, Synchronize Historical, Pass, , Mon Dec 07 19:40:13 IST 2015, 6, 52, Synchronize Historical, Pass, , Mon Dec 07 19:40:14 IST 2015, 6, 53, Synchronize Historical, Pass, , Mon Dec 07 19:40:15 IST 2015, 6, 54, Synchronize Historical, Pass, , Mon Dec 07 19:40:19 IST 2015, 6, 55, Synchronize Historical, Pass, , Mon Dec 07 19:40:22 IST 2015, 6, 56, Synchronize Historical, Pass, , Mon Dec 07 19:40:22 IST 2015, 6, 57, Synchronize Historical, Pass, , Mon Dec 07 19:40:27 IST 2015, 6, 58, Synchronize Historical, Pass, , Mon Dec 07 19:40:27 IST 2015, 6, 59, Synchronize Historical, Pass, , Mon Dec 07 19:40:29 IST 2015, 6, 60, Synchronize Historical, Pass, , Mon Dec 07 19:40:31 IST 2015, 6, 61, Synchronize Historical, Pass, , Mon Dec 07 19:40:34 IST 2015, 6, 62, Synchronize Historical, Pass, , Mon Dec 07 19:40:35 IST 2015, 6, 63, Synchronize Historical, Pass, , Mon Dec 07 19:40:35 IST 2015, 6, 64, Synchronize Historical, Pass, , Mon Dec 07 19:40:37 IST 2015, 6, 65, Synchronize Historical, Pass, , Mon Dec 07 19:40:37 IST 2015, 6, 66, Synchronize Historical, Pass, , Mon Dec 07 19:40:37 IST 2015, 6, 67, Synchronize Historical, Pass, , Mon Dec 07 19:40:37 IST 2015, 6, 68, Synchronize Historical, Pass, , Mon Dec 07 19:40:50 IST 2015, 6, 69, Synchronize Historical, Pass, , Mon Dec 07 19:40:51 IST 2015]
[INFO ][2015-12-07 19:40:51,426][com.java.SeleniumDriver] [ 1239] - End time is-------6 min 53 sec
[INFO ][2015-12-07 19:40:51,426][com.java.SeleniumDriver] [ 1240] - The results are-------------------[6, 1, Synchronize Historical, Pass, , Mon Dec 07 19:35:02 IST 2015, 6, 3, Synchronize Historical, Pass, , Mon Dec 07 19:35:07 IST 2015, 6, 4, Synchronize Historical, Pass, , Mon Dec 07 19:35:30 IST 2015, 6, 5, Synchronize Historical, Pass, , Mon Dec 07 19:35:35 IST 2015, 6, 6, Synchronize Historical, Pass, , Mon Dec 07 19:35:48 IST 2015, 6, 7, Synchronize Historical, Pass, , Mon Dec 07 19:35:49 IST 2015, 6, 8, Synchronize Historical, Pass, , Mon Dec 07 19:35:50 IST 2015, 6, 9, Synchronize Historical, Pass, , Mon Dec 07 19:35:51 IST 2015, 6, 10, Synchronize Historical, Pass, , Mon Dec 07 19:35:52 IST 2015, 6, 11, Synchronize Historical, Pass, , Mon Dec 07 19:35:56 IST 2015, 6, 12, Synchronize Historical, Pass, , Mon Dec 07 19:36:01 IST 2015, 6, 13, Synchronize Historical, Pass, , Mon Dec 07 19:36:01 IST 2015, 6, 14, Synchronize Historical, Pass, , Mon Dec 07 19:36:01 IST 2015, 6, 15, Synchronize Historical, Pass, , Mon Dec 07 19:36:11 IST 2015, 6, 16, Synchronize Historical, Pass, , Mon Dec 07 19:36:11 IST 2015, 6, 17, Synchronize Historical, Pass, , Mon Dec 07 19:36:13 IST 2015, 6, 18, Synchronize Historical, Pass, , Mon Dec 07 19:36:14 IST 2015, 6, 19, Synchronize Historical, Pass, , Mon Dec 07 19:36:16 IST 2015, 6, 20, Synchronize Historical, Pass, , Mon Dec 07 19:36:18 IST 2015, 6, 21, Synchronize Historical, Pass, , Mon Dec 07 19:36:18 IST 2015, 6, 22, Synchronize Historical, Pass, , Mon Dec 07 19:36:20 IST 2015, 6, 23, Synchronize Historical, Pass, , Mon Dec 07 19:36:21 IST 2015, 6, 24, Synchronize Historical, Pass, , Mon Dec 07 19:36:23 IST 2015, 6, 25, Synchronize Historical, Pass, , Mon Dec 07 19:36:25 IST 2015, 6, 26, Synchronize Historical, Pass, , Mon Dec 07 19:36:37 IST 2015, 6, 27, Synchronize Historical, Pass, , Mon Dec 07 19:36:37 IST 2015, 6, 28, Synchronize Historical, Pass, , Mon Dec 07 19:36:37 IST 2015, 6, 29, Synchronize Historical, Pass, , Mon Dec 07 19:36:38 IST 2015, 6, 30, Synchronize Historical, Pass, , Mon Dec 07 19:36:38 IST 2015, 6, 31, Synchronize Historical, Pass, , Mon Dec 07 19:36:40 IST 2015, 6, 32, Synchronize Historical, Pass, , Mon Dec 07 19:36:53 IST 2015, 6, 33, Synchronize Historical, Pass, , Mon Dec 07 19:36:58 IST 2015, 6, 34, Synchronize Historical, Pass, , Mon Dec 07 19:37:20 IST 2015, 6, 35, Synchronize Historical, Pass, , Mon Dec 07 19:37:25 IST 2015, 6, 36, Synchronize Historical, Pass, , Mon Dec 07 19:37:38 IST 2015, 6, 37, Synchronize Historical, Pass, , Mon Dec 07 19:37:39 IST 2015, 6, 38, Synchronize Historical, Pass, , Mon Dec 07 19:37:40 IST 2015, 6, 39, Synchronize Historical, Pass, , Mon Dec 07 19:37:41 IST 2015, 6, 40, Synchronize Historical, Pass, , Mon Dec 07 19:37:41 IST 2015, 6, 41, Synchronize Historical, Pass, , Mon Dec 07 19:37:42 IST 2015, 6, 42, Synchronize Historical, Pass, , Mon Dec 07 19:37:47 IST 2015, 6, 43, Synchronize Historical, Pass, , Mon Dec 07 19:37:59 IST 2015, 6, 44, Synchronize Historical, Pass, , Mon Dec 07 19:38:15 IST 2015, 6, 45, Synchronize Historical, Pass, , Mon Dec 07 19:39:08 IST 2015, 6, 46, Synchronize Historical, Pass, , Mon Dec 07 19:39:27 IST 2015, 6, 47, Synchronize Historical, Pass, , Mon Dec 07 19:39:32 IST 2015, 6, 48, Synchronize Historical, Pass, , Mon Dec 07 19:39:55 IST 2015, 6, 49, Synchronize Historical, Pass, , Mon Dec 07 19:40:00 IST 2015, 6, 50, Synchronize Historical, Pass, , Mon Dec 07 19:40:13 IST 2015, 6, 51, Synchronize Historical, Pass, , Mon Dec 07 19:40:13 IST 2015, 6, 52, Synchronize Historical, Pass, , Mon Dec 07 19:40:14 IST 2015, 6, 53, Synchronize Historical, Pass, , Mon Dec 07 19:40:15 IST 2015, 6, 54, Synchronize Historical, Pass, , Mon Dec 07 19:40:19 IST 2015, 6, 55, Synchronize Historical, Pass, , Mon Dec 07 19:40:22 IST 2015, 6, 56, Synchronize Historical, Pass, , Mon Dec 07 19:40:22 IST 2015, 6, 57, Synchronize Historical, Pass, , Mon Dec 07 19:40:27 IST 2015, 6, 58, Synchronize Historical, Pass, , Mon Dec 07 19:40:27 IST 2015, 6, 59, Synchronize Historical, Pass, , Mon Dec 07 19:40:29 IST 2015, 6, 60, Synchronize Historical, Pass, , Mon Dec 07 19:40:31 IST 2015, 6, 61, Synchronize Historical, Pass, , Mon Dec 07 19:40:34 IST 2015, 6, 62, Synchronize Historical, Pass, , Mon Dec 07 19:40:35 IST 2015, 6, 63, Synchronize Historical, Pass, , Mon Dec 07 19:40:35 IST 2015, 6, 64, Synchronize Historical, Pass, , Mon Dec 07 19:40:37 IST 2015, 6, 65, Synchronize Historical, Pass, , Mon Dec 07 19:40:37 IST 2015, 6, 66, Synchronize Historical, Pass, , Mon Dec 07 19:40:37 IST 2015, 6, 67, Synchronize Historical, Pass, , Mon Dec 07 19:40:37 IST 2015, 6, 68, Synchronize Historical, Pass, , Mon Dec 07 19:40:50 IST 2015, 6, 69, Synchronize Historical, Pass, , Mon Dec 07 19:40:51 IST 2015]
[DEBUG][2015-12-07 19:40:51,426][com.java.ImportnExport.ExportTestResultsExcel] [  222] - testResultPath = D:\BankersDashboard/TestReports/Test Results_BankersDashBoard_120715_193400_IE10_Any Bank USA.xls
[DEBUG][2015-12-07 19:40:51,426][com.java.ImportnExport.ExportTestResultsExcel] [  223] - browser is------------IE10
[DEBUG][2015-12-07 19:40:51,426][com.java.ImportnExport.ExportTestResultsExcel] [  270] - result.size() = 408
[DEBUG][2015-12-07 19:40:51,426][com.java.ImportnExport.ExportTestResultsExcel] [  274] - No of rows in sheet=2
[DEBUG][2015-12-07 19:40:51,426][com.java.ImportnExport.ExportTestResultsExcel] [  301] - ..in export..6
[DEBUG][2015-12-07 19:40:51,426][com.java.ImportnExport.ExportTestResultsExcel] [  301] - ..in export..Synchronize Historical
[DEBUG][2015-12-07 19:40:51,426][com.java.ImportnExport.ExportTestResultsExcel] [  301] - ..in export..Pass
[DEBUG][2015-12-07 19:40:51,426][com.java.ImportnExport.ExportTestResultsExcel] [  301] - ..in export..
[DEBUG][2015-12-07 19:40:51,426][com.java.ImportnExport.ExportTestResultsExcel] [  301] - ..in export..Mon Dec 07 19:35:02 IST 2015
[INFO ][2015-12-07 19:40:51,426][com.java.SeleniumDriver] [ 1298] - out loop:1 size:2 TestCases:[1, 6] testcases:[1, 6]
[INFO ][2015-12-07 19:40:53,427][com.java.SeleniumDriver] [ 1341] - Total Number of Cases:2
[INFO ][2015-12-07 19:40:53,427][com.java.TemplateGenerator] [  302] - Executed:2
[INFO ][2015-12-07 19:40:53,427][com.java.TemplateGenerator] [  303] - Passed:1
[INFO ][2015-12-07 19:40:53,427][com.java.TemplateGenerator] [  304] - Failed:1
[INFO ][2015-12-07 19:40:53,427][com.java.TemplateGenerator] [  305] - Skipeed:0
[INFO ][2015-12-07 19:40:53,427][com.java.TemplateGenerator] [  306] - Application URL:https://clients-xuat.bankersdashboard.com
[INFO ][2015-12-07 19:40:53,427][com.java.TemplateGenerator] [  307] - Start Time:120715_193400
[INFO ][2015-12-07 19:40:53,427][com.java.TemplateGenerator] [  308] -  Creating HTML Report 
[ERROR][2015-12-07 19:40:53,427][com.java.TemplateGenerator] [  409] - Unparseable date: "Mon Dec 07 07:34:00 IST 2015"
[INFO ][2015-12-07 19:40:53,427][com.java.TemplateGenerator] [  654] -  Exporting case :: 1
[INFO ][2015-12-07 19:40:53,427][com.java.TemplateGenerator] [  654] -  Exporting case :: 6
[INFO ][2015-12-07 19:40:53,428][com.java.SeleniumDriver] [ 1390] - End Time:120715_194053
[INFO ][2015-12-07 19:40:53,428][com.java.SeleniumDriver] [ 1393] - Data in Test Execution Details:{1=FAILTest case failed at Step No. :: 1   Error Message ::  In CONCEPT: Test case failed at Step No. :: 5, 6=PASS}
[INFO ][2015-12-07 19:40:53,428][com.java.SeleniumDriver] [ 1394] - Data in Failed Execution Deatils:{}
[INFO ][2015-12-07 19:40:53,428][com.java.SeleniumDriver] [ 1396] - ReportCounter:Total:2 :: PASS: 1 ::FAIL: 1
[INFO ][2015-12-07 19:40:53,428][com.java.SeleniumDriver] [ 1397] - FailedReportCounter:Total:0 :: PASS: 0 ::FAIL: 0
[INFO ][2015-12-07 19:40:53,428][com.java.EmailTestReport] [   63] - Sending report mail details:
[INFO ][2015-12-07 19:40:53,428][com.java.EmailTestReport] [   80] - Excel Report Path:D:\BankersDashboard/TestReports/Test Results_BankersDashBoard_120715_193400_IE10_Any Bank USA.xls
[INFO ][2015-12-07 19:40:53,428][com.java.EmailTestReport] [   81] - HTML Report Path:D:\BankersDashboard//TestReports//Test Results_BankersDashBoard_120715_193400_IE10_Any Bank USA.html
[INFO ][2015-12-07 19:40:53,428][com.java.EmailTestReport] [   82] - smtpHostName:mail01.valuelabs.com
[INFO ][2015-12-07 19:40:53,428][com.java.EmailTestReport] [   83] - Recipient:venkateswararao.gubbala@valuelabs.com;
[INFO ][2015-12-07 19:40:53,428][com.java.EmailTestReport] [   84] - From:venkateswararao.gubbala@valuelabs.com;
[INFO ][2015-12-07 19:40:53,428][com.java.EmailTestReport] [   85] - Subject:Deluxe Corp Bankers Dashboard Automation Test Report - Any Bank USA - IE10
[INFO ][2015-12-07 19:40:53,458][com.java.EmailTestReport] [  143] -  Added venkateswararao.gubbala@valuelabs.com
[INFO ][2015-12-07 19:40:56,577][com.java.SeleniumDriver] [  720] - quitting the browser 
[INFO ][2015-12-07 19:40:57,707][com.java.SeleniumDriver] [  264] - Execution Completed Stopping the thread
